<?xml version="1.0" encoding="UTF-8"?>
<testsuite name="de.uka.ilkd.key.proof.runallproofs.RunAllProofsFunctional" tests="34" skipped="0" failures="3" errors="0" timestamp="2023-06-05T12:58:55" hostname="fv-az398-917" time="5322.523">
  <properties/>
  <testcase name="newBook" classname="de.uka.ilkd.key.proof.runallproofs.RunAllProofsFunctional" time="60.291"/>
  <testcase name="oldBook" classname="de.uka.ilkd.key.proof.runallproofs.RunAllProofsFunctional" time="18.177"/>
  <testcase name="comprehensions" classname="de.uka.ilkd.key.proof.runallproofs.RunAllProofsFunctional" time="71.568"/>
  <testcase name="performance" classname="de.uka.ilkd.key.proof.runallproofs.RunAllProofsFunctional" time="224.117"/>
  <testcase name="performancePOConstruction" classname="de.uka.ilkd.key.proof.runallproofs.RunAllProofsFunctional" time="74.237"/>
  <testcase name="applicationRestrictions" classname="de.uka.ilkd.key.proof.runallproofs.RunAllProofsFunctional" time="51.374"/>
  <testcase name="blockContracts" classname="de.uka.ilkd.key.proof.runallproofs.RunAllProofsFunctional" time="137.157"/>
  <testcase name="jmlAsserts" classname="de.uka.ilkd.key.proof.runallproofs.RunAllProofsFunctional" time="89.588"/>
  <testcase name="javaCard" classname="de.uka.ilkd.key.proof.runallproofs.RunAllProofsFunctional" time="131.125"/>
  <testcase name="list" classname="de.uka.ilkd.key.proof.runallproofs.RunAllProofsFunctional" time="268.074">
    <failure message="org.opentest4j.AssertionFailedError: Executed process terminated with non-zero exit value. ==&gt; expected: &lt;0&gt; but was: &lt;1&gt;" type="org.opentest4j.AssertionFailedError">org.opentest4j.AssertionFailedError: Executed process terminated with non-zero exit value. ==&gt; expected: &lt;0&gt; but was: &lt;1&gt;
	at app//org.junit.jupiter.api.AssertionFailureBuilder.build(AssertionFailureBuilder.java:151)
	at app//org.junit.jupiter.api.AssertionFailureBuilder.buildAndThrow(AssertionFailureBuilder.java:132)
	at app//org.junit.jupiter.api.AssertEquals.failNotEqual(AssertEquals.java:197)
	at app//org.junit.jupiter.api.AssertEquals.assertEquals(AssertEquals.java:150)
	at app//org.junit.jupiter.api.Assertions.assertEquals(Assertions.java:560)
	at app//de.uka.ilkd.key.proof.runallproofs.proofcollection.ForkedTestFileRunner.processTestFiles(ForkedTestFileRunner.java:130)
	at app//de.uka.ilkd.key.proof.runallproofs.RunAllProofsTestUnit.runTest(RunAllProofsTestUnit.java:89)
	at app//de.uka.ilkd.key.proof.runallproofs.RunAllProofsTest.lambda$data$0(RunAllProofsTest.java:77)
	at app//org.junit.jupiter.engine.descriptor.DynamicTestTestDescriptor.lambda$execute$0(DynamicTestTestDescriptor.java:53)
	at app//org.junit.jupiter.engine.execution.InvocationInterceptorChain$ValidatingInvocation.proceed(InvocationInterceptorChain.java:131)
	at app//org.junit.jupiter.api.extension.InvocationInterceptor.interceptDynamicTest(InvocationInterceptor.java:167)
	at app//org.junit.jupiter.api.extension.InvocationInterceptor.interceptDynamicTest(InvocationInterceptor.java:184)
	at app//org.junit.jupiter.engine.descriptor.DynamicTestTestDescriptor.lambda$execute$1(DynamicTestTestDescriptor.java:61)
	at app//org.junit.jupiter.engine.execution.InvocationInterceptorChain$InterceptorCall.lambda$ofVoid$0(InvocationInterceptorChain.java:78)
	at app//org.junit.jupiter.engine.execution.InvocationInterceptorChain$InterceptedInvocation.proceed(InvocationInterceptorChain.java:106)
	at app//org.junit.jupiter.engine.execution.InvocationInterceptorChain.proceed(InvocationInterceptorChain.java:64)
	at app//org.junit.jupiter.engine.execution.InvocationInterceptorChain.chainAndInvoke(InvocationInterceptorChain.java:45)
	at app//org.junit.jupiter.engine.execution.InvocationInterceptorChain.invoke(InvocationInterceptorChain.java:37)
	at app//org.junit.jupiter.engine.descriptor.DynamicTestTestDescriptor.execute(DynamicTestTestDescriptor.java:60)
	at app//org.junit.jupiter.engine.descriptor.DynamicTestTestDescriptor.execute(DynamicTestTestDescriptor.java:32)
	at app//org.junit.platform.engine.support.hierarchical.NodeTestTask.lambda$executeRecursively$6(NodeTestTask.java:151)
	at app//org.junit.platform.engine.support.hierarchical.ThrowableCollector.execute(ThrowableCollector.java:73)
	at app//org.junit.platform.engine.support.hierarchical.NodeTestTask.lambda$executeRecursively$8(NodeTestTask.java:141)
	at app//org.junit.platform.engine.support.hierarchical.Node.around(Node.java:137)
	at app//org.junit.platform.engine.support.hierarchical.NodeTestTask.lambda$executeRecursively$9(NodeTestTask.java:139)
	at app//org.junit.platform.engine.support.hierarchical.ThrowableCollector.execute(ThrowableCollector.java:73)
	at app//org.junit.platform.engine.support.hierarchical.NodeTestTask.executeRecursively(NodeTestTask.java:138)
	at app//org.junit.platform.engine.support.hierarchical.NodeTestTask.execute(NodeTestTask.java:95)
	at app//org.junit.platform.engine.support.hierarchical.SameThreadHierarchicalTestExecutorService.submit(SameThreadHierarchicalTestExecutorService.java:35)
	at app//org.junit.platform.engine.support.hierarchical.NodeTestTask$DefaultDynamicTestExecutor.execute(NodeTestTask.java:226)
	at app//org.junit.platform.engine.support.hierarchical.NodeTestTask$DefaultDynamicTestExecutor.execute(NodeTestTask.java:204)
	at java.base@11.0.19/java.util.Optional.ifPresent(Optional.java:183)
	at app//org.junit.jupiter.engine.descriptor.TestFactoryTestDescriptor.lambda$invokeTestMethod$1(TestFactoryTestDescriptor.java:108)
	at app//org.junit.platform.engine.support.hierarchical.ThrowableCollector.execute(ThrowableCollector.java:73)
	at app//org.junit.jupiter.engine.descriptor.TestFactoryTestDescriptor.invokeTestMethod(TestFactoryTestDescriptor.java:95)
	at app//org.junit.jupiter.engine.descriptor.TestMethodTestDescriptor.execute(TestMethodTestDescriptor.java:138)
	at app//org.junit.jupiter.engine.descriptor.TestMethodTestDescriptor.execute(TestMethodTestDescriptor.java:68)
	at app//org.junit.platform.engine.support.hierarchical.NodeTestTask.lambda$executeRecursively$6(NodeTestTask.java:151)
	at app//org.junit.platform.engine.support.hierarchical.ThrowableCollector.execute(ThrowableCollector.java:73)
	at app//org.junit.platform.engine.support.hierarchical.NodeTestTask.lambda$executeRecursively$8(NodeTestTask.java:141)
	at app//org.junit.platform.engine.support.hierarchical.Node.around(Node.java:137)
	at app//org.junit.platform.engine.support.hierarchical.NodeTestTask.lambda$executeRecursively$9(NodeTestTask.java:139)
	at app//org.junit.platform.engine.support.hierarchical.ThrowableCollector.execute(ThrowableCollector.java:73)
	at app//org.junit.platform.engine.support.hierarchical.NodeTestTask.executeRecursively(NodeTestTask.java:138)
	at app//org.junit.platform.engine.support.hierarchical.NodeTestTask.execute(NodeTestTask.java:95)
	at java.base@11.0.19/java.util.ArrayList.forEach(ArrayList.java:1541)
	at app//org.junit.platform.engine.support.hierarchical.SameThreadHierarchicalTestExecutorService.invokeAll(SameThreadHierarchicalTestExecutorService.java:41)
	at app//org.junit.platform.engine.support.hierarchical.NodeTestTask.lambda$executeRecursively$6(NodeTestTask.java:155)
	at app//org.junit.platform.engine.support.hierarchical.ThrowableCollector.execute(ThrowableCollector.java:73)
	at app//org.junit.platform.engine.support.hierarchical.NodeTestTask.lambda$executeRecursively$8(NodeTestTask.java:141)
	at app//org.junit.platform.engine.support.hierarchical.Node.around(Node.java:137)
	at app//org.junit.platform.engine.support.hierarchical.NodeTestTask.lambda$executeRecursively$9(NodeTestTask.java:139)
	at app//org.junit.platform.engine.support.hierarchical.ThrowableCollector.execute(ThrowableCollector.java:73)
	at app//org.junit.platform.engine.support.hierarchical.NodeTestTask.executeRecursively(NodeTestTask.java:138)
	at app//org.junit.platform.engine.support.hierarchical.NodeTestTask.execute(NodeTestTask.java:95)
	at java.base@11.0.19/java.util.ArrayList.forEach(ArrayList.java:1541)
	at app//org.junit.platform.engine.support.hierarchical.SameThreadHierarchicalTestExecutorService.invokeAll(SameThreadHierarchicalTestExecutorService.java:41)
	at app//org.junit.platform.engine.support.hierarchical.NodeTestTask.lambda$executeRecursively$6(NodeTestTask.java:155)
	at app//org.junit.platform.engine.support.hierarchical.ThrowableCollector.execute(ThrowableCollector.java:73)
	at app//org.junit.platform.engine.support.hierarchical.NodeTestTask.lambda$executeRecursively$8(NodeTestTask.java:141)
	at app//org.junit.platform.engine.support.hierarchical.Node.around(Node.java:137)
	at app//org.junit.platform.engine.support.hierarchical.NodeTestTask.lambda$executeRecursively$9(NodeTestTask.java:139)
	at app//org.junit.platform.engine.support.hierarchical.ThrowableCollector.execute(ThrowableCollector.java:73)
	at app//org.junit.platform.engine.support.hierarchical.NodeTestTask.executeRecursively(NodeTestTask.java:138)
	at app//org.junit.platform.engine.support.hierarchical.NodeTestTask.execute(NodeTestTask.java:95)
	at app//org.junit.platform.engine.support.hierarchical.SameThreadHierarchicalTestExecutorService.submit(SameThreadHierarchicalTestExecutorService.java:35)
	at app//org.junit.platform.engine.support.hierarchical.HierarchicalTestExecutor.execute(HierarchicalTestExecutor.java:57)
	at app//org.junit.platform.engine.support.hierarchical.HierarchicalTestEngine.execute(HierarchicalTestEngine.java:54)
	at app//org.junit.platform.launcher.core.EngineExecutionOrchestrator.execute(EngineExecutionOrchestrator.java:107)
	at app//org.junit.platform.launcher.core.EngineExecutionOrchestrator.execute(EngineExecutionOrchestrator.java:88)
	at app//org.junit.platform.launcher.core.EngineExecutionOrchestrator.lambda$execute$0(EngineExecutionOrchestrator.java:54)
	at app//org.junit.platform.launcher.core.EngineExecutionOrchestrator.withInterceptedStreams(EngineExecutionOrchestrator.java:67)
	at app//org.junit.platform.launcher.core.EngineExecutionOrchestrator.execute(EngineExecutionOrchestrator.java:52)
	at app//org.junit.platform.launcher.core.DefaultLauncher.execute(DefaultLauncher.java:114)
	at app//org.junit.platform.launcher.core.DefaultLauncher.execute(DefaultLauncher.java:86)
	at app//org.junit.platform.launcher.core.DefaultLauncherSession$DelegatingLauncher.execute(DefaultLauncherSession.java:86)
	at org.gradle.api.internal.tasks.testing.junitplatform.JUnitPlatformTestClassProcessor$CollectAllTestClassesExecutor.processAllTestClasses(JUnitPlatformTestClassProcessor.java:110)
	at org.gradle.api.internal.tasks.testing.junitplatform.JUnitPlatformTestClassProcessor$CollectAllTestClassesExecutor.access$000(JUnitPlatformTestClassProcessor.java:90)
	at org.gradle.api.internal.tasks.testing.junitplatform.JUnitPlatformTestClassProcessor.stop(JUnitPlatformTestClassProcessor.java:85)
	at org.gradle.api.internal.tasks.testing.SuiteTestClassProcessor.stop(SuiteTestClassProcessor.java:62)
	at java.base@11.0.19/jdk.internal.reflect.NativeMethodAccessorImpl.invoke0(Native Method)
	at java.base@11.0.19/jdk.internal.reflect.NativeMethodAccessorImpl.invoke(NativeMethodAccessorImpl.java:62)
	at java.base@11.0.19/jdk.internal.reflect.DelegatingMethodAccessorImpl.invoke(DelegatingMethodAccessorImpl.java:43)
	at java.base@11.0.19/java.lang.reflect.Method.invoke(Method.java:566)
	at org.gradle.internal.dispatch.ReflectionDispatch.dispatch(ReflectionDispatch.java:36)
	at org.gradle.internal.dispatch.ReflectionDispatch.dispatch(ReflectionDispatch.java:24)
	at org.gradle.internal.dispatch.ContextClassLoaderDispatch.dispatch(ContextClassLoaderDispatch.java:33)
	at org.gradle.internal.dispatch.ProxyDispatchAdapter$DispatchingInvocationHandler.invoke(ProxyDispatchAdapter.java:94)
	at com.sun.proxy.$Proxy2.stop(Unknown Source)
	at org.gradle.api.internal.tasks.testing.worker.TestWorker$3.run(TestWorker.java:193)
	at org.gradle.api.internal.tasks.testing.worker.TestWorker.executeAndMaintainThreadName(TestWorker.java:129)
	at org.gradle.api.internal.tasks.testing.worker.TestWorker.execute(TestWorker.java:100)
	at org.gradle.api.internal.tasks.testing.worker.TestWorker.execute(TestWorker.java:60)
	at org.gradle.process.internal.worker.child.ActionExecutionWorker.execute(ActionExecutionWorker.java:56)
	at org.gradle.process.internal.worker.child.SystemApplicationClassLoaderWorker.call(SystemApplicationClassLoaderWorker.java:113)
	at org.gradle.process.internal.worker.child.SystemApplicationClassLoaderWorker.call(SystemApplicationClassLoaderWorker.java:65)
	at app//worker.org.gradle.process.internal.worker.GradleWorkerMain.run(GradleWorkerMain.java:69)
	at app//worker.org.gradle.process.internal.worker.GradleWorkerMain.main(GradleWorkerMain.java:74)
</failure>
  </testcase>
  <testcase name="list_ghost" classname="de.uka.ilkd.key.proof.runallproofs.RunAllProofsFunctional" time="70.184"/>
  <testcase name="list_recursive" classname="de.uka.ilkd.key.proof.runallproofs.RunAllProofsFunctional" time="22.643"/>
  <testcase name="list_seq" classname="de.uka.ilkd.key.proof.runallproofs.RunAllProofsFunctional" time="159.668">
    <failure message="org.opentest4j.AssertionFailedError: Executed process terminated with non-zero exit value. ==&gt; expected: &lt;0&gt; but was: &lt;1&gt;" type="org.opentest4j.AssertionFailedError">org.opentest4j.AssertionFailedError: Executed process terminated with non-zero exit value. ==&gt; expected: &lt;0&gt; but was: &lt;1&gt;
	at app//org.junit.jupiter.api.AssertionFailureBuilder.build(AssertionFailureBuilder.java:151)
	at app//org.junit.jupiter.api.AssertionFailureBuilder.buildAndThrow(AssertionFailureBuilder.java:132)
	at app//org.junit.jupiter.api.AssertEquals.failNotEqual(AssertEquals.java:197)
	at app//org.junit.jupiter.api.AssertEquals.assertEquals(AssertEquals.java:150)
	at app//org.junit.jupiter.api.Assertions.assertEquals(Assertions.java:560)
	at app//de.uka.ilkd.key.proof.runallproofs.proofcollection.ForkedTestFileRunner.processTestFiles(ForkedTestFileRunner.java:130)
	at app//de.uka.ilkd.key.proof.runallproofs.RunAllProofsTestUnit.runTest(RunAllProofsTestUnit.java:89)
	at app//de.uka.ilkd.key.proof.runallproofs.RunAllProofsTest.lambda$data$0(RunAllProofsTest.java:77)
	at app//org.junit.jupiter.engine.descriptor.DynamicTestTestDescriptor.lambda$execute$0(DynamicTestTestDescriptor.java:53)
	at app//org.junit.jupiter.engine.execution.InvocationInterceptorChain$ValidatingInvocation.proceed(InvocationInterceptorChain.java:131)
	at app//org.junit.jupiter.api.extension.InvocationInterceptor.interceptDynamicTest(InvocationInterceptor.java:167)
	at app//org.junit.jupiter.api.extension.InvocationInterceptor.interceptDynamicTest(InvocationInterceptor.java:184)
	at app//org.junit.jupiter.engine.descriptor.DynamicTestTestDescriptor.lambda$execute$1(DynamicTestTestDescriptor.java:61)
	at app//org.junit.jupiter.engine.execution.InvocationInterceptorChain$InterceptorCall.lambda$ofVoid$0(InvocationInterceptorChain.java:78)
	at app//org.junit.jupiter.engine.execution.InvocationInterceptorChain$InterceptedInvocation.proceed(InvocationInterceptorChain.java:106)
	at app//org.junit.jupiter.engine.execution.InvocationInterceptorChain.proceed(InvocationInterceptorChain.java:64)
	at app//org.junit.jupiter.engine.execution.InvocationInterceptorChain.chainAndInvoke(InvocationInterceptorChain.java:45)
	at app//org.junit.jupiter.engine.execution.InvocationInterceptorChain.invoke(InvocationInterceptorChain.java:37)
	at app//org.junit.jupiter.engine.descriptor.DynamicTestTestDescriptor.execute(DynamicTestTestDescriptor.java:60)
	at app//org.junit.jupiter.engine.descriptor.DynamicTestTestDescriptor.execute(DynamicTestTestDescriptor.java:32)
	at app//org.junit.platform.engine.support.hierarchical.NodeTestTask.lambda$executeRecursively$6(NodeTestTask.java:151)
	at app//org.junit.platform.engine.support.hierarchical.ThrowableCollector.execute(ThrowableCollector.java:73)
	at app//org.junit.platform.engine.support.hierarchical.NodeTestTask.lambda$executeRecursively$8(NodeTestTask.java:141)
	at app//org.junit.platform.engine.support.hierarchical.Node.around(Node.java:137)
	at app//org.junit.platform.engine.support.hierarchical.NodeTestTask.lambda$executeRecursively$9(NodeTestTask.java:139)
	at app//org.junit.platform.engine.support.hierarchical.ThrowableCollector.execute(ThrowableCollector.java:73)
	at app//org.junit.platform.engine.support.hierarchical.NodeTestTask.executeRecursively(NodeTestTask.java:138)
	at app//org.junit.platform.engine.support.hierarchical.NodeTestTask.execute(NodeTestTask.java:95)
	at app//org.junit.platform.engine.support.hierarchical.SameThreadHierarchicalTestExecutorService.submit(SameThreadHierarchicalTestExecutorService.java:35)
	at app//org.junit.platform.engine.support.hierarchical.NodeTestTask$DefaultDynamicTestExecutor.execute(NodeTestTask.java:226)
	at app//org.junit.platform.engine.support.hierarchical.NodeTestTask$DefaultDynamicTestExecutor.execute(NodeTestTask.java:204)
	at java.base@11.0.19/java.util.Optional.ifPresent(Optional.java:183)
	at app//org.junit.jupiter.engine.descriptor.TestFactoryTestDescriptor.lambda$invokeTestMethod$1(TestFactoryTestDescriptor.java:108)
	at app//org.junit.platform.engine.support.hierarchical.ThrowableCollector.execute(ThrowableCollector.java:73)
	at app//org.junit.jupiter.engine.descriptor.TestFactoryTestDescriptor.invokeTestMethod(TestFactoryTestDescriptor.java:95)
	at app//org.junit.jupiter.engine.descriptor.TestMethodTestDescriptor.execute(TestMethodTestDescriptor.java:138)
	at app//org.junit.jupiter.engine.descriptor.TestMethodTestDescriptor.execute(TestMethodTestDescriptor.java:68)
	at app//org.junit.platform.engine.support.hierarchical.NodeTestTask.lambda$executeRecursively$6(NodeTestTask.java:151)
	at app//org.junit.platform.engine.support.hierarchical.ThrowableCollector.execute(ThrowableCollector.java:73)
	at app//org.junit.platform.engine.support.hierarchical.NodeTestTask.lambda$executeRecursively$8(NodeTestTask.java:141)
	at app//org.junit.platform.engine.support.hierarchical.Node.around(Node.java:137)
	at app//org.junit.platform.engine.support.hierarchical.NodeTestTask.lambda$executeRecursively$9(NodeTestTask.java:139)
	at app//org.junit.platform.engine.support.hierarchical.ThrowableCollector.execute(ThrowableCollector.java:73)
	at app//org.junit.platform.engine.support.hierarchical.NodeTestTask.executeRecursively(NodeTestTask.java:138)
	at app//org.junit.platform.engine.support.hierarchical.NodeTestTask.execute(NodeTestTask.java:95)
	at java.base@11.0.19/java.util.ArrayList.forEach(ArrayList.java:1541)
	at app//org.junit.platform.engine.support.hierarchical.SameThreadHierarchicalTestExecutorService.invokeAll(SameThreadHierarchicalTestExecutorService.java:41)
	at app//org.junit.platform.engine.support.hierarchical.NodeTestTask.lambda$executeRecursively$6(NodeTestTask.java:155)
	at app//org.junit.platform.engine.support.hierarchical.ThrowableCollector.execute(ThrowableCollector.java:73)
	at app//org.junit.platform.engine.support.hierarchical.NodeTestTask.lambda$executeRecursively$8(NodeTestTask.java:141)
	at app//org.junit.platform.engine.support.hierarchical.Node.around(Node.java:137)
	at app//org.junit.platform.engine.support.hierarchical.NodeTestTask.lambda$executeRecursively$9(NodeTestTask.java:139)
	at app//org.junit.platform.engine.support.hierarchical.ThrowableCollector.execute(ThrowableCollector.java:73)
	at app//org.junit.platform.engine.support.hierarchical.NodeTestTask.executeRecursively(NodeTestTask.java:138)
	at app//org.junit.platform.engine.support.hierarchical.NodeTestTask.execute(NodeTestTask.java:95)
	at java.base@11.0.19/java.util.ArrayList.forEach(ArrayList.java:1541)
	at app//org.junit.platform.engine.support.hierarchical.SameThreadHierarchicalTestExecutorService.invokeAll(SameThreadHierarchicalTestExecutorService.java:41)
	at app//org.junit.platform.engine.support.hierarchical.NodeTestTask.lambda$executeRecursively$6(NodeTestTask.java:155)
	at app//org.junit.platform.engine.support.hierarchical.ThrowableCollector.execute(ThrowableCollector.java:73)
	at app//org.junit.platform.engine.support.hierarchical.NodeTestTask.lambda$executeRecursively$8(NodeTestTask.java:141)
	at app//org.junit.platform.engine.support.hierarchical.Node.around(Node.java:137)
	at app//org.junit.platform.engine.support.hierarchical.NodeTestTask.lambda$executeRecursively$9(NodeTestTask.java:139)
	at app//org.junit.platform.engine.support.hierarchical.ThrowableCollector.execute(ThrowableCollector.java:73)
	at app//org.junit.platform.engine.support.hierarchical.NodeTestTask.executeRecursively(NodeTestTask.java:138)
	at app//org.junit.platform.engine.support.hierarchical.NodeTestTask.execute(NodeTestTask.java:95)
	at app//org.junit.platform.engine.support.hierarchical.SameThreadHierarchicalTestExecutorService.submit(SameThreadHierarchicalTestExecutorService.java:35)
	at app//org.junit.platform.engine.support.hierarchical.HierarchicalTestExecutor.execute(HierarchicalTestExecutor.java:57)
	at app//org.junit.platform.engine.support.hierarchical.HierarchicalTestEngine.execute(HierarchicalTestEngine.java:54)
	at app//org.junit.platform.launcher.core.EngineExecutionOrchestrator.execute(EngineExecutionOrchestrator.java:107)
	at app//org.junit.platform.launcher.core.EngineExecutionOrchestrator.execute(EngineExecutionOrchestrator.java:88)
	at app//org.junit.platform.launcher.core.EngineExecutionOrchestrator.lambda$execute$0(EngineExecutionOrchestrator.java:54)
	at app//org.junit.platform.launcher.core.EngineExecutionOrchestrator.withInterceptedStreams(EngineExecutionOrchestrator.java:67)
	at app//org.junit.platform.launcher.core.EngineExecutionOrchestrator.execute(EngineExecutionOrchestrator.java:52)
	at app//org.junit.platform.launcher.core.DefaultLauncher.execute(DefaultLauncher.java:114)
	at app//org.junit.platform.launcher.core.DefaultLauncher.execute(DefaultLauncher.java:86)
	at app//org.junit.platform.launcher.core.DefaultLauncherSession$DelegatingLauncher.execute(DefaultLauncherSession.java:86)
	at org.gradle.api.internal.tasks.testing.junitplatform.JUnitPlatformTestClassProcessor$CollectAllTestClassesExecutor.processAllTestClasses(JUnitPlatformTestClassProcessor.java:110)
	at org.gradle.api.internal.tasks.testing.junitplatform.JUnitPlatformTestClassProcessor$CollectAllTestClassesExecutor.access$000(JUnitPlatformTestClassProcessor.java:90)
	at org.gradle.api.internal.tasks.testing.junitplatform.JUnitPlatformTestClassProcessor.stop(JUnitPlatformTestClassProcessor.java:85)
	at org.gradle.api.internal.tasks.testing.SuiteTestClassProcessor.stop(SuiteTestClassProcessor.java:62)
	at java.base@11.0.19/jdk.internal.reflect.NativeMethodAccessorImpl.invoke0(Native Method)
	at java.base@11.0.19/jdk.internal.reflect.NativeMethodAccessorImpl.invoke(NativeMethodAccessorImpl.java:62)
	at java.base@11.0.19/jdk.internal.reflect.DelegatingMethodAccessorImpl.invoke(DelegatingMethodAccessorImpl.java:43)
	at java.base@11.0.19/java.lang.reflect.Method.invoke(Method.java:566)
	at org.gradle.internal.dispatch.ReflectionDispatch.dispatch(ReflectionDispatch.java:36)
	at org.gradle.internal.dispatch.ReflectionDispatch.dispatch(ReflectionDispatch.java:24)
	at org.gradle.internal.dispatch.ContextClassLoaderDispatch.dispatch(ContextClassLoaderDispatch.java:33)
	at org.gradle.internal.dispatch.ProxyDispatchAdapter$DispatchingInvocationHandler.invoke(ProxyDispatchAdapter.java:94)
	at com.sun.proxy.$Proxy2.stop(Unknown Source)
	at org.gradle.api.internal.tasks.testing.worker.TestWorker$3.run(TestWorker.java:193)
	at org.gradle.api.internal.tasks.testing.worker.TestWorker.executeAndMaintainThreadName(TestWorker.java:129)
	at org.gradle.api.internal.tasks.testing.worker.TestWorker.execute(TestWorker.java:100)
	at org.gradle.api.internal.tasks.testing.worker.TestWorker.execute(TestWorker.java:60)
	at org.gradle.process.internal.worker.child.ActionExecutionWorker.execute(ActionExecutionWorker.java:56)
	at org.gradle.process.internal.worker.child.SystemApplicationClassLoaderWorker.call(SystemApplicationClassLoaderWorker.java:113)
	at org.gradle.process.internal.worker.child.SystemApplicationClassLoaderWorker.call(SystemApplicationClassLoaderWorker.java:65)
	at app//worker.org.gradle.process.internal.worker.GradleWorkerMain.run(GradleWorkerMain.java:69)
	at app//worker.org.gradle.process.internal.worker.GradleWorkerMain.main(GradleWorkerMain.java:74)
</failure>
  </testcase>
  <testcase name="observer" classname="de.uka.ilkd.key.proof.runallproofs.RunAllProofsFunctional" time="97.878"/>
  <testcase name="removeDups" classname="de.uka.ilkd.key.proof.runallproofs.RunAllProofsFunctional" time="135.621"/>
  <testcase name="quicksort" classname="de.uka.ilkd.key.proof.runallproofs.RunAllProofsFunctional" time="111.054">
    <failure message="org.opentest4j.AssertionFailedError: Executed process terminated with non-zero exit value. ==&gt; expected: &lt;0&gt; but was: &lt;1&gt;" type="org.opentest4j.AssertionFailedError">org.opentest4j.AssertionFailedError: Executed process terminated with non-zero exit value. ==&gt; expected: &lt;0&gt; but was: &lt;1&gt;
	at app//org.junit.jupiter.api.AssertionFailureBuilder.build(AssertionFailureBuilder.java:151)
	at app//org.junit.jupiter.api.AssertionFailureBuilder.buildAndThrow(AssertionFailureBuilder.java:132)
	at app//org.junit.jupiter.api.AssertEquals.failNotEqual(AssertEquals.java:197)
	at app//org.junit.jupiter.api.AssertEquals.assertEquals(AssertEquals.java:150)
	at app//org.junit.jupiter.api.Assertions.assertEquals(Assertions.java:560)
	at app//de.uka.ilkd.key.proof.runallproofs.proofcollection.ForkedTestFileRunner.processTestFiles(ForkedTestFileRunner.java:130)
	at app//de.uka.ilkd.key.proof.runallproofs.RunAllProofsTestUnit.runTest(RunAllProofsTestUnit.java:89)
	at app//de.uka.ilkd.key.proof.runallproofs.RunAllProofsTest.lambda$data$0(RunAllProofsTest.java:77)
	at app//org.junit.jupiter.engine.descriptor.DynamicTestTestDescriptor.lambda$execute$0(DynamicTestTestDescriptor.java:53)
	at app//org.junit.jupiter.engine.execution.InvocationInterceptorChain$ValidatingInvocation.proceed(InvocationInterceptorChain.java:131)
	at app//org.junit.jupiter.api.extension.InvocationInterceptor.interceptDynamicTest(InvocationInterceptor.java:167)
	at app//org.junit.jupiter.api.extension.InvocationInterceptor.interceptDynamicTest(InvocationInterceptor.java:184)
	at app//org.junit.jupiter.engine.descriptor.DynamicTestTestDescriptor.lambda$execute$1(DynamicTestTestDescriptor.java:61)
	at app//org.junit.jupiter.engine.execution.InvocationInterceptorChain$InterceptorCall.lambda$ofVoid$0(InvocationInterceptorChain.java:78)
	at app//org.junit.jupiter.engine.execution.InvocationInterceptorChain$InterceptedInvocation.proceed(InvocationInterceptorChain.java:106)
	at app//org.junit.jupiter.engine.execution.InvocationInterceptorChain.proceed(InvocationInterceptorChain.java:64)
	at app//org.junit.jupiter.engine.execution.InvocationInterceptorChain.chainAndInvoke(InvocationInterceptorChain.java:45)
	at app//org.junit.jupiter.engine.execution.InvocationInterceptorChain.invoke(InvocationInterceptorChain.java:37)
	at app//org.junit.jupiter.engine.descriptor.DynamicTestTestDescriptor.execute(DynamicTestTestDescriptor.java:60)
	at app//org.junit.jupiter.engine.descriptor.DynamicTestTestDescriptor.execute(DynamicTestTestDescriptor.java:32)
	at app//org.junit.platform.engine.support.hierarchical.NodeTestTask.lambda$executeRecursively$6(NodeTestTask.java:151)
	at app//org.junit.platform.engine.support.hierarchical.ThrowableCollector.execute(ThrowableCollector.java:73)
	at app//org.junit.platform.engine.support.hierarchical.NodeTestTask.lambda$executeRecursively$8(NodeTestTask.java:141)
	at app//org.junit.platform.engine.support.hierarchical.Node.around(Node.java:137)
	at app//org.junit.platform.engine.support.hierarchical.NodeTestTask.lambda$executeRecursively$9(NodeTestTask.java:139)
	at app//org.junit.platform.engine.support.hierarchical.ThrowableCollector.execute(ThrowableCollector.java:73)
	at app//org.junit.platform.engine.support.hierarchical.NodeTestTask.executeRecursively(NodeTestTask.java:138)
	at app//org.junit.platform.engine.support.hierarchical.NodeTestTask.execute(NodeTestTask.java:95)
	at app//org.junit.platform.engine.support.hierarchical.SameThreadHierarchicalTestExecutorService.submit(SameThreadHierarchicalTestExecutorService.java:35)
	at app//org.junit.platform.engine.support.hierarchical.NodeTestTask$DefaultDynamicTestExecutor.execute(NodeTestTask.java:226)
	at app//org.junit.platform.engine.support.hierarchical.NodeTestTask$DefaultDynamicTestExecutor.execute(NodeTestTask.java:204)
	at java.base@11.0.19/java.util.Optional.ifPresent(Optional.java:183)
	at app//org.junit.jupiter.engine.descriptor.TestFactoryTestDescriptor.lambda$invokeTestMethod$1(TestFactoryTestDescriptor.java:108)
	at app//org.junit.platform.engine.support.hierarchical.ThrowableCollector.execute(ThrowableCollector.java:73)
	at app//org.junit.jupiter.engine.descriptor.TestFactoryTestDescriptor.invokeTestMethod(TestFactoryTestDescriptor.java:95)
	at app//org.junit.jupiter.engine.descriptor.TestMethodTestDescriptor.execute(TestMethodTestDescriptor.java:138)
	at app//org.junit.jupiter.engine.descriptor.TestMethodTestDescriptor.execute(TestMethodTestDescriptor.java:68)
	at app//org.junit.platform.engine.support.hierarchical.NodeTestTask.lambda$executeRecursively$6(NodeTestTask.java:151)
	at app//org.junit.platform.engine.support.hierarchical.ThrowableCollector.execute(ThrowableCollector.java:73)
	at app//org.junit.platform.engine.support.hierarchical.NodeTestTask.lambda$executeRecursively$8(NodeTestTask.java:141)
	at app//org.junit.platform.engine.support.hierarchical.Node.around(Node.java:137)
	at app//org.junit.platform.engine.support.hierarchical.NodeTestTask.lambda$executeRecursively$9(NodeTestTask.java:139)
	at app//org.junit.platform.engine.support.hierarchical.ThrowableCollector.execute(ThrowableCollector.java:73)
	at app//org.junit.platform.engine.support.hierarchical.NodeTestTask.executeRecursively(NodeTestTask.java:138)
	at app//org.junit.platform.engine.support.hierarchical.NodeTestTask.execute(NodeTestTask.java:95)
	at java.base@11.0.19/java.util.ArrayList.forEach(ArrayList.java:1541)
	at app//org.junit.platform.engine.support.hierarchical.SameThreadHierarchicalTestExecutorService.invokeAll(SameThreadHierarchicalTestExecutorService.java:41)
	at app//org.junit.platform.engine.support.hierarchical.NodeTestTask.lambda$executeRecursively$6(NodeTestTask.java:155)
	at app//org.junit.platform.engine.support.hierarchical.ThrowableCollector.execute(ThrowableCollector.java:73)
	at app//org.junit.platform.engine.support.hierarchical.NodeTestTask.lambda$executeRecursively$8(NodeTestTask.java:141)
	at app//org.junit.platform.engine.support.hierarchical.Node.around(Node.java:137)
	at app//org.junit.platform.engine.support.hierarchical.NodeTestTask.lambda$executeRecursively$9(NodeTestTask.java:139)
	at app//org.junit.platform.engine.support.hierarchical.ThrowableCollector.execute(ThrowableCollector.java:73)
	at app//org.junit.platform.engine.support.hierarchical.NodeTestTask.executeRecursively(NodeTestTask.java:138)
	at app//org.junit.platform.engine.support.hierarchical.NodeTestTask.execute(NodeTestTask.java:95)
	at java.base@11.0.19/java.util.ArrayList.forEach(ArrayList.java:1541)
	at app//org.junit.platform.engine.support.hierarchical.SameThreadHierarchicalTestExecutorService.invokeAll(SameThreadHierarchicalTestExecutorService.java:41)
	at app//org.junit.platform.engine.support.hierarchical.NodeTestTask.lambda$executeRecursively$6(NodeTestTask.java:155)
	at app//org.junit.platform.engine.support.hierarchical.ThrowableCollector.execute(ThrowableCollector.java:73)
	at app//org.junit.platform.engine.support.hierarchical.NodeTestTask.lambda$executeRecursively$8(NodeTestTask.java:141)
	at app//org.junit.platform.engine.support.hierarchical.Node.around(Node.java:137)
	at app//org.junit.platform.engine.support.hierarchical.NodeTestTask.lambda$executeRecursively$9(NodeTestTask.java:139)
	at app//org.junit.platform.engine.support.hierarchical.ThrowableCollector.execute(ThrowableCollector.java:73)
	at app//org.junit.platform.engine.support.hierarchical.NodeTestTask.executeRecursively(NodeTestTask.java:138)
	at app//org.junit.platform.engine.support.hierarchical.NodeTestTask.execute(NodeTestTask.java:95)
	at app//org.junit.platform.engine.support.hierarchical.SameThreadHierarchicalTestExecutorService.submit(SameThreadHierarchicalTestExecutorService.java:35)
	at app//org.junit.platform.engine.support.hierarchical.HierarchicalTestExecutor.execute(HierarchicalTestExecutor.java:57)
	at app//org.junit.platform.engine.support.hierarchical.HierarchicalTestEngine.execute(HierarchicalTestEngine.java:54)
	at app//org.junit.platform.launcher.core.EngineExecutionOrchestrator.execute(EngineExecutionOrchestrator.java:107)
	at app//org.junit.platform.launcher.core.EngineExecutionOrchestrator.execute(EngineExecutionOrchestrator.java:88)
	at app//org.junit.platform.launcher.core.EngineExecutionOrchestrator.lambda$execute$0(EngineExecutionOrchestrator.java:54)
	at app//org.junit.platform.launcher.core.EngineExecutionOrchestrator.withInterceptedStreams(EngineExecutionOrchestrator.java:67)
	at app//org.junit.platform.launcher.core.EngineExecutionOrchestrator.execute(EngineExecutionOrchestrator.java:52)
	at app//org.junit.platform.launcher.core.DefaultLauncher.execute(DefaultLauncher.java:114)
	at app//org.junit.platform.launcher.core.DefaultLauncher.execute(DefaultLauncher.java:86)
	at app//org.junit.platform.launcher.core.DefaultLauncherSession$DelegatingLauncher.execute(DefaultLauncherSession.java:86)
	at org.gradle.api.internal.tasks.testing.junitplatform.JUnitPlatformTestClassProcessor$CollectAllTestClassesExecutor.processAllTestClasses(JUnitPlatformTestClassProcessor.java:110)
	at org.gradle.api.internal.tasks.testing.junitplatform.JUnitPlatformTestClassProcessor$CollectAllTestClassesExecutor.access$000(JUnitPlatformTestClassProcessor.java:90)
	at org.gradle.api.internal.tasks.testing.junitplatform.JUnitPlatformTestClassProcessor.stop(JUnitPlatformTestClassProcessor.java:85)
	at org.gradle.api.internal.tasks.testing.SuiteTestClassProcessor.stop(SuiteTestClassProcessor.java:62)
	at java.base@11.0.19/jdk.internal.reflect.NativeMethodAccessorImpl.invoke0(Native Method)
	at java.base@11.0.19/jdk.internal.reflect.NativeMethodAccessorImpl.invoke(NativeMethodAccessorImpl.java:62)
	at java.base@11.0.19/jdk.internal.reflect.DelegatingMethodAccessorImpl.invoke(DelegatingMethodAccessorImpl.java:43)
	at java.base@11.0.19/java.lang.reflect.Method.invoke(Method.java:566)
	at org.gradle.internal.dispatch.ReflectionDispatch.dispatch(ReflectionDispatch.java:36)
	at org.gradle.internal.dispatch.ReflectionDispatch.dispatch(ReflectionDispatch.java:24)
	at org.gradle.internal.dispatch.ContextClassLoaderDispatch.dispatch(ContextClassLoaderDispatch.java:33)
	at org.gradle.internal.dispatch.ProxyDispatchAdapter$DispatchingInvocationHandler.invoke(ProxyDispatchAdapter.java:94)
	at com.sun.proxy.$Proxy2.stop(Unknown Source)
	at org.gradle.api.internal.tasks.testing.worker.TestWorker$3.run(TestWorker.java:193)
	at org.gradle.api.internal.tasks.testing.worker.TestWorker.executeAndMaintainThreadName(TestWorker.java:129)
	at org.gradle.api.internal.tasks.testing.worker.TestWorker.execute(TestWorker.java:100)
	at org.gradle.api.internal.tasks.testing.worker.TestWorker.execute(TestWorker.java:60)
	at org.gradle.process.internal.worker.child.ActionExecutionWorker.execute(ActionExecutionWorker.java:56)
	at org.gradle.process.internal.worker.child.SystemApplicationClassLoaderWorker.call(SystemApplicationClassLoaderWorker.java:113)
	at org.gradle.process.internal.worker.child.SystemApplicationClassLoaderWorker.call(SystemApplicationClassLoaderWorker.java:65)
	at app//worker.org.gradle.process.internal.worker.GradleWorkerMain.run(GradleWorkerMain.java:69)
	at app//worker.org.gradle.process.internal.worker.GradleWorkerMain.main(GradleWorkerMain.java:74)
</failure>
  </testcase>
  <testcase name="simpleTests" classname="de.uka.ilkd.key.proof.runallproofs.RunAllProofsFunctional" time="164.907"/>
  <testcase name="SmansEtAl" classname="de.uka.ilkd.key.proof.runallproofs.RunAllProofsFunctional" time="202.022"/>
  <testcase name="VACID0" classname="de.uka.ilkd.key.proof.runallproofs.RunAllProofsFunctional" time="79.502"/>
  <testcase name="VSTTE10" classname="de.uka.ilkd.key.proof.runallproofs.RunAllProofsFunctional" time="186.008"/>
  <testcase name="WeideEtAl" classname="de.uka.ilkd.key.proof.runallproofs.RunAllProofsFunctional" time="28.631"/>
  <testcase name="arithmetic" classname="de.uka.ilkd.key.proof.runallproofs.RunAllProofsFunctional" time="489.009"/>
  <testcase name="arrays" classname="de.uka.ilkd.key.proof.runallproofs.RunAllProofsFunctional" time="59.434"/>
  <testcase name="javadl" classname="de.uka.ilkd.key.proof.runallproofs.RunAllProofsFunctional" time="630.078"/>
  <testcase name="FOL" classname="de.uka.ilkd.key.proof.runallproofs.RunAllProofsFunctional" time="280.119"/>
  <testcase name="strings" classname="de.uka.ilkd.key.proof.runallproofs.RunAllProofsFunctional" time="151.798"/>
  <testcase name="simple_info_flow" classname="de.uka.ilkd.key.proof.runallproofs.RunAllProofsFunctional" time="13.719"/>
  <testcase name="modelMethods" classname="de.uka.ilkd.key.proof.runallproofs.RunAllProofsFunctional" time="177.721"/>
  <testcase name="permissionHeap" classname="de.uka.ilkd.key.proof.runallproofs.RunAllProofsFunctional" time="833.036"/>
  <testcase name="completionScopes" classname="de.uka.ilkd.key.proof.runallproofs.RunAllProofsFunctional" time="51.011"/>
  <testcase name="reload_examples" classname="de.uka.ilkd.key.proof.runallproofs.RunAllProofsFunctional" time="42.771"/>
  <testcase name="proofLoadRepair" classname="de.uka.ilkd.key.proof.runallproofs.RunAllProofsFunctional" time="19.824"/>
  <testcase name="switch" classname="de.uka.ilkd.key.proof.runallproofs.RunAllProofsFunctional" time="63.163"/>
  <testcase name="redux" classname="de.uka.ilkd.key.proof.runallproofs.RunAllProofsFunctional" time="126.985"/>
  <system-out><![CDATA[523        INFO  Test worker     d.u.i.k.p.r.RunAllProofsTestUnit Running test newBook 
400        INFO  Timeout watchdog d.u.i.k.p.r.p.ForkedTestFileRunner Timeout watcher launched (2000 secs.) 
412        WARN  main            d.u.i.k.s.ProofSettings   No proof-settings could be loaded, using defaults java.io.FileNotFoundException: /home/runner/.key/proof-settings.props (No such file or directory)
	at java.base/java.io.FileInputStream.open0(Native Method)

444        INFO  main            d.u.i.k.p.r.p.TestFile    Now processing file /home/runner/work/key/key/key.core/../key.ui/examples/newBook/09.list_modelfield/ArrayList.add.key 
563        INFO  main            d.u.i.k.p.i.AbstractProblemLoader Loading environment from /home/runner/work/key/key/key.core/../key.ui/examples/newBook/09.list_modelfield/ArrayList.add.key 
581        DEBUG main            d.u.i.k.p.i.AbstractProblemLoader Environment load took 2.4ms 
811        INFO  main            d.u.i.k.p.i.AbstractProblemLoader Creating init config 
1564       DEBUG main            d.u.i.k.j.TypeConverter   No LDT found for Meta 
1565       DEBUG main            d.u.i.k.j.TypeConverter   No LDT found for Meta 
1570       DEBUG main            d.u.i.k.j.TypeConverter   No LDT found for Meta 
1571       DEBUG main            d.u.i.k.j.TypeConverter   No LDT found for Meta 
2953       DEBUG main            d.u.i.k.j.TypeConverter   No LDT found for JavaBigintExpression 
8203       DEBUG main            d.u.i.k.p.i.AbstractProblemLoader Init config took 7.39s 
8339       INFO  main            d.u.i.k.p.i.AbstractProblemLoader Replaying proof ArrayList[List::add(int)].JML normal_behavior operation contract.0 
8374       DEBUG main            d.u.i.k.p.i.IntermediateProofReplayer Proof replay took 33.8ns 
25810      INFO  main            d.u.i.k.p.r.p.TestFile    ... finished proof: closed. 
26055      INFO  main            d.u.i.k.p.i.AbstractProblemLoader Loading environment from /home/runner/work/key/key/key.core/../key.ui/examples/newBook/09.list_modelfield/ArrayList.add.key.proof 
26057      DEBUG main            d.u.i.k.p.i.AbstractProblemLoader Environment load took 1.87ms 
26070      INFO  main            d.u.i.k.p.i.AbstractProblemLoader Creating init config 
29096      DEBUG main            d.u.i.k.p.i.AbstractProblemLoader Init config took 3.03s 
29162      INFO  main            d.u.i.k.p.i.AbstractProblemLoader Replaying proof ArrayList[List::add(int)].JML normal_behavior operation contract.0 
30031      DEBUG main            d.u.i.k.p.i.IntermediateProofReplayer Proof replay took 785.58ms 
30045      DEBUG main            d.u.i.k.p.r.p.TestFile    ... success: reloaded. 
30047      INFO  main            d.u.i.k.p.r.p.TestFile    Now processing file /home/runner/work/key/key/key.core/../key.ui/examples/newBook/09.list_modelfield/ArrayList.remFirst.key 
30048      INFO  main            d.u.i.k.p.i.AbstractProblemLoader Loading environment from /home/runner/work/key/key/key.core/../key.ui/examples/newBook/09.list_modelfield/ArrayList.remFirst.key 
30048      DEBUG main            d.u.i.k.p.i.AbstractProblemLoader Environment load took 87.5ns 
30052      INFO  main            d.u.i.k.p.i.AbstractProblemLoader Creating init config 
32864      DEBUG main            d.u.i.k.p.i.AbstractProblemLoader Init config took 2.81s 
32981      INFO  main            d.u.i.k.p.i.AbstractProblemLoader Replaying proof ArrayList[List::remFirst()].JML normal_behavior operation contract.0 
32985      DEBUG main            d.u.i.k.p.i.IntermediateProofReplayer Proof replay took 16.9ns 
37092      INFO  main            d.u.i.k.p.r.p.TestFile    ... finished proof: closed. 
37333      INFO  main            d.u.i.k.p.i.AbstractProblemLoader Loading environment from /home/runner/work/key/key/key.core/../key.ui/examples/newBook/09.list_modelfield/ArrayList.remFirst.key.proof 
37334      DEBUG main            d.u.i.k.p.i.AbstractProblemLoader Environment load took 878.12ns 
37336      INFO  main            d.u.i.k.p.i.AbstractProblemLoader Creating init config 
40022      DEBUG main            d.u.i.k.p.i.AbstractProblemLoader Init config took 2.69s 
40102      INFO  main            d.u.i.k.p.i.AbstractProblemLoader Replaying proof ArrayList[List::remFirst()].JML normal_behavior operation contract.0 
40487      DEBUG main            d.u.i.k.p.i.IntermediateProofReplayer Proof replay took 367.31ms 
40493      DEBUG main            d.u.i.k.p.r.p.TestFile    ... success: reloaded. 
40494      INFO  main            d.u.i.k.p.r.p.TestFile    Now processing file /home/runner/work/key/key/key.core/../key.ui/examples/newBook/09.list_modelfield/ArrayList.empty.key 
40494      INFO  main            d.u.i.k.p.i.AbstractProblemLoader Loading environment from /home/runner/work/key/key/key.core/../key.ui/examples/newBook/09.list_modelfield/ArrayList.empty.key 
40494      DEBUG main            d.u.i.k.p.i.AbstractProblemLoader Environment load took 91.5ns 
40495      INFO  main            d.u.i.k.p.i.AbstractProblemLoader Creating init config 
43149      DEBUG main            d.u.i.k.p.i.AbstractProblemLoader Init config took 2.65s 
43201      INFO  main            d.u.i.k.p.i.AbstractProblemLoader Replaying proof ArrayList[List::empty()].JML normal_behavior operation contract.0 
43203      DEBUG main            d.u.i.k.p.i.IntermediateProofReplayer Proof replay took 6.9ns 
44210      INFO  main            d.u.i.k.p.r.p.TestFile    ... finished proof: closed. 
44411      INFO  main            d.u.i.k.p.i.AbstractProblemLoader Loading environment from /home/runner/work/key/key/key.core/../key.ui/examples/newBook/09.list_modelfield/ArrayList.empty.key.proof 
44414      DEBUG main            d.u.i.k.p.i.AbstractProblemLoader Environment load took 168.1ns 
44416      INFO  main            d.u.i.k.p.i.AbstractProblemLoader Creating init config 
47029      DEBUG main            d.u.i.k.p.i.AbstractProblemLoader Init config took 2.61s 
47100      INFO  main            d.u.i.k.p.i.AbstractProblemLoader Replaying proof ArrayList[List::empty()].JML normal_behavior operation contract.0 
47211      DEBUG main            d.u.i.k.p.i.IntermediateProofReplayer Proof replay took 103.82ms 
47213      DEBUG main            d.u.i.k.p.r.p.TestFile    ... success: reloaded. 
47216      INFO  main            d.u.i.k.p.r.p.TestFile    Now processing file /home/runner/work/key/key/key.core/../key.ui/examples/newBook/09.list_modelfield/ArrayList.size.key 
47216      INFO  main            d.u.i.k.p.i.AbstractProblemLoader Loading environment from /home/runner/work/key/key/key.core/../key.ui/examples/newBook/09.list_modelfield/ArrayList.size.key 
47217      DEBUG main            d.u.i.k.p.i.AbstractProblemLoader Environment load took 115.3ns 
47218      INFO  main            d.u.i.k.p.i.AbstractProblemLoader Creating init config 
49880      DEBUG main            d.u.i.k.p.i.AbstractProblemLoader Init config took 2.66s 
49929      INFO  main            d.u.i.k.p.i.AbstractProblemLoader Replaying proof ArrayList[List::size()].JML normal_behavior operation contract.0 
49930      DEBUG main            d.u.i.k.p.i.IntermediateProofReplayer Proof replay took 6.2ns 
50435      INFO  main            d.u.i.k.p.r.p.TestFile    ... finished proof: closed. 
50598      INFO  main            d.u.i.k.p.i.AbstractProblemLoader Loading environment from /home/runner/work/key/key/key.core/../key.ui/examples/newBook/09.list_modelfield/ArrayList.size.key.proof 
50599      DEBUG main            d.u.i.k.p.i.AbstractProblemLoader Environment load took 865.92ns 
50600      INFO  main            d.u.i.k.p.i.AbstractProblemLoader Creating init config 
53264      DEBUG main            d.u.i.k.p.i.AbstractProblemLoader Init config took 2.66s 
53325      INFO  main            d.u.i.k.p.i.AbstractProblemLoader Replaying proof ArrayList[List::size()].JML normal_behavior operation contract.0 
53361      DEBUG main            d.u.i.k.p.i.IntermediateProofReplayer Proof replay took 31.11ms 
53362      DEBUG main            d.u.i.k.p.r.p.TestFile    ... success: reloaded. 
53364      INFO  main            d.u.i.k.p.r.p.TestFile    Now processing file /home/runner/work/key/key/key.core/../key.ui/examples/newBook/09.list_modelfield/ArrayList.get.key 
53364      INFO  main            d.u.i.k.p.i.AbstractProblemLoader Loading environment from /home/runner/work/key/key/key.core/../key.ui/examples/newBook/09.list_modelfield/ArrayList.get.key 
53365      DEBUG main            d.u.i.k.p.i.AbstractProblemLoader Environment load took 396.41ns 
53366      INFO  main            d.u.i.k.p.i.AbstractProblemLoader Creating init config 
56091      DEBUG main            d.u.i.k.p.i.AbstractProblemLoader Init config took 2.72s 
56138      INFO  main            d.u.i.k.p.i.AbstractProblemLoader Replaying proof ArrayList[List::get(int)].JML normal_behavior operation contract.0 
56140      DEBUG main            d.u.i.k.p.i.IntermediateProofReplayer Proof replay took 6.3ns 
57146      INFO  main            d.u.i.k.p.r.p.TestFile    ... finished proof: closed. 
57325      INFO  main            d.u.i.k.p.i.AbstractProblemLoader Loading environment from /home/runner/work/key/key/key.core/../key.ui/examples/newBook/09.list_modelfield/ArrayList.get.key.proof 
57325      DEBUG main            d.u.i.k.p.i.AbstractProblemLoader Environment load took 152.2ns 
57326      INFO  main            d.u.i.k.p.i.AbstractProblemLoader Creating init config 
59960      DEBUG main            d.u.i.k.p.i.AbstractProblemLoader Init config took 2.63s 
60005      INFO  main            d.u.i.k.p.i.AbstractProblemLoader Replaying proof ArrayList[List::get(int)].JML normal_behavior operation contract.0 
60066      DEBUG main            d.u.i.k.p.i.IntermediateProofReplayer Proof replay took 55.75ms 
60067      DEBUG main            d.u.i.k.p.r.p.TestFile    ... success: reloaded. 
60809      INFO  Test worker     d.u.i.k.p.r.RunAllProofsTestUnit Returning from test newBook 
60813      INFO  Test worker     d.u.i.k.p.r.RunAllProofsTestUnit Running test oldBook 
378        INFO  Timeout watchdog d.u.i.k.p.r.p.ForkedTestFileRunner Timeout watcher launched (2000 secs.) 
381        WARN  main            d.u.i.k.s.ProofSettings   The settings in /home/runner/.key/proof-settings.props are *not* read. 
427        INFO  main            d.u.i.k.p.r.p.TestFile    Now processing file /home/runner/work/key/key/key.core/../key.ui/examples/standard_key/BookExamples/02FirstOrderLogic/Ex2.58.key 
601        INFO  main            d.u.i.k.p.i.AbstractProblemLoader Loading environment from /home/runner/work/key/key/key.core/../key.ui/examples/standard_key/BookExamples/02FirstOrderLogic/Ex2.58.key 
636        DEBUG main            d.u.i.k.p.i.AbstractProblemLoader Environment load took 2.85ms 
885        INFO  main            d.u.i.k.p.i.AbstractProblemLoader Creating init config 
1847       DEBUG main            d.u.i.k.j.TypeConverter   No LDT found for Meta 
1850       DEBUG main            d.u.i.k.j.TypeConverter   No LDT found for Meta 
1853       DEBUG main            d.u.i.k.j.TypeConverter   No LDT found for Meta 
1854       DEBUG main            d.u.i.k.j.TypeConverter   No LDT found for Meta 
3215       DEBUG main            d.u.i.k.j.TypeConverter   No LDT found for JavaBigintExpression 
8231       DEBUG main            d.u.i.k.p.i.AbstractProblemLoader Init config took 7.35s 
8320       INFO  main            d.u.i.k.p.i.AbstractProblemLoader Replaying proof Ex2.58.key 
8360       DEBUG main            d.u.i.k.p.i.IntermediateProofReplayer Proof replay took 41.7ns 
8543       INFO  main            d.u.i.k.p.r.p.TestFile    ... finished proof: closed. 
8662       INFO  main            d.u.i.k.p.i.AbstractProblemLoader Loading environment from /home/runner/work/key/key/key.core/../key.ui/examples/standard_key/BookExamples/02FirstOrderLogic/Ex2.58.key.proof 
8664       DEBUG main            d.u.i.k.p.i.AbstractProblemLoader Environment load took 1.57ms 
8671       INFO  main            d.u.i.k.p.i.AbstractProblemLoader Creating init config 
11593      DEBUG main            d.u.i.k.p.i.AbstractProblemLoader Init config took 2.92s 
11625      INFO  main            d.u.i.k.p.i.AbstractProblemLoader Replaying proof Ex2.58.key.proof 
11632      DEBUG main            d.u.i.k.p.i.IntermediateProofReplayer Proof replay took 2.96ms 
11644      DEBUG main            d.u.i.k.p.r.p.TestFile    ... success: reloaded. 
11645      INFO  main            d.u.i.k.p.r.p.TestFile    Now processing file /home/runner/work/key/key/key.core/../key.ui/examples/standard_key/BookExamples/03DynamicLogic/Sect3.3.1.key 
11646      INFO  main            d.u.i.k.p.i.AbstractProblemLoader Loading environment from /home/runner/work/key/key/key.core/../key.ui/examples/standard_key/BookExamples/03DynamicLogic/Sect3.3.1.key 
11646      DEBUG main            d.u.i.k.p.i.AbstractProblemLoader Environment load took 87.7ns 
11648      INFO  main            d.u.i.k.p.i.AbstractProblemLoader Creating init config 
14402      DEBUG main            d.u.i.k.p.i.AbstractProblemLoader Init config took 2.75s 
14436      INFO  main            d.u.i.k.p.i.AbstractProblemLoader Replaying proof Sect3.3.1.key 
14440      DEBUG main            d.u.i.k.p.i.IntermediateProofReplayer Proof replay took 8.3ns 
14948      INFO  main            d.u.i.k.p.r.p.TestFile    ... finished proof: closed. 
15108      INFO  main            d.u.i.k.p.i.AbstractProblemLoader Loading environment from /home/runner/work/key/key/key.core/../key.ui/examples/standard_key/BookExamples/03DynamicLogic/Sect3.3.1.key.proof 
15108      DEBUG main            d.u.i.k.p.i.AbstractProblemLoader Environment load took 156.4ns 
15110      INFO  main            d.u.i.k.p.i.AbstractProblemLoader Creating init config 
17811      DEBUG main            d.u.i.k.p.i.AbstractProblemLoader Init config took 2.7s 
17865      INFO  main            d.u.i.k.p.i.AbstractProblemLoader Replaying proof Sect3.3.1.key.proof 
17974      DEBUG main            d.u.i.k.p.i.IntermediateProofReplayer Proof replay took 98.44ms 
17980      DEBUG main            d.u.i.k.p.r.p.TestFile    ... success: reloaded. 
78988      INFO  Test worker     d.u.i.k.p.r.RunAllProofsTestUnit Returning from test oldBook 
78990      INFO  Test worker     d.u.i.k.p.r.RunAllProofsTestUnit Running test comprehensions 
371        INFO  Timeout watchdog d.u.i.k.p.r.p.ForkedTestFileRunner Timeout watcher launched (2000 secs.) 
396        WARN  main            d.u.i.k.s.ProofSettings   The settings in /home/runner/.key/proof-settings.props are *not* read. 
449        INFO  main            d.u.i.k.p.r.p.TestFile    Now processing file /home/runner/work/key/key/key.core/../key.ui/examples/heap/comprehensions/general_sum.key 
567        INFO  main            d.u.i.k.p.i.AbstractProblemLoader Loading environment from /home/runner/work/key/key/key.core/../key.ui/examples/heap/comprehensions/general_sum.key 
584        DEBUG main            d.u.i.k.p.i.AbstractProblemLoader Environment load took 2.33ms 
815        INFO  main            d.u.i.k.p.i.AbstractProblemLoader Creating init config 
1871       DEBUG main            d.u.i.k.j.TypeConverter   No LDT found for Meta 
1872       DEBUG main            d.u.i.k.j.TypeConverter   No LDT found for Meta 
1875       DEBUG main            d.u.i.k.j.TypeConverter   No LDT found for Meta 
1875       DEBUG main            d.u.i.k.j.TypeConverter   No LDT found for Meta 
3610       DEBUG main            d.u.i.k.j.TypeConverter   No LDT found for JavaBigintExpression 
9345       DEBUG main            d.u.i.k.p.i.AbstractProblemLoader Init config took 8.53s 
9527       INFO  main            d.u.i.k.p.i.AbstractProblemLoader Replaying proof GSum[GSum::doNothing()].JML operation contract.0 
9566       DEBUG main            d.u.i.k.p.i.IntermediateProofReplayer Proof replay took 41.3ns 
9898       INFO  main            d.u.i.k.p.r.p.TestFile    ... finished proof: closed. 
10014      INFO  main            d.u.i.k.p.i.AbstractProblemLoader Loading environment from /home/runner/work/key/key/key.core/../key.ui/examples/heap/comprehensions/general_sum.key.proof 
10018      DEBUG main            d.u.i.k.p.i.AbstractProblemLoader Environment load took 3.71ms 
10021      INFO  main            d.u.i.k.p.i.AbstractProblemLoader Creating init config 
13128      DEBUG main            d.u.i.k.p.i.AbstractProblemLoader Init config took 3.11s 
13214      INFO  main            d.u.i.k.p.i.AbstractProblemLoader Replaying proof GSum[GSum::doNothing()].JML operation contract.0 
13250      DEBUG main            d.u.i.k.p.i.IntermediateProofReplayer Proof replay took 27.52ms 
13258      DEBUG main            d.u.i.k.p.r.p.TestFile    ... success: reloaded. 
13259      INFO  main            d.u.i.k.p.r.p.TestFile    Now processing file /home/runner/work/key/key/key.core/../key.ui/examples/heap/comprehensions/sum0.key 
13259      INFO  main            d.u.i.k.p.i.AbstractProblemLoader Loading environment from /home/runner/work/key/key/key.core/../key.ui/examples/heap/comprehensions/sum0.key 
13259      DEBUG main            d.u.i.k.p.i.AbstractProblemLoader Environment load took 76.3ns 
13263      INFO  main            d.u.i.k.p.i.AbstractProblemLoader Creating init config 
16296      DEBUG main            d.u.i.k.p.i.AbstractProblemLoader Init config took 3.03s 
16357      INFO  main            d.u.i.k.p.i.AbstractProblemLoader Replaying proof Sum[Sum::sum0([I)].JML normal_behavior operation contract.0 
16361      DEBUG main            d.u.i.k.p.i.IntermediateProofReplayer Proof replay took 9.7ns 
16465      DEBUG Thread-4        d.u.i.k.l.l.OriginTermLabel commonFileName is null! 
16466      DEBUG Thread-4        d.u.i.k.l.l.OriginTermLabel commonFileName is null! 
16645      DEBUG Thread-4        d.u.i.k.l.l.OriginTermLabel commonFileName is null! 
16647      DEBUG Thread-4        d.u.i.k.l.l.OriginTermLabel commonFileName is null! 
16932      DEBUG Thread-4        d.u.i.k.l.l.OriginTermLabel commonFileName is null! 
17170      INFO  main            d.u.i.k.p.r.p.TestFile    ... finished proof: closed. 
17332      INFO  main            d.u.i.k.p.i.AbstractProblemLoader Loading environment from /home/runner/work/key/key/key.core/../key.ui/examples/heap/comprehensions/sum0.key.proof 
17334      DEBUG main            d.u.i.k.p.i.AbstractProblemLoader Environment load took 2.44ms 
17337      INFO  main            d.u.i.k.p.i.AbstractProblemLoader Creating init config 
20242      DEBUG main            d.u.i.k.p.i.AbstractProblemLoader Init config took 2.9s 
20295      INFO  main            d.u.i.k.p.i.AbstractProblemLoader Replaying proof Sum[Sum::sum0([I)].JML normal_behavior operation contract.0 
20327      DEBUG main            d.u.i.k.l.l.OriginTermLabel commonFileName is null! 
20327      DEBUG main            d.u.i.k.l.l.OriginTermLabel commonFileName is null! 
20373      DEBUG main            d.u.i.k.l.l.OriginTermLabel commonFileName is null! 
20401      DEBUG main            d.u.i.k.l.l.OriginTermLabel commonFileName is null! 
20402      DEBUG main            d.u.i.k.l.l.OriginTermLabel commonFileName is null! 
20405      DEBUG main            d.u.i.k.p.i.IntermediateProofReplayer Proof replay took 104.43ms 
20407      DEBUG main            d.u.i.k.p.r.p.TestFile    ... success: reloaded. 
20409      INFO  main            d.u.i.k.p.r.p.TestFile    Now processing file /home/runner/work/key/key/key.core/../key.ui/examples/heap/comprehensions/sum1.key 
20409      INFO  main            d.u.i.k.p.i.AbstractProblemLoader Loading environment from /home/runner/work/key/key/key.core/../key.ui/examples/heap/comprehensions/sum1.key 
20409      DEBUG main            d.u.i.k.p.i.AbstractProblemLoader Environment load took 377.61ns 
20411      INFO  main            d.u.i.k.p.i.AbstractProblemLoader Creating init config 
23317      DEBUG main            d.u.i.k.p.i.AbstractProblemLoader Init config took 2.91s 
23367      INFO  main            d.u.i.k.p.i.AbstractProblemLoader Replaying proof Sum[Sum::sum1([I)].JML normal_behavior operation contract.0 
23369      DEBUG main            d.u.i.k.p.i.IntermediateProofReplayer Proof replay took 7.1ns 
23439      DEBUG Thread-7        d.u.i.k.l.l.OriginTermLabel commonFileName is null! 
23441      DEBUG Thread-7        d.u.i.k.l.l.OriginTermLabel commonFileName is null! 
23619      DEBUG Thread-7        d.u.i.k.l.l.OriginTermLabel commonFileName is null! 
23622      DEBUG Thread-7        d.u.i.k.l.l.OriginTermLabel commonFileName is null! 
23769      DEBUG Thread-7        d.u.i.k.l.l.OriginTermLabel commonFileName is null! 
23978      INFO  main            d.u.i.k.p.r.p.TestFile    ... finished proof: closed. 
24227      INFO  main            d.u.i.k.p.i.AbstractProblemLoader Loading environment from /home/runner/work/key/key/key.core/../key.ui/examples/heap/comprehensions/sum1.key.proof 
24228      DEBUG main            d.u.i.k.p.i.AbstractProblemLoader Environment load took 840.62ns 
24231      INFO  main            d.u.i.k.p.i.AbstractProblemLoader Creating init config 
26980      DEBUG main            d.u.i.k.p.i.AbstractProblemLoader Init config took 2.75s 
27036      INFO  main            d.u.i.k.p.i.AbstractProblemLoader Replaying proof Sum[Sum::sum1([I)].JML normal_behavior operation contract.0 
27075      DEBUG main            d.u.i.k.l.l.OriginTermLabel commonFileName is null! 
27075      DEBUG main            d.u.i.k.l.l.OriginTermLabel commonFileName is null! 
27116      DEBUG main            d.u.i.k.l.l.OriginTermLabel commonFileName is null! 
27147      DEBUG main            d.u.i.k.l.l.OriginTermLabel commonFileName is null! 
27147      DEBUG main            d.u.i.k.l.l.OriginTermLabel commonFileName is null! 
27149      DEBUG main            d.u.i.k.p.i.IntermediateProofReplayer Proof replay took 103.29ms 
27150      DEBUG main            d.u.i.k.p.r.p.TestFile    ... success: reloaded. 
27152      INFO  main            d.u.i.k.p.r.p.TestFile    Now processing file /home/runner/work/key/key/key.core/../key.ui/examples/heap/comprehensions/sum2.key 
27152      INFO  main            d.u.i.k.p.i.AbstractProblemLoader Loading environment from /home/runner/work/key/key/key.core/../key.ui/examples/heap/comprehensions/sum2.key 
27152      DEBUG main            d.u.i.k.p.i.AbstractProblemLoader Environment load took 87.6ns 
27153      INFO  main            d.u.i.k.p.i.AbstractProblemLoader Creating init config 
30058      DEBUG main            d.u.i.k.p.i.AbstractProblemLoader Init config took 2.9s 
30105      INFO  main            d.u.i.k.p.i.AbstractProblemLoader Replaying proof Sum[Sum::sum2([I)].JML normal_behavior operation contract.0 
30107      DEBUG main            d.u.i.k.p.i.IntermediateProofReplayer Proof replay took 6.7ns 
30156      DEBUG Thread-10       d.u.i.k.l.l.OriginTermLabel commonFileName is null! 
30156      DEBUG Thread-10       d.u.i.k.l.l.OriginTermLabel commonFileName is null! 
30267      DEBUG Thread-10       d.u.i.k.l.l.OriginTermLabel commonFileName is null! 
30268      DEBUG Thread-10       d.u.i.k.l.l.OriginTermLabel commonFileName is null! 
30354      DEBUG Thread-10       d.u.i.k.l.l.OriginTermLabel commonFileName is null! 
30513      INFO  main            d.u.i.k.p.r.p.TestFile    ... finished proof: closed. 
30696      INFO  main            d.u.i.k.p.i.AbstractProblemLoader Loading environment from /home/runner/work/key/key/key.core/../key.ui/examples/heap/comprehensions/sum2.key.proof 
30696      DEBUG main            d.u.i.k.p.i.AbstractProblemLoader Environment load took 180.8ns 
30698      INFO  main            d.u.i.k.p.i.AbstractProblemLoader Creating init config 
33513      DEBUG main            d.u.i.k.p.i.AbstractProblemLoader Init config took 2.81s 
33579      INFO  main            d.u.i.k.p.i.AbstractProblemLoader Replaying proof Sum[Sum::sum2([I)].JML normal_behavior operation contract.0 
33601      DEBUG main            d.u.i.k.l.l.OriginTermLabel commonFileName is null! 
33602      DEBUG main            d.u.i.k.l.l.OriginTermLabel commonFileName is null! 
33628      DEBUG main            d.u.i.k.l.l.OriginTermLabel commonFileName is null! 
33647      DEBUG main            d.u.i.k.l.l.OriginTermLabel commonFileName is null! 
33648      DEBUG main            d.u.i.k.l.l.OriginTermLabel commonFileName is null! 
33651      DEBUG main            d.u.i.k.p.i.IntermediateProofReplayer Proof replay took 67.82ms 
33653      DEBUG main            d.u.i.k.p.r.p.TestFile    ... success: reloaded. 
33654      INFO  main            d.u.i.k.p.r.p.TestFile    Now processing file /home/runner/work/key/key/key.core/../key.ui/examples/heap/comprehensions/sum3.key 
33654      INFO  main            d.u.i.k.p.i.AbstractProblemLoader Loading environment from /home/runner/work/key/key/key.core/../key.ui/examples/heap/comprehensions/sum3.key 
33655      DEBUG main            d.u.i.k.p.i.AbstractProblemLoader Environment load took 547.61ns 
33657      INFO  main            d.u.i.k.p.i.AbstractProblemLoader Creating init config 
36459      DEBUG main            d.u.i.k.p.i.AbstractProblemLoader Init config took 2.8s 
36503      INFO  main            d.u.i.k.p.i.AbstractProblemLoader Replaying proof Sum[Sum::sum3([I)].JML normal_behavior operation contract.0 
36505      DEBUG main            d.u.i.k.p.i.IntermediateProofReplayer Proof replay took 7.5ns 
36558      DEBUG Thread-13       d.u.i.k.l.l.OriginTermLabel commonFileName is null! 
36559      DEBUG Thread-13       d.u.i.k.l.l.OriginTermLabel commonFileName is null! 
36685      DEBUG Thread-13       d.u.i.k.l.l.OriginTermLabel commonFileName is null! 
36686      DEBUG Thread-13       d.u.i.k.l.l.OriginTermLabel commonFileName is null! 
36789      DEBUG Thread-13       d.u.i.k.l.l.OriginTermLabel commonFileName is null! 
36913      INFO  main            d.u.i.k.p.r.p.TestFile    ... finished proof: closed. 
37109      INFO  main            d.u.i.k.p.i.AbstractProblemLoader Loading environment from /home/runner/work/key/key/key.core/../key.ui/examples/heap/comprehensions/sum3.key.proof 
37109      DEBUG main            d.u.i.k.p.i.AbstractProblemLoader Environment load took 143.1ns 
37111      INFO  main            d.u.i.k.p.i.AbstractProblemLoader Creating init config 
39854      DEBUG main            d.u.i.k.p.i.AbstractProblemLoader Init config took 2.74s 
39897      INFO  main            d.u.i.k.p.i.AbstractProblemLoader Replaying proof Sum[Sum::sum3([I)].JML normal_behavior operation contract.0 
39922      DEBUG main            d.u.i.k.l.l.OriginTermLabel commonFileName is null! 
39922      DEBUG main            d.u.i.k.l.l.OriginTermLabel commonFileName is null! 
39950      DEBUG main            d.u.i.k.l.l.OriginTermLabel commonFileName is null! 
39967      DEBUG main            d.u.i.k.l.l.OriginTermLabel commonFileName is null! 
39968      DEBUG main            d.u.i.k.l.l.OriginTermLabel commonFileName is null! 
39969      DEBUG main            d.u.i.k.p.i.IntermediateProofReplayer Proof replay took 69.12ms 
39970      DEBUG main            d.u.i.k.p.r.p.TestFile    ... success: reloaded. 
39971      INFO  main            d.u.i.k.p.r.p.TestFile    Now processing file /home/runner/work/key/key/key.core/../key.ui/examples/heap/comprehensions/segsum.key 
39971      INFO  main            d.u.i.k.p.i.AbstractProblemLoader Loading environment from /home/runner/work/key/key/key.core/../key.ui/examples/heap/comprehensions/segsum.key 
39972      DEBUG main            d.u.i.k.p.i.AbstractProblemLoader Environment load took 71.7ns 
39972      INFO  main            d.u.i.k.p.i.AbstractProblemLoader Creating init config 
42734      DEBUG main            d.u.i.k.p.i.AbstractProblemLoader Init config took 2.76s 
42778      INFO  main            d.u.i.k.p.i.AbstractProblemLoader Replaying proof SegSum[SegSum::segSum([I,int,int)].JML normal_behavior operation contract.0 
42780      DEBUG main            d.u.i.k.p.i.IntermediateProofReplayer Proof replay took 6.4ns 
43285      INFO  main            d.u.i.k.p.r.p.TestFile    ... finished proof: closed. 
43461      INFO  main            d.u.i.k.p.i.AbstractProblemLoader Loading environment from /home/runner/work/key/key/key.core/../key.ui/examples/heap/comprehensions/segsum.key.proof 
43462      DEBUG main            d.u.i.k.p.i.AbstractProblemLoader Environment load took 1.4ms 
43464      INFO  main            d.u.i.k.p.i.AbstractProblemLoader Creating init config 
46170      DEBUG main            d.u.i.k.p.i.AbstractProblemLoader Init config took 2.71s 
46215      INFO  main            d.u.i.k.p.i.AbstractProblemLoader Replaying proof SegSum[SegSum::segSum([I,int,int)].JML normal_behavior operation contract.0 
46286      DEBUG main            d.u.i.k.p.i.IntermediateProofReplayer Proof replay took 63.26ms 
46289      DEBUG main            d.u.i.k.p.r.p.TestFile    ... success: reloaded. 
46292      INFO  main            d.u.i.k.p.r.p.TestFile    Now processing file /home/runner/work/key/key/key.core/../key.ui/examples/heap/comprehensions/bsum_negative.key 
46294      INFO  main            d.u.i.k.p.i.AbstractProblemLoader Loading environment from /home/runner/work/key/key/key.core/../key.ui/examples/heap/comprehensions/bsum_negative.key 
46296      DEBUG main            d.u.i.k.p.i.AbstractProblemLoader Environment load took 2.78ms 
46300      INFO  main            d.u.i.k.p.i.AbstractProblemLoader Creating init config 
48983      DEBUG main            d.u.i.k.p.i.AbstractProblemLoader Init config took 2.68s 
49003      INFO  main            d.u.i.k.p.i.AbstractProblemLoader Replaying proof bsum_negative.key 
49005      DEBUG main            d.u.i.k.p.i.IntermediateProofReplayer Proof replay took 8.5ns 
49108      INFO  main            d.u.i.k.p.r.p.TestFile    ... finished proof: closed. 
49288      INFO  main            d.u.i.k.p.i.AbstractProblemLoader Loading environment from /home/runner/work/key/key/key.core/../key.ui/examples/heap/comprehensions/bsum_negative.key.proof 
49288      DEBUG main            d.u.i.k.p.i.AbstractProblemLoader Environment load took 142.2ns 
49290      INFO  main            d.u.i.k.p.i.AbstractProblemLoader Creating init config 
51844      DEBUG main            d.u.i.k.p.i.AbstractProblemLoader Init config took 2.55s 
51863      INFO  main            d.u.i.k.p.i.AbstractProblemLoader Replaying proof bsum_negative.key.proof 
51866      DEBUG main            d.u.i.k.p.i.IntermediateProofReplayer Proof replay took 1.18ms 
51867      DEBUG main            d.u.i.k.p.r.p.TestFile    ... success: reloaded. 
51867      INFO  main            d.u.i.k.p.r.p.TestFile    Now processing file /home/runner/work/key/key/key.core/../key.ui/examples/heap/comprehensions/bsum_neg2.key 
51867      INFO  main            d.u.i.k.p.i.AbstractProblemLoader Loading environment from /home/runner/work/key/key/key.core/../key.ui/examples/heap/comprehensions/bsum_neg2.key 
51868      DEBUG main            d.u.i.k.p.i.AbstractProblemLoader Environment load took 60.1ns 
51869      INFO  main            d.u.i.k.p.i.AbstractProblemLoader Creating init config 
54468      DEBUG main            d.u.i.k.p.i.AbstractProblemLoader Init config took 2.6s 
54487      INFO  main            d.u.i.k.p.i.AbstractProblemLoader Replaying proof bsum_neg2.key 
54489      DEBUG main            d.u.i.k.p.i.IntermediateProofReplayer Proof replay took 8.7ns 
54592      INFO  main            d.u.i.k.p.r.p.TestFile    ... finished proof: closed. 
54779      INFO  main            d.u.i.k.p.i.AbstractProblemLoader Loading environment from /home/runner/work/key/key/key.core/../key.ui/examples/heap/comprehensions/bsum_neg2.key.proof 
54779      DEBUG main            d.u.i.k.p.i.AbstractProblemLoader Environment load took 145.2ns 
54781      INFO  main            d.u.i.k.p.i.AbstractProblemLoader Creating init config 
57379      DEBUG main            d.u.i.k.p.i.AbstractProblemLoader Init config took 2.6s 
57397      INFO  main            d.u.i.k.p.i.AbstractProblemLoader Replaying proof bsum_neg2.key.proof 
57399      DEBUG main            d.u.i.k.p.i.IntermediateProofReplayer Proof replay took 701.72ns 
57400      DEBUG main            d.u.i.k.p.r.p.TestFile    ... success: reloaded. 
57401      INFO  main            d.u.i.k.p.r.p.TestFile    Now processing file /home/runner/work/key/key/key.core/../key.ui/examples/heap/comprehensions/bsumSplit.key 
57401      INFO  main            d.u.i.k.p.i.AbstractProblemLoader Loading environment from /home/runner/work/key/key/key.core/../key.ui/examples/heap/comprehensions/bsumSplit.key 
57401      DEBUG main            d.u.i.k.p.i.AbstractProblemLoader Environment load took 63.9ns 
57402      INFO  main            d.u.i.k.p.i.AbstractProblemLoader Creating init config 
60014      DEBUG main            d.u.i.k.p.i.AbstractProblemLoader Init config took 2.61s 
60038      INFO  main            d.u.i.k.p.i.AbstractProblemLoader Replaying proof bsumSplit.key 
60039      DEBUG main            d.u.i.k.p.i.IntermediateProofReplayer Proof replay took 9.3ns 
60142      INFO  main            d.u.i.k.p.r.p.TestFile    ... finished proof: closed. 
60352      INFO  main            d.u.i.k.p.i.AbstractProblemLoader Loading environment from /home/runner/work/key/key/key.core/../key.ui/examples/heap/comprehensions/bsumSplit.key.proof 
60352      DEBUG main            d.u.i.k.p.i.AbstractProblemLoader Environment load took 138.5ns 
60355      INFO  main            d.u.i.k.p.i.AbstractProblemLoader Creating init config 
62903      DEBUG main            d.u.i.k.p.i.AbstractProblemLoader Init config took 2.55s 
62922      INFO  main            d.u.i.k.p.i.AbstractProblemLoader Replaying proof bsumSplit.key.proof 
62928      DEBUG main            d.u.i.k.p.i.IntermediateProofReplayer Proof replay took 3.29ms 
62929      DEBUG main            d.u.i.k.p.r.p.TestFile    ... success: reloaded. 
62930      INFO  main            d.u.i.k.p.r.p.TestFile    Now processing file /home/runner/work/key/key/key.core/../key.ui/examples/heap/comprehensions/bprodSplit.key 
62931      INFO  main            d.u.i.k.p.i.AbstractProblemLoader Loading environment from /home/runner/work/key/key/key.core/../key.ui/examples/heap/comprehensions/bprodSplit.key 
62931      DEBUG main            d.u.i.k.p.i.AbstractProblemLoader Environment load took 654.62ns 
62933      INFO  main            d.u.i.k.p.i.AbstractProblemLoader Creating init config 
65515      DEBUG main            d.u.i.k.p.i.AbstractProblemLoader Init config took 2.58s 
65532      INFO  main            d.u.i.k.p.i.AbstractProblemLoader Replaying proof bprodSplit.key 
65533      DEBUG main            d.u.i.k.p.i.IntermediateProofReplayer Proof replay took 9ns 
65638      INFO  main            d.u.i.k.p.r.p.TestFile    ... finished proof: closed. 
65831      INFO  main            d.u.i.k.p.i.AbstractProblemLoader Loading environment from /home/runner/work/key/key/key.core/../key.ui/examples/heap/comprehensions/bprodSplit.key.proof 
65831      DEBUG main            d.u.i.k.p.i.AbstractProblemLoader Environment load took 138.4ns 
65833      INFO  main            d.u.i.k.p.i.AbstractProblemLoader Creating init config 
68383      DEBUG main            d.u.i.k.p.i.AbstractProblemLoader Init config took 2.55s 
68411      INFO  main            d.u.i.k.p.i.AbstractProblemLoader Replaying proof bprodSplit.key.proof 
68415      DEBUG main            d.u.i.k.p.i.IntermediateProofReplayer Proof replay took 2.2ms 
68416      DEBUG main            d.u.i.k.p.r.p.TestFile    ... success: reloaded. 
68416      INFO  main            d.u.i.k.p.r.p.TestFile    Now processing file /home/runner/work/key/key/key.core/../key.ui/examples/heap/comprehensions/bsumSplitInvalid.key 
68417      INFO  main            d.u.i.k.p.i.AbstractProblemLoader Loading environment from /home/runner/work/key/key/key.core/../key.ui/examples/heap/comprehensions/bsumSplitInvalid.key 
68417      DEBUG main            d.u.i.k.p.i.AbstractProblemLoader Environment load took 133.8ns 
68418      INFO  main            d.u.i.k.p.i.AbstractProblemLoader Creating init config 
70976      DEBUG main            d.u.i.k.p.i.AbstractProblemLoader Init config took 2.56s 
70991      INFO  main            d.u.i.k.p.i.AbstractProblemLoader Replaying proof bsumSplitInvalid.key 
70993      DEBUG main            d.u.i.k.p.i.IntermediateProofReplayer Proof replay took 8.4ns 
71100      INFO  main            d.u.i.k.p.r.p.TestFile    ... finished proof: open goal(s) 
150557     INFO  Test worker     d.u.i.k.p.r.RunAllProofsTestUnit Returning from test comprehensions 
150559     INFO  Test worker     d.u.i.k.p.r.RunAllProofsTestUnit Running test performance 
365        INFO  Timeout watchdog d.u.i.k.p.r.p.ForkedTestFileRunner Timeout watcher launched (2000 secs.) 
393        WARN  main            d.u.i.k.s.ProofSettings   The settings in /home/runner/.key/proof-settings.props are *not* read. 
420        INFO  main            d.u.i.k.p.r.p.TestFile    Now processing file /home/runner/work/key/key/key.core/../key.ui/examples/performance-test/Disjoint(Disjoint__disjoint_08()).JML_operation_contract.0.key 
534        INFO  main            d.u.i.k.p.i.AbstractProblemLoader Loading environment from /home/runner/work/key/key/key.core/../key.ui/examples/performance-test/Disjoint(Disjoint__disjoint_08()).JML_operation_contract.0.key 
551        DEBUG main            d.u.i.k.p.i.AbstractProblemLoader Environment load took 2.66ms 
801        INFO  main            d.u.i.k.p.i.AbstractProblemLoader Creating init config 
1708       DEBUG main            d.u.i.k.j.TypeConverter   No LDT found for Meta 
1709       DEBUG main            d.u.i.k.j.TypeConverter   No LDT found for Meta 
1714       DEBUG main            d.u.i.k.j.TypeConverter   No LDT found for Meta 
1714       DEBUG main            d.u.i.k.j.TypeConverter   No LDT found for Meta 
3127       DEBUG main            d.u.i.k.j.TypeConverter   No LDT found for JavaBigintExpression 
9286       DEBUG main            d.u.i.k.j.r.ClassPreparationMethodBuilder clPrepBuilder: Inner Class detected. Reject building class initialisation methods. 
17469      DEBUG main            d.u.i.k.p.i.AbstractProblemLoader Init config took 16.67s 
17666      INFO  main            d.u.i.k.p.i.AbstractProblemLoader Replaying proof Disjoint[Disjoint::disjoint_8()].JML operation contract.0 
17753      DEBUG main            d.u.i.k.p.i.IntermediateProofReplayer Proof replay took 440.81ns 
20594      INFO  main            d.u.i.k.p.r.p.TestFile    ... finished proof: closed. 
20846      INFO  main            d.u.i.k.p.i.AbstractProblemLoader Loading environment from /home/runner/work/key/key/key.core/../key.ui/examples/performance-test/Disjoint(Disjoint__disjoint_08()).JML_operation_contract.0.key.proof 
20850      DEBUG main            d.u.i.k.p.i.AbstractProblemLoader Environment load took 4.72ms 
20853      INFO  main            d.u.i.k.p.i.AbstractProblemLoader Creating init config 
24127      DEBUG main            d.u.i.k.j.r.ClassPreparationMethodBuilder clPrepBuilder: Inner Class detected. Reject building class initialisation methods. 
31425      DEBUG main            d.u.i.k.p.i.AbstractProblemLoader Init config took 10.57s 
31547      INFO  main            d.u.i.k.p.i.AbstractProblemLoader Replaying proof Disjoint[Disjoint::disjoint_8()].JML operation contract.0 
31908      DEBUG main            d.u.i.k.p.i.IntermediateProofReplayer Proof replay took 345.81ms 
31927      DEBUG main            d.u.i.k.p.r.p.TestFile    ... success: reloaded. 
31929      INFO  main            d.u.i.k.p.r.p.TestFile    Now processing file /home/runner/work/key/key/key.core/../key.ui/examples/performance-test/Disjoint(Disjoint__disjoint2_08()).JML_operation_contract.0.key 
31929      INFO  main            d.u.i.k.p.i.AbstractProblemLoader Loading environment from /home/runner/work/key/key/key.core/../key.ui/examples/performance-test/Disjoint(Disjoint__disjoint2_08()).JML_operation_contract.0.key 
31930      DEBUG main            d.u.i.k.p.i.AbstractProblemLoader Environment load took 140ns 
31932      INFO  main            d.u.i.k.p.i.AbstractProblemLoader Creating init config 
35169      DEBUG main            d.u.i.k.j.r.ClassPreparationMethodBuilder clPrepBuilder: Inner Class detected. Reject building class initialisation methods. 
42343      DEBUG main            d.u.i.k.p.i.AbstractProblemLoader Init config took 10.41s 
42450      INFO  main            d.u.i.k.p.i.AbstractProblemLoader Replaying proof Disjoint[Disjoint::disjoint2_8()].JML operation contract.0 
42454      DEBUG main            d.u.i.k.p.i.IntermediateProofReplayer Proof replay took 27.7ns 
43559      INFO  main            d.u.i.k.p.r.p.TestFile    ... finished proof: closed. 
43893      INFO  main            d.u.i.k.p.i.AbstractProblemLoader Loading environment from /home/runner/work/key/key/key.core/../key.ui/examples/performance-test/Disjoint(Disjoint__disjoint2_08()).JML_operation_contract.0.key.proof 
43894      DEBUG main            d.u.i.k.p.i.AbstractProblemLoader Environment load took 833.72ns 
43896      INFO  main            d.u.i.k.p.i.AbstractProblemLoader Creating init config 
46940      DEBUG main            d.u.i.k.j.r.ClassPreparationMethodBuilder clPrepBuilder: Inner Class detected. Reject building class initialisation methods. 
53969      DEBUG main            d.u.i.k.p.i.AbstractProblemLoader Init config took 10.07s 
54070      INFO  main            d.u.i.k.p.i.AbstractProblemLoader Replaying proof Disjoint[Disjoint::disjoint2_8()].JML operation contract.0 
54150      DEBUG main            d.u.i.k.p.i.IntermediateProofReplayer Proof replay took 75.51ms 
54151      DEBUG main            d.u.i.k.p.r.p.TestFile    ... success: reloaded. 
54153      INFO  main            d.u.i.k.p.r.p.TestFile    Now processing file /home/runner/work/key/key/key.core/../key.ui/examples/performance-test/AccessChain1(AccessChain1__foo_08()).JML_operation_contract.0.key 
54153      INFO  main            d.u.i.k.p.i.AbstractProblemLoader Loading environment from /home/runner/work/key/key/key.core/../key.ui/examples/performance-test/AccessChain1(AccessChain1__foo_08()).JML_operation_contract.0.key 
54153      DEBUG main            d.u.i.k.p.i.AbstractProblemLoader Environment load took 71.3ns 
54154      INFO  main            d.u.i.k.p.i.AbstractProblemLoader Creating init config 
57207      DEBUG main            d.u.i.k.j.r.ClassPreparationMethodBuilder clPrepBuilder: Inner Class detected. Reject building class initialisation methods. 
64233      DEBUG main            d.u.i.k.p.i.AbstractProblemLoader Init config took 10.08s 
64329      INFO  main            d.u.i.k.p.i.AbstractProblemLoader Replaying proof AccessChain1[AccessChain1::foo_8()].JML operation contract.0 
64332      DEBUG main            d.u.i.k.p.i.IntermediateProofReplayer Proof replay took 12.8ns 
66886      INFO  main            d.u.i.k.p.r.p.TestFile    ... finished proof: closed. 
67249      INFO  main            d.u.i.k.p.i.AbstractProblemLoader Loading environment from /home/runner/work/key/key/key.core/../key.ui/examples/performance-test/AccessChain1(AccessChain1__foo_08()).JML_operation_contract.0.key.proof 
67253      DEBUG main            d.u.i.k.p.i.AbstractProblemLoader Environment load took 4ms 
67257      INFO  main            d.u.i.k.p.i.AbstractProblemLoader Creating init config 
70209      DEBUG main            d.u.i.k.j.r.ClassPreparationMethodBuilder clPrepBuilder: Inner Class detected. Reject building class initialisation methods. 
77209      DEBUG main            d.u.i.k.p.i.AbstractProblemLoader Init config took 9.95s 
77333      INFO  main            d.u.i.k.p.i.AbstractProblemLoader Replaying proof AccessChain1[AccessChain1::foo_8()].JML operation contract.0 
77770      DEBUG main            d.u.i.k.p.i.IntermediateProofReplayer Proof replay took 421.13ms 
77772      DEBUG main            d.u.i.k.p.r.p.TestFile    ... success: reloaded. 
77773      INFO  main            d.u.i.k.p.r.p.TestFile    Now processing file /home/runner/work/key/key/key.core/../key.ui/examples/performance-test/AccessChain4(AccessChain4__foo_08()).JML_operation_contract.0.key 
77774      INFO  main            d.u.i.k.p.i.AbstractProblemLoader Loading environment from /home/runner/work/key/key/key.core/../key.ui/examples/performance-test/AccessChain4(AccessChain4__foo_08()).JML_operation_contract.0.key 
77774      DEBUG main            d.u.i.k.p.i.AbstractProblemLoader Environment load took 75.8ns 
77775      INFO  main            d.u.i.k.p.i.AbstractProblemLoader Creating init config 
80857      DEBUG main            d.u.i.k.j.r.ClassPreparationMethodBuilder clPrepBuilder: Inner Class detected. Reject building class initialisation methods. 
87849      DEBUG main            d.u.i.k.p.i.AbstractProblemLoader Init config took 10.07s 
87944      INFO  main            d.u.i.k.p.i.AbstractProblemLoader Replaying proof AccessChain4[AccessChain4::foo_8()].JML operation contract.0 
87946      DEBUG main            d.u.i.k.p.i.IntermediateProofReplayer Proof replay took 23.2ns 
94158      INFO  main            d.u.i.k.p.r.p.TestFile    ... finished proof: closed. 
94557      INFO  main            d.u.i.k.p.i.AbstractProblemLoader Loading environment from /home/runner/work/key/key/key.core/../key.ui/examples/performance-test/AccessChain4(AccessChain4__foo_08()).JML_operation_contract.0.key.proof 
94563      DEBUG main            d.u.i.k.p.i.AbstractProblemLoader Environment load took 5.72ms 
94566      INFO  main            d.u.i.k.p.i.AbstractProblemLoader Creating init config 
97514      DEBUG main            d.u.i.k.j.r.ClassPreparationMethodBuilder clPrepBuilder: Inner Class detected. Reject building class initialisation methods. 
104489     DEBUG main            d.u.i.k.p.i.AbstractProblemLoader Init config took 9.92s 
104583     INFO  main            d.u.i.k.p.i.AbstractProblemLoader Replaying proof AccessChain4[AccessChain4::foo_8()].JML operation contract.0 
105344     DEBUG main            d.u.i.k.p.i.IntermediateProofReplayer Proof replay took 732.93ms 
105347     DEBUG main            d.u.i.k.p.r.p.TestFile    ... success: reloaded. 
105351     INFO  main            d.u.i.k.p.r.p.TestFile    Now processing file /home/runner/work/key/key/key.core/../key.ui/examples/performance-test/Disjoint(Disjoint__xZero_08()).JML_operation_contract.0.key 
105352     INFO  main            d.u.i.k.p.i.AbstractProblemLoader Loading environment from /home/runner/work/key/key/key.core/../key.ui/examples/performance-test/Disjoint(Disjoint__xZero_08()).JML_operation_contract.0.key 
105352     DEBUG main            d.u.i.k.p.i.AbstractProblemLoader Environment load took 374.31ns 
105354     INFO  main            d.u.i.k.p.i.AbstractProblemLoader Creating init config 
108459     DEBUG main            d.u.i.k.j.r.ClassPreparationMethodBuilder clPrepBuilder: Inner Class detected. Reject building class initialisation methods. 
115497     DEBUG main            d.u.i.k.p.i.AbstractProblemLoader Init config took 10.14s 
115595     INFO  main            d.u.i.k.p.i.AbstractProblemLoader Replaying proof Disjoint[Disjoint::xZero_8()].JML operation contract.0 
115599     DEBUG main            d.u.i.k.p.i.IntermediateProofReplayer Proof replay took 14.2ns 
116706     INFO  main            d.u.i.k.p.r.p.TestFile    ... finished proof: closed. 
117101     INFO  main            d.u.i.k.p.i.AbstractProblemLoader Loading environment from /home/runner/work/key/key/key.core/../key.ui/examples/performance-test/Disjoint(Disjoint__xZero_08()).JML_operation_contract.0.key.proof 
117107     DEBUG main            d.u.i.k.p.i.AbstractProblemLoader Environment load took 5.59ms 
117109     INFO  main            d.u.i.k.p.i.AbstractProblemLoader Creating init config 
120037     DEBUG main            d.u.i.k.j.r.ClassPreparationMethodBuilder clPrepBuilder: Inner Class detected. Reject building class initialisation methods. 
126936     DEBUG main            d.u.i.k.p.i.AbstractProblemLoader Init config took 9.83s 
127028     INFO  main            d.u.i.k.p.i.AbstractProblemLoader Replaying proof Disjoint[Disjoint::xZero_8()].JML operation contract.0 
127234     DEBUG main            d.u.i.k.p.i.IntermediateProofReplayer Proof replay took 198.81ms 
127236     DEBUG main            d.u.i.k.p.r.p.TestFile    ... success: reloaded. 
127238     INFO  main            d.u.i.k.p.r.p.TestFile    Now processing file /home/runner/work/key/key/key.core/../key.ui/examples/performance-test/Dynamic(Dynamic__foo_08()).JML_operation_contract.0.key 
127238     INFO  main            d.u.i.k.p.i.AbstractProblemLoader Loading environment from /home/runner/work/key/key/key.core/../key.ui/examples/performance-test/Dynamic(Dynamic__foo_08()).JML_operation_contract.0.key 
127238     DEBUG main            d.u.i.k.p.i.AbstractProblemLoader Environment load took 278ns 
127240     INFO  main            d.u.i.k.p.i.AbstractProblemLoader Creating init config 
130241     DEBUG main            d.u.i.k.j.r.ClassPreparationMethodBuilder clPrepBuilder: Inner Class detected. Reject building class initialisation methods. 
137164     DEBUG main            d.u.i.k.p.i.AbstractProblemLoader Init config took 9.92s 
137256     INFO  main            d.u.i.k.p.i.AbstractProblemLoader Replaying proof Dynamic[Dynamic::foo_8()].JML operation contract.0 
137258     DEBUG main            d.u.i.k.p.i.IntermediateProofReplayer Proof replay took 15.7ns 
142245     INFO  main            d.u.i.k.p.r.p.TestFile    ... finished proof: closed. 
142671     INFO  main            d.u.i.k.p.i.AbstractProblemLoader Loading environment from /home/runner/work/key/key/key.core/../key.ui/examples/performance-test/Dynamic(Dynamic__foo_08()).JML_operation_contract.0.key.proof 
142671     DEBUG main            d.u.i.k.p.i.AbstractProblemLoader Environment load took 261.81ns 
142673     INFO  main            d.u.i.k.p.i.AbstractProblemLoader Creating init config 
145590     DEBUG main            d.u.i.k.j.r.ClassPreparationMethodBuilder clPrepBuilder: Inner Class detected. Reject building class initialisation methods. 
152487     DEBUG main            d.u.i.k.p.i.AbstractProblemLoader Init config took 9.81s 
152576     INFO  main            d.u.i.k.p.i.AbstractProblemLoader Replaying proof Dynamic[Dynamic::foo_8()].JML operation contract.0 
153043     DEBUG main            d.u.i.k.p.i.IntermediateProofReplayer Proof replay took 446.92ms 
153045     DEBUG main            d.u.i.k.p.r.p.TestFile    ... success: reloaded. 
153046     INFO  main            d.u.i.k.p.r.p.TestFile    Now processing file /home/runner/work/key/key/key.core/../key.ui/examples/performance-test/DynamicGhost(DynamicGhost__dynamicGhost_08()).JML_normal_behavior_operation_contract.0.key 
153047     INFO  main            d.u.i.k.p.i.AbstractProblemLoader Loading environment from /home/runner/work/key/key/key.core/../key.ui/examples/performance-test/DynamicGhost(DynamicGhost__dynamicGhost_08()).JML_normal_behavior_operation_contract.0.key 
153047     DEBUG main            d.u.i.k.p.i.AbstractProblemLoader Environment load took 128.2ns 
153048     INFO  main            d.u.i.k.p.i.AbstractProblemLoader Creating init config 
156056     DEBUG main            d.u.i.k.j.r.ClassPreparationMethodBuilder clPrepBuilder: Inner Class detected. Reject building class initialisation methods. 
163012     DEBUG main            d.u.i.k.p.i.AbstractProblemLoader Init config took 9.96s 
163102     INFO  main            d.u.i.k.p.i.AbstractProblemLoader Replaying proof DynamicGhost[DynamicGhost::dynamicGhost_8()].JML normal_behavior operation contract.0 
163105     DEBUG main            d.u.i.k.p.i.IntermediateProofReplayer Proof replay took 13.5ns 
167099     INFO  main            d.u.i.k.p.r.p.TestFile    ... finished proof: closed. 
167553     INFO  main            d.u.i.k.p.i.AbstractProblemLoader Loading environment from /home/runner/work/key/key/key.core/../key.ui/examples/performance-test/DynamicGhost(DynamicGhost__dynamicGhost_08()).JML_normal_behavior_operation_contract.0.key.proof 
167554     DEBUG main            d.u.i.k.p.i.AbstractProblemLoader Environment load took 263.41ns 
167556     INFO  main            d.u.i.k.p.i.AbstractProblemLoader Creating init config 
170461     DEBUG main            d.u.i.k.j.r.ClassPreparationMethodBuilder clPrepBuilder: Inner Class detected. Reject building class initialisation methods. 
177320     DEBUG main            d.u.i.k.p.i.AbstractProblemLoader Init config took 9.76s 
177436     INFO  main            d.u.i.k.p.i.AbstractProblemLoader Replaying proof DynamicGhost[DynamicGhost::dynamicGhost_8()].JML normal_behavior operation contract.0 
177894     DEBUG main            d.u.i.k.p.i.IntermediateProofReplayer Proof replay took 440.76ms 
177897     DEBUG main            d.u.i.k.p.r.p.TestFile    ... success: reloaded. 
177899     INFO  main            d.u.i.k.p.r.p.TestFile    Now processing file /home/runner/work/key/key/key.core/../key.ui/examples/performance-test/GhostFrame(GhostFrame__foo_08()).JML_operation_contract.0.key 
177899     INFO  main            d.u.i.k.p.i.AbstractProblemLoader Loading environment from /home/runner/work/key/key/key.core/../key.ui/examples/performance-test/GhostFrame(GhostFrame__foo_08()).JML_operation_contract.0.key 
177899     DEBUG main            d.u.i.k.p.i.AbstractProblemLoader Environment load took 137.9ns 
177900     INFO  main            d.u.i.k.p.i.AbstractProblemLoader Creating init config 
180928     DEBUG main            d.u.i.k.j.r.ClassPreparationMethodBuilder clPrepBuilder: Inner Class detected. Reject building class initialisation methods. 
187863     DEBUG main            d.u.i.k.p.i.AbstractProblemLoader Init config took 9.96s 
187950     INFO  main            d.u.i.k.p.i.AbstractProblemLoader Replaying proof GhostFrame[GhostFrame::foo_8()].JML operation contract.0 
187953     DEBUG main            d.u.i.k.p.i.IntermediateProofReplayer Proof replay took 16ns 
189764     INFO  main            d.u.i.k.p.r.p.TestFile    ... finished proof: closed. 
190221     INFO  main            d.u.i.k.p.i.AbstractProblemLoader Loading environment from /home/runner/work/key/key/key.core/../key.ui/examples/performance-test/GhostFrame(GhostFrame__foo_08()).JML_operation_contract.0.key.proof 
190222     DEBUG main            d.u.i.k.p.i.AbstractProblemLoader Environment load took 676.12ns 
190223     INFO  main            d.u.i.k.p.i.AbstractProblemLoader Creating init config 
193096     DEBUG main            d.u.i.k.j.r.ClassPreparationMethodBuilder clPrepBuilder: Inner Class detected. Reject building class initialisation methods. 
199974     DEBUG main            d.u.i.k.p.i.AbstractProblemLoader Init config took 9.75s 
200065     INFO  main            d.u.i.k.p.i.AbstractProblemLoader Replaying proof GhostFrame[GhostFrame::foo_8()].JML operation contract.0 
200323     DEBUG main            d.u.i.k.p.i.IntermediateProofReplayer Proof replay took 249ms 
200325     DEBUG main            d.u.i.k.p.r.p.TestFile    ... success: reloaded. 
200326     INFO  main            d.u.i.k.p.r.p.TestFile    Now processing file /home/runner/work/key/key/key.core/../key.ui/examples/performance-test/Modelfield(Modelfield__foo_08()).JML_operation_contract.0.key 
200326     INFO  main            d.u.i.k.p.i.AbstractProblemLoader Loading environment from /home/runner/work/key/key/key.core/../key.ui/examples/performance-test/Modelfield(Modelfield__foo_08()).JML_operation_contract.0.key 
200326     DEBUG main            d.u.i.k.p.i.AbstractProblemLoader Environment load took 56.1ns 
200327     INFO  main            d.u.i.k.p.i.AbstractProblemLoader Creating init config 
203318     DEBUG main            d.u.i.k.j.r.ClassPreparationMethodBuilder clPrepBuilder: Inner Class detected. Reject building class initialisation methods. 
210233     DEBUG main            d.u.i.k.p.i.AbstractProblemLoader Init config took 9.91s 
210320     INFO  main            d.u.i.k.p.i.AbstractProblemLoader Replaying proof Modelfield[Modelfield::foo_8()].JML operation contract.0 
210322     DEBUG main            d.u.i.k.p.i.IntermediateProofReplayer Proof replay took 9.7ns 
213234     INFO  main            d.u.i.k.p.r.p.TestFile    ... finished proof: closed. 
213709     INFO  main            d.u.i.k.p.i.AbstractProblemLoader Loading environment from /home/runner/work/key/key/key.core/../key.ui/examples/performance-test/Modelfield(Modelfield__foo_08()).JML_operation_contract.0.key.proof 
213710     DEBUG main            d.u.i.k.p.i.AbstractProblemLoader Environment load took 720.32ns 
213713     INFO  main            d.u.i.k.p.i.AbstractProblemLoader Creating init config 
216575     DEBUG main            d.u.i.k.j.r.ClassPreparationMethodBuilder clPrepBuilder: Inner Class detected. Reject building class initialisation methods. 
223492     DEBUG main            d.u.i.k.p.i.AbstractProblemLoader Init config took 9.78s 
223588     INFO  main            d.u.i.k.p.i.AbstractProblemLoader Replaying proof Modelfield[Modelfield::foo_8()].JML operation contract.0 
223937     DEBUG main            d.u.i.k.p.i.IntermediateProofReplayer Proof replay took 335.37ms 
223940     DEBUG main            d.u.i.k.p.r.p.TestFile    ... success: reloaded. 
374675     INFO  Test worker     d.u.i.k.p.r.RunAllProofsTestUnit Returning from test performance 
374676     INFO  Test worker     d.u.i.k.p.r.RunAllProofsTestUnit Running test performancePOConstruction 
380        INFO  Timeout watchdog d.u.i.k.p.r.p.ForkedTestFileRunner Timeout watcher launched (2000 secs.) 
395        WARN  main            d.u.i.k.s.ProofSettings   The settings in /home/runner/.key/proof-settings.props are *not* read. 
432        INFO  main            d.u.i.k.p.r.p.TestFile    Now processing file /home/runner/work/key/key/key.core/../key.ui/examples/performance-test/Test(Test__a0(int)).JML_normal_behavior_operation_contract.0.key 
560        INFO  main            d.u.i.k.p.i.AbstractProblemLoader Loading environment from /home/runner/work/key/key/key.core/../key.ui/examples/performance-test/Test(Test__a0(int)).JML_normal_behavior_operation_contract.0.key 
577        DEBUG main            d.u.i.k.p.i.AbstractProblemLoader Environment load took 2.07ms 
812        INFO  main            d.u.i.k.p.i.AbstractProblemLoader Creating init config 
1958       DEBUG main            d.u.i.k.j.TypeConverter   No LDT found for Meta 
1959       DEBUG main            d.u.i.k.j.TypeConverter   No LDT found for Meta 
1962       DEBUG main            d.u.i.k.j.TypeConverter   No LDT found for Meta 
1963       DEBUG main            d.u.i.k.j.TypeConverter   No LDT found for Meta 
3534       DEBUG main            d.u.i.k.j.TypeConverter   No LDT found for JavaBigintExpression 
9086       DEBUG main            d.u.i.k.j.r.ClassPreparationMethodBuilder clPrepBuilder: Inner Class detected. Reject building class initialisation methods. 
17032      DEBUG main            d.u.i.k.p.i.AbstractProblemLoader Init config took 16.22s 
18174      INFO  main            d.u.i.k.p.i.AbstractProblemLoader Replaying proof Test[Test::a0(int)].JML normal_behavior operation contract.0 
18236      DEBUG main            d.u.i.k.p.i.IntermediateProofReplayer Proof replay took 36.7ns 
18685      INFO  main            d.u.i.k.p.r.p.TestFile    ... finished proof: closed. 
18897      INFO  main            d.u.i.k.p.i.AbstractProblemLoader Loading environment from /home/runner/work/key/key/key.core/../key.ui/examples/performance-test/Test(Test__a0(int)).JML_normal_behavior_operation_contract.0.key.proof 
18908      DEBUG main            d.u.i.k.p.i.AbstractProblemLoader Environment load took 10.64ms 
18911      INFO  main            d.u.i.k.p.i.AbstractProblemLoader Creating init config 
22072      DEBUG main            d.u.i.k.j.r.ClassPreparationMethodBuilder clPrepBuilder: Inner Class detected. Reject building class initialisation methods. 
29156      DEBUG main            d.u.i.k.p.i.AbstractProblemLoader Init config took 10.25s 
30152      INFO  main            d.u.i.k.p.i.AbstractProblemLoader Replaying proof Test[Test::a0(int)].JML normal_behavior operation contract.0 
30180      DEBUG main            d.u.i.k.p.i.IntermediateProofReplayer Proof replay took 22.77ms 
30187      DEBUG main            d.u.i.k.p.r.p.TestFile    ... success: reloaded. 
30190      INFO  main            d.u.i.k.p.r.p.TestFile    Now processing file /home/runner/work/key/key/key.core/../key.ui/examples/performance-test/Test(Test__a1(int)).JML_normal_behavior_operation_contract.0.key 
30191      INFO  main            d.u.i.k.p.i.AbstractProblemLoader Loading environment from /home/runner/work/key/key/key.core/../key.ui/examples/performance-test/Test(Test__a1(int)).JML_normal_behavior_operation_contract.0.key 
30191      DEBUG main            d.u.i.k.p.i.AbstractProblemLoader Environment load took 292.81ns 
30194      INFO  main            d.u.i.k.p.i.AbstractProblemLoader Creating init config 
33143      DEBUG main            d.u.i.k.j.r.ClassPreparationMethodBuilder clPrepBuilder: Inner Class detected. Reject building class initialisation methods. 
40013      DEBUG main            d.u.i.k.p.i.AbstractProblemLoader Init config took 9.82s 
40956      INFO  main            d.u.i.k.p.i.AbstractProblemLoader Replaying proof Test[Test::a1(int)].JML normal_behavior operation contract.0 
40958      DEBUG main            d.u.i.k.p.i.IntermediateProofReplayer Proof replay took 6.4ns 
41262      INFO  main            d.u.i.k.p.r.p.TestFile    ... finished proof: closed. 
41575      INFO  main            d.u.i.k.p.i.AbstractProblemLoader Loading environment from /home/runner/work/key/key/key.core/../key.ui/examples/performance-test/Test(Test__a1(int)).JML_normal_behavior_operation_contract.0.key.proof 
41576      DEBUG main            d.u.i.k.p.i.AbstractProblemLoader Environment load took 801.22ns 
41584      INFO  main            d.u.i.k.p.i.AbstractProblemLoader Creating init config 
44480      DEBUG main            d.u.i.k.j.r.ClassPreparationMethodBuilder clPrepBuilder: Inner Class detected. Reject building class initialisation methods. 
51237      DEBUG main            d.u.i.k.p.i.AbstractProblemLoader Init config took 9.65s 
52172      INFO  main            d.u.i.k.p.i.AbstractProblemLoader Replaying proof Test[Test::a1(int)].JML normal_behavior operation contract.0 
52271      DEBUG main            d.u.i.k.p.i.IntermediateProofReplayer Proof replay took 90.24ms 
52275      DEBUG main            d.u.i.k.p.r.p.TestFile    ... success: reloaded. 
52277      INFO  main            d.u.i.k.p.r.p.TestFile    Now processing file /home/runner/work/key/key/key.core/../key.ui/examples/performance-test/Test(Test__f1(int)).JML_normal_behavior_operation_contract.0.key 
52278      INFO  main            d.u.i.k.p.i.AbstractProblemLoader Loading environment from /home/runner/work/key/key/key.core/../key.ui/examples/performance-test/Test(Test__f1(int)).JML_normal_behavior_operation_contract.0.key 
52278      DEBUG main            d.u.i.k.p.i.AbstractProblemLoader Environment load took 161.8ns 
52280      INFO  main            d.u.i.k.p.i.AbstractProblemLoader Creating init config 
55174      DEBUG main            d.u.i.k.j.r.ClassPreparationMethodBuilder clPrepBuilder: Inner Class detected. Reject building class initialisation methods. 
62021      DEBUG main            d.u.i.k.p.i.AbstractProblemLoader Init config took 9.74s 
62970      INFO  main            d.u.i.k.p.i.AbstractProblemLoader Replaying proof Test[Test::f1(int)].JML normal_behavior operation contract.0 
62972      DEBUG main            d.u.i.k.p.i.IntermediateProofReplayer Proof replay took 6.7ns 
63176      INFO  main            d.u.i.k.p.r.p.TestFile    ... finished proof: closed. 
63470      INFO  main            d.u.i.k.p.i.AbstractProblemLoader Loading environment from /home/runner/work/key/key/key.core/../key.ui/examples/performance-test/Test(Test__f1(int)).JML_normal_behavior_operation_contract.0.key.proof 
63472      DEBUG main            d.u.i.k.p.i.AbstractProblemLoader Environment load took 2.3ms 
63475      INFO  main            d.u.i.k.p.i.AbstractProblemLoader Creating init config 
66302      DEBUG main            d.u.i.k.j.r.ClassPreparationMethodBuilder clPrepBuilder: Inner Class detected. Reject building class initialisation methods. 
73094      DEBUG main            d.u.i.k.p.i.AbstractProblemLoader Init config took 9.62s 
73988      INFO  main            d.u.i.k.p.i.AbstractProblemLoader Replaying proof Test[Test::f1(int)].JML normal_behavior operation contract.0 
74030      DEBUG main            d.u.i.k.p.i.IntermediateProofReplayer Proof replay took 39.33ms 
74032      DEBUG main            d.u.i.k.p.r.p.TestFile    ... success: reloaded. 
448911     INFO  Test worker     d.u.i.k.p.r.RunAllProofsTestUnit Returning from test performancePOConstruction 
448913     INFO  Test worker     d.u.i.k.p.r.RunAllProofsTestUnit Running test applicationRestrictions 
333        INFO  Timeout watchdog d.u.i.k.p.r.p.ForkedTestFileRunner Timeout watcher launched (2000 secs.) 
357        WARN  main            d.u.i.k.s.ProofSettings   The settings in /home/runner/.key/proof-settings.props are *not* read. 
407        INFO  main            d.u.i.k.p.r.p.TestFile    Now processing file /home/runner/work/key/key/key.core/../key.ui/examples/heap/polarity_tests/wellformed1.key 
573        INFO  main            d.u.i.k.p.i.AbstractProblemLoader Loading environment from /home/runner/work/key/key/key.core/../key.ui/examples/heap/polarity_tests/wellformed1.key 
596        DEBUG main            d.u.i.k.p.i.AbstractProblemLoader Environment load took 7.65ms 
854        INFO  main            d.u.i.k.p.i.AbstractProblemLoader Creating init config 
1709       DEBUG main            d.u.i.k.j.TypeConverter   No LDT found for Meta 
1710       DEBUG main            d.u.i.k.j.TypeConverter   No LDT found for Meta 
1711       DEBUG main            d.u.i.k.j.TypeConverter   No LDT found for Meta 
1712       DEBUG main            d.u.i.k.j.TypeConverter   No LDT found for Meta 
3066       DEBUG main            d.u.i.k.j.TypeConverter   No LDT found for JavaBigintExpression 
8197       DEBUG main            d.u.i.k.p.i.AbstractProblemLoader Init config took 7.34s 
8267       INFO  main            d.u.i.k.p.i.AbstractProblemLoader Replaying proof wellformed1.key 
8303       DEBUG main            d.u.i.k.p.i.IntermediateProofReplayer Proof replay took 35.6ns 
8477       INFO  main            d.u.i.k.p.r.p.TestFile    ... finished proof: closed. 
8580       INFO  main            d.u.i.k.p.i.AbstractProblemLoader Loading environment from /home/runner/work/key/key/key.core/../key.ui/examples/heap/polarity_tests/wellformed1.key.proof 
8580       DEBUG main            d.u.i.k.p.i.AbstractProblemLoader Environment load took 167.3ns 
8585       INFO  main            d.u.i.k.p.i.AbstractProblemLoader Creating init config 
11475      DEBUG main            d.u.i.k.p.i.AbstractProblemLoader Init config took 2.89s 
11519      INFO  main            d.u.i.k.p.i.AbstractProblemLoader Replaying proof wellformed1.key.proof 
11525      DEBUG main            d.u.i.k.p.i.IntermediateProofReplayer Proof replay took 2.17ms 
11541      DEBUG main            d.u.i.k.p.r.p.TestFile    ... success: reloaded. 
11543      INFO  main            d.u.i.k.p.r.p.TestFile    Now processing file /home/runner/work/key/key/key.core/../key.ui/examples/heap/polarity_tests/wellformed2.key 
11543      INFO  main            d.u.i.k.p.i.AbstractProblemLoader Loading environment from /home/runner/work/key/key/key.core/../key.ui/examples/heap/polarity_tests/wellformed2.key 
11544      DEBUG main            d.u.i.k.p.i.AbstractProblemLoader Environment load took 101.2ns 
11548      INFO  main            d.u.i.k.p.i.AbstractProblemLoader Creating init config 
14364      DEBUG main            d.u.i.k.p.i.AbstractProblemLoader Init config took 2.82s 
14393      INFO  main            d.u.i.k.p.i.AbstractProblemLoader Replaying proof wellformed2.key 
14395      DEBUG main            d.u.i.k.p.i.IntermediateProofReplayer Proof replay took 7.3ns 
14500      INFO  main            d.u.i.k.p.r.p.TestFile    ... finished proof: open goal(s) 
14630      INFO  main            d.u.i.k.p.r.p.TestFile    Now processing file /home/runner/work/key/key/key.core/../key.ui/examples/heap/polarity_tests/wellformed3.key 
14630      INFO  main            d.u.i.k.p.i.AbstractProblemLoader Loading environment from /home/runner/work/key/key/key.core/../key.ui/examples/heap/polarity_tests/wellformed3.key 
14630      DEBUG main            d.u.i.k.p.i.AbstractProblemLoader Environment load took 115.4ns 
14635      INFO  main            d.u.i.k.p.i.AbstractProblemLoader Creating init config 
17309      DEBUG main            d.u.i.k.p.i.AbstractProblemLoader Init config took 2.67s 
17333      INFO  main            d.u.i.k.p.i.AbstractProblemLoader Replaying proof wellformed3.key 
17335      DEBUG main            d.u.i.k.p.i.IntermediateProofReplayer Proof replay took 7.1ns 
17438      INFO  main            d.u.i.k.p.r.p.TestFile    ... finished proof: closed. 
17597      INFO  main            d.u.i.k.p.i.AbstractProblemLoader Loading environment from /home/runner/work/key/key/key.core/../key.ui/examples/heap/polarity_tests/wellformed3.key.proof 
17598      DEBUG main            d.u.i.k.p.i.AbstractProblemLoader Environment load took 152.4ns 
17600      INFO  main            d.u.i.k.p.i.AbstractProblemLoader Creating init config 
20320      DEBUG main            d.u.i.k.p.i.AbstractProblemLoader Init config took 2.72s 
20342      INFO  main            d.u.i.k.p.i.AbstractProblemLoader Replaying proof wellformed3.key.proof 
20347      DEBUG main            d.u.i.k.p.i.IntermediateProofReplayer Proof replay took 1.98ms 
20349      DEBUG main            d.u.i.k.p.r.p.TestFile    ... success: reloaded. 
20350      INFO  main            d.u.i.k.p.r.p.TestFile    Now processing file /home/runner/work/key/key/key.core/../key.ui/examples/heap/polarity_tests/wellformed4.key 
20351      INFO  main            d.u.i.k.p.i.AbstractProblemLoader Loading environment from /home/runner/work/key/key/key.core/../key.ui/examples/heap/polarity_tests/wellformed4.key 
20351      DEBUG main            d.u.i.k.p.i.AbstractProblemLoader Environment load took 256.81ns 
20353      INFO  main            d.u.i.k.p.i.AbstractProblemLoader Creating init config 
22958      DEBUG main            d.u.i.k.p.i.AbstractProblemLoader Init config took 2.61s 
22979      INFO  main            d.u.i.k.p.i.AbstractProblemLoader Replaying proof wellformed4.key 
22981      DEBUG main            d.u.i.k.p.i.IntermediateProofReplayer Proof replay took 7.5ns 
23085      INFO  main            d.u.i.k.p.r.p.TestFile    ... finished proof: open goal(s) 
23256      INFO  main            d.u.i.k.p.r.p.TestFile    Now processing file /home/runner/work/key/key/key.core/../key.ui/examples/heap/polarity_tests/wellformed5.key 
23256      INFO  main            d.u.i.k.p.i.AbstractProblemLoader Loading environment from /home/runner/work/key/key/key.core/../key.ui/examples/heap/polarity_tests/wellformed5.key 
23256      DEBUG main            d.u.i.k.p.i.AbstractProblemLoader Environment load took 91.3ns 
23257      INFO  main            d.u.i.k.p.i.AbstractProblemLoader Creating init config 
25843      DEBUG main            d.u.i.k.p.i.AbstractProblemLoader Init config took 2.59s 
25864      INFO  main            d.u.i.k.p.i.AbstractProblemLoader Replaying proof wellformed5.key 
25865      DEBUG main            d.u.i.k.p.i.IntermediateProofReplayer Proof replay took 8.3ns 
25972      INFO  main            d.u.i.k.p.r.p.TestFile    ... finished proof: closed. 
26100      INFO  main            d.u.i.k.p.i.AbstractProblemLoader Loading environment from /home/runner/work/key/key/key.core/../key.ui/examples/heap/polarity_tests/wellformed5.key.proof 
26100      DEBUG main            d.u.i.k.p.i.AbstractProblemLoader Environment load took 139.9ns 
26101      INFO  main            d.u.i.k.p.i.AbstractProblemLoader Creating init config 
28754      DEBUG main            d.u.i.k.p.i.AbstractProblemLoader Init config took 2.65s 
28774      INFO  main            d.u.i.k.p.i.AbstractProblemLoader Replaying proof wellformed5.key.proof 
28777      DEBUG main            d.u.i.k.p.i.IntermediateProofReplayer Proof replay took 968.92ns 
28778      DEBUG main            d.u.i.k.p.r.p.TestFile    ... success: reloaded. 
28779      INFO  main            d.u.i.k.p.r.p.TestFile    Now processing file /home/runner/work/key/key/key.core/../key.ui/examples/heap/polarity_tests/wellformed6.key 
28779      INFO  main            d.u.i.k.p.i.AbstractProblemLoader Loading environment from /home/runner/work/key/key/key.core/../key.ui/examples/heap/polarity_tests/wellformed6.key 
28779      DEBUG main            d.u.i.k.p.i.AbstractProblemLoader Environment load took 108.6ns 
28780      INFO  main            d.u.i.k.p.i.AbstractProblemLoader Creating init config 
31404      DEBUG main            d.u.i.k.p.i.AbstractProblemLoader Init config took 2.62s 
31424      INFO  main            d.u.i.k.p.i.AbstractProblemLoader Replaying proof wellformed6.key 
31425      DEBUG main            d.u.i.k.p.i.IntermediateProofReplayer Proof replay took 8.2ns 
31528      INFO  main            d.u.i.k.p.r.p.TestFile    ... finished proof: open goal(s) 
31680      INFO  main            d.u.i.k.p.r.p.TestFile    Now processing file /home/runner/work/key/key/key.core/../key.ui/examples/heap/polarity_tests/wellformed7.key 
31680      INFO  main            d.u.i.k.p.i.AbstractProblemLoader Loading environment from /home/runner/work/key/key/key.core/../key.ui/examples/heap/polarity_tests/wellformed7.key 
31680      DEBUG main            d.u.i.k.p.i.AbstractProblemLoader Environment load took 80.6ns 
31681      INFO  main            d.u.i.k.p.i.AbstractProblemLoader Creating init config 
34284      DEBUG main            d.u.i.k.p.i.AbstractProblemLoader Init config took 2.6s 
34314      INFO  main            d.u.i.k.p.i.AbstractProblemLoader Replaying proof wellformed7.key 
34316      DEBUG main            d.u.i.k.p.i.IntermediateProofReplayer Proof replay took 7.9ns 
34419      INFO  main            d.u.i.k.p.r.p.TestFile    ... finished proof: closed. 
34584      INFO  main            d.u.i.k.p.i.AbstractProblemLoader Loading environment from /home/runner/work/key/key/key.core/../key.ui/examples/heap/polarity_tests/wellformed7.key.proof 
34584      DEBUG main            d.u.i.k.p.i.AbstractProblemLoader Environment load took 139.9ns 
34585      INFO  main            d.u.i.k.p.i.AbstractProblemLoader Creating init config 
37154      DEBUG main            d.u.i.k.p.i.AbstractProblemLoader Init config took 2.57s 
37174      INFO  main            d.u.i.k.p.i.AbstractProblemLoader Replaying proof wellformed7.key.proof 
37178      DEBUG main            d.u.i.k.p.i.IntermediateProofReplayer Proof replay took 1.38ms 
37179      DEBUG main            d.u.i.k.p.r.p.TestFile    ... success: reloaded. 
37180      INFO  main            d.u.i.k.p.r.p.TestFile    Now processing file /home/runner/work/key/key/key.core/../key.ui/examples/heap/polarity_tests/wellformed8.key 
37181      INFO  main            d.u.i.k.p.i.AbstractProblemLoader Loading environment from /home/runner/work/key/key/key.core/../key.ui/examples/heap/polarity_tests/wellformed8.key 
37181      DEBUG main            d.u.i.k.p.i.AbstractProblemLoader Environment load took 275.21ns 
37182      INFO  main            d.u.i.k.p.i.AbstractProblemLoader Creating init config 
39772      DEBUG main            d.u.i.k.p.i.AbstractProblemLoader Init config took 2.59s 
39792      INFO  main            d.u.i.k.p.i.AbstractProblemLoader Replaying proof wellformed8.key 
39794      DEBUG main            d.u.i.k.p.i.IntermediateProofReplayer Proof replay took 9ns 
39897      INFO  main            d.u.i.k.p.r.p.TestFile    ... finished proof: open goal(s) 
40062      INFO  main            d.u.i.k.p.r.p.TestFile    Now processing file /home/runner/work/key/key/key.core/../key.ui/examples/heap/polarity_tests/wellformed9.key 
40062      INFO  main            d.u.i.k.p.i.AbstractProblemLoader Loading environment from /home/runner/work/key/key/key.core/../key.ui/examples/heap/polarity_tests/wellformed9.key 
40063      DEBUG main            d.u.i.k.p.i.AbstractProblemLoader Environment load took 77.5ns 
40064      INFO  main            d.u.i.k.p.i.AbstractProblemLoader Creating init config 
42605      DEBUG main            d.u.i.k.p.i.AbstractProblemLoader Init config took 2.54s 
42623      INFO  main            d.u.i.k.p.i.AbstractProblemLoader Replaying proof wellformed9.key 
42624      DEBUG main            d.u.i.k.p.i.IntermediateProofReplayer Proof replay took 7.7ns 
42727      INFO  main            d.u.i.k.p.r.p.TestFile    ... finished proof: closed. 
42879      INFO  main            d.u.i.k.p.i.AbstractProblemLoader Loading environment from /home/runner/work/key/key/key.core/../key.ui/examples/heap/polarity_tests/wellformed9.key.proof 
42879      DEBUG main            d.u.i.k.p.i.AbstractProblemLoader Environment load took 143.5ns 
42880      INFO  main            d.u.i.k.p.i.AbstractProblemLoader Creating init config 
45451      DEBUG main            d.u.i.k.p.i.AbstractProblemLoader Init config took 2.57s 
45468      INFO  main            d.u.i.k.p.i.AbstractProblemLoader Replaying proof wellformed9.key.proof 
45472      DEBUG main            d.u.i.k.p.i.IntermediateProofReplayer Proof replay took 1.53ms 
45473      DEBUG main            d.u.i.k.p.r.p.TestFile    ... success: reloaded. 
45474      INFO  main            d.u.i.k.p.r.p.TestFile    Now processing file /home/runner/work/key/key/key.core/../key.ui/examples/heap/polarity_tests/wellformed10.key 
45474      INFO  main            d.u.i.k.p.i.AbstractProblemLoader Loading environment from /home/runner/work/key/key/key.core/../key.ui/examples/heap/polarity_tests/wellformed10.key 
45474      DEBUG main            d.u.i.k.p.i.AbstractProblemLoader Environment load took 126.6ns 
45475      INFO  main            d.u.i.k.p.i.AbstractProblemLoader Creating init config 
48062      DEBUG main            d.u.i.k.p.i.AbstractProblemLoader Init config took 2.59s 
48078      INFO  main            d.u.i.k.p.i.AbstractProblemLoader Replaying proof wellformed10.key 
48080      DEBUG main            d.u.i.k.p.i.IntermediateProofReplayer Proof replay took 6.6ns 
48198      INFO  main            d.u.i.k.p.r.p.TestFile    ... finished proof: open goal(s) 
48373      INFO  main            d.u.i.k.p.r.p.TestFile    Now processing file /home/runner/work/key/key/key.core/../key.ui/examples/heap/polarity_tests/wellformed11.key 
48373      INFO  main            d.u.i.k.p.i.AbstractProblemLoader Loading environment from /home/runner/work/key/key/key.core/../key.ui/examples/heap/polarity_tests/wellformed11.key 
48373      DEBUG main            d.u.i.k.p.i.AbstractProblemLoader Environment load took 76.3ns 
48375      INFO  main            d.u.i.k.p.i.AbstractProblemLoader Creating init config 
50910      DEBUG main            d.u.i.k.p.i.AbstractProblemLoader Init config took 2.54s 
50927      INFO  main            d.u.i.k.p.i.AbstractProblemLoader Replaying proof wellformed11.key 
50929      DEBUG main            d.u.i.k.p.i.IntermediateProofReplayer Proof replay took 7.9ns 
51036      INFO  main            d.u.i.k.p.r.p.TestFile    ... finished proof: open goal(s) 
500286     INFO  Test worker     d.u.i.k.p.r.RunAllProofsTestUnit Returning from test applicationRestrictions 
500288     INFO  Test worker     d.u.i.k.p.r.RunAllProofsTestUnit Running test blockContracts 
357        INFO  Timeout watchdog d.u.i.k.p.r.p.ForkedTestFileRunner Timeout watcher launched (2000 secs.) 
371        WARN  main            d.u.i.k.s.ProofSettings   The settings in /home/runner/.key/proof-settings.props are *not* read. 
405        INFO  main            d.u.i.k.p.r.p.TestFile    Now processing file /home/runner/work/key/key/key.core/../key.ui/examples/heap/block_contracts/Simple__add.key 
513        INFO  main            d.u.i.k.p.i.AbstractProblemLoader Loading environment from /home/runner/work/key/key/key.core/../key.ui/examples/heap/block_contracts/Simple__add.key 
538        DEBUG main            d.u.i.k.p.i.AbstractProblemLoader Environment load took 5.58ms 
784        INFO  main            d.u.i.k.p.i.AbstractProblemLoader Creating init config 
1813       DEBUG main            d.u.i.k.j.TypeConverter   No LDT found for Meta 
1813       DEBUG main            d.u.i.k.j.TypeConverter   No LDT found for Meta 
1816       DEBUG main            d.u.i.k.j.TypeConverter   No LDT found for Meta 
1816       DEBUG main            d.u.i.k.j.TypeConverter   No LDT found for Meta 
3496       DEBUG main            d.u.i.k.j.TypeConverter   No LDT found for JavaBigintExpression 
9232       DEBUG main            d.u.i.k.p.i.AbstractProblemLoader Init config took 8.45s 
9360       INFO  main            d.u.i.k.p.i.AbstractProblemLoader Replaying proof Simple[Simple::add(int,int)].JML operation contract.0 
9452       DEBUG main            d.u.i.k.p.i.IntermediateProofReplayer Proof replay took 399.71ns 
10295      INFO  main            d.u.i.k.p.r.p.TestFile    ... finished proof: closed. 
10445      INFO  main            d.u.i.k.p.i.AbstractProblemLoader Loading environment from /home/runner/work/key/key/key.core/../key.ui/examples/heap/block_contracts/Simple__add.key.proof 
10446      DEBUG main            d.u.i.k.p.i.AbstractProblemLoader Environment load took 408.21ns 
10448      INFO  main            d.u.i.k.p.i.AbstractProblemLoader Creating init config 
13753      DEBUG main            d.u.i.k.p.i.AbstractProblemLoader Init config took 3.31s 
13832      INFO  main            d.u.i.k.p.i.AbstractProblemLoader Replaying proof Simple[Simple::add(int,int)].JML operation contract.0 
13937      DEBUG main            d.u.i.k.p.i.IntermediateProofReplayer Proof replay took 101.19ms 
13947      DEBUG main            d.u.i.k.p.r.p.TestFile    ... success: reloaded. 
13950      INFO  main            d.u.i.k.p.r.p.TestFile    Now processing file /home/runner/work/key/key/key.core/../key.ui/examples/heap/block_contracts/Simple__addAbsoluteValues.key 
13951      INFO  main            d.u.i.k.p.i.AbstractProblemLoader Loading environment from /home/runner/work/key/key/key.core/../key.ui/examples/heap/block_contracts/Simple__addAbsoluteValues.key 
13951      DEBUG main            d.u.i.k.p.i.AbstractProblemLoader Environment load took 298.41ns 
13955      INFO  main            d.u.i.k.p.i.AbstractProblemLoader Creating init config 
17134      DEBUG main            d.u.i.k.p.i.AbstractProblemLoader Init config took 3.18s 
17197      INFO  main            d.u.i.k.p.i.AbstractProblemLoader Replaying proof Simple[Simple::addAbsoluteValues(int,int)].JML normal_behavior operation contract.0 
17200      DEBUG main            d.u.i.k.p.i.IntermediateProofReplayer Proof replay took 16.9ns 
18214      INFO  main            d.u.i.k.p.r.p.TestFile    ... finished proof: closed. 
18436      INFO  main            d.u.i.k.p.i.AbstractProblemLoader Loading environment from /home/runner/work/key/key/key.core/../key.ui/examples/heap/block_contracts/Simple__addAbsoluteValues.key.proof 
18439      DEBUG main            d.u.i.k.p.i.AbstractProblemLoader Environment load took 2.26ms 
18441      INFO  main            d.u.i.k.p.i.AbstractProblemLoader Creating init config 
21553      DEBUG main            d.u.i.k.p.i.AbstractProblemLoader Init config took 3.11s 
21624      INFO  main            d.u.i.k.p.i.AbstractProblemLoader Replaying proof Simple[Simple::addAbsoluteValues(int,int)].JML normal_behavior operation contract.0 
21815      DEBUG main            d.u.i.k.p.i.IntermediateProofReplayer Proof replay took 168.05ms 
21817      DEBUG main            d.u.i.k.p.r.p.TestFile    ... success: reloaded. 
21818      INFO  main            d.u.i.k.p.r.p.TestFile    Now processing file /home/runner/work/key/key/key.core/../key.ui/examples/heap/block_contracts/Simple__addWithJump.key 
21819      INFO  main            d.u.i.k.p.i.AbstractProblemLoader Loading environment from /home/runner/work/key/key/key.core/../key.ui/examples/heap/block_contracts/Simple__addWithJump.key 
21819      DEBUG main            d.u.i.k.p.i.AbstractProblemLoader Environment load took 251.01ns 
21820      INFO  main            d.u.i.k.p.i.AbstractProblemLoader Creating init config 
24940      DEBUG main            d.u.i.k.p.i.AbstractProblemLoader Init config took 3.12s 
24992      INFO  main            d.u.i.k.p.i.AbstractProblemLoader Replaying proof Simple[Simple::addWithJump(int,int,int)].JML operation contract.0 
24995      DEBUG main            d.u.i.k.p.i.IntermediateProofReplayer Proof replay took 14.8ns 
25200      INFO  main            d.u.i.k.p.r.p.TestFile    ... finished proof: closed. 
25416      INFO  main            d.u.i.k.p.i.AbstractProblemLoader Loading environment from /home/runner/work/key/key/key.core/../key.ui/examples/heap/block_contracts/Simple__addWithJump.key.proof 
25417      DEBUG main            d.u.i.k.p.i.AbstractProblemLoader Environment load took 1.29ms 
25419      INFO  main            d.u.i.k.p.i.AbstractProblemLoader Creating init config 
28421      DEBUG main            d.u.i.k.p.i.AbstractProblemLoader Init config took 3s 
28469      INFO  main            d.u.i.k.p.i.AbstractProblemLoader Replaying proof Simple[Simple::addWithJump(int,int,int)].JML operation contract.0 
28505      DEBUG main            d.u.i.k.p.i.IntermediateProofReplayer Proof replay took 33.76ms 
28507      DEBUG main            d.u.i.k.p.r.p.TestFile    ... success: reloaded. 
28508      INFO  main            d.u.i.k.p.r.p.TestFile    Now processing file /home/runner/work/key/key/key.core/../key.ui/examples/heap/block_contracts/Simple__addWithTwoBlockContracts.key 
28508      INFO  main            d.u.i.k.p.i.AbstractProblemLoader Loading environment from /home/runner/work/key/key/key.core/../key.ui/examples/heap/block_contracts/Simple__addWithTwoBlockContracts.key 
28508      DEBUG main            d.u.i.k.p.i.AbstractProblemLoader Environment load took 116.2ns 
28509      INFO  main            d.u.i.k.p.i.AbstractProblemLoader Creating init config 
31545      DEBUG main            d.u.i.k.p.i.AbstractProblemLoader Init config took 3.04s 
31598      INFO  main            d.u.i.k.p.i.AbstractProblemLoader Replaying proof Simple[Simple::addWithTwoBlockContracts(int,int,int)].JML operation contract.0 
31602      DEBUG main            d.u.i.k.p.i.IntermediateProofReplayer Proof replay took 13ns 
31921      INFO  main            d.u.i.k.p.r.p.TestFile    ... finished proof: closed. 
32095      INFO  main            d.u.i.k.p.i.AbstractProblemLoader Loading environment from /home/runner/work/key/key/key.core/../key.ui/examples/heap/block_contracts/Simple__addWithTwoBlockContracts.key.proof 
32096      DEBUG main            d.u.i.k.p.i.AbstractProblemLoader Environment load took 609.91ns 
32097      INFO  main            d.u.i.k.p.i.AbstractProblemLoader Creating init config 
35132      DEBUG main            d.u.i.k.p.i.AbstractProblemLoader Init config took 3.03s 
35195      INFO  main            d.u.i.k.p.i.AbstractProblemLoader Replaying proof Simple[Simple::addWithTwoBlockContracts(int,int,int)].JML operation contract.0 
35245      DEBUG main            d.u.i.k.p.i.IntermediateProofReplayer Proof replay took 46.26ms 
35246      DEBUG main            d.u.i.k.p.r.p.TestFile    ... success: reloaded. 
35248      INFO  main            d.u.i.k.p.r.p.TestFile    Now processing file /home/runner/work/key/key/key.core/../key.ui/examples/heap/block_contracts/Simple__generateByteArray.key 
35248      INFO  main            d.u.i.k.p.i.AbstractProblemLoader Loading environment from /home/runner/work/key/key/key.core/../key.ui/examples/heap/block_contracts/Simple__generateByteArray.key 
35248      DEBUG main            d.u.i.k.p.i.AbstractProblemLoader Environment load took 253.31ns 
35250      INFO  main            d.u.i.k.p.i.AbstractProblemLoader Creating init config 
38283      DEBUG main            d.u.i.k.p.i.AbstractProblemLoader Init config took 3.03s 
38350      INFO  main            d.u.i.k.p.i.AbstractProblemLoader Replaying proof Simple[Simple::generateByteArray()].JML normal_behavior operation contract.0 
38352      DEBUG main            d.u.i.k.p.i.IntermediateProofReplayer Proof replay took 13ns 
39961      INFO  main            d.u.i.k.p.r.p.TestFile    ... finished proof: closed. 
40186      INFO  main            d.u.i.k.p.i.AbstractProblemLoader Loading environment from /home/runner/work/key/key/key.core/../key.ui/examples/heap/block_contracts/Simple__generateByteArray.key.proof 
40187      DEBUG main            d.u.i.k.p.i.AbstractProblemLoader Environment load took 604.51ns 
40188      INFO  main            d.u.i.k.p.i.AbstractProblemLoader Creating init config 
43157      DEBUG main            d.u.i.k.p.i.AbstractProblemLoader Init config took 2.97s 
43213      INFO  main            d.u.i.k.p.i.AbstractProblemLoader Replaying proof Simple[Simple::generateByteArray()].JML normal_behavior operation contract.0 
43415      DEBUG main            d.u.i.k.p.i.IntermediateProofReplayer Proof replay took 189.34ms 
43417      DEBUG main            d.u.i.k.p.r.p.TestFile    ... success: reloaded. 
43418      INFO  main            d.u.i.k.p.r.p.TestFile    Now processing file /home/runner/work/key/key/key.core/../key.ui/examples/heap/block_contracts/Simple__getLength.key 
43419      INFO  main            d.u.i.k.p.i.AbstractProblemLoader Loading environment from /home/runner/work/key/key/key.core/../key.ui/examples/heap/block_contracts/Simple__getLength.key 
43420      DEBUG main            d.u.i.k.p.i.AbstractProblemLoader Environment load took 1.07ms 
43421      INFO  main            d.u.i.k.p.i.AbstractProblemLoader Creating init config 
46419      DEBUG main            d.u.i.k.p.i.AbstractProblemLoader Init config took 3s 
46464      INFO  main            d.u.i.k.p.i.AbstractProblemLoader Replaying proof Simple[Simple::getLength()].JML normal_behavior operation contract.0 
46467      DEBUG main            d.u.i.k.p.i.IntermediateProofReplayer Proof replay took 15.6ns 
46572      INFO  main            d.u.i.k.p.r.p.TestFile    ... finished proof: closed. 
46797      INFO  main            d.u.i.k.p.i.AbstractProblemLoader Loading environment from /home/runner/work/key/key/key.core/../key.ui/examples/heap/block_contracts/Simple__getLength.key.proof 
46797      DEBUG main            d.u.i.k.p.i.AbstractProblemLoader Environment load took 149.1ns 
46798      INFO  main            d.u.i.k.p.i.AbstractProblemLoader Creating init config 
49760      DEBUG main            d.u.i.k.p.i.AbstractProblemLoader Init config took 2.96s 
49803      INFO  main            d.u.i.k.p.i.AbstractProblemLoader Replaying proof Simple[Simple::getLength()].JML normal_behavior operation contract.0 
49812      DEBUG main            d.u.i.k.p.i.IntermediateProofReplayer Proof replay took 6.65ms 
49813      DEBUG main            d.u.i.k.p.r.p.TestFile    ... success: reloaded. 
49815      INFO  main            d.u.i.k.p.r.p.TestFile    Now processing file /home/runner/work/key/key/key.core/../key.ui/examples/heap/block_contracts/Simple__square.key 
49815      INFO  main            d.u.i.k.p.i.AbstractProblemLoader Loading environment from /home/runner/work/key/key/key.core/../key.ui/examples/heap/block_contracts/Simple__square.key 
49822      DEBUG main            d.u.i.k.p.i.AbstractProblemLoader Environment load took 7.29ms 
49824      INFO  main            d.u.i.k.p.i.AbstractProblemLoader Creating init config 
52772      DEBUG main            d.u.i.k.p.i.AbstractProblemLoader Init config took 2.95s 
52817      INFO  main            d.u.i.k.p.i.AbstractProblemLoader Replaying proof Simple[Simple::square(int)].JML operation contract.0 
52821      DEBUG main            d.u.i.k.p.i.IntermediateProofReplayer Proof replay took 16.2ns 
53225      INFO  main            d.u.i.k.p.r.p.TestFile    ... finished proof: closed. 
53444      INFO  main            d.u.i.k.p.i.AbstractProblemLoader Loading environment from /home/runner/work/key/key/key.core/../key.ui/examples/heap/block_contracts/Simple__square.key.proof 
53447      DEBUG main            d.u.i.k.p.i.AbstractProblemLoader Environment load took 2.54ms 
53448      INFO  main            d.u.i.k.p.i.AbstractProblemLoader Creating init config 
56424      DEBUG main            d.u.i.k.p.i.AbstractProblemLoader Init config took 2.98s 
56466      INFO  main            d.u.i.k.p.i.AbstractProblemLoader Replaying proof Simple[Simple::square(int)].JML operation contract.0 
56543      DEBUG main            d.u.i.k.p.i.IntermediateProofReplayer Proof replay took 72.79ms 
56544      DEBUG main            d.u.i.k.p.r.p.TestFile    ... success: reloaded. 
56546      INFO  main            d.u.i.k.p.r.p.TestFile    Now processing file /home/runner/work/key/key/key.core/../key.ui/examples/heap/block_contracts/Simple__unnecessaryBlockContract.key 
56546      INFO  main            d.u.i.k.p.i.AbstractProblemLoader Loading environment from /home/runner/work/key/key/key.core/../key.ui/examples/heap/block_contracts/Simple__unnecessaryBlockContract.key 
56546      DEBUG main            d.u.i.k.p.i.AbstractProblemLoader Environment load took 338.31ns 
56548      INFO  main            d.u.i.k.p.i.AbstractProblemLoader Creating init config 
59538      DEBUG main            d.u.i.k.p.i.AbstractProblemLoader Init config took 2.99s 
59578      INFO  main            d.u.i.k.p.i.AbstractProblemLoader Replaying proof Simple[Simple::unnecessaryBlockContract()].JML operation contract.0 
59580      DEBUG main            d.u.i.k.p.i.IntermediateProofReplayer Proof replay took 15.8ns 
59684      INFO  main            d.u.i.k.p.r.p.TestFile    ... finished proof: closed. 
59903      INFO  main            d.u.i.k.p.i.AbstractProblemLoader Loading environment from /home/runner/work/key/key/key.core/../key.ui/examples/heap/block_contracts/Simple__unnecessaryBlockContract.key.proof 
59904      DEBUG main            d.u.i.k.p.i.AbstractProblemLoader Environment load took 144.5ns 
59905      INFO  main            d.u.i.k.p.i.AbstractProblemLoader Creating init config 
62882      DEBUG main            d.u.i.k.p.i.AbstractProblemLoader Init config took 2.98s 
62922      INFO  main            d.u.i.k.p.i.AbstractProblemLoader Replaying proof Simple[Simple::unnecessaryBlockContract()].JML operation contract.0 
62945      DEBUG main            d.u.i.k.p.i.IntermediateProofReplayer Proof replay took 20.04ms 
62946      DEBUG main            d.u.i.k.p.r.p.TestFile    ... success: reloaded. 
62948      INFO  main            d.u.i.k.p.r.p.TestFile    Now processing file /home/runner/work/key/key/key.core/../key.ui/examples/heap/block_contracts/Simple__unnecessaryLoopInvariant.key 
62950      INFO  main            d.u.i.k.p.i.AbstractProblemLoader Loading environment from /home/runner/work/key/key/key.core/../key.ui/examples/heap/block_contracts/Simple__unnecessaryLoopInvariant.key 
62951      DEBUG main            d.u.i.k.p.i.AbstractProblemLoader Environment load took 905.52ns 
62952      INFO  main            d.u.i.k.p.i.AbstractProblemLoader Creating init config 
65883      DEBUG main            d.u.i.k.p.i.AbstractProblemLoader Init config took 2.93s 
65925      INFO  main            d.u.i.k.p.i.AbstractProblemLoader Replaying proof Simple[Simple::unnecessaryLoopInvariant()].JML operation contract.0 
65928      DEBUG main            d.u.i.k.p.i.IntermediateProofReplayer Proof replay took 13.9ns 
66030      INFO  main            d.u.i.k.p.r.p.TestFile    ... finished proof: closed. 
66239      INFO  main            d.u.i.k.p.i.AbstractProblemLoader Loading environment from /home/runner/work/key/key/key.core/../key.ui/examples/heap/block_contracts/Simple__unnecessaryLoopInvariant.key.proof 
66239      DEBUG main            d.u.i.k.p.i.AbstractProblemLoader Environment load took 152.6ns 
66240      INFO  main            d.u.i.k.p.i.AbstractProblemLoader Creating init config 
69151      DEBUG main            d.u.i.k.p.i.AbstractProblemLoader Init config took 2.91s 
69204      INFO  main            d.u.i.k.p.i.AbstractProblemLoader Replaying proof Simple[Simple::unnecessaryLoopInvariant()].JML operation contract.0 
69216      DEBUG main            d.u.i.k.p.i.IntermediateProofReplayer Proof replay took 9.52ms 
69217      DEBUG main            d.u.i.k.p.r.p.TestFile    ... success: reloaded. 
69218      INFO  main            d.u.i.k.p.r.p.TestFile    Now processing file /home/runner/work/key/key/key.core/../key.ui/examples/standard_key/java_dl/jml-assert/assert.key 
69218      INFO  main            d.u.i.k.p.i.AbstractProblemLoader Loading environment from /home/runner/work/key/key/key.core/../key.ui/examples/standard_key/java_dl/jml-assert/assert.key 
69219      DEBUG main            d.u.i.k.p.i.AbstractProblemLoader Environment load took 247.81ns 
69220      INFO  main            d.u.i.k.p.i.AbstractProblemLoader Creating init config 
71826      DEBUG main            d.u.i.k.p.i.AbstractProblemLoader Init config took 2.61s 
71881      INFO  main            d.u.i.k.p.i.AbstractProblemLoader Replaying proof Assert[Assert::createArray(int)].JML normal_behavior operation contract.0 
71884      DEBUG main            d.u.i.k.p.i.IntermediateProofReplayer Proof replay took 8.2ns 
72086      INFO  main            d.u.i.k.p.r.p.TestFile    ... finished proof: closed. 
72315      INFO  main            d.u.i.k.p.i.AbstractProblemLoader Loading environment from /home/runner/work/key/key/key.core/../key.ui/examples/standard_key/java_dl/jml-assert/assert.key.proof 
72315      DEBUG main            d.u.i.k.p.i.AbstractProblemLoader Environment load took 138.3ns 
72316      INFO  main            d.u.i.k.p.i.AbstractProblemLoader Creating init config 
74883      DEBUG main            d.u.i.k.p.i.AbstractProblemLoader Init config took 2.57s 
74928      INFO  main            d.u.i.k.p.i.AbstractProblemLoader Replaying proof Assert[Assert::createArray(int)].JML normal_behavior operation contract.0 
74969      DEBUG main            d.u.i.k.p.i.IntermediateProofReplayer Proof replay took 38.25ms 
74970      DEBUG main            d.u.i.k.p.r.p.TestFile    ... success: reloaded. 
74971      INFO  main            d.u.i.k.p.r.p.TestFile    Now processing file /home/runner/work/key/key/key.core/../key.ui/examples/standard_key/java_dl/jml-assert/assert_assume_order.key 
74972      INFO  main            d.u.i.k.p.i.AbstractProblemLoader Loading environment from /home/runner/work/key/key/key.core/../key.ui/examples/standard_key/java_dl/jml-assert/assert_assume_order.key 
74972      DEBUG main            d.u.i.k.p.i.AbstractProblemLoader Environment load took 117.5ns 
74973      INFO  main            d.u.i.k.p.i.AbstractProblemLoader Creating init config 
77527      DEBUG main            d.u.i.k.p.i.AbstractProblemLoader Init config took 2.55s 
77566      INFO  main            d.u.i.k.p.i.AbstractProblemLoader Replaying proof AssertAssume[AssertAssume::singleAssumeAssert(int)].JML normal_behavior operation contract.0 
77568      DEBUG main            d.u.i.k.p.i.IntermediateProofReplayer Proof replay took 10.1ns 
77670      INFO  main            d.u.i.k.p.r.p.TestFile    ... finished proof: closed. 
77879      INFO  main            d.u.i.k.p.i.AbstractProblemLoader Loading environment from /home/runner/work/key/key/key.core/../key.ui/examples/standard_key/java_dl/jml-assert/assert_assume_order.key.proof 
77879      DEBUG main            d.u.i.k.p.i.AbstractProblemLoader Environment load took 138.1ns 
77880      INFO  main            d.u.i.k.p.i.AbstractProblemLoader Creating init config 
80386      DEBUG main            d.u.i.k.p.i.AbstractProblemLoader Init config took 2.51s 
80423      INFO  main            d.u.i.k.p.i.AbstractProblemLoader Replaying proof AssertAssume[AssertAssume::singleAssumeAssert(int)].JML normal_behavior operation contract.0 
80433      DEBUG main            d.u.i.k.p.i.IntermediateProofReplayer Proof replay took 7.09ms 
80434      DEBUG main            d.u.i.k.p.r.p.TestFile    ... success: reloaded. 
80436      INFO  main            d.u.i.k.p.r.p.TestFile    Now processing file /home/runner/work/key/key/key.core/../key.ui/examples/heap/block_loop_contracts/SimpleVariants/sum_onBlock_external.key 
80436      INFO  main            d.u.i.k.p.i.AbstractProblemLoader Loading environment from /home/runner/work/key/key/key.core/../key.ui/examples/heap/block_loop_contracts/SimpleVariants/sum_onBlock_external.key 
80436      DEBUG main            d.u.i.k.p.i.AbstractProblemLoader Environment load took 178.41ns 
80437      INFO  main            d.u.i.k.p.i.AbstractProblemLoader Creating init config 
83234      DEBUG main            d.u.i.k.p.i.AbstractProblemLoader Init config took 2.8s 
83293      INFO  main            d.u.i.k.p.i.AbstractProblemLoader Replaying proof LoopContractExamplesAll[LoopContractExamplesAll::sum_loopContract_onBlock([I)].JML normal_behavior operation contract.0 
83296      DEBUG main            d.u.i.k.p.i.IntermediateProofReplayer Proof replay took 13.3ns 
83400      INFO  main            d.u.i.k.p.r.p.TestFile    ... finished proof: closed. 
83676      INFO  main            d.u.i.k.p.i.AbstractProblemLoader Loading environment from /home/runner/work/key/key/key.core/../key.ui/examples/heap/block_loop_contracts/SimpleVariants/sum_onBlock_external.key.proof 
83676      DEBUG main            d.u.i.k.p.i.AbstractProblemLoader Environment load took 148.9ns 
83677      INFO  main            d.u.i.k.p.i.AbstractProblemLoader Creating init config 
86433      DEBUG main            d.u.i.k.p.i.AbstractProblemLoader Init config took 2.76s 
86471      INFO  main            d.u.i.k.p.i.AbstractProblemLoader Replaying proof LoopContractExamplesAll[LoopContractExamplesAll::sum_loopContract_onBlock([I)].JML normal_behavior operation contract.0 
86506      DEBUG main            d.u.i.k.p.i.IntermediateProofReplayer Proof replay took 30.83ms 
86507      DEBUG main            d.u.i.k.p.r.p.TestFile    ... success: reloaded. 
86509      INFO  main            d.u.i.k.p.r.p.TestFile    Now processing file /home/runner/work/key/key/key.core/../key.ui/examples/heap/block_loop_contracts/SimpleVariants/sum_onBlock_internal.key 
86509      INFO  main            d.u.i.k.p.i.AbstractProblemLoader Loading environment from /home/runner/work/key/key/key.core/../key.ui/examples/heap/block_loop_contracts/SimpleVariants/sum_onBlock_internal.key 
86509      DEBUG main            d.u.i.k.p.i.AbstractProblemLoader Environment load took 227.31ns 
86510      INFO  main            d.u.i.k.p.i.AbstractProblemLoader Creating init config 
89327      DEBUG main            d.u.i.k.p.i.AbstractProblemLoader Init config took 2.82s 
89368      INFO  main            d.u.i.k.p.i.AbstractProblemLoader Replaying proof LoopContractExamplesAll[LoopContractExamplesAll::sum_loopContract_onBlock([I)].JML normal_behavior operation contract.0 
89376      DEBUG main            d.u.i.k.p.i.IntermediateProofReplayer Proof replay took 15.2ns 
90080      INFO  main            d.u.i.k.p.r.p.TestFile    ... finished proof: closed. 
90348      INFO  main            d.u.i.k.p.i.AbstractProblemLoader Loading environment from /home/runner/work/key/key/key.core/../key.ui/examples/heap/block_loop_contracts/SimpleVariants/sum_onBlock_internal.key.proof 
90349      DEBUG main            d.u.i.k.p.i.AbstractProblemLoader Environment load took 725.92ns 
90350      INFO  main            d.u.i.k.p.i.AbstractProblemLoader Creating init config 
93068      DEBUG main            d.u.i.k.p.i.AbstractProblemLoader Init config took 2.72s 
93109      INFO  main            d.u.i.k.p.i.AbstractProblemLoader Replaying proof LoopContractExamplesAll[LoopContractExamplesAll::sum_loopContract_onBlock([I)].JML normal_behavior operation contract.0 
93289      DEBUG main            d.u.i.k.p.i.IntermediateProofReplayer Proof replay took 175.86ms 
93290      DEBUG main            d.u.i.k.p.r.p.TestFile    ... success: reloaded. 
93291      INFO  main            d.u.i.k.p.r.p.TestFile    Now processing file /home/runner/work/key/key/key.core/../key.ui/examples/heap/block_loop_contracts/SimpleVariants/sum_onBlock_loop.key 
93292      INFO  main            d.u.i.k.p.i.AbstractProblemLoader Loading environment from /home/runner/work/key/key/key.core/../key.ui/examples/heap/block_loop_contracts/SimpleVariants/sum_onBlock_loop.key 
93292      DEBUG main            d.u.i.k.p.i.AbstractProblemLoader Environment load took 231.21ns 
93293      INFO  main            d.u.i.k.p.i.AbstractProblemLoader Creating init config 
96121      DEBUG main            d.u.i.k.p.i.AbstractProblemLoader Init config took 2.83s 
96160      INFO  main            d.u.i.k.p.i.AbstractProblemLoader Replaying proof LoopContractExamplesAll[LoopContractExamplesAll::sum_loopContract_onBlock([I)].JML normal_behavior loop contract.0 
96162      DEBUG main            d.u.i.k.p.i.IntermediateProofReplayer Proof replay took 15.4ns 
96866      INFO  main            d.u.i.k.p.r.p.TestFile    ... finished proof: closed. 
97228      INFO  main            d.u.i.k.p.i.AbstractProblemLoader Loading environment from /home/runner/work/key/key/key.core/../key.ui/examples/heap/block_loop_contracts/SimpleVariants/sum_onBlock_loop.key.proof 
97229      DEBUG main            d.u.i.k.p.i.AbstractProblemLoader Environment load took 585.41ns 
97230      INFO  main            d.u.i.k.p.i.AbstractProblemLoader Creating init config 
100028     DEBUG main            d.u.i.k.p.i.AbstractProblemLoader Init config took 2.8s 
100066     INFO  main            d.u.i.k.p.i.AbstractProblemLoader Replaying proof LoopContractExamplesAll[LoopContractExamplesAll::sum_loopContract_onBlock([I)].JML normal_behavior loop contract.0 
100254     DEBUG main            d.u.i.k.p.i.IntermediateProofReplayer Proof replay took 183.85ms 
100255     DEBUG main            d.u.i.k.p.r.p.TestFile    ... success: reloaded. 
100256     INFO  main            d.u.i.k.p.r.p.TestFile    Now processing file /home/runner/work/key/key/key.core/../key.ui/examples/heap/block_loop_contracts/SimpleVariants/sum_onLoop_external.key 
100257     INFO  main            d.u.i.k.p.i.AbstractProblemLoader Loading environment from /home/runner/work/key/key/key.core/../key.ui/examples/heap/block_loop_contracts/SimpleVariants/sum_onLoop_external.key 
100257     DEBUG main            d.u.i.k.p.i.AbstractProblemLoader Environment load took 268.61ns 
100258     INFO  main            d.u.i.k.p.i.AbstractProblemLoader Creating init config 
103032     DEBUG main            d.u.i.k.p.i.AbstractProblemLoader Init config took 2.77s 
103072     INFO  main            d.u.i.k.p.i.AbstractProblemLoader Replaying proof LoopContractExamplesAll[LoopContractExamplesAll::sum_loopContract_onLoop([I)].JML normal_behavior operation contract.0 
103075     DEBUG main            d.u.i.k.p.i.IntermediateProofReplayer Proof replay took 31.9ns 
103177     INFO  main            d.u.i.k.p.r.p.TestFile    ... finished proof: closed. 
103471     INFO  main            d.u.i.k.p.i.AbstractProblemLoader Loading environment from /home/runner/work/key/key/key.core/../key.ui/examples/heap/block_loop_contracts/SimpleVariants/sum_onLoop_external.key.proof 
103471     DEBUG main            d.u.i.k.p.i.AbstractProblemLoader Environment load took 145.8ns 
103472     INFO  main            d.u.i.k.p.i.AbstractProblemLoader Creating init config 
106169     DEBUG main            d.u.i.k.p.i.AbstractProblemLoader Init config took 2.7s 
106205     INFO  main            d.u.i.k.p.i.AbstractProblemLoader Replaying proof LoopContractExamplesAll[LoopContractExamplesAll::sum_loopContract_onLoop([I)].JML normal_behavior operation contract.0 
106232     DEBUG main            d.u.i.k.p.i.IntermediateProofReplayer Proof replay took 24.56ms 
106233     DEBUG main            d.u.i.k.p.r.p.TestFile    ... success: reloaded. 
106235     INFO  main            d.u.i.k.p.r.p.TestFile    Now processing file /home/runner/work/key/key/key.core/../key.ui/examples/heap/block_loop_contracts/SimpleVariants/sum_onLoop_internal.key 
106235     INFO  main            d.u.i.k.p.i.AbstractProblemLoader Loading environment from /home/runner/work/key/key/key.core/../key.ui/examples/heap/block_loop_contracts/SimpleVariants/sum_onLoop_internal.key 
106235     DEBUG main            d.u.i.k.p.i.AbstractProblemLoader Environment load took 228.5ns 
106236     INFO  main            d.u.i.k.p.i.AbstractProblemLoader Creating init config 
109109     DEBUG main            d.u.i.k.p.i.AbstractProblemLoader Init config took 2.87s 
109145     INFO  main            d.u.i.k.p.i.AbstractProblemLoader Replaying proof LoopContractExamplesAll[LoopContractExamplesAll::sum_loopContract_onLoop([I)].JML normal_behavior operation contract.0 
109147     DEBUG main            d.u.i.k.p.i.IntermediateProofReplayer Proof replay took 15.1ns 
109753     INFO  main            d.u.i.k.p.r.p.TestFile    ... finished proof: closed. 
110049     INFO  main            d.u.i.k.p.i.AbstractProblemLoader Loading environment from /home/runner/work/key/key/key.core/../key.ui/examples/heap/block_loop_contracts/SimpleVariants/sum_onLoop_internal.key.proof 
110049     DEBUG main            d.u.i.k.p.i.AbstractProblemLoader Environment load took 255.31ns 
110051     INFO  main            d.u.i.k.p.i.AbstractProblemLoader Creating init config 
112757     DEBUG main            d.u.i.k.p.i.AbstractProblemLoader Init config took 2.71s 
112795     INFO  main            d.u.i.k.p.i.AbstractProblemLoader Replaying proof LoopContractExamplesAll[LoopContractExamplesAll::sum_loopContract_onLoop([I)].JML normal_behavior operation contract.0 
113001     DEBUG main            d.u.i.k.p.i.IntermediateProofReplayer Proof replay took 194.85ms 
113003     DEBUG main            d.u.i.k.p.r.p.TestFile    ... success: reloaded. 
113005     INFO  main            d.u.i.k.p.r.p.TestFile    Now processing file /home/runner/work/key/key/key.core/../key.ui/examples/heap/block_loop_contracts/SimpleVariants/sum_onLoop_loop.key 
113006     INFO  main            d.u.i.k.p.i.AbstractProblemLoader Loading environment from /home/runner/work/key/key/key.core/../key.ui/examples/heap/block_loop_contracts/SimpleVariants/sum_onLoop_loop.key 
113006     DEBUG main            d.u.i.k.p.i.AbstractProblemLoader Environment load took 283.71ns 
113008     INFO  main            d.u.i.k.p.i.AbstractProblemLoader Creating init config 
115806     DEBUG main            d.u.i.k.p.i.AbstractProblemLoader Init config took 2.8s 
115842     INFO  main            d.u.i.k.p.i.AbstractProblemLoader Replaying proof LoopContractExamplesAll[LoopContractExamplesAll::sum_loopContract_onLoop([I)].JML normal_behavior loop contract.0 
115845     DEBUG main            d.u.i.k.p.i.IntermediateProofReplayer Proof replay took 15.3ns 
116550     INFO  main            d.u.i.k.p.r.p.TestFile    ... finished proof: closed. 
116858     INFO  main            d.u.i.k.p.i.AbstractProblemLoader Loading environment from /home/runner/work/key/key/key.core/../key.ui/examples/heap/block_loop_contracts/SimpleVariants/sum_onLoop_loop.key.proof 
116858     DEBUG main            d.u.i.k.p.i.AbstractProblemLoader Environment load took 160.1ns 
116859     INFO  main            d.u.i.k.p.i.AbstractProblemLoader Creating init config 
119573     DEBUG main            d.u.i.k.p.i.AbstractProblemLoader Init config took 2.71s 
119621     INFO  main            d.u.i.k.p.i.AbstractProblemLoader Replaying proof LoopContractExamplesAll[LoopContractExamplesAll::sum_loopContract_onLoop([I)].JML normal_behavior loop contract.0 
119819     DEBUG main            d.u.i.k.p.i.IntermediateProofReplayer Proof replay took 192.11ms 
119821     DEBUG main            d.u.i.k.p.r.p.TestFile    ... success: reloaded. 
119823     INFO  main            d.u.i.k.p.r.p.TestFile    Now processing file /home/runner/work/key/key/key.core/../key.ui/examples/heap/block_loop_contracts/Free/blockContracts0.key 
119823     INFO  main            d.u.i.k.p.i.AbstractProblemLoader Loading environment from /home/runner/work/key/key/key.core/../key.ui/examples/heap/block_loop_contracts/Free/blockContracts0.key 
119823     DEBUG main            d.u.i.k.p.i.AbstractProblemLoader Environment load took 116.1ns 
119824     INFO  main            d.u.i.k.p.i.AbstractProblemLoader Creating init config 
122297     DEBUG main            d.u.i.k.p.i.AbstractProblemLoader Init config took 2.47s 
122331     INFO  main            d.u.i.k.p.i.AbstractProblemLoader Replaying proof FreeConditions[FreeConditions::blockContract0()].JML normal_behavior operation contract.0 
122333     DEBUG main            d.u.i.k.p.i.IntermediateProofReplayer Proof replay took 14.6ns 
122435     INFO  main            d.u.i.k.p.r.p.TestFile    ... finished proof: closed. 
122735     INFO  main            d.u.i.k.p.i.AbstractProblemLoader Loading environment from /home/runner/work/key/key/key.core/../key.ui/examples/heap/block_loop_contracts/Free/blockContracts0.key.proof 
122735     DEBUG main            d.u.i.k.p.i.AbstractProblemLoader Environment load took 124.4ns 
122736     INFO  main            d.u.i.k.p.i.AbstractProblemLoader Creating init config 
125097     DEBUG main            d.u.i.k.p.i.AbstractProblemLoader Init config took 2.36s 
125132     INFO  main            d.u.i.k.p.i.AbstractProblemLoader Replaying proof FreeConditions[FreeConditions::blockContract0()].JML normal_behavior operation contract.0 
125151     DEBUG main            d.u.i.k.p.i.IntermediateProofReplayer Proof replay took 16.98ms 
125153     DEBUG main            d.u.i.k.p.r.p.TestFile    ... success: reloaded. 
125154     INFO  main            d.u.i.k.p.r.p.TestFile    Now processing file /home/runner/work/key/key/key.core/../key.ui/examples/heap/block_loop_contracts/Free/blockContracts1.key 
125154     INFO  main            d.u.i.k.p.i.AbstractProblemLoader Loading environment from /home/runner/work/key/key/key.core/../key.ui/examples/heap/block_loop_contracts/Free/blockContracts1.key 
125155     DEBUG main            d.u.i.k.p.i.AbstractProblemLoader Environment load took 253.31ns 
125156     INFO  main            d.u.i.k.p.i.AbstractProblemLoader Creating init config 
127548     DEBUG main            d.u.i.k.p.i.AbstractProblemLoader Init config took 2.39s 
127582     INFO  main            d.u.i.k.p.i.AbstractProblemLoader Replaying proof FreeConditions[FreeConditions::blockContract1()].JML normal_behavior operation contract.0 
127583     DEBUG main            d.u.i.k.p.i.IntermediateProofReplayer Proof replay took 14.7ns 
127687     INFO  main            d.u.i.k.p.r.p.TestFile    ... finished proof: closed. 
127973     INFO  main            d.u.i.k.p.i.AbstractProblemLoader Loading environment from /home/runner/work/key/key/key.core/../key.ui/examples/heap/block_loop_contracts/Free/blockContracts1.key.proof 
127973     DEBUG main            d.u.i.k.p.i.AbstractProblemLoader Environment load took 128.2ns 
127974     INFO  main            d.u.i.k.p.i.AbstractProblemLoader Creating init config 
130313     DEBUG main            d.u.i.k.p.i.AbstractProblemLoader Init config took 2.34s 
130347     INFO  main            d.u.i.k.p.i.AbstractProblemLoader Replaying proof FreeConditions[FreeConditions::blockContract1()].JML normal_behavior operation contract.0 
130363     DEBUG main            d.u.i.k.p.i.IntermediateProofReplayer Proof replay took 13.84ms 
130364     DEBUG main            d.u.i.k.p.r.p.TestFile    ... success: reloaded. 
130365     INFO  main            d.u.i.k.p.r.p.TestFile    Now processing file /home/runner/work/key/key/key.core/../key.ui/examples/heap/block_loop_contracts/Finally/block_finally.key 
130365     INFO  main            d.u.i.k.p.i.AbstractProblemLoader Loading environment from /home/runner/work/key/key/key.core/../key.ui/examples/heap/block_loop_contracts/Finally/block_finally.key 
130365     DEBUG main            d.u.i.k.p.i.AbstractProblemLoader Environment load took 95.7ns 
130366     INFO  main            d.u.i.k.p.i.AbstractProblemLoader Creating init config 
132821     DEBUG main            d.u.i.k.p.i.AbstractProblemLoader Init config took 2.45s 
132856     INFO  main            d.u.i.k.p.i.AbstractProblemLoader Replaying proof AuxiliaryContractsFinally[AuxiliaryContractsFinally::breakThrowContinueBlockContract(java.lang.Exception)].JML block contract.0 
132858     DEBUG main            d.u.i.k.p.i.IntermediateProofReplayer Proof replay took 12.3ns 
133365     INFO  main            d.u.i.k.p.r.p.TestFile    ... finished proof: open goal(s) 
133665     INFO  main            d.u.i.k.p.r.p.TestFile    Now processing file /home/runner/work/key/key/key.core/../key.ui/examples/heap/block_loop_contracts/Finally/loop_finally.key 
133666     INFO  main            d.u.i.k.p.i.AbstractProblemLoader Loading environment from /home/runner/work/key/key/key.core/../key.ui/examples/heap/block_loop_contracts/Finally/loop_finally.key 
133666     DEBUG main            d.u.i.k.p.i.AbstractProblemLoader Environment load took 697.42ns 
133667     INFO  main            d.u.i.k.p.i.AbstractProblemLoader Creating init config 
136023     DEBUG main            d.u.i.k.p.i.AbstractProblemLoader Init config took 2.36s 
136061     INFO  main            d.u.i.k.p.i.AbstractProblemLoader Replaying proof AuxiliaryContractsFinally[AuxiliaryContractsFinally::breakThrowContinueLoopContract(java.lang.Exception)].JML normal_behavior loop contract.0 
136063     DEBUG main            d.u.i.k.p.i.IntermediateProofReplayer Proof replay took 14.4ns 
136680     INFO  main            d.u.i.k.p.r.p.TestFile    ... finished proof: open goal(s) 
637444     INFO  Test worker     d.u.i.k.p.r.RunAllProofsTestUnit Returning from test blockContracts 
637445     INFO  Test worker     d.u.i.k.p.r.RunAllProofsTestUnit Running test jmlAsserts 
353        INFO  Timeout watchdog d.u.i.k.p.r.p.ForkedTestFileRunner Timeout watcher launched (2000 secs.) 
370        WARN  main            d.u.i.k.s.ProofSettings   The settings in /home/runner/.key/proof-settings.props are *not* read. 
418        INFO  main            d.u.i.k.p.r.p.TestFile    Now processing file /home/runner/work/key/key/key.core/../key.ui/examples/standard_key/java_dl/jml-assert/assert.key 
548        INFO  main            d.u.i.k.p.i.AbstractProblemLoader Loading environment from /home/runner/work/key/key/key.core/../key.ui/examples/standard_key/java_dl/jml-assert/assert.key 
570        DEBUG main            d.u.i.k.p.i.AbstractProblemLoader Environment load took 2.45ms 
789        INFO  main            d.u.i.k.p.i.AbstractProblemLoader Creating init config 
1722       DEBUG main            d.u.i.k.j.TypeConverter   No LDT found for Meta 
1722       DEBUG main            d.u.i.k.j.TypeConverter   No LDT found for Meta 
1726       DEBUG main            d.u.i.k.j.TypeConverter   No LDT found for Meta 
1726       DEBUG main            d.u.i.k.j.TypeConverter   No LDT found for Meta 
3357       DEBUG main            d.u.i.k.j.TypeConverter   No LDT found for JavaBigintExpression 
8435       DEBUG main            d.u.i.k.p.i.AbstractProblemLoader Init config took 7.65s 
8628       INFO  main            d.u.i.k.p.i.AbstractProblemLoader Replaying proof Assert[Assert::createArray(int)].JML normal_behavior operation contract.0 
8664       DEBUG main            d.u.i.k.p.i.IntermediateProofReplayer Proof replay took 35.7ns 
9591       INFO  main            d.u.i.k.p.r.p.TestFile    ... finished proof: closed. 
9720       INFO  main            d.u.i.k.p.i.AbstractProblemLoader Loading environment from /home/runner/work/key/key/key.core/../key.ui/examples/standard_key/java_dl/jml-assert/assert.key.proof 
9721       DEBUG main            d.u.i.k.p.i.AbstractProblemLoader Environment load took 743.72ns 
9723       INFO  main            d.u.i.k.p.i.AbstractProblemLoader Creating init config 
12470      DEBUG main            d.u.i.k.p.i.AbstractProblemLoader Init config took 2.75s 
12537      INFO  main            d.u.i.k.p.i.AbstractProblemLoader Replaying proof Assert[Assert::createArray(int)].JML normal_behavior operation contract.0 
12615      DEBUG main            d.u.i.k.p.i.IntermediateProofReplayer Proof replay took 71.54ms 
12623      DEBUG main            d.u.i.k.p.r.p.TestFile    ... success: reloaded. 
12625      INFO  main            d.u.i.k.p.r.p.TestFile    Now processing file /home/runner/work/key/key/key.core/../key.ui/examples/heap/block_loop_contracts/Free/assertions0.key 
12626      INFO  main            d.u.i.k.p.i.AbstractProblemLoader Loading environment from /home/runner/work/key/key/key.core/../key.ui/examples/heap/block_loop_contracts/Free/assertions0.key 
12626      DEBUG main            d.u.i.k.p.i.AbstractProblemLoader Environment load took 260.81ns 
12628      INFO  main            d.u.i.k.p.i.AbstractProblemLoader Creating init config 
15298      DEBUG main            d.u.i.k.p.i.AbstractProblemLoader Init config took 2.67s 
15362      INFO  main            d.u.i.k.p.i.AbstractProblemLoader Replaying proof FreeConditions[FreeConditions::assertions0()].JML normal_behavior operation contract.0 
15366      DEBUG main            d.u.i.k.p.i.IntermediateProofReplayer Proof replay took 13.8ns 
15570      INFO  main            d.u.i.k.p.r.p.TestFile    ... finished proof: closed. 
15706      INFO  main            d.u.i.k.p.i.AbstractProblemLoader Loading environment from /home/runner/work/key/key/key.core/../key.ui/examples/heap/block_loop_contracts/Free/assertions0.key.proof 
15707      DEBUG main            d.u.i.k.p.i.AbstractProblemLoader Environment load took 140.4ns 
15712      INFO  main            d.u.i.k.p.i.AbstractProblemLoader Creating init config 
18264      DEBUG main            d.u.i.k.p.i.AbstractProblemLoader Init config took 2.55s 
18315      INFO  main            d.u.i.k.p.i.AbstractProblemLoader Replaying proof FreeConditions[FreeConditions::assertions0()].JML normal_behavior operation contract.0 
18338      DEBUG main            d.u.i.k.p.i.IntermediateProofReplayer Proof replay took 19.37ms 
18339      DEBUG main            d.u.i.k.p.r.p.TestFile    ... success: reloaded. 
18341      INFO  main            d.u.i.k.p.r.p.TestFile    Now processing file /home/runner/work/key/key/key.core/../key.ui/examples/heap/block_loop_contracts/Free/assertions1.key 
18341      INFO  main            d.u.i.k.p.i.AbstractProblemLoader Loading environment from /home/runner/work/key/key/key.core/../key.ui/examples/heap/block_loop_contracts/Free/assertions1.key 
18342      DEBUG main            d.u.i.k.p.i.AbstractProblemLoader Environment load took 285.91ns 
18343      INFO  main            d.u.i.k.p.i.AbstractProblemLoader Creating init config 
20809      DEBUG main            d.u.i.k.p.i.AbstractProblemLoader Init config took 2.47s 
20858      INFO  main            d.u.i.k.p.i.AbstractProblemLoader Replaying proof FreeConditions[FreeConditions::assertions1()].JML normal_behavior operation contract.0 
20861      DEBUG main            d.u.i.k.p.i.IntermediateProofReplayer Proof replay took 25ns 
20963      INFO  main            d.u.i.k.p.r.p.TestFile    ... finished proof: closed. 
21132      INFO  main            d.u.i.k.p.i.AbstractProblemLoader Loading environment from /home/runner/work/key/key/key.core/../key.ui/examples/heap/block_loop_contracts/Free/assertions1.key.proof 
21133      DEBUG main            d.u.i.k.p.i.AbstractProblemLoader Environment load took 169.2ns 
21134      INFO  main            d.u.i.k.p.i.AbstractProblemLoader Creating init config 
23584      DEBUG main            d.u.i.k.p.i.AbstractProblemLoader Init config took 2.45s 
23638      INFO  main            d.u.i.k.p.i.AbstractProblemLoader Replaying proof FreeConditions[FreeConditions::assertions1()].JML normal_behavior operation contract.0 
23645      DEBUG main            d.u.i.k.p.i.IntermediateProofReplayer Proof replay took 4.7ms 
23647      DEBUG main            d.u.i.k.p.r.p.TestFile    ... success: reloaded. 
23648      INFO  main            d.u.i.k.p.r.p.TestFile    Now processing file /home/runner/work/key/key/key.core/../key.ui/examples/standard_key/java_dl/jml-assert/recursion-assert.key 
23648      INFO  main            d.u.i.k.p.i.AbstractProblemLoader Loading environment from /home/runner/work/key/key/key.core/../key.ui/examples/standard_key/java_dl/jml-assert/recursion-assert.key 
23648      DEBUG main            d.u.i.k.p.i.AbstractProblemLoader Environment load took 255.21ns 
23650      INFO  main            d.u.i.k.p.i.AbstractProblemLoader Creating init config 
26310      DEBUG main            d.u.i.k.p.i.AbstractProblemLoader Init config took 2.66s 
26356      INFO  main            d.u.i.k.p.i.AbstractProblemLoader Replaying proof RecursiveMethod[RecursiveMethod::fac1(int)].JML normal_behavior operation contract.0 
26359      DEBUG main            d.u.i.k.p.i.IntermediateProofReplayer Proof replay took 6.5ns 
26563      INFO  main            d.u.i.k.p.r.p.TestFile    ... finished proof: closed. 
26743      INFO  main            d.u.i.k.p.i.AbstractProblemLoader Loading environment from /home/runner/work/key/key/key.core/../key.ui/examples/standard_key/java_dl/jml-assert/recursion-assert.key.proof 
26744      DEBUG main            d.u.i.k.p.i.AbstractProblemLoader Environment load took 731.72ns 
26745      INFO  main            d.u.i.k.p.i.AbstractProblemLoader Creating init config 
29328      DEBUG main            d.u.i.k.p.i.AbstractProblemLoader Init config took 2.58s 
29372      INFO  main            d.u.i.k.p.i.AbstractProblemLoader Replaying proof RecursiveMethod[RecursiveMethod::fac1(int)].JML normal_behavior operation contract.0 
29419      DEBUG main            d.u.i.k.p.i.IntermediateProofReplayer Proof replay took 44.2ms 
29422      DEBUG main            d.u.i.k.p.r.p.TestFile    ... success: reloaded. 
29423      INFO  main            d.u.i.k.p.r.p.TestFile    Now processing file /home/runner/work/key/key/key.core/../key.ui/examples/standard_key/java_dl/jml-assert/recursion-assume.key 
29423      INFO  main            d.u.i.k.p.i.AbstractProblemLoader Loading environment from /home/runner/work/key/key/key.core/../key.ui/examples/standard_key/java_dl/jml-assert/recursion-assume.key 
29424      DEBUG main            d.u.i.k.p.i.AbstractProblemLoader Environment load took 248.21ns 
29425      INFO  main            d.u.i.k.p.i.AbstractProblemLoader Creating init config 
32039      DEBUG main            d.u.i.k.p.i.AbstractProblemLoader Init config took 2.61s 
32083      INFO  main            d.u.i.k.p.i.AbstractProblemLoader Replaying proof RecursiveMethod[RecursiveMethod::fac2(int)].JML normal_behavior operation contract.0 
32085      DEBUG main            d.u.i.k.p.i.IntermediateProofReplayer Proof replay took 7.5ns 
32291      INFO  main            d.u.i.k.p.r.p.TestFile    ... finished proof: closed. 
32493      INFO  main            d.u.i.k.p.i.AbstractProblemLoader Loading environment from /home/runner/work/key/key/key.core/../key.ui/examples/standard_key/java_dl/jml-assert/recursion-assume.key.proof 
32494      DEBUG main            d.u.i.k.p.i.AbstractProblemLoader Environment load took 381.01ns 
32495      INFO  main            d.u.i.k.p.i.AbstractProblemLoader Creating init config 
35056      DEBUG main            d.u.i.k.p.i.AbstractProblemLoader Init config took 2.56s 
35101      INFO  main            d.u.i.k.p.i.AbstractProblemLoader Replaying proof RecursiveMethod[RecursiveMethod::fac2(int)].JML normal_behavior operation contract.0 
35138      DEBUG main            d.u.i.k.p.i.IntermediateProofReplayer Proof replay took 33.56ms 
35139      DEBUG main            d.u.i.k.p.r.p.TestFile    ... success: reloaded. 
35140      INFO  main            d.u.i.k.p.r.p.TestFile    Now processing file /home/runner/work/key/key/key.core/../key.ui/examples/standard_key/java_dl/jml-assert/quantor-assert.key 
35141      INFO  main            d.u.i.k.p.i.AbstractProblemLoader Loading environment from /home/runner/work/key/key/key.core/../key.ui/examples/standard_key/java_dl/jml-assert/quantor-assert.key 
35141      DEBUG main            d.u.i.k.p.i.AbstractProblemLoader Environment load took 246.41ns 
35142      INFO  main            d.u.i.k.p.i.AbstractProblemLoader Creating init config 
37723      DEBUG main            d.u.i.k.p.i.AbstractProblemLoader Init config took 2.58s 
37769      INFO  main            d.u.i.k.p.i.AbstractProblemLoader Replaying proof Quantor[Quantor::square1(int)].JML normal_behavior operation contract.0 
37772      DEBUG main            d.u.i.k.p.i.IntermediateProofReplayer Proof replay took 8.6ns 
37874      INFO  main            d.u.i.k.p.r.p.TestFile    ... finished proof: closed. 
38174      INFO  main            d.u.i.k.p.i.AbstractProblemLoader Loading environment from /home/runner/work/key/key/key.core/../key.ui/examples/standard_key/java_dl/jml-assert/quantor-assert.key.proof 
38174      DEBUG main            d.u.i.k.p.i.AbstractProblemLoader Environment load took 140.7ns 
38175      INFO  main            d.u.i.k.p.i.AbstractProblemLoader Creating init config 
40690      DEBUG main            d.u.i.k.p.i.AbstractProblemLoader Init config took 2.51s 
40735      INFO  main            d.u.i.k.p.i.AbstractProblemLoader Replaying proof Quantor[Quantor::square1(int)].JML normal_behavior operation contract.0 
40753      DEBUG main            d.u.i.k.p.i.IntermediateProofReplayer Proof replay took 15.66ms 
40755      DEBUG main            d.u.i.k.p.r.p.TestFile    ... success: reloaded. 
40756      INFO  main            d.u.i.k.p.r.p.TestFile    Now processing file /home/runner/work/key/key/key.core/../key.ui/examples/standard_key/java_dl/jml-assert/quantor-assume.key 
40757      INFO  main            d.u.i.k.p.i.AbstractProblemLoader Loading environment from /home/runner/work/key/key/key.core/../key.ui/examples/standard_key/java_dl/jml-assert/quantor-assume.key 
40757      DEBUG main            d.u.i.k.p.i.AbstractProblemLoader Environment load took 244.21ns 
40758      INFO  main            d.u.i.k.p.i.AbstractProblemLoader Creating init config 
43371      DEBUG main            d.u.i.k.p.i.AbstractProblemLoader Init config took 2.61s 
43422      INFO  main            d.u.i.k.p.i.AbstractProblemLoader Replaying proof Quantor[Quantor::square2(int)].JML normal_behavior operation contract.0 
43424      DEBUG main            d.u.i.k.p.i.IntermediateProofReplayer Proof replay took 6.9ns 
43527      INFO  main            d.u.i.k.p.r.p.TestFile    ... finished proof: closed. 
43745      INFO  main            d.u.i.k.p.i.AbstractProblemLoader Loading environment from /home/runner/work/key/key/key.core/../key.ui/examples/standard_key/java_dl/jml-assert/quantor-assume.key.proof 
43745      DEBUG main            d.u.i.k.p.i.AbstractProblemLoader Environment load took 146.8ns 
43746      INFO  main            d.u.i.k.p.i.AbstractProblemLoader Creating init config 
46237      DEBUG main            d.u.i.k.p.i.AbstractProblemLoader Init config took 2.49s 
46277      INFO  main            d.u.i.k.p.i.AbstractProblemLoader Replaying proof Quantor[Quantor::square2(int)].JML normal_behavior operation contract.0 
46290      DEBUG main            d.u.i.k.p.i.IntermediateProofReplayer Proof replay took 11.64ms 
46292      DEBUG main            d.u.i.k.p.r.p.TestFile    ... success: reloaded. 
46293      INFO  main            d.u.i.k.p.r.p.TestFile    Now processing file /home/runner/work/key/key/key.core/../key.ui/examples/standard_key/java_dl/jml-assert/model-methods-static-static.key 
46293      INFO  main            d.u.i.k.p.i.AbstractProblemLoader Loading environment from /home/runner/work/key/key/key.core/../key.ui/examples/standard_key/java_dl/jml-assert/model-methods-static-static.key 
46293      DEBUG main            d.u.i.k.p.i.AbstractProblemLoader Environment load took 106.6ns 
46294      INFO  main            d.u.i.k.p.i.AbstractProblemLoader Creating init config 
48864      DEBUG main            d.u.i.k.p.i.AbstractProblemLoader Init config took 2.57s 
48904      INFO  main            d.u.i.k.p.i.AbstractProblemLoader Replaying proof ModelMethods[ModelMethods::test1()].JML normal_behavior operation contract.0 
48906      DEBUG main            d.u.i.k.p.i.IntermediateProofReplayer Proof replay took 10.9ns 
49010      INFO  main            d.u.i.k.p.r.p.TestFile    ... finished proof: closed. 
49211      INFO  main            d.u.i.k.p.i.AbstractProblemLoader Loading environment from /home/runner/work/key/key/key.core/../key.ui/examples/standard_key/java_dl/jml-assert/model-methods-static-static.key.proof 
49212      DEBUG main            d.u.i.k.p.i.AbstractProblemLoader Environment load took 146.1ns 
49214      INFO  main            d.u.i.k.p.i.AbstractProblemLoader Creating init config 
51704      DEBUG main            d.u.i.k.p.i.AbstractProblemLoader Init config took 2.49s 
51760      INFO  main            d.u.i.k.p.i.AbstractProblemLoader Replaying proof ModelMethods[ModelMethods::test1()].JML normal_behavior operation contract.0 
51768      DEBUG main            d.u.i.k.p.i.IntermediateProofReplayer Proof replay took 6.09ms 
51769      DEBUG main            d.u.i.k.p.r.p.TestFile    ... success: reloaded. 
51770      INFO  main            d.u.i.k.p.r.p.TestFile    Now processing file /home/runner/work/key/key/key.core/../key.ui/examples/standard_key/java_dl/jml-assert/model-methods-instance-static.key 
51771      INFO  main            d.u.i.k.p.i.AbstractProblemLoader Loading environment from /home/runner/work/key/key/key.core/../key.ui/examples/standard_key/java_dl/jml-assert/model-methods-instance-static.key 
51771      DEBUG main            d.u.i.k.p.i.AbstractProblemLoader Environment load took 172.81ns 
51775      INFO  main            d.u.i.k.p.i.AbstractProblemLoader Creating init config 
54361      DEBUG main            d.u.i.k.p.i.AbstractProblemLoader Init config took 2.59s 
54400      INFO  main            d.u.i.k.p.i.AbstractProblemLoader Replaying proof ModelMethods[ModelMethods::test2()].JML normal_behavior operation contract.0 
54401      DEBUG main            d.u.i.k.p.i.IntermediateProofReplayer Proof replay took 9.4ns 
54506      INFO  main            d.u.i.k.p.r.p.TestFile    ... finished proof: closed. 
54742      INFO  main            d.u.i.k.p.i.AbstractProblemLoader Loading environment from /home/runner/work/key/key/key.core/../key.ui/examples/standard_key/java_dl/jml-assert/model-methods-instance-static.key.proof 
54742      DEBUG main            d.u.i.k.p.i.AbstractProblemLoader Environment load took 134ns 
54743      INFO  main            d.u.i.k.p.i.AbstractProblemLoader Creating init config 
57218      DEBUG main            d.u.i.k.p.i.AbstractProblemLoader Init config took 2.47s 
57262      INFO  main            d.u.i.k.p.i.AbstractProblemLoader Replaying proof ModelMethods[ModelMethods::test2()].JML normal_behavior operation contract.0 
57278      DEBUG main            d.u.i.k.p.i.IntermediateProofReplayer Proof replay took 8ms 
57280      DEBUG main            d.u.i.k.p.r.p.TestFile    ... success: reloaded. 
57281      INFO  main            d.u.i.k.p.r.p.TestFile    Now processing file /home/runner/work/key/key/key.core/../key.ui/examples/standard_key/java_dl/jml-assert/model-methods-instance-instance.key 
57282      INFO  main            d.u.i.k.p.i.AbstractProblemLoader Loading environment from /home/runner/work/key/key/key.core/../key.ui/examples/standard_key/java_dl/jml-assert/model-methods-instance-instance.key 
57282      DEBUG main            d.u.i.k.p.i.AbstractProblemLoader Environment load took 746.02ns 
57283      INFO  main            d.u.i.k.p.i.AbstractProblemLoader Creating init config 
59827      DEBUG main            d.u.i.k.p.i.AbstractProblemLoader Init config took 2.54s 
59865      INFO  main            d.u.i.k.p.i.AbstractProblemLoader Replaying proof ModelMethods[ModelMethods::test3()].JML normal_behavior operation contract.0 
59866      DEBUG main            d.u.i.k.p.i.IntermediateProofReplayer Proof replay took 7.8ns 
59970      INFO  main            d.u.i.k.p.r.p.TestFile    ... finished proof: closed. 
60193      INFO  main            d.u.i.k.p.i.AbstractProblemLoader Loading environment from /home/runner/work/key/key/key.core/../key.ui/examples/standard_key/java_dl/jml-assert/model-methods-instance-instance.key.proof 
60193      DEBUG main            d.u.i.k.p.i.AbstractProblemLoader Environment load took 131.3ns 
60195      INFO  main            d.u.i.k.p.i.AbstractProblemLoader Creating init config 
62639      DEBUG main            d.u.i.k.p.i.AbstractProblemLoader Init config took 2.44s 
62677      INFO  main            d.u.i.k.p.i.AbstractProblemLoader Replaying proof ModelMethods[ModelMethods::test3()].JML normal_behavior operation contract.0 
62688      DEBUG main            d.u.i.k.p.i.IntermediateProofReplayer Proof replay took 9.72ms 
62689      DEBUG main            d.u.i.k.p.r.p.TestFile    ... success: reloaded. 
62690      INFO  main            d.u.i.k.p.r.p.TestFile    Now processing file /home/runner/work/key/key/key.core/../key.ui/examples/standard_key/java_dl/jml-assert/model-methods-static-instance.key 
62691      INFO  main            d.u.i.k.p.i.AbstractProblemLoader Loading environment from /home/runner/work/key/key/key.core/../key.ui/examples/standard_key/java_dl/jml-assert/model-methods-static-instance.key 
62691      DEBUG main            d.u.i.k.p.i.AbstractProblemLoader Environment load took 122.8ns 
62692      INFO  main            d.u.i.k.p.i.AbstractProblemLoader Creating init config 
65172      DEBUG main            d.u.i.k.p.i.AbstractProblemLoader Init config took 2.48s 
65210      INFO  main            d.u.i.k.p.i.AbstractProblemLoader Replaying proof ModelMethods[ModelMethods::test4()].JML normal_behavior operation contract.0 
65212      DEBUG main            d.u.i.k.p.i.IntermediateProofReplayer Proof replay took 7.6ns 
65419      INFO  main            d.u.i.k.p.r.p.TestFile    ... finished proof: closed. 
65683      INFO  main            d.u.i.k.p.i.AbstractProblemLoader Loading environment from /home/runner/work/key/key/key.core/../key.ui/examples/standard_key/java_dl/jml-assert/model-methods-static-instance.key.proof 
65684      DEBUG main            d.u.i.k.p.i.AbstractProblemLoader Environment load took 139.1ns 
65688      INFO  main            d.u.i.k.p.i.AbstractProblemLoader Creating init config 
68132      DEBUG main            d.u.i.k.p.i.AbstractProblemLoader Init config took 2.44s 
68171      INFO  main            d.u.i.k.p.i.AbstractProblemLoader Replaying proof ModelMethods[ModelMethods::test4()].JML normal_behavior operation contract.0 
68199      DEBUG main            d.u.i.k.p.i.IntermediateProofReplayer Proof replay took 25.3ms 
68201      DEBUG main            d.u.i.k.p.r.p.TestFile    ... success: reloaded. 
68202      INFO  main            d.u.i.k.p.r.p.TestFile    Now processing file /home/runner/work/key/key/key.core/../key.ui/examples/standard_key/java_dl/jml-assert/assert-old/inc-field.key 
68202      INFO  main            d.u.i.k.p.i.AbstractProblemLoader Loading environment from /home/runner/work/key/key/key.core/../key.ui/examples/standard_key/java_dl/jml-assert/assert-old/inc-field.key 
68202      DEBUG main            d.u.i.k.p.i.AbstractProblemLoader Environment load took 228.31ns 
68204      INFO  main            d.u.i.k.p.i.AbstractProblemLoader Creating init config 
70638      DEBUG main            d.u.i.k.p.i.AbstractProblemLoader Init config took 2.43s 
70674      INFO  main            d.u.i.k.p.i.AbstractProblemLoader Replaying proof Inc[Inc::inc_field()].JML normal_behavior operation contract.0 
70675      DEBUG main            d.u.i.k.p.i.IntermediateProofReplayer Proof replay took 7.1ns 
70778      INFO  main            d.u.i.k.p.r.p.TestFile    ... finished proof: closed. 
71003      INFO  main            d.u.i.k.p.i.AbstractProblemLoader Loading environment from /home/runner/work/key/key/key.core/../key.ui/examples/standard_key/java_dl/jml-assert/assert-old/inc-field.key.proof 
71003      DEBUG main            d.u.i.k.p.i.AbstractProblemLoader Environment load took 138.1ns 
71004      INFO  main            d.u.i.k.p.i.AbstractProblemLoader Creating init config 
73350      DEBUG main            d.u.i.k.p.i.AbstractProblemLoader Init config took 2.35s 
73385      INFO  main            d.u.i.k.p.i.AbstractProblemLoader Replaying proof Inc[Inc::inc_field()].JML normal_behavior operation contract.0 
73417      DEBUG main            d.u.i.k.p.i.IntermediateProofReplayer Proof replay took 29.78ms 
73419      DEBUG main            d.u.i.k.p.r.p.TestFile    ... success: reloaded. 
73420      INFO  main            d.u.i.k.p.r.p.TestFile    Now processing file /home/runner/work/key/key/key.core/../key.ui/examples/standard_key/java_dl/jml-assert/assert-old/inc-parameter.key 
73420      INFO  main            d.u.i.k.p.i.AbstractProblemLoader Loading environment from /home/runner/work/key/key/key.core/../key.ui/examples/standard_key/java_dl/jml-assert/assert-old/inc-parameter.key 
73421      DEBUG main            d.u.i.k.p.i.AbstractProblemLoader Environment load took 243.51ns 
73424      INFO  main            d.u.i.k.p.i.AbstractProblemLoader Creating init config 
75814      DEBUG main            d.u.i.k.p.i.AbstractProblemLoader Init config took 2.39s 
75860      INFO  main            d.u.i.k.p.i.AbstractProblemLoader Replaying proof Inc[Inc::inc_parameter(int)].JML normal_behavior operation contract.0 
75861      DEBUG main            d.u.i.k.p.i.IntermediateProofReplayer Proof replay took 8.4ns 
75963      INFO  main            d.u.i.k.p.r.p.TestFile    ... finished proof: closed. 
76205      INFO  main            d.u.i.k.p.i.AbstractProblemLoader Loading environment from /home/runner/work/key/key/key.core/../key.ui/examples/standard_key/java_dl/jml-assert/assert-old/inc-parameter.key.proof 
76205      DEBUG main            d.u.i.k.p.i.AbstractProblemLoader Environment load took 137ns 
76206      INFO  main            d.u.i.k.p.i.AbstractProblemLoader Creating init config 
78815      DEBUG main            d.u.i.k.p.i.AbstractProblemLoader Init config took 2.61s 
78850      INFO  main            d.u.i.k.p.i.AbstractProblemLoader Replaying proof Inc[Inc::inc_parameter(int)].JML normal_behavior operation contract.0 
78865      DEBUG main            d.u.i.k.p.i.IntermediateProofReplayer Proof replay took 11.69ms 
78866      DEBUG main            d.u.i.k.p.r.p.TestFile    ... success: reloaded. 
78867      INFO  main            d.u.i.k.p.r.p.TestFile    Now processing file /home/runner/work/key/key/key.core/../key.ui/examples/standard_key/java_dl/jml-assert/assert-old/inc-parameter-field.key 
78867      INFO  main            d.u.i.k.p.i.AbstractProblemLoader Loading environment from /home/runner/work/key/key/key.core/../key.ui/examples/standard_key/java_dl/jml-assert/assert-old/inc-parameter-field.key 
78867      DEBUG main            d.u.i.k.p.i.AbstractProblemLoader Environment load took 230.31ns 
78868      INFO  main            d.u.i.k.p.i.AbstractProblemLoader Creating init config 
81294      DEBUG main            d.u.i.k.p.i.AbstractProblemLoader Init config took 2.43s 
81327      INFO  main            d.u.i.k.p.i.AbstractProblemLoader Replaying proof Inc[Inc::inc_parameter_field(Inc)].JML normal_behavior operation contract.0 
81329      DEBUG main            d.u.i.k.p.i.IntermediateProofReplayer Proof replay took 8.7ns 
81534      INFO  main            d.u.i.k.p.r.p.TestFile    ... finished proof: closed. 
81781      INFO  main            d.u.i.k.p.i.AbstractProblemLoader Loading environment from /home/runner/work/key/key/key.core/../key.ui/examples/standard_key/java_dl/jml-assert/assert-old/inc-parameter-field.key.proof 
81781      DEBUG main            d.u.i.k.p.i.AbstractProblemLoader Environment load took 135.3ns 
81782      INFO  main            d.u.i.k.p.i.AbstractProblemLoader Creating init config 
84120      DEBUG main            d.u.i.k.p.i.AbstractProblemLoader Init config took 2.34s 
84155      INFO  main            d.u.i.k.p.i.AbstractProblemLoader Replaying proof Inc[Inc::inc_parameter_field(Inc)].JML normal_behavior operation contract.0 
84184      DEBUG main            d.u.i.k.p.i.IntermediateProofReplayer Proof replay took 25.89ms 
84185      DEBUG main            d.u.i.k.p.r.p.TestFile    ... success: reloaded. 
84186      INFO  main            d.u.i.k.p.r.p.TestFile    Now processing file /home/runner/work/key/key/key.core/../key.ui/examples/standard_key/java_dl/jml-assert/assert-old/inc-ghost-field.key 
84187      INFO  main            d.u.i.k.p.i.AbstractProblemLoader Loading environment from /home/runner/work/key/key/key.core/../key.ui/examples/standard_key/java_dl/jml-assert/assert-old/inc-ghost-field.key 
84187      DEBUG main            d.u.i.k.p.i.AbstractProblemLoader Environment load took 251.41ns 
84188      INFO  main            d.u.i.k.p.i.AbstractProblemLoader Creating init config 
86627      DEBUG main            d.u.i.k.p.i.AbstractProblemLoader Init config took 2.44s 
86661      INFO  main            d.u.i.k.p.i.AbstractProblemLoader Replaying proof Inc[Inc::inc_ghost_field()].JML normal_behavior operation contract.0 
86663      DEBUG main            d.u.i.k.p.i.IntermediateProofReplayer Proof replay took 9.9ns 
86765      INFO  main            d.u.i.k.p.r.p.TestFile    ... finished proof: closed. 
87020      INFO  main            d.u.i.k.p.i.AbstractProblemLoader Loading environment from /home/runner/work/key/key/key.core/../key.ui/examples/standard_key/java_dl/jml-assert/assert-old/inc-ghost-field.key.proof 
87020      DEBUG main            d.u.i.k.p.i.AbstractProblemLoader Environment load took 126.9ns 
87022      INFO  main            d.u.i.k.p.i.AbstractProblemLoader Creating init config 
89351      DEBUG main            d.u.i.k.p.i.AbstractProblemLoader Init config took 2.33s 
89386      INFO  main            d.u.i.k.p.i.AbstractProblemLoader Replaying proof Inc[Inc::inc_ghost_field()].JML normal_behavior operation contract.0 
89409      DEBUG main            d.u.i.k.p.i.IntermediateProofReplayer Proof replay took 20.84ms 
89411      DEBUG main            d.u.i.k.p.r.p.TestFile    ... success: reloaded. 
727032     INFO  Test worker     d.u.i.k.p.r.RunAllProofsTestUnit Returning from test jmlAsserts 
727041     INFO  Test worker     d.u.i.k.p.r.RunAllProofsTestUnit Running test javaCard 
357        INFO  Timeout watchdog d.u.i.k.p.r.p.ForkedTestFileRunner Timeout watcher launched (2000 secs.) 
372        WARN  main            d.u.i.k.s.ProofSettings   The settings in /home/runner/.key/proof-settings.props are *not* read. 
419        INFO  main            d.u.i.k.p.r.p.TestFile    Now processing file /home/runner/work/key/key/key.core/../key.ui/examples/heap/javacard/updateBalance0.key 
580        INFO  main            d.u.i.k.p.i.AbstractProblemLoader Loading environment from /home/runner/work/key/key/key.core/../key.ui/examples/heap/javacard/updateBalance0.key 
602        DEBUG main            d.u.i.k.p.i.AbstractProblemLoader Environment load took 2.43ms 
828        INFO  main            d.u.i.k.p.i.AbstractProblemLoader Creating init config 
1794       DEBUG main            d.u.i.k.j.TypeConverter   No LDT found for Meta 
1795       DEBUG main            d.u.i.k.j.TypeConverter   No LDT found for Meta 
1797       DEBUG main            d.u.i.k.j.TypeConverter   No LDT found for Meta 
1798       DEBUG main            d.u.i.k.j.TypeConverter   No LDT found for Meta 
3292       DEBUG main            d.u.i.k.j.TypeConverter   No LDT found for JavaBigintExpression 
6982       DEBUG main            d.u.i.k.p.i.AbstractProblemLoader Init config took 6.15s 
7122       INFO  main            d.u.i.k.p.i.AbstractProblemLoader Replaying proof Examples[Examples::updateBalance(short)].JML normal_behavior operation contract.0 
7156       DEBUG main            d.u.i.k.p.i.IntermediateProofReplayer Proof replay took 36.6ns 
8694       INFO  main            d.u.i.k.p.r.p.TestFile    ... finished proof: closed. 
8884       INFO  main            d.u.i.k.p.i.AbstractProblemLoader Loading environment from /home/runner/work/key/key/key.core/../key.ui/examples/heap/javacard/updateBalance0.key.proof 
8884       DEBUG main            d.u.i.k.p.i.AbstractProblemLoader Environment load took 225.41ns 
8886       INFO  main            d.u.i.k.p.i.AbstractProblemLoader Creating init config 
10639      DEBUG main            d.u.i.k.p.i.AbstractProblemLoader Init config took 1.75s 
10724      INFO  main            d.u.i.k.p.i.AbstractProblemLoader Replaying proof Examples[Examples::updateBalance(short)].JML normal_behavior operation contract.0 
10921      DEBUG main            d.u.i.k.p.i.IntermediateProofReplayer Proof replay took 176.3ms 
10933      DEBUG main            d.u.i.k.p.r.p.TestFile    ... success: reloaded. 
10939      INFO  main            d.u.i.k.p.r.p.TestFile    Now processing file /home/runner/work/key/key/key.core/../key.ui/examples/heap/javacard/updateBalance1.key 
10940      INFO  main            d.u.i.k.p.i.AbstractProblemLoader Loading environment from /home/runner/work/key/key/key.core/../key.ui/examples/heap/javacard/updateBalance1.key 
10940      DEBUG main            d.u.i.k.p.i.AbstractProblemLoader Environment load took 134.3ns 
10942      INFO  main            d.u.i.k.p.i.AbstractProblemLoader Creating init config 
12655      DEBUG main            d.u.i.k.p.i.AbstractProblemLoader Init config took 1.71s 
12707      INFO  main            d.u.i.k.p.i.AbstractProblemLoader Replaying proof Examples[Examples::updateBalance(short)].JML normal_behavior operation contract.1 
12709      DEBUG main            d.u.i.k.p.i.IntermediateProofReplayer Proof replay took 7.1ns 
13314      INFO  main            d.u.i.k.p.r.p.TestFile    ... finished proof: closed. 
13433      INFO  main            d.u.i.k.p.i.AbstractProblemLoader Loading environment from /home/runner/work/key/key/key.core/../key.ui/examples/heap/javacard/updateBalance1.key.proof 
13433      DEBUG main            d.u.i.k.p.i.AbstractProblemLoader Environment load took 178.1ns 
13437      INFO  main            d.u.i.k.p.i.AbstractProblemLoader Creating init config 
15139      DEBUG main            d.u.i.k.p.i.AbstractProblemLoader Init config took 1.7s 
15187      INFO  main            d.u.i.k.p.i.AbstractProblemLoader Replaying proof Examples[Examples::updateBalance(short)].JML normal_behavior operation contract.1 
15299      DEBUG main            d.u.i.k.p.i.IntermediateProofReplayer Proof replay took 106.58ms 
15301      DEBUG main            d.u.i.k.p.r.p.TestFile    ... success: reloaded. 
15304      INFO  main            d.u.i.k.p.r.p.TestFile    Now processing file /home/runner/work/key/key/key.core/../key.ui/examples/heap/javacard/setArray1.key 
15307      INFO  main            d.u.i.k.p.i.AbstractProblemLoader Loading environment from /home/runner/work/key/key/key.core/../key.ui/examples/heap/javacard/setArray1.key 
15308      DEBUG main            d.u.i.k.p.i.AbstractProblemLoader Environment load took 317.91ns 
15309      INFO  main            d.u.i.k.p.i.AbstractProblemLoader Creating init config 
16913      DEBUG main            d.u.i.k.p.i.AbstractProblemLoader Init config took 1.6s 
16957      INFO  main            d.u.i.k.p.i.AbstractProblemLoader Replaying proof Examples[Examples::setArray1([B)].JML normal_behavior operation contract.0 
16959      DEBUG main            d.u.i.k.p.i.IntermediateProofReplayer Proof replay took 7.3ns 
17964      INFO  main            d.u.i.k.p.r.p.TestFile    ... finished proof: closed. 
18096      INFO  main            d.u.i.k.p.i.AbstractProblemLoader Loading environment from /home/runner/work/key/key/key.core/../key.ui/examples/heap/javacard/setArray1.key.proof 
18098      DEBUG main            d.u.i.k.p.i.AbstractProblemLoader Environment load took 1.85ms 
18100      INFO  main            d.u.i.k.p.i.AbstractProblemLoader Creating init config 
19690      DEBUG main            d.u.i.k.p.i.AbstractProblemLoader Init config took 1.59s 
19755      INFO  main            d.u.i.k.p.i.AbstractProblemLoader Replaying proof Examples[Examples::setArray1([B)].JML normal_behavior operation contract.0 
19939      DEBUG main            d.u.i.k.p.i.IntermediateProofReplayer Proof replay took 174.09ms 
19942      DEBUG main            d.u.i.k.p.r.p.TestFile    ... success: reloaded. 
19944      INFO  main            d.u.i.k.p.r.p.TestFile    Now processing file /home/runner/work/key/key/key.core/../key.ui/examples/heap/javacard/setArray2.key 
19945      INFO  main            d.u.i.k.p.i.AbstractProblemLoader Loading environment from /home/runner/work/key/key/key.core/../key.ui/examples/heap/javacard/setArray2.key 
19945      DEBUG main            d.u.i.k.p.i.AbstractProblemLoader Environment load took 245.91ns 
19946      INFO  main            d.u.i.k.p.i.AbstractProblemLoader Creating init config 
21511      DEBUG main            d.u.i.k.p.i.AbstractProblemLoader Init config took 1.56s 
21552      INFO  main            d.u.i.k.p.i.AbstractProblemLoader Replaying proof Examples[Examples::setArray2([B)].JML normal_behavior operation contract.0 
21554      DEBUG main            d.u.i.k.p.i.IntermediateProofReplayer Proof replay took 7.1ns 
22666      INFO  main            d.u.i.k.p.r.p.TestFile    ... finished proof: closed. 
22792      INFO  main            d.u.i.k.p.i.AbstractProblemLoader Loading environment from /home/runner/work/key/key/key.core/../key.ui/examples/heap/javacard/setArray2.key.proof 
22793      DEBUG main            d.u.i.k.p.i.AbstractProblemLoader Environment load took 1.34ms 
22795      INFO  main            d.u.i.k.p.i.AbstractProblemLoader Creating init config 
24355      DEBUG main            d.u.i.k.p.i.AbstractProblemLoader Init config took 1.56s 
24398      INFO  main            d.u.i.k.p.i.AbstractProblemLoader Replaying proof Examples[Examples::setArray2([B)].JML normal_behavior operation contract.0 
24570      DEBUG main            d.u.i.k.p.i.IntermediateProofReplayer Proof replay took 165.22ms 
24572      DEBUG main            d.u.i.k.p.r.p.TestFile    ... success: reloaded. 
24575      INFO  main            d.u.i.k.p.r.p.TestFile    Now processing file /home/runner/work/key/key/key.core/../key.ui/examples/heap/javacard/arrayFillNonAtomic.key 
24575      INFO  main            d.u.i.k.p.i.AbstractProblemLoader Loading environment from /home/runner/work/key/key/key.core/../key.ui/examples/heap/javacard/arrayFillNonAtomic.key 
24575      DEBUG main            d.u.i.k.p.i.AbstractProblemLoader Environment load took 236.81ns 
24576      INFO  main            d.u.i.k.p.i.AbstractProblemLoader Creating init config 
26125      DEBUG main            d.u.i.k.p.i.AbstractProblemLoader Init config took 1.55s 
26186      INFO  main            d.u.i.k.p.i.AbstractProblemLoader Replaying proof javacard.framework.Util[javacard.framework.Util::arrayFillNonAtomic([B,short,short,byte)].JML behavior operation contract.0.transaction_inactive 
26188      DEBUG main            d.u.i.k.p.i.IntermediateProofReplayer Proof replay took 7.4ns 
27011      DEBUG Thread-13       d.u.i.k.l.o.ProgramSV     Match failed: Former match of  SchemaVariable incompatible with  the current match. 
27011      DEBUG Thread-13       d.u.i.k.l.o.ProgramSV     Match failed: Former match of  SchemaVariable incompatible with  the current match. 
28337      DEBUG Thread-13       d.u.i.k.l.o.ProgramSV     Match failed: Former match of  SchemaVariable incompatible with  the current match. 
28337      DEBUG Thread-13       d.u.i.k.l.o.ProgramSV     Match failed: Former match of  SchemaVariable incompatible with  the current match. 
29801      INFO  main            d.u.i.k.p.r.p.TestFile    ... finished proof: closed. 
29967      INFO  main            d.u.i.k.p.i.AbstractProblemLoader Loading environment from /home/runner/work/key/key/key.core/../key.ui/examples/heap/javacard/arrayFillNonAtomic.key.proof 
29967      DEBUG main            d.u.i.k.p.i.AbstractProblemLoader Environment load took 557.31ns 
29969      INFO  main            d.u.i.k.p.i.AbstractProblemLoader Creating init config 
31464      DEBUG main            d.u.i.k.p.i.AbstractProblemLoader Init config took 1.49s 
31521      INFO  main            d.u.i.k.p.i.AbstractProblemLoader Replaying proof javacard.framework.Util[javacard.framework.Util::arrayFillNonAtomic([B,short,short,byte)].JML behavior operation contract.0.transaction_inactive 
32191      DEBUG main            d.u.i.k.p.i.IntermediateProofReplayer Proof replay took 651.28ms 
32192      DEBUG main            d.u.i.k.p.r.p.TestFile    ... success: reloaded. 
32194      INFO  main            d.u.i.k.p.r.p.TestFile    Now processing file /home/runner/work/key/key/key.core/../key.ui/examples/heap/coincidence_count/project.key 
32194      INFO  main            d.u.i.k.p.i.AbstractProblemLoader Loading environment from /home/runner/work/key/key/key.core/../key.ui/examples/heap/coincidence_count/project.key 
32194      DEBUG main            d.u.i.k.p.i.AbstractProblemLoader Environment load took 249.11ns 
32196      INFO  main            d.u.i.k.p.i.AbstractProblemLoader Creating init config 
35522      DEBUG main            d.u.i.k.p.i.AbstractProblemLoader Init config took 3.33s 
35577      INFO  main            d.u.i.k.p.i.AbstractProblemLoader Replaying proof CC[CC::calcCoinIndex([I,[I)].JML normal_behavior operation contract.0 
35581      DEBUG main            d.u.i.k.p.i.IntermediateProofReplayer Proof replay took 8.4ns 
53080      INFO  main            d.u.i.k.p.r.p.TestFile    ... finished proof: closed. 
53396      INFO  main            d.u.i.k.p.i.AbstractProblemLoader Loading environment from /home/runner/work/key/key/key.core/../key.ui/examples/heap/coincidence_count/project.key.proof 
53397      DEBUG main            d.u.i.k.p.i.AbstractProblemLoader Environment load took 581.21ns 
53401      INFO  main            d.u.i.k.p.i.AbstractProblemLoader Creating init config 
56073      DEBUG main            d.u.i.k.p.i.AbstractProblemLoader Init config took 2.67s 
56123      INFO  main            d.u.i.k.p.i.AbstractProblemLoader Replaying proof CC[CC::calcCoinIndex([I,[I)].JML normal_behavior operation contract.0 
56868      DEBUG main            d.u.i.k.p.i.IntermediateProofReplayer Proof replay took 665.65ms 
56872      DEBUG main            d.u.i.k.p.r.p.TestFile    ... success: reloaded. 
56874      INFO  main            d.u.i.k.p.r.p.TestFile    Now processing file /home/runner/work/key/key/key.core/../key.ui/examples/heap/verifyThis11_1_Maximum/project.key 
56874      INFO  main            d.u.i.k.p.i.AbstractProblemLoader Loading environment from /home/runner/work/key/key/key.core/../key.ui/examples/heap/verifyThis11_1_Maximum/project.key 
56874      DEBUG main            d.u.i.k.p.i.AbstractProblemLoader Environment load took 162.9ns 
56875      INFO  main            d.u.i.k.p.i.AbstractProblemLoader Creating init config 
59461      DEBUG main            d.u.i.k.p.i.AbstractProblemLoader Init config took 2.59s 
59519      INFO  main            d.u.i.k.p.i.AbstractProblemLoader Replaying proof Maximum[Maximum::maxIndex([I)].JML normal_behavior operation contract.0 
59521      DEBUG main            d.u.i.k.p.i.IntermediateProofReplayer Proof replay took 8.4ns 
60445      INFO  main            d.u.i.k.p.r.p.TestFile    ... finished proof: closed. 
60712      INFO  main            d.u.i.k.p.i.AbstractProblemLoader Loading environment from /home/runner/work/key/key/key.core/../key.ui/examples/heap/verifyThis11_1_Maximum/project.key.proof 
60713      DEBUG main            d.u.i.k.p.i.AbstractProblemLoader Environment load took 616.62ns 
60714      INFO  main            d.u.i.k.p.i.AbstractProblemLoader Creating init config 
63238      DEBUG main            d.u.i.k.p.i.AbstractProblemLoader Init config took 2.52s 
63279      INFO  main            d.u.i.k.p.i.AbstractProblemLoader Replaying proof Maximum[Maximum::maxIndex([I)].JML normal_behavior operation contract.0 
63401      DEBUG main            d.u.i.k.p.i.IntermediateProofReplayer Proof replay took 115.37ms 
63402      DEBUG main            d.u.i.k.p.r.p.TestFile    ... success: reloaded. 
63403      INFO  main            d.u.i.k.p.r.p.TestFile    Now processing file /home/runner/work/key/key/key.core/../key.ui/examples/heap/fm12_01_LRS/lcp.key 
63403      INFO  main            d.u.i.k.p.i.AbstractProblemLoader Loading environment from /home/runner/work/key/key/key.core/../key.ui/examples/heap/fm12_01_LRS/lcp.key 
63403      DEBUG main            d.u.i.k.p.i.AbstractProblemLoader Environment load took 104.6ns 
63404      INFO  main            d.u.i.k.p.i.AbstractProblemLoader Creating init config 
66569      DEBUG main            d.u.i.k.p.i.AbstractProblemLoader Init config took 3.17s 
66629      INFO  main            d.u.i.k.p.i.AbstractProblemLoader Replaying proof LCP[LCP::lcp([I,int,int)].JML normal_behavior operation contract.0 
66634      DEBUG main            d.u.i.k.p.i.IntermediateProofReplayer Proof replay took 6.8ns 
67540      INFO  main            d.u.i.k.p.r.p.TestFile    ... finished proof: closed. 
67817      INFO  main            d.u.i.k.p.i.AbstractProblemLoader Loading environment from /home/runner/work/key/key/key.core/../key.ui/examples/heap/fm12_01_LRS/lcp.key.proof 
67818      DEBUG main            d.u.i.k.p.i.AbstractProblemLoader Environment load took 633.12ns 
67820      INFO  main            d.u.i.k.p.i.AbstractProblemLoader Creating init config 
70744      DEBUG main            d.u.i.k.p.i.AbstractProblemLoader Init config took 2.92s 
70807      INFO  main            d.u.i.k.p.i.AbstractProblemLoader Replaying proof LCP[LCP::lcp([I,int,int)].JML normal_behavior operation contract.0 
70962      DEBUG main            d.u.i.k.p.i.IntermediateProofReplayer Proof replay took 147.46ms 
70964      DEBUG main            d.u.i.k.p.r.p.TestFile    ... success: reloaded. 
70966      INFO  main            d.u.i.k.p.r.p.TestFile    Now processing file /home/runner/work/key/key/key.core/../key.ui/examples/heap/SemanticSlicing/project.key 
70966      INFO  main            d.u.i.k.p.i.AbstractProblemLoader Loading environment from /home/runner/work/key/key/key.core/../key.ui/examples/heap/SemanticSlicing/project.key 
70966      DEBUG main            d.u.i.k.p.i.AbstractProblemLoader Environment load took 113.4ns 
70968      INFO  main            d.u.i.k.p.i.AbstractProblemLoader Creating init config 
73703      DEBUG main            d.u.i.k.p.i.AbstractProblemLoader Init config took 2.73s 
73760      INFO  main            d.u.i.k.p.i.AbstractProblemLoader Replaying proof unsatcore_after.competition.postcond5.scope333.LRS[unsatcore_after.competition.postcond5.scope333.LRS::doLRS()].JML operation contract.0 
73762      DEBUG main            d.u.i.k.p.i.IntermediateProofReplayer Proof replay took 6.7ns 
77649      INFO  main            d.u.i.k.p.r.p.TestFile    ... finished proof: closed. 
77989      INFO  main            d.u.i.k.p.i.AbstractProblemLoader Loading environment from /home/runner/work/key/key/key.core/../key.ui/examples/heap/SemanticSlicing/project.key.proof 
77989      DEBUG main            d.u.i.k.p.i.AbstractProblemLoader Environment load took 583.11ns 
77992      INFO  main            d.u.i.k.p.i.AbstractProblemLoader Creating init config 
80582      DEBUG main            d.u.i.k.p.i.AbstractProblemLoader Init config took 2.59s 
80639      INFO  main            d.u.i.k.p.i.AbstractProblemLoader Replaying proof unsatcore_after.competition.postcond5.scope333.LRS[unsatcore_after.competition.postcond5.scope333.LRS::doLRS()].JML operation contract.0 
81239      DEBUG main            d.u.i.k.p.i.IntermediateProofReplayer Proof replay took 587.58ms 
81241      DEBUG main            d.u.i.k.p.r.p.TestFile    ... success: reloaded. 
81243      INFO  main            d.u.i.k.p.r.p.TestFile    Now processing file /home/runner/work/key/key/key.core/../key.ui/examples/heap/information_flow/ArrayList_contains.key 
81243      INFO  main            d.u.i.k.p.i.AbstractProblemLoader Loading environment from /home/runner/work/key/key/key.core/../key.ui/examples/heap/information_flow/ArrayList_contains.key 
81243      DEBUG main            d.u.i.k.p.i.AbstractProblemLoader Environment load took 286.61ns 
81244      INFO  main            d.u.i.k.p.i.AbstractProblemLoader Creating init config 
84057      DEBUG main            d.u.i.k.p.i.AbstractProblemLoader Init config took 2.81s 
84099      INFO  main            d.u.i.k.p.i.AbstractProblemLoader Replaying proof ArrayList[ArrayList::get(int)].JML normal_behavior operation contract.0 
84100      DEBUG main            d.u.i.k.p.i.IntermediateProofReplayer Proof replay took 7.8ns 
84506      INFO  main            d.u.i.k.p.r.p.TestFile    ... finished proof: closed. 
84765      INFO  main            d.u.i.k.p.i.AbstractProblemLoader Loading environment from /home/runner/work/key/key/key.core/../key.ui/examples/heap/information_flow/ArrayList_contains.key.proof 
84765      DEBUG main            d.u.i.k.p.i.AbstractProblemLoader Environment load took 152.4ns 
84766      INFO  main            d.u.i.k.p.i.AbstractProblemLoader Creating init config 
87500      DEBUG main            d.u.i.k.p.i.AbstractProblemLoader Init config took 2.73s 
87542      INFO  main            d.u.i.k.p.i.AbstractProblemLoader Replaying proof ArrayList[ArrayList::get(int)].JML normal_behavior operation contract.0 
87601      DEBUG main            d.u.i.k.p.i.IntermediateProofReplayer Proof replay took 56.25ms 
87602      DEBUG main            d.u.i.k.p.r.p.TestFile    ... success: reloaded. 
87603      INFO  main            d.u.i.k.p.r.p.TestFile    Now processing file /home/runner/work/key/key/key.core/../key.ui/examples/heap/information_flow/ArrayList_get.key 
87603      INFO  main            d.u.i.k.p.i.AbstractProblemLoader Loading environment from /home/runner/work/key/key/key.core/../key.ui/examples/heap/information_flow/ArrayList_get.key 
87603      DEBUG main            d.u.i.k.p.i.AbstractProblemLoader Environment load took 103.3ns 
87604      INFO  main            d.u.i.k.p.i.AbstractProblemLoader Creating init config 
90277      DEBUG main            d.u.i.k.p.i.AbstractProblemLoader Init config took 2.67s 
90317      INFO  main            d.u.i.k.p.i.AbstractProblemLoader Replaying proof ArrayList[ArrayList::contains(java.lang.Object)].JML normal_behavior operation contract.0 
90319      DEBUG main            d.u.i.k.p.i.IntermediateProofReplayer Proof replay took 8.7ns 
91123      INFO  main            d.u.i.k.p.r.p.TestFile    ... finished proof: closed. 
91416      INFO  main            d.u.i.k.p.i.AbstractProblemLoader Loading environment from /home/runner/work/key/key/key.core/../key.ui/examples/heap/information_flow/ArrayList_get.key.proof 
91417      DEBUG main            d.u.i.k.p.i.AbstractProblemLoader Environment load took 609.51ns 
91418      INFO  main            d.u.i.k.p.i.AbstractProblemLoader Creating init config 
94067      DEBUG main            d.u.i.k.p.i.AbstractProblemLoader Init config took 2.65s 
94118      INFO  main            d.u.i.k.p.i.AbstractProblemLoader Replaying proof ArrayList[ArrayList::contains(java.lang.Object)].JML normal_behavior operation contract.0 
94248      DEBUG main            d.u.i.k.p.i.IntermediateProofReplayer Proof replay took 121.07ms 
94250      DEBUG main            d.u.i.k.p.r.p.TestFile    ... success: reloaded. 
94251      INFO  main            d.u.i.k.p.r.p.TestFile    Now processing file /home/runner/work/key/key/key.core/../key.ui/examples/heap/information_flow/ArrayList_size.key 
94251      INFO  main            d.u.i.k.p.i.AbstractProblemLoader Loading environment from /home/runner/work/key/key/key.core/../key.ui/examples/heap/information_flow/ArrayList_size.key 
94251      DEBUG main            d.u.i.k.p.i.AbstractProblemLoader Environment load took 227.5ns 
94252      INFO  main            d.u.i.k.p.i.AbstractProblemLoader Creating init config 
97036      DEBUG main            d.u.i.k.p.i.AbstractProblemLoader Init config took 2.78s 
97076      INFO  main            d.u.i.k.p.i.AbstractProblemLoader Replaying proof ArrayList[ArrayList::size()].JML normal_behavior operation contract.0 
97078      DEBUG main            d.u.i.k.p.i.IntermediateProofReplayer Proof replay took 8ns 
97180      INFO  main            d.u.i.k.p.r.p.TestFile    ... finished proof: closed. 
97486      INFO  main            d.u.i.k.p.i.AbstractProblemLoader Loading environment from /home/runner/work/key/key/key.core/../key.ui/examples/heap/information_flow/ArrayList_size.key.proof 
97486      DEBUG main            d.u.i.k.p.i.AbstractProblemLoader Environment load took 143.6ns 
97487      INFO  main            d.u.i.k.p.i.AbstractProblemLoader Creating init config 
100126     DEBUG main            d.u.i.k.p.i.AbstractProblemLoader Init config took 2.64s 
100166     INFO  main            d.u.i.k.p.i.AbstractProblemLoader Replaying proof ArrayList[ArrayList::size()].JML normal_behavior operation contract.0 
100179     DEBUG main            d.u.i.k.p.i.IntermediateProofReplayer Proof replay took 10.66ms 
100180     DEBUG main            d.u.i.k.p.r.p.TestFile    ... success: reloaded. 
100180     INFO  main            d.u.i.k.p.r.p.TestFile    Now processing file /home/runner/work/key/key/key.core/../key.ui/examples/heap/information_flow/UpdateAbstraction_ex7_3_secure.key 
100181     INFO  main            d.u.i.k.p.i.AbstractProblemLoader Loading environment from /home/runner/work/key/key/key.core/../key.ui/examples/heap/information_flow/UpdateAbstraction_ex7_3_secure.key 
100181     DEBUG main            d.u.i.k.p.i.AbstractProblemLoader Environment load took 103.7ns 
100182     INFO  main            d.u.i.k.p.i.AbstractProblemLoader Creating init config 
102925     DEBUG main            d.u.i.k.p.i.AbstractProblemLoader Init config took 2.74s 
102962     INFO  main            d.u.i.k.p.i.AbstractProblemLoader Replaying proof UpdateAbstraction[UpdateAbstraction::ex7_3_secure()].JML operation contract.0 
102964     DEBUG main            d.u.i.k.p.i.IntermediateProofReplayer Proof replay took 7.1ns 
103167     INFO  main            d.u.i.k.p.r.p.TestFile    ... finished proof: closed. 
103462     INFO  main            d.u.i.k.p.i.AbstractProblemLoader Loading environment from /home/runner/work/key/key/key.core/../key.ui/examples/heap/information_flow/UpdateAbstraction_ex7_3_secure.key.proof 
103462     DEBUG main            d.u.i.k.p.i.AbstractProblemLoader Environment load took 139ns 
103463     INFO  main            d.u.i.k.p.i.AbstractProblemLoader Creating init config 
106104     DEBUG main            d.u.i.k.p.i.AbstractProblemLoader Init config took 2.64s 
106142     INFO  main            d.u.i.k.p.i.AbstractProblemLoader Replaying proof UpdateAbstraction[UpdateAbstraction::ex7_3_secure()].JML operation contract.0 
106168     DEBUG main            d.u.i.k.p.i.IntermediateProofReplayer Proof replay took 23.54ms 
106169     DEBUG main            d.u.i.k.p.r.p.TestFile    ... success: reloaded. 
106170     INFO  main            d.u.i.k.p.r.p.TestFile    Now processing file /home/runner/work/key/key/key.core/../key.ui/examples/heap/information_flow/UpdateAbstraction_ex7_4_secure.key 
106170     INFO  main            d.u.i.k.p.i.AbstractProblemLoader Loading environment from /home/runner/work/key/key/key.core/../key.ui/examples/heap/information_flow/UpdateAbstraction_ex7_4_secure.key 
106170     DEBUG main            d.u.i.k.p.i.AbstractProblemLoader Environment load took 93.4ns 
106171     INFO  main            d.u.i.k.p.i.AbstractProblemLoader Creating init config 
108878     DEBUG main            d.u.i.k.p.i.AbstractProblemLoader Init config took 2.71s 
108917     INFO  main            d.u.i.k.p.i.AbstractProblemLoader Replaying proof UpdateAbstraction[UpdateAbstraction::ex7_4_secure()].JML operation contract.0 
108918     DEBUG main            d.u.i.k.p.i.IntermediateProofReplayer Proof replay took 6.7ns 
109122     INFO  main            d.u.i.k.p.r.p.TestFile    ... finished proof: closed. 
109403     INFO  main            d.u.i.k.p.i.AbstractProblemLoader Loading environment from /home/runner/work/key/key/key.core/../key.ui/examples/heap/information_flow/UpdateAbstraction_ex7_4_secure.key.proof 
109403     DEBUG main            d.u.i.k.p.i.AbstractProblemLoader Environment load took 138.5ns 
109404     INFO  main            d.u.i.k.p.i.AbstractProblemLoader Creating init config 
112088     DEBUG main            d.u.i.k.p.i.AbstractProblemLoader Init config took 2.68s 
112127     INFO  main            d.u.i.k.p.i.AbstractProblemLoader Replaying proof UpdateAbstraction[UpdateAbstraction::ex7_4_secure()].JML operation contract.0 
112163     DEBUG main            d.u.i.k.p.i.IntermediateProofReplayer Proof replay took 33.62ms 
112164     DEBUG main            d.u.i.k.p.r.p.TestFile    ... success: reloaded. 
112165     INFO  main            d.u.i.k.p.r.p.TestFile    Now processing file /home/runner/work/key/key/key.core/../key.ui/examples/heap/information_flow/UpdateAbstraction_ex7_5_secure.key 
112165     INFO  main            d.u.i.k.p.i.AbstractProblemLoader Loading environment from /home/runner/work/key/key/key.core/../key.ui/examples/heap/information_flow/UpdateAbstraction_ex7_5_secure.key 
112165     DEBUG main            d.u.i.k.p.i.AbstractProblemLoader Environment load took 158.5ns 
112166     INFO  main            d.u.i.k.p.i.AbstractProblemLoader Creating init config 
114840     DEBUG main            d.u.i.k.p.i.AbstractProblemLoader Init config took 2.67s 
114879     INFO  main            d.u.i.k.p.i.AbstractProblemLoader Replaying proof UpdateAbstraction[UpdateAbstraction::ex7_5_secure()].JML operation contract.0 
114880     DEBUG main            d.u.i.k.p.i.IntermediateProofReplayer Proof replay took 8.3ns 
114986     INFO  main            d.u.i.k.p.r.p.TestFile    ... finished proof: closed. 
115288     INFO  main            d.u.i.k.p.i.AbstractProblemLoader Loading environment from /home/runner/work/key/key/key.core/../key.ui/examples/heap/information_flow/UpdateAbstraction_ex7_5_secure.key.proof 
115288     DEBUG main            d.u.i.k.p.i.AbstractProblemLoader Environment load took 142.6ns 
115290     INFO  main            d.u.i.k.p.i.AbstractProblemLoader Creating init config 
117923     DEBUG main            d.u.i.k.p.i.AbstractProblemLoader Init config took 2.63s 
117961     INFO  main            d.u.i.k.p.i.AbstractProblemLoader Replaying proof UpdateAbstraction[UpdateAbstraction::ex7_5_secure()].JML operation contract.0 
117977     DEBUG main            d.u.i.k.p.i.IntermediateProofReplayer Proof replay took 14.18ms 
117978     DEBUG main            d.u.i.k.p.r.p.TestFile    ... success: reloaded. 
117979     INFO  main            d.u.i.k.p.r.p.TestFile    Now processing file /home/runner/work/key/key/key.core/../key.ui/examples/heap/information_flow/UpdateAbstraction_ex7_6_secure.key 
117979     INFO  main            d.u.i.k.p.i.AbstractProblemLoader Loading environment from /home/runner/work/key/key/key.core/../key.ui/examples/heap/information_flow/UpdateAbstraction_ex7_6_secure.key 
117979     DEBUG main            d.u.i.k.p.i.AbstractProblemLoader Environment load took 109.5ns 
117980     INFO  main            d.u.i.k.p.i.AbstractProblemLoader Creating init config 
120660     DEBUG main            d.u.i.k.p.i.AbstractProblemLoader Init config took 2.68s 
120717     INFO  main            d.u.i.k.p.i.AbstractProblemLoader Replaying proof UpdateAbstraction[UpdateAbstraction::ex7_6_secure()].JML operation contract.0 
120719     DEBUG main            d.u.i.k.p.i.IntermediateProofReplayer Proof replay took 6.9ns 
121021     INFO  main            d.u.i.k.p.r.p.TestFile    ... finished proof: closed. 
121339     INFO  main            d.u.i.k.p.i.AbstractProblemLoader Loading environment from /home/runner/work/key/key/key.core/../key.ui/examples/heap/information_flow/UpdateAbstraction_ex7_6_secure.key.proof 
121339     DEBUG main            d.u.i.k.p.i.AbstractProblemLoader Environment load took 137.7ns 
121340     INFO  main            d.u.i.k.p.i.AbstractProblemLoader Creating init config 
123978     DEBUG main            d.u.i.k.p.i.AbstractProblemLoader Init config took 2.64s 
124016     INFO  main            d.u.i.k.p.i.AbstractProblemLoader Replaying proof UpdateAbstraction[UpdateAbstraction::ex7_6_secure()].JML operation contract.0 
124064     DEBUG main            d.u.i.k.p.i.IntermediateProofReplayer Proof replay took 45.32ms 
124065     DEBUG main            d.u.i.k.p.r.p.TestFile    ... success: reloaded. 
124065     INFO  main            d.u.i.k.p.r.p.TestFile    Now processing file /home/runner/work/key/key/key.core/../key.ui/examples/heap/information_flow/UpdateAbstraction_ex9_secure.key 
124066     INFO  main            d.u.i.k.p.i.AbstractProblemLoader Loading environment from /home/runner/work/key/key/key.core/../key.ui/examples/heap/information_flow/UpdateAbstraction_ex9_secure.key 
124066     DEBUG main            d.u.i.k.p.i.AbstractProblemLoader Environment load took 99.2ns 
124067     INFO  main            d.u.i.k.p.i.AbstractProblemLoader Creating init config 
126802     DEBUG main            d.u.i.k.p.i.AbstractProblemLoader Init config took 2.74s 
126841     INFO  main            d.u.i.k.p.i.AbstractProblemLoader Replaying proof UpdateAbstraction[UpdateAbstraction::ex9_secure()].JML operation contract.0 
126843     DEBUG main            d.u.i.k.p.i.IntermediateProofReplayer Proof replay took 8.2ns 
127746     INFO  main            d.u.i.k.p.r.p.TestFile    ... finished proof: closed. 
128098     INFO  main            d.u.i.k.p.i.AbstractProblemLoader Loading environment from /home/runner/work/key/key/key.core/../key.ui/examples/heap/information_flow/UpdateAbstraction_ex9_secure.key.proof 
128098     DEBUG main            d.u.i.k.p.i.AbstractProblemLoader Environment load took 139.2ns 
128099     INFO  main            d.u.i.k.p.i.AbstractProblemLoader Creating init config 
130745     DEBUG main            d.u.i.k.p.i.AbstractProblemLoader Init config took 2.65s 
130793     INFO  main            d.u.i.k.p.i.AbstractProblemLoader Replaying proof UpdateAbstraction[UpdateAbstraction::ex9_secure()].JML operation contract.0 
130939     DEBUG main            d.u.i.k.p.i.IntermediateProofReplayer Proof replay took 139.71ms 
130940     DEBUG main            d.u.i.k.p.r.p.TestFile    ... success: reloaded. 
858165     INFO  Test worker     d.u.i.k.p.r.RunAllProofsTestUnit Returning from test javaCard 
858168     INFO  Test worker     d.u.i.k.p.r.RunAllProofsTestUnit Running test list 
383        INFO  Timeout watchdog d.u.i.k.p.r.p.ForkedTestFileRunner Timeout watcher launched (2000 secs.) 
399        WARN  main            d.u.i.k.s.ProofSettings   The settings in /home/runner/.key/proof-settings.props are *not* read. 
449        INFO  main            d.u.i.k.p.r.p.TestFile    Now processing file /home/runner/work/key/key/key.core/../key.ui/examples/heap/list/ArrayList_add.key 
582        INFO  main            d.u.i.k.p.i.AbstractProblemLoader Loading environment from /home/runner/work/key/key/key.core/../key.ui/examples/heap/list/ArrayList_add.key 
599        DEBUG main            d.u.i.k.p.i.AbstractProblemLoader Environment load took 2.56ms 
822        INFO  main            d.u.i.k.p.i.AbstractProblemLoader Creating init config 
1747       DEBUG main            d.u.i.k.j.TypeConverter   No LDT found for Meta 
1747       DEBUG main            d.u.i.k.j.TypeConverter   No LDT found for Meta 
1751       DEBUG main            d.u.i.k.j.TypeConverter   No LDT found for Meta 
1751       DEBUG main            d.u.i.k.j.TypeConverter   No LDT found for Meta 
3120       DEBUG main            d.u.i.k.j.TypeConverter   No LDT found for JavaBigintExpression 
6403       DEBUG main            d.u.i.k.j.r.ClassPreparationMethodBuilder clPrepBuilder: Inner Class detected. Reject building class initialisation methods. 
9203       DEBUG main            d.u.i.k.p.i.AbstractProblemLoader Init config took 8.38s 
9364       INFO  main            d.u.i.k.p.i.AbstractProblemLoader Replaying proof ArrayList[List::add(java.lang.Object)].JML normal_behavior operation contract.0 
9447       DEBUG main            d.u.i.k.p.i.IntermediateProofReplayer Proof replay took 45.6ns 
14895      INFO  main            d.u.i.k.p.r.p.TestFile    ... finished proof: closed. 
15098      INFO  main            d.u.i.k.p.i.AbstractProblemLoader Loading environment from /home/runner/work/key/key/key.core/../key.ui/examples/heap/list/ArrayList_add.key.proof 
15099      DEBUG main            d.u.i.k.p.i.AbstractProblemLoader Environment load took 626.72ns 
15103      INFO  main            d.u.i.k.p.i.AbstractProblemLoader Creating init config 
16293      DEBUG main            d.u.i.k.j.r.ClassPreparationMethodBuilder clPrepBuilder: Inner Class detected. Reject building class initialisation methods. 
18711      DEBUG main            d.u.i.k.p.i.AbstractProblemLoader Init config took 3.61s 
18783      INFO  main            d.u.i.k.p.i.AbstractProblemLoader Replaying proof ArrayList[List::add(java.lang.Object)].JML normal_behavior operation contract.0 
19362      DEBUG main            d.u.i.k.p.i.IntermediateProofReplayer Proof replay took 551.81ms 
19374      DEBUG main            d.u.i.k.p.r.p.TestFile    ... success: reloaded. 
19377      INFO  main            d.u.i.k.p.r.p.TestFile    Now processing file /home/runner/work/key/key/key.core/../key.ui/examples/heap/list/ArrayList_ArrayList.key 
19377      INFO  main            d.u.i.k.p.i.AbstractProblemLoader Loading environment from /home/runner/work/key/key/key.core/../key.ui/examples/heap/list/ArrayList_ArrayList.key 
19378      DEBUG main            d.u.i.k.p.i.AbstractProblemLoader Environment load took 208ns 
19380      INFO  main            d.u.i.k.p.i.AbstractProblemLoader Creating init config 
20488      DEBUG main            d.u.i.k.j.r.ClassPreparationMethodBuilder clPrepBuilder: Inner Class detected. Reject building class initialisation methods. 
22769      DEBUG main            d.u.i.k.p.i.AbstractProblemLoader Init config took 3.39s 
22837      INFO  main            d.u.i.k.p.i.AbstractProblemLoader Replaying proof ArrayList[ArrayList::ArrayList()].JML normal_behavior operation contract.0 
22840      DEBUG main            d.u.i.k.p.i.IntermediateProofReplayer Proof replay took 9.1ns 
24163      INFO  main            d.u.i.k.p.r.p.TestFile    ... finished proof: closed. 
24362      INFO  main            d.u.i.k.p.i.AbstractProblemLoader Loading environment from /home/runner/work/key/key/key.core/../key.ui/examples/heap/list/ArrayList_ArrayList.key.proof 
24363      DEBUG main            d.u.i.k.p.i.AbstractProblemLoader Environment load took 1.71ms 
24365      INFO  main            d.u.i.k.p.i.AbstractProblemLoader Creating init config 
25478      DEBUG main            d.u.i.k.j.r.ClassPreparationMethodBuilder clPrepBuilder: Inner Class detected. Reject building class initialisation methods. 
27776      DEBUG main            d.u.i.k.p.i.AbstractProblemLoader Init config took 3.41s 
27838      INFO  main            d.u.i.k.p.i.AbstractProblemLoader Replaying proof ArrayList[ArrayList::ArrayList()].JML normal_behavior operation contract.0 
28032      DEBUG main            d.u.i.k.p.i.IntermediateProofReplayer Proof replay took 181.5ms 
28035      DEBUG main            d.u.i.k.p.r.p.TestFile    ... success: reloaded. 
28038      INFO  main            d.u.i.k.p.r.p.TestFile    Now processing file /home/runner/work/key/key/key.core/../key.ui/examples/heap/list/ArrayList_concatenate.key 
28038      INFO  main            d.u.i.k.p.i.AbstractProblemLoader Loading environment from /home/runner/work/key/key/key.core/../key.ui/examples/heap/list/ArrayList_concatenate.key 
28038      DEBUG main            d.u.i.k.p.i.AbstractProblemLoader Environment load took 284.71ns 
28041      INFO  main            d.u.i.k.p.i.AbstractProblemLoader Creating init config 
29132      DEBUG main            d.u.i.k.j.r.ClassPreparationMethodBuilder clPrepBuilder: Inner Class detected. Reject building class initialisation methods. 
31398      DEBUG main            d.u.i.k.p.i.AbstractProblemLoader Init config took 3.36s 
31473      INFO  main            d.u.i.k.p.i.AbstractProblemLoader Replaying proof ArrayList[List::concatenate(List)].JML normal_behavior operation contract.0 
31475      DEBUG main            d.u.i.k.p.i.IntermediateProofReplayer Proof replay took 7ns 
54074      INFO  main            d.u.i.k.p.r.p.TestFile    ... finished proof: closed. 
54334      INFO  main            d.u.i.k.p.i.AbstractProblemLoader Loading environment from /home/runner/work/key/key/key.core/../key.ui/examples/heap/list/ArrayList_concatenate.key.proof 
54335      DEBUG main            d.u.i.k.p.i.AbstractProblemLoader Environment load took 642.32ns 
54339      INFO  main            d.u.i.k.p.i.AbstractProblemLoader Creating init config 
55409      DEBUG main            d.u.i.k.j.r.ClassPreparationMethodBuilder clPrepBuilder: Inner Class detected. Reject building class initialisation methods. 
57627      DEBUG main            d.u.i.k.p.i.AbstractProblemLoader Init config took 3.29s 
57688      INFO  main            d.u.i.k.p.i.AbstractProblemLoader Replaying proof ArrayList[List::concatenate(List)].JML normal_behavior operation contract.0 
59276      DEBUG main            d.u.i.k.p.i.IntermediateProofReplayer Proof replay took 1.52s 
59281      DEBUG main            d.u.i.k.p.r.p.TestFile    ... success: reloaded. 
59282      INFO  main            d.u.i.k.p.r.p.TestFile    Now processing file /home/runner/work/key/key/key.core/../key.ui/examples/heap/list/ArrayList_contains_dep.key 
59283      INFO  main            d.u.i.k.p.i.AbstractProblemLoader Loading environment from /home/runner/work/key/key/key.core/../key.ui/examples/heap/list/ArrayList_contains_dep.key 
59283      DEBUG main            d.u.i.k.p.i.AbstractProblemLoader Environment load took 248.71ns 
59284      INFO  main            d.u.i.k.p.i.AbstractProblemLoader Creating init config 
60352      DEBUG main            d.u.i.k.j.r.ClassPreparationMethodBuilder clPrepBuilder: Inner Class detected. Reject building class initialisation methods. 
62626      DEBUG main            d.u.i.k.p.i.AbstractProblemLoader Init config took 3.34s 
62685      INFO  main            d.u.i.k.p.i.AbstractProblemLoader Replaying proof ArrayList[List::contains(java.lang.Object)].JML accessible clause.0 
62687      DEBUG main            d.u.i.k.p.i.IntermediateProofReplayer Proof replay took 8.1ns 
65272      INFO  main            d.u.i.k.p.r.p.TestFile    ... finished proof: closed. 
65551      INFO  main            d.u.i.k.p.i.AbstractProblemLoader Loading environment from /home/runner/work/key/key/key.core/../key.ui/examples/heap/list/ArrayList_contains_dep.key.proof 
65552      DEBUG main            d.u.i.k.p.i.AbstractProblemLoader Environment load took 625.62ns 
65553      INFO  main            d.u.i.k.p.i.AbstractProblemLoader Creating init config 
66566      DEBUG main            d.u.i.k.j.r.ClassPreparationMethodBuilder clPrepBuilder: Inner Class detected. Reject building class initialisation methods. 
68800      DEBUG main            d.u.i.k.p.i.AbstractProblemLoader Init config took 3.25s 
68854      INFO  main            d.u.i.k.p.i.AbstractProblemLoader Replaying proof ArrayList[List::contains(java.lang.Object)].JML accessible clause.0 
69166      DEBUG main            d.u.i.k.p.i.IntermediateProofReplayer Proof replay took 301.5ms 
69168      DEBUG main            d.u.i.k.p.r.p.TestFile    ... success: reloaded. 
69170      INFO  main            d.u.i.k.p.r.p.TestFile    Now processing file /home/runner/work/key/key/key.core/../key.ui/examples/heap/list/ArrayList_enlarge.key 
69170      INFO  main            d.u.i.k.p.i.AbstractProblemLoader Loading environment from /home/runner/work/key/key/key.core/../key.ui/examples/heap/list/ArrayList_enlarge.key 
69171      DEBUG main            d.u.i.k.p.i.AbstractProblemLoader Environment load took 246.71ns 
69172      INFO  main            d.u.i.k.p.i.AbstractProblemLoader Creating init config 
70203      DEBUG main            d.u.i.k.j.r.ClassPreparationMethodBuilder clPrepBuilder: Inner Class detected. Reject building class initialisation methods. 
72393      DEBUG main            d.u.i.k.p.i.AbstractProblemLoader Init config took 3.22s 
72448      INFO  main            d.u.i.k.p.i.AbstractProblemLoader Replaying proof ArrayList[ArrayList::enlarge()].JML normal_behavior operation contract.0 
72451      DEBUG main            d.u.i.k.p.i.IntermediateProofReplayer Proof replay took 6.9ns 
74681      INFO  main            d.u.i.k.p.r.p.TestFile    ... finished proof: closed. 
74921      INFO  main            d.u.i.k.p.i.AbstractProblemLoader Loading environment from /home/runner/work/key/key/key.core/../key.ui/examples/heap/list/ArrayList_enlarge.key.proof 
74923      DEBUG main            d.u.i.k.p.i.AbstractProblemLoader Environment load took 1.92ms 
74925      INFO  main            d.u.i.k.p.i.AbstractProblemLoader Creating init config 
75959      DEBUG main            d.u.i.k.j.r.ClassPreparationMethodBuilder clPrepBuilder: Inner Class detected. Reject building class initialisation methods. 
78092      DEBUG main            d.u.i.k.p.i.AbstractProblemLoader Init config took 3.17s 
78146      INFO  main            d.u.i.k.p.i.AbstractProblemLoader Replaying proof ArrayList[ArrayList::enlarge()].JML normal_behavior operation contract.0 
78445      DEBUG main            d.u.i.k.p.i.IntermediateProofReplayer Proof replay took 290.16ms 
78446      DEBUG main            d.u.i.k.p.r.p.TestFile    ... success: reloaded. 
78448      INFO  main            d.u.i.k.p.r.p.TestFile    Now processing file /home/runner/work/key/key/key.core/../key.ui/examples/heap/list/ArrayList_footprint.key 
78448      INFO  main            d.u.i.k.p.i.AbstractProblemLoader Loading environment from /home/runner/work/key/key/key.core/../key.ui/examples/heap/list/ArrayList_footprint.key 
78448      DEBUG main            d.u.i.k.p.i.AbstractProblemLoader Environment load took 128.9ns 
78449      INFO  main            d.u.i.k.p.i.AbstractProblemLoader Creating init config 
79482      DEBUG main            d.u.i.k.j.r.ClassPreparationMethodBuilder clPrepBuilder: Inner Class detected. Reject building class initialisation methods. 
81704      DEBUG main            d.u.i.k.p.i.AbstractProblemLoader Init config took 3.25s 
81749      INFO  main            d.u.i.k.p.i.AbstractProblemLoader Replaying proof List[List::$footprint()].JML accessible clause.0 
81751      DEBUG main            d.u.i.k.p.i.IntermediateProofReplayer Proof replay took 5.3ns 
81853      INFO  main            d.u.i.k.p.r.p.TestFile    ... finished proof: closed. 
82039      INFO  main            d.u.i.k.p.i.AbstractProblemLoader Loading environment from /home/runner/work/key/key/key.core/../key.ui/examples/heap/list/ArrayList_footprint.key.proof 
82039      DEBUG main            d.u.i.k.p.i.AbstractProblemLoader Environment load took 163.5ns 
82040      INFO  main            d.u.i.k.p.i.AbstractProblemLoader Creating init config 
83063      DEBUG main            d.u.i.k.j.r.ClassPreparationMethodBuilder clPrepBuilder: Inner Class detected. Reject building class initialisation methods. 
85204      DEBUG main            d.u.i.k.p.i.AbstractProblemLoader Init config took 3.16s 
85249      INFO  main            d.u.i.k.p.i.AbstractProblemLoader Replaying proof List[List::$footprint()].JML accessible clause.0 
85252      DEBUG main            d.u.i.k.p.i.IntermediateProofReplayer Proof replay took 932.22ns 
85253      DEBUG main            d.u.i.k.p.r.p.TestFile    ... success: reloaded. 
85254      INFO  main            d.u.i.k.p.r.p.TestFile    Now processing file /home/runner/work/key/key/key.core/../key.ui/examples/heap/list/ArrayList_get_dep.key 
85254      INFO  main            d.u.i.k.p.i.AbstractProblemLoader Loading environment from /home/runner/work/key/key/key.core/../key.ui/examples/heap/list/ArrayList_get_dep.key 
85254      DEBUG main            d.u.i.k.p.i.AbstractProblemLoader Environment load took 129.2ns 
85255      INFO  main            d.u.i.k.p.i.AbstractProblemLoader Creating init config 
86292      DEBUG main            d.u.i.k.j.r.ClassPreparationMethodBuilder clPrepBuilder: Inner Class detected. Reject building class initialisation methods. 
88476      DEBUG main            d.u.i.k.p.i.AbstractProblemLoader Init config took 3.22s 
88525      INFO  main            d.u.i.k.p.i.AbstractProblemLoader Replaying proof ArrayList[List::get(int)].JML accessible clause.0 
88527      DEBUG main            d.u.i.k.p.i.IntermediateProofReplayer Proof replay took 6.3ns 
88934      INFO  main            d.u.i.k.p.r.p.TestFile    ... finished proof: closed. 
89176      INFO  main            d.u.i.k.p.i.AbstractProblemLoader Loading environment from /home/runner/work/key/key/key.core/../key.ui/examples/heap/list/ArrayList_get_dep.key.proof 
89177      DEBUG main            d.u.i.k.p.i.AbstractProblemLoader Environment load took 690.62ns 
89178      INFO  main            d.u.i.k.p.i.AbstractProblemLoader Creating init config 
90175      DEBUG main            d.u.i.k.j.r.ClassPreparationMethodBuilder clPrepBuilder: Inner Class detected. Reject building class initialisation methods. 
92373      DEBUG main            d.u.i.k.p.i.AbstractProblemLoader Init config took 3.19s 
92421      INFO  main            d.u.i.k.p.i.AbstractProblemLoader Replaying proof ArrayList[List::get(int)].JML accessible clause.0 
92479      DEBUG main            d.u.i.k.p.i.IntermediateProofReplayer Proof replay took 55.11ms 
92480      WARN  main            d.u.i.k.p.r.p.TestFile    Replay exception de.uka.ilkd.key.proof.io.ProblemLoaderException: Error loading proof.
Line 400, goal 332, rule allLeft not available or not applicable in this context.
	at de.uka.ilkd.key.proof.io.IntermediateProofReplayer.reportError(IntermediateProofReplayer.java:813)
Caused by: de.uka.ilkd.key.util.parsing.BuildingException: Malformed origin string: "accessible @ file:/home/runner/work/key/key/key.ui/examples/heap/list/src/List.java:19"
(Well-formed origins have one of the following formats: "spec_type @ file <file name> @ line <line number>")
spec_type @ node <node number> (<rule name>)")
spec_type (implicit)")
 at <unknown>:1:10
	at de.uka.ilkd.key.nparser.builder.ExpressionBuilder.visitSingle_label(ExpressionBuilder.java:932)
Caused by: de.uka.ilkd.key.logic.label.TermLabelException: Malformed origin string: "accessible @ file:/home/runner/work/key/key/key.ui/examples/heap/list/src/List.java:19"
(Well-formed origins have one of the following formats: "spec_type @ file <file name> @ line <line number>")
spec_type @ node <node number> (<rule name>)")
spec_type (implicit)")

	at de.uka.ilkd.key.logic.label.OriginTermLabelFactory.parseOrigin(OriginTermLabelFactory.java:116)

92483      DEBUG main            d.u.i.k.p.r.p.TestFile    Exception java.lang.Exception: Exception while loading proof (see cause for details): /home/runner/work/key/key/key.core/../key.ui/examples/heap/list/ArrayList_get_dep.key.proof
	at de.uka.ilkd.key.proof.runallproofs.proofcollection.TestFile.reloadProof(TestFile.java:314)
Caused by: de.uka.ilkd.key.proof.io.ProblemLoaderException: Error loading proof.
Line 400, goal 332, rule allLeft not available or not applicable in this context.
	at de.uka.ilkd.key.proof.io.IntermediateProofReplayer.reportError(IntermediateProofReplayer.java:813)
Caused by: de.uka.ilkd.key.util.parsing.BuildingException: Malformed origin string: "accessible @ file:/home/runner/work/key/key/key.ui/examples/heap/list/src/List.java:19"
(Well-formed origins have one of the following formats: "spec_type @ file <file name> @ line <line number>")
spec_type @ node <node number> (<rule name>)")
spec_type (implicit)")
 at <unknown>:1:10
	at de.uka.ilkd.key.nparser.builder.ExpressionBuilder.visitSingle_label(ExpressionBuilder.java:932)
Caused by: de.uka.ilkd.key.logic.label.TermLabelException: Malformed origin string: "accessible @ file:/home/runner/work/key/key/key.ui/examples/heap/list/src/List.java:19"
(Well-formed origins have one of the following formats: "spec_type @ file <file name> @ line <line number>")
spec_type @ node <node number> (<rule name>)")
spec_type (implicit)")

	at de.uka.ilkd.key.logic.label.OriginTermLabelFactory.parseOrigin(OriginTermLabelFactory.java:116)

92484      WARN  main            d.u.i.k.p.r.p.ForkedTestFileRunner Run failed java.lang.Exception: Exception while loading proof (see cause for details): /home/runner/work/key/key/key.core/../key.ui/examples/heap/list/ArrayList_get_dep.key.proof
	at de.uka.ilkd.key.proof.runallproofs.proofcollection.TestFile.reloadProof(TestFile.java:314)
Caused by: de.uka.ilkd.key.proof.io.ProblemLoaderException: Error loading proof.
Line 400, goal 332, rule allLeft not available or not applicable in this context.
	at de.uka.ilkd.key.proof.io.IntermediateProofReplayer.reportError(IntermediateProofReplayer.java:813)
Caused by: de.uka.ilkd.key.util.parsing.BuildingException: Malformed origin string: "accessible @ file:/home/runner/work/key/key/key.ui/examples/heap/list/src/List.java:19"
(Well-formed origins have one of the following formats: "spec_type @ file <file name> @ line <line number>")
spec_type @ node <node number> (<rule name>)")
spec_type (implicit)")
 at <unknown>:1:10
	at de.uka.ilkd.key.nparser.builder.ExpressionBuilder.visitSingle_label(ExpressionBuilder.java:932)
Caused by: de.uka.ilkd.key.logic.label.TermLabelException: Malformed origin string: "accessible @ file:/home/runner/work/key/key/key.ui/examples/heap/list/src/List.java:19"
(Well-formed origins have one of the following formats: "spec_type @ file <file name> @ line <line number>")
spec_type @ node <node number> (<rule name>)")
spec_type (implicit)")

	at de.uka.ilkd.key.logic.label.OriginTermLabelFactory.parseOrigin(OriginTermLabelFactory.java:116)

92486      INFO  main            d.u.i.k.p.r.p.TestFile    Now processing file /home/runner/work/key/key/key.core/../key.ui/examples/heap/list/ArrayList_get_exceptional.key 
92486      INFO  main            d.u.i.k.p.i.AbstractProblemLoader Loading environment from /home/runner/work/key/key/key.core/../key.ui/examples/heap/list/ArrayList_get_exceptional.key 
92486      DEBUG main            d.u.i.k.p.i.AbstractProblemLoader Environment load took 272.21ns 
92487      INFO  main            d.u.i.k.p.i.AbstractProblemLoader Creating init config 
93522      DEBUG main            d.u.i.k.j.r.ClassPreparationMethodBuilder clPrepBuilder: Inner Class detected. Reject building class initialisation methods. 
95682      DEBUG main            d.u.i.k.p.i.AbstractProblemLoader Init config took 3.19s 
95736      INFO  main            d.u.i.k.p.i.AbstractProblemLoader Replaying proof ArrayList[List::get(int)].JML exceptional_behavior operation contract.0 
95738      DEBUG main            d.u.i.k.p.i.IntermediateProofReplayer Proof replay took 6.8ns 
96944      INFO  main            d.u.i.k.p.r.p.TestFile    ... finished proof: closed. 
97182      INFO  main            d.u.i.k.p.i.AbstractProblemLoader Loading environment from /home/runner/work/key/key/key.core/../key.ui/examples/heap/list/ArrayList_get_exceptional.key.proof 
97183      DEBUG main            d.u.i.k.p.i.AbstractProblemLoader Environment load took 572.11ns 
97185      INFO  main            d.u.i.k.p.i.AbstractProblemLoader Creating init config 
98185      DEBUG main            d.u.i.k.j.r.ClassPreparationMethodBuilder clPrepBuilder: Inner Class detected. Reject building class initialisation methods. 
100363     DEBUG main            d.u.i.k.p.i.AbstractProblemLoader Init config took 3.18s 
100412     INFO  main            d.u.i.k.p.i.AbstractProblemLoader Replaying proof ArrayList[List::get(int)].JML exceptional_behavior operation contract.0 
100579     DEBUG main            d.u.i.k.p.i.IntermediateProofReplayer Proof replay took 159.39ms 
100581     DEBUG main            d.u.i.k.p.r.p.TestFile    ... success: reloaded. 
100582     INFO  main            d.u.i.k.p.r.p.TestFile    Now processing file /home/runner/work/key/key/key.core/../key.ui/examples/heap/list/ArrayList_get_normal.key 
100584     INFO  main            d.u.i.k.p.i.AbstractProblemLoader Loading environment from /home/runner/work/key/key/key.core/../key.ui/examples/heap/list/ArrayList_get_normal.key 
100584     DEBUG main            d.u.i.k.p.i.AbstractProblemLoader Environment load took 313.51ns 
100586     INFO  main            d.u.i.k.p.i.AbstractProblemLoader Creating init config 
101594     DEBUG main            d.u.i.k.j.r.ClassPreparationMethodBuilder clPrepBuilder: Inner Class detected. Reject building class initialisation methods. 
103738     DEBUG main            d.u.i.k.p.i.AbstractProblemLoader Init config took 3.15s 
103786     INFO  main            d.u.i.k.p.i.AbstractProblemLoader Replaying proof ArrayList[List::get(int)].JML normal_behavior operation contract.0 
103788     DEBUG main            d.u.i.k.p.i.IntermediateProofReplayer Proof replay took 7ns 
104194     INFO  main            d.u.i.k.p.r.p.TestFile    ... finished proof: closed. 
104433     INFO  main            d.u.i.k.p.i.AbstractProblemLoader Loading environment from /home/runner/work/key/key/key.core/../key.ui/examples/heap/list/ArrayList_get_normal.key.proof 
104433     DEBUG main            d.u.i.k.p.i.AbstractProblemLoader Environment load took 607.91ns 
104435     INFO  main            d.u.i.k.p.i.AbstractProblemLoader Creating init config 
105433     DEBUG main            d.u.i.k.j.r.ClassPreparationMethodBuilder clPrepBuilder: Inner Class detected. Reject building class initialisation methods. 
107579     DEBUG main            d.u.i.k.p.i.AbstractProblemLoader Init config took 3.14s 
107627     INFO  main            d.u.i.k.p.i.AbstractProblemLoader Replaying proof ArrayList[List::get(int)].JML normal_behavior operation contract.0 
107696     DEBUG main            d.u.i.k.p.i.IntermediateProofReplayer Proof replay took 65.25ms 
107697     DEBUG main            d.u.i.k.p.r.p.TestFile    ... success: reloaded. 
107698     INFO  main            d.u.i.k.p.r.p.TestFile    Now processing file /home/runner/work/key/key/key.core/../key.ui/examples/heap/list/ArrayList_inv.key 
107699     INFO  main            d.u.i.k.p.i.AbstractProblemLoader Loading environment from /home/runner/work/key/key/key.core/../key.ui/examples/heap/list/ArrayList_inv.key 
107699     DEBUG main            d.u.i.k.p.i.AbstractProblemLoader Environment load took 95.8ns 
107700     INFO  main            d.u.i.k.p.i.AbstractProblemLoader Creating init config 
108728     DEBUG main            d.u.i.k.j.r.ClassPreparationMethodBuilder clPrepBuilder: Inner Class detected. Reject building class initialisation methods. 
110937     DEBUG main            d.u.i.k.p.i.AbstractProblemLoader Init config took 3.24s 
110986     INFO  main            d.u.i.k.p.i.AbstractProblemLoader Replaying proof ArrayList[java.lang.Object::<inv>()].JML accessible clause.0 
110989     DEBUG main            d.u.i.k.p.i.IntermediateProofReplayer Proof replay took 9.2ns 
111393     INFO  main            d.u.i.k.p.r.p.TestFile    ... finished proof: closed. 
111640     INFO  main            d.u.i.k.p.i.AbstractProblemLoader Loading environment from /home/runner/work/key/key/key.core/../key.ui/examples/heap/list/ArrayList_inv.key.proof 
111641     DEBUG main            d.u.i.k.p.i.AbstractProblemLoader Environment load took 742.12ns 
111642     INFO  main            d.u.i.k.p.i.AbstractProblemLoader Creating init config 
112642     DEBUG main            d.u.i.k.j.r.ClassPreparationMethodBuilder clPrepBuilder: Inner Class detected. Reject building class initialisation methods. 
114824     DEBUG main            d.u.i.k.p.i.AbstractProblemLoader Init config took 3.18s 
114872     INFO  main            d.u.i.k.p.i.AbstractProblemLoader Replaying proof ArrayList[java.lang.Object::<inv>()].JML accessible clause.0 
114906     DEBUG main            d.u.i.k.p.i.IntermediateProofReplayer Proof replay took 30.24ms 
114907     DEBUG main            d.u.i.k.p.r.p.TestFile    ... success: reloaded. 
114909     INFO  main            d.u.i.k.p.r.p.TestFile    Now processing file /home/runner/work/key/key/key.core/../key.ui/examples/heap/list/ArrayList_iterator.key 
114909     INFO  main            d.u.i.k.p.i.AbstractProblemLoader Loading environment from /home/runner/work/key/key/key.core/../key.ui/examples/heap/list/ArrayList_iterator.key 
114909     DEBUG main            d.u.i.k.p.i.AbstractProblemLoader Environment load took 127.4ns 
114910     INFO  main            d.u.i.k.p.i.AbstractProblemLoader Creating init config 
115925     DEBUG main            d.u.i.k.j.r.ClassPreparationMethodBuilder clPrepBuilder: Inner Class detected. Reject building class initialisation methods. 
118080     DEBUG main            d.u.i.k.p.i.AbstractProblemLoader Init config took 3.17s 
118129     INFO  main            d.u.i.k.p.i.AbstractProblemLoader Replaying proof ArrayList[List::iterator()].JML normal_behavior operation contract.0 
118131     DEBUG main            d.u.i.k.p.i.IntermediateProofReplayer Proof replay took 8.6ns 
118635     INFO  main            d.u.i.k.p.r.p.TestFile    ... finished proof: closed. 
118867     INFO  main            d.u.i.k.p.i.AbstractProblemLoader Loading environment from /home/runner/work/key/key/key.core/../key.ui/examples/heap/list/ArrayList_iterator.key.proof 
118868     DEBUG main            d.u.i.k.p.i.AbstractProblemLoader Environment load took 595.72ns 
118869     INFO  main            d.u.i.k.p.i.AbstractProblemLoader Creating init config 
119861     DEBUG main            d.u.i.k.j.r.ClassPreparationMethodBuilder clPrepBuilder: Inner Class detected. Reject building class initialisation methods. 
121985     DEBUG main            d.u.i.k.p.i.AbstractProblemLoader Init config took 3.12s 
122049     INFO  main            d.u.i.k.p.i.AbstractProblemLoader Replaying proof ArrayList[List::iterator()].JML normal_behavior operation contract.0 
122119     DEBUG main            d.u.i.k.p.i.IntermediateProofReplayer Proof replay took 65.94ms 
122121     DEBUG main            d.u.i.k.p.r.p.TestFile    ... success: reloaded. 
122122     INFO  main            d.u.i.k.p.r.p.TestFile    Now processing file /home/runner/work/key/key/key.core/../key.ui/examples/heap/list/ArrayList_size_dep.key 
122122     INFO  main            d.u.i.k.p.i.AbstractProblemLoader Loading environment from /home/runner/work/key/key/key.core/../key.ui/examples/heap/list/ArrayList_size_dep.key 
122122     DEBUG main            d.u.i.k.p.i.AbstractProblemLoader Environment load took 108.6ns 
122124     INFO  main            d.u.i.k.p.i.AbstractProblemLoader Creating init config 
123208     DEBUG main            d.u.i.k.j.r.ClassPreparationMethodBuilder clPrepBuilder: Inner Class detected. Reject building class initialisation methods. 
125422     DEBUG main            d.u.i.k.p.i.AbstractProblemLoader Init config took 3.3s 
125469     INFO  main            d.u.i.k.p.i.AbstractProblemLoader Replaying proof ArrayList[List::size()].JML accessible clause.0 
125470     DEBUG main            d.u.i.k.p.i.IntermediateProofReplayer Proof replay took 7.7ns 
125673     INFO  main            d.u.i.k.p.r.p.TestFile    ... finished proof: closed. 
125919     INFO  main            d.u.i.k.p.i.AbstractProblemLoader Loading environment from /home/runner/work/key/key/key.core/../key.ui/examples/heap/list/ArrayList_size_dep.key.proof 
125919     DEBUG main            d.u.i.k.p.i.AbstractProblemLoader Environment load took 148.9ns 
125920     INFO  main            d.u.i.k.p.i.AbstractProblemLoader Creating init config 
126921     DEBUG main            d.u.i.k.j.r.ClassPreparationMethodBuilder clPrepBuilder: Inner Class detected. Reject building class initialisation methods. 
129058     DEBUG main            d.u.i.k.p.i.AbstractProblemLoader Init config took 3.14s 
129105     INFO  main            d.u.i.k.p.i.AbstractProblemLoader Replaying proof ArrayList[List::size()].JML accessible clause.0 
129123     DEBUG main            d.u.i.k.p.i.IntermediateProofReplayer Proof replay took 15.46ms 
129125     DEBUG main            d.u.i.k.p.r.p.TestFile    ... success: reloaded. 
129126     INFO  main            d.u.i.k.p.r.p.TestFile    Now processing file /home/runner/work/key/key/key.core/../key.ui/examples/heap/list/ArrayList_size.key 
129127     INFO  main            d.u.i.k.p.i.AbstractProblemLoader Loading environment from /home/runner/work/key/key/key.core/../key.ui/examples/heap/list/ArrayList_size.key 
129127     DEBUG main            d.u.i.k.p.i.AbstractProblemLoader Environment load took 238.61ns 
129128     INFO  main            d.u.i.k.p.i.AbstractProblemLoader Creating init config 
130164     DEBUG main            d.u.i.k.j.r.ClassPreparationMethodBuilder clPrepBuilder: Inner Class detected. Reject building class initialisation methods. 
132368     DEBUG main            d.u.i.k.p.i.AbstractProblemLoader Init config took 3.24s 
132415     INFO  main            d.u.i.k.p.i.AbstractProblemLoader Replaying proof ArrayList[List::size()].JML normal_behavior operation contract.0 
132417     DEBUG main            d.u.i.k.p.i.IntermediateProofReplayer Proof replay took 7.6ns 
132720     INFO  main            d.u.i.k.p.r.p.TestFile    ... finished proof: closed. 
132971     INFO  main            d.u.i.k.p.i.AbstractProblemLoader Loading environment from /home/runner/work/key/key/key.core/../key.ui/examples/heap/list/ArrayList_size.key.proof 
132971     DEBUG main            d.u.i.k.p.i.AbstractProblemLoader Environment load took 139.8ns 
132972     INFO  main            d.u.i.k.p.i.AbstractProblemLoader Creating init config 
133972     DEBUG main            d.u.i.k.j.r.ClassPreparationMethodBuilder clPrepBuilder: Inner Class detected. Reject building class initialisation methods. 
136098     DEBUG main            d.u.i.k.p.i.AbstractProblemLoader Init config took 3.13s 
136165     INFO  main            d.u.i.k.p.i.AbstractProblemLoader Replaying proof ArrayList[List::size()].JML normal_behavior operation contract.0 
136194     DEBUG main            d.u.i.k.p.i.IntermediateProofReplayer Proof replay took 26.57ms 
136195     DEBUG main            d.u.i.k.p.r.p.TestFile    ... success: reloaded. 
136196     INFO  main            d.u.i.k.p.r.p.TestFile    Now processing file /home/runner/work/key/key/key.core/../key.ui/examples/heap/list/ArrayList.ArrayListIterator_ArrayListIterator.key 
136197     INFO  main            d.u.i.k.p.i.AbstractProblemLoader Loading environment from /home/runner/work/key/key/key.core/../key.ui/examples/heap/list/ArrayList.ArrayListIterator_ArrayListIterator.key 
136197     DEBUG main            d.u.i.k.p.i.AbstractProblemLoader Environment load took 91.7ns 
136198     INFO  main            d.u.i.k.p.i.AbstractProblemLoader Creating init config 
137239     DEBUG main            d.u.i.k.j.r.ClassPreparationMethodBuilder clPrepBuilder: Inner Class detected. Reject building class initialisation methods. 
139379     DEBUG main            d.u.i.k.p.i.AbstractProblemLoader Init config took 3.18s 
139442     INFO  main            d.u.i.k.p.i.AbstractProblemLoader Replaying proof ArrayList.ArrayListIterator[ArrayList.ArrayListIterator::ArrayListIterator(ArrayList)].JML normal_behavior operation contract.0 
139443     DEBUG main            d.u.i.k.p.i.IntermediateProofReplayer Proof replay took 7.2ns 
140047     INFO  main            d.u.i.k.p.r.p.TestFile    ... finished proof: closed. 
140337     INFO  main            d.u.i.k.p.i.AbstractProblemLoader Loading environment from /home/runner/work/key/key/key.core/../key.ui/examples/heap/list/ArrayList.ArrayListIterator_ArrayListIterator.key.proof 
140338     DEBUG main            d.u.i.k.p.i.AbstractProblemLoader Environment load took 617.82ns 
140339     INFO  main            d.u.i.k.p.i.AbstractProblemLoader Creating init config 
141330     DEBUG main            d.u.i.k.j.r.ClassPreparationMethodBuilder clPrepBuilder: Inner Class detected. Reject building class initialisation methods. 
143453     DEBUG main            d.u.i.k.p.i.AbstractProblemLoader Init config took 3.11s 
143511     INFO  main            d.u.i.k.p.i.AbstractProblemLoader Replaying proof ArrayList.ArrayListIterator[ArrayList.ArrayListIterator::ArrayListIterator(ArrayList)].JML normal_behavior operation contract.0 
143588     DEBUG main            d.u.i.k.p.i.IntermediateProofReplayer Proof replay took 71.14ms 
143589     DEBUG main            d.u.i.k.p.r.p.TestFile    ... success: reloaded. 
143590     INFO  main            d.u.i.k.p.r.p.TestFile    Now processing file /home/runner/work/key/key/key.core/../key.ui/examples/heap/list/ArrayList.ArrayListIterator_hasNext_dep.key 
143591     INFO  main            d.u.i.k.p.i.AbstractProblemLoader Loading environment from /home/runner/work/key/key/key.core/../key.ui/examples/heap/list/ArrayList.ArrayListIterator_hasNext_dep.key 
143591     DEBUG main            d.u.i.k.p.i.AbstractProblemLoader Environment load took 162.9ns 
143592     INFO  main            d.u.i.k.p.i.AbstractProblemLoader Creating init config 
144621     DEBUG main            d.u.i.k.j.r.ClassPreparationMethodBuilder clPrepBuilder: Inner Class detected. Reject building class initialisation methods. 
146802     DEBUG main            d.u.i.k.p.i.AbstractProblemLoader Init config took 3.21s 
146871     INFO  main            d.u.i.k.p.i.AbstractProblemLoader Replaying proof ArrayList.ArrayListIterator[ListIterator::hasNext()].JML accessible clause.0 
146874     DEBUG main            d.u.i.k.p.i.IntermediateProofReplayer Proof replay took 6.9ns 
147177     INFO  main            d.u.i.k.p.r.p.TestFile    ... finished proof: closed. 
147449     INFO  main            d.u.i.k.p.i.AbstractProblemLoader Loading environment from /home/runner/work/key/key/key.core/../key.ui/examples/heap/list/ArrayList.ArrayListIterator_hasNext_dep.key.proof 
147449     DEBUG main            d.u.i.k.p.i.AbstractProblemLoader Environment load took 167.31ns 
147451     INFO  main            d.u.i.k.p.i.AbstractProblemLoader Creating init config 
148461     DEBUG main            d.u.i.k.j.r.ClassPreparationMethodBuilder clPrepBuilder: Inner Class detected. Reject building class initialisation methods. 
150586     DEBUG main            d.u.i.k.p.i.AbstractProblemLoader Init config took 3.14s 
150639     INFO  main            d.u.i.k.p.i.AbstractProblemLoader Replaying proof ArrayList.ArrayListIterator[ListIterator::hasNext()].JML accessible clause.0 
150672     DEBUG main            d.u.i.k.p.i.IntermediateProofReplayer Proof replay took 30.18ms 
150674     DEBUG main            d.u.i.k.p.r.p.TestFile    ... success: reloaded. 
150675     INFO  main            d.u.i.k.p.r.p.TestFile    Now processing file /home/runner/work/key/key/key.core/../key.ui/examples/heap/list/ArrayList.ArrayListIterator_hasNext.key 
150675     INFO  main            d.u.i.k.p.i.AbstractProblemLoader Loading environment from /home/runner/work/key/key/key.core/../key.ui/examples/heap/list/ArrayList.ArrayListIterator_hasNext.key 
150675     DEBUG main            d.u.i.k.p.i.AbstractProblemLoader Environment load took 238.21ns 
150676     INFO  main            d.u.i.k.p.i.AbstractProblemLoader Creating init config 
151684     DEBUG main            d.u.i.k.j.r.ClassPreparationMethodBuilder clPrepBuilder: Inner Class detected. Reject building class initialisation methods. 
153852     DEBUG main            d.u.i.k.p.i.AbstractProblemLoader Init config took 3.18s 
153908     INFO  main            d.u.i.k.p.i.AbstractProblemLoader Replaying proof ArrayList.ArrayListIterator[ListIterator::hasNext()].JML normal_behavior operation contract.0 
153910     DEBUG main            d.u.i.k.p.i.IntermediateProofReplayer Proof replay took 6.7ns 
154313     INFO  main            d.u.i.k.p.r.p.TestFile    ... finished proof: closed. 
154575     INFO  main            d.u.i.k.p.i.AbstractProblemLoader Loading environment from /home/runner/work/key/key/key.core/../key.ui/examples/heap/list/ArrayList.ArrayListIterator_hasNext.key.proof 
154576     DEBUG main            d.u.i.k.p.i.AbstractProblemLoader Environment load took 237.5ns 
154577     INFO  main            d.u.i.k.p.i.AbstractProblemLoader Creating init config 
155573     DEBUG main            d.u.i.k.j.r.ClassPreparationMethodBuilder clPrepBuilder: Inner Class detected. Reject building class initialisation methods. 
157708     DEBUG main            d.u.i.k.p.i.AbstractProblemLoader Init config took 3.13s 
157762     INFO  main            d.u.i.k.p.i.AbstractProblemLoader Replaying proof ArrayList.ArrayListIterator[ListIterator::hasNext()].JML normal_behavior operation contract.0 
157801     DEBUG main            d.u.i.k.p.i.IntermediateProofReplayer Proof replay took 35.52ms 
157802     DEBUG main            d.u.i.k.p.r.p.TestFile    ... success: reloaded. 
157803     INFO  main            d.u.i.k.p.r.p.TestFile    Now processing file /home/runner/work/key/key/key.core/../key.ui/examples/heap/list/ArrayList.ArrayListIterator_inv.key 
157803     INFO  main            d.u.i.k.p.i.AbstractProblemLoader Loading environment from /home/runner/work/key/key/key.core/../key.ui/examples/heap/list/ArrayList.ArrayListIterator_inv.key 
157803     DEBUG main            d.u.i.k.p.i.AbstractProblemLoader Environment load took 124.3ns 
157804     INFO  main            d.u.i.k.p.i.AbstractProblemLoader Creating init config 
158840     DEBUG main            d.u.i.k.j.r.ClassPreparationMethodBuilder clPrepBuilder: Inner Class detected. Reject building class initialisation methods. 
161022     DEBUG main            d.u.i.k.p.i.AbstractProblemLoader Init config took 3.22s 
161077     INFO  main            d.u.i.k.p.i.AbstractProblemLoader Replaying proof ArrayList.ArrayListIterator[java.lang.Object::<inv>()].JML accessible clause.0 
161080     DEBUG main            d.u.i.k.p.i.IntermediateProofReplayer Proof replay took 8.1ns 
162096     INFO  main            d.u.i.k.p.r.p.TestFile    ... finished proof: closed. 
162390     INFO  main            d.u.i.k.p.i.AbstractProblemLoader Loading environment from /home/runner/work/key/key/key.core/../key.ui/examples/heap/list/ArrayList.ArrayListIterator_inv.key.proof 
162391     DEBUG main            d.u.i.k.p.i.AbstractProblemLoader Environment load took 137.5ns 
162392     INFO  main            d.u.i.k.p.i.AbstractProblemLoader Creating init config 
163401     DEBUG main            d.u.i.k.j.r.ClassPreparationMethodBuilder clPrepBuilder: Inner Class detected. Reject building class initialisation methods. 
165497     DEBUG main            d.u.i.k.p.i.AbstractProblemLoader Init config took 3.1s 
165550     INFO  main            d.u.i.k.p.i.AbstractProblemLoader Replaying proof ArrayList.ArrayListIterator[java.lang.Object::<inv>()].JML accessible clause.0 
165633     DEBUG main            d.u.i.k.p.i.IntermediateProofReplayer Proof replay took 63.6ms 
165634     DEBUG main            d.u.i.k.p.r.p.TestFile    ... success: reloaded. 
165636     INFO  main            d.u.i.k.p.r.p.TestFile    Now processing file /home/runner/work/key/key/key.core/../key.ui/examples/heap/list/ArrayList.ArrayListIterator_list.key 
165636     INFO  main            d.u.i.k.p.i.AbstractProblemLoader Loading environment from /home/runner/work/key/key/key.core/../key.ui/examples/heap/list/ArrayList.ArrayListIterator_list.key 
165636     DEBUG main            d.u.i.k.p.i.AbstractProblemLoader Environment load took 84.6ns 
165637     INFO  main            d.u.i.k.p.i.AbstractProblemLoader Creating init config 
166645     DEBUG main            d.u.i.k.j.r.ClassPreparationMethodBuilder clPrepBuilder: Inner Class detected. Reject building class initialisation methods. 
168799     DEBUG main            d.u.i.k.p.i.AbstractProblemLoader Init config took 3.16s 
168841     INFO  main            d.u.i.k.p.i.AbstractProblemLoader Replaying proof ListIterator[ListIterator::$list()].JML accessible clause.0 
168843     DEBUG main            d.u.i.k.p.i.IntermediateProofReplayer Proof replay took 8.4ns 
168945     INFO  main            d.u.i.k.p.r.p.TestFile    ... finished proof: closed. 
169231     INFO  main            d.u.i.k.p.i.AbstractProblemLoader Loading environment from /home/runner/work/key/key/key.core/../key.ui/examples/heap/list/ArrayList.ArrayListIterator_list.key.proof 
169231     DEBUG main            d.u.i.k.p.i.AbstractProblemLoader Environment load took 123.9ns 
169232     INFO  main            d.u.i.k.p.i.AbstractProblemLoader Creating init config 
170222     DEBUG main            d.u.i.k.j.r.ClassPreparationMethodBuilder clPrepBuilder: Inner Class detected. Reject building class initialisation methods. 
172370     DEBUG main            d.u.i.k.p.i.AbstractProblemLoader Init config took 3.14s 
172410     INFO  main            d.u.i.k.p.i.AbstractProblemLoader Replaying proof ListIterator[ListIterator::$list()].JML accessible clause.0 
172413     DEBUG main            d.u.i.k.p.i.IntermediateProofReplayer Proof replay took 812.22ns 
172414     DEBUG main            d.u.i.k.p.r.p.TestFile    ... success: reloaded. 
172415     INFO  main            d.u.i.k.p.r.p.TestFile    Now processing file /home/runner/work/key/key/key.core/../key.ui/examples/heap/list/ArrayList.ArrayListIterator_next_exceptional.key 
172415     INFO  main            d.u.i.k.p.i.AbstractProblemLoader Loading environment from /home/runner/work/key/key/key.core/../key.ui/examples/heap/list/ArrayList.ArrayListIterator_next_exceptional.key 
172415     DEBUG main            d.u.i.k.p.i.AbstractProblemLoader Environment load took 68.2ns 
172416     INFO  main            d.u.i.k.p.i.AbstractProblemLoader Creating init config 
173427     DEBUG main            d.u.i.k.j.r.ClassPreparationMethodBuilder clPrepBuilder: Inner Class detected. Reject building class initialisation methods. 
175565     DEBUG main            d.u.i.k.p.i.AbstractProblemLoader Init config took 3.15s 
175618     INFO  main            d.u.i.k.p.i.AbstractProblemLoader Replaying proof ArrayList.ArrayListIterator[ListIterator::next()].JML exceptional_behavior operation contract.0 
175620     DEBUG main            d.u.i.k.p.i.IntermediateProofReplayer Proof replay took 9.9ns 
176426     INFO  main            d.u.i.k.p.r.p.TestFile    ... finished proof: closed. 
176720     INFO  main            d.u.i.k.p.i.AbstractProblemLoader Loading environment from /home/runner/work/key/key/key.core/../key.ui/examples/heap/list/ArrayList.ArrayListIterator_next_exceptional.key.proof 
176720     DEBUG main            d.u.i.k.p.i.AbstractProblemLoader Environment load took 145ns 
176722     INFO  main            d.u.i.k.p.i.AbstractProblemLoader Creating init config 
177705     DEBUG main            d.u.i.k.j.r.ClassPreparationMethodBuilder clPrepBuilder: Inner Class detected. Reject building class initialisation methods. 
179815     DEBUG main            d.u.i.k.p.i.AbstractProblemLoader Init config took 3.09s 
179868     INFO  main            d.u.i.k.p.i.AbstractProblemLoader Replaying proof ArrayList.ArrayListIterator[ListIterator::next()].JML exceptional_behavior operation contract.0 
179958     DEBUG main            d.u.i.k.p.i.IntermediateProofReplayer Proof replay took 86.05ms 
179960     DEBUG main            d.u.i.k.p.r.p.TestFile    ... success: reloaded. 
179961     INFO  main            d.u.i.k.p.r.p.TestFile    Now processing file /home/runner/work/key/key/key.core/../key.ui/examples/heap/list/ArrayList.ArrayListIterator_next_normal.key 
179961     INFO  main            d.u.i.k.p.i.AbstractProblemLoader Loading environment from /home/runner/work/key/key/key.core/../key.ui/examples/heap/list/ArrayList.ArrayListIterator_next_normal.key 
179961     DEBUG main            d.u.i.k.p.i.AbstractProblemLoader Environment load took 66.9ns 
179962     INFO  main            d.u.i.k.p.i.AbstractProblemLoader Creating init config 
180961     DEBUG main            d.u.i.k.j.r.ClassPreparationMethodBuilder clPrepBuilder: Inner Class detected. Reject building class initialisation methods. 
183141     DEBUG main            d.u.i.k.p.i.AbstractProblemLoader Init config took 3.18s 
183237     INFO  main            d.u.i.k.p.i.AbstractProblemLoader Replaying proof ArrayList.ArrayListIterator[ListIterator::next()].JML normal_behavior operation contract.0 
183239     DEBUG main            d.u.i.k.p.i.IntermediateProofReplayer Proof replay took 9.2ns 
184044     INFO  main            d.u.i.k.p.r.p.TestFile    ... finished proof: closed. 
184390     INFO  main            d.u.i.k.p.i.AbstractProblemLoader Loading environment from /home/runner/work/key/key/key.core/../key.ui/examples/heap/list/ArrayList.ArrayListIterator_next_normal.key.proof 
184391     DEBUG main            d.u.i.k.p.i.AbstractProblemLoader Environment load took 861.22ns 
184393     INFO  main            d.u.i.k.p.i.AbstractProblemLoader Creating init config 
185386     DEBUG main            d.u.i.k.j.r.ClassPreparationMethodBuilder clPrepBuilder: Inner Class detected. Reject building class initialisation methods. 
187475     DEBUG main            d.u.i.k.p.i.AbstractProblemLoader Init config took 3.08s 
187528     INFO  main            d.u.i.k.p.i.AbstractProblemLoader Replaying proof ArrayList.ArrayListIterator[ListIterator::next()].JML normal_behavior operation contract.0 
187645     DEBUG main            d.u.i.k.p.i.IntermediateProofReplayer Proof replay took 112.78ms 
187648     DEBUG main            d.u.i.k.p.r.p.TestFile    ... success: reloaded. 
187650     INFO  main            d.u.i.k.p.r.p.TestFile    Now processing file /home/runner/work/key/key/key.core/../key.ui/examples/heap/list/ArrayList.ArrayListIterator_pos.key 
187650     INFO  main            d.u.i.k.p.i.AbstractProblemLoader Loading environment from /home/runner/work/key/key/key.core/../key.ui/examples/heap/list/ArrayList.ArrayListIterator_pos.key 
187651     DEBUG main            d.u.i.k.p.i.AbstractProblemLoader Environment load took 258.91ns 
187652     INFO  main            d.u.i.k.p.i.AbstractProblemLoader Creating init config 
188654     DEBUG main            d.u.i.k.j.r.ClassPreparationMethodBuilder clPrepBuilder: Inner Class detected. Reject building class initialisation methods. 
190776     DEBUG main            d.u.i.k.p.i.AbstractProblemLoader Init config took 3.12s 
190837     INFO  main            d.u.i.k.p.i.AbstractProblemLoader Replaying proof ListIterator[ListIterator::$pos()].JML accessible clause.0 
190839     DEBUG main            d.u.i.k.p.i.IntermediateProofReplayer Proof replay took 6.9ns 
190941     INFO  main            d.u.i.k.p.r.p.TestFile    ... finished proof: closed. 
191221     INFO  main            d.u.i.k.p.i.AbstractProblemLoader Loading environment from /home/runner/work/key/key/key.core/../key.ui/examples/heap/list/ArrayList.ArrayListIterator_pos.key.proof 
191221     DEBUG main            d.u.i.k.p.i.AbstractProblemLoader Environment load took 127.1ns 
191222     INFO  main            d.u.i.k.p.i.AbstractProblemLoader Creating init config 
192203     DEBUG main            d.u.i.k.j.r.ClassPreparationMethodBuilder clPrepBuilder: Inner Class detected. Reject building class initialisation methods. 
194280     DEBUG main            d.u.i.k.p.i.AbstractProblemLoader Init config took 3.06s 
194321     INFO  main            d.u.i.k.p.i.AbstractProblemLoader Replaying proof ListIterator[ListIterator::$pos()].JML accessible clause.0 
194323     DEBUG main            d.u.i.k.p.i.IntermediateProofReplayer Proof replay took 831.72ns 
194329     DEBUG main            d.u.i.k.p.r.p.TestFile    ... success: reloaded. 
194330     INFO  main            d.u.i.k.p.r.p.TestFile    Now processing file /home/runner/work/key/key/key.core/../key.ui/examples/heap/list/Client_m.key 
194330     INFO  main            d.u.i.k.p.i.AbstractProblemLoader Loading environment from /home/runner/work/key/key/key.core/../key.ui/examples/heap/list/Client_m.key 
194330     DEBUG main            d.u.i.k.p.i.AbstractProblemLoader Environment load took 112.7ns 
194334     INFO  main            d.u.i.k.p.i.AbstractProblemLoader Creating init config 
195360     DEBUG main            d.u.i.k.j.r.ClassPreparationMethodBuilder clPrepBuilder: Inner Class detected. Reject building class initialisation methods. 
197486     DEBUG main            d.u.i.k.p.i.AbstractProblemLoader Init config took 3.15s 
197527     INFO  main            d.u.i.k.p.i.AbstractProblemLoader Replaying proof Client[Client::m(List)].JML normal_behavior operation contract.0 
197529     DEBUG main            d.u.i.k.p.i.IntermediateProofReplayer Proof replay took 6.7ns 
197833     INFO  main            d.u.i.k.p.r.p.TestFile    ... finished proof: closed. 
198145     INFO  main            d.u.i.k.p.i.AbstractProblemLoader Loading environment from /home/runner/work/key/key/key.core/../key.ui/examples/heap/list/Client_m.key.proof 
198145     DEBUG main            d.u.i.k.p.i.AbstractProblemLoader Environment load took 140.3ns 
198146     INFO  main            d.u.i.k.p.i.AbstractProblemLoader Creating init config 
199129     DEBUG main            d.u.i.k.j.r.ClassPreparationMethodBuilder clPrepBuilder: Inner Class detected. Reject building class initialisation methods. 
201208     DEBUG main            d.u.i.k.p.i.AbstractProblemLoader Init config took 3.06s 
201250     INFO  main            d.u.i.k.p.i.AbstractProblemLoader Replaying proof Client[Client::m(List)].JML normal_behavior operation contract.0 
201298     DEBUG main            d.u.i.k.p.i.IntermediateProofReplayer Proof replay took 45.07ms 
201299     DEBUG main            d.u.i.k.p.r.p.TestFile    ... success: reloaded. 
201300     INFO  main            d.u.i.k.p.r.p.TestFile    Now processing file /home/runner/work/key/key/key.core/../key.ui/examples/heap/list/Client_n.key 
201300     INFO  main            d.u.i.k.p.i.AbstractProblemLoader Loading environment from /home/runner/work/key/key/key.core/../key.ui/examples/heap/list/Client_n.key 
201300     DEBUG main            d.u.i.k.p.i.AbstractProblemLoader Environment load took 100.5ns 
201301     INFO  main            d.u.i.k.p.i.AbstractProblemLoader Creating init config 
202354     DEBUG main            d.u.i.k.j.r.ClassPreparationMethodBuilder clPrepBuilder: Inner Class detected. Reject building class initialisation methods. 
204453     DEBUG main            d.u.i.k.p.i.AbstractProblemLoader Init config took 3.15s 
204493     INFO  main            d.u.i.k.p.i.AbstractProblemLoader Replaying proof Client[Client::n(List)].JML normal_behavior operation contract.0 
204495     DEBUG main            d.u.i.k.p.i.IntermediateProofReplayer Proof replay took 6.9ns 
204597     INFO  main            d.u.i.k.p.r.p.TestFile    ... finished proof: closed. 
204920     INFO  main            d.u.i.k.p.i.AbstractProblemLoader Loading environment from /home/runner/work/key/key/key.core/../key.ui/examples/heap/list/Client_n.key.proof 
204920     DEBUG main            d.u.i.k.p.i.AbstractProblemLoader Environment load took 117.5ns 
204921     INFO  main            d.u.i.k.p.i.AbstractProblemLoader Creating init config 
205901     DEBUG main            d.u.i.k.j.r.ClassPreparationMethodBuilder clPrepBuilder: Inner Class detected. Reject building class initialisation methods. 
208007     DEBUG main            d.u.i.k.p.i.AbstractProblemLoader Init config took 3.09s 
208056     INFO  main            d.u.i.k.p.i.AbstractProblemLoader Replaying proof Client[Client::n(List)].JML normal_behavior operation contract.0 
208072     DEBUG main            d.u.i.k.p.i.IntermediateProofReplayer Proof replay took 14.43ms 
208073     DEBUG main            d.u.i.k.p.r.p.TestFile    ... success: reloaded. 
208074     INFO  main            d.u.i.k.p.r.p.TestFile    Now processing file /home/runner/work/key/key/key.core/../key.ui/examples/heap/list/LinkedList_get_exceptional.key 
208074     INFO  main            d.u.i.k.p.i.AbstractProblemLoader Loading environment from /home/runner/work/key/key/key.core/../key.ui/examples/heap/list/LinkedList_get_exceptional.key 
208075     DEBUG main            d.u.i.k.p.i.AbstractProblemLoader Environment load took 94.8ns 
208075     INFO  main            d.u.i.k.p.i.AbstractProblemLoader Creating init config 
209082     DEBUG main            d.u.i.k.j.r.ClassPreparationMethodBuilder clPrepBuilder: Inner Class detected. Reject building class initialisation methods. 
211181     DEBUG main            d.u.i.k.p.i.AbstractProblemLoader Init config took 3.11s 
211227     INFO  main            d.u.i.k.p.i.AbstractProblemLoader Replaying proof LinkedList[List::get(int)].JML exceptional_behavior operation contract.0 
211229     DEBUG main            d.u.i.k.p.i.IntermediateProofReplayer Proof replay took 7.1ns 
213245     INFO  main            d.u.i.k.p.r.p.TestFile    ... finished proof: closed. 
213615     INFO  main            d.u.i.k.p.i.AbstractProblemLoader Loading environment from /home/runner/work/key/key/key.core/../key.ui/examples/heap/list/LinkedList_get_exceptional.key.proof 
213615     DEBUG main            d.u.i.k.p.i.AbstractProblemLoader Environment load took 565.01ns 
213617     INFO  main            d.u.i.k.p.i.AbstractProblemLoader Creating init config 
214600     DEBUG main            d.u.i.k.j.r.ClassPreparationMethodBuilder clPrepBuilder: Inner Class detected. Reject building class initialisation methods. 
216667     DEBUG main            d.u.i.k.p.i.AbstractProblemLoader Init config took 3.05s 
216727     INFO  main            d.u.i.k.p.i.AbstractProblemLoader Replaying proof LinkedList[List::get(int)].JML exceptional_behavior operation contract.0 
216924     DEBUG main            d.u.i.k.p.i.IntermediateProofReplayer Proof replay took 188.85ms 
216925     DEBUG main            d.u.i.k.p.r.p.TestFile    ... success: reloaded. 
216926     INFO  main            d.u.i.k.p.r.p.TestFile    Now processing file /home/runner/work/key/key/key.core/../key.ui/examples/heap/list/LinkedList_get_normal.key 
216927     INFO  main            d.u.i.k.p.i.AbstractProblemLoader Loading environment from /home/runner/work/key/key/key.core/../key.ui/examples/heap/list/LinkedList_get_normal.key 
216927     DEBUG main            d.u.i.k.p.i.AbstractProblemLoader Environment load took 99.4ns 
216928     INFO  main            d.u.i.k.p.i.AbstractProblemLoader Creating init config 
217930     DEBUG main            d.u.i.k.j.r.ClassPreparationMethodBuilder clPrepBuilder: Inner Class detected. Reject building class initialisation methods. 
220075     DEBUG main            d.u.i.k.p.i.AbstractProblemLoader Init config took 3.15s 
220121     INFO  main            d.u.i.k.p.i.AbstractProblemLoader Replaying proof LinkedList[List::get(int)].JML normal_behavior operation contract.0 
220122     DEBUG main            d.u.i.k.p.i.IntermediateProofReplayer Proof replay took 7.3ns 
225996     INFO  main            d.u.i.k.p.r.p.TestFile    ... finished proof: closed. 
226399     INFO  main            d.u.i.k.p.i.AbstractProblemLoader Loading environment from /home/runner/work/key/key/key.core/../key.ui/examples/heap/list/LinkedList_get_normal.key.proof 
226399     DEBUG main            d.u.i.k.p.i.AbstractProblemLoader Environment load took 530.11ns 
226402     INFO  main            d.u.i.k.p.i.AbstractProblemLoader Creating init config 
227382     DEBUG main            d.u.i.k.j.r.ClassPreparationMethodBuilder clPrepBuilder: Inner Class detected. Reject building class initialisation methods. 
229493     DEBUG main            d.u.i.k.p.i.AbstractProblemLoader Init config took 3.09s 
229539     INFO  main            d.u.i.k.p.i.AbstractProblemLoader Replaying proof LinkedList[List::get(int)].JML normal_behavior operation contract.0 
229897     DEBUG main            d.u.i.k.p.i.IntermediateProofReplayer Proof replay took 333.32ms 
229899     DEBUG main            d.u.i.k.p.r.p.TestFile    ... success: reloaded. 
229901     INFO  main            d.u.i.k.p.r.p.TestFile    Now processing file /home/runner/work/key/key/key.core/../key.ui/examples/heap/list/LinkedList_LinkedList.key 
229901     INFO  main            d.u.i.k.p.i.AbstractProblemLoader Loading environment from /home/runner/work/key/key/key.core/../key.ui/examples/heap/list/LinkedList_LinkedList.key 
229901     DEBUG main            d.u.i.k.p.i.AbstractProblemLoader Environment load took 137.9ns 
229902     INFO  main            d.u.i.k.p.i.AbstractProblemLoader Creating init config 
230912     DEBUG main            d.u.i.k.j.r.ClassPreparationMethodBuilder clPrepBuilder: Inner Class detected. Reject building class initialisation methods. 
233074     DEBUG main            d.u.i.k.p.i.AbstractProblemLoader Init config took 3.17s 
233120     INFO  main            d.u.i.k.p.i.AbstractProblemLoader Replaying proof LinkedList[LinkedList::LinkedList()].JML normal_behavior operation contract.0 
233121     DEBUG main            d.u.i.k.p.i.IntermediateProofReplayer Proof replay took 6.8ns 
233626     INFO  main            d.u.i.k.p.r.p.TestFile    ... finished proof: closed. 
233989     INFO  main            d.u.i.k.p.i.AbstractProblemLoader Loading environment from /home/runner/work/key/key/key.core/../key.ui/examples/heap/list/LinkedList_LinkedList.key.proof 
233989     DEBUG main            d.u.i.k.p.i.AbstractProblemLoader Environment load took 119.4ns 
233990     INFO  main            d.u.i.k.p.i.AbstractProblemLoader Creating init config 
234973     DEBUG main            d.u.i.k.j.r.ClassPreparationMethodBuilder clPrepBuilder: Inner Class detected. Reject building class initialisation methods. 
237072     DEBUG main            d.u.i.k.p.i.AbstractProblemLoader Init config took 3.08s 
237118     INFO  main            d.u.i.k.p.i.AbstractProblemLoader Replaying proof LinkedList[LinkedList::LinkedList()].JML normal_behavior operation contract.0 
237186     DEBUG main            d.u.i.k.p.i.IntermediateProofReplayer Proof replay took 62.36ms 
237187     DEBUG main            d.u.i.k.p.r.p.TestFile    ... success: reloaded. 
237188     INFO  main            d.u.i.k.p.r.p.TestFile    Now processing file /home/runner/work/key/key/key.core/../key.ui/examples/heap/list/LinkedList_size_dep.key 
237189     INFO  main            d.u.i.k.p.i.AbstractProblemLoader Loading environment from /home/runner/work/key/key/key.core/../key.ui/examples/heap/list/LinkedList_size_dep.key 
237189     DEBUG main            d.u.i.k.p.i.AbstractProblemLoader Environment load took 83.4ns 
237190     INFO  main            d.u.i.k.p.i.AbstractProblemLoader Creating init config 
238193     DEBUG main            d.u.i.k.j.r.ClassPreparationMethodBuilder clPrepBuilder: Inner Class detected. Reject building class initialisation methods. 
240332     DEBUG main            d.u.i.k.p.i.AbstractProblemLoader Init config took 3.14s 
240378     INFO  main            d.u.i.k.p.i.AbstractProblemLoader Replaying proof LinkedList[List::size()].JML accessible clause.0 
240379     DEBUG main            d.u.i.k.p.i.IntermediateProofReplayer Proof replay took 7.4ns 
240882     INFO  main            d.u.i.k.p.r.p.TestFile    ... finished proof: closed. 
241229     INFO  main            d.u.i.k.p.i.AbstractProblemLoader Loading environment from /home/runner/work/key/key/key.core/../key.ui/examples/heap/list/LinkedList_size_dep.key.proof 
241229     DEBUG main            d.u.i.k.p.i.AbstractProblemLoader Environment load took 127ns 
241231     INFO  main            d.u.i.k.p.i.AbstractProblemLoader Creating init config 
242214     DEBUG main            d.u.i.k.j.r.ClassPreparationMethodBuilder clPrepBuilder: Inner Class detected. Reject building class initialisation methods. 
244320     DEBUG main            d.u.i.k.p.i.AbstractProblemLoader Init config took 3.09s 
244367     INFO  main            d.u.i.k.p.i.AbstractProblemLoader Replaying proof LinkedList[List::size()].JML accessible clause.0 
244401     DEBUG main            d.u.i.k.p.i.IntermediateProofReplayer Proof replay took 30.82ms 
244402     DEBUG main            d.u.i.k.p.r.p.TestFile    ... success: reloaded. 
244404     INFO  main            d.u.i.k.p.r.p.TestFile    Now processing file /home/runner/work/key/key/key.core/../key.ui/examples/heap/list/LinkedList_size.key 
244404     INFO  main            d.u.i.k.p.i.AbstractProblemLoader Loading environment from /home/runner/work/key/key/key.core/../key.ui/examples/heap/list/LinkedList_size.key 
244404     DEBUG main            d.u.i.k.p.i.AbstractProblemLoader Environment load took 250.31ns 
244405     INFO  main            d.u.i.k.p.i.AbstractProblemLoader Creating init config 
245429     DEBUG main            d.u.i.k.j.r.ClassPreparationMethodBuilder clPrepBuilder: Inner Class detected. Reject building class initialisation methods. 
247572     DEBUG main            d.u.i.k.p.i.AbstractProblemLoader Init config took 3.17s 
247618     INFO  main            d.u.i.k.p.i.AbstractProblemLoader Replaying proof LinkedList[List::size()].JML normal_behavior operation contract.0 
247620     DEBUG main            d.u.i.k.p.i.IntermediateProofReplayer Proof replay took 7.4ns 
248123     INFO  main            d.u.i.k.p.r.p.TestFile    ... finished proof: closed. 
248482     INFO  main            d.u.i.k.p.i.AbstractProblemLoader Loading environment from /home/runner/work/key/key/key.core/../key.ui/examples/heap/list/LinkedList_size.key.proof 
248483     DEBUG main            d.u.i.k.p.i.AbstractProblemLoader Environment load took 162.7ns 
248483     INFO  main            d.u.i.k.p.i.AbstractProblemLoader Creating init config 
249465     DEBUG main            d.u.i.k.j.r.ClassPreparationMethodBuilder clPrepBuilder: Inner Class detected. Reject building class initialisation methods. 
251534     DEBUG main            d.u.i.k.p.i.AbstractProblemLoader Init config took 3.05s 
251579     INFO  main            d.u.i.k.p.i.AbstractProblemLoader Replaying proof LinkedList[List::size()].JML normal_behavior operation contract.0 
251607     DEBUG main            d.u.i.k.p.i.IntermediateProofReplayer Proof replay took 25.68ms 
251608     DEBUG main            d.u.i.k.p.r.p.TestFile    ... success: reloaded. 
251609     INFO  main            d.u.i.k.p.r.p.TestFile    Now processing file /home/runner/work/key/key/key.core/../key.ui/examples/heap/list/MySet_footprint.key 
251609     INFO  main            d.u.i.k.p.i.AbstractProblemLoader Loading environment from /home/runner/work/key/key/key.core/../key.ui/examples/heap/list/MySet_footprint.key 
251609     DEBUG main            d.u.i.k.p.i.AbstractProblemLoader Environment load took 54.4ns 
251610     INFO  main            d.u.i.k.p.i.AbstractProblemLoader Creating init config 
252612     DEBUG main            d.u.i.k.j.r.ClassPreparationMethodBuilder clPrepBuilder: Inner Class detected. Reject building class initialisation methods. 
254744     DEBUG main            d.u.i.k.p.i.AbstractProblemLoader Init config took 3.13s 
254792     INFO  main            d.u.i.k.p.i.AbstractProblemLoader Replaying proof MySet[MySet::$footprint()].JML accessible clause.0 
254793     DEBUG main            d.u.i.k.p.i.IntermediateProofReplayer Proof replay took 7.7ns 
255096     INFO  main            d.u.i.k.p.r.p.TestFile    ... finished proof: closed. 
255464     INFO  main            d.u.i.k.p.i.AbstractProblemLoader Loading environment from /home/runner/work/key/key/key.core/../key.ui/examples/heap/list/MySet_footprint.key.proof 
255465     DEBUG main            d.u.i.k.p.i.AbstractProblemLoader Environment load took 521.31ns 
255466     INFO  main            d.u.i.k.p.i.AbstractProblemLoader Creating init config 
256450     DEBUG main            d.u.i.k.j.r.ClassPreparationMethodBuilder clPrepBuilder: Inner Class detected. Reject building class initialisation methods. 
258526     DEBUG main            d.u.i.k.p.i.AbstractProblemLoader Init config took 3.06s 
258575     INFO  main            d.u.i.k.p.i.AbstractProblemLoader Replaying proof MySet[MySet::$footprint()].JML accessible clause.0 
258597     DEBUG main            d.u.i.k.p.i.IntermediateProofReplayer Proof replay took 19.08ms 
258598     DEBUG main            d.u.i.k.p.r.p.TestFile    ... success: reloaded. 
258599     INFO  main            d.u.i.k.p.r.p.TestFile    Now processing file /home/runner/work/key/key/key.core/../key.ui/examples/heap/list/MySet_MySet.key 
258599     INFO  main            d.u.i.k.p.i.AbstractProblemLoader Loading environment from /home/runner/work/key/key/key.core/../key.ui/examples/heap/list/MySet_MySet.key 
258599     DEBUG main            d.u.i.k.p.i.AbstractProblemLoader Environment load took 78.7ns 
258600     INFO  main            d.u.i.k.p.i.AbstractProblemLoader Creating init config 
259595     DEBUG main            d.u.i.k.j.r.ClassPreparationMethodBuilder clPrepBuilder: Inner Class detected. Reject building class initialisation methods. 
261726     DEBUG main            d.u.i.k.p.i.AbstractProblemLoader Init config took 3.13s 
261774     INFO  main            d.u.i.k.p.i.AbstractProblemLoader Replaying proof MySet[MySet::MySet()].JML normal_behavior operation contract.0 
261776     DEBUG main            d.u.i.k.p.i.IntermediateProofReplayer Proof replay took 9.5ns 
264084     INFO  main            d.u.i.k.p.r.p.TestFile    ... finished proof: closed. 
264477     INFO  main            d.u.i.k.p.i.AbstractProblemLoader Loading environment from /home/runner/work/key/key/key.core/../key.ui/examples/heap/list/MySet_MySet.key.proof 
264478     DEBUG main            d.u.i.k.p.i.AbstractProblemLoader Environment load took 826.82ns 
264480     INFO  main            d.u.i.k.p.i.AbstractProblemLoader Creating init config 
265470     DEBUG main            d.u.i.k.j.r.ClassPreparationMethodBuilder clPrepBuilder: Inner Class detected. Reject building class initialisation methods. 
267556     DEBUG main            d.u.i.k.p.i.AbstractProblemLoader Init config took 3.08s 
267604     INFO  main            d.u.i.k.p.i.AbstractProblemLoader Replaying proof MySet[MySet::MySet()].JML normal_behavior operation contract.0 
267867     DEBUG main            d.u.i.k.p.i.IntermediateProofReplayer Proof replay took 250.83ms 
267869     DEBUG main            d.u.i.k.p.r.p.TestFile    ... success: reloaded. 
1126242    INFO  Test worker     d.u.i.k.p.r.RunAllProofsTestUnit Running test list_ghost 
493        INFO  Timeout watchdog d.u.i.k.p.r.p.ForkedTestFileRunner Timeout watcher launched (2000 secs.) 
524        WARN  main            d.u.i.k.s.ProofSettings   The settings in /home/runner/.key/proof-settings.props are *not* read. 
606        INFO  main            d.u.i.k.p.r.p.TestFile    Now processing file /home/runner/work/key/key/key.core/../key.ui/examples/heap/list_ghost/ArrayList_add.key 
752        INFO  main            d.u.i.k.p.i.AbstractProblemLoader Loading environment from /home/runner/work/key/key/key.core/../key.ui/examples/heap/list_ghost/ArrayList_add.key 
769        DEBUG main            d.u.i.k.p.i.AbstractProblemLoader Environment load took 2.04ms 
994        INFO  main            d.u.i.k.p.i.AbstractProblemLoader Creating init config 
1955       DEBUG main            d.u.i.k.j.TypeConverter   No LDT found for Meta 
1956       DEBUG main            d.u.i.k.j.TypeConverter   No LDT found for Meta 
1958       DEBUG main            d.u.i.k.j.TypeConverter   No LDT found for Meta 
1959       DEBUG main            d.u.i.k.j.TypeConverter   No LDT found for Meta 
3486       DEBUG main            d.u.i.k.j.TypeConverter   No LDT found for JavaBigintExpression 
8810       DEBUG main            d.u.i.k.p.i.AbstractProblemLoader Init config took 7.82s 
8942       INFO  main            d.u.i.k.p.i.AbstractProblemLoader Replaying proof ArrayList[List::add(java.lang.Object)].JML normal_behavior operation contract.0 
8977       DEBUG main            d.u.i.k.p.i.IntermediateProofReplayer Proof replay took 38.9ns 
14062      INFO  main            d.u.i.k.p.r.p.TestFile    ... finished proof: closed. 
14244      INFO  main            d.u.i.k.p.i.AbstractProblemLoader Loading environment from /home/runner/work/key/key/key.core/../key.ui/examples/heap/list_ghost/ArrayList_add.key.proof 
14245      DEBUG main            d.u.i.k.p.i.AbstractProblemLoader Environment load took 606.32ns 
14248      INFO  main            d.u.i.k.p.i.AbstractProblemLoader Creating init config 
17297      DEBUG main            d.u.i.k.p.i.AbstractProblemLoader Init config took 3.05s 
17364      INFO  main            d.u.i.k.p.i.AbstractProblemLoader Replaying proof ArrayList[List::add(java.lang.Object)].JML normal_behavior operation contract.0 
17862      DEBUG main            d.u.i.k.p.i.IntermediateProofReplayer Proof replay took 473.4ms 
17872      DEBUG main            d.u.i.k.p.r.p.TestFile    ... success: reloaded. 
17874      INFO  main            d.u.i.k.p.r.p.TestFile    Now processing file /home/runner/work/key/key/key.core/../key.ui/examples/heap/list_ghost/ArrayList_ArrayList.key 
17874      INFO  main            d.u.i.k.p.i.AbstractProblemLoader Loading environment from /home/runner/work/key/key/key.core/../key.ui/examples/heap/list_ghost/ArrayList_ArrayList.key 
17875      DEBUG main            d.u.i.k.p.i.AbstractProblemLoader Environment load took 269.81ns 
17876      INFO  main            d.u.i.k.p.i.AbstractProblemLoader Creating init config 
20765      DEBUG main            d.u.i.k.p.i.AbstractProblemLoader Init config took 2.89s 
20827      INFO  main            d.u.i.k.p.i.AbstractProblemLoader Replaying proof ArrayList[ArrayList::ArrayList()].JML normal_behavior operation contract.0 
20830      DEBUG main            d.u.i.k.p.i.IntermediateProofReplayer Proof replay took 8.2ns 
21857      INFO  main            d.u.i.k.p.r.p.TestFile    ... finished proof: closed. 
22035      INFO  main            d.u.i.k.p.i.AbstractProblemLoader Loading environment from /home/runner/work/key/key/key.core/../key.ui/examples/heap/list_ghost/ArrayList_ArrayList.key.proof 
22037      DEBUG main            d.u.i.k.p.i.AbstractProblemLoader Environment load took 1.86ms 
22040      INFO  main            d.u.i.k.p.i.AbstractProblemLoader Creating init config 
24926      DEBUG main            d.u.i.k.p.i.AbstractProblemLoader Init config took 2.89s 
24982      INFO  main            d.u.i.k.p.i.AbstractProblemLoader Replaying proof ArrayList[ArrayList::ArrayList()].JML normal_behavior operation contract.0 
25151      DEBUG main            d.u.i.k.p.i.IntermediateProofReplayer Proof replay took 157.94ms 
25152      DEBUG main            d.u.i.k.p.r.p.TestFile    ... success: reloaded. 
25154      INFO  main            d.u.i.k.p.r.p.TestFile    Now processing file /home/runner/work/key/key/key.core/../key.ui/examples/heap/list_ghost/ArrayList_enlarge.key 
25154      INFO  main            d.u.i.k.p.i.AbstractProblemLoader Loading environment from /home/runner/work/key/key/key.core/../key.ui/examples/heap/list_ghost/ArrayList_enlarge.key 
25155      DEBUG main            d.u.i.k.p.i.AbstractProblemLoader Environment load took 265.41ns 
25156      INFO  main            d.u.i.k.p.i.AbstractProblemLoader Creating init config 
27986      DEBUG main            d.u.i.k.p.i.AbstractProblemLoader Init config took 2.83s 
28053      INFO  main            d.u.i.k.p.i.AbstractProblemLoader Replaying proof ArrayList[ArrayList::enlarge()].JML normal_behavior operation contract.0 
28055      DEBUG main            d.u.i.k.p.i.IntermediateProofReplayer Proof replay took 8.3ns 
30162      INFO  main            d.u.i.k.p.r.p.TestFile    ... finished proof: closed. 
30359      INFO  main            d.u.i.k.p.i.AbstractProblemLoader Loading environment from /home/runner/work/key/key/key.core/../key.ui/examples/heap/list_ghost/ArrayList_enlarge.key.proof 
30359      DEBUG main            d.u.i.k.p.i.AbstractProblemLoader Environment load took 565.51ns 
30363      INFO  main            d.u.i.k.p.i.AbstractProblemLoader Creating init config 
33178      DEBUG main            d.u.i.k.p.i.AbstractProblemLoader Init config took 2.82s 
33228      INFO  main            d.u.i.k.p.i.AbstractProblemLoader Replaying proof ArrayList[ArrayList::enlarge()].JML normal_behavior operation contract.0 
33545      DEBUG main            d.u.i.k.p.i.IntermediateProofReplayer Proof replay took 305.59ms 
33547      DEBUG main            d.u.i.k.p.r.p.TestFile    ... success: reloaded. 
33549      INFO  main            d.u.i.k.p.r.p.TestFile    Now processing file /home/runner/work/key/key/key.core/../key.ui/examples/heap/list_ghost/ArrayList_get_dep.key 
33549      INFO  main            d.u.i.k.p.i.AbstractProblemLoader Loading environment from /home/runner/work/key/key/key.core/../key.ui/examples/heap/list_ghost/ArrayList_get_dep.key 
33549      DEBUG main            d.u.i.k.p.i.AbstractProblemLoader Environment load took 277.31ns 
33551      INFO  main            d.u.i.k.p.i.AbstractProblemLoader Creating init config 
36289      DEBUG main            d.u.i.k.p.i.AbstractProblemLoader Init config took 2.74s 
36341      INFO  main            d.u.i.k.p.i.AbstractProblemLoader Replaying proof ArrayList[List::get(int)].JML accessible clause.0 
36343      DEBUG main            d.u.i.k.p.i.IntermediateProofReplayer Proof replay took 17.8ns 
36646      INFO  main            d.u.i.k.p.r.p.TestFile    ... finished proof: closed. 
36824      INFO  main            d.u.i.k.p.i.AbstractProblemLoader Loading environment from /home/runner/work/key/key/key.core/../key.ui/examples/heap/list_ghost/ArrayList_get_dep.key.proof 
36825      DEBUG main            d.u.i.k.p.i.AbstractProblemLoader Environment load took 578.01ns 
36826      INFO  main            d.u.i.k.p.i.AbstractProblemLoader Creating init config 
39583      DEBUG main            d.u.i.k.p.i.AbstractProblemLoader Init config took 2.76s 
39653      INFO  main            d.u.i.k.p.i.AbstractProblemLoader Replaying proof ArrayList[List::get(int)].JML accessible clause.0 
39704      DEBUG main            d.u.i.k.p.i.IntermediateProofReplayer Proof replay took 46.78ms 
39706      DEBUG main            d.u.i.k.p.r.p.TestFile    ... success: reloaded. 
39707      INFO  main            d.u.i.k.p.r.p.TestFile    Now processing file /home/runner/work/key/key/key.core/../key.ui/examples/heap/list_ghost/ArrayList_get_exceptional.key 
39708      INFO  main            d.u.i.k.p.i.AbstractProblemLoader Loading environment from /home/runner/work/key/key/key.core/../key.ui/examples/heap/list_ghost/ArrayList_get_exceptional.key 
39708      DEBUG main            d.u.i.k.p.i.AbstractProblemLoader Environment load took 248.81ns 
39709      INFO  main            d.u.i.k.p.i.AbstractProblemLoader Creating init config 
42477      DEBUG main            d.u.i.k.p.i.AbstractProblemLoader Init config took 2.77s 
42532      INFO  main            d.u.i.k.p.i.AbstractProblemLoader Replaying proof ArrayList[List::get(int)].JML exceptional_behavior operation contract.0 
42536      DEBUG main            d.u.i.k.p.i.IntermediateProofReplayer Proof replay took 7.8ns 
43240      INFO  main            d.u.i.k.p.r.p.TestFile    ... finished proof: closed. 
43546      INFO  main            d.u.i.k.p.i.AbstractProblemLoader Loading environment from /home/runner/work/key/key/key.core/../key.ui/examples/heap/list_ghost/ArrayList_get_exceptional.key.proof 
43547      DEBUG main            d.u.i.k.p.i.AbstractProblemLoader Environment load took 576.51ns 
43548      INFO  main            d.u.i.k.p.i.AbstractProblemLoader Creating init config 
46241      DEBUG main            d.u.i.k.p.i.AbstractProblemLoader Init config took 2.69s 
46287      INFO  main            d.u.i.k.p.i.AbstractProblemLoader Replaying proof ArrayList[List::get(int)].JML exceptional_behavior operation contract.0 
46407      DEBUG main            d.u.i.k.p.i.IntermediateProofReplayer Proof replay took 112.81ms 
46408      DEBUG main            d.u.i.k.p.r.p.TestFile    ... success: reloaded. 
46410      INFO  main            d.u.i.k.p.r.p.TestFile    Now processing file /home/runner/work/key/key/key.core/../key.ui/examples/heap/list_ghost/ArrayList_get_normal.key 
46410      INFO  main            d.u.i.k.p.i.AbstractProblemLoader Loading environment from /home/runner/work/key/key/key.core/../key.ui/examples/heap/list_ghost/ArrayList_get_normal.key 
46411      DEBUG main            d.u.i.k.p.i.AbstractProblemLoader Environment load took 295.41ns 
46412      INFO  main            d.u.i.k.p.i.AbstractProblemLoader Creating init config 
49129      DEBUG main            d.u.i.k.p.i.AbstractProblemLoader Init config took 2.72s 
49172      INFO  main            d.u.i.k.p.i.AbstractProblemLoader Replaying proof ArrayList[List::get(int)].JML normal_behavior operation contract.0 
49174      DEBUG main            d.u.i.k.p.i.IntermediateProofReplayer Proof replay took 7.5ns 
49478      INFO  main            d.u.i.k.p.r.p.TestFile    ... finished proof: closed. 
49669      INFO  main            d.u.i.k.p.i.AbstractProblemLoader Loading environment from /home/runner/work/key/key/key.core/../key.ui/examples/heap/list_ghost/ArrayList_get_normal.key.proof 
49670      DEBUG main            d.u.i.k.p.i.AbstractProblemLoader Environment load took 613.32ns 
49671      INFO  main            d.u.i.k.p.i.AbstractProblemLoader Creating init config 
52319      DEBUG main            d.u.i.k.p.i.AbstractProblemLoader Init config took 2.65s 
52390      INFO  main            d.u.i.k.p.i.AbstractProblemLoader Replaying proof ArrayList[List::get(int)].JML normal_behavior operation contract.0 
52437      DEBUG main            d.u.i.k.p.i.IntermediateProofReplayer Proof replay took 41.75ms 
52438      DEBUG main            d.u.i.k.p.r.p.TestFile    ... success: reloaded. 
52439      INFO  main            d.u.i.k.p.r.p.TestFile    Now processing file /home/runner/work/key/key/key.core/../key.ui/examples/heap/list_ghost/ArrayList_inv.key 
52439      INFO  main            d.u.i.k.p.i.AbstractProblemLoader Loading environment from /home/runner/work/key/key/key.core/../key.ui/examples/heap/list_ghost/ArrayList_inv.key 
52440      DEBUG main            d.u.i.k.p.i.AbstractProblemLoader Environment load took 152.2ns 
52441      INFO  main            d.u.i.k.p.i.AbstractProblemLoader Creating init config 
55147      DEBUG main            d.u.i.k.p.i.AbstractProblemLoader Init config took 2.71s 
55189      INFO  main            d.u.i.k.p.i.AbstractProblemLoader Replaying proof ArrayList[java.lang.Object::<inv>()].JML accessible clause.0 
55191      DEBUG main            d.u.i.k.p.i.IntermediateProofReplayer Proof replay took 7.4ns 
55293      INFO  main            d.u.i.k.p.r.p.TestFile    ... finished proof: closed. 
55522      INFO  main            d.u.i.k.p.i.AbstractProblemLoader Loading environment from /home/runner/work/key/key/key.core/../key.ui/examples/heap/list_ghost/ArrayList_inv.key.proof 
55522      DEBUG main            d.u.i.k.p.i.AbstractProblemLoader Environment load took 140.2ns 
55523      INFO  main            d.u.i.k.p.i.AbstractProblemLoader Creating init config 
58164      DEBUG main            d.u.i.k.p.i.AbstractProblemLoader Init config took 2.64s 
58206      INFO  main            d.u.i.k.p.i.AbstractProblemLoader Replaying proof ArrayList[java.lang.Object::<inv>()].JML accessible clause.0 
58216      DEBUG main            d.u.i.k.p.i.IntermediateProofReplayer Proof replay took 7.92ms 
58217      DEBUG main            d.u.i.k.p.r.p.TestFile    ... success: reloaded. 
58218      INFO  main            d.u.i.k.p.r.p.TestFile    Now processing file /home/runner/work/key/key/key.core/../key.ui/examples/heap/list_ghost/ArrayList_size_dep.key 
58219      INFO  main            d.u.i.k.p.i.AbstractProblemLoader Loading environment from /home/runner/work/key/key/key.core/../key.ui/examples/heap/list_ghost/ArrayList_size_dep.key 
58219      DEBUG main            d.u.i.k.p.i.AbstractProblemLoader Environment load took 108.1ns 
58220      INFO  main            d.u.i.k.p.i.AbstractProblemLoader Creating init config 
61005      DEBUG main            d.u.i.k.p.i.AbstractProblemLoader Init config took 2.79s 
61046      INFO  main            d.u.i.k.p.i.AbstractProblemLoader Replaying proof ArrayList[List::size()].JML accessible clause.0 
61048      DEBUG main            d.u.i.k.p.i.IntermediateProofReplayer Proof replay took 7.6ns 
61151      INFO  main            d.u.i.k.p.r.p.TestFile    ... finished proof: closed. 
61390      INFO  main            d.u.i.k.p.i.AbstractProblemLoader Loading environment from /home/runner/work/key/key/key.core/../key.ui/examples/heap/list_ghost/ArrayList_size_dep.key.proof 
61390      DEBUG main            d.u.i.k.p.i.AbstractProblemLoader Environment load took 144.2ns 
61391      INFO  main            d.u.i.k.p.i.AbstractProblemLoader Creating init config 
64128      DEBUG main            d.u.i.k.p.i.AbstractProblemLoader Init config took 2.74s 
64179      INFO  main            d.u.i.k.p.i.AbstractProblemLoader Replaying proof ArrayList[List::size()].JML accessible clause.0 
64193      DEBUG main            d.u.i.k.p.i.IntermediateProofReplayer Proof replay took 10.67ms 
64195      DEBUG main            d.u.i.k.p.r.p.TestFile    ... success: reloaded. 
64199      INFO  main            d.u.i.k.p.r.p.TestFile    Now processing file /home/runner/work/key/key/key.core/../key.ui/examples/heap/list_ghost/ArrayList_size.key 
64201      INFO  main            d.u.i.k.p.i.AbstractProblemLoader Loading environment from /home/runner/work/key/key/key.core/../key.ui/examples/heap/list_ghost/ArrayList_size.key 
64201      DEBUG main            d.u.i.k.p.i.AbstractProblemLoader Environment load took 212.91ns 
64203      INFO  main            d.u.i.k.p.i.AbstractProblemLoader Creating init config 
66863      DEBUG main            d.u.i.k.p.i.AbstractProblemLoader Init config took 2.66s 
66903      INFO  main            d.u.i.k.p.i.AbstractProblemLoader Replaying proof ArrayList[List::size()].JML normal_behavior operation contract.0 
66905      DEBUG main            d.u.i.k.p.i.IntermediateProofReplayer Proof replay took 8.7ns 
67008      INFO  main            d.u.i.k.p.r.p.TestFile    ... finished proof: closed. 
67210      INFO  main            d.u.i.k.p.i.AbstractProblemLoader Loading environment from /home/runner/work/key/key/key.core/../key.ui/examples/heap/list_ghost/ArrayList_size.key.proof 
67210      DEBUG main            d.u.i.k.p.i.AbstractProblemLoader Environment load took 134.6ns 
67211      INFO  main            d.u.i.k.p.i.AbstractProblemLoader Creating init config 
69871      DEBUG main            d.u.i.k.p.i.AbstractProblemLoader Init config took 2.66s 
69918      INFO  main            d.u.i.k.p.i.AbstractProblemLoader Replaying proof ArrayList[List::size()].JML normal_behavior operation contract.0 
69934      DEBUG main            d.u.i.k.p.i.IntermediateProofReplayer Proof replay took 13.09ms 
69935      DEBUG main            d.u.i.k.p.r.p.TestFile    ... success: reloaded. 
1196424    INFO  Test worker     d.u.i.k.p.r.RunAllProofsTestUnit Returning from test list_ghost 
1196426    INFO  Test worker     d.u.i.k.p.r.RunAllProofsTestUnit Running test list_recursive 
411        INFO  Timeout watchdog d.u.i.k.p.r.p.ForkedTestFileRunner Timeout watcher launched (2000 secs.) 
424        WARN  main            d.u.i.k.s.ProofSettings   The settings in /home/runner/.key/proof-settings.props are *not* read. 
480        INFO  main            d.u.i.k.p.r.p.TestFile    Now processing file /home/runner/work/key/key/key.core/../key.ui/examples/heap/list_recursiveSpec/ListOperationsNonNull_getNextNN_normal_behavior.key 
602        INFO  main            d.u.i.k.p.i.AbstractProblemLoader Loading environment from /home/runner/work/key/key/key.core/../key.ui/examples/heap/list_recursiveSpec/ListOperationsNonNull_getNextNN_normal_behavior.key 
635        DEBUG main            d.u.i.k.p.i.AbstractProblemLoader Environment load took 2.54ms 
869        INFO  main            d.u.i.k.p.i.AbstractProblemLoader Creating init config 
2004       DEBUG main            d.u.i.k.j.TypeConverter   No LDT found for Meta 
2004       DEBUG main            d.u.i.k.j.TypeConverter   No LDT found for Meta 
2007       DEBUG main            d.u.i.k.j.TypeConverter   No LDT found for Meta 
2007       DEBUG main            d.u.i.k.j.TypeConverter   No LDT found for Meta 
3378       DEBUG main            d.u.i.k.j.TypeConverter   No LDT found for JavaBigintExpression 
8616       DEBUG main            d.u.i.k.p.i.AbstractProblemLoader Init config took 7.75s 
8820       INFO  main            d.u.i.k.p.i.AbstractProblemLoader Replaying proof ListOperationsNonNull[ListOperationsNonNull::getNextNN(ListNN,int)].JML normal_behavior operation contract.0 
8858       DEBUG main            d.u.i.k.p.i.IntermediateProofReplayer Proof replay took 36.8ns 
10101      INFO  main            d.u.i.k.p.r.p.TestFile    ... finished proof: closed. 
10237      INFO  main            d.u.i.k.p.i.AbstractProblemLoader Loading environment from /home/runner/work/key/key/key.core/../key.ui/examples/heap/list_recursiveSpec/ListOperationsNonNull_getNextNN_normal_behavior.key.proof 
10243      DEBUG main            d.u.i.k.p.i.AbstractProblemLoader Environment load took 5.74ms 
10245      INFO  main            d.u.i.k.p.i.AbstractProblemLoader Creating init config 
13279      DEBUG main            d.u.i.k.p.i.AbstractProblemLoader Init config took 3.03s 
13389      INFO  main            d.u.i.k.p.i.AbstractProblemLoader Replaying proof ListOperationsNonNull[ListOperationsNonNull::getNextNN(ListNN,int)].JML normal_behavior operation contract.0 
13591      DEBUG main            d.u.i.k.p.i.IntermediateProofReplayer Proof replay took 183.69ms 
13598      DEBUG main            d.u.i.k.p.r.p.TestFile    ... success: reloaded. 
13600      INFO  main            d.u.i.k.p.r.p.TestFile    Now processing file /home/runner/work/key/key/key.core/../key.ui/examples/heap/list_recursiveSpec/ListOperationsNonNull_setValueAt_normal_behavior.key 
13601      INFO  main            d.u.i.k.p.i.AbstractProblemLoader Loading environment from /home/runner/work/key/key/key.core/../key.ui/examples/heap/list_recursiveSpec/ListOperationsNonNull_setValueAt_normal_behavior.key 
13601      DEBUG main            d.u.i.k.p.i.AbstractProblemLoader Environment load took 319.51ns 
13603      INFO  main            d.u.i.k.p.i.AbstractProblemLoader Creating init config 
16524      DEBUG main            d.u.i.k.p.i.AbstractProblemLoader Init config took 2.92s 
16586      INFO  main            d.u.i.k.p.i.AbstractProblemLoader Replaying proof ListOperationsNonNull[ListOperationsNonNull::setValueAt_NN(ListNN,int,int)].JML normal_behavior operation contract.0 
16589      DEBUG main            d.u.i.k.p.i.IntermediateProofReplayer Proof replay took 8.3ns 
16621      DEBUG main            d.u.i.k.m.s.ProofScriptEngine [1] goal: 0, source line: 51, command: 'macro autopilot' 
19318      DEBUG main            d.u.i.k.m.s.ProofScriptEngine [2] goal: 79, source line: 52, command: 'macro simp-upd' 
19324      DEBUG main            d.u.i.k.m.s.ProofScriptEngine [3] goal: 1451, source line: 53, command: 'rule observerDependencyEQ' 
19338      DEBUG main            d.u.i.k.m.s.ProofScriptEngine [4] goal: 1452, source line: 54, command: 'tryclose' 
19372      INFO  main            d.u.i.k.p.r.p.TestFile    ... finished proof: closed. 
19553      INFO  main            d.u.i.k.p.i.AbstractProblemLoader Loading environment from /home/runner/work/key/key/key.core/../key.ui/examples/heap/list_recursiveSpec/ListOperationsNonNull_setValueAt_normal_behavior.key.proof 
19554      DEBUG main            d.u.i.k.p.i.AbstractProblemLoader Environment load took 623.41ns 
19556      INFO  main            d.u.i.k.p.i.AbstractProblemLoader Creating init config 
22284      DEBUG main            d.u.i.k.p.i.AbstractProblemLoader Init config took 2.73s 
22349      INFO  main            d.u.i.k.p.i.AbstractProblemLoader Replaying proof ListOperationsNonNull[ListOperationsNonNull::setValueAt_NN(ListNN,int,int)].JML normal_behavior operation contract.0 
22475      DEBUG main            d.u.i.k.p.i.IntermediateProofReplayer Proof replay took 118.41ms 
22478      DEBUG main            d.u.i.k.p.r.p.TestFile    ... success: reloaded. 
1219068    INFO  Test worker     d.u.i.k.p.r.RunAllProofsTestUnit Returning from test list_recursive 
1219071    INFO  Test worker     d.u.i.k.p.r.RunAllProofsTestUnit Running test list_seq 
326        INFO  Timeout watchdog d.u.i.k.p.r.p.ForkedTestFileRunner Timeout watcher launched (2000 secs.) 
348        WARN  main            d.u.i.k.s.ProofSettings   The settings in /home/runner/.key/proof-settings.props are *not* read. 
379        INFO  main            d.u.i.k.p.r.p.TestFile    Now processing file /home/runner/work/key/key/key.core/../key.ui/examples/heap/list_seq/SimplifiedLinkedList.remove.key 
491        INFO  main            d.u.i.k.p.i.AbstractProblemLoader Loading environment from /home/runner/work/key/key/key.core/../key.ui/examples/heap/list_seq/SimplifiedLinkedList.remove.key 
510        DEBUG main            d.u.i.k.p.i.AbstractProblemLoader Environment load took 2.53ms 
739        INFO  main            d.u.i.k.p.i.AbstractProblemLoader Creating init config 
1721       DEBUG main            d.u.i.k.j.TypeConverter   No LDT found for Meta 
1721       DEBUG main            d.u.i.k.j.TypeConverter   No LDT found for Meta 
1723       DEBUG main            d.u.i.k.j.TypeConverter   No LDT found for Meta 
1723       DEBUG main            d.u.i.k.j.TypeConverter   No LDT found for Meta 
3342       DEBUG main            d.u.i.k.j.TypeConverter   No LDT found for JavaBigintExpression 
9083       DEBUG main            d.u.i.k.p.i.AbstractProblemLoader Init config took 8.34s 
9288       INFO  main            d.u.i.k.p.i.AbstractProblemLoader Replaying proof SimplifiedLinkedList[SimplifiedLinkedList::remove(int)].JML normal_behavior operation contract.0 
9359       DEBUG main            d.u.i.k.p.i.IntermediateProofReplayer Proof replay took 41.1ns 
78853      INFO  main            d.u.i.k.p.r.p.TestFile    ... finished proof: closed. 
79250      INFO  main            d.u.i.k.p.i.AbstractProblemLoader Loading environment from /home/runner/work/key/key/key.core/../key.ui/examples/heap/list_seq/SimplifiedLinkedList.remove.key.proof 
79251      DEBUG main            d.u.i.k.p.i.AbstractProblemLoader Environment load took 738.72ns 
79265      INFO  main            d.u.i.k.p.i.AbstractProblemLoader Creating init config 
82566      DEBUG main            d.u.i.k.p.i.AbstractProblemLoader Init config took 3.3s 
82672      INFO  main            d.u.i.k.p.i.AbstractProblemLoader Replaying proof SimplifiedLinkedList[SimplifiedLinkedList::remove(int)].JML normal_behavior operation contract.0 
83366      DEBUG main            d.u.i.k.p.i.IntermediateProofReplayer Proof replay took 327.29ms 
83378      WARN  main            d.u.i.k.p.r.p.TestFile    Replay exception de.uka.ilkd.key.proof.io.ProblemLoaderException: Error loading proof.
Line 1484, goal 1418, rule allLeft not available or not applicable in this context.
	at de.uka.ilkd.key.proof.io.IntermediateProofReplayer.reportError(IntermediateProofReplayer.java:813)
Caused by: de.uka.ilkd.key.util.parsing.BuildingException: Malformed origin string: "requires @ file:/home/runner/work/key/key/key.ui/examples/heap/list_seq/src/SimplifiedLL.java:39"
(Well-formed origins have one of the following formats: "spec_type @ file <file name> @ line <line number>")
spec_type @ node <node number> (<rule name>)")
spec_type (implicit)")
 at <unknown>:1:4
	at de.uka.ilkd.key.nparser.builder.ExpressionBuilder.visitSingle_label(ExpressionBuilder.java:932)
Caused by: de.uka.ilkd.key.logic.label.TermLabelException: Malformed origin string: "requires @ file:/home/runner/work/key/key/key.ui/examples/heap/list_seq/src/SimplifiedLL.java:39"
(Well-formed origins have one of the following formats: "spec_type @ file <file name> @ line <line number>")
spec_type @ node <node number> (<rule name>)")
spec_type (implicit)")

	at de.uka.ilkd.key.logic.label.OriginTermLabelFactory.parseOrigin(OriginTermLabelFactory.java:116)

83388      DEBUG main            d.u.i.k.p.r.p.TestFile    Exception java.lang.Exception: Exception while loading proof (see cause for details): /home/runner/work/key/key/key.core/../key.ui/examples/heap/list_seq/SimplifiedLinkedList.remove.key.proof
	at de.uka.ilkd.key.proof.runallproofs.proofcollection.TestFile.reloadProof(TestFile.java:314)
Caused by: de.uka.ilkd.key.proof.io.ProblemLoaderException: Error loading proof.
Line 1484, goal 1418, rule allLeft not available or not applicable in this context.
	at de.uka.ilkd.key.proof.io.IntermediateProofReplayer.reportError(IntermediateProofReplayer.java:813)
Caused by: de.uka.ilkd.key.util.parsing.BuildingException: Malformed origin string: "requires @ file:/home/runner/work/key/key/key.ui/examples/heap/list_seq/src/SimplifiedLL.java:39"
(Well-formed origins have one of the following formats: "spec_type @ file <file name> @ line <line number>")
spec_type @ node <node number> (<rule name>)")
spec_type (implicit)")
 at <unknown>:1:4
	at de.uka.ilkd.key.nparser.builder.ExpressionBuilder.visitSingle_label(ExpressionBuilder.java:932)
Caused by: de.uka.ilkd.key.logic.label.TermLabelException: Malformed origin string: "requires @ file:/home/runner/work/key/key/key.ui/examples/heap/list_seq/src/SimplifiedLL.java:39"
(Well-formed origins have one of the following formats: "spec_type @ file <file name> @ line <line number>")
spec_type @ node <node number> (<rule name>)")
spec_type (implicit)")

	at de.uka.ilkd.key.logic.label.OriginTermLabelFactory.parseOrigin(OriginTermLabelFactory.java:116)

83391      WARN  main            d.u.i.k.p.r.p.ForkedTestFileRunner Run failed java.lang.Exception: Exception while loading proof (see cause for details): /home/runner/work/key/key/key.core/../key.ui/examples/heap/list_seq/SimplifiedLinkedList.remove.key.proof
	at de.uka.ilkd.key.proof.runallproofs.proofcollection.TestFile.reloadProof(TestFile.java:314)
Caused by: de.uka.ilkd.key.proof.io.ProblemLoaderException: Error loading proof.
Line 1484, goal 1418, rule allLeft not available or not applicable in this context.
	at de.uka.ilkd.key.proof.io.IntermediateProofReplayer.reportError(IntermediateProofReplayer.java:813)
Caused by: de.uka.ilkd.key.util.parsing.BuildingException: Malformed origin string: "requires @ file:/home/runner/work/key/key/key.ui/examples/heap/list_seq/src/SimplifiedLL.java:39"
(Well-formed origins have one of the following formats: "spec_type @ file <file name> @ line <line number>")
spec_type @ node <node number> (<rule name>)")
spec_type (implicit)")
 at <unknown>:1:4
	at de.uka.ilkd.key.nparser.builder.ExpressionBuilder.visitSingle_label(ExpressionBuilder.java:932)
Caused by: de.uka.ilkd.key.logic.label.TermLabelException: Malformed origin string: "requires @ file:/home/runner/work/key/key/key.ui/examples/heap/list_seq/src/SimplifiedLL.java:39"
(Well-formed origins have one of the following formats: "spec_type @ file <file name> @ line <line number>")
spec_type @ node <node number> (<rule name>)")
spec_type (implicit)")

	at de.uka.ilkd.key.logic.label.OriginTermLabelFactory.parseOrigin(OriginTermLabelFactory.java:116)

83394      INFO  main            d.u.i.k.p.r.p.TestFile    Now processing file /home/runner/work/key/key/key.core/../key.ui/examples/heap/list_seq/ArrayList.ArrayList.key 
83394      INFO  main            d.u.i.k.p.i.AbstractProblemLoader Loading environment from /home/runner/work/key/key/key.core/../key.ui/examples/heap/list_seq/ArrayList.ArrayList.key 
83395      DEBUG main            d.u.i.k.p.i.AbstractProblemLoader Environment load took 283.81ns 
83398      INFO  main            d.u.i.k.p.i.AbstractProblemLoader Creating init config 
86585      DEBUG main            d.u.i.k.p.i.AbstractProblemLoader Init config took 3.19s 
86672      INFO  main            d.u.i.k.p.i.AbstractProblemLoader Replaying proof ArrayList[ArrayList::ArrayList()].JML normal_behavior operation contract.0 
86674      DEBUG main            d.u.i.k.p.i.IntermediateProofReplayer Proof replay took 8.3ns 
87586      INFO  main            d.u.i.k.p.r.p.TestFile    ... finished proof: closed. 
87768      INFO  main            d.u.i.k.p.i.AbstractProblemLoader Loading environment from /home/runner/work/key/key/key.core/../key.ui/examples/heap/list_seq/ArrayList.ArrayList.key.proof 
87770      DEBUG main            d.u.i.k.p.i.AbstractProblemLoader Environment load took 2.41ms 
87772      INFO  main            d.u.i.k.p.i.AbstractProblemLoader Creating init config 
90857      DEBUG main            d.u.i.k.p.i.AbstractProblemLoader Init config took 3.08s 
90941      INFO  main            d.u.i.k.p.i.AbstractProblemLoader Replaying proof ArrayList[ArrayList::ArrayList()].JML normal_behavior operation contract.0 
91059      DEBUG main            d.u.i.k.p.i.IntermediateProofReplayer Proof replay took 112.99ms 
91062      DEBUG main            d.u.i.k.p.r.p.TestFile    ... success: reloaded. 
91064      INFO  main            d.u.i.k.p.r.p.TestFile    Now processing file /home/runner/work/key/key/key.core/../key.ui/examples/heap/list_seq/ArrayList.add.key 
91064      INFO  main            d.u.i.k.p.i.AbstractProblemLoader Loading environment from /home/runner/work/key/key/key.core/../key.ui/examples/heap/list_seq/ArrayList.add.key 
91064      DEBUG main            d.u.i.k.p.i.AbstractProblemLoader Environment load took 243.71ns 
91066      INFO  main            d.u.i.k.p.i.AbstractProblemLoader Creating init config 
94154      DEBUG main            d.u.i.k.p.i.AbstractProblemLoader Init config took 3.09s 
94233      INFO  main            d.u.i.k.p.i.AbstractProblemLoader Replaying proof ArrayList[List::add(java.lang.Object)].JML normal_behavior operation contract.0 
94235      DEBUG main            d.u.i.k.p.i.IntermediateProofReplayer Proof replay took 8ns 
97786      INFO  main            d.u.i.k.p.r.p.TestFile    ... finished proof: closed. 
98005      INFO  main            d.u.i.k.p.i.AbstractProblemLoader Loading environment from /home/runner/work/key/key/key.core/../key.ui/examples/heap/list_seq/ArrayList.add.key.proof 
98005      DEBUG main            d.u.i.k.p.i.AbstractProblemLoader Environment load took 581.61ns 
98007      INFO  main            d.u.i.k.p.i.AbstractProblemLoader Creating init config 
101067     DEBUG main            d.u.i.k.p.i.AbstractProblemLoader Init config took 3.06s 
101163     INFO  main            d.u.i.k.p.i.AbstractProblemLoader Replaying proof ArrayList[List::add(java.lang.Object)].JML normal_behavior operation contract.0 
101480     DEBUG main            d.u.i.k.p.i.IntermediateProofReplayer Proof replay took 302.46ms 
101483     DEBUG main            d.u.i.k.p.r.p.TestFile    ... success: reloaded. 
101485     INFO  main            d.u.i.k.p.r.p.TestFile    Now processing file /home/runner/work/key/key/key.core/../key.ui/examples/heap/list_seq/ArrayList.contains.key 
101485     INFO  main            d.u.i.k.p.i.AbstractProblemLoader Loading environment from /home/runner/work/key/key/key.core/../key.ui/examples/heap/list_seq/ArrayList.contains.key 
101485     DEBUG main            d.u.i.k.p.i.AbstractProblemLoader Environment load took 248.21ns 
101487     INFO  main            d.u.i.k.p.i.AbstractProblemLoader Creating init config 
104547     DEBUG main            d.u.i.k.p.i.AbstractProblemLoader Init config took 3.06s 
104622     INFO  main            d.u.i.k.p.i.AbstractProblemLoader Replaying proof ArrayList[List::contains(java.lang.Object)].JML normal_behavior operation contract.0 
104624     DEBUG main            d.u.i.k.p.i.IntermediateProofReplayer Proof replay took 8.1ns 
106250     INFO  main            d.u.i.k.p.r.p.TestFile    ... finished proof: closed. 
106470     INFO  main            d.u.i.k.p.i.AbstractProblemLoader Loading environment from /home/runner/work/key/key/key.core/../key.ui/examples/heap/list_seq/ArrayList.contains.key.proof 
106471     DEBUG main            d.u.i.k.p.i.AbstractProblemLoader Environment load took 1.2ms 
106473     INFO  main            d.u.i.k.p.i.AbstractProblemLoader Creating init config 
109533     DEBUG main            d.u.i.k.p.i.AbstractProblemLoader Init config took 3.06s 
109614     INFO  main            d.u.i.k.p.i.AbstractProblemLoader Replaying proof ArrayList[List::contains(java.lang.Object)].JML normal_behavior operation contract.0 
109805     DEBUG main            d.u.i.k.p.i.IntermediateProofReplayer Proof replay took 181.94ms 
109806     DEBUG main            d.u.i.k.p.r.p.TestFile    ... success: reloaded. 
109807     INFO  main            d.u.i.k.p.r.p.TestFile    Now processing file /home/runner/work/key/key/key.core/../key.ui/examples/heap/list_seq/ArrayList.enlarge.key 
109808     INFO  main            d.u.i.k.p.i.AbstractProblemLoader Loading environment from /home/runner/work/key/key/key.core/../key.ui/examples/heap/list_seq/ArrayList.enlarge.key 
109808     DEBUG main            d.u.i.k.p.i.AbstractProblemLoader Environment load took 231.51ns 
109809     INFO  main            d.u.i.k.p.i.AbstractProblemLoader Creating init config 
112855     DEBUG main            d.u.i.k.p.i.AbstractProblemLoader Init config took 3.05s 
112930     INFO  main            d.u.i.k.p.i.AbstractProblemLoader Replaying proof ArrayList[ArrayList::enlarge()].JML normal_behavior operation contract.0 
112932     DEBUG main            d.u.i.k.p.i.IntermediateProofReplayer Proof replay took 7.4ns 
114948     INFO  main            d.u.i.k.p.r.p.TestFile    ... finished proof: closed. 
115175     INFO  main            d.u.i.k.p.i.AbstractProblemLoader Loading environment from /home/runner/work/key/key/key.core/../key.ui/examples/heap/list_seq/ArrayList.enlarge.key.proof 
115176     DEBUG main            d.u.i.k.p.i.AbstractProblemLoader Environment load took 655.52ns 
115178     INFO  main            d.u.i.k.p.i.AbstractProblemLoader Creating init config 
118133     DEBUG main            d.u.i.k.p.i.AbstractProblemLoader Init config took 2.96s 
118221     INFO  main            d.u.i.k.p.i.AbstractProblemLoader Replaying proof ArrayList[ArrayList::enlarge()].JML normal_behavior operation contract.0 
118454     DEBUG main            d.u.i.k.p.i.IntermediateProofReplayer Proof replay took 223.46ms 
118455     DEBUG main            d.u.i.k.p.r.p.TestFile    ... success: reloaded. 
118457     INFO  main            d.u.i.k.p.r.p.TestFile    Now processing file /home/runner/work/key/key/key.core/../key.ui/examples/heap/list_seq/ArrayList.get.key 
118457     INFO  main            d.u.i.k.p.i.AbstractProblemLoader Loading environment from /home/runner/work/key/key/key.core/../key.ui/examples/heap/list_seq/ArrayList.get.key 
118457     DEBUG main            d.u.i.k.p.i.AbstractProblemLoader Environment load took 261.21ns 
118459     INFO  main            d.u.i.k.p.i.AbstractProblemLoader Creating init config 
121464     DEBUG main            d.u.i.k.p.i.AbstractProblemLoader Init config took 3s 
121536     INFO  main            d.u.i.k.p.i.AbstractProblemLoader Replaying proof ArrayList[List::get(int)].JML normal_behavior operation contract.0 
121538     DEBUG main            d.u.i.k.p.i.IntermediateProofReplayer Proof replay took 9.7ns 
122062     INFO  main            d.u.i.k.p.r.p.TestFile    ... finished proof: closed. 
122304     INFO  main            d.u.i.k.p.i.AbstractProblemLoader Loading environment from /home/runner/work/key/key/key.core/../key.ui/examples/heap/list_seq/ArrayList.get.key.proof 
122305     DEBUG main            d.u.i.k.p.i.AbstractProblemLoader Environment load took 887.72ns 
122306     INFO  main            d.u.i.k.p.i.AbstractProblemLoader Creating init config 
125234     DEBUG main            d.u.i.k.p.i.AbstractProblemLoader Init config took 2.93s 
125305     INFO  main            d.u.i.k.p.i.AbstractProblemLoader Replaying proof ArrayList[List::get(int)].JML normal_behavior operation contract.0 
125348     DEBUG main            d.u.i.k.p.i.IntermediateProofReplayer Proof replay took 38.74ms 
125349     DEBUG main            d.u.i.k.p.r.p.TestFile    ... success: reloaded. 
125350     INFO  main            d.u.i.k.p.r.p.TestFile    Now processing file /home/runner/work/key/key/key.core/../key.ui/examples/heap/list_seq/ArrayList.newArray.key 
125351     INFO  main            d.u.i.k.p.i.AbstractProblemLoader Loading environment from /home/runner/work/key/key/key.core/../key.ui/examples/heap/list_seq/ArrayList.newArray.key 
125351     DEBUG main            d.u.i.k.p.i.AbstractProblemLoader Environment load took 160.6ns 
125352     INFO  main            d.u.i.k.p.i.AbstractProblemLoader Creating init config 
128328     DEBUG main            d.u.i.k.p.i.AbstractProblemLoader Init config took 2.98s 
128402     INFO  main            d.u.i.k.p.i.AbstractProblemLoader Replaying proof ArrayList[ArrayList::newArray(int)].JML normal_behavior operation contract.0 
128404     DEBUG main            d.u.i.k.p.i.IntermediateProofReplayer Proof replay took 7.7ns 
128707     INFO  main            d.u.i.k.p.r.p.TestFile    ... finished proof: closed. 
128968     INFO  main            d.u.i.k.p.i.AbstractProblemLoader Loading environment from /home/runner/work/key/key/key.core/../key.ui/examples/heap/list_seq/ArrayList.newArray.key.proof 
128968     DEBUG main            d.u.i.k.p.i.AbstractProblemLoader Environment load took 139.2ns 
128970     INFO  main            d.u.i.k.p.i.AbstractProblemLoader Creating init config 
131921     DEBUG main            d.u.i.k.p.i.AbstractProblemLoader Init config took 2.95s 
131993     INFO  main            d.u.i.k.p.i.AbstractProblemLoader Replaying proof ArrayList[ArrayList::newArray(int)].JML normal_behavior operation contract.0 
132037     DEBUG main            d.u.i.k.p.i.IntermediateProofReplayer Proof replay took 40.66ms 
132039     DEBUG main            d.u.i.k.p.r.p.TestFile    ... success: reloaded. 
132040     INFO  main            d.u.i.k.p.r.p.TestFile    Now processing file /home/runner/work/key/key/key.core/../key.ui/examples/heap/list_seq/ArrayList.remove.0.key 
132041     INFO  main            d.u.i.k.p.i.AbstractProblemLoader Loading environment from /home/runner/work/key/key/key.core/../key.ui/examples/heap/list_seq/ArrayList.remove.0.key 
132041     DEBUG main            d.u.i.k.p.i.AbstractProblemLoader Environment load took 250.71ns 
132042     INFO  main            d.u.i.k.p.i.AbstractProblemLoader Creating init config 
134941     DEBUG main            d.u.i.k.p.i.AbstractProblemLoader Init config took 2.9s 
135031     INFO  main            d.u.i.k.p.i.AbstractProblemLoader Replaying proof ArrayList[List::remove(java.lang.Object)].JML normal_behavior operation contract.0 
135033     DEBUG main            d.u.i.k.p.i.IntermediateProofReplayer Proof replay took 9.7ns 
136967     INFO  main            d.u.i.k.p.r.p.TestFile    ... finished proof: closed. 
137193     INFO  main            d.u.i.k.p.i.AbstractProblemLoader Loading environment from /home/runner/work/key/key/key.core/../key.ui/examples/heap/list_seq/ArrayList.remove.0.key.proof 
137194     DEBUG main            d.u.i.k.p.i.AbstractProblemLoader Environment load took 620.41ns 
137195     INFO  main            d.u.i.k.p.i.AbstractProblemLoader Creating init config 
140101     DEBUG main            d.u.i.k.p.i.AbstractProblemLoader Init config took 2.91s 
140170     INFO  main            d.u.i.k.p.i.AbstractProblemLoader Replaying proof ArrayList[List::remove(java.lang.Object)].JML normal_behavior operation contract.0 
140506     DEBUG main            d.u.i.k.p.i.IntermediateProofReplayer Proof replay took 327.81ms 
140508     DEBUG main            d.u.i.k.p.r.p.TestFile    ... success: reloaded. 
140509     INFO  main            d.u.i.k.p.r.p.TestFile    Now processing file /home/runner/work/key/key/key.core/../key.ui/examples/heap/list_seq/ArrayList.remove.1.key 
140510     INFO  main            d.u.i.k.p.i.AbstractProblemLoader Loading environment from /home/runner/work/key/key/key.core/../key.ui/examples/heap/list_seq/ArrayList.remove.1.key 
140510     DEBUG main            d.u.i.k.p.i.AbstractProblemLoader Environment load took 248.91ns 
140511     INFO  main            d.u.i.k.p.i.AbstractProblemLoader Creating init config 
143483     DEBUG main            d.u.i.k.p.i.AbstractProblemLoader Init config took 2.97s 
143574     INFO  main            d.u.i.k.p.i.AbstractProblemLoader Replaying proof ArrayList[List::remove(java.lang.Object)].JML normal_behavior operation contract.1 
143586     DEBUG main            d.u.i.k.p.i.IntermediateProofReplayer Proof replay took 7.8ns 
155314     INFO  main            d.u.i.k.p.r.p.TestFile    ... finished proof: closed. 
155618     INFO  main            d.u.i.k.p.i.AbstractProblemLoader Loading environment from /home/runner/work/key/key/key.core/../key.ui/examples/heap/list_seq/ArrayList.remove.1.key.proof 
155619     DEBUG main            d.u.i.k.p.i.AbstractProblemLoader Environment load took 566.3ns 
155622     INFO  main            d.u.i.k.p.i.AbstractProblemLoader Creating init config 
158511     DEBUG main            d.u.i.k.p.i.AbstractProblemLoader Init config took 2.89s 
158580     INFO  main            d.u.i.k.p.i.AbstractProblemLoader Replaying proof ArrayList[List::remove(java.lang.Object)].JML normal_behavior operation contract.1 
159455     DEBUG main            d.u.i.k.p.i.IntermediateProofReplayer Proof replay took 842.16ms 
159459     DEBUG main            d.u.i.k.p.r.p.TestFile    ... success: reloaded. 
1378739    INFO  Test worker     d.u.i.k.p.r.RunAllProofsTestUnit Running test observer 
352        INFO  Timeout watchdog d.u.i.k.p.r.p.ForkedTestFileRunner Timeout watcher launched (2000 secs.) 
372        WARN  main            d.u.i.k.s.ProofSettings   The settings in /home/runner/.key/proof-settings.props are *not* read. 
419        INFO  main            d.u.i.k.p.r.p.TestFile    Now processing file /home/runner/work/key/key/key.core/../key.ui/examples/heap/observer/ExampleObserver_ExampleObserver.key 
571        INFO  main            d.u.i.k.p.i.AbstractProblemLoader Loading environment from /home/runner/work/key/key/key.core/../key.ui/examples/heap/observer/ExampleObserver_ExampleObserver.key 
595        DEBUG main            d.u.i.k.p.i.AbstractProblemLoader Environment load took 6.15ms 
861        INFO  main            d.u.i.k.p.i.AbstractProblemLoader Creating init config 
1830       DEBUG main            d.u.i.k.j.TypeConverter   No LDT found for Meta 
1831       DEBUG main            d.u.i.k.j.TypeConverter   No LDT found for Meta 
1834       DEBUG main            d.u.i.k.j.TypeConverter   No LDT found for Meta 
1834       DEBUG main            d.u.i.k.j.TypeConverter   No LDT found for Meta 
3614       DEBUG main            d.u.i.k.j.TypeConverter   No LDT found for JavaBigintExpression 
8895       DEBUG main            d.u.i.k.p.i.AbstractProblemLoader Init config took 8.03s 
9083       INFO  main            d.u.i.k.p.i.AbstractProblemLoader Replaying proof ExampleObserver[ExampleObserver::ExampleObserver(ExampleSubject)].JML normal_behavior operation contract.0 
9126       DEBUG main            d.u.i.k.p.i.IntermediateProofReplayer Proof replay took 35.4ns 
10059      INFO  main            d.u.i.k.p.r.p.TestFile    ... finished proof: closed. 
10187      INFO  main            d.u.i.k.p.i.AbstractProblemLoader Loading environment from /home/runner/work/key/key/key.core/../key.ui/examples/heap/observer/ExampleObserver_ExampleObserver.key.proof 
10189      DEBUG main            d.u.i.k.p.i.AbstractProblemLoader Environment load took 2.3ms 
10193      INFO  main            d.u.i.k.p.i.AbstractProblemLoader Creating init config 
13152      DEBUG main            d.u.i.k.p.i.AbstractProblemLoader Init config took 2.96s 
13222      INFO  main            d.u.i.k.p.i.AbstractProblemLoader Replaying proof ExampleObserver[ExampleObserver::ExampleObserver(ExampleSubject)].JML normal_behavior operation contract.0 
13321      DEBUG main            d.u.i.k.p.i.IntermediateProofReplayer Proof replay took 91.83ms 
13329      DEBUG main            d.u.i.k.p.r.p.TestFile    ... success: reloaded. 
13331      INFO  main            d.u.i.k.p.r.p.TestFile    Now processing file /home/runner/work/key/key/key.core/../key.ui/examples/heap/observer/ExampleObserver_inv.key 
13332      INFO  main            d.u.i.k.p.i.AbstractProblemLoader Loading environment from /home/runner/work/key/key/key.core/../key.ui/examples/heap/observer/ExampleObserver_inv.key 
13332      DEBUG main            d.u.i.k.p.i.AbstractProblemLoader Environment load took 281.71ns 
13334      INFO  main            d.u.i.k.p.i.AbstractProblemLoader Creating init config 
16241      DEBUG main            d.u.i.k.p.i.AbstractProblemLoader Init config took 2.91s 
16310      INFO  main            d.u.i.k.p.i.AbstractProblemLoader Replaying proof ExampleObserver[java.lang.Object::<inv>()].JML accessible clause.0 
16313      DEBUG main            d.u.i.k.p.i.IntermediateProofReplayer Proof replay took 8.2ns 
16416      INFO  main            d.u.i.k.p.r.p.TestFile    ... finished proof: closed. 
16564      INFO  main            d.u.i.k.p.i.AbstractProblemLoader Loading environment from /home/runner/work/key/key/key.core/../key.ui/examples/heap/observer/ExampleObserver_inv.key.proof 
16564      DEBUG main            d.u.i.k.p.i.AbstractProblemLoader Environment load took 147.6ns 
16566      INFO  main            d.u.i.k.p.i.AbstractProblemLoader Creating init config 
19341      DEBUG main            d.u.i.k.p.i.AbstractProblemLoader Init config took 2.78s 
19431      INFO  main            d.u.i.k.p.i.AbstractProblemLoader Replaying proof ExampleObserver[java.lang.Object::<inv>()].JML accessible clause.0 
19458      DEBUG main            d.u.i.k.p.i.IntermediateProofReplayer Proof replay took 22.61ms 
19460      DEBUG main            d.u.i.k.p.r.p.TestFile    ... success: reloaded. 
19463      INFO  main            d.u.i.k.p.r.p.TestFile    Now processing file /home/runner/work/key/key/key.core/../key.ui/examples/heap/observer/ExampleObserver_subject.key 
19464      INFO  main            d.u.i.k.p.i.AbstractProblemLoader Loading environment from /home/runner/work/key/key/key.core/../key.ui/examples/heap/observer/ExampleObserver_subject.key 
19464      DEBUG main            d.u.i.k.p.i.AbstractProblemLoader Environment load took 254.51ns 
19467      INFO  main            d.u.i.k.p.i.AbstractProblemLoader Creating init config 
22219      DEBUG main            d.u.i.k.p.i.AbstractProblemLoader Init config took 2.75s 
22268      INFO  main            d.u.i.k.p.i.AbstractProblemLoader Replaying proof Observer[Observer::$subject()].JML accessible clause.0 
22271      DEBUG main            d.u.i.k.p.i.IntermediateProofReplayer Proof replay took 7.4ns 
22375      INFO  main            d.u.i.k.p.r.p.TestFile    ... finished proof: closed. 
22545      INFO  main            d.u.i.k.p.i.AbstractProblemLoader Loading environment from /home/runner/work/key/key/key.core/../key.ui/examples/heap/observer/ExampleObserver_subject.key.proof 
22545      DEBUG main            d.u.i.k.p.i.AbstractProblemLoader Environment load took 162.4ns 
22546      INFO  main            d.u.i.k.p.i.AbstractProblemLoader Creating init config 
25257      DEBUG main            d.u.i.k.p.i.AbstractProblemLoader Init config took 2.71s 
25314      INFO  main            d.u.i.k.p.i.AbstractProblemLoader Replaying proof Observer[Observer::$subject()].JML accessible clause.0 
25320      DEBUG main            d.u.i.k.p.i.IntermediateProofReplayer Proof replay took 1.74ms 
25322      DEBUG main            d.u.i.k.p.r.p.TestFile    ... success: reloaded. 
25324      INFO  main            d.u.i.k.p.r.p.TestFile    Now processing file /home/runner/work/key/key/key.core/../key.ui/examples/heap/observer/ExampleObserver_update.key 
25324      INFO  main            d.u.i.k.p.i.AbstractProblemLoader Loading environment from /home/runner/work/key/key/key.core/../key.ui/examples/heap/observer/ExampleObserver_update.key 
25324      DEBUG main            d.u.i.k.p.i.AbstractProblemLoader Environment load took 228.71ns 
25326      INFO  main            d.u.i.k.p.i.AbstractProblemLoader Creating init config 
28064      DEBUG main            d.u.i.k.p.i.AbstractProblemLoader Init config took 2.74s 
28117      INFO  main            d.u.i.k.p.i.AbstractProblemLoader Replaying proof ExampleObserver[Observer::update()].JML normal_behavior operation contract.0 
28120      DEBUG main            d.u.i.k.p.i.IntermediateProofReplayer Proof replay took 8.2ns 
28527      INFO  main            d.u.i.k.p.r.p.TestFile    ... finished proof: closed. 
28678      INFO  main            d.u.i.k.p.i.AbstractProblemLoader Loading environment from /home/runner/work/key/key/key.core/../key.ui/examples/heap/observer/ExampleObserver_update.key.proof 
28679      DEBUG main            d.u.i.k.p.i.AbstractProblemLoader Environment load took 1.28ms 
28682      INFO  main            d.u.i.k.p.i.AbstractProblemLoader Creating init config 
31364      DEBUG main            d.u.i.k.p.i.AbstractProblemLoader Init config took 2.68s 
31419      INFO  main            d.u.i.k.p.i.AbstractProblemLoader Replaying proof ExampleObserver[Observer::update()].JML normal_behavior operation contract.0 
31475      DEBUG main            d.u.i.k.p.i.IntermediateProofReplayer Proof replay took 52.45ms 
31477      DEBUG main            d.u.i.k.p.r.p.TestFile    ... success: reloaded. 
31478      INFO  main            d.u.i.k.p.r.p.TestFile    Now processing file /home/runner/work/key/key/key.core/../key.ui/examples/heap/observer/ExampleObserver_upToDate.key 
31479      INFO  main            d.u.i.k.p.i.AbstractProblemLoader Loading environment from /home/runner/work/key/key/key.core/../key.ui/examples/heap/observer/ExampleObserver_upToDate.key 
31479      DEBUG main            d.u.i.k.p.i.AbstractProblemLoader Environment load took 230.81ns 
31480      INFO  main            d.u.i.k.p.i.AbstractProblemLoader Creating init config 
34186      DEBUG main            d.u.i.k.p.i.AbstractProblemLoader Init config took 2.71s 
34233      INFO  main            d.u.i.k.p.i.AbstractProblemLoader Replaying proof ExampleObserver[Observer::$upToDate()].JML accessible clause.0 
34235      DEBUG main            d.u.i.k.p.i.IntermediateProofReplayer Proof replay took 8.7ns 
34442      INFO  main            d.u.i.k.p.r.p.TestFile    ... finished proof: closed. 
34685      INFO  main            d.u.i.k.p.i.AbstractProblemLoader Loading environment from /home/runner/work/key/key/key.core/../key.ui/examples/heap/observer/ExampleObserver_upToDate.key.proof 
34686      DEBUG main            d.u.i.k.p.i.AbstractProblemLoader Environment load took 666.22ns 
34688      INFO  main            d.u.i.k.p.i.AbstractProblemLoader Creating init config 
37390      DEBUG main            d.u.i.k.p.i.AbstractProblemLoader Init config took 2.7s 
37436      INFO  main            d.u.i.k.p.i.AbstractProblemLoader Replaying proof ExampleObserver[Observer::$upToDate()].JML accessible clause.0 
37454      DEBUG main            d.u.i.k.p.i.IntermediateProofReplayer Proof replay took 15.6ms 
37455      DEBUG main            d.u.i.k.p.r.p.TestFile    ... success: reloaded. 
37457      INFO  main            d.u.i.k.p.r.p.TestFile    Now processing file /home/runner/work/key/key/key.core/../key.ui/examples/heap/observer/ExampleObserver_value.key 
37458      INFO  main            d.u.i.k.p.i.AbstractProblemLoader Loading environment from /home/runner/work/key/key/key.core/../key.ui/examples/heap/observer/ExampleObserver_value.key 
37458      DEBUG main            d.u.i.k.p.i.AbstractProblemLoader Environment load took 129.1ns 
37459      INFO  main            d.u.i.k.p.i.AbstractProblemLoader Creating init config 
40145      DEBUG main            d.u.i.k.p.i.AbstractProblemLoader Init config took 2.69s 
40191      INFO  main            d.u.i.k.p.i.AbstractProblemLoader Replaying proof ExampleObserver[ExampleObserver::value()].JML normal_behavior operation contract.0 
40196      DEBUG main            d.u.i.k.p.i.IntermediateProofReplayer Proof replay took 9ns 
40301      INFO  main            d.u.i.k.p.r.p.TestFile    ... finished proof: closed. 
40478      INFO  main            d.u.i.k.p.i.AbstractProblemLoader Loading environment from /home/runner/work/key/key/key.core/../key.ui/examples/heap/observer/ExampleObserver_value.key.proof 
40478      DEBUG main            d.u.i.k.p.i.AbstractProblemLoader Environment load took 141.9ns 
40479      INFO  main            d.u.i.k.p.i.AbstractProblemLoader Creating init config 
43094      DEBUG main            d.u.i.k.p.i.AbstractProblemLoader Init config took 2.61s 
43140      INFO  main            d.u.i.k.p.i.AbstractProblemLoader Replaying proof ExampleObserver[ExampleObserver::value()].JML normal_behavior operation contract.0 
43158      DEBUG main            d.u.i.k.p.i.IntermediateProofReplayer Proof replay took 15.68ms 
43159      DEBUG main            d.u.i.k.p.r.p.TestFile    ... success: reloaded. 
43161      INFO  main            d.u.i.k.p.r.p.TestFile    Now processing file /home/runner/work/key/key/key.core/../key.ui/examples/heap/observer/ExampleSubject_addObserver.key 
43161      INFO  main            d.u.i.k.p.i.AbstractProblemLoader Loading environment from /home/runner/work/key/key/key.core/../key.ui/examples/heap/observer/ExampleSubject_addObserver.key 
43161      DEBUG main            d.u.i.k.p.i.AbstractProblemLoader Environment load took 105.1ns 
43162      INFO  main            d.u.i.k.p.i.AbstractProblemLoader Creating init config 
45814      DEBUG main            d.u.i.k.p.i.AbstractProblemLoader Init config took 2.65s 
45863      INFO  main            d.u.i.k.p.i.AbstractProblemLoader Replaying proof ExampleSubject[Subject::addObserver(Observer)].JML normal_behavior operation contract.0 
45865      DEBUG main            d.u.i.k.p.i.IntermediateProofReplayer Proof replay took 7.4ns 
51702      INFO  main            d.u.i.k.p.r.p.TestFile    ... finished proof: closed. 
51950      INFO  main            d.u.i.k.p.i.AbstractProblemLoader Loading environment from /home/runner/work/key/key/key.core/../key.ui/examples/heap/observer/ExampleSubject_addObserver.key.proof 
51950      DEBUG main            d.u.i.k.p.i.AbstractProblemLoader Environment load took 159ns 
51954      INFO  main            d.u.i.k.p.i.AbstractProblemLoader Creating init config 
54560      DEBUG main            d.u.i.k.p.i.AbstractProblemLoader Init config took 2.61s 
54609      INFO  main            d.u.i.k.p.i.AbstractProblemLoader Replaying proof ExampleSubject[Subject::addObserver(Observer)].JML normal_behavior operation contract.0 
55132      DEBUG main            d.u.i.k.p.i.IntermediateProofReplayer Proof replay took 501.61ms 
55134      DEBUG main            d.u.i.k.p.r.p.TestFile    ... success: reloaded. 
55136      INFO  main            d.u.i.k.p.r.p.TestFile    Now processing file /home/runner/work/key/key/key.core/../key.ui/examples/heap/observer/ExampleSubject_change.key 
55136      INFO  main            d.u.i.k.p.i.AbstractProblemLoader Loading environment from /home/runner/work/key/key/key.core/../key.ui/examples/heap/observer/ExampleSubject_change.key 
55137      DEBUG main            d.u.i.k.p.i.AbstractProblemLoader Environment load took 281.91ns 
55138      INFO  main            d.u.i.k.p.i.AbstractProblemLoader Creating init config 
57809      DEBUG main            d.u.i.k.p.i.AbstractProblemLoader Init config took 2.67s 
57856      INFO  main            d.u.i.k.p.i.AbstractProblemLoader Replaying proof ExampleSubject[ExampleSubject::change()].JML normal_behavior operation contract.0 
57858      DEBUG main            d.u.i.k.p.i.IntermediateProofReplayer Proof replay took 17.8ns 
58371      INFO  main            d.u.i.k.p.r.p.TestFile    ... finished proof: closed. 
58571      INFO  main            d.u.i.k.p.i.AbstractProblemLoader Loading environment from /home/runner/work/key/key/key.core/../key.ui/examples/heap/observer/ExampleSubject_change.key.proof 
58571      DEBUG main            d.u.i.k.p.i.AbstractProblemLoader Environment load took 176.71ns 
58575      INFO  main            d.u.i.k.p.i.AbstractProblemLoader Creating init config 
61184      DEBUG main            d.u.i.k.p.i.AbstractProblemLoader Init config took 2.61s 
61236      INFO  main            d.u.i.k.p.i.AbstractProblemLoader Replaying proof ExampleSubject[ExampleSubject::change()].JML normal_behavior operation contract.0 
61291      DEBUG main            d.u.i.k.p.i.IntermediateProofReplayer Proof replay took 50.24ms 
61293      DEBUG main            d.u.i.k.p.r.p.TestFile    ... success: reloaded. 
61294      INFO  main            d.u.i.k.p.r.p.TestFile    Now processing file /home/runner/work/key/key/key.core/../key.ui/examples/heap/observer/ExampleSubject_ExampleSubject.key 
61295      INFO  main            d.u.i.k.p.i.AbstractProblemLoader Loading environment from /home/runner/work/key/key/key.core/../key.ui/examples/heap/observer/ExampleSubject_ExampleSubject.key 
61295      DEBUG main            d.u.i.k.p.i.AbstractProblemLoader Environment load took 229.01ns 
61296      INFO  main            d.u.i.k.p.i.AbstractProblemLoader Creating init config 
63938      DEBUG main            d.u.i.k.p.i.AbstractProblemLoader Init config took 2.64s 
63983      INFO  main            d.u.i.k.p.i.AbstractProblemLoader Replaying proof ExampleSubject[ExampleSubject::ExampleSubject()].JML normal_behavior operation contract.0 
63985      DEBUG main            d.u.i.k.p.i.IntermediateProofReplayer Proof replay took 6.5ns 
65093      INFO  main            d.u.i.k.p.r.p.TestFile    ... finished proof: closed. 
65311      INFO  main            d.u.i.k.p.i.AbstractProblemLoader Loading environment from /home/runner/work/key/key/key.core/../key.ui/examples/heap/observer/ExampleSubject_ExampleSubject.key.proof 
65315      DEBUG main            d.u.i.k.p.i.AbstractProblemLoader Environment load took 4.16ms 
65317      INFO  main            d.u.i.k.p.i.AbstractProblemLoader Creating init config 
67909      DEBUG main            d.u.i.k.p.i.AbstractProblemLoader Init config took 2.59s 
67955      INFO  main            d.u.i.k.p.i.AbstractProblemLoader Replaying proof ExampleSubject[ExampleSubject::ExampleSubject()].JML normal_behavior operation contract.0 
68109      DEBUG main            d.u.i.k.p.i.IntermediateProofReplayer Proof replay took 147.64ms 
68110      DEBUG main            d.u.i.k.p.r.p.TestFile    ... success: reloaded. 
68112      INFO  main            d.u.i.k.p.r.p.TestFile    Now processing file /home/runner/work/key/key/key.core/../key.ui/examples/heap/observer/ExampleSubject_footprint.key 
68112      INFO  main            d.u.i.k.p.i.AbstractProblemLoader Loading environment from /home/runner/work/key/key/key.core/../key.ui/examples/heap/observer/ExampleSubject_footprint.key 
68113      DEBUG main            d.u.i.k.p.i.AbstractProblemLoader Environment load took 244.31ns 
68114      INFO  main            d.u.i.k.p.i.AbstractProblemLoader Creating init config 
70787      DEBUG main            d.u.i.k.p.i.AbstractProblemLoader Init config took 2.67s 
70831      INFO  main            d.u.i.k.p.i.AbstractProblemLoader Replaying proof ExampleSubject[Subject::$footprint()].JML accessible clause.0 
70833      DEBUG main            d.u.i.k.p.i.IntermediateProofReplayer Proof replay took 7.7ns 
70937      INFO  main            d.u.i.k.p.r.p.TestFile    ... finished proof: closed. 
71147      INFO  main            d.u.i.k.p.i.AbstractProblemLoader Loading environment from /home/runner/work/key/key/key.core/../key.ui/examples/heap/observer/ExampleSubject_footprint.key.proof 
71147      DEBUG main            d.u.i.k.p.i.AbstractProblemLoader Environment load took 143.8ns 
71149      INFO  main            d.u.i.k.p.i.AbstractProblemLoader Creating init config 
73795      DEBUG main            d.u.i.k.p.i.AbstractProblemLoader Init config took 2.65s 
73842      INFO  main            d.u.i.k.p.i.AbstractProblemLoader Replaying proof ExampleSubject[Subject::$footprint()].JML accessible clause.0 
73860      DEBUG main            d.u.i.k.p.i.IntermediateProofReplayer Proof replay took 12.08ms 
73862      DEBUG main            d.u.i.k.p.r.p.TestFile    ... success: reloaded. 
73864      INFO  main            d.u.i.k.p.r.p.TestFile    Now processing file /home/runner/work/key/key/key.core/../key.ui/examples/heap/observer/ExampleSubject_inv.key 
73865      INFO  main            d.u.i.k.p.i.AbstractProblemLoader Loading environment from /home/runner/work/key/key/key.core/../key.ui/examples/heap/observer/ExampleSubject_inv.key 
73865      DEBUG main            d.u.i.k.p.i.AbstractProblemLoader Environment load took 274.41ns 
73866      INFO  main            d.u.i.k.p.i.AbstractProblemLoader Creating init config 
76542      DEBUG main            d.u.i.k.p.i.AbstractProblemLoader Init config took 2.68s 
76587      INFO  main            d.u.i.k.p.i.AbstractProblemLoader Replaying proof ExampleSubject[java.lang.Object::<inv>()].JML accessible clause.0 
76589      DEBUG main            d.u.i.k.p.i.IntermediateProofReplayer Proof replay took 7.6ns 
77800      INFO  main            d.u.i.k.p.r.p.TestFile    ... finished proof: closed. 
78053      INFO  main            d.u.i.k.p.i.AbstractProblemLoader Loading environment from /home/runner/work/key/key/key.core/../key.ui/examples/heap/observer/ExampleSubject_inv.key.proof 
78053      DEBUG main            d.u.i.k.p.i.AbstractProblemLoader Environment load took 160.5ns 
78054      INFO  main            d.u.i.k.p.i.AbstractProblemLoader Creating init config 
80642      DEBUG main            d.u.i.k.p.i.AbstractProblemLoader Init config took 2.59s 
80692      INFO  main            d.u.i.k.p.i.AbstractProblemLoader Replaying proof ExampleSubject[java.lang.Object::<inv>()].JML accessible clause.0 
80760      DEBUG main            d.u.i.k.p.i.IntermediateProofReplayer Proof replay took 62.01ms 
80761      DEBUG main            d.u.i.k.p.r.p.TestFile    ... success: reloaded. 
80763      INFO  main            d.u.i.k.p.r.p.TestFile    Now processing file /home/runner/work/key/key/key.core/../key.ui/examples/heap/observer/ExampleSubject_notifyObservers.key 
80763      INFO  main            d.u.i.k.p.i.AbstractProblemLoader Loading environment from /home/runner/work/key/key/key.core/../key.ui/examples/heap/observer/ExampleSubject_notifyObservers.key 
80764      DEBUG main            d.u.i.k.p.i.AbstractProblemLoader Environment load took 246.91ns 
80765      INFO  main            d.u.i.k.p.i.AbstractProblemLoader Creating init config 
83389      DEBUG main            d.u.i.k.p.i.AbstractProblemLoader Init config took 2.62s 
83436      INFO  main            d.u.i.k.p.i.AbstractProblemLoader Replaying proof Subject[Subject::notifyObservers()].JML normal_behavior operation contract.0 
83438      DEBUG main            d.u.i.k.p.i.IntermediateProofReplayer Proof replay took 6.7ns 
83540      INFO  main            d.u.i.k.p.r.p.TestFile    ... finished proof: closed. 
83760      INFO  main            d.u.i.k.p.i.AbstractProblemLoader Loading environment from /home/runner/work/key/key/key.core/../key.ui/examples/heap/observer/ExampleSubject_notifyObservers.key.proof 
83760      DEBUG main            d.u.i.k.p.i.AbstractProblemLoader Environment load took 168.5ns 
83761      INFO  main            d.u.i.k.p.i.AbstractProblemLoader Creating init config 
86314      DEBUG main            d.u.i.k.p.i.AbstractProblemLoader Init config took 2.55s 
86377      INFO  main            d.u.i.k.p.i.AbstractProblemLoader Replaying proof Subject[Subject::notifyObservers()].JML normal_behavior operation contract.0 
86381      DEBUG main            d.u.i.k.p.i.IntermediateProofReplayer Proof replay took 2.27ms 
86382      DEBUG main            d.u.i.k.p.r.p.TestFile    ... success: reloaded. 
86383      INFO  main            d.u.i.k.p.r.p.TestFile    Now processing file /home/runner/work/key/key/key.core/../key.ui/examples/heap/observer/ExampleSubject_value_dep.key 
86383      INFO  main            d.u.i.k.p.i.AbstractProblemLoader Loading environment from /home/runner/work/key/key/key.core/../key.ui/examples/heap/observer/ExampleSubject_value_dep.key 
86383      DEBUG main            d.u.i.k.p.i.AbstractProblemLoader Environment load took 109.7ns 
86384      INFO  main            d.u.i.k.p.i.AbstractProblemLoader Creating init config 
89008      DEBUG main            d.u.i.k.p.i.AbstractProblemLoader Init config took 2.62s 
89050      INFO  main            d.u.i.k.p.i.AbstractProblemLoader Replaying proof ExampleSubject[ExampleSubject::value()].JML accessible clause.0 
89052      DEBUG main            d.u.i.k.p.i.IntermediateProofReplayer Proof replay took 6.2ns 
89154      INFO  main            d.u.i.k.p.r.p.TestFile    ... finished proof: closed. 
89425      INFO  main            d.u.i.k.p.i.AbstractProblemLoader Loading environment from /home/runner/work/key/key/key.core/../key.ui/examples/heap/observer/ExampleSubject_value_dep.key.proof 
89425      DEBUG main            d.u.i.k.p.i.AbstractProblemLoader Environment load took 140.2ns 
89426      INFO  main            d.u.i.k.p.i.AbstractProblemLoader Creating init config 
91972      DEBUG main            d.u.i.k.p.i.AbstractProblemLoader Init config took 2.55s 
92017      INFO  main            d.u.i.k.p.i.AbstractProblemLoader Replaying proof ExampleSubject[ExampleSubject::value()].JML accessible clause.0 
92034      DEBUG main            d.u.i.k.p.i.IntermediateProofReplayer Proof replay took 14.76ms 
92040      DEBUG main            d.u.i.k.p.r.p.TestFile    ... success: reloaded. 
92041      INFO  main            d.u.i.k.p.r.p.TestFile    Now processing file /home/runner/work/key/key/key.core/../key.ui/examples/heap/observer/ExampleSubject_value.key 
92042      INFO  main            d.u.i.k.p.i.AbstractProblemLoader Loading environment from /home/runner/work/key/key/key.core/../key.ui/examples/heap/observer/ExampleSubject_value.key 
92042      DEBUG main            d.u.i.k.p.i.AbstractProblemLoader Environment load took 146.8ns 
92043      INFO  main            d.u.i.k.p.i.AbstractProblemLoader Creating init config 
94653      DEBUG main            d.u.i.k.p.i.AbstractProblemLoader Init config took 2.61s 
94728      INFO  main            d.u.i.k.p.i.AbstractProblemLoader Replaying proof ExampleSubject[ExampleSubject::value()].JML normal_behavior operation contract.0 
94729      DEBUG main            d.u.i.k.p.i.IntermediateProofReplayer Proof replay took 7.3ns 
94832      INFO  main            d.u.i.k.p.r.p.TestFile    ... finished proof: closed. 
95064      INFO  main            d.u.i.k.p.i.AbstractProblemLoader Loading environment from /home/runner/work/key/key/key.core/../key.ui/examples/heap/observer/ExampleSubject_value.key.proof 
95064      DEBUG main            d.u.i.k.p.i.AbstractProblemLoader Environment load took 141.9ns 
95065      INFO  main            d.u.i.k.p.i.AbstractProblemLoader Creating init config 
97624      DEBUG main            d.u.i.k.p.i.AbstractProblemLoader Init config took 2.56s 
97666      INFO  main            d.u.i.k.p.i.AbstractProblemLoader Replaying proof ExampleSubject[ExampleSubject::value()].JML normal_behavior operation contract.0 
97682      DEBUG main            d.u.i.k.p.i.IntermediateProofReplayer Proof replay took 14.8ms 
97683      DEBUG main            d.u.i.k.p.r.p.TestFile    ... success: reloaded. 
1476615    INFO  Test worker     d.u.i.k.p.r.RunAllProofsTestUnit Returning from test observer 
1476617    INFO  Test worker     d.u.i.k.p.r.RunAllProofsTestUnit Running test removeDups 
347        INFO  Timeout watchdog d.u.i.k.p.r.p.ForkedTestFileRunner Timeout watcher launched (2000 secs.) 
358        WARN  main            d.u.i.k.s.ProofSettings   The settings in /home/runner/.key/proof-settings.props are *not* read. 
386        INFO  main            d.u.i.k.p.r.p.TestFile    Now processing file /home/runner/work/key/key/key.core/../key.ui/examples/heap/removeDups/arrayPart.key 
493        INFO  main            d.u.i.k.p.i.AbstractProblemLoader Loading environment from /home/runner/work/key/key/key.core/../key.ui/examples/heap/removeDups/arrayPart.key 
519        DEBUG main            d.u.i.k.p.i.AbstractProblemLoader Environment load took 2.3ms 
757        INFO  main            d.u.i.k.p.i.AbstractProblemLoader Creating init config 
1694       DEBUG main            d.u.i.k.j.TypeConverter   No LDT found for Meta 
1695       DEBUG main            d.u.i.k.j.TypeConverter   No LDT found for Meta 
1696       DEBUG main            d.u.i.k.j.TypeConverter   No LDT found for Meta 
1696       DEBUG main            d.u.i.k.j.TypeConverter   No LDT found for Meta 
2872       DEBUG main            d.u.i.k.j.TypeConverter   No LDT found for JavaBigintExpression 
8508       DEBUG main            d.u.i.k.p.i.AbstractProblemLoader Init config took 7.75s 
8631       INFO  main            d.u.i.k.p.i.AbstractProblemLoader Replaying proof RemoveDup[RemoveDup::arrayPart([I,int)].JML normal_behavior operation contract.0 
8665       DEBUG main            d.u.i.k.p.i.IntermediateProofReplayer Proof replay took 36.7ns 
11485      INFO  main            d.u.i.k.p.r.p.TestFile    ... finished proof: closed. 
11666      INFO  main            d.u.i.k.p.i.AbstractProblemLoader Loading environment from /home/runner/work/key/key/key.core/../key.ui/examples/heap/removeDups/arrayPart.key.proof 
11666      DEBUG main            d.u.i.k.p.i.AbstractProblemLoader Environment load took 211.71ns 
11669      INFO  main            d.u.i.k.p.i.AbstractProblemLoader Creating init config 
14600      DEBUG main            d.u.i.k.p.i.AbstractProblemLoader Init config took 2.93s 
14677      INFO  main            d.u.i.k.p.i.AbstractProblemLoader Replaying proof RemoveDup[RemoveDup::arrayPart([I,int)].JML normal_behavior operation contract.0 
15052      DEBUG main            d.u.i.k.p.i.IntermediateProofReplayer Proof replay took 356.33ms 
15061      DEBUG main            d.u.i.k.p.r.p.TestFile    ... success: reloaded. 
15065      INFO  main            d.u.i.k.p.r.p.TestFile    Now processing file /home/runner/work/key/key/key.core/../key.ui/examples/heap/removeDups/contains.key 
15066      INFO  main            d.u.i.k.p.i.AbstractProblemLoader Loading environment from /home/runner/work/key/key/key.core/../key.ui/examples/heap/removeDups/contains.key 
15066      DEBUG main            d.u.i.k.p.i.AbstractProblemLoader Environment load took 147.5ns 
15069      INFO  main            d.u.i.k.p.i.AbstractProblemLoader Creating init config 
17973      DEBUG main            d.u.i.k.p.i.AbstractProblemLoader Init config took 2.9s 
18042      INFO  main            d.u.i.k.p.i.AbstractProblemLoader Replaying proof RemoveDup[RemoveDup::contains([I,int,int)].JML normal_behavior operation contract.0 
18045      DEBUG main            d.u.i.k.p.i.IntermediateProofReplayer Proof replay took 9.1ns 
18550      INFO  main            d.u.i.k.p.r.p.TestFile    ... finished proof: closed. 
18776      INFO  main            d.u.i.k.p.i.AbstractProblemLoader Loading environment from /home/runner/work/key/key/key.core/../key.ui/examples/heap/removeDups/contains.key.proof 
18778      DEBUG main            d.u.i.k.p.i.AbstractProblemLoader Environment load took 1.78ms 
18780      INFO  main            d.u.i.k.p.i.AbstractProblemLoader Creating init config 
21508      DEBUG main            d.u.i.k.p.i.AbstractProblemLoader Init config took 2.73s 
21558      INFO  main            d.u.i.k.p.i.AbstractProblemLoader Replaying proof RemoveDup[RemoveDup::contains([I,int,int)].JML normal_behavior operation contract.0 
21644      DEBUG main            d.u.i.k.p.i.IntermediateProofReplayer Proof replay took 80.2ms 
21645      DEBUG main            d.u.i.k.p.r.p.TestFile    ... success: reloaded. 
21646      INFO  main            d.u.i.k.p.r.p.TestFile    Now processing file /home/runner/work/key/key/key.core/../key.ui/examples/heap/removeDups/removeDup.key 
21647      INFO  main            d.u.i.k.p.i.AbstractProblemLoader Loading environment from /home/runner/work/key/key/key.core/../key.ui/examples/heap/removeDups/removeDup.key 
21647      DEBUG main            d.u.i.k.p.i.AbstractProblemLoader Environment load took 240.91ns 
21648      INFO  main            d.u.i.k.p.i.AbstractProblemLoader Creating init config 
24307      DEBUG main            d.u.i.k.p.i.AbstractProblemLoader Init config took 2.66s 
24356      INFO  main            d.u.i.k.p.i.AbstractProblemLoader Replaying proof RemoveDup[RemoveDup::removeDup([I)].JML normal_behavior operation contract.0 
24358      DEBUG main            d.u.i.k.p.i.IntermediateProofReplayer Proof replay took 7.7ns 
45424      INFO  main            d.u.i.k.p.r.p.TestFile    ... finished proof: closed. 
45702      INFO  main            d.u.i.k.p.i.AbstractProblemLoader Loading environment from /home/runner/work/key/key/key.core/../key.ui/examples/heap/removeDups/removeDup.key.proof 
45702      DEBUG main            d.u.i.k.p.i.AbstractProblemLoader Environment load took 562.11ns 
45713      INFO  main            d.u.i.k.p.i.AbstractProblemLoader Creating init config 
48371      DEBUG main            d.u.i.k.p.i.AbstractProblemLoader Init config took 2.66s 
48419      INFO  main            d.u.i.k.p.i.AbstractProblemLoader Replaying proof RemoveDup[RemoveDup::removeDup([I)].JML normal_behavior operation contract.0 
49714      DEBUG main            d.u.i.k.p.i.IntermediateProofReplayer Proof replay took 1.24s 
49718      DEBUG main            d.u.i.k.p.r.p.TestFile    ... success: reloaded. 
49719      INFO  main            d.u.i.k.p.r.p.TestFile    Now processing file /home/runner/work/key/key/key.core/../key.ui/examples/heap/saddleback_search/Saddleback_search.key 
49720      INFO  main            d.u.i.k.p.i.AbstractProblemLoader Loading environment from /home/runner/work/key/key/key.core/../key.ui/examples/heap/saddleback_search/Saddleback_search.key 
49720      DEBUG main            d.u.i.k.p.i.AbstractProblemLoader Environment load took 252.01ns 
49734      INFO  main            d.u.i.k.p.i.AbstractProblemLoader Creating init config 
52561      DEBUG main            d.u.i.k.p.i.AbstractProblemLoader Init config took 2.83s 
52610      INFO  main            d.u.i.k.p.i.AbstractProblemLoader Replaying proof Saddleback[Saddleback::search([[I,int)].JML normal_behavior operation contract.0 
52621      DEBUG main            d.u.i.k.p.i.IntermediateProofReplayer Proof replay took 9.7ns 
130750     INFO  main            d.u.i.k.p.r.p.TestFile    ... finished proof: closed. 
131168     INFO  main            d.u.i.k.p.i.AbstractProblemLoader Loading environment from /home/runner/work/key/key/key.core/../key.ui/examples/heap/saddleback_search/Saddleback_search.key.proof 
131168     DEBUG main            d.u.i.k.p.i.AbstractProblemLoader Environment load took 622.92ns 
131180     INFO  main            d.u.i.k.p.i.AbstractProblemLoader Creating init config 
133719     DEBUG main            d.u.i.k.p.i.AbstractProblemLoader Init config took 2.54s 
133784     INFO  main            d.u.i.k.p.i.AbstractProblemLoader Replaying proof Saddleback[Saddleback::search([[I,int)].JML normal_behavior operation contract.0 
135422     DEBUG main            d.u.i.k.p.i.IntermediateProofReplayer Proof replay took 1.49s 
135432     DEBUG main            d.u.i.k.p.r.p.TestFile    ... success: reloaded. 
1612237    INFO  Test worker     d.u.i.k.p.r.RunAllProofsTestUnit Returning from test removeDups 
1612238    INFO  Test worker     d.u.i.k.p.r.RunAllProofsTestUnit Running test quicksort 
365        INFO  Timeout watchdog d.u.i.k.p.r.p.ForkedTestFileRunner Timeout watcher launched (2000 secs.) 
374        WARN  main            d.u.i.k.s.ProofSettings   The settings in /home/runner/.key/proof-settings.props are *not* read. 
403        INFO  main            d.u.i.k.p.r.p.TestFile    Now processing file /home/runner/work/key/key/key.core/../key.ui/examples/heap/quicksort/toplevel.key 
511        INFO  main            d.u.i.k.p.i.AbstractProblemLoader Loading environment from /home/runner/work/key/key/key.core/../key.ui/examples/heap/quicksort/toplevel.key 
535        DEBUG main            d.u.i.k.p.i.AbstractProblemLoader Environment load took 2.19ms 
784        INFO  main            d.u.i.k.p.i.AbstractProblemLoader Creating init config 
1739       DEBUG main            d.u.i.k.j.TypeConverter   No LDT found for Meta 
1739       DEBUG main            d.u.i.k.j.TypeConverter   No LDT found for Meta 
1740       DEBUG main            d.u.i.k.j.TypeConverter   No LDT found for Meta 
1740       DEBUG main            d.u.i.k.j.TypeConverter   No LDT found for Meta 
3041       DEBUG main            d.u.i.k.j.TypeConverter   No LDT found for JavaBigintExpression 
8257       DEBUG main            d.u.i.k.p.i.AbstractProblemLoader Init config took 7.47s 
8450       INFO  main            d.u.i.k.p.i.AbstractProblemLoader Replaying proof Quicksort[Quicksort::sort([I)].JML normal_behavior operation contract.0 
8488       DEBUG main            d.u.i.k.p.i.IntermediateProofReplayer Proof replay took 35.7ns 
9729       INFO  main            d.u.i.k.p.r.p.TestFile    ... finished proof: closed. 
9928       INFO  main            d.u.i.k.p.i.AbstractProblemLoader Loading environment from /home/runner/work/key/key/key.core/../key.ui/examples/heap/quicksort/toplevel.key.proof 
9930       DEBUG main            d.u.i.k.p.i.AbstractProblemLoader Environment load took 2.03ms 
9937       INFO  main            d.u.i.k.p.i.AbstractProblemLoader Creating init config 
13062      DEBUG main            d.u.i.k.p.i.AbstractProblemLoader Init config took 3.12s 
13150      INFO  main            d.u.i.k.p.i.AbstractProblemLoader Replaying proof Quicksort[Quicksort::sort([I)].JML normal_behavior operation contract.0 
13361      DEBUG main            d.u.i.k.p.i.IntermediateProofReplayer Proof replay took 192.73ms 
13370      DEBUG main            d.u.i.k.p.r.p.TestFile    ... success: reloaded. 
13374      INFO  main            d.u.i.k.p.r.p.TestFile    Now processing file /home/runner/work/key/key/key.core/../key.ui/examples/heap/quicksort/sort.key 
13375      INFO  main            d.u.i.k.p.i.AbstractProblemLoader Loading environment from /home/runner/work/key/key/key.core/../key.ui/examples/heap/quicksort/sort.key 
13375      DEBUG main            d.u.i.k.p.i.AbstractProblemLoader Environment load took 137.9ns 
13379      INFO  main            d.u.i.k.p.i.AbstractProblemLoader Creating init config 
16408      DEBUG main            d.u.i.k.p.i.AbstractProblemLoader Init config took 3.03s 
16474      INFO  main            d.u.i.k.p.i.AbstractProblemLoader Replaying proof Quicksort[Quicksort::sort([I,int,int)].JML normal_behavior operation contract.0 
16483      DEBUG main            d.u.i.k.p.i.IntermediateProofReplayer Proof replay took 8.6ns 
16520      DEBUG main            d.u.i.k.m.s.ProofScriptEngine [1] goal: 0, source line: 7, command: 'script 'sort.script'' 
16521      INFO  main            d.u.i.k.m.s.ProofScriptCommand Included script /home/runner/work/key/key/key.core/../key.ui/examples/heap/quicksort/sort.script 
16523      DEBUG main            d.u.i.k.m.s.ProofScriptEngine [1] goal: 0, source line: 1, command: 'macro autopilot-prep' 
17753      DEBUG main            d.u.i.k.m.s.ProofScriptEngine [2] goal: 358, source line: 3, command: 'select formula="{heapAtPre:=heap || exc:=null || heap:=heapAfter_sort_0}
   seq ...' 
17755      DEBUG main            d.u.i.k.m.s.ProofScriptEngine [3] goal: 358, source line: 9, command: 'macro simp-upd' 
17767      DEBUG main            d.u.i.k.m.s.ProofScriptEngine [4] goal: 369, source line: 11, command: 'let   @seqPre="seqDef{int u;}(0, array.length, array[u])"
    @seqSplit="seqDef ...' 
17774      DEBUG main            d.u.i.k.m.s.ProofScriptEngine [5] goal: 369, source line: 16, command: 'rule seqPermSym 
  formula="seqPerm(@seqSplit, @seqPre)"' 
17792      DEBUG main            d.u.i.k.m.s.ProofScriptEngine [6] goal: 370, source line: 19, command: 'rule seqPermSym
  formula="seqPerm(@seqSort, @seqSplit)"' 
17795      DEBUG main            d.u.i.k.m.s.ProofScriptEngine [7] goal: 371, source line: 22, command: 'rule seqPermSym
  formula="seqPerm(@seqSort0, @seqSort)"' 
17797      DEBUG main            d.u.i.k.m.s.ProofScriptEngine [8] goal: 372, source line: 25, command: 'rule seqPermTrans
  formula="seqPerm(@seqPre, @seqSplit)"' 
17798      DEBUG main            d.u.i.k.m.s.ProofScriptEngine [9] goal: 373, source line: 28, command: 'rule seqPermTrans
  formula="seqPerm(@seqPre, @seqSort)"' 
17799      DEBUG main            d.u.i.k.m.s.ProofScriptEngine [10] goal: 374, source line: 31, command: 'rule seqPermSym
  formula="seqPerm(@seqPre, @seqSort0)"' 
17801      DEBUG main            d.u.i.k.m.s.ProofScriptEngine [11] goal: 375, source line: 34, command: 'tryclose' 
44497      INFO  main            d.u.i.k.p.r.p.TestFile    ... finished proof: closed. 
44822      INFO  main            d.u.i.k.p.i.AbstractProblemLoader Loading environment from /home/runner/work/key/key/key.core/../key.ui/examples/heap/quicksort/sort.key.proof 
44823      DEBUG main            d.u.i.k.p.i.AbstractProblemLoader Environment load took 647.32ns 
44835      INFO  main            d.u.i.k.p.i.AbstractProblemLoader Creating init config 
47744      DEBUG main            d.u.i.k.p.i.AbstractProblemLoader Init config took 2.91s 
47808      INFO  main            d.u.i.k.p.i.AbstractProblemLoader Replaying proof Quicksort[Quicksort::sort([I,int,int)].JML normal_behavior operation contract.0 
49188      DEBUG main            d.u.i.k.p.i.IntermediateProofReplayer Proof replay took 1.26s 
49195      WARN  main            d.u.i.k.p.r.p.TestFile    Replay exception de.uka.ilkd.key.proof.io.ProblemLoaderException: Error loading proof.
Line 3526, goal 3454, rule allLeft not available or not applicable in this context.
	at de.uka.ilkd.key.proof.io.IntermediateProofReplayer.reportError(IntermediateProofReplayer.java:813)
Caused by: de.uka.ilkd.key.util.parsing.BuildingException: Malformed origin string: "requires @ file:/home/runner/work/key/key/key.ui/examples/heap/quicksort/Quicksort.java:49"
(Well-formed origins have one of the following formats: "spec_type @ file <file name> @ line <line number>")
spec_type @ node <node number> (<rule name>)")
spec_type (implicit)")
 at <unknown>:1:5
	at de.uka.ilkd.key.nparser.builder.ExpressionBuilder.visitSingle_label(ExpressionBuilder.java:932)
Caused by: de.uka.ilkd.key.logic.label.TermLabelException: Malformed origin string: "requires @ file:/home/runner/work/key/key/key.ui/examples/heap/quicksort/Quicksort.java:49"
(Well-formed origins have one of the following formats: "spec_type @ file <file name> @ line <line number>")
spec_type @ node <node number> (<rule name>)")
spec_type (implicit)")

	at de.uka.ilkd.key.logic.label.OriginTermLabelFactory.parseOrigin(OriginTermLabelFactory.java:116)

49200      WARN  main            d.u.i.k.p.r.p.TestFile    Replay exception de.uka.ilkd.key.proof.io.ProblemLoaderException: Error loading proof.
Line 4724, goal 4100, rule allLeft not available or not applicable in this context.
	at de.uka.ilkd.key.proof.io.IntermediateProofReplayer.reportError(IntermediateProofReplayer.java:813)
Caused by: de.uka.ilkd.key.util.parsing.BuildingException: Malformed origin string: "requires @ file:/home/runner/work/key/key/key.ui/examples/heap/quicksort/Quicksort.java:49"
(Well-formed origins have one of the following formats: "spec_type @ file <file name> @ line <line number>")
spec_type @ node <node number> (<rule name>)")
spec_type (implicit)")
 at <unknown>:1:5
	at de.uka.ilkd.key.nparser.builder.ExpressionBuilder.visitSingle_label(ExpressionBuilder.java:932)
Caused by: de.uka.ilkd.key.logic.label.TermLabelException: Malformed origin string: "requires @ file:/home/runner/work/key/key/key.ui/examples/heap/quicksort/Quicksort.java:49"
(Well-formed origins have one of the following formats: "spec_type @ file <file name> @ line <line number>")
spec_type @ node <node number> (<rule name>)")
spec_type (implicit)")

	at de.uka.ilkd.key.logic.label.OriginTermLabelFactory.parseOrigin(OriginTermLabelFactory.java:116)

49202      WARN  main            d.u.i.k.p.r.p.TestFile    Replay exception de.uka.ilkd.key.proof.io.ProblemLoaderException: Error loading proof.
Line 5873, goal 4830, rule allLeft not available or not applicable in this context.
	at de.uka.ilkd.key.proof.io.IntermediateProofReplayer.reportError(IntermediateProofReplayer.java:813)
Caused by: de.uka.ilkd.key.util.parsing.BuildingException: Malformed origin string: "requires @ file:/home/runner/work/key/key/key.ui/examples/heap/quicksort/Quicksort.java:49"
(Well-formed origins have one of the following formats: "spec_type @ file <file name> @ line <line number>")
spec_type @ node <node number> (<rule name>)")
spec_type (implicit)")
 at <unknown>:1:5
	at de.uka.ilkd.key.nparser.builder.ExpressionBuilder.visitSingle_label(ExpressionBuilder.java:932)
Caused by: de.uka.ilkd.key.logic.label.TermLabelException: Malformed origin string: "requires @ file:/home/runner/work/key/key/key.ui/examples/heap/quicksort/Quicksort.java:49"
(Well-formed origins have one of the following formats: "spec_type @ file <file name> @ line <line number>")
spec_type @ node <node number> (<rule name>)")
spec_type (implicit)")

	at de.uka.ilkd.key.logic.label.OriginTermLabelFactory.parseOrigin(OriginTermLabelFactory.java:116)

49203      WARN  main            d.u.i.k.p.r.p.TestFile    Replay exception de.uka.ilkd.key.proof.io.ProblemLoaderException: Error loading proof.
Line 6260, goal 4880, rule allLeft not available or not applicable in this context.
	at de.uka.ilkd.key.proof.io.IntermediateProofReplayer.reportError(IntermediateProofReplayer.java:813)
Caused by: de.uka.ilkd.key.util.parsing.BuildingException: Malformed origin string: "requires @ file:/home/runner/work/key/key/key.ui/examples/heap/quicksort/Quicksort.java:49"
(Well-formed origins have one of the following formats: "spec_type @ file <file name> @ line <line number>")
spec_type @ node <node number> (<rule name>)")
spec_type (implicit)")
 at <unknown>:1:5
	at de.uka.ilkd.key.nparser.builder.ExpressionBuilder.visitSingle_label(ExpressionBuilder.java:932)
Caused by: de.uka.ilkd.key.logic.label.TermLabelException: Malformed origin string: "requires @ file:/home/runner/work/key/key/key.ui/examples/heap/quicksort/Quicksort.java:49"
(Well-formed origins have one of the following formats: "spec_type @ file <file name> @ line <line number>")
spec_type @ node <node number> (<rule name>)")
spec_type (implicit)")

	at de.uka.ilkd.key.logic.label.OriginTermLabelFactory.parseOrigin(OriginTermLabelFactory.java:116)

49204      WARN  main            d.u.i.k.p.r.p.TestFile    Replay exception de.uka.ilkd.key.proof.io.ProblemLoaderException: Error loading proof.
Line 8283, goal 6491, rule allLeft not available or not applicable in this context.
	at de.uka.ilkd.key.proof.io.IntermediateProofReplayer.reportError(IntermediateProofReplayer.java:813)
Caused by: de.uka.ilkd.key.util.parsing.BuildingException: Malformed origin string: "requires @ file:/home/runner/work/key/key/key.ui/examples/heap/quicksort/Quicksort.java:49"
(Well-formed origins have one of the following formats: "spec_type @ file <file name> @ line <line number>")
spec_type @ node <node number> (<rule name>)")
spec_type (implicit)")
 at <unknown>:1:5
	at de.uka.ilkd.key.nparser.builder.ExpressionBuilder.visitSingle_label(ExpressionBuilder.java:932)
Caused by: de.uka.ilkd.key.logic.label.TermLabelException: Malformed origin string: "requires @ file:/home/runner/work/key/key/key.ui/examples/heap/quicksort/Quicksort.java:49"
(Well-formed origins have one of the following formats: "spec_type @ file <file name> @ line <line number>")
spec_type @ node <node number> (<rule name>)")
spec_type (implicit)")

	at de.uka.ilkd.key.logic.label.OriginTermLabelFactory.parseOrigin(OriginTermLabelFactory.java:116)

49204      WARN  main            d.u.i.k.p.r.p.TestFile    Replay exception de.uka.ilkd.key.proof.io.ProblemLoaderException: Error loading proof.
Line 8586, goal 6699, rule allLeft not available or not applicable in this context.
	at de.uka.ilkd.key.proof.io.IntermediateProofReplayer.reportError(IntermediateProofReplayer.java:813)
Caused by: de.uka.ilkd.key.util.parsing.BuildingException: Malformed origin string: "ensures @ file:/home/runner/work/key/key/key.ui/examples/heap/quicksort/Quicksort.java:72"
(Well-formed origins have one of the following formats: "spec_type @ file <file name> @ line <line number>")
spec_type @ node <node number> (<rule name>)")
spec_type (implicit)")
 at <unknown>:1:15
	at de.uka.ilkd.key.nparser.builder.ExpressionBuilder.visitSingle_label(ExpressionBuilder.java:932)
Caused by: de.uka.ilkd.key.logic.label.TermLabelException: Malformed origin string: "ensures @ file:/home/runner/work/key/key/key.ui/examples/heap/quicksort/Quicksort.java:72"
(Well-formed origins have one of the following formats: "spec_type @ file <file name> @ line <line number>")
spec_type @ node <node number> (<rule name>)")
spec_type (implicit)")

	at de.uka.ilkd.key.logic.label.OriginTermLabelFactory.parseOrigin(OriginTermLabelFactory.java:116)

49205      WARN  main            d.u.i.k.p.r.p.TestFile    Replay exception de.uka.ilkd.key.proof.io.ProblemLoaderException: Error loading proof.
Line 9336, goal 7380, rule allLeft not available or not applicable in this context.
	at de.uka.ilkd.key.proof.io.IntermediateProofReplayer.reportError(IntermediateProofReplayer.java:813)
Caused by: de.uka.ilkd.key.util.parsing.BuildingException: Malformed origin string: "requires @ file:/home/runner/work/key/key/key.ui/examples/heap/quicksort/Quicksort.java:49"
(Well-formed origins have one of the following formats: "spec_type @ file <file name> @ line <line number>")
spec_type @ node <node number> (<rule name>)")
spec_type (implicit)")
 at <unknown>:1:5
	at de.uka.ilkd.key.nparser.builder.ExpressionBuilder.visitSingle_label(ExpressionBuilder.java:932)
Caused by: de.uka.ilkd.key.logic.label.TermLabelException: Malformed origin string: "requires @ file:/home/runner/work/key/key/key.ui/examples/heap/quicksort/Quicksort.java:49"
(Well-formed origins have one of the following formats: "spec_type @ file <file name> @ line <line number>")
spec_type @ node <node number> (<rule name>)")
spec_type (implicit)")

	at de.uka.ilkd.key.logic.label.OriginTermLabelFactory.parseOrigin(OriginTermLabelFactory.java:116)

49205      WARN  main            d.u.i.k.p.r.p.TestFile    Replay exception de.uka.ilkd.key.proof.io.ProblemLoaderException: Error loading proof.
Line 11342, goal 9214, rule allLeft not available or not applicable in this context.
	at de.uka.ilkd.key.proof.io.IntermediateProofReplayer.reportError(IntermediateProofReplayer.java:813)
Caused by: de.uka.ilkd.key.util.parsing.BuildingException: Malformed origin string: "requires @ file:/home/runner/work/key/key/key.ui/examples/heap/quicksort/Quicksort.java:49"
(Well-formed origins have one of the following formats: "spec_type @ file <file name> @ line <line number>")
spec_type @ node <node number> (<rule name>)")
spec_type (implicit)")
 at <unknown>:1:5
	at de.uka.ilkd.key.nparser.builder.ExpressionBuilder.visitSingle_label(ExpressionBuilder.java:932)
Caused by: de.uka.ilkd.key.logic.label.TermLabelException: Malformed origin string: "requires @ file:/home/runner/work/key/key/key.ui/examples/heap/quicksort/Quicksort.java:49"
(Well-formed origins have one of the following formats: "spec_type @ file <file name> @ line <line number>")
spec_type @ node <node number> (<rule name>)")
spec_type (implicit)")

	at de.uka.ilkd.key.logic.label.OriginTermLabelFactory.parseOrigin(OriginTermLabelFactory.java:116)

49206      WARN  main            d.u.i.k.p.r.p.TestFile    Replay exception de.uka.ilkd.key.proof.io.ProblemLoaderException: Error loading proof.
Line 15743, goal 13157, rule allLeft not available or not applicable in this context.
	at de.uka.ilkd.key.proof.io.IntermediateProofReplayer.reportError(IntermediateProofReplayer.java:813)
Caused by: de.uka.ilkd.key.util.parsing.BuildingException: Malformed origin string: "requires @ file:/home/runner/work/key/key/key.ui/examples/heap/quicksort/Quicksort.java:49"
(Well-formed origins have one of the following formats: "spec_type @ file <file name> @ line <line number>")
spec_type @ node <node number> (<rule name>)")
spec_type (implicit)")
 at <unknown>:1:5
	at de.uka.ilkd.key.nparser.builder.ExpressionBuilder.visitSingle_label(ExpressionBuilder.java:932)
Caused by: de.uka.ilkd.key.logic.label.TermLabelException: Malformed origin string: "requires @ file:/home/runner/work/key/key/key.ui/examples/heap/quicksort/Quicksort.java:49"
(Well-formed origins have one of the following formats: "spec_type @ file <file name> @ line <line number>")
spec_type @ node <node number> (<rule name>)")
spec_type (implicit)")

	at de.uka.ilkd.key.logic.label.OriginTermLabelFactory.parseOrigin(OriginTermLabelFactory.java:116)

49206      WARN  main            d.u.i.k.p.r.p.TestFile    Replay exception de.uka.ilkd.key.proof.io.ProblemLoaderException: Error loading proof.
Line 16670, goal 13713, rule allLeft not available or not applicable in this context.
	at de.uka.ilkd.key.proof.io.IntermediateProofReplayer.reportError(IntermediateProofReplayer.java:813)
Caused by: de.uka.ilkd.key.util.parsing.BuildingException: Malformed origin string: "requires @ file:/home/runner/work/key/key/key.ui/examples/heap/quicksort/Quicksort.java:49"
(Well-formed origins have one of the following formats: "spec_type @ file <file name> @ line <line number>")
spec_type @ node <node number> (<rule name>)")
spec_type (implicit)")
 at <unknown>:1:5
	at de.uka.ilkd.key.nparser.builder.ExpressionBuilder.visitSingle_label(ExpressionBuilder.java:932)
Caused by: de.uka.ilkd.key.logic.label.TermLabelException: Malformed origin string: "requires @ file:/home/runner/work/key/key/key.ui/examples/heap/quicksort/Quicksort.java:49"
(Well-formed origins have one of the following formats: "spec_type @ file <file name> @ line <line number>")
spec_type @ node <node number> (<rule name>)")
spec_type (implicit)")

	at de.uka.ilkd.key.logic.label.OriginTermLabelFactory.parseOrigin(OriginTermLabelFactory.java:116)

49207      WARN  main            d.u.i.k.p.r.p.TestFile    Replay exception de.uka.ilkd.key.proof.io.ProblemLoaderException: Error loading proof.
Line 18247, goal 15029, rule allLeft not available or not applicable in this context.
	at de.uka.ilkd.key.proof.io.IntermediateProofReplayer.reportError(IntermediateProofReplayer.java:813)
Caused by: de.uka.ilkd.key.util.parsing.BuildingException: Malformed origin string: "requires @ file:/home/runner/work/key/key/key.ui/examples/heap/quicksort/Quicksort.java:49"
(Well-formed origins have one of the following formats: "spec_type @ file <file name> @ line <line number>")
spec_type @ node <node number> (<rule name>)")
spec_type (implicit)")
 at <unknown>:1:5
	at de.uka.ilkd.key.nparser.builder.ExpressionBuilder.visitSingle_label(ExpressionBuilder.java:932)
Caused by: de.uka.ilkd.key.logic.label.TermLabelException: Malformed origin string: "requires @ file:/home/runner/work/key/key/key.ui/examples/heap/quicksort/Quicksort.java:49"
(Well-formed origins have one of the following formats: "spec_type @ file <file name> @ line <line number>")
spec_type @ node <node number> (<rule name>)")
spec_type (implicit)")

	at de.uka.ilkd.key.logic.label.OriginTermLabelFactory.parseOrigin(OriginTermLabelFactory.java:116)

49207      WARN  main            d.u.i.k.p.r.p.TestFile    Replay exception de.uka.ilkd.key.proof.io.ProblemLoaderException: Error loading proof.
Line 19160, goal 15737, rule allLeft not available or not applicable in this context.
	at de.uka.ilkd.key.proof.io.IntermediateProofReplayer.reportError(IntermediateProofReplayer.java:813)
Caused by: de.uka.ilkd.key.util.parsing.BuildingException: Malformed origin string: "requires @ file:/home/runner/work/key/key/key.ui/examples/heap/quicksort/Quicksort.java:49"
(Well-formed origins have one of the following formats: "spec_type @ file <file name> @ line <line number>")
spec_type @ node <node number> (<rule name>)")
spec_type (implicit)")
 at <unknown>:1:5
	at de.uka.ilkd.key.nparser.builder.ExpressionBuilder.visitSingle_label(ExpressionBuilder.java:932)
Caused by: de.uka.ilkd.key.logic.label.TermLabelException: Malformed origin string: "requires @ file:/home/runner/work/key/key/key.ui/examples/heap/quicksort/Quicksort.java:49"
(Well-formed origins have one of the following formats: "spec_type @ file <file name> @ line <line number>")
spec_type @ node <node number> (<rule name>)")
spec_type (implicit)")

	at de.uka.ilkd.key.logic.label.OriginTermLabelFactory.parseOrigin(OriginTermLabelFactory.java:116)

49207      WARN  main            d.u.i.k.p.r.p.TestFile    Replay exception de.uka.ilkd.key.proof.io.ProblemLoaderException: Error loading proof.
Line 20417, goal 16887, rule allLeft not available or not applicable in this context.
	at de.uka.ilkd.key.proof.io.IntermediateProofReplayer.reportError(IntermediateProofReplayer.java:813)
Caused by: de.uka.ilkd.key.util.parsing.BuildingException: Malformed origin string: "requires @ file:/home/runner/work/key/key/key.ui/examples/heap/quicksort/Quicksort.java:49"
(Well-formed origins have one of the following formats: "spec_type @ file <file name> @ line <line number>")
spec_type @ node <node number> (<rule name>)")
spec_type (implicit)")
 at <unknown>:1:5
	at de.uka.ilkd.key.nparser.builder.ExpressionBuilder.visitSingle_label(ExpressionBuilder.java:932)
Caused by: de.uka.ilkd.key.logic.label.TermLabelException: Malformed origin string: "requires @ file:/home/runner/work/key/key/key.ui/examples/heap/quicksort/Quicksort.java:49"
(Well-formed origins have one of the following formats: "spec_type @ file <file name> @ line <line number>")
spec_type @ node <node number> (<rule name>)")
spec_type (implicit)")

	at de.uka.ilkd.key.logic.label.OriginTermLabelFactory.parseOrigin(OriginTermLabelFactory.java:116)

49208      WARN  main            d.u.i.k.p.r.p.TestFile    Replay exception de.uka.ilkd.key.proof.io.ProblemLoaderException: Error loading proof.
Line 20743, goal 17060, rule allLeft not available or not applicable in this context.
	at de.uka.ilkd.key.proof.io.IntermediateProofReplayer.reportError(IntermediateProofReplayer.java:813)
Caused by: de.uka.ilkd.key.util.parsing.BuildingException: Malformed origin string: "requires @ file:/home/runner/work/key/key/key.ui/examples/heap/quicksort/Quicksort.java:49"
(Well-formed origins have one of the following formats: "spec_type @ file <file name> @ line <line number>")
spec_type @ node <node number> (<rule name>)")
spec_type (implicit)")
 at <unknown>:1:5
	at de.uka.ilkd.key.nparser.builder.ExpressionBuilder.visitSingle_label(ExpressionBuilder.java:932)
Caused by: de.uka.ilkd.key.logic.label.TermLabelException: Malformed origin string: "requires @ file:/home/runner/work/key/key/key.ui/examples/heap/quicksort/Quicksort.java:49"
(Well-formed origins have one of the following formats: "spec_type @ file <file name> @ line <line number>")
spec_type @ node <node number> (<rule name>)")
spec_type (implicit)")

	at de.uka.ilkd.key.logic.label.OriginTermLabelFactory.parseOrigin(OriginTermLabelFactory.java:116)

49210      DEBUG main            d.u.i.k.p.r.p.TestFile    Exception java.lang.Exception: Exception while loading proof (see cause for details): /home/runner/work/key/key/key.core/../key.ui/examples/heap/quicksort/sort.key.proof
	at de.uka.ilkd.key.proof.runallproofs.proofcollection.TestFile.reloadProof(TestFile.java:314)
Caused by: de.uka.ilkd.key.proof.io.ProblemLoaderException: Error loading proof.
Line 3526, goal 3454, rule allLeft not available or not applicable in this context.
	at de.uka.ilkd.key.proof.io.IntermediateProofReplayer.reportError(IntermediateProofReplayer.java:813)
Caused by: de.uka.ilkd.key.util.parsing.BuildingException: Malformed origin string: "requires @ file:/home/runner/work/key/key/key.ui/examples/heap/quicksort/Quicksort.java:49"
(Well-formed origins have one of the following formats: "spec_type @ file <file name> @ line <line number>")
spec_type @ node <node number> (<rule name>)")
spec_type (implicit)")
 at <unknown>:1:5
	at de.uka.ilkd.key.nparser.builder.ExpressionBuilder.visitSingle_label(ExpressionBuilder.java:932)
Caused by: de.uka.ilkd.key.logic.label.TermLabelException: Malformed origin string: "requires @ file:/home/runner/work/key/key/key.ui/examples/heap/quicksort/Quicksort.java:49"
(Well-formed origins have one of the following formats: "spec_type @ file <file name> @ line <line number>")
spec_type @ node <node number> (<rule name>)")
spec_type (implicit)")

	at de.uka.ilkd.key.logic.label.OriginTermLabelFactory.parseOrigin(OriginTermLabelFactory.java:116)

49211      WARN  main            d.u.i.k.p.r.p.ForkedTestFileRunner Run failed java.lang.Exception: Exception while loading proof (see cause for details): /home/runner/work/key/key/key.core/../key.ui/examples/heap/quicksort/sort.key.proof
	at de.uka.ilkd.key.proof.runallproofs.proofcollection.TestFile.reloadProof(TestFile.java:314)
Caused by: de.uka.ilkd.key.proof.io.ProblemLoaderException: Error loading proof.
Line 3526, goal 3454, rule allLeft not available or not applicable in this context.
	at de.uka.ilkd.key.proof.io.IntermediateProofReplayer.reportError(IntermediateProofReplayer.java:813)
Caused by: de.uka.ilkd.key.util.parsing.BuildingException: Malformed origin string: "requires @ file:/home/runner/work/key/key/key.ui/examples/heap/quicksort/Quicksort.java:49"
(Well-formed origins have one of the following formats: "spec_type @ file <file name> @ line <line number>")
spec_type @ node <node number> (<rule name>)")
spec_type (implicit)")
 at <unknown>:1:5
	at de.uka.ilkd.key.nparser.builder.ExpressionBuilder.visitSingle_label(ExpressionBuilder.java:932)
Caused by: de.uka.ilkd.key.logic.label.TermLabelException: Malformed origin string: "requires @ file:/home/runner/work/key/key/key.ui/examples/heap/quicksort/Quicksort.java:49"
(Well-formed origins have one of the following formats: "spec_type @ file <file name> @ line <line number>")
spec_type @ node <node number> (<rule name>)")
spec_type (implicit)")

	at de.uka.ilkd.key.logic.label.OriginTermLabelFactory.parseOrigin(OriginTermLabelFactory.java:116)

49213      INFO  main            d.u.i.k.p.r.p.TestFile    Now processing file /home/runner/work/key/key/key.core/../key.ui/examples/heap/quicksort/split.key 
49214      INFO  main            d.u.i.k.p.i.AbstractProblemLoader Loading environment from /home/runner/work/key/key/key.core/../key.ui/examples/heap/quicksort/split.key 
49214      DEBUG main            d.u.i.k.p.i.AbstractProblemLoader Environment load took 231.11ns 
49216      INFO  main            d.u.i.k.p.i.AbstractProblemLoader Creating init config 
52248      DEBUG main            d.u.i.k.p.i.AbstractProblemLoader Init config took 3.03s 
52297      INFO  main            d.u.i.k.p.i.AbstractProblemLoader Replaying proof Quicksort[Quicksort::split([I,int,int)].JML normal_behavior operation contract.0 
52301      DEBUG main            d.u.i.k.p.i.IntermediateProofReplayer Proof replay took 7ns 
52302      DEBUG main            d.u.i.k.m.s.ProofScriptEngine [1] goal: 0, source line: 15, command: 'macro autopilot-prep' 
53536      DEBUG main            d.u.i.k.m.s.ProofScriptEngine [2] goal: 520, source line: 17, command: 'tryclose' 
92485      DEBUG main            d.u.i.k.m.s.ProofScriptEngine [3] goal: 495, source line: 20, command: 'macro simp-upd' 
92616      DEBUG main            d.u.i.k.m.s.ProofScriptEngine [4] goal: 495, source line: 25, command: 'rule seqPermFromSwap' 
92672      DEBUG main            d.u.i.k.m.s.ProofScriptEngine [5] goal: 40829, source line: 26, command: 'rule andRight' 
92677      DEBUG main            d.u.i.k.m.s.ProofScriptEngine [6] goal: 40830, source line: 27, command: 'auto' 
92708      DEBUG main            d.u.i.k.m.s.ProofScriptEngine [7] goal: 40831, source line: 29, command: 'instantiate hide var=iv with=i_0' 
92710      DEBUG main            d.u.i.k.m.s.ProofScriptEngine [8] goal: 40836, source line: 31, command: 'instantiate hide var=jv with=j_0' 
92713      DEBUG main            d.u.i.k.m.s.ProofScriptEngine [9] goal: 40837, source line: 32, command: 'auto' 
99222      DEBUG main            d.u.i.k.m.s.ProofScriptEngine [10] goal: 190, source line: 34, command: 'macro simp-upd' 
99319      DEBUG main            d.u.i.k.m.s.ProofScriptEngine [11] goal: 46168, source line: 36, command: 'rule seqPermFromSwap' 
99320      DEBUG main            d.u.i.k.m.s.ProofScriptEngine [12] goal: 46169, source line: 37, command: 'rule andRight' 
99324      DEBUG main            d.u.i.k.m.s.ProofScriptEngine [13] goal: 46170, source line: 38, command: 'auto' 
99343      DEBUG main            d.u.i.k.m.s.ProofScriptEngine [14] goal: 46171, source line: 40, command: 'instantiate hide var=iv with=i_0' 
99345      DEBUG main            d.u.i.k.m.s.ProofScriptEngine [15] goal: 46176, source line: 42, command: 'instantiate hide var=jv with=to' 
99347      DEBUG main            d.u.i.k.m.s.ProofScriptEngine [16] goal: 46177, source line: 43, command: 'auto' 
104512     INFO  main            d.u.i.k.p.r.p.TestFile    ... finished proof: closed. 
105012     INFO  main            d.u.i.k.p.i.AbstractProblemLoader Loading environment from /home/runner/work/key/key/key.core/../key.ui/examples/heap/quicksort/split.key.proof 
105012     DEBUG main            d.u.i.k.p.i.AbstractProblemLoader Environment load took 264.61ns 
105025     INFO  main            d.u.i.k.p.i.AbstractProblemLoader Creating init config 
107785     DEBUG main            d.u.i.k.p.i.AbstractProblemLoader Init config took 2.76s 
107854     INFO  main            d.u.i.k.p.i.AbstractProblemLoader Replaying proof Quicksort[Quicksort::split([I,int,int)].JML normal_behavior operation contract.0 
110309     DEBUG main            d.u.i.k.p.i.IntermediateProofReplayer Proof replay took 2.25s 
110321     WARN  main            d.u.i.k.p.r.p.TestFile    Replay exception de.uka.ilkd.key.proof.io.ProblemLoaderException: Error loading proof.
Line 2438, goal 2341, rule allLeft not available or not applicable in this context.
	at de.uka.ilkd.key.proof.io.IntermediateProofReplayer.reportError(IntermediateProofReplayer.java:813)
Caused by: de.uka.ilkd.key.util.parsing.BuildingException: Malformed origin string: "assignable @ file:/home/runner/work/key/key/key.ui/examples/heap/quicksort/Quicksort.java:93"
(Well-formed origins have one of the following formats: "spec_type @ file <file name> @ line <line number>")
spec_type @ node <node number> (<rule name>)")
spec_type (implicit)")
 at <unknown>:1:5
	at de.uka.ilkd.key.nparser.builder.ExpressionBuilder.visitSingle_label(ExpressionBuilder.java:932)
Caused by: de.uka.ilkd.key.logic.label.TermLabelException: Malformed origin string: "assignable @ file:/home/runner/work/key/key/key.ui/examples/heap/quicksort/Quicksort.java:93"
(Well-formed origins have one of the following formats: "spec_type @ file <file name> @ line <line number>")
spec_type @ node <node number> (<rule name>)")
spec_type (implicit)")

	at de.uka.ilkd.key.logic.label.OriginTermLabelFactory.parseOrigin(OriginTermLabelFactory.java:116)

110322     WARN  main            d.u.i.k.p.r.p.TestFile    Replay exception de.uka.ilkd.key.proof.io.ProblemLoaderException: Error loading proof.
Line 2536, goal 2344, rule allLeft not available or not applicable in this context.
	at de.uka.ilkd.key.proof.io.IntermediateProofReplayer.reportError(IntermediateProofReplayer.java:813)
Caused by: de.uka.ilkd.key.util.parsing.BuildingException: Malformed origin string: "assignable @ file:/home/runner/work/key/key/key.ui/examples/heap/quicksort/Quicksort.java:93"
(Well-formed origins have one of the following formats: "spec_type @ file <file name> @ line <line number>")
spec_type @ node <node number> (<rule name>)")
spec_type (implicit)")
 at <unknown>:1:5
	at de.uka.ilkd.key.nparser.builder.ExpressionBuilder.visitSingle_label(ExpressionBuilder.java:932)
Caused by: de.uka.ilkd.key.logic.label.TermLabelException: Malformed origin string: "assignable @ file:/home/runner/work/key/key/key.ui/examples/heap/quicksort/Quicksort.java:93"
(Well-formed origins have one of the following formats: "spec_type @ file <file name> @ line <line number>")
spec_type @ node <node number> (<rule name>)")
spec_type (implicit)")

	at de.uka.ilkd.key.logic.label.OriginTermLabelFactory.parseOrigin(OriginTermLabelFactory.java:116)

110322     WARN  main            d.u.i.k.p.r.p.TestFile    Replay exception de.uka.ilkd.key.proof.io.ProblemLoaderException: Error loading proof.
Line 2855, goal 2572, rule allLeft not available or not applicable in this context.
	at de.uka.ilkd.key.proof.io.IntermediateProofReplayer.reportError(IntermediateProofReplayer.java:813)
Caused by: de.uka.ilkd.key.util.parsing.BuildingException: Malformed origin string: "assignable @ file:/home/runner/work/key/key/key.ui/examples/heap/quicksort/Quicksort.java:93"
(Well-formed origins have one of the following formats: "spec_type @ file <file name> @ line <line number>")
spec_type @ node <node number> (<rule name>)")
spec_type (implicit)")
 at <unknown>:1:5
	at de.uka.ilkd.key.nparser.builder.ExpressionBuilder.visitSingle_label(ExpressionBuilder.java:932)
Caused by: de.uka.ilkd.key.logic.label.TermLabelException: Malformed origin string: "assignable @ file:/home/runner/work/key/key/key.ui/examples/heap/quicksort/Quicksort.java:93"
(Well-formed origins have one of the following formats: "spec_type @ file <file name> @ line <line number>")
spec_type @ node <node number> (<rule name>)")
spec_type (implicit)")

	at de.uka.ilkd.key.logic.label.OriginTermLabelFactory.parseOrigin(OriginTermLabelFactory.java:116)

110329     WARN  main            d.u.i.k.p.r.p.TestFile    Replay exception de.uka.ilkd.key.proof.io.ProblemLoaderException: Error loading proof.
Line 3678, goal 2578, rule allLeft not available or not applicable in this context.
	at de.uka.ilkd.key.proof.io.IntermediateProofReplayer.reportError(IntermediateProofReplayer.java:813)
Caused by: de.uka.ilkd.key.util.parsing.BuildingException: Malformed origin string: "assignable @ file:/home/runner/work/key/key/key.ui/examples/heap/quicksort/Quicksort.java:93"
(Well-formed origins have one of the following formats: "spec_type @ file <file name> @ line <line number>")
spec_type @ node <node number> (<rule name>)")
spec_type (implicit)")
 at <unknown>:1:5
	at de.uka.ilkd.key.nparser.builder.ExpressionBuilder.visitSingle_label(ExpressionBuilder.java:932)
Caused by: de.uka.ilkd.key.logic.label.TermLabelException: Malformed origin string: "assignable @ file:/home/runner/work/key/key/key.ui/examples/heap/quicksort/Quicksort.java:93"
(Well-formed origins have one of the following formats: "spec_type @ file <file name> @ line <line number>")
spec_type @ node <node number> (<rule name>)")
spec_type (implicit)")

	at de.uka.ilkd.key.logic.label.OriginTermLabelFactory.parseOrigin(OriginTermLabelFactory.java:116)

110329     WARN  main            d.u.i.k.p.r.p.TestFile    Replay exception de.uka.ilkd.key.proof.io.ProblemLoaderException: Error loading proof.
Line 5368, goal 4152, rule allLeft not available or not applicable in this context.
	at de.uka.ilkd.key.proof.io.IntermediateProofReplayer.reportError(IntermediateProofReplayer.java:813)
Caused by: de.uka.ilkd.key.util.parsing.BuildingException: Malformed origin string: "requires @ file:/home/runner/work/key/key/key.ui/examples/heap/quicksort/Quicksort.java:68"
(Well-formed origins have one of the following formats: "spec_type @ file <file name> @ line <line number>")
spec_type @ node <node number> (<rule name>)")
spec_type (implicit)")
 at <unknown>:1:5
	at de.uka.ilkd.key.nparser.builder.ExpressionBuilder.visitSingle_label(ExpressionBuilder.java:932)
Caused by: de.uka.ilkd.key.logic.label.TermLabelException: Malformed origin string: "requires @ file:/home/runner/work/key/key/key.ui/examples/heap/quicksort/Quicksort.java:68"
(Well-formed origins have one of the following formats: "spec_type @ file <file name> @ line <line number>")
spec_type @ node <node number> (<rule name>)")
spec_type (implicit)")

	at de.uka.ilkd.key.logic.label.OriginTermLabelFactory.parseOrigin(OriginTermLabelFactory.java:116)

110330     WARN  main            d.u.i.k.p.r.p.TestFile    Replay exception de.uka.ilkd.key.proof.io.ProblemLoaderException: Error loading proof.
Line 5774, goal 4342, rule allLeft not available or not applicable in this context.
	at de.uka.ilkd.key.proof.io.IntermediateProofReplayer.reportError(IntermediateProofReplayer.java:813)
Caused by: de.uka.ilkd.key.util.parsing.BuildingException: Malformed origin string: "requires @ file:/home/runner/work/key/key/key.ui/examples/heap/quicksort/Quicksort.java:68"
(Well-formed origins have one of the following formats: "spec_type @ file <file name> @ line <line number>")
spec_type @ node <node number> (<rule name>)")
spec_type (implicit)")
 at <unknown>:1:5
	at de.uka.ilkd.key.nparser.builder.ExpressionBuilder.visitSingle_label(ExpressionBuilder.java:932)
Caused by: de.uka.ilkd.key.logic.label.TermLabelException: Malformed origin string: "requires @ file:/home/runner/work/key/key/key.ui/examples/heap/quicksort/Quicksort.java:68"
(Well-formed origins have one of the following formats: "spec_type @ file <file name> @ line <line number>")
spec_type @ node <node number> (<rule name>)")
spec_type (implicit)")

	at de.uka.ilkd.key.logic.label.OriginTermLabelFactory.parseOrigin(OriginTermLabelFactory.java:116)

110331     WARN  main            d.u.i.k.p.r.p.TestFile    Replay exception de.uka.ilkd.key.proof.io.ProblemLoaderException: Error loading proof.
Line 8024, goal 5942, rule allLeft not available or not applicable in this context.
	at de.uka.ilkd.key.proof.io.IntermediateProofReplayer.reportError(IntermediateProofReplayer.java:813)
Caused by: de.uka.ilkd.key.util.parsing.BuildingException: Malformed origin string: "requires @ file:/home/runner/work/key/key/key.ui/examples/heap/quicksort/Quicksort.java:70"
(Well-formed origins have one of the following formats: "spec_type @ file <file name> @ line <line number>")
spec_type @ node <node number> (<rule name>)")
spec_type (implicit)")
 at <unknown>:1:5
	at de.uka.ilkd.key.nparser.builder.ExpressionBuilder.visitSingle_label(ExpressionBuilder.java:932)
Caused by: de.uka.ilkd.key.logic.label.TermLabelException: Malformed origin string: "requires @ file:/home/runner/work/key/key/key.ui/examples/heap/quicksort/Quicksort.java:70"
(Well-formed origins have one of the following formats: "spec_type @ file <file name> @ line <line number>")
spec_type @ node <node number> (<rule name>)")
spec_type (implicit)")

	at de.uka.ilkd.key.logic.label.OriginTermLabelFactory.parseOrigin(OriginTermLabelFactory.java:116)

110331     WARN  main            d.u.i.k.p.r.p.TestFile    Replay exception de.uka.ilkd.key.proof.io.ProblemLoaderException: Error loading proof.
Line 8657, goal 6457, rule allLeft not available or not applicable in this context.
	at de.uka.ilkd.key.proof.io.IntermediateProofReplayer.reportError(IntermediateProofReplayer.java:813)
Caused by: de.uka.ilkd.key.util.parsing.BuildingException: Malformed origin string: "assignable @ file:/home/runner/work/key/key/key.ui/examples/heap/quicksort/Quicksort.java:93"
(Well-formed origins have one of the following formats: "spec_type @ file <file name> @ line <line number>")
spec_type @ node <node number> (<rule name>)")
spec_type (implicit)")
 at <unknown>:1:5
	at de.uka.ilkd.key.nparser.builder.ExpressionBuilder.visitSingle_label(ExpressionBuilder.java:932)
Caused by: de.uka.ilkd.key.logic.label.TermLabelException: Malformed origin string: "assignable @ file:/home/runner/work/key/key/key.ui/examples/heap/quicksort/Quicksort.java:93"
(Well-formed origins have one of the following formats: "spec_type @ file <file name> @ line <line number>")
spec_type @ node <node number> (<rule name>)")
spec_type (implicit)")

	at de.uka.ilkd.key.logic.label.OriginTermLabelFactory.parseOrigin(OriginTermLabelFactory.java:116)

110332     WARN  main            d.u.i.k.p.r.p.TestFile    Replay exception de.uka.ilkd.key.proof.io.ProblemLoaderException: Error loading proof.
Line 8772, goal 6478, rule allLeft not available or not applicable in this context.
	at de.uka.ilkd.key.proof.io.IntermediateProofReplayer.reportError(IntermediateProofReplayer.java:813)
Caused by: de.uka.ilkd.key.util.parsing.BuildingException: Malformed origin string: "assignable @ file:/home/runner/work/key/key/key.ui/examples/heap/quicksort/Quicksort.java:93"
(Well-formed origins have one of the following formats: "spec_type @ file <file name> @ line <line number>")
spec_type @ node <node number> (<rule name>)")
spec_type (implicit)")
 at <unknown>:1:5
	at de.uka.ilkd.key.nparser.builder.ExpressionBuilder.visitSingle_label(ExpressionBuilder.java:932)
Caused by: de.uka.ilkd.key.logic.label.TermLabelException: Malformed origin string: "assignable @ file:/home/runner/work/key/key/key.ui/examples/heap/quicksort/Quicksort.java:93"
(Well-formed origins have one of the following formats: "spec_type @ file <file name> @ line <line number>")
spec_type @ node <node number> (<rule name>)")
spec_type (implicit)")

	at de.uka.ilkd.key.logic.label.OriginTermLabelFactory.parseOrigin(OriginTermLabelFactory.java:116)

110332     WARN  main            d.u.i.k.p.r.p.TestFile    Replay exception de.uka.ilkd.key.proof.io.ProblemLoaderException: Error loading proof.
Line 8990, goal 6595, rule allLeft not available or not applicable in this context.
	at de.uka.ilkd.key.proof.io.IntermediateProofReplayer.reportError(IntermediateProofReplayer.java:813)
Caused by: de.uka.ilkd.key.util.parsing.BuildingException: Malformed origin string: "requires @ file:/home/runner/work/key/key/key.ui/examples/heap/quicksort/Quicksort.java:68"
(Well-formed origins have one of the following formats: "spec_type @ file <file name> @ line <line number>")
spec_type @ node <node number> (<rule name>)")
spec_type (implicit)")
 at <unknown>:1:5
	at de.uka.ilkd.key.nparser.builder.ExpressionBuilder.visitSingle_label(ExpressionBuilder.java:932)
Caused by: de.uka.ilkd.key.logic.label.TermLabelException: Malformed origin string: "requires @ file:/home/runner/work/key/key/key.ui/examples/heap/quicksort/Quicksort.java:68"
(Well-formed origins have one of the following formats: "spec_type @ file <file name> @ line <line number>")
spec_type @ node <node number> (<rule name>)")
spec_type (implicit)")

	at de.uka.ilkd.key.logic.label.OriginTermLabelFactory.parseOrigin(OriginTermLabelFactory.java:116)

110333     WARN  main            d.u.i.k.p.r.p.TestFile    Replay exception de.uka.ilkd.key.proof.io.ProblemLoaderException: Error loading proof.
Line 11806, goal 8787, rule allLeft not available or not applicable in this context.
	at de.uka.ilkd.key.proof.io.IntermediateProofReplayer.reportError(IntermediateProofReplayer.java:813)
Caused by: de.uka.ilkd.key.util.parsing.BuildingException: Malformed origin string: "requires @ file:/home/runner/work/key/key/key.ui/examples/heap/quicksort/Quicksort.java:68"
(Well-formed origins have one of the following formats: "spec_type @ file <file name> @ line <line number>")
spec_type @ node <node number> (<rule name>)")
spec_type (implicit)")
 at <unknown>:1:5
	at de.uka.ilkd.key.nparser.builder.ExpressionBuilder.visitSingle_label(ExpressionBuilder.java:932)
Caused by: de.uka.ilkd.key.logic.label.TermLabelException: Malformed origin string: "requires @ file:/home/runner/work/key/key/key.ui/examples/heap/quicksort/Quicksort.java:68"
(Well-formed origins have one of the following formats: "spec_type @ file <file name> @ line <line number>")
spec_type @ node <node number> (<rule name>)")
spec_type (implicit)")

	at de.uka.ilkd.key.logic.label.OriginTermLabelFactory.parseOrigin(OriginTermLabelFactory.java:116)

110337     WARN  main            d.u.i.k.p.r.p.TestFile    Replay exception de.uka.ilkd.key.proof.io.ProblemLoaderException: Error loading proof.
Line 12343, goal 8862, rule allLeft not available or not applicable in this context.
	at de.uka.ilkd.key.proof.io.IntermediateProofReplayer.reportError(IntermediateProofReplayer.java:813)
Caused by: de.uka.ilkd.key.util.parsing.BuildingException: Malformed origin string: "requires @ file:/home/runner/work/key/key/key.ui/examples/heap/quicksort/Quicksort.java:68"
(Well-formed origins have one of the following formats: "spec_type @ file <file name> @ line <line number>")
spec_type @ node <node number> (<rule name>)")
spec_type (implicit)")
 at <unknown>:1:5
	at de.uka.ilkd.key.nparser.builder.ExpressionBuilder.visitSingle_label(ExpressionBuilder.java:932)
Caused by: de.uka.ilkd.key.logic.label.TermLabelException: Malformed origin string: "requires @ file:/home/runner/work/key/key/key.ui/examples/heap/quicksort/Quicksort.java:68"
(Well-formed origins have one of the following formats: "spec_type @ file <file name> @ line <line number>")
spec_type @ node <node number> (<rule name>)")
spec_type (implicit)")

	at de.uka.ilkd.key.logic.label.OriginTermLabelFactory.parseOrigin(OriginTermLabelFactory.java:116)

110338     WARN  main            d.u.i.k.p.r.p.TestFile    Replay exception de.uka.ilkd.key.proof.io.ProblemLoaderException: Error loading proof.
Line 15921, goal 11962, rule allLeft not available or not applicable in this context.
	at de.uka.ilkd.key.proof.io.IntermediateProofReplayer.reportError(IntermediateProofReplayer.java:813)
Caused by: de.uka.ilkd.key.util.parsing.BuildingException: Malformed origin string: "requires @ file:/home/runner/work/key/key/key.ui/examples/heap/quicksort/Quicksort.java:68"
(Well-formed origins have one of the following formats: "spec_type @ file <file name> @ line <line number>")
spec_type @ node <node number> (<rule name>)")
spec_type (implicit)")
 at <unknown>:1:5
	at de.uka.ilkd.key.nparser.builder.ExpressionBuilder.visitSingle_label(ExpressionBuilder.java:932)
Caused by: de.uka.ilkd.key.logic.label.TermLabelException: Malformed origin string: "requires @ file:/home/runner/work/key/key/key.ui/examples/heap/quicksort/Quicksort.java:68"
(Well-formed origins have one of the following formats: "spec_type @ file <file name> @ line <line number>")
spec_type @ node <node number> (<rule name>)")
spec_type (implicit)")

	at de.uka.ilkd.key.logic.label.OriginTermLabelFactory.parseOrigin(OriginTermLabelFactory.java:116)

110338     WARN  main            d.u.i.k.p.r.p.TestFile    Replay exception de.uka.ilkd.key.proof.io.ProblemLoaderException: Error loading proof.
Line 16183, goal 12045, rule allLeft not available or not applicable in this context.
	at de.uka.ilkd.key.proof.io.IntermediateProofReplayer.reportError(IntermediateProofReplayer.java:813)
Caused by: de.uka.ilkd.key.util.parsing.BuildingException: Malformed origin string: "requires @ file:/home/runner/work/key/key/key.ui/examples/heap/quicksort/Quicksort.java:68"
(Well-formed origins have one of the following formats: "spec_type @ file <file name> @ line <line number>")
spec_type @ node <node number> (<rule name>)")
spec_type (implicit)")
 at <unknown>:1:5
	at de.uka.ilkd.key.nparser.builder.ExpressionBuilder.visitSingle_label(ExpressionBuilder.java:932)
Caused by: de.uka.ilkd.key.logic.label.TermLabelException: Malformed origin string: "requires @ file:/home/runner/work/key/key/key.ui/examples/heap/quicksort/Quicksort.java:68"
(Well-formed origins have one of the following formats: "spec_type @ file <file name> @ line <line number>")
spec_type @ node <node number> (<rule name>)")
spec_type (implicit)")

	at de.uka.ilkd.key.logic.label.OriginTermLabelFactory.parseOrigin(OriginTermLabelFactory.java:116)

110339     WARN  main            d.u.i.k.p.r.p.TestFile    Replay exception de.uka.ilkd.key.proof.io.ProblemLoaderException: Error loading proof.
Line 16543, goal 12164, rule allLeft not available or not applicable in this context.
	at de.uka.ilkd.key.proof.io.IntermediateProofReplayer.reportError(IntermediateProofReplayer.java:813)
Caused by: de.uka.ilkd.key.util.parsing.BuildingException: Malformed origin string: "requires @ file:/home/runner/work/key/key/key.ui/examples/heap/quicksort/Quicksort.java:68"
(Well-formed origins have one of the following formats: "spec_type @ file <file name> @ line <line number>")
spec_type @ node <node number> (<rule name>)")
spec_type (implicit)")
 at <unknown>:1:5
	at de.uka.ilkd.key.nparser.builder.ExpressionBuilder.visitSingle_label(ExpressionBuilder.java:932)
Caused by: de.uka.ilkd.key.logic.label.TermLabelException: Malformed origin string: "requires @ file:/home/runner/work/key/key/key.ui/examples/heap/quicksort/Quicksort.java:68"
(Well-formed origins have one of the following formats: "spec_type @ file <file name> @ line <line number>")
spec_type @ node <node number> (<rule name>)")
spec_type (implicit)")

	at de.uka.ilkd.key.logic.label.OriginTermLabelFactory.parseOrigin(OriginTermLabelFactory.java:116)

110339     WARN  main            d.u.i.k.p.r.p.TestFile    Replay exception de.uka.ilkd.key.proof.io.ProblemLoaderException: Error loading proof.
Line 17551, goal 13124, rule allLeft not available or not applicable in this context.
	at de.uka.ilkd.key.proof.io.IntermediateProofReplayer.reportError(IntermediateProofReplayer.java:813)
Caused by: de.uka.ilkd.key.util.parsing.BuildingException: Malformed origin string: "requires @ file:/home/runner/work/key/key/key.ui/examples/heap/quicksort/Quicksort.java:70"
(Well-formed origins have one of the following formats: "spec_type @ file <file name> @ line <line number>")
spec_type @ node <node number> (<rule name>)")
spec_type (implicit)")
 at <unknown>:1:5
	at de.uka.ilkd.key.nparser.builder.ExpressionBuilder.visitSingle_label(ExpressionBuilder.java:932)
Caused by: de.uka.ilkd.key.logic.label.TermLabelException: Malformed origin string: "requires @ file:/home/runner/work/key/key/key.ui/examples/heap/quicksort/Quicksort.java:70"
(Well-formed origins have one of the following formats: "spec_type @ file <file name> @ line <line number>")
spec_type @ node <node number> (<rule name>)")
spec_type (implicit)")

	at de.uka.ilkd.key.logic.label.OriginTermLabelFactory.parseOrigin(OriginTermLabelFactory.java:116)

110344     WARN  main            d.u.i.k.p.r.p.TestFile    Replay exception de.uka.ilkd.key.proof.io.ProblemLoaderException: Error loading proof.
Line 18177, goal 13585, rule allLeft not available or not applicable in this context.
	at de.uka.ilkd.key.proof.io.IntermediateProofReplayer.reportError(IntermediateProofReplayer.java:813)
Caused by: de.uka.ilkd.key.util.parsing.BuildingException: Malformed origin string: "requires @ file:/home/runner/work/key/key/key.ui/examples/heap/quicksort/Quicksort.java:70"
(Well-formed origins have one of the following formats: "spec_type @ file <file name> @ line <line number>")
spec_type @ node <node number> (<rule name>)")
spec_type (implicit)")
 at <unknown>:1:5
	at de.uka.ilkd.key.nparser.builder.ExpressionBuilder.visitSingle_label(ExpressionBuilder.java:932)
Caused by: de.uka.ilkd.key.logic.label.TermLabelException: Malformed origin string: "requires @ file:/home/runner/work/key/key/key.ui/examples/heap/quicksort/Quicksort.java:70"
(Well-formed origins have one of the following formats: "spec_type @ file <file name> @ line <line number>")
spec_type @ node <node number> (<rule name>)")
spec_type (implicit)")

	at de.uka.ilkd.key.logic.label.OriginTermLabelFactory.parseOrigin(OriginTermLabelFactory.java:116)

110344     WARN  main            d.u.i.k.p.r.p.TestFile    Replay exception de.uka.ilkd.key.proof.io.ProblemLoaderException: Error loading proof.
Line 23595, goal 18712, rule allLeft not available or not applicable in this context.
	at de.uka.ilkd.key.proof.io.IntermediateProofReplayer.reportError(IntermediateProofReplayer.java:813)
Caused by: de.uka.ilkd.key.util.parsing.BuildingException: Malformed origin string: "requires @ file:/home/runner/work/key/key/key.ui/examples/heap/quicksort/Quicksort.java:68"
(Well-formed origins have one of the following formats: "spec_type @ file <file name> @ line <line number>")
spec_type @ node <node number> (<rule name>)")
spec_type (implicit)")
 at <unknown>:1:5
	at de.uka.ilkd.key.nparser.builder.ExpressionBuilder.visitSingle_label(ExpressionBuilder.java:932)
Caused by: de.uka.ilkd.key.logic.label.TermLabelException: Malformed origin string: "requires @ file:/home/runner/work/key/key/key.ui/examples/heap/quicksort/Quicksort.java:68"
(Well-formed origins have one of the following formats: "spec_type @ file <file name> @ line <line number>")
spec_type @ node <node number> (<rule name>)")
spec_type (implicit)")

	at de.uka.ilkd.key.logic.label.OriginTermLabelFactory.parseOrigin(OriginTermLabelFactory.java:116)

110345     WARN  main            d.u.i.k.p.r.p.TestFile    Replay exception de.uka.ilkd.key.proof.io.ProblemLoaderException: Error loading proof.
Line 25367, goal 20251, rule allLeft not available or not applicable in this context.
	at de.uka.ilkd.key.proof.io.IntermediateProofReplayer.reportError(IntermediateProofReplayer.java:813)
Caused by: de.uka.ilkd.key.util.parsing.BuildingException: Malformed origin string: "requires @ file:/home/runner/work/key/key/key.ui/examples/heap/quicksort/Quicksort.java:68"
(Well-formed origins have one of the following formats: "spec_type @ file <file name> @ line <line number>")
spec_type @ node <node number> (<rule name>)")
spec_type (implicit)")
 at <unknown>:1:5
	at de.uka.ilkd.key.nparser.builder.ExpressionBuilder.visitSingle_label(ExpressionBuilder.java:932)
Caused by: de.uka.ilkd.key.logic.label.TermLabelException: Malformed origin string: "requires @ file:/home/runner/work/key/key/key.ui/examples/heap/quicksort/Quicksort.java:68"
(Well-formed origins have one of the following formats: "spec_type @ file <file name> @ line <line number>")
spec_type @ node <node number> (<rule name>)")
spec_type (implicit)")

	at de.uka.ilkd.key.logic.label.OriginTermLabelFactory.parseOrigin(OriginTermLabelFactory.java:116)

110346     WARN  main            d.u.i.k.p.r.p.TestFile    Replay exception de.uka.ilkd.key.proof.io.ProblemLoaderException: Error loading proof.
Line 28092, goal 22716, rule allLeft not available or not applicable in this context.
	at de.uka.ilkd.key.proof.io.IntermediateProofReplayer.reportError(IntermediateProofReplayer.java:813)
Caused by: de.uka.ilkd.key.util.parsing.BuildingException: Malformed origin string: "requires @ file:/home/runner/work/key/key/key.ui/examples/heap/quicksort/Quicksort.java:68"
(Well-formed origins have one of the following formats: "spec_type @ file <file name> @ line <line number>")
spec_type @ node <node number> (<rule name>)")
spec_type (implicit)")
 at <unknown>:1:5
	at de.uka.ilkd.key.nparser.builder.ExpressionBuilder.visitSingle_label(ExpressionBuilder.java:932)
Caused by: de.uka.ilkd.key.logic.label.TermLabelException: Malformed origin string: "requires @ file:/home/runner/work/key/key/key.ui/examples/heap/quicksort/Quicksort.java:68"
(Well-formed origins have one of the following formats: "spec_type @ file <file name> @ line <line number>")
spec_type @ node <node number> (<rule name>)")
spec_type (implicit)")

	at de.uka.ilkd.key.logic.label.OriginTermLabelFactory.parseOrigin(OriginTermLabelFactory.java:116)

110346     WARN  main            d.u.i.k.p.r.p.TestFile    Replay exception de.uka.ilkd.key.proof.io.ProblemLoaderException: Error loading proof.
Line 28496, goal 22813, rule allLeft not available or not applicable in this context.
	at de.uka.ilkd.key.proof.io.IntermediateProofReplayer.reportError(IntermediateProofReplayer.java:813)
Caused by: de.uka.ilkd.key.util.parsing.BuildingException: Malformed origin string: "requires @ file:/home/runner/work/key/key/key.ui/examples/heap/quicksort/Quicksort.java:68"
(Well-formed origins have one of the following formats: "spec_type @ file <file name> @ line <line number>")
spec_type @ node <node number> (<rule name>)")
spec_type (implicit)")
 at <unknown>:1:5
	at de.uka.ilkd.key.nparser.builder.ExpressionBuilder.visitSingle_label(ExpressionBuilder.java:932)
Caused by: de.uka.ilkd.key.logic.label.TermLabelException: Malformed origin string: "requires @ file:/home/runner/work/key/key/key.ui/examples/heap/quicksort/Quicksort.java:68"
(Well-formed origins have one of the following formats: "spec_type @ file <file name> @ line <line number>")
spec_type @ node <node number> (<rule name>)")
spec_type (implicit)")

	at de.uka.ilkd.key.logic.label.OriginTermLabelFactory.parseOrigin(OriginTermLabelFactory.java:116)

110346     WARN  main            d.u.i.k.p.r.p.TestFile    Replay exception de.uka.ilkd.key.proof.io.ProblemLoaderException: Error loading proof.
Line 28737, goal 22928, rule allLeft not available or not applicable in this context.
	at de.uka.ilkd.key.proof.io.IntermediateProofReplayer.reportError(IntermediateProofReplayer.java:813)
Caused by: de.uka.ilkd.key.util.parsing.BuildingException: Malformed origin string: "requires @ file:/home/runner/work/key/key/key.ui/examples/heap/quicksort/Quicksort.java:68"
(Well-formed origins have one of the following formats: "spec_type @ file <file name> @ line <line number>")
spec_type @ node <node number> (<rule name>)")
spec_type (implicit)")
 at <unknown>:1:5
	at de.uka.ilkd.key.nparser.builder.ExpressionBuilder.visitSingle_label(ExpressionBuilder.java:932)
Caused by: de.uka.ilkd.key.logic.label.TermLabelException: Malformed origin string: "requires @ file:/home/runner/work/key/key/key.ui/examples/heap/quicksort/Quicksort.java:68"
(Well-formed origins have one of the following formats: "spec_type @ file <file name> @ line <line number>")
spec_type @ node <node number> (<rule name>)")
spec_type (implicit)")

	at de.uka.ilkd.key.logic.label.OriginTermLabelFactory.parseOrigin(OriginTermLabelFactory.java:116)

110347     WARN  main            d.u.i.k.p.r.p.TestFile    Replay exception de.uka.ilkd.key.proof.io.ProblemLoaderException: Error loading proof.
Line 29796, goal 23842, rule allLeft not available or not applicable in this context.
	at de.uka.ilkd.key.proof.io.IntermediateProofReplayer.reportError(IntermediateProofReplayer.java:813)
Caused by: de.uka.ilkd.key.util.parsing.BuildingException: Malformed origin string: "requires @ file:/home/runner/work/key/key/key.ui/examples/heap/quicksort/Quicksort.java:68"
(Well-formed origins have one of the following formats: "spec_type @ file <file name> @ line <line number>")
spec_type @ node <node number> (<rule name>)")
spec_type (implicit)")
 at <unknown>:1:5
	at de.uka.ilkd.key.nparser.builder.ExpressionBuilder.visitSingle_label(ExpressionBuilder.java:932)
Caused by: de.uka.ilkd.key.logic.label.TermLabelException: Malformed origin string: "requires @ file:/home/runner/work/key/key/key.ui/examples/heap/quicksort/Quicksort.java:68"
(Well-formed origins have one of the following formats: "spec_type @ file <file name> @ line <line number>")
spec_type @ node <node number> (<rule name>)")
spec_type (implicit)")

	at de.uka.ilkd.key.logic.label.OriginTermLabelFactory.parseOrigin(OriginTermLabelFactory.java:116)

110347     WARN  main            d.u.i.k.p.r.p.TestFile    Replay exception de.uka.ilkd.key.proof.io.ProblemLoaderException: Error loading proof.
Line 30017, goal 23932, rule allLeft not available or not applicable in this context.
	at de.uka.ilkd.key.proof.io.IntermediateProofReplayer.reportError(IntermediateProofReplayer.java:813)
Caused by: de.uka.ilkd.key.util.parsing.BuildingException: Malformed origin string: "requires @ file:/home/runner/work/key/key/key.ui/examples/heap/quicksort/Quicksort.java:68"
(Well-formed origins have one of the following formats: "spec_type @ file <file name> @ line <line number>")
spec_type @ node <node number> (<rule name>)")
spec_type (implicit)")
 at <unknown>:1:5
	at de.uka.ilkd.key.nparser.builder.ExpressionBuilder.visitSingle_label(ExpressionBuilder.java:932)
Caused by: de.uka.ilkd.key.logic.label.TermLabelException: Malformed origin string: "requires @ file:/home/runner/work/key/key/key.ui/examples/heap/quicksort/Quicksort.java:68"
(Well-formed origins have one of the following formats: "spec_type @ file <file name> @ line <line number>")
spec_type @ node <node number> (<rule name>)")
spec_type (implicit)")

	at de.uka.ilkd.key.logic.label.OriginTermLabelFactory.parseOrigin(OriginTermLabelFactory.java:116)

110348     DEBUG main            d.u.i.k.p.r.p.TestFile    Exception java.lang.Exception: Exception while loading proof (see cause for details): /home/runner/work/key/key/key.core/../key.ui/examples/heap/quicksort/split.key.proof
	at de.uka.ilkd.key.proof.runallproofs.proofcollection.TestFile.reloadProof(TestFile.java:314)
Caused by: de.uka.ilkd.key.proof.io.ProblemLoaderException: Error loading proof.
Line 2438, goal 2341, rule allLeft not available or not applicable in this context.
	at de.uka.ilkd.key.proof.io.IntermediateProofReplayer.reportError(IntermediateProofReplayer.java:813)
Caused by: de.uka.ilkd.key.util.parsing.BuildingException: Malformed origin string: "assignable @ file:/home/runner/work/key/key/key.ui/examples/heap/quicksort/Quicksort.java:93"
(Well-formed origins have one of the following formats: "spec_type @ file <file name> @ line <line number>")
spec_type @ node <node number> (<rule name>)")
spec_type (implicit)")
 at <unknown>:1:5
	at de.uka.ilkd.key.nparser.builder.ExpressionBuilder.visitSingle_label(ExpressionBuilder.java:932)
Caused by: de.uka.ilkd.key.logic.label.TermLabelException: Malformed origin string: "assignable @ file:/home/runner/work/key/key/key.ui/examples/heap/quicksort/Quicksort.java:93"
(Well-formed origins have one of the following formats: "spec_type @ file <file name> @ line <line number>")
spec_type @ node <node number> (<rule name>)")
spec_type (implicit)")

	at de.uka.ilkd.key.logic.label.OriginTermLabelFactory.parseOrigin(OriginTermLabelFactory.java:116)

110349     WARN  main            d.u.i.k.p.r.p.ForkedTestFileRunner Run failed java.lang.Exception: Exception while loading proof (see cause for details): /home/runner/work/key/key/key.core/../key.ui/examples/heap/quicksort/split.key.proof
	at de.uka.ilkd.key.proof.runallproofs.proofcollection.TestFile.reloadProof(TestFile.java:314)
Caused by: de.uka.ilkd.key.proof.io.ProblemLoaderException: Error loading proof.
Line 2438, goal 2341, rule allLeft not available or not applicable in this context.
	at de.uka.ilkd.key.proof.io.IntermediateProofReplayer.reportError(IntermediateProofReplayer.java:813)
Caused by: de.uka.ilkd.key.util.parsing.BuildingException: Malformed origin string: "assignable @ file:/home/runner/work/key/key/key.ui/examples/heap/quicksort/Quicksort.java:93"
(Well-formed origins have one of the following formats: "spec_type @ file <file name> @ line <line number>")
spec_type @ node <node number> (<rule name>)")
spec_type (implicit)")
 at <unknown>:1:5
	at de.uka.ilkd.key.nparser.builder.ExpressionBuilder.visitSingle_label(ExpressionBuilder.java:932)
Caused by: de.uka.ilkd.key.logic.label.TermLabelException: Malformed origin string: "assignable @ file:/home/runner/work/key/key/key.ui/examples/heap/quicksort/Quicksort.java:93"
(Well-formed origins have one of the following formats: "spec_type @ file <file name> @ line <line number>")
spec_type @ node <node number> (<rule name>)")
spec_type (implicit)")

	at de.uka.ilkd.key.logic.label.OriginTermLabelFactory.parseOrigin(OriginTermLabelFactory.java:116)

1723294    INFO  Test worker     d.u.i.k.p.r.RunAllProofsTestUnit Running test simpleTests 
341        INFO  Timeout watchdog d.u.i.k.p.r.p.ForkedTestFileRunner Timeout watcher launched (2000 secs.) 
354        WARN  main            d.u.i.k.s.ProofSettings   The settings in /home/runner/.key/proof-settings.props are *not* read. 
404        INFO  main            d.u.i.k.p.r.p.TestFile    Now processing file /home/runner/work/key/key/key.core/../key.ui/examples/heap/simple/anonymise_datagroup.key 
635        INFO  main            d.u.i.k.p.i.AbstractProblemLoader Loading environment from /home/runner/work/key/key/key.core/../key.ui/examples/heap/simple/anonymise_datagroup.key 
682        DEBUG main            d.u.i.k.p.i.AbstractProblemLoader Environment load took 2.78ms 
979        INFO  main            d.u.i.k.p.i.AbstractProblemLoader Creating init config 
1831       DEBUG main            d.u.i.k.j.TypeConverter   No LDT found for Meta 
1832       DEBUG main            d.u.i.k.j.TypeConverter   No LDT found for Meta 
1835       DEBUG main            d.u.i.k.j.TypeConverter   No LDT found for Meta 
1835       DEBUG main            d.u.i.k.j.TypeConverter   No LDT found for Meta 
3344       DEBUG main            d.u.i.k.j.TypeConverter   No LDT found for JavaBigintExpression 
8181       DEBUG main            d.u.i.k.p.i.AbstractProblemLoader Init config took 7.2s 
8245       INFO  main            d.u.i.k.p.i.AbstractProblemLoader Replaying proof anonymise_datagroup.key 
8279       DEBUG main            d.u.i.k.p.i.IntermediateProofReplayer Proof replay took 39.3ns 
8558       INFO  main            d.u.i.k.p.r.p.TestFile    ... finished proof: closed. 
8663       INFO  main            d.u.i.k.p.i.AbstractProblemLoader Loading environment from /home/runner/work/key/key/key.core/../key.ui/examples/heap/simple/anonymise_datagroup.key.proof 
8663       DEBUG main            d.u.i.k.p.i.AbstractProblemLoader Environment load took 182.7ns 
8667       INFO  main            d.u.i.k.p.i.AbstractProblemLoader Creating init config 
11470      DEBUG main            d.u.i.k.p.i.AbstractProblemLoader Init config took 2.8s 
11502      INFO  main            d.u.i.k.p.i.AbstractProblemLoader Replaying proof anonymise_datagroup.key.proof 
11516      DEBUG main            d.u.i.k.p.i.IntermediateProofReplayer Proof replay took 8.7ms 
11530      DEBUG main            d.u.i.k.p.r.p.TestFile    ... success: reloaded. 
11531      INFO  main            d.u.i.k.p.r.p.TestFile    Now processing file /home/runner/work/key/key/key.core/../key.ui/examples/heap/simple/array_creation.key 
11532      INFO  main            d.u.i.k.p.i.AbstractProblemLoader Loading environment from /home/runner/work/key/key/key.core/../key.ui/examples/heap/simple/array_creation.key 
11532      DEBUG main            d.u.i.k.p.i.AbstractProblemLoader Environment load took 322.31ns 
11538      INFO  main            d.u.i.k.p.i.AbstractProblemLoader Creating init config 
14284      DEBUG main            d.u.i.k.p.i.AbstractProblemLoader Init config took 2.75s 
14331      INFO  main            d.u.i.k.p.i.AbstractProblemLoader Replaying proof array_creation.key 
14335      DEBUG main            d.u.i.k.p.i.IntermediateProofReplayer Proof replay took 7.7ns 
15151      INFO  main            d.u.i.k.p.r.p.TestFile    ... finished proof: closed. 
15355      INFO  main            d.u.i.k.p.i.AbstractProblemLoader Loading environment from /home/runner/work/key/key/key.core/../key.ui/examples/heap/simple/array_creation.key.proof 
15357      DEBUG main            d.u.i.k.p.i.AbstractProblemLoader Environment load took 1.68ms 
15360      INFO  main            d.u.i.k.p.i.AbstractProblemLoader Creating init config 
18032      DEBUG main            d.u.i.k.p.i.AbstractProblemLoader Init config took 2.67s 
18059      INFO  main            d.u.i.k.p.i.AbstractProblemLoader Replaying proof array_creation.key.proof 
18154      DEBUG main            d.u.i.k.p.i.IntermediateProofReplayer Proof replay took 90.34ms 
18156      DEBUG main            d.u.i.k.p.r.p.TestFile    ... success: reloaded. 
18157      INFO  main            d.u.i.k.p.r.p.TestFile    Now processing file /home/runner/work/key/key/key.core/../key.ui/examples/heap/simple/arrays_with_disjoint_sorts.key 
18158      INFO  main            d.u.i.k.p.i.AbstractProblemLoader Loading environment from /home/runner/work/key/key/key.core/../key.ui/examples/heap/simple/arrays_with_disjoint_sorts.key 
18158      DEBUG main            d.u.i.k.p.i.AbstractProblemLoader Environment load took 256.81ns 
18160      INFO  main            d.u.i.k.p.i.AbstractProblemLoader Creating init config 
20792      DEBUG main            d.u.i.k.p.i.AbstractProblemLoader Init config took 2.63s 
20816      INFO  main            d.u.i.k.p.i.AbstractProblemLoader Replaying proof arrays_with_disjoint_sorts.key 
20818      DEBUG main            d.u.i.k.p.i.IntermediateProofReplayer Proof replay took 7.2ns 
21025      INFO  main            d.u.i.k.p.r.p.TestFile    ... finished proof: closed. 
21196      INFO  main            d.u.i.k.p.i.AbstractProblemLoader Loading environment from /home/runner/work/key/key/key.core/../key.ui/examples/heap/simple/arrays_with_disjoint_sorts.key.proof 
21197      DEBUG main            d.u.i.k.p.i.AbstractProblemLoader Environment load took 557.71ns 
21198      INFO  main            d.u.i.k.p.i.AbstractProblemLoader Creating init config 
23770      DEBUG main            d.u.i.k.p.i.AbstractProblemLoader Init config took 2.57s 
23800      INFO  main            d.u.i.k.p.i.AbstractProblemLoader Replaying proof arrays_with_disjoint_sorts.key.proof 
23842      DEBUG main            d.u.i.k.p.i.IntermediateProofReplayer Proof replay took 35.55ms 
23844      DEBUG main            d.u.i.k.p.r.p.TestFile    ... success: reloaded. 
23845      INFO  main            d.u.i.k.p.r.p.TestFile    Now processing file /home/runner/work/key/key/key.core/../key.ui/examples/heap/simple/arrays.key 
23845      INFO  main            d.u.i.k.p.i.AbstractProblemLoader Loading environment from /home/runner/work/key/key/key.core/../key.ui/examples/heap/simple/arrays.key 
23845      DEBUG main            d.u.i.k.p.i.AbstractProblemLoader Environment load took 110.8ns 
23848      INFO  main            d.u.i.k.p.i.AbstractProblemLoader Creating init config 
26454      DEBUG main            d.u.i.k.p.i.AbstractProblemLoader Init config took 2.61s 
26480      INFO  main            d.u.i.k.p.i.AbstractProblemLoader Replaying proof arrays.key 
26484      DEBUG main            d.u.i.k.p.i.IntermediateProofReplayer Proof replay took 6.5ns 
26687      INFO  main            d.u.i.k.p.r.p.TestFile    ... finished proof: closed. 
26847      INFO  main            d.u.i.k.p.i.AbstractProblemLoader Loading environment from /home/runner/work/key/key/key.core/../key.ui/examples/heap/simple/arrays.key.proof 
26848      DEBUG main            d.u.i.k.p.i.AbstractProblemLoader Environment load took 703.12ns 
26850      INFO  main            d.u.i.k.p.i.AbstractProblemLoader Creating init config 
29406      DEBUG main            d.u.i.k.p.i.AbstractProblemLoader Init config took 2.56s 
29430      INFO  main            d.u.i.k.p.i.AbstractProblemLoader Replaying proof arrays.key.proof 
29463      DEBUG main            d.u.i.k.p.i.IntermediateProofReplayer Proof replay took 29.3ms 
29464      DEBUG main            d.u.i.k.p.r.p.TestFile    ... success: reloaded. 
29466      INFO  main            d.u.i.k.p.r.p.TestFile    Now processing file /home/runner/work/key/key/key.core/../key.ui/examples/heap/simple/attributes.key 
29466      INFO  main            d.u.i.k.p.i.AbstractProblemLoader Loading environment from /home/runner/work/key/key/key.core/../key.ui/examples/heap/simple/attributes.key 
29466      DEBUG main            d.u.i.k.p.i.AbstractProblemLoader Environment load took 146.6ns 
29467      INFO  main            d.u.i.k.p.i.AbstractProblemLoader Creating init config 
32072      DEBUG main            d.u.i.k.p.i.AbstractProblemLoader Init config took 2.6s 
32095      INFO  main            d.u.i.k.p.i.AbstractProblemLoader Replaying proof attributes.key 
32097      DEBUG main            d.u.i.k.p.i.IntermediateProofReplayer Proof replay took 9.2ns 
32202      INFO  main            d.u.i.k.p.r.p.TestFile    ... finished proof: closed. 
32370      INFO  main            d.u.i.k.p.i.AbstractProblemLoader Loading environment from /home/runner/work/key/key/key.core/../key.ui/examples/heap/simple/attributes.key.proof 
32370      DEBUG main            d.u.i.k.p.i.AbstractProblemLoader Environment load took 158.4ns 
32371      INFO  main            d.u.i.k.p.i.AbstractProblemLoader Creating init config 
34898      DEBUG main            d.u.i.k.p.i.AbstractProblemLoader Init config took 2.53s 
34920      INFO  main            d.u.i.k.p.i.AbstractProblemLoader Replaying proof attributes.key.proof 
34924      DEBUG main            d.u.i.k.p.i.IntermediateProofReplayer Proof replay took 1.55ms 
34925      DEBUG main            d.u.i.k.p.r.p.TestFile    ... success: reloaded. 
34926      INFO  main            d.u.i.k.p.r.p.TestFile    Now processing file /home/runner/work/key/key/key.core/../key.ui/examples/heap/simple/constructor_contracts.key 
34926      INFO  main            d.u.i.k.p.i.AbstractProblemLoader Loading environment from /home/runner/work/key/key/key.core/../key.ui/examples/heap/simple/constructor_contracts.key 
34926      DEBUG main            d.u.i.k.p.i.AbstractProblemLoader Environment load took 221ns 
34929      INFO  main            d.u.i.k.p.i.AbstractProblemLoader Creating init config 
37886      DEBUG main            d.u.i.k.p.i.AbstractProblemLoader Init config took 2.96s 
37910      INFO  main            d.u.i.k.p.i.AbstractProblemLoader Replaying proof constructor_contracts.key 
37912      DEBUG main            d.u.i.k.p.i.IntermediateProofReplayer Proof replay took 8.4ns 
38521      INFO  main            d.u.i.k.p.r.p.TestFile    ... finished proof: closed. 
38731      INFO  main            d.u.i.k.p.i.AbstractProblemLoader Loading environment from /home/runner/work/key/key/key.core/../key.ui/examples/heap/simple/constructor_contracts.key.proof 
38732      DEBUG main            d.u.i.k.p.i.AbstractProblemLoader Environment load took 150.2ns 
38735      INFO  main            d.u.i.k.p.i.AbstractProblemLoader Creating init config 
41548      DEBUG main            d.u.i.k.p.i.AbstractProblemLoader Init config took 2.81s 
41574      INFO  main            d.u.i.k.p.i.AbstractProblemLoader Replaying proof constructor_contracts.key.proof 
41687      DEBUG main            d.u.i.k.p.i.IntermediateProofReplayer Proof replay took 104.7ms 
41689      DEBUG main            d.u.i.k.p.r.p.TestFile    ... success: reloaded. 
41691      INFO  main            d.u.i.k.p.r.p.TestFile    Now processing file /home/runner/work/key/key/key.core/../key.ui/examples/heap/simple/dependencies.key 
41692      INFO  main            d.u.i.k.p.i.AbstractProblemLoader Loading environment from /home/runner/work/key/key/key.core/../key.ui/examples/heap/simple/dependencies.key 
41692      DEBUG main            d.u.i.k.p.i.AbstractProblemLoader Environment load took 227.51ns 
41694      INFO  main            d.u.i.k.p.i.AbstractProblemLoader Creating init config 
44257      DEBUG main            d.u.i.k.p.i.AbstractProblemLoader Init config took 2.56s 
44279      INFO  main            d.u.i.k.p.i.AbstractProblemLoader Replaying proof dependencies.key 
44281      DEBUG main            d.u.i.k.p.i.IntermediateProofReplayer Proof replay took 8.6ns 
44387      INFO  main            d.u.i.k.p.r.p.TestFile    ... finished proof: closed. 
44577      INFO  main            d.u.i.k.p.i.AbstractProblemLoader Loading environment from /home/runner/work/key/key/key.core/../key.ui/examples/heap/simple/dependencies.key.proof 
44577      DEBUG main            d.u.i.k.p.i.AbstractProblemLoader Environment load took 149.5ns 
44579      INFO  main            d.u.i.k.p.i.AbstractProblemLoader Creating init config 
47037      DEBUG main            d.u.i.k.p.i.AbstractProblemLoader Init config took 2.46s 
47069      INFO  main            d.u.i.k.p.i.AbstractProblemLoader Replaying proof dependencies.key.proof 
47077      DEBUG main            d.u.i.k.p.i.IntermediateProofReplayer Proof replay took 5.98ms 
47078      DEBUG main            d.u.i.k.p.r.p.TestFile    ... success: reloaded. 
47079      INFO  main            d.u.i.k.p.r.p.TestFile    Now processing file /home/runner/work/key/key/key.core/../key.ui/examples/heap/simple/dependency_contracts.key 
47079      INFO  main            d.u.i.k.p.i.AbstractProblemLoader Loading environment from /home/runner/work/key/key/key.core/../key.ui/examples/heap/simple/dependency_contracts.key 
47079      DEBUG main            d.u.i.k.p.i.AbstractProblemLoader Environment load took 106ns 
47081      INFO  main            d.u.i.k.p.i.AbstractProblemLoader Creating init config 
49871      DEBUG main            d.u.i.k.p.i.AbstractProblemLoader Init config took 2.79s 
49893      INFO  main            d.u.i.k.p.i.AbstractProblemLoader Replaying proof dependency_contracts.key 
49895      DEBUG main            d.u.i.k.p.i.IntermediateProofReplayer Proof replay took 7.8ns 
51303      INFO  main            d.u.i.k.p.r.p.TestFile    ... finished proof: closed. 
51586      INFO  main            d.u.i.k.p.i.AbstractProblemLoader Loading environment from /home/runner/work/key/key/key.core/../key.ui/examples/heap/simple/dependency_contracts.key.proof 
51586      DEBUG main            d.u.i.k.p.i.AbstractProblemLoader Environment load took 511.81ns 
51589      INFO  main            d.u.i.k.p.i.AbstractProblemLoader Creating init config 
54311      DEBUG main            d.u.i.k.p.i.AbstractProblemLoader Init config took 2.72s 
54334      INFO  main            d.u.i.k.p.i.AbstractProblemLoader Replaying proof dependency_contracts.key.proof 
54515      DEBUG main            d.u.i.k.p.i.IntermediateProofReplayer Proof replay took 171.23ms 
54517      DEBUG main            d.u.i.k.p.r.p.TestFile    ... success: reloaded. 
54518      INFO  main            d.u.i.k.p.r.p.TestFile    Now processing file /home/runner/work/key/key/key.core/../key.ui/examples/heap/simple/invariant_preservation.key 
54519      INFO  main            d.u.i.k.p.i.AbstractProblemLoader Loading environment from /home/runner/work/key/key/key.core/../key.ui/examples/heap/simple/invariant_preservation.key 
54519      DEBUG main            d.u.i.k.p.i.AbstractProblemLoader Environment load took 243.81ns 
54521      INFO  main            d.u.i.k.p.i.AbstractProblemLoader Creating init config 
57264      DEBUG main            d.u.i.k.p.i.AbstractProblemLoader Init config took 2.74s 
57285      INFO  main            d.u.i.k.p.i.AbstractProblemLoader Replaying proof invariant_preservation.key 
57287      DEBUG main            d.u.i.k.p.i.IntermediateProofReplayer Proof replay took 10.3ns 
57491      INFO  main            d.u.i.k.p.r.p.TestFile    ... finished proof: closed. 
57717      INFO  main            d.u.i.k.p.i.AbstractProblemLoader Loading environment from /home/runner/work/key/key/key.core/../key.ui/examples/heap/simple/invariant_preservation.key.proof 
57717      DEBUG main            d.u.i.k.p.i.AbstractProblemLoader Environment load took 135.5ns 
57719      INFO  main            d.u.i.k.p.i.AbstractProblemLoader Creating init config 
60411      DEBUG main            d.u.i.k.p.i.AbstractProblemLoader Init config took 2.69s 
60445      INFO  main            d.u.i.k.p.i.AbstractProblemLoader Replaying proof invariant_preservation.key.proof 
60475      DEBUG main            d.u.i.k.p.i.IntermediateProofReplayer Proof replay took 26.55ms 
60477      DEBUG main            d.u.i.k.p.r.p.TestFile    ... success: reloaded. 
60479      INFO  main            d.u.i.k.p.r.p.TestFile    Now processing file /home/runner/work/key/key/key.core/../key.ui/examples/heap/simple/locsets.key 
60479      INFO  main            d.u.i.k.p.i.AbstractProblemLoader Loading environment from /home/runner/work/key/key/key.core/../key.ui/examples/heap/simple/locsets.key 
60479      DEBUG main            d.u.i.k.p.i.AbstractProblemLoader Environment load took 109ns 
60480      INFO  main            d.u.i.k.p.i.AbstractProblemLoader Creating init config 
62936      DEBUG main            d.u.i.k.p.i.AbstractProblemLoader Init config took 2.46s 
62954      INFO  main            d.u.i.k.p.i.AbstractProblemLoader Replaying proof locsets.key 
62955      DEBUG main            d.u.i.k.p.i.IntermediateProofReplayer Proof replay took 7.6ns 
63057      INFO  main            d.u.i.k.p.r.p.TestFile    ... finished proof: closed. 
63260      INFO  main            d.u.i.k.p.i.AbstractProblemLoader Loading environment from /home/runner/work/key/key/key.core/../key.ui/examples/heap/simple/locsets.key.proof 
63261      DEBUG main            d.u.i.k.p.i.AbstractProblemLoader Environment load took 143.1ns 
63262      INFO  main            d.u.i.k.p.i.AbstractProblemLoader Creating init config 
65708      DEBUG main            d.u.i.k.p.i.AbstractProblemLoader Init config took 2.45s 
65729      INFO  main            d.u.i.k.p.i.AbstractProblemLoader Replaying proof locsets.key.proof 
65733      DEBUG main            d.u.i.k.p.i.IntermediateProofReplayer Proof replay took 2.51ms 
65736      DEBUG main            d.u.i.k.p.r.p.TestFile    ... success: reloaded. 
65737      INFO  main            d.u.i.k.p.r.p.TestFile    Now processing file /home/runner/work/key/key/key.core/../key.ui/examples/heap/simple/loop1.key 
65738      INFO  main            d.u.i.k.p.i.AbstractProblemLoader Loading environment from /home/runner/work/key/key/key.core/../key.ui/examples/heap/simple/loop1.key 
65738      DEBUG main            d.u.i.k.p.i.AbstractProblemLoader Environment load took 108.8ns 
65742      INFO  main            d.u.i.k.p.i.AbstractProblemLoader Creating init config 
68468      DEBUG main            d.u.i.k.p.i.AbstractProblemLoader Init config took 2.73s 
68487      INFO  main            d.u.i.k.p.i.AbstractProblemLoader Replaying proof loop1.key 
68488      DEBUG main            d.u.i.k.p.i.IntermediateProofReplayer Proof replay took 8.5ns 
68691      INFO  main            d.u.i.k.p.r.p.TestFile    ... finished proof: closed. 
68896      INFO  main            d.u.i.k.p.i.AbstractProblemLoader Loading environment from /home/runner/work/key/key/key.core/../key.ui/examples/heap/simple/loop1.key.proof 
68896      DEBUG main            d.u.i.k.p.i.AbstractProblemLoader Environment load took 164.2ns 
68898      INFO  main            d.u.i.k.p.i.AbstractProblemLoader Creating init config 
71603      DEBUG main            d.u.i.k.p.i.AbstractProblemLoader Init config took 2.71s 
71621      INFO  main            d.u.i.k.p.i.AbstractProblemLoader Replaying proof loop1.key.proof 
71674      DEBUG main            d.u.i.k.p.i.IntermediateProofReplayer Proof replay took 51.21ms 
71676      DEBUG main            d.u.i.k.p.r.p.TestFile    ... success: reloaded. 
71677      INFO  main            d.u.i.k.p.r.p.TestFile    Now processing file /home/runner/work/key/key/key.core/../key.ui/examples/heap/simple/loop2.key 
71677      INFO  main            d.u.i.k.p.i.AbstractProblemLoader Loading environment from /home/runner/work/key/key/key.core/../key.ui/examples/heap/simple/loop2.key 
71677      DEBUG main            d.u.i.k.p.i.AbstractProblemLoader Environment load took 100.6ns 
71678      INFO  main            d.u.i.k.p.i.AbstractProblemLoader Creating init config 
74430      DEBUG main            d.u.i.k.p.i.AbstractProblemLoader Init config took 2.75s 
74449      INFO  main            d.u.i.k.p.i.AbstractProblemLoader Replaying proof loop2.key 
74451      DEBUG main            d.u.i.k.p.i.IntermediateProofReplayer Proof replay took 10.4ns 
75155      INFO  main            d.u.i.k.p.r.p.TestFile    ... finished proof: closed. 
75402      INFO  main            d.u.i.k.p.i.AbstractProblemLoader Loading environment from /home/runner/work/key/key/key.core/../key.ui/examples/heap/simple/loop2.key.proof 
75402      DEBUG main            d.u.i.k.p.i.AbstractProblemLoader Environment load took 150.9ns 
75404      INFO  main            d.u.i.k.p.i.AbstractProblemLoader Creating init config 
78045      DEBUG main            d.u.i.k.p.i.AbstractProblemLoader Init config took 2.64s 
78062      INFO  main            d.u.i.k.p.i.AbstractProblemLoader Replaying proof loop2.key.proof 
78153      DEBUG main            d.u.i.k.p.i.IntermediateProofReplayer Proof replay took 87.12ms 
78155      DEBUG main            d.u.i.k.p.r.p.TestFile    ... success: reloaded. 
78157      INFO  main            d.u.i.k.p.r.p.TestFile    Now processing file /home/runner/work/key/key/key.core/../key.ui/examples/heap/simple/modifies_datagroup.key 
78157      INFO  main            d.u.i.k.p.i.AbstractProblemLoader Loading environment from /home/runner/work/key/key/key.core/../key.ui/examples/heap/simple/modifies_datagroup.key 
78157      DEBUG main            d.u.i.k.p.i.AbstractProblemLoader Environment load took 215.21ns 
78158      INFO  main            d.u.i.k.p.i.AbstractProblemLoader Creating init config 
80623      DEBUG main            d.u.i.k.p.i.AbstractProblemLoader Init config took 2.46s 
80640      INFO  main            d.u.i.k.p.i.AbstractProblemLoader Replaying proof modifies_datagroup.key 
80641      DEBUG main            d.u.i.k.p.i.IntermediateProofReplayer Proof replay took 8.3ns 
80744      INFO  main            d.u.i.k.p.r.p.TestFile    ... finished proof: closed. 
80985      INFO  main            d.u.i.k.p.i.AbstractProblemLoader Loading environment from /home/runner/work/key/key/key.core/../key.ui/examples/heap/simple/modifies_datagroup.key.proof 
80985      DEBUG main            d.u.i.k.p.i.AbstractProblemLoader Environment load took 137.4ns 
80987      INFO  main            d.u.i.k.p.i.AbstractProblemLoader Creating init config 
83390      DEBUG main            d.u.i.k.p.i.AbstractProblemLoader Init config took 2.4s 
83407      INFO  main            d.u.i.k.p.i.AbstractProblemLoader Replaying proof modifies_datagroup.key.proof 
83412      DEBUG main            d.u.i.k.p.i.IntermediateProofReplayer Proof replay took 2.82ms 
83413      DEBUG main            d.u.i.k.p.r.p.TestFile    ... success: reloaded. 
83414      INFO  main            d.u.i.k.p.r.p.TestFile    Now processing file /home/runner/work/key/key/key.core/../key.ui/examples/heap/simple/modifies.key 
83414      INFO  main            d.u.i.k.p.i.AbstractProblemLoader Loading environment from /home/runner/work/key/key/key.core/../key.ui/examples/heap/simple/modifies.key 
83414      DEBUG main            d.u.i.k.p.i.AbstractProblemLoader Environment load took 148.5ns 
83416      INFO  main            d.u.i.k.p.i.AbstractProblemLoader Creating init config 
85909      DEBUG main            d.u.i.k.p.i.AbstractProblemLoader Init config took 2.49s 
85924      INFO  main            d.u.i.k.p.i.AbstractProblemLoader Replaying proof modifies.key 
85926      DEBUG main            d.u.i.k.p.i.IntermediateProofReplayer Proof replay took 8.3ns 
86028      INFO  main            d.u.i.k.p.r.p.TestFile    ... finished proof: closed. 
86260      INFO  main            d.u.i.k.p.i.AbstractProblemLoader Loading environment from /home/runner/work/key/key/key.core/../key.ui/examples/heap/simple/modifies.key.proof 
86260      DEBUG main            d.u.i.k.p.i.AbstractProblemLoader Environment load took 146.2ns 
86268      INFO  main            d.u.i.k.p.i.AbstractProblemLoader Creating init config 
88715      DEBUG main            d.u.i.k.p.i.AbstractProblemLoader Init config took 2.45s 
88732      INFO  main            d.u.i.k.p.i.AbstractProblemLoader Replaying proof modifies.key.proof 
88746      DEBUG main            d.u.i.k.p.i.IntermediateProofReplayer Proof replay took 11.92ms 
88747      DEBUG main            d.u.i.k.p.r.p.TestFile    ... success: reloaded. 
88748      INFO  main            d.u.i.k.p.r.p.TestFile    Now processing file /home/runner/work/key/key/key.core/../key.ui/examples/heap/simple/object_creation.key 
88748      INFO  main            d.u.i.k.p.i.AbstractProblemLoader Loading environment from /home/runner/work/key/key/key.core/../key.ui/examples/heap/simple/object_creation.key 
88748      DEBUG main            d.u.i.k.p.i.AbstractProblemLoader Environment load took 97.9ns 
88749      INFO  main            d.u.i.k.p.i.AbstractProblemLoader Creating init config 
91237      DEBUG main            d.u.i.k.p.i.AbstractProblemLoader Init config took 2.49s 
91257      INFO  main            d.u.i.k.p.i.AbstractProblemLoader Replaying proof object_creation.key 
91261      DEBUG main            d.u.i.k.p.i.IntermediateProofReplayer Proof replay took 10.3ns 
91564      INFO  main            d.u.i.k.p.r.p.TestFile    ... finished proof: closed. 
91836      INFO  main            d.u.i.k.p.i.AbstractProblemLoader Loading environment from /home/runner/work/key/key/key.core/../key.ui/examples/heap/simple/object_creation.key.proof 
91836      DEBUG main            d.u.i.k.p.i.AbstractProblemLoader Environment load took 135.5ns 
91838      INFO  main            d.u.i.k.p.i.AbstractProblemLoader Creating init config 
94267      DEBUG main            d.u.i.k.p.i.AbstractProblemLoader Init config took 2.43s 
94285      INFO  main            d.u.i.k.p.i.AbstractProblemLoader Replaying proof object_creation.key.proof 
94344      DEBUG main            d.u.i.k.p.i.IntermediateProofReplayer Proof replay took 55.91ms 
94345      DEBUG main            d.u.i.k.p.r.p.TestFile    ... success: reloaded. 
94346      INFO  main            d.u.i.k.p.r.p.TestFile    Now processing file /home/runner/work/key/key/key.core/../key.ui/examples/heap/simple/operation_contracts.key 
94346      INFO  main            d.u.i.k.p.i.AbstractProblemLoader Loading environment from /home/runner/work/key/key/key.core/../key.ui/examples/heap/simple/operation_contracts.key 
94346      DEBUG main            d.u.i.k.p.i.AbstractProblemLoader Environment load took 101.7ns 
94348      INFO  main            d.u.i.k.p.i.AbstractProblemLoader Creating init config 
97095      DEBUG main            d.u.i.k.p.i.AbstractProblemLoader Init config took 2.75s 
97128      INFO  main            d.u.i.k.p.i.AbstractProblemLoader Replaying proof operation_contracts.key 
97129      DEBUG main            d.u.i.k.p.i.IntermediateProofReplayer Proof replay took 9.9ns 
98036      INFO  main            d.u.i.k.p.r.p.TestFile    ... finished proof: closed. 
98311      INFO  main            d.u.i.k.p.i.AbstractProblemLoader Loading environment from /home/runner/work/key/key/key.core/../key.ui/examples/heap/simple/operation_contracts.key.proof 
98312      DEBUG main            d.u.i.k.p.i.AbstractProblemLoader Environment load took 986.72ns 
98314      INFO  main            d.u.i.k.p.i.AbstractProblemLoader Creating init config 
100986     DEBUG main            d.u.i.k.p.i.AbstractProblemLoader Init config took 2.67s 
101004     INFO  main            d.u.i.k.p.i.AbstractProblemLoader Replaying proof operation_contracts.key.proof 
101130     DEBUG main            d.u.i.k.p.i.IntermediateProofReplayer Proof replay took 119.56ms 
101133     DEBUG main            d.u.i.k.p.r.p.TestFile    ... success: reloaded. 
101134     INFO  main            d.u.i.k.p.r.p.TestFile    Now processing file /home/runner/work/key/key/key.core/../key.ui/examples/heap/simple/select_store.key 
101135     INFO  main            d.u.i.k.p.i.AbstractProblemLoader Loading environment from /home/runner/work/key/key/key.core/../key.ui/examples/heap/simple/select_store.key 
101135     DEBUG main            d.u.i.k.p.i.AbstractProblemLoader Environment load took 227.01ns 
101136     INFO  main            d.u.i.k.p.i.AbstractProblemLoader Creating init config 
103609     DEBUG main            d.u.i.k.p.i.AbstractProblemLoader Init config took 2.47s 
103625     INFO  main            d.u.i.k.p.i.AbstractProblemLoader Replaying proof select_store.key 
103627     DEBUG main            d.u.i.k.p.i.IntermediateProofReplayer Proof replay took 7.9ns 
103729     INFO  main            d.u.i.k.p.r.p.TestFile    ... finished proof: closed. 
103999     INFO  main            d.u.i.k.p.i.AbstractProblemLoader Loading environment from /home/runner/work/key/key/key.core/../key.ui/examples/heap/simple/select_store.key.proof 
103999     DEBUG main            d.u.i.k.p.i.AbstractProblemLoader Environment load took 184.8ns 
104001     INFO  main            d.u.i.k.p.i.AbstractProblemLoader Creating init config 
106397     DEBUG main            d.u.i.k.p.i.AbstractProblemLoader Init config took 2.4s 
106413     INFO  main            d.u.i.k.p.i.AbstractProblemLoader Replaying proof select_store.key.proof 
106416     DEBUG main            d.u.i.k.p.i.IntermediateProofReplayer Proof replay took 1.93ms 
106418     DEBUG main            d.u.i.k.p.r.p.TestFile    ... success: reloaded. 
106419     INFO  main            d.u.i.k.p.r.p.TestFile    Now processing file /home/runner/work/key/key/key.core/../key.ui/examples/heap/simple/selection_sort.key 
106419     INFO  main            d.u.i.k.p.i.AbstractProblemLoader Loading environment from /home/runner/work/key/key/key.core/../key.ui/examples/heap/simple/selection_sort.key 
106419     DEBUG main            d.u.i.k.p.i.AbstractProblemLoader Environment load took 206.91ns 
106421     INFO  main            d.u.i.k.p.i.AbstractProblemLoader Creating init config 
109116     DEBUG main            d.u.i.k.p.i.AbstractProblemLoader Init config took 2.7s 
109132     INFO  main            d.u.i.k.p.i.AbstractProblemLoader Replaying proof selection_sort.key 
109137     DEBUG main            d.u.i.k.p.i.IntermediateProofReplayer Proof replay took 7.8ns 
112849     INFO  main            d.u.i.k.p.r.p.TestFile    ... finished proof: closed. 
113166     INFO  main            d.u.i.k.p.i.AbstractProblemLoader Loading environment from /home/runner/work/key/key/key.core/../key.ui/examples/heap/simple/selection_sort.key.proof 
113166     DEBUG main            d.u.i.k.p.i.AbstractProblemLoader Environment load took 488.21ns 
113168     INFO  main            d.u.i.k.p.i.AbstractProblemLoader Creating init config 
115777     DEBUG main            d.u.i.k.p.i.AbstractProblemLoader Init config took 2.61s 
115794     INFO  main            d.u.i.k.p.i.AbstractProblemLoader Replaying proof selection_sort.key.proof 
116244     DEBUG main            d.u.i.k.p.i.IntermediateProofReplayer Proof replay took 425.63ms 
116247     DEBUG main            d.u.i.k.p.r.p.TestFile    ... success: reloaded. 
116251     INFO  main            d.u.i.k.p.r.p.TestFile    Now processing file /home/runner/work/key/key/key.core/../key.ui/examples/heap/simple/seq.key 
116251     INFO  main            d.u.i.k.p.i.AbstractProblemLoader Loading environment from /home/runner/work/key/key/key.core/../key.ui/examples/heap/simple/seq.key 
116251     DEBUG main            d.u.i.k.p.i.AbstractProblemLoader Environment load took 103.2ns 
116252     INFO  main            d.u.i.k.p.i.AbstractProblemLoader Creating init config 
118717     DEBUG main            d.u.i.k.p.i.AbstractProblemLoader Init config took 2.47s 
118739     INFO  main            d.u.i.k.p.i.AbstractProblemLoader Replaying proof seq.key 
118740     DEBUG main            d.u.i.k.p.i.IntermediateProofReplayer Proof replay took 11.9ns 
119144     INFO  main            d.u.i.k.p.r.p.TestFile    ... finished proof: closed. 
119490     INFO  main            d.u.i.k.p.i.AbstractProblemLoader Loading environment from /home/runner/work/key/key/key.core/../key.ui/examples/heap/simple/seq.key.proof 
119491     DEBUG main            d.u.i.k.p.i.AbstractProblemLoader Environment load took 517.31ns 
119493     INFO  main            d.u.i.k.p.i.AbstractProblemLoader Creating init config 
121848     DEBUG main            d.u.i.k.p.i.AbstractProblemLoader Init config took 2.36s 
121864     INFO  main            d.u.i.k.p.i.AbstractProblemLoader Replaying proof seq.key.proof 
121895     DEBUG main            d.u.i.k.p.i.IntermediateProofReplayer Proof replay took 25.91ms 
121896     DEBUG main            d.u.i.k.p.r.p.TestFile    ... success: reloaded. 
121897     INFO  main            d.u.i.k.p.r.p.TestFile    Now processing file /home/runner/work/key/key/key.core/../key.ui/examples/heap/simple/oldForParams.key 
121897     INFO  main            d.u.i.k.p.i.AbstractProblemLoader Loading environment from /home/runner/work/key/key/key.core/../key.ui/examples/heap/simple/oldForParams.key 
121898     DEBUG main            d.u.i.k.p.i.AbstractProblemLoader Environment load took 206.6ns 
121899     INFO  main            d.u.i.k.p.i.AbstractProblemLoader Creating init config 
124556     DEBUG main            d.u.i.k.p.i.AbstractProblemLoader Init config took 2.66s 
124633     INFO  main            d.u.i.k.p.i.AbstractProblemLoader Replaying proof OldForParameters[OldForParameters::method(int)].JML operation contract.0 
124636     DEBUG main            d.u.i.k.p.i.IntermediateProofReplayer Proof replay took 9.4ns 
124840     INFO  main            d.u.i.k.p.r.p.TestFile    ... finished proof: closed. 
125130     INFO  main            d.u.i.k.p.i.AbstractProblemLoader Loading environment from /home/runner/work/key/key/key.core/../key.ui/examples/heap/simple/oldForParams.key.proof 
125130     DEBUG main            d.u.i.k.p.i.AbstractProblemLoader Environment load took 124.7ns 
125131     INFO  main            d.u.i.k.p.i.AbstractProblemLoader Creating init config 
127742     DEBUG main            d.u.i.k.p.i.AbstractProblemLoader Init config took 2.61s 
127785     INFO  main            d.u.i.k.p.i.AbstractProblemLoader Replaying proof OldForParameters[OldForParameters::method(int)].JML operation contract.0 
127823     DEBUG main            d.u.i.k.p.i.IntermediateProofReplayer Proof replay took 35.57ms 
127824     DEBUG main            d.u.i.k.p.r.p.TestFile    ... success: reloaded. 
127825     INFO  main            d.u.i.k.p.r.p.TestFile    Now processing file /home/runner/work/key/key/key.core/../key.ui/examples/heap/simple/parse_lmtd.key 
127825     INFO  main            d.u.i.k.p.i.AbstractProblemLoader Loading environment from /home/runner/work/key/key/key.core/../key.ui/examples/heap/simple/parse_lmtd.key 
127825     DEBUG main            d.u.i.k.p.i.AbstractProblemLoader Environment load took 98.6ns 
127826     INFO  main            d.u.i.k.p.i.AbstractProblemLoader Creating init config 
130518     DEBUG main            d.u.i.k.p.i.AbstractProblemLoader Init config took 2.69s 
130561     INFO  main            d.u.i.k.p.i.AbstractProblemLoader Replaying proof ParseLmtd[ParseLmtd::simple(int)].JML normal_behavior operation contract.0 
130563     DEBUG main            d.u.i.k.p.i.IntermediateProofReplayer Proof replay took 7.6ns 
130666     INFO  main            d.u.i.k.p.r.p.TestFile    ... finished proof: closed. 
130943     INFO  main            d.u.i.k.p.i.AbstractProblemLoader Loading environment from /home/runner/work/key/key/key.core/../key.ui/examples/heap/simple/parse_lmtd.key.proof 
130943     DEBUG main            d.u.i.k.p.i.AbstractProblemLoader Environment load took 128.4ns 
130944     INFO  main            d.u.i.k.p.i.AbstractProblemLoader Creating init config 
133586     DEBUG main            d.u.i.k.p.i.AbstractProblemLoader Init config took 2.64s 
133627     INFO  main            d.u.i.k.p.i.AbstractProblemLoader Replaying proof ParseLmtd[ParseLmtd::simple(int)].JML normal_behavior operation contract.0 
133648     DEBUG main            d.u.i.k.p.i.IntermediateProofReplayer Proof replay took 18.25ms 
133649     DEBUG main            d.u.i.k.p.r.p.TestFile    ... success: reloaded. 
133649     INFO  main            d.u.i.k.p.r.p.TestFile    Now processing file /home/runner/work/key/key/key.core/../key.ui/examples/heap/strictly_pure/strictlyPureMethod.key 
133650     INFO  main            d.u.i.k.p.i.AbstractProblemLoader Loading environment from /home/runner/work/key/key/key.core/../key.ui/examples/heap/strictly_pure/strictlyPureMethod.key 
133650     DEBUG main            d.u.i.k.p.i.AbstractProblemLoader Environment load took 83.8ns 
133651     INFO  main            d.u.i.k.p.i.AbstractProblemLoader Creating init config 
136163     DEBUG main            d.u.i.k.p.i.AbstractProblemLoader Init config took 2.51s 
136203     INFO  main            d.u.i.k.p.i.AbstractProblemLoader Replaying proof StrictlyPure[StrictlyPure::strictlyPureMethod()].JML operation contract.0 
136205     DEBUG main            d.u.i.k.p.i.IntermediateProofReplayer Proof replay took 10.5ns 
136410     INFO  main            d.u.i.k.p.r.p.TestFile    ... finished proof: closed. 
136678     INFO  main            d.u.i.k.p.i.AbstractProblemLoader Loading environment from /home/runner/work/key/key/key.core/../key.ui/examples/heap/strictly_pure/strictlyPureMethod.key.proof 
136679     DEBUG main            d.u.i.k.p.i.AbstractProblemLoader Environment load took 125.4ns 
136680     INFO  main            d.u.i.k.p.i.AbstractProblemLoader Creating init config 
139140     DEBUG main            d.u.i.k.p.i.AbstractProblemLoader Init config took 2.46s 
139177     INFO  main            d.u.i.k.p.i.AbstractProblemLoader Replaying proof StrictlyPure[StrictlyPure::strictlyPureMethod()].JML operation contract.0 
139209     DEBUG main            d.u.i.k.p.i.IntermediateProofReplayer Proof replay took 29.37ms 
139210     DEBUG main            d.u.i.k.p.r.p.TestFile    ... success: reloaded. 
139215     INFO  main            d.u.i.k.p.r.p.TestFile    Now processing file /home/runner/work/key/key/key.core/../key.ui/examples/heap/strictly_pure/useStrictlyPureMethod.key 
139215     INFO  main            d.u.i.k.p.i.AbstractProblemLoader Loading environment from /home/runner/work/key/key/key.core/../key.ui/examples/heap/strictly_pure/useStrictlyPureMethod.key 
139215     DEBUG main            d.u.i.k.p.i.AbstractProblemLoader Environment load took 236.11ns 
139216     INFO  main            d.u.i.k.p.i.AbstractProblemLoader Creating init config 
141743     DEBUG main            d.u.i.k.p.i.AbstractProblemLoader Init config took 2.53s 
141780     INFO  main            d.u.i.k.p.i.AbstractProblemLoader Replaying proof StrictlyPure[StrictlyPure::useStrictlyPureMethod(StrictlyPureClass)].JML operation contract.0 
141782     DEBUG main            d.u.i.k.p.i.IntermediateProofReplayer Proof replay took 7ns 
141986     INFO  main            d.u.i.k.p.r.p.TestFile    ... finished proof: closed. 
142283     INFO  main            d.u.i.k.p.i.AbstractProblemLoader Loading environment from /home/runner/work/key/key/key.core/../key.ui/examples/heap/strictly_pure/useStrictlyPureMethod.key.proof 
142283     DEBUG main            d.u.i.k.p.i.AbstractProblemLoader Environment load took 132.6ns 
142284     INFO  main            d.u.i.k.p.i.AbstractProblemLoader Creating init config 
144793     DEBUG main            d.u.i.k.p.i.AbstractProblemLoader Init config took 2.51s 
144830     INFO  main            d.u.i.k.p.i.AbstractProblemLoader Replaying proof StrictlyPure[StrictlyPure::useStrictlyPureMethod(StrictlyPureClass)].JML operation contract.0 
144880     DEBUG main            d.u.i.k.p.i.IntermediateProofReplayer Proof replay took 46.81ms 
144881     DEBUG main            d.u.i.k.p.r.p.TestFile    ... success: reloaded. 
144882     INFO  main            d.u.i.k.p.r.p.TestFile    Now processing file /home/runner/work/key/key/key.core/../key.ui/examples/heap/Wellfounded/ackermann.key 
144882     INFO  main            d.u.i.k.p.i.AbstractProblemLoader Loading environment from /home/runner/work/key/key/key.core/../key.ui/examples/heap/Wellfounded/ackermann.key 
144883     DEBUG main            d.u.i.k.p.i.AbstractProblemLoader Environment load took 130.3ns 
144883     INFO  main            d.u.i.k.p.i.AbstractProblemLoader Creating init config 
147497     DEBUG main            d.u.i.k.p.i.AbstractProblemLoader Init config took 2.61s 
147553     INFO  main            d.u.i.k.p.i.AbstractProblemLoader Replaying proof Ackermann[Ackermann::a(int,int)].JML normal_behavior operation contract.0 
147555     DEBUG main            d.u.i.k.p.i.IntermediateProofReplayer Proof replay took 8.5ns 
147858     INFO  main            d.u.i.k.p.r.p.TestFile    ... finished proof: closed. 
148246     INFO  main            d.u.i.k.p.i.AbstractProblemLoader Loading environment from /home/runner/work/key/key/key.core/../key.ui/examples/heap/Wellfounded/ackermann.key.proof 
148247     DEBUG main            d.u.i.k.p.i.AbstractProblemLoader Environment load took 1.56ms 
148248     INFO  main            d.u.i.k.p.i.AbstractProblemLoader Creating init config 
150760     DEBUG main            d.u.i.k.p.i.AbstractProblemLoader Init config took 2.51s 
150798     INFO  main            d.u.i.k.p.i.AbstractProblemLoader Replaying proof Ackermann[Ackermann::a(int,int)].JML normal_behavior operation contract.0 
150854     DEBUG main            d.u.i.k.p.i.IntermediateProofReplayer Proof replay took 52.21ms 
150855     DEBUG main            d.u.i.k.p.r.p.TestFile    ... success: reloaded. 
150856     INFO  main            d.u.i.k.p.r.p.TestFile    Now processing file /home/runner/work/key/key/key.core/../key.ui/examples/standard_key/unicode_test.key 
150856     INFO  main            d.u.i.k.p.i.AbstractProblemLoader Loading environment from /home/runner/work/key/key/key.core/../key.ui/examples/standard_key/unicode_test.key 
150856     DEBUG main            d.u.i.k.p.i.AbstractProblemLoader Environment load took 103.2ns 
150862     INFO  main            d.u.i.k.p.i.AbstractProblemLoader Creating init config 
153345     DEBUG main            d.u.i.k.p.i.AbstractProblemLoader Init config took 2.48s 
153359     INFO  main            d.u.i.k.p.i.AbstractProblemLoader Replaying proof unicode_test.key 
153361     DEBUG main            d.u.i.k.p.i.IntermediateProofReplayer Proof replay took 8ns 
153466     INFO  main            d.u.i.k.p.r.p.TestFile    ... finished proof: closed. 
153772     INFO  main            d.u.i.k.p.i.AbstractProblemLoader Loading environment from /home/runner/work/key/key/key.core/../key.ui/examples/standard_key/unicode_test.key.proof 
153773     DEBUG main            d.u.i.k.p.i.AbstractProblemLoader Environment load took 296.41ns 
153774     INFO  main            d.u.i.k.p.i.AbstractProblemLoader Creating init config 
156162     DEBUG main            d.u.i.k.p.i.AbstractProblemLoader Init config took 2.39s 
156177     INFO  main            d.u.i.k.p.i.AbstractProblemLoader Replaying proof unicode_test.key.proof 
156181     DEBUG main            d.u.i.k.p.i.IntermediateProofReplayer Proof replay took 472.61ns 
156182     DEBUG main            d.u.i.k.p.r.p.TestFile    ... success: reloaded. 
156183     INFO  main            d.u.i.k.p.r.p.TestFile    Now processing file /home/runner/work/key/key/key.core/../key.ui/examples/heap/strictlyModular/mayExpand.key 
156183     INFO  main            d.u.i.k.p.i.AbstractProblemLoader Loading environment from /home/runner/work/key/key/key.core/../key.ui/examples/heap/strictlyModular/mayExpand.key 
156186     DEBUG main            d.u.i.k.p.i.AbstractProblemLoader Environment load took 3.01ms 
156187     INFO  main            d.u.i.k.p.i.AbstractProblemLoader Creating init config 
158739     DEBUG main            d.u.i.k.p.i.AbstractProblemLoader Init config took 2.55s 
158778     INFO  main            d.u.i.k.p.i.AbstractProblemLoader Replaying proof Modular[Modular::m()].JML operation contract.0 
158780     DEBUG main            d.u.i.k.p.i.IntermediateProofReplayer Proof replay took 9.5ns 
158886     INFO  main            d.u.i.k.p.r.p.TestFile    ... finished proof: closed. 
159193     INFO  main            d.u.i.k.p.i.AbstractProblemLoader Loading environment from /home/runner/work/key/key/key.core/../key.ui/examples/heap/strictlyModular/mayExpand.key.proof 
159193     DEBUG main            d.u.i.k.p.i.AbstractProblemLoader Environment load took 118.6ns 
159194     INFO  main            d.u.i.k.p.i.AbstractProblemLoader Creating init config 
161658     DEBUG main            d.u.i.k.p.i.AbstractProblemLoader Init config took 2.46s 
161696     INFO  main            d.u.i.k.p.i.AbstractProblemLoader Replaying proof Modular[Modular::m()].JML operation contract.0 
161711     DEBUG main            d.u.i.k.p.i.IntermediateProofReplayer Proof replay took 12.46ms 
161712     DEBUG main            d.u.i.k.p.r.p.TestFile    ... success: reloaded. 
161713     INFO  main            d.u.i.k.p.r.p.TestFile    Now processing file /home/runner/work/key/key/key.core/../key.ui/examples/heap/strictlyModular/modularOnly.key 
161714     INFO  main            d.u.i.k.p.i.AbstractProblemLoader Loading environment from /home/runner/work/key/key/key.core/../key.ui/examples/heap/strictlyModular/modularOnly.key 
161714     DEBUG main            d.u.i.k.p.i.AbstractProblemLoader Environment load took 236.6ns 
161715     INFO  main            d.u.i.k.p.i.AbstractProblemLoader Creating init config 
164270     DEBUG main            d.u.i.k.p.i.AbstractProblemLoader Init config took 2.55s 
164307     INFO  main            d.u.i.k.p.i.AbstractProblemLoader Replaying proof Modular[Modular::m()].JML operation contract.0 
164308     DEBUG main            d.u.i.k.p.i.IntermediateProofReplayer Proof replay took 9.5ns 
164413     INFO  main            d.u.i.k.p.r.p.TestFile    ... finished proof: open goal(s) 
1888200    INFO  Test worker     d.u.i.k.p.r.RunAllProofsTestUnit Returning from test simpleTests 
1888205    INFO  Test worker     d.u.i.k.p.r.RunAllProofsTestUnit Running test SmansEtAl 
369        INFO  Timeout watchdog d.u.i.k.p.r.p.ForkedTestFileRunner Timeout watcher launched (2000 secs.) 
396        WARN  main            d.u.i.k.s.ProofSettings   The settings in /home/runner/.key/proof-settings.props are *not* read. 
450        INFO  main            d.u.i.k.p.r.p.TestFile    Now processing file /home/runner/work/key/key/key.core/../key.ui/examples/heap/SmansEtAl/ArrayList_add.key 
582        INFO  main            d.u.i.k.p.i.AbstractProblemLoader Loading environment from /home/runner/work/key/key/key.core/../key.ui/examples/heap/SmansEtAl/ArrayList_add.key 
600        DEBUG main            d.u.i.k.p.i.AbstractProblemLoader Environment load took 2.03ms 
875        INFO  main            d.u.i.k.p.i.AbstractProblemLoader Creating init config 
1741       DEBUG main            d.u.i.k.j.TypeConverter   No LDT found for Meta 
1742       DEBUG main            d.u.i.k.j.TypeConverter   No LDT found for Meta 
1744       DEBUG main            d.u.i.k.j.TypeConverter   No LDT found for Meta 
1745       DEBUG main            d.u.i.k.j.TypeConverter   No LDT found for Meta 
2992       DEBUG main            d.u.i.k.j.TypeConverter   No LDT found for JavaBigintExpression 
8628       DEBUG main            d.u.i.k.p.i.AbstractProblemLoader Init config took 7.75s 
8766       INFO  main            d.u.i.k.p.i.AbstractProblemLoader Replaying proof ArrayList[ArrayList::add(java.lang.Object)].JML normal_behavior operation contract.0 
8800       DEBUG main            d.u.i.k.p.i.IntermediateProofReplayer Proof replay took 38.4ns 
16465      INFO  main            d.u.i.k.p.r.p.TestFile    ... finished proof: closed. 
16691      INFO  main            d.u.i.k.p.i.AbstractProblemLoader Loading environment from /home/runner/work/key/key/key.core/../key.ui/examples/heap/SmansEtAl/ArrayList_add.key.proof 
16692      DEBUG main            d.u.i.k.p.i.AbstractProblemLoader Environment load took 1.04ms 
16695      INFO  main            d.u.i.k.p.i.AbstractProblemLoader Creating init config 
19813      DEBUG main            d.u.i.k.p.i.AbstractProblemLoader Init config took 3.12s 
19875      INFO  main            d.u.i.k.p.i.AbstractProblemLoader Replaying proof ArrayList[ArrayList::add(java.lang.Object)].JML normal_behavior operation contract.0 
20593      DEBUG main            d.u.i.k.p.i.IntermediateProofReplayer Proof replay took 688.33ms 
20607      DEBUG main            d.u.i.k.p.r.p.TestFile    ... success: reloaded. 
20610      INFO  main            d.u.i.k.p.r.p.TestFile    Now processing file /home/runner/work/key/key/key.core/../key.ui/examples/heap/SmansEtAl/ArrayList_ArrayList.key 
20611      INFO  main            d.u.i.k.p.i.AbstractProblemLoader Loading environment from /home/runner/work/key/key/key.core/../key.ui/examples/heap/SmansEtAl/ArrayList_ArrayList.key 
20611      DEBUG main            d.u.i.k.p.i.AbstractProblemLoader Environment load took 90.9ns 
20615      INFO  main            d.u.i.k.p.i.AbstractProblemLoader Creating init config 
23763      DEBUG main            d.u.i.k.p.i.AbstractProblemLoader Init config took 3.15s 
23822      INFO  main            d.u.i.k.p.i.AbstractProblemLoader Replaying proof ArrayList[ArrayList::ArrayList()].JML normal_behavior operation contract.0 
23825      DEBUG main            d.u.i.k.p.i.IntermediateProofReplayer Proof replay took 8.9ns 
24931      INFO  main            d.u.i.k.p.r.p.TestFile    ... finished proof: closed. 
25124      INFO  main            d.u.i.k.p.i.AbstractProblemLoader Loading environment from /home/runner/work/key/key/key.core/../key.ui/examples/heap/SmansEtAl/ArrayList_ArrayList.key.proof 
25125      DEBUG main            d.u.i.k.p.i.AbstractProblemLoader Environment load took 827.62ns 
25126      INFO  main            d.u.i.k.p.i.AbstractProblemLoader Creating init config 
28073      DEBUG main            d.u.i.k.p.i.AbstractProblemLoader Init config took 2.95s 
28160      INFO  main            d.u.i.k.p.i.AbstractProblemLoader Replaying proof ArrayList[ArrayList::ArrayList()].JML normal_behavior operation contract.0 
28330      DEBUG main            d.u.i.k.p.i.IntermediateProofReplayer Proof replay took 153.83ms 
28332      DEBUG main            d.u.i.k.p.r.p.TestFile    ... success: reloaded. 
28334      INFO  main            d.u.i.k.p.r.p.TestFile    Now processing file /home/runner/work/key/key/key.core/../key.ui/examples/heap/SmansEtAl/ArrayList_footprint.key 
28335      INFO  main            d.u.i.k.p.i.AbstractProblemLoader Loading environment from /home/runner/work/key/key/key.core/../key.ui/examples/heap/SmansEtAl/ArrayList_footprint.key 
28335      DEBUG main            d.u.i.k.p.i.AbstractProblemLoader Environment load took 128.4ns 
28337      INFO  main            d.u.i.k.p.i.AbstractProblemLoader Creating init config 
31290      DEBUG main            d.u.i.k.p.i.AbstractProblemLoader Init config took 2.95s 
31341      INFO  main            d.u.i.k.p.i.AbstractProblemLoader Replaying proof ArrayList[ArrayList::$footprint()].JML accessible clause.0 
31343      DEBUG main            d.u.i.k.p.i.IntermediateProofReplayer Proof replay took 9ns 
31446      INFO  main            d.u.i.k.p.r.p.TestFile    ... finished proof: closed. 
31635      INFO  main            d.u.i.k.p.i.AbstractProblemLoader Loading environment from /home/runner/work/key/key/key.core/../key.ui/examples/heap/SmansEtAl/ArrayList_footprint.key.proof 
31635      DEBUG main            d.u.i.k.p.i.AbstractProblemLoader Environment load took 140.7ns 
31637      INFO  main            d.u.i.k.p.i.AbstractProblemLoader Creating init config 
34567      DEBUG main            d.u.i.k.p.i.AbstractProblemLoader Init config took 2.93s 
34614      INFO  main            d.u.i.k.p.i.AbstractProblemLoader Replaying proof ArrayList[ArrayList::$footprint()].JML accessible clause.0 
34626      DEBUG main            d.u.i.k.p.i.IntermediateProofReplayer Proof replay took 9.28ms 
34627      DEBUG main            d.u.i.k.p.r.p.TestFile    ... success: reloaded. 
34629      INFO  main            d.u.i.k.p.r.p.TestFile    Now processing file /home/runner/work/key/key/key.core/../key.ui/examples/heap/SmansEtAl/ArrayList_get_dep.key 
34629      INFO  main            d.u.i.k.p.i.AbstractProblemLoader Loading environment from /home/runner/work/key/key/key.core/../key.ui/examples/heap/SmansEtAl/ArrayList_get_dep.key 
34630      DEBUG main            d.u.i.k.p.i.AbstractProblemLoader Environment load took 287.11ns 
34634      INFO  main            d.u.i.k.p.i.AbstractProblemLoader Creating init config 
37520      DEBUG main            d.u.i.k.p.i.AbstractProblemLoader Init config took 2.89s 
37574      INFO  main            d.u.i.k.p.i.AbstractProblemLoader Replaying proof ArrayList[ArrayList::get(int)].JML accessible clause.0 
37578      DEBUG main            d.u.i.k.p.i.IntermediateProofReplayer Proof replay took 8.2ns 
37881      INFO  main            d.u.i.k.p.r.p.TestFile    ... finished proof: closed. 
38079      INFO  main            d.u.i.k.p.i.AbstractProblemLoader Loading environment from /home/runner/work/key/key/key.core/../key.ui/examples/heap/SmansEtAl/ArrayList_get_dep.key.proof 
38079      DEBUG main            d.u.i.k.p.i.AbstractProblemLoader Environment load took 706.12ns 
38081      INFO  main            d.u.i.k.p.i.AbstractProblemLoader Creating init config 
40909      DEBUG main            d.u.i.k.p.i.AbstractProblemLoader Init config took 2.83s 
40982      INFO  main            d.u.i.k.p.i.AbstractProblemLoader Replaying proof ArrayList[ArrayList::get(int)].JML accessible clause.0 
41027      DEBUG main            d.u.i.k.p.i.IntermediateProofReplayer Proof replay took 41.02ms 
41031      DEBUG main            d.u.i.k.p.r.p.TestFile    ... success: reloaded. 
41032      INFO  main            d.u.i.k.p.r.p.TestFile    Now processing file /home/runner/work/key/key/key.core/../key.ui/examples/heap/SmansEtAl/ArrayList_get.key 
41033      INFO  main            d.u.i.k.p.i.AbstractProblemLoader Loading environment from /home/runner/work/key/key/key.core/../key.ui/examples/heap/SmansEtAl/ArrayList_get.key 
41033      DEBUG main            d.u.i.k.p.i.AbstractProblemLoader Environment load took 245.41ns 
41035      INFO  main            d.u.i.k.p.i.AbstractProblemLoader Creating init config 
43948      DEBUG main            d.u.i.k.p.i.AbstractProblemLoader Init config took 2.91s 
43995      INFO  main            d.u.i.k.p.i.AbstractProblemLoader Replaying proof ArrayList[ArrayList::get(int)].JML normal_behavior operation contract.0 
43997      DEBUG main            d.u.i.k.p.i.IntermediateProofReplayer Proof replay took 8.5ns 
44200      INFO  main            d.u.i.k.p.r.p.TestFile    ... finished proof: closed. 
44447      INFO  main            d.u.i.k.p.i.AbstractProblemLoader Loading environment from /home/runner/work/key/key/key.core/../key.ui/examples/heap/SmansEtAl/ArrayList_get.key.proof 
44447      DEBUG main            d.u.i.k.p.i.AbstractProblemLoader Environment load took 149.6ns 
44449      INFO  main            d.u.i.k.p.i.AbstractProblemLoader Creating init config 
47244      DEBUG main            d.u.i.k.p.i.AbstractProblemLoader Init config took 2.79s 
47291      INFO  main            d.u.i.k.p.i.AbstractProblemLoader Replaying proof ArrayList[ArrayList::get(int)].JML normal_behavior operation contract.0 
47320      DEBUG main            d.u.i.k.p.i.IntermediateProofReplayer Proof replay took 25.37ms 
47321      DEBUG main            d.u.i.k.p.r.p.TestFile    ... success: reloaded. 
47329      INFO  main            d.u.i.k.p.r.p.TestFile    Now processing file /home/runner/work/key/key/key.core/../key.ui/examples/heap/SmansEtAl/ArrayList_inv.key 
47330      INFO  main            d.u.i.k.p.i.AbstractProblemLoader Loading environment from /home/runner/work/key/key/key.core/../key.ui/examples/heap/SmansEtAl/ArrayList_inv.key 
47330      DEBUG main            d.u.i.k.p.i.AbstractProblemLoader Environment load took 119.4ns 
47332      INFO  main            d.u.i.k.p.i.AbstractProblemLoader Creating init config 
50207      DEBUG main            d.u.i.k.p.i.AbstractProblemLoader Init config took 2.87s 
50273      INFO  main            d.u.i.k.p.i.AbstractProblemLoader Replaying proof ArrayList[java.lang.Object::<inv>()].JML accessible clause.0 
50275      DEBUG main            d.u.i.k.p.i.IntermediateProofReplayer Proof replay took 7.1ns 
50381      INFO  main            d.u.i.k.p.r.p.TestFile    ... finished proof: closed. 
50563      INFO  main            d.u.i.k.p.i.AbstractProblemLoader Loading environment from /home/runner/work/key/key/key.core/../key.ui/examples/heap/SmansEtAl/ArrayList_inv.key.proof 
50563      DEBUG main            d.u.i.k.p.i.AbstractProblemLoader Environment load took 135.3ns 
50564      INFO  main            d.u.i.k.p.i.AbstractProblemLoader Creating init config 
53294      DEBUG main            d.u.i.k.p.i.AbstractProblemLoader Init config took 2.73s 
53339      INFO  main            d.u.i.k.p.i.AbstractProblemLoader Replaying proof ArrayList[java.lang.Object::<inv>()].JML accessible clause.0 
53350      DEBUG main            d.u.i.k.p.i.IntermediateProofReplayer Proof replay took 8.73ms 
53351      DEBUG main            d.u.i.k.p.r.p.TestFile    ... success: reloaded. 
53352      INFO  main            d.u.i.k.p.r.p.TestFile    Now processing file /home/runner/work/key/key/key.core/../key.ui/examples/heap/SmansEtAl/ArrayList_size_dep.key 
53353      INFO  main            d.u.i.k.p.i.AbstractProblemLoader Loading environment from /home/runner/work/key/key/key.core/../key.ui/examples/heap/SmansEtAl/ArrayList_size_dep.key 
53353      DEBUG main            d.u.i.k.p.i.AbstractProblemLoader Environment load took 155.2ns 
53354      INFO  main            d.u.i.k.p.i.AbstractProblemLoader Creating init config 
56137      DEBUG main            d.u.i.k.p.i.AbstractProblemLoader Init config took 2.78s 
56186      INFO  main            d.u.i.k.p.i.AbstractProblemLoader Replaying proof ArrayList[ArrayList::size()].JML accessible clause.0 
56188      DEBUG main            d.u.i.k.p.i.IntermediateProofReplayer Proof replay took 7.1ns 
56291      INFO  main            d.u.i.k.p.r.p.TestFile    ... finished proof: closed. 
56480      INFO  main            d.u.i.k.p.i.AbstractProblemLoader Loading environment from /home/runner/work/key/key/key.core/../key.ui/examples/heap/SmansEtAl/ArrayList_size_dep.key.proof 
56481      DEBUG main            d.u.i.k.p.i.AbstractProblemLoader Environment load took 141.7ns 
56482      INFO  main            d.u.i.k.p.i.AbstractProblemLoader Creating init config 
59254      DEBUG main            d.u.i.k.p.i.AbstractProblemLoader Init config took 2.77s 
59296      INFO  main            d.u.i.k.p.i.AbstractProblemLoader Replaying proof ArrayList[ArrayList::size()].JML accessible clause.0 
59310      DEBUG main            d.u.i.k.p.i.IntermediateProofReplayer Proof replay took 12.38ms 
59312      DEBUG main            d.u.i.k.p.r.p.TestFile    ... success: reloaded. 
59313      INFO  main            d.u.i.k.p.r.p.TestFile    Now processing file /home/runner/work/key/key/key.core/../key.ui/examples/heap/SmansEtAl/ArrayList_size.key 
59314      INFO  main            d.u.i.k.p.i.AbstractProblemLoader Loading environment from /home/runner/work/key/key/key.core/../key.ui/examples/heap/SmansEtAl/ArrayList_size.key 
59314      DEBUG main            d.u.i.k.p.i.AbstractProblemLoader Environment load took 220.81ns 
59315      INFO  main            d.u.i.k.p.i.AbstractProblemLoader Creating init config 
62086      DEBUG main            d.u.i.k.p.i.AbstractProblemLoader Init config took 2.77s 
62127      INFO  main            d.u.i.k.p.i.AbstractProblemLoader Replaying proof ArrayList[ArrayList::size()].JML normal_behavior operation contract.0 
62130      DEBUG main            d.u.i.k.p.i.IntermediateProofReplayer Proof replay took 6.8ns 
62232      INFO  main            d.u.i.k.p.r.p.TestFile    ... finished proof: closed. 
62427      INFO  main            d.u.i.k.p.i.AbstractProblemLoader Loading environment from /home/runner/work/key/key/key.core/../key.ui/examples/heap/SmansEtAl/ArrayList_size.key.proof 
62427      DEBUG main            d.u.i.k.p.i.AbstractProblemLoader Environment load took 137.9ns 
62428      INFO  main            d.u.i.k.p.i.AbstractProblemLoader Creating init config 
65154      DEBUG main            d.u.i.k.p.i.AbstractProblemLoader Init config took 2.73s 
65206      INFO  main            d.u.i.k.p.i.AbstractProblemLoader Replaying proof ArrayList[ArrayList::size()].JML normal_behavior operation contract.0 
65220      DEBUG main            d.u.i.k.p.i.IntermediateProofReplayer Proof replay took 12.21ms 
65222      DEBUG main            d.u.i.k.p.r.p.TestFile    ... success: reloaded. 
65223      INFO  main            d.u.i.k.p.r.p.TestFile    Now processing file /home/runner/work/key/key/key.core/../key.ui/examples/heap/SmansEtAl/Cell_Cell.key 
65223      INFO  main            d.u.i.k.p.i.AbstractProblemLoader Loading environment from /home/runner/work/key/key/key.core/../key.ui/examples/heap/SmansEtAl/Cell_Cell.key 
65223      DEBUG main            d.u.i.k.p.i.AbstractProblemLoader Environment load took 101.9ns 
65224      INFO  main            d.u.i.k.p.i.AbstractProblemLoader Creating init config 
68002      DEBUG main            d.u.i.k.p.i.AbstractProblemLoader Init config took 2.78s 
68040      INFO  main            d.u.i.k.p.i.AbstractProblemLoader Replaying proof Cell[Cell::Cell()].JML normal_behavior operation contract.0 
68041      DEBUG main            d.u.i.k.p.i.IntermediateProofReplayer Proof replay took 8ns 
68247      INFO  main            d.u.i.k.p.r.p.TestFile    ... finished proof: closed. 
68455      INFO  main            d.u.i.k.p.i.AbstractProblemLoader Loading environment from /home/runner/work/key/key/key.core/../key.ui/examples/heap/SmansEtAl/Cell_Cell.key.proof 
68455      DEBUG main            d.u.i.k.p.i.AbstractProblemLoader Environment load took 155.1ns 
68456      INFO  main            d.u.i.k.p.i.AbstractProblemLoader Creating init config 
71162      DEBUG main            d.u.i.k.p.i.AbstractProblemLoader Init config took 2.71s 
71202      INFO  main            d.u.i.k.p.i.AbstractProblemLoader Replaying proof Cell[Cell::Cell()].JML normal_behavior operation contract.0 
71237      DEBUG main            d.u.i.k.p.i.IntermediateProofReplayer Proof replay took 31.68ms 
71239      DEBUG main            d.u.i.k.p.r.p.TestFile    ... success: reloaded. 
71240      INFO  main            d.u.i.k.p.r.p.TestFile    Now processing file /home/runner/work/key/key/key.core/../key.ui/examples/heap/SmansEtAl/Cell_footprint.key 
71240      INFO  main            d.u.i.k.p.i.AbstractProblemLoader Loading environment from /home/runner/work/key/key/key.core/../key.ui/examples/heap/SmansEtAl/Cell_footprint.key 
71241      DEBUG main            d.u.i.k.p.i.AbstractProblemLoader Environment load took 226.5ns 
71242      INFO  main            d.u.i.k.p.i.AbstractProblemLoader Creating init config 
74010      DEBUG main            d.u.i.k.p.i.AbstractProblemLoader Init config took 2.77s 
74047      INFO  main            d.u.i.k.p.i.AbstractProblemLoader Replaying proof Cell[Cell::$footprint()].JML accessible clause.0 
74049      DEBUG main            d.u.i.k.p.i.IntermediateProofReplayer Proof replay took 7.2ns 
74151      INFO  main            d.u.i.k.p.r.p.TestFile    ... finished proof: closed. 
74358      INFO  main            d.u.i.k.p.i.AbstractProblemLoader Loading environment from /home/runner/work/key/key/key.core/../key.ui/examples/heap/SmansEtAl/Cell_footprint.key.proof 
74358      DEBUG main            d.u.i.k.p.i.AbstractProblemLoader Environment load took 129.4ns 
74359      INFO  main            d.u.i.k.p.i.AbstractProblemLoader Creating init config 
77051      DEBUG main            d.u.i.k.p.i.AbstractProblemLoader Init config took 2.69s 
77086      INFO  main            d.u.i.k.p.i.AbstractProblemLoader Replaying proof Cell[Cell::$footprint()].JML accessible clause.0 
77091      DEBUG main            d.u.i.k.p.i.IntermediateProofReplayer Proof replay took 3.31ms 
77092      DEBUG main            d.u.i.k.p.r.p.TestFile    ... success: reloaded. 
77094      INFO  main            d.u.i.k.p.r.p.TestFile    Now processing file /home/runner/work/key/key/key.core/../key.ui/examples/heap/SmansEtAl/Cell_getX_dep.key 
77094      INFO  main            d.u.i.k.p.i.AbstractProblemLoader Loading environment from /home/runner/work/key/key/key.core/../key.ui/examples/heap/SmansEtAl/Cell_getX_dep.key 
77094      DEBUG main            d.u.i.k.p.i.AbstractProblemLoader Environment load took 128.3ns 
77095      INFO  main            d.u.i.k.p.i.AbstractProblemLoader Creating init config 
79868      DEBUG main            d.u.i.k.p.i.AbstractProblemLoader Init config took 2.77s 
79905      INFO  main            d.u.i.k.p.i.AbstractProblemLoader Replaying proof Cell[Cell::getX()].JML accessible clause.0 
79907      DEBUG main            d.u.i.k.p.i.IntermediateProofReplayer Proof replay took 6.8ns 
80009      INFO  main            d.u.i.k.p.r.p.TestFile    ... finished proof: closed. 
80227      INFO  main            d.u.i.k.p.i.AbstractProblemLoader Loading environment from /home/runner/work/key/key/key.core/../key.ui/examples/heap/SmansEtAl/Cell_getX_dep.key.proof 
80227      DEBUG main            d.u.i.k.p.i.AbstractProblemLoader Environment load took 136.6ns 
80229      INFO  main            d.u.i.k.p.i.AbstractProblemLoader Creating init config 
82970      DEBUG main            d.u.i.k.p.i.AbstractProblemLoader Init config took 2.74s 
83010      INFO  main            d.u.i.k.p.i.AbstractProblemLoader Replaying proof Cell[Cell::getX()].JML accessible clause.0 
83031      DEBUG main            d.u.i.k.p.i.IntermediateProofReplayer Proof replay took 16.56ms 
83034      DEBUG main            d.u.i.k.p.r.p.TestFile    ... success: reloaded. 
83036      INFO  main            d.u.i.k.p.r.p.TestFile    Now processing file /home/runner/work/key/key/key.core/../key.ui/examples/heap/SmansEtAl/Cell_getX.key 
83036      INFO  main            d.u.i.k.p.i.AbstractProblemLoader Loading environment from /home/runner/work/key/key/key.core/../key.ui/examples/heap/SmansEtAl/Cell_getX.key 
83037      DEBUG main            d.u.i.k.p.i.AbstractProblemLoader Environment load took 109.7ns 
83038      INFO  main            d.u.i.k.p.i.AbstractProblemLoader Creating init config 
85742      DEBUG main            d.u.i.k.p.i.AbstractProblemLoader Init config took 2.7s 
85779      INFO  main            d.u.i.k.p.i.AbstractProblemLoader Replaying proof Cell[Cell::getX()].JML normal_behavior operation contract.0 
85780      DEBUG main            d.u.i.k.p.i.IntermediateProofReplayer Proof replay took 7.6ns 
85883      INFO  main            d.u.i.k.p.r.p.TestFile    ... finished proof: closed. 
86111      INFO  main            d.u.i.k.p.i.AbstractProblemLoader Loading environment from /home/runner/work/key/key/key.core/../key.ui/examples/heap/SmansEtAl/Cell_getX.key.proof 
86111      DEBUG main            d.u.i.k.p.i.AbstractProblemLoader Environment load took 154.3ns 
86112      INFO  main            d.u.i.k.p.i.AbstractProblemLoader Creating init config 
88836      DEBUG main            d.u.i.k.p.i.AbstractProblemLoader Init config took 2.72s 
88872      INFO  main            d.u.i.k.p.i.AbstractProblemLoader Replaying proof Cell[Cell::getX()].JML normal_behavior operation contract.0 
88884      DEBUG main            d.u.i.k.p.i.IntermediateProofReplayer Proof replay took 9.77ms 
88885      DEBUG main            d.u.i.k.p.r.p.TestFile    ... success: reloaded. 
88886      INFO  main            d.u.i.k.p.r.p.TestFile    Now processing file /home/runner/work/key/key/key.core/../key.ui/examples/heap/SmansEtAl/Cell_inv.key 
88887      INFO  main            d.u.i.k.p.i.AbstractProblemLoader Loading environment from /home/runner/work/key/key/key.core/../key.ui/examples/heap/SmansEtAl/Cell_inv.key 
88887      DEBUG main            d.u.i.k.p.i.AbstractProblemLoader Environment load took 155ns 
88888      INFO  main            d.u.i.k.p.i.AbstractProblemLoader Creating init config 
91570      DEBUG main            d.u.i.k.p.i.AbstractProblemLoader Init config took 2.68s 
91605      INFO  main            d.u.i.k.p.i.AbstractProblemLoader Replaying proof Cell[java.lang.Object::<inv>()].JML accessible clause.0 
91607      DEBUG main            d.u.i.k.p.i.IntermediateProofReplayer Proof replay took 7.5ns 
91709      INFO  main            d.u.i.k.p.r.p.TestFile    ... finished proof: closed. 
91938      INFO  main            d.u.i.k.p.i.AbstractProblemLoader Loading environment from /home/runner/work/key/key/key.core/../key.ui/examples/heap/SmansEtAl/Cell_inv.key.proof 
91938      DEBUG main            d.u.i.k.p.i.AbstractProblemLoader Environment load took 131.4ns 
91939      INFO  main            d.u.i.k.p.i.AbstractProblemLoader Creating init config 
94596      DEBUG main            d.u.i.k.p.i.AbstractProblemLoader Init config took 2.66s 
94639      INFO  main            d.u.i.k.p.i.AbstractProblemLoader Replaying proof Cell[java.lang.Object::<inv>()].JML accessible clause.0 
94642      DEBUG main            d.u.i.k.p.i.IntermediateProofReplayer Proof replay took 1.7ms 
94643      DEBUG main            d.u.i.k.p.r.p.TestFile    ... success: reloaded. 
94644      INFO  main            d.u.i.k.p.r.p.TestFile    Now processing file /home/runner/work/key/key/key.core/../key.ui/examples/heap/SmansEtAl/Cell_setX.key 
94644      INFO  main            d.u.i.k.p.i.AbstractProblemLoader Loading environment from /home/runner/work/key/key/key.core/../key.ui/examples/heap/SmansEtAl/Cell_setX.key 
94644      DEBUG main            d.u.i.k.p.i.AbstractProblemLoader Environment load took 100.2ns 
94645      INFO  main            d.u.i.k.p.i.AbstractProblemLoader Creating init config 
97418      DEBUG main            d.u.i.k.p.i.AbstractProblemLoader Init config took 2.77s 
97455      INFO  main            d.u.i.k.p.i.AbstractProblemLoader Replaying proof Cell[Cell::setX(int)].JML normal_behavior operation contract.0 
97457      DEBUG main            d.u.i.k.p.i.IntermediateProofReplayer Proof replay took 8.3ns 
97563      INFO  main            d.u.i.k.p.r.p.TestFile    ... finished proof: closed. 
97800      INFO  main            d.u.i.k.p.i.AbstractProblemLoader Loading environment from /home/runner/work/key/key/key.core/../key.ui/examples/heap/SmansEtAl/Cell_setX.key.proof 
97800      DEBUG main            d.u.i.k.p.i.AbstractProblemLoader Environment load took 133.6ns 
97801      INFO  main            d.u.i.k.p.i.AbstractProblemLoader Creating init config 
100521     DEBUG main            d.u.i.k.p.i.AbstractProblemLoader Init config took 2.72s 
100561     INFO  main            d.u.i.k.p.i.AbstractProblemLoader Replaying proof Cell[Cell::setX(int)].JML normal_behavior operation contract.0 
100583     DEBUG main            d.u.i.k.p.i.IntermediateProofReplayer Proof replay took 19.53ms 
100584     DEBUG main            d.u.i.k.p.r.p.TestFile    ... success: reloaded. 
100585     INFO  main            d.u.i.k.p.r.p.TestFile    Now processing file /home/runner/work/key/key/key.core/../key.ui/examples/heap/SmansEtAl/CellClient_m.key 
100586     INFO  main            d.u.i.k.p.i.AbstractProblemLoader Loading environment from /home/runner/work/key/key/key.core/../key.ui/examples/heap/SmansEtAl/CellClient_m.key 
100586     DEBUG main            d.u.i.k.p.i.AbstractProblemLoader Environment load took 102.3ns 
100587     INFO  main            d.u.i.k.p.i.AbstractProblemLoader Creating init config 
103397     DEBUG main            d.u.i.k.p.i.AbstractProblemLoader Init config took 2.81s 
103434     INFO  main            d.u.i.k.p.i.AbstractProblemLoader Replaying proof CellClient[CellClient::m()].JML operation contract.0 
103435     DEBUG main            d.u.i.k.p.i.IntermediateProofReplayer Proof replay took 7.3ns 
104066     INFO  main            d.u.i.k.p.r.p.TestFile    ... finished proof: closed. 
104310     INFO  main            d.u.i.k.p.i.AbstractProblemLoader Loading environment from /home/runner/work/key/key/key.core/../key.ui/examples/heap/SmansEtAl/CellClient_m.key.proof 
104311     DEBUG main            d.u.i.k.p.i.AbstractProblemLoader Environment load took 590.61ns 
104313     INFO  main            d.u.i.k.p.i.AbstractProblemLoader Creating init config 
107028     DEBUG main            d.u.i.k.p.i.AbstractProblemLoader Init config took 2.71s 
107071     INFO  main            d.u.i.k.p.i.AbstractProblemLoader Replaying proof CellClient[CellClient::m()].JML operation contract.0 
107182     DEBUG main            d.u.i.k.p.i.IntermediateProofReplayer Proof replay took 108.04ms 
107184     DEBUG main            d.u.i.k.p.r.p.TestFile    ... success: reloaded. 
107185     INFO  main            d.u.i.k.p.r.p.TestFile    Now processing file /home/runner/work/key/key/key.core/../key.ui/examples/heap/SmansEtAl/Iterator_footprint.key 
107185     INFO  main            d.u.i.k.p.i.AbstractProblemLoader Loading environment from /home/runner/work/key/key/key.core/../key.ui/examples/heap/SmansEtAl/Iterator_footprint.key 
107185     DEBUG main            d.u.i.k.p.i.AbstractProblemLoader Environment load took 115.7ns 
107186     INFO  main            d.u.i.k.p.i.AbstractProblemLoader Creating init config 
109997     DEBUG main            d.u.i.k.p.i.AbstractProblemLoader Init config took 2.81s 
110038     INFO  main            d.u.i.k.p.i.AbstractProblemLoader Replaying proof Iterator[Iterator::$footprint()].JML accessible clause.0 
110040     DEBUG main            d.u.i.k.p.i.IntermediateProofReplayer Proof replay took 9.1ns 
110142     INFO  main            d.u.i.k.p.r.p.TestFile    ... finished proof: closed. 
110399     INFO  main            d.u.i.k.p.i.AbstractProblemLoader Loading environment from /home/runner/work/key/key/key.core/../key.ui/examples/heap/SmansEtAl/Iterator_footprint.key.proof 
110399     DEBUG main            d.u.i.k.p.i.AbstractProblemLoader Environment load took 135.4ns 
110400     INFO  main            d.u.i.k.p.i.AbstractProblemLoader Creating init config 
113134     DEBUG main            d.u.i.k.p.i.AbstractProblemLoader Init config took 2.73s 
113173     INFO  main            d.u.i.k.p.i.AbstractProblemLoader Replaying proof Iterator[Iterator::$footprint()].JML accessible clause.0 
113181     DEBUG main            d.u.i.k.p.i.IntermediateProofReplayer Proof replay took 5.83ms 
113182     DEBUG main            d.u.i.k.p.r.p.TestFile    ... success: reloaded. 
113183     INFO  main            d.u.i.k.p.r.p.TestFile    Now processing file /home/runner/work/key/key/key.core/../key.ui/examples/heap/SmansEtAl/Iterator_hasNext_dep.key 
113183     INFO  main            d.u.i.k.p.i.AbstractProblemLoader Loading environment from /home/runner/work/key/key/key.core/../key.ui/examples/heap/SmansEtAl/Iterator_hasNext_dep.key 
113183     DEBUG main            d.u.i.k.p.i.AbstractProblemLoader Environment load took 120.8ns 
113184     INFO  main            d.u.i.k.p.i.AbstractProblemLoader Creating init config 
115954     DEBUG main            d.u.i.k.p.i.AbstractProblemLoader Init config took 2.77s 
115993     INFO  main            d.u.i.k.p.i.AbstractProblemLoader Replaying proof Iterator[Iterator::hasNext()].JML accessible clause.0 
115995     DEBUG main            d.u.i.k.p.i.IntermediateProofReplayer Proof replay took 9.2ns 
116621     INFO  main            d.u.i.k.p.r.p.TestFile    ... finished proof: closed. 
116884     INFO  main            d.u.i.k.p.i.AbstractProblemLoader Loading environment from /home/runner/work/key/key/key.core/../key.ui/examples/heap/SmansEtAl/Iterator_hasNext_dep.key.proof 
116888     DEBUG main            d.u.i.k.p.i.AbstractProblemLoader Environment load took 4.02ms 
116890     INFO  main            d.u.i.k.p.i.AbstractProblemLoader Creating init config 
119595     DEBUG main            d.u.i.k.p.i.AbstractProblemLoader Init config took 2.71s 
119635     INFO  main            d.u.i.k.p.i.AbstractProblemLoader Replaying proof Iterator[Iterator::hasNext()].JML accessible clause.0 
119706     DEBUG main            d.u.i.k.p.i.IntermediateProofReplayer Proof replay took 66.01ms 
119708     DEBUG main            d.u.i.k.p.r.p.TestFile    ... success: reloaded. 
119709     INFO  main            d.u.i.k.p.r.p.TestFile    Now processing file /home/runner/work/key/key/key.core/../key.ui/examples/heap/SmansEtAl/Iterator_hasNext.key 
119709     INFO  main            d.u.i.k.p.i.AbstractProblemLoader Loading environment from /home/runner/work/key/key/key.core/../key.ui/examples/heap/SmansEtAl/Iterator_hasNext.key 
119709     DEBUG main            d.u.i.k.p.i.AbstractProblemLoader Environment load took 85.1ns 
119710     INFO  main            d.u.i.k.p.i.AbstractProblemLoader Creating init config 
122473     DEBUG main            d.u.i.k.p.i.AbstractProblemLoader Init config took 2.76s 
122511     INFO  main            d.u.i.k.p.i.AbstractProblemLoader Replaying proof Iterator[Iterator::hasNext()].JML normal_behavior operation contract.0 
122513     DEBUG main            d.u.i.k.p.i.IntermediateProofReplayer Proof replay took 8.2ns 
123020     INFO  main            d.u.i.k.p.r.p.TestFile    ... finished proof: closed. 
123287     INFO  main            d.u.i.k.p.i.AbstractProblemLoader Loading environment from /home/runner/work/key/key/key.core/../key.ui/examples/heap/SmansEtAl/Iterator_hasNext.key.proof 
123287     DEBUG main            d.u.i.k.p.i.AbstractProblemLoader Environment load took 502.11ns 
123289     INFO  main            d.u.i.k.p.i.AbstractProblemLoader Creating init config 
125956     DEBUG main            d.u.i.k.p.i.AbstractProblemLoader Init config took 2.67s 
126011     INFO  main            d.u.i.k.p.i.AbstractProblemLoader Replaying proof Iterator[Iterator::hasNext()].JML normal_behavior operation contract.0 
126078     DEBUG main            d.u.i.k.p.i.IntermediateProofReplayer Proof replay took 62.06ms 
126079     DEBUG main            d.u.i.k.p.r.p.TestFile    ... success: reloaded. 
126080     INFO  main            d.u.i.k.p.r.p.TestFile    Now processing file /home/runner/work/key/key/key.core/../key.ui/examples/heap/SmansEtAl/Iterator_inv.key 
126081     INFO  main            d.u.i.k.p.i.AbstractProblemLoader Loading environment from /home/runner/work/key/key/key.core/../key.ui/examples/heap/SmansEtAl/Iterator_inv.key 
126081     DEBUG main            d.u.i.k.p.i.AbstractProblemLoader Environment load took 90.9ns 
126082     INFO  main            d.u.i.k.p.i.AbstractProblemLoader Creating init config 
128823     DEBUG main            d.u.i.k.p.i.AbstractProblemLoader Init config took 2.74s 
128859     INFO  main            d.u.i.k.p.i.AbstractProblemLoader Replaying proof Iterator[java.lang.Object::<inv>()].JML accessible clause.0 
128861     DEBUG main            d.u.i.k.p.i.IntermediateProofReplayer Proof replay took 8.3ns 
129066     INFO  main            d.u.i.k.p.r.p.TestFile    ... finished proof: closed. 
129319     INFO  main            d.u.i.k.p.i.AbstractProblemLoader Loading environment from /home/runner/work/key/key/key.core/../key.ui/examples/heap/SmansEtAl/Iterator_inv.key.proof 
129319     DEBUG main            d.u.i.k.p.i.AbstractProblemLoader Environment load took 120.5ns 
129326     INFO  main            d.u.i.k.p.i.AbstractProblemLoader Creating init config 
131994     DEBUG main            d.u.i.k.p.i.AbstractProblemLoader Init config took 2.67s 
132032     INFO  main            d.u.i.k.p.i.AbstractProblemLoader Replaying proof Iterator[java.lang.Object::<inv>()].JML accessible clause.0 
132070     DEBUG main            d.u.i.k.p.i.IntermediateProofReplayer Proof replay took 35.75ms 
132071     DEBUG main            d.u.i.k.p.r.p.TestFile    ... success: reloaded. 
132072     INFO  main            d.u.i.k.p.r.p.TestFile    Now processing file /home/runner/work/key/key/key.core/../key.ui/examples/heap/SmansEtAl/Iterator_Iterator.key 
132072     INFO  main            d.u.i.k.p.i.AbstractProblemLoader Loading environment from /home/runner/work/key/key/key.core/../key.ui/examples/heap/SmansEtAl/Iterator_Iterator.key 
132072     DEBUG main            d.u.i.k.p.i.AbstractProblemLoader Environment load took 54.7ns 
132074     INFO  main            d.u.i.k.p.i.AbstractProblemLoader Creating init config 
134824     DEBUG main            d.u.i.k.p.i.AbstractProblemLoader Init config took 2.75s 
134865     INFO  main            d.u.i.k.p.i.AbstractProblemLoader Replaying proof Iterator[Iterator::Iterator(ArrayList)].JML normal_behavior operation contract.0 
134867     DEBUG main            d.u.i.k.p.i.IntermediateProofReplayer Proof replay took 8.5ns 
136175     INFO  main            d.u.i.k.p.r.p.TestFile    ... finished proof: closed. 
136468     INFO  main            d.u.i.k.p.i.AbstractProblemLoader Loading environment from /home/runner/work/key/key/key.core/../key.ui/examples/heap/SmansEtAl/Iterator_Iterator.key.proof 
136468     DEBUG main            d.u.i.k.p.i.AbstractProblemLoader Environment load took 487.51ns 
136470     INFO  main            d.u.i.k.p.i.AbstractProblemLoader Creating init config 
139134     DEBUG main            d.u.i.k.p.i.AbstractProblemLoader Init config took 2.66s 
139171     INFO  main            d.u.i.k.p.i.AbstractProblemLoader Replaying proof Iterator[Iterator::Iterator(ArrayList)].JML normal_behavior operation contract.0 
139324     DEBUG main            d.u.i.k.p.i.IntermediateProofReplayer Proof replay took 140.32ms 
139326     DEBUG main            d.u.i.k.p.r.p.TestFile    ... success: reloaded. 
139327     INFO  main            d.u.i.k.p.r.p.TestFile    Now processing file /home/runner/work/key/key/key.core/../key.ui/examples/heap/SmansEtAl/Iterator_list_dep.key 
139327     INFO  main            d.u.i.k.p.i.AbstractProblemLoader Loading environment from /home/runner/work/key/key/key.core/../key.ui/examples/heap/SmansEtAl/Iterator_list_dep.key 
139328     DEBUG main            d.u.i.k.p.i.AbstractProblemLoader Environment load took 220.6ns 
139329     INFO  main            d.u.i.k.p.i.AbstractProblemLoader Creating init config 
142061     DEBUG main            d.u.i.k.p.i.AbstractProblemLoader Init config took 2.73s 
142098     INFO  main            d.u.i.k.p.i.AbstractProblemLoader Replaying proof Iterator[Iterator::list()].JML accessible clause.0 
142100     DEBUG main            d.u.i.k.p.i.IntermediateProofReplayer Proof replay took 7.9ns 
142202     INFO  main            d.u.i.k.p.r.p.TestFile    ... finished proof: closed. 
142489     INFO  main            d.u.i.k.p.i.AbstractProblemLoader Loading environment from /home/runner/work/key/key/key.core/../key.ui/examples/heap/SmansEtAl/Iterator_list_dep.key.proof 
142489     DEBUG main            d.u.i.k.p.i.AbstractProblemLoader Environment load took 136.3ns 
142490     INFO  main            d.u.i.k.p.i.AbstractProblemLoader Creating init config 
145141     DEBUG main            d.u.i.k.p.i.AbstractProblemLoader Init config took 2.65s 
145179     INFO  main            d.u.i.k.p.i.AbstractProblemLoader Replaying proof Iterator[Iterator::list()].JML accessible clause.0 
145197     DEBUG main            d.u.i.k.p.i.IntermediateProofReplayer Proof replay took 14.45ms 
145198     DEBUG main            d.u.i.k.p.r.p.TestFile    ... success: reloaded. 
145199     INFO  main            d.u.i.k.p.r.p.TestFile    Now processing file /home/runner/work/key/key/key.core/../key.ui/examples/heap/SmansEtAl/Iterator_list.key 
145200     INFO  main            d.u.i.k.p.i.AbstractProblemLoader Loading environment from /home/runner/work/key/key/key.core/../key.ui/examples/heap/SmansEtAl/Iterator_list.key 
145200     DEBUG main            d.u.i.k.p.i.AbstractProblemLoader Environment load took 210.91ns 
145201     INFO  main            d.u.i.k.p.i.AbstractProblemLoader Creating init config 
147925     DEBUG main            d.u.i.k.p.i.AbstractProblemLoader Init config took 2.72s 
147962     INFO  main            d.u.i.k.p.i.AbstractProblemLoader Replaying proof Iterator[Iterator::list()].JML normal_behavior operation contract.0 
147964     DEBUG main            d.u.i.k.p.i.IntermediateProofReplayer Proof replay took 7.2ns 
148067     INFO  main            d.u.i.k.p.r.p.TestFile    ... finished proof: closed. 
148358     INFO  main            d.u.i.k.p.i.AbstractProblemLoader Loading environment from /home/runner/work/key/key/key.core/../key.ui/examples/heap/SmansEtAl/Iterator_list.key.proof 
148359     DEBUG main            d.u.i.k.p.i.AbstractProblemLoader Environment load took 137.9ns 
148360     INFO  main            d.u.i.k.p.i.AbstractProblemLoader Creating init config 
151018     DEBUG main            d.u.i.k.p.i.AbstractProblemLoader Init config took 2.66s 
151054     INFO  main            d.u.i.k.p.i.AbstractProblemLoader Replaying proof Iterator[Iterator::list()].JML normal_behavior operation contract.0 
151069     DEBUG main            d.u.i.k.p.i.IntermediateProofReplayer Proof replay took 12.56ms 
151070     DEBUG main            d.u.i.k.p.r.p.TestFile    ... success: reloaded. 
151071     INFO  main            d.u.i.k.p.r.p.TestFile    Now processing file /home/runner/work/key/key/key.core/../key.ui/examples/heap/SmansEtAl/Iterator_next.key 
151071     INFO  main            d.u.i.k.p.i.AbstractProblemLoader Loading environment from /home/runner/work/key/key/key.core/../key.ui/examples/heap/SmansEtAl/Iterator_next.key 
151071     DEBUG main            d.u.i.k.p.i.AbstractProblemLoader Environment load took 92.1ns 
151072     INFO  main            d.u.i.k.p.i.AbstractProblemLoader Creating init config 
153784     DEBUG main            d.u.i.k.p.i.AbstractProblemLoader Init config took 2.71s 
153826     INFO  main            d.u.i.k.p.i.AbstractProblemLoader Replaying proof Iterator[Iterator::next()].JML normal_behavior operation contract.0 
153827     DEBUG main            d.u.i.k.p.i.IntermediateProofReplayer Proof replay took 9.6ns 
156463     INFO  main            d.u.i.k.p.r.p.TestFile    ... finished proof: closed. 
156784     INFO  main            d.u.i.k.p.i.AbstractProblemLoader Loading environment from /home/runner/work/key/key/key.core/../key.ui/examples/heap/SmansEtAl/Iterator_next.key.proof 
156784     DEBUG main            d.u.i.k.p.i.AbstractProblemLoader Environment load took 138.9ns 
156786     INFO  main            d.u.i.k.p.i.AbstractProblemLoader Creating init config 
159491     DEBUG main            d.u.i.k.p.i.AbstractProblemLoader Init config took 2.7s 
159528     INFO  main            d.u.i.k.p.i.AbstractProblemLoader Replaying proof Iterator[Iterator::next()].JML normal_behavior operation contract.0 
159760     DEBUG main            d.u.i.k.p.i.IntermediateProofReplayer Proof replay took 217.63ms 
159762     DEBUG main            d.u.i.k.p.r.p.TestFile    ... success: reloaded. 
159763     INFO  main            d.u.i.k.p.r.p.TestFile    Now processing file /home/runner/work/key/key/key.core/../key.ui/examples/heap/SmansEtAl/Stack_footprint.key 
159763     INFO  main            d.u.i.k.p.i.AbstractProblemLoader Loading environment from /home/runner/work/key/key/key.core/../key.ui/examples/heap/SmansEtAl/Stack_footprint.key 
159764     DEBUG main            d.u.i.k.p.i.AbstractProblemLoader Environment load took 211.21ns 
159765     INFO  main            d.u.i.k.p.i.AbstractProblemLoader Creating init config 
162467     DEBUG main            d.u.i.k.p.i.AbstractProblemLoader Init config took 2.7s 
162503     INFO  main            d.u.i.k.p.i.AbstractProblemLoader Replaying proof Stack[Stack::$footprint()].JML accessible clause.0 
162504     DEBUG main            d.u.i.k.p.i.IntermediateProofReplayer Proof replay took 9ns 
162708     INFO  main            d.u.i.k.p.r.p.TestFile    ... finished proof: closed. 
163023     INFO  main            d.u.i.k.p.i.AbstractProblemLoader Loading environment from /home/runner/work/key/key/key.core/../key.ui/examples/heap/SmansEtAl/Stack_footprint.key.proof 
163023     DEBUG main            d.u.i.k.p.i.AbstractProblemLoader Environment load took 360.41ns 
163024     INFO  main            d.u.i.k.p.i.AbstractProblemLoader Creating init config 
165688     DEBUG main            d.u.i.k.p.i.AbstractProblemLoader Init config took 2.66s 
165724     INFO  main            d.u.i.k.p.i.AbstractProblemLoader Replaying proof Stack[Stack::$footprint()].JML accessible clause.0 
165747     DEBUG main            d.u.i.k.p.i.IntermediateProofReplayer Proof replay took 19.99ms 
165748     DEBUG main            d.u.i.k.p.r.p.TestFile    ... success: reloaded. 
165749     INFO  main            d.u.i.k.p.r.p.TestFile    Now processing file /home/runner/work/key/key/key.core/../key.ui/examples/heap/SmansEtAl/Stack_inv.key 
165750     INFO  main            d.u.i.k.p.i.AbstractProblemLoader Loading environment from /home/runner/work/key/key/key.core/../key.ui/examples/heap/SmansEtAl/Stack_inv.key 
165750     DEBUG main            d.u.i.k.p.i.AbstractProblemLoader Environment load took 218.31ns 
165751     INFO  main            d.u.i.k.p.i.AbstractProblemLoader Creating init config 
168494     DEBUG main            d.u.i.k.p.i.AbstractProblemLoader Init config took 2.74s 
168529     INFO  main            d.u.i.k.p.i.AbstractProblemLoader Replaying proof Stack[java.lang.Object::<inv>()].JML accessible clause.0 
168531     DEBUG main            d.u.i.k.p.i.IntermediateProofReplayer Proof replay took 8.8ns 
168633     INFO  main            d.u.i.k.p.r.p.TestFile    ... finished proof: closed. 
168946     INFO  main            d.u.i.k.p.i.AbstractProblemLoader Loading environment from /home/runner/work/key/key/key.core/../key.ui/examples/heap/SmansEtAl/Stack_inv.key.proof 
168946     DEBUG main            d.u.i.k.p.i.AbstractProblemLoader Environment load took 124.4ns 
168947     INFO  main            d.u.i.k.p.i.AbstractProblemLoader Creating init config 
171640     DEBUG main            d.u.i.k.p.i.AbstractProblemLoader Init config took 2.69s 
171675     INFO  main            d.u.i.k.p.i.AbstractProblemLoader Replaying proof Stack[java.lang.Object::<inv>()].JML accessible clause.0 
171688     DEBUG main            d.u.i.k.p.i.IntermediateProofReplayer Proof replay took 8.36ms 
171693     DEBUG main            d.u.i.k.p.r.p.TestFile    ... success: reloaded. 
171696     INFO  main            d.u.i.k.p.r.p.TestFile    Now processing file /home/runner/work/key/key/key.core/../key.ui/examples/heap/SmansEtAl/Stack_push.key 
171697     INFO  main            d.u.i.k.p.i.AbstractProblemLoader Loading environment from /home/runner/work/key/key/key.core/../key.ui/examples/heap/SmansEtAl/Stack_push.key 
171700     DEBUG main            d.u.i.k.p.i.AbstractProblemLoader Environment load took 3.22ms 
171704     INFO  main            d.u.i.k.p.i.AbstractProblemLoader Creating init config 
174395     DEBUG main            d.u.i.k.p.i.AbstractProblemLoader Init config took 2.69s 
174433     INFO  main            d.u.i.k.p.i.AbstractProblemLoader Replaying proof Stack[Stack::push(java.lang.Object)].JML normal_behavior operation contract.0 
174434     DEBUG main            d.u.i.k.p.i.IntermediateProofReplayer Proof replay took 9.3ns 
175139     INFO  main            d.u.i.k.p.r.p.TestFile    ... finished proof: closed. 
175486     INFO  main            d.u.i.k.p.i.AbstractProblemLoader Loading environment from /home/runner/work/key/key/key.core/../key.ui/examples/heap/SmansEtAl/Stack_push.key.proof 
175486     DEBUG main            d.u.i.k.p.i.AbstractProblemLoader Environment load took 522.71ns 
175488     INFO  main            d.u.i.k.p.i.AbstractProblemLoader Creating init config 
178121     DEBUG main            d.u.i.k.p.i.AbstractProblemLoader Init config took 2.63s 
178158     INFO  main            d.u.i.k.p.i.AbstractProblemLoader Replaying proof Stack[Stack::push(java.lang.Object)].JML normal_behavior operation contract.0 
178253     DEBUG main            d.u.i.k.p.i.IntermediateProofReplayer Proof replay took 90.43ms 
178254     DEBUG main            d.u.i.k.p.r.p.TestFile    ... success: reloaded. 
178256     INFO  main            d.u.i.k.p.r.p.TestFile    Now processing file /home/runner/work/key/key/key.core/../key.ui/examples/heap/SmansEtAl/Stack_size.key 
178256     INFO  main            d.u.i.k.p.i.AbstractProblemLoader Loading environment from /home/runner/work/key/key/key.core/../key.ui/examples/heap/SmansEtAl/Stack_size.key 
178256     DEBUG main            d.u.i.k.p.i.AbstractProblemLoader Environment load took 292.31ns 
178257     INFO  main            d.u.i.k.p.i.AbstractProblemLoader Creating init config 
180959     DEBUG main            d.u.i.k.p.i.AbstractProblemLoader Init config took 2.7s 
180998     INFO  main            d.u.i.k.p.i.AbstractProblemLoader Replaying proof Stack[Stack::size()].JML accessible clause.0 
180999     DEBUG main            d.u.i.k.p.i.IntermediateProofReplayer Proof replay took 10.9ns 
181201     INFO  main            d.u.i.k.p.r.p.TestFile    ... finished proof: closed. 
181528     INFO  main            d.u.i.k.p.i.AbstractProblemLoader Loading environment from /home/runner/work/key/key/key.core/../key.ui/examples/heap/SmansEtAl/Stack_size.key.proof 
181528     DEBUG main            d.u.i.k.p.i.AbstractProblemLoader Environment load took 114ns 
181530     INFO  main            d.u.i.k.p.i.AbstractProblemLoader Creating init config 
184163     DEBUG main            d.u.i.k.p.i.AbstractProblemLoader Init config took 2.63s 
184199     INFO  main            d.u.i.k.p.i.AbstractProblemLoader Replaying proof Stack[Stack::size()].JML accessible clause.0 
184235     DEBUG main            d.u.i.k.p.i.IntermediateProofReplayer Proof replay took 33.36ms 
184244     DEBUG main            d.u.i.k.p.r.p.TestFile    ... success: reloaded. 
184252     INFO  main            d.u.i.k.p.r.p.TestFile    Now processing file /home/runner/work/key/key/key.core/../key.ui/examples/heap/SmansEtAl/Stack_Stack.key 
184252     INFO  main            d.u.i.k.p.i.AbstractProblemLoader Loading environment from /home/runner/work/key/key/key.core/../key.ui/examples/heap/SmansEtAl/Stack_Stack.key 
184253     DEBUG main            d.u.i.k.p.i.AbstractProblemLoader Environment load took 253.41ns 
184254     INFO  main            d.u.i.k.p.i.AbstractProblemLoader Creating init config 
186952     DEBUG main            d.u.i.k.p.i.AbstractProblemLoader Init config took 2.7s 
186988     INFO  main            d.u.i.k.p.i.AbstractProblemLoader Replaying proof Stack[Stack::Stack()].JML normal_behavior operation contract.0 
186989     DEBUG main            d.u.i.k.p.i.IntermediateProofReplayer Proof replay took 8ns 
188094     INFO  main            d.u.i.k.p.r.p.TestFile    ... finished proof: closed. 
188477     INFO  main            d.u.i.k.p.i.AbstractProblemLoader Loading environment from /home/runner/work/key/key/key.core/../key.ui/examples/heap/SmansEtAl/Stack_Stack.key.proof 
188481     DEBUG main            d.u.i.k.p.i.AbstractProblemLoader Environment load took 3.74ms 
188482     INFO  main            d.u.i.k.p.i.AbstractProblemLoader Creating init config 
191106     DEBUG main            d.u.i.k.p.i.AbstractProblemLoader Init config took 2.62s 
191142     INFO  main            d.u.i.k.p.i.AbstractProblemLoader Replaying proof Stack[Stack::Stack()].JML normal_behavior operation contract.0 
191290     DEBUG main            d.u.i.k.p.i.IntermediateProofReplayer Proof replay took 141.58ms 
191291     DEBUG main            d.u.i.k.p.r.p.TestFile    ... success: reloaded. 
191292     INFO  main            d.u.i.k.p.r.p.TestFile    Now processing file /home/runner/work/key/key/key.core/../key.ui/examples/heap/SmansEtAl/Stack_switchContents.key 
191292     INFO  main            d.u.i.k.p.i.AbstractProblemLoader Loading environment from /home/runner/work/key/key/key.core/../key.ui/examples/heap/SmansEtAl/Stack_switchContents.key 
191293     DEBUG main            d.u.i.k.p.i.AbstractProblemLoader Environment load took 139.2ns 
191294     INFO  main            d.u.i.k.p.i.AbstractProblemLoader Creating init config 
193968     DEBUG main            d.u.i.k.p.i.AbstractProblemLoader Init config took 2.67s 
194004     INFO  main            d.u.i.k.p.i.AbstractProblemLoader Replaying proof Stack[Stack::switchContents(Stack)].JML normal_behavior operation contract.0 
194005     DEBUG main            d.u.i.k.p.i.IntermediateProofReplayer Proof replay took 9ns 
198468     INFO  main            d.u.i.k.p.r.p.TestFile    ... finished proof: closed. 
198829     INFO  main            d.u.i.k.p.i.AbstractProblemLoader Loading environment from /home/runner/work/key/key/key.core/../key.ui/examples/heap/SmansEtAl/Stack_switchContents.key.proof 
198829     DEBUG main            d.u.i.k.p.i.AbstractProblemLoader Environment load took 469.71ns 
198831     INFO  main            d.u.i.k.p.i.AbstractProblemLoader Creating init config 
201477     DEBUG main            d.u.i.k.p.i.AbstractProblemLoader Init config took 2.65s 
201513     INFO  main            d.u.i.k.p.i.AbstractProblemLoader Replaying proof Stack[Stack::switchContents(Stack)].JML normal_behavior operation contract.0 
201800     DEBUG main            d.u.i.k.p.i.IntermediateProofReplayer Proof replay took 259.72ms 
201803     DEBUG main            d.u.i.k.p.r.p.TestFile    ... success: reloaded. 
2090227    INFO  Test worker     d.u.i.k.p.r.RunAllProofsTestUnit Returning from test SmansEtAl 
2090229    INFO  Test worker     d.u.i.k.p.r.RunAllProofsTestUnit Running test VACID0 
348        INFO  Timeout watchdog d.u.i.k.p.r.p.ForkedTestFileRunner Timeout watcher launched (2000 secs.) 
374        WARN  main            d.u.i.k.s.ProofSettings   The settings in /home/runner/.key/proof-settings.props are *not* read. 
420        INFO  main            d.u.i.k.p.r.p.TestFile    Now processing file /home/runner/work/key/key/key.core/../key.ui/examples/heap/vacid0_01_SparseArray/Harness_sparseArrayTestHarness1.key 
532        INFO  main            d.u.i.k.p.i.AbstractProblemLoader Loading environment from /home/runner/work/key/key/key.core/../key.ui/examples/heap/vacid0_01_SparseArray/Harness_sparseArrayTestHarness1.key 
555        DEBUG main            d.u.i.k.p.i.AbstractProblemLoader Environment load took 2.11ms 
778        INFO  main            d.u.i.k.p.i.AbstractProblemLoader Creating init config 
1758       DEBUG main            d.u.i.k.j.TypeConverter   No LDT found for Meta 
1759       DEBUG main            d.u.i.k.j.TypeConverter   No LDT found for Meta 
1762       DEBUG main            d.u.i.k.j.TypeConverter   No LDT found for Meta 
1762       DEBUG main            d.u.i.k.j.TypeConverter   No LDT found for Meta 
3087       DEBUG main            d.u.i.k.j.TypeConverter   No LDT found for JavaBigintExpression 
8301       DEBUG main            d.u.i.k.p.i.AbstractProblemLoader Init config took 7.52s 
8422       INFO  main            d.u.i.k.p.i.AbstractProblemLoader Replaying proof Harness[Harness::sparseArrayTestHarness1()].JML normal_behavior operation contract.0 
8457       DEBUG main            d.u.i.k.p.i.IntermediateProofReplayer Proof replay took 36.3ns 
10102      INFO  main            d.u.i.k.p.r.p.TestFile    ... finished proof: closed. 
10260      INFO  main            d.u.i.k.p.i.AbstractProblemLoader Loading environment from /home/runner/work/key/key/key.core/../key.ui/examples/heap/vacid0_01_SparseArray/Harness_sparseArrayTestHarness1.key.proof 
10260      DEBUG main            d.u.i.k.p.i.AbstractProblemLoader Environment load took 177.9ns 
10268      INFO  main            d.u.i.k.p.i.AbstractProblemLoader Creating init config 
13277      DEBUG main            d.u.i.k.p.i.AbstractProblemLoader Init config took 3.01s 
13338      INFO  main            d.u.i.k.p.i.AbstractProblemLoader Replaying proof Harness[Harness::sparseArrayTestHarness1()].JML normal_behavior operation contract.0 
13502      DEBUG main            d.u.i.k.p.i.IntermediateProofReplayer Proof replay took 154.12ms 
13510      DEBUG main            d.u.i.k.p.r.p.TestFile    ... success: reloaded. 
13512      INFO  main            d.u.i.k.p.r.p.TestFile    Now processing file /home/runner/work/key/key/key.core/../key.ui/examples/heap/vacid0_01_SparseArray/Harness_sparseArrayTestHarness2.key 
13512      INFO  main            d.u.i.k.p.i.AbstractProblemLoader Loading environment from /home/runner/work/key/key/key.core/../key.ui/examples/heap/vacid0_01_SparseArray/Harness_sparseArrayTestHarness2.key 
13513      DEBUG main            d.u.i.k.p.i.AbstractProblemLoader Environment load took 340.01ns 
13514      INFO  main            d.u.i.k.p.i.AbstractProblemLoader Creating init config 
16534      DEBUG main            d.u.i.k.p.i.AbstractProblemLoader Init config took 3.02s 
16594      INFO  main            d.u.i.k.p.i.AbstractProblemLoader Replaying proof Harness[Harness::sparseArrayTestHarness2()].JML normal_behavior operation contract.0 
16597      DEBUG main            d.u.i.k.p.i.IntermediateProofReplayer Proof replay took 9.7ns 
28116      INFO  main            d.u.i.k.p.r.p.TestFile    ... finished proof: closed. 
28387      INFO  main            d.u.i.k.p.i.AbstractProblemLoader Loading environment from /home/runner/work/key/key/key.core/../key.ui/examples/heap/vacid0_01_SparseArray/Harness_sparseArrayTestHarness2.key.proof 
28388      DEBUG main            d.u.i.k.p.i.AbstractProblemLoader Environment load took 822.92ns 
28394      INFO  main            d.u.i.k.p.i.AbstractProblemLoader Creating init config 
31276      DEBUG main            d.u.i.k.p.i.AbstractProblemLoader Init config took 2.88s 
31328      INFO  main            d.u.i.k.p.i.AbstractProblemLoader Replaying proof Harness[Harness::sparseArrayTestHarness2()].JML normal_behavior operation contract.0 
32395      DEBUG main            d.u.i.k.p.i.IntermediateProofReplayer Proof replay took 1.02s 
32399      DEBUG main            d.u.i.k.p.r.p.TestFile    ... success: reloaded. 
32401      INFO  main            d.u.i.k.p.r.p.TestFile    Now processing file /home/runner/work/key/key/key.core/../key.ui/examples/heap/vacid0_01_SparseArray/MemoryAllocator_alloc_unsigned.key 
32402      INFO  main            d.u.i.k.p.i.AbstractProblemLoader Loading environment from /home/runner/work/key/key/key.core/../key.ui/examples/heap/vacid0_01_SparseArray/MemoryAllocator_alloc_unsigned.key 
32402      DEBUG main            d.u.i.k.p.i.AbstractProblemLoader Environment load took 142.2ns 
32404      INFO  main            d.u.i.k.p.i.AbstractProblemLoader Creating init config 
35226      DEBUG main            d.u.i.k.p.i.AbstractProblemLoader Init config took 2.82s 
35273      INFO  main            d.u.i.k.p.i.AbstractProblemLoader Replaying proof MemoryAllocator[MemoryAllocator::alloc_unsigned(int)].JML normal_behavior operation contract.0 
35276      DEBUG main            d.u.i.k.p.i.IntermediateProofReplayer Proof replay took 8ns 
36280      INFO  main            d.u.i.k.p.r.p.TestFile    ... finished proof: closed. 
36486      INFO  main            d.u.i.k.p.i.AbstractProblemLoader Loading environment from /home/runner/work/key/key/key.core/../key.ui/examples/heap/vacid0_01_SparseArray/MemoryAllocator_alloc_unsigned.key.proof 
36486      DEBUG main            d.u.i.k.p.i.AbstractProblemLoader Environment load took 536.01ns 
36488      INFO  main            d.u.i.k.p.i.AbstractProblemLoader Creating init config 
39239      DEBUG main            d.u.i.k.p.i.AbstractProblemLoader Init config took 2.75s 
39290      INFO  main            d.u.i.k.p.i.AbstractProblemLoader Replaying proof MemoryAllocator[MemoryAllocator::alloc_unsigned(int)].JML normal_behavior operation contract.0 
39463      DEBUG main            d.u.i.k.p.i.IntermediateProofReplayer Proof replay took 164.06ms 
39465      DEBUG main            d.u.i.k.p.r.p.TestFile    ... success: reloaded. 
39482      INFO  main            d.u.i.k.p.r.p.TestFile    Now processing file /home/runner/work/key/key/key.core/../key.ui/examples/heap/vacid0_01_SparseArray/MemoryAllocator_alloc.key 
39482      INFO  main            d.u.i.k.p.i.AbstractProblemLoader Loading environment from /home/runner/work/key/key/key.core/../key.ui/examples/heap/vacid0_01_SparseArray/MemoryAllocator_alloc.key 
39482      DEBUG main            d.u.i.k.p.i.AbstractProblemLoader Environment load took 86.1ns 
39483      INFO  main            d.u.i.k.p.i.AbstractProblemLoader Creating init config 
42272      DEBUG main            d.u.i.k.p.i.AbstractProblemLoader Init config took 2.79s 
42316      INFO  main            d.u.i.k.p.i.AbstractProblemLoader Replaying proof MemoryAllocator[MemoryAllocator::alloc(int)].JML normal_behavior operation contract.0 
42318      DEBUG main            d.u.i.k.p.i.IntermediateProofReplayer Proof replay took 7.5ns 
42929      INFO  main            d.u.i.k.p.r.p.TestFile    ... finished proof: closed. 
43166      INFO  main            d.u.i.k.p.i.AbstractProblemLoader Loading environment from /home/runner/work/key/key/key.core/../key.ui/examples/heap/vacid0_01_SparseArray/MemoryAllocator_alloc.key.proof 
43170      DEBUG main            d.u.i.k.p.i.AbstractProblemLoader Environment load took 3.56ms 
43171      INFO  main            d.u.i.k.p.i.AbstractProblemLoader Creating init config 
45958      DEBUG main            d.u.i.k.p.i.AbstractProblemLoader Init config took 2.79s 
46000      INFO  main            d.u.i.k.p.i.AbstractProblemLoader Replaying proof MemoryAllocator[MemoryAllocator::alloc(int)].JML normal_behavior operation contract.0 
46103      DEBUG main            d.u.i.k.p.i.IntermediateProofReplayer Proof replay took 97.56ms 
46104      DEBUG main            d.u.i.k.p.r.p.TestFile    ... success: reloaded. 
46105      INFO  main            d.u.i.k.p.r.p.TestFile    Now processing file /home/runner/work/key/key/key.core/../key.ui/examples/heap/vacid0_01_SparseArray/SparseArray_get_dep.key 
46105      INFO  main            d.u.i.k.p.i.AbstractProblemLoader Loading environment from /home/runner/work/key/key/key.core/../key.ui/examples/heap/vacid0_01_SparseArray/SparseArray_get_dep.key 
46105      DEBUG main            d.u.i.k.p.i.AbstractProblemLoader Environment load took 108.4ns 
46106      INFO  main            d.u.i.k.p.i.AbstractProblemLoader Creating init config 
48894      DEBUG main            d.u.i.k.p.i.AbstractProblemLoader Init config took 2.79s 
48965      INFO  main            d.u.i.k.p.i.AbstractProblemLoader Replaying proof SparseArray[SparseArray::get(int)].JML accessible clause.0 
48967      DEBUG main            d.u.i.k.p.i.IntermediateProofReplayer Proof replay took 5.8ns 
51274      INFO  main            d.u.i.k.p.r.p.TestFile    ... finished proof: closed. 
51490      INFO  main            d.u.i.k.p.i.AbstractProblemLoader Loading environment from /home/runner/work/key/key/key.core/../key.ui/examples/heap/vacid0_01_SparseArray/SparseArray_get_dep.key.proof 
51490      DEBUG main            d.u.i.k.p.i.AbstractProblemLoader Environment load took 517.41ns 
51492      INFO  main            d.u.i.k.p.i.AbstractProblemLoader Creating init config 
54176      DEBUG main            d.u.i.k.p.i.AbstractProblemLoader Init config took 2.68s 
54248      INFO  main            d.u.i.k.p.i.AbstractProblemLoader Replaying proof SparseArray[SparseArray::get(int)].JML accessible clause.0 
54421      DEBUG main            d.u.i.k.p.i.IntermediateProofReplayer Proof replay took 162.93ms 
54423      DEBUG main            d.u.i.k.p.r.p.TestFile    ... success: reloaded. 
54424      INFO  main            d.u.i.k.p.r.p.TestFile    Now processing file /home/runner/work/key/key/key.core/../key.ui/examples/heap/vacid0_01_SparseArray/SparseArray_get.key 
54425      INFO  main            d.u.i.k.p.i.AbstractProblemLoader Loading environment from /home/runner/work/key/key/key.core/../key.ui/examples/heap/vacid0_01_SparseArray/SparseArray_get.key 
54425      DEBUG main            d.u.i.k.p.i.AbstractProblemLoader Environment load took 251.41ns 
54426      INFO  main            d.u.i.k.p.i.AbstractProblemLoader Creating init config 
57185      DEBUG main            d.u.i.k.p.i.AbstractProblemLoader Init config took 2.76s 
57263      INFO  main            d.u.i.k.p.i.AbstractProblemLoader Replaying proof SparseArray[SparseArray::get(int)].JML normal_behavior operation contract.0 
57265      DEBUG main            d.u.i.k.p.i.IntermediateProofReplayer Proof replay took 6.4ns 
59364      INFO  main            d.u.i.k.p.r.p.TestFile    ... finished proof: closed. 
59614      INFO  main            d.u.i.k.p.i.AbstractProblemLoader Loading environment from /home/runner/work/key/key/key.core/../key.ui/examples/heap/vacid0_01_SparseArray/SparseArray_get.key.proof 
59614      DEBUG main            d.u.i.k.p.i.AbstractProblemLoader Environment load took 533.51ns 
59616      INFO  main            d.u.i.k.p.i.AbstractProblemLoader Creating init config 
62282      DEBUG main            d.u.i.k.p.i.AbstractProblemLoader Init config took 2.67s 
62339      INFO  main            d.u.i.k.p.i.AbstractProblemLoader Replaying proof SparseArray[SparseArray::get(int)].JML normal_behavior operation contract.0 
62506      DEBUG main            d.u.i.k.p.i.IntermediateProofReplayer Proof replay took 157.71ms 
62507      DEBUG main            d.u.i.k.p.r.p.TestFile    ... success: reloaded. 
62509      INFO  main            d.u.i.k.p.r.p.TestFile    Now processing file /home/runner/work/key/key/key.core/../key.ui/examples/heap/vacid0_01_SparseArray/SparseArray_inv.key 
62509      INFO  main            d.u.i.k.p.i.AbstractProblemLoader Loading environment from /home/runner/work/key/key/key.core/../key.ui/examples/heap/vacid0_01_SparseArray/SparseArray_inv.key 
62509      DEBUG main            d.u.i.k.p.i.AbstractProblemLoader Environment load took 279.61ns 
62510      INFO  main            d.u.i.k.p.i.AbstractProblemLoader Creating init config 
65247      DEBUG main            d.u.i.k.p.i.AbstractProblemLoader Init config took 2.74s 
65304      INFO  main            d.u.i.k.p.i.AbstractProblemLoader Replaying proof SparseArray[java.lang.Object::<inv>()].JML accessible clause.0 
65306      DEBUG main            d.u.i.k.p.i.IntermediateProofReplayer Proof replay took 7.8ns 
67112      INFO  main            d.u.i.k.p.r.p.TestFile    ... finished proof: closed. 
67310      INFO  main            d.u.i.k.p.i.AbstractProblemLoader Loading environment from /home/runner/work/key/key/key.core/../key.ui/examples/heap/vacid0_01_SparseArray/SparseArray_inv.key.proof 
67312      DEBUG main            d.u.i.k.p.i.AbstractProblemLoader Environment load took 1.76ms 
67314      INFO  main            d.u.i.k.p.i.AbstractProblemLoader Creating init config 
69944      DEBUG main            d.u.i.k.p.i.AbstractProblemLoader Init config took 2.63s 
70009      INFO  main            d.u.i.k.p.i.AbstractProblemLoader Replaying proof SparseArray[java.lang.Object::<inv>()].JML accessible clause.0 
70073      DEBUG main            d.u.i.k.p.i.IntermediateProofReplayer Proof replay took 58.84ms 
70074      DEBUG main            d.u.i.k.p.r.p.TestFile    ... success: reloaded. 
70075      INFO  main            d.u.i.k.p.r.p.TestFile    Now processing file /home/runner/work/key/key/key.core/../key.ui/examples/heap/vacid0_01_SparseArray/SparseArray_SparseArray.key 
70075      INFO  main            d.u.i.k.p.i.AbstractProblemLoader Loading environment from /home/runner/work/key/key/key.core/../key.ui/examples/heap/vacid0_01_SparseArray/SparseArray_SparseArray.key 
70075      DEBUG main            d.u.i.k.p.i.AbstractProblemLoader Environment load took 102ns 
70076      INFO  main            d.u.i.k.p.i.AbstractProblemLoader Creating init config 
72742      DEBUG main            d.u.i.k.p.i.AbstractProblemLoader Init config took 2.67s 
72816      INFO  main            d.u.i.k.p.i.AbstractProblemLoader Replaying proof SparseArray[SparseArray::SparseArray(int)].JML normal_behavior operation contract.0 
72817      DEBUG main            d.u.i.k.p.i.IntermediateProofReplayer Proof replay took 7.4ns 
76043      INFO  main            d.u.i.k.p.r.p.TestFile    ... finished proof: closed. 
76273      INFO  main            d.u.i.k.p.i.AbstractProblemLoader Loading environment from /home/runner/work/key/key/key.core/../key.ui/examples/heap/vacid0_01_SparseArray/SparseArray_SparseArray.key.proof 
76274      DEBUG main            d.u.i.k.p.i.AbstractProblemLoader Environment load took 1.15ms 
76276      INFO  main            d.u.i.k.p.i.AbstractProblemLoader Creating init config 
78968      DEBUG main            d.u.i.k.p.i.AbstractProblemLoader Init config took 2.69s 
79024      INFO  main            d.u.i.k.p.i.AbstractProblemLoader Replaying proof SparseArray[SparseArray::SparseArray(int)].JML normal_behavior operation contract.0 
79310      DEBUG main            d.u.i.k.p.i.IntermediateProofReplayer Proof replay took 275.79ms 
79311      DEBUG main            d.u.i.k.p.r.p.TestFile    ... success: reloaded. 
2169728    INFO  Test worker     d.u.i.k.p.r.RunAllProofsTestUnit Returning from test VACID0 
2169730    INFO  Test worker     d.u.i.k.p.r.RunAllProofsTestUnit Running test VSTTE10 
329        INFO  Timeout watchdog d.u.i.k.p.r.p.ForkedTestFileRunner Timeout watcher launched (2000 secs.) 
346        WARN  main            d.u.i.k.s.ProofSettings   The settings in /home/runner/.key/proof-settings.props are *not* read. 
395        INFO  main            d.u.i.k.p.r.p.TestFile    Now processing file /home/runner/work/key/key/key.core/../key.ui/examples/heap/vstte10_01_SumAndMax/SumAndMax_sumAndMax.key 
560        INFO  main            d.u.i.k.p.i.AbstractProblemLoader Loading environment from /home/runner/work/key/key/key.core/../key.ui/examples/heap/vstte10_01_SumAndMax/SumAndMax_sumAndMax.key 
586        DEBUG main            d.u.i.k.p.i.AbstractProblemLoader Environment load took 2.22ms 
816        INFO  main            d.u.i.k.p.i.AbstractProblemLoader Creating init config 
1722       DEBUG main            d.u.i.k.j.TypeConverter   No LDT found for Meta 
1723       DEBUG main            d.u.i.k.j.TypeConverter   No LDT found for Meta 
1725       DEBUG main            d.u.i.k.j.TypeConverter   No LDT found for Meta 
1725       DEBUG main            d.u.i.k.j.TypeConverter   No LDT found for Meta 
3142       DEBUG main            d.u.i.k.j.TypeConverter   No LDT found for JavaBigintExpression 
8493       DEBUG main            d.u.i.k.p.i.AbstractProblemLoader Init config took 7.68s 
8651       INFO  main            d.u.i.k.p.i.AbstractProblemLoader Replaying proof SumAndMax[SumAndMax::sumAndMax([I)].JML normal_behavior operation contract.0 
8695       DEBUG main            d.u.i.k.p.i.IntermediateProofReplayer Proof replay took 38.4ns 
14253      INFO  main            d.u.i.k.p.r.p.TestFile    ... finished proof: closed. 
14518      INFO  main            d.u.i.k.p.i.AbstractProblemLoader Loading environment from /home/runner/work/key/key/key.core/../key.ui/examples/heap/vstte10_01_SumAndMax/SumAndMax_sumAndMax.key.proof 
14522      DEBUG main            d.u.i.k.p.i.AbstractProblemLoader Environment load took 4.06ms 
14525      INFO  main            d.u.i.k.p.i.AbstractProblemLoader Creating init config 
17485      DEBUG main            d.u.i.k.p.i.AbstractProblemLoader Init config took 2.96s 
17557      INFO  main            d.u.i.k.p.i.AbstractProblemLoader Replaying proof SumAndMax[SumAndMax::sumAndMax([I)].JML normal_behavior operation contract.0 
18124      DEBUG main            d.u.i.k.p.i.IntermediateProofReplayer Proof replay took 533.79ms 
18134      DEBUG main            d.u.i.k.p.r.p.TestFile    ... success: reloaded. 
18136      INFO  main            d.u.i.k.p.r.p.TestFile    Now processing file /home/runner/work/key/key/key.core/../key.ui/examples/heap/vstte10_03_LinkedList/Node_cons.key 
18137      INFO  main            d.u.i.k.p.i.AbstractProblemLoader Loading environment from /home/runner/work/key/key/key.core/../key.ui/examples/heap/vstte10_03_LinkedList/Node_cons.key 
18137      DEBUG main            d.u.i.k.p.i.AbstractProblemLoader Environment load took 296.51ns 
18138      INFO  main            d.u.i.k.p.i.AbstractProblemLoader Creating init config 
21144      DEBUG main            d.u.i.k.p.i.AbstractProblemLoader Init config took 3.01s 
21207      INFO  main            d.u.i.k.p.i.AbstractProblemLoader Replaying proof Node[Node::cons(int,Node)].JML normal_behavior operation contract.0 
21210      DEBUG main            d.u.i.k.p.i.IntermediateProofReplayer Proof replay took 8.8ns 
23043      INFO  main            d.u.i.k.p.r.p.TestFile    ... finished proof: closed. 
23227      INFO  main            d.u.i.k.p.i.AbstractProblemLoader Loading environment from /home/runner/work/key/key/key.core/../key.ui/examples/heap/vstte10_03_LinkedList/Node_cons.key.proof 
23227      DEBUG main            d.u.i.k.p.i.AbstractProblemLoader Environment load took 535.51ns 
23231      INFO  main            d.u.i.k.p.i.AbstractProblemLoader Creating init config 
26135      DEBUG main            d.u.i.k.p.i.AbstractProblemLoader Init config took 2.9s 
26193      INFO  main            d.u.i.k.p.i.AbstractProblemLoader Replaying proof Node[Node::cons(int,Node)].JML normal_behavior operation contract.0 
26446      DEBUG main            d.u.i.k.p.i.IntermediateProofReplayer Proof replay took 241.9ms 
26448      DEBUG main            d.u.i.k.p.r.p.TestFile    ... success: reloaded. 
26450      INFO  main            d.u.i.k.p.r.p.TestFile    Now processing file /home/runner/work/key/key/key.core/../key.ui/examples/heap/vstte10_03_LinkedList/Node_inv.key 
26450      INFO  main            d.u.i.k.p.i.AbstractProblemLoader Loading environment from /home/runner/work/key/key/key.core/../key.ui/examples/heap/vstte10_03_LinkedList/Node_inv.key 
26451      DEBUG main            d.u.i.k.p.i.AbstractProblemLoader Environment load took 243.81ns 
26452      INFO  main            d.u.i.k.p.i.AbstractProblemLoader Creating init config 
29264      DEBUG main            d.u.i.k.p.i.AbstractProblemLoader Init config took 2.81s 
29321      INFO  main            d.u.i.k.p.i.AbstractProblemLoader Replaying proof Node[java.lang.Object::<inv>()].JML accessible clause.0 
29323      DEBUG main            d.u.i.k.p.i.IntermediateProofReplayer Proof replay took 6.6ns 
29626      INFO  main            d.u.i.k.p.r.p.TestFile    ... finished proof: closed. 
29803      INFO  main            d.u.i.k.p.i.AbstractProblemLoader Loading environment from /home/runner/work/key/key/key.core/../key.ui/examples/heap/vstte10_03_LinkedList/Node_inv.key.proof 
29804      DEBUG main            d.u.i.k.p.i.AbstractProblemLoader Environment load took 524.61ns 
29805      INFO  main            d.u.i.k.p.i.AbstractProblemLoader Creating init config 
32491      DEBUG main            d.u.i.k.p.i.AbstractProblemLoader Init config took 2.69s 
32556      INFO  main            d.u.i.k.p.i.AbstractProblemLoader Replaying proof Node[java.lang.Object::<inv>()].JML accessible clause.0 
32584      DEBUG main            d.u.i.k.p.i.IntermediateProofReplayer Proof replay took 24.48ms 
32586      DEBUG main            d.u.i.k.p.r.p.TestFile    ... success: reloaded. 
32587      INFO  main            d.u.i.k.p.r.p.TestFile    Now processing file /home/runner/work/key/key/key.core/../key.ui/examples/heap/vstte10_03_LinkedList/Node_search.key 
32588      INFO  main            d.u.i.k.p.i.AbstractProblemLoader Loading environment from /home/runner/work/key/key/key.core/../key.ui/examples/heap/vstte10_03_LinkedList/Node_search.key 
32588      DEBUG main            d.u.i.k.p.i.AbstractProblemLoader Environment load took 234.31ns 
32589      INFO  main            d.u.i.k.p.i.AbstractProblemLoader Creating init config 
35381      DEBUG main            d.u.i.k.p.i.AbstractProblemLoader Init config took 2.79s 
35432      INFO  main            d.u.i.k.p.i.AbstractProblemLoader Replaying proof Node[Node::search()].JML normal_behavior operation contract.0 
35434      DEBUG main            d.u.i.k.p.i.IntermediateProofReplayer Proof replay took 7ns 
41491      INFO  main            d.u.i.k.p.r.p.TestFile    ... finished proof: closed. 
41712      INFO  main            d.u.i.k.p.i.AbstractProblemLoader Loading environment from /home/runner/work/key/key/key.core/../key.ui/examples/heap/vstte10_03_LinkedList/Node_search.key.proof 
41712      DEBUG main            d.u.i.k.p.i.AbstractProblemLoader Environment load took 567.91ns 
41715      INFO  main            d.u.i.k.p.i.AbstractProblemLoader Creating init config 
44449      DEBUG main            d.u.i.k.p.i.AbstractProblemLoader Init config took 2.73s 
44502      INFO  main            d.u.i.k.p.i.AbstractProblemLoader Replaying proof Node[Node::search()].JML normal_behavior operation contract.0 
45030      DEBUG main            d.u.i.k.p.i.IntermediateProofReplayer Proof replay took 486.25ms 
45033      DEBUG main            d.u.i.k.p.r.p.TestFile    ... success: reloaded. 
45035      INFO  main            d.u.i.k.p.r.p.TestFile    Now processing file /home/runner/work/key/key/key.core/../key.ui/examples/heap/vstte10_04_Queens/Queens_isConsistent.key 
45035      INFO  main            d.u.i.k.p.i.AbstractProblemLoader Loading environment from /home/runner/work/key/key/key.core/../key.ui/examples/heap/vstte10_04_Queens/Queens_isConsistent.key 
45035      DEBUG main            d.u.i.k.p.i.AbstractProblemLoader Environment load took 231.81ns 
45037      INFO  main            d.u.i.k.p.i.AbstractProblemLoader Creating init config 
48041      DEBUG main            d.u.i.k.p.i.AbstractProblemLoader Init config took 3s 
48105      INFO  main            d.u.i.k.p.i.AbstractProblemLoader Replaying proof Queens[Queens::isConsistent([I,int)].JML normal_behavior operation contract.0 
48107      DEBUG main            d.u.i.k.p.i.IntermediateProofReplayer Proof replay took 7.7ns 
49839      INFO  main            d.u.i.k.p.r.p.TestFile    ... finished proof: closed. 
50080      INFO  main            d.u.i.k.p.i.AbstractProblemLoader Loading environment from /home/runner/work/key/key/key.core/../key.ui/examples/heap/vstte10_04_Queens/Queens_isConsistent.key.proof 
50081      DEBUG main            d.u.i.k.p.i.AbstractProblemLoader Environment load took 544.31ns 
50082      INFO  main            d.u.i.k.p.i.AbstractProblemLoader Creating init config 
52862      DEBUG main            d.u.i.k.p.i.AbstractProblemLoader Init config took 2.78s 
52905      INFO  main            d.u.i.k.p.i.AbstractProblemLoader Replaying proof Queens[Queens::isConsistent([I,int)].JML normal_behavior operation contract.0 
53192      DEBUG main            d.u.i.k.p.i.IntermediateProofReplayer Proof replay took 277.83ms 
53193      DEBUG main            d.u.i.k.p.r.p.TestFile    ... success: reloaded. 
53195      INFO  main            d.u.i.k.p.r.p.TestFile    Now processing file /home/runner/work/key/key/key.core/../key.ui/examples/heap/vstte10_04_Queens/Queens_nQueens.key 
53195      INFO  main            d.u.i.k.p.i.AbstractProblemLoader Loading environment from /home/runner/work/key/key/key.core/../key.ui/examples/heap/vstte10_04_Queens/Queens_nQueens.key 
53195      DEBUG main            d.u.i.k.p.i.AbstractProblemLoader Environment load took 122.3ns 
53196      INFO  main            d.u.i.k.p.i.AbstractProblemLoader Creating init config 
55938      DEBUG main            d.u.i.k.p.i.AbstractProblemLoader Init config took 2.74s 
55981      INFO  main            d.u.i.k.p.i.AbstractProblemLoader Replaying proof Queens[Queens::nQueens(int)].JML normal_behavior operation contract.0 
55983      DEBUG main            d.u.i.k.p.i.IntermediateProofReplayer Proof replay took 7.6ns 
69183      INFO  main            d.u.i.k.p.r.p.TestFile    ... finished proof: closed. 
69434      INFO  main            d.u.i.k.p.i.AbstractProblemLoader Loading environment from /home/runner/work/key/key/key.core/../key.ui/examples/heap/vstte10_04_Queens/Queens_nQueens.key.proof 
69435      DEBUG main            d.u.i.k.p.i.AbstractProblemLoader Environment load took 239.51ns 
69436      INFO  main            d.u.i.k.p.i.AbstractProblemLoader Creating init config 
72199      DEBUG main            d.u.i.k.p.i.AbstractProblemLoader Init config took 2.76s 
72244      INFO  main            d.u.i.k.p.i.AbstractProblemLoader Replaying proof Queens[Queens::nQueens(int)].JML normal_behavior operation contract.0 
72636      DEBUG main            d.u.i.k.p.i.IntermediateProofReplayer Proof replay took 375.85ms 
72638      DEBUG main            d.u.i.k.p.r.p.TestFile    ... success: reloaded. 
72639      INFO  main            d.u.i.k.p.r.p.TestFile    Now processing file /home/runner/work/key/key/key.core/../key.ui/examples/heap/vstte10_05_Queue/AmortizedQueue_AmortizedQueue.key 
72640      INFO  main            d.u.i.k.p.i.AbstractProblemLoader Loading environment from /home/runner/work/key/key/key.core/../key.ui/examples/heap/vstte10_05_Queue/AmortizedQueue_AmortizedQueue.key 
72640      DEBUG main            d.u.i.k.p.i.AbstractProblemLoader Environment load took 107.7ns 
72641      INFO  main            d.u.i.k.p.i.AbstractProblemLoader Creating init config 
75559      DEBUG main            d.u.i.k.p.i.AbstractProblemLoader Init config took 2.92s 
75607      INFO  main            d.u.i.k.p.i.AbstractProblemLoader Replaying proof AmortizedQueue[AmortizedQueue::AmortizedQueue()].JML normal_behavior operation contract.0 
75608      DEBUG main            d.u.i.k.p.i.IntermediateProofReplayer Proof replay took 6.7ns 
77043      INFO  main            d.u.i.k.p.r.p.TestFile    ... finished proof: closed. 
77277      INFO  main            d.u.i.k.p.i.AbstractProblemLoader Loading environment from /home/runner/work/key/key/key.core/../key.ui/examples/heap/vstte10_05_Queue/AmortizedQueue_AmortizedQueue.key.proof 
77278      DEBUG main            d.u.i.k.p.i.AbstractProblemLoader Environment load took 1.12ms 
77280      INFO  main            d.u.i.k.p.i.AbstractProblemLoader Creating init config 
80055      DEBUG main            d.u.i.k.p.i.AbstractProblemLoader Init config took 2.77s 
80110      INFO  main            d.u.i.k.p.i.AbstractProblemLoader Replaying proof AmortizedQueue[AmortizedQueue::AmortizedQueue()].JML normal_behavior operation contract.0 
80312      DEBUG main            d.u.i.k.p.i.IntermediateProofReplayer Proof replay took 194.43ms 
80314      DEBUG main            d.u.i.k.p.r.p.TestFile    ... success: reloaded. 
80316      INFO  main            d.u.i.k.p.r.p.TestFile    Now processing file /home/runner/work/key/key/key.core/../key.ui/examples/heap/vstte10_05_Queue/AmortizedQueue_front.key 
80317      INFO  main            d.u.i.k.p.i.AbstractProblemLoader Loading environment from /home/runner/work/key/key/key.core/../key.ui/examples/heap/vstte10_05_Queue/AmortizedQueue_front.key 
80317      DEBUG main            d.u.i.k.p.i.AbstractProblemLoader Environment load took 224.6ns 
80318      INFO  main            d.u.i.k.p.i.AbstractProblemLoader Creating init config 
83120      DEBUG main            d.u.i.k.p.i.AbstractProblemLoader Init config took 2.8s 
83166      INFO  main            d.u.i.k.p.i.AbstractProblemLoader Replaying proof AmortizedQueue[AmortizedQueue::front()].JML normal_behavior operation contract.0 
83168      DEBUG main            d.u.i.k.p.i.IntermediateProofReplayer Proof replay took 8ns 
83672      INFO  main            d.u.i.k.p.r.p.TestFile    ... finished proof: closed. 
83904      INFO  main            d.u.i.k.p.i.AbstractProblemLoader Loading environment from /home/runner/work/key/key/key.core/../key.ui/examples/heap/vstte10_05_Queue/AmortizedQueue_front.key.proof 
83905      DEBUG main            d.u.i.k.p.i.AbstractProblemLoader Environment load took 694.82ns 
83906      INFO  main            d.u.i.k.p.i.AbstractProblemLoader Creating init config 
86664      DEBUG main            d.u.i.k.p.i.AbstractProblemLoader Init config took 2.76s 
86717      INFO  main            d.u.i.k.p.i.AbstractProblemLoader Replaying proof AmortizedQueue[AmortizedQueue::front()].JML normal_behavior operation contract.0 
86758      DEBUG main            d.u.i.k.p.i.IntermediateProofReplayer Proof replay took 37.37ms 
86759      DEBUG main            d.u.i.k.p.r.p.TestFile    ... success: reloaded. 
86760      INFO  main            d.u.i.k.p.r.p.TestFile    Now processing file /home/runner/work/key/key/key.core/../key.ui/examples/heap/vstte10_05_Queue/LinkedList_concat.key 
86761      INFO  main            d.u.i.k.p.i.AbstractProblemLoader Loading environment from /home/runner/work/key/key/key.core/../key.ui/examples/heap/vstte10_05_Queue/LinkedList_concat.key 
86761      DEBUG main            d.u.i.k.p.i.AbstractProblemLoader Environment load took 210.4ns 
86762      INFO  main            d.u.i.k.p.i.AbstractProblemLoader Creating init config 
89508      DEBUG main            d.u.i.k.p.i.AbstractProblemLoader Init config took 2.75s 
89555      INFO  main            d.u.i.k.p.i.AbstractProblemLoader Replaying proof LinkedList[LinkedList::concat(LinkedList)].JML normal_behavior operation contract.0 
89557      DEBUG main            d.u.i.k.p.i.IntermediateProofReplayer Proof replay took 8.5ns 
97623      INFO  main            d.u.i.k.p.r.p.TestFile    ... finished proof: closed. 
97891      INFO  main            d.u.i.k.p.i.AbstractProblemLoader Loading environment from /home/runner/work/key/key/key.core/../key.ui/examples/heap/vstte10_05_Queue/LinkedList_concat.key.proof 
97892      DEBUG main            d.u.i.k.p.i.AbstractProblemLoader Environment load took 490.61ns 
97894      INFO  main            d.u.i.k.p.i.AbstractProblemLoader Creating init config 
100600     DEBUG main            d.u.i.k.p.i.AbstractProblemLoader Init config took 2.71s 
100657     INFO  main            d.u.i.k.p.i.AbstractProblemLoader Replaying proof LinkedList[LinkedList::concat(LinkedList)].JML normal_behavior operation contract.0 
101089     DEBUG main            d.u.i.k.p.i.IntermediateProofReplayer Proof replay took 405.87ms 
101092     DEBUG main            d.u.i.k.p.r.p.TestFile    ... success: reloaded. 
101093     INFO  main            d.u.i.k.p.r.p.TestFile    Now processing file /home/runner/work/key/key/key.core/../key.ui/examples/heap/vstte10_05_Queue/LinkedList_cons.key 
101094     INFO  main            d.u.i.k.p.i.AbstractProblemLoader Loading environment from /home/runner/work/key/key/key.core/../key.ui/examples/heap/vstte10_05_Queue/LinkedList_cons.key 
101094     DEBUG main            d.u.i.k.p.i.AbstractProblemLoader Environment load took 220.5ns 
101095     INFO  main            d.u.i.k.p.i.AbstractProblemLoader Creating init config 
103881     DEBUG main            d.u.i.k.p.i.AbstractProblemLoader Init config took 2.79s 
103927     INFO  main            d.u.i.k.p.i.AbstractProblemLoader Replaying proof LinkedList[LinkedList::cons(int)].JML normal_behavior operation contract.0 
103929     DEBUG main            d.u.i.k.p.i.IntermediateProofReplayer Proof replay took 6.5ns 
106241     INFO  main            d.u.i.k.p.r.p.TestFile    ... finished proof: closed. 
106503     INFO  main            d.u.i.k.p.i.AbstractProblemLoader Loading environment from /home/runner/work/key/key/key.core/../key.ui/examples/heap/vstte10_05_Queue/LinkedList_cons.key.proof 
106503     DEBUG main            d.u.i.k.p.i.AbstractProblemLoader Environment load took 165.8ns 
106505     INFO  main            d.u.i.k.p.i.AbstractProblemLoader Creating init config 
109191     DEBUG main            d.u.i.k.p.i.AbstractProblemLoader Init config took 2.69s 
109247     INFO  main            d.u.i.k.p.i.AbstractProblemLoader Replaying proof LinkedList[LinkedList::cons(int)].JML normal_behavior operation contract.0 
109434     DEBUG main            d.u.i.k.p.i.IntermediateProofReplayer Proof replay took 177.55ms 
109436     DEBUG main            d.u.i.k.p.r.p.TestFile    ... success: reloaded. 
109437     INFO  main            d.u.i.k.p.r.p.TestFile    Now processing file /home/runner/work/key/key/key.core/../key.ui/examples/heap/vstte10_05_Queue/LinkedList_head.key 
109437     INFO  main            d.u.i.k.p.i.AbstractProblemLoader Loading environment from /home/runner/work/key/key/key.core/../key.ui/examples/heap/vstte10_05_Queue/LinkedList_head.key 
109437     DEBUG main            d.u.i.k.p.i.AbstractProblemLoader Environment load took 104.6ns 
109438     INFO  main            d.u.i.k.p.i.AbstractProblemLoader Creating init config 
112230     DEBUG main            d.u.i.k.p.i.AbstractProblemLoader Init config took 2.79s 
112274     INFO  main            d.u.i.k.p.i.AbstractProblemLoader Replaying proof LinkedList[LinkedList::head()].JML normal_behavior operation contract.0 
112275     DEBUG main            d.u.i.k.p.i.IntermediateProofReplayer Proof replay took 7.2ns 
112378     INFO  main            d.u.i.k.p.r.p.TestFile    ... finished proof: closed. 
112667     INFO  main            d.u.i.k.p.i.AbstractProblemLoader Loading environment from /home/runner/work/key/key/key.core/../key.ui/examples/heap/vstte10_05_Queue/LinkedList_head.key.proof 
112667     DEBUG main            d.u.i.k.p.i.AbstractProblemLoader Environment load took 140.9ns 
112670     INFO  main            d.u.i.k.p.i.AbstractProblemLoader Creating init config 
115382     DEBUG main            d.u.i.k.p.i.AbstractProblemLoader Init config took 2.71s 
115428     INFO  main            d.u.i.k.p.i.AbstractProblemLoader Replaying proof LinkedList[LinkedList::head()].JML normal_behavior operation contract.0 
115442     DEBUG main            d.u.i.k.p.i.IntermediateProofReplayer Proof replay took 10.12ms 
115444     DEBUG main            d.u.i.k.p.r.p.TestFile    ... success: reloaded. 
115446     INFO  main            d.u.i.k.p.r.p.TestFile    Now processing file /home/runner/work/key/key/key.core/../key.ui/examples/heap/vstte10_05_Queue/LinkedList_inv.key 
115446     INFO  main            d.u.i.k.p.i.AbstractProblemLoader Loading environment from /home/runner/work/key/key/key.core/../key.ui/examples/heap/vstte10_05_Queue/LinkedList_inv.key 
115446     DEBUG main            d.u.i.k.p.i.AbstractProblemLoader Environment load took 251.71ns 
115448     INFO  main            d.u.i.k.p.i.AbstractProblemLoader Creating init config 
118232     DEBUG main            d.u.i.k.p.i.AbstractProblemLoader Init config took 2.78s 
118275     INFO  main            d.u.i.k.p.i.AbstractProblemLoader Replaying proof LinkedList[java.lang.Object::<inv>()].JML accessible clause.0 
118276     DEBUG main            d.u.i.k.p.i.IntermediateProofReplayer Proof replay took 6.3ns 
118579     INFO  main            d.u.i.k.p.r.p.TestFile    ... finished proof: closed. 
118802     INFO  main            d.u.i.k.p.i.AbstractProblemLoader Loading environment from /home/runner/work/key/key/key.core/../key.ui/examples/heap/vstte10_05_Queue/LinkedList_inv.key.proof 
118803     DEBUG main            d.u.i.k.p.i.AbstractProblemLoader Environment load took 142.4ns 
118804     INFO  main            d.u.i.k.p.i.AbstractProblemLoader Creating init config 
121491     DEBUG main            d.u.i.k.p.i.AbstractProblemLoader Init config took 2.69s 
121535     INFO  main            d.u.i.k.p.i.AbstractProblemLoader Replaying proof LinkedList[java.lang.Object::<inv>()].JML accessible clause.0 
121555     DEBUG main            d.u.i.k.p.i.IntermediateProofReplayer Proof replay took 17.63ms 
121556     DEBUG main            d.u.i.k.p.r.p.TestFile    ... success: reloaded. 
121557     INFO  main            d.u.i.k.p.r.p.TestFile    Now processing file /home/runner/work/key/key/key.core/../key.ui/examples/heap/vstte10_05_Queue/LinkedList_length.key 
121558     INFO  main            d.u.i.k.p.i.AbstractProblemLoader Loading environment from /home/runner/work/key/key/key.core/../key.ui/examples/heap/vstte10_05_Queue/LinkedList_length.key 
121558     DEBUG main            d.u.i.k.p.i.AbstractProblemLoader Environment load took 105.6ns 
121559     INFO  main            d.u.i.k.p.i.AbstractProblemLoader Creating init config 
124340     DEBUG main            d.u.i.k.p.i.AbstractProblemLoader Init config took 2.78s 
124383     INFO  main            d.u.i.k.p.i.AbstractProblemLoader Replaying proof LinkedList[LinkedList::length()].JML normal_behavior operation contract.0 
124385     DEBUG main            d.u.i.k.p.i.IntermediateProofReplayer Proof replay took 6.6ns 
124488     INFO  main            d.u.i.k.p.r.p.TestFile    ... finished proof: closed. 
124779     INFO  main            d.u.i.k.p.i.AbstractProblemLoader Loading environment from /home/runner/work/key/key/key.core/../key.ui/examples/heap/vstte10_05_Queue/LinkedList_length.key.proof 
124779     DEBUG main            d.u.i.k.p.i.AbstractProblemLoader Environment load took 144.5ns 
124780     INFO  main            d.u.i.k.p.i.AbstractProblemLoader Creating init config 
127500     DEBUG main            d.u.i.k.p.i.AbstractProblemLoader Init config took 2.72s 
127543     INFO  main            d.u.i.k.p.i.AbstractProblemLoader Replaying proof LinkedList[LinkedList::length()].JML normal_behavior operation contract.0 
127556     DEBUG main            d.u.i.k.p.i.IntermediateProofReplayer Proof replay took 10.33ms 
127556     DEBUG main            d.u.i.k.p.r.p.TestFile    ... success: reloaded. 
127558     INFO  main            d.u.i.k.p.r.p.TestFile    Now processing file /home/runner/work/key/key/key.core/../key.ui/examples/heap/vstte10_05_Queue/LinkedList_LinkedList1.key 
127558     INFO  main            d.u.i.k.p.i.AbstractProblemLoader Loading environment from /home/runner/work/key/key/key.core/../key.ui/examples/heap/vstte10_05_Queue/LinkedList_LinkedList1.key 
127558     DEBUG main            d.u.i.k.p.i.AbstractProblemLoader Environment load took 116.9ns 
127559     INFO  main            d.u.i.k.p.i.AbstractProblemLoader Creating init config 
130332     DEBUG main            d.u.i.k.p.i.AbstractProblemLoader Init config took 2.77s 
130377     INFO  main            d.u.i.k.p.i.AbstractProblemLoader Replaying proof LinkedList[LinkedList::LinkedList(int,LinkedList)].JML normal_behavior operation contract.0 
130379     DEBUG main            d.u.i.k.p.i.IntermediateProofReplayer Proof replay took 7.5ns 
132285     INFO  main            d.u.i.k.p.r.p.TestFile    ... finished proof: closed. 
132558     INFO  main            d.u.i.k.p.i.AbstractProblemLoader Loading environment from /home/runner/work/key/key/key.core/../key.ui/examples/heap/vstte10_05_Queue/LinkedList_LinkedList1.key.proof 
132559     DEBUG main            d.u.i.k.p.i.AbstractProblemLoader Environment load took 533.91ns 
132560     INFO  main            d.u.i.k.p.i.AbstractProblemLoader Creating init config 
135281     DEBUG main            d.u.i.k.p.i.AbstractProblemLoader Init config took 2.72s 
135335     INFO  main            d.u.i.k.p.i.AbstractProblemLoader Replaying proof LinkedList[LinkedList::LinkedList(int,LinkedList)].JML normal_behavior operation contract.0 
135506     DEBUG main            d.u.i.k.p.i.IntermediateProofReplayer Proof replay took 163.19ms 
135507     DEBUG main            d.u.i.k.p.r.p.TestFile    ... success: reloaded. 
135509     INFO  main            d.u.i.k.p.r.p.TestFile    Now processing file /home/runner/work/key/key/key.core/../key.ui/examples/heap/vstte10_05_Queue/LinkedList_LinkedList2.key 
135509     INFO  main            d.u.i.k.p.i.AbstractProblemLoader Loading environment from /home/runner/work/key/key/key.core/../key.ui/examples/heap/vstte10_05_Queue/LinkedList_LinkedList2.key 
135509     DEBUG main            d.u.i.k.p.i.AbstractProblemLoader Environment load took 124.2ns 
135510     INFO  main            d.u.i.k.p.i.AbstractProblemLoader Creating init config 
138271     DEBUG main            d.u.i.k.p.i.AbstractProblemLoader Init config took 2.76s 
138314     INFO  main            d.u.i.k.p.i.AbstractProblemLoader Replaying proof LinkedList[LinkedList::LinkedList(int,LinkedList)].JML normal_behavior operation contract.0 
138316     DEBUG main            d.u.i.k.p.i.IntermediateProofReplayer Proof replay took 6.6ns 
140143     INFO  main            d.u.i.k.p.r.p.TestFile    ... finished proof: closed. 
140418     INFO  main            d.u.i.k.p.i.AbstractProblemLoader Loading environment from /home/runner/work/key/key/key.core/../key.ui/examples/heap/vstte10_05_Queue/LinkedList_LinkedList2.key.proof 
140418     DEBUG main            d.u.i.k.p.i.AbstractProblemLoader Environment load took 145.8ns 
140419     INFO  main            d.u.i.k.p.i.AbstractProblemLoader Creating init config 
143109     DEBUG main            d.u.i.k.p.i.AbstractProblemLoader Init config took 2.69s 
143155     INFO  main            d.u.i.k.p.i.AbstractProblemLoader Replaying proof LinkedList[LinkedList::LinkedList(int,LinkedList)].JML normal_behavior operation contract.0 
143341     DEBUG main            d.u.i.k.p.i.IntermediateProofReplayer Proof replay took 179.34ms 
143343     DEBUG main            d.u.i.k.p.r.p.TestFile    ... success: reloaded. 
143345     INFO  main            d.u.i.k.p.r.p.TestFile    Now processing file /home/runner/work/key/key/key.core/../key.ui/examples/heap/vstte10_05_Queue/LinkedList_LinkedList3.key 
143345     INFO  main            d.u.i.k.p.i.AbstractProblemLoader Loading environment from /home/runner/work/key/key/key.core/../key.ui/examples/heap/vstte10_05_Queue/LinkedList_LinkedList3.key 
143345     DEBUG main            d.u.i.k.p.i.AbstractProblemLoader Environment load took 107ns 
143346     INFO  main            d.u.i.k.p.i.AbstractProblemLoader Creating init config 
146112     DEBUG main            d.u.i.k.p.i.AbstractProblemLoader Init config took 2.77s 
146160     INFO  main            d.u.i.k.p.i.AbstractProblemLoader Replaying proof LinkedList[LinkedList::LinkedList(int,LinkedList)].JML normal_behavior operation contract.0 
146162     DEBUG main            d.u.i.k.p.i.IntermediateProofReplayer Proof replay took 7.4ns 
159655     INFO  main            d.u.i.k.p.r.p.TestFile    ... finished proof: closed. 
160038     INFO  main            d.u.i.k.p.i.AbstractProblemLoader Loading environment from /home/runner/work/key/key/key.core/../key.ui/examples/heap/vstte10_05_Queue/LinkedList_LinkedList3.key.proof 
160038     DEBUG main            d.u.i.k.p.i.AbstractProblemLoader Environment load took 536.41ns 
160045     INFO  main            d.u.i.k.p.i.AbstractProblemLoader Creating init config 
162719     DEBUG main            d.u.i.k.p.i.AbstractProblemLoader Init config took 2.67s 
162776     INFO  main            d.u.i.k.p.i.AbstractProblemLoader Replaying proof LinkedList[LinkedList::LinkedList(int,LinkedList)].JML normal_behavior operation contract.0 
163862     DEBUG main            d.u.i.k.p.i.IntermediateProofReplayer Proof replay took 1s 
163869     DEBUG main            d.u.i.k.p.r.p.TestFile    ... success: reloaded. 
163870     INFO  main            d.u.i.k.p.r.p.TestFile    Now processing file /home/runner/work/key/key/key.core/../key.ui/examples/heap/vstte10_05_Queue/LinkedList_reverse.key 
163870     INFO  main            d.u.i.k.p.i.AbstractProblemLoader Loading environment from /home/runner/work/key/key/key.core/../key.ui/examples/heap/vstte10_05_Queue/LinkedList_reverse.key 
163870     DEBUG main            d.u.i.k.p.i.AbstractProblemLoader Environment load took 95.1ns 
163871     INFO  main            d.u.i.k.p.i.AbstractProblemLoader Creating init config 
166623     DEBUG main            d.u.i.k.p.i.AbstractProblemLoader Init config took 2.75s 
166669     INFO  main            d.u.i.k.p.i.AbstractProblemLoader Replaying proof LinkedList[LinkedList::reverse()].JML normal_behavior operation contract.0 
166672     DEBUG main            d.u.i.k.p.i.IntermediateProofReplayer Proof replay took 7.5ns 
175753     INFO  main            d.u.i.k.p.r.p.TestFile    ... finished proof: closed. 
176086     INFO  main            d.u.i.k.p.i.AbstractProblemLoader Loading environment from /home/runner/work/key/key/key.core/../key.ui/examples/heap/vstte10_05_Queue/LinkedList_reverse.key.proof 
176087     DEBUG main            d.u.i.k.p.i.AbstractProblemLoader Environment load took 449.01ns 
176090     INFO  main            d.u.i.k.p.i.AbstractProblemLoader Creating init config 
178773     DEBUG main            d.u.i.k.p.i.AbstractProblemLoader Init config took 2.68s 
178816     INFO  main            d.u.i.k.p.i.AbstractProblemLoader Replaying proof LinkedList[LinkedList::reverse()].JML normal_behavior operation contract.0 
179322     DEBUG main            d.u.i.k.p.i.IntermediateProofReplayer Proof replay took 464.4ms 
179325     DEBUG main            d.u.i.k.p.r.p.TestFile    ... success: reloaded. 
179326     INFO  main            d.u.i.k.p.r.p.TestFile    Now processing file /home/runner/work/key/key/key.core/../key.ui/examples/heap/vstte10_05_Queue/LinkedList_tail.key 
179326     INFO  main            d.u.i.k.p.i.AbstractProblemLoader Loading environment from /home/runner/work/key/key/key.core/../key.ui/examples/heap/vstte10_05_Queue/LinkedList_tail.key 
179326     DEBUG main            d.u.i.k.p.i.AbstractProblemLoader Environment load took 122.8ns 
179327     INFO  main            d.u.i.k.p.i.AbstractProblemLoader Creating init config 
182180     DEBUG main            d.u.i.k.p.i.AbstractProblemLoader Init config took 2.85s 
182230     INFO  main            d.u.i.k.p.i.AbstractProblemLoader Replaying proof LinkedList[LinkedList::tail()].JML normal_behavior operation contract.0 
182232     DEBUG main            d.u.i.k.p.i.IntermediateProofReplayer Proof replay took 50.3ns 
182735     INFO  main            d.u.i.k.p.r.p.TestFile    ... finished proof: closed. 
183011     INFO  main            d.u.i.k.p.i.AbstractProblemLoader Loading environment from /home/runner/work/key/key/key.core/../key.ui/examples/heap/vstte10_05_Queue/LinkedList_tail.key.proof 
183011     DEBUG main            d.u.i.k.p.i.AbstractProblemLoader Environment load took 138.2ns 
183012     INFO  main            d.u.i.k.p.i.AbstractProblemLoader Creating init config 
185694     DEBUG main            d.u.i.k.p.i.AbstractProblemLoader Init config took 2.68s 
185739     INFO  main            d.u.i.k.p.i.AbstractProblemLoader Replaying proof LinkedList[LinkedList::tail()].JML normal_behavior operation contract.0 
185819     DEBUG main            d.u.i.k.p.i.IntermediateProofReplayer Proof replay took 76.26ms 
185820     DEBUG main            d.u.i.k.p.r.p.TestFile    ... success: reloaded. 
2355736    INFO  Test worker     d.u.i.k.p.r.RunAllProofsTestUnit Returning from test VSTTE10 
2355739    INFO  Test worker     d.u.i.k.p.r.RunAllProofsTestUnit Running test WeideEtAl 
363        INFO  Timeout watchdog d.u.i.k.p.r.p.ForkedTestFileRunner Timeout watcher launched (2000 secs.) 
381        WARN  main            d.u.i.k.s.ProofSettings   The settings in /home/runner/.key/proof-settings.props are *not* read. 
431        INFO  main            d.u.i.k.p.r.p.TestFile    Now processing file /home/runner/work/key/key/key.core/../key.ui/examples/heap/WeideEtAl_01_AddAndMultiply/AddAndMultiply_add.key 
593        INFO  main            d.u.i.k.p.i.AbstractProblemLoader Loading environment from /home/runner/work/key/key/key.core/../key.ui/examples/heap/WeideEtAl_01_AddAndMultiply/AddAndMultiply_add.key 
618        DEBUG main            d.u.i.k.p.i.AbstractProblemLoader Environment load took 2.9ms 
840        INFO  main            d.u.i.k.p.i.AbstractProblemLoader Creating init config 
1735       DEBUG main            d.u.i.k.j.TypeConverter   No LDT found for Meta 
1735       DEBUG main            d.u.i.k.j.TypeConverter   No LDT found for Meta 
1736       DEBUG main            d.u.i.k.j.TypeConverter   No LDT found for Meta 
1736       DEBUG main            d.u.i.k.j.TypeConverter   No LDT found for Meta 
3159       DEBUG main            d.u.i.k.j.TypeConverter   No LDT found for JavaBigintExpression 
8027       DEBUG main            d.u.i.k.p.i.AbstractProblemLoader Init config took 7.19s 
8229       INFO  main            d.u.i.k.p.i.AbstractProblemLoader Replaying proof AddAndMultiply[AddAndMultiply::add(int,int)].JML normal_behavior operation contract.0 
8269       DEBUG main            d.u.i.k.p.i.IntermediateProofReplayer Proof replay took 39.2ns 
10012      INFO  main            d.u.i.k.p.r.p.TestFile    ... finished proof: closed. 
10216      INFO  main            d.u.i.k.p.i.AbstractProblemLoader Loading environment from /home/runner/work/key/key/key.core/../key.ui/examples/heap/WeideEtAl_01_AddAndMultiply/AddAndMultiply_add.key.proof 
10217      DEBUG main            d.u.i.k.p.i.AbstractProblemLoader Environment load took 1.32ms 
10220      INFO  main            d.u.i.k.p.i.AbstractProblemLoader Creating init config 
12912      DEBUG main            d.u.i.k.p.i.AbstractProblemLoader Init config took 2.69s 
12973      INFO  main            d.u.i.k.p.i.AbstractProblemLoader Replaying proof AddAndMultiply[AddAndMultiply::add(int,int)].JML normal_behavior operation contract.0 
13138      DEBUG main            d.u.i.k.p.i.IntermediateProofReplayer Proof replay took 154.79ms 
13147      DEBUG main            d.u.i.k.p.r.p.TestFile    ... success: reloaded. 
13150      INFO  main            d.u.i.k.p.r.p.TestFile    Now processing file /home/runner/work/key/key/key.core/../key.ui/examples/heap/WeideEtAl_01_AddAndMultiply/AddAndMultiply_mul.key 
13150      INFO  main            d.u.i.k.p.i.AbstractProblemLoader Loading environment from /home/runner/work/key/key/key.core/../key.ui/examples/heap/WeideEtAl_01_AddAndMultiply/AddAndMultiply_mul.key 
13150      DEBUG main            d.u.i.k.p.i.AbstractProblemLoader Environment load took 146.4ns 
13154      INFO  main            d.u.i.k.p.i.AbstractProblemLoader Creating init config 
15942      DEBUG main            d.u.i.k.p.i.AbstractProblemLoader Init config took 2.79s 
15999      INFO  main            d.u.i.k.p.i.AbstractProblemLoader Replaying proof AddAndMultiply[AddAndMultiply::mul(int,int)].JML normal_behavior operation contract.0 
16002      DEBUG main            d.u.i.k.p.i.IntermediateProofReplayer Proof replay took 8.6ns 
16510      INFO  main            d.u.i.k.p.r.p.TestFile    ... finished proof: closed. 
16674      INFO  main            d.u.i.k.p.i.AbstractProblemLoader Loading environment from /home/runner/work/key/key/key.core/../key.ui/examples/heap/WeideEtAl_01_AddAndMultiply/AddAndMultiply_mul.key.proof 
16674      DEBUG main            d.u.i.k.p.i.AbstractProblemLoader Environment load took 589.61ns 
16676      INFO  main            d.u.i.k.p.i.AbstractProblemLoader Creating init config 
19236      DEBUG main            d.u.i.k.p.i.AbstractProblemLoader Init config took 2.56s 
19287      INFO  main            d.u.i.k.p.i.AbstractProblemLoader Replaying proof AddAndMultiply[AddAndMultiply::mul(int,int)].JML normal_behavior operation contract.0 
19378      DEBUG main            d.u.i.k.p.i.IntermediateProofReplayer Proof replay took 85.69ms 
19379      DEBUG main            d.u.i.k.p.r.p.TestFile    ... success: reloaded. 
19381      INFO  main            d.u.i.k.p.r.p.TestFile    Now processing file /home/runner/work/key/key/key.core/../key.ui/examples/heap/WeideEtAl_02_BinarySearch/BinarySearch_search.key 
19381      INFO  main            d.u.i.k.p.i.AbstractProblemLoader Loading environment from /home/runner/work/key/key/key.core/../key.ui/examples/heap/WeideEtAl_02_BinarySearch/BinarySearch_search.key 
19382      DEBUG main            d.u.i.k.p.i.AbstractProblemLoader Environment load took 247.61ns 
19383      INFO  main            d.u.i.k.p.i.AbstractProblemLoader Creating init config 
22044      DEBUG main            d.u.i.k.p.i.AbstractProblemLoader Init config took 2.66s 
22115      INFO  main            d.u.i.k.p.i.AbstractProblemLoader Replaying proof BinarySearch[BinarySearch::search([I,int)].JML normal_behavior operation contract.0 
22120      DEBUG main            d.u.i.k.p.i.IntermediateProofReplayer Proof replay took 7.5ns 
25258      INFO  main            d.u.i.k.p.r.p.TestFile    ... finished proof: closed. 
25471      INFO  main            d.u.i.k.p.i.AbstractProblemLoader Loading environment from /home/runner/work/key/key/key.core/../key.ui/examples/heap/WeideEtAl_02_BinarySearch/BinarySearch_search.key.proof 
25471      DEBUG main            d.u.i.k.p.i.AbstractProblemLoader Environment load took 159.4ns 
25479      INFO  main            d.u.i.k.p.i.AbstractProblemLoader Creating init config 
28024      DEBUG main            d.u.i.k.p.i.AbstractProblemLoader Init config took 2.54s 
28070      INFO  main            d.u.i.k.p.i.AbstractProblemLoader Replaying proof BinarySearch[BinarySearch::search([I,int)].JML normal_behavior operation contract.0 
28443      DEBUG main            d.u.i.k.p.i.IntermediateProofReplayer Proof replay took 353.98ms 
28445      DEBUG main            d.u.i.k.p.r.p.TestFile    ... success: reloaded. 
2384369    INFO  Test worker     d.u.i.k.p.r.RunAllProofsTestUnit Returning from test WeideEtAl 
2384370    INFO  Test worker     d.u.i.k.p.r.RunAllProofsTestUnit Running test arithmetic 
345        INFO  Timeout watchdog d.u.i.k.p.r.p.ForkedTestFileRunner Timeout watcher launched (2000 secs.) 
353        WARN  main            d.u.i.k.s.ProofSettings   The settings in /home/runner/.key/proof-settings.props are *not* read. 
401        INFO  main            d.u.i.k.p.r.p.TestFile    Now processing file /home/runner/work/key/key/key.core/../key.ui/examples/standard_key/arith/binomial1.key 
562        INFO  main            d.u.i.k.p.i.AbstractProblemLoader Loading environment from /home/runner/work/key/key/key.core/../key.ui/examples/standard_key/arith/binomial1.key 
584        DEBUG main            d.u.i.k.p.i.AbstractProblemLoader Environment load took 6.71ms 
858        INFO  main            d.u.i.k.p.i.AbstractProblemLoader Creating init config 
1793       DEBUG main            d.u.i.k.j.TypeConverter   No LDT found for Meta 
1793       DEBUG main            d.u.i.k.j.TypeConverter   No LDT found for Meta 
1796       DEBUG main            d.u.i.k.j.TypeConverter   No LDT found for Meta 
1796       DEBUG main            d.u.i.k.j.TypeConverter   No LDT found for Meta 
3024       DEBUG main            d.u.i.k.j.TypeConverter   No LDT found for JavaBigintExpression 
7899       DEBUG main            d.u.i.k.p.i.AbstractProblemLoader Init config took 7.04s 
7963       INFO  main            d.u.i.k.p.i.AbstractProblemLoader Replaying proof binomial1.key 
7998       DEBUG main            d.u.i.k.p.i.IntermediateProofReplayer Proof replay took 43ns 
8270       INFO  main            d.u.i.k.p.r.p.TestFile    ... finished proof: closed. 
8380       INFO  main            d.u.i.k.p.i.AbstractProblemLoader Loading environment from /home/runner/work/key/key/key.core/../key.ui/examples/standard_key/arith/binomial1.key.proof 
8381       DEBUG main            d.u.i.k.p.i.AbstractProblemLoader Environment load took 1.15ms 
8389       INFO  main            d.u.i.k.p.i.AbstractProblemLoader Creating init config 
11165      DEBUG main            d.u.i.k.p.i.AbstractProblemLoader Init config took 2.78s 
11219      INFO  main            d.u.i.k.p.i.AbstractProblemLoader Replaying proof binomial1.key.proof 
11247      DEBUG main            d.u.i.k.p.i.IntermediateProofReplayer Proof replay took 18.82ms 
11261      DEBUG main            d.u.i.k.p.r.p.TestFile    ... success: reloaded. 
11263      INFO  main            d.u.i.k.p.r.p.TestFile    Now processing file /home/runner/work/key/key/key.core/../key.ui/examples/standard_key/arith/binomial2.key 
11263      INFO  main            d.u.i.k.p.i.AbstractProblemLoader Loading environment from /home/runner/work/key/key/key.core/../key.ui/examples/standard_key/arith/binomial2.key 
11263      DEBUG main            d.u.i.k.p.i.AbstractProblemLoader Environment load took 102.3ns 
11267      INFO  main            d.u.i.k.p.i.AbstractProblemLoader Creating init config 
14017      DEBUG main            d.u.i.k.p.i.AbstractProblemLoader Init config took 2.75s 
14058      INFO  main            d.u.i.k.p.i.AbstractProblemLoader Replaying proof binomial2.key 
14069      DEBUG main            d.u.i.k.p.i.IntermediateProofReplayer Proof replay took 8.7ns 
14172      INFO  main            d.u.i.k.p.r.p.TestFile    ... finished proof: closed. 
14311      INFO  main            d.u.i.k.p.i.AbstractProblemLoader Loading environment from /home/runner/work/key/key/key.core/../key.ui/examples/standard_key/arith/binomial2.key.proof 
14312      DEBUG main            d.u.i.k.p.i.AbstractProblemLoader Environment load took 560.31ns 
14314      INFO  main            d.u.i.k.p.i.AbstractProblemLoader Creating init config 
16809      DEBUG main            d.u.i.k.p.i.AbstractProblemLoader Init config took 2.5s 
16834      INFO  main            d.u.i.k.p.i.AbstractProblemLoader Replaying proof binomial2.key.proof 
16843      DEBUG main            d.u.i.k.p.i.IntermediateProofReplayer Proof replay took 6.22ms 
16844      DEBUG main            d.u.i.k.p.r.p.TestFile    ... success: reloaded. 
16846      INFO  main            d.u.i.k.p.r.p.TestFile    Now processing file /home/runner/work/key/key/key.core/../key.ui/examples/standard_key/arith/check_jdiv.key 
16846      INFO  main            d.u.i.k.p.i.AbstractProblemLoader Loading environment from /home/runner/work/key/key/key.core/../key.ui/examples/standard_key/arith/check_jdiv.key 
16847      DEBUG main            d.u.i.k.p.i.AbstractProblemLoader Environment load took 250.81ns 
16848      INFO  main            d.u.i.k.p.i.AbstractProblemLoader Creating init config 
19366      DEBUG main            d.u.i.k.p.i.AbstractProblemLoader Init config took 2.52s 
19391      INFO  main            d.u.i.k.p.i.AbstractProblemLoader Replaying proof check_jdiv.key 
19395      DEBUG main            d.u.i.k.p.i.IntermediateProofReplayer Proof replay took 7.6ns 
24693      INFO  main            d.u.i.k.p.r.p.TestFile    ... finished proof: closed. 
24925      INFO  main            d.u.i.k.p.i.AbstractProblemLoader Loading environment from /home/runner/work/key/key/key.core/../key.ui/examples/standard_key/arith/check_jdiv.key.proof 
24925      DEBUG main            d.u.i.k.p.i.AbstractProblemLoader Environment load took 630.51ns 
24930      INFO  main            d.u.i.k.p.i.AbstractProblemLoader Creating init config 
27413      DEBUG main            d.u.i.k.p.i.AbstractProblemLoader Init config took 2.48s 
27434      INFO  main            d.u.i.k.p.i.AbstractProblemLoader Replaying proof check_jdiv.key.proof 
27709      DEBUG main            d.u.i.k.p.i.IntermediateProofReplayer Proof replay took 237.08ms 
27711      DEBUG main            d.u.i.k.p.r.p.TestFile    ... success: reloaded. 
27713      INFO  main            d.u.i.k.p.r.p.TestFile    Now processing file /home/runner/work/key/key/key.core/../key.ui/examples/standard_key/arith/check_jdiv_concrete.key 
27714      INFO  main            d.u.i.k.p.i.AbstractProblemLoader Loading environment from /home/runner/work/key/key/key.core/../key.ui/examples/standard_key/arith/check_jdiv_concrete.key 
27714      DEBUG main            d.u.i.k.p.i.AbstractProblemLoader Environment load took 246.61ns 
27716      INFO  main            d.u.i.k.p.i.AbstractProblemLoader Creating init config 
30240      DEBUG main            d.u.i.k.p.i.AbstractProblemLoader Init config took 2.52s 
30262      INFO  main            d.u.i.k.p.i.AbstractProblemLoader Replaying proof check_jdiv_concrete.key 
30264      DEBUG main            d.u.i.k.p.i.IntermediateProofReplayer Proof replay took 8.4ns 
30367      INFO  main            d.u.i.k.p.r.p.TestFile    ... finished proof: closed. 
30592      INFO  main            d.u.i.k.p.i.AbstractProblemLoader Loading environment from /home/runner/work/key/key/key.core/../key.ui/examples/standard_key/arith/check_jdiv_concrete.key.proof 
30593      DEBUG main            d.u.i.k.p.i.AbstractProblemLoader Environment load took 156.3ns 
30594      INFO  main            d.u.i.k.p.i.AbstractProblemLoader Creating init config 
33025      DEBUG main            d.u.i.k.p.i.AbstractProblemLoader Init config took 2.43s 
33046      INFO  main            d.u.i.k.p.i.AbstractProblemLoader Replaying proof check_jdiv_concrete.key.proof 
33051      DEBUG main            d.u.i.k.p.i.IntermediateProofReplayer Proof replay took 2.55ms 
33052      DEBUG main            d.u.i.k.p.r.p.TestFile    ... success: reloaded. 
33053      INFO  main            d.u.i.k.p.r.p.TestFile    Now processing file /home/runner/work/key/key/key.core/../key.ui/examples/standard_key/arith/check_jdiv_instantiated.key 
33053      INFO  main            d.u.i.k.p.i.AbstractProblemLoader Loading environment from /home/runner/work/key/key/key.core/../key.ui/examples/standard_key/arith/check_jdiv_instantiated.key 
33054      DEBUG main            d.u.i.k.p.i.AbstractProblemLoader Environment load took 158.2ns 
33055      INFO  main            d.u.i.k.p.i.AbstractProblemLoader Creating init config 
35559      DEBUG main            d.u.i.k.p.i.AbstractProblemLoader Init config took 2.5s 
35581      INFO  main            d.u.i.k.p.i.AbstractProblemLoader Replaying proof check_jdiv_instantiated.key 
35583      DEBUG main            d.u.i.k.p.i.IntermediateProofReplayer Proof replay took 8.4ns 
38801      INFO  main            d.u.i.k.p.r.p.TestFile    ... finished proof: closed. 
39106      INFO  main            d.u.i.k.p.i.AbstractProblemLoader Loading environment from /home/runner/work/key/key/key.core/../key.ui/examples/standard_key/arith/check_jdiv_instantiated.key.proof 
39107      DEBUG main            d.u.i.k.p.i.AbstractProblemLoader Environment load took 557.41ns 
39110      INFO  main            d.u.i.k.p.i.AbstractProblemLoader Creating init config 
41601      DEBUG main            d.u.i.k.p.i.AbstractProblemLoader Init config took 2.49s 
41633      INFO  main            d.u.i.k.p.i.AbstractProblemLoader Replaying proof check_jdiv_instantiated.key.proof 
41813      DEBUG main            d.u.i.k.p.i.IntermediateProofReplayer Proof replay took 148.56ms 
41816      DEBUG main            d.u.i.k.p.r.p.TestFile    ... success: reloaded. 
41819      INFO  main            d.u.i.k.p.r.p.TestFile    Now processing file /home/runner/work/key/key/key.core/../key.ui/examples/standard_key/arith/check_jmod.key 
41819      INFO  main            d.u.i.k.p.i.AbstractProblemLoader Loading environment from /home/runner/work/key/key/key.core/../key.ui/examples/standard_key/arith/check_jmod.key 
41819      DEBUG main            d.u.i.k.p.i.AbstractProblemLoader Environment load took 246.71ns 
41821      INFO  main            d.u.i.k.p.i.AbstractProblemLoader Creating init config 
44272      DEBUG main            d.u.i.k.p.i.AbstractProblemLoader Init config took 2.45s 
44293      INFO  main            d.u.i.k.p.i.AbstractProblemLoader Replaying proof check_jmod.key 
44296      DEBUG main            d.u.i.k.p.i.IntermediateProofReplayer Proof replay took 7.6ns 
44801      INFO  main            d.u.i.k.p.r.p.TestFile    ... finished proof: closed. 
45045      INFO  main            d.u.i.k.p.i.AbstractProblemLoader Loading environment from /home/runner/work/key/key/key.core/../key.ui/examples/standard_key/arith/check_jmod.key.proof 
45045      DEBUG main            d.u.i.k.p.i.AbstractProblemLoader Environment load took 700.92ns 
45047      INFO  main            d.u.i.k.p.i.AbstractProblemLoader Creating init config 
47464      DEBUG main            d.u.i.k.p.i.AbstractProblemLoader Init config took 2.42s 
47484      INFO  main            d.u.i.k.p.i.AbstractProblemLoader Replaying proof check_jmod.key.proof 
47514      DEBUG main            d.u.i.k.p.i.IntermediateProofReplayer Proof replay took 24.06ms 
47515      DEBUG main            d.u.i.k.p.r.p.TestFile    ... success: reloaded. 
47516      INFO  main            d.u.i.k.p.r.p.TestFile    Now processing file /home/runner/work/key/key/key.core/../key.ui/examples/standard_key/arith/complexExpressions.key 
47517      INFO  main            d.u.i.k.p.i.AbstractProblemLoader Loading environment from /home/runner/work/key/key/key.core/../key.ui/examples/standard_key/arith/complexExpressions.key 
47517      DEBUG main            d.u.i.k.p.i.AbstractProblemLoader Environment load took 253.81ns 
47518      INFO  main            d.u.i.k.p.i.AbstractProblemLoader Creating init config 
49933      DEBUG main            d.u.i.k.p.i.AbstractProblemLoader Init config took 2.41s 
49954      INFO  main            d.u.i.k.p.i.AbstractProblemLoader Replaying proof complexExpressions.key 
49957      DEBUG main            d.u.i.k.p.i.IntermediateProofReplayer Proof replay took 7.5ns 
50063      INFO  main            d.u.i.k.p.r.p.TestFile    ... finished proof: closed. 
50255      INFO  main            d.u.i.k.p.i.AbstractProblemLoader Loading environment from /home/runner/work/key/key/key.core/../key.ui/examples/standard_key/arith/complexExpressions.key.proof 
50256      DEBUG main            d.u.i.k.p.i.AbstractProblemLoader Environment load took 137.3ns 
50257      INFO  main            d.u.i.k.p.i.AbstractProblemLoader Creating init config 
52657      DEBUG main            d.u.i.k.p.i.AbstractProblemLoader Init config took 2.4s 
52676      INFO  main            d.u.i.k.p.i.AbstractProblemLoader Replaying proof complexExpressions.key.proof 
52685      DEBUG main            d.u.i.k.p.i.IntermediateProofReplayer Proof replay took 6.6ms 
52686      DEBUG main            d.u.i.k.p.r.p.TestFile    ... success: reloaded. 
52687      INFO  main            d.u.i.k.p.r.p.TestFile    Now processing file /home/runner/work/key/key/key.core/../key.ui/examples/standard_key/arith/compound_unaryMinus.key 
52687      INFO  main            d.u.i.k.p.i.AbstractProblemLoader Loading environment from /home/runner/work/key/key/key.core/../key.ui/examples/standard_key/arith/compound_unaryMinus.key 
52687      DEBUG main            d.u.i.k.p.i.AbstractProblemLoader Environment load took 99.7ns 
52688      INFO  main            d.u.i.k.p.i.AbstractProblemLoader Creating init config 
55040      DEBUG main            d.u.i.k.p.i.AbstractProblemLoader Init config took 2.35s 
55059      INFO  main            d.u.i.k.p.i.AbstractProblemLoader Replaying proof compound_unaryMinus.key 
55061      DEBUG main            d.u.i.k.p.i.IntermediateProofReplayer Proof replay took 8.3ns 
55164      INFO  main            d.u.i.k.p.r.p.TestFile    ... finished proof: closed. 
55340      INFO  main            d.u.i.k.p.i.AbstractProblemLoader Loading environment from /home/runner/work/key/key/key.core/../key.ui/examples/standard_key/arith/compound_unaryMinus.key.proof 
55340      DEBUG main            d.u.i.k.p.i.AbstractProblemLoader Environment load took 139.8ns 
55342      INFO  main            d.u.i.k.p.i.AbstractProblemLoader Creating init config 
57705      DEBUG main            d.u.i.k.p.i.AbstractProblemLoader Init config took 2.36s 
57724      INFO  main            d.u.i.k.p.i.AbstractProblemLoader Replaying proof compound_unaryMinus.key.proof 
57729      DEBUG main            d.u.i.k.p.i.IntermediateProofReplayer Proof replay took 3.24ms 
57730      DEBUG main            d.u.i.k.p.r.p.TestFile    ... success: reloaded. 
57731      INFO  main            d.u.i.k.p.r.p.TestFile    Now processing file /home/runner/work/key/key/key.core/../key.ui/examples/standard_key/arith/computation.key 
57733      INFO  main            d.u.i.k.p.i.AbstractProblemLoader Loading environment from /home/runner/work/key/key/key.core/../key.ui/examples/standard_key/arith/computation.key 
57734      DEBUG main            d.u.i.k.p.i.AbstractProblemLoader Environment load took 473.51ns 
57736      INFO  main            d.u.i.k.p.i.AbstractProblemLoader Creating init config 
60114      DEBUG main            d.u.i.k.p.i.AbstractProblemLoader Init config took 2.38s 
60133      INFO  main            d.u.i.k.p.i.AbstractProblemLoader Replaying proof computation.key 
60135      DEBUG main            d.u.i.k.p.i.IntermediateProofReplayer Proof replay took 7.1ns 
61545      INFO  main            d.u.i.k.p.r.p.TestFile    ... finished proof: closed. 
61815      INFO  main            d.u.i.k.p.i.AbstractProblemLoader Loading environment from /home/runner/work/key/key/key.core/../key.ui/examples/standard_key/arith/computation.key.proof 
61815      DEBUG main            d.u.i.k.p.i.AbstractProblemLoader Environment load took 512.81ns 
61817      INFO  main            d.u.i.k.p.i.AbstractProblemLoader Creating init config 
64147      DEBUG main            d.u.i.k.p.i.AbstractProblemLoader Init config took 2.33s 
64167      INFO  main            d.u.i.k.p.i.AbstractProblemLoader Replaying proof computation.key.proof 
64232      DEBUG main            d.u.i.k.p.i.IntermediateProofReplayer Proof replay took 59.8ms 
64234      DEBUG main            d.u.i.k.p.r.p.TestFile    ... success: reloaded. 
64235      INFO  main            d.u.i.k.p.r.p.TestFile    Now processing file /home/runner/work/key/key/key.core/../key.ui/examples/standard_key/arith/cubicSum.key 
64235      INFO  main            d.u.i.k.p.i.AbstractProblemLoader Loading environment from /home/runner/work/key/key/key.core/../key.ui/examples/standard_key/arith/cubicSum.key 
64236      DEBUG main            d.u.i.k.p.i.AbstractProblemLoader Environment load took 234.51ns 
64237      INFO  main            d.u.i.k.p.i.AbstractProblemLoader Creating init config 
66760      DEBUG main            d.u.i.k.p.i.AbstractProblemLoader Init config took 2.52s 
66779      INFO  main            d.u.i.k.p.i.AbstractProblemLoader Replaying proof cubicSum.key 
66781      DEBUG main            d.u.i.k.p.i.IntermediateProofReplayer Proof replay took 6.5ns 
68203      INFO  main            d.u.i.k.p.r.p.TestFile    ... finished proof: closed. 
68485      INFO  main            d.u.i.k.p.i.AbstractProblemLoader Loading environment from /home/runner/work/key/key/key.core/../key.ui/examples/standard_key/arith/cubicSum.key.proof 
68486      DEBUG main            d.u.i.k.p.i.AbstractProblemLoader Environment load took 631.72ns 
68487      INFO  main            d.u.i.k.p.i.AbstractProblemLoader Creating init config 
70935      DEBUG main            d.u.i.k.p.i.AbstractProblemLoader Init config took 2.45s 
70967      INFO  main            d.u.i.k.p.i.AbstractProblemLoader Replaying proof cubicSum.key.proof 
71109      DEBUG main            d.u.i.k.p.i.IntermediateProofReplayer Proof replay took 137.87ms 
71110      DEBUG main            d.u.i.k.p.r.p.TestFile    ... success: reloaded. 
71112      INFO  main            d.u.i.k.p.r.p.TestFile    Now processing file /home/runner/work/key/key/key.core/../key.ui/examples/standard_key/arith/divByZero.key 
71113      INFO  main            d.u.i.k.p.i.AbstractProblemLoader Loading environment from /home/runner/work/key/key/key.core/../key.ui/examples/standard_key/arith/divByZero.key 
71113      DEBUG main            d.u.i.k.p.i.AbstractProblemLoader Environment load took 249.71ns 
71114      INFO  main            d.u.i.k.p.i.AbstractProblemLoader Creating init config 
73582      DEBUG main            d.u.i.k.p.i.AbstractProblemLoader Init config took 2.47s 
73600      INFO  main            d.u.i.k.p.i.AbstractProblemLoader Replaying proof divByZero.key 
73602      DEBUG main            d.u.i.k.p.i.IntermediateProofReplayer Proof replay took 7.2ns 
73805      INFO  main            d.u.i.k.p.r.p.TestFile    ... finished proof: closed. 
74032      INFO  main            d.u.i.k.p.i.AbstractProblemLoader Loading environment from /home/runner/work/key/key/key.core/../key.ui/examples/standard_key/arith/divByZero.key.proof 
74032      DEBUG main            d.u.i.k.p.i.AbstractProblemLoader Environment load took 149.9ns 
74034      INFO  main            d.u.i.k.p.i.AbstractProblemLoader Creating init config 
76444      DEBUG main            d.u.i.k.p.i.AbstractProblemLoader Init config took 2.41s 
76460      INFO  main            d.u.i.k.p.i.AbstractProblemLoader Replaying proof divByZero.key.proof 
76493      DEBUG main            d.u.i.k.p.i.IntermediateProofReplayer Proof replay took 30.87ms 
76494      DEBUG main            d.u.i.k.p.r.p.TestFile    ... success: reloaded. 
76495      INFO  main            d.u.i.k.p.r.p.TestFile    Now processing file /home/runner/work/key/key/key.core/../key.ui/examples/standard_key/arith/divisionAssoc.key 
76496      INFO  main            d.u.i.k.p.i.AbstractProblemLoader Loading environment from /home/runner/work/key/key/key.core/../key.ui/examples/standard_key/arith/divisionAssoc.key 
76496      DEBUG main            d.u.i.k.p.i.AbstractProblemLoader Environment load took 106ns 
76497      INFO  main            d.u.i.k.p.i.AbstractProblemLoader Creating init config 
78844      DEBUG main            d.u.i.k.p.i.AbstractProblemLoader Init config took 2.35s 
78860      INFO  main            d.u.i.k.p.i.AbstractProblemLoader Replaying proof divisionAssoc.key 
78861      DEBUG main            d.u.i.k.p.i.IntermediateProofReplayer Proof replay took 7.4ns 
79489      INFO  main            d.u.i.k.p.r.p.TestFile    ... finished proof: closed. 
79770      INFO  main            d.u.i.k.p.i.AbstractProblemLoader Loading environment from /home/runner/work/key/key/key.core/../key.ui/examples/standard_key/arith/divisionAssoc.key.proof 
79770      DEBUG main            d.u.i.k.p.i.AbstractProblemLoader Environment load took 152.2ns 
79771      INFO  main            d.u.i.k.p.i.AbstractProblemLoader Creating init config 
82075      DEBUG main            d.u.i.k.p.i.AbstractProblemLoader Init config took 2.3s 
82095      INFO  main            d.u.i.k.p.i.AbstractProblemLoader Replaying proof divisionAssoc.key.proof 
82130      DEBUG main            d.u.i.k.p.i.IntermediateProofReplayer Proof replay took 27.39ms 
82132      DEBUG main            d.u.i.k.p.r.p.TestFile    ... success: reloaded. 
82133      INFO  main            d.u.i.k.p.r.p.TestFile    Now processing file /home/runner/work/key/key/key.core/../key.ui/examples/standard_key/arith/divisionBy2.key 
82133      INFO  main            d.u.i.k.p.i.AbstractProblemLoader Loading environment from /home/runner/work/key/key/key.core/../key.ui/examples/standard_key/arith/divisionBy2.key 
82134      DEBUG main            d.u.i.k.p.i.AbstractProblemLoader Environment load took 219ns 
82135      INFO  main            d.u.i.k.p.i.AbstractProblemLoader Creating init config 
84481      DEBUG main            d.u.i.k.p.i.AbstractProblemLoader Init config took 2.35s 
84496      INFO  main            d.u.i.k.p.i.AbstractProblemLoader Replaying proof divisionBy2.key 
84497      DEBUG main            d.u.i.k.p.i.IntermediateProofReplayer Proof replay took 6.9ns 
84599      INFO  main            d.u.i.k.p.r.p.TestFile    ... finished proof: closed. 
84837      INFO  main            d.u.i.k.p.i.AbstractProblemLoader Loading environment from /home/runner/work/key/key/key.core/../key.ui/examples/standard_key/arith/divisionBy2.key.proof 
84837      DEBUG main            d.u.i.k.p.i.AbstractProblemLoader Environment load took 199.31ns 
84839      INFO  main            d.u.i.k.p.i.AbstractProblemLoader Creating init config 
87154      DEBUG main            d.u.i.k.p.i.AbstractProblemLoader Init config took 2.32s 
87169      INFO  main            d.u.i.k.p.i.AbstractProblemLoader Replaying proof divisionBy2.key.proof 
87176      DEBUG main            d.u.i.k.p.i.IntermediateProofReplayer Proof replay took 4.78ms 
87177      DEBUG main            d.u.i.k.p.r.p.TestFile    ... success: reloaded. 
87178      INFO  main            d.u.i.k.p.r.p.TestFile    Now processing file /home/runner/work/key/key/key.core/../key.ui/examples/standard_key/arith/euclidean/gcdHelp-post.key 
87178      INFO  main            d.u.i.k.p.i.AbstractProblemLoader Loading environment from /home/runner/work/key/key/key.core/../key.ui/examples/standard_key/arith/euclidean/gcdHelp-post.key 
87178      DEBUG main            d.u.i.k.p.i.AbstractProblemLoader Environment load took 109.6ns 
87180      INFO  main            d.u.i.k.p.i.AbstractProblemLoader Creating init config 
89703      DEBUG main            d.u.i.k.p.i.AbstractProblemLoader Init config took 2.52s 
89720      INFO  main            d.u.i.k.p.i.AbstractProblemLoader Replaying proof gcdHelp-post.key 
89722      DEBUG main            d.u.i.k.p.i.IntermediateProofReplayer Proof replay took 7.1ns 
92736      INFO  main            d.u.i.k.p.r.p.TestFile    ... finished proof: closed. 
93004      INFO  main            d.u.i.k.p.i.AbstractProblemLoader Loading environment from /home/runner/work/key/key/key.core/../key.ui/examples/standard_key/arith/euclidean/gcdHelp-post.key.proof 
93005      DEBUG main            d.u.i.k.p.i.AbstractProblemLoader Environment load took 518.31ns 
93006      INFO  main            d.u.i.k.p.i.AbstractProblemLoader Creating init config 
95387      DEBUG main            d.u.i.k.p.i.AbstractProblemLoader Init config took 2.38s 
95404      INFO  main            d.u.i.k.p.i.AbstractProblemLoader Replaying proof gcdHelp-post.key.proof 
95556      DEBUG main            d.u.i.k.p.i.IntermediateProofReplayer Proof replay took 142.08ms 
95558      DEBUG main            d.u.i.k.p.r.p.TestFile    ... success: reloaded. 
95560      INFO  main            d.u.i.k.p.r.p.TestFile    Now processing file /home/runner/work/key/key/key.core/../key.ui/examples/standard_key/arith/gemplusDecimal/add.key 
95560      INFO  main            d.u.i.k.p.i.AbstractProblemLoader Loading environment from /home/runner/work/key/key/key.core/../key.ui/examples/standard_key/arith/gemplusDecimal/add.key 
95560      DEBUG main            d.u.i.k.p.i.AbstractProblemLoader Environment load took 212.1ns 
95562      INFO  main            d.u.i.k.p.i.AbstractProblemLoader Creating init config 
98022      DEBUG main            d.u.i.k.p.i.AbstractProblemLoader Init config took 2.46s 
98039      INFO  main            d.u.i.k.p.i.AbstractProblemLoader Replaying proof add.key 
98041      DEBUG main            d.u.i.k.p.i.IntermediateProofReplayer Proof replay took 6.8ns 
139778     INFO  main            d.u.i.k.p.r.p.TestFile    ... finished proof: closed. 
140191     INFO  main            d.u.i.k.p.i.AbstractProblemLoader Loading environment from /home/runner/work/key/key/key.core/../key.ui/examples/standard_key/arith/gemplusDecimal/add.key.proof 
140192     DEBUG main            d.u.i.k.p.i.AbstractProblemLoader Environment load took 515.21ns 
140201     INFO  main            d.u.i.k.p.i.AbstractProblemLoader Creating init config 
142559     DEBUG main            d.u.i.k.p.i.AbstractProblemLoader Init config took 2.36s 
142578     INFO  main            d.u.i.k.p.i.AbstractProblemLoader Replaying proof add.key.proof 
144757     DEBUG main            d.u.i.k.p.i.IntermediateProofReplayer Proof replay took 2.06s 
144766     DEBUG main            d.u.i.k.p.r.p.TestFile    ... success: reloaded. 
144767     INFO  main            d.u.i.k.p.r.p.TestFile    Now processing file /home/runner/work/key/key/key.core/../key.ui/examples/standard_key/arith/jdivevenodd.key 
144768     INFO  main            d.u.i.k.p.i.AbstractProblemLoader Loading environment from /home/runner/work/key/key/key.core/../key.ui/examples/standard_key/arith/jdivevenodd.key 
144768     DEBUG main            d.u.i.k.p.i.AbstractProblemLoader Environment load took 256.71ns 
144769     INFO  main            d.u.i.k.p.i.AbstractProblemLoader Creating init config 
147191     DEBUG main            d.u.i.k.p.i.AbstractProblemLoader Init config took 2.42s 
147206     INFO  main            d.u.i.k.p.i.AbstractProblemLoader Replaying proof jdivevenodd.key 
147208     DEBUG main            d.u.i.k.p.i.IntermediateProofReplayer Proof replay took 6.9ns 
147411     INFO  main            d.u.i.k.p.r.p.TestFile    ... finished proof: closed. 
147793     INFO  main            d.u.i.k.p.i.AbstractProblemLoader Loading environment from /home/runner/work/key/key/key.core/../key.ui/examples/standard_key/arith/jdivevenodd.key.proof 
147793     DEBUG main            d.u.i.k.p.i.AbstractProblemLoader Environment load took 138.7ns 
147795     INFO  main            d.u.i.k.p.i.AbstractProblemLoader Creating init config 
150078     DEBUG main            d.u.i.k.p.i.AbstractProblemLoader Init config took 2.28s 
150093     INFO  main            d.u.i.k.p.i.AbstractProblemLoader Replaying proof jdivevenodd.key.proof 
150105     DEBUG main            d.u.i.k.p.i.IntermediateProofReplayer Proof replay took 8.06ms 
150106     DEBUG main            d.u.i.k.p.r.p.TestFile    ... success: reloaded. 
150107     INFO  main            d.u.i.k.p.r.p.TestFile    Now processing file /home/runner/work/key/key/key.core/../key.ui/examples/standard_key/arith/median.key 
150108     INFO  main            d.u.i.k.p.i.AbstractProblemLoader Loading environment from /home/runner/work/key/key/key.core/../key.ui/examples/standard_key/arith/median.key 
150108     DEBUG main            d.u.i.k.p.i.AbstractProblemLoader Environment load took 218.5ns 
150109     INFO  main            d.u.i.k.p.i.AbstractProblemLoader Creating init config 
152451     DEBUG main            d.u.i.k.p.i.AbstractProblemLoader Init config took 2.34s 
152472     INFO  main            d.u.i.k.p.i.AbstractProblemLoader Replaying proof median.key 
152476     DEBUG main            d.u.i.k.p.i.IntermediateProofReplayer Proof replay took 7.9ns 
166899     INFO  main            d.u.i.k.p.r.p.TestFile    ... finished proof: closed. 
167246     INFO  main            d.u.i.k.p.i.AbstractProblemLoader Loading environment from /home/runner/work/key/key/key.core/../key.ui/examples/standard_key/arith/median.key.proof 
167247     DEBUG main            d.u.i.k.p.i.AbstractProblemLoader Environment load took 621.22ns 
167251     INFO  main            d.u.i.k.p.i.AbstractProblemLoader Creating init config 
169530     DEBUG main            d.u.i.k.p.i.AbstractProblemLoader Init config took 2.28s 
169547     INFO  main            d.u.i.k.p.i.AbstractProblemLoader Replaying proof median.key.proof 
170105     DEBUG main            d.u.i.k.p.i.IntermediateProofReplayer Proof replay took 510.28ms 
170108     DEBUG main            d.u.i.k.p.r.p.TestFile    ... success: reloaded. 
170109     INFO  main            d.u.i.k.p.r.p.TestFile    Now processing file /home/runner/work/key/key/key.core/../key.ui/examples/standard_key/arith/mod1.key 
170110     INFO  main            d.u.i.k.p.i.AbstractProblemLoader Loading environment from /home/runner/work/key/key/key.core/../key.ui/examples/standard_key/arith/mod1.key 
170110     DEBUG main            d.u.i.k.p.i.AbstractProblemLoader Environment load took 95.1ns 
170111     INFO  main            d.u.i.k.p.i.AbstractProblemLoader Creating init config 
172461     DEBUG main            d.u.i.k.p.i.AbstractProblemLoader Init config took 2.35s 
172477     INFO  main            d.u.i.k.p.i.AbstractProblemLoader Replaying proof mod1.key 
172480     DEBUG main            d.u.i.k.p.i.IntermediateProofReplayer Proof replay took 7.6ns 
172583     INFO  main            d.u.i.k.p.r.p.TestFile    ... finished proof: closed. 
172911     INFO  main            d.u.i.k.p.i.AbstractProblemLoader Loading environment from /home/runner/work/key/key/key.core/../key.ui/examples/standard_key/arith/mod1.key.proof 
172911     DEBUG main            d.u.i.k.p.i.AbstractProblemLoader Environment load took 141.5ns 
172912     INFO  main            d.u.i.k.p.i.AbstractProblemLoader Creating init config 
175166     DEBUG main            d.u.i.k.p.i.AbstractProblemLoader Init config took 2.25s 
175181     INFO  main            d.u.i.k.p.i.AbstractProblemLoader Replaying proof mod1.key.proof 
175184     DEBUG main            d.u.i.k.p.i.IntermediateProofReplayer Proof replay took 1.51ms 
175185     DEBUG main            d.u.i.k.p.r.p.TestFile    ... success: reloaded. 
175186     INFO  main            d.u.i.k.p.r.p.TestFile    Now processing file /home/runner/work/key/key/key.core/../key.ui/examples/standard_key/arith/mod2.key 
175186     INFO  main            d.u.i.k.p.i.AbstractProblemLoader Loading environment from /home/runner/work/key/key/key.core/../key.ui/examples/standard_key/arith/mod2.key 
175186     DEBUG main            d.u.i.k.p.i.AbstractProblemLoader Environment load took 73ns 
175187     INFO  main            d.u.i.k.p.i.AbstractProblemLoader Creating init config 
177476     DEBUG main            d.u.i.k.p.i.AbstractProblemLoader Init config took 2.29s 
177490     INFO  main            d.u.i.k.p.i.AbstractProblemLoader Replaying proof mod2.key 
177492     DEBUG main            d.u.i.k.p.i.IntermediateProofReplayer Proof replay took 5.3ns 
177595     INFO  main            d.u.i.k.p.r.p.TestFile    ... finished proof: closed. 
177849     INFO  main            d.u.i.k.p.i.AbstractProblemLoader Loading environment from /home/runner/work/key/key/key.core/../key.ui/examples/standard_key/arith/mod2.key.proof 
177849     DEBUG main            d.u.i.k.p.i.AbstractProblemLoader Environment load took 125.9ns 
177850     INFO  main            d.u.i.k.p.i.AbstractProblemLoader Creating init config 
180092     DEBUG main            d.u.i.k.p.i.AbstractProblemLoader Init config took 2.24s 
180107     INFO  main            d.u.i.k.p.i.AbstractProblemLoader Replaying proof mod2.key.proof 
180109     DEBUG main            d.u.i.k.p.i.IntermediateProofReplayer Proof replay took 1.08ms 
180110     DEBUG main            d.u.i.k.p.r.p.TestFile    ... success: reloaded. 
180111     INFO  main            d.u.i.k.p.r.p.TestFile    Now processing file /home/runner/work/key/key/key.core/../key.ui/examples/standard_key/arith/mod7.key 
180112     INFO  main            d.u.i.k.p.i.AbstractProblemLoader Loading environment from /home/runner/work/key/key/key.core/../key.ui/examples/standard_key/arith/mod7.key 
180113     DEBUG main            d.u.i.k.p.i.AbstractProblemLoader Environment load took 118.5ns 
180114     INFO  main            d.u.i.k.p.i.AbstractProblemLoader Creating init config 
182430     DEBUG main            d.u.i.k.p.i.AbstractProblemLoader Init config took 2.32s 
182460     INFO  main            d.u.i.k.p.i.AbstractProblemLoader Replaying proof mod7.key 
182461     DEBUG main            d.u.i.k.p.i.IntermediateProofReplayer Proof replay took 5.8ns 
182567     INFO  main            d.u.i.k.p.r.p.TestFile    ... finished proof: closed. 
182818     INFO  main            d.u.i.k.p.i.AbstractProblemLoader Loading environment from /home/runner/work/key/key/key.core/../key.ui/examples/standard_key/arith/mod7.key.proof 
182818     DEBUG main            d.u.i.k.p.i.AbstractProblemLoader Environment load took 134.2ns 
182820     INFO  main            d.u.i.k.p.i.AbstractProblemLoader Creating init config 
185068     DEBUG main            d.u.i.k.p.i.AbstractProblemLoader Init config took 2.25s 
185082     INFO  main            d.u.i.k.p.i.AbstractProblemLoader Replaying proof mod7.key.proof 
185087     DEBUG main            d.u.i.k.p.i.IntermediateProofReplayer Proof replay took 3.04ms 
185088     DEBUG main            d.u.i.k.p.r.p.TestFile    ... success: reloaded. 
185088     INFO  main            d.u.i.k.p.r.p.TestFile    Now processing file /home/runner/work/key/key/key.core/../key.ui/examples/standard_key/arith/overflow_hija.key 
185088     INFO  main            d.u.i.k.p.i.AbstractProblemLoader Loading environment from /home/runner/work/key/key/key.core/../key.ui/examples/standard_key/arith/overflow_hija.key 
185088     DEBUG main            d.u.i.k.p.i.AbstractProblemLoader Environment load took 56.9ns 
185090     INFO  main            d.u.i.k.p.i.AbstractProblemLoader Creating init config 
187451     DEBUG main            d.u.i.k.p.i.AbstractProblemLoader Init config took 2.36s 
187468     INFO  main            d.u.i.k.p.i.AbstractProblemLoader Replaying proof overflow_hija.key 
187470     DEBUG main            d.u.i.k.p.i.IntermediateProofReplayer Proof replay took 6.9ns 
191929     INFO  main            d.u.i.k.p.r.p.TestFile    ... finished proof: closed. 
192250     INFO  main            d.u.i.k.p.i.AbstractProblemLoader Loading environment from /home/runner/work/key/key/key.core/../key.ui/examples/standard_key/arith/overflow_hija.key.proof 
192251     DEBUG main            d.u.i.k.p.i.AbstractProblemLoader Environment load took 543.31ns 
192253     INFO  main            d.u.i.k.p.i.AbstractProblemLoader Creating init config 
194542     DEBUG main            d.u.i.k.p.i.AbstractProblemLoader Init config took 2.29s 
194561     INFO  main            d.u.i.k.p.i.AbstractProblemLoader Replaying proof overflow_hija.key.proof 
194713     DEBUG main            d.u.i.k.p.i.IntermediateProofReplayer Proof replay took 141.84ms 
194715     DEBUG main            d.u.i.k.p.r.p.TestFile    ... success: reloaded. 
194717     INFO  main            d.u.i.k.p.r.p.TestFile    Now processing file /home/runner/work/key/key/key.core/../key.ui/examples/standard_key/arith/poly_division0.key 
194717     INFO  main            d.u.i.k.p.i.AbstractProblemLoader Loading environment from /home/runner/work/key/key/key.core/../key.ui/examples/standard_key/arith/poly_division0.key 
194717     DEBUG main            d.u.i.k.p.i.AbstractProblemLoader Environment load took 218ns 
194719     INFO  main            d.u.i.k.p.i.AbstractProblemLoader Creating init config 
197020     DEBUG main            d.u.i.k.p.i.AbstractProblemLoader Init config took 2.3s 
197034     INFO  main            d.u.i.k.p.i.AbstractProblemLoader Replaying proof poly_division0.key 
197035     DEBUG main            d.u.i.k.p.i.IntermediateProofReplayer Proof replay took 7.9ns 
197138     INFO  main            d.u.i.k.p.r.p.TestFile    ... finished proof: closed. 
197472     INFO  main            d.u.i.k.p.i.AbstractProblemLoader Loading environment from /home/runner/work/key/key/key.core/../key.ui/examples/standard_key/arith/poly_division0.key.proof 
197472     DEBUG main            d.u.i.k.p.i.AbstractProblemLoader Environment load took 132.9ns 
197473     INFO  main            d.u.i.k.p.i.AbstractProblemLoader Creating init config 
199728     DEBUG main            d.u.i.k.p.i.AbstractProblemLoader Init config took 2.25s 
199754     INFO  main            d.u.i.k.p.i.AbstractProblemLoader Replaying proof poly_division0.key.proof 
199761     DEBUG main            d.u.i.k.p.i.IntermediateProofReplayer Proof replay took 3.72ms 
199762     DEBUG main            d.u.i.k.p.r.p.TestFile    ... success: reloaded. 
199763     INFO  main            d.u.i.k.p.r.p.TestFile    Now processing file /home/runner/work/key/key/key.core/../key.ui/examples/standard_key/arith/poly_division1.key 
199764     INFO  main            d.u.i.k.p.i.AbstractProblemLoader Loading environment from /home/runner/work/key/key/key.core/../key.ui/examples/standard_key/arith/poly_division1.key 
199764     DEBUG main            d.u.i.k.p.i.AbstractProblemLoader Environment load took 94.4ns 
199765     INFO  main            d.u.i.k.p.i.AbstractProblemLoader Creating init config 
202102     DEBUG main            d.u.i.k.p.i.AbstractProblemLoader Init config took 2.34s 
202116     INFO  main            d.u.i.k.p.i.AbstractProblemLoader Replaying proof poly_division1.key 
202119     DEBUG main            d.u.i.k.p.i.IntermediateProofReplayer Proof replay took 7.4ns 
202222     INFO  main            d.u.i.k.p.r.p.TestFile    ... finished proof: closed. 
202507     INFO  main            d.u.i.k.p.i.AbstractProblemLoader Loading environment from /home/runner/work/key/key/key.core/../key.ui/examples/standard_key/arith/poly_division1.key.proof 
202507     DEBUG main            d.u.i.k.p.i.AbstractProblemLoader Environment load took 133.5ns 
202508     INFO  main            d.u.i.k.p.i.AbstractProblemLoader Creating init config 
204783     DEBUG main            d.u.i.k.p.i.AbstractProblemLoader Init config took 2.27s 
204797     INFO  main            d.u.i.k.p.i.AbstractProblemLoader Replaying proof poly_division1.key.proof 
204802     DEBUG main            d.u.i.k.p.i.IntermediateProofReplayer Proof replay took 3.07ms 
204802     DEBUG main            d.u.i.k.p.r.p.TestFile    ... success: reloaded. 
204803     INFO  main            d.u.i.k.p.r.p.TestFile    Now processing file /home/runner/work/key/key/key.core/../key.ui/examples/standard_key/inEqSimp/division.key 
204803     INFO  main            d.u.i.k.p.i.AbstractProblemLoader Loading environment from /home/runner/work/key/key/key.core/../key.ui/examples/standard_key/inEqSimp/division.key 
204803     DEBUG main            d.u.i.k.p.i.AbstractProblemLoader Environment load took 86.2ns 
204804     INFO  main            d.u.i.k.p.i.AbstractProblemLoader Creating init config 
207132     DEBUG main            d.u.i.k.p.i.AbstractProblemLoader Init config took 2.33s 
207147     INFO  main            d.u.i.k.p.i.AbstractProblemLoader Replaying proof division.key 
207149     DEBUG main            d.u.i.k.p.i.IntermediateProofReplayer Proof replay took 8.2ns 
209055     INFO  main            d.u.i.k.p.r.p.TestFile    ... finished proof: closed. 
209356     INFO  main            d.u.i.k.p.i.AbstractProblemLoader Loading environment from /home/runner/work/key/key/key.core/../key.ui/examples/standard_key/inEqSimp/division.key.proof 
209356     DEBUG main            d.u.i.k.p.i.AbstractProblemLoader Environment load took 153.5ns 
209358     INFO  main            d.u.i.k.p.i.AbstractProblemLoader Creating init config 
211622     DEBUG main            d.u.i.k.p.i.AbstractProblemLoader Init config took 2.26s 
211636     INFO  main            d.u.i.k.p.i.AbstractProblemLoader Replaying proof division.key.proof 
211690     DEBUG main            d.u.i.k.p.i.IntermediateProofReplayer Proof replay took 45.4ms 
211691     DEBUG main            d.u.i.k.p.r.p.TestFile    ... success: reloaded. 
211692     INFO  main            d.u.i.k.p.r.p.TestFile    Now processing file /home/runner/work/key/key/key.core/../key.ui/examples/standard_key/inEqSimp/inequations0.key 
211693     INFO  main            d.u.i.k.p.i.AbstractProblemLoader Loading environment from /home/runner/work/key/key/key.core/../key.ui/examples/standard_key/inEqSimp/inequations0.key 
211693     DEBUG main            d.u.i.k.p.i.AbstractProblemLoader Environment load took 209.41ns 
211694     INFO  main            d.u.i.k.p.i.AbstractProblemLoader Creating init config 
214022     DEBUG main            d.u.i.k.p.i.AbstractProblemLoader Init config took 2.33s 
214036     INFO  main            d.u.i.k.p.i.AbstractProblemLoader Replaying proof inequations0.key 
214038     DEBUG main            d.u.i.k.p.i.IntermediateProofReplayer Proof replay took 46.6ns 
214142     INFO  main            d.u.i.k.p.r.p.TestFile    ... finished proof: closed. 
214457     INFO  main            d.u.i.k.p.i.AbstractProblemLoader Loading environment from /home/runner/work/key/key/key.core/../key.ui/examples/standard_key/inEqSimp/inequations0.key.proof 
214457     DEBUG main            d.u.i.k.p.i.AbstractProblemLoader Environment load took 131.2ns 
214458     INFO  main            d.u.i.k.p.i.AbstractProblemLoader Creating init config 
216694     DEBUG main            d.u.i.k.p.i.AbstractProblemLoader Init config took 2.24s 
216712     INFO  main            d.u.i.k.p.i.AbstractProblemLoader Replaying proof inequations0.key.proof 
216716     DEBUG main            d.u.i.k.p.i.IntermediateProofReplayer Proof replay took 1.66ms 
216717     DEBUG main            d.u.i.k.p.r.p.TestFile    ... success: reloaded. 
216717     INFO  main            d.u.i.k.p.r.p.TestFile    Now processing file /home/runner/work/key/key/key.core/../key.ui/examples/standard_key/inEqSimp/inequations1.key 
216718     INFO  main            d.u.i.k.p.i.AbstractProblemLoader Loading environment from /home/runner/work/key/key/key.core/../key.ui/examples/standard_key/inEqSimp/inequations1.key 
216718     DEBUG main            d.u.i.k.p.i.AbstractProblemLoader Environment load took 87.4ns 
216719     INFO  main            d.u.i.k.p.i.AbstractProblemLoader Creating init config 
219011     DEBUG main            d.u.i.k.p.i.AbstractProblemLoader Init config took 2.29s 
219025     INFO  main            d.u.i.k.p.i.AbstractProblemLoader Replaying proof inequations1.key 
219026     DEBUG main            d.u.i.k.p.i.IntermediateProofReplayer Proof replay took 4ns 
219131     INFO  main            d.u.i.k.p.r.p.TestFile    ... finished proof: closed. 
219423     INFO  main            d.u.i.k.p.i.AbstractProblemLoader Loading environment from /home/runner/work/key/key/key.core/../key.ui/examples/standard_key/inEqSimp/inequations1.key.proof 
219423     DEBUG main            d.u.i.k.p.i.AbstractProblemLoader Environment load took 123.2ns 
219424     INFO  main            d.u.i.k.p.i.AbstractProblemLoader Creating init config 
221677     DEBUG main            d.u.i.k.p.i.AbstractProblemLoader Init config took 2.25s 
221692     INFO  main            d.u.i.k.p.i.AbstractProblemLoader Replaying proof inequations1.key.proof 
221695     DEBUG main            d.u.i.k.p.i.IntermediateProofReplayer Proof replay took 946.22ns 
221696     DEBUG main            d.u.i.k.p.r.p.TestFile    ... success: reloaded. 
221697     INFO  main            d.u.i.k.p.r.p.TestFile    Now processing file /home/runner/work/key/key/key.core/../key.ui/examples/standard_key/inEqSimp/inequations2.key 
221697     INFO  main            d.u.i.k.p.i.AbstractProblemLoader Loading environment from /home/runner/work/key/key/key.core/../key.ui/examples/standard_key/inEqSimp/inequations2.key 
221697     DEBUG main            d.u.i.k.p.i.AbstractProblemLoader Environment load took 196.41ns 
221698     INFO  main            d.u.i.k.p.i.AbstractProblemLoader Creating init config 
223985     DEBUG main            d.u.i.k.p.i.AbstractProblemLoader Init config took 2.29s 
223999     INFO  main            d.u.i.k.p.i.AbstractProblemLoader Replaying proof inequations2.key 
224001     DEBUG main            d.u.i.k.p.i.IntermediateProofReplayer Proof replay took 4ns 
224103     INFO  main            d.u.i.k.p.r.p.TestFile    ... finished proof: closed. 
224402     INFO  main            d.u.i.k.p.i.AbstractProblemLoader Loading environment from /home/runner/work/key/key/key.core/../key.ui/examples/standard_key/inEqSimp/inequations2.key.proof 
224402     DEBUG main            d.u.i.k.p.i.AbstractProblemLoader Environment load took 122.5ns 
224404     INFO  main            d.u.i.k.p.i.AbstractProblemLoader Creating init config 
226655     DEBUG main            d.u.i.k.p.i.AbstractProblemLoader Init config took 2.25s 
226669     INFO  main            d.u.i.k.p.i.AbstractProblemLoader Replaying proof inequations2.key.proof 
226673     DEBUG main            d.u.i.k.p.i.IntermediateProofReplayer Proof replay took 1.22ms 
226674     DEBUG main            d.u.i.k.p.r.p.TestFile    ... success: reloaded. 
226674     INFO  main            d.u.i.k.p.r.p.TestFile    Now processing file /home/runner/work/key/key/key.core/../key.ui/examples/standard_key/inEqSimp/linApprox.key 
226675     INFO  main            d.u.i.k.p.i.AbstractProblemLoader Loading environment from /home/runner/work/key/key/key.core/../key.ui/examples/standard_key/inEqSimp/linApprox.key 
226675     DEBUG main            d.u.i.k.p.i.AbstractProblemLoader Environment load took 213.21ns 
226676     INFO  main            d.u.i.k.p.i.AbstractProblemLoader Creating init config 
228970     DEBUG main            d.u.i.k.p.i.AbstractProblemLoader Init config took 2.29s 
228985     INFO  main            d.u.i.k.p.i.AbstractProblemLoader Replaying proof linApprox.key 
228987     DEBUG main            d.u.i.k.p.i.IntermediateProofReplayer Proof replay took 4.4ns 
229090     INFO  main            d.u.i.k.p.r.p.TestFile    ... finished proof: closed. 
229392     INFO  main            d.u.i.k.p.i.AbstractProblemLoader Loading environment from /home/runner/work/key/key/key.core/../key.ui/examples/standard_key/inEqSimp/linApprox.key.proof 
229392     DEBUG main            d.u.i.k.p.i.AbstractProblemLoader Environment load took 126.3ns 
229393     INFO  main            d.u.i.k.p.i.AbstractProblemLoader Creating init config 
231637     DEBUG main            d.u.i.k.p.i.AbstractProblemLoader Init config took 2.24s 
231651     INFO  main            d.u.i.k.p.i.AbstractProblemLoader Replaying proof linApprox.key.proof 
231654     DEBUG main            d.u.i.k.p.i.IntermediateProofReplayer Proof replay took 1.38ms 
231655     DEBUG main            d.u.i.k.p.r.p.TestFile    ... success: reloaded. 
231656     INFO  main            d.u.i.k.p.r.p.TestFile    Now processing file /home/runner/work/key/key/key.core/../key.ui/examples/standard_key/inEqSimp/nonLinInEqExample0.key 
231657     INFO  main            d.u.i.k.p.i.AbstractProblemLoader Loading environment from /home/runner/work/key/key/key.core/../key.ui/examples/standard_key/inEqSimp/nonLinInEqExample0.key 
231657     DEBUG main            d.u.i.k.p.i.AbstractProblemLoader Environment load took 87.8ns 
231658     INFO  main            d.u.i.k.p.i.AbstractProblemLoader Creating init config 
233944     DEBUG main            d.u.i.k.p.i.AbstractProblemLoader Init config took 2.29s 
233958     INFO  main            d.u.i.k.p.i.AbstractProblemLoader Replaying proof nonLinInEqExample0.key 
233959     DEBUG main            d.u.i.k.p.i.IntermediateProofReplayer Proof replay took 3.3ns 
234061     INFO  main            d.u.i.k.p.r.p.TestFile    ... finished proof: closed. 
234368     INFO  main            d.u.i.k.p.i.AbstractProblemLoader Loading environment from /home/runner/work/key/key/key.core/../key.ui/examples/standard_key/inEqSimp/nonLinInEqExample0.key.proof 
234368     DEBUG main            d.u.i.k.p.i.AbstractProblemLoader Environment load took 120.2ns 
234369     INFO  main            d.u.i.k.p.i.AbstractProblemLoader Creating init config 
236617     DEBUG main            d.u.i.k.p.i.AbstractProblemLoader Init config took 2.25s 
236631     INFO  main            d.u.i.k.p.i.AbstractProblemLoader Replaying proof nonLinInEqExample0.key.proof 
236634     DEBUG main            d.u.i.k.p.i.IntermediateProofReplayer Proof replay took 741.22ns 
236634     DEBUG main            d.u.i.k.p.r.p.TestFile    ... success: reloaded. 
236635     INFO  main            d.u.i.k.p.r.p.TestFile    Now processing file /home/runner/work/key/key/key.core/../key.ui/examples/standard_key/inEqSimp/nonLinInEqExample2.key 
236635     INFO  main            d.u.i.k.p.i.AbstractProblemLoader Loading environment from /home/runner/work/key/key/key.core/../key.ui/examples/standard_key/inEqSimp/nonLinInEqExample2.key 
236635     DEBUG main            d.u.i.k.p.i.AbstractProblemLoader Environment load took 128.3ns 
236637     INFO  main            d.u.i.k.p.i.AbstractProblemLoader Creating init config 
238969     DEBUG main            d.u.i.k.p.i.AbstractProblemLoader Init config took 2.33s 
238983     INFO  main            d.u.i.k.p.i.AbstractProblemLoader Replaying proof nonLinInEqExample2.key 
238984     DEBUG main            d.u.i.k.p.i.IntermediateProofReplayer Proof replay took 2.9ns 
239297     INFO  main            d.u.i.k.p.r.p.TestFile    ... finished proof: closed. 
239635     INFO  main            d.u.i.k.p.i.AbstractProblemLoader Loading environment from /home/runner/work/key/key/key.core/../key.ui/examples/standard_key/inEqSimp/nonLinInEqExample2.key.proof 
239636     DEBUG main            d.u.i.k.p.i.AbstractProblemLoader Environment load took 202.5ns 
239638     INFO  main            d.u.i.k.p.i.AbstractProblemLoader Creating init config 
241876     DEBUG main            d.u.i.k.p.i.AbstractProblemLoader Init config took 2.24s 
241891     INFO  main            d.u.i.k.p.i.AbstractProblemLoader Replaying proof nonLinInEqExample2.key.proof 
241913     DEBUG main            d.u.i.k.p.i.IntermediateProofReplayer Proof replay took 19.46ms 
241915     DEBUG main            d.u.i.k.p.r.p.TestFile    ... success: reloaded. 
241915     INFO  main            d.u.i.k.p.r.p.TestFile    Now processing file /home/runner/work/key/key/key.core/../key.ui/examples/standard_key/inEqSimp/nonLinInEqExample3.key 
241916     INFO  main            d.u.i.k.p.i.AbstractProblemLoader Loading environment from /home/runner/work/key/key/key.core/../key.ui/examples/standard_key/inEqSimp/nonLinInEqExample3.key 
241916     DEBUG main            d.u.i.k.p.i.AbstractProblemLoader Environment load took 88.5ns 
241917     INFO  main            d.u.i.k.p.i.AbstractProblemLoader Creating init config 
244198     DEBUG main            d.u.i.k.p.i.AbstractProblemLoader Init config took 2.28s 
244212     INFO  main            d.u.i.k.p.i.AbstractProblemLoader Replaying proof nonLinInEqExample3.key 
244214     DEBUG main            d.u.i.k.p.i.IntermediateProofReplayer Proof replay took 3.7ns 
244416     INFO  main            d.u.i.k.p.r.p.TestFile    ... finished proof: closed. 
244753     INFO  main            d.u.i.k.p.i.AbstractProblemLoader Loading environment from /home/runner/work/key/key/key.core/../key.ui/examples/standard_key/inEqSimp/nonLinInEqExample3.key.proof 
244753     DEBUG main            d.u.i.k.p.i.AbstractProblemLoader Environment load took 124ns 
244755     INFO  main            d.u.i.k.p.i.AbstractProblemLoader Creating init config 
247002     DEBUG main            d.u.i.k.p.i.AbstractProblemLoader Init config took 2.25s 
247016     INFO  main            d.u.i.k.p.i.AbstractProblemLoader Replaying proof nonLinInEqExample3.key.proof 
247029     DEBUG main            d.u.i.k.p.i.IntermediateProofReplayer Proof replay took 11.11ms 
247030     DEBUG main            d.u.i.k.p.r.p.TestFile    ... success: reloaded. 
247031     INFO  main            d.u.i.k.p.r.p.TestFile    Now processing file /home/runner/work/key/key/key.core/../key.ui/examples/standard_key/inEqSimp/nonLinInEqExample4.key 
247031     INFO  main            d.u.i.k.p.i.AbstractProblemLoader Loading environment from /home/runner/work/key/key/key.core/../key.ui/examples/standard_key/inEqSimp/nonLinInEqExample4.key 
247031     DEBUG main            d.u.i.k.p.i.AbstractProblemLoader Environment load took 97.7ns 
247032     INFO  main            d.u.i.k.p.i.AbstractProblemLoader Creating init config 
249340     DEBUG main            d.u.i.k.p.i.AbstractProblemLoader Init config took 2.31s 
249354     INFO  main            d.u.i.k.p.i.AbstractProblemLoader Replaying proof nonLinInEqExample4.key 
249356     DEBUG main            d.u.i.k.p.i.IntermediateProofReplayer Proof replay took 4.2ns 
249458     INFO  main            d.u.i.k.p.r.p.TestFile    ... finished proof: closed. 
249795     INFO  main            d.u.i.k.p.i.AbstractProblemLoader Loading environment from /home/runner/work/key/key/key.core/../key.ui/examples/standard_key/inEqSimp/nonLinInEqExample4.key.proof 
249796     DEBUG main            d.u.i.k.p.i.AbstractProblemLoader Environment load took 125.8ns 
249797     INFO  main            d.u.i.k.p.i.AbstractProblemLoader Creating init config 
252050     DEBUG main            d.u.i.k.p.i.AbstractProblemLoader Init config took 2.25s 
252064     INFO  main            d.u.i.k.p.i.AbstractProblemLoader Replaying proof nonLinInEqExample4.key.proof 
252068     DEBUG main            d.u.i.k.p.i.IntermediateProofReplayer Proof replay took 3.03ms 
252069     DEBUG main            d.u.i.k.p.r.p.TestFile    ... success: reloaded. 
252070     INFO  main            d.u.i.k.p.r.p.TestFile    Now processing file /home/runner/work/key/key/key.core/../key.ui/examples/standard_key/inEqSimp/quadraticInEq.key 
252070     INFO  main            d.u.i.k.p.i.AbstractProblemLoader Loading environment from /home/runner/work/key/key/key.core/../key.ui/examples/standard_key/inEqSimp/quadraticInEq.key 
252071     DEBUG main            d.u.i.k.p.i.AbstractProblemLoader Environment load took 84.4ns 
252078     INFO  main            d.u.i.k.p.i.AbstractProblemLoader Creating init config 
254417     DEBUG main            d.u.i.k.p.i.AbstractProblemLoader Init config took 2.34s 
254431     INFO  main            d.u.i.k.p.i.AbstractProblemLoader Replaying proof quadraticInEq.key 
254433     DEBUG main            d.u.i.k.p.i.IntermediateProofReplayer Proof replay took 3.4ns 
254742     INFO  main            d.u.i.k.p.r.p.TestFile    ... finished proof: closed. 
255087     INFO  main            d.u.i.k.p.i.AbstractProblemLoader Loading environment from /home/runner/work/key/key/key.core/../key.ui/examples/standard_key/inEqSimp/quadraticInEq.key.proof 
255088     DEBUG main            d.u.i.k.p.i.AbstractProblemLoader Environment load took 487.51ns 
255089     INFO  main            d.u.i.k.p.i.AbstractProblemLoader Creating init config 
257336     DEBUG main            d.u.i.k.p.i.AbstractProblemLoader Init config took 2.25s 
257351     INFO  main            d.u.i.k.p.i.AbstractProblemLoader Replaying proof quadraticInEq.key.proof 
257406     DEBUG main            d.u.i.k.p.i.IntermediateProofReplayer Proof replay took 35.95ms 
257407     DEBUG main            d.u.i.k.p.r.p.TestFile    ... success: reloaded. 
257408     INFO  main            d.u.i.k.p.r.p.TestFile    Now processing file /home/runner/work/key/key/key.core/../key.ui/examples/standard_key/inEqSimp/quadraticInEq10.key 
257408     INFO  main            d.u.i.k.p.i.AbstractProblemLoader Loading environment from /home/runner/work/key/key/key.core/../key.ui/examples/standard_key/inEqSimp/quadraticInEq10.key 
257408     DEBUG main            d.u.i.k.p.i.AbstractProblemLoader Environment load took 76.9ns 
257409     INFO  main            d.u.i.k.p.i.AbstractProblemLoader Creating init config 
259715     DEBUG main            d.u.i.k.p.i.AbstractProblemLoader Init config took 2.31s 
259729     INFO  main            d.u.i.k.p.i.AbstractProblemLoader Replaying proof quadraticInEq10.key 
259730     DEBUG main            d.u.i.k.p.i.IntermediateProofReplayer Proof replay took 3.6ns 
259933     INFO  main            d.u.i.k.p.r.p.TestFile    ... finished proof: closed. 
260295     INFO  main            d.u.i.k.p.i.AbstractProblemLoader Loading environment from /home/runner/work/key/key/key.core/../key.ui/examples/standard_key/inEqSimp/quadraticInEq10.key.proof 
260295     DEBUG main            d.u.i.k.p.i.AbstractProblemLoader Environment load took 127.3ns 
260296     INFO  main            d.u.i.k.p.i.AbstractProblemLoader Creating init config 
262546     DEBUG main            d.u.i.k.p.i.AbstractProblemLoader Init config took 2.25s 
262560     INFO  main            d.u.i.k.p.i.AbstractProblemLoader Replaying proof quadraticInEq10.key.proof 
262570     DEBUG main            d.u.i.k.p.i.IntermediateProofReplayer Proof replay took 7.62ms 
262571     DEBUG main            d.u.i.k.p.r.p.TestFile    ... success: reloaded. 
262572     INFO  main            d.u.i.k.p.r.p.TestFile    Now processing file /home/runner/work/key/key/key.core/../key.ui/examples/standard_key/inEqSimp/quadraticInEq13.key 
262572     INFO  main            d.u.i.k.p.i.AbstractProblemLoader Loading environment from /home/runner/work/key/key/key.core/../key.ui/examples/standard_key/inEqSimp/quadraticInEq13.key 
262572     DEBUG main            d.u.i.k.p.i.AbstractProblemLoader Environment load took 48.4ns 
262574     INFO  main            d.u.i.k.p.i.AbstractProblemLoader Creating init config 
264859     DEBUG main            d.u.i.k.p.i.AbstractProblemLoader Init config took 2.29s 
264872     INFO  main            d.u.i.k.p.i.AbstractProblemLoader Replaying proof quadraticInEq13.key 
264874     DEBUG main            d.u.i.k.p.i.IntermediateProofReplayer Proof replay took 3.6ns 
265076     INFO  main            d.u.i.k.p.r.p.TestFile    ... finished proof: closed. 
265427     INFO  main            d.u.i.k.p.i.AbstractProblemLoader Loading environment from /home/runner/work/key/key/key.core/../key.ui/examples/standard_key/inEqSimp/quadraticInEq13.key.proof 
265427     DEBUG main            d.u.i.k.p.i.AbstractProblemLoader Environment load took 124.8ns 
265428     INFO  main            d.u.i.k.p.i.AbstractProblemLoader Creating init config 
267680     DEBUG main            d.u.i.k.p.i.AbstractProblemLoader Init config took 2.25s 
267695     INFO  main            d.u.i.k.p.i.AbstractProblemLoader Replaying proof quadraticInEq13.key.proof 
267706     DEBUG main            d.u.i.k.p.i.IntermediateProofReplayer Proof replay took 9.15ms 
267707     DEBUG main            d.u.i.k.p.r.p.TestFile    ... success: reloaded. 
267708     INFO  main            d.u.i.k.p.r.p.TestFile    Now processing file /home/runner/work/key/key/key.core/../key.ui/examples/standard_key/inEqSimp/quadraticInEq14.key 
267708     INFO  main            d.u.i.k.p.i.AbstractProblemLoader Loading environment from /home/runner/work/key/key/key.core/../key.ui/examples/standard_key/inEqSimp/quadraticInEq14.key 
267708     DEBUG main            d.u.i.k.p.i.AbstractProblemLoader Environment load took 55.6ns 
267709     INFO  main            d.u.i.k.p.i.AbstractProblemLoader Creating init config 
270037     DEBUG main            d.u.i.k.p.i.AbstractProblemLoader Init config took 2.33s 
270051     INFO  main            d.u.i.k.p.i.AbstractProblemLoader Replaying proof quadraticInEq14.key 
270052     DEBUG main            d.u.i.k.p.i.IntermediateProofReplayer Proof replay took 3.4ns 
270356     INFO  main            d.u.i.k.p.r.p.TestFile    ... finished proof: closed. 
270745     INFO  main            d.u.i.k.p.i.AbstractProblemLoader Loading environment from /home/runner/work/key/key/key.core/../key.ui/examples/standard_key/inEqSimp/quadraticInEq14.key.proof 
270745     DEBUG main            d.u.i.k.p.i.AbstractProblemLoader Environment load took 120ns 
270747     INFO  main            d.u.i.k.p.i.AbstractProblemLoader Creating init config 
273012     DEBUG main            d.u.i.k.p.i.AbstractProblemLoader Init config took 2.27s 
273027     INFO  main            d.u.i.k.p.i.AbstractProblemLoader Replaying proof quadraticInEq14.key.proof 
273042     DEBUG main            d.u.i.k.p.i.IntermediateProofReplayer Proof replay took 12.46ms 
273043     DEBUG main            d.u.i.k.p.r.p.TestFile    ... success: reloaded. 
273044     INFO  main            d.u.i.k.p.r.p.TestFile    Now processing file /home/runner/work/key/key/key.core/../key.ui/examples/standard_key/inEqSimp/quadraticInEq2.key 
273045     INFO  main            d.u.i.k.p.i.AbstractProblemLoader Loading environment from /home/runner/work/key/key/key.core/../key.ui/examples/standard_key/inEqSimp/quadraticInEq2.key 
273046     DEBUG main            d.u.i.k.p.i.AbstractProblemLoader Environment load took 107.3ns 
273047     INFO  main            d.u.i.k.p.i.AbstractProblemLoader Creating init config 
275328     DEBUG main            d.u.i.k.p.i.AbstractProblemLoader Init config took 2.28s 
275341     INFO  main            d.u.i.k.p.i.AbstractProblemLoader Replaying proof quadraticInEq2.key 
275343     DEBUG main            d.u.i.k.p.i.IntermediateProofReplayer Proof replay took 4.7ns 
275446     INFO  main            d.u.i.k.p.r.p.TestFile    ... finished proof: closed. 
275810     INFO  main            d.u.i.k.p.i.AbstractProblemLoader Loading environment from /home/runner/work/key/key/key.core/../key.ui/examples/standard_key/inEqSimp/quadraticInEq2.key.proof 
275810     DEBUG main            d.u.i.k.p.i.AbstractProblemLoader Environment load took 114.5ns 
275811     INFO  main            d.u.i.k.p.i.AbstractProblemLoader Creating init config 
278068     DEBUG main            d.u.i.k.p.i.AbstractProblemLoader Init config took 2.26s 
278082     INFO  main            d.u.i.k.p.i.AbstractProblemLoader Replaying proof quadraticInEq2.key.proof 
278086     DEBUG main            d.u.i.k.p.i.IntermediateProofReplayer Proof replay took 1.82ms 
278087     DEBUG main            d.u.i.k.p.r.p.TestFile    ... success: reloaded. 
278087     INFO  main            d.u.i.k.p.r.p.TestFile    Now processing file /home/runner/work/key/key/key.core/../key.ui/examples/standard_key/inEqSimp/quadraticInEq3.key 
278088     INFO  main            d.u.i.k.p.i.AbstractProblemLoader Loading environment from /home/runner/work/key/key/key.core/../key.ui/examples/standard_key/inEqSimp/quadraticInEq3.key 
278088     DEBUG main            d.u.i.k.p.i.AbstractProblemLoader Environment load took 80.1ns 
278089     INFO  main            d.u.i.k.p.i.AbstractProblemLoader Creating init config 
280375     DEBUG main            d.u.i.k.p.i.AbstractProblemLoader Init config took 2.29s 
280389     INFO  main            d.u.i.k.p.i.AbstractProblemLoader Replaying proof quadraticInEq3.key 
280392     DEBUG main            d.u.i.k.p.i.IntermediateProofReplayer Proof replay took 3ns 
280494     INFO  main            d.u.i.k.p.r.p.TestFile    ... finished proof: closed. 
280863     INFO  main            d.u.i.k.p.i.AbstractProblemLoader Loading environment from /home/runner/work/key/key/key.core/../key.ui/examples/standard_key/inEqSimp/quadraticInEq3.key.proof 
280863     DEBUG main            d.u.i.k.p.i.AbstractProblemLoader Environment load took 116.3ns 
280864     INFO  main            d.u.i.k.p.i.AbstractProblemLoader Creating init config 
283100     DEBUG main            d.u.i.k.p.i.AbstractProblemLoader Init config took 2.24s 
283114     INFO  main            d.u.i.k.p.i.AbstractProblemLoader Replaying proof quadraticInEq3.key.proof 
283120     DEBUG main            d.u.i.k.p.i.IntermediateProofReplayer Proof replay took 4.53ms 
283121     DEBUG main            d.u.i.k.p.r.p.TestFile    ... success: reloaded. 
283122     INFO  main            d.u.i.k.p.r.p.TestFile    Now processing file /home/runner/work/key/key/key.core/../key.ui/examples/standard_key/inEqSimp/quadraticInEq4.key 
283122     INFO  main            d.u.i.k.p.i.AbstractProblemLoader Loading environment from /home/runner/work/key/key/key.core/../key.ui/examples/standard_key/inEqSimp/quadraticInEq4.key 
283122     DEBUG main            d.u.i.k.p.i.AbstractProblemLoader Environment load took 122.2ns 
283123     INFO  main            d.u.i.k.p.i.AbstractProblemLoader Creating init config 
285395     DEBUG main            d.u.i.k.p.i.AbstractProblemLoader Init config took 2.27s 
285410     INFO  main            d.u.i.k.p.i.AbstractProblemLoader Replaying proof quadraticInEq4.key 
285412     DEBUG main            d.u.i.k.p.i.IntermediateProofReplayer Proof replay took 3.6ns 
285514     INFO  main            d.u.i.k.p.r.p.TestFile    ... finished proof: closed. 
285873     INFO  main            d.u.i.k.p.i.AbstractProblemLoader Loading environment from /home/runner/work/key/key/key.core/../key.ui/examples/standard_key/inEqSimp/quadraticInEq4.key.proof 
285873     DEBUG main            d.u.i.k.p.i.AbstractProblemLoader Environment load took 110ns 
285874     INFO  main            d.u.i.k.p.i.AbstractProblemLoader Creating init config 
288102     DEBUG main            d.u.i.k.p.i.AbstractProblemLoader Init config took 2.23s 
288116     INFO  main            d.u.i.k.p.i.AbstractProblemLoader Replaying proof quadraticInEq4.key.proof 
288120     DEBUG main            d.u.i.k.p.i.IntermediateProofReplayer Proof replay took 2.6ms 
288121     DEBUG main            d.u.i.k.p.r.p.TestFile    ... success: reloaded. 
288122     INFO  main            d.u.i.k.p.r.p.TestFile    Now processing file /home/runner/work/key/key/key.core/../key.ui/examples/standard_key/inEqSimp/quadraticInEq5.key 
288122     INFO  main            d.u.i.k.p.i.AbstractProblemLoader Loading environment from /home/runner/work/key/key/key.core/../key.ui/examples/standard_key/inEqSimp/quadraticInEq5.key 
288122     DEBUG main            d.u.i.k.p.i.AbstractProblemLoader Environment load took 91.9ns 
288123     INFO  main            d.u.i.k.p.i.AbstractProblemLoader Creating init config 
290395     DEBUG main            d.u.i.k.p.i.AbstractProblemLoader Init config took 2.27s 
290409     INFO  main            d.u.i.k.p.i.AbstractProblemLoader Replaying proof quadraticInEq5.key 
290411     DEBUG main            d.u.i.k.p.i.IntermediateProofReplayer Proof replay took 4.4ns 
290513     INFO  main            d.u.i.k.p.r.p.TestFile    ... finished proof: closed. 
290883     INFO  main            d.u.i.k.p.i.AbstractProblemLoader Loading environment from /home/runner/work/key/key/key.core/../key.ui/examples/standard_key/inEqSimp/quadraticInEq5.key.proof 
290883     DEBUG main            d.u.i.k.p.i.AbstractProblemLoader Environment load took 115.3ns 
290884     INFO  main            d.u.i.k.p.i.AbstractProblemLoader Creating init config 
293127     DEBUG main            d.u.i.k.p.i.AbstractProblemLoader Init config took 2.24s 
293141     INFO  main            d.u.i.k.p.i.AbstractProblemLoader Replaying proof quadraticInEq5.key.proof 
293146     DEBUG main            d.u.i.k.p.i.IntermediateProofReplayer Proof replay took 2.75ms 
293147     DEBUG main            d.u.i.k.p.r.p.TestFile    ... success: reloaded. 
293147     INFO  main            d.u.i.k.p.r.p.TestFile    Now processing file /home/runner/work/key/key/key.core/../key.ui/examples/standard_key/inEqSimp/quadraticInEq6.key 
293148     INFO  main            d.u.i.k.p.i.AbstractProblemLoader Loading environment from /home/runner/work/key/key/key.core/../key.ui/examples/standard_key/inEqSimp/quadraticInEq6.key 
293148     DEBUG main            d.u.i.k.p.i.AbstractProblemLoader Environment load took 54.9ns 
293149     INFO  main            d.u.i.k.p.i.AbstractProblemLoader Creating init config 
295430     DEBUG main            d.u.i.k.p.i.AbstractProblemLoader Init config took 2.28s 
295444     INFO  main            d.u.i.k.p.i.AbstractProblemLoader Replaying proof quadraticInEq6.key 
295445     DEBUG main            d.u.i.k.p.i.IntermediateProofReplayer Proof replay took 3.7ns 
295547     INFO  main            d.u.i.k.p.r.p.TestFile    ... finished proof: closed. 
295934     INFO  main            d.u.i.k.p.i.AbstractProblemLoader Loading environment from /home/runner/work/key/key/key.core/../key.ui/examples/standard_key/inEqSimp/quadraticInEq6.key.proof 
295934     DEBUG main            d.u.i.k.p.i.AbstractProblemLoader Environment load took 115.5ns 
295935     INFO  main            d.u.i.k.p.i.AbstractProblemLoader Creating init config 
298174     DEBUG main            d.u.i.k.p.i.AbstractProblemLoader Init config took 2.24s 
298188     INFO  main            d.u.i.k.p.i.AbstractProblemLoader Replaying proof quadraticInEq6.key.proof 
298194     DEBUG main            d.u.i.k.p.i.IntermediateProofReplayer Proof replay took 3.24ms 
298195     DEBUG main            d.u.i.k.p.r.p.TestFile    ... success: reloaded. 
298196     INFO  main            d.u.i.k.p.r.p.TestFile    Now processing file /home/runner/work/key/key/key.core/../key.ui/examples/standard_key/inEqSimp/quadraticInEq7.key 
298197     INFO  main            d.u.i.k.p.i.AbstractProblemLoader Loading environment from /home/runner/work/key/key/key.core/../key.ui/examples/standard_key/inEqSimp/quadraticInEq7.key 
298197     DEBUG main            d.u.i.k.p.i.AbstractProblemLoader Environment load took 199.3ns 
298198     INFO  main            d.u.i.k.p.i.AbstractProblemLoader Creating init config 
300480     DEBUG main            d.u.i.k.p.i.AbstractProblemLoader Init config took 2.28s 
300494     INFO  main            d.u.i.k.p.i.AbstractProblemLoader Replaying proof quadraticInEq7.key 
300496     DEBUG main            d.u.i.k.p.i.IntermediateProofReplayer Proof replay took 3.3ns 
300600     INFO  main            d.u.i.k.p.r.p.TestFile    ... finished proof: closed. 
300980     INFO  main            d.u.i.k.p.i.AbstractProblemLoader Loading environment from /home/runner/work/key/key/key.core/../key.ui/examples/standard_key/inEqSimp/quadraticInEq7.key.proof 
300981     DEBUG main            d.u.i.k.p.i.AbstractProblemLoader Environment load took 117.9ns 
300982     INFO  main            d.u.i.k.p.i.AbstractProblemLoader Creating init config 
303212     DEBUG main            d.u.i.k.p.i.AbstractProblemLoader Init config took 2.23s 
303226     INFO  main            d.u.i.k.p.i.AbstractProblemLoader Replaying proof quadraticInEq7.key.proof 
303231     DEBUG main            d.u.i.k.p.i.IntermediateProofReplayer Proof replay took 1.45ms 
303231     DEBUG main            d.u.i.k.p.r.p.TestFile    ... success: reloaded. 
303232     INFO  main            d.u.i.k.p.r.p.TestFile    Now processing file /home/runner/work/key/key/key.core/../key.ui/examples/standard_key/inEqSimp/quadraticInEq8.key 
303232     INFO  main            d.u.i.k.p.i.AbstractProblemLoader Loading environment from /home/runner/work/key/key/key.core/../key.ui/examples/standard_key/inEqSimp/quadraticInEq8.key 
303232     DEBUG main            d.u.i.k.p.i.AbstractProblemLoader Environment load took 81.7ns 
303233     INFO  main            d.u.i.k.p.i.AbstractProblemLoader Creating init config 
305511     DEBUG main            d.u.i.k.p.i.AbstractProblemLoader Init config took 2.28s 
305525     INFO  main            d.u.i.k.p.i.AbstractProblemLoader Replaying proof quadraticInEq8.key 
305527     DEBUG main            d.u.i.k.p.i.IntermediateProofReplayer Proof replay took 3.1ns 
305631     INFO  main            d.u.i.k.p.r.p.TestFile    ... finished proof: closed. 
306034     INFO  main            d.u.i.k.p.i.AbstractProblemLoader Loading environment from /home/runner/work/key/key/key.core/../key.ui/examples/standard_key/inEqSimp/quadraticInEq8.key.proof 
306034     DEBUG main            d.u.i.k.p.i.AbstractProblemLoader Environment load took 118.5ns 
306035     INFO  main            d.u.i.k.p.i.AbstractProblemLoader Creating init config 
308271     DEBUG main            d.u.i.k.p.i.AbstractProblemLoader Init config took 2.24s 
308286     INFO  main            d.u.i.k.p.i.AbstractProblemLoader Replaying proof quadraticInEq8.key.proof 
308292     DEBUG main            d.u.i.k.p.i.IntermediateProofReplayer Proof replay took 4.14ms 
308293     DEBUG main            d.u.i.k.p.r.p.TestFile    ... success: reloaded. 
308294     INFO  main            d.u.i.k.p.r.p.TestFile    Now processing file /home/runner/work/key/key/key.core/../key.ui/examples/standard_key/inEqSimp/simplify0.key 
308294     INFO  main            d.u.i.k.p.i.AbstractProblemLoader Loading environment from /home/runner/work/key/key/key.core/../key.ui/examples/standard_key/inEqSimp/simplify0.key 
308294     DEBUG main            d.u.i.k.p.i.AbstractProblemLoader Environment load took 54.8ns 
308295     INFO  main            d.u.i.k.p.i.AbstractProblemLoader Creating init config 
310560     DEBUG main            d.u.i.k.p.i.AbstractProblemLoader Init config took 2.27s 
310575     INFO  main            d.u.i.k.p.i.AbstractProblemLoader Replaying proof simplify0.key 
310576     DEBUG main            d.u.i.k.p.i.IntermediateProofReplayer Proof replay took 4.6ns 
310680     INFO  main            d.u.i.k.p.r.p.TestFile    ... finished proof: closed. 
311072     INFO  main            d.u.i.k.p.i.AbstractProblemLoader Loading environment from /home/runner/work/key/key/key.core/../key.ui/examples/standard_key/inEqSimp/simplify0.key.proof 
311072     DEBUG main            d.u.i.k.p.i.AbstractProblemLoader Environment load took 116.4ns 
311074     INFO  main            d.u.i.k.p.i.AbstractProblemLoader Creating init config 
313300     DEBUG main            d.u.i.k.p.i.AbstractProblemLoader Init config took 2.23s 
313314     INFO  main            d.u.i.k.p.i.AbstractProblemLoader Replaying proof simplify0.key.proof 
313317     DEBUG main            d.u.i.k.p.i.IntermediateProofReplayer Proof replay took 794.22ns 
313318     DEBUG main            d.u.i.k.p.r.p.TestFile    ... success: reloaded. 
313318     INFO  main            d.u.i.k.p.r.p.TestFile    Now processing file /home/runner/work/key/key/key.core/../key.ui/examples/standard_key/inEqSimp/simplify1.key 
313319     INFO  main            d.u.i.k.p.i.AbstractProblemLoader Loading environment from /home/runner/work/key/key/key.core/../key.ui/examples/standard_key/inEqSimp/simplify1.key 
313319     DEBUG main            d.u.i.k.p.i.AbstractProblemLoader Environment load took 51.2ns 
313319     INFO  main            d.u.i.k.p.i.AbstractProblemLoader Creating init config 
315613     DEBUG main            d.u.i.k.p.i.AbstractProblemLoader Init config took 2.29s 
315626     INFO  main            d.u.i.k.p.i.AbstractProblemLoader Replaying proof simplify1.key 
315627     DEBUG main            d.u.i.k.p.i.IntermediateProofReplayer Proof replay took 2.8ns 
315734     INFO  main            d.u.i.k.p.r.p.TestFile    ... finished proof: closed. 
316138     INFO  main            d.u.i.k.p.i.AbstractProblemLoader Loading environment from /home/runner/work/key/key/key.core/../key.ui/examples/standard_key/inEqSimp/simplify1.key.proof 
316138     DEBUG main            d.u.i.k.p.i.AbstractProblemLoader Environment load took 114.4ns 
316139     INFO  main            d.u.i.k.p.i.AbstractProblemLoader Creating init config 
318357     DEBUG main            d.u.i.k.p.i.AbstractProblemLoader Init config took 2.22s 
318371     INFO  main            d.u.i.k.p.i.AbstractProblemLoader Replaying proof simplify1.key.proof 
318373     DEBUG main            d.u.i.k.p.i.IntermediateProofReplayer Proof replay took 893.22ns 
318374     DEBUG main            d.u.i.k.p.r.p.TestFile    ... success: reloaded. 
318375     INFO  main            d.u.i.k.p.r.p.TestFile    Now processing file /home/runner/work/key/key/key.core/../key.ui/examples/standard_key/inEqSimp/simplify2.key 
318375     INFO  main            d.u.i.k.p.i.AbstractProblemLoader Loading environment from /home/runner/work/key/key/key.core/../key.ui/examples/standard_key/inEqSimp/simplify2.key 
318375     DEBUG main            d.u.i.k.p.i.AbstractProblemLoader Environment load took 50.9ns 
318376     INFO  main            d.u.i.k.p.i.AbstractProblemLoader Creating init config 
320656     DEBUG main            d.u.i.k.p.i.AbstractProblemLoader Init config took 2.28s 
320670     INFO  main            d.u.i.k.p.i.AbstractProblemLoader Replaying proof simplify2.key 
320673     DEBUG main            d.u.i.k.p.i.IntermediateProofReplayer Proof replay took 3ns 
320776     INFO  main            d.u.i.k.p.r.p.TestFile    ... finished proof: closed. 
321187     INFO  main            d.u.i.k.p.i.AbstractProblemLoader Loading environment from /home/runner/work/key/key/key.core/../key.ui/examples/standard_key/inEqSimp/simplify2.key.proof 
321187     DEBUG main            d.u.i.k.p.i.AbstractProblemLoader Environment load took 104.4ns 
321188     INFO  main            d.u.i.k.p.i.AbstractProblemLoader Creating init config 
323423     DEBUG main            d.u.i.k.p.i.AbstractProblemLoader Init config took 2.23s 
323437     INFO  main            d.u.i.k.p.i.AbstractProblemLoader Replaying proof simplify2.key.proof 
323445     DEBUG main            d.u.i.k.p.i.IntermediateProofReplayer Proof replay took 6.08ms 
323446     DEBUG main            d.u.i.k.p.r.p.TestFile    ... success: reloaded. 
323446     INFO  main            d.u.i.k.p.r.p.TestFile    Now processing file /home/runner/work/key/key/key.core/../key.ui/examples/standard_key/inEqSimp/simplify3.key 
323446     INFO  main            d.u.i.k.p.i.AbstractProblemLoader Loading environment from /home/runner/work/key/key/key.core/../key.ui/examples/standard_key/inEqSimp/simplify3.key 
323447     DEBUG main            d.u.i.k.p.i.AbstractProblemLoader Environment load took 52.2ns 
323447     INFO  main            d.u.i.k.p.i.AbstractProblemLoader Creating init config 
325727     DEBUG main            d.u.i.k.p.i.AbstractProblemLoader Init config took 2.28s 
325741     INFO  main            d.u.i.k.p.i.AbstractProblemLoader Replaying proof simplify3.key 
325742     DEBUG main            d.u.i.k.p.i.IntermediateProofReplayer Proof replay took 3.3ns 
325844     INFO  main            d.u.i.k.p.r.p.TestFile    ... finished proof: closed. 
326258     INFO  main            d.u.i.k.p.i.AbstractProblemLoader Loading environment from /home/runner/work/key/key/key.core/../key.ui/examples/standard_key/inEqSimp/simplify3.key.proof 
326258     DEBUG main            d.u.i.k.p.i.AbstractProblemLoader Environment load took 107.9ns 
326259     INFO  main            d.u.i.k.p.i.AbstractProblemLoader Creating init config 
328519     DEBUG main            d.u.i.k.p.i.AbstractProblemLoader Init config took 2.26s 
328534     INFO  main            d.u.i.k.p.i.AbstractProblemLoader Replaying proof simplify3.key.proof 
328537     DEBUG main            d.u.i.k.p.i.IntermediateProofReplayer Proof replay took 1.51ms 
328538     DEBUG main            d.u.i.k.p.r.p.TestFile    ... success: reloaded. 
328538     INFO  main            d.u.i.k.p.r.p.TestFile    Now processing file /home/runner/work/key/key/key.core/../key.ui/examples/standard_key/inEqSimp/simplify4.key 
328539     INFO  main            d.u.i.k.p.i.AbstractProblemLoader Loading environment from /home/runner/work/key/key/key.core/../key.ui/examples/standard_key/inEqSimp/simplify4.key 
328539     DEBUG main            d.u.i.k.p.i.AbstractProblemLoader Environment load took 54.9ns 
328540     INFO  main            d.u.i.k.p.i.AbstractProblemLoader Creating init config 
330816     DEBUG main            d.u.i.k.p.i.AbstractProblemLoader Init config took 2.28s 
330830     INFO  main            d.u.i.k.p.i.AbstractProblemLoader Replaying proof simplify4.key 
330831     DEBUG main            d.u.i.k.p.i.IntermediateProofReplayer Proof replay took 3.3ns 
330934     INFO  main            d.u.i.k.p.r.p.TestFile    ... finished proof: closed. 
331372     INFO  main            d.u.i.k.p.i.AbstractProblemLoader Loading environment from /home/runner/work/key/key/key.core/../key.ui/examples/standard_key/inEqSimp/simplify4.key.proof 
331372     DEBUG main            d.u.i.k.p.i.AbstractProblemLoader Environment load took 101.2ns 
331373     INFO  main            d.u.i.k.p.i.AbstractProblemLoader Creating init config 
333614     DEBUG main            d.u.i.k.p.i.AbstractProblemLoader Init config took 2.24s 
333630     INFO  main            d.u.i.k.p.i.AbstractProblemLoader Replaying proof simplify4.key.proof 
333637     DEBUG main            d.u.i.k.p.i.IntermediateProofReplayer Proof replay took 5.24ms 
333638     DEBUG main            d.u.i.k.p.r.p.TestFile    ... success: reloaded. 
333638     INFO  main            d.u.i.k.p.r.p.TestFile    Now processing file /home/runner/work/key/key/key.core/../key.ui/examples/standard_key/inEqSimp/simplify5.key 
333639     INFO  main            d.u.i.k.p.i.AbstractProblemLoader Loading environment from /home/runner/work/key/key/key.core/../key.ui/examples/standard_key/inEqSimp/simplify5.key 
333639     DEBUG main            d.u.i.k.p.i.AbstractProblemLoader Environment load took 79.9ns 
333640     INFO  main            d.u.i.k.p.i.AbstractProblemLoader Creating init config 
335906     DEBUG main            d.u.i.k.p.i.AbstractProblemLoader Init config took 2.27s 
335920     INFO  main            d.u.i.k.p.i.AbstractProblemLoader Replaying proof simplify5.key 
335921     DEBUG main            d.u.i.k.p.i.IntermediateProofReplayer Proof replay took 5.5ns 
336426     INFO  main            d.u.i.k.p.r.p.TestFile    ... finished proof: closed. 
336907     INFO  main            d.u.i.k.p.i.AbstractProblemLoader Loading environment from /home/runner/work/key/key/key.core/../key.ui/examples/standard_key/inEqSimp/simplify5.key.proof 
336907     DEBUG main            d.u.i.k.p.i.AbstractProblemLoader Environment load took 116.7ns 
336908     INFO  main            d.u.i.k.p.i.AbstractProblemLoader Creating init config 
339146     DEBUG main            d.u.i.k.p.i.AbstractProblemLoader Init config took 2.24s 
339160     INFO  main            d.u.i.k.p.i.AbstractProblemLoader Replaying proof simplify5.key.proof 
339199     DEBUG main            d.u.i.k.p.i.IntermediateProofReplayer Proof replay took 33.03ms 
339200     DEBUG main            d.u.i.k.p.r.p.TestFile    ... success: reloaded. 
339203     INFO  main            d.u.i.k.p.r.p.TestFile    Now processing file /home/runner/work/key/key/key.core/../key.ui/examples/standard_key/inEqSimp/subsumptionExample.key 
339203     INFO  main            d.u.i.k.p.i.AbstractProblemLoader Loading environment from /home/runner/work/key/key/key.core/../key.ui/examples/standard_key/inEqSimp/subsumptionExample.key 
339203     DEBUG main            d.u.i.k.p.i.AbstractProblemLoader Environment load took 84.9ns 
339204     INFO  main            d.u.i.k.p.i.AbstractProblemLoader Creating init config 
341477     DEBUG main            d.u.i.k.p.i.AbstractProblemLoader Init config took 2.27s 
341491     INFO  main            d.u.i.k.p.i.AbstractProblemLoader Replaying proof subsumptionExample.key 
341492     DEBUG main            d.u.i.k.p.i.IntermediateProofReplayer Proof replay took 5.4ns 
341595     INFO  main            d.u.i.k.p.r.p.TestFile    ... finished proof: closed. 
342055     INFO  main            d.u.i.k.p.i.AbstractProblemLoader Loading environment from /home/runner/work/key/key/key.core/../key.ui/examples/standard_key/inEqSimp/subsumptionExample.key.proof 
342055     DEBUG main            d.u.i.k.p.i.AbstractProblemLoader Environment load took 99.9ns 
342056     INFO  main            d.u.i.k.p.i.AbstractProblemLoader Creating init config 
344300     DEBUG main            d.u.i.k.p.i.AbstractProblemLoader Init config took 2.24s 
344314     INFO  main            d.u.i.k.p.i.AbstractProblemLoader Replaying proof subsumptionExample.key.proof 
344316     DEBUG main            d.u.i.k.p.i.IntermediateProofReplayer Proof replay took 604.51ns 
344317     DEBUG main            d.u.i.k.p.r.p.TestFile    ... success: reloaded. 
344317     INFO  main            d.u.i.k.p.r.p.TestFile    Now processing file /home/runner/work/key/key/key.core/../key.ui/examples/standard_key/polySimp/simplify0.key 
344317     INFO  main            d.u.i.k.p.i.AbstractProblemLoader Loading environment from /home/runner/work/key/key/key.core/../key.ui/examples/standard_key/polySimp/simplify0.key 
344317     DEBUG main            d.u.i.k.p.i.AbstractProblemLoader Environment load took 49.3ns 
344318     INFO  main            d.u.i.k.p.i.AbstractProblemLoader Creating init config 
346574     DEBUG main            d.u.i.k.p.i.AbstractProblemLoader Init config took 2.26s 
346588     INFO  main            d.u.i.k.p.i.AbstractProblemLoader Replaying proof simplify0.key 
346589     DEBUG main            d.u.i.k.p.i.IntermediateProofReplayer Proof replay took 3.9ns 
346803     INFO  main            d.u.i.k.p.r.p.TestFile    ... finished proof: closed. 
347236     INFO  main            d.u.i.k.p.i.AbstractProblemLoader Loading environment from /home/runner/work/key/key/key.core/../key.ui/examples/standard_key/polySimp/simplify0.key.proof 
347237     DEBUG main            d.u.i.k.p.i.AbstractProblemLoader Environment load took 109ns 
347238     INFO  main            d.u.i.k.p.i.AbstractProblemLoader Creating init config 
349472     DEBUG main            d.u.i.k.p.i.AbstractProblemLoader Init config took 2.23s 
349487     INFO  main            d.u.i.k.p.i.AbstractProblemLoader Replaying proof simplify0.key.proof 
349493     DEBUG main            d.u.i.k.p.i.IntermediateProofReplayer Proof replay took 4.59ms 
349494     DEBUG main            d.u.i.k.p.r.p.TestFile    ... success: reloaded. 
349495     INFO  main            d.u.i.k.p.r.p.TestFile    Now processing file /home/runner/work/key/key/key.core/../key.ui/examples/standard_key/polySimp/simplify1.key 
349495     INFO  main            d.u.i.k.p.i.AbstractProblemLoader Loading environment from /home/runner/work/key/key/key.core/../key.ui/examples/standard_key/polySimp/simplify1.key 
349495     DEBUG main            d.u.i.k.p.i.AbstractProblemLoader Environment load took 78.3ns 
349496     INFO  main            d.u.i.k.p.i.AbstractProblemLoader Creating init config 
351746     DEBUG main            d.u.i.k.p.i.AbstractProblemLoader Init config took 2.25s 
351760     INFO  main            d.u.i.k.p.i.AbstractProblemLoader Replaying proof simplify1.key 
351761     DEBUG main            d.u.i.k.p.i.IntermediateProofReplayer Proof replay took 2.6ns 
352064     INFO  main            d.u.i.k.p.r.p.TestFile    ... finished proof: closed. 
352525     INFO  main            d.u.i.k.p.i.AbstractProblemLoader Loading environment from /home/runner/work/key/key/key.core/../key.ui/examples/standard_key/polySimp/simplify1.key.proof 
352525     DEBUG main            d.u.i.k.p.i.AbstractProblemLoader Environment load took 95.8ns 
352526     INFO  main            d.u.i.k.p.i.AbstractProblemLoader Creating init config 
354746     DEBUG main            d.u.i.k.p.i.AbstractProblemLoader Init config took 2.22s 
354761     INFO  main            d.u.i.k.p.i.AbstractProblemLoader Replaying proof simplify1.key.proof 
354769     DEBUG main            d.u.i.k.p.i.IntermediateProofReplayer Proof replay took 6.4ms 
354771     DEBUG main            d.u.i.k.p.r.p.TestFile    ... success: reloaded. 
354771     INFO  main            d.u.i.k.p.r.p.TestFile    Now processing file /home/runner/work/key/key/key.core/../key.ui/examples/standard_key/polySimp/simplify10.key 
354772     INFO  main            d.u.i.k.p.i.AbstractProblemLoader Loading environment from /home/runner/work/key/key/key.core/../key.ui/examples/standard_key/polySimp/simplify10.key 
354772     DEBUG main            d.u.i.k.p.i.AbstractProblemLoader Environment load took 111.2ns 
354773     INFO  main            d.u.i.k.p.i.AbstractProblemLoader Creating init config 
357047     DEBUG main            d.u.i.k.p.i.AbstractProblemLoader Init config took 2.27s 
357061     INFO  main            d.u.i.k.p.i.AbstractProblemLoader Replaying proof simplify10.key 
357062     DEBUG main            d.u.i.k.p.i.IntermediateProofReplayer Proof replay took 2.9ns 
357265     INFO  main            d.u.i.k.p.r.p.TestFile    ... finished proof: closed. 
357756     INFO  main            d.u.i.k.p.i.AbstractProblemLoader Loading environment from /home/runner/work/key/key/key.core/../key.ui/examples/standard_key/polySimp/simplify10.key.proof 
357756     DEBUG main            d.u.i.k.p.i.AbstractProblemLoader Environment load took 97.1ns 
357757     INFO  main            d.u.i.k.p.i.AbstractProblemLoader Creating init config 
359991     DEBUG main            d.u.i.k.p.i.AbstractProblemLoader Init config took 2.23s 
360007     INFO  main            d.u.i.k.p.i.AbstractProblemLoader Replaying proof simplify10.key.proof 
360018     DEBUG main            d.u.i.k.p.i.IntermediateProofReplayer Proof replay took 8.43ms 
360019     DEBUG main            d.u.i.k.p.r.p.TestFile    ... success: reloaded. 
360020     INFO  main            d.u.i.k.p.r.p.TestFile    Now processing file /home/runner/work/key/key/key.core/../key.ui/examples/standard_key/polySimp/simplify11.key 
360020     INFO  main            d.u.i.k.p.i.AbstractProblemLoader Loading environment from /home/runner/work/key/key/key.core/../key.ui/examples/standard_key/polySimp/simplify11.key 
360020     DEBUG main            d.u.i.k.p.i.AbstractProblemLoader Environment load took 61.1ns 
360021     INFO  main            d.u.i.k.p.i.AbstractProblemLoader Creating init config 
362295     DEBUG main            d.u.i.k.p.i.AbstractProblemLoader Init config took 2.27s 
362309     INFO  main            d.u.i.k.p.i.AbstractProblemLoader Replaying proof simplify11.key 
362310     DEBUG main            d.u.i.k.p.i.IntermediateProofReplayer Proof replay took 3.1ns 
362513     INFO  main            d.u.i.k.p.r.p.TestFile    ... finished proof: closed. 
362999     INFO  main            d.u.i.k.p.i.AbstractProblemLoader Loading environment from /home/runner/work/key/key/key.core/../key.ui/examples/standard_key/polySimp/simplify11.key.proof 
363000     DEBUG main            d.u.i.k.p.i.AbstractProblemLoader Environment load took 89.3ns 
363001     INFO  main            d.u.i.k.p.i.AbstractProblemLoader Creating init config 
365234     DEBUG main            d.u.i.k.p.i.AbstractProblemLoader Init config took 2.23s 
365248     INFO  main            d.u.i.k.p.i.AbstractProblemLoader Replaying proof simplify11.key.proof 
365258     DEBUG main            d.u.i.k.p.i.IntermediateProofReplayer Proof replay took 7.23ms 
365259     DEBUG main            d.u.i.k.p.r.p.TestFile    ... success: reloaded. 
365259     INFO  main            d.u.i.k.p.r.p.TestFile    Now processing file /home/runner/work/key/key/key.core/../key.ui/examples/standard_key/polySimp/simplify12.key 
365260     INFO  main            d.u.i.k.p.i.AbstractProblemLoader Loading environment from /home/runner/work/key/key/key.core/../key.ui/examples/standard_key/polySimp/simplify12.key 
365260     DEBUG main            d.u.i.k.p.i.AbstractProblemLoader Environment load took 46.8ns 
365260     INFO  main            d.u.i.k.p.i.AbstractProblemLoader Creating init config 
367527     DEBUG main            d.u.i.k.p.i.AbstractProblemLoader Init config took 2.27s 
367541     INFO  main            d.u.i.k.p.i.AbstractProblemLoader Replaying proof simplify12.key 
367542     DEBUG main            d.u.i.k.p.i.IntermediateProofReplayer Proof replay took 3.6ns 
367644     INFO  main            d.u.i.k.p.r.p.TestFile    ... finished proof: closed. 
368125     INFO  main            d.u.i.k.p.i.AbstractProblemLoader Loading environment from /home/runner/work/key/key/key.core/../key.ui/examples/standard_key/polySimp/simplify12.key.proof 
368125     DEBUG main            d.u.i.k.p.i.AbstractProblemLoader Environment load took 93.3ns 
368126     INFO  main            d.u.i.k.p.i.AbstractProblemLoader Creating init config 
370355     DEBUG main            d.u.i.k.p.i.AbstractProblemLoader Init config took 2.23s 
370369     INFO  main            d.u.i.k.p.i.AbstractProblemLoader Replaying proof simplify12.key.proof 
370374     DEBUG main            d.u.i.k.p.i.IntermediateProofReplayer Proof replay took 3.51ms 
370375     DEBUG main            d.u.i.k.p.r.p.TestFile    ... success: reloaded. 
370375     INFO  main            d.u.i.k.p.r.p.TestFile    Now processing file /home/runner/work/key/key/key.core/../key.ui/examples/standard_key/polySimp/simplify13.key 
370376     INFO  main            d.u.i.k.p.i.AbstractProblemLoader Loading environment from /home/runner/work/key/key/key.core/../key.ui/examples/standard_key/polySimp/simplify13.key 
370376     DEBUG main            d.u.i.k.p.i.AbstractProblemLoader Environment load took 60.3ns 
370377     INFO  main            d.u.i.k.p.i.AbstractProblemLoader Creating init config 
372658     DEBUG main            d.u.i.k.p.i.AbstractProblemLoader Init config took 2.28s 
372672     INFO  main            d.u.i.k.p.i.AbstractProblemLoader Replaying proof simplify13.key 
372673     DEBUG main            d.u.i.k.p.i.IntermediateProofReplayer Proof replay took 4.1ns 
372775     INFO  main            d.u.i.k.p.r.p.TestFile    ... finished proof: closed. 
373242     INFO  main            d.u.i.k.p.i.AbstractProblemLoader Loading environment from /home/runner/work/key/key/key.core/../key.ui/examples/standard_key/polySimp/simplify13.key.proof 
373242     DEBUG main            d.u.i.k.p.i.AbstractProblemLoader Environment load took 93.1ns 
373243     INFO  main            d.u.i.k.p.i.AbstractProblemLoader Creating init config 
375472     DEBUG main            d.u.i.k.p.i.AbstractProblemLoader Init config took 2.23s 
375486     INFO  main            d.u.i.k.p.i.AbstractProblemLoader Replaying proof simplify13.key.proof 
375490     DEBUG main            d.u.i.k.p.i.IntermediateProofReplayer Proof replay took 2.15ms 
375491     DEBUG main            d.u.i.k.p.r.p.TestFile    ... success: reloaded. 
375491     INFO  main            d.u.i.k.p.r.p.TestFile    Now processing file /home/runner/work/key/key/key.core/../key.ui/examples/standard_key/polySimp/simplify14.key 
375491     INFO  main            d.u.i.k.p.i.AbstractProblemLoader Loading environment from /home/runner/work/key/key/key.core/../key.ui/examples/standard_key/polySimp/simplify14.key 
375491     DEBUG main            d.u.i.k.p.i.AbstractProblemLoader Environment load took 48.2ns 
375492     INFO  main            d.u.i.k.p.i.AbstractProblemLoader Creating init config 
377761     DEBUG main            d.u.i.k.p.i.AbstractProblemLoader Init config took 2.27s 
377779     INFO  main            d.u.i.k.p.i.AbstractProblemLoader Replaying proof simplify14.key 
377780     DEBUG main            d.u.i.k.p.i.IntermediateProofReplayer Proof replay took 3.2ns 
377882     INFO  main            d.u.i.k.p.r.p.TestFile    ... finished proof: closed. 
378350     INFO  main            d.u.i.k.p.i.AbstractProblemLoader Loading environment from /home/runner/work/key/key/key.core/../key.ui/examples/standard_key/polySimp/simplify14.key.proof 
378350     DEBUG main            d.u.i.k.p.i.AbstractProblemLoader Environment load took 97.8ns 
378351     INFO  main            d.u.i.k.p.i.AbstractProblemLoader Creating init config 
380577     DEBUG main            d.u.i.k.p.i.AbstractProblemLoader Init config took 2.23s 
380591     INFO  main            d.u.i.k.p.i.AbstractProblemLoader Replaying proof simplify14.key.proof 
380594     DEBUG main            d.u.i.k.p.i.IntermediateProofReplayer Proof replay took 505.31ns 
380595     DEBUG main            d.u.i.k.p.r.p.TestFile    ... success: reloaded. 
380596     INFO  main            d.u.i.k.p.r.p.TestFile    Now processing file /home/runner/work/key/key/key.core/../key.ui/examples/standard_key/polySimp/simplify15.key 
380596     INFO  main            d.u.i.k.p.i.AbstractProblemLoader Loading environment from /home/runner/work/key/key/key.core/../key.ui/examples/standard_key/polySimp/simplify15.key 
380596     DEBUG main            d.u.i.k.p.i.AbstractProblemLoader Environment load took 56.6ns 
380597     INFO  main            d.u.i.k.p.i.AbstractProblemLoader Creating init config 
382900     DEBUG main            d.u.i.k.p.i.AbstractProblemLoader Init config took 2.3s 
382914     INFO  main            d.u.i.k.p.i.AbstractProblemLoader Replaying proof simplify15.key 
382915     DEBUG main            d.u.i.k.p.i.IntermediateProofReplayer Proof replay took 3.1ns 
383017     INFO  main            d.u.i.k.p.r.p.TestFile    ... finished proof: closed. 
383506     INFO  main            d.u.i.k.p.i.AbstractProblemLoader Loading environment from /home/runner/work/key/key/key.core/../key.ui/examples/standard_key/polySimp/simplify15.key.proof 
383506     DEBUG main            d.u.i.k.p.i.AbstractProblemLoader Environment load took 125.4ns 
383507     INFO  main            d.u.i.k.p.i.AbstractProblemLoader Creating init config 
385765     DEBUG main            d.u.i.k.p.i.AbstractProblemLoader Init config took 2.26s 
385779     INFO  main            d.u.i.k.p.i.AbstractProblemLoader Replaying proof simplify15.key.proof 
385781     DEBUG main            d.u.i.k.p.i.IntermediateProofReplayer Proof replay took 334.11ns 
385781     DEBUG main            d.u.i.k.p.r.p.TestFile    ... success: reloaded. 
385782     INFO  main            d.u.i.k.p.r.p.TestFile    Now processing file /home/runner/work/key/key/key.core/../key.ui/examples/standard_key/polySimp/simplify16.key 
385782     INFO  main            d.u.i.k.p.i.AbstractProblemLoader Loading environment from /home/runner/work/key/key/key.core/../key.ui/examples/standard_key/polySimp/simplify16.key 
385782     DEBUG main            d.u.i.k.p.i.AbstractProblemLoader Environment load took 67.5ns 
385783     INFO  main            d.u.i.k.p.i.AbstractProblemLoader Creating init config 
388082     DEBUG main            d.u.i.k.p.i.AbstractProblemLoader Init config took 2.3s 
388096     INFO  main            d.u.i.k.p.i.AbstractProblemLoader Replaying proof simplify16.key 
388097     DEBUG main            d.u.i.k.p.i.IntermediateProofReplayer Proof replay took 3.2ns 
388200     INFO  main            d.u.i.k.p.r.p.TestFile    ... finished proof: closed. 
388690     INFO  main            d.u.i.k.p.i.AbstractProblemLoader Loading environment from /home/runner/work/key/key/key.core/../key.ui/examples/standard_key/polySimp/simplify16.key.proof 
388690     DEBUG main            d.u.i.k.p.i.AbstractProblemLoader Environment load took 96.1ns 
388691     INFO  main            d.u.i.k.p.i.AbstractProblemLoader Creating init config 
390928     DEBUG main            d.u.i.k.p.i.AbstractProblemLoader Init config took 2.24s 
390942     INFO  main            d.u.i.k.p.i.AbstractProblemLoader Replaying proof simplify16.key.proof 
390943     DEBUG main            d.u.i.k.p.i.IntermediateProofReplayer Proof replay took 249.61ns 
390944     DEBUG main            d.u.i.k.p.r.p.TestFile    ... success: reloaded. 
390944     INFO  main            d.u.i.k.p.r.p.TestFile    Now processing file /home/runner/work/key/key/key.core/../key.ui/examples/standard_key/polySimp/simplify17.key 
390945     INFO  main            d.u.i.k.p.i.AbstractProblemLoader Loading environment from /home/runner/work/key/key/key.core/../key.ui/examples/standard_key/polySimp/simplify17.key 
390945     DEBUG main            d.u.i.k.p.i.AbstractProblemLoader Environment load took 46.3ns 
390945     INFO  main            d.u.i.k.p.i.AbstractProblemLoader Creating init config 
393245     DEBUG main            d.u.i.k.p.i.AbstractProblemLoader Init config took 2.3s 
393259     INFO  main            d.u.i.k.p.i.AbstractProblemLoader Replaying proof simplify17.key 
393260     DEBUG main            d.u.i.k.p.i.IntermediateProofReplayer Proof replay took 3.3ns 
393362     INFO  main            d.u.i.k.p.r.p.TestFile    ... finished proof: closed. 
393861     INFO  main            d.u.i.k.p.i.AbstractProblemLoader Loading environment from /home/runner/work/key/key/key.core/../key.ui/examples/standard_key/polySimp/simplify17.key.proof 
393861     DEBUG main            d.u.i.k.p.i.AbstractProblemLoader Environment load took 96.9ns 
393862     INFO  main            d.u.i.k.p.i.AbstractProblemLoader Creating init config 
396108     DEBUG main            d.u.i.k.p.i.AbstractProblemLoader Init config took 2.25s 
396122     INFO  main            d.u.i.k.p.i.AbstractProblemLoader Replaying proof simplify17.key.proof 
396127     DEBUG main            d.u.i.k.p.i.IntermediateProofReplayer Proof replay took 2.93ms 
396128     DEBUG main            d.u.i.k.p.r.p.TestFile    ... success: reloaded. 
396128     INFO  main            d.u.i.k.p.r.p.TestFile    Now processing file /home/runner/work/key/key/key.core/../key.ui/examples/standard_key/polySimp/simplify18.key 
396128     INFO  main            d.u.i.k.p.i.AbstractProblemLoader Loading environment from /home/runner/work/key/key/key.core/../key.ui/examples/standard_key/polySimp/simplify18.key 
396128     DEBUG main            d.u.i.k.p.i.AbstractProblemLoader Environment load took 54.4ns 
396129     INFO  main            d.u.i.k.p.i.AbstractProblemLoader Creating init config 
398472     DEBUG main            d.u.i.k.p.i.AbstractProblemLoader Init config took 2.34s 
398487     INFO  main            d.u.i.k.p.i.AbstractProblemLoader Replaying proof simplify18.key 
398488     DEBUG main            d.u.i.k.p.i.IntermediateProofReplayer Proof replay took 3.6ns 
398690     INFO  main            d.u.i.k.p.r.p.TestFile    ... finished proof: closed. 
399209     INFO  main            d.u.i.k.p.i.AbstractProblemLoader Loading environment from /home/runner/work/key/key/key.core/../key.ui/examples/standard_key/polySimp/simplify18.key.proof 
399209     DEBUG main            d.u.i.k.p.i.AbstractProblemLoader Environment load took 102.8ns 
399210     INFO  main            d.u.i.k.p.i.AbstractProblemLoader Creating init config 
401488     DEBUG main            d.u.i.k.p.i.AbstractProblemLoader Init config took 2.28s 
401503     INFO  main            d.u.i.k.p.i.AbstractProblemLoader Replaying proof simplify18.key.proof 
401511     DEBUG main            d.u.i.k.p.i.IntermediateProofReplayer Proof replay took 6.14ms 
401512     DEBUG main            d.u.i.k.p.r.p.TestFile    ... success: reloaded. 
401513     INFO  main            d.u.i.k.p.r.p.TestFile    Now processing file /home/runner/work/key/key/key.core/../key.ui/examples/standard_key/polySimp/simplify19.key 
401513     INFO  main            d.u.i.k.p.i.AbstractProblemLoader Loading environment from /home/runner/work/key/key/key.core/../key.ui/examples/standard_key/polySimp/simplify19.key 
401513     DEBUG main            d.u.i.k.p.i.AbstractProblemLoader Environment load took 73ns 
401514     INFO  main            d.u.i.k.p.i.AbstractProblemLoader Creating init config 
403812     DEBUG main            d.u.i.k.p.i.AbstractProblemLoader Init config took 2.3s 
403826     INFO  main            d.u.i.k.p.i.AbstractProblemLoader Replaying proof simplify19.key 
403827     DEBUG main            d.u.i.k.p.i.IntermediateProofReplayer Proof replay took 2.9ns 
406853     INFO  main            d.u.i.k.p.r.p.TestFile    ... finished proof: closed. 
407404     INFO  main            d.u.i.k.p.i.AbstractProblemLoader Loading environment from /home/runner/work/key/key/key.core/../key.ui/examples/standard_key/polySimp/simplify19.key.proof 
407404     DEBUG main            d.u.i.k.p.i.AbstractProblemLoader Environment load took 116.5ns 
407406     INFO  main            d.u.i.k.p.i.AbstractProblemLoader Creating init config 
409669     DEBUG main            d.u.i.k.p.i.AbstractProblemLoader Init config took 2.26s 
409684     INFO  main            d.u.i.k.p.i.AbstractProblemLoader Replaying proof simplify19.key.proof 
409799     DEBUG main            d.u.i.k.p.i.IntermediateProofReplayer Proof replay took 103.29ms 
409801     DEBUG main            d.u.i.k.p.r.p.TestFile    ... success: reloaded. 
409801     INFO  main            d.u.i.k.p.r.p.TestFile    Now processing file /home/runner/work/key/key/key.core/../key.ui/examples/standard_key/polySimp/simplify2.key 
409801     INFO  main            d.u.i.k.p.i.AbstractProblemLoader Loading environment from /home/runner/work/key/key/key.core/../key.ui/examples/standard_key/polySimp/simplify2.key 
409801     DEBUG main            d.u.i.k.p.i.AbstractProblemLoader Environment load took 68ns 
409802     INFO  main            d.u.i.k.p.i.AbstractProblemLoader Creating init config 
412087     DEBUG main            d.u.i.k.p.i.AbstractProblemLoader Init config took 2.28s 
412101     INFO  main            d.u.i.k.p.i.AbstractProblemLoader Replaying proof simplify2.key 
412102     DEBUG main            d.u.i.k.p.i.IntermediateProofReplayer Proof replay took 2.3ns 
412203     INFO  main            d.u.i.k.p.r.p.TestFile    ... finished proof: closed. 
412760     INFO  main            d.u.i.k.p.i.AbstractProblemLoader Loading environment from /home/runner/work/key/key/key.core/../key.ui/examples/standard_key/polySimp/simplify2.key.proof 
412760     DEBUG main            d.u.i.k.p.i.AbstractProblemLoader Environment load took 90.2ns 
412761     INFO  main            d.u.i.k.p.i.AbstractProblemLoader Creating init config 
415013     DEBUG main            d.u.i.k.p.i.AbstractProblemLoader Init config took 2.25s 
415028     INFO  main            d.u.i.k.p.i.AbstractProblemLoader Replaying proof simplify2.key.proof 
415030     DEBUG main            d.u.i.k.p.i.IntermediateProofReplayer Proof replay took 548.62ns 
415030     DEBUG main            d.u.i.k.p.r.p.TestFile    ... success: reloaded. 
415031     INFO  main            d.u.i.k.p.r.p.TestFile    Now processing file /home/runner/work/key/key/key.core/../key.ui/examples/standard_key/polySimp/simplify20.key 
415031     INFO  main            d.u.i.k.p.i.AbstractProblemLoader Loading environment from /home/runner/work/key/key/key.core/../key.ui/examples/standard_key/polySimp/simplify20.key 
415031     DEBUG main            d.u.i.k.p.i.AbstractProblemLoader Environment load took 50.4ns 
415032     INFO  main            d.u.i.k.p.i.AbstractProblemLoader Creating init config 
417322     DEBUG main            d.u.i.k.p.i.AbstractProblemLoader Init config took 2.29s 
417336     INFO  main            d.u.i.k.p.i.AbstractProblemLoader Replaying proof simplify20.key 
417338     DEBUG main            d.u.i.k.p.i.IntermediateProofReplayer Proof replay took 3.1ns 
417942     INFO  main            d.u.i.k.p.r.p.TestFile    ... finished proof: closed. 
418518     INFO  main            d.u.i.k.p.i.AbstractProblemLoader Loading environment from /home/runner/work/key/key/key.core/../key.ui/examples/standard_key/polySimp/simplify20.key.proof 
418518     DEBUG main            d.u.i.k.p.i.AbstractProblemLoader Environment load took 103.9ns 
418520     INFO  main            d.u.i.k.p.i.AbstractProblemLoader Creating init config 
420813     DEBUG main            d.u.i.k.p.i.AbstractProblemLoader Init config took 2.29s 
420828     INFO  main            d.u.i.k.p.i.AbstractProblemLoader Replaying proof simplify20.key.proof 
420859     DEBUG main            d.u.i.k.p.i.IntermediateProofReplayer Proof replay took 25.67ms 
420860     DEBUG main            d.u.i.k.p.r.p.TestFile    ... success: reloaded. 
420860     INFO  main            d.u.i.k.p.r.p.TestFile    Now processing file /home/runner/work/key/key/key.core/../key.ui/examples/standard_key/polySimp/simplify21.key 
420861     INFO  main            d.u.i.k.p.i.AbstractProblemLoader Loading environment from /home/runner/work/key/key/key.core/../key.ui/examples/standard_key/polySimp/simplify21.key 
420861     DEBUG main            d.u.i.k.p.i.AbstractProblemLoader Environment load took 78.2ns 
420864     INFO  main            d.u.i.k.p.i.AbstractProblemLoader Creating init config 
423171     DEBUG main            d.u.i.k.p.i.AbstractProblemLoader Init config took 2.31s 
423186     INFO  main            d.u.i.k.p.i.AbstractProblemLoader Replaying proof simplify21.key 
423187     DEBUG main            d.u.i.k.p.i.IntermediateProofReplayer Proof replay took 4.1ns 
423793     INFO  main            d.u.i.k.p.r.p.TestFile    ... finished proof: closed. 
424394     INFO  main            d.u.i.k.p.i.AbstractProblemLoader Loading environment from /home/runner/work/key/key/key.core/../key.ui/examples/standard_key/polySimp/simplify21.key.proof 
424394     DEBUG main            d.u.i.k.p.i.AbstractProblemLoader Environment load took 162ns 
424396     INFO  main            d.u.i.k.p.i.AbstractProblemLoader Creating init config 
426641     DEBUG main            d.u.i.k.p.i.AbstractProblemLoader Init config took 2.24s 
426658     INFO  main            d.u.i.k.p.i.AbstractProblemLoader Replaying proof simplify21.key.proof 
426680     DEBUG main            d.u.i.k.p.i.IntermediateProofReplayer Proof replay took 18.53ms 
426683     DEBUG main            d.u.i.k.p.r.p.TestFile    ... success: reloaded. 
426683     INFO  main            d.u.i.k.p.r.p.TestFile    Now processing file /home/runner/work/key/key/key.core/../key.ui/examples/standard_key/polySimp/simplify22.key 
426683     INFO  main            d.u.i.k.p.i.AbstractProblemLoader Loading environment from /home/runner/work/key/key/key.core/../key.ui/examples/standard_key/polySimp/simplify22.key 
426683     DEBUG main            d.u.i.k.p.i.AbstractProblemLoader Environment load took 79.2ns 
426684     INFO  main            d.u.i.k.p.i.AbstractProblemLoader Creating init config 
428987     DEBUG main            d.u.i.k.p.i.AbstractProblemLoader Init config took 2.3s 
429002     INFO  main            d.u.i.k.p.i.AbstractProblemLoader Replaying proof simplify22.key 
429003     DEBUG main            d.u.i.k.p.i.IntermediateProofReplayer Proof replay took 3.6ns 
429105     INFO  main            d.u.i.k.p.r.p.TestFile    ... finished proof: closed. 
429671     INFO  main            d.u.i.k.p.i.AbstractProblemLoader Loading environment from /home/runner/work/key/key/key.core/../key.ui/examples/standard_key/polySimp/simplify22.key.proof 
429671     DEBUG main            d.u.i.k.p.i.AbstractProblemLoader Environment load took 89.4ns 
429672     INFO  main            d.u.i.k.p.i.AbstractProblemLoader Creating init config 
431925     DEBUG main            d.u.i.k.p.i.AbstractProblemLoader Init config took 2.25s 
431939     INFO  main            d.u.i.k.p.i.AbstractProblemLoader Replaying proof simplify22.key.proof 
431943     DEBUG main            d.u.i.k.p.i.IntermediateProofReplayer Proof replay took 2.07ms 
431944     DEBUG main            d.u.i.k.p.r.p.TestFile    ... success: reloaded. 
431944     INFO  main            d.u.i.k.p.r.p.TestFile    Now processing file /home/runner/work/key/key/key.core/../key.ui/examples/standard_key/polySimp/simplify23.key 
431945     INFO  main            d.u.i.k.p.i.AbstractProblemLoader Loading environment from /home/runner/work/key/key/key.core/../key.ui/examples/standard_key/polySimp/simplify23.key 
431945     DEBUG main            d.u.i.k.p.i.AbstractProblemLoader Environment load took 59.7ns 
431945     INFO  main            d.u.i.k.p.i.AbstractProblemLoader Creating init config 
434239     DEBUG main            d.u.i.k.p.i.AbstractProblemLoader Init config took 2.29s 
434253     INFO  main            d.u.i.k.p.i.AbstractProblemLoader Replaying proof simplify23.key 
434255     DEBUG main            d.u.i.k.p.i.IntermediateProofReplayer Proof replay took 3ns 
434357     INFO  main            d.u.i.k.p.r.p.TestFile    ... finished proof: closed. 
434898     INFO  main            d.u.i.k.p.i.AbstractProblemLoader Loading environment from /home/runner/work/key/key/key.core/../key.ui/examples/standard_key/polySimp/simplify23.key.proof 
434898     DEBUG main            d.u.i.k.p.i.AbstractProblemLoader Environment load took 102.1ns 
434899     INFO  main            d.u.i.k.p.i.AbstractProblemLoader Creating init config 
437165     DEBUG main            d.u.i.k.p.i.AbstractProblemLoader Init config took 2.27s 
437179     INFO  main            d.u.i.k.p.i.AbstractProblemLoader Replaying proof simplify23.key.proof 
437186     DEBUG main            d.u.i.k.p.i.IntermediateProofReplayer Proof replay took 5.27ms 
437187     DEBUG main            d.u.i.k.p.r.p.TestFile    ... success: reloaded. 
437187     INFO  main            d.u.i.k.p.r.p.TestFile    Now processing file /home/runner/work/key/key/key.core/../key.ui/examples/standard_key/polySimp/simplify24.key 
437188     INFO  main            d.u.i.k.p.i.AbstractProblemLoader Loading environment from /home/runner/work/key/key/key.core/../key.ui/examples/standard_key/polySimp/simplify24.key 
437188     DEBUG main            d.u.i.k.p.i.AbstractProblemLoader Environment load took 46.9ns 
437188     INFO  main            d.u.i.k.p.i.AbstractProblemLoader Creating init config 
439479     DEBUG main            d.u.i.k.p.i.AbstractProblemLoader Init config took 2.29s 
439492     INFO  main            d.u.i.k.p.i.AbstractProblemLoader Replaying proof simplify24.key 
439493     DEBUG main            d.u.i.k.p.i.IntermediateProofReplayer Proof replay took 3.8ns 
439595     INFO  main            d.u.i.k.p.r.p.TestFile    ... finished proof: closed. 
440132     INFO  main            d.u.i.k.p.i.AbstractProblemLoader Loading environment from /home/runner/work/key/key/key.core/../key.ui/examples/standard_key/polySimp/simplify24.key.proof 
440132     DEBUG main            d.u.i.k.p.i.AbstractProblemLoader Environment load took 95.1ns 
440133     INFO  main            d.u.i.k.p.i.AbstractProblemLoader Creating init config 
442373     DEBUG main            d.u.i.k.p.i.AbstractProblemLoader Init config took 2.24s 
442393     INFO  main            d.u.i.k.p.i.AbstractProblemLoader Replaying proof simplify24.key.proof 
442396     DEBUG main            d.u.i.k.p.i.IntermediateProofReplayer Proof replay took 1.15ms 
442397     DEBUG main            d.u.i.k.p.r.p.TestFile    ... success: reloaded. 
442398     INFO  main            d.u.i.k.p.r.p.TestFile    Now processing file /home/runner/work/key/key/key.core/../key.ui/examples/standard_key/polySimp/simplify25.key 
442398     INFO  main            d.u.i.k.p.i.AbstractProblemLoader Loading environment from /home/runner/work/key/key/key.core/../key.ui/examples/standard_key/polySimp/simplify25.key 
442398     DEBUG main            d.u.i.k.p.i.AbstractProblemLoader Environment load took 76.9ns 
442399     INFO  main            d.u.i.k.p.i.AbstractProblemLoader Creating init config 
444710     DEBUG main            d.u.i.k.p.i.AbstractProblemLoader Init config took 2.31s 
444727     INFO  main            d.u.i.k.p.i.AbstractProblemLoader Replaying proof simplify25.key 
444728     DEBUG main            d.u.i.k.p.i.IntermediateProofReplayer Proof replay took 2.6ns 
444831     INFO  main            d.u.i.k.p.r.p.TestFile    ... finished proof: closed. 
445387     INFO  main            d.u.i.k.p.i.AbstractProblemLoader Loading environment from /home/runner/work/key/key/key.core/../key.ui/examples/standard_key/polySimp/simplify25.key.proof 
445387     DEBUG main            d.u.i.k.p.i.AbstractProblemLoader Environment load took 100ns 
445388     INFO  main            d.u.i.k.p.i.AbstractProblemLoader Creating init config 
447635     DEBUG main            d.u.i.k.p.i.AbstractProblemLoader Init config took 2.25s 
447648     INFO  main            d.u.i.k.p.i.AbstractProblemLoader Replaying proof simplify25.key.proof 
447651     DEBUG main            d.u.i.k.p.i.IntermediateProofReplayer Proof replay took 1.49ms 
447652     DEBUG main            d.u.i.k.p.r.p.TestFile    ... success: reloaded. 
447652     INFO  main            d.u.i.k.p.r.p.TestFile    Now processing file /home/runner/work/key/key/key.core/../key.ui/examples/standard_key/polySimp/simplify3.key 
447653     INFO  main            d.u.i.k.p.i.AbstractProblemLoader Loading environment from /home/runner/work/key/key/key.core/../key.ui/examples/standard_key/polySimp/simplify3.key 
447653     DEBUG main            d.u.i.k.p.i.AbstractProblemLoader Environment load took 48.4ns 
447653     INFO  main            d.u.i.k.p.i.AbstractProblemLoader Creating init config 
449945     DEBUG main            d.u.i.k.p.i.AbstractProblemLoader Init config took 2.29s 
449959     INFO  main            d.u.i.k.p.i.AbstractProblemLoader Replaying proof simplify3.key 
449960     DEBUG main            d.u.i.k.p.i.IntermediateProofReplayer Proof replay took 3.1ns 
450061     INFO  main            d.u.i.k.p.r.p.TestFile    ... finished proof: closed. 
450614     INFO  main            d.u.i.k.p.i.AbstractProblemLoader Loading environment from /home/runner/work/key/key/key.core/../key.ui/examples/standard_key/polySimp/simplify3.key.proof 
450614     DEBUG main            d.u.i.k.p.i.AbstractProblemLoader Environment load took 111.5ns 
450615     INFO  main            d.u.i.k.p.i.AbstractProblemLoader Creating init config 
452854     DEBUG main            d.u.i.k.p.i.AbstractProblemLoader Init config took 2.24s 
452868     INFO  main            d.u.i.k.p.i.AbstractProblemLoader Replaying proof simplify3.key.proof 
452870     DEBUG main            d.u.i.k.p.i.IntermediateProofReplayer Proof replay took 555.21ns 
452870     DEBUG main            d.u.i.k.p.r.p.TestFile    ... success: reloaded. 
452871     INFO  main            d.u.i.k.p.r.p.TestFile    Now processing file /home/runner/work/key/key/key.core/../key.ui/examples/standard_key/polySimp/simplify4.key 
452871     INFO  main            d.u.i.k.p.i.AbstractProblemLoader Loading environment from /home/runner/work/key/key/key.core/../key.ui/examples/standard_key/polySimp/simplify4.key 
452871     DEBUG main            d.u.i.k.p.i.AbstractProblemLoader Environment load took 62.6ns 
452872     INFO  main            d.u.i.k.p.i.AbstractProblemLoader Creating init config 
455153     DEBUG main            d.u.i.k.p.i.AbstractProblemLoader Init config took 2.28s 
455167     INFO  main            d.u.i.k.p.i.AbstractProblemLoader Replaying proof simplify4.key 
455168     DEBUG main            d.u.i.k.p.i.IntermediateProofReplayer Proof replay took 5ns 
455270     INFO  main            d.u.i.k.p.r.p.TestFile    ... finished proof: closed. 
455826     INFO  main            d.u.i.k.p.i.AbstractProblemLoader Loading environment from /home/runner/work/key/key/key.core/../key.ui/examples/standard_key/polySimp/simplify4.key.proof 
455826     DEBUG main            d.u.i.k.p.i.AbstractProblemLoader Environment load took 90.2ns 
455827     INFO  main            d.u.i.k.p.i.AbstractProblemLoader Creating init config 
458065     DEBUG main            d.u.i.k.p.i.AbstractProblemLoader Init config took 2.24s 
458079     INFO  main            d.u.i.k.p.i.AbstractProblemLoader Replaying proof simplify4.key.proof 
458082     DEBUG main            d.u.i.k.p.i.IntermediateProofReplayer Proof replay took 654.11ns 
458083     DEBUG main            d.u.i.k.p.r.p.TestFile    ... success: reloaded. 
458083     INFO  main            d.u.i.k.p.r.p.TestFile    Now processing file /home/runner/work/key/key/key.core/../key.ui/examples/standard_key/polySimp/simplify5.key 
458084     INFO  main            d.u.i.k.p.i.AbstractProblemLoader Loading environment from /home/runner/work/key/key/key.core/../key.ui/examples/standard_key/polySimp/simplify5.key 
458084     DEBUG main            d.u.i.k.p.i.AbstractProblemLoader Environment load took 62.7ns 
458085     INFO  main            d.u.i.k.p.i.AbstractProblemLoader Creating init config 
460381     DEBUG main            d.u.i.k.p.i.AbstractProblemLoader Init config took 2.3s 
460394     INFO  main            d.u.i.k.p.i.AbstractProblemLoader Replaying proof simplify5.key 
460395     DEBUG main            d.u.i.k.p.i.IntermediateProofReplayer Proof replay took 3.6ns 
460497     INFO  main            d.u.i.k.p.r.p.TestFile    ... finished proof: closed. 
461068     INFO  main            d.u.i.k.p.i.AbstractProblemLoader Loading environment from /home/runner/work/key/key/key.core/../key.ui/examples/standard_key/polySimp/simplify5.key.proof 
461068     DEBUG main            d.u.i.k.p.i.AbstractProblemLoader Environment load took 87.2ns 
461069     INFO  main            d.u.i.k.p.i.AbstractProblemLoader Creating init config 
463383     DEBUG main            d.u.i.k.p.i.AbstractProblemLoader Init config took 2.31s 
463397     INFO  main            d.u.i.k.p.i.AbstractProblemLoader Replaying proof simplify5.key.proof 
463401     DEBUG main            d.u.i.k.p.i.IntermediateProofReplayer Proof replay took 2.28ms 
463402     DEBUG main            d.u.i.k.p.r.p.TestFile    ... success: reloaded. 
463402     INFO  main            d.u.i.k.p.r.p.TestFile    Now processing file /home/runner/work/key/key/key.core/../key.ui/examples/standard_key/polySimp/simplify6.key 
463403     INFO  main            d.u.i.k.p.i.AbstractProblemLoader Loading environment from /home/runner/work/key/key/key.core/../key.ui/examples/standard_key/polySimp/simplify6.key 
463403     DEBUG main            d.u.i.k.p.i.AbstractProblemLoader Environment load took 51.2ns 
463403     INFO  main            d.u.i.k.p.i.AbstractProblemLoader Creating init config 
465684     DEBUG main            d.u.i.k.p.i.AbstractProblemLoader Init config took 2.28s 
465698     INFO  main            d.u.i.k.p.i.AbstractProblemLoader Replaying proof simplify6.key 
465700     DEBUG main            d.u.i.k.p.i.IntermediateProofReplayer Proof replay took 4.8ns 
465801     INFO  main            d.u.i.k.p.r.p.TestFile    ... finished proof: closed. 
466376     INFO  main            d.u.i.k.p.i.AbstractProblemLoader Loading environment from /home/runner/work/key/key/key.core/../key.ui/examples/standard_key/polySimp/simplify6.key.proof 
466377     DEBUG main            d.u.i.k.p.i.AbstractProblemLoader Environment load took 86.7ns 
466377     INFO  main            d.u.i.k.p.i.AbstractProblemLoader Creating init config 
468727     DEBUG main            d.u.i.k.p.i.AbstractProblemLoader Init config took 2.35s 
468743     INFO  main            d.u.i.k.p.i.AbstractProblemLoader Replaying proof simplify6.key.proof 
468745     DEBUG main            d.u.i.k.p.i.IntermediateProofReplayer Proof replay took 200.1ns 
468746     DEBUG main            d.u.i.k.p.r.p.TestFile    ... success: reloaded. 
468747     INFO  main            d.u.i.k.p.r.p.TestFile    Now processing file /home/runner/work/key/key/key.core/../key.ui/examples/standard_key/polySimp/simplify7.key 
468747     INFO  main            d.u.i.k.p.i.AbstractProblemLoader Loading environment from /home/runner/work/key/key/key.core/../key.ui/examples/standard_key/polySimp/simplify7.key 
468747     DEBUG main            d.u.i.k.p.i.AbstractProblemLoader Environment load took 165.8ns 
468748     INFO  main            d.u.i.k.p.i.AbstractProblemLoader Creating init config 
471211     DEBUG main            d.u.i.k.p.i.AbstractProblemLoader Init config took 2.46s 
471225     INFO  main            d.u.i.k.p.i.AbstractProblemLoader Replaying proof simplify7.key 
471226     DEBUG main            d.u.i.k.p.i.IntermediateProofReplayer Proof replay took 2.5ns 
471328     INFO  main            d.u.i.k.p.r.p.TestFile    ... finished proof: closed. 
471889     INFO  main            d.u.i.k.p.i.AbstractProblemLoader Loading environment from /home/runner/work/key/key/key.core/../key.ui/examples/standard_key/polySimp/simplify7.key.proof 
471889     DEBUG main            d.u.i.k.p.i.AbstractProblemLoader Environment load took 94.3ns 
471890     INFO  main            d.u.i.k.p.i.AbstractProblemLoader Creating init config 
474279     DEBUG main            d.u.i.k.p.i.AbstractProblemLoader Init config took 2.39s 
474295     INFO  main            d.u.i.k.p.i.AbstractProblemLoader Replaying proof simplify7.key.proof 
474297     DEBUG main            d.u.i.k.p.i.IntermediateProofReplayer Proof replay took 393.71ns 
474298     DEBUG main            d.u.i.k.p.r.p.TestFile    ... success: reloaded. 
474299     INFO  main            d.u.i.k.p.r.p.TestFile    Now processing file /home/runner/work/key/key/key.core/../key.ui/examples/standard_key/polySimp/simplify8.key 
474299     INFO  main            d.u.i.k.p.i.AbstractProblemLoader Loading environment from /home/runner/work/key/key/key.core/../key.ui/examples/standard_key/polySimp/simplify8.key 
474299     DEBUG main            d.u.i.k.p.i.AbstractProblemLoader Environment load took 72.3ns 
474304     INFO  main            d.u.i.k.p.i.AbstractProblemLoader Creating init config 
476677     DEBUG main            d.u.i.k.p.i.AbstractProblemLoader Init config took 2.37s 
476691     INFO  main            d.u.i.k.p.i.AbstractProblemLoader Replaying proof simplify8.key 
476693     DEBUG main            d.u.i.k.p.i.IntermediateProofReplayer Proof replay took 3.7ns 
480339     INFO  main            d.u.i.k.p.r.p.TestFile    ... finished proof: closed. 
480925     INFO  main            d.u.i.k.p.i.AbstractProblemLoader Loading environment from /home/runner/work/key/key/key.core/../key.ui/examples/standard_key/polySimp/simplify8.key.proof 
480925     DEBUG main            d.u.i.k.p.i.AbstractProblemLoader Environment load took 112.7ns 
480928     INFO  main            d.u.i.k.p.i.AbstractProblemLoader Creating init config 
483288     DEBUG main            d.u.i.k.p.i.AbstractProblemLoader Init config took 2.36s 
483304     INFO  main            d.u.i.k.p.i.AbstractProblemLoader Replaying proof simplify8.key.proof 
483349     DEBUG main            d.u.i.k.p.i.IntermediateProofReplayer Proof replay took 40.16ms 
483352     DEBUG main            d.u.i.k.p.r.p.TestFile    ... success: reloaded. 
483353     INFO  main            d.u.i.k.p.r.p.TestFile    Now processing file /home/runner/work/key/key/key.core/../key.ui/examples/standard_key/polySimp/simplify9.key 
483353     INFO  main            d.u.i.k.p.i.AbstractProblemLoader Loading environment from /home/runner/work/key/key/key.core/../key.ui/examples/standard_key/polySimp/simplify9.key 
483353     DEBUG main            d.u.i.k.p.i.AbstractProblemLoader Environment load took 53.1ns 
483355     INFO  main            d.u.i.k.p.i.AbstractProblemLoader Creating init config 
485734     DEBUG main            d.u.i.k.p.i.AbstractProblemLoader Init config took 2.38s 
485748     INFO  main            d.u.i.k.p.i.AbstractProblemLoader Replaying proof simplify9.key 
485749     DEBUG main            d.u.i.k.p.i.IntermediateProofReplayer Proof replay took 3.5ns 
485952     INFO  main            d.u.i.k.p.r.p.TestFile    ... finished proof: closed. 
486547     INFO  main            d.u.i.k.p.i.AbstractProblemLoader Loading environment from /home/runner/work/key/key/key.core/../key.ui/examples/standard_key/polySimp/simplify9.key.proof 
486547     DEBUG main            d.u.i.k.p.i.AbstractProblemLoader Environment load took 95.4ns 
486548     INFO  main            d.u.i.k.p.i.AbstractProblemLoader Creating init config 
488791     DEBUG main            d.u.i.k.p.i.AbstractProblemLoader Init config took 2.24s 
488806     INFO  main            d.u.i.k.p.i.AbstractProblemLoader Replaying proof simplify9.key.proof 
488811     DEBUG main            d.u.i.k.p.i.IntermediateProofReplayer Proof replay took 3.24ms 
488813     DEBUG main            d.u.i.k.p.r.p.TestFile    ... success: reloaded. 
2873377    INFO  Test worker     d.u.i.k.p.r.RunAllProofsTestUnit Returning from test arithmetic 
2873384    INFO  Test worker     d.u.i.k.p.r.RunAllProofsTestUnit Running test arrays 
366        INFO  Timeout watchdog d.u.i.k.p.r.p.ForkedTestFileRunner Timeout watcher launched (2000 secs.) 
381        WARN  main            d.u.i.k.s.ProofSettings   The settings in /home/runner/.key/proof-settings.props are *not* read. 
428        INFO  main            d.u.i.k.p.r.p.TestFile    Now processing file /home/runner/work/key/key/key.core/../key.ui/examples/standard_key/arrays/arrayStoreException/array2DimPrim.key 
548        INFO  main            d.u.i.k.p.i.AbstractProblemLoader Loading environment from /home/runner/work/key/key/key.core/../key.ui/examples/standard_key/arrays/arrayStoreException/array2DimPrim.key 
565        DEBUG main            d.u.i.k.p.i.AbstractProblemLoader Environment load took 2.15ms 
849        INFO  main            d.u.i.k.p.i.AbstractProblemLoader Creating init config 
1741       DEBUG main            d.u.i.k.j.TypeConverter   No LDT found for Meta 
1742       DEBUG main            d.u.i.k.j.TypeConverter   No LDT found for Meta 
1743       DEBUG main            d.u.i.k.j.TypeConverter   No LDT found for Meta 
1743       DEBUG main            d.u.i.k.j.TypeConverter   No LDT found for Meta 
3372       DEBUG main            d.u.i.k.j.TypeConverter   No LDT found for JavaBigintExpression 
8423       DEBUG main            d.u.i.k.p.i.AbstractProblemLoader Init config took 7.57s 
8517       INFO  main            d.u.i.k.p.i.AbstractProblemLoader Replaying proof array2DimPrim.key 
8555       DEBUG main            d.u.i.k.p.i.IntermediateProofReplayer Proof replay took 41.5ns 
12502      INFO  main            d.u.i.k.p.r.p.TestFile    ... finished proof: closed. 
12718      INFO  main            d.u.i.k.p.i.AbstractProblemLoader Loading environment from /home/runner/work/key/key/key.core/../key.ui/examples/standard_key/arrays/arrayStoreException/array2DimPrim.key.proof 
12718      DEBUG main            d.u.i.k.p.i.AbstractProblemLoader Environment load took 520.51ns 
12726      INFO  main            d.u.i.k.p.i.AbstractProblemLoader Creating init config 
15600      DEBUG main            d.u.i.k.p.i.AbstractProblemLoader Init config took 2.87s 
15664      INFO  main            d.u.i.k.p.i.AbstractProblemLoader Replaying proof array2DimPrim.key.proof 
16066      DEBUG main            d.u.i.k.p.i.IntermediateProofReplayer Proof replay took 346.99ms 
16082      DEBUG main            d.u.i.k.p.r.p.TestFile    ... success: reloaded. 
16084      INFO  main            d.u.i.k.p.r.p.TestFile    Now processing file /home/runner/work/key/key/key.core/../key.ui/examples/standard_key/arrays/arrayStoreException/arrayStoreKnownDynType.key 
16084      INFO  main            d.u.i.k.p.i.AbstractProblemLoader Loading environment from /home/runner/work/key/key/key.core/../key.ui/examples/standard_key/arrays/arrayStoreException/arrayStoreKnownDynType.key 
16085      DEBUG main            d.u.i.k.p.i.AbstractProblemLoader Environment load took 232.31ns 
16086      INFO  main            d.u.i.k.p.i.AbstractProblemLoader Creating init config 
18756      DEBUG main            d.u.i.k.p.i.AbstractProblemLoader Init config took 2.67s 
18787      INFO  main            d.u.i.k.p.i.AbstractProblemLoader Replaying proof arrayStoreKnownDynType.key 
18790      DEBUG main            d.u.i.k.p.i.IntermediateProofReplayer Proof replay took 10ns 
18993      INFO  main            d.u.i.k.p.r.p.TestFile    ... finished proof: closed. 
19251      INFO  main            d.u.i.k.p.i.AbstractProblemLoader Loading environment from /home/runner/work/key/key/key.core/../key.ui/examples/standard_key/arrays/arrayStoreException/arrayStoreKnownDynType.key.proof 
19251      DEBUG main            d.u.i.k.p.i.AbstractProblemLoader Environment load took 479.11ns 
19253      INFO  main            d.u.i.k.p.i.AbstractProblemLoader Creating init config 
21870      DEBUG main            d.u.i.k.p.i.AbstractProblemLoader Init config took 2.62s 
21897      INFO  main            d.u.i.k.p.i.AbstractProblemLoader Replaying proof arrayStoreKnownDynType.key.proof 
21935      DEBUG main            d.u.i.k.p.i.IntermediateProofReplayer Proof replay took 35.07ms 
21938      DEBUG main            d.u.i.k.p.r.p.TestFile    ... success: reloaded. 
21939      INFO  main            d.u.i.k.p.r.p.TestFile    Now processing file /home/runner/work/key/key/key.core/../key.ui/examples/standard_key/arrays/arrayStoreException/reverseArray.key 
21939      INFO  main            d.u.i.k.p.i.AbstractProblemLoader Loading environment from /home/runner/work/key/key/key.core/../key.ui/examples/standard_key/arrays/arrayStoreException/reverseArray.key 
21939      DEBUG main            d.u.i.k.p.i.AbstractProblemLoader Environment load took 225.1ns 
21941      INFO  main            d.u.i.k.p.i.AbstractProblemLoader Creating init config 
24603      DEBUG main            d.u.i.k.p.i.AbstractProblemLoader Init config took 2.66s 
24629      INFO  main            d.u.i.k.p.i.AbstractProblemLoader Replaying proof reverseArray.key 
24633      DEBUG main            d.u.i.k.p.i.IntermediateProofReplayer Proof replay took 8.5ns 
25346      INFO  main            d.u.i.k.p.r.p.TestFile    ... finished proof: closed. 
25519      INFO  main            d.u.i.k.p.i.AbstractProblemLoader Loading environment from /home/runner/work/key/key/key.core/../key.ui/examples/standard_key/arrays/arrayStoreException/reverseArray.key.proof 
25520      DEBUG main            d.u.i.k.p.i.AbstractProblemLoader Environment load took 488.61ns 
25522      INFO  main            d.u.i.k.p.i.AbstractProblemLoader Creating init config 
28095      DEBUG main            d.u.i.k.p.i.AbstractProblemLoader Init config took 2.57s 
28119      INFO  main            d.u.i.k.p.i.AbstractProblemLoader Replaying proof reverseArray.key.proof 
28234      DEBUG main            d.u.i.k.p.i.IntermediateProofReplayer Proof replay took 107.45ms 
28235      DEBUG main            d.u.i.k.p.r.p.TestFile    ... success: reloaded. 
28237      INFO  main            d.u.i.k.p.r.p.TestFile    Now processing file /home/runner/work/key/key/key.core/../key.ui/examples/standard_key/arrays/arrayStoreException/throwArrayStoreException.key 
28238      INFO  main            d.u.i.k.p.i.AbstractProblemLoader Loading environment from /home/runner/work/key/key/key.core/../key.ui/examples/standard_key/arrays/arrayStoreException/throwArrayStoreException.key 
28238      DEBUG main            d.u.i.k.p.i.AbstractProblemLoader Environment load took 210.6ns 
28239      INFO  main            d.u.i.k.p.i.AbstractProblemLoader Creating init config 
30838      DEBUG main            d.u.i.k.p.i.AbstractProblemLoader Init config took 2.6s 
30860      INFO  main            d.u.i.k.p.i.AbstractProblemLoader Replaying proof throwArrayStoreException.key 
30863      DEBUG main            d.u.i.k.p.i.IntermediateProofReplayer Proof replay took 7ns 
31367      INFO  main            d.u.i.k.p.r.p.TestFile    ... finished proof: closed. 
31569      INFO  main            d.u.i.k.p.i.AbstractProblemLoader Loading environment from /home/runner/work/key/key/key.core/../key.ui/examples/standard_key/arrays/arrayStoreException/throwArrayStoreException.key.proof 
31571      DEBUG main            d.u.i.k.p.i.AbstractProblemLoader Environment load took 1.62ms 
31573      INFO  main            d.u.i.k.p.i.AbstractProblemLoader Creating init config 
34140      DEBUG main            d.u.i.k.p.i.AbstractProblemLoader Init config took 2.57s 
34176      INFO  main            d.u.i.k.p.i.AbstractProblemLoader Replaying proof throwArrayStoreException.key.proof 
34266      DEBUG main            d.u.i.k.p.i.IntermediateProofReplayer Proof replay took 82.84ms 
34268      DEBUG main            d.u.i.k.p.r.p.TestFile    ... success: reloaded. 
34269      INFO  main            d.u.i.k.p.r.p.TestFile    Now processing file /home/runner/work/key/key/key.core/../key.ui/examples/standard_key/arrays/creation/arrayCreation1.key 
34270      INFO  main            d.u.i.k.p.i.AbstractProblemLoader Loading environment from /home/runner/work/key/key/key.core/../key.ui/examples/standard_key/arrays/creation/arrayCreation1.key 
34270      DEBUG main            d.u.i.k.p.i.AbstractProblemLoader Environment load took 113.8ns 
34271      INFO  main            d.u.i.k.p.i.AbstractProblemLoader Creating init config 
36784      DEBUG main            d.u.i.k.p.i.AbstractProblemLoader Init config took 2.51s 
36808      INFO  main            d.u.i.k.p.i.AbstractProblemLoader Replaying proof arrayCreation1.key 
36810      DEBUG main            d.u.i.k.p.i.IntermediateProofReplayer Proof replay took 8.5ns 
37016      INFO  main            d.u.i.k.p.r.p.TestFile    ... finished proof: closed. 
37217      INFO  main            d.u.i.k.p.i.AbstractProblemLoader Loading environment from /home/runner/work/key/key/key.core/../key.ui/examples/standard_key/arrays/creation/arrayCreation1.key.proof 
37218      DEBUG main            d.u.i.k.p.i.AbstractProblemLoader Environment load took 150.6ns 
37219      INFO  main            d.u.i.k.p.i.AbstractProblemLoader Creating init config 
39719      DEBUG main            d.u.i.k.p.i.AbstractProblemLoader Init config took 2.5s 
39743      INFO  main            d.u.i.k.p.i.AbstractProblemLoader Replaying proof arrayCreation1.key.proof 
39778      DEBUG main            d.u.i.k.p.i.IntermediateProofReplayer Proof replay took 32.11ms 
39780      DEBUG main            d.u.i.k.p.r.p.TestFile    ... success: reloaded. 
39781      INFO  main            d.u.i.k.p.r.p.TestFile    Now processing file /home/runner/work/key/key/key.core/../key.ui/examples/standard_key/arrays/arrayStoreException/array2Dim.key 
39781      INFO  main            d.u.i.k.p.i.AbstractProblemLoader Loading environment from /home/runner/work/key/key/key.core/../key.ui/examples/standard_key/arrays/arrayStoreException/array2Dim.key 
39782      DEBUG main            d.u.i.k.p.i.AbstractProblemLoader Environment load took 216.6ns 
39783      INFO  main            d.u.i.k.p.i.AbstractProblemLoader Creating init config 
42364      DEBUG main            d.u.i.k.p.i.AbstractProblemLoader Init config took 2.58s 
42394      INFO  main            d.u.i.k.p.i.AbstractProblemLoader Replaying proof array2Dim.key 
42397      DEBUG main            d.u.i.k.p.i.IntermediateProofReplayer Proof replay took 8.6ns 
46285      INFO  main            d.u.i.k.p.r.p.TestFile    ... finished proof: open goal(s) 
46580      INFO  main            d.u.i.k.p.r.p.TestFile    Now processing file /home/runner/work/key/key/key.core/../key.ui/examples/standard_key/arrays/arrayStoreException/array2DimClose.key 
46580      INFO  main            d.u.i.k.p.i.AbstractProblemLoader Loading environment from /home/runner/work/key/key/key.core/../key.ui/examples/standard_key/arrays/arrayStoreException/array2DimClose.key 
46581      DEBUG main            d.u.i.k.p.i.AbstractProblemLoader Environment load took 276.61ns 
46582      INFO  main            d.u.i.k.p.i.AbstractProblemLoader Creating init config 
49059      DEBUG main            d.u.i.k.p.i.AbstractProblemLoader Init config took 2.48s 
49080      INFO  main            d.u.i.k.p.i.AbstractProblemLoader Replaying proof array2DimClose.key 
49083      DEBUG main            d.u.i.k.p.i.IntermediateProofReplayer Proof replay took 14.4ns 
51561      INFO  main            d.u.i.k.p.r.p.TestFile    ... finished proof: open goal(s) 
51927      INFO  main            d.u.i.k.p.r.p.TestFile    Now processing file /home/runner/work/key/key/key.core/../key.ui/examples/standard_key/arrays/arrayStoreException/throwASEForPrim.key 
51927      INFO  main            d.u.i.k.p.i.AbstractProblemLoader Loading environment from /home/runner/work/key/key/key.core/../key.ui/examples/standard_key/arrays/arrayStoreException/throwASEForPrim.key 
51928      DEBUG main            d.u.i.k.p.i.AbstractProblemLoader Environment load took 87.6ns 
51929      INFO  main            d.u.i.k.p.i.AbstractProblemLoader Creating init config 
54375      DEBUG main            d.u.i.k.p.i.AbstractProblemLoader Init config took 2.45s 
54395      INFO  main            d.u.i.k.p.i.AbstractProblemLoader Replaying proof throwASEForPrim.key 
54397      DEBUG main            d.u.i.k.p.i.IntermediateProofReplayer Proof replay took 8.6ns 
58883      INFO  main            d.u.i.k.p.r.p.TestFile    ... finished proof: open goal(s) 
2932816    INFO  Test worker     d.u.i.k.p.r.RunAllProofsTestUnit Returning from test arrays 
2932817    INFO  Test worker     d.u.i.k.p.r.RunAllProofsTestUnit Running test javadl 
350        INFO  Timeout watchdog d.u.i.k.p.r.p.ForkedTestFileRunner Timeout watcher launched (2000 secs.) 
369        WARN  main            d.u.i.k.s.ProofSettings   The settings in /home/runner/.key/proof-settings.props are *not* read. 
401        INFO  main            d.u.i.k.p.r.p.TestFile    Now processing file /home/runner/work/key/key/key.core/../key.ui/examples/standard_key/instanceCreation/instanceCreation1.key 
541        INFO  main            d.u.i.k.p.i.AbstractProblemLoader Loading environment from /home/runner/work/key/key/key.core/../key.ui/examples/standard_key/instanceCreation/instanceCreation1.key 
558        DEBUG main            d.u.i.k.p.i.AbstractProblemLoader Environment load took 2.16ms 
811        INFO  main            d.u.i.k.p.i.AbstractProblemLoader Creating init config 
1735       DEBUG main            d.u.i.k.j.TypeConverter   No LDT found for Meta 
1736       DEBUG main            d.u.i.k.j.TypeConverter   No LDT found for Meta 
1740       DEBUG main            d.u.i.k.j.TypeConverter   No LDT found for Meta 
1740       DEBUG main            d.u.i.k.j.TypeConverter   No LDT found for Meta 
3045       DEBUG main            d.u.i.k.j.TypeConverter   No LDT found for JavaBigintExpression 
8393       DEBUG main            d.u.i.k.p.i.AbstractProblemLoader Init config took 7.58s 
8460       INFO  main            d.u.i.k.p.i.AbstractProblemLoader Replaying proof instanceCreation1.key 
8495       DEBUG main            d.u.i.k.p.i.IntermediateProofReplayer Proof replay took 39ns 
9538       INFO  main            d.u.i.k.p.r.p.TestFile    ... finished proof: closed. 
9668       INFO  main            d.u.i.k.p.i.AbstractProblemLoader Loading environment from /home/runner/work/key/key/key.core/../key.ui/examples/standard_key/instanceCreation/instanceCreation1.key.proof 
9669       DEBUG main            d.u.i.k.p.i.AbstractProblemLoader Environment load took 1.38ms 
9675       INFO  main            d.u.i.k.p.i.AbstractProblemLoader Creating init config 
12640      DEBUG main            d.u.i.k.p.i.AbstractProblemLoader Init config took 2.96s 
12672      INFO  main            d.u.i.k.p.i.AbstractProblemLoader Replaying proof instanceCreation1.key.proof 
12763      DEBUG main            d.u.i.k.p.i.IntermediateProofReplayer Proof replay took 84.64ms 
12776      DEBUG main            d.u.i.k.p.r.p.TestFile    ... success: reloaded. 
12777      INFO  main            d.u.i.k.p.r.p.TestFile    Now processing file /home/runner/work/key/key/key.core/../key.ui/examples/standard_key/instanceCreation/instanceCreation2.key 
12778      INFO  main            d.u.i.k.p.i.AbstractProblemLoader Loading environment from /home/runner/work/key/key/key.core/../key.ui/examples/standard_key/instanceCreation/instanceCreation2.key 
12778      DEBUG main            d.u.i.k.p.i.AbstractProblemLoader Environment load took 228.81ns 
12780      INFO  main            d.u.i.k.p.i.AbstractProblemLoader Creating init config 
15705      DEBUG main            d.u.i.k.p.i.AbstractProblemLoader Init config took 2.92s 
15737      INFO  main            d.u.i.k.p.i.AbstractProblemLoader Replaying proof instanceCreation2.key 
15739      DEBUG main            d.u.i.k.p.i.IntermediateProofReplayer Proof replay took 9.6ns 
16352      INFO  main            d.u.i.k.p.r.p.TestFile    ... finished proof: closed. 
16544      INFO  main            d.u.i.k.p.i.AbstractProblemLoader Loading environment from /home/runner/work/key/key/key.core/../key.ui/examples/standard_key/instanceCreation/instanceCreation2.key.proof 
16545      DEBUG main            d.u.i.k.p.i.AbstractProblemLoader Environment load took 573.22ns 
16547      INFO  main            d.u.i.k.p.i.AbstractProblemLoader Creating init config 
19338      DEBUG main            d.u.i.k.p.i.AbstractProblemLoader Init config took 2.79s 
19366      INFO  main            d.u.i.k.p.i.AbstractProblemLoader Replaying proof instanceCreation2.key.proof 
19454      DEBUG main            d.u.i.k.p.i.IntermediateProofReplayer Proof replay took 82.12ms 
19455      DEBUG main            d.u.i.k.p.r.p.TestFile    ... success: reloaded. 
19457      INFO  main            d.u.i.k.p.r.p.TestFile    Now processing file /home/runner/work/key/key/key.core/../key.ui/examples/standard_key/instanceCreation/interfacesAndAbstractClassesHaveNoInstances.key 
19457      INFO  main            d.u.i.k.p.i.AbstractProblemLoader Loading environment from /home/runner/work/key/key/key.core/../key.ui/examples/standard_key/instanceCreation/interfacesAndAbstractClassesHaveNoInstances.key 
19457      DEBUG main            d.u.i.k.p.i.AbstractProblemLoader Environment load took 243.51ns 
19459      INFO  main            d.u.i.k.p.i.AbstractProblemLoader Creating init config 
22238      DEBUG main            d.u.i.k.p.i.AbstractProblemLoader Init config took 2.78s 
22261      INFO  main            d.u.i.k.p.i.AbstractProblemLoader Replaying proof interfacesAndAbstractClassesHaveNoInstances.key 
22263      DEBUG main            d.u.i.k.p.i.IntermediateProofReplayer Proof replay took 9.6ns 
22366      INFO  main            d.u.i.k.p.r.p.TestFile    ... finished proof: closed. 
22542      INFO  main            d.u.i.k.p.i.AbstractProblemLoader Loading environment from /home/runner/work/key/key/key.core/../key.ui/examples/standard_key/instanceCreation/interfacesAndAbstractClassesHaveNoInstances.key.proof 
22542      DEBUG main            d.u.i.k.p.i.AbstractProblemLoader Environment load took 150.6ns 
22544      INFO  main            d.u.i.k.p.i.AbstractProblemLoader Creating init config 
25233      DEBUG main            d.u.i.k.p.i.AbstractProblemLoader Init config took 2.69s 
25253      INFO  main            d.u.i.k.p.i.AbstractProblemLoader Replaying proof interfacesAndAbstractClassesHaveNoInstances.key.proof 
25257      DEBUG main            d.u.i.k.p.i.IntermediateProofReplayer Proof replay took 1.27ms 
25258      DEBUG main            d.u.i.k.p.r.p.TestFile    ... success: reloaded. 
25260      INFO  main            d.u.i.k.p.r.p.TestFile    Now processing file /home/runner/work/key/key/key.core/../key.ui/examples/standard_key/instanceCreation/successiveCreatedObjectsAreDistinct.key 
25260      INFO  main            d.u.i.k.p.i.AbstractProblemLoader Loading environment from /home/runner/work/key/key/key.core/../key.ui/examples/standard_key/instanceCreation/successiveCreatedObjectsAreDistinct.key 
25260      DEBUG main            d.u.i.k.p.i.AbstractProblemLoader Environment load took 195.6ns 
25261      INFO  main            d.u.i.k.p.i.AbstractProblemLoader Creating init config 
27952      DEBUG main            d.u.i.k.p.i.AbstractProblemLoader Init config took 2.69s 
27975      INFO  main            d.u.i.k.p.i.AbstractProblemLoader Replaying proof successiveCreatedObjectsAreDistinct.key 
27977      DEBUG main            d.u.i.k.p.i.IntermediateProofReplayer Proof replay took 7.8ns 
28381      INFO  main            d.u.i.k.p.r.p.TestFile    ... finished proof: closed. 
28611      INFO  main            d.u.i.k.p.i.AbstractProblemLoader Loading environment from /home/runner/work/key/key/key.core/../key.ui/examples/standard_key/instanceCreation/successiveCreatedObjectsAreDistinct.key.proof 
28612      DEBUG main            d.u.i.k.p.i.AbstractProblemLoader Environment load took 596.11ns 
28613      INFO  main            d.u.i.k.p.i.AbstractProblemLoader Creating init config 
31294      DEBUG main            d.u.i.k.p.i.AbstractProblemLoader Init config took 2.68s 
31324      INFO  main            d.u.i.k.p.i.AbstractProblemLoader Replaying proof successiveCreatedObjectsAreDistinct.key.proof 
31390      DEBUG main            d.u.i.k.p.i.IntermediateProofReplayer Proof replay took 60.84ms 
31392      DEBUG main            d.u.i.k.p.r.p.TestFile    ... success: reloaded. 
31393      INFO  main            d.u.i.k.p.r.p.TestFile    Now processing file /home/runner/work/key/key/key.core/../key.ui/examples/standard_key/instanceCreation/testOverloadingConstructors.key 
31394      INFO  main            d.u.i.k.p.i.AbstractProblemLoader Loading environment from /home/runner/work/key/key/key.core/../key.ui/examples/standard_key/instanceCreation/testOverloadingConstructors.key 
31394      DEBUG main            d.u.i.k.p.i.AbstractProblemLoader Environment load took 108.6ns 
31395      INFO  main            d.u.i.k.p.i.AbstractProblemLoader Creating init config 
34088      DEBUG main            d.u.i.k.p.i.AbstractProblemLoader Init config took 2.69s 
34110      INFO  main            d.u.i.k.p.i.AbstractProblemLoader Replaying proof testOverloadingConstructors.key 
34112      DEBUG main            d.u.i.k.p.i.IntermediateProofReplayer Proof replay took 10.1ns 
34416      INFO  main            d.u.i.k.p.r.p.TestFile    ... finished proof: closed. 
34624      INFO  main            d.u.i.k.p.i.AbstractProblemLoader Loading environment from /home/runner/work/key/key/key.core/../key.ui/examples/standard_key/instanceCreation/testOverloadingConstructors.key.proof 
34625      DEBUG main            d.u.i.k.p.i.AbstractProblemLoader Environment load took 477.61ns 
34626      INFO  main            d.u.i.k.p.i.AbstractProblemLoader Creating init config 
37289      DEBUG main            d.u.i.k.p.i.AbstractProblemLoader Init config took 2.66s 
37313      INFO  main            d.u.i.k.p.i.AbstractProblemLoader Replaying proof testOverloadingConstructors.key.proof 
37362      DEBUG main            d.u.i.k.p.i.IntermediateProofReplayer Proof replay took 45.82ms 
37364      DEBUG main            d.u.i.k.p.r.p.TestFile    ... success: reloaded. 
37365      INFO  main            d.u.i.k.p.r.p.TestFile    Now processing file /home/runner/work/key/key/key.core/../key.ui/examples/standard_key/java_dl/SimpleAttributes.key 
37365      INFO  main            d.u.i.k.p.i.AbstractProblemLoader Loading environment from /home/runner/work/key/key/key.core/../key.ui/examples/standard_key/java_dl/SimpleAttributes.key 
37366      DEBUG main            d.u.i.k.p.i.AbstractProblemLoader Environment load took 189.6ns 
37367      INFO  main            d.u.i.k.p.i.AbstractProblemLoader Creating init config 
39960      DEBUG main            d.u.i.k.p.i.AbstractProblemLoader Init config took 2.59s 
39982      INFO  main            d.u.i.k.p.i.AbstractProblemLoader Replaying proof SimpleAttributes.key 
39985      DEBUG main            d.u.i.k.p.i.IntermediateProofReplayer Proof replay took 7.4ns 
40191      INFO  main            d.u.i.k.p.r.p.TestFile    ... finished proof: closed. 
40367      INFO  main            d.u.i.k.p.i.AbstractProblemLoader Loading environment from /home/runner/work/key/key/key.core/../key.ui/examples/standard_key/java_dl/SimpleAttributes.key.proof 
40368      DEBUG main            d.u.i.k.p.i.AbstractProblemLoader Environment load took 509.41ns 
40371      INFO  main            d.u.i.k.p.i.AbstractProblemLoader Creating init config 
42935      DEBUG main            d.u.i.k.p.i.AbstractProblemLoader Init config took 2.56s 
42959      INFO  main            d.u.i.k.p.i.AbstractProblemLoader Replaying proof SimpleAttributes.key.proof 
42985      DEBUG main            d.u.i.k.p.i.IntermediateProofReplayer Proof replay took 22.33ms 
42986      DEBUG main            d.u.i.k.p.r.p.TestFile    ... success: reloaded. 
42987      INFO  main            d.u.i.k.p.r.p.TestFile    Now processing file /home/runner/work/key/key/key.core/../key.ui/examples/standard_key/java_dl/arrayMax.key 
42987      INFO  main            d.u.i.k.p.i.AbstractProblemLoader Loading environment from /home/runner/work/key/key/key.core/../key.ui/examples/standard_key/java_dl/arrayMax.key 
42988      DEBUG main            d.u.i.k.p.i.AbstractProblemLoader Environment load took 202.31ns 
42990      INFO  main            d.u.i.k.p.i.AbstractProblemLoader Creating init config 
45625      DEBUG main            d.u.i.k.p.i.AbstractProblemLoader Init config took 2.64s 
45648      INFO  main            d.u.i.k.p.i.AbstractProblemLoader Replaying proof arrayMax.key 
45650      DEBUG main            d.u.i.k.p.i.IntermediateProofReplayer Proof replay took 7.9ns 
46968      INFO  main            d.u.i.k.p.r.p.TestFile    ... finished proof: closed. 
47255      INFO  main            d.u.i.k.p.i.AbstractProblemLoader Loading environment from /home/runner/work/key/key/key.core/../key.ui/examples/standard_key/java_dl/arrayMax.key.proof 
47255      DEBUG main            d.u.i.k.p.i.AbstractProblemLoader Environment load took 760.02ns 
47259      INFO  main            d.u.i.k.p.i.AbstractProblemLoader Creating init config 
49847      DEBUG main            d.u.i.k.p.i.AbstractProblemLoader Init config took 2.59s 
49869      INFO  main            d.u.i.k.p.i.AbstractProblemLoader Replaying proof arrayMax.key.proof 
50076      DEBUG main            d.u.i.k.p.i.IntermediateProofReplayer Proof replay took 197.7ms 
50078      DEBUG main            d.u.i.k.p.r.p.TestFile    ... success: reloaded. 
50079      INFO  main            d.u.i.k.p.r.p.TestFile    Now processing file /home/runner/work/key/key/key.core/../key.ui/examples/standard_key/java_dl/arrayUpdateSimp.key 
50080      INFO  main            d.u.i.k.p.i.AbstractProblemLoader Loading environment from /home/runner/work/key/key/key.core/../key.ui/examples/standard_key/java_dl/arrayUpdateSimp.key 
50080      DEBUG main            d.u.i.k.p.i.AbstractProblemLoader Environment load took 207.41ns 
50083      INFO  main            d.u.i.k.p.i.AbstractProblemLoader Creating init config 
50111      WARN  main            d.u.i.k.j.r.KeYCrossReferenceNameInfo Datatype java.io.PrintStream declared twice: Once in FILE:/home/runner/work/key/key/key.core/../key.ui/examples/standard_key/java_dl/./classpath/PrintStream.java and once in URL:file:/home/runner/work/key/key/key.core/build/resources/main/de/uka/ilkd/key/java/JavaRedux/java/io/PrintStream.java, Keeping one from URL:file:/home/runner/work/key/key/key.core/build/resources/main/de/uka/ilkd/key/java/JavaRedux/java/io/PrintStream.java 
50111      WARN  main            d.u.i.k.j.r.KeYCrossReferenceNameInfo Datatype java.lang.System declared twice: Once in FILE:/home/runner/work/key/key/key.core/../key.ui/examples/standard_key/java_dl/./classpath/System.java and once in URL:file:/home/runner/work/key/key/key.core/build/resources/main/de/uka/ilkd/key/java/JavaRedux/java/lang/System.java, Keeping one from URL:file:/home/runner/work/key/key/key.core/build/resources/main/de/uka/ilkd/key/java/JavaRedux/java/lang/System.java 
50111      WARN  main            d.u.i.k.j.r.KeYCrossReferenceNameInfo Datatype java.io.InputStream declared twice: Once in FILE:/home/runner/work/key/key/key.core/../key.ui/examples/standard_key/java_dl/./classpath/InputStream.java and once in URL:file:/home/runner/work/key/key/key.core/build/resources/main/de/uka/ilkd/key/java/JavaRedux/java/io/InputStream.java, Keeping one from URL:file:/home/runner/work/key/key/key.core/build/resources/main/de/uka/ilkd/key/java/JavaRedux/java/io/InputStream.java 
50118      DEBUG main            d.u.i.k.j.r.ClassFileDeclarationBuilder Parsing: package java.io; public class Closeable { } 
50119      DEBUG main            r.s.KeYCrossReferenceSourceInfo Dynamically created class: java.io.Closeable 
52833      DEBUG main            d.u.i.k.p.i.AbstractProblemLoader Init config took 2.75s 
52856      INFO  main            d.u.i.k.p.i.AbstractProblemLoader Replaying proof arrayUpdateSimp.key 
52857      DEBUG main            d.u.i.k.p.i.IntermediateProofReplayer Proof replay took 10.9ns 
52963      INFO  main            d.u.i.k.p.r.p.TestFile    ... finished proof: closed. 
53198      INFO  main            d.u.i.k.p.i.AbstractProblemLoader Loading environment from /home/runner/work/key/key/key.core/../key.ui/examples/standard_key/java_dl/arrayUpdateSimp.key.proof 
53198      DEBUG main            d.u.i.k.p.i.AbstractProblemLoader Environment load took 150.6ns 
53203      INFO  main            d.u.i.k.p.i.AbstractProblemLoader Creating init config 
53230      WARN  main            d.u.i.k.j.r.KeYCrossReferenceNameInfo Datatype java.io.PrintStream declared twice: Once in FILE:/home/runner/work/key/key/key.core/../key.ui/examples/standard_key/java_dl/classpath/PrintStream.java and once in URL:file:/home/runner/work/key/key/key.core/build/resources/main/de/uka/ilkd/key/java/JavaRedux/java/io/PrintStream.java, Keeping one from URL:file:/home/runner/work/key/key/key.core/build/resources/main/de/uka/ilkd/key/java/JavaRedux/java/io/PrintStream.java 
53230      WARN  main            d.u.i.k.j.r.KeYCrossReferenceNameInfo Datatype java.lang.System declared twice: Once in FILE:/home/runner/work/key/key/key.core/../key.ui/examples/standard_key/java_dl/classpath/System.java and once in URL:file:/home/runner/work/key/key/key.core/build/resources/main/de/uka/ilkd/key/java/JavaRedux/java/lang/System.java, Keeping one from URL:file:/home/runner/work/key/key/key.core/build/resources/main/de/uka/ilkd/key/java/JavaRedux/java/lang/System.java 
53231      WARN  main            d.u.i.k.j.r.KeYCrossReferenceNameInfo Datatype java.io.InputStream declared twice: Once in FILE:/home/runner/work/key/key/key.core/../key.ui/examples/standard_key/java_dl/classpath/InputStream.java and once in URL:file:/home/runner/work/key/key/key.core/build/resources/main/de/uka/ilkd/key/java/JavaRedux/java/io/InputStream.java, Keeping one from URL:file:/home/runner/work/key/key/key.core/build/resources/main/de/uka/ilkd/key/java/JavaRedux/java/io/InputStream.java 
53234      DEBUG main            d.u.i.k.j.r.ClassFileDeclarationBuilder Parsing: package java.io; public class Closeable { } 
53235      DEBUG main            r.s.KeYCrossReferenceSourceInfo Dynamically created class: java.io.Closeable 
55796      DEBUG main            d.u.i.k.p.i.AbstractProblemLoader Init config took 2.59s 
55819      INFO  main            d.u.i.k.p.i.AbstractProblemLoader Replaying proof arrayUpdateSimp.key.proof 
55821      DEBUG main            d.u.i.k.p.i.IntermediateProofReplayer Proof replay took 678.02ns 
55823      DEBUG main            d.u.i.k.p.r.p.TestFile    ... success: reloaded. 
55824      INFO  main            d.u.i.k.p.r.p.TestFile    Now processing file /home/runner/work/key/key/key.core/../key.ui/examples/standard_key/java_dl/attributes.key 
55824      INFO  main            d.u.i.k.p.i.AbstractProblemLoader Loading environment from /home/runner/work/key/key/key.core/../key.ui/examples/standard_key/java_dl/attributes.key 
55824      DEBUG main            d.u.i.k.p.i.AbstractProblemLoader Environment load took 106.1ns 
55825      INFO  main            d.u.i.k.p.i.AbstractProblemLoader Creating init config 
58479      DEBUG main            d.u.i.k.p.i.AbstractProblemLoader Init config took 2.65s 
58499      INFO  main            d.u.i.k.p.i.AbstractProblemLoader Replaying proof attributes.key 
58501      DEBUG main            d.u.i.k.p.i.IntermediateProofReplayer Proof replay took 8.9ns 
58705      INFO  main            d.u.i.k.p.r.p.TestFile    ... finished proof: closed. 
59005      INFO  main            d.u.i.k.p.i.AbstractProblemLoader Loading environment from /home/runner/work/key/key/key.core/../key.ui/examples/standard_key/java_dl/attributes.key.proof 
59006      DEBUG main            d.u.i.k.p.i.AbstractProblemLoader Environment load took 155.2ns 
59007      INFO  main            d.u.i.k.p.i.AbstractProblemLoader Creating init config 
61617      DEBUG main            d.u.i.k.p.i.AbstractProblemLoader Init config took 2.61s 
61636      INFO  main            d.u.i.k.p.i.AbstractProblemLoader Replaying proof attributes.key.proof 
61673      DEBUG main            d.u.i.k.p.i.IntermediateProofReplayer Proof replay took 33.91ms 
61674      DEBUG main            d.u.i.k.p.r.p.TestFile    ... success: reloaded. 
61675      INFO  main            d.u.i.k.p.r.p.TestFile    Now processing file /home/runner/work/key/key/key.core/../key.ui/examples/standard_key/java_dl/break.key 
61675      INFO  main            d.u.i.k.p.i.AbstractProblemLoader Loading environment from /home/runner/work/key/key/key.core/../key.ui/examples/standard_key/java_dl/break.key 
61675      DEBUG main            d.u.i.k.p.i.AbstractProblemLoader Environment load took 141.5ns 
61676      INFO  main            d.u.i.k.p.i.AbstractProblemLoader Creating init config 
61699      WARN  main            d.u.i.k.j.r.KeYCrossReferenceNameInfo Datatype java.io.PrintStream declared twice: Once in FILE:/home/runner/work/key/key/key.core/../key.ui/examples/standard_key/java_dl/classpath/PrintStream.java and once in URL:file:/home/runner/work/key/key/key.core/build/resources/main/de/uka/ilkd/key/java/JavaRedux/java/io/PrintStream.java, Keeping one from URL:file:/home/runner/work/key/key/key.core/build/resources/main/de/uka/ilkd/key/java/JavaRedux/java/io/PrintStream.java 
61700      WARN  main            d.u.i.k.j.r.KeYCrossReferenceNameInfo Datatype java.lang.System declared twice: Once in FILE:/home/runner/work/key/key/key.core/../key.ui/examples/standard_key/java_dl/classpath/System.java and once in URL:file:/home/runner/work/key/key/key.core/build/resources/main/de/uka/ilkd/key/java/JavaRedux/java/lang/System.java, Keeping one from URL:file:/home/runner/work/key/key/key.core/build/resources/main/de/uka/ilkd/key/java/JavaRedux/java/lang/System.java 
61700      WARN  main            d.u.i.k.j.r.KeYCrossReferenceNameInfo Datatype java.io.InputStream declared twice: Once in FILE:/home/runner/work/key/key/key.core/../key.ui/examples/standard_key/java_dl/classpath/InputStream.java and once in URL:file:/home/runner/work/key/key/key.core/build/resources/main/de/uka/ilkd/key/java/JavaRedux/java/io/InputStream.java, Keeping one from URL:file:/home/runner/work/key/key/key.core/build/resources/main/de/uka/ilkd/key/java/JavaRedux/java/io/InputStream.java 
61703      DEBUG main            d.u.i.k.j.r.ClassFileDeclarationBuilder Parsing: package java.io; public class Closeable { } 
61703      DEBUG main            r.s.KeYCrossReferenceSourceInfo Dynamically created class: java.io.Closeable 
64319      DEBUG main            d.u.i.k.p.i.AbstractProblemLoader Init config took 2.64s 
64340      INFO  main            d.u.i.k.p.i.AbstractProblemLoader Replaying proof break.key 
64342      DEBUG main            d.u.i.k.p.i.IntermediateProofReplayer Proof replay took 11ns 
64444      INFO  main            d.u.i.k.p.r.p.TestFile    ... finished proof: closed. 
64661      INFO  main            d.u.i.k.p.i.AbstractProblemLoader Loading environment from /home/runner/work/key/key/key.core/../key.ui/examples/standard_key/java_dl/break.key.proof 
64661      DEBUG main            d.u.i.k.p.i.AbstractProblemLoader Environment load took 141ns 
64662      INFO  main            d.u.i.k.p.i.AbstractProblemLoader Creating init config 
64687      WARN  main            d.u.i.k.j.r.KeYCrossReferenceNameInfo Datatype java.io.PrintStream declared twice: Once in FILE:/home/runner/work/key/key/key.core/../key.ui/examples/standard_key/java_dl/classpath/PrintStream.java and once in URL:file:/home/runner/work/key/key/key.core/build/resources/main/de/uka/ilkd/key/java/JavaRedux/java/io/PrintStream.java, Keeping one from URL:file:/home/runner/work/key/key/key.core/build/resources/main/de/uka/ilkd/key/java/JavaRedux/java/io/PrintStream.java 
64687      WARN  main            d.u.i.k.j.r.KeYCrossReferenceNameInfo Datatype java.lang.System declared twice: Once in FILE:/home/runner/work/key/key/key.core/../key.ui/examples/standard_key/java_dl/classpath/System.java and once in URL:file:/home/runner/work/key/key/key.core/build/resources/main/de/uka/ilkd/key/java/JavaRedux/java/lang/System.java, Keeping one from URL:file:/home/runner/work/key/key/key.core/build/resources/main/de/uka/ilkd/key/java/JavaRedux/java/lang/System.java 
64687      WARN  main            d.u.i.k.j.r.KeYCrossReferenceNameInfo Datatype java.io.InputStream declared twice: Once in FILE:/home/runner/work/key/key/key.core/../key.ui/examples/standard_key/java_dl/classpath/InputStream.java and once in URL:file:/home/runner/work/key/key/key.core/build/resources/main/de/uka/ilkd/key/java/JavaRedux/java/io/InputStream.java, Keeping one from URL:file:/home/runner/work/key/key/key.core/build/resources/main/de/uka/ilkd/key/java/JavaRedux/java/io/InputStream.java 
64692      DEBUG main            d.u.i.k.j.r.ClassFileDeclarationBuilder Parsing: package java.io; public class Closeable { } 
64692      DEBUG main            r.s.KeYCrossReferenceSourceInfo Dynamically created class: java.io.Closeable 
67315      DEBUG main            d.u.i.k.p.i.AbstractProblemLoader Init config took 2.65s 
67334      INFO  main            d.u.i.k.p.i.AbstractProblemLoader Replaying proof break.key.proof 
67344      DEBUG main            d.u.i.k.p.i.IntermediateProofReplayer Proof replay took 7.69ms 
67345      DEBUG main            d.u.i.k.p.r.p.TestFile    ... success: reloaded. 
67347      INFO  main            d.u.i.k.p.r.p.TestFile    Now processing file /home/runner/work/key/key/key.core/../key.ui/examples/standard_key/java_dl/char.key 
67347      INFO  main            d.u.i.k.p.i.AbstractProblemLoader Loading environment from /home/runner/work/key/key/key.core/../key.ui/examples/standard_key/java_dl/char.key 
67347      DEBUG main            d.u.i.k.p.i.AbstractProblemLoader Environment load took 201.91ns 
67349      INFO  main            d.u.i.k.p.i.AbstractProblemLoader Creating init config 
69894      DEBUG main            d.u.i.k.p.i.AbstractProblemLoader Init config took 2.55s 
69920      INFO  main            d.u.i.k.p.i.AbstractProblemLoader Replaying proof char.key 
69922      DEBUG main            d.u.i.k.p.i.IntermediateProofReplayer Proof replay took 9.4ns 
70025      INFO  main            d.u.i.k.p.r.p.TestFile    ... finished proof: closed. 
70295      INFO  main            d.u.i.k.p.i.AbstractProblemLoader Loading environment from /home/runner/work/key/key/key.core/../key.ui/examples/standard_key/java_dl/char.key.proof 
70295      DEBUG main            d.u.i.k.p.i.AbstractProblemLoader Environment load took 142.3ns 
70297      INFO  main            d.u.i.k.p.i.AbstractProblemLoader Creating init config 
72841      DEBUG main            d.u.i.k.p.i.AbstractProblemLoader Init config took 2.54s 
72858      INFO  main            d.u.i.k.p.i.AbstractProblemLoader Replaying proof char.key.proof 
72863      DEBUG main            d.u.i.k.p.i.IntermediateProofReplayer Proof replay took 2.6ms 
72864      DEBUG main            d.u.i.k.p.r.p.TestFile    ... success: reloaded. 
72864      INFO  main            d.u.i.k.p.r.p.TestFile    Now processing file /home/runner/work/key/key/key.core/../key.ui/examples/standard_key/java_dl/compileTimeConstants.key 
72865      INFO  main            d.u.i.k.p.i.AbstractProblemLoader Loading environment from /home/runner/work/key/key/key.core/../key.ui/examples/standard_key/java_dl/compileTimeConstants.key 
72865      DEBUG main            d.u.i.k.p.i.AbstractProblemLoader Environment load took 100.4ns 
72866      INFO  main            d.u.i.k.p.i.AbstractProblemLoader Creating init config 
75578      DEBUG main            d.u.i.k.p.i.AbstractProblemLoader Init config took 2.71s 
75598      INFO  main            d.u.i.k.p.i.AbstractProblemLoader Replaying proof compileTimeConstants.key 
75600      DEBUG main            d.u.i.k.p.i.IntermediateProofReplayer Proof replay took 9.7ns 
75706      INFO  main            d.u.i.k.p.r.p.TestFile    ... finished proof: closed. 
75925      INFO  main            d.u.i.k.p.i.AbstractProblemLoader Loading environment from /home/runner/work/key/key/key.core/../key.ui/examples/standard_key/java_dl/compileTimeConstants.key.proof 
75925      DEBUG main            d.u.i.k.p.i.AbstractProblemLoader Environment load took 142.1ns 
75926      INFO  main            d.u.i.k.p.i.AbstractProblemLoader Creating init config 
78466      DEBUG main            d.u.i.k.p.i.AbstractProblemLoader Init config took 2.54s 
78482      INFO  main            d.u.i.k.p.i.AbstractProblemLoader Replaying proof compileTimeConstants.key.proof 
78495      DEBUG main            d.u.i.k.p.i.IntermediateProofReplayer Proof replay took 10.29ms 
78496      DEBUG main            d.u.i.k.p.r.p.TestFile    ... success: reloaded. 
78497      INFO  main            d.u.i.k.p.r.p.TestFile    Now processing file /home/runner/work/key/key/key.core/../key.ui/examples/standard_key/java_dl/constructorException/test.key 
78497      INFO  main            d.u.i.k.p.i.AbstractProblemLoader Loading environment from /home/runner/work/key/key/key.core/../key.ui/examples/standard_key/java_dl/constructorException/test.key 
78497      DEBUG main            d.u.i.k.p.i.AbstractProblemLoader Environment load took 99.4ns 
78498      INFO  main            d.u.i.k.p.i.AbstractProblemLoader Creating init config 
81117      DEBUG main            d.u.i.k.p.i.AbstractProblemLoader Init config took 2.62s 
81221      INFO  main            d.u.i.k.p.i.AbstractProblemLoader Replaying proof Test[Test::Test(int)].JML operation contract.0 
81222      DEBUG main            d.u.i.k.p.i.IntermediateProofReplayer Proof replay took 7.6ns 
81525      INFO  main            d.u.i.k.p.r.p.TestFile    ... finished proof: closed. 
81854      INFO  main            d.u.i.k.p.i.AbstractProblemLoader Loading environment from /home/runner/work/key/key/key.core/../key.ui/examples/standard_key/java_dl/constructorException/test.key.proof 
81855      DEBUG main            d.u.i.k.p.i.AbstractProblemLoader Environment load took 640.62ns 
81857      INFO  main            d.u.i.k.p.i.AbstractProblemLoader Creating init config 
84462      DEBUG main            d.u.i.k.p.i.AbstractProblemLoader Init config took 2.61s 
84509      INFO  main            d.u.i.k.p.i.AbstractProblemLoader Replaying proof Test[Test::Test(int)].JML operation contract.0 
84562      DEBUG main            d.u.i.k.p.i.IntermediateProofReplayer Proof replay took 49.7ms 
84563      DEBUG main            d.u.i.k.p.r.p.TestFile    ... success: reloaded. 
84565      INFO  main            d.u.i.k.p.r.p.TestFile    Now processing file /home/runner/work/key/key/key.core/../key.ui/examples/standard_key/java_dl/constructorException/regressionTestBug1333.key 
84565      INFO  main            d.u.i.k.p.i.AbstractProblemLoader Loading environment from /home/runner/work/key/key/key.core/../key.ui/examples/standard_key/java_dl/constructorException/regressionTestBug1333.key 
84565      DEBUG main            d.u.i.k.p.i.AbstractProblemLoader Environment load took 207ns 
84566      INFO  main            d.u.i.k.p.i.AbstractProblemLoader Creating init config 
87253      DEBUG main            d.u.i.k.p.i.AbstractProblemLoader Init config took 2.69s 
87293      INFO  main            d.u.i.k.p.i.AbstractProblemLoader Replaying proof False[False::False()].JML normal_behavior operation contract.0 
87296      DEBUG main            d.u.i.k.p.i.IntermediateProofReplayer Proof replay took 7.5ns 
87399      INFO  main            d.u.i.k.p.r.p.TestFile    ... finished proof: open goal(s) 
87653      INFO  main            d.u.i.k.p.r.p.TestFile    Now processing file /home/runner/work/key/key/key.core/../key.ui/examples/standard_key/java_dl/continue1.key 
87654      INFO  main            d.u.i.k.p.i.AbstractProblemLoader Loading environment from /home/runner/work/key/key/key.core/../key.ui/examples/standard_key/java_dl/continue1.key 
87654      DEBUG main            d.u.i.k.p.i.AbstractProblemLoader Environment load took 132.9ns 
87656      INFO  main            d.u.i.k.p.i.AbstractProblemLoader Creating init config 
87679      WARN  main            d.u.i.k.j.r.KeYCrossReferenceNameInfo Datatype java.io.PrintStream declared twice: Once in FILE:/home/runner/work/key/key/key.core/../key.ui/examples/standard_key/java_dl/classpath/PrintStream.java and once in URL:file:/home/runner/work/key/key/key.core/build/resources/main/de/uka/ilkd/key/java/JavaRedux/java/io/PrintStream.java, Keeping one from URL:file:/home/runner/work/key/key/key.core/build/resources/main/de/uka/ilkd/key/java/JavaRedux/java/io/PrintStream.java 
87680      WARN  main            d.u.i.k.j.r.KeYCrossReferenceNameInfo Datatype java.lang.System declared twice: Once in FILE:/home/runner/work/key/key/key.core/../key.ui/examples/standard_key/java_dl/classpath/System.java and once in URL:file:/home/runner/work/key/key/key.core/build/resources/main/de/uka/ilkd/key/java/JavaRedux/java/lang/System.java, Keeping one from URL:file:/home/runner/work/key/key/key.core/build/resources/main/de/uka/ilkd/key/java/JavaRedux/java/lang/System.java 
87680      WARN  main            d.u.i.k.j.r.KeYCrossReferenceNameInfo Datatype java.io.InputStream declared twice: Once in FILE:/home/runner/work/key/key/key.core/../key.ui/examples/standard_key/java_dl/classpath/InputStream.java and once in URL:file:/home/runner/work/key/key/key.core/build/resources/main/de/uka/ilkd/key/java/JavaRedux/java/io/InputStream.java, Keeping one from URL:file:/home/runner/work/key/key/key.core/build/resources/main/de/uka/ilkd/key/java/JavaRedux/java/io/InputStream.java 
87683      DEBUG main            d.u.i.k.j.r.ClassFileDeclarationBuilder Parsing: package java.io; public class Closeable { } 
87683      DEBUG main            r.s.KeYCrossReferenceSourceInfo Dynamically created class: java.io.Closeable 
90213      DEBUG main            d.u.i.k.p.i.AbstractProblemLoader Init config took 2.56s 
90229      INFO  main            d.u.i.k.p.i.AbstractProblemLoader Replaying proof continue1.key 
90232      DEBUG main            d.u.i.k.p.i.IntermediateProofReplayer Proof replay took 8.6ns 
90334      INFO  main            d.u.i.k.p.r.p.TestFile    ... finished proof: closed. 
90556      INFO  main            d.u.i.k.p.i.AbstractProblemLoader Loading environment from /home/runner/work/key/key/key.core/../key.ui/examples/standard_key/java_dl/continue1.key.proof 
90556      DEBUG main            d.u.i.k.p.i.AbstractProblemLoader Environment load took 191.71ns 
90558      INFO  main            d.u.i.k.p.i.AbstractProblemLoader Creating init config 
90593      WARN  main            d.u.i.k.j.r.KeYCrossReferenceNameInfo Datatype java.io.PrintStream declared twice: Once in FILE:/home/runner/work/key/key/key.core/../key.ui/examples/standard_key/java_dl/classpath/PrintStream.java and once in URL:file:/home/runner/work/key/key/key.core/build/resources/main/de/uka/ilkd/key/java/JavaRedux/java/io/PrintStream.java, Keeping one from URL:file:/home/runner/work/key/key/key.core/build/resources/main/de/uka/ilkd/key/java/JavaRedux/java/io/PrintStream.java 
90602      WARN  main            d.u.i.k.j.r.KeYCrossReferenceNameInfo Datatype java.lang.System declared twice: Once in FILE:/home/runner/work/key/key/key.core/../key.ui/examples/standard_key/java_dl/classpath/System.java and once in URL:file:/home/runner/work/key/key/key.core/build/resources/main/de/uka/ilkd/key/java/JavaRedux/java/lang/System.java, Keeping one from URL:file:/home/runner/work/key/key/key.core/build/resources/main/de/uka/ilkd/key/java/JavaRedux/java/lang/System.java 
90602      WARN  main            d.u.i.k.j.r.KeYCrossReferenceNameInfo Datatype java.io.InputStream declared twice: Once in FILE:/home/runner/work/key/key/key.core/../key.ui/examples/standard_key/java_dl/classpath/InputStream.java and once in URL:file:/home/runner/work/key/key/key.core/build/resources/main/de/uka/ilkd/key/java/JavaRedux/java/io/InputStream.java, Keeping one from URL:file:/home/runner/work/key/key/key.core/build/resources/main/de/uka/ilkd/key/java/JavaRedux/java/io/InputStream.java 
90605      DEBUG main            d.u.i.k.j.r.ClassFileDeclarationBuilder Parsing: package java.io; public class Closeable { } 
90612      DEBUG main            r.s.KeYCrossReferenceSourceInfo Dynamically created class: java.io.Closeable 
93138      DEBUG main            d.u.i.k.p.i.AbstractProblemLoader Init config took 2.58s 
93154      INFO  main            d.u.i.k.p.i.AbstractProblemLoader Replaying proof continue1.key.proof 
93173      DEBUG main            d.u.i.k.p.i.IntermediateProofReplayer Proof replay took 16.19ms 
93175      DEBUG main            d.u.i.k.p.r.p.TestFile    ... success: reloaded. 
93176      INFO  main            d.u.i.k.p.r.p.TestFile    Now processing file /home/runner/work/key/key/key.core/../key.ui/examples/standard_key/java_dl/continue2.key 
93176      INFO  main            d.u.i.k.p.i.AbstractProblemLoader Loading environment from /home/runner/work/key/key/key.core/../key.ui/examples/standard_key/java_dl/continue2.key 
93177      DEBUG main            d.u.i.k.p.i.AbstractProblemLoader Environment load took 103.8ns 
93178      INFO  main            d.u.i.k.p.i.AbstractProblemLoader Creating init config 
93200      WARN  main            d.u.i.k.j.r.KeYCrossReferenceNameInfo Datatype java.io.PrintStream declared twice: Once in FILE:/home/runner/work/key/key/key.core/../key.ui/examples/standard_key/java_dl/classpath/PrintStream.java and once in URL:file:/home/runner/work/key/key/key.core/build/resources/main/de/uka/ilkd/key/java/JavaRedux/java/io/PrintStream.java, Keeping one from URL:file:/home/runner/work/key/key/key.core/build/resources/main/de/uka/ilkd/key/java/JavaRedux/java/io/PrintStream.java 
93201      WARN  main            d.u.i.k.j.r.KeYCrossReferenceNameInfo Datatype java.lang.System declared twice: Once in FILE:/home/runner/work/key/key/key.core/../key.ui/examples/standard_key/java_dl/classpath/System.java and once in URL:file:/home/runner/work/key/key/key.core/build/resources/main/de/uka/ilkd/key/java/JavaRedux/java/lang/System.java, Keeping one from URL:file:/home/runner/work/key/key/key.core/build/resources/main/de/uka/ilkd/key/java/JavaRedux/java/lang/System.java 
93201      WARN  main            d.u.i.k.j.r.KeYCrossReferenceNameInfo Datatype java.io.InputStream declared twice: Once in FILE:/home/runner/work/key/key/key.core/../key.ui/examples/standard_key/java_dl/classpath/InputStream.java and once in URL:file:/home/runner/work/key/key/key.core/build/resources/main/de/uka/ilkd/key/java/JavaRedux/java/io/InputStream.java, Keeping one from URL:file:/home/runner/work/key/key/key.core/build/resources/main/de/uka/ilkd/key/java/JavaRedux/java/io/InputStream.java 
93204      DEBUG main            d.u.i.k.j.r.ClassFileDeclarationBuilder Parsing: package java.io; public class Closeable { } 
93204      DEBUG main            r.s.KeYCrossReferenceSourceInfo Dynamically created class: java.io.Closeable 
95775      DEBUG main            d.u.i.k.p.i.AbstractProblemLoader Init config took 2.6s 
95791      INFO  main            d.u.i.k.p.i.AbstractProblemLoader Replaying proof continue2.key 
95794      DEBUG main            d.u.i.k.p.i.IntermediateProofReplayer Proof replay took 10.1ns 
96099      INFO  main            d.u.i.k.p.r.p.TestFile    ... finished proof: closed. 
96376      INFO  main            d.u.i.k.p.i.AbstractProblemLoader Loading environment from /home/runner/work/key/key/key.core/../key.ui/examples/standard_key/java_dl/continue2.key.proof 
96377      DEBUG main            d.u.i.k.p.i.AbstractProblemLoader Environment load took 1.38ms 
96378      INFO  main            d.u.i.k.p.i.AbstractProblemLoader Creating init config 
96403      WARN  main            d.u.i.k.j.r.KeYCrossReferenceNameInfo Datatype java.io.PrintStream declared twice: Once in FILE:/home/runner/work/key/key/key.core/../key.ui/examples/standard_key/java_dl/classpath/PrintStream.java and once in URL:file:/home/runner/work/key/key/key.core/build/resources/main/de/uka/ilkd/key/java/JavaRedux/java/io/PrintStream.java, Keeping one from URL:file:/home/runner/work/key/key/key.core/build/resources/main/de/uka/ilkd/key/java/JavaRedux/java/io/PrintStream.java 
96404      WARN  main            d.u.i.k.j.r.KeYCrossReferenceNameInfo Datatype java.lang.System declared twice: Once in FILE:/home/runner/work/key/key/key.core/../key.ui/examples/standard_key/java_dl/classpath/System.java and once in URL:file:/home/runner/work/key/key/key.core/build/resources/main/de/uka/ilkd/key/java/JavaRedux/java/lang/System.java, Keeping one from URL:file:/home/runner/work/key/key/key.core/build/resources/main/de/uka/ilkd/key/java/JavaRedux/java/lang/System.java 
96404      WARN  main            d.u.i.k.j.r.KeYCrossReferenceNameInfo Datatype java.io.InputStream declared twice: Once in FILE:/home/runner/work/key/key/key.core/../key.ui/examples/standard_key/java_dl/classpath/InputStream.java and once in URL:file:/home/runner/work/key/key/key.core/build/resources/main/de/uka/ilkd/key/java/JavaRedux/java/io/InputStream.java, Keeping one from URL:file:/home/runner/work/key/key/key.core/build/resources/main/de/uka/ilkd/key/java/JavaRedux/java/io/InputStream.java 
96407      DEBUG main            d.u.i.k.j.r.ClassFileDeclarationBuilder Parsing: package java.io; public class Closeable { } 
96408      DEBUG main            r.s.KeYCrossReferenceSourceInfo Dynamically created class: java.io.Closeable 
98897      DEBUG main            d.u.i.k.p.i.AbstractProblemLoader Init config took 2.52s 
98913      INFO  main            d.u.i.k.p.i.AbstractProblemLoader Replaying proof continue2.key.proof 
98982      DEBUG main            d.u.i.k.p.i.IntermediateProofReplayer Proof replay took 65.34ms 
98983      DEBUG main            d.u.i.k.p.r.p.TestFile    ... success: reloaded. 
98985      INFO  main            d.u.i.k.p.r.p.TestFile    Now processing file /home/runner/work/key/key/key.core/../key.ui/examples/standard_key/java_dl/complexAssignment.key 
98986      INFO  main            d.u.i.k.p.i.AbstractProblemLoader Loading environment from /home/runner/work/key/key/key.core/../key.ui/examples/standard_key/java_dl/complexAssignment.key 
98986      DEBUG main            d.u.i.k.p.i.AbstractProblemLoader Environment load took 173.8ns 
98987      INFO  main            d.u.i.k.p.i.AbstractProblemLoader Creating init config 
101538     DEBUG main            d.u.i.k.p.i.AbstractProblemLoader Init config took 2.55s 
101553     INFO  main            d.u.i.k.p.i.AbstractProblemLoader Replaying proof complexAssignment.key 
101555     DEBUG main            d.u.i.k.p.i.IntermediateProofReplayer Proof replay took 8.5ns 
101658     INFO  main            d.u.i.k.p.r.p.TestFile    ... finished proof: closed. 
101913     INFO  main            d.u.i.k.p.i.AbstractProblemLoader Loading environment from /home/runner/work/key/key/key.core/../key.ui/examples/standard_key/java_dl/complexAssignment.key.proof 
101913     DEBUG main            d.u.i.k.p.i.AbstractProblemLoader Environment load took 121.4ns 
101914     INFO  main            d.u.i.k.p.i.AbstractProblemLoader Creating init config 
104371     DEBUG main            d.u.i.k.p.i.AbstractProblemLoader Init config took 2.46s 
104387     INFO  main            d.u.i.k.p.i.AbstractProblemLoader Replaying proof complexAssignment.key.proof 
104397     DEBUG main            d.u.i.k.p.i.IntermediateProofReplayer Proof replay took 8.72ms 
104398     DEBUG main            d.u.i.k.p.r.p.TestFile    ... success: reloaded. 
104400     INFO  main            d.u.i.k.p.r.p.TestFile    Now processing file /home/runner/work/key/key/key.core/../key.ui/examples/standard_key/java_dl/danglingElseSolution1.key 
104400     INFO  main            d.u.i.k.p.i.AbstractProblemLoader Loading environment from /home/runner/work/key/key/key.core/../key.ui/examples/standard_key/java_dl/danglingElseSolution1.key 
104400     DEBUG main            d.u.i.k.p.i.AbstractProblemLoader Environment load took 66.1ns 
104401     INFO  main            d.u.i.k.p.i.AbstractProblemLoader Creating init config 
106937     DEBUG main            d.u.i.k.p.i.AbstractProblemLoader Init config took 2.54s 
106952     INFO  main            d.u.i.k.p.i.AbstractProblemLoader Replaying proof danglingElseSolution1.key 
106954     DEBUG main            d.u.i.k.p.i.IntermediateProofReplayer Proof replay took 9.3ns 
107058     INFO  main            d.u.i.k.p.r.p.TestFile    ... finished proof: closed. 
107324     INFO  main            d.u.i.k.p.i.AbstractProblemLoader Loading environment from /home/runner/work/key/key/key.core/../key.ui/examples/standard_key/java_dl/danglingElseSolution1.key.proof 
107324     DEBUG main            d.u.i.k.p.i.AbstractProblemLoader Environment load took 127.1ns 
107325     INFO  main            d.u.i.k.p.i.AbstractProblemLoader Creating init config 
109796     DEBUG main            d.u.i.k.p.i.AbstractProblemLoader Init config took 2.47s 
109812     INFO  main            d.u.i.k.p.i.AbstractProblemLoader Replaying proof danglingElseSolution1.key.proof 
109833     DEBUG main            d.u.i.k.p.i.IntermediateProofReplayer Proof replay took 16.17ms 
109835     DEBUG main            d.u.i.k.p.r.p.TestFile    ... success: reloaded. 
109836     INFO  main            d.u.i.k.p.r.p.TestFile    Now processing file /home/runner/work/key/key/key.core/../key.ui/examples/standard_key/java_dl/danglingElseSolution2.key 
109836     INFO  main            d.u.i.k.p.i.AbstractProblemLoader Loading environment from /home/runner/work/key/key/key.core/../key.ui/examples/standard_key/java_dl/danglingElseSolution2.key 
109837     DEBUG main            d.u.i.k.p.i.AbstractProblemLoader Environment load took 186.4ns 
109838     INFO  main            d.u.i.k.p.i.AbstractProblemLoader Creating init config 
112399     DEBUG main            d.u.i.k.p.i.AbstractProblemLoader Init config took 2.56s 
112416     INFO  main            d.u.i.k.p.i.AbstractProblemLoader Replaying proof danglingElseSolution2.key 
112418     DEBUG main            d.u.i.k.p.i.IntermediateProofReplayer Proof replay took 8.7ns 
112522     INFO  main            d.u.i.k.p.r.p.TestFile    ... finished proof: closed. 
112790     INFO  main            d.u.i.k.p.i.AbstractProblemLoader Loading environment from /home/runner/work/key/key/key.core/../key.ui/examples/standard_key/java_dl/danglingElseSolution2.key.proof 
112790     DEBUG main            d.u.i.k.p.i.AbstractProblemLoader Environment load took 127.9ns 
112791     INFO  main            d.u.i.k.p.i.AbstractProblemLoader Creating init config 
115273     DEBUG main            d.u.i.k.p.i.AbstractProblemLoader Init config took 2.48s 
115289     INFO  main            d.u.i.k.p.i.AbstractProblemLoader Replaying proof danglingElseSolution2.key.proof 
115312     DEBUG main            d.u.i.k.p.i.IntermediateProofReplayer Proof replay took 18.6ms 
115315     DEBUG main            d.u.i.k.p.r.p.TestFile    ... success: reloaded. 
115316     INFO  main            d.u.i.k.p.r.p.TestFile    Now processing file /home/runner/work/key/key/key.core/../key.ui/examples/standard_key/java_dl/deepNonNull/deepNonNull0.key 
115316     INFO  main            d.u.i.k.p.i.AbstractProblemLoader Loading environment from /home/runner/work/key/key/key.core/../key.ui/examples/standard_key/java_dl/deepNonNull/deepNonNull0.key 
115317     DEBUG main            d.u.i.k.p.i.AbstractProblemLoader Environment load took 135.4ns 
115318     INFO  main            d.u.i.k.p.i.AbstractProblemLoader Creating init config 
117918     DEBUG main            d.u.i.k.p.i.AbstractProblemLoader Init config took 2.6s 
117959     INFO  main            d.u.i.k.p.i.AbstractProblemLoader Replaying proof Arrays[Arrays::get()].JML operation contract.0 
117960     DEBUG main            d.u.i.k.p.i.IntermediateProofReplayer Proof replay took 7.2ns 
118163     INFO  main            d.u.i.k.p.r.p.TestFile    ... finished proof: closed. 
118433     INFO  main            d.u.i.k.p.i.AbstractProblemLoader Loading environment from /home/runner/work/key/key/key.core/../key.ui/examples/standard_key/java_dl/deepNonNull/deepNonNull0.key.proof 
118433     DEBUG main            d.u.i.k.p.i.AbstractProblemLoader Environment load took 151ns 
118434     INFO  main            d.u.i.k.p.i.AbstractProblemLoader Creating init config 
120977     DEBUG main            d.u.i.k.p.i.AbstractProblemLoader Init config took 2.54s 
121031     INFO  main            d.u.i.k.p.i.AbstractProblemLoader Replaying proof Arrays[Arrays::get()].JML operation contract.0 
121062     DEBUG main            d.u.i.k.p.i.IntermediateProofReplayer Proof replay took 28.21ms 
121063     DEBUG main            d.u.i.k.p.r.p.TestFile    ... success: reloaded. 
121064     INFO  main            d.u.i.k.p.r.p.TestFile    Now processing file /home/runner/work/key/key/key.core/../key.ui/examples/standard_key/java_dl/deepNonNull/deepNonNull1.key 
121064     INFO  main            d.u.i.k.p.i.AbstractProblemLoader Loading environment from /home/runner/work/key/key/key.core/../key.ui/examples/standard_key/java_dl/deepNonNull/deepNonNull1.key 
121064     DEBUG main            d.u.i.k.p.i.AbstractProblemLoader Environment load took 176.9ns 
121065     INFO  main            d.u.i.k.p.i.AbstractProblemLoader Creating init config 
123625     DEBUG main            d.u.i.k.p.i.AbstractProblemLoader Init config took 2.56s 
123668     INFO  main            d.u.i.k.p.i.AbstractProblemLoader Replaying proof Arrays[Arrays::head()].JML operation contract.0 
123669     DEBUG main            d.u.i.k.p.i.IntermediateProofReplayer Proof replay took 7.2ns 
123872     INFO  main            d.u.i.k.p.r.p.TestFile    ... finished proof: closed. 
124149     INFO  main            d.u.i.k.p.i.AbstractProblemLoader Loading environment from /home/runner/work/key/key/key.core/../key.ui/examples/standard_key/java_dl/deepNonNull/deepNonNull1.key.proof 
124150     DEBUG main            d.u.i.k.p.i.AbstractProblemLoader Environment load took 119ns 
124151     INFO  main            d.u.i.k.p.i.AbstractProblemLoader Creating init config 
126660     DEBUG main            d.u.i.k.p.i.AbstractProblemLoader Init config took 2.51s 
126699     INFO  main            d.u.i.k.p.i.AbstractProblemLoader Replaying proof Arrays[Arrays::head()].JML operation contract.0 
126719     DEBUG main            d.u.i.k.p.i.IntermediateProofReplayer Proof replay took 17.15ms 
126720     DEBUG main            d.u.i.k.p.r.p.TestFile    ... success: reloaded. 
126721     INFO  main            d.u.i.k.p.r.p.TestFile    Now processing file /home/runner/work/key/key/key.core/../key.ui/examples/standard_key/java_dl/deepNonNull/deepNonNull2.key 
126722     INFO  main            d.u.i.k.p.i.AbstractProblemLoader Loading environment from /home/runner/work/key/key/key.core/../key.ui/examples/standard_key/java_dl/deepNonNull/deepNonNull2.key 
126722     DEBUG main            d.u.i.k.p.i.AbstractProblemLoader Environment load took 185.41ns 
126723     INFO  main            d.u.i.k.p.i.AbstractProblemLoader Creating init config 
129280     DEBUG main            d.u.i.k.p.i.AbstractProblemLoader Init config took 2.56s 
129316     INFO  main            d.u.i.k.p.i.AbstractProblemLoader Replaying proof Arrays[Arrays::unprovable(java.lang.Object)].JML operation contract.0 
129317     DEBUG main            d.u.i.k.p.i.IntermediateProofReplayer Proof replay took 8.3ns 
129424     INFO  main            d.u.i.k.p.r.p.TestFile    ... finished proof: open goal(s) 
129685     INFO  main            d.u.i.k.p.r.p.TestFile    Now processing file /home/runner/work/key/key/key.core/../key.ui/examples/standard_key/java_dl/deepNonNull/deepNonNull3.key 
129686     INFO  main            d.u.i.k.p.i.AbstractProblemLoader Loading environment from /home/runner/work/key/key/key.core/../key.ui/examples/standard_key/java_dl/deepNonNull/deepNonNull3.key 
129686     DEBUG main            d.u.i.k.p.i.AbstractProblemLoader Environment load took 74.7ns 
129687     INFO  main            d.u.i.k.p.i.AbstractProblemLoader Creating init config 
132224     DEBUG main            d.u.i.k.p.i.AbstractProblemLoader Init config took 2.54s 
132260     INFO  main            d.u.i.k.p.i.AbstractProblemLoader Replaying proof Arrays[Arrays::head([[[[Ljava.lang.Object)].JML operation contract.0 
132262     DEBUG main            d.u.i.k.p.i.IntermediateProofReplayer Proof replay took 8ns 
133174     INFO  main            d.u.i.k.p.r.p.TestFile    ... finished proof: closed. 
133515     INFO  main            d.u.i.k.p.i.AbstractProblemLoader Loading environment from /home/runner/work/key/key/key.core/../key.ui/examples/standard_key/java_dl/deepNonNull/deepNonNull3.key.proof 
133515     DEBUG main            d.u.i.k.p.i.AbstractProblemLoader Environment load took 161.4ns 
133516     INFO  main            d.u.i.k.p.i.AbstractProblemLoader Creating init config 
136035     DEBUG main            d.u.i.k.p.i.AbstractProblemLoader Init config took 2.52s 
136073     INFO  main            d.u.i.k.p.i.AbstractProblemLoader Replaying proof Arrays[Arrays::head([[[[Ljava.lang.Object)].JML operation contract.0 
136137     DEBUG main            d.u.i.k.p.i.IntermediateProofReplayer Proof replay took 58.89ms 
136139     DEBUG main            d.u.i.k.p.r.p.TestFile    ... success: reloaded. 
136139     INFO  main            d.u.i.k.p.r.p.TestFile    Now processing file /home/runner/work/key/key/key.core/../key.ui/examples/standard_key/java_dl/exceptions.key 
136139     INFO  main            d.u.i.k.p.i.AbstractProblemLoader Loading environment from /home/runner/work/key/key/key.core/../key.ui/examples/standard_key/java_dl/exceptions.key 
136140     DEBUG main            d.u.i.k.p.i.AbstractProblemLoader Environment load took 104.1ns 
136141     INFO  main            d.u.i.k.p.i.AbstractProblemLoader Creating init config 
136162     WARN  main            d.u.i.k.j.r.KeYCrossReferenceNameInfo Datatype java.io.PrintStream declared twice: Once in FILE:/home/runner/work/key/key/key.core/../key.ui/examples/standard_key/java_dl/classpath/PrintStream.java and once in URL:file:/home/runner/work/key/key/key.core/build/resources/main/de/uka/ilkd/key/java/JavaRedux/java/io/PrintStream.java, Keeping one from URL:file:/home/runner/work/key/key/key.core/build/resources/main/de/uka/ilkd/key/java/JavaRedux/java/io/PrintStream.java 
136163     WARN  main            d.u.i.k.j.r.KeYCrossReferenceNameInfo Datatype java.lang.System declared twice: Once in FILE:/home/runner/work/key/key/key.core/../key.ui/examples/standard_key/java_dl/classpath/System.java and once in URL:file:/home/runner/work/key/key/key.core/build/resources/main/de/uka/ilkd/key/java/JavaRedux/java/lang/System.java, Keeping one from URL:file:/home/runner/work/key/key/key.core/build/resources/main/de/uka/ilkd/key/java/JavaRedux/java/lang/System.java 
136163     WARN  main            d.u.i.k.j.r.KeYCrossReferenceNameInfo Datatype java.io.InputStream declared twice: Once in FILE:/home/runner/work/key/key/key.core/../key.ui/examples/standard_key/java_dl/classpath/InputStream.java and once in URL:file:/home/runner/work/key/key/key.core/build/resources/main/de/uka/ilkd/key/java/JavaRedux/java/io/InputStream.java, Keeping one from URL:file:/home/runner/work/key/key/key.core/build/resources/main/de/uka/ilkd/key/java/JavaRedux/java/io/InputStream.java 
136166     DEBUG main            d.u.i.k.j.r.ClassFileDeclarationBuilder Parsing: package java.io; public class Closeable { } 
136166     DEBUG main            r.s.KeYCrossReferenceSourceInfo Dynamically created class: java.io.Closeable 
138696     DEBUG main            d.u.i.k.p.i.AbstractProblemLoader Init config took 2.56s 
138713     INFO  main            d.u.i.k.p.i.AbstractProblemLoader Replaying proof exceptions.key 
138717     DEBUG main            d.u.i.k.p.i.IntermediateProofReplayer Proof replay took 9.3ns 
138920     INFO  main            d.u.i.k.p.r.p.TestFile    ... finished proof: closed. 
139217     INFO  main            d.u.i.k.p.i.AbstractProblemLoader Loading environment from /home/runner/work/key/key/key.core/../key.ui/examples/standard_key/java_dl/exceptions.key.proof 
139217     DEBUG main            d.u.i.k.p.i.AbstractProblemLoader Environment load took 146.1ns 
139218     INFO  main            d.u.i.k.p.i.AbstractProblemLoader Creating init config 
139249     WARN  main            d.u.i.k.j.r.KeYCrossReferenceNameInfo Datatype java.io.PrintStream declared twice: Once in FILE:/home/runner/work/key/key/key.core/../key.ui/examples/standard_key/java_dl/classpath/PrintStream.java and once in URL:file:/home/runner/work/key/key/key.core/build/resources/main/de/uka/ilkd/key/java/JavaRedux/java/io/PrintStream.java, Keeping one from URL:file:/home/runner/work/key/key/key.core/build/resources/main/de/uka/ilkd/key/java/JavaRedux/java/io/PrintStream.java 
139250     WARN  main            d.u.i.k.j.r.KeYCrossReferenceNameInfo Datatype java.lang.System declared twice: Once in FILE:/home/runner/work/key/key/key.core/../key.ui/examples/standard_key/java_dl/classpath/System.java and once in URL:file:/home/runner/work/key/key/key.core/build/resources/main/de/uka/ilkd/key/java/JavaRedux/java/lang/System.java, Keeping one from URL:file:/home/runner/work/key/key/key.core/build/resources/main/de/uka/ilkd/key/java/JavaRedux/java/lang/System.java 
139250     WARN  main            d.u.i.k.j.r.KeYCrossReferenceNameInfo Datatype java.io.InputStream declared twice: Once in FILE:/home/runner/work/key/key/key.core/../key.ui/examples/standard_key/java_dl/classpath/InputStream.java and once in URL:file:/home/runner/work/key/key/key.core/build/resources/main/de/uka/ilkd/key/java/JavaRedux/java/io/InputStream.java, Keeping one from URL:file:/home/runner/work/key/key/key.core/build/resources/main/de/uka/ilkd/key/java/JavaRedux/java/io/InputStream.java 
139254     DEBUG main            d.u.i.k.j.r.ClassFileDeclarationBuilder Parsing: package java.io; public class Closeable { } 
139254     DEBUG main            r.s.KeYCrossReferenceSourceInfo Dynamically created class: java.io.Closeable 
141822     DEBUG main            d.u.i.k.p.i.AbstractProblemLoader Init config took 2.6s 
141838     INFO  main            d.u.i.k.p.i.AbstractProblemLoader Replaying proof exceptions.key.proof 
141881     DEBUG main            d.u.i.k.p.i.IntermediateProofReplayer Proof replay took 40.38ms 
141882     DEBUG main            d.u.i.k.p.r.p.TestFile    ... success: reloaded. 
141883     INFO  main            d.u.i.k.p.r.p.TestFile    Now processing file /home/runner/work/key/key/key.core/../key.ui/examples/standard_key/java_dl/exceptions1.key 
141884     INFO  main            d.u.i.k.p.i.AbstractProblemLoader Loading environment from /home/runner/work/key/key/key.core/../key.ui/examples/standard_key/java_dl/exceptions1.key 
141884     DEBUG main            d.u.i.k.p.i.AbstractProblemLoader Environment load took 174.2ns 
141885     INFO  main            d.u.i.k.p.i.AbstractProblemLoader Creating init config 
144434     DEBUG main            d.u.i.k.p.i.AbstractProblemLoader Init config took 2.55s 
144450     INFO  main            d.u.i.k.p.i.AbstractProblemLoader Replaying proof exceptions1.key 
144453     DEBUG main            d.u.i.k.p.i.IntermediateProofReplayer Proof replay took 8.9ns 
144658     INFO  main            d.u.i.k.p.r.p.TestFile    ... finished proof: closed. 
144968     INFO  main            d.u.i.k.p.i.AbstractProblemLoader Loading environment from /home/runner/work/key/key/key.core/../key.ui/examples/standard_key/java_dl/exceptions1.key.proof 
144968     DEBUG main            d.u.i.k.p.i.AbstractProblemLoader Environment load took 112.1ns 
144969     INFO  main            d.u.i.k.p.i.AbstractProblemLoader Creating init config 
147428     DEBUG main            d.u.i.k.p.i.AbstractProblemLoader Init config took 2.46s 
147444     INFO  main            d.u.i.k.p.i.AbstractProblemLoader Replaying proof exceptions1.key.proof 
147472     DEBUG main            d.u.i.k.p.i.IntermediateProofReplayer Proof replay took 24.95ms 
147473     DEBUG main            d.u.i.k.p.r.p.TestFile    ... success: reloaded. 
147474     INFO  main            d.u.i.k.p.r.p.TestFile    Now processing file /home/runner/work/key/key/key.core/../key.ui/examples/standard_key/java_dl/exceptions2.key 
147474     INFO  main            d.u.i.k.p.i.AbstractProblemLoader Loading environment from /home/runner/work/key/key/key.core/../key.ui/examples/standard_key/java_dl/exceptions2.key 
147474     DEBUG main            d.u.i.k.p.i.AbstractProblemLoader Environment load took 85.3ns 
147475     INFO  main            d.u.i.k.p.i.AbstractProblemLoader Creating init config 
149981     DEBUG main            d.u.i.k.p.i.AbstractProblemLoader Init config took 2.51s 
149996     INFO  main            d.u.i.k.p.i.AbstractProblemLoader Replaying proof exceptions2.key 
149999     DEBUG main            d.u.i.k.p.i.IntermediateProofReplayer Proof replay took 8ns 
150202     INFO  main            d.u.i.k.p.r.p.TestFile    ... finished proof: closed. 
150506     INFO  main            d.u.i.k.p.i.AbstractProblemLoader Loading environment from /home/runner/work/key/key/key.core/../key.ui/examples/standard_key/java_dl/exceptions2.key.proof 
150506     DEBUG main            d.u.i.k.p.i.AbstractProblemLoader Environment load took 113.2ns 
150507     INFO  main            d.u.i.k.p.i.AbstractProblemLoader Creating init config 
152973     DEBUG main            d.u.i.k.p.i.AbstractProblemLoader Init config took 2.47s 
152990     INFO  main            d.u.i.k.p.i.AbstractProblemLoader Replaying proof exceptions2.key.proof 
153020     DEBUG main            d.u.i.k.p.i.IntermediateProofReplayer Proof replay took 27.03ms 
153021     DEBUG main            d.u.i.k.p.r.p.TestFile    ... success: reloaded. 
153022     INFO  main            d.u.i.k.p.r.p.TestFile    Now processing file /home/runner/work/key/key/key.core/../key.ui/examples/standard_key/java_dl/exceptions3.key 
153023     INFO  main            d.u.i.k.p.i.AbstractProblemLoader Loading environment from /home/runner/work/key/key/key.core/../key.ui/examples/standard_key/java_dl/exceptions3.key 
153023     DEBUG main            d.u.i.k.p.i.AbstractProblemLoader Environment load took 195.41ns 
153024     INFO  main            d.u.i.k.p.i.AbstractProblemLoader Creating init config 
153046     WARN  main            d.u.i.k.j.r.KeYCrossReferenceNameInfo Datatype java.io.PrintStream declared twice: Once in FILE:/home/runner/work/key/key/key.core/../key.ui/examples/standard_key/java_dl/classpath/PrintStream.java and once in URL:file:/home/runner/work/key/key/key.core/build/resources/main/de/uka/ilkd/key/java/JavaRedux/java/io/PrintStream.java, Keeping one from URL:file:/home/runner/work/key/key/key.core/build/resources/main/de/uka/ilkd/key/java/JavaRedux/java/io/PrintStream.java 
153046     WARN  main            d.u.i.k.j.r.KeYCrossReferenceNameInfo Datatype java.lang.System declared twice: Once in FILE:/home/runner/work/key/key/key.core/../key.ui/examples/standard_key/java_dl/classpath/System.java and once in URL:file:/home/runner/work/key/key/key.core/build/resources/main/de/uka/ilkd/key/java/JavaRedux/java/lang/System.java, Keeping one from URL:file:/home/runner/work/key/key/key.core/build/resources/main/de/uka/ilkd/key/java/JavaRedux/java/lang/System.java 
153046     WARN  main            d.u.i.k.j.r.KeYCrossReferenceNameInfo Datatype java.io.InputStream declared twice: Once in FILE:/home/runner/work/key/key/key.core/../key.ui/examples/standard_key/java_dl/classpath/InputStream.java and once in URL:file:/home/runner/work/key/key/key.core/build/resources/main/de/uka/ilkd/key/java/JavaRedux/java/io/InputStream.java, Keeping one from URL:file:/home/runner/work/key/key/key.core/build/resources/main/de/uka/ilkd/key/java/JavaRedux/java/io/InputStream.java 
153049     DEBUG main            d.u.i.k.j.r.ClassFileDeclarationBuilder Parsing: package java.io; public class Closeable { } 
153051     DEBUG main            r.s.KeYCrossReferenceSourceInfo Dynamically created class: java.io.Closeable 
155584     DEBUG main            d.u.i.k.p.i.AbstractProblemLoader Init config took 2.56s 
155600     INFO  main            d.u.i.k.p.i.AbstractProblemLoader Replaying proof exceptions3.key 
155602     DEBUG main            d.u.i.k.p.i.IntermediateProofReplayer Proof replay took 11.5ns 
155705     INFO  main            d.u.i.k.p.r.p.TestFile    ... finished proof: closed. 
156029     INFO  main            d.u.i.k.p.i.AbstractProblemLoader Loading environment from /home/runner/work/key/key/key.core/../key.ui/examples/standard_key/java_dl/exceptions3.key.proof 
156029     DEBUG main            d.u.i.k.p.i.AbstractProblemLoader Environment load took 112.4ns 
156030     INFO  main            d.u.i.k.p.i.AbstractProblemLoader Creating init config 
156053     WARN  main            d.u.i.k.j.r.KeYCrossReferenceNameInfo Datatype java.io.PrintStream declared twice: Once in FILE:/home/runner/work/key/key/key.core/../key.ui/examples/standard_key/java_dl/classpath/PrintStream.java and once in URL:file:/home/runner/work/key/key/key.core/build/resources/main/de/uka/ilkd/key/java/JavaRedux/java/io/PrintStream.java, Keeping one from URL:file:/home/runner/work/key/key/key.core/build/resources/main/de/uka/ilkd/key/java/JavaRedux/java/io/PrintStream.java 
156053     WARN  main            d.u.i.k.j.r.KeYCrossReferenceNameInfo Datatype java.lang.System declared twice: Once in FILE:/home/runner/work/key/key/key.core/../key.ui/examples/standard_key/java_dl/classpath/System.java and once in URL:file:/home/runner/work/key/key/key.core/build/resources/main/de/uka/ilkd/key/java/JavaRedux/java/lang/System.java, Keeping one from URL:file:/home/runner/work/key/key/key.core/build/resources/main/de/uka/ilkd/key/java/JavaRedux/java/lang/System.java 
156053     WARN  main            d.u.i.k.j.r.KeYCrossReferenceNameInfo Datatype java.io.InputStream declared twice: Once in FILE:/home/runner/work/key/key/key.core/../key.ui/examples/standard_key/java_dl/classpath/InputStream.java and once in URL:file:/home/runner/work/key/key/key.core/build/resources/main/de/uka/ilkd/key/java/JavaRedux/java/io/InputStream.java, Keeping one from URL:file:/home/runner/work/key/key/key.core/build/resources/main/de/uka/ilkd/key/java/JavaRedux/java/io/InputStream.java 
156056     DEBUG main            d.u.i.k.j.r.ClassFileDeclarationBuilder Parsing: package java.io; public class Closeable { } 
156057     DEBUG main            r.s.KeYCrossReferenceSourceInfo Dynamically created class: java.io.Closeable 
158520     DEBUG main            d.u.i.k.p.i.AbstractProblemLoader Init config took 2.49s 
158536     INFO  main            d.u.i.k.p.i.AbstractProblemLoader Replaying proof exceptions3.key.proof 
158541     DEBUG main            d.u.i.k.p.i.IntermediateProofReplayer Proof replay took 3.19ms 
158542     DEBUG main            d.u.i.k.p.r.p.TestFile    ... success: reloaded. 
158543     INFO  main            d.u.i.k.p.r.p.TestFile    Now processing file /home/runner/work/key/key/key.core/../key.ui/examples/standard_key/java_dl/exchange.key 
158543     INFO  main            d.u.i.k.p.i.AbstractProblemLoader Loading environment from /home/runner/work/key/key/key.core/../key.ui/examples/standard_key/java_dl/exchange.key 
158544     DEBUG main            d.u.i.k.p.i.AbstractProblemLoader Environment load took 68.1ns 
158545     INFO  main            d.u.i.k.p.i.AbstractProblemLoader Creating init config 
161015     DEBUG main            d.u.i.k.p.i.AbstractProblemLoader Init config took 2.47s 
161031     INFO  main            d.u.i.k.p.i.AbstractProblemLoader Replaying proof exchange.key 
161032     DEBUG main            d.u.i.k.p.i.IntermediateProofReplayer Proof replay took 11ns 
161135     INFO  main            d.u.i.k.p.r.p.TestFile    ... finished proof: closed. 
161451     INFO  main            d.u.i.k.p.i.AbstractProblemLoader Loading environment from /home/runner/work/key/key/key.core/../key.ui/examples/standard_key/java_dl/exchange.key.proof 
161451     DEBUG main            d.u.i.k.p.i.AbstractProblemLoader Environment load took 114.8ns 
161452     INFO  main            d.u.i.k.p.i.AbstractProblemLoader Creating init config 
163889     DEBUG main            d.u.i.k.p.i.AbstractProblemLoader Init config took 2.44s 
163905     INFO  main            d.u.i.k.p.i.AbstractProblemLoader Replaying proof exchange.key.proof 
163910     DEBUG main            d.u.i.k.p.i.IntermediateProofReplayer Proof replay took 2.73ms 
163911     DEBUG main            d.u.i.k.p.r.p.TestFile    ... success: reloaded. 
163912     INFO  main            d.u.i.k.p.r.p.TestFile    Now processing file /home/runner/work/key/key/key.core/../key.ui/examples/standard_key/java_dl/if.key 
163912     INFO  main            d.u.i.k.p.i.AbstractProblemLoader Loading environment from /home/runner/work/key/key/key.core/../key.ui/examples/standard_key/java_dl/if.key 
163912     DEBUG main            d.u.i.k.p.i.AbstractProblemLoader Environment load took 188.3ns 
163913     INFO  main            d.u.i.k.p.i.AbstractProblemLoader Creating init config 
166385     DEBUG main            d.u.i.k.p.i.AbstractProblemLoader Init config took 2.47s 
166399     INFO  main            d.u.i.k.p.i.AbstractProblemLoader Replaying proof if.key 
166401     DEBUG main            d.u.i.k.p.i.IntermediateProofReplayer Proof replay took 9.2ns 
166506     INFO  main            d.u.i.k.p.r.p.TestFile    ... finished proof: closed. 
166831     INFO  main            d.u.i.k.p.i.AbstractProblemLoader Loading environment from /home/runner/work/key/key/key.core/../key.ui/examples/standard_key/java_dl/if.key.proof 
166831     DEBUG main            d.u.i.k.p.i.AbstractProblemLoader Environment load took 116.5ns 
166832     INFO  main            d.u.i.k.p.i.AbstractProblemLoader Creating init config 
169239     DEBUG main            d.u.i.k.p.i.AbstractProblemLoader Init config took 2.41s 
169253     INFO  main            d.u.i.k.p.i.AbstractProblemLoader Replaying proof if.key.proof 
169258     DEBUG main            d.u.i.k.p.i.IntermediateProofReplayer Proof replay took 2.78ms 
169259     DEBUG main            d.u.i.k.p.r.p.TestFile    ... success: reloaded. 
169259     INFO  main            d.u.i.k.p.r.p.TestFile    Now processing file /home/runner/work/key/key/key.core/../key.ui/examples/standard_key/java_dl/incrementcounter.key 
169259     INFO  main            d.u.i.k.p.i.AbstractProblemLoader Loading environment from /home/runner/work/key/key/key.core/../key.ui/examples/standard_key/java_dl/incrementcounter.key 
169259     DEBUG main            d.u.i.k.p.i.AbstractProblemLoader Environment load took 64.4ns 
169260     INFO  main            d.u.i.k.p.i.AbstractProblemLoader Creating init config 
171713     DEBUG main            d.u.i.k.p.i.AbstractProblemLoader Init config took 2.45s 
171729     INFO  main            d.u.i.k.p.i.AbstractProblemLoader Replaying proof incrementcounter.key 
171731     DEBUG main            d.u.i.k.p.i.IntermediateProofReplayer Proof replay took 9.7ns 
171833     INFO  main            d.u.i.k.p.r.p.TestFile    ... finished proof: closed. 
172154     INFO  main            d.u.i.k.p.i.AbstractProblemLoader Loading environment from /home/runner/work/key/key/key.core/../key.ui/examples/standard_key/java_dl/incrementcounter.key.proof 
172154     DEBUG main            d.u.i.k.p.i.AbstractProblemLoader Environment load took 129.4ns 
172155     INFO  main            d.u.i.k.p.i.AbstractProblemLoader Creating init config 
174565     DEBUG main            d.u.i.k.p.i.AbstractProblemLoader Init config took 2.41s 
174580     INFO  main            d.u.i.k.p.i.AbstractProblemLoader Replaying proof incrementcounter.key.proof 
174583     DEBUG main            d.u.i.k.p.i.IntermediateProofReplayer Proof replay took 1.52ms 
174584     DEBUG main            d.u.i.k.p.r.p.TestFile    ... success: reloaded. 
174585     INFO  main            d.u.i.k.p.r.p.TestFile    Now processing file /home/runner/work/key/key/key.core/../key.ui/examples/standard_key/java_dl/danglingElse.key 
174585     INFO  main            d.u.i.k.p.i.AbstractProblemLoader Loading environment from /home/runner/work/key/key/key.core/../key.ui/examples/standard_key/java_dl/danglingElse.key 
174585     DEBUG main            d.u.i.k.p.i.AbstractProblemLoader Environment load took 80.3ns 
174586     INFO  main            d.u.i.k.p.i.AbstractProblemLoader Creating init config 
177068     DEBUG main            d.u.i.k.p.i.AbstractProblemLoader Init config took 2.48s 
177083     INFO  main            d.u.i.k.p.i.AbstractProblemLoader Replaying proof danglingElse.key 
177085     DEBUG main            d.u.i.k.p.i.IntermediateProofReplayer Proof replay took 8.9ns 
177190     INFO  main            d.u.i.k.p.r.p.TestFile    ... finished proof: open goal(s) 
177534     INFO  main            d.u.i.k.p.r.p.TestFile    Now processing file /home/runner/work/key/key/key.core/../key.ui/examples/standard_key/java_dl/iteratedAssignment.key 
177534     INFO  main            d.u.i.k.p.i.AbstractProblemLoader Loading environment from /home/runner/work/key/key/key.core/../key.ui/examples/standard_key/java_dl/iteratedAssignment.key 
177534     DEBUG main            d.u.i.k.p.i.AbstractProblemLoader Environment load took 72.1ns 
177535     INFO  main            d.u.i.k.p.i.AbstractProblemLoader Creating init config 
179956     DEBUG main            d.u.i.k.p.i.AbstractProblemLoader Init config took 2.42s 
179971     INFO  main            d.u.i.k.p.i.AbstractProblemLoader Replaying proof iteratedAssignment.key 
179977     DEBUG main            d.u.i.k.p.i.IntermediateProofReplayer Proof replay took 9.3ns 
180281     INFO  main            d.u.i.k.p.r.p.TestFile    ... finished proof: closed. 
180650     INFO  main            d.u.i.k.p.i.AbstractProblemLoader Loading environment from /home/runner/work/key/key/key.core/../key.ui/examples/standard_key/java_dl/iteratedAssignment.key.proof 
180650     DEBUG main            d.u.i.k.p.i.AbstractProblemLoader Environment load took 393.21ns 
180651     INFO  main            d.u.i.k.p.i.AbstractProblemLoader Creating init config 
183111     DEBUG main            d.u.i.k.p.i.AbstractProblemLoader Init config took 2.46s 
183127     INFO  main            d.u.i.k.p.i.AbstractProblemLoader Replaying proof iteratedAssignment.key.proof 
183195     DEBUG main            d.u.i.k.p.i.IntermediateProofReplayer Proof replay took 64.2ms 
183196     DEBUG main            d.u.i.k.p.r.p.TestFile    ... success: reloaded. 
183197     INFO  main            d.u.i.k.p.r.p.TestFile    Now processing file /home/runner/work/key/key/key.core/../key.ui/examples/standard_key/java_dl/assert/assert1.key 
183197     INFO  main            d.u.i.k.p.i.AbstractProblemLoader Loading environment from /home/runner/work/key/key/key.core/../key.ui/examples/standard_key/java_dl/assert/assert1.key 
183197     DEBUG main            d.u.i.k.p.i.AbstractProblemLoader Environment load took 85.6ns 
183198     INFO  main            d.u.i.k.p.i.AbstractProblemLoader Creating init config 
185680     DEBUG main            d.u.i.k.p.i.AbstractProblemLoader Init config took 2.48s 
185715     INFO  main            d.u.i.k.p.i.AbstractProblemLoader Replaying proof C[C::foo()].JML normal_behavior operation contract.0 
185717     DEBUG main            d.u.i.k.p.i.IntermediateProofReplayer Proof replay took 8.6ns 
185920     INFO  main            d.u.i.k.p.r.p.TestFile    ... finished proof: open goal(s) 
186289     INFO  main            d.u.i.k.p.r.p.TestFile    Now processing file /home/runner/work/key/key/key.core/../key.ui/examples/standard_key/java_dl/assert/assert2.key 
186289     INFO  main            d.u.i.k.p.i.AbstractProblemLoader Loading environment from /home/runner/work/key/key/key.core/../key.ui/examples/standard_key/java_dl/assert/assert2.key 
186289     DEBUG main            d.u.i.k.p.i.AbstractProblemLoader Environment load took 85ns 
186290     INFO  main            d.u.i.k.p.i.AbstractProblemLoader Creating init config 
188747     DEBUG main            d.u.i.k.p.i.AbstractProblemLoader Init config took 2.46s 
188781     INFO  main            d.u.i.k.p.i.AbstractProblemLoader Replaying proof C[C::bar()].JML exceptional_behavior operation contract.0 
188784     DEBUG main            d.u.i.k.p.i.IntermediateProofReplayer Proof replay took 8.9ns 
188986     INFO  main            d.u.i.k.p.r.p.TestFile    ... finished proof: closed. 
189322     INFO  main            d.u.i.k.p.i.AbstractProblemLoader Loading environment from /home/runner/work/key/key/key.core/../key.ui/examples/standard_key/java_dl/assert/assert2.key.proof 
189322     DEBUG main            d.u.i.k.p.i.AbstractProblemLoader Environment load took 111.4ns 
189323     INFO  main            d.u.i.k.p.i.AbstractProblemLoader Creating init config 
191777     DEBUG main            d.u.i.k.p.i.AbstractProblemLoader Init config took 2.45s 
191814     INFO  main            d.u.i.k.p.i.AbstractProblemLoader Replaying proof C[C::bar()].JML exceptional_behavior operation contract.0 
191859     DEBUG main            d.u.i.k.p.i.IntermediateProofReplayer Proof replay took 34.4ms 
191861     DEBUG main            d.u.i.k.p.r.p.TestFile    ... success: reloaded. 
191862     INFO  main            d.u.i.k.p.r.p.TestFile    Now processing file /home/runner/work/key/key/key.core/../key.ui/examples/standard_key/java_dl/assert/assert3.key 
191862     INFO  main            d.u.i.k.p.i.AbstractProblemLoader Loading environment from /home/runner/work/key/key/key.core/../key.ui/examples/standard_key/java_dl/assert/assert3.key 
191862     DEBUG main            d.u.i.k.p.i.AbstractProblemLoader Environment load took 165.1ns 
191863     INFO  main            d.u.i.k.p.i.AbstractProblemLoader Creating init config 
194369     DEBUG main            d.u.i.k.p.i.AbstractProblemLoader Init config took 2.51s 
194411     INFO  main            d.u.i.k.p.i.AbstractProblemLoader Replaying proof C[C::foo()].JML normal_behavior operation contract.0 
194415     DEBUG main            d.u.i.k.p.i.IntermediateProofReplayer Proof replay took 12.4ns 
194517     INFO  main            d.u.i.k.p.r.p.TestFile    ... finished proof: open goal(s) 
194872     INFO  main            d.u.i.k.p.r.p.TestFile    Now processing file /home/runner/work/key/key/key.core/../key.ui/examples/standard_key/java_dl/java5/vararg.key 
194873     INFO  main            d.u.i.k.p.i.AbstractProblemLoader Loading environment from /home/runner/work/key/key/key.core/../key.ui/examples/standard_key/java_dl/java5/vararg.key 
194873     DEBUG main            d.u.i.k.p.i.AbstractProblemLoader Environment load took 540.61ns 
194875     INFO  main            d.u.i.k.p.i.AbstractProblemLoader Creating init config 
195775     DEBUG main            d.u.i.k.j.r.ClassPreparationMethodBuilder clPrepBuilder: Inner Class detected. Reject building class initialisation methods. 
197692     DEBUG main            d.u.i.k.p.i.AbstractProblemLoader Init config took 2.82s 
197719     INFO  main            d.u.i.k.p.i.AbstractProblemLoader Replaying proof vararg.key 
197721     DEBUG main            d.u.i.k.p.i.IntermediateProofReplayer Proof replay took 10.5ns 
198944     INFO  main            d.u.i.k.p.r.p.TestFile    ... finished proof: closed. 
199360     INFO  main            d.u.i.k.p.i.AbstractProblemLoader Loading environment from /home/runner/work/key/key/key.core/../key.ui/examples/standard_key/java_dl/java5/vararg.key.proof 
199360     DEBUG main            d.u.i.k.p.i.AbstractProblemLoader Environment load took 401.81ns 
199362     INFO  main            d.u.i.k.p.i.AbstractProblemLoader Creating init config 
200227     DEBUG main            d.u.i.k.j.r.ClassPreparationMethodBuilder clPrepBuilder: Inner Class detected. Reject building class initialisation methods. 
202079     DEBUG main            d.u.i.k.p.i.AbstractProblemLoader Init config took 2.72s 
202105     INFO  main            d.u.i.k.p.i.AbstractProblemLoader Replaying proof vararg.key.proof 
202380     DEBUG main            d.u.i.k.p.i.IntermediateProofReplayer Proof replay took 262.99ms 
202382     DEBUG main            d.u.i.k.p.r.p.TestFile    ... success: reloaded. 
202383     INFO  main            d.u.i.k.p.r.p.TestFile    Now processing file /home/runner/work/key/key/key.core/../key.ui/examples/standard_key/java_dl/java5/for_Array.key 
202383     INFO  main            d.u.i.k.p.i.AbstractProblemLoader Loading environment from /home/runner/work/key/key/key.core/../key.ui/examples/standard_key/java_dl/java5/for_Array.key 
202383     DEBUG main            d.u.i.k.p.i.AbstractProblemLoader Environment load took 162.1ns 
202384     INFO  main            d.u.i.k.p.i.AbstractProblemLoader Creating init config 
203255     DEBUG main            d.u.i.k.j.r.ClassPreparationMethodBuilder clPrepBuilder: Inner Class detected. Reject building class initialisation methods. 
205109     DEBUG main            d.u.i.k.p.i.AbstractProblemLoader Init config took 2.73s 
205161     INFO  main            d.u.i.k.p.i.AbstractProblemLoader Replaying proof For[For::sum([I)].JML operation contract.0 
205162     DEBUG main            d.u.i.k.p.i.IntermediateProofReplayer Proof replay took 9.1ns 
205566     INFO  main            d.u.i.k.p.r.p.TestFile    ... finished proof: closed. 
206049     INFO  main            d.u.i.k.p.i.AbstractProblemLoader Loading environment from /home/runner/work/key/key/key.core/../key.ui/examples/standard_key/java_dl/java5/for_Array.key.proof 
206049     DEBUG main            d.u.i.k.p.i.AbstractProblemLoader Environment load took 110.8ns 
206050     INFO  main            d.u.i.k.p.i.AbstractProblemLoader Creating init config 
206867     DEBUG main            d.u.i.k.j.r.ClassPreparationMethodBuilder clPrepBuilder: Inner Class detected. Reject building class initialisation methods. 
208689     DEBUG main            d.u.i.k.p.i.AbstractProblemLoader Init config took 2.64s 
208744     INFO  main            d.u.i.k.p.i.AbstractProblemLoader Replaying proof For[For::sum([I)].JML operation contract.0 
208816     DEBUG main            d.u.i.k.p.i.IntermediateProofReplayer Proof replay took 68.24ms 
208817     DEBUG main            d.u.i.k.p.r.p.TestFile    ... success: reloaded. 
208818     INFO  main            d.u.i.k.p.r.p.TestFile    Now processing file /home/runner/work/key/key/key.core/../key.ui/examples/standard_key/java_dl/java5/for_Iterable.key 
208819     INFO  main            d.u.i.k.p.i.AbstractProblemLoader Loading environment from /home/runner/work/key/key/key.core/../key.ui/examples/standard_key/java_dl/java5/for_Iterable.key 
208819     DEBUG main            d.u.i.k.p.i.AbstractProblemLoader Environment load took 176.6ns 
208820     INFO  main            d.u.i.k.p.i.AbstractProblemLoader Creating init config 
209672     DEBUG main            d.u.i.k.j.r.ClassPreparationMethodBuilder clPrepBuilder: Inner Class detected. Reject building class initialisation methods. 
211505     DEBUG main            d.u.i.k.p.i.AbstractProblemLoader Init config took 2.68s 
211554     INFO  main            d.u.i.k.p.i.AbstractProblemLoader Replaying proof For[For::infiniteLoop(For)].JML operation contract.0 
211556     DEBUG main            d.u.i.k.p.i.IntermediateProofReplayer Proof replay took 8.4ns 
211758     INFO  main            d.u.i.k.p.r.p.TestFile    ... finished proof: closed. 
212119     INFO  main            d.u.i.k.p.i.AbstractProblemLoader Loading environment from /home/runner/work/key/key/key.core/../key.ui/examples/standard_key/java_dl/java5/for_Iterable.key.proof 
212119     DEBUG main            d.u.i.k.p.i.AbstractProblemLoader Environment load took 107.7ns 
212120     INFO  main            d.u.i.k.p.i.AbstractProblemLoader Creating init config 
212955     DEBUG main            d.u.i.k.j.r.ClassPreparationMethodBuilder clPrepBuilder: Inner Class detected. Reject building class initialisation methods. 
214750     DEBUG main            d.u.i.k.p.i.AbstractProblemLoader Init config took 2.63s 
214813     INFO  main            d.u.i.k.p.i.AbstractProblemLoader Replaying proof For[For::infiniteLoop(For)].JML operation contract.0 
214856     DEBUG main            d.u.i.k.p.i.IntermediateProofReplayer Proof replay took 39.12ms 
214857     DEBUG main            d.u.i.k.p.r.p.TestFile    ... success: reloaded. 
214858     INFO  main            d.u.i.k.p.r.p.TestFile    Now processing file /home/runner/work/key/key/key.core/../key.ui/examples/standard_key/java_dl/java5/for_ReferenceArray.key 
214858     INFO  main            d.u.i.k.p.i.AbstractProblemLoader Loading environment from /home/runner/work/key/key/key.core/../key.ui/examples/standard_key/java_dl/java5/for_ReferenceArray.key 
214858     DEBUG main            d.u.i.k.p.i.AbstractProblemLoader Environment load took 71.2ns 
214859     INFO  main            d.u.i.k.p.i.AbstractProblemLoader Creating init config 
215703     DEBUG main            d.u.i.k.j.r.ClassPreparationMethodBuilder clPrepBuilder: Inner Class detected. Reject building class initialisation methods. 
217549     DEBUG main            d.u.i.k.p.i.AbstractProblemLoader Init config took 2.69s 
217598     INFO  main            d.u.i.k.p.i.AbstractProblemLoader Replaying proof ForReferenceArray[ForReferenceArray::foo([Ljava.lang.Object)].JML operation contract.0 
217601     DEBUG main            d.u.i.k.p.i.IntermediateProofReplayer Proof replay took 10.7ns 
217904     INFO  main            d.u.i.k.p.r.p.TestFile    ... finished proof: closed. 
218345     INFO  main            d.u.i.k.p.i.AbstractProblemLoader Loading environment from /home/runner/work/key/key/key.core/../key.ui/examples/standard_key/java_dl/java5/for_ReferenceArray.key.proof 
218345     DEBUG main            d.u.i.k.p.i.AbstractProblemLoader Environment load took 120.2ns 
218346     INFO  main            d.u.i.k.p.i.AbstractProblemLoader Creating init config 
219163     DEBUG main            d.u.i.k.j.r.ClassPreparationMethodBuilder clPrepBuilder: Inner Class detected. Reject building class initialisation methods. 
220946     DEBUG main            d.u.i.k.p.i.AbstractProblemLoader Init config took 2.6s 
221009     INFO  main            d.u.i.k.p.i.AbstractProblemLoader Replaying proof ForReferenceArray[ForReferenceArray::foo([Ljava.lang.Object)].JML operation contract.0 
221055     DEBUG main            d.u.i.k.p.i.IntermediateProofReplayer Proof replay took 42.5ms 
221056     DEBUG main            d.u.i.k.p.r.p.TestFile    ... success: reloaded. 
221057     INFO  main            d.u.i.k.p.r.p.TestFile    Now processing file /home/runner/work/key/key/key.core/../key.ui/examples/standard_key/java_dl/jml-bigint/cast.key 
221057     INFO  main            d.u.i.k.p.i.AbstractProblemLoader Loading environment from /home/runner/work/key/key/key.core/../key.ui/examples/standard_key/java_dl/jml-bigint/cast.key 
221057     DEBUG main            d.u.i.k.p.i.AbstractProblemLoader Environment load took 86.1ns 
221058     INFO  main            d.u.i.k.p.i.AbstractProblemLoader Creating init config 
223650     DEBUG main            d.u.i.k.p.i.AbstractProblemLoader Init config took 2.59s 
223685     INFO  main            d.u.i.k.p.i.AbstractProblemLoader Replaying proof Mult[Mult::cast()].JML operation contract.0 
223687     DEBUG main            d.u.i.k.p.i.IntermediateProofReplayer Proof replay took 8.1ns 
223791     INFO  main            d.u.i.k.p.r.p.TestFile    ... finished proof: closed. 
224205     INFO  main            d.u.i.k.p.i.AbstractProblemLoader Loading environment from /home/runner/work/key/key/key.core/../key.ui/examples/standard_key/java_dl/jml-bigint/cast.key.proof 
224206     DEBUG main            d.u.i.k.p.i.AbstractProblemLoader Environment load took 107.9ns 
224207     INFO  main            d.u.i.k.p.i.AbstractProblemLoader Creating init config 
226742     DEBUG main            d.u.i.k.p.i.AbstractProblemLoader Init config took 2.53s 
226776     INFO  main            d.u.i.k.p.i.AbstractProblemLoader Replaying proof Mult[Mult::cast()].JML operation contract.0 
226788     DEBUG main            d.u.i.k.p.i.IntermediateProofReplayer Proof replay took 9.64ms 
226789     DEBUG main            d.u.i.k.p.r.p.TestFile    ... success: reloaded. 
226790     INFO  main            d.u.i.k.p.r.p.TestFile    Now processing file /home/runner/work/key/key/key.core/../key.ui/examples/standard_key/java_dl/jml-free/loopInvFree.key 
226790     INFO  main            d.u.i.k.p.i.AbstractProblemLoader Loading environment from /home/runner/work/key/key/key.core/../key.ui/examples/standard_key/java_dl/jml-free/loopInvFree.key 
226790     DEBUG main            d.u.i.k.p.i.AbstractProblemLoader Environment load took 80.1ns 
226791     INFO  main            d.u.i.k.p.i.AbstractProblemLoader Creating init config 
229311     DEBUG main            d.u.i.k.p.i.AbstractProblemLoader Init config took 2.52s 
229345     INFO  main            d.u.i.k.p.i.AbstractProblemLoader Replaying proof LoopInvFree[LoopInvFree::test()].JML operation contract.0 
229346     DEBUG main            d.u.i.k.p.i.IntermediateProofReplayer Proof replay took 8.1ns 
229549     INFO  main            d.u.i.k.p.r.p.TestFile    ... finished proof: closed. 
229957     INFO  main            d.u.i.k.p.i.AbstractProblemLoader Loading environment from /home/runner/work/key/key/key.core/../key.ui/examples/standard_key/java_dl/jml-free/loopInvFree.key.proof 
229958     DEBUG main            d.u.i.k.p.i.AbstractProblemLoader Environment load took 105.5ns 
229959     INFO  main            d.u.i.k.p.i.AbstractProblemLoader Creating init config 
232447     DEBUG main            d.u.i.k.p.i.AbstractProblemLoader Init config took 2.49s 
232481     INFO  main            d.u.i.k.p.i.AbstractProblemLoader Replaying proof LoopInvFree[LoopInvFree::test()].JML operation contract.0 
232515     DEBUG main            d.u.i.k.p.i.IntermediateProofReplayer Proof replay took 31.52ms 
232516     DEBUG main            d.u.i.k.p.r.p.TestFile    ... success: reloaded. 
232517     INFO  main            d.u.i.k.p.r.p.TestFile    Now processing file /home/runner/work/key/key/key.core/../key.ui/examples/standard_key/java_dl/jml-free/ensuresFree.key 
232517     INFO  main            d.u.i.k.p.i.AbstractProblemLoader Loading environment from /home/runner/work/key/key/key.core/../key.ui/examples/standard_key/java_dl/jml-free/ensuresFree.key 
232517     DEBUG main            d.u.i.k.p.i.AbstractProblemLoader Environment load took 77.8ns 
232518     INFO  main            d.u.i.k.p.i.AbstractProblemLoader Creating init config 
235026     DEBUG main            d.u.i.k.p.i.AbstractProblemLoader Init config took 2.51s 
235059     INFO  main            d.u.i.k.p.i.AbstractProblemLoader Replaying proof EnsuresFree[EnsuresFree::test()].JML operation contract.0 
235061     DEBUG main            d.u.i.k.p.i.IntermediateProofReplayer Proof replay took 9ns 
235162     INFO  main            d.u.i.k.p.r.p.TestFile    ... finished proof: closed. 
235590     INFO  main            d.u.i.k.p.i.AbstractProblemLoader Loading environment from /home/runner/work/key/key/key.core/../key.ui/examples/standard_key/java_dl/jml-free/ensuresFree.key.proof 
235590     DEBUG main            d.u.i.k.p.i.AbstractProblemLoader Environment load took 98.9ns 
235591     INFO  main            d.u.i.k.p.i.AbstractProblemLoader Creating init config 
238050     DEBUG main            d.u.i.k.p.i.AbstractProblemLoader Init config took 2.46s 
238085     INFO  main            d.u.i.k.p.i.AbstractProblemLoader Replaying proof EnsuresFree[EnsuresFree::test()].JML operation contract.0 
238100     DEBUG main            d.u.i.k.p.i.IntermediateProofReplayer Proof replay took 13.3ms 
238101     DEBUG main            d.u.i.k.p.r.p.TestFile    ... success: reloaded. 
238102     INFO  main            d.u.i.k.p.r.p.TestFile    Now processing file /home/runner/work/key/key/key.core/../key.ui/examples/standard_key/java_dl/jml-information-flow.key 
238102     INFO  main            d.u.i.k.p.i.AbstractProblemLoader Loading environment from /home/runner/work/key/key/key.core/../key.ui/examples/standard_key/java_dl/jml-information-flow.key 
238102     DEBUG main            d.u.i.k.p.i.AbstractProblemLoader Environment load took 88.5ns 
238107     INFO  main            d.u.i.k.p.i.AbstractProblemLoader Creating init config 
240846     DEBUG main            d.u.i.k.p.i.AbstractProblemLoader Init config took 2.74s 
240865     INFO  main            d.u.i.k.p.i.AbstractProblemLoader Replaying proof jml-information-flow.key 
240867     DEBUG main            d.u.i.k.p.i.IntermediateProofReplayer Proof replay took 11.3ns 
355641     INFO  main            d.u.i.k.p.r.p.TestFile    ... finished proof: closed. 
356299     INFO  main            d.u.i.k.p.i.AbstractProblemLoader Loading environment from /home/runner/work/key/key/key.core/../key.ui/examples/standard_key/java_dl/jml-information-flow.key.proof 
356299     DEBUG main            d.u.i.k.p.i.AbstractProblemLoader Environment load took 398.71ns 
356308     INFO  main            d.u.i.k.p.i.AbstractProblemLoader Creating init config 
358884     DEBUG main            d.u.i.k.p.i.AbstractProblemLoader Init config took 2.58s 
358903     INFO  main            d.u.i.k.p.i.AbstractProblemLoader Replaying proof jml-information-flow.key.proof 
361681     DEBUG main            d.u.i.k.p.i.IntermediateProofReplayer Proof replay took 2.67s 
361689     DEBUG main            d.u.i.k.p.r.p.TestFile    ... success: reloaded. 
361690     INFO  main            d.u.i.k.p.r.p.TestFile    Now processing file /home/runner/work/key/key/key.core/../key.ui/examples/standard_key/java_dl/jml-min/min-unprovable1.key 
361690     INFO  main            d.u.i.k.p.i.AbstractProblemLoader Loading environment from /home/runner/work/key/key/key.core/../key.ui/examples/standard_key/java_dl/jml-min/min-unprovable1.key 
361690     DEBUG main            d.u.i.k.p.i.AbstractProblemLoader Environment load took 83.6ns 
361691     INFO  main            d.u.i.k.p.i.AbstractProblemLoader Creating init config 
364294     DEBUG main            d.u.i.k.p.i.AbstractProblemLoader Init config took 2.6s 
364328     INFO  main            d.u.i.k.p.i.AbstractProblemLoader Replaying proof Min[Min::foo()].JML operation contract.0 
364330     DEBUG main            d.u.i.k.p.i.IntermediateProofReplayer Proof replay took 11.6ns 
364433     INFO  main            d.u.i.k.p.r.p.TestFile    ... finished proof: open goal(s) 
365009     INFO  main            d.u.i.k.p.r.p.TestFile    Now processing file /home/runner/work/key/key/key.core/../key.ui/examples/standard_key/java_dl/jml-min/min-unprovable2.key 
365010     INFO  main            d.u.i.k.p.i.AbstractProblemLoader Loading environment from /home/runner/work/key/key/key.core/../key.ui/examples/standard_key/java_dl/jml-min/min-unprovable2.key 
365010     DEBUG main            d.u.i.k.p.i.AbstractProblemLoader Environment load took 53.8ns 
365010     INFO  main            d.u.i.k.p.i.AbstractProblemLoader Creating init config 
367470     DEBUG main            d.u.i.k.p.i.AbstractProblemLoader Init config took 2.46s 
367504     INFO  main            d.u.i.k.p.i.AbstractProblemLoader Replaying proof Min[Min::foo2()].JML operation contract.0 
367505     DEBUG main            d.u.i.k.p.i.IntermediateProofReplayer Proof replay took 6.9ns 
367610     INFO  main            d.u.i.k.p.r.p.TestFile    ... finished proof: open goal(s) 
368020     INFO  main            d.u.i.k.p.r.p.TestFile    Now processing file /home/runner/work/key/key/key.core/../key.ui/examples/standard_key/java_dl/methodCall.key 
368020     INFO  main            d.u.i.k.p.i.AbstractProblemLoader Loading environment from /home/runner/work/key/key/key.core/../key.ui/examples/standard_key/java_dl/methodCall.key 
368020     DEBUG main            d.u.i.k.p.i.AbstractProblemLoader Environment load took 53ns 
368021     INFO  main            d.u.i.k.p.i.AbstractProblemLoader Creating init config 
370477     DEBUG main            d.u.i.k.p.i.AbstractProblemLoader Init config took 2.46s 
370491     INFO  main            d.u.i.k.p.i.AbstractProblemLoader Replaying proof methodCall.key 
370494     DEBUG main            d.u.i.k.p.i.IntermediateProofReplayer Proof replay took 9.9ns 
370596     INFO  main            d.u.i.k.p.r.p.TestFile    ... finished proof: closed. 
371006     INFO  main            d.u.i.k.p.i.AbstractProblemLoader Loading environment from /home/runner/work/key/key/key.core/../key.ui/examples/standard_key/java_dl/methodCall.key.proof 
371006     DEBUG main            d.u.i.k.p.i.AbstractProblemLoader Environment load took 99.6ns 
371007     INFO  main            d.u.i.k.p.i.AbstractProblemLoader Creating init config 
373437     DEBUG main            d.u.i.k.p.i.AbstractProblemLoader Init config took 2.43s 
373451     INFO  main            d.u.i.k.p.i.AbstractProblemLoader Replaying proof methodCall.key.proof 
373455     DEBUG main            d.u.i.k.p.i.IntermediateProofReplayer Proof replay took 1.73ms 
373456     DEBUG main            d.u.i.k.p.r.p.TestFile    ... success: reloaded. 
373456     INFO  main            d.u.i.k.p.r.p.TestFile    Now processing file /home/runner/work/key/key/key.core/../key.ui/examples/standard_key/java_dl/methodCall1.key 
373457     INFO  main            d.u.i.k.p.i.AbstractProblemLoader Loading environment from /home/runner/work/key/key/key.core/../key.ui/examples/standard_key/java_dl/methodCall1.key 
373457     DEBUG main            d.u.i.k.p.i.AbstractProblemLoader Environment load took 52.8ns 
373458     INFO  main            d.u.i.k.p.i.AbstractProblemLoader Creating init config 
375948     DEBUG main            d.u.i.k.p.i.AbstractProblemLoader Init config took 2.49s 
375963     INFO  main            d.u.i.k.p.i.AbstractProblemLoader Replaying proof methodCall1.key 
375964     DEBUG main            d.u.i.k.p.i.IntermediateProofReplayer Proof replay took 14.5ns 
376066     INFO  main            d.u.i.k.p.r.p.TestFile    ... finished proof: closed. 
376534     INFO  main            d.u.i.k.p.i.AbstractProblemLoader Loading environment from /home/runner/work/key/key/key.core/../key.ui/examples/standard_key/java_dl/methodCall1.key.proof 
376534     DEBUG main            d.u.i.k.p.i.AbstractProblemLoader Environment load took 105.6ns 
376535     INFO  main            d.u.i.k.p.i.AbstractProblemLoader Creating init config 
379007     DEBUG main            d.u.i.k.p.i.AbstractProblemLoader Init config took 2.47s 
379022     INFO  main            d.u.i.k.p.i.AbstractProblemLoader Replaying proof methodCall1.key.proof 
379034     DEBUG main            d.u.i.k.p.i.IntermediateProofReplayer Proof replay took 9.64ms 
379037     DEBUG main            d.u.i.k.p.r.p.TestFile    ... success: reloaded. 
379039     INFO  main            d.u.i.k.p.r.p.TestFile    Now processing file /home/runner/work/key/key/key.core/../key.ui/examples/standard_key/java_dl/methodCall1box.key 
379040     INFO  main            d.u.i.k.p.i.AbstractProblemLoader Loading environment from /home/runner/work/key/key/key.core/../key.ui/examples/standard_key/java_dl/methodCall1box.key 
379040     DEBUG main            d.u.i.k.p.i.AbstractProblemLoader Environment load took 805.82ns 
379041     INFO  main            d.u.i.k.p.i.AbstractProblemLoader Creating init config 
381533     DEBUG main            d.u.i.k.p.i.AbstractProblemLoader Init config took 2.49s 
381547     INFO  main            d.u.i.k.p.i.AbstractProblemLoader Replaying proof methodCall1box.key 
381549     DEBUG main            d.u.i.k.p.i.IntermediateProofReplayer Proof replay took 9.2ns 
381651     INFO  main            d.u.i.k.p.r.p.TestFile    ... finished proof: closed. 
382096     INFO  main            d.u.i.k.p.i.AbstractProblemLoader Loading environment from /home/runner/work/key/key/key.core/../key.ui/examples/standard_key/java_dl/methodCall1box.key.proof 
382096     DEBUG main            d.u.i.k.p.i.AbstractProblemLoader Environment load took 101.9ns 
382097     INFO  main            d.u.i.k.p.i.AbstractProblemLoader Creating init config 
384549     DEBUG main            d.u.i.k.p.i.AbstractProblemLoader Init config took 2.45s 
384564     INFO  main            d.u.i.k.p.i.AbstractProblemLoader Replaying proof methodCall1box.key.proof 
384576     DEBUG main            d.u.i.k.p.i.IntermediateProofReplayer Proof replay took 9.92ms 
384577     DEBUG main            d.u.i.k.p.r.p.TestFile    ... success: reloaded. 
384578     INFO  main            d.u.i.k.p.r.p.TestFile    Now processing file /home/runner/work/key/key/key.core/../key.ui/examples/standard_key/java_dl/methodCall3.key 
384578     INFO  main            d.u.i.k.p.i.AbstractProblemLoader Loading environment from /home/runner/work/key/key/key.core/../key.ui/examples/standard_key/java_dl/methodCall3.key 
384578     DEBUG main            d.u.i.k.p.i.AbstractProblemLoader Environment load took 75.3ns 
384579     INFO  main            d.u.i.k.p.i.AbstractProblemLoader Creating init config 
387053     DEBUG main            d.u.i.k.p.i.AbstractProblemLoader Init config took 2.47s 
387068     INFO  main            d.u.i.k.p.i.AbstractProblemLoader Replaying proof methodCall3.key 
387070     DEBUG main            d.u.i.k.p.i.IntermediateProofReplayer Proof replay took 8.2ns 
387172     INFO  main            d.u.i.k.p.r.p.TestFile    ... finished proof: closed. 
387609     INFO  main            d.u.i.k.p.i.AbstractProblemLoader Loading environment from /home/runner/work/key/key/key.core/../key.ui/examples/standard_key/java_dl/methodCall3.key.proof 
387609     DEBUG main            d.u.i.k.p.i.AbstractProblemLoader Environment load took 120ns 
387610     INFO  main            d.u.i.k.p.i.AbstractProblemLoader Creating init config 
390062     DEBUG main            d.u.i.k.p.i.AbstractProblemLoader Init config took 2.45s 
390077     INFO  main            d.u.i.k.p.i.AbstractProblemLoader Replaying proof methodCall3.key.proof 
390085     DEBUG main            d.u.i.k.p.i.IntermediateProofReplayer Proof replay took 6.44ms 
390086     DEBUG main            d.u.i.k.p.r.p.TestFile    ... success: reloaded. 
390087     INFO  main            d.u.i.k.p.r.p.TestFile    Now processing file /home/runner/work/key/key/key.core/../key.ui/examples/standard_key/java_dl/polishFlagSort.key 
390087     INFO  main            d.u.i.k.p.i.AbstractProblemLoader Loading environment from /home/runner/work/key/key/key.core/../key.ui/examples/standard_key/java_dl/polishFlagSort.key 
390087     DEBUG main            d.u.i.k.p.i.AbstractProblemLoader Environment load took 69.6ns 
390089     INFO  main            d.u.i.k.p.i.AbstractProblemLoader Creating init config 
392606     DEBUG main            d.u.i.k.p.i.AbstractProblemLoader Init config took 2.52s 
392622     INFO  main            d.u.i.k.p.i.AbstractProblemLoader Replaying proof polishFlagSort.key 
392623     DEBUG main            d.u.i.k.p.i.IntermediateProofReplayer Proof replay took 9.8ns 
394832     INFO  main            d.u.i.k.p.r.p.TestFile    ... finished proof: closed. 
395327     INFO  main            d.u.i.k.p.i.AbstractProblemLoader Loading environment from /home/runner/work/key/key/key.core/../key.ui/examples/standard_key/java_dl/polishFlagSort.key.proof 
395327     DEBUG main            d.u.i.k.p.i.AbstractProblemLoader Environment load took 490.01ns 
395329     INFO  main            d.u.i.k.p.i.AbstractProblemLoader Creating init config 
397797     DEBUG main            d.u.i.k.p.i.AbstractProblemLoader Init config took 2.47s 
397812     INFO  main            d.u.i.k.p.i.AbstractProblemLoader Replaying proof polishFlagSort.key.proof 
398051     DEBUG main            d.u.i.k.p.i.IntermediateProofReplayer Proof replay took 227.83ms 
398053     DEBUG main            d.u.i.k.p.r.p.TestFile    ... success: reloaded. 
398054     INFO  main            d.u.i.k.p.r.p.TestFile    Now processing file /home/runner/work/key/key/key.core/../key.ui/examples/standard_key/java_dl/postConditionTaclets1.key 
398055     INFO  main            d.u.i.k.p.i.AbstractProblemLoader Loading environment from /home/runner/work/key/key/key.core/../key.ui/examples/standard_key/java_dl/postConditionTaclets1.key 
398055     DEBUG main            d.u.i.k.p.i.AbstractProblemLoader Environment load took 211.71ns 
398056     INFO  main            d.u.i.k.p.i.AbstractProblemLoader Creating init config 
400509     DEBUG main            d.u.i.k.p.i.AbstractProblemLoader Init config took 2.45s 
400524     INFO  main            d.u.i.k.p.i.AbstractProblemLoader Replaying proof postConditionTaclets1.key 
400526     DEBUG main            d.u.i.k.p.i.IntermediateProofReplayer Proof replay took 9.1ns 
400627     INFO  main            d.u.i.k.p.r.p.TestFile    ... finished proof: closed. 
401133     INFO  main            d.u.i.k.p.i.AbstractProblemLoader Loading environment from /home/runner/work/key/key/key.core/../key.ui/examples/standard_key/java_dl/postConditionTaclets1.key.proof 
401133     DEBUG main            d.u.i.k.p.i.AbstractProblemLoader Environment load took 97.4ns 
401134     INFO  main            d.u.i.k.p.i.AbstractProblemLoader Creating init config 
403528     DEBUG main            d.u.i.k.p.i.AbstractProblemLoader Init config took 2.39s 
403543     INFO  main            d.u.i.k.p.i.AbstractProblemLoader Replaying proof postConditionTaclets1.key.proof 
403545     DEBUG main            d.u.i.k.p.i.IntermediateProofReplayer Proof replay took 349.51ns 
403546     DEBUG main            d.u.i.k.p.r.p.TestFile    ... success: reloaded. 
403547     INFO  main            d.u.i.k.p.r.p.TestFile    Now processing file /home/runner/work/key/key/key.core/../key.ui/examples/standard_key/java_dl/postConditionTaclets2.key 
403547     INFO  main            d.u.i.k.p.i.AbstractProblemLoader Loading environment from /home/runner/work/key/key/key.core/../key.ui/examples/standard_key/java_dl/postConditionTaclets2.key 
403547     DEBUG main            d.u.i.k.p.i.AbstractProblemLoader Environment load took 75.8ns 
403548     INFO  main            d.u.i.k.p.i.AbstractProblemLoader Creating init config 
405944     DEBUG main            d.u.i.k.p.i.AbstractProblemLoader Init config took 2.4s 
405959     INFO  main            d.u.i.k.p.i.AbstractProblemLoader Replaying proof postConditionTaclets2.key 
405960     DEBUG main            d.u.i.k.p.i.IntermediateProofReplayer Proof replay took 7.3ns 
406062     INFO  main            d.u.i.k.p.r.p.TestFile    ... finished proof: closed. 
406518     INFO  main            d.u.i.k.p.i.AbstractProblemLoader Loading environment from /home/runner/work/key/key/key.core/../key.ui/examples/standard_key/java_dl/postConditionTaclets2.key.proof 
406518     DEBUG main            d.u.i.k.p.i.AbstractProblemLoader Environment load took 125.2ns 
406519     INFO  main            d.u.i.k.p.i.AbstractProblemLoader Creating init config 
408892     DEBUG main            d.u.i.k.p.i.AbstractProblemLoader Init config took 2.37s 
408906     INFO  main            d.u.i.k.p.i.AbstractProblemLoader Replaying proof postConditionTaclets2.key.proof 
408909     DEBUG main            d.u.i.k.p.i.IntermediateProofReplayer Proof replay took 555.21ns 
408910     DEBUG main            d.u.i.k.p.r.p.TestFile    ... success: reloaded. 
408910     INFO  main            d.u.i.k.p.r.p.TestFile    Now processing file /home/runner/work/key/key/key.core/../key.ui/examples/standard_key/java_dl/quantifiedQuery.key 
408911     INFO  main            d.u.i.k.p.i.AbstractProblemLoader Loading environment from /home/runner/work/key/key/key.core/../key.ui/examples/standard_key/java_dl/quantifiedQuery.key 
408911     DEBUG main            d.u.i.k.p.i.AbstractProblemLoader Environment load took 97.1ns 
408912     INFO  main            d.u.i.k.p.i.AbstractProblemLoader Creating init config 
411361     DEBUG main            d.u.i.k.p.i.AbstractProblemLoader Init config took 2.45s 
411375     INFO  main            d.u.i.k.p.i.AbstractProblemLoader Replaying proof quantifiedQuery.key 
411377     DEBUG main            d.u.i.k.p.i.IntermediateProofReplayer Proof replay took 8ns 
411480     INFO  main            d.u.i.k.p.r.p.TestFile    ... finished proof: closed. 
411945     INFO  main            d.u.i.k.p.i.AbstractProblemLoader Loading environment from /home/runner/work/key/key/key.core/../key.ui/examples/standard_key/java_dl/quantifiedQuery.key.proof 
411945     DEBUG main            d.u.i.k.p.i.AbstractProblemLoader Environment load took 114.5ns 
411946     INFO  main            d.u.i.k.p.i.AbstractProblemLoader Creating init config 
414374     DEBUG main            d.u.i.k.p.i.AbstractProblemLoader Init config took 2.43s 
414389     INFO  main            d.u.i.k.p.i.AbstractProblemLoader Replaying proof quantifiedQuery.key.proof 
414399     DEBUG main            d.u.i.k.p.i.IntermediateProofReplayer Proof replay took 7.55ms 
414400     DEBUG main            d.u.i.k.p.r.p.TestFile    ... success: reloaded. 
414401     INFO  main            d.u.i.k.p.r.p.TestFile    Now processing file /home/runner/work/key/key/key.core/../key.ui/examples/standard_key/java_dl/recursion/triangular.key 
414401     INFO  main            d.u.i.k.p.i.AbstractProblemLoader Loading environment from /home/runner/work/key/key/key.core/../key.ui/examples/standard_key/java_dl/recursion/triangular.key 
414401     DEBUG main            d.u.i.k.p.i.AbstractProblemLoader Environment load took 83.9ns 
414402     INFO  main            d.u.i.k.p.i.AbstractProblemLoader Creating init config 
416838     DEBUG main            d.u.i.k.p.i.AbstractProblemLoader Init config took 2.44s 
416873     INFO  main            d.u.i.k.p.i.AbstractProblemLoader Replaying proof Triangular[Triangular::tria(int)].JML normal_behavior operation contract.0 
416874     DEBUG main            d.u.i.k.p.i.IntermediateProofReplayer Proof replay took 8.5ns 
417077     INFO  main            d.u.i.k.p.r.p.TestFile    ... finished proof: closed. 
417571     INFO  main            d.u.i.k.p.i.AbstractProblemLoader Loading environment from /home/runner/work/key/key/key.core/../key.ui/examples/standard_key/java_dl/recursion/triangular.key.proof 
417571     DEBUG main            d.u.i.k.p.i.AbstractProblemLoader Environment load took 97.5ns 
417572     INFO  main            d.u.i.k.p.i.AbstractProblemLoader Creating init config 
420000     DEBUG main            d.u.i.k.p.i.AbstractProblemLoader Init config took 2.43s 
420034     INFO  main            d.u.i.k.p.i.AbstractProblemLoader Replaying proof Triangular[Triangular::tria(int)].JML normal_behavior operation contract.0 
420059     DEBUG main            d.u.i.k.p.i.IntermediateProofReplayer Proof replay took 22.54ms 
420060     DEBUG main            d.u.i.k.p.r.p.TestFile    ... success: reloaded. 
420060     INFO  main            d.u.i.k.p.r.p.TestFile    Now processing file /home/runner/work/key/key/key.core/../key.ui/examples/standard_key/java_dl/reverseArray.key 
420061     INFO  main            d.u.i.k.p.i.AbstractProblemLoader Loading environment from /home/runner/work/key/key/key.core/../key.ui/examples/standard_key/java_dl/reverseArray.key 
420061     DEBUG main            d.u.i.k.p.i.AbstractProblemLoader Environment load took 76.9ns 
420063     INFO  main            d.u.i.k.p.i.AbstractProblemLoader Creating init config 
420083     WARN  main            d.u.i.k.j.r.KeYCrossReferenceNameInfo Datatype java.io.PrintStream declared twice: Once in FILE:/home/runner/work/key/key/key.core/../key.ui/examples/standard_key/java_dl/./classpath/PrintStream.java and once in URL:file:/home/runner/work/key/key/key.core/build/resources/main/de/uka/ilkd/key/java/JavaRedux/java/io/PrintStream.java, Keeping one from URL:file:/home/runner/work/key/key/key.core/build/resources/main/de/uka/ilkd/key/java/JavaRedux/java/io/PrintStream.java 
420083     WARN  main            d.u.i.k.j.r.KeYCrossReferenceNameInfo Datatype java.lang.System declared twice: Once in FILE:/home/runner/work/key/key/key.core/../key.ui/examples/standard_key/java_dl/./classpath/System.java and once in URL:file:/home/runner/work/key/key/key.core/build/resources/main/de/uka/ilkd/key/java/JavaRedux/java/lang/System.java, Keeping one from URL:file:/home/runner/work/key/key/key.core/build/resources/main/de/uka/ilkd/key/java/JavaRedux/java/lang/System.java 
420083     WARN  main            d.u.i.k.j.r.KeYCrossReferenceNameInfo Datatype java.io.InputStream declared twice: Once in FILE:/home/runner/work/key/key/key.core/../key.ui/examples/standard_key/java_dl/./classpath/InputStream.java and once in URL:file:/home/runner/work/key/key/key.core/build/resources/main/de/uka/ilkd/key/java/JavaRedux/java/io/InputStream.java, Keeping one from URL:file:/home/runner/work/key/key/key.core/build/resources/main/de/uka/ilkd/key/java/JavaRedux/java/io/InputStream.java 
420086     DEBUG main            d.u.i.k.j.r.ClassFileDeclarationBuilder Parsing: package java.io; public class Closeable { } 
420087     DEBUG main            r.s.KeYCrossReferenceSourceInfo Dynamically created class: java.io.Closeable 
422641     DEBUG main            d.u.i.k.p.i.AbstractProblemLoader Init config took 2.58s 
422657     INFO  main            d.u.i.k.p.i.AbstractProblemLoader Replaying proof reverseArray.key 
422659     DEBUG main            d.u.i.k.p.i.IntermediateProofReplayer Proof replay took 9.7ns 
427061     INFO  main            d.u.i.k.p.r.p.TestFile    ... finished proof: closed. 
427596     INFO  main            d.u.i.k.p.i.AbstractProblemLoader Loading environment from /home/runner/work/key/key/key.core/../key.ui/examples/standard_key/java_dl/reverseArray.key.proof 
427597     DEBUG main            d.u.i.k.p.i.AbstractProblemLoader Environment load took 156.5ns 
427599     INFO  main            d.u.i.k.p.i.AbstractProblemLoader Creating init config 
427620     WARN  main            d.u.i.k.j.r.KeYCrossReferenceNameInfo Datatype java.io.PrintStream declared twice: Once in FILE:/home/runner/work/key/key/key.core/../key.ui/examples/standard_key/java_dl/classpath/PrintStream.java and once in URL:file:/home/runner/work/key/key/key.core/build/resources/main/de/uka/ilkd/key/java/JavaRedux/java/io/PrintStream.java, Keeping one from URL:file:/home/runner/work/key/key/key.core/build/resources/main/de/uka/ilkd/key/java/JavaRedux/java/io/PrintStream.java 
427620     WARN  main            d.u.i.k.j.r.KeYCrossReferenceNameInfo Datatype java.lang.System declared twice: Once in FILE:/home/runner/work/key/key/key.core/../key.ui/examples/standard_key/java_dl/classpath/System.java and once in URL:file:/home/runner/work/key/key/key.core/build/resources/main/de/uka/ilkd/key/java/JavaRedux/java/lang/System.java, Keeping one from URL:file:/home/runner/work/key/key/key.core/build/resources/main/de/uka/ilkd/key/java/JavaRedux/java/lang/System.java 
427620     WARN  main            d.u.i.k.j.r.KeYCrossReferenceNameInfo Datatype java.io.InputStream declared twice: Once in FILE:/home/runner/work/key/key/key.core/../key.ui/examples/standard_key/java_dl/classpath/InputStream.java and once in URL:file:/home/runner/work/key/key/key.core/build/resources/main/de/uka/ilkd/key/java/JavaRedux/java/io/InputStream.java, Keeping one from URL:file:/home/runner/work/key/key/key.core/build/resources/main/de/uka/ilkd/key/java/JavaRedux/java/io/InputStream.java 
427623     DEBUG main            d.u.i.k.j.r.ClassFileDeclarationBuilder Parsing: package java.io; public class Closeable { } 
427623     DEBUG main            r.s.KeYCrossReferenceSourceInfo Dynamically created class: java.io.Closeable 
430187     DEBUG main            d.u.i.k.p.i.AbstractProblemLoader Init config took 2.59s 
430203     INFO  main            d.u.i.k.p.i.AbstractProblemLoader Replaying proof reverseArray.key.proof 
430605     DEBUG main            d.u.i.k.p.i.IntermediateProofReplayer Proof replay took 391.03ms 
430607     DEBUG main            d.u.i.k.p.r.p.TestFile    ... success: reloaded. 
430608     INFO  main            d.u.i.k.p.r.p.TestFile    Now processing file /home/runner/work/key/key/key.core/../key.ui/examples/standard_key/java_dl/reverseArray2.key 
430608     INFO  main            d.u.i.k.p.i.AbstractProblemLoader Loading environment from /home/runner/work/key/key/key.core/../key.ui/examples/standard_key/java_dl/reverseArray2.key 
430608     DEBUG main            d.u.i.k.p.i.AbstractProblemLoader Environment load took 58.4ns 
430610     INFO  main            d.u.i.k.p.i.AbstractProblemLoader Creating init config 
430630     WARN  main            d.u.i.k.j.r.KeYCrossReferenceNameInfo Datatype java.io.PrintStream declared twice: Once in FILE:/home/runner/work/key/key/key.core/../key.ui/examples/standard_key/java_dl/classpath/PrintStream.java and once in URL:file:/home/runner/work/key/key/key.core/build/resources/main/de/uka/ilkd/key/java/JavaRedux/java/io/PrintStream.java, Keeping one from URL:file:/home/runner/work/key/key/key.core/build/resources/main/de/uka/ilkd/key/java/JavaRedux/java/io/PrintStream.java 
430630     WARN  main            d.u.i.k.j.r.KeYCrossReferenceNameInfo Datatype java.lang.System declared twice: Once in FILE:/home/runner/work/key/key/key.core/../key.ui/examples/standard_key/java_dl/classpath/System.java and once in URL:file:/home/runner/work/key/key/key.core/build/resources/main/de/uka/ilkd/key/java/JavaRedux/java/lang/System.java, Keeping one from URL:file:/home/runner/work/key/key/key.core/build/resources/main/de/uka/ilkd/key/java/JavaRedux/java/lang/System.java 
430630     WARN  main            d.u.i.k.j.r.KeYCrossReferenceNameInfo Datatype java.io.InputStream declared twice: Once in FILE:/home/runner/work/key/key/key.core/../key.ui/examples/standard_key/java_dl/classpath/InputStream.java and once in URL:file:/home/runner/work/key/key/key.core/build/resources/main/de/uka/ilkd/key/java/JavaRedux/java/io/InputStream.java, Keeping one from URL:file:/home/runner/work/key/key/key.core/build/resources/main/de/uka/ilkd/key/java/JavaRedux/java/io/InputStream.java 
430633     DEBUG main            d.u.i.k.j.r.ClassFileDeclarationBuilder Parsing: package java.io; public class Closeable { } 
430633     DEBUG main            r.s.KeYCrossReferenceSourceInfo Dynamically created class: java.io.Closeable 
433169     DEBUG main            d.u.i.k.p.i.AbstractProblemLoader Init config took 2.56s 
433184     INFO  main            d.u.i.k.p.i.AbstractProblemLoader Replaying proof reverseArray2.key 
433186     DEBUG main            d.u.i.k.p.i.IntermediateProofReplayer Proof replay took 48.8ns 
434592     INFO  main            d.u.i.k.p.r.p.TestFile    ... finished proof: closed. 
435175     INFO  main            d.u.i.k.p.i.AbstractProblemLoader Loading environment from /home/runner/work/key/key/key.core/../key.ui/examples/standard_key/java_dl/reverseArray2.key.proof 
435175     DEBUG main            d.u.i.k.p.i.AbstractProblemLoader Environment load took 388.41ns 
435177     INFO  main            d.u.i.k.p.i.AbstractProblemLoader Creating init config 
435198     WARN  main            d.u.i.k.j.r.KeYCrossReferenceNameInfo Datatype java.io.PrintStream declared twice: Once in FILE:/home/runner/work/key/key/key.core/../key.ui/examples/standard_key/java_dl/classpath/PrintStream.java and once in URL:file:/home/runner/work/key/key/key.core/build/resources/main/de/uka/ilkd/key/java/JavaRedux/java/io/PrintStream.java, Keeping one from URL:file:/home/runner/work/key/key/key.core/build/resources/main/de/uka/ilkd/key/java/JavaRedux/java/io/PrintStream.java 
435199     WARN  main            d.u.i.k.j.r.KeYCrossReferenceNameInfo Datatype java.lang.System declared twice: Once in FILE:/home/runner/work/key/key/key.core/../key.ui/examples/standard_key/java_dl/classpath/System.java and once in URL:file:/home/runner/work/key/key/key.core/build/resources/main/de/uka/ilkd/key/java/JavaRedux/java/lang/System.java, Keeping one from URL:file:/home/runner/work/key/key/key.core/build/resources/main/de/uka/ilkd/key/java/JavaRedux/java/lang/System.java 
435199     WARN  main            d.u.i.k.j.r.KeYCrossReferenceNameInfo Datatype java.io.InputStream declared twice: Once in FILE:/home/runner/work/key/key/key.core/../key.ui/examples/standard_key/java_dl/classpath/InputStream.java and once in URL:file:/home/runner/work/key/key/key.core/build/resources/main/de/uka/ilkd/key/java/JavaRedux/java/io/InputStream.java, Keeping one from URL:file:/home/runner/work/key/key/key.core/build/resources/main/de/uka/ilkd/key/java/JavaRedux/java/io/InputStream.java 
435202     DEBUG main            d.u.i.k.j.r.ClassFileDeclarationBuilder Parsing: package java.io; public class Closeable { } 
435202     DEBUG main            r.s.KeYCrossReferenceSourceInfo Dynamically created class: java.io.Closeable 
437674     DEBUG main            d.u.i.k.p.i.AbstractProblemLoader Init config took 2.5s 
437690     INFO  main            d.u.i.k.p.i.AbstractProblemLoader Replaying proof reverseArray2.key.proof 
437859     DEBUG main            d.u.i.k.p.i.IntermediateProofReplayer Proof replay took 164.16ms 
437861     DEBUG main            d.u.i.k.p.r.p.TestFile    ... success: reloaded. 
437862     INFO  main            d.u.i.k.p.r.p.TestFile    Now processing file /home/runner/work/key/key/key.core/../key.ui/examples/standard_key/java_dl/simpleAssignment.key 
437862     INFO  main            d.u.i.k.p.i.AbstractProblemLoader Loading environment from /home/runner/work/key/key/key.core/../key.ui/examples/standard_key/java_dl/simpleAssignment.key 
437862     DEBUG main            d.u.i.k.p.i.AbstractProblemLoader Environment load took 75.2ns 
437863     INFO  main            d.u.i.k.p.i.AbstractProblemLoader Creating init config 
440278     DEBUG main            d.u.i.k.p.i.AbstractProblemLoader Init config took 2.42s 
440292     INFO  main            d.u.i.k.p.i.AbstractProblemLoader Replaying proof simpleAssignment.key 
440297     DEBUG main            d.u.i.k.p.i.IntermediateProofReplayer Proof replay took 4.2ns 
440398     INFO  main            d.u.i.k.p.r.p.TestFile    ... finished proof: closed. 
440954     INFO  main            d.u.i.k.p.i.AbstractProblemLoader Loading environment from /home/runner/work/key/key/key.core/../key.ui/examples/standard_key/java_dl/simpleAssignment.key.proof 
440954     DEBUG main            d.u.i.k.p.i.AbstractProblemLoader Environment load took 98.3ns 
440955     INFO  main            d.u.i.k.p.i.AbstractProblemLoader Creating init config 
443324     DEBUG main            d.u.i.k.p.i.AbstractProblemLoader Init config took 2.37s 
443338     INFO  main            d.u.i.k.p.i.AbstractProblemLoader Replaying proof simpleAssignment.key.proof 
443340     DEBUG main            d.u.i.k.p.i.IntermediateProofReplayer Proof replay took 602.51ns 
443341     DEBUG main            d.u.i.k.p.r.p.TestFile    ... success: reloaded. 
443341     INFO  main            d.u.i.k.p.r.p.TestFile    Now processing file /home/runner/work/key/key/key.core/../key.ui/examples/standard_key/java_dl/simpleAssignment2.key 
443341     INFO  main            d.u.i.k.p.i.AbstractProblemLoader Loading environment from /home/runner/work/key/key/key.core/../key.ui/examples/standard_key/java_dl/simpleAssignment2.key 
443342     DEBUG main            d.u.i.k.p.i.AbstractProblemLoader Environment load took 54ns 
443342     INFO  main            d.u.i.k.p.i.AbstractProblemLoader Creating init config 
445747     DEBUG main            d.u.i.k.p.i.AbstractProblemLoader Init config took 2.4s 
445761     INFO  main            d.u.i.k.p.i.AbstractProblemLoader Replaying proof simpleAssignment2.key 
445763     DEBUG main            d.u.i.k.p.i.IntermediateProofReplayer Proof replay took 6.2ns 
445866     INFO  main            d.u.i.k.p.r.p.TestFile    ... finished proof: closed. 
446364     INFO  main            d.u.i.k.p.i.AbstractProblemLoader Loading environment from /home/runner/work/key/key/key.core/../key.ui/examples/standard_key/java_dl/simpleAssignment2.key.proof 
446364     DEBUG main            d.u.i.k.p.i.AbstractProblemLoader Environment load took 94.8ns 
446365     INFO  main            d.u.i.k.p.i.AbstractProblemLoader Creating init config 
448753     DEBUG main            d.u.i.k.p.i.AbstractProblemLoader Init config took 2.39s 
448767     INFO  main            d.u.i.k.p.i.AbstractProblemLoader Replaying proof simpleAssignment2.key.proof 
448769     DEBUG main            d.u.i.k.p.i.IntermediateProofReplayer Proof replay took 468.11ns 
448770     DEBUG main            d.u.i.k.p.r.p.TestFile    ... success: reloaded. 
448770     INFO  main            d.u.i.k.p.r.p.TestFile    Now processing file /home/runner/work/key/key/key.core/../key.ui/examples/standard_key/java_dl/splittingWithQueries.key 
448770     INFO  main            d.u.i.k.p.i.AbstractProblemLoader Loading environment from /home/runner/work/key/key/key.core/../key.ui/examples/standard_key/java_dl/splittingWithQueries.key 
448771     DEBUG main            d.u.i.k.p.i.AbstractProblemLoader Environment load took 53.9ns 
448772     INFO  main            d.u.i.k.p.i.AbstractProblemLoader Creating init config 
451246     DEBUG main            d.u.i.k.p.i.AbstractProblemLoader Init config took 2.47s 
451260     INFO  main            d.u.i.k.p.i.AbstractProblemLoader Replaying proof splittingWithQueries.key 
451262     DEBUG main            d.u.i.k.p.i.IntermediateProofReplayer Proof replay took 5.3ns 
451364     INFO  main            d.u.i.k.p.r.p.TestFile    ... finished proof: closed. 
451886     INFO  main            d.u.i.k.p.i.AbstractProblemLoader Loading environment from /home/runner/work/key/key/key.core/../key.ui/examples/standard_key/java_dl/splittingWithQueries.key.proof 
451886     DEBUG main            d.u.i.k.p.i.AbstractProblemLoader Environment load took 105.5ns 
451887     INFO  main            d.u.i.k.p.i.AbstractProblemLoader Creating init config 
454346     DEBUG main            d.u.i.k.p.i.AbstractProblemLoader Init config took 2.46s 
454360     INFO  main            d.u.i.k.p.i.AbstractProblemLoader Replaying proof splittingWithQueries.key.proof 
454362     DEBUG main            d.u.i.k.p.i.IntermediateProofReplayer Proof replay took 1.29ms 
454363     DEBUG main            d.u.i.k.p.r.p.TestFile    ... success: reloaded. 
454364     INFO  main            d.u.i.k.p.r.p.TestFile    Now processing file /home/runner/work/key/key/key.core/../key.ui/examples/standard_key/java_dl/strassen/strassen.key 
454365     INFO  main            d.u.i.k.p.i.AbstractProblemLoader Loading environment from /home/runner/work/key/key/key.core/../key.ui/examples/standard_key/java_dl/strassen/strassen.key 
454365     DEBUG main            d.u.i.k.p.i.AbstractProblemLoader Environment load took 48ns 
454365     INFO  main            d.u.i.k.p.i.AbstractProblemLoader Creating init config 
456936     DEBUG main            d.u.i.k.p.i.AbstractProblemLoader Init config took 2.57s 
456971     INFO  main            d.u.i.k.p.i.AbstractProblemLoader Replaying proof Matrix22[Matrix22::strassen(Matrix22,Matrix22)].JML normal_behavior operation contract.0 
456973     DEBUG main            d.u.i.k.p.i.IntermediateProofReplayer Proof replay took 3.2ns 
461725     INFO  main            d.u.i.k.p.r.p.TestFile    ... finished proof: closed. 
462371     INFO  main            d.u.i.k.p.i.AbstractProblemLoader Loading environment from /home/runner/work/key/key/key.core/../key.ui/examples/standard_key/java_dl/strassen/strassen.key.proof 
462371     DEBUG main            d.u.i.k.p.i.AbstractProblemLoader Environment load took 405.51ns 
462373     INFO  main            d.u.i.k.p.i.AbstractProblemLoader Creating init config 
464880     DEBUG main            d.u.i.k.p.i.AbstractProblemLoader Init config took 2.51s 
464915     INFO  main            d.u.i.k.p.i.AbstractProblemLoader Replaying proof Matrix22[Matrix22::strassen(Matrix22,Matrix22)].JML normal_behavior operation contract.0 
465318     DEBUG main            d.u.i.k.p.i.IntermediateProofReplayer Proof replay took 393.74ms 
465319     DEBUG main            d.u.i.k.p.r.p.TestFile    ... success: reloaded. 
465320     INFO  main            d.u.i.k.p.r.p.TestFile    Now processing file /home/runner/work/key/key/key.core/../key.ui/examples/standard_key/java_dl/symmArray.key 
465321     INFO  main            d.u.i.k.p.i.AbstractProblemLoader Loading environment from /home/runner/work/key/key/key.core/../key.ui/examples/standard_key/java_dl/symmArray.key 
465321     DEBUG main            d.u.i.k.p.i.AbstractProblemLoader Environment load took 162.6ns 
465324     INFO  main            d.u.i.k.p.i.AbstractProblemLoader Creating init config 
467896     DEBUG main            d.u.i.k.p.i.AbstractProblemLoader Init config took 2.57s 
467912     INFO  main            d.u.i.k.p.i.AbstractProblemLoader Replaying proof symmArray.key 
467913     DEBUG main            d.u.i.k.p.i.IntermediateProofReplayer Proof replay took 3.1ns 
546798     INFO  main            d.u.i.k.p.r.p.TestFile    ... finished proof: closed. 
547445     INFO  main            d.u.i.k.p.i.AbstractProblemLoader Loading environment from /home/runner/work/key/key/key.core/../key.ui/examples/standard_key/java_dl/symmArray.key.proof 
547445     DEBUG main            d.u.i.k.p.i.AbstractProblemLoader Environment load took 186.7ns 
547450     INFO  main            d.u.i.k.p.i.AbstractProblemLoader Creating init config 
549943     DEBUG main            d.u.i.k.p.i.AbstractProblemLoader Init config took 2.49s 
549959     INFO  main            d.u.i.k.p.i.AbstractProblemLoader Replaying proof symmArray.key.proof 
550821     DEBUG main            d.u.i.k.p.i.IntermediateProofReplayer Proof replay took 813.77ms 
550826     DEBUG main            d.u.i.k.p.r.p.TestFile    ... success: reloaded. 
550827     INFO  main            d.u.i.k.p.r.p.TestFile    Now processing file /home/runner/work/key/key/key.core/../key.ui/examples/standard_key/java_dl/testcontext.key 
550827     INFO  main            d.u.i.k.p.i.AbstractProblemLoader Loading environment from /home/runner/work/key/key/key.core/../key.ui/examples/standard_key/java_dl/testcontext.key 
550827     DEBUG main            d.u.i.k.p.i.AbstractProblemLoader Environment load took 90.4ns 
550828     INFO  main            d.u.i.k.p.i.AbstractProblemLoader Creating init config 
550849     WARN  main            d.u.i.k.j.r.KeYCrossReferenceNameInfo Datatype java.io.PrintStream declared twice: Once in FILE:/home/runner/work/key/key/key.core/../key.ui/examples/standard_key/java_dl/classpath/PrintStream.java and once in URL:file:/home/runner/work/key/key/key.core/build/resources/main/de/uka/ilkd/key/java/JavaRedux/java/io/PrintStream.java, Keeping one from URL:file:/home/runner/work/key/key/key.core/build/resources/main/de/uka/ilkd/key/java/JavaRedux/java/io/PrintStream.java 
550849     WARN  main            d.u.i.k.j.r.KeYCrossReferenceNameInfo Datatype java.lang.System declared twice: Once in FILE:/home/runner/work/key/key/key.core/../key.ui/examples/standard_key/java_dl/classpath/System.java and once in URL:file:/home/runner/work/key/key/key.core/build/resources/main/de/uka/ilkd/key/java/JavaRedux/java/lang/System.java, Keeping one from URL:file:/home/runner/work/key/key/key.core/build/resources/main/de/uka/ilkd/key/java/JavaRedux/java/lang/System.java 
550849     WARN  main            d.u.i.k.j.r.KeYCrossReferenceNameInfo Datatype java.io.InputStream declared twice: Once in FILE:/home/runner/work/key/key/key.core/../key.ui/examples/standard_key/java_dl/classpath/InputStream.java and once in URL:file:/home/runner/work/key/key/key.core/build/resources/main/de/uka/ilkd/key/java/JavaRedux/java/io/InputStream.java, Keeping one from URL:file:/home/runner/work/key/key/key.core/build/resources/main/de/uka/ilkd/key/java/JavaRedux/java/io/InputStream.java 
550852     DEBUG main            d.u.i.k.j.r.ClassFileDeclarationBuilder Parsing: package java.io; public class Closeable { } 
550852     DEBUG main            r.s.KeYCrossReferenceSourceInfo Dynamically created class: java.io.Closeable 
553309     DEBUG main            d.u.i.k.p.i.AbstractProblemLoader Init config took 2.48s 
553356     INFO  main            d.u.i.k.p.i.AbstractProblemLoader Replaying proof testcontext.key 
553358     DEBUG main            d.u.i.k.p.i.IntermediateProofReplayer Proof replay took 5.1ns 
553661     INFO  main            d.u.i.k.p.r.p.TestFile    ... finished proof: closed. 
554318     INFO  main            d.u.i.k.p.i.AbstractProblemLoader Loading environment from /home/runner/work/key/key/key.core/../key.ui/examples/standard_key/java_dl/testcontext.key.proof 
554318     DEBUG main            d.u.i.k.p.i.AbstractProblemLoader Environment load took 104.2ns 
554319     INFO  main            d.u.i.k.p.i.AbstractProblemLoader Creating init config 
554340     WARN  main            d.u.i.k.j.r.KeYCrossReferenceNameInfo Datatype java.io.PrintStream declared twice: Once in FILE:/home/runner/work/key/key/key.core/../key.ui/examples/standard_key/java_dl/classpath/PrintStream.java and once in URL:file:/home/runner/work/key/key/key.core/build/resources/main/de/uka/ilkd/key/java/JavaRedux/java/io/PrintStream.java, Keeping one from URL:file:/home/runner/work/key/key/key.core/build/resources/main/de/uka/ilkd/key/java/JavaRedux/java/io/PrintStream.java 
554341     WARN  main            d.u.i.k.j.r.KeYCrossReferenceNameInfo Datatype java.lang.System declared twice: Once in FILE:/home/runner/work/key/key/key.core/../key.ui/examples/standard_key/java_dl/classpath/System.java and once in URL:file:/home/runner/work/key/key/key.core/build/resources/main/de/uka/ilkd/key/java/JavaRedux/java/lang/System.java, Keeping one from URL:file:/home/runner/work/key/key/key.core/build/resources/main/de/uka/ilkd/key/java/JavaRedux/java/lang/System.java 
554341     WARN  main            d.u.i.k.j.r.KeYCrossReferenceNameInfo Datatype java.io.InputStream declared twice: Once in FILE:/home/runner/work/key/key/key.core/../key.ui/examples/standard_key/java_dl/classpath/InputStream.java and once in URL:file:/home/runner/work/key/key/key.core/build/resources/main/de/uka/ilkd/key/java/JavaRedux/java/io/InputStream.java, Keeping one from URL:file:/home/runner/work/key/key/key.core/build/resources/main/de/uka/ilkd/key/java/JavaRedux/java/io/InputStream.java 
554344     DEBUG main            d.u.i.k.j.r.ClassFileDeclarationBuilder Parsing: package java.io; public class Closeable { } 
554344     DEBUG main            r.s.KeYCrossReferenceSourceInfo Dynamically created class: java.io.Closeable 
556755     DEBUG main            d.u.i.k.p.i.AbstractProblemLoader Init config took 2.44s 
556770     INFO  main            d.u.i.k.p.i.AbstractProblemLoader Replaying proof testcontext.key.proof 
556811     DEBUG main            d.u.i.k.p.i.IntermediateProofReplayer Proof replay took 38.39ms 
556812     DEBUG main            d.u.i.k.p.r.p.TestFile    ... success: reloaded. 
556813     INFO  main            d.u.i.k.p.r.p.TestFile    Now processing file /home/runner/work/key/key/key.core/../key.ui/examples/standard_key/staticInitialisation/cascadeStaticInitialisation.key 
556813     INFO  main            d.u.i.k.p.i.AbstractProblemLoader Loading environment from /home/runner/work/key/key/key.core/../key.ui/examples/standard_key/staticInitialisation/cascadeStaticInitialisation.key 
556813     DEBUG main            d.u.i.k.p.i.AbstractProblemLoader Environment load took 81.6ns 
556816     INFO  main            d.u.i.k.p.i.AbstractProblemLoader Creating init config 
556835     WARN  main            d.u.i.k.j.r.KeYCrossReferenceNameInfo Datatype java.io.PrintStream declared twice: Once in FILE:/home/runner/work/key/key/key.core/../key.ui/examples/standard_key/staticInitialisation/classpath/PrintStream.java and once in URL:file:/home/runner/work/key/key/key.core/build/resources/main/de/uka/ilkd/key/java/JavaRedux/java/io/PrintStream.java, Keeping one from URL:file:/home/runner/work/key/key/key.core/build/resources/main/de/uka/ilkd/key/java/JavaRedux/java/io/PrintStream.java 
556836     WARN  main            d.u.i.k.j.r.KeYCrossReferenceNameInfo Datatype java.lang.System declared twice: Once in FILE:/home/runner/work/key/key/key.core/../key.ui/examples/standard_key/staticInitialisation/classpath/System.java and once in URL:file:/home/runner/work/key/key/key.core/build/resources/main/de/uka/ilkd/key/java/JavaRedux/java/lang/System.java, Keeping one from URL:file:/home/runner/work/key/key/key.core/build/resources/main/de/uka/ilkd/key/java/JavaRedux/java/lang/System.java 
559281     DEBUG main            d.u.i.k.p.i.AbstractProblemLoader Init config took 2.47s 
559297     INFO  main            d.u.i.k.p.i.AbstractProblemLoader Replaying proof cascadeStaticInitialisation.key 
559298     DEBUG main            d.u.i.k.p.i.IntermediateProofReplayer Proof replay took 4.1ns 
560005     INFO  main            d.u.i.k.p.r.p.TestFile    ... finished proof: closed. 
560587     INFO  main            d.u.i.k.p.i.AbstractProblemLoader Loading environment from /home/runner/work/key/key/key.core/../key.ui/examples/standard_key/staticInitialisation/cascadeStaticInitialisation.key.proof 
560587     DEBUG main            d.u.i.k.p.i.AbstractProblemLoader Environment load took 111.6ns 
560588     INFO  main            d.u.i.k.p.i.AbstractProblemLoader Creating init config 
560612     WARN  main            d.u.i.k.j.r.KeYCrossReferenceNameInfo Datatype java.io.PrintStream declared twice: Once in FILE:/home/runner/work/key/key/key.core/../key.ui/examples/standard_key/staticInitialisation/classpath/PrintStream.java and once in URL:file:/home/runner/work/key/key/key.core/build/resources/main/de/uka/ilkd/key/java/JavaRedux/java/io/PrintStream.java, Keeping one from URL:file:/home/runner/work/key/key/key.core/build/resources/main/de/uka/ilkd/key/java/JavaRedux/java/io/PrintStream.java 
560612     WARN  main            d.u.i.k.j.r.KeYCrossReferenceNameInfo Datatype java.lang.System declared twice: Once in FILE:/home/runner/work/key/key/key.core/../key.ui/examples/standard_key/staticInitialisation/classpath/System.java and once in URL:file:/home/runner/work/key/key/key.core/build/resources/main/de/uka/ilkd/key/java/JavaRedux/java/lang/System.java, Keeping one from URL:file:/home/runner/work/key/key/key.core/build/resources/main/de/uka/ilkd/key/java/JavaRedux/java/lang/System.java 
563120     DEBUG main            d.u.i.k.p.i.AbstractProblemLoader Init config took 2.53s 
563137     INFO  main            d.u.i.k.p.i.AbstractProblemLoader Replaying proof cascadeStaticInitialisation.key.proof 
563241     DEBUG main            d.u.i.k.p.i.IntermediateProofReplayer Proof replay took 100.89ms 
563242     DEBUG main            d.u.i.k.p.r.p.TestFile    ... success: reloaded. 
563243     INFO  main            d.u.i.k.p.r.p.TestFile    Now processing file /home/runner/work/key/key/key.core/../key.ui/examples/standard_key/staticInitialisation/erroneousClassImpliesErroneousSubclass.key 
563243     INFO  main            d.u.i.k.p.i.AbstractProblemLoader Loading environment from /home/runner/work/key/key/key.core/../key.ui/examples/standard_key/staticInitialisation/erroneousClassImpliesErroneousSubclass.key 
563243     DEBUG main            d.u.i.k.p.i.AbstractProblemLoader Environment load took 51.7ns 
563244     INFO  main            d.u.i.k.p.i.AbstractProblemLoader Creating init config 
563264     WARN  main            d.u.i.k.j.r.KeYCrossReferenceNameInfo Datatype java.io.PrintStream declared twice: Once in FILE:/home/runner/work/key/key/key.core/../key.ui/examples/standard_key/staticInitialisation/classpath/PrintStream.java and once in URL:file:/home/runner/work/key/key/key.core/build/resources/main/de/uka/ilkd/key/java/JavaRedux/java/io/PrintStream.java, Keeping one from URL:file:/home/runner/work/key/key/key.core/build/resources/main/de/uka/ilkd/key/java/JavaRedux/java/io/PrintStream.java 
563264     WARN  main            d.u.i.k.j.r.KeYCrossReferenceNameInfo Datatype java.lang.System declared twice: Once in FILE:/home/runner/work/key/key/key.core/../key.ui/examples/standard_key/staticInitialisation/classpath/System.java and once in URL:file:/home/runner/work/key/key/key.core/build/resources/main/de/uka/ilkd/key/java/JavaRedux/java/lang/System.java, Keeping one from URL:file:/home/runner/work/key/key/key.core/build/resources/main/de/uka/ilkd/key/java/JavaRedux/java/lang/System.java 
565717     DEBUG main            d.u.i.k.p.i.AbstractProblemLoader Init config took 2.47s 
565731     INFO  main            d.u.i.k.p.i.AbstractProblemLoader Replaying proof erroneousClassImpliesErroneousSubclass.key 
565732     DEBUG main            d.u.i.k.p.i.IntermediateProofReplayer Proof replay took 4.5ns 
565834     INFO  main            d.u.i.k.p.r.p.TestFile    ... finished proof: closed. 
566433     INFO  main            d.u.i.k.p.i.AbstractProblemLoader Loading environment from /home/runner/work/key/key/key.core/../key.ui/examples/standard_key/staticInitialisation/erroneousClassImpliesErroneousSubclass.key.proof 
566433     DEBUG main            d.u.i.k.p.i.AbstractProblemLoader Environment load took 98.1ns 
566434     INFO  main            d.u.i.k.p.i.AbstractProblemLoader Creating init config 
566454     WARN  main            d.u.i.k.j.r.KeYCrossReferenceNameInfo Datatype java.io.PrintStream declared twice: Once in FILE:/home/runner/work/key/key/key.core/../key.ui/examples/standard_key/staticInitialisation/classpath/PrintStream.java and once in URL:file:/home/runner/work/key/key/key.core/build/resources/main/de/uka/ilkd/key/java/JavaRedux/java/io/PrintStream.java, Keeping one from URL:file:/home/runner/work/key/key/key.core/build/resources/main/de/uka/ilkd/key/java/JavaRedux/java/io/PrintStream.java 
566454     WARN  main            d.u.i.k.j.r.KeYCrossReferenceNameInfo Datatype java.lang.System declared twice: Once in FILE:/home/runner/work/key/key/key.core/../key.ui/examples/standard_key/staticInitialisation/classpath/System.java and once in URL:file:/home/runner/work/key/key/key.core/build/resources/main/de/uka/ilkd/key/java/JavaRedux/java/lang/System.java, Keeping one from URL:file:/home/runner/work/key/key/key.core/build/resources/main/de/uka/ilkd/key/java/JavaRedux/java/lang/System.java 
568873     DEBUG main            d.u.i.k.p.i.AbstractProblemLoader Init config took 2.44s 
568887     INFO  main            d.u.i.k.p.i.AbstractProblemLoader Replaying proof erroneousClassImpliesErroneousSubclass.key.proof 
568889     DEBUG main            d.u.i.k.p.i.IntermediateProofReplayer Proof replay took 534.71ns 
568890     DEBUG main            d.u.i.k.p.r.p.TestFile    ... success: reloaded. 
568890     INFO  main            d.u.i.k.p.r.p.TestFile    Now processing file /home/runner/work/key/key/key.core/../key.ui/examples/standard_key/staticInitialisation/initializedSubclassImpliesInitializedSuperclass.key 
568891     INFO  main            d.u.i.k.p.i.AbstractProblemLoader Loading environment from /home/runner/work/key/key/key.core/../key.ui/examples/standard_key/staticInitialisation/initializedSubclassImpliesInitializedSuperclass.key 
568891     DEBUG main            d.u.i.k.p.i.AbstractProblemLoader Environment load took 78ns 
568892     INFO  main            d.u.i.k.p.i.AbstractProblemLoader Creating init config 
568911     WARN  main            d.u.i.k.j.r.KeYCrossReferenceNameInfo Datatype java.io.PrintStream declared twice: Once in FILE:/home/runner/work/key/key/key.core/../key.ui/examples/standard_key/staticInitialisation/classpath/PrintStream.java and once in URL:file:/home/runner/work/key/key/key.core/build/resources/main/de/uka/ilkd/key/java/JavaRedux/java/io/PrintStream.java, Keeping one from URL:file:/home/runner/work/key/key/key.core/build/resources/main/de/uka/ilkd/key/java/JavaRedux/java/io/PrintStream.java 
568911     WARN  main            d.u.i.k.j.r.KeYCrossReferenceNameInfo Datatype java.lang.System declared twice: Once in FILE:/home/runner/work/key/key/key.core/../key.ui/examples/standard_key/staticInitialisation/classpath/System.java and once in URL:file:/home/runner/work/key/key/key.core/build/resources/main/de/uka/ilkd/key/java/JavaRedux/java/lang/System.java, Keeping one from URL:file:/home/runner/work/key/key/key.core/build/resources/main/de/uka/ilkd/key/java/JavaRedux/java/lang/System.java 
571337     DEBUG main            d.u.i.k.p.i.AbstractProblemLoader Init config took 2.45s 
571350     INFO  main            d.u.i.k.p.i.AbstractProblemLoader Replaying proof initializedSubclassImpliesInitializedSuperclass.key 
571351     DEBUG main            d.u.i.k.p.i.IntermediateProofReplayer Proof replay took 3.9ns 
571453     INFO  main            d.u.i.k.p.r.p.TestFile    ... finished proof: closed. 
572007     INFO  main            d.u.i.k.p.i.AbstractProblemLoader Loading environment from /home/runner/work/key/key/key.core/../key.ui/examples/standard_key/staticInitialisation/initializedSubclassImpliesInitializedSuperclass.key.proof 
572008     DEBUG main            d.u.i.k.p.i.AbstractProblemLoader Environment load took 93.9ns 
572009     INFO  main            d.u.i.k.p.i.AbstractProblemLoader Creating init config 
572029     WARN  main            d.u.i.k.j.r.KeYCrossReferenceNameInfo Datatype java.io.PrintStream declared twice: Once in FILE:/home/runner/work/key/key/key.core/../key.ui/examples/standard_key/staticInitialisation/classpath/PrintStream.java and once in URL:file:/home/runner/work/key/key/key.core/build/resources/main/de/uka/ilkd/key/java/JavaRedux/java/io/PrintStream.java, Keeping one from URL:file:/home/runner/work/key/key/key.core/build/resources/main/de/uka/ilkd/key/java/JavaRedux/java/io/PrintStream.java 
572029     WARN  main            d.u.i.k.j.r.KeYCrossReferenceNameInfo Datatype java.lang.System declared twice: Once in FILE:/home/runner/work/key/key/key.core/../key.ui/examples/standard_key/staticInitialisation/classpath/System.java and once in URL:file:/home/runner/work/key/key/key.core/build/resources/main/de/uka/ilkd/key/java/JavaRedux/java/lang/System.java, Keeping one from URL:file:/home/runner/work/key/key/key.core/build/resources/main/de/uka/ilkd/key/java/JavaRedux/java/lang/System.java 
574440     DEBUG main            d.u.i.k.p.i.AbstractProblemLoader Init config took 2.43s 
574454     INFO  main            d.u.i.k.p.i.AbstractProblemLoader Replaying proof initializedSubclassImpliesInitializedSuperclass.key.proof 
574456     DEBUG main            d.u.i.k.p.i.IntermediateProofReplayer Proof replay took 367.91ns 
574457     DEBUG main            d.u.i.k.p.r.p.TestFile    ... success: reloaded. 
574457     INFO  main            d.u.i.k.p.r.p.TestFile    Now processing file /home/runner/work/key/key/key.core/../key.ui/examples/standard_key/staticInitialisation/localDeclared.key 
574457     INFO  main            d.u.i.k.p.i.AbstractProblemLoader Loading environment from /home/runner/work/key/key/key.core/../key.ui/examples/standard_key/staticInitialisation/localDeclared.key 
574458     DEBUG main            d.u.i.k.p.i.AbstractProblemLoader Environment load took 53.8ns 
574459     INFO  main            d.u.i.k.p.i.AbstractProblemLoader Creating init config 
574478     WARN  main            d.u.i.k.j.r.KeYCrossReferenceNameInfo Datatype java.io.PrintStream declared twice: Once in FILE:/home/runner/work/key/key/key.core/../key.ui/examples/standard_key/staticInitialisation/classpath/PrintStream.java and once in URL:file:/home/runner/work/key/key/key.core/build/resources/main/de/uka/ilkd/key/java/JavaRedux/java/io/PrintStream.java, Keeping one from URL:file:/home/runner/work/key/key/key.core/build/resources/main/de/uka/ilkd/key/java/JavaRedux/java/io/PrintStream.java 
574478     WARN  main            d.u.i.k.j.r.KeYCrossReferenceNameInfo Datatype java.lang.System declared twice: Once in FILE:/home/runner/work/key/key/key.core/../key.ui/examples/standard_key/staticInitialisation/classpath/System.java and once in URL:file:/home/runner/work/key/key/key.core/build/resources/main/de/uka/ilkd/key/java/JavaRedux/java/lang/System.java, Keeping one from URL:file:/home/runner/work/key/key/key.core/build/resources/main/de/uka/ilkd/key/java/JavaRedux/java/lang/System.java 
576997     DEBUG main            d.u.i.k.p.i.AbstractProblemLoader Init config took 2.54s 
577011     INFO  main            d.u.i.k.p.i.AbstractProblemLoader Replaying proof localDeclared.key 
577012     DEBUG main            d.u.i.k.p.i.IntermediateProofReplayer Proof replay took 4.1ns 
577316     INFO  main            d.u.i.k.p.r.p.TestFile    ... finished proof: closed. 
577892     INFO  main            d.u.i.k.p.i.AbstractProblemLoader Loading environment from /home/runner/work/key/key/key.core/../key.ui/examples/standard_key/staticInitialisation/localDeclared.key.proof 
577892     DEBUG main            d.u.i.k.p.i.AbstractProblemLoader Environment load took 104.9ns 
577893     INFO  main            d.u.i.k.p.i.AbstractProblemLoader Creating init config 
577917     WARN  main            d.u.i.k.j.r.KeYCrossReferenceNameInfo Datatype java.io.PrintStream declared twice: Once in FILE:/home/runner/work/key/key/key.core/../key.ui/examples/standard_key/staticInitialisation/classpath/PrintStream.java and once in URL:file:/home/runner/work/key/key/key.core/build/resources/main/de/uka/ilkd/key/java/JavaRedux/java/io/PrintStream.java, Keeping one from URL:file:/home/runner/work/key/key/key.core/build/resources/main/de/uka/ilkd/key/java/JavaRedux/java/io/PrintStream.java 
577918     WARN  main            d.u.i.k.j.r.KeYCrossReferenceNameInfo Datatype java.lang.System declared twice: Once in FILE:/home/runner/work/key/key/key.core/../key.ui/examples/standard_key/staticInitialisation/classpath/System.java and once in URL:file:/home/runner/work/key/key/key.core/build/resources/main/de/uka/ilkd/key/java/JavaRedux/java/lang/System.java, Keeping one from URL:file:/home/runner/work/key/key/key.core/build/resources/main/de/uka/ilkd/key/java/JavaRedux/java/lang/System.java 
580396     DEBUG main            d.u.i.k.p.i.AbstractProblemLoader Init config took 2.5s 
580411     INFO  main            d.u.i.k.p.i.AbstractProblemLoader Replaying proof localDeclared.key.proof 
580451     DEBUG main            d.u.i.k.p.i.IntermediateProofReplayer Proof replay took 38.32ms 
580453     DEBUG main            d.u.i.k.p.r.p.TestFile    ... success: reloaded. 
580453     INFO  main            d.u.i.k.p.r.p.TestFile    Now processing file /home/runner/work/key/key/key.core/../key.ui/examples/standard_key/staticInitialisation/localDeclaredMethod.key 
580454     INFO  main            d.u.i.k.p.i.AbstractProblemLoader Loading environment from /home/runner/work/key/key/key.core/../key.ui/examples/standard_key/staticInitialisation/localDeclaredMethod.key 
580454     DEBUG main            d.u.i.k.p.i.AbstractProblemLoader Environment load took 81.1ns 
580455     INFO  main            d.u.i.k.p.i.AbstractProblemLoader Creating init config 
580474     WARN  main            d.u.i.k.j.r.KeYCrossReferenceNameInfo Datatype java.io.PrintStream declared twice: Once in FILE:/home/runner/work/key/key/key.core/../key.ui/examples/standard_key/staticInitialisation/classpath/PrintStream.java and once in URL:file:/home/runner/work/key/key/key.core/build/resources/main/de/uka/ilkd/key/java/JavaRedux/java/io/PrintStream.java, Keeping one from URL:file:/home/runner/work/key/key/key.core/build/resources/main/de/uka/ilkd/key/java/JavaRedux/java/io/PrintStream.java 
580474     WARN  main            d.u.i.k.j.r.KeYCrossReferenceNameInfo Datatype java.lang.System declared twice: Once in FILE:/home/runner/work/key/key/key.core/../key.ui/examples/standard_key/staticInitialisation/classpath/System.java and once in URL:file:/home/runner/work/key/key/key.core/build/resources/main/de/uka/ilkd/key/java/JavaRedux/java/lang/System.java, Keeping one from URL:file:/home/runner/work/key/key/key.core/build/resources/main/de/uka/ilkd/key/java/JavaRedux/java/lang/System.java 
582891     DEBUG main            d.u.i.k.p.i.AbstractProblemLoader Init config took 2.44s 
582905     INFO  main            d.u.i.k.p.i.AbstractProblemLoader Replaying proof localDeclaredMethod.key 
582907     DEBUG main            d.u.i.k.p.i.IntermediateProofReplayer Proof replay took 4.1ns 
583211     INFO  main            d.u.i.k.p.r.p.TestFile    ... finished proof: closed. 
583792     INFO  main            d.u.i.k.p.i.AbstractProblemLoader Loading environment from /home/runner/work/key/key/key.core/../key.ui/examples/standard_key/staticInitialisation/localDeclaredMethod.key.proof 
583792     DEBUG main            d.u.i.k.p.i.AbstractProblemLoader Environment load took 115.6ns 
583794     INFO  main            d.u.i.k.p.i.AbstractProblemLoader Creating init config 
583813     WARN  main            d.u.i.k.j.r.KeYCrossReferenceNameInfo Datatype java.io.PrintStream declared twice: Once in FILE:/home/runner/work/key/key/key.core/../key.ui/examples/standard_key/staticInitialisation/classpath/PrintStream.java and once in URL:file:/home/runner/work/key/key/key.core/build/resources/main/de/uka/ilkd/key/java/JavaRedux/java/io/PrintStream.java, Keeping one from URL:file:/home/runner/work/key/key/key.core/build/resources/main/de/uka/ilkd/key/java/JavaRedux/java/io/PrintStream.java 
583813     WARN  main            d.u.i.k.j.r.KeYCrossReferenceNameInfo Datatype java.lang.System declared twice: Once in FILE:/home/runner/work/key/key/key.core/../key.ui/examples/standard_key/staticInitialisation/classpath/System.java and once in URL:file:/home/runner/work/key/key/key.core/build/resources/main/de/uka/ilkd/key/java/JavaRedux/java/lang/System.java, Keeping one from URL:file:/home/runner/work/key/key/key.core/build/resources/main/de/uka/ilkd/key/java/JavaRedux/java/lang/System.java 
586218     DEBUG main            d.u.i.k.p.i.AbstractProblemLoader Init config took 2.42s 
586233     INFO  main            d.u.i.k.p.i.AbstractProblemLoader Replaying proof localDeclaredMethod.key.proof 
586271     DEBUG main            d.u.i.k.p.i.IntermediateProofReplayer Proof replay took 36.14ms 
586272     DEBUG main            d.u.i.k.p.r.p.TestFile    ... success: reloaded. 
586273     INFO  main            d.u.i.k.p.r.p.TestFile    Now processing file /home/runner/work/key/key/key.core/../key.ui/examples/standard_key/staticInitialisation/objectOfErroneousClass.key 
586273     INFO  main            d.u.i.k.p.i.AbstractProblemLoader Loading environment from /home/runner/work/key/key/key.core/../key.ui/examples/standard_key/staticInitialisation/objectOfErroneousClass.key 
586273     DEBUG main            d.u.i.k.p.i.AbstractProblemLoader Environment load took 93.6ns 
586274     INFO  main            d.u.i.k.p.i.AbstractProblemLoader Creating init config 
586293     WARN  main            d.u.i.k.j.r.KeYCrossReferenceNameInfo Datatype java.io.PrintStream declared twice: Once in FILE:/home/runner/work/key/key/key.core/../key.ui/examples/standard_key/staticInitialisation/classpath/PrintStream.java and once in URL:file:/home/runner/work/key/key/key.core/build/resources/main/de/uka/ilkd/key/java/JavaRedux/java/io/PrintStream.java, Keeping one from URL:file:/home/runner/work/key/key/key.core/build/resources/main/de/uka/ilkd/key/java/JavaRedux/java/io/PrintStream.java 
586294     WARN  main            d.u.i.k.j.r.KeYCrossReferenceNameInfo Datatype java.lang.System declared twice: Once in FILE:/home/runner/work/key/key/key.core/../key.ui/examples/standard_key/staticInitialisation/classpath/System.java and once in URL:file:/home/runner/work/key/key/key.core/build/resources/main/de/uka/ilkd/key/java/JavaRedux/java/lang/System.java, Keeping one from URL:file:/home/runner/work/key/key/key.core/build/resources/main/de/uka/ilkd/key/java/JavaRedux/java/lang/System.java 
588721     DEBUG main            d.u.i.k.p.i.AbstractProblemLoader Init config took 2.45s 
588737     INFO  main            d.u.i.k.p.i.AbstractProblemLoader Replaying proof objectOfErroneousClass.key 
588740     DEBUG main            d.u.i.k.p.i.IntermediateProofReplayer Proof replay took 3ns 
601301     INFO  main            d.u.i.k.p.r.p.TestFile    ... finished proof: closed. 
601950     INFO  main            d.u.i.k.p.i.AbstractProblemLoader Loading environment from /home/runner/work/key/key/key.core/../key.ui/examples/standard_key/staticInitialisation/objectOfErroneousClass.key.proof 
601951     DEBUG main            d.u.i.k.p.i.AbstractProblemLoader Environment load took 412.01ns 
601954     INFO  main            d.u.i.k.p.i.AbstractProblemLoader Creating init config 
601974     WARN  main            d.u.i.k.j.r.KeYCrossReferenceNameInfo Datatype java.io.PrintStream declared twice: Once in FILE:/home/runner/work/key/key/key.core/../key.ui/examples/standard_key/staticInitialisation/classpath/PrintStream.java and once in URL:file:/home/runner/work/key/key/key.core/build/resources/main/de/uka/ilkd/key/java/JavaRedux/java/io/PrintStream.java, Keeping one from URL:file:/home/runner/work/key/key/key.core/build/resources/main/de/uka/ilkd/key/java/JavaRedux/java/io/PrintStream.java 
601975     WARN  main            d.u.i.k.j.r.KeYCrossReferenceNameInfo Datatype java.lang.System declared twice: Once in FILE:/home/runner/work/key/key/key.core/../key.ui/examples/standard_key/staticInitialisation/classpath/System.java and once in URL:file:/home/runner/work/key/key/key.core/build/resources/main/de/uka/ilkd/key/java/JavaRedux/java/lang/System.java, Keeping one from URL:file:/home/runner/work/key/key/key.core/build/resources/main/de/uka/ilkd/key/java/JavaRedux/java/lang/System.java 
604428     DEBUG main            d.u.i.k.p.i.AbstractProblemLoader Init config took 2.47s 
604444     INFO  main            d.u.i.k.p.i.AbstractProblemLoader Replaying proof objectOfErroneousClass.key.proof 
605840     DEBUG main            d.u.i.k.p.i.IntermediateProofReplayer Proof replay took 1.37s 
605844     DEBUG main            d.u.i.k.p.r.p.TestFile    ... success: reloaded. 
605845     INFO  main            d.u.i.k.p.r.p.TestFile    Now processing file /home/runner/work/key/key/key.core/../key.ui/examples/standard_key/staticInitialisation/staticInitialisersAreNonSimple.key 
605845     INFO  main            d.u.i.k.p.i.AbstractProblemLoader Loading environment from /home/runner/work/key/key/key.core/../key.ui/examples/standard_key/staticInitialisation/staticInitialisersAreNonSimple.key 
605845     DEBUG main            d.u.i.k.p.i.AbstractProblemLoader Environment load took 78.6ns 
605847     INFO  main            d.u.i.k.p.i.AbstractProblemLoader Creating init config 
605866     WARN  main            d.u.i.k.j.r.KeYCrossReferenceNameInfo Datatype java.io.PrintStream declared twice: Once in FILE:/home/runner/work/key/key/key.core/../key.ui/examples/standard_key/staticInitialisation/classpath/PrintStream.java and once in URL:file:/home/runner/work/key/key/key.core/build/resources/main/de/uka/ilkd/key/java/JavaRedux/java/io/PrintStream.java, Keeping one from URL:file:/home/runner/work/key/key/key.core/build/resources/main/de/uka/ilkd/key/java/JavaRedux/java/io/PrintStream.java 
605866     WARN  main            d.u.i.k.j.r.KeYCrossReferenceNameInfo Datatype java.lang.System declared twice: Once in FILE:/home/runner/work/key/key/key.core/../key.ui/examples/standard_key/staticInitialisation/classpath/System.java and once in URL:file:/home/runner/work/key/key/key.core/build/resources/main/de/uka/ilkd/key/java/JavaRedux/java/lang/System.java, Keeping one from URL:file:/home/runner/work/key/key/key.core/build/resources/main/de/uka/ilkd/key/java/JavaRedux/java/lang/System.java 
608365     DEBUG main            d.u.i.k.p.i.AbstractProblemLoader Init config took 2.52s 
608381     INFO  main            d.u.i.k.p.i.AbstractProblemLoader Replaying proof staticInitialisersAreNonSimple.key 
608382     DEBUG main            d.u.i.k.p.i.IntermediateProofReplayer Proof replay took 3.7ns 
608685     INFO  main            d.u.i.k.p.r.p.TestFile    ... finished proof: closed. 
609361     INFO  main            d.u.i.k.p.i.AbstractProblemLoader Loading environment from /home/runner/work/key/key/key.core/../key.ui/examples/standard_key/staticInitialisation/staticInitialisersAreNonSimple.key.proof 
609361     DEBUG main            d.u.i.k.p.i.AbstractProblemLoader Environment load took 101.4ns 
609362     INFO  main            d.u.i.k.p.i.AbstractProblemLoader Creating init config 
609382     WARN  main            d.u.i.k.j.r.KeYCrossReferenceNameInfo Datatype java.io.PrintStream declared twice: Once in FILE:/home/runner/work/key/key/key.core/../key.ui/examples/standard_key/staticInitialisation/classpath/PrintStream.java and once in URL:file:/home/runner/work/key/key/key.core/build/resources/main/de/uka/ilkd/key/java/JavaRedux/java/io/PrintStream.java, Keeping one from URL:file:/home/runner/work/key/key/key.core/build/resources/main/de/uka/ilkd/key/java/JavaRedux/java/io/PrintStream.java 
609383     WARN  main            d.u.i.k.j.r.KeYCrossReferenceNameInfo Datatype java.lang.System declared twice: Once in FILE:/home/runner/work/key/key/key.core/../key.ui/examples/standard_key/staticInitialisation/classpath/System.java and once in URL:file:/home/runner/work/key/key/key.core/build/resources/main/de/uka/ilkd/key/java/JavaRedux/java/lang/System.java, Keeping one from URL:file:/home/runner/work/key/key/key.core/build/resources/main/de/uka/ilkd/key/java/JavaRedux/java/lang/System.java 
611802     DEBUG main            d.u.i.k.p.i.AbstractProblemLoader Init config took 2.44s 
611817     INFO  main            d.u.i.k.p.i.AbstractProblemLoader Replaying proof staticInitialisersAreNonSimple.key.proof 
611874     DEBUG main            d.u.i.k.p.i.IntermediateProofReplayer Proof replay took 54.89ms 
611876     DEBUG main            d.u.i.k.p.r.p.TestFile    ... success: reloaded. 
611877     INFO  main            d.u.i.k.p.r.p.TestFile    Now processing file /home/runner/work/key/key/key.core/../key.ui/examples/standard_key/types/disjoint.key 
611877     INFO  main            d.u.i.k.p.i.AbstractProblemLoader Loading environment from /home/runner/work/key/key/key.core/../key.ui/examples/standard_key/types/disjoint.key 
611877     DEBUG main            d.u.i.k.p.i.AbstractProblemLoader Environment load took 53.7ns 
611878     INFO  main            d.u.i.k.p.i.AbstractProblemLoader Creating init config 
614297     DEBUG main            d.u.i.k.p.i.AbstractProblemLoader Init config took 2.42s 
614310     INFO  main            d.u.i.k.p.i.AbstractProblemLoader Replaying proof disjoint.key 
614312     DEBUG main            d.u.i.k.p.i.IntermediateProofReplayer Proof replay took 4ns 
614413     INFO  main            d.u.i.k.p.r.p.TestFile    ... finished proof: closed. 
615020     INFO  main            d.u.i.k.p.i.AbstractProblemLoader Loading environment from /home/runner/work/key/key/key.core/../key.ui/examples/standard_key/types/disjoint.key.proof 
615020     DEBUG main            d.u.i.k.p.i.AbstractProblemLoader Environment load took 95.7ns 
615021     INFO  main            d.u.i.k.p.i.AbstractProblemLoader Creating init config 
617405     DEBUG main            d.u.i.k.p.i.AbstractProblemLoader Init config took 2.38s 
617418     INFO  main            d.u.i.k.p.i.AbstractProblemLoader Replaying proof disjoint.key.proof 
617420     DEBUG main            d.u.i.k.p.i.IntermediateProofReplayer Proof replay took 302.91ns 
617420     DEBUG main            d.u.i.k.p.r.p.TestFile    ... success: reloaded. 
617421     INFO  main            d.u.i.k.p.r.p.TestFile    Now processing file /home/runner/work/key/key/key.core/../key.ui/examples/../../key.core/src/test/resources/testcase/classpath/classpath.key 
617421     INFO  main            d.u.i.k.p.i.AbstractProblemLoader Loading environment from /home/runner/work/key/key/key.core/../key.ui/examples/../../key.core/src/test/resources/testcase/classpath/classpath.key 
617421     DEBUG main            d.u.i.k.p.i.AbstractProblemLoader Environment load took 128ns 
617422     INFO  main            d.u.i.k.p.i.AbstractProblemLoader Creating init config 
617446     WARN  main            d.u.i.k.j.r.KeYCrossReferenceNameInfo Datatype cp.C declared twice: Once in FILE:/home/runner/work/key/key/key.core/../key.ui/examples/../../key.core/src/test/resources/testcase/classpath/classpath/C.class and once in FILE:/home/runner/work/key/key/key.core/../key.ui/examples/../../key.core/src/test/resources/testcase/classpath/classpath/C.jml, Keeping one from FILE:/home/runner/work/key/key/key.core/../key.ui/examples/../../key.core/src/test/resources/testcase/classpath/classpath/C.jml 
617450     DEBUG main            d.u.i.k.j.r.ClassFileDeclarationBuilder Parsing: package cp; public class Unresolved1 { } 
617450     DEBUG main            r.s.KeYCrossReferenceSourceInfo Dynamically created class: cp.Unresolved1 
617451     DEBUG main            d.u.i.k.j.r.ClassFileDeclarationBuilder Parsing: package cp; public class Unresolved2 { } 
617451     DEBUG main            r.s.KeYCrossReferenceSourceInfo Dynamically created class: cp.Unresolved2 
620046     DEBUG main            d.u.i.k.p.i.AbstractProblemLoader Init config took 2.62s 
620067     INFO  main            d.u.i.k.p.i.AbstractProblemLoader Replaying proof classpath.key 
620068     DEBUG main            d.u.i.k.p.i.IntermediateProofReplayer Proof replay took 5.2ns 
620173     INFO  main            d.u.i.k.p.r.p.TestFile    ... finished proof: closed. 
620769     INFO  main            d.u.i.k.p.i.AbstractProblemLoader Loading environment from /home/runner/work/key/key/key.core/../key.ui/examples/../../key.core/src/test/resources/testcase/classpath/classpath.key.proof 
620769     DEBUG main            d.u.i.k.p.i.AbstractProblemLoader Environment load took 109.5ns 
620770     INFO  main            d.u.i.k.p.i.AbstractProblemLoader Creating init config 
620794     WARN  main            d.u.i.k.j.r.KeYCrossReferenceNameInfo Datatype cp.C declared twice: Once in FILE:/home/runner/work/key/key/key.core/../key.ui/examples/../../key.core/src/test/resources/testcase/classpath/classpath/C.class and once in FILE:/home/runner/work/key/key/key.core/../key.ui/examples/../../key.core/src/test/resources/testcase/classpath/classpath/C.jml, Keeping one from FILE:/home/runner/work/key/key/key.core/../key.ui/examples/../../key.core/src/test/resources/testcase/classpath/classpath/C.jml 
620797     DEBUG main            d.u.i.k.j.r.ClassFileDeclarationBuilder Parsing: package cp; public class Unresolved1 { } 
620797     DEBUG main            r.s.KeYCrossReferenceSourceInfo Dynamically created class: cp.Unresolved1 
620797     DEBUG main            d.u.i.k.j.r.ClassFileDeclarationBuilder Parsing: package cp; public class Unresolved2 { } 
620797     DEBUG main            r.s.KeYCrossReferenceSourceInfo Dynamically created class: cp.Unresolved2 
623335     DEBUG main            d.u.i.k.p.i.AbstractProblemLoader Init config took 2.56s 
623351     INFO  main            d.u.i.k.p.i.AbstractProblemLoader Replaying proof classpath.key.proof 
623353     DEBUG main            d.u.i.k.p.i.IntermediateProofReplayer Proof replay took 531.51ns 
623354     DEBUG main            d.u.i.k.p.r.p.TestFile    ... success: reloaded. 
623354     INFO  main            d.u.i.k.p.r.p.TestFile    Now processing file /home/runner/work/key/key/key.core/../key.ui/examples/heap/inconsistent_represents/MyClass_m.key 
623355     INFO  main            d.u.i.k.p.i.AbstractProblemLoader Loading environment from /home/runner/work/key/key/key.core/../key.ui/examples/heap/inconsistent_represents/MyClass_m.key 
623355     DEBUG main            d.u.i.k.p.i.AbstractProblemLoader Environment load took 67.1ns 
623356     INFO  main            d.u.i.k.p.i.AbstractProblemLoader Creating init config 
625869     DEBUG main            d.u.i.k.p.i.AbstractProblemLoader Init config took 2.51s 
625905     INFO  main            d.u.i.k.p.i.AbstractProblemLoader Replaying proof MyClass[MyClass::m()].JML operation contract.0 
625906     DEBUG main            d.u.i.k.p.i.IntermediateProofReplayer Proof replay took 3ns 
626008     INFO  main            d.u.i.k.p.r.p.TestFile    ... finished proof: open goal(s) 
626618     INFO  main            d.u.i.k.p.r.p.TestFile    Now processing file /home/runner/work/key/key/key.core/../key.ui/examples/heap/inconsistent_represents/MyClass_n.key 
626618     INFO  main            d.u.i.k.p.i.AbstractProblemLoader Loading environment from /home/runner/work/key/key/key.core/../key.ui/examples/heap/inconsistent_represents/MyClass_n.key 
626618     DEBUG main            d.u.i.k.p.i.AbstractProblemLoader Environment load took 84.1ns 
626619     INFO  main            d.u.i.k.p.i.AbstractProblemLoader Creating init config 
629138     DEBUG main            d.u.i.k.p.i.AbstractProblemLoader Init config took 2.52s 
629187     INFO  main            d.u.i.k.p.i.AbstractProblemLoader Replaying proof MyClass[MyClass::n()].JML operation contract.0 
629189     DEBUG main            d.u.i.k.p.i.IntermediateProofReplayer Proof replay took 3.6ns 
629291     INFO  main            d.u.i.k.p.r.p.TestFile    ... finished proof: open goal(s) 
3562893    INFO  Test worker     d.u.i.k.p.r.RunAllProofsTestUnit Returning from test javadl 
3562895    INFO  Test worker     d.u.i.k.p.r.RunAllProofsTestUnit Running test FOL 
319        INFO  Timeout watchdog d.u.i.k.p.r.p.ForkedTestFileRunner Timeout watcher launched (2000 secs.) 
329        WARN  main            d.u.i.k.s.ProofSettings   The settings in /home/runner/.key/proof-settings.props are *not* read. 
364        INFO  main            d.u.i.k.p.r.p.TestFile    Now processing file /home/runner/work/key/key/key.core/../key.ui/examples/standard_key/pred_log/count.key 
484        INFO  main            d.u.i.k.p.i.AbstractProblemLoader Loading environment from /home/runner/work/key/key/key.core/../key.ui/examples/standard_key/pred_log/count.key 
509        DEBUG main            d.u.i.k.p.i.AbstractProblemLoader Environment load took 2.29ms 
764        INFO  main            d.u.i.k.p.i.AbstractProblemLoader Creating init config 
1879       DEBUG main            d.u.i.k.j.TypeConverter   No LDT found for Meta 
1880       DEBUG main            d.u.i.k.j.TypeConverter   No LDT found for Meta 
1883       DEBUG main            d.u.i.k.j.TypeConverter   No LDT found for Meta 
1883       DEBUG main            d.u.i.k.j.TypeConverter   No LDT found for Meta 
3621       DEBUG main            d.u.i.k.j.TypeConverter   No LDT found for JavaBigintExpression 
8262       DEBUG main            d.u.i.k.p.i.AbstractProblemLoader Init config took 7.5s 
8325       INFO  main            d.u.i.k.p.i.AbstractProblemLoader Replaying proof count.key 
8358       DEBUG main            d.u.i.k.p.i.IntermediateProofReplayer Proof replay took 43.7ns 
8527       INFO  main            d.u.i.k.p.r.p.TestFile    ... finished proof: closed. 
8636       INFO  main            d.u.i.k.p.i.AbstractProblemLoader Loading environment from /home/runner/work/key/key/key.core/../key.ui/examples/standard_key/pred_log/count.key.proof 
8638       DEBUG main            d.u.i.k.p.i.AbstractProblemLoader Environment load took 1.95ms 
8644       INFO  main            d.u.i.k.p.i.AbstractProblemLoader Creating init config 
11386      DEBUG main            d.u.i.k.p.i.AbstractProblemLoader Init config took 2.74s 
11433      INFO  main            d.u.i.k.p.i.AbstractProblemLoader Replaying proof count.key.proof 
11443      DEBUG main            d.u.i.k.p.i.IntermediateProofReplayer Proof replay took 5.79ms 
11455      DEBUG main            d.u.i.k.p.r.p.TestFile    ... success: reloaded. 
11457      INFO  main            d.u.i.k.p.r.p.TestFile    Now processing file /home/runner/work/key/key/key.core/../key.ui/examples/standard_key/pred_log/count2.key 
11457      INFO  main            d.u.i.k.p.i.AbstractProblemLoader Loading environment from /home/runner/work/key/key/key.core/../key.ui/examples/standard_key/pred_log/count2.key 
11457      DEBUG main            d.u.i.k.p.i.AbstractProblemLoader Environment load took 274.01ns 
11459      INFO  main            d.u.i.k.p.i.AbstractProblemLoader Creating init config 
14051      DEBUG main            d.u.i.k.p.i.AbstractProblemLoader Init config took 2.59s 
14092      INFO  main            d.u.i.k.p.i.AbstractProblemLoader Replaying proof count2.key 
14094      DEBUG main            d.u.i.k.p.i.IntermediateProofReplayer Proof replay took 7.3ns 
14198      INFO  main            d.u.i.k.p.r.p.TestFile    ... finished proof: closed. 
14330      INFO  main            d.u.i.k.p.i.AbstractProblemLoader Loading environment from /home/runner/work/key/key/key.core/../key.ui/examples/standard_key/pred_log/count2.key.proof 
14332      DEBUG main            d.u.i.k.p.i.AbstractProblemLoader Environment load took 1.96ms 
14334      INFO  main            d.u.i.k.p.i.AbstractProblemLoader Creating init config 
16826      DEBUG main            d.u.i.k.p.i.AbstractProblemLoader Init config took 2.49s 
16848      INFO  main            d.u.i.k.p.i.AbstractProblemLoader Replaying proof count2.key.proof 
16853      DEBUG main            d.u.i.k.p.i.IntermediateProofReplayer Proof replay took 2.4ms 
16854      DEBUG main            d.u.i.k.p.r.p.TestFile    ... success: reloaded. 
16855      INFO  main            d.u.i.k.p.r.p.TestFile    Now processing file /home/runner/work/key/key/key.core/../key.ui/examples/standard_key/pred_log/count3.key 
16855      INFO  main            d.u.i.k.p.i.AbstractProblemLoader Loading environment from /home/runner/work/key/key/key.core/../key.ui/examples/standard_key/pred_log/count3.key 
16855      DEBUG main            d.u.i.k.p.i.AbstractProblemLoader Environment load took 113.1ns 
16857      INFO  main            d.u.i.k.p.i.AbstractProblemLoader Creating init config 
19367      DEBUG main            d.u.i.k.p.i.AbstractProblemLoader Init config took 2.51s 
19390      INFO  main            d.u.i.k.p.i.AbstractProblemLoader Replaying proof count3.key 
19392      DEBUG main            d.u.i.k.p.i.IntermediateProofReplayer Proof replay took 8.6ns 
19495      INFO  main            d.u.i.k.p.r.p.TestFile    ... finished proof: closed. 
19639      INFO  main            d.u.i.k.p.i.AbstractProblemLoader Loading environment from /home/runner/work/key/key/key.core/../key.ui/examples/standard_key/pred_log/count3.key.proof 
19640      DEBUG main            d.u.i.k.p.i.AbstractProblemLoader Environment load took 140.6ns 
19641      INFO  main            d.u.i.k.p.i.AbstractProblemLoader Creating init config 
22135      DEBUG main            d.u.i.k.p.i.AbstractProblemLoader Init config took 2.49s 
22156      INFO  main            d.u.i.k.p.i.AbstractProblemLoader Replaying proof count3.key.proof 
22160      DEBUG main            d.u.i.k.p.i.IntermediateProofReplayer Proof replay took 2.14ms 
22162      DEBUG main            d.u.i.k.p.r.p.TestFile    ... success: reloaded. 
22162      INFO  main            d.u.i.k.p.r.p.TestFile    Now processing file /home/runner/work/key/key/key.core/../key.ui/examples/standard_key/pred_log/equalities.key 
22163      INFO  main            d.u.i.k.p.i.AbstractProblemLoader Loading environment from /home/runner/work/key/key/key.core/../key.ui/examples/standard_key/pred_log/equalities.key 
22163      DEBUG main            d.u.i.k.p.i.AbstractProblemLoader Environment load took 188.31ns 
22164      INFO  main            d.u.i.k.p.i.AbstractProblemLoader Creating init config 
24645      DEBUG main            d.u.i.k.p.i.AbstractProblemLoader Init config took 2.48s 
24665      INFO  main            d.u.i.k.p.i.AbstractProblemLoader Replaying proof equalities.key 
24667      DEBUG main            d.u.i.k.p.i.IntermediateProofReplayer Proof replay took 7.9ns 
24769      INFO  main            d.u.i.k.p.r.p.TestFile    ... finished proof: closed. 
24959      INFO  main            d.u.i.k.p.i.AbstractProblemLoader Loading environment from /home/runner/work/key/key/key.core/../key.ui/examples/standard_key/pred_log/equalities.key.proof 
24959      DEBUG main            d.u.i.k.p.i.AbstractProblemLoader Environment load took 136.7ns 
24960      INFO  main            d.u.i.k.p.i.AbstractProblemLoader Creating init config 
27359      DEBUG main            d.u.i.k.p.i.AbstractProblemLoader Init config took 2.4s 
27379      INFO  main            d.u.i.k.p.i.AbstractProblemLoader Replaying proof equalities.key.proof 
27383      DEBUG main            d.u.i.k.p.i.IntermediateProofReplayer Proof replay took 1.22ms 
27384      DEBUG main            d.u.i.k.p.r.p.TestFile    ... success: reloaded. 
27385      INFO  main            d.u.i.k.p.r.p.TestFile    Now processing file /home/runner/work/key/key/key.core/../key.ui/examples/standard_key/pred_log/equalities2.key 
27385      INFO  main            d.u.i.k.p.i.AbstractProblemLoader Loading environment from /home/runner/work/key/key/key.core/../key.ui/examples/standard_key/pred_log/equalities2.key 
27385      DEBUG main            d.u.i.k.p.i.AbstractProblemLoader Environment load took 204.31ns 
27387      INFO  main            d.u.i.k.p.i.AbstractProblemLoader Creating init config 
29828      DEBUG main            d.u.i.k.p.i.AbstractProblemLoader Init config took 2.44s 
29851      INFO  main            d.u.i.k.p.i.AbstractProblemLoader Replaying proof equalities2.key 
29853      DEBUG main            d.u.i.k.p.i.IntermediateProofReplayer Proof replay took 9.9ns 
29959      INFO  main            d.u.i.k.p.r.p.TestFile    ... finished proof: closed. 
30117      INFO  main            d.u.i.k.p.i.AbstractProblemLoader Loading environment from /home/runner/work/key/key/key.core/../key.ui/examples/standard_key/pred_log/equalities2.key.proof 
30117      DEBUG main            d.u.i.k.p.i.AbstractProblemLoader Environment load took 146.2ns 
30120      INFO  main            d.u.i.k.p.i.AbstractProblemLoader Creating init config 
32545      DEBUG main            d.u.i.k.p.i.AbstractProblemLoader Init config took 2.42s 
32565      INFO  main            d.u.i.k.p.i.AbstractProblemLoader Replaying proof equalities2.key.proof 
32571      DEBUG main            d.u.i.k.p.i.IntermediateProofReplayer Proof replay took 3.43ms 
32572      DEBUG main            d.u.i.k.p.r.p.TestFile    ... success: reloaded. 
32573      INFO  main            d.u.i.k.p.r.p.TestFile    Now processing file /home/runner/work/key/key/key.core/../key.ui/examples/standard_key/pred_log/equalities3.key 
32574      INFO  main            d.u.i.k.p.i.AbstractProblemLoader Loading environment from /home/runner/work/key/key/key.core/../key.ui/examples/standard_key/pred_log/equalities3.key 
32574      DEBUG main            d.u.i.k.p.i.AbstractProblemLoader Environment load took 204.71ns 
32575      INFO  main            d.u.i.k.p.i.AbstractProblemLoader Creating init config 
35031      DEBUG main            d.u.i.k.p.i.AbstractProblemLoader Init config took 2.46s 
35051      INFO  main            d.u.i.k.p.i.AbstractProblemLoader Replaying proof equalities3.key 
35052      DEBUG main            d.u.i.k.p.i.IntermediateProofReplayer Proof replay took 10.5ns 
35156      INFO  main            d.u.i.k.p.r.p.TestFile    ... finished proof: closed. 
35324      INFO  main            d.u.i.k.p.i.AbstractProblemLoader Loading environment from /home/runner/work/key/key/key.core/../key.ui/examples/standard_key/pred_log/equalities3.key.proof 
35324      DEBUG main            d.u.i.k.p.i.AbstractProblemLoader Environment load took 135ns 
35326      INFO  main            d.u.i.k.p.i.AbstractProblemLoader Creating init config 
37743      DEBUG main            d.u.i.k.p.i.AbstractProblemLoader Init config took 2.42s 
37763      INFO  main            d.u.i.k.p.i.AbstractProblemLoader Replaying proof equalities3.key.proof 
37770      DEBUG main            d.u.i.k.p.i.IntermediateProofReplayer Proof replay took 4.57ms 
37771      DEBUG main            d.u.i.k.p.r.p.TestFile    ... success: reloaded. 
37772      INFO  main            d.u.i.k.p.r.p.TestFile    Now processing file /home/runner/work/key/key/key.core/../key.ui/examples/standard_key/pred_log/functions.key 
37772      INFO  main            d.u.i.k.p.i.AbstractProblemLoader Loading environment from /home/runner/work/key/key/key.core/../key.ui/examples/standard_key/pred_log/functions.key 
37772      DEBUG main            d.u.i.k.p.i.AbstractProblemLoader Environment load took 185.8ns 
37773      INFO  main            d.u.i.k.p.i.AbstractProblemLoader Creating init config 
40199      DEBUG main            d.u.i.k.p.i.AbstractProblemLoader Init config took 2.43s 
40216      INFO  main            d.u.i.k.p.i.AbstractProblemLoader Replaying proof functions.key 
40218      DEBUG main            d.u.i.k.p.i.IntermediateProofReplayer Proof replay took 8ns 
40321      INFO  main            d.u.i.k.p.r.p.TestFile    ... finished proof: closed. 
40487      INFO  main            d.u.i.k.p.i.AbstractProblemLoader Loading environment from /home/runner/work/key/key/key.core/../key.ui/examples/standard_key/pred_log/functions.key.proof 
40487      DEBUG main            d.u.i.k.p.i.AbstractProblemLoader Environment load took 131.9ns 
40488      INFO  main            d.u.i.k.p.i.AbstractProblemLoader Creating init config 
42855      DEBUG main            d.u.i.k.p.i.AbstractProblemLoader Init config took 2.37s 
42872      INFO  main            d.u.i.k.p.i.AbstractProblemLoader Replaying proof functions.key.proof 
42876      DEBUG main            d.u.i.k.p.i.IntermediateProofReplayer Proof replay took 2.48ms 
42877      DEBUG main            d.u.i.k.p.r.p.TestFile    ... success: reloaded. 
42878      INFO  main            d.u.i.k.p.r.p.TestFile    Now processing file /home/runner/work/key/key/key.core/../key.ui/examples/standard_key/pred_log/mv1.key 
42878      INFO  main            d.u.i.k.p.i.AbstractProblemLoader Loading environment from /home/runner/work/key/key/key.core/../key.ui/examples/standard_key/pred_log/mv1.key 
42878      DEBUG main            d.u.i.k.p.i.AbstractProblemLoader Environment load took 107.3ns 
42879      INFO  main            d.u.i.k.p.i.AbstractProblemLoader Creating init config 
45294      DEBUG main            d.u.i.k.p.i.AbstractProblemLoader Init config took 2.41s 
45310      INFO  main            d.u.i.k.p.i.AbstractProblemLoader Replaying proof mv1.key 
45312      DEBUG main            d.u.i.k.p.i.IntermediateProofReplayer Proof replay took 10ns 
45414      INFO  main            d.u.i.k.p.r.p.TestFile    ... finished proof: closed. 
45588      INFO  main            d.u.i.k.p.i.AbstractProblemLoader Loading environment from /home/runner/work/key/key/key.core/../key.ui/examples/standard_key/pred_log/mv1.key.proof 
45588      DEBUG main            d.u.i.k.p.i.AbstractProblemLoader Environment load took 136.5ns 
45589      INFO  main            d.u.i.k.p.i.AbstractProblemLoader Creating init config 
47971      DEBUG main            d.u.i.k.p.i.AbstractProblemLoader Init config took 2.38s 
47988      INFO  main            d.u.i.k.p.i.AbstractProblemLoader Replaying proof mv1.key.proof 
48008      DEBUG main            d.u.i.k.p.i.IntermediateProofReplayer Proof replay took 17.87ms 
48009      DEBUG main            d.u.i.k.p.r.p.TestFile    ... success: reloaded. 
48010      INFO  main            d.u.i.k.p.r.p.TestFile    Now processing file /home/runner/work/key/key/key.core/../key.ui/examples/standard_key/pred_log/mv2.key 
48011      INFO  main            d.u.i.k.p.i.AbstractProblemLoader Loading environment from /home/runner/work/key/key/key.core/../key.ui/examples/standard_key/pred_log/mv2.key 
48011      DEBUG main            d.u.i.k.p.i.AbstractProblemLoader Environment load took 219.6ns 
48012      INFO  main            d.u.i.k.p.i.AbstractProblemLoader Creating init config 
50452      DEBUG main            d.u.i.k.p.i.AbstractProblemLoader Init config took 2.44s 
50471      INFO  main            d.u.i.k.p.i.AbstractProblemLoader Replaying proof mv2.key 
50474      DEBUG main            d.u.i.k.p.i.IntermediateProofReplayer Proof replay took 10.5ns 
50577      INFO  main            d.u.i.k.p.r.p.TestFile    ... finished proof: closed. 
50839      INFO  main            d.u.i.k.p.i.AbstractProblemLoader Loading environment from /home/runner/work/key/key/key.core/../key.ui/examples/standard_key/pred_log/mv2.key.proof 
50839      DEBUG main            d.u.i.k.p.i.AbstractProblemLoader Environment load took 128.8ns 
50840      INFO  main            d.u.i.k.p.i.AbstractProblemLoader Creating init config 
53185      DEBUG main            d.u.i.k.p.i.AbstractProblemLoader Init config took 2.34s 
53211      INFO  main            d.u.i.k.p.i.AbstractProblemLoader Replaying proof mv2.key.proof 
53214      DEBUG main            d.u.i.k.p.i.IntermediateProofReplayer Proof replay took 1.54ms 
53215      DEBUG main            d.u.i.k.p.r.p.TestFile    ... success: reloaded. 
53216      INFO  main            d.u.i.k.p.r.p.TestFile    Now processing file /home/runner/work/key/key/key.core/../key.ui/examples/standard_key/pred_log/quantifiers.key 
53216      INFO  main            d.u.i.k.p.i.AbstractProblemLoader Loading environment from /home/runner/work/key/key/key.core/../key.ui/examples/standard_key/pred_log/quantifiers.key 
53216      DEBUG main            d.u.i.k.p.i.AbstractProblemLoader Environment load took 133.6ns 
53217      INFO  main            d.u.i.k.p.i.AbstractProblemLoader Creating init config 
55578      DEBUG main            d.u.i.k.p.i.AbstractProblemLoader Init config took 2.36s 
55594      INFO  main            d.u.i.k.p.i.AbstractProblemLoader Replaying proof quantifiers.key 
55595      DEBUG main            d.u.i.k.p.i.IntermediateProofReplayer Proof replay took 9.4ns 
55699      INFO  main            d.u.i.k.p.r.p.TestFile    ... finished proof: closed. 
55932      INFO  main            d.u.i.k.p.i.AbstractProblemLoader Loading environment from /home/runner/work/key/key/key.core/../key.ui/examples/standard_key/pred_log/quantifiers.key.proof 
55936      DEBUG main            d.u.i.k.p.i.AbstractProblemLoader Environment load took 4.28ms 
55938      INFO  main            d.u.i.k.p.i.AbstractProblemLoader Creating init config 
58242      DEBUG main            d.u.i.k.p.i.AbstractProblemLoader Init config took 2.3s 
58258      INFO  main            d.u.i.k.p.i.AbstractProblemLoader Replaying proof quantifiers.key.proof 
58261      DEBUG main            d.u.i.k.p.i.IntermediateProofReplayer Proof replay took 1.77ms 
58262      DEBUG main            d.u.i.k.p.r.p.TestFile    ... success: reloaded. 
58263      INFO  main            d.u.i.k.p.r.p.TestFile    Now processing file /home/runner/work/key/key/key.core/../key.ui/examples/standard_key/pred_log/simpleEps.key 
58263      INFO  main            d.u.i.k.p.i.AbstractProblemLoader Loading environment from /home/runner/work/key/key/key.core/../key.ui/examples/standard_key/pred_log/simpleEps.key 
58263      DEBUG main            d.u.i.k.p.i.AbstractProblemLoader Environment load took 98.2ns 
58264      INFO  main            d.u.i.k.p.i.AbstractProblemLoader Creating init config 
60618      DEBUG main            d.u.i.k.p.i.AbstractProblemLoader Init config took 2.35s 
60634      INFO  main            d.u.i.k.p.i.AbstractProblemLoader Replaying proof simpleEps.key 
60635      DEBUG main            d.u.i.k.p.i.IntermediateProofReplayer Proof replay took 10.1ns 
60739      INFO  main            d.u.i.k.p.r.p.TestFile    ... finished proof: closed. 
60927      INFO  main            d.u.i.k.p.i.AbstractProblemLoader Loading environment from /home/runner/work/key/key/key.core/../key.ui/examples/standard_key/pred_log/simpleEps.key.proof 
60928      DEBUG main            d.u.i.k.p.i.AbstractProblemLoader Environment load took 128.4ns 
60929      INFO  main            d.u.i.k.p.i.AbstractProblemLoader Creating init config 
63231      DEBUG main            d.u.i.k.p.i.AbstractProblemLoader Init config took 2.3s 
63247      INFO  main            d.u.i.k.p.i.AbstractProblemLoader Replaying proof simpleEps.key.proof 
63255      DEBUG main            d.u.i.k.p.i.IntermediateProofReplayer Proof replay took 3.1ms 
63257      DEBUG main            d.u.i.k.p.r.p.TestFile    ... success: reloaded. 
63259      INFO  main            d.u.i.k.p.r.p.TestFile    Now processing file /home/runner/work/key/key/key.core/../key.ui/examples/standard_key/pred_log/steam1.key 
63259      INFO  main            d.u.i.k.p.i.AbstractProblemLoader Loading environment from /home/runner/work/key/key/key.core/../key.ui/examples/standard_key/pred_log/steam1.key 
63259      DEBUG main            d.u.i.k.p.i.AbstractProblemLoader Environment load took 168.1ns 
63264      INFO  main            d.u.i.k.p.i.AbstractProblemLoader Creating init config 
65644      DEBUG main            d.u.i.k.p.i.AbstractProblemLoader Init config took 2.38s 
65669      INFO  main            d.u.i.k.p.i.AbstractProblemLoader Replaying proof steam1.key 
65670      DEBUG main            d.u.i.k.p.i.IntermediateProofReplayer Proof replay took 9.5ns 
65978      INFO  main            d.u.i.k.p.r.p.TestFile    ... finished proof: closed. 
66198      INFO  main            d.u.i.k.p.i.AbstractProblemLoader Loading environment from /home/runner/work/key/key/key.core/../key.ui/examples/standard_key/pred_log/steam1.key.proof 
66199      DEBUG main            d.u.i.k.p.i.AbstractProblemLoader Environment load took 436.41ns 
66201      INFO  main            d.u.i.k.p.i.AbstractProblemLoader Creating init config 
68465      DEBUG main            d.u.i.k.p.i.AbstractProblemLoader Init config took 2.26s 
68485      INFO  main            d.u.i.k.p.i.AbstractProblemLoader Replaying proof steam1.key.proof 
68522      DEBUG main            d.u.i.k.p.i.IntermediateProofReplayer Proof replay took 32.93ms 
68524      DEBUG main            d.u.i.k.p.r.p.TestFile    ... success: reloaded. 
68525      INFO  main            d.u.i.k.p.r.p.TestFile    Now processing file /home/runner/work/key/key/key.core/../key.ui/examples/standard_key/pred_log/tptp/PUZ/PUZ001p1.key 
68525      INFO  main            d.u.i.k.p.i.AbstractProblemLoader Loading environment from /home/runner/work/key/key/key.core/../key.ui/examples/standard_key/pred_log/tptp/PUZ/PUZ001p1.key 
68525      DEBUG main            d.u.i.k.p.i.AbstractProblemLoader Environment load took 99.2ns 
68527      INFO  main            d.u.i.k.p.i.AbstractProblemLoader Creating init config 
70876      DEBUG main            d.u.i.k.p.i.AbstractProblemLoader Init config took 2.35s 
70913      INFO  main            d.u.i.k.p.i.AbstractProblemLoader Replaying proof PUZ001p1.key 
70915      DEBUG main            d.u.i.k.p.i.IntermediateProofReplayer Proof replay took 10.7ns 
73937      INFO  main            d.u.i.k.p.r.p.TestFile    ... finished proof: closed. 
74177      INFO  main            d.u.i.k.p.i.AbstractProblemLoader Loading environment from /home/runner/work/key/key/key.core/../key.ui/examples/standard_key/pred_log/tptp/PUZ/PUZ001p1.key.proof 
74178      DEBUG main            d.u.i.k.p.i.AbstractProblemLoader Environment load took 1.88ms 
74180      INFO  main            d.u.i.k.p.i.AbstractProblemLoader Creating init config 
76469      DEBUG main            d.u.i.k.p.i.AbstractProblemLoader Init config took 2.29s 
76488      INFO  main            d.u.i.k.p.i.AbstractProblemLoader Replaying proof PUZ001p1.key.proof 
76629      DEBUG main            d.u.i.k.p.i.IntermediateProofReplayer Proof replay took 128.46ms 
76632      DEBUG main            d.u.i.k.p.r.p.TestFile    ... success: reloaded. 
76633      INFO  main            d.u.i.k.p.r.p.TestFile    Now processing file /home/runner/work/key/key/key.core/../key.ui/examples/standard_key/pred_log/tptp/PUZ/PUZ001p1-eq.key 
76633      INFO  main            d.u.i.k.p.i.AbstractProblemLoader Loading environment from /home/runner/work/key/key/key.core/../key.ui/examples/standard_key/pred_log/tptp/PUZ/PUZ001p1-eq.key 
76633      DEBUG main            d.u.i.k.p.i.AbstractProblemLoader Environment load took 181.8ns 
76634      INFO  main            d.u.i.k.p.i.AbstractProblemLoader Creating init config 
78952      DEBUG main            d.u.i.k.p.i.AbstractProblemLoader Init config took 2.32s 
78968      INFO  main            d.u.i.k.p.i.AbstractProblemLoader Replaying proof PUZ001p1-eq.key 
78969      DEBUG main            d.u.i.k.p.i.IntermediateProofReplayer Proof replay took 8.7ns 
79075      INFO  main            d.u.i.k.p.r.p.TestFile    ... finished proof: closed. 
79309      INFO  main            d.u.i.k.p.i.AbstractProblemLoader Loading environment from /home/runner/work/key/key/key.core/../key.ui/examples/standard_key/pred_log/tptp/PUZ/PUZ001p1-eq.key.proof 
79309      DEBUG main            d.u.i.k.p.i.AbstractProblemLoader Environment load took 129.3ns 
79311      INFO  main            d.u.i.k.p.i.AbstractProblemLoader Creating init config 
81564      DEBUG main            d.u.i.k.p.i.AbstractProblemLoader Init config took 2.25s 
81580      INFO  main            d.u.i.k.p.i.AbstractProblemLoader Replaying proof PUZ001p1-eq.key.proof 
81595      DEBUG main            d.u.i.k.p.i.IntermediateProofReplayer Proof replay took 12.53ms 
81597      DEBUG main            d.u.i.k.p.r.p.TestFile    ... success: reloaded. 
81598      INFO  main            d.u.i.k.p.r.p.TestFile    Now processing file /home/runner/work/key/key/key.core/../key.ui/examples/standard_key/pred_log/tptp/PUZ/PUZ031p1.key 
81598      INFO  main            d.u.i.k.p.i.AbstractProblemLoader Loading environment from /home/runner/work/key/key/key.core/../key.ui/examples/standard_key/pred_log/tptp/PUZ/PUZ031p1.key 
81598      DEBUG main            d.u.i.k.p.i.AbstractProblemLoader Environment load took 95.2ns 
81599      INFO  main            d.u.i.k.p.i.AbstractProblemLoader Creating init config 
83913      DEBUG main            d.u.i.k.p.i.AbstractProblemLoader Init config took 2.31s 
83929      INFO  main            d.u.i.k.p.i.AbstractProblemLoader Replaying proof PUZ031p1.key 
83930      DEBUG main            d.u.i.k.p.i.IntermediateProofReplayer Proof replay took 8.9ns 
92062      INFO  main            d.u.i.k.p.r.p.TestFile    ... finished proof: closed. 
92289      INFO  main            d.u.i.k.p.i.AbstractProblemLoader Loading environment from /home/runner/work/key/key/key.core/../key.ui/examples/standard_key/pred_log/tptp/PUZ/PUZ031p1.key.proof 
92289      DEBUG main            d.u.i.k.p.i.AbstractProblemLoader Environment load took 143.3ns 
92295      INFO  main            d.u.i.k.p.i.AbstractProblemLoader Creating init config 
94591      DEBUG main            d.u.i.k.p.i.AbstractProblemLoader Init config took 2.3s 
94617      INFO  main            d.u.i.k.p.i.AbstractProblemLoader Replaying proof PUZ031p1.key.proof 
94665      DEBUG main            d.u.i.k.p.i.IntermediateProofReplayer Proof replay took 43.82ms 
94667      DEBUG main            d.u.i.k.p.r.p.TestFile    ... success: reloaded. 
94668      INFO  main            d.u.i.k.p.r.p.TestFile    Now processing file /home/runner/work/key/key/key.core/../key.ui/examples/standard_key/pred_log/tptp/SET/SET027p3.key 
94668      INFO  main            d.u.i.k.p.i.AbstractProblemLoader Loading environment from /home/runner/work/key/key/key.core/../key.ui/examples/standard_key/pred_log/tptp/SET/SET027p3.key 
94669      DEBUG main            d.u.i.k.p.i.AbstractProblemLoader Environment load took 193.31ns 
94670      INFO  main            d.u.i.k.p.i.AbstractProblemLoader Creating init config 
97012      DEBUG main            d.u.i.k.p.i.AbstractProblemLoader Init config took 2.34s 
97026      INFO  main            d.u.i.k.p.i.AbstractProblemLoader Replaying proof SET027p3.key 
97028      DEBUG main            d.u.i.k.p.i.IntermediateProofReplayer Proof replay took 10.4ns 
97130      INFO  main            d.u.i.k.p.r.p.TestFile    ... finished proof: closed. 
97372      INFO  main            d.u.i.k.p.i.AbstractProblemLoader Loading environment from /home/runner/work/key/key/key.core/../key.ui/examples/standard_key/pred_log/tptp/SET/SET027p3.key.proof 
97372      DEBUG main            d.u.i.k.p.i.AbstractProblemLoader Environment load took 179.81ns 
97374      INFO  main            d.u.i.k.p.i.AbstractProblemLoader Creating init config 
99636      DEBUG main            d.u.i.k.p.i.AbstractProblemLoader Init config took 2.26s 
99650      INFO  main            d.u.i.k.p.i.AbstractProblemLoader Replaying proof SET027p3.key.proof 
99656      DEBUG main            d.u.i.k.p.i.IntermediateProofReplayer Proof replay took 3.18ms 
99657      DEBUG main            d.u.i.k.p.r.p.TestFile    ... success: reloaded. 
99658      INFO  main            d.u.i.k.p.r.p.TestFile    Now processing file /home/runner/work/key/key/key.core/../key.ui/examples/standard_key/pred_log/tptp/SET/SET043p1.key 
99658      INFO  main            d.u.i.k.p.i.AbstractProblemLoader Loading environment from /home/runner/work/key/key/key.core/../key.ui/examples/standard_key/pred_log/tptp/SET/SET043p1.key 
99658      DEBUG main            d.u.i.k.p.i.AbstractProblemLoader Environment load took 187.71ns 
99659      INFO  main            d.u.i.k.p.i.AbstractProblemLoader Creating init config 
102007     DEBUG main            d.u.i.k.p.i.AbstractProblemLoader Init config took 2.35s 
102021     INFO  main            d.u.i.k.p.i.AbstractProblemLoader Replaying proof SET043p1.key 
102023     DEBUG main            d.u.i.k.p.i.IntermediateProofReplayer Proof replay took 9.5ns 
102125     INFO  main            d.u.i.k.p.r.p.TestFile    ... finished proof: closed. 
102353     INFO  main            d.u.i.k.p.i.AbstractProblemLoader Loading environment from /home/runner/work/key/key/key.core/../key.ui/examples/standard_key/pred_log/tptp/SET/SET043p1.key.proof 
102353     DEBUG main            d.u.i.k.p.i.AbstractProblemLoader Environment load took 178.71ns 
102354     INFO  main            d.u.i.k.p.i.AbstractProblemLoader Creating init config 
104651     DEBUG main            d.u.i.k.p.i.AbstractProblemLoader Init config took 2.3s 
104666     INFO  main            d.u.i.k.p.i.AbstractProblemLoader Replaying proof SET043p1.key.proof 
104674     DEBUG main            d.u.i.k.p.i.IntermediateProofReplayer Proof replay took 1.43ms 
104676     DEBUG main            d.u.i.k.p.r.p.TestFile    ... success: reloaded. 
104677     INFO  main            d.u.i.k.p.r.p.TestFile    Now processing file /home/runner/work/key/key/key.core/../key.ui/examples/standard_key/pred_log/tptp/SET/SET045p1.key 
104678     INFO  main            d.u.i.k.p.i.AbstractProblemLoader Loading environment from /home/runner/work/key/key/key.core/../key.ui/examples/standard_key/pred_log/tptp/SET/SET045p1.key 
104678     DEBUG main            d.u.i.k.p.i.AbstractProblemLoader Environment load took 140.6ns 
104679     INFO  main            d.u.i.k.p.i.AbstractProblemLoader Creating init config 
107068     DEBUG main            d.u.i.k.p.i.AbstractProblemLoader Init config took 2.39s 
107083     INFO  main            d.u.i.k.p.i.AbstractProblemLoader Replaying proof SET045p1.key 
107085     DEBUG main            d.u.i.k.p.i.IntermediateProofReplayer Proof replay took 11.7ns 
107187     INFO  main            d.u.i.k.p.r.p.TestFile    ... finished proof: closed. 
107429     INFO  main            d.u.i.k.p.i.AbstractProblemLoader Loading environment from /home/runner/work/key/key/key.core/../key.ui/examples/standard_key/pred_log/tptp/SET/SET045p1.key.proof 
107430     DEBUG main            d.u.i.k.p.i.AbstractProblemLoader Environment load took 132ns 
107431     INFO  main            d.u.i.k.p.i.AbstractProblemLoader Creating init config 
109768     DEBUG main            d.u.i.k.p.i.AbstractProblemLoader Init config took 2.34s 
109786     INFO  main            d.u.i.k.p.i.AbstractProblemLoader Replaying proof SET045p1.key.proof 
109792     DEBUG main            d.u.i.k.p.i.IntermediateProofReplayer Proof replay took 2.92ms 
109793     DEBUG main            d.u.i.k.p.r.p.TestFile    ... success: reloaded. 
109794     INFO  main            d.u.i.k.p.r.p.TestFile    Now processing file /home/runner/work/key/key/key.core/../key.ui/examples/standard_key/pred_log/tptp/SET/SET062p3.key 
109794     INFO  main            d.u.i.k.p.i.AbstractProblemLoader Loading environment from /home/runner/work/key/key/key.core/../key.ui/examples/standard_key/pred_log/tptp/SET/SET062p3.key 
109795     DEBUG main            d.u.i.k.p.i.AbstractProblemLoader Environment load took 177.91ns 
109797     INFO  main            d.u.i.k.p.i.AbstractProblemLoader Creating init config 
112190     DEBUG main            d.u.i.k.p.i.AbstractProblemLoader Init config took 2.39s 
112208     INFO  main            d.u.i.k.p.i.AbstractProblemLoader Replaying proof SET062p3.key 
112210     DEBUG main            d.u.i.k.p.i.IntermediateProofReplayer Proof replay took 10.4ns 
112313     INFO  main            d.u.i.k.p.r.p.TestFile    ... finished proof: closed. 
112555     INFO  main            d.u.i.k.p.i.AbstractProblemLoader Loading environment from /home/runner/work/key/key/key.core/../key.ui/examples/standard_key/pred_log/tptp/SET/SET062p3.key.proof 
112555     DEBUG main            d.u.i.k.p.i.AbstractProblemLoader Environment load took 126.8ns 
112556     INFO  main            d.u.i.k.p.i.AbstractProblemLoader Creating init config 
114848     DEBUG main            d.u.i.k.p.i.AbstractProblemLoader Init config took 2.29s 
114863     INFO  main            d.u.i.k.p.i.AbstractProblemLoader Replaying proof SET062p3.key.proof 
114867     DEBUG main            d.u.i.k.p.i.IntermediateProofReplayer Proof replay took 2.39ms 
114868     DEBUG main            d.u.i.k.p.r.p.TestFile    ... success: reloaded. 
114869     INFO  main            d.u.i.k.p.r.p.TestFile    Now processing file /home/runner/work/key/key/key.core/../key.ui/examples/standard_key/pred_log/tptp/SET/SET063p3.key 
114869     INFO  main            d.u.i.k.p.i.AbstractProblemLoader Loading environment from /home/runner/work/key/key/key.core/../key.ui/examples/standard_key/pred_log/tptp/SET/SET063p3.key 
114869     DEBUG main            d.u.i.k.p.i.AbstractProblemLoader Environment load took 89.9ns 
114870     INFO  main            d.u.i.k.p.i.AbstractProblemLoader Creating init config 
117221     DEBUG main            d.u.i.k.p.i.AbstractProblemLoader Init config took 2.35s 
117236     INFO  main            d.u.i.k.p.i.AbstractProblemLoader Replaying proof SET063p3.key 
117238     DEBUG main            d.u.i.k.p.i.IntermediateProofReplayer Proof replay took 9.3ns 
117341     INFO  main            d.u.i.k.p.r.p.TestFile    ... finished proof: closed. 
117612     INFO  main            d.u.i.k.p.i.AbstractProblemLoader Loading environment from /home/runner/work/key/key/key.core/../key.ui/examples/standard_key/pred_log/tptp/SET/SET063p3.key.proof 
117612     DEBUG main            d.u.i.k.p.i.AbstractProblemLoader Environment load took 125.4ns 
117613     INFO  main            d.u.i.k.p.i.AbstractProblemLoader Creating init config 
119875     DEBUG main            d.u.i.k.p.i.AbstractProblemLoader Init config took 2.26s 
119890     INFO  main            d.u.i.k.p.i.AbstractProblemLoader Replaying proof SET063p3.key.proof 
119895     DEBUG main            d.u.i.k.p.i.IntermediateProofReplayer Proof replay took 2.87ms 
119896     DEBUG main            d.u.i.k.p.r.p.TestFile    ... success: reloaded. 
119897     INFO  main            d.u.i.k.p.r.p.TestFile    Now processing file /home/runner/work/key/key/key.core/../key.ui/examples/standard_key/pred_log/tptp/SYN/SYN036p2.key 
119897     INFO  main            d.u.i.k.p.i.AbstractProblemLoader Loading environment from /home/runner/work/key/key/key.core/../key.ui/examples/standard_key/pred_log/tptp/SYN/SYN036p2.key 
119897     DEBUG main            d.u.i.k.p.i.AbstractProblemLoader Environment load took 98.4ns 
119898     INFO  main            d.u.i.k.p.i.AbstractProblemLoader Creating init config 
122238     DEBUG main            d.u.i.k.p.i.AbstractProblemLoader Init config took 2.34s 
122255     INFO  main            d.u.i.k.p.i.AbstractProblemLoader Replaying proof SYN036p2.key 
122256     DEBUG main            d.u.i.k.p.i.IntermediateProofReplayer Proof replay took 10ns 
122562     INFO  main            d.u.i.k.p.r.p.TestFile    ... finished proof: closed. 
122834     INFO  main            d.u.i.k.p.i.AbstractProblemLoader Loading environment from /home/runner/work/key/key/key.core/../key.ui/examples/standard_key/pred_log/tptp/SYN/SYN036p2.key.proof 
122838     DEBUG main            d.u.i.k.p.i.AbstractProblemLoader Environment load took 4.2ms 
122842     INFO  main            d.u.i.k.p.i.AbstractProblemLoader Creating init config 
125104     DEBUG main            d.u.i.k.p.i.AbstractProblemLoader Init config took 2.26s 
125118     INFO  main            d.u.i.k.p.i.AbstractProblemLoader Replaying proof SYN036p2.key.proof 
125174     DEBUG main            d.u.i.k.p.i.IntermediateProofReplayer Proof replay took 48.51ms 
125176     DEBUG main            d.u.i.k.p.r.p.TestFile    ... success: reloaded. 
125177     INFO  main            d.u.i.k.p.r.p.TestFile    Now processing file /home/runner/work/key/key/key.core/../key.ui/examples/standard_key/pred_log/tptp/SYN/SYN550p1.key 
125177     INFO  main            d.u.i.k.p.i.AbstractProblemLoader Loading environment from /home/runner/work/key/key/key.core/../key.ui/examples/standard_key/pred_log/tptp/SYN/SYN550p1.key 
125177     DEBUG main            d.u.i.k.p.i.AbstractProblemLoader Environment load took 81ns 
125178     INFO  main            d.u.i.k.p.i.AbstractProblemLoader Creating init config 
127474     DEBUG main            d.u.i.k.p.i.AbstractProblemLoader Init config took 2.3s 
127490     INFO  main            d.u.i.k.p.i.AbstractProblemLoader Replaying proof SYN550p1.key 
127491     DEBUG main            d.u.i.k.p.i.IntermediateProofReplayer Proof replay took 10ns 
130202     INFO  main            d.u.i.k.p.r.p.TestFile    ... finished proof: closed. 
130482     INFO  main            d.u.i.k.p.i.AbstractProblemLoader Loading environment from /home/runner/work/key/key/key.core/../key.ui/examples/standard_key/pred_log/tptp/SYN/SYN550p1.key.proof 
130482     DEBUG main            d.u.i.k.p.i.AbstractProblemLoader Environment load took 412.11ns 
130483     INFO  main            d.u.i.k.p.i.AbstractProblemLoader Creating init config 
132732     DEBUG main            d.u.i.k.p.i.AbstractProblemLoader Init config took 2.25s 
132746     INFO  main            d.u.i.k.p.i.AbstractProblemLoader Replaying proof SYN550p1.key.proof 
132825     DEBUG main            d.u.i.k.p.i.IntermediateProofReplayer Proof replay took 72.97ms 
132827     DEBUG main            d.u.i.k.p.r.p.TestFile    ... success: reloaded. 
132828     INFO  main            d.u.i.k.p.r.p.TestFile    Now processing file /home/runner/work/key/key/key.core/../key.ui/examples/standard_key/prop_log/reallySimple.key 
132828     INFO  main            d.u.i.k.p.i.AbstractProblemLoader Loading environment from /home/runner/work/key/key/key.core/../key.ui/examples/standard_key/prop_log/reallySimple.key 
132828     DEBUG main            d.u.i.k.p.i.AbstractProblemLoader Environment load took 174.4ns 
132829     INFO  main            d.u.i.k.p.i.AbstractProblemLoader Creating init config 
135120     DEBUG main            d.u.i.k.p.i.AbstractProblemLoader Init config took 2.29s 
135135     INFO  main            d.u.i.k.p.i.AbstractProblemLoader Replaying proof reallySimple.key 
135136     DEBUG main            d.u.i.k.p.i.IntermediateProofReplayer Proof replay took 8.9ns 
135240     INFO  main            d.u.i.k.p.r.p.TestFile    ... finished proof: open goal(s) 
135530     INFO  main            d.u.i.k.p.r.p.TestFile    Now processing file /home/runner/work/key/key/key.core/../key.ui/examples/standard_key/pred_log/sameName1.key 
135531     INFO  main            d.u.i.k.p.i.AbstractProblemLoader Loading environment from /home/runner/work/key/key/key.core/../key.ui/examples/standard_key/pred_log/sameName1.key 
135531     DEBUG main            d.u.i.k.p.i.AbstractProblemLoader Environment load took 70.3ns 
135532     INFO  main            d.u.i.k.p.i.AbstractProblemLoader Creating init config 
137778     DEBUG main            d.u.i.k.p.i.AbstractProblemLoader Init config took 2.25s 
137792     INFO  main            d.u.i.k.p.i.AbstractProblemLoader Replaying proof sameName1.key 
137793     DEBUG main            d.u.i.k.p.i.IntermediateProofReplayer Proof replay took 8.2ns 
137896     INFO  main            d.u.i.k.p.r.p.TestFile    ... finished proof: open goal(s) 
138223     INFO  main            d.u.i.k.p.r.p.TestFile    Now processing file /home/runner/work/key/key/key.core/../key.ui/examples/standard_key/pred_log/jbyteIfEx.key 
138224     INFO  main            d.u.i.k.p.i.AbstractProblemLoader Loading environment from /home/runner/work/key/key/key.core/../key.ui/examples/standard_key/pred_log/jbyteIfEx.key 
138224     DEBUG main            d.u.i.k.p.i.AbstractProblemLoader Environment load took 91.7ns 
138225     INFO  main            d.u.i.k.p.i.AbstractProblemLoader Creating init config 
140510     DEBUG main            d.u.i.k.p.i.AbstractProblemLoader Init config took 2.29s 
140524     INFO  main            d.u.i.k.p.i.AbstractProblemLoader Replaying proof jbyteIfEx.key 
140526     DEBUG main            d.u.i.k.p.i.IntermediateProofReplayer Proof replay took 8.2ns 
140628     INFO  main            d.u.i.k.p.r.p.TestFile    ... finished proof: closed. 
140898     INFO  main            d.u.i.k.p.i.AbstractProblemLoader Loading environment from /home/runner/work/key/key/key.core/../key.ui/examples/standard_key/pred_log/jbyteIfEx.key.proof 
140898     DEBUG main            d.u.i.k.p.i.AbstractProblemLoader Environment load took 125.2ns 
140900     INFO  main            d.u.i.k.p.i.AbstractProblemLoader Creating init config 
143124     DEBUG main            d.u.i.k.p.i.AbstractProblemLoader Init config took 2.22s 
143138     INFO  main            d.u.i.k.p.i.AbstractProblemLoader Replaying proof jbyteIfEx.key.proof 
143144     DEBUG main            d.u.i.k.p.i.IntermediateProofReplayer Proof replay took 3.32ms 
143145     DEBUG main            d.u.i.k.p.r.p.TestFile    ... success: reloaded. 
143146     INFO  main            d.u.i.k.p.r.p.TestFile    Now processing file /home/runner/work/key/key/key.core/../key.ui/examples/standard_key/prop_log/allClausesLength4.key 
143146     INFO  main            d.u.i.k.p.i.AbstractProblemLoader Loading environment from /home/runner/work/key/key/key.core/../key.ui/examples/standard_key/prop_log/allClausesLength4.key 
143146     DEBUG main            d.u.i.k.p.i.AbstractProblemLoader Environment load took 174.8ns 
143147     INFO  main            d.u.i.k.p.i.AbstractProblemLoader Creating init config 
145456     DEBUG main            d.u.i.k.p.i.AbstractProblemLoader Init config took 2.31s 
145470     INFO  main            d.u.i.k.p.i.AbstractProblemLoader Replaying proof allClausesLength4.key 
145471     DEBUG main            d.u.i.k.p.i.IntermediateProofReplayer Proof replay took 7.6ns 
145574     INFO  main            d.u.i.k.p.r.p.TestFile    ... finished proof: closed. 
145856     INFO  main            d.u.i.k.p.i.AbstractProblemLoader Loading environment from /home/runner/work/key/key/key.core/../key.ui/examples/standard_key/prop_log/allClausesLength4.key.proof 
145856     DEBUG main            d.u.i.k.p.i.AbstractProblemLoader Environment load took 119.1ns 
145857     INFO  main            d.u.i.k.p.i.AbstractProblemLoader Creating init config 
148081     DEBUG main            d.u.i.k.p.i.AbstractProblemLoader Init config took 2.22s 
148095     INFO  main            d.u.i.k.p.i.AbstractProblemLoader Replaying proof allClausesLength4.key.proof 
148106     DEBUG main            d.u.i.k.p.i.IntermediateProofReplayer Proof replay took 9ms 
148108     DEBUG main            d.u.i.k.p.r.p.TestFile    ... success: reloaded. 
148108     INFO  main            d.u.i.k.p.r.p.TestFile    Now processing file /home/runner/work/key/key/key.core/../key.ui/examples/standard_key/prop_log/allClausesLength5.key 
148109     INFO  main            d.u.i.k.p.i.AbstractProblemLoader Loading environment from /home/runner/work/key/key/key.core/../key.ui/examples/standard_key/prop_log/allClausesLength5.key 
148109     DEBUG main            d.u.i.k.p.i.AbstractProblemLoader Environment load took 108.3ns 
148110     INFO  main            d.u.i.k.p.i.AbstractProblemLoader Creating init config 
150414     DEBUG main            d.u.i.k.p.i.AbstractProblemLoader Init config took 2.3s 
150431     INFO  main            d.u.i.k.p.i.AbstractProblemLoader Replaying proof allClausesLength5.key 
150432     DEBUG main            d.u.i.k.p.i.IntermediateProofReplayer Proof replay took 10.2ns 
150636     INFO  main            d.u.i.k.p.r.p.TestFile    ... finished proof: closed. 
151021     INFO  main            d.u.i.k.p.i.AbstractProblemLoader Loading environment from /home/runner/work/key/key/key.core/../key.ui/examples/standard_key/prop_log/allClausesLength5.key.proof 
151021     DEBUG main            d.u.i.k.p.i.AbstractProblemLoader Environment load took 139.4ns 
151023     INFO  main            d.u.i.k.p.i.AbstractProblemLoader Creating init config 
153278     DEBUG main            d.u.i.k.p.i.AbstractProblemLoader Init config took 2.26s 
153293     INFO  main            d.u.i.k.p.i.AbstractProblemLoader Replaying proof allClausesLength5.key.proof 
153322     DEBUG main            d.u.i.k.p.i.IntermediateProofReplayer Proof replay took 24.73ms 
153324     DEBUG main            d.u.i.k.p.r.p.TestFile    ... success: reloaded. 
153324     INFO  main            d.u.i.k.p.r.p.TestFile    Now processing file /home/runner/work/key/key/key.core/../key.ui/examples/standard_key/prop_log/doubleNeg.key 
153324     INFO  main            d.u.i.k.p.i.AbstractProblemLoader Loading environment from /home/runner/work/key/key/key.core/../key.ui/examples/standard_key/prop_log/doubleNeg.key 
153325     DEBUG main            d.u.i.k.p.i.AbstractProblemLoader Environment load took 91ns 
153325     INFO  main            d.u.i.k.p.i.AbstractProblemLoader Creating init config 
155669     DEBUG main            d.u.i.k.p.i.AbstractProblemLoader Init config took 2.34s 
155683     INFO  main            d.u.i.k.p.i.AbstractProblemLoader Replaying proof doubleNeg.key 
155685     DEBUG main            d.u.i.k.p.i.IntermediateProofReplayer Proof replay took 10.1ns 
155791     INFO  main            d.u.i.k.p.r.p.TestFile    ... finished proof: closed. 
156094     INFO  main            d.u.i.k.p.i.AbstractProblemLoader Loading environment from /home/runner/work/key/key/key.core/../key.ui/examples/standard_key/prop_log/doubleNeg.key.proof 
156094     DEBUG main            d.u.i.k.p.i.AbstractProblemLoader Environment load took 120.7ns 
156095     INFO  main            d.u.i.k.p.i.AbstractProblemLoader Creating init config 
158348     DEBUG main            d.u.i.k.p.i.AbstractProblemLoader Init config took 2.25s 
158362     INFO  main            d.u.i.k.p.i.AbstractProblemLoader Replaying proof doubleNeg.key.proof 
158364     DEBUG main            d.u.i.k.p.i.IntermediateProofReplayer Proof replay took 424.51ns 
158365     DEBUG main            d.u.i.k.p.r.p.TestFile    ... success: reloaded. 
158366     INFO  main            d.u.i.k.p.r.p.TestFile    Now processing file /home/runner/work/key/key/key.core/../key.ui/examples/standard_key/prop_log/liarsville.key 
158366     INFO  main            d.u.i.k.p.i.AbstractProblemLoader Loading environment from /home/runner/work/key/key/key.core/../key.ui/examples/standard_key/prop_log/liarsville.key 
158366     DEBUG main            d.u.i.k.p.i.AbstractProblemLoader Environment load took 196.71ns 
158367     INFO  main            d.u.i.k.p.i.AbstractProblemLoader Creating init config 
160695     DEBUG main            d.u.i.k.p.i.AbstractProblemLoader Init config took 2.33s 
160709     INFO  main            d.u.i.k.p.i.AbstractProblemLoader Replaying proof liarsville.key 
160710     DEBUG main            d.u.i.k.p.i.IntermediateProofReplayer Proof replay took 10.1ns 
160812     INFO  main            d.u.i.k.p.r.p.TestFile    ... finished proof: closed. 
161108     INFO  main            d.u.i.k.p.i.AbstractProblemLoader Loading environment from /home/runner/work/key/key/key.core/../key.ui/examples/standard_key/prop_log/liarsville.key.proof 
161109     DEBUG main            d.u.i.k.p.i.AbstractProblemLoader Environment load took 117.8ns 
161110     INFO  main            d.u.i.k.p.i.AbstractProblemLoader Creating init config 
163368     DEBUG main            d.u.i.k.p.i.AbstractProblemLoader Init config took 2.26s 
163382     INFO  main            d.u.i.k.p.i.AbstractProblemLoader Replaying proof liarsville.key.proof 
163384     DEBUG main            d.u.i.k.p.i.IntermediateProofReplayer Proof replay took 989.42ns 
163387     DEBUG main            d.u.i.k.p.r.p.TestFile    ... success: reloaded. 
163387     INFO  main            d.u.i.k.p.r.p.TestFile    Now processing file /home/runner/work/key/key/key.core/../key.ui/examples/standard_key/prop_log/simplest.key 
163387     INFO  main            d.u.i.k.p.i.AbstractProblemLoader Loading environment from /home/runner/work/key/key/key.core/../key.ui/examples/standard_key/prop_log/simplest.key 
163388     DEBUG main            d.u.i.k.p.i.AbstractProblemLoader Environment load took 58.9ns 
163388     INFO  main            d.u.i.k.p.i.AbstractProblemLoader Creating init config 
165709     DEBUG main            d.u.i.k.p.i.AbstractProblemLoader Init config took 2.32s 
165722     INFO  main            d.u.i.k.p.i.AbstractProblemLoader Replaying proof simplest.key 
165723     DEBUG main            d.u.i.k.p.i.IntermediateProofReplayer Proof replay took 10.8ns 
165825     INFO  main            d.u.i.k.p.r.p.TestFile    ... finished proof: closed. 
166122     INFO  main            d.u.i.k.p.i.AbstractProblemLoader Loading environment from /home/runner/work/key/key/key.core/../key.ui/examples/standard_key/prop_log/simplest.key.proof 
166123     DEBUG main            d.u.i.k.p.i.AbstractProblemLoader Environment load took 110.9ns 
166124     INFO  main            d.u.i.k.p.i.AbstractProblemLoader Creating init config 
168379     DEBUG main            d.u.i.k.p.i.AbstractProblemLoader Init config took 2.26s 
168393     INFO  main            d.u.i.k.p.i.AbstractProblemLoader Replaying proof simplest.key.proof 
168395     DEBUG main            d.u.i.k.p.i.IntermediateProofReplayer Proof replay took 119.4ns 
168396     DEBUG main            d.u.i.k.p.r.p.TestFile    ... success: reloaded. 
168396     INFO  main            d.u.i.k.p.r.p.TestFile    Now processing file /home/runner/work/key/key/key.core/../key.ui/examples/standard_key/prop_log/contraposition.key 
168396     INFO  main            d.u.i.k.p.i.AbstractProblemLoader Loading environment from /home/runner/work/key/key/key.core/../key.ui/examples/standard_key/prop_log/contraposition.key 
168396     DEBUG main            d.u.i.k.p.i.AbstractProblemLoader Environment load took 70.9ns 
168397     INFO  main            d.u.i.k.p.i.AbstractProblemLoader Creating init config 
170715     DEBUG main            d.u.i.k.p.i.AbstractProblemLoader Init config took 2.32s 
170729     INFO  main            d.u.i.k.p.i.AbstractProblemLoader Replaying proof contraposition.key 
170730     DEBUG main            d.u.i.k.p.i.IntermediateProofReplayer Proof replay took 10.4ns 
170832     INFO  main            d.u.i.k.p.r.p.TestFile    ... finished proof: closed. 
171146     INFO  main            d.u.i.k.p.i.AbstractProblemLoader Loading environment from /home/runner/work/key/key/key.core/../key.ui/examples/standard_key/prop_log/contraposition.key.proof 
171147     DEBUG main            d.u.i.k.p.i.AbstractProblemLoader Environment load took 126.2ns 
171148     INFO  main            d.u.i.k.p.i.AbstractProblemLoader Creating init config 
173396     DEBUG main            d.u.i.k.p.i.AbstractProblemLoader Init config took 2.25s 
173410     INFO  main            d.u.i.k.p.i.AbstractProblemLoader Replaying proof contraposition.key.proof 
173412     DEBUG main            d.u.i.k.p.i.IntermediateProofReplayer Proof replay took 469.41ns 
173413     DEBUG main            d.u.i.k.p.r.p.TestFile    ... success: reloaded. 
173413     INFO  main            d.u.i.k.p.r.p.TestFile    Now processing file /home/runner/work/key/key/key.core/../key.ui/examples/standard_key/quantifiers/elimination0.key 
173414     INFO  main            d.u.i.k.p.i.AbstractProblemLoader Loading environment from /home/runner/work/key/key/key.core/../key.ui/examples/standard_key/quantifiers/elimination0.key 
173414     DEBUG main            d.u.i.k.p.i.AbstractProblemLoader Environment load took 562.21ns 
173415     INFO  main            d.u.i.k.p.i.AbstractProblemLoader Creating init config 
175711     DEBUG main            d.u.i.k.p.i.AbstractProblemLoader Init config took 2.3s 
175726     INFO  main            d.u.i.k.p.i.AbstractProblemLoader Replaying proof elimination0.key 
175728     DEBUG main            d.u.i.k.p.i.IntermediateProofReplayer Proof replay took 9.9ns 
175830     INFO  main            d.u.i.k.p.r.p.TestFile    ... finished proof: closed. 
176141     INFO  main            d.u.i.k.p.i.AbstractProblemLoader Loading environment from /home/runner/work/key/key/key.core/../key.ui/examples/standard_key/quantifiers/elimination0.key.proof 
176141     DEBUG main            d.u.i.k.p.i.AbstractProblemLoader Environment load took 127.1ns 
176143     INFO  main            d.u.i.k.p.i.AbstractProblemLoader Creating init config 
178390     DEBUG main            d.u.i.k.p.i.AbstractProblemLoader Init config took 2.25s 
178404     INFO  main            d.u.i.k.p.i.AbstractProblemLoader Replaying proof elimination0.key.proof 
178407     DEBUG main            d.u.i.k.p.i.IntermediateProofReplayer Proof replay took 1.14ms 
178408     DEBUG main            d.u.i.k.p.r.p.TestFile    ... success: reloaded. 
178409     INFO  main            d.u.i.k.p.r.p.TestFile    Now processing file /home/runner/work/key/key/key.core/../key.ui/examples/standard_key/quantifiers/heuristic_PUZ001p1-eq.key 
178409     INFO  main            d.u.i.k.p.i.AbstractProblemLoader Loading environment from /home/runner/work/key/key/key.core/../key.ui/examples/standard_key/quantifiers/heuristic_PUZ001p1-eq.key 
178409     DEBUG main            d.u.i.k.p.i.AbstractProblemLoader Environment load took 92.9ns 
178410     INFO  main            d.u.i.k.p.i.AbstractProblemLoader Creating init config 
180729     DEBUG main            d.u.i.k.p.i.AbstractProblemLoader Init config took 2.32s 
180744     INFO  main            d.u.i.k.p.i.AbstractProblemLoader Replaying proof heuristic_PUZ001p1-eq.key 
180746     DEBUG main            d.u.i.k.p.i.IntermediateProofReplayer Proof replay took 10.2ns 
180848     INFO  main            d.u.i.k.p.r.p.TestFile    ... finished proof: closed. 
181176     INFO  main            d.u.i.k.p.i.AbstractProblemLoader Loading environment from /home/runner/work/key/key/key.core/../key.ui/examples/standard_key/quantifiers/heuristic_PUZ001p1-eq.key.proof 
181176     DEBUG main            d.u.i.k.p.i.AbstractProblemLoader Environment load took 138.6ns 
181177     INFO  main            d.u.i.k.p.i.AbstractProblemLoader Creating init config 
183429     DEBUG main            d.u.i.k.p.i.AbstractProblemLoader Init config took 2.25s 
183443     INFO  main            d.u.i.k.p.i.AbstractProblemLoader Replaying proof heuristic_PUZ001p1-eq.key.proof 
183452     DEBUG main            d.u.i.k.p.i.IntermediateProofReplayer Proof replay took 6.33ms 
183453     DEBUG main            d.u.i.k.p.r.p.TestFile    ... success: reloaded. 
183454     INFO  main            d.u.i.k.p.r.p.TestFile    Now processing file /home/runner/work/key/key/key.core/../key.ui/examples/standard_key/quantifiers/heuristic_PUZ001p1.key 
183454     INFO  main            d.u.i.k.p.i.AbstractProblemLoader Loading environment from /home/runner/work/key/key/key.core/../key.ui/examples/standard_key/quantifiers/heuristic_PUZ001p1.key 
183454     DEBUG main            d.u.i.k.p.i.AbstractProblemLoader Environment load took 90.1ns 
183456     INFO  main            d.u.i.k.p.i.AbstractProblemLoader Creating init config 
185758     DEBUG main            d.u.i.k.p.i.AbstractProblemLoader Init config took 2.3s 
185773     INFO  main            d.u.i.k.p.i.AbstractProblemLoader Replaying proof heuristic_PUZ001p1.key 
185775     DEBUG main            d.u.i.k.p.i.IntermediateProofReplayer Proof replay took 10ns 
187081     INFO  main            d.u.i.k.p.r.p.TestFile    ... finished proof: closed. 
187419     INFO  main            d.u.i.k.p.i.AbstractProblemLoader Loading environment from /home/runner/work/key/key/key.core/../key.ui/examples/standard_key/quantifiers/heuristic_PUZ001p1.key.proof 
187419     DEBUG main            d.u.i.k.p.i.AbstractProblemLoader Environment load took 128.6ns 
187421     INFO  main            d.u.i.k.p.i.AbstractProblemLoader Creating init config 
189675     DEBUG main            d.u.i.k.p.i.AbstractProblemLoader Init config took 2.25s 
189695     INFO  main            d.u.i.k.p.i.AbstractProblemLoader Replaying proof heuristic_PUZ001p1.key.proof 
189729     DEBUG main            d.u.i.k.p.i.IntermediateProofReplayer Proof replay took 29.11ms 
189730     DEBUG main            d.u.i.k.p.r.p.TestFile    ... success: reloaded. 
189731     INFO  main            d.u.i.k.p.r.p.TestFile    Now processing file /home/runner/work/key/key/key.core/../key.ui/examples/standard_key/quantifiers/heuristic_PUZ031p1.key 
189731     INFO  main            d.u.i.k.p.i.AbstractProblemLoader Loading environment from /home/runner/work/key/key/key.core/../key.ui/examples/standard_key/quantifiers/heuristic_PUZ031p1.key 
189731     DEBUG main            d.u.i.k.p.i.AbstractProblemLoader Environment load took 86.9ns 
189733     INFO  main            d.u.i.k.p.i.AbstractProblemLoader Creating init config 
192015     DEBUG main            d.u.i.k.p.i.AbstractProblemLoader Init config took 2.28s 
192030     INFO  main            d.u.i.k.p.i.AbstractProblemLoader Replaying proof heuristic_PUZ031p1.key 
192031     DEBUG main            d.u.i.k.p.i.IntermediateProofReplayer Proof replay took 9.1ns 
196665     INFO  main            d.u.i.k.p.r.p.TestFile    ... finished proof: closed. 
197019     INFO  main            d.u.i.k.p.i.AbstractProblemLoader Loading environment from /home/runner/work/key/key/key.core/../key.ui/examples/standard_key/quantifiers/heuristic_PUZ031p1.key.proof 
197019     DEBUG main            d.u.i.k.p.i.AbstractProblemLoader Environment load took 250.91ns 
197021     INFO  main            d.u.i.k.p.i.AbstractProblemLoader Creating init config 
199283     DEBUG main            d.u.i.k.p.i.AbstractProblemLoader Init config took 2.26s 
199300     INFO  main            d.u.i.k.p.i.AbstractProblemLoader Replaying proof heuristic_PUZ031p1.key.proof 
199335     DEBUG main            d.u.i.k.p.i.IntermediateProofReplayer Proof replay took 31.28ms 
199336     DEBUG main            d.u.i.k.p.r.p.TestFile    ... success: reloaded. 
199337     INFO  main            d.u.i.k.p.r.p.TestFile    Now processing file /home/runner/work/key/key/key.core/../key.ui/examples/standard_key/quantifiers/heuristic_SYN036p2.key 
199338     INFO  main            d.u.i.k.p.i.AbstractProblemLoader Loading environment from /home/runner/work/key/key/key.core/../key.ui/examples/standard_key/quantifiers/heuristic_SYN036p2.key 
199338     DEBUG main            d.u.i.k.p.i.AbstractProblemLoader Environment load took 87.4ns 
199339     INFO  main            d.u.i.k.p.i.AbstractProblemLoader Creating init config 
201620     DEBUG main            d.u.i.k.p.i.AbstractProblemLoader Init config took 2.28s 
201634     INFO  main            d.u.i.k.p.i.AbstractProblemLoader Replaying proof heuristic_SYN036p2.key 
201636     DEBUG main            d.u.i.k.p.i.IntermediateProofReplayer Proof replay took 8.9ns 
201841     INFO  main            d.u.i.k.p.r.p.TestFile    ... finished proof: closed. 
202216     INFO  main            d.u.i.k.p.i.AbstractProblemLoader Loading environment from /home/runner/work/key/key/key.core/../key.ui/examples/standard_key/quantifiers/heuristic_SYN036p2.key.proof 
202216     DEBUG main            d.u.i.k.p.i.AbstractProblemLoader Environment load took 397.11ns 
202217     INFO  main            d.u.i.k.p.i.AbstractProblemLoader Creating init config 
204421     DEBUG main            d.u.i.k.p.i.AbstractProblemLoader Init config took 2.2s 
204435     INFO  main            d.u.i.k.p.i.AbstractProblemLoader Replaying proof heuristic_SYN036p2.key.proof 
204498     DEBUG main            d.u.i.k.p.i.IntermediateProofReplayer Proof replay took 56.04ms 
204499     DEBUG main            d.u.i.k.p.r.p.TestFile    ... success: reloaded. 
204500     INFO  main            d.u.i.k.p.r.p.TestFile    Now processing file /home/runner/work/key/key/key.core/../key.ui/examples/standard_key/quantifiers/injectivity.key 
204500     INFO  main            d.u.i.k.p.i.AbstractProblemLoader Loading environment from /home/runner/work/key/key/key.core/../key.ui/examples/standard_key/quantifiers/injectivity.key 
204500     DEBUG main            d.u.i.k.p.i.AbstractProblemLoader Environment load took 84.1ns 
204501     INFO  main            d.u.i.k.p.i.AbstractProblemLoader Creating init config 
206726     DEBUG main            d.u.i.k.p.i.AbstractProblemLoader Init config took 2.22s 
206759     INFO  main            d.u.i.k.p.i.AbstractProblemLoader Replaying proof injectivity.key 
206760     DEBUG main            d.u.i.k.p.i.IntermediateProofReplayer Proof replay took 10.9ns 
206862     INFO  main            d.u.i.k.p.r.p.TestFile    ... finished proof: closed. 
207189     INFO  main            d.u.i.k.p.i.AbstractProblemLoader Loading environment from /home/runner/work/key/key/key.core/../key.ui/examples/standard_key/quantifiers/injectivity.key.proof 
207189     DEBUG main            d.u.i.k.p.i.AbstractProblemLoader Environment load took 111.8ns 
207190     INFO  main            d.u.i.k.p.i.AbstractProblemLoader Creating init config 
209387     DEBUG main            d.u.i.k.p.i.AbstractProblemLoader Init config took 2.2s 
209410     INFO  main            d.u.i.k.p.i.AbstractProblemLoader Replaying proof injectivity.key.proof 
209412     DEBUG main            d.u.i.k.p.i.IntermediateProofReplayer Proof replay took 1.2ms 
209413     DEBUG main            d.u.i.k.p.r.p.TestFile    ... success: reloaded. 
209414     INFO  main            d.u.i.k.p.r.p.TestFile    Now processing file /home/runner/work/key/key/key.core/../key.ui/examples/standard_key/quantifiers/normalisation0.key 
209414     INFO  main            d.u.i.k.p.i.AbstractProblemLoader Loading environment from /home/runner/work/key/key/key.core/../key.ui/examples/standard_key/quantifiers/normalisation0.key 
209414     DEBUG main            d.u.i.k.p.i.AbstractProblemLoader Environment load took 119ns 
209415     INFO  main            d.u.i.k.p.i.AbstractProblemLoader Creating init config 
211661     DEBUG main            d.u.i.k.p.i.AbstractProblemLoader Init config took 2.25s 
211675     INFO  main            d.u.i.k.p.i.AbstractProblemLoader Replaying proof normalisation0.key 
211676     DEBUG main            d.u.i.k.p.i.IntermediateProofReplayer Proof replay took 8.5ns 
211778     INFO  main            d.u.i.k.p.r.p.TestFile    ... finished proof: closed. 
212201     INFO  main            d.u.i.k.p.i.AbstractProblemLoader Loading environment from /home/runner/work/key/key/key.core/../key.ui/examples/standard_key/quantifiers/normalisation0.key.proof 
212201     DEBUG main            d.u.i.k.p.i.AbstractProblemLoader Environment load took 110.9ns 
212203     INFO  main            d.u.i.k.p.i.AbstractProblemLoader Creating init config 
214423     DEBUG main            d.u.i.k.p.i.AbstractProblemLoader Init config took 2.22s 
214437     INFO  main            d.u.i.k.p.i.AbstractProblemLoader Replaying proof normalisation0.key.proof 
214440     DEBUG main            d.u.i.k.p.i.IntermediateProofReplayer Proof replay took 1.3ms 
214441     DEBUG main            d.u.i.k.p.r.p.TestFile    ... success: reloaded. 
214442     INFO  main            d.u.i.k.p.r.p.TestFile    Now processing file /home/runner/work/key/key/key.core/../key.ui/examples/standard_key/quantifiers/normalisation1.key 
214442     INFO  main            d.u.i.k.p.i.AbstractProblemLoader Loading environment from /home/runner/work/key/key/key.core/../key.ui/examples/standard_key/quantifiers/normalisation1.key 
214442     DEBUG main            d.u.i.k.p.i.AbstractProblemLoader Environment load took 71ns 
214443     INFO  main            d.u.i.k.p.i.AbstractProblemLoader Creating init config 
216701     DEBUG main            d.u.i.k.p.i.AbstractProblemLoader Init config took 2.26s 
216716     INFO  main            d.u.i.k.p.i.AbstractProblemLoader Replaying proof normalisation1.key 
216718     DEBUG main            d.u.i.k.p.i.IntermediateProofReplayer Proof replay took 8.8ns 
216824     INFO  main            d.u.i.k.p.r.p.TestFile    ... finished proof: closed. 
217177     INFO  main            d.u.i.k.p.i.AbstractProblemLoader Loading environment from /home/runner/work/key/key/key.core/../key.ui/examples/standard_key/quantifiers/normalisation1.key.proof 
217178     DEBUG main            d.u.i.k.p.i.AbstractProblemLoader Environment load took 106ns 
217179     INFO  main            d.u.i.k.p.i.AbstractProblemLoader Creating init config 
219387     DEBUG main            d.u.i.k.p.i.AbstractProblemLoader Init config took 2.21s 
219401     INFO  main            d.u.i.k.p.i.AbstractProblemLoader Replaying proof normalisation1.key.proof 
219403     DEBUG main            d.u.i.k.p.i.IntermediateProofReplayer Proof replay took 864.62ns 
219404     DEBUG main            d.u.i.k.p.r.p.TestFile    ... success: reloaded. 
219405     INFO  main            d.u.i.k.p.r.p.TestFile    Now processing file /home/runner/work/key/key/key.core/../key.ui/examples/standard_key/quantifiers/normalisation2.key 
219405     INFO  main            d.u.i.k.p.i.AbstractProblemLoader Loading environment from /home/runner/work/key/key/key.core/../key.ui/examples/standard_key/quantifiers/normalisation2.key 
219405     DEBUG main            d.u.i.k.p.i.AbstractProblemLoader Environment load took 76.2ns 
219406     INFO  main            d.u.i.k.p.i.AbstractProblemLoader Creating init config 
221665     DEBUG main            d.u.i.k.p.i.AbstractProblemLoader Init config took 2.26s 
221679     INFO  main            d.u.i.k.p.i.AbstractProblemLoader Replaying proof normalisation2.key 
221680     DEBUG main            d.u.i.k.p.i.IntermediateProofReplayer Proof replay took 9.4ns 
221782     INFO  main            d.u.i.k.p.r.p.TestFile    ... finished proof: closed. 
222137     INFO  main            d.u.i.k.p.i.AbstractProblemLoader Loading environment from /home/runner/work/key/key/key.core/../key.ui/examples/standard_key/quantifiers/normalisation2.key.proof 
222138     DEBUG main            d.u.i.k.p.i.AbstractProblemLoader Environment load took 129.6ns 
222139     INFO  main            d.u.i.k.p.i.AbstractProblemLoader Creating init config 
224358     DEBUG main            d.u.i.k.p.i.AbstractProblemLoader Init config took 2.22s 
224373     INFO  main            d.u.i.k.p.i.AbstractProblemLoader Replaying proof normalisation2.key.proof 
224376     DEBUG main            d.u.i.k.p.i.IntermediateProofReplayer Proof replay took 1.26ms 
224376     DEBUG main            d.u.i.k.p.r.p.TestFile    ... success: reloaded. 
224377     INFO  main            d.u.i.k.p.r.p.TestFile    Now processing file /home/runner/work/key/key/key.core/../key.ui/examples/standard_key/quantifiers/normalisation3.key 
224377     INFO  main            d.u.i.k.p.i.AbstractProblemLoader Loading environment from /home/runner/work/key/key/key.core/../key.ui/examples/standard_key/quantifiers/normalisation3.key 
224378     DEBUG main            d.u.i.k.p.i.AbstractProblemLoader Environment load took 82.8ns 
224378     INFO  main            d.u.i.k.p.i.AbstractProblemLoader Creating init config 
226652     DEBUG main            d.u.i.k.p.i.AbstractProblemLoader Init config took 2.27s 
226666     INFO  main            d.u.i.k.p.i.AbstractProblemLoader Replaying proof normalisation3.key 
226668     DEBUG main            d.u.i.k.p.i.IntermediateProofReplayer Proof replay took 11.7ns 
226770     INFO  main            d.u.i.k.p.r.p.TestFile    ... finished proof: closed. 
227139     INFO  main            d.u.i.k.p.i.AbstractProblemLoader Loading environment from /home/runner/work/key/key/key.core/../key.ui/examples/standard_key/quantifiers/normalisation3.key.proof 
227139     DEBUG main            d.u.i.k.p.i.AbstractProblemLoader Environment load took 125.2ns 
227140     INFO  main            d.u.i.k.p.i.AbstractProblemLoader Creating init config 
229383     DEBUG main            d.u.i.k.p.i.AbstractProblemLoader Init config took 2.24s 
229397     INFO  main            d.u.i.k.p.i.AbstractProblemLoader Replaying proof normalisation3.key.proof 
229399     DEBUG main            d.u.i.k.p.i.IntermediateProofReplayer Proof replay took 1.15ms 
229400     DEBUG main            d.u.i.k.p.r.p.TestFile    ... success: reloaded. 
229401     INFO  main            d.u.i.k.p.r.p.TestFile    Now processing file /home/runner/work/key/key/key.core/../key.ui/examples/standard_key/quantifiers/normalisation4.key 
229401     INFO  main            d.u.i.k.p.i.AbstractProblemLoader Loading environment from /home/runner/work/key/key/key.core/../key.ui/examples/standard_key/quantifiers/normalisation4.key 
229402     DEBUG main            d.u.i.k.p.i.AbstractProblemLoader Environment load took 77.5ns 
229403     INFO  main            d.u.i.k.p.i.AbstractProblemLoader Creating init config 
231684     DEBUG main            d.u.i.k.p.i.AbstractProblemLoader Init config took 2.28s 
231698     INFO  main            d.u.i.k.p.i.AbstractProblemLoader Replaying proof normalisation4.key 
231700     DEBUG main            d.u.i.k.p.i.IntermediateProofReplayer Proof replay took 10.2ns 
231802     INFO  main            d.u.i.k.p.r.p.TestFile    ... finished proof: closed. 
232292     INFO  main            d.u.i.k.p.i.AbstractProblemLoader Loading environment from /home/runner/work/key/key/key.core/../key.ui/examples/standard_key/quantifiers/normalisation4.key.proof 
232293     DEBUG main            d.u.i.k.p.i.AbstractProblemLoader Environment load took 115.3ns 
232294     INFO  main            d.u.i.k.p.i.AbstractProblemLoader Creating init config 
234553     DEBUG main            d.u.i.k.p.i.AbstractProblemLoader Init config took 2.26s 
234567     INFO  main            d.u.i.k.p.i.AbstractProblemLoader Replaying proof normalisation4.key.proof 
234571     DEBUG main            d.u.i.k.p.i.IntermediateProofReplayer Proof replay took 2.24ms 
234572     DEBUG main            d.u.i.k.p.r.p.TestFile    ... success: reloaded. 
234573     INFO  main            d.u.i.k.p.r.p.TestFile    Now processing file /home/runner/work/key/key/key.core/../key.ui/examples/standard_key/quantifiers/normalisation5.key 
234573     INFO  main            d.u.i.k.p.i.AbstractProblemLoader Loading environment from /home/runner/work/key/key/key.core/../key.ui/examples/standard_key/quantifiers/normalisation5.key 
234573     DEBUG main            d.u.i.k.p.i.AbstractProblemLoader Environment load took 109.2ns 
234574     INFO  main            d.u.i.k.p.i.AbstractProblemLoader Creating init config 
236851     DEBUG main            d.u.i.k.p.i.AbstractProblemLoader Init config took 2.28s 
236864     INFO  main            d.u.i.k.p.i.AbstractProblemLoader Replaying proof normalisation5.key 
236866     DEBUG main            d.u.i.k.p.i.IntermediateProofReplayer Proof replay took 8.6ns 
236968     INFO  main            d.u.i.k.p.r.p.TestFile    ... finished proof: closed. 
237351     INFO  main            d.u.i.k.p.i.AbstractProblemLoader Loading environment from /home/runner/work/key/key/key.core/../key.ui/examples/standard_key/quantifiers/normalisation5.key.proof 
237351     DEBUG main            d.u.i.k.p.i.AbstractProblemLoader Environment load took 113.9ns 
237352     INFO  main            d.u.i.k.p.i.AbstractProblemLoader Creating init config 
239596     DEBUG main            d.u.i.k.p.i.AbstractProblemLoader Init config took 2.24s 
239610     INFO  main            d.u.i.k.p.i.AbstractProblemLoader Replaying proof normalisation5.key.proof 
239613     DEBUG main            d.u.i.k.p.i.IntermediateProofReplayer Proof replay took 1.45ms 
239614     DEBUG main            d.u.i.k.p.r.p.TestFile    ... success: reloaded. 
239614     INFO  main            d.u.i.k.p.r.p.TestFile    Now processing file /home/runner/work/key/key/key.core/../key.ui/examples/standard_key/quantifiers/normalisation6.key 
239615     INFO  main            d.u.i.k.p.i.AbstractProblemLoader Loading environment from /home/runner/work/key/key/key.core/../key.ui/examples/standard_key/quantifiers/normalisation6.key 
239615     DEBUG main            d.u.i.k.p.i.AbstractProblemLoader Environment load took 189.6ns 
239622     INFO  main            d.u.i.k.p.i.AbstractProblemLoader Creating init config 
241889     DEBUG main            d.u.i.k.p.i.AbstractProblemLoader Init config took 2.27s 
241902     INFO  main            d.u.i.k.p.i.AbstractProblemLoader Replaying proof normalisation6.key 
241904     DEBUG main            d.u.i.k.p.i.IntermediateProofReplayer Proof replay took 10.7ns 
242006     INFO  main            d.u.i.k.p.r.p.TestFile    ... finished proof: closed. 
242386     INFO  main            d.u.i.k.p.i.AbstractProblemLoader Loading environment from /home/runner/work/key/key/key.core/../key.ui/examples/standard_key/quantifiers/normalisation6.key.proof 
242386     DEBUG main            d.u.i.k.p.i.AbstractProblemLoader Environment load took 98ns 
242387     INFO  main            d.u.i.k.p.i.AbstractProblemLoader Creating init config 
244623     DEBUG main            d.u.i.k.p.i.AbstractProblemLoader Init config took 2.24s 
244637     INFO  main            d.u.i.k.p.i.AbstractProblemLoader Replaying proof normalisation6.key.proof 
244640     DEBUG main            d.u.i.k.p.i.IntermediateProofReplayer Proof replay took 1.23ms 
244641     DEBUG main            d.u.i.k.p.r.p.TestFile    ... success: reloaded. 
244641     INFO  main            d.u.i.k.p.r.p.TestFile    Now processing file /home/runner/work/key/key/key.core/../key.ui/examples/standard_key/quantifiers/normalisation7.key 
244642     INFO  main            d.u.i.k.p.i.AbstractProblemLoader Loading environment from /home/runner/work/key/key/key.core/../key.ui/examples/standard_key/quantifiers/normalisation7.key 
244642     DEBUG main            d.u.i.k.p.i.AbstractProblemLoader Environment load took 64.4ns 
244643     INFO  main            d.u.i.k.p.i.AbstractProblemLoader Creating init config 
246896     DEBUG main            d.u.i.k.p.i.AbstractProblemLoader Init config took 2.25s 
246910     INFO  main            d.u.i.k.p.i.AbstractProblemLoader Replaying proof normalisation7.key 
246911     DEBUG main            d.u.i.k.p.i.IntermediateProofReplayer Proof replay took 11.1ns 
247013     INFO  main            d.u.i.k.p.r.p.TestFile    ... finished proof: closed. 
247401     INFO  main            d.u.i.k.p.i.AbstractProblemLoader Loading environment from /home/runner/work/key/key/key.core/../key.ui/examples/standard_key/quantifiers/normalisation7.key.proof 
247401     DEBUG main            d.u.i.k.p.i.AbstractProblemLoader Environment load took 116ns 
247402     INFO  main            d.u.i.k.p.i.AbstractProblemLoader Creating init config 
249619     DEBUG main            d.u.i.k.p.i.AbstractProblemLoader Init config took 2.22s 
249635     INFO  main            d.u.i.k.p.i.AbstractProblemLoader Replaying proof normalisation7.key.proof 
249638     DEBUG main            d.u.i.k.p.i.IntermediateProofReplayer Proof replay took 1.28ms 
249639     DEBUG main            d.u.i.k.p.r.p.TestFile    ... success: reloaded. 
249640     INFO  main            d.u.i.k.p.r.p.TestFile    Now processing file /home/runner/work/key/key/key.core/../key.ui/examples/standard_key/quantifiers/normalisation8.key 
249640     INFO  main            d.u.i.k.p.i.AbstractProblemLoader Loading environment from /home/runner/work/key/key/key.core/../key.ui/examples/standard_key/quantifiers/normalisation8.key 
249640     DEBUG main            d.u.i.k.p.i.AbstractProblemLoader Environment load took 68.6ns 
249641     INFO  main            d.u.i.k.p.i.AbstractProblemLoader Creating init config 
251914     DEBUG main            d.u.i.k.p.i.AbstractProblemLoader Init config took 2.27s 
251932     INFO  main            d.u.i.k.p.i.AbstractProblemLoader Replaying proof normalisation8.key 
251934     DEBUG main            d.u.i.k.p.i.IntermediateProofReplayer Proof replay took 10.8ns 
252036     INFO  main            d.u.i.k.p.r.p.TestFile    ... finished proof: closed. 
252435     INFO  main            d.u.i.k.p.i.AbstractProblemLoader Loading environment from /home/runner/work/key/key/key.core/../key.ui/examples/standard_key/quantifiers/normalisation8.key.proof 
252435     DEBUG main            d.u.i.k.p.i.AbstractProblemLoader Environment load took 99.9ns 
252437     INFO  main            d.u.i.k.p.i.AbstractProblemLoader Creating init config 
254666     DEBUG main            d.u.i.k.p.i.AbstractProblemLoader Init config took 2.23s 
254680     INFO  main            d.u.i.k.p.i.AbstractProblemLoader Replaying proof normalisation8.key.proof 
254684     DEBUG main            d.u.i.k.p.i.IntermediateProofReplayer Proof replay took 2.49ms 
254685     DEBUG main            d.u.i.k.p.r.p.TestFile    ... success: reloaded. 
254686     INFO  main            d.u.i.k.p.r.p.TestFile    Now processing file /home/runner/work/key/key/key.core/../key.ui/examples/standard_key/quantifiers/normalisation9.key 
254686     INFO  main            d.u.i.k.p.i.AbstractProblemLoader Loading environment from /home/runner/work/key/key/key.core/../key.ui/examples/standard_key/quantifiers/normalisation9.key 
254686     DEBUG main            d.u.i.k.p.i.AbstractProblemLoader Environment load took 74.1ns 
254687     INFO  main            d.u.i.k.p.i.AbstractProblemLoader Creating init config 
256943     DEBUG main            d.u.i.k.p.i.AbstractProblemLoader Init config took 2.26s 
256957     INFO  main            d.u.i.k.p.i.AbstractProblemLoader Replaying proof normalisation9.key 
256958     DEBUG main            d.u.i.k.p.i.IntermediateProofReplayer Proof replay took 9.5ns 
257060     INFO  main            d.u.i.k.p.r.p.TestFile    ... finished proof: closed. 
257472     INFO  main            d.u.i.k.p.i.AbstractProblemLoader Loading environment from /home/runner/work/key/key/key.core/../key.ui/examples/standard_key/quantifiers/normalisation9.key.proof 
257472     DEBUG main            d.u.i.k.p.i.AbstractProblemLoader Environment load took 104ns 
257473     INFO  main            d.u.i.k.p.i.AbstractProblemLoader Creating init config 
259723     DEBUG main            d.u.i.k.p.i.AbstractProblemLoader Init config took 2.25s 
259741     INFO  main            d.u.i.k.p.i.AbstractProblemLoader Replaying proof normalisation9.key.proof 
259746     DEBUG main            d.u.i.k.p.i.IntermediateProofReplayer Proof replay took 2.54ms 
259747     DEBUG main            d.u.i.k.p.r.p.TestFile    ... success: reloaded. 
259748     INFO  main            d.u.i.k.p.r.p.TestFile    Now processing file /home/runner/work/key/key/key.core/../key.ui/examples/standard_key/quantifiers/normalisation10.key 
259749     INFO  main            d.u.i.k.p.i.AbstractProblemLoader Loading environment from /home/runner/work/key/key/key.core/../key.ui/examples/standard_key/quantifiers/normalisation10.key 
259749     DEBUG main            d.u.i.k.p.i.AbstractProblemLoader Environment load took 160.6ns 
259750     INFO  main            d.u.i.k.p.i.AbstractProblemLoader Creating init config 
262047     DEBUG main            d.u.i.k.p.i.AbstractProblemLoader Init config took 2.3s 
262061     INFO  main            d.u.i.k.p.i.AbstractProblemLoader Replaying proof normalisation10.key 
262063     DEBUG main            d.u.i.k.p.i.IntermediateProofReplayer Proof replay took 10.1ns 
262165     INFO  main            d.u.i.k.p.r.p.TestFile    ... finished proof: closed. 
262577     INFO  main            d.u.i.k.p.i.AbstractProblemLoader Loading environment from /home/runner/work/key/key/key.core/../key.ui/examples/standard_key/quantifiers/normalisation10.key.proof 
262577     DEBUG main            d.u.i.k.p.i.AbstractProblemLoader Environment load took 103.5ns 
262579     INFO  main            d.u.i.k.p.i.AbstractProblemLoader Creating init config 
264798     DEBUG main            d.u.i.k.p.i.AbstractProblemLoader Init config took 2.22s 
264812     INFO  main            d.u.i.k.p.i.AbstractProblemLoader Replaying proof normalisation10.key.proof 
264817     DEBUG main            d.u.i.k.p.i.IntermediateProofReplayer Proof replay took 3.04ms 
264819     DEBUG main            d.u.i.k.p.r.p.TestFile    ... success: reloaded. 
264820     INFO  main            d.u.i.k.p.r.p.TestFile    Now processing file /home/runner/work/key/key/key.core/../key.ui/examples/standard_key/quantifiers/normalisation12.key 
264820     INFO  main            d.u.i.k.p.i.AbstractProblemLoader Loading environment from /home/runner/work/key/key/key.core/../key.ui/examples/standard_key/quantifiers/normalisation12.key 
264820     DEBUG main            d.u.i.k.p.i.AbstractProblemLoader Environment load took 54.1ns 
264821     INFO  main            d.u.i.k.p.i.AbstractProblemLoader Creating init config 
267088     DEBUG main            d.u.i.k.p.i.AbstractProblemLoader Init config took 2.27s 
267102     INFO  main            d.u.i.k.p.i.AbstractProblemLoader Replaying proof normalisation12.key 
267103     DEBUG main            d.u.i.k.p.i.IntermediateProofReplayer Proof replay took 9.2ns 
267205     INFO  main            d.u.i.k.p.r.p.TestFile    ... finished proof: closed. 
267615     INFO  main            d.u.i.k.p.i.AbstractProblemLoader Loading environment from /home/runner/work/key/key/key.core/../key.ui/examples/standard_key/quantifiers/normalisation12.key.proof 
267615     DEBUG main            d.u.i.k.p.i.AbstractProblemLoader Environment load took 99.3ns 
267616     INFO  main            d.u.i.k.p.i.AbstractProblemLoader Creating init config 
269828     DEBUG main            d.u.i.k.p.i.AbstractProblemLoader Init config took 2.21s 
269842     INFO  main            d.u.i.k.p.i.AbstractProblemLoader Replaying proof normalisation12.key.proof 
269845     DEBUG main            d.u.i.k.p.i.IntermediateProofReplayer Proof replay took 886.82ns 
269846     DEBUG main            d.u.i.k.p.r.p.TestFile    ... success: reloaded. 
269846     INFO  main            d.u.i.k.p.r.p.TestFile    Now processing file /home/runner/work/key/key/key.core/../key.ui/examples/standard_key/quantifiers/normalisation13.key 
269847     INFO  main            d.u.i.k.p.i.AbstractProblemLoader Loading environment from /home/runner/work/key/key/key.core/../key.ui/examples/standard_key/quantifiers/normalisation13.key 
269847     DEBUG main            d.u.i.k.p.i.AbstractProblemLoader Environment load took 81ns 
269848     INFO  main            d.u.i.k.p.i.AbstractProblemLoader Creating init config 
272117     DEBUG main            d.u.i.k.p.i.AbstractProblemLoader Init config took 2.27s 
272131     INFO  main            d.u.i.k.p.i.AbstractProblemLoader Replaying proof normalisation13.key 
272133     DEBUG main            d.u.i.k.p.i.IntermediateProofReplayer Proof replay took 8.9ns 
272237     INFO  main            d.u.i.k.p.r.p.TestFile    ... finished proof: closed. 
272646     INFO  main            d.u.i.k.p.i.AbstractProblemLoader Loading environment from /home/runner/work/key/key/key.core/../key.ui/examples/standard_key/quantifiers/normalisation13.key.proof 
272646     DEBUG main            d.u.i.k.p.i.AbstractProblemLoader Environment load took 103ns 
272647     INFO  main            d.u.i.k.p.i.AbstractProblemLoader Creating init config 
274872     DEBUG main            d.u.i.k.p.i.AbstractProblemLoader Init config took 2.22s 
274885     INFO  main            d.u.i.k.p.i.AbstractProblemLoader Replaying proof normalisation13.key.proof 
274888     DEBUG main            d.u.i.k.p.i.IntermediateProofReplayer Proof replay took 598.82ns 
274889     DEBUG main            d.u.i.k.p.r.p.TestFile    ... success: reloaded. 
274889     INFO  main            d.u.i.k.p.r.p.TestFile    Now processing file /home/runner/work/key/key/key.core/../key.ui/examples/standard_key/quantifiers/triggers0.key 
274890     INFO  main            d.u.i.k.p.i.AbstractProblemLoader Loading environment from /home/runner/work/key/key/key.core/../key.ui/examples/standard_key/quantifiers/triggers0.key 
274890     DEBUG main            d.u.i.k.p.i.AbstractProblemLoader Environment load took 50.2ns 
274890     INFO  main            d.u.i.k.p.i.AbstractProblemLoader Creating init config 
277142     DEBUG main            d.u.i.k.p.i.AbstractProblemLoader Init config took 2.25s 
277155     INFO  main            d.u.i.k.p.i.AbstractProblemLoader Replaying proof triggers0.key 
277157     DEBUG main            d.u.i.k.p.i.IntermediateProofReplayer Proof replay took 9.4ns 
277259     INFO  main            d.u.i.k.p.r.p.TestFile    ... finished proof: closed. 
277682     INFO  main            d.u.i.k.p.i.AbstractProblemLoader Loading environment from /home/runner/work/key/key/key.core/../key.ui/examples/standard_key/quantifiers/triggers0.key.proof 
277682     DEBUG main            d.u.i.k.p.i.AbstractProblemLoader Environment load took 99.8ns 
277683     INFO  main            d.u.i.k.p.i.AbstractProblemLoader Creating init config 
279894     DEBUG main            d.u.i.k.p.i.AbstractProblemLoader Init config took 2.21s 
279908     INFO  main            d.u.i.k.p.i.AbstractProblemLoader Replaying proof triggers0.key.proof 
279911     DEBUG main            d.u.i.k.p.i.IntermediateProofReplayer Proof replay took 973.22ns 
279912     DEBUG main            d.u.i.k.p.r.p.TestFile    ... success: reloaded. 
3843013    INFO  Test worker     d.u.i.k.p.r.RunAllProofsTestUnit Returning from test FOL 
3843015    INFO  Test worker     d.u.i.k.p.r.RunAllProofsTestUnit Running test strings 
365        INFO  Timeout watchdog d.u.i.k.p.r.p.ForkedTestFileRunner Timeout watcher launched (2000 secs.) 
367        WARN  main            d.u.i.k.s.ProofSettings   The settings in /home/runner/.key/proof-settings.props are *not* read. 
399        INFO  main            d.u.i.k.p.r.p.TestFile    Now processing file /home/runner/work/key/key/key.core/../key.ui/examples/standard_key/strings/charAt0.key 
512        INFO  main            d.u.i.k.p.i.AbstractProblemLoader Loading environment from /home/runner/work/key/key/key.core/../key.ui/examples/standard_key/strings/charAt0.key 
541        DEBUG main            d.u.i.k.p.i.AbstractProblemLoader Environment load took 2.42ms 
794        INFO  main            d.u.i.k.p.i.AbstractProblemLoader Creating init config 
1628       DEBUG main            d.u.i.k.j.TypeConverter   No LDT found for Meta 
1628       DEBUG main            d.u.i.k.j.TypeConverter   No LDT found for Meta 
1630       DEBUG main            d.u.i.k.j.TypeConverter   No LDT found for Meta 
1630       DEBUG main            d.u.i.k.j.TypeConverter   No LDT found for Meta 
3127       DEBUG main            d.u.i.k.j.TypeConverter   No LDT found for JavaBigintExpression 
8125       DEBUG main            d.u.i.k.p.i.AbstractProblemLoader Init config took 7.33s 
8186       INFO  main            d.u.i.k.p.i.AbstractProblemLoader Replaying proof charAt0.key 
8221       DEBUG main            d.u.i.k.p.i.IntermediateProofReplayer Proof replay took 44.6ns 
8692       INFO  main            d.u.i.k.p.r.p.TestFile    ... finished proof: closed. 
8799       INFO  main            d.u.i.k.p.i.AbstractProblemLoader Loading environment from /home/runner/work/key/key/key.core/../key.ui/examples/standard_key/strings/charAt0.key.proof 
8799       DEBUG main            d.u.i.k.p.i.AbstractProblemLoader Environment load took 452.51ns 
8804       INFO  main            d.u.i.k.p.i.AbstractProblemLoader Creating init config 
11480      DEBUG main            d.u.i.k.p.i.AbstractProblemLoader Init config took 2.68s 
11511      INFO  main            d.u.i.k.p.i.AbstractProblemLoader Replaying proof charAt0.key.proof 
11529      DEBUG main            d.u.i.k.p.i.IntermediateProofReplayer Proof replay took 12.41ms 
11541      DEBUG main            d.u.i.k.p.r.p.TestFile    ... success: reloaded. 
11542      INFO  main            d.u.i.k.p.r.p.TestFile    Now processing file /home/runner/work/key/key/key.core/../key.ui/examples/standard_key/strings/charAt1.key 
11543      INFO  main            d.u.i.k.p.i.AbstractProblemLoader Loading environment from /home/runner/work/key/key/key.core/../key.ui/examples/standard_key/strings/charAt1.key 
11543      DEBUG main            d.u.i.k.p.i.AbstractProblemLoader Environment load took 229.41ns 
11545      INFO  main            d.u.i.k.p.i.AbstractProblemLoader Creating init config 
14223      DEBUG main            d.u.i.k.p.i.AbstractProblemLoader Init config took 2.68s 
14254      INFO  main            d.u.i.k.p.i.AbstractProblemLoader Replaying proof charAt1.key 
14256      DEBUG main            d.u.i.k.p.i.IntermediateProofReplayer Proof replay took 9ns 
14460      INFO  main            d.u.i.k.p.r.p.TestFile    ... finished proof: closed. 
14598      INFO  main            d.u.i.k.p.i.AbstractProblemLoader Loading environment from /home/runner/work/key/key/key.core/../key.ui/examples/standard_key/strings/charAt1.key.proof 
14598      DEBUG main            d.u.i.k.p.i.AbstractProblemLoader Environment load took 264.31ns 
14600      INFO  main            d.u.i.k.p.i.AbstractProblemLoader Creating init config 
17119      DEBUG main            d.u.i.k.p.i.AbstractProblemLoader Init config took 2.52s 
17157      INFO  main            d.u.i.k.p.i.AbstractProblemLoader Replaying proof charAt1.key.proof 
17170      DEBUG main            d.u.i.k.p.i.IntermediateProofReplayer Proof replay took 10.25ms 
17171      DEBUG main            d.u.i.k.p.r.p.TestFile    ... success: reloaded. 
17172      INFO  main            d.u.i.k.p.r.p.TestFile    Now processing file /home/runner/work/key/key/key.core/../key.ui/examples/standard_key/strings/concat1.key 
17173      INFO  main            d.u.i.k.p.i.AbstractProblemLoader Loading environment from /home/runner/work/key/key/key.core/../key.ui/examples/standard_key/strings/concat1.key 
17173      DEBUG main            d.u.i.k.p.i.AbstractProblemLoader Environment load took 193.31ns 
17174      INFO  main            d.u.i.k.p.i.AbstractProblemLoader Creating init config 
19662      DEBUG main            d.u.i.k.p.i.AbstractProblemLoader Init config took 2.49s 
19689      INFO  main            d.u.i.k.p.i.AbstractProblemLoader Replaying proof concat1.key 
19697      DEBUG main            d.u.i.k.p.i.IntermediateProofReplayer Proof replay took 7.8ns 
19800      INFO  main            d.u.i.k.p.r.p.TestFile    ... finished proof: closed. 
19989      INFO  main            d.u.i.k.p.i.AbstractProblemLoader Loading environment from /home/runner/work/key/key/key.core/../key.ui/examples/standard_key/strings/concat1.key.proof 
19989      DEBUG main            d.u.i.k.p.i.AbstractProblemLoader Environment load took 159.7ns 
19993      INFO  main            d.u.i.k.p.i.AbstractProblemLoader Creating init config 
22411      DEBUG main            d.u.i.k.p.i.AbstractProblemLoader Init config took 2.42s 
22432      INFO  main            d.u.i.k.p.i.AbstractProblemLoader Replaying proof concat1.key.proof 
22436      DEBUG main            d.u.i.k.p.i.IntermediateProofReplayer Proof replay took 1.23ms 
22437      DEBUG main            d.u.i.k.p.r.p.TestFile    ... success: reloaded. 
22438      INFO  main            d.u.i.k.p.r.p.TestFile    Now processing file /home/runner/work/key/key/key.core/../key.ui/examples/standard_key/strings/concat2.key 
22438      INFO  main            d.u.i.k.p.i.AbstractProblemLoader Loading environment from /home/runner/work/key/key/key.core/../key.ui/examples/standard_key/strings/concat2.key 
22439      DEBUG main            d.u.i.k.p.i.AbstractProblemLoader Environment load took 211.1ns 
22440      INFO  main            d.u.i.k.p.i.AbstractProblemLoader Creating init config 
24906      DEBUG main            d.u.i.k.p.i.AbstractProblemLoader Init config took 2.47s 
24930      INFO  main            d.u.i.k.p.i.AbstractProblemLoader Replaying proof concat2.key 
24933      DEBUG main            d.u.i.k.p.i.IntermediateProofReplayer Proof replay took 10.6ns 
25040      INFO  main            d.u.i.k.p.r.p.TestFile    ... finished proof: closed. 
25193      INFO  main            d.u.i.k.p.i.AbstractProblemLoader Loading environment from /home/runner/work/key/key/key.core/../key.ui/examples/standard_key/strings/concat2.key.proof 
25194      DEBUG main            d.u.i.k.p.i.AbstractProblemLoader Environment load took 135.7ns 
25196      INFO  main            d.u.i.k.p.i.AbstractProblemLoader Creating init config 
27594      DEBUG main            d.u.i.k.p.i.AbstractProblemLoader Init config took 2.4s 
27618      INFO  main            d.u.i.k.p.i.AbstractProblemLoader Replaying proof concat2.key.proof 
27644      DEBUG main            d.u.i.k.p.i.IntermediateProofReplayer Proof replay took 19.49ms 
27647      DEBUG main            d.u.i.k.p.r.p.TestFile    ... success: reloaded. 
27648      INFO  main            d.u.i.k.p.r.p.TestFile    Now processing file /home/runner/work/key/key/key.core/../key.ui/examples/standard_key/strings/deriveLength1.key 
27649      INFO  main            d.u.i.k.p.i.AbstractProblemLoader Loading environment from /home/runner/work/key/key/key.core/../key.ui/examples/standard_key/strings/deriveLength1.key 
27649      DEBUG main            d.u.i.k.p.i.AbstractProblemLoader Environment load took 204.6ns 
27650      INFO  main            d.u.i.k.p.i.AbstractProblemLoader Creating init config 
30117      DEBUG main            d.u.i.k.p.i.AbstractProblemLoader Init config took 2.47s 
30137      INFO  main            d.u.i.k.p.i.AbstractProblemLoader Replaying proof deriveLength1.key 
30139      DEBUG main            d.u.i.k.p.i.IntermediateProofReplayer Proof replay took 7.5ns 
30244      INFO  main            d.u.i.k.p.r.p.TestFile    ... finished proof: closed. 
30408      INFO  main            d.u.i.k.p.i.AbstractProblemLoader Loading environment from /home/runner/work/key/key/key.core/../key.ui/examples/standard_key/strings/deriveLength1.key.proof 
30409      DEBUG main            d.u.i.k.p.i.AbstractProblemLoader Environment load took 528.51ns 
30410      INFO  main            d.u.i.k.p.i.AbstractProblemLoader Creating init config 
32816      DEBUG main            d.u.i.k.p.i.AbstractProblemLoader Init config took 2.41s 
32837      INFO  main            d.u.i.k.p.i.AbstractProblemLoader Replaying proof deriveLength1.key.proof 
32846      DEBUG main            d.u.i.k.p.i.IntermediateProofReplayer Proof replay took 6.68ms 
32848      DEBUG main            d.u.i.k.p.r.p.TestFile    ... success: reloaded. 
32849      INFO  main            d.u.i.k.p.r.p.TestFile    Now processing file /home/runner/work/key/key/key.core/../key.ui/examples/standard_key/strings/emptyStringLengthZero.key 
32849      INFO  main            d.u.i.k.p.i.AbstractProblemLoader Loading environment from /home/runner/work/key/key/key.core/../key.ui/examples/standard_key/strings/emptyStringLengthZero.key 
32849      DEBUG main            d.u.i.k.p.i.AbstractProblemLoader Environment load took 181.9ns 
32850      INFO  main            d.u.i.k.p.i.AbstractProblemLoader Creating init config 
35270      DEBUG main            d.u.i.k.p.i.AbstractProblemLoader Init config took 2.42s 
35291      INFO  main            d.u.i.k.p.i.AbstractProblemLoader Replaying proof emptyStringLengthZero.key 
35292      DEBUG main            d.u.i.k.p.i.IntermediateProofReplayer Proof replay took 10.8ns 
35397      INFO  main            d.u.i.k.p.r.p.TestFile    ... finished proof: closed. 
35570      INFO  main            d.u.i.k.p.i.AbstractProblemLoader Loading environment from /home/runner/work/key/key/key.core/../key.ui/examples/standard_key/strings/emptyStringLengthZero.key.proof 
35570      DEBUG main            d.u.i.k.p.i.AbstractProblemLoader Environment load took 137.6ns 
35574      INFO  main            d.u.i.k.p.i.AbstractProblemLoader Creating init config 
38021      DEBUG main            d.u.i.k.p.i.AbstractProblemLoader Init config took 2.45s 
38041      INFO  main            d.u.i.k.p.i.AbstractProblemLoader Replaying proof emptyStringLengthZero.key.proof 
38046      DEBUG main            d.u.i.k.p.i.IntermediateProofReplayer Proof replay took 3.13ms 
38048      DEBUG main            d.u.i.k.p.r.p.TestFile    ... success: reloaded. 
38049      INFO  main            d.u.i.k.p.r.p.TestFile    Now processing file /home/runner/work/key/key/key.core/../key.ui/examples/standard_key/strings/implicitBooleanStringConversion.key 
38049      INFO  main            d.u.i.k.p.i.AbstractProblemLoader Loading environment from /home/runner/work/key/key/key.core/../key.ui/examples/standard_key/strings/implicitBooleanStringConversion.key 
38049      DEBUG main            d.u.i.k.p.i.AbstractProblemLoader Environment load took 196.5ns 
38050      INFO  main            d.u.i.k.p.i.AbstractProblemLoader Creating init config 
40462      DEBUG main            d.u.i.k.p.i.AbstractProblemLoader Init config took 2.41s 
40489      INFO  main            d.u.i.k.p.i.AbstractProblemLoader Replaying proof implicitBooleanStringConversion.key 
40492      DEBUG main            d.u.i.k.p.i.IntermediateProofReplayer Proof replay took 10.9ns 
41504      INFO  main            d.u.i.k.p.r.p.TestFile    ... finished proof: closed. 
41766      INFO  main            d.u.i.k.p.i.AbstractProblemLoader Loading environment from /home/runner/work/key/key/key.core/../key.ui/examples/standard_key/strings/implicitBooleanStringConversion.key.proof 
41766      DEBUG main            d.u.i.k.p.i.AbstractProblemLoader Environment load took 159.3ns 
41768      INFO  main            d.u.i.k.p.i.AbstractProblemLoader Creating init config 
44172      DEBUG main            d.u.i.k.p.i.AbstractProblemLoader Init config took 2.4s 
44193      INFO  main            d.u.i.k.p.i.AbstractProblemLoader Replaying proof implicitBooleanStringConversion.key.proof 
44263      DEBUG main            d.u.i.k.p.i.IntermediateProofReplayer Proof replay took 63.86ms 
44264      DEBUG main            d.u.i.k.p.r.p.TestFile    ... success: reloaded. 
44265      INFO  main            d.u.i.k.p.r.p.TestFile    Now processing file /home/runner/work/key/key/key.core/../key.ui/examples/standard_key/strings/implicitBooleanStringConversion2.key 
44265      INFO  main            d.u.i.k.p.i.AbstractProblemLoader Loading environment from /home/runner/work/key/key/key.core/../key.ui/examples/standard_key/strings/implicitBooleanStringConversion2.key 
44266      DEBUG main            d.u.i.k.p.i.AbstractProblemLoader Environment load took 188.4ns 
44267      INFO  main            d.u.i.k.p.i.AbstractProblemLoader Creating init config 
46649      DEBUG main            d.u.i.k.p.i.AbstractProblemLoader Init config took 2.38s 
46670      INFO  main            d.u.i.k.p.i.AbstractProblemLoader Replaying proof implicitBooleanStringConversion2.key 
46672      DEBUG main            d.u.i.k.p.i.IntermediateProofReplayer Proof replay took 10.9ns 
46976      INFO  main            d.u.i.k.p.r.p.TestFile    ... finished proof: closed. 
47224      INFO  main            d.u.i.k.p.i.AbstractProblemLoader Loading environment from /home/runner/work/key/key/key.core/../key.ui/examples/standard_key/strings/implicitBooleanStringConversion2.key.proof 
47228      DEBUG main            d.u.i.k.p.i.AbstractProblemLoader Environment load took 3.46ms 
47229      INFO  main            d.u.i.k.p.i.AbstractProblemLoader Creating init config 
49582      DEBUG main            d.u.i.k.p.i.AbstractProblemLoader Init config took 2.35s 
49603      INFO  main            d.u.i.k.p.i.AbstractProblemLoader Replaying proof implicitBooleanStringConversion2.key.proof 
49631      DEBUG main            d.u.i.k.p.i.IntermediateProofReplayer Proof replay took 24.31ms 
49633      DEBUG main            d.u.i.k.p.r.p.TestFile    ... success: reloaded. 
49634      INFO  main            d.u.i.k.p.r.p.TestFile    Now processing file /home/runner/work/key/key/key.core/../key.ui/examples/standard_key/strings/implicitIntStringConversion.key 
49636      INFO  main            d.u.i.k.p.i.AbstractProblemLoader Loading environment from /home/runner/work/key/key/key.core/../key.ui/examples/standard_key/strings/implicitIntStringConversion.key 
49636      DEBUG main            d.u.i.k.p.i.AbstractProblemLoader Environment load took 419.51ns 
49638      INFO  main            d.u.i.k.p.i.AbstractProblemLoader Creating init config 
52027      DEBUG main            d.u.i.k.p.i.AbstractProblemLoader Init config took 2.39s 
52049      INFO  main            d.u.i.k.p.i.AbstractProblemLoader Replaying proof implicitIntStringConversion.key 
52050      DEBUG main            d.u.i.k.p.i.IntermediateProofReplayer Proof replay took 10.9ns 
52658      INFO  main            d.u.i.k.p.r.p.TestFile    ... finished proof: closed. 
52939      INFO  main            d.u.i.k.p.i.AbstractProblemLoader Loading environment from /home/runner/work/key/key/key.core/../key.ui/examples/standard_key/strings/implicitIntStringConversion.key.proof 
52942      DEBUG main            d.u.i.k.p.i.AbstractProblemLoader Environment load took 3.77ms 
52944      INFO  main            d.u.i.k.p.i.AbstractProblemLoader Creating init config 
55277      DEBUG main            d.u.i.k.p.i.AbstractProblemLoader Init config took 2.33s 
55296      INFO  main            d.u.i.k.p.i.AbstractProblemLoader Replaying proof implicitIntStringConversion.key.proof 
55339      DEBUG main            d.u.i.k.p.i.IntermediateProofReplayer Proof replay took 37.64ms 
55340      DEBUG main            d.u.i.k.p.r.p.TestFile    ... success: reloaded. 
55341      INFO  main            d.u.i.k.p.r.p.TestFile    Now processing file /home/runner/work/key/key/key.core/../key.ui/examples/standard_key/strings/implicitNullStringConversion.key 
55341      INFO  main            d.u.i.k.p.i.AbstractProblemLoader Loading environment from /home/runner/work/key/key/key.core/../key.ui/examples/standard_key/strings/implicitNullStringConversion.key 
55341      DEBUG main            d.u.i.k.p.i.AbstractProblemLoader Environment load took 103.9ns 
55342      INFO  main            d.u.i.k.p.i.AbstractProblemLoader Creating init config 
57741      DEBUG main            d.u.i.k.p.i.AbstractProblemLoader Init config took 2.4s 
57759      INFO  main            d.u.i.k.p.i.AbstractProblemLoader Replaying proof implicitNullStringConversion.key 
57761      DEBUG main            d.u.i.k.p.i.IntermediateProofReplayer Proof replay took 9.5ns 
58073      INFO  main            d.u.i.k.p.r.p.TestFile    ... finished proof: closed. 
58301      INFO  main            d.u.i.k.p.i.AbstractProblemLoader Loading environment from /home/runner/work/key/key/key.core/../key.ui/examples/standard_key/strings/implicitNullStringConversion.key.proof 
58301      DEBUG main            d.u.i.k.p.i.AbstractProblemLoader Environment load took 135.5ns 
58303      INFO  main            d.u.i.k.p.i.AbstractProblemLoader Creating init config 
60631      DEBUG main            d.u.i.k.p.i.AbstractProblemLoader Init config took 2.33s 
60649      INFO  main            d.u.i.k.p.i.AbstractProblemLoader Replaying proof implicitNullStringConversion.key.proof 
60671      DEBUG main            d.u.i.k.p.i.IntermediateProofReplayer Proof replay took 18.08ms 
60673      DEBUG main            d.u.i.k.p.r.p.TestFile    ... success: reloaded. 
60673      INFO  main            d.u.i.k.p.r.p.TestFile    Now processing file /home/runner/work/key/key/key.core/../key.ui/examples/standard_key/strings/implicitNullStringConversion2.key 
60674      INFO  main            d.u.i.k.p.i.AbstractProblemLoader Loading environment from /home/runner/work/key/key/key.core/../key.ui/examples/standard_key/strings/implicitNullStringConversion2.key 
60674      DEBUG main            d.u.i.k.p.i.AbstractProblemLoader Environment load took 179.3ns 
60675      INFO  main            d.u.i.k.p.i.AbstractProblemLoader Creating init config 
63053      DEBUG main            d.u.i.k.p.i.AbstractProblemLoader Init config took 2.38s 
63071      INFO  main            d.u.i.k.p.i.AbstractProblemLoader Replaying proof implicitNullStringConversion2.key 
63072      DEBUG main            d.u.i.k.p.i.IntermediateProofReplayer Proof replay took 10.6ns 
63276      INFO  main            d.u.i.k.p.r.p.TestFile    ... finished proof: closed. 
63494      INFO  main            d.u.i.k.p.i.AbstractProblemLoader Loading environment from /home/runner/work/key/key/key.core/../key.ui/examples/standard_key/strings/implicitNullStringConversion2.key.proof 
63494      DEBUG main            d.u.i.k.p.i.AbstractProblemLoader Environment load took 422.91ns 
63495      INFO  main            d.u.i.k.p.i.AbstractProblemLoader Creating init config 
65809      DEBUG main            d.u.i.k.p.i.AbstractProblemLoader Init config took 2.31s 
65827      INFO  main            d.u.i.k.p.i.AbstractProblemLoader Replaying proof implicitNullStringConversion2.key.proof 
65843      DEBUG main            d.u.i.k.p.i.IntermediateProofReplayer Proof replay took 12.86ms 
65845      DEBUG main            d.u.i.k.p.r.p.TestFile    ... success: reloaded. 
65846      INFO  main            d.u.i.k.p.r.p.TestFile    Now processing file /home/runner/work/key/key/key.core/../key.ui/examples/standard_key/strings/implicitObjectStringConversion.key 
65846      INFO  main            d.u.i.k.p.i.AbstractProblemLoader Loading environment from /home/runner/work/key/key/key.core/../key.ui/examples/standard_key/strings/implicitObjectStringConversion.key 
65846      DEBUG main            d.u.i.k.p.i.AbstractProblemLoader Environment load took 247.21ns 
65848      INFO  main            d.u.i.k.p.i.AbstractProblemLoader Creating init config 
68475      DEBUG main            d.u.i.k.p.i.AbstractProblemLoader Init config took 2.63s 
68493      INFO  main            d.u.i.k.p.i.AbstractProblemLoader Replaying proof implicitObjectStringConversion.key 
68495      DEBUG main            d.u.i.k.p.i.IntermediateProofReplayer Proof replay took 10.8ns 
69101      INFO  main            d.u.i.k.p.r.p.TestFile    ... finished proof: closed. 
69347      INFO  main            d.u.i.k.p.i.AbstractProblemLoader Loading environment from /home/runner/work/key/key/key.core/../key.ui/examples/standard_key/strings/implicitObjectStringConversion.key.proof 
69348      DEBUG main            d.u.i.k.p.i.AbstractProblemLoader Environment load took 438.01ns 
69349      INFO  main            d.u.i.k.p.i.AbstractProblemLoader Creating init config 
71884      DEBUG main            d.u.i.k.p.i.AbstractProblemLoader Init config took 2.53s 
71903      INFO  main            d.u.i.k.p.i.AbstractProblemLoader Replaying proof implicitObjectStringConversion.key.proof 
71948      DEBUG main            d.u.i.k.p.i.IntermediateProofReplayer Proof replay took 41.59ms 
71950      DEBUG main            d.u.i.k.p.r.p.TestFile    ... success: reloaded. 
71951      INFO  main            d.u.i.k.p.r.p.TestFile    Now processing file /home/runner/work/key/key/key.core/../key.ui/examples/standard_key/strings/literalEquality.key 
71951      INFO  main            d.u.i.k.p.i.AbstractProblemLoader Loading environment from /home/runner/work/key/key/key.core/../key.ui/examples/standard_key/strings/literalEquality.key 
71951      DEBUG main            d.u.i.k.p.i.AbstractProblemLoader Environment load took 193.21ns 
71952      INFO  main            d.u.i.k.p.i.AbstractProblemLoader Creating init config 
74322      DEBUG main            d.u.i.k.p.i.AbstractProblemLoader Init config took 2.37s 
74338      INFO  main            d.u.i.k.p.i.AbstractProblemLoader Replaying proof literalEquality.key 
74340      DEBUG main            d.u.i.k.p.i.IntermediateProofReplayer Proof replay took 9.4ns 
74444      INFO  main            d.u.i.k.p.r.p.TestFile    ... finished proof: closed. 
74656      INFO  main            d.u.i.k.p.i.AbstractProblemLoader Loading environment from /home/runner/work/key/key/key.core/../key.ui/examples/standard_key/strings/literalEquality.key.proof 
74657      DEBUG main            d.u.i.k.p.i.AbstractProblemLoader Environment load took 148.6ns 
74658      INFO  main            d.u.i.k.p.i.AbstractProblemLoader Creating init config 
76985      DEBUG main            d.u.i.k.p.i.AbstractProblemLoader Init config took 2.33s 
77001      INFO  main            d.u.i.k.p.i.AbstractProblemLoader Replaying proof literalEquality.key.proof 
77005      DEBUG main            d.u.i.k.p.i.IntermediateProofReplayer Proof replay took 2.07ms 
77006      DEBUG main            d.u.i.k.p.r.p.TestFile    ... success: reloaded. 
77007      INFO  main            d.u.i.k.p.r.p.TestFile    Now processing file /home/runner/work/key/key/key.core/../key.ui/examples/standard_key/strings/replace0.key 
77007      INFO  main            d.u.i.k.p.i.AbstractProblemLoader Loading environment from /home/runner/work/key/key/key.core/../key.ui/examples/standard_key/strings/replace0.key 
77007      DEBUG main            d.u.i.k.p.i.AbstractProblemLoader Environment load took 91.6ns 
77008      INFO  main            d.u.i.k.p.i.AbstractProblemLoader Creating init config 
79392      DEBUG main            d.u.i.k.p.i.AbstractProblemLoader Init config took 2.38s 
79408      INFO  main            d.u.i.k.p.i.AbstractProblemLoader Replaying proof replace0.key 
79409      DEBUG main            d.u.i.k.p.i.IntermediateProofReplayer Proof replay took 9.4ns 
79512      INFO  main            d.u.i.k.p.r.p.TestFile    ... finished proof: closed. 
79769      INFO  main            d.u.i.k.p.i.AbstractProblemLoader Loading environment from /home/runner/work/key/key/key.core/../key.ui/examples/standard_key/strings/replace0.key.proof 
79769      DEBUG main            d.u.i.k.p.i.AbstractProblemLoader Environment load took 144ns 
79770      INFO  main            d.u.i.k.p.i.AbstractProblemLoader Creating init config 
82063      DEBUG main            d.u.i.k.p.i.AbstractProblemLoader Init config took 2.29s 
82079      INFO  main            d.u.i.k.p.i.AbstractProblemLoader Replaying proof replace0.key.proof 
82084      DEBUG main            d.u.i.k.p.i.IntermediateProofReplayer Proof replay took 2.84ms 
82085      DEBUG main            d.u.i.k.p.r.p.TestFile    ... success: reloaded. 
82086      INFO  main            d.u.i.k.p.r.p.TestFile    Now processing file /home/runner/work/key/key/key.core/../key.ui/examples/standard_key/strings/replace1.key 
82086      INFO  main            d.u.i.k.p.i.AbstractProblemLoader Loading environment from /home/runner/work/key/key/key.core/../key.ui/examples/standard_key/strings/replace1.key 
82086      DEBUG main            d.u.i.k.p.i.AbstractProblemLoader Environment load took 94.1ns 
82098      INFO  main            d.u.i.k.p.i.AbstractProblemLoader Creating init config 
84474      DEBUG main            d.u.i.k.p.i.AbstractProblemLoader Init config took 2.38s 
84489      INFO  main            d.u.i.k.p.i.AbstractProblemLoader Replaying proof replace1.key 
84490      DEBUG main            d.u.i.k.p.i.IntermediateProofReplayer Proof replay took 7.8ns 
84592      INFO  main            d.u.i.k.p.r.p.TestFile    ... finished proof: closed. 
84824      INFO  main            d.u.i.k.p.i.AbstractProblemLoader Loading environment from /home/runner/work/key/key/key.core/../key.ui/examples/standard_key/strings/replace1.key.proof 
84824      DEBUG main            d.u.i.k.p.i.AbstractProblemLoader Environment load took 134.5ns 
84826      INFO  main            d.u.i.k.p.i.AbstractProblemLoader Creating init config 
87095      DEBUG main            d.u.i.k.p.i.AbstractProblemLoader Init config took 2.27s 
87112      INFO  main            d.u.i.k.p.i.AbstractProblemLoader Replaying proof replace1.key.proof 
87129      DEBUG main            d.u.i.k.p.i.IntermediateProofReplayer Proof replay took 15.6ms 
87130      DEBUG main            d.u.i.k.p.r.p.TestFile    ... success: reloaded. 
87131      INFO  main            d.u.i.k.p.r.p.TestFile    Now processing file /home/runner/work/key/key/key.core/../key.ui/examples/standard_key/strings/simpleAssignment.key 
87131      INFO  main            d.u.i.k.p.i.AbstractProblemLoader Loading environment from /home/runner/work/key/key/key.core/../key.ui/examples/standard_key/strings/simpleAssignment.key 
87131      DEBUG main            d.u.i.k.p.i.AbstractProblemLoader Environment load took 109.1ns 
87132      INFO  main            d.u.i.k.p.i.AbstractProblemLoader Creating init config 
89516      DEBUG main            d.u.i.k.p.i.AbstractProblemLoader Init config took 2.38s 
89532      INFO  main            d.u.i.k.p.i.AbstractProblemLoader Replaying proof simpleAssignment.key 
89534      DEBUG main            d.u.i.k.p.i.IntermediateProofReplayer Proof replay took 8.4ns 
89636      INFO  main            d.u.i.k.p.r.p.TestFile    ... finished proof: closed. 
89862      INFO  main            d.u.i.k.p.i.AbstractProblemLoader Loading environment from /home/runner/work/key/key/key.core/../key.ui/examples/standard_key/strings/simpleAssignment.key.proof 
89862      DEBUG main            d.u.i.k.p.i.AbstractProblemLoader Environment load took 150.6ns 
89863      INFO  main            d.u.i.k.p.i.AbstractProblemLoader Creating init config 
92179      DEBUG main            d.u.i.k.p.i.AbstractProblemLoader Init config took 2.32s 
92195      INFO  main            d.u.i.k.p.i.AbstractProblemLoader Replaying proof simpleAssignment.key.proof 
92199      DEBUG main            d.u.i.k.p.i.IntermediateProofReplayer Proof replay took 1.45ms 
92200      DEBUG main            d.u.i.k.p.r.p.TestFile    ... success: reloaded. 
92201      INFO  main            d.u.i.k.p.r.p.TestFile    Now processing file /home/runner/work/key/key/key.core/../key.ui/examples/standard_key/strings/simpleLengthComp.key 
92201      INFO  main            d.u.i.k.p.i.AbstractProblemLoader Loading environment from /home/runner/work/key/key/key.core/../key.ui/examples/standard_key/strings/simpleLengthComp.key 
92201      DEBUG main            d.u.i.k.p.i.AbstractProblemLoader Environment load took 185.71ns 
92202      INFO  main            d.u.i.k.p.i.AbstractProblemLoader Creating init config 
94558      DEBUG main            d.u.i.k.p.i.AbstractProblemLoader Init config took 2.36s 
94575      INFO  main            d.u.i.k.p.i.AbstractProblemLoader Replaying proof simpleLengthComp.key 
94578      DEBUG main            d.u.i.k.p.i.IntermediateProofReplayer Proof replay took 8.7ns 
94781      INFO  main            d.u.i.k.p.r.p.TestFile    ... finished proof: closed. 
95011      INFO  main            d.u.i.k.p.i.AbstractProblemLoader Loading environment from /home/runner/work/key/key/key.core/../key.ui/examples/standard_key/strings/simpleLengthComp.key.proof 
95012      DEBUG main            d.u.i.k.p.i.AbstractProblemLoader Environment load took 172.6ns 
95013      INFO  main            d.u.i.k.p.i.AbstractProblemLoader Creating init config 
97324      DEBUG main            d.u.i.k.p.i.AbstractProblemLoader Init config took 2.31s 
97341      INFO  main            d.u.i.k.p.i.AbstractProblemLoader Replaying proof simpleLengthComp.key.proof 
97365      DEBUG main            d.u.i.k.p.i.IntermediateProofReplayer Proof replay took 21.11ms 
97367      DEBUG main            d.u.i.k.p.r.p.TestFile    ... success: reloaded. 
97368      INFO  main            d.u.i.k.p.r.p.TestFile    Now processing file /home/runner/work/key/key/key.core/../key.ui/examples/standard_key/strings/stringCompileTimeConstant1.key 
97368      INFO  main            d.u.i.k.p.i.AbstractProblemLoader Loading environment from /home/runner/work/key/key/key.core/../key.ui/examples/standard_key/strings/stringCompileTimeConstant1.key 
97368      DEBUG main            d.u.i.k.p.i.AbstractProblemLoader Environment load took 218ns 
97370      INFO  main            d.u.i.k.p.i.AbstractProblemLoader Creating init config 
99734      DEBUG main            d.u.i.k.p.i.AbstractProblemLoader Init config took 2.36s 
99750      INFO  main            d.u.i.k.p.i.AbstractProblemLoader Replaying proof stringCompileTimeConstant1.key 
99752      DEBUG main            d.u.i.k.p.i.IntermediateProofReplayer Proof replay took 8.6ns 
99854      INFO  main            d.u.i.k.p.r.p.TestFile    ... finished proof: closed. 
100095     INFO  main            d.u.i.k.p.i.AbstractProblemLoader Loading environment from /home/runner/work/key/key/key.core/../key.ui/examples/standard_key/strings/stringCompileTimeConstant1.key.proof 
100095     DEBUG main            d.u.i.k.p.i.AbstractProblemLoader Environment load took 115.8ns 
100097     INFO  main            d.u.i.k.p.i.AbstractProblemLoader Creating init config 
102391     DEBUG main            d.u.i.k.p.i.AbstractProblemLoader Init config took 2.29s 
102407     INFO  main            d.u.i.k.p.i.AbstractProblemLoader Replaying proof stringCompileTimeConstant1.key.proof 
102412     DEBUG main            d.u.i.k.p.i.IntermediateProofReplayer Proof replay took 3.15ms 
102413     DEBUG main            d.u.i.k.p.r.p.TestFile    ... success: reloaded. 
102414     INFO  main            d.u.i.k.p.r.p.TestFile    Now processing file /home/runner/work/key/key/key.core/../key.ui/examples/standard_key/strings/stringCompileTimeConstant2.key 
102414     INFO  main            d.u.i.k.p.i.AbstractProblemLoader Loading environment from /home/runner/work/key/key/key.core/../key.ui/examples/standard_key/strings/stringCompileTimeConstant2.key 
102414     DEBUG main            d.u.i.k.p.i.AbstractProblemLoader Environment load took 92.8ns 
102415     INFO  main            d.u.i.k.p.i.AbstractProblemLoader Creating init config 
104912     DEBUG main            d.u.i.k.p.i.AbstractProblemLoader Init config took 2.5s 
104928     INFO  main            d.u.i.k.p.i.AbstractProblemLoader Replaying proof stringCompileTimeConstant2.key 
104930     DEBUG main            d.u.i.k.p.i.IntermediateProofReplayer Proof replay took 8.8ns 
107462     INFO  main            d.u.i.k.p.r.p.TestFile    ... finished proof: closed. 
107742     INFO  main            d.u.i.k.p.i.AbstractProblemLoader Loading environment from /home/runner/work/key/key/key.core/../key.ui/examples/standard_key/strings/stringCompileTimeConstant2.key.proof 
107748     DEBUG main            d.u.i.k.p.i.AbstractProblemLoader Environment load took 6.36ms 
107750     INFO  main            d.u.i.k.p.i.AbstractProblemLoader Creating init config 
110224     DEBUG main            d.u.i.k.p.i.AbstractProblemLoader Init config took 2.47s 
110240     INFO  main            d.u.i.k.p.i.AbstractProblemLoader Replaying proof stringCompileTimeConstant2.key.proof 
110477     DEBUG main            d.u.i.k.p.i.IntermediateProofReplayer Proof replay took 226.09ms 
110478     DEBUG main            d.u.i.k.p.r.p.TestFile    ... success: reloaded. 
110480     INFO  main            d.u.i.k.p.r.p.TestFile    Now processing file /home/runner/work/key/key/key.core/../key.ui/examples/standard_key/strings/stringEquality1.key 
110480     INFO  main            d.u.i.k.p.i.AbstractProblemLoader Loading environment from /home/runner/work/key/key/key.core/../key.ui/examples/standard_key/strings/stringEquality1.key 
110480     DEBUG main            d.u.i.k.p.i.AbstractProblemLoader Environment load took 186ns 
110482     INFO  main            d.u.i.k.p.i.AbstractProblemLoader Creating init config 
112812     DEBUG main            d.u.i.k.p.i.AbstractProblemLoader Init config took 2.33s 
112848     INFO  main            d.u.i.k.p.i.AbstractProblemLoader Replaying proof stringEquality1.key 
112850     DEBUG main            d.u.i.k.p.i.IntermediateProofReplayer Proof replay took 9.2ns 
112962     INFO  main            d.u.i.k.p.r.p.TestFile    ... finished proof: closed. 
113269     INFO  main            d.u.i.k.p.i.AbstractProblemLoader Loading environment from /home/runner/work/key/key/key.core/../key.ui/examples/standard_key/strings/stringEquality1.key.proof 
113269     DEBUG main            d.u.i.k.p.i.AbstractProblemLoader Environment load took 133.3ns 
113272     INFO  main            d.u.i.k.p.i.AbstractProblemLoader Creating init config 
115555     DEBUG main            d.u.i.k.p.i.AbstractProblemLoader Init config took 2.28s 
115570     INFO  main            d.u.i.k.p.i.AbstractProblemLoader Replaying proof stringEquality1.key.proof 
115580     DEBUG main            d.u.i.k.p.i.IntermediateProofReplayer Proof replay took 7.48ms 
115581     DEBUG main            d.u.i.k.p.r.p.TestFile    ... success: reloaded. 
115582     INFO  main            d.u.i.k.p.r.p.TestFile    Now processing file /home/runner/work/key/key/key.core/../key.ui/examples/standard_key/strings/stringEquality2.key 
115582     INFO  main            d.u.i.k.p.i.AbstractProblemLoader Loading environment from /home/runner/work/key/key/key.core/../key.ui/examples/standard_key/strings/stringEquality2.key 
115582     DEBUG main            d.u.i.k.p.i.AbstractProblemLoader Environment load took 178.9ns 
115583     INFO  main            d.u.i.k.p.i.AbstractProblemLoader Creating init config 
117896     DEBUG main            d.u.i.k.p.i.AbstractProblemLoader Init config took 2.31s 
117911     INFO  main            d.u.i.k.p.i.AbstractProblemLoader Replaying proof stringEquality2.key 
117912     DEBUG main            d.u.i.k.p.i.IntermediateProofReplayer Proof replay took 8.9ns 
118317     INFO  main            d.u.i.k.p.r.p.TestFile    ... finished proof: closed. 
118585     INFO  main            d.u.i.k.p.i.AbstractProblemLoader Loading environment from /home/runner/work/key/key/key.core/../key.ui/examples/standard_key/strings/stringEquality2.key.proof 
118585     DEBUG main            d.u.i.k.p.i.AbstractProblemLoader Environment load took 488.51ns 
118587     INFO  main            d.u.i.k.p.i.AbstractProblemLoader Creating init config 
120889     DEBUG main            d.u.i.k.p.i.AbstractProblemLoader Init config took 2.3s 
120904     INFO  main            d.u.i.k.p.i.AbstractProblemLoader Replaying proof stringEquality2.key.proof 
120928     DEBUG main            d.u.i.k.p.i.IntermediateProofReplayer Proof replay took 19.29ms 
120929     DEBUG main            d.u.i.k.p.r.p.TestFile    ... success: reloaded. 
120930     INFO  main            d.u.i.k.p.r.p.TestFile    Now processing file /home/runner/work/key/key/key.core/../key.ui/examples/standard_key/strings/substring0.key 
120930     INFO  main            d.u.i.k.p.i.AbstractProblemLoader Loading environment from /home/runner/work/key/key/key.core/../key.ui/examples/standard_key/strings/substring0.key 
120930     DEBUG main            d.u.i.k.p.i.AbstractProblemLoader Environment load took 77ns 
120931     INFO  main            d.u.i.k.p.i.AbstractProblemLoader Creating init config 
123268     DEBUG main            d.u.i.k.p.i.AbstractProblemLoader Init config took 2.34s 
123283     INFO  main            d.u.i.k.p.i.AbstractProblemLoader Replaying proof substring0.key 
123285     DEBUG main            d.u.i.k.p.i.IntermediateProofReplayer Proof replay took 8.7ns 
123391     INFO  main            d.u.i.k.p.r.p.TestFile    ... finished proof: closed. 
123670     INFO  main            d.u.i.k.p.i.AbstractProblemLoader Loading environment from /home/runner/work/key/key/key.core/../key.ui/examples/standard_key/strings/substring0.key.proof 
123670     DEBUG main            d.u.i.k.p.i.AbstractProblemLoader Environment load took 127.7ns 
123672     INFO  main            d.u.i.k.p.i.AbstractProblemLoader Creating init config 
125964     DEBUG main            d.u.i.k.p.i.AbstractProblemLoader Init config took 2.29s 
125980     INFO  main            d.u.i.k.p.i.AbstractProblemLoader Replaying proof substring0.key.proof 
125983     DEBUG main            d.u.i.k.p.i.IntermediateProofReplayer Proof replay took 542.51ns 
125984     DEBUG main            d.u.i.k.p.r.p.TestFile    ... success: reloaded. 
125984     INFO  main            d.u.i.k.p.r.p.TestFile    Now processing file /home/runner/work/key/key/key.core/../key.ui/examples/standard_key/strings/substring1.key 
125985     INFO  main            d.u.i.k.p.i.AbstractProblemLoader Loading environment from /home/runner/work/key/key/key.core/../key.ui/examples/standard_key/strings/substring1.key 
125985     DEBUG main            d.u.i.k.p.i.AbstractProblemLoader Environment load took 92.7ns 
125985     INFO  main            d.u.i.k.p.i.AbstractProblemLoader Creating init config 
128298     DEBUG main            d.u.i.k.p.i.AbstractProblemLoader Init config took 2.31s 
128313     INFO  main            d.u.i.k.p.i.AbstractProblemLoader Replaying proof substring1.key 
128315     DEBUG main            d.u.i.k.p.i.IntermediateProofReplayer Proof replay took 9.6ns 
128417     INFO  main            d.u.i.k.p.r.p.TestFile    ... finished proof: closed. 
128696     INFO  main            d.u.i.k.p.i.AbstractProblemLoader Loading environment from /home/runner/work/key/key/key.core/../key.ui/examples/standard_key/strings/substring1.key.proof 
128696     DEBUG main            d.u.i.k.p.i.AbstractProblemLoader Environment load took 121.2ns 
128697     INFO  main            d.u.i.k.p.i.AbstractProblemLoader Creating init config 
130955     DEBUG main            d.u.i.k.p.i.AbstractProblemLoader Init config took 2.26s 
130969     INFO  main            d.u.i.k.p.i.AbstractProblemLoader Replaying proof substring1.key.proof 
130971     DEBUG main            d.u.i.k.p.i.IntermediateProofReplayer Proof replay took 482.71ns 
130972     DEBUG main            d.u.i.k.p.r.p.TestFile    ... success: reloaded. 
130972     INFO  main            d.u.i.k.p.r.p.TestFile    Now processing file /home/runner/work/key/key/key.core/../key.ui/examples/standard_key/strings/substring2.key 
130973     INFO  main            d.u.i.k.p.i.AbstractProblemLoader Loading environment from /home/runner/work/key/key/key.core/../key.ui/examples/standard_key/strings/substring2.key 
130973     DEBUG main            d.u.i.k.p.i.AbstractProblemLoader Environment load took 61.8ns 
130974     INFO  main            d.u.i.k.p.i.AbstractProblemLoader Creating init config 
133296     DEBUG main            d.u.i.k.p.i.AbstractProblemLoader Init config took 2.32s 
133313     INFO  main            d.u.i.k.p.i.AbstractProblemLoader Replaying proof substring2.key 
133315     DEBUG main            d.u.i.k.p.i.IntermediateProofReplayer Proof replay took 7.3ns 
133418     INFO  main            d.u.i.k.p.r.p.TestFile    ... finished proof: closed. 
133698     INFO  main            d.u.i.k.p.i.AbstractProblemLoader Loading environment from /home/runner/work/key/key/key.core/../key.ui/examples/standard_key/strings/substring2.key.proof 
133698     DEBUG main            d.u.i.k.p.i.AbstractProblemLoader Environment load took 138.7ns 
133699     INFO  main            d.u.i.k.p.i.AbstractProblemLoader Creating init config 
135989     DEBUG main            d.u.i.k.p.i.AbstractProblemLoader Init config took 2.29s 
136003     INFO  main            d.u.i.k.p.i.AbstractProblemLoader Replaying proof substring2.key.proof 
136007     DEBUG main            d.u.i.k.p.i.IntermediateProofReplayer Proof replay took 833.02ns 
136008     DEBUG main            d.u.i.k.p.r.p.TestFile    ... success: reloaded. 
136010     INFO  main            d.u.i.k.p.r.p.TestFile    Now processing file /home/runner/work/key/key/key.core/../key.ui/examples/standard_key/strings/substring3.key 
136010     INFO  main            d.u.i.k.p.i.AbstractProblemLoader Loading environment from /home/runner/work/key/key/key.core/../key.ui/examples/standard_key/strings/substring3.key 
136010     DEBUG main            d.u.i.k.p.i.AbstractProblemLoader Environment load took 91ns 
136011     INFO  main            d.u.i.k.p.i.AbstractProblemLoader Creating init config 
138415     DEBUG main            d.u.i.k.p.i.AbstractProblemLoader Init config took 2.4s 
138429     INFO  main            d.u.i.k.p.i.AbstractProblemLoader Replaying proof substring3.key 
138431     DEBUG main            d.u.i.k.p.i.IntermediateProofReplayer Proof replay took 8.6ns 
138533     INFO  main            d.u.i.k.p.r.p.TestFile    ... finished proof: closed. 
138892     INFO  main            d.u.i.k.p.i.AbstractProblemLoader Loading environment from /home/runner/work/key/key/key.core/../key.ui/examples/standard_key/strings/substring3.key.proof 
138892     DEBUG main            d.u.i.k.p.i.AbstractProblemLoader Environment load took 136.1ns 
138894     INFO  main            d.u.i.k.p.i.AbstractProblemLoader Creating init config 
141144     DEBUG main            d.u.i.k.p.i.AbstractProblemLoader Init config took 2.25s 
141159     INFO  main            d.u.i.k.p.i.AbstractProblemLoader Replaying proof substring3.key.proof 
141162     DEBUG main            d.u.i.k.p.i.IntermediateProofReplayer Proof replay took 1.61ms 
141163     DEBUG main            d.u.i.k.p.r.p.TestFile    ... success: reloaded. 
141163     INFO  main            d.u.i.k.p.r.p.TestFile    Now processing file /home/runner/work/key/key/key.core/../key.ui/examples/standard_key/strings/substring4.key 
141164     INFO  main            d.u.i.k.p.i.AbstractProblemLoader Loading environment from /home/runner/work/key/key/key.core/../key.ui/examples/standard_key/strings/substring4.key 
141164     DEBUG main            d.u.i.k.p.i.AbstractProblemLoader Environment load took 222.1ns 
141165     INFO  main            d.u.i.k.p.i.AbstractProblemLoader Creating init config 
143482     DEBUG main            d.u.i.k.p.i.AbstractProblemLoader Init config took 2.32s 
143496     INFO  main            d.u.i.k.p.i.AbstractProblemLoader Replaying proof substring4.key 
143497     DEBUG main            d.u.i.k.p.i.IntermediateProofReplayer Proof replay took 8.5ns 
143599     INFO  main            d.u.i.k.p.r.p.TestFile    ... finished proof: closed. 
144029     INFO  main            d.u.i.k.p.i.AbstractProblemLoader Loading environment from /home/runner/work/key/key/key.core/../key.ui/examples/standard_key/strings/substring4.key.proof 
144029     DEBUG main            d.u.i.k.p.i.AbstractProblemLoader Environment load took 110.6ns 
144030     INFO  main            d.u.i.k.p.i.AbstractProblemLoader Creating init config 
146277     DEBUG main            d.u.i.k.p.i.AbstractProblemLoader Init config took 2.25s 
146294     INFO  main            d.u.i.k.p.i.AbstractProblemLoader Replaying proof substring4.key.proof 
146298     DEBUG main            d.u.i.k.p.i.IntermediateProofReplayer Proof replay took 2.16ms 
146299     DEBUG main            d.u.i.k.p.r.p.TestFile    ... success: reloaded. 
146299     INFO  main            d.u.i.k.p.r.p.TestFile    Now processing file /home/runner/work/key/key/key.core/../key.ui/examples/standard_key/strings/substring5.key 
146299     INFO  main            d.u.i.k.p.i.AbstractProblemLoader Loading environment from /home/runner/work/key/key/key.core/../key.ui/examples/standard_key/strings/substring5.key 
146299     DEBUG main            d.u.i.k.p.i.AbstractProblemLoader Environment load took 65.6ns 
146300     INFO  main            d.u.i.k.p.i.AbstractProblemLoader Creating init config 
148615     DEBUG main            d.u.i.k.p.i.AbstractProblemLoader Init config took 2.31s 
148629     INFO  main            d.u.i.k.p.i.AbstractProblemLoader Replaying proof substring5.key 
148631     DEBUG main            d.u.i.k.p.i.IntermediateProofReplayer Proof replay took 9ns 
148934     INFO  main            d.u.i.k.p.r.p.TestFile    ... finished proof: closed. 
149249     INFO  main            d.u.i.k.p.i.AbstractProblemLoader Loading environment from /home/runner/work/key/key/key.core/../key.ui/examples/standard_key/strings/substring5.key.proof 
149250     DEBUG main            d.u.i.k.p.i.AbstractProblemLoader Environment load took 1.85ms 
149253     INFO  main            d.u.i.k.p.i.AbstractProblemLoader Creating init config 
151532     DEBUG main            d.u.i.k.p.i.AbstractProblemLoader Init config took 2.28s 
151547     INFO  main            d.u.i.k.p.i.AbstractProblemLoader Replaying proof substring5.key.proof 
151568     DEBUG main            d.u.i.k.p.i.IntermediateProofReplayer Proof replay took 16.27ms 
151569     DEBUG main            d.u.i.k.p.r.p.TestFile    ... success: reloaded. 
3994811    INFO  Test worker     d.u.i.k.p.r.RunAllProofsTestUnit Returning from test strings 
3994813    INFO  Test worker     d.u.i.k.p.r.RunAllProofsTestUnit Running test simple_info_flow 
374        INFO  Timeout watchdog d.u.i.k.p.r.p.ForkedTestFileRunner Timeout watcher launched (2000 secs.) 
385        WARN  main            d.u.i.k.s.ProofSettings   The settings in /home/runner/.key/proof-settings.props are *not* read. 
433        INFO  main            d.u.i.k.p.r.p.TestFile    Now processing file /home/runner/work/key/key/key.core/../key.ui/examples/heap/information_flow/UpdateAbstraction_ex7_1_insecure.key 
593        INFO  main            d.u.i.k.p.i.AbstractProblemLoader Loading environment from /home/runner/work/key/key/key.core/../key.ui/examples/heap/information_flow/UpdateAbstraction_ex7_1_insecure.key 
615        DEBUG main            d.u.i.k.p.i.AbstractProblemLoader Environment load took 1.96ms 
830        INFO  main            d.u.i.k.p.i.AbstractProblemLoader Creating init config 
1735       DEBUG main            d.u.i.k.j.TypeConverter   No LDT found for Meta 
1736       DEBUG main            d.u.i.k.j.TypeConverter   No LDT found for Meta 
1738       DEBUG main            d.u.i.k.j.TypeConverter   No LDT found for Meta 
1738       DEBUG main            d.u.i.k.j.TypeConverter   No LDT found for Meta 
3335       DEBUG main            d.u.i.k.j.TypeConverter   No LDT found for JavaBigintExpression 
8645       DEBUG main            d.u.i.k.p.i.AbstractProblemLoader Init config took 7.81s 
8826       INFO  main            d.u.i.k.p.i.AbstractProblemLoader Replaying proof UpdateAbstraction[UpdateAbstraction::ex7_1_insecure()].JML operation contract.0 
8899       DEBUG main            d.u.i.k.p.i.IntermediateProofReplayer Proof replay took 46.3ns 
9545       INFO  main            d.u.i.k.p.r.p.TestFile    ... finished proof: open goal(s) 
9670       INFO  main            d.u.i.k.p.r.p.TestFile    Now processing file /home/runner/work/key/key/key.core/../key.ui/examples/heap/information_flow/UpdateAbstraction_ex7_2_insecure.key 
9673       INFO  main            d.u.i.k.p.i.AbstractProblemLoader Loading environment from /home/runner/work/key/key/key.core/../key.ui/examples/heap/information_flow/UpdateAbstraction_ex7_2_insecure.key 
9674       DEBUG main            d.u.i.k.p.i.AbstractProblemLoader Environment load took 362.61ns 
9676       INFO  main            d.u.i.k.p.i.AbstractProblemLoader Creating init config 
12909      DEBUG main            d.u.i.k.p.i.AbstractProblemLoader Init config took 3.23s 
12979      INFO  main            d.u.i.k.p.i.AbstractProblemLoader Replaying proof UpdateAbstraction[UpdateAbstraction::ex7_2_insecure()].JML operation contract.0 
12981      DEBUG main            d.u.i.k.p.i.IntermediateProofReplayer Proof replay took 8.5ns 
13388      INFO  main            d.u.i.k.p.r.p.TestFile    ... finished proof: open goal(s) 
4008530    INFO  Test worker     d.u.i.k.p.r.RunAllProofsTestUnit Returning from test simple_info_flow 
4008532    INFO  Test worker     d.u.i.k.p.r.RunAllProofsTestUnit Running test modelMethods 
354        INFO  Timeout watchdog d.u.i.k.p.r.p.ForkedTestFileRunner Timeout watcher launched (2000 secs.) 
361        WARN  main            d.u.i.k.s.ProofSettings   The settings in /home/runner/.key/proof-settings.props are *not* read. 
389        INFO  main            d.u.i.k.p.r.p.TestFile    Now processing file /home/runner/work/key/key/key.core/../key.ui/examples/heap/model_methods/Cell_footprint_acc.key 
514        INFO  main            d.u.i.k.p.i.AbstractProblemLoader Loading environment from /home/runner/work/key/key/key.core/../key.ui/examples/heap/model_methods/Cell_footprint_acc.key 
531        DEBUG main            d.u.i.k.p.i.AbstractProblemLoader Environment load took 2.13ms 
764        INFO  main            d.u.i.k.p.i.AbstractProblemLoader Creating init config 
1691       DEBUG main            d.u.i.k.j.TypeConverter   No LDT found for Meta 
1692       DEBUG main            d.u.i.k.j.TypeConverter   No LDT found for Meta 
1693       DEBUG main            d.u.i.k.j.TypeConverter   No LDT found for Meta 
1693       DEBUG main            d.u.i.k.j.TypeConverter   No LDT found for Meta 
3368       DEBUG main            d.u.i.k.j.TypeConverter   No LDT found for JavaBigintExpression 
8534       DEBUG main            d.u.i.k.p.i.AbstractProblemLoader Init config took 7.77s 
8714       INFO  main            d.u.i.k.p.i.AbstractProblemLoader Replaying proof Cell[Cell::footprint()].JML accessible clause.0 
8750       DEBUG main            d.u.i.k.p.i.IntermediateProofReplayer Proof replay took 40.3ns 
9262       INFO  main            d.u.i.k.p.r.p.TestFile    ... finished proof: closed. 
9377       INFO  main            d.u.i.k.p.i.AbstractProblemLoader Loading environment from /home/runner/work/key/key/key.core/../key.ui/examples/heap/model_methods/Cell_footprint_acc.key.proof 
9377       DEBUG main            d.u.i.k.p.i.AbstractProblemLoader Environment load took 180.6ns 
9381       INFO  main            d.u.i.k.p.i.AbstractProblemLoader Creating init config 
12249      DEBUG main            d.u.i.k.p.i.AbstractProblemLoader Init config took 2.87s 
12324      INFO  main            d.u.i.k.p.i.AbstractProblemLoader Replaying proof Cell[Cell::footprint()].JML accessible clause.0 
12344      DEBUG main            d.u.i.k.p.i.IntermediateProofReplayer Proof replay took 14.97ms 
12353      DEBUG main            d.u.i.k.p.r.p.TestFile    ... success: reloaded. 
12354      INFO  main            d.u.i.k.p.r.p.TestFile    Now processing file /home/runner/work/key/key/key.core/../key.ui/examples/heap/model_methods/Cell_footprint.key 
12355      INFO  main            d.u.i.k.p.i.AbstractProblemLoader Loading environment from /home/runner/work/key/key/key.core/../key.ui/examples/heap/model_methods/Cell_footprint.key 
12355      DEBUG main            d.u.i.k.p.i.AbstractProblemLoader Environment load took 87.9ns 
12361      INFO  main            d.u.i.k.p.i.AbstractProblemLoader Creating init config 
15147      DEBUG main            d.u.i.k.p.i.AbstractProblemLoader Init config took 2.79s 
15216      INFO  main            d.u.i.k.p.i.AbstractProblemLoader Replaying proof Cell[Cell::footprint()].JML model_behavior operation contract.0 
15219      DEBUG main            d.u.i.k.p.i.IntermediateProofReplayer Proof replay took 8.5ns 
15322      INFO  main            d.u.i.k.p.r.p.TestFile    ... finished proof: closed. 
15461      INFO  main            d.u.i.k.p.i.AbstractProblemLoader Loading environment from /home/runner/work/key/key/key.core/../key.ui/examples/heap/model_methods/Cell_footprint.key.proof 
15462      DEBUG main            d.u.i.k.p.i.AbstractProblemLoader Environment load took 154.5ns 
15464      INFO  main            d.u.i.k.p.i.AbstractProblemLoader Creating init config 
18158      DEBUG main            d.u.i.k.p.i.AbstractProblemLoader Init config took 2.69s 
18213      INFO  main            d.u.i.k.p.i.AbstractProblemLoader Replaying proof Cell[Cell::footprint()].JML model_behavior operation contract.0 
18223      DEBUG main            d.u.i.k.p.i.IntermediateProofReplayer Proof replay took 7.13ms 
18224      DEBUG main            d.u.i.k.p.r.p.TestFile    ... success: reloaded. 
18225      INFO  main            d.u.i.k.p.r.p.TestFile    Now processing file /home/runner/work/key/key/key.core/../key.ui/examples/heap/model_methods/Cell_get_acc.key 
18225      INFO  main            d.u.i.k.p.i.AbstractProblemLoader Loading environment from /home/runner/work/key/key/key.core/../key.ui/examples/heap/model_methods/Cell_get_acc.key 
18226      DEBUG main            d.u.i.k.p.i.AbstractProblemLoader Environment load took 132ns 
18227      INFO  main            d.u.i.k.p.i.AbstractProblemLoader Creating init config 
20915      DEBUG main            d.u.i.k.p.i.AbstractProblemLoader Init config took 2.69s 
20968      INFO  main            d.u.i.k.p.i.AbstractProblemLoader Replaying proof Cell[Cell::get()].JML accessible clause.0 
20971      DEBUG main            d.u.i.k.p.i.IntermediateProofReplayer Proof replay took 7.8ns 
21177      INFO  main            d.u.i.k.p.r.p.TestFile    ... finished proof: closed. 
21335      INFO  main            d.u.i.k.p.i.AbstractProblemLoader Loading environment from /home/runner/work/key/key/key.core/../key.ui/examples/heap/model_methods/Cell_get_acc.key.proof 
21335      DEBUG main            d.u.i.k.p.i.AbstractProblemLoader Environment load took 424.41ns 
21337      INFO  main            d.u.i.k.p.i.AbstractProblemLoader Creating init config 
23974      DEBUG main            d.u.i.k.p.i.AbstractProblemLoader Init config took 2.64s 
24024      INFO  main            d.u.i.k.p.i.AbstractProblemLoader Replaying proof Cell[Cell::get()].JML accessible clause.0 
24062      DEBUG main            d.u.i.k.p.i.IntermediateProofReplayer Proof replay took 34.3ms 
24063      DEBUG main            d.u.i.k.p.r.p.TestFile    ... success: reloaded. 
24065      INFO  main            d.u.i.k.p.r.p.TestFile    Now processing file /home/runner/work/key/key/key.core/../key.ui/examples/heap/model_methods/Cell_get.key 
24065      INFO  main            d.u.i.k.p.i.AbstractProblemLoader Loading environment from /home/runner/work/key/key/key.core/../key.ui/examples/heap/model_methods/Cell_get.key 
24065      DEBUG main            d.u.i.k.p.i.AbstractProblemLoader Environment load took 238.81ns 
24066      INFO  main            d.u.i.k.p.i.AbstractProblemLoader Creating init config 
26781      DEBUG main            d.u.i.k.p.i.AbstractProblemLoader Init config took 2.71s 
26834      INFO  main            d.u.i.k.p.i.AbstractProblemLoader Replaying proof Cell[Cell::get()].JML operation contract.0 
26836      DEBUG main            d.u.i.k.p.i.IntermediateProofReplayer Proof replay took 8.7ns 
26938      INFO  main            d.u.i.k.p.r.p.TestFile    ... finished proof: closed. 
27113      INFO  main            d.u.i.k.p.i.AbstractProblemLoader Loading environment from /home/runner/work/key/key/key.core/../key.ui/examples/heap/model_methods/Cell_get.key.proof 
27113      DEBUG main            d.u.i.k.p.i.AbstractProblemLoader Environment load took 158.1ns 
27114      INFO  main            d.u.i.k.p.i.AbstractProblemLoader Creating init config 
29765      DEBUG main            d.u.i.k.p.i.AbstractProblemLoader Init config took 2.65s 
29814      INFO  main            d.u.i.k.p.i.AbstractProblemLoader Replaying proof Cell[Cell::get()].JML operation contract.0 
29832      DEBUG main            d.u.i.k.p.i.IntermediateProofReplayer Proof replay took 15.81ms 
29834      DEBUG main            d.u.i.k.p.r.p.TestFile    ... success: reloaded. 
29835      INFO  main            d.u.i.k.p.r.p.TestFile    Now processing file /home/runner/work/key/key/key.core/../key.ui/examples/heap/model_methods/Cell_post_set.key 
29835      INFO  main            d.u.i.k.p.i.AbstractProblemLoader Loading environment from /home/runner/work/key/key/key.core/../key.ui/examples/heap/model_methods/Cell_post_set.key 
29836      DEBUG main            d.u.i.k.p.i.AbstractProblemLoader Environment load took 180.21ns 
29837      INFO  main            d.u.i.k.p.i.AbstractProblemLoader Creating init config 
32449      DEBUG main            d.u.i.k.p.i.AbstractProblemLoader Init config took 2.61s 
32528      INFO  main            d.u.i.k.p.i.AbstractProblemLoader Replaying proof Cell[Cell::post_set(int)].JML model_behavior operation contract.0 
32531      DEBUG main            d.u.i.k.p.i.IntermediateProofReplayer Proof replay took 7.8ns 
32633      INFO  main            d.u.i.k.p.r.p.TestFile    ... finished proof: closed. 
32811      INFO  main            d.u.i.k.p.i.AbstractProblemLoader Loading environment from /home/runner/work/key/key/key.core/../key.ui/examples/heap/model_methods/Cell_post_set.key.proof 
32811      DEBUG main            d.u.i.k.p.i.AbstractProblemLoader Environment load took 139.9ns 
32812      INFO  main            d.u.i.k.p.i.AbstractProblemLoader Creating init config 
35416      DEBUG main            d.u.i.k.p.i.AbstractProblemLoader Init config took 2.6s 
35462      INFO  main            d.u.i.k.p.i.AbstractProblemLoader Replaying proof Cell[Cell::post_set(int)].JML model_behavior operation contract.0 
35469      DEBUG main            d.u.i.k.p.i.IntermediateProofReplayer Proof replay took 5.03ms 
35470      DEBUG main            d.u.i.k.p.r.p.TestFile    ... success: reloaded. 
35472      INFO  main            d.u.i.k.p.r.p.TestFile    Now processing file /home/runner/work/key/key/key.core/../key.ui/examples/heap/model_methods/Cell_set.key 
35472      INFO  main            d.u.i.k.p.i.AbstractProblemLoader Loading environment from /home/runner/work/key/key/key.core/../key.ui/examples/heap/model_methods/Cell_set.key 
35472      DEBUG main            d.u.i.k.p.i.AbstractProblemLoader Environment load took 110.8ns 
35473      INFO  main            d.u.i.k.p.i.AbstractProblemLoader Creating init config 
38076      DEBUG main            d.u.i.k.p.i.AbstractProblemLoader Init config took 2.6s 
38123      INFO  main            d.u.i.k.p.i.AbstractProblemLoader Replaying proof Cell[Cell::set(int)].JML operation contract.0 
38125      DEBUG main            d.u.i.k.p.i.IntermediateProofReplayer Proof replay took 9.5ns 
44668      INFO  main            d.u.i.k.p.r.p.TestFile    ... finished proof: closed. 
44920      INFO  main            d.u.i.k.p.i.AbstractProblemLoader Loading environment from /home/runner/work/key/key/key.core/../key.ui/examples/heap/model_methods/Cell_set.key.proof 
44925      DEBUG main            d.u.i.k.p.i.AbstractProblemLoader Environment load took 4.76ms 
44927      INFO  main            d.u.i.k.p.i.AbstractProblemLoader Creating init config 
47490      DEBUG main            d.u.i.k.p.i.AbstractProblemLoader Init config took 2.56s 
47535      INFO  main            d.u.i.k.p.i.AbstractProblemLoader Replaying proof Cell[Cell::set(int)].JML operation contract.0 
48012      DEBUG main            d.u.i.k.p.i.IntermediateProofReplayer Proof replay took 459.44ms 
48013      DEBUG main            d.u.i.k.p.r.p.TestFile    ... success: reloaded. 
48015      INFO  main            d.u.i.k.p.r.p.TestFile    Now processing file /home/runner/work/key/key/key.core/../key.ui/examples/heap/model_methods/CellTest_callSet.key 
48015      INFO  main            d.u.i.k.p.i.AbstractProblemLoader Loading environment from /home/runner/work/key/key/key.core/../key.ui/examples/heap/model_methods/CellTest_callSet.key 
48015      DEBUG main            d.u.i.k.p.i.AbstractProblemLoader Environment load took 187.1ns 
48017      INFO  main            d.u.i.k.p.i.AbstractProblemLoader Creating init config 
50605      DEBUG main            d.u.i.k.p.i.AbstractProblemLoader Init config took 2.59s 
50648      INFO  main            d.u.i.k.p.i.AbstractProblemLoader Replaying proof CellTest[CellTest::callSet(Cell,int)].JML operation contract.0 
50650      DEBUG main            d.u.i.k.p.i.IntermediateProofReplayer Proof replay took 9.7ns 
50853      INFO  main            d.u.i.k.p.r.p.TestFile    ... finished proof: closed. 
51048      INFO  main            d.u.i.k.p.i.AbstractProblemLoader Loading environment from /home/runner/work/key/key/key.core/../key.ui/examples/heap/model_methods/CellTest_callSet.key.proof 
51048      DEBUG main            d.u.i.k.p.i.AbstractProblemLoader Environment load took 144.4ns 
51049      INFO  main            d.u.i.k.p.i.AbstractProblemLoader Creating init config 
53561      DEBUG main            d.u.i.k.p.i.AbstractProblemLoader Init config took 2.51s 
53603      INFO  main            d.u.i.k.p.i.AbstractProblemLoader Replaying proof CellTest[CellTest::callSet(Cell,int)].JML operation contract.0 
53641      DEBUG main            d.u.i.k.p.i.IntermediateProofReplayer Proof replay took 34.83ms 
53642      DEBUG main            d.u.i.k.p.r.p.TestFile    ... success: reloaded. 
53643      INFO  main            d.u.i.k.p.r.p.TestFile    Now processing file /home/runner/work/key/key/key.core/../key.ui/examples/heap/model_methods/CellTest_test2.key 
53643      INFO  main            d.u.i.k.p.i.AbstractProblemLoader Loading environment from /home/runner/work/key/key/key.core/../key.ui/examples/heap/model_methods/CellTest_test2.key 
53643      DEBUG main            d.u.i.k.p.i.AbstractProblemLoader Environment load took 97.7ns 
53644      INFO  main            d.u.i.k.p.i.AbstractProblemLoader Creating init config 
56208      DEBUG main            d.u.i.k.p.i.AbstractProblemLoader Init config took 2.56s 
56250      INFO  main            d.u.i.k.p.i.AbstractProblemLoader Replaying proof CellTest[CellTest::test2(Cell)].JML operation contract.0 
56251      DEBUG main            d.u.i.k.p.i.IntermediateProofReplayer Proof replay took 8.2ns 
56556      INFO  main            d.u.i.k.p.r.p.TestFile    ... finished proof: closed. 
56734      INFO  main            d.u.i.k.p.i.AbstractProblemLoader Loading environment from /home/runner/work/key/key/key.core/../key.ui/examples/heap/model_methods/CellTest_test2.key.proof 
56735      DEBUG main            d.u.i.k.p.i.AbstractProblemLoader Environment load took 490.91ns 
56736      INFO  main            d.u.i.k.p.i.AbstractProblemLoader Creating init config 
59243      DEBUG main            d.u.i.k.p.i.AbstractProblemLoader Init config took 2.51s 
59299      INFO  main            d.u.i.k.p.i.AbstractProblemLoader Replaying proof CellTest[CellTest::test2(Cell)].JML operation contract.0 
59364      DEBUG main            d.u.i.k.p.i.IntermediateProofReplayer Proof replay took 61.8ms 
59365      DEBUG main            d.u.i.k.p.r.p.TestFile    ... success: reloaded. 
59366      INFO  main            d.u.i.k.p.r.p.TestFile    Now processing file /home/runner/work/key/key/key.core/../key.ui/examples/heap/model_methods/CellTest_test.key 
59366      INFO  main            d.u.i.k.p.i.AbstractProblemLoader Loading environment from /home/runner/work/key/key/key.core/../key.ui/examples/heap/model_methods/CellTest_test.key 
59366      DEBUG main            d.u.i.k.p.i.AbstractProblemLoader Environment load took 81.4ns 
59367      INFO  main            d.u.i.k.p.i.AbstractProblemLoader Creating init config 
61915      DEBUG main            d.u.i.k.p.i.AbstractProblemLoader Init config took 2.55s 
61957      INFO  main            d.u.i.k.p.i.AbstractProblemLoader Replaying proof CellTest[CellTest::test(Recell)].JML operation contract.0 
61959      DEBUG main            d.u.i.k.p.i.IntermediateProofReplayer Proof replay took 7.3ns 
63768      INFO  main            d.u.i.k.p.r.p.TestFile    ... finished proof: closed. 
63993      INFO  main            d.u.i.k.p.i.AbstractProblemLoader Loading environment from /home/runner/work/key/key/key.core/../key.ui/examples/heap/model_methods/CellTest_test.key.proof 
63994      DEBUG main            d.u.i.k.p.i.AbstractProblemLoader Environment load took 139.6ns 
63995      INFO  main            d.u.i.k.p.i.AbstractProblemLoader Creating init config 
66497      DEBUG main            d.u.i.k.p.i.AbstractProblemLoader Init config took 2.5s 
66546      INFO  main            d.u.i.k.p.i.AbstractProblemLoader Replaying proof CellTest[CellTest::test(Recell)].JML operation contract.0 
66964      DEBUG main            d.u.i.k.p.i.IntermediateProofReplayer Proof replay took 400.62ms 
66967      DEBUG main            d.u.i.k.p.r.p.TestFile    ... success: reloaded. 
66969      INFO  main            d.u.i.k.p.r.p.TestFile    Now processing file /home/runner/work/key/key/key.core/../key.ui/examples/heap/model_methods/Coll1_add.key 
66969      INFO  main            d.u.i.k.p.i.AbstractProblemLoader Loading environment from /home/runner/work/key/key/key.core/../key.ui/examples/heap/model_methods/Coll1_add.key 
66970      DEBUG main            d.u.i.k.p.i.AbstractProblemLoader Environment load took 698.22ns 
66971      INFO  main            d.u.i.k.p.i.AbstractProblemLoader Creating init config 
69572      DEBUG main            d.u.i.k.p.i.AbstractProblemLoader Init config took 2.6s 
69611      INFO  main            d.u.i.k.p.i.AbstractProblemLoader Replaying proof Coll1[Coll::add(int)].JML operation contract.0 
69613      DEBUG main            d.u.i.k.p.i.IntermediateProofReplayer Proof replay took 6.4ns 
69716      INFO  main            d.u.i.k.p.r.p.TestFile    ... finished proof: closed. 
69918      INFO  main            d.u.i.k.p.i.AbstractProblemLoader Loading environment from /home/runner/work/key/key/key.core/../key.ui/examples/heap/model_methods/Coll1_add.key.proof 
69919      DEBUG main            d.u.i.k.p.i.AbstractProblemLoader Environment load took 136.4ns 
69920      INFO  main            d.u.i.k.p.i.AbstractProblemLoader Creating init config 
72407      DEBUG main            d.u.i.k.p.i.AbstractProblemLoader Init config took 2.49s 
72450      INFO  main            d.u.i.k.p.i.AbstractProblemLoader Replaying proof Coll1[Coll::add(int)].JML operation contract.0 
72458      DEBUG main            d.u.i.k.p.i.IntermediateProofReplayer Proof replay took 6.52ms 
72459      DEBUG main            d.u.i.k.p.r.p.TestFile    ... success: reloaded. 
72460      INFO  main            d.u.i.k.p.r.p.TestFile    Now processing file /home/runner/work/key/key/key.core/../key.ui/examples/heap/model_methods/Coll1_Coll1_add_pre.key 
72460      INFO  main            d.u.i.k.p.i.AbstractProblemLoader Loading environment from /home/runner/work/key/key/key.core/../key.ui/examples/heap/model_methods/Coll1_Coll1_add_pre.key 
72460      DEBUG main            d.u.i.k.p.i.AbstractProblemLoader Environment load took 94.6ns 
72461      INFO  main            d.u.i.k.p.i.AbstractProblemLoader Creating init config 
75011      DEBUG main            d.u.i.k.p.i.AbstractProblemLoader Init config took 2.55s 
75054      INFO  main            d.u.i.k.p.i.AbstractProblemLoader Replaying proof Coll1[Coll1::add_pre(int)].JML model_behavior operation contract.0 
75058      DEBUG main            d.u.i.k.p.i.IntermediateProofReplayer Proof replay took 7.7ns 
75160      INFO  main            d.u.i.k.p.r.p.TestFile    ... finished proof: closed. 
75365      INFO  main            d.u.i.k.p.i.AbstractProblemLoader Loading environment from /home/runner/work/key/key/key.core/../key.ui/examples/heap/model_methods/Coll1_Coll1_add_pre.key.proof 
75366      DEBUG main            d.u.i.k.p.i.AbstractProblemLoader Environment load took 136.2ns 
75367      INFO  main            d.u.i.k.p.i.AbstractProblemLoader Creating init config 
77851      DEBUG main            d.u.i.k.p.i.AbstractProblemLoader Init config took 2.48s 
77902      INFO  main            d.u.i.k.p.i.AbstractProblemLoader Replaying proof Coll1[Coll1::add_pre(int)].JML model_behavior operation contract.0 
77906      DEBUG main            d.u.i.k.p.i.IntermediateProofReplayer Proof replay took 1.5ms 
77908      DEBUG main            d.u.i.k.p.r.p.TestFile    ... success: reloaded. 
77909      INFO  main            d.u.i.k.p.r.p.TestFile    Now processing file /home/runner/work/key/key/key.core/../key.ui/examples/heap/model_methods/Coll1_Coll_add_pre.key 
77909      INFO  main            d.u.i.k.p.i.AbstractProblemLoader Loading environment from /home/runner/work/key/key/key.core/../key.ui/examples/heap/model_methods/Coll1_Coll_add_pre.key 
77909      DEBUG main            d.u.i.k.p.i.AbstractProblemLoader Environment load took 135.3ns 
77910      INFO  main            d.u.i.k.p.i.AbstractProblemLoader Creating init config 
80465      DEBUG main            d.u.i.k.p.i.AbstractProblemLoader Init config took 2.55s 
80504      INFO  main            d.u.i.k.p.i.AbstractProblemLoader Replaying proof Coll1[Coll::add_pre(int)].JML model_behavior operation contract.0 
80505      DEBUG main            d.u.i.k.p.i.IntermediateProofReplayer Proof replay took 6.3ns 
80607      INFO  main            d.u.i.k.p.r.p.TestFile    ... finished proof: closed. 
80831      INFO  main            d.u.i.k.p.i.AbstractProblemLoader Loading environment from /home/runner/work/key/key/key.core/../key.ui/examples/heap/model_methods/Coll1_Coll_add_pre.key.proof 
80831      DEBUG main            d.u.i.k.p.i.AbstractProblemLoader Environment load took 135.6ns 
80832      INFO  main            d.u.i.k.p.i.AbstractProblemLoader Creating init config 
83302      DEBUG main            d.u.i.k.p.i.AbstractProblemLoader Init config took 2.47s 
83342      INFO  main            d.u.i.k.p.i.AbstractProblemLoader Replaying proof Coll1[Coll::add_pre(int)].JML model_behavior operation contract.0 
83346      DEBUG main            d.u.i.k.p.i.IntermediateProofReplayer Proof replay took 2.32ms 
83348      DEBUG main            d.u.i.k.p.r.p.TestFile    ... success: reloaded. 
83349      INFO  main            d.u.i.k.p.r.p.TestFile    Now processing file /home/runner/work/key/key/key.core/../key.ui/examples/heap/model_methods/Coll2_add.key 
83349      INFO  main            d.u.i.k.p.i.AbstractProblemLoader Loading environment from /home/runner/work/key/key/key.core/../key.ui/examples/heap/model_methods/Coll2_add.key 
83349      DEBUG main            d.u.i.k.p.i.AbstractProblemLoader Environment load took 174.6ns 
83350      INFO  main            d.u.i.k.p.i.AbstractProblemLoader Creating init config 
85916      DEBUG main            d.u.i.k.p.i.AbstractProblemLoader Init config took 2.57s 
85955      INFO  main            d.u.i.k.p.i.AbstractProblemLoader Replaying proof Coll2[Coll::add(int)].JML operation contract.0 
85957      DEBUG main            d.u.i.k.p.i.IntermediateProofReplayer Proof replay took 6.6ns 
86059      INFO  main            d.u.i.k.p.r.p.TestFile    ... finished proof: closed. 
86288      INFO  main            d.u.i.k.p.i.AbstractProblemLoader Loading environment from /home/runner/work/key/key/key.core/../key.ui/examples/heap/model_methods/Coll2_add.key.proof 
86288      DEBUG main            d.u.i.k.p.i.AbstractProblemLoader Environment load took 130.5ns 
86289      INFO  main            d.u.i.k.p.i.AbstractProblemLoader Creating init config 
88824      DEBUG main            d.u.i.k.p.i.AbstractProblemLoader Init config took 2.53s 
88871      INFO  main            d.u.i.k.p.i.AbstractProblemLoader Replaying proof Coll2[Coll::add(int)].JML operation contract.0 
88881      DEBUG main            d.u.i.k.p.i.IntermediateProofReplayer Proof replay took 7ms 
88882      DEBUG main            d.u.i.k.p.r.p.TestFile    ... success: reloaded. 
88884      INFO  main            d.u.i.k.p.r.p.TestFile    Now processing file /home/runner/work/key/key/key.core/../key.ui/examples/heap/model_methods/Coll2_Coll2_add_pre.key 
88884      INFO  main            d.u.i.k.p.i.AbstractProblemLoader Loading environment from /home/runner/work/key/key/key.core/../key.ui/examples/heap/model_methods/Coll2_Coll2_add_pre.key 
88884      DEBUG main            d.u.i.k.p.i.AbstractProblemLoader Environment load took 178.8ns 
88886      INFO  main            d.u.i.k.p.i.AbstractProblemLoader Creating init config 
91390      DEBUG main            d.u.i.k.p.i.AbstractProblemLoader Init config took 2.5s 
91428      INFO  main            d.u.i.k.p.i.AbstractProblemLoader Replaying proof Coll2[Coll2::add_pre(int)].JML model_behavior operation contract.0 
91430      DEBUG main            d.u.i.k.p.i.IntermediateProofReplayer Proof replay took 7.7ns 
91532      INFO  main            d.u.i.k.p.r.p.TestFile    ... finished proof: closed. 
91764      INFO  main            d.u.i.k.p.i.AbstractProblemLoader Loading environment from /home/runner/work/key/key/key.core/../key.ui/examples/heap/model_methods/Coll2_Coll2_add_pre.key.proof 
91764      DEBUG main            d.u.i.k.p.i.AbstractProblemLoader Environment load took 137.9ns 
91765      INFO  main            d.u.i.k.p.i.AbstractProblemLoader Creating init config 
94238      DEBUG main            d.u.i.k.p.i.AbstractProblemLoader Init config took 2.47s 
94291      INFO  main            d.u.i.k.p.i.AbstractProblemLoader Replaying proof Coll2[Coll2::add_pre(int)].JML model_behavior operation contract.0 
94295      DEBUG main            d.u.i.k.p.i.IntermediateProofReplayer Proof replay took 1.53ms 
94296      DEBUG main            d.u.i.k.p.r.p.TestFile    ... success: reloaded. 
94298      INFO  main            d.u.i.k.p.r.p.TestFile    Now processing file /home/runner/work/key/key/key.core/../key.ui/examples/heap/model_methods/Coll2_Coll_add_pre.key 
94298      INFO  main            d.u.i.k.p.i.AbstractProblemLoader Loading environment from /home/runner/work/key/key/key.core/../key.ui/examples/heap/model_methods/Coll2_Coll_add_pre.key 
94298      DEBUG main            d.u.i.k.p.i.AbstractProblemLoader Environment load took 110.7ns 
94300      INFO  main            d.u.i.k.p.i.AbstractProblemLoader Creating init config 
96883      DEBUG main            d.u.i.k.p.i.AbstractProblemLoader Init config took 2.58s 
96924      INFO  main            d.u.i.k.p.i.AbstractProblemLoader Replaying proof Coll2[Coll::add_pre(int)].JML model_behavior operation contract.0 
96928      DEBUG main            d.u.i.k.p.i.IntermediateProofReplayer Proof replay took 9.6ns 
97030      INFO  main            d.u.i.k.p.r.p.TestFile    ... finished proof: closed. 
97264      INFO  main            d.u.i.k.p.i.AbstractProblemLoader Loading environment from /home/runner/work/key/key/key.core/../key.ui/examples/heap/model_methods/Coll2_Coll_add_pre.key.proof 
97264      DEBUG main            d.u.i.k.p.i.AbstractProblemLoader Environment load took 139.8ns 
97265      INFO  main            d.u.i.k.p.i.AbstractProblemLoader Creating init config 
99730      DEBUG main            d.u.i.k.p.i.AbstractProblemLoader Init config took 2.47s 
99769      INFO  main            d.u.i.k.p.i.AbstractProblemLoader Replaying proof Coll2[Coll::add_pre(int)].JML model_behavior operation contract.0 
99773      DEBUG main            d.u.i.k.p.i.IntermediateProofReplayer Proof replay took 2ms 
99774      DEBUG main            d.u.i.k.p.r.p.TestFile    ... success: reloaded. 
99775      INFO  main            d.u.i.k.p.r.p.TestFile    Now processing file /home/runner/work/key/key/key.core/../key.ui/examples/heap/model_methods/Coll_add.key 
99775      INFO  main            d.u.i.k.p.i.AbstractProblemLoader Loading environment from /home/runner/work/key/key/key.core/../key.ui/examples/heap/model_methods/Coll_add.key 
99775      DEBUG main            d.u.i.k.p.i.AbstractProblemLoader Environment load took 101.2ns 
99776      INFO  main            d.u.i.k.p.i.AbstractProblemLoader Creating init config 
102290     DEBUG main            d.u.i.k.p.i.AbstractProblemLoader Init config took 2.51s 
102330     INFO  main            d.u.i.k.p.i.AbstractProblemLoader Replaying proof Coll[Coll::add(int)].JML operation contract.0 
102332     DEBUG main            d.u.i.k.p.i.IntermediateProofReplayer Proof replay took 8.1ns 
102436     INFO  main            d.u.i.k.p.r.p.TestFile    ... finished proof: closed. 
102683     INFO  main            d.u.i.k.p.i.AbstractProblemLoader Loading environment from /home/runner/work/key/key/key.core/../key.ui/examples/heap/model_methods/Coll_add.key.proof 
102683     DEBUG main            d.u.i.k.p.i.AbstractProblemLoader Environment load took 129.5ns 
102684     INFO  main            d.u.i.k.p.i.AbstractProblemLoader Creating init config 
105150     DEBUG main            d.u.i.k.p.i.AbstractProblemLoader Init config took 2.47s 
105191     INFO  main            d.u.i.k.p.i.AbstractProblemLoader Replaying proof Coll[Coll::add(int)].JML operation contract.0 
105194     DEBUG main            d.u.i.k.p.i.IntermediateProofReplayer Proof replay took 1.97ms 
105195     DEBUG main            d.u.i.k.p.r.p.TestFile    ... success: reloaded. 
105196     INFO  main            d.u.i.k.p.r.p.TestFile    Now processing file /home/runner/work/key/key/key.core/../key.ui/examples/heap/model_methods/Coll_add_pre.key 
105196     INFO  main            d.u.i.k.p.i.AbstractProblemLoader Loading environment from /home/runner/work/key/key/key.core/../key.ui/examples/heap/model_methods/Coll_add_pre.key 
105197     DEBUG main            d.u.i.k.p.i.AbstractProblemLoader Environment load took 94.3ns 
105198     INFO  main            d.u.i.k.p.i.AbstractProblemLoader Creating init config 
107734     DEBUG main            d.u.i.k.p.i.AbstractProblemLoader Init config took 2.54s 
107791     INFO  main            d.u.i.k.p.i.AbstractProblemLoader Replaying proof Coll[Coll::add_pre(int)].JML model_behavior operation contract.0 
107793     DEBUG main            d.u.i.k.p.i.IntermediateProofReplayer Proof replay took 5.8ns 
107895     INFO  main            d.u.i.k.p.r.p.TestFile    ... finished proof: closed. 
108136     INFO  main            d.u.i.k.p.i.AbstractProblemLoader Loading environment from /home/runner/work/key/key/key.core/../key.ui/examples/heap/model_methods/Coll_add_pre.key.proof 
108136     DEBUG main            d.u.i.k.p.i.AbstractProblemLoader Environment load took 167.8ns 
108137     INFO  main            d.u.i.k.p.i.AbstractProblemLoader Creating init config 
110597     DEBUG main            d.u.i.k.p.i.AbstractProblemLoader Init config took 2.46s 
110643     INFO  main            d.u.i.k.p.i.AbstractProblemLoader Replaying proof Coll[Coll::add_pre(int)].JML model_behavior operation contract.0 
110648     DEBUG main            d.u.i.k.p.i.IntermediateProofReplayer Proof replay took 2.37ms 
110649     DEBUG main            d.u.i.k.p.r.p.TestFile    ... success: reloaded. 
110650     INFO  main            d.u.i.k.p.r.p.TestFile    Now processing file /home/runner/work/key/key/key.core/../key.ui/examples/heap/model_methods/Indirect_callAdd.key 
110651     INFO  main            d.u.i.k.p.i.AbstractProblemLoader Loading environment from /home/runner/work/key/key/key.core/../key.ui/examples/heap/model_methods/Indirect_callAdd.key 
110651     DEBUG main            d.u.i.k.p.i.AbstractProblemLoader Environment load took 186.21ns 
110652     INFO  main            d.u.i.k.p.i.AbstractProblemLoader Creating init config 
113181     DEBUG main            d.u.i.k.p.i.AbstractProblemLoader Init config took 2.53s 
113219     INFO  main            d.u.i.k.p.i.AbstractProblemLoader Replaying proof Indirect[Indirect::callAdd(Coll,int)].JML operation contract.0 
113222     DEBUG main            d.u.i.k.p.i.IntermediateProofReplayer Proof replay took 7ns 
113324     INFO  main            d.u.i.k.p.r.p.TestFile    ... finished proof: closed. 
113581     INFO  main            d.u.i.k.p.i.AbstractProblemLoader Loading environment from /home/runner/work/key/key/key.core/../key.ui/examples/heap/model_methods/Indirect_callAdd.key.proof 
113581     DEBUG main            d.u.i.k.p.i.AbstractProblemLoader Environment load took 122.4ns 
113582     INFO  main            d.u.i.k.p.i.AbstractProblemLoader Creating init config 
116016     DEBUG main            d.u.i.k.p.i.AbstractProblemLoader Init config took 2.43s 
116054     INFO  main            d.u.i.k.p.i.AbstractProblemLoader Replaying proof Indirect[Indirect::callAdd(Coll,int)].JML operation contract.0 
116077     DEBUG main            d.u.i.k.p.i.IntermediateProofReplayer Proof replay took 20.55ms 
116078     DEBUG main            d.u.i.k.p.r.p.TestFile    ... success: reloaded. 
116079     INFO  main            d.u.i.k.p.r.p.TestFile    Now processing file /home/runner/work/key/key/key.core/../key.ui/examples/heap/model_methods/Indirect_test.key 
116079     INFO  main            d.u.i.k.p.i.AbstractProblemLoader Loading environment from /home/runner/work/key/key/key.core/../key.ui/examples/heap/model_methods/Indirect_test.key 
116079     DEBUG main            d.u.i.k.p.i.AbstractProblemLoader Environment load took 85.8ns 
116080     INFO  main            d.u.i.k.p.i.AbstractProblemLoader Creating init config 
118603     DEBUG main            d.u.i.k.p.i.AbstractProblemLoader Init config took 2.52s 
118665     INFO  main            d.u.i.k.p.i.AbstractProblemLoader Replaying proof Indirect[Indirect::test(Coll1,Coll2)].JML operation contract.0 
118667     DEBUG main            d.u.i.k.p.i.IntermediateProofReplayer Proof replay took 7.8ns 
118869     INFO  main            d.u.i.k.p.r.p.TestFile    ... finished proof: closed. 
119176     INFO  main            d.u.i.k.p.i.AbstractProblemLoader Loading environment from /home/runner/work/key/key/key.core/../key.ui/examples/heap/model_methods/Indirect_test.key.proof 
119176     DEBUG main            d.u.i.k.p.i.AbstractProblemLoader Environment load took 419.61ns 
119178     INFO  main            d.u.i.k.p.i.AbstractProblemLoader Creating init config 
121615     DEBUG main            d.u.i.k.p.i.AbstractProblemLoader Init config took 2.44s 
121653     INFO  main            d.u.i.k.p.i.AbstractProblemLoader Replaying proof Indirect[Indirect::test(Coll1,Coll2)].JML operation contract.0 
121705     DEBUG main            d.u.i.k.p.i.IntermediateProofReplayer Proof replay took 49.83ms 
121707     DEBUG main            d.u.i.k.p.r.p.TestFile    ... success: reloaded. 
121709     INFO  main            d.u.i.k.p.r.p.TestFile    Now processing file /home/runner/work/key/key/key.core/../key.ui/examples/heap/model_methods/Recell_Cell_footprint.key 
121709     INFO  main            d.u.i.k.p.i.AbstractProblemLoader Loading environment from /home/runner/work/key/key/key.core/../key.ui/examples/heap/model_methods/Recell_Cell_footprint.key 
121709     DEBUG main            d.u.i.k.p.i.AbstractProblemLoader Environment load took 175.91ns 
121710     INFO  main            d.u.i.k.p.i.AbstractProblemLoader Creating init config 
124251     DEBUG main            d.u.i.k.p.i.AbstractProblemLoader Init config took 2.54s 
124288     INFO  main            d.u.i.k.p.i.AbstractProblemLoader Replaying proof Recell[Cell::footprint()].JML model_behavior operation contract.0 
124290     DEBUG main            d.u.i.k.p.i.IntermediateProofReplayer Proof replay took 7.7ns 
124396     INFO  main            d.u.i.k.p.r.p.TestFile    ... finished proof: closed. 
124698     INFO  main            d.u.i.k.p.i.AbstractProblemLoader Loading environment from /home/runner/work/key/key/key.core/../key.ui/examples/heap/model_methods/Recell_Cell_footprint.key.proof 
124698     DEBUG main            d.u.i.k.p.i.AbstractProblemLoader Environment load took 126.9ns 
124699     INFO  main            d.u.i.k.p.i.AbstractProblemLoader Creating init config 
127160     DEBUG main            d.u.i.k.p.i.AbstractProblemLoader Init config took 2.46s 
127197     INFO  main            d.u.i.k.p.i.AbstractProblemLoader Replaying proof Recell[Cell::footprint()].JML model_behavior operation contract.0 
127201     DEBUG main            d.u.i.k.p.i.IntermediateProofReplayer Proof replay took 2.59ms 
127202     DEBUG main            d.u.i.k.p.r.p.TestFile    ... success: reloaded. 
127203     INFO  main            d.u.i.k.p.r.p.TestFile    Now processing file /home/runner/work/key/key/key.core/../key.ui/examples/heap/model_methods/Recell_Cell_post_set.key 
127203     INFO  main            d.u.i.k.p.i.AbstractProblemLoader Loading environment from /home/runner/work/key/key/key.core/../key.ui/examples/heap/model_methods/Recell_Cell_post_set.key 
127204     DEBUG main            d.u.i.k.p.i.AbstractProblemLoader Environment load took 114.8ns 
127205     INFO  main            d.u.i.k.p.i.AbstractProblemLoader Creating init config 
129714     DEBUG main            d.u.i.k.p.i.AbstractProblemLoader Init config took 2.51s 
129752     INFO  main            d.u.i.k.p.i.AbstractProblemLoader Replaying proof Recell[Cell::post_set(int)].JML model_behavior operation contract.0 
129753     DEBUG main            d.u.i.k.p.i.IntermediateProofReplayer Proof replay took 7.6ns 
129855     INFO  main            d.u.i.k.p.r.p.TestFile    ... finished proof: closed. 
130116     INFO  main            d.u.i.k.p.i.AbstractProblemLoader Loading environment from /home/runner/work/key/key/key.core/../key.ui/examples/heap/model_methods/Recell_Cell_post_set.key.proof 
130116     DEBUG main            d.u.i.k.p.i.AbstractProblemLoader Environment load took 127.4ns 
130117     INFO  main            d.u.i.k.p.i.AbstractProblemLoader Creating init config 
132541     DEBUG main            d.u.i.k.p.i.AbstractProblemLoader Init config took 2.42s 
132581     INFO  main            d.u.i.k.p.i.AbstractProblemLoader Replaying proof Recell[Cell::post_set(int)].JML model_behavior operation contract.0 
132586     DEBUG main            d.u.i.k.p.i.IntermediateProofReplayer Proof replay took 3.33ms 
132586     DEBUG main            d.u.i.k.p.r.p.TestFile    ... success: reloaded. 
132587     INFO  main            d.u.i.k.p.r.p.TestFile    Now processing file /home/runner/work/key/key/key.core/../key.ui/examples/heap/model_methods/Recell_footprint_acc.key 
132588     INFO  main            d.u.i.k.p.i.AbstractProblemLoader Loading environment from /home/runner/work/key/key/key.core/../key.ui/examples/heap/model_methods/Recell_footprint_acc.key 
132588     DEBUG main            d.u.i.k.p.i.AbstractProblemLoader Environment load took 88.7ns 
132589     INFO  main            d.u.i.k.p.i.AbstractProblemLoader Creating init config 
135112     DEBUG main            d.u.i.k.p.i.AbstractProblemLoader Init config took 2.52s 
135153     INFO  main            d.u.i.k.p.i.AbstractProblemLoader Replaying proof Recell[Cell::footprint()].JML accessible clause.0 
135154     DEBUG main            d.u.i.k.p.i.IntermediateProofReplayer Proof replay took 6.9ns 
135257     INFO  main            d.u.i.k.p.r.p.TestFile    ... finished proof: closed. 
135613     INFO  main            d.u.i.k.p.i.AbstractProblemLoader Loading environment from /home/runner/work/key/key/key.core/../key.ui/examples/heap/model_methods/Recell_footprint_acc.key.proof 
135614     DEBUG main            d.u.i.k.p.i.AbstractProblemLoader Environment load took 126.2ns 
135615     INFO  main            d.u.i.k.p.i.AbstractProblemLoader Creating init config 
138049     DEBUG main            d.u.i.k.p.i.AbstractProblemLoader Init config took 2.43s 
138085     INFO  main            d.u.i.k.p.i.AbstractProblemLoader Replaying proof Recell[Cell::footprint()].JML accessible clause.0 
138104     DEBUG main            d.u.i.k.p.i.IntermediateProofReplayer Proof replay took 15.67ms 
138105     DEBUG main            d.u.i.k.p.r.p.TestFile    ... success: reloaded. 
138106     INFO  main            d.u.i.k.p.r.p.TestFile    Now processing file /home/runner/work/key/key/key.core/../key.ui/examples/heap/model_methods/Recell_get_acc.key 
138106     INFO  main            d.u.i.k.p.i.AbstractProblemLoader Loading environment from /home/runner/work/key/key/key.core/../key.ui/examples/heap/model_methods/Recell_get_acc.key 
138106     DEBUG main            d.u.i.k.p.i.AbstractProblemLoader Environment load took 89.6ns 
138107     INFO  main            d.u.i.k.p.i.AbstractProblemLoader Creating init config 
140611     DEBUG main            d.u.i.k.p.i.AbstractProblemLoader Init config took 2.5s 
140647     INFO  main            d.u.i.k.p.i.AbstractProblemLoader Replaying proof Recell[Cell::get()].JML accessible clause.0 
140649     DEBUG main            d.u.i.k.p.i.IntermediateProofReplayer Proof replay took 7.7ns 
140751     INFO  main            d.u.i.k.p.r.p.TestFile    ... finished proof: closed. 
141040     INFO  main            d.u.i.k.p.i.AbstractProblemLoader Loading environment from /home/runner/work/key/key/key.core/../key.ui/examples/heap/model_methods/Recell_get_acc.key.proof 
141041     DEBUG main            d.u.i.k.p.i.AbstractProblemLoader Environment load took 118.6ns 
141041     INFO  main            d.u.i.k.p.i.AbstractProblemLoader Creating init config 
143499     DEBUG main            d.u.i.k.p.i.AbstractProblemLoader Init config took 2.46s 
143536     INFO  main            d.u.i.k.p.i.AbstractProblemLoader Replaying proof Recell[Cell::get()].JML accessible clause.0 
143552     DEBUG main            d.u.i.k.p.i.IntermediateProofReplayer Proof replay took 13.83ms 
143553     DEBUG main            d.u.i.k.p.r.p.TestFile    ... success: reloaded. 
143554     INFO  main            d.u.i.k.p.r.p.TestFile    Now processing file /home/runner/work/key/key/key.core/../key.ui/examples/heap/model_methods/Recell_get.key 
143555     INFO  main            d.u.i.k.p.i.AbstractProblemLoader Loading environment from /home/runner/work/key/key/key.core/../key.ui/examples/heap/model_methods/Recell_get.key 
143555     DEBUG main            d.u.i.k.p.i.AbstractProblemLoader Environment load took 86.8ns 
143556     INFO  main            d.u.i.k.p.i.AbstractProblemLoader Creating init config 
146078     DEBUG main            d.u.i.k.p.i.AbstractProblemLoader Init config took 2.52s 
146118     INFO  main            d.u.i.k.p.i.AbstractProblemLoader Replaying proof Recell[Cell::get()].JML operation contract.0 
146120     DEBUG main            d.u.i.k.p.i.IntermediateProofReplayer Proof replay took 7.3ns 
146222     INFO  main            d.u.i.k.p.r.p.TestFile    ... finished proof: closed. 
146543     INFO  main            d.u.i.k.p.i.AbstractProblemLoader Loading environment from /home/runner/work/key/key/key.core/../key.ui/examples/heap/model_methods/Recell_get.key.proof 
146543     DEBUG main            d.u.i.k.p.i.AbstractProblemLoader Environment load took 138.3ns 
146544     INFO  main            d.u.i.k.p.i.AbstractProblemLoader Creating init config 
148974     DEBUG main            d.u.i.k.p.i.AbstractProblemLoader Init config took 2.43s 
149011     INFO  main            d.u.i.k.p.i.AbstractProblemLoader Replaying proof Recell[Cell::get()].JML operation contract.0 
149020     DEBUG main            d.u.i.k.p.i.IntermediateProofReplayer Proof replay took 7.04ms 
149021     DEBUG main            d.u.i.k.p.r.p.TestFile    ... success: reloaded. 
149022     INFO  main            d.u.i.k.p.r.p.TestFile    Now processing file /home/runner/work/key/key/key.core/../key.ui/examples/heap/model_methods/Recell_Recell_footprint.key 
149023     INFO  main            d.u.i.k.p.i.AbstractProblemLoader Loading environment from /home/runner/work/key/key/key.core/../key.ui/examples/heap/model_methods/Recell_Recell_footprint.key 
149023     DEBUG main            d.u.i.k.p.i.AbstractProblemLoader Environment load took 165.2ns 
149024     INFO  main            d.u.i.k.p.i.AbstractProblemLoader Creating init config 
151551     DEBUG main            d.u.i.k.p.i.AbstractProblemLoader Init config took 2.53s 
151593     INFO  main            d.u.i.k.p.i.AbstractProblemLoader Replaying proof Recell[Recell::footprint()].JML model_behavior operation contract.0 
151595     DEBUG main            d.u.i.k.p.i.IntermediateProofReplayer Proof replay took 7ns 
151697     INFO  main            d.u.i.k.p.r.p.TestFile    ... finished proof: closed. 
152018     INFO  main            d.u.i.k.p.i.AbstractProblemLoader Loading environment from /home/runner/work/key/key/key.core/../key.ui/examples/heap/model_methods/Recell_Recell_footprint.key.proof 
152018     DEBUG main            d.u.i.k.p.i.AbstractProblemLoader Environment load took 125.9ns 
152020     INFO  main            d.u.i.k.p.i.AbstractProblemLoader Creating init config 
154448     DEBUG main            d.u.i.k.p.i.AbstractProblemLoader Init config took 2.43s 
154485     INFO  main            d.u.i.k.p.i.AbstractProblemLoader Replaying proof Recell[Recell::footprint()].JML model_behavior operation contract.0 
154488     DEBUG main            d.u.i.k.p.i.IntermediateProofReplayer Proof replay took 1.31ms 
154489     DEBUG main            d.u.i.k.p.r.p.TestFile    ... success: reloaded. 
154490     INFO  main            d.u.i.k.p.r.p.TestFile    Now processing file /home/runner/work/key/key/key.core/../key.ui/examples/heap/model_methods/Recell_Recell_post_set.key 
154490     INFO  main            d.u.i.k.p.i.AbstractProblemLoader Loading environment from /home/runner/work/key/key/key.core/../key.ui/examples/heap/model_methods/Recell_Recell_post_set.key 
154490     DEBUG main            d.u.i.k.p.i.AbstractProblemLoader Environment load took 281.21ns 
154491     INFO  main            d.u.i.k.p.i.AbstractProblemLoader Creating init config 
156973     DEBUG main            d.u.i.k.p.i.AbstractProblemLoader Init config took 2.48s 
157013     INFO  main            d.u.i.k.p.i.AbstractProblemLoader Replaying proof Recell[Recell::post_set(int)].JML model_behavior operation contract.0 
157015     DEBUG main            d.u.i.k.p.i.IntermediateProofReplayer Proof replay took 9.6ns 
157116     INFO  main            d.u.i.k.p.r.p.TestFile    ... finished proof: closed. 
157417     INFO  main            d.u.i.k.p.i.AbstractProblemLoader Loading environment from /home/runner/work/key/key/key.core/../key.ui/examples/heap/model_methods/Recell_Recell_post_set.key.proof 
157418     DEBUG main            d.u.i.k.p.i.AbstractProblemLoader Environment load took 116ns 
157419     INFO  main            d.u.i.k.p.i.AbstractProblemLoader Creating init config 
159843     DEBUG main            d.u.i.k.p.i.AbstractProblemLoader Init config took 2.42s 
159880     INFO  main            d.u.i.k.p.i.AbstractProblemLoader Replaying proof Recell[Recell::post_set(int)].JML model_behavior operation contract.0 
159884     DEBUG main            d.u.i.k.p.i.IntermediateProofReplayer Proof replay took 2.14ms 
159885     DEBUG main            d.u.i.k.p.r.p.TestFile    ... success: reloaded. 
159886     INFO  main            d.u.i.k.p.r.p.TestFile    Now processing file /home/runner/work/key/key/key.core/../key.ui/examples/heap/model_methods/Recell_set.key 
159886     INFO  main            d.u.i.k.p.i.AbstractProblemLoader Loading environment from /home/runner/work/key/key/key.core/../key.ui/examples/heap/model_methods/Recell_set.key 
159886     DEBUG main            d.u.i.k.p.i.AbstractProblemLoader Environment load took 82.8ns 
159887     INFO  main            d.u.i.k.p.i.AbstractProblemLoader Creating init config 
162368     DEBUG main            d.u.i.k.p.i.AbstractProblemLoader Init config took 2.48s 
162404     INFO  main            d.u.i.k.p.i.AbstractProblemLoader Replaying proof Recell[Cell::set(int)].JML operation contract.0 
162406     DEBUG main            d.u.i.k.p.i.IntermediateProofReplayer Proof replay took 8.1ns 
168876     INFO  main            d.u.i.k.p.r.p.TestFile    ... finished proof: closed. 
169231     INFO  main            d.u.i.k.p.i.AbstractProblemLoader Loading environment from /home/runner/work/key/key/key.core/../key.ui/examples/heap/model_methods/Recell_set.key.proof 
169231     DEBUG main            d.u.i.k.p.i.AbstractProblemLoader Environment load took 420.51ns 
169233     INFO  main            d.u.i.k.p.i.AbstractProblemLoader Creating init config 
171658     DEBUG main            d.u.i.k.p.i.AbstractProblemLoader Init config took 2.42s 
171697     INFO  main            d.u.i.k.p.i.AbstractProblemLoader Replaying proof Recell[Cell::set(int)].JML operation contract.0 
172082     DEBUG main            d.u.i.k.p.i.IntermediateProofReplayer Proof replay took 366.48ms 
172084     DEBUG main            d.u.i.k.p.r.p.TestFile    ... success: reloaded. 
172084     INFO  main            d.u.i.k.p.r.p.TestFile    Now processing file /home/runner/work/key/key/key.core/../key.ui/examples/heap/model_methods/Recell_undo.key 
172085     INFO  main            d.u.i.k.p.i.AbstractProblemLoader Loading environment from /home/runner/work/key/key/key.core/../key.ui/examples/heap/model_methods/Recell_undo.key 
172085     DEBUG main            d.u.i.k.p.i.AbstractProblemLoader Environment load took 126ns 
172086     INFO  main            d.u.i.k.p.i.AbstractProblemLoader Creating init config 
174592     DEBUG main            d.u.i.k.p.i.AbstractProblemLoader Init config took 2.51s 
174629     INFO  main            d.u.i.k.p.i.AbstractProblemLoader Replaying proof Recell[Recell::undo()].JML operation contract.0 
174631     DEBUG main            d.u.i.k.p.i.IntermediateProofReplayer Proof replay took 7.5ns 
174736     INFO  main            d.u.i.k.p.r.p.TestFile    ... finished proof: closed. 
175056     INFO  main            d.u.i.k.p.i.AbstractProblemLoader Loading environment from /home/runner/work/key/key/key.core/../key.ui/examples/heap/model_methods/Recell_undo.key.proof 
175056     DEBUG main            d.u.i.k.p.i.AbstractProblemLoader Environment load took 120.2ns 
175057     INFO  main            d.u.i.k.p.i.AbstractProblemLoader Creating init config 
177467     DEBUG main            d.u.i.k.p.i.AbstractProblemLoader Init config took 2.41s 
177504     INFO  main            d.u.i.k.p.i.AbstractProblemLoader Replaying proof Recell[Recell::undo()].JML operation contract.0 
177531     DEBUG main            d.u.i.k.p.i.IntermediateProofReplayer Proof replay took 24.58ms 
177532     DEBUG main            d.u.i.k.p.r.p.TestFile    ... success: reloaded. 
4186252    INFO  Test worker     d.u.i.k.p.r.RunAllProofsTestUnit Returning from test modelMethods 
4186253    INFO  Test worker     d.u.i.k.p.r.RunAllProofsTestUnit Running test permissionHeap 
390        INFO  Timeout watchdog d.u.i.k.p.r.p.ForkedTestFileRunner Timeout watcher launched (2000 secs.) 
401        WARN  main            d.u.i.k.s.ProofSettings   The settings in /home/runner/.key/proof-settings.props are *not* read. 
436        INFO  main            d.u.i.k.p.r.p.TestFile    Now processing file /home/runner/work/key/key/key.core/../key.ui/examples/heap/permissions/permissions_method0.key 
548        INFO  main            d.u.i.k.p.i.AbstractProblemLoader Loading environment from /home/runner/work/key/key/key.core/../key.ui/examples/heap/permissions/permissions_method0.key 
577        DEBUG main            d.u.i.k.p.i.AbstractProblemLoader Environment load took 2.3ms 
831        INFO  main            d.u.i.k.p.i.AbstractProblemLoader Creating init config 
1811       DEBUG main            d.u.i.k.j.TypeConverter   No LDT found for Meta 
1812       DEBUG main            d.u.i.k.j.TypeConverter   No LDT found for Meta 
1815       DEBUG main            d.u.i.k.j.TypeConverter   No LDT found for Meta 
1815       DEBUG main            d.u.i.k.j.TypeConverter   No LDT found for Meta 
3098       DEBUG main            d.u.i.k.j.TypeConverter   No LDT found for JavaBigintExpression 
8070       DEBUG main            d.u.i.k.p.i.AbstractProblemLoader Init config took 7.24s 
8217       INFO  main            d.u.i.k.p.i.AbstractProblemLoader Replaying proof MyClass[MyClass::method0()].JML normal_behavior operation contract.0 
8252       DEBUG main            d.u.i.k.p.i.IntermediateProofReplayer Proof replay took 36.5ns 
9283       INFO  main            d.u.i.k.p.r.p.TestFile    ... finished proof: closed. 
9419       INFO  main            d.u.i.k.p.i.AbstractProblemLoader Loading environment from /home/runner/work/key/key/key.core/../key.ui/examples/heap/permissions/permissions_method0.key.proof 
9420       DEBUG main            d.u.i.k.p.i.AbstractProblemLoader Environment load took 168.6ns 
9423       INFO  main            d.u.i.k.p.i.AbstractProblemLoader Creating init config 
12333      DEBUG main            d.u.i.k.p.i.AbstractProblemLoader Init config took 2.91s 
12399      INFO  main            d.u.i.k.p.i.AbstractProblemLoader Replaying proof MyClass[MyClass::method0()].JML normal_behavior operation contract.0 
12502      DEBUG main            d.u.i.k.p.i.IntermediateProofReplayer Proof replay took 97.55ms 
12510      DEBUG main            d.u.i.k.p.r.p.TestFile    ... success: reloaded. 
12512      INFO  main            d.u.i.k.p.r.p.TestFile    Now processing file /home/runner/work/key/key/key.core/../key.ui/examples/heap/permissions/permissions_method1.key 
12512      INFO  main            d.u.i.k.p.i.AbstractProblemLoader Loading environment from /home/runner/work/key/key/key.core/../key.ui/examples/heap/permissions/permissions_method1.key 
12513      DEBUG main            d.u.i.k.p.i.AbstractProblemLoader Environment load took 224.31ns 
12515      INFO  main            d.u.i.k.p.i.AbstractProblemLoader Creating init config 
15244      DEBUG main            d.u.i.k.p.i.AbstractProblemLoader Init config took 2.73s 
15307      INFO  main            d.u.i.k.p.i.AbstractProblemLoader Replaying proof MyClass[MyClass::method1()].JML normal_behavior operation contract.0 
15310      DEBUG main            d.u.i.k.p.i.IntermediateProofReplayer Proof replay took 7.3ns 
15714      INFO  main            d.u.i.k.p.r.p.TestFile    ... finished proof: closed. 
15889      INFO  main            d.u.i.k.p.i.AbstractProblemLoader Loading environment from /home/runner/work/key/key/key.core/../key.ui/examples/heap/permissions/permissions_method1.key.proof 
15892      DEBUG main            d.u.i.k.p.i.AbstractProblemLoader Environment load took 3.15ms 
15895      INFO  main            d.u.i.k.p.i.AbstractProblemLoader Creating init config 
18545      DEBUG main            d.u.i.k.p.i.AbstractProblemLoader Init config took 2.65s 
18609      INFO  main            d.u.i.k.p.i.AbstractProblemLoader Replaying proof MyClass[MyClass::method1()].JML normal_behavior operation contract.0 
18670      DEBUG main            d.u.i.k.p.i.IntermediateProofReplayer Proof replay took 56.54ms 
18671      DEBUG main            d.u.i.k.p.r.p.TestFile    ... success: reloaded. 
18672      INFO  main            d.u.i.k.p.r.p.TestFile    Now processing file /home/runner/work/key/key/key.core/../key.ui/examples/heap/permissions/permissions_method3.key 
18673      INFO  main            d.u.i.k.p.i.AbstractProblemLoader Loading environment from /home/runner/work/key/key/key.core/../key.ui/examples/heap/permissions/permissions_method3.key 
18673      DEBUG main            d.u.i.k.p.i.AbstractProblemLoader Environment load took 193.41ns 
18675      INFO  main            d.u.i.k.p.i.AbstractProblemLoader Creating init config 
21416      DEBUG main            d.u.i.k.p.i.AbstractProblemLoader Init config took 2.74s 
21467      INFO  main            d.u.i.k.p.i.AbstractProblemLoader Replaying proof MyClass[MyClass::method3()].JML normal_behavior operation contract.0 
21470      DEBUG main            d.u.i.k.p.i.IntermediateProofReplayer Proof replay took 9.2ns 
22978      INFO  main            d.u.i.k.p.r.p.TestFile    ... finished proof: closed. 
23144      INFO  main            d.u.i.k.p.i.AbstractProblemLoader Loading environment from /home/runner/work/key/key/key.core/../key.ui/examples/heap/permissions/permissions_method3.key.proof 
23148      DEBUG main            d.u.i.k.p.i.AbstractProblemLoader Environment load took 3.71ms 
23149      INFO  main            d.u.i.k.p.i.AbstractProblemLoader Creating init config 
25748      DEBUG main            d.u.i.k.p.i.AbstractProblemLoader Init config took 2.6s 
25795      INFO  main            d.u.i.k.p.i.AbstractProblemLoader Replaying proof MyClass[MyClass::method3()].JML normal_behavior operation contract.0 
25967      DEBUG main            d.u.i.k.p.i.IntermediateProofReplayer Proof replay took 163.4ms 
25968      DEBUG main            d.u.i.k.p.r.p.TestFile    ... success: reloaded. 
25970      INFO  main            d.u.i.k.p.r.p.TestFile    Now processing file /home/runner/work/key/key/key.core/../key.ui/examples/heap/permissions/permissions_setAB.key 
25970      INFO  main            d.u.i.k.p.i.AbstractProblemLoader Loading environment from /home/runner/work/key/key/key.core/../key.ui/examples/heap/permissions/permissions_setAB.key 
25970      DEBUG main            d.u.i.k.p.i.AbstractProblemLoader Environment load took 186.6ns 
25971      INFO  main            d.u.i.k.p.i.AbstractProblemLoader Creating init config 
28629      DEBUG main            d.u.i.k.p.i.AbstractProblemLoader Init config took 2.66s 
28718      INFO  main            d.u.i.k.p.i.AbstractProblemLoader Replaying proof MyClass[MyClass::setAB()].JML normal_behavior operation contract.0 
28720      DEBUG main            d.u.i.k.p.i.IntermediateProofReplayer Proof replay took 7.7ns 
30251      INFO  main            d.u.i.k.p.r.p.TestFile    ... finished proof: closed. 
30435      INFO  main            d.u.i.k.p.i.AbstractProblemLoader Loading environment from /home/runner/work/key/key/key.core/../key.ui/examples/heap/permissions/permissions_setAB.key.proof 
30435      DEBUG main            d.u.i.k.p.i.AbstractProblemLoader Environment load took 221.61ns 
30436      INFO  main            d.u.i.k.p.i.AbstractProblemLoader Creating init config 
33061      DEBUG main            d.u.i.k.p.i.AbstractProblemLoader Init config took 2.62s 
33106      INFO  main            d.u.i.k.p.i.AbstractProblemLoader Replaying proof MyClass[MyClass::setAB()].JML normal_behavior operation contract.0 
33264      DEBUG main            d.u.i.k.p.i.IntermediateProofReplayer Proof replay took 152.25ms 
33266      DEBUG main            d.u.i.k.p.r.p.TestFile    ... success: reloaded. 
33267      INFO  main            d.u.i.k.p.r.p.TestFile    Now processing file /home/runner/work/key/key/key.core/../key.ui/examples/heap/permissions/permissionProperties.key 
33268      INFO  main            d.u.i.k.p.i.AbstractProblemLoader Loading environment from /home/runner/work/key/key/key.core/../key.ui/examples/heap/permissions/permissionProperties.key 
33268      DEBUG main            d.u.i.k.p.i.AbstractProblemLoader Environment load took 215ns 
33270      INFO  main            d.u.i.k.p.i.AbstractProblemLoader Creating init config 
33422      DEBUG main            d.u.i.k.j.TypeConverter   No LDT found for Meta 
33422      DEBUG main            d.u.i.k.j.TypeConverter   No LDT found for Meta 
33423      DEBUG main            d.u.i.k.j.TypeConverter   No LDT found for Meta 
33423      DEBUG main            d.u.i.k.j.TypeConverter   No LDT found for Meta 
34149      DEBUG main            d.u.i.k.j.TypeConverter   No LDT found for JavaBigintExpression 
36930      DEBUG main            d.u.i.k.p.i.AbstractProblemLoader Init config took 3.66s 
36952      INFO  main            d.u.i.k.p.i.AbstractProblemLoader Replaying proof permissionProperties.key 
36954      DEBUG main            d.u.i.k.p.i.IntermediateProofReplayer Proof replay took 10.3ns 
37057      INFO  main            d.u.i.k.p.r.p.TestFile    ... finished proof: closed. 
37233      INFO  main            d.u.i.k.p.i.AbstractProblemLoader Loading environment from /home/runner/work/key/key/key.core/../key.ui/examples/heap/permissions/permissionProperties.key.proof 
37234      DEBUG main            d.u.i.k.p.i.AbstractProblemLoader Environment load took 605.91ns 
37235      INFO  main            d.u.i.k.p.i.AbstractProblemLoader Creating init config 
39657      DEBUG main            d.u.i.k.p.i.AbstractProblemLoader Init config took 2.42s 
39678      INFO  main            d.u.i.k.p.i.AbstractProblemLoader Replaying proof permissionProperties.key.proof 
39693      DEBUG main            d.u.i.k.p.i.IntermediateProofReplayer Proof replay took 12.64ms 
39695      DEBUG main            d.u.i.k.p.r.p.TestFile    ... success: reloaded. 
39696      INFO  main            d.u.i.k.p.r.p.TestFile    Now processing file /home/runner/work/key/key/key.core/../key.ui/examples/heap/permissions/threads/AFilter_AFilter.key 
39697      INFO  main            d.u.i.k.p.i.AbstractProblemLoader Loading environment from /home/runner/work/key/key/key.core/../key.ui/examples/heap/permissions/threads/AFilter_AFilter.key 
39697      DEBUG main            d.u.i.k.p.i.AbstractProblemLoader Environment load took 219ns 
39698      INFO  main            d.u.i.k.p.i.AbstractProblemLoader Creating init config 
39821      DEBUG main            d.u.i.k.j.TypeConverter   No LDT found for Meta 
39822      DEBUG main            d.u.i.k.j.TypeConverter   No LDT found for Meta 
39822      DEBUG main            d.u.i.k.j.TypeConverter   No LDT found for Meta 
39823      DEBUG main            d.u.i.k.j.TypeConverter   No LDT found for Meta 
40476      DEBUG main            d.u.i.k.j.TypeConverter   No LDT found for JavaBigintExpression 
45715      DEBUG main            d.u.i.k.p.i.AbstractProblemLoader Init config took 6.02s 
45820      INFO  main            d.u.i.k.p.i.AbstractProblemLoader Replaying proof AFilter[AFilter::AFilter(Sampler,Buffer)].JML normal_behavior operation contract.0 
45822      DEBUG main            d.u.i.k.p.i.IntermediateProofReplayer Proof replay took 8.5ns 
46827      INFO  main            d.u.i.k.p.r.p.TestFile    ... finished proof: closed. 
47081      INFO  main            d.u.i.k.p.i.AbstractProblemLoader Loading environment from /home/runner/work/key/key/key.core/../key.ui/examples/heap/permissions/threads/AFilter_AFilter.key.proof 
47081      DEBUG main            d.u.i.k.p.i.AbstractProblemLoader Environment load took 511.01ns 
47083      INFO  main            d.u.i.k.p.i.AbstractProblemLoader Creating init config 
51691      DEBUG main            d.u.i.k.p.i.AbstractProblemLoader Init config took 4.61s 
51785      INFO  main            d.u.i.k.p.i.AbstractProblemLoader Replaying proof AFilter[AFilter::AFilter(Sampler,Buffer)].JML normal_behavior operation contract.0 
51905      DEBUG main            d.u.i.k.p.i.IntermediateProofReplayer Proof replay took 114.75ms 
51906      DEBUG main            d.u.i.k.p.r.p.TestFile    ... success: reloaded. 
51908      INFO  main            d.u.i.k.p.r.p.TestFile    Now processing file /home/runner/work/key/key/key.core/../key.ui/examples/heap/permissions/threads/AFilter_initPost_accessible.key 
51908      INFO  main            d.u.i.k.p.i.AbstractProblemLoader Loading environment from /home/runner/work/key/key/key.core/../key.ui/examples/heap/permissions/threads/AFilter_initPost_accessible.key 
51908      DEBUG main            d.u.i.k.p.i.AbstractProblemLoader Environment load took 195.6ns 
51909      INFO  main            d.u.i.k.p.i.AbstractProblemLoader Creating init config 
56574      DEBUG main            d.u.i.k.p.i.AbstractProblemLoader Init config took 4.66s 
56668      INFO  main            d.u.i.k.p.i.AbstractProblemLoader Replaying proof AFilter[ThreadSpec2::initPost()].JML accessible clause.0 
56670      DEBUG main            d.u.i.k.p.i.IntermediateProofReplayer Proof replay took 7.8ns 
56773      INFO  main            d.u.i.k.p.r.p.TestFile    ... finished proof: closed. 
56999      INFO  main            d.u.i.k.p.i.AbstractProblemLoader Loading environment from /home/runner/work/key/key/key.core/../key.ui/examples/heap/permissions/threads/AFilter_initPost_accessible.key.proof 
56999      DEBUG main            d.u.i.k.p.i.AbstractProblemLoader Environment load took 161.6ns 
57000      INFO  main            d.u.i.k.p.i.AbstractProblemLoader Creating init config 
61606      DEBUG main            d.u.i.k.p.i.AbstractProblemLoader Init config took 4.61s 
61696      INFO  main            d.u.i.k.p.i.AbstractProblemLoader Replaying proof AFilter[ThreadSpec2::initPost()].JML accessible clause.0 
61708      DEBUG main            d.u.i.k.p.i.IntermediateProofReplayer Proof replay took 9.88ms 
61709      DEBUG main            d.u.i.k.p.r.p.TestFile    ... success: reloaded. 
61710      INFO  main            d.u.i.k.p.r.p.TestFile    Now processing file /home/runner/work/key/key/key.core/../key.ui/examples/heap/permissions/threads/AFilter_inv_accessible1.key 
61711      INFO  main            d.u.i.k.p.i.AbstractProblemLoader Loading environment from /home/runner/work/key/key/key.core/../key.ui/examples/heap/permissions/threads/AFilter_inv_accessible1.key 
61711      DEBUG main            d.u.i.k.p.i.AbstractProblemLoader Environment load took 114.5ns 
61712      INFO  main            d.u.i.k.p.i.AbstractProblemLoader Creating init config 
66251      DEBUG main            d.u.i.k.p.i.AbstractProblemLoader Init config took 4.54s 
66351      INFO  main            d.u.i.k.p.i.AbstractProblemLoader Replaying proof AFilter[java.lang.Object::<inv>()].JML accessible clause.0 
66355      DEBUG main            d.u.i.k.p.i.IntermediateProofReplayer Proof replay took 8.2ns 
66458      INFO  main            d.u.i.k.p.r.p.TestFile    ... finished proof: closed. 
66694      INFO  main            d.u.i.k.p.i.AbstractProblemLoader Loading environment from /home/runner/work/key/key/key.core/../key.ui/examples/heap/permissions/threads/AFilter_inv_accessible1.key.proof 
66695      DEBUG main            d.u.i.k.p.i.AbstractProblemLoader Environment load took 149ns 
66696      INFO  main            d.u.i.k.p.i.AbstractProblemLoader Creating init config 
71280      DEBUG main            d.u.i.k.p.i.AbstractProblemLoader Init config took 4.58s 
71392      INFO  main            d.u.i.k.p.i.AbstractProblemLoader Replaying proof AFilter[java.lang.Object::<inv>()].JML accessible clause.0 
71396      DEBUG main            d.u.i.k.p.i.IntermediateProofReplayer Proof replay took 2.1ms 
71397      DEBUG main            d.u.i.k.p.r.p.TestFile    ... success: reloaded. 
71399      INFO  main            d.u.i.k.p.r.p.TestFile    Now processing file /home/runner/work/key/key/key.core/../key.ui/examples/heap/permissions/threads/AFilter_inv_accessible2.key 
71399      INFO  main            d.u.i.k.p.i.AbstractProblemLoader Loading environment from /home/runner/work/key/key/key.core/../key.ui/examples/heap/permissions/threads/AFilter_inv_accessible2.key 
71399      DEBUG main            d.u.i.k.p.i.AbstractProblemLoader Environment load took 187.5ns 
71400      INFO  main            d.u.i.k.p.i.AbstractProblemLoader Creating init config 
75971      DEBUG main            d.u.i.k.p.i.AbstractProblemLoader Init config took 4.57s 
76058      INFO  main            d.u.i.k.p.i.AbstractProblemLoader Replaying proof AFilter[java.lang.Object::<inv>()].JML accessible clause.1 
76060      DEBUG main            d.u.i.k.p.i.IntermediateProofReplayer Proof replay took 9ns 
76163      INFO  main            d.u.i.k.p.r.p.TestFile    ... finished proof: closed. 
76412      INFO  main            d.u.i.k.p.i.AbstractProblemLoader Loading environment from /home/runner/work/key/key/key.core/../key.ui/examples/heap/permissions/threads/AFilter_inv_accessible2.key.proof 
76412      DEBUG main            d.u.i.k.p.i.AbstractProblemLoader Environment load took 143.5ns 
76414      INFO  main            d.u.i.k.p.i.AbstractProblemLoader Creating init config 
80981      DEBUG main            d.u.i.k.p.i.AbstractProblemLoader Init config took 4.57s 
81068      INFO  main            d.u.i.k.p.i.AbstractProblemLoader Replaying proof AFilter[java.lang.Object::<inv>()].JML accessible clause.1 
81072      DEBUG main            d.u.i.k.p.i.IntermediateProofReplayer Proof replay took 2.11ms 
81073      DEBUG main            d.u.i.k.p.r.p.TestFile    ... success: reloaded. 
81074      INFO  main            d.u.i.k.p.r.p.TestFile    Now processing file /home/runner/work/key/key/key.core/../key.ui/examples/heap/permissions/threads/AFilter_joinTransfer_accessible.key 
81075      INFO  main            d.u.i.k.p.i.AbstractProblemLoader Loading environment from /home/runner/work/key/key/key.core/../key.ui/examples/heap/permissions/threads/AFilter_joinTransfer_accessible.key 
81075      DEBUG main            d.u.i.k.p.i.AbstractProblemLoader Environment load took 201ns 
81076      INFO  main            d.u.i.k.p.i.AbstractProblemLoader Creating init config 
85630      DEBUG main            d.u.i.k.p.i.AbstractProblemLoader Init config took 4.55s 
85716      INFO  main            d.u.i.k.p.i.AbstractProblemLoader Replaying proof AFilter[ThreadSpec2::joinTransfer()].JML accessible clause.0 
85718      DEBUG main            d.u.i.k.p.i.IntermediateProofReplayer Proof replay took 7.8ns 
89054      INFO  main            d.u.i.k.p.r.p.TestFile    ... finished proof: closed. 
89330      INFO  main            d.u.i.k.p.i.AbstractProblemLoader Loading environment from /home/runner/work/key/key/key.core/../key.ui/examples/heap/permissions/threads/AFilter_joinTransfer_accessible.key.proof 
89330      DEBUG main            d.u.i.k.p.i.AbstractProblemLoader Environment load took 411.01ns 
89332      INFO  main            d.u.i.k.p.i.AbstractProblemLoader Creating init config 
93893      DEBUG main            d.u.i.k.p.i.AbstractProblemLoader Init config took 4.56s 
93980      INFO  main            d.u.i.k.p.i.AbstractProblemLoader Replaying proof AFilter[ThreadSpec2::joinTransfer()].JML accessible clause.0 
94272      DEBUG main            d.u.i.k.p.i.IntermediateProofReplayer Proof replay took 269.18ms 
94274      DEBUG main            d.u.i.k.p.r.p.TestFile    ... success: reloaded. 
94275      INFO  main            d.u.i.k.p.r.p.TestFile    Now processing file /home/runner/work/key/key/key.core/../key.ui/examples/heap/permissions/threads/AFilter_joinTransfer_contract.key 
94276      INFO  main            d.u.i.k.p.i.AbstractProblemLoader Loading environment from /home/runner/work/key/key/key.core/../key.ui/examples/heap/permissions/threads/AFilter_joinTransfer_contract.key 
94276      DEBUG main            d.u.i.k.p.i.AbstractProblemLoader Environment load took 98.1ns 
94277      INFO  main            d.u.i.k.p.i.AbstractProblemLoader Creating init config 
98820      DEBUG main            d.u.i.k.p.i.AbstractProblemLoader Init config took 4.54s 
98905      INFO  main            d.u.i.k.p.i.AbstractProblemLoader Replaying proof AFilter[ThreadSpec2::joinTransfer()].JML model_behavior operation contract.0 
98907      DEBUG main            d.u.i.k.p.i.IntermediateProofReplayer Proof replay took 10.3ns 
99009      INFO  main            d.u.i.k.p.r.p.TestFile    ... finished proof: closed. 
99264      INFO  main            d.u.i.k.p.i.AbstractProblemLoader Loading environment from /home/runner/work/key/key/key.core/../key.ui/examples/heap/permissions/threads/AFilter_joinTransfer_contract.key.proof 
99264      DEBUG main            d.u.i.k.p.i.AbstractProblemLoader Environment load took 159.8ns 
99266      INFO  main            d.u.i.k.p.i.AbstractProblemLoader Creating init config 
103786     DEBUG main            d.u.i.k.p.i.AbstractProblemLoader Init config took 4.52s 
103898     INFO  main            d.u.i.k.p.i.AbstractProblemLoader Replaying proof AFilter[ThreadSpec2::joinTransfer()].JML model_behavior operation contract.0 
103914     DEBUG main            d.u.i.k.p.i.IntermediateProofReplayer Proof replay took 10.21ms 
103916     DEBUG main            d.u.i.k.p.r.p.TestFile    ... success: reloaded. 
103917     INFO  main            d.u.i.k.p.r.p.TestFile    Now processing file /home/runner/work/key/key/key.core/../key.ui/examples/heap/permissions/threads/AFilter_postJoin_accessible.key 
103918     INFO  main            d.u.i.k.p.i.AbstractProblemLoader Loading environment from /home/runner/work/key/key/key.core/../key.ui/examples/heap/permissions/threads/AFilter_postJoin_accessible.key 
103918     DEBUG main            d.u.i.k.p.i.AbstractProblemLoader Environment load took 182.4ns 
103919     INFO  main            d.u.i.k.p.i.AbstractProblemLoader Creating init config 
108495     DEBUG main            d.u.i.k.p.i.AbstractProblemLoader Init config took 4.58s 
108579     INFO  main            d.u.i.k.p.i.AbstractProblemLoader Replaying proof AFilter[ThreadSpec2::postJoin(java.lang.Object)].JML accessible clause.0 
108581     DEBUG main            d.u.i.k.p.i.IntermediateProofReplayer Proof replay took 9.9ns 
108685     INFO  main            d.u.i.k.p.r.p.TestFile    ... finished proof: closed. 
108948     INFO  main            d.u.i.k.p.i.AbstractProblemLoader Loading environment from /home/runner/work/key/key/key.core/../key.ui/examples/heap/permissions/threads/AFilter_postJoin_accessible.key.proof 
108948     DEBUG main            d.u.i.k.p.i.AbstractProblemLoader Environment load took 138.8ns 
108949     INFO  main            d.u.i.k.p.i.AbstractProblemLoader Creating init config 
113463     DEBUG main            d.u.i.k.p.i.AbstractProblemLoader Init config took 4.51s 
113549     INFO  main            d.u.i.k.p.i.AbstractProblemLoader Replaying proof AFilter[ThreadSpec2::postJoin(java.lang.Object)].JML accessible clause.0 
113559     DEBUG main            d.u.i.k.p.i.IntermediateProofReplayer Proof replay took 6.18ms 
113560     DEBUG main            d.u.i.k.p.r.p.TestFile    ... success: reloaded. 
113562     INFO  main            d.u.i.k.p.r.p.TestFile    Now processing file /home/runner/work/key/key/key.core/../key.ui/examples/heap/permissions/threads/AFilter_preStart_accessible.key 
113563     INFO  main            d.u.i.k.p.i.AbstractProblemLoader Loading environment from /home/runner/work/key/key/key.core/../key.ui/examples/heap/permissions/threads/AFilter_preStart_accessible.key 
113565     DEBUG main            d.u.i.k.p.i.AbstractProblemLoader Environment load took 186.41ns 
113568     INFO  main            d.u.i.k.p.i.AbstractProblemLoader Creating init config 
118143     DEBUG main            d.u.i.k.p.i.AbstractProblemLoader Init config took 4.57s 
118230     INFO  main            d.u.i.k.p.i.AbstractProblemLoader Replaying proof AFilter[ThreadSpec2::preStart(java.lang.Object)].JML accessible clause.0 
118232     DEBUG main            d.u.i.k.p.i.IntermediateProofReplayer Proof replay took 9.6ns 
118535     INFO  main            d.u.i.k.p.r.p.TestFile    ... finished proof: closed. 
118824     INFO  main            d.u.i.k.p.i.AbstractProblemLoader Loading environment from /home/runner/work/key/key/key.core/../key.ui/examples/heap/permissions/threads/AFilter_preStart_accessible.key.proof 
118824     DEBUG main            d.u.i.k.p.i.AbstractProblemLoader Environment load took 149.3ns 
118825     INFO  main            d.u.i.k.p.i.AbstractProblemLoader Creating init config 
123330     DEBUG main            d.u.i.k.p.i.AbstractProblemLoader Init config took 4.51s 
123427     INFO  main            d.u.i.k.p.i.AbstractProblemLoader Replaying proof AFilter[ThreadSpec2::preStart(java.lang.Object)].JML accessible clause.0 
123454     DEBUG main            d.u.i.k.p.i.IntermediateProofReplayer Proof replay took 24.05ms 
123455     DEBUG main            d.u.i.k.p.r.p.TestFile    ... success: reloaded. 
123457     INFO  main            d.u.i.k.p.r.p.TestFile    Now processing file /home/runner/work/key/key/key.core/../key.ui/examples/heap/permissions/threads/AFilter_startTransfer_accessible.key 
123457     INFO  main            d.u.i.k.p.i.AbstractProblemLoader Loading environment from /home/runner/work/key/key/key.core/../key.ui/examples/heap/permissions/threads/AFilter_startTransfer_accessible.key 
123458     DEBUG main            d.u.i.k.p.i.AbstractProblemLoader Environment load took 193.1ns 
123459     INFO  main            d.u.i.k.p.i.AbstractProblemLoader Creating init config 
128022     DEBUG main            d.u.i.k.p.i.AbstractProblemLoader Init config took 4.56s 
128110     INFO  main            d.u.i.k.p.i.AbstractProblemLoader Replaying proof AFilter[ThreadSpec2::startTransfer()].JML accessible clause.0 
128112     DEBUG main            d.u.i.k.p.i.IntermediateProofReplayer Proof replay took 10.3ns 
134227     INFO  main            d.u.i.k.p.r.p.TestFile    ... finished proof: closed. 
134523     INFO  main            d.u.i.k.p.i.AbstractProblemLoader Loading environment from /home/runner/work/key/key/key.core/../key.ui/examples/heap/permissions/threads/AFilter_startTransfer_accessible.key.proof 
134525     DEBUG main            d.u.i.k.p.i.AbstractProblemLoader Environment load took 1.76ms 
134526     INFO  main            d.u.i.k.p.i.AbstractProblemLoader Creating init config 
138991     DEBUG main            d.u.i.k.p.i.AbstractProblemLoader Init config took 4.46s 
139086     INFO  main            d.u.i.k.p.i.AbstractProblemLoader Replaying proof AFilter[ThreadSpec2::startTransfer()].JML accessible clause.0 
139435     DEBUG main            d.u.i.k.p.i.IntermediateProofReplayer Proof replay took 334.4ms 
139437     DEBUG main            d.u.i.k.p.r.p.TestFile    ... success: reloaded. 
139438     INFO  main            d.u.i.k.p.r.p.TestFile    Now processing file /home/runner/work/key/key/key.core/../key.ui/examples/heap/permissions/threads/AFilter_startTransfer_contract.key 
139438     INFO  main            d.u.i.k.p.i.AbstractProblemLoader Loading environment from /home/runner/work/key/key/key.core/../key.ui/examples/heap/permissions/threads/AFilter_startTransfer_contract.key 
139439     DEBUG main            d.u.i.k.p.i.AbstractProblemLoader Environment load took 95.9ns 
139440     INFO  main            d.u.i.k.p.i.AbstractProblemLoader Creating init config 
144026     DEBUG main            d.u.i.k.p.i.AbstractProblemLoader Init config took 4.59s 
144128     INFO  main            d.u.i.k.p.i.AbstractProblemLoader Replaying proof AFilter[ThreadSpec2::startTransfer()].JML model_behavior operation contract.0 
144133     DEBUG main            d.u.i.k.p.i.IntermediateProofReplayer Proof replay took 10.5ns 
144541     INFO  main            d.u.i.k.p.r.p.TestFile    ... finished proof: closed. 
144828     INFO  main            d.u.i.k.p.i.AbstractProblemLoader Loading environment from /home/runner/work/key/key/key.core/../key.ui/examples/heap/permissions/threads/AFilter_startTransfer_contract.key.proof 
144829     DEBUG main            d.u.i.k.p.i.AbstractProblemLoader Environment load took 1.01ms 
144831     INFO  main            d.u.i.k.p.i.AbstractProblemLoader Creating init config 
149318     DEBUG main            d.u.i.k.p.i.AbstractProblemLoader Init config took 4.49s 
149403     INFO  main            d.u.i.k.p.i.AbstractProblemLoader Replaying proof AFilter[ThreadSpec2::startTransfer()].JML model_behavior operation contract.0 
149447     DEBUG main            d.u.i.k.p.i.IntermediateProofReplayer Proof replay took 39.4ms 
149448     DEBUG main            d.u.i.k.p.r.p.TestFile    ... success: reloaded. 
149450     INFO  main            d.u.i.k.p.r.p.TestFile    Now processing file /home/runner/work/key/key/key.core/../key.ui/examples/heap/permissions/threads/AFilter_stateInv_accessible.key 
149450     INFO  main            d.u.i.k.p.i.AbstractProblemLoader Loading environment from /home/runner/work/key/key/key.core/../key.ui/examples/heap/permissions/threads/AFilter_stateInv_accessible.key 
149450     DEBUG main            d.u.i.k.p.i.AbstractProblemLoader Environment load took 121ns 
149451     INFO  main            d.u.i.k.p.i.AbstractProblemLoader Creating init config 
154003     DEBUG main            d.u.i.k.p.i.AbstractProblemLoader Init config took 4.55s 
154100     INFO  main            d.u.i.k.p.i.AbstractProblemLoader Replaying proof AFilter[ThreadSpec2::stateInv()].JML accessible clause.0 
154102     DEBUG main            d.u.i.k.p.i.IntermediateProofReplayer Proof replay took 8.8ns 
154405     INFO  main            d.u.i.k.p.r.p.TestFile    ... finished proof: closed. 
154698     INFO  main            d.u.i.k.p.i.AbstractProblemLoader Loading environment from /home/runner/work/key/key/key.core/../key.ui/examples/heap/permissions/threads/AFilter_stateInv_accessible.key.proof 
154699     DEBUG main            d.u.i.k.p.i.AbstractProblemLoader Environment load took 141.1ns 
154700     INFO  main            d.u.i.k.p.i.AbstractProblemLoader Creating init config 
159235     DEBUG main            d.u.i.k.p.i.AbstractProblemLoader Init config took 4.54s 
159318     INFO  main            d.u.i.k.p.i.AbstractProblemLoader Replaying proof AFilter[ThreadSpec2::stateInv()].JML accessible clause.0 
159349     DEBUG main            d.u.i.k.p.i.IntermediateProofReplayer Proof replay took 27.69ms 
159351     DEBUG main            d.u.i.k.p.r.p.TestFile    ... success: reloaded. 
159352     INFO  main            d.u.i.k.p.r.p.TestFile    Now processing file /home/runner/work/key/key/key.core/../key.ui/examples/heap/permissions/threads/AFilter_staticPermissions_accessible.key 
159353     INFO  main            d.u.i.k.p.i.AbstractProblemLoader Loading environment from /home/runner/work/key/key/key.core/../key.ui/examples/heap/permissions/threads/AFilter_staticPermissions_accessible.key 
159353     DEBUG main            d.u.i.k.p.i.AbstractProblemLoader Environment load took 189.2ns 
159354     INFO  main            d.u.i.k.p.i.AbstractProblemLoader Creating init config 
163923     DEBUG main            d.u.i.k.p.i.AbstractProblemLoader Init config took 4.57s 
164004     INFO  main            d.u.i.k.p.i.AbstractProblemLoader Replaying proof AFilter[ThreadSpec2::staticPermissions()].JML accessible clause.0 
164006     DEBUG main            d.u.i.k.p.i.IntermediateProofReplayer Proof replay took 8.4ns 
164111     INFO  main            d.u.i.k.p.r.p.TestFile    ... finished proof: closed. 
164407     INFO  main            d.u.i.k.p.i.AbstractProblemLoader Loading environment from /home/runner/work/key/key/key.core/../key.ui/examples/heap/permissions/threads/AFilter_staticPermissions_accessible.key.proof 
164407     DEBUG main            d.u.i.k.p.i.AbstractProblemLoader Environment load took 130.1ns 
164408     INFO  main            d.u.i.k.p.i.AbstractProblemLoader Creating init config 
168887     DEBUG main            d.u.i.k.p.i.AbstractProblemLoader Init config took 4.48s 
168969     INFO  main            d.u.i.k.p.i.AbstractProblemLoader Replaying proof AFilter[ThreadSpec2::staticPermissions()].JML accessible clause.0 
168978     DEBUG main            d.u.i.k.p.i.IntermediateProofReplayer Proof replay took 7.37ms 
168979     DEBUG main            d.u.i.k.p.r.p.TestFile    ... success: reloaded. 
168980     INFO  main            d.u.i.k.p.r.p.TestFile    Now processing file /home/runner/work/key/key/key.core/../key.ui/examples/heap/permissions/threads/AFilter_workingPermissions_accessible.key 
168980     INFO  main            d.u.i.k.p.i.AbstractProblemLoader Loading environment from /home/runner/work/key/key/key.core/../key.ui/examples/heap/permissions/threads/AFilter_workingPermissions_accessible.key 
168980     DEBUG main            d.u.i.k.p.i.AbstractProblemLoader Environment load took 78.7ns 
168981     INFO  main            d.u.i.k.p.i.AbstractProblemLoader Creating init config 
173532     DEBUG main            d.u.i.k.p.i.AbstractProblemLoader Init config took 4.55s 
173632     INFO  main            d.u.i.k.p.i.AbstractProblemLoader Replaying proof AFilter[ThreadSpec2::workingPermissions()].JML accessible clause.0 
173634     DEBUG main            d.u.i.k.p.i.IntermediateProofReplayer Proof replay took 8.8ns 
173739     INFO  main            d.u.i.k.p.r.p.TestFile    ... finished proof: closed. 
174036     INFO  main            d.u.i.k.p.i.AbstractProblemLoader Loading environment from /home/runner/work/key/key/key.core/../key.ui/examples/heap/permissions/threads/AFilter_workingPermissions_accessible.key.proof 
174036     DEBUG main            d.u.i.k.p.i.AbstractProblemLoader Environment load took 126.8ns 
174037     INFO  main            d.u.i.k.p.i.AbstractProblemLoader Creating init config 
178476     DEBUG main            d.u.i.k.p.i.AbstractProblemLoader Init config took 4.44s 
178571     INFO  main            d.u.i.k.p.i.AbstractProblemLoader Replaying proof AFilter[ThreadSpec2::workingPermissions()].JML accessible clause.0 
178579     DEBUG main            d.u.i.k.p.i.IntermediateProofReplayer Proof replay took 6.39ms 
178580     DEBUG main            d.u.i.k.p.r.p.TestFile    ... success: reloaded. 
178581     INFO  main            d.u.i.k.p.r.p.TestFile    Now processing file /home/runner/work/key/key/key.core/../key.ui/examples/heap/permissions/threads/BFilter_BFilter.key 
178582     INFO  main            d.u.i.k.p.i.AbstractProblemLoader Loading environment from /home/runner/work/key/key/key.core/../key.ui/examples/heap/permissions/threads/BFilter_BFilter.key 
178582     DEBUG main            d.u.i.k.p.i.AbstractProblemLoader Environment load took 92.9ns 
178583     INFO  main            d.u.i.k.p.i.AbstractProblemLoader Creating init config 
183139     DEBUG main            d.u.i.k.p.i.AbstractProblemLoader Init config took 4.56s 
183224     INFO  main            d.u.i.k.p.i.AbstractProblemLoader Replaying proof BFilter[BFilter::BFilter(Sampler,Buffer)].JML normal_behavior operation contract.0 
183225     DEBUG main            d.u.i.k.p.i.IntermediateProofReplayer Proof replay took 8.6ns 
184138     INFO  main            d.u.i.k.p.r.p.TestFile    ... finished proof: closed. 
184495     INFO  main            d.u.i.k.p.i.AbstractProblemLoader Loading environment from /home/runner/work/key/key/key.core/../key.ui/examples/heap/permissions/threads/BFilter_BFilter.key.proof 
184497     DEBUG main            d.u.i.k.p.i.AbstractProblemLoader Environment load took 2.22ms 
184498     INFO  main            d.u.i.k.p.i.AbstractProblemLoader Creating init config 
188970     DEBUG main            d.u.i.k.p.i.AbstractProblemLoader Init config took 4.47s 
189054     INFO  main            d.u.i.k.p.i.AbstractProblemLoader Replaying proof BFilter[BFilter::BFilter(Sampler,Buffer)].JML normal_behavior operation contract.0 
189163     DEBUG main            d.u.i.k.p.i.IntermediateProofReplayer Proof replay took 105.5ms 
189165     DEBUG main            d.u.i.k.p.r.p.TestFile    ... success: reloaded. 
189166     INFO  main            d.u.i.k.p.r.p.TestFile    Now processing file /home/runner/work/key/key/key.core/../key.ui/examples/heap/permissions/threads/BFilter_initPost_accessible.key 
189166     INFO  main            d.u.i.k.p.i.AbstractProblemLoader Loading environment from /home/runner/work/key/key/key.core/../key.ui/examples/heap/permissions/threads/BFilter_initPost_accessible.key 
189166     DEBUG main            d.u.i.k.p.i.AbstractProblemLoader Environment load took 126.8ns 
189167     INFO  main            d.u.i.k.p.i.AbstractProblemLoader Creating init config 
193699     DEBUG main            d.u.i.k.p.i.AbstractProblemLoader Init config took 4.53s 
193801     INFO  main            d.u.i.k.p.i.AbstractProblemLoader Replaying proof BFilter[ThreadSpec2::initPost()].JML accessible clause.0 
193803     DEBUG main            d.u.i.k.p.i.IntermediateProofReplayer Proof replay took 7.3ns 
193905     INFO  main            d.u.i.k.p.r.p.TestFile    ... finished proof: closed. 
194214     INFO  main            d.u.i.k.p.i.AbstractProblemLoader Loading environment from /home/runner/work/key/key/key.core/../key.ui/examples/heap/permissions/threads/BFilter_initPost_accessible.key.proof 
194214     DEBUG main            d.u.i.k.p.i.AbstractProblemLoader Environment load took 131.3ns 
194215     INFO  main            d.u.i.k.p.i.AbstractProblemLoader Creating init config 
198679     DEBUG main            d.u.i.k.p.i.AbstractProblemLoader Init config took 4.46s 
198761     INFO  main            d.u.i.k.p.i.AbstractProblemLoader Replaying proof BFilter[ThreadSpec2::initPost()].JML accessible clause.0 
198770     DEBUG main            d.u.i.k.p.i.IntermediateProofReplayer Proof replay took 7.55ms 
198771     DEBUG main            d.u.i.k.p.r.p.TestFile    ... success: reloaded. 
198773     INFO  main            d.u.i.k.p.r.p.TestFile    Now processing file /home/runner/work/key/key/key.core/../key.ui/examples/heap/permissions/threads/BFilter_inv_accessible1.key 
198773     INFO  main            d.u.i.k.p.i.AbstractProblemLoader Loading environment from /home/runner/work/key/key/key.core/../key.ui/examples/heap/permissions/threads/BFilter_inv_accessible1.key 
198773     DEBUG main            d.u.i.k.p.i.AbstractProblemLoader Environment load took 97ns 
198774     INFO  main            d.u.i.k.p.i.AbstractProblemLoader Creating init config 
203326     DEBUG main            d.u.i.k.p.i.AbstractProblemLoader Init config took 4.55s 
203407     INFO  main            d.u.i.k.p.i.AbstractProblemLoader Replaying proof BFilter[java.lang.Object::<inv>()].JML accessible clause.0 
203409     DEBUG main            d.u.i.k.p.i.IntermediateProofReplayer Proof replay took 10ns 
203511     INFO  main            d.u.i.k.p.r.p.TestFile    ... finished proof: closed. 
203838     INFO  main            d.u.i.k.p.i.AbstractProblemLoader Loading environment from /home/runner/work/key/key/key.core/../key.ui/examples/heap/permissions/threads/BFilter_inv_accessible1.key.proof 
203838     DEBUG main            d.u.i.k.p.i.AbstractProblemLoader Environment load took 127ns 
203839     INFO  main            d.u.i.k.p.i.AbstractProblemLoader Creating init config 
208270     DEBUG main            d.u.i.k.p.i.AbstractProblemLoader Init config took 4.43s 
208368     INFO  main            d.u.i.k.p.i.AbstractProblemLoader Replaying proof BFilter[java.lang.Object::<inv>()].JML accessible clause.0 
208372     DEBUG main            d.u.i.k.p.i.IntermediateProofReplayer Proof replay took 1.51ms 
208372     DEBUG main            d.u.i.k.p.r.p.TestFile    ... success: reloaded. 
208373     INFO  main            d.u.i.k.p.r.p.TestFile    Now processing file /home/runner/work/key/key/key.core/../key.ui/examples/heap/permissions/threads/BFilter_inv_accessible2.key 
208374     INFO  main            d.u.i.k.p.i.AbstractProblemLoader Loading environment from /home/runner/work/key/key/key.core/../key.ui/examples/heap/permissions/threads/BFilter_inv_accessible2.key 
208374     DEBUG main            d.u.i.k.p.i.AbstractProblemLoader Environment load took 62.2ns 
208375     INFO  main            d.u.i.k.p.i.AbstractProblemLoader Creating init config 
212885     DEBUG main            d.u.i.k.p.i.AbstractProblemLoader Init config took 4.51s 
212966     INFO  main            d.u.i.k.p.i.AbstractProblemLoader Replaying proof BFilter[java.lang.Object::<inv>()].JML accessible clause.1 
212967     DEBUG main            d.u.i.k.p.i.IntermediateProofReplayer Proof replay took 9.4ns 
213073     INFO  main            d.u.i.k.p.r.p.TestFile    ... finished proof: closed. 
213443     INFO  main            d.u.i.k.p.i.AbstractProblemLoader Loading environment from /home/runner/work/key/key/key.core/../key.ui/examples/heap/permissions/threads/BFilter_inv_accessible2.key.proof 
213443     DEBUG main            d.u.i.k.p.i.AbstractProblemLoader Environment load took 132.1ns 
213444     INFO  main            d.u.i.k.p.i.AbstractProblemLoader Creating init config 
217880     DEBUG main            d.u.i.k.p.i.AbstractProblemLoader Init config took 4.44s 
217961     INFO  main            d.u.i.k.p.i.AbstractProblemLoader Replaying proof BFilter[java.lang.Object::<inv>()].JML accessible clause.1 
217964     DEBUG main            d.u.i.k.p.i.IntermediateProofReplayer Proof replay took 1.61ms 
217965     DEBUG main            d.u.i.k.p.r.p.TestFile    ... success: reloaded. 
217966     INFO  main            d.u.i.k.p.r.p.TestFile    Now processing file /home/runner/work/key/key/key.core/../key.ui/examples/heap/permissions/threads/BFilter_joinTransfer_accessible.key 
217966     INFO  main            d.u.i.k.p.i.AbstractProblemLoader Loading environment from /home/runner/work/key/key/key.core/../key.ui/examples/heap/permissions/threads/BFilter_joinTransfer_accessible.key 
217966     DEBUG main            d.u.i.k.p.i.AbstractProblemLoader Environment load took 81.3ns 
217967     INFO  main            d.u.i.k.p.i.AbstractProblemLoader Creating init config 
222472     DEBUG main            d.u.i.k.p.i.AbstractProblemLoader Init config took 4.5s 
222573     INFO  main            d.u.i.k.p.i.AbstractProblemLoader Replaying proof BFilter[ThreadSpec2::joinTransfer()].JML accessible clause.0 
222575     DEBUG main            d.u.i.k.p.i.IntermediateProofReplayer Proof replay took 9.4ns 
225728     INFO  main            d.u.i.k.p.r.p.TestFile    ... finished proof: closed. 
226088     INFO  main            d.u.i.k.p.i.AbstractProblemLoader Loading environment from /home/runner/work/key/key/key.core/../key.ui/examples/heap/permissions/threads/BFilter_joinTransfer_accessible.key.proof 
226088     DEBUG main            d.u.i.k.p.i.AbstractProblemLoader Environment load took 150.5ns 
226089     INFO  main            d.u.i.k.p.i.AbstractProblemLoader Creating init config 
230550     DEBUG main            d.u.i.k.p.i.AbstractProblemLoader Init config took 4.46s 
230631     INFO  main            d.u.i.k.p.i.AbstractProblemLoader Replaying proof BFilter[ThreadSpec2::joinTransfer()].JML accessible clause.0 
230839     DEBUG main            d.u.i.k.p.i.IntermediateProofReplayer Proof replay took 199.23ms 
230840     DEBUG main            d.u.i.k.p.r.p.TestFile    ... success: reloaded. 
230841     INFO  main            d.u.i.k.p.r.p.TestFile    Now processing file /home/runner/work/key/key/key.core/../key.ui/examples/heap/permissions/threads/BFilter_joinTransfer_contract.key 
230841     INFO  main            d.u.i.k.p.i.AbstractProblemLoader Loading environment from /home/runner/work/key/key/key.core/../key.ui/examples/heap/permissions/threads/BFilter_joinTransfer_contract.key 
230841     DEBUG main            d.u.i.k.p.i.AbstractProblemLoader Environment load took 58.2ns 
230842     INFO  main            d.u.i.k.p.i.AbstractProblemLoader Creating init config 
235319     DEBUG main            d.u.i.k.p.i.AbstractProblemLoader Init config took 4.48s 
235403     INFO  main            d.u.i.k.p.i.AbstractProblemLoader Replaying proof BFilter[ThreadSpec2::joinTransfer()].JML model_behavior operation contract.0 
235405     DEBUG main            d.u.i.k.p.i.IntermediateProofReplayer Proof replay took 8.1ns 
235511     INFO  main            d.u.i.k.p.r.p.TestFile    ... finished proof: closed. 
235859     INFO  main            d.u.i.k.p.i.AbstractProblemLoader Loading environment from /home/runner/work/key/key/key.core/../key.ui/examples/heap/permissions/threads/BFilter_joinTransfer_contract.key.proof 
235859     DEBUG main            d.u.i.k.p.i.AbstractProblemLoader Environment load took 132.3ns 
235860     INFO  main            d.u.i.k.p.i.AbstractProblemLoader Creating init config 
240273     DEBUG main            d.u.i.k.p.i.AbstractProblemLoader Init config took 4.41s 
240369     INFO  main            d.u.i.k.p.i.AbstractProblemLoader Replaying proof BFilter[ThreadSpec2::joinTransfer()].JML model_behavior operation contract.0 
240379     DEBUG main            d.u.i.k.p.i.IntermediateProofReplayer Proof replay took 6.79ms 
240380     DEBUG main            d.u.i.k.p.r.p.TestFile    ... success: reloaded. 
240381     INFO  main            d.u.i.k.p.r.p.TestFile    Now processing file /home/runner/work/key/key/key.core/../key.ui/examples/heap/permissions/threads/BFilter_postJoin_accessible.key 
240381     INFO  main            d.u.i.k.p.i.AbstractProblemLoader Loading environment from /home/runner/work/key/key/key.core/../key.ui/examples/heap/permissions/threads/BFilter_postJoin_accessible.key 
240382     DEBUG main            d.u.i.k.p.i.AbstractProblemLoader Environment load took 196.2ns 
240383     INFO  main            d.u.i.k.p.i.AbstractProblemLoader Creating init config 
244935     DEBUG main            d.u.i.k.p.i.AbstractProblemLoader Init config took 4.55s 
245016     INFO  main            d.u.i.k.p.i.AbstractProblemLoader Replaying proof BFilter[ThreadSpec2::postJoin(java.lang.Object)].JML accessible clause.0 
245018     DEBUG main            d.u.i.k.p.i.IntermediateProofReplayer Proof replay took 10ns 
245122     INFO  main            d.u.i.k.p.r.p.TestFile    ... finished proof: closed. 
245510     INFO  main            d.u.i.k.p.i.AbstractProblemLoader Loading environment from /home/runner/work/key/key/key.core/../key.ui/examples/heap/permissions/threads/BFilter_postJoin_accessible.key.proof 
245511     DEBUG main            d.u.i.k.p.i.AbstractProblemLoader Environment load took 125.6ns 
245512     INFO  main            d.u.i.k.p.i.AbstractProblemLoader Creating init config 
249928     DEBUG main            d.u.i.k.p.i.AbstractProblemLoader Init config took 4.42s 
250008     INFO  main            d.u.i.k.p.i.AbstractProblemLoader Replaying proof BFilter[ThreadSpec2::postJoin(java.lang.Object)].JML accessible clause.0 
250015     DEBUG main            d.u.i.k.p.i.IntermediateProofReplayer Proof replay took 4.74ms 
250016     DEBUG main            d.u.i.k.p.r.p.TestFile    ... success: reloaded. 
250017     INFO  main            d.u.i.k.p.r.p.TestFile    Now processing file /home/runner/work/key/key/key.core/../key.ui/examples/heap/permissions/threads/BFilter_preStart_accessible.key 
250017     INFO  main            d.u.i.k.p.i.AbstractProblemLoader Loading environment from /home/runner/work/key/key/key.core/../key.ui/examples/heap/permissions/threads/BFilter_preStart_accessible.key 
250017     DEBUG main            d.u.i.k.p.i.AbstractProblemLoader Environment load took 84.3ns 
250018     INFO  main            d.u.i.k.p.i.AbstractProblemLoader Creating init config 
254530     DEBUG main            d.u.i.k.p.i.AbstractProblemLoader Init config took 4.51s 
254610     INFO  main            d.u.i.k.p.i.AbstractProblemLoader Replaying proof BFilter[ThreadSpec2::preStart(java.lang.Object)].JML accessible clause.0 
254611     DEBUG main            d.u.i.k.p.i.IntermediateProofReplayer Proof replay took 8.2ns 
254914     INFO  main            d.u.i.k.p.r.p.TestFile    ... finished proof: closed. 
255287     INFO  main            d.u.i.k.p.i.AbstractProblemLoader Loading environment from /home/runner/work/key/key/key.core/../key.ui/examples/heap/permissions/threads/BFilter_preStart_accessible.key.proof 
255287     DEBUG main            d.u.i.k.p.i.AbstractProblemLoader Environment load took 125.1ns 
255288     INFO  main            d.u.i.k.p.i.AbstractProblemLoader Creating init config 
259735     DEBUG main            d.u.i.k.p.i.AbstractProblemLoader Init config took 4.45s 
259816     INFO  main            d.u.i.k.p.i.AbstractProblemLoader Replaying proof BFilter[ThreadSpec2::preStart(java.lang.Object)].JML accessible clause.0 
259839     DEBUG main            d.u.i.k.p.i.IntermediateProofReplayer Proof replay took 19.54ms 
259840     DEBUG main            d.u.i.k.p.r.p.TestFile    ... success: reloaded. 
259841     INFO  main            d.u.i.k.p.r.p.TestFile    Now processing file /home/runner/work/key/key/key.core/../key.ui/examples/heap/permissions/threads/BFilter_startTransfer_accessible.key 
259841     INFO  main            d.u.i.k.p.i.AbstractProblemLoader Loading environment from /home/runner/work/key/key/key.core/../key.ui/examples/heap/permissions/threads/BFilter_startTransfer_accessible.key 
259841     DEBUG main            d.u.i.k.p.i.AbstractProblemLoader Environment load took 139.9ns 
259842     INFO  main            d.u.i.k.p.i.AbstractProblemLoader Creating init config 
264363     DEBUG main            d.u.i.k.p.i.AbstractProblemLoader Init config took 4.52s 
264444     INFO  main            d.u.i.k.p.i.AbstractProblemLoader Replaying proof BFilter[ThreadSpec2::startTransfer()].JML accessible clause.0 
264446     DEBUG main            d.u.i.k.p.i.IntermediateProofReplayer Proof replay took 9.4ns 
270317     INFO  main            d.u.i.k.p.r.p.TestFile    ... finished proof: closed. 
270706     INFO  main            d.u.i.k.p.i.AbstractProblemLoader Loading environment from /home/runner/work/key/key/key.core/../key.ui/examples/heap/permissions/threads/BFilter_startTransfer_accessible.key.proof 
270706     DEBUG main            d.u.i.k.p.i.AbstractProblemLoader Environment load took 374.21ns 
270707     INFO  main            d.u.i.k.p.i.AbstractProblemLoader Creating init config 
275151     DEBUG main            d.u.i.k.p.i.AbstractProblemLoader Init config took 4.44s 
275232     INFO  main            d.u.i.k.p.i.AbstractProblemLoader Replaying proof BFilter[ThreadSpec2::startTransfer()].JML accessible clause.0 
275568     DEBUG main            d.u.i.k.p.i.IntermediateProofReplayer Proof replay took 325.4ms 
275570     DEBUG main            d.u.i.k.p.r.p.TestFile    ... success: reloaded. 
275571     INFO  main            d.u.i.k.p.r.p.TestFile    Now processing file /home/runner/work/key/key/key.core/../key.ui/examples/heap/permissions/threads/BFilter_startTransfer_contract.key 
275571     INFO  main            d.u.i.k.p.i.AbstractProblemLoader Loading environment from /home/runner/work/key/key/key.core/../key.ui/examples/heap/permissions/threads/BFilter_startTransfer_contract.key 
275572     DEBUG main            d.u.i.k.p.i.AbstractProblemLoader Environment load took 173.9ns 
275573     INFO  main            d.u.i.k.p.i.AbstractProblemLoader Creating init config 
280064     DEBUG main            d.u.i.k.p.i.AbstractProblemLoader Init config took 4.49s 
280144     INFO  main            d.u.i.k.p.i.AbstractProblemLoader Replaying proof BFilter[ThreadSpec2::startTransfer()].JML model_behavior operation contract.0 
280146     DEBUG main            d.u.i.k.p.i.IntermediateProofReplayer Proof replay took 8.9ns 
281253     INFO  main            d.u.i.k.p.r.p.TestFile    ... finished proof: closed. 
281622     INFO  main            d.u.i.k.p.i.AbstractProblemLoader Loading environment from /home/runner/work/key/key/key.core/../key.ui/examples/heap/permissions/threads/BFilter_startTransfer_contract.key.proof 
281622     DEBUG main            d.u.i.k.p.i.AbstractProblemLoader Environment load took 125.3ns 
281623     INFO  main            d.u.i.k.p.i.AbstractProblemLoader Creating init config 
286052     DEBUG main            d.u.i.k.p.i.AbstractProblemLoader Init config took 4.43s 
286134     INFO  main            d.u.i.k.p.i.AbstractProblemLoader Replaying proof BFilter[ThreadSpec2::startTransfer()].JML model_behavior operation contract.0 
286239     DEBUG main            d.u.i.k.p.i.IntermediateProofReplayer Proof replay took 98.69ms 
286250     DEBUG main            d.u.i.k.p.r.p.TestFile    ... success: reloaded. 
286251     INFO  main            d.u.i.k.p.r.p.TestFile    Now processing file /home/runner/work/key/key/key.core/../key.ui/examples/heap/permissions/threads/BFilter_stateInv_accessible.key 
286251     INFO  main            d.u.i.k.p.i.AbstractProblemLoader Loading environment from /home/runner/work/key/key/key.core/../key.ui/examples/heap/permissions/threads/BFilter_stateInv_accessible.key 
286251     DEBUG main            d.u.i.k.p.i.AbstractProblemLoader Environment load took 61ns 
286252     INFO  main            d.u.i.k.p.i.AbstractProblemLoader Creating init config 
290761     DEBUG main            d.u.i.k.p.i.AbstractProblemLoader Init config took 4.51s 
290842     INFO  main            d.u.i.k.p.i.AbstractProblemLoader Replaying proof BFilter[ThreadSpec2::stateInv()].JML accessible clause.0 
290843     DEBUG main            d.u.i.k.p.i.IntermediateProofReplayer Proof replay took 9.7ns 
291146     INFO  main            d.u.i.k.p.r.p.TestFile    ... finished proof: closed. 
291543     INFO  main            d.u.i.k.p.i.AbstractProblemLoader Loading environment from /home/runner/work/key/key/key.core/../key.ui/examples/heap/permissions/threads/BFilter_stateInv_accessible.key.proof 
291543     DEBUG main            d.u.i.k.p.i.AbstractProblemLoader Environment load took 129.2ns 
291544     INFO  main            d.u.i.k.p.i.AbstractProblemLoader Creating init config 
295947     DEBUG main            d.u.i.k.p.i.AbstractProblemLoader Init config took 4.4s 
296026     INFO  main            d.u.i.k.p.i.AbstractProblemLoader Replaying proof BFilter[ThreadSpec2::stateInv()].JML accessible clause.0 
296053     DEBUG main            d.u.i.k.p.i.IntermediateProofReplayer Proof replay took 24.62ms 
296054     DEBUG main            d.u.i.k.p.r.p.TestFile    ... success: reloaded. 
296055     INFO  main            d.u.i.k.p.r.p.TestFile    Now processing file /home/runner/work/key/key/key.core/../key.ui/examples/heap/permissions/threads/BFilter_staticPermissions_accessible.key 
296055     INFO  main            d.u.i.k.p.i.AbstractProblemLoader Loading environment from /home/runner/work/key/key/key.core/../key.ui/examples/heap/permissions/threads/BFilter_staticPermissions_accessible.key 
296056     DEBUG main            d.u.i.k.p.i.AbstractProblemLoader Environment load took 54.4ns 
296056     INFO  main            d.u.i.k.p.i.AbstractProblemLoader Creating init config 
300547     DEBUG main            d.u.i.k.p.i.AbstractProblemLoader Init config took 4.49s 
300628     INFO  main            d.u.i.k.p.i.AbstractProblemLoader Replaying proof BFilter[ThreadSpec2::staticPermissions()].JML accessible clause.0 
300630     DEBUG main            d.u.i.k.p.i.IntermediateProofReplayer Proof replay took 8.2ns 
300731     INFO  main            d.u.i.k.p.r.p.TestFile    ... finished proof: closed. 
301112     INFO  main            d.u.i.k.p.i.AbstractProblemLoader Loading environment from /home/runner/work/key/key/key.core/../key.ui/examples/heap/permissions/threads/BFilter_staticPermissions_accessible.key.proof 
301112     DEBUG main            d.u.i.k.p.i.AbstractProblemLoader Environment load took 120.9ns 
301113     INFO  main            d.u.i.k.p.i.AbstractProblemLoader Creating init config 
305514     DEBUG main            d.u.i.k.p.i.AbstractProblemLoader Init config took 4.4s 
305594     INFO  main            d.u.i.k.p.i.AbstractProblemLoader Replaying proof BFilter[ThreadSpec2::staticPermissions()].JML accessible clause.0 
305602     DEBUG main            d.u.i.k.p.i.IntermediateProofReplayer Proof replay took 6.7ms 
305603     DEBUG main            d.u.i.k.p.r.p.TestFile    ... success: reloaded. 
305604     INFO  main            d.u.i.k.p.r.p.TestFile    Now processing file /home/runner/work/key/key/key.core/../key.ui/examples/heap/permissions/threads/BFilter_workingPermissions_accessible.key 
305604     INFO  main            d.u.i.k.p.i.AbstractProblemLoader Loading environment from /home/runner/work/key/key/key.core/../key.ui/examples/heap/permissions/threads/BFilter_workingPermissions_accessible.key 
305604     DEBUG main            d.u.i.k.p.i.AbstractProblemLoader Environment load took 80.1ns 
305605     INFO  main            d.u.i.k.p.i.AbstractProblemLoader Creating init config 
310100     DEBUG main            d.u.i.k.p.i.AbstractProblemLoader Init config took 4.49s 
310180     INFO  main            d.u.i.k.p.i.AbstractProblemLoader Replaying proof BFilter[ThreadSpec2::workingPermissions()].JML accessible clause.0 
310182     DEBUG main            d.u.i.k.p.i.IntermediateProofReplayer Proof replay took 8.3ns 
310284     INFO  main            d.u.i.k.p.r.p.TestFile    ... finished proof: closed. 
310649     INFO  main            d.u.i.k.p.i.AbstractProblemLoader Loading environment from /home/runner/work/key/key/key.core/../key.ui/examples/heap/permissions/threads/BFilter_workingPermissions_accessible.key.proof 
310649     DEBUG main            d.u.i.k.p.i.AbstractProblemLoader Environment load took 119.4ns 
310650     INFO  main            d.u.i.k.p.i.AbstractProblemLoader Creating init config 
315060     DEBUG main            d.u.i.k.p.i.AbstractProblemLoader Init config took 4.41s 
315140     INFO  main            d.u.i.k.p.i.AbstractProblemLoader Replaying proof BFilter[ThreadSpec2::workingPermissions()].JML accessible clause.0 
315148     DEBUG main            d.u.i.k.p.i.IntermediateProofReplayer Proof replay took 6.11ms 
315149     DEBUG main            d.u.i.k.p.r.p.TestFile    ... success: reloaded. 
315150     INFO  main            d.u.i.k.p.r.p.TestFile    Now processing file /home/runner/work/key/key/key.core/../key.ui/examples/heap/permissions/threads/Fib_Fib.key 
315150     INFO  main            d.u.i.k.p.i.AbstractProblemLoader Loading environment from /home/runner/work/key/key/key.core/../key.ui/examples/heap/permissions/threads/Fib_Fib.key 
315150     DEBUG main            d.u.i.k.p.i.AbstractProblemLoader Environment load took 83.4ns 
315151     INFO  main            d.u.i.k.p.i.AbstractProblemLoader Creating init config 
319647     DEBUG main            d.u.i.k.p.i.AbstractProblemLoader Init config took 4.5s 
319730     INFO  main            d.u.i.k.p.i.AbstractProblemLoader Replaying proof Fib[Fib::Fib(int)].JML normal_behavior operation contract.0 
319732     DEBUG main            d.u.i.k.p.i.IntermediateProofReplayer Proof replay took 9.8ns 
320335     INFO  main            d.u.i.k.p.r.p.TestFile    ... finished proof: closed. 
320758     INFO  main            d.u.i.k.p.i.AbstractProblemLoader Loading environment from /home/runner/work/key/key/key.core/../key.ui/examples/heap/permissions/threads/Fib_Fib.key.proof 
320759     DEBUG main            d.u.i.k.p.i.AbstractProblemLoader Environment load took 122.5ns 
320760     INFO  main            d.u.i.k.p.i.AbstractProblemLoader Creating init config 
325167     DEBUG main            d.u.i.k.p.i.AbstractProblemLoader Init config took 4.41s 
325259     INFO  main            d.u.i.k.p.i.AbstractProblemLoader Replaying proof Fib[Fib::Fib(int)].JML normal_behavior operation contract.0 
325329     DEBUG main            d.u.i.k.p.i.IntermediateProofReplayer Proof replay took 67ms 
325330     DEBUG main            d.u.i.k.p.r.p.TestFile    ... success: reloaded. 
325331     INFO  main            d.u.i.k.p.r.p.TestFile    Now processing file /home/runner/work/key/key/key.core/../key.ui/examples/heap/permissions/threads/Fib_initPost_accessible.key 
325331     INFO  main            d.u.i.k.p.i.AbstractProblemLoader Loading environment from /home/runner/work/key/key/key.core/../key.ui/examples/heap/permissions/threads/Fib_initPost_accessible.key 
325331     DEBUG main            d.u.i.k.p.i.AbstractProblemLoader Environment load took 86.5ns 
325332     INFO  main            d.u.i.k.p.i.AbstractProblemLoader Creating init config 
329846     DEBUG main            d.u.i.k.p.i.AbstractProblemLoader Init config took 4.51s 
329925     INFO  main            d.u.i.k.p.i.AbstractProblemLoader Replaying proof Fib[ThreadSpec::initPost()].JML accessible clause.0 
329927     DEBUG main            d.u.i.k.p.i.IntermediateProofReplayer Proof replay took 9.2ns 
330030     INFO  main            d.u.i.k.p.r.p.TestFile    ... finished proof: closed. 
330438     INFO  main            d.u.i.k.p.i.AbstractProblemLoader Loading environment from /home/runner/work/key/key/key.core/../key.ui/examples/heap/permissions/threads/Fib_initPost_accessible.key.proof 
330438     DEBUG main            d.u.i.k.p.i.AbstractProblemLoader Environment load took 119.2ns 
330439     INFO  main            d.u.i.k.p.i.AbstractProblemLoader Creating init config 
334854     DEBUG main            d.u.i.k.p.i.AbstractProblemLoader Init config took 4.42s 
334959     INFO  main            d.u.i.k.p.i.AbstractProblemLoader Replaying proof Fib[ThreadSpec::initPost()].JML accessible clause.0 
334978     DEBUG main            d.u.i.k.p.i.IntermediateProofReplayer Proof replay took 14.18ms 
334981     DEBUG main            d.u.i.k.p.r.p.TestFile    ... success: reloaded. 
334984     INFO  main            d.u.i.k.p.r.p.TestFile    Now processing file /home/runner/work/key/key/key.core/../key.ui/examples/heap/permissions/threads/Fib_inv1_accessible.key 
334984     INFO  main            d.u.i.k.p.i.AbstractProblemLoader Loading environment from /home/runner/work/key/key/key.core/../key.ui/examples/heap/permissions/threads/Fib_inv1_accessible.key 
334985     DEBUG main            d.u.i.k.p.i.AbstractProblemLoader Environment load took 207.81ns 
334987     INFO  main            d.u.i.k.p.i.AbstractProblemLoader Creating init config 
339490     DEBUG main            d.u.i.k.p.i.AbstractProblemLoader Init config took 4.5s 
339574     INFO  main            d.u.i.k.p.i.AbstractProblemLoader Replaying proof Fib[java.lang.Object::<inv>()].JML accessible clause.0 
339575     DEBUG main            d.u.i.k.p.i.IntermediateProofReplayer Proof replay took 9.4ns 
339677     INFO  main            d.u.i.k.p.r.p.TestFile    ... finished proof: closed. 
340089     INFO  main            d.u.i.k.p.i.AbstractProblemLoader Loading environment from /home/runner/work/key/key/key.core/../key.ui/examples/heap/permissions/threads/Fib_inv1_accessible.key.proof 
340089     DEBUG main            d.u.i.k.p.i.AbstractProblemLoader Environment load took 107.6ns 
340090     INFO  main            d.u.i.k.p.i.AbstractProblemLoader Creating init config 
344499     DEBUG main            d.u.i.k.p.i.AbstractProblemLoader Init config took 4.41s 
344578     INFO  main            d.u.i.k.p.i.AbstractProblemLoader Replaying proof Fib[java.lang.Object::<inv>()].JML accessible clause.0 
344581     DEBUG main            d.u.i.k.p.i.IntermediateProofReplayer Proof replay took 1.4ms 
344582     DEBUG main            d.u.i.k.p.r.p.TestFile    ... success: reloaded. 
344583     INFO  main            d.u.i.k.p.r.p.TestFile    Now processing file /home/runner/work/key/key/key.core/../key.ui/examples/heap/permissions/threads/Fib_inv2_accessible.key 
344583     INFO  main            d.u.i.k.p.i.AbstractProblemLoader Loading environment from /home/runner/work/key/key/key.core/../key.ui/examples/heap/permissions/threads/Fib_inv2_accessible.key 
344583     DEBUG main            d.u.i.k.p.i.AbstractProblemLoader Environment load took 49.6ns 
344584     INFO  main            d.u.i.k.p.i.AbstractProblemLoader Creating init config 
349058     DEBUG main            d.u.i.k.p.i.AbstractProblemLoader Init config took 4.47s 
349156     INFO  main            d.u.i.k.p.i.AbstractProblemLoader Replaying proof Fib[java.lang.Object::<inv>()].JML accessible clause.1 
349157     DEBUG main            d.u.i.k.p.i.IntermediateProofReplayer Proof replay took 9ns 
349261     INFO  main            d.u.i.k.p.r.p.TestFile    ... finished proof: closed. 
349667     INFO  main            d.u.i.k.p.i.AbstractProblemLoader Loading environment from /home/runner/work/key/key/key.core/../key.ui/examples/heap/permissions/threads/Fib_inv2_accessible.key.proof 
349667     DEBUG main            d.u.i.k.p.i.AbstractProblemLoader Environment load took 108.2ns 
349668     INFO  main            d.u.i.k.p.i.AbstractProblemLoader Creating init config 
354082     DEBUG main            d.u.i.k.p.i.AbstractProblemLoader Init config took 4.41s 
354161     INFO  main            d.u.i.k.p.i.AbstractProblemLoader Replaying proof Fib[java.lang.Object::<inv>()].JML accessible clause.1 
354164     DEBUG main            d.u.i.k.p.i.IntermediateProofReplayer Proof replay took 1.41ms 
354164     DEBUG main            d.u.i.k.p.r.p.TestFile    ... success: reloaded. 
354165     INFO  main            d.u.i.k.p.r.p.TestFile    Now processing file /home/runner/work/key/key/key.core/../key.ui/examples/heap/permissions/threads/Fib_joinTransfer_accessible.key 
354166     INFO  main            d.u.i.k.p.i.AbstractProblemLoader Loading environment from /home/runner/work/key/key/key.core/../key.ui/examples/heap/permissions/threads/Fib_joinTransfer_accessible.key 
354166     DEBUG main            d.u.i.k.p.i.AbstractProblemLoader Environment load took 51.9ns 
354166     INFO  main            d.u.i.k.p.i.AbstractProblemLoader Creating init config 
358649     DEBUG main            d.u.i.k.p.i.AbstractProblemLoader Init config took 4.48s 
358745     INFO  main            d.u.i.k.p.i.AbstractProblemLoader Replaying proof Fib[ThreadSpec::joinTransfer()].JML accessible clause.0 
358747     DEBUG main            d.u.i.k.p.i.IntermediateProofReplayer Proof replay took 8.3ns 
358949     INFO  main            d.u.i.k.p.r.p.TestFile    ... finished proof: closed. 
359376     INFO  main            d.u.i.k.p.i.AbstractProblemLoader Loading environment from /home/runner/work/key/key/key.core/../key.ui/examples/heap/permissions/threads/Fib_joinTransfer_accessible.key.proof 
359376     DEBUG main            d.u.i.k.p.i.AbstractProblemLoader Environment load took 118.6ns 
359377     INFO  main            d.u.i.k.p.i.AbstractProblemLoader Creating init config 
363800     DEBUG main            d.u.i.k.p.i.AbstractProblemLoader Init config took 4.42s 
363880     INFO  main            d.u.i.k.p.i.AbstractProblemLoader Replaying proof Fib[ThreadSpec::joinTransfer()].JML accessible clause.0 
363901     DEBUG main            d.u.i.k.p.i.IntermediateProofReplayer Proof replay took 17.86ms 
363902     DEBUG main            d.u.i.k.p.r.p.TestFile    ... success: reloaded. 
363903     INFO  main            d.u.i.k.p.r.p.TestFile    Now processing file /home/runner/work/key/key/key.core/../key.ui/examples/heap/permissions/threads/Fib_joinTransfer_contract.key 
363903     INFO  main            d.u.i.k.p.i.AbstractProblemLoader Loading environment from /home/runner/work/key/key/key.core/../key.ui/examples/heap/permissions/threads/Fib_joinTransfer_contract.key 
363903     DEBUG main            d.u.i.k.p.i.AbstractProblemLoader Environment load took 56ns 
363904     INFO  main            d.u.i.k.p.i.AbstractProblemLoader Creating init config 
368417     DEBUG main            d.u.i.k.p.i.AbstractProblemLoader Init config took 4.51s 
368497     INFO  main            d.u.i.k.p.i.AbstractProblemLoader Replaying proof Fib[ThreadSpec::joinTransfer()].JML model_behavior operation contract.0 
368499     DEBUG main            d.u.i.k.p.i.IntermediateProofReplayer Proof replay took 10ns 
368603     INFO  main            d.u.i.k.p.r.p.TestFile    ... finished proof: closed. 
369035     INFO  main            d.u.i.k.p.i.AbstractProblemLoader Loading environment from /home/runner/work/key/key/key.core/../key.ui/examples/heap/permissions/threads/Fib_joinTransfer_contract.key.proof 
369036     DEBUG main            d.u.i.k.p.i.AbstractProblemLoader Environment load took 129.3ns 
369037     INFO  main            d.u.i.k.p.i.AbstractProblemLoader Creating init config 
373472     DEBUG main            d.u.i.k.p.i.AbstractProblemLoader Init config took 4.44s 
373553     INFO  main            d.u.i.k.p.i.AbstractProblemLoader Replaying proof Fib[ThreadSpec::joinTransfer()].JML model_behavior operation contract.0 
373560     DEBUG main            d.u.i.k.p.i.IntermediateProofReplayer Proof replay took 5.93ms 
373561     DEBUG main            d.u.i.k.p.r.p.TestFile    ... success: reloaded. 
373562     INFO  main            d.u.i.k.p.r.p.TestFile    Now processing file /home/runner/work/key/key/key.core/../key.ui/examples/heap/permissions/threads/Fib_postJoin_accessible.key 
373563     INFO  main            d.u.i.k.p.i.AbstractProblemLoader Loading environment from /home/runner/work/key/key/key.core/../key.ui/examples/heap/permissions/threads/Fib_postJoin_accessible.key 
373563     DEBUG main            d.u.i.k.p.i.AbstractProblemLoader Environment load took 80.6ns 
373564     INFO  main            d.u.i.k.p.i.AbstractProblemLoader Creating init config 
378036     DEBUG main            d.u.i.k.p.i.AbstractProblemLoader Init config took 4.47s 
378116     INFO  main            d.u.i.k.p.i.AbstractProblemLoader Replaying proof Fib[ThreadSpec::postJoin(java.lang.Object)].JML accessible clause.0 
378118     DEBUG main            d.u.i.k.p.i.IntermediateProofReplayer Proof replay took 10.6ns 
378219     INFO  main            d.u.i.k.p.r.p.TestFile    ... finished proof: closed. 
378657     INFO  main            d.u.i.k.p.i.AbstractProblemLoader Loading environment from /home/runner/work/key/key/key.core/../key.ui/examples/heap/permissions/threads/Fib_postJoin_accessible.key.proof 
378658     DEBUG main            d.u.i.k.p.i.AbstractProblemLoader Environment load took 110.1ns 
378658     INFO  main            d.u.i.k.p.i.AbstractProblemLoader Creating init config 
383102     DEBUG main            d.u.i.k.p.i.AbstractProblemLoader Init config took 4.44s 
383182     INFO  main            d.u.i.k.p.i.AbstractProblemLoader Replaying proof Fib[ThreadSpec::postJoin(java.lang.Object)].JML accessible clause.0 
383188     DEBUG main            d.u.i.k.p.i.IntermediateProofReplayer Proof replay took 4.09ms 
383189     DEBUG main            d.u.i.k.p.r.p.TestFile    ... success: reloaded. 
383189     INFO  main            d.u.i.k.p.r.p.TestFile    Now processing file /home/runner/work/key/key/key.core/../key.ui/examples/heap/permissions/threads/Fib_preStart_accessible.key 
383190     INFO  main            d.u.i.k.p.i.AbstractProblemLoader Loading environment from /home/runner/work/key/key/key.core/../key.ui/examples/heap/permissions/threads/Fib_preStart_accessible.key 
383190     DEBUG main            d.u.i.k.p.i.AbstractProblemLoader Environment load took 107.6ns 
383191     INFO  main            d.u.i.k.p.i.AbstractProblemLoader Creating init config 
387700     DEBUG main            d.u.i.k.p.i.AbstractProblemLoader Init config took 4.51s 
387795     INFO  main            d.u.i.k.p.i.AbstractProblemLoader Replaying proof Fib[ThreadSpec::preStart(java.lang.Object)].JML accessible clause.0 
387797     DEBUG main            d.u.i.k.p.i.IntermediateProofReplayer Proof replay took 9.3ns 
387900     INFO  main            d.u.i.k.p.r.p.TestFile    ... finished proof: closed. 
388343     INFO  main            d.u.i.k.p.i.AbstractProblemLoader Loading environment from /home/runner/work/key/key/key.core/../key.ui/examples/heap/permissions/threads/Fib_preStart_accessible.key.proof 
388343     DEBUG main            d.u.i.k.p.i.AbstractProblemLoader Environment load took 111.4ns 
388344     INFO  main            d.u.i.k.p.i.AbstractProblemLoader Creating init config 
392794     DEBUG main            d.u.i.k.p.i.AbstractProblemLoader Init config took 4.45s 
392888     INFO  main            d.u.i.k.p.i.AbstractProblemLoader Replaying proof Fib[ThreadSpec::preStart(java.lang.Object)].JML accessible clause.0 
392895     DEBUG main            d.u.i.k.p.i.IntermediateProofReplayer Proof replay took 4.47ms 
392896     DEBUG main            d.u.i.k.p.r.p.TestFile    ... success: reloaded. 
392896     INFO  main            d.u.i.k.p.r.p.TestFile    Now processing file /home/runner/work/key/key/key.core/../key.ui/examples/heap/permissions/threads/Fib_startTransfer_accessible.key 
392897     INFO  main            d.u.i.k.p.i.AbstractProblemLoader Loading environment from /home/runner/work/key/key/key.core/../key.ui/examples/heap/permissions/threads/Fib_startTransfer_accessible.key 
392897     DEBUG main            d.u.i.k.p.i.AbstractProblemLoader Environment load took 79.3ns 
392898     INFO  main            d.u.i.k.p.i.AbstractProblemLoader Creating init config 
397431     DEBUG main            d.u.i.k.p.i.AbstractProblemLoader Init config took 4.53s 
397510     INFO  main            d.u.i.k.p.i.AbstractProblemLoader Replaying proof Fib[ThreadSpec::startTransfer()].JML accessible clause.0 
397511     DEBUG main            d.u.i.k.p.i.IntermediateProofReplayer Proof replay took 9.5ns 
397713     INFO  main            d.u.i.k.p.r.p.TestFile    ... finished proof: closed. 
398171     INFO  main            d.u.i.k.p.i.AbstractProblemLoader Loading environment from /home/runner/work/key/key/key.core/../key.ui/examples/heap/permissions/threads/Fib_startTransfer_accessible.key.proof 
398171     DEBUG main            d.u.i.k.p.i.AbstractProblemLoader Environment load took 108.3ns 
398172     INFO  main            d.u.i.k.p.i.AbstractProblemLoader Creating init config 
402632     DEBUG main            d.u.i.k.p.i.AbstractProblemLoader Init config took 4.46s 
402723     INFO  main            d.u.i.k.p.i.AbstractProblemLoader Replaying proof Fib[ThreadSpec::startTransfer()].JML accessible clause.0 
402742     DEBUG main            d.u.i.k.p.i.IntermediateProofReplayer Proof replay took 17.29ms 
402743     DEBUG main            d.u.i.k.p.r.p.TestFile    ... success: reloaded. 
402744     INFO  main            d.u.i.k.p.r.p.TestFile    Now processing file /home/runner/work/key/key/key.core/../key.ui/examples/heap/permissions/threads/Fib_startTransfer_contract.key 
402744     INFO  main            d.u.i.k.p.i.AbstractProblemLoader Loading environment from /home/runner/work/key/key/key.core/../key.ui/examples/heap/permissions/threads/Fib_startTransfer_contract.key 
402744     DEBUG main            d.u.i.k.p.i.AbstractProblemLoader Environment load took 53.7ns 
402745     INFO  main            d.u.i.k.p.i.AbstractProblemLoader Creating init config 
407257     DEBUG main            d.u.i.k.p.i.AbstractProblemLoader Init config took 4.51s 
407337     INFO  main            d.u.i.k.p.i.AbstractProblemLoader Replaying proof Fib[ThreadSpec::startTransfer()].JML model_behavior operation contract.0 
407339     DEBUG main            d.u.i.k.p.i.IntermediateProofReplayer Proof replay took 9.8ns 
407440     INFO  main            d.u.i.k.p.r.p.TestFile    ... finished proof: closed. 
407898     INFO  main            d.u.i.k.p.i.AbstractProblemLoader Loading environment from /home/runner/work/key/key/key.core/../key.ui/examples/heap/permissions/threads/Fib_startTransfer_contract.key.proof 
407898     DEBUG main            d.u.i.k.p.i.AbstractProblemLoader Environment load took 101.3ns 
407899     INFO  main            d.u.i.k.p.i.AbstractProblemLoader Creating init config 
412344     DEBUG main            d.u.i.k.p.i.AbstractProblemLoader Init config took 4.45s 
412425     INFO  main            d.u.i.k.p.i.AbstractProblemLoader Replaying proof Fib[ThreadSpec::startTransfer()].JML model_behavior operation contract.0 
412433     DEBUG main            d.u.i.k.p.i.IntermediateProofReplayer Proof replay took 6.14ms 
412434     DEBUG main            d.u.i.k.p.r.p.TestFile    ... success: reloaded. 
412435     INFO  main            d.u.i.k.p.r.p.TestFile    Now processing file /home/runner/work/key/key/key.core/../key.ui/examples/heap/permissions/threads/Fib_workingPermissions_accessible.key 
412435     INFO  main            d.u.i.k.p.i.AbstractProblemLoader Loading environment from /home/runner/work/key/key/key.core/../key.ui/examples/heap/permissions/threads/Fib_workingPermissions_accessible.key 
412435     DEBUG main            d.u.i.k.p.i.AbstractProblemLoader Environment load took 79.1ns 
412436     INFO  main            d.u.i.k.p.i.AbstractProblemLoader Creating init config 
416939     DEBUG main            d.u.i.k.p.i.AbstractProblemLoader Init config took 4.5s 
417034     INFO  main            d.u.i.k.p.i.AbstractProblemLoader Replaying proof Fib[ThreadSpec::workingPermissions()].JML accessible clause.0 
417035     DEBUG main            d.u.i.k.p.i.IntermediateProofReplayer Proof replay took 7.7ns 
417137     INFO  main            d.u.i.k.p.r.p.TestFile    ... finished proof: closed. 
417600     INFO  main            d.u.i.k.p.i.AbstractProblemLoader Loading environment from /home/runner/work/key/key/key.core/../key.ui/examples/heap/permissions/threads/Fib_workingPermissions_accessible.key.proof 
417600     DEBUG main            d.u.i.k.p.i.AbstractProblemLoader Environment load took 156.1ns 
417601     INFO  main            d.u.i.k.p.i.AbstractProblemLoader Creating init config 
422062     DEBUG main            d.u.i.k.p.i.AbstractProblemLoader Init config took 4.46s 
422141     INFO  main            d.u.i.k.p.i.AbstractProblemLoader Replaying proof Fib[ThreadSpec::workingPermissions()].JML accessible clause.0 
422145     DEBUG main            d.u.i.k.p.i.IntermediateProofReplayer Proof replay took 1.88ms 
422146     DEBUG main            d.u.i.k.p.r.p.TestFile    ... success: reloaded. 
422146     INFO  main            d.u.i.k.p.r.p.TestFile    Now processing file /home/runner/work/key/key/key.core/../key.ui/examples/heap/permissions/threads/Plotter_initPost_accessible.key 
422147     INFO  main            d.u.i.k.p.i.AbstractProblemLoader Loading environment from /home/runner/work/key/key/key.core/../key.ui/examples/heap/permissions/threads/Plotter_initPost_accessible.key 
422147     DEBUG main            d.u.i.k.p.i.AbstractProblemLoader Environment load took 49.5ns 
422148     INFO  main            d.u.i.k.p.i.AbstractProblemLoader Creating init config 
426684     DEBUG main            d.u.i.k.p.i.AbstractProblemLoader Init config took 4.54s 
426764     INFO  main            d.u.i.k.p.i.AbstractProblemLoader Replaying proof Plotter[ThreadSpec2::initPost()].JML accessible clause.0 
426766     DEBUG main            d.u.i.k.p.i.IntermediateProofReplayer Proof replay took 8.5ns 
426868     INFO  main            d.u.i.k.p.r.p.TestFile    ... finished proof: closed. 
427352     INFO  main            d.u.i.k.p.i.AbstractProblemLoader Loading environment from /home/runner/work/key/key/key.core/../key.ui/examples/heap/permissions/threads/Plotter_initPost_accessible.key.proof 
427352     DEBUG main            d.u.i.k.p.i.AbstractProblemLoader Environment load took 131.2ns 
427353     INFO  main            d.u.i.k.p.i.AbstractProblemLoader Creating init config 
431819     DEBUG main            d.u.i.k.p.i.AbstractProblemLoader Init config took 4.47s 
431898     INFO  main            d.u.i.k.p.i.AbstractProblemLoader Replaying proof Plotter[ThreadSpec2::initPost()].JML accessible clause.0 
431908     DEBUG main            d.u.i.k.p.i.IntermediateProofReplayer Proof replay took 8.79ms 
431909     DEBUG main            d.u.i.k.p.r.p.TestFile    ... success: reloaded. 
431910     INFO  main            d.u.i.k.p.r.p.TestFile    Now processing file /home/runner/work/key/key/key.core/../key.ui/examples/heap/permissions/threads/Plotter_inv_accessible1.key 
431911     INFO  main            d.u.i.k.p.i.AbstractProblemLoader Loading environment from /home/runner/work/key/key/key.core/../key.ui/examples/heap/permissions/threads/Plotter_inv_accessible1.key 
431911     DEBUG main            d.u.i.k.p.i.AbstractProblemLoader Environment load took 54.5ns 
431911     INFO  main            d.u.i.k.p.i.AbstractProblemLoader Creating init config 
436446     DEBUG main            d.u.i.k.p.i.AbstractProblemLoader Init config took 4.53s 
436525     INFO  main            d.u.i.k.p.i.AbstractProblemLoader Replaying proof Plotter[java.lang.Object::<inv>()].JML accessible clause.0 
436527     DEBUG main            d.u.i.k.p.i.IntermediateProofReplayer Proof replay took 9.4ns 
436629     INFO  main            d.u.i.k.p.r.p.TestFile    ... finished proof: closed. 
437113     INFO  main            d.u.i.k.p.i.AbstractProblemLoader Loading environment from /home/runner/work/key/key/key.core/../key.ui/examples/heap/permissions/threads/Plotter_inv_accessible1.key.proof 
437114     DEBUG main            d.u.i.k.p.i.AbstractProblemLoader Environment load took 101.5ns 
437115     INFO  main            d.u.i.k.p.i.AbstractProblemLoader Creating init config 
441560     DEBUG main            d.u.i.k.p.i.AbstractProblemLoader Init config took 4.45s 
441638     INFO  main            d.u.i.k.p.i.AbstractProblemLoader Replaying proof Plotter[java.lang.Object::<inv>()].JML accessible clause.0 
441643     DEBUG main            d.u.i.k.p.i.IntermediateProofReplayer Proof replay took 1.45ms 
441644     DEBUG main            d.u.i.k.p.r.p.TestFile    ... success: reloaded. 
441645     INFO  main            d.u.i.k.p.r.p.TestFile    Now processing file /home/runner/work/key/key/key.core/../key.ui/examples/heap/permissions/threads/Plotter_inv_accessible2.key 
441645     INFO  main            d.u.i.k.p.i.AbstractProblemLoader Loading environment from /home/runner/work/key/key/key.core/../key.ui/examples/heap/permissions/threads/Plotter_inv_accessible2.key 
441645     DEBUG main            d.u.i.k.p.i.AbstractProblemLoader Environment load took 51.1ns 
441646     INFO  main            d.u.i.k.p.i.AbstractProblemLoader Creating init config 
446166     DEBUG main            d.u.i.k.p.i.AbstractProblemLoader Init config took 4.52s 
446260     INFO  main            d.u.i.k.p.i.AbstractProblemLoader Replaying proof Plotter[java.lang.Object::<inv>()].JML accessible clause.1 
446262     DEBUG main            d.u.i.k.p.i.IntermediateProofReplayer Proof replay took 8.5ns 
446363     INFO  main            d.u.i.k.p.r.p.TestFile    ... finished proof: closed. 
446848     INFO  main            d.u.i.k.p.i.AbstractProblemLoader Loading environment from /home/runner/work/key/key/key.core/../key.ui/examples/heap/permissions/threads/Plotter_inv_accessible2.key.proof 
446848     DEBUG main            d.u.i.k.p.i.AbstractProblemLoader Environment load took 106.7ns 
446849     INFO  main            d.u.i.k.p.i.AbstractProblemLoader Creating init config 
451279     DEBUG main            d.u.i.k.p.i.AbstractProblemLoader Init config took 4.43s 
451373     INFO  main            d.u.i.k.p.i.AbstractProblemLoader Replaying proof Plotter[java.lang.Object::<inv>()].JML accessible clause.1 
451376     DEBUG main            d.u.i.k.p.i.IntermediateProofReplayer Proof replay took 1.45ms 
451377     DEBUG main            d.u.i.k.p.r.p.TestFile    ... success: reloaded. 
451378     INFO  main            d.u.i.k.p.r.p.TestFile    Now processing file /home/runner/work/key/key/key.core/../key.ui/examples/heap/permissions/threads/Plotter_joinTransfer_contract.key 
451378     INFO  main            d.u.i.k.p.i.AbstractProblemLoader Loading environment from /home/runner/work/key/key/key.core/../key.ui/examples/heap/permissions/threads/Plotter_joinTransfer_contract.key 
451378     DEBUG main            d.u.i.k.p.i.AbstractProblemLoader Environment load took 73ns 
451379     INFO  main            d.u.i.k.p.i.AbstractProblemLoader Creating init config 
455912     DEBUG main            d.u.i.k.p.i.AbstractProblemLoader Init config took 4.53s 
455992     INFO  main            d.u.i.k.p.i.AbstractProblemLoader Replaying proof Plotter[ThreadSpec2::joinTransfer()].JML model_behavior operation contract.0 
455994     DEBUG main            d.u.i.k.p.i.IntermediateProofReplayer Proof replay took 9ns 
456097     INFO  main            d.u.i.k.p.r.p.TestFile    ... finished proof: closed. 
456590     INFO  main            d.u.i.k.p.i.AbstractProblemLoader Loading environment from /home/runner/work/key/key/key.core/../key.ui/examples/heap/permissions/threads/Plotter_joinTransfer_contract.key.proof 
456590     DEBUG main            d.u.i.k.p.i.AbstractProblemLoader Environment load took 104.5ns 
456591     INFO  main            d.u.i.k.p.i.AbstractProblemLoader Creating init config 
460997     DEBUG main            d.u.i.k.p.i.AbstractProblemLoader Init config took 4.41s 
461088     INFO  main            d.u.i.k.p.i.AbstractProblemLoader Replaying proof Plotter[ThreadSpec2::joinTransfer()].JML model_behavior operation contract.0 
461096     DEBUG main            d.u.i.k.p.i.IntermediateProofReplayer Proof replay took 6.62ms 
461097     DEBUG main            d.u.i.k.p.r.p.TestFile    ... success: reloaded. 
461098     INFO  main            d.u.i.k.p.r.p.TestFile    Now processing file /home/runner/work/key/key/key.core/../key.ui/examples/heap/permissions/threads/Plotter_Plotter.key 
461098     INFO  main            d.u.i.k.p.i.AbstractProblemLoader Loading environment from /home/runner/work/key/key/key.core/../key.ui/examples/heap/permissions/threads/Plotter_Plotter.key 
461098     DEBUG main            d.u.i.k.p.i.AbstractProblemLoader Environment load took 52.1ns 
461099     INFO  main            d.u.i.k.p.i.AbstractProblemLoader Creating init config 
465569     DEBUG main            d.u.i.k.p.i.AbstractProblemLoader Init config took 4.47s 
465648     INFO  main            d.u.i.k.p.i.AbstractProblemLoader Replaying proof Plotter[Plotter::Plotter(AFilter,BFilter,Buffer)].JML normal_behavior operation contract.0 
465650     DEBUG main            d.u.i.k.p.i.IntermediateProofReplayer Proof replay took 9.3ns 
467358     INFO  main            d.u.i.k.p.r.p.TestFile    ... finished proof: closed. 
467880     INFO  main            d.u.i.k.p.i.AbstractProblemLoader Loading environment from /home/runner/work/key/key/key.core/../key.ui/examples/heap/permissions/threads/Plotter_Plotter.key.proof 
467880     DEBUG main            d.u.i.k.p.i.AbstractProblemLoader Environment load took 359.21ns 
467882     INFO  main            d.u.i.k.p.i.AbstractProblemLoader Creating init config 
472296     DEBUG main            d.u.i.k.p.i.AbstractProblemLoader Init config took 4.41s 
472376     INFO  main            d.u.i.k.p.i.AbstractProblemLoader Replaying proof Plotter[Plotter::Plotter(AFilter,BFilter,Buffer)].JML normal_behavior operation contract.0 
472545     DEBUG main            d.u.i.k.p.i.IntermediateProofReplayer Proof replay took 164.09ms 
472547     DEBUG main            d.u.i.k.p.r.p.TestFile    ... success: reloaded. 
472548     INFO  main            d.u.i.k.p.r.p.TestFile    Now processing file /home/runner/work/key/key/key.core/../key.ui/examples/heap/permissions/threads/Plotter_postJoin_accessible.key 
472548     INFO  main            d.u.i.k.p.i.AbstractProblemLoader Loading environment from /home/runner/work/key/key/key.core/../key.ui/examples/heap/permissions/threads/Plotter_postJoin_accessible.key 
472548     DEBUG main            d.u.i.k.p.i.AbstractProblemLoader Environment load took 163ns 
472549     INFO  main            d.u.i.k.p.i.AbstractProblemLoader Creating init config 
477190     DEBUG main            d.u.i.k.p.i.AbstractProblemLoader Init config took 4.64s 
477272     INFO  main            d.u.i.k.p.i.AbstractProblemLoader Replaying proof Plotter[ThreadSpec2::postJoin(java.lang.Object)].JML accessible clause.0 
477273     DEBUG main            d.u.i.k.p.i.IntermediateProofReplayer Proof replay took 7.8ns 
477375     INFO  main            d.u.i.k.p.r.p.TestFile    ... finished proof: closed. 
477866     INFO  main            d.u.i.k.p.i.AbstractProblemLoader Loading environment from /home/runner/work/key/key/key.core/../key.ui/examples/heap/permissions/threads/Plotter_postJoin_accessible.key.proof 
477867     DEBUG main            d.u.i.k.p.i.AbstractProblemLoader Environment load took 100.6ns 
477867     INFO  main            d.u.i.k.p.i.AbstractProblemLoader Creating init config 
482275     DEBUG main            d.u.i.k.p.i.AbstractProblemLoader Init config took 4.41s 
482353     INFO  main            d.u.i.k.p.i.AbstractProblemLoader Replaying proof Plotter[ThreadSpec2::postJoin(java.lang.Object)].JML accessible clause.0 
482365     DEBUG main            d.u.i.k.p.i.IntermediateProofReplayer Proof replay took 8.53ms 
482366     DEBUG main            d.u.i.k.p.r.p.TestFile    ... success: reloaded. 
482367     INFO  main            d.u.i.k.p.r.p.TestFile    Now processing file /home/runner/work/key/key/key.core/../key.ui/examples/heap/permissions/threads/Plotter_preStart_accessible.key 
482367     INFO  main            d.u.i.k.p.i.AbstractProblemLoader Loading environment from /home/runner/work/key/key/key.core/../key.ui/examples/heap/permissions/threads/Plotter_preStart_accessible.key 
482367     DEBUG main            d.u.i.k.p.i.AbstractProblemLoader Environment load took 50ns 
482368     INFO  main            d.u.i.k.p.i.AbstractProblemLoader Creating init config 
486860     DEBUG main            d.u.i.k.p.i.AbstractProblemLoader Init config took 4.49s 
486956     INFO  main            d.u.i.k.p.i.AbstractProblemLoader Replaying proof Plotter[ThreadSpec2::preStart(java.lang.Object)].JML accessible clause.0 
486957     DEBUG main            d.u.i.k.p.i.IntermediateProofReplayer Proof replay took 8.4ns 
487961     INFO  main            d.u.i.k.p.r.p.TestFile    ... finished proof: closed. 
488474     INFO  main            d.u.i.k.p.i.AbstractProblemLoader Loading environment from /home/runner/work/key/key/key.core/../key.ui/examples/heap/permissions/threads/Plotter_preStart_accessible.key.proof 
488474     DEBUG main            d.u.i.k.p.i.AbstractProblemLoader Environment load took 115.3ns 
488475     INFO  main            d.u.i.k.p.i.AbstractProblemLoader Creating init config 
493072     DEBUG main            d.u.i.k.p.i.AbstractProblemLoader Init config took 4.6s 
493149     INFO  main            d.u.i.k.p.i.AbstractProblemLoader Replaying proof Plotter[ThreadSpec2::preStart(java.lang.Object)].JML accessible clause.0 
493238     DEBUG main            d.u.i.k.p.i.IntermediateProofReplayer Proof replay took 85.79ms 
493244     DEBUG main            d.u.i.k.p.r.p.TestFile    ... success: reloaded. 
493245     INFO  main            d.u.i.k.p.r.p.TestFile    Now processing file /home/runner/work/key/key/key.core/../key.ui/examples/heap/permissions/threads/Plotter_stateInv_accessible.key 
493245     INFO  main            d.u.i.k.p.i.AbstractProblemLoader Loading environment from /home/runner/work/key/key/key.core/../key.ui/examples/heap/permissions/threads/Plotter_stateInv_accessible.key 
493245     DEBUG main            d.u.i.k.p.i.AbstractProblemLoader Environment load took 106.8ns 
493246     INFO  main            d.u.i.k.p.i.AbstractProblemLoader Creating init config 
498057     DEBUG main            d.u.i.k.p.i.AbstractProblemLoader Init config took 4.81s 
498145     INFO  main            d.u.i.k.p.i.AbstractProblemLoader Replaying proof Plotter[ThreadSpec2::stateInv()].JML accessible clause.0 
498148     DEBUG main            d.u.i.k.p.i.IntermediateProofReplayer Proof replay took 23.3ns 
506041     INFO  main            d.u.i.k.p.r.p.TestFile    ... finished proof: closed. 
506589     INFO  main            d.u.i.k.p.i.AbstractProblemLoader Loading environment from /home/runner/work/key/key/key.core/../key.ui/examples/heap/permissions/threads/Plotter_stateInv_accessible.key.proof 
506589     DEBUG main            d.u.i.k.p.i.AbstractProblemLoader Environment load took 385.61ns 
506591     INFO  main            d.u.i.k.p.i.AbstractProblemLoader Creating init config 
511392     DEBUG main            d.u.i.k.p.i.AbstractProblemLoader Init config took 4.8s 
511472     INFO  main            d.u.i.k.p.i.AbstractProblemLoader Replaying proof Plotter[ThreadSpec2::stateInv()].JML accessible clause.0 
511879     DEBUG main            d.u.i.k.p.i.IntermediateProofReplayer Proof replay took 392.57ms 
511881     DEBUG main            d.u.i.k.p.r.p.TestFile    ... success: reloaded. 
511882     INFO  main            d.u.i.k.p.r.p.TestFile    Now processing file /home/runner/work/key/key/key.core/../key.ui/examples/heap/permissions/threads/Plotter_staticPermissions_accessible.key 
511882     INFO  main            d.u.i.k.p.i.AbstractProblemLoader Loading environment from /home/runner/work/key/key/key.core/../key.ui/examples/heap/permissions/threads/Plotter_staticPermissions_accessible.key 
511882     DEBUG main            d.u.i.k.p.i.AbstractProblemLoader Environment load took 70.2ns 
511883     INFO  main            d.u.i.k.p.i.AbstractProblemLoader Creating init config 
516420     DEBUG main            d.u.i.k.p.i.AbstractProblemLoader Init config took 4.54s 
516499     INFO  main            d.u.i.k.p.i.AbstractProblemLoader Replaying proof Plotter[ThreadSpec2::staticPermissions()].JML accessible clause.0 
516500     DEBUG main            d.u.i.k.p.i.IntermediateProofReplayer Proof replay took 41.4ns 
517404     INFO  main            d.u.i.k.p.r.p.TestFile    ... finished proof: closed. 
517941     INFO  main            d.u.i.k.p.i.AbstractProblemLoader Loading environment from /home/runner/work/key/key/key.core/../key.ui/examples/heap/permissions/threads/Plotter_staticPermissions_accessible.key.proof 
517941     DEBUG main            d.u.i.k.p.i.AbstractProblemLoader Environment load took 98.8ns 
517942     INFO  main            d.u.i.k.p.i.AbstractProblemLoader Creating init config 
522360     DEBUG main            d.u.i.k.p.i.AbstractProblemLoader Init config took 4.42s 
522440     INFO  main            d.u.i.k.p.i.AbstractProblemLoader Replaying proof Plotter[ThreadSpec2::staticPermissions()].JML accessible clause.0 
522482     DEBUG main            d.u.i.k.p.i.IntermediateProofReplayer Proof replay took 39.27ms 
522483     DEBUG main            d.u.i.k.p.r.p.TestFile    ... success: reloaded. 
522484     INFO  main            d.u.i.k.p.r.p.TestFile    Now processing file /home/runner/work/key/key/key.core/../key.ui/examples/heap/permissions/threads/Plotter_workingPermissions_accessible.key 
522485     INFO  main            d.u.i.k.p.i.AbstractProblemLoader Loading environment from /home/runner/work/key/key/key.core/../key.ui/examples/heap/permissions/threads/Plotter_workingPermissions_accessible.key 
522485     DEBUG main            d.u.i.k.p.i.AbstractProblemLoader Environment load took 100.8ns 
522486     INFO  main            d.u.i.k.p.i.AbstractProblemLoader Creating init config 
526961     DEBUG main            d.u.i.k.p.i.AbstractProblemLoader Init config took 4.48s 
527039     INFO  main            d.u.i.k.p.i.AbstractProblemLoader Replaying proof Plotter[ThreadSpec2::workingPermissions()].JML accessible clause.0 
527040     DEBUG main            d.u.i.k.p.i.IntermediateProofReplayer Proof replay took 3.7ns 
527242     INFO  main            d.u.i.k.p.r.p.TestFile    ... finished proof: closed. 
527778     INFO  main            d.u.i.k.p.i.AbstractProblemLoader Loading environment from /home/runner/work/key/key/key.core/../key.ui/examples/heap/permissions/threads/Plotter_workingPermissions_accessible.key.proof 
527778     DEBUG main            d.u.i.k.p.i.AbstractProblemLoader Environment load took 89.3ns 
527779     INFO  main            d.u.i.k.p.i.AbstractProblemLoader Creating init config 
532181     DEBUG main            d.u.i.k.p.i.AbstractProblemLoader Init config took 4.4s 
532261     INFO  main            d.u.i.k.p.i.AbstractProblemLoader Replaying proof Plotter[ThreadSpec2::workingPermissions()].JML accessible clause.0 
532273     DEBUG main            d.u.i.k.p.i.IntermediateProofReplayer Proof replay took 11.11ms 
532274     DEBUG main            d.u.i.k.p.r.p.TestFile    ... success: reloaded. 
532275     INFO  main            d.u.i.k.p.r.p.TestFile    Now processing file /home/runner/work/key/key/key.core/../key.ui/examples/heap/permissions/threads/Sampler_initPost_accessible.key 
532275     INFO  main            d.u.i.k.p.i.AbstractProblemLoader Loading environment from /home/runner/work/key/key/key.core/../key.ui/examples/heap/permissions/threads/Sampler_initPost_accessible.key 
532276     DEBUG main            d.u.i.k.p.i.AbstractProblemLoader Environment load took 83.3ns 
532276     INFO  main            d.u.i.k.p.i.AbstractProblemLoader Creating init config 
536756     DEBUG main            d.u.i.k.p.i.AbstractProblemLoader Init config took 4.48s 
536835     INFO  main            d.u.i.k.p.i.AbstractProblemLoader Replaying proof Sampler[ThreadSpec2::initPost()].JML accessible clause.0 
536837     DEBUG main            d.u.i.k.p.i.IntermediateProofReplayer Proof replay took 3.8ns 
536940     INFO  main            d.u.i.k.p.r.p.TestFile    ... finished proof: closed. 
537493     INFO  main            d.u.i.k.p.i.AbstractProblemLoader Loading environment from /home/runner/work/key/key/key.core/../key.ui/examples/heap/permissions/threads/Sampler_initPost_accessible.key.proof 
537493     DEBUG main            d.u.i.k.p.i.AbstractProblemLoader Environment load took 91.6ns 
537494     INFO  main            d.u.i.k.p.i.AbstractProblemLoader Creating init config 
541882     DEBUG main            d.u.i.k.p.i.AbstractProblemLoader Init config took 4.39s 
541963     INFO  main            d.u.i.k.p.i.AbstractProblemLoader Replaying proof Sampler[ThreadSpec2::initPost()].JML accessible clause.0 
541969     DEBUG main            d.u.i.k.p.i.IntermediateProofReplayer Proof replay took 4.26ms 
541969     DEBUG main            d.u.i.k.p.r.p.TestFile    ... success: reloaded. 
541970     INFO  main            d.u.i.k.p.r.p.TestFile    Now processing file /home/runner/work/key/key/key.core/../key.ui/examples/heap/permissions/threads/Sampler_inv_accessible1.key 
541970     INFO  main            d.u.i.k.p.i.AbstractProblemLoader Loading environment from /home/runner/work/key/key/key.core/../key.ui/examples/heap/permissions/threads/Sampler_inv_accessible1.key 
541971     DEBUG main            d.u.i.k.p.i.AbstractProblemLoader Environment load took 45.4ns 
541971     INFO  main            d.u.i.k.p.i.AbstractProblemLoader Creating init config 
546428     DEBUG main            d.u.i.k.p.i.AbstractProblemLoader Init config took 4.46s 
546523     INFO  main            d.u.i.k.p.i.AbstractProblemLoader Replaying proof Sampler[java.lang.Object::<inv>()].JML accessible clause.0 
546524     DEBUG main            d.u.i.k.p.i.IntermediateProofReplayer Proof replay took 5.1ns 
546626     INFO  main            d.u.i.k.p.r.p.TestFile    ... finished proof: closed. 
547177     INFO  main            d.u.i.k.p.i.AbstractProblemLoader Loading environment from /home/runner/work/key/key/key.core/../key.ui/examples/heap/permissions/threads/Sampler_inv_accessible1.key.proof 
547177     DEBUG main            d.u.i.k.p.i.AbstractProblemLoader Environment load took 98.4ns 
547178     INFO  main            d.u.i.k.p.i.AbstractProblemLoader Creating init config 
551577     DEBUG main            d.u.i.k.p.i.AbstractProblemLoader Init config took 4.4s 
551656     INFO  main            d.u.i.k.p.i.AbstractProblemLoader Replaying proof Sampler[java.lang.Object::<inv>()].JML accessible clause.0 
551659     DEBUG main            d.u.i.k.p.i.IntermediateProofReplayer Proof replay took 1.45ms 
551660     DEBUG main            d.u.i.k.p.r.p.TestFile    ... success: reloaded. 
551660     INFO  main            d.u.i.k.p.r.p.TestFile    Now processing file /home/runner/work/key/key/key.core/../key.ui/examples/heap/permissions/threads/Sampler_inv_accessible2.key 
551661     INFO  main            d.u.i.k.p.i.AbstractProblemLoader Loading environment from /home/runner/work/key/key/key.core/../key.ui/examples/heap/permissions/threads/Sampler_inv_accessible2.key 
551661     DEBUG main            d.u.i.k.p.i.AbstractProblemLoader Environment load took 47.1ns 
551662     INFO  main            d.u.i.k.p.i.AbstractProblemLoader Creating init config 
556119     DEBUG main            d.u.i.k.p.i.AbstractProblemLoader Init config took 4.46s 
556196     INFO  main            d.u.i.k.p.i.AbstractProblemLoader Replaying proof Sampler[java.lang.Object::<inv>()].JML accessible clause.1 
556197     DEBUG main            d.u.i.k.p.i.IntermediateProofReplayer Proof replay took 3.3ns 
556299     INFO  main            d.u.i.k.p.r.p.TestFile    ... finished proof: closed. 
556862     INFO  main            d.u.i.k.p.i.AbstractProblemLoader Loading environment from /home/runner/work/key/key/key.core/../key.ui/examples/heap/permissions/threads/Sampler_inv_accessible2.key.proof 
556862     DEBUG main            d.u.i.k.p.i.AbstractProblemLoader Environment load took 85ns 
556863     INFO  main            d.u.i.k.p.i.AbstractProblemLoader Creating init config 
561247     DEBUG main            d.u.i.k.p.i.AbstractProblemLoader Init config took 4.38s 
561324     INFO  main            d.u.i.k.p.i.AbstractProblemLoader Replaying proof Sampler[java.lang.Object::<inv>()].JML accessible clause.1 
561327     DEBUG main            d.u.i.k.p.i.IntermediateProofReplayer Proof replay took 1.4ms 
561328     DEBUG main            d.u.i.k.p.r.p.TestFile    ... success: reloaded. 
561329     INFO  main            d.u.i.k.p.r.p.TestFile    Now processing file /home/runner/work/key/key/key.core/../key.ui/examples/heap/permissions/threads/Sampler_joinTransfer_accessible.key 
561329     INFO  main            d.u.i.k.p.i.AbstractProblemLoader Loading environment from /home/runner/work/key/key/key.core/../key.ui/examples/heap/permissions/threads/Sampler_joinTransfer_accessible.key 
561329     DEBUG main            d.u.i.k.p.i.AbstractProblemLoader Environment load took 64.2ns 
561330     INFO  main            d.u.i.k.p.i.AbstractProblemLoader Creating init config 
565839     DEBUG main            d.u.i.k.p.i.AbstractProblemLoader Init config took 4.51s 
565918     INFO  main            d.u.i.k.p.i.AbstractProblemLoader Replaying proof Sampler[ThreadSpec2::joinTransfer()].JML accessible clause.0 
565920     DEBUG main            d.u.i.k.p.i.IntermediateProofReplayer Proof replay took 4ns 
569131     INFO  main            d.u.i.k.p.r.p.TestFile    ... finished proof: closed. 
569709     INFO  main            d.u.i.k.p.i.AbstractProblemLoader Loading environment from /home/runner/work/key/key/key.core/../key.ui/examples/heap/permissions/threads/Sampler_joinTransfer_accessible.key.proof 
569709     DEBUG main            d.u.i.k.p.i.AbstractProblemLoader Environment load took 407.91ns 
569711     INFO  main            d.u.i.k.p.i.AbstractProblemLoader Creating init config 
574105     DEBUG main            d.u.i.k.p.i.AbstractProblemLoader Init config took 4.39s 
574197     INFO  main            d.u.i.k.p.i.AbstractProblemLoader Replaying proof Sampler[ThreadSpec2::joinTransfer()].JML accessible clause.0 
574644     DEBUG main            d.u.i.k.p.i.IntermediateProofReplayer Proof replay took 436.81ms 
574646     DEBUG main            d.u.i.k.p.r.p.TestFile    ... success: reloaded. 
574646     INFO  main            d.u.i.k.p.r.p.TestFile    Now processing file /home/runner/work/key/key/key.core/../key.ui/examples/heap/permissions/threads/Sampler_joinTransfer_contract.key 
574647     INFO  main            d.u.i.k.p.i.AbstractProblemLoader Loading environment from /home/runner/work/key/key/key.core/../key.ui/examples/heap/permissions/threads/Sampler_joinTransfer_contract.key 
574647     DEBUG main            d.u.i.k.p.i.AbstractProblemLoader Environment load took 49.6ns 
574647     INFO  main            d.u.i.k.p.i.AbstractProblemLoader Creating init config 
579208     DEBUG main            d.u.i.k.p.i.AbstractProblemLoader Init config took 4.56s 
579287     INFO  main            d.u.i.k.p.i.AbstractProblemLoader Replaying proof Sampler[ThreadSpec2::joinTransfer()].JML model_behavior operation contract.0 
579288     DEBUG main            d.u.i.k.p.i.IntermediateProofReplayer Proof replay took 3.5ns 
579390     INFO  main            d.u.i.k.p.r.p.TestFile    ... finished proof: closed. 
579939     INFO  main            d.u.i.k.p.i.AbstractProblemLoader Loading environment from /home/runner/work/key/key/key.core/../key.ui/examples/heap/permissions/threads/Sampler_joinTransfer_contract.key.proof 
579940     DEBUG main            d.u.i.k.p.i.AbstractProblemLoader Environment load took 83.1ns 
579940     INFO  main            d.u.i.k.p.i.AbstractProblemLoader Creating init config 
584318     DEBUG main            d.u.i.k.p.i.AbstractProblemLoader Init config took 4.38s 
584396     INFO  main            d.u.i.k.p.i.AbstractProblemLoader Replaying proof Sampler[ThreadSpec2::joinTransfer()].JML model_behavior operation contract.0 
584403     DEBUG main            d.u.i.k.p.i.IntermediateProofReplayer Proof replay took 5.8ms 
584404     DEBUG main            d.u.i.k.p.r.p.TestFile    ... success: reloaded. 
584405     INFO  main            d.u.i.k.p.r.p.TestFile    Now processing file /home/runner/work/key/key/key.core/../key.ui/examples/heap/permissions/threads/Sampler_postJoin_accessible.key 
584405     INFO  main            d.u.i.k.p.i.AbstractProblemLoader Loading environment from /home/runner/work/key/key/key.core/../key.ui/examples/heap/permissions/threads/Sampler_postJoin_accessible.key 
584405     DEBUG main            d.u.i.k.p.i.AbstractProblemLoader Environment load took 58.2ns 
584406     INFO  main            d.u.i.k.p.i.AbstractProblemLoader Creating init config 
588857     DEBUG main            d.u.i.k.p.i.AbstractProblemLoader Init config took 4.45s 
588936     INFO  main            d.u.i.k.p.i.AbstractProblemLoader Replaying proof Sampler[ThreadSpec2::postJoin(java.lang.Object)].JML accessible clause.0 
588938     DEBUG main            d.u.i.k.p.i.IntermediateProofReplayer Proof replay took 4ns 
589039     INFO  main            d.u.i.k.p.r.p.TestFile    ... finished proof: closed. 
589606     INFO  main            d.u.i.k.p.i.AbstractProblemLoader Loading environment from /home/runner/work/key/key/key.core/../key.ui/examples/heap/permissions/threads/Sampler_postJoin_accessible.key.proof 
589606     DEBUG main            d.u.i.k.p.i.AbstractProblemLoader Environment load took 84.3ns 
589607     INFO  main            d.u.i.k.p.i.AbstractProblemLoader Creating init config 
593989     DEBUG main            d.u.i.k.p.i.AbstractProblemLoader Init config took 4.38s 
594082     INFO  main            d.u.i.k.p.i.AbstractProblemLoader Replaying proof Sampler[ThreadSpec2::postJoin(java.lang.Object)].JML accessible clause.0 
594090     DEBUG main            d.u.i.k.p.i.IntermediateProofReplayer Proof replay took 7.11ms 
594091     DEBUG main            d.u.i.k.p.r.p.TestFile    ... success: reloaded. 
594092     INFO  main            d.u.i.k.p.r.p.TestFile    Now processing file /home/runner/work/key/key/key.core/../key.ui/examples/heap/permissions/threads/Sampler_preStart_accessible.key 
594092     INFO  main            d.u.i.k.p.i.AbstractProblemLoader Loading environment from /home/runner/work/key/key/key.core/../key.ui/examples/heap/permissions/threads/Sampler_preStart_accessible.key 
594092     DEBUG main            d.u.i.k.p.i.AbstractProblemLoader Environment load took 42.9ns 
594093     INFO  main            d.u.i.k.p.i.AbstractProblemLoader Creating init config 
598645     DEBUG main            d.u.i.k.p.i.AbstractProblemLoader Init config took 4.55s 
598734     INFO  main            d.u.i.k.p.i.AbstractProblemLoader Replaying proof Sampler[ThreadSpec2::preStart(java.lang.Object)].JML accessible clause.0 
598736     DEBUG main            d.u.i.k.p.i.IntermediateProofReplayer Proof replay took 3.8ns 
598837     INFO  main            d.u.i.k.p.r.p.TestFile    ... finished proof: closed. 
599404     INFO  main            d.u.i.k.p.i.AbstractProblemLoader Loading environment from /home/runner/work/key/key/key.core/../key.ui/examples/heap/permissions/threads/Sampler_preStart_accessible.key.proof 
599404     DEBUG main            d.u.i.k.p.i.AbstractProblemLoader Environment load took 86.5ns 
599405     INFO  main            d.u.i.k.p.i.AbstractProblemLoader Creating init config 
603779     DEBUG main            d.u.i.k.p.i.AbstractProblemLoader Init config took 4.37s 
603870     INFO  main            d.u.i.k.p.i.AbstractProblemLoader Replaying proof Sampler[ThreadSpec2::preStart(java.lang.Object)].JML accessible clause.0 
603879     DEBUG main            d.u.i.k.p.i.IntermediateProofReplayer Proof replay took 6.77ms 
603879     DEBUG main            d.u.i.k.p.r.p.TestFile    ... success: reloaded. 
603880     INFO  main            d.u.i.k.p.r.p.TestFile    Now processing file /home/runner/work/key/key/key.core/../key.ui/examples/heap/permissions/threads/Sampler_run.key 
603880     INFO  main            d.u.i.k.p.i.AbstractProblemLoader Loading environment from /home/runner/work/key/key/key.core/../key.ui/examples/heap/permissions/threads/Sampler_run.key 
603880     DEBUG main            d.u.i.k.p.i.AbstractProblemLoader Environment load took 44.4ns 
603881     INFO  main            d.u.i.k.p.i.AbstractProblemLoader Creating init config 
608448     DEBUG main            d.u.i.k.p.i.AbstractProblemLoader Init config took 4.57s 
608536     INFO  main            d.u.i.k.p.i.AbstractProblemLoader Replaying proof Sampler[ThreadSpec2::run()].JML normal_behavior operation contract.0 
608538     DEBUG main            d.u.i.k.p.i.IntermediateProofReplayer Proof replay took 4ns 
608740     INFO  main            d.u.i.k.p.r.p.TestFile    ... finished proof: closed. 
609309     INFO  main            d.u.i.k.p.i.AbstractProblemLoader Loading environment from /home/runner/work/key/key/key.core/../key.ui/examples/heap/permissions/threads/Sampler_run.key.proof 
609309     DEBUG main            d.u.i.k.p.i.AbstractProblemLoader Environment load took 90.2ns 
609310     INFO  main            d.u.i.k.p.i.AbstractProblemLoader Creating init config 
613883     DEBUG main            d.u.i.k.p.i.AbstractProblemLoader Init config took 4.57s 
613974     INFO  main            d.u.i.k.p.i.AbstractProblemLoader Replaying proof Sampler[ThreadSpec2::run()].JML normal_behavior operation contract.0 
614007     DEBUG main            d.u.i.k.p.i.IntermediateProofReplayer Proof replay took 31.24ms 
614008     DEBUG main            d.u.i.k.p.r.p.TestFile    ... success: reloaded. 
614009     INFO  main            d.u.i.k.p.r.p.TestFile    Now processing file /home/runner/work/key/key/key.core/../key.ui/examples/heap/permissions/threads/Sampler_Sampler.key 
614010     INFO  main            d.u.i.k.p.i.AbstractProblemLoader Loading environment from /home/runner/work/key/key/key.core/../key.ui/examples/heap/permissions/threads/Sampler_Sampler.key 
614010     DEBUG main            d.u.i.k.p.i.AbstractProblemLoader Environment load took 193.5ns 
614011     INFO  main            d.u.i.k.p.i.AbstractProblemLoader Creating init config 
618700     DEBUG main            d.u.i.k.p.i.AbstractProblemLoader Init config took 4.69s 
618790     INFO  main            d.u.i.k.p.i.AbstractProblemLoader Replaying proof Sampler[Sampler::Sampler(Buffer)].JML normal_behavior operation contract.0 
618792     DEBUG main            d.u.i.k.p.i.IntermediateProofReplayer Proof replay took 2.8ns 
619495     INFO  main            d.u.i.k.p.r.p.TestFile    ... finished proof: closed. 
620096     INFO  main            d.u.i.k.p.i.AbstractProblemLoader Loading environment from /home/runner/work/key/key/key.core/../key.ui/examples/heap/permissions/threads/Sampler_Sampler.key.proof 
620096     DEBUG main            d.u.i.k.p.i.AbstractProblemLoader Environment load took 91.8ns 
620097     INFO  main            d.u.i.k.p.i.AbstractProblemLoader Creating init config 
625146     DEBUG main            d.u.i.k.p.i.AbstractProblemLoader Init config took 5.05s 
625236     INFO  main            d.u.i.k.p.i.AbstractProblemLoader Replaying proof Sampler[Sampler::Sampler(Buffer)].JML normal_behavior operation contract.0 
625309     DEBUG main            d.u.i.k.p.i.IntermediateProofReplayer Proof replay took 69.97ms 
625311     DEBUG main            d.u.i.k.p.r.p.TestFile    ... success: reloaded. 
625312     INFO  main            d.u.i.k.p.r.p.TestFile    Now processing file /home/runner/work/key/key/key.core/../key.ui/examples/heap/permissions/threads/Sampler_startTransfer_accessible.key 
625312     INFO  main            d.u.i.k.p.i.AbstractProblemLoader Loading environment from /home/runner/work/key/key/key.core/../key.ui/examples/heap/permissions/threads/Sampler_startTransfer_accessible.key 
625312     DEBUG main            d.u.i.k.p.i.AbstractProblemLoader Environment load took 161ns 
625313     INFO  main            d.u.i.k.p.i.AbstractProblemLoader Creating init config 
630005     DEBUG main            d.u.i.k.p.i.AbstractProblemLoader Init config took 4.69s 
630093     INFO  main            d.u.i.k.p.i.AbstractProblemLoader Replaying proof Sampler[ThreadSpec2::startTransfer()].JML accessible clause.0 
630096     DEBUG main            d.u.i.k.p.i.IntermediateProofReplayer Proof replay took 3.2ns 
633633     INFO  main            d.u.i.k.p.r.p.TestFile    ... finished proof: closed. 
634231     INFO  main            d.u.i.k.p.i.AbstractProblemLoader Loading environment from /home/runner/work/key/key/key.core/../key.ui/examples/heap/permissions/threads/Sampler_startTransfer_accessible.key.proof 
634232     DEBUG main            d.u.i.k.p.i.AbstractProblemLoader Environment load took 349.91ns 
634233     INFO  main            d.u.i.k.p.i.AbstractProblemLoader Creating init config 
638820     DEBUG main            d.u.i.k.p.i.AbstractProblemLoader Init config took 4.59s 
638910     INFO  main            d.u.i.k.p.i.AbstractProblemLoader Replaying proof Sampler[ThreadSpec2::startTransfer()].JML accessible clause.0 
639271     DEBUG main            d.u.i.k.p.i.IntermediateProofReplayer Proof replay took 351.33ms 
639272     DEBUG main            d.u.i.k.p.r.p.TestFile    ... success: reloaded. 
639273     INFO  main            d.u.i.k.p.r.p.TestFile    Now processing file /home/runner/work/key/key/key.core/../key.ui/examples/heap/permissions/threads/Sampler_startTransfer_contract.key 
639273     INFO  main            d.u.i.k.p.i.AbstractProblemLoader Loading environment from /home/runner/work/key/key/key.core/../key.ui/examples/heap/permissions/threads/Sampler_startTransfer_contract.key 
639273     DEBUG main            d.u.i.k.p.i.AbstractProblemLoader Environment load took 80.4ns 
639274     INFO  main            d.u.i.k.p.i.AbstractProblemLoader Creating init config 
643697     DEBUG main            d.u.i.k.p.i.AbstractProblemLoader Init config took 4.42s 
643792     INFO  main            d.u.i.k.p.i.AbstractProblemLoader Replaying proof Sampler[ThreadSpec2::startTransfer()].JML model_behavior operation contract.0 
643794     DEBUG main            d.u.i.k.p.i.IntermediateProofReplayer Proof replay took 3.1ns 
643895     INFO  main            d.u.i.k.p.r.p.TestFile    ... finished proof: closed. 
644490     INFO  main            d.u.i.k.p.i.AbstractProblemLoader Loading environment from /home/runner/work/key/key/key.core/../key.ui/examples/heap/permissions/threads/Sampler_startTransfer_contract.key.proof 
644490     DEBUG main            d.u.i.k.p.i.AbstractProblemLoader Environment load took 92.8ns 
644491     INFO  main            d.u.i.k.p.i.AbstractProblemLoader Creating init config 
648836     DEBUG main            d.u.i.k.p.i.AbstractProblemLoader Init config took 4.34s 
648929     INFO  main            d.u.i.k.p.i.AbstractProblemLoader Replaying proof Sampler[ThreadSpec2::startTransfer()].JML model_behavior operation contract.0 
648936     DEBUG main            d.u.i.k.p.i.IntermediateProofReplayer Proof replay took 5.98ms 
648937     DEBUG main            d.u.i.k.p.r.p.TestFile    ... success: reloaded. 
648938     INFO  main            d.u.i.k.p.r.p.TestFile    Now processing file /home/runner/work/key/key/key.core/../key.ui/examples/heap/permissions/threads/Sampler_stateInv_accessible.key 
648938     INFO  main            d.u.i.k.p.i.AbstractProblemLoader Loading environment from /home/runner/work/key/key/key.core/../key.ui/examples/heap/permissions/threads/Sampler_stateInv_accessible.key 
648938     DEBUG main            d.u.i.k.p.i.AbstractProblemLoader Environment load took 57.2ns 
648939     INFO  main            d.u.i.k.p.i.AbstractProblemLoader Creating init config 
653387     DEBUG main            d.u.i.k.p.i.AbstractProblemLoader Init config took 4.45s 
653465     INFO  main            d.u.i.k.p.i.AbstractProblemLoader Replaying proof Sampler[ThreadSpec2::stateInv()].JML accessible clause.0 
653466     DEBUG main            d.u.i.k.p.i.IntermediateProofReplayer Proof replay took 3.7ns 
653568     INFO  main            d.u.i.k.p.r.p.TestFile    ... finished proof: closed. 
654177     INFO  main            d.u.i.k.p.i.AbstractProblemLoader Loading environment from /home/runner/work/key/key/key.core/../key.ui/examples/heap/permissions/threads/Sampler_stateInv_accessible.key.proof 
654177     DEBUG main            d.u.i.k.p.i.AbstractProblemLoader Environment load took 102.7ns 
654178     INFO  main            d.u.i.k.p.i.AbstractProblemLoader Creating init config 
658545     DEBUG main            d.u.i.k.p.i.AbstractProblemLoader Init config took 4.37s 
658635     INFO  main            d.u.i.k.p.i.AbstractProblemLoader Replaying proof Sampler[ThreadSpec2::stateInv()].JML accessible clause.0 
658642     DEBUG main            d.u.i.k.p.i.IntermediateProofReplayer Proof replay took 4.72ms 
658643     DEBUG main            d.u.i.k.p.r.p.TestFile    ... success: reloaded. 
658643     INFO  main            d.u.i.k.p.r.p.TestFile    Now processing file /home/runner/work/key/key/key.core/../key.ui/examples/heap/permissions/threads/Sampler_staticPermissions_accessible.key 
658644     INFO  main            d.u.i.k.p.i.AbstractProblemLoader Loading environment from /home/runner/work/key/key/key.core/../key.ui/examples/heap/permissions/threads/Sampler_staticPermissions_accessible.key 
658644     DEBUG main            d.u.i.k.p.i.AbstractProblemLoader Environment load took 70ns 
658645     INFO  main            d.u.i.k.p.i.AbstractProblemLoader Creating init config 
663095     DEBUG main            d.u.i.k.p.i.AbstractProblemLoader Init config took 4.45s 
663172     INFO  main            d.u.i.k.p.i.AbstractProblemLoader Replaying proof Sampler[ThreadSpec2::staticPermissions()].JML accessible clause.0 
663174     DEBUG main            d.u.i.k.p.i.IntermediateProofReplayer Proof replay took 3.7ns 
663278     INFO  main            d.u.i.k.p.r.p.TestFile    ... finished proof: closed. 
663894     INFO  main            d.u.i.k.p.i.AbstractProblemLoader Loading environment from /home/runner/work/key/key/key.core/../key.ui/examples/heap/permissions/threads/Sampler_staticPermissions_accessible.key.proof 
663894     DEBUG main            d.u.i.k.p.i.AbstractProblemLoader Environment load took 76.9ns 
663895     INFO  main            d.u.i.k.p.i.AbstractProblemLoader Creating init config 
668278     DEBUG main            d.u.i.k.p.i.AbstractProblemLoader Init config took 4.38s 
668356     INFO  main            d.u.i.k.p.i.AbstractProblemLoader Replaying proof Sampler[ThreadSpec2::staticPermissions()].JML accessible clause.0 
668361     DEBUG main            d.u.i.k.p.i.IntermediateProofReplayer Proof replay took 2.79ms 
668362     DEBUG main            d.u.i.k.p.r.p.TestFile    ... success: reloaded. 
668363     INFO  main            d.u.i.k.p.r.p.TestFile    Now processing file /home/runner/work/key/key/key.core/../key.ui/examples/heap/permissions/threads/Sampler_workingPermissions_accessible.key 
668363     INFO  main            d.u.i.k.p.i.AbstractProblemLoader Loading environment from /home/runner/work/key/key/key.core/../key.ui/examples/heap/permissions/threads/Sampler_workingPermissions_accessible.key 
668363     DEBUG main            d.u.i.k.p.i.AbstractProblemLoader Environment load took 65.1ns 
668364     INFO  main            d.u.i.k.p.i.AbstractProblemLoader Creating init config 
672826     DEBUG main            d.u.i.k.p.i.AbstractProblemLoader Init config took 4.46s 
672904     INFO  main            d.u.i.k.p.i.AbstractProblemLoader Replaying proof Sampler[ThreadSpec2::workingPermissions()].JML accessible clause.0 
672907     DEBUG main            d.u.i.k.p.i.IntermediateProofReplayer Proof replay took 3.5ns 
673008     INFO  main            d.u.i.k.p.r.p.TestFile    ... finished proof: closed. 
673630     INFO  main            d.u.i.k.p.i.AbstractProblemLoader Loading environment from /home/runner/work/key/key/key.core/../key.ui/examples/heap/permissions/threads/Sampler_workingPermissions_accessible.key.proof 
673630     DEBUG main            d.u.i.k.p.i.AbstractProblemLoader Environment load took 88.1ns 
673631     INFO  main            d.u.i.k.p.i.AbstractProblemLoader Creating init config 
678052     DEBUG main            d.u.i.k.p.i.AbstractProblemLoader Init config took 4.42s 
678130     INFO  main            d.u.i.k.p.i.AbstractProblemLoader Replaying proof Sampler[ThreadSpec2::workingPermissions()].JML accessible clause.0 
678136     DEBUG main            d.u.i.k.p.i.IntermediateProofReplayer Proof replay took 3.87ms 
678136     DEBUG main            d.u.i.k.p.r.p.TestFile    ... success: reloaded. 
678137     INFO  main            d.u.i.k.p.r.p.TestFile    Now processing file /home/runner/work/key/key/key.core/../key.ui/examples/heap/permissions/mulleretal/ReadWrite_doRead_contract.key 
678137     INFO  main            d.u.i.k.p.i.AbstractProblemLoader Loading environment from /home/runner/work/key/key/key.core/../key.ui/examples/heap/permissions/mulleretal/ReadWrite_doRead_contract.key 
678138     DEBUG main            d.u.i.k.p.i.AbstractProblemLoader Environment load took 93ns 
678138     INFO  main            d.u.i.k.p.i.AbstractProblemLoader Creating init config 
680710     DEBUG main            d.u.i.k.p.i.AbstractProblemLoader Init config took 2.57s 
680743     INFO  main            d.u.i.k.p.i.AbstractProblemLoader Replaying proof ReadWrite[ReadWrite::doRead()].JML normal_behavior operation contract.0 
680745     DEBUG main            d.u.i.k.p.i.IntermediateProofReplayer Proof replay took 3.8ns 
682252     INFO  main            d.u.i.k.p.r.p.TestFile    ... finished proof: closed. 
682945     INFO  main            d.u.i.k.p.i.AbstractProblemLoader Loading environment from /home/runner/work/key/key/key.core/../key.ui/examples/heap/permissions/mulleretal/ReadWrite_doRead_contract.key.proof 
682946     DEBUG main            d.u.i.k.p.i.AbstractProblemLoader Environment load took 461.81ns 
682947     INFO  main            d.u.i.k.p.i.AbstractProblemLoader Creating init config 
685457     DEBUG main            d.u.i.k.p.i.AbstractProblemLoader Init config took 2.51s 
685490     INFO  main            d.u.i.k.p.i.AbstractProblemLoader Replaying proof ReadWrite[ReadWrite::doRead()].JML normal_behavior operation contract.0 
685780     DEBUG main            d.u.i.k.p.i.IntermediateProofReplayer Proof replay took 284.28ms 
685781     DEBUG main            d.u.i.k.p.r.p.TestFile    ... success: reloaded. 
685782     INFO  main            d.u.i.k.p.r.p.TestFile    Now processing file /home/runner/work/key/key/key.core/../key.ui/examples/heap/permissions/mulleretal/ReadWrite_doWrite_contract.key 
685782     INFO  main            d.u.i.k.p.i.AbstractProblemLoader Loading environment from /home/runner/work/key/key/key.core/../key.ui/examples/heap/permissions/mulleretal/ReadWrite_doWrite_contract.key 
685782     DEBUG main            d.u.i.k.p.i.AbstractProblemLoader Environment load took 78ns 
685783     INFO  main            d.u.i.k.p.i.AbstractProblemLoader Creating init config 
688339     DEBUG main            d.u.i.k.p.i.AbstractProblemLoader Init config took 2.56s 
688372     INFO  main            d.u.i.k.p.i.AbstractProblemLoader Replaying proof ReadWrite[ReadWrite::doWrite()].JML normal_behavior operation contract.0 
688374     DEBUG main            d.u.i.k.p.i.IntermediateProofReplayer Proof replay took 4.9ns 
689787     INFO  main            d.u.i.k.p.r.p.TestFile    ... finished proof: closed. 
690480     INFO  main            d.u.i.k.p.i.AbstractProblemLoader Loading environment from /home/runner/work/key/key/key.core/../key.ui/examples/heap/permissions/mulleretal/ReadWrite_doWrite_contract.key.proof 
690480     DEBUG main            d.u.i.k.p.i.AbstractProblemLoader Environment load took 94ns 
690482     INFO  main            d.u.i.k.p.i.AbstractProblemLoader Creating init config 
692951     DEBUG main            d.u.i.k.p.i.AbstractProblemLoader Init config took 2.47s 
692985     INFO  main            d.u.i.k.p.i.AbstractProblemLoader Replaying proof ReadWrite[ReadWrite::doWrite()].JML normal_behavior operation contract.0 
693308     DEBUG main            d.u.i.k.p.i.IntermediateProofReplayer Proof replay took 317.6ms 
693309     DEBUG main            d.u.i.k.p.r.p.TestFile    ... success: reloaded. 
693310     INFO  main            d.u.i.k.p.r.p.TestFile    Now processing file /home/runner/work/key/key/key.core/../key.ui/examples/heap/permissions/mulleretal/ReadWrite_read_contract.key 
693310     INFO  main            d.u.i.k.p.i.AbstractProblemLoader Loading environment from /home/runner/work/key/key/key.core/../key.ui/examples/heap/permissions/mulleretal/ReadWrite_read_contract.key 
693310     DEBUG main            d.u.i.k.p.i.AbstractProblemLoader Environment load took 189.7ns 
693311     INFO  main            d.u.i.k.p.i.AbstractProblemLoader Creating init config 
695836     DEBUG main            d.u.i.k.p.i.AbstractProblemLoader Init config took 2.52s 
695869     INFO  main            d.u.i.k.p.i.AbstractProblemLoader Replaying proof ReadWrite[ReadWrite::read()].JML normal_behavior operation contract.0 
695870     DEBUG main            d.u.i.k.p.i.IntermediateProofReplayer Proof replay took 3.1ns 
695972     INFO  main            d.u.i.k.p.r.p.TestFile    ... finished proof: closed. 
696612     INFO  main            d.u.i.k.p.i.AbstractProblemLoader Loading environment from /home/runner/work/key/key/key.core/../key.ui/examples/heap/permissions/mulleretal/ReadWrite_read_contract.key.proof 
696612     DEBUG main            d.u.i.k.p.i.AbstractProblemLoader Environment load took 87.6ns 
696613     INFO  main            d.u.i.k.p.i.AbstractProblemLoader Creating init config 
699080     DEBUG main            d.u.i.k.p.i.AbstractProblemLoader Init config took 2.47s 
699114     INFO  main            d.u.i.k.p.i.AbstractProblemLoader Replaying proof ReadWrite[ReadWrite::read()].JML normal_behavior operation contract.0 
699120     DEBUG main            d.u.i.k.p.i.IntermediateProofReplayer Proof replay took 4.99ms 
699121     DEBUG main            d.u.i.k.p.r.p.TestFile    ... success: reloaded. 
699122     INFO  main            d.u.i.k.p.r.p.TestFile    Now processing file /home/runner/work/key/key/key.core/../key.ui/examples/heap/permissions/mulleretal/ReadWrite_write_contract.key 
699122     INFO  main            d.u.i.k.p.i.AbstractProblemLoader Loading environment from /home/runner/work/key/key/key.core/../key.ui/examples/heap/permissions/mulleretal/ReadWrite_write_contract.key 
699122     DEBUG main            d.u.i.k.p.i.AbstractProblemLoader Environment load took 54.7ns 
699123     INFO  main            d.u.i.k.p.i.AbstractProblemLoader Creating init config 
701647     DEBUG main            d.u.i.k.p.i.AbstractProblemLoader Init config took 2.52s 
701680     INFO  main            d.u.i.k.p.i.AbstractProblemLoader Replaying proof ReadWrite[ReadWrite::write()].JML normal_behavior operation contract.0 
701683     DEBUG main            d.u.i.k.p.i.IntermediateProofReplayer Proof replay took 4.5ns 
701784     INFO  main            d.u.i.k.p.r.p.TestFile    ... finished proof: closed. 
702424     INFO  main            d.u.i.k.p.i.AbstractProblemLoader Loading environment from /home/runner/work/key/key/key.core/../key.ui/examples/heap/permissions/mulleretal/ReadWrite_write_contract.key.proof 
702425     DEBUG main            d.u.i.k.p.i.AbstractProblemLoader Environment load took 86.5ns 
702425     INFO  main            d.u.i.k.p.i.AbstractProblemLoader Creating init config 
704881     DEBUG main            d.u.i.k.p.i.AbstractProblemLoader Init config took 2.46s 
704914     INFO  main            d.u.i.k.p.i.AbstractProblemLoader Replaying proof ReadWrite[ReadWrite::write()].JML normal_behavior operation contract.0 
704933     DEBUG main            d.u.i.k.p.i.IntermediateProofReplayer Proof replay took 17.09ms 
704934     DEBUG main            d.u.i.k.p.r.p.TestFile    ... success: reloaded. 
704935     INFO  main            d.u.i.k.p.r.p.TestFile    Now processing file /home/runner/work/key/key/key.core/../key.ui/examples/heap/permissions/mulleretal/ReadWrite_inv1_accessible.key 
704935     INFO  main            d.u.i.k.p.i.AbstractProblemLoader Loading environment from /home/runner/work/key/key/key.core/../key.ui/examples/heap/permissions/mulleretal/ReadWrite_inv1_accessible.key 
704935     DEBUG main            d.u.i.k.p.i.AbstractProblemLoader Environment load took 42.5ns 
704936     INFO  main            d.u.i.k.p.i.AbstractProblemLoader Creating init config 
707455     DEBUG main            d.u.i.k.p.i.AbstractProblemLoader Init config took 2.52s 
707488     INFO  main            d.u.i.k.p.i.AbstractProblemLoader Replaying proof ReadWrite[java.lang.Object::<inv>()].JML accessible clause.0 
707489     DEBUG main            d.u.i.k.p.i.IntermediateProofReplayer Proof replay took 3.2ns 
707591     INFO  main            d.u.i.k.p.r.p.TestFile    ... finished proof: closed. 
708231     INFO  main            d.u.i.k.p.i.AbstractProblemLoader Loading environment from /home/runner/work/key/key/key.core/../key.ui/examples/heap/permissions/mulleretal/ReadWrite_inv1_accessible.key.proof 
708231     DEBUG main            d.u.i.k.p.i.AbstractProblemLoader Environment load took 82.1ns 
708231     INFO  main            d.u.i.k.p.i.AbstractProblemLoader Creating init config 
710688     DEBUG main            d.u.i.k.p.i.AbstractProblemLoader Init config took 2.46s 
710721     INFO  main            d.u.i.k.p.i.AbstractProblemLoader Replaying proof ReadWrite[java.lang.Object::<inv>()].JML accessible clause.0 
710724     DEBUG main            d.u.i.k.p.i.IntermediateProofReplayer Proof replay took 1.31ms 
710724     DEBUG main            d.u.i.k.p.r.p.TestFile    ... success: reloaded. 
710725     INFO  main            d.u.i.k.p.r.p.TestFile    Now processing file /home/runner/work/key/key/key.core/../key.ui/examples/heap/permissions/mulleretal/ReadWrite_inv2_accessible.key 
710725     INFO  main            d.u.i.k.p.i.AbstractProblemLoader Loading environment from /home/runner/work/key/key/key.core/../key.ui/examples/heap/permissions/mulleretal/ReadWrite_inv2_accessible.key 
710725     DEBUG main            d.u.i.k.p.i.AbstractProblemLoader Environment load took 41.5ns 
710726     INFO  main            d.u.i.k.p.i.AbstractProblemLoader Creating init config 
713232     DEBUG main            d.u.i.k.p.i.AbstractProblemLoader Init config took 2.51s 
713265     INFO  main            d.u.i.k.p.i.AbstractProblemLoader Replaying proof ReadWrite[java.lang.Object::<inv>()].JML accessible clause.1 
713267     DEBUG main            d.u.i.k.p.i.IntermediateProofReplayer Proof replay took 4.3ns 
713370     INFO  main            d.u.i.k.p.r.p.TestFile    ... finished proof: closed. 
714068     INFO  main            d.u.i.k.p.i.AbstractProblemLoader Loading environment from /home/runner/work/key/key/key.core/../key.ui/examples/heap/permissions/mulleretal/ReadWrite_inv2_accessible.key.proof 
714068     DEBUG main            d.u.i.k.p.i.AbstractProblemLoader Environment load took 79.4ns 
714069     INFO  main            d.u.i.k.p.i.AbstractProblemLoader Creating init config 
716548     DEBUG main            d.u.i.k.p.i.AbstractProblemLoader Init config took 2.48s 
716581     INFO  main            d.u.i.k.p.i.AbstractProblemLoader Replaying proof ReadWrite[java.lang.Object::<inv>()].JML accessible clause.1 
716583     DEBUG main            d.u.i.k.p.i.IntermediateProofReplayer Proof replay took 1.3ms 
716584     DEBUG main            d.u.i.k.p.r.p.TestFile    ... success: reloaded. 
716585     INFO  main            d.u.i.k.p.r.p.TestFile    Now processing file /home/runner/work/key/key/key.core/../key.ui/examples/heap/permissions/lockspec/Counter_lockConsistent_contract.key 
716585     INFO  main            d.u.i.k.p.i.AbstractProblemLoader Loading environment from /home/runner/work/key/key/key.core/../key.ui/examples/heap/permissions/lockspec/Counter_lockConsistent_contract.key 
716585     DEBUG main            d.u.i.k.p.i.AbstractProblemLoader Environment load took 41ns 
716586     INFO  main            d.u.i.k.p.i.AbstractProblemLoader Creating init config 
719645     DEBUG main            d.u.i.k.p.i.AbstractProblemLoader Init config took 3.06s 
719699     INFO  main            d.u.i.k.p.i.AbstractProblemLoader Replaying proof Counter[LockSpec::lockConsistent()].JML model_behavior operation contract.0 
719700     DEBUG main            d.u.i.k.p.i.IntermediateProofReplayer Proof replay took 3.4ns 
720621     INFO  main            d.u.i.k.p.r.p.TestFile    ... finished proof: closed. 
721288     INFO  main            d.u.i.k.p.i.AbstractProblemLoader Loading environment from /home/runner/work/key/key/key.core/../key.ui/examples/heap/permissions/lockspec/Counter_lockConsistent_contract.key.proof 
721289     DEBUG main            d.u.i.k.p.i.AbstractProblemLoader Environment load took 153.7ns 
721290     INFO  main            d.u.i.k.p.i.AbstractProblemLoader Creating init config 
724203     DEBUG main            d.u.i.k.p.i.AbstractProblemLoader Init config took 2.91s 
724254     INFO  main            d.u.i.k.p.i.AbstractProblemLoader Replaying proof Counter[LockSpec::lockConsistent()].JML model_behavior operation contract.0 
724401     DEBUG main            d.u.i.k.p.i.IntermediateProofReplayer Proof replay took 139.38ms 
724402     DEBUG main            d.u.i.k.p.r.p.TestFile    ... success: reloaded. 
724403     INFO  main            d.u.i.k.p.r.p.TestFile    Now processing file /home/runner/work/key/key/key.core/../key.ui/examples/heap/permissions/lockspec/Counter_increase_contract.key 
724403     INFO  main            d.u.i.k.p.i.AbstractProblemLoader Loading environment from /home/runner/work/key/key/key.core/../key.ui/examples/heap/permissions/lockspec/Counter_increase_contract.key 
724403     DEBUG main            d.u.i.k.p.i.AbstractProblemLoader Environment load took 65.7ns 
724404     INFO  main            d.u.i.k.p.i.AbstractProblemLoader Creating init config 
727384     DEBUG main            d.u.i.k.p.i.AbstractProblemLoader Init config took 2.98s 
727436     INFO  main            d.u.i.k.p.i.AbstractProblemLoader Replaying proof Counter[Counter::increase()].JML normal_behavior operation contract.0 
727442     DEBUG main            d.u.i.k.p.i.IntermediateProofReplayer Proof replay took 3.5ns 
728851     INFO  main            d.u.i.k.p.r.p.TestFile    ... finished proof: closed. 
729550     INFO  main            d.u.i.k.p.i.AbstractProblemLoader Loading environment from /home/runner/work/key/key/key.core/../key.ui/examples/heap/permissions/lockspec/Counter_increase_contract.key.proof 
729550     DEBUG main            d.u.i.k.p.i.AbstractProblemLoader Environment load took 96.5ns 
729552     INFO  main            d.u.i.k.p.i.AbstractProblemLoader Creating init config 
732460     DEBUG main            d.u.i.k.p.i.AbstractProblemLoader Init config took 2.91s 
732507     INFO  main            d.u.i.k.p.i.AbstractProblemLoader Replaying proof Counter[Counter::increase()].JML normal_behavior operation contract.0 
732679     DEBUG main            d.u.i.k.p.i.IntermediateProofReplayer Proof replay took 157.31ms 
732682     DEBUG main            d.u.i.k.p.r.p.TestFile    ... success: reloaded. 
732682     INFO  main            d.u.i.k.p.r.p.TestFile    Now processing file /home/runner/work/key/key/key.core/../key.ui/examples/heap/permissions/lockspec/Counter_fp_accessible.key 
732682     INFO  main            d.u.i.k.p.i.AbstractProblemLoader Loading environment from /home/runner/work/key/key/key.core/../key.ui/examples/heap/permissions/lockspec/Counter_fp_accessible.key 
732682     DEBUG main            d.u.i.k.p.i.AbstractProblemLoader Environment load took 50.9ns 
732683     INFO  main            d.u.i.k.p.i.AbstractProblemLoader Creating init config 
735611     DEBUG main            d.u.i.k.p.i.AbstractProblemLoader Init config took 2.93s 
735682     INFO  main            d.u.i.k.p.i.AbstractProblemLoader Replaying proof Counter[LockSpec::fp()].JML accessible clause.0 
735684     DEBUG main            d.u.i.k.p.i.IntermediateProofReplayer Proof replay took 4.4ns 
735786     INFO  main            d.u.i.k.p.r.p.TestFile    ... finished proof: closed. 
736456     INFO  main            d.u.i.k.p.i.AbstractProblemLoader Loading environment from /home/runner/work/key/key/key.core/../key.ui/examples/heap/permissions/lockspec/Counter_fp_accessible.key.proof 
736456     DEBUG main            d.u.i.k.p.i.AbstractProblemLoader Environment load took 78.7ns 
736456     INFO  main            d.u.i.k.p.i.AbstractProblemLoader Creating init config 
739365     DEBUG main            d.u.i.k.p.i.AbstractProblemLoader Init config took 2.91s 
739416     INFO  main            d.u.i.k.p.i.AbstractProblemLoader Replaying proof Counter[LockSpec::fp()].JML accessible clause.0 
739424     DEBUG main            d.u.i.k.p.i.IntermediateProofReplayer Proof replay took 6.19ms 
739425     DEBUG main            d.u.i.k.p.r.p.TestFile    ... success: reloaded. 
739426     INFO  main            d.u.i.k.p.r.p.TestFile    Now processing file /home/runner/work/key/key/key.core/../key.ui/examples/heap/permissions/lockspec/Counter_fpLock_accessible.key 
739426     INFO  main            d.u.i.k.p.i.AbstractProblemLoader Loading environment from /home/runner/work/key/key/key.core/../key.ui/examples/heap/permissions/lockspec/Counter_fpLock_accessible.key 
739426     DEBUG main            d.u.i.k.p.i.AbstractProblemLoader Environment load took 75.7ns 
739427     INFO  main            d.u.i.k.p.i.AbstractProblemLoader Creating init config 
742441     DEBUG main            d.u.i.k.p.i.AbstractProblemLoader Init config took 3.01s 
742491     INFO  main            d.u.i.k.p.i.AbstractProblemLoader Replaying proof Counter[LockSpec::fpLock()].JML accessible clause.0 
742492     DEBUG main            d.u.i.k.p.i.IntermediateProofReplayer Proof replay took 4ns 
742594     INFO  main            d.u.i.k.p.r.p.TestFile    ... finished proof: closed. 
743285     INFO  main            d.u.i.k.p.i.AbstractProblemLoader Loading environment from /home/runner/work/key/key/key.core/../key.ui/examples/heap/permissions/lockspec/Counter_fpLock_accessible.key.proof 
743285     DEBUG main            d.u.i.k.p.i.AbstractProblemLoader Environment load took 73.7ns 
743286     INFO  main            d.u.i.k.p.i.AbstractProblemLoader Creating init config 
746187     DEBUG main            d.u.i.k.p.i.AbstractProblemLoader Init config took 2.9s 
746237     INFO  main            d.u.i.k.p.i.AbstractProblemLoader Replaying proof Counter[LockSpec::fpLock()].JML accessible clause.0 
746245     DEBUG main            d.u.i.k.p.i.IntermediateProofReplayer Proof replay took 6.1ms 
746246     DEBUG main            d.u.i.k.p.r.p.TestFile    ... success: reloaded. 
746246     INFO  main            d.u.i.k.p.r.p.TestFile    Now processing file /home/runner/work/key/key/key.core/../key.ui/examples/heap/permissions/lockspec/Counter_fpPerm_accessible.key 
746247     INFO  main            d.u.i.k.p.i.AbstractProblemLoader Loading environment from /home/runner/work/key/key/key.core/../key.ui/examples/heap/permissions/lockspec/Counter_fpPerm_accessible.key 
746247     DEBUG main            d.u.i.k.p.i.AbstractProblemLoader Environment load took 42.7ns 
746248     INFO  main            d.u.i.k.p.i.AbstractProblemLoader Creating init config 
749202     DEBUG main            d.u.i.k.p.i.AbstractProblemLoader Init config took 2.95s 
749253     INFO  main            d.u.i.k.p.i.AbstractProblemLoader Replaying proof Counter[LockSpec::fpPerm()].JML accessible clause.0 
749258     DEBUG main            d.u.i.k.p.i.IntermediateProofReplayer Proof replay took 3.2ns 
749362     INFO  main            d.u.i.k.p.r.p.TestFile    ... finished proof: closed. 
750046     INFO  main            d.u.i.k.p.i.AbstractProblemLoader Loading environment from /home/runner/work/key/key/key.core/../key.ui/examples/heap/permissions/lockspec/Counter_fpPerm_accessible.key.proof 
750046     DEBUG main            d.u.i.k.p.i.AbstractProblemLoader Environment load took 85.4ns 
750047     INFO  main            d.u.i.k.p.i.AbstractProblemLoader Creating init config 
753067     DEBUG main            d.u.i.k.p.i.AbstractProblemLoader Init config took 3.02s 
753124     INFO  main            d.u.i.k.p.i.AbstractProblemLoader Replaying proof Counter[LockSpec::fpPerm()].JML accessible clause.0 
753134     DEBUG main            d.u.i.k.p.i.IntermediateProofReplayer Proof replay took 6.71ms 
753135     DEBUG main            d.u.i.k.p.r.p.TestFile    ... success: reloaded. 
753136     INFO  main            d.u.i.k.p.r.p.TestFile    Now processing file /home/runner/work/key/key/key.core/../key.ui/examples/heap/permissions/lockspec/Counter_inv_accessible1.key 
753136     INFO  main            d.u.i.k.p.i.AbstractProblemLoader Loading environment from /home/runner/work/key/key/key.core/../key.ui/examples/heap/permissions/lockspec/Counter_inv_accessible1.key 
753136     DEBUG main            d.u.i.k.p.i.AbstractProblemLoader Environment load took 189.1ns 
753137     INFO  main            d.u.i.k.p.i.AbstractProblemLoader Creating init config 
756224     DEBUG main            d.u.i.k.p.i.AbstractProblemLoader Init config took 3.09s 
756295     INFO  main            d.u.i.k.p.i.AbstractProblemLoader Replaying proof Counter[java.lang.Object::<inv>()].JML accessible clause.0 
756296     DEBUG main            d.u.i.k.p.i.IntermediateProofReplayer Proof replay took 2.7ns 
756398     INFO  main            d.u.i.k.p.r.p.TestFile    ... finished proof: closed. 
757079     INFO  main            d.u.i.k.p.i.AbstractProblemLoader Loading environment from /home/runner/work/key/key/key.core/../key.ui/examples/heap/permissions/lockspec/Counter_inv_accessible1.key.proof 
757079     DEBUG main            d.u.i.k.p.i.AbstractProblemLoader Environment load took 83.2ns 
757080     INFO  main            d.u.i.k.p.i.AbstractProblemLoader Creating init config 
760131     DEBUG main            d.u.i.k.p.i.AbstractProblemLoader Init config took 3.05s 
760188     INFO  main            d.u.i.k.p.i.AbstractProblemLoader Replaying proof Counter[java.lang.Object::<inv>()].JML accessible clause.0 
760199     DEBUG main            d.u.i.k.p.i.IntermediateProofReplayer Proof replay took 8.83ms 
760200     DEBUG main            d.u.i.k.p.r.p.TestFile    ... success: reloaded. 
760201     INFO  main            d.u.i.k.p.r.p.TestFile    Now processing file /home/runner/work/key/key/key.core/../key.ui/examples/heap/permissions/lockspec/Counter_inv_accessible2.key 
760201     INFO  main            d.u.i.k.p.i.AbstractProblemLoader Loading environment from /home/runner/work/key/key/key.core/../key.ui/examples/heap/permissions/lockspec/Counter_inv_accessible2.key 
760202     DEBUG main            d.u.i.k.p.i.AbstractProblemLoader Environment load took 182.1ns 
760202     INFO  main            d.u.i.k.p.i.AbstractProblemLoader Creating init config 
763261     DEBUG main            d.u.i.k.p.i.AbstractProblemLoader Init config took 3.06s 
763330     INFO  main            d.u.i.k.p.i.AbstractProblemLoader Replaying proof Counter[java.lang.Object::<inv>()].JML accessible clause.1 
763331     DEBUG main            d.u.i.k.p.i.IntermediateProofReplayer Proof replay took 2.9ns 
763433     INFO  main            d.u.i.k.p.r.p.TestFile    ... finished proof: closed. 
764115     INFO  main            d.u.i.k.p.i.AbstractProblemLoader Loading environment from /home/runner/work/key/key/key.core/../key.ui/examples/heap/permissions/lockspec/Counter_inv_accessible2.key.proof 
764115     DEBUG main            d.u.i.k.p.i.AbstractProblemLoader Environment load took 85.5ns 
764116     INFO  main            d.u.i.k.p.i.AbstractProblemLoader Creating init config 
767143     DEBUG main            d.u.i.k.p.i.AbstractProblemLoader Init config took 3.03s 
767212     INFO  main            d.u.i.k.p.i.AbstractProblemLoader Replaying proof Counter[java.lang.Object::<inv>()].JML accessible clause.1 
767223     DEBUG main            d.u.i.k.p.i.IntermediateProofReplayer Proof replay took 8.68ms 
767224     DEBUG main            d.u.i.k.p.r.p.TestFile    ... success: reloaded. 
767224     INFO  main            d.u.i.k.p.r.p.TestFile    Now processing file /home/runner/work/key/key/key.core/../key.ui/examples/heap/permissions/lockspec/Counter_lockRef_accessible.key 
767225     INFO  main            d.u.i.k.p.i.AbstractProblemLoader Loading environment from /home/runner/work/key/key/key.core/../key.ui/examples/heap/permissions/lockspec/Counter_lockRef_accessible.key 
767225     DEBUG main            d.u.i.k.p.i.AbstractProblemLoader Environment load took 143.8ns 
767226     INFO  main            d.u.i.k.p.i.AbstractProblemLoader Creating init config 
770331     DEBUG main            d.u.i.k.p.i.AbstractProblemLoader Init config took 3.11s 
770381     INFO  main            d.u.i.k.p.i.AbstractProblemLoader Replaying proof Counter[LockSpec::lockRef()].JML accessible clause.0 
770383     DEBUG main            d.u.i.k.p.i.IntermediateProofReplayer Proof replay took 2.6ns 
770585     INFO  main            d.u.i.k.p.r.p.TestFile    ... finished proof: closed. 
771283     INFO  main            d.u.i.k.p.i.AbstractProblemLoader Loading environment from /home/runner/work/key/key/key.core/../key.ui/examples/heap/permissions/lockspec/Counter_lockRef_accessible.key.proof 
771283     DEBUG main            d.u.i.k.p.i.AbstractProblemLoader Environment load took 79.8ns 
771284     INFO  main            d.u.i.k.p.i.AbstractProblemLoader Creating init config 
774298     DEBUG main            d.u.i.k.p.i.AbstractProblemLoader Init config took 3.01s 
774366     INFO  main            d.u.i.k.p.i.AbstractProblemLoader Replaying proof Counter[LockSpec::lockRef()].JML accessible clause.0 
774396     DEBUG main            d.u.i.k.p.i.IntermediateProofReplayer Proof replay took 27.2ms 
774397     DEBUG main            d.u.i.k.p.r.p.TestFile    ... success: reloaded. 
774398     INFO  main            d.u.i.k.p.r.p.TestFile    Now processing file /home/runner/work/key/key/key.core/../key.ui/examples/heap/permissions/lockspec/Counter_lockRef_contract1.key 
774399     INFO  main            d.u.i.k.p.i.AbstractProblemLoader Loading environment from /home/runner/work/key/key/key.core/../key.ui/examples/heap/permissions/lockspec/Counter_lockRef_contract1.key 
774399     DEBUG main            d.u.i.k.p.i.AbstractProblemLoader Environment load took 173ns 
774400     INFO  main            d.u.i.k.p.i.AbstractProblemLoader Creating init config 
777465     DEBUG main            d.u.i.k.p.i.AbstractProblemLoader Init config took 3.07s 
777515     INFO  main            d.u.i.k.p.i.AbstractProblemLoader Replaying proof Counter[LockSpec::lockRef()].JML model_behavior operation contract.0 
777516     DEBUG main            d.u.i.k.p.i.IntermediateProofReplayer Proof replay took 3ns 
777618     INFO  main            d.u.i.k.p.r.p.TestFile    ... finished proof: closed. 
778306     INFO  main            d.u.i.k.p.i.AbstractProblemLoader Loading environment from /home/runner/work/key/key/key.core/../key.ui/examples/heap/permissions/lockspec/Counter_lockRef_contract1.key.proof 
778306     DEBUG main            d.u.i.k.p.i.AbstractProblemLoader Environment load took 81.3ns 
778307     INFO  main            d.u.i.k.p.i.AbstractProblemLoader Creating init config 
781316     DEBUG main            d.u.i.k.p.i.AbstractProblemLoader Init config took 3.01s 
781384     INFO  main            d.u.i.k.p.i.AbstractProblemLoader Replaying proof Counter[LockSpec::lockRef()].JML model_behavior operation contract.0 
781389     DEBUG main            d.u.i.k.p.i.IntermediateProofReplayer Proof replay took 3.63ms 
781390     DEBUG main            d.u.i.k.p.r.p.TestFile    ... success: reloaded. 
781391     INFO  main            d.u.i.k.p.r.p.TestFile    Now processing file /home/runner/work/key/key/key.core/../key.ui/examples/heap/permissions/lockspec/Counter_lockRef_contract2.key 
781391     INFO  main            d.u.i.k.p.i.AbstractProblemLoader Loading environment from /home/runner/work/key/key/key.core/../key.ui/examples/heap/permissions/lockspec/Counter_lockRef_contract2.key 
781391     DEBUG main            d.u.i.k.p.i.AbstractProblemLoader Environment load took 183.2ns 
781392     INFO  main            d.u.i.k.p.i.AbstractProblemLoader Creating init config 
784638     DEBUG main            d.u.i.k.p.i.AbstractProblemLoader Init config took 3.25s 
784689     INFO  main            d.u.i.k.p.i.AbstractProblemLoader Replaying proof Counter[Counter::lockRef()].JML model_behavior operation contract.0 
784690     DEBUG main            d.u.i.k.p.i.IntermediateProofReplayer Proof replay took 3.5ns 
784791     INFO  main            d.u.i.k.p.r.p.TestFile    ... finished proof: closed. 
785495     INFO  main            d.u.i.k.p.i.AbstractProblemLoader Loading environment from /home/runner/work/key/key/key.core/../key.ui/examples/heap/permissions/lockspec/Counter_lockRef_contract2.key.proof 
785495     DEBUG main            d.u.i.k.p.i.AbstractProblemLoader Environment load took 85ns 
785496     INFO  main            d.u.i.k.p.i.AbstractProblemLoader Creating init config 
788531     DEBUG main            d.u.i.k.p.i.AbstractProblemLoader Init config took 3.04s 
788590     INFO  main            d.u.i.k.p.i.AbstractProblemLoader Replaying proof Counter[Counter::lockRef()].JML model_behavior operation contract.0 
788595     DEBUG main            d.u.i.k.p.i.IntermediateProofReplayer Proof replay took 3.72ms 
788596     DEBUG main            d.u.i.k.p.r.p.TestFile    ... success: reloaded. 
788597     INFO  main            d.u.i.k.p.r.p.TestFile    Now processing file /home/runner/work/key/key/key.core/../key.ui/examples/heap/permissions/lockspec/Counter_lockState_accessible.key 
788597     INFO  main            d.u.i.k.p.i.AbstractProblemLoader Loading environment from /home/runner/work/key/key/key.core/../key.ui/examples/heap/permissions/lockspec/Counter_lockState_accessible.key 
788597     DEBUG main            d.u.i.k.p.i.AbstractProblemLoader Environment load took 186.2ns 
788598     INFO  main            d.u.i.k.p.i.AbstractProblemLoader Creating init config 
791715     DEBUG main            d.u.i.k.p.i.AbstractProblemLoader Init config took 3.12s 
791765     INFO  main            d.u.i.k.p.i.AbstractProblemLoader Replaying proof Counter[LockSpec::lockState(boolean)].JML accessible clause.0 
791766     DEBUG main            d.u.i.k.p.i.IntermediateProofReplayer Proof replay took 2.7ns 
791970     INFO  main            d.u.i.k.p.r.p.TestFile    ... finished proof: closed. 
792686     INFO  main            d.u.i.k.p.i.AbstractProblemLoader Loading environment from /home/runner/work/key/key/key.core/../key.ui/examples/heap/permissions/lockspec/Counter_lockState_accessible.key.proof 
792686     DEBUG main            d.u.i.k.p.i.AbstractProblemLoader Environment load took 85.9ns 
792686     INFO  main            d.u.i.k.p.i.AbstractProblemLoader Creating init config 
795847     DEBUG main            d.u.i.k.p.i.AbstractProblemLoader Init config took 3.16s 
795904     INFO  main            d.u.i.k.p.i.AbstractProblemLoader Replaying proof Counter[LockSpec::lockState(boolean)].JML accessible clause.0 
795951     DEBUG main            d.u.i.k.p.i.IntermediateProofReplayer Proof replay took 43.84ms 
795952     DEBUG main            d.u.i.k.p.r.p.TestFile    ... success: reloaded. 
795953     INFO  main            d.u.i.k.p.r.p.TestFile    Now processing file /home/runner/work/key/key/key.core/../key.ui/examples/heap/permissions/lockspec/Counter_lockStatus_accessible.key 
795955     INFO  main            d.u.i.k.p.i.AbstractProblemLoader Loading environment from /home/runner/work/key/key/key.core/../key.ui/examples/heap/permissions/lockspec/Counter_lockStatus_accessible.key 
795955     DEBUG main            d.u.i.k.p.i.AbstractProblemLoader Environment load took 179.31ns 
795956     INFO  main            d.u.i.k.p.i.AbstractProblemLoader Creating init config 
799202     DEBUG main            d.u.i.k.p.i.AbstractProblemLoader Init config took 3.25s 
799252     INFO  main            d.u.i.k.p.i.AbstractProblemLoader Replaying proof Counter[LockSpec::lockStatus(boolean)].JML accessible clause.0 
799254     DEBUG main            d.u.i.k.p.i.IntermediateProofReplayer Proof replay took 4.4ns 
799355     INFO  main            d.u.i.k.p.r.p.TestFile    ... finished proof: closed. 
800079     INFO  main            d.u.i.k.p.i.AbstractProblemLoader Loading environment from /home/runner/work/key/key/key.core/../key.ui/examples/heap/permissions/lockspec/Counter_lockStatus_accessible.key.proof 
800079     DEBUG main            d.u.i.k.p.i.AbstractProblemLoader Environment load took 81.8ns 
800080     INFO  main            d.u.i.k.p.i.AbstractProblemLoader Creating init config 
803114     DEBUG main            d.u.i.k.p.i.AbstractProblemLoader Init config took 3.03s 
803174     INFO  main            d.u.i.k.p.i.AbstractProblemLoader Replaying proof Counter[LockSpec::lockStatus(boolean)].JML accessible clause.0 
803194     DEBUG main            d.u.i.k.p.i.IntermediateProofReplayer Proof replay took 17.26ms 
803195     DEBUG main            d.u.i.k.p.r.p.TestFile    ... success: reloaded. 
803196     INFO  main            d.u.i.k.p.r.p.TestFile    Now processing file /home/runner/work/key/key/key.core/../key.ui/examples/heap/permissions/lockspec/Counter_lockTransfer_accessible.key 
803196     INFO  main            d.u.i.k.p.i.AbstractProblemLoader Loading environment from /home/runner/work/key/key/key.core/../key.ui/examples/heap/permissions/lockspec/Counter_lockTransfer_accessible.key 
803196     DEBUG main            d.u.i.k.p.i.AbstractProblemLoader Environment load took 185.41ns 
803197     INFO  main            d.u.i.k.p.i.AbstractProblemLoader Creating init config 
806310     DEBUG main            d.u.i.k.p.i.AbstractProblemLoader Init config took 3.11s 
806361     INFO  main            d.u.i.k.p.i.AbstractProblemLoader Replaying proof Counter[LockSpec::lockTransfer()].JML accessible clause.0 
806362     DEBUG main            d.u.i.k.p.i.IntermediateProofReplayer Proof replay took 3.5ns 
806679     INFO  main            d.u.i.k.p.r.p.TestFile    ... finished proof: closed. 
807394     INFO  main            d.u.i.k.p.i.AbstractProblemLoader Loading environment from /home/runner/work/key/key/key.core/../key.ui/examples/heap/permissions/lockspec/Counter_lockTransfer_accessible.key.proof 
807394     DEBUG main            d.u.i.k.p.i.AbstractProblemLoader Environment load took 86.4ns 
807395     INFO  main            d.u.i.k.p.i.AbstractProblemLoader Creating init config 
810503     DEBUG main            d.u.i.k.p.i.AbstractProblemLoader Init config took 3.11s 
810560     INFO  main            d.u.i.k.p.i.AbstractProblemLoader Replaying proof Counter[LockSpec::lockTransfer()].JML accessible clause.0 
810620     DEBUG main            d.u.i.k.p.i.IntermediateProofReplayer Proof replay took 56.39ms 
810621     DEBUG main            d.u.i.k.p.r.p.TestFile    ... success: reloaded. 
810622     INFO  main            d.u.i.k.p.r.p.TestFile    Now processing file /home/runner/work/key/key/key.core/../key.ui/examples/heap/permissions/lockspec/Counter_unlockTransfer_accessible.key 
810623     INFO  main            d.u.i.k.p.i.AbstractProblemLoader Loading environment from /home/runner/work/key/key/key.core/../key.ui/examples/heap/permissions/lockspec/Counter_unlockTransfer_accessible.key 
810623     DEBUG main            d.u.i.k.p.i.AbstractProblemLoader Environment load took 182.3ns 
810624     INFO  main            d.u.i.k.p.i.AbstractProblemLoader Creating init config 
813781     DEBUG main            d.u.i.k.p.i.AbstractProblemLoader Init config took 3.16s 
813832     INFO  main            d.u.i.k.p.i.AbstractProblemLoader Replaying proof Counter[LockSpec::unlockTransfer()].JML accessible clause.0 
813833     DEBUG main            d.u.i.k.p.i.IntermediateProofReplayer Proof replay took 3.7ns 
814139     INFO  main            d.u.i.k.p.r.p.TestFile    ... finished proof: closed. 
814870     INFO  main            d.u.i.k.p.i.AbstractProblemLoader Loading environment from /home/runner/work/key/key/key.core/../key.ui/examples/heap/permissions/lockspec/Counter_unlockTransfer_accessible.key.proof 
814871     DEBUG main            d.u.i.k.p.i.AbstractProblemLoader Environment load took 86.1ns 
814871     INFO  main            d.u.i.k.p.i.AbstractProblemLoader Creating init config 
817938     DEBUG main            d.u.i.k.p.i.AbstractProblemLoader Init config took 3.07s 
817995     INFO  main            d.u.i.k.p.i.AbstractProblemLoader Replaying proof Counter[LockSpec::unlockTransfer()].JML accessible clause.0 
818057     DEBUG main            d.u.i.k.p.i.IntermediateProofReplayer Proof replay took 55.28ms 
818058     DEBUG main            d.u.i.k.p.r.p.TestFile    ... success: reloaded. 
818059     INFO  main            d.u.i.k.p.r.p.TestFile    Now processing file /home/runner/work/key/key/key.core/../key.ui/examples/heap/permissions/threads/Plotter_startTransfer_contract.proof 
818059     INFO  main            d.u.i.k.p.i.AbstractProblemLoader Loading environment from /home/runner/work/key/key/key.core/../key.ui/examples/heap/permissions/threads/Plotter_startTransfer_contract.proof 
818059     DEBUG main            d.u.i.k.p.i.AbstractProblemLoader Environment load took 182.1ns 
818060     INFO  main            d.u.i.k.p.i.AbstractProblemLoader Creating init config 
822667     DEBUG main            d.u.i.k.p.i.AbstractProblemLoader Init config took 4.61s 
822782     INFO  main            d.u.i.k.p.i.AbstractProblemLoader Replaying proof Plotter[ThreadSpec2::startTransfer()].JML model_behavior operation contract.0 
822976     DEBUG main            d.u.i.k.p.i.IntermediateProofReplayer Proof replay took 171.87ms 
823015     INFO  main            d.u.i.k.p.r.p.TestFile    ... success: loaded 
823016     INFO  main            d.u.i.k.p.r.p.TestFile    Now processing file /home/runner/work/key/key/key.core/../key.ui/examples/heap/permissions/threads/Plotter_startTransfer_accessible.proof 
823016     INFO  main            d.u.i.k.p.i.AbstractProblemLoader Loading environment from /home/runner/work/key/key/key.core/../key.ui/examples/heap/permissions/threads/Plotter_startTransfer_accessible.proof 
823016     DEBUG main            d.u.i.k.p.i.AbstractProblemLoader Environment load took 39.2ns 
823017     INFO  main            d.u.i.k.p.i.AbstractProblemLoader Creating init config 
827872     DEBUG main            d.u.i.k.p.i.AbstractProblemLoader Init config took 4.85s 
827951     INFO  main            d.u.i.k.p.i.AbstractProblemLoader Replaying proof Plotter[ThreadSpec2::startTransfer()].JML accessible clause.0 
828012     DEBUG main            d.u.i.k.p.i.IntermediateProofReplayer Proof replay took 57.18ms 
828013     INFO  main            d.u.i.k.p.r.p.TestFile    ... success: loaded 
828014     INFO  main            d.u.i.k.p.r.p.TestFile    Now processing file /home/runner/work/key/key/key.core/../key.ui/examples/heap/permissions/threads/Plotter_joinTransfer_accessible.proof 
828015     INFO  main            d.u.i.k.p.i.AbstractProblemLoader Loading environment from /home/runner/work/key/key/key.core/../key.ui/examples/heap/permissions/threads/Plotter_joinTransfer_accessible.proof 
828015     DEBUG main            d.u.i.k.p.i.AbstractProblemLoader Environment load took 149ns 
828016     INFO  main            d.u.i.k.p.i.AbstractProblemLoader Creating init config 
832624     DEBUG main            d.u.i.k.p.i.AbstractProblemLoader Init config took 4.61s 
832720     INFO  main            d.u.i.k.p.i.AbstractProblemLoader Replaying proof Plotter[ThreadSpec2::joinTransfer()].JML accessible clause.0 
832729     WARN  main            d.u.i.k.p.i.IntermediateProofReplayer Proof contains wrong number of \assumes instatiations for Definition_axiom_for_stateInv_in_Plotter 
832734     WARN  main            d.u.i.k.p.i.IntermediateProofReplayer Proof contains wrong number of \assumes instatiations for Definition_axiom_for_stateInv_in_Plotter 
832736     WARN  main            d.u.i.k.p.i.IntermediateProofReplayer Proof contains wrong number of \assumes instatiations for Definition_axiom_for_workingPermissions_in_Plotter 
832736     WARN  main            d.u.i.k.p.i.IntermediateProofReplayer Proof contains wrong number of \assumes instatiations for Definition_axiom_for_staticPermissions_in_Plotter 
832737     WARN  main            d.u.i.k.p.i.IntermediateProofReplayer Proof contains wrong number of \assumes instatiations for Definition_axiom_for_joinTransfer_in_Plotter 
832737     WARN  main            d.u.i.k.p.i.IntermediateProofReplayer Proof contains wrong number of \assumes instatiations for Definition_axiom_for_stateInv_in_BFilter 
832739     WARN  main            d.u.i.k.p.i.IntermediateProofReplayer Proof contains wrong number of \assumes instatiations for Definition_axiom_for_stateInv_in_AFilter 
832740     WARN  main            d.u.i.k.p.i.IntermediateProofReplayer Proof contains wrong number of \assumes instatiations for Definition_axiom_for_stateInv_in_BFilter 
832741     WARN  main            d.u.i.k.p.i.IntermediateProofReplayer Proof contains wrong number of \assumes instatiations for Definition_axiom_for_stateInv_in_AFilter 
832742     WARN  main            d.u.i.k.p.i.IntermediateProofReplayer Proof contains wrong number of \assumes instatiations for Definition_axiom_for_staticPermissions_in_AFilter 
832743     WARN  main            d.u.i.k.p.i.IntermediateProofReplayer Proof contains wrong number of \assumes instatiations for Definition_axiom_for_staticPermissions_in_Plotter 
832743     WARN  main            d.u.i.k.p.i.IntermediateProofReplayer Proof contains wrong number of \assumes instatiations for Definition_axiom_for_staticPermissions_in_BFilter 
832743     WARN  main            d.u.i.k.p.i.IntermediateProofReplayer Proof contains wrong number of \assumes instatiations for Definition_axiom_for_workingPermissions_in_Plotter 
832744     WARN  main            d.u.i.k.p.i.IntermediateProofReplayer Proof contains wrong number of \assumes instatiations for Definition_axiom_for_stateInv_in_Sampler 
832745     WARN  main            d.u.i.k.p.i.IntermediateProofReplayer Proof contains wrong number of \assumes instatiations for Definition_axiom_for_stateInv_in_Sampler 
832746     WARN  main            d.u.i.k.p.i.IntermediateProofReplayer Proof contains wrong number of \assumes instatiations for Definition_axiom_for_staticPermissions_in_Sampler 
832746     WARN  main            d.u.i.k.p.i.IntermediateProofReplayer Proof contains wrong number of \assumes instatiations for Definition_axiom_for_staticPermissions_in_BFilter 
832747     WARN  main            d.u.i.k.p.i.IntermediateProofReplayer Proof contains wrong number of \assumes instatiations for Definition_axiom_for_staticPermissions_in_AFilter 
832747     WARN  main            d.u.i.k.p.i.IntermediateProofReplayer Proof contains wrong number of \assumes instatiations for Definition_axiom_for_staticPermissions_in_Sampler 
832747     WARN  main            d.u.i.k.p.i.IntermediateProofReplayer Proof contains wrong number of \assumes instatiations for Definition_axiom_for_staticPermissions_in_Sampler 
832748     WARN  main            d.u.i.k.p.i.IntermediateProofReplayer Proof contains wrong number of \assumes instatiations for Definition_axiom_for_staticPermissions_in_Sampler 
832748     WARN  main            d.u.i.k.p.i.IntermediateProofReplayer Proof contains wrong number of \assumes instatiations for Definition_axiom_for_joinTransfer_in_Plotter 
832804     DEBUG main            d.u.i.k.p.i.IntermediateProofReplayer Proof replay took 77.4ms 
832809     INFO  main            d.u.i.k.p.r.p.TestFile    ... success: loaded 
5019288    INFO  Test worker     d.u.i.k.p.r.RunAllProofsTestUnit Returning from test permissionHeap 
5019289    INFO  Test worker     d.u.i.k.p.r.RunAllProofsTestUnit Running test completionScopes 
347        INFO  Timeout watchdog d.u.i.k.p.r.p.ForkedTestFileRunner Timeout watcher launched (2000 secs.) 
360        WARN  main            d.u.i.k.s.ProofSettings   The settings in /home/runner/.key/proof-settings.props are *not* read. 
398        INFO  main            d.u.i.k.p.r.p.TestFile    Now processing file /home/runner/work/key/key/key.core/../key.ui/examples/completionscopes/testCcatchReturnVal.key 
532        INFO  main            d.u.i.k.p.i.AbstractProblemLoader Loading environment from /home/runner/work/key/key/key.core/../key.ui/examples/completionscopes/testCcatchReturnVal.key 
556        DEBUG main            d.u.i.k.p.i.AbstractProblemLoader Environment load took 2.06ms 
791        INFO  main            d.u.i.k.p.i.AbstractProblemLoader Creating init config 
1820       DEBUG main            d.u.i.k.j.TypeConverter   No LDT found for Meta 
1821       DEBUG main            d.u.i.k.j.TypeConverter   No LDT found for Meta 
1824       DEBUG main            d.u.i.k.j.TypeConverter   No LDT found for Meta 
1824       DEBUG main            d.u.i.k.j.TypeConverter   No LDT found for Meta 
3216       DEBUG main            d.u.i.k.j.TypeConverter   No LDT found for JavaBigintExpression 
8223       DEBUG main            d.u.i.k.p.i.AbstractProblemLoader Init config took 7.43s 
8359       INFO  main            d.u.i.k.p.i.AbstractProblemLoader Replaying proof CompletionScopes[CompletionScopes::testCcatchReturnVal()].JML normal_behavior operation contract.0 
8394       DEBUG main            d.u.i.k.p.i.IntermediateProofReplayer Proof replay took 37.4ns 
8938       INFO  main            d.u.i.k.p.r.p.TestFile    ... finished proof: closed. 
9057       INFO  main            d.u.i.k.p.i.AbstractProblemLoader Loading environment from /home/runner/work/key/key/key.core/../key.ui/examples/completionscopes/testCcatchReturnVal.key.proof 
9059       DEBUG main            d.u.i.k.p.i.AbstractProblemLoader Environment load took 1.39ms 
9062       INFO  main            d.u.i.k.p.i.AbstractProblemLoader Creating init config 
11927      DEBUG main            d.u.i.k.p.i.AbstractProblemLoader Init config took 2.87s 
11993      INFO  main            d.u.i.k.p.i.AbstractProblemLoader Replaying proof CompletionScopes[CompletionScopes::testCcatchReturnVal()].JML normal_behavior operation contract.0 
12026      DEBUG main            d.u.i.k.p.i.IntermediateProofReplayer Proof replay took 28.41ms 
12034      DEBUG main            d.u.i.k.p.r.p.TestFile    ... success: reloaded. 
12036      INFO  main            d.u.i.k.p.r.p.TestFile    Now processing file /home/runner/work/key/key/key.core/../key.ui/examples/completionscopes/testMultCcatchClauses.key 
12036      INFO  main            d.u.i.k.p.i.AbstractProblemLoader Loading environment from /home/runner/work/key/key/key.core/../key.ui/examples/completionscopes/testMultCcatchClauses.key 
12036      DEBUG main            d.u.i.k.p.i.AbstractProblemLoader Environment load took 218.01ns 
12038      INFO  main            d.u.i.k.p.i.AbstractProblemLoader Creating init config 
14706      DEBUG main            d.u.i.k.p.i.AbstractProblemLoader Init config took 2.67s 
14770      INFO  main            d.u.i.k.p.i.AbstractProblemLoader Replaying proof CompletionScopes[CompletionScopes::testMultCcatchClauses()].JML normal_behavior operation contract.0 
14773      DEBUG main            d.u.i.k.p.i.IntermediateProofReplayer Proof replay took 9.1ns 
15077      INFO  main            d.u.i.k.p.r.p.TestFile    ... finished proof: closed. 
15236      INFO  main            d.u.i.k.p.i.AbstractProblemLoader Loading environment from /home/runner/work/key/key/key.core/../key.ui/examples/completionscopes/testMultCcatchClauses.key.proof 
15237      DEBUG main            d.u.i.k.p.i.AbstractProblemLoader Environment load took 445.01ns 
15242      INFO  main            d.u.i.k.p.i.AbstractProblemLoader Creating init config 
17817      DEBUG main            d.u.i.k.p.i.AbstractProblemLoader Init config took 2.57s 
17873      INFO  main            d.u.i.k.p.i.AbstractProblemLoader Replaying proof CompletionScopes[CompletionScopes::testMultCcatchClauses()].JML normal_behavior operation contract.0 
17955      DEBUG main            d.u.i.k.p.i.IntermediateProofReplayer Proof replay took 78.44ms 
17956      DEBUG main            d.u.i.k.p.r.p.TestFile    ... success: reloaded. 
17958      INFO  main            d.u.i.k.p.r.p.TestFile    Now processing file /home/runner/work/key/key/key.core/../key.ui/examples/completionscopes/testNestedExec.key 
17958      INFO  main            d.u.i.k.p.i.AbstractProblemLoader Loading environment from /home/runner/work/key/key/key.core/../key.ui/examples/completionscopes/testNestedExec.key 
17959      DEBUG main            d.u.i.k.p.i.AbstractProblemLoader Environment load took 211.91ns 
17960      INFO  main            d.u.i.k.p.i.AbstractProblemLoader Creating init config 
20593      DEBUG main            d.u.i.k.p.i.AbstractProblemLoader Init config took 2.63s 
20643      INFO  main            d.u.i.k.p.i.AbstractProblemLoader Replaying proof CompletionScopes[CompletionScopes::testMultCcatchClauses()].JML normal_behavior operation contract.0 
20646      DEBUG main            d.u.i.k.p.i.IntermediateProofReplayer Proof replay took 7ns 
20949      INFO  main            d.u.i.k.p.r.p.TestFile    ... finished proof: closed. 
21108      INFO  main            d.u.i.k.p.i.AbstractProblemLoader Loading environment from /home/runner/work/key/key/key.core/../key.ui/examples/completionscopes/testNestedExec.key.proof 
21109      DEBUG main            d.u.i.k.p.i.AbstractProblemLoader Environment load took 591.01ns 
21110      INFO  main            d.u.i.k.p.i.AbstractProblemLoader Creating init config 
23628      DEBUG main            d.u.i.k.p.i.AbstractProblemLoader Init config took 2.52s 
23704      INFO  main            d.u.i.k.p.i.AbstractProblemLoader Replaying proof CompletionScopes[CompletionScopes::testMultCcatchClauses()].JML normal_behavior operation contract.0 
23789      DEBUG main            d.u.i.k.p.i.IntermediateProofReplayer Proof replay took 78.56ms 
23790      DEBUG main            d.u.i.k.p.r.p.TestFile    ... success: reloaded. 
23792      INFO  main            d.u.i.k.p.r.p.TestFile    Now processing file /home/runner/work/key/key/key.core/../key.ui/examples/completionscopes/testCcatchBreakLabel.key 
23792      INFO  main            d.u.i.k.p.i.AbstractProblemLoader Loading environment from /home/runner/work/key/key/key.core/../key.ui/examples/completionscopes/testCcatchBreakLabel.key 
23792      DEBUG main            d.u.i.k.p.i.AbstractProblemLoader Environment load took 187.6ns 
23794      INFO  main            d.u.i.k.p.i.AbstractProblemLoader Creating init config 
26325      DEBUG main            d.u.i.k.p.i.AbstractProblemLoader Init config took 2.53s 
26374      INFO  main            d.u.i.k.p.i.AbstractProblemLoader Replaying proof CompletionScopes[CompletionScopes::testBreakLabel()].JML normal_behavior operation contract.0 
26376      DEBUG main            d.u.i.k.p.i.IntermediateProofReplayer Proof replay took 9.1ns 
26395      DEBUG Thread-10       d.u.i.k.l.o.ProgramSV     Match failed: Former match of  SchemaVariable incompatible with  the current match. 
26479      INFO  main            d.u.i.k.p.r.p.TestFile    ... finished proof: closed. 
26642      INFO  main            d.u.i.k.p.i.AbstractProblemLoader Loading environment from /home/runner/work/key/key/key.core/../key.ui/examples/completionscopes/testCcatchBreakLabel.key.proof 
26642      DEBUG main            d.u.i.k.p.i.AbstractProblemLoader Environment load took 153.9ns 
26643      INFO  main            d.u.i.k.p.i.AbstractProblemLoader Creating init config 
29136      DEBUG main            d.u.i.k.p.i.AbstractProblemLoader Init config took 2.49s 
29183      INFO  main            d.u.i.k.p.i.AbstractProblemLoader Replaying proof CompletionScopes[CompletionScopes::testBreakLabel()].JML normal_behavior operation contract.0 
29194      DEBUG main            d.u.i.k.p.i.IntermediateProofReplayer Proof replay took 7.81ms 
29195      DEBUG main            d.u.i.k.p.r.p.TestFile    ... success: reloaded. 
29196      INFO  main            d.u.i.k.p.r.p.TestFile    Now processing file /home/runner/work/key/key/key.core/../key.ui/examples/completionscopes/testCcatchContinueLabel.key 
29197      INFO  main            d.u.i.k.p.i.AbstractProblemLoader Loading environment from /home/runner/work/key/key/key.core/../key.ui/examples/completionscopes/testCcatchContinueLabel.key 
29197      DEBUG main            d.u.i.k.p.i.AbstractProblemLoader Environment load took 192ns 
29198      INFO  main            d.u.i.k.p.i.AbstractProblemLoader Creating init config 
31719      DEBUG main            d.u.i.k.p.i.AbstractProblemLoader Init config took 2.52s 
31766      INFO  main            d.u.i.k.p.i.AbstractProblemLoader Replaying proof CompletionScopes[CompletionScopes::testContinueLabel()].JML normal_behavior operation contract.0 
31768      DEBUG main            d.u.i.k.p.i.IntermediateProofReplayer Proof replay took 8.4ns 
31788      DEBUG Thread-13       d.u.i.k.l.o.ProgramSV     Match failed: Former match of  SchemaVariable incompatible with  the current match. 
31871      INFO  main            d.u.i.k.p.r.p.TestFile    ... finished proof: closed. 
32035      INFO  main            d.u.i.k.p.i.AbstractProblemLoader Loading environment from /home/runner/work/key/key/key.core/../key.ui/examples/completionscopes/testCcatchContinueLabel.key.proof 
32035      DEBUG main            d.u.i.k.p.i.AbstractProblemLoader Environment load took 141.5ns 
32037      INFO  main            d.u.i.k.p.i.AbstractProblemLoader Creating init config 
34571      DEBUG main            d.u.i.k.p.i.AbstractProblemLoader Init config took 2.53s 
34624      INFO  main            d.u.i.k.p.i.AbstractProblemLoader Replaying proof CompletionScopes[CompletionScopes::testContinueLabel()].JML normal_behavior operation contract.0 
34636      DEBUG main            d.u.i.k.p.i.IntermediateProofReplayer Proof replay took 9.35ms 
34637      DEBUG main            d.u.i.k.p.r.p.TestFile    ... success: reloaded. 
34639      INFO  main            d.u.i.k.p.r.p.TestFile    Now processing file /home/runner/work/key/key/key.core/../key.ui/examples/completionscopes/testCcatchBreakLabelWildcard.key 
34639      INFO  main            d.u.i.k.p.i.AbstractProblemLoader Loading environment from /home/runner/work/key/key/key.core/../key.ui/examples/completionscopes/testCcatchBreakLabelWildcard.key 
34640      DEBUG main            d.u.i.k.p.i.AbstractProblemLoader Environment load took 151.7ns 
34641      INFO  main            d.u.i.k.p.i.AbstractProblemLoader Creating init config 
37172      DEBUG main            d.u.i.k.p.i.AbstractProblemLoader Init config took 2.53s 
37218      INFO  main            d.u.i.k.p.i.AbstractProblemLoader Replaying proof CompletionScopes[CompletionScopes::testBreakLabelWildcard()].JML normal_behavior operation contract.0 
37220      DEBUG main            d.u.i.k.p.i.IntermediateProofReplayer Proof replay took 10.6ns 
37240      DEBUG Thread-16       d.u.i.k.l.o.ProgramSV     Match failed: Former match of  SchemaVariable incompatible with  the current match. 
37242      DEBUG Thread-16       d.u.i.k.l.o.ProgramSV     Match failed: Former match of  SchemaVariable incompatible with  the current match. 
37326      INFO  main            d.u.i.k.p.r.p.TestFile    ... finished proof: closed. 
37516      INFO  main            d.u.i.k.p.i.AbstractProblemLoader Loading environment from /home/runner/work/key/key/key.core/../key.ui/examples/completionscopes/testCcatchBreakLabelWildcard.key.proof 
37517      DEBUG main            d.u.i.k.p.i.AbstractProblemLoader Environment load took 573.81ns 
37518      INFO  main            d.u.i.k.p.i.AbstractProblemLoader Creating init config 
40007      DEBUG main            d.u.i.k.p.i.AbstractProblemLoader Init config took 2.49s 
40067      INFO  main            d.u.i.k.p.i.AbstractProblemLoader Replaying proof CompletionScopes[CompletionScopes::testBreakLabelWildcard()].JML normal_behavior operation contract.0 
40080      DEBUG main            d.u.i.k.p.i.IntermediateProofReplayer Proof replay took 8.84ms 
40081      DEBUG main            d.u.i.k.p.r.p.TestFile    ... success: reloaded. 
40082      INFO  main            d.u.i.k.p.r.p.TestFile    Now processing file /home/runner/work/key/key/key.core/../key.ui/examples/completionscopes/testCcatchContinueLabelWildcard.key 
40082      INFO  main            d.u.i.k.p.i.AbstractProblemLoader Loading environment from /home/runner/work/key/key/key.core/../key.ui/examples/completionscopes/testCcatchContinueLabelWildcard.key 
40082      DEBUG main            d.u.i.k.p.i.AbstractProblemLoader Environment load took 105.5ns 
40084      INFO  main            d.u.i.k.p.i.AbstractProblemLoader Creating init config 
42626      DEBUG main            d.u.i.k.p.i.AbstractProblemLoader Init config took 2.54s 
42680      INFO  main            d.u.i.k.p.i.AbstractProblemLoader Replaying proof CompletionScopes[CompletionScopes::testContinueLabelWildcard()].JML normal_behavior operation contract.0 
42682      DEBUG main            d.u.i.k.p.i.IntermediateProofReplayer Proof replay took 9.6ns 
42703      DEBUG Thread-19       d.u.i.k.l.o.ProgramSV     Match failed: Former match of  SchemaVariable incompatible with  the current match. 
42704      DEBUG Thread-19       d.u.i.k.l.o.ProgramSV     Match failed: Former match of  SchemaVariable incompatible with  the current match. 
42785      INFO  main            d.u.i.k.p.r.p.TestFile    ... finished proof: closed. 
42962      INFO  main            d.u.i.k.p.i.AbstractProblemLoader Loading environment from /home/runner/work/key/key/key.core/../key.ui/examples/completionscopes/testCcatchContinueLabelWildcard.key.proof 
42963      DEBUG main            d.u.i.k.p.i.AbstractProblemLoader Environment load took 147.5ns 
42964      INFO  main            d.u.i.k.p.i.AbstractProblemLoader Creating init config 
45406      DEBUG main            d.u.i.k.p.i.AbstractProblemLoader Init config took 2.44s 
45448      INFO  main            d.u.i.k.p.i.AbstractProblemLoader Replaying proof CompletionScopes[CompletionScopes::testContinueLabelWildcard()].JML normal_behavior operation contract.0 
45457      DEBUG main            d.u.i.k.p.i.IntermediateProofReplayer Proof replay took 7.02ms 
45458      DEBUG main            d.u.i.k.p.r.p.TestFile    ... success: reloaded. 
45459      INFO  main            d.u.i.k.p.r.p.TestFile    Now processing file /home/runner/work/key/key/key.core/../key.ui/examples/completionscopes/testCcatchBreakLabelNonmatchingNested.key 
45459      INFO  main            d.u.i.k.p.i.AbstractProblemLoader Loading environment from /home/runner/work/key/key/key.core/../key.ui/examples/completionscopes/testCcatchBreakLabelNonmatchingNested.key 
45460      DEBUG main            d.u.i.k.p.i.AbstractProblemLoader Environment load took 112.5ns 
45461      INFO  main            d.u.i.k.p.i.AbstractProblemLoader Creating init config 
47945      DEBUG main            d.u.i.k.p.i.AbstractProblemLoader Init config took 2.48s 
47987      INFO  main            d.u.i.k.p.i.AbstractProblemLoader Replaying proof CompletionScopes[CompletionScopes::testBreakLabelNonmatchingNested()].JML normal_behavior operation contract.0 
47989      DEBUG main            d.u.i.k.p.i.IntermediateProofReplayer Proof replay took 10.1ns 
48009      DEBUG Thread-22       d.u.i.k.l.o.ProgramSV     Match failed: Former match of  SchemaVariable incompatible with  the current match. 
48010      DEBUG Thread-22       d.u.i.k.l.o.ProgramSV     Match failed: Former match of  SchemaVariable incompatible with  the current match. 
48094      INFO  main            d.u.i.k.p.r.p.TestFile    ... finished proof: closed. 
48335      INFO  main            d.u.i.k.p.i.AbstractProblemLoader Loading environment from /home/runner/work/key/key/key.core/../key.ui/examples/completionscopes/testCcatchBreakLabelNonmatchingNested.key.proof 
48335      DEBUG main            d.u.i.k.p.i.AbstractProblemLoader Environment load took 160.4ns 
48336      INFO  main            d.u.i.k.p.i.AbstractProblemLoader Creating init config 
50728      DEBUG main            d.u.i.k.p.i.AbstractProblemLoader Init config took 2.39s 
50790      INFO  main            d.u.i.k.p.i.AbstractProblemLoader Replaying proof CompletionScopes[CompletionScopes::testBreakLabelNonmatchingNested()].JML normal_behavior operation contract.0 
50803      DEBUG main            d.u.i.k.p.i.IntermediateProofReplayer Proof replay took 8.81ms 
50805      DEBUG main            d.u.i.k.p.r.p.TestFile    ... success: reloaded. 
5070299    INFO  Test worker     d.u.i.k.p.r.RunAllProofsTestUnit Returning from test completionScopes 
5070301    INFO  Test worker     d.u.i.k.p.r.RunAllProofsTestUnit Running test reload_examples 
366        INFO  Timeout watchdog d.u.i.k.p.r.p.ForkedTestFileRunner Timeout watcher launched (2000 secs.) 
379        WARN  main            d.u.i.k.s.ProofSettings   The settings in /home/runner/.key/proof-settings.props are *not* read. 
409        INFO  main            d.u.i.k.p.r.p.TestFile    Now processing file /home/runner/work/key/key/key.core/../key.ui/examples/firstTouch/05-ReverseArray/reverseArray.key 
538        INFO  main            d.u.i.k.p.i.AbstractProblemLoader Loading environment from /home/runner/work/key/key/key.core/../key.ui/examples/firstTouch/05-ReverseArray/reverseArray.key 
555        DEBUG main            d.u.i.k.p.i.AbstractProblemLoader Environment load took 2.1ms 
784        INFO  main            d.u.i.k.p.i.AbstractProblemLoader Creating init config 
1845       DEBUG main            d.u.i.k.j.TypeConverter   No LDT found for Meta 
1846       DEBUG main            d.u.i.k.j.TypeConverter   No LDT found for Meta 
1848       DEBUG main            d.u.i.k.j.TypeConverter   No LDT found for Meta 
1848       DEBUG main            d.u.i.k.j.TypeConverter   No LDT found for Meta 
3506       DEBUG main            d.u.i.k.j.TypeConverter   No LDT found for JavaBigintExpression 
8835       DEBUG main            d.u.i.k.p.i.AbstractProblemLoader Init config took 8.05s 
8966       INFO  main            d.u.i.k.p.i.AbstractProblemLoader Replaying proof ReverseArray[ReverseArray::reverse()].JML normal_behavior operation contract.0 
9039       DEBUG main            d.u.i.k.p.i.IntermediateProofReplayer Proof replay took 44.4ns 
20034      INFO  main            d.u.i.k.p.r.p.TestFile    ... finished proof: closed. 
20251      INFO  main            d.u.i.k.p.i.AbstractProblemLoader Loading environment from /home/runner/work/key/key/key.core/../key.ui/examples/firstTouch/05-ReverseArray/reverseArray.key.proof 
20251      DEBUG main            d.u.i.k.p.i.AbstractProblemLoader Environment load took 279.91ns 
20254      INFO  main            d.u.i.k.p.i.AbstractProblemLoader Creating init config 
23019      DEBUG main            d.u.i.k.p.i.AbstractProblemLoader Init config took 2.76s 
23064      INFO  main            d.u.i.k.p.i.AbstractProblemLoader Replaying proof ReverseArray[ReverseArray::reverse()].JML normal_behavior operation contract.0 
23557      DEBUG main            d.u.i.k.p.i.IntermediateProofReplayer Proof replay took 436.73ms 
23568      DEBUG main            d.u.i.k.p.r.p.TestFile    ... success: reloaded. 
23570      INFO  main            d.u.i.k.p.r.p.TestFile    Now processing file /home/runner/work/key/key/key.core/../key.ui/examples/standard_key/arith/saveProofTest.key.proof 
23571      INFO  main            d.u.i.k.p.i.AbstractProblemLoader Loading environment from /home/runner/work/key/key/key.core/../key.ui/examples/standard_key/arith/saveProofTest.key.proof 
23571      DEBUG main            d.u.i.k.p.i.AbstractProblemLoader Environment load took 220.21ns 
23573      INFO  main            d.u.i.k.p.i.AbstractProblemLoader Creating init config 
26159      DEBUG main            d.u.i.k.p.i.AbstractProblemLoader Init config took 2.59s 
26186      INFO  main            d.u.i.k.p.i.AbstractProblemLoader Replaying proof saveProofTest.key.proof 
26197      DEBUG main            d.u.i.k.p.i.IntermediateProofReplayer Proof replay took 3.27ms 
26199      INFO  main            d.u.i.k.p.r.p.TestFile    ... success: loaded 
26200      INFO  main            d.u.i.k.p.r.p.TestFile    Now processing file /home/runner/work/key/key/key.core/../key.ui/examples/heap/permutedSum/perm.proof 
26201      INFO  main            d.u.i.k.p.i.AbstractProblemLoader Loading environment from /home/runner/work/key/key/key.core/../key.ui/examples/heap/permutedSum/perm.proof 
26201      DEBUG main            d.u.i.k.p.i.AbstractProblemLoader Environment load took 446.31ns 
26205      INFO  main            d.u.i.k.p.i.AbstractProblemLoader Creating init config 
28968      DEBUG main            d.u.i.k.p.i.AbstractProblemLoader Init config took 2.76s 
29034      INFO  main            d.u.i.k.p.i.AbstractProblemLoader Replaying proof Perm[Perm::foo()].JML normal_behavior operation contract.0 
29772      DEBUG main            d.u.i.k.p.i.IntermediateProofReplayer Proof replay took 693.23ms 
29774      INFO  main            d.u.i.k.p.r.p.TestFile    ... success: loaded 
29777      INFO  main            d.u.i.k.p.r.p.TestFile    Now processing file /home/runner/work/key/key/key.core/../key.ui/examples/firstTouch/05-ReverseArray/reverseArray.proof 
29777      INFO  main            d.u.i.k.p.i.AbstractProblemLoader Loading environment from /home/runner/work/key/key/key.core/../key.ui/examples/firstTouch/05-ReverseArray/reverseArray.proof 
29777      DEBUG main            d.u.i.k.p.i.AbstractProblemLoader Environment load took 210.1ns 
29780      INFO  main            d.u.i.k.p.i.AbstractProblemLoader Creating init config 
32394      DEBUG main            d.u.i.k.p.i.AbstractProblemLoader Init config took 2.61s 
32433      INFO  main            d.u.i.k.p.i.AbstractProblemLoader Replaying proof ReverseArray[ReverseArray::reverse()].JML normal_behavior operation contract.0 
32910      DEBUG main            d.u.i.k.p.i.IntermediateProofReplayer Proof replay took 439.73ms 
32913      INFO  main            d.u.i.k.p.r.p.TestFile    ... success: loaded 
32917      INFO  main            d.u.i.k.p.r.p.TestFile    Now processing file /home/runner/work/key/key/key.core/../key.ui/examples/heap/verifyThis15_1_RelaxedPrefix/relax.proof 
32917      INFO  main            d.u.i.k.p.i.AbstractProblemLoader Loading environment from /home/runner/work/key/key/key.core/../key.ui/examples/heap/verifyThis15_1_RelaxedPrefix/relax.proof 
32918      DEBUG main            d.u.i.k.p.i.AbstractProblemLoader Environment load took 136.6ns 
32922      INFO  main            d.u.i.k.p.i.AbstractProblemLoader Creating init config 
35568      DEBUG main            d.u.i.k.p.i.AbstractProblemLoader Init config took 2.65s 
35622      INFO  main            d.u.i.k.p.i.AbstractProblemLoader Replaying proof Relaxed[Relaxed::isRelaxedPrefix([I,[I)].JML operation contract.0 
36021      DEBUG main            d.u.i.k.p.i.IntermediateProofReplayer Proof replay took 379.23ms 
36023      INFO  main            d.u.i.k.p.r.p.TestFile    ... success: loaded 
36025      INFO  main            d.u.i.k.p.r.p.TestFile    Now processing file /home/runner/work/key/key/key.core/../key.ui/examples/heap/verifyThis15_3_DLL/doUndo.proof 
36025      INFO  main            d.u.i.k.p.i.AbstractProblemLoader Loading environment from /home/runner/work/key/key/key.core/../key.ui/examples/heap/verifyThis15_3_DLL/doUndo.proof 
36026      DEBUG main            d.u.i.k.p.i.AbstractProblemLoader Environment load took 197.91ns 
36030      INFO  main            d.u.i.k.p.i.AbstractProblemLoader Creating init config 
36980      DEBUG main            d.u.i.k.j.r.ClassPreparationMethodBuilder clPrepBuilder: Inner Class detected. Reject building class initialisation methods. 
38844      DEBUG main            d.u.i.k.p.i.AbstractProblemLoader Init config took 2.81s 
38927      INFO  main            d.u.i.k.p.i.AbstractProblemLoader Replaying proof DoubleLinkedList[DoubleLinkedList::doUndo(DoubleLinkedList.Node,int)].JML normal_behavior operation contract.0 
39439      DEBUG main            d.u.i.k.p.i.IntermediateProofReplayer Proof replay took 450.68ms 
39440      INFO  main            d.u.i.k.p.r.p.TestFile    ... success: loaded 
39442      INFO  main            d.u.i.k.p.r.p.TestFile    Now processing file /home/runner/work/key/key/key.core/../key.ui/examples/heap/verifyThis15_2_ParallelGcd/parallelGcd.proof 
39442      INFO  main            d.u.i.k.p.i.AbstractProblemLoader Loading environment from /home/runner/work/key/key/key.core/../key.ui/examples/heap/verifyThis15_2_ParallelGcd/parallelGcd.proof 
39442      DEBUG main            d.u.i.k.p.i.AbstractProblemLoader Environment load took 191.9ns 
39444      INFO  main            d.u.i.k.p.i.AbstractProblemLoader Creating init config 
42099      DEBUG main            d.u.i.k.p.i.AbstractProblemLoader Init config took 2.65s 
42149      INFO  main            d.u.i.k.p.i.AbstractProblemLoader Replaying proof ParallelGcd[ParallelGcd::parallelGcd(int,int,[Z)].JML behavior operation contract.0 
42590      DEBUG main            d.u.i.k.p.i.IntermediateProofReplayer Proof replay took 428.21ms 
42591      INFO  main            d.u.i.k.p.r.p.TestFile    ... success: loaded 
5113070    INFO  Test worker     d.u.i.k.p.r.RunAllProofsTestUnit Returning from test reload_examples 
5113071    INFO  Test worker     d.u.i.k.p.r.RunAllProofsTestUnit Running test proofLoadRepair 
382        INFO  Timeout watchdog d.u.i.k.p.r.p.ForkedTestFileRunner Timeout watcher launched (2000 secs.) 
400        WARN  main            d.u.i.k.s.ProofSettings   The settings in /home/runner/.key/proof-settings.props are *not* read. 
444        INFO  main            d.u.i.k.p.r.p.TestFile    Now processing file /home/runner/work/key/key/key.core/../key.ui/examples/proofLoadRepair/disjConj-manipulated.proof 
559        INFO  main            d.u.i.k.p.i.AbstractProblemLoader Loading environment from /home/runner/work/key/key/key.core/../key.ui/examples/proofLoadRepair/disjConj-manipulated.proof 
582        DEBUG main            d.u.i.k.p.i.AbstractProblemLoader Environment load took 2.2ms 
830        INFO  main            d.u.i.k.p.i.AbstractProblemLoader Creating init config 
1856       DEBUG main            d.u.i.k.j.TypeConverter   No LDT found for Meta 
1856       DEBUG main            d.u.i.k.j.TypeConverter   No LDT found for Meta 
1859       DEBUG main            d.u.i.k.j.TypeConverter   No LDT found for Meta 
1860       DEBUG main            d.u.i.k.j.TypeConverter   No LDT found for Meta 
3230       DEBUG main            d.u.i.k.j.TypeConverter   No LDT found for JavaBigintExpression 
8380       DEBUG main            d.u.i.k.p.i.AbstractProblemLoader Init config took 7.55s 
8452       INFO  main            d.u.i.k.p.i.AbstractProblemLoader Replaying proof disjConj-manipulated.proof 
8503       WARN  main            d.u.i.k.p.i.IntermediateProofReplayer Proof contains wrong number of \assumes instatiations for andLeft 
8505       WARN  main            d.u.i.k.p.i.IntermediateProofReplayer Proof contains wrong number of \assumes instatiations for replace_known_right 
8509       WARN  main            d.u.i.k.p.i.IntermediateProofReplayer Proof contains wrong number of \assumes instatiations for close 
8510       DEBUG main            d.u.i.k.p.i.IntermediateProofReplayer Proof replay took 16.43ms 
8516       INFO  main            d.u.i.k.p.r.p.TestFile    ... success: loaded 
8524       INFO  main            d.u.i.k.p.r.p.TestFile    Now processing file /home/runner/work/key/key/key.core/../key.ui/examples/proofLoadRepair/insufficient-manipulated.proof 
8525       INFO  main            d.u.i.k.p.i.AbstractProblemLoader Loading environment from /home/runner/work/key/key/key.core/../key.ui/examples/proofLoadRepair/insufficient-manipulated.proof 
8525       DEBUG main            d.u.i.k.p.i.AbstractProblemLoader Environment load took 203ns 
8532       INFO  main            d.u.i.k.p.i.AbstractProblemLoader Creating init config 
11384      DEBUG main            d.u.i.k.p.i.AbstractProblemLoader Init config took 2.85s 
11402      INFO  main            d.u.i.k.p.i.AbstractProblemLoader Replaying proof insufficient-manipulated.proof 
11429      WARN  main            d.u.i.k.p.i.IntermediateProofReplayer Proof contains wrong number of \assumes instatiations for applyEq 
11443      DEBUG main            d.u.i.k.p.i.IntermediateProofReplayer Proof replay took 16.44ms 
11448      INFO  main            d.u.i.k.p.r.p.TestFile    ... success: loading failed 
11450      INFO  main            d.u.i.k.p.r.p.TestFile    Now processing file /home/runner/work/key/key/key.core/../key.ui/examples/../../key.core/src/test/resources/testcase/issues/1716/incorrectPolarity.proof 
11450      INFO  main            d.u.i.k.p.i.AbstractProblemLoader Loading environment from /home/runner/work/key/key/key.core/../key.ui/examples/../../key.core/src/test/resources/testcase/issues/1716/incorrectPolarity.proof 
11450      DEBUG main            d.u.i.k.p.i.AbstractProblemLoader Environment load took 138ns 
11455      INFO  main            d.u.i.k.p.i.AbstractProblemLoader Creating init config 
14453      DEBUG main            d.u.i.k.p.i.AbstractProblemLoader Init config took 3s 
14484      INFO  main            d.u.i.k.p.i.AbstractProblemLoader Replaying proof incorrectPolarity.proof 
14487      DEBUG main            d.u.i.k.p.i.IntermediateProofReplayer Proof replay took 220.91ns 
14488      INFO  main            d.u.i.k.p.r.p.TestFile    ... success: loading failed 
14489      INFO  main            d.u.i.k.p.r.p.TestFile    Now processing file /home/runner/work/key/key/key.core/../key.ui/examples/../../key.core/src/test/resources/testcase/issues/1716/incorrectPolarity2.proof 
14489      INFO  main            d.u.i.k.p.i.AbstractProblemLoader Loading environment from /home/runner/work/key/key/key.core/../key.ui/examples/../../key.core/src/test/resources/testcase/issues/1716/incorrectPolarity2.proof 
14489      DEBUG main            d.u.i.k.p.i.AbstractProblemLoader Environment load took 207.81ns 
14491      INFO  main            d.u.i.k.p.i.AbstractProblemLoader Creating init config 
17042      DEBUG main            d.u.i.k.p.i.AbstractProblemLoader Init config took 2.55s 
17066      INFO  main            d.u.i.k.p.i.AbstractProblemLoader Replaying proof incorrectPolarity2.proof 
17069      DEBUG main            d.u.i.k.p.i.IntermediateProofReplayer Proof replay took 409.91ns 
17070      INFO  main            d.u.i.k.p.r.p.TestFile    ... success: loading failed 
17071      INFO  main            d.u.i.k.p.r.p.TestFile    Now processing file /home/runner/work/key/key/key.core/../key.ui/examples/../../key.core/src/test/resources/testcase/issues/1716/incorrectPolarity3.proof 
17071      INFO  main            d.u.i.k.p.i.AbstractProblemLoader Loading environment from /home/runner/work/key/key/key.core/../key.ui/examples/../../key.core/src/test/resources/testcase/issues/1716/incorrectPolarity3.proof 
17072      DEBUG main            d.u.i.k.p.i.AbstractProblemLoader Environment load took 200.81ns 
17073      INFO  main            d.u.i.k.p.i.AbstractProblemLoader Creating init config 
19585      DEBUG main            d.u.i.k.p.i.AbstractProblemLoader Init config took 2.51s 
19607      INFO  main            d.u.i.k.p.i.AbstractProblemLoader Replaying proof incorrectPolarity3.proof 
19610      DEBUG main            d.u.i.k.p.i.IntermediateProofReplayer Proof replay took 1.11ms 
19611      INFO  main            d.u.i.k.p.r.p.TestFile    ... success: loading failed 
5132894    INFO  Test worker     d.u.i.k.p.r.RunAllProofsTestUnit Returning from test proofLoadRepair 
5132895    INFO  Test worker     d.u.i.k.p.r.RunAllProofsTestUnit Running test switch 
334        INFO  Timeout watchdog d.u.i.k.p.r.p.ForkedTestFileRunner Timeout watcher launched (2000 secs.) 
346        WARN  main            d.u.i.k.s.ProofSettings   The settings in /home/runner/.key/proof-settings.props are *not* read. 
374        INFO  main            d.u.i.k.p.r.p.TestFile    Now processing file /home/runner/work/key/key/key.core/../key.ui/examples/standard_key/java_dl/switch/labeled_case.key 
499        INFO  main            d.u.i.k.p.i.AbstractProblemLoader Loading environment from /home/runner/work/key/key/key.core/../key.ui/examples/standard_key/java_dl/switch/labeled_case.key 
516        DEBUG main            d.u.i.k.p.i.AbstractProblemLoader Environment load took 2.13ms 
751        INFO  main            d.u.i.k.p.i.AbstractProblemLoader Creating init config 
1774       DEBUG main            d.u.i.k.j.TypeConverter   No LDT found for Meta 
1775       DEBUG main            d.u.i.k.j.TypeConverter   No LDT found for Meta 
1776       DEBUG main            d.u.i.k.j.TypeConverter   No LDT found for Meta 
1776       DEBUG main            d.u.i.k.j.TypeConverter   No LDT found for Meta 
3408       DEBUG main            d.u.i.k.j.TypeConverter   No LDT found for JavaBigintExpression 
8578       DEBUG main            d.u.i.k.p.i.AbstractProblemLoader Init config took 7.83s 
8704       INFO  main            d.u.i.k.p.i.AbstractProblemLoader Replaying proof LabeledCase[LabeledCase::m(int)].JML normal_behavior operation contract.0 
8737       DEBUG main            d.u.i.k.p.i.IntermediateProofReplayer Proof replay took 39.6ns 
9468       INFO  main            d.u.i.k.p.r.p.TestFile    ... finished proof: closed. 
9582       INFO  main            d.u.i.k.p.i.AbstractProblemLoader Loading environment from /home/runner/work/key/key/key.core/../key.ui/examples/standard_key/java_dl/switch/labeled_case.key.proof 
9584       DEBUG main            d.u.i.k.p.i.AbstractProblemLoader Environment load took 1.88ms 
9586       INFO  main            d.u.i.k.p.i.AbstractProblemLoader Creating init config 
12435      DEBUG main            d.u.i.k.p.i.AbstractProblemLoader Init config took 2.85s 
12530      INFO  main            d.u.i.k.p.i.AbstractProblemLoader Replaying proof LabeledCase[LabeledCase::m(int)].JML normal_behavior operation contract.0 
12630      DEBUG main            d.u.i.k.p.i.IntermediateProofReplayer Proof replay took 94.29ms 
12647      DEBUG main            d.u.i.k.p.r.p.TestFile    ... success: reloaded. 
12649      INFO  main            d.u.i.k.p.r.p.TestFile    Now processing file /home/runner/work/key/key/key.core/../key.ui/examples/standard_key/java_dl/switch/empty_switch.key 
12651      INFO  main            d.u.i.k.p.i.AbstractProblemLoader Loading environment from /home/runner/work/key/key/key.core/../key.ui/examples/standard_key/java_dl/switch/empty_switch.key 
12651      DEBUG main            d.u.i.k.p.i.AbstractProblemLoader Environment load took 587.11ns 
12653      INFO  main            d.u.i.k.p.i.AbstractProblemLoader Creating init config 
15281      DEBUG main            d.u.i.k.p.i.AbstractProblemLoader Init config took 2.63s 
15312      INFO  main            d.u.i.k.p.i.AbstractProblemLoader Replaying proof empty_switch.key 
15315      DEBUG main            d.u.i.k.p.i.IntermediateProofReplayer Proof replay took 7.3ns 
15418      INFO  main            d.u.i.k.p.r.p.TestFile    ... finished proof: closed. 
15554      INFO  main            d.u.i.k.p.i.AbstractProblemLoader Loading environment from /home/runner/work/key/key/key.core/../key.ui/examples/standard_key/java_dl/switch/empty_switch.key.proof 
15554      DEBUG main            d.u.i.k.p.i.AbstractProblemLoader Environment load took 159.7ns 
15556      INFO  main            d.u.i.k.p.i.AbstractProblemLoader Creating init config 
18164      DEBUG main            d.u.i.k.p.i.AbstractProblemLoader Init config took 2.61s 
18188      INFO  main            d.u.i.k.p.i.AbstractProblemLoader Replaying proof empty_switch.key.proof 
18193      DEBUG main            d.u.i.k.p.i.IntermediateProofReplayer Proof replay took 2.05ms 
18195      DEBUG main            d.u.i.k.p.r.p.TestFile    ... success: reloaded. 
18196      INFO  main            d.u.i.k.p.r.p.TestFile    Now processing file /home/runner/work/key/key/key.core/../key.ui/examples/standard_key/java_dl/switch/empty_switch_null.key 
18196      INFO  main            d.u.i.k.p.i.AbstractProblemLoader Loading environment from /home/runner/work/key/key/key.core/../key.ui/examples/standard_key/java_dl/switch/empty_switch_null.key 
18196      DEBUG main            d.u.i.k.p.i.AbstractProblemLoader Environment load took 192.8ns 
18198      INFO  main            d.u.i.k.p.i.AbstractProblemLoader Creating init config 
20695      DEBUG main            d.u.i.k.p.i.AbstractProblemLoader Init config took 2.5s 
20723      INFO  main            d.u.i.k.p.i.AbstractProblemLoader Replaying proof empty_switch_null.key 
20728      DEBUG main            d.u.i.k.p.i.IntermediateProofReplayer Proof replay took 8.4ns 
20931      INFO  main            d.u.i.k.p.r.p.TestFile    ... finished proof: closed. 
21082      INFO  main            d.u.i.k.p.i.AbstractProblemLoader Loading environment from /home/runner/work/key/key/key.core/../key.ui/examples/standard_key/java_dl/switch/empty_switch_null.key.proof 
21083      DEBUG main            d.u.i.k.p.i.AbstractProblemLoader Environment load took 1.48ms 
21086      INFO  main            d.u.i.k.p.i.AbstractProblemLoader Creating init config 
23595      DEBUG main            d.u.i.k.p.i.AbstractProblemLoader Init config took 2.51s 
23617      INFO  main            d.u.i.k.p.i.AbstractProblemLoader Replaying proof empty_switch_null.key.proof 
23646      DEBUG main            d.u.i.k.p.i.IntermediateProofReplayer Proof replay took 26.26ms 
23647      DEBUG main            d.u.i.k.p.r.p.TestFile    ... success: reloaded. 
23648      INFO  main            d.u.i.k.p.r.p.TestFile    Now processing file /home/runner/work/key/key/key.core/../key.ui/examples/standard_key/java_dl/switch/empty_switch_null_catch.key 
23649      INFO  main            d.u.i.k.p.i.AbstractProblemLoader Loading environment from /home/runner/work/key/key/key.core/../key.ui/examples/standard_key/java_dl/switch/empty_switch_null_catch.key 
23649      DEBUG main            d.u.i.k.p.i.AbstractProblemLoader Environment load took 192.21ns 
23650      INFO  main            d.u.i.k.p.i.AbstractProblemLoader Creating init config 
26130      DEBUG main            d.u.i.k.p.i.AbstractProblemLoader Init config took 2.48s 
26153      INFO  main            d.u.i.k.p.i.AbstractProblemLoader Replaying proof empty_switch_null_catch.key 
26155      DEBUG main            d.u.i.k.p.i.IntermediateProofReplayer Proof replay took 7.4ns 
26358      INFO  main            d.u.i.k.p.r.p.TestFile    ... finished proof: closed. 
26533      INFO  main            d.u.i.k.p.i.AbstractProblemLoader Loading environment from /home/runner/work/key/key/key.core/../key.ui/examples/standard_key/java_dl/switch/empty_switch_null_catch.key.proof 
26535      DEBUG main            d.u.i.k.p.i.AbstractProblemLoader Environment load took 2.24ms 
26537      INFO  main            d.u.i.k.p.i.AbstractProblemLoader Creating init config 
29003      DEBUG main            d.u.i.k.p.i.AbstractProblemLoader Init config took 2.47s 
29026      INFO  main            d.u.i.k.p.i.AbstractProblemLoader Replaying proof empty_switch_null_catch.key.proof 
29056      DEBUG main            d.u.i.k.p.i.IntermediateProofReplayer Proof replay took 27.25ms 
29057      DEBUG main            d.u.i.k.p.r.p.TestFile    ... success: reloaded. 
29058      INFO  main            d.u.i.k.p.r.p.TestFile    Now processing file /home/runner/work/key/key/key.core/../key.ui/examples/standard_key/java_dl/switch/empty_switch_array_out_of_bounds.key 
29058      INFO  main            d.u.i.k.p.i.AbstractProblemLoader Loading environment from /home/runner/work/key/key/key.core/../key.ui/examples/standard_key/java_dl/switch/empty_switch_array_out_of_bounds.key 
29059      DEBUG main            d.u.i.k.p.i.AbstractProblemLoader Environment load took 225.31ns 
29060      INFO  main            d.u.i.k.p.i.AbstractProblemLoader Creating init config 
31525      DEBUG main            d.u.i.k.p.i.AbstractProblemLoader Init config took 2.47s 
31547      INFO  main            d.u.i.k.p.i.AbstractProblemLoader Replaying proof empty_switch_array_out_of_bounds.key 
31551      DEBUG main            d.u.i.k.p.i.IntermediateProofReplayer Proof replay took 7.7ns 
31757      INFO  main            d.u.i.k.p.r.p.TestFile    ... finished proof: closed. 
31926      INFO  main            d.u.i.k.p.i.AbstractProblemLoader Loading environment from /home/runner/work/key/key/key.core/../key.ui/examples/standard_key/java_dl/switch/empty_switch_array_out_of_bounds.key.proof 
31927      DEBUG main            d.u.i.k.p.i.AbstractProblemLoader Environment load took 573.41ns 
31928      INFO  main            d.u.i.k.p.i.AbstractProblemLoader Creating init config 
34401      DEBUG main            d.u.i.k.p.i.AbstractProblemLoader Init config took 2.47s 
34421      INFO  main            d.u.i.k.p.i.AbstractProblemLoader Replaying proof empty_switch_array_out_of_bounds.key.proof 
34474      DEBUG main            d.u.i.k.p.i.IntermediateProofReplayer Proof replay took 49.63ms 
34475      DEBUG main            d.u.i.k.p.r.p.TestFile    ... success: reloaded. 
34477      INFO  main            d.u.i.k.p.r.p.TestFile    Now processing file /home/runner/work/key/key/key.core/../key.ui/examples/standard_key/java_dl/switch/empty_switch_array_out_of_bounds_catch.key 
34477      INFO  main            d.u.i.k.p.i.AbstractProblemLoader Loading environment from /home/runner/work/key/key/key.core/../key.ui/examples/standard_key/java_dl/switch/empty_switch_array_out_of_bounds_catch.key 
34477      DEBUG main            d.u.i.k.p.i.AbstractProblemLoader Environment load took 209.91ns 
34479      INFO  main            d.u.i.k.p.i.AbstractProblemLoader Creating init config 
36925      DEBUG main            d.u.i.k.p.i.AbstractProblemLoader Init config took 2.45s 
36948      INFO  main            d.u.i.k.p.i.AbstractProblemLoader Replaying proof empty_switch_array_out_of_bounds_catch.key 
36951      DEBUG main            d.u.i.k.p.i.IntermediateProofReplayer Proof replay took 8.1ns 
37157      INFO  main            d.u.i.k.p.r.p.TestFile    ... finished proof: closed. 
37415      INFO  main            d.u.i.k.p.i.AbstractProblemLoader Loading environment from /home/runner/work/key/key/key.core/../key.ui/examples/standard_key/java_dl/switch/empty_switch_array_out_of_bounds_catch.key.proof 
37415      DEBUG main            d.u.i.k.p.i.AbstractProblemLoader Environment load took 426.11ns 
37417      INFO  main            d.u.i.k.p.i.AbstractProblemLoader Creating init config 
39854      DEBUG main            d.u.i.k.p.i.AbstractProblemLoader Init config took 2.44s 
39873      INFO  main            d.u.i.k.p.i.AbstractProblemLoader Replaying proof empty_switch_array_out_of_bounds_catch.key.proof 
39912      DEBUG main            d.u.i.k.p.i.IntermediateProofReplayer Proof replay took 35.82ms 
39913      DEBUG main            d.u.i.k.p.r.p.TestFile    ... success: reloaded. 
39914      INFO  main            d.u.i.k.p.r.p.TestFile    Now processing file /home/runner/work/key/key/key.core/../key.ui/examples/standard_key/java_dl/switch/switch_in_switch.key 
39915      INFO  main            d.u.i.k.p.i.AbstractProblemLoader Loading environment from /home/runner/work/key/key/key.core/../key.ui/examples/standard_key/java_dl/switch/switch_in_switch.key 
39915      DEBUG main            d.u.i.k.p.i.AbstractProblemLoader Environment load took 94.4ns 
39918      INFO  main            d.u.i.k.p.i.AbstractProblemLoader Creating init config 
42469      DEBUG main            d.u.i.k.p.i.AbstractProblemLoader Init config took 2.55s 
42520      INFO  main            d.u.i.k.p.i.AbstractProblemLoader Replaying proof SwitchInSwitch[SwitchInSwitch::m(int)].JML normal_behavior operation contract.0 
42521      DEBUG main            d.u.i.k.p.i.IntermediateProofReplayer Proof replay took 10.3ns 
46828      INFO  main            d.u.i.k.p.r.p.TestFile    ... finished proof: closed. 
47110      INFO  main            d.u.i.k.p.i.AbstractProblemLoader Loading environment from /home/runner/work/key/key/key.core/../key.ui/examples/standard_key/java_dl/switch/switch_in_switch.key.proof 
47114      DEBUG main            d.u.i.k.p.i.AbstractProblemLoader Environment load took 3.71ms 
47123      INFO  main            d.u.i.k.p.i.AbstractProblemLoader Creating init config 
49623      DEBUG main            d.u.i.k.p.i.AbstractProblemLoader Init config took 2.5s 
49676      INFO  main            d.u.i.k.p.i.AbstractProblemLoader Replaying proof SwitchInSwitch[SwitchInSwitch::m(int)].JML normal_behavior operation contract.0 
50053      DEBUG main            d.u.i.k.p.i.IntermediateProofReplayer Proof replay took 352.48ms 
50056      DEBUG main            d.u.i.k.p.r.p.TestFile    ... success: reloaded. 
50057      INFO  main            d.u.i.k.p.r.p.TestFile    Now processing file /home/runner/work/key/key/key.core/../key.ui/examples/standard_key/java_dl/switch/while_and_switch.key 
50057      INFO  main            d.u.i.k.p.i.AbstractProblemLoader Loading environment from /home/runner/work/key/key/key.core/../key.ui/examples/standard_key/java_dl/switch/while_and_switch.key 
50058      DEBUG main            d.u.i.k.p.i.AbstractProblemLoader Environment load took 324.81ns 
50059      INFO  main            d.u.i.k.p.i.AbstractProblemLoader Creating init config 
52611      DEBUG main            d.u.i.k.p.i.AbstractProblemLoader Init config took 2.55s 
52655      INFO  main            d.u.i.k.p.i.AbstractProblemLoader Replaying proof WhileAndSwitch[WhileAndSwitch::m(int)].JML normal_behavior operation contract.0 
52658      DEBUG main            d.u.i.k.p.i.IntermediateProofReplayer Proof replay took 7.6ns 
53363      INFO  main            d.u.i.k.p.r.p.TestFile    ... finished proof: closed. 
53553      INFO  main            d.u.i.k.p.i.AbstractProblemLoader Loading environment from /home/runner/work/key/key/key.core/../key.ui/examples/standard_key/java_dl/switch/while_and_switch.key.proof 
53553      DEBUG main            d.u.i.k.p.i.AbstractProblemLoader Environment load took 445.71ns 
53555      INFO  main            d.u.i.k.p.i.AbstractProblemLoader Creating init config 
56007      DEBUG main            d.u.i.k.p.i.AbstractProblemLoader Init config took 2.45s 
56048      INFO  main            d.u.i.k.p.i.AbstractProblemLoader Replaying proof WhileAndSwitch[WhileAndSwitch::m(int)].JML normal_behavior operation contract.0 
56159      DEBUG main            d.u.i.k.p.i.IntermediateProofReplayer Proof replay took 105.91ms 
56161      DEBUG main            d.u.i.k.p.r.p.TestFile    ... success: reloaded. 
56162      INFO  main            d.u.i.k.p.r.p.TestFile    Now processing file /home/runner/work/key/key/key.core/../key.ui/examples/standard_key/java_dl/switch/large_switch.key 
56163      INFO  main            d.u.i.k.p.i.AbstractProblemLoader Loading environment from /home/runner/work/key/key/key.core/../key.ui/examples/standard_key/java_dl/switch/large_switch.key 
56163      DEBUG main            d.u.i.k.p.i.AbstractProblemLoader Environment load took 181.9ns 
56164      INFO  main            d.u.i.k.p.i.AbstractProblemLoader Creating init config 
58648      DEBUG main            d.u.i.k.p.i.AbstractProblemLoader Init config took 2.48s 
58687      INFO  main            d.u.i.k.p.i.AbstractProblemLoader Replaying proof LargeSwitch[LargeSwitch::m(int)].JML normal_behavior operation contract.0 
58688      DEBUG main            d.u.i.k.p.i.IntermediateProofReplayer Proof replay took 8.6ns 
59999      INFO  main            d.u.i.k.p.r.p.TestFile    ... finished proof: closed. 
60221      INFO  main            d.u.i.k.p.i.AbstractProblemLoader Loading environment from /home/runner/work/key/key/key.core/../key.ui/examples/standard_key/java_dl/switch/large_switch.key.proof 
60221      DEBUG main            d.u.i.k.p.i.AbstractProblemLoader Environment load took 230.71ns 
60223      INFO  main            d.u.i.k.p.i.AbstractProblemLoader Creating init config 
62673      DEBUG main            d.u.i.k.p.i.AbstractProblemLoader Init config took 2.45s 
62711      INFO  main            d.u.i.k.p.i.AbstractProblemLoader Replaying proof LargeSwitch[LargeSwitch::m(int)].JML normal_behavior operation contract.0 
62982      DEBUG main            d.u.i.k.p.i.IntermediateProofReplayer Proof replay took 257.04ms 
62985      DEBUG main            d.u.i.k.p.r.p.TestFile    ... success: reloaded. 
5196057    INFO  Test worker     d.u.i.k.p.r.RunAllProofsTestUnit Returning from test switch 
5196058    INFO  Test worker     d.u.i.k.p.r.RunAllProofsTestUnit Running test redux 
366        INFO  Timeout watchdog d.u.i.k.p.r.p.ForkedTestFileRunner Timeout watcher launched (2000 secs.) 
373        WARN  main            d.u.i.k.s.ProofSettings   The settings in /home/runner/.key/proof-settings.props are *not* read. 
416        INFO  main            d.u.i.k.p.r.p.TestFile    Now processing file /home/runner/work/key/key/key.core/../key.ui/examples/redux/arrays/Arrays.copyOf.key 
526        INFO  main            d.u.i.k.p.i.AbstractProblemLoader Loading environment from /home/runner/work/key/key/key.core/../key.ui/examples/redux/arrays/Arrays.copyOf.key 
549        DEBUG main            d.u.i.k.p.i.AbstractProblemLoader Environment load took 2.34ms 
767        INFO  main            d.u.i.k.p.i.AbstractProblemLoader Creating init config 
1763       DEBUG main            d.u.i.k.j.TypeConverter   No LDT found for Meta 
1765       DEBUG main            d.u.i.k.j.TypeConverter   No LDT found for Meta 
1769       DEBUG main            d.u.i.k.j.TypeConverter   No LDT found for Meta 
1769       DEBUG main            d.u.i.k.j.TypeConverter   No LDT found for Meta 
3580       DEBUG main            d.u.i.k.j.TypeConverter   No LDT found for JavaBigintExpression 
9124       DEBUG main            d.u.i.k.p.i.AbstractProblemLoader Init config took 8.36s 
9272       INFO  main            d.u.i.k.p.i.AbstractProblemLoader Replaying proof Arrays[Arrays::copyOf([I,int)].JML normal_behavior operation contract.0 
9309       DEBUG main            d.u.i.k.p.i.IntermediateProofReplayer Proof replay took 35.1ns 
14535      INFO  main            d.u.i.k.p.r.p.TestFile    ... finished proof: closed. 
14705      INFO  main            d.u.i.k.p.i.AbstractProblemLoader Loading environment from /home/runner/work/key/key/key.core/../key.ui/examples/redux/arrays/Arrays.copyOf.key.proof 
14705      DEBUG main            d.u.i.k.p.i.AbstractProblemLoader Environment load took 242.11ns 
14708      INFO  main            d.u.i.k.p.i.AbstractProblemLoader Creating init config 
18203      DEBUG main            d.u.i.k.p.i.AbstractProblemLoader Init config took 3.49s 
18285      INFO  main            d.u.i.k.p.i.AbstractProblemLoader Replaying proof Arrays[Arrays::copyOf([I,int)].JML normal_behavior operation contract.0 
18795      DEBUG main            d.u.i.k.p.i.IntermediateProofReplayer Proof replay took 470.57ms 
18805      DEBUG main            d.u.i.k.p.r.p.TestFile    ... success: reloaded. 
18806      INFO  main            d.u.i.k.p.r.p.TestFile    Now processing file /home/runner/work/key/key/key.core/../key.ui/examples/redux/arrays/Arrays.copyOf.float.key 
18807      INFO  main            d.u.i.k.p.i.AbstractProblemLoader Loading environment from /home/runner/work/key/key/key.core/../key.ui/examples/redux/arrays/Arrays.copyOf.float.key 
18807      DEBUG main            d.u.i.k.p.i.AbstractProblemLoader Environment load took 202.1ns 
18808      INFO  main            d.u.i.k.p.i.AbstractProblemLoader Creating init config 
22057      DEBUG main            d.u.i.k.p.i.AbstractProblemLoader Init config took 3.25s 
22117      INFO  main            d.u.i.k.p.i.AbstractProblemLoader Replaying proof Arrays[Arrays::copyOf([F,int)].JML normal_behavior operation contract.0 
22119      DEBUG main            d.u.i.k.p.i.IntermediateProofReplayer Proof replay took 8.6ns 
22151      DEBUG main            d.u.i.k.m.s.ProofScriptEngine [1] goal: 0, source line: 6, command: 'macro autopilot' 
26683      DEBUG main            d.u.i.k.m.s.ProofScriptEngine [2] goal: 17, source line: 7, command: 'smt solver=Z3' 
26791      INFO  main            d.u.i.k.m.s.SMTCommand    Finished run on goal 17 in 71ms, result is valid 
26792      DEBUG main            d.u.i.k.m.s.ProofScriptEngine [3] goal: 309, source line: 8, command: 'tryclose' 
28548      INFO  main            d.u.i.k.p.r.p.TestFile    ... finished proof: closed. 
28843      INFO  main            d.u.i.k.p.i.AbstractProblemLoader Loading environment from /home/runner/work/key/key/key.core/../key.ui/examples/redux/arrays/Arrays.copyOf.float.key.proof 
28845      DEBUG main            d.u.i.k.p.i.AbstractProblemLoader Environment load took 1.59ms 
28852      INFO  main            d.u.i.k.p.i.AbstractProblemLoader Creating init config 
31902      DEBUG main            d.u.i.k.p.i.AbstractProblemLoader Init config took 3.05s 
31962      INFO  main            d.u.i.k.p.i.AbstractProblemLoader Replaying proof Arrays[Arrays::copyOf([F,int)].JML normal_behavior operation contract.0 
32056      INFO  main            d.u.i.k.s.SMTFocusResults Analyzing unsat core: (L_6) 
32569      DEBUG main            d.u.i.k.p.i.IntermediateProofReplayer Proof replay took 579.4ms 
32571      DEBUG main            d.u.i.k.p.r.p.TestFile    ... success: reloaded. 
32572      INFO  main            d.u.i.k.p.r.p.TestFile    Now processing file /home/runner/work/key/key/key.core/../key.ui/examples/redux/arrays/Arrays.copyOfRange.key 
32573      INFO  main            d.u.i.k.p.i.AbstractProblemLoader Loading environment from /home/runner/work/key/key/key.core/../key.ui/examples/redux/arrays/Arrays.copyOfRange.key 
32573      DEBUG main            d.u.i.k.p.i.AbstractProblemLoader Environment load took 194.21ns 
32574      INFO  main            d.u.i.k.p.i.AbstractProblemLoader Creating init config 
35694      DEBUG main            d.u.i.k.p.i.AbstractProblemLoader Init config took 3.12s 
35742      INFO  main            d.u.i.k.p.i.AbstractProblemLoader Replaying proof Arrays[Arrays::copyOfRange([I,int,int)].JML normal_behavior operation contract.0 
35743      DEBUG main            d.u.i.k.p.i.IntermediateProofReplayer Proof replay took 6.3ns 
40266      INFO  main            d.u.i.k.p.r.p.TestFile    ... finished proof: closed. 
40562      INFO  main            d.u.i.k.p.i.AbstractProblemLoader Loading environment from /home/runner/work/key/key/key.core/../key.ui/examples/redux/arrays/Arrays.copyOfRange.key.proof 
40563      DEBUG main            d.u.i.k.p.i.AbstractProblemLoader Environment load took 776.92ns 
40565      INFO  main            d.u.i.k.p.i.AbstractProblemLoader Creating init config 
43568      DEBUG main            d.u.i.k.p.i.AbstractProblemLoader Init config took 3s 
43615      INFO  main            d.u.i.k.p.i.AbstractProblemLoader Replaying proof Arrays[Arrays::copyOfRange([I,int,int)].JML normal_behavior operation contract.0 
43998      DEBUG main            d.u.i.k.p.i.IntermediateProofReplayer Proof replay took 348.78ms 
44000      DEBUG main            d.u.i.k.p.r.p.TestFile    ... success: reloaded. 
44001      INFO  main            d.u.i.k.p.r.p.TestFile    Now processing file /home/runner/work/key/key/key.core/../key.ui/examples/redux/arrays/Arrays.copyOfRange.float.key 
44001      INFO  main            d.u.i.k.p.i.AbstractProblemLoader Loading environment from /home/runner/work/key/key/key.core/../key.ui/examples/redux/arrays/Arrays.copyOfRange.float.key 
44002      DEBUG main            d.u.i.k.p.i.AbstractProblemLoader Environment load took 217.01ns 
44003      INFO  main            d.u.i.k.p.i.AbstractProblemLoader Creating init config 
47042      DEBUG main            d.u.i.k.p.i.AbstractProblemLoader Init config took 3.04s 
47088      INFO  main            d.u.i.k.p.i.AbstractProblemLoader Replaying proof Arrays[Arrays::copyOfRange([F,int,int)].JML normal_behavior operation contract.0 
47089      DEBUG main            d.u.i.k.p.i.IntermediateProofReplayer Proof replay took 7.5ns 
47090      DEBUG main            d.u.i.k.m.s.ProofScriptEngine [1] goal: 0, source line: 6, command: 'macro autopilot' 
52963      DEBUG main            d.u.i.k.m.s.ProofScriptEngine [2] goal: 27, source line: 7, command: 'smt solver=Z3' 
53004      INFO  main            d.u.i.k.m.s.SMTCommand    Finished run on goal 27 in 37ms, result is valid 
53004      DEBUG main            d.u.i.k.m.s.ProofScriptEngine [3] goal: 375, source line: 8, command: 'tryclose' 
56307      INFO  main            d.u.i.k.p.r.p.TestFile    ... finished proof: closed. 
56517      INFO  main            d.u.i.k.p.i.AbstractProblemLoader Loading environment from /home/runner/work/key/key/key.core/../key.ui/examples/redux/arrays/Arrays.copyOfRange.float.key.proof 
56517      DEBUG main            d.u.i.k.p.i.AbstractProblemLoader Environment load took 450.91ns 
56519      INFO  main            d.u.i.k.p.i.AbstractProblemLoader Creating init config 
59504      DEBUG main            d.u.i.k.p.i.AbstractProblemLoader Init config took 2.98s 
59557      INFO  main            d.u.i.k.p.i.AbstractProblemLoader Replaying proof Arrays[Arrays::copyOfRange([F,int,int)].JML normal_behavior operation contract.0 
59648      INFO  main            d.u.i.k.s.SMTFocusResults Analyzing unsat core: (L_8) 
60292      DEBUG main            d.u.i.k.p.i.IntermediateProofReplayer Proof replay took 697.74ms 
60295      DEBUG main            d.u.i.k.p.r.p.TestFile    ... success: reloaded. 
60296      INFO  main            d.u.i.k.p.r.p.TestFile    Now processing file /home/runner/work/key/key/key.core/../key.ui/examples/redux/arrays/Arrays.equals.key 
60296      INFO  main            d.u.i.k.p.i.AbstractProblemLoader Loading environment from /home/runner/work/key/key/key.core/../key.ui/examples/redux/arrays/Arrays.equals.key 
60296      DEBUG main            d.u.i.k.p.i.AbstractProblemLoader Environment load took 201.1ns 
60297      INFO  main            d.u.i.k.p.i.AbstractProblemLoader Creating init config 
63374      DEBUG main            d.u.i.k.p.i.AbstractProblemLoader Init config took 3.08s 
63419      INFO  main            d.u.i.k.p.i.AbstractProblemLoader Replaying proof Arrays[Arrays::equals([B,[B)].JML normal_behavior operation contract.0 
63421      DEBUG main            d.u.i.k.p.i.IntermediateProofReplayer Proof replay took 6.1ns 
63924      INFO  main            d.u.i.k.p.r.p.TestFile    ... finished proof: closed. 
64175      INFO  main            d.u.i.k.p.i.AbstractProblemLoader Loading environment from /home/runner/work/key/key/key.core/../key.ui/examples/redux/arrays/Arrays.equals.key.proof 
64176      DEBUG main            d.u.i.k.p.i.AbstractProblemLoader Environment load took 993.42ns 
64177      INFO  main            d.u.i.k.p.i.AbstractProblemLoader Creating init config 
67131      DEBUG main            d.u.i.k.p.i.AbstractProblemLoader Init config took 2.95s 
67173      INFO  main            d.u.i.k.p.i.AbstractProblemLoader Replaying proof Arrays[Arrays::equals([B,[B)].JML normal_behavior operation contract.0 
67281      DEBUG main            d.u.i.k.p.i.IntermediateProofReplayer Proof replay took 104.07ms 
67283      DEBUG main            d.u.i.k.p.r.p.TestFile    ... success: reloaded. 
67284      INFO  main            d.u.i.k.p.r.p.TestFile    Now processing file /home/runner/work/key/key/key.core/../key.ui/examples/redux/arrays/Arrays.fill.key 
67284      INFO  main            d.u.i.k.p.i.AbstractProblemLoader Loading environment from /home/runner/work/key/key/key.core/../key.ui/examples/redux/arrays/Arrays.fill.key 
67284      DEBUG main            d.u.i.k.p.i.AbstractProblemLoader Environment load took 186.6ns 
67285      INFO  main            d.u.i.k.p.i.AbstractProblemLoader Creating init config 
70217      DEBUG main            d.u.i.k.p.i.AbstractProblemLoader Init config took 2.93s 
70257      INFO  main            d.u.i.k.p.i.AbstractProblemLoader Replaying proof Arrays[Arrays::fill([I,int)].JML normal_behavior operation contract.0 
70259      DEBUG main            d.u.i.k.p.i.IntermediateProofReplayer Proof replay took 6.7ns 
70461      INFO  main            d.u.i.k.p.r.p.TestFile    ... finished proof: closed. 
70661      INFO  main            d.u.i.k.p.i.AbstractProblemLoader Loading environment from /home/runner/work/key/key/key.core/../key.ui/examples/redux/arrays/Arrays.fill.key.proof 
70661      DEBUG main            d.u.i.k.p.i.AbstractProblemLoader Environment load took 138.6ns 
70662      INFO  main            d.u.i.k.p.i.AbstractProblemLoader Creating init config 
73619      DEBUG main            d.u.i.k.p.i.AbstractProblemLoader Init config took 2.96s 
73671      INFO  main            d.u.i.k.p.i.AbstractProblemLoader Replaying proof Arrays[Arrays::fill([I,int)].JML normal_behavior operation contract.0 
73696      DEBUG main            d.u.i.k.p.i.IntermediateProofReplayer Proof replay took 22.49ms 
73697      DEBUG main            d.u.i.k.p.r.p.TestFile    ... success: reloaded. 
73697      INFO  main            d.u.i.k.p.r.p.TestFile    Now processing file /home/runner/work/key/key/key.core/../key.ui/examples/redux/arrays/Arrays.fill.float.key 
73698      INFO  main            d.u.i.k.p.i.AbstractProblemLoader Loading environment from /home/runner/work/key/key/key.core/../key.ui/examples/redux/arrays/Arrays.fill.float.key 
73698      DEBUG main            d.u.i.k.p.i.AbstractProblemLoader Environment load took 95.8ns 
73699      INFO  main            d.u.i.k.p.i.AbstractProblemLoader Creating init config 
76663      DEBUG main            d.u.i.k.p.i.AbstractProblemLoader Init config took 2.96s 
76702      INFO  main            d.u.i.k.p.i.AbstractProblemLoader Replaying proof Arrays[Arrays::fill([F,float)].JML normal_behavior operation contract.0 
76704      DEBUG main            d.u.i.k.p.i.IntermediateProofReplayer Proof replay took 8ns 
76909      INFO  main            d.u.i.k.p.r.p.TestFile    ... finished proof: closed. 
77113      INFO  main            d.u.i.k.p.i.AbstractProblemLoader Loading environment from /home/runner/work/key/key/key.core/../key.ui/examples/redux/arrays/Arrays.fill.float.key.proof 
77114      DEBUG main            d.u.i.k.p.i.AbstractProblemLoader Environment load took 145.2ns 
77115      INFO  main            d.u.i.k.p.i.AbstractProblemLoader Creating init config 
80049      DEBUG main            d.u.i.k.p.i.AbstractProblemLoader Init config took 2.93s 
80090      INFO  main            d.u.i.k.p.i.AbstractProblemLoader Replaying proof Arrays[Arrays::fill([F,float)].JML normal_behavior operation contract.0 
80124      DEBUG main            d.u.i.k.p.i.IntermediateProofReplayer Proof replay took 31.71ms 
80125      DEBUG main            d.u.i.k.p.r.p.TestFile    ... success: reloaded. 
80126      INFO  main            d.u.i.k.p.r.p.TestFile    Now processing file /home/runner/work/key/key/key.core/../key.ui/examples/redux/arrays/Arrays.fillFromTo.key 
80127      INFO  main            d.u.i.k.p.i.AbstractProblemLoader Loading environment from /home/runner/work/key/key/key.core/../key.ui/examples/redux/arrays/Arrays.fillFromTo.key 
80127      DEBUG main            d.u.i.k.p.i.AbstractProblemLoader Environment load took 185.41ns 
80128      INFO  main            d.u.i.k.p.i.AbstractProblemLoader Creating init config 
83089      DEBUG main            d.u.i.k.p.i.AbstractProblemLoader Init config took 2.96s 
83129      INFO  main            d.u.i.k.p.i.AbstractProblemLoader Replaying proof Arrays[Arrays::fill([I,int,int,int)].JML normal_behavior operation contract.0 
83130      DEBUG main            d.u.i.k.p.i.IntermediateProofReplayer Proof replay took 8.1ns 
83637      INFO  main            d.u.i.k.p.r.p.TestFile    ... finished proof: closed. 
83916      INFO  main            d.u.i.k.p.i.AbstractProblemLoader Loading environment from /home/runner/work/key/key/key.core/../key.ui/examples/redux/arrays/Arrays.fillFromTo.key.proof 
83917      DEBUG main            d.u.i.k.p.i.AbstractProblemLoader Environment load took 449.81ns 
83918      INFO  main            d.u.i.k.p.i.AbstractProblemLoader Creating init config 
86820      DEBUG main            d.u.i.k.p.i.AbstractProblemLoader Init config took 2.9s 
86860      INFO  main            d.u.i.k.p.i.AbstractProblemLoader Replaying proof Arrays[Arrays::fill([I,int,int,int)].JML normal_behavior operation contract.0 
86944      DEBUG main            d.u.i.k.p.i.IntermediateProofReplayer Proof replay took 80.06ms 
86945      DEBUG main            d.u.i.k.p.r.p.TestFile    ... success: reloaded. 
86946      INFO  main            d.u.i.k.p.r.p.TestFile    Now processing file /home/runner/work/key/key/key.core/../key.ui/examples/redux/arrays/Arrays.fillFromTo.float.key 
86946      INFO  main            d.u.i.k.p.i.AbstractProblemLoader Loading environment from /home/runner/work/key/key/key.core/../key.ui/examples/redux/arrays/Arrays.fillFromTo.float.key 
86946      DEBUG main            d.u.i.k.p.i.AbstractProblemLoader Environment load took 67.7ns 
86947      INFO  main            d.u.i.k.p.i.AbstractProblemLoader Creating init config 
89927      DEBUG main            d.u.i.k.p.i.AbstractProblemLoader Init config took 2.98s 
89966      INFO  main            d.u.i.k.p.i.AbstractProblemLoader Replaying proof Arrays[Arrays::fill([F,int,int,float)].JML normal_behavior operation contract.0 
89968      DEBUG main            d.u.i.k.p.i.IntermediateProofReplayer Proof replay took 8.6ns 
90586      INFO  main            d.u.i.k.p.r.p.TestFile    ... finished proof: closed. 
90815      INFO  main            d.u.i.k.p.i.AbstractProblemLoader Loading environment from /home/runner/work/key/key/key.core/../key.ui/examples/redux/arrays/Arrays.fillFromTo.float.key.proof 
90815      DEBUG main            d.u.i.k.p.i.AbstractProblemLoader Environment load took 478.51ns 
90817      INFO  main            d.u.i.k.p.i.AbstractProblemLoader Creating init config 
93698      DEBUG main            d.u.i.k.p.i.AbstractProblemLoader Init config took 2.88s 
93737      INFO  main            d.u.i.k.p.i.AbstractProblemLoader Replaying proof Arrays[Arrays::fill([F,int,int,float)].JML normal_behavior operation contract.0 
93858      DEBUG main            d.u.i.k.p.i.IntermediateProofReplayer Proof replay took 116.24ms 
93860      DEBUG main            d.u.i.k.p.r.p.TestFile    ... success: reloaded. 
93861      INFO  main            d.u.i.k.p.r.p.TestFile    Now processing file /home/runner/work/key/key/key.core/../key.ui/examples/redux/arrays/ArrayCopy.arraycopy.normal.0.key 
93861      INFO  main            d.u.i.k.p.i.AbstractProblemLoader Loading environment from /home/runner/work/key/key/key.core/../key.ui/examples/redux/arrays/ArrayCopy.arraycopy.normal.0.key 
93861      DEBUG main            d.u.i.k.p.i.AbstractProblemLoader Environment load took 97.4ns 
93862      INFO  main            d.u.i.k.p.i.AbstractProblemLoader Creating init config 
96803      DEBUG main            d.u.i.k.p.i.AbstractProblemLoader Init config took 2.94s 
96841      INFO  main            d.u.i.k.p.i.AbstractProblemLoader Replaying proof ArrayCopy[ArrayCopy::arraycopy(java.lang.Object,int,java.lang.Object,int,int)].JML normal_behavior operation contract.0 
96842      DEBUG main            d.u.i.k.p.i.IntermediateProofReplayer Proof replay took 7ns 
102894     INFO  main            d.u.i.k.p.r.p.TestFile    ... finished proof: closed. 
103146     INFO  main            d.u.i.k.p.i.AbstractProblemLoader Loading environment from /home/runner/work/key/key/key.core/../key.ui/examples/redux/arrays/ArrayCopy.arraycopy.normal.0.key.proof 
103146     DEBUG main            d.u.i.k.p.i.AbstractProblemLoader Environment load took 423.31ns 
103149     INFO  main            d.u.i.k.p.i.AbstractProblemLoader Creating init config 
106066     DEBUG main            d.u.i.k.p.i.AbstractProblemLoader Init config took 2.92s 
106110     INFO  main            d.u.i.k.p.i.AbstractProblemLoader Replaying proof ArrayCopy[ArrayCopy::arraycopy(java.lang.Object,int,java.lang.Object,int,int)].JML normal_behavior operation contract.0 
106758     DEBUG main            d.u.i.k.p.i.IntermediateProofReplayer Proof replay took 631.22ms 
106760     DEBUG main            d.u.i.k.p.r.p.TestFile    ... success: reloaded. 
106761     INFO  main            d.u.i.k.p.r.p.TestFile    Now processing file /home/runner/work/key/key/key.core/../key.ui/examples/redux/arrays/ArrayCopy.arraycopy.exceptional.0.key 
106762     INFO  main            d.u.i.k.p.i.AbstractProblemLoader Loading environment from /home/runner/work/key/key/key.core/../key.ui/examples/redux/arrays/ArrayCopy.arraycopy.exceptional.0.key 
106762     DEBUG main            d.u.i.k.p.i.AbstractProblemLoader Environment load took 186.2ns 
106763     INFO  main            d.u.i.k.p.i.AbstractProblemLoader Creating init config 
109690     DEBUG main            d.u.i.k.p.i.AbstractProblemLoader Init config took 2.93s 
109750     INFO  main            d.u.i.k.p.i.AbstractProblemLoader Replaying proof ArrayCopy[ArrayCopy::arraycopy(java.lang.Object,int,java.lang.Object,int,int)].JML exceptional_behavior operation contract.0 
109751     DEBUG main            d.u.i.k.p.i.IntermediateProofReplayer Proof replay took 7ns 
110158     INFO  main            d.u.i.k.p.r.p.TestFile    ... finished proof: closed. 
110398     INFO  main            d.u.i.k.p.i.AbstractProblemLoader Loading environment from /home/runner/work/key/key/key.core/../key.ui/examples/redux/arrays/ArrayCopy.arraycopy.exceptional.0.key.proof 
110398     DEBUG main            d.u.i.k.p.i.AbstractProblemLoader Environment load took 519.51ns 
110399     INFO  main            d.u.i.k.p.i.AbstractProblemLoader Creating init config 
113307     DEBUG main            d.u.i.k.p.i.AbstractProblemLoader Init config took 2.91s 
113344     INFO  main            d.u.i.k.p.i.AbstractProblemLoader Replaying proof ArrayCopy[ArrayCopy::arraycopy(java.lang.Object,int,java.lang.Object,int,int)].JML exceptional_behavior operation contract.0 
113455     DEBUG main            d.u.i.k.p.i.IntermediateProofReplayer Proof replay took 101.16ms 
113457     DEBUG main            d.u.i.k.p.r.p.TestFile    ... success: reloaded. 
113458     INFO  main            d.u.i.k.p.r.p.TestFile    Now processing file /home/runner/work/key/key/key.core/../key.ui/examples/redux/arrays/ArrayCopy.arraycopy.exceptional.1.key 
113459     INFO  main            d.u.i.k.p.i.AbstractProblemLoader Loading environment from /home/runner/work/key/key/key.core/../key.ui/examples/redux/arrays/ArrayCopy.arraycopy.exceptional.1.key 
113459     DEBUG main            d.u.i.k.p.i.AbstractProblemLoader Environment load took 210.1ns 
113460     INFO  main            d.u.i.k.p.i.AbstractProblemLoader Creating init config 
116403     DEBUG main            d.u.i.k.p.i.AbstractProblemLoader Init config took 2.94s 
116444     INFO  main            d.u.i.k.p.i.AbstractProblemLoader Replaying proof ArrayCopy[ArrayCopy::arraycopy(java.lang.Object,int,java.lang.Object,int,int)].JML exceptional_behavior operation contract.1 
116446     DEBUG main            d.u.i.k.p.i.IntermediateProofReplayer Proof replay took 8.2ns 
122412     INFO  main            d.u.i.k.p.r.p.TestFile    ... finished proof: closed. 
122679     INFO  main            d.u.i.k.p.i.AbstractProblemLoader Loading environment from /home/runner/work/key/key/key.core/../key.ui/examples/redux/arrays/ArrayCopy.arraycopy.exceptional.1.key.proof 
122679     DEBUG main            d.u.i.k.p.i.AbstractProblemLoader Environment load took 257.51ns 
122683     INFO  main            d.u.i.k.p.i.AbstractProblemLoader Creating init config 
125560     DEBUG main            d.u.i.k.p.i.AbstractProblemLoader Init config took 2.88s 
125597     INFO  main            d.u.i.k.p.i.AbstractProblemLoader Replaying proof ArrayCopy[ArrayCopy::arraycopy(java.lang.Object,int,java.lang.Object,int,int)].JML exceptional_behavior operation contract.1 
126817     DEBUG main            d.u.i.k.p.i.IntermediateProofReplayer Proof replay took 1.2s 
126819     DEBUG main            d.u.i.k.p.r.p.TestFile    ... success: reloaded. 
5323042    INFO  Test worker     d.u.i.k.p.r.RunAllProofsTestUnit Returning from test redux 
]]></system-out>
  <system-err><![CDATA[Exception in thread "main" org.opentest4j.AssertionFailedError: Exception during the execution of proofs. See log for more details.
	at org.junit.jupiter.api.AssertionUtils.fail(AssertionUtils.java:38)
	at org.junit.jupiter.api.Assertions.fail(Assertions.java:135)
	at de.uka.ilkd.key.proof.runallproofs.proofcollection.ForkedTestFileRunner.main(ForkedTestFileRunner.java:192)
Exception in thread "main" org.opentest4j.AssertionFailedError: Exception during the execution of proofs. See log for more details.
	at org.junit.jupiter.api.AssertionUtils.fail(AssertionUtils.java:38)
	at org.junit.jupiter.api.Assertions.fail(Assertions.java:135)
	at de.uka.ilkd.key.proof.runallproofs.proofcollection.ForkedTestFileRunner.main(ForkedTestFileRunner.java:192)
Exception in thread "main" org.opentest4j.AssertionFailedError: Exception during the execution of proofs. See log for more details.
	at org.junit.jupiter.api.AssertionUtils.fail(AssertionUtils.java:38)
	at org.junit.jupiter.api.Assertions.fail(Assertions.java:135)
	at de.uka.ilkd.key.proof.runallproofs.proofcollection.ForkedTestFileRunner.main(ForkedTestFileRunner.java:192)
]]></system-err>
</testsuite>
