<?xml version="1.0" encoding="UTF-8"?>
<testsuite name="de.uka.ilkd.key.proof.TestOneStepSimplifier" tests="1" skipped="0" failures="0" errors="0" timestamp="2023-04-20T13:49:53" hostname="fv-az479-470" time="5.051">
  <properties/>
  <testcase name="loadWithRestriction()" classname="de.uka.ilkd.key.proof.TestOneStepSimplifier" time="5.051"/>
  <system-out><![CDATA[549489     INFO  Test worker     d.u.i.k.p.i.AbstractProblemLoader Loading environment from src\test\resources\testcase\ossRestriction.proof 
549489     DEBUG Test worker     d.u.i.k.p.i.AbstractProblemLoader Environment load took 183.6ns 
549489     INFO  Test worker     d.u.i.k.p.i.AbstractProblemLoader Creating init config 
549723     DEBUG Test worker     d.u.i.k.j.TypeConverter   No LDT found for Meta 
549723     DEBUG Test worker     d.u.i.k.j.TypeConverter   No LDT found for Meta 
549723     DEBUG Test worker     d.u.i.k.j.TypeConverter   No LDT found for Meta 
549723     DEBUG Test worker     d.u.i.k.j.TypeConverter   No LDT found for Meta 
550427     DEBUG Test worker     d.u.i.k.j.TypeConverter   No LDT found for JavaBigintExpression 
554478     DEBUG Test worker     d.u.i.k.p.i.AbstractProblemLoader Init config took 4.99s 
554509     INFO  Test worker     d.u.i.k.p.i.AbstractProblemLoader Replaying proof ossRestriction.proof 
554525     DEBUG Test worker     d.u.i.k.p.i.IntermediateProofReplayer Proof replay took 6.44ms 
]]></system-out>
  <system-err><![CDATA[]]></system-err>
</testsuite>
