<?xml version="1.0" encoding="UTF-8"?>
<testsuite name="de.uka.ilkd.key.parser.TestTermParserSorts" tests="2" skipped="0" failures="0" errors="0" timestamp="2023-04-20T13:49:50" hostname="fv-az479-470" time="3.694">
  <properties/>
  <testcase name="testParseIntegerArgs()" classname="de.uka.ilkd.key.parser.TestTermParserSorts" time="0.028"/>
  <testcase name="testParseSequencePrettySyntax()" classname="de.uka.ilkd.key.parser.TestTermParserSorts" time="0.004"/>
  <system-out><![CDATA[545721     INFO  Test worker     d.u.i.k.n.KeyIO           Parsing took 0 ms 
545721     DEBUG Test worker     d.u.i.k.n.KeyIO           Load declarations of de.uka.ilkd.key.nparser.KeyAst$File:  <unknown>:1#1 
545721     INFO  Test worker     d.u.i.k.n.KeyIO           MODE: declarations took 0 ms 
545721     DEBUG Test worker     d.u.i.k.n.KeyIO           MODE: 2nd degree decls took 0 
545721     INFO  Test worker     d.u.i.k.n.KeyIO           Parsing took 0 ms 
545721     DEBUG Test worker     d.u.i.k.n.KeyIO           Load declarations of de.uka.ilkd.key.nparser.KeyAst$File:  <unknown>:1#1 
545721     INFO  Test worker     d.u.i.k.n.KeyIO           MODE: declarations took 0 ms 
545721     DEBUG Test worker     d.u.i.k.n.KeyIO           MODE: 2nd degree decls took 0 
545721     INFO  Test worker     d.u.i.k.n.KeyIO           Parsing took 0 ms 
545721     DEBUG Test worker     d.u.i.k.n.KeyIO           Load declarations of de.uka.ilkd.key.nparser.KeyAst$File:  <unknown>:1#1 
545721     INFO  Test worker     d.u.i.k.n.KeyIO           MODE: declarations took 0 ms 
545721     DEBUG Test worker     d.u.i.k.n.KeyIO           MODE: 2nd degree decls took 0 
549411     INFO  Test worker     d.u.i.k.n.KeyIO           Parsing took 0 ms 
549411     DEBUG Test worker     d.u.i.k.n.KeyIO           Load declarations of de.uka.ilkd.key.nparser.KeyAst$File:  <unknown>:1#1 
549411     INFO  Test worker     d.u.i.k.n.KeyIO           MODE: declarations took 0 ms 
549411     DEBUG Test worker     d.u.i.k.n.KeyIO           MODE: 2nd degree decls took 0 
549426     INFO  Test worker     d.u.i.k.n.KeyIO           Parsing took 0 ms 
549426     DEBUG Test worker     d.u.i.k.n.KeyIO           Load declarations of de.uka.ilkd.key.nparser.KeyAst$File:  <unknown>:1#1 
549426     INFO  Test worker     d.u.i.k.n.KeyIO           MODE: declarations took 0 ms 
549426     DEBUG Test worker     d.u.i.k.n.KeyIO           MODE: 2nd degree decls took 0 
549426     INFO  Test worker     d.u.i.k.n.KeyIO           Parsing took 0 ms 
549426     DEBUG Test worker     d.u.i.k.n.KeyIO           Load declarations of de.uka.ilkd.key.nparser.KeyAst$File:  <unknown>:1#1 
549426     INFO  Test worker     d.u.i.k.n.KeyIO           MODE: declarations took 0 ms 
549426     DEBUG Test worker     d.u.i.k.n.KeyIO           MODE: 2nd degree decls took 0 
]]></system-out>
  <system-err><![CDATA[]]></system-err>
</testsuite>
