<?xml version="1.0" encoding="UTF-8"?>
<testsuite name="de.uka.ilkd.key.parser.TestDeclParser" tests="14" skipped="2" failures="0" errors="0" timestamp="2023-04-20T13:45:19" hostname="fv-az479-470" time="13.792">
  <properties/>
  <testcase name="testGenericSortDecl1()" classname="de.uka.ilkd.key.parser.TestDeclParser" time="1.15"/>
  <testcase name="testGenericSortDecl2()" classname="de.uka.ilkd.key.parser.TestDeclParser" time="1.147"/>
  <testcase name="testGenericSortDecl3()" classname="de.uka.ilkd.key.parser.TestDeclParser" time="1.203"/>
  <testcase name="testGenericSortDecl4()" classname="de.uka.ilkd.key.parser.TestDeclParser" time="1.075"/>
  <testcase name="testGenericSortDecl5()" classname="de.uka.ilkd.key.parser.TestDeclParser" time="0.0">
    <skipped/>
  </testcase>
  <testcase name="testGenericSortDecl6()" classname="de.uka.ilkd.key.parser.TestDeclParser" time="1.163"/>
  <testcase name="testSortDecl()" classname="de.uka.ilkd.key.parser.TestDeclParser" time="1.166"/>
  <testcase name="testProxySortDecl()" classname="de.uka.ilkd.key.parser.TestDeclParser" time="1.116"/>
  <testcase name="testArrayDecl()" classname="de.uka.ilkd.key.parser.TestDeclParser" time="1.211"/>
  <testcase name="testAmbiguousDecls()" classname="de.uka.ilkd.key.parser.TestDeclParser" time="0.001">
    <skipped/>
  </testcase>
  <testcase name="testHeurDecl()" classname="de.uka.ilkd.key.parser.TestDeclParser" time="1.103"/>
  <testcase name="testFunctionDecl()" classname="de.uka.ilkd.key.parser.TestDeclParser" time="1.185"/>
  <testcase name="testPredicateDecl()" classname="de.uka.ilkd.key.parser.TestDeclParser" time="1.13"/>
  <testcase name="testSVDecl()" classname="de.uka.ilkd.key.parser.TestDeclParser" time="1.124"/>
  <system-out><![CDATA[276508     INFO  Test worker     d.u.i.k.n.KeyIO           Parsing took 0 ms 
276508     DEBUG Test worker     d.u.i.k.n.KeyIO           Load declarations of de.uka.ilkd.key.nparser.KeyAst$File:  <unknown>:1#1 
276508     INFO  Test worker     d.u.i.k.n.KeyIO           MODE: declarations took 0 ms 
276508     DEBUG Test worker     d.u.i.k.n.KeyIO           MODE: 2nd degree decls took 0 
276508     DEBUG Test worker     d.u.i.k.n.KeyIO           MODE: taclets took 0ms 
277651     INFO  Test worker     d.u.i.k.n.KeyIO           Parsing took 0 ms 
277651     DEBUG Test worker     d.u.i.k.n.KeyIO           Load declarations of de.uka.ilkd.key.nparser.KeyAst$File:  <unknown>:1#1 
277651     INFO  Test worker     d.u.i.k.n.KeyIO           MODE: declarations took 0 ms 
277651     DEBUG Test worker     d.u.i.k.n.KeyIO           MODE: 2nd degree decls took 0 
277651     DEBUG Test worker     d.u.i.k.n.KeyIO           MODE: taclets took 0ms 
278854     INFO  Test worker     d.u.i.k.n.KeyIO           Parsing took 0 ms 
278854     DEBUG Test worker     d.u.i.k.n.KeyIO           Load declarations of de.uka.ilkd.key.nparser.KeyAst$File:  <unknown>:1#1 
278854     INFO  Test worker     d.u.i.k.n.KeyIO           MODE: declarations took 0 ms 
278854     DEBUG Test worker     d.u.i.k.n.KeyIO           MODE: 2nd degree decls took 0 
278854     DEBUG Test worker     d.u.i.k.n.KeyIO           MODE: taclets took 0ms 
279933     INFO  Test worker     d.u.i.k.n.KeyIO           Parsing took 0 ms 
279933     DEBUG Test worker     d.u.i.k.n.KeyIO           Load declarations of de.uka.ilkd.key.nparser.KeyAst$File:  <unknown>:1#1 
279933     INFO  Test worker     d.u.i.k.n.KeyIO           MODE: declarations took 0 ms 
279933     DEBUG Test worker     d.u.i.k.n.KeyIO           MODE: 2nd degree decls took 0 
279933     DEBUG Test worker     d.u.i.k.n.KeyIO           MODE: taclets took 0ms 
281090     INFO  Test worker     d.u.i.k.n.KeyIO           Parsing took 0 ms 
281090     DEBUG Test worker     d.u.i.k.n.KeyIO           Load declarations of de.uka.ilkd.key.nparser.KeyAst$File:  <unknown>:1#1 
281090     INFO  Test worker     d.u.i.k.n.KeyIO           MODE: declarations took 0 ms 
281090     DEBUG Test worker     d.u.i.k.n.KeyIO           MODE: 2nd degree decls took 0 
281090     DEBUG Test worker     d.u.i.k.n.KeyIO           MODE: taclets took 0ms 
282262     INFO  Test worker     d.u.i.k.n.KeyIO           Parsing took 0 ms 
282262     DEBUG Test worker     d.u.i.k.n.KeyIO           Load declarations of de.uka.ilkd.key.nparser.KeyAst$File:  <unknown>:1#1 
282262     INFO  Test worker     d.u.i.k.n.KeyIO           MODE: declarations took 0 ms 
282262     DEBUG Test worker     d.u.i.k.n.KeyIO           MODE: 2nd degree decls took 0 
282262     DEBUG Test worker     d.u.i.k.n.KeyIO           MODE: taclets took 0ms 
283373     INFO  Test worker     d.u.i.k.n.KeyIO           Parsing took 0 ms 
283373     DEBUG Test worker     d.u.i.k.n.KeyIO           Load declarations of de.uka.ilkd.key.nparser.KeyAst$File:  <unknown>:1#1 
283373     INFO  Test worker     d.u.i.k.n.KeyIO           MODE: declarations took 0 ms 
283373     DEBUG Test worker     d.u.i.k.n.KeyIO           MODE: 2nd degree decls took 0 
283373     DEBUG Test worker     d.u.i.k.n.KeyIO           MODE: taclets took 0ms 
284591     INFO  Test worker     d.u.i.k.n.KeyIO           Parsing took 0 ms 
284591     DEBUG Test worker     d.u.i.k.n.KeyIO           Load declarations of de.uka.ilkd.key.nparser.KeyAst$File:  <unknown>:1#1 
284591     INFO  Test worker     d.u.i.k.n.KeyIO           MODE: declarations took 0 ms 
284591     DEBUG Test worker     d.u.i.k.n.KeyIO           MODE: 2nd degree decls took 0 
284591     DEBUG Test worker     d.u.i.k.n.KeyIO           MODE: taclets took 0ms 
285701     INFO  Test worker     d.u.i.k.n.KeyIO           Parsing took 0 ms 
285701     DEBUG Test worker     d.u.i.k.n.KeyIO           Load declarations of de.uka.ilkd.key.nparser.KeyAst$File:  <unknown>:1#1 
285701     INFO  Test worker     d.u.i.k.n.KeyIO           MODE: declarations took 0 ms 
285701     DEBUG Test worker     d.u.i.k.n.KeyIO           MODE: 2nd degree decls took 0 
285701     DEBUG Test worker     d.u.i.k.n.KeyIO           MODE: taclets took 0ms 
286889     INFO  Test worker     d.u.i.k.n.KeyIO           Parsing took 0 ms 
286889     DEBUG Test worker     d.u.i.k.n.KeyIO           Load declarations of de.uka.ilkd.key.nparser.KeyAst$File:  <unknown>:1#1 
286889     INFO  Test worker     d.u.i.k.n.KeyIO           MODE: declarations took 0 ms 
286889     DEBUG Test worker     d.u.i.k.n.KeyIO           MODE: 2nd degree decls took 0 
286889     DEBUG Test worker     d.u.i.k.n.KeyIO           MODE: taclets took 0ms 
288015     INFO  Test worker     d.u.i.k.n.KeyIO           Parsing took 0 ms 
288015     DEBUG Test worker     d.u.i.k.n.KeyIO           Load declarations of de.uka.ilkd.key.nparser.KeyAst$File:  <unknown>:1#1 
288015     INFO  Test worker     d.u.i.k.n.KeyIO           MODE: declarations took 0 ms 
288015     DEBUG Test worker     d.u.i.k.n.KeyIO           MODE: 2nd degree decls took 0 
288015     DEBUG Test worker     d.u.i.k.n.KeyIO           MODE: taclets took 0ms 
289144     INFO  Test worker     d.u.i.k.n.KeyIO           Parsing took 0 ms 
289144     DEBUG Test worker     d.u.i.k.n.KeyIO           Load declarations of de.uka.ilkd.key.nparser.KeyAst$File:  <unknown>:1#1 
289144     INFO  Test worker     d.u.i.k.n.KeyIO           MODE: declarations took 0 ms 
289144     DEBUG Test worker     d.u.i.k.n.KeyIO           MODE: 2nd degree decls took 0 
289144     DEBUG Test worker     d.u.i.k.n.KeyIO           MODE: taclets took 0ms 
]]></system-out>
  <system-err><![CDATA[]]></system-err>
</testsuite>
