<?xml version="1.0" encoding="UTF-8"?>
<testsuite name="de.uka.ilkd.key.logic.TestClashFreeSubst" tests="14" skipped="2" failures="0" errors="0" timestamp="2023-04-20T13:41:38" hostname="fv-az479-470" time="69.412">
  <properties/>
  <testcase name="testMultiShareBound()" classname="de.uka.ilkd.key.logic.TestClashFreeSubst" time="1.378"/>
  <testcase name="testClash()" classname="de.uka.ilkd.key.logic.TestClashFreeSubst" time="1.316"/>
  <testcase name="testShare()" classname="de.uka.ilkd.key.logic.TestClashFreeSubst" time="1.147"/>
  <testcase name="testSubst()" classname="de.uka.ilkd.key.logic.TestClashFreeSubst" time="1.49"/>
  <testcase name="testWary0()" classname="de.uka.ilkd.key.logic.TestClashFreeSubst" time="1.163"/>
  <testcase name="testWary1()" classname="de.uka.ilkd.key.logic.TestClashFreeSubst" time="1.414"/>
  <testcase name="testWary2()" classname="de.uka.ilkd.key.logic.TestClashFreeSubst" time="1.317"/>
  <testcase name="testClashInSubstTerm()" classname="de.uka.ilkd.key.logic.TestClashFreeSubst" time="1.388"/>
  <testcase name="testShareWary()" classname="de.uka.ilkd.key.logic.TestClashFreeSubst" time="1.274"/>
  <testcase name="testMultiSubst()" classname="de.uka.ilkd.key.logic.TestClashFreeSubst" time="1.228"/>
  <testcase name="xtestMultiClash()" classname="de.uka.ilkd.key.logic.TestClashFreeSubst" time="0.001">
    <skipped/>
  </testcase>
  <testcase name="testSubstInSubstTerm()" classname="de.uka.ilkd.key.logic.TestClashFreeSubst" time="1.182"/>
  <testcase name="testSubstWary()" classname="de.uka.ilkd.key.logic.TestClashFreeSubst" time="1.26"/>
  <testcase name="xtestMultiClash1()" classname="de.uka.ilkd.key.logic.TestClashFreeSubst" time="0.0">
    <skipped/>
  </testcase>
  <system-out><![CDATA[53665      INFO  Test worker     d.u.i.k.n.KeyIO           Parsing took 0 ms 
53665      DEBUG Test worker     d.u.i.k.n.KeyIO           Load declarations of de.uka.ilkd.key.nparser.KeyAst$File:  <unknown>:1#1 
53665      INFO  Test worker     d.u.i.k.n.KeyIO           MODE: declarations took 0 ms 
53665      DEBUG Test worker     d.u.i.k.n.KeyIO           MODE: 2nd degree decls took 0 
55021      INFO  Test worker     d.u.i.k.n.KeyIO           Parsing took 0 ms 
55021      DEBUG Test worker     d.u.i.k.n.KeyIO           Load declarations of de.uka.ilkd.key.nparser.KeyAst$File:  <unknown>:1#1 
55021      INFO  Test worker     d.u.i.k.n.KeyIO           MODE: declarations took 0 ms 
55021      DEBUG Test worker     d.u.i.k.n.KeyIO           MODE: 2nd degree decls took 0 
59925      INFO  Test worker     d.u.i.k.n.KeyIO           Parsing took 0 ms 
59925      DEBUG Test worker     d.u.i.k.n.KeyIO           Load declarations of de.uka.ilkd.key.nparser.KeyAst$File:  <unknown>:1#1 
59940      INFO  Test worker     d.u.i.k.n.KeyIO           MODE: declarations took 15 ms 
59940      DEBUG Test worker     d.u.i.k.n.KeyIO           MODE: 2nd degree decls took 0 
61239      INFO  Test worker     d.u.i.k.n.KeyIO           Parsing took 0 ms 
61239      DEBUG Test worker     d.u.i.k.n.KeyIO           Load declarations of de.uka.ilkd.key.nparser.KeyAst$File:  <unknown>:1#1 
61239      INFO  Test worker     d.u.i.k.n.KeyIO           MODE: declarations took 0 ms 
61239      DEBUG Test worker     d.u.i.k.n.KeyIO           MODE: 2nd degree decls took 0 
65227      INFO  Test worker     d.u.i.k.n.KeyIO           Parsing took 0 ms 
65227      DEBUG Test worker     d.u.i.k.n.KeyIO           Load declarations of de.uka.ilkd.key.nparser.KeyAst$File:  <unknown>:1#1 
65227      INFO  Test worker     d.u.i.k.n.KeyIO           MODE: declarations took 0 ms 
65227      DEBUG Test worker     d.u.i.k.n.KeyIO           MODE: 2nd degree decls took 0 
66368      INFO  Test worker     d.u.i.k.n.KeyIO           Parsing took 0 ms 
66368      DEBUG Test worker     d.u.i.k.n.KeyIO           Load declarations of de.uka.ilkd.key.nparser.KeyAst$File:  <unknown>:1#1 
66368      INFO  Test worker     d.u.i.k.n.KeyIO           MODE: declarations took 0 ms 
66368      DEBUG Test worker     d.u.i.k.n.KeyIO           MODE: 2nd degree decls took 0 
70403      INFO  Test worker     d.u.i.k.n.KeyIO           Parsing took 0 ms 
70403      DEBUG Test worker     d.u.i.k.n.KeyIO           Load declarations of de.uka.ilkd.key.nparser.KeyAst$File:  <unknown>:1#1 
70403      INFO  Test worker     d.u.i.k.n.KeyIO           MODE: declarations took 0 ms 
70403      DEBUG Test worker     d.u.i.k.n.KeyIO           MODE: 2nd degree decls took 0 
71888      INFO  Test worker     d.u.i.k.n.KeyIO           Parsing took 0 ms 
71888      DEBUG Test worker     d.u.i.k.n.KeyIO           Load declarations of de.uka.ilkd.key.nparser.KeyAst$File:  <unknown>:1#1 
71888      INFO  Test worker     d.u.i.k.n.KeyIO           MODE: declarations took 0 ms 
71888      DEBUG Test worker     d.u.i.k.n.KeyIO           MODE: 2nd degree decls took 0 
76063      INFO  Test worker     d.u.i.k.n.KeyIO           Parsing took 0 ms 
76063      DEBUG Test worker     d.u.i.k.n.KeyIO           Load declarations of de.uka.ilkd.key.nparser.KeyAst$File:  <unknown>:1#1 
76063      INFO  Test worker     d.u.i.k.n.KeyIO           MODE: declarations took 0 ms 
76063      DEBUG Test worker     d.u.i.k.n.KeyIO           MODE: 2nd degree decls took 0 
77219      INFO  Test worker     d.u.i.k.n.KeyIO           Parsing took 0 ms 
77219      DEBUG Test worker     d.u.i.k.n.KeyIO           Load declarations of de.uka.ilkd.key.nparser.KeyAst$File:  <unknown>:1#1 
77219      INFO  Test worker     d.u.i.k.n.KeyIO           MODE: declarations took 0 ms 
77219      DEBUG Test worker     d.u.i.k.n.KeyIO           MODE: 2nd degree decls took 0 
81143      INFO  Test worker     d.u.i.k.n.KeyIO           Parsing took 0 ms 
81143      DEBUG Test worker     d.u.i.k.n.KeyIO           Load declarations of de.uka.ilkd.key.nparser.KeyAst$File:  <unknown>:1#1 
81143      INFO  Test worker     d.u.i.k.n.KeyIO           MODE: declarations took 0 ms 
81143      DEBUG Test worker     d.u.i.k.n.KeyIO           MODE: 2nd degree decls took 0 
82551      INFO  Test worker     d.u.i.k.n.KeyIO           Parsing took 0 ms 
82551      DEBUG Test worker     d.u.i.k.n.KeyIO           Load declarations of de.uka.ilkd.key.nparser.KeyAst$File:  <unknown>:1#1 
82551      INFO  Test worker     d.u.i.k.n.KeyIO           MODE: declarations took 0 ms 
82551      DEBUG Test worker     d.u.i.k.n.KeyIO           MODE: 2nd degree decls took 0 
86536      INFO  Test worker     d.u.i.k.n.KeyIO           Parsing took 0 ms 
86536      DEBUG Test worker     d.u.i.k.n.KeyIO           Load declarations of de.uka.ilkd.key.nparser.KeyAst$File:  <unknown>:1#1 
86536      INFO  Test worker     d.u.i.k.n.KeyIO           MODE: declarations took 0 ms 
86536      DEBUG Test worker     d.u.i.k.n.KeyIO           MODE: 2nd degree decls took 0 
87835      INFO  Test worker     d.u.i.k.n.KeyIO           Parsing took 0 ms 
87835      DEBUG Test worker     d.u.i.k.n.KeyIO           Load declarations of de.uka.ilkd.key.nparser.KeyAst$File:  <unknown>:1#1 
87835      INFO  Test worker     d.u.i.k.n.KeyIO           MODE: declarations took 0 ms 
87835      DEBUG Test worker     d.u.i.k.n.KeyIO           MODE: 2nd degree decls took 0 
91915      INFO  Test worker     d.u.i.k.n.KeyIO           Parsing took 0 ms 
91915      DEBUG Test worker     d.u.i.k.n.KeyIO           Load declarations of de.uka.ilkd.key.nparser.KeyAst$File:  <unknown>:1#1 
91915      INFO  Test worker     d.u.i.k.n.KeyIO           MODE: declarations took 0 ms 
91915      DEBUG Test worker     d.u.i.k.n.KeyIO           MODE: 2nd degree decls took 0 
93291      INFO  Test worker     d.u.i.k.n.KeyIO           Parsing took 0 ms 
93291      DEBUG Test worker     d.u.i.k.n.KeyIO           Load declarations of de.uka.ilkd.key.nparser.KeyAst$File:  <unknown>:1#1 
93291      INFO  Test worker     d.u.i.k.n.KeyIO           MODE: declarations took 0 ms 
93291      DEBUG Test worker     d.u.i.k.n.KeyIO           MODE: 2nd degree decls took 0 
97278      INFO  Test worker     d.u.i.k.n.KeyIO           Parsing took 0 ms 
97278      DEBUG Test worker     d.u.i.k.n.KeyIO           Load declarations of de.uka.ilkd.key.nparser.KeyAst$File:  <unknown>:1#1 
97278      INFO  Test worker     d.u.i.k.n.KeyIO           MODE: declarations took 0 ms 
97278      DEBUG Test worker     d.u.i.k.n.KeyIO           MODE: 2nd degree decls took 0 
98513      INFO  Test worker     d.u.i.k.n.KeyIO           Parsing took 0 ms 
98513      DEBUG Test worker     d.u.i.k.n.KeyIO           Load declarations of de.uka.ilkd.key.nparser.KeyAst$File:  <unknown>:1#1 
98513      INFO  Test worker     d.u.i.k.n.KeyIO           MODE: declarations took 0 ms 
98513      DEBUG Test worker     d.u.i.k.n.KeyIO           MODE: 2nd degree decls took 0 
102703     INFO  Test worker     d.u.i.k.n.KeyIO           Parsing took 0 ms 
102703     DEBUG Test worker     d.u.i.k.n.KeyIO           Load declarations of de.uka.ilkd.key.nparser.KeyAst$File:  <unknown>:1#1 
102703     INFO  Test worker     d.u.i.k.n.KeyIO           MODE: declarations took 0 ms 
102703     DEBUG Test worker     d.u.i.k.n.KeyIO           MODE: 2nd degree decls took 0 
103907     INFO  Test worker     d.u.i.k.n.KeyIO           Parsing took 0 ms 
103907     DEBUG Test worker     d.u.i.k.n.KeyIO           Load declarations of de.uka.ilkd.key.nparser.KeyAst$File:  <unknown>:1#1 
103907     INFO  Test worker     d.u.i.k.n.KeyIO           MODE: declarations took 0 ms 
103922     DEBUG Test worker     d.u.i.k.n.KeyIO           MODE: 2nd degree decls took 0 
112597     INFO  Test worker     d.u.i.k.n.KeyIO           Parsing took 0 ms 
112597     DEBUG Test worker     d.u.i.k.n.KeyIO           Load declarations of de.uka.ilkd.key.nparser.KeyAst$File:  <unknown>:1#1 
112613     INFO  Test worker     d.u.i.k.n.KeyIO           MODE: declarations took 16 ms 
112613     DEBUG Test worker     d.u.i.k.n.KeyIO           MODE: 2nd degree decls took 0 
113770     INFO  Test worker     d.u.i.k.n.KeyIO           Parsing took 0 ms 
113770     DEBUG Test worker     d.u.i.k.n.KeyIO           Load declarations of de.uka.ilkd.key.nparser.KeyAst$File:  <unknown>:1#1 
113785     INFO  Test worker     d.u.i.k.n.KeyIO           MODE: declarations took 15 ms 
113785     DEBUG Test worker     d.u.i.k.n.KeyIO           MODE: 2nd degree decls took 0 
117711     INFO  Test worker     d.u.i.k.n.KeyIO           Parsing took 0 ms 
117711     DEBUG Test worker     d.u.i.k.n.KeyIO           Load declarations of de.uka.ilkd.key.nparser.KeyAst$File:  <unknown>:1#1 
117711     INFO  Test worker     d.u.i.k.n.KeyIO           MODE: declarations took 0 ms 
117711     DEBUG Test worker     d.u.i.k.n.KeyIO           MODE: 2nd degree decls took 0 
118961     INFO  Test worker     d.u.i.k.n.KeyIO           Parsing took 0 ms 
118961     DEBUG Test worker     d.u.i.k.n.KeyIO           Load declarations of de.uka.ilkd.key.nparser.KeyAst$File:  <unknown>:1#1 
118961     INFO  Test worker     d.u.i.k.n.KeyIO           MODE: declarations took 0 ms 
118961     DEBUG Test worker     d.u.i.k.n.KeyIO           MODE: 2nd degree decls took 0 
]]></system-out>
  <system-err><![CDATA[]]></system-err>
</testsuite>
