<?xml version="1.0" encoding="UTF-8"?>
<testsuite name="de.uka.ilkd.key.taclettranslation.TestTacletTranslator" tests="5" skipped="0" failures="0" errors="0" timestamp="2023-04-20T13:56:46" hostname="fv-az479-470" time="0.029">
  <properties/>
  <testcase name="testPropositional1()" classname="de.uka.ilkd.key.taclettranslation.TestTacletTranslator" time="0.008"/>
  <testcase name="testPropositional2()" classname="de.uka.ilkd.key.taclettranslation.TestTacletTranslator" time="0.005"/>
  <testcase name="testNegativePolarity()" classname="de.uka.ilkd.key.taclettranslation.TestTacletTranslator" time="0.005"/>
  <testcase name="testNoPolarity()" classname="de.uka.ilkd.key.taclettranslation.TestTacletTranslator" time="0.004"/>
  <testcase name="testPositivePolarity()" classname="de.uka.ilkd.key.taclettranslation.TestTacletTranslator" time="0.005"/>
  <system-out><![CDATA[962259     INFO  Test worker     d.u.i.k.n.KeyIO           Parsing took 0 ms 
962259     DEBUG Test worker     d.u.i.k.n.KeyIO           Load declarations of de.uka.ilkd.key.nparser.KeyAst$File:  <unknown>:1#1 
962259     INFO  Test worker     d.u.i.k.n.KeyIO           MODE: declarations took 0 ms 
962259     DEBUG Test worker     d.u.i.k.n.KeyIO           MODE: 2nd degree decls took 0 
962259     DEBUG Test worker     d.u.i.k.n.KeyIO           MODE: taclets took 0ms 
962275     INFO  Test worker     d.u.i.k.n.KeyIO           Parsing took 0 ms 
962275     DEBUG Test worker     d.u.i.k.n.KeyIO           Load declarations of de.uka.ilkd.key.nparser.KeyAst$File:  <unknown>:1#1 
962275     INFO  Test worker     d.u.i.k.n.KeyIO           MODE: declarations took 0 ms 
962275     DEBUG Test worker     d.u.i.k.n.KeyIO           MODE: 2nd degree decls took 0 
962275     DEBUG Test worker     d.u.i.k.n.KeyIO           MODE: taclets took 0ms 
962275     INFO  Test worker     d.u.i.k.n.KeyIO           Parsing took 0 ms 
962275     DEBUG Test worker     d.u.i.k.n.KeyIO           Load declarations of de.uka.ilkd.key.nparser.KeyAst$File:  <unknown>:1#1 
962275     INFO  Test worker     d.u.i.k.n.KeyIO           MODE: declarations took 0 ms 
962275     DEBUG Test worker     d.u.i.k.n.KeyIO           MODE: 2nd degree decls took 0 
962275     DEBUG Test worker     d.u.i.k.n.KeyIO           MODE: taclets took 0ms 
962275     INFO  Test worker     d.u.i.k.n.KeyIO           Parsing took 0 ms 
962275     DEBUG Test worker     d.u.i.k.n.KeyIO           Load declarations of de.uka.ilkd.key.nparser.KeyAst$File:  <unknown>:1#1 
962275     INFO  Test worker     d.u.i.k.n.KeyIO           MODE: declarations took 0 ms 
962275     DEBUG Test worker     d.u.i.k.n.KeyIO           MODE: 2nd degree decls took 0 
962275     DEBUG Test worker     d.u.i.k.n.KeyIO           MODE: taclets took 0ms 
962290     INFO  Test worker     d.u.i.k.n.KeyIO           Parsing took 0 ms 
962290     DEBUG Test worker     d.u.i.k.n.KeyIO           Load declarations of de.uka.ilkd.key.nparser.KeyAst$File:  <unknown>:1#1 
962290     INFO  Test worker     d.u.i.k.n.KeyIO           MODE: declarations took 0 ms 
962290     DEBUG Test worker     d.u.i.k.n.KeyIO           MODE: 2nd degree decls took 0 
962290     DEBUG Test worker     d.u.i.k.n.KeyIO           MODE: taclets took 0ms 
]]></system-out>
  <system-err><![CDATA[]]></system-err>
</testsuite>
