<?xml version="1.0" encoding="UTF-8"?>
<testsuite name="de.uka.ilkd.key.rule.loop.LoopScopeInvRuleTests" tests="1" skipped="0" failures="0" errors="0" timestamp="2023-04-20T13:50:30" hostname="fv-az479-470" time="6.454">
  <properties/>
  <testcase name="testDoAutomaticProofOfBenchmarkWithLabeledBreaksAndContinues()" classname="de.uka.ilkd.key.rule.loop.LoopScopeInvRuleTests" time="6.454"/>
  <system-out><![CDATA[585702     INFO  Test worker     d.u.i.k.p.i.AbstractProblemLoader Loading environment from src\test\resources\testcase\loopScopeInvRule\Test.key 
585717     DEBUG Test worker     d.u.i.k.p.i.AbstractProblemLoader Environment load took 638.1ns 
585717     INFO  Test worker     d.u.i.k.p.i.AbstractProblemLoader Creating init config 
585905     DEBUG Test worker     d.u.i.k.j.TypeConverter   No LDT found for Meta 
585905     DEBUG Test worker     d.u.i.k.j.TypeConverter   No LDT found for Meta 
585905     DEBUG Test worker     d.u.i.k.j.TypeConverter   No LDT found for Meta 
585921     DEBUG Test worker     d.u.i.k.j.TypeConverter   No LDT found for Meta 
586765     DEBUG Test worker     d.u.i.k.j.TypeConverter   No LDT found for JavaBigintExpression 
591063     DEBUG Test worker     d.u.i.k.p.i.AbstractProblemLoader Init config took 5.35s 
591126     INFO  Test worker     d.u.i.k.p.i.AbstractProblemLoader Replaying proof Test[Test::loopScopeRuleBenchmark(int,boolean)].JML normal_behavior operation contract.0 
591126     DEBUG Test worker     d.u.i.k.p.i.IntermediateProofReplayer Proof replay took 19.4ns 
591142     DEBUG Test worker     d.u.i.k.j.JavaProgramElement Program match failed (pattern true;, source null;) 
591142     DEBUG Test worker     d.u.i.k.j.JavaProgramElement Program match failed (pattern false;, source null;) 
591142     DEBUG Test worker     d.u.i.k.j.JavaProgramElement Program match failed (pattern true;, source null;) 
591142     DEBUG Test worker     d.u.i.k.j.JavaProgramElement Program match failed (pattern false;, source null;) 
591142     DEBUG Test worker     d.u.i.k.j.JavaProgramElement Program match failed (pattern true;, source null;) 
591157     DEBUG Test worker     d.u.i.k.j.JavaProgramElement Program match failed (pattern false;, source null;) 
591157     DEBUG Test worker     d.u.i.k.j.JavaProgramElement Program match failed (pattern true;, source null;) 
591157     DEBUG Test worker     d.u.i.k.j.JavaProgramElement Program match failed (pattern false;, source null;) 
591157     DEBUG Test worker     d.u.i.k.j.JavaProgramElement Program match failed (pattern true;, source null;) 
591157     DEBUG Test worker     d.u.i.k.j.JavaProgramElement Program match failed (pattern false;, source null;) 
591157     DEBUG Test worker     d.u.i.k.j.JavaProgramElement Program match failed (pattern true;, source null;) 
591157     DEBUG Test worker     d.u.i.k.j.JavaProgramElement Program match failed (pattern false;, source null;) 
591173     DEBUG Test worker     d.u.i.k.j.JavaProgramElement Program match failed (pattern true;, source null;) 
591173     DEBUG Test worker     d.u.i.k.j.JavaProgramElement Program match failed (pattern false;, source null;) 
591173     DEBUG Test worker     d.u.i.k.j.JavaProgramElement Program match failed (pattern true;, source null;) 
591204     DEBUG Test worker     d.u.i.k.j.JavaProgramElement Program match failed (pattern false;, source null;) 
591204     DEBUG Test worker     d.u.i.k.j.JavaProgramElement Program match failed (pattern true;, source null;) 
591204     DEBUG Test worker     d.u.i.k.j.JavaProgramElement Program match failed (pattern false;, source null;) 
591204     DEBUG Test worker     d.u.i.k.j.JavaProgramElement Program match failed (pattern true;, source null;) 
591204     DEBUG Test worker     d.u.i.k.j.JavaProgramElement Program match failed (pattern false;, source null;) 
591204     DEBUG Test worker     d.u.i.k.j.JavaProgramElement Program match failed (pattern true;, source null;) 
591204     DEBUG Test worker     d.u.i.k.j.JavaProgramElement Program match failed (pattern false;, source null;) 
591204     DEBUG Test worker     d.u.i.k.j.JavaProgramElement Program match failed (pattern true;, source null;) 
591204     DEBUG Test worker     d.u.i.k.j.JavaProgramElement Program match failed (pattern false;, source null;) 
591329     DEBUG Test worker     d.u.i.k.j.JavaProgramElement Program match failed (pattern true;, source _i > 0;) 
591329     DEBUG Test worker     d.u.i.k.j.JavaProgramElement Program match failed (pattern false;, source _i > 0;) 
591329     DEBUG Test worker     d.u.i.k.j.JavaProgramElement Program match failed (pattern true;, source _i > 0;) 
591329     DEBUG Test worker     d.u.i.k.j.JavaProgramElement Program match failed (pattern false;, source _i > 0;) 
591423     DEBUG Test worker     d.u.i.k.j.JavaProgramElement Program match failed (pattern false;, source true;) 
591423     DEBUG Test worker     d.u.i.k.j.JavaProgramElement Program match failed (pattern false;, source true;) 
591454     DEBUG Test worker     d.u.i.k.j.JavaProgramElement Program match failed (pattern true;, source -2) 
591454     DEBUG Test worker     d.u.i.k.j.JavaProgramElement Program match failed (pattern false;, source -2) 
591454     DEBUG Test worker     d.u.i.k.j.JavaProgramElement Program match failed (pattern true;, source -2) 
591454     DEBUG Test worker     d.u.i.k.j.JavaProgramElement Program match failed (pattern false;, source -2) 
591485     DEBUG Test worker     d.u.i.k.j.JavaProgramElement Program match failed (pattern true;, source _i) 
591485     DEBUG Test worker     d.u.i.k.j.JavaProgramElement Program match failed (pattern false;, source _i) 
591485     DEBUG Test worker     d.u.i.k.j.JavaProgramElement Program match failed (pattern true;, source _i) 
591485     DEBUG Test worker     d.u.i.k.j.JavaProgramElement Program match failed (pattern false;, source _i) 
591531     DEBUG Test worker     d.u.i.k.j.JavaProgramElement Program match failed (pattern true;, source -2) 
591531     DEBUG Test worker     d.u.i.k.j.JavaProgramElement Program match failed (pattern false;, source -2) 
591531     DEBUG Test worker     d.u.i.k.j.JavaProgramElement Program match failed (pattern true;, source -2) 
591531     DEBUG Test worker     d.u.i.k.j.JavaProgramElement Program match failed (pattern false;, source -2) 
591548     DEBUG Test worker     d.u.i.k.j.JavaProgramElement Program match failed (pattern true;, source _i) 
591548     DEBUG Test worker     d.u.i.k.j.JavaProgramElement Program match failed (pattern false;, source _i) 
591548     DEBUG Test worker     d.u.i.k.j.JavaProgramElement Program match failed (pattern true;, source _i) 
591548     DEBUG Test worker     d.u.i.k.j.JavaProgramElement Program match failed (pattern false;, source _i) 
591595     DEBUG Test worker     d.u.i.k.j.JavaProgramElement Program match failed (pattern false;, source _i == 17;) 
591595     DEBUG Test worker     d.u.i.k.j.JavaProgramElement Program match failed (pattern true;, source _i == 17;) 
591595     DEBUG Test worker     d.u.i.k.j.JavaProgramElement Program match failed (pattern false;, source _i == 17;) 
591595     DEBUG Test worker     d.u.i.k.j.JavaProgramElement Program match failed (pattern true;, source _i == 17;) 
591595     DEBUG Test worker     d.u.i.k.j.JavaProgramElement Program match failed (pattern true;, source _i == 17;) 
591611     DEBUG Test worker     d.u.i.k.j.JavaProgramElement Program match failed (pattern false;, source _i == 17;) 
591611     DEBUG Test worker     d.u.i.k.j.JavaProgramElement Program match failed (pattern true;, source _i == 17;) 
591611     DEBUG Test worker     d.u.i.k.j.JavaProgramElement Program match failed (pattern false;, source _i == 17;) 
591626     DEBUG Test worker     d.u.i.k.j.JavaProgramElement Program match failed (pattern false;, source 0) 
591626     DEBUG Test worker     d.u.i.k.j.JavaProgramElement Program match failed (pattern true;, source 0) 
591626     DEBUG Test worker     d.u.i.k.j.JavaProgramElement Program match failed (pattern false;, source 0) 
591626     DEBUG Test worker     d.u.i.k.j.JavaProgramElement Program match failed (pattern true;, source 0) 
591626     DEBUG Test worker     d.u.i.k.j.JavaProgramElement Program match failed (pattern true;, source 0) 
591626     DEBUG Test worker     d.u.i.k.j.JavaProgramElement Program match failed (pattern false;, source 0) 
591626     DEBUG Test worker     d.u.i.k.j.JavaProgramElement Program match failed (pattern true;, source 0) 
591626     DEBUG Test worker     d.u.i.k.j.JavaProgramElement Program match failed (pattern false;, source 0) 
591642     DEBUG Test worker     d.u.i.k.j.JavaProgramElement Program match failed (pattern false;, source _i == 42;) 
591642     DEBUG Test worker     d.u.i.k.j.JavaProgramElement Program match failed (pattern true;, source _i == 42;) 
591642     DEBUG Test worker     d.u.i.k.j.JavaProgramElement Program match failed (pattern false;, source _i == 42;) 
591642     DEBUG Test worker     d.u.i.k.j.JavaProgramElement Program match failed (pattern true;, source _i == 42;) 
591642     DEBUG Test worker     d.u.i.k.j.JavaProgramElement Program match failed (pattern true;, source _i == 42;) 
591642     DEBUG Test worker     d.u.i.k.j.JavaProgramElement Program match failed (pattern false;, source _i == 42;) 
591642     DEBUG Test worker     d.u.i.k.j.JavaProgramElement Program match failed (pattern true;, source _i == 42;) 
591642     DEBUG Test worker     d.u.i.k.j.JavaProgramElement Program match failed (pattern false;, source _i == 42;) 
591689     DEBUG Test worker     d.u.i.k.j.JavaProgramElement Program match failed (pattern false;, source -1) 
591689     DEBUG Test worker     d.u.i.k.j.JavaProgramElement Program match failed (pattern true;, source -1) 
591689     DEBUG Test worker     d.u.i.k.j.JavaProgramElement Program match failed (pattern false;, source -1) 
591689     DEBUG Test worker     d.u.i.k.j.JavaProgramElement Program match failed (pattern true;, source -1) 
591689     DEBUG Test worker     d.u.i.k.j.JavaProgramElement Program match failed (pattern true;, source -1) 
591689     DEBUG Test worker     d.u.i.k.j.JavaProgramElement Program match failed (pattern false;, source -1) 
591689     DEBUG Test worker     d.u.i.k.j.JavaProgramElement Program match failed (pattern true;, source -1) 
591689     DEBUG Test worker     d.u.i.k.j.JavaProgramElement Program match failed (pattern false;, source -1) 
591704     DEBUG Test worker     d.u.i.k.j.JavaProgramElement Program match failed (pattern false;, source _i == 2048;) 
591704     DEBUG Test worker     d.u.i.k.j.JavaProgramElement Program match failed (pattern true;, source _i == 2048;) 
591704     DEBUG Test worker     d.u.i.k.j.JavaProgramElement Program match failed (pattern false;, source _i == 2048;) 
591704     DEBUG Test worker     d.u.i.k.j.JavaProgramElement Program match failed (pattern true;, source _i == 2048;) 
591704     DEBUG Test worker     d.u.i.k.j.JavaProgramElement Program match failed (pattern true;, source _i == 2048;) 
591704     DEBUG Test worker     d.u.i.k.j.JavaProgramElement Program match failed (pattern false;, source _i == 2048;) 
591704     DEBUG Test worker     d.u.i.k.j.JavaProgramElement Program match failed (pattern true;, source _i == 2048;) 
591704     DEBUG Test worker     d.u.i.k.j.JavaProgramElement Program match failed (pattern false;, source _i == 2048;) 
591736     DEBUG Test worker     d.u.i.k.j.JavaProgramElement Program match failed (pattern false;, source -1) 
591736     DEBUG Test worker     d.u.i.k.j.JavaProgramElement Program match failed (pattern true;, source -1) 
591736     DEBUG Test worker     d.u.i.k.j.JavaProgramElement Program match failed (pattern false;, source -1) 
591736     DEBUG Test worker     d.u.i.k.j.JavaProgramElement Program match failed (pattern true;, source -1) 
591736     DEBUG Test worker     d.u.i.k.j.JavaProgramElement Program match failed (pattern true;, source -1) 
591736     DEBUG Test worker     d.u.i.k.j.JavaProgramElement Program match failed (pattern false;, source -1) 
591736     DEBUG Test worker     d.u.i.k.j.JavaProgramElement Program match failed (pattern true;, source -1) 
591736     DEBUG Test worker     d.u.i.k.j.JavaProgramElement Program match failed (pattern false;, source -1) 
591736     DEBUG Test worker     d.u.i.k.j.JavaProgramElement Program match failed (pattern false;, source (int) _i - 1;) 
591736     DEBUG Test worker     d.u.i.k.j.JavaProgramElement Program match failed (pattern true;, source (int) _i - 1;) 
591736     DEBUG Test worker     d.u.i.k.j.JavaProgramElement Program match failed (pattern false;, source (int) _i - 1;) 
591736     DEBUG Test worker     d.u.i.k.j.JavaProgramElement Program match failed (pattern true;, source (int) _i - 1;) 
591736     DEBUG Test worker     d.u.i.k.j.JavaProgramElement Program match failed (pattern true;, source (int) _i - 1;) 
591736     DEBUG Test worker     d.u.i.k.j.JavaProgramElement Program match failed (pattern false;, source (int) _i - 1;) 
591736     DEBUG Test worker     d.u.i.k.j.JavaProgramElement Program match failed (pattern true;, source (int) _i - 1;) 
591736     DEBUG Test worker     d.u.i.k.j.JavaProgramElement Program match failed (pattern false;, source (int) _i - 1;) 
591751     DEBUG Test worker     d.u.i.k.j.JavaProgramElement Program match failed (pattern false;, source (int) _i;) 
591751     DEBUG Test worker     d.u.i.k.j.JavaProgramElement Program match failed (pattern true;, source (int) _i;) 
591751     DEBUG Test worker     d.u.i.k.j.JavaProgramElement Program match failed (pattern false;, source (int) _i;) 
591751     DEBUG Test worker     d.u.i.k.j.JavaProgramElement Program match failed (pattern true;, source (int) _i;) 
591751     DEBUG Test worker     d.u.i.k.j.JavaProgramElement Program match failed (pattern true;, source (int) _i;) 
591751     DEBUG Test worker     d.u.i.k.j.JavaProgramElement Program match failed (pattern false;, source (int) _i;) 
591751     DEBUG Test worker     d.u.i.k.j.JavaProgramElement Program match failed (pattern true;, source (int) _i;) 
591751     DEBUG Test worker     d.u.i.k.j.JavaProgramElement Program match failed (pattern false;, source (int) _i;) 
591751     DEBUG Test worker     d.u.i.k.j.JavaProgramElement Program match failed (pattern false;, source _i) 
591751     DEBUG Test worker     d.u.i.k.j.JavaProgramElement Program match failed (pattern true;, source _i) 
591751     DEBUG Test worker     d.u.i.k.j.JavaProgramElement Program match failed (pattern false;, source _i) 
591751     DEBUG Test worker     d.u.i.k.j.JavaProgramElement Program match failed (pattern true;, source _i) 
591767     DEBUG Test worker     d.u.i.k.j.JavaProgramElement Program match failed (pattern true;, source _i) 
591767     DEBUG Test worker     d.u.i.k.j.JavaProgramElement Program match failed (pattern false;, source _i) 
591767     DEBUG Test worker     d.u.i.k.j.JavaProgramElement Program match failed (pattern true;, source _i) 
591767     DEBUG Test worker     d.u.i.k.j.JavaProgramElement Program match failed (pattern false;, source _i) 
591767     DEBUG Test worker     d.u.i.k.j.JavaProgramElement Program match failed (pattern false;, source i_1 - 1;) 
591767     DEBUG Test worker     d.u.i.k.j.JavaProgramElement Program match failed (pattern true;, source i_1 - 1;) 
591767     DEBUG Test worker     d.u.i.k.j.JavaProgramElement Program match failed (pattern false;, source i_1 - 1;) 
591767     DEBUG Test worker     d.u.i.k.j.JavaProgramElement Program match failed (pattern true;, source i_1 - 1;) 
591767     DEBUG Test worker     d.u.i.k.j.JavaProgramElement Program match failed (pattern true;, source i_1 - 1;) 
591767     DEBUG Test worker     d.u.i.k.j.JavaProgramElement Program match failed (pattern false;, source i_1 - 1;) 
591767     DEBUG Test worker     d.u.i.k.j.JavaProgramElement Program match failed (pattern true;, source i_1 - 1;) 
591767     DEBUG Test worker     d.u.i.k.j.JavaProgramElement Program match failed (pattern false;, source i_1 - 1;) 
591767     DEBUG Test worker     d.u.i.k.j.JavaProgramElement Program match failed (pattern false;, source i_1 - 1;) 
591767     DEBUG Test worker     d.u.i.k.j.JavaProgramElement Program match failed (pattern true;, source i_1 - 1;) 
591767     DEBUG Test worker     d.u.i.k.j.JavaProgramElement Program match failed (pattern false;, source i_1 - 1;) 
591767     DEBUG Test worker     d.u.i.k.j.JavaProgramElement Program match failed (pattern true;, source i_1 - 1;) 
591767     DEBUG Test worker     d.u.i.k.j.JavaProgramElement Program match failed (pattern true;, source i_1 - 1;) 
591767     DEBUG Test worker     d.u.i.k.j.JavaProgramElement Program match failed (pattern false;, source i_1 - 1;) 
591767     DEBUG Test worker     d.u.i.k.j.JavaProgramElement Program match failed (pattern true;, source i_1 - 1;) 
591767     DEBUG Test worker     d.u.i.k.j.JavaProgramElement Program match failed (pattern false;, source i_1 - 1;) 
591861     DEBUG Test worker     d.u.i.k.j.JavaProgramElement Program match failed (pattern false;, source -1) 
591861     DEBUG Test worker     d.u.i.k.j.JavaProgramElement Program match failed (pattern true;, source -1) 
591861     DEBUG Test worker     d.u.i.k.j.JavaProgramElement Program match failed (pattern false;, source -1) 
591861     DEBUG Test worker     d.u.i.k.j.JavaProgramElement Program match failed (pattern true;, source -1) 
591861     DEBUG Test worker     d.u.i.k.j.JavaProgramElement Program match failed (pattern true;, source -1) 
591861     DEBUG Test worker     d.u.i.k.j.JavaProgramElement Program match failed (pattern false;, source -1) 
591861     DEBUG Test worker     d.u.i.k.j.JavaProgramElement Program match failed (pattern true;, source -1) 
591861     DEBUG Test worker     d.u.i.k.j.JavaProgramElement Program match failed (pattern false;, source -1) 
591892     DEBUG Test worker     d.u.i.k.j.JavaProgramElement Program match failed (pattern false;, source true;) 
591892     DEBUG Test worker     d.u.i.k.j.JavaProgramElement Program match failed (pattern false;, source true;) 
591931     DEBUG Test worker     d.u.i.k.j.JavaProgramElement Program match failed (pattern true;, source _i) 
591931     DEBUG Test worker     d.u.i.k.j.JavaProgramElement Program match failed (pattern false;, source _i) 
591931     DEBUG Test worker     d.u.i.k.j.JavaProgramElement Program match failed (pattern true;, source _i) 
591931     DEBUG Test worker     d.u.i.k.j.JavaProgramElement Program match failed (pattern false;, source _i) 
591970     DEBUG Test worker     d.u.i.k.j.JavaProgramElement Program match failed (pattern false;, source -1) 
591970     DEBUG Test worker     d.u.i.k.j.JavaProgramElement Program match failed (pattern true;, source -1) 
591970     DEBUG Test worker     d.u.i.k.j.JavaProgramElement Program match failed (pattern false;, source -1) 
591970     DEBUG Test worker     d.u.i.k.j.JavaProgramElement Program match failed (pattern true;, source -1) 
591970     DEBUG Test worker     d.u.i.k.j.JavaProgramElement Program match failed (pattern true;, source -1) 
591970     DEBUG Test worker     d.u.i.k.j.JavaProgramElement Program match failed (pattern false;, source -1) 
591970     DEBUG Test worker     d.u.i.k.j.JavaProgramElement Program match failed (pattern true;, source -1) 
591970     DEBUG Test worker     d.u.i.k.j.JavaProgramElement Program match failed (pattern false;, source -1) 
592001     DEBUG Test worker     d.u.i.k.j.JavaProgramElement Program match failed (pattern false;, source true;) 
592001     DEBUG Test worker     d.u.i.k.j.JavaProgramElement Program match failed (pattern false;, source true;) 
592017     DEBUG Test worker     d.u.i.k.j.JavaProgramElement Program match failed (pattern true;, source -2) 
592017     DEBUG Test worker     d.u.i.k.j.JavaProgramElement Program match failed (pattern false;, source -2) 
592017     DEBUG Test worker     d.u.i.k.j.JavaProgramElement Program match failed (pattern true;, source -2) 
592017     DEBUG Test worker     d.u.i.k.j.JavaProgramElement Program match failed (pattern false;, source -2) 
592033     DEBUG Test worker     d.u.i.k.j.JavaProgramElement Program match failed (pattern true;, source _i) 
592033     DEBUG Test worker     d.u.i.k.j.JavaProgramElement Program match failed (pattern false;, source _i) 
592033     DEBUG Test worker     d.u.i.k.j.JavaProgramElement Program match failed (pattern true;, source _i) 
592033     DEBUG Test worker     d.u.i.k.j.JavaProgramElement Program match failed (pattern false;, source _i) 
592064     DEBUG Test worker     d.u.i.k.j.JavaProgramElement Program match failed (pattern true;, source -2) 
592064     DEBUG Test worker     d.u.i.k.j.JavaProgramElement Program match failed (pattern false;, source -2) 
592064     DEBUG Test worker     d.u.i.k.j.JavaProgramElement Program match failed (pattern true;, source -2) 
592064     DEBUG Test worker     d.u.i.k.j.JavaProgramElement Program match failed (pattern false;, source -2) 
592064     DEBUG Test worker     d.u.i.k.j.JavaProgramElement Program match failed (pattern true;, source _i) 
592064     DEBUG Test worker     d.u.i.k.j.JavaProgramElement Program match failed (pattern false;, source _i) 
592064     DEBUG Test worker     d.u.i.k.j.JavaProgramElement Program match failed (pattern true;, source _i) 
592064     DEBUG Test worker     d.u.i.k.j.JavaProgramElement Program match failed (pattern false;, source _i) 
592095     DEBUG Test worker     d.u.i.k.j.JavaProgramElement Program match failed (pattern false;, source 0) 
592095     DEBUG Test worker     d.u.i.k.j.JavaProgramElement Program match failed (pattern true;, source 0) 
592095     DEBUG Test worker     d.u.i.k.j.JavaProgramElement Program match failed (pattern false;, source 0) 
592095     DEBUG Test worker     d.u.i.k.j.JavaProgramElement Program match failed (pattern true;, source 0) 
592095     DEBUG Test worker     d.u.i.k.j.JavaProgramElement Program match failed (pattern true;, source 0) 
592095     DEBUG Test worker     d.u.i.k.j.JavaProgramElement Program match failed (pattern false;, source 0) 
592095     DEBUG Test worker     d.u.i.k.j.JavaProgramElement Program match failed (pattern true;, source 0) 
592095     DEBUG Test worker     d.u.i.k.j.JavaProgramElement Program match failed (pattern false;, source 0) 
]]></system-out>
  <system-err><![CDATA[]]></system-err>
</testsuite>
