<?xml version="1.0" encoding="UTF-8"?>
<testsuite name="de.uka.ilkd.key.parser.TestTermParserHeap" tests="39" skipped="0" failures="0" errors="0" timestamp="2023-04-20T13:47:23" hostname="fv-az479-470" time="143.127">
  <properties/>
  <testcase name="testBracketHeapUpdate()" classname="de.uka.ilkd.key.parser.TestTermParserHeap" time="0.05"/>
  <testcase name="testStore()" classname="de.uka.ilkd.key.parser.TestTermParserHeap" time="0.016"/>
  <testcase name="testUnknownConstant()" classname="de.uka.ilkd.key.parser.TestTermParserHeap" time="0.006"/>
  <testcase name="testAllFieldsSelector()" classname="de.uka.ilkd.key.parser.TestTermParserHeap" time="0.009"/>
  <testcase name="testParsePrettyPrintedSelect()" classname="de.uka.ilkd.key.parser.TestTermParserHeap" time="0.005"/>
  <testcase name="testAccessStaticMembers()" classname="de.uka.ilkd.key.parser.TestTermParserHeap" time="0.01"/>
  <testcase name="testAtOperator_1()" classname="de.uka.ilkd.key.parser.TestTermParserHeap" time="0.002"/>
  <testcase name="testAtOperator_2()" classname="de.uka.ilkd.key.parser.TestTermParserHeap" time="0.004"/>
  <testcase name="testAtOperator_3()" classname="de.uka.ilkd.key.parser.TestTermParserHeap" time="0.01"/>
  <testcase name="testAtOperator_4()" classname="de.uka.ilkd.key.parser.TestTermParserHeap" time="0.009"/>
  <testcase name="testAtOperator_5()" classname="de.uka.ilkd.key.parser.TestTermParserHeap" time="0.002"/>
  <testcase name="testAtOperator_6()" classname="de.uka.ilkd.key.parser.TestTermParserHeap" time="0.004"/>
  <testcase name="testAtOperator_7()" classname="de.uka.ilkd.key.parser.TestTermParserHeap" time="0.005"/>
  <testcase name="testAtOperator_8()" classname="de.uka.ilkd.key.parser.TestTermParserHeap" time="0.006"/>
  <testcase name="testVerifyExceptionIfAtOperatorNotPreceededBySelectTerm()" classname="de.uka.ilkd.key.parser.TestTermParserHeap" time="0.016"/>
  <testcase name="testBugResettingCounter()" classname="de.uka.ilkd.key.parser.TestTermParserHeap" time="0.003"/>
  <testcase name="testLocationSets()" classname="de.uka.ilkd.key.parser.TestTermParserHeap" time="0.005"/>
  <testcase name="testQuantifiedSelect()" classname="de.uka.ilkd.key.parser.TestTermParserHeap" time="0.008"/>
  <testcase name="testGenericObjectProperties()" classname="de.uka.ilkd.key.parser.TestTermParserHeap" time="0.009"/>
  <testcase name="testQueryInheritance_1()" classname="de.uka.ilkd.key.parser.TestTermParserHeap" time="0.012"/>
  <testcase name="testQueryInheritance_2()" classname="de.uka.ilkd.key.parser.TestTermParserHeap" time="0.098"/>
  <testcase name="testQueryInheritance_3()" classname="de.uka.ilkd.key.parser.TestTermParserHeap" time="0.008"/>
  <testcase name="testQueryInheritance_4()" classname="de.uka.ilkd.key.parser.TestTermParserHeap" time="0.004"/>
  <testcase name="testQueryInheritance_5()" classname="de.uka.ilkd.key.parser.TestTermParserHeap" time="0.004"/>
  <testcase name="testQueryInheritance_6()" classname="de.uka.ilkd.key.parser.TestTermParserHeap" time="0.005"/>
  <testcase name="testQueryInheritance_7()" classname="de.uka.ilkd.key.parser.TestTermParserHeap" time="0.005"/>
  <testcase name="testQueryInheritance_8()" classname="de.uka.ilkd.key.parser.TestTermParserHeap" time="0.004"/>
  <testcase name="testQueryInheritance_9()" classname="de.uka.ilkd.key.parser.TestTermParserHeap" time="0.004"/>
  <testcase name="testQueryBasic_10()" classname="de.uka.ilkd.key.parser.TestTermParserHeap" time="0.004"/>
  <testcase name="testQueryBasic_11()" classname="de.uka.ilkd.key.parser.TestTermParserHeap" time="0.006"/>
  <testcase name="testQueryBasic_1()" classname="de.uka.ilkd.key.parser.TestTermParserHeap" time="0.002"/>
  <testcase name="testQueryBasic_2()" classname="de.uka.ilkd.key.parser.TestTermParserHeap" time="0.005"/>
  <testcase name="testQueryBasic_3()" classname="de.uka.ilkd.key.parser.TestTermParserHeap" time="0.009"/>
  <testcase name="testQueryBasic_4()" classname="de.uka.ilkd.key.parser.TestTermParserHeap" time="0.007"/>
  <testcase name="testQueryBasic_5()" classname="de.uka.ilkd.key.parser.TestTermParserHeap" time="0.006"/>
  <testcase name="testQueryBasic_6()" classname="de.uka.ilkd.key.parser.TestTermParserHeap" time="0.005"/>
  <testcase name="testQueryBasic_7()" classname="de.uka.ilkd.key.parser.TestTermParserHeap" time="0.008"/>
  <testcase name="testQueryBasic_8()" classname="de.uka.ilkd.key.parser.TestTermParserHeap" time="0.003"/>
  <testcase name="testQueryBasic_9()" classname="de.uka.ilkd.key.parser.TestTermParserHeap" time="0.003"/>
  <system-out><![CDATA[398939     INFO  Test worker     d.u.i.k.n.KeyIO           Parsing took 0 ms 
398939     DEBUG Test worker     d.u.i.k.n.KeyIO           Load declarations of de.uka.ilkd.key.nparser.KeyAst$File:  <unknown>:1#1 
398939     INFO  Test worker     d.u.i.k.n.KeyIO           MODE: declarations took 0 ms 
398939     DEBUG Test worker     d.u.i.k.n.KeyIO           MODE: 2nd degree decls took 0 
398939     INFO  Test worker     d.u.i.k.n.KeyIO           Parsing took 0 ms 
398939     DEBUG Test worker     d.u.i.k.n.KeyIO           Load declarations of de.uka.ilkd.key.nparser.KeyAst$File:  <unknown>:1#1 
398939     INFO  Test worker     d.u.i.k.n.KeyIO           MODE: declarations took 0 ms 
398939     DEBUG Test worker     d.u.i.k.n.KeyIO           MODE: 2nd degree decls took 0 
398939     INFO  Test worker     d.u.i.k.n.KeyIO           Parsing took 0 ms 
398939     DEBUG Test worker     d.u.i.k.n.KeyIO           Load declarations of de.uka.ilkd.key.nparser.KeyAst$File:  <unknown>:1#1 
398939     INFO  Test worker     d.u.i.k.n.KeyIO           MODE: declarations took 0 ms 
398939     DEBUG Test worker     d.u.i.k.n.KeyIO           MODE: 2nd degree decls took 0 
398939     INFO  Test worker     d.u.i.k.n.KeyIO           Parsing took 0 ms 
398939     DEBUG Test worker     d.u.i.k.n.KeyIO           Load declarations of de.uka.ilkd.key.nparser.KeyAst$File:  <unknown>:1#1 
398939     INFO  Test worker     d.u.i.k.n.KeyIO           MODE: declarations took 0 ms 
398939     DEBUG Test worker     d.u.i.k.n.KeyIO           MODE: 2nd degree decls took 0 
398939     INFO  Test worker     d.u.i.k.n.KeyIO           Parsing took 0 ms 
398939     DEBUG Test worker     d.u.i.k.n.KeyIO           Load declarations of de.uka.ilkd.key.nparser.KeyAst$File:  <unknown>:1#1 
398939     INFO  Test worker     d.u.i.k.n.KeyIO           MODE: declarations took 0 ms 
398939     DEBUG Test worker     d.u.i.k.n.KeyIO           MODE: 2nd degree decls took 0 
402910     INFO  Test worker     d.u.i.k.n.KeyIO           Parsing took 0 ms 
402910     DEBUG Test worker     d.u.i.k.n.KeyIO           Load declarations of de.uka.ilkd.key.nparser.KeyAst$File:  <unknown>:1#1 
402910     INFO  Test worker     d.u.i.k.n.KeyIO           MODE: declarations took 0 ms 
402910     DEBUG Test worker     d.u.i.k.n.KeyIO           MODE: 2nd degree decls took 0 
402910     INFO  Test worker     d.u.i.k.n.KeyIO           Parsing took 0 ms 
402910     DEBUG Test worker     d.u.i.k.n.KeyIO           Load declarations of de.uka.ilkd.key.nparser.KeyAst$File:  <unknown>:1#1 
402910     INFO  Test worker     d.u.i.k.n.KeyIO           MODE: declarations took 0 ms 
402910     DEBUG Test worker     d.u.i.k.n.KeyIO           MODE: 2nd degree decls took 0 
402910     INFO  Test worker     d.u.i.k.n.KeyIO           Parsing took 0 ms 
402910     DEBUG Test worker     d.u.i.k.n.KeyIO           Load declarations of de.uka.ilkd.key.nparser.KeyAst$File:  <unknown>:1#1 
402910     INFO  Test worker     d.u.i.k.n.KeyIO           MODE: declarations took 0 ms 
402910     DEBUG Test worker     d.u.i.k.n.KeyIO           MODE: 2nd degree decls took 0 
402910     INFO  Test worker     d.u.i.k.n.KeyIO           Parsing took 0 ms 
402910     DEBUG Test worker     d.u.i.k.n.KeyIO           Load declarations of de.uka.ilkd.key.nparser.KeyAst$File:  <unknown>:1#1 
402910     INFO  Test worker     d.u.i.k.n.KeyIO           MODE: declarations took 0 ms 
402910     DEBUG Test worker     d.u.i.k.n.KeyIO           MODE: 2nd degree decls took 0 
402910     INFO  Test worker     d.u.i.k.n.KeyIO           Parsing took 0 ms 
402910     DEBUG Test worker     d.u.i.k.n.KeyIO           Load declarations of de.uka.ilkd.key.nparser.KeyAst$File:  <unknown>:1#1 
402910     INFO  Test worker     d.u.i.k.n.KeyIO           MODE: declarations took 0 ms 
402910     DEBUG Test worker     d.u.i.k.n.KeyIO           MODE: 2nd degree decls took 0 
406788     INFO  Test worker     d.u.i.k.n.KeyIO           Parsing took 0 ms 
406804     DEBUG Test worker     d.u.i.k.n.KeyIO           Load declarations of de.uka.ilkd.key.nparser.KeyAst$File:  <unknown>:1#1 
406804     INFO  Test worker     d.u.i.k.n.KeyIO           MODE: declarations took 0 ms 
406804     DEBUG Test worker     d.u.i.k.n.KeyIO           MODE: 2nd degree decls took 0 
406804     INFO  Test worker     d.u.i.k.n.KeyIO           Parsing took 0 ms 
406804     DEBUG Test worker     d.u.i.k.n.KeyIO           Load declarations of de.uka.ilkd.key.nparser.KeyAst$File:  <unknown>:1#1 
406804     INFO  Test worker     d.u.i.k.n.KeyIO           MODE: declarations took 0 ms 
406804     DEBUG Test worker     d.u.i.k.n.KeyIO           MODE: 2nd degree decls took 0 
406804     INFO  Test worker     d.u.i.k.n.KeyIO           Parsing took 0 ms 
406804     DEBUG Test worker     d.u.i.k.n.KeyIO           Load declarations of de.uka.ilkd.key.nparser.KeyAst$File:  <unknown>:1#1 
406804     INFO  Test worker     d.u.i.k.n.KeyIO           MODE: declarations took 0 ms 
406804     DEBUG Test worker     d.u.i.k.n.KeyIO           MODE: 2nd degree decls took 0 
406804     INFO  Test worker     d.u.i.k.n.KeyIO           Parsing took 0 ms 
406804     DEBUG Test worker     d.u.i.k.n.KeyIO           Load declarations of de.uka.ilkd.key.nparser.KeyAst$File:  <unknown>:1#1 
406804     INFO  Test worker     d.u.i.k.n.KeyIO           MODE: declarations took 0 ms 
406804     DEBUG Test worker     d.u.i.k.n.KeyIO           MODE: 2nd degree decls took 0 
406804     INFO  Test worker     d.u.i.k.n.KeyIO           Parsing took 0 ms 
406804     DEBUG Test worker     d.u.i.k.n.KeyIO           Load declarations of de.uka.ilkd.key.nparser.KeyAst$File:  <unknown>:1#1 
406804     INFO  Test worker     d.u.i.k.n.KeyIO           MODE: declarations took 0 ms 
406804     DEBUG Test worker     d.u.i.k.n.KeyIO           MODE: 2nd degree decls took 0 
406804     INFO  Test worker     d.u.i.k.n.KeyIO           Parsing took 0 ms 
406804     DEBUG Test worker     d.u.i.k.n.KeyIO           Load declarations of de.uka.ilkd.key.nparser.KeyAst$File:  <unknown>:1#1 
406804     INFO  Test worker     d.u.i.k.n.KeyIO           MODE: declarations took 0 ms 
406804     DEBUG Test worker     d.u.i.k.n.KeyIO           MODE: 2nd degree decls took 0 
410524     INFO  Test worker     d.u.i.k.n.KeyIO           Parsing took 0 ms 
410524     DEBUG Test worker     d.u.i.k.n.KeyIO           Load declarations of de.uka.ilkd.key.nparser.KeyAst$File:  <unknown>:1#1 
410524     INFO  Test worker     d.u.i.k.n.KeyIO           MODE: declarations took 0 ms 
410524     DEBUG Test worker     d.u.i.k.n.KeyIO           MODE: 2nd degree decls took 0 
410524     INFO  Test worker     d.u.i.k.n.KeyIO           Parsing took 0 ms 
410524     DEBUG Test worker     d.u.i.k.n.KeyIO           Load declarations of de.uka.ilkd.key.nparser.KeyAst$File:  <unknown>:1#1 
410524     INFO  Test worker     d.u.i.k.n.KeyIO           MODE: declarations took 0 ms 
410524     DEBUG Test worker     d.u.i.k.n.KeyIO           MODE: 2nd degree decls took 0 
410524     INFO  Test worker     d.u.i.k.n.KeyIO           Parsing took 0 ms 
410524     DEBUG Test worker     d.u.i.k.n.KeyIO           Load declarations of de.uka.ilkd.key.nparser.KeyAst$File:  <unknown>:1#1 
410524     INFO  Test worker     d.u.i.k.n.KeyIO           MODE: declarations took 0 ms 
410524     DEBUG Test worker     d.u.i.k.n.KeyIO           MODE: 2nd degree decls took 0 
410524     INFO  Test worker     d.u.i.k.n.KeyIO           Parsing took 0 ms 
410524     DEBUG Test worker     d.u.i.k.n.KeyIO           Load declarations of de.uka.ilkd.key.nparser.KeyAst$File:  <unknown>:1#1 
410524     INFO  Test worker     d.u.i.k.n.KeyIO           MODE: declarations took 0 ms 
410524     DEBUG Test worker     d.u.i.k.n.KeyIO           MODE: 2nd degree decls took 0 
410524     INFO  Test worker     d.u.i.k.n.KeyIO           Parsing took 0 ms 
410524     DEBUG Test worker     d.u.i.k.n.KeyIO           Load declarations of de.uka.ilkd.key.nparser.KeyAst$File:  <unknown>:1#1 
410524     INFO  Test worker     d.u.i.k.n.KeyIO           MODE: declarations took 0 ms 
410524     DEBUG Test worker     d.u.i.k.n.KeyIO           MODE: 2nd degree decls took 0 
414340     INFO  Test worker     d.u.i.k.n.KeyIO           Parsing took 0 ms 
414340     DEBUG Test worker     d.u.i.k.n.KeyIO           Load declarations of de.uka.ilkd.key.nparser.KeyAst$File:  <unknown>:1#1 
414340     INFO  Test worker     d.u.i.k.n.KeyIO           MODE: declarations took 0 ms 
414340     DEBUG Test worker     d.u.i.k.n.KeyIO           MODE: 2nd degree decls took 0 
414340     INFO  Test worker     d.u.i.k.n.KeyIO           Parsing took 0 ms 
414340     DEBUG Test worker     d.u.i.k.n.KeyIO           Load declarations of de.uka.ilkd.key.nparser.KeyAst$File:  <unknown>:1#1 
414340     INFO  Test worker     d.u.i.k.n.KeyIO           MODE: declarations took 0 ms 
414340     DEBUG Test worker     d.u.i.k.n.KeyIO           MODE: 2nd degree decls took 0 
414340     INFO  Test worker     d.u.i.k.n.KeyIO           Parsing took 0 ms 
414340     DEBUG Test worker     d.u.i.k.n.KeyIO           Load declarations of de.uka.ilkd.key.nparser.KeyAst$File:  <unknown>:1#1 
414340     INFO  Test worker     d.u.i.k.n.KeyIO           MODE: declarations took 0 ms 
414340     DEBUG Test worker     d.u.i.k.n.KeyIO           MODE: 2nd degree decls took 0 
414340     INFO  Test worker     d.u.i.k.n.KeyIO           Parsing took 0 ms 
414340     DEBUG Test worker     d.u.i.k.n.KeyIO           Load declarations of de.uka.ilkd.key.nparser.KeyAst$File:  <unknown>:1#1 
414340     INFO  Test worker     d.u.i.k.n.KeyIO           MODE: declarations took 0 ms 
414340     DEBUG Test worker     d.u.i.k.n.KeyIO           MODE: 2nd degree decls took 0 
414340     INFO  Test worker     d.u.i.k.n.KeyIO           Parsing took 0 ms 
414340     DEBUG Test worker     d.u.i.k.n.KeyIO           Load declarations of de.uka.ilkd.key.nparser.KeyAst$File:  <unknown>:1#1 
414340     INFO  Test worker     d.u.i.k.n.KeyIO           MODE: declarations took 0 ms 
414340     DEBUG Test worker     d.u.i.k.n.KeyIO           MODE: 2nd degree decls took 0 
418123     INFO  Test worker     d.u.i.k.n.KeyIO           Parsing took 0 ms 
418123     DEBUG Test worker     d.u.i.k.n.KeyIO           Load declarations of de.uka.ilkd.key.nparser.KeyAst$File:  <unknown>:1#1 
418123     INFO  Test worker     d.u.i.k.n.KeyIO           MODE: declarations took 0 ms 
418123     DEBUG Test worker     d.u.i.k.n.KeyIO           MODE: 2nd degree decls took 0 
418123     INFO  Test worker     d.u.i.k.n.KeyIO           Parsing took 0 ms 
418123     DEBUG Test worker     d.u.i.k.n.KeyIO           Load declarations of de.uka.ilkd.key.nparser.KeyAst$File:  <unknown>:1#1 
418123     INFO  Test worker     d.u.i.k.n.KeyIO           MODE: declarations took 0 ms 
418123     DEBUG Test worker     d.u.i.k.n.KeyIO           MODE: 2nd degree decls took 0 
418123     INFO  Test worker     d.u.i.k.n.KeyIO           Parsing took 0 ms 
418123     DEBUG Test worker     d.u.i.k.n.KeyIO           Load declarations of de.uka.ilkd.key.nparser.KeyAst$File:  <unknown>:1#1 
418123     INFO  Test worker     d.u.i.k.n.KeyIO           MODE: declarations took 0 ms 
418123     DEBUG Test worker     d.u.i.k.n.KeyIO           MODE: 2nd degree decls took 0 
418123     INFO  Test worker     d.u.i.k.n.KeyIO           Parsing took 0 ms 
418139     DEBUG Test worker     d.u.i.k.n.KeyIO           Load declarations of de.uka.ilkd.key.nparser.KeyAst$File:  <unknown>:1#1 
418139     INFO  Test worker     d.u.i.k.n.KeyIO           MODE: declarations took 0 ms 
418139     DEBUG Test worker     d.u.i.k.n.KeyIO           MODE: 2nd degree decls took 0 
418139     INFO  Test worker     d.u.i.k.n.KeyIO           Parsing took 0 ms 
418139     DEBUG Test worker     d.u.i.k.n.KeyIO           Load declarations of de.uka.ilkd.key.nparser.KeyAst$File:  <unknown>:1#1 
418139     INFO  Test worker     d.u.i.k.n.KeyIO           MODE: declarations took 0 ms 
418139     DEBUG Test worker     d.u.i.k.n.KeyIO           MODE: 2nd degree decls took 0 
421845     INFO  Test worker     d.u.i.k.n.KeyIO           Parsing took 0 ms 
421845     DEBUG Test worker     d.u.i.k.n.KeyIO           Load declarations of de.uka.ilkd.key.nparser.KeyAst$File:  <unknown>:1#1 
421845     INFO  Test worker     d.u.i.k.n.KeyIO           MODE: declarations took 0 ms 
421845     DEBUG Test worker     d.u.i.k.n.KeyIO           MODE: 2nd degree decls took 0 
421845     INFO  Test worker     d.u.i.k.n.KeyIO           Parsing took 0 ms 
421845     DEBUG Test worker     d.u.i.k.n.KeyIO           Load declarations of de.uka.ilkd.key.nparser.KeyAst$File:  <unknown>:1#1 
421845     INFO  Test worker     d.u.i.k.n.KeyIO           MODE: declarations took 0 ms 
421845     DEBUG Test worker     d.u.i.k.n.KeyIO           MODE: 2nd degree decls took 0 
421845     INFO  Test worker     d.u.i.k.n.KeyIO           Parsing took 0 ms 
421845     DEBUG Test worker     d.u.i.k.n.KeyIO           Load declarations of de.uka.ilkd.key.nparser.KeyAst$File:  <unknown>:1#1 
421845     INFO  Test worker     d.u.i.k.n.KeyIO           MODE: declarations took 0 ms 
421845     DEBUG Test worker     d.u.i.k.n.KeyIO           MODE: 2nd degree decls took 0 
421845     INFO  Test worker     d.u.i.k.n.KeyIO           Parsing took 0 ms 
421845     DEBUG Test worker     d.u.i.k.n.KeyIO           Load declarations of de.uka.ilkd.key.nparser.KeyAst$File:  <unknown>:1#1 
421845     INFO  Test worker     d.u.i.k.n.KeyIO           MODE: declarations took 0 ms 
421845     DEBUG Test worker     d.u.i.k.n.KeyIO           MODE: 2nd degree decls took 0 
421845     INFO  Test worker     d.u.i.k.n.KeyIO           Parsing took 0 ms 
421845     DEBUG Test worker     d.u.i.k.n.KeyIO           Load declarations of de.uka.ilkd.key.nparser.KeyAst$File:  <unknown>:1#1 
421845     INFO  Test worker     d.u.i.k.n.KeyIO           MODE: declarations took 0 ms 
421845     DEBUG Test worker     d.u.i.k.n.KeyIO           MODE: 2nd degree decls took 0 
425628     INFO  Test worker     d.u.i.k.n.KeyIO           Parsing took 0 ms 
425628     DEBUG Test worker     d.u.i.k.n.KeyIO           Load declarations of de.uka.ilkd.key.nparser.KeyAst$File:  <unknown>:1#1 
425628     INFO  Test worker     d.u.i.k.n.KeyIO           MODE: declarations took 0 ms 
425628     DEBUG Test worker     d.u.i.k.n.KeyIO           MODE: 2nd degree decls took 0 
425628     INFO  Test worker     d.u.i.k.n.KeyIO           Parsing took 0 ms 
425628     DEBUG Test worker     d.u.i.k.n.KeyIO           Load declarations of de.uka.ilkd.key.nparser.KeyAst$File:  <unknown>:1#1 
425628     INFO  Test worker     d.u.i.k.n.KeyIO           MODE: declarations took 0 ms 
425628     DEBUG Test worker     d.u.i.k.n.KeyIO           MODE: 2nd degree decls took 0 
425628     INFO  Test worker     d.u.i.k.n.KeyIO           Parsing took 0 ms 
425628     DEBUG Test worker     d.u.i.k.n.KeyIO           Load declarations of de.uka.ilkd.key.nparser.KeyAst$File:  <unknown>:1#1 
425628     INFO  Test worker     d.u.i.k.n.KeyIO           MODE: declarations took 0 ms 
425628     DEBUG Test worker     d.u.i.k.n.KeyIO           MODE: 2nd degree decls took 0 
425628     INFO  Test worker     d.u.i.k.n.KeyIO           Parsing took 0 ms 
425628     DEBUG Test worker     d.u.i.k.n.KeyIO           Load declarations of de.uka.ilkd.key.nparser.KeyAst$File:  <unknown>:1#1 
425628     INFO  Test worker     d.u.i.k.n.KeyIO           MODE: declarations took 0 ms 
425628     DEBUG Test worker     d.u.i.k.n.KeyIO           MODE: 2nd degree decls took 0 
425628     INFO  Test worker     d.u.i.k.n.KeyIO           Parsing took 0 ms 
425628     DEBUG Test worker     d.u.i.k.n.KeyIO           Load declarations of de.uka.ilkd.key.nparser.KeyAst$File:  <unknown>:1#1 
425628     INFO  Test worker     d.u.i.k.n.KeyIO           MODE: declarations took 0 ms 
425628     DEBUG Test worker     d.u.i.k.n.KeyIO           MODE: 2nd degree decls took 0 
429365     INFO  Test worker     d.u.i.k.n.KeyIO           Parsing took 0 ms 
429365     DEBUG Test worker     d.u.i.k.n.KeyIO           Load declarations of de.uka.ilkd.key.nparser.KeyAst$File:  <unknown>:1#1 
429365     INFO  Test worker     d.u.i.k.n.KeyIO           MODE: declarations took 0 ms 
429365     DEBUG Test worker     d.u.i.k.n.KeyIO           MODE: 2nd degree decls took 0 
429365     INFO  Test worker     d.u.i.k.n.KeyIO           Parsing took 0 ms 
429365     DEBUG Test worker     d.u.i.k.n.KeyIO           Load declarations of de.uka.ilkd.key.nparser.KeyAst$File:  <unknown>:1#1 
429365     INFO  Test worker     d.u.i.k.n.KeyIO           MODE: declarations took 0 ms 
429365     DEBUG Test worker     d.u.i.k.n.KeyIO           MODE: 2nd degree decls took 0 
429365     INFO  Test worker     d.u.i.k.n.KeyIO           Parsing took 0 ms 
429365     DEBUG Test worker     d.u.i.k.n.KeyIO           Load declarations of de.uka.ilkd.key.nparser.KeyAst$File:  <unknown>:1#1 
429380     INFO  Test worker     d.u.i.k.n.KeyIO           MODE: declarations took 15 ms 
429380     DEBUG Test worker     d.u.i.k.n.KeyIO           MODE: 2nd degree decls took 0 
429380     INFO  Test worker     d.u.i.k.n.KeyIO           Parsing took 0 ms 
429380     DEBUG Test worker     d.u.i.k.n.KeyIO           Load declarations of de.uka.ilkd.key.nparser.KeyAst$File:  <unknown>:1#1 
429380     INFO  Test worker     d.u.i.k.n.KeyIO           MODE: declarations took 0 ms 
429380     DEBUG Test worker     d.u.i.k.n.KeyIO           MODE: 2nd degree decls took 0 
429380     INFO  Test worker     d.u.i.k.n.KeyIO           Parsing took 0 ms 
429380     DEBUG Test worker     d.u.i.k.n.KeyIO           Load declarations of de.uka.ilkd.key.nparser.KeyAst$File:  <unknown>:1#1 
429380     INFO  Test worker     d.u.i.k.n.KeyIO           MODE: declarations took 0 ms 
429380     DEBUG Test worker     d.u.i.k.n.KeyIO           MODE: 2nd degree decls took 0 
433165     INFO  Test worker     d.u.i.k.n.KeyIO           Parsing took 0 ms 
433165     DEBUG Test worker     d.u.i.k.n.KeyIO           Load declarations of de.uka.ilkd.key.nparser.KeyAst$File:  <unknown>:1#1 
433165     INFO  Test worker     d.u.i.k.n.KeyIO           MODE: declarations took 0 ms 
433165     DEBUG Test worker     d.u.i.k.n.KeyIO           MODE: 2nd degree decls took 0 
433165     INFO  Test worker     d.u.i.k.n.KeyIO           Parsing took 0 ms 
433165     DEBUG Test worker     d.u.i.k.n.KeyIO           Load declarations of de.uka.ilkd.key.nparser.KeyAst$File:  <unknown>:1#1 
433165     INFO  Test worker     d.u.i.k.n.KeyIO           MODE: declarations took 0 ms 
433165     DEBUG Test worker     d.u.i.k.n.KeyIO           MODE: 2nd degree decls took 0 
433165     INFO  Test worker     d.u.i.k.n.KeyIO           Parsing took 0 ms 
433165     DEBUG Test worker     d.u.i.k.n.KeyIO           Load declarations of de.uka.ilkd.key.nparser.KeyAst$File:  <unknown>:1#1 
433165     INFO  Test worker     d.u.i.k.n.KeyIO           MODE: declarations took 0 ms 
433165     DEBUG Test worker     d.u.i.k.n.KeyIO           MODE: 2nd degree decls took 0 
433165     INFO  Test worker     d.u.i.k.n.KeyIO           Parsing took 0 ms 
433165     DEBUG Test worker     d.u.i.k.n.KeyIO           Load declarations of de.uka.ilkd.key.nparser.KeyAst$File:  <unknown>:1#1 
433165     INFO  Test worker     d.u.i.k.n.KeyIO           MODE: declarations took 0 ms 
433165     DEBUG Test worker     d.u.i.k.n.KeyIO           MODE: 2nd degree decls took 0 
433165     INFO  Test worker     d.u.i.k.n.KeyIO           Parsing took 0 ms 
433165     DEBUG Test worker     d.u.i.k.n.KeyIO           Load declarations of de.uka.ilkd.key.nparser.KeyAst$File:  <unknown>:1#1 
433165     INFO  Test worker     d.u.i.k.n.KeyIO           MODE: declarations took 0 ms 
433165     DEBUG Test worker     d.u.i.k.n.KeyIO           MODE: 2nd degree decls took 0 
436963     INFO  Test worker     d.u.i.k.n.KeyIO           Parsing took 0 ms 
436963     DEBUG Test worker     d.u.i.k.n.KeyIO           Load declarations of de.uka.ilkd.key.nparser.KeyAst$File:  <unknown>:1#1 
436963     INFO  Test worker     d.u.i.k.n.KeyIO           MODE: declarations took 0 ms 
436963     DEBUG Test worker     d.u.i.k.n.KeyIO           MODE: 2nd degree decls took 0 
436963     INFO  Test worker     d.u.i.k.n.KeyIO           Parsing took 0 ms 
436963     DEBUG Test worker     d.u.i.k.n.KeyIO           Load declarations of de.uka.ilkd.key.nparser.KeyAst$File:  <unknown>:1#1 
436963     INFO  Test worker     d.u.i.k.n.KeyIO           MODE: declarations took 0 ms 
436963     DEBUG Test worker     d.u.i.k.n.KeyIO           MODE: 2nd degree decls took 0 
436963     INFO  Test worker     d.u.i.k.n.KeyIO           Parsing took 0 ms 
436963     DEBUG Test worker     d.u.i.k.n.KeyIO           Load declarations of de.uka.ilkd.key.nparser.KeyAst$File:  <unknown>:1#1 
436963     INFO  Test worker     d.u.i.k.n.KeyIO           MODE: declarations took 0 ms 
436963     DEBUG Test worker     d.u.i.k.n.KeyIO           MODE: 2nd degree decls took 0 
436963     INFO  Test worker     d.u.i.k.n.KeyIO           Parsing took 0 ms 
436963     DEBUG Test worker     d.u.i.k.n.KeyIO           Load declarations of de.uka.ilkd.key.nparser.KeyAst$File:  <unknown>:1#1 
436963     INFO  Test worker     d.u.i.k.n.KeyIO           MODE: declarations took 0 ms 
436963     DEBUG Test worker     d.u.i.k.n.KeyIO           MODE: 2nd degree decls took 0 
436963     INFO  Test worker     d.u.i.k.n.KeyIO           Parsing took 0 ms 
436963     DEBUG Test worker     d.u.i.k.n.KeyIO           Load declarations of de.uka.ilkd.key.nparser.KeyAst$File:  <unknown>:1#1 
436963     INFO  Test worker     d.u.i.k.n.KeyIO           MODE: declarations took 0 ms 
436963     DEBUG Test worker     d.u.i.k.n.KeyIO           MODE: 2nd degree decls took 0 
440683     INFO  Test worker     d.u.i.k.n.KeyIO           Parsing took 0 ms 
440683     DEBUG Test worker     d.u.i.k.n.KeyIO           Load declarations of de.uka.ilkd.key.nparser.KeyAst$File:  <unknown>:1#1 
440683     INFO  Test worker     d.u.i.k.n.KeyIO           MODE: declarations took 0 ms 
440683     DEBUG Test worker     d.u.i.k.n.KeyIO           MODE: 2nd degree decls took 0 
440683     INFO  Test worker     d.u.i.k.n.KeyIO           Parsing took 0 ms 
440683     DEBUG Test worker     d.u.i.k.n.KeyIO           Load declarations of de.uka.ilkd.key.nparser.KeyAst$File:  <unknown>:1#1 
440683     INFO  Test worker     d.u.i.k.n.KeyIO           MODE: declarations took 0 ms 
440683     DEBUG Test worker     d.u.i.k.n.KeyIO           MODE: 2nd degree decls took 0 
440683     INFO  Test worker     d.u.i.k.n.KeyIO           Parsing took 0 ms 
440683     DEBUG Test worker     d.u.i.k.n.KeyIO           Load declarations of de.uka.ilkd.key.nparser.KeyAst$File:  <unknown>:1#1 
440683     INFO  Test worker     d.u.i.k.n.KeyIO           MODE: declarations took 0 ms 
440683     DEBUG Test worker     d.u.i.k.n.KeyIO           MODE: 2nd degree decls took 0 
440683     INFO  Test worker     d.u.i.k.n.KeyIO           Parsing took 0 ms 
440683     DEBUG Test worker     d.u.i.k.n.KeyIO           Load declarations of de.uka.ilkd.key.nparser.KeyAst$File:  <unknown>:1#1 
440683     INFO  Test worker     d.u.i.k.n.KeyIO           MODE: declarations took 0 ms 
440683     DEBUG Test worker     d.u.i.k.n.KeyIO           MODE: 2nd degree decls took 0 
440683     INFO  Test worker     d.u.i.k.n.KeyIO           Parsing took 0 ms 
440683     DEBUG Test worker     d.u.i.k.n.KeyIO           Load declarations of de.uka.ilkd.key.nparser.KeyAst$File:  <unknown>:1#1 
440683     INFO  Test worker     d.u.i.k.n.KeyIO           MODE: declarations took 0 ms 
440683     DEBUG Test worker     d.u.i.k.n.KeyIO           MODE: 2nd degree decls took 0 
444344     INFO  Test worker     d.u.i.k.n.KeyIO           Parsing took 0 ms 
444344     DEBUG Test worker     d.u.i.k.n.KeyIO           Load declarations of de.uka.ilkd.key.nparser.KeyAst$File:  <unknown>:1#1 
444344     INFO  Test worker     d.u.i.k.n.KeyIO           MODE: declarations took 0 ms 
444344     DEBUG Test worker     d.u.i.k.n.KeyIO           MODE: 2nd degree decls took 0 
444344     INFO  Test worker     d.u.i.k.n.KeyIO           Parsing took 0 ms 
444344     DEBUG Test worker     d.u.i.k.n.KeyIO           Load declarations of de.uka.ilkd.key.nparser.KeyAst$File:  <unknown>:1#1 
444344     INFO  Test worker     d.u.i.k.n.KeyIO           MODE: declarations took 0 ms 
444344     DEBUG Test worker     d.u.i.k.n.KeyIO           MODE: 2nd degree decls took 0 
444344     INFO  Test worker     d.u.i.k.n.KeyIO           Parsing took 0 ms 
444344     DEBUG Test worker     d.u.i.k.n.KeyIO           Load declarations of de.uka.ilkd.key.nparser.KeyAst$File:  <unknown>:1#1 
444344     INFO  Test worker     d.u.i.k.n.KeyIO           MODE: declarations took 0 ms 
444344     DEBUG Test worker     d.u.i.k.n.KeyIO           MODE: 2nd degree decls took 0 
444344     INFO  Test worker     d.u.i.k.n.KeyIO           Parsing took 0 ms 
444344     DEBUG Test worker     d.u.i.k.n.KeyIO           Load declarations of de.uka.ilkd.key.nparser.KeyAst$File:  <unknown>:1#1 
444344     INFO  Test worker     d.u.i.k.n.KeyIO           MODE: declarations took 0 ms 
444344     DEBUG Test worker     d.u.i.k.n.KeyIO           MODE: 2nd degree decls took 0 
444344     INFO  Test worker     d.u.i.k.n.KeyIO           Parsing took 0 ms 
444344     DEBUG Test worker     d.u.i.k.n.KeyIO           Load declarations of de.uka.ilkd.key.nparser.KeyAst$File:  <unknown>:1#1 
444344     INFO  Test worker     d.u.i.k.n.KeyIO           MODE: declarations took 0 ms 
444344     DEBUG Test worker     d.u.i.k.n.KeyIO           MODE: 2nd degree decls took 0 
448081     INFO  Test worker     d.u.i.k.n.KeyIO           Parsing took 0 ms 
448081     DEBUG Test worker     d.u.i.k.n.KeyIO           Load declarations of de.uka.ilkd.key.nparser.KeyAst$File:  <unknown>:1#1 
448081     INFO  Test worker     d.u.i.k.n.KeyIO           MODE: declarations took 0 ms 
448081     DEBUG Test worker     d.u.i.k.n.KeyIO           MODE: 2nd degree decls took 0 
448081     INFO  Test worker     d.u.i.k.n.KeyIO           Parsing took 0 ms 
448081     DEBUG Test worker     d.u.i.k.n.KeyIO           Load declarations of de.uka.ilkd.key.nparser.KeyAst$File:  <unknown>:1#1 
448081     INFO  Test worker     d.u.i.k.n.KeyIO           MODE: declarations took 0 ms 
448081     DEBUG Test worker     d.u.i.k.n.KeyIO           MODE: 2nd degree decls took 0 
448081     INFO  Test worker     d.u.i.k.n.KeyIO           Parsing took 0 ms 
448081     DEBUG Test worker     d.u.i.k.n.KeyIO           Load declarations of de.uka.ilkd.key.nparser.KeyAst$File:  <unknown>:1#1 
448081     INFO  Test worker     d.u.i.k.n.KeyIO           MODE: declarations took 0 ms 
448081     DEBUG Test worker     d.u.i.k.n.KeyIO           MODE: 2nd degree decls took 0 
448097     INFO  Test worker     d.u.i.k.n.KeyIO           Parsing took 0 ms 
448097     DEBUG Test worker     d.u.i.k.n.KeyIO           Load declarations of de.uka.ilkd.key.nparser.KeyAst$File:  <unknown>:1#1 
448097     INFO  Test worker     d.u.i.k.n.KeyIO           MODE: declarations took 0 ms 
448097     DEBUG Test worker     d.u.i.k.n.KeyIO           MODE: 2nd degree decls took 0 
448097     INFO  Test worker     d.u.i.k.n.KeyIO           Parsing took 0 ms 
448097     DEBUG Test worker     d.u.i.k.n.KeyIO           Load declarations of de.uka.ilkd.key.nparser.KeyAst$File:  <unknown>:1#1 
448097     INFO  Test worker     d.u.i.k.n.KeyIO           MODE: declarations took 0 ms 
448097     DEBUG Test worker     d.u.i.k.n.KeyIO           MODE: 2nd degree decls took 0 
451786     INFO  Test worker     d.u.i.k.n.KeyIO           Parsing took 0 ms 
451786     DEBUG Test worker     d.u.i.k.n.KeyIO           Load declarations of de.uka.ilkd.key.nparser.KeyAst$File:  <unknown>:1#1 
451786     INFO  Test worker     d.u.i.k.n.KeyIO           MODE: declarations took 0 ms 
451786     DEBUG Test worker     d.u.i.k.n.KeyIO           MODE: 2nd degree decls took 0 
451786     INFO  Test worker     d.u.i.k.n.KeyIO           Parsing took 0 ms 
451786     DEBUG Test worker     d.u.i.k.n.KeyIO           Load declarations of de.uka.ilkd.key.nparser.KeyAst$File:  <unknown>:1#1 
451786     INFO  Test worker     d.u.i.k.n.KeyIO           MODE: declarations took 0 ms 
451786     DEBUG Test worker     d.u.i.k.n.KeyIO           MODE: 2nd degree decls took 0 
451786     INFO  Test worker     d.u.i.k.n.KeyIO           Parsing took 0 ms 
451786     DEBUG Test worker     d.u.i.k.n.KeyIO           Load declarations of de.uka.ilkd.key.nparser.KeyAst$File:  <unknown>:1#1 
451786     INFO  Test worker     d.u.i.k.n.KeyIO           MODE: declarations took 0 ms 
451786     DEBUG Test worker     d.u.i.k.n.KeyIO           MODE: 2nd degree decls took 0 
451786     INFO  Test worker     d.u.i.k.n.KeyIO           Parsing took 0 ms 
451786     DEBUG Test worker     d.u.i.k.n.KeyIO           Load declarations of de.uka.ilkd.key.nparser.KeyAst$File:  <unknown>:1#1 
451786     INFO  Test worker     d.u.i.k.n.KeyIO           MODE: declarations took 0 ms 
451786     DEBUG Test worker     d.u.i.k.n.KeyIO           MODE: 2nd degree decls took 0 
451786     INFO  Test worker     d.u.i.k.n.KeyIO           Parsing took 0 ms 
451786     DEBUG Test worker     d.u.i.k.n.KeyIO           Load declarations of de.uka.ilkd.key.nparser.KeyAst$File:  <unknown>:1#1 
451786     INFO  Test worker     d.u.i.k.n.KeyIO           MODE: declarations took 0 ms 
451802     DEBUG Test worker     d.u.i.k.n.KeyIO           MODE: 2nd degree decls took 0 
451802     WARN  Test worker     d.u.i.k.n.KeYParser       [syntax-error] <unknown>:1:11: mismatched input '@' expecting {'/', ':=', '.', '(', ')', '{', '[', '@', PARALLEL, OR, AND, IMP, '=', NOT_EQUALS, '%', '*', '-', '+', '>', GREATEREQUAL, '<', LESSEQUAL, LGUILLEMETS, EQV} [@11,11:11='@',<153>,1:11] (termEOF) 
455432     INFO  Test worker     d.u.i.k.n.KeyIO           Parsing took 0 ms 
455432     DEBUG Test worker     d.u.i.k.n.KeyIO           Load declarations of de.uka.ilkd.key.nparser.KeyAst$File:  <unknown>:1#1 
455432     INFO  Test worker     d.u.i.k.n.KeyIO           MODE: declarations took 0 ms 
455432     DEBUG Test worker     d.u.i.k.n.KeyIO           MODE: 2nd degree decls took 0 
455432     INFO  Test worker     d.u.i.k.n.KeyIO           Parsing took 0 ms 
455432     DEBUG Test worker     d.u.i.k.n.KeyIO           Load declarations of de.uka.ilkd.key.nparser.KeyAst$File:  <unknown>:1#1 
455432     INFO  Test worker     d.u.i.k.n.KeyIO           MODE: declarations took 0 ms 
455432     DEBUG Test worker     d.u.i.k.n.KeyIO           MODE: 2nd degree decls took 0 
455432     INFO  Test worker     d.u.i.k.n.KeyIO           Parsing took 0 ms 
455432     DEBUG Test worker     d.u.i.k.n.KeyIO           Load declarations of de.uka.ilkd.key.nparser.KeyAst$File:  <unknown>:1#1 
455432     INFO  Test worker     d.u.i.k.n.KeyIO           MODE: declarations took 0 ms 
455432     DEBUG Test worker     d.u.i.k.n.KeyIO           MODE: 2nd degree decls took 0 
455432     INFO  Test worker     d.u.i.k.n.KeyIO           Parsing took 0 ms 
455432     DEBUG Test worker     d.u.i.k.n.KeyIO           Load declarations of de.uka.ilkd.key.nparser.KeyAst$File:  <unknown>:1#1 
455432     INFO  Test worker     d.u.i.k.n.KeyIO           MODE: declarations took 0 ms 
455432     DEBUG Test worker     d.u.i.k.n.KeyIO           MODE: 2nd degree decls took 0 
455432     INFO  Test worker     d.u.i.k.n.KeyIO           Parsing took 0 ms 
455432     DEBUG Test worker     d.u.i.k.n.KeyIO           Load declarations of de.uka.ilkd.key.nparser.KeyAst$File:  <unknown>:1#1 
455432     INFO  Test worker     d.u.i.k.n.KeyIO           MODE: declarations took 0 ms 
455432     DEBUG Test worker     d.u.i.k.n.KeyIO           MODE: 2nd degree decls took 0 
459122     INFO  Test worker     d.u.i.k.n.KeyIO           Parsing took 0 ms 
459122     DEBUG Test worker     d.u.i.k.n.KeyIO           Load declarations of de.uka.ilkd.key.nparser.KeyAst$File:  <unknown>:1#1 
459122     INFO  Test worker     d.u.i.k.n.KeyIO           MODE: declarations took 0 ms 
459122     DEBUG Test worker     d.u.i.k.n.KeyIO           MODE: 2nd degree decls took 0 
459122     INFO  Test worker     d.u.i.k.n.KeyIO           Parsing took 0 ms 
459122     DEBUG Test worker     d.u.i.k.n.KeyIO           Load declarations of de.uka.ilkd.key.nparser.KeyAst$File:  <unknown>:1#1 
459122     INFO  Test worker     d.u.i.k.n.KeyIO           MODE: declarations took 0 ms 
459122     DEBUG Test worker     d.u.i.k.n.KeyIO           MODE: 2nd degree decls took 0 
459122     INFO  Test worker     d.u.i.k.n.KeyIO           Parsing took 0 ms 
459122     DEBUG Test worker     d.u.i.k.n.KeyIO           Load declarations of de.uka.ilkd.key.nparser.KeyAst$File:  <unknown>:1#1 
459122     INFO  Test worker     d.u.i.k.n.KeyIO           MODE: declarations took 0 ms 
459122     DEBUG Test worker     d.u.i.k.n.KeyIO           MODE: 2nd degree decls took 0 
459122     INFO  Test worker     d.u.i.k.n.KeyIO           Parsing took 0 ms 
459122     DEBUG Test worker     d.u.i.k.n.KeyIO           Load declarations of de.uka.ilkd.key.nparser.KeyAst$File:  <unknown>:1#1 
459122     INFO  Test worker     d.u.i.k.n.KeyIO           MODE: declarations took 0 ms 
459122     DEBUG Test worker     d.u.i.k.n.KeyIO           MODE: 2nd degree decls took 0 
459122     INFO  Test worker     d.u.i.k.n.KeyIO           Parsing took 0 ms 
459122     DEBUG Test worker     d.u.i.k.n.KeyIO           Load declarations of de.uka.ilkd.key.nparser.KeyAst$File:  <unknown>:1#1 
459122     INFO  Test worker     d.u.i.k.n.KeyIO           MODE: declarations took 0 ms 
459122     DEBUG Test worker     d.u.i.k.n.KeyIO           MODE: 2nd degree decls took 0 
462828     INFO  Test worker     d.u.i.k.n.KeyIO           Parsing took 0 ms 
462828     DEBUG Test worker     d.u.i.k.n.KeyIO           Load declarations of de.uka.ilkd.key.nparser.KeyAst$File:  <unknown>:1#1 
462828     INFO  Test worker     d.u.i.k.n.KeyIO           MODE: declarations took 0 ms 
462828     DEBUG Test worker     d.u.i.k.n.KeyIO           MODE: 2nd degree decls took 0 
462828     INFO  Test worker     d.u.i.k.n.KeyIO           Parsing took 0 ms 
462828     DEBUG Test worker     d.u.i.k.n.KeyIO           Load declarations of de.uka.ilkd.key.nparser.KeyAst$File:  <unknown>:1#1 
462828     INFO  Test worker     d.u.i.k.n.KeyIO           MODE: declarations took 0 ms 
462828     DEBUG Test worker     d.u.i.k.n.KeyIO           MODE: 2nd degree decls took 0 
462828     INFO  Test worker     d.u.i.k.n.KeyIO           Parsing took 0 ms 
462828     DEBUG Test worker     d.u.i.k.n.KeyIO           Load declarations of de.uka.ilkd.key.nparser.KeyAst$File:  <unknown>:1#1 
462828     INFO  Test worker     d.u.i.k.n.KeyIO           MODE: declarations took 0 ms 
462828     DEBUG Test worker     d.u.i.k.n.KeyIO           MODE: 2nd degree decls took 0 
462828     INFO  Test worker     d.u.i.k.n.KeyIO           Parsing took 0 ms 
462828     DEBUG Test worker     d.u.i.k.n.KeyIO           Load declarations of de.uka.ilkd.key.nparser.KeyAst$File:  <unknown>:1#1 
462828     INFO  Test worker     d.u.i.k.n.KeyIO           MODE: declarations took 0 ms 
462828     DEBUG Test worker     d.u.i.k.n.KeyIO           MODE: 2nd degree decls took 0 
462828     INFO  Test worker     d.u.i.k.n.KeyIO           Parsing took 0 ms 
462828     DEBUG Test worker     d.u.i.k.n.KeyIO           Load declarations of de.uka.ilkd.key.nparser.KeyAst$File:  <unknown>:1#1 
462828     INFO  Test worker     d.u.i.k.n.KeyIO           MODE: declarations took 0 ms 
462828     DEBUG Test worker     d.u.i.k.n.KeyIO           MODE: 2nd degree decls took 0 
466564     INFO  Test worker     d.u.i.k.n.KeyIO           Parsing took 0 ms 
466564     DEBUG Test worker     d.u.i.k.n.KeyIO           Load declarations of de.uka.ilkd.key.nparser.KeyAst$File:  <unknown>:1#1 
466564     INFO  Test worker     d.u.i.k.n.KeyIO           MODE: declarations took 0 ms 
466564     DEBUG Test worker     d.u.i.k.n.KeyIO           MODE: 2nd degree decls took 0 
466564     INFO  Test worker     d.u.i.k.n.KeyIO           Parsing took 0 ms 
466564     DEBUG Test worker     d.u.i.k.n.KeyIO           Load declarations of de.uka.ilkd.key.nparser.KeyAst$File:  <unknown>:1#1 
466564     INFO  Test worker     d.u.i.k.n.KeyIO           MODE: declarations took 0 ms 
466564     DEBUG Test worker     d.u.i.k.n.KeyIO           MODE: 2nd degree decls took 0 
466564     INFO  Test worker     d.u.i.k.n.KeyIO           Parsing took 0 ms 
466564     DEBUG Test worker     d.u.i.k.n.KeyIO           Load declarations of de.uka.ilkd.key.nparser.KeyAst$File:  <unknown>:1#1 
466564     INFO  Test worker     d.u.i.k.n.KeyIO           MODE: declarations took 0 ms 
466564     DEBUG Test worker     d.u.i.k.n.KeyIO           MODE: 2nd degree decls took 0 
466564     INFO  Test worker     d.u.i.k.n.KeyIO           Parsing took 0 ms 
466564     DEBUG Test worker     d.u.i.k.n.KeyIO           Load declarations of de.uka.ilkd.key.nparser.KeyAst$File:  <unknown>:1#1 
466564     INFO  Test worker     d.u.i.k.n.KeyIO           MODE: declarations took 0 ms 
466564     DEBUG Test worker     d.u.i.k.n.KeyIO           MODE: 2nd degree decls took 0 
466564     INFO  Test worker     d.u.i.k.n.KeyIO           Parsing took 0 ms 
466564     DEBUG Test worker     d.u.i.k.n.KeyIO           Load declarations of de.uka.ilkd.key.nparser.KeyAst$File:  <unknown>:1#1 
466564     INFO  Test worker     d.u.i.k.n.KeyIO           MODE: declarations took 0 ms 
466564     DEBUG Test worker     d.u.i.k.n.KeyIO           MODE: 2nd degree decls took 0 
470270     INFO  Test worker     d.u.i.k.n.KeyIO           Parsing took 0 ms 
470270     DEBUG Test worker     d.u.i.k.n.KeyIO           Load declarations of de.uka.ilkd.key.nparser.KeyAst$File:  <unknown>:1#1 
470270     INFO  Test worker     d.u.i.k.n.KeyIO           MODE: declarations took 0 ms 
470270     DEBUG Test worker     d.u.i.k.n.KeyIO           MODE: 2nd degree decls took 0 
470270     INFO  Test worker     d.u.i.k.n.KeyIO           Parsing took 0 ms 
470270     DEBUG Test worker     d.u.i.k.n.KeyIO           Load declarations of de.uka.ilkd.key.nparser.KeyAst$File:  <unknown>:1#1 
470270     INFO  Test worker     d.u.i.k.n.KeyIO           MODE: declarations took 0 ms 
470270     DEBUG Test worker     d.u.i.k.n.KeyIO           MODE: 2nd degree decls took 0 
470270     INFO  Test worker     d.u.i.k.n.KeyIO           Parsing took 0 ms 
470270     DEBUG Test worker     d.u.i.k.n.KeyIO           Load declarations of de.uka.ilkd.key.nparser.KeyAst$File:  <unknown>:1#1 
470270     INFO  Test worker     d.u.i.k.n.KeyIO           MODE: declarations took 0 ms 
470270     DEBUG Test worker     d.u.i.k.n.KeyIO           MODE: 2nd degree decls took 0 
470270     INFO  Test worker     d.u.i.k.n.KeyIO           Parsing took 0 ms 
470270     DEBUG Test worker     d.u.i.k.n.KeyIO           Load declarations of de.uka.ilkd.key.nparser.KeyAst$File:  <unknown>:1#1 
470285     INFO  Test worker     d.u.i.k.n.KeyIO           MODE: declarations took 15 ms 
470285     DEBUG Test worker     d.u.i.k.n.KeyIO           MODE: 2nd degree decls took 0 
470285     INFO  Test worker     d.u.i.k.n.KeyIO           Parsing took 0 ms 
470285     DEBUG Test worker     d.u.i.k.n.KeyIO           Load declarations of de.uka.ilkd.key.nparser.KeyAst$File:  <unknown>:1#1 
470285     INFO  Test worker     d.u.i.k.n.KeyIO           MODE: declarations took 0 ms 
470285     DEBUG Test worker     d.u.i.k.n.KeyIO           MODE: 2nd degree decls took 0 
474021     INFO  Test worker     d.u.i.k.n.KeyIO           Parsing took 0 ms 
474021     DEBUG Test worker     d.u.i.k.n.KeyIO           Load declarations of de.uka.ilkd.key.nparser.KeyAst$File:  <unknown>:1#1 
474021     INFO  Test worker     d.u.i.k.n.KeyIO           MODE: declarations took 0 ms 
474021     DEBUG Test worker     d.u.i.k.n.KeyIO           MODE: 2nd degree decls took 0 
474021     INFO  Test worker     d.u.i.k.n.KeyIO           Parsing took 0 ms 
474021     DEBUG Test worker     d.u.i.k.n.KeyIO           Load declarations of de.uka.ilkd.key.nparser.KeyAst$File:  <unknown>:1#1 
474021     INFO  Test worker     d.u.i.k.n.KeyIO           MODE: declarations took 0 ms 
474021     DEBUG Test worker     d.u.i.k.n.KeyIO           MODE: 2nd degree decls took 0 
474021     INFO  Test worker     d.u.i.k.n.KeyIO           Parsing took 0 ms 
474021     DEBUG Test worker     d.u.i.k.n.KeyIO           Load declarations of de.uka.ilkd.key.nparser.KeyAst$File:  <unknown>:1#1 
474021     INFO  Test worker     d.u.i.k.n.KeyIO           MODE: declarations took 0 ms 
474021     DEBUG Test worker     d.u.i.k.n.KeyIO           MODE: 2nd degree decls took 0 
474021     INFO  Test worker     d.u.i.k.n.KeyIO           Parsing took 0 ms 
474021     DEBUG Test worker     d.u.i.k.n.KeyIO           Load declarations of de.uka.ilkd.key.nparser.KeyAst$File:  <unknown>:1#1 
474021     INFO  Test worker     d.u.i.k.n.KeyIO           MODE: declarations took 0 ms 
474021     DEBUG Test worker     d.u.i.k.n.KeyIO           MODE: 2nd degree decls took 0 
474021     INFO  Test worker     d.u.i.k.n.KeyIO           Parsing took 0 ms 
474021     DEBUG Test worker     d.u.i.k.n.KeyIO           Load declarations of de.uka.ilkd.key.nparser.KeyAst$File:  <unknown>:1#1 
474021     INFO  Test worker     d.u.i.k.n.KeyIO           MODE: declarations took 0 ms 
474021     DEBUG Test worker     d.u.i.k.n.KeyIO           MODE: 2nd degree decls took 0 
477945     INFO  Test worker     d.u.i.k.n.KeyIO           Parsing took 0 ms 
477945     DEBUG Test worker     d.u.i.k.n.KeyIO           Load declarations of de.uka.ilkd.key.nparser.KeyAst$File:  <unknown>:1#1 
477945     INFO  Test worker     d.u.i.k.n.KeyIO           MODE: declarations took 0 ms 
477945     DEBUG Test worker     d.u.i.k.n.KeyIO           MODE: 2nd degree decls took 0 
477945     INFO  Test worker     d.u.i.k.n.KeyIO           Parsing took 0 ms 
477945     DEBUG Test worker     d.u.i.k.n.KeyIO           Load declarations of de.uka.ilkd.key.nparser.KeyAst$File:  <unknown>:1#1 
477945     INFO  Test worker     d.u.i.k.n.KeyIO           MODE: declarations took 0 ms 
477945     DEBUG Test worker     d.u.i.k.n.KeyIO           MODE: 2nd degree decls took 0 
477945     INFO  Test worker     d.u.i.k.n.KeyIO           Parsing took 0 ms 
477945     DEBUG Test worker     d.u.i.k.n.KeyIO           Load declarations of de.uka.ilkd.key.nparser.KeyAst$File:  <unknown>:1#1 
477945     INFO  Test worker     d.u.i.k.n.KeyIO           MODE: declarations took 0 ms 
477945     DEBUG Test worker     d.u.i.k.n.KeyIO           MODE: 2nd degree decls took 0 
477945     INFO  Test worker     d.u.i.k.n.KeyIO           Parsing took 0 ms 
477945     DEBUG Test worker     d.u.i.k.n.KeyIO           Load declarations of de.uka.ilkd.key.nparser.KeyAst$File:  <unknown>:1#1 
477945     INFO  Test worker     d.u.i.k.n.KeyIO           MODE: declarations took 0 ms 
477945     DEBUG Test worker     d.u.i.k.n.KeyIO           MODE: 2nd degree decls took 0 
477945     INFO  Test worker     d.u.i.k.n.KeyIO           Parsing took 0 ms 
477945     DEBUG Test worker     d.u.i.k.n.KeyIO           Load declarations of de.uka.ilkd.key.nparser.KeyAst$File:  <unknown>:1#1 
477945     INFO  Test worker     d.u.i.k.n.KeyIO           MODE: declarations took 0 ms 
477945     DEBUG Test worker     d.u.i.k.n.KeyIO           MODE: 2nd degree decls took 0 
481745     INFO  Test worker     d.u.i.k.n.KeyIO           Parsing took 0 ms 
481745     DEBUG Test worker     d.u.i.k.n.KeyIO           Load declarations of de.uka.ilkd.key.nparser.KeyAst$File:  <unknown>:1#1 
481745     INFO  Test worker     d.u.i.k.n.KeyIO           MODE: declarations took 0 ms 
481745     DEBUG Test worker     d.u.i.k.n.KeyIO           MODE: 2nd degree decls took 0 
481745     INFO  Test worker     d.u.i.k.n.KeyIO           Parsing took 0 ms 
481745     DEBUG Test worker     d.u.i.k.n.KeyIO           Load declarations of de.uka.ilkd.key.nparser.KeyAst$File:  <unknown>:1#1 
481745     INFO  Test worker     d.u.i.k.n.KeyIO           MODE: declarations took 0 ms 
481745     DEBUG Test worker     d.u.i.k.n.KeyIO           MODE: 2nd degree decls took 0 
481745     INFO  Test worker     d.u.i.k.n.KeyIO           Parsing took 0 ms 
481745     DEBUG Test worker     d.u.i.k.n.KeyIO           Load declarations of de.uka.ilkd.key.nparser.KeyAst$File:  <unknown>:1#1 
481745     INFO  Test worker     d.u.i.k.n.KeyIO           MODE: declarations took 0 ms 
481745     DEBUG Test worker     d.u.i.k.n.KeyIO           MODE: 2nd degree decls took 0 
481745     INFO  Test worker     d.u.i.k.n.KeyIO           Parsing took 0 ms 
481745     DEBUG Test worker     d.u.i.k.n.KeyIO           Load declarations of de.uka.ilkd.key.nparser.KeyAst$File:  <unknown>:1#1 
481745     INFO  Test worker     d.u.i.k.n.KeyIO           MODE: declarations took 0 ms 
481745     DEBUG Test worker     d.u.i.k.n.KeyIO           MODE: 2nd degree decls took 0 
481745     INFO  Test worker     d.u.i.k.n.KeyIO           Parsing took 0 ms 
481745     DEBUG Test worker     d.u.i.k.n.KeyIO           Load declarations of de.uka.ilkd.key.nparser.KeyAst$File:  <unknown>:1#1 
481745     INFO  Test worker     d.u.i.k.n.KeyIO           MODE: declarations took 0 ms 
481745     DEBUG Test worker     d.u.i.k.n.KeyIO           MODE: 2nd degree decls took 0 
485607     INFO  Test worker     d.u.i.k.n.KeyIO           Parsing took 0 ms 
485607     DEBUG Test worker     d.u.i.k.n.KeyIO           Load declarations of de.uka.ilkd.key.nparser.KeyAst$File:  <unknown>:1#1 
485607     INFO  Test worker     d.u.i.k.n.KeyIO           MODE: declarations took 0 ms 
485607     DEBUG Test worker     d.u.i.k.n.KeyIO           MODE: 2nd degree decls took 0 
485607     INFO  Test worker     d.u.i.k.n.KeyIO           Parsing took 0 ms 
485607     DEBUG Test worker     d.u.i.k.n.KeyIO           Load declarations of de.uka.ilkd.key.nparser.KeyAst$File:  <unknown>:1#1 
485607     INFO  Test worker     d.u.i.k.n.KeyIO           MODE: declarations took 0 ms 
485607     DEBUG Test worker     d.u.i.k.n.KeyIO           MODE: 2nd degree decls took 0 
485607     INFO  Test worker     d.u.i.k.n.KeyIO           Parsing took 0 ms 
485607     DEBUG Test worker     d.u.i.k.n.KeyIO           Load declarations of de.uka.ilkd.key.nparser.KeyAst$File:  <unknown>:1#1 
485607     INFO  Test worker     d.u.i.k.n.KeyIO           MODE: declarations took 0 ms 
485607     DEBUG Test worker     d.u.i.k.n.KeyIO           MODE: 2nd degree decls took 0 
485607     INFO  Test worker     d.u.i.k.n.KeyIO           Parsing took 0 ms 
485607     DEBUG Test worker     d.u.i.k.n.KeyIO           Load declarations of de.uka.ilkd.key.nparser.KeyAst$File:  <unknown>:1#1 
485607     INFO  Test worker     d.u.i.k.n.KeyIO           MODE: declarations took 0 ms 
485607     DEBUG Test worker     d.u.i.k.n.KeyIO           MODE: 2nd degree decls took 0 
485607     INFO  Test worker     d.u.i.k.n.KeyIO           Parsing took 0 ms 
485607     DEBUG Test worker     d.u.i.k.n.KeyIO           Load declarations of de.uka.ilkd.key.nparser.KeyAst$File:  <unknown>:1#1 
485607     INFO  Test worker     d.u.i.k.n.KeyIO           MODE: declarations took 0 ms 
485607     DEBUG Test worker     d.u.i.k.n.KeyIO           MODE: 2nd degree decls took 0 
490250     INFO  Test worker     d.u.i.k.n.KeyIO           Parsing took 0 ms 
490250     DEBUG Test worker     d.u.i.k.n.KeyIO           Load declarations of de.uka.ilkd.key.nparser.KeyAst$File:  <unknown>:1#1 
490250     INFO  Test worker     d.u.i.k.n.KeyIO           MODE: declarations took 0 ms 
490250     DEBUG Test worker     d.u.i.k.n.KeyIO           MODE: 2nd degree decls took 0 
490250     INFO  Test worker     d.u.i.k.n.KeyIO           Parsing took 0 ms 
490250     DEBUG Test worker     d.u.i.k.n.KeyIO           Load declarations of de.uka.ilkd.key.nparser.KeyAst$File:  <unknown>:1#1 
490250     INFO  Test worker     d.u.i.k.n.KeyIO           MODE: declarations took 0 ms 
490250     DEBUG Test worker     d.u.i.k.n.KeyIO           MODE: 2nd degree decls took 0 
490250     INFO  Test worker     d.u.i.k.n.KeyIO           Parsing took 0 ms 
490250     DEBUG Test worker     d.u.i.k.n.KeyIO           Load declarations of de.uka.ilkd.key.nparser.KeyAst$File:  <unknown>:1#1 
490250     INFO  Test worker     d.u.i.k.n.KeyIO           MODE: declarations took 0 ms 
490250     DEBUG Test worker     d.u.i.k.n.KeyIO           MODE: 2nd degree decls took 0 
490250     INFO  Test worker     d.u.i.k.n.KeyIO           Parsing took 0 ms 
490250     DEBUG Test worker     d.u.i.k.n.KeyIO           Load declarations of de.uka.ilkd.key.nparser.KeyAst$File:  <unknown>:1#1 
490250     INFO  Test worker     d.u.i.k.n.KeyIO           MODE: declarations took 0 ms 
490250     DEBUG Test worker     d.u.i.k.n.KeyIO           MODE: 2nd degree decls took 0 
490250     INFO  Test worker     d.u.i.k.n.KeyIO           Parsing took 0 ms 
490250     DEBUG Test worker     d.u.i.k.n.KeyIO           Load declarations of de.uka.ilkd.key.nparser.KeyAst$File:  <unknown>:1#1 
490250     INFO  Test worker     d.u.i.k.n.KeyIO           MODE: declarations took 0 ms 
490250     DEBUG Test worker     d.u.i.k.n.KeyIO           MODE: 2nd degree decls took 0 
493940     INFO  Test worker     d.u.i.k.n.KeyIO           Parsing took 0 ms 
493940     DEBUG Test worker     d.u.i.k.n.KeyIO           Load declarations of de.uka.ilkd.key.nparser.KeyAst$File:  <unknown>:1#1 
493940     INFO  Test worker     d.u.i.k.n.KeyIO           MODE: declarations took 0 ms 
493940     DEBUG Test worker     d.u.i.k.n.KeyIO           MODE: 2nd degree decls took 0 
493940     INFO  Test worker     d.u.i.k.n.KeyIO           Parsing took 0 ms 
493940     DEBUG Test worker     d.u.i.k.n.KeyIO           Load declarations of de.uka.ilkd.key.nparser.KeyAst$File:  <unknown>:1#1 
493940     INFO  Test worker     d.u.i.k.n.KeyIO           MODE: declarations took 0 ms 
493940     DEBUG Test worker     d.u.i.k.n.KeyIO           MODE: 2nd degree decls took 0 
493940     INFO  Test worker     d.u.i.k.n.KeyIO           Parsing took 0 ms 
493940     DEBUG Test worker     d.u.i.k.n.KeyIO           Load declarations of de.uka.ilkd.key.nparser.KeyAst$File:  <unknown>:1#1 
493940     INFO  Test worker     d.u.i.k.n.KeyIO           MODE: declarations took 0 ms 
493940     DEBUG Test worker     d.u.i.k.n.KeyIO           MODE: 2nd degree decls took 0 
493940     INFO  Test worker     d.u.i.k.n.KeyIO           Parsing took 0 ms 
493940     DEBUG Test worker     d.u.i.k.n.KeyIO           Load declarations of de.uka.ilkd.key.nparser.KeyAst$File:  <unknown>:1#1 
493940     INFO  Test worker     d.u.i.k.n.KeyIO           MODE: declarations took 0 ms 
493940     DEBUG Test worker     d.u.i.k.n.KeyIO           MODE: 2nd degree decls took 0 
493940     INFO  Test worker     d.u.i.k.n.KeyIO           Parsing took 0 ms 
493940     DEBUG Test worker     d.u.i.k.n.KeyIO           Load declarations of de.uka.ilkd.key.nparser.KeyAst$File:  <unknown>:1#1 
493940     INFO  Test worker     d.u.i.k.n.KeyIO           MODE: declarations took 0 ms 
493940     DEBUG Test worker     d.u.i.k.n.KeyIO           MODE: 2nd degree decls took 0 
497630     INFO  Test worker     d.u.i.k.n.KeyIO           Parsing took 0 ms 
497630     DEBUG Test worker     d.u.i.k.n.KeyIO           Load declarations of de.uka.ilkd.key.nparser.KeyAst$File:  <unknown>:1#1 
497630     INFO  Test worker     d.u.i.k.n.KeyIO           MODE: declarations took 0 ms 
497630     DEBUG Test worker     d.u.i.k.n.KeyIO           MODE: 2nd degree decls took 0 
497630     INFO  Test worker     d.u.i.k.n.KeyIO           Parsing took 0 ms 
497630     DEBUG Test worker     d.u.i.k.n.KeyIO           Load declarations of de.uka.ilkd.key.nparser.KeyAst$File:  <unknown>:1#1 
497630     INFO  Test worker     d.u.i.k.n.KeyIO           MODE: declarations took 0 ms 
497630     DEBUG Test worker     d.u.i.k.n.KeyIO           MODE: 2nd degree decls took 0 
497630     INFO  Test worker     d.u.i.k.n.KeyIO           Parsing took 0 ms 
497630     DEBUG Test worker     d.u.i.k.n.KeyIO           Load declarations of de.uka.ilkd.key.nparser.KeyAst$File:  <unknown>:1#1 
497630     INFO  Test worker     d.u.i.k.n.KeyIO           MODE: declarations took 0 ms 
497630     DEBUG Test worker     d.u.i.k.n.KeyIO           MODE: 2nd degree decls took 0 
497630     INFO  Test worker     d.u.i.k.n.KeyIO           Parsing took 0 ms 
497630     DEBUG Test worker     d.u.i.k.n.KeyIO           Load declarations of de.uka.ilkd.key.nparser.KeyAst$File:  <unknown>:1#1 
497630     INFO  Test worker     d.u.i.k.n.KeyIO           MODE: declarations took 0 ms 
497630     DEBUG Test worker     d.u.i.k.n.KeyIO           MODE: 2nd degree decls took 0 
497630     INFO  Test worker     d.u.i.k.n.KeyIO           Parsing took 0 ms 
497630     DEBUG Test worker     d.u.i.k.n.KeyIO           Load declarations of de.uka.ilkd.key.nparser.KeyAst$File:  <unknown>:1#1 
497630     INFO  Test worker     d.u.i.k.n.KeyIO           MODE: declarations took 0 ms 
497630     DEBUG Test worker     d.u.i.k.n.KeyIO           MODE: 2nd degree decls took 0 
501273     INFO  Test worker     d.u.i.k.n.KeyIO           Parsing took 0 ms 
501273     DEBUG Test worker     d.u.i.k.n.KeyIO           Load declarations of de.uka.ilkd.key.nparser.KeyAst$File:  <unknown>:1#1 
501273     INFO  Test worker     d.u.i.k.n.KeyIO           MODE: declarations took 0 ms 
501273     DEBUG Test worker     d.u.i.k.n.KeyIO           MODE: 2nd degree decls took 0 
501273     INFO  Test worker     d.u.i.k.n.KeyIO           Parsing took 0 ms 
501273     DEBUG Test worker     d.u.i.k.n.KeyIO           Load declarations of de.uka.ilkd.key.nparser.KeyAst$File:  <unknown>:1#1 
501273     INFO  Test worker     d.u.i.k.n.KeyIO           MODE: declarations took 0 ms 
501273     DEBUG Test worker     d.u.i.k.n.KeyIO           MODE: 2nd degree decls took 0 
501273     INFO  Test worker     d.u.i.k.n.KeyIO           Parsing took 0 ms 
501273     DEBUG Test worker     d.u.i.k.n.KeyIO           Load declarations of de.uka.ilkd.key.nparser.KeyAst$File:  <unknown>:1#1 
501273     INFO  Test worker     d.u.i.k.n.KeyIO           MODE: declarations took 0 ms 
501273     DEBUG Test worker     d.u.i.k.n.KeyIO           MODE: 2nd degree decls took 0 
501273     INFO  Test worker     d.u.i.k.n.KeyIO           Parsing took 0 ms 
501273     DEBUG Test worker     d.u.i.k.n.KeyIO           Load declarations of de.uka.ilkd.key.nparser.KeyAst$File:  <unknown>:1#1 
501273     INFO  Test worker     d.u.i.k.n.KeyIO           MODE: declarations took 0 ms 
501273     DEBUG Test worker     d.u.i.k.n.KeyIO           MODE: 2nd degree decls took 0 
501273     INFO  Test worker     d.u.i.k.n.KeyIO           Parsing took 0 ms 
501273     DEBUG Test worker     d.u.i.k.n.KeyIO           Load declarations of de.uka.ilkd.key.nparser.KeyAst$File:  <unknown>:1#1 
501273     INFO  Test worker     d.u.i.k.n.KeyIO           MODE: declarations took 0 ms 
501273     DEBUG Test worker     d.u.i.k.n.KeyIO           MODE: 2nd degree decls took 0 
504947     INFO  Test worker     d.u.i.k.n.KeyIO           Parsing took 0 ms 
504947     DEBUG Test worker     d.u.i.k.n.KeyIO           Load declarations of de.uka.ilkd.key.nparser.KeyAst$File:  <unknown>:1#1 
504947     INFO  Test worker     d.u.i.k.n.KeyIO           MODE: declarations took 0 ms 
504947     DEBUG Test worker     d.u.i.k.n.KeyIO           MODE: 2nd degree decls took 0 
504947     INFO  Test worker     d.u.i.k.n.KeyIO           Parsing took 0 ms 
504947     DEBUG Test worker     d.u.i.k.n.KeyIO           Load declarations of de.uka.ilkd.key.nparser.KeyAst$File:  <unknown>:1#1 
504947     INFO  Test worker     d.u.i.k.n.KeyIO           MODE: declarations took 0 ms 
504947     DEBUG Test worker     d.u.i.k.n.KeyIO           MODE: 2nd degree decls took 0 
504947     INFO  Test worker     d.u.i.k.n.KeyIO           Parsing took 0 ms 
504947     DEBUG Test worker     d.u.i.k.n.KeyIO           Load declarations of de.uka.ilkd.key.nparser.KeyAst$File:  <unknown>:1#1 
504947     INFO  Test worker     d.u.i.k.n.KeyIO           MODE: declarations took 0 ms 
504947     DEBUG Test worker     d.u.i.k.n.KeyIO           MODE: 2nd degree decls took 0 
504947     INFO  Test worker     d.u.i.k.n.KeyIO           Parsing took 0 ms 
504947     DEBUG Test worker     d.u.i.k.n.KeyIO           Load declarations of de.uka.ilkd.key.nparser.KeyAst$File:  <unknown>:1#1 
504947     INFO  Test worker     d.u.i.k.n.KeyIO           MODE: declarations took 0 ms 
504947     DEBUG Test worker     d.u.i.k.n.KeyIO           MODE: 2nd degree decls took 0 
504947     INFO  Test worker     d.u.i.k.n.KeyIO           Parsing took 0 ms 
504947     DEBUG Test worker     d.u.i.k.n.KeyIO           Load declarations of de.uka.ilkd.key.nparser.KeyAst$File:  <unknown>:1#1 
504947     INFO  Test worker     d.u.i.k.n.KeyIO           MODE: declarations took 0 ms 
504947     DEBUG Test worker     d.u.i.k.n.KeyIO           MODE: 2nd degree decls took 0 
508589     INFO  Test worker     d.u.i.k.n.KeyIO           Parsing took 0 ms 
508589     DEBUG Test worker     d.u.i.k.n.KeyIO           Load declarations of de.uka.ilkd.key.nparser.KeyAst$File:  <unknown>:1#1 
508589     INFO  Test worker     d.u.i.k.n.KeyIO           MODE: declarations took 0 ms 
508589     DEBUG Test worker     d.u.i.k.n.KeyIO           MODE: 2nd degree decls took 0 
508589     INFO  Test worker     d.u.i.k.n.KeyIO           Parsing took 0 ms 
508589     DEBUG Test worker     d.u.i.k.n.KeyIO           Load declarations of de.uka.ilkd.key.nparser.KeyAst$File:  <unknown>:1#1 
508589     INFO  Test worker     d.u.i.k.n.KeyIO           MODE: declarations took 0 ms 
508589     DEBUG Test worker     d.u.i.k.n.KeyIO           MODE: 2nd degree decls took 0 
508605     INFO  Test worker     d.u.i.k.n.KeyIO           Parsing took 0 ms 
508605     DEBUG Test worker     d.u.i.k.n.KeyIO           Load declarations of de.uka.ilkd.key.nparser.KeyAst$File:  <unknown>:1#1 
508605     INFO  Test worker     d.u.i.k.n.KeyIO           MODE: declarations took 0 ms 
508605     DEBUG Test worker     d.u.i.k.n.KeyIO           MODE: 2nd degree decls took 0 
508605     INFO  Test worker     d.u.i.k.n.KeyIO           Parsing took 0 ms 
508605     DEBUG Test worker     d.u.i.k.n.KeyIO           Load declarations of de.uka.ilkd.key.nparser.KeyAst$File:  <unknown>:1#1 
508605     INFO  Test worker     d.u.i.k.n.KeyIO           MODE: declarations took 0 ms 
508605     DEBUG Test worker     d.u.i.k.n.KeyIO           MODE: 2nd degree decls took 0 
508605     INFO  Test worker     d.u.i.k.n.KeyIO           Parsing took 0 ms 
508605     DEBUG Test worker     d.u.i.k.n.KeyIO           Load declarations of de.uka.ilkd.key.nparser.KeyAst$File:  <unknown>:1#1 
508605     INFO  Test worker     d.u.i.k.n.KeyIO           MODE: declarations took 0 ms 
508605     DEBUG Test worker     d.u.i.k.n.KeyIO           MODE: 2nd degree decls took 0 
512247     INFO  Test worker     d.u.i.k.n.KeyIO           Parsing took 0 ms 
512247     DEBUG Test worker     d.u.i.k.n.KeyIO           Load declarations of de.uka.ilkd.key.nparser.KeyAst$File:  <unknown>:1#1 
512247     INFO  Test worker     d.u.i.k.n.KeyIO           MODE: declarations took 0 ms 
512247     DEBUG Test worker     d.u.i.k.n.KeyIO           MODE: 2nd degree decls took 0 
512247     INFO  Test worker     d.u.i.k.n.KeyIO           Parsing took 0 ms 
512247     DEBUG Test worker     d.u.i.k.n.KeyIO           Load declarations of de.uka.ilkd.key.nparser.KeyAst$File:  <unknown>:1#1 
512247     INFO  Test worker     d.u.i.k.n.KeyIO           MODE: declarations took 0 ms 
512247     DEBUG Test worker     d.u.i.k.n.KeyIO           MODE: 2nd degree decls took 0 
512247     INFO  Test worker     d.u.i.k.n.KeyIO           Parsing took 0 ms 
512247     DEBUG Test worker     d.u.i.k.n.KeyIO           Load declarations of de.uka.ilkd.key.nparser.KeyAst$File:  <unknown>:1#1 
512247     INFO  Test worker     d.u.i.k.n.KeyIO           MODE: declarations took 0 ms 
512247     DEBUG Test worker     d.u.i.k.n.KeyIO           MODE: 2nd degree decls took 0 
512247     INFO  Test worker     d.u.i.k.n.KeyIO           Parsing took 0 ms 
512247     DEBUG Test worker     d.u.i.k.n.KeyIO           Load declarations of de.uka.ilkd.key.nparser.KeyAst$File:  <unknown>:1#1 
512247     INFO  Test worker     d.u.i.k.n.KeyIO           MODE: declarations took 0 ms 
512247     DEBUG Test worker     d.u.i.k.n.KeyIO           MODE: 2nd degree decls took 0 
512247     INFO  Test worker     d.u.i.k.n.KeyIO           Parsing took 0 ms 
512247     DEBUG Test worker     d.u.i.k.n.KeyIO           Load declarations of de.uka.ilkd.key.nparser.KeyAst$File:  <unknown>:1#1 
512247     INFO  Test worker     d.u.i.k.n.KeyIO           MODE: declarations took 0 ms 
512247     DEBUG Test worker     d.u.i.k.n.KeyIO           MODE: 2nd degree decls took 0 
515858     INFO  Test worker     d.u.i.k.n.KeyIO           Parsing took 0 ms 
515858     DEBUG Test worker     d.u.i.k.n.KeyIO           Load declarations of de.uka.ilkd.key.nparser.KeyAst$File:  <unknown>:1#1 
515858     INFO  Test worker     d.u.i.k.n.KeyIO           MODE: declarations took 0 ms 
515858     DEBUG Test worker     d.u.i.k.n.KeyIO           MODE: 2nd degree decls took 0 
515858     INFO  Test worker     d.u.i.k.n.KeyIO           Parsing took 0 ms 
515858     DEBUG Test worker     d.u.i.k.n.KeyIO           Load declarations of de.uka.ilkd.key.nparser.KeyAst$File:  <unknown>:1#1 
515858     INFO  Test worker     d.u.i.k.n.KeyIO           MODE: declarations took 0 ms 
515858     DEBUG Test worker     d.u.i.k.n.KeyIO           MODE: 2nd degree decls took 0 
515858     INFO  Test worker     d.u.i.k.n.KeyIO           Parsing took 0 ms 
515858     DEBUG Test worker     d.u.i.k.n.KeyIO           Load declarations of de.uka.ilkd.key.nparser.KeyAst$File:  <unknown>:1#1 
515858     INFO  Test worker     d.u.i.k.n.KeyIO           MODE: declarations took 0 ms 
515858     DEBUG Test worker     d.u.i.k.n.KeyIO           MODE: 2nd degree decls took 0 
515858     INFO  Test worker     d.u.i.k.n.KeyIO           Parsing took 0 ms 
515858     DEBUG Test worker     d.u.i.k.n.KeyIO           Load declarations of de.uka.ilkd.key.nparser.KeyAst$File:  <unknown>:1#1 
515858     INFO  Test worker     d.u.i.k.n.KeyIO           MODE: declarations took 0 ms 
515858     DEBUG Test worker     d.u.i.k.n.KeyIO           MODE: 2nd degree decls took 0 
515858     INFO  Test worker     d.u.i.k.n.KeyIO           Parsing took 0 ms 
515858     DEBUG Test worker     d.u.i.k.n.KeyIO           Load declarations of de.uka.ilkd.key.nparser.KeyAst$File:  <unknown>:1#1 
515858     INFO  Test worker     d.u.i.k.n.KeyIO           MODE: declarations took 0 ms 
515858     DEBUG Test worker     d.u.i.k.n.KeyIO           MODE: 2nd degree decls took 0 
519547     INFO  Test worker     d.u.i.k.n.KeyIO           Parsing took 0 ms 
519547     DEBUG Test worker     d.u.i.k.n.KeyIO           Load declarations of de.uka.ilkd.key.nparser.KeyAst$File:  <unknown>:1#1 
519547     INFO  Test worker     d.u.i.k.n.KeyIO           MODE: declarations took 0 ms 
519547     DEBUG Test worker     d.u.i.k.n.KeyIO           MODE: 2nd degree decls took 0 
519547     INFO  Test worker     d.u.i.k.n.KeyIO           Parsing took 0 ms 
519547     DEBUG Test worker     d.u.i.k.n.KeyIO           Load declarations of de.uka.ilkd.key.nparser.KeyAst$File:  <unknown>:1#1 
519547     INFO  Test worker     d.u.i.k.n.KeyIO           MODE: declarations took 0 ms 
519547     DEBUG Test worker     d.u.i.k.n.KeyIO           MODE: 2nd degree decls took 0 
519547     INFO  Test worker     d.u.i.k.n.KeyIO           Parsing took 0 ms 
519547     DEBUG Test worker     d.u.i.k.n.KeyIO           Load declarations of de.uka.ilkd.key.nparser.KeyAst$File:  <unknown>:1#1 
519547     INFO  Test worker     d.u.i.k.n.KeyIO           MODE: declarations took 0 ms 
519547     DEBUG Test worker     d.u.i.k.n.KeyIO           MODE: 2nd degree decls took 0 
519547     INFO  Test worker     d.u.i.k.n.KeyIO           Parsing took 0 ms 
519547     DEBUG Test worker     d.u.i.k.n.KeyIO           Load declarations of de.uka.ilkd.key.nparser.KeyAst$File:  <unknown>:1#1 
519547     INFO  Test worker     d.u.i.k.n.KeyIO           MODE: declarations took 0 ms 
519547     DEBUG Test worker     d.u.i.k.n.KeyIO           MODE: 2nd degree decls took 0 
519547     INFO  Test worker     d.u.i.k.n.KeyIO           Parsing took 0 ms 
519547     DEBUG Test worker     d.u.i.k.n.KeyIO           Load declarations of de.uka.ilkd.key.nparser.KeyAst$File:  <unknown>:1#1 
519547     INFO  Test worker     d.u.i.k.n.KeyIO           MODE: declarations took 0 ms 
519547     DEBUG Test worker     d.u.i.k.n.KeyIO           MODE: 2nd degree decls took 0 
523299     INFO  Test worker     d.u.i.k.n.KeyIO           Parsing took 0 ms 
523299     DEBUG Test worker     d.u.i.k.n.KeyIO           Load declarations of de.uka.ilkd.key.nparser.KeyAst$File:  <unknown>:1#1 
523299     INFO  Test worker     d.u.i.k.n.KeyIO           MODE: declarations took 0 ms 
523299     DEBUG Test worker     d.u.i.k.n.KeyIO           MODE: 2nd degree decls took 0 
523299     INFO  Test worker     d.u.i.k.n.KeyIO           Parsing took 0 ms 
523299     DEBUG Test worker     d.u.i.k.n.KeyIO           Load declarations of de.uka.ilkd.key.nparser.KeyAst$File:  <unknown>:1#1 
523299     INFO  Test worker     d.u.i.k.n.KeyIO           MODE: declarations took 0 ms 
523299     DEBUG Test worker     d.u.i.k.n.KeyIO           MODE: 2nd degree decls took 0 
523299     INFO  Test worker     d.u.i.k.n.KeyIO           Parsing took 0 ms 
523299     DEBUG Test worker     d.u.i.k.n.KeyIO           Load declarations of de.uka.ilkd.key.nparser.KeyAst$File:  <unknown>:1#1 
523299     INFO  Test worker     d.u.i.k.n.KeyIO           MODE: declarations took 0 ms 
523299     DEBUG Test worker     d.u.i.k.n.KeyIO           MODE: 2nd degree decls took 0 
523299     INFO  Test worker     d.u.i.k.n.KeyIO           Parsing took 0 ms 
523299     DEBUG Test worker     d.u.i.k.n.KeyIO           Load declarations of de.uka.ilkd.key.nparser.KeyAst$File:  <unknown>:1#1 
523299     INFO  Test worker     d.u.i.k.n.KeyIO           MODE: declarations took 0 ms 
523299     DEBUG Test worker     d.u.i.k.n.KeyIO           MODE: 2nd degree decls took 0 
523299     INFO  Test worker     d.u.i.k.n.KeyIO           Parsing took 0 ms 
523299     DEBUG Test worker     d.u.i.k.n.KeyIO           Load declarations of de.uka.ilkd.key.nparser.KeyAst$File:  <unknown>:1#1 
523299     INFO  Test worker     d.u.i.k.n.KeyIO           MODE: declarations took 0 ms 
523299     DEBUG Test worker     d.u.i.k.n.KeyIO           MODE: 2nd degree decls took 0 
527098     INFO  Test worker     d.u.i.k.n.KeyIO           Parsing took 0 ms 
527098     DEBUG Test worker     d.u.i.k.n.KeyIO           Load declarations of de.uka.ilkd.key.nparser.KeyAst$File:  <unknown>:1#1 
527098     INFO  Test worker     d.u.i.k.n.KeyIO           MODE: declarations took 0 ms 
527098     DEBUG Test worker     d.u.i.k.n.KeyIO           MODE: 2nd degree decls took 0 
527098     INFO  Test worker     d.u.i.k.n.KeyIO           Parsing took 0 ms 
527098     DEBUG Test worker     d.u.i.k.n.KeyIO           Load declarations of de.uka.ilkd.key.nparser.KeyAst$File:  <unknown>:1#1 
527098     INFO  Test worker     d.u.i.k.n.KeyIO           MODE: declarations took 0 ms 
527098     DEBUG Test worker     d.u.i.k.n.KeyIO           MODE: 2nd degree decls took 0 
527098     INFO  Test worker     d.u.i.k.n.KeyIO           Parsing took 0 ms 
527098     DEBUG Test worker     d.u.i.k.n.KeyIO           Load declarations of de.uka.ilkd.key.nparser.KeyAst$File:  <unknown>:1#1 
527098     INFO  Test worker     d.u.i.k.n.KeyIO           MODE: declarations took 0 ms 
527098     DEBUG Test worker     d.u.i.k.n.KeyIO           MODE: 2nd degree decls took 0 
527098     INFO  Test worker     d.u.i.k.n.KeyIO           Parsing took 0 ms 
527098     DEBUG Test worker     d.u.i.k.n.KeyIO           Load declarations of de.uka.ilkd.key.nparser.KeyAst$File:  <unknown>:1#1 
527098     INFO  Test worker     d.u.i.k.n.KeyIO           MODE: declarations took 0 ms 
527098     DEBUG Test worker     d.u.i.k.n.KeyIO           MODE: 2nd degree decls took 0 
527098     INFO  Test worker     d.u.i.k.n.KeyIO           Parsing took 0 ms 
527098     DEBUG Test worker     d.u.i.k.n.KeyIO           Load declarations of de.uka.ilkd.key.nparser.KeyAst$File:  <unknown>:1#1 
527098     INFO  Test worker     d.u.i.k.n.KeyIO           MODE: declarations took 0 ms 
527098     DEBUG Test worker     d.u.i.k.n.KeyIO           MODE: 2nd degree decls took 0 
530819     INFO  Test worker     d.u.i.k.n.KeyIO           Parsing took 0 ms 
530819     DEBUG Test worker     d.u.i.k.n.KeyIO           Load declarations of de.uka.ilkd.key.nparser.KeyAst$File:  <unknown>:1#1 
530819     INFO  Test worker     d.u.i.k.n.KeyIO           MODE: declarations took 0 ms 
530819     DEBUG Test worker     d.u.i.k.n.KeyIO           MODE: 2nd degree decls took 0 
530819     INFO  Test worker     d.u.i.k.n.KeyIO           Parsing took 0 ms 
530819     DEBUG Test worker     d.u.i.k.n.KeyIO           Load declarations of de.uka.ilkd.key.nparser.KeyAst$File:  <unknown>:1#1 
530819     INFO  Test worker     d.u.i.k.n.KeyIO           MODE: declarations took 0 ms 
530819     DEBUG Test worker     d.u.i.k.n.KeyIO           MODE: 2nd degree decls took 0 
530819     INFO  Test worker     d.u.i.k.n.KeyIO           Parsing took 0 ms 
530819     DEBUG Test worker     d.u.i.k.n.KeyIO           Load declarations of de.uka.ilkd.key.nparser.KeyAst$File:  <unknown>:1#1 
530819     INFO  Test worker     d.u.i.k.n.KeyIO           MODE: declarations took 0 ms 
530819     DEBUG Test worker     d.u.i.k.n.KeyIO           MODE: 2nd degree decls took 0 
530819     INFO  Test worker     d.u.i.k.n.KeyIO           Parsing took 0 ms 
530819     DEBUG Test worker     d.u.i.k.n.KeyIO           Load declarations of de.uka.ilkd.key.nparser.KeyAst$File:  <unknown>:1#1 
530819     INFO  Test worker     d.u.i.k.n.KeyIO           MODE: declarations took 0 ms 
530819     DEBUG Test worker     d.u.i.k.n.KeyIO           MODE: 2nd degree decls took 0 
530819     INFO  Test worker     d.u.i.k.n.KeyIO           Parsing took 0 ms 
530819     DEBUG Test worker     d.u.i.k.n.KeyIO           Load declarations of de.uka.ilkd.key.nparser.KeyAst$File:  <unknown>:1#1 
530819     INFO  Test worker     d.u.i.k.n.KeyIO           MODE: declarations took 0 ms 
530819     DEBUG Test worker     d.u.i.k.n.KeyIO           MODE: 2nd degree decls took 0 
534605     INFO  Test worker     d.u.i.k.n.KeyIO           Parsing took 0 ms 
534605     DEBUG Test worker     d.u.i.k.n.KeyIO           Load declarations of de.uka.ilkd.key.nparser.KeyAst$File:  <unknown>:1#1 
534605     INFO  Test worker     d.u.i.k.n.KeyIO           MODE: declarations took 0 ms 
534605     DEBUG Test worker     d.u.i.k.n.KeyIO           MODE: 2nd degree decls took 0 
534605     INFO  Test worker     d.u.i.k.n.KeyIO           Parsing took 0 ms 
534605     DEBUG Test worker     d.u.i.k.n.KeyIO           Load declarations of de.uka.ilkd.key.nparser.KeyAst$File:  <unknown>:1#1 
534605     INFO  Test worker     d.u.i.k.n.KeyIO           MODE: declarations took 0 ms 
534605     DEBUG Test worker     d.u.i.k.n.KeyIO           MODE: 2nd degree decls took 0 
534605     INFO  Test worker     d.u.i.k.n.KeyIO           Parsing took 0 ms 
534605     DEBUG Test worker     d.u.i.k.n.KeyIO           Load declarations of de.uka.ilkd.key.nparser.KeyAst$File:  <unknown>:1#1 
534605     INFO  Test worker     d.u.i.k.n.KeyIO           MODE: declarations took 0 ms 
534605     DEBUG Test worker     d.u.i.k.n.KeyIO           MODE: 2nd degree decls took 0 
534605     INFO  Test worker     d.u.i.k.n.KeyIO           Parsing took 0 ms 
534605     DEBUG Test worker     d.u.i.k.n.KeyIO           Load declarations of de.uka.ilkd.key.nparser.KeyAst$File:  <unknown>:1#1 
534605     INFO  Test worker     d.u.i.k.n.KeyIO           MODE: declarations took 0 ms 
534605     DEBUG Test worker     d.u.i.k.n.KeyIO           MODE: 2nd degree decls took 0 
534605     INFO  Test worker     d.u.i.k.n.KeyIO           Parsing took 0 ms 
534605     DEBUG Test worker     d.u.i.k.n.KeyIO           Load declarations of de.uka.ilkd.key.nparser.KeyAst$File:  <unknown>:1#1 
534605     INFO  Test worker     d.u.i.k.n.KeyIO           MODE: declarations took 0 ms 
534605     DEBUG Test worker     d.u.i.k.n.KeyIO           MODE: 2nd degree decls took 0 
538374     INFO  Test worker     d.u.i.k.n.KeyIO           Parsing took 0 ms 
538374     DEBUG Test worker     d.u.i.k.n.KeyIO           Load declarations of de.uka.ilkd.key.nparser.KeyAst$File:  <unknown>:1#1 
538374     INFO  Test worker     d.u.i.k.n.KeyIO           MODE: declarations took 0 ms 
538374     DEBUG Test worker     d.u.i.k.n.KeyIO           MODE: 2nd degree decls took 0 
538374     INFO  Test worker     d.u.i.k.n.KeyIO           Parsing took 0 ms 
538374     DEBUG Test worker     d.u.i.k.n.KeyIO           Load declarations of de.uka.ilkd.key.nparser.KeyAst$File:  <unknown>:1#1 
538374     INFO  Test worker     d.u.i.k.n.KeyIO           MODE: declarations took 0 ms 
538374     DEBUG Test worker     d.u.i.k.n.KeyIO           MODE: 2nd degree decls took 0 
538374     INFO  Test worker     d.u.i.k.n.KeyIO           Parsing took 0 ms 
538374     DEBUG Test worker     d.u.i.k.n.KeyIO           Load declarations of de.uka.ilkd.key.nparser.KeyAst$File:  <unknown>:1#1 
538374     INFO  Test worker     d.u.i.k.n.KeyIO           MODE: declarations took 0 ms 
538374     DEBUG Test worker     d.u.i.k.n.KeyIO           MODE: 2nd degree decls took 0 
538374     INFO  Test worker     d.u.i.k.n.KeyIO           Parsing took 0 ms 
538374     DEBUG Test worker     d.u.i.k.n.KeyIO           Load declarations of de.uka.ilkd.key.nparser.KeyAst$File:  <unknown>:1#1 
538374     INFO  Test worker     d.u.i.k.n.KeyIO           MODE: declarations took 0 ms 
538374     DEBUG Test worker     d.u.i.k.n.KeyIO           MODE: 2nd degree decls took 0 
538374     INFO  Test worker     d.u.i.k.n.KeyIO           Parsing took 0 ms 
538374     DEBUG Test worker     d.u.i.k.n.KeyIO           Load declarations of de.uka.ilkd.key.nparser.KeyAst$File:  <unknown>:1#1 
538374     INFO  Test worker     d.u.i.k.n.KeyIO           MODE: declarations took 0 ms 
538374     DEBUG Test worker     d.u.i.k.n.KeyIO           MODE: 2nd degree decls took 0 
542063     INFO  Test worker     d.u.i.k.n.KeyIO           Parsing took 0 ms 
542063     DEBUG Test worker     d.u.i.k.n.KeyIO           Load declarations of de.uka.ilkd.key.nparser.KeyAst$File:  <unknown>:1#1 
542063     INFO  Test worker     d.u.i.k.n.KeyIO           MODE: declarations took 0 ms 
542063     DEBUG Test worker     d.u.i.k.n.KeyIO           MODE: 2nd degree decls took 0 
542063     INFO  Test worker     d.u.i.k.n.KeyIO           Parsing took 0 ms 
542063     DEBUG Test worker     d.u.i.k.n.KeyIO           Load declarations of de.uka.ilkd.key.nparser.KeyAst$File:  <unknown>:1#1 
542063     INFO  Test worker     d.u.i.k.n.KeyIO           MODE: declarations took 0 ms 
542063     DEBUG Test worker     d.u.i.k.n.KeyIO           MODE: 2nd degree decls took 0 
542063     INFO  Test worker     d.u.i.k.n.KeyIO           Parsing took 0 ms 
542063     DEBUG Test worker     d.u.i.k.n.KeyIO           Load declarations of de.uka.ilkd.key.nparser.KeyAst$File:  <unknown>:1#1 
542063     INFO  Test worker     d.u.i.k.n.KeyIO           MODE: declarations took 0 ms 
542063     DEBUG Test worker     d.u.i.k.n.KeyIO           MODE: 2nd degree decls took 0 
542063     INFO  Test worker     d.u.i.k.n.KeyIO           Parsing took 0 ms 
542063     DEBUG Test worker     d.u.i.k.n.KeyIO           Load declarations of de.uka.ilkd.key.nparser.KeyAst$File:  <unknown>:1#1 
542063     INFO  Test worker     d.u.i.k.n.KeyIO           MODE: declarations took 0 ms 
542063     DEBUG Test worker     d.u.i.k.n.KeyIO           MODE: 2nd degree decls took 0 
542063     INFO  Test worker     d.u.i.k.n.KeyIO           Parsing took 0 ms 
542063     DEBUG Test worker     d.u.i.k.n.KeyIO           Load declarations of de.uka.ilkd.key.nparser.KeyAst$File:  <unknown>:1#1 
542063     INFO  Test worker     d.u.i.k.n.KeyIO           MODE: declarations took 0 ms 
542063     DEBUG Test worker     d.u.i.k.n.KeyIO           MODE: 2nd degree decls took 0 
]]></system-out>
  <system-err><![CDATA[]]></system-err>
</testsuite>
