<?xml version="1.0" encoding="UTF-8"?>
<testsuite name="de.uka.ilkd.key.parser.TestTacletParser" tests="20" skipped="0" failures="0" errors="0" timestamp="2023-04-20T13:47:15" hostname="fv-az479-470" time="0.12">
  <properties/>
  <testcase name="testAllRight()" classname="de.uka.ilkd.key.parser.TestTacletParser" time="0.016"/>
  <testcase name="testSchemaJava0()" classname="de.uka.ilkd.key.parser.TestTacletParser" time="0.003"/>
  <testcase name="testSchemaJava1()" classname="de.uka.ilkd.key.parser.TestTacletParser" time="0.016"/>
  <testcase name="testSchemaJava2()" classname="de.uka.ilkd.key.parser.TestTacletParser" time="0.003"/>
  <testcase name="testSchemaJava4()" classname="de.uka.ilkd.key.parser.TestTacletParser" time="0.013"/>
  <testcase name="testSchemaJava6()" classname="de.uka.ilkd.key.parser.TestTacletParser" time="0.005"/>
  <testcase name="testSchemaJava8()" classname="de.uka.ilkd.key.parser.TestTacletParser" time="0.007"/>
  <testcase name="testCut()" classname="de.uka.ilkd.key.parser.TestTacletParser" time="0.004"/>
  <testcase name="testMakeInsertEq()" classname="de.uka.ilkd.key.parser.TestTacletParser" time="0.002"/>
  <testcase name="testAllLeft()" classname="de.uka.ilkd.key.parser.TestTacletParser" time="0.002"/>
  <testcase name="testClose()" classname="de.uka.ilkd.key.parser.TestTacletParser" time="0.002"/>
  <testcase name="testSchemaJava10()" classname="de.uka.ilkd.key.parser.TestTacletParser" time="0.002"/>
  <testcase name="testSchemaJava11()" classname="de.uka.ilkd.key.parser.TestTacletParser" time="0.018"/>
  <testcase name="testFIdempotent()" classname="de.uka.ilkd.key.parser.TestTacletParser" time="0.002"/>
  <testcase name="testImpRight()" classname="de.uka.ilkd.key.parser.TestTacletParser" time="0.002"/>
  <testcase name="testVarcondNew()" classname="de.uka.ilkd.key.parser.TestTacletParser" time="0.003"/>
  <testcase name="testFreeReplacewithVariables()" classname="de.uka.ilkd.key.parser.TestTacletParser" time="0.002"/>
  <testcase name="testImpLeft()" classname="de.uka.ilkd.key.parser.TestTacletParser" time="0.001"/>
  <testcase name="testContraposition()" classname="de.uka.ilkd.key.parser.TestTacletParser" time="0.002"/>
  <testcase name="testExConjSplit()" classname="de.uka.ilkd.key.parser.TestTacletParser" time="0.003"/>
  <system-out><![CDATA[390526     INFO  Test worker     d.u.i.k.n.KeyIO           Parsing took 0 ms 
390526     DEBUG Test worker     d.u.i.k.n.KeyIO           Load declarations of de.uka.ilkd.key.nparser.KeyAst$File:  <unknown>:1#1 
390526     INFO  Test worker     d.u.i.k.n.KeyIO           MODE: declarations took 0 ms 
390526     DEBUG Test worker     d.u.i.k.n.KeyIO           MODE: 2nd degree decls took 0 
390542     DEBUG Test worker     d.u.i.k.n.KeyIO           MODE: taclets took 16ms 
390542     INFO  Test worker     d.u.i.k.n.KeyIO           Parsing took 0 ms 
390542     DEBUG Test worker     d.u.i.k.n.KeyIO           Load declarations of de.uka.ilkd.key.nparser.KeyAst$File:  <unknown>:2#1 
390542     INFO  Test worker     d.u.i.k.n.KeyIO           MODE: declarations took 0 ms 
390542     DEBUG Test worker     d.u.i.k.n.KeyIO           MODE: 2nd degree decls took 0 
390542     DEBUG Test worker     d.u.i.k.n.KeyIO           MODE: taclets took 0ms 
390542     INFO  Test worker     d.u.i.k.n.KeyIO           Parsing took 0 ms 
390542     DEBUG Test worker     d.u.i.k.n.KeyIO           Load declarations of de.uka.ilkd.key.nparser.KeyAst$File:  <unknown>:1#1 
390542     INFO  Test worker     d.u.i.k.n.KeyIO           MODE: declarations took 0 ms 
390542     DEBUG Test worker     d.u.i.k.n.KeyIO           MODE: 2nd degree decls took 0 
390542     DEBUG Test worker     d.u.i.k.n.KeyIO           MODE: taclets took 0ms 
390542     INFO  Test worker     d.u.i.k.n.KeyIO           Parsing took 0 ms 
390542     DEBUG Test worker     d.u.i.k.n.KeyIO           Load declarations of de.uka.ilkd.key.nparser.KeyAst$File:  <unknown>:2#1 
390542     INFO  Test worker     d.u.i.k.n.KeyIO           MODE: declarations took 0 ms 
390542     DEBUG Test worker     d.u.i.k.n.KeyIO           MODE: 2nd degree decls took 0 
390542     DEBUG Test worker     d.u.i.k.n.KeyIO           MODE: taclets took 0ms 
390542     INFO  Test worker     d.u.i.k.n.KeyIO           Parsing took 0 ms 
390542     DEBUG Test worker     d.u.i.k.n.KeyIO           Load declarations of de.uka.ilkd.key.nparser.KeyAst$File:  <unknown>:1#1 
390542     INFO  Test worker     d.u.i.k.n.KeyIO           MODE: declarations took 0 ms 
390542     DEBUG Test worker     d.u.i.k.n.KeyIO           MODE: 2nd degree decls took 0 
390542     DEBUG Test worker     d.u.i.k.n.KeyIO           MODE: taclets took 0ms 
390542     WARN  Test worker     d.u.i.k.n.KeYParser       [syntax-error] <unknown>:2:21: extraneous input '<' expecting {MODALITY, FORALL, EXISTS, '\if', '\ifEx', 'true', 'false', '(', ')', '{', '@', NOT, '-', STRING_LITERAL, CHAR_LITERAL, BIN_LITERAL, HEX_LITERAL, IDENT, INT_LITERAL, FLOAT_LITERAL, DOUBLE_LITERAL, REAL_LITERAL} [@12,22:22='<',<173>,2:21] (argument_list, call, accessterm, primitive_term, primitive_labeled_term, bracket_term, atom_prefix, strong_arith_term_2, strong_arith_term_1, weak_arith_term, comparison_term, equality_term, term60, conjunction_term, disjunction_term, implication_term, equivalence_term, elementary_update_term, parallel_term, term, taclet, rulesOrAxioms, decls, file) 
390558     WARN  Test worker     d.u.i.k.n.KeYParser       [syntax-error] <unknown>:2:23: no viable alternative at input '{..' [@14,24:25='..',<144>,2:23] (atom_prefix, strong_arith_term_2, strong_arith_term_1, weak_arith_term, comparison_term, equality_term, term60, conjunction_term, disjunction_term, implication_term, equivalence_term, elementary_update_term, parallel_term, term, argument_list, call, accessterm, primitive_term, primitive_labeled_term, bracket_term, atom_prefix, strong_arith_term_2, strong_arith_term_1, weak_arith_term, comparison_term, equality_term, term60, conjunction_term, disjunction_term, implication_term, equivalence_term, elementary_update_term, parallel_term, term, taclet, rulesOrAxioms, decls, file) 
390558     WARN  Test worker     d.u.i.k.n.KeYParser       [syntax-error] <unknown>:2:33: mismatched input ';' expecting {',', ')'} [@21,34:34=';',<138>,2:33] (argument_list, call, accessterm, primitive_term, primitive_labeled_term, bracket_term, atom_prefix, strong_arith_term_2, strong_arith_term_1, weak_arith_term, comparison_term, equality_term, term60, conjunction_term, disjunction_term, implication_term, equivalence_term, elementary_update_term, parallel_term, term, taclet, rulesOrAxioms, decls, file) 
390558     WARN  Test worker     d.u.i.k.n.KeYParser       [syntax-error] <unknown>:2:41: no viable alternative at input '#i;' [@26,42:42=';',<138>,2:41] (option_list, taclet, rulesOrAxioms, decls, file) 
390558     WARN  Test worker     d.u.i.k.n.KeYParser       [syntax-error] <unknown>:2:43: mismatched input '<' expecting {'(', '{'} [@28,44:44='<',<173>,2:43] (taclet, rulesOrAxioms, decls, file) 
390558     WARN  Test worker     d.u.i.k.n.KeYParser       [syntax-error] <unknown>:2:47: mismatched input '+' expecting {'(', '{'} [@32,48:48='+',<167>,2:47] (taclet, rulesOrAxioms, decls, file) 
390558     WARN  Test worker     d.u.i.k.n.KeYParser       [syntax-error] <unknown>:2:52: extraneous input '..' expecting {'\lemma', '}', IDENT, '/*!'} [@37,53:54='..',<144>,2:52] (rulesOrAxioms, decls, file) 
390558     WARN  Test worker     d.u.i.k.n.KeYParser       [syntax-error] <unknown>:2:56: mismatched input '>' expecting {<EOF>, '\problem', '\chooseContract', '\proofObligation', '\proof'} [@40,57:57='>',<168>,2:56] (file) 
390558     INFO  Test worker     d.u.i.k.n.KeyIO           Parsing took 0 ms 
390558     DEBUG Test worker     d.u.i.k.n.KeyIO           Load declarations of de.uka.ilkd.key.nparser.KeyAst$File:  <unknown>:1#1 
390558     INFO  Test worker     d.u.i.k.n.KeyIO           MODE: declarations took 0 ms 
390558     DEBUG Test worker     d.u.i.k.n.KeyIO           MODE: 2nd degree decls took 0 
390558     DEBUG Test worker     d.u.i.k.n.KeyIO           MODE: taclets took 0ms 
390558     WARN  Test worker     d.u.i.k.n.KeYParser       [syntax-error] <unknown>:2:21: extraneous input '<' expecting {MODALITY, FORALL, EXISTS, '\if', '\ifEx', 'true', 'false', '(', ')', '{', '@', NOT, '-', STRING_LITERAL, CHAR_LITERAL, BIN_LITERAL, HEX_LITERAL, IDENT, INT_LITERAL, FLOAT_LITERAL, DOUBLE_LITERAL, REAL_LITERAL} [@12,22:22='<',<173>,2:21] (argument_list, call, accessterm, primitive_term, primitive_labeled_term, bracket_term, atom_prefix, strong_arith_term_2, strong_arith_term_1, weak_arith_term, comparison_term, equality_term, term60, conjunction_term, disjunction_term, implication_term, equivalence_term, elementary_update_term, parallel_term, term, taclet, rulesOrAxioms, decls, file) 
390558     WARN  Test worker     d.u.i.k.n.KeYParser       [syntax-error] <unknown>:2:23: no viable alternative at input '{..' [@14,24:25='..',<144>,2:23] (atom_prefix, strong_arith_term_2, strong_arith_term_1, weak_arith_term, comparison_term, equality_term, term60, conjunction_term, disjunction_term, implication_term, equivalence_term, elementary_update_term, parallel_term, term, argument_list, call, accessterm, primitive_term, primitive_labeled_term, bracket_term, atom_prefix, strong_arith_term_2, strong_arith_term_1, weak_arith_term, comparison_term, equality_term, term60, conjunction_term, disjunction_term, implication_term, equivalence_term, elementary_update_term, parallel_term, term, taclet, rulesOrAxioms, decls, file) 
390558     WARN  Test worker     d.u.i.k.n.KeYParser       [syntax-error] <unknown>:2:33: mismatched input ';' expecting {',', ')'} [@21,34:34=';',<138>,2:33] (argument_list, call, accessterm, primitive_term, primitive_labeled_term, bracket_term, atom_prefix, strong_arith_term_2, strong_arith_term_1, weak_arith_term, comparison_term, equality_term, term60, conjunction_term, disjunction_term, implication_term, equivalence_term, elementary_update_term, parallel_term, term, taclet, rulesOrAxioms, decls, file) 
390558     WARN  Test worker     d.u.i.k.n.KeYParser       [syntax-error] <unknown>:2:43: no viable alternative at input '#lab;' [@26,44:44=';',<138>,2:43] (option_list, taclet, rulesOrAxioms, decls, file) 
390558     WARN  Test worker     d.u.i.k.n.KeYParser       [syntax-error] <unknown>:2:45: mismatched input '<' expecting {'(', '{'} [@28,46:46='<',<173>,2:45] (taclet, rulesOrAxioms, decls, file) 
390558     WARN  Test worker     d.u.i.k.n.KeYParser       [syntax-error] <unknown>:2:50: mismatched input '+' expecting {'(', '{'} [@32,51:51='+',<167>,2:50] (taclet, rulesOrAxioms, decls, file) 
390573     WARN  Test worker     d.u.i.k.n.KeYParser       [syntax-error] <unknown>:2:56: extraneous input '..' expecting {'\lemma', '}', IDENT, '/*!'} [@38,57:58='..',<144>,2:56] (rulesOrAxioms, decls, file) 
390573     WARN  Test worker     d.u.i.k.n.KeYParser       [syntax-error] <unknown>:2:60: mismatched input '>' expecting {<EOF>, '\problem', '\chooseContract', '\proofObligation', '\proof'} [@41,61:61='>',<168>,2:60] (file) 
390573     INFO  Test worker     d.u.i.k.n.KeyIO           Parsing took 0 ms 
390573     DEBUG Test worker     d.u.i.k.n.KeyIO           Load declarations of de.uka.ilkd.key.nparser.KeyAst$File:  <unknown>:1#1 
390573     INFO  Test worker     d.u.i.k.n.KeyIO           MODE: declarations took 0 ms 
390573     DEBUG Test worker     d.u.i.k.n.KeyIO           MODE: 2nd degree decls took 0 
390573     DEBUG Test worker     d.u.i.k.n.KeyIO           MODE: taclets took 0ms 
390573     INFO  Test worker     d.u.i.k.n.KeyIO           Parsing took 0 ms 
390573     DEBUG Test worker     d.u.i.k.n.KeyIO           Load declarations of de.uka.ilkd.key.nparser.KeyAst$File:  <unknown>:2#1 
390573     INFO  Test worker     d.u.i.k.n.KeyIO           MODE: declarations took 0 ms 
390573     DEBUG Test worker     d.u.i.k.n.KeyIO           MODE: 2nd degree decls took 0 
390573     DEBUG Test worker     d.u.i.k.n.KeyIO           MODE: taclets took 0ms 
390573     INFO  Test worker     d.u.i.k.n.KeyIO           Parsing took 0 ms 
390573     DEBUG Test worker     d.u.i.k.n.KeyIO           Load declarations of de.uka.ilkd.key.nparser.KeyAst$File:  <unknown>:1#1 
390573     INFO  Test worker     d.u.i.k.n.KeyIO           MODE: declarations took 0 ms 
390573     DEBUG Test worker     d.u.i.k.n.KeyIO           MODE: 2nd degree decls took 0 
390573     DEBUG Test worker     d.u.i.k.n.KeyIO           MODE: taclets took 0ms 
390589     INFO  Test worker     d.u.i.k.n.KeyIO           Parsing took 16 ms 
390589     DEBUG Test worker     d.u.i.k.n.KeyIO           Load declarations of de.uka.ilkd.key.nparser.KeyAst$File:  <unknown>:2#1 
390589     INFO  Test worker     d.u.i.k.n.KeyIO           MODE: declarations took 0 ms 
390589     DEBUG Test worker     d.u.i.k.n.KeyIO           MODE: 2nd degree decls took 0 
390589     DEBUG Test worker     d.u.i.k.n.KeyIO           MODE: taclets took 0ms 
390589     INFO  Test worker     d.u.i.k.n.KeyIO           Parsing took 0 ms 
390589     DEBUG Test worker     d.u.i.k.n.KeyIO           Load declarations of de.uka.ilkd.key.nparser.KeyAst$File:  <unknown>:1#1 
390589     INFO  Test worker     d.u.i.k.n.KeyIO           MODE: declarations took 0 ms 
390589     DEBUG Test worker     d.u.i.k.n.KeyIO           MODE: 2nd degree decls took 0 
390589     DEBUG Test worker     d.u.i.k.n.KeyIO           MODE: taclets took 0ms 
390589     INFO  Test worker     d.u.i.k.n.KeyIO           Parsing took 0 ms 
390589     DEBUG Test worker     d.u.i.k.n.KeyIO           Load declarations of de.uka.ilkd.key.nparser.KeyAst$File:  <unknown>:2#1 
390589     INFO  Test worker     d.u.i.k.n.KeyIO           MODE: declarations took 0 ms 
390589     DEBUG Test worker     d.u.i.k.n.KeyIO           MODE: 2nd degree decls took 0 
390589     DEBUG Test worker     d.u.i.k.n.KeyIO           MODE: taclets took 0ms 
390589     INFO  Test worker     d.u.i.k.n.KeyIO           Parsing took 0 ms 
390589     DEBUG Test worker     d.u.i.k.n.KeyIO           Load declarations of de.uka.ilkd.key.nparser.KeyAst$File:  <unknown>:1#1 
390589     INFO  Test worker     d.u.i.k.n.KeyIO           MODE: declarations took 0 ms 
390589     DEBUG Test worker     d.u.i.k.n.KeyIO           MODE: 2nd degree decls took 0 
390589     DEBUG Test worker     d.u.i.k.n.KeyIO           MODE: taclets took 0ms 
390589     INFO  Test worker     d.u.i.k.n.KeyIO           Parsing took 0 ms 
390589     DEBUG Test worker     d.u.i.k.n.KeyIO           Load declarations of de.uka.ilkd.key.nparser.KeyAst$File:  <unknown>:2#1 
390589     INFO  Test worker     d.u.i.k.n.KeyIO           MODE: declarations took 0 ms 
390589     DEBUG Test worker     d.u.i.k.n.KeyIO           MODE: 2nd degree decls took 0 
390589     DEBUG Test worker     d.u.i.k.n.KeyIO           MODE: taclets took 0ms 
390589     INFO  Test worker     d.u.i.k.n.KeyIO           Parsing took 0 ms 
390589     DEBUG Test worker     d.u.i.k.n.KeyIO           Load declarations of de.uka.ilkd.key.nparser.KeyAst$File:  <unknown>:1#1 
390589     INFO  Test worker     d.u.i.k.n.KeyIO           MODE: declarations took 0 ms 
390589     DEBUG Test worker     d.u.i.k.n.KeyIO           MODE: 2nd degree decls took 0 
390589     DEBUG Test worker     d.u.i.k.n.KeyIO           MODE: taclets took 0ms 
390605     INFO  Test worker     d.u.i.k.n.KeyIO           Parsing took 0 ms 
390605     DEBUG Test worker     d.u.i.k.n.KeyIO           Load declarations of de.uka.ilkd.key.nparser.KeyAst$File:  <unknown>:2#1 
390605     INFO  Test worker     d.u.i.k.n.KeyIO           MODE: declarations took 0 ms 
390605     DEBUG Test worker     d.u.i.k.n.KeyIO           MODE: 2nd degree decls took 0 
390605     DEBUG Test worker     d.u.i.k.n.KeyIO           MODE: taclets took 0ms 
390605     INFO  Test worker     d.u.i.k.n.KeyIO           Parsing took 0 ms 
390605     DEBUG Test worker     d.u.i.k.n.KeyIO           Load declarations of de.uka.ilkd.key.nparser.KeyAst$File:  <unknown>:1#1 
390605     INFO  Test worker     d.u.i.k.n.KeyIO           MODE: declarations took 0 ms 
390605     DEBUG Test worker     d.u.i.k.n.KeyIO           MODE: 2nd degree decls took 0 
390605     DEBUG Test worker     d.u.i.k.n.KeyIO           MODE: taclets took 0ms 
390605     INFO  Test worker     d.u.i.k.n.KeyIO           Parsing took 0 ms 
390605     DEBUG Test worker     d.u.i.k.n.KeyIO           Load declarations of de.uka.ilkd.key.nparser.KeyAst$File:  <unknown>:2#1 
390605     INFO  Test worker     d.u.i.k.n.KeyIO           MODE: declarations took 0 ms 
390605     DEBUG Test worker     d.u.i.k.n.KeyIO           MODE: 2nd degree decls took 0 
390605     DEBUG Test worker     d.u.i.k.n.KeyIO           MODE: taclets took 0ms 
390605     INFO  Test worker     d.u.i.k.n.KeyIO           Parsing took 0 ms 
390605     DEBUG Test worker     d.u.i.k.n.KeyIO           Load declarations of de.uka.ilkd.key.nparser.KeyAst$File:  <unknown>:1#1 
390605     INFO  Test worker     d.u.i.k.n.KeyIO           MODE: declarations took 0 ms 
390605     DEBUG Test worker     d.u.i.k.n.KeyIO           MODE: 2nd degree decls took 0 
390605     DEBUG Test worker     d.u.i.k.n.KeyIO           MODE: taclets took 0ms 
390605     INFO  Test worker     d.u.i.k.n.KeyIO           Parsing took 0 ms 
390605     DEBUG Test worker     d.u.i.k.n.KeyIO           Load declarations of de.uka.ilkd.key.nparser.KeyAst$File:  <unknown>:2#1 
390605     INFO  Test worker     d.u.i.k.n.KeyIO           MODE: declarations took 0 ms 
390605     DEBUG Test worker     d.u.i.k.n.KeyIO           MODE: 2nd degree decls took 0 
390605     DEBUG Test worker     d.u.i.k.n.KeyIO           MODE: taclets took 0ms 
390605     INFO  Test worker     d.u.i.k.n.KeyIO           Parsing took 0 ms 
390605     DEBUG Test worker     d.u.i.k.n.KeyIO           Load declarations of de.uka.ilkd.key.nparser.KeyAst$File:  <unknown>:1#1 
390605     INFO  Test worker     d.u.i.k.n.KeyIO           MODE: declarations took 0 ms 
390605     DEBUG Test worker     d.u.i.k.n.KeyIO           MODE: 2nd degree decls took 0 
390605     DEBUG Test worker     d.u.i.k.n.KeyIO           MODE: taclets took 0ms 
390605     INFO  Test worker     d.u.i.k.n.KeyIO           Parsing took 0 ms 
390605     DEBUG Test worker     d.u.i.k.n.KeyIO           Load declarations of de.uka.ilkd.key.nparser.KeyAst$File:  <unknown>:2#1 
390605     INFO  Test worker     d.u.i.k.n.KeyIO           MODE: declarations took 0 ms 
390605     DEBUG Test worker     d.u.i.k.n.KeyIO           MODE: 2nd degree decls took 0 
390605     DEBUG Test worker     d.u.i.k.n.KeyIO           MODE: taclets took 0ms 
390605     INFO  Test worker     d.u.i.k.n.KeyIO           Parsing took 0 ms 
390605     DEBUG Test worker     d.u.i.k.n.KeyIO           Load declarations of de.uka.ilkd.key.nparser.KeyAst$File:  <unknown>:1#1 
390605     INFO  Test worker     d.u.i.k.n.KeyIO           MODE: declarations took 0 ms 
390605     DEBUG Test worker     d.u.i.k.n.KeyIO           MODE: 2nd degree decls took 0 
390605     DEBUG Test worker     d.u.i.k.n.KeyIO           MODE: taclets took 0ms 
390620     INFO  Test worker     d.u.i.k.n.KeyIO           Parsing took 0 ms 
390620     DEBUG Test worker     d.u.i.k.n.KeyIO           Load declarations of de.uka.ilkd.key.nparser.KeyAst$File:  <unknown>:2#1 
390620     INFO  Test worker     d.u.i.k.n.KeyIO           MODE: declarations took 0 ms 
390620     DEBUG Test worker     d.u.i.k.n.KeyIO           MODE: 2nd degree decls took 0 
390620     DEBUG Test worker     d.u.i.k.n.KeyIO           MODE: taclets took 0ms 
390620     INFO  Test worker     d.u.i.k.n.KeyIO           Parsing took 0 ms 
390620     DEBUG Test worker     d.u.i.k.n.KeyIO           Load declarations of de.uka.ilkd.key.nparser.KeyAst$File:  <unknown>:1#1 
390620     INFO  Test worker     d.u.i.k.n.KeyIO           MODE: declarations took 0 ms 
390620     DEBUG Test worker     d.u.i.k.n.KeyIO           MODE: 2nd degree decls took 0 
390620     DEBUG Test worker     d.u.i.k.n.KeyIO           MODE: taclets took 0ms 
390620     INFO  Test worker     d.u.i.k.n.KeyIO           Parsing took 0 ms 
390620     DEBUG Test worker     d.u.i.k.n.KeyIO           Load declarations of de.uka.ilkd.key.nparser.KeyAst$File:  <unknown>:2#1 
390620     INFO  Test worker     d.u.i.k.n.KeyIO           MODE: declarations took 0 ms 
390620     DEBUG Test worker     d.u.i.k.n.KeyIO           MODE: 2nd degree decls took 0 
390636     DEBUG Test worker     d.u.i.k.n.KeyIO           MODE: taclets took 0ms 
390636     INFO  Test worker     d.u.i.k.n.KeyIO           Parsing took 0 ms 
390636     DEBUG Test worker     d.u.i.k.n.KeyIO           Load declarations of de.uka.ilkd.key.nparser.KeyAst$File:  <unknown>:1#1 
390636     INFO  Test worker     d.u.i.k.n.KeyIO           MODE: declarations took 0 ms 
390636     DEBUG Test worker     d.u.i.k.n.KeyIO           MODE: 2nd degree decls took 0 
390636     DEBUG Test worker     d.u.i.k.n.KeyIO           MODE: taclets took 0ms 
390636     INFO  Test worker     d.u.i.k.n.KeyIO           Parsing took 0 ms 
390636     DEBUG Test worker     d.u.i.k.n.KeyIO           Load declarations of de.uka.ilkd.key.nparser.KeyAst$File:  <unknown>:2#1 
390636     INFO  Test worker     d.u.i.k.n.KeyIO           MODE: declarations took 0 ms 
390636     DEBUG Test worker     d.u.i.k.n.KeyIO           MODE: 2nd degree decls took 0 
390636     DEBUG Test worker     d.u.i.k.n.KeyIO           MODE: taclets took 0ms 
390636     INFO  Test worker     d.u.i.k.n.KeyIO           Parsing took 0 ms 
390636     DEBUG Test worker     d.u.i.k.n.KeyIO           Load declarations of de.uka.ilkd.key.nparser.KeyAst$File:  <unknown>:1#1 
390636     INFO  Test worker     d.u.i.k.n.KeyIO           MODE: declarations took 0 ms 
390636     DEBUG Test worker     d.u.i.k.n.KeyIO           MODE: 2nd degree decls took 0 
390636     DEBUG Test worker     d.u.i.k.n.KeyIO           MODE: taclets took 0ms 
390636     INFO  Test worker     d.u.i.k.n.KeyIO           Parsing took 0 ms 
390636     DEBUG Test worker     d.u.i.k.n.KeyIO           Load declarations of de.uka.ilkd.key.nparser.KeyAst$File:  <unknown>:2#1 
390636     INFO  Test worker     d.u.i.k.n.KeyIO           MODE: declarations took 0 ms 
390636     DEBUG Test worker     d.u.i.k.n.KeyIO           MODE: 2nd degree decls took 0 
390636     DEBUG Test worker     d.u.i.k.n.KeyIO           MODE: taclets took 0ms 
390636     INFO  Test worker     d.u.i.k.n.KeyIO           Parsing took 0 ms 
390636     DEBUG Test worker     d.u.i.k.n.KeyIO           Load declarations of de.uka.ilkd.key.nparser.KeyAst$File:  <unknown>:2#1 
390636     INFO  Test worker     d.u.i.k.n.KeyIO           MODE: declarations took 0 ms 
390636     DEBUG Test worker     d.u.i.k.n.KeyIO           MODE: 2nd degree decls took 0 
390636     DEBUG Test worker     d.u.i.k.n.KeyIO           MODE: taclets took 0ms 
390636     INFO  Test worker     d.u.i.k.n.KeyIO           Parsing took 0 ms 
390636     DEBUG Test worker     d.u.i.k.n.KeyIO           Load declarations of de.uka.ilkd.key.nparser.KeyAst$File:  <unknown>:1#1 
390636     INFO  Test worker     d.u.i.k.n.KeyIO           MODE: declarations took 0 ms 
390636     DEBUG Test worker     d.u.i.k.n.KeyIO           MODE: 2nd degree decls took 0 
390636     DEBUG Test worker     d.u.i.k.n.KeyIO           MODE: taclets took 0ms 
390636     INFO  Test worker     d.u.i.k.n.KeyIO           Parsing took 0 ms 
390636     DEBUG Test worker     d.u.i.k.n.KeyIO           Load declarations of de.uka.ilkd.key.nparser.KeyAst$File:  <unknown>:2#1 
390636     INFO  Test worker     d.u.i.k.n.KeyIO           MODE: declarations took 0 ms 
390636     DEBUG Test worker     d.u.i.k.n.KeyIO           MODE: 2nd degree decls took 0 
390636     INFO  Test worker     d.u.i.k.n.KeyIO           Parsing took 0 ms 
390636     DEBUG Test worker     d.u.i.k.n.KeyIO           Load declarations of de.uka.ilkd.key.nparser.KeyAst$File:  <unknown>:1#1 
390636     INFO  Test worker     d.u.i.k.n.KeyIO           MODE: declarations took 0 ms 
390636     DEBUG Test worker     d.u.i.k.n.KeyIO           MODE: 2nd degree decls took 0 
390636     DEBUG Test worker     d.u.i.k.n.KeyIO           MODE: taclets took 0ms 
390636     INFO  Test worker     d.u.i.k.n.KeyIO           Parsing took 0 ms 
390636     DEBUG Test worker     d.u.i.k.n.KeyIO           Load declarations of de.uka.ilkd.key.nparser.KeyAst$File:  <unknown>:2#1 
390636     INFO  Test worker     d.u.i.k.n.KeyIO           MODE: declarations took 0 ms 
390636     DEBUG Test worker     d.u.i.k.n.KeyIO           MODE: 2nd degree decls took 0 
390636     DEBUG Test worker     d.u.i.k.n.KeyIO           MODE: taclets took 0ms 
390636     INFO  Test worker     d.u.i.k.n.KeyIO           Parsing took 0 ms 
390636     DEBUG Test worker     d.u.i.k.n.KeyIO           Load declarations of de.uka.ilkd.key.nparser.KeyAst$File:  <unknown>:1#1 
390636     INFO  Test worker     d.u.i.k.n.KeyIO           MODE: declarations took 0 ms 
390636     DEBUG Test worker     d.u.i.k.n.KeyIO           MODE: 2nd degree decls took 0 
390636     DEBUG Test worker     d.u.i.k.n.KeyIO           MODE: taclets took 0ms 
390636     INFO  Test worker     d.u.i.k.n.KeyIO           Parsing took 0 ms 
390636     DEBUG Test worker     d.u.i.k.n.KeyIO           Load declarations of de.uka.ilkd.key.nparser.KeyAst$File:  <unknown>:2#1 
390636     INFO  Test worker     d.u.i.k.n.KeyIO           MODE: declarations took 0 ms 
390636     DEBUG Test worker     d.u.i.k.n.KeyIO           MODE: 2nd degree decls took 0 
390636     DEBUG Test worker     d.u.i.k.n.KeyIO           MODE: taclets took 0ms 
390636     INFO  Test worker     d.u.i.k.n.KeyIO           Parsing took 0 ms 
390636     DEBUG Test worker     d.u.i.k.n.KeyIO           Load declarations of de.uka.ilkd.key.nparser.KeyAst$File:  <unknown>:1#1 
390636     INFO  Test worker     d.u.i.k.n.KeyIO           MODE: declarations took 0 ms 
390636     DEBUG Test worker     d.u.i.k.n.KeyIO           MODE: 2nd degree decls took 0 
390651     DEBUG Test worker     d.u.i.k.n.KeyIO           MODE: taclets took 15ms 
390651     INFO  Test worker     d.u.i.k.n.KeyIO           Parsing took 0 ms 
390651     DEBUG Test worker     d.u.i.k.n.KeyIO           Load declarations of de.uka.ilkd.key.nparser.KeyAst$File:  <unknown>:2#1 
390651     INFO  Test worker     d.u.i.k.n.KeyIO           MODE: declarations took 0 ms 
390651     DEBUG Test worker     d.u.i.k.n.KeyIO           MODE: 2nd degree decls took 0 
390651     DEBUG Test worker     d.u.i.k.n.KeyIO           MODE: taclets took 0ms 
]]></system-out>
  <system-err><![CDATA[]]></system-err>
</testsuite>
