<?xml version="1.0" encoding="UTF-8"?>
<testsuite name="de.uka.ilkd.key.rule.merge.PredicateAbstractionLatticeTests" tests="3" skipped="0" failures="0" errors="0" timestamp="2023-04-20T13:51:08" hostname="fv-az479-470" time="7.488">
  <properties/>
  <testcase name="testToAndFromString()" classname="de.uka.ilkd.key.rule.merge.PredicateAbstractionLatticeTests" time="3.686"/>
  <testcase name="testCreateSignLatticeWithPredicates()" classname="de.uka.ilkd.key.rule.merge.PredicateAbstractionLatticeTests" time="3.801"/>
  <testcase name="testTrivialPredicatesLattice()" classname="de.uka.ilkd.key.rule.merge.PredicateAbstractionLatticeTests" time="0.001"/>
  <system-out><![CDATA[623635     INFO  Test worker     d.u.i.k.p.i.AbstractProblemLoader Loading environment from src\test\resources\testcase\merge\dummy.key 
623635     DEBUG Test worker     d.u.i.k.p.i.AbstractProblemLoader Environment load took 490.5ns 
623651     INFO  Test worker     d.u.i.k.p.i.AbstractProblemLoader Creating init config 
627280     DEBUG Test worker     d.u.i.k.p.i.AbstractProblemLoader Init config took 3.64s 
627311     INFO  Test worker     d.u.i.k.p.i.AbstractProblemLoader Replaying proof dummy.key 
627311     DEBUG Test worker     d.u.i.k.p.i.IntermediateProofReplayer Proof replay took 10.1ns 
627326     INFO  Test worker     d.u.i.k.p.i.AbstractProblemLoader Loading environment from src\test\resources\testcase\merge\dummy.key 
627326     DEBUG Test worker     d.u.i.k.p.i.AbstractProblemLoader Environment load took 194.3ns 
627326     INFO  Test worker     d.u.i.k.p.i.AbstractProblemLoader Creating init config 
631095     DEBUG Test worker     d.u.i.k.p.i.AbstractProblemLoader Init config took 3.77s 
631111     INFO  Test worker     d.u.i.k.p.i.AbstractProblemLoader Replaying proof dummy.key 
631127     DEBUG Test worker     d.u.i.k.p.i.IntermediateProofReplayer Proof replay took 12.7ns 
]]></system-out>
  <system-err><![CDATA[]]></system-err>
</testsuite>
