<?xml version="1.0" encoding="UTF-8"?>
<testsuite name="de.uka.ilkd.key.parser.TestDeclParser" tests="14" skipped="2" failures="0" errors="0" timestamp="2023-05-27T00:41:50" hostname="fv-az617-508" time="14.305">
  <properties/>
  <testcase name="testGenericSortDecl1()" classname="de.uka.ilkd.key.parser.TestDeclParser" time="1.336"/>
  <testcase name="testGenericSortDecl2()" classname="de.uka.ilkd.key.parser.TestDeclParser" time="1.198"/>
  <testcase name="testGenericSortDecl3()" classname="de.uka.ilkd.key.parser.TestDeclParser" time="1.128"/>
  <testcase name="testGenericSortDecl4()" classname="de.uka.ilkd.key.parser.TestDeclParser" time="1.206"/>
  <testcase name="testGenericSortDecl5()" classname="de.uka.ilkd.key.parser.TestDeclParser" time="0.0">
    <skipped/>
  </testcase>
  <testcase name="testGenericSortDecl6()" classname="de.uka.ilkd.key.parser.TestDeclParser" time="1.209"/>
  <testcase name="testSortDecl()" classname="de.uka.ilkd.key.parser.TestDeclParser" time="1.163"/>
  <testcase name="testProxySortDecl()" classname="de.uka.ilkd.key.parser.TestDeclParser" time="1.197"/>
  <testcase name="testArrayDecl()" classname="de.uka.ilkd.key.parser.TestDeclParser" time="1.114"/>
  <testcase name="testAmbiguousDecls()" classname="de.uka.ilkd.key.parser.TestDeclParser" time="0.0">
    <skipped/>
  </testcase>
  <testcase name="testHeurDecl()" classname="de.uka.ilkd.key.parser.TestDeclParser" time="1.199"/>
  <testcase name="testFunctionDecl()" classname="de.uka.ilkd.key.parser.TestDeclParser" time="1.181"/>
  <testcase name="testPredicateDecl()" classname="de.uka.ilkd.key.parser.TestDeclParser" time="1.183"/>
  <testcase name="testSVDecl()" classname="de.uka.ilkd.key.parser.TestDeclParser" time="1.188"/>
  <system-out><![CDATA[259396     INFO  Test worker     d.u.i.k.n.KeyIO           Parsing took 0 ms 
259396     DEBUG Test worker     d.u.i.k.n.KeyIO           Load declarations of de.uka.ilkd.key.nparser.KeyAst$File:  <unknown>:1#1 
259397     INFO  Test worker     d.u.i.k.n.KeyIO           MODE: declarations took 1 ms 
259397     DEBUG Test worker     d.u.i.k.n.KeyIO           MODE: 2nd degree decls took 0 
259397     DEBUG Test worker     d.u.i.k.n.KeyIO           MODE: taclets took 0ms 
260594     INFO  Test worker     d.u.i.k.n.KeyIO           Parsing took 0 ms 
260594     DEBUG Test worker     d.u.i.k.n.KeyIO           Load declarations of de.uka.ilkd.key.nparser.KeyAst$File:  <unknown>:1#1 
260595     INFO  Test worker     d.u.i.k.n.KeyIO           MODE: declarations took 1 ms 
260595     DEBUG Test worker     d.u.i.k.n.KeyIO           MODE: 2nd degree decls took 0 
260595     DEBUG Test worker     d.u.i.k.n.KeyIO           MODE: taclets took 0ms 
261723     INFO  Test worker     d.u.i.k.n.KeyIO           Parsing took 0 ms 
261723     DEBUG Test worker     d.u.i.k.n.KeyIO           Load declarations of de.uka.ilkd.key.nparser.KeyAst$File:  <unknown>:1#1 
261723     INFO  Test worker     d.u.i.k.n.KeyIO           MODE: declarations took 0 ms 
261723     DEBUG Test worker     d.u.i.k.n.KeyIO           MODE: 2nd degree decls took 0 
261724     DEBUG Test worker     d.u.i.k.n.KeyIO           MODE: taclets took 0ms 
262929     INFO  Test worker     d.u.i.k.n.KeyIO           Parsing took 0 ms 
262929     DEBUG Test worker     d.u.i.k.n.KeyIO           Load declarations of de.uka.ilkd.key.nparser.KeyAst$File:  <unknown>:1#1 
262930     INFO  Test worker     d.u.i.k.n.KeyIO           MODE: declarations took 1 ms 
262930     DEBUG Test worker     d.u.i.k.n.KeyIO           MODE: 2nd degree decls took 0 
262930     DEBUG Test worker     d.u.i.k.n.KeyIO           MODE: taclets took 0ms 
264139     INFO  Test worker     d.u.i.k.n.KeyIO           Parsing took 0 ms 
264139     DEBUG Test worker     d.u.i.k.n.KeyIO           Load declarations of de.uka.ilkd.key.nparser.KeyAst$File:  <unknown>:1#1 
264139     INFO  Test worker     d.u.i.k.n.KeyIO           MODE: declarations took 0 ms 
264139     DEBUG Test worker     d.u.i.k.n.KeyIO           MODE: 2nd degree decls took 0 
264139     DEBUG Test worker     d.u.i.k.n.KeyIO           MODE: taclets took 0ms 
265303     INFO  Test worker     d.u.i.k.n.KeyIO           Parsing took 0 ms 
265303     DEBUG Test worker     d.u.i.k.n.KeyIO           Load declarations of de.uka.ilkd.key.nparser.KeyAst$File:  <unknown>:1#1 
265303     INFO  Test worker     d.u.i.k.n.KeyIO           MODE: declarations took 0 ms 
265303     DEBUG Test worker     d.u.i.k.n.KeyIO           MODE: 2nd degree decls took 0 
265303     DEBUG Test worker     d.u.i.k.n.KeyIO           MODE: taclets took 0ms 
266500     INFO  Test worker     d.u.i.k.n.KeyIO           Parsing took 1 ms 
266500     DEBUG Test worker     d.u.i.k.n.KeyIO           Load declarations of de.uka.ilkd.key.nparser.KeyAst$File:  <unknown>:1#1 
266500     INFO  Test worker     d.u.i.k.n.KeyIO           MODE: declarations took 0 ms 
266500     DEBUG Test worker     d.u.i.k.n.KeyIO           MODE: 2nd degree decls took 0 
266500     DEBUG Test worker     d.u.i.k.n.KeyIO           MODE: taclets took 0ms 
267613     INFO  Test worker     d.u.i.k.n.KeyIO           Parsing took 0 ms 
267613     DEBUG Test worker     d.u.i.k.n.KeyIO           Load declarations of de.uka.ilkd.key.nparser.KeyAst$File:  <unknown>:1#1 
267613     INFO  Test worker     d.u.i.k.n.KeyIO           MODE: declarations took 0 ms 
267614     DEBUG Test worker     d.u.i.k.n.KeyIO           MODE: 2nd degree decls took 1 
267614     DEBUG Test worker     d.u.i.k.n.KeyIO           MODE: taclets took 0ms 
268811     INFO  Test worker     d.u.i.k.n.KeyIO           Parsing took 0 ms 
268812     DEBUG Test worker     d.u.i.k.n.KeyIO           Load declarations of de.uka.ilkd.key.nparser.KeyAst$File:  <unknown>:1#1 
268812     INFO  Test worker     d.u.i.k.n.KeyIO           MODE: declarations took 0 ms 
268813     DEBUG Test worker     d.u.i.k.n.KeyIO           MODE: 2nd degree decls took 0 
268813     DEBUG Test worker     d.u.i.k.n.KeyIO           MODE: taclets took 0ms 
269994     INFO  Test worker     d.u.i.k.n.KeyIO           Parsing took 0 ms 
269994     DEBUG Test worker     d.u.i.k.n.KeyIO           Load declarations of de.uka.ilkd.key.nparser.KeyAst$File:  <unknown>:1#1 
269994     INFO  Test worker     d.u.i.k.n.KeyIO           MODE: declarations took 0 ms 
269995     DEBUG Test worker     d.u.i.k.n.KeyIO           MODE: 2nd degree decls took 1 
269995     DEBUG Test worker     d.u.i.k.n.KeyIO           MODE: taclets took 0ms 
271178     INFO  Test worker     d.u.i.k.n.KeyIO           Parsing took 0 ms 
271178     DEBUG Test worker     d.u.i.k.n.KeyIO           Load declarations of de.uka.ilkd.key.nparser.KeyAst$File:  <unknown>:1#1 
271178     INFO  Test worker     d.u.i.k.n.KeyIO           MODE: declarations took 0 ms 
271178     DEBUG Test worker     d.u.i.k.n.KeyIO           MODE: 2nd degree decls took 0 
271178     DEBUG Test worker     d.u.i.k.n.KeyIO           MODE: taclets took 0ms 
272366     INFO  Test worker     d.u.i.k.n.KeyIO           Parsing took 0 ms 
272366     DEBUG Test worker     d.u.i.k.n.KeyIO           Load declarations of de.uka.ilkd.key.nparser.KeyAst$File:  <unknown>:1#1 
272366     INFO  Test worker     d.u.i.k.n.KeyIO           MODE: declarations took 0 ms 
272366     DEBUG Test worker     d.u.i.k.n.KeyIO           MODE: 2nd degree decls took 0 
272367     DEBUG Test worker     d.u.i.k.n.KeyIO           MODE: taclets took 0ms 
]]></system-out>
  <system-err><![CDATA[]]></system-err>
</testsuite>
