<?xml version="1.0" encoding="UTF-8"?>
<testsuite name="de.uka.ilkd.key.rule.TestSchemaModalOperators" tests="4" skipped="0" failures="0" errors="0" timestamp="2023-05-27T00:46:46" hostname="fv-az617-508" time="1.463">
  <properties/>
  <testcase name="testSchemaModalities1()" classname="de.uka.ilkd.key.rule.TestSchemaModalOperators" time="1.388"/>
  <testcase name="testSchemaModalities2()" classname="de.uka.ilkd.key.rule.TestSchemaModalOperators" time="0.033"/>
  <testcase name="testSchemaModalities3()" classname="de.uka.ilkd.key.rule.TestSchemaModalOperators" time="0.016"/>
  <testcase name="testSchemaModalities4()" classname="de.uka.ilkd.key.rule.TestSchemaModalOperators" time="0.019"/>
  <system-out><![CDATA[555732     INFO  Test worker     d.u.i.k.n.KeyIO           Parsing took 3 ms 
555733     DEBUG Test worker     d.u.i.k.n.KeyIO           Load declarations of de.uka.ilkd.key.nparser.KeyAst$File:  /home/runner/work/key/key/key.core/src/test/resources/testcase/testrules.key:9#1 
555734     INFO  Test worker     d.u.i.k.n.KeyIO           MODE: declarations took 1 ms 
555734     DEBUG Test worker     d.u.i.k.n.KeyIO           MODE: 2nd degree decls took 0 
555859     DEBUG Test worker     d.u.i.k.n.KeyIO           MODE: taclets took 114ms 
]]></system-out>
  <system-err><![CDATA[]]></system-err>
</testsuite>
