<?xml version="1.0" encoding="UTF-8"?>
<testsuite name="de.uka.ilkd.key.rule.merge.PredicateAbstractionLatticeTests" tests="3" skipped="0" failures="0" errors="0" timestamp="2023-05-27T00:48:38" hostname="fv-az617-508" time="7.204">
  <properties/>
  <testcase name="testToAndFromString()" classname="de.uka.ilkd.key.rule.merge.PredicateAbstractionLatticeTests" time="3.595"/>
  <testcase name="testCreateSignLatticeWithPredicates()" classname="de.uka.ilkd.key.rule.merge.PredicateAbstractionLatticeTests" time="3.608"/>
  <testcase name="testTrivialPredicatesLattice()" classname="de.uka.ilkd.key.rule.merge.PredicateAbstractionLatticeTests" time="0.001"/>
  <system-out><![CDATA[666487     INFO  Test worker     d.u.i.k.p.i.AbstractProblemLoader Loading environment from src/test/resources/testcase/merge/dummy.key 
666487     DEBUG Test worker     d.u.i.k.p.i.AbstractProblemLoader Environment load took 310ns 
666488     INFO  Test worker     d.u.i.k.p.i.AbstractProblemLoader Creating init config 
670062     DEBUG Test worker     d.u.i.k.p.i.AbstractProblemLoader Init config took 3.57s 
670079     INFO  Test worker     d.u.i.k.p.i.AbstractProblemLoader Replaying proof dummy.key 
670080     DEBUG Test worker     d.u.i.k.p.i.IntermediateProofReplayer Proof replay took 8.3ns 
670081     INFO  Test worker     d.u.i.k.p.i.AbstractProblemLoader Loading environment from src/test/resources/testcase/merge/dummy.key 
670082     DEBUG Test worker     d.u.i.k.p.i.AbstractProblemLoader Environment load took 65.9ns 
670082     INFO  Test worker     d.u.i.k.p.i.AbstractProblemLoader Creating init config 
673655     DEBUG Test worker     d.u.i.k.p.i.AbstractProblemLoader Init config took 3.57s 
673676     INFO  Test worker     d.u.i.k.p.i.AbstractProblemLoader Replaying proof dummy.key 
673686     DEBUG Test worker     d.u.i.k.p.i.IntermediateProofReplayer Proof replay took 7.7ns 
]]></system-out>
  <system-err><![CDATA[]]></system-err>
</testsuite>
