<?xml version="1.0" encoding="UTF-8"?>
<testsuite name="de.uka.ilkd.key.rule.loop.LoopScopeInvRuleTests" tests="1" skipped="0" failures="0" errors="0" timestamp="2023-05-27T00:46:47" hostname="fv-az617-508" time="6.435">
  <properties/>
  <testcase name="testDoAutomaticProofOfBenchmarkWithLabeledBreaksAndContinues()" classname="de.uka.ilkd.key.rule.loop.LoopScopeInvRuleTests" time="6.435"/>
  <system-out><![CDATA[555982     INFO  Test worker     d.u.i.k.p.i.AbstractProblemLoader Loading environment from src/test/resources/testcase/loopScopeInvRule/Test.key 
555982     DEBUG Test worker     d.u.i.k.p.i.AbstractProblemLoader Environment load took 101.1ns 
555989     INFO  Test worker     d.u.i.k.p.i.AbstractProblemLoader Creating init config 
556326     DEBUG Test worker     d.u.i.k.j.TypeConverter   No LDT found for Meta 
556330     DEBUG Test worker     d.u.i.k.j.TypeConverter   No LDT found for Meta 
556330     DEBUG Test worker     d.u.i.k.j.TypeConverter   No LDT found for Meta 
556330     DEBUG Test worker     d.u.i.k.j.TypeConverter   No LDT found for Meta 
557334     DEBUG Test worker     d.u.i.k.j.TypeConverter   No LDT found for JavaBigintExpression 
561660     DEBUG Test worker     d.u.i.k.p.i.AbstractProblemLoader Init config took 5.67s 
561710     INFO  Test worker     d.u.i.k.p.i.AbstractProblemLoader Replaying proof Test[Test::loopScopeRuleBenchmark(int,boolean)].JML normal_behavior operation contract.0 
561712     DEBUG Test worker     d.u.i.k.p.i.IntermediateProofReplayer Proof replay took 12.3ns 
]]></system-out>
  <system-err><![CDATA[]]></system-err>
</testsuite>
