<?xml version="1.0" encoding="UTF-8"?>
<testsuite name="de.uka.ilkd.key.java.TestContextStatementBlock" tests="1" skipped="0" failures="0" errors="0" timestamp="2023-05-27T00:37:57" hostname="fv-az617-508" time="1.476">
  <properties/>
  <testcase name="testContextTermInstantiation()" classname="de.uka.ilkd.key.java.TestContextStatementBlock" time="1.476"/>
  <system-out><![CDATA[27110      INFO  Test worker     d.u.i.k.n.KeyIO           Parsing took 7 ms 
27110      DEBUG Test worker     d.u.i.k.n.KeyIO           Load declarations of de.uka.ilkd.key.nparser.KeyAst$File:  /home/runner/work/key/key/key.core/src/test/resources/testcase/testrules.key:9#1 
27122      INFO  Test worker     d.u.i.k.n.KeyIO           MODE: declarations took 12 ms 
27130      DEBUG Test worker     d.u.i.k.n.KeyIO           MODE: 2nd degree decls took 1 
27256      DEBUG Test worker     d.u.i.k.n.KeyIO           MODE: taclets took 125ms 
]]></system-out>
  <system-err><![CDATA[]]></system-err>
</testsuite>
