<?xml version="1.0" encoding="UTF-8"?>
<testsuite name="de.uka.ilkd.key.logic.TestClashFreeSubst" tests="14" skipped="2" failures="0" errors="0" timestamp="2023-05-27T00:38:14" hostname="fv-az617-508" time="60.465">
  <properties/>
  <testcase name="testMultiShareBound()" classname="de.uka.ilkd.key.logic.TestClashFreeSubst" time="1.091"/>
  <testcase name="testClash()" classname="de.uka.ilkd.key.logic.TestClashFreeSubst" time="1.104"/>
  <testcase name="testShare()" classname="de.uka.ilkd.key.logic.TestClashFreeSubst" time="1.153"/>
  <testcase name="testSubst()" classname="de.uka.ilkd.key.logic.TestClashFreeSubst" time="1.135"/>
  <testcase name="testWary0()" classname="de.uka.ilkd.key.logic.TestClashFreeSubst" time="1.222"/>
  <testcase name="testWary1()" classname="de.uka.ilkd.key.logic.TestClashFreeSubst" time="1.093"/>
  <testcase name="testWary2()" classname="de.uka.ilkd.key.logic.TestClashFreeSubst" time="1.133"/>
  <testcase name="testClashInSubstTerm()" classname="de.uka.ilkd.key.logic.TestClashFreeSubst" time="1.121"/>
  <testcase name="testShareWary()" classname="de.uka.ilkd.key.logic.TestClashFreeSubst" time="1.132"/>
  <testcase name="testMultiSubst()" classname="de.uka.ilkd.key.logic.TestClashFreeSubst" time="1.092"/>
  <testcase name="xtestMultiClash()" classname="de.uka.ilkd.key.logic.TestClashFreeSubst" time="0.0">
    <skipped/>
  </testcase>
  <testcase name="testSubstInSubstTerm()" classname="de.uka.ilkd.key.logic.TestClashFreeSubst" time="1.086"/>
  <testcase name="testSubstWary()" classname="de.uka.ilkd.key.logic.TestClashFreeSubst" time="1.068"/>
  <testcase name="xtestMultiClash1()" classname="de.uka.ilkd.key.logic.TestClashFreeSubst" time="0.0">
    <skipped/>
  </testcase>
  <system-out><![CDATA[42934      INFO  Test worker     d.u.i.k.n.KeyIO           Parsing took 0 ms 
42934      DEBUG Test worker     d.u.i.k.n.KeyIO           Load declarations of de.uka.ilkd.key.nparser.KeyAst$File:  <unknown>:1#1 
42935      INFO  Test worker     d.u.i.k.n.KeyIO           MODE: declarations took 1 ms 
42935      DEBUG Test worker     d.u.i.k.n.KeyIO           MODE: 2nd degree decls took 0 
44018      INFO  Test worker     d.u.i.k.n.KeyIO           Parsing took 0 ms 
44019      DEBUG Test worker     d.u.i.k.n.KeyIO           Load declarations of de.uka.ilkd.key.nparser.KeyAst$File:  <unknown>:1#1 
44019      INFO  Test worker     d.u.i.k.n.KeyIO           MODE: declarations took 0 ms 
44020      DEBUG Test worker     d.u.i.k.n.KeyIO           MODE: 2nd degree decls took 0 
47753      INFO  Test worker     d.u.i.k.n.KeyIO           Parsing took 0 ms 
47754      DEBUG Test worker     d.u.i.k.n.KeyIO           Load declarations of de.uka.ilkd.key.nparser.KeyAst$File:  <unknown>:1#1 
47758      INFO  Test worker     d.u.i.k.n.KeyIO           MODE: declarations took 4 ms 
47759      DEBUG Test worker     d.u.i.k.n.KeyIO           MODE: 2nd degree decls took 0 
48850      INFO  Test worker     d.u.i.k.n.KeyIO           Parsing took 0 ms 
48850      DEBUG Test worker     d.u.i.k.n.KeyIO           Load declarations of de.uka.ilkd.key.nparser.KeyAst$File:  <unknown>:1#1 
48850      INFO  Test worker     d.u.i.k.n.KeyIO           MODE: declarations took 0 ms 
48851      DEBUG Test worker     d.u.i.k.n.KeyIO           MODE: 2nd degree decls took 0 
52424      INFO  Test worker     d.u.i.k.n.KeyIO           Parsing took 0 ms 
52424      DEBUG Test worker     d.u.i.k.n.KeyIO           Load declarations of de.uka.ilkd.key.nparser.KeyAst$File:  <unknown>:1#1 
52425      INFO  Test worker     d.u.i.k.n.KeyIO           MODE: declarations took 1 ms 
52425      DEBUG Test worker     d.u.i.k.n.KeyIO           MODE: 2nd degree decls took 0 
53570      INFO  Test worker     d.u.i.k.n.KeyIO           Parsing took 0 ms 
53572      DEBUG Test worker     d.u.i.k.n.KeyIO           Load declarations of de.uka.ilkd.key.nparser.KeyAst$File:  <unknown>:1#1 
53572      INFO  Test worker     d.u.i.k.n.KeyIO           MODE: declarations took 1 ms 
53572      DEBUG Test worker     d.u.i.k.n.KeyIO           MODE: 2nd degree decls took 0 
57246      INFO  Test worker     d.u.i.k.n.KeyIO           Parsing took 0 ms 
57246      DEBUG Test worker     d.u.i.k.n.KeyIO           Load declarations of de.uka.ilkd.key.nparser.KeyAst$File:  <unknown>:1#1 
57247      INFO  Test worker     d.u.i.k.n.KeyIO           MODE: declarations took 1 ms 
57247      DEBUG Test worker     d.u.i.k.n.KeyIO           MODE: 2nd degree decls took 0 
58378      INFO  Test worker     d.u.i.k.n.KeyIO           Parsing took 0 ms 
58379      DEBUG Test worker     d.u.i.k.n.KeyIO           Load declarations of de.uka.ilkd.key.nparser.KeyAst$File:  <unknown>:1#1 
58379      INFO  Test worker     d.u.i.k.n.KeyIO           MODE: declarations took 0 ms 
58379      DEBUG Test worker     d.u.i.k.n.KeyIO           MODE: 2nd degree decls took 0 
61984      INFO  Test worker     d.u.i.k.n.KeyIO           Parsing took 0 ms 
61985      DEBUG Test worker     d.u.i.k.n.KeyIO           Load declarations of de.uka.ilkd.key.nparser.KeyAst$File:  <unknown>:1#1 
61985      INFO  Test worker     d.u.i.k.n.KeyIO           MODE: declarations took 0 ms 
61985      DEBUG Test worker     d.u.i.k.n.KeyIO           MODE: 2nd degree decls took 0 
63202      INFO  Test worker     d.u.i.k.n.KeyIO           Parsing took 0 ms 
63202      DEBUG Test worker     d.u.i.k.n.KeyIO           Load declarations of de.uka.ilkd.key.nparser.KeyAst$File:  <unknown>:1#1 
63202      INFO  Test worker     d.u.i.k.n.KeyIO           MODE: declarations took 0 ms 
63203      DEBUG Test worker     d.u.i.k.n.KeyIO           MODE: 2nd degree decls took 0 
66932      INFO  Test worker     d.u.i.k.n.KeyIO           Parsing took 0 ms 
66932      DEBUG Test worker     d.u.i.k.n.KeyIO           Load declarations of de.uka.ilkd.key.nparser.KeyAst$File:  <unknown>:1#1 
66933      INFO  Test worker     d.u.i.k.n.KeyIO           MODE: declarations took 1 ms 
66933      DEBUG Test worker     d.u.i.k.n.KeyIO           MODE: 2nd degree decls took 0 
68022      INFO  Test worker     d.u.i.k.n.KeyIO           Parsing took 0 ms 
68022      DEBUG Test worker     d.u.i.k.n.KeyIO           Load declarations of de.uka.ilkd.key.nparser.KeyAst$File:  <unknown>:1#1 
68022      INFO  Test worker     d.u.i.k.n.KeyIO           MODE: declarations took 0 ms 
68023      DEBUG Test worker     d.u.i.k.n.KeyIO           MODE: 2nd degree decls took 0 
71675      INFO  Test worker     d.u.i.k.n.KeyIO           Parsing took 0 ms 
71675      DEBUG Test worker     d.u.i.k.n.KeyIO           Load declarations of de.uka.ilkd.key.nparser.KeyAst$File:  <unknown>:1#1 
71676      INFO  Test worker     d.u.i.k.n.KeyIO           MODE: declarations took 1 ms 
71676      DEBUG Test worker     d.u.i.k.n.KeyIO           MODE: 2nd degree decls took 0 
72803      INFO  Test worker     d.u.i.k.n.KeyIO           Parsing took 0 ms 
72804      DEBUG Test worker     d.u.i.k.n.KeyIO           Load declarations of de.uka.ilkd.key.nparser.KeyAst$File:  <unknown>:1#1 
72804      INFO  Test worker     d.u.i.k.n.KeyIO           MODE: declarations took 0 ms 
72805      DEBUG Test worker     d.u.i.k.n.KeyIO           MODE: 2nd degree decls took 0 
76364      INFO  Test worker     d.u.i.k.n.KeyIO           Parsing took 0 ms 
76364      DEBUG Test worker     d.u.i.k.n.KeyIO           Load declarations of de.uka.ilkd.key.nparser.KeyAst$File:  <unknown>:1#1 
76365      INFO  Test worker     d.u.i.k.n.KeyIO           MODE: declarations took 1 ms 
76365      DEBUG Test worker     d.u.i.k.n.KeyIO           MODE: 2nd degree decls took 0 
77481      INFO  Test worker     d.u.i.k.n.KeyIO           Parsing took 0 ms 
77481      DEBUG Test worker     d.u.i.k.n.KeyIO           Load declarations of de.uka.ilkd.key.nparser.KeyAst$File:  <unknown>:1#1 
77481      INFO  Test worker     d.u.i.k.n.KeyIO           MODE: declarations took 0 ms 
77481      DEBUG Test worker     d.u.i.k.n.KeyIO           MODE: 2nd degree decls took 0 
81042      INFO  Test worker     d.u.i.k.n.KeyIO           Parsing took 0 ms 
81043      DEBUG Test worker     d.u.i.k.n.KeyIO           Load declarations of de.uka.ilkd.key.nparser.KeyAst$File:  <unknown>:1#1 
81043      INFO  Test worker     d.u.i.k.n.KeyIO           MODE: declarations took 0 ms 
81043      DEBUG Test worker     d.u.i.k.n.KeyIO           MODE: 2nd degree decls took 0 
82160      INFO  Test worker     d.u.i.k.n.KeyIO           Parsing took 0 ms 
82163      DEBUG Test worker     d.u.i.k.n.KeyIO           Load declarations of de.uka.ilkd.key.nparser.KeyAst$File:  <unknown>:1#1 
82166      INFO  Test worker     d.u.i.k.n.KeyIO           MODE: declarations took 3 ms 
82167      DEBUG Test worker     d.u.i.k.n.KeyIO           MODE: 2nd degree decls took 0 
85822      INFO  Test worker     d.u.i.k.n.KeyIO           Parsing took 0 ms 
85823      DEBUG Test worker     d.u.i.k.n.KeyIO           Load declarations of de.uka.ilkd.key.nparser.KeyAst$File:  <unknown>:1#1 
85823      INFO  Test worker     d.u.i.k.n.KeyIO           MODE: declarations took 0 ms 
85824      DEBUG Test worker     d.u.i.k.n.KeyIO           MODE: 2nd degree decls took 0 
86909      INFO  Test worker     d.u.i.k.n.KeyIO           Parsing took 0 ms 
86910      DEBUG Test worker     d.u.i.k.n.KeyIO           Load declarations of de.uka.ilkd.key.nparser.KeyAst$File:  <unknown>:1#1 
86910      INFO  Test worker     d.u.i.k.n.KeyIO           MODE: declarations took 0 ms 
86911      DEBUG Test worker     d.u.i.k.n.KeyIO           MODE: 2nd degree decls took 0 
94152      INFO  Test worker     d.u.i.k.n.KeyIO           Parsing took 1 ms 
94152      DEBUG Test worker     d.u.i.k.n.KeyIO           Load declarations of de.uka.ilkd.key.nparser.KeyAst$File:  <unknown>:1#1 
94153      INFO  Test worker     d.u.i.k.n.KeyIO           MODE: declarations took 1 ms 
94154      DEBUG Test worker     d.u.i.k.n.KeyIO           MODE: 2nd degree decls took 0 
95232      INFO  Test worker     d.u.i.k.n.KeyIO           Parsing took 1 ms 
95232      DEBUG Test worker     d.u.i.k.n.KeyIO           Load declarations of de.uka.ilkd.key.nparser.KeyAst$File:  <unknown>:1#1 
95233      INFO  Test worker     d.u.i.k.n.KeyIO           MODE: declarations took 1 ms 
95233      DEBUG Test worker     d.u.i.k.n.KeyIO           MODE: 2nd degree decls took 0 
98811      INFO  Test worker     d.u.i.k.n.KeyIO           Parsing took 0 ms 
98812      DEBUG Test worker     d.u.i.k.n.KeyIO           Load declarations of de.uka.ilkd.key.nparser.KeyAst$File:  <unknown>:1#1 
98812      INFO  Test worker     d.u.i.k.n.KeyIO           MODE: declarations took 0 ms 
98812      DEBUG Test worker     d.u.i.k.n.KeyIO           MODE: 2nd degree decls took 0 
99873      INFO  Test worker     d.u.i.k.n.KeyIO           Parsing took 0 ms 
99874      DEBUG Test worker     d.u.i.k.n.KeyIO           Load declarations of de.uka.ilkd.key.nparser.KeyAst$File:  <unknown>:1#1 
99875      INFO  Test worker     d.u.i.k.n.KeyIO           MODE: declarations took 1 ms 
99876      DEBUG Test worker     d.u.i.k.n.KeyIO           MODE: 2nd degree decls took 0 
]]></system-out>
  <system-err><![CDATA[]]></system-err>
</testsuite>
