<?xml version="1.0" encoding="UTF-8"?>
<testsuite name="de.uka.ilkd.key.parser.TestTermParserSorts" tests="2" skipped="0" failures="0" errors="0" timestamp="2023-05-27T00:46:13" hostname="fv-az617-508" time="3.596">
  <properties/>
  <testcase name="testParseIntegerArgs()" classname="de.uka.ilkd.key.parser.TestTermParserSorts" time="0.017"/>
  <testcase name="testParseSequencePrettySyntax()" classname="de.uka.ilkd.key.parser.TestTermParserSorts" time="0.001"/>
  <system-out><![CDATA[521120     INFO  Test worker     d.u.i.k.n.KeyIO           Parsing took 0 ms 
521120     DEBUG Test worker     d.u.i.k.n.KeyIO           Load declarations of de.uka.ilkd.key.nparser.KeyAst$File:  <unknown>:1#1 
521120     INFO  Test worker     d.u.i.k.n.KeyIO           MODE: declarations took 0 ms 
521120     DEBUG Test worker     d.u.i.k.n.KeyIO           MODE: 2nd degree decls took 0 
521120     INFO  Test worker     d.u.i.k.n.KeyIO           Parsing took 0 ms 
521120     DEBUG Test worker     d.u.i.k.n.KeyIO           Load declarations of de.uka.ilkd.key.nparser.KeyAst$File:  <unknown>:1#1 
521120     INFO  Test worker     d.u.i.k.n.KeyIO           MODE: declarations took 0 ms 
521121     DEBUG Test worker     d.u.i.k.n.KeyIO           MODE: 2nd degree decls took 0 
521121     INFO  Test worker     d.u.i.k.n.KeyIO           Parsing took 0 ms 
521121     DEBUG Test worker     d.u.i.k.n.KeyIO           Load declarations of de.uka.ilkd.key.nparser.KeyAst$File:  <unknown>:1#1 
521121     INFO  Test worker     d.u.i.k.n.KeyIO           MODE: declarations took 0 ms 
521121     DEBUG Test worker     d.u.i.k.n.KeyIO           MODE: 2nd degree decls took 0 
524715     INFO  Test worker     d.u.i.k.n.KeyIO           Parsing took 0 ms 
524715     DEBUG Test worker     d.u.i.k.n.KeyIO           Load declarations of de.uka.ilkd.key.nparser.KeyAst$File:  <unknown>:1#1 
524715     INFO  Test worker     d.u.i.k.n.KeyIO           MODE: declarations took 0 ms 
524715     DEBUG Test worker     d.u.i.k.n.KeyIO           MODE: 2nd degree decls took 0 
524715     INFO  Test worker     d.u.i.k.n.KeyIO           Parsing took 0 ms 
524715     DEBUG Test worker     d.u.i.k.n.KeyIO           Load declarations of de.uka.ilkd.key.nparser.KeyAst$File:  <unknown>:1#1 
524715     INFO  Test worker     d.u.i.k.n.KeyIO           MODE: declarations took 0 ms 
524715     DEBUG Test worker     d.u.i.k.n.KeyIO           MODE: 2nd degree decls took 0 
524716     INFO  Test worker     d.u.i.k.n.KeyIO           Parsing took 1 ms 
524716     DEBUG Test worker     d.u.i.k.n.KeyIO           Load declarations of de.uka.ilkd.key.nparser.KeyAst$File:  <unknown>:1#1 
524716     INFO  Test worker     d.u.i.k.n.KeyIO           MODE: declarations took 0 ms 
524716     DEBUG Test worker     d.u.i.k.n.KeyIO           MODE: 2nd degree decls took 0 
]]></system-out>
  <system-err><![CDATA[]]></system-err>
</testsuite>
