<?xml version="1.0" encoding="UTF-8"?>
<testsuite name="de.uka.ilkd.key.proof.io.consistency.TestProofBundleIO" tests="3" skipped="0" failures="0" errors="0" timestamp="2023-05-27T00:46:31" hostname="fv-az617-508" time="9.267">
  <properties/>
  <testcase name="testSimpleFileRepo()" classname="de.uka.ilkd.key.proof.io.consistency.TestProofBundleIO" time="0.09"/>
  <testcase name="testComplexBundleGeneration()" classname="de.uka.ilkd.key.proof.io.consistency.TestProofBundleIO" time="1.504"/>
  <testcase name="testSimpleBundleGeneration()" classname="de.uka.ilkd.key.proof.io.consistency.TestProofBundleIO" time="7.673"/>
  <system-out><![CDATA[540059     INFO  Test worker     d.u.i.k.p.i.AbstractProblemLoader Loading environment from /home/runner/work/key/key/key.core/src/test/resources/testcase/proofBundle/complexBundleGeneration/test.key 
540059     DEBUG Test worker     d.u.i.k.p.i.AbstractProblemLoader Environment load took 454ns 
540061     INFO  Test worker     d.u.i.k.p.i.AbstractProblemLoader Creating init config 
540507     DEBUG Test worker     d.u.i.k.p.i.AbstractProblemLoader Init config took 446.27ms 
540544     INFO  Test worker     d.u.i.k.p.i.AbstractProblemLoader Replaying proof Test[Test::constant()].JML normal_behavior operation contract.0 
540546     DEBUG Test worker     d.u.i.k.p.i.IntermediateProofReplayer Proof replay took 7.3ns 
541082     INFO  Test worker     d.u.i.k.p.i.AbstractProblemLoader Loading environment from /home/runner/work/key/key/key.core/src/test/resources/testcase/proofBundle/complexBundleGeneration/test.zproof 
541109     DEBUG Test worker     d.u.i.k.p.i.AbstractProblemLoader Environment load took 26.26ms 
541110     INFO  Test worker     d.u.i.k.p.i.AbstractProblemLoader Creating init config 
541488     DEBUG Test worker     d.u.i.k.p.i.AbstractProblemLoader Init config took 377.21ms 
541524     INFO  Test worker     d.u.i.k.p.i.AbstractProblemLoader Replaying proof Test[Test::constant()].JML normal_behavior operation contract.0 
541553     DEBUG Test worker     d.u.i.k.p.i.IntermediateProofReplayer Proof replay took 26.68ms 
541556     INFO  Test worker     d.u.i.k.p.i.AbstractProblemLoader Loading environment from /home/runner/work/key/key/key.core/src/test/resources/testcase/proofBundle/simpleBundleGeneration/test.key 
541556     DEBUG Test worker     d.u.i.k.p.i.AbstractProblemLoader Environment load took 392.7ns 
541557     INFO  Test worker     d.u.i.k.p.i.AbstractProblemLoader Creating init config 
545347     DEBUG Test worker     d.u.i.k.p.i.AbstractProblemLoader Init config took 3.79s 
545402     INFO  Test worker     d.u.i.k.p.i.AbstractProblemLoader Replaying proof Test[Test::constant()].JML normal_behavior operation contract.0 
545403     DEBUG Test worker     d.u.i.k.p.i.IntermediateProofReplayer Proof replay took 6.9ns 
545511     INFO  Test worker     d.u.i.k.p.i.AbstractProblemLoader Loading environment from /home/runner/work/key/key/key.core/src/test/resources/testcase/proofBundle/simpleBundleGeneration/test.zproof 
545512     DEBUG Test worker     d.u.i.k.p.i.AbstractProblemLoader Environment load took 1.06ms 
545513     INFO  Test worker     d.u.i.k.p.i.AbstractProblemLoader Creating init config 
549164     DEBUG Test worker     d.u.i.k.p.i.AbstractProblemLoader Init config took 3.65s 
549212     INFO  Test worker     d.u.i.k.p.i.AbstractProblemLoader Replaying proof Test[Test::constant()].JML normal_behavior operation contract.0 
549225     DEBUG Test worker     d.u.i.k.p.i.IntermediateProofReplayer Proof replay took 10.27ms 
]]></system-out>
  <system-err><![CDATA[]]></system-err>
</testsuite>
