<?xml version="1.0" encoding="UTF-8"?>
<testsuite name="de.uka.ilkd.key.taclettranslation.TestTacletTranslator" tests="5" skipped="0" failures="0" errors="0" timestamp="2023-05-27T00:54:13" hostname="fv-az617-508" time="0.01">
  <properties/>
  <testcase name="testPropositional1()" classname="de.uka.ilkd.key.taclettranslation.TestTacletTranslator" time="0.004"/>
  <testcase name="testPropositional2()" classname="de.uka.ilkd.key.taclettranslation.TestTacletTranslator" time="0.001"/>
  <testcase name="testNegativePolarity()" classname="de.uka.ilkd.key.taclettranslation.TestTacletTranslator" time="0.001"/>
  <testcase name="testNoPolarity()" classname="de.uka.ilkd.key.taclettranslation.TestTacletTranslator" time="0.001"/>
  <testcase name="testPositivePolarity()" classname="de.uka.ilkd.key.taclettranslation.TestTacletTranslator" time="0.001"/>
  <system-out><![CDATA[1001315    INFO  Test worker     d.u.i.k.n.KeyIO           Parsing took 0 ms 
1001316    DEBUG Test worker     d.u.i.k.n.KeyIO           Load declarations of de.uka.ilkd.key.nparser.KeyAst$File:  <unknown>:1#1 
1001316    INFO  Test worker     d.u.i.k.n.KeyIO           MODE: declarations took 0 ms 
1001316    DEBUG Test worker     d.u.i.k.n.KeyIO           MODE: 2nd degree decls took 0 
1001316    DEBUG Test worker     d.u.i.k.n.KeyIO           MODE: taclets took 0ms 
1001319    INFO  Test worker     d.u.i.k.n.KeyIO           Parsing took 0 ms 
1001319    DEBUG Test worker     d.u.i.k.n.KeyIO           Load declarations of de.uka.ilkd.key.nparser.KeyAst$File:  <unknown>:1#1 
1001319    INFO  Test worker     d.u.i.k.n.KeyIO           MODE: declarations took 0 ms 
1001319    DEBUG Test worker     d.u.i.k.n.KeyIO           MODE: 2nd degree decls took 0 
1001319    DEBUG Test worker     d.u.i.k.n.KeyIO           MODE: taclets took 0ms 
1001320    INFO  Test worker     d.u.i.k.n.KeyIO           Parsing took 0 ms 
1001320    DEBUG Test worker     d.u.i.k.n.KeyIO           Load declarations of de.uka.ilkd.key.nparser.KeyAst$File:  <unknown>:1#1 
1001320    INFO  Test worker     d.u.i.k.n.KeyIO           MODE: declarations took 0 ms 
1001320    DEBUG Test worker     d.u.i.k.n.KeyIO           MODE: 2nd degree decls took 0 
1001321    DEBUG Test worker     d.u.i.k.n.KeyIO           MODE: taclets took 1ms 
1001322    INFO  Test worker     d.u.i.k.n.KeyIO           Parsing took 0 ms 
1001322    DEBUG Test worker     d.u.i.k.n.KeyIO           Load declarations of de.uka.ilkd.key.nparser.KeyAst$File:  <unknown>:1#1 
1001322    INFO  Test worker     d.u.i.k.n.KeyIO           MODE: declarations took 0 ms 
1001322    DEBUG Test worker     d.u.i.k.n.KeyIO           MODE: 2nd degree decls took 0 
1001322    DEBUG Test worker     d.u.i.k.n.KeyIO           MODE: taclets took 0ms 
1001323    INFO  Test worker     d.u.i.k.n.KeyIO           Parsing took 0 ms 
1001323    DEBUG Test worker     d.u.i.k.n.KeyIO           Load declarations of de.uka.ilkd.key.nparser.KeyAst$File:  <unknown>:1#1 
1001323    INFO  Test worker     d.u.i.k.n.KeyIO           MODE: declarations took 0 ms 
1001323    DEBUG Test worker     d.u.i.k.n.KeyIO           MODE: 2nd degree decls took 0 
1001323    DEBUG Test worker     d.u.i.k.n.KeyIO           MODE: taclets took 0ms 
]]></system-out>
  <system-err><![CDATA[]]></system-err>
</testsuite>
