<?xml version="1.0" encoding="UTF-8"?>
<testsuite name="de.uka.ilkd.key.smt.newsmt2.ProveSMTLemmasTest" tests="25" skipped="0" failures="0" errors="0" timestamp="2023-05-27T00:51:50" hostname="fv-az617-508" time="91.545">
  <properties/>
  <testcase name="[1] seqSub.dl, &#10;    \forall Seq seq;&#10;    \forall int from;&#10;    \forall int to;&#10;    \forall int idx;&#10;        any::seqGet(seqSub(seq, from, to)&lt;&lt;Trigger&gt;&gt;, idx)&#10;      = \if(0 &lt;= idx &amp; idx &lt; (to - from))&#10;        \then(any::seqGet(seq, idx + from))&#10;        \else(seqGetOutside)&#10;" classname="de.uka.ilkd.key.smt.newsmt2.ProveSMTLemmasTest" time="3.719"/>
  <testcase name="[2] jmod.dl, &#10;\forall int divNum; \forall int divDenom;&#10;  jmod(divNum,divDenom) =&#10;    divNum + jdiv(divNum,divDenom)*(-1)*divDenom&#10;" classname="de.uka.ilkd.key.smt.newsmt2.ProveSMTLemmasTest" time="3.762"/>
  <testcase name="[3] seqGetOutside.dl, &#10;    \forall int i; \forall Seq s; ( i &lt; 0 | i &gt;= seqLen(s) -&gt; any::seqGet(s, i)&lt;&lt;Trigger&gt;&gt; = seqGetOutside )&#10;" classname="de.uka.ilkd.key.smt.newsmt2.ProveSMTLemmasTest" time="3.71"/>
  <testcase name="[4] singleton.dl, &#10;  \forall Object o; \forall Field f; \forall Object o2; \forall Field f2;&#10;    ( elementOf(o,f, singleton(o2,f2))&lt;&lt;Trigger&gt;&gt; &lt;-&gt;&#10;      o = o2 &amp; f = f2 )&#10;" classname="de.uka.ilkd.key.smt.newsmt2.ProveSMTLemmasTest" time="3.663"/>
  <testcase name="[5] create.dl, &#10;  \forall Heap h; \forall Object o; \forall Object o2; \forall Field f;&#10;      any::select(create(h, o), o2, f)&lt;&lt;Trigger&gt;&gt; =&#10;         \if(o = o2 &amp; o != null &amp; f = java.lang.Object::&lt;created&gt;)&#10;         \then(TRUE)&#10;         \else(any::select(h, o2, f))&#10;" classname="de.uka.ilkd.key.smt.newsmt2.ProveSMTLemmasTest" time="3.607"/>
  <testcase name="[6] allFields.dl, &#10;  \forall Object o; \forall Field f; \forall Object o2;&#10;    ( elementOf(o,f, allFields(o2))&lt;&lt;Trigger&gt;&gt; &lt;-&gt;&#10;       o = o2 )&#10;" classname="de.uka.ilkd.key.smt.newsmt2.ProveSMTLemmasTest" time="3.592"/>
  <testcase name="[7] seqEmpty.dl, &#10;    seqLen(seqEmpty) = 0&#10;&#10;" classname="de.uka.ilkd.key.smt.newsmt2.ProveSMTLemmasTest" time="3.67"/>
  <testcase name="[8] union.dl, &#10;  \forall Object o; \forall Field f; \forall LocSet l1; \forall LocSet l2;&#10;     ( elementOf(o, f, union(l1, l2))&lt;&lt;Trigger&gt;&gt; &lt;-&gt; elementOf(o,f,l1) | elementOf(o,f,l2) )&#10;" classname="de.uka.ilkd.key.smt.newsmt2.ProveSMTLemmasTest" time="3.623"/>
  <testcase name="[9] seqConcat.dl.2, &#10;    \forall Seq s1; \forall Seq s2; seqLen(seqConcat(s1,s2)&lt;&lt;Trigger&gt;&gt;) = seqLen(s1) + seqLen(s2)&#10;&#10;" classname="de.uka.ilkd.key.smt.newsmt2.ProveSMTLemmasTest" time="3.561"/>
  <testcase name="[10] wellFormed.dl, &#10;  \forall Heap h; \forall Object o; \forall Field f; (wellFormed(h) -&gt;&#10;      boolean::select(h, (java.lang.Object::select(h, o, f))&lt;&lt;Trigger&gt;&gt;, java.lang.Object::&lt;created&gt;) = TRUE&#10;    | (java.lang.Object::select(h, o, f)) = null)&#10;" classname="de.uka.ilkd.key.smt.newsmt2.ProveSMTLemmasTest" time="3.725"/>
  <testcase name="[11] jdiv.dl, &#10;\forall int divNum; \forall int divDenom;&#10;  jdiv(divNum,divDenom) =&#10;         \if (divNum &gt;= 0)&#10;         \then (div(divNum,divDenom))&#10;         \else (div(divNum*(-1),divDenom)*(-1))&#10;" classname="de.uka.ilkd.key.smt.newsmt2.ProveSMTLemmasTest" time="3.64"/>
  <testcase name="[12] empty.dl, &#10;  \forall Object o; \forall Field f; ( elementOf(o,f,empty)&lt;&lt;Trigger&gt;&gt; &lt;-&gt; false )&#10;" classname="de.uka.ilkd.key.smt.newsmt2.ProveSMTLemmasTest" time="3.615"/>
  <testcase name="[13] allLocs.dl, &#10;  \forall Object o; \forall Field f; ( elementOf(o,f,allLocs)&lt;&lt;Trigger&gt;&gt; &lt;-&gt; true )&#10;" classname="de.uka.ilkd.key.smt.newsmt2.ProveSMTLemmasTest" time="3.549"/>
  <testcase name="[14] arrayRange.dl, &#10;  \forall Object o; \forall Object o2; \forall Field f; \forall int lo; \forall int hi;&#10;    (elementOf(o,f, arrayRange(o2, lo, hi))&lt;&lt;Trigger&gt;&gt; &lt;-&gt;&#10;      o = o2 &amp; \exists int iv; (f = arr(iv) &amp; lo &lt;= iv &amp; iv &lt;= hi))&#10;" classname="de.uka.ilkd.key.smt.newsmt2.ProveSMTLemmasTest" time="3.625"/>
  <testcase name="[15] seqConcat.dl, &#10;    \forall int i; \forall Seq s1; \forall Seq s2; ( 0 &lt;= i &amp; i &lt; seqLen(s1) + seqLen(s2) -&gt;&#10;        any::seqGet(seqConcat(s1, s2), i) =&#10;            \if (i &lt; seqLen(s1)) \then (any::seqGet(s1, i)) \else (any::seqGet(s2, i-seqLen(s1))))&#10;&#10;" classname="de.uka.ilkd.key.smt.newsmt2.ProveSMTLemmasTest" time="3.669"/>
  <testcase name="[16] seqLen.dl, &#10;    \forall Seq s; seqLen(s)&lt;&lt;Trigger&gt;&gt; &gt;= 0&#10;" classname="de.uka.ilkd.key.smt.newsmt2.ProveSMTLemmasTest" time="3.64"/>
  <testcase name="[17] length.dl, &#10;    \forall Object o; length(o) &gt;= 0&#10;" classname="de.uka.ilkd.key.smt.newsmt2.ProveSMTLemmasTest" time="3.638"/>
  <testcase name="[18] freshLocs.dl, &#10;  \forall Heap h; \forall Object o; \forall Field f;&#10;     ( elementOf(o,f,freshLocs(h))&lt;&lt;Trigger&gt;&gt; &lt;-&gt;&#10;        o != null &amp; !boolean::select(h,o,java.lang.Object::&lt;created&gt;)=TRUE )&#10;" classname="de.uka.ilkd.key.smt.newsmt2.ProveSMTLemmasTest" time="3.688"/>
  <testcase name="[19] anon.dl, &#10;    \forall Heap h; \forall Object o; \forall Field f; \forall Heap h2; \forall LocSet ls;&#10;      any::select(anon(h, ls, h2), o, f)&lt;&lt;Trigger&gt;&gt; =&#10;         \if(elementOf(o, f, ls) &amp; f != java.lang.Object::&lt;created&gt;&#10;           | elementOf(o, f, freshLocs(h)))&#10;         \then(any::select(h2, o, f))&#10;         \else(any::select(h, o, f))&#10;" classname="de.uka.ilkd.key.smt.newsmt2.ProveSMTLemmasTest" time="3.742"/>
  <testcase name="[20] memset.dl, &#10;    \forall Heap h; \forall LocSet s; \forall any x; \forall Object o; \forall Field f;&#10;      any::select(memset(h, s, x), o, f)&lt;&lt;Trigger&gt;&gt; =&#10;         \if(elementOf(o, f, s) &amp; f != java.lang.Object::&lt;created&gt;)&#10;         \then(x)&#10;         \else(any::select(h, o, f))&#10;" classname="de.uka.ilkd.key.smt.newsmt2.ProveSMTLemmasTest" time="3.736"/>
  <testcase name="[21] store.dl, &#10;    \forall Heap h; \forall Object o; \forall Field f; \forall Object o2; \forall Field f2; \forall any v;&#10;      any::select(store(h,o,f,v), o2, f2)&lt;&lt;Trigger&gt;&gt; =&#10;         \if(o = o2 &amp; f = f2 &amp; f != java.lang.Object::&lt;created&gt;)&#10;         \then(v)&#10;         \else(any::select(h, o2, f2))&#10;" classname="de.uka.ilkd.key.smt.newsmt2.ProveSMTLemmasTest" time="3.721"/>
  <testcase name="[22] seqSub.dl.2, &#10;    \forall Seq seq;&#10;    \forall int from;&#10;    \forall int to;&#10;        seqLen(seqSub(seq, from, to)&lt;&lt;Trigger&gt;&gt;)&#10;      = \if(from &lt; to)\then(to - from)\else(0)&#10;" classname="de.uka.ilkd.key.smt.newsmt2.ProveSMTLemmasTest" time="3.693"/>
  <testcase name="[23] seqSingleton.dl, &#10;    \forall any x; any::seqGet(seqSingleton(x)&lt;&lt;Trigger&gt;&gt;, 0) = x&#10;&#10;" classname="de.uka.ilkd.key.smt.newsmt2.ProveSMTLemmasTest" time="3.635"/>
  <testcase name="[24] seqSingleton.dl.2, &#10;    \forall any x; seqLen(seqSingleton(x)&lt;&lt;Trigger&gt;&gt;) = 1&#10;&#10;" classname="de.uka.ilkd.key.smt.newsmt2.ProveSMTLemmasTest" time="3.701"/>
  <testcase name="[25] null.dl, &#10;     \forall any x; ((Null::instance(x))&lt;&lt;Trigger&gt;&gt; = TRUE -&gt; x = null) &#10;" classname="de.uka.ilkd.key.smt.newsmt2.ProveSMTLemmasTest" time="3.62"/>
  <system-out><![CDATA[858076     INFO  Test worker     d.u.i.k.s.n.ProveSMTLemmasTest Now processing file /tmp/SMT_lemma_seqSub.dl_5471922537335672449.key 
858076     INFO  Test worker     d.u.i.k.p.i.AbstractProblemLoader Loading environment from /tmp/SMT_lemma_seqSub.dl_5471922537335672449.key 
858076     DEBUG Test worker     d.u.i.k.p.i.AbstractProblemLoader Environment load took 70.1ns 
858077     INFO  Test worker     d.u.i.k.p.i.AbstractProblemLoader Creating init config 
861673     DEBUG Test worker     d.u.i.k.p.i.AbstractProblemLoader Init config took 3.6s 
861690     INFO  Test worker     d.u.i.k.p.i.AbstractProblemLoader Replaying proof SMT_lemma_seqSub.dl_5471922537335672449.key 
861692     DEBUG Test worker     d.u.i.k.p.i.IntermediateProofReplayer Proof replay took 8.1ns 
861795     INFO  Test worker     d.u.i.k.s.n.ProveSMTLemmasTest Now processing file /home/runner/work/key/key/key.core/build/resources/test/de/uka/ilkd/key/smt/newsmt2/SMT_lemma_jmod.dl.proof 
861795     INFO  Test worker     d.u.i.k.p.i.AbstractProblemLoader Loading environment from /home/runner/work/key/key/key.core/build/resources/test/de/uka/ilkd/key/smt/newsmt2/SMT_lemma_jmod.dl.proof 
861796     DEBUG Test worker     d.u.i.k.p.i.AbstractProblemLoader Environment load took 60ns 
861796     INFO  Test worker     d.u.i.k.p.i.AbstractProblemLoader Creating init config 
865430     DEBUG Test worker     d.u.i.k.p.i.AbstractProblemLoader Init config took 3.63s 
865447     INFO  Test worker     d.u.i.k.p.i.AbstractProblemLoader Replaying proof SMT_lemma_jmod.dl.proof 
865454     DEBUG Test worker     d.u.i.k.p.i.IntermediateProofReplayer Proof replay took 5.33ms 
865557     INFO  Test worker     d.u.i.k.s.n.ProveSMTLemmasTest Now processing file /home/runner/work/key/key/key.core/build/resources/test/de/uka/ilkd/key/smt/newsmt2/SMT_lemma_seqGetOutside.dl.proof 
865557     INFO  Test worker     d.u.i.k.p.i.AbstractProblemLoader Loading environment from /home/runner/work/key/key/key.core/build/resources/test/de/uka/ilkd/key/smt/newsmt2/SMT_lemma_seqGetOutside.dl.proof 
865558     DEBUG Test worker     d.u.i.k.p.i.AbstractProblemLoader Environment load took 75.6ns 
865558     INFO  Test worker     d.u.i.k.p.i.AbstractProblemLoader Creating init config 
869101     DEBUG Test worker     d.u.i.k.p.i.AbstractProblemLoader Init config took 3.54s 
869123     INFO  Test worker     d.u.i.k.p.i.AbstractProblemLoader Replaying proof SMT_lemma_seqGetOutside.dl.proof 
869160     DEBUG Test worker     d.u.i.k.p.i.IntermediateProofReplayer Proof replay took 34.6ms 
869268     INFO  Test worker     d.u.i.k.s.n.ProveSMTLemmasTest Now processing file /tmp/SMT_lemma_singleton.dl_2302826814327069841.key 
869269     INFO  Test worker     d.u.i.k.p.i.AbstractProblemLoader Loading environment from /tmp/SMT_lemma_singleton.dl_2302826814327069841.key 
869269     DEBUG Test worker     d.u.i.k.p.i.AbstractProblemLoader Environment load took 224.8ns 
869270     INFO  Test worker     d.u.i.k.p.i.AbstractProblemLoader Creating init config 
872803     DEBUG Test worker     d.u.i.k.p.i.AbstractProblemLoader Init config took 3.53s 
872825     INFO  Test worker     d.u.i.k.p.i.AbstractProblemLoader Replaying proof SMT_lemma_singleton.dl_2302826814327069841.key 
872826     DEBUG Test worker     d.u.i.k.p.i.IntermediateProofReplayer Proof replay took 7.2ns 
872930     INFO  Test worker     d.u.i.k.s.n.ProveSMTLemmasTest Now processing file /tmp/SMT_lemma_create.dl_10842066308542766287.key 
872931     INFO  Test worker     d.u.i.k.p.i.AbstractProblemLoader Loading environment from /tmp/SMT_lemma_create.dl_10842066308542766287.key 
872931     DEBUG Test worker     d.u.i.k.p.i.AbstractProblemLoader Environment load took 111.7ns 
872932     INFO  Test worker     d.u.i.k.p.i.AbstractProblemLoader Creating init config 
876415     DEBUG Test worker     d.u.i.k.p.i.AbstractProblemLoader Init config took 3.48s 
876432     INFO  Test worker     d.u.i.k.p.i.AbstractProblemLoader Replaying proof SMT_lemma_create.dl_10842066308542766287.key 
876434     DEBUG Test worker     d.u.i.k.p.i.IntermediateProofReplayer Proof replay took 7.6ns 
876538     INFO  Test worker     d.u.i.k.s.n.ProveSMTLemmasTest Now processing file /tmp/SMT_lemma_allFields.dl_17727875344291253238.key 
876539     INFO  Test worker     d.u.i.k.p.i.AbstractProblemLoader Loading environment from /tmp/SMT_lemma_allFields.dl_17727875344291253238.key 
876539     DEBUG Test worker     d.u.i.k.p.i.AbstractProblemLoader Environment load took 100.7ns 
876540     INFO  Test worker     d.u.i.k.p.i.AbstractProblemLoader Creating init config 
880007     DEBUG Test worker     d.u.i.k.p.i.AbstractProblemLoader Init config took 3.47s 
880025     INFO  Test worker     d.u.i.k.p.i.AbstractProblemLoader Replaying proof SMT_lemma_allFields.dl_17727875344291253238.key 
880027     DEBUG Test worker     d.u.i.k.p.i.IntermediateProofReplayer Proof replay took 25.5ns 
880129     INFO  Test worker     d.u.i.k.s.n.ProveSMTLemmasTest Now processing file /tmp/SMT_lemma_seqEmpty.dl_15332650599600865105.key 
880130     INFO  Test worker     d.u.i.k.p.i.AbstractProblemLoader Loading environment from /tmp/SMT_lemma_seqEmpty.dl_15332650599600865105.key 
880130     DEBUG Test worker     d.u.i.k.p.i.AbstractProblemLoader Environment load took 65.9ns 
880131     INFO  Test worker     d.u.i.k.p.i.AbstractProblemLoader Creating init config 
883681     DEBUG Test worker     d.u.i.k.p.i.AbstractProblemLoader Init config took 3.55s 
883696     INFO  Test worker     d.u.i.k.p.i.AbstractProblemLoader Replaying proof SMT_lemma_seqEmpty.dl_15332650599600865105.key 
883697     DEBUG Test worker     d.u.i.k.p.i.IntermediateProofReplayer Proof replay took 7ns 
883800     INFO  Test worker     d.u.i.k.s.n.ProveSMTLemmasTest Now processing file /tmp/SMT_lemma_union.dl_15647772948726213665.key 
883800     INFO  Test worker     d.u.i.k.p.i.AbstractProblemLoader Loading environment from /tmp/SMT_lemma_union.dl_15647772948726213665.key 
883801     DEBUG Test worker     d.u.i.k.p.i.AbstractProblemLoader Environment load took 104.6ns 
883802     INFO  Test worker     d.u.i.k.p.i.AbstractProblemLoader Creating init config 
887298     DEBUG Test worker     d.u.i.k.p.i.AbstractProblemLoader Init config took 3.5s 
887317     INFO  Test worker     d.u.i.k.p.i.AbstractProblemLoader Replaying proof SMT_lemma_union.dl_15647772948726213665.key 
887319     DEBUG Test worker     d.u.i.k.p.i.IntermediateProofReplayer Proof replay took 7.6ns 
887422     INFO  Test worker     d.u.i.k.s.n.ProveSMTLemmasTest Now processing file /tmp/SMT_lemma_seqConcat.dl.2_8355461980081839160.key 
887423     INFO  Test worker     d.u.i.k.p.i.AbstractProblemLoader Loading environment from /tmp/SMT_lemma_seqConcat.dl.2_8355461980081839160.key 
887423     DEBUG Test worker     d.u.i.k.p.i.AbstractProblemLoader Environment load took 101.4ns 
887424     INFO  Test worker     d.u.i.k.p.i.AbstractProblemLoader Creating init config 
890862     DEBUG Test worker     d.u.i.k.p.i.AbstractProblemLoader Init config took 3.44s 
890879     INFO  Test worker     d.u.i.k.p.i.AbstractProblemLoader Replaying proof SMT_lemma_seqConcat.dl.2_8355461980081839160.key 
890881     DEBUG Test worker     d.u.i.k.p.i.IntermediateProofReplayer Proof replay took 7.6ns 
890984     INFO  Test worker     d.u.i.k.s.n.ProveSMTLemmasTest Now processing file /tmp/SMT_lemma_wellFormed.dl_17907297094556615864.key 
890984     INFO  Test worker     d.u.i.k.p.i.AbstractProblemLoader Loading environment from /tmp/SMT_lemma_wellFormed.dl_17907297094556615864.key 
890984     DEBUG Test worker     d.u.i.k.p.i.AbstractProblemLoader Environment load took 138.3ns 
890985     INFO  Test worker     d.u.i.k.p.i.AbstractProblemLoader Creating init config 
894584     DEBUG Test worker     d.u.i.k.p.i.AbstractProblemLoader Init config took 3.6s 
894603     INFO  Test worker     d.u.i.k.p.i.AbstractProblemLoader Replaying proof SMT_lemma_wellFormed.dl_17907297094556615864.key 
894605     DEBUG Test worker     d.u.i.k.p.i.IntermediateProofReplayer Proof replay took 8.5ns 
894708     INFO  Test worker     d.u.i.k.s.n.ProveSMTLemmasTest Now processing file /home/runner/work/key/key/key.core/build/resources/test/de/uka/ilkd/key/smt/newsmt2/SMT_lemma_jdiv.dl.proof 
894708     INFO  Test worker     d.u.i.k.p.i.AbstractProblemLoader Loading environment from /home/runner/work/key/key/key.core/build/resources/test/de/uka/ilkd/key/smt/newsmt2/SMT_lemma_jdiv.dl.proof 
894708     DEBUG Test worker     d.u.i.k.p.i.AbstractProblemLoader Environment load took 68.7ns 
894709     INFO  Test worker     d.u.i.k.p.i.AbstractProblemLoader Creating init config 
898219     DEBUG Test worker     d.u.i.k.p.i.AbstractProblemLoader Init config took 3.51s 
898235     INFO  Test worker     d.u.i.k.p.i.AbstractProblemLoader Replaying proof SMT_lemma_jdiv.dl.proof 
898240     DEBUG Test worker     d.u.i.k.p.i.IntermediateProofReplayer Proof replay took 2.94ms 
898348     INFO  Test worker     d.u.i.k.s.n.ProveSMTLemmasTest Now processing file /tmp/SMT_lemma_empty.dl_17216061210805839396.key 
898348     INFO  Test worker     d.u.i.k.p.i.AbstractProblemLoader Loading environment from /tmp/SMT_lemma_empty.dl_17216061210805839396.key 
898348     DEBUG Test worker     d.u.i.k.p.i.AbstractProblemLoader Environment load took 59.4ns 
898349     INFO  Test worker     d.u.i.k.p.i.AbstractProblemLoader Creating init config 
901842     DEBUG Test worker     d.u.i.k.p.i.AbstractProblemLoader Init config took 3.49s 
901858     INFO  Test worker     d.u.i.k.p.i.AbstractProblemLoader Replaying proof SMT_lemma_empty.dl_17216061210805839396.key 
901859     DEBUG Test worker     d.u.i.k.p.i.IntermediateProofReplayer Proof replay took 7.4ns 
901963     INFO  Test worker     d.u.i.k.s.n.ProveSMTLemmasTest Now processing file /tmp/SMT_lemma_allLocs.dl_16627397240459281105.key 
901963     INFO  Test worker     d.u.i.k.p.i.AbstractProblemLoader Loading environment from /tmp/SMT_lemma_allLocs.dl_16627397240459281105.key 
901963     DEBUG Test worker     d.u.i.k.p.i.AbstractProblemLoader Environment load took 87.6ns 
901964     INFO  Test worker     d.u.i.k.p.i.AbstractProblemLoader Creating init config 
905386     DEBUG Test worker     d.u.i.k.p.i.AbstractProblemLoader Init config took 3.42s 
905408     INFO  Test worker     d.u.i.k.p.i.AbstractProblemLoader Replaying proof SMT_lemma_allLocs.dl_16627397240459281105.key 
905409     DEBUG Test worker     d.u.i.k.p.i.IntermediateProofReplayer Proof replay took 7.7ns 
905512     INFO  Test worker     d.u.i.k.s.n.ProveSMTLemmasTest Now processing file /tmp/SMT_lemma_arrayRange.dl_6860339787109410648.key 
905512     INFO  Test worker     d.u.i.k.p.i.AbstractProblemLoader Loading environment from /tmp/SMT_lemma_arrayRange.dl_6860339787109410648.key 
905512     DEBUG Test worker     d.u.i.k.p.i.AbstractProblemLoader Environment load took 57ns 
905514     INFO  Test worker     d.u.i.k.p.i.AbstractProblemLoader Creating init config 
909013     DEBUG Test worker     d.u.i.k.p.i.AbstractProblemLoader Init config took 3.5s 
909032     INFO  Test worker     d.u.i.k.p.i.AbstractProblemLoader Replaying proof SMT_lemma_arrayRange.dl_6860339787109410648.key 
909034     DEBUG Test worker     d.u.i.k.p.i.IntermediateProofReplayer Proof replay took 8.2ns 
909137     INFO  Test worker     d.u.i.k.s.n.ProveSMTLemmasTest Now processing file /tmp/SMT_lemma_seqConcat.dl_16725922207218307425.key 
909137     INFO  Test worker     d.u.i.k.p.i.AbstractProblemLoader Loading environment from /tmp/SMT_lemma_seqConcat.dl_16725922207218307425.key 
909137     DEBUG Test worker     d.u.i.k.p.i.AbstractProblemLoader Environment load took 63.5ns 
909138     INFO  Test worker     d.u.i.k.p.i.AbstractProblemLoader Creating init config 
912683     DEBUG Test worker     d.u.i.k.p.i.AbstractProblemLoader Init config took 3.55s 
912702     INFO  Test worker     d.u.i.k.p.i.AbstractProblemLoader Replaying proof SMT_lemma_seqConcat.dl_16725922207218307425.key 
912703     DEBUG Test worker     d.u.i.k.p.i.IntermediateProofReplayer Proof replay took 7.8ns 
912807     INFO  Test worker     d.u.i.k.s.n.ProveSMTLemmasTest Now processing file /tmp/SMT_lemma_seqLen.dl_12962790518255147691.key 
912808     INFO  Test worker     d.u.i.k.p.i.AbstractProblemLoader Loading environment from /tmp/SMT_lemma_seqLen.dl_12962790518255147691.key 
912808     DEBUG Test worker     d.u.i.k.p.i.AbstractProblemLoader Environment load took 64.4ns 
912809     INFO  Test worker     d.u.i.k.p.i.AbstractProblemLoader Creating init config 
916326     DEBUG Test worker     d.u.i.k.p.i.AbstractProblemLoader Init config took 3.52s 
916343     INFO  Test worker     d.u.i.k.p.i.AbstractProblemLoader Replaying proof SMT_lemma_seqLen.dl_12962790518255147691.key 
916344     DEBUG Test worker     d.u.i.k.p.i.IntermediateProofReplayer Proof replay took 8ns 
916447     INFO  Test worker     d.u.i.k.s.n.ProveSMTLemmasTest Now processing file /tmp/SMT_lemma_length.dl_8940458618060336130.key 
916448     INFO  Test worker     d.u.i.k.p.i.AbstractProblemLoader Loading environment from /tmp/SMT_lemma_length.dl_8940458618060336130.key 
916448     DEBUG Test worker     d.u.i.k.p.i.AbstractProblemLoader Environment load took 100.2ns 
916449     INFO  Test worker     d.u.i.k.p.i.AbstractProblemLoader Creating init config 
919964     DEBUG Test worker     d.u.i.k.p.i.AbstractProblemLoader Init config took 3.52s 
919981     INFO  Test worker     d.u.i.k.p.i.AbstractProblemLoader Replaying proof SMT_lemma_length.dl_8940458618060336130.key 
919982     DEBUG Test worker     d.u.i.k.p.i.IntermediateProofReplayer Proof replay took 7.3ns 
920085     INFO  Test worker     d.u.i.k.s.n.ProveSMTLemmasTest Now processing file /tmp/SMT_lemma_freshLocs.dl_5596687707622161636.key 
920086     INFO  Test worker     d.u.i.k.p.i.AbstractProblemLoader Loading environment from /tmp/SMT_lemma_freshLocs.dl_5596687707622161636.key 
920086     DEBUG Test worker     d.u.i.k.p.i.AbstractProblemLoader Environment load took 146.4ns 
920087     INFO  Test worker     d.u.i.k.p.i.AbstractProblemLoader Creating init config 
923653     DEBUG Test worker     d.u.i.k.p.i.AbstractProblemLoader Init config took 3.57s 
923669     INFO  Test worker     d.u.i.k.p.i.AbstractProblemLoader Replaying proof SMT_lemma_freshLocs.dl_5596687707622161636.key 
923670     DEBUG Test worker     d.u.i.k.p.i.IntermediateProofReplayer Proof replay took 11.1ns 
923773     INFO  Test worker     d.u.i.k.s.n.ProveSMTLemmasTest Now processing file /tmp/SMT_lemma_anon.dl_2021580213493525486.key 
923773     INFO  Test worker     d.u.i.k.p.i.AbstractProblemLoader Loading environment from /tmp/SMT_lemma_anon.dl_2021580213493525486.key 
923773     DEBUG Test worker     d.u.i.k.p.i.AbstractProblemLoader Environment load took 56.7ns 
923774     INFO  Test worker     d.u.i.k.p.i.AbstractProblemLoader Creating init config 
927394     DEBUG Test worker     d.u.i.k.p.i.AbstractProblemLoader Init config took 3.62s 
927411     INFO  Test worker     d.u.i.k.p.i.AbstractProblemLoader Replaying proof SMT_lemma_anon.dl_2021580213493525486.key 
927413     DEBUG Test worker     d.u.i.k.p.i.IntermediateProofReplayer Proof replay took 8ns 
927515     INFO  Test worker     d.u.i.k.s.n.ProveSMTLemmasTest Now processing file /tmp/SMT_lemma_memset.dl_99023596689334019.key 
927516     INFO  Test worker     d.u.i.k.p.i.AbstractProblemLoader Loading environment from /tmp/SMT_lemma_memset.dl_99023596689334019.key 
927516     DEBUG Test worker     d.u.i.k.p.i.AbstractProblemLoader Environment load took 55.1ns 
927518     INFO  Test worker     d.u.i.k.p.i.AbstractProblemLoader Creating init config 
931130     DEBUG Test worker     d.u.i.k.p.i.AbstractProblemLoader Init config took 3.61s 
931147     INFO  Test worker     d.u.i.k.p.i.AbstractProblemLoader Replaying proof SMT_lemma_memset.dl_99023596689334019.key 
931148     DEBUG Test worker     d.u.i.k.p.i.IntermediateProofReplayer Proof replay took 7.5ns 
931251     INFO  Test worker     d.u.i.k.s.n.ProveSMTLemmasTest Now processing file /tmp/SMT_lemma_store.dl_11799845699087199594.key 
931251     INFO  Test worker     d.u.i.k.p.i.AbstractProblemLoader Loading environment from /tmp/SMT_lemma_store.dl_11799845699087199594.key 
931252     DEBUG Test worker     d.u.i.k.p.i.AbstractProblemLoader Environment load took 87.9ns 
931253     INFO  Test worker     d.u.i.k.p.i.AbstractProblemLoader Creating init config 
934843     DEBUG Test worker     d.u.i.k.p.i.AbstractProblemLoader Init config took 3.59s 
934865     INFO  Test worker     d.u.i.k.p.i.AbstractProblemLoader Replaying proof SMT_lemma_store.dl_11799845699087199594.key 
934869     DEBUG Test worker     d.u.i.k.p.i.IntermediateProofReplayer Proof replay took 10.1ns 
934972     INFO  Test worker     d.u.i.k.s.n.ProveSMTLemmasTest Now processing file /tmp/SMT_lemma_seqSub.dl.2_10166970121559131897.key 
934973     INFO  Test worker     d.u.i.k.p.i.AbstractProblemLoader Loading environment from /tmp/SMT_lemma_seqSub.dl.2_10166970121559131897.key 
934973     DEBUG Test worker     d.u.i.k.p.i.AbstractProblemLoader Environment load took 65.9ns 
934974     INFO  Test worker     d.u.i.k.p.i.AbstractProblemLoader Creating init config 
938545     DEBUG Test worker     d.u.i.k.p.i.AbstractProblemLoader Init config took 3.57s 
938561     INFO  Test worker     d.u.i.k.p.i.AbstractProblemLoader Replaying proof SMT_lemma_seqSub.dl.2_10166970121559131897.key 
938562     DEBUG Test worker     d.u.i.k.p.i.IntermediateProofReplayer Proof replay took 6.6ns 
938665     INFO  Test worker     d.u.i.k.s.n.ProveSMTLemmasTest Now processing file /tmp/SMT_lemma_seqSingleton.dl_17359648984898581690.key 
938665     INFO  Test worker     d.u.i.k.p.i.AbstractProblemLoader Loading environment from /tmp/SMT_lemma_seqSingleton.dl_17359648984898581690.key 
938665     DEBUG Test worker     d.u.i.k.p.i.AbstractProblemLoader Environment load took 83.9ns 
938666     INFO  Test worker     d.u.i.k.p.i.AbstractProblemLoader Creating init config 
942177     DEBUG Test worker     d.u.i.k.p.i.AbstractProblemLoader Init config took 3.51s 
942196     INFO  Test worker     d.u.i.k.p.i.AbstractProblemLoader Replaying proof SMT_lemma_seqSingleton.dl_17359648984898581690.key 
942197     DEBUG Test worker     d.u.i.k.p.i.IntermediateProofReplayer Proof replay took 7.6ns 
942301     INFO  Test worker     d.u.i.k.s.n.ProveSMTLemmasTest Now processing file /tmp/SMT_lemma_seqSingleton.dl.2_10672710162131610772.key 
942302     INFO  Test worker     d.u.i.k.p.i.AbstractProblemLoader Loading environment from /tmp/SMT_lemma_seqSingleton.dl.2_10672710162131610772.key 
942302     DEBUG Test worker     d.u.i.k.p.i.AbstractProblemLoader Environment load took 273.1ns 
942303     INFO  Test worker     d.u.i.k.p.i.AbstractProblemLoader Creating init config 
945882     DEBUG Test worker     d.u.i.k.p.i.AbstractProblemLoader Init config took 3.58s 
945897     INFO  Test worker     d.u.i.k.p.i.AbstractProblemLoader Replaying proof SMT_lemma_seqSingleton.dl.2_10672710162131610772.key 
945899     DEBUG Test worker     d.u.i.k.p.i.IntermediateProofReplayer Proof replay took 7.2ns 
946002     INFO  Test worker     d.u.i.k.s.n.ProveSMTLemmasTest Now processing file /tmp/SMT_lemma_null.dl_9872647813647442855.key 
946002     INFO  Test worker     d.u.i.k.p.i.AbstractProblemLoader Loading environment from /tmp/SMT_lemma_null.dl_9872647813647442855.key 
946002     DEBUG Test worker     d.u.i.k.p.i.AbstractProblemLoader Environment load took 95ns 
946003     INFO  Test worker     d.u.i.k.p.i.AbstractProblemLoader Creating init config 
949499     DEBUG Test worker     d.u.i.k.p.i.AbstractProblemLoader Init config took 3.5s 
949515     INFO  Test worker     d.u.i.k.p.i.AbstractProblemLoader Replaying proof SMT_lemma_null.dl_9872647813647442855.key 
949516     DEBUG Test worker     d.u.i.k.p.i.IntermediateProofReplayer Proof replay took 7.8ns 
]]></system-out>
  <system-err><![CDATA[]]></system-err>
</testsuite>
