<?xml version="1.0" encoding="UTF-8"?>
<testsuite name="org.key_project.util.testcase.java.IOUtilTest" tests="26" skipped="0" failures="0" errors="0" timestamp="2023-06-02T21:01:18" hostname="fv-az192-928" time="0.416">
  <properties/>
  <testcase name="testWriteTo_Charstet()" classname="org.key_project.util.testcase.java.IOUtilTest" time="0.084"/>
  <testcase name="testValidateOSIndependentFileName()" classname="org.key_project.util.testcase.java.IOUtilTest" time="0.002"/>
  <testcase name="testCreateTempDirectory()" classname="org.key_project.util.testcase.java.IOUtilTest" time="0.004"/>
  <testcase name="testUnifyLineBreaks()" classname="org.key_project.util.testcase.java.IOUtilTest" time="0.001"/>
  <testcase name="testToURI()" classname="org.key_project.util.testcase.java.IOUtilTest" time="0.007"/>
  <testcase name="testVisit()" classname="org.key_project.util.testcase.java.IOUtilTest" time="0.02"/>
  <testcase name="testCopy()" classname="org.key_project.util.testcase.java.IOUtilTest" time="0.01"/>
  <testcase name="testGetHomeDirectory()" classname="org.key_project.util.testcase.java.IOUtilTest" time="0.005"/>
  <testcase name="testLineInformationNormalizeColumn()" classname="org.key_project.util.testcase.java.IOUtilTest" time="0.034"/>
  <testcase name="testContains_Iterable()" classname="org.key_project.util.testcase.java.IOUtilTest" time="0.023"/>
  <testcase name="testContains_File()" classname="org.key_project.util.testcase.java.IOUtilTest" time="0.011"/>
  <testcase name="testReadFrom_File()" classname="org.key_project.util.testcase.java.IOUtilTest" time="0.005"/>
  <testcase name="testToFileString()" classname="org.key_project.util.testcase.java.IOUtilTest" time="0.055"/>
  <testcase name="testGetFileNameWithoutExtension()" classname="org.key_project.util.testcase.java.IOUtilTest" time="0.001"/>
  <testcase name="testGetClassLocation()" classname="org.key_project.util.testcase.java.IOUtilTest" time="0.001"/>
  <testcase name="testGetFileExtension()" classname="org.key_project.util.testcase.java.IOUtilTest" time="0.0"/>
  <testcase name="testComputeLineInformation_File()" classname="org.key_project.util.testcase.java.IOUtilTest" time="0.041"/>
  <testcase name="testReadFrom_InputStream()" classname="org.key_project.util.testcase.java.IOUtilTest" time="0.002"/>
  <testcase name="testWriteTo()" classname="org.key_project.util.testcase.java.IOUtilTest" time="0.002"/>
  <testcase name="testGetCurrentDirectory()" classname="org.key_project.util.testcase.java.IOUtilTest" time="0.005"/>
  <testcase name="testDelete()" classname="org.key_project.util.testcase.java.IOUtilTest" time="0.009"/>
  <testcase name="testExists()" classname="org.key_project.util.testcase.java.IOUtilTest" time="0.005"/>
  <testcase name="testComputeLineInformation_InputStream()" classname="org.key_project.util.testcase.java.IOUtilTest" time="0.024"/>
  <testcase name="testGetProjectRoot()" classname="org.key_project.util.testcase.java.IOUtilTest" time="0.0"/>
  <testcase name="testSearch()" classname="org.key_project.util.testcase.java.IOUtilTest" time="0.014"/>
  <testcase name="testToFile()" classname="org.key_project.util.testcase.java.IOUtilTest" time="0.002"/>
  <system-out><![CDATA[]]></system-out>
  <system-err><![CDATA[]]></system-err>
</testsuite>
