<?xml version="1.0" encoding="UTF-8"?>
<testsuite name="org.key_project.util.collection.TestImmutables" tests="13" skipped="0" failures="0" errors="0" timestamp="2023-06-02T21:01:15" hostname="fv-az192-928" time="2.429">
  <properties/>
  <testcase name="testMap()" classname="org.key_project.util.collection.TestImmutables" time="0.015"/>
  <testcase name="testRemoveDuplicates()" classname="org.key_project.util.collection.TestImmutables" time="0.004"/>
  <testcase name="testIntersectEmpty()" classname="org.key_project.util.collection.TestImmutables" time="0.005"/>
  <testcase name="testUnion()" classname="org.key_project.util.collection.TestImmutables" time="1.302"/>
  <testcase name="testRemoveDuplicatesLarge()" classname="org.key_project.util.collection.TestImmutables" time="0.002"/>
  <testcase name="testRemoveDuplicatesIdentical()" classname="org.key_project.util.collection.TestImmutables" time="0.007"/>
  <testcase name="testIsDuplicateFree()" classname="org.key_project.util.collection.TestImmutables" time="0.005"/>
  <testcase name="testHashCodes()" classname="org.key_project.util.collection.TestImmutables" time="0.0"/>
  <testcase name="testFilterStackoverflow()" classname="org.key_project.util.collection.TestImmutables" time="0.225"/>
  <testcase name="testExistsStackoverflow()" classname="org.key_project.util.collection.TestImmutables" time="0.339"/>
  <testcase name="testFilter()" classname="org.key_project.util.collection.TestImmutables" time="0.001"/>
  <testcase name="testMapStackoverflow()" classname="org.key_project.util.collection.TestImmutables" time="0.499"/>
  <testcase name="testEqualityEmpty()" classname="org.key_project.util.collection.TestImmutables" time="0.002"/>
  <system-out><![CDATA[]]></system-out>
  <system-err><![CDATA[]]></system-err>
</testsuite>
