<?xml version="1.0" encoding="UTF-8"?>
<testsuite name="de.uka.ilkd.key.testcase.smt.testgen.TestTestgen" tests="1" skipped="0" failures="0" errors="0" timestamp="2023-04-28T12:38:35" hostname="fv-az456-502" time="4.915">
  <properties/>
  <testcase name="testMiddle()" classname="de.uka.ilkd.key.testcase.smt.testgen.TestTestgen" time="4.915"/>
  <system-out><![CDATA[15729      WARN  Test worker     d.u.i.k.t.s.t.TestTestgen Warning: Z3_CE is not installed, tests skipped. 
15729      WARN  Test worker     d.u.i.k.t.s.t.TestTestgen Maybe use JVM system property "z3SolverPath" to define the path to the Z3 command. 
15729      INFO  Test worker     d.u.i.k.p.i.AbstractProblemLoader Loading environment from src\test\resources\testcase\smt\tg\middle.key 
15729      DEBUG Test worker     d.u.i.k.p.i.AbstractProblemLoader Environment load took 519.9ns 
15744      INFO  Test worker     d.u.i.k.p.i.AbstractProblemLoader Creating init config 
19873      DEBUG Test worker     d.u.i.k.p.i.AbstractProblemLoader Init config took 4.13s 
19998      INFO  Test worker     d.u.i.k.p.i.AbstractProblemLoader Replaying proof Middle[Middle::middle(int,int,int)].JML normal_behavior operation contract.0 
19998      DEBUG Test worker     d.u.i.k.p.i.IntermediateProofReplayer Proof replay took 16.2ns 
]]></system-out>
  <system-err><![CDATA[]]></system-err>
</testsuite>
