<?xml version="1.0" encoding="UTF-8"?>
<testsuite name="de.uka.ilkd.key.parser.TestDeclParser" tests="14" skipped="2" failures="0" errors="0" timestamp="2023-04-18T14:05:46" hostname="fv-az192-70" time="10.5">
  <properties/>
  <testcase name="testGenericSortDecl1()" classname="de.uka.ilkd.key.parser.TestDeclParser" time="0.964"/>
  <testcase name="testGenericSortDecl2()" classname="de.uka.ilkd.key.parser.TestDeclParser" time="0.836"/>
  <testcase name="testGenericSortDecl3()" classname="de.uka.ilkd.key.parser.TestDeclParser" time="0.942"/>
  <testcase name="testGenericSortDecl4()" classname="de.uka.ilkd.key.parser.TestDeclParser" time="0.901"/>
  <testcase name="testGenericSortDecl5()" classname="de.uka.ilkd.key.parser.TestDeclParser" time="0.0">
    <skipped/>
  </testcase>
  <testcase name="testGenericSortDecl6()" classname="de.uka.ilkd.key.parser.TestDeclParser" time="0.824"/>
  <testcase name="testSortDecl()" classname="de.uka.ilkd.key.parser.TestDeclParser" time="0.909"/>
  <testcase name="testProxySortDecl()" classname="de.uka.ilkd.key.parser.TestDeclParser" time="0.852"/>
  <testcase name="testArrayDecl()" classname="de.uka.ilkd.key.parser.TestDeclParser" time="0.805"/>
  <testcase name="testAmbiguousDecls()" classname="de.uka.ilkd.key.parser.TestDeclParser" time="0.0">
    <skipped/>
  </testcase>
  <testcase name="testHeurDecl()" classname="de.uka.ilkd.key.parser.TestDeclParser" time="0.905"/>
  <testcase name="testFunctionDecl()" classname="de.uka.ilkd.key.parser.TestDeclParser" time="0.794"/>
  <testcase name="testPredicateDecl()" classname="de.uka.ilkd.key.parser.TestDeclParser" time="0.912"/>
  <testcase name="testSVDecl()" classname="de.uka.ilkd.key.parser.TestDeclParser" time="0.851"/>
  <system-out><![CDATA[203101     INFO  Test worker     d.u.i.k.n.KeyIO           Parsing took 0 ms 
203101     INFO  Test worker     d.u.i.k.n.KeyIO           MODE: declarations took 0 ms 
203937     INFO  Test worker     d.u.i.k.n.KeyIO           Parsing took 0 ms 
203937     INFO  Test worker     d.u.i.k.n.KeyIO           MODE: declarations took 0 ms 
204883     INFO  Test worker     d.u.i.k.n.KeyIO           Parsing took 0 ms 
204883     INFO  Test worker     d.u.i.k.n.KeyIO           MODE: declarations took 0 ms 
205773     INFO  Test worker     d.u.i.k.n.KeyIO           Parsing took 0 ms 
205773     INFO  Test worker     d.u.i.k.n.KeyIO           MODE: declarations took 0 ms 
206601     INFO  Test worker     d.u.i.k.n.KeyIO           Parsing took 0 ms 
206601     INFO  Test worker     d.u.i.k.n.KeyIO           MODE: declarations took 0 ms 
207518     INFO  Test worker     d.u.i.k.n.KeyIO           Parsing took 0 ms 
207518     INFO  Test worker     d.u.i.k.n.KeyIO           MODE: declarations took 0 ms 
208371     INFO  Test worker     d.u.i.k.n.KeyIO           Parsing took 15 ms 
208371     INFO  Test worker     d.u.i.k.n.KeyIO           MODE: declarations took 0 ms 
209172     INFO  Test worker     d.u.i.k.n.KeyIO           Parsing took 0 ms 
209172     INFO  Test worker     d.u.i.k.n.KeyIO           MODE: declarations took 0 ms 
210080     INFO  Test worker     d.u.i.k.n.KeyIO           Parsing took 0 ms 
210080     INFO  Test worker     d.u.i.k.n.KeyIO           MODE: declarations took 0 ms 
210877     INFO  Test worker     d.u.i.k.n.KeyIO           Parsing took 0 ms 
210877     INFO  Test worker     d.u.i.k.n.KeyIO           MODE: declarations took 0 ms 
211789     INFO  Test worker     d.u.i.k.n.KeyIO           Parsing took 0 ms 
211789     INFO  Test worker     d.u.i.k.n.KeyIO           MODE: declarations took 0 ms 
212649     INFO  Test worker     d.u.i.k.n.KeyIO           Parsing took 0 ms 
212649     INFO  Test worker     d.u.i.k.n.KeyIO           MODE: declarations took 0 ms 
]]></system-out>
  <system-err><![CDATA[]]></system-err>
</testsuite>
