<?xml version="1.0" encoding="UTF-8"?>
<testsuite name="de.uka.ilkd.key.nparser.ExprTest" tests="23" skipped="0" failures="0" errors="0" timestamp="2023-04-18T14:05:33" hostname="fv-az192-70" time="2.351">
  <properties/>
  <testcase name="[1] (bprod{int y;}(1, 2, y) = 0)" classname="de.uka.ilkd.key.nparser.ExprTest" time="0.04"/>
  <testcase name="[2] 1 = 1 -&gt; 2 = 2" classname="de.uka.ilkd.key.nparser.ExprTest" time="0.033"/>
  <testcase name="[3] \&lt; { int x = 1; } \&gt; x=1" classname="de.uka.ilkd.key.nparser.ExprTest" time="0.949"/>
  <testcase name="[4] \&lt;{ int x = 1; {int s = 2;} }\&gt; x=x" classname="de.uka.ilkd.key.nparser.ExprTest" time="0.833"/>
  <testcase name="[5] true" classname="de.uka.ilkd.key.nparser.ExprTest" time="0.02"/>
  <testcase name="[6] true &amp; false" classname="de.uka.ilkd.key.nparser.ExprTest" time="0.016"/>
  <testcase name="[7] 0" classname="de.uka.ilkd.key.nparser.ExprTest" time="0.021"/>
  <testcase name="[8] 1" classname="de.uka.ilkd.key.nparser.ExprTest" time="0.019"/>
  <testcase name="[9] 42" classname="de.uka.ilkd.key.nparser.ExprTest" time="0.018"/>
  <testcase name="[10] -5" classname="de.uka.ilkd.key.nparser.ExprTest" time="0.013"/>
  <testcase name="[11] 1 + 1 = 2" classname="de.uka.ilkd.key.nparser.ExprTest" time="0.105"/>
  <testcase name="[12] \if (3=4) \then (1) \else (2)" classname="de.uka.ilkd.key.nparser.ExprTest" time="0.014"/>
  <testcase name="[13] \if (3=4 &amp; 1=1) \then (\if (3=4) \then (1) \else (2)) \else (2)" classname="de.uka.ilkd.key.nparser.ExprTest" time="0.015"/>
  <testcase name="[14] aa + bb*cc" classname="de.uka.ilkd.key.nparser.ExprTest" time="0.019"/>
  <testcase name="[15] aa%bb*cc &lt; -123" classname="de.uka.ilkd.key.nparser.ExprTest" time="0.015"/>
  <testcase name="[16] \forall int x; true" classname="de.uka.ilkd.key.nparser.ExprTest" time="0.013"/>
  <testcase name="[17] \forall numbers x; x = x" classname="de.uka.ilkd.key.nparser.ExprTest" time="0.062"/>
  <testcase name="[18] (int)3+2" classname="de.uka.ilkd.key.nparser.ExprTest" time="0.016"/>
  <testcase name="[19] 1.f + 1f = 20e-1f * (2f-1f)" classname="de.uka.ilkd.key.nparser.ExprTest" time="0.032"/>
  <testcase name="[20] 1.d + 1d &lt;= 20e+1d * .01d" classname="de.uka.ilkd.key.nparser.ExprTest" time="0.018"/>
  <testcase name="[21] 1f &lt;= 2f" classname="de.uka.ilkd.key.nparser.ExprTest" time="0.023"/>
  <testcase name="[22] 2d &gt; 1d" classname="de.uka.ilkd.key.nparser.ExprTest" time="0.016"/>
  <testcase name="[23] seqEmpty + seqEmpty" classname="de.uka.ilkd.key.nparser.ExprTest" time="0.018"/>
  <system-out><![CDATA[189074     INFO  Test worker     d.u.i.k.n.KeyIO           Parsing took 31 ms 
189074     INFO  Test worker     d.u.i.k.n.KeyIO           MODE: declarations took 0 ms 
189074     INFO  Test worker     d.u.i.k.n.ExprTest        Term: equals(bprod{y:int}(Z(1(#)),Z(2(#)),y),Z(0(#))) 
189106     INFO  Test worker     d.u.i.k.n.KeyIO           Parsing took 16 ms 
189106     INFO  Test worker     d.u.i.k.n.KeyIO           MODE: declarations took 0 ms 
189106     INFO  Test worker     d.u.i.k.n.ExprTest        Term: imp(equals(Z(1(#)),Z(1(#))),equals(Z(2(#)),Z(2(#)))) 
189137     INFO  Test worker     d.u.i.k.n.KeyIO           Parsing took 16 ms 
189137     INFO  Test worker     d.u.i.k.n.KeyIO           MODE: declarations took 0 ms 
190048     INFO  Test worker     d.u.i.k.n.ExprTest        Term: \<{
  int x = 1;
}\> (equals(x,Z(1(#)))) 
190079     INFO  Test worker     d.u.i.k.n.KeyIO           Parsing took 16 ms 
190079     INFO  Test worker     d.u.i.k.n.KeyIO           MODE: declarations took 0 ms 
190883     INFO  Test worker     d.u.i.k.n.ExprTest        Term: \<{
  int x = 1;
  {
    int s = 2;
  }
}\> (equals(x,x)) 
190898     INFO  Test worker     d.u.i.k.n.KeyIO           Parsing took 0 ms 
190914     INFO  Test worker     d.u.i.k.n.KeyIO           MODE: declarations took 16 ms 
190914     INFO  Test worker     d.u.i.k.n.ExprTest        Term: true 
190929     INFO  Test worker     d.u.i.k.n.KeyIO           Parsing took 15 ms 
190929     INFO  Test worker     d.u.i.k.n.KeyIO           MODE: declarations took 0 ms 
190929     INFO  Test worker     d.u.i.k.n.ExprTest        Term: and(true,false) 
190945     INFO  Test worker     d.u.i.k.n.KeyIO           Parsing took 16 ms 
190945     INFO  Test worker     d.u.i.k.n.KeyIO           MODE: declarations took 0 ms 
190945     INFO  Test worker     d.u.i.k.n.ExprTest        Term: Z(0(#)) 
190961     INFO  Test worker     d.u.i.k.n.KeyIO           Parsing took 0 ms 
190961     INFO  Test worker     d.u.i.k.n.KeyIO           MODE: declarations took 0 ms 
190976     INFO  Test worker     d.u.i.k.n.ExprTest        Term: Z(1(#)) 
190992     INFO  Test worker     d.u.i.k.n.KeyIO           Parsing took 16 ms 
190992     INFO  Test worker     d.u.i.k.n.KeyIO           MODE: declarations took 0 ms 
190992     INFO  Test worker     d.u.i.k.n.ExprTest        Term: Z(2(4(#))) 
190992     INFO  Test worker     d.u.i.k.n.KeyIO           Parsing took 0 ms 
190992     INFO  Test worker     d.u.i.k.n.KeyIO           MODE: declarations took 0 ms 
191008     INFO  Test worker     d.u.i.k.n.ExprTest        Term: Z(neglit(5(#))) 
191101     INFO  Test worker     d.u.i.k.n.KeyIO           Parsing took 93 ms 
191101     INFO  Test worker     d.u.i.k.n.KeyIO           MODE: declarations took 0 ms 
191101     INFO  Test worker     d.u.i.k.n.ExprTest        Term: equals(add(Z(1(#)),Z(1(#))),Z(2(#))) 
191117     INFO  Test worker     d.u.i.k.n.KeyIO           Parsing took 0 ms 
191117     INFO  Test worker     d.u.i.k.n.KeyIO           MODE: declarations took 0 ms 
191117     INFO  Test worker     d.u.i.k.n.ExprTest        Term: if-then-else(equals(Z(3(#)),Z(4(#))),Z(1(#)),Z(2(#))) 
191133     INFO  Test worker     d.u.i.k.n.KeyIO           Parsing took 0 ms 
191133     INFO  Test worker     d.u.i.k.n.KeyIO           MODE: declarations took 0 ms 
191133     INFO  Test worker     d.u.i.k.n.ExprTest        Term: if-then-else(and(equals(Z(3(#)),Z(4(#))),equals(Z(1(#)),Z(1(#)))),if-then-else(equals(Z(3(#)),Z(4(#))),Z(1(#)),Z(2(#))),Z(2(#))) 
191164     INFO  Test worker     d.u.i.k.n.KeyIO           Parsing took 16 ms 
191164     INFO  Test worker     d.u.i.k.n.KeyIO           MODE: declarations took 0 ms 
191164     INFO  Test worker     d.u.i.k.n.ExprTest        Term: add(aa,mul(bb,cc)) 
191179     INFO  Test worker     d.u.i.k.n.KeyIO           Parsing took 15 ms 
191179     INFO  Test worker     d.u.i.k.n.KeyIO           MODE: declarations took 0 ms 
191179     INFO  Test worker     d.u.i.k.n.ExprTest        Term: lt(mul(mod(aa,bb),cc),Z(neglit(3(2(1(#)))))) 
191179     INFO  Test worker     d.u.i.k.n.KeyIO           Parsing took 0 ms 
191179     INFO  Test worker     d.u.i.k.n.KeyIO           MODE: declarations took 0 ms 
191195     INFO  Test worker     d.u.i.k.n.ExprTest        Term: all{x:int}(true) 
191195     INFO  Test worker     d.u.i.k.n.KeyIO           Parsing took 0 ms 
191195     INFO  Test worker     d.u.i.k.n.KeyIO           MODE: declarations took 0 ms 
191258     INFO  Test worker     d.u.i.k.n.ExprTest        Term: all{x:numbers}(equals(x,x)) 
191258     INFO  Test worker     d.u.i.k.n.KeyIO           Parsing took 0 ms 
191273     INFO  Test worker     d.u.i.k.n.KeyIO           MODE: declarations took 15 ms 
191273     INFO  Test worker     d.u.i.k.n.ExprTest        Term: add(int::cast(Z(3(#))),Z(2(#))) 
191289     INFO  Test worker     d.u.i.k.n.KeyIO           Parsing took 16 ms 
191289     INFO  Test worker     d.u.i.k.n.KeyIO           MODE: declarations took 0 ms 
191289     INFO  Test worker     d.u.i.k.n.ExprTest        Term: equals(addFloat(FP(6(1(2(3(5(3(5(6(0(1(#))))))))))),FP(6(1(2(3(5(3(5(6(0(1(#)))))))))))),mulFloat(FP(4(2(8(1(4(7(3(7(0(1(#))))))))))),subFloat(FP(4(2(8(1(4(7(3(7(0(1(#))))))))))),FP(6(1(2(3(5(3(5(6(0(1(#)))))))))))))) 
191320     INFO  Test worker     d.u.i.k.n.KeyIO           Parsing took 16 ms 
191320     INFO  Test worker     d.u.i.k.n.KeyIO           MODE: declarations took 0 ms 
191320     INFO  Test worker     d.u.i.k.n.ExprTest        Term: leqDouble(addDouble(DFP(8(0(4(7(1(0(0(0(8(8(1(4(2(8(1(7(0(6(4(#)))))))))))))))))))),DFP(8(0(4(7(1(0(0(0(8(8(1(4(2(8(1(7(0(6(4(#))))))))))))))))))))),mulDouble(DFP(4(8(7(6(0(0(2(8(9(0(9(8(0(4(2(1(4(6(4(#)))))))))))))))))))),DFP(5(7(6(7(8(0(4(0(3(9(2(2(8(1(9(6(7(5(4(#)))))))))))))))))))))) 
191336     INFO  Test worker     d.u.i.k.n.KeyIO           Parsing took 16 ms 
191336     INFO  Test worker     d.u.i.k.n.KeyIO           MODE: declarations took 0 ms 
191351     INFO  Test worker     d.u.i.k.n.ExprTest        Term: leqFloat(FP(6(1(2(3(5(3(5(6(0(1(#))))))))))),FP(4(2(8(1(4(7(3(7(0(1(#)))))))))))) 
191351     INFO  Test worker     d.u.i.k.n.KeyIO           Parsing took 0 ms 
191367     INFO  Test worker     d.u.i.k.n.KeyIO           MODE: declarations took 0 ms 
191367     INFO  Test worker     d.u.i.k.n.ExprTest        Term: gtDouble(DFP(4(0(9(7(8(3(7(2(4(8(1(0(6(8(6(1(1(6(4(#)))))))))))))))))))),DFP(8(0(4(7(1(0(0(0(8(8(1(4(2(8(1(7(0(6(4(#))))))))))))))))))))) 
191383     INFO  Test worker     d.u.i.k.n.KeyIO           Parsing took 16 ms 
191383     INFO  Test worker     d.u.i.k.n.KeyIO           MODE: declarations took 0 ms 
191383     INFO  Test worker     d.u.i.k.n.ExprTest        Term: seqConcat(seqEmpty,seqEmpty) 
]]></system-out>
  <system-err><![CDATA[]]></system-err>
</testsuite>
