<?xml version="1.0" encoding="UTF-8"?>
<testsuite name="de.uka.ilkd.key.nparser.ParseLDTsTests" tests="2" skipped="0" failures="0" errors="0" timestamp="2023-04-18T14:05:35" hostname="fv-az192-70" time="0.928">
  <properties/>
  <testcase name="testLDT()" classname="de.uka.ilkd.key.nparser.ParseLDTsTests" time="0.02"/>
  <testcase name="testSR()" classname="de.uka.ilkd.key.nparser.ParseLDTsTests" time="0.908"/>
  <system-out><![CDATA[191398     INFO  Test worker     d.u.i.k.n.KeyIO           Parsing took 15 ms 
191398     INFO  Test worker     d.u.i.k.n.KeyIO           MODE: declarations took 0 ms 
191726     INFO  Test worker     d.u.i.k.n.KeyIO           Parsing took 312 ms 
191742     INFO  Test worker     d.u.i.k.n.KeyIO           MODE: declarations took 16 ms 
]]></system-out>
  <system-err><![CDATA[]]></system-err>
</testsuite>
