<?xml version="1.0" encoding="UTF-8"?>
<testsuite name="de.uka.ilkd.key.proof.reference.TestReferenceSearcher" tests="1" skipped="0" failures="0" errors="0" timestamp="2023-04-18T14:09:24" hostname="fv-az192-70" time="3.743">
  <properties/>
  <testcase name="testFindsReferenceInSameProof()" classname="de.uka.ilkd.key.proof.reference.TestReferenceSearcher" time="3.743"/>
  <system-out><![CDATA[]]></system-out>
  <system-err><![CDATA[]]></system-err>
</testsuite>
