<?xml version="1.0" encoding="UTF-8"?>
<testsuite name="de.uka.ilkd.key.logic.TestClashFreeSubst" tests="14" skipped="2" failures="0" errors="0" timestamp="2023-04-18T14:03:01" hostname="fv-az192-70" time="45.988">
  <properties/>
  <testcase name="testMultiShareBound()" classname="de.uka.ilkd.key.logic.TestClashFreeSubst" time="0.911"/>
  <testcase name="testClash()" classname="de.uka.ilkd.key.logic.TestClashFreeSubst" time="0.897"/>
  <testcase name="testShare()" classname="de.uka.ilkd.key.logic.TestClashFreeSubst" time="0.836"/>
  <testcase name="testSubst()" classname="de.uka.ilkd.key.logic.TestClashFreeSubst" time="0.877"/>
  <testcase name="testWary0()" classname="de.uka.ilkd.key.logic.TestClashFreeSubst" time="0.863"/>
  <testcase name="testWary1()" classname="de.uka.ilkd.key.logic.TestClashFreeSubst" time="0.851"/>
  <testcase name="testWary2()" classname="de.uka.ilkd.key.logic.TestClashFreeSubst" time="0.829"/>
  <testcase name="testClashInSubstTerm()" classname="de.uka.ilkd.key.logic.TestClashFreeSubst" time="0.876"/>
  <testcase name="testShareWary()" classname="de.uka.ilkd.key.logic.TestClashFreeSubst" time="0.824"/>
  <testcase name="testMultiSubst()" classname="de.uka.ilkd.key.logic.TestClashFreeSubst" time="0.83"/>
  <testcase name="xtestMultiClash()" classname="de.uka.ilkd.key.logic.TestClashFreeSubst" time="0.0">
    <skipped/>
  </testcase>
  <testcase name="testSubstInSubstTerm()" classname="de.uka.ilkd.key.logic.TestClashFreeSubst" time="0.843"/>
  <testcase name="testSubstWary()" classname="de.uka.ilkd.key.logic.TestClashFreeSubst" time="0.849"/>
  <testcase name="xtestMultiClash1()" classname="de.uka.ilkd.key.logic.TestClashFreeSubst" time="0.001">
    <skipped/>
  </testcase>
  <system-out><![CDATA[37489      INFO  Test worker     d.u.i.k.n.KeyIO           Parsing took 0 ms 
37505      INFO  Test worker     d.u.i.k.n.KeyIO           MODE: declarations took 0 ms 
38403      INFO  Test worker     d.u.i.k.n.KeyIO           Parsing took 0 ms 
38403      INFO  Test worker     d.u.i.k.n.KeyIO           MODE: declarations took 0 ms 
41454      INFO  Test worker     d.u.i.k.n.KeyIO           Parsing took 0 ms 
41454      INFO  Test worker     d.u.i.k.n.KeyIO           MODE: declarations took 0 ms 
42349      INFO  Test worker     d.u.i.k.n.KeyIO           Parsing took 0 ms 
42349      INFO  Test worker     d.u.i.k.n.KeyIO           MODE: declarations took 0 ms 
45109      INFO  Test worker     d.u.i.k.n.KeyIO           Parsing took 0 ms 
45109      INFO  Test worker     d.u.i.k.n.KeyIO           MODE: declarations took 0 ms 
45941      INFO  Test worker     d.u.i.k.n.KeyIO           Parsing took 0 ms 
45941      INFO  Test worker     d.u.i.k.n.KeyIO           MODE: declarations took 0 ms 
48722      INFO  Test worker     d.u.i.k.n.KeyIO           Parsing took 0 ms 
48722      INFO  Test worker     d.u.i.k.n.KeyIO           MODE: declarations took 0 ms 
49584      INFO  Test worker     d.u.i.k.n.KeyIO           Parsing took 0 ms 
49584      INFO  Test worker     d.u.i.k.n.KeyIO           MODE: declarations took 0 ms 
52334      INFO  Test worker     d.u.i.k.n.KeyIO           Parsing took 0 ms 
52334      INFO  Test worker     d.u.i.k.n.KeyIO           MODE: declarations took 0 ms 
53198      INFO  Test worker     d.u.i.k.n.KeyIO           Parsing took 0 ms 
53198      INFO  Test worker     d.u.i.k.n.KeyIO           MODE: declarations took 0 ms 
55897      INFO  Test worker     d.u.i.k.n.KeyIO           Parsing took 0 ms 
55897      INFO  Test worker     d.u.i.k.n.KeyIO           MODE: declarations took 0 ms 
56744      INFO  Test worker     d.u.i.k.n.KeyIO           Parsing took 0 ms 
56744      INFO  Test worker     d.u.i.k.n.KeyIO           MODE: declarations took 0 ms 
59487      INFO  Test worker     d.u.i.k.n.KeyIO           Parsing took 0 ms 
59487      INFO  Test worker     d.u.i.k.n.KeyIO           MODE: declarations took 0 ms 
60315      INFO  Test worker     d.u.i.k.n.KeyIO           Parsing took 0 ms 
60315      INFO  Test worker     d.u.i.k.n.KeyIO           MODE: declarations took 0 ms 
63015      INFO  Test worker     d.u.i.k.n.KeyIO           Parsing took 0 ms 
63015      INFO  Test worker     d.u.i.k.n.KeyIO           MODE: declarations took 0 ms 
63892      INFO  Test worker     d.u.i.k.n.KeyIO           Parsing took 0 ms 
63892      INFO  Test worker     d.u.i.k.n.KeyIO           MODE: declarations took 0 ms 
66632      INFO  Test worker     d.u.i.k.n.KeyIO           Parsing took 0 ms 
66647      INFO  Test worker     d.u.i.k.n.KeyIO           MODE: declarations took 0 ms 
67452      INFO  Test worker     d.u.i.k.n.KeyIO           Parsing took 0 ms 
67452      INFO  Test worker     d.u.i.k.n.KeyIO           MODE: declarations took 0 ms 
70157      INFO  Test worker     d.u.i.k.n.KeyIO           Parsing took 0 ms 
70157      INFO  Test worker     d.u.i.k.n.KeyIO           MODE: declarations took 0 ms 
70982      INFO  Test worker     d.u.i.k.n.KeyIO           Parsing took 0 ms 
70982      INFO  Test worker     d.u.i.k.n.KeyIO           MODE: declarations took 0 ms 
76426      INFO  Test worker     d.u.i.k.n.KeyIO           Parsing took 0 ms 
76426      INFO  Test worker     d.u.i.k.n.KeyIO           MODE: declarations took 0 ms 
77252      INFO  Test worker     d.u.i.k.n.KeyIO           Parsing took 0 ms 
77252      INFO  Test worker     d.u.i.k.n.KeyIO           MODE: declarations took 0 ms 
79981      INFO  Test worker     d.u.i.k.n.KeyIO           Parsing took 0 ms 
79981      INFO  Test worker     d.u.i.k.n.KeyIO           MODE: declarations took 0 ms 
80827      INFO  Test worker     d.u.i.k.n.KeyIO           Parsing took 0 ms 
80827      INFO  Test worker     d.u.i.k.n.KeyIO           MODE: declarations took 0 ms 
]]></system-out>
  <system-err><![CDATA[]]></system-err>
</testsuite>
