<?xml version="1.0" encoding="UTF-8"?>
<testsuite name="de.uka.ilkd.key.parser.TestTermParser" tests="47" skipped="4" failures="0" errors="0" timestamp="2023-04-18T14:07:11" hostname="fv-az192-70" time="2.609">
  <properties/>
  <testcase name="testNotEqual()" classname="de.uka.ilkd.key.parser.TestTermParser" time="0.002"/>
  <testcase name="testProgramVariables()" classname="de.uka.ilkd.key.parser.TestTermParser" time="0.042"/>
  <testcase name="testAttributeWithSpecifiedSortOnObject()" classname="de.uka.ilkd.key.parser.TestTermParser" time="0.011"/>
  <testcase name="testCast()" classname="de.uka.ilkd.key.parser.TestTermParser" time="0.002"/>
  <testcase name="testJavaQueryAndAttribute_all()" classname="de.uka.ilkd.key.parser.TestTermParser" time="0.0">
    <skipped/>
  </testcase>
  <testcase name="test10()" classname="de.uka.ilkd.key.parser.TestTermParser" time="0.003"/>
  <testcase name="test11()" classname="de.uka.ilkd.key.parser.TestTermParser" time="0.002"/>
  <testcase name="test12()" classname="de.uka.ilkd.key.parser.TestTermParser" time="0.0">
    <skipped/>
  </testcase>
  <testcase name="test13()" classname="de.uka.ilkd.key.parser.TestTermParser" time="0.006"/>
  <testcase name="test14()" classname="de.uka.ilkd.key.parser.TestTermParser" time="0.003"/>
  <testcase name="test1a()" classname="de.uka.ilkd.key.parser.TestTermParser" time="0.002"/>
  <testcase name="testJavaAttributeAccess_4()" classname="de.uka.ilkd.key.parser.TestTermParser" time="0.003"/>
  <testcase name="testAttributeOnObject()" classname="de.uka.ilkd.key.parser.TestTermParser" time="0.003"/>
  <testcase name="testNegativeLiteralParsing1()" classname="de.uka.ilkd.key.parser.TestTermParser" time="0.001"/>
  <testcase name="testNegativeLiteralParsing2()" classname="de.uka.ilkd.key.parser.TestTermParser" time="0.001"/>
  <testcase name="testNegativeLiteralParsing3()" classname="de.uka.ilkd.key.parser.TestTermParser" time="0.001"/>
  <testcase name="xtestParsingArrayWithSpaces()" classname="de.uka.ilkd.key.parser.TestTermParser" time="0.0">
    <skipped/>
  </testcase>
  <testcase name="testAmbigiousFuncVarPred()" classname="de.uka.ilkd.key.parser.TestTermParser" time="0.001"/>
  <testcase name="test1()" classname="de.uka.ilkd.key.parser.TestTermParser" time="0.002"/>
  <testcase name="test2()" classname="de.uka.ilkd.key.parser.TestTermParser" time="0.001"/>
  <testcase name="test3()" classname="de.uka.ilkd.key.parser.TestTermParser" time="0.002"/>
  <testcase name="test5()" classname="de.uka.ilkd.key.parser.TestTermParser" time="0.001"/>
  <testcase name="test6()" classname="de.uka.ilkd.key.parser.TestTermParser" time="0.001"/>
  <testcase name="test7()" classname="de.uka.ilkd.key.parser.TestTermParser" time="0.001"/>
  <testcase name="test8()" classname="de.uka.ilkd.key.parser.TestTermParser" time="0.001"/>
  <testcase name="test9()" classname="de.uka.ilkd.key.parser.TestTermParser" time="0.001"/>
  <testcase name="testBindingUpdateTerm()" classname="de.uka.ilkd.key.parser.TestTermParser" time="0.001"/>
  <testcase name="testJavaStaticQuery()" classname="de.uka.ilkd.key.parser.TestTermParser" time="0.002"/>
  <testcase name="testInfix1()" classname="de.uka.ilkd.key.parser.TestTermParser" time="0.001"/>
  <testcase name="testInfix2()" classname="de.uka.ilkd.key.parser.TestTermParser" time="0.002"/>
  <testcase name="testInfix3()" classname="de.uka.ilkd.key.parser.TestTermParser" time="0.002"/>
  <testcase name="testInfix4()" classname="de.uka.ilkd.key.parser.TestTermParser" time="0.002"/>
  <testcase name="testIfThenElse()" classname="de.uka.ilkd.key.parser.TestTermParser" time="0.003"/>
  <testcase name="testJavaAttributeAccessBoth_1()" classname="de.uka.ilkd.key.parser.TestTermParser" time="0.003"/>
  <testcase name="testJavaAttributeAccessBoth_2()" classname="de.uka.ilkd.key.parser.TestTermParser" time="0.002"/>
  <testcase name="testJavaAttributeAccessBoth_3()" classname="de.uka.ilkd.key.parser.TestTermParser" time="0.002"/>
  <testcase name="testBindingUpdateTerm_1()" classname="de.uka.ilkd.key.parser.TestTermParser" time="0.001"/>
  <testcase name="testBindingUpdateTerm_3()" classname="de.uka.ilkd.key.parser.TestTermParser" time="0.003"/>
  <testcase name="testBindingUpdateTerm_4()" classname="de.uka.ilkd.key.parser.TestTermParser" time="0.001"/>
  <testcase name="testBindingUpdateTerm_5()" classname="de.uka.ilkd.key.parser.TestTermParser" time="0.006"/>
  <testcase name="testBindingUpdateTerm_6()" classname="de.uka.ilkd.key.parser.TestTermParser" time="0.001"/>
  <testcase name="testBindingUpdateTerm_7()" classname="de.uka.ilkd.key.parser.TestTermParser" time="0.001"/>
  <testcase name="testBindingUpdateTerm_8()" classname="de.uka.ilkd.key.parser.TestTermParser" time="0.001"/>
  <testcase name="testParsingArray()" classname="de.uka.ilkd.key.parser.TestTermParser" time="0.003"/>
  <testcase name="xtestBindingUpdateTermOldBindingAlternative()" classname="de.uka.ilkd.key.parser.TestTermParser" time="0.0">
    <skipped/>
  </testcase>
  <testcase name="testJavaStaticQueryWithParameter()" classname="de.uka.ilkd.key.parser.TestTermParser" time="0.022"/>
  <testcase name="testParsingArrayCombination()" classname="de.uka.ilkd.key.parser.TestTermParser" time="0.011"/>
  <system-out><![CDATA[287376     INFO  Test worker     d.u.i.k.n.KeyIO           Parsing took 0 ms 
287376     INFO  Test worker     d.u.i.k.n.KeyIO           MODE: declarations took 0 ms 
287376     WARN  Test worker     d.u.i.k.j.r.KeYCrossReferenceNameInfo Datatype T declared twice: Once in UNKNOWN:unknown and once in UNKNOWN:unknown, Keeping one from UNKNOWN:unknown 
287440     INFO  Test worker     d.u.i.k.n.KeyIO           Parsing took 0 ms 
287440     INFO  Test worker     d.u.i.k.n.KeyIO           MODE: declarations took 0 ms 
287475     WARN  Test worker     d.u.i.k.j.r.KeYCrossReferenceNameInfo Datatype T declared twice: Once in UNKNOWN:unknown and once in UNKNOWN:unknown, Keeping one from UNKNOWN:unknown 
287538     INFO  Test worker     d.u.i.k.n.KeyIO           Parsing took 16 ms 
287538     INFO  Test worker     d.u.i.k.n.KeyIO           MODE: declarations took 0 ms 
287538     WARN  Test worker     d.u.i.k.j.r.KeYCrossReferenceNameInfo Datatype T declared twice: Once in UNKNOWN:unknown and once in UNKNOWN:unknown, Keeping one from UNKNOWN:unknown 
287602     INFO  Test worker     d.u.i.k.n.KeyIO           Parsing took 0 ms 
287602     INFO  Test worker     d.u.i.k.n.KeyIO           MODE: declarations took 0 ms 
287602     WARN  Test worker     d.u.i.k.j.r.KeYCrossReferenceNameInfo Datatype T declared twice: Once in UNKNOWN:unknown and once in UNKNOWN:unknown, Keeping one from UNKNOWN:unknown 
287648     WARN  Test worker     d.u.i.k.j.r.KeYCrossReferenceNameInfo Datatype T declared twice: Once in UNKNOWN:unknown and once in UNKNOWN:unknown, Keeping one from UNKNOWN:unknown 
287695     INFO  Test worker     d.u.i.k.n.KeyIO           Parsing took 0 ms 
287695     INFO  Test worker     d.u.i.k.n.KeyIO           MODE: declarations took 0 ms 
287695     INFO  Test worker     d.u.i.k.p.TestTermParser  Out: \<{
  int x = 1;
  {
    int s = 2;
  }
}\> (equals(x,x)) 
287695     WARN  Test worker     d.u.i.k.j.r.KeYCrossReferenceNameInfo Datatype T declared twice: Once in UNKNOWN:unknown and once in UNKNOWN:unknown, Keeping one from UNKNOWN:unknown 
287758     INFO  Test worker     d.u.i.k.n.KeyIO           Parsing took 0 ms 
287758     INFO  Test worker     d.u.i.k.n.KeyIO           MODE: declarations took 0 ms 
287758     INFO  Test worker     d.u.i.k.p.TestTermParser  Out: \[{
  int x = 2;
  {
    String s = ""}";
  }
}\] (true) 
287758     WARN  Test worker     d.u.i.k.j.r.KeYCrossReferenceNameInfo Datatype T declared twice: Once in UNKNOWN:unknown and once in UNKNOWN:unknown, Keeping one from UNKNOWN:unknown 
287805     WARN  Test worker     d.u.i.k.j.r.KeYCrossReferenceNameInfo Datatype T declared twice: Once in UNKNOWN:unknown and once in UNKNOWN:unknown, Keeping one from UNKNOWN:unknown 
287852     INFO  Test worker     d.u.i.k.n.KeyIO           Parsing took 0 ms 
287852     INFO  Test worker     d.u.i.k.n.KeyIO           MODE: declarations took 0 ms 
287867     WARN  Test worker     d.u.i.k.j.r.KeYCrossReferenceNameInfo Datatype T declared twice: Once in UNKNOWN:unknown and once in UNKNOWN:unknown, Keeping one from UNKNOWN:unknown 
287923     INFO  Test worker     d.u.i.k.n.KeyIO           Parsing took 0 ms 
287923     INFO  Test worker     d.u.i.k.n.KeyIO           MODE: declarations took 0 ms 
287923     INFO  Test worker     d.u.i.k.p.TestTermParser  Out: \<{
  int[] i;
}\> (diamond(true)) 
287923     WARN  Test worker     d.u.i.k.j.r.KeYCrossReferenceNameInfo Datatype T declared twice: Once in UNKNOWN:unknown and once in UNKNOWN:unknown, Keeping one from UNKNOWN:unknown 
287969     INFO  Test worker     d.u.i.k.n.KeyIO           Parsing took 0 ms 
287969     INFO  Test worker     d.u.i.k.n.KeyIO           MODE: declarations took 0 ms 
287969     WARN  Test worker     d.u.i.k.j.r.KeYCrossReferenceNameInfo Datatype T declared twice: Once in UNKNOWN:unknown and once in UNKNOWN:unknown, Keeping one from UNKNOWN:unknown 
288032     INFO  Test worker     d.u.i.k.n.KeyIO           Parsing took 0 ms 
288032     INFO  Test worker     d.u.i.k.n.KeyIO           MODE: declarations took 0 ms 
288032     WARN  Test worker     d.u.i.k.j.r.KeYCrossReferenceNameInfo Datatype T declared twice: Once in UNKNOWN:unknown and once in UNKNOWN:unknown, Keeping one from UNKNOWN:unknown 
288079     INFO  Test worker     d.u.i.k.n.KeyIO           Parsing took 0 ms 
288079     INFO  Test worker     d.u.i.k.n.KeyIO           MODE: declarations took 0 ms 
288094     WARN  Test worker     d.u.i.k.j.r.KeYCrossReferenceNameInfo Datatype T declared twice: Once in UNKNOWN:unknown and once in UNKNOWN:unknown, Keeping one from UNKNOWN:unknown 
288145     INFO  Test worker     d.u.i.k.n.KeyIO           Parsing took 0 ms 
288145     INFO  Test worker     d.u.i.k.n.KeyIO           MODE: declarations took 0 ms 
288145     WARN  Test worker     d.u.i.k.j.r.KeYCrossReferenceNameInfo Datatype T declared twice: Once in UNKNOWN:unknown and once in UNKNOWN:unknown, Keeping one from UNKNOWN:unknown 
288192     INFO  Test worker     d.u.i.k.n.KeyIO           Parsing took 0 ms 
288192     INFO  Test worker     d.u.i.k.n.KeyIO           MODE: declarations took 0 ms 
288192     WARN  Test worker     d.u.i.k.j.r.KeYCrossReferenceNameInfo Datatype T declared twice: Once in UNKNOWN:unknown and once in UNKNOWN:unknown, Keeping one from UNKNOWN:unknown 
288254     INFO  Test worker     d.u.i.k.n.KeyIO           Parsing took 0 ms 
288254     INFO  Test worker     d.u.i.k.n.KeyIO           MODE: declarations took 0 ms 
288254     WARN  Test worker     d.u.i.k.j.r.KeYCrossReferenceNameInfo Datatype T declared twice: Once in UNKNOWN:unknown and once in UNKNOWN:unknown, Keeping one from UNKNOWN:unknown 
288301     WARN  Test worker     d.u.i.k.j.r.KeYCrossReferenceNameInfo Datatype T declared twice: Once in UNKNOWN:unknown and once in UNKNOWN:unknown, Keeping one from UNKNOWN:unknown 
288348     INFO  Test worker     d.u.i.k.n.KeyIO           Parsing took 0 ms 
288348     INFO  Test worker     d.u.i.k.n.KeyIO           MODE: declarations took 0 ms 
288348     WARN  Test worker     d.u.i.k.j.r.KeYCrossReferenceNameInfo Datatype T declared twice: Once in UNKNOWN:unknown and once in UNKNOWN:unknown, Keeping one from UNKNOWN:unknown 
288411     INFO  Test worker     d.u.i.k.n.KeyIO           Parsing took 0 ms 
288411     INFO  Test worker     d.u.i.k.n.KeyIO           MODE: declarations took 0 ms 
288411     WARN  Test worker     d.u.i.k.j.r.KeYCrossReferenceNameInfo Datatype T declared twice: Once in UNKNOWN:unknown and once in UNKNOWN:unknown, Keeping one from UNKNOWN:unknown 
288457     INFO  Test worker     d.u.i.k.n.KeyIO           Parsing took 0 ms 
288457     INFO  Test worker     d.u.i.k.n.KeyIO           MODE: declarations took 0 ms 
288457     WARN  Test worker     d.u.i.k.j.r.KeYCrossReferenceNameInfo Datatype T declared twice: Once in UNKNOWN:unknown and once in UNKNOWN:unknown, Keeping one from UNKNOWN:unknown 
288520     INFO  Test worker     d.u.i.k.n.KeyIO           Parsing took 0 ms 
288520     INFO  Test worker     d.u.i.k.n.KeyIO           MODE: declarations took 0 ms 
288520     WARN  Test worker     d.u.i.k.j.r.KeYCrossReferenceNameInfo Datatype T declared twice: Once in UNKNOWN:unknown and once in UNKNOWN:unknown, Keeping one from UNKNOWN:unknown 
288567     INFO  Test worker     d.u.i.k.n.KeyIO           Parsing took 0 ms 
288567     INFO  Test worker     d.u.i.k.n.KeyIO           MODE: declarations took 0 ms 
288567     WARN  Test worker     d.u.i.k.j.r.KeYCrossReferenceNameInfo Datatype T declared twice: Once in UNKNOWN:unknown and once in UNKNOWN:unknown, Keeping one from UNKNOWN:unknown 
288631     INFO  Test worker     d.u.i.k.n.KeyIO           Parsing took 0 ms 
288631     INFO  Test worker     d.u.i.k.n.KeyIO           MODE: declarations took 0 ms 
288631     WARN  Test worker     d.u.i.k.j.r.KeYCrossReferenceNameInfo Datatype T declared twice: Once in UNKNOWN:unknown and once in UNKNOWN:unknown, Keeping one from UNKNOWN:unknown 
288678     INFO  Test worker     d.u.i.k.n.KeyIO           Parsing took 0 ms 
288678     INFO  Test worker     d.u.i.k.n.KeyIO           MODE: declarations took 0 ms 
288678     WARN  Test worker     d.u.i.k.j.r.KeYCrossReferenceNameInfo Datatype T declared twice: Once in UNKNOWN:unknown and once in UNKNOWN:unknown, Keeping one from UNKNOWN:unknown 
288734     INFO  Test worker     d.u.i.k.n.KeyIO           Parsing took 0 ms 
288734     INFO  Test worker     d.u.i.k.n.KeyIO           MODE: declarations took 0 ms 
288734     WARN  Test worker     d.u.i.k.j.r.KeYCrossReferenceNameInfo Datatype T declared twice: Once in UNKNOWN:unknown and once in UNKNOWN:unknown, Keeping one from UNKNOWN:unknown 
288797     INFO  Test worker     d.u.i.k.n.KeyIO           Parsing took 0 ms 
288797     INFO  Test worker     d.u.i.k.n.KeyIO           MODE: declarations took 0 ms 
288797     WARN  Test worker     d.u.i.k.j.r.KeYCrossReferenceNameInfo Datatype T declared twice: Once in UNKNOWN:unknown and once in UNKNOWN:unknown, Keeping one from UNKNOWN:unknown 
288844     INFO  Test worker     d.u.i.k.n.KeyIO           Parsing took 0 ms 
288844     INFO  Test worker     d.u.i.k.n.KeyIO           MODE: declarations took 0 ms 
288844     WARN  Test worker     d.u.i.k.j.r.KeYCrossReferenceNameInfo Datatype T declared twice: Once in UNKNOWN:unknown and once in UNKNOWN:unknown, Keeping one from UNKNOWN:unknown 
288891     INFO  Test worker     d.u.i.k.n.KeyIO           Parsing took 0 ms 
288891     INFO  Test worker     d.u.i.k.n.KeyIO           MODE: declarations took 0 ms 
288906     WARN  Test worker     d.u.i.k.j.r.KeYCrossReferenceNameInfo Datatype T declared twice: Once in UNKNOWN:unknown and once in UNKNOWN:unknown, Keeping one from UNKNOWN:unknown 
288953     INFO  Test worker     d.u.i.k.n.KeyIO           Parsing took 0 ms 
288953     INFO  Test worker     d.u.i.k.n.KeyIO           MODE: declarations took 0 ms 
288953     WARN  Test worker     d.u.i.k.j.r.KeYCrossReferenceNameInfo Datatype T declared twice: Once in UNKNOWN:unknown and once in UNKNOWN:unknown, Keeping one from UNKNOWN:unknown 
289000     INFO  Test worker     d.u.i.k.n.KeyIO           Parsing took 0 ms 
289000     INFO  Test worker     d.u.i.k.n.KeyIO           MODE: declarations took 0 ms 
289000     WARN  Test worker     d.u.i.k.j.r.KeYCrossReferenceNameInfo Datatype T declared twice: Once in UNKNOWN:unknown and once in UNKNOWN:unknown, Keeping one from UNKNOWN:unknown 
289063     INFO  Test worker     d.u.i.k.n.KeyIO           Parsing took 0 ms 
289063     INFO  Test worker     d.u.i.k.n.KeyIO           MODE: declarations took 0 ms 
289063     WARN  Test worker     d.u.i.k.j.r.KeYCrossReferenceNameInfo Datatype T declared twice: Once in UNKNOWN:unknown and once in UNKNOWN:unknown, Keeping one from UNKNOWN:unknown 
289109     INFO  Test worker     d.u.i.k.n.KeyIO           Parsing took 0 ms 
289109     INFO  Test worker     d.u.i.k.n.KeyIO           MODE: declarations took 0 ms 
289125     WARN  Test worker     d.u.i.k.j.r.KeYCrossReferenceNameInfo Datatype T declared twice: Once in UNKNOWN:unknown and once in UNKNOWN:unknown, Keeping one from UNKNOWN:unknown 
289172     INFO  Test worker     d.u.i.k.n.KeyIO           Parsing took 0 ms 
289172     INFO  Test worker     d.u.i.k.n.KeyIO           MODE: declarations took 0 ms 
289172     WARN  Test worker     d.u.i.k.j.r.KeYCrossReferenceNameInfo Datatype T declared twice: Once in UNKNOWN:unknown and once in UNKNOWN:unknown, Keeping one from UNKNOWN:unknown 
289234     INFO  Test worker     d.u.i.k.n.KeyIO           Parsing took 0 ms 
289234     INFO  Test worker     d.u.i.k.n.KeyIO           MODE: declarations took 0 ms 
289234     WARN  Test worker     d.u.i.k.j.r.KeYCrossReferenceNameInfo Datatype T declared twice: Once in UNKNOWN:unknown and once in UNKNOWN:unknown, Keeping one from UNKNOWN:unknown 
289281     INFO  Test worker     d.u.i.k.n.KeyIO           Parsing took 0 ms 
289281     INFO  Test worker     d.u.i.k.n.KeyIO           MODE: declarations took 0 ms 
289297     WARN  Test worker     d.u.i.k.j.r.KeYCrossReferenceNameInfo Datatype T declared twice: Once in UNKNOWN:unknown and once in UNKNOWN:unknown, Keeping one from UNKNOWN:unknown 
289348     INFO  Test worker     d.u.i.k.n.KeyIO           Parsing took 0 ms 
289348     INFO  Test worker     d.u.i.k.n.KeyIO           MODE: declarations took 0 ms 
289348     WARN  Test worker     d.u.i.k.j.r.KeYCrossReferenceNameInfo Datatype T declared twice: Once in UNKNOWN:unknown and once in UNKNOWN:unknown, Keeping one from UNKNOWN:unknown 
289395     INFO  Test worker     d.u.i.k.n.KeyIO           Parsing took 0 ms 
289395     INFO  Test worker     d.u.i.k.n.KeyIO           MODE: declarations took 0 ms 
289395     WARN  Test worker     d.u.i.k.j.r.KeYCrossReferenceNameInfo Datatype T declared twice: Once in UNKNOWN:unknown and once in UNKNOWN:unknown, Keeping one from UNKNOWN:unknown 
289457     INFO  Test worker     d.u.i.k.n.KeyIO           Parsing took 0 ms 
289457     INFO  Test worker     d.u.i.k.n.KeyIO           MODE: declarations took 0 ms 
289457     WARN  Test worker     d.u.i.k.j.r.KeYCrossReferenceNameInfo Datatype T declared twice: Once in UNKNOWN:unknown and once in UNKNOWN:unknown, Keeping one from UNKNOWN:unknown 
289504     INFO  Test worker     d.u.i.k.n.KeyIO           Parsing took 0 ms 
289504     INFO  Test worker     d.u.i.k.n.KeyIO           MODE: declarations took 0 ms 
289520     WARN  Test worker     d.u.i.k.j.r.KeYCrossReferenceNameInfo Datatype T declared twice: Once in UNKNOWN:unknown and once in UNKNOWN:unknown, Keeping one from UNKNOWN:unknown 
289567     INFO  Test worker     d.u.i.k.n.KeyIO           Parsing took 0 ms 
289567     INFO  Test worker     d.u.i.k.n.KeyIO           MODE: declarations took 0 ms 
289567     WARN  Test worker     d.u.i.k.j.r.KeYCrossReferenceNameInfo Datatype T declared twice: Once in UNKNOWN:unknown and once in UNKNOWN:unknown, Keeping one from UNKNOWN:unknown 
289629     INFO  Test worker     d.u.i.k.n.KeyIO           Parsing took 0 ms 
289629     INFO  Test worker     d.u.i.k.n.KeyIO           MODE: declarations took 0 ms 
289629     WARN  Test worker     d.u.i.k.j.r.KeYCrossReferenceNameInfo Datatype T declared twice: Once in UNKNOWN:unknown and once in UNKNOWN:unknown, Keeping one from UNKNOWN:unknown 
289676     INFO  Test worker     d.u.i.k.n.KeyIO           Parsing took 0 ms 
289676     INFO  Test worker     d.u.i.k.n.KeyIO           MODE: declarations took 0 ms 
289676     WARN  Test worker     d.u.i.k.j.r.KeYCrossReferenceNameInfo Datatype T declared twice: Once in UNKNOWN:unknown and once in UNKNOWN:unknown, Keeping one from UNKNOWN:unknown 
289738     INFO  Test worker     d.u.i.k.n.KeyIO           Parsing took 0 ms 
289738     INFO  Test worker     d.u.i.k.n.KeyIO           MODE: declarations took 0 ms 
289738     WARN  Test worker     d.u.i.k.j.r.KeYCrossReferenceNameInfo Datatype T declared twice: Once in UNKNOWN:unknown and once in UNKNOWN:unknown, Keeping one from UNKNOWN:unknown 
289785     INFO  Test worker     d.u.i.k.n.KeyIO           Parsing took 0 ms 
289785     INFO  Test worker     d.u.i.k.n.KeyIO           MODE: declarations took 0 ms 
289785     WARN  Test worker     d.u.i.k.j.r.KeYCrossReferenceNameInfo Datatype T declared twice: Once in UNKNOWN:unknown and once in UNKNOWN:unknown, Keeping one from UNKNOWN:unknown 
289832     WARN  Test worker     d.u.i.k.j.r.KeYCrossReferenceNameInfo Datatype T declared twice: Once in UNKNOWN:unknown and once in UNKNOWN:unknown, Keeping one from UNKNOWN:unknown 
289895     INFO  Test worker     d.u.i.k.n.KeyIO           Parsing took 0 ms 
289895     INFO  Test worker     d.u.i.k.n.KeyIO           MODE: declarations took 0 ms 
289911     WARN  Test worker     d.u.i.k.j.r.KeYCrossReferenceNameInfo Datatype T declared twice: Once in UNKNOWN:unknown and once in UNKNOWN:unknown, Keeping one from UNKNOWN:unknown 
289973     INFO  Test worker     d.u.i.k.n.KeyIO           Parsing took 0 ms 
289973     INFO  Test worker     d.u.i.k.n.KeyIO           MODE: declarations took 0 ms 
]]></system-out>
  <system-err><![CDATA[]]></system-err>
</testsuite>
