<?xml version="1.0" encoding="UTF-8"?>
<testsuite name="de.uka.ilkd.key.parser.TestTermParserHeap" tests="39" skipped="0" failures="0" errors="0" timestamp="2023-04-18T14:07:16" hostname="fv-az192-70" time="102.608">
  <properties/>
  <testcase name="testBracketHeapUpdate()" classname="de.uka.ilkd.key.parser.TestTermParserHeap" time="0.014"/>
  <testcase name="testStore()" classname="de.uka.ilkd.key.parser.TestTermParserHeap" time="0.008"/>
  <testcase name="testUnknownConstant()" classname="de.uka.ilkd.key.parser.TestTermParserHeap" time="0.003"/>
  <testcase name="testAllFieldsSelector()" classname="de.uka.ilkd.key.parser.TestTermParserHeap" time="0.004"/>
  <testcase name="testParsePrettyPrintedSelect()" classname="de.uka.ilkd.key.parser.TestTermParserHeap" time="0.002"/>
  <testcase name="testAccessStaticMembers()" classname="de.uka.ilkd.key.parser.TestTermParserHeap" time="0.024"/>
  <testcase name="testAtOperator_1()" classname="de.uka.ilkd.key.parser.TestTermParserHeap" time="0.003"/>
  <testcase name="testAtOperator_2()" classname="de.uka.ilkd.key.parser.TestTermParserHeap" time="0.003"/>
  <testcase name="testAtOperator_3()" classname="de.uka.ilkd.key.parser.TestTermParserHeap" time="0.002"/>
  <testcase name="testAtOperator_4()" classname="de.uka.ilkd.key.parser.TestTermParserHeap" time="0.006"/>
  <testcase name="testAtOperator_5()" classname="de.uka.ilkd.key.parser.TestTermParserHeap" time="0.003"/>
  <testcase name="testAtOperator_6()" classname="de.uka.ilkd.key.parser.TestTermParserHeap" time="0.002"/>
  <testcase name="testAtOperator_7()" classname="de.uka.ilkd.key.parser.TestTermParserHeap" time="0.002"/>
  <testcase name="testAtOperator_8()" classname="de.uka.ilkd.key.parser.TestTermParserHeap" time="0.006"/>
  <testcase name="testVerifyExceptionIfAtOperatorNotPreceededBySelectTerm()" classname="de.uka.ilkd.key.parser.TestTermParserHeap" time="0.002"/>
  <testcase name="testBugResettingCounter()" classname="de.uka.ilkd.key.parser.TestTermParserHeap" time="0.004"/>
  <testcase name="testLocationSets()" classname="de.uka.ilkd.key.parser.TestTermParserHeap" time="0.005"/>
  <testcase name="testQuantifiedSelect()" classname="de.uka.ilkd.key.parser.TestTermParserHeap" time="0.005"/>
  <testcase name="testGenericObjectProperties()" classname="de.uka.ilkd.key.parser.TestTermParserHeap" time="0.003"/>
  <testcase name="testQueryInheritance_1()" classname="de.uka.ilkd.key.parser.TestTermParserHeap" time="0.003"/>
  <testcase name="testQueryInheritance_2()" classname="de.uka.ilkd.key.parser.TestTermParserHeap" time="0.002"/>
  <testcase name="testQueryInheritance_3()" classname="de.uka.ilkd.key.parser.TestTermParserHeap" time="0.004"/>
  <testcase name="testQueryInheritance_4()" classname="de.uka.ilkd.key.parser.TestTermParserHeap" time="0.002"/>
  <testcase name="testQueryInheritance_5()" classname="de.uka.ilkd.key.parser.TestTermParserHeap" time="0.002"/>
  <testcase name="testQueryInheritance_6()" classname="de.uka.ilkd.key.parser.TestTermParserHeap" time="0.002"/>
  <testcase name="testQueryInheritance_7()" classname="de.uka.ilkd.key.parser.TestTermParserHeap" time="0.001"/>
  <testcase name="testQueryInheritance_8()" classname="de.uka.ilkd.key.parser.TestTermParserHeap" time="0.003"/>
  <testcase name="testQueryInheritance_9()" classname="de.uka.ilkd.key.parser.TestTermParserHeap" time="0.004"/>
  <testcase name="testQueryBasic_10()" classname="de.uka.ilkd.key.parser.TestTermParserHeap" time="0.002"/>
  <testcase name="testQueryBasic_11()" classname="de.uka.ilkd.key.parser.TestTermParserHeap" time="0.003"/>
  <testcase name="testQueryBasic_1()" classname="de.uka.ilkd.key.parser.TestTermParserHeap" time="0.002"/>
  <testcase name="testQueryBasic_2()" classname="de.uka.ilkd.key.parser.TestTermParserHeap" time="0.008"/>
  <testcase name="testQueryBasic_3()" classname="de.uka.ilkd.key.parser.TestTermParserHeap" time="0.003"/>
  <testcase name="testQueryBasic_4()" classname="de.uka.ilkd.key.parser.TestTermParserHeap" time="0.003"/>
  <testcase name="testQueryBasic_5()" classname="de.uka.ilkd.key.parser.TestTermParserHeap" time="0.002"/>
  <testcase name="testQueryBasic_6()" classname="de.uka.ilkd.key.parser.TestTermParserHeap" time="0.004"/>
  <testcase name="testQueryBasic_7()" classname="de.uka.ilkd.key.parser.TestTermParserHeap" time="0.003"/>
  <testcase name="testQueryBasic_8()" classname="de.uka.ilkd.key.parser.TestTermParserHeap" time="0.004"/>
  <testcase name="testQueryBasic_9()" classname="de.uka.ilkd.key.parser.TestTermParserHeap" time="0.003"/>
  <system-out><![CDATA[292856     INFO  Test worker     d.u.i.k.n.KeyIO           Parsing took 0 ms 
292856     INFO  Test worker     d.u.i.k.n.KeyIO           MODE: declarations took 0 ms 
292856     INFO  Test worker     d.u.i.k.n.KeyIO           Parsing took 0 ms 
292856     INFO  Test worker     d.u.i.k.n.KeyIO           MODE: declarations took 0 ms 
292856     INFO  Test worker     d.u.i.k.n.KeyIO           Parsing took 0 ms 
292856     INFO  Test worker     d.u.i.k.n.KeyIO           MODE: declarations took 0 ms 
292856     INFO  Test worker     d.u.i.k.n.KeyIO           Parsing took 0 ms 
292856     INFO  Test worker     d.u.i.k.n.KeyIO           MODE: declarations took 0 ms 
292856     INFO  Test worker     d.u.i.k.n.KeyIO           Parsing took 0 ms 
292856     INFO  Test worker     d.u.i.k.n.KeyIO           MODE: declarations took 0 ms 
295620     INFO  Test worker     d.u.i.k.n.KeyIO           Parsing took 0 ms 
295620     INFO  Test worker     d.u.i.k.n.KeyIO           MODE: declarations took 0 ms 
295620     INFO  Test worker     d.u.i.k.n.KeyIO           Parsing took 0 ms 
295620     INFO  Test worker     d.u.i.k.n.KeyIO           MODE: declarations took 0 ms 
295620     INFO  Test worker     d.u.i.k.n.KeyIO           Parsing took 0 ms 
295620     INFO  Test worker     d.u.i.k.n.KeyIO           MODE: declarations took 0 ms 
295620     INFO  Test worker     d.u.i.k.n.KeyIO           Parsing took 0 ms 
295620     INFO  Test worker     d.u.i.k.n.KeyIO           MODE: declarations took 0 ms 
295620     INFO  Test worker     d.u.i.k.n.KeyIO           Parsing took 0 ms 
295620     INFO  Test worker     d.u.i.k.n.KeyIO           MODE: declarations took 0 ms 
298427     INFO  Test worker     d.u.i.k.n.KeyIO           Parsing took 0 ms 
298427     INFO  Test worker     d.u.i.k.n.KeyIO           MODE: declarations took 0 ms 
298427     INFO  Test worker     d.u.i.k.n.KeyIO           Parsing took 0 ms 
298427     INFO  Test worker     d.u.i.k.n.KeyIO           MODE: declarations took 0 ms 
298427     INFO  Test worker     d.u.i.k.n.KeyIO           Parsing took 0 ms 
298427     INFO  Test worker     d.u.i.k.n.KeyIO           MODE: declarations took 0 ms 
298427     INFO  Test worker     d.u.i.k.n.KeyIO           Parsing took 0 ms 
298427     INFO  Test worker     d.u.i.k.n.KeyIO           MODE: declarations took 0 ms 
298427     INFO  Test worker     d.u.i.k.n.KeyIO           Parsing took 0 ms 
298427     INFO  Test worker     d.u.i.k.n.KeyIO           MODE: declarations took 0 ms 
298427     INFO  Test worker     d.u.i.k.n.KeyIO           Parsing took 0 ms 
298427     INFO  Test worker     d.u.i.k.n.KeyIO           MODE: declarations took 0 ms 
301136     INFO  Test worker     d.u.i.k.n.KeyIO           Parsing took 0 ms 
301136     INFO  Test worker     d.u.i.k.n.KeyIO           MODE: declarations took 0 ms 
301136     INFO  Test worker     d.u.i.k.n.KeyIO           Parsing took 0 ms 
301136     INFO  Test worker     d.u.i.k.n.KeyIO           MODE: declarations took 0 ms 
301136     INFO  Test worker     d.u.i.k.n.KeyIO           Parsing took 0 ms 
301136     INFO  Test worker     d.u.i.k.n.KeyIO           MODE: declarations took 0 ms 
301136     INFO  Test worker     d.u.i.k.n.KeyIO           Parsing took 0 ms 
301136     INFO  Test worker     d.u.i.k.n.KeyIO           MODE: declarations took 0 ms 
301136     INFO  Test worker     d.u.i.k.n.KeyIO           Parsing took 0 ms 
301136     INFO  Test worker     d.u.i.k.n.KeyIO           MODE: declarations took 0 ms 
303911     INFO  Test worker     d.u.i.k.n.KeyIO           Parsing took 0 ms 
303911     INFO  Test worker     d.u.i.k.n.KeyIO           MODE: declarations took 0 ms 
303911     INFO  Test worker     d.u.i.k.n.KeyIO           Parsing took 0 ms 
303911     INFO  Test worker     d.u.i.k.n.KeyIO           MODE: declarations took 0 ms 
303911     INFO  Test worker     d.u.i.k.n.KeyIO           Parsing took 0 ms 
303911     INFO  Test worker     d.u.i.k.n.KeyIO           MODE: declarations took 0 ms 
303911     INFO  Test worker     d.u.i.k.n.KeyIO           Parsing took 0 ms 
303911     INFO  Test worker     d.u.i.k.n.KeyIO           MODE: declarations took 0 ms 
303911     INFO  Test worker     d.u.i.k.n.KeyIO           Parsing took 0 ms 
303911     INFO  Test worker     d.u.i.k.n.KeyIO           MODE: declarations took 0 ms 
306619     INFO  Test worker     d.u.i.k.n.KeyIO           Parsing took 0 ms 
306619     INFO  Test worker     d.u.i.k.n.KeyIO           MODE: declarations took 0 ms 
306619     INFO  Test worker     d.u.i.k.n.KeyIO           Parsing took 0 ms 
306619     INFO  Test worker     d.u.i.k.n.KeyIO           MODE: declarations took 0 ms 
306619     INFO  Test worker     d.u.i.k.n.KeyIO           Parsing took 0 ms 
306619     INFO  Test worker     d.u.i.k.n.KeyIO           MODE: declarations took 0 ms 
306619     INFO  Test worker     d.u.i.k.n.KeyIO           Parsing took 0 ms 
306619     INFO  Test worker     d.u.i.k.n.KeyIO           MODE: declarations took 0 ms 
306619     INFO  Test worker     d.u.i.k.n.KeyIO           Parsing took 0 ms 
306619     INFO  Test worker     d.u.i.k.n.KeyIO           MODE: declarations took 0 ms 
309431     INFO  Test worker     d.u.i.k.n.KeyIO           Parsing took 0 ms 
309431     INFO  Test worker     d.u.i.k.n.KeyIO           MODE: declarations took 0 ms 
309431     INFO  Test worker     d.u.i.k.n.KeyIO           Parsing took 0 ms 
309431     INFO  Test worker     d.u.i.k.n.KeyIO           MODE: declarations took 0 ms 
309431     INFO  Test worker     d.u.i.k.n.KeyIO           Parsing took 0 ms 
309431     INFO  Test worker     d.u.i.k.n.KeyIO           MODE: declarations took 0 ms 
309431     INFO  Test worker     d.u.i.k.n.KeyIO           Parsing took 0 ms 
309431     INFO  Test worker     d.u.i.k.n.KeyIO           MODE: declarations took 0 ms 
309431     INFO  Test worker     d.u.i.k.n.KeyIO           Parsing took 0 ms 
309431     INFO  Test worker     d.u.i.k.n.KeyIO           MODE: declarations took 0 ms 
312203     INFO  Test worker     d.u.i.k.n.KeyIO           Parsing took 0 ms 
312203     INFO  Test worker     d.u.i.k.n.KeyIO           MODE: declarations took 0 ms 
312203     INFO  Test worker     d.u.i.k.n.KeyIO           Parsing took 0 ms 
312203     INFO  Test worker     d.u.i.k.n.KeyIO           MODE: declarations took 0 ms 
312203     INFO  Test worker     d.u.i.k.n.KeyIO           Parsing took 0 ms 
312203     INFO  Test worker     d.u.i.k.n.KeyIO           MODE: declarations took 0 ms 
312203     INFO  Test worker     d.u.i.k.n.KeyIO           Parsing took 0 ms 
312203     INFO  Test worker     d.u.i.k.n.KeyIO           MODE: declarations took 0 ms 
312203     INFO  Test worker     d.u.i.k.n.KeyIO           Parsing took 0 ms 
312203     INFO  Test worker     d.u.i.k.n.KeyIO           MODE: declarations took 0 ms 
314853     INFO  Test worker     d.u.i.k.n.KeyIO           Parsing took 0 ms 
314853     INFO  Test worker     d.u.i.k.n.KeyIO           MODE: declarations took 0 ms 
314853     INFO  Test worker     d.u.i.k.n.KeyIO           Parsing took 0 ms 
314853     INFO  Test worker     d.u.i.k.n.KeyIO           MODE: declarations took 0 ms 
314853     INFO  Test worker     d.u.i.k.n.KeyIO           Parsing took 0 ms 
314853     INFO  Test worker     d.u.i.k.n.KeyIO           MODE: declarations took 0 ms 
314853     INFO  Test worker     d.u.i.k.n.KeyIO           Parsing took 0 ms 
314853     INFO  Test worker     d.u.i.k.n.KeyIO           MODE: declarations took 0 ms 
314853     INFO  Test worker     d.u.i.k.n.KeyIO           Parsing took 0 ms 
314853     INFO  Test worker     d.u.i.k.n.KeyIO           MODE: declarations took 0 ms 
317632     INFO  Test worker     d.u.i.k.n.KeyIO           Parsing took 0 ms 
317632     INFO  Test worker     d.u.i.k.n.KeyIO           MODE: declarations took 0 ms 
317632     INFO  Test worker     d.u.i.k.n.KeyIO           Parsing took 0 ms 
317632     INFO  Test worker     d.u.i.k.n.KeyIO           MODE: declarations took 0 ms 
317632     INFO  Test worker     d.u.i.k.n.KeyIO           Parsing took 0 ms 
317632     INFO  Test worker     d.u.i.k.n.KeyIO           MODE: declarations took 0 ms 
317632     INFO  Test worker     d.u.i.k.n.KeyIO           Parsing took 0 ms 
317632     INFO  Test worker     d.u.i.k.n.KeyIO           MODE: declarations took 0 ms 
317632     INFO  Test worker     d.u.i.k.n.KeyIO           Parsing took 0 ms 
317632     INFO  Test worker     d.u.i.k.n.KeyIO           MODE: declarations took 0 ms 
320415     INFO  Test worker     d.u.i.k.n.KeyIO           Parsing took 0 ms 
320415     INFO  Test worker     d.u.i.k.n.KeyIO           MODE: declarations took 0 ms 
320415     INFO  Test worker     d.u.i.k.n.KeyIO           Parsing took 0 ms 
320415     INFO  Test worker     d.u.i.k.n.KeyIO           MODE: declarations took 0 ms 
320415     INFO  Test worker     d.u.i.k.n.KeyIO           Parsing took 0 ms 
320415     INFO  Test worker     d.u.i.k.n.KeyIO           MODE: declarations took 0 ms 
320415     INFO  Test worker     d.u.i.k.n.KeyIO           Parsing took 0 ms 
320415     INFO  Test worker     d.u.i.k.n.KeyIO           MODE: declarations took 0 ms 
320415     INFO  Test worker     d.u.i.k.n.KeyIO           Parsing took 0 ms 
320415     INFO  Test worker     d.u.i.k.n.KeyIO           MODE: declarations took 0 ms 
323116     INFO  Test worker     d.u.i.k.n.KeyIO           Parsing took 0 ms 
323116     INFO  Test worker     d.u.i.k.n.KeyIO           MODE: declarations took 0 ms 
323116     INFO  Test worker     d.u.i.k.n.KeyIO           Parsing took 0 ms 
323116     INFO  Test worker     d.u.i.k.n.KeyIO           MODE: declarations took 0 ms 
323116     INFO  Test worker     d.u.i.k.n.KeyIO           Parsing took 0 ms 
323116     INFO  Test worker     d.u.i.k.n.KeyIO           MODE: declarations took 0 ms 
323116     INFO  Test worker     d.u.i.k.n.KeyIO           Parsing took 0 ms 
323116     INFO  Test worker     d.u.i.k.n.KeyIO           MODE: declarations took 0 ms 
323116     INFO  Test worker     d.u.i.k.n.KeyIO           Parsing took 0 ms 
323116     INFO  Test worker     d.u.i.k.n.KeyIO           MODE: declarations took 0 ms 
325817     INFO  Test worker     d.u.i.k.n.KeyIO           Parsing took 0 ms 
325817     INFO  Test worker     d.u.i.k.n.KeyIO           MODE: declarations took 0 ms 
325817     INFO  Test worker     d.u.i.k.n.KeyIO           Parsing took 0 ms 
325817     INFO  Test worker     d.u.i.k.n.KeyIO           MODE: declarations took 0 ms 
325817     INFO  Test worker     d.u.i.k.n.KeyIO           Parsing took 0 ms 
325817     INFO  Test worker     d.u.i.k.n.KeyIO           MODE: declarations took 0 ms 
325817     INFO  Test worker     d.u.i.k.n.KeyIO           Parsing took 0 ms 
325817     INFO  Test worker     d.u.i.k.n.KeyIO           MODE: declarations took 0 ms 
325817     INFO  Test worker     d.u.i.k.n.KeyIO           Parsing took 0 ms 
325817     INFO  Test worker     d.u.i.k.n.KeyIO           MODE: declarations took 0 ms 
328494     INFO  Test worker     d.u.i.k.n.KeyIO           Parsing took 0 ms 
328494     INFO  Test worker     d.u.i.k.n.KeyIO           MODE: declarations took 0 ms 
328494     INFO  Test worker     d.u.i.k.n.KeyIO           Parsing took 0 ms 
328494     INFO  Test worker     d.u.i.k.n.KeyIO           MODE: declarations took 0 ms 
328494     INFO  Test worker     d.u.i.k.n.KeyIO           Parsing took 0 ms 
328494     INFO  Test worker     d.u.i.k.n.KeyIO           MODE: declarations took 0 ms 
328494     INFO  Test worker     d.u.i.k.n.KeyIO           Parsing took 0 ms 
328494     INFO  Test worker     d.u.i.k.n.KeyIO           MODE: declarations took 0 ms 
328494     INFO  Test worker     d.u.i.k.n.KeyIO           Parsing took 0 ms 
328494     INFO  Test worker     d.u.i.k.n.KeyIO           MODE: declarations took 0 ms 
331202     INFO  Test worker     d.u.i.k.n.KeyIO           Parsing took 0 ms 
331202     INFO  Test worker     d.u.i.k.n.KeyIO           MODE: declarations took 0 ms 
331202     INFO  Test worker     d.u.i.k.n.KeyIO           Parsing took 0 ms 
331202     INFO  Test worker     d.u.i.k.n.KeyIO           MODE: declarations took 0 ms 
331202     INFO  Test worker     d.u.i.k.n.KeyIO           Parsing took 0 ms 
331202     INFO  Test worker     d.u.i.k.n.KeyIO           MODE: declarations took 0 ms 
331202     INFO  Test worker     d.u.i.k.n.KeyIO           Parsing took 0 ms 
331202     INFO  Test worker     d.u.i.k.n.KeyIO           MODE: declarations took 0 ms 
331202     INFO  Test worker     d.u.i.k.n.KeyIO           Parsing took 0 ms 
331202     INFO  Test worker     d.u.i.k.n.KeyIO           MODE: declarations took 0 ms 
331218     WARN  Test worker     d.u.i.k.n.KeYParser       [syntax-error] <unknown>:1:11: mismatched input '@' expecting {'/', ':=', '.', '(', ')', '{', '[', '@', PARALLEL, OR, AND, IMP, '=', NOT_EQUALS, '%', '*', '-', '+', '>', GREATEREQUAL, '<', LESSEQUAL, LGUILLEMETS, EQV} [@11,11:11='@',<153>,1:11] (termEOF) 
333919     INFO  Test worker     d.u.i.k.n.KeyIO           Parsing took 0 ms 
333919     INFO  Test worker     d.u.i.k.n.KeyIO           MODE: declarations took 0 ms 
333919     INFO  Test worker     d.u.i.k.n.KeyIO           Parsing took 0 ms 
333919     INFO  Test worker     d.u.i.k.n.KeyIO           MODE: declarations took 0 ms 
333919     INFO  Test worker     d.u.i.k.n.KeyIO           Parsing took 0 ms 
333919     INFO  Test worker     d.u.i.k.n.KeyIO           MODE: declarations took 0 ms 
333919     INFO  Test worker     d.u.i.k.n.KeyIO           Parsing took 0 ms 
333919     INFO  Test worker     d.u.i.k.n.KeyIO           MODE: declarations took 0 ms 
333919     INFO  Test worker     d.u.i.k.n.KeyIO           Parsing took 0 ms 
333935     INFO  Test worker     d.u.i.k.n.KeyIO           MODE: declarations took 0 ms 
336648     INFO  Test worker     d.u.i.k.n.KeyIO           Parsing took 0 ms 
336648     INFO  Test worker     d.u.i.k.n.KeyIO           MODE: declarations took 0 ms 
336648     INFO  Test worker     d.u.i.k.n.KeyIO           Parsing took 0 ms 
336648     INFO  Test worker     d.u.i.k.n.KeyIO           MODE: declarations took 0 ms 
336648     INFO  Test worker     d.u.i.k.n.KeyIO           Parsing took 0 ms 
336648     INFO  Test worker     d.u.i.k.n.KeyIO           MODE: declarations took 0 ms 
336648     INFO  Test worker     d.u.i.k.n.KeyIO           Parsing took 0 ms 
336648     INFO  Test worker     d.u.i.k.n.KeyIO           MODE: declarations took 0 ms 
336648     INFO  Test worker     d.u.i.k.n.KeyIO           Parsing took 0 ms 
336648     INFO  Test worker     d.u.i.k.n.KeyIO           MODE: declarations took 0 ms 
339345     INFO  Test worker     d.u.i.k.n.KeyIO           Parsing took 0 ms 
339345     INFO  Test worker     d.u.i.k.n.KeyIO           MODE: declarations took 0 ms 
339345     INFO  Test worker     d.u.i.k.n.KeyIO           Parsing took 0 ms 
339345     INFO  Test worker     d.u.i.k.n.KeyIO           MODE: declarations took 0 ms 
339345     INFO  Test worker     d.u.i.k.n.KeyIO           Parsing took 0 ms 
339345     INFO  Test worker     d.u.i.k.n.KeyIO           MODE: declarations took 0 ms 
339345     INFO  Test worker     d.u.i.k.n.KeyIO           Parsing took 0 ms 
339345     INFO  Test worker     d.u.i.k.n.KeyIO           MODE: declarations took 0 ms 
339345     INFO  Test worker     d.u.i.k.n.KeyIO           Parsing took 0 ms 
339345     INFO  Test worker     d.u.i.k.n.KeyIO           MODE: declarations took 0 ms 
342087     INFO  Test worker     d.u.i.k.n.KeyIO           Parsing took 0 ms 
342087     INFO  Test worker     d.u.i.k.n.KeyIO           MODE: declarations took 0 ms 
342087     INFO  Test worker     d.u.i.k.n.KeyIO           Parsing took 0 ms 
342087     INFO  Test worker     d.u.i.k.n.KeyIO           MODE: declarations took 0 ms 
342087     INFO  Test worker     d.u.i.k.n.KeyIO           Parsing took 0 ms 
342087     INFO  Test worker     d.u.i.k.n.KeyIO           MODE: declarations took 0 ms 
342087     INFO  Test worker     d.u.i.k.n.KeyIO           Parsing took 0 ms 
342087     INFO  Test worker     d.u.i.k.n.KeyIO           MODE: declarations took 0 ms 
342087     INFO  Test worker     d.u.i.k.n.KeyIO           Parsing took 0 ms 
342087     INFO  Test worker     d.u.i.k.n.KeyIO           MODE: declarations took 0 ms 
344735     INFO  Test worker     d.u.i.k.n.KeyIO           Parsing took 0 ms 
344735     INFO  Test worker     d.u.i.k.n.KeyIO           MODE: declarations took 0 ms 
344735     INFO  Test worker     d.u.i.k.n.KeyIO           Parsing took 0 ms 
344735     INFO  Test worker     d.u.i.k.n.KeyIO           MODE: declarations took 0 ms 
344735     INFO  Test worker     d.u.i.k.n.KeyIO           Parsing took 0 ms 
344735     INFO  Test worker     d.u.i.k.n.KeyIO           MODE: declarations took 0 ms 
344735     INFO  Test worker     d.u.i.k.n.KeyIO           Parsing took 0 ms 
344735     INFO  Test worker     d.u.i.k.n.KeyIO           MODE: declarations took 0 ms 
344735     INFO  Test worker     d.u.i.k.n.KeyIO           Parsing took 0 ms 
344735     INFO  Test worker     d.u.i.k.n.KeyIO           MODE: declarations took 0 ms 
347455     INFO  Test worker     d.u.i.k.n.KeyIO           Parsing took 0 ms 
347455     INFO  Test worker     d.u.i.k.n.KeyIO           MODE: declarations took 0 ms 
347455     INFO  Test worker     d.u.i.k.n.KeyIO           Parsing took 0 ms 
347455     INFO  Test worker     d.u.i.k.n.KeyIO           MODE: declarations took 0 ms 
347455     INFO  Test worker     d.u.i.k.n.KeyIO           Parsing took 0 ms 
347455     INFO  Test worker     d.u.i.k.n.KeyIO           MODE: declarations took 0 ms 
347455     INFO  Test worker     d.u.i.k.n.KeyIO           Parsing took 0 ms 
347455     INFO  Test worker     d.u.i.k.n.KeyIO           MODE: declarations took 0 ms 
347455     INFO  Test worker     d.u.i.k.n.KeyIO           Parsing took 0 ms 
347455     INFO  Test worker     d.u.i.k.n.KeyIO           MODE: declarations took 0 ms 
350119     INFO  Test worker     d.u.i.k.n.KeyIO           Parsing took 0 ms 
350119     INFO  Test worker     d.u.i.k.n.KeyIO           MODE: declarations took 0 ms 
350119     INFO  Test worker     d.u.i.k.n.KeyIO           Parsing took 0 ms 
350119     INFO  Test worker     d.u.i.k.n.KeyIO           MODE: declarations took 0 ms 
350119     INFO  Test worker     d.u.i.k.n.KeyIO           Parsing took 0 ms 
350119     INFO  Test worker     d.u.i.k.n.KeyIO           MODE: declarations took 0 ms 
350119     INFO  Test worker     d.u.i.k.n.KeyIO           Parsing took 0 ms 
350119     INFO  Test worker     d.u.i.k.n.KeyIO           MODE: declarations took 0 ms 
350119     INFO  Test worker     d.u.i.k.n.KeyIO           Parsing took 0 ms 
350119     INFO  Test worker     d.u.i.k.n.KeyIO           MODE: declarations took 0 ms 
352823     INFO  Test worker     d.u.i.k.n.KeyIO           Parsing took 0 ms 
352823     INFO  Test worker     d.u.i.k.n.KeyIO           MODE: declarations took 0 ms 
352823     INFO  Test worker     d.u.i.k.n.KeyIO           Parsing took 0 ms 
352823     INFO  Test worker     d.u.i.k.n.KeyIO           MODE: declarations took 0 ms 
352823     INFO  Test worker     d.u.i.k.n.KeyIO           Parsing took 0 ms 
352823     INFO  Test worker     d.u.i.k.n.KeyIO           MODE: declarations took 0 ms 
352823     INFO  Test worker     d.u.i.k.n.KeyIO           Parsing took 0 ms 
352823     INFO  Test worker     d.u.i.k.n.KeyIO           MODE: declarations took 0 ms 
352823     INFO  Test worker     d.u.i.k.n.KeyIO           Parsing took 0 ms 
352823     INFO  Test worker     d.u.i.k.n.KeyIO           MODE: declarations took 0 ms 
355539     INFO  Test worker     d.u.i.k.n.KeyIO           Parsing took 0 ms 
355539     INFO  Test worker     d.u.i.k.n.KeyIO           MODE: declarations took 0 ms 
355539     INFO  Test worker     d.u.i.k.n.KeyIO           Parsing took 0 ms 
355539     INFO  Test worker     d.u.i.k.n.KeyIO           MODE: declarations took 0 ms 
355539     INFO  Test worker     d.u.i.k.n.KeyIO           Parsing took 0 ms 
355539     INFO  Test worker     d.u.i.k.n.KeyIO           MODE: declarations took 0 ms 
355539     INFO  Test worker     d.u.i.k.n.KeyIO           Parsing took 0 ms 
355539     INFO  Test worker     d.u.i.k.n.KeyIO           MODE: declarations took 0 ms 
355539     INFO  Test worker     d.u.i.k.n.KeyIO           Parsing took 0 ms 
355539     INFO  Test worker     d.u.i.k.n.KeyIO           MODE: declarations took 0 ms 
358245     INFO  Test worker     d.u.i.k.n.KeyIO           Parsing took 0 ms 
358245     INFO  Test worker     d.u.i.k.n.KeyIO           MODE: declarations took 0 ms 
358245     INFO  Test worker     d.u.i.k.n.KeyIO           Parsing took 0 ms 
358245     INFO  Test worker     d.u.i.k.n.KeyIO           MODE: declarations took 0 ms 
358245     INFO  Test worker     d.u.i.k.n.KeyIO           Parsing took 0 ms 
358245     INFO  Test worker     d.u.i.k.n.KeyIO           MODE: declarations took 0 ms 
358245     INFO  Test worker     d.u.i.k.n.KeyIO           Parsing took 0 ms 
358245     INFO  Test worker     d.u.i.k.n.KeyIO           MODE: declarations took 0 ms 
358245     INFO  Test worker     d.u.i.k.n.KeyIO           Parsing took 0 ms 
358245     INFO  Test worker     d.u.i.k.n.KeyIO           MODE: declarations took 0 ms 
360944     INFO  Test worker     d.u.i.k.n.KeyIO           Parsing took 0 ms 
360944     INFO  Test worker     d.u.i.k.n.KeyIO           MODE: declarations took 0 ms 
360944     INFO  Test worker     d.u.i.k.n.KeyIO           Parsing took 0 ms 
360944     INFO  Test worker     d.u.i.k.n.KeyIO           MODE: declarations took 0 ms 
360944     INFO  Test worker     d.u.i.k.n.KeyIO           Parsing took 0 ms 
360944     INFO  Test worker     d.u.i.k.n.KeyIO           MODE: declarations took 0 ms 
360944     INFO  Test worker     d.u.i.k.n.KeyIO           Parsing took 0 ms 
360944     INFO  Test worker     d.u.i.k.n.KeyIO           MODE: declarations took 0 ms 
360944     INFO  Test worker     d.u.i.k.n.KeyIO           Parsing took 0 ms 
360944     INFO  Test worker     d.u.i.k.n.KeyIO           MODE: declarations took 0 ms 
363608     INFO  Test worker     d.u.i.k.n.KeyIO           Parsing took 0 ms 
363608     INFO  Test worker     d.u.i.k.n.KeyIO           MODE: declarations took 0 ms 
363608     INFO  Test worker     d.u.i.k.n.KeyIO           Parsing took 0 ms 
363608     INFO  Test worker     d.u.i.k.n.KeyIO           MODE: declarations took 0 ms 
363608     INFO  Test worker     d.u.i.k.n.KeyIO           Parsing took 0 ms 
363608     INFO  Test worker     d.u.i.k.n.KeyIO           MODE: declarations took 0 ms 
363608     INFO  Test worker     d.u.i.k.n.KeyIO           Parsing took 0 ms 
363608     INFO  Test worker     d.u.i.k.n.KeyIO           MODE: declarations took 0 ms 
363608     INFO  Test worker     d.u.i.k.n.KeyIO           Parsing took 0 ms 
363608     INFO  Test worker     d.u.i.k.n.KeyIO           MODE: declarations took 0 ms 
366268     INFO  Test worker     d.u.i.k.n.KeyIO           Parsing took 0 ms 
366268     INFO  Test worker     d.u.i.k.n.KeyIO           MODE: declarations took 0 ms 
366268     INFO  Test worker     d.u.i.k.n.KeyIO           Parsing took 0 ms 
366268     INFO  Test worker     d.u.i.k.n.KeyIO           MODE: declarations took 0 ms 
366268     INFO  Test worker     d.u.i.k.n.KeyIO           Parsing took 0 ms 
366268     INFO  Test worker     d.u.i.k.n.KeyIO           MODE: declarations took 0 ms 
366268     INFO  Test worker     d.u.i.k.n.KeyIO           Parsing took 0 ms 
366268     INFO  Test worker     d.u.i.k.n.KeyIO           MODE: declarations took 0 ms 
366268     INFO  Test worker     d.u.i.k.n.KeyIO           Parsing took 0 ms 
366268     INFO  Test worker     d.u.i.k.n.KeyIO           MODE: declarations took 0 ms 
368995     INFO  Test worker     d.u.i.k.n.KeyIO           Parsing took 0 ms 
368995     INFO  Test worker     d.u.i.k.n.KeyIO           MODE: declarations took 0 ms 
368995     INFO  Test worker     d.u.i.k.n.KeyIO           Parsing took 0 ms 
368995     INFO  Test worker     d.u.i.k.n.KeyIO           MODE: declarations took 0 ms 
368995     INFO  Test worker     d.u.i.k.n.KeyIO           Parsing took 0 ms 
368995     INFO  Test worker     d.u.i.k.n.KeyIO           MODE: declarations took 0 ms 
368995     INFO  Test worker     d.u.i.k.n.KeyIO           Parsing took 0 ms 
368995     INFO  Test worker     d.u.i.k.n.KeyIO           MODE: declarations took 0 ms 
368995     INFO  Test worker     d.u.i.k.n.KeyIO           Parsing took 0 ms 
368995     INFO  Test worker     d.u.i.k.n.KeyIO           MODE: declarations took 0 ms 
371663     INFO  Test worker     d.u.i.k.n.KeyIO           Parsing took 0 ms 
371663     INFO  Test worker     d.u.i.k.n.KeyIO           MODE: declarations took 0 ms 
371663     INFO  Test worker     d.u.i.k.n.KeyIO           Parsing took 0 ms 
371663     INFO  Test worker     d.u.i.k.n.KeyIO           MODE: declarations took 0 ms 
371663     INFO  Test worker     d.u.i.k.n.KeyIO           Parsing took 0 ms 
371663     INFO  Test worker     d.u.i.k.n.KeyIO           MODE: declarations took 0 ms 
371663     INFO  Test worker     d.u.i.k.n.KeyIO           Parsing took 0 ms 
371663     INFO  Test worker     d.u.i.k.n.KeyIO           MODE: declarations took 0 ms 
371663     INFO  Test worker     d.u.i.k.n.KeyIO           Parsing took 0 ms 
371663     INFO  Test worker     d.u.i.k.n.KeyIO           MODE: declarations took 0 ms 
374293     INFO  Test worker     d.u.i.k.n.KeyIO           Parsing took 0 ms 
374293     INFO  Test worker     d.u.i.k.n.KeyIO           MODE: declarations took 0 ms 
374293     INFO  Test worker     d.u.i.k.n.KeyIO           Parsing took 0 ms 
374293     INFO  Test worker     d.u.i.k.n.KeyIO           MODE: declarations took 0 ms 
374293     INFO  Test worker     d.u.i.k.n.KeyIO           Parsing took 0 ms 
374293     INFO  Test worker     d.u.i.k.n.KeyIO           MODE: declarations took 0 ms 
374293     INFO  Test worker     d.u.i.k.n.KeyIO           Parsing took 0 ms 
374293     INFO  Test worker     d.u.i.k.n.KeyIO           MODE: declarations took 0 ms 
374293     INFO  Test worker     d.u.i.k.n.KeyIO           Parsing took 0 ms 
374293     INFO  Test worker     d.u.i.k.n.KeyIO           MODE: declarations took 0 ms 
376964     INFO  Test worker     d.u.i.k.n.KeyIO           Parsing took 0 ms 
376964     INFO  Test worker     d.u.i.k.n.KeyIO           MODE: declarations took 0 ms 
376964     INFO  Test worker     d.u.i.k.n.KeyIO           Parsing took 0 ms 
376964     INFO  Test worker     d.u.i.k.n.KeyIO           MODE: declarations took 0 ms 
376964     INFO  Test worker     d.u.i.k.n.KeyIO           Parsing took 0 ms 
376964     INFO  Test worker     d.u.i.k.n.KeyIO           MODE: declarations took 0 ms 
376980     INFO  Test worker     d.u.i.k.n.KeyIO           Parsing took 16 ms 
376980     INFO  Test worker     d.u.i.k.n.KeyIO           MODE: declarations took 0 ms 
376980     INFO  Test worker     d.u.i.k.n.KeyIO           Parsing took 0 ms 
376980     INFO  Test worker     d.u.i.k.n.KeyIO           MODE: declarations took 0 ms 
379610     INFO  Test worker     d.u.i.k.n.KeyIO           Parsing took 0 ms 
379610     INFO  Test worker     d.u.i.k.n.KeyIO           MODE: declarations took 0 ms 
379610     INFO  Test worker     d.u.i.k.n.KeyIO           Parsing took 0 ms 
379625     INFO  Test worker     d.u.i.k.n.KeyIO           MODE: declarations took 15 ms 
379625     INFO  Test worker     d.u.i.k.n.KeyIO           Parsing took 0 ms 
379625     INFO  Test worker     d.u.i.k.n.KeyIO           MODE: declarations took 0 ms 
379625     INFO  Test worker     d.u.i.k.n.KeyIO           Parsing took 0 ms 
379625     INFO  Test worker     d.u.i.k.n.KeyIO           MODE: declarations took 0 ms 
379625     INFO  Test worker     d.u.i.k.n.KeyIO           Parsing took 0 ms 
379625     INFO  Test worker     d.u.i.k.n.KeyIO           MODE: declarations took 0 ms 
382245     INFO  Test worker     d.u.i.k.n.KeyIO           Parsing took 0 ms 
382245     INFO  Test worker     d.u.i.k.n.KeyIO           MODE: declarations took 0 ms 
382245     INFO  Test worker     d.u.i.k.n.KeyIO           Parsing took 0 ms 
382245     INFO  Test worker     d.u.i.k.n.KeyIO           MODE: declarations took 0 ms 
382245     INFO  Test worker     d.u.i.k.n.KeyIO           Parsing took 0 ms 
382245     INFO  Test worker     d.u.i.k.n.KeyIO           MODE: declarations took 0 ms 
382245     INFO  Test worker     d.u.i.k.n.KeyIO           Parsing took 0 ms 
382261     INFO  Test worker     d.u.i.k.n.KeyIO           MODE: declarations took 16 ms 
382261     INFO  Test worker     d.u.i.k.n.KeyIO           Parsing took 0 ms 
382261     INFO  Test worker     d.u.i.k.n.KeyIO           MODE: declarations took 0 ms 
384881     INFO  Test worker     d.u.i.k.n.KeyIO           Parsing took 0 ms 
384881     INFO  Test worker     d.u.i.k.n.KeyIO           MODE: declarations took 0 ms 
384881     INFO  Test worker     d.u.i.k.n.KeyIO           Parsing took 0 ms 
384881     INFO  Test worker     d.u.i.k.n.KeyIO           MODE: declarations took 0 ms 
384881     INFO  Test worker     d.u.i.k.n.KeyIO           Parsing took 0 ms 
384881     INFO  Test worker     d.u.i.k.n.KeyIO           MODE: declarations took 0 ms 
384881     INFO  Test worker     d.u.i.k.n.KeyIO           Parsing took 0 ms 
384881     INFO  Test worker     d.u.i.k.n.KeyIO           MODE: declarations took 0 ms 
384881     INFO  Test worker     d.u.i.k.n.KeyIO           Parsing took 0 ms 
384881     INFO  Test worker     d.u.i.k.n.KeyIO           MODE: declarations took 0 ms 
387523     INFO  Test worker     d.u.i.k.n.KeyIO           Parsing took 0 ms 
387523     INFO  Test worker     d.u.i.k.n.KeyIO           MODE: declarations took 0 ms 
387523     INFO  Test worker     d.u.i.k.n.KeyIO           Parsing took 0 ms 
387539     INFO  Test worker     d.u.i.k.n.KeyIO           MODE: declarations took 0 ms 
387539     INFO  Test worker     d.u.i.k.n.KeyIO           Parsing took 0 ms 
387539     INFO  Test worker     d.u.i.k.n.KeyIO           MODE: declarations took 0 ms 
387539     INFO  Test worker     d.u.i.k.n.KeyIO           Parsing took 0 ms 
387539     INFO  Test worker     d.u.i.k.n.KeyIO           MODE: declarations took 0 ms 
387539     INFO  Test worker     d.u.i.k.n.KeyIO           Parsing took 0 ms 
387539     INFO  Test worker     d.u.i.k.n.KeyIO           MODE: declarations took 0 ms 
390152     INFO  Test worker     d.u.i.k.n.KeyIO           Parsing took 0 ms 
390152     INFO  Test worker     d.u.i.k.n.KeyIO           MODE: declarations took 0 ms 
390152     INFO  Test worker     d.u.i.k.n.KeyIO           Parsing took 0 ms 
390152     INFO  Test worker     d.u.i.k.n.KeyIO           MODE: declarations took 0 ms 
390152     INFO  Test worker     d.u.i.k.n.KeyIO           Parsing took 0 ms 
390152     INFO  Test worker     d.u.i.k.n.KeyIO           MODE: declarations took 0 ms 
390152     INFO  Test worker     d.u.i.k.n.KeyIO           Parsing took 0 ms 
390152     INFO  Test worker     d.u.i.k.n.KeyIO           MODE: declarations took 0 ms 
390152     INFO  Test worker     d.u.i.k.n.KeyIO           Parsing took 0 ms 
390152     INFO  Test worker     d.u.i.k.n.KeyIO           MODE: declarations took 0 ms 
392777     INFO  Test worker     d.u.i.k.n.KeyIO           Parsing took 0 ms 
392777     INFO  Test worker     d.u.i.k.n.KeyIO           MODE: declarations took 0 ms 
392777     INFO  Test worker     d.u.i.k.n.KeyIO           Parsing took 0 ms 
392777     INFO  Test worker     d.u.i.k.n.KeyIO           MODE: declarations took 0 ms 
392777     INFO  Test worker     d.u.i.k.n.KeyIO           Parsing took 0 ms 
392777     INFO  Test worker     d.u.i.k.n.KeyIO           MODE: declarations took 0 ms 
392777     INFO  Test worker     d.u.i.k.n.KeyIO           Parsing took 0 ms 
392777     INFO  Test worker     d.u.i.k.n.KeyIO           MODE: declarations took 0 ms 
392777     INFO  Test worker     d.u.i.k.n.KeyIO           Parsing took 0 ms 
392777     INFO  Test worker     d.u.i.k.n.KeyIO           MODE: declarations took 0 ms 
395461     INFO  Test worker     d.u.i.k.n.KeyIO           Parsing took 0 ms 
395461     INFO  Test worker     d.u.i.k.n.KeyIO           MODE: declarations took 0 ms 
395461     INFO  Test worker     d.u.i.k.n.KeyIO           Parsing took 0 ms 
395461     INFO  Test worker     d.u.i.k.n.KeyIO           MODE: declarations took 0 ms 
395461     INFO  Test worker     d.u.i.k.n.KeyIO           Parsing took 0 ms 
395461     INFO  Test worker     d.u.i.k.n.KeyIO           MODE: declarations took 0 ms 
395461     INFO  Test worker     d.u.i.k.n.KeyIO           Parsing took 0 ms 
395461     INFO  Test worker     d.u.i.k.n.KeyIO           MODE: declarations took 0 ms 
395461     INFO  Test worker     d.u.i.k.n.KeyIO           Parsing took 0 ms 
395461     INFO  Test worker     d.u.i.k.n.KeyIO           MODE: declarations took 0 ms 
]]></system-out>
  <system-err><![CDATA[]]></system-err>
</testsuite>
