<?xml version="1.0" encoding="UTF-8"?>
<testsuite name="de.uka.ilkd.key.util.removegenerics.TestMultipleBounds" tests="6" skipped="0" failures="0" errors="0" timestamp="2023-06-13T15:34:42" hostname="fv-az1226-142" time="0.069">
  <properties/>
  <testcase name="testJLS1()" classname="de.uka.ilkd.key.util.removegenerics.TestMultipleBounds" time="0.005"/>
  <testcase name="testRecursiveBounds()" classname="de.uka.ilkd.key.util.removegenerics.TestMultipleBounds" time="0.011"/>
  <testcase name="testAttributes()" classname="de.uka.ilkd.key.util.removegenerics.TestMultipleBounds" time="0.007"/>
  <testcase name="testAsArguments()" classname="de.uka.ilkd.key.util.removegenerics.TestMultipleBounds" time="0.011"/>
  <testcase name="testMethods()" classname="de.uka.ilkd.key.util.removegenerics.TestMultipleBounds" time="0.008"/>
  <testcase name="testTricky2Supertypes()" classname="de.uka.ilkd.key.util.removegenerics.TestMultipleBounds" time="0.01"/>
  <system-out><![CDATA[]]></system-out>
  <system-err><![CDATA[]]></system-err>
</testsuite>
