<?xml version="1.0" encoding="UTF-8"?>
<testsuite name="de.uka.ilkd.key.rule.merge.PredicateAbstractionLatticeTests" tests="3" skipped="0" failures="0" errors="0" timestamp="2023-05-22T21:16:20" hostname="fv-az206-343" time="7.07">
  <properties/>
  <testcase name="testToAndFromString()" classname="de.uka.ilkd.key.rule.merge.PredicateAbstractionLatticeTests" time="3.699"/>
  <testcase name="testCreateSignLatticeWithPredicates()" classname="de.uka.ilkd.key.rule.merge.PredicateAbstractionLatticeTests" time="3.371"/>
  <testcase name="testTrivialPredicatesLattice()" classname="de.uka.ilkd.key.rule.merge.PredicateAbstractionLatticeTests" time="0.0"/>
  <system-out><![CDATA[644324     INFO  Test worker     d.u.i.k.p.i.AbstractProblemLoader Loading environment from src\test\resources\testcase\merge\dummy.key 
644324     DEBUG Test worker     d.u.i.k.p.i.AbstractProblemLoader Environment load took 173.8ns 
644339     INFO  Test worker     d.u.i.k.p.i.AbstractProblemLoader Creating init config 
648008     DEBUG Test worker     d.u.i.k.p.i.AbstractProblemLoader Init config took 3.68s 
648024     INFO  Test worker     d.u.i.k.p.i.AbstractProblemLoader Replaying proof dummy.key 
648024     DEBUG Test worker     d.u.i.k.p.i.IntermediateProofReplayer Proof replay took 9.9ns 
648039     INFO  Test worker     d.u.i.k.p.i.AbstractProblemLoader Loading environment from src\test\resources\testcase\merge\dummy.key 
648039     DEBUG Test worker     d.u.i.k.p.i.AbstractProblemLoader Environment load took 175.5ns 
648039     INFO  Test worker     d.u.i.k.p.i.AbstractProblemLoader Creating init config 
651379     DEBUG Test worker     d.u.i.k.p.i.AbstractProblemLoader Init config took 3.34s 
651395     INFO  Test worker     d.u.i.k.p.i.AbstractProblemLoader Replaying proof dummy.key 
651395     DEBUG Test worker     d.u.i.k.p.i.IntermediateProofReplayer Proof replay took 10.5ns 
]]></system-out>
  <system-err><![CDATA[]]></system-err>
</testsuite>
