<?xml version="1.0" encoding="UTF-8"?>
<testsuite name="de.uka.ilkd.key.util.TestEqualsModProofIrrelevancy" tests="1" skipped="0" failures="0" errors="0" timestamp="2023-05-22T21:21:43" hostname="fv-az206-343" time="15.959">
  <properties/>
  <testcase name="testJavaProof()" classname="de.uka.ilkd.key.util.TestEqualsModProofIrrelevancy" time="15.959"/>
  <system-out><![CDATA[967963     INFO  Test worker     d.u.i.k.p.i.AbstractProblemLoader Loading environment from src\test\resources\testcase\..\..\..\..\..\key.ui\examples\heap\verifyThis15_1_RelaxedPrefix\relax.proof 
967963     DEBUG Test worker     d.u.i.k.p.i.AbstractProblemLoader Environment load took 216.2ns 
967999     INFO  Test worker     d.u.i.k.p.i.AbstractProblemLoader Creating init config 
968227     DEBUG Test worker     d.u.i.k.j.TypeConverter   No LDT found for Meta 
968227     DEBUG Test worker     d.u.i.k.j.TypeConverter   No LDT found for Meta 
968227     DEBUG Test worker     d.u.i.k.j.TypeConverter   No LDT found for Meta 
968227     DEBUG Test worker     d.u.i.k.j.TypeConverter   No LDT found for Meta 
968914     DEBUG Test worker     d.u.i.k.j.TypeConverter   No LDT found for JavaBigintExpression 
977409     DEBUG Test worker     d.u.i.k.p.i.AbstractProblemLoader Init config took 9.41s 
977488     INFO  Test worker     d.u.i.k.p.i.AbstractProblemLoader Replaying proof Relaxed[Relaxed::isRelaxedPrefix([I,[I)].JML operation contract.0 
979051     DEBUG Test worker     d.u.i.k.p.i.IntermediateProofReplayer Proof replay took 1.55s 
979066     INFO  Test worker     d.u.i.k.p.i.AbstractProblemLoader Loading environment from src\test\resources\testcase\..\..\..\..\..\key.ui\examples\heap\verifyThis15_1_RelaxedPrefix\relax.proof 
979066     DEBUG Test worker     d.u.i.k.p.i.AbstractProblemLoader Environment load took 465.1ns 
979066     INFO  Test worker     d.u.i.k.p.i.AbstractProblemLoader Creating init config 
982905     DEBUG Test worker     d.u.i.k.p.i.AbstractProblemLoader Init config took 3.84s 
982951     INFO  Test worker     d.u.i.k.p.i.AbstractProblemLoader Replaying proof Relaxed[Relaxed::isRelaxedPrefix([I,[I)].JML operation contract.0 
983706     DEBUG Test worker     d.u.i.k.p.i.IntermediateProofReplayer Proof replay took 726.25ms 
]]></system-out>
  <system-err><![CDATA[]]></system-err>
</testsuite>
