<?xml version="1.0" encoding="UTF-8"?>
<testsuite name="de.uka.ilkd.key.smt.TestUnsatCore" tests="1" skipped="0" failures="0" errors="0" timestamp="2023-05-22T21:16:32" hostname="fv-az206-343" time="0.037">
  <properties/>
  <testcase name="testUnsatCore()" classname="de.uka.ilkd.key.smt.TestUnsatCore" time="0.037"/>
  <system-out><![CDATA[]]></system-out>
  <system-err><![CDATA[]]></system-err>
</testsuite>
