<?xml version="1.0" encoding="UTF-8"?>
<testsuite name="de.uka.ilkd.key.logic.TestTermLabelManager" tests="21" skipped="0" failures="0" errors="0" timestamp="2023-05-22T21:07:43" hostname="fv-az206-343" time="65.287">
  <properties/>
  <testcase name="testInstantiateLabels_directChildPolicies_allRules()" classname="de.uka.ilkd.key.logic.TestTermLabelManager" time="4.935"/>
  <testcase name="testInstantiateLabels_childAndGrandchildPolicies_ruleSpecific()" classname="de.uka.ilkd.key.logic.TestTermLabelManager" time="3.428"/>
  <testcase name="testParseLabel()" classname="de.uka.ilkd.key.logic.TestTermLabelManager" time="3.292"/>
  <testcase name="testrefactorGoal_childrenAndGrandchildren_ruleSpecific()" classname="de.uka.ilkd.key.logic.TestTermLabelManager" time="3.327"/>
  <testcase name="testrefactorGoal_directChildren_allRules()" classname="de.uka.ilkd.key.logic.TestTermLabelManager" time="3.336"/>
  <testcase name="testInstantiateLabels_childAndGrandchildPolicies_allRules()" classname="de.uka.ilkd.key.logic.TestTermLabelManager" time="3.34"/>
  <testcase name="testInstantiateLabels_taclet()" classname="de.uka.ilkd.key.logic.TestTermLabelManager" time="3.287"/>
  <testcase name="testrefactorGoal_none_ruleSpecific()" classname="de.uka.ilkd.key.logic.TestTermLabelManager" time="3.366"/>
  <testcase name="testInstantiateLabels_updates_ruleSpecific()" classname="de.uka.ilkd.key.logic.TestTermLabelManager" time="3.284"/>
  <testcase name="testrefactorGoal_sequent_ruleSpecific()" classname="de.uka.ilkd.key.logic.TestTermLabelManager" time="3.243"/>
  <testcase name="testInstantiateLabels_updates_allRules()" classname="de.uka.ilkd.key.logic.TestTermLabelManager" time="3.265"/>
  <testcase name="testrefactorGoal_sequent_allRules()" classname="de.uka.ilkd.key.logic.TestTermLabelManager" time="3.326"/>
  <testcase name="testrefactorGoal_childrenAndGrandchildren_allRules()" classname="de.uka.ilkd.key.logic.TestTermLabelManager" time="3.279"/>
  <testcase name="testGetTermLabelManager()" classname="de.uka.ilkd.key.logic.TestTermLabelManager" time="0.004"/>
  <testcase name="testInstantiateLabels_applicationTermPolicies()" classname="de.uka.ilkd.key.logic.TestTermLabelManager" time="3.475"/>
  <testcase name="testInstantiateLabels_modalityTermPolicies()" classname="de.uka.ilkd.key.logic.TestTermLabelManager" time="3.345"/>
  <testcase name="testrefactorGoal_none_allRules()" classname="de.uka.ilkd.key.logic.TestTermLabelManager" time="3.371"/>
  <testcase name="testInstantiateLabels_null()" classname="de.uka.ilkd.key.logic.TestTermLabelManager" time="0.0"/>
  <testcase name="testrefactorGoal_directChildren_ruleSpecific()" classname="de.uka.ilkd.key.logic.TestTermLabelManager" time="3.641"/>
  <testcase name="testInstantiateLabels_directChildPolicies_ruleSpecific()" classname="de.uka.ilkd.key.logic.TestTermLabelManager" time="3.404"/>
  <testcase name="testGetSupportedTermLabelNames()" classname="de.uka.ilkd.key.logic.TestTermLabelManager" time="3.32"/>
  <system-out><![CDATA[127908     INFO  Test worker     d.u.i.k.p.i.AbstractProblemLoader Loading environment from src\test\resources\testcase\termLabels\flatSteps\FlatSteps.java 
127908     DEBUG Test worker     d.u.i.k.p.i.AbstractProblemLoader Environment load took 216.2ns 
127908     INFO  Test worker     d.u.i.k.p.i.AbstractProblemLoader Creating init config 
128158     DEBUG Test worker     d.u.i.k.j.TypeConverter   No LDT found for Meta 
128158     DEBUG Test worker     d.u.i.k.j.TypeConverter   No LDT found for Meta 
128158     DEBUG Test worker     d.u.i.k.j.TypeConverter   No LDT found for Meta 
128158     DEBUG Test worker     d.u.i.k.j.TypeConverter   No LDT found for Meta 
129034     DEBUG Test worker     d.u.i.k.j.TypeConverter   No LDT found for JavaBigintExpression 
132833     DEBUG Test worker     d.u.i.k.p.i.AbstractProblemLoader Init config took 4.93s 
132848     INFO  Test worker     d.u.i.k.p.i.AbstractProblemLoader Loading environment from src\test\resources\testcase\termLabels\flatSteps\FlatSteps.java 
132848     DEBUG Test worker     d.u.i.k.p.i.AbstractProblemLoader Environment load took 578.2ns 
132848     INFO  Test worker     d.u.i.k.p.i.AbstractProblemLoader Creating init config 
136262     DEBUG Test worker     d.u.i.k.p.i.AbstractProblemLoader Init config took 3.41s 
136262     INFO  Test worker     d.u.i.k.p.i.AbstractProblemLoader Loading environment from src\test\resources\testcase\termLabels\flatSteps\FlatSteps.java 
136262     DEBUG Test worker     d.u.i.k.p.i.AbstractProblemLoader Environment load took 279.1ns 
136262     INFO  Test worker     d.u.i.k.p.i.AbstractProblemLoader Creating init config 
139554     DEBUG Test worker     d.u.i.k.p.i.AbstractProblemLoader Init config took 3.29s 
139554     INFO  Test worker     d.u.i.k.p.i.AbstractProblemLoader Loading environment from src\test\resources\testcase\termLabels\flatSteps\FlatSteps.java 
139554     DEBUG Test worker     d.u.i.k.p.i.AbstractProblemLoader Environment load took 529.8ns 
139570     INFO  Test worker     d.u.i.k.p.i.AbstractProblemLoader Creating init config 
142865     DEBUG Test worker     d.u.i.k.p.i.AbstractProblemLoader Init config took 3.3s 
142881     INFO  Test worker     d.u.i.k.p.i.AbstractProblemLoader Loading environment from src\test\resources\testcase\termLabels\flatSteps\FlatSteps.java 
142881     DEBUG Test worker     d.u.i.k.p.i.AbstractProblemLoader Environment load took 177.3ns 
142881     INFO  Test worker     d.u.i.k.p.i.AbstractProblemLoader Creating init config 
146218     DEBUG Test worker     d.u.i.k.p.i.AbstractProblemLoader Init config took 3.33s 
146234     INFO  Test worker     d.u.i.k.p.i.AbstractProblemLoader Loading environment from src\test\resources\testcase\termLabels\flatSteps\FlatSteps.java 
146234     DEBUG Test worker     d.u.i.k.p.i.AbstractProblemLoader Environment load took 613.4ns 
146234     INFO  Test worker     d.u.i.k.p.i.AbstractProblemLoader Creating init config 
149559     DEBUG Test worker     d.u.i.k.p.i.AbstractProblemLoader Init config took 3.33s 
149559     INFO  Test worker     d.u.i.k.p.i.AbstractProblemLoader Loading environment from src\test\resources\testcase\termLabels\flatSteps\FlatSteps.java 
149559     DEBUG Test worker     d.u.i.k.p.i.AbstractProblemLoader Environment load took 210.5ns 
149574     INFO  Test worker     d.u.i.k.p.i.AbstractProblemLoader Creating init config 
152847     DEBUG Test worker     d.u.i.k.p.i.AbstractProblemLoader Init config took 3.28s 
152847     INFO  Test worker     d.u.i.k.p.i.AbstractProblemLoader Loading environment from src\test\resources\testcase\termLabels\flatSteps\FlatSteps.java 
152863     DEBUG Test worker     d.u.i.k.p.i.AbstractProblemLoader Environment load took 879.1ns 
152863     INFO  Test worker     d.u.i.k.p.i.AbstractProblemLoader Creating init config 
156197     DEBUG Test worker     d.u.i.k.p.i.AbstractProblemLoader Init config took 3.34s 
156214     INFO  Test worker     d.u.i.k.p.i.AbstractProblemLoader Loading environment from src\test\resources\testcase\termLabels\flatSteps\FlatSteps.java 
156214     DEBUG Test worker     d.u.i.k.p.i.AbstractProblemLoader Environment load took 1.08ms 
156228     INFO  Test worker     d.u.i.k.p.i.AbstractProblemLoader Creating init config 
159498     DEBUG Test worker     d.u.i.k.p.i.AbstractProblemLoader Init config took 3.28s 
159514     INFO  Test worker     d.u.i.k.p.i.AbstractProblemLoader Loading environment from src\test\resources\testcase\termLabels\flatSteps\FlatSteps.java 
159514     DEBUG Test worker     d.u.i.k.p.i.AbstractProblemLoader Environment load took 652.1ns 
159514     INFO  Test worker     d.u.i.k.p.i.AbstractProblemLoader Creating init config 
162742     DEBUG Test worker     d.u.i.k.p.i.AbstractProblemLoader Init config took 3.22s 
162742     INFO  Test worker     d.u.i.k.p.i.AbstractProblemLoader Loading environment from src\test\resources\testcase\termLabels\flatSteps\FlatSteps.java 
162742     DEBUG Test worker     d.u.i.k.p.i.AbstractProblemLoader Environment load took 185.5ns 
162758     INFO  Test worker     d.u.i.k.p.i.AbstractProblemLoader Creating init config 
166007     DEBUG Test worker     d.u.i.k.p.i.AbstractProblemLoader Init config took 3.26s 
166023     INFO  Test worker     d.u.i.k.p.i.AbstractProblemLoader Loading environment from src\test\resources\testcase\termLabels\flatSteps\FlatSteps.java 
166023     DEBUG Test worker     d.u.i.k.p.i.AbstractProblemLoader Environment load took 685.5ns 
166023     INFO  Test worker     d.u.i.k.p.i.AbstractProblemLoader Creating init config 
169325     DEBUG Test worker     d.u.i.k.p.i.AbstractProblemLoader Init config took 3.3s 
169341     INFO  Test worker     d.u.i.k.p.i.AbstractProblemLoader Loading environment from src\test\resources\testcase\termLabels\flatSteps\FlatSteps.java 
169341     DEBUG Test worker     d.u.i.k.p.i.AbstractProblemLoader Environment load took 547ns 
169341     INFO  Test worker     d.u.i.k.p.i.AbstractProblemLoader Creating init config 
172603     DEBUG Test worker     d.u.i.k.p.i.AbstractProblemLoader Init config took 3.27s 
172621     INFO  Test worker     d.u.i.k.p.i.AbstractProblemLoader Loading environment from src\test\resources\testcase\termLabels\flatSteps\FlatSteps.java 
172621     DEBUG Test worker     d.u.i.k.p.i.AbstractProblemLoader Environment load took 216.9ns 
172621     INFO  Test worker     d.u.i.k.p.i.AbstractProblemLoader Creating init config 
176086     DEBUG Test worker     d.u.i.k.p.i.AbstractProblemLoader Init config took 3.46s 
176101     INFO  Test worker     d.u.i.k.p.i.AbstractProblemLoader Loading environment from src\test\resources\testcase\termLabels\flatSteps\FlatSteps.java 
176101     DEBUG Test worker     d.u.i.k.p.i.AbstractProblemLoader Environment load took 230.7ns 
176101     INFO  Test worker     d.u.i.k.p.i.AbstractProblemLoader Creating init config 
179447     DEBUG Test worker     d.u.i.k.p.i.AbstractProblemLoader Init config took 3.35s 
179447     INFO  Test worker     d.u.i.k.p.i.AbstractProblemLoader Loading environment from src\test\resources\testcase\termLabels\flatSteps\FlatSteps.java 
179447     DEBUG Test worker     d.u.i.k.p.i.AbstractProblemLoader Environment load took 194.5ns 
179463     INFO  Test worker     d.u.i.k.p.i.AbstractProblemLoader Creating init config 
182807     DEBUG Test worker     d.u.i.k.p.i.AbstractProblemLoader Init config took 3.35s 
182818     INFO  Test worker     d.u.i.k.p.i.AbstractProblemLoader Loading environment from src\test\resources\testcase\termLabels\flatSteps\FlatSteps.java 
182818     DEBUG Test worker     d.u.i.k.p.i.AbstractProblemLoader Environment load took 268.3ns 
182818     INFO  Test worker     d.u.i.k.p.i.AbstractProblemLoader Creating init config 
186446     DEBUG Test worker     d.u.i.k.p.i.AbstractProblemLoader Init config took 3.62s 
186461     INFO  Test worker     d.u.i.k.p.i.AbstractProblemLoader Loading environment from src\test\resources\testcase\termLabels\flatSteps\FlatSteps.java 
186461     DEBUG Test worker     d.u.i.k.p.i.AbstractProblemLoader Environment load took 246.4ns 
186461     INFO  Test worker     d.u.i.k.p.i.AbstractProblemLoader Creating init config 
189865     DEBUG Test worker     d.u.i.k.p.i.AbstractProblemLoader Init config took 3.39s 
189865     INFO  Test worker     d.u.i.k.p.i.AbstractProblemLoader Loading environment from src\test\resources\testcase\termLabels\flatSteps\FlatSteps.java 
189865     DEBUG Test worker     d.u.i.k.p.i.AbstractProblemLoader Environment load took 807.2ns 
189865     INFO  Test worker     d.u.i.k.p.i.AbstractProblemLoader Creating init config 
193185     DEBUG Test worker     d.u.i.k.p.i.AbstractProblemLoader Init config took 3.32s 
]]></system-out>
  <system-err><![CDATA[]]></system-err>
</testsuite>
