<?xml version="1.0" encoding="UTF-8"?>
<testsuite name="de.uka.ilkd.key.taclettranslation.TestTacletTranslator" tests="5" skipped="0" failures="0" errors="0" timestamp="2023-05-22T21:21:42" hostname="fv-az206-343" time="0.042">
  <properties/>
  <testcase name="testPropositional1()" classname="de.uka.ilkd.key.taclettranslation.TestTacletTranslator" time="0.022"/>
  <testcase name="testPropositional2()" classname="de.uka.ilkd.key.taclettranslation.TestTacletTranslator" time="0.005"/>
  <testcase name="testNegativePolarity()" classname="de.uka.ilkd.key.taclettranslation.TestTacletTranslator" time="0.005"/>
  <testcase name="testNoPolarity()" classname="de.uka.ilkd.key.taclettranslation.TestTacletTranslator" time="0.005"/>
  <testcase name="testPositivePolarity()" classname="de.uka.ilkd.key.taclettranslation.TestTacletTranslator" time="0.004"/>
  <system-out><![CDATA[966506     INFO  Test worker     d.u.i.k.n.KeyIO           Parsing took 0 ms 
966506     DEBUG Test worker     d.u.i.k.n.KeyIO           Load declarations of de.uka.ilkd.key.nparser.KeyAst$File:  <unknown>:1#1 
966506     INFO  Test worker     d.u.i.k.n.KeyIO           MODE: declarations took 0 ms 
966506     DEBUG Test worker     d.u.i.k.n.KeyIO           MODE: 2nd degree decls took 0 
966506     DEBUG Test worker     d.u.i.k.n.KeyIO           MODE: taclets took 0ms 
966522     INFO  Test worker     d.u.i.k.n.KeyIO           Parsing took 0 ms 
966522     DEBUG Test worker     d.u.i.k.n.KeyIO           Load declarations of de.uka.ilkd.key.nparser.KeyAst$File:  <unknown>:1#1 
966522     INFO  Test worker     d.u.i.k.n.KeyIO           MODE: declarations took 0 ms 
966522     DEBUG Test worker     d.u.i.k.n.KeyIO           MODE: 2nd degree decls took 0 
966522     DEBUG Test worker     d.u.i.k.n.KeyIO           MODE: taclets took 0ms 
966522     INFO  Test worker     d.u.i.k.n.KeyIO           Parsing took 0 ms 
966522     DEBUG Test worker     d.u.i.k.n.KeyIO           Load declarations of de.uka.ilkd.key.nparser.KeyAst$File:  <unknown>:1#1 
966522     INFO  Test worker     d.u.i.k.n.KeyIO           MODE: declarations took 0 ms 
966522     DEBUG Test worker     d.u.i.k.n.KeyIO           MODE: 2nd degree decls took 0 
966522     DEBUG Test worker     d.u.i.k.n.KeyIO           MODE: taclets took 0ms 
966538     INFO  Test worker     d.u.i.k.n.KeyIO           Parsing took 0 ms 
966538     DEBUG Test worker     d.u.i.k.n.KeyIO           Load declarations of de.uka.ilkd.key.nparser.KeyAst$File:  <unknown>:1#1 
966538     INFO  Test worker     d.u.i.k.n.KeyIO           MODE: declarations took 0 ms 
966538     DEBUG Test worker     d.u.i.k.n.KeyIO           MODE: 2nd degree decls took 0 
966538     DEBUG Test worker     d.u.i.k.n.KeyIO           MODE: taclets took 0ms 
966538     INFO  Test worker     d.u.i.k.n.KeyIO           Parsing took 0 ms 
966538     DEBUG Test worker     d.u.i.k.n.KeyIO           Load declarations of de.uka.ilkd.key.nparser.KeyAst$File:  <unknown>:1#1 
966538     INFO  Test worker     d.u.i.k.n.KeyIO           MODE: declarations took 0 ms 
966538     DEBUG Test worker     d.u.i.k.n.KeyIO           MODE: 2nd degree decls took 0 
966538     DEBUG Test worker     d.u.i.k.n.KeyIO           MODE: taclets took 0ms 
]]></system-out>
  <system-err><![CDATA[]]></system-err>
</testsuite>
