<?xml version="1.0" encoding="UTF-8"?>
<testsuite name="de.uka.ilkd.key.rule.loop.LoopScopeInvRuleTests" tests="1" skipped="0" failures="0" errors="0" timestamp="2023-05-22T21:14:34" hostname="fv-az206-343" time="5.919">
  <properties/>
  <testcase name="testDoAutomaticProofOfBenchmarkWithLabeledBreaksAndContinues()" classname="de.uka.ilkd.key.rule.loop.LoopScopeInvRuleTests" time="5.919"/>
  <system-out><![CDATA[538259     INFO  Test worker     d.u.i.k.p.i.AbstractProblemLoader Loading environment from src\test\resources\testcase\loopScopeInvRule\Test.key 
538259     DEBUG Test worker     d.u.i.k.p.i.AbstractProblemLoader Environment load took 141.6ns 
538259     INFO  Test worker     d.u.i.k.p.i.AbstractProblemLoader Creating init config 
538416     DEBUG Test worker     d.u.i.k.j.TypeConverter   No LDT found for Meta 
538416     DEBUG Test worker     d.u.i.k.j.TypeConverter   No LDT found for Meta 
538416     DEBUG Test worker     d.u.i.k.j.TypeConverter   No LDT found for Meta 
538416     DEBUG Test worker     d.u.i.k.j.TypeConverter   No LDT found for Meta 
539206     DEBUG Test worker     d.u.i.k.j.TypeConverter   No LDT found for JavaBigintExpression 
543367     DEBUG Test worker     d.u.i.k.p.i.AbstractProblemLoader Init config took 5.1s 
543398     INFO  Test worker     d.u.i.k.p.i.AbstractProblemLoader Replaying proof Test[Test::loopScopeRuleBenchmark(int,boolean)].JML normal_behavior operation contract.0 
543414     DEBUG Test worker     d.u.i.k.p.i.IntermediateProofReplayer Proof replay took 18.3ns 
]]></system-out>
  <system-err><![CDATA[]]></system-err>
</testsuite>
