<?xml version="1.0" encoding="UTF-8"?>
<testsuite name="de.uka.ilkd.key.parser.TestTermParserHeap" tests="39" skipped="0" failures="0" errors="0" timestamp="2023-05-22T21:11:43" hostname="fv-az206-343" time="133.068">
  <properties/>
  <testcase name="testBracketHeapUpdate()" classname="de.uka.ilkd.key.parser.TestTermParserHeap" time="0.019"/>
  <testcase name="testStore()" classname="de.uka.ilkd.key.parser.TestTermParserHeap" time="0.016"/>
  <testcase name="testUnknownConstant()" classname="de.uka.ilkd.key.parser.TestTermParserHeap" time="0.005"/>
  <testcase name="testAllFieldsSelector()" classname="de.uka.ilkd.key.parser.TestTermParserHeap" time="0.004"/>
  <testcase name="testParsePrettyPrintedSelect()" classname="de.uka.ilkd.key.parser.TestTermParserHeap" time="0.005"/>
  <testcase name="testAccessStaticMembers()" classname="de.uka.ilkd.key.parser.TestTermParserHeap" time="0.006"/>
  <testcase name="testAtOperator_1()" classname="de.uka.ilkd.key.parser.TestTermParserHeap" time="0.005"/>
  <testcase name="testAtOperator_2()" classname="de.uka.ilkd.key.parser.TestTermParserHeap" time="0.006"/>
  <testcase name="testAtOperator_3()" classname="de.uka.ilkd.key.parser.TestTermParserHeap" time="0.004"/>
  <testcase name="testAtOperator_4()" classname="de.uka.ilkd.key.parser.TestTermParserHeap" time="0.009"/>
  <testcase name="testAtOperator_5()" classname="de.uka.ilkd.key.parser.TestTermParserHeap" time="0.006"/>
  <testcase name="testAtOperator_6()" classname="de.uka.ilkd.key.parser.TestTermParserHeap" time="0.005"/>
  <testcase name="testAtOperator_7()" classname="de.uka.ilkd.key.parser.TestTermParserHeap" time="0.004"/>
  <testcase name="testAtOperator_8()" classname="de.uka.ilkd.key.parser.TestTermParserHeap" time="0.008"/>
  <testcase name="testVerifyExceptionIfAtOperatorNotPreceededBySelectTerm()" classname="de.uka.ilkd.key.parser.TestTermParserHeap" time="0.006"/>
  <testcase name="testBugResettingCounter()" classname="de.uka.ilkd.key.parser.TestTermParserHeap" time="0.006"/>
  <testcase name="testLocationSets()" classname="de.uka.ilkd.key.parser.TestTermParserHeap" time="0.008"/>
  <testcase name="testQuantifiedSelect()" classname="de.uka.ilkd.key.parser.TestTermParserHeap" time="0.006"/>
  <testcase name="testGenericObjectProperties()" classname="de.uka.ilkd.key.parser.TestTermParserHeap" time="0.004"/>
  <testcase name="testQueryInheritance_1()" classname="de.uka.ilkd.key.parser.TestTermParserHeap" time="0.005"/>
  <testcase name="testQueryInheritance_2()" classname="de.uka.ilkd.key.parser.TestTermParserHeap" time="0.011"/>
  <testcase name="testQueryInheritance_3()" classname="de.uka.ilkd.key.parser.TestTermParserHeap" time="0.005"/>
  <testcase name="testQueryInheritance_4()" classname="de.uka.ilkd.key.parser.TestTermParserHeap" time="0.004"/>
  <testcase name="testQueryInheritance_5()" classname="de.uka.ilkd.key.parser.TestTermParserHeap" time="0.004"/>
  <testcase name="testQueryInheritance_6()" classname="de.uka.ilkd.key.parser.TestTermParserHeap" time="0.005"/>
  <testcase name="testQueryInheritance_7()" classname="de.uka.ilkd.key.parser.TestTermParserHeap" time="0.005"/>
  <testcase name="testQueryInheritance_8()" classname="de.uka.ilkd.key.parser.TestTermParserHeap" time="0.006"/>
  <testcase name="testQueryInheritance_9()" classname="de.uka.ilkd.key.parser.TestTermParserHeap" time="0.004"/>
  <testcase name="testQueryBasic_10()" classname="de.uka.ilkd.key.parser.TestTermParserHeap" time="0.003"/>
  <testcase name="testQueryBasic_11()" classname="de.uka.ilkd.key.parser.TestTermParserHeap" time="0.004"/>
  <testcase name="testQueryBasic_1()" classname="de.uka.ilkd.key.parser.TestTermParserHeap" time="0.005"/>
  <testcase name="testQueryBasic_2()" classname="de.uka.ilkd.key.parser.TestTermParserHeap" time="0.006"/>
  <testcase name="testQueryBasic_3()" classname="de.uka.ilkd.key.parser.TestTermParserHeap" time="0.008"/>
  <testcase name="testQueryBasic_4()" classname="de.uka.ilkd.key.parser.TestTermParserHeap" time="0.007"/>
  <testcase name="testQueryBasic_5()" classname="de.uka.ilkd.key.parser.TestTermParserHeap" time="0.004"/>
  <testcase name="testQueryBasic_6()" classname="de.uka.ilkd.key.parser.TestTermParserHeap" time="0.004"/>
  <testcase name="testQueryBasic_7()" classname="de.uka.ilkd.key.parser.TestTermParserHeap" time="0.005"/>
  <testcase name="testQueryBasic_8()" classname="de.uka.ilkd.key.parser.TestTermParserHeap" time="0.002"/>
  <testcase name="testQueryBasic_9()" classname="de.uka.ilkd.key.parser.TestTermParserHeap" time="0.002"/>
  <system-out><![CDATA[367674     INFO  Test worker     d.u.i.k.n.KeyIO           Parsing took 0 ms 
367674     DEBUG Test worker     d.u.i.k.n.KeyIO           Load declarations of de.uka.ilkd.key.nparser.KeyAst$File:  <unknown>:1#1 
367674     INFO  Test worker     d.u.i.k.n.KeyIO           MODE: declarations took 0 ms 
367674     DEBUG Test worker     d.u.i.k.n.KeyIO           MODE: 2nd degree decls took 0 
367674     INFO  Test worker     d.u.i.k.n.KeyIO           Parsing took 0 ms 
367674     DEBUG Test worker     d.u.i.k.n.KeyIO           Load declarations of de.uka.ilkd.key.nparser.KeyAst$File:  <unknown>:1#1 
367674     INFO  Test worker     d.u.i.k.n.KeyIO           MODE: declarations took 0 ms 
367674     DEBUG Test worker     d.u.i.k.n.KeyIO           MODE: 2nd degree decls took 0 
367674     INFO  Test worker     d.u.i.k.n.KeyIO           Parsing took 0 ms 
367674     DEBUG Test worker     d.u.i.k.n.KeyIO           Load declarations of de.uka.ilkd.key.nparser.KeyAst$File:  <unknown>:1#1 
367674     INFO  Test worker     d.u.i.k.n.KeyIO           MODE: declarations took 0 ms 
367674     DEBUG Test worker     d.u.i.k.n.KeyIO           MODE: 2nd degree decls took 0 
367674     INFO  Test worker     d.u.i.k.n.KeyIO           Parsing took 0 ms 
367674     DEBUG Test worker     d.u.i.k.n.KeyIO           Load declarations of de.uka.ilkd.key.nparser.KeyAst$File:  <unknown>:1#1 
367674     INFO  Test worker     d.u.i.k.n.KeyIO           MODE: declarations took 0 ms 
367674     DEBUG Test worker     d.u.i.k.n.KeyIO           MODE: 2nd degree decls took 0 
367674     INFO  Test worker     d.u.i.k.n.KeyIO           Parsing took 0 ms 
367674     DEBUG Test worker     d.u.i.k.n.KeyIO           Load declarations of de.uka.ilkd.key.nparser.KeyAst$File:  <unknown>:1#1 
367674     INFO  Test worker     d.u.i.k.n.KeyIO           MODE: declarations took 0 ms 
367674     DEBUG Test worker     d.u.i.k.n.KeyIO           MODE: 2nd degree decls took 0 
371488     INFO  Test worker     d.u.i.k.n.KeyIO           Parsing took 0 ms 
371488     DEBUG Test worker     d.u.i.k.n.KeyIO           Load declarations of de.uka.ilkd.key.nparser.KeyAst$File:  <unknown>:1#1 
371488     INFO  Test worker     d.u.i.k.n.KeyIO           MODE: declarations took 0 ms 
371488     DEBUG Test worker     d.u.i.k.n.KeyIO           MODE: 2nd degree decls took 0 
371488     INFO  Test worker     d.u.i.k.n.KeyIO           Parsing took 0 ms 
371488     DEBUG Test worker     d.u.i.k.n.KeyIO           Load declarations of de.uka.ilkd.key.nparser.KeyAst$File:  <unknown>:1#1 
371488     INFO  Test worker     d.u.i.k.n.KeyIO           MODE: declarations took 0 ms 
371488     DEBUG Test worker     d.u.i.k.n.KeyIO           MODE: 2nd degree decls took 0 
371488     INFO  Test worker     d.u.i.k.n.KeyIO           Parsing took 0 ms 
371488     DEBUG Test worker     d.u.i.k.n.KeyIO           Load declarations of de.uka.ilkd.key.nparser.KeyAst$File:  <unknown>:1#1 
371488     INFO  Test worker     d.u.i.k.n.KeyIO           MODE: declarations took 0 ms 
371488     DEBUG Test worker     d.u.i.k.n.KeyIO           MODE: 2nd degree decls took 0 
371488     INFO  Test worker     d.u.i.k.n.KeyIO           Parsing took 0 ms 
371488     DEBUG Test worker     d.u.i.k.n.KeyIO           Load declarations of de.uka.ilkd.key.nparser.KeyAst$File:  <unknown>:1#1 
371488     INFO  Test worker     d.u.i.k.n.KeyIO           MODE: declarations took 0 ms 
371488     DEBUG Test worker     d.u.i.k.n.KeyIO           MODE: 2nd degree decls took 0 
371488     INFO  Test worker     d.u.i.k.n.KeyIO           Parsing took 0 ms 
371488     DEBUG Test worker     d.u.i.k.n.KeyIO           Load declarations of de.uka.ilkd.key.nparser.KeyAst$File:  <unknown>:1#1 
371488     INFO  Test worker     d.u.i.k.n.KeyIO           MODE: declarations took 0 ms 
371488     DEBUG Test worker     d.u.i.k.n.KeyIO           MODE: 2nd degree decls took 0 
375259     INFO  Test worker     d.u.i.k.n.KeyIO           Parsing took 0 ms 
375259     DEBUG Test worker     d.u.i.k.n.KeyIO           Load declarations of de.uka.ilkd.key.nparser.KeyAst$File:  <unknown>:1#1 
375275     INFO  Test worker     d.u.i.k.n.KeyIO           MODE: declarations took 16 ms 
375275     DEBUG Test worker     d.u.i.k.n.KeyIO           MODE: 2nd degree decls took 0 
375275     INFO  Test worker     d.u.i.k.n.KeyIO           Parsing took 0 ms 
375275     DEBUG Test worker     d.u.i.k.n.KeyIO           Load declarations of de.uka.ilkd.key.nparser.KeyAst$File:  <unknown>:1#1 
375275     INFO  Test worker     d.u.i.k.n.KeyIO           MODE: declarations took 0 ms 
375275     DEBUG Test worker     d.u.i.k.n.KeyIO           MODE: 2nd degree decls took 0 
375275     INFO  Test worker     d.u.i.k.n.KeyIO           Parsing took 0 ms 
375275     DEBUG Test worker     d.u.i.k.n.KeyIO           Load declarations of de.uka.ilkd.key.nparser.KeyAst$File:  <unknown>:1#1 
375275     INFO  Test worker     d.u.i.k.n.KeyIO           MODE: declarations took 0 ms 
375275     DEBUG Test worker     d.u.i.k.n.KeyIO           MODE: 2nd degree decls took 0 
375275     INFO  Test worker     d.u.i.k.n.KeyIO           Parsing took 0 ms 
375275     DEBUG Test worker     d.u.i.k.n.KeyIO           Load declarations of de.uka.ilkd.key.nparser.KeyAst$File:  <unknown>:1#1 
375275     INFO  Test worker     d.u.i.k.n.KeyIO           MODE: declarations took 0 ms 
375275     DEBUG Test worker     d.u.i.k.n.KeyIO           MODE: 2nd degree decls took 0 
375275     INFO  Test worker     d.u.i.k.n.KeyIO           Parsing took 0 ms 
375275     DEBUG Test worker     d.u.i.k.n.KeyIO           Load declarations of de.uka.ilkd.key.nparser.KeyAst$File:  <unknown>:1#1 
375275     INFO  Test worker     d.u.i.k.n.KeyIO           MODE: declarations took 0 ms 
375275     DEBUG Test worker     d.u.i.k.n.KeyIO           MODE: 2nd degree decls took 0 
375275     INFO  Test worker     d.u.i.k.n.KeyIO           Parsing took 0 ms 
375275     DEBUG Test worker     d.u.i.k.n.KeyIO           Load declarations of de.uka.ilkd.key.nparser.KeyAst$File:  <unknown>:1#1 
375275     INFO  Test worker     d.u.i.k.n.KeyIO           MODE: declarations took 0 ms 
375275     DEBUG Test worker     d.u.i.k.n.KeyIO           MODE: 2nd degree decls took 0 
378929     INFO  Test worker     d.u.i.k.n.KeyIO           Parsing took 0 ms 
378929     DEBUG Test worker     d.u.i.k.n.KeyIO           Load declarations of de.uka.ilkd.key.nparser.KeyAst$File:  <unknown>:1#1 
378929     INFO  Test worker     d.u.i.k.n.KeyIO           MODE: declarations took 0 ms 
378929     DEBUG Test worker     d.u.i.k.n.KeyIO           MODE: 2nd degree decls took 0 
378929     INFO  Test worker     d.u.i.k.n.KeyIO           Parsing took 0 ms 
378929     DEBUG Test worker     d.u.i.k.n.KeyIO           Load declarations of de.uka.ilkd.key.nparser.KeyAst$File:  <unknown>:1#1 
378929     INFO  Test worker     d.u.i.k.n.KeyIO           MODE: declarations took 0 ms 
378929     DEBUG Test worker     d.u.i.k.n.KeyIO           MODE: 2nd degree decls took 0 
378929     INFO  Test worker     d.u.i.k.n.KeyIO           Parsing took 0 ms 
378929     DEBUG Test worker     d.u.i.k.n.KeyIO           Load declarations of de.uka.ilkd.key.nparser.KeyAst$File:  <unknown>:1#1 
378929     INFO  Test worker     d.u.i.k.n.KeyIO           MODE: declarations took 0 ms 
378929     DEBUG Test worker     d.u.i.k.n.KeyIO           MODE: 2nd degree decls took 0 
378929     INFO  Test worker     d.u.i.k.n.KeyIO           Parsing took 0 ms 
378929     DEBUG Test worker     d.u.i.k.n.KeyIO           Load declarations of de.uka.ilkd.key.nparser.KeyAst$File:  <unknown>:1#1 
378929     INFO  Test worker     d.u.i.k.n.KeyIO           MODE: declarations took 0 ms 
378929     DEBUG Test worker     d.u.i.k.n.KeyIO           MODE: 2nd degree decls took 0 
378929     INFO  Test worker     d.u.i.k.n.KeyIO           Parsing took 0 ms 
378929     DEBUG Test worker     d.u.i.k.n.KeyIO           Load declarations of de.uka.ilkd.key.nparser.KeyAst$File:  <unknown>:1#1 
378929     INFO  Test worker     d.u.i.k.n.KeyIO           MODE: declarations took 0 ms 
378929     DEBUG Test worker     d.u.i.k.n.KeyIO           MODE: 2nd degree decls took 0 
382555     INFO  Test worker     d.u.i.k.n.KeyIO           Parsing took 0 ms 
382555     DEBUG Test worker     d.u.i.k.n.KeyIO           Load declarations of de.uka.ilkd.key.nparser.KeyAst$File:  <unknown>:1#1 
382555     INFO  Test worker     d.u.i.k.n.KeyIO           MODE: declarations took 0 ms 
382555     DEBUG Test worker     d.u.i.k.n.KeyIO           MODE: 2nd degree decls took 0 
382555     INFO  Test worker     d.u.i.k.n.KeyIO           Parsing took 0 ms 
382555     DEBUG Test worker     d.u.i.k.n.KeyIO           Load declarations of de.uka.ilkd.key.nparser.KeyAst$File:  <unknown>:1#1 
382555     INFO  Test worker     d.u.i.k.n.KeyIO           MODE: declarations took 0 ms 
382555     DEBUG Test worker     d.u.i.k.n.KeyIO           MODE: 2nd degree decls took 0 
382555     INFO  Test worker     d.u.i.k.n.KeyIO           Parsing took 0 ms 
382555     DEBUG Test worker     d.u.i.k.n.KeyIO           Load declarations of de.uka.ilkd.key.nparser.KeyAst$File:  <unknown>:1#1 
382555     INFO  Test worker     d.u.i.k.n.KeyIO           MODE: declarations took 0 ms 
382555     DEBUG Test worker     d.u.i.k.n.KeyIO           MODE: 2nd degree decls took 0 
382555     INFO  Test worker     d.u.i.k.n.KeyIO           Parsing took 0 ms 
382555     DEBUG Test worker     d.u.i.k.n.KeyIO           Load declarations of de.uka.ilkd.key.nparser.KeyAst$File:  <unknown>:1#1 
382555     INFO  Test worker     d.u.i.k.n.KeyIO           MODE: declarations took 0 ms 
382555     DEBUG Test worker     d.u.i.k.n.KeyIO           MODE: 2nd degree decls took 0 
382555     INFO  Test worker     d.u.i.k.n.KeyIO           Parsing took 0 ms 
382555     DEBUG Test worker     d.u.i.k.n.KeyIO           Load declarations of de.uka.ilkd.key.nparser.KeyAst$File:  <unknown>:1#1 
382555     INFO  Test worker     d.u.i.k.n.KeyIO           MODE: declarations took 0 ms 
382555     DEBUG Test worker     d.u.i.k.n.KeyIO           MODE: 2nd degree decls took 0 
386163     INFO  Test worker     d.u.i.k.n.KeyIO           Parsing took 0 ms 
386163     DEBUG Test worker     d.u.i.k.n.KeyIO           Load declarations of de.uka.ilkd.key.nparser.KeyAst$File:  <unknown>:1#1 
386163     INFO  Test worker     d.u.i.k.n.KeyIO           MODE: declarations took 0 ms 
386163     DEBUG Test worker     d.u.i.k.n.KeyIO           MODE: 2nd degree decls took 0 
386163     INFO  Test worker     d.u.i.k.n.KeyIO           Parsing took 0 ms 
386163     DEBUG Test worker     d.u.i.k.n.KeyIO           Load declarations of de.uka.ilkd.key.nparser.KeyAst$File:  <unknown>:1#1 
386163     INFO  Test worker     d.u.i.k.n.KeyIO           MODE: declarations took 0 ms 
386163     DEBUG Test worker     d.u.i.k.n.KeyIO           MODE: 2nd degree decls took 0 
386163     INFO  Test worker     d.u.i.k.n.KeyIO           Parsing took 0 ms 
386163     DEBUG Test worker     d.u.i.k.n.KeyIO           Load declarations of de.uka.ilkd.key.nparser.KeyAst$File:  <unknown>:1#1 
386163     INFO  Test worker     d.u.i.k.n.KeyIO           MODE: declarations took 0 ms 
386163     DEBUG Test worker     d.u.i.k.n.KeyIO           MODE: 2nd degree decls took 0 
386163     INFO  Test worker     d.u.i.k.n.KeyIO           Parsing took 0 ms 
386163     DEBUG Test worker     d.u.i.k.n.KeyIO           Load declarations of de.uka.ilkd.key.nparser.KeyAst$File:  <unknown>:1#1 
386163     INFO  Test worker     d.u.i.k.n.KeyIO           MODE: declarations took 0 ms 
386163     DEBUG Test worker     d.u.i.k.n.KeyIO           MODE: 2nd degree decls took 0 
386163     INFO  Test worker     d.u.i.k.n.KeyIO           Parsing took 0 ms 
386163     DEBUG Test worker     d.u.i.k.n.KeyIO           Load declarations of de.uka.ilkd.key.nparser.KeyAst$File:  <unknown>:1#1 
386163     INFO  Test worker     d.u.i.k.n.KeyIO           MODE: declarations took 0 ms 
386163     DEBUG Test worker     d.u.i.k.n.KeyIO           MODE: 2nd degree decls took 0 
389588     INFO  Test worker     d.u.i.k.n.KeyIO           Parsing took 0 ms 
389588     DEBUG Test worker     d.u.i.k.n.KeyIO           Load declarations of de.uka.ilkd.key.nparser.KeyAst$File:  <unknown>:1#1 
389588     INFO  Test worker     d.u.i.k.n.KeyIO           MODE: declarations took 0 ms 
389588     DEBUG Test worker     d.u.i.k.n.KeyIO           MODE: 2nd degree decls took 0 
389588     INFO  Test worker     d.u.i.k.n.KeyIO           Parsing took 0 ms 
389588     DEBUG Test worker     d.u.i.k.n.KeyIO           Load declarations of de.uka.ilkd.key.nparser.KeyAst$File:  <unknown>:1#1 
389588     INFO  Test worker     d.u.i.k.n.KeyIO           MODE: declarations took 0 ms 
389588     DEBUG Test worker     d.u.i.k.n.KeyIO           MODE: 2nd degree decls took 0 
389588     INFO  Test worker     d.u.i.k.n.KeyIO           Parsing took 0 ms 
389588     DEBUG Test worker     d.u.i.k.n.KeyIO           Load declarations of de.uka.ilkd.key.nparser.KeyAst$File:  <unknown>:1#1 
389604     INFO  Test worker     d.u.i.k.n.KeyIO           MODE: declarations took 16 ms 
389604     DEBUG Test worker     d.u.i.k.n.KeyIO           MODE: 2nd degree decls took 0 
389604     INFO  Test worker     d.u.i.k.n.KeyIO           Parsing took 0 ms 
389604     DEBUG Test worker     d.u.i.k.n.KeyIO           Load declarations of de.uka.ilkd.key.nparser.KeyAst$File:  <unknown>:1#1 
389604     INFO  Test worker     d.u.i.k.n.KeyIO           MODE: declarations took 0 ms 
389604     DEBUG Test worker     d.u.i.k.n.KeyIO           MODE: 2nd degree decls took 0 
389604     INFO  Test worker     d.u.i.k.n.KeyIO           Parsing took 0 ms 
389604     DEBUG Test worker     d.u.i.k.n.KeyIO           Load declarations of de.uka.ilkd.key.nparser.KeyAst$File:  <unknown>:1#1 
389604     INFO  Test worker     d.u.i.k.n.KeyIO           MODE: declarations took 0 ms 
389604     DEBUG Test worker     d.u.i.k.n.KeyIO           MODE: 2nd degree decls took 0 
393158     INFO  Test worker     d.u.i.k.n.KeyIO           Parsing took 0 ms 
393158     DEBUG Test worker     d.u.i.k.n.KeyIO           Load declarations of de.uka.ilkd.key.nparser.KeyAst$File:  <unknown>:1#1 
393158     INFO  Test worker     d.u.i.k.n.KeyIO           MODE: declarations took 0 ms 
393158     DEBUG Test worker     d.u.i.k.n.KeyIO           MODE: 2nd degree decls took 0 
393158     INFO  Test worker     d.u.i.k.n.KeyIO           Parsing took 0 ms 
393158     DEBUG Test worker     d.u.i.k.n.KeyIO           Load declarations of de.uka.ilkd.key.nparser.KeyAst$File:  <unknown>:1#1 
393158     INFO  Test worker     d.u.i.k.n.KeyIO           MODE: declarations took 0 ms 
393158     DEBUG Test worker     d.u.i.k.n.KeyIO           MODE: 2nd degree decls took 0 
393158     INFO  Test worker     d.u.i.k.n.KeyIO           Parsing took 0 ms 
393158     DEBUG Test worker     d.u.i.k.n.KeyIO           Load declarations of de.uka.ilkd.key.nparser.KeyAst$File:  <unknown>:1#1 
393158     INFO  Test worker     d.u.i.k.n.KeyIO           MODE: declarations took 0 ms 
393158     DEBUG Test worker     d.u.i.k.n.KeyIO           MODE: 2nd degree decls took 0 
393158     INFO  Test worker     d.u.i.k.n.KeyIO           Parsing took 0 ms 
393158     DEBUG Test worker     d.u.i.k.n.KeyIO           Load declarations of de.uka.ilkd.key.nparser.KeyAst$File:  <unknown>:1#1 
393158     INFO  Test worker     d.u.i.k.n.KeyIO           MODE: declarations took 0 ms 
393158     DEBUG Test worker     d.u.i.k.n.KeyIO           MODE: 2nd degree decls took 0 
393158     INFO  Test worker     d.u.i.k.n.KeyIO           Parsing took 0 ms 
393158     DEBUG Test worker     d.u.i.k.n.KeyIO           Load declarations of de.uka.ilkd.key.nparser.KeyAst$File:  <unknown>:1#1 
393158     INFO  Test worker     d.u.i.k.n.KeyIO           MODE: declarations took 0 ms 
393158     DEBUG Test worker     d.u.i.k.n.KeyIO           MODE: 2nd degree decls took 0 
396674     INFO  Test worker     d.u.i.k.n.KeyIO           Parsing took 0 ms 
396674     DEBUG Test worker     d.u.i.k.n.KeyIO           Load declarations of de.uka.ilkd.key.nparser.KeyAst$File:  <unknown>:1#1 
396674     INFO  Test worker     d.u.i.k.n.KeyIO           MODE: declarations took 0 ms 
396674     DEBUG Test worker     d.u.i.k.n.KeyIO           MODE: 2nd degree decls took 0 
396674     INFO  Test worker     d.u.i.k.n.KeyIO           Parsing took 0 ms 
396674     DEBUG Test worker     d.u.i.k.n.KeyIO           Load declarations of de.uka.ilkd.key.nparser.KeyAst$File:  <unknown>:1#1 
396674     INFO  Test worker     d.u.i.k.n.KeyIO           MODE: declarations took 0 ms 
396674     DEBUG Test worker     d.u.i.k.n.KeyIO           MODE: 2nd degree decls took 0 
396674     INFO  Test worker     d.u.i.k.n.KeyIO           Parsing took 0 ms 
396674     DEBUG Test worker     d.u.i.k.n.KeyIO           Load declarations of de.uka.ilkd.key.nparser.KeyAst$File:  <unknown>:1#1 
396674     INFO  Test worker     d.u.i.k.n.KeyIO           MODE: declarations took 0 ms 
396674     DEBUG Test worker     d.u.i.k.n.KeyIO           MODE: 2nd degree decls took 0 
396674     INFO  Test worker     d.u.i.k.n.KeyIO           Parsing took 0 ms 
396674     DEBUG Test worker     d.u.i.k.n.KeyIO           Load declarations of de.uka.ilkd.key.nparser.KeyAst$File:  <unknown>:1#1 
396674     INFO  Test worker     d.u.i.k.n.KeyIO           MODE: declarations took 0 ms 
396674     DEBUG Test worker     d.u.i.k.n.KeyIO           MODE: 2nd degree decls took 0 
396674     INFO  Test worker     d.u.i.k.n.KeyIO           Parsing took 0 ms 
396674     DEBUG Test worker     d.u.i.k.n.KeyIO           Load declarations of de.uka.ilkd.key.nparser.KeyAst$File:  <unknown>:1#1 
396674     INFO  Test worker     d.u.i.k.n.KeyIO           MODE: declarations took 0 ms 
396674     DEBUG Test worker     d.u.i.k.n.KeyIO           MODE: 2nd degree decls took 0 
400156     INFO  Test worker     d.u.i.k.n.KeyIO           Parsing took 0 ms 
400156     DEBUG Test worker     d.u.i.k.n.KeyIO           Load declarations of de.uka.ilkd.key.nparser.KeyAst$File:  <unknown>:1#1 
400156     INFO  Test worker     d.u.i.k.n.KeyIO           MODE: declarations took 0 ms 
400156     DEBUG Test worker     d.u.i.k.n.KeyIO           MODE: 2nd degree decls took 0 
400156     INFO  Test worker     d.u.i.k.n.KeyIO           Parsing took 0 ms 
400156     DEBUG Test worker     d.u.i.k.n.KeyIO           Load declarations of de.uka.ilkd.key.nparser.KeyAst$File:  <unknown>:1#1 
400156     INFO  Test worker     d.u.i.k.n.KeyIO           MODE: declarations took 0 ms 
400156     DEBUG Test worker     d.u.i.k.n.KeyIO           MODE: 2nd degree decls took 0 
400156     INFO  Test worker     d.u.i.k.n.KeyIO           Parsing took 0 ms 
400156     DEBUG Test worker     d.u.i.k.n.KeyIO           Load declarations of de.uka.ilkd.key.nparser.KeyAst$File:  <unknown>:1#1 
400156     INFO  Test worker     d.u.i.k.n.KeyIO           MODE: declarations took 0 ms 
400156     DEBUG Test worker     d.u.i.k.n.KeyIO           MODE: 2nd degree decls took 0 
400156     INFO  Test worker     d.u.i.k.n.KeyIO           Parsing took 0 ms 
400156     DEBUG Test worker     d.u.i.k.n.KeyIO           Load declarations of de.uka.ilkd.key.nparser.KeyAst$File:  <unknown>:1#1 
400156     INFO  Test worker     d.u.i.k.n.KeyIO           MODE: declarations took 0 ms 
400156     DEBUG Test worker     d.u.i.k.n.KeyIO           MODE: 2nd degree decls took 0 
400156     INFO  Test worker     d.u.i.k.n.KeyIO           Parsing took 0 ms 
400156     DEBUG Test worker     d.u.i.k.n.KeyIO           Load declarations of de.uka.ilkd.key.nparser.KeyAst$File:  <unknown>:1#1 
400156     INFO  Test worker     d.u.i.k.n.KeyIO           MODE: declarations took 0 ms 
400156     DEBUG Test worker     d.u.i.k.n.KeyIO           MODE: 2nd degree decls took 0 
403501     INFO  Test worker     d.u.i.k.n.KeyIO           Parsing took 0 ms 
403501     DEBUG Test worker     d.u.i.k.n.KeyIO           Load declarations of de.uka.ilkd.key.nparser.KeyAst$File:  <unknown>:1#1 
403501     INFO  Test worker     d.u.i.k.n.KeyIO           MODE: declarations took 0 ms 
403501     DEBUG Test worker     d.u.i.k.n.KeyIO           MODE: 2nd degree decls took 0 
403501     INFO  Test worker     d.u.i.k.n.KeyIO           Parsing took 0 ms 
403501     DEBUG Test worker     d.u.i.k.n.KeyIO           Load declarations of de.uka.ilkd.key.nparser.KeyAst$File:  <unknown>:1#1 
403501     INFO  Test worker     d.u.i.k.n.KeyIO           MODE: declarations took 0 ms 
403501     DEBUG Test worker     d.u.i.k.n.KeyIO           MODE: 2nd degree decls took 0 
403501     INFO  Test worker     d.u.i.k.n.KeyIO           Parsing took 0 ms 
403501     DEBUG Test worker     d.u.i.k.n.KeyIO           Load declarations of de.uka.ilkd.key.nparser.KeyAst$File:  <unknown>:1#1 
403501     INFO  Test worker     d.u.i.k.n.KeyIO           MODE: declarations took 0 ms 
403501     DEBUG Test worker     d.u.i.k.n.KeyIO           MODE: 2nd degree decls took 0 
403501     INFO  Test worker     d.u.i.k.n.KeyIO           Parsing took 0 ms 
403501     DEBUG Test worker     d.u.i.k.n.KeyIO           Load declarations of de.uka.ilkd.key.nparser.KeyAst$File:  <unknown>:1#1 
403501     INFO  Test worker     d.u.i.k.n.KeyIO           MODE: declarations took 0 ms 
403501     DEBUG Test worker     d.u.i.k.n.KeyIO           MODE: 2nd degree decls took 0 
403501     INFO  Test worker     d.u.i.k.n.KeyIO           Parsing took 0 ms 
403501     DEBUG Test worker     d.u.i.k.n.KeyIO           Load declarations of de.uka.ilkd.key.nparser.KeyAst$File:  <unknown>:1#1 
403501     INFO  Test worker     d.u.i.k.n.KeyIO           MODE: declarations took 0 ms 
403501     DEBUG Test worker     d.u.i.k.n.KeyIO           MODE: 2nd degree decls took 0 
406868     INFO  Test worker     d.u.i.k.n.KeyIO           Parsing took 0 ms 
406868     DEBUG Test worker     d.u.i.k.n.KeyIO           Load declarations of de.uka.ilkd.key.nparser.KeyAst$File:  <unknown>:1#1 
406868     INFO  Test worker     d.u.i.k.n.KeyIO           MODE: declarations took 0 ms 
406868     DEBUG Test worker     d.u.i.k.n.KeyIO           MODE: 2nd degree decls took 0 
406868     INFO  Test worker     d.u.i.k.n.KeyIO           Parsing took 0 ms 
406868     DEBUG Test worker     d.u.i.k.n.KeyIO           Load declarations of de.uka.ilkd.key.nparser.KeyAst$File:  <unknown>:1#1 
406868     INFO  Test worker     d.u.i.k.n.KeyIO           MODE: declarations took 0 ms 
406868     DEBUG Test worker     d.u.i.k.n.KeyIO           MODE: 2nd degree decls took 0 
406868     INFO  Test worker     d.u.i.k.n.KeyIO           Parsing took 0 ms 
406868     DEBUG Test worker     d.u.i.k.n.KeyIO           Load declarations of de.uka.ilkd.key.nparser.KeyAst$File:  <unknown>:1#1 
406868     INFO  Test worker     d.u.i.k.n.KeyIO           MODE: declarations took 0 ms 
406868     DEBUG Test worker     d.u.i.k.n.KeyIO           MODE: 2nd degree decls took 0 
406868     INFO  Test worker     d.u.i.k.n.KeyIO           Parsing took 0 ms 
406868     DEBUG Test worker     d.u.i.k.n.KeyIO           Load declarations of de.uka.ilkd.key.nparser.KeyAst$File:  <unknown>:1#1 
406868     INFO  Test worker     d.u.i.k.n.KeyIO           MODE: declarations took 0 ms 
406868     DEBUG Test worker     d.u.i.k.n.KeyIO           MODE: 2nd degree decls took 0 
406868     INFO  Test worker     d.u.i.k.n.KeyIO           Parsing took 0 ms 
406868     DEBUG Test worker     d.u.i.k.n.KeyIO           Load declarations of de.uka.ilkd.key.nparser.KeyAst$File:  <unknown>:1#1 
406868     INFO  Test worker     d.u.i.k.n.KeyIO           MODE: declarations took 0 ms 
406868     DEBUG Test worker     d.u.i.k.n.KeyIO           MODE: 2nd degree decls took 0 
410223     INFO  Test worker     d.u.i.k.n.KeyIO           Parsing took 0 ms 
410223     DEBUG Test worker     d.u.i.k.n.KeyIO           Load declarations of de.uka.ilkd.key.nparser.KeyAst$File:  <unknown>:1#1 
410223     INFO  Test worker     d.u.i.k.n.KeyIO           MODE: declarations took 0 ms 
410223     DEBUG Test worker     d.u.i.k.n.KeyIO           MODE: 2nd degree decls took 0 
410223     INFO  Test worker     d.u.i.k.n.KeyIO           Parsing took 0 ms 
410223     DEBUG Test worker     d.u.i.k.n.KeyIO           Load declarations of de.uka.ilkd.key.nparser.KeyAst$File:  <unknown>:1#1 
410223     INFO  Test worker     d.u.i.k.n.KeyIO           MODE: declarations took 0 ms 
410223     DEBUG Test worker     d.u.i.k.n.KeyIO           MODE: 2nd degree decls took 0 
410223     INFO  Test worker     d.u.i.k.n.KeyIO           Parsing took 0 ms 
410223     DEBUG Test worker     d.u.i.k.n.KeyIO           Load declarations of de.uka.ilkd.key.nparser.KeyAst$File:  <unknown>:1#1 
410223     INFO  Test worker     d.u.i.k.n.KeyIO           MODE: declarations took 0 ms 
410223     DEBUG Test worker     d.u.i.k.n.KeyIO           MODE: 2nd degree decls took 0 
410223     INFO  Test worker     d.u.i.k.n.KeyIO           Parsing took 0 ms 
410223     DEBUG Test worker     d.u.i.k.n.KeyIO           Load declarations of de.uka.ilkd.key.nparser.KeyAst$File:  <unknown>:1#1 
410223     INFO  Test worker     d.u.i.k.n.KeyIO           MODE: declarations took 0 ms 
410223     DEBUG Test worker     d.u.i.k.n.KeyIO           MODE: 2nd degree decls took 0 
410223     INFO  Test worker     d.u.i.k.n.KeyIO           Parsing took 0 ms 
410223     DEBUG Test worker     d.u.i.k.n.KeyIO           Load declarations of de.uka.ilkd.key.nparser.KeyAst$File:  <unknown>:1#1 
410223     INFO  Test worker     d.u.i.k.n.KeyIO           MODE: declarations took 0 ms 
410223     DEBUG Test worker     d.u.i.k.n.KeyIO           MODE: 2nd degree decls took 0 
413555     INFO  Test worker     d.u.i.k.n.KeyIO           Parsing took 0 ms 
413555     DEBUG Test worker     d.u.i.k.n.KeyIO           Load declarations of de.uka.ilkd.key.nparser.KeyAst$File:  <unknown>:1#1 
413555     INFO  Test worker     d.u.i.k.n.KeyIO           MODE: declarations took 0 ms 
413555     DEBUG Test worker     d.u.i.k.n.KeyIO           MODE: 2nd degree decls took 0 
413555     INFO  Test worker     d.u.i.k.n.KeyIO           Parsing took 0 ms 
413555     DEBUG Test worker     d.u.i.k.n.KeyIO           Load declarations of de.uka.ilkd.key.nparser.KeyAst$File:  <unknown>:1#1 
413555     INFO  Test worker     d.u.i.k.n.KeyIO           MODE: declarations took 0 ms 
413571     DEBUG Test worker     d.u.i.k.n.KeyIO           MODE: 2nd degree decls took 0 
413571     INFO  Test worker     d.u.i.k.n.KeyIO           Parsing took 0 ms 
413571     DEBUG Test worker     d.u.i.k.n.KeyIO           Load declarations of de.uka.ilkd.key.nparser.KeyAst$File:  <unknown>:1#1 
413571     INFO  Test worker     d.u.i.k.n.KeyIO           MODE: declarations took 0 ms 
413571     DEBUG Test worker     d.u.i.k.n.KeyIO           MODE: 2nd degree decls took 0 
413571     INFO  Test worker     d.u.i.k.n.KeyIO           Parsing took 0 ms 
413571     DEBUG Test worker     d.u.i.k.n.KeyIO           Load declarations of de.uka.ilkd.key.nparser.KeyAst$File:  <unknown>:1#1 
413571     INFO  Test worker     d.u.i.k.n.KeyIO           MODE: declarations took 0 ms 
413571     DEBUG Test worker     d.u.i.k.n.KeyIO           MODE: 2nd degree decls took 0 
413571     INFO  Test worker     d.u.i.k.n.KeyIO           Parsing took 0 ms 
413571     DEBUG Test worker     d.u.i.k.n.KeyIO           Load declarations of de.uka.ilkd.key.nparser.KeyAst$File:  <unknown>:1#1 
413571     INFO  Test worker     d.u.i.k.n.KeyIO           MODE: declarations took 0 ms 
413571     DEBUG Test worker     d.u.i.k.n.KeyIO           MODE: 2nd degree decls took 0 
416967     INFO  Test worker     d.u.i.k.n.KeyIO           Parsing took 0 ms 
416967     DEBUG Test worker     d.u.i.k.n.KeyIO           Load declarations of de.uka.ilkd.key.nparser.KeyAst$File:  <unknown>:1#1 
416967     INFO  Test worker     d.u.i.k.n.KeyIO           MODE: declarations took 0 ms 
416967     DEBUG Test worker     d.u.i.k.n.KeyIO           MODE: 2nd degree decls took 0 
416967     INFO  Test worker     d.u.i.k.n.KeyIO           Parsing took 0 ms 
416967     DEBUG Test worker     d.u.i.k.n.KeyIO           Load declarations of de.uka.ilkd.key.nparser.KeyAst$File:  <unknown>:1#1 
416967     INFO  Test worker     d.u.i.k.n.KeyIO           MODE: declarations took 0 ms 
416967     DEBUG Test worker     d.u.i.k.n.KeyIO           MODE: 2nd degree decls took 0 
416967     INFO  Test worker     d.u.i.k.n.KeyIO           Parsing took 0 ms 
416967     DEBUG Test worker     d.u.i.k.n.KeyIO           Load declarations of de.uka.ilkd.key.nparser.KeyAst$File:  <unknown>:1#1 
416967     INFO  Test worker     d.u.i.k.n.KeyIO           MODE: declarations took 0 ms 
416967     DEBUG Test worker     d.u.i.k.n.KeyIO           MODE: 2nd degree decls took 0 
416967     INFO  Test worker     d.u.i.k.n.KeyIO           Parsing took 0 ms 
416967     DEBUG Test worker     d.u.i.k.n.KeyIO           Load declarations of de.uka.ilkd.key.nparser.KeyAst$File:  <unknown>:1#1 
416967     INFO  Test worker     d.u.i.k.n.KeyIO           MODE: declarations took 0 ms 
416967     DEBUG Test worker     d.u.i.k.n.KeyIO           MODE: 2nd degree decls took 0 
416967     INFO  Test worker     d.u.i.k.n.KeyIO           Parsing took 0 ms 
416967     DEBUG Test worker     d.u.i.k.n.KeyIO           Load declarations of de.uka.ilkd.key.nparser.KeyAst$File:  <unknown>:1#1 
416967     INFO  Test worker     d.u.i.k.n.KeyIO           MODE: declarations took 0 ms 
416967     DEBUG Test worker     d.u.i.k.n.KeyIO           MODE: 2nd degree decls took 0 
416967     WARN  Test worker     d.u.i.k.n.KeYParser       [syntax-error] <unknown>:1:11: mismatched input '@' expecting {'/', ':=', '.', '(', ')', '{', '[', '@', PARALLEL, OR, AND, IMP, '=', NOT_EQUALS, '%', '*', '-', '+', '>', GREATEREQUAL, '<', LESSEQUAL, LGUILLEMETS, EQV} [@11,11:11='@',<153>,1:11] (termEOF) 
420373     INFO  Test worker     d.u.i.k.n.KeyIO           Parsing took 0 ms 
420373     DEBUG Test worker     d.u.i.k.n.KeyIO           Load declarations of de.uka.ilkd.key.nparser.KeyAst$File:  <unknown>:1#1 
420373     INFO  Test worker     d.u.i.k.n.KeyIO           MODE: declarations took 0 ms 
420373     DEBUG Test worker     d.u.i.k.n.KeyIO           MODE: 2nd degree decls took 0 
420373     INFO  Test worker     d.u.i.k.n.KeyIO           Parsing took 0 ms 
420373     DEBUG Test worker     d.u.i.k.n.KeyIO           Load declarations of de.uka.ilkd.key.nparser.KeyAst$File:  <unknown>:1#1 
420373     INFO  Test worker     d.u.i.k.n.KeyIO           MODE: declarations took 0 ms 
420373     DEBUG Test worker     d.u.i.k.n.KeyIO           MODE: 2nd degree decls took 0 
420373     INFO  Test worker     d.u.i.k.n.KeyIO           Parsing took 0 ms 
420373     DEBUG Test worker     d.u.i.k.n.KeyIO           Load declarations of de.uka.ilkd.key.nparser.KeyAst$File:  <unknown>:1#1 
420373     INFO  Test worker     d.u.i.k.n.KeyIO           MODE: declarations took 0 ms 
420373     DEBUG Test worker     d.u.i.k.n.KeyIO           MODE: 2nd degree decls took 0 
420373     INFO  Test worker     d.u.i.k.n.KeyIO           Parsing took 0 ms 
420373     DEBUG Test worker     d.u.i.k.n.KeyIO           Load declarations of de.uka.ilkd.key.nparser.KeyAst$File:  <unknown>:1#1 
420373     INFO  Test worker     d.u.i.k.n.KeyIO           MODE: declarations took 0 ms 
420373     DEBUG Test worker     d.u.i.k.n.KeyIO           MODE: 2nd degree decls took 0 
420373     INFO  Test worker     d.u.i.k.n.KeyIO           Parsing took 0 ms 
420373     DEBUG Test worker     d.u.i.k.n.KeyIO           Load declarations of de.uka.ilkd.key.nparser.KeyAst$File:  <unknown>:1#1 
420388     INFO  Test worker     d.u.i.k.n.KeyIO           MODE: declarations took 15 ms 
420388     DEBUG Test worker     d.u.i.k.n.KeyIO           MODE: 2nd degree decls took 0 
423623     INFO  Test worker     d.u.i.k.n.KeyIO           Parsing took 0 ms 
423623     DEBUG Test worker     d.u.i.k.n.KeyIO           Load declarations of de.uka.ilkd.key.nparser.KeyAst$File:  <unknown>:1#1 
423623     INFO  Test worker     d.u.i.k.n.KeyIO           MODE: declarations took 0 ms 
423623     DEBUG Test worker     d.u.i.k.n.KeyIO           MODE: 2nd degree decls took 0 
423623     INFO  Test worker     d.u.i.k.n.KeyIO           Parsing took 0 ms 
423623     DEBUG Test worker     d.u.i.k.n.KeyIO           Load declarations of de.uka.ilkd.key.nparser.KeyAst$File:  <unknown>:1#1 
423623     INFO  Test worker     d.u.i.k.n.KeyIO           MODE: declarations took 0 ms 
423623     DEBUG Test worker     d.u.i.k.n.KeyIO           MODE: 2nd degree decls took 0 
423623     INFO  Test worker     d.u.i.k.n.KeyIO           Parsing took 0 ms 
423623     DEBUG Test worker     d.u.i.k.n.KeyIO           Load declarations of de.uka.ilkd.key.nparser.KeyAst$File:  <unknown>:1#1 
423623     INFO  Test worker     d.u.i.k.n.KeyIO           MODE: declarations took 0 ms 
423623     DEBUG Test worker     d.u.i.k.n.KeyIO           MODE: 2nd degree decls took 0 
423623     INFO  Test worker     d.u.i.k.n.KeyIO           Parsing took 0 ms 
423623     DEBUG Test worker     d.u.i.k.n.KeyIO           Load declarations of de.uka.ilkd.key.nparser.KeyAst$File:  <unknown>:1#1 
423623     INFO  Test worker     d.u.i.k.n.KeyIO           MODE: declarations took 0 ms 
423623     DEBUG Test worker     d.u.i.k.n.KeyIO           MODE: 2nd degree decls took 0 
423623     INFO  Test worker     d.u.i.k.n.KeyIO           Parsing took 0 ms 
423623     DEBUG Test worker     d.u.i.k.n.KeyIO           Load declarations of de.uka.ilkd.key.nparser.KeyAst$File:  <unknown>:1#1 
423623     INFO  Test worker     d.u.i.k.n.KeyIO           MODE: declarations took 0 ms 
423623     DEBUG Test worker     d.u.i.k.n.KeyIO           MODE: 2nd degree decls took 0 
427038     INFO  Test worker     d.u.i.k.n.KeyIO           Parsing took 0 ms 
427054     DEBUG Test worker     d.u.i.k.n.KeyIO           Load declarations of de.uka.ilkd.key.nparser.KeyAst$File:  <unknown>:1#1 
427054     INFO  Test worker     d.u.i.k.n.KeyIO           MODE: declarations took 0 ms 
427054     DEBUG Test worker     d.u.i.k.n.KeyIO           MODE: 2nd degree decls took 0 
427054     INFO  Test worker     d.u.i.k.n.KeyIO           Parsing took 0 ms 
427054     DEBUG Test worker     d.u.i.k.n.KeyIO           Load declarations of de.uka.ilkd.key.nparser.KeyAst$File:  <unknown>:1#1 
427054     INFO  Test worker     d.u.i.k.n.KeyIO           MODE: declarations took 0 ms 
427054     DEBUG Test worker     d.u.i.k.n.KeyIO           MODE: 2nd degree decls took 0 
427054     INFO  Test worker     d.u.i.k.n.KeyIO           Parsing took 0 ms 
427054     DEBUG Test worker     d.u.i.k.n.KeyIO           Load declarations of de.uka.ilkd.key.nparser.KeyAst$File:  <unknown>:1#1 
427054     INFO  Test worker     d.u.i.k.n.KeyIO           MODE: declarations took 0 ms 
427054     DEBUG Test worker     d.u.i.k.n.KeyIO           MODE: 2nd degree decls took 0 
427054     INFO  Test worker     d.u.i.k.n.KeyIO           Parsing took 0 ms 
427054     DEBUG Test worker     d.u.i.k.n.KeyIO           Load declarations of de.uka.ilkd.key.nparser.KeyAst$File:  <unknown>:1#1 
427054     INFO  Test worker     d.u.i.k.n.KeyIO           MODE: declarations took 0 ms 
427054     DEBUG Test worker     d.u.i.k.n.KeyIO           MODE: 2nd degree decls took 0 
427054     INFO  Test worker     d.u.i.k.n.KeyIO           Parsing took 0 ms 
427054     DEBUG Test worker     d.u.i.k.n.KeyIO           Load declarations of de.uka.ilkd.key.nparser.KeyAst$File:  <unknown>:1#1 
427054     INFO  Test worker     d.u.i.k.n.KeyIO           MODE: declarations took 0 ms 
427054     DEBUG Test worker     d.u.i.k.n.KeyIO           MODE: 2nd degree decls took 0 
430372     INFO  Test worker     d.u.i.k.n.KeyIO           Parsing took 0 ms 
430372     DEBUG Test worker     d.u.i.k.n.KeyIO           Load declarations of de.uka.ilkd.key.nparser.KeyAst$File:  <unknown>:1#1 
430372     INFO  Test worker     d.u.i.k.n.KeyIO           MODE: declarations took 0 ms 
430372     DEBUG Test worker     d.u.i.k.n.KeyIO           MODE: 2nd degree decls took 0 
430372     INFO  Test worker     d.u.i.k.n.KeyIO           Parsing took 0 ms 
430372     DEBUG Test worker     d.u.i.k.n.KeyIO           Load declarations of de.uka.ilkd.key.nparser.KeyAst$File:  <unknown>:1#1 
430372     INFO  Test worker     d.u.i.k.n.KeyIO           MODE: declarations took 0 ms 
430372     DEBUG Test worker     d.u.i.k.n.KeyIO           MODE: 2nd degree decls took 0 
430372     INFO  Test worker     d.u.i.k.n.KeyIO           Parsing took 0 ms 
430372     DEBUG Test worker     d.u.i.k.n.KeyIO           Load declarations of de.uka.ilkd.key.nparser.KeyAst$File:  <unknown>:1#1 
430372     INFO  Test worker     d.u.i.k.n.KeyIO           MODE: declarations took 0 ms 
430372     DEBUG Test worker     d.u.i.k.n.KeyIO           MODE: 2nd degree decls took 0 
430372     INFO  Test worker     d.u.i.k.n.KeyIO           Parsing took 0 ms 
430372     DEBUG Test worker     d.u.i.k.n.KeyIO           Load declarations of de.uka.ilkd.key.nparser.KeyAst$File:  <unknown>:1#1 
430372     INFO  Test worker     d.u.i.k.n.KeyIO           MODE: declarations took 0 ms 
430372     DEBUG Test worker     d.u.i.k.n.KeyIO           MODE: 2nd degree decls took 0 
430372     INFO  Test worker     d.u.i.k.n.KeyIO           Parsing took 0 ms 
430372     DEBUG Test worker     d.u.i.k.n.KeyIO           Load declarations of de.uka.ilkd.key.nparser.KeyAst$File:  <unknown>:1#1 
430372     INFO  Test worker     d.u.i.k.n.KeyIO           MODE: declarations took 0 ms 
430372     DEBUG Test worker     d.u.i.k.n.KeyIO           MODE: 2nd degree decls took 0 
433627     INFO  Test worker     d.u.i.k.n.KeyIO           Parsing took 0 ms 
433627     DEBUG Test worker     d.u.i.k.n.KeyIO           Load declarations of de.uka.ilkd.key.nparser.KeyAst$File:  <unknown>:1#1 
433627     INFO  Test worker     d.u.i.k.n.KeyIO           MODE: declarations took 0 ms 
433627     DEBUG Test worker     d.u.i.k.n.KeyIO           MODE: 2nd degree decls took 0 
433627     INFO  Test worker     d.u.i.k.n.KeyIO           Parsing took 0 ms 
433627     DEBUG Test worker     d.u.i.k.n.KeyIO           Load declarations of de.uka.ilkd.key.nparser.KeyAst$File:  <unknown>:1#1 
433627     INFO  Test worker     d.u.i.k.n.KeyIO           MODE: declarations took 0 ms 
433627     DEBUG Test worker     d.u.i.k.n.KeyIO           MODE: 2nd degree decls took 0 
433627     INFO  Test worker     d.u.i.k.n.KeyIO           Parsing took 0 ms 
433627     DEBUG Test worker     d.u.i.k.n.KeyIO           Load declarations of de.uka.ilkd.key.nparser.KeyAst$File:  <unknown>:1#1 
433627     INFO  Test worker     d.u.i.k.n.KeyIO           MODE: declarations took 0 ms 
433627     DEBUG Test worker     d.u.i.k.n.KeyIO           MODE: 2nd degree decls took 0 
433627     INFO  Test worker     d.u.i.k.n.KeyIO           Parsing took 0 ms 
433627     DEBUG Test worker     d.u.i.k.n.KeyIO           Load declarations of de.uka.ilkd.key.nparser.KeyAst$File:  <unknown>:1#1 
433627     INFO  Test worker     d.u.i.k.n.KeyIO           MODE: declarations took 0 ms 
433627     DEBUG Test worker     d.u.i.k.n.KeyIO           MODE: 2nd degree decls took 0 
433627     INFO  Test worker     d.u.i.k.n.KeyIO           Parsing took 0 ms 
433627     DEBUG Test worker     d.u.i.k.n.KeyIO           Load declarations of de.uka.ilkd.key.nparser.KeyAst$File:  <unknown>:1#1 
433627     INFO  Test worker     d.u.i.k.n.KeyIO           MODE: declarations took 0 ms 
433627     DEBUG Test worker     d.u.i.k.n.KeyIO           MODE: 2nd degree decls took 0 
437097     INFO  Test worker     d.u.i.k.n.KeyIO           Parsing took 0 ms 
437097     DEBUG Test worker     d.u.i.k.n.KeyIO           Load declarations of de.uka.ilkd.key.nparser.KeyAst$File:  <unknown>:1#1 
437097     INFO  Test worker     d.u.i.k.n.KeyIO           MODE: declarations took 0 ms 
437097     DEBUG Test worker     d.u.i.k.n.KeyIO           MODE: 2nd degree decls took 0 
437097     INFO  Test worker     d.u.i.k.n.KeyIO           Parsing took 0 ms 
437097     DEBUG Test worker     d.u.i.k.n.KeyIO           Load declarations of de.uka.ilkd.key.nparser.KeyAst$File:  <unknown>:1#1 
437097     INFO  Test worker     d.u.i.k.n.KeyIO           MODE: declarations took 0 ms 
437097     DEBUG Test worker     d.u.i.k.n.KeyIO           MODE: 2nd degree decls took 0 
437097     INFO  Test worker     d.u.i.k.n.KeyIO           Parsing took 0 ms 
437097     DEBUG Test worker     d.u.i.k.n.KeyIO           Load declarations of de.uka.ilkd.key.nparser.KeyAst$File:  <unknown>:1#1 
437097     INFO  Test worker     d.u.i.k.n.KeyIO           MODE: declarations took 0 ms 
437097     DEBUG Test worker     d.u.i.k.n.KeyIO           MODE: 2nd degree decls took 0 
437097     INFO  Test worker     d.u.i.k.n.KeyIO           Parsing took 0 ms 
437097     DEBUG Test worker     d.u.i.k.n.KeyIO           Load declarations of de.uka.ilkd.key.nparser.KeyAst$File:  <unknown>:1#1 
437097     INFO  Test worker     d.u.i.k.n.KeyIO           MODE: declarations took 0 ms 
437097     DEBUG Test worker     d.u.i.k.n.KeyIO           MODE: 2nd degree decls took 0 
437097     INFO  Test worker     d.u.i.k.n.KeyIO           Parsing took 0 ms 
437097     DEBUG Test worker     d.u.i.k.n.KeyIO           Load declarations of de.uka.ilkd.key.nparser.KeyAst$File:  <unknown>:1#1 
437097     INFO  Test worker     d.u.i.k.n.KeyIO           MODE: declarations took 0 ms 
437097     DEBUG Test worker     d.u.i.k.n.KeyIO           MODE: 2nd degree decls took 0 
441309     INFO  Test worker     d.u.i.k.n.KeyIO           Parsing took 0 ms 
441309     DEBUG Test worker     d.u.i.k.n.KeyIO           Load declarations of de.uka.ilkd.key.nparser.KeyAst$File:  <unknown>:1#1 
441309     INFO  Test worker     d.u.i.k.n.KeyIO           MODE: declarations took 0 ms 
441309     DEBUG Test worker     d.u.i.k.n.KeyIO           MODE: 2nd degree decls took 0 
441309     INFO  Test worker     d.u.i.k.n.KeyIO           Parsing took 0 ms 
441309     DEBUG Test worker     d.u.i.k.n.KeyIO           Load declarations of de.uka.ilkd.key.nparser.KeyAst$File:  <unknown>:1#1 
441309     INFO  Test worker     d.u.i.k.n.KeyIO           MODE: declarations took 0 ms 
441309     DEBUG Test worker     d.u.i.k.n.KeyIO           MODE: 2nd degree decls took 0 
441309     INFO  Test worker     d.u.i.k.n.KeyIO           Parsing took 0 ms 
441309     DEBUG Test worker     d.u.i.k.n.KeyIO           Load declarations of de.uka.ilkd.key.nparser.KeyAst$File:  <unknown>:1#1 
441309     INFO  Test worker     d.u.i.k.n.KeyIO           MODE: declarations took 0 ms 
441309     DEBUG Test worker     d.u.i.k.n.KeyIO           MODE: 2nd degree decls took 0 
441309     INFO  Test worker     d.u.i.k.n.KeyIO           Parsing took 0 ms 
441309     DEBUG Test worker     d.u.i.k.n.KeyIO           Load declarations of de.uka.ilkd.key.nparser.KeyAst$File:  <unknown>:1#1 
441309     INFO  Test worker     d.u.i.k.n.KeyIO           MODE: declarations took 0 ms 
441309     DEBUG Test worker     d.u.i.k.n.KeyIO           MODE: 2nd degree decls took 0 
441309     INFO  Test worker     d.u.i.k.n.KeyIO           Parsing took 0 ms 
441309     DEBUG Test worker     d.u.i.k.n.KeyIO           Load declarations of de.uka.ilkd.key.nparser.KeyAst$File:  <unknown>:1#1 
441309     INFO  Test worker     d.u.i.k.n.KeyIO           MODE: declarations took 0 ms 
441309     DEBUG Test worker     d.u.i.k.n.KeyIO           MODE: 2nd degree decls took 0 
444849     INFO  Test worker     d.u.i.k.n.KeyIO           Parsing took 0 ms 
444849     DEBUG Test worker     d.u.i.k.n.KeyIO           Load declarations of de.uka.ilkd.key.nparser.KeyAst$File:  <unknown>:1#1 
444849     INFO  Test worker     d.u.i.k.n.KeyIO           MODE: declarations took 0 ms 
444849     DEBUG Test worker     d.u.i.k.n.KeyIO           MODE: 2nd degree decls took 0 
444849     INFO  Test worker     d.u.i.k.n.KeyIO           Parsing took 0 ms 
444849     DEBUG Test worker     d.u.i.k.n.KeyIO           Load declarations of de.uka.ilkd.key.nparser.KeyAst$File:  <unknown>:1#1 
444849     INFO  Test worker     d.u.i.k.n.KeyIO           MODE: declarations took 0 ms 
444849     DEBUG Test worker     d.u.i.k.n.KeyIO           MODE: 2nd degree decls took 0 
444849     INFO  Test worker     d.u.i.k.n.KeyIO           Parsing took 0 ms 
444849     DEBUG Test worker     d.u.i.k.n.KeyIO           Load declarations of de.uka.ilkd.key.nparser.KeyAst$File:  <unknown>:1#1 
444849     INFO  Test worker     d.u.i.k.n.KeyIO           MODE: declarations took 0 ms 
444849     DEBUG Test worker     d.u.i.k.n.KeyIO           MODE: 2nd degree decls took 0 
444849     INFO  Test worker     d.u.i.k.n.KeyIO           Parsing took 0 ms 
444849     DEBUG Test worker     d.u.i.k.n.KeyIO           Load declarations of de.uka.ilkd.key.nparser.KeyAst$File:  <unknown>:1#1 
444849     INFO  Test worker     d.u.i.k.n.KeyIO           MODE: declarations took 0 ms 
444849     DEBUG Test worker     d.u.i.k.n.KeyIO           MODE: 2nd degree decls took 0 
444849     INFO  Test worker     d.u.i.k.n.KeyIO           Parsing took 0 ms 
444849     DEBUG Test worker     d.u.i.k.n.KeyIO           Load declarations of de.uka.ilkd.key.nparser.KeyAst$File:  <unknown>:1#1 
444849     INFO  Test worker     d.u.i.k.n.KeyIO           MODE: declarations took 0 ms 
444849     DEBUG Test worker     d.u.i.k.n.KeyIO           MODE: 2nd degree decls took 0 
448369     INFO  Test worker     d.u.i.k.n.KeyIO           Parsing took 0 ms 
448384     DEBUG Test worker     d.u.i.k.n.KeyIO           Load declarations of de.uka.ilkd.key.nparser.KeyAst$File:  <unknown>:1#1 
448384     INFO  Test worker     d.u.i.k.n.KeyIO           MODE: declarations took 0 ms 
448384     DEBUG Test worker     d.u.i.k.n.KeyIO           MODE: 2nd degree decls took 0 
448384     INFO  Test worker     d.u.i.k.n.KeyIO           Parsing took 0 ms 
448384     DEBUG Test worker     d.u.i.k.n.KeyIO           Load declarations of de.uka.ilkd.key.nparser.KeyAst$File:  <unknown>:1#1 
448384     INFO  Test worker     d.u.i.k.n.KeyIO           MODE: declarations took 0 ms 
448384     DEBUG Test worker     d.u.i.k.n.KeyIO           MODE: 2nd degree decls took 0 
448384     INFO  Test worker     d.u.i.k.n.KeyIO           Parsing took 0 ms 
448384     DEBUG Test worker     d.u.i.k.n.KeyIO           Load declarations of de.uka.ilkd.key.nparser.KeyAst$File:  <unknown>:1#1 
448384     INFO  Test worker     d.u.i.k.n.KeyIO           MODE: declarations took 0 ms 
448384     DEBUG Test worker     d.u.i.k.n.KeyIO           MODE: 2nd degree decls took 0 
448384     INFO  Test worker     d.u.i.k.n.KeyIO           Parsing took 0 ms 
448384     DEBUG Test worker     d.u.i.k.n.KeyIO           Load declarations of de.uka.ilkd.key.nparser.KeyAst$File:  <unknown>:1#1 
448384     INFO  Test worker     d.u.i.k.n.KeyIO           MODE: declarations took 0 ms 
448384     DEBUG Test worker     d.u.i.k.n.KeyIO           MODE: 2nd degree decls took 0 
448384     INFO  Test worker     d.u.i.k.n.KeyIO           Parsing took 0 ms 
448384     DEBUG Test worker     d.u.i.k.n.KeyIO           Load declarations of de.uka.ilkd.key.nparser.KeyAst$File:  <unknown>:1#1 
448384     INFO  Test worker     d.u.i.k.n.KeyIO           MODE: declarations took 0 ms 
448384     DEBUG Test worker     d.u.i.k.n.KeyIO           MODE: 2nd degree decls took 0 
451864     INFO  Test worker     d.u.i.k.n.KeyIO           Parsing took 0 ms 
451864     DEBUG Test worker     d.u.i.k.n.KeyIO           Load declarations of de.uka.ilkd.key.nparser.KeyAst$File:  <unknown>:1#1 
451864     INFO  Test worker     d.u.i.k.n.KeyIO           MODE: declarations took 0 ms 
451864     DEBUG Test worker     d.u.i.k.n.KeyIO           MODE: 2nd degree decls took 0 
451864     INFO  Test worker     d.u.i.k.n.KeyIO           Parsing took 0 ms 
451864     DEBUG Test worker     d.u.i.k.n.KeyIO           Load declarations of de.uka.ilkd.key.nparser.KeyAst$File:  <unknown>:1#1 
451864     INFO  Test worker     d.u.i.k.n.KeyIO           MODE: declarations took 0 ms 
451864     DEBUG Test worker     d.u.i.k.n.KeyIO           MODE: 2nd degree decls took 0 
451864     INFO  Test worker     d.u.i.k.n.KeyIO           Parsing took 0 ms 
451864     DEBUG Test worker     d.u.i.k.n.KeyIO           Load declarations of de.uka.ilkd.key.nparser.KeyAst$File:  <unknown>:1#1 
451864     INFO  Test worker     d.u.i.k.n.KeyIO           MODE: declarations took 0 ms 
451864     DEBUG Test worker     d.u.i.k.n.KeyIO           MODE: 2nd degree decls took 0 
451864     INFO  Test worker     d.u.i.k.n.KeyIO           Parsing took 0 ms 
451864     DEBUG Test worker     d.u.i.k.n.KeyIO           Load declarations of de.uka.ilkd.key.nparser.KeyAst$File:  <unknown>:1#1 
451864     INFO  Test worker     d.u.i.k.n.KeyIO           MODE: declarations took 0 ms 
451864     DEBUG Test worker     d.u.i.k.n.KeyIO           MODE: 2nd degree decls took 0 
451864     INFO  Test worker     d.u.i.k.n.KeyIO           Parsing took 0 ms 
451864     DEBUG Test worker     d.u.i.k.n.KeyIO           Load declarations of de.uka.ilkd.key.nparser.KeyAst$File:  <unknown>:1#1 
451864     INFO  Test worker     d.u.i.k.n.KeyIO           MODE: declarations took 0 ms 
451864     DEBUG Test worker     d.u.i.k.n.KeyIO           MODE: 2nd degree decls took 0 
455370     INFO  Test worker     d.u.i.k.n.KeyIO           Parsing took 0 ms 
455370     DEBUG Test worker     d.u.i.k.n.KeyIO           Load declarations of de.uka.ilkd.key.nparser.KeyAst$File:  <unknown>:1#1 
455370     INFO  Test worker     d.u.i.k.n.KeyIO           MODE: declarations took 0 ms 
455370     DEBUG Test worker     d.u.i.k.n.KeyIO           MODE: 2nd degree decls took 0 
455370     INFO  Test worker     d.u.i.k.n.KeyIO           Parsing took 0 ms 
455370     DEBUG Test worker     d.u.i.k.n.KeyIO           Load declarations of de.uka.ilkd.key.nparser.KeyAst$File:  <unknown>:1#1 
455370     INFO  Test worker     d.u.i.k.n.KeyIO           MODE: declarations took 0 ms 
455370     DEBUG Test worker     d.u.i.k.n.KeyIO           MODE: 2nd degree decls took 0 
455370     INFO  Test worker     d.u.i.k.n.KeyIO           Parsing took 0 ms 
455370     DEBUG Test worker     d.u.i.k.n.KeyIO           Load declarations of de.uka.ilkd.key.nparser.KeyAst$File:  <unknown>:1#1 
455370     INFO  Test worker     d.u.i.k.n.KeyIO           MODE: declarations took 0 ms 
455370     DEBUG Test worker     d.u.i.k.n.KeyIO           MODE: 2nd degree decls took 0 
455370     INFO  Test worker     d.u.i.k.n.KeyIO           Parsing took 0 ms 
455386     DEBUG Test worker     d.u.i.k.n.KeyIO           Load declarations of de.uka.ilkd.key.nparser.KeyAst$File:  <unknown>:1#1 
455386     INFO  Test worker     d.u.i.k.n.KeyIO           MODE: declarations took 0 ms 
455386     DEBUG Test worker     d.u.i.k.n.KeyIO           MODE: 2nd degree decls took 0 
455386     INFO  Test worker     d.u.i.k.n.KeyIO           Parsing took 0 ms 
455386     DEBUG Test worker     d.u.i.k.n.KeyIO           Load declarations of de.uka.ilkd.key.nparser.KeyAst$File:  <unknown>:1#1 
455386     INFO  Test worker     d.u.i.k.n.KeyIO           MODE: declarations took 0 ms 
455386     DEBUG Test worker     d.u.i.k.n.KeyIO           MODE: 2nd degree decls took 0 
458892     INFO  Test worker     d.u.i.k.n.KeyIO           Parsing took 0 ms 
458892     DEBUG Test worker     d.u.i.k.n.KeyIO           Load declarations of de.uka.ilkd.key.nparser.KeyAst$File:  <unknown>:1#1 
458892     INFO  Test worker     d.u.i.k.n.KeyIO           MODE: declarations took 0 ms 
458892     DEBUG Test worker     d.u.i.k.n.KeyIO           MODE: 2nd degree decls took 0 
458892     INFO  Test worker     d.u.i.k.n.KeyIO           Parsing took 0 ms 
458892     DEBUG Test worker     d.u.i.k.n.KeyIO           Load declarations of de.uka.ilkd.key.nparser.KeyAst$File:  <unknown>:1#1 
458892     INFO  Test worker     d.u.i.k.n.KeyIO           MODE: declarations took 0 ms 
458892     DEBUG Test worker     d.u.i.k.n.KeyIO           MODE: 2nd degree decls took 0 
458892     INFO  Test worker     d.u.i.k.n.KeyIO           Parsing took 0 ms 
458892     DEBUG Test worker     d.u.i.k.n.KeyIO           Load declarations of de.uka.ilkd.key.nparser.KeyAst$File:  <unknown>:1#1 
458892     INFO  Test worker     d.u.i.k.n.KeyIO           MODE: declarations took 0 ms 
458892     DEBUG Test worker     d.u.i.k.n.KeyIO           MODE: 2nd degree decls took 0 
458892     INFO  Test worker     d.u.i.k.n.KeyIO           Parsing took 0 ms 
458892     DEBUG Test worker     d.u.i.k.n.KeyIO           Load declarations of de.uka.ilkd.key.nparser.KeyAst$File:  <unknown>:1#1 
458892     INFO  Test worker     d.u.i.k.n.KeyIO           MODE: declarations took 0 ms 
458892     DEBUG Test worker     d.u.i.k.n.KeyIO           MODE: 2nd degree decls took 0 
458892     INFO  Test worker     d.u.i.k.n.KeyIO           Parsing took 0 ms 
458892     DEBUG Test worker     d.u.i.k.n.KeyIO           Load declarations of de.uka.ilkd.key.nparser.KeyAst$File:  <unknown>:1#1 
458892     INFO  Test worker     d.u.i.k.n.KeyIO           MODE: declarations took 0 ms 
458892     DEBUG Test worker     d.u.i.k.n.KeyIO           MODE: 2nd degree decls took 0 
462379     INFO  Test worker     d.u.i.k.n.KeyIO           Parsing took 0 ms 
462379     DEBUG Test worker     d.u.i.k.n.KeyIO           Load declarations of de.uka.ilkd.key.nparser.KeyAst$File:  <unknown>:1#1 
462379     INFO  Test worker     d.u.i.k.n.KeyIO           MODE: declarations took 0 ms 
462379     DEBUG Test worker     d.u.i.k.n.KeyIO           MODE: 2nd degree decls took 0 
462379     INFO  Test worker     d.u.i.k.n.KeyIO           Parsing took 0 ms 
462379     DEBUG Test worker     d.u.i.k.n.KeyIO           Load declarations of de.uka.ilkd.key.nparser.KeyAst$File:  <unknown>:1#1 
462379     INFO  Test worker     d.u.i.k.n.KeyIO           MODE: declarations took 0 ms 
462379     DEBUG Test worker     d.u.i.k.n.KeyIO           MODE: 2nd degree decls took 0 
462379     INFO  Test worker     d.u.i.k.n.KeyIO           Parsing took 0 ms 
462379     DEBUG Test worker     d.u.i.k.n.KeyIO           Load declarations of de.uka.ilkd.key.nparser.KeyAst$File:  <unknown>:1#1 
462379     INFO  Test worker     d.u.i.k.n.KeyIO           MODE: declarations took 0 ms 
462379     DEBUG Test worker     d.u.i.k.n.KeyIO           MODE: 2nd degree decls took 0 
462379     INFO  Test worker     d.u.i.k.n.KeyIO           Parsing took 0 ms 
462379     DEBUG Test worker     d.u.i.k.n.KeyIO           Load declarations of de.uka.ilkd.key.nparser.KeyAst$File:  <unknown>:1#1 
462379     INFO  Test worker     d.u.i.k.n.KeyIO           MODE: declarations took 0 ms 
462379     DEBUG Test worker     d.u.i.k.n.KeyIO           MODE: 2nd degree decls took 0 
462379     INFO  Test worker     d.u.i.k.n.KeyIO           Parsing took 0 ms 
462379     DEBUG Test worker     d.u.i.k.n.KeyIO           Load declarations of de.uka.ilkd.key.nparser.KeyAst$File:  <unknown>:1#1 
462379     INFO  Test worker     d.u.i.k.n.KeyIO           MODE: declarations took 0 ms 
462379     DEBUG Test worker     d.u.i.k.n.KeyIO           MODE: 2nd degree decls took 0 
465940     INFO  Test worker     d.u.i.k.n.KeyIO           Parsing took 0 ms 
465940     DEBUG Test worker     d.u.i.k.n.KeyIO           Load declarations of de.uka.ilkd.key.nparser.KeyAst$File:  <unknown>:1#1 
465940     INFO  Test worker     d.u.i.k.n.KeyIO           MODE: declarations took 0 ms 
465940     DEBUG Test worker     d.u.i.k.n.KeyIO           MODE: 2nd degree decls took 0 
465940     INFO  Test worker     d.u.i.k.n.KeyIO           Parsing took 0 ms 
465940     DEBUG Test worker     d.u.i.k.n.KeyIO           Load declarations of de.uka.ilkd.key.nparser.KeyAst$File:  <unknown>:1#1 
465940     INFO  Test worker     d.u.i.k.n.KeyIO           MODE: declarations took 0 ms 
465940     DEBUG Test worker     d.u.i.k.n.KeyIO           MODE: 2nd degree decls took 0 
465940     INFO  Test worker     d.u.i.k.n.KeyIO           Parsing took 0 ms 
465940     DEBUG Test worker     d.u.i.k.n.KeyIO           Load declarations of de.uka.ilkd.key.nparser.KeyAst$File:  <unknown>:1#1 
465940     INFO  Test worker     d.u.i.k.n.KeyIO           MODE: declarations took 0 ms 
465940     DEBUG Test worker     d.u.i.k.n.KeyIO           MODE: 2nd degree decls took 0 
465940     INFO  Test worker     d.u.i.k.n.KeyIO           Parsing took 0 ms 
465940     DEBUG Test worker     d.u.i.k.n.KeyIO           Load declarations of de.uka.ilkd.key.nparser.KeyAst$File:  <unknown>:1#1 
465940     INFO  Test worker     d.u.i.k.n.KeyIO           MODE: declarations took 0 ms 
465940     DEBUG Test worker     d.u.i.k.n.KeyIO           MODE: 2nd degree decls took 0 
465940     INFO  Test worker     d.u.i.k.n.KeyIO           Parsing took 0 ms 
465940     DEBUG Test worker     d.u.i.k.n.KeyIO           Load declarations of de.uka.ilkd.key.nparser.KeyAst$File:  <unknown>:1#1 
465940     INFO  Test worker     d.u.i.k.n.KeyIO           MODE: declarations took 0 ms 
465940     DEBUG Test worker     d.u.i.k.n.KeyIO           MODE: 2nd degree decls took 0 
469450     INFO  Test worker     d.u.i.k.n.KeyIO           Parsing took 0 ms 
469450     DEBUG Test worker     d.u.i.k.n.KeyIO           Load declarations of de.uka.ilkd.key.nparser.KeyAst$File:  <unknown>:1#1 
469450     INFO  Test worker     d.u.i.k.n.KeyIO           MODE: declarations took 0 ms 
469450     DEBUG Test worker     d.u.i.k.n.KeyIO           MODE: 2nd degree decls took 0 
469450     INFO  Test worker     d.u.i.k.n.KeyIO           Parsing took 0 ms 
469450     DEBUG Test worker     d.u.i.k.n.KeyIO           Load declarations of de.uka.ilkd.key.nparser.KeyAst$File:  <unknown>:1#1 
469450     INFO  Test worker     d.u.i.k.n.KeyIO           MODE: declarations took 0 ms 
469450     DEBUG Test worker     d.u.i.k.n.KeyIO           MODE: 2nd degree decls took 0 
469450     INFO  Test worker     d.u.i.k.n.KeyIO           Parsing took 0 ms 
469450     DEBUG Test worker     d.u.i.k.n.KeyIO           Load declarations of de.uka.ilkd.key.nparser.KeyAst$File:  <unknown>:1#1 
469450     INFO  Test worker     d.u.i.k.n.KeyIO           MODE: declarations took 0 ms 
469450     DEBUG Test worker     d.u.i.k.n.KeyIO           MODE: 2nd degree decls took 0 
469450     INFO  Test worker     d.u.i.k.n.KeyIO           Parsing took 0 ms 
469450     DEBUG Test worker     d.u.i.k.n.KeyIO           Load declarations of de.uka.ilkd.key.nparser.KeyAst$File:  <unknown>:1#1 
469450     INFO  Test worker     d.u.i.k.n.KeyIO           MODE: declarations took 0 ms 
469450     DEBUG Test worker     d.u.i.k.n.KeyIO           MODE: 2nd degree decls took 0 
469450     INFO  Test worker     d.u.i.k.n.KeyIO           Parsing took 0 ms 
469450     DEBUG Test worker     d.u.i.k.n.KeyIO           Load declarations of de.uka.ilkd.key.nparser.KeyAst$File:  <unknown>:1#1 
469450     INFO  Test worker     d.u.i.k.n.KeyIO           MODE: declarations took 0 ms 
469450     DEBUG Test worker     d.u.i.k.n.KeyIO           MODE: 2nd degree decls took 0 
473008     INFO  Test worker     d.u.i.k.n.KeyIO           Parsing took 0 ms 
473008     DEBUG Test worker     d.u.i.k.n.KeyIO           Load declarations of de.uka.ilkd.key.nparser.KeyAst$File:  <unknown>:1#1 
473008     INFO  Test worker     d.u.i.k.n.KeyIO           MODE: declarations took 0 ms 
473008     DEBUG Test worker     d.u.i.k.n.KeyIO           MODE: 2nd degree decls took 0 
473008     INFO  Test worker     d.u.i.k.n.KeyIO           Parsing took 0 ms 
473008     DEBUG Test worker     d.u.i.k.n.KeyIO           Load declarations of de.uka.ilkd.key.nparser.KeyAst$File:  <unknown>:1#1 
473008     INFO  Test worker     d.u.i.k.n.KeyIO           MODE: declarations took 0 ms 
473008     DEBUG Test worker     d.u.i.k.n.KeyIO           MODE: 2nd degree decls took 0 
473008     INFO  Test worker     d.u.i.k.n.KeyIO           Parsing took 0 ms 
473008     DEBUG Test worker     d.u.i.k.n.KeyIO           Load declarations of de.uka.ilkd.key.nparser.KeyAst$File:  <unknown>:1#1 
473008     INFO  Test worker     d.u.i.k.n.KeyIO           MODE: declarations took 0 ms 
473008     DEBUG Test worker     d.u.i.k.n.KeyIO           MODE: 2nd degree decls took 0 
473008     INFO  Test worker     d.u.i.k.n.KeyIO           Parsing took 0 ms 
473008     DEBUG Test worker     d.u.i.k.n.KeyIO           Load declarations of de.uka.ilkd.key.nparser.KeyAst$File:  <unknown>:1#1 
473008     INFO  Test worker     d.u.i.k.n.KeyIO           MODE: declarations took 0 ms 
473008     DEBUG Test worker     d.u.i.k.n.KeyIO           MODE: 2nd degree decls took 0 
473008     INFO  Test worker     d.u.i.k.n.KeyIO           Parsing took 0 ms 
473008     DEBUG Test worker     d.u.i.k.n.KeyIO           Load declarations of de.uka.ilkd.key.nparser.KeyAst$File:  <unknown>:1#1 
473008     INFO  Test worker     d.u.i.k.n.KeyIO           MODE: declarations took 0 ms 
473008     DEBUG Test worker     d.u.i.k.n.KeyIO           MODE: 2nd degree decls took 0 
476461     INFO  Test worker     d.u.i.k.n.KeyIO           Parsing took 0 ms 
476461     DEBUG Test worker     d.u.i.k.n.KeyIO           Load declarations of de.uka.ilkd.key.nparser.KeyAst$File:  <unknown>:1#1 
476461     INFO  Test worker     d.u.i.k.n.KeyIO           MODE: declarations took 0 ms 
476461     DEBUG Test worker     d.u.i.k.n.KeyIO           MODE: 2nd degree decls took 0 
476461     INFO  Test worker     d.u.i.k.n.KeyIO           Parsing took 0 ms 
476461     DEBUG Test worker     d.u.i.k.n.KeyIO           Load declarations of de.uka.ilkd.key.nparser.KeyAst$File:  <unknown>:1#1 
476461     INFO  Test worker     d.u.i.k.n.KeyIO           MODE: declarations took 0 ms 
476461     DEBUG Test worker     d.u.i.k.n.KeyIO           MODE: 2nd degree decls took 0 
476461     INFO  Test worker     d.u.i.k.n.KeyIO           Parsing took 0 ms 
476461     DEBUG Test worker     d.u.i.k.n.KeyIO           Load declarations of de.uka.ilkd.key.nparser.KeyAst$File:  <unknown>:1#1 
476461     INFO  Test worker     d.u.i.k.n.KeyIO           MODE: declarations took 0 ms 
476461     DEBUG Test worker     d.u.i.k.n.KeyIO           MODE: 2nd degree decls took 0 
476461     INFO  Test worker     d.u.i.k.n.KeyIO           Parsing took 0 ms 
476461     DEBUG Test worker     d.u.i.k.n.KeyIO           Load declarations of de.uka.ilkd.key.nparser.KeyAst$File:  <unknown>:1#1 
476461     INFO  Test worker     d.u.i.k.n.KeyIO           MODE: declarations took 0 ms 
476461     DEBUG Test worker     d.u.i.k.n.KeyIO           MODE: 2nd degree decls took 0 
476477     INFO  Test worker     d.u.i.k.n.KeyIO           Parsing took 0 ms 
476477     DEBUG Test worker     d.u.i.k.n.KeyIO           Load declarations of de.uka.ilkd.key.nparser.KeyAst$File:  <unknown>:1#1 
476477     INFO  Test worker     d.u.i.k.n.KeyIO           MODE: declarations took 0 ms 
476477     DEBUG Test worker     d.u.i.k.n.KeyIO           MODE: 2nd degree decls took 0 
480012     INFO  Test worker     d.u.i.k.n.KeyIO           Parsing took 0 ms 
480012     DEBUG Test worker     d.u.i.k.n.KeyIO           Load declarations of de.uka.ilkd.key.nparser.KeyAst$File:  <unknown>:1#1 
480012     INFO  Test worker     d.u.i.k.n.KeyIO           MODE: declarations took 0 ms 
480012     DEBUG Test worker     d.u.i.k.n.KeyIO           MODE: 2nd degree decls took 0 
480012     INFO  Test worker     d.u.i.k.n.KeyIO           Parsing took 0 ms 
480012     DEBUG Test worker     d.u.i.k.n.KeyIO           Load declarations of de.uka.ilkd.key.nparser.KeyAst$File:  <unknown>:1#1 
480012     INFO  Test worker     d.u.i.k.n.KeyIO           MODE: declarations took 0 ms 
480012     DEBUG Test worker     d.u.i.k.n.KeyIO           MODE: 2nd degree decls took 0 
480012     INFO  Test worker     d.u.i.k.n.KeyIO           Parsing took 0 ms 
480012     DEBUG Test worker     d.u.i.k.n.KeyIO           Load declarations of de.uka.ilkd.key.nparser.KeyAst$File:  <unknown>:1#1 
480012     INFO  Test worker     d.u.i.k.n.KeyIO           MODE: declarations took 0 ms 
480012     DEBUG Test worker     d.u.i.k.n.KeyIO           MODE: 2nd degree decls took 0 
480012     INFO  Test worker     d.u.i.k.n.KeyIO           Parsing took 0 ms 
480012     DEBUG Test worker     d.u.i.k.n.KeyIO           Load declarations of de.uka.ilkd.key.nparser.KeyAst$File:  <unknown>:1#1 
480012     INFO  Test worker     d.u.i.k.n.KeyIO           MODE: declarations took 0 ms 
480012     DEBUG Test worker     d.u.i.k.n.KeyIO           MODE: 2nd degree decls took 0 
480012     INFO  Test worker     d.u.i.k.n.KeyIO           Parsing took 0 ms 
480012     DEBUG Test worker     d.u.i.k.n.KeyIO           Load declarations of de.uka.ilkd.key.nparser.KeyAst$File:  <unknown>:1#1 
480012     INFO  Test worker     d.u.i.k.n.KeyIO           MODE: declarations took 0 ms 
480012     DEBUG Test worker     d.u.i.k.n.KeyIO           MODE: 2nd degree decls took 0 
483481     INFO  Test worker     d.u.i.k.n.KeyIO           Parsing took 0 ms 
483481     DEBUG Test worker     d.u.i.k.n.KeyIO           Load declarations of de.uka.ilkd.key.nparser.KeyAst$File:  <unknown>:1#1 
483481     INFO  Test worker     d.u.i.k.n.KeyIO           MODE: declarations took 0 ms 
483481     DEBUG Test worker     d.u.i.k.n.KeyIO           MODE: 2nd degree decls took 0 
483481     INFO  Test worker     d.u.i.k.n.KeyIO           Parsing took 0 ms 
483481     DEBUG Test worker     d.u.i.k.n.KeyIO           Load declarations of de.uka.ilkd.key.nparser.KeyAst$File:  <unknown>:1#1 
483481     INFO  Test worker     d.u.i.k.n.KeyIO           MODE: declarations took 0 ms 
483481     DEBUG Test worker     d.u.i.k.n.KeyIO           MODE: 2nd degree decls took 0 
483481     INFO  Test worker     d.u.i.k.n.KeyIO           Parsing took 0 ms 
483481     DEBUG Test worker     d.u.i.k.n.KeyIO           Load declarations of de.uka.ilkd.key.nparser.KeyAst$File:  <unknown>:1#1 
483481     INFO  Test worker     d.u.i.k.n.KeyIO           MODE: declarations took 0 ms 
483481     DEBUG Test worker     d.u.i.k.n.KeyIO           MODE: 2nd degree decls took 0 
483481     INFO  Test worker     d.u.i.k.n.KeyIO           Parsing took 0 ms 
483481     DEBUG Test worker     d.u.i.k.n.KeyIO           Load declarations of de.uka.ilkd.key.nparser.KeyAst$File:  <unknown>:1#1 
483481     INFO  Test worker     d.u.i.k.n.KeyIO           MODE: declarations took 0 ms 
483481     DEBUG Test worker     d.u.i.k.n.KeyIO           MODE: 2nd degree decls took 0 
483481     INFO  Test worker     d.u.i.k.n.KeyIO           Parsing took 0 ms 
483481     DEBUG Test worker     d.u.i.k.n.KeyIO           Load declarations of de.uka.ilkd.key.nparser.KeyAst$File:  <unknown>:1#1 
483481     INFO  Test worker     d.u.i.k.n.KeyIO           MODE: declarations took 0 ms 
483481     DEBUG Test worker     d.u.i.k.n.KeyIO           MODE: 2nd degree decls took 0 
487057     INFO  Test worker     d.u.i.k.n.KeyIO           Parsing took 0 ms 
487057     DEBUG Test worker     d.u.i.k.n.KeyIO           Load declarations of de.uka.ilkd.key.nparser.KeyAst$File:  <unknown>:1#1 
487057     INFO  Test worker     d.u.i.k.n.KeyIO           MODE: declarations took 0 ms 
487057     DEBUG Test worker     d.u.i.k.n.KeyIO           MODE: 2nd degree decls took 0 
487057     INFO  Test worker     d.u.i.k.n.KeyIO           Parsing took 0 ms 
487057     DEBUG Test worker     d.u.i.k.n.KeyIO           Load declarations of de.uka.ilkd.key.nparser.KeyAst$File:  <unknown>:1#1 
487057     INFO  Test worker     d.u.i.k.n.KeyIO           MODE: declarations took 0 ms 
487057     DEBUG Test worker     d.u.i.k.n.KeyIO           MODE: 2nd degree decls took 0 
487057     INFO  Test worker     d.u.i.k.n.KeyIO           Parsing took 0 ms 
487057     DEBUG Test worker     d.u.i.k.n.KeyIO           Load declarations of de.uka.ilkd.key.nparser.KeyAst$File:  <unknown>:1#1 
487057     INFO  Test worker     d.u.i.k.n.KeyIO           MODE: declarations took 0 ms 
487057     DEBUG Test worker     d.u.i.k.n.KeyIO           MODE: 2nd degree decls took 0 
487057     INFO  Test worker     d.u.i.k.n.KeyIO           Parsing took 0 ms 
487057     DEBUG Test worker     d.u.i.k.n.KeyIO           Load declarations of de.uka.ilkd.key.nparser.KeyAst$File:  <unknown>:1#1 
487057     INFO  Test worker     d.u.i.k.n.KeyIO           MODE: declarations took 0 ms 
487057     DEBUG Test worker     d.u.i.k.n.KeyIO           MODE: 2nd degree decls took 0 
487057     INFO  Test worker     d.u.i.k.n.KeyIO           Parsing took 0 ms 
487057     DEBUG Test worker     d.u.i.k.n.KeyIO           Load declarations of de.uka.ilkd.key.nparser.KeyAst$File:  <unknown>:1#1 
487057     INFO  Test worker     d.u.i.k.n.KeyIO           MODE: declarations took 0 ms 
487057     DEBUG Test worker     d.u.i.k.n.KeyIO           MODE: 2nd degree decls took 0 
490520     INFO  Test worker     d.u.i.k.n.KeyIO           Parsing took 0 ms 
490520     DEBUG Test worker     d.u.i.k.n.KeyIO           Load declarations of de.uka.ilkd.key.nparser.KeyAst$File:  <unknown>:1#1 
490520     INFO  Test worker     d.u.i.k.n.KeyIO           MODE: declarations took 0 ms 
490520     DEBUG Test worker     d.u.i.k.n.KeyIO           MODE: 2nd degree decls took 0 
490520     INFO  Test worker     d.u.i.k.n.KeyIO           Parsing took 0 ms 
490520     DEBUG Test worker     d.u.i.k.n.KeyIO           Load declarations of de.uka.ilkd.key.nparser.KeyAst$File:  <unknown>:1#1 
490520     INFO  Test worker     d.u.i.k.n.KeyIO           MODE: declarations took 0 ms 
490520     DEBUG Test worker     d.u.i.k.n.KeyIO           MODE: 2nd degree decls took 0 
490520     INFO  Test worker     d.u.i.k.n.KeyIO           Parsing took 0 ms 
490520     DEBUG Test worker     d.u.i.k.n.KeyIO           Load declarations of de.uka.ilkd.key.nparser.KeyAst$File:  <unknown>:1#1 
490520     INFO  Test worker     d.u.i.k.n.KeyIO           MODE: declarations took 0 ms 
490520     DEBUG Test worker     d.u.i.k.n.KeyIO           MODE: 2nd degree decls took 0 
490520     INFO  Test worker     d.u.i.k.n.KeyIO           Parsing took 0 ms 
490520     DEBUG Test worker     d.u.i.k.n.KeyIO           Load declarations of de.uka.ilkd.key.nparser.KeyAst$File:  <unknown>:1#1 
490520     INFO  Test worker     d.u.i.k.n.KeyIO           MODE: declarations took 0 ms 
490520     DEBUG Test worker     d.u.i.k.n.KeyIO           MODE: 2nd degree decls took 0 
490520     INFO  Test worker     d.u.i.k.n.KeyIO           Parsing took 0 ms 
490520     DEBUG Test worker     d.u.i.k.n.KeyIO           Load declarations of de.uka.ilkd.key.nparser.KeyAst$File:  <unknown>:1#1 
490520     INFO  Test worker     d.u.i.k.n.KeyIO           MODE: declarations took 0 ms 
490520     DEBUG Test worker     d.u.i.k.n.KeyIO           MODE: 2nd degree decls took 0 
493828     INFO  Test worker     d.u.i.k.n.KeyIO           Parsing took 0 ms 
493828     DEBUG Test worker     d.u.i.k.n.KeyIO           Load declarations of de.uka.ilkd.key.nparser.KeyAst$File:  <unknown>:1#1 
493828     INFO  Test worker     d.u.i.k.n.KeyIO           MODE: declarations took 0 ms 
493828     DEBUG Test worker     d.u.i.k.n.KeyIO           MODE: 2nd degree decls took 0 
493828     INFO  Test worker     d.u.i.k.n.KeyIO           Parsing took 0 ms 
493828     DEBUG Test worker     d.u.i.k.n.KeyIO           Load declarations of de.uka.ilkd.key.nparser.KeyAst$File:  <unknown>:1#1 
493828     INFO  Test worker     d.u.i.k.n.KeyIO           MODE: declarations took 0 ms 
493828     DEBUG Test worker     d.u.i.k.n.KeyIO           MODE: 2nd degree decls took 0 
493828     INFO  Test worker     d.u.i.k.n.KeyIO           Parsing took 0 ms 
493828     DEBUG Test worker     d.u.i.k.n.KeyIO           Load declarations of de.uka.ilkd.key.nparser.KeyAst$File:  <unknown>:1#1 
493828     INFO  Test worker     d.u.i.k.n.KeyIO           MODE: declarations took 0 ms 
493828     DEBUG Test worker     d.u.i.k.n.KeyIO           MODE: 2nd degree decls took 0 
493828     INFO  Test worker     d.u.i.k.n.KeyIO           Parsing took 0 ms 
493844     DEBUG Test worker     d.u.i.k.n.KeyIO           Load declarations of de.uka.ilkd.key.nparser.KeyAst$File:  <unknown>:1#1 
493844     INFO  Test worker     d.u.i.k.n.KeyIO           MODE: declarations took 0 ms 
493844     DEBUG Test worker     d.u.i.k.n.KeyIO           MODE: 2nd degree decls took 0 
493844     INFO  Test worker     d.u.i.k.n.KeyIO           Parsing took 0 ms 
493844     DEBUG Test worker     d.u.i.k.n.KeyIO           Load declarations of de.uka.ilkd.key.nparser.KeyAst$File:  <unknown>:1#1 
493844     INFO  Test worker     d.u.i.k.n.KeyIO           MODE: declarations took 0 ms 
493844     DEBUG Test worker     d.u.i.k.n.KeyIO           MODE: 2nd degree decls took 0 
497285     INFO  Test worker     d.u.i.k.n.KeyIO           Parsing took 0 ms 
497285     DEBUG Test worker     d.u.i.k.n.KeyIO           Load declarations of de.uka.ilkd.key.nparser.KeyAst$File:  <unknown>:1#1 
497285     INFO  Test worker     d.u.i.k.n.KeyIO           MODE: declarations took 0 ms 
497285     DEBUG Test worker     d.u.i.k.n.KeyIO           MODE: 2nd degree decls took 0 
497285     INFO  Test worker     d.u.i.k.n.KeyIO           Parsing took 0 ms 
497285     DEBUG Test worker     d.u.i.k.n.KeyIO           Load declarations of de.uka.ilkd.key.nparser.KeyAst$File:  <unknown>:1#1 
497285     INFO  Test worker     d.u.i.k.n.KeyIO           MODE: declarations took 0 ms 
497285     DEBUG Test worker     d.u.i.k.n.KeyIO           MODE: 2nd degree decls took 0 
497285     INFO  Test worker     d.u.i.k.n.KeyIO           Parsing took 0 ms 
497285     DEBUG Test worker     d.u.i.k.n.KeyIO           Load declarations of de.uka.ilkd.key.nparser.KeyAst$File:  <unknown>:1#1 
497285     INFO  Test worker     d.u.i.k.n.KeyIO           MODE: declarations took 0 ms 
497285     DEBUG Test worker     d.u.i.k.n.KeyIO           MODE: 2nd degree decls took 0 
497285     INFO  Test worker     d.u.i.k.n.KeyIO           Parsing took 0 ms 
497285     DEBUG Test worker     d.u.i.k.n.KeyIO           Load declarations of de.uka.ilkd.key.nparser.KeyAst$File:  <unknown>:1#1 
497285     INFO  Test worker     d.u.i.k.n.KeyIO           MODE: declarations took 0 ms 
497285     DEBUG Test worker     d.u.i.k.n.KeyIO           MODE: 2nd degree decls took 0 
497285     INFO  Test worker     d.u.i.k.n.KeyIO           Parsing took 0 ms 
497285     DEBUG Test worker     d.u.i.k.n.KeyIO           Load declarations of de.uka.ilkd.key.nparser.KeyAst$File:  <unknown>:1#1 
497285     INFO  Test worker     d.u.i.k.n.KeyIO           MODE: declarations took 0 ms 
497285     DEBUG Test worker     d.u.i.k.n.KeyIO           MODE: 2nd degree decls took 0 
500740     INFO  Test worker     d.u.i.k.n.KeyIO           Parsing took 0 ms 
500740     DEBUG Test worker     d.u.i.k.n.KeyIO           Load declarations of de.uka.ilkd.key.nparser.KeyAst$File:  <unknown>:1#1 
500740     INFO  Test worker     d.u.i.k.n.KeyIO           MODE: declarations took 0 ms 
500740     DEBUG Test worker     d.u.i.k.n.KeyIO           MODE: 2nd degree decls took 0 
500740     INFO  Test worker     d.u.i.k.n.KeyIO           Parsing took 0 ms 
500740     DEBUG Test worker     d.u.i.k.n.KeyIO           Load declarations of de.uka.ilkd.key.nparser.KeyAst$File:  <unknown>:1#1 
500740     INFO  Test worker     d.u.i.k.n.KeyIO           MODE: declarations took 0 ms 
500740     DEBUG Test worker     d.u.i.k.n.KeyIO           MODE: 2nd degree decls took 0 
500740     INFO  Test worker     d.u.i.k.n.KeyIO           Parsing took 0 ms 
500740     DEBUG Test worker     d.u.i.k.n.KeyIO           Load declarations of de.uka.ilkd.key.nparser.KeyAst$File:  <unknown>:1#1 
500740     INFO  Test worker     d.u.i.k.n.KeyIO           MODE: declarations took 0 ms 
500740     DEBUG Test worker     d.u.i.k.n.KeyIO           MODE: 2nd degree decls took 0 
500740     INFO  Test worker     d.u.i.k.n.KeyIO           Parsing took 0 ms 
500740     DEBUG Test worker     d.u.i.k.n.KeyIO           Load declarations of de.uka.ilkd.key.nparser.KeyAst$File:  <unknown>:1#1 
500740     INFO  Test worker     d.u.i.k.n.KeyIO           MODE: declarations took 0 ms 
500740     DEBUG Test worker     d.u.i.k.n.KeyIO           MODE: 2nd degree decls took 0 
500740     INFO  Test worker     d.u.i.k.n.KeyIO           Parsing took 0 ms 
500740     DEBUG Test worker     d.u.i.k.n.KeyIO           Load declarations of de.uka.ilkd.key.nparser.KeyAst$File:  <unknown>:1#1 
500740     INFO  Test worker     d.u.i.k.n.KeyIO           MODE: declarations took 0 ms 
500740     DEBUG Test worker     d.u.i.k.n.KeyIO           MODE: 2nd degree decls took 0 
]]></system-out>
  <system-err><![CDATA[]]></system-err>
</testsuite>
