<?xml version="1.0" encoding="UTF-8"?>
<testsuite name="de.uka.ilkd.key.java.TestContextStatementBlock" tests="1" skipped="0" failures="0" errors="0" timestamp="2023-05-22T21:06:04" hostname="fv-az206-343" time="1.548">
  <properties/>
  <testcase name="testContextTermInstantiation()" classname="de.uka.ilkd.key.java.TestContextStatementBlock" time="1.548"/>
  <system-out><![CDATA[29763      INFO  Test worker     d.u.i.k.n.KeyIO           Parsing took 15 ms 
29763      DEBUG Test worker     d.u.i.k.n.KeyIO           Load declarations of de.uka.ilkd.key.nparser.KeyAst$File:  D:\a\key\key\key.core\src\test\resources\testcase\testrules.key:9#1 
29763      INFO  Test worker     d.u.i.k.n.KeyIO           MODE: declarations took 0 ms 
29763      DEBUG Test worker     d.u.i.k.n.KeyIO           MODE: 2nd degree decls took 0 
29969      DEBUG Test worker     d.u.i.k.n.KeyIO           MODE: taclets took 206ms 
]]></system-out>
  <system-err><![CDATA[]]></system-err>
</testsuite>
