<?xml version="1.0" encoding="UTF-8"?>
<testsuite name="de.uka.ilkd.key.parser.TestDeclParser" tests="14" skipped="2" failures="0" errors="0" timestamp="2023-05-22T21:09:44" hostname="fv-az206-343" time="12.778">
  <properties/>
  <testcase name="testGenericSortDecl1()" classname="de.uka.ilkd.key.parser.TestDeclParser" time="1.209"/>
  <testcase name="testGenericSortDecl2()" classname="de.uka.ilkd.key.parser.TestDeclParser" time="1.062"/>
  <testcase name="testGenericSortDecl3()" classname="de.uka.ilkd.key.parser.TestDeclParser" time="1.003"/>
  <testcase name="testGenericSortDecl4()" classname="de.uka.ilkd.key.parser.TestDeclParser" time="1.043"/>
  <testcase name="testGenericSortDecl5()" classname="de.uka.ilkd.key.parser.TestDeclParser" time="0.0">
    <skipped/>
  </testcase>
  <testcase name="testGenericSortDecl6()" classname="de.uka.ilkd.key.parser.TestDeclParser" time="1.043"/>
  <testcase name="testSortDecl()" classname="de.uka.ilkd.key.parser.TestDeclParser" time="1.049"/>
  <testcase name="testProxySortDecl()" classname="de.uka.ilkd.key.parser.TestDeclParser" time="1.051"/>
  <testcase name="testArrayDecl()" classname="de.uka.ilkd.key.parser.TestDeclParser" time="1.065"/>
  <testcase name="testAmbiguousDecls()" classname="de.uka.ilkd.key.parser.TestDeclParser" time="0.0">
    <skipped/>
  </testcase>
  <testcase name="testHeurDecl()" classname="de.uka.ilkd.key.parser.TestDeclParser" time="1.112"/>
  <testcase name="testFunctionDecl()" classname="de.uka.ilkd.key.parser.TestDeclParser" time="1.065"/>
  <testcase name="testPredicateDecl()" classname="de.uka.ilkd.key.parser.TestDeclParser" time="1.017"/>
  <testcase name="testSVDecl()" classname="de.uka.ilkd.key.parser.TestDeclParser" time="1.056"/>
  <system-out><![CDATA[249328     INFO  Test worker     d.u.i.k.n.KeyIO           Parsing took 0 ms 
249328     DEBUG Test worker     d.u.i.k.n.KeyIO           Load declarations of de.uka.ilkd.key.nparser.KeyAst$File:  <unknown>:1#1 
249328     INFO  Test worker     d.u.i.k.n.KeyIO           MODE: declarations took 0 ms 
249328     DEBUG Test worker     d.u.i.k.n.KeyIO           MODE: 2nd degree decls took 0 
249328     DEBUG Test worker     d.u.i.k.n.KeyIO           MODE: taclets took 0ms 
250390     INFO  Test worker     d.u.i.k.n.KeyIO           Parsing took 0 ms 
250390     DEBUG Test worker     d.u.i.k.n.KeyIO           Load declarations of de.uka.ilkd.key.nparser.KeyAst$File:  <unknown>:1#1 
250390     INFO  Test worker     d.u.i.k.n.KeyIO           MODE: declarations took 0 ms 
250390     DEBUG Test worker     d.u.i.k.n.KeyIO           MODE: 2nd degree decls took 0 
250390     DEBUG Test worker     d.u.i.k.n.KeyIO           MODE: taclets took 0ms 
251391     INFO  Test worker     d.u.i.k.n.KeyIO           Parsing took 0 ms 
251391     DEBUG Test worker     d.u.i.k.n.KeyIO           Load declarations of de.uka.ilkd.key.nparser.KeyAst$File:  <unknown>:1#1 
251391     INFO  Test worker     d.u.i.k.n.KeyIO           MODE: declarations took 0 ms 
251391     DEBUG Test worker     d.u.i.k.n.KeyIO           MODE: 2nd degree decls took 0 
251391     DEBUG Test worker     d.u.i.k.n.KeyIO           MODE: taclets took 0ms 
252438     INFO  Test worker     d.u.i.k.n.KeyIO           Parsing took 0 ms 
252438     DEBUG Test worker     d.u.i.k.n.KeyIO           Load declarations of de.uka.ilkd.key.nparser.KeyAst$File:  <unknown>:1#1 
252438     INFO  Test worker     d.u.i.k.n.KeyIO           MODE: declarations took 0 ms 
252438     DEBUG Test worker     d.u.i.k.n.KeyIO           MODE: 2nd degree decls took 0 
252438     DEBUG Test worker     d.u.i.k.n.KeyIO           MODE: taclets took 0ms 
253480     INFO  Test worker     d.u.i.k.n.KeyIO           Parsing took 0 ms 
253480     DEBUG Test worker     d.u.i.k.n.KeyIO           Load declarations of de.uka.ilkd.key.nparser.KeyAst$File:  <unknown>:1#1 
253480     INFO  Test worker     d.u.i.k.n.KeyIO           MODE: declarations took 0 ms 
253480     DEBUG Test worker     d.u.i.k.n.KeyIO           MODE: 2nd degree decls took 0 
253480     DEBUG Test worker     d.u.i.k.n.KeyIO           MODE: taclets took 0ms 
254530     INFO  Test worker     d.u.i.k.n.KeyIO           Parsing took 0 ms 
254530     DEBUG Test worker     d.u.i.k.n.KeyIO           Load declarations of de.uka.ilkd.key.nparser.KeyAst$File:  <unknown>:1#1 
254530     INFO  Test worker     d.u.i.k.n.KeyIO           MODE: declarations took 0 ms 
254530     DEBUG Test worker     d.u.i.k.n.KeyIO           MODE: 2nd degree decls took 0 
254530     DEBUG Test worker     d.u.i.k.n.KeyIO           MODE: taclets took 0ms 
255578     INFO  Test worker     d.u.i.k.n.KeyIO           Parsing took 0 ms 
255578     DEBUG Test worker     d.u.i.k.n.KeyIO           Load declarations of de.uka.ilkd.key.nparser.KeyAst$File:  <unknown>:1#1 
255578     INFO  Test worker     d.u.i.k.n.KeyIO           MODE: declarations took 0 ms 
255578     DEBUG Test worker     d.u.i.k.n.KeyIO           MODE: 2nd degree decls took 0 
255578     DEBUG Test worker     d.u.i.k.n.KeyIO           MODE: taclets took 0ms 
256646     INFO  Test worker     d.u.i.k.n.KeyIO           Parsing took 0 ms 
256646     DEBUG Test worker     d.u.i.k.n.KeyIO           Load declarations of de.uka.ilkd.key.nparser.KeyAst$File:  <unknown>:1#1 
256646     INFO  Test worker     d.u.i.k.n.KeyIO           MODE: declarations took 0 ms 
256646     DEBUG Test worker     d.u.i.k.n.KeyIO           MODE: 2nd degree decls took 0 
256646     DEBUG Test worker     d.u.i.k.n.KeyIO           MODE: taclets took 0ms 
257769     INFO  Test worker     d.u.i.k.n.KeyIO           Parsing took 0 ms 
257769     DEBUG Test worker     d.u.i.k.n.KeyIO           Load declarations of de.uka.ilkd.key.nparser.KeyAst$File:  <unknown>:1#1 
257769     INFO  Test worker     d.u.i.k.n.KeyIO           MODE: declarations took 0 ms 
257769     DEBUG Test worker     d.u.i.k.n.KeyIO           MODE: 2nd degree decls took 0 
257769     DEBUG Test worker     d.u.i.k.n.KeyIO           MODE: taclets took 0ms 
258824     INFO  Test worker     d.u.i.k.n.KeyIO           Parsing took 0 ms 
258824     DEBUG Test worker     d.u.i.k.n.KeyIO           Load declarations of de.uka.ilkd.key.nparser.KeyAst$File:  <unknown>:1#1 
258824     INFO  Test worker     d.u.i.k.n.KeyIO           MODE: declarations took 0 ms 
258824     DEBUG Test worker     d.u.i.k.n.KeyIO           MODE: 2nd degree decls took 0 
258824     DEBUG Test worker     d.u.i.k.n.KeyIO           MODE: taclets took 0ms 
259840     INFO  Test worker     d.u.i.k.n.KeyIO           Parsing took 0 ms 
259840     DEBUG Test worker     d.u.i.k.n.KeyIO           Load declarations of de.uka.ilkd.key.nparser.KeyAst$File:  <unknown>:1#1 
259840     INFO  Test worker     d.u.i.k.n.KeyIO           MODE: declarations took 0 ms 
259840     DEBUG Test worker     d.u.i.k.n.KeyIO           MODE: 2nd degree decls took 0 
259840     DEBUG Test worker     d.u.i.k.n.KeyIO           MODE: taclets took 0ms 
260888     INFO  Test worker     d.u.i.k.n.KeyIO           Parsing took 0 ms 
260888     DEBUG Test worker     d.u.i.k.n.KeyIO           Load declarations of de.uka.ilkd.key.nparser.KeyAst$File:  <unknown>:1#1 
260888     INFO  Test worker     d.u.i.k.n.KeyIO           MODE: declarations took 0 ms 
260888     DEBUG Test worker     d.u.i.k.n.KeyIO           MODE: 2nd degree decls took 0 
260888     DEBUG Test worker     d.u.i.k.n.KeyIO           MODE: taclets took 0ms 
]]></system-out>
  <system-err><![CDATA[]]></system-err>
</testsuite>
