<?xml version="1.0" encoding="UTF-8"?>
<testsuite name="de.uka.ilkd.key.logic.TestClashFreeSubst" tests="14" skipped="2" failures="0" errors="0" timestamp="2023-05-22T21:06:21" hostname="fv-az206-343" time="55.356">
  <properties/>
  <testcase name="testMultiShareBound()" classname="de.uka.ilkd.key.logic.TestClashFreeSubst" time="1.156"/>
  <testcase name="testClash()" classname="de.uka.ilkd.key.logic.TestClashFreeSubst" time="1.054"/>
  <testcase name="testShare()" classname="de.uka.ilkd.key.logic.TestClashFreeSubst" time="1.049"/>
  <testcase name="testSubst()" classname="de.uka.ilkd.key.logic.TestClashFreeSubst" time="1.06"/>
  <testcase name="testWary0()" classname="de.uka.ilkd.key.logic.TestClashFreeSubst" time="1.037"/>
  <testcase name="testWary1()" classname="de.uka.ilkd.key.logic.TestClashFreeSubst" time="1.018"/>
  <testcase name="testWary2()" classname="de.uka.ilkd.key.logic.TestClashFreeSubst" time="0.983"/>
  <testcase name="testClashInSubstTerm()" classname="de.uka.ilkd.key.logic.TestClashFreeSubst" time="1.022"/>
  <testcase name="testShareWary()" classname="de.uka.ilkd.key.logic.TestClashFreeSubst" time="1.009"/>
  <testcase name="testMultiSubst()" classname="de.uka.ilkd.key.logic.TestClashFreeSubst" time="1.02"/>
  <testcase name="xtestMultiClash()" classname="de.uka.ilkd.key.logic.TestClashFreeSubst" time="0.0">
    <skipped/>
  </testcase>
  <testcase name="testSubstInSubstTerm()" classname="de.uka.ilkd.key.logic.TestClashFreeSubst" time="1.174"/>
  <testcase name="testSubstWary()" classname="de.uka.ilkd.key.logic.TestClashFreeSubst" time="0.973"/>
  <testcase name="xtestMultiClash1()" classname="de.uka.ilkd.key.logic.TestClashFreeSubst" time="0.001">
    <skipped/>
  </testcase>
  <system-out><![CDATA[45731      INFO  Test worker     d.u.i.k.n.KeyIO           Parsing took 0 ms 
45731      DEBUG Test worker     d.u.i.k.n.KeyIO           Load declarations of de.uka.ilkd.key.nparser.KeyAst$File:  <unknown>:1#1 
45731      INFO  Test worker     d.u.i.k.n.KeyIO           MODE: declarations took 0 ms 
45731      DEBUG Test worker     d.u.i.k.n.KeyIO           MODE: 2nd degree decls took 0 
46876      INFO  Test worker     d.u.i.k.n.KeyIO           Parsing took 0 ms 
46876      DEBUG Test worker     d.u.i.k.n.KeyIO           Load declarations of de.uka.ilkd.key.nparser.KeyAst$File:  <unknown>:1#1 
46876      INFO  Test worker     d.u.i.k.n.KeyIO           MODE: declarations took 0 ms 
46876      DEBUG Test worker     d.u.i.k.n.KeyIO           MODE: 2nd degree decls took 0 
50460      INFO  Test worker     d.u.i.k.n.KeyIO           Parsing took 0 ms 
50460      DEBUG Test worker     d.u.i.k.n.KeyIO           Load declarations of de.uka.ilkd.key.nparser.KeyAst$File:  <unknown>:1#1 
50460      INFO  Test worker     d.u.i.k.n.KeyIO           MODE: declarations took 0 ms 
50460      DEBUG Test worker     d.u.i.k.n.KeyIO           MODE: 2nd degree decls took 0 
51507      INFO  Test worker     d.u.i.k.n.KeyIO           Parsing took 0 ms 
51507      DEBUG Test worker     d.u.i.k.n.KeyIO           Load declarations of de.uka.ilkd.key.nparser.KeyAst$File:  <unknown>:1#1 
51507      INFO  Test worker     d.u.i.k.n.KeyIO           MODE: declarations took 0 ms 
51507      DEBUG Test worker     d.u.i.k.n.KeyIO           MODE: 2nd degree decls took 0 
55036      INFO  Test worker     d.u.i.k.n.KeyIO           Parsing took 0 ms 
55036      DEBUG Test worker     d.u.i.k.n.KeyIO           Load declarations of de.uka.ilkd.key.nparser.KeyAst$File:  <unknown>:1#1 
55036      INFO  Test worker     d.u.i.k.n.KeyIO           MODE: declarations took 0 ms 
55036      DEBUG Test worker     d.u.i.k.n.KeyIO           MODE: 2nd degree decls took 0 
56081      INFO  Test worker     d.u.i.k.n.KeyIO           Parsing took 0 ms 
56081      DEBUG Test worker     d.u.i.k.n.KeyIO           Load declarations of de.uka.ilkd.key.nparser.KeyAst$File:  <unknown>:1#1 
56081      INFO  Test worker     d.u.i.k.n.KeyIO           MODE: declarations took 0 ms 
56081      DEBUG Test worker     d.u.i.k.n.KeyIO           MODE: 2nd degree decls took 0 
59473      INFO  Test worker     d.u.i.k.n.KeyIO           Parsing took 0 ms 
59473      DEBUG Test worker     d.u.i.k.n.KeyIO           Load declarations of de.uka.ilkd.key.nparser.KeyAst$File:  <unknown>:1#1 
59473      INFO  Test worker     d.u.i.k.n.KeyIO           MODE: declarations took 0 ms 
59473      DEBUG Test worker     d.u.i.k.n.KeyIO           MODE: 2nd degree decls took 0 
60526      INFO  Test worker     d.u.i.k.n.KeyIO           Parsing took 0 ms 
60526      DEBUG Test worker     d.u.i.k.n.KeyIO           Load declarations of de.uka.ilkd.key.nparser.KeyAst$File:  <unknown>:1#1 
60526      INFO  Test worker     d.u.i.k.n.KeyIO           MODE: declarations took 0 ms 
60526      DEBUG Test worker     d.u.i.k.n.KeyIO           MODE: 2nd degree decls took 0 
63920      INFO  Test worker     d.u.i.k.n.KeyIO           Parsing took 0 ms 
63920      DEBUG Test worker     d.u.i.k.n.KeyIO           Load declarations of de.uka.ilkd.key.nparser.KeyAst$File:  <unknown>:1#1 
63920      INFO  Test worker     d.u.i.k.n.KeyIO           MODE: declarations took 0 ms 
63920      DEBUG Test worker     d.u.i.k.n.KeyIO           MODE: 2nd degree decls took 0 
64945      INFO  Test worker     d.u.i.k.n.KeyIO           Parsing took 0 ms 
64945      DEBUG Test worker     d.u.i.k.n.KeyIO           Load declarations of de.uka.ilkd.key.nparser.KeyAst$File:  <unknown>:1#1 
64945      INFO  Test worker     d.u.i.k.n.KeyIO           MODE: declarations took 0 ms 
64945      DEBUG Test worker     d.u.i.k.n.KeyIO           MODE: 2nd degree decls took 0 
68165      INFO  Test worker     d.u.i.k.n.KeyIO           Parsing took 0 ms 
68165      DEBUG Test worker     d.u.i.k.n.KeyIO           Load declarations of de.uka.ilkd.key.nparser.KeyAst$File:  <unknown>:1#1 
68165      INFO  Test worker     d.u.i.k.n.KeyIO           MODE: declarations took 0 ms 
68165      DEBUG Test worker     d.u.i.k.n.KeyIO           MODE: 2nd degree decls took 0 
69181      INFO  Test worker     d.u.i.k.n.KeyIO           Parsing took 0 ms 
69181      DEBUG Test worker     d.u.i.k.n.KeyIO           Load declarations of de.uka.ilkd.key.nparser.KeyAst$File:  <unknown>:1#1 
69181      INFO  Test worker     d.u.i.k.n.KeyIO           MODE: declarations took 0 ms 
69181      DEBUG Test worker     d.u.i.k.n.KeyIO           MODE: 2nd degree decls took 0 
72456      INFO  Test worker     d.u.i.k.n.KeyIO           Parsing took 0 ms 
72456      DEBUG Test worker     d.u.i.k.n.KeyIO           Load declarations of de.uka.ilkd.key.nparser.KeyAst$File:  <unknown>:1#1 
72456      INFO  Test worker     d.u.i.k.n.KeyIO           MODE: declarations took 0 ms 
72456      DEBUG Test worker     d.u.i.k.n.KeyIO           MODE: 2nd degree decls took 0 
73429      INFO  Test worker     d.u.i.k.n.KeyIO           Parsing took 0 ms 
73429      DEBUG Test worker     d.u.i.k.n.KeyIO           Load declarations of de.uka.ilkd.key.nparser.KeyAst$File:  <unknown>:1#1 
73429      INFO  Test worker     d.u.i.k.n.KeyIO           MODE: declarations took 0 ms 
73429      DEBUG Test worker     d.u.i.k.n.KeyIO           MODE: 2nd degree decls took 0 
76634      INFO  Test worker     d.u.i.k.n.KeyIO           Parsing took 0 ms 
76634      DEBUG Test worker     d.u.i.k.n.KeyIO           Load declarations of de.uka.ilkd.key.nparser.KeyAst$File:  <unknown>:1#1 
76634      INFO  Test worker     d.u.i.k.n.KeyIO           MODE: declarations took 0 ms 
76634      DEBUG Test worker     d.u.i.k.n.KeyIO           MODE: 2nd degree decls took 0 
77639      INFO  Test worker     d.u.i.k.n.KeyIO           Parsing took 0 ms 
77639      DEBUG Test worker     d.u.i.k.n.KeyIO           Load declarations of de.uka.ilkd.key.nparser.KeyAst$File:  <unknown>:1#1 
77639      INFO  Test worker     d.u.i.k.n.KeyIO           MODE: declarations took 0 ms 
77639      DEBUG Test worker     d.u.i.k.n.KeyIO           MODE: 2nd degree decls took 0 
81003      INFO  Test worker     d.u.i.k.n.KeyIO           Parsing took 0 ms 
81003      DEBUG Test worker     d.u.i.k.n.KeyIO           Load declarations of de.uka.ilkd.key.nparser.KeyAst$File:  <unknown>:1#1 
81003      INFO  Test worker     d.u.i.k.n.KeyIO           MODE: declarations took 0 ms 
81003      DEBUG Test worker     d.u.i.k.n.KeyIO           MODE: 2nd degree decls took 0 
82011      INFO  Test worker     d.u.i.k.n.KeyIO           Parsing took 0 ms 
82011      DEBUG Test worker     d.u.i.k.n.KeyIO           Load declarations of de.uka.ilkd.key.nparser.KeyAst$File:  <unknown>:1#1 
82011      INFO  Test worker     d.u.i.k.n.KeyIO           MODE: declarations took 0 ms 
82011      DEBUG Test worker     d.u.i.k.n.KeyIO           MODE: 2nd degree decls took 0 
85317      INFO  Test worker     d.u.i.k.n.KeyIO           Parsing took 0 ms 
85317      DEBUG Test worker     d.u.i.k.n.KeyIO           Load declarations of de.uka.ilkd.key.nparser.KeyAst$File:  <unknown>:1#1 
85317      INFO  Test worker     d.u.i.k.n.KeyIO           MODE: declarations took 0 ms 
85317      DEBUG Test worker     d.u.i.k.n.KeyIO           MODE: 2nd degree decls took 0 
86334      INFO  Test worker     d.u.i.k.n.KeyIO           Parsing took 0 ms 
86334      DEBUG Test worker     d.u.i.k.n.KeyIO           Load declarations of de.uka.ilkd.key.nparser.KeyAst$File:  <unknown>:1#1 
86334      INFO  Test worker     d.u.i.k.n.KeyIO           MODE: declarations took 0 ms 
86334      DEBUG Test worker     d.u.i.k.n.KeyIO           MODE: 2nd degree decls took 0 
92636      INFO  Test worker     d.u.i.k.n.KeyIO           Parsing took 0 ms 
92636      DEBUG Test worker     d.u.i.k.n.KeyIO           Load declarations of de.uka.ilkd.key.nparser.KeyAst$File:  <unknown>:1#1 
92651      INFO  Test worker     d.u.i.k.n.KeyIO           MODE: declarations took 15 ms 
92651      DEBUG Test worker     d.u.i.k.n.KeyIO           MODE: 2nd degree decls took 0 
93808      INFO  Test worker     d.u.i.k.n.KeyIO           Parsing took 0 ms 
93808      DEBUG Test worker     d.u.i.k.n.KeyIO           Load declarations of de.uka.ilkd.key.nparser.KeyAst$File:  <unknown>:1#1 
93808      INFO  Test worker     d.u.i.k.n.KeyIO           MODE: declarations took 0 ms 
93808      DEBUG Test worker     d.u.i.k.n.KeyIO           MODE: 2nd degree decls took 0 
96964      INFO  Test worker     d.u.i.k.n.KeyIO           Parsing took 0 ms 
96964      DEBUG Test worker     d.u.i.k.n.KeyIO           Load declarations of de.uka.ilkd.key.nparser.KeyAst$File:  <unknown>:1#1 
96964      INFO  Test worker     d.u.i.k.n.KeyIO           MODE: declarations took 0 ms 
96964      DEBUG Test worker     d.u.i.k.n.KeyIO           MODE: 2nd degree decls took 0 
97934      INFO  Test worker     d.u.i.k.n.KeyIO           Parsing took 0 ms 
97934      DEBUG Test worker     d.u.i.k.n.KeyIO           Load declarations of de.uka.ilkd.key.nparser.KeyAst$File:  <unknown>:1#1 
97934      INFO  Test worker     d.u.i.k.n.KeyIO           MODE: declarations took 0 ms 
97934      DEBUG Test worker     d.u.i.k.n.KeyIO           MODE: 2nd degree decls took 0 
]]></system-out>
  <system-err><![CDATA[]]></system-err>
</testsuite>
