<?xml version="1.0" encoding="UTF-8"?>
<testsuite name="de.uka.ilkd.key.proof.TestOneStepSimplifier" tests="1" skipped="0" failures="0" errors="0" timestamp="2023-05-22T21:14:03" hostname="fv-az206-343" time="4.592">
  <properties/>
  <testcase name="loadWithRestriction()" classname="de.uka.ilkd.key.proof.TestOneStepSimplifier" time="4.592"/>
  <system-out><![CDATA[507756     INFO  Test worker     d.u.i.k.p.i.AbstractProblemLoader Loading environment from src\test\resources\testcase\ossRestriction.proof 
507756     DEBUG Test worker     d.u.i.k.p.i.AbstractProblemLoader Environment load took 175.9ns 
507760     INFO  Test worker     d.u.i.k.p.i.AbstractProblemLoader Creating init config 
507914     DEBUG Test worker     d.u.i.k.j.TypeConverter   No LDT found for Meta 
507914     DEBUG Test worker     d.u.i.k.j.TypeConverter   No LDT found for Meta 
507914     DEBUG Test worker     d.u.i.k.j.TypeConverter   No LDT found for Meta 
507914     DEBUG Test worker     d.u.i.k.j.TypeConverter   No LDT found for Meta 
508539     DEBUG Test worker     d.u.i.k.j.TypeConverter   No LDT found for JavaBigintExpression 
512294     DEBUG Test worker     d.u.i.k.p.i.AbstractProblemLoader Init config took 4.55s 
512325     INFO  Test worker     d.u.i.k.p.i.AbstractProblemLoader Replaying proof ossRestriction.proof 
512341     DEBUG Test worker     d.u.i.k.p.i.IntermediateProofReplayer Proof replay took 1.11ms 
]]></system-out>
  <system-err><![CDATA[]]></system-err>
</testsuite>
