<?xml version="1.0" encoding="UTF-8"?>
<testsuite name="de.uka.ilkd.key.parser.TestTacletParser" tests="20" skipped="0" failures="0" errors="0" timestamp="2023-05-22T21:11:36" hostname="fv-az206-343" time="0.11">
  <properties/>
  <testcase name="testAllRight()" classname="de.uka.ilkd.key.parser.TestTacletParser" time="0.003"/>
  <testcase name="testSchemaJava0()" classname="de.uka.ilkd.key.parser.TestTacletParser" time="0.002"/>
  <testcase name="testSchemaJava1()" classname="de.uka.ilkd.key.parser.TestTacletParser" time="0.042"/>
  <testcase name="testSchemaJava2()" classname="de.uka.ilkd.key.parser.TestTacletParser" time="0.008"/>
  <testcase name="testSchemaJava4()" classname="de.uka.ilkd.key.parser.TestTacletParser" time="0.01"/>
  <testcase name="testSchemaJava6()" classname="de.uka.ilkd.key.parser.TestTacletParser" time="0.002"/>
  <testcase name="testSchemaJava8()" classname="de.uka.ilkd.key.parser.TestTacletParser" time="0.002"/>
  <testcase name="testCut()" classname="de.uka.ilkd.key.parser.TestTacletParser" time="0.001"/>
  <testcase name="testMakeInsertEq()" classname="de.uka.ilkd.key.parser.TestTacletParser" time="0.002"/>
  <testcase name="testAllLeft()" classname="de.uka.ilkd.key.parser.TestTacletParser" time="0.002"/>
  <testcase name="testClose()" classname="de.uka.ilkd.key.parser.TestTacletParser" time="0.002"/>
  <testcase name="testSchemaJava10()" classname="de.uka.ilkd.key.parser.TestTacletParser" time="0.001"/>
  <testcase name="testSchemaJava11()" classname="de.uka.ilkd.key.parser.TestTacletParser" time="0.013"/>
  <testcase name="testFIdempotent()" classname="de.uka.ilkd.key.parser.TestTacletParser" time="0.002"/>
  <testcase name="testImpRight()" classname="de.uka.ilkd.key.parser.TestTacletParser" time="0.002"/>
  <testcase name="testVarcondNew()" classname="de.uka.ilkd.key.parser.TestTacletParser" time="0.009"/>
  <testcase name="testFreeReplacewithVariables()" classname="de.uka.ilkd.key.parser.TestTacletParser" time="0.002"/>
  <testcase name="testImpLeft()" classname="de.uka.ilkd.key.parser.TestTacletParser" time="0.002"/>
  <testcase name="testContraposition()" classname="de.uka.ilkd.key.parser.TestTacletParser" time="0.002"/>
  <testcase name="testExConjSplit()" classname="de.uka.ilkd.key.parser.TestTacletParser" time="0.001"/>
  <system-out><![CDATA[360323     INFO  Test worker     d.u.i.k.n.KeyIO           Parsing took 0 ms 
360323     DEBUG Test worker     d.u.i.k.n.KeyIO           Load declarations of de.uka.ilkd.key.nparser.KeyAst$File:  <unknown>:1#1 
360323     INFO  Test worker     d.u.i.k.n.KeyIO           MODE: declarations took 0 ms 
360323     DEBUG Test worker     d.u.i.k.n.KeyIO           MODE: 2nd degree decls took 0 
360324     DEBUG Test worker     d.u.i.k.n.KeyIO           MODE: taclets took 0ms 
360325     INFO  Test worker     d.u.i.k.n.KeyIO           Parsing took 0 ms 
360325     DEBUG Test worker     d.u.i.k.n.KeyIO           Load declarations of de.uka.ilkd.key.nparser.KeyAst$File:  <unknown>:2#1 
360325     INFO  Test worker     d.u.i.k.n.KeyIO           MODE: declarations took 0 ms 
360325     DEBUG Test worker     d.u.i.k.n.KeyIO           MODE: 2nd degree decls took 0 
360325     DEBUG Test worker     d.u.i.k.n.KeyIO           MODE: taclets took 0ms 
360326     INFO  Test worker     d.u.i.k.n.KeyIO           Parsing took 0 ms 
360326     DEBUG Test worker     d.u.i.k.n.KeyIO           Load declarations of de.uka.ilkd.key.nparser.KeyAst$File:  <unknown>:1#1 
360326     INFO  Test worker     d.u.i.k.n.KeyIO           MODE: declarations took 0 ms 
360326     DEBUG Test worker     d.u.i.k.n.KeyIO           MODE: 2nd degree decls took 0 
360327     DEBUG Test worker     d.u.i.k.n.KeyIO           MODE: taclets took 0ms 
360327     INFO  Test worker     d.u.i.k.n.KeyIO           Parsing took 0 ms 
360327     DEBUG Test worker     d.u.i.k.n.KeyIO           Load declarations of de.uka.ilkd.key.nparser.KeyAst$File:  <unknown>:2#1 
360327     INFO  Test worker     d.u.i.k.n.KeyIO           MODE: declarations took 0 ms 
360327     DEBUG Test worker     d.u.i.k.n.KeyIO           MODE: 2nd degree decls took 0 
360328     DEBUG Test worker     d.u.i.k.n.KeyIO           MODE: taclets took 1ms 
360329     INFO  Test worker     d.u.i.k.n.KeyIO           Parsing took 0 ms 
360329     DEBUG Test worker     d.u.i.k.n.KeyIO           Load declarations of de.uka.ilkd.key.nparser.KeyAst$File:  <unknown>:1#1 
360329     INFO  Test worker     d.u.i.k.n.KeyIO           MODE: declarations took 0 ms 
360329     DEBUG Test worker     d.u.i.k.n.KeyIO           MODE: 2nd degree decls took 0 
360329     DEBUG Test worker     d.u.i.k.n.KeyIO           MODE: taclets took 0ms 
360330     WARN  Test worker     d.u.i.k.n.KeYParser       [syntax-error] <unknown>:2:21: extraneous input '<' expecting {MODALITY, FORALL, EXISTS, '\if', '\ifEx', 'true', 'false', '(', ')', '{', '@', NOT, '-', STRING_LITERAL, CHAR_LITERAL, BIN_LITERAL, HEX_LITERAL, IDENT, INT_LITERAL, FLOAT_LITERAL, DOUBLE_LITERAL, REAL_LITERAL} [@12,22:22='<',<173>,2:21] (argument_list, call, accessterm, primitive_term, primitive_labeled_term, bracket_term, atom_prefix, strong_arith_term_2, strong_arith_term_1, weak_arith_term, comparison_term, equality_term, term60, conjunction_term, disjunction_term, implication_term, equivalence_term, elementary_update_term, parallel_term, term, taclet, rulesOrAxioms, decls, file) 
360368     WARN  Test worker     d.u.i.k.n.KeYParser       [syntax-error] <unknown>:2:23: no viable alternative at input '{..' [@14,24:25='..',<144>,2:23] (atom_prefix, strong_arith_term_2, strong_arith_term_1, weak_arith_term, comparison_term, equality_term, term60, conjunction_term, disjunction_term, implication_term, equivalence_term, elementary_update_term, parallel_term, term, argument_list, call, accessterm, primitive_term, primitive_labeled_term, bracket_term, atom_prefix, strong_arith_term_2, strong_arith_term_1, weak_arith_term, comparison_term, equality_term, term60, conjunction_term, disjunction_term, implication_term, equivalence_term, elementary_update_term, parallel_term, term, taclet, rulesOrAxioms, decls, file) 
360369     WARN  Test worker     d.u.i.k.n.KeYParser       [syntax-error] <unknown>:2:33: mismatched input ';' expecting {',', ')'} [@21,34:34=';',<138>,2:33] (argument_list, call, accessterm, primitive_term, primitive_labeled_term, bracket_term, atom_prefix, strong_arith_term_2, strong_arith_term_1, weak_arith_term, comparison_term, equality_term, term60, conjunction_term, disjunction_term, implication_term, equivalence_term, elementary_update_term, parallel_term, term, taclet, rulesOrAxioms, decls, file) 
360370     WARN  Test worker     d.u.i.k.n.KeYParser       [syntax-error] <unknown>:2:41: no viable alternative at input '#i;' [@26,42:42=';',<138>,2:41] (option_list, taclet, rulesOrAxioms, decls, file) 
360370     WARN  Test worker     d.u.i.k.n.KeYParser       [syntax-error] <unknown>:2:43: mismatched input '<' expecting {'(', '{'} [@28,44:44='<',<173>,2:43] (taclet, rulesOrAxioms, decls, file) 
360370     WARN  Test worker     d.u.i.k.n.KeYParser       [syntax-error] <unknown>:2:47: mismatched input '+' expecting {'(', '{'} [@32,48:48='+',<167>,2:47] (taclet, rulesOrAxioms, decls, file) 
360370     WARN  Test worker     d.u.i.k.n.KeYParser       [syntax-error] <unknown>:2:52: extraneous input '..' expecting {'\lemma', '}', IDENT, '/*!'} [@37,53:54='..',<144>,2:52] (rulesOrAxioms, decls, file) 
360370     WARN  Test worker     d.u.i.k.n.KeYParser       [syntax-error] <unknown>:2:56: mismatched input '>' expecting {<EOF>, '\problem', '\chooseContract', '\proofObligation', '\proof'} [@40,57:57='>',<168>,2:56] (file) 
360376     INFO  Test worker     d.u.i.k.n.KeyIO           Parsing took 5 ms 
360376     DEBUG Test worker     d.u.i.k.n.KeyIO           Load declarations of de.uka.ilkd.key.nparser.KeyAst$File:  <unknown>:1#1 
360377     INFO  Test worker     d.u.i.k.n.KeyIO           MODE: declarations took 1 ms 
360377     DEBUG Test worker     d.u.i.k.n.KeyIO           MODE: 2nd degree decls took 0 
360377     DEBUG Test worker     d.u.i.k.n.KeyIO           MODE: taclets took 0ms 
360377     WARN  Test worker     d.u.i.k.n.KeYParser       [syntax-error] <unknown>:2:21: extraneous input '<' expecting {MODALITY, FORALL, EXISTS, '\if', '\ifEx', 'true', 'false', '(', ')', '{', '@', NOT, '-', STRING_LITERAL, CHAR_LITERAL, BIN_LITERAL, HEX_LITERAL, IDENT, INT_LITERAL, FLOAT_LITERAL, DOUBLE_LITERAL, REAL_LITERAL} [@12,22:22='<',<173>,2:21] (argument_list, call, accessterm, primitive_term, primitive_labeled_term, bracket_term, atom_prefix, strong_arith_term_2, strong_arith_term_1, weak_arith_term, comparison_term, equality_term, term60, conjunction_term, disjunction_term, implication_term, equivalence_term, elementary_update_term, parallel_term, term, taclet, rulesOrAxioms, decls, file) 
360377     WARN  Test worker     d.u.i.k.n.KeYParser       [syntax-error] <unknown>:2:23: no viable alternative at input '{..' [@14,24:25='..',<144>,2:23] (atom_prefix, strong_arith_term_2, strong_arith_term_1, weak_arith_term, comparison_term, equality_term, term60, conjunction_term, disjunction_term, implication_term, equivalence_term, elementary_update_term, parallel_term, term, argument_list, call, accessterm, primitive_term, primitive_labeled_term, bracket_term, atom_prefix, strong_arith_term_2, strong_arith_term_1, weak_arith_term, comparison_term, equality_term, term60, conjunction_term, disjunction_term, implication_term, equivalence_term, elementary_update_term, parallel_term, term, taclet, rulesOrAxioms, decls, file) 
360378     WARN  Test worker     d.u.i.k.n.KeYParser       [syntax-error] <unknown>:2:33: mismatched input ';' expecting {',', ')'} [@21,34:34=';',<138>,2:33] (argument_list, call, accessterm, primitive_term, primitive_labeled_term, bracket_term, atom_prefix, strong_arith_term_2, strong_arith_term_1, weak_arith_term, comparison_term, equality_term, term60, conjunction_term, disjunction_term, implication_term, equivalence_term, elementary_update_term, parallel_term, term, taclet, rulesOrAxioms, decls, file) 
360378     WARN  Test worker     d.u.i.k.n.KeYParser       [syntax-error] <unknown>:2:43: no viable alternative at input '#lab;' [@26,44:44=';',<138>,2:43] (option_list, taclet, rulesOrAxioms, decls, file) 
360378     WARN  Test worker     d.u.i.k.n.KeYParser       [syntax-error] <unknown>:2:45: mismatched input '<' expecting {'(', '{'} [@28,46:46='<',<173>,2:45] (taclet, rulesOrAxioms, decls, file) 
360378     WARN  Test worker     d.u.i.k.n.KeYParser       [syntax-error] <unknown>:2:50: mismatched input '+' expecting {'(', '{'} [@32,51:51='+',<167>,2:50] (taclet, rulesOrAxioms, decls, file) 
360378     WARN  Test worker     d.u.i.k.n.KeYParser       [syntax-error] <unknown>:2:56: extraneous input '..' expecting {'\lemma', '}', IDENT, '/*!'} [@38,57:58='..',<144>,2:56] (rulesOrAxioms, decls, file) 
360378     WARN  Test worker     d.u.i.k.n.KeYParser       [syntax-error] <unknown>:2:60: mismatched input '>' expecting {<EOF>, '\problem', '\chooseContract', '\proofObligation', '\proof'} [@41,61:61='>',<168>,2:60] (file) 
360379     INFO  Test worker     d.u.i.k.n.KeyIO           Parsing took 0 ms 
360379     DEBUG Test worker     d.u.i.k.n.KeyIO           Load declarations of de.uka.ilkd.key.nparser.KeyAst$File:  <unknown>:1#1 
360379     INFO  Test worker     d.u.i.k.n.KeyIO           MODE: declarations took 0 ms 
360379     DEBUG Test worker     d.u.i.k.n.KeyIO           MODE: 2nd degree decls took 0 
360379     DEBUG Test worker     d.u.i.k.n.KeyIO           MODE: taclets took 0ms 
360384     INFO  Test worker     d.u.i.k.n.KeyIO           Parsing took 4 ms 
360384     DEBUG Test worker     d.u.i.k.n.KeyIO           Load declarations of de.uka.ilkd.key.nparser.KeyAst$File:  <unknown>:2#1 
360384     INFO  Test worker     d.u.i.k.n.KeyIO           MODE: declarations took 0 ms 
360384     DEBUG Test worker     d.u.i.k.n.KeyIO           MODE: 2nd degree decls took 0 
360388     DEBUG Test worker     d.u.i.k.n.KeyIO           MODE: taclets took 1ms 
360389     INFO  Test worker     d.u.i.k.n.KeyIO           Parsing took 1 ms 
360389     DEBUG Test worker     d.u.i.k.n.KeyIO           Load declarations of de.uka.ilkd.key.nparser.KeyAst$File:  <unknown>:1#1 
360389     INFO  Test worker     d.u.i.k.n.KeyIO           MODE: declarations took 0 ms 
360389     DEBUG Test worker     d.u.i.k.n.KeyIO           MODE: 2nd degree decls took 0 
360389     DEBUG Test worker     d.u.i.k.n.KeyIO           MODE: taclets took 0ms 
360389     INFO  Test worker     d.u.i.k.n.KeyIO           Parsing took 0 ms 
360389     DEBUG Test worker     d.u.i.k.n.KeyIO           Load declarations of de.uka.ilkd.key.nparser.KeyAst$File:  <unknown>:2#1 
360389     INFO  Test worker     d.u.i.k.n.KeyIO           MODE: declarations took 0 ms 
360389     DEBUG Test worker     d.u.i.k.n.KeyIO           MODE: 2nd degree decls took 0 
360390     DEBUG Test worker     d.u.i.k.n.KeyIO           MODE: taclets took 1ms 
360391     INFO  Test worker     d.u.i.k.n.KeyIO           Parsing took 0 ms 
360391     DEBUG Test worker     d.u.i.k.n.KeyIO           Load declarations of de.uka.ilkd.key.nparser.KeyAst$File:  <unknown>:1#1 
360391     INFO  Test worker     d.u.i.k.n.KeyIO           MODE: declarations took 0 ms 
360391     DEBUG Test worker     d.u.i.k.n.KeyIO           MODE: 2nd degree decls took 0 
360391     DEBUG Test worker     d.u.i.k.n.KeyIO           MODE: taclets took 0ms 
360391     INFO  Test worker     d.u.i.k.n.KeyIO           Parsing took 0 ms 
360391     DEBUG Test worker     d.u.i.k.n.KeyIO           Load declarations of de.uka.ilkd.key.nparser.KeyAst$File:  <unknown>:2#1 
360391     INFO  Test worker     d.u.i.k.n.KeyIO           MODE: declarations took 0 ms 
360391     DEBUG Test worker     d.u.i.k.n.KeyIO           MODE: 2nd degree decls took 0 
360392     DEBUG Test worker     d.u.i.k.n.KeyIO           MODE: taclets took 0ms 
360392     INFO  Test worker     d.u.i.k.n.KeyIO           Parsing took 0 ms 
360392     DEBUG Test worker     d.u.i.k.n.KeyIO           Load declarations of de.uka.ilkd.key.nparser.KeyAst$File:  <unknown>:1#1 
360392     INFO  Test worker     d.u.i.k.n.KeyIO           MODE: declarations took 0 ms 
360393     DEBUG Test worker     d.u.i.k.n.KeyIO           MODE: 2nd degree decls took 1 
360393     DEBUG Test worker     d.u.i.k.n.KeyIO           MODE: taclets took 0ms 
360393     INFO  Test worker     d.u.i.k.n.KeyIO           Parsing took 0 ms 
360393     DEBUG Test worker     d.u.i.k.n.KeyIO           Load declarations of de.uka.ilkd.key.nparser.KeyAst$File:  <unknown>:2#1 
360393     INFO  Test worker     d.u.i.k.n.KeyIO           MODE: declarations took 0 ms 
360393     DEBUG Test worker     d.u.i.k.n.KeyIO           MODE: 2nd degree decls took 0 
360393     DEBUG Test worker     d.u.i.k.n.KeyIO           MODE: taclets took 0ms 
360394     INFO  Test worker     d.u.i.k.n.KeyIO           Parsing took 0 ms 
360394     DEBUG Test worker     d.u.i.k.n.KeyIO           Load declarations of de.uka.ilkd.key.nparser.KeyAst$File:  <unknown>:1#1 
360394     INFO  Test worker     d.u.i.k.n.KeyIO           MODE: declarations took 0 ms 
360394     DEBUG Test worker     d.u.i.k.n.KeyIO           MODE: 2nd degree decls took 0 
360394     DEBUG Test worker     d.u.i.k.n.KeyIO           MODE: taclets took 0ms 
360395     INFO  Test worker     d.u.i.k.n.KeyIO           Parsing took 1 ms 
360395     DEBUG Test worker     d.u.i.k.n.KeyIO           Load declarations of de.uka.ilkd.key.nparser.KeyAst$File:  <unknown>:2#1 
360395     INFO  Test worker     d.u.i.k.n.KeyIO           MODE: declarations took 0 ms 
360395     DEBUG Test worker     d.u.i.k.n.KeyIO           MODE: 2nd degree decls took 0 
360395     DEBUG Test worker     d.u.i.k.n.KeyIO           MODE: taclets took 0ms 
360396     INFO  Test worker     d.u.i.k.n.KeyIO           Parsing took 0 ms 
360396     DEBUG Test worker     d.u.i.k.n.KeyIO           Load declarations of de.uka.ilkd.key.nparser.KeyAst$File:  <unknown>:1#1 
360396     INFO  Test worker     d.u.i.k.n.KeyIO           MODE: declarations took 0 ms 
360396     DEBUG Test worker     d.u.i.k.n.KeyIO           MODE: 2nd degree decls took 0 
360396     DEBUG Test worker     d.u.i.k.n.KeyIO           MODE: taclets took 0ms 
360397     INFO  Test worker     d.u.i.k.n.KeyIO           Parsing took 1 ms 
360397     DEBUG Test worker     d.u.i.k.n.KeyIO           Load declarations of de.uka.ilkd.key.nparser.KeyAst$File:  <unknown>:2#1 
360397     INFO  Test worker     d.u.i.k.n.KeyIO           MODE: declarations took 0 ms 
360397     DEBUG Test worker     d.u.i.k.n.KeyIO           MODE: 2nd degree decls took 0 
360397     DEBUG Test worker     d.u.i.k.n.KeyIO           MODE: taclets took 0ms 
360398     INFO  Test worker     d.u.i.k.n.KeyIO           Parsing took 1 ms 
360398     DEBUG Test worker     d.u.i.k.n.KeyIO           Load declarations of de.uka.ilkd.key.nparser.KeyAst$File:  <unknown>:1#1 
360398     INFO  Test worker     d.u.i.k.n.KeyIO           MODE: declarations took 0 ms 
360398     DEBUG Test worker     d.u.i.k.n.KeyIO           MODE: 2nd degree decls took 0 
360399     DEBUG Test worker     d.u.i.k.n.KeyIO           MODE: taclets took 1ms 
360399     INFO  Test worker     d.u.i.k.n.KeyIO           Parsing took 0 ms 
360399     DEBUG Test worker     d.u.i.k.n.KeyIO           Load declarations of de.uka.ilkd.key.nparser.KeyAst$File:  <unknown>:2#1 
360399     INFO  Test worker     d.u.i.k.n.KeyIO           MODE: declarations took 0 ms 
360399     DEBUG Test worker     d.u.i.k.n.KeyIO           MODE: 2nd degree decls took 0 
360399     DEBUG Test worker     d.u.i.k.n.KeyIO           MODE: taclets took 0ms 
360399     INFO  Test worker     d.u.i.k.n.KeyIO           Parsing took 0 ms 
360399     DEBUG Test worker     d.u.i.k.n.KeyIO           Load declarations of de.uka.ilkd.key.nparser.KeyAst$File:  <unknown>:1#1 
360400     INFO  Test worker     d.u.i.k.n.KeyIO           MODE: declarations took 1 ms 
360400     DEBUG Test worker     d.u.i.k.n.KeyIO           MODE: 2nd degree decls took 0 
360400     DEBUG Test worker     d.u.i.k.n.KeyIO           MODE: taclets took 0ms 
360400     INFO  Test worker     d.u.i.k.n.KeyIO           Parsing took 0 ms 
360400     DEBUG Test worker     d.u.i.k.n.KeyIO           Load declarations of de.uka.ilkd.key.nparser.KeyAst$File:  <unknown>:2#1 
360400     INFO  Test worker     d.u.i.k.n.KeyIO           MODE: declarations took 0 ms 
360400     DEBUG Test worker     d.u.i.k.n.KeyIO           MODE: 2nd degree decls took 0 
360401     DEBUG Test worker     d.u.i.k.n.KeyIO           MODE: taclets took 1ms 
360401     INFO  Test worker     d.u.i.k.n.KeyIO           Parsing took 0 ms 
360401     DEBUG Test worker     d.u.i.k.n.KeyIO           Load declarations of de.uka.ilkd.key.nparser.KeyAst$File:  <unknown>:1#1 
360401     INFO  Test worker     d.u.i.k.n.KeyIO           MODE: declarations took 0 ms 
360401     DEBUG Test worker     d.u.i.k.n.KeyIO           MODE: 2nd degree decls took 0 
360402     DEBUG Test worker     d.u.i.k.n.KeyIO           MODE: taclets took 1ms 
360408     INFO  Test worker     d.u.i.k.n.KeyIO           Parsing took 6 ms 
360408     DEBUG Test worker     d.u.i.k.n.KeyIO           Load declarations of de.uka.ilkd.key.nparser.KeyAst$File:  <unknown>:2#1 
360408     INFO  Test worker     d.u.i.k.n.KeyIO           MODE: declarations took 0 ms 
360408     DEBUG Test worker     d.u.i.k.n.KeyIO           MODE: 2nd degree decls took 0 
360413     DEBUG Test worker     d.u.i.k.n.KeyIO           MODE: taclets took 4ms 
360414     INFO  Test worker     d.u.i.k.n.KeyIO           Parsing took 0 ms 
360414     DEBUG Test worker     d.u.i.k.n.KeyIO           Load declarations of de.uka.ilkd.key.nparser.KeyAst$File:  <unknown>:1#1 
360414     INFO  Test worker     d.u.i.k.n.KeyIO           MODE: declarations took 0 ms 
360414     DEBUG Test worker     d.u.i.k.n.KeyIO           MODE: 2nd degree decls took 0 
360415     DEBUG Test worker     d.u.i.k.n.KeyIO           MODE: taclets took 0ms 
360415     INFO  Test worker     d.u.i.k.n.KeyIO           Parsing took 0 ms 
360415     DEBUG Test worker     d.u.i.k.n.KeyIO           Load declarations of de.uka.ilkd.key.nparser.KeyAst$File:  <unknown>:2#1 
360415     INFO  Test worker     d.u.i.k.n.KeyIO           MODE: declarations took 0 ms 
360415     DEBUG Test worker     d.u.i.k.n.KeyIO           MODE: 2nd degree decls took 0 
360416     DEBUG Test worker     d.u.i.k.n.KeyIO           MODE: taclets took 1ms 
360416     INFO  Test worker     d.u.i.k.n.KeyIO           Parsing took 0 ms 
360416     DEBUG Test worker     d.u.i.k.n.KeyIO           Load declarations of de.uka.ilkd.key.nparser.KeyAst$File:  <unknown>:1#1 
360416     INFO  Test worker     d.u.i.k.n.KeyIO           MODE: declarations took 0 ms 
360416     DEBUG Test worker     d.u.i.k.n.KeyIO           MODE: 2nd degree decls took 0 
360416     DEBUG Test worker     d.u.i.k.n.KeyIO           MODE: taclets took 0ms 
360417     INFO  Test worker     d.u.i.k.n.KeyIO           Parsing took 0 ms 
360417     DEBUG Test worker     d.u.i.k.n.KeyIO           Load declarations of de.uka.ilkd.key.nparser.KeyAst$File:  <unknown>:2#1 
360417     INFO  Test worker     d.u.i.k.n.KeyIO           MODE: declarations took 0 ms 
360417     DEBUG Test worker     d.u.i.k.n.KeyIO           MODE: 2nd degree decls took 0 
360417     DEBUG Test worker     d.u.i.k.n.KeyIO           MODE: taclets took 0ms 
360424     INFO  Test worker     d.u.i.k.n.KeyIO           Parsing took 0 ms 
360424     DEBUG Test worker     d.u.i.k.n.KeyIO           Load declarations of de.uka.ilkd.key.nparser.KeyAst$File:  <unknown>:1#1 
360424     INFO  Test worker     d.u.i.k.n.KeyIO           MODE: declarations took 0 ms 
360424     DEBUG Test worker     d.u.i.k.n.KeyIO           MODE: 2nd degree decls took 0 
360425     DEBUG Test worker     d.u.i.k.n.KeyIO           MODE: taclets took 0ms 
360425     INFO  Test worker     d.u.i.k.n.KeyIO           Parsing took 0 ms 
360425     DEBUG Test worker     d.u.i.k.n.KeyIO           Load declarations of de.uka.ilkd.key.nparser.KeyAst$File:  <unknown>:2#1 
360425     INFO  Test worker     d.u.i.k.n.KeyIO           MODE: declarations took 0 ms 
360425     DEBUG Test worker     d.u.i.k.n.KeyIO           MODE: 2nd degree decls took 0 
360426     DEBUG Test worker     d.u.i.k.n.KeyIO           MODE: taclets took 0ms 
360426     INFO  Test worker     d.u.i.k.n.KeyIO           Parsing took 0 ms 
360426     DEBUG Test worker     d.u.i.k.n.KeyIO           Load declarations of de.uka.ilkd.key.nparser.KeyAst$File:  <unknown>:2#1 
360426     INFO  Test worker     d.u.i.k.n.KeyIO           MODE: declarations took 0 ms 
360426     DEBUG Test worker     d.u.i.k.n.KeyIO           MODE: 2nd degree decls took 0 
360426     DEBUG Test worker     d.u.i.k.n.KeyIO           MODE: taclets took 0ms 
360427     INFO  Test worker     d.u.i.k.n.KeyIO           Parsing took 0 ms 
360427     DEBUG Test worker     d.u.i.k.n.KeyIO           Load declarations of de.uka.ilkd.key.nparser.KeyAst$File:  <unknown>:1#1 
360427     INFO  Test worker     d.u.i.k.n.KeyIO           MODE: declarations took 0 ms 
360427     DEBUG Test worker     d.u.i.k.n.KeyIO           MODE: 2nd degree decls took 0 
360427     DEBUG Test worker     d.u.i.k.n.KeyIO           MODE: taclets took 0ms 
360427     INFO  Test worker     d.u.i.k.n.KeyIO           Parsing took 0 ms 
360427     DEBUG Test worker     d.u.i.k.n.KeyIO           Load declarations of de.uka.ilkd.key.nparser.KeyAst$File:  <unknown>:2#1 
360427     INFO  Test worker     d.u.i.k.n.KeyIO           MODE: declarations took 0 ms 
360427     DEBUG Test worker     d.u.i.k.n.KeyIO           MODE: 2nd degree decls took 0 
360429     INFO  Test worker     d.u.i.k.n.KeyIO           Parsing took 0 ms 
360429     DEBUG Test worker     d.u.i.k.n.KeyIO           Load declarations of de.uka.ilkd.key.nparser.KeyAst$File:  <unknown>:1#1 
360429     INFO  Test worker     d.u.i.k.n.KeyIO           MODE: declarations took 0 ms 
360429     DEBUG Test worker     d.u.i.k.n.KeyIO           MODE: 2nd degree decls took 0 
360429     DEBUG Test worker     d.u.i.k.n.KeyIO           MODE: taclets took 0ms 
360430     INFO  Test worker     d.u.i.k.n.KeyIO           Parsing took 0 ms 
360430     DEBUG Test worker     d.u.i.k.n.KeyIO           Load declarations of de.uka.ilkd.key.nparser.KeyAst$File:  <unknown>:2#1 
360430     INFO  Test worker     d.u.i.k.n.KeyIO           MODE: declarations took 0 ms 
360430     DEBUG Test worker     d.u.i.k.n.KeyIO           MODE: 2nd degree decls took 0 
360430     DEBUG Test worker     d.u.i.k.n.KeyIO           MODE: taclets took 0ms 
360430     INFO  Test worker     d.u.i.k.n.KeyIO           Parsing took 0 ms 
360430     DEBUG Test worker     d.u.i.k.n.KeyIO           Load declarations of de.uka.ilkd.key.nparser.KeyAst$File:  <unknown>:1#1 
360431     INFO  Test worker     d.u.i.k.n.KeyIO           MODE: declarations took 1 ms 
360431     DEBUG Test worker     d.u.i.k.n.KeyIO           MODE: 2nd degree decls took 0 
360431     DEBUG Test worker     d.u.i.k.n.KeyIO           MODE: taclets took 0ms 
360432     INFO  Test worker     d.u.i.k.n.KeyIO           Parsing took 0 ms 
360432     DEBUG Test worker     d.u.i.k.n.KeyIO           Load declarations of de.uka.ilkd.key.nparser.KeyAst$File:  <unknown>:2#1 
360432     INFO  Test worker     d.u.i.k.n.KeyIO           MODE: declarations took 0 ms 
360432     DEBUG Test worker     d.u.i.k.n.KeyIO           MODE: 2nd degree decls took 0 
360432     DEBUG Test worker     d.u.i.k.n.KeyIO           MODE: taclets took 0ms 
360432     INFO  Test worker     d.u.i.k.n.KeyIO           Parsing took 0 ms 
360432     DEBUG Test worker     d.u.i.k.n.KeyIO           Load declarations of de.uka.ilkd.key.nparser.KeyAst$File:  <unknown>:1#1 
360433     INFO  Test worker     d.u.i.k.n.KeyIO           MODE: declarations took 1 ms 
360433     DEBUG Test worker     d.u.i.k.n.KeyIO           MODE: 2nd degree decls took 0 
360433     DEBUG Test worker     d.u.i.k.n.KeyIO           MODE: taclets took 0ms 
360433     INFO  Test worker     d.u.i.k.n.KeyIO           Parsing took 0 ms 
360433     DEBUG Test worker     d.u.i.k.n.KeyIO           Load declarations of de.uka.ilkd.key.nparser.KeyAst$File:  <unknown>:2#1 
360433     INFO  Test worker     d.u.i.k.n.KeyIO           MODE: declarations took 0 ms 
360433     DEBUG Test worker     d.u.i.k.n.KeyIO           MODE: 2nd degree decls took 0 
360434     DEBUG Test worker     d.u.i.k.n.KeyIO           MODE: taclets took 0ms 
]]></system-out>
  <system-err><![CDATA[]]></system-err>
</testsuite>
