<?xml version="1.0" encoding="UTF-8"?>
<testsuite name="de.uka.ilkd.key.rule.TestSchemaModalOperators" tests="4" skipped="0" failures="0" errors="0" timestamp="2023-05-22T21:14:32" hostname="fv-az206-343" time="1.604">
  <properties/>
  <testcase name="testSchemaModalities1()" classname="de.uka.ilkd.key.rule.TestSchemaModalOperators" time="1.404"/>
  <testcase name="testSchemaModalities2()" classname="de.uka.ilkd.key.rule.TestSchemaModalOperators" time="0.016"/>
  <testcase name="testSchemaModalities3()" classname="de.uka.ilkd.key.rule.TestSchemaModalOperators" time="0.139"/>
  <testcase name="testSchemaModalities4()" classname="de.uka.ilkd.key.rule.TestSchemaModalOperators" time="0.045"/>
  <system-out><![CDATA[537931     INFO  Test worker     d.u.i.k.n.KeyIO           Parsing took 0 ms 
537931     DEBUG Test worker     d.u.i.k.n.KeyIO           Load declarations of de.uka.ilkd.key.nparser.KeyAst$File:  D:\a\key\key\key.core\src\test\resources\testcase\testrules.key:9#1 
537931     INFO  Test worker     d.u.i.k.n.KeyIO           MODE: declarations took 0 ms 
537931     DEBUG Test worker     d.u.i.k.n.KeyIO           MODE: 2nd degree decls took 0 
538025     DEBUG Test worker     d.u.i.k.n.KeyIO           MODE: taclets took 94ms 
]]></system-out>
  <system-err><![CDATA[]]></system-err>
</testsuite>
