<?xml version="1.0" encoding="UTF-8"?>
<testsuite name="de.uka.ilkd.key.smt.test.TestZ3" tests="31" skipped="31" failures="0" errors="0" timestamp="2023-03-04T13:35:59" hostname="fv-az446-547" time="0.03">
  <properties/>
  <testcase name="testSubsort1()" classname="de.uka.ilkd.key.smt.test.TestZ3" time="0.001">
    <skipped/>
  </testcase>
  <testcase name="testSubsort2()" classname="de.uka.ilkd.key.smt.test.TestZ3" time="0.0">
    <skipped/>
  </testcase>
  <testcase name="testBSum1()" classname="de.uka.ilkd.key.smt.test.TestZ3" time="0.001">
    <skipped/>
  </testcase>
  <testcase name="testBSum2()" classname="de.uka.ilkd.key.smt.test.TestZ3" time="0.0">
    <skipped/>
  </testcase>
  <testcase name="testBSum3()" classname="de.uka.ilkd.key.smt.test.TestZ3" time="0.0">
    <skipped/>
  </testcase>
  <testcase name="testEqui1()" classname="de.uka.ilkd.key.smt.test.TestZ3" time="0.001">
    <skipped/>
  </testcase>
  <testcase name="testEqui2()" classname="de.uka.ilkd.key.smt.test.TestZ3" time="0.0">
    <skipped/>
  </testcase>
  <testcase name="testImply()" classname="de.uka.ilkd.key.smt.test.TestZ3" time="0.001">
    <skipped/>
  </testcase>
  <testcase name="testOrnot()" classname="de.uka.ilkd.key.smt.test.TestZ3" time="0.0">
    <skipped/>
  </testcase>
  <testcase name="testAdd1()" classname="de.uka.ilkd.key.smt.test.TestZ3" time="0.0">
    <skipped/>
  </testcase>
  <testcase name="testAndornot()" classname="de.uka.ilkd.key.smt.test.TestZ3" time="0.001">
    <skipped/>
  </testcase>
  <testcase name="testLogicalIte1()" classname="de.uka.ilkd.key.smt.test.TestZ3" time="0.0">
    <skipped/>
  </testcase>
  <testcase name="testLogicalIte2()" classname="de.uka.ilkd.key.smt.test.TestZ3" time="0.001">
    <skipped/>
  </testcase>
  <testcase name="testBinderPred2()" classname="de.uka.ilkd.key.smt.test.TestZ3" time="0.012">
    <skipped/>
  </testcase>
  <testcase name="testBinderPred3()" classname="de.uka.ilkd.key.smt.test.TestZ3" time="0.0">
    <skipped/>
  </testcase>
  <testcase name="testAllex1()" classname="de.uka.ilkd.key.smt.test.TestZ3" time="0.0">
    <skipped/>
  </testcase>
  <testcase name="testAllex2()" classname="de.uka.ilkd.key.smt.test.TestZ3" time="0.0">
    <skipped/>
  </testcase>
  <testcase name="testAllex3()" classname="de.uka.ilkd.key.smt.test.TestZ3" time="0.001">
    <skipped/>
  </testcase>
  <testcase name="testAndnot()" classname="de.uka.ilkd.key.smt.test.TestZ3" time="0.0">
    <skipped/>
  </testcase>
  <testcase name="testBProd1()" classname="de.uka.ilkd.key.smt.test.TestZ3" time="0.001">
    <skipped/>
  </testcase>
  <testcase name="testBProd2()" classname="de.uka.ilkd.key.smt.test.TestZ3" time="0.0">
    <skipped/>
  </testcase>
  <testcase name="testBProd3()" classname="de.uka.ilkd.key.smt.test.TestZ3" time="0.0">
    <skipped/>
  </testcase>
  <testcase name="testEqual1()" classname="de.uka.ilkd.key.smt.test.TestZ3" time="0.0">
    <skipped/>
  </testcase>
  <testcase name="testEqual2()" classname="de.uka.ilkd.key.smt.test.TestZ3" time="0.001">
    <skipped/>
  </testcase>
  <testcase name="testImply2()" classname="de.uka.ilkd.key.smt.test.TestZ3" time="0.0">
    <skipped/>
  </testcase>
  <testcase name="testImply3()" classname="de.uka.ilkd.key.smt.test.TestZ3" time="0.0">
    <skipped/>
  </testcase>
  <testcase name="testAndornot2()" classname="de.uka.ilkd.key.smt.test.TestZ3" time="0.0">
    <skipped/>
  </testcase>
  <testcase name="testDiv1()" classname="de.uka.ilkd.key.smt.test.TestZ3" time="0.001">
    <skipped/>
  </testcase>
  <testcase name="testDiv3()" classname="de.uka.ilkd.key.smt.test.TestZ3" time="0.0">
    <skipped/>
  </testcase>
  <testcase name="testDiv5()" classname="de.uka.ilkd.key.smt.test.TestZ3" time="0.001">
    <skipped/>
  </testcase>
  <testcase name="testDiv6()" classname="de.uka.ilkd.key.smt.test.TestZ3" time="0.0">
    <skipped/>
  </testcase>
  <system-out><![CDATA[]]></system-out>
  <system-err><![CDATA[]]></system-err>
</testsuite>
