<?xml version="1.0" encoding="UTF-8"?>
<testsuite name="de.uka.ilkd.key.proof.io.TestZipProofSaving" tests="1" skipped="0" failures="0" errors="0" timestamp="2023-03-04T13:30:46" hostname="fv-az446-547" time="6.816">
  <properties/>
  <testcase name="testZip()" classname="de.uka.ilkd.key.proof.io.TestZipProofSaving" time="6.816"/>
  <system-out><![CDATA[]]></system-out>
  <system-err><![CDATA[]]></system-err>
</testsuite>
