<?xml version="1.0" encoding="UTF-8"?>
<testsuite name="de.uka.ilkd.key.parser.TestTacletParser" tests="20" skipped="0" failures="0" errors="0" timestamp="2023-04-19T12:52:53" hostname="fv-az1233-226" time="0.165">
  <properties/>
  <testcase name="testAllRight()" classname="de.uka.ilkd.key.parser.TestTacletParser" time="0.012"/>
  <testcase name="testSchemaJava0()" classname="de.uka.ilkd.key.parser.TestTacletParser" time="0.002"/>
  <testcase name="testSchemaJava1()" classname="de.uka.ilkd.key.parser.TestTacletParser" time="0.031"/>
  <testcase name="testSchemaJava2()" classname="de.uka.ilkd.key.parser.TestTacletParser" time="0.014"/>
  <testcase name="testSchemaJava4()" classname="de.uka.ilkd.key.parser.TestTacletParser" time="0.008"/>
  <testcase name="testSchemaJava6()" classname="de.uka.ilkd.key.parser.TestTacletParser" time="0.006"/>
  <testcase name="testSchemaJava8()" classname="de.uka.ilkd.key.parser.TestTacletParser" time="0.003"/>
  <testcase name="testCut()" classname="de.uka.ilkd.key.parser.TestTacletParser" time="0.002"/>
  <testcase name="testMakeInsertEq()" classname="de.uka.ilkd.key.parser.TestTacletParser" time="0.009"/>
  <testcase name="testAllLeft()" classname="de.uka.ilkd.key.parser.TestTacletParser" time="0.007"/>
  <testcase name="testClose()" classname="de.uka.ilkd.key.parser.TestTacletParser" time="0.003"/>
  <testcase name="testSchemaJava10()" classname="de.uka.ilkd.key.parser.TestTacletParser" time="0.004"/>
  <testcase name="testSchemaJava11()" classname="de.uka.ilkd.key.parser.TestTacletParser" time="0.012"/>
  <testcase name="testFIdempotent()" classname="de.uka.ilkd.key.parser.TestTacletParser" time="0.004"/>
  <testcase name="testImpRight()" classname="de.uka.ilkd.key.parser.TestTacletParser" time="0.002"/>
  <testcase name="testVarcondNew()" classname="de.uka.ilkd.key.parser.TestTacletParser" time="0.005"/>
  <testcase name="testFreeReplacewithVariables()" classname="de.uka.ilkd.key.parser.TestTacletParser" time="0.011"/>
  <testcase name="testImpLeft()" classname="de.uka.ilkd.key.parser.TestTacletParser" time="0.004"/>
  <testcase name="testContraposition()" classname="de.uka.ilkd.key.parser.TestTacletParser" time="0.009"/>
  <testcase name="testExConjSplit()" classname="de.uka.ilkd.key.parser.TestTacletParser" time="0.006"/>
  <system-out><![CDATA[302907     INFO  Test worker     d.u.i.k.n.KeyIO           Parsing took 0 ms 
302907     INFO  Test worker     d.u.i.k.n.KeyIO           MODE: declarations took 0 ms 
302918     INFO  Test worker     d.u.i.k.n.KeyIO           Parsing took 0 ms 
302918     INFO  Test worker     d.u.i.k.n.KeyIO           MODE: declarations took 0 ms 
302919     INFO  Test worker     d.u.i.k.n.KeyIO           Parsing took 0 ms 
302919     INFO  Test worker     d.u.i.k.n.KeyIO           MODE: declarations took 0 ms 
302920     INFO  Test worker     d.u.i.k.n.KeyIO           Parsing took 0 ms 
302920     INFO  Test worker     d.u.i.k.n.KeyIO           MODE: declarations took 0 ms 
302921     INFO  Test worker     d.u.i.k.n.KeyIO           Parsing took 0 ms 
302922     INFO  Test worker     d.u.i.k.n.KeyIO           MODE: declarations took 1 ms 
302922     WARN  Test worker     d.u.i.k.n.KeYParser       [syntax-error] <unknown>:2:21: extraneous input '<' expecting {MODALITY, FORALL, EXISTS, '\if', '\ifEx', 'true', 'false', '(', ')', '{', '@', NOT, '-', STRING_LITERAL, CHAR_LITERAL, BIN_LITERAL, HEX_LITERAL, IDENT, INT_LITERAL, FLOAT_LITERAL, DOUBLE_LITERAL, REAL_LITERAL} [@12,22:22='<',<173>,2:21] (argument_list, call, accessterm, primitive_term, primitive_labeled_term, bracket_term, atom_prefix, strong_arith_term_2, strong_arith_term_1, weak_arith_term, comparison_term, equality_term, term60, conjunction_term, disjunction_term, implication_term, equivalence_term, elementary_update_term, parallel_term, term, taclet, rulesOrAxioms, decls, file) 
302937     WARN  Test worker     d.u.i.k.n.KeYParser       [syntax-error] <unknown>:2:23: no viable alternative at input '{..' [@14,24:25='..',<144>,2:23] (atom_prefix, strong_arith_term_2, strong_arith_term_1, weak_arith_term, comparison_term, equality_term, term60, conjunction_term, disjunction_term, implication_term, equivalence_term, elementary_update_term, parallel_term, term, argument_list, call, accessterm, primitive_term, primitive_labeled_term, bracket_term, atom_prefix, strong_arith_term_2, strong_arith_term_1, weak_arith_term, comparison_term, equality_term, term60, conjunction_term, disjunction_term, implication_term, equivalence_term, elementary_update_term, parallel_term, term, taclet, rulesOrAxioms, decls, file) 
302937     WARN  Test worker     d.u.i.k.n.KeYParser       [syntax-error] <unknown>:2:33: mismatched input ';' expecting {',', ')'} [@21,34:34=';',<138>,2:33] (argument_list, call, accessterm, primitive_term, primitive_labeled_term, bracket_term, atom_prefix, strong_arith_term_2, strong_arith_term_1, weak_arith_term, comparison_term, equality_term, term60, conjunction_term, disjunction_term, implication_term, equivalence_term, elementary_update_term, parallel_term, term, taclet, rulesOrAxioms, decls, file) 
302938     WARN  Test worker     d.u.i.k.n.KeYParser       [syntax-error] <unknown>:2:41: no viable alternative at input '#i;' [@26,42:42=';',<138>,2:41] (option_list, taclet, rulesOrAxioms, decls, file) 
302942     WARN  Test worker     d.u.i.k.n.KeYParser       [syntax-error] <unknown>:2:43: mismatched input '<' expecting {'(', '{'} [@28,44:44='<',<173>,2:43] (taclet, rulesOrAxioms, decls, file) 
302946     WARN  Test worker     d.u.i.k.n.KeYParser       [syntax-error] <unknown>:2:47: mismatched input '+' expecting {'(', '{'} [@32,48:48='+',<167>,2:47] (taclet, rulesOrAxioms, decls, file) 
302951     WARN  Test worker     d.u.i.k.n.KeYParser       [syntax-error] <unknown>:2:52: extraneous input '..' expecting {'\lemma', '}', IDENT, '/*!'} [@37,53:54='..',<144>,2:52] (rulesOrAxioms, decls, file) 
302952     WARN  Test worker     d.u.i.k.n.KeYParser       [syntax-error] <unknown>:2:56: mismatched input '>' expecting {<EOF>, '\problem', '\chooseContract', '\proofObligation', '\proof'} [@40,57:57='>',<168>,2:56] (file) 
302958     INFO  Test worker     d.u.i.k.n.KeyIO           Parsing took 5 ms 
302958     INFO  Test worker     d.u.i.k.n.KeyIO           MODE: declarations took 0 ms 
302959     WARN  Test worker     d.u.i.k.n.KeYParser       [syntax-error] <unknown>:2:21: extraneous input '<' expecting {MODALITY, FORALL, EXISTS, '\if', '\ifEx', 'true', 'false', '(', ')', '{', '@', NOT, '-', STRING_LITERAL, CHAR_LITERAL, BIN_LITERAL, HEX_LITERAL, IDENT, INT_LITERAL, FLOAT_LITERAL, DOUBLE_LITERAL, REAL_LITERAL} [@12,22:22='<',<173>,2:21] (argument_list, call, accessterm, primitive_term, primitive_labeled_term, bracket_term, atom_prefix, strong_arith_term_2, strong_arith_term_1, weak_arith_term, comparison_term, equality_term, term60, conjunction_term, disjunction_term, implication_term, equivalence_term, elementary_update_term, parallel_term, term, taclet, rulesOrAxioms, decls, file) 
302960     WARN  Test worker     d.u.i.k.n.KeYParser       [syntax-error] <unknown>:2:23: no viable alternative at input '{..' [@14,24:25='..',<144>,2:23] (atom_prefix, strong_arith_term_2, strong_arith_term_1, weak_arith_term, comparison_term, equality_term, term60, conjunction_term, disjunction_term, implication_term, equivalence_term, elementary_update_term, parallel_term, term, argument_list, call, accessterm, primitive_term, primitive_labeled_term, bracket_term, atom_prefix, strong_arith_term_2, strong_arith_term_1, weak_arith_term, comparison_term, equality_term, term60, conjunction_term, disjunction_term, implication_term, equivalence_term, elementary_update_term, parallel_term, term, taclet, rulesOrAxioms, decls, file) 
302961     WARN  Test worker     d.u.i.k.n.KeYParser       [syntax-error] <unknown>:2:33: mismatched input ';' expecting {',', ')'} [@21,34:34=';',<138>,2:33] (argument_list, call, accessterm, primitive_term, primitive_labeled_term, bracket_term, atom_prefix, strong_arith_term_2, strong_arith_term_1, weak_arith_term, comparison_term, equality_term, term60, conjunction_term, disjunction_term, implication_term, equivalence_term, elementary_update_term, parallel_term, term, taclet, rulesOrAxioms, decls, file) 
302963     WARN  Test worker     d.u.i.k.n.KeYParser       [syntax-error] <unknown>:2:43: no viable alternative at input '#lab;' [@26,44:44=';',<138>,2:43] (option_list, taclet, rulesOrAxioms, decls, file) 
302964     WARN  Test worker     d.u.i.k.n.KeYParser       [syntax-error] <unknown>:2:45: mismatched input '<' expecting {'(', '{'} [@28,46:46='<',<173>,2:45] (taclet, rulesOrAxioms, decls, file) 
302965     WARN  Test worker     d.u.i.k.n.KeYParser       [syntax-error] <unknown>:2:50: mismatched input '+' expecting {'(', '{'} [@32,51:51='+',<167>,2:50] (taclet, rulesOrAxioms, decls, file) 
302965     WARN  Test worker     d.u.i.k.n.KeYParser       [syntax-error] <unknown>:2:56: extraneous input '..' expecting {'\lemma', '}', IDENT, '/*!'} [@38,57:58='..',<144>,2:56] (rulesOrAxioms, decls, file) 
302965     WARN  Test worker     d.u.i.k.n.KeYParser       [syntax-error] <unknown>:2:60: mismatched input '>' expecting {<EOF>, '\problem', '\chooseContract', '\proofObligation', '\proof'} [@41,61:61='>',<168>,2:60] (file) 
302968     INFO  Test worker     d.u.i.k.n.KeyIO           Parsing took 0 ms 
302968     INFO  Test worker     d.u.i.k.n.KeyIO           MODE: declarations took 0 ms 
302973     INFO  Test worker     d.u.i.k.n.KeyIO           Parsing took 4 ms 
302973     INFO  Test worker     d.u.i.k.n.KeyIO           MODE: declarations took 0 ms 
302979     INFO  Test worker     d.u.i.k.n.KeyIO           Parsing took 1 ms 
302979     INFO  Test worker     d.u.i.k.n.KeyIO           MODE: declarations took 0 ms 
302981     INFO  Test worker     d.u.i.k.n.KeyIO           Parsing took 0 ms 
302983     INFO  Test worker     d.u.i.k.n.KeyIO           MODE: declarations took 0 ms 
302985     INFO  Test worker     d.u.i.k.n.KeyIO           Parsing took 0 ms 
302985     INFO  Test worker     d.u.i.k.n.KeyIO           MODE: declarations took 0 ms 
302986     INFO  Test worker     d.u.i.k.n.KeyIO           Parsing took 0 ms 
302986     INFO  Test worker     d.u.i.k.n.KeyIO           MODE: declarations took 0 ms 
302988     INFO  Test worker     d.u.i.k.n.KeyIO           Parsing took 0 ms 
302988     INFO  Test worker     d.u.i.k.n.KeyIO           MODE: declarations took 0 ms 
302989     INFO  Test worker     d.u.i.k.n.KeyIO           Parsing took 0 ms 
302990     INFO  Test worker     d.u.i.k.n.KeyIO           MODE: declarations took 0 ms 
302991     INFO  Test worker     d.u.i.k.n.KeyIO           Parsing took 0 ms 
302991     INFO  Test worker     d.u.i.k.n.KeyIO           MODE: declarations took 0 ms 
302992     INFO  Test worker     d.u.i.k.n.KeyIO           Parsing took 0 ms 
302993     INFO  Test worker     d.u.i.k.n.KeyIO           MODE: declarations took 0 ms 
303002     INFO  Test worker     d.u.i.k.n.KeyIO           Parsing took 0 ms 
303004     INFO  Test worker     d.u.i.k.n.KeyIO           MODE: declarations took 0 ms 
303005     INFO  Test worker     d.u.i.k.n.KeyIO           Parsing took 0 ms 
303006     INFO  Test worker     d.u.i.k.n.KeyIO           MODE: declarations took 0 ms 
303007     INFO  Test worker     d.u.i.k.n.KeyIO           Parsing took 0 ms 
303008     INFO  Test worker     d.u.i.k.n.KeyIO           MODE: declarations took 0 ms 
303009     INFO  Test worker     d.u.i.k.n.KeyIO           Parsing took 0 ms 
303009     INFO  Test worker     d.u.i.k.n.KeyIO           MODE: declarations took 0 ms 
303010     INFO  Test worker     d.u.i.k.n.KeyIO           Parsing took 0 ms 
303011     INFO  Test worker     d.u.i.k.n.KeyIO           MODE: declarations took 0 ms 
303012     INFO  Test worker     d.u.i.k.n.KeyIO           Parsing took 0 ms 
303013     INFO  Test worker     d.u.i.k.n.KeyIO           MODE: declarations took 0 ms 
303015     INFO  Test worker     d.u.i.k.n.KeyIO           Parsing took 0 ms 
303015     INFO  Test worker     d.u.i.k.n.KeyIO           MODE: declarations took 0 ms 
303020     INFO  Test worker     d.u.i.k.n.KeyIO           Parsing took 4 ms 
303021     INFO  Test worker     d.u.i.k.n.KeyIO           MODE: declarations took 0 ms 
303027     INFO  Test worker     d.u.i.k.n.KeyIO           Parsing took 0 ms 
303028     INFO  Test worker     d.u.i.k.n.KeyIO           MODE: declarations took 0 ms 
303030     INFO  Test worker     d.u.i.k.n.KeyIO           Parsing took 0 ms 
303030     INFO  Test worker     d.u.i.k.n.KeyIO           MODE: declarations took 0 ms 
303032     INFO  Test worker     d.u.i.k.n.KeyIO           Parsing took 0 ms 
303032     INFO  Test worker     d.u.i.k.n.KeyIO           MODE: declarations took 0 ms 
303033     INFO  Test worker     d.u.i.k.n.KeyIO           Parsing took 0 ms 
303034     INFO  Test worker     d.u.i.k.n.KeyIO           MODE: declarations took 1 ms 
303036     INFO  Test worker     d.u.i.k.n.KeyIO           Parsing took 1 ms 
303036     INFO  Test worker     d.u.i.k.n.KeyIO           MODE: declarations took 0 ms 
303037     INFO  Test worker     d.u.i.k.n.KeyIO           Parsing took 0 ms 
303037     INFO  Test worker     d.u.i.k.n.KeyIO           MODE: declarations took 0 ms 
303038     INFO  Test worker     d.u.i.k.n.KeyIO           Parsing took 0 ms 
303039     INFO  Test worker     d.u.i.k.n.KeyIO           MODE: declarations took 0 ms 
303042     INFO  Test worker     d.u.i.k.n.KeyIO           Parsing took 0 ms 
303047     INFO  Test worker     d.u.i.k.n.KeyIO           MODE: declarations took 4 ms 
303048     INFO  Test worker     d.u.i.k.n.KeyIO           Parsing took 0 ms 
303049     INFO  Test worker     d.u.i.k.n.KeyIO           MODE: declarations took 0 ms 
303052     INFO  Test worker     d.u.i.k.n.KeyIO           Parsing took 0 ms 
303054     INFO  Test worker     d.u.i.k.n.KeyIO           MODE: declarations took 0 ms 
303055     INFO  Test worker     d.u.i.k.n.KeyIO           Parsing took 0 ms 
303055     INFO  Test worker     d.u.i.k.n.KeyIO           MODE: declarations took 0 ms 
303057     INFO  Test worker     d.u.i.k.n.KeyIO           Parsing took 0 ms 
303058     INFO  Test worker     d.u.i.k.n.KeyIO           MODE: declarations took 0 ms 
303062     INFO  Test worker     d.u.i.k.n.KeyIO           Parsing took 0 ms 
303065     INFO  Test worker     d.u.i.k.n.KeyIO           MODE: declarations took 0 ms 
303067     INFO  Test worker     d.u.i.k.n.KeyIO           Parsing took 0 ms 
303067     INFO  Test worker     d.u.i.k.n.KeyIO           MODE: declarations took 0 ms 
303068     INFO  Test worker     d.u.i.k.n.KeyIO           Parsing took 0 ms 
303069     INFO  Test worker     d.u.i.k.n.KeyIO           MODE: declarations took 0 ms 
]]></system-out>
  <system-err><![CDATA[]]></system-err>
</testsuite>
