<?xml version="1.0" encoding="UTF-8"?>
<testsuite name="de.uka.ilkd.key.parser.TestTermParser" tests="47" skipped="4" failures="0" errors="0" timestamp="2023-04-19T12:52:53" hostname="fv-az1233-226" time="2.962">
  <properties/>
  <testcase name="testNotEqual()" classname="de.uka.ilkd.key.parser.TestTermParser" time="0.002"/>
  <testcase name="testProgramVariables()" classname="de.uka.ilkd.key.parser.TestTermParser" time="0.044"/>
  <testcase name="testAttributeWithSpecifiedSortOnObject()" classname="de.uka.ilkd.key.parser.TestTermParser" time="0.005"/>
  <testcase name="testCast()" classname="de.uka.ilkd.key.parser.TestTermParser" time="0.002"/>
  <testcase name="testJavaQueryAndAttribute_all()" classname="de.uka.ilkd.key.parser.TestTermParser" time="0.0">
    <skipped/>
  </testcase>
  <testcase name="test10()" classname="de.uka.ilkd.key.parser.TestTermParser" time="0.003"/>
  <testcase name="test11()" classname="de.uka.ilkd.key.parser.TestTermParser" time="0.003"/>
  <testcase name="test12()" classname="de.uka.ilkd.key.parser.TestTermParser" time="0.0">
    <skipped/>
  </testcase>
  <testcase name="test13()" classname="de.uka.ilkd.key.parser.TestTermParser" time="0.005"/>
  <testcase name="test14()" classname="de.uka.ilkd.key.parser.TestTermParser" time="0.002"/>
  <testcase name="test1a()" classname="de.uka.ilkd.key.parser.TestTermParser" time="0.002"/>
  <testcase name="testJavaAttributeAccess_4()" classname="de.uka.ilkd.key.parser.TestTermParser" time="0.003"/>
  <testcase name="testAttributeOnObject()" classname="de.uka.ilkd.key.parser.TestTermParser" time="0.002"/>
  <testcase name="testNegativeLiteralParsing1()" classname="de.uka.ilkd.key.parser.TestTermParser" time="0.001"/>
  <testcase name="testNegativeLiteralParsing2()" classname="de.uka.ilkd.key.parser.TestTermParser" time="0.0"/>
  <testcase name="testNegativeLiteralParsing3()" classname="de.uka.ilkd.key.parser.TestTermParser" time="0.002"/>
  <testcase name="xtestParsingArrayWithSpaces()" classname="de.uka.ilkd.key.parser.TestTermParser" time="0.0">
    <skipped/>
  </testcase>
  <testcase name="testAmbigiousFuncVarPred()" classname="de.uka.ilkd.key.parser.TestTermParser" time="0.0"/>
  <testcase name="test1()" classname="de.uka.ilkd.key.parser.TestTermParser" time="0.002"/>
  <testcase name="test2()" classname="de.uka.ilkd.key.parser.TestTermParser" time="0.002"/>
  <testcase name="test3()" classname="de.uka.ilkd.key.parser.TestTermParser" time="0.001"/>
  <testcase name="test5()" classname="de.uka.ilkd.key.parser.TestTermParser" time="0.001"/>
  <testcase name="test6()" classname="de.uka.ilkd.key.parser.TestTermParser" time="0.002"/>
  <testcase name="test7()" classname="de.uka.ilkd.key.parser.TestTermParser" time="0.004"/>
  <testcase name="test8()" classname="de.uka.ilkd.key.parser.TestTermParser" time="0.003"/>
  <testcase name="test9()" classname="de.uka.ilkd.key.parser.TestTermParser" time="0.002"/>
  <testcase name="testBindingUpdateTerm()" classname="de.uka.ilkd.key.parser.TestTermParser" time="0.002"/>
  <testcase name="testJavaStaticQuery()" classname="de.uka.ilkd.key.parser.TestTermParser" time="0.002"/>
  <testcase name="testInfix1()" classname="de.uka.ilkd.key.parser.TestTermParser" time="0.002"/>
  <testcase name="testInfix2()" classname="de.uka.ilkd.key.parser.TestTermParser" time="0.002"/>
  <testcase name="testInfix3()" classname="de.uka.ilkd.key.parser.TestTermParser" time="0.003"/>
  <testcase name="testInfix4()" classname="de.uka.ilkd.key.parser.TestTermParser" time="0.002"/>
  <testcase name="testIfThenElse()" classname="de.uka.ilkd.key.parser.TestTermParser" time="0.002"/>
  <testcase name="testJavaAttributeAccessBoth_1()" classname="de.uka.ilkd.key.parser.TestTermParser" time="0.002"/>
  <testcase name="testJavaAttributeAccessBoth_2()" classname="de.uka.ilkd.key.parser.TestTermParser" time="0.003"/>
  <testcase name="testJavaAttributeAccessBoth_3()" classname="de.uka.ilkd.key.parser.TestTermParser" time="0.003"/>
  <testcase name="testBindingUpdateTerm_1()" classname="de.uka.ilkd.key.parser.TestTermParser" time="0.002"/>
  <testcase name="testBindingUpdateTerm_3()" classname="de.uka.ilkd.key.parser.TestTermParser" time="0.004"/>
  <testcase name="testBindingUpdateTerm_4()" classname="de.uka.ilkd.key.parser.TestTermParser" time="0.001"/>
  <testcase name="testBindingUpdateTerm_5()" classname="de.uka.ilkd.key.parser.TestTermParser" time="0.002"/>
  <testcase name="testBindingUpdateTerm_6()" classname="de.uka.ilkd.key.parser.TestTermParser" time="0.001"/>
  <testcase name="testBindingUpdateTerm_7()" classname="de.uka.ilkd.key.parser.TestTermParser" time="0.002"/>
  <testcase name="testBindingUpdateTerm_8()" classname="de.uka.ilkd.key.parser.TestTermParser" time="0.001"/>
  <testcase name="testParsingArray()" classname="de.uka.ilkd.key.parser.TestTermParser" time="0.003"/>
  <testcase name="xtestBindingUpdateTermOldBindingAlternative()" classname="de.uka.ilkd.key.parser.TestTermParser" time="0.0">
    <skipped/>
  </testcase>
  <testcase name="testJavaStaticQueryWithParameter()" classname="de.uka.ilkd.key.parser.TestTermParser" time="0.003"/>
  <testcase name="testParsingArrayCombination()" classname="de.uka.ilkd.key.parser.TestTermParser" time="0.004"/>
  <system-out><![CDATA[303140     INFO  Test worker     d.u.i.k.n.KeyIO           Parsing took 0 ms 
303141     INFO  Test worker     d.u.i.k.n.KeyIO           MODE: declarations took 0 ms 
303142     WARN  Test worker     d.u.i.k.j.r.KeYCrossReferenceNameInfo Datatype T declared twice: Once in UNKNOWN:unknown and once in UNKNOWN:unknown, Keeping one from UNKNOWN:unknown 
303202     INFO  Test worker     d.u.i.k.n.KeyIO           Parsing took 0 ms 
303203     INFO  Test worker     d.u.i.k.n.KeyIO           MODE: declarations took 0 ms 
303247     WARN  Test worker     d.u.i.k.j.r.KeYCrossReferenceNameInfo Datatype T declared twice: Once in UNKNOWN:unknown and once in UNKNOWN:unknown, Keeping one from UNKNOWN:unknown 
303303     INFO  Test worker     d.u.i.k.n.KeyIO           Parsing took 0 ms 
303304     INFO  Test worker     d.u.i.k.n.KeyIO           MODE: declarations took 0 ms 
303308     WARN  Test worker     d.u.i.k.j.r.KeYCrossReferenceNameInfo Datatype T declared twice: Once in UNKNOWN:unknown and once in UNKNOWN:unknown, Keeping one from UNKNOWN:unknown 
303364     INFO  Test worker     d.u.i.k.n.KeyIO           Parsing took 1 ms 
303364     INFO  Test worker     d.u.i.k.n.KeyIO           MODE: declarations took 0 ms 
303366     WARN  Test worker     d.u.i.k.j.r.KeYCrossReferenceNameInfo Datatype T declared twice: Once in UNKNOWN:unknown and once in UNKNOWN:unknown, Keeping one from UNKNOWN:unknown 
303423     WARN  Test worker     d.u.i.k.j.r.KeYCrossReferenceNameInfo Datatype T declared twice: Once in UNKNOWN:unknown and once in UNKNOWN:unknown, Keeping one from UNKNOWN:unknown 
303486     INFO  Test worker     d.u.i.k.n.KeyIO           Parsing took 1 ms 
303486     INFO  Test worker     d.u.i.k.n.KeyIO           MODE: declarations took 0 ms 
303487     INFO  Test worker     d.u.i.k.p.TestTermParser  Out: \<{
  int x = 1;
  {
    int s = 2;
  }
}\> (equals(x,x)) 
303488     WARN  Test worker     d.u.i.k.j.r.KeYCrossReferenceNameInfo Datatype T declared twice: Once in UNKNOWN:unknown and once in UNKNOWN:unknown, Keeping one from UNKNOWN:unknown 
303545     INFO  Test worker     d.u.i.k.n.KeyIO           Parsing took 0 ms 
303545     INFO  Test worker     d.u.i.k.n.KeyIO           MODE: declarations took 0 ms 
303547     INFO  Test worker     d.u.i.k.p.TestTermParser  Out: \[{
  int x = 2;
  {
    String s = ""}";
  }
}\] (true) 
303548     WARN  Test worker     d.u.i.k.j.r.KeYCrossReferenceNameInfo Datatype T declared twice: Once in UNKNOWN:unknown and once in UNKNOWN:unknown, Keeping one from UNKNOWN:unknown 
303610     WARN  Test worker     d.u.i.k.j.r.KeYCrossReferenceNameInfo Datatype T declared twice: Once in UNKNOWN:unknown and once in UNKNOWN:unknown, Keeping one from UNKNOWN:unknown 
303668     INFO  Test worker     d.u.i.k.n.KeyIO           Parsing took 0 ms 
303669     INFO  Test worker     d.u.i.k.n.KeyIO           MODE: declarations took 1 ms 
303674     WARN  Test worker     d.u.i.k.j.r.KeYCrossReferenceNameInfo Datatype T declared twice: Once in UNKNOWN:unknown and once in UNKNOWN:unknown, Keeping one from UNKNOWN:unknown 
303734     INFO  Test worker     d.u.i.k.n.KeyIO           Parsing took 1 ms 
303734     INFO  Test worker     d.u.i.k.n.KeyIO           MODE: declarations took 0 ms 
303735     INFO  Test worker     d.u.i.k.p.TestTermParser  Out: \<{
  int[] i;
}\> (diamond(true)) 
303736     WARN  Test worker     d.u.i.k.j.r.KeYCrossReferenceNameInfo Datatype T declared twice: Once in UNKNOWN:unknown and once in UNKNOWN:unknown, Keeping one from UNKNOWN:unknown 
303797     INFO  Test worker     d.u.i.k.n.KeyIO           Parsing took 0 ms 
303797     INFO  Test worker     d.u.i.k.n.KeyIO           MODE: declarations took 0 ms 
303799     WARN  Test worker     d.u.i.k.j.r.KeYCrossReferenceNameInfo Datatype T declared twice: Once in UNKNOWN:unknown and once in UNKNOWN:unknown, Keeping one from UNKNOWN:unknown 
303909     INFO  Test worker     d.u.i.k.n.KeyIO           Parsing took 0 ms 
303909     INFO  Test worker     d.u.i.k.n.KeyIO           MODE: declarations took 0 ms 
303912     WARN  Test worker     d.u.i.k.j.r.KeYCrossReferenceNameInfo Datatype T declared twice: Once in UNKNOWN:unknown and once in UNKNOWN:unknown, Keeping one from UNKNOWN:unknown 
303970     INFO  Test worker     d.u.i.k.n.KeyIO           Parsing took 0 ms 
303970     INFO  Test worker     d.u.i.k.n.KeyIO           MODE: declarations took 0 ms 
303972     WARN  Test worker     d.u.i.k.j.r.KeYCrossReferenceNameInfo Datatype T declared twice: Once in UNKNOWN:unknown and once in UNKNOWN:unknown, Keeping one from UNKNOWN:unknown 
304029     INFO  Test worker     d.u.i.k.n.KeyIO           Parsing took 0 ms 
304029     INFO  Test worker     d.u.i.k.n.KeyIO           MODE: declarations took 0 ms 
304030     WARN  Test worker     d.u.i.k.j.r.KeYCrossReferenceNameInfo Datatype T declared twice: Once in UNKNOWN:unknown and once in UNKNOWN:unknown, Keeping one from UNKNOWN:unknown 
304085     INFO  Test worker     d.u.i.k.n.KeyIO           Parsing took 0 ms 
304086     INFO  Test worker     d.u.i.k.n.KeyIO           MODE: declarations took 0 ms 
304087     WARN  Test worker     d.u.i.k.j.r.KeYCrossReferenceNameInfo Datatype T declared twice: Once in UNKNOWN:unknown and once in UNKNOWN:unknown, Keeping one from UNKNOWN:unknown 
304144     INFO  Test worker     d.u.i.k.n.KeyIO           Parsing took 0 ms 
304145     INFO  Test worker     d.u.i.k.n.KeyIO           MODE: declarations took 1 ms 
304146     WARN  Test worker     d.u.i.k.j.r.KeYCrossReferenceNameInfo Datatype T declared twice: Once in UNKNOWN:unknown and once in UNKNOWN:unknown, Keeping one from UNKNOWN:unknown 
304202     WARN  Test worker     d.u.i.k.j.r.KeYCrossReferenceNameInfo Datatype T declared twice: Once in UNKNOWN:unknown and once in UNKNOWN:unknown, Keeping one from UNKNOWN:unknown 
304260     INFO  Test worker     d.u.i.k.n.KeyIO           Parsing took 1 ms 
304260     INFO  Test worker     d.u.i.k.n.KeyIO           MODE: declarations took 0 ms 
304260     WARN  Test worker     d.u.i.k.j.r.KeYCrossReferenceNameInfo Datatype T declared twice: Once in UNKNOWN:unknown and once in UNKNOWN:unknown, Keeping one from UNKNOWN:unknown 
304316     INFO  Test worker     d.u.i.k.n.KeyIO           Parsing took 1 ms 
304316     INFO  Test worker     d.u.i.k.n.KeyIO           MODE: declarations took 0 ms 
304317     WARN  Test worker     d.u.i.k.j.r.KeYCrossReferenceNameInfo Datatype T declared twice: Once in UNKNOWN:unknown and once in UNKNOWN:unknown, Keeping one from UNKNOWN:unknown 
304374     INFO  Test worker     d.u.i.k.n.KeyIO           Parsing took 0 ms 
304374     INFO  Test worker     d.u.i.k.n.KeyIO           MODE: declarations took 0 ms 
304375     WARN  Test worker     d.u.i.k.j.r.KeYCrossReferenceNameInfo Datatype T declared twice: Once in UNKNOWN:unknown and once in UNKNOWN:unknown, Keeping one from UNKNOWN:unknown 
304439     INFO  Test worker     d.u.i.k.n.KeyIO           Parsing took 0 ms 
304439     INFO  Test worker     d.u.i.k.n.KeyIO           MODE: declarations took 0 ms 
304440     WARN  Test worker     d.u.i.k.j.r.KeYCrossReferenceNameInfo Datatype T declared twice: Once in UNKNOWN:unknown and once in UNKNOWN:unknown, Keeping one from UNKNOWN:unknown 
304507     INFO  Test worker     d.u.i.k.n.KeyIO           Parsing took 0 ms 
304507     INFO  Test worker     d.u.i.k.n.KeyIO           MODE: declarations took 0 ms 
304508     WARN  Test worker     d.u.i.k.j.r.KeYCrossReferenceNameInfo Datatype T declared twice: Once in UNKNOWN:unknown and once in UNKNOWN:unknown, Keeping one from UNKNOWN:unknown 
304586     INFO  Test worker     d.u.i.k.n.KeyIO           Parsing took 0 ms 
304586     INFO  Test worker     d.u.i.k.n.KeyIO           MODE: declarations took 0 ms 
304588     WARN  Test worker     d.u.i.k.j.r.KeYCrossReferenceNameInfo Datatype T declared twice: Once in UNKNOWN:unknown and once in UNKNOWN:unknown, Keeping one from UNKNOWN:unknown 
304678     INFO  Test worker     d.u.i.k.n.KeyIO           Parsing took 0 ms 
304678     INFO  Test worker     d.u.i.k.n.KeyIO           MODE: declarations took 0 ms 
304682     WARN  Test worker     d.u.i.k.j.r.KeYCrossReferenceNameInfo Datatype T declared twice: Once in UNKNOWN:unknown and once in UNKNOWN:unknown, Keeping one from UNKNOWN:unknown 
304748     INFO  Test worker     d.u.i.k.n.KeyIO           Parsing took 0 ms 
304748     INFO  Test worker     d.u.i.k.n.KeyIO           MODE: declarations took 0 ms 
304750     WARN  Test worker     d.u.i.k.j.r.KeYCrossReferenceNameInfo Datatype T declared twice: Once in UNKNOWN:unknown and once in UNKNOWN:unknown, Keeping one from UNKNOWN:unknown 
304810     INFO  Test worker     d.u.i.k.n.KeyIO           Parsing took 0 ms 
304810     INFO  Test worker     d.u.i.k.n.KeyIO           MODE: declarations took 0 ms 
304812     WARN  Test worker     d.u.i.k.j.r.KeYCrossReferenceNameInfo Datatype T declared twice: Once in UNKNOWN:unknown and once in UNKNOWN:unknown, Keeping one from UNKNOWN:unknown 
304871     INFO  Test worker     d.u.i.k.n.KeyIO           Parsing took 0 ms 
304871     INFO  Test worker     d.u.i.k.n.KeyIO           MODE: declarations took 0 ms 
304873     WARN  Test worker     d.u.i.k.j.r.KeYCrossReferenceNameInfo Datatype T declared twice: Once in UNKNOWN:unknown and once in UNKNOWN:unknown, Keeping one from UNKNOWN:unknown 
304930     INFO  Test worker     d.u.i.k.n.KeyIO           Parsing took 0 ms 
304931     INFO  Test worker     d.u.i.k.n.KeyIO           MODE: declarations took 0 ms 
304933     WARN  Test worker     d.u.i.k.j.r.KeYCrossReferenceNameInfo Datatype T declared twice: Once in UNKNOWN:unknown and once in UNKNOWN:unknown, Keeping one from UNKNOWN:unknown 
304992     INFO  Test worker     d.u.i.k.n.KeyIO           Parsing took 1 ms 
304992     INFO  Test worker     d.u.i.k.n.KeyIO           MODE: declarations took 0 ms 
304994     WARN  Test worker     d.u.i.k.j.r.KeYCrossReferenceNameInfo Datatype T declared twice: Once in UNKNOWN:unknown and once in UNKNOWN:unknown, Keeping one from UNKNOWN:unknown 
305052     INFO  Test worker     d.u.i.k.n.KeyIO           Parsing took 1 ms 
305052     INFO  Test worker     d.u.i.k.n.KeyIO           MODE: declarations took 0 ms 
305053     WARN  Test worker     d.u.i.k.j.r.KeYCrossReferenceNameInfo Datatype T declared twice: Once in UNKNOWN:unknown and once in UNKNOWN:unknown, Keeping one from UNKNOWN:unknown 
305111     INFO  Test worker     d.u.i.k.n.KeyIO           Parsing took 0 ms 
305112     INFO  Test worker     d.u.i.k.n.KeyIO           MODE: declarations took 0 ms 
305114     WARN  Test worker     d.u.i.k.j.r.KeYCrossReferenceNameInfo Datatype T declared twice: Once in UNKNOWN:unknown and once in UNKNOWN:unknown, Keeping one from UNKNOWN:unknown 
305171     INFO  Test worker     d.u.i.k.n.KeyIO           Parsing took 0 ms 
305171     INFO  Test worker     d.u.i.k.n.KeyIO           MODE: declarations took 0 ms 
305173     WARN  Test worker     d.u.i.k.j.r.KeYCrossReferenceNameInfo Datatype T declared twice: Once in UNKNOWN:unknown and once in UNKNOWN:unknown, Keeping one from UNKNOWN:unknown 
305236     INFO  Test worker     d.u.i.k.n.KeyIO           Parsing took 0 ms 
305236     INFO  Test worker     d.u.i.k.n.KeyIO           MODE: declarations took 0 ms 
305238     WARN  Test worker     d.u.i.k.j.r.KeYCrossReferenceNameInfo Datatype T declared twice: Once in UNKNOWN:unknown and once in UNKNOWN:unknown, Keeping one from UNKNOWN:unknown 
305298     INFO  Test worker     d.u.i.k.n.KeyIO           Parsing took 0 ms 
305298     INFO  Test worker     d.u.i.k.n.KeyIO           MODE: declarations took 0 ms 
305300     WARN  Test worker     d.u.i.k.j.r.KeYCrossReferenceNameInfo Datatype T declared twice: Once in UNKNOWN:unknown and once in UNKNOWN:unknown, Keeping one from UNKNOWN:unknown 
305362     INFO  Test worker     d.u.i.k.n.KeyIO           Parsing took 1 ms 
305362     INFO  Test worker     d.u.i.k.n.KeyIO           MODE: declarations took 0 ms 
305365     WARN  Test worker     d.u.i.k.j.r.KeYCrossReferenceNameInfo Datatype T declared twice: Once in UNKNOWN:unknown and once in UNKNOWN:unknown, Keeping one from UNKNOWN:unknown 
305425     INFO  Test worker     d.u.i.k.n.KeyIO           Parsing took 0 ms 
305426     INFO  Test worker     d.u.i.k.n.KeyIO           MODE: declarations took 1 ms 
305428     WARN  Test worker     d.u.i.k.j.r.KeYCrossReferenceNameInfo Datatype T declared twice: Once in UNKNOWN:unknown and once in UNKNOWN:unknown, Keeping one from UNKNOWN:unknown 
305488     INFO  Test worker     d.u.i.k.n.KeyIO           Parsing took 0 ms 
305488     INFO  Test worker     d.u.i.k.n.KeyIO           MODE: declarations took 0 ms 
305490     WARN  Test worker     d.u.i.k.j.r.KeYCrossReferenceNameInfo Datatype T declared twice: Once in UNKNOWN:unknown and once in UNKNOWN:unknown, Keeping one from UNKNOWN:unknown 
305549     INFO  Test worker     d.u.i.k.n.KeyIO           Parsing took 0 ms 
305549     INFO  Test worker     d.u.i.k.n.KeyIO           MODE: declarations took 0 ms 
305553     WARN  Test worker     d.u.i.k.j.r.KeYCrossReferenceNameInfo Datatype T declared twice: Once in UNKNOWN:unknown and once in UNKNOWN:unknown, Keeping one from UNKNOWN:unknown 
305611     INFO  Test worker     d.u.i.k.n.KeyIO           Parsing took 0 ms 
305611     INFO  Test worker     d.u.i.k.n.KeyIO           MODE: declarations took 0 ms 
305612     WARN  Test worker     d.u.i.k.j.r.KeYCrossReferenceNameInfo Datatype T declared twice: Once in UNKNOWN:unknown and once in UNKNOWN:unknown, Keeping one from UNKNOWN:unknown 
305668     INFO  Test worker     d.u.i.k.n.KeyIO           Parsing took 0 ms 
305668     INFO  Test worker     d.u.i.k.n.KeyIO           MODE: declarations took 0 ms 
305670     WARN  Test worker     d.u.i.k.j.r.KeYCrossReferenceNameInfo Datatype T declared twice: Once in UNKNOWN:unknown and once in UNKNOWN:unknown, Keeping one from UNKNOWN:unknown 
305728     INFO  Test worker     d.u.i.k.n.KeyIO           Parsing took 1 ms 
305728     INFO  Test worker     d.u.i.k.n.KeyIO           MODE: declarations took 0 ms 
305729     WARN  Test worker     d.u.i.k.j.r.KeYCrossReferenceNameInfo Datatype T declared twice: Once in UNKNOWN:unknown and once in UNKNOWN:unknown, Keeping one from UNKNOWN:unknown 
305791     INFO  Test worker     d.u.i.k.n.KeyIO           Parsing took 0 ms 
305791     INFO  Test worker     d.u.i.k.n.KeyIO           MODE: declarations took 0 ms 
305792     WARN  Test worker     d.u.i.k.j.r.KeYCrossReferenceNameInfo Datatype T declared twice: Once in UNKNOWN:unknown and once in UNKNOWN:unknown, Keeping one from UNKNOWN:unknown 
305855     INFO  Test worker     d.u.i.k.n.KeyIO           Parsing took 0 ms 
305856     INFO  Test worker     d.u.i.k.n.KeyIO           MODE: declarations took 0 ms 
305857     WARN  Test worker     d.u.i.k.j.r.KeYCrossReferenceNameInfo Datatype T declared twice: Once in UNKNOWN:unknown and once in UNKNOWN:unknown, Keeping one from UNKNOWN:unknown 
305914     INFO  Test worker     d.u.i.k.n.KeyIO           Parsing took 0 ms 
305914     INFO  Test worker     d.u.i.k.n.KeyIO           MODE: declarations took 0 ms 
305917     WARN  Test worker     d.u.i.k.j.r.KeYCrossReferenceNameInfo Datatype T declared twice: Once in UNKNOWN:unknown and once in UNKNOWN:unknown, Keeping one from UNKNOWN:unknown 
305975     WARN  Test worker     d.u.i.k.j.r.KeYCrossReferenceNameInfo Datatype T declared twice: Once in UNKNOWN:unknown and once in UNKNOWN:unknown, Keeping one from UNKNOWN:unknown 
306033     INFO  Test worker     d.u.i.k.n.KeyIO           Parsing took 0 ms 
306033     INFO  Test worker     d.u.i.k.n.KeyIO           MODE: declarations took 0 ms 
306037     WARN  Test worker     d.u.i.k.j.r.KeYCrossReferenceNameInfo Datatype T declared twice: Once in UNKNOWN:unknown and once in UNKNOWN:unknown, Keeping one from UNKNOWN:unknown 
306098     INFO  Test worker     d.u.i.k.n.KeyIO           Parsing took 0 ms 
306098     INFO  Test worker     d.u.i.k.n.KeyIO           MODE: declarations took 0 ms 
]]></system-out>
  <system-err><![CDATA[]]></system-err>
</testsuite>
