<?xml version="1.0" encoding="UTF-8"?>
<testsuite name="de.uka.ilkd.key.smt.newsmt2.MasterHandlerTest" tests="48" skipped="24" failures="0" errors="0" timestamp="2023-04-19T12:58:15" hostname="fv-az1233-226" time="69.68">
  <properties/>
  <testcase name="[1] ite1.props" classname="de.uka.ilkd.key.smt.newsmt2.MasterHandlerTest" time="0.001">
    <skipped/>
  </testcase>
  <testcase name="[2] bool1.props" classname="de.uka.ilkd.key.smt.newsmt2.MasterHandlerTest" time="0.0">
    <skipped/>
  </testcase>
  <testcase name="[3] float2.props" classname="de.uka.ilkd.key.smt.newsmt2.MasterHandlerTest" time="0.001">
    <skipped/>
  </testcase>
  <testcase name="[4] bool2.props" classname="de.uka.ilkd.key.smt.newsmt2.MasterHandlerTest" time="0.0">
    <skipped/>
  </testcase>
  <testcase name="[5] ex1.props" classname="de.uka.ilkd.key.smt.newsmt2.MasterHandlerTest" time="0.0">
    <skipped/>
  </testcase>
  <testcase name="[6] upd2.props" classname="de.uka.ilkd.key.smt.newsmt2.MasterHandlerTest" time="0.0">
    <skipped/>
  </testcase>
  <testcase name="[7] uninterpreted1.props" classname="de.uka.ilkd.key.smt.newsmt2.MasterHandlerTest" time="0.0">
    <skipped/>
  </testcase>
  <testcase name="[8] upd1.props" classname="de.uka.ilkd.key.smt.newsmt2.MasterHandlerTest" time="0.0">
    <skipped/>
  </testcase>
  <testcase name="[9] float1.props" classname="de.uka.ilkd.key.smt.newsmt2.MasterHandlerTest" time="0.0">
    <skipped/>
  </testcase>
  <testcase name="[10] heap1.props" classname="de.uka.ilkd.key.smt.newsmt2.MasterHandlerTest" time="0.0">
    <skipped/>
  </testcase>
  <testcase name="[11] float.sqrt2.props" classname="de.uka.ilkd.key.smt.newsmt2.MasterHandlerTest" time="0.0">
    <skipped/>
  </testcase>
  <testcase name="[12] float.sinDouble.props" classname="de.uka.ilkd.key.smt.newsmt2.MasterHandlerTest" time="0.0">
    <skipped/>
  </testcase>
  <testcase name="[13] cast3.props" classname="de.uka.ilkd.key.smt.newsmt2.MasterHandlerTest" time="0.0">
    <skipped/>
  </testcase>
  <testcase name="[14] float.sqrt1.props" classname="de.uka.ilkd.key.smt.newsmt2.MasterHandlerTest" time="0.0">
    <skipped/>
  </testcase>
  <testcase name="[15] int1.props" classname="de.uka.ilkd.key.smt.newsmt2.MasterHandlerTest" time="0.0">
    <skipped/>
  </testcase>
  <testcase name="[16] quant2.props" classname="de.uka.ilkd.key.smt.newsmt2.MasterHandlerTest" time="0.001">
    <skipped/>
  </testcase>
  <testcase name="[17] float.eq.props" classname="de.uka.ilkd.key.smt.newsmt2.MasterHandlerTest" time="0.0">
    <skipped/>
  </testcase>
  <testcase name="[18] bool3.props" classname="de.uka.ilkd.key.smt.newsmt2.MasterHandlerTest" time="0.001">
    <skipped/>
  </testcase>
  <testcase name="[19] types1.props" classname="de.uka.ilkd.key.smt.newsmt2.MasterHandlerTest" time="0.0">
    <skipped/>
  </testcase>
  <testcase name="[20] cast1.props" classname="de.uka.ilkd.key.smt.newsmt2.MasterHandlerTest" time="0.0">
    <skipped/>
  </testcase>
  <testcase name="[21] quant1.props" classname="de.uka.ilkd.key.smt.newsmt2.MasterHandlerTest" time="0.0">
    <skipped/>
  </testcase>
  <testcase name="[22] cast2.props" classname="de.uka.ilkd.key.smt.newsmt2.MasterHandlerTest" time="0.0">
    <skipped/>
  </testcase>
  <testcase name="[23] ex2.props" classname="de.uka.ilkd.key.smt.newsmt2.MasterHandlerTest" time="0.0">
    <skipped/>
  </testcase>
  <testcase name="[24] types2.props" classname="de.uka.ilkd.key.smt.newsmt2.MasterHandlerTest" time="0.0">
    <skipped/>
  </testcase>
  <testcase name="[1] ite1.props" classname="de.uka.ilkd.key.smt.newsmt2.MasterHandlerTest" time="0.001"/>
  <testcase name="[2] bool1.props" classname="de.uka.ilkd.key.smt.newsmt2.MasterHandlerTest" time="0.0"/>
  <testcase name="[3] float2.props" classname="de.uka.ilkd.key.smt.newsmt2.MasterHandlerTest" time="0.0"/>
  <testcase name="[4] bool2.props" classname="de.uka.ilkd.key.smt.newsmt2.MasterHandlerTest" time="0.001"/>
  <testcase name="[5] ex1.props" classname="de.uka.ilkd.key.smt.newsmt2.MasterHandlerTest" time="0.0"/>
  <testcase name="[6] upd2.props" classname="de.uka.ilkd.key.smt.newsmt2.MasterHandlerTest" time="0.0"/>
  <testcase name="[7] uninterpreted1.props" classname="de.uka.ilkd.key.smt.newsmt2.MasterHandlerTest" time="0.001"/>
  <testcase name="[8] upd1.props" classname="de.uka.ilkd.key.smt.newsmt2.MasterHandlerTest" time="0.0"/>
  <testcase name="[9] float1.props" classname="de.uka.ilkd.key.smt.newsmt2.MasterHandlerTest" time="0.0"/>
  <testcase name="[10] heap1.props" classname="de.uka.ilkd.key.smt.newsmt2.MasterHandlerTest" time="0.001"/>
  <testcase name="[11] float.sqrt2.props" classname="de.uka.ilkd.key.smt.newsmt2.MasterHandlerTest" time="0.001"/>
  <testcase name="[12] float.sinDouble.props" classname="de.uka.ilkd.key.smt.newsmt2.MasterHandlerTest" time="0.0"/>
  <testcase name="[13] cast3.props" classname="de.uka.ilkd.key.smt.newsmt2.MasterHandlerTest" time="0.001"/>
  <testcase name="[14] float.sqrt1.props" classname="de.uka.ilkd.key.smt.newsmt2.MasterHandlerTest" time="0.001"/>
  <testcase name="[15] int1.props" classname="de.uka.ilkd.key.smt.newsmt2.MasterHandlerTest" time="0.0"/>
  <testcase name="[16] quant2.props" classname="de.uka.ilkd.key.smt.newsmt2.MasterHandlerTest" time="0.0"/>
  <testcase name="[17] float.eq.props" classname="de.uka.ilkd.key.smt.newsmt2.MasterHandlerTest" time="0.001"/>
  <testcase name="[18] bool3.props" classname="de.uka.ilkd.key.smt.newsmt2.MasterHandlerTest" time="0.0"/>
  <testcase name="[19] types1.props" classname="de.uka.ilkd.key.smt.newsmt2.MasterHandlerTest" time="0.0"/>
  <testcase name="[20] cast1.props" classname="de.uka.ilkd.key.smt.newsmt2.MasterHandlerTest" time="0.001"/>
  <testcase name="[21] quant1.props" classname="de.uka.ilkd.key.smt.newsmt2.MasterHandlerTest" time="0.0"/>
  <testcase name="[22] cast2.props" classname="de.uka.ilkd.key.smt.newsmt2.MasterHandlerTest" time="0.001"/>
  <testcase name="[23] ex2.props" classname="de.uka.ilkd.key.smt.newsmt2.MasterHandlerTest" time="0.0"/>
  <testcase name="[24] types2.props" classname="de.uka.ilkd.key.smt.newsmt2.MasterHandlerTest" time="0.0"/>
  <system-out><![CDATA[563853     INFO  Test worker     d.u.i.k.s.n.MasterHandlerTest Test case has been marked ignore 
566838     INFO  Test worker     d.u.i.k.s.n.MasterHandlerTest Test case has been marked ignore 
607368     INFO  Test worker     d.u.i.k.s.n.MasterHandlerTest Test case has been marked ignore 
613231     INFO  Test worker     d.u.i.k.s.n.MasterHandlerTest Test case has been marked ignore 
633682     INFO  Test worker     d.u.i.k.s.n.MasterHandlerTest Test case has been marked ignore 
636560     INFO  Test worker     d.u.i.k.s.n.MasterHandlerTest Test case has been marked ignore 
677300     INFO  Test worker     d.u.i.k.s.n.MasterHandlerTest Test case has been marked ignore 
683022     INFO  Test worker     d.u.i.k.s.n.MasterHandlerTest Test case has been marked ignore 
694652     INFO  Test worker     d.u.i.k.s.n.MasterHandlerTest SMT2 for ite1.props  saved in: /tmp/SMT_key_ite1.props9760827563531319019.smt2 
694653     INFO  Test worker     d.u.i.k.s.n.MasterHandlerTest SMT2 for bool1.props  saved in: /tmp/SMT_key_bool1.props17259139711409578367.smt2 
694654     INFO  Test worker     d.u.i.k.s.n.MasterHandlerTest SMT2 for float2.props  saved in: /tmp/SMT_key_float2.props6384547773688503730.smt2 
694654     INFO  Test worker     d.u.i.k.s.n.MasterHandlerTest SMT2 for bool2.props  saved in: /tmp/SMT_key_bool2.props10406569286411826717.smt2 
694655     INFO  Test worker     d.u.i.k.s.n.MasterHandlerTest SMT2 for ex1.props  saved in: /tmp/SMT_key_ex1.props4632038492273608638.smt2 
694656     INFO  Test worker     d.u.i.k.s.n.MasterHandlerTest SMT2 for upd2.props  saved in: /tmp/SMT_key_upd2.props8074246406626274600.smt2 
694656     INFO  Test worker     d.u.i.k.s.n.MasterHandlerTest SMT2 for uninterpreted1.props  saved in: /tmp/SMT_key_uninterpreted1.props4793003487047804881.smt2 
694657     INFO  Test worker     d.u.i.k.s.n.MasterHandlerTest SMT2 for upd1.props  saved in: /tmp/SMT_key_upd1.props12133718730176590712.smt2 
694658     INFO  Test worker     d.u.i.k.s.n.MasterHandlerTest SMT2 for float1.props  saved in: /tmp/SMT_key_float1.props3524518933345614247.smt2 
694658     INFO  Test worker     d.u.i.k.s.n.MasterHandlerTest SMT2 for heap1.props  saved in: /tmp/SMT_key_heap1.props13456981660186269604.smt2 
694659     INFO  Test worker     d.u.i.k.s.n.MasterHandlerTest SMT2 for float.sqrt2.props  saved in: /tmp/SMT_key_float.sqrt2.props9616399450753033306.smt2 
694660     INFO  Test worker     d.u.i.k.s.n.MasterHandlerTest SMT2 for float.sinDouble.props  saved in: /tmp/SMT_key_float.sinDouble.props9287400293180871531.smt2 
694660     INFO  Test worker     d.u.i.k.s.n.MasterHandlerTest SMT2 for cast3.props  saved in: /tmp/SMT_key_cast3.props11022720054869510826.smt2 
694661     INFO  Test worker     d.u.i.k.s.n.MasterHandlerTest SMT2 for float.sqrt1.props  saved in: /tmp/SMT_key_float.sqrt1.props8929133535670184276.smt2 
694662     INFO  Test worker     d.u.i.k.s.n.MasterHandlerTest SMT2 for int1.props  saved in: /tmp/SMT_key_int1.props15047514013764410880.smt2 
694663     INFO  Test worker     d.u.i.k.s.n.MasterHandlerTest SMT2 for quant2.props  saved in: /tmp/SMT_key_quant2.props15453742375715246085.smt2 
694663     INFO  Test worker     d.u.i.k.s.n.MasterHandlerTest SMT2 for float.eq.props  saved in: /tmp/SMT_key_float.eq.props17097088873582455752.smt2 
694664     INFO  Test worker     d.u.i.k.s.n.MasterHandlerTest SMT2 for bool3.props  saved in: /tmp/SMT_key_bool3.props9304100386650272990.smt2 
694665     INFO  Test worker     d.u.i.k.s.n.MasterHandlerTest SMT2 for types1.props  saved in: /tmp/SMT_key_types1.props470621571836582907.smt2 
694665     INFO  Test worker     d.u.i.k.s.n.MasterHandlerTest SMT2 for cast1.props  saved in: /tmp/SMT_key_cast1.props435965130237444215.smt2 
694666     INFO  Test worker     d.u.i.k.s.n.MasterHandlerTest SMT2 for quant1.props  saved in: /tmp/SMT_key_quant1.props13346511949866985895.smt2 
694666     INFO  Test worker     d.u.i.k.s.n.MasterHandlerTest SMT2 for cast2.props  saved in: /tmp/SMT_key_cast2.props8829814012613088658.smt2 
694667     INFO  Test worker     d.u.i.k.s.n.MasterHandlerTest SMT2 for ex2.props  saved in: /tmp/SMT_key_ex2.props4474680027984237269.smt2 
694668     INFO  Test worker     d.u.i.k.s.n.MasterHandlerTest SMT2 for types2.props  saved in: /tmp/SMT_key_types2.props11341547783891260124.smt2 
]]></system-out>
  <system-err><![CDATA[]]></system-err>
</testsuite>
