<?xml version="1.0" encoding="UTF-8"?>
<testsuite name="de.uka.ilkd.key.proof.replay.TestCopyingReplayer" tests="1" skipped="0" failures="0" errors="0" timestamp="2023-04-19T12:55:19" hostname="fv-az1233-226" time="8.487">
  <properties/>
  <testcase name="testJavaProof()" classname="de.uka.ilkd.key.proof.replay.TestCopyingReplayer" time="8.487"/>
  <system-out><![CDATA[]]></system-out>
  <system-err><![CDATA[]]></system-err>
</testsuite>
