<?xml version="1.0" encoding="UTF-8"?>
<testsuite name="de.uka.ilkd.key.parser.TestDeclParser" tests="14" skipped="2" failures="0" errors="0" timestamp="2023-04-19T12:51:22" hostname="fv-az1233-226" time="11.361">
  <properties/>
  <testcase name="testGenericSortDecl1()" classname="de.uka.ilkd.key.parser.TestDeclParser" time="1.083"/>
  <testcase name="testGenericSortDecl2()" classname="de.uka.ilkd.key.parser.TestDeclParser" time="0.959"/>
  <testcase name="testGenericSortDecl3()" classname="de.uka.ilkd.key.parser.TestDeclParser" time="0.9"/>
  <testcase name="testGenericSortDecl4()" classname="de.uka.ilkd.key.parser.TestDeclParser" time="0.935"/>
  <testcase name="testGenericSortDecl5()" classname="de.uka.ilkd.key.parser.TestDeclParser" time="0.0">
    <skipped/>
  </testcase>
  <testcase name="testGenericSortDecl6()" classname="de.uka.ilkd.key.parser.TestDeclParser" time="0.933"/>
  <testcase name="testSortDecl()" classname="de.uka.ilkd.key.parser.TestDeclParser" time="0.97"/>
  <testcase name="testProxySortDecl()" classname="de.uka.ilkd.key.parser.TestDeclParser" time="0.879"/>
  <testcase name="testArrayDecl()" classname="de.uka.ilkd.key.parser.TestDeclParser" time="0.942"/>
  <testcase name="testAmbiguousDecls()" classname="de.uka.ilkd.key.parser.TestDeclParser" time="0.0">
    <skipped/>
  </testcase>
  <testcase name="testHeurDecl()" classname="de.uka.ilkd.key.parser.TestDeclParser" time="0.907"/>
  <testcase name="testFunctionDecl()" classname="de.uka.ilkd.key.parser.TestDeclParser" time="0.936"/>
  <testcase name="testPredicateDecl()" classname="de.uka.ilkd.key.parser.TestDeclParser" time="0.967"/>
  <testcase name="testSVDecl()" classname="de.uka.ilkd.key.parser.TestDeclParser" time="0.945"/>
  <system-out><![CDATA[212813     INFO  Test worker     d.u.i.k.n.KeyIO           Parsing took 0 ms 
212814     INFO  Test worker     d.u.i.k.n.KeyIO           MODE: declarations took 1 ms 
213773     INFO  Test worker     d.u.i.k.n.KeyIO           Parsing took 1 ms 
213773     INFO  Test worker     d.u.i.k.n.KeyIO           MODE: declarations took 0 ms 
214673     INFO  Test worker     d.u.i.k.n.KeyIO           Parsing took 0 ms 
214674     INFO  Test worker     d.u.i.k.n.KeyIO           MODE: declarations took 1 ms 
215609     INFO  Test worker     d.u.i.k.n.KeyIO           Parsing took 0 ms 
215609     INFO  Test worker     d.u.i.k.n.KeyIO           MODE: declarations took 0 ms 
216543     INFO  Test worker     d.u.i.k.n.KeyIO           Parsing took 0 ms 
216543     INFO  Test worker     d.u.i.k.n.KeyIO           MODE: declarations took 0 ms 
217514     INFO  Test worker     d.u.i.k.n.KeyIO           Parsing took 0 ms 
217514     INFO  Test worker     d.u.i.k.n.KeyIO           MODE: declarations took 0 ms 
218394     INFO  Test worker     d.u.i.k.n.KeyIO           Parsing took 0 ms 
218394     INFO  Test worker     d.u.i.k.n.KeyIO           MODE: declarations took 0 ms 
219336     INFO  Test worker     d.u.i.k.n.KeyIO           Parsing took 0 ms 
219336     INFO  Test worker     d.u.i.k.n.KeyIO           MODE: declarations took 0 ms 
220244     INFO  Test worker     d.u.i.k.n.KeyIO           Parsing took 0 ms 
220244     INFO  Test worker     d.u.i.k.n.KeyIO           MODE: declarations took 0 ms 
221179     INFO  Test worker     d.u.i.k.n.KeyIO           Parsing took 0 ms 
221180     INFO  Test worker     d.u.i.k.n.KeyIO           MODE: declarations took 0 ms 
222147     INFO  Test worker     d.u.i.k.n.KeyIO           Parsing took 0 ms 
222147     INFO  Test worker     d.u.i.k.n.KeyIO           MODE: declarations took 0 ms 
223092     INFO  Test worker     d.u.i.k.n.KeyIO           Parsing took 0 ms 
223092     INFO  Test worker     d.u.i.k.n.KeyIO           MODE: declarations took 0 ms 
]]></system-out>
  <system-err><![CDATA[]]></system-err>
</testsuite>
