<?xml version="1.0" encoding="UTF-8"?>
<testsuite name="de.uka.ilkd.key.logic.TestClashFreeSubst" tests="14" skipped="2" failures="0" errors="0" timestamp="2023-04-19T12:48:27" hostname="fv-az1233-226" time="49.27">
  <properties/>
  <testcase name="testMultiShareBound()" classname="de.uka.ilkd.key.logic.TestClashFreeSubst" time="1.018"/>
  <testcase name="testClash()" classname="de.uka.ilkd.key.logic.TestClashFreeSubst" time="0.948"/>
  <testcase name="testShare()" classname="de.uka.ilkd.key.logic.TestClashFreeSubst" time="0.91"/>
  <testcase name="testSubst()" classname="de.uka.ilkd.key.logic.TestClashFreeSubst" time="0.868"/>
  <testcase name="testWary0()" classname="de.uka.ilkd.key.logic.TestClashFreeSubst" time="0.9"/>
  <testcase name="testWary1()" classname="de.uka.ilkd.key.logic.TestClashFreeSubst" time="0.961"/>
  <testcase name="testWary2()" classname="de.uka.ilkd.key.logic.TestClashFreeSubst" time="0.91"/>
  <testcase name="testClashInSubstTerm()" classname="de.uka.ilkd.key.logic.TestClashFreeSubst" time="0.892"/>
  <testcase name="testShareWary()" classname="de.uka.ilkd.key.logic.TestClashFreeSubst" time="0.882"/>
  <testcase name="testMultiSubst()" classname="de.uka.ilkd.key.logic.TestClashFreeSubst" time="0.893"/>
  <testcase name="xtestMultiClash()" classname="de.uka.ilkd.key.logic.TestClashFreeSubst" time="0.0">
    <skipped/>
  </testcase>
  <testcase name="testSubstInSubstTerm()" classname="de.uka.ilkd.key.logic.TestClashFreeSubst" time="0.87"/>
  <testcase name="testSubstWary()" classname="de.uka.ilkd.key.logic.TestClashFreeSubst" time="0.896"/>
  <testcase name="xtestMultiClash1()" classname="de.uka.ilkd.key.logic.TestClashFreeSubst" time="0.0">
    <skipped/>
  </testcase>
  <system-out><![CDATA[36651      INFO  Test worker     d.u.i.k.n.KeyIO           Parsing took 1 ms 
36655      INFO  Test worker     d.u.i.k.n.KeyIO           MODE: declarations took 4 ms 
37663      INFO  Test worker     d.u.i.k.n.KeyIO           Parsing took 0 ms 
37664      INFO  Test worker     d.u.i.k.n.KeyIO           MODE: declarations took 1 ms 
40825      INFO  Test worker     d.u.i.k.n.KeyIO           Parsing took 0 ms 
40826      INFO  Test worker     d.u.i.k.n.KeyIO           MODE: declarations took 0 ms 
41765      INFO  Test worker     d.u.i.k.n.KeyIO           Parsing took 0 ms 
41765      INFO  Test worker     d.u.i.k.n.KeyIO           MODE: declarations took 0 ms 
44743      INFO  Test worker     d.u.i.k.n.KeyIO           Parsing took 0 ms 
44744      INFO  Test worker     d.u.i.k.n.KeyIO           MODE: declarations took 1 ms 
45651      INFO  Test worker     d.u.i.k.n.KeyIO           Parsing took 0 ms 
45651      INFO  Test worker     d.u.i.k.n.KeyIO           MODE: declarations took 0 ms 
48583      INFO  Test worker     d.u.i.k.n.KeyIO           Parsing took 0 ms 
48583      INFO  Test worker     d.u.i.k.n.KeyIO           MODE: declarations took 0 ms 
49449      INFO  Test worker     d.u.i.k.n.KeyIO           Parsing took 0 ms 
49450      INFO  Test worker     d.u.i.k.n.KeyIO           MODE: declarations took 1 ms 
52438      INFO  Test worker     d.u.i.k.n.KeyIO           Parsing took 0 ms 
52441      INFO  Test worker     d.u.i.k.n.KeyIO           MODE: declarations took 2 ms 
53334      INFO  Test worker     d.u.i.k.n.KeyIO           Parsing took 0 ms 
53335      INFO  Test worker     d.u.i.k.n.KeyIO           MODE: declarations took 0 ms 
56235      INFO  Test worker     d.u.i.k.n.KeyIO           Parsing took 0 ms 
56236      INFO  Test worker     d.u.i.k.n.KeyIO           MODE: declarations took 0 ms 
57193      INFO  Test worker     d.u.i.k.n.KeyIO           Parsing took 1 ms 
57193      INFO  Test worker     d.u.i.k.n.KeyIO           MODE: declarations took 0 ms 
60099      INFO  Test worker     d.u.i.k.n.KeyIO           Parsing took 0 ms 
60099      INFO  Test worker     d.u.i.k.n.KeyIO           MODE: declarations took 0 ms 
61006      INFO  Test worker     d.u.i.k.n.KeyIO           Parsing took 0 ms 
61006      INFO  Test worker     d.u.i.k.n.KeyIO           MODE: declarations took 0 ms 
63955      INFO  Test worker     d.u.i.k.n.KeyIO           Parsing took 0 ms 
63955      INFO  Test worker     d.u.i.k.n.KeyIO           MODE: declarations took 0 ms 
64845      INFO  Test worker     d.u.i.k.n.KeyIO           Parsing took 0 ms 
64845      INFO  Test worker     d.u.i.k.n.KeyIO           MODE: declarations took 0 ms 
67790      INFO  Test worker     d.u.i.k.n.KeyIO           Parsing took 0 ms 
67791      INFO  Test worker     d.u.i.k.n.KeyIO           MODE: declarations took 0 ms 
68665      INFO  Test worker     d.u.i.k.n.KeyIO           Parsing took 1 ms 
68669      INFO  Test worker     d.u.i.k.n.KeyIO           MODE: declarations took 0 ms 
71524      INFO  Test worker     d.u.i.k.n.KeyIO           Parsing took 0 ms 
71525      INFO  Test worker     d.u.i.k.n.KeyIO           MODE: declarations took 0 ms 
72412      INFO  Test worker     d.u.i.k.n.KeyIO           Parsing took 0 ms 
72414      INFO  Test worker     d.u.i.k.n.KeyIO           MODE: declarations took 0 ms 
78322      INFO  Test worker     d.u.i.k.n.KeyIO           Parsing took 0 ms 
78322      INFO  Test worker     d.u.i.k.n.KeyIO           MODE: declarations took 0 ms 
79187      INFO  Test worker     d.u.i.k.n.KeyIO           Parsing took 0 ms 
79188      INFO  Test worker     d.u.i.k.n.KeyIO           MODE: declarations took 0 ms 
82069      INFO  Test worker     d.u.i.k.n.KeyIO           Parsing took 0 ms 
82069      INFO  Test worker     d.u.i.k.n.KeyIO           MODE: declarations took 0 ms 
82959      INFO  Test worker     d.u.i.k.n.KeyIO           Parsing took 0 ms 
82960      INFO  Test worker     d.u.i.k.n.KeyIO           MODE: declarations took 0 ms 
]]></system-out>
  <system-err><![CDATA[]]></system-err>
</testsuite>
