<?xml version="1.0" encoding="UTF-8"?>
<testsuite name="de.uka.ilkd.key.nparser.ExprTest" tests="23" skipped="0" failures="0" errors="0" timestamp="2023-04-19T12:51:09" hostname="fv-az1233-226" time="2.231">
  <properties/>
  <testcase name="[1] (bprod{int y;}(1, 2, y) = 0)" classname="de.uka.ilkd.key.nparser.ExprTest" time="0.016"/>
  <testcase name="[2] 1 = 1 -&gt; 2 = 2" classname="de.uka.ilkd.key.nparser.ExprTest" time="0.012"/>
  <testcase name="[3] \&lt; { int x = 1; } \&gt; x=1" classname="de.uka.ilkd.key.nparser.ExprTest" time="0.933"/>
  <testcase name="[4] \&lt;{ int x = 1; {int s = 2;} }\&gt; x=x" classname="de.uka.ilkd.key.nparser.ExprTest" time="0.943"/>
  <testcase name="[5] true" classname="de.uka.ilkd.key.nparser.ExprTest" time="0.021"/>
  <testcase name="[6] true &amp; false" classname="de.uka.ilkd.key.nparser.ExprTest" time="0.015"/>
  <testcase name="[7] 0" classname="de.uka.ilkd.key.nparser.ExprTest" time="0.023"/>
  <testcase name="[8] 1" classname="de.uka.ilkd.key.nparser.ExprTest" time="0.014"/>
  <testcase name="[9] 42" classname="de.uka.ilkd.key.nparser.ExprTest" time="0.017"/>
  <testcase name="[10] -5" classname="de.uka.ilkd.key.nparser.ExprTest" time="0.013"/>
  <testcase name="[11] 1 + 1 = 2" classname="de.uka.ilkd.key.nparser.ExprTest" time="0.017"/>
  <testcase name="[12] \if (3=4) \then (1) \else (2)" classname="de.uka.ilkd.key.nparser.ExprTest" time="0.016"/>
  <testcase name="[13] \if (3=4 &amp; 1=1) \then (\if (3=4) \then (1) \else (2)) \else (2)" classname="de.uka.ilkd.key.nparser.ExprTest" time="0.014"/>
  <testcase name="[14] aa + bb*cc" classname="de.uka.ilkd.key.nparser.ExprTest" time="0.016"/>
  <testcase name="[15] aa%bb*cc &lt; -123" classname="de.uka.ilkd.key.nparser.ExprTest" time="0.015"/>
  <testcase name="[16] \forall int x; true" classname="de.uka.ilkd.key.nparser.ExprTest" time="0.014"/>
  <testcase name="[17] \forall numbers x; x = x" classname="de.uka.ilkd.key.nparser.ExprTest" time="0.018"/>
  <testcase name="[18] (int)3+2" classname="de.uka.ilkd.key.nparser.ExprTest" time="0.012"/>
  <testcase name="[19] 1.f + 1f = 20e-1f * (2f-1f)" classname="de.uka.ilkd.key.nparser.ExprTest" time="0.02"/>
  <testcase name="[20] 1.d + 1d &lt;= 20e+1d * .01d" classname="de.uka.ilkd.key.nparser.ExprTest" time="0.012"/>
  <testcase name="[21] 1f &lt;= 2f" classname="de.uka.ilkd.key.nparser.ExprTest" time="0.013"/>
  <testcase name="[22] 2d &gt; 1d" classname="de.uka.ilkd.key.nparser.ExprTest" time="0.012"/>
  <testcase name="[23] seqEmpty + seqEmpty" classname="de.uka.ilkd.key.nparser.ExprTest" time="0.019"/>
  <system-out><![CDATA[198654     INFO  Test worker     d.u.i.k.n.KeyIO           Parsing took 8 ms 
198656     INFO  Test worker     d.u.i.k.n.KeyIO           MODE: declarations took 1 ms 
198659     INFO  Test worker     d.u.i.k.n.ExprTest        Term: equals(bprod{y:int}(Z(1(#)),Z(2(#)),y),Z(0(#))) 
198669     INFO  Test worker     d.u.i.k.n.KeyIO           Parsing took 7 ms 
198670     INFO  Test worker     d.u.i.k.n.KeyIO           MODE: declarations took 1 ms 
198673     INFO  Test worker     d.u.i.k.n.ExprTest        Term: imp(equals(Z(1(#)),Z(1(#))),equals(Z(2(#)),Z(2(#)))) 
198686     INFO  Test worker     d.u.i.k.n.KeyIO           Parsing took 11 ms 
198688     INFO  Test worker     d.u.i.k.n.KeyIO           MODE: declarations took 1 ms 
199605     INFO  Test worker     d.u.i.k.n.ExprTest        Term: \<{
  int x = 1;
}\> (equals(x,Z(1(#)))) 
199617     INFO  Test worker     d.u.i.k.n.KeyIO           Parsing took 7 ms 
199618     INFO  Test worker     d.u.i.k.n.KeyIO           MODE: declarations took 1 ms 
200551     INFO  Test worker     d.u.i.k.n.ExprTest        Term: \<{
  int x = 1;
  {
    int s = 2;
  }
}\> (equals(x,x)) 
200565     INFO  Test worker     d.u.i.k.n.KeyIO           Parsing took 9 ms 
200567     INFO  Test worker     d.u.i.k.n.KeyIO           MODE: declarations took 2 ms 
200571     INFO  Test worker     d.u.i.k.n.ExprTest        Term: true 
200585     INFO  Test worker     d.u.i.k.n.KeyIO           Parsing took 9 ms 
200586     INFO  Test worker     d.u.i.k.n.KeyIO           MODE: declarations took 0 ms 
200589     INFO  Test worker     d.u.i.k.n.ExprTest        Term: and(true,false) 
200604     INFO  Test worker     d.u.i.k.n.KeyIO           Parsing took 10 ms 
200609     INFO  Test worker     d.u.i.k.n.KeyIO           MODE: declarations took 4 ms 
200611     INFO  Test worker     d.u.i.k.n.ExprTest        Term: Z(0(#)) 
200625     INFO  Test worker     d.u.i.k.n.KeyIO           Parsing took 8 ms 
200626     INFO  Test worker     d.u.i.k.n.KeyIO           MODE: declarations took 0 ms 
200629     INFO  Test worker     d.u.i.k.n.ExprTest        Term: Z(1(#)) 
200640     INFO  Test worker     d.u.i.k.n.KeyIO           Parsing took 8 ms 
200645     INFO  Test worker     d.u.i.k.n.KeyIO           MODE: declarations took 1 ms 
200647     INFO  Test worker     d.u.i.k.n.ExprTest        Term: Z(2(4(#))) 
200655     INFO  Test worker     d.u.i.k.n.KeyIO           Parsing took 6 ms 
200656     INFO  Test worker     d.u.i.k.n.KeyIO           MODE: declarations took 0 ms 
200660     INFO  Test worker     d.u.i.k.n.ExprTest        Term: Z(neglit(5(#))) 
200675     INFO  Test worker     d.u.i.k.n.KeyIO           Parsing took 14 ms 
200676     INFO  Test worker     d.u.i.k.n.KeyIO           MODE: declarations took 0 ms 
200678     INFO  Test worker     d.u.i.k.n.ExprTest        Term: equals(add(Z(1(#)),Z(1(#))),Z(2(#))) 
200691     INFO  Test worker     d.u.i.k.n.KeyIO           Parsing took 10 ms 
200691     INFO  Test worker     d.u.i.k.n.KeyIO           MODE: declarations took 0 ms 
200695     INFO  Test worker     d.u.i.k.n.ExprTest        Term: if-then-else(equals(Z(3(#)),Z(4(#))),Z(1(#)),Z(2(#))) 
200706     INFO  Test worker     d.u.i.k.n.KeyIO           Parsing took 9 ms 
200707     INFO  Test worker     d.u.i.k.n.KeyIO           MODE: declarations took 1 ms 
200710     INFO  Test worker     d.u.i.k.n.ExprTest        Term: if-then-else(and(equals(Z(3(#)),Z(4(#))),equals(Z(1(#)),Z(1(#)))),if-then-else(equals(Z(3(#)),Z(4(#))),Z(1(#)),Z(2(#))),Z(2(#))) 
200724     INFO  Test worker     d.u.i.k.n.KeyIO           Parsing took 10 ms 
200725     INFO  Test worker     d.u.i.k.n.KeyIO           MODE: declarations took 1 ms 
200728     INFO  Test worker     d.u.i.k.n.ExprTest        Term: add(aa,mul(bb,cc)) 
200739     INFO  Test worker     d.u.i.k.n.KeyIO           Parsing took 9 ms 
200740     INFO  Test worker     d.u.i.k.n.KeyIO           MODE: declarations took 1 ms 
200742     INFO  Test worker     d.u.i.k.n.ExprTest        Term: lt(mul(mod(aa,bb),cc),Z(neglit(3(2(1(#)))))) 
200754     INFO  Test worker     d.u.i.k.n.KeyIO           Parsing took 9 ms 
200756     INFO  Test worker     d.u.i.k.n.KeyIO           MODE: declarations took 1 ms 
200758     INFO  Test worker     d.u.i.k.n.ExprTest        Term: all{x:int}(true) 
200768     INFO  Test worker     d.u.i.k.n.KeyIO           Parsing took 8 ms 
200768     INFO  Test worker     d.u.i.k.n.KeyIO           MODE: declarations took 0 ms 
200776     INFO  Test worker     d.u.i.k.n.ExprTest        Term: all{x:numbers}(equals(x,x)) 
200788     INFO  Test worker     d.u.i.k.n.KeyIO           Parsing took 8 ms 
200789     INFO  Test worker     d.u.i.k.n.KeyIO           MODE: declarations took 1 ms 
200791     INFO  Test worker     d.u.i.k.n.ExprTest        Term: add(int::cast(Z(3(#))),Z(2(#))) 
200803     INFO  Test worker     d.u.i.k.n.KeyIO           Parsing took 10 ms 
200804     INFO  Test worker     d.u.i.k.n.KeyIO           MODE: declarations took 1 ms 
200806     INFO  Test worker     d.u.i.k.n.ExprTest        Term: equals(addFloat(FP(6(1(2(3(5(3(5(6(0(1(#))))))))))),FP(6(1(2(3(5(3(5(6(0(1(#)))))))))))),mulFloat(FP(4(2(8(1(4(7(3(7(0(1(#))))))))))),subFloat(FP(4(2(8(1(4(7(3(7(0(1(#))))))))))),FP(6(1(2(3(5(3(5(6(0(1(#)))))))))))))) 
200821     INFO  Test worker     d.u.i.k.n.KeyIO           Parsing took 8 ms 
200821     INFO  Test worker     d.u.i.k.n.KeyIO           MODE: declarations took 0 ms 
200824     INFO  Test worker     d.u.i.k.n.ExprTest        Term: leqDouble(addDouble(DFP(8(0(4(7(1(0(0(0(8(8(1(4(2(8(1(7(0(6(4(#)))))))))))))))))))),DFP(8(0(4(7(1(0(0(0(8(8(1(4(2(8(1(7(0(6(4(#))))))))))))))))))))),mulDouble(DFP(4(8(7(6(0(0(2(8(9(0(9(8(0(4(2(1(4(6(4(#)))))))))))))))))))),DFP(5(7(6(7(8(0(4(0(3(9(2(2(8(1(9(6(7(5(4(#)))))))))))))))))))))) 
200837     INFO  Test worker     d.u.i.k.n.KeyIO           Parsing took 8 ms 
200838     INFO  Test worker     d.u.i.k.n.KeyIO           MODE: declarations took 1 ms 
200841     INFO  Test worker     d.u.i.k.n.ExprTest        Term: leqFloat(FP(6(1(2(3(5(3(5(6(0(1(#))))))))))),FP(4(2(8(1(4(7(3(7(0(1(#)))))))))))) 
200850     INFO  Test worker     d.u.i.k.n.KeyIO           Parsing took 7 ms 
200851     INFO  Test worker     d.u.i.k.n.KeyIO           MODE: declarations took 1 ms 
200854     INFO  Test worker     d.u.i.k.n.ExprTest        Term: gtDouble(DFP(4(0(9(7(8(3(7(2(4(8(1(0(6(8(6(1(1(6(4(#)))))))))))))))))))),DFP(8(0(4(7(1(0(0(0(8(8(1(4(2(8(1(7(0(6(4(#))))))))))))))))))))) 
200866     INFO  Test worker     d.u.i.k.n.KeyIO           Parsing took 9 ms 
200869     INFO  Test worker     d.u.i.k.n.KeyIO           MODE: declarations took 3 ms 
200875     INFO  Test worker     d.u.i.k.n.ExprTest        Term: seqConcat(seqEmpty,seqEmpty) 
]]></system-out>
  <system-err><![CDATA[]]></system-err>
</testsuite>
