<?xml version="1.0" encoding="UTF-8"?>
<testsuite name="de.uka.ilkd.key.parser.TestTermParserHeap" tests="39" skipped="0" failures="0" errors="0" timestamp="2023-04-19T12:52:59" hostname="fv-az1233-226" time="111.185">
  <properties/>
  <testcase name="testBracketHeapUpdate()" classname="de.uka.ilkd.key.parser.TestTermParserHeap" time="0.014"/>
  <testcase name="testStore()" classname="de.uka.ilkd.key.parser.TestTermParserHeap" time="0.009"/>
  <testcase name="testUnknownConstant()" classname="de.uka.ilkd.key.parser.TestTermParserHeap" time="0.003"/>
  <testcase name="testAllFieldsSelector()" classname="de.uka.ilkd.key.parser.TestTermParserHeap" time="0.001"/>
  <testcase name="testParsePrettyPrintedSelect()" classname="de.uka.ilkd.key.parser.TestTermParserHeap" time="0.002"/>
  <testcase name="testAccessStaticMembers()" classname="de.uka.ilkd.key.parser.TestTermParserHeap" time="0.003"/>
  <testcase name="testAtOperator_1()" classname="de.uka.ilkd.key.parser.TestTermParserHeap" time="0.001"/>
  <testcase name="testAtOperator_2()" classname="de.uka.ilkd.key.parser.TestTermParserHeap" time="0.001"/>
  <testcase name="testAtOperator_3()" classname="de.uka.ilkd.key.parser.TestTermParserHeap" time="0.012"/>
  <testcase name="testAtOperator_4()" classname="de.uka.ilkd.key.parser.TestTermParserHeap" time="0.007"/>
  <testcase name="testAtOperator_5()" classname="de.uka.ilkd.key.parser.TestTermParserHeap" time="0.002"/>
  <testcase name="testAtOperator_6()" classname="de.uka.ilkd.key.parser.TestTermParserHeap" time="0.002"/>
  <testcase name="testAtOperator_7()" classname="de.uka.ilkd.key.parser.TestTermParserHeap" time="0.003"/>
  <testcase name="testAtOperator_8()" classname="de.uka.ilkd.key.parser.TestTermParserHeap" time="0.003"/>
  <testcase name="testVerifyExceptionIfAtOperatorNotPreceededBySelectTerm()" classname="de.uka.ilkd.key.parser.TestTermParserHeap" time="0.003"/>
  <testcase name="testBugResettingCounter()" classname="de.uka.ilkd.key.parser.TestTermParserHeap" time="0.004"/>
  <testcase name="testLocationSets()" classname="de.uka.ilkd.key.parser.TestTermParserHeap" time="0.004"/>
  <testcase name="testQuantifiedSelect()" classname="de.uka.ilkd.key.parser.TestTermParserHeap" time="0.005"/>
  <testcase name="testGenericObjectProperties()" classname="de.uka.ilkd.key.parser.TestTermParserHeap" time="0.002"/>
  <testcase name="testQueryInheritance_1()" classname="de.uka.ilkd.key.parser.TestTermParserHeap" time="0.015"/>
  <testcase name="testQueryInheritance_2()" classname="de.uka.ilkd.key.parser.TestTermParserHeap" time="0.004"/>
  <testcase name="testQueryInheritance_3()" classname="de.uka.ilkd.key.parser.TestTermParserHeap" time="0.006"/>
  <testcase name="testQueryInheritance_4()" classname="de.uka.ilkd.key.parser.TestTermParserHeap" time="0.001"/>
  <testcase name="testQueryInheritance_5()" classname="de.uka.ilkd.key.parser.TestTermParserHeap" time="0.001"/>
  <testcase name="testQueryInheritance_6()" classname="de.uka.ilkd.key.parser.TestTermParserHeap" time="0.001"/>
  <testcase name="testQueryInheritance_7()" classname="de.uka.ilkd.key.parser.TestTermParserHeap" time="0.004"/>
  <testcase name="testQueryInheritance_8()" classname="de.uka.ilkd.key.parser.TestTermParserHeap" time="0.001"/>
  <testcase name="testQueryInheritance_9()" classname="de.uka.ilkd.key.parser.TestTermParserHeap" time="0.002"/>
  <testcase name="testQueryBasic_10()" classname="de.uka.ilkd.key.parser.TestTermParserHeap" time="0.001"/>
  <testcase name="testQueryBasic_11()" classname="de.uka.ilkd.key.parser.TestTermParserHeap" time="0.002"/>
  <testcase name="testQueryBasic_1()" classname="de.uka.ilkd.key.parser.TestTermParserHeap" time="0.001"/>
  <testcase name="testQueryBasic_2()" classname="de.uka.ilkd.key.parser.TestTermParserHeap" time="0.002"/>
  <testcase name="testQueryBasic_3()" classname="de.uka.ilkd.key.parser.TestTermParserHeap" time="0.001"/>
  <testcase name="testQueryBasic_4()" classname="de.uka.ilkd.key.parser.TestTermParserHeap" time="0.002"/>
  <testcase name="testQueryBasic_5()" classname="de.uka.ilkd.key.parser.TestTermParserHeap" time="0.003"/>
  <testcase name="testQueryBasic_6()" classname="de.uka.ilkd.key.parser.TestTermParserHeap" time="0.002"/>
  <testcase name="testQueryBasic_7()" classname="de.uka.ilkd.key.parser.TestTermParserHeap" time="0.001"/>
  <testcase name="testQueryBasic_8()" classname="de.uka.ilkd.key.parser.TestTermParserHeap" time="0.002"/>
  <testcase name="testQueryBasic_9()" classname="de.uka.ilkd.key.parser.TestTermParserHeap" time="0.001"/>
  <system-out><![CDATA[309168     INFO  Test worker     d.u.i.k.n.KeyIO           Parsing took 0 ms 
309168     INFO  Test worker     d.u.i.k.n.KeyIO           MODE: declarations took 0 ms 
309168     INFO  Test worker     d.u.i.k.n.KeyIO           Parsing took 0 ms 
309168     INFO  Test worker     d.u.i.k.n.KeyIO           MODE: declarations took 0 ms 
309168     INFO  Test worker     d.u.i.k.n.KeyIO           Parsing took 0 ms 
309168     INFO  Test worker     d.u.i.k.n.KeyIO           MODE: declarations took 0 ms 
309168     INFO  Test worker     d.u.i.k.n.KeyIO           Parsing took 0 ms 
309168     INFO  Test worker     d.u.i.k.n.KeyIO           MODE: declarations took 0 ms 
309168     INFO  Test worker     d.u.i.k.n.KeyIO           Parsing took 0 ms 
309168     INFO  Test worker     d.u.i.k.n.KeyIO           MODE: declarations took 0 ms 
312182     INFO  Test worker     d.u.i.k.n.KeyIO           Parsing took 0 ms 
312182     INFO  Test worker     d.u.i.k.n.KeyIO           MODE: declarations took 0 ms 
312182     INFO  Test worker     d.u.i.k.n.KeyIO           Parsing took 0 ms 
312182     INFO  Test worker     d.u.i.k.n.KeyIO           MODE: declarations took 0 ms 
312182     INFO  Test worker     d.u.i.k.n.KeyIO           Parsing took 0 ms 
312182     INFO  Test worker     d.u.i.k.n.KeyIO           MODE: declarations took 0 ms 
312182     INFO  Test worker     d.u.i.k.n.KeyIO           Parsing took 0 ms 
312182     INFO  Test worker     d.u.i.k.n.KeyIO           MODE: declarations took 0 ms 
312182     INFO  Test worker     d.u.i.k.n.KeyIO           Parsing took 0 ms 
312182     INFO  Test worker     d.u.i.k.n.KeyIO           MODE: declarations took 0 ms 
315158     INFO  Test worker     d.u.i.k.n.KeyIO           Parsing took 0 ms 
315158     INFO  Test worker     d.u.i.k.n.KeyIO           MODE: declarations took 0 ms 
315158     INFO  Test worker     d.u.i.k.n.KeyIO           Parsing took 0 ms 
315158     INFO  Test worker     d.u.i.k.n.KeyIO           MODE: declarations took 0 ms 
315158     INFO  Test worker     d.u.i.k.n.KeyIO           Parsing took 0 ms 
315158     INFO  Test worker     d.u.i.k.n.KeyIO           MODE: declarations took 0 ms 
315158     INFO  Test worker     d.u.i.k.n.KeyIO           Parsing took 0 ms 
315159     INFO  Test worker     d.u.i.k.n.KeyIO           MODE: declarations took 0 ms 
315159     INFO  Test worker     d.u.i.k.n.KeyIO           Parsing took 0 ms 
315159     INFO  Test worker     d.u.i.k.n.KeyIO           MODE: declarations took 0 ms 
315159     INFO  Test worker     d.u.i.k.n.KeyIO           Parsing took 0 ms 
315159     INFO  Test worker     d.u.i.k.n.KeyIO           MODE: declarations took 0 ms 
318217     INFO  Test worker     d.u.i.k.n.KeyIO           Parsing took 0 ms 
318217     INFO  Test worker     d.u.i.k.n.KeyIO           MODE: declarations took 0 ms 
318217     INFO  Test worker     d.u.i.k.n.KeyIO           Parsing took 0 ms 
318217     INFO  Test worker     d.u.i.k.n.KeyIO           MODE: declarations took 0 ms 
318217     INFO  Test worker     d.u.i.k.n.KeyIO           Parsing took 0 ms 
318217     INFO  Test worker     d.u.i.k.n.KeyIO           MODE: declarations took 0 ms 
318217     INFO  Test worker     d.u.i.k.n.KeyIO           Parsing took 0 ms 
318217     INFO  Test worker     d.u.i.k.n.KeyIO           MODE: declarations took 0 ms 
318217     INFO  Test worker     d.u.i.k.n.KeyIO           Parsing took 0 ms 
318217     INFO  Test worker     d.u.i.k.n.KeyIO           MODE: declarations took 0 ms 
321254     INFO  Test worker     d.u.i.k.n.KeyIO           Parsing took 0 ms 
321254     INFO  Test worker     d.u.i.k.n.KeyIO           MODE: declarations took 0 ms 
321255     INFO  Test worker     d.u.i.k.n.KeyIO           Parsing took 0 ms 
321255     INFO  Test worker     d.u.i.k.n.KeyIO           MODE: declarations took 0 ms 
321255     INFO  Test worker     d.u.i.k.n.KeyIO           Parsing took 0 ms 
321255     INFO  Test worker     d.u.i.k.n.KeyIO           MODE: declarations took 0 ms 
321255     INFO  Test worker     d.u.i.k.n.KeyIO           Parsing took 0 ms 
321255     INFO  Test worker     d.u.i.k.n.KeyIO           MODE: declarations took 0 ms 
321255     INFO  Test worker     d.u.i.k.n.KeyIO           Parsing took 0 ms 
321255     INFO  Test worker     d.u.i.k.n.KeyIO           MODE: declarations took 0 ms 
324212     INFO  Test worker     d.u.i.k.n.KeyIO           Parsing took 0 ms 
324212     INFO  Test worker     d.u.i.k.n.KeyIO           MODE: declarations took 0 ms 
324212     INFO  Test worker     d.u.i.k.n.KeyIO           Parsing took 0 ms 
324212     INFO  Test worker     d.u.i.k.n.KeyIO           MODE: declarations took 0 ms 
324212     INFO  Test worker     d.u.i.k.n.KeyIO           Parsing took 0 ms 
324212     INFO  Test worker     d.u.i.k.n.KeyIO           MODE: declarations took 0 ms 
324212     INFO  Test worker     d.u.i.k.n.KeyIO           Parsing took 0 ms 
324212     INFO  Test worker     d.u.i.k.n.KeyIO           MODE: declarations took 0 ms 
324212     INFO  Test worker     d.u.i.k.n.KeyIO           Parsing took 0 ms 
324213     INFO  Test worker     d.u.i.k.n.KeyIO           MODE: declarations took 0 ms 
327086     INFO  Test worker     d.u.i.k.n.KeyIO           Parsing took 0 ms 
327086     INFO  Test worker     d.u.i.k.n.KeyIO           MODE: declarations took 0 ms 
327086     INFO  Test worker     d.u.i.k.n.KeyIO           Parsing took 0 ms 
327086     INFO  Test worker     d.u.i.k.n.KeyIO           MODE: declarations took 0 ms 
327086     INFO  Test worker     d.u.i.k.n.KeyIO           Parsing took 0 ms 
327086     INFO  Test worker     d.u.i.k.n.KeyIO           MODE: declarations took 0 ms 
327086     INFO  Test worker     d.u.i.k.n.KeyIO           Parsing took 0 ms 
327086     INFO  Test worker     d.u.i.k.n.KeyIO           MODE: declarations took 0 ms 
327086     INFO  Test worker     d.u.i.k.n.KeyIO           Parsing took 0 ms 
327086     INFO  Test worker     d.u.i.k.n.KeyIO           MODE: declarations took 0 ms 
330012     INFO  Test worker     d.u.i.k.n.KeyIO           Parsing took 0 ms 
330012     INFO  Test worker     d.u.i.k.n.KeyIO           MODE: declarations took 0 ms 
330013     INFO  Test worker     d.u.i.k.n.KeyIO           Parsing took 0 ms 
330013     INFO  Test worker     d.u.i.k.n.KeyIO           MODE: declarations took 0 ms 
330013     INFO  Test worker     d.u.i.k.n.KeyIO           Parsing took 0 ms 
330013     INFO  Test worker     d.u.i.k.n.KeyIO           MODE: declarations took 0 ms 
330013     INFO  Test worker     d.u.i.k.n.KeyIO           Parsing took 0 ms 
330013     INFO  Test worker     d.u.i.k.n.KeyIO           MODE: declarations took 0 ms 
330013     INFO  Test worker     d.u.i.k.n.KeyIO           Parsing took 0 ms 
330013     INFO  Test worker     d.u.i.k.n.KeyIO           MODE: declarations took 0 ms 
332873     INFO  Test worker     d.u.i.k.n.KeyIO           Parsing took 0 ms 
332873     INFO  Test worker     d.u.i.k.n.KeyIO           MODE: declarations took 0 ms 
332873     INFO  Test worker     d.u.i.k.n.KeyIO           Parsing took 0 ms 
332873     INFO  Test worker     d.u.i.k.n.KeyIO           MODE: declarations took 0 ms 
332873     INFO  Test worker     d.u.i.k.n.KeyIO           Parsing took 0 ms 
332875     INFO  Test worker     d.u.i.k.n.KeyIO           MODE: declarations took 0 ms 
332875     INFO  Test worker     d.u.i.k.n.KeyIO           Parsing took 0 ms 
332875     INFO  Test worker     d.u.i.k.n.KeyIO           MODE: declarations took 0 ms 
332876     INFO  Test worker     d.u.i.k.n.KeyIO           Parsing took 0 ms 
332876     INFO  Test worker     d.u.i.k.n.KeyIO           MODE: declarations took 0 ms 
335783     INFO  Test worker     d.u.i.k.n.KeyIO           Parsing took 0 ms 
335784     INFO  Test worker     d.u.i.k.n.KeyIO           MODE: declarations took 0 ms 
335784     INFO  Test worker     d.u.i.k.n.KeyIO           Parsing took 0 ms 
335784     INFO  Test worker     d.u.i.k.n.KeyIO           MODE: declarations took 0 ms 
335785     INFO  Test worker     d.u.i.k.n.KeyIO           Parsing took 0 ms 
335785     INFO  Test worker     d.u.i.k.n.KeyIO           MODE: declarations took 0 ms 
335785     INFO  Test worker     d.u.i.k.n.KeyIO           Parsing took 0 ms 
335786     INFO  Test worker     d.u.i.k.n.KeyIO           MODE: declarations took 1 ms 
335786     INFO  Test worker     d.u.i.k.n.KeyIO           Parsing took 0 ms 
335786     INFO  Test worker     d.u.i.k.n.KeyIO           MODE: declarations took 0 ms 
338746     INFO  Test worker     d.u.i.k.n.KeyIO           Parsing took 0 ms 
338746     INFO  Test worker     d.u.i.k.n.KeyIO           MODE: declarations took 0 ms 
338746     INFO  Test worker     d.u.i.k.n.KeyIO           Parsing took 0 ms 
338746     INFO  Test worker     d.u.i.k.n.KeyIO           MODE: declarations took 0 ms 
338746     INFO  Test worker     d.u.i.k.n.KeyIO           Parsing took 0 ms 
338746     INFO  Test worker     d.u.i.k.n.KeyIO           MODE: declarations took 0 ms 
338746     INFO  Test worker     d.u.i.k.n.KeyIO           Parsing took 0 ms 
338746     INFO  Test worker     d.u.i.k.n.KeyIO           MODE: declarations took 0 ms 
338746     INFO  Test worker     d.u.i.k.n.KeyIO           Parsing took 0 ms 
338747     INFO  Test worker     d.u.i.k.n.KeyIO           MODE: declarations took 0 ms 
341654     INFO  Test worker     d.u.i.k.n.KeyIO           Parsing took 0 ms 
341654     INFO  Test worker     d.u.i.k.n.KeyIO           MODE: declarations took 0 ms 
341654     INFO  Test worker     d.u.i.k.n.KeyIO           Parsing took 0 ms 
341654     INFO  Test worker     d.u.i.k.n.KeyIO           MODE: declarations took 0 ms 
341654     INFO  Test worker     d.u.i.k.n.KeyIO           Parsing took 0 ms 
341654     INFO  Test worker     d.u.i.k.n.KeyIO           MODE: declarations took 0 ms 
341654     INFO  Test worker     d.u.i.k.n.KeyIO           Parsing took 0 ms 
341654     INFO  Test worker     d.u.i.k.n.KeyIO           MODE: declarations took 0 ms 
341654     INFO  Test worker     d.u.i.k.n.KeyIO           Parsing took 0 ms 
341654     INFO  Test worker     d.u.i.k.n.KeyIO           MODE: declarations took 0 ms 
344567     INFO  Test worker     d.u.i.k.n.KeyIO           Parsing took 0 ms 
344567     INFO  Test worker     d.u.i.k.n.KeyIO           MODE: declarations took 0 ms 
344567     INFO  Test worker     d.u.i.k.n.KeyIO           Parsing took 0 ms 
344567     INFO  Test worker     d.u.i.k.n.KeyIO           MODE: declarations took 0 ms 
344568     INFO  Test worker     d.u.i.k.n.KeyIO           Parsing took 1 ms 
344568     INFO  Test worker     d.u.i.k.n.KeyIO           MODE: declarations took 0 ms 
344568     INFO  Test worker     d.u.i.k.n.KeyIO           Parsing took 0 ms 
344568     INFO  Test worker     d.u.i.k.n.KeyIO           MODE: declarations took 0 ms 
344568     INFO  Test worker     d.u.i.k.n.KeyIO           Parsing took 0 ms 
344568     INFO  Test worker     d.u.i.k.n.KeyIO           MODE: declarations took 0 ms 
347481     INFO  Test worker     d.u.i.k.n.KeyIO           Parsing took 0 ms 
347481     INFO  Test worker     d.u.i.k.n.KeyIO           MODE: declarations took 0 ms 
347481     INFO  Test worker     d.u.i.k.n.KeyIO           Parsing took 0 ms 
347481     INFO  Test worker     d.u.i.k.n.KeyIO           MODE: declarations took 0 ms 
347481     INFO  Test worker     d.u.i.k.n.KeyIO           Parsing took 0 ms 
347481     INFO  Test worker     d.u.i.k.n.KeyIO           MODE: declarations took 0 ms 
347481     INFO  Test worker     d.u.i.k.n.KeyIO           Parsing took 0 ms 
347481     INFO  Test worker     d.u.i.k.n.KeyIO           MODE: declarations took 0 ms 
347481     INFO  Test worker     d.u.i.k.n.KeyIO           Parsing took 0 ms 
347481     INFO  Test worker     d.u.i.k.n.KeyIO           MODE: declarations took 0 ms 
350407     INFO  Test worker     d.u.i.k.n.KeyIO           Parsing took 0 ms 
350408     INFO  Test worker     d.u.i.k.n.KeyIO           MODE: declarations took 1 ms 
350408     INFO  Test worker     d.u.i.k.n.KeyIO           Parsing took 0 ms 
350408     INFO  Test worker     d.u.i.k.n.KeyIO           MODE: declarations took 0 ms 
350408     INFO  Test worker     d.u.i.k.n.KeyIO           Parsing took 0 ms 
350408     INFO  Test worker     d.u.i.k.n.KeyIO           MODE: declarations took 0 ms 
350408     INFO  Test worker     d.u.i.k.n.KeyIO           Parsing took 0 ms 
350408     INFO  Test worker     d.u.i.k.n.KeyIO           MODE: declarations took 0 ms 
350408     INFO  Test worker     d.u.i.k.n.KeyIO           Parsing took 0 ms 
350408     INFO  Test worker     d.u.i.k.n.KeyIO           MODE: declarations took 0 ms 
350410     WARN  Test worker     d.u.i.k.n.KeYParser       [syntax-error] <unknown>:1:11: mismatched input '@' expecting {'/', ':=', '.', '(', ')', '{', '[', '@', PARALLEL, OR, AND, IMP, '=', NOT_EQUALS, '%', '*', '-', '+', '>', GREATEREQUAL, '<', LESSEQUAL, LGUILLEMETS, EQV} [@11,11:11='@',<153>,1:11] (termEOF) 
353324     INFO  Test worker     d.u.i.k.n.KeyIO           Parsing took 0 ms 
353325     INFO  Test worker     d.u.i.k.n.KeyIO           MODE: declarations took 0 ms 
353325     INFO  Test worker     d.u.i.k.n.KeyIO           Parsing took 0 ms 
353325     INFO  Test worker     d.u.i.k.n.KeyIO           MODE: declarations took 0 ms 
353325     INFO  Test worker     d.u.i.k.n.KeyIO           Parsing took 0 ms 
353326     INFO  Test worker     d.u.i.k.n.KeyIO           MODE: declarations took 0 ms 
353326     INFO  Test worker     d.u.i.k.n.KeyIO           Parsing took 0 ms 
353326     INFO  Test worker     d.u.i.k.n.KeyIO           MODE: declarations took 0 ms 
353327     INFO  Test worker     d.u.i.k.n.KeyIO           Parsing took 0 ms 
353327     INFO  Test worker     d.u.i.k.n.KeyIO           MODE: declarations took 0 ms 
356240     INFO  Test worker     d.u.i.k.n.KeyIO           Parsing took 1 ms 
356240     INFO  Test worker     d.u.i.k.n.KeyIO           MODE: declarations took 0 ms 
356240     INFO  Test worker     d.u.i.k.n.KeyIO           Parsing took 0 ms 
356240     INFO  Test worker     d.u.i.k.n.KeyIO           MODE: declarations took 0 ms 
356241     INFO  Test worker     d.u.i.k.n.KeyIO           Parsing took 0 ms 
356241     INFO  Test worker     d.u.i.k.n.KeyIO           MODE: declarations took 0 ms 
356241     INFO  Test worker     d.u.i.k.n.KeyIO           Parsing took 0 ms 
356241     INFO  Test worker     d.u.i.k.n.KeyIO           MODE: declarations took 0 ms 
356242     INFO  Test worker     d.u.i.k.n.KeyIO           Parsing took 0 ms 
356242     INFO  Test worker     d.u.i.k.n.KeyIO           MODE: declarations took 0 ms 
359198     INFO  Test worker     d.u.i.k.n.KeyIO           Parsing took 0 ms 
359198     INFO  Test worker     d.u.i.k.n.KeyIO           MODE: declarations took 0 ms 
359199     INFO  Test worker     d.u.i.k.n.KeyIO           Parsing took 1 ms 
359199     INFO  Test worker     d.u.i.k.n.KeyIO           MODE: declarations took 0 ms 
359199     INFO  Test worker     d.u.i.k.n.KeyIO           Parsing took 0 ms 
359199     INFO  Test worker     d.u.i.k.n.KeyIO           MODE: declarations took 0 ms 
359200     INFO  Test worker     d.u.i.k.n.KeyIO           Parsing took 0 ms 
359200     INFO  Test worker     d.u.i.k.n.KeyIO           MODE: declarations took 0 ms 
359200     INFO  Test worker     d.u.i.k.n.KeyIO           Parsing took 0 ms 
359200     INFO  Test worker     d.u.i.k.n.KeyIO           MODE: declarations took 0 ms 
362207     INFO  Test worker     d.u.i.k.n.KeyIO           Parsing took 0 ms 
362207     INFO  Test worker     d.u.i.k.n.KeyIO           MODE: declarations took 0 ms 
362207     INFO  Test worker     d.u.i.k.n.KeyIO           Parsing took 0 ms 
362207     INFO  Test worker     d.u.i.k.n.KeyIO           MODE: declarations took 0 ms 
362207     INFO  Test worker     d.u.i.k.n.KeyIO           Parsing took 0 ms 
362207     INFO  Test worker     d.u.i.k.n.KeyIO           MODE: declarations took 0 ms 
362207     INFO  Test worker     d.u.i.k.n.KeyIO           Parsing took 0 ms 
362208     INFO  Test worker     d.u.i.k.n.KeyIO           MODE: declarations took 1 ms 
362208     INFO  Test worker     d.u.i.k.n.KeyIO           Parsing took 0 ms 
362208     INFO  Test worker     d.u.i.k.n.KeyIO           MODE: declarations took 0 ms 
365189     INFO  Test worker     d.u.i.k.n.KeyIO           Parsing took 0 ms 
365189     INFO  Test worker     d.u.i.k.n.KeyIO           MODE: declarations took 0 ms 
365189     INFO  Test worker     d.u.i.k.n.KeyIO           Parsing took 0 ms 
365189     INFO  Test worker     d.u.i.k.n.KeyIO           MODE: declarations took 0 ms 
365189     INFO  Test worker     d.u.i.k.n.KeyIO           Parsing took 0 ms 
365189     INFO  Test worker     d.u.i.k.n.KeyIO           MODE: declarations took 0 ms 
365189     INFO  Test worker     d.u.i.k.n.KeyIO           Parsing took 0 ms 
365191     INFO  Test worker     d.u.i.k.n.KeyIO           MODE: declarations took 0 ms 
365191     INFO  Test worker     d.u.i.k.n.KeyIO           Parsing took 0 ms 
365201     INFO  Test worker     d.u.i.k.n.KeyIO           MODE: declarations took 0 ms 
368120     INFO  Test worker     d.u.i.k.n.KeyIO           Parsing took 0 ms 
368121     INFO  Test worker     d.u.i.k.n.KeyIO           MODE: declarations took 0 ms 
368121     INFO  Test worker     d.u.i.k.n.KeyIO           Parsing took 0 ms 
368121     INFO  Test worker     d.u.i.k.n.KeyIO           MODE: declarations took 0 ms 
368121     INFO  Test worker     d.u.i.k.n.KeyIO           Parsing took 0 ms 
368122     INFO  Test worker     d.u.i.k.n.KeyIO           MODE: declarations took 0 ms 
368122     INFO  Test worker     d.u.i.k.n.KeyIO           Parsing took 0 ms 
368123     INFO  Test worker     d.u.i.k.n.KeyIO           MODE: declarations took 0 ms 
368123     INFO  Test worker     d.u.i.k.n.KeyIO           Parsing took 0 ms 
368123     INFO  Test worker     d.u.i.k.n.KeyIO           MODE: declarations took 0 ms 
371028     INFO  Test worker     d.u.i.k.n.KeyIO           Parsing took 0 ms 
371029     INFO  Test worker     d.u.i.k.n.KeyIO           MODE: declarations took 0 ms 
371029     INFO  Test worker     d.u.i.k.n.KeyIO           Parsing took 0 ms 
371029     INFO  Test worker     d.u.i.k.n.KeyIO           MODE: declarations took 0 ms 
371030     INFO  Test worker     d.u.i.k.n.KeyIO           Parsing took 0 ms 
371030     INFO  Test worker     d.u.i.k.n.KeyIO           MODE: declarations took 0 ms 
371030     INFO  Test worker     d.u.i.k.n.KeyIO           Parsing took 0 ms 
371030     INFO  Test worker     d.u.i.k.n.KeyIO           MODE: declarations took 0 ms 
371030     INFO  Test worker     d.u.i.k.n.KeyIO           Parsing took 0 ms 
371032     INFO  Test worker     d.u.i.k.n.KeyIO           MODE: declarations took 0 ms 
373872     INFO  Test worker     d.u.i.k.n.KeyIO           Parsing took 0 ms 
373872     INFO  Test worker     d.u.i.k.n.KeyIO           MODE: declarations took 0 ms 
373872     INFO  Test worker     d.u.i.k.n.KeyIO           Parsing took 0 ms 
373872     INFO  Test worker     d.u.i.k.n.KeyIO           MODE: declarations took 0 ms 
373872     INFO  Test worker     d.u.i.k.n.KeyIO           Parsing took 0 ms 
373872     INFO  Test worker     d.u.i.k.n.KeyIO           MODE: declarations took 0 ms 
373872     INFO  Test worker     d.u.i.k.n.KeyIO           Parsing took 0 ms 
373873     INFO  Test worker     d.u.i.k.n.KeyIO           MODE: declarations took 1 ms 
373873     INFO  Test worker     d.u.i.k.n.KeyIO           Parsing took 0 ms 
373873     INFO  Test worker     d.u.i.k.n.KeyIO           MODE: declarations took 0 ms 
376717     INFO  Test worker     d.u.i.k.n.KeyIO           Parsing took 0 ms 
376717     INFO  Test worker     d.u.i.k.n.KeyIO           MODE: declarations took 0 ms 
376717     INFO  Test worker     d.u.i.k.n.KeyIO           Parsing took 0 ms 
376717     INFO  Test worker     d.u.i.k.n.KeyIO           MODE: declarations took 0 ms 
376717     INFO  Test worker     d.u.i.k.n.KeyIO           Parsing took 0 ms 
376717     INFO  Test worker     d.u.i.k.n.KeyIO           MODE: declarations took 0 ms 
376717     INFO  Test worker     d.u.i.k.n.KeyIO           Parsing took 0 ms 
376718     INFO  Test worker     d.u.i.k.n.KeyIO           MODE: declarations took 0 ms 
376718     INFO  Test worker     d.u.i.k.n.KeyIO           Parsing took 0 ms 
376718     INFO  Test worker     d.u.i.k.n.KeyIO           MODE: declarations took 0 ms 
379642     INFO  Test worker     d.u.i.k.n.KeyIO           Parsing took 1 ms 
379642     INFO  Test worker     d.u.i.k.n.KeyIO           MODE: declarations took 0 ms 
379642     INFO  Test worker     d.u.i.k.n.KeyIO           Parsing took 0 ms 
379642     INFO  Test worker     d.u.i.k.n.KeyIO           MODE: declarations took 0 ms 
379642     INFO  Test worker     d.u.i.k.n.KeyIO           Parsing took 0 ms 
379642     INFO  Test worker     d.u.i.k.n.KeyIO           MODE: declarations took 0 ms 
379642     INFO  Test worker     d.u.i.k.n.KeyIO           Parsing took 0 ms 
379642     INFO  Test worker     d.u.i.k.n.KeyIO           MODE: declarations took 0 ms 
379642     INFO  Test worker     d.u.i.k.n.KeyIO           Parsing took 0 ms 
379642     INFO  Test worker     d.u.i.k.n.KeyIO           MODE: declarations took 0 ms 
382560     INFO  Test worker     d.u.i.k.n.KeyIO           Parsing took 0 ms 
382560     INFO  Test worker     d.u.i.k.n.KeyIO           MODE: declarations took 0 ms 
382560     INFO  Test worker     d.u.i.k.n.KeyIO           Parsing took 0 ms 
382561     INFO  Test worker     d.u.i.k.n.KeyIO           MODE: declarations took 0 ms 
382561     INFO  Test worker     d.u.i.k.n.KeyIO           Parsing took 0 ms 
382562     INFO  Test worker     d.u.i.k.n.KeyIO           MODE: declarations took 0 ms 
382562     INFO  Test worker     d.u.i.k.n.KeyIO           Parsing took 0 ms 
382562     INFO  Test worker     d.u.i.k.n.KeyIO           MODE: declarations took 0 ms 
382562     INFO  Test worker     d.u.i.k.n.KeyIO           Parsing took 0 ms 
382563     INFO  Test worker     d.u.i.k.n.KeyIO           MODE: declarations took 0 ms 
385571     INFO  Test worker     d.u.i.k.n.KeyIO           Parsing took 0 ms 
385572     INFO  Test worker     d.u.i.k.n.KeyIO           MODE: declarations took 0 ms 
385572     INFO  Test worker     d.u.i.k.n.KeyIO           Parsing took 0 ms 
385572     INFO  Test worker     d.u.i.k.n.KeyIO           MODE: declarations took 0 ms 
385572     INFO  Test worker     d.u.i.k.n.KeyIO           Parsing took 0 ms 
385572     INFO  Test worker     d.u.i.k.n.KeyIO           MODE: declarations took 0 ms 
385572     INFO  Test worker     d.u.i.k.n.KeyIO           Parsing took 0 ms 
385572     INFO  Test worker     d.u.i.k.n.KeyIO           MODE: declarations took 0 ms 
385572     INFO  Test worker     d.u.i.k.n.KeyIO           Parsing took 0 ms 
385572     INFO  Test worker     d.u.i.k.n.KeyIO           MODE: declarations took 0 ms 
388463     INFO  Test worker     d.u.i.k.n.KeyIO           Parsing took 0 ms 
388463     INFO  Test worker     d.u.i.k.n.KeyIO           MODE: declarations took 0 ms 
388463     INFO  Test worker     d.u.i.k.n.KeyIO           Parsing took 0 ms 
388463     INFO  Test worker     d.u.i.k.n.KeyIO           MODE: declarations took 0 ms 
388463     INFO  Test worker     d.u.i.k.n.KeyIO           Parsing took 0 ms 
388463     INFO  Test worker     d.u.i.k.n.KeyIO           MODE: declarations took 0 ms 
388463     INFO  Test worker     d.u.i.k.n.KeyIO           Parsing took 0 ms 
388463     INFO  Test worker     d.u.i.k.n.KeyIO           MODE: declarations took 0 ms 
388463     INFO  Test worker     d.u.i.k.n.KeyIO           Parsing took 0 ms 
388463     INFO  Test worker     d.u.i.k.n.KeyIO           MODE: declarations took 0 ms 
391366     INFO  Test worker     d.u.i.k.n.KeyIO           Parsing took 0 ms 
391366     INFO  Test worker     d.u.i.k.n.KeyIO           MODE: declarations took 0 ms 
391366     INFO  Test worker     d.u.i.k.n.KeyIO           Parsing took 0 ms 
391366     INFO  Test worker     d.u.i.k.n.KeyIO           MODE: declarations took 0 ms 
391366     INFO  Test worker     d.u.i.k.n.KeyIO           Parsing took 0 ms 
391366     INFO  Test worker     d.u.i.k.n.KeyIO           MODE: declarations took 0 ms 
391366     INFO  Test worker     d.u.i.k.n.KeyIO           Parsing took 0 ms 
391366     INFO  Test worker     d.u.i.k.n.KeyIO           MODE: declarations took 0 ms 
391366     INFO  Test worker     d.u.i.k.n.KeyIO           Parsing took 0 ms 
391367     INFO  Test worker     d.u.i.k.n.KeyIO           MODE: declarations took 1 ms 
394232     INFO  Test worker     d.u.i.k.n.KeyIO           Parsing took 0 ms 
394233     INFO  Test worker     d.u.i.k.n.KeyIO           MODE: declarations took 0 ms 
394233     INFO  Test worker     d.u.i.k.n.KeyIO           Parsing took 0 ms 
394233     INFO  Test worker     d.u.i.k.n.KeyIO           MODE: declarations took 0 ms 
394233     INFO  Test worker     d.u.i.k.n.KeyIO           Parsing took 0 ms 
394233     INFO  Test worker     d.u.i.k.n.KeyIO           MODE: declarations took 0 ms 
394233     INFO  Test worker     d.u.i.k.n.KeyIO           Parsing took 0 ms 
394233     INFO  Test worker     d.u.i.k.n.KeyIO           MODE: declarations took 0 ms 
394233     INFO  Test worker     d.u.i.k.n.KeyIO           Parsing took 0 ms 
394233     INFO  Test worker     d.u.i.k.n.KeyIO           MODE: declarations took 0 ms 
397182     INFO  Test worker     d.u.i.k.n.KeyIO           Parsing took 0 ms 
397182     INFO  Test worker     d.u.i.k.n.KeyIO           MODE: declarations took 0 ms 
397183     INFO  Test worker     d.u.i.k.n.KeyIO           Parsing took 0 ms 
397183     INFO  Test worker     d.u.i.k.n.KeyIO           MODE: declarations took 0 ms 
397183     INFO  Test worker     d.u.i.k.n.KeyIO           Parsing took 0 ms 
397183     INFO  Test worker     d.u.i.k.n.KeyIO           MODE: declarations took 0 ms 
397183     INFO  Test worker     d.u.i.k.n.KeyIO           Parsing took 0 ms 
397183     INFO  Test worker     d.u.i.k.n.KeyIO           MODE: declarations took 0 ms 
397183     INFO  Test worker     d.u.i.k.n.KeyIO           Parsing took 0 ms 
397183     INFO  Test worker     d.u.i.k.n.KeyIO           MODE: declarations took 0 ms 
400164     INFO  Test worker     d.u.i.k.n.KeyIO           Parsing took 0 ms 
400164     INFO  Test worker     d.u.i.k.n.KeyIO           MODE: declarations took 0 ms 
400164     INFO  Test worker     d.u.i.k.n.KeyIO           Parsing took 0 ms 
400164     INFO  Test worker     d.u.i.k.n.KeyIO           MODE: declarations took 0 ms 
400164     INFO  Test worker     d.u.i.k.n.KeyIO           Parsing took 0 ms 
400164     INFO  Test worker     d.u.i.k.n.KeyIO           MODE: declarations took 0 ms 
400164     INFO  Test worker     d.u.i.k.n.KeyIO           Parsing took 0 ms 
400164     INFO  Test worker     d.u.i.k.n.KeyIO           MODE: declarations took 0 ms 
400164     INFO  Test worker     d.u.i.k.n.KeyIO           Parsing took 0 ms 
400164     INFO  Test worker     d.u.i.k.n.KeyIO           MODE: declarations took 0 ms 
403039     INFO  Test worker     d.u.i.k.n.KeyIO           Parsing took 0 ms 
403039     INFO  Test worker     d.u.i.k.n.KeyIO           MODE: declarations took 0 ms 
403039     INFO  Test worker     d.u.i.k.n.KeyIO           Parsing took 0 ms 
403039     INFO  Test worker     d.u.i.k.n.KeyIO           MODE: declarations took 0 ms 
403039     INFO  Test worker     d.u.i.k.n.KeyIO           Parsing took 0 ms 
403040     INFO  Test worker     d.u.i.k.n.KeyIO           MODE: declarations took 0 ms 
403040     INFO  Test worker     d.u.i.k.n.KeyIO           Parsing took 0 ms 
403040     INFO  Test worker     d.u.i.k.n.KeyIO           MODE: declarations took 0 ms 
403040     INFO  Test worker     d.u.i.k.n.KeyIO           Parsing took 0 ms 
403040     INFO  Test worker     d.u.i.k.n.KeyIO           MODE: declarations took 0 ms 
405973     INFO  Test worker     d.u.i.k.n.KeyIO           Parsing took 0 ms 
405973     INFO  Test worker     d.u.i.k.n.KeyIO           MODE: declarations took 0 ms 
405973     INFO  Test worker     d.u.i.k.n.KeyIO           Parsing took 0 ms 
405973     INFO  Test worker     d.u.i.k.n.KeyIO           MODE: declarations took 0 ms 
405973     INFO  Test worker     d.u.i.k.n.KeyIO           Parsing took 0 ms 
405973     INFO  Test worker     d.u.i.k.n.KeyIO           MODE: declarations took 0 ms 
405973     INFO  Test worker     d.u.i.k.n.KeyIO           Parsing took 0 ms 
405973     INFO  Test worker     d.u.i.k.n.KeyIO           MODE: declarations took 0 ms 
405973     INFO  Test worker     d.u.i.k.n.KeyIO           Parsing took 0 ms 
405973     INFO  Test worker     d.u.i.k.n.KeyIO           MODE: declarations took 0 ms 
408832     INFO  Test worker     d.u.i.k.n.KeyIO           Parsing took 0 ms 
408832     INFO  Test worker     d.u.i.k.n.KeyIO           MODE: declarations took 0 ms 
408834     INFO  Test worker     d.u.i.k.n.KeyIO           Parsing took 0 ms 
408834     INFO  Test worker     d.u.i.k.n.KeyIO           MODE: declarations took 0 ms 
408834     INFO  Test worker     d.u.i.k.n.KeyIO           Parsing took 0 ms 
408834     INFO  Test worker     d.u.i.k.n.KeyIO           MODE: declarations took 0 ms 
408834     INFO  Test worker     d.u.i.k.n.KeyIO           Parsing took 0 ms 
408834     INFO  Test worker     d.u.i.k.n.KeyIO           MODE: declarations took 0 ms 
408834     INFO  Test worker     d.u.i.k.n.KeyIO           Parsing took 0 ms 
408834     INFO  Test worker     d.u.i.k.n.KeyIO           MODE: declarations took 0 ms 
411726     INFO  Test worker     d.u.i.k.n.KeyIO           Parsing took 0 ms 
411726     INFO  Test worker     d.u.i.k.n.KeyIO           MODE: declarations took 0 ms 
411726     INFO  Test worker     d.u.i.k.n.KeyIO           Parsing took 0 ms 
411726     INFO  Test worker     d.u.i.k.n.KeyIO           MODE: declarations took 0 ms 
411726     INFO  Test worker     d.u.i.k.n.KeyIO           Parsing took 0 ms 
411726     INFO  Test worker     d.u.i.k.n.KeyIO           MODE: declarations took 0 ms 
411726     INFO  Test worker     d.u.i.k.n.KeyIO           Parsing took 0 ms 
411726     INFO  Test worker     d.u.i.k.n.KeyIO           MODE: declarations took 0 ms 
411726     INFO  Test worker     d.u.i.k.n.KeyIO           Parsing took 0 ms 
411726     INFO  Test worker     d.u.i.k.n.KeyIO           MODE: declarations took 0 ms 
414667     INFO  Test worker     d.u.i.k.n.KeyIO           Parsing took 0 ms 
414667     INFO  Test worker     d.u.i.k.n.KeyIO           MODE: declarations took 0 ms 
414667     INFO  Test worker     d.u.i.k.n.KeyIO           Parsing took 0 ms 
414667     INFO  Test worker     d.u.i.k.n.KeyIO           MODE: declarations took 0 ms 
414667     INFO  Test worker     d.u.i.k.n.KeyIO           Parsing took 0 ms 
414667     INFO  Test worker     d.u.i.k.n.KeyIO           MODE: declarations took 0 ms 
414667     INFO  Test worker     d.u.i.k.n.KeyIO           Parsing took 0 ms 
414667     INFO  Test worker     d.u.i.k.n.KeyIO           MODE: declarations took 0 ms 
414667     INFO  Test worker     d.u.i.k.n.KeyIO           Parsing took 0 ms 
414667     INFO  Test worker     d.u.i.k.n.KeyIO           MODE: declarations took 0 ms 
417496     INFO  Test worker     d.u.i.k.n.KeyIO           Parsing took 0 ms 
417497     INFO  Test worker     d.u.i.k.n.KeyIO           MODE: declarations took 1 ms 
417497     INFO  Test worker     d.u.i.k.n.KeyIO           Parsing took 0 ms 
417497     INFO  Test worker     d.u.i.k.n.KeyIO           MODE: declarations took 0 ms 
417497     INFO  Test worker     d.u.i.k.n.KeyIO           Parsing took 0 ms 
417497     INFO  Test worker     d.u.i.k.n.KeyIO           MODE: declarations took 0 ms 
417497     INFO  Test worker     d.u.i.k.n.KeyIO           Parsing took 0 ms 
417497     INFO  Test worker     d.u.i.k.n.KeyIO           MODE: declarations took 0 ms 
417497     INFO  Test worker     d.u.i.k.n.KeyIO           Parsing took 0 ms 
417497     INFO  Test worker     d.u.i.k.n.KeyIO           MODE: declarations took 0 ms 
420351     INFO  Test worker     d.u.i.k.n.KeyIO           Parsing took 0 ms 
420351     INFO  Test worker     d.u.i.k.n.KeyIO           MODE: declarations took 0 ms 
420351     INFO  Test worker     d.u.i.k.n.KeyIO           Parsing took 0 ms 
420351     INFO  Test worker     d.u.i.k.n.KeyIO           MODE: declarations took 0 ms 
420351     INFO  Test worker     d.u.i.k.n.KeyIO           Parsing took 0 ms 
420351     INFO  Test worker     d.u.i.k.n.KeyIO           MODE: declarations took 0 ms 
420351     INFO  Test worker     d.u.i.k.n.KeyIO           Parsing took 0 ms 
420352     INFO  Test worker     d.u.i.k.n.KeyIO           MODE: declarations took 1 ms 
420352     INFO  Test worker     d.u.i.k.n.KeyIO           Parsing took 0 ms 
420352     INFO  Test worker     d.u.i.k.n.KeyIO           MODE: declarations took 0 ms 
]]></system-out>
  <system-err><![CDATA[]]></system-err>
</testsuite>
