<?xml version="1.0" encoding="UTF-8"?>
<testsuite name="de.uka.ilkd.key.parser.TestTermParserSorts" tests="2" skipped="0" failures="0" errors="0" timestamp="2023-04-19T12:54:53" hostname="fv-az1233-226" time="2.879">
  <properties/>
  <testcase name="testParseIntegerArgs()" classname="de.uka.ilkd.key.parser.TestTermParserSorts" time="0.015"/>
  <testcase name="testParseSequencePrettySyntax()" classname="de.uka.ilkd.key.parser.TestTermParserSorts" time="0.002"/>
  <system-out><![CDATA[423288     INFO  Test worker     d.u.i.k.n.KeyIO           Parsing took 0 ms 
423289     INFO  Test worker     d.u.i.k.n.KeyIO           MODE: declarations took 1 ms 
423289     INFO  Test worker     d.u.i.k.n.KeyIO           Parsing took 0 ms 
423289     INFO  Test worker     d.u.i.k.n.KeyIO           MODE: declarations took 0 ms 
423289     INFO  Test worker     d.u.i.k.n.KeyIO           Parsing took 0 ms 
423289     INFO  Test worker     d.u.i.k.n.KeyIO           MODE: declarations took 0 ms 
426165     INFO  Test worker     d.u.i.k.n.KeyIO           Parsing took 0 ms 
426166     INFO  Test worker     d.u.i.k.n.KeyIO           MODE: declarations took 0 ms 
426166     INFO  Test worker     d.u.i.k.n.KeyIO           Parsing took 0 ms 
426166     INFO  Test worker     d.u.i.k.n.KeyIO           MODE: declarations took 0 ms 
426166     INFO  Test worker     d.u.i.k.n.KeyIO           Parsing took 0 ms 
426166     INFO  Test worker     d.u.i.k.n.KeyIO           MODE: declarations took 0 ms 
]]></system-out>
  <system-err><![CDATA[]]></system-err>
</testsuite>
