<?xml version="1.0" encoding="UTF-8"?>
<testsuite name="de.uka.ilkd.key.nparser.ParseLDTsTests" tests="2" skipped="0" failures="0" errors="0" timestamp="2023-04-19T12:51:11" hostname="fv-az1233-226" time="0.927">
  <properties/>
  <testcase name="testLDT()" classname="de.uka.ilkd.key.nparser.ParseLDTsTests" time="0.015"/>
  <testcase name="testSR()" classname="de.uka.ilkd.key.nparser.ParseLDTsTests" time="0.912"/>
  <system-out><![CDATA[200885     INFO  Test worker     d.u.i.k.n.KeyIO           Parsing took 7 ms 
200886     INFO  Test worker     d.u.i.k.n.KeyIO           MODE: declarations took 1 ms 
201211     INFO  Test worker     d.u.i.k.n.KeyIO           Parsing took 315 ms 
201215     INFO  Test worker     d.u.i.k.n.KeyIO           MODE: declarations took 2 ms 
]]></system-out>
  <system-err><![CDATA[]]></system-err>
</testsuite>
