<?xml version="1.0" encoding="UTF-8"?>
<testsuite name="de.uka.ilkd.key.proof.io.TestZipProofSaving" tests="1" skipped="0" failures="0" errors="0" timestamp="2023-05-31T08:01:46" hostname="fv-az1252-487" time="7.324">
  <properties/>
  <testcase name="testZip()" classname="de.uka.ilkd.key.proof.io.TestZipProofSaving" time="7.324"/>
  <system-out><![CDATA[391433     INFO  Test worker     d.u.i.k.p.i.AbstractProblemLoader Loading environment from C:\Users\RUNNER~1\AppData\Local\Temp\keyZipTest14060069038124951367.key 
391433     DEBUG Test worker     d.u.i.k.p.i.AbstractProblemLoader Environment load took 185.4ns 
391435     INFO  Test worker     d.u.i.k.p.i.AbstractProblemLoader Creating init config 
391527     DEBUG Test worker     d.u.i.k.j.TypeConverter   No LDT found for Meta 
391527     DEBUG Test worker     d.u.i.k.j.TypeConverter   No LDT found for Meta 
391527     DEBUG Test worker     d.u.i.k.j.TypeConverter   No LDT found for Meta 
391527     DEBUG Test worker     d.u.i.k.j.TypeConverter   No LDT found for Meta 
391935     DEBUG Test worker     d.u.i.k.j.TypeConverter   No LDT found for JavaBigintExpression 
395044     DEBUG Test worker     d.u.i.k.p.i.AbstractProblemLoader Init config took 3.62s 
395356     INFO  Test worker     d.u.i.k.p.i.AbstractProblemLoader Replaying proof keyZipTest14060069038124951367.key 
395356     DEBUG Test worker     d.u.i.k.p.i.IntermediateProofReplayer Proof replay took 9ns 
395999     INFO  Test worker     d.u.i.k.p.i.AbstractProblemLoader Loading environment from C:\Users\RUNNER~1\AppData\Local\Temp\keyZipTest1189727101717949606.proof.gz 
395999     DEBUG Test worker     d.u.i.k.p.i.AbstractProblemLoader Environment load took 353.9ns 
395999     INFO  Test worker     d.u.i.k.p.i.AbstractProblemLoader Creating init config 
398621     DEBUG Test worker     d.u.i.k.p.i.AbstractProblemLoader Init config took 2.62s 
398637     INFO  Test worker     d.u.i.k.p.i.AbstractProblemLoader Replaying proof keyZipTest1189727101717949606.proof.gz 
398637     DEBUG Test worker     d.u.i.k.p.i.IntermediateProofReplayer Proof replay took 3.1ms 
]]></system-out>
  <system-err><![CDATA[]]></system-err>
</testsuite>
