<?xml version="1.0" encoding="UTF-8"?>
<testsuite name="de.uka.ilkd.key.macros.scripts.meta.RewriteTest" tests="2" skipped="0" failures="0" errors="0" timestamp="2023-05-31T07:58:09" hostname="fv-az1252-487" time="5.532">
  <properties/>
  <testcase name="testLessTransitive()" classname="de.uka.ilkd.key.macros.scripts.meta.RewriteTest" time="2.745"/>
  <testcase name="testTransitive()" classname="de.uka.ilkd.key.macros.scripts.meta.RewriteTest" time="2.787"/>
  <system-out><![CDATA[175316     INFO  Test worker     d.u.i.k.p.i.AbstractProblemLoader Loading environment from src\test\resources\testcase\scriptCommands\less_trans.key 
175316     DEBUG Test worker     d.u.i.k.p.i.AbstractProblemLoader Environment load took 397.9ns 
175316     INFO  Test worker     d.u.i.k.p.i.AbstractProblemLoader Creating init config 
178027     DEBUG Test worker     d.u.i.k.p.i.AbstractProblemLoader Init config took 2.71s 
178043     INFO  Test worker     d.u.i.k.p.i.AbstractProblemLoader Replaying proof less_trans.key 
178043     DEBUG Test worker     d.u.i.k.p.i.IntermediateProofReplayer Proof replay took 7.1ns 
178043     DEBUG Test worker     d.u.i.k.m.s.ProofScriptEngine 1: 'rewrite find="f < x" replace="x > f"' 
178058     INFO  Test worker     d.u.i.k.p.i.AbstractProblemLoader Loading environment from src\test\resources\testcase\scriptCommands\transitive.key 
178058     DEBUG Test worker     d.u.i.k.p.i.AbstractProblemLoader Environment load took 117.2ns 
178058     INFO  Test worker     d.u.i.k.p.i.AbstractProblemLoader Creating init config 
180822     DEBUG Test worker     d.u.i.k.p.i.AbstractProblemLoader Init config took 2.76s 
180837     INFO  Test worker     d.u.i.k.p.i.AbstractProblemLoader Replaying proof transitive.key 
180837     DEBUG Test worker     d.u.i.k.p.i.IntermediateProofReplayer Proof replay took 7.8ns 
180837     DEBUG Test worker     d.u.i.k.m.s.ProofScriptEngine 1: 'rule impRight' 
180837     DEBUG Test worker     d.u.i.k.m.s.ProofScriptEngine 2: 'rule andLeft' 
180837     DEBUG Test worker     d.u.i.k.m.s.ProofScriptEngine 3: 'rewrite find="f = x" replace="x = f"' 
]]></system-out>
  <system-err><![CDATA[]]></system-err>
</testsuite>
