<?xml version="1.0" encoding="UTF-8"?>
<testsuite name="de.uka.ilkd.key.taclettranslation.TestTacletTranslator" tests="5" skipped="0" failures="0" errors="0" timestamp="2023-05-31T08:07:24" hostname="fv-az1252-487" time="0.025">
  <properties/>
  <testcase name="testPropositional1()" classname="de.uka.ilkd.key.taclettranslation.TestTacletTranslator" time="0.007"/>
  <testcase name="testPropositional2()" classname="de.uka.ilkd.key.taclettranslation.TestTacletTranslator" time="0.003"/>
  <testcase name="testNegativePolarity()" classname="de.uka.ilkd.key.taclettranslation.TestTacletTranslator" time="0.003"/>
  <testcase name="testNoPolarity()" classname="de.uka.ilkd.key.taclettranslation.TestTacletTranslator" time="0.009"/>
  <testcase name="testPositivePolarity()" classname="de.uka.ilkd.key.taclettranslation.TestTacletTranslator" time="0.003"/>
  <system-out><![CDATA[730004     INFO  Test worker     d.u.i.k.n.KeyIO           Parsing took 0 ms 
730004     DEBUG Test worker     d.u.i.k.n.KeyIO           Load declarations of de.uka.ilkd.key.nparser.KeyAst$File:  <unknown>:1#1 
730004     INFO  Test worker     d.u.i.k.n.KeyIO           MODE: declarations took 0 ms 
730004     DEBUG Test worker     d.u.i.k.n.KeyIO           MODE: 2nd degree decls took 0 
730004     DEBUG Test worker     d.u.i.k.n.KeyIO           MODE: taclets took 0ms 
730020     INFO  Test worker     d.u.i.k.n.KeyIO           Parsing took 0 ms 
730020     DEBUG Test worker     d.u.i.k.n.KeyIO           Load declarations of de.uka.ilkd.key.nparser.KeyAst$File:  <unknown>:1#1 
730020     INFO  Test worker     d.u.i.k.n.KeyIO           MODE: declarations took 0 ms 
730020     DEBUG Test worker     d.u.i.k.n.KeyIO           MODE: 2nd degree decls took 0 
730020     DEBUG Test worker     d.u.i.k.n.KeyIO           MODE: taclets took 0ms 
730020     INFO  Test worker     d.u.i.k.n.KeyIO           Parsing took 0 ms 
730020     DEBUG Test worker     d.u.i.k.n.KeyIO           Load declarations of de.uka.ilkd.key.nparser.KeyAst$File:  <unknown>:1#1 
730020     INFO  Test worker     d.u.i.k.n.KeyIO           MODE: declarations took 0 ms 
730020     DEBUG Test worker     d.u.i.k.n.KeyIO           MODE: 2nd degree decls took 0 
730020     DEBUG Test worker     d.u.i.k.n.KeyIO           MODE: taclets took 0ms 
730035     INFO  Test worker     d.u.i.k.n.KeyIO           Parsing took 0 ms 
730035     DEBUG Test worker     d.u.i.k.n.KeyIO           Load declarations of de.uka.ilkd.key.nparser.KeyAst$File:  <unknown>:1#1 
730035     INFO  Test worker     d.u.i.k.n.KeyIO           MODE: declarations took 0 ms 
730035     DEBUG Test worker     d.u.i.k.n.KeyIO           MODE: 2nd degree decls took 0 
730035     DEBUG Test worker     d.u.i.k.n.KeyIO           MODE: taclets took 0ms 
730035     INFO  Test worker     d.u.i.k.n.KeyIO           Parsing took 0 ms 
730035     DEBUG Test worker     d.u.i.k.n.KeyIO           Load declarations of de.uka.ilkd.key.nparser.KeyAst$File:  <unknown>:1#1 
730035     INFO  Test worker     d.u.i.k.n.KeyIO           MODE: declarations took 0 ms 
730035     DEBUG Test worker     d.u.i.k.n.KeyIO           MODE: 2nd degree decls took 0 
730035     DEBUG Test worker     d.u.i.k.n.KeyIO           MODE: taclets took 0ms 
]]></system-out>
  <system-err><![CDATA[]]></system-err>
</testsuite>
