<?xml version="1.0" encoding="UTF-8"?>
<testsuite name="de.uka.ilkd.key.java.TestRecoder2KeY" tests="4" skipped="1" failures="0" errors="0" timestamp="2023-05-31T07:55:45" hostname="fv-az1252-487" time="0.56">
  <properties/>
  <testcase name="xtestFileInput()" classname="de.uka.ilkd.key.java.TestRecoder2KeY" time="0.001">
    <skipped/>
  </testcase>
  <testcase name="testJClasses()" classname="de.uka.ilkd.key.java.TestRecoder2KeY" time="0.518"/>
  <testcase name="testReadBlockWithContext()" classname="de.uka.ilkd.key.java.TestRecoder2KeY" time="0.002"/>
  <testcase name="testJBlocks()" classname="de.uka.ilkd.key.java.TestRecoder2KeY" time="0.037"/>
  <system-out><![CDATA[30675      DEBUG Test worker     d.u.i.k.j.Recoder2KeY     Reading class A1 { public A1() { }}  
30722      DEBUG Test worker     d.u.i.k.j.Recoder2KeY     Reading package qwe.rty; import qwe.rty.A; import dfg.hjk.*; import java.util.*;public abstract class A implements Z{static {d=3; Object v = new Object()[...] 
30878      DEBUG Test worker     d.u.i.k.j.Recoder2KeY     Reading public class B extends Object {class E  { public E(Object s) {super();} }} 
30910      DEBUG Test worker     d.u.i.k.j.r.ClassPreparationMethodBuilder clPrepBuilder: Inner Class detected. Reject building class initialisation methods. 
30941      DEBUG Test worker     d.u.i.k.j.Recoder2KeY     Reading  class circ_A {   static int a = circ_B.b;   } class circ_B {   static int b = circ_A.a;   } 
31019      DEBUG Test worker     d.u.i.k.j.Recoder2KeY     Reading  class circ2_A {   static final int a = circ2_B.b;   } class circ2_B {   static final int b = circ2_A.a;   } 
31097      DEBUG Test worker     d.u.i.k.j.Recoder2KeY     Reading class Cycle1 { void m(Cycle2 c) {} } class Cycle2 { void m(Cycle1 c) {} } 
31144      DEBUG Test worker     d.u.i.k.j.Recoder2KeY     Reading class EmptyConstr { EmptyConstr(); }  
]]></system-out>
  <system-err><![CDATA[]]></system-err>
</testsuite>
