<?xml version="1.0" encoding="UTF-8"?>
<testsuite name="de.uka.ilkd.key.rule.loop.LoopScopeInvRuleTests" tests="1" skipped="0" failures="0" errors="0" timestamp="2023-05-31T08:02:06" hostname="fv-az1252-487" time="4.195">
  <properties/>
  <testcase name="testDoAutomaticProofOfBenchmarkWithLabeledBreaksAndContinues()" classname="de.uka.ilkd.key.rule.loop.LoopScopeInvRuleTests" time="4.195"/>
  <system-out><![CDATA[411521     INFO  Test worker     d.u.i.k.p.i.AbstractProblemLoader Loading environment from src\test\resources\testcase\loopScopeInvRule\Test.key 
411521     DEBUG Test worker     d.u.i.k.p.i.AbstractProblemLoader Environment load took 116ns 
411521     INFO  Test worker     d.u.i.k.p.i.AbstractProblemLoader Creating init config 
411616     DEBUG Test worker     d.u.i.k.j.TypeConverter   No LDT found for Meta 
411616     DEBUG Test worker     d.u.i.k.j.TypeConverter   No LDT found for Meta 
411616     DEBUG Test worker     d.u.i.k.j.TypeConverter   No LDT found for Meta 
411616     DEBUG Test worker     d.u.i.k.j.TypeConverter   No LDT found for Meta 
412073     DEBUG Test worker     d.u.i.k.j.TypeConverter   No LDT found for JavaBigintExpression 
415181     DEBUG Test worker     d.u.i.k.p.i.AbstractProblemLoader Init config took 3.66s 
415212     INFO  Test worker     d.u.i.k.p.i.AbstractProblemLoader Replaying proof Test[Test::loopScopeRuleBenchmark(int,boolean)].JML normal_behavior operation contract.0 
415212     DEBUG Test worker     d.u.i.k.p.i.IntermediateProofReplayer Proof replay took 44.5ns 
]]></system-out>
  <system-err><![CDATA[]]></system-err>
</testsuite>
