<?xml version="1.0" encoding="UTF-8"?>
<testsuite name="de.uka.ilkd.key.util.TestLexicographicComparator" tests="1" skipped="0" failures="0" errors="0" timestamp="2023-05-31T08:07:33" hostname="fv-az1252-487" time="0.001">
  <properties/>
  <testcase name="testCompareInt()" classname="de.uka.ilkd.key.util.TestLexicographicComparator" time="0.001"/>
  <system-out><![CDATA[]]></system-out>
  <system-err><![CDATA[]]></system-err>
</testsuite>
