<?xml version="1.0" encoding="UTF-8"?>
<testsuite name="de.uka.ilkd.key.logic.TestClashFreeSubst" tests="14" skipped="2" failures="0" errors="0" timestamp="2023-05-31T07:55:48" hostname="fv-az1252-487" time="44.061">
  <properties/>
  <testcase name="testMultiShareBound()" classname="de.uka.ilkd.key.logic.TestClashFreeSubst" time="0.891"/>
  <testcase name="testClash()" classname="de.uka.ilkd.key.logic.TestClashFreeSubst" time="0.83"/>
  <testcase name="testShare()" classname="de.uka.ilkd.key.logic.TestClashFreeSubst" time="0.818"/>
  <testcase name="testSubst()" classname="de.uka.ilkd.key.logic.TestClashFreeSubst" time="0.812"/>
  <testcase name="testWary0()" classname="de.uka.ilkd.key.logic.TestClashFreeSubst" time="0.803"/>
  <testcase name="testWary1()" classname="de.uka.ilkd.key.logic.TestClashFreeSubst" time="0.808"/>
  <testcase name="testWary2()" classname="de.uka.ilkd.key.logic.TestClashFreeSubst" time="0.798"/>
  <testcase name="testClashInSubstTerm()" classname="de.uka.ilkd.key.logic.TestClashFreeSubst" time="0.798"/>
  <testcase name="testShareWary()" classname="de.uka.ilkd.key.logic.TestClashFreeSubst" time="0.797"/>
  <testcase name="testMultiSubst()" classname="de.uka.ilkd.key.logic.TestClashFreeSubst" time="0.796"/>
  <testcase name="xtestMultiClash()" classname="de.uka.ilkd.key.logic.TestClashFreeSubst" time="0.0">
    <skipped/>
  </testcase>
  <testcase name="testSubstInSubstTerm()" classname="de.uka.ilkd.key.logic.TestClashFreeSubst" time="0.804"/>
  <testcase name="testSubstWary()" classname="de.uka.ilkd.key.logic.TestClashFreeSubst" time="0.816"/>
  <testcase name="xtestMultiClash1()" classname="de.uka.ilkd.key.logic.TestClashFreeSubst" time="0.0">
    <skipped/>
  </testcase>
  <system-out><![CDATA[34093      INFO  Test worker     d.u.i.k.n.KeyIO           Parsing took 0 ms 
34093      DEBUG Test worker     d.u.i.k.n.KeyIO           Load declarations of de.uka.ilkd.key.nparser.KeyAst$File:  <unknown>:1#1 
34093      INFO  Test worker     d.u.i.k.n.KeyIO           MODE: declarations took 0 ms 
34093      DEBUG Test worker     d.u.i.k.n.KeyIO           MODE: 2nd degree decls took 0 
34971      INFO  Test worker     d.u.i.k.n.KeyIO           Parsing took 0 ms 
34971      DEBUG Test worker     d.u.i.k.n.KeyIO           Load declarations of de.uka.ilkd.key.nparser.KeyAst$File:  <unknown>:1#1 
34971      INFO  Test worker     d.u.i.k.n.KeyIO           MODE: declarations took 0 ms 
34986      DEBUG Test worker     d.u.i.k.n.KeyIO           MODE: 2nd degree decls took 0 
37751      INFO  Test worker     d.u.i.k.n.KeyIO           Parsing took 0 ms 
37751      DEBUG Test worker     d.u.i.k.n.KeyIO           Load declarations of de.uka.ilkd.key.nparser.KeyAst$File:  <unknown>:1#1 
37751      INFO  Test worker     d.u.i.k.n.KeyIO           MODE: declarations took 0 ms 
37751      DEBUG Test worker     d.u.i.k.n.KeyIO           MODE: 2nd degree decls took 0 
38571      INFO  Test worker     d.u.i.k.n.KeyIO           Parsing took 0 ms 
38571      DEBUG Test worker     d.u.i.k.n.KeyIO           Load declarations of de.uka.ilkd.key.nparser.KeyAst$File:  <unknown>:1#1 
38571      INFO  Test worker     d.u.i.k.n.KeyIO           MODE: declarations took 0 ms 
38571      DEBUG Test worker     d.u.i.k.n.KeyIO           MODE: 2nd degree decls took 0 
41249      INFO  Test worker     d.u.i.k.n.KeyIO           Parsing took 0 ms 
41249      DEBUG Test worker     d.u.i.k.n.KeyIO           Load declarations of de.uka.ilkd.key.nparser.KeyAst$File:  <unknown>:1#1 
41249      INFO  Test worker     d.u.i.k.n.KeyIO           MODE: declarations took 0 ms 
41249      DEBUG Test worker     d.u.i.k.n.KeyIO           MODE: 2nd degree decls took 0 
42069      INFO  Test worker     d.u.i.k.n.KeyIO           Parsing took 0 ms 
42069      DEBUG Test worker     d.u.i.k.n.KeyIO           Load declarations of de.uka.ilkd.key.nparser.KeyAst$File:  <unknown>:1#1 
42069      INFO  Test worker     d.u.i.k.n.KeyIO           MODE: declarations took 0 ms 
42069      DEBUG Test worker     d.u.i.k.n.KeyIO           MODE: 2nd degree decls took 0 
44696      INFO  Test worker     d.u.i.k.n.KeyIO           Parsing took 0 ms 
44696      DEBUG Test worker     d.u.i.k.n.KeyIO           Load declarations of de.uka.ilkd.key.nparser.KeyAst$File:  <unknown>:1#1 
44696      INFO  Test worker     d.u.i.k.n.KeyIO           MODE: declarations took 0 ms 
44696      DEBUG Test worker     d.u.i.k.n.KeyIO           MODE: 2nd degree decls took 0 
45509      INFO  Test worker     d.u.i.k.n.KeyIO           Parsing took 0 ms 
45509      DEBUG Test worker     d.u.i.k.n.KeyIO           Load declarations of de.uka.ilkd.key.nparser.KeyAst$File:  <unknown>:1#1 
45509      INFO  Test worker     d.u.i.k.n.KeyIO           MODE: declarations took 0 ms 
45509      DEBUG Test worker     d.u.i.k.n.KeyIO           MODE: 2nd degree decls took 0 
48127      INFO  Test worker     d.u.i.k.n.KeyIO           Parsing took 0 ms 
48127      DEBUG Test worker     d.u.i.k.n.KeyIO           Load declarations of de.uka.ilkd.key.nparser.KeyAst$File:  <unknown>:1#1 
48127      INFO  Test worker     d.u.i.k.n.KeyIO           MODE: declarations took 0 ms 
48127      DEBUG Test worker     d.u.i.k.n.KeyIO           MODE: 2nd degree decls took 0 
48927      INFO  Test worker     d.u.i.k.n.KeyIO           Parsing took 0 ms 
48927      DEBUG Test worker     d.u.i.k.n.KeyIO           Load declarations of de.uka.ilkd.key.nparser.KeyAst$File:  <unknown>:1#1 
48927      INFO  Test worker     d.u.i.k.n.KeyIO           MODE: declarations took 0 ms 
48927      DEBUG Test worker     d.u.i.k.n.KeyIO           MODE: 2nd degree decls took 0 
51529      INFO  Test worker     d.u.i.k.n.KeyIO           Parsing took 0 ms 
51529      DEBUG Test worker     d.u.i.k.n.KeyIO           Load declarations of de.uka.ilkd.key.nparser.KeyAst$File:  <unknown>:1#1 
51529      INFO  Test worker     d.u.i.k.n.KeyIO           MODE: declarations took 0 ms 
51529      DEBUG Test worker     d.u.i.k.n.KeyIO           MODE: 2nd degree decls took 0 
52336      INFO  Test worker     d.u.i.k.n.KeyIO           Parsing took 0 ms 
52336      DEBUG Test worker     d.u.i.k.n.KeyIO           Load declarations of de.uka.ilkd.key.nparser.KeyAst$File:  <unknown>:1#1 
52336      INFO  Test worker     d.u.i.k.n.KeyIO           MODE: declarations took 0 ms 
52336      DEBUG Test worker     d.u.i.k.n.KeyIO           MODE: 2nd degree decls took 0 
54929      INFO  Test worker     d.u.i.k.n.KeyIO           Parsing took 0 ms 
54929      DEBUG Test worker     d.u.i.k.n.KeyIO           Load declarations of de.uka.ilkd.key.nparser.KeyAst$File:  <unknown>:1#1 
54929      INFO  Test worker     d.u.i.k.n.KeyIO           MODE: declarations took 0 ms 
54929      DEBUG Test worker     d.u.i.k.n.KeyIO           MODE: 2nd degree decls took 0 
55734      INFO  Test worker     d.u.i.k.n.KeyIO           Parsing took 0 ms 
55734      DEBUG Test worker     d.u.i.k.n.KeyIO           Load declarations of de.uka.ilkd.key.nparser.KeyAst$File:  <unknown>:1#1 
55734      INFO  Test worker     d.u.i.k.n.KeyIO           MODE: declarations took 0 ms 
55734      DEBUG Test worker     d.u.i.k.n.KeyIO           MODE: 2nd degree decls took 0 
58341      INFO  Test worker     d.u.i.k.n.KeyIO           Parsing took 0 ms 
58341      DEBUG Test worker     d.u.i.k.n.KeyIO           Load declarations of de.uka.ilkd.key.nparser.KeyAst$File:  <unknown>:1#1 
58341      INFO  Test worker     d.u.i.k.n.KeyIO           MODE: declarations took 0 ms 
58341      DEBUG Test worker     d.u.i.k.n.KeyIO           MODE: 2nd degree decls took 0 
59129      INFO  Test worker     d.u.i.k.n.KeyIO           Parsing took 0 ms 
59129      DEBUG Test worker     d.u.i.k.n.KeyIO           Load declarations of de.uka.ilkd.key.nparser.KeyAst$File:  <unknown>:1#1 
59129      INFO  Test worker     d.u.i.k.n.KeyIO           MODE: declarations took 0 ms 
59129      DEBUG Test worker     d.u.i.k.n.KeyIO           MODE: 2nd degree decls took 0 
61748      INFO  Test worker     d.u.i.k.n.KeyIO           Parsing took 0 ms 
61748      DEBUG Test worker     d.u.i.k.n.KeyIO           Load declarations of de.uka.ilkd.key.nparser.KeyAst$File:  <unknown>:1#1 
61748      INFO  Test worker     d.u.i.k.n.KeyIO           MODE: declarations took 0 ms 
61748      DEBUG Test worker     d.u.i.k.n.KeyIO           MODE: 2nd degree decls took 0 
62530      INFO  Test worker     d.u.i.k.n.KeyIO           Parsing took 0 ms 
62530      DEBUG Test worker     d.u.i.k.n.KeyIO           Load declarations of de.uka.ilkd.key.nparser.KeyAst$File:  <unknown>:1#1 
62530      INFO  Test worker     d.u.i.k.n.KeyIO           MODE: declarations took 0 ms 
62530      DEBUG Test worker     d.u.i.k.n.KeyIO           MODE: 2nd degree decls took 0 
65207      INFO  Test worker     d.u.i.k.n.KeyIO           Parsing took 0 ms 
65207      DEBUG Test worker     d.u.i.k.n.KeyIO           Load declarations of de.uka.ilkd.key.nparser.KeyAst$File:  <unknown>:1#1 
65207      INFO  Test worker     d.u.i.k.n.KeyIO           MODE: declarations took 0 ms 
65207      DEBUG Test worker     d.u.i.k.n.KeyIO           MODE: 2nd degree decls took 0 
66004      INFO  Test worker     d.u.i.k.n.KeyIO           Parsing took 0 ms 
66004      DEBUG Test worker     d.u.i.k.n.KeyIO           Load declarations of de.uka.ilkd.key.nparser.KeyAst$File:  <unknown>:1#1 
66004      INFO  Test worker     d.u.i.k.n.KeyIO           MODE: declarations took 0 ms 
66004      DEBUG Test worker     d.u.i.k.n.KeyIO           MODE: 2nd degree decls took 0 
71191      INFO  Test worker     d.u.i.k.n.KeyIO           Parsing took 0 ms 
71191      DEBUG Test worker     d.u.i.k.n.KeyIO           Load declarations of de.uka.ilkd.key.nparser.KeyAst$File:  <unknown>:1#1 
71207      INFO  Test worker     d.u.i.k.n.KeyIO           MODE: declarations took 16 ms 
71207      DEBUG Test worker     d.u.i.k.n.KeyIO           MODE: 2nd degree decls took 0 
71993      INFO  Test worker     d.u.i.k.n.KeyIO           Parsing took 0 ms 
71993      DEBUG Test worker     d.u.i.k.n.KeyIO           Load declarations of de.uka.ilkd.key.nparser.KeyAst$File:  <unknown>:1#1 
71993      INFO  Test worker     d.u.i.k.n.KeyIO           MODE: declarations took 0 ms 
71993      DEBUG Test worker     d.u.i.k.n.KeyIO           MODE: 2nd degree decls took 0 
74736      INFO  Test worker     d.u.i.k.n.KeyIO           Parsing took 0 ms 
74736      DEBUG Test worker     d.u.i.k.n.KeyIO           Load declarations of de.uka.ilkd.key.nparser.KeyAst$File:  <unknown>:1#1 
74736      INFO  Test worker     d.u.i.k.n.KeyIO           MODE: declarations took 0 ms 
74736      DEBUG Test worker     d.u.i.k.n.KeyIO           MODE: 2nd degree decls took 0 
75533      INFO  Test worker     d.u.i.k.n.KeyIO           Parsing took 0 ms 
75533      DEBUG Test worker     d.u.i.k.n.KeyIO           Load declarations of de.uka.ilkd.key.nparser.KeyAst$File:  <unknown>:1#1 
75533      INFO  Test worker     d.u.i.k.n.KeyIO           MODE: declarations took 0 ms 
75533      DEBUG Test worker     d.u.i.k.n.KeyIO           MODE: 2nd degree decls took 0 
]]></system-out>
  <system-err><![CDATA[]]></system-err>
</testsuite>
