<?xml version="1.0" encoding="UTF-8"?>
<testsuite name="de.uka.ilkd.key.rule.merge.PredicateAbstractionLatticeTests" tests="3" skipped="0" failures="0" errors="0" timestamp="2023-05-31T08:03:17" hostname="fv-az1252-487" time="5.381">
  <properties/>
  <testcase name="testToAndFromString()" classname="de.uka.ilkd.key.rule.merge.PredicateAbstractionLatticeTests" time="2.642"/>
  <testcase name="testCreateSignLatticeWithPredicates()" classname="de.uka.ilkd.key.rule.merge.PredicateAbstractionLatticeTests" time="2.739"/>
  <testcase name="testTrivialPredicatesLattice()" classname="de.uka.ilkd.key.rule.merge.PredicateAbstractionLatticeTests" time="0.0"/>
  <system-out><![CDATA[482842     INFO  Test worker     d.u.i.k.p.i.AbstractProblemLoader Loading environment from src\test\resources\testcase\merge\dummy.key 
482842     DEBUG Test worker     d.u.i.k.p.i.AbstractProblemLoader Environment load took 90.1ns 
482858     INFO  Test worker     d.u.i.k.p.i.AbstractProblemLoader Creating init config 
485481     DEBUG Test worker     d.u.i.k.p.i.AbstractProblemLoader Init config took 2.63s 
485496     INFO  Test worker     d.u.i.k.p.i.AbstractProblemLoader Replaying proof dummy.key 
485496     DEBUG Test worker     d.u.i.k.p.i.IntermediateProofReplayer Proof replay took 7.7ns 
485496     INFO  Test worker     d.u.i.k.p.i.AbstractProblemLoader Loading environment from src\test\resources\testcase\merge\dummy.key 
485496     DEBUG Test worker     d.u.i.k.p.i.AbstractProblemLoader Environment load took 120.5ns 
485496     INFO  Test worker     d.u.i.k.p.i.AbstractProblemLoader Creating init config 
488209     DEBUG Test worker     d.u.i.k.p.i.AbstractProblemLoader Init config took 2.71s 
488224     INFO  Test worker     d.u.i.k.p.i.AbstractProblemLoader Replaying proof dummy.key 
488224     DEBUG Test worker     d.u.i.k.p.i.IntermediateProofReplayer Proof replay took 6.6ns 
]]></system-out>
  <system-err><![CDATA[]]></system-err>
</testsuite>
