<?xml version="1.0" encoding="UTF-8"?>
<testsuite name="de.uka.ilkd.key.parser.TestTermParserSorts" tests="2" skipped="0" failures="0" errors="0" timestamp="2023-05-31T08:01:38" hostname="fv-az1252-487" time="2.661">
  <properties/>
  <testcase name="testParseIntegerArgs()" classname="de.uka.ilkd.key.parser.TestTermParserSorts" time="0.015"/>
  <testcase name="testParseSequencePrettySyntax()" classname="de.uka.ilkd.key.parser.TestTermParserSorts" time="0.001"/>
  <system-out><![CDATA[384373     INFO  Test worker     d.u.i.k.n.KeyIO           Parsing took 0 ms 
384373     DEBUG Test worker     d.u.i.k.n.KeyIO           Load declarations of de.uka.ilkd.key.nparser.KeyAst$File:  <unknown>:1#1 
384373     INFO  Test worker     d.u.i.k.n.KeyIO           MODE: declarations took 0 ms 
384373     DEBUG Test worker     d.u.i.k.n.KeyIO           MODE: 2nd degree decls took 0 
384373     INFO  Test worker     d.u.i.k.n.KeyIO           Parsing took 0 ms 
384373     DEBUG Test worker     d.u.i.k.n.KeyIO           Load declarations of de.uka.ilkd.key.nparser.KeyAst$File:  <unknown>:1#1 
384373     INFO  Test worker     d.u.i.k.n.KeyIO           MODE: declarations took 0 ms 
384373     DEBUG Test worker     d.u.i.k.n.KeyIO           MODE: 2nd degree decls took 0 
384373     INFO  Test worker     d.u.i.k.n.KeyIO           Parsing took 0 ms 
384373     DEBUG Test worker     d.u.i.k.n.KeyIO           Load declarations of de.uka.ilkd.key.nparser.KeyAst$File:  <unknown>:1#1 
384373     INFO  Test worker     d.u.i.k.n.KeyIO           MODE: declarations took 0 ms 
384373     DEBUG Test worker     d.u.i.k.n.KeyIO           MODE: 2nd degree decls took 0 
387037     INFO  Test worker     d.u.i.k.n.KeyIO           Parsing took 0 ms 
387037     DEBUG Test worker     d.u.i.k.n.KeyIO           Load declarations of de.uka.ilkd.key.nparser.KeyAst$File:  <unknown>:1#1 
387037     INFO  Test worker     d.u.i.k.n.KeyIO           MODE: declarations took 0 ms 
387037     DEBUG Test worker     d.u.i.k.n.KeyIO           MODE: 2nd degree decls took 0 
387037     INFO  Test worker     d.u.i.k.n.KeyIO           Parsing took 0 ms 
387037     DEBUG Test worker     d.u.i.k.n.KeyIO           Load declarations of de.uka.ilkd.key.nparser.KeyAst$File:  <unknown>:1#1 
387037     INFO  Test worker     d.u.i.k.n.KeyIO           MODE: declarations took 0 ms 
387037     DEBUG Test worker     d.u.i.k.n.KeyIO           MODE: 2nd degree decls took 0 
387037     INFO  Test worker     d.u.i.k.n.KeyIO           Parsing took 0 ms 
387037     DEBUG Test worker     d.u.i.k.n.KeyIO           Load declarations of de.uka.ilkd.key.nparser.KeyAst$File:  <unknown>:1#1 
387037     INFO  Test worker     d.u.i.k.n.KeyIO           MODE: declarations took 0 ms 
387037     DEBUG Test worker     d.u.i.k.n.KeyIO           MODE: 2nd degree decls took 0 
]]></system-out>
  <system-err><![CDATA[]]></system-err>
</testsuite>
