<?xml version="1.0" encoding="UTF-8"?>
<testsuite name="de.uka.ilkd.key.parser.TestDeclParser" tests="14" skipped="2" failures="0" errors="0" timestamp="2023-05-31T07:58:27" hostname="fv-az1252-487" time="10.051">
  <properties/>
  <testcase name="testGenericSortDecl1()" classname="de.uka.ilkd.key.parser.TestDeclParser" time="0.916"/>
  <testcase name="testGenericSortDecl2()" classname="de.uka.ilkd.key.parser.TestDeclParser" time="0.861"/>
  <testcase name="testGenericSortDecl3()" classname="de.uka.ilkd.key.parser.TestDeclParser" time="0.785"/>
  <testcase name="testGenericSortDecl4()" classname="de.uka.ilkd.key.parser.TestDeclParser" time="0.842"/>
  <testcase name="testGenericSortDecl5()" classname="de.uka.ilkd.key.parser.TestDeclParser" time="0.0">
    <skipped/>
  </testcase>
  <testcase name="testGenericSortDecl6()" classname="de.uka.ilkd.key.parser.TestDeclParser" time="0.838"/>
  <testcase name="testSortDecl()" classname="de.uka.ilkd.key.parser.TestDeclParser" time="0.836"/>
  <testcase name="testProxySortDecl()" classname="de.uka.ilkd.key.parser.TestDeclParser" time="0.804"/>
  <testcase name="testArrayDecl()" classname="de.uka.ilkd.key.parser.TestDeclParser" time="0.841"/>
  <testcase name="testAmbiguousDecls()" classname="de.uka.ilkd.key.parser.TestDeclParser" time="0.001">
    <skipped/>
  </testcase>
  <testcase name="testHeurDecl()" classname="de.uka.ilkd.key.parser.TestDeclParser" time="0.834"/>
  <testcase name="testFunctionDecl()" classname="de.uka.ilkd.key.parser.TestDeclParser" time="0.851"/>
  <testcase name="testPredicateDecl()" classname="de.uka.ilkd.key.parser.TestDeclParser" time="0.805"/>
  <testcase name="testSVDecl()" classname="de.uka.ilkd.key.parser.TestDeclParser" time="0.834"/>
  <system-out><![CDATA[193733     INFO  Test worker     d.u.i.k.n.KeyIO           Parsing took 0 ms 
193733     DEBUG Test worker     d.u.i.k.n.KeyIO           Load declarations of de.uka.ilkd.key.nparser.KeyAst$File:  <unknown>:1#1 
193733     INFO  Test worker     d.u.i.k.n.KeyIO           MODE: declarations took 0 ms 
193733     DEBUG Test worker     d.u.i.k.n.KeyIO           MODE: 2nd degree decls took 0 
193733     DEBUG Test worker     d.u.i.k.n.KeyIO           MODE: taclets took 0ms 
194593     INFO  Test worker     d.u.i.k.n.KeyIO           Parsing took 0 ms 
194593     DEBUG Test worker     d.u.i.k.n.KeyIO           Load declarations of de.uka.ilkd.key.nparser.KeyAst$File:  <unknown>:1#1 
194593     INFO  Test worker     d.u.i.k.n.KeyIO           MODE: declarations took 0 ms 
194593     DEBUG Test worker     d.u.i.k.n.KeyIO           MODE: 2nd degree decls took 0 
194593     DEBUG Test worker     d.u.i.k.n.KeyIO           MODE: taclets took 0ms 
195390     INFO  Test worker     d.u.i.k.n.KeyIO           Parsing took 0 ms 
195390     DEBUG Test worker     d.u.i.k.n.KeyIO           Load declarations of de.uka.ilkd.key.nparser.KeyAst$File:  <unknown>:1#1 
195390     INFO  Test worker     d.u.i.k.n.KeyIO           MODE: declarations took 0 ms 
195390     DEBUG Test worker     d.u.i.k.n.KeyIO           MODE: 2nd degree decls took 0 
195390     DEBUG Test worker     d.u.i.k.n.KeyIO           MODE: taclets took 0ms 
196234     INFO  Test worker     d.u.i.k.n.KeyIO           Parsing took 0 ms 
196234     DEBUG Test worker     d.u.i.k.n.KeyIO           Load declarations of de.uka.ilkd.key.nparser.KeyAst$File:  <unknown>:1#1 
196234     INFO  Test worker     d.u.i.k.n.KeyIO           MODE: declarations took 0 ms 
196234     DEBUG Test worker     d.u.i.k.n.KeyIO           MODE: 2nd degree decls took 0 
196234     DEBUG Test worker     d.u.i.k.n.KeyIO           MODE: taclets took 0ms 
197070     INFO  Test worker     d.u.i.k.n.KeyIO           Parsing took 0 ms 
197070     DEBUG Test worker     d.u.i.k.n.KeyIO           Load declarations of de.uka.ilkd.key.nparser.KeyAst$File:  <unknown>:1#1 
197070     INFO  Test worker     d.u.i.k.n.KeyIO           MODE: declarations took 0 ms 
197070     DEBUG Test worker     d.u.i.k.n.KeyIO           MODE: 2nd degree decls took 0 
197070     DEBUG Test worker     d.u.i.k.n.KeyIO           MODE: taclets took 0ms 
197914     INFO  Test worker     d.u.i.k.n.KeyIO           Parsing took 0 ms 
197914     DEBUG Test worker     d.u.i.k.n.KeyIO           Load declarations of de.uka.ilkd.key.nparser.KeyAst$File:  <unknown>:1#1 
197914     INFO  Test worker     d.u.i.k.n.KeyIO           MODE: declarations took 0 ms 
197914     DEBUG Test worker     d.u.i.k.n.KeyIO           MODE: 2nd degree decls took 0 
197914     DEBUG Test worker     d.u.i.k.n.KeyIO           MODE: taclets took 0ms 
198695     INFO  Test worker     d.u.i.k.n.KeyIO           Parsing took 0 ms 
198695     DEBUG Test worker     d.u.i.k.n.KeyIO           Load declarations of de.uka.ilkd.key.nparser.KeyAst$File:  <unknown>:1#1 
198711     INFO  Test worker     d.u.i.k.n.KeyIO           MODE: declarations took 16 ms 
198711     DEBUG Test worker     d.u.i.k.n.KeyIO           MODE: 2nd degree decls took 0 
198711     DEBUG Test worker     d.u.i.k.n.KeyIO           MODE: taclets took 0ms 
199547     INFO  Test worker     d.u.i.k.n.KeyIO           Parsing took 0 ms 
199547     DEBUG Test worker     d.u.i.k.n.KeyIO           Load declarations of de.uka.ilkd.key.nparser.KeyAst$File:  <unknown>:1#1 
199547     INFO  Test worker     d.u.i.k.n.KeyIO           MODE: declarations took 0 ms 
199547     DEBUG Test worker     d.u.i.k.n.KeyIO           MODE: 2nd degree decls took 0 
199547     DEBUG Test worker     d.u.i.k.n.KeyIO           MODE: taclets took 0ms 
200374     INFO  Test worker     d.u.i.k.n.KeyIO           Parsing took 0 ms 
200374     DEBUG Test worker     d.u.i.k.n.KeyIO           Load declarations of de.uka.ilkd.key.nparser.KeyAst$File:  <unknown>:1#1 
200374     INFO  Test worker     d.u.i.k.n.KeyIO           MODE: declarations took 0 ms 
200374     DEBUG Test worker     d.u.i.k.n.KeyIO           MODE: 2nd degree decls took 0 
200374     DEBUG Test worker     d.u.i.k.n.KeyIO           MODE: taclets took 0ms 
201231     INFO  Test worker     d.u.i.k.n.KeyIO           Parsing took 0 ms 
201231     DEBUG Test worker     d.u.i.k.n.KeyIO           Load declarations of de.uka.ilkd.key.nparser.KeyAst$File:  <unknown>:1#1 
201231     INFO  Test worker     d.u.i.k.n.KeyIO           MODE: declarations took 0 ms 
201231     DEBUG Test worker     d.u.i.k.n.KeyIO           MODE: 2nd degree decls took 0 
201231     DEBUG Test worker     d.u.i.k.n.KeyIO           MODE: taclets took 0ms 
202044     INFO  Test worker     d.u.i.k.n.KeyIO           Parsing took 0 ms 
202044     DEBUG Test worker     d.u.i.k.n.KeyIO           Load declarations of de.uka.ilkd.key.nparser.KeyAst$File:  <unknown>:1#1 
202044     INFO  Test worker     d.u.i.k.n.KeyIO           MODE: declarations took 0 ms 
202044     DEBUG Test worker     d.u.i.k.n.KeyIO           MODE: 2nd degree decls took 0 
202044     DEBUG Test worker     d.u.i.k.n.KeyIO           MODE: taclets took 0ms 
202877     INFO  Test worker     d.u.i.k.n.KeyIO           Parsing took 0 ms 
202877     DEBUG Test worker     d.u.i.k.n.KeyIO           Load declarations of de.uka.ilkd.key.nparser.KeyAst$File:  <unknown>:1#1 
202877     INFO  Test worker     d.u.i.k.n.KeyIO           MODE: declarations took 0 ms 
202877     DEBUG Test worker     d.u.i.k.n.KeyIO           MODE: 2nd degree decls took 0 
202877     DEBUG Test worker     d.u.i.k.n.KeyIO           MODE: taclets took 0ms 
]]></system-out>
  <system-err><![CDATA[]]></system-err>
</testsuite>
