<?xml version="1.0" encoding="UTF-8"?>
<testsuite name="de.uka.ilkd.key.testcase.smt.testgen.TestTestgen" tests="1" skipped="0" failures="0" errors="0" timestamp="2023-05-24T09:05:27" hostname="fv-az319-950" time="4.722">
  <properties/>
  <testcase name="testMiddle()" classname="de.uka.ilkd.key.testcase.smt.testgen.TestTestgen" time="4.722"/>
  <system-out><![CDATA[16090      WARN  Test worker     d.u.i.k.t.s.t.TestTestgen Warning: Z3_CE is not installed, tests skipped. 
16090      WARN  Test worker     d.u.i.k.t.s.t.TestTestgen Maybe use JVM system property "z3SolverPath" to define the path to the Z3 command. 
16090      INFO  Test worker     d.u.i.k.p.i.AbstractProblemLoader Loading environment from src\test\resources\testcase\smt\tg\middle.key 
16090      DEBUG Test worker     d.u.i.k.p.i.AbstractProblemLoader Environment load took 623.5ns 
16106      INFO  Test worker     d.u.i.k.p.i.AbstractProblemLoader Creating init config 
19984      DEBUG Test worker     d.u.i.k.p.i.AbstractProblemLoader Init config took 3.89s 
20093      INFO  Test worker     d.u.i.k.p.i.AbstractProblemLoader Replaying proof Middle[Middle::middle(int,int,int)].JML normal_behavior operation contract.0 
20093      DEBUG Test worker     d.u.i.k.p.i.IntermediateProofReplayer Proof replay took 19.1ns 
]]></system-out>
  <system-err><![CDATA[]]></system-err>
</testsuite>
