<?xml version="1.0" encoding="UTF-8"?>
<testsuite name="de.uka.ilkd.key.testcase.smt.ce.TestCE" tests="12" skipped="0" failures="0" errors="0" timestamp="2023-05-24T09:05:11" hostname="fv-az319-950" time="15.681">
  <properties/>
  <testcase name="testOverFlow1()" classname="de.uka.ilkd.key.testcase.smt.ce.TestCE" time="0.339"/>
  <testcase name="testOverFlow2()" classname="de.uka.ilkd.key.testcase.smt.ce.TestCE" time="0.003"/>
  <testcase name="testMiddle()" classname="de.uka.ilkd.key.testcase.smt.ce.TestCE" time="15.301"/>
  <testcase name="testTypes1()" classname="de.uka.ilkd.key.testcase.smt.ce.TestCE" time="0.002"/>
  <testcase name="testTypes2()" classname="de.uka.ilkd.key.testcase.smt.ce.TestCE" time="0.001"/>
  <testcase name="testTypes3()" classname="de.uka.ilkd.key.testcase.smt.ce.TestCE" time="0.001"/>
  <testcase name="testTypes4()" classname="de.uka.ilkd.key.testcase.smt.ce.TestCE" time="0.003"/>
  <testcase name="testTypes5()" classname="de.uka.ilkd.key.testcase.smt.ce.TestCE" time="0.001"/>
  <testcase name="testTypes6()" classname="de.uka.ilkd.key.testcase.smt.ce.TestCE" time="0.001"/>
  <testcase name="testTypes7()" classname="de.uka.ilkd.key.testcase.smt.ce.TestCE" time="0.004"/>
  <testcase name="testTypes8()" classname="de.uka.ilkd.key.testcase.smt.ce.TestCE" time="0.001"/>
  <testcase name="testTypes9()" classname="de.uka.ilkd.key.testcase.smt.ce.TestCE" time="0.0"/>
  <system-out><![CDATA[09:05:11,337 |-INFO in ch.qos.logback.classic.LoggerContext[default] - This is logback-classic version 1.4.6
09:05:11,368 |-INFO in ch.qos.logback.classic.LoggerContext[default] - Could NOT find resource [logback-test.xml]
09:05:11,368 |-INFO in ch.qos.logback.classic.LoggerContext[default] - Found resource [logback.xml] at [file:/D:/a/key/key/key.core.testgen/build/resources/test/logback.xml]
09:05:11,556 |-INFO in ch.qos.logback.core.model.processor.AppenderModelHandler - Processing appender named [STDOUT]
09:05:11,556 |-INFO in ch.qos.logback.core.model.processor.AppenderModelHandler - About to instantiate appender of type [ch.qos.logback.core.ConsoleAppender]
09:05:11,556 |-WARN in ch.qos.logback.core.model.processor.ImplicitModelHandler - Ignoring unknown property [file] in [ch.qos.logback.core.ConsoleAppender]
09:05:11,556 |-WARN in ch.qos.logback.core.model.processor.ImplicitModelHandler - Ignoring unknown property [append] in [ch.qos.logback.core.ConsoleAppender]
09:05:11,556 |-INFO in ch.qos.logback.core.model.processor.ImplicitModelHandler - Assuming default type [ch.qos.logback.classic.encoder.PatternLayoutEncoder] for [encoder] property
09:05:11,587 |-INFO in ch.qos.logback.classic.model.processor.RootLoggerModelHandler - Setting level of ROOT logger to DEBUG
09:05:11,587 |-INFO in ch.qos.logback.core.model.processor.AppenderRefModelHandler - Attaching appender named [STDOUT] to Logger[ROOT]
09:05:11,587 |-INFO in ch.qos.logback.core.model.processor.DefaultProcessor@6bea52d4 - End of configuration.
09:05:11,618 |-INFO in ch.qos.logback.classic.joran.JoranConfigurator@11981797 - Registering current configuration as safe fallback point

702        WARN  Test worker     d.u.i.k.t.s.c.TestCE      Warning: Z3_CE is not installed, tests skipped. 
718        WARN  Test worker     d.u.i.k.t.s.c.TestCE      Maybe use JVM system property "z3SolverPath" to define the path to the Z3 command. 
817        WARN  Test worker     d.u.i.k.s.ProofIndependentSettings The settings in C:\Users\runneradmin\.key\proofIndependentSettings.props are *not* read due to flag 'key.disregardSettings' 
845        INFO  Test worker     d.u.i.k.p.i.AbstractProblemLoader Loading environment from src\test\resources\testcase\smt\ce\middle.key 
864        DEBUG Test worker     d.u.i.k.p.i.AbstractProblemLoader Environment load took 4.28ms 
1271       INFO  Test worker     d.u.i.k.p.i.AbstractProblemLoader Creating init config 
1302       WARN  Test worker     d.u.i.k.s.ProofSettings   The settings in C:\Users\runneradmin\.key\proof-settings.props are *not* read. 
2960       DEBUG Test worker     d.u.i.k.j.TypeConverter   No LDT found for Meta 
2960       DEBUG Test worker     d.u.i.k.j.TypeConverter   No LDT found for Meta 
2960       DEBUG Test worker     d.u.i.k.j.TypeConverter   No LDT found for Meta 
2960       DEBUG Test worker     d.u.i.k.j.TypeConverter   No LDT found for Meta 
5261       DEBUG Test worker     d.u.i.k.j.TypeConverter   No LDT found for JavaBigintExpression 
12350      DEBUG Test worker     d.u.i.k.p.i.AbstractProblemLoader Init config took 11.08s 
12585      INFO  Test worker     d.u.i.k.p.i.AbstractProblemLoader Replaying proof Middle[Middle::middle(int,int,int)].JML normal_behavior operation contract.0 
12647      DEBUG Test worker     d.u.i.k.p.i.IntermediateProofReplayer Proof replay took 73.2ns 
]]></system-out>
  <system-err><![CDATA[ANTLR Tool version 4.12.0 used for code generation does not match the current runtime version 4.13.0
ANTLR Tool version 4.12.0 used for code generation does not match the current runtime version 4.13.0
ANTLR Tool version 4.12.0 used for code generation does not match the current runtime version 4.13.0
ANTLR Tool version 4.12.0 used for code generation does not match the current runtime version 4.13.0
]]></system-err>
</testsuite>
