<?xml version="1.0" encoding="UTF-8"?>
<testsuite name="org.key_project.slicing.EndToEndTests" tests="11" skipped="0" failures="0" errors="0" timestamp="2023-06-05T22:26:16" hostname="fv-az454-800" time="398.907">
  <properties/>
  <testcase name="sliceIfThenElseSplit()" classname="org.key_project.slicing.EndToEndTests" time="91.172"/>
  <testcase name="deduplicateChecksMergabilityCorrectly()" classname="org.key_project.slicing.EndToEndTests" time="14.528"/>
  <testcase name="sliceDuplicatesAway()" classname="org.key_project.slicing.EndToEndTests" time="57.511"/>
  <testcase name="sliceMultipleIterations()" classname="org.key_project.slicing.EndToEndTests" time="88.154"/>
  <testcase name="sliceDuplicatesAwayOpenGoals()" classname="org.key_project.slicing.EndToEndTests" time="58.574"/>
  <testcase name="sliceCutExample()" classname="org.key_project.slicing.EndToEndTests" time="14.297"/>
  <testcase name="sliceAgathaWithOpenGoal()" classname="org.key_project.slicing.EndToEndTests" time="14.458"/>
  <testcase name="sliceSimpleSMT()" classname="org.key_project.slicing.EndToEndTests" time="0.001"/>
  <testcase name="sliceWithOpenGoal()" classname="org.key_project.slicing.EndToEndTests" time="28.565"/>
  <testcase name="sliceAgatha()" classname="org.key_project.slicing.EndToEndTests" time="14.309"/>
  <testcase name="sliceJavaProof()" classname="org.key_project.slicing.EndToEndTests" time="17.332"/>
  <system-out><![CDATA[[22:26:16.910] ?[34mINFO ?[0;39m ?[36mEndToEndTests?[0;39m - Loading /home/runner/work/key/key/keyext.slicing/src/test/resources/testcase/ifThenElseSplit.proof
[22:26:17.221] ?[31mWARN ?[0;39m ?[36mProofIndependentSettings?[0;39m - The settings in /home/runner/.key/proofIndependentSettings.props are *not* read due to flag 'key.disregardSettings'
[22:26:17.243] ?[34mINFO ?[0;39m ?[36mAbstractProblemLoader?[0;39m - Loading environment from src/test/resources/testcase/ifThenElseSplit.proof
[22:26:17.780] ?[34mINFO ?[0;39m ?[36mAbstractProblemLoader?[0;39m - Creating init config
[22:26:17.853] ?[31mWARN ?[0;39m ?[36mProofSettings?[0;39m - The settings in /home/runner/.key/proof-settings.props are *not* read.
[22:26:33.682] ?[34mINFO ?[0;39m ?[36mAbstractProblemLoader?[0;39m - Replaying proof ifThenElseSplit.proof
[22:26:37.913] ?[34mINFO ?[0;39m ?[36mKeyStrokeSettings?[0;39m - Save keyboard shortcuts to: /home/runner/.key/keystrokes.properties
[22:26:37.990] ?[34mINFO ?[0;39m ?[36mAbstractProblemLoader?[0;39m - Loading environment from /tmp/proof13564110037097920436.proof
[22:26:37.994] ?[34mINFO ?[0;39m ?[36mAbstractProblemLoader?[0;39m - Creating init config
[22:26:43.325] ?[34mINFO ?[0;39m ?[36mAbstractProblemLoader?[0;39m - Replaying proof proof13564110037097920436.proof
[22:26:43.352] ?[34mINFO ?[0;39m ?[36mAbstractProblemLoader?[0;39m - Loading environment from /tmp/KeYslice17274228736142569810/ifThenElseSplit_slice1.proof
[22:26:43.360] ?[34mINFO ?[0;39m ?[36mAbstractProblemLoader?[0;39m - Creating init config
[22:26:48.517] ?[34mINFO ?[0;39m ?[36mAbstractProblemLoader?[0;39m - Replaying proof ifThenElseSplit_slice1.proof
[22:26:48.530] ?[34mINFO ?[0;39m ?[36mEndToEndTests?[0;39m - Loading /home/runner/work/key/key/keyext.slicing/src/test/resources/testcase/ifThenElseSplit.proof
[22:26:48.537] ?[34mINFO ?[0;39m ?[36mAbstractProblemLoader?[0;39m - Loading environment from src/test/resources/testcase/ifThenElseSplit.proof
[22:26:48.539] ?[34mINFO ?[0;39m ?[36mAbstractProblemLoader?[0;39m - Creating init config
[22:26:53.603] ?[34mINFO ?[0;39m ?[36mAbstractProblemLoader?[0;39m - Replaying proof ifThenElseSplit.proof
[22:26:53.627] ?[34mINFO ?[0;39m ?[36mDependencyAnalyzer?[0;39m - merging 2 and 3
[22:26:53.630] ?[34mINFO ?[0;39m ?[36mAbstractProblemLoader?[0;39m - Loading environment from /tmp/proof6512329102163190592.proof
[22:26:53.633] ?[34mINFO ?[0;39m ?[36mAbstractProblemLoader?[0;39m - Creating init config
[22:26:58.846] ?[34mINFO ?[0;39m ?[36mAbstractProblemLoader?[0;39m - Replaying proof proof6512329102163190592.proof
[22:26:58.878] ?[34mINFO ?[0;39m ?[36mAbstractProblemLoader?[0;39m - Loading environment from /tmp/KeYslice9653798660763466602/ifThenElseSplit_slice1.proof
[22:26:58.880] ?[34mINFO ?[0;39m ?[36mAbstractProblemLoader?[0;39m - Creating init config
[22:27:03.854] ?[34mINFO ?[0;39m ?[36mAbstractProblemLoader?[0;39m - Replaying proof ifThenElseSplit_slice1.proof
[22:27:03.863] ?[34mINFO ?[0;39m ?[36mEndToEndTests?[0;39m - Loading /tmp/KeYslice9653798660763466602/ifThenElseSplit_slice1.proof
[22:27:03.864] ?[34mINFO ?[0;39m ?[36mAbstractProblemLoader?[0;39m - Loading environment from /tmp/KeYslice9653798660763466602/ifThenElseSplit_slice1.proof
[22:27:03.866] ?[34mINFO ?[0;39m ?[36mAbstractProblemLoader?[0;39m - Creating init config
[22:27:08.763] ?[34mINFO ?[0;39m ?[36mAbstractProblemLoader?[0;39m - Replaying proof ifThenElseSplit_slice1.proof
[22:27:08.776] ?[34mINFO ?[0;39m ?[36mDependencyAnalyzer?[0;39m - merging 3 and 4
[22:27:08.778] ?[34mINFO ?[0;39m ?[36mAbstractProblemLoader?[0;39m - Loading environment from /tmp/proof11178286060698365129.proof
[22:27:08.781] ?[34mINFO ?[0;39m ?[36mAbstractProblemLoader?[0;39m - Creating init config
[22:27:13.620] ?[34mINFO ?[0;39m ?[36mAbstractProblemLoader?[0;39m - Replaying proof proof11178286060698365129.proof
[22:27:13.630] ?[34mINFO ?[0;39m ?[36mAbstractProblemLoader?[0;39m - Loading environment from /tmp/KeYslice13021844347889655652/ifThenElseSplit_slice2.proof
[22:27:13.631] ?[34mINFO ?[0;39m ?[36mAbstractProblemLoader?[0;39m - Creating init config
[22:27:18.560] ?[34mINFO ?[0;39m ?[36mAbstractProblemLoader?[0;39m - Replaying proof ifThenElseSplit_slice2.proof
[22:27:18.569] ?[34mINFO ?[0;39m ?[36mEndToEndTests?[0;39m - Loading /tmp/KeYslice13021844347889655652/ifThenElseSplit_slice2.proof
[22:27:18.570] ?[34mINFO ?[0;39m ?[36mAbstractProblemLoader?[0;39m - Loading environment from /tmp/KeYslice13021844347889655652/ifThenElseSplit_slice2.proof
[22:27:18.571] ?[34mINFO ?[0;39m ?[36mAbstractProblemLoader?[0;39m - Creating init config
[22:27:23.422] ?[34mINFO ?[0;39m ?[36mAbstractProblemLoader?[0;39m - Replaying proof ifThenElseSplit_slice2.proof
[22:27:23.435] ?[34mINFO ?[0;39m ?[36mDependencyAnalyzer?[0;39m - merging 4 and 5
[22:27:23.437] ?[34mINFO ?[0;39m ?[36mAbstractProblemLoader?[0;39m - Loading environment from /tmp/proof9597906674936701255.proof
[22:27:23.439] ?[34mINFO ?[0;39m ?[36mAbstractProblemLoader?[0;39m - Creating init config
[22:27:28.295] ?[34mINFO ?[0;39m ?[36mAbstractProblemLoader?[0;39m - Replaying proof proof9597906674936701255.proof
[22:27:28.304] ?[34mINFO ?[0;39m ?[36mAbstractProblemLoader?[0;39m - Loading environment from /tmp/KeYslice1848342977357983586/ifThenElseSplit_slice3.proof
[22:27:28.306] ?[34mINFO ?[0;39m ?[36mAbstractProblemLoader?[0;39m - Creating init config
[22:27:33.269] ?[34mINFO ?[0;39m ?[36mAbstractProblemLoader?[0;39m - Replaying proof ifThenElseSplit_slice3.proof
[22:27:33.285] ?[34mINFO ?[0;39m ?[36mEndToEndTests?[0;39m - Loading /tmp/KeYslice1848342977357983586/ifThenElseSplit_slice3.proof
[22:27:33.285] ?[34mINFO ?[0;39m ?[36mAbstractProblemLoader?[0;39m - Loading environment from /tmp/KeYslice1848342977357983586/ifThenElseSplit_slice3.proof
[22:27:33.286] ?[34mINFO ?[0;39m ?[36mAbstractProblemLoader?[0;39m - Creating init config
[22:27:38.238] ?[34mINFO ?[0;39m ?[36mAbstractProblemLoader?[0;39m - Replaying proof ifThenElseSplit_slice3.proof
[22:27:38.258] ?[34mINFO ?[0;39m ?[36mDependencyAnalyzer?[0;39m - merging 5 and 6
[22:27:38.263] ?[34mINFO ?[0;39m ?[36mAbstractProblemLoader?[0;39m - Loading environment from /tmp/proof5658163542578557422.proof
[22:27:38.266] ?[34mINFO ?[0;39m ?[36mAbstractProblemLoader?[0;39m - Creating init config
[22:27:43.187] ?[34mINFO ?[0;39m ?[36mAbstractProblemLoader?[0;39m - Replaying proof proof5658163542578557422.proof
[22:27:43.195] ?[34mINFO ?[0;39m ?[36mAbstractProblemLoader?[0;39m - Loading environment from /tmp/KeYslice6874996572133498164/ifThenElseSplit_slice4.proof
[22:27:43.196] ?[34mINFO ?[0;39m ?[36mAbstractProblemLoader?[0;39m - Creating init config
[22:27:48.066] ?[34mINFO ?[0;39m ?[36mAbstractProblemLoader?[0;39m - Replaying proof ifThenElseSplit_slice4.proof
[22:27:48.078] ?[34mINFO ?[0;39m ?[36mEndToEndTests?[0;39m - Loading /home/runner/work/key/key/keyext.slicing/src/test/resources/testcase/deduplicateCheck4.proof
[22:27:48.079] ?[34mINFO ?[0;39m ?[36mAbstractProblemLoader?[0;39m - Loading environment from src/test/resources/testcase/deduplicateCheck4.proof
[22:27:48.081] ?[34mINFO ?[0;39m ?[36mAbstractProblemLoader?[0;39m - Creating init config
[22:27:52.898] ?[34mINFO ?[0;39m ?[36mAbstractProblemLoader?[0;39m - Replaying proof deduplicateCheck4.proof
[22:27:52.918] ?[34mINFO ?[0;39m ?[36mAbstractProblemLoader?[0;39m - Loading environment from /tmp/proof3851453831584273700.proof
[22:27:52.920] ?[34mINFO ?[0;39m ?[36mAbstractProblemLoader?[0;39m - Creating init config
[22:27:57.696] ?[34mINFO ?[0;39m ?[36mAbstractProblemLoader?[0;39m - Replaying proof proof3851453831584273700.proof
[22:27:57.707] ?[34mINFO ?[0;39m ?[36mAbstractProblemLoader?[0;39m - Loading environment from /tmp/KeYslice17770547229387125675/deduplicateCheck4_slice1.proof
[22:27:57.708] ?[34mINFO ?[0;39m ?[36mAbstractProblemLoader?[0;39m - Creating init config
[22:28:02.593] ?[34mINFO ?[0;39m ?[36mAbstractProblemLoader?[0;39m - Replaying proof deduplicateCheck4_slice1.proof
[22:28:02.608] ?[34mINFO ?[0;39m ?[36mEndToEndTests?[0;39m - Loading /home/runner/work/key/key/keyext.slicing/src/test/resources/testcase/exampleDuplicate.proof
[22:28:02.608] ?[34mINFO ?[0;39m ?[36mAbstractProblemLoader?[0;39m - Loading environment from src/test/resources/testcase/exampleDuplicate.proof
[22:28:02.610] ?[34mINFO ?[0;39m ?[36mAbstractProblemLoader?[0;39m - Creating init config
[22:28:07.556] ?[34mINFO ?[0;39m ?[36mAbstractProblemLoader?[0;39m - Replaying proof exampleDuplicate.proof
[22:28:07.589] ?[34mINFO ?[0;39m ?[36mDependencyAnalyzer?[0;39m - merging 2 and 3
[22:28:07.592] ?[34mINFO ?[0;39m ?[36mAbstractProblemLoader?[0;39m - Loading environment from /tmp/proof9893168284089942789.proof
[22:28:07.595] ?[34mINFO ?[0;39m ?[36mAbstractProblemLoader?[0;39m - Creating init config
[22:28:12.386] ?[34mINFO ?[0;39m ?[36mAbstractProblemLoader?[0;39m - Replaying proof proof9893168284089942789.proof
[22:28:12.409] ?[34mINFO ?[0;39m ?[36mAbstractProblemLoader?[0;39m - Loading environment from /tmp/KeYslice6599579722554355336/exampleDuplicate_slice1.proof
[22:28:12.411] ?[34mINFO ?[0;39m ?[36mAbstractProblemLoader?[0;39m - Creating init config
[22:28:17.184] ?[34mINFO ?[0;39m ?[36mAbstractProblemLoader?[0;39m - Replaying proof exampleDuplicate_slice1.proof
[22:28:17.198] ?[34mINFO ?[0;39m ?[36mEndToEndTests?[0;39m - Loading /tmp/KeYslice6599579722554355336/exampleDuplicate_slice1.proof
[22:28:17.200] ?[34mINFO ?[0;39m ?[36mAbstractProblemLoader?[0;39m - Loading environment from /tmp/KeYslice6599579722554355336/exampleDuplicate_slice1.proof
[22:28:17.202] ?[34mINFO ?[0;39m ?[36mAbstractProblemLoader?[0;39m - Creating init config
[22:28:22.051] ?[34mINFO ?[0;39m ?[36mAbstractProblemLoader?[0;39m - Replaying proof exampleDuplicate_slice1.proof
[22:28:22.068] ?[34mINFO ?[0;39m ?[36mDependencyAnalyzer?[0;39m - merging 3 and 4
[22:28:22.070] ?[34mINFO ?[0;39m ?[36mAbstractProblemLoader?[0;39m - Loading environment from /tmp/proof8451286462803321443.proof
[22:28:22.072] ?[34mINFO ?[0;39m ?[36mAbstractProblemLoader?[0;39m - Creating init config
[22:28:26.931] ?[34mINFO ?[0;39m ?[36mAbstractProblemLoader?[0;39m - Replaying proof proof8451286462803321443.proof
[22:28:26.947] ?[34mINFO ?[0;39m ?[36mAbstractProblemLoader?[0;39m - Loading environment from /tmp/KeYslice612214393064272374/exampleDuplicate_slice2.proof
[22:28:26.948] ?[34mINFO ?[0;39m ?[36mAbstractProblemLoader?[0;39m - Creating init config
[22:28:31.751] ?[34mINFO ?[0;39m ?[36mAbstractProblemLoader?[0;39m - Replaying proof exampleDuplicate_slice2.proof
[22:28:31.765] ?[34mINFO ?[0;39m ?[36mEndToEndTests?[0;39m - Loading /tmp/KeYslice612214393064272374/exampleDuplicate_slice2.proof
[22:28:31.766] ?[34mINFO ?[0;39m ?[36mAbstractProblemLoader?[0;39m - Loading environment from /tmp/KeYslice612214393064272374/exampleDuplicate_slice2.proof
[22:28:31.767] ?[34mINFO ?[0;39m ?[36mAbstractProblemLoader?[0;39m - Creating init config
[22:28:36.506] ?[34mINFO ?[0;39m ?[36mAbstractProblemLoader?[0;39m - Replaying proof exampleDuplicate_slice2.proof
[22:28:36.521] ?[34mINFO ?[0;39m ?[36mDependencyAnalyzer?[0;39m - merging 4 and 5
[22:28:36.523] ?[34mINFO ?[0;39m ?[36mAbstractProblemLoader?[0;39m - Loading environment from /tmp/proof5841436625403739862.proof
[22:28:36.525] ?[34mINFO ?[0;39m ?[36mAbstractProblemLoader?[0;39m - Creating init config
[22:28:41.271] ?[34mINFO ?[0;39m ?[36mAbstractProblemLoader?[0;39m - Replaying proof proof5841436625403739862.proof
[22:28:41.284] ?[34mINFO ?[0;39m ?[36mAbstractProblemLoader?[0;39m - Loading environment from /tmp/KeYslice17075598168497472776/exampleDuplicate_slice3.proof
[22:28:41.285] ?[34mINFO ?[0;39m ?[36mAbstractProblemLoader?[0;39m - Creating init config
[22:28:46.018] ?[34mINFO ?[0;39m ?[36mAbstractProblemLoader?[0;39m - Replaying proof exampleDuplicate_slice3.proof
[22:28:46.031] ?[34mINFO ?[0;39m ?[36mEndToEndTests?[0;39m - Loading /tmp/KeYslice17075598168497472776/exampleDuplicate_slice3.proof
[22:28:46.032] ?[34mINFO ?[0;39m ?[36mAbstractProblemLoader?[0;39m - Loading environment from /tmp/KeYslice17075598168497472776/exampleDuplicate_slice3.proof
[22:28:46.033] ?[34mINFO ?[0;39m ?[36mAbstractProblemLoader?[0;39m - Creating init config
[22:28:50.725] ?[34mINFO ?[0;39m ?[36mAbstractProblemLoader?[0;39m - Replaying proof exampleDuplicate_slice3.proof
[22:28:50.739] ?[34mINFO ?[0;39m ?[36mAbstractProblemLoader?[0;39m - Loading environment from /tmp/proof16041825521651654672.proof
[22:28:50.741] ?[34mINFO ?[0;39m ?[36mAbstractProblemLoader?[0;39m - Creating init config
[22:28:55.403] ?[34mINFO ?[0;39m ?[36mAbstractProblemLoader?[0;39m - Replaying proof proof16041825521651654672.proof
[22:28:55.417] ?[34mINFO ?[0;39m ?[36mAbstractProblemLoader?[0;39m - Loading environment from /tmp/KeYslice3845662179724649728/exampleDuplicate_slice4.proof
[22:28:55.418] ?[34mINFO ?[0;39m ?[36mAbstractProblemLoader?[0;39m - Creating init config
[22:29:00.103] ?[34mINFO ?[0;39m ?[36mAbstractProblemLoader?[0;39m - Replaying proof exampleDuplicate_slice4.proof
[22:29:00.118] ?[34mINFO ?[0;39m ?[36mEndToEndTests?[0;39m - Loading /home/runner/work/key/key/keyext.slicing/src/test/resources/testcase/../../../../../key.ui/examples/firstTouch/05-ReverseArray/reverseArray.proof
[22:29:00.119] ?[34mINFO ?[0;39m ?[36mAbstractProblemLoader?[0;39m - Loading environment from src/test/resources/testcase/../../../../../key.ui/examples/firstTouch/05-ReverseArray/reverseArray.proof
[22:29:00.120] ?[34mINFO ?[0;39m ?[36mAbstractProblemLoader?[0;39m - Creating init config
[22:29:05.227] ?[34mINFO ?[0;39m ?[36mAbstractProblemLoader?[0;39m - Replaying proof ReverseArray[ReverseArray::reverse()].JML normal_behavior operation contract.0
[22:29:07.431] ?[34mINFO ?[0;39m ?[36mDependencyAnalyzer?[0;39m - merging 1010 and 4663
[22:29:07.453] ?[34mINFO ?[0;39m ?[36mDependencyAnalyzer?[0;39m - merging 2591 and 3795
[22:29:07.455] ?[34mINFO ?[0;39m ?[36mDependencyAnalyzer?[0;39m - merging 3958 and 4306
[22:29:07.460] ?[34mINFO ?[0;39m ?[36mDependencyAnalyzer?[0;39m - merging 1354 and 4678
[22:29:07.486] ?[34mINFO ?[0;39m ?[36mAbstractProblemLoader?[0;39m - Loading environment from /tmp/proof12809995598782886218.proof
[22:29:07.489] ?[34mINFO ?[0;39m ?[36mAbstractProblemLoader?[0;39m - Creating init config
[22:29:12.667] ?[34mINFO ?[0;39m ?[36mAbstractProblemLoader?[0;39m - Replaying proof ReverseArray[ReverseArray::reverse()].JML normal_behavior operation contract.0
[22:29:13.783] ?[34mINFO ?[0;39m ?[36mAbstractProblemLoader?[0;39m - Loading environment from /tmp/KeYslice14742694027623456441/reverseArray_slice1.proof
[22:29:13.785] ?[34mINFO ?[0;39m ?[36mAbstractProblemLoader?[0;39m - Creating init config
[22:29:18.836] ?[34mINFO ?[0;39m ?[36mAbstractProblemLoader?[0;39m - Replaying proof ReverseArray[ReverseArray::reverse()].JML normal_behavior operation contract.0
[22:29:19.685] ?[34mINFO ?[0;39m ?[36mEndToEndTests?[0;39m - Loading /tmp/KeYslice14742694027623456441/reverseArray_slice1.proof
[22:29:19.686] ?[34mINFO ?[0;39m ?[36mAbstractProblemLoader?[0;39m - Loading environment from /tmp/KeYslice14742694027623456441/reverseArray_slice1.proof
[22:29:19.688] ?[34mINFO ?[0;39m ?[36mAbstractProblemLoader?[0;39m - Creating init config
[22:29:24.786] ?[34mINFO ?[0;39m ?[36mAbstractProblemLoader?[0;39m - Replaying proof ReverseArray[ReverseArray::reverse()].JML normal_behavior operation contract.0
[22:29:25.612] ?[34mINFO ?[0;39m ?[36mDependencyAnalyzer?[0;39m - merging 2219 and 2914
[22:29:25.618] ?[34mINFO ?[0;39m ?[36mDependencyAnalyzer?[0;39m - merging 880 and 3479
[22:29:25.627] ?[34mINFO ?[0;39m ?[36mDependencyAnalyzer?[0;39m - merging 947 and 3782
[22:29:25.632] ?[34mINFO ?[0;39m ?[36mDependencyAnalyzer?[0;39m - merging 2973 and 3148
[22:29:25.637] ?[34mINFO ?[0;39m ?[36mDependencyAnalyzer?[0;39m - merging 943 and 3370
[22:29:25.645] ?[34mINFO ?[0;39m ?[36mDependencyAnalyzer?[0;39m - merging 879 and 3473
[22:29:25.648] ?[34mINFO ?[0;39m ?[36mDependencyAnalyzer?[0;39m - merging 1281 and 3384
[22:29:25.662] ?[34mINFO ?[0;39m ?[36mAbstractProblemLoader?[0;39m - Loading environment from /tmp/proof2328013155445686750.proof
[22:29:25.664] ?[34mINFO ?[0;39m ?[36mAbstractProblemLoader?[0;39m - Creating init config
[22:29:30.779] ?[34mINFO ?[0;39m ?[36mAbstractProblemLoader?[0;39m - Replaying proof ReverseArray[ReverseArray::reverse()].JML normal_behavior operation contract.0
[22:29:31.475] ?[34mINFO ?[0;39m ?[36mAbstractProblemLoader?[0;39m - Loading environment from /tmp/KeYslice4545359031549661771/reverseArray_slice2.proof
[22:29:31.477] ?[34mINFO ?[0;39m ?[36mAbstractProblemLoader?[0;39m - Creating init config
[22:29:36.562] ?[34mINFO ?[0;39m ?[36mAbstractProblemLoader?[0;39m - Replaying proof ReverseArray[ReverseArray::reverse()].JML normal_behavior operation contract.0
[22:29:37.440] ?[34mINFO ?[0;39m ?[36mEndToEndTests?[0;39m - Loading /tmp/KeYslice4545359031549661771/reverseArray_slice2.proof
[22:29:37.440] ?[34mINFO ?[0;39m ?[36mAbstractProblemLoader?[0;39m - Loading environment from /tmp/KeYslice4545359031549661771/reverseArray_slice2.proof
[22:29:37.442] ?[34mINFO ?[0;39m ?[36mAbstractProblemLoader?[0;39m - Creating init config
[22:29:42.533] ?[34mINFO ?[0;39m ?[36mAbstractProblemLoader?[0;39m - Replaying proof ReverseArray[ReverseArray::reverse()].JML normal_behavior operation contract.0
[22:29:43.219] ?[34mINFO ?[0;39m ?[36mDependencyAnalyzer?[0;39m - merging 949 and 3776
[22:29:43.225] ?[34mINFO ?[0;39m ?[36mDependencyAnalyzer?[0;39m - merging 946 and 3368
[22:29:43.230] ?[34mINFO ?[0;39m ?[36mDependencyAnalyzer?[0;39m - merging 1301 and 3381
[22:29:43.238] ?[34mINFO ?[0;39m ?[36mDependencyAnalyzer?[0;39m - merging 782 and 3554
[22:29:43.246] ?[34mINFO ?[0;39m ?[36mDependencyAnalyzer?[0;39m - merging 2973 and 3147
[22:29:43.254] ?[34mINFO ?[0;39m ?[36mDependencyAnalyzer?[0;39m - merging 781 and 3569
[22:29:43.257] ?[34mINFO ?[0;39m ?[36mDependencyAnalyzer?[0;39m - merging 883 and 3474
[22:29:43.258] ?[34mINFO ?[0;39m ?[36mDependencyAnalyzer?[0;39m - merging 2220 and 2914
[22:29:43.260] ?[34mINFO ?[0;39m ?[36mDependencyAnalyzer?[0;39m - merging 882 and 3469
[22:29:43.272] ?[34mINFO ?[0;39m ?[36mAbstractProblemLoader?[0;39m - Loading environment from /tmp/proof13059866216207694271.proof
[22:29:43.274] ?[34mINFO ?[0;39m ?[36mAbstractProblemLoader?[0;39m - Creating init config
[22:29:48.393] ?[34mINFO ?[0;39m ?[36mAbstractProblemLoader?[0;39m - Replaying proof ReverseArray[ReverseArray::reverse()].JML normal_behavior operation contract.0
[22:29:48.976] ?[34mINFO ?[0;39m ?[36mAbstractProblemLoader?[0;39m - Loading environment from /tmp/KeYslice11839121567218837685/reverseArray_slice3.proof
[22:29:48.977] ?[34mINFO ?[0;39m ?[36mAbstractProblemLoader?[0;39m - Creating init config
[22:29:54.092] ?[34mINFO ?[0;39m ?[36mAbstractProblemLoader?[0;39m - Replaying proof ReverseArray[ReverseArray::reverse()].JML normal_behavior operation contract.0
[22:29:54.638] ?[34mINFO ?[0;39m ?[36mEndToEndTests?[0;39m - Loading /tmp/KeYslice11839121567218837685/reverseArray_slice3.proof
[22:29:54.639] ?[34mINFO ?[0;39m ?[36mAbstractProblemLoader?[0;39m - Loading environment from /tmp/KeYslice11839121567218837685/reverseArray_slice3.proof
[22:29:54.641] ?[34mINFO ?[0;39m ?[36mAbstractProblemLoader?[0;39m - Creating init config
[22:29:59.752] ?[34mINFO ?[0;39m ?[36mAbstractProblemLoader?[0;39m - Replaying proof ReverseArray[ReverseArray::reverse()].JML normal_behavior operation contract.0
[22:30:00.275] ?[34mINFO ?[0;39m ?[36mDependencyAnalyzer?[0;39m - merging 1285 and 3379
[22:30:00.277] ?[34mINFO ?[0;39m ?[36mDependencyAnalyzer?[0;39m - merging 784 and 3562
[22:30:00.280] ?[34mINFO ?[0;39m ?[36mDependencyAnalyzer?[0;39m - merging 1296 and 3803
[22:30:00.281] ?[34mINFO ?[0;39m ?[36mDependencyAnalyzer?[0;39m - merging 756 and 3651
[22:30:00.289] ?[34mINFO ?[0;39m ?[36mDependencyAnalyzer?[0;39m - merging 1302 and 3378
[22:30:00.292] ?[34mINFO ?[0;39m ?[36mDependencyAnalyzer?[0;39m - merging 885 and 3465
[22:30:00.297] ?[34mINFO ?[0;39m ?[36mDependencyAnalyzer?[0;39m - merging 2221 and 2914
[22:30:00.299] ?[34mINFO ?[0;39m ?[36mDependencyAnalyzer?[0;39m - merging 2973 and 3146
[22:30:00.300] ?[34mINFO ?[0;39m ?[36mDependencyAnalyzer?[0;39m - merging 757 and 3657
[22:30:00.302] ?[34mINFO ?[0;39m ?[36mDependencyAnalyzer?[0;39m - merging 785 and 3548
[22:30:00.310] ?[34mINFO ?[0;39m ?[36mDependencyAnalyzer?[0;39m - merging 886 and 3469
[22:30:00.319] ?[34mINFO ?[0;39m ?[36mAbstractProblemLoader?[0;39m - Loading environment from /tmp/proof10713063287942448044.proof
[22:30:00.321] ?[34mINFO ?[0;39m ?[36mAbstractProblemLoader?[0;39m - Creating init config
[22:30:05.441] ?[34mINFO ?[0;39m ?[36mAbstractProblemLoader?[0;39m - Replaying proof ReverseArray[ReverseArray::reverse()].JML normal_behavior operation contract.0
[22:30:05.968] ?[34mINFO ?[0;39m ?[36mAbstractProblemLoader?[0;39m - Loading environment from /tmp/KeYslice9341208862409073816/reverseArray_slice4.proof
[22:30:05.970] ?[34mINFO ?[0;39m ?[36mAbstractProblemLoader?[0;39m - Creating init config
[22:30:10.972] ?[34mINFO ?[0;39m ?[36mAbstractProblemLoader?[0;39m - Replaying proof ReverseArray[ReverseArray::reverse()].JML normal_behavior operation contract.0
[22:30:11.497] ?[34mINFO ?[0;39m ?[36mEndToEndTests?[0;39m - Loading /tmp/KeYslice9341208862409073816/reverseArray_slice4.proof
[22:30:11.498] ?[34mINFO ?[0;39m ?[36mAbstractProblemLoader?[0;39m - Loading environment from /tmp/KeYslice9341208862409073816/reverseArray_slice4.proof
[22:30:11.500] ?[34mINFO ?[0;39m ?[36mAbstractProblemLoader?[0;39m - Creating init config
[22:30:16.565] ?[34mINFO ?[0;39m ?[36mAbstractProblemLoader?[0;39m - Replaying proof ReverseArray[ReverseArray::reverse()].JML normal_behavior operation contract.0
[22:30:17.123] ?[34mINFO ?[0;39m ?[36mDependencyAnalyzer?[0;39m - merging 760 and 3643
[22:30:17.126] ?[34mINFO ?[0;39m ?[36mDependencyAnalyzer?[0;39m - merging 1288 and 3376
[22:30:17.127] ?[34mINFO ?[0;39m ?[36mDependencyAnalyzer?[0;39m - merging 2222 and 2914
[22:30:17.130] ?[34mINFO ?[0;39m ?[36mDependencyAnalyzer?[0;39m - merging 1298 and 3793
[22:30:17.135] ?[34mINFO ?[0;39m ?[36mDependencyAnalyzer?[0;39m - merging 1396 and 3388
[22:30:17.139] ?[34mINFO ?[0;39m ?[36mDependencyAnalyzer?[0;39m - merging 2973 and 3145
[22:30:17.142] ?[34mINFO ?[0;39m ?[36mDependencyAnalyzer?[0;39m - merging 622 and 3786
[22:30:17.149] ?[34mINFO ?[0;39m ?[36mDependencyAnalyzer?[0;39m - merging 759 and 3648
[22:30:17.151] ?[34mINFO ?[0;39m ?[36mDependencyAnalyzer?[0;39m - merging 787 and 3542
[22:30:17.155] ?[34mINFO ?[0;39m ?[36mDependencyAnalyzer?[0;39m - merging 889 and 3464
[22:30:17.157] ?[34mINFO ?[0;39m ?[36mDependencyAnalyzer?[0;39m - merging 888 and 3465
[22:30:17.159] ?[34mINFO ?[0;39m ?[36mDependencyAnalyzer?[0;39m - merging 788 and 3555
[22:30:17.165] ?[34mINFO ?[0;39m ?[36mAbstractProblemLoader?[0;39m - Loading environment from /tmp/proof16154965283023193895.proof
[22:30:17.167] ?[34mINFO ?[0;39m ?[36mAbstractProblemLoader?[0;39m - Creating init config
[22:30:22.166] ?[34mINFO ?[0;39m ?[36mAbstractProblemLoader?[0;39m - Replaying proof ReverseArray[ReverseArray::reverse()].JML normal_behavior operation contract.0
[22:30:22.724] ?[34mINFO ?[0;39m ?[36mAbstractProblemLoader?[0;39m - Loading environment from /tmp/KeYslice1561352699555267399/reverseArray_slice5.proof
[22:30:22.726] ?[34mINFO ?[0;39m ?[36mAbstractProblemLoader?[0;39m - Creating init config
[22:30:27.756] ?[34mINFO ?[0;39m ?[36mAbstractProblemLoader?[0;39m - Replaying proof ReverseArray[ReverseArray::reverse()].JML normal_behavior operation contract.0
[22:30:28.273] ?[34mINFO ?[0;39m ?[36mEndToEndTests?[0;39m - Loading /home/runner/work/key/key/keyext.slicing/src/test/resources/testcase/exampleDuplicateOpen.proof
[22:30:28.274] ?[34mINFO ?[0;39m ?[36mAbstractProblemLoader?[0;39m - Loading environment from src/test/resources/testcase/exampleDuplicateOpen.proof
[22:30:28.275] ?[34mINFO ?[0;39m ?[36mAbstractProblemLoader?[0;39m - Creating init config
[22:30:33.172] ?[34mINFO ?[0;39m ?[36mAbstractProblemLoader?[0;39m - Replaying proof exampleDuplicateOpen.proof
[22:30:33.229] ?[34mINFO ?[0;39m ?[36mDependencyAnalyzer?[0;39m - merging 2 and 3
[22:30:33.230] ?[34mINFO ?[0;39m ?[36mAbstractProblemLoader?[0;39m - Loading environment from /tmp/proof17596677263199909616.proof
[22:30:33.233] ?[34mINFO ?[0;39m ?[36mAbstractProblemLoader?[0;39m - Creating init config
[22:30:38.158] ?[34mINFO ?[0;39m ?[36mAbstractProblemLoader?[0;39m - Replaying proof proof17596677263199909616.proof
[22:30:38.174] ?[34mINFO ?[0;39m ?[36mAbstractProblemLoader?[0;39m - Loading environment from /tmp/KeYslice2176487395769817716/exampleDuplicateOpen_slice1.proof
[22:30:38.176] ?[34mINFO ?[0;39m ?[36mAbstractProblemLoader?[0;39m - Creating init config
[22:30:43.100] ?[34mINFO ?[0;39m ?[36mAbstractProblemLoader?[0;39m - Replaying proof exampleDuplicateOpen_slice1.proof
[22:30:43.110] ?[34mINFO ?[0;39m ?[36mEndToEndTests?[0;39m - Loading /tmp/KeYslice2176487395769817716/exampleDuplicateOpen_slice1.proof
[22:30:43.110] ?[34mINFO ?[0;39m ?[36mAbstractProblemLoader?[0;39m - Loading environment from /tmp/KeYslice2176487395769817716/exampleDuplicateOpen_slice1.proof
[22:30:43.112] ?[34mINFO ?[0;39m ?[36mAbstractProblemLoader?[0;39m - Creating init config
[22:30:47.965] ?[34mINFO ?[0;39m ?[36mAbstractProblemLoader?[0;39m - Replaying proof exampleDuplicateOpen_slice1.proof
[22:30:47.982] ?[34mINFO ?[0;39m ?[36mDependencyAnalyzer?[0;39m - merging 3 and 4
[22:30:47.983] ?[34mINFO ?[0;39m ?[36mAbstractProblemLoader?[0;39m - Loading environment from /tmp/proof13496873415704724023.proof
[22:30:47.986] ?[34mINFO ?[0;39m ?[36mAbstractProblemLoader?[0;39m - Creating init config
[22:30:52.809] ?[34mINFO ?[0;39m ?[36mAbstractProblemLoader?[0;39m - Replaying proof proof13496873415704724023.proof
[22:30:52.820] ?[34mINFO ?[0;39m ?[36mAbstractProblemLoader?[0;39m - Loading environment from /tmp/KeYslice8765480357959393013/exampleDuplicateOpen_slice2.proof
[22:30:52.821] ?[34mINFO ?[0;39m ?[36mAbstractProblemLoader?[0;39m - Creating init config
[22:30:57.642] ?[34mINFO ?[0;39m ?[36mAbstractProblemLoader?[0;39m - Replaying proof exampleDuplicateOpen_slice2.proof
[22:30:57.653] ?[34mINFO ?[0;39m ?[36mEndToEndTests?[0;39m - Loading /tmp/KeYslice8765480357959393013/exampleDuplicateOpen_slice2.proof
[22:30:57.653] ?[34mINFO ?[0;39m ?[36mAbstractProblemLoader?[0;39m - Loading environment from /tmp/KeYslice8765480357959393013/exampleDuplicateOpen_slice2.proof
[22:30:57.655] ?[34mINFO ?[0;39m ?[36mAbstractProblemLoader?[0;39m - Creating init config
[22:31:02.466] ?[34mINFO ?[0;39m ?[36mAbstractProblemLoader?[0;39m - Replaying proof exampleDuplicateOpen_slice2.proof
[22:31:02.477] ?[34mINFO ?[0;39m ?[36mDependencyAnalyzer?[0;39m - merging 4 and 5
[22:31:02.478] ?[34mINFO ?[0;39m ?[36mAbstractProblemLoader?[0;39m - Loading environment from /tmp/proof2179622093170540809.proof
[22:31:02.479] ?[34mINFO ?[0;39m ?[36mAbstractProblemLoader?[0;39m - Creating init config
[22:31:07.369] ?[34mINFO ?[0;39m ?[36mAbstractProblemLoader?[0;39m - Replaying proof proof2179622093170540809.proof
[22:31:07.379] ?[34mINFO ?[0;39m ?[36mAbstractProblemLoader?[0;39m - Loading environment from /tmp/KeYslice343460289354674379/exampleDuplicateOpen_slice3.proof
[22:31:07.381] ?[34mINFO ?[0;39m ?[36mAbstractProblemLoader?[0;39m - Creating init config
[22:31:12.241] ?[34mINFO ?[0;39m ?[36mAbstractProblemLoader?[0;39m - Replaying proof exampleDuplicateOpen_slice3.proof
[22:31:12.252] ?[34mINFO ?[0;39m ?[36mEndToEndTests?[0;39m - Loading /tmp/KeYslice343460289354674379/exampleDuplicateOpen_slice3.proof
[22:31:12.252] ?[34mINFO ?[0;39m ?[36mAbstractProblemLoader?[0;39m - Loading environment from /tmp/KeYslice343460289354674379/exampleDuplicateOpen_slice3.proof
[22:31:12.254] ?[34mINFO ?[0;39m ?[36mAbstractProblemLoader?[0;39m - Creating init config
[22:31:17.069] ?[34mINFO ?[0;39m ?[36mAbstractProblemLoader?[0;39m - Replaying proof exampleDuplicateOpen_slice3.proof
[22:31:17.080] ?[34mINFO ?[0;39m ?[36mAbstractProblemLoader?[0;39m - Loading environment from /tmp/proof4355337516797189417.proof
[22:31:17.081] ?[34mINFO ?[0;39m ?[36mAbstractProblemLoader?[0;39m - Creating init config
[22:31:21.959] ?[34mINFO ?[0;39m ?[36mAbstractProblemLoader?[0;39m - Replaying proof proof4355337516797189417.proof
[22:31:21.972] ?[34mINFO ?[0;39m ?[36mAbstractProblemLoader?[0;39m - Loading environment from /tmp/KeYslice1076018021176618901/exampleDuplicateOpen_slice4.proof
[22:31:21.974] ?[34mINFO ?[0;39m ?[36mAbstractProblemLoader?[0;39m - Creating init config
[22:31:26.835] ?[34mINFO ?[0;39m ?[36mAbstractProblemLoader?[0;39m - Replaying proof exampleDuplicateOpen_slice4.proof
[22:31:26.847] ?[34mINFO ?[0;39m ?[36mEndToEndTests?[0;39m - Loading /home/runner/work/key/key/keyext.slicing/src/test/resources/testcase/cutExample.proof
[22:31:26.848] ?[34mINFO ?[0;39m ?[36mAbstractProblemLoader?[0;39m - Loading environment from src/test/resources/testcase/cutExample.proof
[22:31:26.849] ?[34mINFO ?[0;39m ?[36mAbstractProblemLoader?[0;39m - Creating init config
[22:31:31.637] ?[34mINFO ?[0;39m ?[36mAbstractProblemLoader?[0;39m - Replaying proof cutExample.proof
[22:31:31.647] ?[34mINFO ?[0;39m ?[36mAbstractProblemLoader?[0;39m - Loading environment from /tmp/proof9677119128608253758.proof
[22:31:31.648] ?[34mINFO ?[0;39m ?[36mAbstractProblemLoader?[0;39m - Creating init config
[22:31:36.334] ?[34mINFO ?[0;39m ?[36mAbstractProblemLoader?[0;39m - Replaying proof proof9677119128608253758.proof
[22:31:36.340] ?[34mINFO ?[0;39m ?[36mAbstractProblemLoader?[0;39m - Loading environment from /tmp/KeYslice8363917284965487295/cutExample_slice1.proof
[22:31:36.341] ?[34mINFO ?[0;39m ?[36mAbstractProblemLoader?[0;39m - Creating init config
[22:31:41.139] ?[34mINFO ?[0;39m ?[36mAbstractProblemLoader?[0;39m - Replaying proof cutExample_slice1.proof
[22:31:41.146] ?[34mINFO ?[0;39m ?[36mEndToEndTests?[0;39m - Loading /home/runner/work/key/key/keyext.slicing/src/test/resources/testcase/agathaOpenGoal.proof
[22:31:41.147] ?[34mINFO ?[0;39m ?[36mAbstractProblemLoader?[0;39m - Loading environment from src/test/resources/testcase/agathaOpenGoal.proof
[22:31:41.148] ?[34mINFO ?[0;39m ?[36mAbstractProblemLoader?[0;39m - Creating init config
[22:31:45.885] ?[34mINFO ?[0;39m ?[36mAbstractProblemLoader?[0;39m - Replaying proof agathaOpenGoal.proof
[22:31:45.922] ?[34mINFO ?[0;39m ?[36mAbstractProblemLoader?[0;39m - Loading environment from /tmp/proof6945843395329768690.proof
[22:31:45.925] ?[34mINFO ?[0;39m ?[36mAbstractProblemLoader?[0;39m - Creating init config
[22:31:50.707] ?[34mINFO ?[0;39m ?[36mAbstractProblemLoader?[0;39m - Replaying proof proof6945843395329768690.proof
[22:31:50.765] ?[34mINFO ?[0;39m ?[36mAbstractProblemLoader?[0;39m - Loading environment from /tmp/KeYslice2626046949592637407/agathaOpenGoal_slice1.proof
[22:31:50.766] ?[34mINFO ?[0;39m ?[36mAbstractProblemLoader?[0;39m - Creating init config
[22:31:55.578] ?[34mINFO ?[0;39m ?[36mAbstractProblemLoader?[0;39m - Replaying proof agathaOpenGoal_slice1.proof
[22:31:55.606] ?[34mINFO ?[0;39m ?[36mEndToEndTests?[0;39m - Loading /home/runner/work/key/key/keyext.slicing/src/test/resources/testcase/openGoal1.proof
[22:31:55.606] ?[34mINFO ?[0;39m ?[36mAbstractProblemLoader?[0;39m - Loading environment from src/test/resources/testcase/openGoal1.proof
[22:31:55.607] ?[34mINFO ?[0;39m ?[36mAbstractProblemLoader?[0;39m - Creating init config
[22:32:00.321] ?[34mINFO ?[0;39m ?[36mAbstractProblemLoader?[0;39m - Replaying proof openGoal1.proof
[22:32:00.327] ?[34mINFO ?[0;39m ?[36mAbstractProblemLoader?[0;39m - Loading environment from /tmp/proof14581268153191764700.proof
[22:32:00.329] ?[34mINFO ?[0;39m ?[36mAbstractProblemLoader?[0;39m - Creating init config
[22:32:05.070] ?[34mINFO ?[0;39m ?[36mAbstractProblemLoader?[0;39m - Replaying proof proof14581268153191764700.proof
[22:32:05.074] ?[34mINFO ?[0;39m ?[36mAbstractProblemLoader?[0;39m - Loading environment from /tmp/KeYslice2563059730318314702/openGoal1_slice1.proof
[22:32:05.075] ?[34mINFO ?[0;39m ?[36mAbstractProblemLoader?[0;39m - Creating init config
[22:32:09.818] ?[34mINFO ?[0;39m ?[36mAbstractProblemLoader?[0;39m - Replaying proof openGoal1_slice1.proof
[22:32:09.823] ?[34mINFO ?[0;39m ?[36mEndToEndTests?[0;39m - Loading /home/runner/work/key/key/keyext.slicing/src/test/resources/testcase/openGoal2.proof
[22:32:09.823] ?[34mINFO ?[0;39m ?[36mAbstractProblemLoader?[0;39m - Loading environment from src/test/resources/testcase/openGoal2.proof
[22:32:09.824] ?[34mINFO ?[0;39m ?[36mAbstractProblemLoader?[0;39m - Creating init config
[22:32:14.651] ?[34mINFO ?[0;39m ?[36mAbstractProblemLoader?[0;39m - Replaying proof openGoal2.proof
[22:32:14.656] ?[34mINFO ?[0;39m ?[36mAbstractProblemLoader?[0;39m - Loading environment from /tmp/proof15578685093519235391.proof
[22:32:14.658] ?[34mINFO ?[0;39m ?[36mAbstractProblemLoader?[0;39m - Creating init config
[22:32:19.405] ?[34mINFO ?[0;39m ?[36mAbstractProblemLoader?[0;39m - Replaying proof proof15578685093519235391.proof
[22:32:19.409] ?[34mINFO ?[0;39m ?[36mAbstractProblemLoader?[0;39m - Loading environment from /tmp/KeYslice18030988942516522629/openGoal2_slice1.proof
[22:32:19.410] ?[34mINFO ?[0;39m ?[36mAbstractProblemLoader?[0;39m - Creating init config
[22:32:24.165] ?[34mINFO ?[0;39m ?[36mAbstractProblemLoader?[0;39m - Replaying proof openGoal2_slice1.proof
[22:32:24.171] ?[34mINFO ?[0;39m ?[36mEndToEndTests?[0;39m - Loading /home/runner/work/key/key/keyext.slicing/src/test/resources/testcase/agatha.proof
[22:32:24.171] ?[34mINFO ?[0;39m ?[36mAbstractProblemLoader?[0;39m - Loading environment from src/test/resources/testcase/agatha.proof
[22:32:24.172] ?[34mINFO ?[0;39m ?[36mAbstractProblemLoader?[0;39m - Creating init config
[22:32:28.948] ?[34mINFO ?[0;39m ?[36mAbstractProblemLoader?[0;39m - Replaying proof agatha.proof
[22:32:28.974] ?[34mINFO ?[0;39m ?[36mAbstractProblemLoader?[0;39m - Loading environment from /tmp/proof8281153786307053685.proof
[22:32:28.977] ?[34mINFO ?[0;39m ?[36mAbstractProblemLoader?[0;39m - Creating init config
[22:32:33.686] ?[34mINFO ?[0;39m ?[36mAbstractProblemLoader?[0;39m - Replaying proof proof8281153786307053685.proof
[22:32:33.702] ?[34mINFO ?[0;39m ?[36mAbstractProblemLoader?[0;39m - Loading environment from /tmp/KeYslice12645189194206713052/agatha_slice1.proof
[22:32:33.704] ?[34mINFO ?[0;39m ?[36mAbstractProblemLoader?[0;39m - Creating init config
[22:32:38.461] ?[34mINFO ?[0;39m ?[36mAbstractProblemLoader?[0;39m - Replaying proof agatha_slice1.proof
[22:32:38.480] ?[34mINFO ?[0;39m ?[36mEndToEndTests?[0;39m - Loading /home/runner/work/key/key/keyext.slicing/src/test/resources/testcase/../../../../../key.ui/examples/heap/verifyThis15_2_ParallelGcd/parallelGcd.proof
[22:32:38.480] ?[34mINFO ?[0;39m ?[36mAbstractProblemLoader?[0;39m - Loading environment from src/test/resources/testcase/../../../../../key.ui/examples/heap/verifyThis15_2_ParallelGcd/parallelGcd.proof
[22:32:38.482] ?[34mINFO ?[0;39m ?[36mAbstractProblemLoader?[0;39m - Creating init config
[22:32:43.485] ?[34mINFO ?[0;39m ?[36mAbstractProblemLoader?[0;39m - Replaying proof ParallelGcd[ParallelGcd::parallelGcd(int,int,[Z)].JML behavior operation contract.0
[22:32:44.470] ?[34mINFO ?[0;39m ?[36mAbstractProblemLoader?[0;39m - Loading environment from /tmp/proof8065139538409480213.proof
[22:32:44.472] ?[34mINFO ?[0;39m ?[36mAbstractProblemLoader?[0;39m - Creating init config
[22:32:49.607] ?[34mINFO ?[0;39m ?[36mAbstractProblemLoader?[0;39m - Replaying proof ParallelGcd[ParallelGcd::parallelGcd(int,int,[Z)].JML behavior operation contract.0
[22:32:50.231] ?[34mINFO ?[0;39m ?[36mAbstractProblemLoader?[0;39m - Loading environment from /tmp/KeYslice7661448050878976629/parallelGcd_slice1.proof
[22:32:50.233] ?[34mINFO ?[0;39m ?[36mAbstractProblemLoader?[0;39m - Creating init config
[22:32:55.225] ?[34mINFO ?[0;39m ?[36mAbstractProblemLoader?[0;39m - Replaying proof ParallelGcd[ParallelGcd::parallelGcd(int,int,[Z)].JML behavior operation contract.0
]]></system-out>
  <system-err><![CDATA[]]></system-err>
</testsuite>
