<?xml version="1.0" encoding="UTF-8"?>
<testsuite name="de.uka.ilkd.key.parser.TestTermParserHeap" tests="39" skipped="0" failures="0" errors="0" timestamp="2023-03-31T13:13:29" hostname="fv-az577-604" time="118.236">
  <properties/>
  <testcase name="testBracketHeapUpdate()" classname="de.uka.ilkd.key.parser.TestTermParserHeap" time="0.02"/>
  <testcase name="testStore()" classname="de.uka.ilkd.key.parser.TestTermParserHeap" time="0.007"/>
  <testcase name="testUnknownConstant()" classname="de.uka.ilkd.key.parser.TestTermParserHeap" time="0.001"/>
  <testcase name="testAllFieldsSelector()" classname="de.uka.ilkd.key.parser.TestTermParserHeap" time="0.001"/>
  <testcase name="testParsePrettyPrintedSelect()" classname="de.uka.ilkd.key.parser.TestTermParserHeap" time="0.006"/>
  <testcase name="testAccessStaticMembers()" classname="de.uka.ilkd.key.parser.TestTermParserHeap" time="0.008"/>
  <testcase name="testAtOperator_1()" classname="de.uka.ilkd.key.parser.TestTermParserHeap" time="0.001"/>
  <testcase name="testAtOperator_2()" classname="de.uka.ilkd.key.parser.TestTermParserHeap" time="0.001"/>
  <testcase name="testAtOperator_3()" classname="de.uka.ilkd.key.parser.TestTermParserHeap" time="0.001"/>
  <testcase name="testAtOperator_4()" classname="de.uka.ilkd.key.parser.TestTermParserHeap" time="0.005"/>
  <testcase name="testAtOperator_5()" classname="de.uka.ilkd.key.parser.TestTermParserHeap" time="0.002"/>
  <testcase name="testAtOperator_6()" classname="de.uka.ilkd.key.parser.TestTermParserHeap" time="0.001"/>
  <testcase name="testAtOperator_7()" classname="de.uka.ilkd.key.parser.TestTermParserHeap" time="0.001"/>
  <testcase name="testAtOperator_8()" classname="de.uka.ilkd.key.parser.TestTermParserHeap" time="0.002"/>
  <testcase name="testVerifyExceptionIfAtOperatorNotPreceededBySelectTerm()" classname="de.uka.ilkd.key.parser.TestTermParserHeap" time="0.003"/>
  <testcase name="testBugResettingCounter()" classname="de.uka.ilkd.key.parser.TestTermParserHeap" time="0.002"/>
  <testcase name="testLocationSets()" classname="de.uka.ilkd.key.parser.TestTermParserHeap" time="0.005"/>
  <testcase name="testQuantifiedSelect()" classname="de.uka.ilkd.key.parser.TestTermParserHeap" time="0.002"/>
  <testcase name="testGenericObjectProperties()" classname="de.uka.ilkd.key.parser.TestTermParserHeap" time="0.002"/>
  <testcase name="testQueryInheritance_1()" classname="de.uka.ilkd.key.parser.TestTermParserHeap" time="0.002"/>
  <testcase name="testQueryInheritance_2()" classname="de.uka.ilkd.key.parser.TestTermParserHeap" time="0.003"/>
  <testcase name="testQueryInheritance_3()" classname="de.uka.ilkd.key.parser.TestTermParserHeap" time="0.001"/>
  <testcase name="testQueryInheritance_4()" classname="de.uka.ilkd.key.parser.TestTermParserHeap" time="0.001"/>
  <testcase name="testQueryInheritance_5()" classname="de.uka.ilkd.key.parser.TestTermParserHeap" time="0.001"/>
  <testcase name="testQueryInheritance_6()" classname="de.uka.ilkd.key.parser.TestTermParserHeap" time="0.001"/>
  <testcase name="testQueryInheritance_7()" classname="de.uka.ilkd.key.parser.TestTermParserHeap" time="0.001"/>
  <testcase name="testQueryInheritance_8()" classname="de.uka.ilkd.key.parser.TestTermParserHeap" time="0.002"/>
  <testcase name="testQueryInheritance_9()" classname="de.uka.ilkd.key.parser.TestTermParserHeap" time="0.004"/>
  <testcase name="testQueryBasic_10()" classname="de.uka.ilkd.key.parser.TestTermParserHeap" time="0.001"/>
  <testcase name="testQueryBasic_11()" classname="de.uka.ilkd.key.parser.TestTermParserHeap" time="0.001"/>
  <testcase name="testQueryBasic_1()" classname="de.uka.ilkd.key.parser.TestTermParserHeap" time="0.001"/>
  <testcase name="testQueryBasic_2()" classname="de.uka.ilkd.key.parser.TestTermParserHeap" time="0.004"/>
  <testcase name="testQueryBasic_3()" classname="de.uka.ilkd.key.parser.TestTermParserHeap" time="0.003"/>
  <testcase name="testQueryBasic_4()" classname="de.uka.ilkd.key.parser.TestTermParserHeap" time="0.002"/>
  <testcase name="testQueryBasic_5()" classname="de.uka.ilkd.key.parser.TestTermParserHeap" time="0.001"/>
  <testcase name="testQueryBasic_6()" classname="de.uka.ilkd.key.parser.TestTermParserHeap" time="0.001"/>
  <testcase name="testQueryBasic_7()" classname="de.uka.ilkd.key.parser.TestTermParserHeap" time="0.001"/>
  <testcase name="testQueryBasic_8()" classname="de.uka.ilkd.key.parser.TestTermParserHeap" time="0.001"/>
  <testcase name="testQueryBasic_9()" classname="de.uka.ilkd.key.parser.TestTermParserHeap" time="0.003"/>
  <system-out><![CDATA[325079     INFO  Test worker     d.u.i.k.n.KeyIO           Parsing took 0 ms 
325079     INFO  Test worker     d.u.i.k.n.KeyIO           MODE: declarations took 0 ms 
325080     INFO  Test worker     d.u.i.k.n.KeyIO           Parsing took 0 ms 
325080     INFO  Test worker     d.u.i.k.n.KeyIO           MODE: declarations took 0 ms 
325080     INFO  Test worker     d.u.i.k.n.KeyIO           Parsing took 0 ms 
325080     INFO  Test worker     d.u.i.k.n.KeyIO           MODE: declarations took 0 ms 
325080     INFO  Test worker     d.u.i.k.n.KeyIO           Parsing took 0 ms 
325080     INFO  Test worker     d.u.i.k.n.KeyIO           MODE: declarations took 0 ms 
325080     INFO  Test worker     d.u.i.k.n.KeyIO           Parsing took 0 ms 
325080     INFO  Test worker     d.u.i.k.n.KeyIO           MODE: declarations took 0 ms 
328408     INFO  Test worker     d.u.i.k.n.KeyIO           Parsing took 1 ms 
328408     INFO  Test worker     d.u.i.k.n.KeyIO           MODE: declarations took 0 ms 
328408     INFO  Test worker     d.u.i.k.n.KeyIO           Parsing took 0 ms 
328408     INFO  Test worker     d.u.i.k.n.KeyIO           MODE: declarations took 0 ms 
328408     INFO  Test worker     d.u.i.k.n.KeyIO           Parsing took 0 ms 
328408     INFO  Test worker     d.u.i.k.n.KeyIO           MODE: declarations took 0 ms 
328408     INFO  Test worker     d.u.i.k.n.KeyIO           Parsing took 0 ms 
328408     INFO  Test worker     d.u.i.k.n.KeyIO           MODE: declarations took 0 ms 
328408     INFO  Test worker     d.u.i.k.n.KeyIO           Parsing took 0 ms 
328408     INFO  Test worker     d.u.i.k.n.KeyIO           MODE: declarations took 0 ms 
331558     INFO  Test worker     d.u.i.k.n.KeyIO           Parsing took 0 ms 
331558     INFO  Test worker     d.u.i.k.n.KeyIO           MODE: declarations took 0 ms 
331558     INFO  Test worker     d.u.i.k.n.KeyIO           Parsing took 0 ms 
331558     INFO  Test worker     d.u.i.k.n.KeyIO           MODE: declarations took 0 ms 
331558     INFO  Test worker     d.u.i.k.n.KeyIO           Parsing took 0 ms 
331558     INFO  Test worker     d.u.i.k.n.KeyIO           MODE: declarations took 0 ms 
331558     INFO  Test worker     d.u.i.k.n.KeyIO           Parsing took 0 ms 
331558     INFO  Test worker     d.u.i.k.n.KeyIO           MODE: declarations took 0 ms 
331558     INFO  Test worker     d.u.i.k.n.KeyIO           Parsing took 0 ms 
331558     INFO  Test worker     d.u.i.k.n.KeyIO           MODE: declarations took 0 ms 
331559     INFO  Test worker     d.u.i.k.n.KeyIO           Parsing took 0 ms 
331559     INFO  Test worker     d.u.i.k.n.KeyIO           MODE: declarations took 0 ms 
334670     INFO  Test worker     d.u.i.k.n.KeyIO           Parsing took 0 ms 
334670     INFO  Test worker     d.u.i.k.n.KeyIO           MODE: declarations took 0 ms 
334670     INFO  Test worker     d.u.i.k.n.KeyIO           Parsing took 0 ms 
334670     INFO  Test worker     d.u.i.k.n.KeyIO           MODE: declarations took 0 ms 
334670     INFO  Test worker     d.u.i.k.n.KeyIO           Parsing took 0 ms 
334670     INFO  Test worker     d.u.i.k.n.KeyIO           MODE: declarations took 0 ms 
334670     INFO  Test worker     d.u.i.k.n.KeyIO           Parsing took 0 ms 
334670     INFO  Test worker     d.u.i.k.n.KeyIO           MODE: declarations took 0 ms 
334670     INFO  Test worker     d.u.i.k.n.KeyIO           Parsing took 0 ms 
334670     INFO  Test worker     d.u.i.k.n.KeyIO           MODE: declarations took 0 ms 
337807     INFO  Test worker     d.u.i.k.n.KeyIO           Parsing took 0 ms 
337808     INFO  Test worker     d.u.i.k.n.KeyIO           MODE: declarations took 0 ms 
337808     INFO  Test worker     d.u.i.k.n.KeyIO           Parsing took 0 ms 
337808     INFO  Test worker     d.u.i.k.n.KeyIO           MODE: declarations took 0 ms 
337808     INFO  Test worker     d.u.i.k.n.KeyIO           Parsing took 0 ms 
337809     INFO  Test worker     d.u.i.k.n.KeyIO           MODE: declarations took 0 ms 
337809     INFO  Test worker     d.u.i.k.n.KeyIO           Parsing took 0 ms 
337809     INFO  Test worker     d.u.i.k.n.KeyIO           MODE: declarations took 0 ms 
337809     INFO  Test worker     d.u.i.k.n.KeyIO           Parsing took 0 ms 
337810     INFO  Test worker     d.u.i.k.n.KeyIO           MODE: declarations took 0 ms 
341130     INFO  Test worker     d.u.i.k.n.KeyIO           Parsing took 0 ms 
341132     INFO  Test worker     d.u.i.k.n.KeyIO           MODE: declarations took 0 ms 
341132     INFO  Test worker     d.u.i.k.n.KeyIO           Parsing took 0 ms 
341133     INFO  Test worker     d.u.i.k.n.KeyIO           MODE: declarations took 0 ms 
341133     INFO  Test worker     d.u.i.k.n.KeyIO           Parsing took 0 ms 
341134     INFO  Test worker     d.u.i.k.n.KeyIO           MODE: declarations took 0 ms 
341134     INFO  Test worker     d.u.i.k.n.KeyIO           Parsing took 0 ms 
341134     INFO  Test worker     d.u.i.k.n.KeyIO           MODE: declarations took 0 ms 
341135     INFO  Test worker     d.u.i.k.n.KeyIO           Parsing took 0 ms 
341135     INFO  Test worker     d.u.i.k.n.KeyIO           MODE: declarations took 0 ms 
344357     INFO  Test worker     d.u.i.k.n.KeyIO           Parsing took 0 ms 
344358     INFO  Test worker     d.u.i.k.n.KeyIO           MODE: declarations took 1 ms 
344358     INFO  Test worker     d.u.i.k.n.KeyIO           Parsing took 0 ms 
344358     INFO  Test worker     d.u.i.k.n.KeyIO           MODE: declarations took 0 ms 
344358     INFO  Test worker     d.u.i.k.n.KeyIO           Parsing took 0 ms 
344358     INFO  Test worker     d.u.i.k.n.KeyIO           MODE: declarations took 0 ms 
344358     INFO  Test worker     d.u.i.k.n.KeyIO           Parsing took 0 ms 
344358     INFO  Test worker     d.u.i.k.n.KeyIO           MODE: declarations took 0 ms 
344358     INFO  Test worker     d.u.i.k.n.KeyIO           Parsing took 0 ms 
344358     INFO  Test worker     d.u.i.k.n.KeyIO           MODE: declarations took 0 ms 
347378     INFO  Test worker     d.u.i.k.n.KeyIO           Parsing took 0 ms 
347379     INFO  Test worker     d.u.i.k.n.KeyIO           MODE: declarations took 1 ms 
347379     INFO  Test worker     d.u.i.k.n.KeyIO           Parsing took 0 ms 
347379     INFO  Test worker     d.u.i.k.n.KeyIO           MODE: declarations took 0 ms 
347379     INFO  Test worker     d.u.i.k.n.KeyIO           Parsing took 0 ms 
347379     INFO  Test worker     d.u.i.k.n.KeyIO           MODE: declarations took 0 ms 
347379     INFO  Test worker     d.u.i.k.n.KeyIO           Parsing took 0 ms 
347379     INFO  Test worker     d.u.i.k.n.KeyIO           MODE: declarations took 0 ms 
347379     INFO  Test worker     d.u.i.k.n.KeyIO           Parsing took 0 ms 
347379     INFO  Test worker     d.u.i.k.n.KeyIO           MODE: declarations took 0 ms 
350417     INFO  Test worker     d.u.i.k.n.KeyIO           Parsing took 0 ms 
350417     INFO  Test worker     d.u.i.k.n.KeyIO           MODE: declarations took 0 ms 
350417     INFO  Test worker     d.u.i.k.n.KeyIO           Parsing took 0 ms 
350417     INFO  Test worker     d.u.i.k.n.KeyIO           MODE: declarations took 0 ms 
350417     INFO  Test worker     d.u.i.k.n.KeyIO           Parsing took 0 ms 
350417     INFO  Test worker     d.u.i.k.n.KeyIO           MODE: declarations took 0 ms 
350417     INFO  Test worker     d.u.i.k.n.KeyIO           Parsing took 0 ms 
350417     INFO  Test worker     d.u.i.k.n.KeyIO           MODE: declarations took 0 ms 
350417     INFO  Test worker     d.u.i.k.n.KeyIO           Parsing took 0 ms 
350417     INFO  Test worker     d.u.i.k.n.KeyIO           MODE: declarations took 0 ms 
353571     INFO  Test worker     d.u.i.k.n.KeyIO           Parsing took 0 ms 
353571     INFO  Test worker     d.u.i.k.n.KeyIO           MODE: declarations took 0 ms 
353571     INFO  Test worker     d.u.i.k.n.KeyIO           Parsing took 0 ms 
353571     INFO  Test worker     d.u.i.k.n.KeyIO           MODE: declarations took 0 ms 
353571     INFO  Test worker     d.u.i.k.n.KeyIO           Parsing took 0 ms 
353571     INFO  Test worker     d.u.i.k.n.KeyIO           MODE: declarations took 0 ms 
353572     INFO  Test worker     d.u.i.k.n.KeyIO           Parsing took 1 ms 
353572     INFO  Test worker     d.u.i.k.n.KeyIO           MODE: declarations took 0 ms 
353572     INFO  Test worker     d.u.i.k.n.KeyIO           Parsing took 0 ms 
353572     INFO  Test worker     d.u.i.k.n.KeyIO           MODE: declarations took 0 ms 
356677     INFO  Test worker     d.u.i.k.n.KeyIO           Parsing took 0 ms 
356678     INFO  Test worker     d.u.i.k.n.KeyIO           MODE: declarations took 0 ms 
356678     INFO  Test worker     d.u.i.k.n.KeyIO           Parsing took 0 ms 
356678     INFO  Test worker     d.u.i.k.n.KeyIO           MODE: declarations took 0 ms 
356678     INFO  Test worker     d.u.i.k.n.KeyIO           Parsing took 0 ms 
356678     INFO  Test worker     d.u.i.k.n.KeyIO           MODE: declarations took 0 ms 
356678     INFO  Test worker     d.u.i.k.n.KeyIO           Parsing took 0 ms 
356678     INFO  Test worker     d.u.i.k.n.KeyIO           MODE: declarations took 0 ms 
356678     INFO  Test worker     d.u.i.k.n.KeyIO           Parsing took 0 ms 
356678     INFO  Test worker     d.u.i.k.n.KeyIO           MODE: declarations took 0 ms 
359762     INFO  Test worker     d.u.i.k.n.KeyIO           Parsing took 0 ms 
359762     INFO  Test worker     d.u.i.k.n.KeyIO           MODE: declarations took 0 ms 
359762     INFO  Test worker     d.u.i.k.n.KeyIO           Parsing took 0 ms 
359762     INFO  Test worker     d.u.i.k.n.KeyIO           MODE: declarations took 0 ms 
359762     INFO  Test worker     d.u.i.k.n.KeyIO           Parsing took 0 ms 
359762     INFO  Test worker     d.u.i.k.n.KeyIO           MODE: declarations took 0 ms 
359762     INFO  Test worker     d.u.i.k.n.KeyIO           Parsing took 0 ms 
359762     INFO  Test worker     d.u.i.k.n.KeyIO           MODE: declarations took 0 ms 
359763     INFO  Test worker     d.u.i.k.n.KeyIO           Parsing took 0 ms 
359763     INFO  Test worker     d.u.i.k.n.KeyIO           MODE: declarations took 0 ms 
362793     INFO  Test worker     d.u.i.k.n.KeyIO           Parsing took 0 ms 
362793     INFO  Test worker     d.u.i.k.n.KeyIO           MODE: declarations took 0 ms 
362793     INFO  Test worker     d.u.i.k.n.KeyIO           Parsing took 0 ms 
362793     INFO  Test worker     d.u.i.k.n.KeyIO           MODE: declarations took 0 ms 
362793     INFO  Test worker     d.u.i.k.n.KeyIO           Parsing took 0 ms 
362793     INFO  Test worker     d.u.i.k.n.KeyIO           MODE: declarations took 0 ms 
362793     INFO  Test worker     d.u.i.k.n.KeyIO           Parsing took 0 ms 
362793     INFO  Test worker     d.u.i.k.n.KeyIO           MODE: declarations took 0 ms 
362793     INFO  Test worker     d.u.i.k.n.KeyIO           Parsing took 0 ms 
362793     INFO  Test worker     d.u.i.k.n.KeyIO           MODE: declarations took 0 ms 
365869     INFO  Test worker     d.u.i.k.n.KeyIO           Parsing took 0 ms 
365869     INFO  Test worker     d.u.i.k.n.KeyIO           MODE: declarations took 0 ms 
365869     INFO  Test worker     d.u.i.k.n.KeyIO           Parsing took 0 ms 
365869     INFO  Test worker     d.u.i.k.n.KeyIO           MODE: declarations took 0 ms 
365869     INFO  Test worker     d.u.i.k.n.KeyIO           Parsing took 0 ms 
365869     INFO  Test worker     d.u.i.k.n.KeyIO           MODE: declarations took 0 ms 
365869     INFO  Test worker     d.u.i.k.n.KeyIO           Parsing took 0 ms 
365869     INFO  Test worker     d.u.i.k.n.KeyIO           MODE: declarations took 0 ms 
365869     INFO  Test worker     d.u.i.k.n.KeyIO           Parsing took 0 ms 
365869     INFO  Test worker     d.u.i.k.n.KeyIO           MODE: declarations took 0 ms 
368965     INFO  Test worker     d.u.i.k.n.KeyIO           Parsing took 0 ms 
368965     INFO  Test worker     d.u.i.k.n.KeyIO           MODE: declarations took 0 ms 
368965     INFO  Test worker     d.u.i.k.n.KeyIO           Parsing took 0 ms 
368965     INFO  Test worker     d.u.i.k.n.KeyIO           MODE: declarations took 0 ms 
368965     INFO  Test worker     d.u.i.k.n.KeyIO           Parsing took 0 ms 
368965     INFO  Test worker     d.u.i.k.n.KeyIO           MODE: declarations took 0 ms 
368965     INFO  Test worker     d.u.i.k.n.KeyIO           Parsing took 0 ms 
368965     INFO  Test worker     d.u.i.k.n.KeyIO           MODE: declarations took 0 ms 
368965     INFO  Test worker     d.u.i.k.n.KeyIO           Parsing took 0 ms 
368966     INFO  Test worker     d.u.i.k.n.KeyIO           MODE: declarations took 1 ms 
368968     WARN  Test worker     d.u.i.k.n.KeYParser       [syntax-error] <unknown>:1:11: mismatched input '@' expecting {'/', ':=', '.', '(', ')', '{', '[', '@', PARALLEL, OR, AND, IMP, '=', NOT_EQUALS, '%', '*', '-', '+', '>', GREATEREQUAL, '<', LESSEQUAL, LGUILLEMETS, EQV} [@11,11:11='@',<153>,1:11] (termEOF) 
372044     INFO  Test worker     d.u.i.k.n.KeyIO           Parsing took 1 ms 
372044     INFO  Test worker     d.u.i.k.n.KeyIO           MODE: declarations took 0 ms 
372044     INFO  Test worker     d.u.i.k.n.KeyIO           Parsing took 0 ms 
372044     INFO  Test worker     d.u.i.k.n.KeyIO           MODE: declarations took 0 ms 
372044     INFO  Test worker     d.u.i.k.n.KeyIO           Parsing took 0 ms 
372044     INFO  Test worker     d.u.i.k.n.KeyIO           MODE: declarations took 0 ms 
372044     INFO  Test worker     d.u.i.k.n.KeyIO           Parsing took 0 ms 
372044     INFO  Test worker     d.u.i.k.n.KeyIO           MODE: declarations took 0 ms 
372044     INFO  Test worker     d.u.i.k.n.KeyIO           Parsing took 0 ms 
372044     INFO  Test worker     d.u.i.k.n.KeyIO           MODE: declarations took 0 ms 
375214     INFO  Test worker     d.u.i.k.n.KeyIO           Parsing took 0 ms 
375215     INFO  Test worker     d.u.i.k.n.KeyIO           MODE: declarations took 0 ms 
375216     INFO  Test worker     d.u.i.k.n.KeyIO           Parsing took 0 ms 
375216     INFO  Test worker     d.u.i.k.n.KeyIO           MODE: declarations took 0 ms 
375216     INFO  Test worker     d.u.i.k.n.KeyIO           Parsing took 0 ms 
375216     INFO  Test worker     d.u.i.k.n.KeyIO           MODE: declarations took 0 ms 
375217     INFO  Test worker     d.u.i.k.n.KeyIO           Parsing took 0 ms 
375217     INFO  Test worker     d.u.i.k.n.KeyIO           MODE: declarations took 0 ms 
375217     INFO  Test worker     d.u.i.k.n.KeyIO           Parsing took 0 ms 
375217     INFO  Test worker     d.u.i.k.n.KeyIO           MODE: declarations took 0 ms 
378433     INFO  Test worker     d.u.i.k.n.KeyIO           Parsing took 0 ms 
378433     INFO  Test worker     d.u.i.k.n.KeyIO           MODE: declarations took 0 ms 
378433     INFO  Test worker     d.u.i.k.n.KeyIO           Parsing took 0 ms 
378433     INFO  Test worker     d.u.i.k.n.KeyIO           MODE: declarations took 0 ms 
378433     INFO  Test worker     d.u.i.k.n.KeyIO           Parsing took 0 ms 
378433     INFO  Test worker     d.u.i.k.n.KeyIO           MODE: declarations took 0 ms 
378433     INFO  Test worker     d.u.i.k.n.KeyIO           Parsing took 0 ms 
378433     INFO  Test worker     d.u.i.k.n.KeyIO           MODE: declarations took 0 ms 
378433     INFO  Test worker     d.u.i.k.n.KeyIO           Parsing took 0 ms 
378433     INFO  Test worker     d.u.i.k.n.KeyIO           MODE: declarations took 0 ms 
381551     INFO  Test worker     d.u.i.k.n.KeyIO           Parsing took 0 ms 
381551     INFO  Test worker     d.u.i.k.n.KeyIO           MODE: declarations took 0 ms 
381551     INFO  Test worker     d.u.i.k.n.KeyIO           Parsing took 0 ms 
381551     INFO  Test worker     d.u.i.k.n.KeyIO           MODE: declarations took 0 ms 
381551     INFO  Test worker     d.u.i.k.n.KeyIO           Parsing took 0 ms 
381551     INFO  Test worker     d.u.i.k.n.KeyIO           MODE: declarations took 0 ms 
381551     INFO  Test worker     d.u.i.k.n.KeyIO           Parsing took 0 ms 
381551     INFO  Test worker     d.u.i.k.n.KeyIO           MODE: declarations took 0 ms 
381551     INFO  Test worker     d.u.i.k.n.KeyIO           Parsing took 0 ms 
381551     INFO  Test worker     d.u.i.k.n.KeyIO           MODE: declarations took 0 ms 
384581     INFO  Test worker     d.u.i.k.n.KeyIO           Parsing took 0 ms 
384581     INFO  Test worker     d.u.i.k.n.KeyIO           MODE: declarations took 0 ms 
384581     INFO  Test worker     d.u.i.k.n.KeyIO           Parsing took 0 ms 
384581     INFO  Test worker     d.u.i.k.n.KeyIO           MODE: declarations took 0 ms 
384581     INFO  Test worker     d.u.i.k.n.KeyIO           Parsing took 0 ms 
384581     INFO  Test worker     d.u.i.k.n.KeyIO           MODE: declarations took 0 ms 
384581     INFO  Test worker     d.u.i.k.n.KeyIO           Parsing took 0 ms 
384581     INFO  Test worker     d.u.i.k.n.KeyIO           MODE: declarations took 0 ms 
384581     INFO  Test worker     d.u.i.k.n.KeyIO           Parsing took 0 ms 
384581     INFO  Test worker     d.u.i.k.n.KeyIO           MODE: declarations took 0 ms 
387659     INFO  Test worker     d.u.i.k.n.KeyIO           Parsing took 0 ms 
387660     INFO  Test worker     d.u.i.k.n.KeyIO           MODE: declarations took 0 ms 
387660     INFO  Test worker     d.u.i.k.n.KeyIO           Parsing took 0 ms 
387660     INFO  Test worker     d.u.i.k.n.KeyIO           MODE: declarations took 0 ms 
387660     INFO  Test worker     d.u.i.k.n.KeyIO           Parsing took 0 ms 
387660     INFO  Test worker     d.u.i.k.n.KeyIO           MODE: declarations took 0 ms 
387660     INFO  Test worker     d.u.i.k.n.KeyIO           Parsing took 0 ms 
387661     INFO  Test worker     d.u.i.k.n.KeyIO           MODE: declarations took 0 ms 
387661     INFO  Test worker     d.u.i.k.n.KeyIO           Parsing took 0 ms 
387661     INFO  Test worker     d.u.i.k.n.KeyIO           MODE: declarations took 0 ms 
390745     INFO  Test worker     d.u.i.k.n.KeyIO           Parsing took 0 ms 
390745     INFO  Test worker     d.u.i.k.n.KeyIO           MODE: declarations took 0 ms 
390745     INFO  Test worker     d.u.i.k.n.KeyIO           Parsing took 0 ms 
390745     INFO  Test worker     d.u.i.k.n.KeyIO           MODE: declarations took 0 ms 
390745     INFO  Test worker     d.u.i.k.n.KeyIO           Parsing took 0 ms 
390745     INFO  Test worker     d.u.i.k.n.KeyIO           MODE: declarations took 0 ms 
390745     INFO  Test worker     d.u.i.k.n.KeyIO           Parsing took 0 ms 
390746     INFO  Test worker     d.u.i.k.n.KeyIO           MODE: declarations took 0 ms 
390746     INFO  Test worker     d.u.i.k.n.KeyIO           Parsing took 0 ms 
390746     INFO  Test worker     d.u.i.k.n.KeyIO           MODE: declarations took 0 ms 
393843     INFO  Test worker     d.u.i.k.n.KeyIO           Parsing took 0 ms 
393843     INFO  Test worker     d.u.i.k.n.KeyIO           MODE: declarations took 0 ms 
393843     INFO  Test worker     d.u.i.k.n.KeyIO           Parsing took 0 ms 
393843     INFO  Test worker     d.u.i.k.n.KeyIO           MODE: declarations took 0 ms 
393843     INFO  Test worker     d.u.i.k.n.KeyIO           Parsing took 0 ms 
393843     INFO  Test worker     d.u.i.k.n.KeyIO           MODE: declarations took 0 ms 
393843     INFO  Test worker     d.u.i.k.n.KeyIO           Parsing took 0 ms 
393843     INFO  Test worker     d.u.i.k.n.KeyIO           MODE: declarations took 0 ms 
393843     INFO  Test worker     d.u.i.k.n.KeyIO           Parsing took 0 ms 
393843     INFO  Test worker     d.u.i.k.n.KeyIO           MODE: declarations took 0 ms 
396913     INFO  Test worker     d.u.i.k.n.KeyIO           Parsing took 0 ms 
396913     INFO  Test worker     d.u.i.k.n.KeyIO           MODE: declarations took 0 ms 
396913     INFO  Test worker     d.u.i.k.n.KeyIO           Parsing took 0 ms 
396913     INFO  Test worker     d.u.i.k.n.KeyIO           MODE: declarations took 0 ms 
396913     INFO  Test worker     d.u.i.k.n.KeyIO           Parsing took 0 ms 
396914     INFO  Test worker     d.u.i.k.n.KeyIO           MODE: declarations took 1 ms 
396914     INFO  Test worker     d.u.i.k.n.KeyIO           Parsing took 0 ms 
396914     INFO  Test worker     d.u.i.k.n.KeyIO           MODE: declarations took 0 ms 
396914     INFO  Test worker     d.u.i.k.n.KeyIO           Parsing took 0 ms 
396914     INFO  Test worker     d.u.i.k.n.KeyIO           MODE: declarations took 0 ms 
400017     INFO  Test worker     d.u.i.k.n.KeyIO           Parsing took 0 ms 
400017     INFO  Test worker     d.u.i.k.n.KeyIO           MODE: declarations took 0 ms 
400017     INFO  Test worker     d.u.i.k.n.KeyIO           Parsing took 0 ms 
400017     INFO  Test worker     d.u.i.k.n.KeyIO           MODE: declarations took 0 ms 
400017     INFO  Test worker     d.u.i.k.n.KeyIO           Parsing took 0 ms 
400017     INFO  Test worker     d.u.i.k.n.KeyIO           MODE: declarations took 0 ms 
400017     INFO  Test worker     d.u.i.k.n.KeyIO           Parsing took 0 ms 
400017     INFO  Test worker     d.u.i.k.n.KeyIO           MODE: declarations took 0 ms 
400018     INFO  Test worker     d.u.i.k.n.KeyIO           Parsing took 0 ms 
400018     INFO  Test worker     d.u.i.k.n.KeyIO           MODE: declarations took 0 ms 
403191     INFO  Test worker     d.u.i.k.n.KeyIO           Parsing took 0 ms 
403191     INFO  Test worker     d.u.i.k.n.KeyIO           MODE: declarations took 0 ms 
403191     INFO  Test worker     d.u.i.k.n.KeyIO           Parsing took 0 ms 
403191     INFO  Test worker     d.u.i.k.n.KeyIO           MODE: declarations took 0 ms 
403191     INFO  Test worker     d.u.i.k.n.KeyIO           Parsing took 0 ms 
403191     INFO  Test worker     d.u.i.k.n.KeyIO           MODE: declarations took 0 ms 
403191     INFO  Test worker     d.u.i.k.n.KeyIO           Parsing took 0 ms 
403191     INFO  Test worker     d.u.i.k.n.KeyIO           MODE: declarations took 0 ms 
403191     INFO  Test worker     d.u.i.k.n.KeyIO           Parsing took 0 ms 
403191     INFO  Test worker     d.u.i.k.n.KeyIO           MODE: declarations took 0 ms 
406249     INFO  Test worker     d.u.i.k.n.KeyIO           Parsing took 0 ms 
406249     INFO  Test worker     d.u.i.k.n.KeyIO           MODE: declarations took 0 ms 
406249     INFO  Test worker     d.u.i.k.n.KeyIO           Parsing took 0 ms 
406249     INFO  Test worker     d.u.i.k.n.KeyIO           MODE: declarations took 0 ms 
406249     INFO  Test worker     d.u.i.k.n.KeyIO           Parsing took 0 ms 
406249     INFO  Test worker     d.u.i.k.n.KeyIO           MODE: declarations took 0 ms 
406249     INFO  Test worker     d.u.i.k.n.KeyIO           Parsing took 0 ms 
406249     INFO  Test worker     d.u.i.k.n.KeyIO           MODE: declarations took 0 ms 
406249     INFO  Test worker     d.u.i.k.n.KeyIO           Parsing took 0 ms 
406249     INFO  Test worker     d.u.i.k.n.KeyIO           MODE: declarations took 0 ms 
409395     INFO  Test worker     d.u.i.k.n.KeyIO           Parsing took 0 ms 
409396     INFO  Test worker     d.u.i.k.n.KeyIO           MODE: declarations took 0 ms 
409396     INFO  Test worker     d.u.i.k.n.KeyIO           Parsing took 0 ms 
409396     INFO  Test worker     d.u.i.k.n.KeyIO           MODE: declarations took 0 ms 
409397     INFO  Test worker     d.u.i.k.n.KeyIO           Parsing took 0 ms 
409397     INFO  Test worker     d.u.i.k.n.KeyIO           MODE: declarations took 0 ms 
409397     INFO  Test worker     d.u.i.k.n.KeyIO           Parsing took 0 ms 
409397     INFO  Test worker     d.u.i.k.n.KeyIO           MODE: declarations took 0 ms 
409398     INFO  Test worker     d.u.i.k.n.KeyIO           Parsing took 0 ms 
409398     INFO  Test worker     d.u.i.k.n.KeyIO           MODE: declarations took 0 ms 
412463     INFO  Test worker     d.u.i.k.n.KeyIO           Parsing took 0 ms 
412463     INFO  Test worker     d.u.i.k.n.KeyIO           MODE: declarations took 0 ms 
412463     INFO  Test worker     d.u.i.k.n.KeyIO           Parsing took 0 ms 
412463     INFO  Test worker     d.u.i.k.n.KeyIO           MODE: declarations took 0 ms 
412463     INFO  Test worker     d.u.i.k.n.KeyIO           Parsing took 0 ms 
412463     INFO  Test worker     d.u.i.k.n.KeyIO           MODE: declarations took 0 ms 
412463     INFO  Test worker     d.u.i.k.n.KeyIO           Parsing took 0 ms 
412463     INFO  Test worker     d.u.i.k.n.KeyIO           MODE: declarations took 0 ms 
412463     INFO  Test worker     d.u.i.k.n.KeyIO           Parsing took 0 ms 
412463     INFO  Test worker     d.u.i.k.n.KeyIO           MODE: declarations took 0 ms 
415524     INFO  Test worker     d.u.i.k.n.KeyIO           Parsing took 0 ms 
415524     INFO  Test worker     d.u.i.k.n.KeyIO           MODE: declarations took 0 ms 
415524     INFO  Test worker     d.u.i.k.n.KeyIO           Parsing took 0 ms 
415525     INFO  Test worker     d.u.i.k.n.KeyIO           MODE: declarations took 1 ms 
415525     INFO  Test worker     d.u.i.k.n.KeyIO           Parsing took 0 ms 
415525     INFO  Test worker     d.u.i.k.n.KeyIO           MODE: declarations took 0 ms 
415525     INFO  Test worker     d.u.i.k.n.KeyIO           Parsing took 0 ms 
415525     INFO  Test worker     d.u.i.k.n.KeyIO           MODE: declarations took 0 ms 
415525     INFO  Test worker     d.u.i.k.n.KeyIO           Parsing took 0 ms 
415525     INFO  Test worker     d.u.i.k.n.KeyIO           MODE: declarations took 0 ms 
418607     INFO  Test worker     d.u.i.k.n.KeyIO           Parsing took 0 ms 
418608     INFO  Test worker     d.u.i.k.n.KeyIO           MODE: declarations took 0 ms 
418608     INFO  Test worker     d.u.i.k.n.KeyIO           Parsing took 0 ms 
418608     INFO  Test worker     d.u.i.k.n.KeyIO           MODE: declarations took 0 ms 
418608     INFO  Test worker     d.u.i.k.n.KeyIO           Parsing took 0 ms 
418608     INFO  Test worker     d.u.i.k.n.KeyIO           MODE: declarations took 0 ms 
418608     INFO  Test worker     d.u.i.k.n.KeyIO           Parsing took 0 ms 
418608     INFO  Test worker     d.u.i.k.n.KeyIO           MODE: declarations took 0 ms 
418608     INFO  Test worker     d.u.i.k.n.KeyIO           Parsing took 0 ms 
418608     INFO  Test worker     d.u.i.k.n.KeyIO           MODE: declarations took 0 ms 
421670     INFO  Test worker     d.u.i.k.n.KeyIO           Parsing took 0 ms 
421670     INFO  Test worker     d.u.i.k.n.KeyIO           MODE: declarations took 0 ms 
421670     INFO  Test worker     d.u.i.k.n.KeyIO           Parsing took 0 ms 
421670     INFO  Test worker     d.u.i.k.n.KeyIO           MODE: declarations took 0 ms 
421670     INFO  Test worker     d.u.i.k.n.KeyIO           Parsing took 0 ms 
421670     INFO  Test worker     d.u.i.k.n.KeyIO           MODE: declarations took 0 ms 
421673     INFO  Test worker     d.u.i.k.n.KeyIO           Parsing took 2 ms 
421673     INFO  Test worker     d.u.i.k.n.KeyIO           MODE: declarations took 0 ms 
421673     INFO  Test worker     d.u.i.k.n.KeyIO           Parsing took 0 ms 
421673     INFO  Test worker     d.u.i.k.n.KeyIO           MODE: declarations took 0 ms 
424711     INFO  Test worker     d.u.i.k.n.KeyIO           Parsing took 0 ms 
424711     INFO  Test worker     d.u.i.k.n.KeyIO           MODE: declarations took 0 ms 
424711     INFO  Test worker     d.u.i.k.n.KeyIO           Parsing took 0 ms 
424712     INFO  Test worker     d.u.i.k.n.KeyIO           MODE: declarations took 1 ms 
424712     INFO  Test worker     d.u.i.k.n.KeyIO           Parsing took 0 ms 
424712     INFO  Test worker     d.u.i.k.n.KeyIO           MODE: declarations took 0 ms 
424713     INFO  Test worker     d.u.i.k.n.KeyIO           Parsing took 0 ms 
424713     INFO  Test worker     d.u.i.k.n.KeyIO           MODE: declarations took 0 ms 
424713     INFO  Test worker     d.u.i.k.n.KeyIO           Parsing took 0 ms 
424713     INFO  Test worker     d.u.i.k.n.KeyIO           MODE: declarations took 0 ms 
427787     INFO  Test worker     d.u.i.k.n.KeyIO           Parsing took 0 ms 
427787     INFO  Test worker     d.u.i.k.n.KeyIO           MODE: declarations took 0 ms 
427787     INFO  Test worker     d.u.i.k.n.KeyIO           Parsing took 0 ms 
427787     INFO  Test worker     d.u.i.k.n.KeyIO           MODE: declarations took 0 ms 
427787     INFO  Test worker     d.u.i.k.n.KeyIO           Parsing took 0 ms 
427787     INFO  Test worker     d.u.i.k.n.KeyIO           MODE: declarations took 0 ms 
427787     INFO  Test worker     d.u.i.k.n.KeyIO           Parsing took 0 ms 
427787     INFO  Test worker     d.u.i.k.n.KeyIO           MODE: declarations took 0 ms 
427787     INFO  Test worker     d.u.i.k.n.KeyIO           Parsing took 0 ms 
427787     INFO  Test worker     d.u.i.k.n.KeyIO           MODE: declarations took 0 ms 
430885     INFO  Test worker     d.u.i.k.n.KeyIO           Parsing took 0 ms 
430885     INFO  Test worker     d.u.i.k.n.KeyIO           MODE: declarations took 0 ms 
430885     INFO  Test worker     d.u.i.k.n.KeyIO           Parsing took 0 ms 
430885     INFO  Test worker     d.u.i.k.n.KeyIO           MODE: declarations took 0 ms 
430885     INFO  Test worker     d.u.i.k.n.KeyIO           Parsing took 0 ms 
430885     INFO  Test worker     d.u.i.k.n.KeyIO           MODE: declarations took 0 ms 
430885     INFO  Test worker     d.u.i.k.n.KeyIO           Parsing took 0 ms 
430886     INFO  Test worker     d.u.i.k.n.KeyIO           MODE: declarations took 0 ms 
430886     INFO  Test worker     d.u.i.k.n.KeyIO           Parsing took 0 ms 
430886     INFO  Test worker     d.u.i.k.n.KeyIO           MODE: declarations took 0 ms 
433921     INFO  Test worker     d.u.i.k.n.KeyIO           Parsing took 0 ms 
433921     INFO  Test worker     d.u.i.k.n.KeyIO           MODE: declarations took 0 ms 
433921     INFO  Test worker     d.u.i.k.n.KeyIO           Parsing took 0 ms 
433921     INFO  Test worker     d.u.i.k.n.KeyIO           MODE: declarations took 0 ms 
433921     INFO  Test worker     d.u.i.k.n.KeyIO           Parsing took 0 ms 
433921     INFO  Test worker     d.u.i.k.n.KeyIO           MODE: declarations took 0 ms 
433921     INFO  Test worker     d.u.i.k.n.KeyIO           Parsing took 0 ms 
433921     INFO  Test worker     d.u.i.k.n.KeyIO           MODE: declarations took 0 ms 
433921     INFO  Test worker     d.u.i.k.n.KeyIO           Parsing took 0 ms 
433921     INFO  Test worker     d.u.i.k.n.KeyIO           MODE: declarations took 0 ms 
436983     INFO  Test worker     d.u.i.k.n.KeyIO           Parsing took 0 ms 
436983     INFO  Test worker     d.u.i.k.n.KeyIO           MODE: declarations took 0 ms 
436983     INFO  Test worker     d.u.i.k.n.KeyIO           Parsing took 0 ms 
436983     INFO  Test worker     d.u.i.k.n.KeyIO           MODE: declarations took 0 ms 
436983     INFO  Test worker     d.u.i.k.n.KeyIO           Parsing took 0 ms 
436983     INFO  Test worker     d.u.i.k.n.KeyIO           MODE: declarations took 0 ms 
436983     INFO  Test worker     d.u.i.k.n.KeyIO           Parsing took 0 ms 
436983     INFO  Test worker     d.u.i.k.n.KeyIO           MODE: declarations took 0 ms 
436983     INFO  Test worker     d.u.i.k.n.KeyIO           Parsing took 0 ms 
436983     INFO  Test worker     d.u.i.k.n.KeyIO           MODE: declarations took 0 ms 
440158     INFO  Test worker     d.u.i.k.n.KeyIO           Parsing took 0 ms 
440158     INFO  Test worker     d.u.i.k.n.KeyIO           MODE: declarations took 0 ms 
440159     INFO  Test worker     d.u.i.k.n.KeyIO           Parsing took 1 ms 
440159     INFO  Test worker     d.u.i.k.n.KeyIO           MODE: declarations took 0 ms 
440159     INFO  Test worker     d.u.i.k.n.KeyIO           Parsing took 0 ms 
440159     INFO  Test worker     d.u.i.k.n.KeyIO           MODE: declarations took 0 ms 
440159     INFO  Test worker     d.u.i.k.n.KeyIO           Parsing took 0 ms 
440159     INFO  Test worker     d.u.i.k.n.KeyIO           MODE: declarations took 0 ms 
440159     INFO  Test worker     d.u.i.k.n.KeyIO           Parsing took 0 ms 
440159     INFO  Test worker     d.u.i.k.n.KeyIO           MODE: declarations took 0 ms 
443313     INFO  Test worker     d.u.i.k.n.KeyIO           Parsing took 0 ms 
443313     INFO  Test worker     d.u.i.k.n.KeyIO           MODE: declarations took 0 ms 
443313     INFO  Test worker     d.u.i.k.n.KeyIO           Parsing took 0 ms 
443313     INFO  Test worker     d.u.i.k.n.KeyIO           MODE: declarations took 0 ms 
443313     INFO  Test worker     d.u.i.k.n.KeyIO           Parsing took 0 ms 
443313     INFO  Test worker     d.u.i.k.n.KeyIO           MODE: declarations took 0 ms 
443314     INFO  Test worker     d.u.i.k.n.KeyIO           Parsing took 0 ms 
443314     INFO  Test worker     d.u.i.k.n.KeyIO           MODE: declarations took 0 ms 
443314     INFO  Test worker     d.u.i.k.n.KeyIO           Parsing took 0 ms 
443314     INFO  Test worker     d.u.i.k.n.KeyIO           MODE: declarations took 0 ms 
]]></system-out>
  <system-err><![CDATA[]]></system-err>
</testsuite>
