<?xml version="1.0" encoding="UTF-8"?>
<testsuite name="de.uka.ilkd.key.parser.TestTacletParser" tests="20" skipped="0" failures="0" errors="0" timestamp="2023-03-31T13:13:21" hostname="fv-az577-604" time="0.098">
  <properties/>
  <testcase name="testAllRight()" classname="de.uka.ilkd.key.parser.TestTacletParser" time="0.003"/>
  <testcase name="testSchemaJava0()" classname="de.uka.ilkd.key.parser.TestTacletParser" time="0.002"/>
  <testcase name="testSchemaJava1()" classname="de.uka.ilkd.key.parser.TestTacletParser" time="0.015"/>
  <testcase name="testSchemaJava2()" classname="de.uka.ilkd.key.parser.TestTacletParser" time="0.004"/>
  <testcase name="testSchemaJava4()" classname="de.uka.ilkd.key.parser.TestTacletParser" time="0.012"/>
  <testcase name="testSchemaJava6()" classname="de.uka.ilkd.key.parser.TestTacletParser" time="0.003"/>
  <testcase name="testSchemaJava8()" classname="de.uka.ilkd.key.parser.TestTacletParser" time="0.014"/>
  <testcase name="testCut()" classname="de.uka.ilkd.key.parser.TestTacletParser" time="0.002"/>
  <testcase name="testMakeInsertEq()" classname="de.uka.ilkd.key.parser.TestTacletParser" time="0.002"/>
  <testcase name="testAllLeft()" classname="de.uka.ilkd.key.parser.TestTacletParser" time="0.001"/>
  <testcase name="testClose()" classname="de.uka.ilkd.key.parser.TestTacletParser" time="0.001"/>
  <testcase name="testSchemaJava10()" classname="de.uka.ilkd.key.parser.TestTacletParser" time="0.001"/>
  <testcase name="testSchemaJava11()" classname="de.uka.ilkd.key.parser.TestTacletParser" time="0.008"/>
  <testcase name="testFIdempotent()" classname="de.uka.ilkd.key.parser.TestTacletParser" time="0.003"/>
  <testcase name="testImpRight()" classname="de.uka.ilkd.key.parser.TestTacletParser" time="0.002"/>
  <testcase name="testVarcondNew()" classname="de.uka.ilkd.key.parser.TestTacletParser" time="0.006"/>
  <testcase name="testFreeReplacewithVariables()" classname="de.uka.ilkd.key.parser.TestTacletParser" time="0.003"/>
  <testcase name="testImpLeft()" classname="de.uka.ilkd.key.parser.TestTacletParser" time="0.003"/>
  <testcase name="testContraposition()" classname="de.uka.ilkd.key.parser.TestTacletParser" time="0.003"/>
  <testcase name="testExConjSplit()" classname="de.uka.ilkd.key.parser.TestTacletParser" time="0.003"/>
  <system-out><![CDATA[317081     INFO  Test worker     d.u.i.k.n.KeyIO           Parsing took 1 ms 
317081     INFO  Test worker     d.u.i.k.n.KeyIO           MODE: declarations took 0 ms 
317082     INFO  Test worker     d.u.i.k.n.KeyIO           Parsing took 0 ms 
317082     INFO  Test worker     d.u.i.k.n.KeyIO           MODE: declarations took 0 ms 
317083     INFO  Test worker     d.u.i.k.n.KeyIO           Parsing took 0 ms 
317083     INFO  Test worker     d.u.i.k.n.KeyIO           MODE: declarations took 0 ms 
317084     INFO  Test worker     d.u.i.k.n.KeyIO           Parsing took 0 ms 
317084     INFO  Test worker     d.u.i.k.n.KeyIO           MODE: declarations took 0 ms 
317085     INFO  Test worker     d.u.i.k.n.KeyIO           Parsing took 0 ms 
317086     INFO  Test worker     d.u.i.k.n.KeyIO           MODE: declarations took 1 ms 
317087     WARN  Test worker     d.u.i.k.n.KeYParser       [syntax-error] <unknown>:2:21: extraneous input '<' expecting {MODALITY, FORALL, EXISTS, '\if', '\ifEx', 'true', 'false', '(', ')', '{', '@', NOT, '-', STRING_LITERAL, CHAR_LITERAL, BIN_LITERAL, HEX_LITERAL, IDENT, INT_LITERAL, FLOAT_LITERAL, DOUBLE_LITERAL, REAL_LITERAL} [@12,22:22='<',<173>,2:21] (argument_list, call, accessterm, primitive_term, primitive_labeled_term, bracket_term, atom_prefix, strong_arith_term_2, strong_arith_term_1, weak_arith_term, comparison_term, equality_term, term60, conjunction_term, disjunction_term, implication_term, equivalence_term, elementary_update_term, parallel_term, term, taclet, rulesOrAxioms, decls, file) 
317094     WARN  Test worker     d.u.i.k.n.KeYParser       [syntax-error] <unknown>:2:23: no viable alternative at input '{..' [@14,24:25='..',<144>,2:23] (atom_prefix, strong_arith_term_2, strong_arith_term_1, weak_arith_term, comparison_term, equality_term, term60, conjunction_term, disjunction_term, implication_term, equivalence_term, elementary_update_term, parallel_term, term, argument_list, call, accessterm, primitive_term, primitive_labeled_term, bracket_term, atom_prefix, strong_arith_term_2, strong_arith_term_1, weak_arith_term, comparison_term, equality_term, term60, conjunction_term, disjunction_term, implication_term, equivalence_term, elementary_update_term, parallel_term, term, taclet, rulesOrAxioms, decls, file) 
317095     WARN  Test worker     d.u.i.k.n.KeYParser       [syntax-error] <unknown>:2:33: mismatched input ';' expecting {',', ')'} [@21,34:34=';',<138>,2:33] (argument_list, call, accessterm, primitive_term, primitive_labeled_term, bracket_term, atom_prefix, strong_arith_term_2, strong_arith_term_1, weak_arith_term, comparison_term, equality_term, term60, conjunction_term, disjunction_term, implication_term, equivalence_term, elementary_update_term, parallel_term, term, taclet, rulesOrAxioms, decls, file) 
317095     WARN  Test worker     d.u.i.k.n.KeYParser       [syntax-error] <unknown>:2:41: no viable alternative at input '#i;' [@26,42:42=';',<138>,2:41] (option_list, taclet, rulesOrAxioms, decls, file) 
317096     WARN  Test worker     d.u.i.k.n.KeYParser       [syntax-error] <unknown>:2:43: mismatched input '<' expecting {'(', '{'} [@28,44:44='<',<173>,2:43] (taclet, rulesOrAxioms, decls, file) 
317099     WARN  Test worker     d.u.i.k.n.KeYParser       [syntax-error] <unknown>:2:47: mismatched input '+' expecting {'(', '{'} [@32,48:48='+',<167>,2:47] (taclet, rulesOrAxioms, decls, file) 
317099     WARN  Test worker     d.u.i.k.n.KeYParser       [syntax-error] <unknown>:2:52: extraneous input '..' expecting {'\lemma', '}', IDENT, '/*!'} [@37,53:54='..',<144>,2:52] (rulesOrAxioms, decls, file) 
317100     WARN  Test worker     d.u.i.k.n.KeYParser       [syntax-error] <unknown>:2:56: mismatched input '>' expecting {<EOF>, '\problem', '\chooseContract', '\proofObligation', '\proof'} [@40,57:57='>',<168>,2:56] (file) 
317101     INFO  Test worker     d.u.i.k.n.KeyIO           Parsing took 1 ms 
317102     INFO  Test worker     d.u.i.k.n.KeyIO           MODE: declarations took 0 ms 
317102     WARN  Test worker     d.u.i.k.n.KeYParser       [syntax-error] <unknown>:2:21: extraneous input '<' expecting {MODALITY, FORALL, EXISTS, '\if', '\ifEx', 'true', 'false', '(', ')', '{', '@', NOT, '-', STRING_LITERAL, CHAR_LITERAL, BIN_LITERAL, HEX_LITERAL, IDENT, INT_LITERAL, FLOAT_LITERAL, DOUBLE_LITERAL, REAL_LITERAL} [@12,22:22='<',<173>,2:21] (argument_list, call, accessterm, primitive_term, primitive_labeled_term, bracket_term, atom_prefix, strong_arith_term_2, strong_arith_term_1, weak_arith_term, comparison_term, equality_term, term60, conjunction_term, disjunction_term, implication_term, equivalence_term, elementary_update_term, parallel_term, term, taclet, rulesOrAxioms, decls, file) 
317103     WARN  Test worker     d.u.i.k.n.KeYParser       [syntax-error] <unknown>:2:23: no viable alternative at input '{..' [@14,24:25='..',<144>,2:23] (atom_prefix, strong_arith_term_2, strong_arith_term_1, weak_arith_term, comparison_term, equality_term, term60, conjunction_term, disjunction_term, implication_term, equivalence_term, elementary_update_term, parallel_term, term, argument_list, call, accessterm, primitive_term, primitive_labeled_term, bracket_term, atom_prefix, strong_arith_term_2, strong_arith_term_1, weak_arith_term, comparison_term, equality_term, term60, conjunction_term, disjunction_term, implication_term, equivalence_term, elementary_update_term, parallel_term, term, taclet, rulesOrAxioms, decls, file) 
317103     WARN  Test worker     d.u.i.k.n.KeYParser       [syntax-error] <unknown>:2:33: mismatched input ';' expecting {',', ')'} [@21,34:34=';',<138>,2:33] (argument_list, call, accessterm, primitive_term, primitive_labeled_term, bracket_term, atom_prefix, strong_arith_term_2, strong_arith_term_1, weak_arith_term, comparison_term, equality_term, term60, conjunction_term, disjunction_term, implication_term, equivalence_term, elementary_update_term, parallel_term, term, taclet, rulesOrAxioms, decls, file) 
317103     WARN  Test worker     d.u.i.k.n.KeYParser       [syntax-error] <unknown>:2:43: no viable alternative at input '#lab;' [@26,44:44=';',<138>,2:43] (option_list, taclet, rulesOrAxioms, decls, file) 
317103     WARN  Test worker     d.u.i.k.n.KeYParser       [syntax-error] <unknown>:2:45: mismatched input '<' expecting {'(', '{'} [@28,46:46='<',<173>,2:45] (taclet, rulesOrAxioms, decls, file) 
317104     WARN  Test worker     d.u.i.k.n.KeYParser       [syntax-error] <unknown>:2:50: mismatched input '+' expecting {'(', '{'} [@32,51:51='+',<167>,2:50] (taclet, rulesOrAxioms, decls, file) 
317104     WARN  Test worker     d.u.i.k.n.KeYParser       [syntax-error] <unknown>:2:56: extraneous input '..' expecting {'\lemma', '}', IDENT, '/*!'} [@38,57:58='..',<144>,2:56] (rulesOrAxioms, decls, file) 
317104     WARN  Test worker     d.u.i.k.n.KeYParser       [syntax-error] <unknown>:2:60: mismatched input '>' expecting {<EOF>, '\problem', '\chooseContract', '\proofObligation', '\proof'} [@41,61:61='>',<168>,2:60] (file) 
317105     INFO  Test worker     d.u.i.k.n.KeyIO           Parsing took 1 ms 
317105     INFO  Test worker     d.u.i.k.n.KeyIO           MODE: declarations took 0 ms 
317106     INFO  Test worker     d.u.i.k.n.KeyIO           Parsing took 1 ms 
317106     INFO  Test worker     d.u.i.k.n.KeyIO           MODE: declarations took 0 ms 
317117     INFO  Test worker     d.u.i.k.n.KeyIO           Parsing took 1 ms 
317117     INFO  Test worker     d.u.i.k.n.KeyIO           MODE: declarations took 0 ms 
317118     INFO  Test worker     d.u.i.k.n.KeyIO           Parsing took 0 ms 
317118     INFO  Test worker     d.u.i.k.n.KeyIO           MODE: declarations took 0 ms 
317120     INFO  Test worker     d.u.i.k.n.KeyIO           Parsing took 0 ms 
317120     INFO  Test worker     d.u.i.k.n.KeyIO           MODE: declarations took 0 ms 
317131     INFO  Test worker     d.u.i.k.n.KeyIO           Parsing took 10 ms 
317131     INFO  Test worker     d.u.i.k.n.KeyIO           MODE: declarations took 0 ms 
317135     INFO  Test worker     d.u.i.k.n.KeyIO           Parsing took 0 ms 
317135     INFO  Test worker     d.u.i.k.n.KeyIO           MODE: declarations took 0 ms 
317136     INFO  Test worker     d.u.i.k.n.KeyIO           Parsing took 0 ms 
317136     INFO  Test worker     d.u.i.k.n.KeyIO           MODE: declarations took 0 ms 
317137     INFO  Test worker     d.u.i.k.n.KeyIO           Parsing took 1 ms 
317137     INFO  Test worker     d.u.i.k.n.KeyIO           MODE: declarations took 0 ms 
317137     INFO  Test worker     d.u.i.k.n.KeyIO           Parsing took 0 ms 
317138     INFO  Test worker     d.u.i.k.n.KeyIO           MODE: declarations took 0 ms 
317138     INFO  Test worker     d.u.i.k.n.KeyIO           Parsing took 0 ms 
317138     INFO  Test worker     d.u.i.k.n.KeyIO           MODE: declarations took 0 ms 
317139     INFO  Test worker     d.u.i.k.n.KeyIO           Parsing took 0 ms 
317139     INFO  Test worker     d.u.i.k.n.KeyIO           MODE: declarations took 0 ms 
317140     INFO  Test worker     d.u.i.k.n.KeyIO           Parsing took 0 ms 
317140     INFO  Test worker     d.u.i.k.n.KeyIO           MODE: declarations took 0 ms 
317141     INFO  Test worker     d.u.i.k.n.KeyIO           Parsing took 0 ms 
317141     INFO  Test worker     d.u.i.k.n.KeyIO           MODE: declarations took 0 ms 
317142     INFO  Test worker     d.u.i.k.n.KeyIO           Parsing took 0 ms 
317142     INFO  Test worker     d.u.i.k.n.KeyIO           MODE: declarations took 0 ms 
317143     INFO  Test worker     d.u.i.k.n.KeyIO           Parsing took 0 ms 
317143     INFO  Test worker     d.u.i.k.n.KeyIO           MODE: declarations took 0 ms 
317144     INFO  Test worker     d.u.i.k.n.KeyIO           Parsing took 0 ms 
317144     INFO  Test worker     d.u.i.k.n.KeyIO           MODE: declarations took 0 ms 
317148     INFO  Test worker     d.u.i.k.n.KeyIO           Parsing took 4 ms 
317148     INFO  Test worker     d.u.i.k.n.KeyIO           MODE: declarations took 0 ms 
317152     INFO  Test worker     d.u.i.k.n.KeyIO           Parsing took 0 ms 
317153     INFO  Test worker     d.u.i.k.n.KeyIO           MODE: declarations took 0 ms 
317154     INFO  Test worker     d.u.i.k.n.KeyIO           Parsing took 0 ms 
317154     INFO  Test worker     d.u.i.k.n.KeyIO           MODE: declarations took 0 ms 
317155     INFO  Test worker     d.u.i.k.n.KeyIO           Parsing took 0 ms 
317156     INFO  Test worker     d.u.i.k.n.KeyIO           MODE: declarations took 0 ms 
317157     INFO  Test worker     d.u.i.k.n.KeyIO           Parsing took 0 ms 
317157     INFO  Test worker     d.u.i.k.n.KeyIO           MODE: declarations took 0 ms 
317159     INFO  Test worker     d.u.i.k.n.KeyIO           Parsing took 0 ms 
317159     INFO  Test worker     d.u.i.k.n.KeyIO           MODE: declarations took 0 ms 
317160     INFO  Test worker     d.u.i.k.n.KeyIO           Parsing took 0 ms 
317161     INFO  Test worker     d.u.i.k.n.KeyIO           MODE: declarations took 0 ms 
317163     INFO  Test worker     d.u.i.k.n.KeyIO           Parsing took 2 ms 
317163     INFO  Test worker     d.u.i.k.n.KeyIO           MODE: declarations took 0 ms 
317166     INFO  Test worker     d.u.i.k.n.KeyIO           Parsing took 1 ms 
317166     INFO  Test worker     d.u.i.k.n.KeyIO           MODE: declarations took 0 ms 
317167     INFO  Test worker     d.u.i.k.n.KeyIO           Parsing took 0 ms 
317167     INFO  Test worker     d.u.i.k.n.KeyIO           MODE: declarations took 0 ms 
317169     INFO  Test worker     d.u.i.k.n.KeyIO           Parsing took 0 ms 
317170     INFO  Test worker     d.u.i.k.n.KeyIO           MODE: declarations took 0 ms 
317171     INFO  Test worker     d.u.i.k.n.KeyIO           Parsing took 0 ms 
317171     INFO  Test worker     d.u.i.k.n.KeyIO           MODE: declarations took 0 ms 
317173     INFO  Test worker     d.u.i.k.n.KeyIO           Parsing took 0 ms 
317174     INFO  Test worker     d.u.i.k.n.KeyIO           MODE: declarations took 0 ms 
317174     INFO  Test worker     d.u.i.k.n.KeyIO           Parsing took 0 ms 
317175     INFO  Test worker     d.u.i.k.n.KeyIO           MODE: declarations took 0 ms 
317176     INFO  Test worker     d.u.i.k.n.KeyIO           Parsing took 0 ms 
317177     INFO  Test worker     d.u.i.k.n.KeyIO           MODE: declarations took 1 ms 
317178     INFO  Test worker     d.u.i.k.n.KeyIO           Parsing took 1 ms 
317178     INFO  Test worker     d.u.i.k.n.KeyIO           MODE: declarations took 0 ms 
]]></system-out>
  <system-err><![CDATA[]]></system-err>
</testsuite>
