<?xml version="1.0" encoding="UTF-8"?>
<testsuite name="de.uka.ilkd.key.taclettranslation.TestTacletTranslator" tests="5" skipped="0" failures="0" errors="0" timestamp="2023-03-31T13:22:12" hostname="fv-az577-604" time="0.008">
  <properties/>
  <testcase name="testPropositional1()" classname="de.uka.ilkd.key.taclettranslation.TestTacletTranslator" time="0.003"/>
  <testcase name="testPropositional2()" classname="de.uka.ilkd.key.taclettranslation.TestTacletTranslator" time="0.001"/>
  <testcase name="testNegativePolarity()" classname="de.uka.ilkd.key.taclettranslation.TestTacletTranslator" time="0.001"/>
  <testcase name="testNoPolarity()" classname="de.uka.ilkd.key.taclettranslation.TestTacletTranslator" time="0.001"/>
  <testcase name="testPositivePolarity()" classname="de.uka.ilkd.key.taclettranslation.TestTacletTranslator" time="0.001"/>
  <system-out><![CDATA[848791     INFO  Test worker     d.u.i.k.n.KeyIO           Parsing took 0 ms 
848791     INFO  Test worker     d.u.i.k.n.KeyIO           MODE: declarations took 0 ms 
848794     INFO  Test worker     d.u.i.k.n.KeyIO           Parsing took 0 ms 
848794     INFO  Test worker     d.u.i.k.n.KeyIO           MODE: declarations took 0 ms 
848795     INFO  Test worker     d.u.i.k.n.KeyIO           Parsing took 0 ms 
848795     INFO  Test worker     d.u.i.k.n.KeyIO           MODE: declarations took 0 ms 
848797     INFO  Test worker     d.u.i.k.n.KeyIO           Parsing took 0 ms 
848797     INFO  Test worker     d.u.i.k.n.KeyIO           MODE: declarations took 0 ms 
848798     INFO  Test worker     d.u.i.k.n.KeyIO           Parsing took 0 ms 
848798     INFO  Test worker     d.u.i.k.n.KeyIO           MODE: declarations took 0 ms 
]]></system-out>
  <system-err><![CDATA[]]></system-err>
</testsuite>
