<?xml version="1.0" encoding="UTF-8"?>
<testsuite name="de.uka.ilkd.key.parser.TestTermParserSorts" tests="2" skipped="0" failures="0" errors="0" timestamp="2023-03-31T13:15:30" hostname="fv-az577-604" time="3.116">
  <properties/>
  <testcase name="testParseIntegerArgs()" classname="de.uka.ilkd.key.parser.TestTermParserSorts" time="0.018"/>
  <testcase name="testParseSequencePrettySyntax()" classname="de.uka.ilkd.key.parser.TestTermParserSorts" time="0.001"/>
  <system-out><![CDATA[446374     INFO  Test worker     d.u.i.k.n.KeyIO           Parsing took 0 ms 
446374     INFO  Test worker     d.u.i.k.n.KeyIO           MODE: declarations took 0 ms 
446374     INFO  Test worker     d.u.i.k.n.KeyIO           Parsing took 0 ms 
446374     INFO  Test worker     d.u.i.k.n.KeyIO           MODE: declarations took 0 ms 
446375     INFO  Test worker     d.u.i.k.n.KeyIO           Parsing took 1 ms 
446375     INFO  Test worker     d.u.i.k.n.KeyIO           MODE: declarations took 0 ms 
449489     INFO  Test worker     d.u.i.k.n.KeyIO           Parsing took 0 ms 
449489     INFO  Test worker     d.u.i.k.n.KeyIO           MODE: declarations took 0 ms 
449489     INFO  Test worker     d.u.i.k.n.KeyIO           Parsing took 0 ms 
449489     INFO  Test worker     d.u.i.k.n.KeyIO           MODE: declarations took 0 ms 
449489     INFO  Test worker     d.u.i.k.n.KeyIO           Parsing took 0 ms 
449489     INFO  Test worker     d.u.i.k.n.KeyIO           MODE: declarations took 0 ms 
]]></system-out>
  <system-err><![CDATA[]]></system-err>
</testsuite>
