<?xml version="1.0" encoding="UTF-8"?>
<testsuite name="de.uka.ilkd.key.logic.TestClashFreeSubst" tests="14" skipped="2" failures="0" errors="0" timestamp="2023-03-31T13:08:41" hostname="fv-az577-604" time="52.642">
  <properties/>
  <testcase name="testMultiShareBound()" classname="de.uka.ilkd.key.logic.TestClashFreeSubst" time="0.954"/>
  <testcase name="testClash()" classname="de.uka.ilkd.key.logic.TestClashFreeSubst" time="0.979"/>
  <testcase name="testShare()" classname="de.uka.ilkd.key.logic.TestClashFreeSubst" time="0.962"/>
  <testcase name="testSubst()" classname="de.uka.ilkd.key.logic.TestClashFreeSubst" time="0.958"/>
  <testcase name="testWary0()" classname="de.uka.ilkd.key.logic.TestClashFreeSubst" time="0.962"/>
  <testcase name="testWary1()" classname="de.uka.ilkd.key.logic.TestClashFreeSubst" time="0.974"/>
  <testcase name="testWary2()" classname="de.uka.ilkd.key.logic.TestClashFreeSubst" time="0.947"/>
  <testcase name="testClashInSubstTerm()" classname="de.uka.ilkd.key.logic.TestClashFreeSubst" time="0.93"/>
  <testcase name="testShareWary()" classname="de.uka.ilkd.key.logic.TestClashFreeSubst" time="0.996"/>
  <testcase name="testMultiSubst()" classname="de.uka.ilkd.key.logic.TestClashFreeSubst" time="1.029"/>
  <testcase name="xtestMultiClash()" classname="de.uka.ilkd.key.logic.TestClashFreeSubst" time="0.0">
    <skipped/>
  </testcase>
  <testcase name="testSubstInSubstTerm()" classname="de.uka.ilkd.key.logic.TestClashFreeSubst" time="1.032"/>
  <testcase name="testSubstWary()" classname="de.uka.ilkd.key.logic.TestClashFreeSubst" time="0.992"/>
  <testcase name="xtestMultiClash1()" classname="de.uka.ilkd.key.logic.TestClashFreeSubst" time="0.0">
    <skipped/>
  </testcase>
  <system-out><![CDATA[37340      INFO  Test worker     d.u.i.k.n.KeyIO           Parsing took 0 ms 
37340      INFO  Test worker     d.u.i.k.n.KeyIO           MODE: declarations took 0 ms 
38289      INFO  Test worker     d.u.i.k.n.KeyIO           Parsing took 0 ms 
38290      INFO  Test worker     d.u.i.k.n.KeyIO           MODE: declarations took 0 ms 
41503      INFO  Test worker     d.u.i.k.n.KeyIO           Parsing took 0 ms 
41504      INFO  Test worker     d.u.i.k.n.KeyIO           MODE: declarations took 1 ms 
42465      INFO  Test worker     d.u.i.k.n.KeyIO           Parsing took 0 ms 
42469      INFO  Test worker     d.u.i.k.n.KeyIO           MODE: declarations took 1 ms 
45628      INFO  Test worker     d.u.i.k.n.KeyIO           Parsing took 0 ms 
45630      INFO  Test worker     d.u.i.k.n.KeyIO           MODE: declarations took 1 ms 
46585      INFO  Test worker     d.u.i.k.n.KeyIO           Parsing took 0 ms 
46586      INFO  Test worker     d.u.i.k.n.KeyIO           MODE: declarations took 0 ms 
49795      INFO  Test worker     d.u.i.k.n.KeyIO           Parsing took 1 ms 
49795      INFO  Test worker     d.u.i.k.n.KeyIO           MODE: declarations took 0 ms 
50748      INFO  Test worker     d.u.i.k.n.KeyIO           Parsing took 0 ms 
50749      INFO  Test worker     d.u.i.k.n.KeyIO           MODE: declarations took 0 ms 
53849      INFO  Test worker     d.u.i.k.n.KeyIO           Parsing took 0 ms 
53850      INFO  Test worker     d.u.i.k.n.KeyIO           MODE: declarations took 0 ms 
54805      INFO  Test worker     d.u.i.k.n.KeyIO           Parsing took 0 ms 
54806      INFO  Test worker     d.u.i.k.n.KeyIO           MODE: declarations took 0 ms 
57948      INFO  Test worker     d.u.i.k.n.KeyIO           Parsing took 1 ms 
57950      INFO  Test worker     d.u.i.k.n.KeyIO           MODE: declarations took 1 ms 
58911      INFO  Test worker     d.u.i.k.n.KeyIO           Parsing took 0 ms 
58912      INFO  Test worker     d.u.i.k.n.KeyIO           MODE: declarations took 0 ms 
62055      INFO  Test worker     d.u.i.k.n.KeyIO           Parsing took 0 ms 
62056      INFO  Test worker     d.u.i.k.n.KeyIO           MODE: declarations took 0 ms 
62996      INFO  Test worker     d.u.i.k.n.KeyIO           Parsing took 0 ms 
62998      INFO  Test worker     d.u.i.k.n.KeyIO           MODE: declarations took 1 ms 
66153      INFO  Test worker     d.u.i.k.n.KeyIO           Parsing took 0 ms 
66154      INFO  Test worker     d.u.i.k.n.KeyIO           MODE: declarations took 1 ms 
67078      INFO  Test worker     d.u.i.k.n.KeyIO           Parsing took 0 ms 
67079      INFO  Test worker     d.u.i.k.n.KeyIO           MODE: declarations took 0 ms 
70128      INFO  Test worker     d.u.i.k.n.KeyIO           Parsing took 0 ms 
70129      INFO  Test worker     d.u.i.k.n.KeyIO           MODE: declarations took 0 ms 
71118      INFO  Test worker     d.u.i.k.n.KeyIO           Parsing took 1 ms 
71118      INFO  Test worker     d.u.i.k.n.KeyIO           MODE: declarations took 0 ms 
74252      INFO  Test worker     d.u.i.k.n.KeyIO           Parsing took 0 ms 
74252      INFO  Test worker     d.u.i.k.n.KeyIO           MODE: declarations took 0 ms 
75278      INFO  Test worker     d.u.i.k.n.KeyIO           Parsing took 0 ms 
75279      INFO  Test worker     d.u.i.k.n.KeyIO           MODE: declarations took 1 ms 
81601      INFO  Test worker     d.u.i.k.n.KeyIO           Parsing took 0 ms 
81602      INFO  Test worker     d.u.i.k.n.KeyIO           MODE: declarations took 0 ms 
82630      INFO  Test worker     d.u.i.k.n.KeyIO           Parsing took 0 ms 
82631      INFO  Test worker     d.u.i.k.n.KeyIO           MODE: declarations took 0 ms 
85859      INFO  Test worker     d.u.i.k.n.KeyIO           Parsing took 0 ms 
85860      INFO  Test worker     d.u.i.k.n.KeyIO           MODE: declarations took 1 ms 
86849      INFO  Test worker     d.u.i.k.n.KeyIO           Parsing took 0 ms 
86849      INFO  Test worker     d.u.i.k.n.KeyIO           MODE: declarations took 0 ms 
]]></system-out>
  <system-err><![CDATA[]]></system-err>
</testsuite>
