<?xml version="1.0" encoding="UTF-8"?>
<testsuite name="de.uka.ilkd.key.nparser.ParseLDTsTests" tests="2" skipped="0" failures="0" errors="0" timestamp="2023-03-31T13:11:34" hostname="fv-az577-604" time="0.844">
  <properties/>
  <testcase name="testLDT()" classname="de.uka.ilkd.key.nparser.ParseLDTsTests" time="0.015"/>
  <testcase name="testSR()" classname="de.uka.ilkd.key.nparser.ParseLDTsTests" time="0.827"/>
  <system-out><![CDATA[210593     INFO  Test worker     d.u.i.k.n.KeyIO           Parsing took 7 ms 
210594     INFO  Test worker     d.u.i.k.n.KeyIO           MODE: declarations took 0 ms 
210930     INFO  Test worker     d.u.i.k.n.KeyIO           Parsing took 328 ms 
210933     INFO  Test worker     d.u.i.k.n.KeyIO           MODE: declarations took 3 ms 
]]></system-out>
  <system-err><![CDATA[]]></system-err>
</testsuite>
