<?xml version="1.0" encoding="UTF-8"?>
<testsuite name="de.uka.ilkd.key.parser.TestDeclParser" tests="14" skipped="2" failures="0" errors="0" timestamp="2023-03-31T13:11:44" hostname="fv-az577-604" time="12.105">
  <properties/>
  <testcase name="testGenericSortDecl1()" classname="de.uka.ilkd.key.parser.TestDeclParser" time="1.094"/>
  <testcase name="testGenericSortDecl2()" classname="de.uka.ilkd.key.parser.TestDeclParser" time="1.068"/>
  <testcase name="testGenericSortDecl3()" classname="de.uka.ilkd.key.parser.TestDeclParser" time="0.956"/>
  <testcase name="testGenericSortDecl4()" classname="de.uka.ilkd.key.parser.TestDeclParser" time="1.023"/>
  <testcase name="testGenericSortDecl5()" classname="de.uka.ilkd.key.parser.TestDeclParser" time="0.0">
    <skipped/>
  </testcase>
  <testcase name="testGenericSortDecl6()" classname="de.uka.ilkd.key.parser.TestDeclParser" time="1.025"/>
  <testcase name="testSortDecl()" classname="de.uka.ilkd.key.parser.TestDeclParser" time="0.925"/>
  <testcase name="testProxySortDecl()" classname="de.uka.ilkd.key.parser.TestDeclParser" time="1.038"/>
  <testcase name="testArrayDecl()" classname="de.uka.ilkd.key.parser.TestDeclParser" time="1.039"/>
  <testcase name="testAmbiguousDecls()" classname="de.uka.ilkd.key.parser.TestDeclParser" time="0.0">
    <skipped/>
  </testcase>
  <testcase name="testHeurDecl()" classname="de.uka.ilkd.key.parser.TestDeclParser" time="0.964"/>
  <testcase name="testFunctionDecl()" classname="de.uka.ilkd.key.parser.TestDeclParser" time="1.034"/>
  <testcase name="testPredicateDecl()" classname="de.uka.ilkd.key.parser.TestDeclParser" time="1.002"/>
  <testcase name="testSVDecl()" classname="de.uka.ilkd.key.parser.TestDeclParser" time="0.934"/>
  <system-out><![CDATA[221950     INFO  Test worker     d.u.i.k.n.KeyIO           Parsing took 0 ms 
221951     INFO  Test worker     d.u.i.k.n.KeyIO           MODE: declarations took 1 ms 
223018     INFO  Test worker     d.u.i.k.n.KeyIO           Parsing took 0 ms 
223019     INFO  Test worker     d.u.i.k.n.KeyIO           MODE: declarations took 1 ms 
223975     INFO  Test worker     d.u.i.k.n.KeyIO           Parsing took 0 ms 
223975     INFO  Test worker     d.u.i.k.n.KeyIO           MODE: declarations took 0 ms 
224998     INFO  Test worker     d.u.i.k.n.KeyIO           Parsing took 0 ms 
224998     INFO  Test worker     d.u.i.k.n.KeyIO           MODE: declarations took 0 ms 
226022     INFO  Test worker     d.u.i.k.n.KeyIO           Parsing took 0 ms 
226023     INFO  Test worker     d.u.i.k.n.KeyIO           MODE: declarations took 0 ms 
226950     INFO  Test worker     d.u.i.k.n.KeyIO           Parsing took 1 ms 
226950     INFO  Test worker     d.u.i.k.n.KeyIO           MODE: declarations took 0 ms 
227987     INFO  Test worker     d.u.i.k.n.KeyIO           Parsing took 0 ms 
227988     INFO  Test worker     d.u.i.k.n.KeyIO           MODE: declarations took 0 ms 
229026     INFO  Test worker     d.u.i.k.n.KeyIO           Parsing took 0 ms 
229026     INFO  Test worker     d.u.i.k.n.KeyIO           MODE: declarations took 0 ms 
229992     INFO  Test worker     d.u.i.k.n.KeyIO           Parsing took 0 ms 
229992     INFO  Test worker     d.u.i.k.n.KeyIO           MODE: declarations took 0 ms 
231025     INFO  Test worker     d.u.i.k.n.KeyIO           Parsing took 0 ms 
231026     INFO  Test worker     d.u.i.k.n.KeyIO           MODE: declarations took 1 ms 
232028     INFO  Test worker     d.u.i.k.n.KeyIO           Parsing took 0 ms 
232028     INFO  Test worker     d.u.i.k.n.KeyIO           MODE: declarations took 0 ms 
232962     INFO  Test worker     d.u.i.k.n.KeyIO           Parsing took 0 ms 
232962     INFO  Test worker     d.u.i.k.n.KeyIO           MODE: declarations took 0 ms 
]]></system-out>
  <system-err><![CDATA[]]></system-err>
</testsuite>
