<?xml version="1.0" encoding="UTF-8"?>
<testsuite name="de.uka.ilkd.key.nparser.ExprTest" tests="23" skipped="0" failures="0" errors="0" timestamp="2023-03-31T13:11:31" hostname="fv-az577-604" time="2.529">
  <properties/>
  <testcase name="[1] (bprod{int y;}(1, 2, y) = 0)" classname="de.uka.ilkd.key.nparser.ExprTest" time="0.028"/>
  <testcase name="[2] 1 = 1 -&gt; 2 = 2" classname="de.uka.ilkd.key.nparser.ExprTest" time="0.038"/>
  <testcase name="[3] \&lt; { int x = 1; } \&gt; x=1" classname="de.uka.ilkd.key.nparser.ExprTest" time="1.116"/>
  <testcase name="[4] \&lt;{ int x = 1; {int s = 2;} }\&gt; x=x" classname="de.uka.ilkd.key.nparser.ExprTest" time="1.032"/>
  <testcase name="[5] true" classname="de.uka.ilkd.key.nparser.ExprTest" time="0.014"/>
  <testcase name="[6] true &amp; false" classname="de.uka.ilkd.key.nparser.ExprTest" time="0.014"/>
  <testcase name="[7] 0" classname="de.uka.ilkd.key.nparser.ExprTest" time="0.015"/>
  <testcase name="[8] 1" classname="de.uka.ilkd.key.nparser.ExprTest" time="0.016"/>
  <testcase name="[9] 42" classname="de.uka.ilkd.key.nparser.ExprTest" time="0.013"/>
  <testcase name="[10] -5" classname="de.uka.ilkd.key.nparser.ExprTest" time="0.026"/>
  <testcase name="[11] 1 + 1 = 2" classname="de.uka.ilkd.key.nparser.ExprTest" time="0.014"/>
  <testcase name="[12] \if (3=4) \then (1) \else (2)" classname="de.uka.ilkd.key.nparser.ExprTest" time="0.014"/>
  <testcase name="[13] \if (3=4 &amp; 1=1) \then (\if (3=4) \then (1) \else (2)) \else (2)" classname="de.uka.ilkd.key.nparser.ExprTest" time="0.014"/>
  <testcase name="[14] aa + bb*cc" classname="de.uka.ilkd.key.nparser.ExprTest" time="0.019"/>
  <testcase name="[15] aa%bb*cc &lt; -123" classname="de.uka.ilkd.key.nparser.ExprTest" time="0.014"/>
  <testcase name="[16] \forall int x; true" classname="de.uka.ilkd.key.nparser.ExprTest" time="0.014"/>
  <testcase name="[17] \forall numbers x; x = x" classname="de.uka.ilkd.key.nparser.ExprTest" time="0.014"/>
  <testcase name="[18] (int)3+2" classname="de.uka.ilkd.key.nparser.ExprTest" time="0.013"/>
  <testcase name="[19] 1.f + 1f = 20e-1f * (2f-1f)" classname="de.uka.ilkd.key.nparser.ExprTest" time="0.014"/>
  <testcase name="[20] 1.d + 1d &lt;= 20e+1d * .01d" classname="de.uka.ilkd.key.nparser.ExprTest" time="0.016"/>
  <testcase name="[21] 1f &lt;= 2f" classname="de.uka.ilkd.key.nparser.ExprTest" time="0.019"/>
  <testcase name="[22] 2d &gt; 1d" classname="de.uka.ilkd.key.nparser.ExprTest" time="0.015"/>
  <testcase name="[23] seqEmpty + seqEmpty" classname="de.uka.ilkd.key.nparser.ExprTest" time="0.015"/>
  <system-out><![CDATA[208072     INFO  Test worker     d.u.i.k.n.KeyIO           Parsing took 17 ms 
208075     INFO  Test worker     d.u.i.k.n.KeyIO           MODE: declarations took 3 ms 
208081     INFO  Test worker     d.u.i.k.n.ExprTest        Term: equals(bprod{y:int}(Z(1(#)),Z(2(#)),y),Z(0(#))) 
208114     INFO  Test worker     d.u.i.k.n.KeyIO           Parsing took 22 ms 
208115     INFO  Test worker     d.u.i.k.n.KeyIO           MODE: declarations took 1 ms 
208120     INFO  Test worker     d.u.i.k.n.ExprTest        Term: imp(equals(Z(1(#)),Z(1(#))),equals(Z(2(#)),Z(2(#)))) 
208155     INFO  Test worker     d.u.i.k.n.KeyIO           Parsing took 24 ms 
208157     INFO  Test worker     d.u.i.k.n.KeyIO           MODE: declarations took 1 ms 
209236     INFO  Test worker     d.u.i.k.n.ExprTest        Term: \<{
  int x = 1;
}\> (equals(x,Z(1(#)))) 
209251     INFO  Test worker     d.u.i.k.n.KeyIO           Parsing took 10 ms 
209254     INFO  Test worker     d.u.i.k.n.KeyIO           MODE: declarations took 0 ms 
210269     INFO  Test worker     d.u.i.k.n.ExprTest        Term: \<{
  int x = 1;
  {
    int s = 2;
  }
}\> (equals(x,x)) 
210284     INFO  Test worker     d.u.i.k.n.KeyIO           Parsing took 9 ms 
210285     INFO  Test worker     d.u.i.k.n.KeyIO           MODE: declarations took 1 ms 
210288     INFO  Test worker     d.u.i.k.n.ExprTest        Term: true 
210299     INFO  Test worker     d.u.i.k.n.KeyIO           Parsing took 9 ms 
210300     INFO  Test worker     d.u.i.k.n.KeyIO           MODE: declarations took 1 ms 
210302     INFO  Test worker     d.u.i.k.n.ExprTest        Term: and(true,false) 
210314     INFO  Test worker     d.u.i.k.n.KeyIO           Parsing took 10 ms 
210315     INFO  Test worker     d.u.i.k.n.KeyIO           MODE: declarations took 0 ms 
210318     INFO  Test worker     d.u.i.k.n.ExprTest        Term: Z(0(#)) 
210329     INFO  Test worker     d.u.i.k.n.KeyIO           Parsing took 9 ms 
210330     INFO  Test worker     d.u.i.k.n.KeyIO           MODE: declarations took 1 ms 
210336     INFO  Test worker     d.u.i.k.n.ExprTest        Term: Z(1(#)) 
210346     INFO  Test worker     d.u.i.k.n.KeyIO           Parsing took 9 ms 
210347     INFO  Test worker     d.u.i.k.n.KeyIO           MODE: declarations took 1 ms 
210349     INFO  Test worker     d.u.i.k.n.ExprTest        Term: Z(2(4(#))) 
210369     INFO  Test worker     d.u.i.k.n.KeyIO           Parsing took 18 ms 
210370     INFO  Test worker     d.u.i.k.n.KeyIO           MODE: declarations took 1 ms 
210376     INFO  Test worker     d.u.i.k.n.ExprTest        Term: Z(neglit(5(#))) 
210386     INFO  Test worker     d.u.i.k.n.KeyIO           Parsing took 8 ms 
210387     INFO  Test worker     d.u.i.k.n.KeyIO           MODE: declarations took 1 ms 
210389     INFO  Test worker     d.u.i.k.n.ExprTest        Term: equals(add(Z(1(#)),Z(1(#))),Z(2(#))) 
210400     INFO  Test worker     d.u.i.k.n.KeyIO           Parsing took 8 ms 
210401     INFO  Test worker     d.u.i.k.n.KeyIO           MODE: declarations took 1 ms 
210404     INFO  Test worker     d.u.i.k.n.ExprTest        Term: if-then-else(equals(Z(3(#)),Z(4(#))),Z(1(#)),Z(2(#))) 
210414     INFO  Test worker     d.u.i.k.n.KeyIO           Parsing took 7 ms 
210416     INFO  Test worker     d.u.i.k.n.KeyIO           MODE: declarations took 1 ms 
210419     INFO  Test worker     d.u.i.k.n.ExprTest        Term: if-then-else(and(equals(Z(3(#)),Z(4(#))),equals(Z(1(#)),Z(1(#)))),if-then-else(equals(Z(3(#)),Z(4(#))),Z(1(#)),Z(2(#))),Z(2(#))) 
210430     INFO  Test worker     d.u.i.k.n.KeyIO           Parsing took 8 ms 
210436     INFO  Test worker     d.u.i.k.n.KeyIO           MODE: declarations took 5 ms 
210439     INFO  Test worker     d.u.i.k.n.ExprTest        Term: add(aa,mul(bb,cc)) 
210449     INFO  Test worker     d.u.i.k.n.KeyIO           Parsing took 7 ms 
210451     INFO  Test worker     d.u.i.k.n.KeyIO           MODE: declarations took 1 ms 
210453     INFO  Test worker     d.u.i.k.n.ExprTest        Term: lt(mul(mod(aa,bb),cc),Z(neglit(3(2(1(#)))))) 
210465     INFO  Test worker     d.u.i.k.n.KeyIO           Parsing took 7 ms 
210467     INFO  Test worker     d.u.i.k.n.KeyIO           MODE: declarations took 0 ms 
210469     INFO  Test worker     d.u.i.k.n.ExprTest        Term: all{x:int}(true) 
210480     INFO  Test worker     d.u.i.k.n.KeyIO           Parsing took 8 ms 
210481     INFO  Test worker     d.u.i.k.n.KeyIO           MODE: declarations took 1 ms 
210483     INFO  Test worker     d.u.i.k.n.ExprTest        Term: all{x:numbers}(equals(x,x)) 
210494     INFO  Test worker     d.u.i.k.n.KeyIO           Parsing took 8 ms 
210495     INFO  Test worker     d.u.i.k.n.KeyIO           MODE: declarations took 1 ms 
210498     INFO  Test worker     d.u.i.k.n.ExprTest        Term: add(int::cast(Z(3(#))),Z(2(#))) 
210508     INFO  Test worker     d.u.i.k.n.KeyIO           Parsing took 7 ms 
210510     INFO  Test worker     d.u.i.k.n.KeyIO           MODE: declarations took 1 ms 
210513     INFO  Test worker     d.u.i.k.n.ExprTest        Term: equals(addFloat(FP(6(1(2(3(5(3(5(6(0(1(#))))))))))),FP(6(1(2(3(5(3(5(6(0(1(#)))))))))))),mulFloat(FP(4(2(8(1(4(7(3(7(0(1(#))))))))))),subFloat(FP(4(2(8(1(4(7(3(7(0(1(#))))))))))),FP(6(1(2(3(5(3(5(6(0(1(#)))))))))))))) 
210524     INFO  Test worker     d.u.i.k.n.KeyIO           Parsing took 7 ms 
210527     INFO  Test worker     d.u.i.k.n.KeyIO           MODE: declarations took 2 ms 
210530     INFO  Test worker     d.u.i.k.n.ExprTest        Term: leqDouble(addDouble(DFP(8(0(4(7(1(0(0(0(8(8(1(4(2(8(1(7(0(6(4(#)))))))))))))))))))),DFP(8(0(4(7(1(0(0(0(8(8(1(4(2(8(1(7(0(6(4(#))))))))))))))))))))),mulDouble(DFP(4(8(7(6(0(0(2(8(9(0(9(8(0(4(2(1(4(6(4(#)))))))))))))))))))),DFP(5(7(6(7(8(0(4(0(3(9(2(2(8(1(9(6(7(5(4(#)))))))))))))))))))))) 
210545     INFO  Test worker     d.u.i.k.n.KeyIO           Parsing took 9 ms 
210547     INFO  Test worker     d.u.i.k.n.KeyIO           MODE: declarations took 1 ms 
210549     INFO  Test worker     d.u.i.k.n.ExprTest        Term: leqFloat(FP(6(1(2(3(5(3(5(6(0(1(#))))))))))),FP(4(2(8(1(4(7(3(7(0(1(#)))))))))))) 
210560     INFO  Test worker     d.u.i.k.n.KeyIO           Parsing took 8 ms 
210563     INFO  Test worker     d.u.i.k.n.KeyIO           MODE: declarations took 1 ms 
210566     INFO  Test worker     d.u.i.k.n.ExprTest        Term: gtDouble(DFP(4(0(9(7(8(3(7(2(4(8(1(0(6(8(6(1(1(6(4(#)))))))))))))))))))),DFP(8(0(4(7(1(0(0(0(8(8(1(4(2(8(1(7(0(6(4(#))))))))))))))))))))) 
210577     INFO  Test worker     d.u.i.k.n.KeyIO           Parsing took 8 ms 
210579     INFO  Test worker     d.u.i.k.n.KeyIO           MODE: declarations took 0 ms 
210582     INFO  Test worker     d.u.i.k.n.ExprTest        Term: seqConcat(seqEmpty,seqEmpty) 
]]></system-out>
  <system-err><![CDATA[]]></system-err>
</testsuite>
