<?xml version="1.0" encoding="UTF-8"?>
<testsuite name="de.uka.ilkd.key.parser.TestTermParser" tests="47" skipped="4" failures="0" errors="0" timestamp="2023-03-31T13:13:21" hostname="fv-az577-604" time="4.574">
  <properties/>
  <testcase name="testNotEqual()" classname="de.uka.ilkd.key.parser.TestTermParser" time="0.003"/>
  <testcase name="testProgramVariables()" classname="de.uka.ilkd.key.parser.TestTermParser" time="0.076"/>
  <testcase name="testAttributeWithSpecifiedSortOnObject()" classname="de.uka.ilkd.key.parser.TestTermParser" time="0.007"/>
  <testcase name="testCast()" classname="de.uka.ilkd.key.parser.TestTermParser" time="0.003"/>
  <testcase name="testJavaQueryAndAttribute_all()" classname="de.uka.ilkd.key.parser.TestTermParser" time="0.0">
    <skipped/>
  </testcase>
  <testcase name="test10()" classname="de.uka.ilkd.key.parser.TestTermParser" time="0.015"/>
  <testcase name="test11()" classname="de.uka.ilkd.key.parser.TestTermParser" time="0.004"/>
  <testcase name="test12()" classname="de.uka.ilkd.key.parser.TestTermParser" time="0.0">
    <skipped/>
  </testcase>
  <testcase name="test13()" classname="de.uka.ilkd.key.parser.TestTermParser" time="0.006"/>
  <testcase name="test14()" classname="de.uka.ilkd.key.parser.TestTermParser" time="0.006"/>
  <testcase name="test1a()" classname="de.uka.ilkd.key.parser.TestTermParser" time="0.003"/>
  <testcase name="testJavaAttributeAccess_4()" classname="de.uka.ilkd.key.parser.TestTermParser" time="0.005"/>
  <testcase name="testAttributeOnObject()" classname="de.uka.ilkd.key.parser.TestTermParser" time="0.009"/>
  <testcase name="testNegativeLiteralParsing1()" classname="de.uka.ilkd.key.parser.TestTermParser" time="0.002"/>
  <testcase name="testNegativeLiteralParsing2()" classname="de.uka.ilkd.key.parser.TestTermParser" time="0.002"/>
  <testcase name="testNegativeLiteralParsing3()" classname="de.uka.ilkd.key.parser.TestTermParser" time="0.002"/>
  <testcase name="xtestParsingArrayWithSpaces()" classname="de.uka.ilkd.key.parser.TestTermParser" time="0.001">
    <skipped/>
  </testcase>
  <testcase name="testAmbigiousFuncVarPred()" classname="de.uka.ilkd.key.parser.TestTermParser" time="0.001"/>
  <testcase name="test1()" classname="de.uka.ilkd.key.parser.TestTermParser" time="0.002"/>
  <testcase name="test2()" classname="de.uka.ilkd.key.parser.TestTermParser" time="0.002"/>
  <testcase name="test3()" classname="de.uka.ilkd.key.parser.TestTermParser" time="0.001"/>
  <testcase name="test5()" classname="de.uka.ilkd.key.parser.TestTermParser" time="0.002"/>
  <testcase name="test6()" classname="de.uka.ilkd.key.parser.TestTermParser" time="0.002"/>
  <testcase name="test7()" classname="de.uka.ilkd.key.parser.TestTermParser" time="0.002"/>
  <testcase name="test8()" classname="de.uka.ilkd.key.parser.TestTermParser" time="0.002"/>
  <testcase name="test9()" classname="de.uka.ilkd.key.parser.TestTermParser" time="0.002"/>
  <testcase name="testBindingUpdateTerm()" classname="de.uka.ilkd.key.parser.TestTermParser" time="0.002"/>
  <testcase name="testJavaStaticQuery()" classname="de.uka.ilkd.key.parser.TestTermParser" time="0.005"/>
  <testcase name="testInfix1()" classname="de.uka.ilkd.key.parser.TestTermParser" time="0.004"/>
  <testcase name="testInfix2()" classname="de.uka.ilkd.key.parser.TestTermParser" time="0.002"/>
  <testcase name="testInfix3()" classname="de.uka.ilkd.key.parser.TestTermParser" time="0.002"/>
  <testcase name="testInfix4()" classname="de.uka.ilkd.key.parser.TestTermParser" time="0.003"/>
  <testcase name="testIfThenElse()" classname="de.uka.ilkd.key.parser.TestTermParser" time="0.002"/>
  <testcase name="testJavaAttributeAccessBoth_1()" classname="de.uka.ilkd.key.parser.TestTermParser" time="0.003"/>
  <testcase name="testJavaAttributeAccessBoth_2()" classname="de.uka.ilkd.key.parser.TestTermParser" time="0.003"/>
  <testcase name="testJavaAttributeAccessBoth_3()" classname="de.uka.ilkd.key.parser.TestTermParser" time="0.003"/>
  <testcase name="testBindingUpdateTerm_1()" classname="de.uka.ilkd.key.parser.TestTermParser" time="0.002"/>
  <testcase name="testBindingUpdateTerm_3()" classname="de.uka.ilkd.key.parser.TestTermParser" time="0.004"/>
  <testcase name="testBindingUpdateTerm_4()" classname="de.uka.ilkd.key.parser.TestTermParser" time="0.001"/>
  <testcase name="testBindingUpdateTerm_5()" classname="de.uka.ilkd.key.parser.TestTermParser" time="0.002"/>
  <testcase name="testBindingUpdateTerm_6()" classname="de.uka.ilkd.key.parser.TestTermParser" time="0.002"/>
  <testcase name="testBindingUpdateTerm_7()" classname="de.uka.ilkd.key.parser.TestTermParser" time="0.002"/>
  <testcase name="testBindingUpdateTerm_8()" classname="de.uka.ilkd.key.parser.TestTermParser" time="0.002"/>
  <testcase name="testParsingArray()" classname="de.uka.ilkd.key.parser.TestTermParser" time="0.003"/>
  <testcase name="xtestBindingUpdateTermOldBindingAlternative()" classname="de.uka.ilkd.key.parser.TestTermParser" time="0.0">
    <skipped/>
  </testcase>
  <testcase name="testJavaStaticQueryWithParameter()" classname="de.uka.ilkd.key.parser.TestTermParser" time="0.004"/>
  <testcase name="testParsingArrayCombination()" classname="de.uka.ilkd.key.parser.TestTermParser" time="0.003"/>
  <system-out><![CDATA[317277     INFO  Test worker     d.u.i.k.n.KeyIO           Parsing took 0 ms 
317278     INFO  Test worker     d.u.i.k.n.KeyIO           MODE: declarations took 1 ms 
317280     WARN  Test worker     d.u.i.k.j.r.KeYCrossReferenceNameInfo Datatype T declared twice: Once in UNKNOWN:unknown and once in UNKNOWN:unknown, Keeping one from UNKNOWN:unknown 
317373     INFO  Test worker     d.u.i.k.n.KeyIO           Parsing took 0 ms 
317374     INFO  Test worker     d.u.i.k.n.KeyIO           MODE: declarations took 0 ms 
317449     WARN  Test worker     d.u.i.k.j.r.KeYCrossReferenceNameInfo Datatype T declared twice: Once in UNKNOWN:unknown and once in UNKNOWN:unknown, Keeping one from UNKNOWN:unknown 
317546     INFO  Test worker     d.u.i.k.n.KeyIO           Parsing took 0 ms 
317547     INFO  Test worker     d.u.i.k.n.KeyIO           MODE: declarations took 0 ms 
317553     WARN  Test worker     d.u.i.k.j.r.KeYCrossReferenceNameInfo Datatype T declared twice: Once in UNKNOWN:unknown and once in UNKNOWN:unknown, Keeping one from UNKNOWN:unknown 
317649     INFO  Test worker     d.u.i.k.n.KeyIO           Parsing took 1 ms 
317649     INFO  Test worker     d.u.i.k.n.KeyIO           MODE: declarations took 0 ms 
317651     WARN  Test worker     d.u.i.k.j.r.KeYCrossReferenceNameInfo Datatype T declared twice: Once in UNKNOWN:unknown and once in UNKNOWN:unknown, Keeping one from UNKNOWN:unknown 
317743     WARN  Test worker     d.u.i.k.j.r.KeYCrossReferenceNameInfo Datatype T declared twice: Once in UNKNOWN:unknown and once in UNKNOWN:unknown, Keeping one from UNKNOWN:unknown 
317835     INFO  Test worker     d.u.i.k.n.KeyIO           Parsing took 0 ms 
317836     INFO  Test worker     d.u.i.k.n.KeyIO           MODE: declarations took 0 ms 
317846     INFO  Test worker     d.u.i.k.p.TestTermParser  Out: \<{
  int x = 1;
  {
    int s = 2;
  }
}\> (equals(x,x)) 
317850     WARN  Test worker     d.u.i.k.j.r.KeYCrossReferenceNameInfo Datatype T declared twice: Once in UNKNOWN:unknown and once in UNKNOWN:unknown, Keeping one from UNKNOWN:unknown 
317946     INFO  Test worker     d.u.i.k.n.KeyIO           Parsing took 0 ms 
317947     INFO  Test worker     d.u.i.k.n.KeyIO           MODE: declarations took 0 ms 
317949     INFO  Test worker     d.u.i.k.p.TestTermParser  Out: \[{
  int x = 2;
  {
    String s = ""}";
  }
}\] (true) 
317950     WARN  Test worker     d.u.i.k.j.r.KeYCrossReferenceNameInfo Datatype T declared twice: Once in UNKNOWN:unknown and once in UNKNOWN:unknown, Keeping one from UNKNOWN:unknown 
318044     WARN  Test worker     d.u.i.k.j.r.KeYCrossReferenceNameInfo Datatype T declared twice: Once in UNKNOWN:unknown and once in UNKNOWN:unknown, Keeping one from UNKNOWN:unknown 
318154     INFO  Test worker     d.u.i.k.n.KeyIO           Parsing took 0 ms 
318154     INFO  Test worker     d.u.i.k.n.KeyIO           MODE: declarations took 0 ms 
318160     WARN  Test worker     d.u.i.k.j.r.KeYCrossReferenceNameInfo Datatype T declared twice: Once in UNKNOWN:unknown and once in UNKNOWN:unknown, Keeping one from UNKNOWN:unknown 
318258     INFO  Test worker     d.u.i.k.n.KeyIO           Parsing took 0 ms 
318259     INFO  Test worker     d.u.i.k.n.KeyIO           MODE: declarations took 0 ms 
318261     INFO  Test worker     d.u.i.k.p.TestTermParser  Out: \<{
  int[] i;
}\> (diamond(true)) 
318264     WARN  Test worker     d.u.i.k.j.r.KeYCrossReferenceNameInfo Datatype T declared twice: Once in UNKNOWN:unknown and once in UNKNOWN:unknown, Keeping one from UNKNOWN:unknown 
318366     INFO  Test worker     d.u.i.k.n.KeyIO           Parsing took 0 ms 
318366     INFO  Test worker     d.u.i.k.n.KeyIO           MODE: declarations took 0 ms 
318369     WARN  Test worker     d.u.i.k.j.r.KeYCrossReferenceNameInfo Datatype T declared twice: Once in UNKNOWN:unknown and once in UNKNOWN:unknown, Keeping one from UNKNOWN:unknown 
318470     INFO  Test worker     d.u.i.k.n.KeyIO           Parsing took 0 ms 
318471     INFO  Test worker     d.u.i.k.n.KeyIO           MODE: declarations took 0 ms 
318475     WARN  Test worker     d.u.i.k.j.r.KeYCrossReferenceNameInfo Datatype T declared twice: Once in UNKNOWN:unknown and once in UNKNOWN:unknown, Keeping one from UNKNOWN:unknown 
318573     INFO  Test worker     d.u.i.k.n.KeyIO           Parsing took 0 ms 
318574     INFO  Test worker     d.u.i.k.n.KeyIO           MODE: declarations took 0 ms 
318583     WARN  Test worker     d.u.i.k.j.r.KeYCrossReferenceNameInfo Datatype T declared twice: Once in UNKNOWN:unknown and once in UNKNOWN:unknown, Keeping one from UNKNOWN:unknown 
318678     INFO  Test worker     d.u.i.k.n.KeyIO           Parsing took 0 ms 
318679     INFO  Test worker     d.u.i.k.n.KeyIO           MODE: declarations took 0 ms 
318680     WARN  Test worker     d.u.i.k.j.r.KeYCrossReferenceNameInfo Datatype T declared twice: Once in UNKNOWN:unknown and once in UNKNOWN:unknown, Keeping one from UNKNOWN:unknown 
318774     INFO  Test worker     d.u.i.k.n.KeyIO           Parsing took 0 ms 
318775     INFO  Test worker     d.u.i.k.n.KeyIO           MODE: declarations took 1 ms 
318776     WARN  Test worker     d.u.i.k.j.r.KeYCrossReferenceNameInfo Datatype T declared twice: Once in UNKNOWN:unknown and once in UNKNOWN:unknown, Keeping one from UNKNOWN:unknown 
318871     INFO  Test worker     d.u.i.k.n.KeyIO           Parsing took 0 ms 
318872     INFO  Test worker     d.u.i.k.n.KeyIO           MODE: declarations took 1 ms 
318873     WARN  Test worker     d.u.i.k.j.r.KeYCrossReferenceNameInfo Datatype T declared twice: Once in UNKNOWN:unknown and once in UNKNOWN:unknown, Keeping one from UNKNOWN:unknown 
318972     WARN  Test worker     d.u.i.k.j.r.KeYCrossReferenceNameInfo Datatype T declared twice: Once in UNKNOWN:unknown and once in UNKNOWN:unknown, Keeping one from UNKNOWN:unknown 
319063     INFO  Test worker     d.u.i.k.n.KeyIO           Parsing took 1 ms 
319063     INFO  Test worker     d.u.i.k.n.KeyIO           MODE: declarations took 0 ms 
319064     WARN  Test worker     d.u.i.k.j.r.KeYCrossReferenceNameInfo Datatype T declared twice: Once in UNKNOWN:unknown and once in UNKNOWN:unknown, Keeping one from UNKNOWN:unknown 
319157     INFO  Test worker     d.u.i.k.n.KeyIO           Parsing took 0 ms 
319157     INFO  Test worker     d.u.i.k.n.KeyIO           MODE: declarations took 0 ms 
319159     WARN  Test worker     d.u.i.k.j.r.KeYCrossReferenceNameInfo Datatype T declared twice: Once in UNKNOWN:unknown and once in UNKNOWN:unknown, Keeping one from UNKNOWN:unknown 
319254     INFO  Test worker     d.u.i.k.n.KeyIO           Parsing took 0 ms 
319255     INFO  Test worker     d.u.i.k.n.KeyIO           MODE: declarations took 1 ms 
319256     WARN  Test worker     d.u.i.k.j.r.KeYCrossReferenceNameInfo Datatype T declared twice: Once in UNKNOWN:unknown and once in UNKNOWN:unknown, Keeping one from UNKNOWN:unknown 
319349     INFO  Test worker     d.u.i.k.n.KeyIO           Parsing took 0 ms 
319349     INFO  Test worker     d.u.i.k.n.KeyIO           MODE: declarations took 0 ms 
319351     WARN  Test worker     d.u.i.k.j.r.KeYCrossReferenceNameInfo Datatype T declared twice: Once in UNKNOWN:unknown and once in UNKNOWN:unknown, Keeping one from UNKNOWN:unknown 
319447     INFO  Test worker     d.u.i.k.n.KeyIO           Parsing took 1 ms 
319447     INFO  Test worker     d.u.i.k.n.KeyIO           MODE: declarations took 0 ms 
319449     WARN  Test worker     d.u.i.k.j.r.KeYCrossReferenceNameInfo Datatype T declared twice: Once in UNKNOWN:unknown and once in UNKNOWN:unknown, Keeping one from UNKNOWN:unknown 
319544     INFO  Test worker     d.u.i.k.n.KeyIO           Parsing took 0 ms 
319544     INFO  Test worker     d.u.i.k.n.KeyIO           MODE: declarations took 0 ms 
319546     WARN  Test worker     d.u.i.k.j.r.KeYCrossReferenceNameInfo Datatype T declared twice: Once in UNKNOWN:unknown and once in UNKNOWN:unknown, Keeping one from UNKNOWN:unknown 
319642     INFO  Test worker     d.u.i.k.n.KeyIO           Parsing took 0 ms 
319642     INFO  Test worker     d.u.i.k.n.KeyIO           MODE: declarations took 0 ms 
319644     WARN  Test worker     d.u.i.k.j.r.KeYCrossReferenceNameInfo Datatype T declared twice: Once in UNKNOWN:unknown and once in UNKNOWN:unknown, Keeping one from UNKNOWN:unknown 
319740     INFO  Test worker     d.u.i.k.n.KeyIO           Parsing took 0 ms 
319740     INFO  Test worker     d.u.i.k.n.KeyIO           MODE: declarations took 0 ms 
319742     WARN  Test worker     d.u.i.k.j.r.KeYCrossReferenceNameInfo Datatype T declared twice: Once in UNKNOWN:unknown and once in UNKNOWN:unknown, Keeping one from UNKNOWN:unknown 
319834     INFO  Test worker     d.u.i.k.n.KeyIO           Parsing took 0 ms 
319834     INFO  Test worker     d.u.i.k.n.KeyIO           MODE: declarations took 0 ms 
319836     WARN  Test worker     d.u.i.k.j.r.KeYCrossReferenceNameInfo Datatype T declared twice: Once in UNKNOWN:unknown and once in UNKNOWN:unknown, Keeping one from UNKNOWN:unknown 
319928     INFO  Test worker     d.u.i.k.n.KeyIO           Parsing took 1 ms 
319928     INFO  Test worker     d.u.i.k.n.KeyIO           MODE: declarations took 0 ms 
319930     WARN  Test worker     d.u.i.k.j.r.KeYCrossReferenceNameInfo Datatype T declared twice: Once in UNKNOWN:unknown and once in UNKNOWN:unknown, Keeping one from UNKNOWN:unknown 
320026     INFO  Test worker     d.u.i.k.n.KeyIO           Parsing took 1 ms 
320027     INFO  Test worker     d.u.i.k.n.KeyIO           MODE: declarations took 1 ms 
320030     WARN  Test worker     d.u.i.k.j.r.KeYCrossReferenceNameInfo Datatype T declared twice: Once in UNKNOWN:unknown and once in UNKNOWN:unknown, Keeping one from UNKNOWN:unknown 
320128     INFO  Test worker     d.u.i.k.n.KeyIO           Parsing took 0 ms 
320129     INFO  Test worker     d.u.i.k.n.KeyIO           MODE: declarations took 0 ms 
320131     WARN  Test worker     d.u.i.k.j.r.KeYCrossReferenceNameInfo Datatype T declared twice: Once in UNKNOWN:unknown and once in UNKNOWN:unknown, Keeping one from UNKNOWN:unknown 
320231     INFO  Test worker     d.u.i.k.n.KeyIO           Parsing took 0 ms 
320231     INFO  Test worker     d.u.i.k.n.KeyIO           MODE: declarations took 0 ms 
320233     WARN  Test worker     d.u.i.k.j.r.KeYCrossReferenceNameInfo Datatype T declared twice: Once in UNKNOWN:unknown and once in UNKNOWN:unknown, Keeping one from UNKNOWN:unknown 
320333     INFO  Test worker     d.u.i.k.n.KeyIO           Parsing took 0 ms 
320333     INFO  Test worker     d.u.i.k.n.KeyIO           MODE: declarations took 0 ms 
320335     WARN  Test worker     d.u.i.k.j.r.KeYCrossReferenceNameInfo Datatype T declared twice: Once in UNKNOWN:unknown and once in UNKNOWN:unknown, Keeping one from UNKNOWN:unknown 
320427     INFO  Test worker     d.u.i.k.n.KeyIO           Parsing took 0 ms 
320428     INFO  Test worker     d.u.i.k.n.KeyIO           MODE: declarations took 0 ms 
320430     WARN  Test worker     d.u.i.k.j.r.KeYCrossReferenceNameInfo Datatype T declared twice: Once in UNKNOWN:unknown and once in UNKNOWN:unknown, Keeping one from UNKNOWN:unknown 
320527     INFO  Test worker     d.u.i.k.n.KeyIO           Parsing took 0 ms 
320527     INFO  Test worker     d.u.i.k.n.KeyIO           MODE: declarations took 0 ms 
320529     WARN  Test worker     d.u.i.k.j.r.KeYCrossReferenceNameInfo Datatype T declared twice: Once in UNKNOWN:unknown and once in UNKNOWN:unknown, Keeping one from UNKNOWN:unknown 
320623     INFO  Test worker     d.u.i.k.n.KeyIO           Parsing took 0 ms 
320623     INFO  Test worker     d.u.i.k.n.KeyIO           MODE: declarations took 0 ms 
320626     WARN  Test worker     d.u.i.k.j.r.KeYCrossReferenceNameInfo Datatype T declared twice: Once in UNKNOWN:unknown and once in UNKNOWN:unknown, Keeping one from UNKNOWN:unknown 
320718     INFO  Test worker     d.u.i.k.n.KeyIO           Parsing took 0 ms 
320718     INFO  Test worker     d.u.i.k.n.KeyIO           MODE: declarations took 0 ms 
320721     WARN  Test worker     d.u.i.k.j.r.KeYCrossReferenceNameInfo Datatype T declared twice: Once in UNKNOWN:unknown and once in UNKNOWN:unknown, Keeping one from UNKNOWN:unknown 
320814     INFO  Test worker     d.u.i.k.n.KeyIO           Parsing took 0 ms 
320815     INFO  Test worker     d.u.i.k.n.KeyIO           MODE: declarations took 0 ms 
320817     WARN  Test worker     d.u.i.k.j.r.KeYCrossReferenceNameInfo Datatype T declared twice: Once in UNKNOWN:unknown and once in UNKNOWN:unknown, Keeping one from UNKNOWN:unknown 
320911     INFO  Test worker     d.u.i.k.n.KeyIO           Parsing took 0 ms 
320911     INFO  Test worker     d.u.i.k.n.KeyIO           MODE: declarations took 0 ms 
320913     WARN  Test worker     d.u.i.k.j.r.KeYCrossReferenceNameInfo Datatype T declared twice: Once in UNKNOWN:unknown and once in UNKNOWN:unknown, Keeping one from UNKNOWN:unknown 
321004     INFO  Test worker     d.u.i.k.n.KeyIO           Parsing took 0 ms 
321005     INFO  Test worker     d.u.i.k.n.KeyIO           MODE: declarations took 1 ms 
321008     WARN  Test worker     d.u.i.k.j.r.KeYCrossReferenceNameInfo Datatype T declared twice: Once in UNKNOWN:unknown and once in UNKNOWN:unknown, Keeping one from UNKNOWN:unknown 
321102     INFO  Test worker     d.u.i.k.n.KeyIO           Parsing took 0 ms 
321103     INFO  Test worker     d.u.i.k.n.KeyIO           MODE: declarations took 1 ms 
321104     WARN  Test worker     d.u.i.k.j.r.KeYCrossReferenceNameInfo Datatype T declared twice: Once in UNKNOWN:unknown and once in UNKNOWN:unknown, Keeping one from UNKNOWN:unknown 
321198     INFO  Test worker     d.u.i.k.n.KeyIO           Parsing took 0 ms 
321198     INFO  Test worker     d.u.i.k.n.KeyIO           MODE: declarations took 0 ms 
321200     WARN  Test worker     d.u.i.k.j.r.KeYCrossReferenceNameInfo Datatype T declared twice: Once in UNKNOWN:unknown and once in UNKNOWN:unknown, Keeping one from UNKNOWN:unknown 
321289     INFO  Test worker     d.u.i.k.n.KeyIO           Parsing took 0 ms 
321289     INFO  Test worker     d.u.i.k.n.KeyIO           MODE: declarations took 0 ms 
321291     WARN  Test worker     d.u.i.k.j.r.KeYCrossReferenceNameInfo Datatype T declared twice: Once in UNKNOWN:unknown and once in UNKNOWN:unknown, Keeping one from UNKNOWN:unknown 
321382     INFO  Test worker     d.u.i.k.n.KeyIO           Parsing took 0 ms 
321383     INFO  Test worker     d.u.i.k.n.KeyIO           MODE: declarations took 0 ms 
321385     WARN  Test worker     d.u.i.k.j.r.KeYCrossReferenceNameInfo Datatype T declared twice: Once in UNKNOWN:unknown and once in UNKNOWN:unknown, Keeping one from UNKNOWN:unknown 
321476     INFO  Test worker     d.u.i.k.n.KeyIO           Parsing took 0 ms 
321476     INFO  Test worker     d.u.i.k.n.KeyIO           MODE: declarations took 0 ms 
321478     WARN  Test worker     d.u.i.k.j.r.KeYCrossReferenceNameInfo Datatype T declared twice: Once in UNKNOWN:unknown and once in UNKNOWN:unknown, Keeping one from UNKNOWN:unknown 
321569     INFO  Test worker     d.u.i.k.n.KeyIO           Parsing took 0 ms 
321569     INFO  Test worker     d.u.i.k.n.KeyIO           MODE: declarations took 0 ms 
321572     WARN  Test worker     d.u.i.k.j.r.KeYCrossReferenceNameInfo Datatype T declared twice: Once in UNKNOWN:unknown and once in UNKNOWN:unknown, Keeping one from UNKNOWN:unknown 
321663     WARN  Test worker     d.u.i.k.j.r.KeYCrossReferenceNameInfo Datatype T declared twice: Once in UNKNOWN:unknown and once in UNKNOWN:unknown, Keeping one from UNKNOWN:unknown 
321754     INFO  Test worker     d.u.i.k.n.KeyIO           Parsing took 0 ms 
321754     INFO  Test worker     d.u.i.k.n.KeyIO           MODE: declarations took 0 ms 
321758     WARN  Test worker     d.u.i.k.j.r.KeYCrossReferenceNameInfo Datatype T declared twice: Once in UNKNOWN:unknown and once in UNKNOWN:unknown, Keeping one from UNKNOWN:unknown 
321848     INFO  Test worker     d.u.i.k.n.KeyIO           Parsing took 0 ms 
321848     INFO  Test worker     d.u.i.k.n.KeyIO           MODE: declarations took 0 ms 
]]></system-out>
  <system-err><![CDATA[]]></system-err>
</testsuite>
