<?xml version="1.0" encoding="UTF-8"?>
<testsuite name="de.uka.ilkd.key.parser.TestDeclParser" tests="14" skipped="2" failures="0" errors="0" timestamp="2023-05-30T15:45:49" hostname="fv-az449-897" time="15.562">
  <properties/>
  <testcase name="testGenericSortDecl1()" classname="de.uka.ilkd.key.parser.TestDeclParser" time="1.325"/>
  <testcase name="testGenericSortDecl2()" classname="de.uka.ilkd.key.parser.TestDeclParser" time="1.306"/>
  <testcase name="testGenericSortDecl3()" classname="de.uka.ilkd.key.parser.TestDeclParser" time="1.292"/>
  <testcase name="testGenericSortDecl4()" classname="de.uka.ilkd.key.parser.TestDeclParser" time="1.293"/>
  <testcase name="testGenericSortDecl5()" classname="de.uka.ilkd.key.parser.TestDeclParser" time="0.0">
    <skipped/>
  </testcase>
  <testcase name="testGenericSortDecl6()" classname="de.uka.ilkd.key.parser.TestDeclParser" time="1.273"/>
  <testcase name="testSortDecl()" classname="de.uka.ilkd.key.parser.TestDeclParser" time="1.282"/>
  <testcase name="testProxySortDecl()" classname="de.uka.ilkd.key.parser.TestDeclParser" time="1.323"/>
  <testcase name="testArrayDecl()" classname="de.uka.ilkd.key.parser.TestDeclParser" time="1.299"/>
  <testcase name="testAmbiguousDecls()" classname="de.uka.ilkd.key.parser.TestDeclParser" time="0.0">
    <skipped/>
  </testcase>
  <testcase name="testHeurDecl()" classname="de.uka.ilkd.key.parser.TestDeclParser" time="1.288"/>
  <testcase name="testFunctionDecl()" classname="de.uka.ilkd.key.parser.TestDeclParser" time="1.303"/>
  <testcase name="testPredicateDecl()" classname="de.uka.ilkd.key.parser.TestDeclParser" time="1.292"/>
  <testcase name="testSVDecl()" classname="de.uka.ilkd.key.parser.TestDeclParser" time="1.283"/>
  <system-out><![CDATA[307410     INFO  Test worker     d.u.i.k.n.KeyIO           Parsing took 0 ms 
307410     DEBUG Test worker     d.u.i.k.n.KeyIO           Load declarations of de.uka.ilkd.key.nparser.KeyAst$File:  <unknown>:1#1 
307410     INFO  Test worker     d.u.i.k.n.KeyIO           MODE: declarations took 0 ms 
307410     DEBUG Test worker     d.u.i.k.n.KeyIO           MODE: 2nd degree decls took 0 
307410     DEBUG Test worker     d.u.i.k.n.KeyIO           MODE: taclets took 0ms 
308705     INFO  Test worker     d.u.i.k.n.KeyIO           Parsing took 0 ms 
308705     DEBUG Test worker     d.u.i.k.n.KeyIO           Load declarations of de.uka.ilkd.key.nparser.KeyAst$File:  <unknown>:1#1 
308705     INFO  Test worker     d.u.i.k.n.KeyIO           MODE: declarations took 0 ms 
308705     DEBUG Test worker     d.u.i.k.n.KeyIO           MODE: 2nd degree decls took 0 
308705     DEBUG Test worker     d.u.i.k.n.KeyIO           MODE: taclets took 0ms 
309992     INFO  Test worker     d.u.i.k.n.KeyIO           Parsing took 0 ms 
309992     DEBUG Test worker     d.u.i.k.n.KeyIO           Load declarations of de.uka.ilkd.key.nparser.KeyAst$File:  <unknown>:1#1 
309992     INFO  Test worker     d.u.i.k.n.KeyIO           MODE: declarations took 0 ms 
309992     DEBUG Test worker     d.u.i.k.n.KeyIO           MODE: 2nd degree decls took 0 
309992     DEBUG Test worker     d.u.i.k.n.KeyIO           MODE: taclets took 0ms 
311291     INFO  Test worker     d.u.i.k.n.KeyIO           Parsing took 0 ms 
311291     DEBUG Test worker     d.u.i.k.n.KeyIO           Load declarations of de.uka.ilkd.key.nparser.KeyAst$File:  <unknown>:1#1 
311291     INFO  Test worker     d.u.i.k.n.KeyIO           MODE: declarations took 0 ms 
311291     DEBUG Test worker     d.u.i.k.n.KeyIO           MODE: 2nd degree decls took 0 
311291     DEBUG Test worker     d.u.i.k.n.KeyIO           MODE: taclets took 0ms 
312564     INFO  Test worker     d.u.i.k.n.KeyIO           Parsing took 0 ms 
312564     DEBUG Test worker     d.u.i.k.n.KeyIO           Load declarations of de.uka.ilkd.key.nparser.KeyAst$File:  <unknown>:1#1 
312564     INFO  Test worker     d.u.i.k.n.KeyIO           MODE: declarations took 0 ms 
312564     DEBUG Test worker     d.u.i.k.n.KeyIO           MODE: 2nd degree decls took 0 
312564     DEBUG Test worker     d.u.i.k.n.KeyIO           MODE: taclets took 0ms 
313853     INFO  Test worker     d.u.i.k.n.KeyIO           Parsing took 0 ms 
313853     DEBUG Test worker     d.u.i.k.n.KeyIO           Load declarations of de.uka.ilkd.key.nparser.KeyAst$File:  <unknown>:1#1 
313853     INFO  Test worker     d.u.i.k.n.KeyIO           MODE: declarations took 0 ms 
313853     DEBUG Test worker     d.u.i.k.n.KeyIO           MODE: 2nd degree decls took 0 
313853     DEBUG Test worker     d.u.i.k.n.KeyIO           MODE: taclets took 0ms 
315167     INFO  Test worker     d.u.i.k.n.KeyIO           Parsing took 0 ms 
315167     DEBUG Test worker     d.u.i.k.n.KeyIO           Load declarations of de.uka.ilkd.key.nparser.KeyAst$File:  <unknown>:1#1 
315167     INFO  Test worker     d.u.i.k.n.KeyIO           MODE: declarations took 0 ms 
315167     DEBUG Test worker     d.u.i.k.n.KeyIO           MODE: 2nd degree decls took 0 
315167     DEBUG Test worker     d.u.i.k.n.KeyIO           MODE: taclets took 0ms 
316468     INFO  Test worker     d.u.i.k.n.KeyIO           Parsing took 0 ms 
316468     DEBUG Test worker     d.u.i.k.n.KeyIO           Load declarations of de.uka.ilkd.key.nparser.KeyAst$File:  <unknown>:1#1 
316468     INFO  Test worker     d.u.i.k.n.KeyIO           MODE: declarations took 0 ms 
316468     DEBUG Test worker     d.u.i.k.n.KeyIO           MODE: 2nd degree decls took 0 
316468     DEBUG Test worker     d.u.i.k.n.KeyIO           MODE: taclets took 0ms 
317761     INFO  Test worker     d.u.i.k.n.KeyIO           Parsing took 0 ms 
317761     DEBUG Test worker     d.u.i.k.n.KeyIO           Load declarations of de.uka.ilkd.key.nparser.KeyAst$File:  <unknown>:1#1 
317761     INFO  Test worker     d.u.i.k.n.KeyIO           MODE: declarations took 0 ms 
317761     DEBUG Test worker     d.u.i.k.n.KeyIO           MODE: 2nd degree decls took 0 
317761     DEBUG Test worker     d.u.i.k.n.KeyIO           MODE: taclets took 0ms 
319055     INFO  Test worker     d.u.i.k.n.KeyIO           Parsing took 0 ms 
319055     DEBUG Test worker     d.u.i.k.n.KeyIO           Load declarations of de.uka.ilkd.key.nparser.KeyAst$File:  <unknown>:1#1 
319055     INFO  Test worker     d.u.i.k.n.KeyIO           MODE: declarations took 0 ms 
319055     DEBUG Test worker     d.u.i.k.n.KeyIO           MODE: 2nd degree decls took 0 
319071     DEBUG Test worker     d.u.i.k.n.KeyIO           MODE: taclets took 0ms 
320352     INFO  Test worker     d.u.i.k.n.KeyIO           Parsing took 0 ms 
320352     DEBUG Test worker     d.u.i.k.n.KeyIO           Load declarations of de.uka.ilkd.key.nparser.KeyAst$File:  <unknown>:1#1 
320352     INFO  Test worker     d.u.i.k.n.KeyIO           MODE: declarations took 0 ms 
320352     DEBUG Test worker     d.u.i.k.n.KeyIO           MODE: 2nd degree decls took 0 
320352     DEBUG Test worker     d.u.i.k.n.KeyIO           MODE: taclets took 0ms 
321644     INFO  Test worker     d.u.i.k.n.KeyIO           Parsing took 0 ms 
321644     DEBUG Test worker     d.u.i.k.n.KeyIO           Load declarations of de.uka.ilkd.key.nparser.KeyAst$File:  <unknown>:1#1 
321644     INFO  Test worker     d.u.i.k.n.KeyIO           MODE: declarations took 0 ms 
321644     DEBUG Test worker     d.u.i.k.n.KeyIO           MODE: 2nd degree decls took 0 
321644     DEBUG Test worker     d.u.i.k.n.KeyIO           MODE: taclets took 0ms 
]]></system-out>
  <system-err><![CDATA[]]></system-err>
</testsuite>
