<?xml version="1.0" encoding="UTF-8"?>
<testsuite name="de.uka.ilkd.key.smt.newsmt2.ProveSMTLemmasTest" tests="25" skipped="0" failures="0" errors="0" timestamp="2023-05-30T15:56:38" hostname="fv-az449-897" time="105.528">
  <properties/>
  <testcase name="[1] jmod.dl, &#10;\forall int divNum; \forall int divDenom;&#10;  jmod(divNum,divDenom) =&#10;    divNum + jdiv(divNum,divDenom)*(-1)*divDenom&#10;" classname="de.uka.ilkd.key.smt.newsmt2.ProveSMTLemmasTest" time="4.312"/>
  <testcase name="[2] seqSub.dl, &#13;&#10;    \forall Seq seq;&#13;&#10;    \forall int from;&#13;&#10;    \forall int to;&#13;&#10;    \forall int idx;&#13;&#10;        any::seqGet(seqSub(seq, from, to)&lt;&lt;Trigger&gt;&gt;, idx)&#13;&#10;      = \if(0 &lt;= idx &amp; idx &lt; (to - from))&#13;&#10;        \then(any::seqGet(seq, idx + from))&#13;&#10;        \else(seqGetOutside)&#13;&#10;" classname="de.uka.ilkd.key.smt.newsmt2.ProveSMTLemmasTest" time="4.309"/>
  <testcase name="[3] seqGetOutside.dl, &#13;&#10;    \forall int i; \forall Seq s; ( i &lt; 0 | i &gt;= seqLen(s) -&gt; any::seqGet(s, i)&lt;&lt;Trigger&gt;&gt; = seqGetOutside )&#13;&#10;" classname="de.uka.ilkd.key.smt.newsmt2.ProveSMTLemmasTest" time="4.301"/>
  <testcase name="[4] singleton.dl, &#10;  \forall Object o; \forall Field f; \forall Object o2; \forall Field f2;&#10;    ( elementOf(o,f, singleton(o2,f2))&lt;&lt;Trigger&gt;&gt; &lt;-&gt;&#10;      o = o2 &amp; f = f2 )&#10;" classname="de.uka.ilkd.key.smt.newsmt2.ProveSMTLemmasTest" time="4.215"/>
  <testcase name="[5] create.dl, &#13;&#10;  \forall Heap h; \forall Object o; \forall Object o2; \forall Field f;&#13;&#10;      any::select(create(h, o), o2, f)&lt;&lt;Trigger&gt;&gt; =&#13;&#10;         \if(o = o2 &amp; o != null &amp; f = java.lang.Object::&lt;created&gt;)&#13;&#10;         \then(TRUE)&#13;&#10;         \else(any::select(h, o2, f))&#13;&#10;" classname="de.uka.ilkd.key.smt.newsmt2.ProveSMTLemmasTest" time="4.198"/>
  <testcase name="[6] allFields.dl, &#13;&#10;  \forall Object o; \forall Field f; \forall Object o2;&#13;&#10;    ( elementOf(o,f, allFields(o2))&lt;&lt;Trigger&gt;&gt; &lt;-&gt;&#13;&#10;       o = o2 )&#13;&#10;" classname="de.uka.ilkd.key.smt.newsmt2.ProveSMTLemmasTest" time="4.209"/>
  <testcase name="[7] seqEmpty.dl, &#13;&#10;    seqLen(seqEmpty) = 0&#13;&#10;&#10;" classname="de.uka.ilkd.key.smt.newsmt2.ProveSMTLemmasTest" time="4.223"/>
  <testcase name="[8] union.dl, &#10;  \forall Object o; \forall Field f; \forall LocSet l1; \forall LocSet l2;&#10;     ( elementOf(o, f, union(l1, l2))&lt;&lt;Trigger&gt;&gt; &lt;-&gt; elementOf(o,f,l1) | elementOf(o,f,l2) )&#10;" classname="de.uka.ilkd.key.smt.newsmt2.ProveSMTLemmasTest" time="4.203"/>
  <testcase name="[9] seqConcat.dl.2, &#13;&#10;    \forall Seq s1; \forall Seq s2; seqLen(seqConcat(s1,s2)&lt;&lt;Trigger&gt;&gt;) = seqLen(s1) + seqLen(s2)&#13;&#10;&#10;" classname="de.uka.ilkd.key.smt.newsmt2.ProveSMTLemmasTest" time="4.249"/>
  <testcase name="[10] wellFormed.dl, &#13;&#10;  \forall Heap h; \forall Object o; \forall Field f; (wellFormed(h) -&gt;&#13;&#10;      boolean::select(h, (java.lang.Object::select(h, o, f))&lt;&lt;Trigger&gt;&gt;, java.lang.Object::&lt;created&gt;) = TRUE&#13;&#10;    | (java.lang.Object::select(h, o, f)) = null)&#13;&#10;" classname="de.uka.ilkd.key.smt.newsmt2.ProveSMTLemmasTest" time="4.238"/>
  <testcase name="[11] jdiv.dl, &#10;\forall int divNum; \forall int divDenom;&#10;  jdiv(divNum,divDenom) =&#10;         \if (divNum &gt;= 0)&#10;         \then (div(divNum,divDenom))&#10;         \else (div(divNum*(-1),divDenom)*(-1))&#10;" classname="de.uka.ilkd.key.smt.newsmt2.ProveSMTLemmasTest" time="4.246"/>
  <testcase name="[12] empty.dl, &#10;  \forall Object o; \forall Field f; ( elementOf(o,f,empty)&lt;&lt;Trigger&gt;&gt; &lt;-&gt; false )&#10;" classname="de.uka.ilkd.key.smt.newsmt2.ProveSMTLemmasTest" time="4.249"/>
  <testcase name="[13] allLocs.dl, &#10;  \forall Object o; \forall Field f; ( elementOf(o,f,allLocs)&lt;&lt;Trigger&gt;&gt; &lt;-&gt; true )&#10;" classname="de.uka.ilkd.key.smt.newsmt2.ProveSMTLemmasTest" time="4.224"/>
  <testcase name="[14] arrayRange.dl, &#13;&#10;  \forall Object o; \forall Object o2; \forall Field f; \forall int lo; \forall int hi;&#13;&#10;    (elementOf(o,f, arrayRange(o2, lo, hi))&lt;&lt;Trigger&gt;&gt; &lt;-&gt;&#13;&#10;      o = o2 &amp; \exists int iv; (f = arr(iv) &amp; lo &lt;= iv &amp; iv &lt;= hi))&#13;&#10;" classname="de.uka.ilkd.key.smt.newsmt2.ProveSMTLemmasTest" time="4.229"/>
  <testcase name="[15] seqConcat.dl, &#13;&#10;    \forall int i; \forall Seq s1; \forall Seq s2; ( 0 &lt;= i &amp; i &lt; seqLen(s1) + seqLen(s2) -&gt;&#13;&#10;        any::seqGet(seqConcat(s1, s2), i) =&#13;&#10;            \if (i &lt; seqLen(s1)) \then (any::seqGet(s1, i)) \else (any::seqGet(s2, i-seqLen(s1))))&#13;&#10;&#10;" classname="de.uka.ilkd.key.smt.newsmt2.ProveSMTLemmasTest" time="4.248"/>
  <testcase name="[16] seqLen.dl, &#13;&#10;    \forall Seq s; seqLen(s)&lt;&lt;Trigger&gt;&gt; &gt;= 0&#13;&#10;" classname="de.uka.ilkd.key.smt.newsmt2.ProveSMTLemmasTest" time="4.227"/>
  <testcase name="[17] length.dl, &#13;&#10;    \forall Object o; length(o) &gt;= 0&#13;&#10;" classname="de.uka.ilkd.key.smt.newsmt2.ProveSMTLemmasTest" time="4.182"/>
  <testcase name="[18] freshLocs.dl, &#10;  \forall Heap h; \forall Object o; \forall Field f;&#10;     ( elementOf(o,f,freshLocs(h))&lt;&lt;Trigger&gt;&gt; &lt;-&gt;&#10;        o != null &amp; !boolean::select(h,o,java.lang.Object::&lt;created&gt;)=TRUE )&#10;" classname="de.uka.ilkd.key.smt.newsmt2.ProveSMTLemmasTest" time="4.18"/>
  <testcase name="[19] anon.dl, &#13;&#10;    \forall Heap h; \forall Object o; \forall Field f; \forall Heap h2; \forall LocSet ls;&#13;&#10;      any::select(anon(h, ls, h2), o, f)&lt;&lt;Trigger&gt;&gt; =&#13;&#10;         \if(elementOf(o, f, ls) &amp; f != java.lang.Object::&lt;created&gt;&#13;&#10;           | elementOf(o, f, freshLocs(h)))&#13;&#10;         \then(any::select(h2, o, f))&#13;&#10;         \else(any::select(h, o, f))&#13;&#10;" classname="de.uka.ilkd.key.smt.newsmt2.ProveSMTLemmasTest" time="4.185"/>
  <testcase name="[20] memset.dl, &#13;&#10;    \forall Heap h; \forall LocSet s; \forall any x; \forall Object o; \forall Field f;&#13;&#10;      any::select(memset(h, s, x), o, f)&lt;&lt;Trigger&gt;&gt; =&#13;&#10;         \if(elementOf(o, f, s) &amp; f != java.lang.Object::&lt;created&gt;)&#13;&#10;         \then(x)&#13;&#10;         \else(any::select(h, o, f))&#13;&#10;" classname="de.uka.ilkd.key.smt.newsmt2.ProveSMTLemmasTest" time="4.219"/>
  <testcase name="[21] store.dl, &#13;&#10;    \forall Heap h; \forall Object o; \forall Field f; \forall Object o2; \forall Field f2; \forall any v;&#13;&#10;      any::select(store(h,o,f,v), o2, f2)&lt;&lt;Trigger&gt;&gt; =&#13;&#10;         \if(o = o2 &amp; f = f2 &amp; f != java.lang.Object::&lt;created&gt;)&#13;&#10;         \then(v)&#13;&#10;         \else(any::select(h, o2, f2))&#13;&#10;" classname="de.uka.ilkd.key.smt.newsmt2.ProveSMTLemmasTest" time="4.182"/>
  <testcase name="[22] seqSub.dl.2, &#13;&#10;    \forall Seq seq;&#13;&#10;    \forall int from;&#13;&#10;    \forall int to;&#13;&#10;        seqLen(seqSub(seq, from, to)&lt;&lt;Trigger&gt;&gt;)&#13;&#10;      = \if(from &lt; to)\then(to - from)\else(0)&#13;&#10;" classname="de.uka.ilkd.key.smt.newsmt2.ProveSMTLemmasTest" time="4.173"/>
  <testcase name="[23] seqSingleton.dl, &#13;&#10;    \forall any x; any::seqGet(seqSingleton(x)&lt;&lt;Trigger&gt;&gt;, 0) = x&#13;&#10;&#10;" classname="de.uka.ilkd.key.smt.newsmt2.ProveSMTLemmasTest" time="4.184"/>
  <testcase name="[24] seqSingleton.dl.2, &#13;&#10;    \forall any x; seqLen(seqSingleton(x)&lt;&lt;Trigger&gt;&gt;) = 1&#13;&#10;&#10;" classname="de.uka.ilkd.key.smt.newsmt2.ProveSMTLemmasTest" time="4.167"/>
  <testcase name="[25] null.dl, &#10;     \forall any x; ((Null::instance(x))&lt;&lt;Trigger&gt;&gt; = TRUE -&gt; x = null) &#10;" classname="de.uka.ilkd.key.smt.newsmt2.ProveSMTLemmasTest" time="4.172"/>
  <system-out><![CDATA[954989     INFO  Test worker     d.u.i.k.s.n.ProveSMTLemmasTest Now processing file D:\a\key\key\key.core\build\resources\test\de\uka\ilkd\key\smt\newsmt2\SMT_lemma_jmod.dl.proof 
954989     INFO  Test worker     d.u.i.k.p.i.AbstractProblemLoader Loading environment from D:\a\key\key\key.core\build\resources\test\de\uka\ilkd\key\smt\newsmt2\SMT_lemma_jmod.dl.proof 
954989     DEBUG Test worker     d.u.i.k.p.i.AbstractProblemLoader Environment load took 103.3ns 
954991     INFO  Test worker     d.u.i.k.p.i.AbstractProblemLoader Creating init config 
959158     DEBUG Test worker     d.u.i.k.p.i.AbstractProblemLoader Init config took 4.17s 
959174     INFO  Test worker     d.u.i.k.p.i.AbstractProblemLoader Replaying proof SMT_lemma_jmod.dl.proof 
959174     DEBUG Test worker     d.u.i.k.p.i.IntermediateProofReplayer Proof replay took 4.85ms 
959299     INFO  Test worker     d.u.i.k.s.n.ProveSMTLemmasTest Now processing file C:\Users\RUNNER~1\AppData\Local\Temp\SMT_lemma_seqSub.dl_18385830606780043427.key 
959299     INFO  Test worker     d.u.i.k.p.i.AbstractProblemLoader Loading environment from C:\Users\RUNNER~1\AppData\Local\Temp\SMT_lemma_seqSub.dl_18385830606780043427.key 
959299     DEBUG Test worker     d.u.i.k.p.i.AbstractProblemLoader Environment load took 257.5ns 
959299     INFO  Test worker     d.u.i.k.p.i.AbstractProblemLoader Creating init config 
963467     DEBUG Test worker     d.u.i.k.p.i.AbstractProblemLoader Init config took 4.17s 
963483     INFO  Test worker     d.u.i.k.p.i.AbstractProblemLoader Replaying proof SMT_lemma_seqSub.dl_18385830606780043427.key 
963483     DEBUG Test worker     d.u.i.k.p.i.IntermediateProofReplayer Proof replay took 9.5ns 
963608     INFO  Test worker     d.u.i.k.s.n.ProveSMTLemmasTest Now processing file D:\a\key\key\key.core\build\resources\test\de\uka\ilkd\key\smt\newsmt2\SMT_lemma_seqGetOutside.dl.proof 
963608     INFO  Test worker     d.u.i.k.p.i.AbstractProblemLoader Loading environment from D:\a\key\key\key.core\build\resources\test\de\uka\ilkd\key\smt\newsmt2\SMT_lemma_seqGetOutside.dl.proof 
963608     DEBUG Test worker     d.u.i.k.p.i.AbstractProblemLoader Environment load took 361.5ns 
963608     INFO  Test worker     d.u.i.k.p.i.AbstractProblemLoader Creating init config 
967753     DEBUG Test worker     d.u.i.k.p.i.AbstractProblemLoader Init config took 4.14s 
967768     INFO  Test worker     d.u.i.k.p.i.AbstractProblemLoader Replaying proof SMT_lemma_seqGetOutside.dl.proof 
967800     DEBUG Test worker     d.u.i.k.p.i.IntermediateProofReplayer Proof replay took 19.51ms 
967909     INFO  Test worker     d.u.i.k.s.n.ProveSMTLemmasTest Now processing file C:\Users\RUNNER~1\AppData\Local\Temp\SMT_lemma_singleton.dl_14679429587580454047.key 
967909     INFO  Test worker     d.u.i.k.p.i.AbstractProblemLoader Loading environment from C:\Users\RUNNER~1\AppData\Local\Temp\SMT_lemma_singleton.dl_14679429587580454047.key 
967909     DEBUG Test worker     d.u.i.k.p.i.AbstractProblemLoader Environment load took 343.6ns 
967909     INFO  Test worker     d.u.i.k.p.i.AbstractProblemLoader Creating init config 
971997     DEBUG Test worker     d.u.i.k.p.i.AbstractProblemLoader Init config took 4.09s 
972012     INFO  Test worker     d.u.i.k.p.i.AbstractProblemLoader Replaying proof SMT_lemma_singleton.dl_14679429587580454047.key 
972012     DEBUG Test worker     d.u.i.k.p.i.IntermediateProofReplayer Proof replay took 12.1ns 
972124     INFO  Test worker     d.u.i.k.s.n.ProveSMTLemmasTest Now processing file C:\Users\RUNNER~1\AppData\Local\Temp\SMT_lemma_create.dl_16202673434186004481.key 
972124     INFO  Test worker     d.u.i.k.p.i.AbstractProblemLoader Loading environment from C:\Users\RUNNER~1\AppData\Local\Temp\SMT_lemma_create.dl_16202673434186004481.key 
972124     DEBUG Test worker     d.u.i.k.p.i.AbstractProblemLoader Environment load took 347.4ns 
972124     INFO  Test worker     d.u.i.k.p.i.AbstractProblemLoader Creating init config 
976194     DEBUG Test worker     d.u.i.k.p.i.AbstractProblemLoader Init config took 4.07s 
976210     INFO  Test worker     d.u.i.k.p.i.AbstractProblemLoader Replaying proof SMT_lemma_create.dl_16202673434186004481.key 
976210     DEBUG Test worker     d.u.i.k.p.i.IntermediateProofReplayer Proof replay took 10.9ns 
976322     INFO  Test worker     d.u.i.k.s.n.ProveSMTLemmasTest Now processing file C:\Users\RUNNER~1\AppData\Local\Temp\SMT_lemma_allFields.dl_4454866954325378194.key 
976322     INFO  Test worker     d.u.i.k.p.i.AbstractProblemLoader Loading environment from C:\Users\RUNNER~1\AppData\Local\Temp\SMT_lemma_allFields.dl_4454866954325378194.key 
976322     DEBUG Test worker     d.u.i.k.p.i.AbstractProblemLoader Environment load took 312.1ns 
976322     INFO  Test worker     d.u.i.k.p.i.AbstractProblemLoader Creating init config 
980402     DEBUG Test worker     d.u.i.k.p.i.AbstractProblemLoader Init config took 4.08s 
980418     INFO  Test worker     d.u.i.k.p.i.AbstractProblemLoader Replaying proof SMT_lemma_allFields.dl_4454866954325378194.key 
980418     DEBUG Test worker     d.u.i.k.p.i.IntermediateProofReplayer Proof replay took 11.5ns 
980532     INFO  Test worker     d.u.i.k.s.n.ProveSMTLemmasTest Now processing file C:\Users\RUNNER~1\AppData\Local\Temp\SMT_lemma_seqEmpty.dl_16358831252651101511.key 
980532     INFO  Test worker     d.u.i.k.p.i.AbstractProblemLoader Loading environment from C:\Users\RUNNER~1\AppData\Local\Temp\SMT_lemma_seqEmpty.dl_16358831252651101511.key 
980532     DEBUG Test worker     d.u.i.k.p.i.AbstractProblemLoader Environment load took 247ns 
980532     INFO  Test worker     d.u.i.k.p.i.AbstractProblemLoader Creating init config 
984626     DEBUG Test worker     d.u.i.k.p.i.AbstractProblemLoader Init config took 4.1s 
984642     INFO  Test worker     d.u.i.k.p.i.AbstractProblemLoader Replaying proof SMT_lemma_seqEmpty.dl_16358831252651101511.key 
984642     DEBUG Test worker     d.u.i.k.p.i.IntermediateProofReplayer Proof replay took 11.5ns 
984755     INFO  Test worker     d.u.i.k.s.n.ProveSMTLemmasTest Now processing file C:\Users\RUNNER~1\AppData\Local\Temp\SMT_lemma_union.dl_9361429110672441817.key 
984755     INFO  Test worker     d.u.i.k.p.i.AbstractProblemLoader Loading environment from C:\Users\RUNNER~1\AppData\Local\Temp\SMT_lemma_union.dl_9361429110672441817.key 
984755     DEBUG Test worker     d.u.i.k.p.i.AbstractProblemLoader Environment load took 238.5ns 
984755     INFO  Test worker     d.u.i.k.p.i.AbstractProblemLoader Creating init config 
988828     DEBUG Test worker     d.u.i.k.p.i.AbstractProblemLoader Init config took 4.08s 
988844     INFO  Test worker     d.u.i.k.p.i.AbstractProblemLoader Replaying proof SMT_lemma_union.dl_9361429110672441817.key 
988844     DEBUG Test worker     d.u.i.k.p.i.IntermediateProofReplayer Proof replay took 10.7ns 
988958     INFO  Test worker     d.u.i.k.s.n.ProveSMTLemmasTest Now processing file C:\Users\RUNNER~1\AppData\Local\Temp\SMT_lemma_seqConcat.dl.2_9671305762815593134.key 
988958     INFO  Test worker     d.u.i.k.p.i.AbstractProblemLoader Loading environment from C:\Users\RUNNER~1\AppData\Local\Temp\SMT_lemma_seqConcat.dl.2_9671305762815593134.key 
988958     DEBUG Test worker     d.u.i.k.p.i.AbstractProblemLoader Environment load took 244.9ns 
988958     INFO  Test worker     d.u.i.k.p.i.AbstractProblemLoader Creating init config 
993080     DEBUG Test worker     d.u.i.k.p.i.AbstractProblemLoader Init config took 4.12s 
993095     INFO  Test worker     d.u.i.k.p.i.AbstractProblemLoader Replaying proof SMT_lemma_seqConcat.dl.2_9671305762815593134.key 
993095     DEBUG Test worker     d.u.i.k.p.i.IntermediateProofReplayer Proof replay took 10.8ns 
993208     INFO  Test worker     d.u.i.k.s.n.ProveSMTLemmasTest Now processing file C:\Users\RUNNER~1\AppData\Local\Temp\SMT_lemma_wellFormed.dl_7793568816562866630.key 
993208     INFO  Test worker     d.u.i.k.p.i.AbstractProblemLoader Loading environment from C:\Users\RUNNER~1\AppData\Local\Temp\SMT_lemma_wellFormed.dl_7793568816562866630.key 
993208     DEBUG Test worker     d.u.i.k.p.i.AbstractProblemLoader Environment load took 337.9ns 
993208     INFO  Test worker     d.u.i.k.p.i.AbstractProblemLoader Creating init config 
997320     DEBUG Test worker     d.u.i.k.p.i.AbstractProblemLoader Init config took 4.11s 
997335     INFO  Test worker     d.u.i.k.p.i.AbstractProblemLoader Replaying proof SMT_lemma_wellFormed.dl_7793568816562866630.key 
997335     DEBUG Test worker     d.u.i.k.p.i.IntermediateProofReplayer Proof replay took 12.7ns 
997446     INFO  Test worker     d.u.i.k.s.n.ProveSMTLemmasTest Now processing file D:\a\key\key\key.core\build\resources\test\de\uka\ilkd\key\smt\newsmt2\SMT_lemma_jdiv.dl.proof 
997446     INFO  Test worker     d.u.i.k.p.i.AbstractProblemLoader Loading environment from D:\a\key\key\key.core\build\resources\test\de\uka\ilkd\key\smt\newsmt2\SMT_lemma_jdiv.dl.proof 
997446     DEBUG Test worker     d.u.i.k.p.i.AbstractProblemLoader Environment load took 344.7ns 
997446     INFO  Test worker     d.u.i.k.p.i.AbstractProblemLoader Creating init config 
1001551    DEBUG Test worker     d.u.i.k.p.i.AbstractProblemLoader Init config took 4.11s 
1001567    INFO  Test worker     d.u.i.k.p.i.AbstractProblemLoader Replaying proof SMT_lemma_jdiv.dl.proof 
1001567    DEBUG Test worker     d.u.i.k.p.i.IntermediateProofReplayer Proof replay took 2.04ms 
1001692    INFO  Test worker     d.u.i.k.s.n.ProveSMTLemmasTest Now processing file C:\Users\RUNNER~1\AppData\Local\Temp\SMT_lemma_empty.dl_13942349936389761053.key 
1001692    INFO  Test worker     d.u.i.k.p.i.AbstractProblemLoader Loading environment from C:\Users\RUNNER~1\AppData\Local\Temp\SMT_lemma_empty.dl_13942349936389761053.key 
1001692    DEBUG Test worker     d.u.i.k.p.i.AbstractProblemLoader Environment load took 264.5ns 
1001692    INFO  Test worker     d.u.i.k.p.i.AbstractProblemLoader Creating init config 
1005816    DEBUG Test worker     d.u.i.k.p.i.AbstractProblemLoader Init config took 4.12s 
1005831    INFO  Test worker     d.u.i.k.p.i.AbstractProblemLoader Replaying proof SMT_lemma_empty.dl_13942349936389761053.key 
1005831    DEBUG Test worker     d.u.i.k.p.i.IntermediateProofReplayer Proof replay took 11.9ns 
1005941    INFO  Test worker     d.u.i.k.s.n.ProveSMTLemmasTest Now processing file C:\Users\RUNNER~1\AppData\Local\Temp\SMT_lemma_allLocs.dl_1979903291574091786.key 
1005941    INFO  Test worker     d.u.i.k.p.i.AbstractProblemLoader Loading environment from C:\Users\RUNNER~1\AppData\Local\Temp\SMT_lemma_allLocs.dl_1979903291574091786.key 
1005941    DEBUG Test worker     d.u.i.k.p.i.AbstractProblemLoader Environment load took 290.4ns 
1005941    INFO  Test worker     d.u.i.k.p.i.AbstractProblemLoader Creating init config 
1010024    DEBUG Test worker     d.u.i.k.p.i.AbstractProblemLoader Init config took 4.09s 
1010040    INFO  Test worker     d.u.i.k.p.i.AbstractProblemLoader Replaying proof SMT_lemma_allLocs.dl_1979903291574091786.key 
1010040    DEBUG Test worker     d.u.i.k.p.i.IntermediateProofReplayer Proof replay took 12.4ns 
1010165    INFO  Test worker     d.u.i.k.s.n.ProveSMTLemmasTest Now processing file C:\Users\RUNNER~1\AppData\Local\Temp\SMT_lemma_arrayRange.dl_11680837226856962944.key 
1010165    INFO  Test worker     d.u.i.k.p.i.AbstractProblemLoader Loading environment from C:\Users\RUNNER~1\AppData\Local\Temp\SMT_lemma_arrayRange.dl_11680837226856962944.key 
1010165    DEBUG Test worker     d.u.i.k.p.i.AbstractProblemLoader Environment load took 238.3ns 
1010165    INFO  Test worker     d.u.i.k.p.i.AbstractProblemLoader Creating init config 
1014263    DEBUG Test worker     d.u.i.k.p.i.AbstractProblemLoader Init config took 4.1s 
1014278    INFO  Test worker     d.u.i.k.p.i.AbstractProblemLoader Replaying proof SMT_lemma_arrayRange.dl_11680837226856962944.key 
1014278    DEBUG Test worker     d.u.i.k.p.i.IntermediateProofReplayer Proof replay took 10.9ns 
1014394    INFO  Test worker     d.u.i.k.s.n.ProveSMTLemmasTest Now processing file C:\Users\RUNNER~1\AppData\Local\Temp\SMT_lemma_seqConcat.dl_15190753185205533050.key 
1014394    INFO  Test worker     d.u.i.k.p.i.AbstractProblemLoader Loading environment from C:\Users\RUNNER~1\AppData\Local\Temp\SMT_lemma_seqConcat.dl_15190753185205533050.key 
1014394    DEBUG Test worker     d.u.i.k.p.i.AbstractProblemLoader Environment load took 238.2ns 
1014394    INFO  Test worker     d.u.i.k.p.i.AbstractProblemLoader Creating init config 
1018517    DEBUG Test worker     d.u.i.k.p.i.AbstractProblemLoader Init config took 4.12s 
1018532    INFO  Test worker     d.u.i.k.p.i.AbstractProblemLoader Replaying proof SMT_lemma_seqConcat.dl_15190753185205533050.key 
1018532    DEBUG Test worker     d.u.i.k.p.i.IntermediateProofReplayer Proof replay took 11.9ns 
1018642    INFO  Test worker     d.u.i.k.s.n.ProveSMTLemmasTest Now processing file C:\Users\RUNNER~1\AppData\Local\Temp\SMT_lemma_seqLen.dl_9088358110552682456.key 
1018642    INFO  Test worker     d.u.i.k.p.i.AbstractProblemLoader Loading environment from C:\Users\RUNNER~1\AppData\Local\Temp\SMT_lemma_seqLen.dl_9088358110552682456.key 
1018642    DEBUG Test worker     d.u.i.k.p.i.AbstractProblemLoader Environment load took 334.4ns 
1018642    INFO  Test worker     d.u.i.k.p.i.AbstractProblemLoader Creating init config 
1022745    DEBUG Test worker     d.u.i.k.p.i.AbstractProblemLoader Init config took 4.1s 
1022760    INFO  Test worker     d.u.i.k.p.i.AbstractProblemLoader Replaying proof SMT_lemma_seqLen.dl_9088358110552682456.key 
1022760    DEBUG Test worker     d.u.i.k.p.i.IntermediateProofReplayer Proof replay took 16.8ns 
1022870    INFO  Test worker     d.u.i.k.s.n.ProveSMTLemmasTest Now processing file C:\Users\RUNNER~1\AppData\Local\Temp\SMT_lemma_length.dl_15581871895635488585.key 
1022870    INFO  Test worker     d.u.i.k.p.i.AbstractProblemLoader Loading environment from C:\Users\RUNNER~1\AppData\Local\Temp\SMT_lemma_length.dl_15581871895635488585.key 
1022870    DEBUG Test worker     d.u.i.k.p.i.AbstractProblemLoader Environment load took 252.7ns 
1022870    INFO  Test worker     d.u.i.k.p.i.AbstractProblemLoader Creating init config 
1026922    DEBUG Test worker     d.u.i.k.p.i.AbstractProblemLoader Init config took 4.05s 
1026938    INFO  Test worker     d.u.i.k.p.i.AbstractProblemLoader Replaying proof SMT_lemma_length.dl_15581871895635488585.key 
1026938    DEBUG Test worker     d.u.i.k.p.i.IntermediateProofReplayer Proof replay took 10.1ns 
1027052    INFO  Test worker     d.u.i.k.s.n.ProveSMTLemmasTest Now processing file C:\Users\RUNNER~1\AppData\Local\Temp\SMT_lemma_freshLocs.dl_8790668722284982260.key 
1027052    INFO  Test worker     d.u.i.k.p.i.AbstractProblemLoader Loading environment from C:\Users\RUNNER~1\AppData\Local\Temp\SMT_lemma_freshLocs.dl_8790668722284982260.key 
1027052    DEBUG Test worker     d.u.i.k.p.i.AbstractProblemLoader Environment load took 242.6ns 
1027052    INFO  Test worker     d.u.i.k.p.i.AbstractProblemLoader Creating init config 
1031102    DEBUG Test worker     d.u.i.k.p.i.AbstractProblemLoader Init config took 4.05s 
1031118    INFO  Test worker     d.u.i.k.p.i.AbstractProblemLoader Replaying proof SMT_lemma_freshLocs.dl_8790668722284982260.key 
1031118    DEBUG Test worker     d.u.i.k.p.i.IntermediateProofReplayer Proof replay took 12.8ns 
1031232    INFO  Test worker     d.u.i.k.s.n.ProveSMTLemmasTest Now processing file C:\Users\RUNNER~1\AppData\Local\Temp\SMT_lemma_anon.dl_16302843977790614211.key 
1031232    INFO  Test worker     d.u.i.k.p.i.AbstractProblemLoader Loading environment from C:\Users\RUNNER~1\AppData\Local\Temp\SMT_lemma_anon.dl_16302843977790614211.key 
1031232    DEBUG Test worker     d.u.i.k.p.i.AbstractProblemLoader Environment load took 253.5ns 
1031232    INFO  Test worker     d.u.i.k.p.i.AbstractProblemLoader Creating init config 
1035290    DEBUG Test worker     d.u.i.k.p.i.AbstractProblemLoader Init config took 4.06s 
1035305    INFO  Test worker     d.u.i.k.p.i.AbstractProblemLoader Replaying proof SMT_lemma_anon.dl_16302843977790614211.key 
1035305    DEBUG Test worker     d.u.i.k.p.i.IntermediateProofReplayer Proof replay took 14.7ns 
1035417    INFO  Test worker     d.u.i.k.s.n.ProveSMTLemmasTest Now processing file C:\Users\RUNNER~1\AppData\Local\Temp\SMT_lemma_memset.dl_6852848878758332928.key 
1035417    INFO  Test worker     d.u.i.k.p.i.AbstractProblemLoader Loading environment from C:\Users\RUNNER~1\AppData\Local\Temp\SMT_lemma_memset.dl_6852848878758332928.key 
1035417    DEBUG Test worker     d.u.i.k.p.i.AbstractProblemLoader Environment load took 329.6ns 
1035417    INFO  Test worker     d.u.i.k.p.i.AbstractProblemLoader Creating init config 
1039497    DEBUG Test worker     d.u.i.k.p.i.AbstractProblemLoader Init config took 4.09s 
1039527    INFO  Test worker     d.u.i.k.p.i.AbstractProblemLoader Replaying proof SMT_lemma_memset.dl_6852848878758332928.key 
1039527    DEBUG Test worker     d.u.i.k.p.i.IntermediateProofReplayer Proof replay took 12.4ns 
1039637    INFO  Test worker     d.u.i.k.s.n.ProveSMTLemmasTest Now processing file C:\Users\RUNNER~1\AppData\Local\Temp\SMT_lemma_store.dl_9812546679319809119.key 
1039637    INFO  Test worker     d.u.i.k.p.i.AbstractProblemLoader Loading environment from C:\Users\RUNNER~1\AppData\Local\Temp\SMT_lemma_store.dl_9812546679319809119.key 
1039637    DEBUG Test worker     d.u.i.k.p.i.AbstractProblemLoader Environment load took 239ns 
1039637    INFO  Test worker     d.u.i.k.p.i.AbstractProblemLoader Creating init config 
1043692    DEBUG Test worker     d.u.i.k.p.i.AbstractProblemLoader Init config took 4.05s 
1043708    INFO  Test worker     d.u.i.k.p.i.AbstractProblemLoader Replaying proof SMT_lemma_store.dl_9812546679319809119.key 
1043708    DEBUG Test worker     d.u.i.k.p.i.IntermediateProofReplayer Proof replay took 12.9ns 
1043819    INFO  Test worker     d.u.i.k.s.n.ProveSMTLemmasTest Now processing file C:\Users\RUNNER~1\AppData\Local\Temp\SMT_lemma_seqSub.dl.2_12243624544101357684.key 
1043819    INFO  Test worker     d.u.i.k.p.i.AbstractProblemLoader Loading environment from C:\Users\RUNNER~1\AppData\Local\Temp\SMT_lemma_seqSub.dl.2_12243624544101357684.key 
1043819    DEBUG Test worker     d.u.i.k.p.i.AbstractProblemLoader Environment load took 236.4ns 
1043819    INFO  Test worker     d.u.i.k.p.i.AbstractProblemLoader Creating init config 
1047851    DEBUG Test worker     d.u.i.k.p.i.AbstractProblemLoader Init config took 4.04s 
1047867    INFO  Test worker     d.u.i.k.p.i.AbstractProblemLoader Replaying proof SMT_lemma_seqSub.dl.2_12243624544101357684.key 
1047883    DEBUG Test worker     d.u.i.k.p.i.IntermediateProofReplayer Proof replay took 9.9ns 
1047992    INFO  Test worker     d.u.i.k.s.n.ProveSMTLemmasTest Now processing file C:\Users\RUNNER~1\AppData\Local\Temp\SMT_lemma_seqSingleton.dl_3710645417354200270.key 
1047992    INFO  Test worker     d.u.i.k.p.i.AbstractProblemLoader Loading environment from C:\Users\RUNNER~1\AppData\Local\Temp\SMT_lemma_seqSingleton.dl_3710645417354200270.key 
1047992    DEBUG Test worker     d.u.i.k.p.i.AbstractProblemLoader Environment load took 238.6ns 
1047992    INFO  Test worker     d.u.i.k.p.i.AbstractProblemLoader Creating init config 
1052035    DEBUG Test worker     d.u.i.k.p.i.AbstractProblemLoader Init config took 4.05s 
1052051    INFO  Test worker     d.u.i.k.p.i.AbstractProblemLoader Replaying proof SMT_lemma_seqSingleton.dl_3710645417354200270.key 
1052066    DEBUG Test worker     d.u.i.k.p.i.IntermediateProofReplayer Proof replay took 12.7ns 
1052176    INFO  Test worker     d.u.i.k.s.n.ProveSMTLemmasTest Now processing file C:\Users\RUNNER~1\AppData\Local\Temp\SMT_lemma_seqSingleton.dl.2_3755133222866685363.key 
1052176    INFO  Test worker     d.u.i.k.p.i.AbstractProblemLoader Loading environment from C:\Users\RUNNER~1\AppData\Local\Temp\SMT_lemma_seqSingleton.dl.2_3755133222866685363.key 
1052176    DEBUG Test worker     d.u.i.k.p.i.AbstractProblemLoader Environment load took 370.1ns 
1052176    INFO  Test worker     d.u.i.k.p.i.AbstractProblemLoader Creating init config 
1056218    DEBUG Test worker     d.u.i.k.p.i.AbstractProblemLoader Init config took 4.04s 
1056234    INFO  Test worker     d.u.i.k.p.i.AbstractProblemLoader Replaying proof SMT_lemma_seqSingleton.dl.2_3755133222866685363.key 
1056234    DEBUG Test worker     d.u.i.k.p.i.IntermediateProofReplayer Proof replay took 10.8ns 
1056343    INFO  Test worker     d.u.i.k.s.n.ProveSMTLemmasTest Now processing file C:\Users\RUNNER~1\AppData\Local\Temp\SMT_lemma_null.dl_10791935800163803658.key 
1056343    INFO  Test worker     d.u.i.k.p.i.AbstractProblemLoader Loading environment from C:\Users\RUNNER~1\AppData\Local\Temp\SMT_lemma_null.dl_10791935800163803658.key 
1056343    DEBUG Test worker     d.u.i.k.p.i.AbstractProblemLoader Environment load took 328.5ns 
1056343    INFO  Test worker     d.u.i.k.p.i.AbstractProblemLoader Creating init config 
1060374    DEBUG Test worker     d.u.i.k.p.i.AbstractProblemLoader Init config took 4.04s 
1060390    INFO  Test worker     d.u.i.k.p.i.AbstractProblemLoader Replaying proof SMT_lemma_null.dl_10791935800163803658.key 
1060405    DEBUG Test worker     d.u.i.k.p.i.IntermediateProofReplayer Proof replay took 10.2ns 
]]></system-out>
  <system-err><![CDATA[]]></system-err>
</testsuite>
