<?xml version="1.0" encoding="UTF-8"?>
<testsuite name="de.uka.ilkd.key.logic.TestClashFreeSubst" tests="14" skipped="2" failures="0" errors="0" timestamp="2023-05-30T15:41:38" hostname="fv-az449-897" time="73.761">
  <properties/>
  <testcase name="testMultiShareBound()" classname="de.uka.ilkd.key.logic.TestClashFreeSubst" time="1.334"/>
  <testcase name="testClash()" classname="de.uka.ilkd.key.logic.TestClashFreeSubst" time="1.33"/>
  <testcase name="testShare()" classname="de.uka.ilkd.key.logic.TestClashFreeSubst" time="1.505"/>
  <testcase name="testSubst()" classname="de.uka.ilkd.key.logic.TestClashFreeSubst" time="1.311"/>
  <testcase name="testWary0()" classname="de.uka.ilkd.key.logic.TestClashFreeSubst" time="1.829"/>
  <testcase name="testWary1()" classname="de.uka.ilkd.key.logic.TestClashFreeSubst" time="1.304"/>
  <testcase name="testWary2()" classname="de.uka.ilkd.key.logic.TestClashFreeSubst" time="1.337"/>
  <testcase name="testClashInSubstTerm()" classname="de.uka.ilkd.key.logic.TestClashFreeSubst" time="1.306"/>
  <testcase name="testShareWary()" classname="de.uka.ilkd.key.logic.TestClashFreeSubst" time="1.295"/>
  <testcase name="testMultiSubst()" classname="de.uka.ilkd.key.logic.TestClashFreeSubst" time="1.282"/>
  <testcase name="xtestMultiClash()" classname="de.uka.ilkd.key.logic.TestClashFreeSubst" time="0.0">
    <skipped/>
  </testcase>
  <testcase name="testSubstInSubstTerm()" classname="de.uka.ilkd.key.logic.TestClashFreeSubst" time="1.339"/>
  <testcase name="testSubstWary()" classname="de.uka.ilkd.key.logic.TestClashFreeSubst" time="1.315"/>
  <testcase name="xtestMultiClash1()" classname="de.uka.ilkd.key.logic.TestClashFreeSubst" time="0.0">
    <skipped/>
  </testcase>
  <system-out><![CDATA[54336      INFO  Test worker     d.u.i.k.n.KeyIO           Parsing took 0 ms 
54336      DEBUG Test worker     d.u.i.k.n.KeyIO           Load declarations of de.uka.ilkd.key.nparser.KeyAst$File:  <unknown>:1#1 
54336      INFO  Test worker     d.u.i.k.n.KeyIO           MODE: declarations took 0 ms 
54336      DEBUG Test worker     d.u.i.k.n.KeyIO           MODE: 2nd degree decls took 0 
55652      INFO  Test worker     d.u.i.k.n.KeyIO           Parsing took 0 ms 
55652      DEBUG Test worker     d.u.i.k.n.KeyIO           Load declarations of de.uka.ilkd.key.nparser.KeyAst$File:  <unknown>:1#1 
55652      INFO  Test worker     d.u.i.k.n.KeyIO           MODE: declarations took 0 ms 
55652      DEBUG Test worker     d.u.i.k.n.KeyIO           MODE: 2nd degree decls took 0 
59975      INFO  Test worker     d.u.i.k.n.KeyIO           Parsing took 0 ms 
59975      DEBUG Test worker     d.u.i.k.n.KeyIO           Load declarations of de.uka.ilkd.key.nparser.KeyAst$File:  <unknown>:1#1 
59975      INFO  Test worker     d.u.i.k.n.KeyIO           MODE: declarations took 0 ms 
59975      DEBUG Test worker     d.u.i.k.n.KeyIO           MODE: 2nd degree decls took 0 
61298      INFO  Test worker     d.u.i.k.n.KeyIO           Parsing took 0 ms 
61298      DEBUG Test worker     d.u.i.k.n.KeyIO           Load declarations of de.uka.ilkd.key.nparser.KeyAst$File:  <unknown>:1#1 
61298      INFO  Test worker     d.u.i.k.n.KeyIO           MODE: declarations took 0 ms 
61298      DEBUG Test worker     d.u.i.k.n.KeyIO           MODE: 2nd degree decls took 0 
65725      INFO  Test worker     d.u.i.k.n.KeyIO           Parsing took 0 ms 
65725      DEBUG Test worker     d.u.i.k.n.KeyIO           Load declarations of de.uka.ilkd.key.nparser.KeyAst$File:  <unknown>:1#1 
65725      INFO  Test worker     d.u.i.k.n.KeyIO           MODE: declarations took 0 ms 
65725      DEBUG Test worker     d.u.i.k.n.KeyIO           MODE: 2nd degree decls took 0 
67231      INFO  Test worker     d.u.i.k.n.KeyIO           Parsing took 0 ms 
67231      DEBUG Test worker     d.u.i.k.n.KeyIO           Load declarations of de.uka.ilkd.key.nparser.KeyAst$File:  <unknown>:1#1 
67231      INFO  Test worker     d.u.i.k.n.KeyIO           MODE: declarations took 0 ms 
67231      DEBUG Test worker     d.u.i.k.n.KeyIO           MODE: 2nd degree decls took 0 
71704      INFO  Test worker     d.u.i.k.n.KeyIO           Parsing took 0 ms 
71704      DEBUG Test worker     d.u.i.k.n.KeyIO           Load declarations of de.uka.ilkd.key.nparser.KeyAst$File:  <unknown>:1#1 
71704      INFO  Test worker     d.u.i.k.n.KeyIO           MODE: declarations took 0 ms 
71704      DEBUG Test worker     d.u.i.k.n.KeyIO           MODE: 2nd degree decls took 0 
73013      INFO  Test worker     d.u.i.k.n.KeyIO           Parsing took 0 ms 
73013      DEBUG Test worker     d.u.i.k.n.KeyIO           Load declarations of de.uka.ilkd.key.nparser.KeyAst$File:  <unknown>:1#1 
73013      INFO  Test worker     d.u.i.k.n.KeyIO           MODE: declarations took 0 ms 
73013      DEBUG Test worker     d.u.i.k.n.KeyIO           MODE: 2nd degree decls took 0 
78467      INFO  Test worker     d.u.i.k.n.KeyIO           Parsing took 0 ms 
78467      DEBUG Test worker     d.u.i.k.n.KeyIO           Load declarations of de.uka.ilkd.key.nparser.KeyAst$File:  <unknown>:1#1 
78467      INFO  Test worker     d.u.i.k.n.KeyIO           MODE: declarations took 0 ms 
78467      DEBUG Test worker     d.u.i.k.n.KeyIO           MODE: 2nd degree decls took 0 
80283      INFO  Test worker     d.u.i.k.n.KeyIO           Parsing took 0 ms 
80283      DEBUG Test worker     d.u.i.k.n.KeyIO           Load declarations of de.uka.ilkd.key.nparser.KeyAst$File:  <unknown>:1#1 
80283      INFO  Test worker     d.u.i.k.n.KeyIO           MODE: declarations took 0 ms 
80283      DEBUG Test worker     d.u.i.k.n.KeyIO           MODE: 2nd degree decls took 0 
84846      INFO  Test worker     d.u.i.k.n.KeyIO           Parsing took 0 ms 
84846      DEBUG Test worker     d.u.i.k.n.KeyIO           Load declarations of de.uka.ilkd.key.nparser.KeyAst$File:  <unknown>:1#1 
84846      INFO  Test worker     d.u.i.k.n.KeyIO           MODE: declarations took 0 ms 
84846      DEBUG Test worker     d.u.i.k.n.KeyIO           MODE: 2nd degree decls took 0 
86151      INFO  Test worker     d.u.i.k.n.KeyIO           Parsing took 0 ms 
86151      DEBUG Test worker     d.u.i.k.n.KeyIO           Load declarations of de.uka.ilkd.key.nparser.KeyAst$File:  <unknown>:1#1 
86151      INFO  Test worker     d.u.i.k.n.KeyIO           MODE: declarations took 0 ms 
86151      DEBUG Test worker     d.u.i.k.n.KeyIO           MODE: 2nd degree decls took 0 
90384      INFO  Test worker     d.u.i.k.n.KeyIO           Parsing took 16 ms 
90384      DEBUG Test worker     d.u.i.k.n.KeyIO           Load declarations of de.uka.ilkd.key.nparser.KeyAst$File:  <unknown>:1#1 
90384      INFO  Test worker     d.u.i.k.n.KeyIO           MODE: declarations took 0 ms 
90384      DEBUG Test worker     d.u.i.k.n.KeyIO           MODE: 2nd degree decls took 0 
91710      INFO  Test worker     d.u.i.k.n.KeyIO           Parsing took 0 ms 
91710      DEBUG Test worker     d.u.i.k.n.KeyIO           Load declarations of de.uka.ilkd.key.nparser.KeyAst$File:  <unknown>:1#1 
91710      INFO  Test worker     d.u.i.k.n.KeyIO           MODE: declarations took 0 ms 
91710      DEBUG Test worker     d.u.i.k.n.KeyIO           MODE: 2nd degree decls took 0 
95997      INFO  Test worker     d.u.i.k.n.KeyIO           Parsing took 0 ms 
95997      DEBUG Test worker     d.u.i.k.n.KeyIO           Load declarations of de.uka.ilkd.key.nparser.KeyAst$File:  <unknown>:1#1 
95997      INFO  Test worker     d.u.i.k.n.KeyIO           MODE: declarations took 0 ms 
95997      DEBUG Test worker     d.u.i.k.n.KeyIO           MODE: 2nd degree decls took 0 
97290      INFO  Test worker     d.u.i.k.n.KeyIO           Parsing took 0 ms 
97290      DEBUG Test worker     d.u.i.k.n.KeyIO           Load declarations of de.uka.ilkd.key.nparser.KeyAst$File:  <unknown>:1#1 
97290      INFO  Test worker     d.u.i.k.n.KeyIO           MODE: declarations took 0 ms 
97290      DEBUG Test worker     d.u.i.k.n.KeyIO           MODE: 2nd degree decls took 0 
101593     INFO  Test worker     d.u.i.k.n.KeyIO           Parsing took 0 ms 
101593     DEBUG Test worker     d.u.i.k.n.KeyIO           Load declarations of de.uka.ilkd.key.nparser.KeyAst$File:  <unknown>:1#1 
101593     INFO  Test worker     d.u.i.k.n.KeyIO           MODE: declarations took 0 ms 
101593     DEBUG Test worker     d.u.i.k.n.KeyIO           MODE: 2nd degree decls took 0 
102879     INFO  Test worker     d.u.i.k.n.KeyIO           Parsing took 0 ms 
102879     DEBUG Test worker     d.u.i.k.n.KeyIO           Load declarations of de.uka.ilkd.key.nparser.KeyAst$File:  <unknown>:1#1 
102879     INFO  Test worker     d.u.i.k.n.KeyIO           MODE: declarations took 0 ms 
102879     DEBUG Test worker     d.u.i.k.n.KeyIO           MODE: 2nd degree decls took 0 
107270     INFO  Test worker     d.u.i.k.n.KeyIO           Parsing took 0 ms 
107270     DEBUG Test worker     d.u.i.k.n.KeyIO           Load declarations of de.uka.ilkd.key.nparser.KeyAst$File:  <unknown>:1#1 
107270     INFO  Test worker     d.u.i.k.n.KeyIO           MODE: declarations took 0 ms 
107270     DEBUG Test worker     d.u.i.k.n.KeyIO           MODE: 2nd degree decls took 0 
108534     INFO  Test worker     d.u.i.k.n.KeyIO           Parsing took 0 ms 
108534     DEBUG Test worker     d.u.i.k.n.KeyIO           Load declarations of de.uka.ilkd.key.nparser.KeyAst$File:  <unknown>:1#1 
108550     INFO  Test worker     d.u.i.k.n.KeyIO           MODE: declarations took 16 ms 
108550     DEBUG Test worker     d.u.i.k.n.KeyIO           MODE: 2nd degree decls took 0 
116904     INFO  Test worker     d.u.i.k.n.KeyIO           Parsing took 0 ms 
116904     DEBUG Test worker     d.u.i.k.n.KeyIO           Load declarations of de.uka.ilkd.key.nparser.KeyAst$File:  <unknown>:1#1 
116904     INFO  Test worker     d.u.i.k.n.KeyIO           MODE: declarations took 0 ms 
116904     DEBUG Test worker     d.u.i.k.n.KeyIO           MODE: 2nd degree decls took 0 
118225     INFO  Test worker     d.u.i.k.n.KeyIO           Parsing took 0 ms 
118225     DEBUG Test worker     d.u.i.k.n.KeyIO           Load declarations of de.uka.ilkd.key.nparser.KeyAst$File:  <unknown>:1#1 
118225     INFO  Test worker     d.u.i.k.n.KeyIO           MODE: declarations took 0 ms 
118225     DEBUG Test worker     d.u.i.k.n.KeyIO           MODE: 2nd degree decls took 0 
122473     INFO  Test worker     d.u.i.k.n.KeyIO           Parsing took 0 ms 
122488     DEBUG Test worker     d.u.i.k.n.KeyIO           Load declarations of de.uka.ilkd.key.nparser.KeyAst$File:  <unknown>:1#1 
122488     INFO  Test worker     d.u.i.k.n.KeyIO           MODE: declarations took 0 ms 
122488     DEBUG Test worker     d.u.i.k.n.KeyIO           MODE: 2nd degree decls took 0 
123782     INFO  Test worker     d.u.i.k.n.KeyIO           Parsing took 0 ms 
123782     DEBUG Test worker     d.u.i.k.n.KeyIO           Load declarations of de.uka.ilkd.key.nparser.KeyAst$File:  <unknown>:1#1 
123782     INFO  Test worker     d.u.i.k.n.KeyIO           MODE: declarations took 0 ms 
123782     DEBUG Test worker     d.u.i.k.n.KeyIO           MODE: 2nd degree decls took 0 
]]></system-out>
  <system-err><![CDATA[]]></system-err>
</testsuite>
