<?xml version="1.0" encoding="UTF-8"?>
<testsuite name="de.uka.ilkd.key.rule.loop.LoopScopeInvRuleTests" tests="1" skipped="0" failures="0" errors="0" timestamp="2023-05-30T15:51:23" hostname="fv-az449-897" time="6.351">
  <properties/>
  <testcase name="testDoAutomaticProofOfBenchmarkWithLabeledBreaksAndContinues()" classname="de.uka.ilkd.key.rule.loop.LoopScopeInvRuleTests" time="6.351"/>
  <system-out><![CDATA[639379     INFO  Test worker     d.u.i.k.p.i.AbstractProblemLoader Loading environment from src\test\resources\testcase\loopScopeInvRule\Test.key 
639379     DEBUG Test worker     d.u.i.k.p.i.AbstractProblemLoader Environment load took 145.2ns 
639379     INFO  Test worker     d.u.i.k.p.i.AbstractProblemLoader Creating init config 
639535     DEBUG Test worker     d.u.i.k.j.TypeConverter   No LDT found for Meta 
639535     DEBUG Test worker     d.u.i.k.j.TypeConverter   No LDT found for Meta 
639535     DEBUG Test worker     d.u.i.k.j.TypeConverter   No LDT found for Meta 
639535     DEBUG Test worker     d.u.i.k.j.TypeConverter   No LDT found for Meta 
640196     DEBUG Test worker     d.u.i.k.j.TypeConverter   No LDT found for JavaBigintExpression 
644974     DEBUG Test worker     d.u.i.k.p.i.AbstractProblemLoader Init config took 5.59s 
645036     INFO  Test worker     d.u.i.k.p.i.AbstractProblemLoader Replaying proof Test[Test::loopScopeRuleBenchmark(int,boolean)].JML normal_behavior operation contract.0 
645052     DEBUG Test worker     d.u.i.k.p.i.IntermediateProofReplayer Proof replay took 20.9ns 
]]></system-out>
  <system-err><![CDATA[]]></system-err>
</testsuite>
