<?xml version="1.0" encoding="UTF-8"?>
<testsuite name="de.uka.ilkd.key.rule.merge.PredicateAbstractionLatticeTests" tests="3" skipped="0" failures="0" errors="0" timestamp="2023-05-30T15:53:04" hostname="fv-az449-897" time="8.409">
  <properties/>
  <testcase name="testToAndFromString()" classname="de.uka.ilkd.key.rule.merge.PredicateAbstractionLatticeTests" time="4.219"/>
  <testcase name="testCreateSignLatticeWithPredicates()" classname="de.uka.ilkd.key.rule.merge.PredicateAbstractionLatticeTests" time="4.19"/>
  <testcase name="testTrivialPredicatesLattice()" classname="de.uka.ilkd.key.rule.merge.PredicateAbstractionLatticeTests" time="0.0"/>
  <system-out><![CDATA[740384     INFO  Test worker     d.u.i.k.p.i.AbstractProblemLoader Loading environment from src\test\resources\testcase\merge\dummy.key 
740384     DEBUG Test worker     d.u.i.k.p.i.AbstractProblemLoader Environment load took 121.9ns 
740384     INFO  Test worker     d.u.i.k.p.i.AbstractProblemLoader Creating init config 
744588     DEBUG Test worker     d.u.i.k.p.i.AbstractProblemLoader Init config took 4.2s 
744604     INFO  Test worker     d.u.i.k.p.i.AbstractProblemLoader Replaying proof dummy.key 
744604     DEBUG Test worker     d.u.i.k.p.i.IntermediateProofReplayer Proof replay took 10ns 
744604     INFO  Test worker     d.u.i.k.p.i.AbstractProblemLoader Loading environment from src\test\resources\testcase\merge\dummy.key 
744604     DEBUG Test worker     d.u.i.k.p.i.AbstractProblemLoader Environment load took 181.6ns 
744604     INFO  Test worker     d.u.i.k.p.i.AbstractProblemLoader Creating init config 
748778     DEBUG Test worker     d.u.i.k.p.i.AbstractProblemLoader Init config took 4.17s 
748794     INFO  Test worker     d.u.i.k.p.i.AbstractProblemLoader Replaying proof dummy.key 
748794     DEBUG Test worker     d.u.i.k.p.i.IntermediateProofReplayer Proof replay took 9.8ns 
]]></system-out>
  <system-err><![CDATA[]]></system-err>
</testsuite>
