<?xml version="1.0" encoding="UTF-8"?>
<testsuite name="de.uka.ilkd.key.util.TestProofStarter" tests="2" skipped="0" failures="0" errors="0" timestamp="2023-05-30T15:59:35" hostname="fv-az449-897" time="56.432">
  <properties/>
  <testcase name="testDirectProofWithOneStepSimplification()" classname="de.uka.ilkd.key.util.TestProofStarter" time="29.229"/>
  <testcase name="testDirectProof()" classname="de.uka.ilkd.key.util.TestProofStarter" time="27.203"/>
  <system-out><![CDATA[1131605    INFO  Test worker     d.u.i.k.p.i.AbstractProblemLoader Loading environment from src\test\resources\testcase\proofStarter\CC\project.key 
1131605    DEBUG Test worker     d.u.i.k.p.i.AbstractProblemLoader Environment load took 189.4ns 
1131620    INFO  Test worker     d.u.i.k.p.i.AbstractProblemLoader Creating init config 
1136034    DEBUG Test worker     d.u.i.k.p.i.AbstractProblemLoader Init config took 4.42s 
1136081    INFO  Test worker     d.u.i.k.p.i.AbstractProblemLoader Replaying proof CC[CC::calcCoinIndex([I,[I)].JML normal_behavior operation contract.0 
1136081    DEBUG Test worker     d.u.i.k.p.i.IntermediateProofReplayer Proof replay took 2.3ns 
1160816    INFO  Test worker     d.u.i.k.p.i.AbstractProblemLoader Loading environment from src\test\resources\testcase\proofStarter\CC\project.key 
1160816    DEBUG Test worker     d.u.i.k.p.i.AbstractProblemLoader Environment load took 225.6ns 
1160816    INFO  Test worker     d.u.i.k.p.i.AbstractProblemLoader Creating init config 
1165207    DEBUG Test worker     d.u.i.k.p.i.AbstractProblemLoader Init config took 4.39s 
1165254    INFO  Test worker     d.u.i.k.p.i.AbstractProblemLoader Replaying proof CC[CC::calcCoinIndex([I,[I)].JML normal_behavior operation contract.0 
1165254    DEBUG Test worker     d.u.i.k.p.i.IntermediateProofReplayer Proof replay took 2.8ns 
]]></system-out>
  <system-err><![CDATA[]]></system-err>
</testsuite>
