<?xml version="1.0" encoding="UTF-8"?>
<testsuite name="de.uka.ilkd.key.parser.TestTermParserSorts" tests="2" skipped="0" failures="0" errors="0" timestamp="2023-05-30T15:50:45" hostname="fv-az449-897" time="4.107">
  <properties/>
  <testcase name="testParseIntegerArgs()" classname="de.uka.ilkd.key.parser.TestTermParserSorts" time="0.018"/>
  <testcase name="testParseSequencePrettySyntax()" classname="de.uka.ilkd.key.parser.TestTermParserSorts" time="0.003"/>
  <system-out><![CDATA[601560     INFO  Test worker     d.u.i.k.n.KeyIO           Parsing took 0 ms 
601560     DEBUG Test worker     d.u.i.k.n.KeyIO           Load declarations of de.uka.ilkd.key.nparser.KeyAst$File:  <unknown>:1#1 
601560     INFO  Test worker     d.u.i.k.n.KeyIO           MODE: declarations took 0 ms 
601560     DEBUG Test worker     d.u.i.k.n.KeyIO           MODE: 2nd degree decls took 0 
601560     INFO  Test worker     d.u.i.k.n.KeyIO           Parsing took 0 ms 
601560     DEBUG Test worker     d.u.i.k.n.KeyIO           Load declarations of de.uka.ilkd.key.nparser.KeyAst$File:  <unknown>:1#1 
601560     INFO  Test worker     d.u.i.k.n.KeyIO           MODE: declarations took 0 ms 
601560     DEBUG Test worker     d.u.i.k.n.KeyIO           MODE: 2nd degree decls took 0 
601560     INFO  Test worker     d.u.i.k.n.KeyIO           Parsing took 0 ms 
601560     DEBUG Test worker     d.u.i.k.n.KeyIO           Load declarations of de.uka.ilkd.key.nparser.KeyAst$File:  <unknown>:1#1 
601560     INFO  Test worker     d.u.i.k.n.KeyIO           MODE: declarations took 0 ms 
601560     DEBUG Test worker     d.u.i.k.n.KeyIO           MODE: 2nd degree decls took 0 
605679     INFO  Test worker     d.u.i.k.n.KeyIO           Parsing took 0 ms 
605679     DEBUG Test worker     d.u.i.k.n.KeyIO           Load declarations of de.uka.ilkd.key.nparser.KeyAst$File:  <unknown>:1#1 
605679     INFO  Test worker     d.u.i.k.n.KeyIO           MODE: declarations took 0 ms 
605679     DEBUG Test worker     d.u.i.k.n.KeyIO           MODE: 2nd degree decls took 0 
605679     INFO  Test worker     d.u.i.k.n.KeyIO           Parsing took 0 ms 
605679     DEBUG Test worker     d.u.i.k.n.KeyIO           Load declarations of de.uka.ilkd.key.nparser.KeyAst$File:  <unknown>:1#1 
605679     INFO  Test worker     d.u.i.k.n.KeyIO           MODE: declarations took 0 ms 
605679     DEBUG Test worker     d.u.i.k.n.KeyIO           MODE: 2nd degree decls took 0 
605679     INFO  Test worker     d.u.i.k.n.KeyIO           Parsing took 0 ms 
605679     DEBUG Test worker     d.u.i.k.n.KeyIO           Load declarations of de.uka.ilkd.key.nparser.KeyAst$File:  <unknown>:1#1 
605679     INFO  Test worker     d.u.i.k.n.KeyIO           MODE: declarations took 0 ms 
605679     DEBUG Test worker     d.u.i.k.n.KeyIO           MODE: 2nd degree decls took 0 
]]></system-out>
  <system-err><![CDATA[]]></system-err>
</testsuite>
