<?xml version="1.0" encoding="UTF-8"?>
<testsuite name="de.uka.ilkd.key.util.TestSearchNodePreorderIterator" tests="4" skipped="0" failures="0" errors="0" timestamp="2023-06-03T16:59:25" hostname="fv-az553-997" time="0.05">
  <properties/>
  <testcase name="testNodesThreeLevel()" classname="de.uka.ilkd.key.util.TestSearchNodePreorderIterator" time="0.011"/>
  <testcase name="testEmptyRoot()" classname="de.uka.ilkd.key.util.TestSearchNodePreorderIterator" time="0.003"/>
  <testcase name="testNodesTwoLevel()" classname="de.uka.ilkd.key.util.TestSearchNodePreorderIterator" time="0.004"/>
  <testcase name="testNodesOneLevel()" classname="de.uka.ilkd.key.util.TestSearchNodePreorderIterator" time="0.032"/>
  <system-out><![CDATA[]]></system-out>
  <system-err><![CDATA[]]></system-err>
</testsuite>
