<?xml version="1.0" encoding="UTF-8"?>
<testsuite name="de.uka.ilkd.key.parser.TestTermParser" tests="47" skipped="0" failures="47" errors="0" timestamp="2023-06-03T16:57:41" hostname="fv-az553-997" time="8.383">
  <properties/>
  <testcase name="testNotEqual()" classname="de.uka.ilkd.key.parser.TestTermParser" time="0.001">
    <failure message="java.lang.RuntimeException: Exception occurred while parsing src\test\resources\testcase\testrules.key" type="java.lang.RuntimeException">java.lang.RuntimeException: Exception occurred while parsing src\test\resources\testcase\testrules.key
	at de.uka.ilkd.key.rule.TacletForTests.parse(TacletForTests.java:89)
	at de.uka.ilkd.key.rule.TacletForTests.parse(TacletForTests.java:125)
	at de.uka.ilkd.key.rule.TacletForTests.parse(TacletForTests.java:129)
	at de.uka.ilkd.key.rule.TacletForTests.services(TacletForTests.java:102)
	at de.uka.ilkd.key.parser.TestTermParser.getServices(TestTermParser.java:42)
	at de.uka.ilkd.key.parser.AbstractTestTermParser.&lt;init&gt;(AbstractTestTermParser.java:35)
	at de.uka.ilkd.key.parser.TestTermParser.&lt;init&gt;(TestTermParser.java:34)
	at java.base/jdk.internal.reflect.NativeConstructorAccessorImpl.newInstance0(Native Method)
	at java.base/jdk.internal.reflect.NativeConstructorAccessorImpl.newInstance(NativeConstructorAccessorImpl.java:62)
	at java.base/jdk.internal.reflect.DelegatingConstructorAccessorImpl.newInstance(DelegatingConstructorAccessorImpl.java:45)
	at java.base/java.lang.reflect.Constructor.newInstance(Constructor.java:490)
	at org.junit.platform.commons.util.ReflectionUtils.newInstance(ReflectionUtils.java:552)
	at org.junit.jupiter.engine.execution.ConstructorInvocation.proceed(ConstructorInvocation.java:56)
	at org.junit.jupiter.engine.execution.InvocationInterceptorChain$ValidatingInvocation.proceed(InvocationInterceptorChain.java:131)
	at org.junit.jupiter.api.extension.InvocationInterceptor.interceptTestClassConstructor(InvocationInterceptor.java:73)
	at org.junit.jupiter.engine.execution.InterceptingExecutableInvoker.lambda$invoke$0(InterceptingExecutableInvoker.java:93)
	at org.junit.jupiter.engine.execution.InvocationInterceptorChain$InterceptedInvocation.proceed(InvocationInterceptorChain.java:106)
	at org.junit.jupiter.engine.execution.InvocationInterceptorChain.proceed(InvocationInterceptorChain.java:64)
	at org.junit.jupiter.engine.execution.InvocationInterceptorChain.chainAndInvoke(InvocationInterceptorChain.java:45)
	at org.junit.jupiter.engine.execution.InvocationInterceptorChain.invoke(InvocationInterceptorChain.java:37)
	at org.junit.jupiter.engine.execution.InterceptingExecutableInvoker.invoke(InterceptingExecutableInvoker.java:92)
	at org.junit.jupiter.engine.execution.InterceptingExecutableInvoker.invoke(InterceptingExecutableInvoker.java:62)
	at org.junit.jupiter.engine.descriptor.ClassBasedTestDescriptor.invokeTestClassConstructor(ClassBasedTestDescriptor.java:363)
	at org.junit.jupiter.engine.descriptor.ClassBasedTestDescriptor.instantiateTestClass(ClassBasedTestDescriptor.java:310)
	at org.junit.jupiter.engine.descriptor.ClassTestDescriptor.instantiateTestClass(ClassTestDescriptor.java:79)
	at org.junit.jupiter.engine.descriptor.ClassBasedTestDescriptor.instantiateAndPostProcessTestInstance(ClassBasedTestDescriptor.java:286)
	at org.junit.jupiter.engine.descriptor.ClassBasedTestDescriptor.lambda$testInstancesProvider$4(ClassBasedTestDescriptor.java:278)
	at java.base/java.util.Optional.orElseGet(Optional.java:369)
	at org.junit.jupiter.engine.descriptor.ClassBasedTestDescriptor.lambda$testInstancesProvider$5(ClassBasedTestDescriptor.java:277)
	at org.junit.jupiter.engine.execution.TestInstancesProvider.getTestInstances(TestInstancesProvider.java:31)
	at org.junit.jupiter.engine.descriptor.TestMethodTestDescriptor.lambda$prepare$0(TestMethodTestDescriptor.java:105)
	at org.junit.platform.engine.support.hierarchical.ThrowableCollector.execute(ThrowableCollector.java:73)
	at org.junit.jupiter.engine.descriptor.TestMethodTestDescriptor.prepare(TestMethodTestDescriptor.java:104)
	at org.junit.jupiter.engine.descriptor.TestMethodTestDescriptor.prepare(TestMethodTestDescriptor.java:68)
	at org.junit.platform.engine.support.hierarchical.NodeTestTask.lambda$prepare$2(NodeTestTask.java:123)
	at org.junit.platform.engine.support.hierarchical.ThrowableCollector.execute(ThrowableCollector.java:73)
	at org.junit.platform.engine.support.hierarchical.NodeTestTask.prepare(NodeTestTask.java:123)
	at org.junit.platform.engine.support.hierarchical.NodeTestTask.execute(NodeTestTask.java:90)
	at java.base/java.util.ArrayList.forEach(ArrayList.java:1541)
	at org.junit.platform.engine.support.hierarchical.SameThreadHierarchicalTestExecutorService.invokeAll(SameThreadHierarchicalTestExecutorService.java:41)
	at org.junit.platform.engine.support.hierarchical.NodeTestTask.lambda$executeRecursively$6(NodeTestTask.java:155)
	at org.junit.platform.engine.support.hierarchical.ThrowableCollector.execute(ThrowableCollector.java:73)
	at org.junit.platform.engine.support.hierarchical.NodeTestTask.lambda$executeRecursively$8(NodeTestTask.java:141)
	at org.junit.platform.engine.support.hierarchical.Node.around(Node.java:137)
	at org.junit.platform.engine.support.hierarchical.NodeTestTask.lambda$executeRecursively$9(NodeTestTask.java:139)
	at org.junit.platform.engine.support.hierarchical.ThrowableCollector.execute(ThrowableCollector.java:73)
	at org.junit.platform.engine.support.hierarchical.NodeTestTask.executeRecursively(NodeTestTask.java:138)
	at org.junit.platform.engine.support.hierarchical.NodeTestTask.execute(NodeTestTask.java:95)
	at java.base/java.util.ArrayList.forEach(ArrayList.java:1541)
	at org.junit.platform.engine.support.hierarchical.SameThreadHierarchicalTestExecutorService.invokeAll(SameThreadHierarchicalTestExecutorService.java:41)
	at org.junit.platform.engine.support.hierarchical.NodeTestTask.lambda$executeRecursively$6(NodeTestTask.java:155)
	at org.junit.platform.engine.support.hierarchical.ThrowableCollector.execute(ThrowableCollector.java:73)
	at org.junit.platform.engine.support.hierarchical.NodeTestTask.lambda$executeRecursively$8(NodeTestTask.java:141)
	at org.junit.platform.engine.support.hierarchical.Node.around(Node.java:137)
	at org.junit.platform.engine.support.hierarchical.NodeTestTask.lambda$executeRecursively$9(NodeTestTask.java:139)
	at org.junit.platform.engine.support.hierarchical.ThrowableCollector.execute(ThrowableCollector.java:73)
	at org.junit.platform.engine.support.hierarchical.NodeTestTask.executeRecursively(NodeTestTask.java:138)
	at org.junit.platform.engine.support.hierarchical.NodeTestTask.execute(NodeTestTask.java:95)
	at org.junit.platform.engine.support.hierarchical.SameThreadHierarchicalTestExecutorService.submit(SameThreadHierarchicalTestExecutorService.java:35)
	at org.junit.platform.engine.support.hierarchical.HierarchicalTestExecutor.execute(HierarchicalTestExecutor.java:57)
	at org.junit.platform.engine.support.hierarchical.HierarchicalTestEngine.execute(HierarchicalTestEngine.java:54)
	at org.junit.platform.launcher.core.EngineExecutionOrchestrator.execute(EngineExecutionOrchestrator.java:107)
	at org.junit.platform.launcher.core.EngineExecutionOrchestrator.execute(EngineExecutionOrchestrator.java:88)
	at org.junit.platform.launcher.core.EngineExecutionOrchestrator.lambda$execute$0(EngineExecutionOrchestrator.java:54)
	at org.junit.platform.launcher.core.EngineExecutionOrchestrator.withInterceptedStreams(EngineExecutionOrchestrator.java:67)
	at org.junit.platform.launcher.core.EngineExecutionOrchestrator.execute(EngineExecutionOrchestrator.java:52)
	at org.junit.platform.launcher.core.DefaultLauncher.execute(DefaultLauncher.java:114)
	at org.junit.platform.launcher.core.DefaultLauncher.execute(DefaultLauncher.java:86)
	at org.junit.platform.launcher.core.DefaultLauncherSession$DelegatingLauncher.execute(DefaultLauncherSession.java:86)
	at org.gradle.api.internal.tasks.testing.junitplatform.JUnitPlatformTestClassProcessor$CollectAllTestClassesExecutor.processAllTestClasses(JUnitPlatformTestClassProcessor.java:110)
	at org.gradle.api.internal.tasks.testing.junitplatform.JUnitPlatformTestClassProcessor$CollectAllTestClassesExecutor.access$000(JUnitPlatformTestClassProcessor.java:90)
	at org.gradle.api.internal.tasks.testing.junitplatform.JUnitPlatformTestClassProcessor.stop(JUnitPlatformTestClassProcessor.java:85)
	at org.gradle.api.internal.tasks.testing.SuiteTestClassProcessor.stop(SuiteTestClassProcessor.java:62)
	at java.base/jdk.internal.reflect.NativeMethodAccessorImpl.invoke0(Native Method)
	at java.base/jdk.internal.reflect.NativeMethodAccessorImpl.invoke(NativeMethodAccessorImpl.java:62)
	at java.base/jdk.internal.reflect.DelegatingMethodAccessorImpl.invoke(DelegatingMethodAccessorImpl.java:43)
	at java.base/java.lang.reflect.Method.invoke(Method.java:566)
	at org.gradle.internal.dispatch.ReflectionDispatch.dispatch(ReflectionDispatch.java:36)
	at org.gradle.internal.dispatch.ReflectionDispatch.dispatch(ReflectionDispatch.java:24)
	at org.gradle.internal.dispatch.ContextClassLoaderDispatch.dispatch(ContextClassLoaderDispatch.java:33)
	at org.gradle.internal.dispatch.ProxyDispatchAdapter$DispatchingInvocationHandler.invoke(ProxyDispatchAdapter.java:94)
	at com.sun.proxy.$Proxy5.stop(Unknown Source)
	at org.gradle.api.internal.tasks.testing.worker.TestWorker$3.run(TestWorker.java:193)
	at org.gradle.api.internal.tasks.testing.worker.TestWorker.executeAndMaintainThreadName(TestWorker.java:129)
	at org.gradle.api.internal.tasks.testing.worker.TestWorker.execute(TestWorker.java:100)
	at org.gradle.api.internal.tasks.testing.worker.TestWorker.execute(TestWorker.java:60)
	at org.gradle.process.internal.worker.child.ActionExecutionWorker.execute(ActionExecutionWorker.java:56)
	at org.gradle.process.internal.worker.child.SystemApplicationClassLoaderWorker.call(SystemApplicationClassLoaderWorker.java:113)
	at org.gradle.process.internal.worker.child.SystemApplicationClassLoaderWorker.call(SystemApplicationClassLoaderWorker.java:65)
	at worker.org.gradle.process.internal.worker.GradleWorkerMain.run(GradleWorkerMain.java:69)
	at worker.org.gradle.process.internal.worker.GradleWorkerMain.main(GradleWorkerMain.java:74)
Caused by: UnsolvedSymbolException{context='arg0', name='Solving arg0', cause='null'}
	at com.github.javaparser.symbolsolver.javaparsermodel.TypeExtractor.visit(TypeExtractor.java:335)
	at com.github.javaparser.symbolsolver.javaparsermodel.TypeExtractor.visit(TypeExtractor.java:65)
	at com.github.javaparser.ast.expr.NameExpr.accept(NameExpr.java:79)
	at com.github.javaparser.symbolsolver.javaparsermodel.JavaParserFacade.getTypeConcrete(JavaParserFacade.java:505)
	at com.github.javaparser.symbolsolver.javaparsermodel.JavaParserFacade.getType(JavaParserFacade.java:352)
	at com.github.javaparser.symbolsolver.javaparsermodel.JavaParserFacade.getType(JavaParserFacade.java:334)
	at com.github.javaparser.symbolsolver.JavaSymbolSolver.calculateType(JavaSymbolSolver.java:294)
	at com.github.javaparser.ast.expr.Expression.calculateResolvedType(Expression.java:573)
	at de.uka.ilkd.key.java.JP2KeYVisitor.visit(JP2KeYConverter.java:707)
	at de.uka.ilkd.key.java.JP2KeYVisitor.visit(JP2KeYConverter.java:90)
	at com.github.javaparser.ast.expr.NameExpr.accept(NameExpr.java:79)
	at de.uka.ilkd.key.java.JP2KeYVisitor.lambda$map$1(JP2KeYConverter.java:402)
	at java.base/java.util.stream.ReferencePipeline$3$1.accept(ReferencePipeline.java:195)
	at java.base/java.util.ArrayList$ArrayListSpliterator.forEachRemaining(ArrayList.java:1655)
	at java.base/java.util.stream.AbstractPipeline.copyInto(AbstractPipeline.java:484)
	at java.base/java.util.stream.AbstractPipeline.wrapAndCopyInto(AbstractPipeline.java:474)
	at java.base/java.util.stream.ReduceOps$ReduceOp.evaluateSequential(ReduceOps.java:913)
	at java.base/java.util.stream.AbstractPipeline.evaluate(AbstractPipeline.java:234)
	at java.base/java.util.stream.ReferencePipeline.collect(ReferencePipeline.java:578)
	at de.uka.ilkd.key.java.JP2KeYVisitor.map(JP2KeYConverter.java:403)
	at de.uka.ilkd.key.java.JP2KeYVisitor.visit(JP2KeYConverter.java:506)
	at de.uka.ilkd.key.java.JP2KeYVisitor.visit(JP2KeYConverter.java:90)
	at com.github.javaparser.ast.stmt.ExplicitConstructorInvocationStmt.accept(ExplicitConstructorInvocationStmt.java:96)
	at de.uka.ilkd.key.java.JP2KeYVisitor.lambda$map$1(JP2KeYConverter.java:402)
	at java.base/java.util.stream.ReferencePipeline$3$1.accept(ReferencePipeline.java:195)
	at java.base/java.util.ArrayList$ArrayListSpliterator.forEachRemaining(ArrayList.java:1655)
	at java.base/java.util.stream.AbstractPipeline.copyInto(AbstractPipeline.java:484)
	at java.base/java.util.stream.AbstractPipeline.wrapAndCopyInto(AbstractPipeline.java:474)
	at java.base/java.util.stream.ReduceOps$ReduceOp.evaluateSequential(ReduceOps.java:913)
	at java.base/java.util.stream.AbstractPipeline.evaluate(AbstractPipeline.java:234)
	at java.base/java.util.stream.ReferencePipeline.collect(ReferencePipeline.java:578)
	at de.uka.ilkd.key.java.JP2KeYVisitor.map(JP2KeYConverter.java:403)
	at de.uka.ilkd.key.java.JP2KeYVisitor.visit(JP2KeYConverter.java:258)
	at de.uka.ilkd.key.java.JP2KeYVisitor.visit(JP2KeYConverter.java:90)
	at com.github.javaparser.ast.stmt.BlockStmt.accept(BlockStmt.java:70)
	at de.uka.ilkd.key.java.JP2KeYVisitor.lambda$map$1(JP2KeYConverter.java:402)
	at java.base/java.util.stream.ReferencePipeline$3$1.accept(ReferencePipeline.java:195)
	at java.base/java.util.ArrayList$ArrayListSpliterator.forEachRemaining(ArrayList.java:1655)
	at java.base/java.util.stream.AbstractPipeline.copyInto(AbstractPipeline.java:484)
	at java.base/java.util.stream.AbstractPipeline.wrapAndCopyInto(AbstractPipeline.java:474)
	at java.base/java.util.stream.ReduceOps$ReduceOp.evaluateSequential(ReduceOps.java:913)
	at java.base/java.util.stream.AbstractPipeline.evaluate(AbstractPipeline.java:234)
	at java.base/java.util.stream.ReferencePipeline.collect(ReferencePipeline.java:578)
	at de.uka.ilkd.key.java.JP2KeYVisitor.map(JP2KeYConverter.java:403)
	at de.uka.ilkd.key.java.JP2KeYVisitor.visit(JP2KeYConverter.java:258)
	at de.uka.ilkd.key.java.JP2KeYVisitor.visit(JP2KeYConverter.java:90)
	at com.github.javaparser.ast.stmt.BlockStmt.accept(BlockStmt.java:70)
	at de.uka.ilkd.key.java.JP2KeYVisitor.accept(JP2KeYConverter.java:348)
	at de.uka.ilkd.key.java.JP2KeYVisitor.visit(JP2KeYConverter.java:946)
	at de.uka.ilkd.key.java.JP2KeYVisitor.visit(JP2KeYConverter.java:90)
	at com.github.javaparser.ast.stmt.TryStmt.accept(TryStmt.java:135)
	at de.uka.ilkd.key.java.JP2KeYVisitor.lambda$map$1(JP2KeYConverter.java:402)
	at java.base/java.util.stream.ReferencePipeline$3$1.accept(ReferencePipeline.java:195)
	at java.base/java.util.ArrayList$ArrayListSpliterator.forEachRemaining(ArrayList.java:1655)
	at java.base/java.util.stream.AbstractPipeline.copyInto(AbstractPipeline.java:484)
	at java.base/java.util.stream.AbstractPipeline.wrapAndCopyInto(AbstractPipeline.java:474)
	at java.base/java.util.stream.ReduceOps$ReduceOp.evaluateSequential(ReduceOps.java:913)
	at java.base/java.util.stream.AbstractPipeline.evaluate(AbstractPipeline.java:234)
	at java.base/java.util.stream.ReferencePipeline.collect(ReferencePipeline.java:578)
	at de.uka.ilkd.key.java.JP2KeYVisitor.map(JP2KeYConverter.java:403)
	at de.uka.ilkd.key.java.JP2KeYVisitor.visit(JP2KeYConverter.java:258)
	at de.uka.ilkd.key.java.JP2KeYVisitor.visit(JP2KeYConverter.java:90)
	at com.github.javaparser.ast.stmt.BlockStmt.accept(BlockStmt.java:70)
	at de.uka.ilkd.key.java.JP2KeYVisitor.accept(JP2KeYConverter.java:348)
	at de.uka.ilkd.key.java.JP2KeYVisitor.visit(JP2KeYConverter.java:609)
	at de.uka.ilkd.key.java.JP2KeYVisitor.visit(JP2KeYConverter.java:90)
	at com.github.javaparser.ast.stmt.IfStmt.accept(IfStmt.java:82)
	at de.uka.ilkd.key.java.JP2KeYVisitor.lambda$map$1(JP2KeYConverter.java:402)
	at java.base/java.util.stream.ReferencePipeline$3$1.accept(ReferencePipeline.java:195)
	at java.base/java.util.ArrayList$ArrayListSpliterator.forEachRemaining(ArrayList.java:1655)
	at java.base/java.util.stream.AbstractPipeline.copyInto(AbstractPipeline.java:484)
	at java.base/java.util.stream.AbstractPipeline.wrapAndCopyInto(AbstractPipeline.java:474)
	at java.base/java.util.stream.ReduceOps$ReduceOp.evaluateSequential(ReduceOps.java:913)
	at java.base/java.util.stream.AbstractPipeline.evaluate(AbstractPipeline.java:234)
	at java.base/java.util.stream.ReferencePipeline.collect(ReferencePipeline.java:578)
	at de.uka.ilkd.key.java.JP2KeYVisitor.map(JP2KeYConverter.java:403)
	at de.uka.ilkd.key.java.JP2KeYVisitor.visit(JP2KeYConverter.java:258)
	at de.uka.ilkd.key.java.JP2KeYVisitor.visit(JP2KeYConverter.java:90)
	at com.github.javaparser.ast.stmt.BlockStmt.accept(BlockStmt.java:70)
	at de.uka.ilkd.key.java.JP2KeYVisitor.accept(JP2KeYConverter.java:348)
	at de.uka.ilkd.key.java.JP2KeYVisitor.visit(JP2KeYConverter.java:609)
	at de.uka.ilkd.key.java.JP2KeYVisitor.visit(JP2KeYConverter.java:90)
	at com.github.javaparser.ast.stmt.IfStmt.accept(IfStmt.java:82)
	at de.uka.ilkd.key.java.JP2KeYVisitor.lambda$map$1(JP2KeYConverter.java:402)
	at java.base/java.util.stream.ReferencePipeline$3$1.accept(ReferencePipeline.java:195)
	at java.base/java.util.ArrayList$ArrayListSpliterator.forEachRemaining(ArrayList.java:1655)
	at java.base/java.util.stream.AbstractPipeline.copyInto(AbstractPipeline.java:484)
	at java.base/java.util.stream.AbstractPipeline.wrapAndCopyInto(AbstractPipeline.java:474)
	at java.base/java.util.stream.ReduceOps$ReduceOp.evaluateSequential(ReduceOps.java:913)
	at java.base/java.util.stream.AbstractPipeline.evaluate(AbstractPipeline.java:234)
	at java.base/java.util.stream.ReferencePipeline.collect(ReferencePipeline.java:578)
	at de.uka.ilkd.key.java.JP2KeYVisitor.map(JP2KeYConverter.java:403)
	at de.uka.ilkd.key.java.JP2KeYVisitor.visit(JP2KeYConverter.java:258)
	at de.uka.ilkd.key.java.JP2KeYVisitor.visit(JP2KeYConverter.java:90)
	at com.github.javaparser.ast.stmt.BlockStmt.accept(BlockStmt.java:70)
	at de.uka.ilkd.key.java.JP2KeYVisitor.accept(JP2KeYConverter.java:348)
	at de.uka.ilkd.key.java.JP2KeYVisitor.accepto(JP2KeYConverter.java:418)
	at de.uka.ilkd.key.java.JP2KeYVisitor.visit(JP2KeYConverter.java:688)
	at de.uka.ilkd.key.java.JP2KeYVisitor.visit(JP2KeYConverter.java:90)
	at com.github.javaparser.ast.body.MethodDeclaration.accept(MethodDeclaration.java:98)
	at de.uka.ilkd.key.java.JP2KeYVisitor.lambda$map$1(JP2KeYConverter.java:402)
	at java.base/java.util.stream.ReferencePipeline$3$1.accept(ReferencePipeline.java:195)
	at java.base/java.util.ArrayList$ArrayListSpliterator.forEachRemaining(ArrayList.java:1655)
	at java.base/java.util.stream.AbstractPipeline.copyInto(AbstractPipeline.java:484)
	at java.base/java.util.stream.AbstractPipeline.wrapAndCopyInto(AbstractPipeline.java:474)
	at java.base/java.util.stream.ReduceOps$ReduceOp.evaluateSequential(ReduceOps.java:913)
	at java.base/java.util.stream.AbstractPipeline.evaluate(AbstractPipeline.java:234)
	at java.base/java.util.stream.ReferencePipeline.collect(ReferencePipeline.java:578)
	at de.uka.ilkd.key.java.JP2KeYVisitor.map(JP2KeYConverter.java:403)
	at de.uka.ilkd.key.java.JP2KeYVisitor.visit(JP2KeYConverter.java:310)
	at de.uka.ilkd.key.java.JP2KeYVisitor.visit(JP2KeYConverter.java:90)
	at com.github.javaparser.ast.body.ClassOrInterfaceDeclaration.accept(ClassOrInterfaceDeclaration.java:95)
	at de.uka.ilkd.key.java.JP2KeYVisitor.lambda$map$1(JP2KeYConverter.java:402)
	at java.base/java.util.stream.ReferencePipeline$3$1.accept(ReferencePipeline.java:195)
	at java.base/java.util.ArrayList$ArrayListSpliterator.forEachRemaining(ArrayList.java:1655)
	at java.base/java.util.stream.AbstractPipeline.copyInto(AbstractPipeline.java:484)
	at java.base/java.util.stream.AbstractPipeline.wrapAndCopyInto(AbstractPipeline.java:474)
	at java.base/java.util.stream.ReduceOps$ReduceOp.evaluateSequential(ReduceOps.java:913)
	at java.base/java.util.stream.AbstractPipeline.evaluate(AbstractPipeline.java:234)
	at java.base/java.util.stream.ReferencePipeline.collect(ReferencePipeline.java:578)
	at de.uka.ilkd.key.java.JP2KeYVisitor.map(JP2KeYConverter.java:403)
	at de.uka.ilkd.key.java.JP2KeYVisitor.visit(JP2KeYConverter.java:393)
	at de.uka.ilkd.key.java.JP2KeYVisitor.visit(JP2KeYConverter.java:90)
	at com.github.javaparser.ast.CompilationUnit.accept(CompilationUnit.java:124)
	at de.uka.ilkd.key.java.JP2KeYConverter.process(JP2KeYConverter.java:84)
	at de.uka.ilkd.key.java.JP2KeYConverter.processCompilationUnit(JP2KeYConverter.java:80)
	at de.uka.ilkd.key.java.JavaService.parseLibraryClasses0(JavaService.java:536)
	at de.uka.ilkd.key.java.JavaService.parseSpecialClasses(JavaService.java:511)
	at de.uka.ilkd.key.proof.init.ProblemInitializer.readJava(ProblemInitializer.java:280)
	at de.uka.ilkd.key.proof.init.ProblemInitializer.prepare(ProblemInitializer.java:529)
	at de.uka.ilkd.key.proof.init.ProblemInitializer.prepare(ProblemInitializer.java:471)
	at de.uka.ilkd.key.rule.TacletForTests.parse(TacletForTests.java:80)
	... 90 more
</failure>
  </testcase>
  <testcase name="testProgramVariables()" classname="de.uka.ilkd.key.parser.TestTermParser" time="0.0">
    <failure message="java.lang.RuntimeException: Exception occurred while parsing src\test\resources\testcase\testrules.key" type="java.lang.RuntimeException">java.lang.RuntimeException: Exception occurred while parsing src\test\resources\testcase\testrules.key
	at de.uka.ilkd.key.rule.TacletForTests.parse(TacletForTests.java:89)
	at de.uka.ilkd.key.rule.TacletForTests.parse(TacletForTests.java:125)
	at de.uka.ilkd.key.rule.TacletForTests.parse(TacletForTests.java:129)
	at de.uka.ilkd.key.rule.TacletForTests.services(TacletForTests.java:102)
	at de.uka.ilkd.key.parser.TestTermParser.getServices(TestTermParser.java:42)
	at de.uka.ilkd.key.parser.AbstractTestTermParser.&lt;init&gt;(AbstractTestTermParser.java:35)
	at de.uka.ilkd.key.parser.TestTermParser.&lt;init&gt;(TestTermParser.java:34)
	at java.base/jdk.internal.reflect.NativeConstructorAccessorImpl.newInstance0(Native Method)
	at java.base/jdk.internal.reflect.NativeConstructorAccessorImpl.newInstance(NativeConstructorAccessorImpl.java:62)
	at java.base/jdk.internal.reflect.DelegatingConstructorAccessorImpl.newInstance(DelegatingConstructorAccessorImpl.java:45)
	at java.base/java.lang.reflect.Constructor.newInstance(Constructor.java:490)
	at org.junit.platform.commons.util.ReflectionUtils.newInstance(ReflectionUtils.java:552)
	at org.junit.jupiter.engine.execution.ConstructorInvocation.proceed(ConstructorInvocation.java:56)
	at org.junit.jupiter.engine.execution.InvocationInterceptorChain$ValidatingInvocation.proceed(InvocationInterceptorChain.java:131)
	at org.junit.jupiter.api.extension.InvocationInterceptor.interceptTestClassConstructor(InvocationInterceptor.java:73)
	at org.junit.jupiter.engine.execution.InterceptingExecutableInvoker.lambda$invoke$0(InterceptingExecutableInvoker.java:93)
	at org.junit.jupiter.engine.execution.InvocationInterceptorChain$InterceptedInvocation.proceed(InvocationInterceptorChain.java:106)
	at org.junit.jupiter.engine.execution.InvocationInterceptorChain.proceed(InvocationInterceptorChain.java:64)
	at org.junit.jupiter.engine.execution.InvocationInterceptorChain.chainAndInvoke(InvocationInterceptorChain.java:45)
	at org.junit.jupiter.engine.execution.InvocationInterceptorChain.invoke(InvocationInterceptorChain.java:37)
	at org.junit.jupiter.engine.execution.InterceptingExecutableInvoker.invoke(InterceptingExecutableInvoker.java:92)
	at org.junit.jupiter.engine.execution.InterceptingExecutableInvoker.invoke(InterceptingExecutableInvoker.java:62)
	at org.junit.jupiter.engine.descriptor.ClassBasedTestDescriptor.invokeTestClassConstructor(ClassBasedTestDescriptor.java:363)
	at org.junit.jupiter.engine.descriptor.ClassBasedTestDescriptor.instantiateTestClass(ClassBasedTestDescriptor.java:310)
	at org.junit.jupiter.engine.descriptor.ClassTestDescriptor.instantiateTestClass(ClassTestDescriptor.java:79)
	at org.junit.jupiter.engine.descriptor.ClassBasedTestDescriptor.instantiateAndPostProcessTestInstance(ClassBasedTestDescriptor.java:286)
	at org.junit.jupiter.engine.descriptor.ClassBasedTestDescriptor.lambda$testInstancesProvider$4(ClassBasedTestDescriptor.java:278)
	at java.base/java.util.Optional.orElseGet(Optional.java:369)
	at org.junit.jupiter.engine.descriptor.ClassBasedTestDescriptor.lambda$testInstancesProvider$5(ClassBasedTestDescriptor.java:277)
	at org.junit.jupiter.engine.execution.TestInstancesProvider.getTestInstances(TestInstancesProvider.java:31)
	at org.junit.jupiter.engine.descriptor.TestMethodTestDescriptor.lambda$prepare$0(TestMethodTestDescriptor.java:105)
	at org.junit.platform.engine.support.hierarchical.ThrowableCollector.execute(ThrowableCollector.java:73)
	at org.junit.jupiter.engine.descriptor.TestMethodTestDescriptor.prepare(TestMethodTestDescriptor.java:104)
	at org.junit.jupiter.engine.descriptor.TestMethodTestDescriptor.prepare(TestMethodTestDescriptor.java:68)
	at org.junit.platform.engine.support.hierarchical.NodeTestTask.lambda$prepare$2(NodeTestTask.java:123)
	at org.junit.platform.engine.support.hierarchical.ThrowableCollector.execute(ThrowableCollector.java:73)
	at org.junit.platform.engine.support.hierarchical.NodeTestTask.prepare(NodeTestTask.java:123)
	at org.junit.platform.engine.support.hierarchical.NodeTestTask.execute(NodeTestTask.java:90)
	at java.base/java.util.ArrayList.forEach(ArrayList.java:1541)
	at org.junit.platform.engine.support.hierarchical.SameThreadHierarchicalTestExecutorService.invokeAll(SameThreadHierarchicalTestExecutorService.java:41)
	at org.junit.platform.engine.support.hierarchical.NodeTestTask.lambda$executeRecursively$6(NodeTestTask.java:155)
	at org.junit.platform.engine.support.hierarchical.ThrowableCollector.execute(ThrowableCollector.java:73)
	at org.junit.platform.engine.support.hierarchical.NodeTestTask.lambda$executeRecursively$8(NodeTestTask.java:141)
	at org.junit.platform.engine.support.hierarchical.Node.around(Node.java:137)
	at org.junit.platform.engine.support.hierarchical.NodeTestTask.lambda$executeRecursively$9(NodeTestTask.java:139)
	at org.junit.platform.engine.support.hierarchical.ThrowableCollector.execute(ThrowableCollector.java:73)
	at org.junit.platform.engine.support.hierarchical.NodeTestTask.executeRecursively(NodeTestTask.java:138)
	at org.junit.platform.engine.support.hierarchical.NodeTestTask.execute(NodeTestTask.java:95)
	at java.base/java.util.ArrayList.forEach(ArrayList.java:1541)
	at org.junit.platform.engine.support.hierarchical.SameThreadHierarchicalTestExecutorService.invokeAll(SameThreadHierarchicalTestExecutorService.java:41)
	at org.junit.platform.engine.support.hierarchical.NodeTestTask.lambda$executeRecursively$6(NodeTestTask.java:155)
	at org.junit.platform.engine.support.hierarchical.ThrowableCollector.execute(ThrowableCollector.java:73)
	at org.junit.platform.engine.support.hierarchical.NodeTestTask.lambda$executeRecursively$8(NodeTestTask.java:141)
	at org.junit.platform.engine.support.hierarchical.Node.around(Node.java:137)
	at org.junit.platform.engine.support.hierarchical.NodeTestTask.lambda$executeRecursively$9(NodeTestTask.java:139)
	at org.junit.platform.engine.support.hierarchical.ThrowableCollector.execute(ThrowableCollector.java:73)
	at org.junit.platform.engine.support.hierarchical.NodeTestTask.executeRecursively(NodeTestTask.java:138)
	at org.junit.platform.engine.support.hierarchical.NodeTestTask.execute(NodeTestTask.java:95)
	at org.junit.platform.engine.support.hierarchical.SameThreadHierarchicalTestExecutorService.submit(SameThreadHierarchicalTestExecutorService.java:35)
	at org.junit.platform.engine.support.hierarchical.HierarchicalTestExecutor.execute(HierarchicalTestExecutor.java:57)
	at org.junit.platform.engine.support.hierarchical.HierarchicalTestEngine.execute(HierarchicalTestEngine.java:54)
	at org.junit.platform.launcher.core.EngineExecutionOrchestrator.execute(EngineExecutionOrchestrator.java:107)
	at org.junit.platform.launcher.core.EngineExecutionOrchestrator.execute(EngineExecutionOrchestrator.java:88)
	at org.junit.platform.launcher.core.EngineExecutionOrchestrator.lambda$execute$0(EngineExecutionOrchestrator.java:54)
	at org.junit.platform.launcher.core.EngineExecutionOrchestrator.withInterceptedStreams(EngineExecutionOrchestrator.java:67)
	at org.junit.platform.launcher.core.EngineExecutionOrchestrator.execute(EngineExecutionOrchestrator.java:52)
	at org.junit.platform.launcher.core.DefaultLauncher.execute(DefaultLauncher.java:114)
	at org.junit.platform.launcher.core.DefaultLauncher.execute(DefaultLauncher.java:86)
	at org.junit.platform.launcher.core.DefaultLauncherSession$DelegatingLauncher.execute(DefaultLauncherSession.java:86)
	at org.gradle.api.internal.tasks.testing.junitplatform.JUnitPlatformTestClassProcessor$CollectAllTestClassesExecutor.processAllTestClasses(JUnitPlatformTestClassProcessor.java:110)
	at org.gradle.api.internal.tasks.testing.junitplatform.JUnitPlatformTestClassProcessor$CollectAllTestClassesExecutor.access$000(JUnitPlatformTestClassProcessor.java:90)
	at org.gradle.api.internal.tasks.testing.junitplatform.JUnitPlatformTestClassProcessor.stop(JUnitPlatformTestClassProcessor.java:85)
	at org.gradle.api.internal.tasks.testing.SuiteTestClassProcessor.stop(SuiteTestClassProcessor.java:62)
	at java.base/jdk.internal.reflect.NativeMethodAccessorImpl.invoke0(Native Method)
	at java.base/jdk.internal.reflect.NativeMethodAccessorImpl.invoke(NativeMethodAccessorImpl.java:62)
	at java.base/jdk.internal.reflect.DelegatingMethodAccessorImpl.invoke(DelegatingMethodAccessorImpl.java:43)
	at java.base/java.lang.reflect.Method.invoke(Method.java:566)
	at org.gradle.internal.dispatch.ReflectionDispatch.dispatch(ReflectionDispatch.java:36)
	at org.gradle.internal.dispatch.ReflectionDispatch.dispatch(ReflectionDispatch.java:24)
	at org.gradle.internal.dispatch.ContextClassLoaderDispatch.dispatch(ContextClassLoaderDispatch.java:33)
	at org.gradle.internal.dispatch.ProxyDispatchAdapter$DispatchingInvocationHandler.invoke(ProxyDispatchAdapter.java:94)
	at com.sun.proxy.$Proxy5.stop(Unknown Source)
	at org.gradle.api.internal.tasks.testing.worker.TestWorker$3.run(TestWorker.java:193)
	at org.gradle.api.internal.tasks.testing.worker.TestWorker.executeAndMaintainThreadName(TestWorker.java:129)
	at org.gradle.api.internal.tasks.testing.worker.TestWorker.execute(TestWorker.java:100)
	at org.gradle.api.internal.tasks.testing.worker.TestWorker.execute(TestWorker.java:60)
	at org.gradle.process.internal.worker.child.ActionExecutionWorker.execute(ActionExecutionWorker.java:56)
	at org.gradle.process.internal.worker.child.SystemApplicationClassLoaderWorker.call(SystemApplicationClassLoaderWorker.java:113)
	at org.gradle.process.internal.worker.child.SystemApplicationClassLoaderWorker.call(SystemApplicationClassLoaderWorker.java:65)
	at worker.org.gradle.process.internal.worker.GradleWorkerMain.run(GradleWorkerMain.java:69)
	at worker.org.gradle.process.internal.worker.GradleWorkerMain.main(GradleWorkerMain.java:74)
Caused by: UnsolvedSymbolException{context='arg0', name='Solving arg0', cause='null'}
	at com.github.javaparser.symbolsolver.javaparsermodel.TypeExtractor.visit(TypeExtractor.java:335)
	at com.github.javaparser.symbolsolver.javaparsermodel.TypeExtractor.visit(TypeExtractor.java:65)
	at com.github.javaparser.ast.expr.NameExpr.accept(NameExpr.java:79)
	at com.github.javaparser.symbolsolver.javaparsermodel.JavaParserFacade.getTypeConcrete(JavaParserFacade.java:505)
	at com.github.javaparser.symbolsolver.javaparsermodel.JavaParserFacade.getType(JavaParserFacade.java:352)
	at com.github.javaparser.symbolsolver.javaparsermodel.JavaParserFacade.getType(JavaParserFacade.java:334)
	at com.github.javaparser.symbolsolver.JavaSymbolSolver.calculateType(JavaSymbolSolver.java:294)
	at com.github.javaparser.ast.expr.Expression.calculateResolvedType(Expression.java:573)
	at de.uka.ilkd.key.java.JP2KeYVisitor.visit(JP2KeYConverter.java:707)
	at de.uka.ilkd.key.java.JP2KeYVisitor.visit(JP2KeYConverter.java:90)
	at com.github.javaparser.ast.expr.NameExpr.accept(NameExpr.java:79)
	at de.uka.ilkd.key.java.JP2KeYVisitor.lambda$map$1(JP2KeYConverter.java:402)
	at java.base/java.util.stream.ReferencePipeline$3$1.accept(ReferencePipeline.java:195)
	at java.base/java.util.ArrayList$ArrayListSpliterator.forEachRemaining(ArrayList.java:1655)
	at java.base/java.util.stream.AbstractPipeline.copyInto(AbstractPipeline.java:484)
	at java.base/java.util.stream.AbstractPipeline.wrapAndCopyInto(AbstractPipeline.java:474)
	at java.base/java.util.stream.ReduceOps$ReduceOp.evaluateSequential(ReduceOps.java:913)
	at java.base/java.util.stream.AbstractPipeline.evaluate(AbstractPipeline.java:234)
	at java.base/java.util.stream.ReferencePipeline.collect(ReferencePipeline.java:578)
	at de.uka.ilkd.key.java.JP2KeYVisitor.map(JP2KeYConverter.java:403)
	at de.uka.ilkd.key.java.JP2KeYVisitor.visit(JP2KeYConverter.java:506)
	at de.uka.ilkd.key.java.JP2KeYVisitor.visit(JP2KeYConverter.java:90)
	at com.github.javaparser.ast.stmt.ExplicitConstructorInvocationStmt.accept(ExplicitConstructorInvocationStmt.java:96)
	at de.uka.ilkd.key.java.JP2KeYVisitor.lambda$map$1(JP2KeYConverter.java:402)
	at java.base/java.util.stream.ReferencePipeline$3$1.accept(ReferencePipeline.java:195)
	at java.base/java.util.ArrayList$ArrayListSpliterator.forEachRemaining(ArrayList.java:1655)
	at java.base/java.util.stream.AbstractPipeline.copyInto(AbstractPipeline.java:484)
	at java.base/java.util.stream.AbstractPipeline.wrapAndCopyInto(AbstractPipeline.java:474)
	at java.base/java.util.stream.ReduceOps$ReduceOp.evaluateSequential(ReduceOps.java:913)
	at java.base/java.util.stream.AbstractPipeline.evaluate(AbstractPipeline.java:234)
	at java.base/java.util.stream.ReferencePipeline.collect(ReferencePipeline.java:578)
	at de.uka.ilkd.key.java.JP2KeYVisitor.map(JP2KeYConverter.java:403)
	at de.uka.ilkd.key.java.JP2KeYVisitor.visit(JP2KeYConverter.java:258)
	at de.uka.ilkd.key.java.JP2KeYVisitor.visit(JP2KeYConverter.java:90)
	at com.github.javaparser.ast.stmt.BlockStmt.accept(BlockStmt.java:70)
	at de.uka.ilkd.key.java.JP2KeYVisitor.lambda$map$1(JP2KeYConverter.java:402)
	at java.base/java.util.stream.ReferencePipeline$3$1.accept(ReferencePipeline.java:195)
	at java.base/java.util.ArrayList$ArrayListSpliterator.forEachRemaining(ArrayList.java:1655)
	at java.base/java.util.stream.AbstractPipeline.copyInto(AbstractPipeline.java:484)
	at java.base/java.util.stream.AbstractPipeline.wrapAndCopyInto(AbstractPipeline.java:474)
	at java.base/java.util.stream.ReduceOps$ReduceOp.evaluateSequential(ReduceOps.java:913)
	at java.base/java.util.stream.AbstractPipeline.evaluate(AbstractPipeline.java:234)
	at java.base/java.util.stream.ReferencePipeline.collect(ReferencePipeline.java:578)
	at de.uka.ilkd.key.java.JP2KeYVisitor.map(JP2KeYConverter.java:403)
	at de.uka.ilkd.key.java.JP2KeYVisitor.visit(JP2KeYConverter.java:258)
	at de.uka.ilkd.key.java.JP2KeYVisitor.visit(JP2KeYConverter.java:90)
	at com.github.javaparser.ast.stmt.BlockStmt.accept(BlockStmt.java:70)
	at de.uka.ilkd.key.java.JP2KeYVisitor.accept(JP2KeYConverter.java:348)
	at de.uka.ilkd.key.java.JP2KeYVisitor.visit(JP2KeYConverter.java:946)
	at de.uka.ilkd.key.java.JP2KeYVisitor.visit(JP2KeYConverter.java:90)
	at com.github.javaparser.ast.stmt.TryStmt.accept(TryStmt.java:135)
	at de.uka.ilkd.key.java.JP2KeYVisitor.lambda$map$1(JP2KeYConverter.java:402)
	at java.base/java.util.stream.ReferencePipeline$3$1.accept(ReferencePipeline.java:195)
	at java.base/java.util.ArrayList$ArrayListSpliterator.forEachRemaining(ArrayList.java:1655)
	at java.base/java.util.stream.AbstractPipeline.copyInto(AbstractPipeline.java:484)
	at java.base/java.util.stream.AbstractPipeline.wrapAndCopyInto(AbstractPipeline.java:474)
	at java.base/java.util.stream.ReduceOps$ReduceOp.evaluateSequential(ReduceOps.java:913)
	at java.base/java.util.stream.AbstractPipeline.evaluate(AbstractPipeline.java:234)
	at java.base/java.util.stream.ReferencePipeline.collect(ReferencePipeline.java:578)
	at de.uka.ilkd.key.java.JP2KeYVisitor.map(JP2KeYConverter.java:403)
	at de.uka.ilkd.key.java.JP2KeYVisitor.visit(JP2KeYConverter.java:258)
	at de.uka.ilkd.key.java.JP2KeYVisitor.visit(JP2KeYConverter.java:90)
	at com.github.javaparser.ast.stmt.BlockStmt.accept(BlockStmt.java:70)
	at de.uka.ilkd.key.java.JP2KeYVisitor.accept(JP2KeYConverter.java:348)
	at de.uka.ilkd.key.java.JP2KeYVisitor.visit(JP2KeYConverter.java:609)
	at de.uka.ilkd.key.java.JP2KeYVisitor.visit(JP2KeYConverter.java:90)
	at com.github.javaparser.ast.stmt.IfStmt.accept(IfStmt.java:82)
	at de.uka.ilkd.key.java.JP2KeYVisitor.lambda$map$1(JP2KeYConverter.java:402)
	at java.base/java.util.stream.ReferencePipeline$3$1.accept(ReferencePipeline.java:195)
	at java.base/java.util.ArrayList$ArrayListSpliterator.forEachRemaining(ArrayList.java:1655)
	at java.base/java.util.stream.AbstractPipeline.copyInto(AbstractPipeline.java:484)
	at java.base/java.util.stream.AbstractPipeline.wrapAndCopyInto(AbstractPipeline.java:474)
	at java.base/java.util.stream.ReduceOps$ReduceOp.evaluateSequential(ReduceOps.java:913)
	at java.base/java.util.stream.AbstractPipeline.evaluate(AbstractPipeline.java:234)
	at java.base/java.util.stream.ReferencePipeline.collect(ReferencePipeline.java:578)
	at de.uka.ilkd.key.java.JP2KeYVisitor.map(JP2KeYConverter.java:403)
	at de.uka.ilkd.key.java.JP2KeYVisitor.visit(JP2KeYConverter.java:258)
	at de.uka.ilkd.key.java.JP2KeYVisitor.visit(JP2KeYConverter.java:90)
	at com.github.javaparser.ast.stmt.BlockStmt.accept(BlockStmt.java:70)
	at de.uka.ilkd.key.java.JP2KeYVisitor.accept(JP2KeYConverter.java:348)
	at de.uka.ilkd.key.java.JP2KeYVisitor.visit(JP2KeYConverter.java:609)
	at de.uka.ilkd.key.java.JP2KeYVisitor.visit(JP2KeYConverter.java:90)
	at com.github.javaparser.ast.stmt.IfStmt.accept(IfStmt.java:82)
	at de.uka.ilkd.key.java.JP2KeYVisitor.lambda$map$1(JP2KeYConverter.java:402)
	at java.base/java.util.stream.ReferencePipeline$3$1.accept(ReferencePipeline.java:195)
	at java.base/java.util.ArrayList$ArrayListSpliterator.forEachRemaining(ArrayList.java:1655)
	at java.base/java.util.stream.AbstractPipeline.copyInto(AbstractPipeline.java:484)
	at java.base/java.util.stream.AbstractPipeline.wrapAndCopyInto(AbstractPipeline.java:474)
	at java.base/java.util.stream.ReduceOps$ReduceOp.evaluateSequential(ReduceOps.java:913)
	at java.base/java.util.stream.AbstractPipeline.evaluate(AbstractPipeline.java:234)
	at java.base/java.util.stream.ReferencePipeline.collect(ReferencePipeline.java:578)
	at de.uka.ilkd.key.java.JP2KeYVisitor.map(JP2KeYConverter.java:403)
	at de.uka.ilkd.key.java.JP2KeYVisitor.visit(JP2KeYConverter.java:258)
	at de.uka.ilkd.key.java.JP2KeYVisitor.visit(JP2KeYConverter.java:90)
	at com.github.javaparser.ast.stmt.BlockStmt.accept(BlockStmt.java:70)
	at de.uka.ilkd.key.java.JP2KeYVisitor.accept(JP2KeYConverter.java:348)
	at de.uka.ilkd.key.java.JP2KeYVisitor.accepto(JP2KeYConverter.java:418)
	at de.uka.ilkd.key.java.JP2KeYVisitor.visit(JP2KeYConverter.java:688)
	at de.uka.ilkd.key.java.JP2KeYVisitor.visit(JP2KeYConverter.java:90)
	at com.github.javaparser.ast.body.MethodDeclaration.accept(MethodDeclaration.java:98)
	at de.uka.ilkd.key.java.JP2KeYVisitor.lambda$map$1(JP2KeYConverter.java:402)
	at java.base/java.util.stream.ReferencePipeline$3$1.accept(ReferencePipeline.java:195)
	at java.base/java.util.ArrayList$ArrayListSpliterator.forEachRemaining(ArrayList.java:1655)
	at java.base/java.util.stream.AbstractPipeline.copyInto(AbstractPipeline.java:484)
	at java.base/java.util.stream.AbstractPipeline.wrapAndCopyInto(AbstractPipeline.java:474)
	at java.base/java.util.stream.ReduceOps$ReduceOp.evaluateSequential(ReduceOps.java:913)
	at java.base/java.util.stream.AbstractPipeline.evaluate(AbstractPipeline.java:234)
	at java.base/java.util.stream.ReferencePipeline.collect(ReferencePipeline.java:578)
	at de.uka.ilkd.key.java.JP2KeYVisitor.map(JP2KeYConverter.java:403)
	at de.uka.ilkd.key.java.JP2KeYVisitor.visit(JP2KeYConverter.java:310)
	at de.uka.ilkd.key.java.JP2KeYVisitor.visit(JP2KeYConverter.java:90)
	at com.github.javaparser.ast.body.ClassOrInterfaceDeclaration.accept(ClassOrInterfaceDeclaration.java:95)
	at de.uka.ilkd.key.java.JP2KeYVisitor.lambda$map$1(JP2KeYConverter.java:402)
	at java.base/java.util.stream.ReferencePipeline$3$1.accept(ReferencePipeline.java:195)
	at java.base/java.util.ArrayList$ArrayListSpliterator.forEachRemaining(ArrayList.java:1655)
	at java.base/java.util.stream.AbstractPipeline.copyInto(AbstractPipeline.java:484)
	at java.base/java.util.stream.AbstractPipeline.wrapAndCopyInto(AbstractPipeline.java:474)
	at java.base/java.util.stream.ReduceOps$ReduceOp.evaluateSequential(ReduceOps.java:913)
	at java.base/java.util.stream.AbstractPipeline.evaluate(AbstractPipeline.java:234)
	at java.base/java.util.stream.ReferencePipeline.collect(ReferencePipeline.java:578)
	at de.uka.ilkd.key.java.JP2KeYVisitor.map(JP2KeYConverter.java:403)
	at de.uka.ilkd.key.java.JP2KeYVisitor.visit(JP2KeYConverter.java:393)
	at de.uka.ilkd.key.java.JP2KeYVisitor.visit(JP2KeYConverter.java:90)
	at com.github.javaparser.ast.CompilationUnit.accept(CompilationUnit.java:124)
	at de.uka.ilkd.key.java.JP2KeYConverter.process(JP2KeYConverter.java:84)
	at de.uka.ilkd.key.java.JP2KeYConverter.processCompilationUnit(JP2KeYConverter.java:80)
	at de.uka.ilkd.key.java.JavaService.parseLibraryClasses0(JavaService.java:536)
	at de.uka.ilkd.key.java.JavaService.parseSpecialClasses(JavaService.java:511)
	at de.uka.ilkd.key.proof.init.ProblemInitializer.readJava(ProblemInitializer.java:280)
	at de.uka.ilkd.key.proof.init.ProblemInitializer.prepare(ProblemInitializer.java:529)
	at de.uka.ilkd.key.proof.init.ProblemInitializer.prepare(ProblemInitializer.java:471)
	at de.uka.ilkd.key.rule.TacletForTests.parse(TacletForTests.java:80)
	... 90 more
</failure>
  </testcase>
  <testcase name="testAttributeWithSpecifiedSortOnObject()" classname="de.uka.ilkd.key.parser.TestTermParser" time="0.0">
    <failure message="java.lang.RuntimeException: Exception occurred while parsing src\test\resources\testcase\testrules.key" type="java.lang.RuntimeException">java.lang.RuntimeException: Exception occurred while parsing src\test\resources\testcase\testrules.key
	at de.uka.ilkd.key.rule.TacletForTests.parse(TacletForTests.java:89)
	at de.uka.ilkd.key.rule.TacletForTests.parse(TacletForTests.java:125)
	at de.uka.ilkd.key.rule.TacletForTests.parse(TacletForTests.java:129)
	at de.uka.ilkd.key.rule.TacletForTests.services(TacletForTests.java:102)
	at de.uka.ilkd.key.parser.TestTermParser.getServices(TestTermParser.java:42)
	at de.uka.ilkd.key.parser.AbstractTestTermParser.&lt;init&gt;(AbstractTestTermParser.java:35)
	at de.uka.ilkd.key.parser.TestTermParser.&lt;init&gt;(TestTermParser.java:34)
	at java.base/jdk.internal.reflect.NativeConstructorAccessorImpl.newInstance0(Native Method)
	at java.base/jdk.internal.reflect.NativeConstructorAccessorImpl.newInstance(NativeConstructorAccessorImpl.java:62)
	at java.base/jdk.internal.reflect.DelegatingConstructorAccessorImpl.newInstance(DelegatingConstructorAccessorImpl.java:45)
	at java.base/java.lang.reflect.Constructor.newInstance(Constructor.java:490)
	at org.junit.platform.commons.util.ReflectionUtils.newInstance(ReflectionUtils.java:552)
	at org.junit.jupiter.engine.execution.ConstructorInvocation.proceed(ConstructorInvocation.java:56)
	at org.junit.jupiter.engine.execution.InvocationInterceptorChain$ValidatingInvocation.proceed(InvocationInterceptorChain.java:131)
	at org.junit.jupiter.api.extension.InvocationInterceptor.interceptTestClassConstructor(InvocationInterceptor.java:73)
	at org.junit.jupiter.engine.execution.InterceptingExecutableInvoker.lambda$invoke$0(InterceptingExecutableInvoker.java:93)
	at org.junit.jupiter.engine.execution.InvocationInterceptorChain$InterceptedInvocation.proceed(InvocationInterceptorChain.java:106)
	at org.junit.jupiter.engine.execution.InvocationInterceptorChain.proceed(InvocationInterceptorChain.java:64)
	at org.junit.jupiter.engine.execution.InvocationInterceptorChain.chainAndInvoke(InvocationInterceptorChain.java:45)
	at org.junit.jupiter.engine.execution.InvocationInterceptorChain.invoke(InvocationInterceptorChain.java:37)
	at org.junit.jupiter.engine.execution.InterceptingExecutableInvoker.invoke(InterceptingExecutableInvoker.java:92)
	at org.junit.jupiter.engine.execution.InterceptingExecutableInvoker.invoke(InterceptingExecutableInvoker.java:62)
	at org.junit.jupiter.engine.descriptor.ClassBasedTestDescriptor.invokeTestClassConstructor(ClassBasedTestDescriptor.java:363)
	at org.junit.jupiter.engine.descriptor.ClassBasedTestDescriptor.instantiateTestClass(ClassBasedTestDescriptor.java:310)
	at org.junit.jupiter.engine.descriptor.ClassTestDescriptor.instantiateTestClass(ClassTestDescriptor.java:79)
	at org.junit.jupiter.engine.descriptor.ClassBasedTestDescriptor.instantiateAndPostProcessTestInstance(ClassBasedTestDescriptor.java:286)
	at org.junit.jupiter.engine.descriptor.ClassBasedTestDescriptor.lambda$testInstancesProvider$4(ClassBasedTestDescriptor.java:278)
	at java.base/java.util.Optional.orElseGet(Optional.java:369)
	at org.junit.jupiter.engine.descriptor.ClassBasedTestDescriptor.lambda$testInstancesProvider$5(ClassBasedTestDescriptor.java:277)
	at org.junit.jupiter.engine.execution.TestInstancesProvider.getTestInstances(TestInstancesProvider.java:31)
	at org.junit.jupiter.engine.descriptor.TestMethodTestDescriptor.lambda$prepare$0(TestMethodTestDescriptor.java:105)
	at org.junit.platform.engine.support.hierarchical.ThrowableCollector.execute(ThrowableCollector.java:73)
	at org.junit.jupiter.engine.descriptor.TestMethodTestDescriptor.prepare(TestMethodTestDescriptor.java:104)
	at org.junit.jupiter.engine.descriptor.TestMethodTestDescriptor.prepare(TestMethodTestDescriptor.java:68)
	at org.junit.platform.engine.support.hierarchical.NodeTestTask.lambda$prepare$2(NodeTestTask.java:123)
	at org.junit.platform.engine.support.hierarchical.ThrowableCollector.execute(ThrowableCollector.java:73)
	at org.junit.platform.engine.support.hierarchical.NodeTestTask.prepare(NodeTestTask.java:123)
	at org.junit.platform.engine.support.hierarchical.NodeTestTask.execute(NodeTestTask.java:90)
	at java.base/java.util.ArrayList.forEach(ArrayList.java:1541)
	at org.junit.platform.engine.support.hierarchical.SameThreadHierarchicalTestExecutorService.invokeAll(SameThreadHierarchicalTestExecutorService.java:41)
	at org.junit.platform.engine.support.hierarchical.NodeTestTask.lambda$executeRecursively$6(NodeTestTask.java:155)
	at org.junit.platform.engine.support.hierarchical.ThrowableCollector.execute(ThrowableCollector.java:73)
	at org.junit.platform.engine.support.hierarchical.NodeTestTask.lambda$executeRecursively$8(NodeTestTask.java:141)
	at org.junit.platform.engine.support.hierarchical.Node.around(Node.java:137)
	at org.junit.platform.engine.support.hierarchical.NodeTestTask.lambda$executeRecursively$9(NodeTestTask.java:139)
	at org.junit.platform.engine.support.hierarchical.ThrowableCollector.execute(ThrowableCollector.java:73)
	at org.junit.platform.engine.support.hierarchical.NodeTestTask.executeRecursively(NodeTestTask.java:138)
	at org.junit.platform.engine.support.hierarchical.NodeTestTask.execute(NodeTestTask.java:95)
	at java.base/java.util.ArrayList.forEach(ArrayList.java:1541)
	at org.junit.platform.engine.support.hierarchical.SameThreadHierarchicalTestExecutorService.invokeAll(SameThreadHierarchicalTestExecutorService.java:41)
	at org.junit.platform.engine.support.hierarchical.NodeTestTask.lambda$executeRecursively$6(NodeTestTask.java:155)
	at org.junit.platform.engine.support.hierarchical.ThrowableCollector.execute(ThrowableCollector.java:73)
	at org.junit.platform.engine.support.hierarchical.NodeTestTask.lambda$executeRecursively$8(NodeTestTask.java:141)
	at org.junit.platform.engine.support.hierarchical.Node.around(Node.java:137)
	at org.junit.platform.engine.support.hierarchical.NodeTestTask.lambda$executeRecursively$9(NodeTestTask.java:139)
	at org.junit.platform.engine.support.hierarchical.ThrowableCollector.execute(ThrowableCollector.java:73)
	at org.junit.platform.engine.support.hierarchical.NodeTestTask.executeRecursively(NodeTestTask.java:138)
	at org.junit.platform.engine.support.hierarchical.NodeTestTask.execute(NodeTestTask.java:95)
	at org.junit.platform.engine.support.hierarchical.SameThreadHierarchicalTestExecutorService.submit(SameThreadHierarchicalTestExecutorService.java:35)
	at org.junit.platform.engine.support.hierarchical.HierarchicalTestExecutor.execute(HierarchicalTestExecutor.java:57)
	at org.junit.platform.engine.support.hierarchical.HierarchicalTestEngine.execute(HierarchicalTestEngine.java:54)
	at org.junit.platform.launcher.core.EngineExecutionOrchestrator.execute(EngineExecutionOrchestrator.java:107)
	at org.junit.platform.launcher.core.EngineExecutionOrchestrator.execute(EngineExecutionOrchestrator.java:88)
	at org.junit.platform.launcher.core.EngineExecutionOrchestrator.lambda$execute$0(EngineExecutionOrchestrator.java:54)
	at org.junit.platform.launcher.core.EngineExecutionOrchestrator.withInterceptedStreams(EngineExecutionOrchestrator.java:67)
	at org.junit.platform.launcher.core.EngineExecutionOrchestrator.execute(EngineExecutionOrchestrator.java:52)
	at org.junit.platform.launcher.core.DefaultLauncher.execute(DefaultLauncher.java:114)
	at org.junit.platform.launcher.core.DefaultLauncher.execute(DefaultLauncher.java:86)
	at org.junit.platform.launcher.core.DefaultLauncherSession$DelegatingLauncher.execute(DefaultLauncherSession.java:86)
	at org.gradle.api.internal.tasks.testing.junitplatform.JUnitPlatformTestClassProcessor$CollectAllTestClassesExecutor.processAllTestClasses(JUnitPlatformTestClassProcessor.java:110)
	at org.gradle.api.internal.tasks.testing.junitplatform.JUnitPlatformTestClassProcessor$CollectAllTestClassesExecutor.access$000(JUnitPlatformTestClassProcessor.java:90)
	at org.gradle.api.internal.tasks.testing.junitplatform.JUnitPlatformTestClassProcessor.stop(JUnitPlatformTestClassProcessor.java:85)
	at org.gradle.api.internal.tasks.testing.SuiteTestClassProcessor.stop(SuiteTestClassProcessor.java:62)
	at java.base/jdk.internal.reflect.NativeMethodAccessorImpl.invoke0(Native Method)
	at java.base/jdk.internal.reflect.NativeMethodAccessorImpl.invoke(NativeMethodAccessorImpl.java:62)
	at java.base/jdk.internal.reflect.DelegatingMethodAccessorImpl.invoke(DelegatingMethodAccessorImpl.java:43)
	at java.base/java.lang.reflect.Method.invoke(Method.java:566)
	at org.gradle.internal.dispatch.ReflectionDispatch.dispatch(ReflectionDispatch.java:36)
	at org.gradle.internal.dispatch.ReflectionDispatch.dispatch(ReflectionDispatch.java:24)
	at org.gradle.internal.dispatch.ContextClassLoaderDispatch.dispatch(ContextClassLoaderDispatch.java:33)
	at org.gradle.internal.dispatch.ProxyDispatchAdapter$DispatchingInvocationHandler.invoke(ProxyDispatchAdapter.java:94)
	at com.sun.proxy.$Proxy5.stop(Unknown Source)
	at org.gradle.api.internal.tasks.testing.worker.TestWorker$3.run(TestWorker.java:193)
	at org.gradle.api.internal.tasks.testing.worker.TestWorker.executeAndMaintainThreadName(TestWorker.java:129)
	at org.gradle.api.internal.tasks.testing.worker.TestWorker.execute(TestWorker.java:100)
	at org.gradle.api.internal.tasks.testing.worker.TestWorker.execute(TestWorker.java:60)
	at org.gradle.process.internal.worker.child.ActionExecutionWorker.execute(ActionExecutionWorker.java:56)
	at org.gradle.process.internal.worker.child.SystemApplicationClassLoaderWorker.call(SystemApplicationClassLoaderWorker.java:113)
	at org.gradle.process.internal.worker.child.SystemApplicationClassLoaderWorker.call(SystemApplicationClassLoaderWorker.java:65)
	at worker.org.gradle.process.internal.worker.GradleWorkerMain.run(GradleWorkerMain.java:69)
	at worker.org.gradle.process.internal.worker.GradleWorkerMain.main(GradleWorkerMain.java:74)
Caused by: UnsolvedSymbolException{context='arg0', name='Solving arg0', cause='null'}
	at com.github.javaparser.symbolsolver.javaparsermodel.TypeExtractor.visit(TypeExtractor.java:335)
	at com.github.javaparser.symbolsolver.javaparsermodel.TypeExtractor.visit(TypeExtractor.java:65)
	at com.github.javaparser.ast.expr.NameExpr.accept(NameExpr.java:79)
	at com.github.javaparser.symbolsolver.javaparsermodel.JavaParserFacade.getTypeConcrete(JavaParserFacade.java:505)
	at com.github.javaparser.symbolsolver.javaparsermodel.JavaParserFacade.getType(JavaParserFacade.java:352)
	at com.github.javaparser.symbolsolver.javaparsermodel.JavaParserFacade.getType(JavaParserFacade.java:334)
	at com.github.javaparser.symbolsolver.JavaSymbolSolver.calculateType(JavaSymbolSolver.java:294)
	at com.github.javaparser.ast.expr.Expression.calculateResolvedType(Expression.java:573)
	at de.uka.ilkd.key.java.JP2KeYVisitor.visit(JP2KeYConverter.java:707)
	at de.uka.ilkd.key.java.JP2KeYVisitor.visit(JP2KeYConverter.java:90)
	at com.github.javaparser.ast.expr.NameExpr.accept(NameExpr.java:79)
	at de.uka.ilkd.key.java.JP2KeYVisitor.lambda$map$1(JP2KeYConverter.java:402)
	at java.base/java.util.stream.ReferencePipeline$3$1.accept(ReferencePipeline.java:195)
	at java.base/java.util.ArrayList$ArrayListSpliterator.forEachRemaining(ArrayList.java:1655)
	at java.base/java.util.stream.AbstractPipeline.copyInto(AbstractPipeline.java:484)
	at java.base/java.util.stream.AbstractPipeline.wrapAndCopyInto(AbstractPipeline.java:474)
	at java.base/java.util.stream.ReduceOps$ReduceOp.evaluateSequential(ReduceOps.java:913)
	at java.base/java.util.stream.AbstractPipeline.evaluate(AbstractPipeline.java:234)
	at java.base/java.util.stream.ReferencePipeline.collect(ReferencePipeline.java:578)
	at de.uka.ilkd.key.java.JP2KeYVisitor.map(JP2KeYConverter.java:403)
	at de.uka.ilkd.key.java.JP2KeYVisitor.visit(JP2KeYConverter.java:506)
	at de.uka.ilkd.key.java.JP2KeYVisitor.visit(JP2KeYConverter.java:90)
	at com.github.javaparser.ast.stmt.ExplicitConstructorInvocationStmt.accept(ExplicitConstructorInvocationStmt.java:96)
	at de.uka.ilkd.key.java.JP2KeYVisitor.lambda$map$1(JP2KeYConverter.java:402)
	at java.base/java.util.stream.ReferencePipeline$3$1.accept(ReferencePipeline.java:195)
	at java.base/java.util.ArrayList$ArrayListSpliterator.forEachRemaining(ArrayList.java:1655)
	at java.base/java.util.stream.AbstractPipeline.copyInto(AbstractPipeline.java:484)
	at java.base/java.util.stream.AbstractPipeline.wrapAndCopyInto(AbstractPipeline.java:474)
	at java.base/java.util.stream.ReduceOps$ReduceOp.evaluateSequential(ReduceOps.java:913)
	at java.base/java.util.stream.AbstractPipeline.evaluate(AbstractPipeline.java:234)
	at java.base/java.util.stream.ReferencePipeline.collect(ReferencePipeline.java:578)
	at de.uka.ilkd.key.java.JP2KeYVisitor.map(JP2KeYConverter.java:403)
	at de.uka.ilkd.key.java.JP2KeYVisitor.visit(JP2KeYConverter.java:258)
	at de.uka.ilkd.key.java.JP2KeYVisitor.visit(JP2KeYConverter.java:90)
	at com.github.javaparser.ast.stmt.BlockStmt.accept(BlockStmt.java:70)
	at de.uka.ilkd.key.java.JP2KeYVisitor.lambda$map$1(JP2KeYConverter.java:402)
	at java.base/java.util.stream.ReferencePipeline$3$1.accept(ReferencePipeline.java:195)
	at java.base/java.util.ArrayList$ArrayListSpliterator.forEachRemaining(ArrayList.java:1655)
	at java.base/java.util.stream.AbstractPipeline.copyInto(AbstractPipeline.java:484)
	at java.base/java.util.stream.AbstractPipeline.wrapAndCopyInto(AbstractPipeline.java:474)
	at java.base/java.util.stream.ReduceOps$ReduceOp.evaluateSequential(ReduceOps.java:913)
	at java.base/java.util.stream.AbstractPipeline.evaluate(AbstractPipeline.java:234)
	at java.base/java.util.stream.ReferencePipeline.collect(ReferencePipeline.java:578)
	at de.uka.ilkd.key.java.JP2KeYVisitor.map(JP2KeYConverter.java:403)
	at de.uka.ilkd.key.java.JP2KeYVisitor.visit(JP2KeYConverter.java:258)
	at de.uka.ilkd.key.java.JP2KeYVisitor.visit(JP2KeYConverter.java:90)
	at com.github.javaparser.ast.stmt.BlockStmt.accept(BlockStmt.java:70)
	at de.uka.ilkd.key.java.JP2KeYVisitor.accept(JP2KeYConverter.java:348)
	at de.uka.ilkd.key.java.JP2KeYVisitor.visit(JP2KeYConverter.java:946)
	at de.uka.ilkd.key.java.JP2KeYVisitor.visit(JP2KeYConverter.java:90)
	at com.github.javaparser.ast.stmt.TryStmt.accept(TryStmt.java:135)
	at de.uka.ilkd.key.java.JP2KeYVisitor.lambda$map$1(JP2KeYConverter.java:402)
	at java.base/java.util.stream.ReferencePipeline$3$1.accept(ReferencePipeline.java:195)
	at java.base/java.util.ArrayList$ArrayListSpliterator.forEachRemaining(ArrayList.java:1655)
	at java.base/java.util.stream.AbstractPipeline.copyInto(AbstractPipeline.java:484)
	at java.base/java.util.stream.AbstractPipeline.wrapAndCopyInto(AbstractPipeline.java:474)
	at java.base/java.util.stream.ReduceOps$ReduceOp.evaluateSequential(ReduceOps.java:913)
	at java.base/java.util.stream.AbstractPipeline.evaluate(AbstractPipeline.java:234)
	at java.base/java.util.stream.ReferencePipeline.collect(ReferencePipeline.java:578)
	at de.uka.ilkd.key.java.JP2KeYVisitor.map(JP2KeYConverter.java:403)
	at de.uka.ilkd.key.java.JP2KeYVisitor.visit(JP2KeYConverter.java:258)
	at de.uka.ilkd.key.java.JP2KeYVisitor.visit(JP2KeYConverter.java:90)
	at com.github.javaparser.ast.stmt.BlockStmt.accept(BlockStmt.java:70)
	at de.uka.ilkd.key.java.JP2KeYVisitor.accept(JP2KeYConverter.java:348)
	at de.uka.ilkd.key.java.JP2KeYVisitor.visit(JP2KeYConverter.java:609)
	at de.uka.ilkd.key.java.JP2KeYVisitor.visit(JP2KeYConverter.java:90)
	at com.github.javaparser.ast.stmt.IfStmt.accept(IfStmt.java:82)
	at de.uka.ilkd.key.java.JP2KeYVisitor.lambda$map$1(JP2KeYConverter.java:402)
	at java.base/java.util.stream.ReferencePipeline$3$1.accept(ReferencePipeline.java:195)
	at java.base/java.util.ArrayList$ArrayListSpliterator.forEachRemaining(ArrayList.java:1655)
	at java.base/java.util.stream.AbstractPipeline.copyInto(AbstractPipeline.java:484)
	at java.base/java.util.stream.AbstractPipeline.wrapAndCopyInto(AbstractPipeline.java:474)
	at java.base/java.util.stream.ReduceOps$ReduceOp.evaluateSequential(ReduceOps.java:913)
	at java.base/java.util.stream.AbstractPipeline.evaluate(AbstractPipeline.java:234)
	at java.base/java.util.stream.ReferencePipeline.collect(ReferencePipeline.java:578)
	at de.uka.ilkd.key.java.JP2KeYVisitor.map(JP2KeYConverter.java:403)
	at de.uka.ilkd.key.java.JP2KeYVisitor.visit(JP2KeYConverter.java:258)
	at de.uka.ilkd.key.java.JP2KeYVisitor.visit(JP2KeYConverter.java:90)
	at com.github.javaparser.ast.stmt.BlockStmt.accept(BlockStmt.java:70)
	at de.uka.ilkd.key.java.JP2KeYVisitor.accept(JP2KeYConverter.java:348)
	at de.uka.ilkd.key.java.JP2KeYVisitor.visit(JP2KeYConverter.java:609)
	at de.uka.ilkd.key.java.JP2KeYVisitor.visit(JP2KeYConverter.java:90)
	at com.github.javaparser.ast.stmt.IfStmt.accept(IfStmt.java:82)
	at de.uka.ilkd.key.java.JP2KeYVisitor.lambda$map$1(JP2KeYConverter.java:402)
	at java.base/java.util.stream.ReferencePipeline$3$1.accept(ReferencePipeline.java:195)
	at java.base/java.util.ArrayList$ArrayListSpliterator.forEachRemaining(ArrayList.java:1655)
	at java.base/java.util.stream.AbstractPipeline.copyInto(AbstractPipeline.java:484)
	at java.base/java.util.stream.AbstractPipeline.wrapAndCopyInto(AbstractPipeline.java:474)
	at java.base/java.util.stream.ReduceOps$ReduceOp.evaluateSequential(ReduceOps.java:913)
	at java.base/java.util.stream.AbstractPipeline.evaluate(AbstractPipeline.java:234)
	at java.base/java.util.stream.ReferencePipeline.collect(ReferencePipeline.java:578)
	at de.uka.ilkd.key.java.JP2KeYVisitor.map(JP2KeYConverter.java:403)
	at de.uka.ilkd.key.java.JP2KeYVisitor.visit(JP2KeYConverter.java:258)
	at de.uka.ilkd.key.java.JP2KeYVisitor.visit(JP2KeYConverter.java:90)
	at com.github.javaparser.ast.stmt.BlockStmt.accept(BlockStmt.java:70)
	at de.uka.ilkd.key.java.JP2KeYVisitor.accept(JP2KeYConverter.java:348)
	at de.uka.ilkd.key.java.JP2KeYVisitor.accepto(JP2KeYConverter.java:418)
	at de.uka.ilkd.key.java.JP2KeYVisitor.visit(JP2KeYConverter.java:688)
	at de.uka.ilkd.key.java.JP2KeYVisitor.visit(JP2KeYConverter.java:90)
	at com.github.javaparser.ast.body.MethodDeclaration.accept(MethodDeclaration.java:98)
	at de.uka.ilkd.key.java.JP2KeYVisitor.lambda$map$1(JP2KeYConverter.java:402)
	at java.base/java.util.stream.ReferencePipeline$3$1.accept(ReferencePipeline.java:195)
	at java.base/java.util.ArrayList$ArrayListSpliterator.forEachRemaining(ArrayList.java:1655)
	at java.base/java.util.stream.AbstractPipeline.copyInto(AbstractPipeline.java:484)
	at java.base/java.util.stream.AbstractPipeline.wrapAndCopyInto(AbstractPipeline.java:474)
	at java.base/java.util.stream.ReduceOps$ReduceOp.evaluateSequential(ReduceOps.java:913)
	at java.base/java.util.stream.AbstractPipeline.evaluate(AbstractPipeline.java:234)
	at java.base/java.util.stream.ReferencePipeline.collect(ReferencePipeline.java:578)
	at de.uka.ilkd.key.java.JP2KeYVisitor.map(JP2KeYConverter.java:403)
	at de.uka.ilkd.key.java.JP2KeYVisitor.visit(JP2KeYConverter.java:310)
	at de.uka.ilkd.key.java.JP2KeYVisitor.visit(JP2KeYConverter.java:90)
	at com.github.javaparser.ast.body.ClassOrInterfaceDeclaration.accept(ClassOrInterfaceDeclaration.java:95)
	at de.uka.ilkd.key.java.JP2KeYVisitor.lambda$map$1(JP2KeYConverter.java:402)
	at java.base/java.util.stream.ReferencePipeline$3$1.accept(ReferencePipeline.java:195)
	at java.base/java.util.ArrayList$ArrayListSpliterator.forEachRemaining(ArrayList.java:1655)
	at java.base/java.util.stream.AbstractPipeline.copyInto(AbstractPipeline.java:484)
	at java.base/java.util.stream.AbstractPipeline.wrapAndCopyInto(AbstractPipeline.java:474)
	at java.base/java.util.stream.ReduceOps$ReduceOp.evaluateSequential(ReduceOps.java:913)
	at java.base/java.util.stream.AbstractPipeline.evaluate(AbstractPipeline.java:234)
	at java.base/java.util.stream.ReferencePipeline.collect(ReferencePipeline.java:578)
	at de.uka.ilkd.key.java.JP2KeYVisitor.map(JP2KeYConverter.java:403)
	at de.uka.ilkd.key.java.JP2KeYVisitor.visit(JP2KeYConverter.java:393)
	at de.uka.ilkd.key.java.JP2KeYVisitor.visit(JP2KeYConverter.java:90)
	at com.github.javaparser.ast.CompilationUnit.accept(CompilationUnit.java:124)
	at de.uka.ilkd.key.java.JP2KeYConverter.process(JP2KeYConverter.java:84)
	at de.uka.ilkd.key.java.JP2KeYConverter.processCompilationUnit(JP2KeYConverter.java:80)
	at de.uka.ilkd.key.java.JavaService.parseLibraryClasses0(JavaService.java:536)
	at de.uka.ilkd.key.java.JavaService.parseSpecialClasses(JavaService.java:511)
	at de.uka.ilkd.key.proof.init.ProblemInitializer.readJava(ProblemInitializer.java:280)
	at de.uka.ilkd.key.proof.init.ProblemInitializer.prepare(ProblemInitializer.java:529)
	at de.uka.ilkd.key.proof.init.ProblemInitializer.prepare(ProblemInitializer.java:471)
	at de.uka.ilkd.key.rule.TacletForTests.parse(TacletForTests.java:80)
	... 90 more
</failure>
  </testcase>
  <testcase name="testCast()" classname="de.uka.ilkd.key.parser.TestTermParser" time="0.001">
    <failure message="java.lang.RuntimeException: Exception occurred while parsing src\test\resources\testcase\testrules.key" type="java.lang.RuntimeException">java.lang.RuntimeException: Exception occurred while parsing src\test\resources\testcase\testrules.key
	at de.uka.ilkd.key.rule.TacletForTests.parse(TacletForTests.java:89)
	at de.uka.ilkd.key.rule.TacletForTests.parse(TacletForTests.java:125)
	at de.uka.ilkd.key.rule.TacletForTests.parse(TacletForTests.java:129)
	at de.uka.ilkd.key.rule.TacletForTests.services(TacletForTests.java:102)
	at de.uka.ilkd.key.parser.TestTermParser.getServices(TestTermParser.java:42)
	at de.uka.ilkd.key.parser.AbstractTestTermParser.&lt;init&gt;(AbstractTestTermParser.java:35)
	at de.uka.ilkd.key.parser.TestTermParser.&lt;init&gt;(TestTermParser.java:34)
	at java.base/jdk.internal.reflect.NativeConstructorAccessorImpl.newInstance0(Native Method)
	at java.base/jdk.internal.reflect.NativeConstructorAccessorImpl.newInstance(NativeConstructorAccessorImpl.java:62)
	at java.base/jdk.internal.reflect.DelegatingConstructorAccessorImpl.newInstance(DelegatingConstructorAccessorImpl.java:45)
	at java.base/java.lang.reflect.Constructor.newInstance(Constructor.java:490)
	at org.junit.platform.commons.util.ReflectionUtils.newInstance(ReflectionUtils.java:552)
	at org.junit.jupiter.engine.execution.ConstructorInvocation.proceed(ConstructorInvocation.java:56)
	at org.junit.jupiter.engine.execution.InvocationInterceptorChain$ValidatingInvocation.proceed(InvocationInterceptorChain.java:131)
	at org.junit.jupiter.api.extension.InvocationInterceptor.interceptTestClassConstructor(InvocationInterceptor.java:73)
	at org.junit.jupiter.engine.execution.InterceptingExecutableInvoker.lambda$invoke$0(InterceptingExecutableInvoker.java:93)
	at org.junit.jupiter.engine.execution.InvocationInterceptorChain$InterceptedInvocation.proceed(InvocationInterceptorChain.java:106)
	at org.junit.jupiter.engine.execution.InvocationInterceptorChain.proceed(InvocationInterceptorChain.java:64)
	at org.junit.jupiter.engine.execution.InvocationInterceptorChain.chainAndInvoke(InvocationInterceptorChain.java:45)
	at org.junit.jupiter.engine.execution.InvocationInterceptorChain.invoke(InvocationInterceptorChain.java:37)
	at org.junit.jupiter.engine.execution.InterceptingExecutableInvoker.invoke(InterceptingExecutableInvoker.java:92)
	at org.junit.jupiter.engine.execution.InterceptingExecutableInvoker.invoke(InterceptingExecutableInvoker.java:62)
	at org.junit.jupiter.engine.descriptor.ClassBasedTestDescriptor.invokeTestClassConstructor(ClassBasedTestDescriptor.java:363)
	at org.junit.jupiter.engine.descriptor.ClassBasedTestDescriptor.instantiateTestClass(ClassBasedTestDescriptor.java:310)
	at org.junit.jupiter.engine.descriptor.ClassTestDescriptor.instantiateTestClass(ClassTestDescriptor.java:79)
	at org.junit.jupiter.engine.descriptor.ClassBasedTestDescriptor.instantiateAndPostProcessTestInstance(ClassBasedTestDescriptor.java:286)
	at org.junit.jupiter.engine.descriptor.ClassBasedTestDescriptor.lambda$testInstancesProvider$4(ClassBasedTestDescriptor.java:278)
	at java.base/java.util.Optional.orElseGet(Optional.java:369)
	at org.junit.jupiter.engine.descriptor.ClassBasedTestDescriptor.lambda$testInstancesProvider$5(ClassBasedTestDescriptor.java:277)
	at org.junit.jupiter.engine.execution.TestInstancesProvider.getTestInstances(TestInstancesProvider.java:31)
	at org.junit.jupiter.engine.descriptor.TestMethodTestDescriptor.lambda$prepare$0(TestMethodTestDescriptor.java:105)
	at org.junit.platform.engine.support.hierarchical.ThrowableCollector.execute(ThrowableCollector.java:73)
	at org.junit.jupiter.engine.descriptor.TestMethodTestDescriptor.prepare(TestMethodTestDescriptor.java:104)
	at org.junit.jupiter.engine.descriptor.TestMethodTestDescriptor.prepare(TestMethodTestDescriptor.java:68)
	at org.junit.platform.engine.support.hierarchical.NodeTestTask.lambda$prepare$2(NodeTestTask.java:123)
	at org.junit.platform.engine.support.hierarchical.ThrowableCollector.execute(ThrowableCollector.java:73)
	at org.junit.platform.engine.support.hierarchical.NodeTestTask.prepare(NodeTestTask.java:123)
	at org.junit.platform.engine.support.hierarchical.NodeTestTask.execute(NodeTestTask.java:90)
	at java.base/java.util.ArrayList.forEach(ArrayList.java:1541)
	at org.junit.platform.engine.support.hierarchical.SameThreadHierarchicalTestExecutorService.invokeAll(SameThreadHierarchicalTestExecutorService.java:41)
	at org.junit.platform.engine.support.hierarchical.NodeTestTask.lambda$executeRecursively$6(NodeTestTask.java:155)
	at org.junit.platform.engine.support.hierarchical.ThrowableCollector.execute(ThrowableCollector.java:73)
	at org.junit.platform.engine.support.hierarchical.NodeTestTask.lambda$executeRecursively$8(NodeTestTask.java:141)
	at org.junit.platform.engine.support.hierarchical.Node.around(Node.java:137)
	at org.junit.platform.engine.support.hierarchical.NodeTestTask.lambda$executeRecursively$9(NodeTestTask.java:139)
	at org.junit.platform.engine.support.hierarchical.ThrowableCollector.execute(ThrowableCollector.java:73)
	at org.junit.platform.engine.support.hierarchical.NodeTestTask.executeRecursively(NodeTestTask.java:138)
	at org.junit.platform.engine.support.hierarchical.NodeTestTask.execute(NodeTestTask.java:95)
	at java.base/java.util.ArrayList.forEach(ArrayList.java:1541)
	at org.junit.platform.engine.support.hierarchical.SameThreadHierarchicalTestExecutorService.invokeAll(SameThreadHierarchicalTestExecutorService.java:41)
	at org.junit.platform.engine.support.hierarchical.NodeTestTask.lambda$executeRecursively$6(NodeTestTask.java:155)
	at org.junit.platform.engine.support.hierarchical.ThrowableCollector.execute(ThrowableCollector.java:73)
	at org.junit.platform.engine.support.hierarchical.NodeTestTask.lambda$executeRecursively$8(NodeTestTask.java:141)
	at org.junit.platform.engine.support.hierarchical.Node.around(Node.java:137)
	at org.junit.platform.engine.support.hierarchical.NodeTestTask.lambda$executeRecursively$9(NodeTestTask.java:139)
	at org.junit.platform.engine.support.hierarchical.ThrowableCollector.execute(ThrowableCollector.java:73)
	at org.junit.platform.engine.support.hierarchical.NodeTestTask.executeRecursively(NodeTestTask.java:138)
	at org.junit.platform.engine.support.hierarchical.NodeTestTask.execute(NodeTestTask.java:95)
	at org.junit.platform.engine.support.hierarchical.SameThreadHierarchicalTestExecutorService.submit(SameThreadHierarchicalTestExecutorService.java:35)
	at org.junit.platform.engine.support.hierarchical.HierarchicalTestExecutor.execute(HierarchicalTestExecutor.java:57)
	at org.junit.platform.engine.support.hierarchical.HierarchicalTestEngine.execute(HierarchicalTestEngine.java:54)
	at org.junit.platform.launcher.core.EngineExecutionOrchestrator.execute(EngineExecutionOrchestrator.java:107)
	at org.junit.platform.launcher.core.EngineExecutionOrchestrator.execute(EngineExecutionOrchestrator.java:88)
	at org.junit.platform.launcher.core.EngineExecutionOrchestrator.lambda$execute$0(EngineExecutionOrchestrator.java:54)
	at org.junit.platform.launcher.core.EngineExecutionOrchestrator.withInterceptedStreams(EngineExecutionOrchestrator.java:67)
	at org.junit.platform.launcher.core.EngineExecutionOrchestrator.execute(EngineExecutionOrchestrator.java:52)
	at org.junit.platform.launcher.core.DefaultLauncher.execute(DefaultLauncher.java:114)
	at org.junit.platform.launcher.core.DefaultLauncher.execute(DefaultLauncher.java:86)
	at org.junit.platform.launcher.core.DefaultLauncherSession$DelegatingLauncher.execute(DefaultLauncherSession.java:86)
	at org.gradle.api.internal.tasks.testing.junitplatform.JUnitPlatformTestClassProcessor$CollectAllTestClassesExecutor.processAllTestClasses(JUnitPlatformTestClassProcessor.java:110)
	at org.gradle.api.internal.tasks.testing.junitplatform.JUnitPlatformTestClassProcessor$CollectAllTestClassesExecutor.access$000(JUnitPlatformTestClassProcessor.java:90)
	at org.gradle.api.internal.tasks.testing.junitplatform.JUnitPlatformTestClassProcessor.stop(JUnitPlatformTestClassProcessor.java:85)
	at org.gradle.api.internal.tasks.testing.SuiteTestClassProcessor.stop(SuiteTestClassProcessor.java:62)
	at java.base/jdk.internal.reflect.NativeMethodAccessorImpl.invoke0(Native Method)
	at java.base/jdk.internal.reflect.NativeMethodAccessorImpl.invoke(NativeMethodAccessorImpl.java:62)
	at java.base/jdk.internal.reflect.DelegatingMethodAccessorImpl.invoke(DelegatingMethodAccessorImpl.java:43)
	at java.base/java.lang.reflect.Method.invoke(Method.java:566)
	at org.gradle.internal.dispatch.ReflectionDispatch.dispatch(ReflectionDispatch.java:36)
	at org.gradle.internal.dispatch.ReflectionDispatch.dispatch(ReflectionDispatch.java:24)
	at org.gradle.internal.dispatch.ContextClassLoaderDispatch.dispatch(ContextClassLoaderDispatch.java:33)
	at org.gradle.internal.dispatch.ProxyDispatchAdapter$DispatchingInvocationHandler.invoke(ProxyDispatchAdapter.java:94)
	at com.sun.proxy.$Proxy5.stop(Unknown Source)
	at org.gradle.api.internal.tasks.testing.worker.TestWorker$3.run(TestWorker.java:193)
	at org.gradle.api.internal.tasks.testing.worker.TestWorker.executeAndMaintainThreadName(TestWorker.java:129)
	at org.gradle.api.internal.tasks.testing.worker.TestWorker.execute(TestWorker.java:100)
	at org.gradle.api.internal.tasks.testing.worker.TestWorker.execute(TestWorker.java:60)
	at org.gradle.process.internal.worker.child.ActionExecutionWorker.execute(ActionExecutionWorker.java:56)
	at org.gradle.process.internal.worker.child.SystemApplicationClassLoaderWorker.call(SystemApplicationClassLoaderWorker.java:113)
	at org.gradle.process.internal.worker.child.SystemApplicationClassLoaderWorker.call(SystemApplicationClassLoaderWorker.java:65)
	at worker.org.gradle.process.internal.worker.GradleWorkerMain.run(GradleWorkerMain.java:69)
	at worker.org.gradle.process.internal.worker.GradleWorkerMain.main(GradleWorkerMain.java:74)
Caused by: UnsolvedSymbolException{context='arg0', name='Solving arg0', cause='null'}
	at com.github.javaparser.symbolsolver.javaparsermodel.TypeExtractor.visit(TypeExtractor.java:335)
	at com.github.javaparser.symbolsolver.javaparsermodel.TypeExtractor.visit(TypeExtractor.java:65)
	at com.github.javaparser.ast.expr.NameExpr.accept(NameExpr.java:79)
	at com.github.javaparser.symbolsolver.javaparsermodel.JavaParserFacade.getTypeConcrete(JavaParserFacade.java:505)
	at com.github.javaparser.symbolsolver.javaparsermodel.JavaParserFacade.getType(JavaParserFacade.java:352)
	at com.github.javaparser.symbolsolver.javaparsermodel.JavaParserFacade.getType(JavaParserFacade.java:334)
	at com.github.javaparser.symbolsolver.JavaSymbolSolver.calculateType(JavaSymbolSolver.java:294)
	at com.github.javaparser.ast.expr.Expression.calculateResolvedType(Expression.java:573)
	at de.uka.ilkd.key.java.JP2KeYVisitor.visit(JP2KeYConverter.java:707)
	at de.uka.ilkd.key.java.JP2KeYVisitor.visit(JP2KeYConverter.java:90)
	at com.github.javaparser.ast.expr.NameExpr.accept(NameExpr.java:79)
	at de.uka.ilkd.key.java.JP2KeYVisitor.lambda$map$1(JP2KeYConverter.java:402)
	at java.base/java.util.stream.ReferencePipeline$3$1.accept(ReferencePipeline.java:195)
	at java.base/java.util.ArrayList$ArrayListSpliterator.forEachRemaining(ArrayList.java:1655)
	at java.base/java.util.stream.AbstractPipeline.copyInto(AbstractPipeline.java:484)
	at java.base/java.util.stream.AbstractPipeline.wrapAndCopyInto(AbstractPipeline.java:474)
	at java.base/java.util.stream.ReduceOps$ReduceOp.evaluateSequential(ReduceOps.java:913)
	at java.base/java.util.stream.AbstractPipeline.evaluate(AbstractPipeline.java:234)
	at java.base/java.util.stream.ReferencePipeline.collect(ReferencePipeline.java:578)
	at de.uka.ilkd.key.java.JP2KeYVisitor.map(JP2KeYConverter.java:403)
	at de.uka.ilkd.key.java.JP2KeYVisitor.visit(JP2KeYConverter.java:506)
	at de.uka.ilkd.key.java.JP2KeYVisitor.visit(JP2KeYConverter.java:90)
	at com.github.javaparser.ast.stmt.ExplicitConstructorInvocationStmt.accept(ExplicitConstructorInvocationStmt.java:96)
	at de.uka.ilkd.key.java.JP2KeYVisitor.lambda$map$1(JP2KeYConverter.java:402)
	at java.base/java.util.stream.ReferencePipeline$3$1.accept(ReferencePipeline.java:195)
	at java.base/java.util.ArrayList$ArrayListSpliterator.forEachRemaining(ArrayList.java:1655)
	at java.base/java.util.stream.AbstractPipeline.copyInto(AbstractPipeline.java:484)
	at java.base/java.util.stream.AbstractPipeline.wrapAndCopyInto(AbstractPipeline.java:474)
	at java.base/java.util.stream.ReduceOps$ReduceOp.evaluateSequential(ReduceOps.java:913)
	at java.base/java.util.stream.AbstractPipeline.evaluate(AbstractPipeline.java:234)
	at java.base/java.util.stream.ReferencePipeline.collect(ReferencePipeline.java:578)
	at de.uka.ilkd.key.java.JP2KeYVisitor.map(JP2KeYConverter.java:403)
	at de.uka.ilkd.key.java.JP2KeYVisitor.visit(JP2KeYConverter.java:258)
	at de.uka.ilkd.key.java.JP2KeYVisitor.visit(JP2KeYConverter.java:90)
	at com.github.javaparser.ast.stmt.BlockStmt.accept(BlockStmt.java:70)
	at de.uka.ilkd.key.java.JP2KeYVisitor.lambda$map$1(JP2KeYConverter.java:402)
	at java.base/java.util.stream.ReferencePipeline$3$1.accept(ReferencePipeline.java:195)
	at java.base/java.util.ArrayList$ArrayListSpliterator.forEachRemaining(ArrayList.java:1655)
	at java.base/java.util.stream.AbstractPipeline.copyInto(AbstractPipeline.java:484)
	at java.base/java.util.stream.AbstractPipeline.wrapAndCopyInto(AbstractPipeline.java:474)
	at java.base/java.util.stream.ReduceOps$ReduceOp.evaluateSequential(ReduceOps.java:913)
	at java.base/java.util.stream.AbstractPipeline.evaluate(AbstractPipeline.java:234)
	at java.base/java.util.stream.ReferencePipeline.collect(ReferencePipeline.java:578)
	at de.uka.ilkd.key.java.JP2KeYVisitor.map(JP2KeYConverter.java:403)
	at de.uka.ilkd.key.java.JP2KeYVisitor.visit(JP2KeYConverter.java:258)
	at de.uka.ilkd.key.java.JP2KeYVisitor.visit(JP2KeYConverter.java:90)
	at com.github.javaparser.ast.stmt.BlockStmt.accept(BlockStmt.java:70)
	at de.uka.ilkd.key.java.JP2KeYVisitor.accept(JP2KeYConverter.java:348)
	at de.uka.ilkd.key.java.JP2KeYVisitor.visit(JP2KeYConverter.java:946)
	at de.uka.ilkd.key.java.JP2KeYVisitor.visit(JP2KeYConverter.java:90)
	at com.github.javaparser.ast.stmt.TryStmt.accept(TryStmt.java:135)
	at de.uka.ilkd.key.java.JP2KeYVisitor.lambda$map$1(JP2KeYConverter.java:402)
	at java.base/java.util.stream.ReferencePipeline$3$1.accept(ReferencePipeline.java:195)
	at java.base/java.util.ArrayList$ArrayListSpliterator.forEachRemaining(ArrayList.java:1655)
	at java.base/java.util.stream.AbstractPipeline.copyInto(AbstractPipeline.java:484)
	at java.base/java.util.stream.AbstractPipeline.wrapAndCopyInto(AbstractPipeline.java:474)
	at java.base/java.util.stream.ReduceOps$ReduceOp.evaluateSequential(ReduceOps.java:913)
	at java.base/java.util.stream.AbstractPipeline.evaluate(AbstractPipeline.java:234)
	at java.base/java.util.stream.ReferencePipeline.collect(ReferencePipeline.java:578)
	at de.uka.ilkd.key.java.JP2KeYVisitor.map(JP2KeYConverter.java:403)
	at de.uka.ilkd.key.java.JP2KeYVisitor.visit(JP2KeYConverter.java:258)
	at de.uka.ilkd.key.java.JP2KeYVisitor.visit(JP2KeYConverter.java:90)
	at com.github.javaparser.ast.stmt.BlockStmt.accept(BlockStmt.java:70)
	at de.uka.ilkd.key.java.JP2KeYVisitor.accept(JP2KeYConverter.java:348)
	at de.uka.ilkd.key.java.JP2KeYVisitor.visit(JP2KeYConverter.java:609)
	at de.uka.ilkd.key.java.JP2KeYVisitor.visit(JP2KeYConverter.java:90)
	at com.github.javaparser.ast.stmt.IfStmt.accept(IfStmt.java:82)
	at de.uka.ilkd.key.java.JP2KeYVisitor.lambda$map$1(JP2KeYConverter.java:402)
	at java.base/java.util.stream.ReferencePipeline$3$1.accept(ReferencePipeline.java:195)
	at java.base/java.util.ArrayList$ArrayListSpliterator.forEachRemaining(ArrayList.java:1655)
	at java.base/java.util.stream.AbstractPipeline.copyInto(AbstractPipeline.java:484)
	at java.base/java.util.stream.AbstractPipeline.wrapAndCopyInto(AbstractPipeline.java:474)
	at java.base/java.util.stream.ReduceOps$ReduceOp.evaluateSequential(ReduceOps.java:913)
	at java.base/java.util.stream.AbstractPipeline.evaluate(AbstractPipeline.java:234)
	at java.base/java.util.stream.ReferencePipeline.collect(ReferencePipeline.java:578)
	at de.uka.ilkd.key.java.JP2KeYVisitor.map(JP2KeYConverter.java:403)
	at de.uka.ilkd.key.java.JP2KeYVisitor.visit(JP2KeYConverter.java:258)
	at de.uka.ilkd.key.java.JP2KeYVisitor.visit(JP2KeYConverter.java:90)
	at com.github.javaparser.ast.stmt.BlockStmt.accept(BlockStmt.java:70)
	at de.uka.ilkd.key.java.JP2KeYVisitor.accept(JP2KeYConverter.java:348)
	at de.uka.ilkd.key.java.JP2KeYVisitor.visit(JP2KeYConverter.java:609)
	at de.uka.ilkd.key.java.JP2KeYVisitor.visit(JP2KeYConverter.java:90)
	at com.github.javaparser.ast.stmt.IfStmt.accept(IfStmt.java:82)
	at de.uka.ilkd.key.java.JP2KeYVisitor.lambda$map$1(JP2KeYConverter.java:402)
	at java.base/java.util.stream.ReferencePipeline$3$1.accept(ReferencePipeline.java:195)
	at java.base/java.util.ArrayList$ArrayListSpliterator.forEachRemaining(ArrayList.java:1655)
	at java.base/java.util.stream.AbstractPipeline.copyInto(AbstractPipeline.java:484)
	at java.base/java.util.stream.AbstractPipeline.wrapAndCopyInto(AbstractPipeline.java:474)
	at java.base/java.util.stream.ReduceOps$ReduceOp.evaluateSequential(ReduceOps.java:913)
	at java.base/java.util.stream.AbstractPipeline.evaluate(AbstractPipeline.java:234)
	at java.base/java.util.stream.ReferencePipeline.collect(ReferencePipeline.java:578)
	at de.uka.ilkd.key.java.JP2KeYVisitor.map(JP2KeYConverter.java:403)
	at de.uka.ilkd.key.java.JP2KeYVisitor.visit(JP2KeYConverter.java:258)
	at de.uka.ilkd.key.java.JP2KeYVisitor.visit(JP2KeYConverter.java:90)
	at com.github.javaparser.ast.stmt.BlockStmt.accept(BlockStmt.java:70)
	at de.uka.ilkd.key.java.JP2KeYVisitor.accept(JP2KeYConverter.java:348)
	at de.uka.ilkd.key.java.JP2KeYVisitor.accepto(JP2KeYConverter.java:418)
	at de.uka.ilkd.key.java.JP2KeYVisitor.visit(JP2KeYConverter.java:688)
	at de.uka.ilkd.key.java.JP2KeYVisitor.visit(JP2KeYConverter.java:90)
	at com.github.javaparser.ast.body.MethodDeclaration.accept(MethodDeclaration.java:98)
	at de.uka.ilkd.key.java.JP2KeYVisitor.lambda$map$1(JP2KeYConverter.java:402)
	at java.base/java.util.stream.ReferencePipeline$3$1.accept(ReferencePipeline.java:195)
	at java.base/java.util.ArrayList$ArrayListSpliterator.forEachRemaining(ArrayList.java:1655)
	at java.base/java.util.stream.AbstractPipeline.copyInto(AbstractPipeline.java:484)
	at java.base/java.util.stream.AbstractPipeline.wrapAndCopyInto(AbstractPipeline.java:474)
	at java.base/java.util.stream.ReduceOps$ReduceOp.evaluateSequential(ReduceOps.java:913)
	at java.base/java.util.stream.AbstractPipeline.evaluate(AbstractPipeline.java:234)
	at java.base/java.util.stream.ReferencePipeline.collect(ReferencePipeline.java:578)
	at de.uka.ilkd.key.java.JP2KeYVisitor.map(JP2KeYConverter.java:403)
	at de.uka.ilkd.key.java.JP2KeYVisitor.visit(JP2KeYConverter.java:310)
	at de.uka.ilkd.key.java.JP2KeYVisitor.visit(JP2KeYConverter.java:90)
	at com.github.javaparser.ast.body.ClassOrInterfaceDeclaration.accept(ClassOrInterfaceDeclaration.java:95)
	at de.uka.ilkd.key.java.JP2KeYVisitor.lambda$map$1(JP2KeYConverter.java:402)
	at java.base/java.util.stream.ReferencePipeline$3$1.accept(ReferencePipeline.java:195)
	at java.base/java.util.ArrayList$ArrayListSpliterator.forEachRemaining(ArrayList.java:1655)
	at java.base/java.util.stream.AbstractPipeline.copyInto(AbstractPipeline.java:484)
	at java.base/java.util.stream.AbstractPipeline.wrapAndCopyInto(AbstractPipeline.java:474)
	at java.base/java.util.stream.ReduceOps$ReduceOp.evaluateSequential(ReduceOps.java:913)
	at java.base/java.util.stream.AbstractPipeline.evaluate(AbstractPipeline.java:234)
	at java.base/java.util.stream.ReferencePipeline.collect(ReferencePipeline.java:578)
	at de.uka.ilkd.key.java.JP2KeYVisitor.map(JP2KeYConverter.java:403)
	at de.uka.ilkd.key.java.JP2KeYVisitor.visit(JP2KeYConverter.java:393)
	at de.uka.ilkd.key.java.JP2KeYVisitor.visit(JP2KeYConverter.java:90)
	at com.github.javaparser.ast.CompilationUnit.accept(CompilationUnit.java:124)
	at de.uka.ilkd.key.java.JP2KeYConverter.process(JP2KeYConverter.java:84)
	at de.uka.ilkd.key.java.JP2KeYConverter.processCompilationUnit(JP2KeYConverter.java:80)
	at de.uka.ilkd.key.java.JavaService.parseLibraryClasses0(JavaService.java:536)
	at de.uka.ilkd.key.java.JavaService.parseSpecialClasses(JavaService.java:511)
	at de.uka.ilkd.key.proof.init.ProblemInitializer.readJava(ProblemInitializer.java:280)
	at de.uka.ilkd.key.proof.init.ProblemInitializer.prepare(ProblemInitializer.java:529)
	at de.uka.ilkd.key.proof.init.ProblemInitializer.prepare(ProblemInitializer.java:471)
	at de.uka.ilkd.key.rule.TacletForTests.parse(TacletForTests.java:80)
	... 90 more
</failure>
  </testcase>
  <testcase name="testJavaQueryAndAttribute_all()" classname="de.uka.ilkd.key.parser.TestTermParser" time="0.001">
    <failure message="java.lang.RuntimeException: Exception occurred while parsing src\test\resources\testcase\testrules.key" type="java.lang.RuntimeException">java.lang.RuntimeException: Exception occurred while parsing src\test\resources\testcase\testrules.key
	at de.uka.ilkd.key.rule.TacletForTests.parse(TacletForTests.java:89)
	at de.uka.ilkd.key.rule.TacletForTests.parse(TacletForTests.java:125)
	at de.uka.ilkd.key.rule.TacletForTests.parse(TacletForTests.java:129)
	at de.uka.ilkd.key.rule.TacletForTests.services(TacletForTests.java:102)
	at de.uka.ilkd.key.parser.TestTermParser.getServices(TestTermParser.java:42)
	at de.uka.ilkd.key.parser.AbstractTestTermParser.&lt;init&gt;(AbstractTestTermParser.java:35)
	at de.uka.ilkd.key.parser.TestTermParser.&lt;init&gt;(TestTermParser.java:34)
	at java.base/jdk.internal.reflect.NativeConstructorAccessorImpl.newInstance0(Native Method)
	at java.base/jdk.internal.reflect.NativeConstructorAccessorImpl.newInstance(NativeConstructorAccessorImpl.java:62)
	at java.base/jdk.internal.reflect.DelegatingConstructorAccessorImpl.newInstance(DelegatingConstructorAccessorImpl.java:45)
	at java.base/java.lang.reflect.Constructor.newInstance(Constructor.java:490)
	at org.junit.platform.commons.util.ReflectionUtils.newInstance(ReflectionUtils.java:552)
	at org.junit.jupiter.engine.execution.ConstructorInvocation.proceed(ConstructorInvocation.java:56)
	at org.junit.jupiter.engine.execution.InvocationInterceptorChain$ValidatingInvocation.proceed(InvocationInterceptorChain.java:131)
	at org.junit.jupiter.api.extension.InvocationInterceptor.interceptTestClassConstructor(InvocationInterceptor.java:73)
	at org.junit.jupiter.engine.execution.InterceptingExecutableInvoker.lambda$invoke$0(InterceptingExecutableInvoker.java:93)
	at org.junit.jupiter.engine.execution.InvocationInterceptorChain$InterceptedInvocation.proceed(InvocationInterceptorChain.java:106)
	at org.junit.jupiter.engine.execution.InvocationInterceptorChain.proceed(InvocationInterceptorChain.java:64)
	at org.junit.jupiter.engine.execution.InvocationInterceptorChain.chainAndInvoke(InvocationInterceptorChain.java:45)
	at org.junit.jupiter.engine.execution.InvocationInterceptorChain.invoke(InvocationInterceptorChain.java:37)
	at org.junit.jupiter.engine.execution.InterceptingExecutableInvoker.invoke(InterceptingExecutableInvoker.java:92)
	at org.junit.jupiter.engine.execution.InterceptingExecutableInvoker.invoke(InterceptingExecutableInvoker.java:62)
	at org.junit.jupiter.engine.descriptor.ClassBasedTestDescriptor.invokeTestClassConstructor(ClassBasedTestDescriptor.java:363)
	at org.junit.jupiter.engine.descriptor.ClassBasedTestDescriptor.instantiateTestClass(ClassBasedTestDescriptor.java:310)
	at org.junit.jupiter.engine.descriptor.ClassTestDescriptor.instantiateTestClass(ClassTestDescriptor.java:79)
	at org.junit.jupiter.engine.descriptor.ClassBasedTestDescriptor.instantiateAndPostProcessTestInstance(ClassBasedTestDescriptor.java:286)
	at org.junit.jupiter.engine.descriptor.ClassBasedTestDescriptor.lambda$testInstancesProvider$4(ClassBasedTestDescriptor.java:278)
	at java.base/java.util.Optional.orElseGet(Optional.java:369)
	at org.junit.jupiter.engine.descriptor.ClassBasedTestDescriptor.lambda$testInstancesProvider$5(ClassBasedTestDescriptor.java:277)
	at org.junit.jupiter.engine.execution.TestInstancesProvider.getTestInstances(TestInstancesProvider.java:31)
	at org.junit.jupiter.engine.descriptor.TestMethodTestDescriptor.lambda$prepare$0(TestMethodTestDescriptor.java:105)
	at org.junit.platform.engine.support.hierarchical.ThrowableCollector.execute(ThrowableCollector.java:73)
	at org.junit.jupiter.engine.descriptor.TestMethodTestDescriptor.prepare(TestMethodTestDescriptor.java:104)
	at org.junit.jupiter.engine.descriptor.TestMethodTestDescriptor.prepare(TestMethodTestDescriptor.java:68)
	at org.junit.platform.engine.support.hierarchical.NodeTestTask.lambda$prepare$2(NodeTestTask.java:123)
	at org.junit.platform.engine.support.hierarchical.ThrowableCollector.execute(ThrowableCollector.java:73)
	at org.junit.platform.engine.support.hierarchical.NodeTestTask.prepare(NodeTestTask.java:123)
	at org.junit.platform.engine.support.hierarchical.NodeTestTask.execute(NodeTestTask.java:90)
	at java.base/java.util.ArrayList.forEach(ArrayList.java:1541)
	at org.junit.platform.engine.support.hierarchical.SameThreadHierarchicalTestExecutorService.invokeAll(SameThreadHierarchicalTestExecutorService.java:41)
	at org.junit.platform.engine.support.hierarchical.NodeTestTask.lambda$executeRecursively$6(NodeTestTask.java:155)
	at org.junit.platform.engine.support.hierarchical.ThrowableCollector.execute(ThrowableCollector.java:73)
	at org.junit.platform.engine.support.hierarchical.NodeTestTask.lambda$executeRecursively$8(NodeTestTask.java:141)
	at org.junit.platform.engine.support.hierarchical.Node.around(Node.java:137)
	at org.junit.platform.engine.support.hierarchical.NodeTestTask.lambda$executeRecursively$9(NodeTestTask.java:139)
	at org.junit.platform.engine.support.hierarchical.ThrowableCollector.execute(ThrowableCollector.java:73)
	at org.junit.platform.engine.support.hierarchical.NodeTestTask.executeRecursively(NodeTestTask.java:138)
	at org.junit.platform.engine.support.hierarchical.NodeTestTask.execute(NodeTestTask.java:95)
	at java.base/java.util.ArrayList.forEach(ArrayList.java:1541)
	at org.junit.platform.engine.support.hierarchical.SameThreadHierarchicalTestExecutorService.invokeAll(SameThreadHierarchicalTestExecutorService.java:41)
	at org.junit.platform.engine.support.hierarchical.NodeTestTask.lambda$executeRecursively$6(NodeTestTask.java:155)
	at org.junit.platform.engine.support.hierarchical.ThrowableCollector.execute(ThrowableCollector.java:73)
	at org.junit.platform.engine.support.hierarchical.NodeTestTask.lambda$executeRecursively$8(NodeTestTask.java:141)
	at org.junit.platform.engine.support.hierarchical.Node.around(Node.java:137)
	at org.junit.platform.engine.support.hierarchical.NodeTestTask.lambda$executeRecursively$9(NodeTestTask.java:139)
	at org.junit.platform.engine.support.hierarchical.ThrowableCollector.execute(ThrowableCollector.java:73)
	at org.junit.platform.engine.support.hierarchical.NodeTestTask.executeRecursively(NodeTestTask.java:138)
	at org.junit.platform.engine.support.hierarchical.NodeTestTask.execute(NodeTestTask.java:95)
	at org.junit.platform.engine.support.hierarchical.SameThreadHierarchicalTestExecutorService.submit(SameThreadHierarchicalTestExecutorService.java:35)
	at org.junit.platform.engine.support.hierarchical.HierarchicalTestExecutor.execute(HierarchicalTestExecutor.java:57)
	at org.junit.platform.engine.support.hierarchical.HierarchicalTestEngine.execute(HierarchicalTestEngine.java:54)
	at org.junit.platform.launcher.core.EngineExecutionOrchestrator.execute(EngineExecutionOrchestrator.java:107)
	at org.junit.platform.launcher.core.EngineExecutionOrchestrator.execute(EngineExecutionOrchestrator.java:88)
	at org.junit.platform.launcher.core.EngineExecutionOrchestrator.lambda$execute$0(EngineExecutionOrchestrator.java:54)
	at org.junit.platform.launcher.core.EngineExecutionOrchestrator.withInterceptedStreams(EngineExecutionOrchestrator.java:67)
	at org.junit.platform.launcher.core.EngineExecutionOrchestrator.execute(EngineExecutionOrchestrator.java:52)
	at org.junit.platform.launcher.core.DefaultLauncher.execute(DefaultLauncher.java:114)
	at org.junit.platform.launcher.core.DefaultLauncher.execute(DefaultLauncher.java:86)
	at org.junit.platform.launcher.core.DefaultLauncherSession$DelegatingLauncher.execute(DefaultLauncherSession.java:86)
	at org.gradle.api.internal.tasks.testing.junitplatform.JUnitPlatformTestClassProcessor$CollectAllTestClassesExecutor.processAllTestClasses(JUnitPlatformTestClassProcessor.java:110)
	at org.gradle.api.internal.tasks.testing.junitplatform.JUnitPlatformTestClassProcessor$CollectAllTestClassesExecutor.access$000(JUnitPlatformTestClassProcessor.java:90)
	at org.gradle.api.internal.tasks.testing.junitplatform.JUnitPlatformTestClassProcessor.stop(JUnitPlatformTestClassProcessor.java:85)
	at org.gradle.api.internal.tasks.testing.SuiteTestClassProcessor.stop(SuiteTestClassProcessor.java:62)
	at java.base/jdk.internal.reflect.NativeMethodAccessorImpl.invoke0(Native Method)
	at java.base/jdk.internal.reflect.NativeMethodAccessorImpl.invoke(NativeMethodAccessorImpl.java:62)
	at java.base/jdk.internal.reflect.DelegatingMethodAccessorImpl.invoke(DelegatingMethodAccessorImpl.java:43)
	at java.base/java.lang.reflect.Method.invoke(Method.java:566)
	at org.gradle.internal.dispatch.ReflectionDispatch.dispatch(ReflectionDispatch.java:36)
	at org.gradle.internal.dispatch.ReflectionDispatch.dispatch(ReflectionDispatch.java:24)
	at org.gradle.internal.dispatch.ContextClassLoaderDispatch.dispatch(ContextClassLoaderDispatch.java:33)
	at org.gradle.internal.dispatch.ProxyDispatchAdapter$DispatchingInvocationHandler.invoke(ProxyDispatchAdapter.java:94)
	at com.sun.proxy.$Proxy5.stop(Unknown Source)
	at org.gradle.api.internal.tasks.testing.worker.TestWorker$3.run(TestWorker.java:193)
	at org.gradle.api.internal.tasks.testing.worker.TestWorker.executeAndMaintainThreadName(TestWorker.java:129)
	at org.gradle.api.internal.tasks.testing.worker.TestWorker.execute(TestWorker.java:100)
	at org.gradle.api.internal.tasks.testing.worker.TestWorker.execute(TestWorker.java:60)
	at org.gradle.process.internal.worker.child.ActionExecutionWorker.execute(ActionExecutionWorker.java:56)
	at org.gradle.process.internal.worker.child.SystemApplicationClassLoaderWorker.call(SystemApplicationClassLoaderWorker.java:113)
	at org.gradle.process.internal.worker.child.SystemApplicationClassLoaderWorker.call(SystemApplicationClassLoaderWorker.java:65)
	at worker.org.gradle.process.internal.worker.GradleWorkerMain.run(GradleWorkerMain.java:69)
	at worker.org.gradle.process.internal.worker.GradleWorkerMain.main(GradleWorkerMain.java:74)
Caused by: UnsolvedSymbolException{context='arg0', name='Solving arg0', cause='null'}
	at com.github.javaparser.symbolsolver.javaparsermodel.TypeExtractor.visit(TypeExtractor.java:335)
	at com.github.javaparser.symbolsolver.javaparsermodel.TypeExtractor.visit(TypeExtractor.java:65)
	at com.github.javaparser.ast.expr.NameExpr.accept(NameExpr.java:79)
	at com.github.javaparser.symbolsolver.javaparsermodel.JavaParserFacade.getTypeConcrete(JavaParserFacade.java:505)
	at com.github.javaparser.symbolsolver.javaparsermodel.JavaParserFacade.getType(JavaParserFacade.java:352)
	at com.github.javaparser.symbolsolver.javaparsermodel.JavaParserFacade.getType(JavaParserFacade.java:334)
	at com.github.javaparser.symbolsolver.JavaSymbolSolver.calculateType(JavaSymbolSolver.java:294)
	at com.github.javaparser.ast.expr.Expression.calculateResolvedType(Expression.java:573)
	at de.uka.ilkd.key.java.JP2KeYVisitor.visit(JP2KeYConverter.java:707)
	at de.uka.ilkd.key.java.JP2KeYVisitor.visit(JP2KeYConverter.java:90)
	at com.github.javaparser.ast.expr.NameExpr.accept(NameExpr.java:79)
	at de.uka.ilkd.key.java.JP2KeYVisitor.lambda$map$1(JP2KeYConverter.java:402)
	at java.base/java.util.stream.ReferencePipeline$3$1.accept(ReferencePipeline.java:195)
	at java.base/java.util.ArrayList$ArrayListSpliterator.forEachRemaining(ArrayList.java:1655)
	at java.base/java.util.stream.AbstractPipeline.copyInto(AbstractPipeline.java:484)
	at java.base/java.util.stream.AbstractPipeline.wrapAndCopyInto(AbstractPipeline.java:474)
	at java.base/java.util.stream.ReduceOps$ReduceOp.evaluateSequential(ReduceOps.java:913)
	at java.base/java.util.stream.AbstractPipeline.evaluate(AbstractPipeline.java:234)
	at java.base/java.util.stream.ReferencePipeline.collect(ReferencePipeline.java:578)
	at de.uka.ilkd.key.java.JP2KeYVisitor.map(JP2KeYConverter.java:403)
	at de.uka.ilkd.key.java.JP2KeYVisitor.visit(JP2KeYConverter.java:506)
	at de.uka.ilkd.key.java.JP2KeYVisitor.visit(JP2KeYConverter.java:90)
	at com.github.javaparser.ast.stmt.ExplicitConstructorInvocationStmt.accept(ExplicitConstructorInvocationStmt.java:96)
	at de.uka.ilkd.key.java.JP2KeYVisitor.lambda$map$1(JP2KeYConverter.java:402)
	at java.base/java.util.stream.ReferencePipeline$3$1.accept(ReferencePipeline.java:195)
	at java.base/java.util.ArrayList$ArrayListSpliterator.forEachRemaining(ArrayList.java:1655)
	at java.base/java.util.stream.AbstractPipeline.copyInto(AbstractPipeline.java:484)
	at java.base/java.util.stream.AbstractPipeline.wrapAndCopyInto(AbstractPipeline.java:474)
	at java.base/java.util.stream.ReduceOps$ReduceOp.evaluateSequential(ReduceOps.java:913)
	at java.base/java.util.stream.AbstractPipeline.evaluate(AbstractPipeline.java:234)
	at java.base/java.util.stream.ReferencePipeline.collect(ReferencePipeline.java:578)
	at de.uka.ilkd.key.java.JP2KeYVisitor.map(JP2KeYConverter.java:403)
	at de.uka.ilkd.key.java.JP2KeYVisitor.visit(JP2KeYConverter.java:258)
	at de.uka.ilkd.key.java.JP2KeYVisitor.visit(JP2KeYConverter.java:90)
	at com.github.javaparser.ast.stmt.BlockStmt.accept(BlockStmt.java:70)
	at de.uka.ilkd.key.java.JP2KeYVisitor.lambda$map$1(JP2KeYConverter.java:402)
	at java.base/java.util.stream.ReferencePipeline$3$1.accept(ReferencePipeline.java:195)
	at java.base/java.util.ArrayList$ArrayListSpliterator.forEachRemaining(ArrayList.java:1655)
	at java.base/java.util.stream.AbstractPipeline.copyInto(AbstractPipeline.java:484)
	at java.base/java.util.stream.AbstractPipeline.wrapAndCopyInto(AbstractPipeline.java:474)
	at java.base/java.util.stream.ReduceOps$ReduceOp.evaluateSequential(ReduceOps.java:913)
	at java.base/java.util.stream.AbstractPipeline.evaluate(AbstractPipeline.java:234)
	at java.base/java.util.stream.ReferencePipeline.collect(ReferencePipeline.java:578)
	at de.uka.ilkd.key.java.JP2KeYVisitor.map(JP2KeYConverter.java:403)
	at de.uka.ilkd.key.java.JP2KeYVisitor.visit(JP2KeYConverter.java:258)
	at de.uka.ilkd.key.java.JP2KeYVisitor.visit(JP2KeYConverter.java:90)
	at com.github.javaparser.ast.stmt.BlockStmt.accept(BlockStmt.java:70)
	at de.uka.ilkd.key.java.JP2KeYVisitor.accept(JP2KeYConverter.java:348)
	at de.uka.ilkd.key.java.JP2KeYVisitor.visit(JP2KeYConverter.java:946)
	at de.uka.ilkd.key.java.JP2KeYVisitor.visit(JP2KeYConverter.java:90)
	at com.github.javaparser.ast.stmt.TryStmt.accept(TryStmt.java:135)
	at de.uka.ilkd.key.java.JP2KeYVisitor.lambda$map$1(JP2KeYConverter.java:402)
	at java.base/java.util.stream.ReferencePipeline$3$1.accept(ReferencePipeline.java:195)
	at java.base/java.util.ArrayList$ArrayListSpliterator.forEachRemaining(ArrayList.java:1655)
	at java.base/java.util.stream.AbstractPipeline.copyInto(AbstractPipeline.java:484)
	at java.base/java.util.stream.AbstractPipeline.wrapAndCopyInto(AbstractPipeline.java:474)
	at java.base/java.util.stream.ReduceOps$ReduceOp.evaluateSequential(ReduceOps.java:913)
	at java.base/java.util.stream.AbstractPipeline.evaluate(AbstractPipeline.java:234)
	at java.base/java.util.stream.ReferencePipeline.collect(ReferencePipeline.java:578)
	at de.uka.ilkd.key.java.JP2KeYVisitor.map(JP2KeYConverter.java:403)
	at de.uka.ilkd.key.java.JP2KeYVisitor.visit(JP2KeYConverter.java:258)
	at de.uka.ilkd.key.java.JP2KeYVisitor.visit(JP2KeYConverter.java:90)
	at com.github.javaparser.ast.stmt.BlockStmt.accept(BlockStmt.java:70)
	at de.uka.ilkd.key.java.JP2KeYVisitor.accept(JP2KeYConverter.java:348)
	at de.uka.ilkd.key.java.JP2KeYVisitor.visit(JP2KeYConverter.java:609)
	at de.uka.ilkd.key.java.JP2KeYVisitor.visit(JP2KeYConverter.java:90)
	at com.github.javaparser.ast.stmt.IfStmt.accept(IfStmt.java:82)
	at de.uka.ilkd.key.java.JP2KeYVisitor.lambda$map$1(JP2KeYConverter.java:402)
	at java.base/java.util.stream.ReferencePipeline$3$1.accept(ReferencePipeline.java:195)
	at java.base/java.util.ArrayList$ArrayListSpliterator.forEachRemaining(ArrayList.java:1655)
	at java.base/java.util.stream.AbstractPipeline.copyInto(AbstractPipeline.java:484)
	at java.base/java.util.stream.AbstractPipeline.wrapAndCopyInto(AbstractPipeline.java:474)
	at java.base/java.util.stream.ReduceOps$ReduceOp.evaluateSequential(ReduceOps.java:913)
	at java.base/java.util.stream.AbstractPipeline.evaluate(AbstractPipeline.java:234)
	at java.base/java.util.stream.ReferencePipeline.collect(ReferencePipeline.java:578)
	at de.uka.ilkd.key.java.JP2KeYVisitor.map(JP2KeYConverter.java:403)
	at de.uka.ilkd.key.java.JP2KeYVisitor.visit(JP2KeYConverter.java:258)
	at de.uka.ilkd.key.java.JP2KeYVisitor.visit(JP2KeYConverter.java:90)
	at com.github.javaparser.ast.stmt.BlockStmt.accept(BlockStmt.java:70)
	at de.uka.ilkd.key.java.JP2KeYVisitor.accept(JP2KeYConverter.java:348)
	at de.uka.ilkd.key.java.JP2KeYVisitor.visit(JP2KeYConverter.java:609)
	at de.uka.ilkd.key.java.JP2KeYVisitor.visit(JP2KeYConverter.java:90)
	at com.github.javaparser.ast.stmt.IfStmt.accept(IfStmt.java:82)
	at de.uka.ilkd.key.java.JP2KeYVisitor.lambda$map$1(JP2KeYConverter.java:402)
	at java.base/java.util.stream.ReferencePipeline$3$1.accept(ReferencePipeline.java:195)
	at java.base/java.util.ArrayList$ArrayListSpliterator.forEachRemaining(ArrayList.java:1655)
	at java.base/java.util.stream.AbstractPipeline.copyInto(AbstractPipeline.java:484)
	at java.base/java.util.stream.AbstractPipeline.wrapAndCopyInto(AbstractPipeline.java:474)
	at java.base/java.util.stream.ReduceOps$ReduceOp.evaluateSequential(ReduceOps.java:913)
	at java.base/java.util.stream.AbstractPipeline.evaluate(AbstractPipeline.java:234)
	at java.base/java.util.stream.ReferencePipeline.collect(ReferencePipeline.java:578)
	at de.uka.ilkd.key.java.JP2KeYVisitor.map(JP2KeYConverter.java:403)
	at de.uka.ilkd.key.java.JP2KeYVisitor.visit(JP2KeYConverter.java:258)
	at de.uka.ilkd.key.java.JP2KeYVisitor.visit(JP2KeYConverter.java:90)
	at com.github.javaparser.ast.stmt.BlockStmt.accept(BlockStmt.java:70)
	at de.uka.ilkd.key.java.JP2KeYVisitor.accept(JP2KeYConverter.java:348)
	at de.uka.ilkd.key.java.JP2KeYVisitor.accepto(JP2KeYConverter.java:418)
	at de.uka.ilkd.key.java.JP2KeYVisitor.visit(JP2KeYConverter.java:688)
	at de.uka.ilkd.key.java.JP2KeYVisitor.visit(JP2KeYConverter.java:90)
	at com.github.javaparser.ast.body.MethodDeclaration.accept(MethodDeclaration.java:98)
	at de.uka.ilkd.key.java.JP2KeYVisitor.lambda$map$1(JP2KeYConverter.java:402)
	at java.base/java.util.stream.ReferencePipeline$3$1.accept(ReferencePipeline.java:195)
	at java.base/java.util.ArrayList$ArrayListSpliterator.forEachRemaining(ArrayList.java:1655)
	at java.base/java.util.stream.AbstractPipeline.copyInto(AbstractPipeline.java:484)
	at java.base/java.util.stream.AbstractPipeline.wrapAndCopyInto(AbstractPipeline.java:474)
	at java.base/java.util.stream.ReduceOps$ReduceOp.evaluateSequential(ReduceOps.java:913)
	at java.base/java.util.stream.AbstractPipeline.evaluate(AbstractPipeline.java:234)
	at java.base/java.util.stream.ReferencePipeline.collect(ReferencePipeline.java:578)
	at de.uka.ilkd.key.java.JP2KeYVisitor.map(JP2KeYConverter.java:403)
	at de.uka.ilkd.key.java.JP2KeYVisitor.visit(JP2KeYConverter.java:310)
	at de.uka.ilkd.key.java.JP2KeYVisitor.visit(JP2KeYConverter.java:90)
	at com.github.javaparser.ast.body.ClassOrInterfaceDeclaration.accept(ClassOrInterfaceDeclaration.java:95)
	at de.uka.ilkd.key.java.JP2KeYVisitor.lambda$map$1(JP2KeYConverter.java:402)
	at java.base/java.util.stream.ReferencePipeline$3$1.accept(ReferencePipeline.java:195)
	at java.base/java.util.ArrayList$ArrayListSpliterator.forEachRemaining(ArrayList.java:1655)
	at java.base/java.util.stream.AbstractPipeline.copyInto(AbstractPipeline.java:484)
	at java.base/java.util.stream.AbstractPipeline.wrapAndCopyInto(AbstractPipeline.java:474)
	at java.base/java.util.stream.ReduceOps$ReduceOp.evaluateSequential(ReduceOps.java:913)
	at java.base/java.util.stream.AbstractPipeline.evaluate(AbstractPipeline.java:234)
	at java.base/java.util.stream.ReferencePipeline.collect(ReferencePipeline.java:578)
	at de.uka.ilkd.key.java.JP2KeYVisitor.map(JP2KeYConverter.java:403)
	at de.uka.ilkd.key.java.JP2KeYVisitor.visit(JP2KeYConverter.java:393)
	at de.uka.ilkd.key.java.JP2KeYVisitor.visit(JP2KeYConverter.java:90)
	at com.github.javaparser.ast.CompilationUnit.accept(CompilationUnit.java:124)
	at de.uka.ilkd.key.java.JP2KeYConverter.process(JP2KeYConverter.java:84)
	at de.uka.ilkd.key.java.JP2KeYConverter.processCompilationUnit(JP2KeYConverter.java:80)
	at de.uka.ilkd.key.java.JavaService.parseLibraryClasses0(JavaService.java:536)
	at de.uka.ilkd.key.java.JavaService.parseSpecialClasses(JavaService.java:511)
	at de.uka.ilkd.key.proof.init.ProblemInitializer.readJava(ProblemInitializer.java:280)
	at de.uka.ilkd.key.proof.init.ProblemInitializer.prepare(ProblemInitializer.java:529)
	at de.uka.ilkd.key.proof.init.ProblemInitializer.prepare(ProblemInitializer.java:471)
	at de.uka.ilkd.key.rule.TacletForTests.parse(TacletForTests.java:80)
	... 90 more
</failure>
  </testcase>
  <testcase name="test10()" classname="de.uka.ilkd.key.parser.TestTermParser" time="0.001">
    <failure message="java.lang.RuntimeException: Exception occurred while parsing src\test\resources\testcase\testrules.key" type="java.lang.RuntimeException">java.lang.RuntimeException: Exception occurred while parsing src\test\resources\testcase\testrules.key
	at de.uka.ilkd.key.rule.TacletForTests.parse(TacletForTests.java:89)
	at de.uka.ilkd.key.rule.TacletForTests.parse(TacletForTests.java:125)
	at de.uka.ilkd.key.rule.TacletForTests.parse(TacletForTests.java:129)
	at de.uka.ilkd.key.rule.TacletForTests.services(TacletForTests.java:102)
	at de.uka.ilkd.key.parser.TestTermParser.getServices(TestTermParser.java:42)
	at de.uka.ilkd.key.parser.AbstractTestTermParser.&lt;init&gt;(AbstractTestTermParser.java:35)
	at de.uka.ilkd.key.parser.TestTermParser.&lt;init&gt;(TestTermParser.java:34)
	at java.base/jdk.internal.reflect.NativeConstructorAccessorImpl.newInstance0(Native Method)
	at java.base/jdk.internal.reflect.NativeConstructorAccessorImpl.newInstance(NativeConstructorAccessorImpl.java:62)
	at java.base/jdk.internal.reflect.DelegatingConstructorAccessorImpl.newInstance(DelegatingConstructorAccessorImpl.java:45)
	at java.base/java.lang.reflect.Constructor.newInstance(Constructor.java:490)
	at org.junit.platform.commons.util.ReflectionUtils.newInstance(ReflectionUtils.java:552)
	at org.junit.jupiter.engine.execution.ConstructorInvocation.proceed(ConstructorInvocation.java:56)
	at org.junit.jupiter.engine.execution.InvocationInterceptorChain$ValidatingInvocation.proceed(InvocationInterceptorChain.java:131)
	at org.junit.jupiter.api.extension.InvocationInterceptor.interceptTestClassConstructor(InvocationInterceptor.java:73)
	at org.junit.jupiter.engine.execution.InterceptingExecutableInvoker.lambda$invoke$0(InterceptingExecutableInvoker.java:93)
	at org.junit.jupiter.engine.execution.InvocationInterceptorChain$InterceptedInvocation.proceed(InvocationInterceptorChain.java:106)
	at org.junit.jupiter.engine.execution.InvocationInterceptorChain.proceed(InvocationInterceptorChain.java:64)
	at org.junit.jupiter.engine.execution.InvocationInterceptorChain.chainAndInvoke(InvocationInterceptorChain.java:45)
	at org.junit.jupiter.engine.execution.InvocationInterceptorChain.invoke(InvocationInterceptorChain.java:37)
	at org.junit.jupiter.engine.execution.InterceptingExecutableInvoker.invoke(InterceptingExecutableInvoker.java:92)
	at org.junit.jupiter.engine.execution.InterceptingExecutableInvoker.invoke(InterceptingExecutableInvoker.java:62)
	at org.junit.jupiter.engine.descriptor.ClassBasedTestDescriptor.invokeTestClassConstructor(ClassBasedTestDescriptor.java:363)
	at org.junit.jupiter.engine.descriptor.ClassBasedTestDescriptor.instantiateTestClass(ClassBasedTestDescriptor.java:310)
	at org.junit.jupiter.engine.descriptor.ClassTestDescriptor.instantiateTestClass(ClassTestDescriptor.java:79)
	at org.junit.jupiter.engine.descriptor.ClassBasedTestDescriptor.instantiateAndPostProcessTestInstance(ClassBasedTestDescriptor.java:286)
	at org.junit.jupiter.engine.descriptor.ClassBasedTestDescriptor.lambda$testInstancesProvider$4(ClassBasedTestDescriptor.java:278)
	at java.base/java.util.Optional.orElseGet(Optional.java:369)
	at org.junit.jupiter.engine.descriptor.ClassBasedTestDescriptor.lambda$testInstancesProvider$5(ClassBasedTestDescriptor.java:277)
	at org.junit.jupiter.engine.execution.TestInstancesProvider.getTestInstances(TestInstancesProvider.java:31)
	at org.junit.jupiter.engine.descriptor.TestMethodTestDescriptor.lambda$prepare$0(TestMethodTestDescriptor.java:105)
	at org.junit.platform.engine.support.hierarchical.ThrowableCollector.execute(ThrowableCollector.java:73)
	at org.junit.jupiter.engine.descriptor.TestMethodTestDescriptor.prepare(TestMethodTestDescriptor.java:104)
	at org.junit.jupiter.engine.descriptor.TestMethodTestDescriptor.prepare(TestMethodTestDescriptor.java:68)
	at org.junit.platform.engine.support.hierarchical.NodeTestTask.lambda$prepare$2(NodeTestTask.java:123)
	at org.junit.platform.engine.support.hierarchical.ThrowableCollector.execute(ThrowableCollector.java:73)
	at org.junit.platform.engine.support.hierarchical.NodeTestTask.prepare(NodeTestTask.java:123)
	at org.junit.platform.engine.support.hierarchical.NodeTestTask.execute(NodeTestTask.java:90)
	at java.base/java.util.ArrayList.forEach(ArrayList.java:1541)
	at org.junit.platform.engine.support.hierarchical.SameThreadHierarchicalTestExecutorService.invokeAll(SameThreadHierarchicalTestExecutorService.java:41)
	at org.junit.platform.engine.support.hierarchical.NodeTestTask.lambda$executeRecursively$6(NodeTestTask.java:155)
	at org.junit.platform.engine.support.hierarchical.ThrowableCollector.execute(ThrowableCollector.java:73)
	at org.junit.platform.engine.support.hierarchical.NodeTestTask.lambda$executeRecursively$8(NodeTestTask.java:141)
	at org.junit.platform.engine.support.hierarchical.Node.around(Node.java:137)
	at org.junit.platform.engine.support.hierarchical.NodeTestTask.lambda$executeRecursively$9(NodeTestTask.java:139)
	at org.junit.platform.engine.support.hierarchical.ThrowableCollector.execute(ThrowableCollector.java:73)
	at org.junit.platform.engine.support.hierarchical.NodeTestTask.executeRecursively(NodeTestTask.java:138)
	at org.junit.platform.engine.support.hierarchical.NodeTestTask.execute(NodeTestTask.java:95)
	at java.base/java.util.ArrayList.forEach(ArrayList.java:1541)
	at org.junit.platform.engine.support.hierarchical.SameThreadHierarchicalTestExecutorService.invokeAll(SameThreadHierarchicalTestExecutorService.java:41)
	at org.junit.platform.engine.support.hierarchical.NodeTestTask.lambda$executeRecursively$6(NodeTestTask.java:155)
	at org.junit.platform.engine.support.hierarchical.ThrowableCollector.execute(ThrowableCollector.java:73)
	at org.junit.platform.engine.support.hierarchical.NodeTestTask.lambda$executeRecursively$8(NodeTestTask.java:141)
	at org.junit.platform.engine.support.hierarchical.Node.around(Node.java:137)
	at org.junit.platform.engine.support.hierarchical.NodeTestTask.lambda$executeRecursively$9(NodeTestTask.java:139)
	at org.junit.platform.engine.support.hierarchical.ThrowableCollector.execute(ThrowableCollector.java:73)
	at org.junit.platform.engine.support.hierarchical.NodeTestTask.executeRecursively(NodeTestTask.java:138)
	at org.junit.platform.engine.support.hierarchical.NodeTestTask.execute(NodeTestTask.java:95)
	at org.junit.platform.engine.support.hierarchical.SameThreadHierarchicalTestExecutorService.submit(SameThreadHierarchicalTestExecutorService.java:35)
	at org.junit.platform.engine.support.hierarchical.HierarchicalTestExecutor.execute(HierarchicalTestExecutor.java:57)
	at org.junit.platform.engine.support.hierarchical.HierarchicalTestEngine.execute(HierarchicalTestEngine.java:54)
	at org.junit.platform.launcher.core.EngineExecutionOrchestrator.execute(EngineExecutionOrchestrator.java:107)
	at org.junit.platform.launcher.core.EngineExecutionOrchestrator.execute(EngineExecutionOrchestrator.java:88)
	at org.junit.platform.launcher.core.EngineExecutionOrchestrator.lambda$execute$0(EngineExecutionOrchestrator.java:54)
	at org.junit.platform.launcher.core.EngineExecutionOrchestrator.withInterceptedStreams(EngineExecutionOrchestrator.java:67)
	at org.junit.platform.launcher.core.EngineExecutionOrchestrator.execute(EngineExecutionOrchestrator.java:52)
	at org.junit.platform.launcher.core.DefaultLauncher.execute(DefaultLauncher.java:114)
	at org.junit.platform.launcher.core.DefaultLauncher.execute(DefaultLauncher.java:86)
	at org.junit.platform.launcher.core.DefaultLauncherSession$DelegatingLauncher.execute(DefaultLauncherSession.java:86)
	at org.gradle.api.internal.tasks.testing.junitplatform.JUnitPlatformTestClassProcessor$CollectAllTestClassesExecutor.processAllTestClasses(JUnitPlatformTestClassProcessor.java:110)
	at org.gradle.api.internal.tasks.testing.junitplatform.JUnitPlatformTestClassProcessor$CollectAllTestClassesExecutor.access$000(JUnitPlatformTestClassProcessor.java:90)
	at org.gradle.api.internal.tasks.testing.junitplatform.JUnitPlatformTestClassProcessor.stop(JUnitPlatformTestClassProcessor.java:85)
	at org.gradle.api.internal.tasks.testing.SuiteTestClassProcessor.stop(SuiteTestClassProcessor.java:62)
	at java.base/jdk.internal.reflect.NativeMethodAccessorImpl.invoke0(Native Method)
	at java.base/jdk.internal.reflect.NativeMethodAccessorImpl.invoke(NativeMethodAccessorImpl.java:62)
	at java.base/jdk.internal.reflect.DelegatingMethodAccessorImpl.invoke(DelegatingMethodAccessorImpl.java:43)
	at java.base/java.lang.reflect.Method.invoke(Method.java:566)
	at org.gradle.internal.dispatch.ReflectionDispatch.dispatch(ReflectionDispatch.java:36)
	at org.gradle.internal.dispatch.ReflectionDispatch.dispatch(ReflectionDispatch.java:24)
	at org.gradle.internal.dispatch.ContextClassLoaderDispatch.dispatch(ContextClassLoaderDispatch.java:33)
	at org.gradle.internal.dispatch.ProxyDispatchAdapter$DispatchingInvocationHandler.invoke(ProxyDispatchAdapter.java:94)
	at com.sun.proxy.$Proxy5.stop(Unknown Source)
	at org.gradle.api.internal.tasks.testing.worker.TestWorker$3.run(TestWorker.java:193)
	at org.gradle.api.internal.tasks.testing.worker.TestWorker.executeAndMaintainThreadName(TestWorker.java:129)
	at org.gradle.api.internal.tasks.testing.worker.TestWorker.execute(TestWorker.java:100)
	at org.gradle.api.internal.tasks.testing.worker.TestWorker.execute(TestWorker.java:60)
	at org.gradle.process.internal.worker.child.ActionExecutionWorker.execute(ActionExecutionWorker.java:56)
	at org.gradle.process.internal.worker.child.SystemApplicationClassLoaderWorker.call(SystemApplicationClassLoaderWorker.java:113)
	at org.gradle.process.internal.worker.child.SystemApplicationClassLoaderWorker.call(SystemApplicationClassLoaderWorker.java:65)
	at worker.org.gradle.process.internal.worker.GradleWorkerMain.run(GradleWorkerMain.java:69)
	at worker.org.gradle.process.internal.worker.GradleWorkerMain.main(GradleWorkerMain.java:74)
Caused by: UnsolvedSymbolException{context='arg0', name='Solving arg0', cause='null'}
	at com.github.javaparser.symbolsolver.javaparsermodel.TypeExtractor.visit(TypeExtractor.java:335)
	at com.github.javaparser.symbolsolver.javaparsermodel.TypeExtractor.visit(TypeExtractor.java:65)
	at com.github.javaparser.ast.expr.NameExpr.accept(NameExpr.java:79)
	at com.github.javaparser.symbolsolver.javaparsermodel.JavaParserFacade.getTypeConcrete(JavaParserFacade.java:505)
	at com.github.javaparser.symbolsolver.javaparsermodel.JavaParserFacade.getType(JavaParserFacade.java:352)
	at com.github.javaparser.symbolsolver.javaparsermodel.JavaParserFacade.getType(JavaParserFacade.java:334)
	at com.github.javaparser.symbolsolver.JavaSymbolSolver.calculateType(JavaSymbolSolver.java:294)
	at com.github.javaparser.ast.expr.Expression.calculateResolvedType(Expression.java:573)
	at de.uka.ilkd.key.java.JP2KeYVisitor.visit(JP2KeYConverter.java:707)
	at de.uka.ilkd.key.java.JP2KeYVisitor.visit(JP2KeYConverter.java:90)
	at com.github.javaparser.ast.expr.NameExpr.accept(NameExpr.java:79)
	at de.uka.ilkd.key.java.JP2KeYVisitor.lambda$map$1(JP2KeYConverter.java:402)
	at java.base/java.util.stream.ReferencePipeline$3$1.accept(ReferencePipeline.java:195)
	at java.base/java.util.ArrayList$ArrayListSpliterator.forEachRemaining(ArrayList.java:1655)
	at java.base/java.util.stream.AbstractPipeline.copyInto(AbstractPipeline.java:484)
	at java.base/java.util.stream.AbstractPipeline.wrapAndCopyInto(AbstractPipeline.java:474)
	at java.base/java.util.stream.ReduceOps$ReduceOp.evaluateSequential(ReduceOps.java:913)
	at java.base/java.util.stream.AbstractPipeline.evaluate(AbstractPipeline.java:234)
	at java.base/java.util.stream.ReferencePipeline.collect(ReferencePipeline.java:578)
	at de.uka.ilkd.key.java.JP2KeYVisitor.map(JP2KeYConverter.java:403)
	at de.uka.ilkd.key.java.JP2KeYVisitor.visit(JP2KeYConverter.java:506)
	at de.uka.ilkd.key.java.JP2KeYVisitor.visit(JP2KeYConverter.java:90)
	at com.github.javaparser.ast.stmt.ExplicitConstructorInvocationStmt.accept(ExplicitConstructorInvocationStmt.java:96)
	at de.uka.ilkd.key.java.JP2KeYVisitor.lambda$map$1(JP2KeYConverter.java:402)
	at java.base/java.util.stream.ReferencePipeline$3$1.accept(ReferencePipeline.java:195)
	at java.base/java.util.ArrayList$ArrayListSpliterator.forEachRemaining(ArrayList.java:1655)
	at java.base/java.util.stream.AbstractPipeline.copyInto(AbstractPipeline.java:484)
	at java.base/java.util.stream.AbstractPipeline.wrapAndCopyInto(AbstractPipeline.java:474)
	at java.base/java.util.stream.ReduceOps$ReduceOp.evaluateSequential(ReduceOps.java:913)
	at java.base/java.util.stream.AbstractPipeline.evaluate(AbstractPipeline.java:234)
	at java.base/java.util.stream.ReferencePipeline.collect(ReferencePipeline.java:578)
	at de.uka.ilkd.key.java.JP2KeYVisitor.map(JP2KeYConverter.java:403)
	at de.uka.ilkd.key.java.JP2KeYVisitor.visit(JP2KeYConverter.java:258)
	at de.uka.ilkd.key.java.JP2KeYVisitor.visit(JP2KeYConverter.java:90)
	at com.github.javaparser.ast.stmt.BlockStmt.accept(BlockStmt.java:70)
	at de.uka.ilkd.key.java.JP2KeYVisitor.lambda$map$1(JP2KeYConverter.java:402)
	at java.base/java.util.stream.ReferencePipeline$3$1.accept(ReferencePipeline.java:195)
	at java.base/java.util.ArrayList$ArrayListSpliterator.forEachRemaining(ArrayList.java:1655)
	at java.base/java.util.stream.AbstractPipeline.copyInto(AbstractPipeline.java:484)
	at java.base/java.util.stream.AbstractPipeline.wrapAndCopyInto(AbstractPipeline.java:474)
	at java.base/java.util.stream.ReduceOps$ReduceOp.evaluateSequential(ReduceOps.java:913)
	at java.base/java.util.stream.AbstractPipeline.evaluate(AbstractPipeline.java:234)
	at java.base/java.util.stream.ReferencePipeline.collect(ReferencePipeline.java:578)
	at de.uka.ilkd.key.java.JP2KeYVisitor.map(JP2KeYConverter.java:403)
	at de.uka.ilkd.key.java.JP2KeYVisitor.visit(JP2KeYConverter.java:258)
	at de.uka.ilkd.key.java.JP2KeYVisitor.visit(JP2KeYConverter.java:90)
	at com.github.javaparser.ast.stmt.BlockStmt.accept(BlockStmt.java:70)
	at de.uka.ilkd.key.java.JP2KeYVisitor.accept(JP2KeYConverter.java:348)
	at de.uka.ilkd.key.java.JP2KeYVisitor.visit(JP2KeYConverter.java:946)
	at de.uka.ilkd.key.java.JP2KeYVisitor.visit(JP2KeYConverter.java:90)
	at com.github.javaparser.ast.stmt.TryStmt.accept(TryStmt.java:135)
	at de.uka.ilkd.key.java.JP2KeYVisitor.lambda$map$1(JP2KeYConverter.java:402)
	at java.base/java.util.stream.ReferencePipeline$3$1.accept(ReferencePipeline.java:195)
	at java.base/java.util.ArrayList$ArrayListSpliterator.forEachRemaining(ArrayList.java:1655)
	at java.base/java.util.stream.AbstractPipeline.copyInto(AbstractPipeline.java:484)
	at java.base/java.util.stream.AbstractPipeline.wrapAndCopyInto(AbstractPipeline.java:474)
	at java.base/java.util.stream.ReduceOps$ReduceOp.evaluateSequential(ReduceOps.java:913)
	at java.base/java.util.stream.AbstractPipeline.evaluate(AbstractPipeline.java:234)
	at java.base/java.util.stream.ReferencePipeline.collect(ReferencePipeline.java:578)
	at de.uka.ilkd.key.java.JP2KeYVisitor.map(JP2KeYConverter.java:403)
	at de.uka.ilkd.key.java.JP2KeYVisitor.visit(JP2KeYConverter.java:258)
	at de.uka.ilkd.key.java.JP2KeYVisitor.visit(JP2KeYConverter.java:90)
	at com.github.javaparser.ast.stmt.BlockStmt.accept(BlockStmt.java:70)
	at de.uka.ilkd.key.java.JP2KeYVisitor.accept(JP2KeYConverter.java:348)
	at de.uka.ilkd.key.java.JP2KeYVisitor.visit(JP2KeYConverter.java:609)
	at de.uka.ilkd.key.java.JP2KeYVisitor.visit(JP2KeYConverter.java:90)
	at com.github.javaparser.ast.stmt.IfStmt.accept(IfStmt.java:82)
	at de.uka.ilkd.key.java.JP2KeYVisitor.lambda$map$1(JP2KeYConverter.java:402)
	at java.base/java.util.stream.ReferencePipeline$3$1.accept(ReferencePipeline.java:195)
	at java.base/java.util.ArrayList$ArrayListSpliterator.forEachRemaining(ArrayList.java:1655)
	at java.base/java.util.stream.AbstractPipeline.copyInto(AbstractPipeline.java:484)
	at java.base/java.util.stream.AbstractPipeline.wrapAndCopyInto(AbstractPipeline.java:474)
	at java.base/java.util.stream.ReduceOps$ReduceOp.evaluateSequential(ReduceOps.java:913)
	at java.base/java.util.stream.AbstractPipeline.evaluate(AbstractPipeline.java:234)
	at java.base/java.util.stream.ReferencePipeline.collect(ReferencePipeline.java:578)
	at de.uka.ilkd.key.java.JP2KeYVisitor.map(JP2KeYConverter.java:403)
	at de.uka.ilkd.key.java.JP2KeYVisitor.visit(JP2KeYConverter.java:258)
	at de.uka.ilkd.key.java.JP2KeYVisitor.visit(JP2KeYConverter.java:90)
	at com.github.javaparser.ast.stmt.BlockStmt.accept(BlockStmt.java:70)
	at de.uka.ilkd.key.java.JP2KeYVisitor.accept(JP2KeYConverter.java:348)
	at de.uka.ilkd.key.java.JP2KeYVisitor.visit(JP2KeYConverter.java:609)
	at de.uka.ilkd.key.java.JP2KeYVisitor.visit(JP2KeYConverter.java:90)
	at com.github.javaparser.ast.stmt.IfStmt.accept(IfStmt.java:82)
	at de.uka.ilkd.key.java.JP2KeYVisitor.lambda$map$1(JP2KeYConverter.java:402)
	at java.base/java.util.stream.ReferencePipeline$3$1.accept(ReferencePipeline.java:195)
	at java.base/java.util.ArrayList$ArrayListSpliterator.forEachRemaining(ArrayList.java:1655)
	at java.base/java.util.stream.AbstractPipeline.copyInto(AbstractPipeline.java:484)
	at java.base/java.util.stream.AbstractPipeline.wrapAndCopyInto(AbstractPipeline.java:474)
	at java.base/java.util.stream.ReduceOps$ReduceOp.evaluateSequential(ReduceOps.java:913)
	at java.base/java.util.stream.AbstractPipeline.evaluate(AbstractPipeline.java:234)
	at java.base/java.util.stream.ReferencePipeline.collect(ReferencePipeline.java:578)
	at de.uka.ilkd.key.java.JP2KeYVisitor.map(JP2KeYConverter.java:403)
	at de.uka.ilkd.key.java.JP2KeYVisitor.visit(JP2KeYConverter.java:258)
	at de.uka.ilkd.key.java.JP2KeYVisitor.visit(JP2KeYConverter.java:90)
	at com.github.javaparser.ast.stmt.BlockStmt.accept(BlockStmt.java:70)
	at de.uka.ilkd.key.java.JP2KeYVisitor.accept(JP2KeYConverter.java:348)
	at de.uka.ilkd.key.java.JP2KeYVisitor.accepto(JP2KeYConverter.java:418)
	at de.uka.ilkd.key.java.JP2KeYVisitor.visit(JP2KeYConverter.java:688)
	at de.uka.ilkd.key.java.JP2KeYVisitor.visit(JP2KeYConverter.java:90)
	at com.github.javaparser.ast.body.MethodDeclaration.accept(MethodDeclaration.java:98)
	at de.uka.ilkd.key.java.JP2KeYVisitor.lambda$map$1(JP2KeYConverter.java:402)
	at java.base/java.util.stream.ReferencePipeline$3$1.accept(ReferencePipeline.java:195)
	at java.base/java.util.ArrayList$ArrayListSpliterator.forEachRemaining(ArrayList.java:1655)
	at java.base/java.util.stream.AbstractPipeline.copyInto(AbstractPipeline.java:484)
	at java.base/java.util.stream.AbstractPipeline.wrapAndCopyInto(AbstractPipeline.java:474)
	at java.base/java.util.stream.ReduceOps$ReduceOp.evaluateSequential(ReduceOps.java:913)
	at java.base/java.util.stream.AbstractPipeline.evaluate(AbstractPipeline.java:234)
	at java.base/java.util.stream.ReferencePipeline.collect(ReferencePipeline.java:578)
	at de.uka.ilkd.key.java.JP2KeYVisitor.map(JP2KeYConverter.java:403)
	at de.uka.ilkd.key.java.JP2KeYVisitor.visit(JP2KeYConverter.java:310)
	at de.uka.ilkd.key.java.JP2KeYVisitor.visit(JP2KeYConverter.java:90)
	at com.github.javaparser.ast.body.ClassOrInterfaceDeclaration.accept(ClassOrInterfaceDeclaration.java:95)
	at de.uka.ilkd.key.java.JP2KeYVisitor.lambda$map$1(JP2KeYConverter.java:402)
	at java.base/java.util.stream.ReferencePipeline$3$1.accept(ReferencePipeline.java:195)
	at java.base/java.util.ArrayList$ArrayListSpliterator.forEachRemaining(ArrayList.java:1655)
	at java.base/java.util.stream.AbstractPipeline.copyInto(AbstractPipeline.java:484)
	at java.base/java.util.stream.AbstractPipeline.wrapAndCopyInto(AbstractPipeline.java:474)
	at java.base/java.util.stream.ReduceOps$ReduceOp.evaluateSequential(ReduceOps.java:913)
	at java.base/java.util.stream.AbstractPipeline.evaluate(AbstractPipeline.java:234)
	at java.base/java.util.stream.ReferencePipeline.collect(ReferencePipeline.java:578)
	at de.uka.ilkd.key.java.JP2KeYVisitor.map(JP2KeYConverter.java:403)
	at de.uka.ilkd.key.java.JP2KeYVisitor.visit(JP2KeYConverter.java:393)
	at de.uka.ilkd.key.java.JP2KeYVisitor.visit(JP2KeYConverter.java:90)
	at com.github.javaparser.ast.CompilationUnit.accept(CompilationUnit.java:124)
	at de.uka.ilkd.key.java.JP2KeYConverter.process(JP2KeYConverter.java:84)
	at de.uka.ilkd.key.java.JP2KeYConverter.processCompilationUnit(JP2KeYConverter.java:80)
	at de.uka.ilkd.key.java.JavaService.parseLibraryClasses0(JavaService.java:536)
	at de.uka.ilkd.key.java.JavaService.parseSpecialClasses(JavaService.java:511)
	at de.uka.ilkd.key.proof.init.ProblemInitializer.readJava(ProblemInitializer.java:280)
	at de.uka.ilkd.key.proof.init.ProblemInitializer.prepare(ProblemInitializer.java:529)
	at de.uka.ilkd.key.proof.init.ProblemInitializer.prepare(ProblemInitializer.java:471)
	at de.uka.ilkd.key.rule.TacletForTests.parse(TacletForTests.java:80)
	... 90 more
</failure>
  </testcase>
  <testcase name="test11()" classname="de.uka.ilkd.key.parser.TestTermParser" time="0.001">
    <failure message="java.lang.RuntimeException: Exception occurred while parsing src\test\resources\testcase\testrules.key" type="java.lang.RuntimeException">java.lang.RuntimeException: Exception occurred while parsing src\test\resources\testcase\testrules.key
	at de.uka.ilkd.key.rule.TacletForTests.parse(TacletForTests.java:89)
	at de.uka.ilkd.key.rule.TacletForTests.parse(TacletForTests.java:125)
	at de.uka.ilkd.key.rule.TacletForTests.parse(TacletForTests.java:129)
	at de.uka.ilkd.key.rule.TacletForTests.services(TacletForTests.java:102)
	at de.uka.ilkd.key.parser.TestTermParser.getServices(TestTermParser.java:42)
	at de.uka.ilkd.key.parser.AbstractTestTermParser.&lt;init&gt;(AbstractTestTermParser.java:35)
	at de.uka.ilkd.key.parser.TestTermParser.&lt;init&gt;(TestTermParser.java:34)
	at java.base/jdk.internal.reflect.NativeConstructorAccessorImpl.newInstance0(Native Method)
	at java.base/jdk.internal.reflect.NativeConstructorAccessorImpl.newInstance(NativeConstructorAccessorImpl.java:62)
	at java.base/jdk.internal.reflect.DelegatingConstructorAccessorImpl.newInstance(DelegatingConstructorAccessorImpl.java:45)
	at java.base/java.lang.reflect.Constructor.newInstance(Constructor.java:490)
	at org.junit.platform.commons.util.ReflectionUtils.newInstance(ReflectionUtils.java:552)
	at org.junit.jupiter.engine.execution.ConstructorInvocation.proceed(ConstructorInvocation.java:56)
	at org.junit.jupiter.engine.execution.InvocationInterceptorChain$ValidatingInvocation.proceed(InvocationInterceptorChain.java:131)
	at org.junit.jupiter.api.extension.InvocationInterceptor.interceptTestClassConstructor(InvocationInterceptor.java:73)
	at org.junit.jupiter.engine.execution.InterceptingExecutableInvoker.lambda$invoke$0(InterceptingExecutableInvoker.java:93)
	at org.junit.jupiter.engine.execution.InvocationInterceptorChain$InterceptedInvocation.proceed(InvocationInterceptorChain.java:106)
	at org.junit.jupiter.engine.execution.InvocationInterceptorChain.proceed(InvocationInterceptorChain.java:64)
	at org.junit.jupiter.engine.execution.InvocationInterceptorChain.chainAndInvoke(InvocationInterceptorChain.java:45)
	at org.junit.jupiter.engine.execution.InvocationInterceptorChain.invoke(InvocationInterceptorChain.java:37)
	at org.junit.jupiter.engine.execution.InterceptingExecutableInvoker.invoke(InterceptingExecutableInvoker.java:92)
	at org.junit.jupiter.engine.execution.InterceptingExecutableInvoker.invoke(InterceptingExecutableInvoker.java:62)
	at org.junit.jupiter.engine.descriptor.ClassBasedTestDescriptor.invokeTestClassConstructor(ClassBasedTestDescriptor.java:363)
	at org.junit.jupiter.engine.descriptor.ClassBasedTestDescriptor.instantiateTestClass(ClassBasedTestDescriptor.java:310)
	at org.junit.jupiter.engine.descriptor.ClassTestDescriptor.instantiateTestClass(ClassTestDescriptor.java:79)
	at org.junit.jupiter.engine.descriptor.ClassBasedTestDescriptor.instantiateAndPostProcessTestInstance(ClassBasedTestDescriptor.java:286)
	at org.junit.jupiter.engine.descriptor.ClassBasedTestDescriptor.lambda$testInstancesProvider$4(ClassBasedTestDescriptor.java:278)
	at java.base/java.util.Optional.orElseGet(Optional.java:369)
	at org.junit.jupiter.engine.descriptor.ClassBasedTestDescriptor.lambda$testInstancesProvider$5(ClassBasedTestDescriptor.java:277)
	at org.junit.jupiter.engine.execution.TestInstancesProvider.getTestInstances(TestInstancesProvider.java:31)
	at org.junit.jupiter.engine.descriptor.TestMethodTestDescriptor.lambda$prepare$0(TestMethodTestDescriptor.java:105)
	at org.junit.platform.engine.support.hierarchical.ThrowableCollector.execute(ThrowableCollector.java:73)
	at org.junit.jupiter.engine.descriptor.TestMethodTestDescriptor.prepare(TestMethodTestDescriptor.java:104)
	at org.junit.jupiter.engine.descriptor.TestMethodTestDescriptor.prepare(TestMethodTestDescriptor.java:68)
	at org.junit.platform.engine.support.hierarchical.NodeTestTask.lambda$prepare$2(NodeTestTask.java:123)
	at org.junit.platform.engine.support.hierarchical.ThrowableCollector.execute(ThrowableCollector.java:73)
	at org.junit.platform.engine.support.hierarchical.NodeTestTask.prepare(NodeTestTask.java:123)
	at org.junit.platform.engine.support.hierarchical.NodeTestTask.execute(NodeTestTask.java:90)
	at java.base/java.util.ArrayList.forEach(ArrayList.java:1541)
	at org.junit.platform.engine.support.hierarchical.SameThreadHierarchicalTestExecutorService.invokeAll(SameThreadHierarchicalTestExecutorService.java:41)
	at org.junit.platform.engine.support.hierarchical.NodeTestTask.lambda$executeRecursively$6(NodeTestTask.java:155)
	at org.junit.platform.engine.support.hierarchical.ThrowableCollector.execute(ThrowableCollector.java:73)
	at org.junit.platform.engine.support.hierarchical.NodeTestTask.lambda$executeRecursively$8(NodeTestTask.java:141)
	at org.junit.platform.engine.support.hierarchical.Node.around(Node.java:137)
	at org.junit.platform.engine.support.hierarchical.NodeTestTask.lambda$executeRecursively$9(NodeTestTask.java:139)
	at org.junit.platform.engine.support.hierarchical.ThrowableCollector.execute(ThrowableCollector.java:73)
	at org.junit.platform.engine.support.hierarchical.NodeTestTask.executeRecursively(NodeTestTask.java:138)
	at org.junit.platform.engine.support.hierarchical.NodeTestTask.execute(NodeTestTask.java:95)
	at java.base/java.util.ArrayList.forEach(ArrayList.java:1541)
	at org.junit.platform.engine.support.hierarchical.SameThreadHierarchicalTestExecutorService.invokeAll(SameThreadHierarchicalTestExecutorService.java:41)
	at org.junit.platform.engine.support.hierarchical.NodeTestTask.lambda$executeRecursively$6(NodeTestTask.java:155)
	at org.junit.platform.engine.support.hierarchical.ThrowableCollector.execute(ThrowableCollector.java:73)
	at org.junit.platform.engine.support.hierarchical.NodeTestTask.lambda$executeRecursively$8(NodeTestTask.java:141)
	at org.junit.platform.engine.support.hierarchical.Node.around(Node.java:137)
	at org.junit.platform.engine.support.hierarchical.NodeTestTask.lambda$executeRecursively$9(NodeTestTask.java:139)
	at org.junit.platform.engine.support.hierarchical.ThrowableCollector.execute(ThrowableCollector.java:73)
	at org.junit.platform.engine.support.hierarchical.NodeTestTask.executeRecursively(NodeTestTask.java:138)
	at org.junit.platform.engine.support.hierarchical.NodeTestTask.execute(NodeTestTask.java:95)
	at org.junit.platform.engine.support.hierarchical.SameThreadHierarchicalTestExecutorService.submit(SameThreadHierarchicalTestExecutorService.java:35)
	at org.junit.platform.engine.support.hierarchical.HierarchicalTestExecutor.execute(HierarchicalTestExecutor.java:57)
	at org.junit.platform.engine.support.hierarchical.HierarchicalTestEngine.execute(HierarchicalTestEngine.java:54)
	at org.junit.platform.launcher.core.EngineExecutionOrchestrator.execute(EngineExecutionOrchestrator.java:107)
	at org.junit.platform.launcher.core.EngineExecutionOrchestrator.execute(EngineExecutionOrchestrator.java:88)
	at org.junit.platform.launcher.core.EngineExecutionOrchestrator.lambda$execute$0(EngineExecutionOrchestrator.java:54)
	at org.junit.platform.launcher.core.EngineExecutionOrchestrator.withInterceptedStreams(EngineExecutionOrchestrator.java:67)
	at org.junit.platform.launcher.core.EngineExecutionOrchestrator.execute(EngineExecutionOrchestrator.java:52)
	at org.junit.platform.launcher.core.DefaultLauncher.execute(DefaultLauncher.java:114)
	at org.junit.platform.launcher.core.DefaultLauncher.execute(DefaultLauncher.java:86)
	at org.junit.platform.launcher.core.DefaultLauncherSession$DelegatingLauncher.execute(DefaultLauncherSession.java:86)
	at org.gradle.api.internal.tasks.testing.junitplatform.JUnitPlatformTestClassProcessor$CollectAllTestClassesExecutor.processAllTestClasses(JUnitPlatformTestClassProcessor.java:110)
	at org.gradle.api.internal.tasks.testing.junitplatform.JUnitPlatformTestClassProcessor$CollectAllTestClassesExecutor.access$000(JUnitPlatformTestClassProcessor.java:90)
	at org.gradle.api.internal.tasks.testing.junitplatform.JUnitPlatformTestClassProcessor.stop(JUnitPlatformTestClassProcessor.java:85)
	at org.gradle.api.internal.tasks.testing.SuiteTestClassProcessor.stop(SuiteTestClassProcessor.java:62)
	at java.base/jdk.internal.reflect.NativeMethodAccessorImpl.invoke0(Native Method)
	at java.base/jdk.internal.reflect.NativeMethodAccessorImpl.invoke(NativeMethodAccessorImpl.java:62)
	at java.base/jdk.internal.reflect.DelegatingMethodAccessorImpl.invoke(DelegatingMethodAccessorImpl.java:43)
	at java.base/java.lang.reflect.Method.invoke(Method.java:566)
	at org.gradle.internal.dispatch.ReflectionDispatch.dispatch(ReflectionDispatch.java:36)
	at org.gradle.internal.dispatch.ReflectionDispatch.dispatch(ReflectionDispatch.java:24)
	at org.gradle.internal.dispatch.ContextClassLoaderDispatch.dispatch(ContextClassLoaderDispatch.java:33)
	at org.gradle.internal.dispatch.ProxyDispatchAdapter$DispatchingInvocationHandler.invoke(ProxyDispatchAdapter.java:94)
	at com.sun.proxy.$Proxy5.stop(Unknown Source)
	at org.gradle.api.internal.tasks.testing.worker.TestWorker$3.run(TestWorker.java:193)
	at org.gradle.api.internal.tasks.testing.worker.TestWorker.executeAndMaintainThreadName(TestWorker.java:129)
	at org.gradle.api.internal.tasks.testing.worker.TestWorker.execute(TestWorker.java:100)
	at org.gradle.api.internal.tasks.testing.worker.TestWorker.execute(TestWorker.java:60)
	at org.gradle.process.internal.worker.child.ActionExecutionWorker.execute(ActionExecutionWorker.java:56)
	at org.gradle.process.internal.worker.child.SystemApplicationClassLoaderWorker.call(SystemApplicationClassLoaderWorker.java:113)
	at org.gradle.process.internal.worker.child.SystemApplicationClassLoaderWorker.call(SystemApplicationClassLoaderWorker.java:65)
	at worker.org.gradle.process.internal.worker.GradleWorkerMain.run(GradleWorkerMain.java:69)
	at worker.org.gradle.process.internal.worker.GradleWorkerMain.main(GradleWorkerMain.java:74)
Caused by: UnsolvedSymbolException{context='arg0', name='Solving arg0', cause='null'}
	at com.github.javaparser.symbolsolver.javaparsermodel.TypeExtractor.visit(TypeExtractor.java:335)
	at com.github.javaparser.symbolsolver.javaparsermodel.TypeExtractor.visit(TypeExtractor.java:65)
	at com.github.javaparser.ast.expr.NameExpr.accept(NameExpr.java:79)
	at com.github.javaparser.symbolsolver.javaparsermodel.JavaParserFacade.getTypeConcrete(JavaParserFacade.java:505)
	at com.github.javaparser.symbolsolver.javaparsermodel.JavaParserFacade.getType(JavaParserFacade.java:352)
	at com.github.javaparser.symbolsolver.javaparsermodel.JavaParserFacade.getType(JavaParserFacade.java:334)
	at com.github.javaparser.symbolsolver.JavaSymbolSolver.calculateType(JavaSymbolSolver.java:294)
	at com.github.javaparser.ast.expr.Expression.calculateResolvedType(Expression.java:573)
	at de.uka.ilkd.key.java.JP2KeYVisitor.visit(JP2KeYConverter.java:707)
	at de.uka.ilkd.key.java.JP2KeYVisitor.visit(JP2KeYConverter.java:90)
	at com.github.javaparser.ast.expr.NameExpr.accept(NameExpr.java:79)
	at de.uka.ilkd.key.java.JP2KeYVisitor.lambda$map$1(JP2KeYConverter.java:402)
	at java.base/java.util.stream.ReferencePipeline$3$1.accept(ReferencePipeline.java:195)
	at java.base/java.util.ArrayList$ArrayListSpliterator.forEachRemaining(ArrayList.java:1655)
	at java.base/java.util.stream.AbstractPipeline.copyInto(AbstractPipeline.java:484)
	at java.base/java.util.stream.AbstractPipeline.wrapAndCopyInto(AbstractPipeline.java:474)
	at java.base/java.util.stream.ReduceOps$ReduceOp.evaluateSequential(ReduceOps.java:913)
	at java.base/java.util.stream.AbstractPipeline.evaluate(AbstractPipeline.java:234)
	at java.base/java.util.stream.ReferencePipeline.collect(ReferencePipeline.java:578)
	at de.uka.ilkd.key.java.JP2KeYVisitor.map(JP2KeYConverter.java:403)
	at de.uka.ilkd.key.java.JP2KeYVisitor.visit(JP2KeYConverter.java:506)
	at de.uka.ilkd.key.java.JP2KeYVisitor.visit(JP2KeYConverter.java:90)
	at com.github.javaparser.ast.stmt.ExplicitConstructorInvocationStmt.accept(ExplicitConstructorInvocationStmt.java:96)
	at de.uka.ilkd.key.java.JP2KeYVisitor.lambda$map$1(JP2KeYConverter.java:402)
	at java.base/java.util.stream.ReferencePipeline$3$1.accept(ReferencePipeline.java:195)
	at java.base/java.util.ArrayList$ArrayListSpliterator.forEachRemaining(ArrayList.java:1655)
	at java.base/java.util.stream.AbstractPipeline.copyInto(AbstractPipeline.java:484)
	at java.base/java.util.stream.AbstractPipeline.wrapAndCopyInto(AbstractPipeline.java:474)
	at java.base/java.util.stream.ReduceOps$ReduceOp.evaluateSequential(ReduceOps.java:913)
	at java.base/java.util.stream.AbstractPipeline.evaluate(AbstractPipeline.java:234)
	at java.base/java.util.stream.ReferencePipeline.collect(ReferencePipeline.java:578)
	at de.uka.ilkd.key.java.JP2KeYVisitor.map(JP2KeYConverter.java:403)
	at de.uka.ilkd.key.java.JP2KeYVisitor.visit(JP2KeYConverter.java:258)
	at de.uka.ilkd.key.java.JP2KeYVisitor.visit(JP2KeYConverter.java:90)
	at com.github.javaparser.ast.stmt.BlockStmt.accept(BlockStmt.java:70)
	at de.uka.ilkd.key.java.JP2KeYVisitor.lambda$map$1(JP2KeYConverter.java:402)
	at java.base/java.util.stream.ReferencePipeline$3$1.accept(ReferencePipeline.java:195)
	at java.base/java.util.ArrayList$ArrayListSpliterator.forEachRemaining(ArrayList.java:1655)
	at java.base/java.util.stream.AbstractPipeline.copyInto(AbstractPipeline.java:484)
	at java.base/java.util.stream.AbstractPipeline.wrapAndCopyInto(AbstractPipeline.java:474)
	at java.base/java.util.stream.ReduceOps$ReduceOp.evaluateSequential(ReduceOps.java:913)
	at java.base/java.util.stream.AbstractPipeline.evaluate(AbstractPipeline.java:234)
	at java.base/java.util.stream.ReferencePipeline.collect(ReferencePipeline.java:578)
	at de.uka.ilkd.key.java.JP2KeYVisitor.map(JP2KeYConverter.java:403)
	at de.uka.ilkd.key.java.JP2KeYVisitor.visit(JP2KeYConverter.java:258)
	at de.uka.ilkd.key.java.JP2KeYVisitor.visit(JP2KeYConverter.java:90)
	at com.github.javaparser.ast.stmt.BlockStmt.accept(BlockStmt.java:70)
	at de.uka.ilkd.key.java.JP2KeYVisitor.accept(JP2KeYConverter.java:348)
	at de.uka.ilkd.key.java.JP2KeYVisitor.visit(JP2KeYConverter.java:946)
	at de.uka.ilkd.key.java.JP2KeYVisitor.visit(JP2KeYConverter.java:90)
	at com.github.javaparser.ast.stmt.TryStmt.accept(TryStmt.java:135)
	at de.uka.ilkd.key.java.JP2KeYVisitor.lambda$map$1(JP2KeYConverter.java:402)
	at java.base/java.util.stream.ReferencePipeline$3$1.accept(ReferencePipeline.java:195)
	at java.base/java.util.ArrayList$ArrayListSpliterator.forEachRemaining(ArrayList.java:1655)
	at java.base/java.util.stream.AbstractPipeline.copyInto(AbstractPipeline.java:484)
	at java.base/java.util.stream.AbstractPipeline.wrapAndCopyInto(AbstractPipeline.java:474)
	at java.base/java.util.stream.ReduceOps$ReduceOp.evaluateSequential(ReduceOps.java:913)
	at java.base/java.util.stream.AbstractPipeline.evaluate(AbstractPipeline.java:234)
	at java.base/java.util.stream.ReferencePipeline.collect(ReferencePipeline.java:578)
	at de.uka.ilkd.key.java.JP2KeYVisitor.map(JP2KeYConverter.java:403)
	at de.uka.ilkd.key.java.JP2KeYVisitor.visit(JP2KeYConverter.java:258)
	at de.uka.ilkd.key.java.JP2KeYVisitor.visit(JP2KeYConverter.java:90)
	at com.github.javaparser.ast.stmt.BlockStmt.accept(BlockStmt.java:70)
	at de.uka.ilkd.key.java.JP2KeYVisitor.accept(JP2KeYConverter.java:348)
	at de.uka.ilkd.key.java.JP2KeYVisitor.visit(JP2KeYConverter.java:609)
	at de.uka.ilkd.key.java.JP2KeYVisitor.visit(JP2KeYConverter.java:90)
	at com.github.javaparser.ast.stmt.IfStmt.accept(IfStmt.java:82)
	at de.uka.ilkd.key.java.JP2KeYVisitor.lambda$map$1(JP2KeYConverter.java:402)
	at java.base/java.util.stream.ReferencePipeline$3$1.accept(ReferencePipeline.java:195)
	at java.base/java.util.ArrayList$ArrayListSpliterator.forEachRemaining(ArrayList.java:1655)
	at java.base/java.util.stream.AbstractPipeline.copyInto(AbstractPipeline.java:484)
	at java.base/java.util.stream.AbstractPipeline.wrapAndCopyInto(AbstractPipeline.java:474)
	at java.base/java.util.stream.ReduceOps$ReduceOp.evaluateSequential(ReduceOps.java:913)
	at java.base/java.util.stream.AbstractPipeline.evaluate(AbstractPipeline.java:234)
	at java.base/java.util.stream.ReferencePipeline.collect(ReferencePipeline.java:578)
	at de.uka.ilkd.key.java.JP2KeYVisitor.map(JP2KeYConverter.java:403)
	at de.uka.ilkd.key.java.JP2KeYVisitor.visit(JP2KeYConverter.java:258)
	at de.uka.ilkd.key.java.JP2KeYVisitor.visit(JP2KeYConverter.java:90)
	at com.github.javaparser.ast.stmt.BlockStmt.accept(BlockStmt.java:70)
	at de.uka.ilkd.key.java.JP2KeYVisitor.accept(JP2KeYConverter.java:348)
	at de.uka.ilkd.key.java.JP2KeYVisitor.visit(JP2KeYConverter.java:609)
	at de.uka.ilkd.key.java.JP2KeYVisitor.visit(JP2KeYConverter.java:90)
	at com.github.javaparser.ast.stmt.IfStmt.accept(IfStmt.java:82)
	at de.uka.ilkd.key.java.JP2KeYVisitor.lambda$map$1(JP2KeYConverter.java:402)
	at java.base/java.util.stream.ReferencePipeline$3$1.accept(ReferencePipeline.java:195)
	at java.base/java.util.ArrayList$ArrayListSpliterator.forEachRemaining(ArrayList.java:1655)
	at java.base/java.util.stream.AbstractPipeline.copyInto(AbstractPipeline.java:484)
	at java.base/java.util.stream.AbstractPipeline.wrapAndCopyInto(AbstractPipeline.java:474)
	at java.base/java.util.stream.ReduceOps$ReduceOp.evaluateSequential(ReduceOps.java:913)
	at java.base/java.util.stream.AbstractPipeline.evaluate(AbstractPipeline.java:234)
	at java.base/java.util.stream.ReferencePipeline.collect(ReferencePipeline.java:578)
	at de.uka.ilkd.key.java.JP2KeYVisitor.map(JP2KeYConverter.java:403)
	at de.uka.ilkd.key.java.JP2KeYVisitor.visit(JP2KeYConverter.java:258)
	at de.uka.ilkd.key.java.JP2KeYVisitor.visit(JP2KeYConverter.java:90)
	at com.github.javaparser.ast.stmt.BlockStmt.accept(BlockStmt.java:70)
	at de.uka.ilkd.key.java.JP2KeYVisitor.accept(JP2KeYConverter.java:348)
	at de.uka.ilkd.key.java.JP2KeYVisitor.accepto(JP2KeYConverter.java:418)
	at de.uka.ilkd.key.java.JP2KeYVisitor.visit(JP2KeYConverter.java:688)
	at de.uka.ilkd.key.java.JP2KeYVisitor.visit(JP2KeYConverter.java:90)
	at com.github.javaparser.ast.body.MethodDeclaration.accept(MethodDeclaration.java:98)
	at de.uka.ilkd.key.java.JP2KeYVisitor.lambda$map$1(JP2KeYConverter.java:402)
	at java.base/java.util.stream.ReferencePipeline$3$1.accept(ReferencePipeline.java:195)
	at java.base/java.util.ArrayList$ArrayListSpliterator.forEachRemaining(ArrayList.java:1655)
	at java.base/java.util.stream.AbstractPipeline.copyInto(AbstractPipeline.java:484)
	at java.base/java.util.stream.AbstractPipeline.wrapAndCopyInto(AbstractPipeline.java:474)
	at java.base/java.util.stream.ReduceOps$ReduceOp.evaluateSequential(ReduceOps.java:913)
	at java.base/java.util.stream.AbstractPipeline.evaluate(AbstractPipeline.java:234)
	at java.base/java.util.stream.ReferencePipeline.collect(ReferencePipeline.java:578)
	at de.uka.ilkd.key.java.JP2KeYVisitor.map(JP2KeYConverter.java:403)
	at de.uka.ilkd.key.java.JP2KeYVisitor.visit(JP2KeYConverter.java:310)
	at de.uka.ilkd.key.java.JP2KeYVisitor.visit(JP2KeYConverter.java:90)
	at com.github.javaparser.ast.body.ClassOrInterfaceDeclaration.accept(ClassOrInterfaceDeclaration.java:95)
	at de.uka.ilkd.key.java.JP2KeYVisitor.lambda$map$1(JP2KeYConverter.java:402)
	at java.base/java.util.stream.ReferencePipeline$3$1.accept(ReferencePipeline.java:195)
	at java.base/java.util.ArrayList$ArrayListSpliterator.forEachRemaining(ArrayList.java:1655)
	at java.base/java.util.stream.AbstractPipeline.copyInto(AbstractPipeline.java:484)
	at java.base/java.util.stream.AbstractPipeline.wrapAndCopyInto(AbstractPipeline.java:474)
	at java.base/java.util.stream.ReduceOps$ReduceOp.evaluateSequential(ReduceOps.java:913)
	at java.base/java.util.stream.AbstractPipeline.evaluate(AbstractPipeline.java:234)
	at java.base/java.util.stream.ReferencePipeline.collect(ReferencePipeline.java:578)
	at de.uka.ilkd.key.java.JP2KeYVisitor.map(JP2KeYConverter.java:403)
	at de.uka.ilkd.key.java.JP2KeYVisitor.visit(JP2KeYConverter.java:393)
	at de.uka.ilkd.key.java.JP2KeYVisitor.visit(JP2KeYConverter.java:90)
	at com.github.javaparser.ast.CompilationUnit.accept(CompilationUnit.java:124)
	at de.uka.ilkd.key.java.JP2KeYConverter.process(JP2KeYConverter.java:84)
	at de.uka.ilkd.key.java.JP2KeYConverter.processCompilationUnit(JP2KeYConverter.java:80)
	at de.uka.ilkd.key.java.JavaService.parseLibraryClasses0(JavaService.java:536)
	at de.uka.ilkd.key.java.JavaService.parseSpecialClasses(JavaService.java:511)
	at de.uka.ilkd.key.proof.init.ProblemInitializer.readJava(ProblemInitializer.java:280)
	at de.uka.ilkd.key.proof.init.ProblemInitializer.prepare(ProblemInitializer.java:529)
	at de.uka.ilkd.key.proof.init.ProblemInitializer.prepare(ProblemInitializer.java:471)
	at de.uka.ilkd.key.rule.TacletForTests.parse(TacletForTests.java:80)
	... 90 more
</failure>
  </testcase>
  <testcase name="test12()" classname="de.uka.ilkd.key.parser.TestTermParser" time="0.0">
    <failure message="java.lang.RuntimeException: Exception occurred while parsing src\test\resources\testcase\testrules.key" type="java.lang.RuntimeException">java.lang.RuntimeException: Exception occurred while parsing src\test\resources\testcase\testrules.key
	at de.uka.ilkd.key.rule.TacletForTests.parse(TacletForTests.java:89)
	at de.uka.ilkd.key.rule.TacletForTests.parse(TacletForTests.java:125)
	at de.uka.ilkd.key.rule.TacletForTests.parse(TacletForTests.java:129)
	at de.uka.ilkd.key.rule.TacletForTests.services(TacletForTests.java:102)
	at de.uka.ilkd.key.parser.TestTermParser.getServices(TestTermParser.java:42)
	at de.uka.ilkd.key.parser.AbstractTestTermParser.&lt;init&gt;(AbstractTestTermParser.java:35)
	at de.uka.ilkd.key.parser.TestTermParser.&lt;init&gt;(TestTermParser.java:34)
	at java.base/jdk.internal.reflect.NativeConstructorAccessorImpl.newInstance0(Native Method)
	at java.base/jdk.internal.reflect.NativeConstructorAccessorImpl.newInstance(NativeConstructorAccessorImpl.java:62)
	at java.base/jdk.internal.reflect.DelegatingConstructorAccessorImpl.newInstance(DelegatingConstructorAccessorImpl.java:45)
	at java.base/java.lang.reflect.Constructor.newInstance(Constructor.java:490)
	at org.junit.platform.commons.util.ReflectionUtils.newInstance(ReflectionUtils.java:552)
	at org.junit.jupiter.engine.execution.ConstructorInvocation.proceed(ConstructorInvocation.java:56)
	at org.junit.jupiter.engine.execution.InvocationInterceptorChain$ValidatingInvocation.proceed(InvocationInterceptorChain.java:131)
	at org.junit.jupiter.api.extension.InvocationInterceptor.interceptTestClassConstructor(InvocationInterceptor.java:73)
	at org.junit.jupiter.engine.execution.InterceptingExecutableInvoker.lambda$invoke$0(InterceptingExecutableInvoker.java:93)
	at org.junit.jupiter.engine.execution.InvocationInterceptorChain$InterceptedInvocation.proceed(InvocationInterceptorChain.java:106)
	at org.junit.jupiter.engine.execution.InvocationInterceptorChain.proceed(InvocationInterceptorChain.java:64)
	at org.junit.jupiter.engine.execution.InvocationInterceptorChain.chainAndInvoke(InvocationInterceptorChain.java:45)
	at org.junit.jupiter.engine.execution.InvocationInterceptorChain.invoke(InvocationInterceptorChain.java:37)
	at org.junit.jupiter.engine.execution.InterceptingExecutableInvoker.invoke(InterceptingExecutableInvoker.java:92)
	at org.junit.jupiter.engine.execution.InterceptingExecutableInvoker.invoke(InterceptingExecutableInvoker.java:62)
	at org.junit.jupiter.engine.descriptor.ClassBasedTestDescriptor.invokeTestClassConstructor(ClassBasedTestDescriptor.java:363)
	at org.junit.jupiter.engine.descriptor.ClassBasedTestDescriptor.instantiateTestClass(ClassBasedTestDescriptor.java:310)
	at org.junit.jupiter.engine.descriptor.ClassTestDescriptor.instantiateTestClass(ClassTestDescriptor.java:79)
	at org.junit.jupiter.engine.descriptor.ClassBasedTestDescriptor.instantiateAndPostProcessTestInstance(ClassBasedTestDescriptor.java:286)
	at org.junit.jupiter.engine.descriptor.ClassBasedTestDescriptor.lambda$testInstancesProvider$4(ClassBasedTestDescriptor.java:278)
	at java.base/java.util.Optional.orElseGet(Optional.java:369)
	at org.junit.jupiter.engine.descriptor.ClassBasedTestDescriptor.lambda$testInstancesProvider$5(ClassBasedTestDescriptor.java:277)
	at org.junit.jupiter.engine.execution.TestInstancesProvider.getTestInstances(TestInstancesProvider.java:31)
	at org.junit.jupiter.engine.descriptor.TestMethodTestDescriptor.lambda$prepare$0(TestMethodTestDescriptor.java:105)
	at org.junit.platform.engine.support.hierarchical.ThrowableCollector.execute(ThrowableCollector.java:73)
	at org.junit.jupiter.engine.descriptor.TestMethodTestDescriptor.prepare(TestMethodTestDescriptor.java:104)
	at org.junit.jupiter.engine.descriptor.TestMethodTestDescriptor.prepare(TestMethodTestDescriptor.java:68)
	at org.junit.platform.engine.support.hierarchical.NodeTestTask.lambda$prepare$2(NodeTestTask.java:123)
	at org.junit.platform.engine.support.hierarchical.ThrowableCollector.execute(ThrowableCollector.java:73)
	at org.junit.platform.engine.support.hierarchical.NodeTestTask.prepare(NodeTestTask.java:123)
	at org.junit.platform.engine.support.hierarchical.NodeTestTask.execute(NodeTestTask.java:90)
	at java.base/java.util.ArrayList.forEach(ArrayList.java:1541)
	at org.junit.platform.engine.support.hierarchical.SameThreadHierarchicalTestExecutorService.invokeAll(SameThreadHierarchicalTestExecutorService.java:41)
	at org.junit.platform.engine.support.hierarchical.NodeTestTask.lambda$executeRecursively$6(NodeTestTask.java:155)
	at org.junit.platform.engine.support.hierarchical.ThrowableCollector.execute(ThrowableCollector.java:73)
	at org.junit.platform.engine.support.hierarchical.NodeTestTask.lambda$executeRecursively$8(NodeTestTask.java:141)
	at org.junit.platform.engine.support.hierarchical.Node.around(Node.java:137)
	at org.junit.platform.engine.support.hierarchical.NodeTestTask.lambda$executeRecursively$9(NodeTestTask.java:139)
	at org.junit.platform.engine.support.hierarchical.ThrowableCollector.execute(ThrowableCollector.java:73)
	at org.junit.platform.engine.support.hierarchical.NodeTestTask.executeRecursively(NodeTestTask.java:138)
	at org.junit.platform.engine.support.hierarchical.NodeTestTask.execute(NodeTestTask.java:95)
	at java.base/java.util.ArrayList.forEach(ArrayList.java:1541)
	at org.junit.platform.engine.support.hierarchical.SameThreadHierarchicalTestExecutorService.invokeAll(SameThreadHierarchicalTestExecutorService.java:41)
	at org.junit.platform.engine.support.hierarchical.NodeTestTask.lambda$executeRecursively$6(NodeTestTask.java:155)
	at org.junit.platform.engine.support.hierarchical.ThrowableCollector.execute(ThrowableCollector.java:73)
	at org.junit.platform.engine.support.hierarchical.NodeTestTask.lambda$executeRecursively$8(NodeTestTask.java:141)
	at org.junit.platform.engine.support.hierarchical.Node.around(Node.java:137)
	at org.junit.platform.engine.support.hierarchical.NodeTestTask.lambda$executeRecursively$9(NodeTestTask.java:139)
	at org.junit.platform.engine.support.hierarchical.ThrowableCollector.execute(ThrowableCollector.java:73)
	at org.junit.platform.engine.support.hierarchical.NodeTestTask.executeRecursively(NodeTestTask.java:138)
	at org.junit.platform.engine.support.hierarchical.NodeTestTask.execute(NodeTestTask.java:95)
	at org.junit.platform.engine.support.hierarchical.SameThreadHierarchicalTestExecutorService.submit(SameThreadHierarchicalTestExecutorService.java:35)
	at org.junit.platform.engine.support.hierarchical.HierarchicalTestExecutor.execute(HierarchicalTestExecutor.java:57)
	at org.junit.platform.engine.support.hierarchical.HierarchicalTestEngine.execute(HierarchicalTestEngine.java:54)
	at org.junit.platform.launcher.core.EngineExecutionOrchestrator.execute(EngineExecutionOrchestrator.java:107)
	at org.junit.platform.launcher.core.EngineExecutionOrchestrator.execute(EngineExecutionOrchestrator.java:88)
	at org.junit.platform.launcher.core.EngineExecutionOrchestrator.lambda$execute$0(EngineExecutionOrchestrator.java:54)
	at org.junit.platform.launcher.core.EngineExecutionOrchestrator.withInterceptedStreams(EngineExecutionOrchestrator.java:67)
	at org.junit.platform.launcher.core.EngineExecutionOrchestrator.execute(EngineExecutionOrchestrator.java:52)
	at org.junit.platform.launcher.core.DefaultLauncher.execute(DefaultLauncher.java:114)
	at org.junit.platform.launcher.core.DefaultLauncher.execute(DefaultLauncher.java:86)
	at org.junit.platform.launcher.core.DefaultLauncherSession$DelegatingLauncher.execute(DefaultLauncherSession.java:86)
	at org.gradle.api.internal.tasks.testing.junitplatform.JUnitPlatformTestClassProcessor$CollectAllTestClassesExecutor.processAllTestClasses(JUnitPlatformTestClassProcessor.java:110)
	at org.gradle.api.internal.tasks.testing.junitplatform.JUnitPlatformTestClassProcessor$CollectAllTestClassesExecutor.access$000(JUnitPlatformTestClassProcessor.java:90)
	at org.gradle.api.internal.tasks.testing.junitplatform.JUnitPlatformTestClassProcessor.stop(JUnitPlatformTestClassProcessor.java:85)
	at org.gradle.api.internal.tasks.testing.SuiteTestClassProcessor.stop(SuiteTestClassProcessor.java:62)
	at java.base/jdk.internal.reflect.NativeMethodAccessorImpl.invoke0(Native Method)
	at java.base/jdk.internal.reflect.NativeMethodAccessorImpl.invoke(NativeMethodAccessorImpl.java:62)
	at java.base/jdk.internal.reflect.DelegatingMethodAccessorImpl.invoke(DelegatingMethodAccessorImpl.java:43)
	at java.base/java.lang.reflect.Method.invoke(Method.java:566)
	at org.gradle.internal.dispatch.ReflectionDispatch.dispatch(ReflectionDispatch.java:36)
	at org.gradle.internal.dispatch.ReflectionDispatch.dispatch(ReflectionDispatch.java:24)
	at org.gradle.internal.dispatch.ContextClassLoaderDispatch.dispatch(ContextClassLoaderDispatch.java:33)
	at org.gradle.internal.dispatch.ProxyDispatchAdapter$DispatchingInvocationHandler.invoke(ProxyDispatchAdapter.java:94)
	at com.sun.proxy.$Proxy5.stop(Unknown Source)
	at org.gradle.api.internal.tasks.testing.worker.TestWorker$3.run(TestWorker.java:193)
	at org.gradle.api.internal.tasks.testing.worker.TestWorker.executeAndMaintainThreadName(TestWorker.java:129)
	at org.gradle.api.internal.tasks.testing.worker.TestWorker.execute(TestWorker.java:100)
	at org.gradle.api.internal.tasks.testing.worker.TestWorker.execute(TestWorker.java:60)
	at org.gradle.process.internal.worker.child.ActionExecutionWorker.execute(ActionExecutionWorker.java:56)
	at org.gradle.process.internal.worker.child.SystemApplicationClassLoaderWorker.call(SystemApplicationClassLoaderWorker.java:113)
	at org.gradle.process.internal.worker.child.SystemApplicationClassLoaderWorker.call(SystemApplicationClassLoaderWorker.java:65)
	at worker.org.gradle.process.internal.worker.GradleWorkerMain.run(GradleWorkerMain.java:69)
	at worker.org.gradle.process.internal.worker.GradleWorkerMain.main(GradleWorkerMain.java:74)
Caused by: UnsolvedSymbolException{context='arg0', name='Solving arg0', cause='null'}
	at com.github.javaparser.symbolsolver.javaparsermodel.TypeExtractor.visit(TypeExtractor.java:335)
	at com.github.javaparser.symbolsolver.javaparsermodel.TypeExtractor.visit(TypeExtractor.java:65)
	at com.github.javaparser.ast.expr.NameExpr.accept(NameExpr.java:79)
	at com.github.javaparser.symbolsolver.javaparsermodel.JavaParserFacade.getTypeConcrete(JavaParserFacade.java:505)
	at com.github.javaparser.symbolsolver.javaparsermodel.JavaParserFacade.getType(JavaParserFacade.java:352)
	at com.github.javaparser.symbolsolver.javaparsermodel.JavaParserFacade.getType(JavaParserFacade.java:334)
	at com.github.javaparser.symbolsolver.JavaSymbolSolver.calculateType(JavaSymbolSolver.java:294)
	at com.github.javaparser.ast.expr.Expression.calculateResolvedType(Expression.java:573)
	at de.uka.ilkd.key.java.JP2KeYVisitor.visit(JP2KeYConverter.java:707)
	at de.uka.ilkd.key.java.JP2KeYVisitor.visit(JP2KeYConverter.java:90)
	at com.github.javaparser.ast.expr.NameExpr.accept(NameExpr.java:79)
	at de.uka.ilkd.key.java.JP2KeYVisitor.lambda$map$1(JP2KeYConverter.java:402)
	at java.base/java.util.stream.ReferencePipeline$3$1.accept(ReferencePipeline.java:195)
	at java.base/java.util.ArrayList$ArrayListSpliterator.forEachRemaining(ArrayList.java:1655)
	at java.base/java.util.stream.AbstractPipeline.copyInto(AbstractPipeline.java:484)
	at java.base/java.util.stream.AbstractPipeline.wrapAndCopyInto(AbstractPipeline.java:474)
	at java.base/java.util.stream.ReduceOps$ReduceOp.evaluateSequential(ReduceOps.java:913)
	at java.base/java.util.stream.AbstractPipeline.evaluate(AbstractPipeline.java:234)
	at java.base/java.util.stream.ReferencePipeline.collect(ReferencePipeline.java:578)
	at de.uka.ilkd.key.java.JP2KeYVisitor.map(JP2KeYConverter.java:403)
	at de.uka.ilkd.key.java.JP2KeYVisitor.visit(JP2KeYConverter.java:506)
	at de.uka.ilkd.key.java.JP2KeYVisitor.visit(JP2KeYConverter.java:90)
	at com.github.javaparser.ast.stmt.ExplicitConstructorInvocationStmt.accept(ExplicitConstructorInvocationStmt.java:96)
	at de.uka.ilkd.key.java.JP2KeYVisitor.lambda$map$1(JP2KeYConverter.java:402)
	at java.base/java.util.stream.ReferencePipeline$3$1.accept(ReferencePipeline.java:195)
	at java.base/java.util.ArrayList$ArrayListSpliterator.forEachRemaining(ArrayList.java:1655)
	at java.base/java.util.stream.AbstractPipeline.copyInto(AbstractPipeline.java:484)
	at java.base/java.util.stream.AbstractPipeline.wrapAndCopyInto(AbstractPipeline.java:474)
	at java.base/java.util.stream.ReduceOps$ReduceOp.evaluateSequential(ReduceOps.java:913)
	at java.base/java.util.stream.AbstractPipeline.evaluate(AbstractPipeline.java:234)
	at java.base/java.util.stream.ReferencePipeline.collect(ReferencePipeline.java:578)
	at de.uka.ilkd.key.java.JP2KeYVisitor.map(JP2KeYConverter.java:403)
	at de.uka.ilkd.key.java.JP2KeYVisitor.visit(JP2KeYConverter.java:258)
	at de.uka.ilkd.key.java.JP2KeYVisitor.visit(JP2KeYConverter.java:90)
	at com.github.javaparser.ast.stmt.BlockStmt.accept(BlockStmt.java:70)
	at de.uka.ilkd.key.java.JP2KeYVisitor.lambda$map$1(JP2KeYConverter.java:402)
	at java.base/java.util.stream.ReferencePipeline$3$1.accept(ReferencePipeline.java:195)
	at java.base/java.util.ArrayList$ArrayListSpliterator.forEachRemaining(ArrayList.java:1655)
	at java.base/java.util.stream.AbstractPipeline.copyInto(AbstractPipeline.java:484)
	at java.base/java.util.stream.AbstractPipeline.wrapAndCopyInto(AbstractPipeline.java:474)
	at java.base/java.util.stream.ReduceOps$ReduceOp.evaluateSequential(ReduceOps.java:913)
	at java.base/java.util.stream.AbstractPipeline.evaluate(AbstractPipeline.java:234)
	at java.base/java.util.stream.ReferencePipeline.collect(ReferencePipeline.java:578)
	at de.uka.ilkd.key.java.JP2KeYVisitor.map(JP2KeYConverter.java:403)
	at de.uka.ilkd.key.java.JP2KeYVisitor.visit(JP2KeYConverter.java:258)
	at de.uka.ilkd.key.java.JP2KeYVisitor.visit(JP2KeYConverter.java:90)
	at com.github.javaparser.ast.stmt.BlockStmt.accept(BlockStmt.java:70)
	at de.uka.ilkd.key.java.JP2KeYVisitor.accept(JP2KeYConverter.java:348)
	at de.uka.ilkd.key.java.JP2KeYVisitor.visit(JP2KeYConverter.java:946)
	at de.uka.ilkd.key.java.JP2KeYVisitor.visit(JP2KeYConverter.java:90)
	at com.github.javaparser.ast.stmt.TryStmt.accept(TryStmt.java:135)
	at de.uka.ilkd.key.java.JP2KeYVisitor.lambda$map$1(JP2KeYConverter.java:402)
	at java.base/java.util.stream.ReferencePipeline$3$1.accept(ReferencePipeline.java:195)
	at java.base/java.util.ArrayList$ArrayListSpliterator.forEachRemaining(ArrayList.java:1655)
	at java.base/java.util.stream.AbstractPipeline.copyInto(AbstractPipeline.java:484)
	at java.base/java.util.stream.AbstractPipeline.wrapAndCopyInto(AbstractPipeline.java:474)
	at java.base/java.util.stream.ReduceOps$ReduceOp.evaluateSequential(ReduceOps.java:913)
	at java.base/java.util.stream.AbstractPipeline.evaluate(AbstractPipeline.java:234)
	at java.base/java.util.stream.ReferencePipeline.collect(ReferencePipeline.java:578)
	at de.uka.ilkd.key.java.JP2KeYVisitor.map(JP2KeYConverter.java:403)
	at de.uka.ilkd.key.java.JP2KeYVisitor.visit(JP2KeYConverter.java:258)
	at de.uka.ilkd.key.java.JP2KeYVisitor.visit(JP2KeYConverter.java:90)
	at com.github.javaparser.ast.stmt.BlockStmt.accept(BlockStmt.java:70)
	at de.uka.ilkd.key.java.JP2KeYVisitor.accept(JP2KeYConverter.java:348)
	at de.uka.ilkd.key.java.JP2KeYVisitor.visit(JP2KeYConverter.java:609)
	at de.uka.ilkd.key.java.JP2KeYVisitor.visit(JP2KeYConverter.java:90)
	at com.github.javaparser.ast.stmt.IfStmt.accept(IfStmt.java:82)
	at de.uka.ilkd.key.java.JP2KeYVisitor.lambda$map$1(JP2KeYConverter.java:402)
	at java.base/java.util.stream.ReferencePipeline$3$1.accept(ReferencePipeline.java:195)
	at java.base/java.util.ArrayList$ArrayListSpliterator.forEachRemaining(ArrayList.java:1655)
	at java.base/java.util.stream.AbstractPipeline.copyInto(AbstractPipeline.java:484)
	at java.base/java.util.stream.AbstractPipeline.wrapAndCopyInto(AbstractPipeline.java:474)
	at java.base/java.util.stream.ReduceOps$ReduceOp.evaluateSequential(ReduceOps.java:913)
	at java.base/java.util.stream.AbstractPipeline.evaluate(AbstractPipeline.java:234)
	at java.base/java.util.stream.ReferencePipeline.collect(ReferencePipeline.java:578)
	at de.uka.ilkd.key.java.JP2KeYVisitor.map(JP2KeYConverter.java:403)
	at de.uka.ilkd.key.java.JP2KeYVisitor.visit(JP2KeYConverter.java:258)
	at de.uka.ilkd.key.java.JP2KeYVisitor.visit(JP2KeYConverter.java:90)
	at com.github.javaparser.ast.stmt.BlockStmt.accept(BlockStmt.java:70)
	at de.uka.ilkd.key.java.JP2KeYVisitor.accept(JP2KeYConverter.java:348)
	at de.uka.ilkd.key.java.JP2KeYVisitor.visit(JP2KeYConverter.java:609)
	at de.uka.ilkd.key.java.JP2KeYVisitor.visit(JP2KeYConverter.java:90)
	at com.github.javaparser.ast.stmt.IfStmt.accept(IfStmt.java:82)
	at de.uka.ilkd.key.java.JP2KeYVisitor.lambda$map$1(JP2KeYConverter.java:402)
	at java.base/java.util.stream.ReferencePipeline$3$1.accept(ReferencePipeline.java:195)
	at java.base/java.util.ArrayList$ArrayListSpliterator.forEachRemaining(ArrayList.java:1655)
	at java.base/java.util.stream.AbstractPipeline.copyInto(AbstractPipeline.java:484)
	at java.base/java.util.stream.AbstractPipeline.wrapAndCopyInto(AbstractPipeline.java:474)
	at java.base/java.util.stream.ReduceOps$ReduceOp.evaluateSequential(ReduceOps.java:913)
	at java.base/java.util.stream.AbstractPipeline.evaluate(AbstractPipeline.java:234)
	at java.base/java.util.stream.ReferencePipeline.collect(ReferencePipeline.java:578)
	at de.uka.ilkd.key.java.JP2KeYVisitor.map(JP2KeYConverter.java:403)
	at de.uka.ilkd.key.java.JP2KeYVisitor.visit(JP2KeYConverter.java:258)
	at de.uka.ilkd.key.java.JP2KeYVisitor.visit(JP2KeYConverter.java:90)
	at com.github.javaparser.ast.stmt.BlockStmt.accept(BlockStmt.java:70)
	at de.uka.ilkd.key.java.JP2KeYVisitor.accept(JP2KeYConverter.java:348)
	at de.uka.ilkd.key.java.JP2KeYVisitor.accepto(JP2KeYConverter.java:418)
	at de.uka.ilkd.key.java.JP2KeYVisitor.visit(JP2KeYConverter.java:688)
	at de.uka.ilkd.key.java.JP2KeYVisitor.visit(JP2KeYConverter.java:90)
	at com.github.javaparser.ast.body.MethodDeclaration.accept(MethodDeclaration.java:98)
	at de.uka.ilkd.key.java.JP2KeYVisitor.lambda$map$1(JP2KeYConverter.java:402)
	at java.base/java.util.stream.ReferencePipeline$3$1.accept(ReferencePipeline.java:195)
	at java.base/java.util.ArrayList$ArrayListSpliterator.forEachRemaining(ArrayList.java:1655)
	at java.base/java.util.stream.AbstractPipeline.copyInto(AbstractPipeline.java:484)
	at java.base/java.util.stream.AbstractPipeline.wrapAndCopyInto(AbstractPipeline.java:474)
	at java.base/java.util.stream.ReduceOps$ReduceOp.evaluateSequential(ReduceOps.java:913)
	at java.base/java.util.stream.AbstractPipeline.evaluate(AbstractPipeline.java:234)
	at java.base/java.util.stream.ReferencePipeline.collect(ReferencePipeline.java:578)
	at de.uka.ilkd.key.java.JP2KeYVisitor.map(JP2KeYConverter.java:403)
	at de.uka.ilkd.key.java.JP2KeYVisitor.visit(JP2KeYConverter.java:310)
	at de.uka.ilkd.key.java.JP2KeYVisitor.visit(JP2KeYConverter.java:90)
	at com.github.javaparser.ast.body.ClassOrInterfaceDeclaration.accept(ClassOrInterfaceDeclaration.java:95)
	at de.uka.ilkd.key.java.JP2KeYVisitor.lambda$map$1(JP2KeYConverter.java:402)
	at java.base/java.util.stream.ReferencePipeline$3$1.accept(ReferencePipeline.java:195)
	at java.base/java.util.ArrayList$ArrayListSpliterator.forEachRemaining(ArrayList.java:1655)
	at java.base/java.util.stream.AbstractPipeline.copyInto(AbstractPipeline.java:484)
	at java.base/java.util.stream.AbstractPipeline.wrapAndCopyInto(AbstractPipeline.java:474)
	at java.base/java.util.stream.ReduceOps$ReduceOp.evaluateSequential(ReduceOps.java:913)
	at java.base/java.util.stream.AbstractPipeline.evaluate(AbstractPipeline.java:234)
	at java.base/java.util.stream.ReferencePipeline.collect(ReferencePipeline.java:578)
	at de.uka.ilkd.key.java.JP2KeYVisitor.map(JP2KeYConverter.java:403)
	at de.uka.ilkd.key.java.JP2KeYVisitor.visit(JP2KeYConverter.java:393)
	at de.uka.ilkd.key.java.JP2KeYVisitor.visit(JP2KeYConverter.java:90)
	at com.github.javaparser.ast.CompilationUnit.accept(CompilationUnit.java:124)
	at de.uka.ilkd.key.java.JP2KeYConverter.process(JP2KeYConverter.java:84)
	at de.uka.ilkd.key.java.JP2KeYConverter.processCompilationUnit(JP2KeYConverter.java:80)
	at de.uka.ilkd.key.java.JavaService.parseLibraryClasses0(JavaService.java:536)
	at de.uka.ilkd.key.java.JavaService.parseSpecialClasses(JavaService.java:511)
	at de.uka.ilkd.key.proof.init.ProblemInitializer.readJava(ProblemInitializer.java:280)
	at de.uka.ilkd.key.proof.init.ProblemInitializer.prepare(ProblemInitializer.java:529)
	at de.uka.ilkd.key.proof.init.ProblemInitializer.prepare(ProblemInitializer.java:471)
	at de.uka.ilkd.key.rule.TacletForTests.parse(TacletForTests.java:80)
	... 90 more
</failure>
  </testcase>
  <testcase name="test13()" classname="de.uka.ilkd.key.parser.TestTermParser" time="0.001">
    <failure message="java.lang.RuntimeException: Exception occurred while parsing src\test\resources\testcase\testrules.key" type="java.lang.RuntimeException">java.lang.RuntimeException: Exception occurred while parsing src\test\resources\testcase\testrules.key
	at de.uka.ilkd.key.rule.TacletForTests.parse(TacletForTests.java:89)
	at de.uka.ilkd.key.rule.TacletForTests.parse(TacletForTests.java:125)
	at de.uka.ilkd.key.rule.TacletForTests.parse(TacletForTests.java:129)
	at de.uka.ilkd.key.rule.TacletForTests.services(TacletForTests.java:102)
	at de.uka.ilkd.key.parser.TestTermParser.getServices(TestTermParser.java:42)
	at de.uka.ilkd.key.parser.AbstractTestTermParser.&lt;init&gt;(AbstractTestTermParser.java:35)
	at de.uka.ilkd.key.parser.TestTermParser.&lt;init&gt;(TestTermParser.java:34)
	at java.base/jdk.internal.reflect.NativeConstructorAccessorImpl.newInstance0(Native Method)
	at java.base/jdk.internal.reflect.NativeConstructorAccessorImpl.newInstance(NativeConstructorAccessorImpl.java:62)
	at java.base/jdk.internal.reflect.DelegatingConstructorAccessorImpl.newInstance(DelegatingConstructorAccessorImpl.java:45)
	at java.base/java.lang.reflect.Constructor.newInstance(Constructor.java:490)
	at org.junit.platform.commons.util.ReflectionUtils.newInstance(ReflectionUtils.java:552)
	at org.junit.jupiter.engine.execution.ConstructorInvocation.proceed(ConstructorInvocation.java:56)
	at org.junit.jupiter.engine.execution.InvocationInterceptorChain$ValidatingInvocation.proceed(InvocationInterceptorChain.java:131)
	at org.junit.jupiter.api.extension.InvocationInterceptor.interceptTestClassConstructor(InvocationInterceptor.java:73)
	at org.junit.jupiter.engine.execution.InterceptingExecutableInvoker.lambda$invoke$0(InterceptingExecutableInvoker.java:93)
	at org.junit.jupiter.engine.execution.InvocationInterceptorChain$InterceptedInvocation.proceed(InvocationInterceptorChain.java:106)
	at org.junit.jupiter.engine.execution.InvocationInterceptorChain.proceed(InvocationInterceptorChain.java:64)
	at org.junit.jupiter.engine.execution.InvocationInterceptorChain.chainAndInvoke(InvocationInterceptorChain.java:45)
	at org.junit.jupiter.engine.execution.InvocationInterceptorChain.invoke(InvocationInterceptorChain.java:37)
	at org.junit.jupiter.engine.execution.InterceptingExecutableInvoker.invoke(InterceptingExecutableInvoker.java:92)
	at org.junit.jupiter.engine.execution.InterceptingExecutableInvoker.invoke(InterceptingExecutableInvoker.java:62)
	at org.junit.jupiter.engine.descriptor.ClassBasedTestDescriptor.invokeTestClassConstructor(ClassBasedTestDescriptor.java:363)
	at org.junit.jupiter.engine.descriptor.ClassBasedTestDescriptor.instantiateTestClass(ClassBasedTestDescriptor.java:310)
	at org.junit.jupiter.engine.descriptor.ClassTestDescriptor.instantiateTestClass(ClassTestDescriptor.java:79)
	at org.junit.jupiter.engine.descriptor.ClassBasedTestDescriptor.instantiateAndPostProcessTestInstance(ClassBasedTestDescriptor.java:286)
	at org.junit.jupiter.engine.descriptor.ClassBasedTestDescriptor.lambda$testInstancesProvider$4(ClassBasedTestDescriptor.java:278)
	at java.base/java.util.Optional.orElseGet(Optional.java:369)
	at org.junit.jupiter.engine.descriptor.ClassBasedTestDescriptor.lambda$testInstancesProvider$5(ClassBasedTestDescriptor.java:277)
	at org.junit.jupiter.engine.execution.TestInstancesProvider.getTestInstances(TestInstancesProvider.java:31)
	at org.junit.jupiter.engine.descriptor.TestMethodTestDescriptor.lambda$prepare$0(TestMethodTestDescriptor.java:105)
	at org.junit.platform.engine.support.hierarchical.ThrowableCollector.execute(ThrowableCollector.java:73)
	at org.junit.jupiter.engine.descriptor.TestMethodTestDescriptor.prepare(TestMethodTestDescriptor.java:104)
	at org.junit.jupiter.engine.descriptor.TestMethodTestDescriptor.prepare(TestMethodTestDescriptor.java:68)
	at org.junit.platform.engine.support.hierarchical.NodeTestTask.lambda$prepare$2(NodeTestTask.java:123)
	at org.junit.platform.engine.support.hierarchical.ThrowableCollector.execute(ThrowableCollector.java:73)
	at org.junit.platform.engine.support.hierarchical.NodeTestTask.prepare(NodeTestTask.java:123)
	at org.junit.platform.engine.support.hierarchical.NodeTestTask.execute(NodeTestTask.java:90)
	at java.base/java.util.ArrayList.forEach(ArrayList.java:1541)
	at org.junit.platform.engine.support.hierarchical.SameThreadHierarchicalTestExecutorService.invokeAll(SameThreadHierarchicalTestExecutorService.java:41)
	at org.junit.platform.engine.support.hierarchical.NodeTestTask.lambda$executeRecursively$6(NodeTestTask.java:155)
	at org.junit.platform.engine.support.hierarchical.ThrowableCollector.execute(ThrowableCollector.java:73)
	at org.junit.platform.engine.support.hierarchical.NodeTestTask.lambda$executeRecursively$8(NodeTestTask.java:141)
	at org.junit.platform.engine.support.hierarchical.Node.around(Node.java:137)
	at org.junit.platform.engine.support.hierarchical.NodeTestTask.lambda$executeRecursively$9(NodeTestTask.java:139)
	at org.junit.platform.engine.support.hierarchical.ThrowableCollector.execute(ThrowableCollector.java:73)
	at org.junit.platform.engine.support.hierarchical.NodeTestTask.executeRecursively(NodeTestTask.java:138)
	at org.junit.platform.engine.support.hierarchical.NodeTestTask.execute(NodeTestTask.java:95)
	at java.base/java.util.ArrayList.forEach(ArrayList.java:1541)
	at org.junit.platform.engine.support.hierarchical.SameThreadHierarchicalTestExecutorService.invokeAll(SameThreadHierarchicalTestExecutorService.java:41)
	at org.junit.platform.engine.support.hierarchical.NodeTestTask.lambda$executeRecursively$6(NodeTestTask.java:155)
	at org.junit.platform.engine.support.hierarchical.ThrowableCollector.execute(ThrowableCollector.java:73)
	at org.junit.platform.engine.support.hierarchical.NodeTestTask.lambda$executeRecursively$8(NodeTestTask.java:141)
	at org.junit.platform.engine.support.hierarchical.Node.around(Node.java:137)
	at org.junit.platform.engine.support.hierarchical.NodeTestTask.lambda$executeRecursively$9(NodeTestTask.java:139)
	at org.junit.platform.engine.support.hierarchical.ThrowableCollector.execute(ThrowableCollector.java:73)
	at org.junit.platform.engine.support.hierarchical.NodeTestTask.executeRecursively(NodeTestTask.java:138)
	at org.junit.platform.engine.support.hierarchical.NodeTestTask.execute(NodeTestTask.java:95)
	at org.junit.platform.engine.support.hierarchical.SameThreadHierarchicalTestExecutorService.submit(SameThreadHierarchicalTestExecutorService.java:35)
	at org.junit.platform.engine.support.hierarchical.HierarchicalTestExecutor.execute(HierarchicalTestExecutor.java:57)
	at org.junit.platform.engine.support.hierarchical.HierarchicalTestEngine.execute(HierarchicalTestEngine.java:54)
	at org.junit.platform.launcher.core.EngineExecutionOrchestrator.execute(EngineExecutionOrchestrator.java:107)
	at org.junit.platform.launcher.core.EngineExecutionOrchestrator.execute(EngineExecutionOrchestrator.java:88)
	at org.junit.platform.launcher.core.EngineExecutionOrchestrator.lambda$execute$0(EngineExecutionOrchestrator.java:54)
	at org.junit.platform.launcher.core.EngineExecutionOrchestrator.withInterceptedStreams(EngineExecutionOrchestrator.java:67)
	at org.junit.platform.launcher.core.EngineExecutionOrchestrator.execute(EngineExecutionOrchestrator.java:52)
	at org.junit.platform.launcher.core.DefaultLauncher.execute(DefaultLauncher.java:114)
	at org.junit.platform.launcher.core.DefaultLauncher.execute(DefaultLauncher.java:86)
	at org.junit.platform.launcher.core.DefaultLauncherSession$DelegatingLauncher.execute(DefaultLauncherSession.java:86)
	at org.gradle.api.internal.tasks.testing.junitplatform.JUnitPlatformTestClassProcessor$CollectAllTestClassesExecutor.processAllTestClasses(JUnitPlatformTestClassProcessor.java:110)
	at org.gradle.api.internal.tasks.testing.junitplatform.JUnitPlatformTestClassProcessor$CollectAllTestClassesExecutor.access$000(JUnitPlatformTestClassProcessor.java:90)
	at org.gradle.api.internal.tasks.testing.junitplatform.JUnitPlatformTestClassProcessor.stop(JUnitPlatformTestClassProcessor.java:85)
	at org.gradle.api.internal.tasks.testing.SuiteTestClassProcessor.stop(SuiteTestClassProcessor.java:62)
	at java.base/jdk.internal.reflect.NativeMethodAccessorImpl.invoke0(Native Method)
	at java.base/jdk.internal.reflect.NativeMethodAccessorImpl.invoke(NativeMethodAccessorImpl.java:62)
	at java.base/jdk.internal.reflect.DelegatingMethodAccessorImpl.invoke(DelegatingMethodAccessorImpl.java:43)
	at java.base/java.lang.reflect.Method.invoke(Method.java:566)
	at org.gradle.internal.dispatch.ReflectionDispatch.dispatch(ReflectionDispatch.java:36)
	at org.gradle.internal.dispatch.ReflectionDispatch.dispatch(ReflectionDispatch.java:24)
	at org.gradle.internal.dispatch.ContextClassLoaderDispatch.dispatch(ContextClassLoaderDispatch.java:33)
	at org.gradle.internal.dispatch.ProxyDispatchAdapter$DispatchingInvocationHandler.invoke(ProxyDispatchAdapter.java:94)
	at com.sun.proxy.$Proxy5.stop(Unknown Source)
	at org.gradle.api.internal.tasks.testing.worker.TestWorker$3.run(TestWorker.java:193)
	at org.gradle.api.internal.tasks.testing.worker.TestWorker.executeAndMaintainThreadName(TestWorker.java:129)
	at org.gradle.api.internal.tasks.testing.worker.TestWorker.execute(TestWorker.java:100)
	at org.gradle.api.internal.tasks.testing.worker.TestWorker.execute(TestWorker.java:60)
	at org.gradle.process.internal.worker.child.ActionExecutionWorker.execute(ActionExecutionWorker.java:56)
	at org.gradle.process.internal.worker.child.SystemApplicationClassLoaderWorker.call(SystemApplicationClassLoaderWorker.java:113)
	at org.gradle.process.internal.worker.child.SystemApplicationClassLoaderWorker.call(SystemApplicationClassLoaderWorker.java:65)
	at worker.org.gradle.process.internal.worker.GradleWorkerMain.run(GradleWorkerMain.java:69)
	at worker.org.gradle.process.internal.worker.GradleWorkerMain.main(GradleWorkerMain.java:74)
Caused by: UnsolvedSymbolException{context='arg0', name='Solving arg0', cause='null'}
	at com.github.javaparser.symbolsolver.javaparsermodel.TypeExtractor.visit(TypeExtractor.java:335)
	at com.github.javaparser.symbolsolver.javaparsermodel.TypeExtractor.visit(TypeExtractor.java:65)
	at com.github.javaparser.ast.expr.NameExpr.accept(NameExpr.java:79)
	at com.github.javaparser.symbolsolver.javaparsermodel.JavaParserFacade.getTypeConcrete(JavaParserFacade.java:505)
	at com.github.javaparser.symbolsolver.javaparsermodel.JavaParserFacade.getType(JavaParserFacade.java:352)
	at com.github.javaparser.symbolsolver.javaparsermodel.JavaParserFacade.getType(JavaParserFacade.java:334)
	at com.github.javaparser.symbolsolver.JavaSymbolSolver.calculateType(JavaSymbolSolver.java:294)
	at com.github.javaparser.ast.expr.Expression.calculateResolvedType(Expression.java:573)
	at de.uka.ilkd.key.java.JP2KeYVisitor.visit(JP2KeYConverter.java:707)
	at de.uka.ilkd.key.java.JP2KeYVisitor.visit(JP2KeYConverter.java:90)
	at com.github.javaparser.ast.expr.NameExpr.accept(NameExpr.java:79)
	at de.uka.ilkd.key.java.JP2KeYVisitor.lambda$map$1(JP2KeYConverter.java:402)
	at java.base/java.util.stream.ReferencePipeline$3$1.accept(ReferencePipeline.java:195)
	at java.base/java.util.ArrayList$ArrayListSpliterator.forEachRemaining(ArrayList.java:1655)
	at java.base/java.util.stream.AbstractPipeline.copyInto(AbstractPipeline.java:484)
	at java.base/java.util.stream.AbstractPipeline.wrapAndCopyInto(AbstractPipeline.java:474)
	at java.base/java.util.stream.ReduceOps$ReduceOp.evaluateSequential(ReduceOps.java:913)
	at java.base/java.util.stream.AbstractPipeline.evaluate(AbstractPipeline.java:234)
	at java.base/java.util.stream.ReferencePipeline.collect(ReferencePipeline.java:578)
	at de.uka.ilkd.key.java.JP2KeYVisitor.map(JP2KeYConverter.java:403)
	at de.uka.ilkd.key.java.JP2KeYVisitor.visit(JP2KeYConverter.java:506)
	at de.uka.ilkd.key.java.JP2KeYVisitor.visit(JP2KeYConverter.java:90)
	at com.github.javaparser.ast.stmt.ExplicitConstructorInvocationStmt.accept(ExplicitConstructorInvocationStmt.java:96)
	at de.uka.ilkd.key.java.JP2KeYVisitor.lambda$map$1(JP2KeYConverter.java:402)
	at java.base/java.util.stream.ReferencePipeline$3$1.accept(ReferencePipeline.java:195)
	at java.base/java.util.ArrayList$ArrayListSpliterator.forEachRemaining(ArrayList.java:1655)
	at java.base/java.util.stream.AbstractPipeline.copyInto(AbstractPipeline.java:484)
	at java.base/java.util.stream.AbstractPipeline.wrapAndCopyInto(AbstractPipeline.java:474)
	at java.base/java.util.stream.ReduceOps$ReduceOp.evaluateSequential(ReduceOps.java:913)
	at java.base/java.util.stream.AbstractPipeline.evaluate(AbstractPipeline.java:234)
	at java.base/java.util.stream.ReferencePipeline.collect(ReferencePipeline.java:578)
	at de.uka.ilkd.key.java.JP2KeYVisitor.map(JP2KeYConverter.java:403)
	at de.uka.ilkd.key.java.JP2KeYVisitor.visit(JP2KeYConverter.java:258)
	at de.uka.ilkd.key.java.JP2KeYVisitor.visit(JP2KeYConverter.java:90)
	at com.github.javaparser.ast.stmt.BlockStmt.accept(BlockStmt.java:70)
	at de.uka.ilkd.key.java.JP2KeYVisitor.lambda$map$1(JP2KeYConverter.java:402)
	at java.base/java.util.stream.ReferencePipeline$3$1.accept(ReferencePipeline.java:195)
	at java.base/java.util.ArrayList$ArrayListSpliterator.forEachRemaining(ArrayList.java:1655)
	at java.base/java.util.stream.AbstractPipeline.copyInto(AbstractPipeline.java:484)
	at java.base/java.util.stream.AbstractPipeline.wrapAndCopyInto(AbstractPipeline.java:474)
	at java.base/java.util.stream.ReduceOps$ReduceOp.evaluateSequential(ReduceOps.java:913)
	at java.base/java.util.stream.AbstractPipeline.evaluate(AbstractPipeline.java:234)
	at java.base/java.util.stream.ReferencePipeline.collect(ReferencePipeline.java:578)
	at de.uka.ilkd.key.java.JP2KeYVisitor.map(JP2KeYConverter.java:403)
	at de.uka.ilkd.key.java.JP2KeYVisitor.visit(JP2KeYConverter.java:258)
	at de.uka.ilkd.key.java.JP2KeYVisitor.visit(JP2KeYConverter.java:90)
	at com.github.javaparser.ast.stmt.BlockStmt.accept(BlockStmt.java:70)
	at de.uka.ilkd.key.java.JP2KeYVisitor.accept(JP2KeYConverter.java:348)
	at de.uka.ilkd.key.java.JP2KeYVisitor.visit(JP2KeYConverter.java:946)
	at de.uka.ilkd.key.java.JP2KeYVisitor.visit(JP2KeYConverter.java:90)
	at com.github.javaparser.ast.stmt.TryStmt.accept(TryStmt.java:135)
	at de.uka.ilkd.key.java.JP2KeYVisitor.lambda$map$1(JP2KeYConverter.java:402)
	at java.base/java.util.stream.ReferencePipeline$3$1.accept(ReferencePipeline.java:195)
	at java.base/java.util.ArrayList$ArrayListSpliterator.forEachRemaining(ArrayList.java:1655)
	at java.base/java.util.stream.AbstractPipeline.copyInto(AbstractPipeline.java:484)
	at java.base/java.util.stream.AbstractPipeline.wrapAndCopyInto(AbstractPipeline.java:474)
	at java.base/java.util.stream.ReduceOps$ReduceOp.evaluateSequential(ReduceOps.java:913)
	at java.base/java.util.stream.AbstractPipeline.evaluate(AbstractPipeline.java:234)
	at java.base/java.util.stream.ReferencePipeline.collect(ReferencePipeline.java:578)
	at de.uka.ilkd.key.java.JP2KeYVisitor.map(JP2KeYConverter.java:403)
	at de.uka.ilkd.key.java.JP2KeYVisitor.visit(JP2KeYConverter.java:258)
	at de.uka.ilkd.key.java.JP2KeYVisitor.visit(JP2KeYConverter.java:90)
	at com.github.javaparser.ast.stmt.BlockStmt.accept(BlockStmt.java:70)
	at de.uka.ilkd.key.java.JP2KeYVisitor.accept(JP2KeYConverter.java:348)
	at de.uka.ilkd.key.java.JP2KeYVisitor.visit(JP2KeYConverter.java:609)
	at de.uka.ilkd.key.java.JP2KeYVisitor.visit(JP2KeYConverter.java:90)
	at com.github.javaparser.ast.stmt.IfStmt.accept(IfStmt.java:82)
	at de.uka.ilkd.key.java.JP2KeYVisitor.lambda$map$1(JP2KeYConverter.java:402)
	at java.base/java.util.stream.ReferencePipeline$3$1.accept(ReferencePipeline.java:195)
	at java.base/java.util.ArrayList$ArrayListSpliterator.forEachRemaining(ArrayList.java:1655)
	at java.base/java.util.stream.AbstractPipeline.copyInto(AbstractPipeline.java:484)
	at java.base/java.util.stream.AbstractPipeline.wrapAndCopyInto(AbstractPipeline.java:474)
	at java.base/java.util.stream.ReduceOps$ReduceOp.evaluateSequential(ReduceOps.java:913)
	at java.base/java.util.stream.AbstractPipeline.evaluate(AbstractPipeline.java:234)
	at java.base/java.util.stream.ReferencePipeline.collect(ReferencePipeline.java:578)
	at de.uka.ilkd.key.java.JP2KeYVisitor.map(JP2KeYConverter.java:403)
	at de.uka.ilkd.key.java.JP2KeYVisitor.visit(JP2KeYConverter.java:258)
	at de.uka.ilkd.key.java.JP2KeYVisitor.visit(JP2KeYConverter.java:90)
	at com.github.javaparser.ast.stmt.BlockStmt.accept(BlockStmt.java:70)
	at de.uka.ilkd.key.java.JP2KeYVisitor.accept(JP2KeYConverter.java:348)
	at de.uka.ilkd.key.java.JP2KeYVisitor.visit(JP2KeYConverter.java:609)
	at de.uka.ilkd.key.java.JP2KeYVisitor.visit(JP2KeYConverter.java:90)
	at com.github.javaparser.ast.stmt.IfStmt.accept(IfStmt.java:82)
	at de.uka.ilkd.key.java.JP2KeYVisitor.lambda$map$1(JP2KeYConverter.java:402)
	at java.base/java.util.stream.ReferencePipeline$3$1.accept(ReferencePipeline.java:195)
	at java.base/java.util.ArrayList$ArrayListSpliterator.forEachRemaining(ArrayList.java:1655)
	at java.base/java.util.stream.AbstractPipeline.copyInto(AbstractPipeline.java:484)
	at java.base/java.util.stream.AbstractPipeline.wrapAndCopyInto(AbstractPipeline.java:474)
	at java.base/java.util.stream.ReduceOps$ReduceOp.evaluateSequential(ReduceOps.java:913)
	at java.base/java.util.stream.AbstractPipeline.evaluate(AbstractPipeline.java:234)
	at java.base/java.util.stream.ReferencePipeline.collect(ReferencePipeline.java:578)
	at de.uka.ilkd.key.java.JP2KeYVisitor.map(JP2KeYConverter.java:403)
	at de.uka.ilkd.key.java.JP2KeYVisitor.visit(JP2KeYConverter.java:258)
	at de.uka.ilkd.key.java.JP2KeYVisitor.visit(JP2KeYConverter.java:90)
	at com.github.javaparser.ast.stmt.BlockStmt.accept(BlockStmt.java:70)
	at de.uka.ilkd.key.java.JP2KeYVisitor.accept(JP2KeYConverter.java:348)
	at de.uka.ilkd.key.java.JP2KeYVisitor.accepto(JP2KeYConverter.java:418)
	at de.uka.ilkd.key.java.JP2KeYVisitor.visit(JP2KeYConverter.java:688)
	at de.uka.ilkd.key.java.JP2KeYVisitor.visit(JP2KeYConverter.java:90)
	at com.github.javaparser.ast.body.MethodDeclaration.accept(MethodDeclaration.java:98)
	at de.uka.ilkd.key.java.JP2KeYVisitor.lambda$map$1(JP2KeYConverter.java:402)
	at java.base/java.util.stream.ReferencePipeline$3$1.accept(ReferencePipeline.java:195)
	at java.base/java.util.ArrayList$ArrayListSpliterator.forEachRemaining(ArrayList.java:1655)
	at java.base/java.util.stream.AbstractPipeline.copyInto(AbstractPipeline.java:484)
	at java.base/java.util.stream.AbstractPipeline.wrapAndCopyInto(AbstractPipeline.java:474)
	at java.base/java.util.stream.ReduceOps$ReduceOp.evaluateSequential(ReduceOps.java:913)
	at java.base/java.util.stream.AbstractPipeline.evaluate(AbstractPipeline.java:234)
	at java.base/java.util.stream.ReferencePipeline.collect(ReferencePipeline.java:578)
	at de.uka.ilkd.key.java.JP2KeYVisitor.map(JP2KeYConverter.java:403)
	at de.uka.ilkd.key.java.JP2KeYVisitor.visit(JP2KeYConverter.java:310)
	at de.uka.ilkd.key.java.JP2KeYVisitor.visit(JP2KeYConverter.java:90)
	at com.github.javaparser.ast.body.ClassOrInterfaceDeclaration.accept(ClassOrInterfaceDeclaration.java:95)
	at de.uka.ilkd.key.java.JP2KeYVisitor.lambda$map$1(JP2KeYConverter.java:402)
	at java.base/java.util.stream.ReferencePipeline$3$1.accept(ReferencePipeline.java:195)
	at java.base/java.util.ArrayList$ArrayListSpliterator.forEachRemaining(ArrayList.java:1655)
	at java.base/java.util.stream.AbstractPipeline.copyInto(AbstractPipeline.java:484)
	at java.base/java.util.stream.AbstractPipeline.wrapAndCopyInto(AbstractPipeline.java:474)
	at java.base/java.util.stream.ReduceOps$ReduceOp.evaluateSequential(ReduceOps.java:913)
	at java.base/java.util.stream.AbstractPipeline.evaluate(AbstractPipeline.java:234)
	at java.base/java.util.stream.ReferencePipeline.collect(ReferencePipeline.java:578)
	at de.uka.ilkd.key.java.JP2KeYVisitor.map(JP2KeYConverter.java:403)
	at de.uka.ilkd.key.java.JP2KeYVisitor.visit(JP2KeYConverter.java:393)
	at de.uka.ilkd.key.java.JP2KeYVisitor.visit(JP2KeYConverter.java:90)
	at com.github.javaparser.ast.CompilationUnit.accept(CompilationUnit.java:124)
	at de.uka.ilkd.key.java.JP2KeYConverter.process(JP2KeYConverter.java:84)
	at de.uka.ilkd.key.java.JP2KeYConverter.processCompilationUnit(JP2KeYConverter.java:80)
	at de.uka.ilkd.key.java.JavaService.parseLibraryClasses0(JavaService.java:536)
	at de.uka.ilkd.key.java.JavaService.parseSpecialClasses(JavaService.java:511)
	at de.uka.ilkd.key.proof.init.ProblemInitializer.readJava(ProblemInitializer.java:280)
	at de.uka.ilkd.key.proof.init.ProblemInitializer.prepare(ProblemInitializer.java:529)
	at de.uka.ilkd.key.proof.init.ProblemInitializer.prepare(ProblemInitializer.java:471)
	at de.uka.ilkd.key.rule.TacletForTests.parse(TacletForTests.java:80)
	... 90 more
</failure>
  </testcase>
  <testcase name="test14()" classname="de.uka.ilkd.key.parser.TestTermParser" time="0.0">
    <failure message="java.lang.RuntimeException: Exception occurred while parsing src\test\resources\testcase\testrules.key" type="java.lang.RuntimeException">java.lang.RuntimeException: Exception occurred while parsing src\test\resources\testcase\testrules.key
	at de.uka.ilkd.key.rule.TacletForTests.parse(TacletForTests.java:89)
	at de.uka.ilkd.key.rule.TacletForTests.parse(TacletForTests.java:125)
	at de.uka.ilkd.key.rule.TacletForTests.parse(TacletForTests.java:129)
	at de.uka.ilkd.key.rule.TacletForTests.services(TacletForTests.java:102)
	at de.uka.ilkd.key.parser.TestTermParser.getServices(TestTermParser.java:42)
	at de.uka.ilkd.key.parser.AbstractTestTermParser.&lt;init&gt;(AbstractTestTermParser.java:35)
	at de.uka.ilkd.key.parser.TestTermParser.&lt;init&gt;(TestTermParser.java:34)
	at java.base/jdk.internal.reflect.NativeConstructorAccessorImpl.newInstance0(Native Method)
	at java.base/jdk.internal.reflect.NativeConstructorAccessorImpl.newInstance(NativeConstructorAccessorImpl.java:62)
	at java.base/jdk.internal.reflect.DelegatingConstructorAccessorImpl.newInstance(DelegatingConstructorAccessorImpl.java:45)
	at java.base/java.lang.reflect.Constructor.newInstance(Constructor.java:490)
	at org.junit.platform.commons.util.ReflectionUtils.newInstance(ReflectionUtils.java:552)
	at org.junit.jupiter.engine.execution.ConstructorInvocation.proceed(ConstructorInvocation.java:56)
	at org.junit.jupiter.engine.execution.InvocationInterceptorChain$ValidatingInvocation.proceed(InvocationInterceptorChain.java:131)
	at org.junit.jupiter.api.extension.InvocationInterceptor.interceptTestClassConstructor(InvocationInterceptor.java:73)
	at org.junit.jupiter.engine.execution.InterceptingExecutableInvoker.lambda$invoke$0(InterceptingExecutableInvoker.java:93)
	at org.junit.jupiter.engine.execution.InvocationInterceptorChain$InterceptedInvocation.proceed(InvocationInterceptorChain.java:106)
	at org.junit.jupiter.engine.execution.InvocationInterceptorChain.proceed(InvocationInterceptorChain.java:64)
	at org.junit.jupiter.engine.execution.InvocationInterceptorChain.chainAndInvoke(InvocationInterceptorChain.java:45)
	at org.junit.jupiter.engine.execution.InvocationInterceptorChain.invoke(InvocationInterceptorChain.java:37)
	at org.junit.jupiter.engine.execution.InterceptingExecutableInvoker.invoke(InterceptingExecutableInvoker.java:92)
	at org.junit.jupiter.engine.execution.InterceptingExecutableInvoker.invoke(InterceptingExecutableInvoker.java:62)
	at org.junit.jupiter.engine.descriptor.ClassBasedTestDescriptor.invokeTestClassConstructor(ClassBasedTestDescriptor.java:363)
	at org.junit.jupiter.engine.descriptor.ClassBasedTestDescriptor.instantiateTestClass(ClassBasedTestDescriptor.java:310)
	at org.junit.jupiter.engine.descriptor.ClassTestDescriptor.instantiateTestClass(ClassTestDescriptor.java:79)
	at org.junit.jupiter.engine.descriptor.ClassBasedTestDescriptor.instantiateAndPostProcessTestInstance(ClassBasedTestDescriptor.java:286)
	at org.junit.jupiter.engine.descriptor.ClassBasedTestDescriptor.lambda$testInstancesProvider$4(ClassBasedTestDescriptor.java:278)
	at java.base/java.util.Optional.orElseGet(Optional.java:369)
	at org.junit.jupiter.engine.descriptor.ClassBasedTestDescriptor.lambda$testInstancesProvider$5(ClassBasedTestDescriptor.java:277)
	at org.junit.jupiter.engine.execution.TestInstancesProvider.getTestInstances(TestInstancesProvider.java:31)
	at org.junit.jupiter.engine.descriptor.TestMethodTestDescriptor.lambda$prepare$0(TestMethodTestDescriptor.java:105)
	at org.junit.platform.engine.support.hierarchical.ThrowableCollector.execute(ThrowableCollector.java:73)
	at org.junit.jupiter.engine.descriptor.TestMethodTestDescriptor.prepare(TestMethodTestDescriptor.java:104)
	at org.junit.jupiter.engine.descriptor.TestMethodTestDescriptor.prepare(TestMethodTestDescriptor.java:68)
	at org.junit.platform.engine.support.hierarchical.NodeTestTask.lambda$prepare$2(NodeTestTask.java:123)
	at org.junit.platform.engine.support.hierarchical.ThrowableCollector.execute(ThrowableCollector.java:73)
	at org.junit.platform.engine.support.hierarchical.NodeTestTask.prepare(NodeTestTask.java:123)
	at org.junit.platform.engine.support.hierarchical.NodeTestTask.execute(NodeTestTask.java:90)
	at java.base/java.util.ArrayList.forEach(ArrayList.java:1541)
	at org.junit.platform.engine.support.hierarchical.SameThreadHierarchicalTestExecutorService.invokeAll(SameThreadHierarchicalTestExecutorService.java:41)
	at org.junit.platform.engine.support.hierarchical.NodeTestTask.lambda$executeRecursively$6(NodeTestTask.java:155)
	at org.junit.platform.engine.support.hierarchical.ThrowableCollector.execute(ThrowableCollector.java:73)
	at org.junit.platform.engine.support.hierarchical.NodeTestTask.lambda$executeRecursively$8(NodeTestTask.java:141)
	at org.junit.platform.engine.support.hierarchical.Node.around(Node.java:137)
	at org.junit.platform.engine.support.hierarchical.NodeTestTask.lambda$executeRecursively$9(NodeTestTask.java:139)
	at org.junit.platform.engine.support.hierarchical.ThrowableCollector.execute(ThrowableCollector.java:73)
	at org.junit.platform.engine.support.hierarchical.NodeTestTask.executeRecursively(NodeTestTask.java:138)
	at org.junit.platform.engine.support.hierarchical.NodeTestTask.execute(NodeTestTask.java:95)
	at java.base/java.util.ArrayList.forEach(ArrayList.java:1541)
	at org.junit.platform.engine.support.hierarchical.SameThreadHierarchicalTestExecutorService.invokeAll(SameThreadHierarchicalTestExecutorService.java:41)
	at org.junit.platform.engine.support.hierarchical.NodeTestTask.lambda$executeRecursively$6(NodeTestTask.java:155)
	at org.junit.platform.engine.support.hierarchical.ThrowableCollector.execute(ThrowableCollector.java:73)
	at org.junit.platform.engine.support.hierarchical.NodeTestTask.lambda$executeRecursively$8(NodeTestTask.java:141)
	at org.junit.platform.engine.support.hierarchical.Node.around(Node.java:137)
	at org.junit.platform.engine.support.hierarchical.NodeTestTask.lambda$executeRecursively$9(NodeTestTask.java:139)
	at org.junit.platform.engine.support.hierarchical.ThrowableCollector.execute(ThrowableCollector.java:73)
	at org.junit.platform.engine.support.hierarchical.NodeTestTask.executeRecursively(NodeTestTask.java:138)
	at org.junit.platform.engine.support.hierarchical.NodeTestTask.execute(NodeTestTask.java:95)
	at org.junit.platform.engine.support.hierarchical.SameThreadHierarchicalTestExecutorService.submit(SameThreadHierarchicalTestExecutorService.java:35)
	at org.junit.platform.engine.support.hierarchical.HierarchicalTestExecutor.execute(HierarchicalTestExecutor.java:57)
	at org.junit.platform.engine.support.hierarchical.HierarchicalTestEngine.execute(HierarchicalTestEngine.java:54)
	at org.junit.platform.launcher.core.EngineExecutionOrchestrator.execute(EngineExecutionOrchestrator.java:107)
	at org.junit.platform.launcher.core.EngineExecutionOrchestrator.execute(EngineExecutionOrchestrator.java:88)
	at org.junit.platform.launcher.core.EngineExecutionOrchestrator.lambda$execute$0(EngineExecutionOrchestrator.java:54)
	at org.junit.platform.launcher.core.EngineExecutionOrchestrator.withInterceptedStreams(EngineExecutionOrchestrator.java:67)
	at org.junit.platform.launcher.core.EngineExecutionOrchestrator.execute(EngineExecutionOrchestrator.java:52)
	at org.junit.platform.launcher.core.DefaultLauncher.execute(DefaultLauncher.java:114)
	at org.junit.platform.launcher.core.DefaultLauncher.execute(DefaultLauncher.java:86)
	at org.junit.platform.launcher.core.DefaultLauncherSession$DelegatingLauncher.execute(DefaultLauncherSession.java:86)
	at org.gradle.api.internal.tasks.testing.junitplatform.JUnitPlatformTestClassProcessor$CollectAllTestClassesExecutor.processAllTestClasses(JUnitPlatformTestClassProcessor.java:110)
	at org.gradle.api.internal.tasks.testing.junitplatform.JUnitPlatformTestClassProcessor$CollectAllTestClassesExecutor.access$000(JUnitPlatformTestClassProcessor.java:90)
	at org.gradle.api.internal.tasks.testing.junitplatform.JUnitPlatformTestClassProcessor.stop(JUnitPlatformTestClassProcessor.java:85)
	at org.gradle.api.internal.tasks.testing.SuiteTestClassProcessor.stop(SuiteTestClassProcessor.java:62)
	at java.base/jdk.internal.reflect.NativeMethodAccessorImpl.invoke0(Native Method)
	at java.base/jdk.internal.reflect.NativeMethodAccessorImpl.invoke(NativeMethodAccessorImpl.java:62)
	at java.base/jdk.internal.reflect.DelegatingMethodAccessorImpl.invoke(DelegatingMethodAccessorImpl.java:43)
	at java.base/java.lang.reflect.Method.invoke(Method.java:566)
	at org.gradle.internal.dispatch.ReflectionDispatch.dispatch(ReflectionDispatch.java:36)
	at org.gradle.internal.dispatch.ReflectionDispatch.dispatch(ReflectionDispatch.java:24)
	at org.gradle.internal.dispatch.ContextClassLoaderDispatch.dispatch(ContextClassLoaderDispatch.java:33)
	at org.gradle.internal.dispatch.ProxyDispatchAdapter$DispatchingInvocationHandler.invoke(ProxyDispatchAdapter.java:94)
	at com.sun.proxy.$Proxy5.stop(Unknown Source)
	at org.gradle.api.internal.tasks.testing.worker.TestWorker$3.run(TestWorker.java:193)
	at org.gradle.api.internal.tasks.testing.worker.TestWorker.executeAndMaintainThreadName(TestWorker.java:129)
	at org.gradle.api.internal.tasks.testing.worker.TestWorker.execute(TestWorker.java:100)
	at org.gradle.api.internal.tasks.testing.worker.TestWorker.execute(TestWorker.java:60)
	at org.gradle.process.internal.worker.child.ActionExecutionWorker.execute(ActionExecutionWorker.java:56)
	at org.gradle.process.internal.worker.child.SystemApplicationClassLoaderWorker.call(SystemApplicationClassLoaderWorker.java:113)
	at org.gradle.process.internal.worker.child.SystemApplicationClassLoaderWorker.call(SystemApplicationClassLoaderWorker.java:65)
	at worker.org.gradle.process.internal.worker.GradleWorkerMain.run(GradleWorkerMain.java:69)
	at worker.org.gradle.process.internal.worker.GradleWorkerMain.main(GradleWorkerMain.java:74)
Caused by: UnsolvedSymbolException{context='arg0', name='Solving arg0', cause='null'}
	at com.github.javaparser.symbolsolver.javaparsermodel.TypeExtractor.visit(TypeExtractor.java:335)
	at com.github.javaparser.symbolsolver.javaparsermodel.TypeExtractor.visit(TypeExtractor.java:65)
	at com.github.javaparser.ast.expr.NameExpr.accept(NameExpr.java:79)
	at com.github.javaparser.symbolsolver.javaparsermodel.JavaParserFacade.getTypeConcrete(JavaParserFacade.java:505)
	at com.github.javaparser.symbolsolver.javaparsermodel.JavaParserFacade.getType(JavaParserFacade.java:352)
	at com.github.javaparser.symbolsolver.javaparsermodel.JavaParserFacade.getType(JavaParserFacade.java:334)
	at com.github.javaparser.symbolsolver.JavaSymbolSolver.calculateType(JavaSymbolSolver.java:294)
	at com.github.javaparser.ast.expr.Expression.calculateResolvedType(Expression.java:573)
	at de.uka.ilkd.key.java.JP2KeYVisitor.visit(JP2KeYConverter.java:707)
	at de.uka.ilkd.key.java.JP2KeYVisitor.visit(JP2KeYConverter.java:90)
	at com.github.javaparser.ast.expr.NameExpr.accept(NameExpr.java:79)
	at de.uka.ilkd.key.java.JP2KeYVisitor.lambda$map$1(JP2KeYConverter.java:402)
	at java.base/java.util.stream.ReferencePipeline$3$1.accept(ReferencePipeline.java:195)
	at java.base/java.util.ArrayList$ArrayListSpliterator.forEachRemaining(ArrayList.java:1655)
	at java.base/java.util.stream.AbstractPipeline.copyInto(AbstractPipeline.java:484)
	at java.base/java.util.stream.AbstractPipeline.wrapAndCopyInto(AbstractPipeline.java:474)
	at java.base/java.util.stream.ReduceOps$ReduceOp.evaluateSequential(ReduceOps.java:913)
	at java.base/java.util.stream.AbstractPipeline.evaluate(AbstractPipeline.java:234)
	at java.base/java.util.stream.ReferencePipeline.collect(ReferencePipeline.java:578)
	at de.uka.ilkd.key.java.JP2KeYVisitor.map(JP2KeYConverter.java:403)
	at de.uka.ilkd.key.java.JP2KeYVisitor.visit(JP2KeYConverter.java:506)
	at de.uka.ilkd.key.java.JP2KeYVisitor.visit(JP2KeYConverter.java:90)
	at com.github.javaparser.ast.stmt.ExplicitConstructorInvocationStmt.accept(ExplicitConstructorInvocationStmt.java:96)
	at de.uka.ilkd.key.java.JP2KeYVisitor.lambda$map$1(JP2KeYConverter.java:402)
	at java.base/java.util.stream.ReferencePipeline$3$1.accept(ReferencePipeline.java:195)
	at java.base/java.util.ArrayList$ArrayListSpliterator.forEachRemaining(ArrayList.java:1655)
	at java.base/java.util.stream.AbstractPipeline.copyInto(AbstractPipeline.java:484)
	at java.base/java.util.stream.AbstractPipeline.wrapAndCopyInto(AbstractPipeline.java:474)
	at java.base/java.util.stream.ReduceOps$ReduceOp.evaluateSequential(ReduceOps.java:913)
	at java.base/java.util.stream.AbstractPipeline.evaluate(AbstractPipeline.java:234)
	at java.base/java.util.stream.ReferencePipeline.collect(ReferencePipeline.java:578)
	at de.uka.ilkd.key.java.JP2KeYVisitor.map(JP2KeYConverter.java:403)
	at de.uka.ilkd.key.java.JP2KeYVisitor.visit(JP2KeYConverter.java:258)
	at de.uka.ilkd.key.java.JP2KeYVisitor.visit(JP2KeYConverter.java:90)
	at com.github.javaparser.ast.stmt.BlockStmt.accept(BlockStmt.java:70)
	at de.uka.ilkd.key.java.JP2KeYVisitor.lambda$map$1(JP2KeYConverter.java:402)
	at java.base/java.util.stream.ReferencePipeline$3$1.accept(ReferencePipeline.java:195)
	at java.base/java.util.ArrayList$ArrayListSpliterator.forEachRemaining(ArrayList.java:1655)
	at java.base/java.util.stream.AbstractPipeline.copyInto(AbstractPipeline.java:484)
	at java.base/java.util.stream.AbstractPipeline.wrapAndCopyInto(AbstractPipeline.java:474)
	at java.base/java.util.stream.ReduceOps$ReduceOp.evaluateSequential(ReduceOps.java:913)
	at java.base/java.util.stream.AbstractPipeline.evaluate(AbstractPipeline.java:234)
	at java.base/java.util.stream.ReferencePipeline.collect(ReferencePipeline.java:578)
	at de.uka.ilkd.key.java.JP2KeYVisitor.map(JP2KeYConverter.java:403)
	at de.uka.ilkd.key.java.JP2KeYVisitor.visit(JP2KeYConverter.java:258)
	at de.uka.ilkd.key.java.JP2KeYVisitor.visit(JP2KeYConverter.java:90)
	at com.github.javaparser.ast.stmt.BlockStmt.accept(BlockStmt.java:70)
	at de.uka.ilkd.key.java.JP2KeYVisitor.accept(JP2KeYConverter.java:348)
	at de.uka.ilkd.key.java.JP2KeYVisitor.visit(JP2KeYConverter.java:946)
	at de.uka.ilkd.key.java.JP2KeYVisitor.visit(JP2KeYConverter.java:90)
	at com.github.javaparser.ast.stmt.TryStmt.accept(TryStmt.java:135)
	at de.uka.ilkd.key.java.JP2KeYVisitor.lambda$map$1(JP2KeYConverter.java:402)
	at java.base/java.util.stream.ReferencePipeline$3$1.accept(ReferencePipeline.java:195)
	at java.base/java.util.ArrayList$ArrayListSpliterator.forEachRemaining(ArrayList.java:1655)
	at java.base/java.util.stream.AbstractPipeline.copyInto(AbstractPipeline.java:484)
	at java.base/java.util.stream.AbstractPipeline.wrapAndCopyInto(AbstractPipeline.java:474)
	at java.base/java.util.stream.ReduceOps$ReduceOp.evaluateSequential(ReduceOps.java:913)
	at java.base/java.util.stream.AbstractPipeline.evaluate(AbstractPipeline.java:234)
	at java.base/java.util.stream.ReferencePipeline.collect(ReferencePipeline.java:578)
	at de.uka.ilkd.key.java.JP2KeYVisitor.map(JP2KeYConverter.java:403)
	at de.uka.ilkd.key.java.JP2KeYVisitor.visit(JP2KeYConverter.java:258)
	at de.uka.ilkd.key.java.JP2KeYVisitor.visit(JP2KeYConverter.java:90)
	at com.github.javaparser.ast.stmt.BlockStmt.accept(BlockStmt.java:70)
	at de.uka.ilkd.key.java.JP2KeYVisitor.accept(JP2KeYConverter.java:348)
	at de.uka.ilkd.key.java.JP2KeYVisitor.visit(JP2KeYConverter.java:609)
	at de.uka.ilkd.key.java.JP2KeYVisitor.visit(JP2KeYConverter.java:90)
	at com.github.javaparser.ast.stmt.IfStmt.accept(IfStmt.java:82)
	at de.uka.ilkd.key.java.JP2KeYVisitor.lambda$map$1(JP2KeYConverter.java:402)
	at java.base/java.util.stream.ReferencePipeline$3$1.accept(ReferencePipeline.java:195)
	at java.base/java.util.ArrayList$ArrayListSpliterator.forEachRemaining(ArrayList.java:1655)
	at java.base/java.util.stream.AbstractPipeline.copyInto(AbstractPipeline.java:484)
	at java.base/java.util.stream.AbstractPipeline.wrapAndCopyInto(AbstractPipeline.java:474)
	at java.base/java.util.stream.ReduceOps$ReduceOp.evaluateSequential(ReduceOps.java:913)
	at java.base/java.util.stream.AbstractPipeline.evaluate(AbstractPipeline.java:234)
	at java.base/java.util.stream.ReferencePipeline.collect(ReferencePipeline.java:578)
	at de.uka.ilkd.key.java.JP2KeYVisitor.map(JP2KeYConverter.java:403)
	at de.uka.ilkd.key.java.JP2KeYVisitor.visit(JP2KeYConverter.java:258)
	at de.uka.ilkd.key.java.JP2KeYVisitor.visit(JP2KeYConverter.java:90)
	at com.github.javaparser.ast.stmt.BlockStmt.accept(BlockStmt.java:70)
	at de.uka.ilkd.key.java.JP2KeYVisitor.accept(JP2KeYConverter.java:348)
	at de.uka.ilkd.key.java.JP2KeYVisitor.visit(JP2KeYConverter.java:609)
	at de.uka.ilkd.key.java.JP2KeYVisitor.visit(JP2KeYConverter.java:90)
	at com.github.javaparser.ast.stmt.IfStmt.accept(IfStmt.java:82)
	at de.uka.ilkd.key.java.JP2KeYVisitor.lambda$map$1(JP2KeYConverter.java:402)
	at java.base/java.util.stream.ReferencePipeline$3$1.accept(ReferencePipeline.java:195)
	at java.base/java.util.ArrayList$ArrayListSpliterator.forEachRemaining(ArrayList.java:1655)
	at java.base/java.util.stream.AbstractPipeline.copyInto(AbstractPipeline.java:484)
	at java.base/java.util.stream.AbstractPipeline.wrapAndCopyInto(AbstractPipeline.java:474)
	at java.base/java.util.stream.ReduceOps$ReduceOp.evaluateSequential(ReduceOps.java:913)
	at java.base/java.util.stream.AbstractPipeline.evaluate(AbstractPipeline.java:234)
	at java.base/java.util.stream.ReferencePipeline.collect(ReferencePipeline.java:578)
	at de.uka.ilkd.key.java.JP2KeYVisitor.map(JP2KeYConverter.java:403)
	at de.uka.ilkd.key.java.JP2KeYVisitor.visit(JP2KeYConverter.java:258)
	at de.uka.ilkd.key.java.JP2KeYVisitor.visit(JP2KeYConverter.java:90)
	at com.github.javaparser.ast.stmt.BlockStmt.accept(BlockStmt.java:70)
	at de.uka.ilkd.key.java.JP2KeYVisitor.accept(JP2KeYConverter.java:348)
	at de.uka.ilkd.key.java.JP2KeYVisitor.accepto(JP2KeYConverter.java:418)
	at de.uka.ilkd.key.java.JP2KeYVisitor.visit(JP2KeYConverter.java:688)
	at de.uka.ilkd.key.java.JP2KeYVisitor.visit(JP2KeYConverter.java:90)
	at com.github.javaparser.ast.body.MethodDeclaration.accept(MethodDeclaration.java:98)
	at de.uka.ilkd.key.java.JP2KeYVisitor.lambda$map$1(JP2KeYConverter.java:402)
	at java.base/java.util.stream.ReferencePipeline$3$1.accept(ReferencePipeline.java:195)
	at java.base/java.util.ArrayList$ArrayListSpliterator.forEachRemaining(ArrayList.java:1655)
	at java.base/java.util.stream.AbstractPipeline.copyInto(AbstractPipeline.java:484)
	at java.base/java.util.stream.AbstractPipeline.wrapAndCopyInto(AbstractPipeline.java:474)
	at java.base/java.util.stream.ReduceOps$ReduceOp.evaluateSequential(ReduceOps.java:913)
	at java.base/java.util.stream.AbstractPipeline.evaluate(AbstractPipeline.java:234)
	at java.base/java.util.stream.ReferencePipeline.collect(ReferencePipeline.java:578)
	at de.uka.ilkd.key.java.JP2KeYVisitor.map(JP2KeYConverter.java:403)
	at de.uka.ilkd.key.java.JP2KeYVisitor.visit(JP2KeYConverter.java:310)
	at de.uka.ilkd.key.java.JP2KeYVisitor.visit(JP2KeYConverter.java:90)
	at com.github.javaparser.ast.body.ClassOrInterfaceDeclaration.accept(ClassOrInterfaceDeclaration.java:95)
	at de.uka.ilkd.key.java.JP2KeYVisitor.lambda$map$1(JP2KeYConverter.java:402)
	at java.base/java.util.stream.ReferencePipeline$3$1.accept(ReferencePipeline.java:195)
	at java.base/java.util.ArrayList$ArrayListSpliterator.forEachRemaining(ArrayList.java:1655)
	at java.base/java.util.stream.AbstractPipeline.copyInto(AbstractPipeline.java:484)
	at java.base/java.util.stream.AbstractPipeline.wrapAndCopyInto(AbstractPipeline.java:474)
	at java.base/java.util.stream.ReduceOps$ReduceOp.evaluateSequential(ReduceOps.java:913)
	at java.base/java.util.stream.AbstractPipeline.evaluate(AbstractPipeline.java:234)
	at java.base/java.util.stream.ReferencePipeline.collect(ReferencePipeline.java:578)
	at de.uka.ilkd.key.java.JP2KeYVisitor.map(JP2KeYConverter.java:403)
	at de.uka.ilkd.key.java.JP2KeYVisitor.visit(JP2KeYConverter.java:393)
	at de.uka.ilkd.key.java.JP2KeYVisitor.visit(JP2KeYConverter.java:90)
	at com.github.javaparser.ast.CompilationUnit.accept(CompilationUnit.java:124)
	at de.uka.ilkd.key.java.JP2KeYConverter.process(JP2KeYConverter.java:84)
	at de.uka.ilkd.key.java.JP2KeYConverter.processCompilationUnit(JP2KeYConverter.java:80)
	at de.uka.ilkd.key.java.JavaService.parseLibraryClasses0(JavaService.java:536)
	at de.uka.ilkd.key.java.JavaService.parseSpecialClasses(JavaService.java:511)
	at de.uka.ilkd.key.proof.init.ProblemInitializer.readJava(ProblemInitializer.java:280)
	at de.uka.ilkd.key.proof.init.ProblemInitializer.prepare(ProblemInitializer.java:529)
	at de.uka.ilkd.key.proof.init.ProblemInitializer.prepare(ProblemInitializer.java:471)
	at de.uka.ilkd.key.rule.TacletForTests.parse(TacletForTests.java:80)
	... 90 more
</failure>
  </testcase>
  <testcase name="test1a()" classname="de.uka.ilkd.key.parser.TestTermParser" time="0.0">
    <failure message="java.lang.RuntimeException: Exception occurred while parsing src\test\resources\testcase\testrules.key" type="java.lang.RuntimeException">java.lang.RuntimeException: Exception occurred while parsing src\test\resources\testcase\testrules.key
	at de.uka.ilkd.key.rule.TacletForTests.parse(TacletForTests.java:89)
	at de.uka.ilkd.key.rule.TacletForTests.parse(TacletForTests.java:125)
	at de.uka.ilkd.key.rule.TacletForTests.parse(TacletForTests.java:129)
	at de.uka.ilkd.key.rule.TacletForTests.services(TacletForTests.java:102)
	at de.uka.ilkd.key.parser.TestTermParser.getServices(TestTermParser.java:42)
	at de.uka.ilkd.key.parser.AbstractTestTermParser.&lt;init&gt;(AbstractTestTermParser.java:35)
	at de.uka.ilkd.key.parser.TestTermParser.&lt;init&gt;(TestTermParser.java:34)
	at java.base/jdk.internal.reflect.NativeConstructorAccessorImpl.newInstance0(Native Method)
	at java.base/jdk.internal.reflect.NativeConstructorAccessorImpl.newInstance(NativeConstructorAccessorImpl.java:62)
	at java.base/jdk.internal.reflect.DelegatingConstructorAccessorImpl.newInstance(DelegatingConstructorAccessorImpl.java:45)
	at java.base/java.lang.reflect.Constructor.newInstance(Constructor.java:490)
	at org.junit.platform.commons.util.ReflectionUtils.newInstance(ReflectionUtils.java:552)
	at org.junit.jupiter.engine.execution.ConstructorInvocation.proceed(ConstructorInvocation.java:56)
	at org.junit.jupiter.engine.execution.InvocationInterceptorChain$ValidatingInvocation.proceed(InvocationInterceptorChain.java:131)
	at org.junit.jupiter.api.extension.InvocationInterceptor.interceptTestClassConstructor(InvocationInterceptor.java:73)
	at org.junit.jupiter.engine.execution.InterceptingExecutableInvoker.lambda$invoke$0(InterceptingExecutableInvoker.java:93)
	at org.junit.jupiter.engine.execution.InvocationInterceptorChain$InterceptedInvocation.proceed(InvocationInterceptorChain.java:106)
	at org.junit.jupiter.engine.execution.InvocationInterceptorChain.proceed(InvocationInterceptorChain.java:64)
	at org.junit.jupiter.engine.execution.InvocationInterceptorChain.chainAndInvoke(InvocationInterceptorChain.java:45)
	at org.junit.jupiter.engine.execution.InvocationInterceptorChain.invoke(InvocationInterceptorChain.java:37)
	at org.junit.jupiter.engine.execution.InterceptingExecutableInvoker.invoke(InterceptingExecutableInvoker.java:92)
	at org.junit.jupiter.engine.execution.InterceptingExecutableInvoker.invoke(InterceptingExecutableInvoker.java:62)
	at org.junit.jupiter.engine.descriptor.ClassBasedTestDescriptor.invokeTestClassConstructor(ClassBasedTestDescriptor.java:363)
	at org.junit.jupiter.engine.descriptor.ClassBasedTestDescriptor.instantiateTestClass(ClassBasedTestDescriptor.java:310)
	at org.junit.jupiter.engine.descriptor.ClassTestDescriptor.instantiateTestClass(ClassTestDescriptor.java:79)
	at org.junit.jupiter.engine.descriptor.ClassBasedTestDescriptor.instantiateAndPostProcessTestInstance(ClassBasedTestDescriptor.java:286)
	at org.junit.jupiter.engine.descriptor.ClassBasedTestDescriptor.lambda$testInstancesProvider$4(ClassBasedTestDescriptor.java:278)
	at java.base/java.util.Optional.orElseGet(Optional.java:369)
	at org.junit.jupiter.engine.descriptor.ClassBasedTestDescriptor.lambda$testInstancesProvider$5(ClassBasedTestDescriptor.java:277)
	at org.junit.jupiter.engine.execution.TestInstancesProvider.getTestInstances(TestInstancesProvider.java:31)
	at org.junit.jupiter.engine.descriptor.TestMethodTestDescriptor.lambda$prepare$0(TestMethodTestDescriptor.java:105)
	at org.junit.platform.engine.support.hierarchical.ThrowableCollector.execute(ThrowableCollector.java:73)
	at org.junit.jupiter.engine.descriptor.TestMethodTestDescriptor.prepare(TestMethodTestDescriptor.java:104)
	at org.junit.jupiter.engine.descriptor.TestMethodTestDescriptor.prepare(TestMethodTestDescriptor.java:68)
	at org.junit.platform.engine.support.hierarchical.NodeTestTask.lambda$prepare$2(NodeTestTask.java:123)
	at org.junit.platform.engine.support.hierarchical.ThrowableCollector.execute(ThrowableCollector.java:73)
	at org.junit.platform.engine.support.hierarchical.NodeTestTask.prepare(NodeTestTask.java:123)
	at org.junit.platform.engine.support.hierarchical.NodeTestTask.execute(NodeTestTask.java:90)
	at java.base/java.util.ArrayList.forEach(ArrayList.java:1541)
	at org.junit.platform.engine.support.hierarchical.SameThreadHierarchicalTestExecutorService.invokeAll(SameThreadHierarchicalTestExecutorService.java:41)
	at org.junit.platform.engine.support.hierarchical.NodeTestTask.lambda$executeRecursively$6(NodeTestTask.java:155)
	at org.junit.platform.engine.support.hierarchical.ThrowableCollector.execute(ThrowableCollector.java:73)
	at org.junit.platform.engine.support.hierarchical.NodeTestTask.lambda$executeRecursively$8(NodeTestTask.java:141)
	at org.junit.platform.engine.support.hierarchical.Node.around(Node.java:137)
	at org.junit.platform.engine.support.hierarchical.NodeTestTask.lambda$executeRecursively$9(NodeTestTask.java:139)
	at org.junit.platform.engine.support.hierarchical.ThrowableCollector.execute(ThrowableCollector.java:73)
	at org.junit.platform.engine.support.hierarchical.NodeTestTask.executeRecursively(NodeTestTask.java:138)
	at org.junit.platform.engine.support.hierarchical.NodeTestTask.execute(NodeTestTask.java:95)
	at java.base/java.util.ArrayList.forEach(ArrayList.java:1541)
	at org.junit.platform.engine.support.hierarchical.SameThreadHierarchicalTestExecutorService.invokeAll(SameThreadHierarchicalTestExecutorService.java:41)
	at org.junit.platform.engine.support.hierarchical.NodeTestTask.lambda$executeRecursively$6(NodeTestTask.java:155)
	at org.junit.platform.engine.support.hierarchical.ThrowableCollector.execute(ThrowableCollector.java:73)
	at org.junit.platform.engine.support.hierarchical.NodeTestTask.lambda$executeRecursively$8(NodeTestTask.java:141)
	at org.junit.platform.engine.support.hierarchical.Node.around(Node.java:137)
	at org.junit.platform.engine.support.hierarchical.NodeTestTask.lambda$executeRecursively$9(NodeTestTask.java:139)
	at org.junit.platform.engine.support.hierarchical.ThrowableCollector.execute(ThrowableCollector.java:73)
	at org.junit.platform.engine.support.hierarchical.NodeTestTask.executeRecursively(NodeTestTask.java:138)
	at org.junit.platform.engine.support.hierarchical.NodeTestTask.execute(NodeTestTask.java:95)
	at org.junit.platform.engine.support.hierarchical.SameThreadHierarchicalTestExecutorService.submit(SameThreadHierarchicalTestExecutorService.java:35)
	at org.junit.platform.engine.support.hierarchical.HierarchicalTestExecutor.execute(HierarchicalTestExecutor.java:57)
	at org.junit.platform.engine.support.hierarchical.HierarchicalTestEngine.execute(HierarchicalTestEngine.java:54)
	at org.junit.platform.launcher.core.EngineExecutionOrchestrator.execute(EngineExecutionOrchestrator.java:107)
	at org.junit.platform.launcher.core.EngineExecutionOrchestrator.execute(EngineExecutionOrchestrator.java:88)
	at org.junit.platform.launcher.core.EngineExecutionOrchestrator.lambda$execute$0(EngineExecutionOrchestrator.java:54)
	at org.junit.platform.launcher.core.EngineExecutionOrchestrator.withInterceptedStreams(EngineExecutionOrchestrator.java:67)
	at org.junit.platform.launcher.core.EngineExecutionOrchestrator.execute(EngineExecutionOrchestrator.java:52)
	at org.junit.platform.launcher.core.DefaultLauncher.execute(DefaultLauncher.java:114)
	at org.junit.platform.launcher.core.DefaultLauncher.execute(DefaultLauncher.java:86)
	at org.junit.platform.launcher.core.DefaultLauncherSession$DelegatingLauncher.execute(DefaultLauncherSession.java:86)
	at org.gradle.api.internal.tasks.testing.junitplatform.JUnitPlatformTestClassProcessor$CollectAllTestClassesExecutor.processAllTestClasses(JUnitPlatformTestClassProcessor.java:110)
	at org.gradle.api.internal.tasks.testing.junitplatform.JUnitPlatformTestClassProcessor$CollectAllTestClassesExecutor.access$000(JUnitPlatformTestClassProcessor.java:90)
	at org.gradle.api.internal.tasks.testing.junitplatform.JUnitPlatformTestClassProcessor.stop(JUnitPlatformTestClassProcessor.java:85)
	at org.gradle.api.internal.tasks.testing.SuiteTestClassProcessor.stop(SuiteTestClassProcessor.java:62)
	at java.base/jdk.internal.reflect.NativeMethodAccessorImpl.invoke0(Native Method)
	at java.base/jdk.internal.reflect.NativeMethodAccessorImpl.invoke(NativeMethodAccessorImpl.java:62)
	at java.base/jdk.internal.reflect.DelegatingMethodAccessorImpl.invoke(DelegatingMethodAccessorImpl.java:43)
	at java.base/java.lang.reflect.Method.invoke(Method.java:566)
	at org.gradle.internal.dispatch.ReflectionDispatch.dispatch(ReflectionDispatch.java:36)
	at org.gradle.internal.dispatch.ReflectionDispatch.dispatch(ReflectionDispatch.java:24)
	at org.gradle.internal.dispatch.ContextClassLoaderDispatch.dispatch(ContextClassLoaderDispatch.java:33)
	at org.gradle.internal.dispatch.ProxyDispatchAdapter$DispatchingInvocationHandler.invoke(ProxyDispatchAdapter.java:94)
	at com.sun.proxy.$Proxy5.stop(Unknown Source)
	at org.gradle.api.internal.tasks.testing.worker.TestWorker$3.run(TestWorker.java:193)
	at org.gradle.api.internal.tasks.testing.worker.TestWorker.executeAndMaintainThreadName(TestWorker.java:129)
	at org.gradle.api.internal.tasks.testing.worker.TestWorker.execute(TestWorker.java:100)
	at org.gradle.api.internal.tasks.testing.worker.TestWorker.execute(TestWorker.java:60)
	at org.gradle.process.internal.worker.child.ActionExecutionWorker.execute(ActionExecutionWorker.java:56)
	at org.gradle.process.internal.worker.child.SystemApplicationClassLoaderWorker.call(SystemApplicationClassLoaderWorker.java:113)
	at org.gradle.process.internal.worker.child.SystemApplicationClassLoaderWorker.call(SystemApplicationClassLoaderWorker.java:65)
	at worker.org.gradle.process.internal.worker.GradleWorkerMain.run(GradleWorkerMain.java:69)
	at worker.org.gradle.process.internal.worker.GradleWorkerMain.main(GradleWorkerMain.java:74)
Caused by: UnsolvedSymbolException{context='arg0', name='Solving arg0', cause='null'}
	at com.github.javaparser.symbolsolver.javaparsermodel.TypeExtractor.visit(TypeExtractor.java:335)
	at com.github.javaparser.symbolsolver.javaparsermodel.TypeExtractor.visit(TypeExtractor.java:65)
	at com.github.javaparser.ast.expr.NameExpr.accept(NameExpr.java:79)
	at com.github.javaparser.symbolsolver.javaparsermodel.JavaParserFacade.getTypeConcrete(JavaParserFacade.java:505)
	at com.github.javaparser.symbolsolver.javaparsermodel.JavaParserFacade.getType(JavaParserFacade.java:352)
	at com.github.javaparser.symbolsolver.javaparsermodel.JavaParserFacade.getType(JavaParserFacade.java:334)
	at com.github.javaparser.symbolsolver.JavaSymbolSolver.calculateType(JavaSymbolSolver.java:294)
	at com.github.javaparser.ast.expr.Expression.calculateResolvedType(Expression.java:573)
	at de.uka.ilkd.key.java.JP2KeYVisitor.visit(JP2KeYConverter.java:707)
	at de.uka.ilkd.key.java.JP2KeYVisitor.visit(JP2KeYConverter.java:90)
	at com.github.javaparser.ast.expr.NameExpr.accept(NameExpr.java:79)
	at de.uka.ilkd.key.java.JP2KeYVisitor.lambda$map$1(JP2KeYConverter.java:402)
	at java.base/java.util.stream.ReferencePipeline$3$1.accept(ReferencePipeline.java:195)
	at java.base/java.util.ArrayList$ArrayListSpliterator.forEachRemaining(ArrayList.java:1655)
	at java.base/java.util.stream.AbstractPipeline.copyInto(AbstractPipeline.java:484)
	at java.base/java.util.stream.AbstractPipeline.wrapAndCopyInto(AbstractPipeline.java:474)
	at java.base/java.util.stream.ReduceOps$ReduceOp.evaluateSequential(ReduceOps.java:913)
	at java.base/java.util.stream.AbstractPipeline.evaluate(AbstractPipeline.java:234)
	at java.base/java.util.stream.ReferencePipeline.collect(ReferencePipeline.java:578)
	at de.uka.ilkd.key.java.JP2KeYVisitor.map(JP2KeYConverter.java:403)
	at de.uka.ilkd.key.java.JP2KeYVisitor.visit(JP2KeYConverter.java:506)
	at de.uka.ilkd.key.java.JP2KeYVisitor.visit(JP2KeYConverter.java:90)
	at com.github.javaparser.ast.stmt.ExplicitConstructorInvocationStmt.accept(ExplicitConstructorInvocationStmt.java:96)
	at de.uka.ilkd.key.java.JP2KeYVisitor.lambda$map$1(JP2KeYConverter.java:402)
	at java.base/java.util.stream.ReferencePipeline$3$1.accept(ReferencePipeline.java:195)
	at java.base/java.util.ArrayList$ArrayListSpliterator.forEachRemaining(ArrayList.java:1655)
	at java.base/java.util.stream.AbstractPipeline.copyInto(AbstractPipeline.java:484)
	at java.base/java.util.stream.AbstractPipeline.wrapAndCopyInto(AbstractPipeline.java:474)
	at java.base/java.util.stream.ReduceOps$ReduceOp.evaluateSequential(ReduceOps.java:913)
	at java.base/java.util.stream.AbstractPipeline.evaluate(AbstractPipeline.java:234)
	at java.base/java.util.stream.ReferencePipeline.collect(ReferencePipeline.java:578)
	at de.uka.ilkd.key.java.JP2KeYVisitor.map(JP2KeYConverter.java:403)
	at de.uka.ilkd.key.java.JP2KeYVisitor.visit(JP2KeYConverter.java:258)
	at de.uka.ilkd.key.java.JP2KeYVisitor.visit(JP2KeYConverter.java:90)
	at com.github.javaparser.ast.stmt.BlockStmt.accept(BlockStmt.java:70)
	at de.uka.ilkd.key.java.JP2KeYVisitor.lambda$map$1(JP2KeYConverter.java:402)
	at java.base/java.util.stream.ReferencePipeline$3$1.accept(ReferencePipeline.java:195)
	at java.base/java.util.ArrayList$ArrayListSpliterator.forEachRemaining(ArrayList.java:1655)
	at java.base/java.util.stream.AbstractPipeline.copyInto(AbstractPipeline.java:484)
	at java.base/java.util.stream.AbstractPipeline.wrapAndCopyInto(AbstractPipeline.java:474)
	at java.base/java.util.stream.ReduceOps$ReduceOp.evaluateSequential(ReduceOps.java:913)
	at java.base/java.util.stream.AbstractPipeline.evaluate(AbstractPipeline.java:234)
	at java.base/java.util.stream.ReferencePipeline.collect(ReferencePipeline.java:578)
	at de.uka.ilkd.key.java.JP2KeYVisitor.map(JP2KeYConverter.java:403)
	at de.uka.ilkd.key.java.JP2KeYVisitor.visit(JP2KeYConverter.java:258)
	at de.uka.ilkd.key.java.JP2KeYVisitor.visit(JP2KeYConverter.java:90)
	at com.github.javaparser.ast.stmt.BlockStmt.accept(BlockStmt.java:70)
	at de.uka.ilkd.key.java.JP2KeYVisitor.accept(JP2KeYConverter.java:348)
	at de.uka.ilkd.key.java.JP2KeYVisitor.visit(JP2KeYConverter.java:946)
	at de.uka.ilkd.key.java.JP2KeYVisitor.visit(JP2KeYConverter.java:90)
	at com.github.javaparser.ast.stmt.TryStmt.accept(TryStmt.java:135)
	at de.uka.ilkd.key.java.JP2KeYVisitor.lambda$map$1(JP2KeYConverter.java:402)
	at java.base/java.util.stream.ReferencePipeline$3$1.accept(ReferencePipeline.java:195)
	at java.base/java.util.ArrayList$ArrayListSpliterator.forEachRemaining(ArrayList.java:1655)
	at java.base/java.util.stream.AbstractPipeline.copyInto(AbstractPipeline.java:484)
	at java.base/java.util.stream.AbstractPipeline.wrapAndCopyInto(AbstractPipeline.java:474)
	at java.base/java.util.stream.ReduceOps$ReduceOp.evaluateSequential(ReduceOps.java:913)
	at java.base/java.util.stream.AbstractPipeline.evaluate(AbstractPipeline.java:234)
	at java.base/java.util.stream.ReferencePipeline.collect(ReferencePipeline.java:578)
	at de.uka.ilkd.key.java.JP2KeYVisitor.map(JP2KeYConverter.java:403)
	at de.uka.ilkd.key.java.JP2KeYVisitor.visit(JP2KeYConverter.java:258)
	at de.uka.ilkd.key.java.JP2KeYVisitor.visit(JP2KeYConverter.java:90)
	at com.github.javaparser.ast.stmt.BlockStmt.accept(BlockStmt.java:70)
	at de.uka.ilkd.key.java.JP2KeYVisitor.accept(JP2KeYConverter.java:348)
	at de.uka.ilkd.key.java.JP2KeYVisitor.visit(JP2KeYConverter.java:609)
	at de.uka.ilkd.key.java.JP2KeYVisitor.visit(JP2KeYConverter.java:90)
	at com.github.javaparser.ast.stmt.IfStmt.accept(IfStmt.java:82)
	at de.uka.ilkd.key.java.JP2KeYVisitor.lambda$map$1(JP2KeYConverter.java:402)
	at java.base/java.util.stream.ReferencePipeline$3$1.accept(ReferencePipeline.java:195)
	at java.base/java.util.ArrayList$ArrayListSpliterator.forEachRemaining(ArrayList.java:1655)
	at java.base/java.util.stream.AbstractPipeline.copyInto(AbstractPipeline.java:484)
	at java.base/java.util.stream.AbstractPipeline.wrapAndCopyInto(AbstractPipeline.java:474)
	at java.base/java.util.stream.ReduceOps$ReduceOp.evaluateSequential(ReduceOps.java:913)
	at java.base/java.util.stream.AbstractPipeline.evaluate(AbstractPipeline.java:234)
	at java.base/java.util.stream.ReferencePipeline.collect(ReferencePipeline.java:578)
	at de.uka.ilkd.key.java.JP2KeYVisitor.map(JP2KeYConverter.java:403)
	at de.uka.ilkd.key.java.JP2KeYVisitor.visit(JP2KeYConverter.java:258)
	at de.uka.ilkd.key.java.JP2KeYVisitor.visit(JP2KeYConverter.java:90)
	at com.github.javaparser.ast.stmt.BlockStmt.accept(BlockStmt.java:70)
	at de.uka.ilkd.key.java.JP2KeYVisitor.accept(JP2KeYConverter.java:348)
	at de.uka.ilkd.key.java.JP2KeYVisitor.visit(JP2KeYConverter.java:609)
	at de.uka.ilkd.key.java.JP2KeYVisitor.visit(JP2KeYConverter.java:90)
	at com.github.javaparser.ast.stmt.IfStmt.accept(IfStmt.java:82)
	at de.uka.ilkd.key.java.JP2KeYVisitor.lambda$map$1(JP2KeYConverter.java:402)
	at java.base/java.util.stream.ReferencePipeline$3$1.accept(ReferencePipeline.java:195)
	at java.base/java.util.ArrayList$ArrayListSpliterator.forEachRemaining(ArrayList.java:1655)
	at java.base/java.util.stream.AbstractPipeline.copyInto(AbstractPipeline.java:484)
	at java.base/java.util.stream.AbstractPipeline.wrapAndCopyInto(AbstractPipeline.java:474)
	at java.base/java.util.stream.ReduceOps$ReduceOp.evaluateSequential(ReduceOps.java:913)
	at java.base/java.util.stream.AbstractPipeline.evaluate(AbstractPipeline.java:234)
	at java.base/java.util.stream.ReferencePipeline.collect(ReferencePipeline.java:578)
	at de.uka.ilkd.key.java.JP2KeYVisitor.map(JP2KeYConverter.java:403)
	at de.uka.ilkd.key.java.JP2KeYVisitor.visit(JP2KeYConverter.java:258)
	at de.uka.ilkd.key.java.JP2KeYVisitor.visit(JP2KeYConverter.java:90)
	at com.github.javaparser.ast.stmt.BlockStmt.accept(BlockStmt.java:70)
	at de.uka.ilkd.key.java.JP2KeYVisitor.accept(JP2KeYConverter.java:348)
	at de.uka.ilkd.key.java.JP2KeYVisitor.accepto(JP2KeYConverter.java:418)
	at de.uka.ilkd.key.java.JP2KeYVisitor.visit(JP2KeYConverter.java:688)
	at de.uka.ilkd.key.java.JP2KeYVisitor.visit(JP2KeYConverter.java:90)
	at com.github.javaparser.ast.body.MethodDeclaration.accept(MethodDeclaration.java:98)
	at de.uka.ilkd.key.java.JP2KeYVisitor.lambda$map$1(JP2KeYConverter.java:402)
	at java.base/java.util.stream.ReferencePipeline$3$1.accept(ReferencePipeline.java:195)
	at java.base/java.util.ArrayList$ArrayListSpliterator.forEachRemaining(ArrayList.java:1655)
	at java.base/java.util.stream.AbstractPipeline.copyInto(AbstractPipeline.java:484)
	at java.base/java.util.stream.AbstractPipeline.wrapAndCopyInto(AbstractPipeline.java:474)
	at java.base/java.util.stream.ReduceOps$ReduceOp.evaluateSequential(ReduceOps.java:913)
	at java.base/java.util.stream.AbstractPipeline.evaluate(AbstractPipeline.java:234)
	at java.base/java.util.stream.ReferencePipeline.collect(ReferencePipeline.java:578)
	at de.uka.ilkd.key.java.JP2KeYVisitor.map(JP2KeYConverter.java:403)
	at de.uka.ilkd.key.java.JP2KeYVisitor.visit(JP2KeYConverter.java:310)
	at de.uka.ilkd.key.java.JP2KeYVisitor.visit(JP2KeYConverter.java:90)
	at com.github.javaparser.ast.body.ClassOrInterfaceDeclaration.accept(ClassOrInterfaceDeclaration.java:95)
	at de.uka.ilkd.key.java.JP2KeYVisitor.lambda$map$1(JP2KeYConverter.java:402)
	at java.base/java.util.stream.ReferencePipeline$3$1.accept(ReferencePipeline.java:195)
	at java.base/java.util.ArrayList$ArrayListSpliterator.forEachRemaining(ArrayList.java:1655)
	at java.base/java.util.stream.AbstractPipeline.copyInto(AbstractPipeline.java:484)
	at java.base/java.util.stream.AbstractPipeline.wrapAndCopyInto(AbstractPipeline.java:474)
	at java.base/java.util.stream.ReduceOps$ReduceOp.evaluateSequential(ReduceOps.java:913)
	at java.base/java.util.stream.AbstractPipeline.evaluate(AbstractPipeline.java:234)
	at java.base/java.util.stream.ReferencePipeline.collect(ReferencePipeline.java:578)
	at de.uka.ilkd.key.java.JP2KeYVisitor.map(JP2KeYConverter.java:403)
	at de.uka.ilkd.key.java.JP2KeYVisitor.visit(JP2KeYConverter.java:393)
	at de.uka.ilkd.key.java.JP2KeYVisitor.visit(JP2KeYConverter.java:90)
	at com.github.javaparser.ast.CompilationUnit.accept(CompilationUnit.java:124)
	at de.uka.ilkd.key.java.JP2KeYConverter.process(JP2KeYConverter.java:84)
	at de.uka.ilkd.key.java.JP2KeYConverter.processCompilationUnit(JP2KeYConverter.java:80)
	at de.uka.ilkd.key.java.JavaService.parseLibraryClasses0(JavaService.java:536)
	at de.uka.ilkd.key.java.JavaService.parseSpecialClasses(JavaService.java:511)
	at de.uka.ilkd.key.proof.init.ProblemInitializer.readJava(ProblemInitializer.java:280)
	at de.uka.ilkd.key.proof.init.ProblemInitializer.prepare(ProblemInitializer.java:529)
	at de.uka.ilkd.key.proof.init.ProblemInitializer.prepare(ProblemInitializer.java:471)
	at de.uka.ilkd.key.rule.TacletForTests.parse(TacletForTests.java:80)
	... 90 more
</failure>
  </testcase>
  <testcase name="testJavaAttributeAccess_4()" classname="de.uka.ilkd.key.parser.TestTermParser" time="0.0">
    <failure message="java.lang.RuntimeException: Exception occurred while parsing src\test\resources\testcase\testrules.key" type="java.lang.RuntimeException">java.lang.RuntimeException: Exception occurred while parsing src\test\resources\testcase\testrules.key
	at de.uka.ilkd.key.rule.TacletForTests.parse(TacletForTests.java:89)
	at de.uka.ilkd.key.rule.TacletForTests.parse(TacletForTests.java:125)
	at de.uka.ilkd.key.rule.TacletForTests.parse(TacletForTests.java:129)
	at de.uka.ilkd.key.rule.TacletForTests.services(TacletForTests.java:102)
	at de.uka.ilkd.key.parser.TestTermParser.getServices(TestTermParser.java:42)
	at de.uka.ilkd.key.parser.AbstractTestTermParser.&lt;init&gt;(AbstractTestTermParser.java:35)
	at de.uka.ilkd.key.parser.TestTermParser.&lt;init&gt;(TestTermParser.java:34)
	at java.base/jdk.internal.reflect.NativeConstructorAccessorImpl.newInstance0(Native Method)
	at java.base/jdk.internal.reflect.NativeConstructorAccessorImpl.newInstance(NativeConstructorAccessorImpl.java:62)
	at java.base/jdk.internal.reflect.DelegatingConstructorAccessorImpl.newInstance(DelegatingConstructorAccessorImpl.java:45)
	at java.base/java.lang.reflect.Constructor.newInstance(Constructor.java:490)
	at org.junit.platform.commons.util.ReflectionUtils.newInstance(ReflectionUtils.java:552)
	at org.junit.jupiter.engine.execution.ConstructorInvocation.proceed(ConstructorInvocation.java:56)
	at org.junit.jupiter.engine.execution.InvocationInterceptorChain$ValidatingInvocation.proceed(InvocationInterceptorChain.java:131)
	at org.junit.jupiter.api.extension.InvocationInterceptor.interceptTestClassConstructor(InvocationInterceptor.java:73)
	at org.junit.jupiter.engine.execution.InterceptingExecutableInvoker.lambda$invoke$0(InterceptingExecutableInvoker.java:93)
	at org.junit.jupiter.engine.execution.InvocationInterceptorChain$InterceptedInvocation.proceed(InvocationInterceptorChain.java:106)
	at org.junit.jupiter.engine.execution.InvocationInterceptorChain.proceed(InvocationInterceptorChain.java:64)
	at org.junit.jupiter.engine.execution.InvocationInterceptorChain.chainAndInvoke(InvocationInterceptorChain.java:45)
	at org.junit.jupiter.engine.execution.InvocationInterceptorChain.invoke(InvocationInterceptorChain.java:37)
	at org.junit.jupiter.engine.execution.InterceptingExecutableInvoker.invoke(InterceptingExecutableInvoker.java:92)
	at org.junit.jupiter.engine.execution.InterceptingExecutableInvoker.invoke(InterceptingExecutableInvoker.java:62)
	at org.junit.jupiter.engine.descriptor.ClassBasedTestDescriptor.invokeTestClassConstructor(ClassBasedTestDescriptor.java:363)
	at org.junit.jupiter.engine.descriptor.ClassBasedTestDescriptor.instantiateTestClass(ClassBasedTestDescriptor.java:310)
	at org.junit.jupiter.engine.descriptor.ClassTestDescriptor.instantiateTestClass(ClassTestDescriptor.java:79)
	at org.junit.jupiter.engine.descriptor.ClassBasedTestDescriptor.instantiateAndPostProcessTestInstance(ClassBasedTestDescriptor.java:286)
	at org.junit.jupiter.engine.descriptor.ClassBasedTestDescriptor.lambda$testInstancesProvider$4(ClassBasedTestDescriptor.java:278)
	at java.base/java.util.Optional.orElseGet(Optional.java:369)
	at org.junit.jupiter.engine.descriptor.ClassBasedTestDescriptor.lambda$testInstancesProvider$5(ClassBasedTestDescriptor.java:277)
	at org.junit.jupiter.engine.execution.TestInstancesProvider.getTestInstances(TestInstancesProvider.java:31)
	at org.junit.jupiter.engine.descriptor.TestMethodTestDescriptor.lambda$prepare$0(TestMethodTestDescriptor.java:105)
	at org.junit.platform.engine.support.hierarchical.ThrowableCollector.execute(ThrowableCollector.java:73)
	at org.junit.jupiter.engine.descriptor.TestMethodTestDescriptor.prepare(TestMethodTestDescriptor.java:104)
	at org.junit.jupiter.engine.descriptor.TestMethodTestDescriptor.prepare(TestMethodTestDescriptor.java:68)
	at org.junit.platform.engine.support.hierarchical.NodeTestTask.lambda$prepare$2(NodeTestTask.java:123)
	at org.junit.platform.engine.support.hierarchical.ThrowableCollector.execute(ThrowableCollector.java:73)
	at org.junit.platform.engine.support.hierarchical.NodeTestTask.prepare(NodeTestTask.java:123)
	at org.junit.platform.engine.support.hierarchical.NodeTestTask.execute(NodeTestTask.java:90)
	at java.base/java.util.ArrayList.forEach(ArrayList.java:1541)
	at org.junit.platform.engine.support.hierarchical.SameThreadHierarchicalTestExecutorService.invokeAll(SameThreadHierarchicalTestExecutorService.java:41)
	at org.junit.platform.engine.support.hierarchical.NodeTestTask.lambda$executeRecursively$6(NodeTestTask.java:155)
	at org.junit.platform.engine.support.hierarchical.ThrowableCollector.execute(ThrowableCollector.java:73)
	at org.junit.platform.engine.support.hierarchical.NodeTestTask.lambda$executeRecursively$8(NodeTestTask.java:141)
	at org.junit.platform.engine.support.hierarchical.Node.around(Node.java:137)
	at org.junit.platform.engine.support.hierarchical.NodeTestTask.lambda$executeRecursively$9(NodeTestTask.java:139)
	at org.junit.platform.engine.support.hierarchical.ThrowableCollector.execute(ThrowableCollector.java:73)
	at org.junit.platform.engine.support.hierarchical.NodeTestTask.executeRecursively(NodeTestTask.java:138)
	at org.junit.platform.engine.support.hierarchical.NodeTestTask.execute(NodeTestTask.java:95)
	at java.base/java.util.ArrayList.forEach(ArrayList.java:1541)
	at org.junit.platform.engine.support.hierarchical.SameThreadHierarchicalTestExecutorService.invokeAll(SameThreadHierarchicalTestExecutorService.java:41)
	at org.junit.platform.engine.support.hierarchical.NodeTestTask.lambda$executeRecursively$6(NodeTestTask.java:155)
	at org.junit.platform.engine.support.hierarchical.ThrowableCollector.execute(ThrowableCollector.java:73)
	at org.junit.platform.engine.support.hierarchical.NodeTestTask.lambda$executeRecursively$8(NodeTestTask.java:141)
	at org.junit.platform.engine.support.hierarchical.Node.around(Node.java:137)
	at org.junit.platform.engine.support.hierarchical.NodeTestTask.lambda$executeRecursively$9(NodeTestTask.java:139)
	at org.junit.platform.engine.support.hierarchical.ThrowableCollector.execute(ThrowableCollector.java:73)
	at org.junit.platform.engine.support.hierarchical.NodeTestTask.executeRecursively(NodeTestTask.java:138)
	at org.junit.platform.engine.support.hierarchical.NodeTestTask.execute(NodeTestTask.java:95)
	at org.junit.platform.engine.support.hierarchical.SameThreadHierarchicalTestExecutorService.submit(SameThreadHierarchicalTestExecutorService.java:35)
	at org.junit.platform.engine.support.hierarchical.HierarchicalTestExecutor.execute(HierarchicalTestExecutor.java:57)
	at org.junit.platform.engine.support.hierarchical.HierarchicalTestEngine.execute(HierarchicalTestEngine.java:54)
	at org.junit.platform.launcher.core.EngineExecutionOrchestrator.execute(EngineExecutionOrchestrator.java:107)
	at org.junit.platform.launcher.core.EngineExecutionOrchestrator.execute(EngineExecutionOrchestrator.java:88)
	at org.junit.platform.launcher.core.EngineExecutionOrchestrator.lambda$execute$0(EngineExecutionOrchestrator.java:54)
	at org.junit.platform.launcher.core.EngineExecutionOrchestrator.withInterceptedStreams(EngineExecutionOrchestrator.java:67)
	at org.junit.platform.launcher.core.EngineExecutionOrchestrator.execute(EngineExecutionOrchestrator.java:52)
	at org.junit.platform.launcher.core.DefaultLauncher.execute(DefaultLauncher.java:114)
	at org.junit.platform.launcher.core.DefaultLauncher.execute(DefaultLauncher.java:86)
	at org.junit.platform.launcher.core.DefaultLauncherSession$DelegatingLauncher.execute(DefaultLauncherSession.java:86)
	at org.gradle.api.internal.tasks.testing.junitplatform.JUnitPlatformTestClassProcessor$CollectAllTestClassesExecutor.processAllTestClasses(JUnitPlatformTestClassProcessor.java:110)
	at org.gradle.api.internal.tasks.testing.junitplatform.JUnitPlatformTestClassProcessor$CollectAllTestClassesExecutor.access$000(JUnitPlatformTestClassProcessor.java:90)
	at org.gradle.api.internal.tasks.testing.junitplatform.JUnitPlatformTestClassProcessor.stop(JUnitPlatformTestClassProcessor.java:85)
	at org.gradle.api.internal.tasks.testing.SuiteTestClassProcessor.stop(SuiteTestClassProcessor.java:62)
	at java.base/jdk.internal.reflect.NativeMethodAccessorImpl.invoke0(Native Method)
	at java.base/jdk.internal.reflect.NativeMethodAccessorImpl.invoke(NativeMethodAccessorImpl.java:62)
	at java.base/jdk.internal.reflect.DelegatingMethodAccessorImpl.invoke(DelegatingMethodAccessorImpl.java:43)
	at java.base/java.lang.reflect.Method.invoke(Method.java:566)
	at org.gradle.internal.dispatch.ReflectionDispatch.dispatch(ReflectionDispatch.java:36)
	at org.gradle.internal.dispatch.ReflectionDispatch.dispatch(ReflectionDispatch.java:24)
	at org.gradle.internal.dispatch.ContextClassLoaderDispatch.dispatch(ContextClassLoaderDispatch.java:33)
	at org.gradle.internal.dispatch.ProxyDispatchAdapter$DispatchingInvocationHandler.invoke(ProxyDispatchAdapter.java:94)
	at com.sun.proxy.$Proxy5.stop(Unknown Source)
	at org.gradle.api.internal.tasks.testing.worker.TestWorker$3.run(TestWorker.java:193)
	at org.gradle.api.internal.tasks.testing.worker.TestWorker.executeAndMaintainThreadName(TestWorker.java:129)
	at org.gradle.api.internal.tasks.testing.worker.TestWorker.execute(TestWorker.java:100)
	at org.gradle.api.internal.tasks.testing.worker.TestWorker.execute(TestWorker.java:60)
	at org.gradle.process.internal.worker.child.ActionExecutionWorker.execute(ActionExecutionWorker.java:56)
	at org.gradle.process.internal.worker.child.SystemApplicationClassLoaderWorker.call(SystemApplicationClassLoaderWorker.java:113)
	at org.gradle.process.internal.worker.child.SystemApplicationClassLoaderWorker.call(SystemApplicationClassLoaderWorker.java:65)
	at worker.org.gradle.process.internal.worker.GradleWorkerMain.run(GradleWorkerMain.java:69)
	at worker.org.gradle.process.internal.worker.GradleWorkerMain.main(GradleWorkerMain.java:74)
Caused by: UnsolvedSymbolException{context='arg0', name='Solving arg0', cause='null'}
	at com.github.javaparser.symbolsolver.javaparsermodel.TypeExtractor.visit(TypeExtractor.java:335)
	at com.github.javaparser.symbolsolver.javaparsermodel.TypeExtractor.visit(TypeExtractor.java:65)
	at com.github.javaparser.ast.expr.NameExpr.accept(NameExpr.java:79)
	at com.github.javaparser.symbolsolver.javaparsermodel.JavaParserFacade.getTypeConcrete(JavaParserFacade.java:505)
	at com.github.javaparser.symbolsolver.javaparsermodel.JavaParserFacade.getType(JavaParserFacade.java:352)
	at com.github.javaparser.symbolsolver.javaparsermodel.JavaParserFacade.getType(JavaParserFacade.java:334)
	at com.github.javaparser.symbolsolver.JavaSymbolSolver.calculateType(JavaSymbolSolver.java:294)
	at com.github.javaparser.ast.expr.Expression.calculateResolvedType(Expression.java:573)
	at de.uka.ilkd.key.java.JP2KeYVisitor.visit(JP2KeYConverter.java:707)
	at de.uka.ilkd.key.java.JP2KeYVisitor.visit(JP2KeYConverter.java:90)
	at com.github.javaparser.ast.expr.NameExpr.accept(NameExpr.java:79)
	at de.uka.ilkd.key.java.JP2KeYVisitor.lambda$map$1(JP2KeYConverter.java:402)
	at java.base/java.util.stream.ReferencePipeline$3$1.accept(ReferencePipeline.java:195)
	at java.base/java.util.ArrayList$ArrayListSpliterator.forEachRemaining(ArrayList.java:1655)
	at java.base/java.util.stream.AbstractPipeline.copyInto(AbstractPipeline.java:484)
	at java.base/java.util.stream.AbstractPipeline.wrapAndCopyInto(AbstractPipeline.java:474)
	at java.base/java.util.stream.ReduceOps$ReduceOp.evaluateSequential(ReduceOps.java:913)
	at java.base/java.util.stream.AbstractPipeline.evaluate(AbstractPipeline.java:234)
	at java.base/java.util.stream.ReferencePipeline.collect(ReferencePipeline.java:578)
	at de.uka.ilkd.key.java.JP2KeYVisitor.map(JP2KeYConverter.java:403)
	at de.uka.ilkd.key.java.JP2KeYVisitor.visit(JP2KeYConverter.java:506)
	at de.uka.ilkd.key.java.JP2KeYVisitor.visit(JP2KeYConverter.java:90)
	at com.github.javaparser.ast.stmt.ExplicitConstructorInvocationStmt.accept(ExplicitConstructorInvocationStmt.java:96)
	at de.uka.ilkd.key.java.JP2KeYVisitor.lambda$map$1(JP2KeYConverter.java:402)
	at java.base/java.util.stream.ReferencePipeline$3$1.accept(ReferencePipeline.java:195)
	at java.base/java.util.ArrayList$ArrayListSpliterator.forEachRemaining(ArrayList.java:1655)
	at java.base/java.util.stream.AbstractPipeline.copyInto(AbstractPipeline.java:484)
	at java.base/java.util.stream.AbstractPipeline.wrapAndCopyInto(AbstractPipeline.java:474)
	at java.base/java.util.stream.ReduceOps$ReduceOp.evaluateSequential(ReduceOps.java:913)
	at java.base/java.util.stream.AbstractPipeline.evaluate(AbstractPipeline.java:234)
	at java.base/java.util.stream.ReferencePipeline.collect(ReferencePipeline.java:578)
	at de.uka.ilkd.key.java.JP2KeYVisitor.map(JP2KeYConverter.java:403)
	at de.uka.ilkd.key.java.JP2KeYVisitor.visit(JP2KeYConverter.java:258)
	at de.uka.ilkd.key.java.JP2KeYVisitor.visit(JP2KeYConverter.java:90)
	at com.github.javaparser.ast.stmt.BlockStmt.accept(BlockStmt.java:70)
	at de.uka.ilkd.key.java.JP2KeYVisitor.lambda$map$1(JP2KeYConverter.java:402)
	at java.base/java.util.stream.ReferencePipeline$3$1.accept(ReferencePipeline.java:195)
	at java.base/java.util.ArrayList$ArrayListSpliterator.forEachRemaining(ArrayList.java:1655)
	at java.base/java.util.stream.AbstractPipeline.copyInto(AbstractPipeline.java:484)
	at java.base/java.util.stream.AbstractPipeline.wrapAndCopyInto(AbstractPipeline.java:474)
	at java.base/java.util.stream.ReduceOps$ReduceOp.evaluateSequential(ReduceOps.java:913)
	at java.base/java.util.stream.AbstractPipeline.evaluate(AbstractPipeline.java:234)
	at java.base/java.util.stream.ReferencePipeline.collect(ReferencePipeline.java:578)
	at de.uka.ilkd.key.java.JP2KeYVisitor.map(JP2KeYConverter.java:403)
	at de.uka.ilkd.key.java.JP2KeYVisitor.visit(JP2KeYConverter.java:258)
	at de.uka.ilkd.key.java.JP2KeYVisitor.visit(JP2KeYConverter.java:90)
	at com.github.javaparser.ast.stmt.BlockStmt.accept(BlockStmt.java:70)
	at de.uka.ilkd.key.java.JP2KeYVisitor.accept(JP2KeYConverter.java:348)
	at de.uka.ilkd.key.java.JP2KeYVisitor.visit(JP2KeYConverter.java:946)
	at de.uka.ilkd.key.java.JP2KeYVisitor.visit(JP2KeYConverter.java:90)
	at com.github.javaparser.ast.stmt.TryStmt.accept(TryStmt.java:135)
	at de.uka.ilkd.key.java.JP2KeYVisitor.lambda$map$1(JP2KeYConverter.java:402)
	at java.base/java.util.stream.ReferencePipeline$3$1.accept(ReferencePipeline.java:195)
	at java.base/java.util.ArrayList$ArrayListSpliterator.forEachRemaining(ArrayList.java:1655)
	at java.base/java.util.stream.AbstractPipeline.copyInto(AbstractPipeline.java:484)
	at java.base/java.util.stream.AbstractPipeline.wrapAndCopyInto(AbstractPipeline.java:474)
	at java.base/java.util.stream.ReduceOps$ReduceOp.evaluateSequential(ReduceOps.java:913)
	at java.base/java.util.stream.AbstractPipeline.evaluate(AbstractPipeline.java:234)
	at java.base/java.util.stream.ReferencePipeline.collect(ReferencePipeline.java:578)
	at de.uka.ilkd.key.java.JP2KeYVisitor.map(JP2KeYConverter.java:403)
	at de.uka.ilkd.key.java.JP2KeYVisitor.visit(JP2KeYConverter.java:258)
	at de.uka.ilkd.key.java.JP2KeYVisitor.visit(JP2KeYConverter.java:90)
	at com.github.javaparser.ast.stmt.BlockStmt.accept(BlockStmt.java:70)
	at de.uka.ilkd.key.java.JP2KeYVisitor.accept(JP2KeYConverter.java:348)
	at de.uka.ilkd.key.java.JP2KeYVisitor.visit(JP2KeYConverter.java:609)
	at de.uka.ilkd.key.java.JP2KeYVisitor.visit(JP2KeYConverter.java:90)
	at com.github.javaparser.ast.stmt.IfStmt.accept(IfStmt.java:82)
	at de.uka.ilkd.key.java.JP2KeYVisitor.lambda$map$1(JP2KeYConverter.java:402)
	at java.base/java.util.stream.ReferencePipeline$3$1.accept(ReferencePipeline.java:195)
	at java.base/java.util.ArrayList$ArrayListSpliterator.forEachRemaining(ArrayList.java:1655)
	at java.base/java.util.stream.AbstractPipeline.copyInto(AbstractPipeline.java:484)
	at java.base/java.util.stream.AbstractPipeline.wrapAndCopyInto(AbstractPipeline.java:474)
	at java.base/java.util.stream.ReduceOps$ReduceOp.evaluateSequential(ReduceOps.java:913)
	at java.base/java.util.stream.AbstractPipeline.evaluate(AbstractPipeline.java:234)
	at java.base/java.util.stream.ReferencePipeline.collect(ReferencePipeline.java:578)
	at de.uka.ilkd.key.java.JP2KeYVisitor.map(JP2KeYConverter.java:403)
	at de.uka.ilkd.key.java.JP2KeYVisitor.visit(JP2KeYConverter.java:258)
	at de.uka.ilkd.key.java.JP2KeYVisitor.visit(JP2KeYConverter.java:90)
	at com.github.javaparser.ast.stmt.BlockStmt.accept(BlockStmt.java:70)
	at de.uka.ilkd.key.java.JP2KeYVisitor.accept(JP2KeYConverter.java:348)
	at de.uka.ilkd.key.java.JP2KeYVisitor.visit(JP2KeYConverter.java:609)
	at de.uka.ilkd.key.java.JP2KeYVisitor.visit(JP2KeYConverter.java:90)
	at com.github.javaparser.ast.stmt.IfStmt.accept(IfStmt.java:82)
	at de.uka.ilkd.key.java.JP2KeYVisitor.lambda$map$1(JP2KeYConverter.java:402)
	at java.base/java.util.stream.ReferencePipeline$3$1.accept(ReferencePipeline.java:195)
	at java.base/java.util.ArrayList$ArrayListSpliterator.forEachRemaining(ArrayList.java:1655)
	at java.base/java.util.stream.AbstractPipeline.copyInto(AbstractPipeline.java:484)
	at java.base/java.util.stream.AbstractPipeline.wrapAndCopyInto(AbstractPipeline.java:474)
	at java.base/java.util.stream.ReduceOps$ReduceOp.evaluateSequential(ReduceOps.java:913)
	at java.base/java.util.stream.AbstractPipeline.evaluate(AbstractPipeline.java:234)
	at java.base/java.util.stream.ReferencePipeline.collect(ReferencePipeline.java:578)
	at de.uka.ilkd.key.java.JP2KeYVisitor.map(JP2KeYConverter.java:403)
	at de.uka.ilkd.key.java.JP2KeYVisitor.visit(JP2KeYConverter.java:258)
	at de.uka.ilkd.key.java.JP2KeYVisitor.visit(JP2KeYConverter.java:90)
	at com.github.javaparser.ast.stmt.BlockStmt.accept(BlockStmt.java:70)
	at de.uka.ilkd.key.java.JP2KeYVisitor.accept(JP2KeYConverter.java:348)
	at de.uka.ilkd.key.java.JP2KeYVisitor.accepto(JP2KeYConverter.java:418)
	at de.uka.ilkd.key.java.JP2KeYVisitor.visit(JP2KeYConverter.java:688)
	at de.uka.ilkd.key.java.JP2KeYVisitor.visit(JP2KeYConverter.java:90)
	at com.github.javaparser.ast.body.MethodDeclaration.accept(MethodDeclaration.java:98)
	at de.uka.ilkd.key.java.JP2KeYVisitor.lambda$map$1(JP2KeYConverter.java:402)
	at java.base/java.util.stream.ReferencePipeline$3$1.accept(ReferencePipeline.java:195)
	at java.base/java.util.ArrayList$ArrayListSpliterator.forEachRemaining(ArrayList.java:1655)
	at java.base/java.util.stream.AbstractPipeline.copyInto(AbstractPipeline.java:484)
	at java.base/java.util.stream.AbstractPipeline.wrapAndCopyInto(AbstractPipeline.java:474)
	at java.base/java.util.stream.ReduceOps$ReduceOp.evaluateSequential(ReduceOps.java:913)
	at java.base/java.util.stream.AbstractPipeline.evaluate(AbstractPipeline.java:234)
	at java.base/java.util.stream.ReferencePipeline.collect(ReferencePipeline.java:578)
	at de.uka.ilkd.key.java.JP2KeYVisitor.map(JP2KeYConverter.java:403)
	at de.uka.ilkd.key.java.JP2KeYVisitor.visit(JP2KeYConverter.java:310)
	at de.uka.ilkd.key.java.JP2KeYVisitor.visit(JP2KeYConverter.java:90)
	at com.github.javaparser.ast.body.ClassOrInterfaceDeclaration.accept(ClassOrInterfaceDeclaration.java:95)
	at de.uka.ilkd.key.java.JP2KeYVisitor.lambda$map$1(JP2KeYConverter.java:402)
	at java.base/java.util.stream.ReferencePipeline$3$1.accept(ReferencePipeline.java:195)
	at java.base/java.util.ArrayList$ArrayListSpliterator.forEachRemaining(ArrayList.java:1655)
	at java.base/java.util.stream.AbstractPipeline.copyInto(AbstractPipeline.java:484)
	at java.base/java.util.stream.AbstractPipeline.wrapAndCopyInto(AbstractPipeline.java:474)
	at java.base/java.util.stream.ReduceOps$ReduceOp.evaluateSequential(ReduceOps.java:913)
	at java.base/java.util.stream.AbstractPipeline.evaluate(AbstractPipeline.java:234)
	at java.base/java.util.stream.ReferencePipeline.collect(ReferencePipeline.java:578)
	at de.uka.ilkd.key.java.JP2KeYVisitor.map(JP2KeYConverter.java:403)
	at de.uka.ilkd.key.java.JP2KeYVisitor.visit(JP2KeYConverter.java:393)
	at de.uka.ilkd.key.java.JP2KeYVisitor.visit(JP2KeYConverter.java:90)
	at com.github.javaparser.ast.CompilationUnit.accept(CompilationUnit.java:124)
	at de.uka.ilkd.key.java.JP2KeYConverter.process(JP2KeYConverter.java:84)
	at de.uka.ilkd.key.java.JP2KeYConverter.processCompilationUnit(JP2KeYConverter.java:80)
	at de.uka.ilkd.key.java.JavaService.parseLibraryClasses0(JavaService.java:536)
	at de.uka.ilkd.key.java.JavaService.parseSpecialClasses(JavaService.java:511)
	at de.uka.ilkd.key.proof.init.ProblemInitializer.readJava(ProblemInitializer.java:280)
	at de.uka.ilkd.key.proof.init.ProblemInitializer.prepare(ProblemInitializer.java:529)
	at de.uka.ilkd.key.proof.init.ProblemInitializer.prepare(ProblemInitializer.java:471)
	at de.uka.ilkd.key.rule.TacletForTests.parse(TacletForTests.java:80)
	... 90 more
</failure>
  </testcase>
  <testcase name="testAttributeOnObject()" classname="de.uka.ilkd.key.parser.TestTermParser" time="0.0">
    <failure message="java.lang.RuntimeException: Exception occurred while parsing src\test\resources\testcase\testrules.key" type="java.lang.RuntimeException">java.lang.RuntimeException: Exception occurred while parsing src\test\resources\testcase\testrules.key
	at de.uka.ilkd.key.rule.TacletForTests.parse(TacletForTests.java:89)
	at de.uka.ilkd.key.rule.TacletForTests.parse(TacletForTests.java:125)
	at de.uka.ilkd.key.rule.TacletForTests.parse(TacletForTests.java:129)
	at de.uka.ilkd.key.rule.TacletForTests.services(TacletForTests.java:102)
	at de.uka.ilkd.key.parser.TestTermParser.getServices(TestTermParser.java:42)
	at de.uka.ilkd.key.parser.AbstractTestTermParser.&lt;init&gt;(AbstractTestTermParser.java:35)
	at de.uka.ilkd.key.parser.TestTermParser.&lt;init&gt;(TestTermParser.java:34)
	at java.base/jdk.internal.reflect.NativeConstructorAccessorImpl.newInstance0(Native Method)
	at java.base/jdk.internal.reflect.NativeConstructorAccessorImpl.newInstance(NativeConstructorAccessorImpl.java:62)
	at java.base/jdk.internal.reflect.DelegatingConstructorAccessorImpl.newInstance(DelegatingConstructorAccessorImpl.java:45)
	at java.base/java.lang.reflect.Constructor.newInstance(Constructor.java:490)
	at org.junit.platform.commons.util.ReflectionUtils.newInstance(ReflectionUtils.java:552)
	at org.junit.jupiter.engine.execution.ConstructorInvocation.proceed(ConstructorInvocation.java:56)
	at org.junit.jupiter.engine.execution.InvocationInterceptorChain$ValidatingInvocation.proceed(InvocationInterceptorChain.java:131)
	at org.junit.jupiter.api.extension.InvocationInterceptor.interceptTestClassConstructor(InvocationInterceptor.java:73)
	at org.junit.jupiter.engine.execution.InterceptingExecutableInvoker.lambda$invoke$0(InterceptingExecutableInvoker.java:93)
	at org.junit.jupiter.engine.execution.InvocationInterceptorChain$InterceptedInvocation.proceed(InvocationInterceptorChain.java:106)
	at org.junit.jupiter.engine.execution.InvocationInterceptorChain.proceed(InvocationInterceptorChain.java:64)
	at org.junit.jupiter.engine.execution.InvocationInterceptorChain.chainAndInvoke(InvocationInterceptorChain.java:45)
	at org.junit.jupiter.engine.execution.InvocationInterceptorChain.invoke(InvocationInterceptorChain.java:37)
	at org.junit.jupiter.engine.execution.InterceptingExecutableInvoker.invoke(InterceptingExecutableInvoker.java:92)
	at org.junit.jupiter.engine.execution.InterceptingExecutableInvoker.invoke(InterceptingExecutableInvoker.java:62)
	at org.junit.jupiter.engine.descriptor.ClassBasedTestDescriptor.invokeTestClassConstructor(ClassBasedTestDescriptor.java:363)
	at org.junit.jupiter.engine.descriptor.ClassBasedTestDescriptor.instantiateTestClass(ClassBasedTestDescriptor.java:310)
	at org.junit.jupiter.engine.descriptor.ClassTestDescriptor.instantiateTestClass(ClassTestDescriptor.java:79)
	at org.junit.jupiter.engine.descriptor.ClassBasedTestDescriptor.instantiateAndPostProcessTestInstance(ClassBasedTestDescriptor.java:286)
	at org.junit.jupiter.engine.descriptor.ClassBasedTestDescriptor.lambda$testInstancesProvider$4(ClassBasedTestDescriptor.java:278)
	at java.base/java.util.Optional.orElseGet(Optional.java:369)
	at org.junit.jupiter.engine.descriptor.ClassBasedTestDescriptor.lambda$testInstancesProvider$5(ClassBasedTestDescriptor.java:277)
	at org.junit.jupiter.engine.execution.TestInstancesProvider.getTestInstances(TestInstancesProvider.java:31)
	at org.junit.jupiter.engine.descriptor.TestMethodTestDescriptor.lambda$prepare$0(TestMethodTestDescriptor.java:105)
	at org.junit.platform.engine.support.hierarchical.ThrowableCollector.execute(ThrowableCollector.java:73)
	at org.junit.jupiter.engine.descriptor.TestMethodTestDescriptor.prepare(TestMethodTestDescriptor.java:104)
	at org.junit.jupiter.engine.descriptor.TestMethodTestDescriptor.prepare(TestMethodTestDescriptor.java:68)
	at org.junit.platform.engine.support.hierarchical.NodeTestTask.lambda$prepare$2(NodeTestTask.java:123)
	at org.junit.platform.engine.support.hierarchical.ThrowableCollector.execute(ThrowableCollector.java:73)
	at org.junit.platform.engine.support.hierarchical.NodeTestTask.prepare(NodeTestTask.java:123)
	at org.junit.platform.engine.support.hierarchical.NodeTestTask.execute(NodeTestTask.java:90)
	at java.base/java.util.ArrayList.forEach(ArrayList.java:1541)
	at org.junit.platform.engine.support.hierarchical.SameThreadHierarchicalTestExecutorService.invokeAll(SameThreadHierarchicalTestExecutorService.java:41)
	at org.junit.platform.engine.support.hierarchical.NodeTestTask.lambda$executeRecursively$6(NodeTestTask.java:155)
	at org.junit.platform.engine.support.hierarchical.ThrowableCollector.execute(ThrowableCollector.java:73)
	at org.junit.platform.engine.support.hierarchical.NodeTestTask.lambda$executeRecursively$8(NodeTestTask.java:141)
	at org.junit.platform.engine.support.hierarchical.Node.around(Node.java:137)
	at org.junit.platform.engine.support.hierarchical.NodeTestTask.lambda$executeRecursively$9(NodeTestTask.java:139)
	at org.junit.platform.engine.support.hierarchical.ThrowableCollector.execute(ThrowableCollector.java:73)
	at org.junit.platform.engine.support.hierarchical.NodeTestTask.executeRecursively(NodeTestTask.java:138)
	at org.junit.platform.engine.support.hierarchical.NodeTestTask.execute(NodeTestTask.java:95)
	at java.base/java.util.ArrayList.forEach(ArrayList.java:1541)
	at org.junit.platform.engine.support.hierarchical.SameThreadHierarchicalTestExecutorService.invokeAll(SameThreadHierarchicalTestExecutorService.java:41)
	at org.junit.platform.engine.support.hierarchical.NodeTestTask.lambda$executeRecursively$6(NodeTestTask.java:155)
	at org.junit.platform.engine.support.hierarchical.ThrowableCollector.execute(ThrowableCollector.java:73)
	at org.junit.platform.engine.support.hierarchical.NodeTestTask.lambda$executeRecursively$8(NodeTestTask.java:141)
	at org.junit.platform.engine.support.hierarchical.Node.around(Node.java:137)
	at org.junit.platform.engine.support.hierarchical.NodeTestTask.lambda$executeRecursively$9(NodeTestTask.java:139)
	at org.junit.platform.engine.support.hierarchical.ThrowableCollector.execute(ThrowableCollector.java:73)
	at org.junit.platform.engine.support.hierarchical.NodeTestTask.executeRecursively(NodeTestTask.java:138)
	at org.junit.platform.engine.support.hierarchical.NodeTestTask.execute(NodeTestTask.java:95)
	at org.junit.platform.engine.support.hierarchical.SameThreadHierarchicalTestExecutorService.submit(SameThreadHierarchicalTestExecutorService.java:35)
	at org.junit.platform.engine.support.hierarchical.HierarchicalTestExecutor.execute(HierarchicalTestExecutor.java:57)
	at org.junit.platform.engine.support.hierarchical.HierarchicalTestEngine.execute(HierarchicalTestEngine.java:54)
	at org.junit.platform.launcher.core.EngineExecutionOrchestrator.execute(EngineExecutionOrchestrator.java:107)
	at org.junit.platform.launcher.core.EngineExecutionOrchestrator.execute(EngineExecutionOrchestrator.java:88)
	at org.junit.platform.launcher.core.EngineExecutionOrchestrator.lambda$execute$0(EngineExecutionOrchestrator.java:54)
	at org.junit.platform.launcher.core.EngineExecutionOrchestrator.withInterceptedStreams(EngineExecutionOrchestrator.java:67)
	at org.junit.platform.launcher.core.EngineExecutionOrchestrator.execute(EngineExecutionOrchestrator.java:52)
	at org.junit.platform.launcher.core.DefaultLauncher.execute(DefaultLauncher.java:114)
	at org.junit.platform.launcher.core.DefaultLauncher.execute(DefaultLauncher.java:86)
	at org.junit.platform.launcher.core.DefaultLauncherSession$DelegatingLauncher.execute(DefaultLauncherSession.java:86)
	at org.gradle.api.internal.tasks.testing.junitplatform.JUnitPlatformTestClassProcessor$CollectAllTestClassesExecutor.processAllTestClasses(JUnitPlatformTestClassProcessor.java:110)
	at org.gradle.api.internal.tasks.testing.junitplatform.JUnitPlatformTestClassProcessor$CollectAllTestClassesExecutor.access$000(JUnitPlatformTestClassProcessor.java:90)
	at org.gradle.api.internal.tasks.testing.junitplatform.JUnitPlatformTestClassProcessor.stop(JUnitPlatformTestClassProcessor.java:85)
	at org.gradle.api.internal.tasks.testing.SuiteTestClassProcessor.stop(SuiteTestClassProcessor.java:62)
	at java.base/jdk.internal.reflect.NativeMethodAccessorImpl.invoke0(Native Method)
	at java.base/jdk.internal.reflect.NativeMethodAccessorImpl.invoke(NativeMethodAccessorImpl.java:62)
	at java.base/jdk.internal.reflect.DelegatingMethodAccessorImpl.invoke(DelegatingMethodAccessorImpl.java:43)
	at java.base/java.lang.reflect.Method.invoke(Method.java:566)
	at org.gradle.internal.dispatch.ReflectionDispatch.dispatch(ReflectionDispatch.java:36)
	at org.gradle.internal.dispatch.ReflectionDispatch.dispatch(ReflectionDispatch.java:24)
	at org.gradle.internal.dispatch.ContextClassLoaderDispatch.dispatch(ContextClassLoaderDispatch.java:33)
	at org.gradle.internal.dispatch.ProxyDispatchAdapter$DispatchingInvocationHandler.invoke(ProxyDispatchAdapter.java:94)
	at com.sun.proxy.$Proxy5.stop(Unknown Source)
	at org.gradle.api.internal.tasks.testing.worker.TestWorker$3.run(TestWorker.java:193)
	at org.gradle.api.internal.tasks.testing.worker.TestWorker.executeAndMaintainThreadName(TestWorker.java:129)
	at org.gradle.api.internal.tasks.testing.worker.TestWorker.execute(TestWorker.java:100)
	at org.gradle.api.internal.tasks.testing.worker.TestWorker.execute(TestWorker.java:60)
	at org.gradle.process.internal.worker.child.ActionExecutionWorker.execute(ActionExecutionWorker.java:56)
	at org.gradle.process.internal.worker.child.SystemApplicationClassLoaderWorker.call(SystemApplicationClassLoaderWorker.java:113)
	at org.gradle.process.internal.worker.child.SystemApplicationClassLoaderWorker.call(SystemApplicationClassLoaderWorker.java:65)
	at worker.org.gradle.process.internal.worker.GradleWorkerMain.run(GradleWorkerMain.java:69)
	at worker.org.gradle.process.internal.worker.GradleWorkerMain.main(GradleWorkerMain.java:74)
Caused by: UnsolvedSymbolException{context='arg0', name='Solving arg0', cause='null'}
	at com.github.javaparser.symbolsolver.javaparsermodel.TypeExtractor.visit(TypeExtractor.java:335)
	at com.github.javaparser.symbolsolver.javaparsermodel.TypeExtractor.visit(TypeExtractor.java:65)
	at com.github.javaparser.ast.expr.NameExpr.accept(NameExpr.java:79)
	at com.github.javaparser.symbolsolver.javaparsermodel.JavaParserFacade.getTypeConcrete(JavaParserFacade.java:505)
	at com.github.javaparser.symbolsolver.javaparsermodel.JavaParserFacade.getType(JavaParserFacade.java:352)
	at com.github.javaparser.symbolsolver.javaparsermodel.JavaParserFacade.getType(JavaParserFacade.java:334)
	at com.github.javaparser.symbolsolver.JavaSymbolSolver.calculateType(JavaSymbolSolver.java:294)
	at com.github.javaparser.ast.expr.Expression.calculateResolvedType(Expression.java:573)
	at de.uka.ilkd.key.java.JP2KeYVisitor.visit(JP2KeYConverter.java:707)
	at de.uka.ilkd.key.java.JP2KeYVisitor.visit(JP2KeYConverter.java:90)
	at com.github.javaparser.ast.expr.NameExpr.accept(NameExpr.java:79)
	at de.uka.ilkd.key.java.JP2KeYVisitor.lambda$map$1(JP2KeYConverter.java:402)
	at java.base/java.util.stream.ReferencePipeline$3$1.accept(ReferencePipeline.java:195)
	at java.base/java.util.ArrayList$ArrayListSpliterator.forEachRemaining(ArrayList.java:1655)
	at java.base/java.util.stream.AbstractPipeline.copyInto(AbstractPipeline.java:484)
	at java.base/java.util.stream.AbstractPipeline.wrapAndCopyInto(AbstractPipeline.java:474)
	at java.base/java.util.stream.ReduceOps$ReduceOp.evaluateSequential(ReduceOps.java:913)
	at java.base/java.util.stream.AbstractPipeline.evaluate(AbstractPipeline.java:234)
	at java.base/java.util.stream.ReferencePipeline.collect(ReferencePipeline.java:578)
	at de.uka.ilkd.key.java.JP2KeYVisitor.map(JP2KeYConverter.java:403)
	at de.uka.ilkd.key.java.JP2KeYVisitor.visit(JP2KeYConverter.java:506)
	at de.uka.ilkd.key.java.JP2KeYVisitor.visit(JP2KeYConverter.java:90)
	at com.github.javaparser.ast.stmt.ExplicitConstructorInvocationStmt.accept(ExplicitConstructorInvocationStmt.java:96)
	at de.uka.ilkd.key.java.JP2KeYVisitor.lambda$map$1(JP2KeYConverter.java:402)
	at java.base/java.util.stream.ReferencePipeline$3$1.accept(ReferencePipeline.java:195)
	at java.base/java.util.ArrayList$ArrayListSpliterator.forEachRemaining(ArrayList.java:1655)
	at java.base/java.util.stream.AbstractPipeline.copyInto(AbstractPipeline.java:484)
	at java.base/java.util.stream.AbstractPipeline.wrapAndCopyInto(AbstractPipeline.java:474)
	at java.base/java.util.stream.ReduceOps$ReduceOp.evaluateSequential(ReduceOps.java:913)
	at java.base/java.util.stream.AbstractPipeline.evaluate(AbstractPipeline.java:234)
	at java.base/java.util.stream.ReferencePipeline.collect(ReferencePipeline.java:578)
	at de.uka.ilkd.key.java.JP2KeYVisitor.map(JP2KeYConverter.java:403)
	at de.uka.ilkd.key.java.JP2KeYVisitor.visit(JP2KeYConverter.java:258)
	at de.uka.ilkd.key.java.JP2KeYVisitor.visit(JP2KeYConverter.java:90)
	at com.github.javaparser.ast.stmt.BlockStmt.accept(BlockStmt.java:70)
	at de.uka.ilkd.key.java.JP2KeYVisitor.lambda$map$1(JP2KeYConverter.java:402)
	at java.base/java.util.stream.ReferencePipeline$3$1.accept(ReferencePipeline.java:195)
	at java.base/java.util.ArrayList$ArrayListSpliterator.forEachRemaining(ArrayList.java:1655)
	at java.base/java.util.stream.AbstractPipeline.copyInto(AbstractPipeline.java:484)
	at java.base/java.util.stream.AbstractPipeline.wrapAndCopyInto(AbstractPipeline.java:474)
	at java.base/java.util.stream.ReduceOps$ReduceOp.evaluateSequential(ReduceOps.java:913)
	at java.base/java.util.stream.AbstractPipeline.evaluate(AbstractPipeline.java:234)
	at java.base/java.util.stream.ReferencePipeline.collect(ReferencePipeline.java:578)
	at de.uka.ilkd.key.java.JP2KeYVisitor.map(JP2KeYConverter.java:403)
	at de.uka.ilkd.key.java.JP2KeYVisitor.visit(JP2KeYConverter.java:258)
	at de.uka.ilkd.key.java.JP2KeYVisitor.visit(JP2KeYConverter.java:90)
	at com.github.javaparser.ast.stmt.BlockStmt.accept(BlockStmt.java:70)
	at de.uka.ilkd.key.java.JP2KeYVisitor.accept(JP2KeYConverter.java:348)
	at de.uka.ilkd.key.java.JP2KeYVisitor.visit(JP2KeYConverter.java:946)
	at de.uka.ilkd.key.java.JP2KeYVisitor.visit(JP2KeYConverter.java:90)
	at com.github.javaparser.ast.stmt.TryStmt.accept(TryStmt.java:135)
	at de.uka.ilkd.key.java.JP2KeYVisitor.lambda$map$1(JP2KeYConverter.java:402)
	at java.base/java.util.stream.ReferencePipeline$3$1.accept(ReferencePipeline.java:195)
	at java.base/java.util.ArrayList$ArrayListSpliterator.forEachRemaining(ArrayList.java:1655)
	at java.base/java.util.stream.AbstractPipeline.copyInto(AbstractPipeline.java:484)
	at java.base/java.util.stream.AbstractPipeline.wrapAndCopyInto(AbstractPipeline.java:474)
	at java.base/java.util.stream.ReduceOps$ReduceOp.evaluateSequential(ReduceOps.java:913)
	at java.base/java.util.stream.AbstractPipeline.evaluate(AbstractPipeline.java:234)
	at java.base/java.util.stream.ReferencePipeline.collect(ReferencePipeline.java:578)
	at de.uka.ilkd.key.java.JP2KeYVisitor.map(JP2KeYConverter.java:403)
	at de.uka.ilkd.key.java.JP2KeYVisitor.visit(JP2KeYConverter.java:258)
	at de.uka.ilkd.key.java.JP2KeYVisitor.visit(JP2KeYConverter.java:90)
	at com.github.javaparser.ast.stmt.BlockStmt.accept(BlockStmt.java:70)
	at de.uka.ilkd.key.java.JP2KeYVisitor.accept(JP2KeYConverter.java:348)
	at de.uka.ilkd.key.java.JP2KeYVisitor.visit(JP2KeYConverter.java:609)
	at de.uka.ilkd.key.java.JP2KeYVisitor.visit(JP2KeYConverter.java:90)
	at com.github.javaparser.ast.stmt.IfStmt.accept(IfStmt.java:82)
	at de.uka.ilkd.key.java.JP2KeYVisitor.lambda$map$1(JP2KeYConverter.java:402)
	at java.base/java.util.stream.ReferencePipeline$3$1.accept(ReferencePipeline.java:195)
	at java.base/java.util.ArrayList$ArrayListSpliterator.forEachRemaining(ArrayList.java:1655)
	at java.base/java.util.stream.AbstractPipeline.copyInto(AbstractPipeline.java:484)
	at java.base/java.util.stream.AbstractPipeline.wrapAndCopyInto(AbstractPipeline.java:474)
	at java.base/java.util.stream.ReduceOps$ReduceOp.evaluateSequential(ReduceOps.java:913)
	at java.base/java.util.stream.AbstractPipeline.evaluate(AbstractPipeline.java:234)
	at java.base/java.util.stream.ReferencePipeline.collect(ReferencePipeline.java:578)
	at de.uka.ilkd.key.java.JP2KeYVisitor.map(JP2KeYConverter.java:403)
	at de.uka.ilkd.key.java.JP2KeYVisitor.visit(JP2KeYConverter.java:258)
	at de.uka.ilkd.key.java.JP2KeYVisitor.visit(JP2KeYConverter.java:90)
	at com.github.javaparser.ast.stmt.BlockStmt.accept(BlockStmt.java:70)
	at de.uka.ilkd.key.java.JP2KeYVisitor.accept(JP2KeYConverter.java:348)
	at de.uka.ilkd.key.java.JP2KeYVisitor.visit(JP2KeYConverter.java:609)
	at de.uka.ilkd.key.java.JP2KeYVisitor.visit(JP2KeYConverter.java:90)
	at com.github.javaparser.ast.stmt.IfStmt.accept(IfStmt.java:82)
	at de.uka.ilkd.key.java.JP2KeYVisitor.lambda$map$1(JP2KeYConverter.java:402)
	at java.base/java.util.stream.ReferencePipeline$3$1.accept(ReferencePipeline.java:195)
	at java.base/java.util.ArrayList$ArrayListSpliterator.forEachRemaining(ArrayList.java:1655)
	at java.base/java.util.stream.AbstractPipeline.copyInto(AbstractPipeline.java:484)
	at java.base/java.util.stream.AbstractPipeline.wrapAndCopyInto(AbstractPipeline.java:474)
	at java.base/java.util.stream.ReduceOps$ReduceOp.evaluateSequential(ReduceOps.java:913)
	at java.base/java.util.stream.AbstractPipeline.evaluate(AbstractPipeline.java:234)
	at java.base/java.util.stream.ReferencePipeline.collect(ReferencePipeline.java:578)
	at de.uka.ilkd.key.java.JP2KeYVisitor.map(JP2KeYConverter.java:403)
	at de.uka.ilkd.key.java.JP2KeYVisitor.visit(JP2KeYConverter.java:258)
	at de.uka.ilkd.key.java.JP2KeYVisitor.visit(JP2KeYConverter.java:90)
	at com.github.javaparser.ast.stmt.BlockStmt.accept(BlockStmt.java:70)
	at de.uka.ilkd.key.java.JP2KeYVisitor.accept(JP2KeYConverter.java:348)
	at de.uka.ilkd.key.java.JP2KeYVisitor.accepto(JP2KeYConverter.java:418)
	at de.uka.ilkd.key.java.JP2KeYVisitor.visit(JP2KeYConverter.java:688)
	at de.uka.ilkd.key.java.JP2KeYVisitor.visit(JP2KeYConverter.java:90)
	at com.github.javaparser.ast.body.MethodDeclaration.accept(MethodDeclaration.java:98)
	at de.uka.ilkd.key.java.JP2KeYVisitor.lambda$map$1(JP2KeYConverter.java:402)
	at java.base/java.util.stream.ReferencePipeline$3$1.accept(ReferencePipeline.java:195)
	at java.base/java.util.ArrayList$ArrayListSpliterator.forEachRemaining(ArrayList.java:1655)
	at java.base/java.util.stream.AbstractPipeline.copyInto(AbstractPipeline.java:484)
	at java.base/java.util.stream.AbstractPipeline.wrapAndCopyInto(AbstractPipeline.java:474)
	at java.base/java.util.stream.ReduceOps$ReduceOp.evaluateSequential(ReduceOps.java:913)
	at java.base/java.util.stream.AbstractPipeline.evaluate(AbstractPipeline.java:234)
	at java.base/java.util.stream.ReferencePipeline.collect(ReferencePipeline.java:578)
	at de.uka.ilkd.key.java.JP2KeYVisitor.map(JP2KeYConverter.java:403)
	at de.uka.ilkd.key.java.JP2KeYVisitor.visit(JP2KeYConverter.java:310)
	at de.uka.ilkd.key.java.JP2KeYVisitor.visit(JP2KeYConverter.java:90)
	at com.github.javaparser.ast.body.ClassOrInterfaceDeclaration.accept(ClassOrInterfaceDeclaration.java:95)
	at de.uka.ilkd.key.java.JP2KeYVisitor.lambda$map$1(JP2KeYConverter.java:402)
	at java.base/java.util.stream.ReferencePipeline$3$1.accept(ReferencePipeline.java:195)
	at java.base/java.util.ArrayList$ArrayListSpliterator.forEachRemaining(ArrayList.java:1655)
	at java.base/java.util.stream.AbstractPipeline.copyInto(AbstractPipeline.java:484)
	at java.base/java.util.stream.AbstractPipeline.wrapAndCopyInto(AbstractPipeline.java:474)
	at java.base/java.util.stream.ReduceOps$ReduceOp.evaluateSequential(ReduceOps.java:913)
	at java.base/java.util.stream.AbstractPipeline.evaluate(AbstractPipeline.java:234)
	at java.base/java.util.stream.ReferencePipeline.collect(ReferencePipeline.java:578)
	at de.uka.ilkd.key.java.JP2KeYVisitor.map(JP2KeYConverter.java:403)
	at de.uka.ilkd.key.java.JP2KeYVisitor.visit(JP2KeYConverter.java:393)
	at de.uka.ilkd.key.java.JP2KeYVisitor.visit(JP2KeYConverter.java:90)
	at com.github.javaparser.ast.CompilationUnit.accept(CompilationUnit.java:124)
	at de.uka.ilkd.key.java.JP2KeYConverter.process(JP2KeYConverter.java:84)
	at de.uka.ilkd.key.java.JP2KeYConverter.processCompilationUnit(JP2KeYConverter.java:80)
	at de.uka.ilkd.key.java.JavaService.parseLibraryClasses0(JavaService.java:536)
	at de.uka.ilkd.key.java.JavaService.parseSpecialClasses(JavaService.java:511)
	at de.uka.ilkd.key.proof.init.ProblemInitializer.readJava(ProblemInitializer.java:280)
	at de.uka.ilkd.key.proof.init.ProblemInitializer.prepare(ProblemInitializer.java:529)
	at de.uka.ilkd.key.proof.init.ProblemInitializer.prepare(ProblemInitializer.java:471)
	at de.uka.ilkd.key.rule.TacletForTests.parse(TacletForTests.java:80)
	... 90 more
</failure>
  </testcase>
  <testcase name="testNegativeLiteralParsing1()" classname="de.uka.ilkd.key.parser.TestTermParser" time="0.001">
    <failure message="java.lang.RuntimeException: Exception occurred while parsing src\test\resources\testcase\testrules.key" type="java.lang.RuntimeException">java.lang.RuntimeException: Exception occurred while parsing src\test\resources\testcase\testrules.key
	at de.uka.ilkd.key.rule.TacletForTests.parse(TacletForTests.java:89)
	at de.uka.ilkd.key.rule.TacletForTests.parse(TacletForTests.java:125)
	at de.uka.ilkd.key.rule.TacletForTests.parse(TacletForTests.java:129)
	at de.uka.ilkd.key.rule.TacletForTests.services(TacletForTests.java:102)
	at de.uka.ilkd.key.parser.TestTermParser.getServices(TestTermParser.java:42)
	at de.uka.ilkd.key.parser.AbstractTestTermParser.&lt;init&gt;(AbstractTestTermParser.java:35)
	at de.uka.ilkd.key.parser.TestTermParser.&lt;init&gt;(TestTermParser.java:34)
	at java.base/jdk.internal.reflect.NativeConstructorAccessorImpl.newInstance0(Native Method)
	at java.base/jdk.internal.reflect.NativeConstructorAccessorImpl.newInstance(NativeConstructorAccessorImpl.java:62)
	at java.base/jdk.internal.reflect.DelegatingConstructorAccessorImpl.newInstance(DelegatingConstructorAccessorImpl.java:45)
	at java.base/java.lang.reflect.Constructor.newInstance(Constructor.java:490)
	at org.junit.platform.commons.util.ReflectionUtils.newInstance(ReflectionUtils.java:552)
	at org.junit.jupiter.engine.execution.ConstructorInvocation.proceed(ConstructorInvocation.java:56)
	at org.junit.jupiter.engine.execution.InvocationInterceptorChain$ValidatingInvocation.proceed(InvocationInterceptorChain.java:131)
	at org.junit.jupiter.api.extension.InvocationInterceptor.interceptTestClassConstructor(InvocationInterceptor.java:73)
	at org.junit.jupiter.engine.execution.InterceptingExecutableInvoker.lambda$invoke$0(InterceptingExecutableInvoker.java:93)
	at org.junit.jupiter.engine.execution.InvocationInterceptorChain$InterceptedInvocation.proceed(InvocationInterceptorChain.java:106)
	at org.junit.jupiter.engine.execution.InvocationInterceptorChain.proceed(InvocationInterceptorChain.java:64)
	at org.junit.jupiter.engine.execution.InvocationInterceptorChain.chainAndInvoke(InvocationInterceptorChain.java:45)
	at org.junit.jupiter.engine.execution.InvocationInterceptorChain.invoke(InvocationInterceptorChain.java:37)
	at org.junit.jupiter.engine.execution.InterceptingExecutableInvoker.invoke(InterceptingExecutableInvoker.java:92)
	at org.junit.jupiter.engine.execution.InterceptingExecutableInvoker.invoke(InterceptingExecutableInvoker.java:62)
	at org.junit.jupiter.engine.descriptor.ClassBasedTestDescriptor.invokeTestClassConstructor(ClassBasedTestDescriptor.java:363)
	at org.junit.jupiter.engine.descriptor.ClassBasedTestDescriptor.instantiateTestClass(ClassBasedTestDescriptor.java:310)
	at org.junit.jupiter.engine.descriptor.ClassTestDescriptor.instantiateTestClass(ClassTestDescriptor.java:79)
	at org.junit.jupiter.engine.descriptor.ClassBasedTestDescriptor.instantiateAndPostProcessTestInstance(ClassBasedTestDescriptor.java:286)
	at org.junit.jupiter.engine.descriptor.ClassBasedTestDescriptor.lambda$testInstancesProvider$4(ClassBasedTestDescriptor.java:278)
	at java.base/java.util.Optional.orElseGet(Optional.java:369)
	at org.junit.jupiter.engine.descriptor.ClassBasedTestDescriptor.lambda$testInstancesProvider$5(ClassBasedTestDescriptor.java:277)
	at org.junit.jupiter.engine.execution.TestInstancesProvider.getTestInstances(TestInstancesProvider.java:31)
	at org.junit.jupiter.engine.descriptor.TestMethodTestDescriptor.lambda$prepare$0(TestMethodTestDescriptor.java:105)
	at org.junit.platform.engine.support.hierarchical.ThrowableCollector.execute(ThrowableCollector.java:73)
	at org.junit.jupiter.engine.descriptor.TestMethodTestDescriptor.prepare(TestMethodTestDescriptor.java:104)
	at org.junit.jupiter.engine.descriptor.TestMethodTestDescriptor.prepare(TestMethodTestDescriptor.java:68)
	at org.junit.platform.engine.support.hierarchical.NodeTestTask.lambda$prepare$2(NodeTestTask.java:123)
	at org.junit.platform.engine.support.hierarchical.ThrowableCollector.execute(ThrowableCollector.java:73)
	at org.junit.platform.engine.support.hierarchical.NodeTestTask.prepare(NodeTestTask.java:123)
	at org.junit.platform.engine.support.hierarchical.NodeTestTask.execute(NodeTestTask.java:90)
	at java.base/java.util.ArrayList.forEach(ArrayList.java:1541)
	at org.junit.platform.engine.support.hierarchical.SameThreadHierarchicalTestExecutorService.invokeAll(SameThreadHierarchicalTestExecutorService.java:41)
	at org.junit.platform.engine.support.hierarchical.NodeTestTask.lambda$executeRecursively$6(NodeTestTask.java:155)
	at org.junit.platform.engine.support.hierarchical.ThrowableCollector.execute(ThrowableCollector.java:73)
	at org.junit.platform.engine.support.hierarchical.NodeTestTask.lambda$executeRecursively$8(NodeTestTask.java:141)
	at org.junit.platform.engine.support.hierarchical.Node.around(Node.java:137)
	at org.junit.platform.engine.support.hierarchical.NodeTestTask.lambda$executeRecursively$9(NodeTestTask.java:139)
	at org.junit.platform.engine.support.hierarchical.ThrowableCollector.execute(ThrowableCollector.java:73)
	at org.junit.platform.engine.support.hierarchical.NodeTestTask.executeRecursively(NodeTestTask.java:138)
	at org.junit.platform.engine.support.hierarchical.NodeTestTask.execute(NodeTestTask.java:95)
	at java.base/java.util.ArrayList.forEach(ArrayList.java:1541)
	at org.junit.platform.engine.support.hierarchical.SameThreadHierarchicalTestExecutorService.invokeAll(SameThreadHierarchicalTestExecutorService.java:41)
	at org.junit.platform.engine.support.hierarchical.NodeTestTask.lambda$executeRecursively$6(NodeTestTask.java:155)
	at org.junit.platform.engine.support.hierarchical.ThrowableCollector.execute(ThrowableCollector.java:73)
	at org.junit.platform.engine.support.hierarchical.NodeTestTask.lambda$executeRecursively$8(NodeTestTask.java:141)
	at org.junit.platform.engine.support.hierarchical.Node.around(Node.java:137)
	at org.junit.platform.engine.support.hierarchical.NodeTestTask.lambda$executeRecursively$9(NodeTestTask.java:139)
	at org.junit.platform.engine.support.hierarchical.ThrowableCollector.execute(ThrowableCollector.java:73)
	at org.junit.platform.engine.support.hierarchical.NodeTestTask.executeRecursively(NodeTestTask.java:138)
	at org.junit.platform.engine.support.hierarchical.NodeTestTask.execute(NodeTestTask.java:95)
	at org.junit.platform.engine.support.hierarchical.SameThreadHierarchicalTestExecutorService.submit(SameThreadHierarchicalTestExecutorService.java:35)
	at org.junit.platform.engine.support.hierarchical.HierarchicalTestExecutor.execute(HierarchicalTestExecutor.java:57)
	at org.junit.platform.engine.support.hierarchical.HierarchicalTestEngine.execute(HierarchicalTestEngine.java:54)
	at org.junit.platform.launcher.core.EngineExecutionOrchestrator.execute(EngineExecutionOrchestrator.java:107)
	at org.junit.platform.launcher.core.EngineExecutionOrchestrator.execute(EngineExecutionOrchestrator.java:88)
	at org.junit.platform.launcher.core.EngineExecutionOrchestrator.lambda$execute$0(EngineExecutionOrchestrator.java:54)
	at org.junit.platform.launcher.core.EngineExecutionOrchestrator.withInterceptedStreams(EngineExecutionOrchestrator.java:67)
	at org.junit.platform.launcher.core.EngineExecutionOrchestrator.execute(EngineExecutionOrchestrator.java:52)
	at org.junit.platform.launcher.core.DefaultLauncher.execute(DefaultLauncher.java:114)
	at org.junit.platform.launcher.core.DefaultLauncher.execute(DefaultLauncher.java:86)
	at org.junit.platform.launcher.core.DefaultLauncherSession$DelegatingLauncher.execute(DefaultLauncherSession.java:86)
	at org.gradle.api.internal.tasks.testing.junitplatform.JUnitPlatformTestClassProcessor$CollectAllTestClassesExecutor.processAllTestClasses(JUnitPlatformTestClassProcessor.java:110)
	at org.gradle.api.internal.tasks.testing.junitplatform.JUnitPlatformTestClassProcessor$CollectAllTestClassesExecutor.access$000(JUnitPlatformTestClassProcessor.java:90)
	at org.gradle.api.internal.tasks.testing.junitplatform.JUnitPlatformTestClassProcessor.stop(JUnitPlatformTestClassProcessor.java:85)
	at org.gradle.api.internal.tasks.testing.SuiteTestClassProcessor.stop(SuiteTestClassProcessor.java:62)
	at java.base/jdk.internal.reflect.NativeMethodAccessorImpl.invoke0(Native Method)
	at java.base/jdk.internal.reflect.NativeMethodAccessorImpl.invoke(NativeMethodAccessorImpl.java:62)
	at java.base/jdk.internal.reflect.DelegatingMethodAccessorImpl.invoke(DelegatingMethodAccessorImpl.java:43)
	at java.base/java.lang.reflect.Method.invoke(Method.java:566)
	at org.gradle.internal.dispatch.ReflectionDispatch.dispatch(ReflectionDispatch.java:36)
	at org.gradle.internal.dispatch.ReflectionDispatch.dispatch(ReflectionDispatch.java:24)
	at org.gradle.internal.dispatch.ContextClassLoaderDispatch.dispatch(ContextClassLoaderDispatch.java:33)
	at org.gradle.internal.dispatch.ProxyDispatchAdapter$DispatchingInvocationHandler.invoke(ProxyDispatchAdapter.java:94)
	at com.sun.proxy.$Proxy5.stop(Unknown Source)
	at org.gradle.api.internal.tasks.testing.worker.TestWorker$3.run(TestWorker.java:193)
	at org.gradle.api.internal.tasks.testing.worker.TestWorker.executeAndMaintainThreadName(TestWorker.java:129)
	at org.gradle.api.internal.tasks.testing.worker.TestWorker.execute(TestWorker.java:100)
	at org.gradle.api.internal.tasks.testing.worker.TestWorker.execute(TestWorker.java:60)
	at org.gradle.process.internal.worker.child.ActionExecutionWorker.execute(ActionExecutionWorker.java:56)
	at org.gradle.process.internal.worker.child.SystemApplicationClassLoaderWorker.call(SystemApplicationClassLoaderWorker.java:113)
	at org.gradle.process.internal.worker.child.SystemApplicationClassLoaderWorker.call(SystemApplicationClassLoaderWorker.java:65)
	at worker.org.gradle.process.internal.worker.GradleWorkerMain.run(GradleWorkerMain.java:69)
	at worker.org.gradle.process.internal.worker.GradleWorkerMain.main(GradleWorkerMain.java:74)
Caused by: UnsolvedSymbolException{context='arg0', name='Solving arg0', cause='null'}
	at com.github.javaparser.symbolsolver.javaparsermodel.TypeExtractor.visit(TypeExtractor.java:335)
	at com.github.javaparser.symbolsolver.javaparsermodel.TypeExtractor.visit(TypeExtractor.java:65)
	at com.github.javaparser.ast.expr.NameExpr.accept(NameExpr.java:79)
	at com.github.javaparser.symbolsolver.javaparsermodel.JavaParserFacade.getTypeConcrete(JavaParserFacade.java:505)
	at com.github.javaparser.symbolsolver.javaparsermodel.JavaParserFacade.getType(JavaParserFacade.java:352)
	at com.github.javaparser.symbolsolver.javaparsermodel.JavaParserFacade.getType(JavaParserFacade.java:334)
	at com.github.javaparser.symbolsolver.JavaSymbolSolver.calculateType(JavaSymbolSolver.java:294)
	at com.github.javaparser.ast.expr.Expression.calculateResolvedType(Expression.java:573)
	at de.uka.ilkd.key.java.JP2KeYVisitor.visit(JP2KeYConverter.java:707)
	at de.uka.ilkd.key.java.JP2KeYVisitor.visit(JP2KeYConverter.java:90)
	at com.github.javaparser.ast.expr.NameExpr.accept(NameExpr.java:79)
	at de.uka.ilkd.key.java.JP2KeYVisitor.lambda$map$1(JP2KeYConverter.java:402)
	at java.base/java.util.stream.ReferencePipeline$3$1.accept(ReferencePipeline.java:195)
	at java.base/java.util.ArrayList$ArrayListSpliterator.forEachRemaining(ArrayList.java:1655)
	at java.base/java.util.stream.AbstractPipeline.copyInto(AbstractPipeline.java:484)
	at java.base/java.util.stream.AbstractPipeline.wrapAndCopyInto(AbstractPipeline.java:474)
	at java.base/java.util.stream.ReduceOps$ReduceOp.evaluateSequential(ReduceOps.java:913)
	at java.base/java.util.stream.AbstractPipeline.evaluate(AbstractPipeline.java:234)
	at java.base/java.util.stream.ReferencePipeline.collect(ReferencePipeline.java:578)
	at de.uka.ilkd.key.java.JP2KeYVisitor.map(JP2KeYConverter.java:403)
	at de.uka.ilkd.key.java.JP2KeYVisitor.visit(JP2KeYConverter.java:506)
	at de.uka.ilkd.key.java.JP2KeYVisitor.visit(JP2KeYConverter.java:90)
	at com.github.javaparser.ast.stmt.ExplicitConstructorInvocationStmt.accept(ExplicitConstructorInvocationStmt.java:96)
	at de.uka.ilkd.key.java.JP2KeYVisitor.lambda$map$1(JP2KeYConverter.java:402)
	at java.base/java.util.stream.ReferencePipeline$3$1.accept(ReferencePipeline.java:195)
	at java.base/java.util.ArrayList$ArrayListSpliterator.forEachRemaining(ArrayList.java:1655)
	at java.base/java.util.stream.AbstractPipeline.copyInto(AbstractPipeline.java:484)
	at java.base/java.util.stream.AbstractPipeline.wrapAndCopyInto(AbstractPipeline.java:474)
	at java.base/java.util.stream.ReduceOps$ReduceOp.evaluateSequential(ReduceOps.java:913)
	at java.base/java.util.stream.AbstractPipeline.evaluate(AbstractPipeline.java:234)
	at java.base/java.util.stream.ReferencePipeline.collect(ReferencePipeline.java:578)
	at de.uka.ilkd.key.java.JP2KeYVisitor.map(JP2KeYConverter.java:403)
	at de.uka.ilkd.key.java.JP2KeYVisitor.visit(JP2KeYConverter.java:258)
	at de.uka.ilkd.key.java.JP2KeYVisitor.visit(JP2KeYConverter.java:90)
	at com.github.javaparser.ast.stmt.BlockStmt.accept(BlockStmt.java:70)
	at de.uka.ilkd.key.java.JP2KeYVisitor.lambda$map$1(JP2KeYConverter.java:402)
	at java.base/java.util.stream.ReferencePipeline$3$1.accept(ReferencePipeline.java:195)
	at java.base/java.util.ArrayList$ArrayListSpliterator.forEachRemaining(ArrayList.java:1655)
	at java.base/java.util.stream.AbstractPipeline.copyInto(AbstractPipeline.java:484)
	at java.base/java.util.stream.AbstractPipeline.wrapAndCopyInto(AbstractPipeline.java:474)
	at java.base/java.util.stream.ReduceOps$ReduceOp.evaluateSequential(ReduceOps.java:913)
	at java.base/java.util.stream.AbstractPipeline.evaluate(AbstractPipeline.java:234)
	at java.base/java.util.stream.ReferencePipeline.collect(ReferencePipeline.java:578)
	at de.uka.ilkd.key.java.JP2KeYVisitor.map(JP2KeYConverter.java:403)
	at de.uka.ilkd.key.java.JP2KeYVisitor.visit(JP2KeYConverter.java:258)
	at de.uka.ilkd.key.java.JP2KeYVisitor.visit(JP2KeYConverter.java:90)
	at com.github.javaparser.ast.stmt.BlockStmt.accept(BlockStmt.java:70)
	at de.uka.ilkd.key.java.JP2KeYVisitor.accept(JP2KeYConverter.java:348)
	at de.uka.ilkd.key.java.JP2KeYVisitor.visit(JP2KeYConverter.java:946)
	at de.uka.ilkd.key.java.JP2KeYVisitor.visit(JP2KeYConverter.java:90)
	at com.github.javaparser.ast.stmt.TryStmt.accept(TryStmt.java:135)
	at de.uka.ilkd.key.java.JP2KeYVisitor.lambda$map$1(JP2KeYConverter.java:402)
	at java.base/java.util.stream.ReferencePipeline$3$1.accept(ReferencePipeline.java:195)
	at java.base/java.util.ArrayList$ArrayListSpliterator.forEachRemaining(ArrayList.java:1655)
	at java.base/java.util.stream.AbstractPipeline.copyInto(AbstractPipeline.java:484)
	at java.base/java.util.stream.AbstractPipeline.wrapAndCopyInto(AbstractPipeline.java:474)
	at java.base/java.util.stream.ReduceOps$ReduceOp.evaluateSequential(ReduceOps.java:913)
	at java.base/java.util.stream.AbstractPipeline.evaluate(AbstractPipeline.java:234)
	at java.base/java.util.stream.ReferencePipeline.collect(ReferencePipeline.java:578)
	at de.uka.ilkd.key.java.JP2KeYVisitor.map(JP2KeYConverter.java:403)
	at de.uka.ilkd.key.java.JP2KeYVisitor.visit(JP2KeYConverter.java:258)
	at de.uka.ilkd.key.java.JP2KeYVisitor.visit(JP2KeYConverter.java:90)
	at com.github.javaparser.ast.stmt.BlockStmt.accept(BlockStmt.java:70)
	at de.uka.ilkd.key.java.JP2KeYVisitor.accept(JP2KeYConverter.java:348)
	at de.uka.ilkd.key.java.JP2KeYVisitor.visit(JP2KeYConverter.java:609)
	at de.uka.ilkd.key.java.JP2KeYVisitor.visit(JP2KeYConverter.java:90)
	at com.github.javaparser.ast.stmt.IfStmt.accept(IfStmt.java:82)
	at de.uka.ilkd.key.java.JP2KeYVisitor.lambda$map$1(JP2KeYConverter.java:402)
	at java.base/java.util.stream.ReferencePipeline$3$1.accept(ReferencePipeline.java:195)
	at java.base/java.util.ArrayList$ArrayListSpliterator.forEachRemaining(ArrayList.java:1655)
	at java.base/java.util.stream.AbstractPipeline.copyInto(AbstractPipeline.java:484)
	at java.base/java.util.stream.AbstractPipeline.wrapAndCopyInto(AbstractPipeline.java:474)
	at java.base/java.util.stream.ReduceOps$ReduceOp.evaluateSequential(ReduceOps.java:913)
	at java.base/java.util.stream.AbstractPipeline.evaluate(AbstractPipeline.java:234)
	at java.base/java.util.stream.ReferencePipeline.collect(ReferencePipeline.java:578)
	at de.uka.ilkd.key.java.JP2KeYVisitor.map(JP2KeYConverter.java:403)
	at de.uka.ilkd.key.java.JP2KeYVisitor.visit(JP2KeYConverter.java:258)
	at de.uka.ilkd.key.java.JP2KeYVisitor.visit(JP2KeYConverter.java:90)
	at com.github.javaparser.ast.stmt.BlockStmt.accept(BlockStmt.java:70)
	at de.uka.ilkd.key.java.JP2KeYVisitor.accept(JP2KeYConverter.java:348)
	at de.uka.ilkd.key.java.JP2KeYVisitor.visit(JP2KeYConverter.java:609)
	at de.uka.ilkd.key.java.JP2KeYVisitor.visit(JP2KeYConverter.java:90)
	at com.github.javaparser.ast.stmt.IfStmt.accept(IfStmt.java:82)
	at de.uka.ilkd.key.java.JP2KeYVisitor.lambda$map$1(JP2KeYConverter.java:402)
	at java.base/java.util.stream.ReferencePipeline$3$1.accept(ReferencePipeline.java:195)
	at java.base/java.util.ArrayList$ArrayListSpliterator.forEachRemaining(ArrayList.java:1655)
	at java.base/java.util.stream.AbstractPipeline.copyInto(AbstractPipeline.java:484)
	at java.base/java.util.stream.AbstractPipeline.wrapAndCopyInto(AbstractPipeline.java:474)
	at java.base/java.util.stream.ReduceOps$ReduceOp.evaluateSequential(ReduceOps.java:913)
	at java.base/java.util.stream.AbstractPipeline.evaluate(AbstractPipeline.java:234)
	at java.base/java.util.stream.ReferencePipeline.collect(ReferencePipeline.java:578)
	at de.uka.ilkd.key.java.JP2KeYVisitor.map(JP2KeYConverter.java:403)
	at de.uka.ilkd.key.java.JP2KeYVisitor.visit(JP2KeYConverter.java:258)
	at de.uka.ilkd.key.java.JP2KeYVisitor.visit(JP2KeYConverter.java:90)
	at com.github.javaparser.ast.stmt.BlockStmt.accept(BlockStmt.java:70)
	at de.uka.ilkd.key.java.JP2KeYVisitor.accept(JP2KeYConverter.java:348)
	at de.uka.ilkd.key.java.JP2KeYVisitor.accepto(JP2KeYConverter.java:418)
	at de.uka.ilkd.key.java.JP2KeYVisitor.visit(JP2KeYConverter.java:688)
	at de.uka.ilkd.key.java.JP2KeYVisitor.visit(JP2KeYConverter.java:90)
	at com.github.javaparser.ast.body.MethodDeclaration.accept(MethodDeclaration.java:98)
	at de.uka.ilkd.key.java.JP2KeYVisitor.lambda$map$1(JP2KeYConverter.java:402)
	at java.base/java.util.stream.ReferencePipeline$3$1.accept(ReferencePipeline.java:195)
	at java.base/java.util.ArrayList$ArrayListSpliterator.forEachRemaining(ArrayList.java:1655)
	at java.base/java.util.stream.AbstractPipeline.copyInto(AbstractPipeline.java:484)
	at java.base/java.util.stream.AbstractPipeline.wrapAndCopyInto(AbstractPipeline.java:474)
	at java.base/java.util.stream.ReduceOps$ReduceOp.evaluateSequential(ReduceOps.java:913)
	at java.base/java.util.stream.AbstractPipeline.evaluate(AbstractPipeline.java:234)
	at java.base/java.util.stream.ReferencePipeline.collect(ReferencePipeline.java:578)
	at de.uka.ilkd.key.java.JP2KeYVisitor.map(JP2KeYConverter.java:403)
	at de.uka.ilkd.key.java.JP2KeYVisitor.visit(JP2KeYConverter.java:310)
	at de.uka.ilkd.key.java.JP2KeYVisitor.visit(JP2KeYConverter.java:90)
	at com.github.javaparser.ast.body.ClassOrInterfaceDeclaration.accept(ClassOrInterfaceDeclaration.java:95)
	at de.uka.ilkd.key.java.JP2KeYVisitor.lambda$map$1(JP2KeYConverter.java:402)
	at java.base/java.util.stream.ReferencePipeline$3$1.accept(ReferencePipeline.java:195)
	at java.base/java.util.ArrayList$ArrayListSpliterator.forEachRemaining(ArrayList.java:1655)
	at java.base/java.util.stream.AbstractPipeline.copyInto(AbstractPipeline.java:484)
	at java.base/java.util.stream.AbstractPipeline.wrapAndCopyInto(AbstractPipeline.java:474)
	at java.base/java.util.stream.ReduceOps$ReduceOp.evaluateSequential(ReduceOps.java:913)
	at java.base/java.util.stream.AbstractPipeline.evaluate(AbstractPipeline.java:234)
	at java.base/java.util.stream.ReferencePipeline.collect(ReferencePipeline.java:578)
	at de.uka.ilkd.key.java.JP2KeYVisitor.map(JP2KeYConverter.java:403)
	at de.uka.ilkd.key.java.JP2KeYVisitor.visit(JP2KeYConverter.java:393)
	at de.uka.ilkd.key.java.JP2KeYVisitor.visit(JP2KeYConverter.java:90)
	at com.github.javaparser.ast.CompilationUnit.accept(CompilationUnit.java:124)
	at de.uka.ilkd.key.java.JP2KeYConverter.process(JP2KeYConverter.java:84)
	at de.uka.ilkd.key.java.JP2KeYConverter.processCompilationUnit(JP2KeYConverter.java:80)
	at de.uka.ilkd.key.java.JavaService.parseLibraryClasses0(JavaService.java:536)
	at de.uka.ilkd.key.java.JavaService.parseSpecialClasses(JavaService.java:511)
	at de.uka.ilkd.key.proof.init.ProblemInitializer.readJava(ProblemInitializer.java:280)
	at de.uka.ilkd.key.proof.init.ProblemInitializer.prepare(ProblemInitializer.java:529)
	at de.uka.ilkd.key.proof.init.ProblemInitializer.prepare(ProblemInitializer.java:471)
	at de.uka.ilkd.key.rule.TacletForTests.parse(TacletForTests.java:80)
	... 90 more
</failure>
  </testcase>
  <testcase name="testNegativeLiteralParsing2()" classname="de.uka.ilkd.key.parser.TestTermParser" time="0.0">
    <failure message="java.lang.RuntimeException: Exception occurred while parsing src\test\resources\testcase\testrules.key" type="java.lang.RuntimeException">java.lang.RuntimeException: Exception occurred while parsing src\test\resources\testcase\testrules.key
	at de.uka.ilkd.key.rule.TacletForTests.parse(TacletForTests.java:89)
	at de.uka.ilkd.key.rule.TacletForTests.parse(TacletForTests.java:125)
	at de.uka.ilkd.key.rule.TacletForTests.parse(TacletForTests.java:129)
	at de.uka.ilkd.key.rule.TacletForTests.services(TacletForTests.java:102)
	at de.uka.ilkd.key.parser.TestTermParser.getServices(TestTermParser.java:42)
	at de.uka.ilkd.key.parser.AbstractTestTermParser.&lt;init&gt;(AbstractTestTermParser.java:35)
	at de.uka.ilkd.key.parser.TestTermParser.&lt;init&gt;(TestTermParser.java:34)
	at java.base/jdk.internal.reflect.NativeConstructorAccessorImpl.newInstance0(Native Method)
	at java.base/jdk.internal.reflect.NativeConstructorAccessorImpl.newInstance(NativeConstructorAccessorImpl.java:62)
	at java.base/jdk.internal.reflect.DelegatingConstructorAccessorImpl.newInstance(DelegatingConstructorAccessorImpl.java:45)
	at java.base/java.lang.reflect.Constructor.newInstance(Constructor.java:490)
	at org.junit.platform.commons.util.ReflectionUtils.newInstance(ReflectionUtils.java:552)
	at org.junit.jupiter.engine.execution.ConstructorInvocation.proceed(ConstructorInvocation.java:56)
	at org.junit.jupiter.engine.execution.InvocationInterceptorChain$ValidatingInvocation.proceed(InvocationInterceptorChain.java:131)
	at org.junit.jupiter.api.extension.InvocationInterceptor.interceptTestClassConstructor(InvocationInterceptor.java:73)
	at org.junit.jupiter.engine.execution.InterceptingExecutableInvoker.lambda$invoke$0(InterceptingExecutableInvoker.java:93)
	at org.junit.jupiter.engine.execution.InvocationInterceptorChain$InterceptedInvocation.proceed(InvocationInterceptorChain.java:106)
	at org.junit.jupiter.engine.execution.InvocationInterceptorChain.proceed(InvocationInterceptorChain.java:64)
	at org.junit.jupiter.engine.execution.InvocationInterceptorChain.chainAndInvoke(InvocationInterceptorChain.java:45)
	at org.junit.jupiter.engine.execution.InvocationInterceptorChain.invoke(InvocationInterceptorChain.java:37)
	at org.junit.jupiter.engine.execution.InterceptingExecutableInvoker.invoke(InterceptingExecutableInvoker.java:92)
	at org.junit.jupiter.engine.execution.InterceptingExecutableInvoker.invoke(InterceptingExecutableInvoker.java:62)
	at org.junit.jupiter.engine.descriptor.ClassBasedTestDescriptor.invokeTestClassConstructor(ClassBasedTestDescriptor.java:363)
	at org.junit.jupiter.engine.descriptor.ClassBasedTestDescriptor.instantiateTestClass(ClassBasedTestDescriptor.java:310)
	at org.junit.jupiter.engine.descriptor.ClassTestDescriptor.instantiateTestClass(ClassTestDescriptor.java:79)
	at org.junit.jupiter.engine.descriptor.ClassBasedTestDescriptor.instantiateAndPostProcessTestInstance(ClassBasedTestDescriptor.java:286)
	at org.junit.jupiter.engine.descriptor.ClassBasedTestDescriptor.lambda$testInstancesProvider$4(ClassBasedTestDescriptor.java:278)
	at java.base/java.util.Optional.orElseGet(Optional.java:369)
	at org.junit.jupiter.engine.descriptor.ClassBasedTestDescriptor.lambda$testInstancesProvider$5(ClassBasedTestDescriptor.java:277)
	at org.junit.jupiter.engine.execution.TestInstancesProvider.getTestInstances(TestInstancesProvider.java:31)
	at org.junit.jupiter.engine.descriptor.TestMethodTestDescriptor.lambda$prepare$0(TestMethodTestDescriptor.java:105)
	at org.junit.platform.engine.support.hierarchical.ThrowableCollector.execute(ThrowableCollector.java:73)
	at org.junit.jupiter.engine.descriptor.TestMethodTestDescriptor.prepare(TestMethodTestDescriptor.java:104)
	at org.junit.jupiter.engine.descriptor.TestMethodTestDescriptor.prepare(TestMethodTestDescriptor.java:68)
	at org.junit.platform.engine.support.hierarchical.NodeTestTask.lambda$prepare$2(NodeTestTask.java:123)
	at org.junit.platform.engine.support.hierarchical.ThrowableCollector.execute(ThrowableCollector.java:73)
	at org.junit.platform.engine.support.hierarchical.NodeTestTask.prepare(NodeTestTask.java:123)
	at org.junit.platform.engine.support.hierarchical.NodeTestTask.execute(NodeTestTask.java:90)
	at java.base/java.util.ArrayList.forEach(ArrayList.java:1541)
	at org.junit.platform.engine.support.hierarchical.SameThreadHierarchicalTestExecutorService.invokeAll(SameThreadHierarchicalTestExecutorService.java:41)
	at org.junit.platform.engine.support.hierarchical.NodeTestTask.lambda$executeRecursively$6(NodeTestTask.java:155)
	at org.junit.platform.engine.support.hierarchical.ThrowableCollector.execute(ThrowableCollector.java:73)
	at org.junit.platform.engine.support.hierarchical.NodeTestTask.lambda$executeRecursively$8(NodeTestTask.java:141)
	at org.junit.platform.engine.support.hierarchical.Node.around(Node.java:137)
	at org.junit.platform.engine.support.hierarchical.NodeTestTask.lambda$executeRecursively$9(NodeTestTask.java:139)
	at org.junit.platform.engine.support.hierarchical.ThrowableCollector.execute(ThrowableCollector.java:73)
	at org.junit.platform.engine.support.hierarchical.NodeTestTask.executeRecursively(NodeTestTask.java:138)
	at org.junit.platform.engine.support.hierarchical.NodeTestTask.execute(NodeTestTask.java:95)
	at java.base/java.util.ArrayList.forEach(ArrayList.java:1541)
	at org.junit.platform.engine.support.hierarchical.SameThreadHierarchicalTestExecutorService.invokeAll(SameThreadHierarchicalTestExecutorService.java:41)
	at org.junit.platform.engine.support.hierarchical.NodeTestTask.lambda$executeRecursively$6(NodeTestTask.java:155)
	at org.junit.platform.engine.support.hierarchical.ThrowableCollector.execute(ThrowableCollector.java:73)
	at org.junit.platform.engine.support.hierarchical.NodeTestTask.lambda$executeRecursively$8(NodeTestTask.java:141)
	at org.junit.platform.engine.support.hierarchical.Node.around(Node.java:137)
	at org.junit.platform.engine.support.hierarchical.NodeTestTask.lambda$executeRecursively$9(NodeTestTask.java:139)
	at org.junit.platform.engine.support.hierarchical.ThrowableCollector.execute(ThrowableCollector.java:73)
	at org.junit.platform.engine.support.hierarchical.NodeTestTask.executeRecursively(NodeTestTask.java:138)
	at org.junit.platform.engine.support.hierarchical.NodeTestTask.execute(NodeTestTask.java:95)
	at org.junit.platform.engine.support.hierarchical.SameThreadHierarchicalTestExecutorService.submit(SameThreadHierarchicalTestExecutorService.java:35)
	at org.junit.platform.engine.support.hierarchical.HierarchicalTestExecutor.execute(HierarchicalTestExecutor.java:57)
	at org.junit.platform.engine.support.hierarchical.HierarchicalTestEngine.execute(HierarchicalTestEngine.java:54)
	at org.junit.platform.launcher.core.EngineExecutionOrchestrator.execute(EngineExecutionOrchestrator.java:107)
	at org.junit.platform.launcher.core.EngineExecutionOrchestrator.execute(EngineExecutionOrchestrator.java:88)
	at org.junit.platform.launcher.core.EngineExecutionOrchestrator.lambda$execute$0(EngineExecutionOrchestrator.java:54)
	at org.junit.platform.launcher.core.EngineExecutionOrchestrator.withInterceptedStreams(EngineExecutionOrchestrator.java:67)
	at org.junit.platform.launcher.core.EngineExecutionOrchestrator.execute(EngineExecutionOrchestrator.java:52)
	at org.junit.platform.launcher.core.DefaultLauncher.execute(DefaultLauncher.java:114)
	at org.junit.platform.launcher.core.DefaultLauncher.execute(DefaultLauncher.java:86)
	at org.junit.platform.launcher.core.DefaultLauncherSession$DelegatingLauncher.execute(DefaultLauncherSession.java:86)
	at org.gradle.api.internal.tasks.testing.junitplatform.JUnitPlatformTestClassProcessor$CollectAllTestClassesExecutor.processAllTestClasses(JUnitPlatformTestClassProcessor.java:110)
	at org.gradle.api.internal.tasks.testing.junitplatform.JUnitPlatformTestClassProcessor$CollectAllTestClassesExecutor.access$000(JUnitPlatformTestClassProcessor.java:90)
	at org.gradle.api.internal.tasks.testing.junitplatform.JUnitPlatformTestClassProcessor.stop(JUnitPlatformTestClassProcessor.java:85)
	at org.gradle.api.internal.tasks.testing.SuiteTestClassProcessor.stop(SuiteTestClassProcessor.java:62)
	at java.base/jdk.internal.reflect.NativeMethodAccessorImpl.invoke0(Native Method)
	at java.base/jdk.internal.reflect.NativeMethodAccessorImpl.invoke(NativeMethodAccessorImpl.java:62)
	at java.base/jdk.internal.reflect.DelegatingMethodAccessorImpl.invoke(DelegatingMethodAccessorImpl.java:43)
	at java.base/java.lang.reflect.Method.invoke(Method.java:566)
	at org.gradle.internal.dispatch.ReflectionDispatch.dispatch(ReflectionDispatch.java:36)
	at org.gradle.internal.dispatch.ReflectionDispatch.dispatch(ReflectionDispatch.java:24)
	at org.gradle.internal.dispatch.ContextClassLoaderDispatch.dispatch(ContextClassLoaderDispatch.java:33)
	at org.gradle.internal.dispatch.ProxyDispatchAdapter$DispatchingInvocationHandler.invoke(ProxyDispatchAdapter.java:94)
	at com.sun.proxy.$Proxy5.stop(Unknown Source)
	at org.gradle.api.internal.tasks.testing.worker.TestWorker$3.run(TestWorker.java:193)
	at org.gradle.api.internal.tasks.testing.worker.TestWorker.executeAndMaintainThreadName(TestWorker.java:129)
	at org.gradle.api.internal.tasks.testing.worker.TestWorker.execute(TestWorker.java:100)
	at org.gradle.api.internal.tasks.testing.worker.TestWorker.execute(TestWorker.java:60)
	at org.gradle.process.internal.worker.child.ActionExecutionWorker.execute(ActionExecutionWorker.java:56)
	at org.gradle.process.internal.worker.child.SystemApplicationClassLoaderWorker.call(SystemApplicationClassLoaderWorker.java:113)
	at org.gradle.process.internal.worker.child.SystemApplicationClassLoaderWorker.call(SystemApplicationClassLoaderWorker.java:65)
	at worker.org.gradle.process.internal.worker.GradleWorkerMain.run(GradleWorkerMain.java:69)
	at worker.org.gradle.process.internal.worker.GradleWorkerMain.main(GradleWorkerMain.java:74)
Caused by: UnsolvedSymbolException{context='arg0', name='Solving arg0', cause='null'}
	at com.github.javaparser.symbolsolver.javaparsermodel.TypeExtractor.visit(TypeExtractor.java:335)
	at com.github.javaparser.symbolsolver.javaparsermodel.TypeExtractor.visit(TypeExtractor.java:65)
	at com.github.javaparser.ast.expr.NameExpr.accept(NameExpr.java:79)
	at com.github.javaparser.symbolsolver.javaparsermodel.JavaParserFacade.getTypeConcrete(JavaParserFacade.java:505)
	at com.github.javaparser.symbolsolver.javaparsermodel.JavaParserFacade.getType(JavaParserFacade.java:352)
	at com.github.javaparser.symbolsolver.javaparsermodel.JavaParserFacade.getType(JavaParserFacade.java:334)
	at com.github.javaparser.symbolsolver.JavaSymbolSolver.calculateType(JavaSymbolSolver.java:294)
	at com.github.javaparser.ast.expr.Expression.calculateResolvedType(Expression.java:573)
	at de.uka.ilkd.key.java.JP2KeYVisitor.visit(JP2KeYConverter.java:707)
	at de.uka.ilkd.key.java.JP2KeYVisitor.visit(JP2KeYConverter.java:90)
	at com.github.javaparser.ast.expr.NameExpr.accept(NameExpr.java:79)
	at de.uka.ilkd.key.java.JP2KeYVisitor.lambda$map$1(JP2KeYConverter.java:402)
	at java.base/java.util.stream.ReferencePipeline$3$1.accept(ReferencePipeline.java:195)
	at java.base/java.util.ArrayList$ArrayListSpliterator.forEachRemaining(ArrayList.java:1655)
	at java.base/java.util.stream.AbstractPipeline.copyInto(AbstractPipeline.java:484)
	at java.base/java.util.stream.AbstractPipeline.wrapAndCopyInto(AbstractPipeline.java:474)
	at java.base/java.util.stream.ReduceOps$ReduceOp.evaluateSequential(ReduceOps.java:913)
	at java.base/java.util.stream.AbstractPipeline.evaluate(AbstractPipeline.java:234)
	at java.base/java.util.stream.ReferencePipeline.collect(ReferencePipeline.java:578)
	at de.uka.ilkd.key.java.JP2KeYVisitor.map(JP2KeYConverter.java:403)
	at de.uka.ilkd.key.java.JP2KeYVisitor.visit(JP2KeYConverter.java:506)
	at de.uka.ilkd.key.java.JP2KeYVisitor.visit(JP2KeYConverter.java:90)
	at com.github.javaparser.ast.stmt.ExplicitConstructorInvocationStmt.accept(ExplicitConstructorInvocationStmt.java:96)
	at de.uka.ilkd.key.java.JP2KeYVisitor.lambda$map$1(JP2KeYConverter.java:402)
	at java.base/java.util.stream.ReferencePipeline$3$1.accept(ReferencePipeline.java:195)
	at java.base/java.util.ArrayList$ArrayListSpliterator.forEachRemaining(ArrayList.java:1655)
	at java.base/java.util.stream.AbstractPipeline.copyInto(AbstractPipeline.java:484)
	at java.base/java.util.stream.AbstractPipeline.wrapAndCopyInto(AbstractPipeline.java:474)
	at java.base/java.util.stream.ReduceOps$ReduceOp.evaluateSequential(ReduceOps.java:913)
	at java.base/java.util.stream.AbstractPipeline.evaluate(AbstractPipeline.java:234)
	at java.base/java.util.stream.ReferencePipeline.collect(ReferencePipeline.java:578)
	at de.uka.ilkd.key.java.JP2KeYVisitor.map(JP2KeYConverter.java:403)
	at de.uka.ilkd.key.java.JP2KeYVisitor.visit(JP2KeYConverter.java:258)
	at de.uka.ilkd.key.java.JP2KeYVisitor.visit(JP2KeYConverter.java:90)
	at com.github.javaparser.ast.stmt.BlockStmt.accept(BlockStmt.java:70)
	at de.uka.ilkd.key.java.JP2KeYVisitor.lambda$map$1(JP2KeYConverter.java:402)
	at java.base/java.util.stream.ReferencePipeline$3$1.accept(ReferencePipeline.java:195)
	at java.base/java.util.ArrayList$ArrayListSpliterator.forEachRemaining(ArrayList.java:1655)
	at java.base/java.util.stream.AbstractPipeline.copyInto(AbstractPipeline.java:484)
	at java.base/java.util.stream.AbstractPipeline.wrapAndCopyInto(AbstractPipeline.java:474)
	at java.base/java.util.stream.ReduceOps$ReduceOp.evaluateSequential(ReduceOps.java:913)
	at java.base/java.util.stream.AbstractPipeline.evaluate(AbstractPipeline.java:234)
	at java.base/java.util.stream.ReferencePipeline.collect(ReferencePipeline.java:578)
	at de.uka.ilkd.key.java.JP2KeYVisitor.map(JP2KeYConverter.java:403)
	at de.uka.ilkd.key.java.JP2KeYVisitor.visit(JP2KeYConverter.java:258)
	at de.uka.ilkd.key.java.JP2KeYVisitor.visit(JP2KeYConverter.java:90)
	at com.github.javaparser.ast.stmt.BlockStmt.accept(BlockStmt.java:70)
	at de.uka.ilkd.key.java.JP2KeYVisitor.accept(JP2KeYConverter.java:348)
	at de.uka.ilkd.key.java.JP2KeYVisitor.visit(JP2KeYConverter.java:946)
	at de.uka.ilkd.key.java.JP2KeYVisitor.visit(JP2KeYConverter.java:90)
	at com.github.javaparser.ast.stmt.TryStmt.accept(TryStmt.java:135)
	at de.uka.ilkd.key.java.JP2KeYVisitor.lambda$map$1(JP2KeYConverter.java:402)
	at java.base/java.util.stream.ReferencePipeline$3$1.accept(ReferencePipeline.java:195)
	at java.base/java.util.ArrayList$ArrayListSpliterator.forEachRemaining(ArrayList.java:1655)
	at java.base/java.util.stream.AbstractPipeline.copyInto(AbstractPipeline.java:484)
	at java.base/java.util.stream.AbstractPipeline.wrapAndCopyInto(AbstractPipeline.java:474)
	at java.base/java.util.stream.ReduceOps$ReduceOp.evaluateSequential(ReduceOps.java:913)
	at java.base/java.util.stream.AbstractPipeline.evaluate(AbstractPipeline.java:234)
	at java.base/java.util.stream.ReferencePipeline.collect(ReferencePipeline.java:578)
	at de.uka.ilkd.key.java.JP2KeYVisitor.map(JP2KeYConverter.java:403)
	at de.uka.ilkd.key.java.JP2KeYVisitor.visit(JP2KeYConverter.java:258)
	at de.uka.ilkd.key.java.JP2KeYVisitor.visit(JP2KeYConverter.java:90)
	at com.github.javaparser.ast.stmt.BlockStmt.accept(BlockStmt.java:70)
	at de.uka.ilkd.key.java.JP2KeYVisitor.accept(JP2KeYConverter.java:348)
	at de.uka.ilkd.key.java.JP2KeYVisitor.visit(JP2KeYConverter.java:609)
	at de.uka.ilkd.key.java.JP2KeYVisitor.visit(JP2KeYConverter.java:90)
	at com.github.javaparser.ast.stmt.IfStmt.accept(IfStmt.java:82)
	at de.uka.ilkd.key.java.JP2KeYVisitor.lambda$map$1(JP2KeYConverter.java:402)
	at java.base/java.util.stream.ReferencePipeline$3$1.accept(ReferencePipeline.java:195)
	at java.base/java.util.ArrayList$ArrayListSpliterator.forEachRemaining(ArrayList.java:1655)
	at java.base/java.util.stream.AbstractPipeline.copyInto(AbstractPipeline.java:484)
	at java.base/java.util.stream.AbstractPipeline.wrapAndCopyInto(AbstractPipeline.java:474)
	at java.base/java.util.stream.ReduceOps$ReduceOp.evaluateSequential(ReduceOps.java:913)
	at java.base/java.util.stream.AbstractPipeline.evaluate(AbstractPipeline.java:234)
	at java.base/java.util.stream.ReferencePipeline.collect(ReferencePipeline.java:578)
	at de.uka.ilkd.key.java.JP2KeYVisitor.map(JP2KeYConverter.java:403)
	at de.uka.ilkd.key.java.JP2KeYVisitor.visit(JP2KeYConverter.java:258)
	at de.uka.ilkd.key.java.JP2KeYVisitor.visit(JP2KeYConverter.java:90)
	at com.github.javaparser.ast.stmt.BlockStmt.accept(BlockStmt.java:70)
	at de.uka.ilkd.key.java.JP2KeYVisitor.accept(JP2KeYConverter.java:348)
	at de.uka.ilkd.key.java.JP2KeYVisitor.visit(JP2KeYConverter.java:609)
	at de.uka.ilkd.key.java.JP2KeYVisitor.visit(JP2KeYConverter.java:90)
	at com.github.javaparser.ast.stmt.IfStmt.accept(IfStmt.java:82)
	at de.uka.ilkd.key.java.JP2KeYVisitor.lambda$map$1(JP2KeYConverter.java:402)
	at java.base/java.util.stream.ReferencePipeline$3$1.accept(ReferencePipeline.java:195)
	at java.base/java.util.ArrayList$ArrayListSpliterator.forEachRemaining(ArrayList.java:1655)
	at java.base/java.util.stream.AbstractPipeline.copyInto(AbstractPipeline.java:484)
	at java.base/java.util.stream.AbstractPipeline.wrapAndCopyInto(AbstractPipeline.java:474)
	at java.base/java.util.stream.ReduceOps$ReduceOp.evaluateSequential(ReduceOps.java:913)
	at java.base/java.util.stream.AbstractPipeline.evaluate(AbstractPipeline.java:234)
	at java.base/java.util.stream.ReferencePipeline.collect(ReferencePipeline.java:578)
	at de.uka.ilkd.key.java.JP2KeYVisitor.map(JP2KeYConverter.java:403)
	at de.uka.ilkd.key.java.JP2KeYVisitor.visit(JP2KeYConverter.java:258)
	at de.uka.ilkd.key.java.JP2KeYVisitor.visit(JP2KeYConverter.java:90)
	at com.github.javaparser.ast.stmt.BlockStmt.accept(BlockStmt.java:70)
	at de.uka.ilkd.key.java.JP2KeYVisitor.accept(JP2KeYConverter.java:348)
	at de.uka.ilkd.key.java.JP2KeYVisitor.accepto(JP2KeYConverter.java:418)
	at de.uka.ilkd.key.java.JP2KeYVisitor.visit(JP2KeYConverter.java:688)
	at de.uka.ilkd.key.java.JP2KeYVisitor.visit(JP2KeYConverter.java:90)
	at com.github.javaparser.ast.body.MethodDeclaration.accept(MethodDeclaration.java:98)
	at de.uka.ilkd.key.java.JP2KeYVisitor.lambda$map$1(JP2KeYConverter.java:402)
	at java.base/java.util.stream.ReferencePipeline$3$1.accept(ReferencePipeline.java:195)
	at java.base/java.util.ArrayList$ArrayListSpliterator.forEachRemaining(ArrayList.java:1655)
	at java.base/java.util.stream.AbstractPipeline.copyInto(AbstractPipeline.java:484)
	at java.base/java.util.stream.AbstractPipeline.wrapAndCopyInto(AbstractPipeline.java:474)
	at java.base/java.util.stream.ReduceOps$ReduceOp.evaluateSequential(ReduceOps.java:913)
	at java.base/java.util.stream.AbstractPipeline.evaluate(AbstractPipeline.java:234)
	at java.base/java.util.stream.ReferencePipeline.collect(ReferencePipeline.java:578)
	at de.uka.ilkd.key.java.JP2KeYVisitor.map(JP2KeYConverter.java:403)
	at de.uka.ilkd.key.java.JP2KeYVisitor.visit(JP2KeYConverter.java:310)
	at de.uka.ilkd.key.java.JP2KeYVisitor.visit(JP2KeYConverter.java:90)
	at com.github.javaparser.ast.body.ClassOrInterfaceDeclaration.accept(ClassOrInterfaceDeclaration.java:95)
	at de.uka.ilkd.key.java.JP2KeYVisitor.lambda$map$1(JP2KeYConverter.java:402)
	at java.base/java.util.stream.ReferencePipeline$3$1.accept(ReferencePipeline.java:195)
	at java.base/java.util.ArrayList$ArrayListSpliterator.forEachRemaining(ArrayList.java:1655)
	at java.base/java.util.stream.AbstractPipeline.copyInto(AbstractPipeline.java:484)
	at java.base/java.util.stream.AbstractPipeline.wrapAndCopyInto(AbstractPipeline.java:474)
	at java.base/java.util.stream.ReduceOps$ReduceOp.evaluateSequential(ReduceOps.java:913)
	at java.base/java.util.stream.AbstractPipeline.evaluate(AbstractPipeline.java:234)
	at java.base/java.util.stream.ReferencePipeline.collect(ReferencePipeline.java:578)
	at de.uka.ilkd.key.java.JP2KeYVisitor.map(JP2KeYConverter.java:403)
	at de.uka.ilkd.key.java.JP2KeYVisitor.visit(JP2KeYConverter.java:393)
	at de.uka.ilkd.key.java.JP2KeYVisitor.visit(JP2KeYConverter.java:90)
	at com.github.javaparser.ast.CompilationUnit.accept(CompilationUnit.java:124)
	at de.uka.ilkd.key.java.JP2KeYConverter.process(JP2KeYConverter.java:84)
	at de.uka.ilkd.key.java.JP2KeYConverter.processCompilationUnit(JP2KeYConverter.java:80)
	at de.uka.ilkd.key.java.JavaService.parseLibraryClasses0(JavaService.java:536)
	at de.uka.ilkd.key.java.JavaService.parseSpecialClasses(JavaService.java:511)
	at de.uka.ilkd.key.proof.init.ProblemInitializer.readJava(ProblemInitializer.java:280)
	at de.uka.ilkd.key.proof.init.ProblemInitializer.prepare(ProblemInitializer.java:529)
	at de.uka.ilkd.key.proof.init.ProblemInitializer.prepare(ProblemInitializer.java:471)
	at de.uka.ilkd.key.rule.TacletForTests.parse(TacletForTests.java:80)
	... 90 more
</failure>
  </testcase>
  <testcase name="testNegativeLiteralParsing3()" classname="de.uka.ilkd.key.parser.TestTermParser" time="0.001">
    <failure message="java.lang.RuntimeException: Exception occurred while parsing src\test\resources\testcase\testrules.key" type="java.lang.RuntimeException">java.lang.RuntimeException: Exception occurred while parsing src\test\resources\testcase\testrules.key
	at de.uka.ilkd.key.rule.TacletForTests.parse(TacletForTests.java:89)
	at de.uka.ilkd.key.rule.TacletForTests.parse(TacletForTests.java:125)
	at de.uka.ilkd.key.rule.TacletForTests.parse(TacletForTests.java:129)
	at de.uka.ilkd.key.rule.TacletForTests.services(TacletForTests.java:102)
	at de.uka.ilkd.key.parser.TestTermParser.getServices(TestTermParser.java:42)
	at de.uka.ilkd.key.parser.AbstractTestTermParser.&lt;init&gt;(AbstractTestTermParser.java:35)
	at de.uka.ilkd.key.parser.TestTermParser.&lt;init&gt;(TestTermParser.java:34)
	at java.base/jdk.internal.reflect.NativeConstructorAccessorImpl.newInstance0(Native Method)
	at java.base/jdk.internal.reflect.NativeConstructorAccessorImpl.newInstance(NativeConstructorAccessorImpl.java:62)
	at java.base/jdk.internal.reflect.DelegatingConstructorAccessorImpl.newInstance(DelegatingConstructorAccessorImpl.java:45)
	at java.base/java.lang.reflect.Constructor.newInstance(Constructor.java:490)
	at org.junit.platform.commons.util.ReflectionUtils.newInstance(ReflectionUtils.java:552)
	at org.junit.jupiter.engine.execution.ConstructorInvocation.proceed(ConstructorInvocation.java:56)
	at org.junit.jupiter.engine.execution.InvocationInterceptorChain$ValidatingInvocation.proceed(InvocationInterceptorChain.java:131)
	at org.junit.jupiter.api.extension.InvocationInterceptor.interceptTestClassConstructor(InvocationInterceptor.java:73)
	at org.junit.jupiter.engine.execution.InterceptingExecutableInvoker.lambda$invoke$0(InterceptingExecutableInvoker.java:93)
	at org.junit.jupiter.engine.execution.InvocationInterceptorChain$InterceptedInvocation.proceed(InvocationInterceptorChain.java:106)
	at org.junit.jupiter.engine.execution.InvocationInterceptorChain.proceed(InvocationInterceptorChain.java:64)
	at org.junit.jupiter.engine.execution.InvocationInterceptorChain.chainAndInvoke(InvocationInterceptorChain.java:45)
	at org.junit.jupiter.engine.execution.InvocationInterceptorChain.invoke(InvocationInterceptorChain.java:37)
	at org.junit.jupiter.engine.execution.InterceptingExecutableInvoker.invoke(InterceptingExecutableInvoker.java:92)
	at org.junit.jupiter.engine.execution.InterceptingExecutableInvoker.invoke(InterceptingExecutableInvoker.java:62)
	at org.junit.jupiter.engine.descriptor.ClassBasedTestDescriptor.invokeTestClassConstructor(ClassBasedTestDescriptor.java:363)
	at org.junit.jupiter.engine.descriptor.ClassBasedTestDescriptor.instantiateTestClass(ClassBasedTestDescriptor.java:310)
	at org.junit.jupiter.engine.descriptor.ClassTestDescriptor.instantiateTestClass(ClassTestDescriptor.java:79)
	at org.junit.jupiter.engine.descriptor.ClassBasedTestDescriptor.instantiateAndPostProcessTestInstance(ClassBasedTestDescriptor.java:286)
	at org.junit.jupiter.engine.descriptor.ClassBasedTestDescriptor.lambda$testInstancesProvider$4(ClassBasedTestDescriptor.java:278)
	at java.base/java.util.Optional.orElseGet(Optional.java:369)
	at org.junit.jupiter.engine.descriptor.ClassBasedTestDescriptor.lambda$testInstancesProvider$5(ClassBasedTestDescriptor.java:277)
	at org.junit.jupiter.engine.execution.TestInstancesProvider.getTestInstances(TestInstancesProvider.java:31)
	at org.junit.jupiter.engine.descriptor.TestMethodTestDescriptor.lambda$prepare$0(TestMethodTestDescriptor.java:105)
	at org.junit.platform.engine.support.hierarchical.ThrowableCollector.execute(ThrowableCollector.java:73)
	at org.junit.jupiter.engine.descriptor.TestMethodTestDescriptor.prepare(TestMethodTestDescriptor.java:104)
	at org.junit.jupiter.engine.descriptor.TestMethodTestDescriptor.prepare(TestMethodTestDescriptor.java:68)
	at org.junit.platform.engine.support.hierarchical.NodeTestTask.lambda$prepare$2(NodeTestTask.java:123)
	at org.junit.platform.engine.support.hierarchical.ThrowableCollector.execute(ThrowableCollector.java:73)
	at org.junit.platform.engine.support.hierarchical.NodeTestTask.prepare(NodeTestTask.java:123)
	at org.junit.platform.engine.support.hierarchical.NodeTestTask.execute(NodeTestTask.java:90)
	at java.base/java.util.ArrayList.forEach(ArrayList.java:1541)
	at org.junit.platform.engine.support.hierarchical.SameThreadHierarchicalTestExecutorService.invokeAll(SameThreadHierarchicalTestExecutorService.java:41)
	at org.junit.platform.engine.support.hierarchical.NodeTestTask.lambda$executeRecursively$6(NodeTestTask.java:155)
	at org.junit.platform.engine.support.hierarchical.ThrowableCollector.execute(ThrowableCollector.java:73)
	at org.junit.platform.engine.support.hierarchical.NodeTestTask.lambda$executeRecursively$8(NodeTestTask.java:141)
	at org.junit.platform.engine.support.hierarchical.Node.around(Node.java:137)
	at org.junit.platform.engine.support.hierarchical.NodeTestTask.lambda$executeRecursively$9(NodeTestTask.java:139)
	at org.junit.platform.engine.support.hierarchical.ThrowableCollector.execute(ThrowableCollector.java:73)
	at org.junit.platform.engine.support.hierarchical.NodeTestTask.executeRecursively(NodeTestTask.java:138)
	at org.junit.platform.engine.support.hierarchical.NodeTestTask.execute(NodeTestTask.java:95)
	at java.base/java.util.ArrayList.forEach(ArrayList.java:1541)
	at org.junit.platform.engine.support.hierarchical.SameThreadHierarchicalTestExecutorService.invokeAll(SameThreadHierarchicalTestExecutorService.java:41)
	at org.junit.platform.engine.support.hierarchical.NodeTestTask.lambda$executeRecursively$6(NodeTestTask.java:155)
	at org.junit.platform.engine.support.hierarchical.ThrowableCollector.execute(ThrowableCollector.java:73)
	at org.junit.platform.engine.support.hierarchical.NodeTestTask.lambda$executeRecursively$8(NodeTestTask.java:141)
	at org.junit.platform.engine.support.hierarchical.Node.around(Node.java:137)
	at org.junit.platform.engine.support.hierarchical.NodeTestTask.lambda$executeRecursively$9(NodeTestTask.java:139)
	at org.junit.platform.engine.support.hierarchical.ThrowableCollector.execute(ThrowableCollector.java:73)
	at org.junit.platform.engine.support.hierarchical.NodeTestTask.executeRecursively(NodeTestTask.java:138)
	at org.junit.platform.engine.support.hierarchical.NodeTestTask.execute(NodeTestTask.java:95)
	at org.junit.platform.engine.support.hierarchical.SameThreadHierarchicalTestExecutorService.submit(SameThreadHierarchicalTestExecutorService.java:35)
	at org.junit.platform.engine.support.hierarchical.HierarchicalTestExecutor.execute(HierarchicalTestExecutor.java:57)
	at org.junit.platform.engine.support.hierarchical.HierarchicalTestEngine.execute(HierarchicalTestEngine.java:54)
	at org.junit.platform.launcher.core.EngineExecutionOrchestrator.execute(EngineExecutionOrchestrator.java:107)
	at org.junit.platform.launcher.core.EngineExecutionOrchestrator.execute(EngineExecutionOrchestrator.java:88)
	at org.junit.platform.launcher.core.EngineExecutionOrchestrator.lambda$execute$0(EngineExecutionOrchestrator.java:54)
	at org.junit.platform.launcher.core.EngineExecutionOrchestrator.withInterceptedStreams(EngineExecutionOrchestrator.java:67)
	at org.junit.platform.launcher.core.EngineExecutionOrchestrator.execute(EngineExecutionOrchestrator.java:52)
	at org.junit.platform.launcher.core.DefaultLauncher.execute(DefaultLauncher.java:114)
	at org.junit.platform.launcher.core.DefaultLauncher.execute(DefaultLauncher.java:86)
	at org.junit.platform.launcher.core.DefaultLauncherSession$DelegatingLauncher.execute(DefaultLauncherSession.java:86)
	at org.gradle.api.internal.tasks.testing.junitplatform.JUnitPlatformTestClassProcessor$CollectAllTestClassesExecutor.processAllTestClasses(JUnitPlatformTestClassProcessor.java:110)
	at org.gradle.api.internal.tasks.testing.junitplatform.JUnitPlatformTestClassProcessor$CollectAllTestClassesExecutor.access$000(JUnitPlatformTestClassProcessor.java:90)
	at org.gradle.api.internal.tasks.testing.junitplatform.JUnitPlatformTestClassProcessor.stop(JUnitPlatformTestClassProcessor.java:85)
	at org.gradle.api.internal.tasks.testing.SuiteTestClassProcessor.stop(SuiteTestClassProcessor.java:62)
	at java.base/jdk.internal.reflect.NativeMethodAccessorImpl.invoke0(Native Method)
	at java.base/jdk.internal.reflect.NativeMethodAccessorImpl.invoke(NativeMethodAccessorImpl.java:62)
	at java.base/jdk.internal.reflect.DelegatingMethodAccessorImpl.invoke(DelegatingMethodAccessorImpl.java:43)
	at java.base/java.lang.reflect.Method.invoke(Method.java:566)
	at org.gradle.internal.dispatch.ReflectionDispatch.dispatch(ReflectionDispatch.java:36)
	at org.gradle.internal.dispatch.ReflectionDispatch.dispatch(ReflectionDispatch.java:24)
	at org.gradle.internal.dispatch.ContextClassLoaderDispatch.dispatch(ContextClassLoaderDispatch.java:33)
	at org.gradle.internal.dispatch.ProxyDispatchAdapter$DispatchingInvocationHandler.invoke(ProxyDispatchAdapter.java:94)
	at com.sun.proxy.$Proxy5.stop(Unknown Source)
	at org.gradle.api.internal.tasks.testing.worker.TestWorker$3.run(TestWorker.java:193)
	at org.gradle.api.internal.tasks.testing.worker.TestWorker.executeAndMaintainThreadName(TestWorker.java:129)
	at org.gradle.api.internal.tasks.testing.worker.TestWorker.execute(TestWorker.java:100)
	at org.gradle.api.internal.tasks.testing.worker.TestWorker.execute(TestWorker.java:60)
	at org.gradle.process.internal.worker.child.ActionExecutionWorker.execute(ActionExecutionWorker.java:56)
	at org.gradle.process.internal.worker.child.SystemApplicationClassLoaderWorker.call(SystemApplicationClassLoaderWorker.java:113)
	at org.gradle.process.internal.worker.child.SystemApplicationClassLoaderWorker.call(SystemApplicationClassLoaderWorker.java:65)
	at worker.org.gradle.process.internal.worker.GradleWorkerMain.run(GradleWorkerMain.java:69)
	at worker.org.gradle.process.internal.worker.GradleWorkerMain.main(GradleWorkerMain.java:74)
Caused by: UnsolvedSymbolException{context='arg0', name='Solving arg0', cause='null'}
	at com.github.javaparser.symbolsolver.javaparsermodel.TypeExtractor.visit(TypeExtractor.java:335)
	at com.github.javaparser.symbolsolver.javaparsermodel.TypeExtractor.visit(TypeExtractor.java:65)
	at com.github.javaparser.ast.expr.NameExpr.accept(NameExpr.java:79)
	at com.github.javaparser.symbolsolver.javaparsermodel.JavaParserFacade.getTypeConcrete(JavaParserFacade.java:505)
	at com.github.javaparser.symbolsolver.javaparsermodel.JavaParserFacade.getType(JavaParserFacade.java:352)
	at com.github.javaparser.symbolsolver.javaparsermodel.JavaParserFacade.getType(JavaParserFacade.java:334)
	at com.github.javaparser.symbolsolver.JavaSymbolSolver.calculateType(JavaSymbolSolver.java:294)
	at com.github.javaparser.ast.expr.Expression.calculateResolvedType(Expression.java:573)
	at de.uka.ilkd.key.java.JP2KeYVisitor.visit(JP2KeYConverter.java:707)
	at de.uka.ilkd.key.java.JP2KeYVisitor.visit(JP2KeYConverter.java:90)
	at com.github.javaparser.ast.expr.NameExpr.accept(NameExpr.java:79)
	at de.uka.ilkd.key.java.JP2KeYVisitor.lambda$map$1(JP2KeYConverter.java:402)
	at java.base/java.util.stream.ReferencePipeline$3$1.accept(ReferencePipeline.java:195)
	at java.base/java.util.ArrayList$ArrayListSpliterator.forEachRemaining(ArrayList.java:1655)
	at java.base/java.util.stream.AbstractPipeline.copyInto(AbstractPipeline.java:484)
	at java.base/java.util.stream.AbstractPipeline.wrapAndCopyInto(AbstractPipeline.java:474)
	at java.base/java.util.stream.ReduceOps$ReduceOp.evaluateSequential(ReduceOps.java:913)
	at java.base/java.util.stream.AbstractPipeline.evaluate(AbstractPipeline.java:234)
	at java.base/java.util.stream.ReferencePipeline.collect(ReferencePipeline.java:578)
	at de.uka.ilkd.key.java.JP2KeYVisitor.map(JP2KeYConverter.java:403)
	at de.uka.ilkd.key.java.JP2KeYVisitor.visit(JP2KeYConverter.java:506)
	at de.uka.ilkd.key.java.JP2KeYVisitor.visit(JP2KeYConverter.java:90)
	at com.github.javaparser.ast.stmt.ExplicitConstructorInvocationStmt.accept(ExplicitConstructorInvocationStmt.java:96)
	at de.uka.ilkd.key.java.JP2KeYVisitor.lambda$map$1(JP2KeYConverter.java:402)
	at java.base/java.util.stream.ReferencePipeline$3$1.accept(ReferencePipeline.java:195)
	at java.base/java.util.ArrayList$ArrayListSpliterator.forEachRemaining(ArrayList.java:1655)
	at java.base/java.util.stream.AbstractPipeline.copyInto(AbstractPipeline.java:484)
	at java.base/java.util.stream.AbstractPipeline.wrapAndCopyInto(AbstractPipeline.java:474)
	at java.base/java.util.stream.ReduceOps$ReduceOp.evaluateSequential(ReduceOps.java:913)
	at java.base/java.util.stream.AbstractPipeline.evaluate(AbstractPipeline.java:234)
	at java.base/java.util.stream.ReferencePipeline.collect(ReferencePipeline.java:578)
	at de.uka.ilkd.key.java.JP2KeYVisitor.map(JP2KeYConverter.java:403)
	at de.uka.ilkd.key.java.JP2KeYVisitor.visit(JP2KeYConverter.java:258)
	at de.uka.ilkd.key.java.JP2KeYVisitor.visit(JP2KeYConverter.java:90)
	at com.github.javaparser.ast.stmt.BlockStmt.accept(BlockStmt.java:70)
	at de.uka.ilkd.key.java.JP2KeYVisitor.lambda$map$1(JP2KeYConverter.java:402)
	at java.base/java.util.stream.ReferencePipeline$3$1.accept(ReferencePipeline.java:195)
	at java.base/java.util.ArrayList$ArrayListSpliterator.forEachRemaining(ArrayList.java:1655)
	at java.base/java.util.stream.AbstractPipeline.copyInto(AbstractPipeline.java:484)
	at java.base/java.util.stream.AbstractPipeline.wrapAndCopyInto(AbstractPipeline.java:474)
	at java.base/java.util.stream.ReduceOps$ReduceOp.evaluateSequential(ReduceOps.java:913)
	at java.base/java.util.stream.AbstractPipeline.evaluate(AbstractPipeline.java:234)
	at java.base/java.util.stream.ReferencePipeline.collect(ReferencePipeline.java:578)
	at de.uka.ilkd.key.java.JP2KeYVisitor.map(JP2KeYConverter.java:403)
	at de.uka.ilkd.key.java.JP2KeYVisitor.visit(JP2KeYConverter.java:258)
	at de.uka.ilkd.key.java.JP2KeYVisitor.visit(JP2KeYConverter.java:90)
	at com.github.javaparser.ast.stmt.BlockStmt.accept(BlockStmt.java:70)
	at de.uka.ilkd.key.java.JP2KeYVisitor.accept(JP2KeYConverter.java:348)
	at de.uka.ilkd.key.java.JP2KeYVisitor.visit(JP2KeYConverter.java:946)
	at de.uka.ilkd.key.java.JP2KeYVisitor.visit(JP2KeYConverter.java:90)
	at com.github.javaparser.ast.stmt.TryStmt.accept(TryStmt.java:135)
	at de.uka.ilkd.key.java.JP2KeYVisitor.lambda$map$1(JP2KeYConverter.java:402)
	at java.base/java.util.stream.ReferencePipeline$3$1.accept(ReferencePipeline.java:195)
	at java.base/java.util.ArrayList$ArrayListSpliterator.forEachRemaining(ArrayList.java:1655)
	at java.base/java.util.stream.AbstractPipeline.copyInto(AbstractPipeline.java:484)
	at java.base/java.util.stream.AbstractPipeline.wrapAndCopyInto(AbstractPipeline.java:474)
	at java.base/java.util.stream.ReduceOps$ReduceOp.evaluateSequential(ReduceOps.java:913)
	at java.base/java.util.stream.AbstractPipeline.evaluate(AbstractPipeline.java:234)
	at java.base/java.util.stream.ReferencePipeline.collect(ReferencePipeline.java:578)
	at de.uka.ilkd.key.java.JP2KeYVisitor.map(JP2KeYConverter.java:403)
	at de.uka.ilkd.key.java.JP2KeYVisitor.visit(JP2KeYConverter.java:258)
	at de.uka.ilkd.key.java.JP2KeYVisitor.visit(JP2KeYConverter.java:90)
	at com.github.javaparser.ast.stmt.BlockStmt.accept(BlockStmt.java:70)
	at de.uka.ilkd.key.java.JP2KeYVisitor.accept(JP2KeYConverter.java:348)
	at de.uka.ilkd.key.java.JP2KeYVisitor.visit(JP2KeYConverter.java:609)
	at de.uka.ilkd.key.java.JP2KeYVisitor.visit(JP2KeYConverter.java:90)
	at com.github.javaparser.ast.stmt.IfStmt.accept(IfStmt.java:82)
	at de.uka.ilkd.key.java.JP2KeYVisitor.lambda$map$1(JP2KeYConverter.java:402)
	at java.base/java.util.stream.ReferencePipeline$3$1.accept(ReferencePipeline.java:195)
	at java.base/java.util.ArrayList$ArrayListSpliterator.forEachRemaining(ArrayList.java:1655)
	at java.base/java.util.stream.AbstractPipeline.copyInto(AbstractPipeline.java:484)
	at java.base/java.util.stream.AbstractPipeline.wrapAndCopyInto(AbstractPipeline.java:474)
	at java.base/java.util.stream.ReduceOps$ReduceOp.evaluateSequential(ReduceOps.java:913)
	at java.base/java.util.stream.AbstractPipeline.evaluate(AbstractPipeline.java:234)
	at java.base/java.util.stream.ReferencePipeline.collect(ReferencePipeline.java:578)
	at de.uka.ilkd.key.java.JP2KeYVisitor.map(JP2KeYConverter.java:403)
	at de.uka.ilkd.key.java.JP2KeYVisitor.visit(JP2KeYConverter.java:258)
	at de.uka.ilkd.key.java.JP2KeYVisitor.visit(JP2KeYConverter.java:90)
	at com.github.javaparser.ast.stmt.BlockStmt.accept(BlockStmt.java:70)
	at de.uka.ilkd.key.java.JP2KeYVisitor.accept(JP2KeYConverter.java:348)
	at de.uka.ilkd.key.java.JP2KeYVisitor.visit(JP2KeYConverter.java:609)
	at de.uka.ilkd.key.java.JP2KeYVisitor.visit(JP2KeYConverter.java:90)
	at com.github.javaparser.ast.stmt.IfStmt.accept(IfStmt.java:82)
	at de.uka.ilkd.key.java.JP2KeYVisitor.lambda$map$1(JP2KeYConverter.java:402)
	at java.base/java.util.stream.ReferencePipeline$3$1.accept(ReferencePipeline.java:195)
	at java.base/java.util.ArrayList$ArrayListSpliterator.forEachRemaining(ArrayList.java:1655)
	at java.base/java.util.stream.AbstractPipeline.copyInto(AbstractPipeline.java:484)
	at java.base/java.util.stream.AbstractPipeline.wrapAndCopyInto(AbstractPipeline.java:474)
	at java.base/java.util.stream.ReduceOps$ReduceOp.evaluateSequential(ReduceOps.java:913)
	at java.base/java.util.stream.AbstractPipeline.evaluate(AbstractPipeline.java:234)
	at java.base/java.util.stream.ReferencePipeline.collect(ReferencePipeline.java:578)
	at de.uka.ilkd.key.java.JP2KeYVisitor.map(JP2KeYConverter.java:403)
	at de.uka.ilkd.key.java.JP2KeYVisitor.visit(JP2KeYConverter.java:258)
	at de.uka.ilkd.key.java.JP2KeYVisitor.visit(JP2KeYConverter.java:90)
	at com.github.javaparser.ast.stmt.BlockStmt.accept(BlockStmt.java:70)
	at de.uka.ilkd.key.java.JP2KeYVisitor.accept(JP2KeYConverter.java:348)
	at de.uka.ilkd.key.java.JP2KeYVisitor.accepto(JP2KeYConverter.java:418)
	at de.uka.ilkd.key.java.JP2KeYVisitor.visit(JP2KeYConverter.java:688)
	at de.uka.ilkd.key.java.JP2KeYVisitor.visit(JP2KeYConverter.java:90)
	at com.github.javaparser.ast.body.MethodDeclaration.accept(MethodDeclaration.java:98)
	at de.uka.ilkd.key.java.JP2KeYVisitor.lambda$map$1(JP2KeYConverter.java:402)
	at java.base/java.util.stream.ReferencePipeline$3$1.accept(ReferencePipeline.java:195)
	at java.base/java.util.ArrayList$ArrayListSpliterator.forEachRemaining(ArrayList.java:1655)
	at java.base/java.util.stream.AbstractPipeline.copyInto(AbstractPipeline.java:484)
	at java.base/java.util.stream.AbstractPipeline.wrapAndCopyInto(AbstractPipeline.java:474)
	at java.base/java.util.stream.ReduceOps$ReduceOp.evaluateSequential(ReduceOps.java:913)
	at java.base/java.util.stream.AbstractPipeline.evaluate(AbstractPipeline.java:234)
	at java.base/java.util.stream.ReferencePipeline.collect(ReferencePipeline.java:578)
	at de.uka.ilkd.key.java.JP2KeYVisitor.map(JP2KeYConverter.java:403)
	at de.uka.ilkd.key.java.JP2KeYVisitor.visit(JP2KeYConverter.java:310)
	at de.uka.ilkd.key.java.JP2KeYVisitor.visit(JP2KeYConverter.java:90)
	at com.github.javaparser.ast.body.ClassOrInterfaceDeclaration.accept(ClassOrInterfaceDeclaration.java:95)
	at de.uka.ilkd.key.java.JP2KeYVisitor.lambda$map$1(JP2KeYConverter.java:402)
	at java.base/java.util.stream.ReferencePipeline$3$1.accept(ReferencePipeline.java:195)
	at java.base/java.util.ArrayList$ArrayListSpliterator.forEachRemaining(ArrayList.java:1655)
	at java.base/java.util.stream.AbstractPipeline.copyInto(AbstractPipeline.java:484)
	at java.base/java.util.stream.AbstractPipeline.wrapAndCopyInto(AbstractPipeline.java:474)
	at java.base/java.util.stream.ReduceOps$ReduceOp.evaluateSequential(ReduceOps.java:913)
	at java.base/java.util.stream.AbstractPipeline.evaluate(AbstractPipeline.java:234)
	at java.base/java.util.stream.ReferencePipeline.collect(ReferencePipeline.java:578)
	at de.uka.ilkd.key.java.JP2KeYVisitor.map(JP2KeYConverter.java:403)
	at de.uka.ilkd.key.java.JP2KeYVisitor.visit(JP2KeYConverter.java:393)
	at de.uka.ilkd.key.java.JP2KeYVisitor.visit(JP2KeYConverter.java:90)
	at com.github.javaparser.ast.CompilationUnit.accept(CompilationUnit.java:124)
	at de.uka.ilkd.key.java.JP2KeYConverter.process(JP2KeYConverter.java:84)
	at de.uka.ilkd.key.java.JP2KeYConverter.processCompilationUnit(JP2KeYConverter.java:80)
	at de.uka.ilkd.key.java.JavaService.parseLibraryClasses0(JavaService.java:536)
	at de.uka.ilkd.key.java.JavaService.parseSpecialClasses(JavaService.java:511)
	at de.uka.ilkd.key.proof.init.ProblemInitializer.readJava(ProblemInitializer.java:280)
	at de.uka.ilkd.key.proof.init.ProblemInitializer.prepare(ProblemInitializer.java:529)
	at de.uka.ilkd.key.proof.init.ProblemInitializer.prepare(ProblemInitializer.java:471)
	at de.uka.ilkd.key.rule.TacletForTests.parse(TacletForTests.java:80)
	... 90 more
</failure>
  </testcase>
  <testcase name="xtestParsingArrayWithSpaces()" classname="de.uka.ilkd.key.parser.TestTermParser" time="0.002">
    <failure message="java.lang.RuntimeException: Exception occurred while parsing src\test\resources\testcase\testrules.key" type="java.lang.RuntimeException">java.lang.RuntimeException: Exception occurred while parsing src\test\resources\testcase\testrules.key
	at de.uka.ilkd.key.rule.TacletForTests.parse(TacletForTests.java:89)
	at de.uka.ilkd.key.rule.TacletForTests.parse(TacletForTests.java:125)
	at de.uka.ilkd.key.rule.TacletForTests.parse(TacletForTests.java:129)
	at de.uka.ilkd.key.rule.TacletForTests.services(TacletForTests.java:102)
	at de.uka.ilkd.key.parser.TestTermParser.getServices(TestTermParser.java:42)
	at de.uka.ilkd.key.parser.AbstractTestTermParser.&lt;init&gt;(AbstractTestTermParser.java:35)
	at de.uka.ilkd.key.parser.TestTermParser.&lt;init&gt;(TestTermParser.java:34)
	at jdk.internal.reflect.GeneratedConstructorAccessor17.newInstance(Unknown Source)
	at java.base/jdk.internal.reflect.DelegatingConstructorAccessorImpl.newInstance(DelegatingConstructorAccessorImpl.java:45)
	at java.base/java.lang.reflect.Constructor.newInstance(Constructor.java:490)
	at org.junit.platform.commons.util.ReflectionUtils.newInstance(ReflectionUtils.java:552)
	at org.junit.jupiter.engine.execution.ConstructorInvocation.proceed(ConstructorInvocation.java:56)
	at org.junit.jupiter.engine.execution.InvocationInterceptorChain$ValidatingInvocation.proceed(InvocationInterceptorChain.java:131)
	at org.junit.jupiter.api.extension.InvocationInterceptor.interceptTestClassConstructor(InvocationInterceptor.java:73)
	at org.junit.jupiter.engine.execution.InterceptingExecutableInvoker.lambda$invoke$0(InterceptingExecutableInvoker.java:93)
	at org.junit.jupiter.engine.execution.InvocationInterceptorChain$InterceptedInvocation.proceed(InvocationInterceptorChain.java:106)
	at org.junit.jupiter.engine.execution.InvocationInterceptorChain.proceed(InvocationInterceptorChain.java:64)
	at org.junit.jupiter.engine.execution.InvocationInterceptorChain.chainAndInvoke(InvocationInterceptorChain.java:45)
	at org.junit.jupiter.engine.execution.InvocationInterceptorChain.invoke(InvocationInterceptorChain.java:37)
	at org.junit.jupiter.engine.execution.InterceptingExecutableInvoker.invoke(InterceptingExecutableInvoker.java:92)
	at org.junit.jupiter.engine.execution.InterceptingExecutableInvoker.invoke(InterceptingExecutableInvoker.java:62)
	at org.junit.jupiter.engine.descriptor.ClassBasedTestDescriptor.invokeTestClassConstructor(ClassBasedTestDescriptor.java:363)
	at org.junit.jupiter.engine.descriptor.ClassBasedTestDescriptor.instantiateTestClass(ClassBasedTestDescriptor.java:310)
	at org.junit.jupiter.engine.descriptor.ClassTestDescriptor.instantiateTestClass(ClassTestDescriptor.java:79)
	at org.junit.jupiter.engine.descriptor.ClassBasedTestDescriptor.instantiateAndPostProcessTestInstance(ClassBasedTestDescriptor.java:286)
	at org.junit.jupiter.engine.descriptor.ClassBasedTestDescriptor.lambda$testInstancesProvider$4(ClassBasedTestDescriptor.java:278)
	at java.base/java.util.Optional.orElseGet(Optional.java:369)
	at org.junit.jupiter.engine.descriptor.ClassBasedTestDescriptor.lambda$testInstancesProvider$5(ClassBasedTestDescriptor.java:277)
	at org.junit.jupiter.engine.execution.TestInstancesProvider.getTestInstances(TestInstancesProvider.java:31)
	at org.junit.jupiter.engine.descriptor.TestMethodTestDescriptor.lambda$prepare$0(TestMethodTestDescriptor.java:105)
	at org.junit.platform.engine.support.hierarchical.ThrowableCollector.execute(ThrowableCollector.java:73)
	at org.junit.jupiter.engine.descriptor.TestMethodTestDescriptor.prepare(TestMethodTestDescriptor.java:104)
	at org.junit.jupiter.engine.descriptor.TestMethodTestDescriptor.prepare(TestMethodTestDescriptor.java:68)
	at org.junit.platform.engine.support.hierarchical.NodeTestTask.lambda$prepare$2(NodeTestTask.java:123)
	at org.junit.platform.engine.support.hierarchical.ThrowableCollector.execute(ThrowableCollector.java:73)
	at org.junit.platform.engine.support.hierarchical.NodeTestTask.prepare(NodeTestTask.java:123)
	at org.junit.platform.engine.support.hierarchical.NodeTestTask.execute(NodeTestTask.java:90)
	at java.base/java.util.ArrayList.forEach(ArrayList.java:1541)
	at org.junit.platform.engine.support.hierarchical.SameThreadHierarchicalTestExecutorService.invokeAll(SameThreadHierarchicalTestExecutorService.java:41)
	at org.junit.platform.engine.support.hierarchical.NodeTestTask.lambda$executeRecursively$6(NodeTestTask.java:155)
	at org.junit.platform.engine.support.hierarchical.ThrowableCollector.execute(ThrowableCollector.java:73)
	at org.junit.platform.engine.support.hierarchical.NodeTestTask.lambda$executeRecursively$8(NodeTestTask.java:141)
	at org.junit.platform.engine.support.hierarchical.Node.around(Node.java:137)
	at org.junit.platform.engine.support.hierarchical.NodeTestTask.lambda$executeRecursively$9(NodeTestTask.java:139)
	at org.junit.platform.engine.support.hierarchical.ThrowableCollector.execute(ThrowableCollector.java:73)
	at org.junit.platform.engine.support.hierarchical.NodeTestTask.executeRecursively(NodeTestTask.java:138)
	at org.junit.platform.engine.support.hierarchical.NodeTestTask.execute(NodeTestTask.java:95)
	at java.base/java.util.ArrayList.forEach(ArrayList.java:1541)
	at org.junit.platform.engine.support.hierarchical.SameThreadHierarchicalTestExecutorService.invokeAll(SameThreadHierarchicalTestExecutorService.java:41)
	at org.junit.platform.engine.support.hierarchical.NodeTestTask.lambda$executeRecursively$6(NodeTestTask.java:155)
	at org.junit.platform.engine.support.hierarchical.ThrowableCollector.execute(ThrowableCollector.java:73)
	at org.junit.platform.engine.support.hierarchical.NodeTestTask.lambda$executeRecursively$8(NodeTestTask.java:141)
	at org.junit.platform.engine.support.hierarchical.Node.around(Node.java:137)
	at org.junit.platform.engine.support.hierarchical.NodeTestTask.lambda$executeRecursively$9(NodeTestTask.java:139)
	at org.junit.platform.engine.support.hierarchical.ThrowableCollector.execute(ThrowableCollector.java:73)
	at org.junit.platform.engine.support.hierarchical.NodeTestTask.executeRecursively(NodeTestTask.java:138)
	at org.junit.platform.engine.support.hierarchical.NodeTestTask.execute(NodeTestTask.java:95)
	at org.junit.platform.engine.support.hierarchical.SameThreadHierarchicalTestExecutorService.submit(SameThreadHierarchicalTestExecutorService.java:35)
	at org.junit.platform.engine.support.hierarchical.HierarchicalTestExecutor.execute(HierarchicalTestExecutor.java:57)
	at org.junit.platform.engine.support.hierarchical.HierarchicalTestEngine.execute(HierarchicalTestEngine.java:54)
	at org.junit.platform.launcher.core.EngineExecutionOrchestrator.execute(EngineExecutionOrchestrator.java:107)
	at org.junit.platform.launcher.core.EngineExecutionOrchestrator.execute(EngineExecutionOrchestrator.java:88)
	at org.junit.platform.launcher.core.EngineExecutionOrchestrator.lambda$execute$0(EngineExecutionOrchestrator.java:54)
	at org.junit.platform.launcher.core.EngineExecutionOrchestrator.withInterceptedStreams(EngineExecutionOrchestrator.java:67)
	at org.junit.platform.launcher.core.EngineExecutionOrchestrator.execute(EngineExecutionOrchestrator.java:52)
	at org.junit.platform.launcher.core.DefaultLauncher.execute(DefaultLauncher.java:114)
	at org.junit.platform.launcher.core.DefaultLauncher.execute(DefaultLauncher.java:86)
	at org.junit.platform.launcher.core.DefaultLauncherSession$DelegatingLauncher.execute(DefaultLauncherSession.java:86)
	at org.gradle.api.internal.tasks.testing.junitplatform.JUnitPlatformTestClassProcessor$CollectAllTestClassesExecutor.processAllTestClasses(JUnitPlatformTestClassProcessor.java:110)
	at org.gradle.api.internal.tasks.testing.junitplatform.JUnitPlatformTestClassProcessor$CollectAllTestClassesExecutor.access$000(JUnitPlatformTestClassProcessor.java:90)
	at org.gradle.api.internal.tasks.testing.junitplatform.JUnitPlatformTestClassProcessor.stop(JUnitPlatformTestClassProcessor.java:85)
	at org.gradle.api.internal.tasks.testing.SuiteTestClassProcessor.stop(SuiteTestClassProcessor.java:62)
	at java.base/jdk.internal.reflect.NativeMethodAccessorImpl.invoke0(Native Method)
	at java.base/jdk.internal.reflect.NativeMethodAccessorImpl.invoke(NativeMethodAccessorImpl.java:62)
	at java.base/jdk.internal.reflect.DelegatingMethodAccessorImpl.invoke(DelegatingMethodAccessorImpl.java:43)
	at java.base/java.lang.reflect.Method.invoke(Method.java:566)
	at org.gradle.internal.dispatch.ReflectionDispatch.dispatch(ReflectionDispatch.java:36)
	at org.gradle.internal.dispatch.ReflectionDispatch.dispatch(ReflectionDispatch.java:24)
	at org.gradle.internal.dispatch.ContextClassLoaderDispatch.dispatch(ContextClassLoaderDispatch.java:33)
	at org.gradle.internal.dispatch.ProxyDispatchAdapter$DispatchingInvocationHandler.invoke(ProxyDispatchAdapter.java:94)
	at com.sun.proxy.$Proxy5.stop(Unknown Source)
	at org.gradle.api.internal.tasks.testing.worker.TestWorker$3.run(TestWorker.java:193)
	at org.gradle.api.internal.tasks.testing.worker.TestWorker.executeAndMaintainThreadName(TestWorker.java:129)
	at org.gradle.api.internal.tasks.testing.worker.TestWorker.execute(TestWorker.java:100)
	at org.gradle.api.internal.tasks.testing.worker.TestWorker.execute(TestWorker.java:60)
	at org.gradle.process.internal.worker.child.ActionExecutionWorker.execute(ActionExecutionWorker.java:56)
	at org.gradle.process.internal.worker.child.SystemApplicationClassLoaderWorker.call(SystemApplicationClassLoaderWorker.java:113)
	at org.gradle.process.internal.worker.child.SystemApplicationClassLoaderWorker.call(SystemApplicationClassLoaderWorker.java:65)
	at worker.org.gradle.process.internal.worker.GradleWorkerMain.run(GradleWorkerMain.java:69)
	at worker.org.gradle.process.internal.worker.GradleWorkerMain.main(GradleWorkerMain.java:74)
Caused by: UnsolvedSymbolException{context='arg0', name='Solving arg0', cause='null'}
	at com.github.javaparser.symbolsolver.javaparsermodel.TypeExtractor.visit(TypeExtractor.java:335)
	at com.github.javaparser.symbolsolver.javaparsermodel.TypeExtractor.visit(TypeExtractor.java:65)
	at com.github.javaparser.ast.expr.NameExpr.accept(NameExpr.java:79)
	at com.github.javaparser.symbolsolver.javaparsermodel.JavaParserFacade.getTypeConcrete(JavaParserFacade.java:505)
	at com.github.javaparser.symbolsolver.javaparsermodel.JavaParserFacade.getType(JavaParserFacade.java:352)
	at com.github.javaparser.symbolsolver.javaparsermodel.JavaParserFacade.getType(JavaParserFacade.java:334)
	at com.github.javaparser.symbolsolver.JavaSymbolSolver.calculateType(JavaSymbolSolver.java:294)
	at com.github.javaparser.ast.expr.Expression.calculateResolvedType(Expression.java:573)
	at de.uka.ilkd.key.java.JP2KeYVisitor.visit(JP2KeYConverter.java:707)
	at de.uka.ilkd.key.java.JP2KeYVisitor.visit(JP2KeYConverter.java:90)
	at com.github.javaparser.ast.expr.NameExpr.accept(NameExpr.java:79)
	at de.uka.ilkd.key.java.JP2KeYVisitor.lambda$map$1(JP2KeYConverter.java:402)
	at java.base/java.util.stream.ReferencePipeline$3$1.accept(ReferencePipeline.java:195)
	at java.base/java.util.ArrayList$ArrayListSpliterator.forEachRemaining(ArrayList.java:1655)
	at java.base/java.util.stream.AbstractPipeline.copyInto(AbstractPipeline.java:484)
	at java.base/java.util.stream.AbstractPipeline.wrapAndCopyInto(AbstractPipeline.java:474)
	at java.base/java.util.stream.ReduceOps$ReduceOp.evaluateSequential(ReduceOps.java:913)
	at java.base/java.util.stream.AbstractPipeline.evaluate(AbstractPipeline.java:234)
	at java.base/java.util.stream.ReferencePipeline.collect(ReferencePipeline.java:578)
	at de.uka.ilkd.key.java.JP2KeYVisitor.map(JP2KeYConverter.java:403)
	at de.uka.ilkd.key.java.JP2KeYVisitor.visit(JP2KeYConverter.java:506)
	at de.uka.ilkd.key.java.JP2KeYVisitor.visit(JP2KeYConverter.java:90)
	at com.github.javaparser.ast.stmt.ExplicitConstructorInvocationStmt.accept(ExplicitConstructorInvocationStmt.java:96)
	at de.uka.ilkd.key.java.JP2KeYVisitor.lambda$map$1(JP2KeYConverter.java:402)
	at java.base/java.util.stream.ReferencePipeline$3$1.accept(ReferencePipeline.java:195)
	at java.base/java.util.ArrayList$ArrayListSpliterator.forEachRemaining(ArrayList.java:1655)
	at java.base/java.util.stream.AbstractPipeline.copyInto(AbstractPipeline.java:484)
	at java.base/java.util.stream.AbstractPipeline.wrapAndCopyInto(AbstractPipeline.java:474)
	at java.base/java.util.stream.ReduceOps$ReduceOp.evaluateSequential(ReduceOps.java:913)
	at java.base/java.util.stream.AbstractPipeline.evaluate(AbstractPipeline.java:234)
	at java.base/java.util.stream.ReferencePipeline.collect(ReferencePipeline.java:578)
	at de.uka.ilkd.key.java.JP2KeYVisitor.map(JP2KeYConverter.java:403)
	at de.uka.ilkd.key.java.JP2KeYVisitor.visit(JP2KeYConverter.java:258)
	at de.uka.ilkd.key.java.JP2KeYVisitor.visit(JP2KeYConverter.java:90)
	at com.github.javaparser.ast.stmt.BlockStmt.accept(BlockStmt.java:70)
	at de.uka.ilkd.key.java.JP2KeYVisitor.lambda$map$1(JP2KeYConverter.java:402)
	at java.base/java.util.stream.ReferencePipeline$3$1.accept(ReferencePipeline.java:195)
	at java.base/java.util.ArrayList$ArrayListSpliterator.forEachRemaining(ArrayList.java:1655)
	at java.base/java.util.stream.AbstractPipeline.copyInto(AbstractPipeline.java:484)
	at java.base/java.util.stream.AbstractPipeline.wrapAndCopyInto(AbstractPipeline.java:474)
	at java.base/java.util.stream.ReduceOps$ReduceOp.evaluateSequential(ReduceOps.java:913)
	at java.base/java.util.stream.AbstractPipeline.evaluate(AbstractPipeline.java:234)
	at java.base/java.util.stream.ReferencePipeline.collect(ReferencePipeline.java:578)
	at de.uka.ilkd.key.java.JP2KeYVisitor.map(JP2KeYConverter.java:403)
	at de.uka.ilkd.key.java.JP2KeYVisitor.visit(JP2KeYConverter.java:258)
	at de.uka.ilkd.key.java.JP2KeYVisitor.visit(JP2KeYConverter.java:90)
	at com.github.javaparser.ast.stmt.BlockStmt.accept(BlockStmt.java:70)
	at de.uka.ilkd.key.java.JP2KeYVisitor.accept(JP2KeYConverter.java:348)
	at de.uka.ilkd.key.java.JP2KeYVisitor.visit(JP2KeYConverter.java:946)
	at de.uka.ilkd.key.java.JP2KeYVisitor.visit(JP2KeYConverter.java:90)
	at com.github.javaparser.ast.stmt.TryStmt.accept(TryStmt.java:135)
	at de.uka.ilkd.key.java.JP2KeYVisitor.lambda$map$1(JP2KeYConverter.java:402)
	at java.base/java.util.stream.ReferencePipeline$3$1.accept(ReferencePipeline.java:195)
	at java.base/java.util.ArrayList$ArrayListSpliterator.forEachRemaining(ArrayList.java:1655)
	at java.base/java.util.stream.AbstractPipeline.copyInto(AbstractPipeline.java:484)
	at java.base/java.util.stream.AbstractPipeline.wrapAndCopyInto(AbstractPipeline.java:474)
	at java.base/java.util.stream.ReduceOps$ReduceOp.evaluateSequential(ReduceOps.java:913)
	at java.base/java.util.stream.AbstractPipeline.evaluate(AbstractPipeline.java:234)
	at java.base/java.util.stream.ReferencePipeline.collect(ReferencePipeline.java:578)
	at de.uka.ilkd.key.java.JP2KeYVisitor.map(JP2KeYConverter.java:403)
	at de.uka.ilkd.key.java.JP2KeYVisitor.visit(JP2KeYConverter.java:258)
	at de.uka.ilkd.key.java.JP2KeYVisitor.visit(JP2KeYConverter.java:90)
	at com.github.javaparser.ast.stmt.BlockStmt.accept(BlockStmt.java:70)
	at de.uka.ilkd.key.java.JP2KeYVisitor.accept(JP2KeYConverter.java:348)
	at de.uka.ilkd.key.java.JP2KeYVisitor.visit(JP2KeYConverter.java:609)
	at de.uka.ilkd.key.java.JP2KeYVisitor.visit(JP2KeYConverter.java:90)
	at com.github.javaparser.ast.stmt.IfStmt.accept(IfStmt.java:82)
	at de.uka.ilkd.key.java.JP2KeYVisitor.lambda$map$1(JP2KeYConverter.java:402)
	at java.base/java.util.stream.ReferencePipeline$3$1.accept(ReferencePipeline.java:195)
	at java.base/java.util.ArrayList$ArrayListSpliterator.forEachRemaining(ArrayList.java:1655)
	at java.base/java.util.stream.AbstractPipeline.copyInto(AbstractPipeline.java:484)
	at java.base/java.util.stream.AbstractPipeline.wrapAndCopyInto(AbstractPipeline.java:474)
	at java.base/java.util.stream.ReduceOps$ReduceOp.evaluateSequential(ReduceOps.java:913)
	at java.base/java.util.stream.AbstractPipeline.evaluate(AbstractPipeline.java:234)
	at java.base/java.util.stream.ReferencePipeline.collect(ReferencePipeline.java:578)
	at de.uka.ilkd.key.java.JP2KeYVisitor.map(JP2KeYConverter.java:403)
	at de.uka.ilkd.key.java.JP2KeYVisitor.visit(JP2KeYConverter.java:258)
	at de.uka.ilkd.key.java.JP2KeYVisitor.visit(JP2KeYConverter.java:90)
	at com.github.javaparser.ast.stmt.BlockStmt.accept(BlockStmt.java:70)
	at de.uka.ilkd.key.java.JP2KeYVisitor.accept(JP2KeYConverter.java:348)
	at de.uka.ilkd.key.java.JP2KeYVisitor.visit(JP2KeYConverter.java:609)
	at de.uka.ilkd.key.java.JP2KeYVisitor.visit(JP2KeYConverter.java:90)
	at com.github.javaparser.ast.stmt.IfStmt.accept(IfStmt.java:82)
	at de.uka.ilkd.key.java.JP2KeYVisitor.lambda$map$1(JP2KeYConverter.java:402)
	at java.base/java.util.stream.ReferencePipeline$3$1.accept(ReferencePipeline.java:195)
	at java.base/java.util.ArrayList$ArrayListSpliterator.forEachRemaining(ArrayList.java:1655)
	at java.base/java.util.stream.AbstractPipeline.copyInto(AbstractPipeline.java:484)
	at java.base/java.util.stream.AbstractPipeline.wrapAndCopyInto(AbstractPipeline.java:474)
	at java.base/java.util.stream.ReduceOps$ReduceOp.evaluateSequential(ReduceOps.java:913)
	at java.base/java.util.stream.AbstractPipeline.evaluate(AbstractPipeline.java:234)
	at java.base/java.util.stream.ReferencePipeline.collect(ReferencePipeline.java:578)
	at de.uka.ilkd.key.java.JP2KeYVisitor.map(JP2KeYConverter.java:403)
	at de.uka.ilkd.key.java.JP2KeYVisitor.visit(JP2KeYConverter.java:258)
	at de.uka.ilkd.key.java.JP2KeYVisitor.visit(JP2KeYConverter.java:90)
	at com.github.javaparser.ast.stmt.BlockStmt.accept(BlockStmt.java:70)
	at de.uka.ilkd.key.java.JP2KeYVisitor.accept(JP2KeYConverter.java:348)
	at de.uka.ilkd.key.java.JP2KeYVisitor.accepto(JP2KeYConverter.java:418)
	at de.uka.ilkd.key.java.JP2KeYVisitor.visit(JP2KeYConverter.java:688)
	at de.uka.ilkd.key.java.JP2KeYVisitor.visit(JP2KeYConverter.java:90)
	at com.github.javaparser.ast.body.MethodDeclaration.accept(MethodDeclaration.java:98)
	at de.uka.ilkd.key.java.JP2KeYVisitor.lambda$map$1(JP2KeYConverter.java:402)
	at java.base/java.util.stream.ReferencePipeline$3$1.accept(ReferencePipeline.java:195)
	at java.base/java.util.ArrayList$ArrayListSpliterator.forEachRemaining(ArrayList.java:1655)
	at java.base/java.util.stream.AbstractPipeline.copyInto(AbstractPipeline.java:484)
	at java.base/java.util.stream.AbstractPipeline.wrapAndCopyInto(AbstractPipeline.java:474)
	at java.base/java.util.stream.ReduceOps$ReduceOp.evaluateSequential(ReduceOps.java:913)
	at java.base/java.util.stream.AbstractPipeline.evaluate(AbstractPipeline.java:234)
	at java.base/java.util.stream.ReferencePipeline.collect(ReferencePipeline.java:578)
	at de.uka.ilkd.key.java.JP2KeYVisitor.map(JP2KeYConverter.java:403)
	at de.uka.ilkd.key.java.JP2KeYVisitor.visit(JP2KeYConverter.java:310)
	at de.uka.ilkd.key.java.JP2KeYVisitor.visit(JP2KeYConverter.java:90)
	at com.github.javaparser.ast.body.ClassOrInterfaceDeclaration.accept(ClassOrInterfaceDeclaration.java:95)
	at de.uka.ilkd.key.java.JP2KeYVisitor.lambda$map$1(JP2KeYConverter.java:402)
	at java.base/java.util.stream.ReferencePipeline$3$1.accept(ReferencePipeline.java:195)
	at java.base/java.util.ArrayList$ArrayListSpliterator.forEachRemaining(ArrayList.java:1655)
	at java.base/java.util.stream.AbstractPipeline.copyInto(AbstractPipeline.java:484)
	at java.base/java.util.stream.AbstractPipeline.wrapAndCopyInto(AbstractPipeline.java:474)
	at java.base/java.util.stream.ReduceOps$ReduceOp.evaluateSequential(ReduceOps.java:913)
	at java.base/java.util.stream.AbstractPipeline.evaluate(AbstractPipeline.java:234)
	at java.base/java.util.stream.ReferencePipeline.collect(ReferencePipeline.java:578)
	at de.uka.ilkd.key.java.JP2KeYVisitor.map(JP2KeYConverter.java:403)
	at de.uka.ilkd.key.java.JP2KeYVisitor.visit(JP2KeYConverter.java:393)
	at de.uka.ilkd.key.java.JP2KeYVisitor.visit(JP2KeYConverter.java:90)
	at com.github.javaparser.ast.CompilationUnit.accept(CompilationUnit.java:124)
	at de.uka.ilkd.key.java.JP2KeYConverter.process(JP2KeYConverter.java:84)
	at de.uka.ilkd.key.java.JP2KeYConverter.processCompilationUnit(JP2KeYConverter.java:80)
	at de.uka.ilkd.key.java.JavaService.parseLibraryClasses0(JavaService.java:536)
	at de.uka.ilkd.key.java.JavaService.parseSpecialClasses(JavaService.java:511)
	at de.uka.ilkd.key.proof.init.ProblemInitializer.readJava(ProblemInitializer.java:280)
	at de.uka.ilkd.key.proof.init.ProblemInitializer.prepare(ProblemInitializer.java:529)
	at de.uka.ilkd.key.proof.init.ProblemInitializer.prepare(ProblemInitializer.java:471)
	at de.uka.ilkd.key.rule.TacletForTests.parse(TacletForTests.java:80)
	... 89 more
</failure>
  </testcase>
  <testcase name="testAmbigiousFuncVarPred()" classname="de.uka.ilkd.key.parser.TestTermParser" time="0.0">
    <failure message="java.lang.RuntimeException: Exception occurred while parsing src\test\resources\testcase\testrules.key" type="java.lang.RuntimeException">java.lang.RuntimeException: Exception occurred while parsing src\test\resources\testcase\testrules.key
	at de.uka.ilkd.key.rule.TacletForTests.parse(TacletForTests.java:89)
	at de.uka.ilkd.key.rule.TacletForTests.parse(TacletForTests.java:125)
	at de.uka.ilkd.key.rule.TacletForTests.parse(TacletForTests.java:129)
	at de.uka.ilkd.key.rule.TacletForTests.services(TacletForTests.java:102)
	at de.uka.ilkd.key.parser.TestTermParser.getServices(TestTermParser.java:42)
	at de.uka.ilkd.key.parser.AbstractTestTermParser.&lt;init&gt;(AbstractTestTermParser.java:35)
	at de.uka.ilkd.key.parser.TestTermParser.&lt;init&gt;(TestTermParser.java:34)
	at jdk.internal.reflect.GeneratedConstructorAccessor17.newInstance(Unknown Source)
	at java.base/jdk.internal.reflect.DelegatingConstructorAccessorImpl.newInstance(DelegatingConstructorAccessorImpl.java:45)
	at java.base/java.lang.reflect.Constructor.newInstance(Constructor.java:490)
	at org.junit.platform.commons.util.ReflectionUtils.newInstance(ReflectionUtils.java:552)
	at org.junit.jupiter.engine.execution.ConstructorInvocation.proceed(ConstructorInvocation.java:56)
	at org.junit.jupiter.engine.execution.InvocationInterceptorChain$ValidatingInvocation.proceed(InvocationInterceptorChain.java:131)
	at org.junit.jupiter.api.extension.InvocationInterceptor.interceptTestClassConstructor(InvocationInterceptor.java:73)
	at org.junit.jupiter.engine.execution.InterceptingExecutableInvoker.lambda$invoke$0(InterceptingExecutableInvoker.java:93)
	at org.junit.jupiter.engine.execution.InvocationInterceptorChain$InterceptedInvocation.proceed(InvocationInterceptorChain.java:106)
	at org.junit.jupiter.engine.execution.InvocationInterceptorChain.proceed(InvocationInterceptorChain.java:64)
	at org.junit.jupiter.engine.execution.InvocationInterceptorChain.chainAndInvoke(InvocationInterceptorChain.java:45)
	at org.junit.jupiter.engine.execution.InvocationInterceptorChain.invoke(InvocationInterceptorChain.java:37)
	at org.junit.jupiter.engine.execution.InterceptingExecutableInvoker.invoke(InterceptingExecutableInvoker.java:92)
	at org.junit.jupiter.engine.execution.InterceptingExecutableInvoker.invoke(InterceptingExecutableInvoker.java:62)
	at org.junit.jupiter.engine.descriptor.ClassBasedTestDescriptor.invokeTestClassConstructor(ClassBasedTestDescriptor.java:363)
	at org.junit.jupiter.engine.descriptor.ClassBasedTestDescriptor.instantiateTestClass(ClassBasedTestDescriptor.java:310)
	at org.junit.jupiter.engine.descriptor.ClassTestDescriptor.instantiateTestClass(ClassTestDescriptor.java:79)
	at org.junit.jupiter.engine.descriptor.ClassBasedTestDescriptor.instantiateAndPostProcessTestInstance(ClassBasedTestDescriptor.java:286)
	at org.junit.jupiter.engine.descriptor.ClassBasedTestDescriptor.lambda$testInstancesProvider$4(ClassBasedTestDescriptor.java:278)
	at java.base/java.util.Optional.orElseGet(Optional.java:369)
	at org.junit.jupiter.engine.descriptor.ClassBasedTestDescriptor.lambda$testInstancesProvider$5(ClassBasedTestDescriptor.java:277)
	at org.junit.jupiter.engine.execution.TestInstancesProvider.getTestInstances(TestInstancesProvider.java:31)
	at org.junit.jupiter.engine.descriptor.TestMethodTestDescriptor.lambda$prepare$0(TestMethodTestDescriptor.java:105)
	at org.junit.platform.engine.support.hierarchical.ThrowableCollector.execute(ThrowableCollector.java:73)
	at org.junit.jupiter.engine.descriptor.TestMethodTestDescriptor.prepare(TestMethodTestDescriptor.java:104)
	at org.junit.jupiter.engine.descriptor.TestMethodTestDescriptor.prepare(TestMethodTestDescriptor.java:68)
	at org.junit.platform.engine.support.hierarchical.NodeTestTask.lambda$prepare$2(NodeTestTask.java:123)
	at org.junit.platform.engine.support.hierarchical.ThrowableCollector.execute(ThrowableCollector.java:73)
	at org.junit.platform.engine.support.hierarchical.NodeTestTask.prepare(NodeTestTask.java:123)
	at org.junit.platform.engine.support.hierarchical.NodeTestTask.execute(NodeTestTask.java:90)
	at java.base/java.util.ArrayList.forEach(ArrayList.java:1541)
	at org.junit.platform.engine.support.hierarchical.SameThreadHierarchicalTestExecutorService.invokeAll(SameThreadHierarchicalTestExecutorService.java:41)
	at org.junit.platform.engine.support.hierarchical.NodeTestTask.lambda$executeRecursively$6(NodeTestTask.java:155)
	at org.junit.platform.engine.support.hierarchical.ThrowableCollector.execute(ThrowableCollector.java:73)
	at org.junit.platform.engine.support.hierarchical.NodeTestTask.lambda$executeRecursively$8(NodeTestTask.java:141)
	at org.junit.platform.engine.support.hierarchical.Node.around(Node.java:137)
	at org.junit.platform.engine.support.hierarchical.NodeTestTask.lambda$executeRecursively$9(NodeTestTask.java:139)
	at org.junit.platform.engine.support.hierarchical.ThrowableCollector.execute(ThrowableCollector.java:73)
	at org.junit.platform.engine.support.hierarchical.NodeTestTask.executeRecursively(NodeTestTask.java:138)
	at org.junit.platform.engine.support.hierarchical.NodeTestTask.execute(NodeTestTask.java:95)
	at java.base/java.util.ArrayList.forEach(ArrayList.java:1541)
	at org.junit.platform.engine.support.hierarchical.SameThreadHierarchicalTestExecutorService.invokeAll(SameThreadHierarchicalTestExecutorService.java:41)
	at org.junit.platform.engine.support.hierarchical.NodeTestTask.lambda$executeRecursively$6(NodeTestTask.java:155)
	at org.junit.platform.engine.support.hierarchical.ThrowableCollector.execute(ThrowableCollector.java:73)
	at org.junit.platform.engine.support.hierarchical.NodeTestTask.lambda$executeRecursively$8(NodeTestTask.java:141)
	at org.junit.platform.engine.support.hierarchical.Node.around(Node.java:137)
	at org.junit.platform.engine.support.hierarchical.NodeTestTask.lambda$executeRecursively$9(NodeTestTask.java:139)
	at org.junit.platform.engine.support.hierarchical.ThrowableCollector.execute(ThrowableCollector.java:73)
	at org.junit.platform.engine.support.hierarchical.NodeTestTask.executeRecursively(NodeTestTask.java:138)
	at org.junit.platform.engine.support.hierarchical.NodeTestTask.execute(NodeTestTask.java:95)
	at org.junit.platform.engine.support.hierarchical.SameThreadHierarchicalTestExecutorService.submit(SameThreadHierarchicalTestExecutorService.java:35)
	at org.junit.platform.engine.support.hierarchical.HierarchicalTestExecutor.execute(HierarchicalTestExecutor.java:57)
	at org.junit.platform.engine.support.hierarchical.HierarchicalTestEngine.execute(HierarchicalTestEngine.java:54)
	at org.junit.platform.launcher.core.EngineExecutionOrchestrator.execute(EngineExecutionOrchestrator.java:107)
	at org.junit.platform.launcher.core.EngineExecutionOrchestrator.execute(EngineExecutionOrchestrator.java:88)
	at org.junit.platform.launcher.core.EngineExecutionOrchestrator.lambda$execute$0(EngineExecutionOrchestrator.java:54)
	at org.junit.platform.launcher.core.EngineExecutionOrchestrator.withInterceptedStreams(EngineExecutionOrchestrator.java:67)
	at org.junit.platform.launcher.core.EngineExecutionOrchestrator.execute(EngineExecutionOrchestrator.java:52)
	at org.junit.platform.launcher.core.DefaultLauncher.execute(DefaultLauncher.java:114)
	at org.junit.platform.launcher.core.DefaultLauncher.execute(DefaultLauncher.java:86)
	at org.junit.platform.launcher.core.DefaultLauncherSession$DelegatingLauncher.execute(DefaultLauncherSession.java:86)
	at org.gradle.api.internal.tasks.testing.junitplatform.JUnitPlatformTestClassProcessor$CollectAllTestClassesExecutor.processAllTestClasses(JUnitPlatformTestClassProcessor.java:110)
	at org.gradle.api.internal.tasks.testing.junitplatform.JUnitPlatformTestClassProcessor$CollectAllTestClassesExecutor.access$000(JUnitPlatformTestClassProcessor.java:90)
	at org.gradle.api.internal.tasks.testing.junitplatform.JUnitPlatformTestClassProcessor.stop(JUnitPlatformTestClassProcessor.java:85)
	at org.gradle.api.internal.tasks.testing.SuiteTestClassProcessor.stop(SuiteTestClassProcessor.java:62)
	at java.base/jdk.internal.reflect.NativeMethodAccessorImpl.invoke0(Native Method)
	at java.base/jdk.internal.reflect.NativeMethodAccessorImpl.invoke(NativeMethodAccessorImpl.java:62)
	at java.base/jdk.internal.reflect.DelegatingMethodAccessorImpl.invoke(DelegatingMethodAccessorImpl.java:43)
	at java.base/java.lang.reflect.Method.invoke(Method.java:566)
	at org.gradle.internal.dispatch.ReflectionDispatch.dispatch(ReflectionDispatch.java:36)
	at org.gradle.internal.dispatch.ReflectionDispatch.dispatch(ReflectionDispatch.java:24)
	at org.gradle.internal.dispatch.ContextClassLoaderDispatch.dispatch(ContextClassLoaderDispatch.java:33)
	at org.gradle.internal.dispatch.ProxyDispatchAdapter$DispatchingInvocationHandler.invoke(ProxyDispatchAdapter.java:94)
	at com.sun.proxy.$Proxy5.stop(Unknown Source)
	at org.gradle.api.internal.tasks.testing.worker.TestWorker$3.run(TestWorker.java:193)
	at org.gradle.api.internal.tasks.testing.worker.TestWorker.executeAndMaintainThreadName(TestWorker.java:129)
	at org.gradle.api.internal.tasks.testing.worker.TestWorker.execute(TestWorker.java:100)
	at org.gradle.api.internal.tasks.testing.worker.TestWorker.execute(TestWorker.java:60)
	at org.gradle.process.internal.worker.child.ActionExecutionWorker.execute(ActionExecutionWorker.java:56)
	at org.gradle.process.internal.worker.child.SystemApplicationClassLoaderWorker.call(SystemApplicationClassLoaderWorker.java:113)
	at org.gradle.process.internal.worker.child.SystemApplicationClassLoaderWorker.call(SystemApplicationClassLoaderWorker.java:65)
	at worker.org.gradle.process.internal.worker.GradleWorkerMain.run(GradleWorkerMain.java:69)
	at worker.org.gradle.process.internal.worker.GradleWorkerMain.main(GradleWorkerMain.java:74)
Caused by: UnsolvedSymbolException{context='arg0', name='Solving arg0', cause='null'}
	at com.github.javaparser.symbolsolver.javaparsermodel.TypeExtractor.visit(TypeExtractor.java:335)
	at com.github.javaparser.symbolsolver.javaparsermodel.TypeExtractor.visit(TypeExtractor.java:65)
	at com.github.javaparser.ast.expr.NameExpr.accept(NameExpr.java:79)
	at com.github.javaparser.symbolsolver.javaparsermodel.JavaParserFacade.getTypeConcrete(JavaParserFacade.java:505)
	at com.github.javaparser.symbolsolver.javaparsermodel.JavaParserFacade.getType(JavaParserFacade.java:352)
	at com.github.javaparser.symbolsolver.javaparsermodel.JavaParserFacade.getType(JavaParserFacade.java:334)
	at com.github.javaparser.symbolsolver.JavaSymbolSolver.calculateType(JavaSymbolSolver.java:294)
	at com.github.javaparser.ast.expr.Expression.calculateResolvedType(Expression.java:573)
	at de.uka.ilkd.key.java.JP2KeYVisitor.visit(JP2KeYConverter.java:707)
	at de.uka.ilkd.key.java.JP2KeYVisitor.visit(JP2KeYConverter.java:90)
	at com.github.javaparser.ast.expr.NameExpr.accept(NameExpr.java:79)
	at de.uka.ilkd.key.java.JP2KeYVisitor.lambda$map$1(JP2KeYConverter.java:402)
	at java.base/java.util.stream.ReferencePipeline$3$1.accept(ReferencePipeline.java:195)
	at java.base/java.util.ArrayList$ArrayListSpliterator.forEachRemaining(ArrayList.java:1655)
	at java.base/java.util.stream.AbstractPipeline.copyInto(AbstractPipeline.java:484)
	at java.base/java.util.stream.AbstractPipeline.wrapAndCopyInto(AbstractPipeline.java:474)
	at java.base/java.util.stream.ReduceOps$ReduceOp.evaluateSequential(ReduceOps.java:913)
	at java.base/java.util.stream.AbstractPipeline.evaluate(AbstractPipeline.java:234)
	at java.base/java.util.stream.ReferencePipeline.collect(ReferencePipeline.java:578)
	at de.uka.ilkd.key.java.JP2KeYVisitor.map(JP2KeYConverter.java:403)
	at de.uka.ilkd.key.java.JP2KeYVisitor.visit(JP2KeYConverter.java:506)
	at de.uka.ilkd.key.java.JP2KeYVisitor.visit(JP2KeYConverter.java:90)
	at com.github.javaparser.ast.stmt.ExplicitConstructorInvocationStmt.accept(ExplicitConstructorInvocationStmt.java:96)
	at de.uka.ilkd.key.java.JP2KeYVisitor.lambda$map$1(JP2KeYConverter.java:402)
	at java.base/java.util.stream.ReferencePipeline$3$1.accept(ReferencePipeline.java:195)
	at java.base/java.util.ArrayList$ArrayListSpliterator.forEachRemaining(ArrayList.java:1655)
	at java.base/java.util.stream.AbstractPipeline.copyInto(AbstractPipeline.java:484)
	at java.base/java.util.stream.AbstractPipeline.wrapAndCopyInto(AbstractPipeline.java:474)
	at java.base/java.util.stream.ReduceOps$ReduceOp.evaluateSequential(ReduceOps.java:913)
	at java.base/java.util.stream.AbstractPipeline.evaluate(AbstractPipeline.java:234)
	at java.base/java.util.stream.ReferencePipeline.collect(ReferencePipeline.java:578)
	at de.uka.ilkd.key.java.JP2KeYVisitor.map(JP2KeYConverter.java:403)
	at de.uka.ilkd.key.java.JP2KeYVisitor.visit(JP2KeYConverter.java:258)
	at de.uka.ilkd.key.java.JP2KeYVisitor.visit(JP2KeYConverter.java:90)
	at com.github.javaparser.ast.stmt.BlockStmt.accept(BlockStmt.java:70)
	at de.uka.ilkd.key.java.JP2KeYVisitor.lambda$map$1(JP2KeYConverter.java:402)
	at java.base/java.util.stream.ReferencePipeline$3$1.accept(ReferencePipeline.java:195)
	at java.base/java.util.ArrayList$ArrayListSpliterator.forEachRemaining(ArrayList.java:1655)
	at java.base/java.util.stream.AbstractPipeline.copyInto(AbstractPipeline.java:484)
	at java.base/java.util.stream.AbstractPipeline.wrapAndCopyInto(AbstractPipeline.java:474)
	at java.base/java.util.stream.ReduceOps$ReduceOp.evaluateSequential(ReduceOps.java:913)
	at java.base/java.util.stream.AbstractPipeline.evaluate(AbstractPipeline.java:234)
	at java.base/java.util.stream.ReferencePipeline.collect(ReferencePipeline.java:578)
	at de.uka.ilkd.key.java.JP2KeYVisitor.map(JP2KeYConverter.java:403)
	at de.uka.ilkd.key.java.JP2KeYVisitor.visit(JP2KeYConverter.java:258)
	at de.uka.ilkd.key.java.JP2KeYVisitor.visit(JP2KeYConverter.java:90)
	at com.github.javaparser.ast.stmt.BlockStmt.accept(BlockStmt.java:70)
	at de.uka.ilkd.key.java.JP2KeYVisitor.accept(JP2KeYConverter.java:348)
	at de.uka.ilkd.key.java.JP2KeYVisitor.visit(JP2KeYConverter.java:946)
	at de.uka.ilkd.key.java.JP2KeYVisitor.visit(JP2KeYConverter.java:90)
	at com.github.javaparser.ast.stmt.TryStmt.accept(TryStmt.java:135)
	at de.uka.ilkd.key.java.JP2KeYVisitor.lambda$map$1(JP2KeYConverter.java:402)
	at java.base/java.util.stream.ReferencePipeline$3$1.accept(ReferencePipeline.java:195)
	at java.base/java.util.ArrayList$ArrayListSpliterator.forEachRemaining(ArrayList.java:1655)
	at java.base/java.util.stream.AbstractPipeline.copyInto(AbstractPipeline.java:484)
	at java.base/java.util.stream.AbstractPipeline.wrapAndCopyInto(AbstractPipeline.java:474)
	at java.base/java.util.stream.ReduceOps$ReduceOp.evaluateSequential(ReduceOps.java:913)
	at java.base/java.util.stream.AbstractPipeline.evaluate(AbstractPipeline.java:234)
	at java.base/java.util.stream.ReferencePipeline.collect(ReferencePipeline.java:578)
	at de.uka.ilkd.key.java.JP2KeYVisitor.map(JP2KeYConverter.java:403)
	at de.uka.ilkd.key.java.JP2KeYVisitor.visit(JP2KeYConverter.java:258)
	at de.uka.ilkd.key.java.JP2KeYVisitor.visit(JP2KeYConverter.java:90)
	at com.github.javaparser.ast.stmt.BlockStmt.accept(BlockStmt.java:70)
	at de.uka.ilkd.key.java.JP2KeYVisitor.accept(JP2KeYConverter.java:348)
	at de.uka.ilkd.key.java.JP2KeYVisitor.visit(JP2KeYConverter.java:609)
	at de.uka.ilkd.key.java.JP2KeYVisitor.visit(JP2KeYConverter.java:90)
	at com.github.javaparser.ast.stmt.IfStmt.accept(IfStmt.java:82)
	at de.uka.ilkd.key.java.JP2KeYVisitor.lambda$map$1(JP2KeYConverter.java:402)
	at java.base/java.util.stream.ReferencePipeline$3$1.accept(ReferencePipeline.java:195)
	at java.base/java.util.ArrayList$ArrayListSpliterator.forEachRemaining(ArrayList.java:1655)
	at java.base/java.util.stream.AbstractPipeline.copyInto(AbstractPipeline.java:484)
	at java.base/java.util.stream.AbstractPipeline.wrapAndCopyInto(AbstractPipeline.java:474)
	at java.base/java.util.stream.ReduceOps$ReduceOp.evaluateSequential(ReduceOps.java:913)
	at java.base/java.util.stream.AbstractPipeline.evaluate(AbstractPipeline.java:234)
	at java.base/java.util.stream.ReferencePipeline.collect(ReferencePipeline.java:578)
	at de.uka.ilkd.key.java.JP2KeYVisitor.map(JP2KeYConverter.java:403)
	at de.uka.ilkd.key.java.JP2KeYVisitor.visit(JP2KeYConverter.java:258)
	at de.uka.ilkd.key.java.JP2KeYVisitor.visit(JP2KeYConverter.java:90)
	at com.github.javaparser.ast.stmt.BlockStmt.accept(BlockStmt.java:70)
	at de.uka.ilkd.key.java.JP2KeYVisitor.accept(JP2KeYConverter.java:348)
	at de.uka.ilkd.key.java.JP2KeYVisitor.visit(JP2KeYConverter.java:609)
	at de.uka.ilkd.key.java.JP2KeYVisitor.visit(JP2KeYConverter.java:90)
	at com.github.javaparser.ast.stmt.IfStmt.accept(IfStmt.java:82)
	at de.uka.ilkd.key.java.JP2KeYVisitor.lambda$map$1(JP2KeYConverter.java:402)
	at java.base/java.util.stream.ReferencePipeline$3$1.accept(ReferencePipeline.java:195)
	at java.base/java.util.ArrayList$ArrayListSpliterator.forEachRemaining(ArrayList.java:1655)
	at java.base/java.util.stream.AbstractPipeline.copyInto(AbstractPipeline.java:484)
	at java.base/java.util.stream.AbstractPipeline.wrapAndCopyInto(AbstractPipeline.java:474)
	at java.base/java.util.stream.ReduceOps$ReduceOp.evaluateSequential(ReduceOps.java:913)
	at java.base/java.util.stream.AbstractPipeline.evaluate(AbstractPipeline.java:234)
	at java.base/java.util.stream.ReferencePipeline.collect(ReferencePipeline.java:578)
	at de.uka.ilkd.key.java.JP2KeYVisitor.map(JP2KeYConverter.java:403)
	at de.uka.ilkd.key.java.JP2KeYVisitor.visit(JP2KeYConverter.java:258)
	at de.uka.ilkd.key.java.JP2KeYVisitor.visit(JP2KeYConverter.java:90)
	at com.github.javaparser.ast.stmt.BlockStmt.accept(BlockStmt.java:70)
	at de.uka.ilkd.key.java.JP2KeYVisitor.accept(JP2KeYConverter.java:348)
	at de.uka.ilkd.key.java.JP2KeYVisitor.accepto(JP2KeYConverter.java:418)
	at de.uka.ilkd.key.java.JP2KeYVisitor.visit(JP2KeYConverter.java:688)
	at de.uka.ilkd.key.java.JP2KeYVisitor.visit(JP2KeYConverter.java:90)
	at com.github.javaparser.ast.body.MethodDeclaration.accept(MethodDeclaration.java:98)
	at de.uka.ilkd.key.java.JP2KeYVisitor.lambda$map$1(JP2KeYConverter.java:402)
	at java.base/java.util.stream.ReferencePipeline$3$1.accept(ReferencePipeline.java:195)
	at java.base/java.util.ArrayList$ArrayListSpliterator.forEachRemaining(ArrayList.java:1655)
	at java.base/java.util.stream.AbstractPipeline.copyInto(AbstractPipeline.java:484)
	at java.base/java.util.stream.AbstractPipeline.wrapAndCopyInto(AbstractPipeline.java:474)
	at java.base/java.util.stream.ReduceOps$ReduceOp.evaluateSequential(ReduceOps.java:913)
	at java.base/java.util.stream.AbstractPipeline.evaluate(AbstractPipeline.java:234)
	at java.base/java.util.stream.ReferencePipeline.collect(ReferencePipeline.java:578)
	at de.uka.ilkd.key.java.JP2KeYVisitor.map(JP2KeYConverter.java:403)
	at de.uka.ilkd.key.java.JP2KeYVisitor.visit(JP2KeYConverter.java:310)
	at de.uka.ilkd.key.java.JP2KeYVisitor.visit(JP2KeYConverter.java:90)
	at com.github.javaparser.ast.body.ClassOrInterfaceDeclaration.accept(ClassOrInterfaceDeclaration.java:95)
	at de.uka.ilkd.key.java.JP2KeYVisitor.lambda$map$1(JP2KeYConverter.java:402)
	at java.base/java.util.stream.ReferencePipeline$3$1.accept(ReferencePipeline.java:195)
	at java.base/java.util.ArrayList$ArrayListSpliterator.forEachRemaining(ArrayList.java:1655)
	at java.base/java.util.stream.AbstractPipeline.copyInto(AbstractPipeline.java:484)
	at java.base/java.util.stream.AbstractPipeline.wrapAndCopyInto(AbstractPipeline.java:474)
	at java.base/java.util.stream.ReduceOps$ReduceOp.evaluateSequential(ReduceOps.java:913)
	at java.base/java.util.stream.AbstractPipeline.evaluate(AbstractPipeline.java:234)
	at java.base/java.util.stream.ReferencePipeline.collect(ReferencePipeline.java:578)
	at de.uka.ilkd.key.java.JP2KeYVisitor.map(JP2KeYConverter.java:403)
	at de.uka.ilkd.key.java.JP2KeYVisitor.visit(JP2KeYConverter.java:393)
	at de.uka.ilkd.key.java.JP2KeYVisitor.visit(JP2KeYConverter.java:90)
	at com.github.javaparser.ast.CompilationUnit.accept(CompilationUnit.java:124)
	at de.uka.ilkd.key.java.JP2KeYConverter.process(JP2KeYConverter.java:84)
	at de.uka.ilkd.key.java.JP2KeYConverter.processCompilationUnit(JP2KeYConverter.java:80)
	at de.uka.ilkd.key.java.JavaService.parseLibraryClasses0(JavaService.java:536)
	at de.uka.ilkd.key.java.JavaService.parseSpecialClasses(JavaService.java:511)
	at de.uka.ilkd.key.proof.init.ProblemInitializer.readJava(ProblemInitializer.java:280)
	at de.uka.ilkd.key.proof.init.ProblemInitializer.prepare(ProblemInitializer.java:529)
	at de.uka.ilkd.key.proof.init.ProblemInitializer.prepare(ProblemInitializer.java:471)
	at de.uka.ilkd.key.rule.TacletForTests.parse(TacletForTests.java:80)
	... 89 more
</failure>
  </testcase>
  <testcase name="test1()" classname="de.uka.ilkd.key.parser.TestTermParser" time="0.0">
    <failure message="java.lang.RuntimeException: Exception occurred while parsing src\test\resources\testcase\testrules.key" type="java.lang.RuntimeException">java.lang.RuntimeException: Exception occurred while parsing src\test\resources\testcase\testrules.key
	at de.uka.ilkd.key.rule.TacletForTests.parse(TacletForTests.java:89)
	at de.uka.ilkd.key.rule.TacletForTests.parse(TacletForTests.java:125)
	at de.uka.ilkd.key.rule.TacletForTests.parse(TacletForTests.java:129)
	at de.uka.ilkd.key.rule.TacletForTests.services(TacletForTests.java:102)
	at de.uka.ilkd.key.parser.TestTermParser.getServices(TestTermParser.java:42)
	at de.uka.ilkd.key.parser.AbstractTestTermParser.&lt;init&gt;(AbstractTestTermParser.java:35)
	at de.uka.ilkd.key.parser.TestTermParser.&lt;init&gt;(TestTermParser.java:34)
	at jdk.internal.reflect.GeneratedConstructorAccessor17.newInstance(Unknown Source)
	at java.base/jdk.internal.reflect.DelegatingConstructorAccessorImpl.newInstance(DelegatingConstructorAccessorImpl.java:45)
	at java.base/java.lang.reflect.Constructor.newInstance(Constructor.java:490)
	at org.junit.platform.commons.util.ReflectionUtils.newInstance(ReflectionUtils.java:552)
	at org.junit.jupiter.engine.execution.ConstructorInvocation.proceed(ConstructorInvocation.java:56)
	at org.junit.jupiter.engine.execution.InvocationInterceptorChain$ValidatingInvocation.proceed(InvocationInterceptorChain.java:131)
	at org.junit.jupiter.api.extension.InvocationInterceptor.interceptTestClassConstructor(InvocationInterceptor.java:73)
	at org.junit.jupiter.engine.execution.InterceptingExecutableInvoker.lambda$invoke$0(InterceptingExecutableInvoker.java:93)
	at org.junit.jupiter.engine.execution.InvocationInterceptorChain$InterceptedInvocation.proceed(InvocationInterceptorChain.java:106)
	at org.junit.jupiter.engine.execution.InvocationInterceptorChain.proceed(InvocationInterceptorChain.java:64)
	at org.junit.jupiter.engine.execution.InvocationInterceptorChain.chainAndInvoke(InvocationInterceptorChain.java:45)
	at org.junit.jupiter.engine.execution.InvocationInterceptorChain.invoke(InvocationInterceptorChain.java:37)
	at org.junit.jupiter.engine.execution.InterceptingExecutableInvoker.invoke(InterceptingExecutableInvoker.java:92)
	at org.junit.jupiter.engine.execution.InterceptingExecutableInvoker.invoke(InterceptingExecutableInvoker.java:62)
	at org.junit.jupiter.engine.descriptor.ClassBasedTestDescriptor.invokeTestClassConstructor(ClassBasedTestDescriptor.java:363)
	at org.junit.jupiter.engine.descriptor.ClassBasedTestDescriptor.instantiateTestClass(ClassBasedTestDescriptor.java:310)
	at org.junit.jupiter.engine.descriptor.ClassTestDescriptor.instantiateTestClass(ClassTestDescriptor.java:79)
	at org.junit.jupiter.engine.descriptor.ClassBasedTestDescriptor.instantiateAndPostProcessTestInstance(ClassBasedTestDescriptor.java:286)
	at org.junit.jupiter.engine.descriptor.ClassBasedTestDescriptor.lambda$testInstancesProvider$4(ClassBasedTestDescriptor.java:278)
	at java.base/java.util.Optional.orElseGet(Optional.java:369)
	at org.junit.jupiter.engine.descriptor.ClassBasedTestDescriptor.lambda$testInstancesProvider$5(ClassBasedTestDescriptor.java:277)
	at org.junit.jupiter.engine.execution.TestInstancesProvider.getTestInstances(TestInstancesProvider.java:31)
	at org.junit.jupiter.engine.descriptor.TestMethodTestDescriptor.lambda$prepare$0(TestMethodTestDescriptor.java:105)
	at org.junit.platform.engine.support.hierarchical.ThrowableCollector.execute(ThrowableCollector.java:73)
	at org.junit.jupiter.engine.descriptor.TestMethodTestDescriptor.prepare(TestMethodTestDescriptor.java:104)
	at org.junit.jupiter.engine.descriptor.TestMethodTestDescriptor.prepare(TestMethodTestDescriptor.java:68)
	at org.junit.platform.engine.support.hierarchical.NodeTestTask.lambda$prepare$2(NodeTestTask.java:123)
	at org.junit.platform.engine.support.hierarchical.ThrowableCollector.execute(ThrowableCollector.java:73)
	at org.junit.platform.engine.support.hierarchical.NodeTestTask.prepare(NodeTestTask.java:123)
	at org.junit.platform.engine.support.hierarchical.NodeTestTask.execute(NodeTestTask.java:90)
	at java.base/java.util.ArrayList.forEach(ArrayList.java:1541)
	at org.junit.platform.engine.support.hierarchical.SameThreadHierarchicalTestExecutorService.invokeAll(SameThreadHierarchicalTestExecutorService.java:41)
	at org.junit.platform.engine.support.hierarchical.NodeTestTask.lambda$executeRecursively$6(NodeTestTask.java:155)
	at org.junit.platform.engine.support.hierarchical.ThrowableCollector.execute(ThrowableCollector.java:73)
	at org.junit.platform.engine.support.hierarchical.NodeTestTask.lambda$executeRecursively$8(NodeTestTask.java:141)
	at org.junit.platform.engine.support.hierarchical.Node.around(Node.java:137)
	at org.junit.platform.engine.support.hierarchical.NodeTestTask.lambda$executeRecursively$9(NodeTestTask.java:139)
	at org.junit.platform.engine.support.hierarchical.ThrowableCollector.execute(ThrowableCollector.java:73)
	at org.junit.platform.engine.support.hierarchical.NodeTestTask.executeRecursively(NodeTestTask.java:138)
	at org.junit.platform.engine.support.hierarchical.NodeTestTask.execute(NodeTestTask.java:95)
	at java.base/java.util.ArrayList.forEach(ArrayList.java:1541)
	at org.junit.platform.engine.support.hierarchical.SameThreadHierarchicalTestExecutorService.invokeAll(SameThreadHierarchicalTestExecutorService.java:41)
	at org.junit.platform.engine.support.hierarchical.NodeTestTask.lambda$executeRecursively$6(NodeTestTask.java:155)
	at org.junit.platform.engine.support.hierarchical.ThrowableCollector.execute(ThrowableCollector.java:73)
	at org.junit.platform.engine.support.hierarchical.NodeTestTask.lambda$executeRecursively$8(NodeTestTask.java:141)
	at org.junit.platform.engine.support.hierarchical.Node.around(Node.java:137)
	at org.junit.platform.engine.support.hierarchical.NodeTestTask.lambda$executeRecursively$9(NodeTestTask.java:139)
	at org.junit.platform.engine.support.hierarchical.ThrowableCollector.execute(ThrowableCollector.java:73)
	at org.junit.platform.engine.support.hierarchical.NodeTestTask.executeRecursively(NodeTestTask.java:138)
	at org.junit.platform.engine.support.hierarchical.NodeTestTask.execute(NodeTestTask.java:95)
	at org.junit.platform.engine.support.hierarchical.SameThreadHierarchicalTestExecutorService.submit(SameThreadHierarchicalTestExecutorService.java:35)
	at org.junit.platform.engine.support.hierarchical.HierarchicalTestExecutor.execute(HierarchicalTestExecutor.java:57)
	at org.junit.platform.engine.support.hierarchical.HierarchicalTestEngine.execute(HierarchicalTestEngine.java:54)
	at org.junit.platform.launcher.core.EngineExecutionOrchestrator.execute(EngineExecutionOrchestrator.java:107)
	at org.junit.platform.launcher.core.EngineExecutionOrchestrator.execute(EngineExecutionOrchestrator.java:88)
	at org.junit.platform.launcher.core.EngineExecutionOrchestrator.lambda$execute$0(EngineExecutionOrchestrator.java:54)
	at org.junit.platform.launcher.core.EngineExecutionOrchestrator.withInterceptedStreams(EngineExecutionOrchestrator.java:67)
	at org.junit.platform.launcher.core.EngineExecutionOrchestrator.execute(EngineExecutionOrchestrator.java:52)
	at org.junit.platform.launcher.core.DefaultLauncher.execute(DefaultLauncher.java:114)
	at org.junit.platform.launcher.core.DefaultLauncher.execute(DefaultLauncher.java:86)
	at org.junit.platform.launcher.core.DefaultLauncherSession$DelegatingLauncher.execute(DefaultLauncherSession.java:86)
	at org.gradle.api.internal.tasks.testing.junitplatform.JUnitPlatformTestClassProcessor$CollectAllTestClassesExecutor.processAllTestClasses(JUnitPlatformTestClassProcessor.java:110)
	at org.gradle.api.internal.tasks.testing.junitplatform.JUnitPlatformTestClassProcessor$CollectAllTestClassesExecutor.access$000(JUnitPlatformTestClassProcessor.java:90)
	at org.gradle.api.internal.tasks.testing.junitplatform.JUnitPlatformTestClassProcessor.stop(JUnitPlatformTestClassProcessor.java:85)
	at org.gradle.api.internal.tasks.testing.SuiteTestClassProcessor.stop(SuiteTestClassProcessor.java:62)
	at java.base/jdk.internal.reflect.NativeMethodAccessorImpl.invoke0(Native Method)
	at java.base/jdk.internal.reflect.NativeMethodAccessorImpl.invoke(NativeMethodAccessorImpl.java:62)
	at java.base/jdk.internal.reflect.DelegatingMethodAccessorImpl.invoke(DelegatingMethodAccessorImpl.java:43)
	at java.base/java.lang.reflect.Method.invoke(Method.java:566)
	at org.gradle.internal.dispatch.ReflectionDispatch.dispatch(ReflectionDispatch.java:36)
	at org.gradle.internal.dispatch.ReflectionDispatch.dispatch(ReflectionDispatch.java:24)
	at org.gradle.internal.dispatch.ContextClassLoaderDispatch.dispatch(ContextClassLoaderDispatch.java:33)
	at org.gradle.internal.dispatch.ProxyDispatchAdapter$DispatchingInvocationHandler.invoke(ProxyDispatchAdapter.java:94)
	at com.sun.proxy.$Proxy5.stop(Unknown Source)
	at org.gradle.api.internal.tasks.testing.worker.TestWorker$3.run(TestWorker.java:193)
	at org.gradle.api.internal.tasks.testing.worker.TestWorker.executeAndMaintainThreadName(TestWorker.java:129)
	at org.gradle.api.internal.tasks.testing.worker.TestWorker.execute(TestWorker.java:100)
	at org.gradle.api.internal.tasks.testing.worker.TestWorker.execute(TestWorker.java:60)
	at org.gradle.process.internal.worker.child.ActionExecutionWorker.execute(ActionExecutionWorker.java:56)
	at org.gradle.process.internal.worker.child.SystemApplicationClassLoaderWorker.call(SystemApplicationClassLoaderWorker.java:113)
	at org.gradle.process.internal.worker.child.SystemApplicationClassLoaderWorker.call(SystemApplicationClassLoaderWorker.java:65)
	at worker.org.gradle.process.internal.worker.GradleWorkerMain.run(GradleWorkerMain.java:69)
	at worker.org.gradle.process.internal.worker.GradleWorkerMain.main(GradleWorkerMain.java:74)
Caused by: UnsolvedSymbolException{context='arg0', name='Solving arg0', cause='null'}
	at com.github.javaparser.symbolsolver.javaparsermodel.TypeExtractor.visit(TypeExtractor.java:335)
	at com.github.javaparser.symbolsolver.javaparsermodel.TypeExtractor.visit(TypeExtractor.java:65)
	at com.github.javaparser.ast.expr.NameExpr.accept(NameExpr.java:79)
	at com.github.javaparser.symbolsolver.javaparsermodel.JavaParserFacade.getTypeConcrete(JavaParserFacade.java:505)
	at com.github.javaparser.symbolsolver.javaparsermodel.JavaParserFacade.getType(JavaParserFacade.java:352)
	at com.github.javaparser.symbolsolver.javaparsermodel.JavaParserFacade.getType(JavaParserFacade.java:334)
	at com.github.javaparser.symbolsolver.JavaSymbolSolver.calculateType(JavaSymbolSolver.java:294)
	at com.github.javaparser.ast.expr.Expression.calculateResolvedType(Expression.java:573)
	at de.uka.ilkd.key.java.JP2KeYVisitor.visit(JP2KeYConverter.java:707)
	at de.uka.ilkd.key.java.JP2KeYVisitor.visit(JP2KeYConverter.java:90)
	at com.github.javaparser.ast.expr.NameExpr.accept(NameExpr.java:79)
	at de.uka.ilkd.key.java.JP2KeYVisitor.lambda$map$1(JP2KeYConverter.java:402)
	at java.base/java.util.stream.ReferencePipeline$3$1.accept(ReferencePipeline.java:195)
	at java.base/java.util.ArrayList$ArrayListSpliterator.forEachRemaining(ArrayList.java:1655)
	at java.base/java.util.stream.AbstractPipeline.copyInto(AbstractPipeline.java:484)
	at java.base/java.util.stream.AbstractPipeline.wrapAndCopyInto(AbstractPipeline.java:474)
	at java.base/java.util.stream.ReduceOps$ReduceOp.evaluateSequential(ReduceOps.java:913)
	at java.base/java.util.stream.AbstractPipeline.evaluate(AbstractPipeline.java:234)
	at java.base/java.util.stream.ReferencePipeline.collect(ReferencePipeline.java:578)
	at de.uka.ilkd.key.java.JP2KeYVisitor.map(JP2KeYConverter.java:403)
	at de.uka.ilkd.key.java.JP2KeYVisitor.visit(JP2KeYConverter.java:506)
	at de.uka.ilkd.key.java.JP2KeYVisitor.visit(JP2KeYConverter.java:90)
	at com.github.javaparser.ast.stmt.ExplicitConstructorInvocationStmt.accept(ExplicitConstructorInvocationStmt.java:96)
	at de.uka.ilkd.key.java.JP2KeYVisitor.lambda$map$1(JP2KeYConverter.java:402)
	at java.base/java.util.stream.ReferencePipeline$3$1.accept(ReferencePipeline.java:195)
	at java.base/java.util.ArrayList$ArrayListSpliterator.forEachRemaining(ArrayList.java:1655)
	at java.base/java.util.stream.AbstractPipeline.copyInto(AbstractPipeline.java:484)
	at java.base/java.util.stream.AbstractPipeline.wrapAndCopyInto(AbstractPipeline.java:474)
	at java.base/java.util.stream.ReduceOps$ReduceOp.evaluateSequential(ReduceOps.java:913)
	at java.base/java.util.stream.AbstractPipeline.evaluate(AbstractPipeline.java:234)
	at java.base/java.util.stream.ReferencePipeline.collect(ReferencePipeline.java:578)
	at de.uka.ilkd.key.java.JP2KeYVisitor.map(JP2KeYConverter.java:403)
	at de.uka.ilkd.key.java.JP2KeYVisitor.visit(JP2KeYConverter.java:258)
	at de.uka.ilkd.key.java.JP2KeYVisitor.visit(JP2KeYConverter.java:90)
	at com.github.javaparser.ast.stmt.BlockStmt.accept(BlockStmt.java:70)
	at de.uka.ilkd.key.java.JP2KeYVisitor.lambda$map$1(JP2KeYConverter.java:402)
	at java.base/java.util.stream.ReferencePipeline$3$1.accept(ReferencePipeline.java:195)
	at java.base/java.util.ArrayList$ArrayListSpliterator.forEachRemaining(ArrayList.java:1655)
	at java.base/java.util.stream.AbstractPipeline.copyInto(AbstractPipeline.java:484)
	at java.base/java.util.stream.AbstractPipeline.wrapAndCopyInto(AbstractPipeline.java:474)
	at java.base/java.util.stream.ReduceOps$ReduceOp.evaluateSequential(ReduceOps.java:913)
	at java.base/java.util.stream.AbstractPipeline.evaluate(AbstractPipeline.java:234)
	at java.base/java.util.stream.ReferencePipeline.collect(ReferencePipeline.java:578)
	at de.uka.ilkd.key.java.JP2KeYVisitor.map(JP2KeYConverter.java:403)
	at de.uka.ilkd.key.java.JP2KeYVisitor.visit(JP2KeYConverter.java:258)
	at de.uka.ilkd.key.java.JP2KeYVisitor.visit(JP2KeYConverter.java:90)
	at com.github.javaparser.ast.stmt.BlockStmt.accept(BlockStmt.java:70)
	at de.uka.ilkd.key.java.JP2KeYVisitor.accept(JP2KeYConverter.java:348)
	at de.uka.ilkd.key.java.JP2KeYVisitor.visit(JP2KeYConverter.java:946)
	at de.uka.ilkd.key.java.JP2KeYVisitor.visit(JP2KeYConverter.java:90)
	at com.github.javaparser.ast.stmt.TryStmt.accept(TryStmt.java:135)
	at de.uka.ilkd.key.java.JP2KeYVisitor.lambda$map$1(JP2KeYConverter.java:402)
	at java.base/java.util.stream.ReferencePipeline$3$1.accept(ReferencePipeline.java:195)
	at java.base/java.util.ArrayList$ArrayListSpliterator.forEachRemaining(ArrayList.java:1655)
	at java.base/java.util.stream.AbstractPipeline.copyInto(AbstractPipeline.java:484)
	at java.base/java.util.stream.AbstractPipeline.wrapAndCopyInto(AbstractPipeline.java:474)
	at java.base/java.util.stream.ReduceOps$ReduceOp.evaluateSequential(ReduceOps.java:913)
	at java.base/java.util.stream.AbstractPipeline.evaluate(AbstractPipeline.java:234)
	at java.base/java.util.stream.ReferencePipeline.collect(ReferencePipeline.java:578)
	at de.uka.ilkd.key.java.JP2KeYVisitor.map(JP2KeYConverter.java:403)
	at de.uka.ilkd.key.java.JP2KeYVisitor.visit(JP2KeYConverter.java:258)
	at de.uka.ilkd.key.java.JP2KeYVisitor.visit(JP2KeYConverter.java:90)
	at com.github.javaparser.ast.stmt.BlockStmt.accept(BlockStmt.java:70)
	at de.uka.ilkd.key.java.JP2KeYVisitor.accept(JP2KeYConverter.java:348)
	at de.uka.ilkd.key.java.JP2KeYVisitor.visit(JP2KeYConverter.java:609)
	at de.uka.ilkd.key.java.JP2KeYVisitor.visit(JP2KeYConverter.java:90)
	at com.github.javaparser.ast.stmt.IfStmt.accept(IfStmt.java:82)
	at de.uka.ilkd.key.java.JP2KeYVisitor.lambda$map$1(JP2KeYConverter.java:402)
	at java.base/java.util.stream.ReferencePipeline$3$1.accept(ReferencePipeline.java:195)
	at java.base/java.util.ArrayList$ArrayListSpliterator.forEachRemaining(ArrayList.java:1655)
	at java.base/java.util.stream.AbstractPipeline.copyInto(AbstractPipeline.java:484)
	at java.base/java.util.stream.AbstractPipeline.wrapAndCopyInto(AbstractPipeline.java:474)
	at java.base/java.util.stream.ReduceOps$ReduceOp.evaluateSequential(ReduceOps.java:913)
	at java.base/java.util.stream.AbstractPipeline.evaluate(AbstractPipeline.java:234)
	at java.base/java.util.stream.ReferencePipeline.collect(ReferencePipeline.java:578)
	at de.uka.ilkd.key.java.JP2KeYVisitor.map(JP2KeYConverter.java:403)
	at de.uka.ilkd.key.java.JP2KeYVisitor.visit(JP2KeYConverter.java:258)
	at de.uka.ilkd.key.java.JP2KeYVisitor.visit(JP2KeYConverter.java:90)
	at com.github.javaparser.ast.stmt.BlockStmt.accept(BlockStmt.java:70)
	at de.uka.ilkd.key.java.JP2KeYVisitor.accept(JP2KeYConverter.java:348)
	at de.uka.ilkd.key.java.JP2KeYVisitor.visit(JP2KeYConverter.java:609)
	at de.uka.ilkd.key.java.JP2KeYVisitor.visit(JP2KeYConverter.java:90)
	at com.github.javaparser.ast.stmt.IfStmt.accept(IfStmt.java:82)
	at de.uka.ilkd.key.java.JP2KeYVisitor.lambda$map$1(JP2KeYConverter.java:402)
	at java.base/java.util.stream.ReferencePipeline$3$1.accept(ReferencePipeline.java:195)
	at java.base/java.util.ArrayList$ArrayListSpliterator.forEachRemaining(ArrayList.java:1655)
	at java.base/java.util.stream.AbstractPipeline.copyInto(AbstractPipeline.java:484)
	at java.base/java.util.stream.AbstractPipeline.wrapAndCopyInto(AbstractPipeline.java:474)
	at java.base/java.util.stream.ReduceOps$ReduceOp.evaluateSequential(ReduceOps.java:913)
	at java.base/java.util.stream.AbstractPipeline.evaluate(AbstractPipeline.java:234)
	at java.base/java.util.stream.ReferencePipeline.collect(ReferencePipeline.java:578)
	at de.uka.ilkd.key.java.JP2KeYVisitor.map(JP2KeYConverter.java:403)
	at de.uka.ilkd.key.java.JP2KeYVisitor.visit(JP2KeYConverter.java:258)
	at de.uka.ilkd.key.java.JP2KeYVisitor.visit(JP2KeYConverter.java:90)
	at com.github.javaparser.ast.stmt.BlockStmt.accept(BlockStmt.java:70)
	at de.uka.ilkd.key.java.JP2KeYVisitor.accept(JP2KeYConverter.java:348)
	at de.uka.ilkd.key.java.JP2KeYVisitor.accepto(JP2KeYConverter.java:418)
	at de.uka.ilkd.key.java.JP2KeYVisitor.visit(JP2KeYConverter.java:688)
	at de.uka.ilkd.key.java.JP2KeYVisitor.visit(JP2KeYConverter.java:90)
	at com.github.javaparser.ast.body.MethodDeclaration.accept(MethodDeclaration.java:98)
	at de.uka.ilkd.key.java.JP2KeYVisitor.lambda$map$1(JP2KeYConverter.java:402)
	at java.base/java.util.stream.ReferencePipeline$3$1.accept(ReferencePipeline.java:195)
	at java.base/java.util.ArrayList$ArrayListSpliterator.forEachRemaining(ArrayList.java:1655)
	at java.base/java.util.stream.AbstractPipeline.copyInto(AbstractPipeline.java:484)
	at java.base/java.util.stream.AbstractPipeline.wrapAndCopyInto(AbstractPipeline.java:474)
	at java.base/java.util.stream.ReduceOps$ReduceOp.evaluateSequential(ReduceOps.java:913)
	at java.base/java.util.stream.AbstractPipeline.evaluate(AbstractPipeline.java:234)
	at java.base/java.util.stream.ReferencePipeline.collect(ReferencePipeline.java:578)
	at de.uka.ilkd.key.java.JP2KeYVisitor.map(JP2KeYConverter.java:403)
	at de.uka.ilkd.key.java.JP2KeYVisitor.visit(JP2KeYConverter.java:310)
	at de.uka.ilkd.key.java.JP2KeYVisitor.visit(JP2KeYConverter.java:90)
	at com.github.javaparser.ast.body.ClassOrInterfaceDeclaration.accept(ClassOrInterfaceDeclaration.java:95)
	at de.uka.ilkd.key.java.JP2KeYVisitor.lambda$map$1(JP2KeYConverter.java:402)
	at java.base/java.util.stream.ReferencePipeline$3$1.accept(ReferencePipeline.java:195)
	at java.base/java.util.ArrayList$ArrayListSpliterator.forEachRemaining(ArrayList.java:1655)
	at java.base/java.util.stream.AbstractPipeline.copyInto(AbstractPipeline.java:484)
	at java.base/java.util.stream.AbstractPipeline.wrapAndCopyInto(AbstractPipeline.java:474)
	at java.base/java.util.stream.ReduceOps$ReduceOp.evaluateSequential(ReduceOps.java:913)
	at java.base/java.util.stream.AbstractPipeline.evaluate(AbstractPipeline.java:234)
	at java.base/java.util.stream.ReferencePipeline.collect(ReferencePipeline.java:578)
	at de.uka.ilkd.key.java.JP2KeYVisitor.map(JP2KeYConverter.java:403)
	at de.uka.ilkd.key.java.JP2KeYVisitor.visit(JP2KeYConverter.java:393)
	at de.uka.ilkd.key.java.JP2KeYVisitor.visit(JP2KeYConverter.java:90)
	at com.github.javaparser.ast.CompilationUnit.accept(CompilationUnit.java:124)
	at de.uka.ilkd.key.java.JP2KeYConverter.process(JP2KeYConverter.java:84)
	at de.uka.ilkd.key.java.JP2KeYConverter.processCompilationUnit(JP2KeYConverter.java:80)
	at de.uka.ilkd.key.java.JavaService.parseLibraryClasses0(JavaService.java:536)
	at de.uka.ilkd.key.java.JavaService.parseSpecialClasses(JavaService.java:511)
	at de.uka.ilkd.key.proof.init.ProblemInitializer.readJava(ProblemInitializer.java:280)
	at de.uka.ilkd.key.proof.init.ProblemInitializer.prepare(ProblemInitializer.java:529)
	at de.uka.ilkd.key.proof.init.ProblemInitializer.prepare(ProblemInitializer.java:471)
	at de.uka.ilkd.key.rule.TacletForTests.parse(TacletForTests.java:80)
	... 89 more
</failure>
  </testcase>
  <testcase name="test2()" classname="de.uka.ilkd.key.parser.TestTermParser" time="0.001">
    <failure message="java.lang.RuntimeException: Exception occurred while parsing src\test\resources\testcase\testrules.key" type="java.lang.RuntimeException">java.lang.RuntimeException: Exception occurred while parsing src\test\resources\testcase\testrules.key
	at de.uka.ilkd.key.rule.TacletForTests.parse(TacletForTests.java:89)
	at de.uka.ilkd.key.rule.TacletForTests.parse(TacletForTests.java:125)
	at de.uka.ilkd.key.rule.TacletForTests.parse(TacletForTests.java:129)
	at de.uka.ilkd.key.rule.TacletForTests.services(TacletForTests.java:102)
	at de.uka.ilkd.key.parser.TestTermParser.getServices(TestTermParser.java:42)
	at de.uka.ilkd.key.parser.AbstractTestTermParser.&lt;init&gt;(AbstractTestTermParser.java:35)
	at de.uka.ilkd.key.parser.TestTermParser.&lt;init&gt;(TestTermParser.java:34)
	at jdk.internal.reflect.GeneratedConstructorAccessor17.newInstance(Unknown Source)
	at java.base/jdk.internal.reflect.DelegatingConstructorAccessorImpl.newInstance(DelegatingConstructorAccessorImpl.java:45)
	at java.base/java.lang.reflect.Constructor.newInstance(Constructor.java:490)
	at org.junit.platform.commons.util.ReflectionUtils.newInstance(ReflectionUtils.java:552)
	at org.junit.jupiter.engine.execution.ConstructorInvocation.proceed(ConstructorInvocation.java:56)
	at org.junit.jupiter.engine.execution.InvocationInterceptorChain$ValidatingInvocation.proceed(InvocationInterceptorChain.java:131)
	at org.junit.jupiter.api.extension.InvocationInterceptor.interceptTestClassConstructor(InvocationInterceptor.java:73)
	at org.junit.jupiter.engine.execution.InterceptingExecutableInvoker.lambda$invoke$0(InterceptingExecutableInvoker.java:93)
	at org.junit.jupiter.engine.execution.InvocationInterceptorChain$InterceptedInvocation.proceed(InvocationInterceptorChain.java:106)
	at org.junit.jupiter.engine.execution.InvocationInterceptorChain.proceed(InvocationInterceptorChain.java:64)
	at org.junit.jupiter.engine.execution.InvocationInterceptorChain.chainAndInvoke(InvocationInterceptorChain.java:45)
	at org.junit.jupiter.engine.execution.InvocationInterceptorChain.invoke(InvocationInterceptorChain.java:37)
	at org.junit.jupiter.engine.execution.InterceptingExecutableInvoker.invoke(InterceptingExecutableInvoker.java:92)
	at org.junit.jupiter.engine.execution.InterceptingExecutableInvoker.invoke(InterceptingExecutableInvoker.java:62)
	at org.junit.jupiter.engine.descriptor.ClassBasedTestDescriptor.invokeTestClassConstructor(ClassBasedTestDescriptor.java:363)
	at org.junit.jupiter.engine.descriptor.ClassBasedTestDescriptor.instantiateTestClass(ClassBasedTestDescriptor.java:310)
	at org.junit.jupiter.engine.descriptor.ClassTestDescriptor.instantiateTestClass(ClassTestDescriptor.java:79)
	at org.junit.jupiter.engine.descriptor.ClassBasedTestDescriptor.instantiateAndPostProcessTestInstance(ClassBasedTestDescriptor.java:286)
	at org.junit.jupiter.engine.descriptor.ClassBasedTestDescriptor.lambda$testInstancesProvider$4(ClassBasedTestDescriptor.java:278)
	at java.base/java.util.Optional.orElseGet(Optional.java:369)
	at org.junit.jupiter.engine.descriptor.ClassBasedTestDescriptor.lambda$testInstancesProvider$5(ClassBasedTestDescriptor.java:277)
	at org.junit.jupiter.engine.execution.TestInstancesProvider.getTestInstances(TestInstancesProvider.java:31)
	at org.junit.jupiter.engine.descriptor.TestMethodTestDescriptor.lambda$prepare$0(TestMethodTestDescriptor.java:105)
	at org.junit.platform.engine.support.hierarchical.ThrowableCollector.execute(ThrowableCollector.java:73)
	at org.junit.jupiter.engine.descriptor.TestMethodTestDescriptor.prepare(TestMethodTestDescriptor.java:104)
	at org.junit.jupiter.engine.descriptor.TestMethodTestDescriptor.prepare(TestMethodTestDescriptor.java:68)
	at org.junit.platform.engine.support.hierarchical.NodeTestTask.lambda$prepare$2(NodeTestTask.java:123)
	at org.junit.platform.engine.support.hierarchical.ThrowableCollector.execute(ThrowableCollector.java:73)
	at org.junit.platform.engine.support.hierarchical.NodeTestTask.prepare(NodeTestTask.java:123)
	at org.junit.platform.engine.support.hierarchical.NodeTestTask.execute(NodeTestTask.java:90)
	at java.base/java.util.ArrayList.forEach(ArrayList.java:1541)
	at org.junit.platform.engine.support.hierarchical.SameThreadHierarchicalTestExecutorService.invokeAll(SameThreadHierarchicalTestExecutorService.java:41)
	at org.junit.platform.engine.support.hierarchical.NodeTestTask.lambda$executeRecursively$6(NodeTestTask.java:155)
	at org.junit.platform.engine.support.hierarchical.ThrowableCollector.execute(ThrowableCollector.java:73)
	at org.junit.platform.engine.support.hierarchical.NodeTestTask.lambda$executeRecursively$8(NodeTestTask.java:141)
	at org.junit.platform.engine.support.hierarchical.Node.around(Node.java:137)
	at org.junit.platform.engine.support.hierarchical.NodeTestTask.lambda$executeRecursively$9(NodeTestTask.java:139)
	at org.junit.platform.engine.support.hierarchical.ThrowableCollector.execute(ThrowableCollector.java:73)
	at org.junit.platform.engine.support.hierarchical.NodeTestTask.executeRecursively(NodeTestTask.java:138)
	at org.junit.platform.engine.support.hierarchical.NodeTestTask.execute(NodeTestTask.java:95)
	at java.base/java.util.ArrayList.forEach(ArrayList.java:1541)
	at org.junit.platform.engine.support.hierarchical.SameThreadHierarchicalTestExecutorService.invokeAll(SameThreadHierarchicalTestExecutorService.java:41)
	at org.junit.platform.engine.support.hierarchical.NodeTestTask.lambda$executeRecursively$6(NodeTestTask.java:155)
	at org.junit.platform.engine.support.hierarchical.ThrowableCollector.execute(ThrowableCollector.java:73)
	at org.junit.platform.engine.support.hierarchical.NodeTestTask.lambda$executeRecursively$8(NodeTestTask.java:141)
	at org.junit.platform.engine.support.hierarchical.Node.around(Node.java:137)
	at org.junit.platform.engine.support.hierarchical.NodeTestTask.lambda$executeRecursively$9(NodeTestTask.java:139)
	at org.junit.platform.engine.support.hierarchical.ThrowableCollector.execute(ThrowableCollector.java:73)
	at org.junit.platform.engine.support.hierarchical.NodeTestTask.executeRecursively(NodeTestTask.java:138)
	at org.junit.platform.engine.support.hierarchical.NodeTestTask.execute(NodeTestTask.java:95)
	at org.junit.platform.engine.support.hierarchical.SameThreadHierarchicalTestExecutorService.submit(SameThreadHierarchicalTestExecutorService.java:35)
	at org.junit.platform.engine.support.hierarchical.HierarchicalTestExecutor.execute(HierarchicalTestExecutor.java:57)
	at org.junit.platform.engine.support.hierarchical.HierarchicalTestEngine.execute(HierarchicalTestEngine.java:54)
	at org.junit.platform.launcher.core.EngineExecutionOrchestrator.execute(EngineExecutionOrchestrator.java:107)
	at org.junit.platform.launcher.core.EngineExecutionOrchestrator.execute(EngineExecutionOrchestrator.java:88)
	at org.junit.platform.launcher.core.EngineExecutionOrchestrator.lambda$execute$0(EngineExecutionOrchestrator.java:54)
	at org.junit.platform.launcher.core.EngineExecutionOrchestrator.withInterceptedStreams(EngineExecutionOrchestrator.java:67)
	at org.junit.platform.launcher.core.EngineExecutionOrchestrator.execute(EngineExecutionOrchestrator.java:52)
	at org.junit.platform.launcher.core.DefaultLauncher.execute(DefaultLauncher.java:114)
	at org.junit.platform.launcher.core.DefaultLauncher.execute(DefaultLauncher.java:86)
	at org.junit.platform.launcher.core.DefaultLauncherSession$DelegatingLauncher.execute(DefaultLauncherSession.java:86)
	at org.gradle.api.internal.tasks.testing.junitplatform.JUnitPlatformTestClassProcessor$CollectAllTestClassesExecutor.processAllTestClasses(JUnitPlatformTestClassProcessor.java:110)
	at org.gradle.api.internal.tasks.testing.junitplatform.JUnitPlatformTestClassProcessor$CollectAllTestClassesExecutor.access$000(JUnitPlatformTestClassProcessor.java:90)
	at org.gradle.api.internal.tasks.testing.junitplatform.JUnitPlatformTestClassProcessor.stop(JUnitPlatformTestClassProcessor.java:85)
	at org.gradle.api.internal.tasks.testing.SuiteTestClassProcessor.stop(SuiteTestClassProcessor.java:62)
	at java.base/jdk.internal.reflect.NativeMethodAccessorImpl.invoke0(Native Method)
	at java.base/jdk.internal.reflect.NativeMethodAccessorImpl.invoke(NativeMethodAccessorImpl.java:62)
	at java.base/jdk.internal.reflect.DelegatingMethodAccessorImpl.invoke(DelegatingMethodAccessorImpl.java:43)
	at java.base/java.lang.reflect.Method.invoke(Method.java:566)
	at org.gradle.internal.dispatch.ReflectionDispatch.dispatch(ReflectionDispatch.java:36)
	at org.gradle.internal.dispatch.ReflectionDispatch.dispatch(ReflectionDispatch.java:24)
	at org.gradle.internal.dispatch.ContextClassLoaderDispatch.dispatch(ContextClassLoaderDispatch.java:33)
	at org.gradle.internal.dispatch.ProxyDispatchAdapter$DispatchingInvocationHandler.invoke(ProxyDispatchAdapter.java:94)
	at com.sun.proxy.$Proxy5.stop(Unknown Source)
	at org.gradle.api.internal.tasks.testing.worker.TestWorker$3.run(TestWorker.java:193)
	at org.gradle.api.internal.tasks.testing.worker.TestWorker.executeAndMaintainThreadName(TestWorker.java:129)
	at org.gradle.api.internal.tasks.testing.worker.TestWorker.execute(TestWorker.java:100)
	at org.gradle.api.internal.tasks.testing.worker.TestWorker.execute(TestWorker.java:60)
	at org.gradle.process.internal.worker.child.ActionExecutionWorker.execute(ActionExecutionWorker.java:56)
	at org.gradle.process.internal.worker.child.SystemApplicationClassLoaderWorker.call(SystemApplicationClassLoaderWorker.java:113)
	at org.gradle.process.internal.worker.child.SystemApplicationClassLoaderWorker.call(SystemApplicationClassLoaderWorker.java:65)
	at worker.org.gradle.process.internal.worker.GradleWorkerMain.run(GradleWorkerMain.java:69)
	at worker.org.gradle.process.internal.worker.GradleWorkerMain.main(GradleWorkerMain.java:74)
Caused by: UnsolvedSymbolException{context='arg0', name='Solving arg0', cause='null'}
	at com.github.javaparser.symbolsolver.javaparsermodel.TypeExtractor.visit(TypeExtractor.java:335)
	at com.github.javaparser.symbolsolver.javaparsermodel.TypeExtractor.visit(TypeExtractor.java:65)
	at com.github.javaparser.ast.expr.NameExpr.accept(NameExpr.java:79)
	at com.github.javaparser.symbolsolver.javaparsermodel.JavaParserFacade.getTypeConcrete(JavaParserFacade.java:505)
	at com.github.javaparser.symbolsolver.javaparsermodel.JavaParserFacade.getType(JavaParserFacade.java:352)
	at com.github.javaparser.symbolsolver.javaparsermodel.JavaParserFacade.getType(JavaParserFacade.java:334)
	at com.github.javaparser.symbolsolver.JavaSymbolSolver.calculateType(JavaSymbolSolver.java:294)
	at com.github.javaparser.ast.expr.Expression.calculateResolvedType(Expression.java:573)
	at de.uka.ilkd.key.java.JP2KeYVisitor.visit(JP2KeYConverter.java:707)
	at de.uka.ilkd.key.java.JP2KeYVisitor.visit(JP2KeYConverter.java:90)
	at com.github.javaparser.ast.expr.NameExpr.accept(NameExpr.java:79)
	at de.uka.ilkd.key.java.JP2KeYVisitor.lambda$map$1(JP2KeYConverter.java:402)
	at java.base/java.util.stream.ReferencePipeline$3$1.accept(ReferencePipeline.java:195)
	at java.base/java.util.ArrayList$ArrayListSpliterator.forEachRemaining(ArrayList.java:1655)
	at java.base/java.util.stream.AbstractPipeline.copyInto(AbstractPipeline.java:484)
	at java.base/java.util.stream.AbstractPipeline.wrapAndCopyInto(AbstractPipeline.java:474)
	at java.base/java.util.stream.ReduceOps$ReduceOp.evaluateSequential(ReduceOps.java:913)
	at java.base/java.util.stream.AbstractPipeline.evaluate(AbstractPipeline.java:234)
	at java.base/java.util.stream.ReferencePipeline.collect(ReferencePipeline.java:578)
	at de.uka.ilkd.key.java.JP2KeYVisitor.map(JP2KeYConverter.java:403)
	at de.uka.ilkd.key.java.JP2KeYVisitor.visit(JP2KeYConverter.java:506)
	at de.uka.ilkd.key.java.JP2KeYVisitor.visit(JP2KeYConverter.java:90)
	at com.github.javaparser.ast.stmt.ExplicitConstructorInvocationStmt.accept(ExplicitConstructorInvocationStmt.java:96)
	at de.uka.ilkd.key.java.JP2KeYVisitor.lambda$map$1(JP2KeYConverter.java:402)
	at java.base/java.util.stream.ReferencePipeline$3$1.accept(ReferencePipeline.java:195)
	at java.base/java.util.ArrayList$ArrayListSpliterator.forEachRemaining(ArrayList.java:1655)
	at java.base/java.util.stream.AbstractPipeline.copyInto(AbstractPipeline.java:484)
	at java.base/java.util.stream.AbstractPipeline.wrapAndCopyInto(AbstractPipeline.java:474)
	at java.base/java.util.stream.ReduceOps$ReduceOp.evaluateSequential(ReduceOps.java:913)
	at java.base/java.util.stream.AbstractPipeline.evaluate(AbstractPipeline.java:234)
	at java.base/java.util.stream.ReferencePipeline.collect(ReferencePipeline.java:578)
	at de.uka.ilkd.key.java.JP2KeYVisitor.map(JP2KeYConverter.java:403)
	at de.uka.ilkd.key.java.JP2KeYVisitor.visit(JP2KeYConverter.java:258)
	at de.uka.ilkd.key.java.JP2KeYVisitor.visit(JP2KeYConverter.java:90)
	at com.github.javaparser.ast.stmt.BlockStmt.accept(BlockStmt.java:70)
	at de.uka.ilkd.key.java.JP2KeYVisitor.lambda$map$1(JP2KeYConverter.java:402)
	at java.base/java.util.stream.ReferencePipeline$3$1.accept(ReferencePipeline.java:195)
	at java.base/java.util.ArrayList$ArrayListSpliterator.forEachRemaining(ArrayList.java:1655)
	at java.base/java.util.stream.AbstractPipeline.copyInto(AbstractPipeline.java:484)
	at java.base/java.util.stream.AbstractPipeline.wrapAndCopyInto(AbstractPipeline.java:474)
	at java.base/java.util.stream.ReduceOps$ReduceOp.evaluateSequential(ReduceOps.java:913)
	at java.base/java.util.stream.AbstractPipeline.evaluate(AbstractPipeline.java:234)
	at java.base/java.util.stream.ReferencePipeline.collect(ReferencePipeline.java:578)
	at de.uka.ilkd.key.java.JP2KeYVisitor.map(JP2KeYConverter.java:403)
	at de.uka.ilkd.key.java.JP2KeYVisitor.visit(JP2KeYConverter.java:258)
	at de.uka.ilkd.key.java.JP2KeYVisitor.visit(JP2KeYConverter.java:90)
	at com.github.javaparser.ast.stmt.BlockStmt.accept(BlockStmt.java:70)
	at de.uka.ilkd.key.java.JP2KeYVisitor.accept(JP2KeYConverter.java:348)
	at de.uka.ilkd.key.java.JP2KeYVisitor.visit(JP2KeYConverter.java:946)
	at de.uka.ilkd.key.java.JP2KeYVisitor.visit(JP2KeYConverter.java:90)
	at com.github.javaparser.ast.stmt.TryStmt.accept(TryStmt.java:135)
	at de.uka.ilkd.key.java.JP2KeYVisitor.lambda$map$1(JP2KeYConverter.java:402)
	at java.base/java.util.stream.ReferencePipeline$3$1.accept(ReferencePipeline.java:195)
	at java.base/java.util.ArrayList$ArrayListSpliterator.forEachRemaining(ArrayList.java:1655)
	at java.base/java.util.stream.AbstractPipeline.copyInto(AbstractPipeline.java:484)
	at java.base/java.util.stream.AbstractPipeline.wrapAndCopyInto(AbstractPipeline.java:474)
	at java.base/java.util.stream.ReduceOps$ReduceOp.evaluateSequential(ReduceOps.java:913)
	at java.base/java.util.stream.AbstractPipeline.evaluate(AbstractPipeline.java:234)
	at java.base/java.util.stream.ReferencePipeline.collect(ReferencePipeline.java:578)
	at de.uka.ilkd.key.java.JP2KeYVisitor.map(JP2KeYConverter.java:403)
	at de.uka.ilkd.key.java.JP2KeYVisitor.visit(JP2KeYConverter.java:258)
	at de.uka.ilkd.key.java.JP2KeYVisitor.visit(JP2KeYConverter.java:90)
	at com.github.javaparser.ast.stmt.BlockStmt.accept(BlockStmt.java:70)
	at de.uka.ilkd.key.java.JP2KeYVisitor.accept(JP2KeYConverter.java:348)
	at de.uka.ilkd.key.java.JP2KeYVisitor.visit(JP2KeYConverter.java:609)
	at de.uka.ilkd.key.java.JP2KeYVisitor.visit(JP2KeYConverter.java:90)
	at com.github.javaparser.ast.stmt.IfStmt.accept(IfStmt.java:82)
	at de.uka.ilkd.key.java.JP2KeYVisitor.lambda$map$1(JP2KeYConverter.java:402)
	at java.base/java.util.stream.ReferencePipeline$3$1.accept(ReferencePipeline.java:195)
	at java.base/java.util.ArrayList$ArrayListSpliterator.forEachRemaining(ArrayList.java:1655)
	at java.base/java.util.stream.AbstractPipeline.copyInto(AbstractPipeline.java:484)
	at java.base/java.util.stream.AbstractPipeline.wrapAndCopyInto(AbstractPipeline.java:474)
	at java.base/java.util.stream.ReduceOps$ReduceOp.evaluateSequential(ReduceOps.java:913)
	at java.base/java.util.stream.AbstractPipeline.evaluate(AbstractPipeline.java:234)
	at java.base/java.util.stream.ReferencePipeline.collect(ReferencePipeline.java:578)
	at de.uka.ilkd.key.java.JP2KeYVisitor.map(JP2KeYConverter.java:403)
	at de.uka.ilkd.key.java.JP2KeYVisitor.visit(JP2KeYConverter.java:258)
	at de.uka.ilkd.key.java.JP2KeYVisitor.visit(JP2KeYConverter.java:90)
	at com.github.javaparser.ast.stmt.BlockStmt.accept(BlockStmt.java:70)
	at de.uka.ilkd.key.java.JP2KeYVisitor.accept(JP2KeYConverter.java:348)
	at de.uka.ilkd.key.java.JP2KeYVisitor.visit(JP2KeYConverter.java:609)
	at de.uka.ilkd.key.java.JP2KeYVisitor.visit(JP2KeYConverter.java:90)
	at com.github.javaparser.ast.stmt.IfStmt.accept(IfStmt.java:82)
	at de.uka.ilkd.key.java.JP2KeYVisitor.lambda$map$1(JP2KeYConverter.java:402)
	at java.base/java.util.stream.ReferencePipeline$3$1.accept(ReferencePipeline.java:195)
	at java.base/java.util.ArrayList$ArrayListSpliterator.forEachRemaining(ArrayList.java:1655)
	at java.base/java.util.stream.AbstractPipeline.copyInto(AbstractPipeline.java:484)
	at java.base/java.util.stream.AbstractPipeline.wrapAndCopyInto(AbstractPipeline.java:474)
	at java.base/java.util.stream.ReduceOps$ReduceOp.evaluateSequential(ReduceOps.java:913)
	at java.base/java.util.stream.AbstractPipeline.evaluate(AbstractPipeline.java:234)
	at java.base/java.util.stream.ReferencePipeline.collect(ReferencePipeline.java:578)
	at de.uka.ilkd.key.java.JP2KeYVisitor.map(JP2KeYConverter.java:403)
	at de.uka.ilkd.key.java.JP2KeYVisitor.visit(JP2KeYConverter.java:258)
	at de.uka.ilkd.key.java.JP2KeYVisitor.visit(JP2KeYConverter.java:90)
	at com.github.javaparser.ast.stmt.BlockStmt.accept(BlockStmt.java:70)
	at de.uka.ilkd.key.java.JP2KeYVisitor.accept(JP2KeYConverter.java:348)
	at de.uka.ilkd.key.java.JP2KeYVisitor.accepto(JP2KeYConverter.java:418)
	at de.uka.ilkd.key.java.JP2KeYVisitor.visit(JP2KeYConverter.java:688)
	at de.uka.ilkd.key.java.JP2KeYVisitor.visit(JP2KeYConverter.java:90)
	at com.github.javaparser.ast.body.MethodDeclaration.accept(MethodDeclaration.java:98)
	at de.uka.ilkd.key.java.JP2KeYVisitor.lambda$map$1(JP2KeYConverter.java:402)
	at java.base/java.util.stream.ReferencePipeline$3$1.accept(ReferencePipeline.java:195)
	at java.base/java.util.ArrayList$ArrayListSpliterator.forEachRemaining(ArrayList.java:1655)
	at java.base/java.util.stream.AbstractPipeline.copyInto(AbstractPipeline.java:484)
	at java.base/java.util.stream.AbstractPipeline.wrapAndCopyInto(AbstractPipeline.java:474)
	at java.base/java.util.stream.ReduceOps$ReduceOp.evaluateSequential(ReduceOps.java:913)
	at java.base/java.util.stream.AbstractPipeline.evaluate(AbstractPipeline.java:234)
	at java.base/java.util.stream.ReferencePipeline.collect(ReferencePipeline.java:578)
	at de.uka.ilkd.key.java.JP2KeYVisitor.map(JP2KeYConverter.java:403)
	at de.uka.ilkd.key.java.JP2KeYVisitor.visit(JP2KeYConverter.java:310)
	at de.uka.ilkd.key.java.JP2KeYVisitor.visit(JP2KeYConverter.java:90)
	at com.github.javaparser.ast.body.ClassOrInterfaceDeclaration.accept(ClassOrInterfaceDeclaration.java:95)
	at de.uka.ilkd.key.java.JP2KeYVisitor.lambda$map$1(JP2KeYConverter.java:402)
	at java.base/java.util.stream.ReferencePipeline$3$1.accept(ReferencePipeline.java:195)
	at java.base/java.util.ArrayList$ArrayListSpliterator.forEachRemaining(ArrayList.java:1655)
	at java.base/java.util.stream.AbstractPipeline.copyInto(AbstractPipeline.java:484)
	at java.base/java.util.stream.AbstractPipeline.wrapAndCopyInto(AbstractPipeline.java:474)
	at java.base/java.util.stream.ReduceOps$ReduceOp.evaluateSequential(ReduceOps.java:913)
	at java.base/java.util.stream.AbstractPipeline.evaluate(AbstractPipeline.java:234)
	at java.base/java.util.stream.ReferencePipeline.collect(ReferencePipeline.java:578)
	at de.uka.ilkd.key.java.JP2KeYVisitor.map(JP2KeYConverter.java:403)
	at de.uka.ilkd.key.java.JP2KeYVisitor.visit(JP2KeYConverter.java:393)
	at de.uka.ilkd.key.java.JP2KeYVisitor.visit(JP2KeYConverter.java:90)
	at com.github.javaparser.ast.CompilationUnit.accept(CompilationUnit.java:124)
	at de.uka.ilkd.key.java.JP2KeYConverter.process(JP2KeYConverter.java:84)
	at de.uka.ilkd.key.java.JP2KeYConverter.processCompilationUnit(JP2KeYConverter.java:80)
	at de.uka.ilkd.key.java.JavaService.parseLibraryClasses0(JavaService.java:536)
	at de.uka.ilkd.key.java.JavaService.parseSpecialClasses(JavaService.java:511)
	at de.uka.ilkd.key.proof.init.ProblemInitializer.readJava(ProblemInitializer.java:280)
	at de.uka.ilkd.key.proof.init.ProblemInitializer.prepare(ProblemInitializer.java:529)
	at de.uka.ilkd.key.proof.init.ProblemInitializer.prepare(ProblemInitializer.java:471)
	at de.uka.ilkd.key.rule.TacletForTests.parse(TacletForTests.java:80)
	... 89 more
</failure>
  </testcase>
  <testcase name="test3()" classname="de.uka.ilkd.key.parser.TestTermParser" time="0.001">
    <failure message="java.lang.RuntimeException: Exception occurred while parsing src\test\resources\testcase\testrules.key" type="java.lang.RuntimeException">java.lang.RuntimeException: Exception occurred while parsing src\test\resources\testcase\testrules.key
	at de.uka.ilkd.key.rule.TacletForTests.parse(TacletForTests.java:89)
	at de.uka.ilkd.key.rule.TacletForTests.parse(TacletForTests.java:125)
	at de.uka.ilkd.key.rule.TacletForTests.parse(TacletForTests.java:129)
	at de.uka.ilkd.key.rule.TacletForTests.services(TacletForTests.java:102)
	at de.uka.ilkd.key.parser.TestTermParser.getServices(TestTermParser.java:42)
	at de.uka.ilkd.key.parser.AbstractTestTermParser.&lt;init&gt;(AbstractTestTermParser.java:35)
	at de.uka.ilkd.key.parser.TestTermParser.&lt;init&gt;(TestTermParser.java:34)
	at jdk.internal.reflect.GeneratedConstructorAccessor17.newInstance(Unknown Source)
	at java.base/jdk.internal.reflect.DelegatingConstructorAccessorImpl.newInstance(DelegatingConstructorAccessorImpl.java:45)
	at java.base/java.lang.reflect.Constructor.newInstance(Constructor.java:490)
	at org.junit.platform.commons.util.ReflectionUtils.newInstance(ReflectionUtils.java:552)
	at org.junit.jupiter.engine.execution.ConstructorInvocation.proceed(ConstructorInvocation.java:56)
	at org.junit.jupiter.engine.execution.InvocationInterceptorChain$ValidatingInvocation.proceed(InvocationInterceptorChain.java:131)
	at org.junit.jupiter.api.extension.InvocationInterceptor.interceptTestClassConstructor(InvocationInterceptor.java:73)
	at org.junit.jupiter.engine.execution.InterceptingExecutableInvoker.lambda$invoke$0(InterceptingExecutableInvoker.java:93)
	at org.junit.jupiter.engine.execution.InvocationInterceptorChain$InterceptedInvocation.proceed(InvocationInterceptorChain.java:106)
	at org.junit.jupiter.engine.execution.InvocationInterceptorChain.proceed(InvocationInterceptorChain.java:64)
	at org.junit.jupiter.engine.execution.InvocationInterceptorChain.chainAndInvoke(InvocationInterceptorChain.java:45)
	at org.junit.jupiter.engine.execution.InvocationInterceptorChain.invoke(InvocationInterceptorChain.java:37)
	at org.junit.jupiter.engine.execution.InterceptingExecutableInvoker.invoke(InterceptingExecutableInvoker.java:92)
	at org.junit.jupiter.engine.execution.InterceptingExecutableInvoker.invoke(InterceptingExecutableInvoker.java:62)
	at org.junit.jupiter.engine.descriptor.ClassBasedTestDescriptor.invokeTestClassConstructor(ClassBasedTestDescriptor.java:363)
	at org.junit.jupiter.engine.descriptor.ClassBasedTestDescriptor.instantiateTestClass(ClassBasedTestDescriptor.java:310)
	at org.junit.jupiter.engine.descriptor.ClassTestDescriptor.instantiateTestClass(ClassTestDescriptor.java:79)
	at org.junit.jupiter.engine.descriptor.ClassBasedTestDescriptor.instantiateAndPostProcessTestInstance(ClassBasedTestDescriptor.java:286)
	at org.junit.jupiter.engine.descriptor.ClassBasedTestDescriptor.lambda$testInstancesProvider$4(ClassBasedTestDescriptor.java:278)
	at java.base/java.util.Optional.orElseGet(Optional.java:369)
	at org.junit.jupiter.engine.descriptor.ClassBasedTestDescriptor.lambda$testInstancesProvider$5(ClassBasedTestDescriptor.java:277)
	at org.junit.jupiter.engine.execution.TestInstancesProvider.getTestInstances(TestInstancesProvider.java:31)
	at org.junit.jupiter.engine.descriptor.TestMethodTestDescriptor.lambda$prepare$0(TestMethodTestDescriptor.java:105)
	at org.junit.platform.engine.support.hierarchical.ThrowableCollector.execute(ThrowableCollector.java:73)
	at org.junit.jupiter.engine.descriptor.TestMethodTestDescriptor.prepare(TestMethodTestDescriptor.java:104)
	at org.junit.jupiter.engine.descriptor.TestMethodTestDescriptor.prepare(TestMethodTestDescriptor.java:68)
	at org.junit.platform.engine.support.hierarchical.NodeTestTask.lambda$prepare$2(NodeTestTask.java:123)
	at org.junit.platform.engine.support.hierarchical.ThrowableCollector.execute(ThrowableCollector.java:73)
	at org.junit.platform.engine.support.hierarchical.NodeTestTask.prepare(NodeTestTask.java:123)
	at org.junit.platform.engine.support.hierarchical.NodeTestTask.execute(NodeTestTask.java:90)
	at java.base/java.util.ArrayList.forEach(ArrayList.java:1541)
	at org.junit.platform.engine.support.hierarchical.SameThreadHierarchicalTestExecutorService.invokeAll(SameThreadHierarchicalTestExecutorService.java:41)
	at org.junit.platform.engine.support.hierarchical.NodeTestTask.lambda$executeRecursively$6(NodeTestTask.java:155)
	at org.junit.platform.engine.support.hierarchical.ThrowableCollector.execute(ThrowableCollector.java:73)
	at org.junit.platform.engine.support.hierarchical.NodeTestTask.lambda$executeRecursively$8(NodeTestTask.java:141)
	at org.junit.platform.engine.support.hierarchical.Node.around(Node.java:137)
	at org.junit.platform.engine.support.hierarchical.NodeTestTask.lambda$executeRecursively$9(NodeTestTask.java:139)
	at org.junit.platform.engine.support.hierarchical.ThrowableCollector.execute(ThrowableCollector.java:73)
	at org.junit.platform.engine.support.hierarchical.NodeTestTask.executeRecursively(NodeTestTask.java:138)
	at org.junit.platform.engine.support.hierarchical.NodeTestTask.execute(NodeTestTask.java:95)
	at java.base/java.util.ArrayList.forEach(ArrayList.java:1541)
	at org.junit.platform.engine.support.hierarchical.SameThreadHierarchicalTestExecutorService.invokeAll(SameThreadHierarchicalTestExecutorService.java:41)
	at org.junit.platform.engine.support.hierarchical.NodeTestTask.lambda$executeRecursively$6(NodeTestTask.java:155)
	at org.junit.platform.engine.support.hierarchical.ThrowableCollector.execute(ThrowableCollector.java:73)
	at org.junit.platform.engine.support.hierarchical.NodeTestTask.lambda$executeRecursively$8(NodeTestTask.java:141)
	at org.junit.platform.engine.support.hierarchical.Node.around(Node.java:137)
	at org.junit.platform.engine.support.hierarchical.NodeTestTask.lambda$executeRecursively$9(NodeTestTask.java:139)
	at org.junit.platform.engine.support.hierarchical.ThrowableCollector.execute(ThrowableCollector.java:73)
	at org.junit.platform.engine.support.hierarchical.NodeTestTask.executeRecursively(NodeTestTask.java:138)
	at org.junit.platform.engine.support.hierarchical.NodeTestTask.execute(NodeTestTask.java:95)
	at org.junit.platform.engine.support.hierarchical.SameThreadHierarchicalTestExecutorService.submit(SameThreadHierarchicalTestExecutorService.java:35)
	at org.junit.platform.engine.support.hierarchical.HierarchicalTestExecutor.execute(HierarchicalTestExecutor.java:57)
	at org.junit.platform.engine.support.hierarchical.HierarchicalTestEngine.execute(HierarchicalTestEngine.java:54)
	at org.junit.platform.launcher.core.EngineExecutionOrchestrator.execute(EngineExecutionOrchestrator.java:107)
	at org.junit.platform.launcher.core.EngineExecutionOrchestrator.execute(EngineExecutionOrchestrator.java:88)
	at org.junit.platform.launcher.core.EngineExecutionOrchestrator.lambda$execute$0(EngineExecutionOrchestrator.java:54)
	at org.junit.platform.launcher.core.EngineExecutionOrchestrator.withInterceptedStreams(EngineExecutionOrchestrator.java:67)
	at org.junit.platform.launcher.core.EngineExecutionOrchestrator.execute(EngineExecutionOrchestrator.java:52)
	at org.junit.platform.launcher.core.DefaultLauncher.execute(DefaultLauncher.java:114)
	at org.junit.platform.launcher.core.DefaultLauncher.execute(DefaultLauncher.java:86)
	at org.junit.platform.launcher.core.DefaultLauncherSession$DelegatingLauncher.execute(DefaultLauncherSession.java:86)
	at org.gradle.api.internal.tasks.testing.junitplatform.JUnitPlatformTestClassProcessor$CollectAllTestClassesExecutor.processAllTestClasses(JUnitPlatformTestClassProcessor.java:110)
	at org.gradle.api.internal.tasks.testing.junitplatform.JUnitPlatformTestClassProcessor$CollectAllTestClassesExecutor.access$000(JUnitPlatformTestClassProcessor.java:90)
	at org.gradle.api.internal.tasks.testing.junitplatform.JUnitPlatformTestClassProcessor.stop(JUnitPlatformTestClassProcessor.java:85)
	at org.gradle.api.internal.tasks.testing.SuiteTestClassProcessor.stop(SuiteTestClassProcessor.java:62)
	at java.base/jdk.internal.reflect.NativeMethodAccessorImpl.invoke0(Native Method)
	at java.base/jdk.internal.reflect.NativeMethodAccessorImpl.invoke(NativeMethodAccessorImpl.java:62)
	at java.base/jdk.internal.reflect.DelegatingMethodAccessorImpl.invoke(DelegatingMethodAccessorImpl.java:43)
	at java.base/java.lang.reflect.Method.invoke(Method.java:566)
	at org.gradle.internal.dispatch.ReflectionDispatch.dispatch(ReflectionDispatch.java:36)
	at org.gradle.internal.dispatch.ReflectionDispatch.dispatch(ReflectionDispatch.java:24)
	at org.gradle.internal.dispatch.ContextClassLoaderDispatch.dispatch(ContextClassLoaderDispatch.java:33)
	at org.gradle.internal.dispatch.ProxyDispatchAdapter$DispatchingInvocationHandler.invoke(ProxyDispatchAdapter.java:94)
	at com.sun.proxy.$Proxy5.stop(Unknown Source)
	at org.gradle.api.internal.tasks.testing.worker.TestWorker$3.run(TestWorker.java:193)
	at org.gradle.api.internal.tasks.testing.worker.TestWorker.executeAndMaintainThreadName(TestWorker.java:129)
	at org.gradle.api.internal.tasks.testing.worker.TestWorker.execute(TestWorker.java:100)
	at org.gradle.api.internal.tasks.testing.worker.TestWorker.execute(TestWorker.java:60)
	at org.gradle.process.internal.worker.child.ActionExecutionWorker.execute(ActionExecutionWorker.java:56)
	at org.gradle.process.internal.worker.child.SystemApplicationClassLoaderWorker.call(SystemApplicationClassLoaderWorker.java:113)
	at org.gradle.process.internal.worker.child.SystemApplicationClassLoaderWorker.call(SystemApplicationClassLoaderWorker.java:65)
	at worker.org.gradle.process.internal.worker.GradleWorkerMain.run(GradleWorkerMain.java:69)
	at worker.org.gradle.process.internal.worker.GradleWorkerMain.main(GradleWorkerMain.java:74)
Caused by: UnsolvedSymbolException{context='arg0', name='Solving arg0', cause='null'}
	at com.github.javaparser.symbolsolver.javaparsermodel.TypeExtractor.visit(TypeExtractor.java:335)
	at com.github.javaparser.symbolsolver.javaparsermodel.TypeExtractor.visit(TypeExtractor.java:65)
	at com.github.javaparser.ast.expr.NameExpr.accept(NameExpr.java:79)
	at com.github.javaparser.symbolsolver.javaparsermodel.JavaParserFacade.getTypeConcrete(JavaParserFacade.java:505)
	at com.github.javaparser.symbolsolver.javaparsermodel.JavaParserFacade.getType(JavaParserFacade.java:352)
	at com.github.javaparser.symbolsolver.javaparsermodel.JavaParserFacade.getType(JavaParserFacade.java:334)
	at com.github.javaparser.symbolsolver.JavaSymbolSolver.calculateType(JavaSymbolSolver.java:294)
	at com.github.javaparser.ast.expr.Expression.calculateResolvedType(Expression.java:573)
	at de.uka.ilkd.key.java.JP2KeYVisitor.visit(JP2KeYConverter.java:707)
	at de.uka.ilkd.key.java.JP2KeYVisitor.visit(JP2KeYConverter.java:90)
	at com.github.javaparser.ast.expr.NameExpr.accept(NameExpr.java:79)
	at de.uka.ilkd.key.java.JP2KeYVisitor.lambda$map$1(JP2KeYConverter.java:402)
	at java.base/java.util.stream.ReferencePipeline$3$1.accept(ReferencePipeline.java:195)
	at java.base/java.util.ArrayList$ArrayListSpliterator.forEachRemaining(ArrayList.java:1655)
	at java.base/java.util.stream.AbstractPipeline.copyInto(AbstractPipeline.java:484)
	at java.base/java.util.stream.AbstractPipeline.wrapAndCopyInto(AbstractPipeline.java:474)
	at java.base/java.util.stream.ReduceOps$ReduceOp.evaluateSequential(ReduceOps.java:913)
	at java.base/java.util.stream.AbstractPipeline.evaluate(AbstractPipeline.java:234)
	at java.base/java.util.stream.ReferencePipeline.collect(ReferencePipeline.java:578)
	at de.uka.ilkd.key.java.JP2KeYVisitor.map(JP2KeYConverter.java:403)
	at de.uka.ilkd.key.java.JP2KeYVisitor.visit(JP2KeYConverter.java:506)
	at de.uka.ilkd.key.java.JP2KeYVisitor.visit(JP2KeYConverter.java:90)
	at com.github.javaparser.ast.stmt.ExplicitConstructorInvocationStmt.accept(ExplicitConstructorInvocationStmt.java:96)
	at de.uka.ilkd.key.java.JP2KeYVisitor.lambda$map$1(JP2KeYConverter.java:402)
	at java.base/java.util.stream.ReferencePipeline$3$1.accept(ReferencePipeline.java:195)
	at java.base/java.util.ArrayList$ArrayListSpliterator.forEachRemaining(ArrayList.java:1655)
	at java.base/java.util.stream.AbstractPipeline.copyInto(AbstractPipeline.java:484)
	at java.base/java.util.stream.AbstractPipeline.wrapAndCopyInto(AbstractPipeline.java:474)
	at java.base/java.util.stream.ReduceOps$ReduceOp.evaluateSequential(ReduceOps.java:913)
	at java.base/java.util.stream.AbstractPipeline.evaluate(AbstractPipeline.java:234)
	at java.base/java.util.stream.ReferencePipeline.collect(ReferencePipeline.java:578)
	at de.uka.ilkd.key.java.JP2KeYVisitor.map(JP2KeYConverter.java:403)
	at de.uka.ilkd.key.java.JP2KeYVisitor.visit(JP2KeYConverter.java:258)
	at de.uka.ilkd.key.java.JP2KeYVisitor.visit(JP2KeYConverter.java:90)
	at com.github.javaparser.ast.stmt.BlockStmt.accept(BlockStmt.java:70)
	at de.uka.ilkd.key.java.JP2KeYVisitor.lambda$map$1(JP2KeYConverter.java:402)
	at java.base/java.util.stream.ReferencePipeline$3$1.accept(ReferencePipeline.java:195)
	at java.base/java.util.ArrayList$ArrayListSpliterator.forEachRemaining(ArrayList.java:1655)
	at java.base/java.util.stream.AbstractPipeline.copyInto(AbstractPipeline.java:484)
	at java.base/java.util.stream.AbstractPipeline.wrapAndCopyInto(AbstractPipeline.java:474)
	at java.base/java.util.stream.ReduceOps$ReduceOp.evaluateSequential(ReduceOps.java:913)
	at java.base/java.util.stream.AbstractPipeline.evaluate(AbstractPipeline.java:234)
	at java.base/java.util.stream.ReferencePipeline.collect(ReferencePipeline.java:578)
	at de.uka.ilkd.key.java.JP2KeYVisitor.map(JP2KeYConverter.java:403)
	at de.uka.ilkd.key.java.JP2KeYVisitor.visit(JP2KeYConverter.java:258)
	at de.uka.ilkd.key.java.JP2KeYVisitor.visit(JP2KeYConverter.java:90)
	at com.github.javaparser.ast.stmt.BlockStmt.accept(BlockStmt.java:70)
	at de.uka.ilkd.key.java.JP2KeYVisitor.accept(JP2KeYConverter.java:348)
	at de.uka.ilkd.key.java.JP2KeYVisitor.visit(JP2KeYConverter.java:946)
	at de.uka.ilkd.key.java.JP2KeYVisitor.visit(JP2KeYConverter.java:90)
	at com.github.javaparser.ast.stmt.TryStmt.accept(TryStmt.java:135)
	at de.uka.ilkd.key.java.JP2KeYVisitor.lambda$map$1(JP2KeYConverter.java:402)
	at java.base/java.util.stream.ReferencePipeline$3$1.accept(ReferencePipeline.java:195)
	at java.base/java.util.ArrayList$ArrayListSpliterator.forEachRemaining(ArrayList.java:1655)
	at java.base/java.util.stream.AbstractPipeline.copyInto(AbstractPipeline.java:484)
	at java.base/java.util.stream.AbstractPipeline.wrapAndCopyInto(AbstractPipeline.java:474)
	at java.base/java.util.stream.ReduceOps$ReduceOp.evaluateSequential(ReduceOps.java:913)
	at java.base/java.util.stream.AbstractPipeline.evaluate(AbstractPipeline.java:234)
	at java.base/java.util.stream.ReferencePipeline.collect(ReferencePipeline.java:578)
	at de.uka.ilkd.key.java.JP2KeYVisitor.map(JP2KeYConverter.java:403)
	at de.uka.ilkd.key.java.JP2KeYVisitor.visit(JP2KeYConverter.java:258)
	at de.uka.ilkd.key.java.JP2KeYVisitor.visit(JP2KeYConverter.java:90)
	at com.github.javaparser.ast.stmt.BlockStmt.accept(BlockStmt.java:70)
	at de.uka.ilkd.key.java.JP2KeYVisitor.accept(JP2KeYConverter.java:348)
	at de.uka.ilkd.key.java.JP2KeYVisitor.visit(JP2KeYConverter.java:609)
	at de.uka.ilkd.key.java.JP2KeYVisitor.visit(JP2KeYConverter.java:90)
	at com.github.javaparser.ast.stmt.IfStmt.accept(IfStmt.java:82)
	at de.uka.ilkd.key.java.JP2KeYVisitor.lambda$map$1(JP2KeYConverter.java:402)
	at java.base/java.util.stream.ReferencePipeline$3$1.accept(ReferencePipeline.java:195)
	at java.base/java.util.ArrayList$ArrayListSpliterator.forEachRemaining(ArrayList.java:1655)
	at java.base/java.util.stream.AbstractPipeline.copyInto(AbstractPipeline.java:484)
	at java.base/java.util.stream.AbstractPipeline.wrapAndCopyInto(AbstractPipeline.java:474)
	at java.base/java.util.stream.ReduceOps$ReduceOp.evaluateSequential(ReduceOps.java:913)
	at java.base/java.util.stream.AbstractPipeline.evaluate(AbstractPipeline.java:234)
	at java.base/java.util.stream.ReferencePipeline.collect(ReferencePipeline.java:578)
	at de.uka.ilkd.key.java.JP2KeYVisitor.map(JP2KeYConverter.java:403)
	at de.uka.ilkd.key.java.JP2KeYVisitor.visit(JP2KeYConverter.java:258)
	at de.uka.ilkd.key.java.JP2KeYVisitor.visit(JP2KeYConverter.java:90)
	at com.github.javaparser.ast.stmt.BlockStmt.accept(BlockStmt.java:70)
	at de.uka.ilkd.key.java.JP2KeYVisitor.accept(JP2KeYConverter.java:348)
	at de.uka.ilkd.key.java.JP2KeYVisitor.visit(JP2KeYConverter.java:609)
	at de.uka.ilkd.key.java.JP2KeYVisitor.visit(JP2KeYConverter.java:90)
	at com.github.javaparser.ast.stmt.IfStmt.accept(IfStmt.java:82)
	at de.uka.ilkd.key.java.JP2KeYVisitor.lambda$map$1(JP2KeYConverter.java:402)
	at java.base/java.util.stream.ReferencePipeline$3$1.accept(ReferencePipeline.java:195)
	at java.base/java.util.ArrayList$ArrayListSpliterator.forEachRemaining(ArrayList.java:1655)
	at java.base/java.util.stream.AbstractPipeline.copyInto(AbstractPipeline.java:484)
	at java.base/java.util.stream.AbstractPipeline.wrapAndCopyInto(AbstractPipeline.java:474)
	at java.base/java.util.stream.ReduceOps$ReduceOp.evaluateSequential(ReduceOps.java:913)
	at java.base/java.util.stream.AbstractPipeline.evaluate(AbstractPipeline.java:234)
	at java.base/java.util.stream.ReferencePipeline.collect(ReferencePipeline.java:578)
	at de.uka.ilkd.key.java.JP2KeYVisitor.map(JP2KeYConverter.java:403)
	at de.uka.ilkd.key.java.JP2KeYVisitor.visit(JP2KeYConverter.java:258)
	at de.uka.ilkd.key.java.JP2KeYVisitor.visit(JP2KeYConverter.java:90)
	at com.github.javaparser.ast.stmt.BlockStmt.accept(BlockStmt.java:70)
	at de.uka.ilkd.key.java.JP2KeYVisitor.accept(JP2KeYConverter.java:348)
	at de.uka.ilkd.key.java.JP2KeYVisitor.accepto(JP2KeYConverter.java:418)
	at de.uka.ilkd.key.java.JP2KeYVisitor.visit(JP2KeYConverter.java:688)
	at de.uka.ilkd.key.java.JP2KeYVisitor.visit(JP2KeYConverter.java:90)
	at com.github.javaparser.ast.body.MethodDeclaration.accept(MethodDeclaration.java:98)
	at de.uka.ilkd.key.java.JP2KeYVisitor.lambda$map$1(JP2KeYConverter.java:402)
	at java.base/java.util.stream.ReferencePipeline$3$1.accept(ReferencePipeline.java:195)
	at java.base/java.util.ArrayList$ArrayListSpliterator.forEachRemaining(ArrayList.java:1655)
	at java.base/java.util.stream.AbstractPipeline.copyInto(AbstractPipeline.java:484)
	at java.base/java.util.stream.AbstractPipeline.wrapAndCopyInto(AbstractPipeline.java:474)
	at java.base/java.util.stream.ReduceOps$ReduceOp.evaluateSequential(ReduceOps.java:913)
	at java.base/java.util.stream.AbstractPipeline.evaluate(AbstractPipeline.java:234)
	at java.base/java.util.stream.ReferencePipeline.collect(ReferencePipeline.java:578)
	at de.uka.ilkd.key.java.JP2KeYVisitor.map(JP2KeYConverter.java:403)
	at de.uka.ilkd.key.java.JP2KeYVisitor.visit(JP2KeYConverter.java:310)
	at de.uka.ilkd.key.java.JP2KeYVisitor.visit(JP2KeYConverter.java:90)
	at com.github.javaparser.ast.body.ClassOrInterfaceDeclaration.accept(ClassOrInterfaceDeclaration.java:95)
	at de.uka.ilkd.key.java.JP2KeYVisitor.lambda$map$1(JP2KeYConverter.java:402)
	at java.base/java.util.stream.ReferencePipeline$3$1.accept(ReferencePipeline.java:195)
	at java.base/java.util.ArrayList$ArrayListSpliterator.forEachRemaining(ArrayList.java:1655)
	at java.base/java.util.stream.AbstractPipeline.copyInto(AbstractPipeline.java:484)
	at java.base/java.util.stream.AbstractPipeline.wrapAndCopyInto(AbstractPipeline.java:474)
	at java.base/java.util.stream.ReduceOps$ReduceOp.evaluateSequential(ReduceOps.java:913)
	at java.base/java.util.stream.AbstractPipeline.evaluate(AbstractPipeline.java:234)
	at java.base/java.util.stream.ReferencePipeline.collect(ReferencePipeline.java:578)
	at de.uka.ilkd.key.java.JP2KeYVisitor.map(JP2KeYConverter.java:403)
	at de.uka.ilkd.key.java.JP2KeYVisitor.visit(JP2KeYConverter.java:393)
	at de.uka.ilkd.key.java.JP2KeYVisitor.visit(JP2KeYConverter.java:90)
	at com.github.javaparser.ast.CompilationUnit.accept(CompilationUnit.java:124)
	at de.uka.ilkd.key.java.JP2KeYConverter.process(JP2KeYConverter.java:84)
	at de.uka.ilkd.key.java.JP2KeYConverter.processCompilationUnit(JP2KeYConverter.java:80)
	at de.uka.ilkd.key.java.JavaService.parseLibraryClasses0(JavaService.java:536)
	at de.uka.ilkd.key.java.JavaService.parseSpecialClasses(JavaService.java:511)
	at de.uka.ilkd.key.proof.init.ProblemInitializer.readJava(ProblemInitializer.java:280)
	at de.uka.ilkd.key.proof.init.ProblemInitializer.prepare(ProblemInitializer.java:529)
	at de.uka.ilkd.key.proof.init.ProblemInitializer.prepare(ProblemInitializer.java:471)
	at de.uka.ilkd.key.rule.TacletForTests.parse(TacletForTests.java:80)
	... 89 more
</failure>
  </testcase>
  <testcase name="test5()" classname="de.uka.ilkd.key.parser.TestTermParser" time="0.0">
    <failure message="java.lang.RuntimeException: Exception occurred while parsing src\test\resources\testcase\testrules.key" type="java.lang.RuntimeException">java.lang.RuntimeException: Exception occurred while parsing src\test\resources\testcase\testrules.key
	at de.uka.ilkd.key.rule.TacletForTests.parse(TacletForTests.java:89)
	at de.uka.ilkd.key.rule.TacletForTests.parse(TacletForTests.java:125)
	at de.uka.ilkd.key.rule.TacletForTests.parse(TacletForTests.java:129)
	at de.uka.ilkd.key.rule.TacletForTests.services(TacletForTests.java:102)
	at de.uka.ilkd.key.parser.TestTermParser.getServices(TestTermParser.java:42)
	at de.uka.ilkd.key.parser.AbstractTestTermParser.&lt;init&gt;(AbstractTestTermParser.java:35)
	at de.uka.ilkd.key.parser.TestTermParser.&lt;init&gt;(TestTermParser.java:34)
	at jdk.internal.reflect.GeneratedConstructorAccessor17.newInstance(Unknown Source)
	at java.base/jdk.internal.reflect.DelegatingConstructorAccessorImpl.newInstance(DelegatingConstructorAccessorImpl.java:45)
	at java.base/java.lang.reflect.Constructor.newInstance(Constructor.java:490)
	at org.junit.platform.commons.util.ReflectionUtils.newInstance(ReflectionUtils.java:552)
	at org.junit.jupiter.engine.execution.ConstructorInvocation.proceed(ConstructorInvocation.java:56)
	at org.junit.jupiter.engine.execution.InvocationInterceptorChain$ValidatingInvocation.proceed(InvocationInterceptorChain.java:131)
	at org.junit.jupiter.api.extension.InvocationInterceptor.interceptTestClassConstructor(InvocationInterceptor.java:73)
	at org.junit.jupiter.engine.execution.InterceptingExecutableInvoker.lambda$invoke$0(InterceptingExecutableInvoker.java:93)
	at org.junit.jupiter.engine.execution.InvocationInterceptorChain$InterceptedInvocation.proceed(InvocationInterceptorChain.java:106)
	at org.junit.jupiter.engine.execution.InvocationInterceptorChain.proceed(InvocationInterceptorChain.java:64)
	at org.junit.jupiter.engine.execution.InvocationInterceptorChain.chainAndInvoke(InvocationInterceptorChain.java:45)
	at org.junit.jupiter.engine.execution.InvocationInterceptorChain.invoke(InvocationInterceptorChain.java:37)
	at org.junit.jupiter.engine.execution.InterceptingExecutableInvoker.invoke(InterceptingExecutableInvoker.java:92)
	at org.junit.jupiter.engine.execution.InterceptingExecutableInvoker.invoke(InterceptingExecutableInvoker.java:62)
	at org.junit.jupiter.engine.descriptor.ClassBasedTestDescriptor.invokeTestClassConstructor(ClassBasedTestDescriptor.java:363)
	at org.junit.jupiter.engine.descriptor.ClassBasedTestDescriptor.instantiateTestClass(ClassBasedTestDescriptor.java:310)
	at org.junit.jupiter.engine.descriptor.ClassTestDescriptor.instantiateTestClass(ClassTestDescriptor.java:79)
	at org.junit.jupiter.engine.descriptor.ClassBasedTestDescriptor.instantiateAndPostProcessTestInstance(ClassBasedTestDescriptor.java:286)
	at org.junit.jupiter.engine.descriptor.ClassBasedTestDescriptor.lambda$testInstancesProvider$4(ClassBasedTestDescriptor.java:278)
	at java.base/java.util.Optional.orElseGet(Optional.java:369)
	at org.junit.jupiter.engine.descriptor.ClassBasedTestDescriptor.lambda$testInstancesProvider$5(ClassBasedTestDescriptor.java:277)
	at org.junit.jupiter.engine.execution.TestInstancesProvider.getTestInstances(TestInstancesProvider.java:31)
	at org.junit.jupiter.engine.descriptor.TestMethodTestDescriptor.lambda$prepare$0(TestMethodTestDescriptor.java:105)
	at org.junit.platform.engine.support.hierarchical.ThrowableCollector.execute(ThrowableCollector.java:73)
	at org.junit.jupiter.engine.descriptor.TestMethodTestDescriptor.prepare(TestMethodTestDescriptor.java:104)
	at org.junit.jupiter.engine.descriptor.TestMethodTestDescriptor.prepare(TestMethodTestDescriptor.java:68)
	at org.junit.platform.engine.support.hierarchical.NodeTestTask.lambda$prepare$2(NodeTestTask.java:123)
	at org.junit.platform.engine.support.hierarchical.ThrowableCollector.execute(ThrowableCollector.java:73)
	at org.junit.platform.engine.support.hierarchical.NodeTestTask.prepare(NodeTestTask.java:123)
	at org.junit.platform.engine.support.hierarchical.NodeTestTask.execute(NodeTestTask.java:90)
	at java.base/java.util.ArrayList.forEach(ArrayList.java:1541)
	at org.junit.platform.engine.support.hierarchical.SameThreadHierarchicalTestExecutorService.invokeAll(SameThreadHierarchicalTestExecutorService.java:41)
	at org.junit.platform.engine.support.hierarchical.NodeTestTask.lambda$executeRecursively$6(NodeTestTask.java:155)
	at org.junit.platform.engine.support.hierarchical.ThrowableCollector.execute(ThrowableCollector.java:73)
	at org.junit.platform.engine.support.hierarchical.NodeTestTask.lambda$executeRecursively$8(NodeTestTask.java:141)
	at org.junit.platform.engine.support.hierarchical.Node.around(Node.java:137)
	at org.junit.platform.engine.support.hierarchical.NodeTestTask.lambda$executeRecursively$9(NodeTestTask.java:139)
	at org.junit.platform.engine.support.hierarchical.ThrowableCollector.execute(ThrowableCollector.java:73)
	at org.junit.platform.engine.support.hierarchical.NodeTestTask.executeRecursively(NodeTestTask.java:138)
	at org.junit.platform.engine.support.hierarchical.NodeTestTask.execute(NodeTestTask.java:95)
	at java.base/java.util.ArrayList.forEach(ArrayList.java:1541)
	at org.junit.platform.engine.support.hierarchical.SameThreadHierarchicalTestExecutorService.invokeAll(SameThreadHierarchicalTestExecutorService.java:41)
	at org.junit.platform.engine.support.hierarchical.NodeTestTask.lambda$executeRecursively$6(NodeTestTask.java:155)
	at org.junit.platform.engine.support.hierarchical.ThrowableCollector.execute(ThrowableCollector.java:73)
	at org.junit.platform.engine.support.hierarchical.NodeTestTask.lambda$executeRecursively$8(NodeTestTask.java:141)
	at org.junit.platform.engine.support.hierarchical.Node.around(Node.java:137)
	at org.junit.platform.engine.support.hierarchical.NodeTestTask.lambda$executeRecursively$9(NodeTestTask.java:139)
	at org.junit.platform.engine.support.hierarchical.ThrowableCollector.execute(ThrowableCollector.java:73)
	at org.junit.platform.engine.support.hierarchical.NodeTestTask.executeRecursively(NodeTestTask.java:138)
	at org.junit.platform.engine.support.hierarchical.NodeTestTask.execute(NodeTestTask.java:95)
	at org.junit.platform.engine.support.hierarchical.SameThreadHierarchicalTestExecutorService.submit(SameThreadHierarchicalTestExecutorService.java:35)
	at org.junit.platform.engine.support.hierarchical.HierarchicalTestExecutor.execute(HierarchicalTestExecutor.java:57)
	at org.junit.platform.engine.support.hierarchical.HierarchicalTestEngine.execute(HierarchicalTestEngine.java:54)
	at org.junit.platform.launcher.core.EngineExecutionOrchestrator.execute(EngineExecutionOrchestrator.java:107)
	at org.junit.platform.launcher.core.EngineExecutionOrchestrator.execute(EngineExecutionOrchestrator.java:88)
	at org.junit.platform.launcher.core.EngineExecutionOrchestrator.lambda$execute$0(EngineExecutionOrchestrator.java:54)
	at org.junit.platform.launcher.core.EngineExecutionOrchestrator.withInterceptedStreams(EngineExecutionOrchestrator.java:67)
	at org.junit.platform.launcher.core.EngineExecutionOrchestrator.execute(EngineExecutionOrchestrator.java:52)
	at org.junit.platform.launcher.core.DefaultLauncher.execute(DefaultLauncher.java:114)
	at org.junit.platform.launcher.core.DefaultLauncher.execute(DefaultLauncher.java:86)
	at org.junit.platform.launcher.core.DefaultLauncherSession$DelegatingLauncher.execute(DefaultLauncherSession.java:86)
	at org.gradle.api.internal.tasks.testing.junitplatform.JUnitPlatformTestClassProcessor$CollectAllTestClassesExecutor.processAllTestClasses(JUnitPlatformTestClassProcessor.java:110)
	at org.gradle.api.internal.tasks.testing.junitplatform.JUnitPlatformTestClassProcessor$CollectAllTestClassesExecutor.access$000(JUnitPlatformTestClassProcessor.java:90)
	at org.gradle.api.internal.tasks.testing.junitplatform.JUnitPlatformTestClassProcessor.stop(JUnitPlatformTestClassProcessor.java:85)
	at org.gradle.api.internal.tasks.testing.SuiteTestClassProcessor.stop(SuiteTestClassProcessor.java:62)
	at java.base/jdk.internal.reflect.NativeMethodAccessorImpl.invoke0(Native Method)
	at java.base/jdk.internal.reflect.NativeMethodAccessorImpl.invoke(NativeMethodAccessorImpl.java:62)
	at java.base/jdk.internal.reflect.DelegatingMethodAccessorImpl.invoke(DelegatingMethodAccessorImpl.java:43)
	at java.base/java.lang.reflect.Method.invoke(Method.java:566)
	at org.gradle.internal.dispatch.ReflectionDispatch.dispatch(ReflectionDispatch.java:36)
	at org.gradle.internal.dispatch.ReflectionDispatch.dispatch(ReflectionDispatch.java:24)
	at org.gradle.internal.dispatch.ContextClassLoaderDispatch.dispatch(ContextClassLoaderDispatch.java:33)
	at org.gradle.internal.dispatch.ProxyDispatchAdapter$DispatchingInvocationHandler.invoke(ProxyDispatchAdapter.java:94)
	at com.sun.proxy.$Proxy5.stop(Unknown Source)
	at org.gradle.api.internal.tasks.testing.worker.TestWorker$3.run(TestWorker.java:193)
	at org.gradle.api.internal.tasks.testing.worker.TestWorker.executeAndMaintainThreadName(TestWorker.java:129)
	at org.gradle.api.internal.tasks.testing.worker.TestWorker.execute(TestWorker.java:100)
	at org.gradle.api.internal.tasks.testing.worker.TestWorker.execute(TestWorker.java:60)
	at org.gradle.process.internal.worker.child.ActionExecutionWorker.execute(ActionExecutionWorker.java:56)
	at org.gradle.process.internal.worker.child.SystemApplicationClassLoaderWorker.call(SystemApplicationClassLoaderWorker.java:113)
	at org.gradle.process.internal.worker.child.SystemApplicationClassLoaderWorker.call(SystemApplicationClassLoaderWorker.java:65)
	at worker.org.gradle.process.internal.worker.GradleWorkerMain.run(GradleWorkerMain.java:69)
	at worker.org.gradle.process.internal.worker.GradleWorkerMain.main(GradleWorkerMain.java:74)
Caused by: UnsolvedSymbolException{context='arg0', name='Solving arg0', cause='null'}
	at com.github.javaparser.symbolsolver.javaparsermodel.TypeExtractor.visit(TypeExtractor.java:335)
	at com.github.javaparser.symbolsolver.javaparsermodel.TypeExtractor.visit(TypeExtractor.java:65)
	at com.github.javaparser.ast.expr.NameExpr.accept(NameExpr.java:79)
	at com.github.javaparser.symbolsolver.javaparsermodel.JavaParserFacade.getTypeConcrete(JavaParserFacade.java:505)
	at com.github.javaparser.symbolsolver.javaparsermodel.JavaParserFacade.getType(JavaParserFacade.java:352)
	at com.github.javaparser.symbolsolver.javaparsermodel.JavaParserFacade.getType(JavaParserFacade.java:334)
	at com.github.javaparser.symbolsolver.JavaSymbolSolver.calculateType(JavaSymbolSolver.java:294)
	at com.github.javaparser.ast.expr.Expression.calculateResolvedType(Expression.java:573)
	at de.uka.ilkd.key.java.JP2KeYVisitor.visit(JP2KeYConverter.java:707)
	at de.uka.ilkd.key.java.JP2KeYVisitor.visit(JP2KeYConverter.java:90)
	at com.github.javaparser.ast.expr.NameExpr.accept(NameExpr.java:79)
	at de.uka.ilkd.key.java.JP2KeYVisitor.lambda$map$1(JP2KeYConverter.java:402)
	at java.base/java.util.stream.ReferencePipeline$3$1.accept(ReferencePipeline.java:195)
	at java.base/java.util.ArrayList$ArrayListSpliterator.forEachRemaining(ArrayList.java:1655)
	at java.base/java.util.stream.AbstractPipeline.copyInto(AbstractPipeline.java:484)
	at java.base/java.util.stream.AbstractPipeline.wrapAndCopyInto(AbstractPipeline.java:474)
	at java.base/java.util.stream.ReduceOps$ReduceOp.evaluateSequential(ReduceOps.java:913)
	at java.base/java.util.stream.AbstractPipeline.evaluate(AbstractPipeline.java:234)
	at java.base/java.util.stream.ReferencePipeline.collect(ReferencePipeline.java:578)
	at de.uka.ilkd.key.java.JP2KeYVisitor.map(JP2KeYConverter.java:403)
	at de.uka.ilkd.key.java.JP2KeYVisitor.visit(JP2KeYConverter.java:506)
	at de.uka.ilkd.key.java.JP2KeYVisitor.visit(JP2KeYConverter.java:90)
	at com.github.javaparser.ast.stmt.ExplicitConstructorInvocationStmt.accept(ExplicitConstructorInvocationStmt.java:96)
	at de.uka.ilkd.key.java.JP2KeYVisitor.lambda$map$1(JP2KeYConverter.java:402)
	at java.base/java.util.stream.ReferencePipeline$3$1.accept(ReferencePipeline.java:195)
	at java.base/java.util.ArrayList$ArrayListSpliterator.forEachRemaining(ArrayList.java:1655)
	at java.base/java.util.stream.AbstractPipeline.copyInto(AbstractPipeline.java:484)
	at java.base/java.util.stream.AbstractPipeline.wrapAndCopyInto(AbstractPipeline.java:474)
	at java.base/java.util.stream.ReduceOps$ReduceOp.evaluateSequential(ReduceOps.java:913)
	at java.base/java.util.stream.AbstractPipeline.evaluate(AbstractPipeline.java:234)
	at java.base/java.util.stream.ReferencePipeline.collect(ReferencePipeline.java:578)
	at de.uka.ilkd.key.java.JP2KeYVisitor.map(JP2KeYConverter.java:403)
	at de.uka.ilkd.key.java.JP2KeYVisitor.visit(JP2KeYConverter.java:258)
	at de.uka.ilkd.key.java.JP2KeYVisitor.visit(JP2KeYConverter.java:90)
	at com.github.javaparser.ast.stmt.BlockStmt.accept(BlockStmt.java:70)
	at de.uka.ilkd.key.java.JP2KeYVisitor.lambda$map$1(JP2KeYConverter.java:402)
	at java.base/java.util.stream.ReferencePipeline$3$1.accept(ReferencePipeline.java:195)
	at java.base/java.util.ArrayList$ArrayListSpliterator.forEachRemaining(ArrayList.java:1655)
	at java.base/java.util.stream.AbstractPipeline.copyInto(AbstractPipeline.java:484)
	at java.base/java.util.stream.AbstractPipeline.wrapAndCopyInto(AbstractPipeline.java:474)
	at java.base/java.util.stream.ReduceOps$ReduceOp.evaluateSequential(ReduceOps.java:913)
	at java.base/java.util.stream.AbstractPipeline.evaluate(AbstractPipeline.java:234)
	at java.base/java.util.stream.ReferencePipeline.collect(ReferencePipeline.java:578)
	at de.uka.ilkd.key.java.JP2KeYVisitor.map(JP2KeYConverter.java:403)
	at de.uka.ilkd.key.java.JP2KeYVisitor.visit(JP2KeYConverter.java:258)
	at de.uka.ilkd.key.java.JP2KeYVisitor.visit(JP2KeYConverter.java:90)
	at com.github.javaparser.ast.stmt.BlockStmt.accept(BlockStmt.java:70)
	at de.uka.ilkd.key.java.JP2KeYVisitor.accept(JP2KeYConverter.java:348)
	at de.uka.ilkd.key.java.JP2KeYVisitor.visit(JP2KeYConverter.java:946)
	at de.uka.ilkd.key.java.JP2KeYVisitor.visit(JP2KeYConverter.java:90)
	at com.github.javaparser.ast.stmt.TryStmt.accept(TryStmt.java:135)
	at de.uka.ilkd.key.java.JP2KeYVisitor.lambda$map$1(JP2KeYConverter.java:402)
	at java.base/java.util.stream.ReferencePipeline$3$1.accept(ReferencePipeline.java:195)
	at java.base/java.util.ArrayList$ArrayListSpliterator.forEachRemaining(ArrayList.java:1655)
	at java.base/java.util.stream.AbstractPipeline.copyInto(AbstractPipeline.java:484)
	at java.base/java.util.stream.AbstractPipeline.wrapAndCopyInto(AbstractPipeline.java:474)
	at java.base/java.util.stream.ReduceOps$ReduceOp.evaluateSequential(ReduceOps.java:913)
	at java.base/java.util.stream.AbstractPipeline.evaluate(AbstractPipeline.java:234)
	at java.base/java.util.stream.ReferencePipeline.collect(ReferencePipeline.java:578)
	at de.uka.ilkd.key.java.JP2KeYVisitor.map(JP2KeYConverter.java:403)
	at de.uka.ilkd.key.java.JP2KeYVisitor.visit(JP2KeYConverter.java:258)
	at de.uka.ilkd.key.java.JP2KeYVisitor.visit(JP2KeYConverter.java:90)
	at com.github.javaparser.ast.stmt.BlockStmt.accept(BlockStmt.java:70)
	at de.uka.ilkd.key.java.JP2KeYVisitor.accept(JP2KeYConverter.java:348)
	at de.uka.ilkd.key.java.JP2KeYVisitor.visit(JP2KeYConverter.java:609)
	at de.uka.ilkd.key.java.JP2KeYVisitor.visit(JP2KeYConverter.java:90)
	at com.github.javaparser.ast.stmt.IfStmt.accept(IfStmt.java:82)
	at de.uka.ilkd.key.java.JP2KeYVisitor.lambda$map$1(JP2KeYConverter.java:402)
	at java.base/java.util.stream.ReferencePipeline$3$1.accept(ReferencePipeline.java:195)
	at java.base/java.util.ArrayList$ArrayListSpliterator.forEachRemaining(ArrayList.java:1655)
	at java.base/java.util.stream.AbstractPipeline.copyInto(AbstractPipeline.java:484)
	at java.base/java.util.stream.AbstractPipeline.wrapAndCopyInto(AbstractPipeline.java:474)
	at java.base/java.util.stream.ReduceOps$ReduceOp.evaluateSequential(ReduceOps.java:913)
	at java.base/java.util.stream.AbstractPipeline.evaluate(AbstractPipeline.java:234)
	at java.base/java.util.stream.ReferencePipeline.collect(ReferencePipeline.java:578)
	at de.uka.ilkd.key.java.JP2KeYVisitor.map(JP2KeYConverter.java:403)
	at de.uka.ilkd.key.java.JP2KeYVisitor.visit(JP2KeYConverter.java:258)
	at de.uka.ilkd.key.java.JP2KeYVisitor.visit(JP2KeYConverter.java:90)
	at com.github.javaparser.ast.stmt.BlockStmt.accept(BlockStmt.java:70)
	at de.uka.ilkd.key.java.JP2KeYVisitor.accept(JP2KeYConverter.java:348)
	at de.uka.ilkd.key.java.JP2KeYVisitor.visit(JP2KeYConverter.java:609)
	at de.uka.ilkd.key.java.JP2KeYVisitor.visit(JP2KeYConverter.java:90)
	at com.github.javaparser.ast.stmt.IfStmt.accept(IfStmt.java:82)
	at de.uka.ilkd.key.java.JP2KeYVisitor.lambda$map$1(JP2KeYConverter.java:402)
	at java.base/java.util.stream.ReferencePipeline$3$1.accept(ReferencePipeline.java:195)
	at java.base/java.util.ArrayList$ArrayListSpliterator.forEachRemaining(ArrayList.java:1655)
	at java.base/java.util.stream.AbstractPipeline.copyInto(AbstractPipeline.java:484)
	at java.base/java.util.stream.AbstractPipeline.wrapAndCopyInto(AbstractPipeline.java:474)
	at java.base/java.util.stream.ReduceOps$ReduceOp.evaluateSequential(ReduceOps.java:913)
	at java.base/java.util.stream.AbstractPipeline.evaluate(AbstractPipeline.java:234)
	at java.base/java.util.stream.ReferencePipeline.collect(ReferencePipeline.java:578)
	at de.uka.ilkd.key.java.JP2KeYVisitor.map(JP2KeYConverter.java:403)
	at de.uka.ilkd.key.java.JP2KeYVisitor.visit(JP2KeYConverter.java:258)
	at de.uka.ilkd.key.java.JP2KeYVisitor.visit(JP2KeYConverter.java:90)
	at com.github.javaparser.ast.stmt.BlockStmt.accept(BlockStmt.java:70)
	at de.uka.ilkd.key.java.JP2KeYVisitor.accept(JP2KeYConverter.java:348)
	at de.uka.ilkd.key.java.JP2KeYVisitor.accepto(JP2KeYConverter.java:418)
	at de.uka.ilkd.key.java.JP2KeYVisitor.visit(JP2KeYConverter.java:688)
	at de.uka.ilkd.key.java.JP2KeYVisitor.visit(JP2KeYConverter.java:90)
	at com.github.javaparser.ast.body.MethodDeclaration.accept(MethodDeclaration.java:98)
	at de.uka.ilkd.key.java.JP2KeYVisitor.lambda$map$1(JP2KeYConverter.java:402)
	at java.base/java.util.stream.ReferencePipeline$3$1.accept(ReferencePipeline.java:195)
	at java.base/java.util.ArrayList$ArrayListSpliterator.forEachRemaining(ArrayList.java:1655)
	at java.base/java.util.stream.AbstractPipeline.copyInto(AbstractPipeline.java:484)
	at java.base/java.util.stream.AbstractPipeline.wrapAndCopyInto(AbstractPipeline.java:474)
	at java.base/java.util.stream.ReduceOps$ReduceOp.evaluateSequential(ReduceOps.java:913)
	at java.base/java.util.stream.AbstractPipeline.evaluate(AbstractPipeline.java:234)
	at java.base/java.util.stream.ReferencePipeline.collect(ReferencePipeline.java:578)
	at de.uka.ilkd.key.java.JP2KeYVisitor.map(JP2KeYConverter.java:403)
	at de.uka.ilkd.key.java.JP2KeYVisitor.visit(JP2KeYConverter.java:310)
	at de.uka.ilkd.key.java.JP2KeYVisitor.visit(JP2KeYConverter.java:90)
	at com.github.javaparser.ast.body.ClassOrInterfaceDeclaration.accept(ClassOrInterfaceDeclaration.java:95)
	at de.uka.ilkd.key.java.JP2KeYVisitor.lambda$map$1(JP2KeYConverter.java:402)
	at java.base/java.util.stream.ReferencePipeline$3$1.accept(ReferencePipeline.java:195)
	at java.base/java.util.ArrayList$ArrayListSpliterator.forEachRemaining(ArrayList.java:1655)
	at java.base/java.util.stream.AbstractPipeline.copyInto(AbstractPipeline.java:484)
	at java.base/java.util.stream.AbstractPipeline.wrapAndCopyInto(AbstractPipeline.java:474)
	at java.base/java.util.stream.ReduceOps$ReduceOp.evaluateSequential(ReduceOps.java:913)
	at java.base/java.util.stream.AbstractPipeline.evaluate(AbstractPipeline.java:234)
	at java.base/java.util.stream.ReferencePipeline.collect(ReferencePipeline.java:578)
	at de.uka.ilkd.key.java.JP2KeYVisitor.map(JP2KeYConverter.java:403)
	at de.uka.ilkd.key.java.JP2KeYVisitor.visit(JP2KeYConverter.java:393)
	at de.uka.ilkd.key.java.JP2KeYVisitor.visit(JP2KeYConverter.java:90)
	at com.github.javaparser.ast.CompilationUnit.accept(CompilationUnit.java:124)
	at de.uka.ilkd.key.java.JP2KeYConverter.process(JP2KeYConverter.java:84)
	at de.uka.ilkd.key.java.JP2KeYConverter.processCompilationUnit(JP2KeYConverter.java:80)
	at de.uka.ilkd.key.java.JavaService.parseLibraryClasses0(JavaService.java:536)
	at de.uka.ilkd.key.java.JavaService.parseSpecialClasses(JavaService.java:511)
	at de.uka.ilkd.key.proof.init.ProblemInitializer.readJava(ProblemInitializer.java:280)
	at de.uka.ilkd.key.proof.init.ProblemInitializer.prepare(ProblemInitializer.java:529)
	at de.uka.ilkd.key.proof.init.ProblemInitializer.prepare(ProblemInitializer.java:471)
	at de.uka.ilkd.key.rule.TacletForTests.parse(TacletForTests.java:80)
	... 89 more
</failure>
  </testcase>
  <testcase name="test6()" classname="de.uka.ilkd.key.parser.TestTermParser" time="0.003">
    <failure message="java.lang.RuntimeException: Exception occurred while parsing src\test\resources\testcase\testrules.key" type="java.lang.RuntimeException">java.lang.RuntimeException: Exception occurred while parsing src\test\resources\testcase\testrules.key
	at de.uka.ilkd.key.rule.TacletForTests.parse(TacletForTests.java:89)
	at de.uka.ilkd.key.rule.TacletForTests.parse(TacletForTests.java:125)
	at de.uka.ilkd.key.rule.TacletForTests.parse(TacletForTests.java:129)
	at de.uka.ilkd.key.rule.TacletForTests.services(TacletForTests.java:102)
	at de.uka.ilkd.key.parser.TestTermParser.getServices(TestTermParser.java:42)
	at de.uka.ilkd.key.parser.AbstractTestTermParser.&lt;init&gt;(AbstractTestTermParser.java:35)
	at de.uka.ilkd.key.parser.TestTermParser.&lt;init&gt;(TestTermParser.java:34)
	at jdk.internal.reflect.GeneratedConstructorAccessor17.newInstance(Unknown Source)
	at java.base/jdk.internal.reflect.DelegatingConstructorAccessorImpl.newInstance(DelegatingConstructorAccessorImpl.java:45)
	at java.base/java.lang.reflect.Constructor.newInstance(Constructor.java:490)
	at org.junit.platform.commons.util.ReflectionUtils.newInstance(ReflectionUtils.java:552)
	at org.junit.jupiter.engine.execution.ConstructorInvocation.proceed(ConstructorInvocation.java:56)
	at org.junit.jupiter.engine.execution.InvocationInterceptorChain$ValidatingInvocation.proceed(InvocationInterceptorChain.java:131)
	at org.junit.jupiter.api.extension.InvocationInterceptor.interceptTestClassConstructor(InvocationInterceptor.java:73)
	at org.junit.jupiter.engine.execution.InterceptingExecutableInvoker.lambda$invoke$0(InterceptingExecutableInvoker.java:93)
	at org.junit.jupiter.engine.execution.InvocationInterceptorChain$InterceptedInvocation.proceed(InvocationInterceptorChain.java:106)
	at org.junit.jupiter.engine.execution.InvocationInterceptorChain.proceed(InvocationInterceptorChain.java:64)
	at org.junit.jupiter.engine.execution.InvocationInterceptorChain.chainAndInvoke(InvocationInterceptorChain.java:45)
	at org.junit.jupiter.engine.execution.InvocationInterceptorChain.invoke(InvocationInterceptorChain.java:37)
	at org.junit.jupiter.engine.execution.InterceptingExecutableInvoker.invoke(InterceptingExecutableInvoker.java:92)
	at org.junit.jupiter.engine.execution.InterceptingExecutableInvoker.invoke(InterceptingExecutableInvoker.java:62)
	at org.junit.jupiter.engine.descriptor.ClassBasedTestDescriptor.invokeTestClassConstructor(ClassBasedTestDescriptor.java:363)
	at org.junit.jupiter.engine.descriptor.ClassBasedTestDescriptor.instantiateTestClass(ClassBasedTestDescriptor.java:310)
	at org.junit.jupiter.engine.descriptor.ClassTestDescriptor.instantiateTestClass(ClassTestDescriptor.java:79)
	at org.junit.jupiter.engine.descriptor.ClassBasedTestDescriptor.instantiateAndPostProcessTestInstance(ClassBasedTestDescriptor.java:286)
	at org.junit.jupiter.engine.descriptor.ClassBasedTestDescriptor.lambda$testInstancesProvider$4(ClassBasedTestDescriptor.java:278)
	at java.base/java.util.Optional.orElseGet(Optional.java:369)
	at org.junit.jupiter.engine.descriptor.ClassBasedTestDescriptor.lambda$testInstancesProvider$5(ClassBasedTestDescriptor.java:277)
	at org.junit.jupiter.engine.execution.TestInstancesProvider.getTestInstances(TestInstancesProvider.java:31)
	at org.junit.jupiter.engine.descriptor.TestMethodTestDescriptor.lambda$prepare$0(TestMethodTestDescriptor.java:105)
	at org.junit.platform.engine.support.hierarchical.ThrowableCollector.execute(ThrowableCollector.java:73)
	at org.junit.jupiter.engine.descriptor.TestMethodTestDescriptor.prepare(TestMethodTestDescriptor.java:104)
	at org.junit.jupiter.engine.descriptor.TestMethodTestDescriptor.prepare(TestMethodTestDescriptor.java:68)
	at org.junit.platform.engine.support.hierarchical.NodeTestTask.lambda$prepare$2(NodeTestTask.java:123)
	at org.junit.platform.engine.support.hierarchical.ThrowableCollector.execute(ThrowableCollector.java:73)
	at org.junit.platform.engine.support.hierarchical.NodeTestTask.prepare(NodeTestTask.java:123)
	at org.junit.platform.engine.support.hierarchical.NodeTestTask.execute(NodeTestTask.java:90)
	at java.base/java.util.ArrayList.forEach(ArrayList.java:1541)
	at org.junit.platform.engine.support.hierarchical.SameThreadHierarchicalTestExecutorService.invokeAll(SameThreadHierarchicalTestExecutorService.java:41)
	at org.junit.platform.engine.support.hierarchical.NodeTestTask.lambda$executeRecursively$6(NodeTestTask.java:155)
	at org.junit.platform.engine.support.hierarchical.ThrowableCollector.execute(ThrowableCollector.java:73)
	at org.junit.platform.engine.support.hierarchical.NodeTestTask.lambda$executeRecursively$8(NodeTestTask.java:141)
	at org.junit.platform.engine.support.hierarchical.Node.around(Node.java:137)
	at org.junit.platform.engine.support.hierarchical.NodeTestTask.lambda$executeRecursively$9(NodeTestTask.java:139)
	at org.junit.platform.engine.support.hierarchical.ThrowableCollector.execute(ThrowableCollector.java:73)
	at org.junit.platform.engine.support.hierarchical.NodeTestTask.executeRecursively(NodeTestTask.java:138)
	at org.junit.platform.engine.support.hierarchical.NodeTestTask.execute(NodeTestTask.java:95)
	at java.base/java.util.ArrayList.forEach(ArrayList.java:1541)
	at org.junit.platform.engine.support.hierarchical.SameThreadHierarchicalTestExecutorService.invokeAll(SameThreadHierarchicalTestExecutorService.java:41)
	at org.junit.platform.engine.support.hierarchical.NodeTestTask.lambda$executeRecursively$6(NodeTestTask.java:155)
	at org.junit.platform.engine.support.hierarchical.ThrowableCollector.execute(ThrowableCollector.java:73)
	at org.junit.platform.engine.support.hierarchical.NodeTestTask.lambda$executeRecursively$8(NodeTestTask.java:141)
	at org.junit.platform.engine.support.hierarchical.Node.around(Node.java:137)
	at org.junit.platform.engine.support.hierarchical.NodeTestTask.lambda$executeRecursively$9(NodeTestTask.java:139)
	at org.junit.platform.engine.support.hierarchical.ThrowableCollector.execute(ThrowableCollector.java:73)
	at org.junit.platform.engine.support.hierarchical.NodeTestTask.executeRecursively(NodeTestTask.java:138)
	at org.junit.platform.engine.support.hierarchical.NodeTestTask.execute(NodeTestTask.java:95)
	at org.junit.platform.engine.support.hierarchical.SameThreadHierarchicalTestExecutorService.submit(SameThreadHierarchicalTestExecutorService.java:35)
	at org.junit.platform.engine.support.hierarchical.HierarchicalTestExecutor.execute(HierarchicalTestExecutor.java:57)
	at org.junit.platform.engine.support.hierarchical.HierarchicalTestEngine.execute(HierarchicalTestEngine.java:54)
	at org.junit.platform.launcher.core.EngineExecutionOrchestrator.execute(EngineExecutionOrchestrator.java:107)
	at org.junit.platform.launcher.core.EngineExecutionOrchestrator.execute(EngineExecutionOrchestrator.java:88)
	at org.junit.platform.launcher.core.EngineExecutionOrchestrator.lambda$execute$0(EngineExecutionOrchestrator.java:54)
	at org.junit.platform.launcher.core.EngineExecutionOrchestrator.withInterceptedStreams(EngineExecutionOrchestrator.java:67)
	at org.junit.platform.launcher.core.EngineExecutionOrchestrator.execute(EngineExecutionOrchestrator.java:52)
	at org.junit.platform.launcher.core.DefaultLauncher.execute(DefaultLauncher.java:114)
	at org.junit.platform.launcher.core.DefaultLauncher.execute(DefaultLauncher.java:86)
	at org.junit.platform.launcher.core.DefaultLauncherSession$DelegatingLauncher.execute(DefaultLauncherSession.java:86)
	at org.gradle.api.internal.tasks.testing.junitplatform.JUnitPlatformTestClassProcessor$CollectAllTestClassesExecutor.processAllTestClasses(JUnitPlatformTestClassProcessor.java:110)
	at org.gradle.api.internal.tasks.testing.junitplatform.JUnitPlatformTestClassProcessor$CollectAllTestClassesExecutor.access$000(JUnitPlatformTestClassProcessor.java:90)
	at org.gradle.api.internal.tasks.testing.junitplatform.JUnitPlatformTestClassProcessor.stop(JUnitPlatformTestClassProcessor.java:85)
	at org.gradle.api.internal.tasks.testing.SuiteTestClassProcessor.stop(SuiteTestClassProcessor.java:62)
	at java.base/jdk.internal.reflect.NativeMethodAccessorImpl.invoke0(Native Method)
	at java.base/jdk.internal.reflect.NativeMethodAccessorImpl.invoke(NativeMethodAccessorImpl.java:62)
	at java.base/jdk.internal.reflect.DelegatingMethodAccessorImpl.invoke(DelegatingMethodAccessorImpl.java:43)
	at java.base/java.lang.reflect.Method.invoke(Method.java:566)
	at org.gradle.internal.dispatch.ReflectionDispatch.dispatch(ReflectionDispatch.java:36)
	at org.gradle.internal.dispatch.ReflectionDispatch.dispatch(ReflectionDispatch.java:24)
	at org.gradle.internal.dispatch.ContextClassLoaderDispatch.dispatch(ContextClassLoaderDispatch.java:33)
	at org.gradle.internal.dispatch.ProxyDispatchAdapter$DispatchingInvocationHandler.invoke(ProxyDispatchAdapter.java:94)
	at com.sun.proxy.$Proxy5.stop(Unknown Source)
	at org.gradle.api.internal.tasks.testing.worker.TestWorker$3.run(TestWorker.java:193)
	at org.gradle.api.internal.tasks.testing.worker.TestWorker.executeAndMaintainThreadName(TestWorker.java:129)
	at org.gradle.api.internal.tasks.testing.worker.TestWorker.execute(TestWorker.java:100)
	at org.gradle.api.internal.tasks.testing.worker.TestWorker.execute(TestWorker.java:60)
	at org.gradle.process.internal.worker.child.ActionExecutionWorker.execute(ActionExecutionWorker.java:56)
	at org.gradle.process.internal.worker.child.SystemApplicationClassLoaderWorker.call(SystemApplicationClassLoaderWorker.java:113)
	at org.gradle.process.internal.worker.child.SystemApplicationClassLoaderWorker.call(SystemApplicationClassLoaderWorker.java:65)
	at worker.org.gradle.process.internal.worker.GradleWorkerMain.run(GradleWorkerMain.java:69)
	at worker.org.gradle.process.internal.worker.GradleWorkerMain.main(GradleWorkerMain.java:74)
Caused by: UnsolvedSymbolException{context='arg0', name='Solving arg0', cause='null'}
	at com.github.javaparser.symbolsolver.javaparsermodel.TypeExtractor.visit(TypeExtractor.java:335)
	at com.github.javaparser.symbolsolver.javaparsermodel.TypeExtractor.visit(TypeExtractor.java:65)
	at com.github.javaparser.ast.expr.NameExpr.accept(NameExpr.java:79)
	at com.github.javaparser.symbolsolver.javaparsermodel.JavaParserFacade.getTypeConcrete(JavaParserFacade.java:505)
	at com.github.javaparser.symbolsolver.javaparsermodel.JavaParserFacade.getType(JavaParserFacade.java:352)
	at com.github.javaparser.symbolsolver.javaparsermodel.JavaParserFacade.getType(JavaParserFacade.java:334)
	at com.github.javaparser.symbolsolver.JavaSymbolSolver.calculateType(JavaSymbolSolver.java:294)
	at com.github.javaparser.ast.expr.Expression.calculateResolvedType(Expression.java:573)
	at de.uka.ilkd.key.java.JP2KeYVisitor.visit(JP2KeYConverter.java:707)
	at de.uka.ilkd.key.java.JP2KeYVisitor.visit(JP2KeYConverter.java:90)
	at com.github.javaparser.ast.expr.NameExpr.accept(NameExpr.java:79)
	at de.uka.ilkd.key.java.JP2KeYVisitor.lambda$map$1(JP2KeYConverter.java:402)
	at java.base/java.util.stream.ReferencePipeline$3$1.accept(ReferencePipeline.java:195)
	at java.base/java.util.ArrayList$ArrayListSpliterator.forEachRemaining(ArrayList.java:1655)
	at java.base/java.util.stream.AbstractPipeline.copyInto(AbstractPipeline.java:484)
	at java.base/java.util.stream.AbstractPipeline.wrapAndCopyInto(AbstractPipeline.java:474)
	at java.base/java.util.stream.ReduceOps$ReduceOp.evaluateSequential(ReduceOps.java:913)
	at java.base/java.util.stream.AbstractPipeline.evaluate(AbstractPipeline.java:234)
	at java.base/java.util.stream.ReferencePipeline.collect(ReferencePipeline.java:578)
	at de.uka.ilkd.key.java.JP2KeYVisitor.map(JP2KeYConverter.java:403)
	at de.uka.ilkd.key.java.JP2KeYVisitor.visit(JP2KeYConverter.java:506)
	at de.uka.ilkd.key.java.JP2KeYVisitor.visit(JP2KeYConverter.java:90)
	at com.github.javaparser.ast.stmt.ExplicitConstructorInvocationStmt.accept(ExplicitConstructorInvocationStmt.java:96)
	at de.uka.ilkd.key.java.JP2KeYVisitor.lambda$map$1(JP2KeYConverter.java:402)
	at java.base/java.util.stream.ReferencePipeline$3$1.accept(ReferencePipeline.java:195)
	at java.base/java.util.ArrayList$ArrayListSpliterator.forEachRemaining(ArrayList.java:1655)
	at java.base/java.util.stream.AbstractPipeline.copyInto(AbstractPipeline.java:484)
	at java.base/java.util.stream.AbstractPipeline.wrapAndCopyInto(AbstractPipeline.java:474)
	at java.base/java.util.stream.ReduceOps$ReduceOp.evaluateSequential(ReduceOps.java:913)
	at java.base/java.util.stream.AbstractPipeline.evaluate(AbstractPipeline.java:234)
	at java.base/java.util.stream.ReferencePipeline.collect(ReferencePipeline.java:578)
	at de.uka.ilkd.key.java.JP2KeYVisitor.map(JP2KeYConverter.java:403)
	at de.uka.ilkd.key.java.JP2KeYVisitor.visit(JP2KeYConverter.java:258)
	at de.uka.ilkd.key.java.JP2KeYVisitor.visit(JP2KeYConverter.java:90)
	at com.github.javaparser.ast.stmt.BlockStmt.accept(BlockStmt.java:70)
	at de.uka.ilkd.key.java.JP2KeYVisitor.lambda$map$1(JP2KeYConverter.java:402)
	at java.base/java.util.stream.ReferencePipeline$3$1.accept(ReferencePipeline.java:195)
	at java.base/java.util.ArrayList$ArrayListSpliterator.forEachRemaining(ArrayList.java:1655)
	at java.base/java.util.stream.AbstractPipeline.copyInto(AbstractPipeline.java:484)
	at java.base/java.util.stream.AbstractPipeline.wrapAndCopyInto(AbstractPipeline.java:474)
	at java.base/java.util.stream.ReduceOps$ReduceOp.evaluateSequential(ReduceOps.java:913)
	at java.base/java.util.stream.AbstractPipeline.evaluate(AbstractPipeline.java:234)
	at java.base/java.util.stream.ReferencePipeline.collect(ReferencePipeline.java:578)
	at de.uka.ilkd.key.java.JP2KeYVisitor.map(JP2KeYConverter.java:403)
	at de.uka.ilkd.key.java.JP2KeYVisitor.visit(JP2KeYConverter.java:258)
	at de.uka.ilkd.key.java.JP2KeYVisitor.visit(JP2KeYConverter.java:90)
	at com.github.javaparser.ast.stmt.BlockStmt.accept(BlockStmt.java:70)
	at de.uka.ilkd.key.java.JP2KeYVisitor.accept(JP2KeYConverter.java:348)
	at de.uka.ilkd.key.java.JP2KeYVisitor.visit(JP2KeYConverter.java:946)
	at de.uka.ilkd.key.java.JP2KeYVisitor.visit(JP2KeYConverter.java:90)
	at com.github.javaparser.ast.stmt.TryStmt.accept(TryStmt.java:135)
	at de.uka.ilkd.key.java.JP2KeYVisitor.lambda$map$1(JP2KeYConverter.java:402)
	at java.base/java.util.stream.ReferencePipeline$3$1.accept(ReferencePipeline.java:195)
	at java.base/java.util.ArrayList$ArrayListSpliterator.forEachRemaining(ArrayList.java:1655)
	at java.base/java.util.stream.AbstractPipeline.copyInto(AbstractPipeline.java:484)
	at java.base/java.util.stream.AbstractPipeline.wrapAndCopyInto(AbstractPipeline.java:474)
	at java.base/java.util.stream.ReduceOps$ReduceOp.evaluateSequential(ReduceOps.java:913)
	at java.base/java.util.stream.AbstractPipeline.evaluate(AbstractPipeline.java:234)
	at java.base/java.util.stream.ReferencePipeline.collect(ReferencePipeline.java:578)
	at de.uka.ilkd.key.java.JP2KeYVisitor.map(JP2KeYConverter.java:403)
	at de.uka.ilkd.key.java.JP2KeYVisitor.visit(JP2KeYConverter.java:258)
	at de.uka.ilkd.key.java.JP2KeYVisitor.visit(JP2KeYConverter.java:90)
	at com.github.javaparser.ast.stmt.BlockStmt.accept(BlockStmt.java:70)
	at de.uka.ilkd.key.java.JP2KeYVisitor.accept(JP2KeYConverter.java:348)
	at de.uka.ilkd.key.java.JP2KeYVisitor.visit(JP2KeYConverter.java:609)
	at de.uka.ilkd.key.java.JP2KeYVisitor.visit(JP2KeYConverter.java:90)
	at com.github.javaparser.ast.stmt.IfStmt.accept(IfStmt.java:82)
	at de.uka.ilkd.key.java.JP2KeYVisitor.lambda$map$1(JP2KeYConverter.java:402)
	at java.base/java.util.stream.ReferencePipeline$3$1.accept(ReferencePipeline.java:195)
	at java.base/java.util.ArrayList$ArrayListSpliterator.forEachRemaining(ArrayList.java:1655)
	at java.base/java.util.stream.AbstractPipeline.copyInto(AbstractPipeline.java:484)
	at java.base/java.util.stream.AbstractPipeline.wrapAndCopyInto(AbstractPipeline.java:474)
	at java.base/java.util.stream.ReduceOps$ReduceOp.evaluateSequential(ReduceOps.java:913)
	at java.base/java.util.stream.AbstractPipeline.evaluate(AbstractPipeline.java:234)
	at java.base/java.util.stream.ReferencePipeline.collect(ReferencePipeline.java:578)
	at de.uka.ilkd.key.java.JP2KeYVisitor.map(JP2KeYConverter.java:403)
	at de.uka.ilkd.key.java.JP2KeYVisitor.visit(JP2KeYConverter.java:258)
	at de.uka.ilkd.key.java.JP2KeYVisitor.visit(JP2KeYConverter.java:90)
	at com.github.javaparser.ast.stmt.BlockStmt.accept(BlockStmt.java:70)
	at de.uka.ilkd.key.java.JP2KeYVisitor.accept(JP2KeYConverter.java:348)
	at de.uka.ilkd.key.java.JP2KeYVisitor.visit(JP2KeYConverter.java:609)
	at de.uka.ilkd.key.java.JP2KeYVisitor.visit(JP2KeYConverter.java:90)
	at com.github.javaparser.ast.stmt.IfStmt.accept(IfStmt.java:82)
	at de.uka.ilkd.key.java.JP2KeYVisitor.lambda$map$1(JP2KeYConverter.java:402)
	at java.base/java.util.stream.ReferencePipeline$3$1.accept(ReferencePipeline.java:195)
	at java.base/java.util.ArrayList$ArrayListSpliterator.forEachRemaining(ArrayList.java:1655)
	at java.base/java.util.stream.AbstractPipeline.copyInto(AbstractPipeline.java:484)
	at java.base/java.util.stream.AbstractPipeline.wrapAndCopyInto(AbstractPipeline.java:474)
	at java.base/java.util.stream.ReduceOps$ReduceOp.evaluateSequential(ReduceOps.java:913)
	at java.base/java.util.stream.AbstractPipeline.evaluate(AbstractPipeline.java:234)
	at java.base/java.util.stream.ReferencePipeline.collect(ReferencePipeline.java:578)
	at de.uka.ilkd.key.java.JP2KeYVisitor.map(JP2KeYConverter.java:403)
	at de.uka.ilkd.key.java.JP2KeYVisitor.visit(JP2KeYConverter.java:258)
	at de.uka.ilkd.key.java.JP2KeYVisitor.visit(JP2KeYConverter.java:90)
	at com.github.javaparser.ast.stmt.BlockStmt.accept(BlockStmt.java:70)
	at de.uka.ilkd.key.java.JP2KeYVisitor.accept(JP2KeYConverter.java:348)
	at de.uka.ilkd.key.java.JP2KeYVisitor.accepto(JP2KeYConverter.java:418)
	at de.uka.ilkd.key.java.JP2KeYVisitor.visit(JP2KeYConverter.java:688)
	at de.uka.ilkd.key.java.JP2KeYVisitor.visit(JP2KeYConverter.java:90)
	at com.github.javaparser.ast.body.MethodDeclaration.accept(MethodDeclaration.java:98)
	at de.uka.ilkd.key.java.JP2KeYVisitor.lambda$map$1(JP2KeYConverter.java:402)
	at java.base/java.util.stream.ReferencePipeline$3$1.accept(ReferencePipeline.java:195)
	at java.base/java.util.ArrayList$ArrayListSpliterator.forEachRemaining(ArrayList.java:1655)
	at java.base/java.util.stream.AbstractPipeline.copyInto(AbstractPipeline.java:484)
	at java.base/java.util.stream.AbstractPipeline.wrapAndCopyInto(AbstractPipeline.java:474)
	at java.base/java.util.stream.ReduceOps$ReduceOp.evaluateSequential(ReduceOps.java:913)
	at java.base/java.util.stream.AbstractPipeline.evaluate(AbstractPipeline.java:234)
	at java.base/java.util.stream.ReferencePipeline.collect(ReferencePipeline.java:578)
	at de.uka.ilkd.key.java.JP2KeYVisitor.map(JP2KeYConverter.java:403)
	at de.uka.ilkd.key.java.JP2KeYVisitor.visit(JP2KeYConverter.java:310)
	at de.uka.ilkd.key.java.JP2KeYVisitor.visit(JP2KeYConverter.java:90)
	at com.github.javaparser.ast.body.ClassOrInterfaceDeclaration.accept(ClassOrInterfaceDeclaration.java:95)
	at de.uka.ilkd.key.java.JP2KeYVisitor.lambda$map$1(JP2KeYConverter.java:402)
	at java.base/java.util.stream.ReferencePipeline$3$1.accept(ReferencePipeline.java:195)
	at java.base/java.util.ArrayList$ArrayListSpliterator.forEachRemaining(ArrayList.java:1655)
	at java.base/java.util.stream.AbstractPipeline.copyInto(AbstractPipeline.java:484)
	at java.base/java.util.stream.AbstractPipeline.wrapAndCopyInto(AbstractPipeline.java:474)
	at java.base/java.util.stream.ReduceOps$ReduceOp.evaluateSequential(ReduceOps.java:913)
	at java.base/java.util.stream.AbstractPipeline.evaluate(AbstractPipeline.java:234)
	at java.base/java.util.stream.ReferencePipeline.collect(ReferencePipeline.java:578)
	at de.uka.ilkd.key.java.JP2KeYVisitor.map(JP2KeYConverter.java:403)
	at de.uka.ilkd.key.java.JP2KeYVisitor.visit(JP2KeYConverter.java:393)
	at de.uka.ilkd.key.java.JP2KeYVisitor.visit(JP2KeYConverter.java:90)
	at com.github.javaparser.ast.CompilationUnit.accept(CompilationUnit.java:124)
	at de.uka.ilkd.key.java.JP2KeYConverter.process(JP2KeYConverter.java:84)
	at de.uka.ilkd.key.java.JP2KeYConverter.processCompilationUnit(JP2KeYConverter.java:80)
	at de.uka.ilkd.key.java.JavaService.parseLibraryClasses0(JavaService.java:536)
	at de.uka.ilkd.key.java.JavaService.parseSpecialClasses(JavaService.java:511)
	at de.uka.ilkd.key.proof.init.ProblemInitializer.readJava(ProblemInitializer.java:280)
	at de.uka.ilkd.key.proof.init.ProblemInitializer.prepare(ProblemInitializer.java:529)
	at de.uka.ilkd.key.proof.init.ProblemInitializer.prepare(ProblemInitializer.java:471)
	at de.uka.ilkd.key.rule.TacletForTests.parse(TacletForTests.java:80)
	... 89 more
</failure>
  </testcase>
  <testcase name="test7()" classname="de.uka.ilkd.key.parser.TestTermParser" time="0.0">
    <failure message="java.lang.RuntimeException: Exception occurred while parsing src\test\resources\testcase\testrules.key" type="java.lang.RuntimeException">java.lang.RuntimeException: Exception occurred while parsing src\test\resources\testcase\testrules.key
	at de.uka.ilkd.key.rule.TacletForTests.parse(TacletForTests.java:89)
	at de.uka.ilkd.key.rule.TacletForTests.parse(TacletForTests.java:125)
	at de.uka.ilkd.key.rule.TacletForTests.parse(TacletForTests.java:129)
	at de.uka.ilkd.key.rule.TacletForTests.services(TacletForTests.java:102)
	at de.uka.ilkd.key.parser.TestTermParser.getServices(TestTermParser.java:42)
	at de.uka.ilkd.key.parser.AbstractTestTermParser.&lt;init&gt;(AbstractTestTermParser.java:35)
	at de.uka.ilkd.key.parser.TestTermParser.&lt;init&gt;(TestTermParser.java:34)
	at jdk.internal.reflect.GeneratedConstructorAccessor17.newInstance(Unknown Source)
	at java.base/jdk.internal.reflect.DelegatingConstructorAccessorImpl.newInstance(DelegatingConstructorAccessorImpl.java:45)
	at java.base/java.lang.reflect.Constructor.newInstance(Constructor.java:490)
	at org.junit.platform.commons.util.ReflectionUtils.newInstance(ReflectionUtils.java:552)
	at org.junit.jupiter.engine.execution.ConstructorInvocation.proceed(ConstructorInvocation.java:56)
	at org.junit.jupiter.engine.execution.InvocationInterceptorChain$ValidatingInvocation.proceed(InvocationInterceptorChain.java:131)
	at org.junit.jupiter.api.extension.InvocationInterceptor.interceptTestClassConstructor(InvocationInterceptor.java:73)
	at org.junit.jupiter.engine.execution.InterceptingExecutableInvoker.lambda$invoke$0(InterceptingExecutableInvoker.java:93)
	at org.junit.jupiter.engine.execution.InvocationInterceptorChain$InterceptedInvocation.proceed(InvocationInterceptorChain.java:106)
	at org.junit.jupiter.engine.execution.InvocationInterceptorChain.proceed(InvocationInterceptorChain.java:64)
	at org.junit.jupiter.engine.execution.InvocationInterceptorChain.chainAndInvoke(InvocationInterceptorChain.java:45)
	at org.junit.jupiter.engine.execution.InvocationInterceptorChain.invoke(InvocationInterceptorChain.java:37)
	at org.junit.jupiter.engine.execution.InterceptingExecutableInvoker.invoke(InterceptingExecutableInvoker.java:92)
	at org.junit.jupiter.engine.execution.InterceptingExecutableInvoker.invoke(InterceptingExecutableInvoker.java:62)
	at org.junit.jupiter.engine.descriptor.ClassBasedTestDescriptor.invokeTestClassConstructor(ClassBasedTestDescriptor.java:363)
	at org.junit.jupiter.engine.descriptor.ClassBasedTestDescriptor.instantiateTestClass(ClassBasedTestDescriptor.java:310)
	at org.junit.jupiter.engine.descriptor.ClassTestDescriptor.instantiateTestClass(ClassTestDescriptor.java:79)
	at org.junit.jupiter.engine.descriptor.ClassBasedTestDescriptor.instantiateAndPostProcessTestInstance(ClassBasedTestDescriptor.java:286)
	at org.junit.jupiter.engine.descriptor.ClassBasedTestDescriptor.lambda$testInstancesProvider$4(ClassBasedTestDescriptor.java:278)
	at java.base/java.util.Optional.orElseGet(Optional.java:369)
	at org.junit.jupiter.engine.descriptor.ClassBasedTestDescriptor.lambda$testInstancesProvider$5(ClassBasedTestDescriptor.java:277)
	at org.junit.jupiter.engine.execution.TestInstancesProvider.getTestInstances(TestInstancesProvider.java:31)
	at org.junit.jupiter.engine.descriptor.TestMethodTestDescriptor.lambda$prepare$0(TestMethodTestDescriptor.java:105)
	at org.junit.platform.engine.support.hierarchical.ThrowableCollector.execute(ThrowableCollector.java:73)
	at org.junit.jupiter.engine.descriptor.TestMethodTestDescriptor.prepare(TestMethodTestDescriptor.java:104)
	at org.junit.jupiter.engine.descriptor.TestMethodTestDescriptor.prepare(TestMethodTestDescriptor.java:68)
	at org.junit.platform.engine.support.hierarchical.NodeTestTask.lambda$prepare$2(NodeTestTask.java:123)
	at org.junit.platform.engine.support.hierarchical.ThrowableCollector.execute(ThrowableCollector.java:73)
	at org.junit.platform.engine.support.hierarchical.NodeTestTask.prepare(NodeTestTask.java:123)
	at org.junit.platform.engine.support.hierarchical.NodeTestTask.execute(NodeTestTask.java:90)
	at java.base/java.util.ArrayList.forEach(ArrayList.java:1541)
	at org.junit.platform.engine.support.hierarchical.SameThreadHierarchicalTestExecutorService.invokeAll(SameThreadHierarchicalTestExecutorService.java:41)
	at org.junit.platform.engine.support.hierarchical.NodeTestTask.lambda$executeRecursively$6(NodeTestTask.java:155)
	at org.junit.platform.engine.support.hierarchical.ThrowableCollector.execute(ThrowableCollector.java:73)
	at org.junit.platform.engine.support.hierarchical.NodeTestTask.lambda$executeRecursively$8(NodeTestTask.java:141)
	at org.junit.platform.engine.support.hierarchical.Node.around(Node.java:137)
	at org.junit.platform.engine.support.hierarchical.NodeTestTask.lambda$executeRecursively$9(NodeTestTask.java:139)
	at org.junit.platform.engine.support.hierarchical.ThrowableCollector.execute(ThrowableCollector.java:73)
	at org.junit.platform.engine.support.hierarchical.NodeTestTask.executeRecursively(NodeTestTask.java:138)
	at org.junit.platform.engine.support.hierarchical.NodeTestTask.execute(NodeTestTask.java:95)
	at java.base/java.util.ArrayList.forEach(ArrayList.java:1541)
	at org.junit.platform.engine.support.hierarchical.SameThreadHierarchicalTestExecutorService.invokeAll(SameThreadHierarchicalTestExecutorService.java:41)
	at org.junit.platform.engine.support.hierarchical.NodeTestTask.lambda$executeRecursively$6(NodeTestTask.java:155)
	at org.junit.platform.engine.support.hierarchical.ThrowableCollector.execute(ThrowableCollector.java:73)
	at org.junit.platform.engine.support.hierarchical.NodeTestTask.lambda$executeRecursively$8(NodeTestTask.java:141)
	at org.junit.platform.engine.support.hierarchical.Node.around(Node.java:137)
	at org.junit.platform.engine.support.hierarchical.NodeTestTask.lambda$executeRecursively$9(NodeTestTask.java:139)
	at org.junit.platform.engine.support.hierarchical.ThrowableCollector.execute(ThrowableCollector.java:73)
	at org.junit.platform.engine.support.hierarchical.NodeTestTask.executeRecursively(NodeTestTask.java:138)
	at org.junit.platform.engine.support.hierarchical.NodeTestTask.execute(NodeTestTask.java:95)
	at org.junit.platform.engine.support.hierarchical.SameThreadHierarchicalTestExecutorService.submit(SameThreadHierarchicalTestExecutorService.java:35)
	at org.junit.platform.engine.support.hierarchical.HierarchicalTestExecutor.execute(HierarchicalTestExecutor.java:57)
	at org.junit.platform.engine.support.hierarchical.HierarchicalTestEngine.execute(HierarchicalTestEngine.java:54)
	at org.junit.platform.launcher.core.EngineExecutionOrchestrator.execute(EngineExecutionOrchestrator.java:107)
	at org.junit.platform.launcher.core.EngineExecutionOrchestrator.execute(EngineExecutionOrchestrator.java:88)
	at org.junit.platform.launcher.core.EngineExecutionOrchestrator.lambda$execute$0(EngineExecutionOrchestrator.java:54)
	at org.junit.platform.launcher.core.EngineExecutionOrchestrator.withInterceptedStreams(EngineExecutionOrchestrator.java:67)
	at org.junit.platform.launcher.core.EngineExecutionOrchestrator.execute(EngineExecutionOrchestrator.java:52)
	at org.junit.platform.launcher.core.DefaultLauncher.execute(DefaultLauncher.java:114)
	at org.junit.platform.launcher.core.DefaultLauncher.execute(DefaultLauncher.java:86)
	at org.junit.platform.launcher.core.DefaultLauncherSession$DelegatingLauncher.execute(DefaultLauncherSession.java:86)
	at org.gradle.api.internal.tasks.testing.junitplatform.JUnitPlatformTestClassProcessor$CollectAllTestClassesExecutor.processAllTestClasses(JUnitPlatformTestClassProcessor.java:110)
	at org.gradle.api.internal.tasks.testing.junitplatform.JUnitPlatformTestClassProcessor$CollectAllTestClassesExecutor.access$000(JUnitPlatformTestClassProcessor.java:90)
	at org.gradle.api.internal.tasks.testing.junitplatform.JUnitPlatformTestClassProcessor.stop(JUnitPlatformTestClassProcessor.java:85)
	at org.gradle.api.internal.tasks.testing.SuiteTestClassProcessor.stop(SuiteTestClassProcessor.java:62)
	at java.base/jdk.internal.reflect.NativeMethodAccessorImpl.invoke0(Native Method)
	at java.base/jdk.internal.reflect.NativeMethodAccessorImpl.invoke(NativeMethodAccessorImpl.java:62)
	at java.base/jdk.internal.reflect.DelegatingMethodAccessorImpl.invoke(DelegatingMethodAccessorImpl.java:43)
	at java.base/java.lang.reflect.Method.invoke(Method.java:566)
	at org.gradle.internal.dispatch.ReflectionDispatch.dispatch(ReflectionDispatch.java:36)
	at org.gradle.internal.dispatch.ReflectionDispatch.dispatch(ReflectionDispatch.java:24)
	at org.gradle.internal.dispatch.ContextClassLoaderDispatch.dispatch(ContextClassLoaderDispatch.java:33)
	at org.gradle.internal.dispatch.ProxyDispatchAdapter$DispatchingInvocationHandler.invoke(ProxyDispatchAdapter.java:94)
	at com.sun.proxy.$Proxy5.stop(Unknown Source)
	at org.gradle.api.internal.tasks.testing.worker.TestWorker$3.run(TestWorker.java:193)
	at org.gradle.api.internal.tasks.testing.worker.TestWorker.executeAndMaintainThreadName(TestWorker.java:129)
	at org.gradle.api.internal.tasks.testing.worker.TestWorker.execute(TestWorker.java:100)
	at org.gradle.api.internal.tasks.testing.worker.TestWorker.execute(TestWorker.java:60)
	at org.gradle.process.internal.worker.child.ActionExecutionWorker.execute(ActionExecutionWorker.java:56)
	at org.gradle.process.internal.worker.child.SystemApplicationClassLoaderWorker.call(SystemApplicationClassLoaderWorker.java:113)
	at org.gradle.process.internal.worker.child.SystemApplicationClassLoaderWorker.call(SystemApplicationClassLoaderWorker.java:65)
	at worker.org.gradle.process.internal.worker.GradleWorkerMain.run(GradleWorkerMain.java:69)
	at worker.org.gradle.process.internal.worker.GradleWorkerMain.main(GradleWorkerMain.java:74)
Caused by: UnsolvedSymbolException{context='arg0', name='Solving arg0', cause='null'}
	at com.github.javaparser.symbolsolver.javaparsermodel.TypeExtractor.visit(TypeExtractor.java:335)
	at com.github.javaparser.symbolsolver.javaparsermodel.TypeExtractor.visit(TypeExtractor.java:65)
	at com.github.javaparser.ast.expr.NameExpr.accept(NameExpr.java:79)
	at com.github.javaparser.symbolsolver.javaparsermodel.JavaParserFacade.getTypeConcrete(JavaParserFacade.java:505)
	at com.github.javaparser.symbolsolver.javaparsermodel.JavaParserFacade.getType(JavaParserFacade.java:352)
	at com.github.javaparser.symbolsolver.javaparsermodel.JavaParserFacade.getType(JavaParserFacade.java:334)
	at com.github.javaparser.symbolsolver.JavaSymbolSolver.calculateType(JavaSymbolSolver.java:294)
	at com.github.javaparser.ast.expr.Expression.calculateResolvedType(Expression.java:573)
	at de.uka.ilkd.key.java.JP2KeYVisitor.visit(JP2KeYConverter.java:707)
	at de.uka.ilkd.key.java.JP2KeYVisitor.visit(JP2KeYConverter.java:90)
	at com.github.javaparser.ast.expr.NameExpr.accept(NameExpr.java:79)
	at de.uka.ilkd.key.java.JP2KeYVisitor.lambda$map$1(JP2KeYConverter.java:402)
	at java.base/java.util.stream.ReferencePipeline$3$1.accept(ReferencePipeline.java:195)
	at java.base/java.util.ArrayList$ArrayListSpliterator.forEachRemaining(ArrayList.java:1655)
	at java.base/java.util.stream.AbstractPipeline.copyInto(AbstractPipeline.java:484)
	at java.base/java.util.stream.AbstractPipeline.wrapAndCopyInto(AbstractPipeline.java:474)
	at java.base/java.util.stream.ReduceOps$ReduceOp.evaluateSequential(ReduceOps.java:913)
	at java.base/java.util.stream.AbstractPipeline.evaluate(AbstractPipeline.java:234)
	at java.base/java.util.stream.ReferencePipeline.collect(ReferencePipeline.java:578)
	at de.uka.ilkd.key.java.JP2KeYVisitor.map(JP2KeYConverter.java:403)
	at de.uka.ilkd.key.java.JP2KeYVisitor.visit(JP2KeYConverter.java:506)
	at de.uka.ilkd.key.java.JP2KeYVisitor.visit(JP2KeYConverter.java:90)
	at com.github.javaparser.ast.stmt.ExplicitConstructorInvocationStmt.accept(ExplicitConstructorInvocationStmt.java:96)
	at de.uka.ilkd.key.java.JP2KeYVisitor.lambda$map$1(JP2KeYConverter.java:402)
	at java.base/java.util.stream.ReferencePipeline$3$1.accept(ReferencePipeline.java:195)
	at java.base/java.util.ArrayList$ArrayListSpliterator.forEachRemaining(ArrayList.java:1655)
	at java.base/java.util.stream.AbstractPipeline.copyInto(AbstractPipeline.java:484)
	at java.base/java.util.stream.AbstractPipeline.wrapAndCopyInto(AbstractPipeline.java:474)
	at java.base/java.util.stream.ReduceOps$ReduceOp.evaluateSequential(ReduceOps.java:913)
	at java.base/java.util.stream.AbstractPipeline.evaluate(AbstractPipeline.java:234)
	at java.base/java.util.stream.ReferencePipeline.collect(ReferencePipeline.java:578)
	at de.uka.ilkd.key.java.JP2KeYVisitor.map(JP2KeYConverter.java:403)
	at de.uka.ilkd.key.java.JP2KeYVisitor.visit(JP2KeYConverter.java:258)
	at de.uka.ilkd.key.java.JP2KeYVisitor.visit(JP2KeYConverter.java:90)
	at com.github.javaparser.ast.stmt.BlockStmt.accept(BlockStmt.java:70)
	at de.uka.ilkd.key.java.JP2KeYVisitor.lambda$map$1(JP2KeYConverter.java:402)
	at java.base/java.util.stream.ReferencePipeline$3$1.accept(ReferencePipeline.java:195)
	at java.base/java.util.ArrayList$ArrayListSpliterator.forEachRemaining(ArrayList.java:1655)
	at java.base/java.util.stream.AbstractPipeline.copyInto(AbstractPipeline.java:484)
	at java.base/java.util.stream.AbstractPipeline.wrapAndCopyInto(AbstractPipeline.java:474)
	at java.base/java.util.stream.ReduceOps$ReduceOp.evaluateSequential(ReduceOps.java:913)
	at java.base/java.util.stream.AbstractPipeline.evaluate(AbstractPipeline.java:234)
	at java.base/java.util.stream.ReferencePipeline.collect(ReferencePipeline.java:578)
	at de.uka.ilkd.key.java.JP2KeYVisitor.map(JP2KeYConverter.java:403)
	at de.uka.ilkd.key.java.JP2KeYVisitor.visit(JP2KeYConverter.java:258)
	at de.uka.ilkd.key.java.JP2KeYVisitor.visit(JP2KeYConverter.java:90)
	at com.github.javaparser.ast.stmt.BlockStmt.accept(BlockStmt.java:70)
	at de.uka.ilkd.key.java.JP2KeYVisitor.accept(JP2KeYConverter.java:348)
	at de.uka.ilkd.key.java.JP2KeYVisitor.visit(JP2KeYConverter.java:946)
	at de.uka.ilkd.key.java.JP2KeYVisitor.visit(JP2KeYConverter.java:90)
	at com.github.javaparser.ast.stmt.TryStmt.accept(TryStmt.java:135)
	at de.uka.ilkd.key.java.JP2KeYVisitor.lambda$map$1(JP2KeYConverter.java:402)
	at java.base/java.util.stream.ReferencePipeline$3$1.accept(ReferencePipeline.java:195)
	at java.base/java.util.ArrayList$ArrayListSpliterator.forEachRemaining(ArrayList.java:1655)
	at java.base/java.util.stream.AbstractPipeline.copyInto(AbstractPipeline.java:484)
	at java.base/java.util.stream.AbstractPipeline.wrapAndCopyInto(AbstractPipeline.java:474)
	at java.base/java.util.stream.ReduceOps$ReduceOp.evaluateSequential(ReduceOps.java:913)
	at java.base/java.util.stream.AbstractPipeline.evaluate(AbstractPipeline.java:234)
	at java.base/java.util.stream.ReferencePipeline.collect(ReferencePipeline.java:578)
	at de.uka.ilkd.key.java.JP2KeYVisitor.map(JP2KeYConverter.java:403)
	at de.uka.ilkd.key.java.JP2KeYVisitor.visit(JP2KeYConverter.java:258)
	at de.uka.ilkd.key.java.JP2KeYVisitor.visit(JP2KeYConverter.java:90)
	at com.github.javaparser.ast.stmt.BlockStmt.accept(BlockStmt.java:70)
	at de.uka.ilkd.key.java.JP2KeYVisitor.accept(JP2KeYConverter.java:348)
	at de.uka.ilkd.key.java.JP2KeYVisitor.visit(JP2KeYConverter.java:609)
	at de.uka.ilkd.key.java.JP2KeYVisitor.visit(JP2KeYConverter.java:90)
	at com.github.javaparser.ast.stmt.IfStmt.accept(IfStmt.java:82)
	at de.uka.ilkd.key.java.JP2KeYVisitor.lambda$map$1(JP2KeYConverter.java:402)
	at java.base/java.util.stream.ReferencePipeline$3$1.accept(ReferencePipeline.java:195)
	at java.base/java.util.ArrayList$ArrayListSpliterator.forEachRemaining(ArrayList.java:1655)
	at java.base/java.util.stream.AbstractPipeline.copyInto(AbstractPipeline.java:484)
	at java.base/java.util.stream.AbstractPipeline.wrapAndCopyInto(AbstractPipeline.java:474)
	at java.base/java.util.stream.ReduceOps$ReduceOp.evaluateSequential(ReduceOps.java:913)
	at java.base/java.util.stream.AbstractPipeline.evaluate(AbstractPipeline.java:234)
	at java.base/java.util.stream.ReferencePipeline.collect(ReferencePipeline.java:578)
	at de.uka.ilkd.key.java.JP2KeYVisitor.map(JP2KeYConverter.java:403)
	at de.uka.ilkd.key.java.JP2KeYVisitor.visit(JP2KeYConverter.java:258)
	at de.uka.ilkd.key.java.JP2KeYVisitor.visit(JP2KeYConverter.java:90)
	at com.github.javaparser.ast.stmt.BlockStmt.accept(BlockStmt.java:70)
	at de.uka.ilkd.key.java.JP2KeYVisitor.accept(JP2KeYConverter.java:348)
	at de.uka.ilkd.key.java.JP2KeYVisitor.visit(JP2KeYConverter.java:609)
	at de.uka.ilkd.key.java.JP2KeYVisitor.visit(JP2KeYConverter.java:90)
	at com.github.javaparser.ast.stmt.IfStmt.accept(IfStmt.java:82)
	at de.uka.ilkd.key.java.JP2KeYVisitor.lambda$map$1(JP2KeYConverter.java:402)
	at java.base/java.util.stream.ReferencePipeline$3$1.accept(ReferencePipeline.java:195)
	at java.base/java.util.ArrayList$ArrayListSpliterator.forEachRemaining(ArrayList.java:1655)
	at java.base/java.util.stream.AbstractPipeline.copyInto(AbstractPipeline.java:484)
	at java.base/java.util.stream.AbstractPipeline.wrapAndCopyInto(AbstractPipeline.java:474)
	at java.base/java.util.stream.ReduceOps$ReduceOp.evaluateSequential(ReduceOps.java:913)
	at java.base/java.util.stream.AbstractPipeline.evaluate(AbstractPipeline.java:234)
	at java.base/java.util.stream.ReferencePipeline.collect(ReferencePipeline.java:578)
	at de.uka.ilkd.key.java.JP2KeYVisitor.map(JP2KeYConverter.java:403)
	at de.uka.ilkd.key.java.JP2KeYVisitor.visit(JP2KeYConverter.java:258)
	at de.uka.ilkd.key.java.JP2KeYVisitor.visit(JP2KeYConverter.java:90)
	at com.github.javaparser.ast.stmt.BlockStmt.accept(BlockStmt.java:70)
	at de.uka.ilkd.key.java.JP2KeYVisitor.accept(JP2KeYConverter.java:348)
	at de.uka.ilkd.key.java.JP2KeYVisitor.accepto(JP2KeYConverter.java:418)
	at de.uka.ilkd.key.java.JP2KeYVisitor.visit(JP2KeYConverter.java:688)
	at de.uka.ilkd.key.java.JP2KeYVisitor.visit(JP2KeYConverter.java:90)
	at com.github.javaparser.ast.body.MethodDeclaration.accept(MethodDeclaration.java:98)
	at de.uka.ilkd.key.java.JP2KeYVisitor.lambda$map$1(JP2KeYConverter.java:402)
	at java.base/java.util.stream.ReferencePipeline$3$1.accept(ReferencePipeline.java:195)
	at java.base/java.util.ArrayList$ArrayListSpliterator.forEachRemaining(ArrayList.java:1655)
	at java.base/java.util.stream.AbstractPipeline.copyInto(AbstractPipeline.java:484)
	at java.base/java.util.stream.AbstractPipeline.wrapAndCopyInto(AbstractPipeline.java:474)
	at java.base/java.util.stream.ReduceOps$ReduceOp.evaluateSequential(ReduceOps.java:913)
	at java.base/java.util.stream.AbstractPipeline.evaluate(AbstractPipeline.java:234)
	at java.base/java.util.stream.ReferencePipeline.collect(ReferencePipeline.java:578)
	at de.uka.ilkd.key.java.JP2KeYVisitor.map(JP2KeYConverter.java:403)
	at de.uka.ilkd.key.java.JP2KeYVisitor.visit(JP2KeYConverter.java:310)
	at de.uka.ilkd.key.java.JP2KeYVisitor.visit(JP2KeYConverter.java:90)
	at com.github.javaparser.ast.body.ClassOrInterfaceDeclaration.accept(ClassOrInterfaceDeclaration.java:95)
	at de.uka.ilkd.key.java.JP2KeYVisitor.lambda$map$1(JP2KeYConverter.java:402)
	at java.base/java.util.stream.ReferencePipeline$3$1.accept(ReferencePipeline.java:195)
	at java.base/java.util.ArrayList$ArrayListSpliterator.forEachRemaining(ArrayList.java:1655)
	at java.base/java.util.stream.AbstractPipeline.copyInto(AbstractPipeline.java:484)
	at java.base/java.util.stream.AbstractPipeline.wrapAndCopyInto(AbstractPipeline.java:474)
	at java.base/java.util.stream.ReduceOps$ReduceOp.evaluateSequential(ReduceOps.java:913)
	at java.base/java.util.stream.AbstractPipeline.evaluate(AbstractPipeline.java:234)
	at java.base/java.util.stream.ReferencePipeline.collect(ReferencePipeline.java:578)
	at de.uka.ilkd.key.java.JP2KeYVisitor.map(JP2KeYConverter.java:403)
	at de.uka.ilkd.key.java.JP2KeYVisitor.visit(JP2KeYConverter.java:393)
	at de.uka.ilkd.key.java.JP2KeYVisitor.visit(JP2KeYConverter.java:90)
	at com.github.javaparser.ast.CompilationUnit.accept(CompilationUnit.java:124)
	at de.uka.ilkd.key.java.JP2KeYConverter.process(JP2KeYConverter.java:84)
	at de.uka.ilkd.key.java.JP2KeYConverter.processCompilationUnit(JP2KeYConverter.java:80)
	at de.uka.ilkd.key.java.JavaService.parseLibraryClasses0(JavaService.java:536)
	at de.uka.ilkd.key.java.JavaService.parseSpecialClasses(JavaService.java:511)
	at de.uka.ilkd.key.proof.init.ProblemInitializer.readJava(ProblemInitializer.java:280)
	at de.uka.ilkd.key.proof.init.ProblemInitializer.prepare(ProblemInitializer.java:529)
	at de.uka.ilkd.key.proof.init.ProblemInitializer.prepare(ProblemInitializer.java:471)
	at de.uka.ilkd.key.rule.TacletForTests.parse(TacletForTests.java:80)
	... 89 more
</failure>
  </testcase>
  <testcase name="test8()" classname="de.uka.ilkd.key.parser.TestTermParser" time="0.001">
    <failure message="java.lang.RuntimeException: Exception occurred while parsing src\test\resources\testcase\testrules.key" type="java.lang.RuntimeException">java.lang.RuntimeException: Exception occurred while parsing src\test\resources\testcase\testrules.key
	at de.uka.ilkd.key.rule.TacletForTests.parse(TacletForTests.java:89)
	at de.uka.ilkd.key.rule.TacletForTests.parse(TacletForTests.java:125)
	at de.uka.ilkd.key.rule.TacletForTests.parse(TacletForTests.java:129)
	at de.uka.ilkd.key.rule.TacletForTests.services(TacletForTests.java:102)
	at de.uka.ilkd.key.parser.TestTermParser.getServices(TestTermParser.java:42)
	at de.uka.ilkd.key.parser.AbstractTestTermParser.&lt;init&gt;(AbstractTestTermParser.java:35)
	at de.uka.ilkd.key.parser.TestTermParser.&lt;init&gt;(TestTermParser.java:34)
	at jdk.internal.reflect.GeneratedConstructorAccessor17.newInstance(Unknown Source)
	at java.base/jdk.internal.reflect.DelegatingConstructorAccessorImpl.newInstance(DelegatingConstructorAccessorImpl.java:45)
	at java.base/java.lang.reflect.Constructor.newInstance(Constructor.java:490)
	at org.junit.platform.commons.util.ReflectionUtils.newInstance(ReflectionUtils.java:552)
	at org.junit.jupiter.engine.execution.ConstructorInvocation.proceed(ConstructorInvocation.java:56)
	at org.junit.jupiter.engine.execution.InvocationInterceptorChain$ValidatingInvocation.proceed(InvocationInterceptorChain.java:131)
	at org.junit.jupiter.api.extension.InvocationInterceptor.interceptTestClassConstructor(InvocationInterceptor.java:73)
	at org.junit.jupiter.engine.execution.InterceptingExecutableInvoker.lambda$invoke$0(InterceptingExecutableInvoker.java:93)
	at org.junit.jupiter.engine.execution.InvocationInterceptorChain$InterceptedInvocation.proceed(InvocationInterceptorChain.java:106)
	at org.junit.jupiter.engine.execution.InvocationInterceptorChain.proceed(InvocationInterceptorChain.java:64)
	at org.junit.jupiter.engine.execution.InvocationInterceptorChain.chainAndInvoke(InvocationInterceptorChain.java:45)
	at org.junit.jupiter.engine.execution.InvocationInterceptorChain.invoke(InvocationInterceptorChain.java:37)
	at org.junit.jupiter.engine.execution.InterceptingExecutableInvoker.invoke(InterceptingExecutableInvoker.java:92)
	at org.junit.jupiter.engine.execution.InterceptingExecutableInvoker.invoke(InterceptingExecutableInvoker.java:62)
	at org.junit.jupiter.engine.descriptor.ClassBasedTestDescriptor.invokeTestClassConstructor(ClassBasedTestDescriptor.java:363)
	at org.junit.jupiter.engine.descriptor.ClassBasedTestDescriptor.instantiateTestClass(ClassBasedTestDescriptor.java:310)
	at org.junit.jupiter.engine.descriptor.ClassTestDescriptor.instantiateTestClass(ClassTestDescriptor.java:79)
	at org.junit.jupiter.engine.descriptor.ClassBasedTestDescriptor.instantiateAndPostProcessTestInstance(ClassBasedTestDescriptor.java:286)
	at org.junit.jupiter.engine.descriptor.ClassBasedTestDescriptor.lambda$testInstancesProvider$4(ClassBasedTestDescriptor.java:278)
	at java.base/java.util.Optional.orElseGet(Optional.java:369)
	at org.junit.jupiter.engine.descriptor.ClassBasedTestDescriptor.lambda$testInstancesProvider$5(ClassBasedTestDescriptor.java:277)
	at org.junit.jupiter.engine.execution.TestInstancesProvider.getTestInstances(TestInstancesProvider.java:31)
	at org.junit.jupiter.engine.descriptor.TestMethodTestDescriptor.lambda$prepare$0(TestMethodTestDescriptor.java:105)
	at org.junit.platform.engine.support.hierarchical.ThrowableCollector.execute(ThrowableCollector.java:73)
	at org.junit.jupiter.engine.descriptor.TestMethodTestDescriptor.prepare(TestMethodTestDescriptor.java:104)
	at org.junit.jupiter.engine.descriptor.TestMethodTestDescriptor.prepare(TestMethodTestDescriptor.java:68)
	at org.junit.platform.engine.support.hierarchical.NodeTestTask.lambda$prepare$2(NodeTestTask.java:123)
	at org.junit.platform.engine.support.hierarchical.ThrowableCollector.execute(ThrowableCollector.java:73)
	at org.junit.platform.engine.support.hierarchical.NodeTestTask.prepare(NodeTestTask.java:123)
	at org.junit.platform.engine.support.hierarchical.NodeTestTask.execute(NodeTestTask.java:90)
	at java.base/java.util.ArrayList.forEach(ArrayList.java:1541)
	at org.junit.platform.engine.support.hierarchical.SameThreadHierarchicalTestExecutorService.invokeAll(SameThreadHierarchicalTestExecutorService.java:41)
	at org.junit.platform.engine.support.hierarchical.NodeTestTask.lambda$executeRecursively$6(NodeTestTask.java:155)
	at org.junit.platform.engine.support.hierarchical.ThrowableCollector.execute(ThrowableCollector.java:73)
	at org.junit.platform.engine.support.hierarchical.NodeTestTask.lambda$executeRecursively$8(NodeTestTask.java:141)
	at org.junit.platform.engine.support.hierarchical.Node.around(Node.java:137)
	at org.junit.platform.engine.support.hierarchical.NodeTestTask.lambda$executeRecursively$9(NodeTestTask.java:139)
	at org.junit.platform.engine.support.hierarchical.ThrowableCollector.execute(ThrowableCollector.java:73)
	at org.junit.platform.engine.support.hierarchical.NodeTestTask.executeRecursively(NodeTestTask.java:138)
	at org.junit.platform.engine.support.hierarchical.NodeTestTask.execute(NodeTestTask.java:95)
	at java.base/java.util.ArrayList.forEach(ArrayList.java:1541)
	at org.junit.platform.engine.support.hierarchical.SameThreadHierarchicalTestExecutorService.invokeAll(SameThreadHierarchicalTestExecutorService.java:41)
	at org.junit.platform.engine.support.hierarchical.NodeTestTask.lambda$executeRecursively$6(NodeTestTask.java:155)
	at org.junit.platform.engine.support.hierarchical.ThrowableCollector.execute(ThrowableCollector.java:73)
	at org.junit.platform.engine.support.hierarchical.NodeTestTask.lambda$executeRecursively$8(NodeTestTask.java:141)
	at org.junit.platform.engine.support.hierarchical.Node.around(Node.java:137)
	at org.junit.platform.engine.support.hierarchical.NodeTestTask.lambda$executeRecursively$9(NodeTestTask.java:139)
	at org.junit.platform.engine.support.hierarchical.ThrowableCollector.execute(ThrowableCollector.java:73)
	at org.junit.platform.engine.support.hierarchical.NodeTestTask.executeRecursively(NodeTestTask.java:138)
	at org.junit.platform.engine.support.hierarchical.NodeTestTask.execute(NodeTestTask.java:95)
	at org.junit.platform.engine.support.hierarchical.SameThreadHierarchicalTestExecutorService.submit(SameThreadHierarchicalTestExecutorService.java:35)
	at org.junit.platform.engine.support.hierarchical.HierarchicalTestExecutor.execute(HierarchicalTestExecutor.java:57)
	at org.junit.platform.engine.support.hierarchical.HierarchicalTestEngine.execute(HierarchicalTestEngine.java:54)
	at org.junit.platform.launcher.core.EngineExecutionOrchestrator.execute(EngineExecutionOrchestrator.java:107)
	at org.junit.platform.launcher.core.EngineExecutionOrchestrator.execute(EngineExecutionOrchestrator.java:88)
	at org.junit.platform.launcher.core.EngineExecutionOrchestrator.lambda$execute$0(EngineExecutionOrchestrator.java:54)
	at org.junit.platform.launcher.core.EngineExecutionOrchestrator.withInterceptedStreams(EngineExecutionOrchestrator.java:67)
	at org.junit.platform.launcher.core.EngineExecutionOrchestrator.execute(EngineExecutionOrchestrator.java:52)
	at org.junit.platform.launcher.core.DefaultLauncher.execute(DefaultLauncher.java:114)
	at org.junit.platform.launcher.core.DefaultLauncher.execute(DefaultLauncher.java:86)
	at org.junit.platform.launcher.core.DefaultLauncherSession$DelegatingLauncher.execute(DefaultLauncherSession.java:86)
	at org.gradle.api.internal.tasks.testing.junitplatform.JUnitPlatformTestClassProcessor$CollectAllTestClassesExecutor.processAllTestClasses(JUnitPlatformTestClassProcessor.java:110)
	at org.gradle.api.internal.tasks.testing.junitplatform.JUnitPlatformTestClassProcessor$CollectAllTestClassesExecutor.access$000(JUnitPlatformTestClassProcessor.java:90)
	at org.gradle.api.internal.tasks.testing.junitplatform.JUnitPlatformTestClassProcessor.stop(JUnitPlatformTestClassProcessor.java:85)
	at org.gradle.api.internal.tasks.testing.SuiteTestClassProcessor.stop(SuiteTestClassProcessor.java:62)
	at java.base/jdk.internal.reflect.NativeMethodAccessorImpl.invoke0(Native Method)
	at java.base/jdk.internal.reflect.NativeMethodAccessorImpl.invoke(NativeMethodAccessorImpl.java:62)
	at java.base/jdk.internal.reflect.DelegatingMethodAccessorImpl.invoke(DelegatingMethodAccessorImpl.java:43)
	at java.base/java.lang.reflect.Method.invoke(Method.java:566)
	at org.gradle.internal.dispatch.ReflectionDispatch.dispatch(ReflectionDispatch.java:36)
	at org.gradle.internal.dispatch.ReflectionDispatch.dispatch(ReflectionDispatch.java:24)
	at org.gradle.internal.dispatch.ContextClassLoaderDispatch.dispatch(ContextClassLoaderDispatch.java:33)
	at org.gradle.internal.dispatch.ProxyDispatchAdapter$DispatchingInvocationHandler.invoke(ProxyDispatchAdapter.java:94)
	at com.sun.proxy.$Proxy5.stop(Unknown Source)
	at org.gradle.api.internal.tasks.testing.worker.TestWorker$3.run(TestWorker.java:193)
	at org.gradle.api.internal.tasks.testing.worker.TestWorker.executeAndMaintainThreadName(TestWorker.java:129)
	at org.gradle.api.internal.tasks.testing.worker.TestWorker.execute(TestWorker.java:100)
	at org.gradle.api.internal.tasks.testing.worker.TestWorker.execute(TestWorker.java:60)
	at org.gradle.process.internal.worker.child.ActionExecutionWorker.execute(ActionExecutionWorker.java:56)
	at org.gradle.process.internal.worker.child.SystemApplicationClassLoaderWorker.call(SystemApplicationClassLoaderWorker.java:113)
	at org.gradle.process.internal.worker.child.SystemApplicationClassLoaderWorker.call(SystemApplicationClassLoaderWorker.java:65)
	at worker.org.gradle.process.internal.worker.GradleWorkerMain.run(GradleWorkerMain.java:69)
	at worker.org.gradle.process.internal.worker.GradleWorkerMain.main(GradleWorkerMain.java:74)
Caused by: UnsolvedSymbolException{context='arg0', name='Solving arg0', cause='null'}
	at com.github.javaparser.symbolsolver.javaparsermodel.TypeExtractor.visit(TypeExtractor.java:335)
	at com.github.javaparser.symbolsolver.javaparsermodel.TypeExtractor.visit(TypeExtractor.java:65)
	at com.github.javaparser.ast.expr.NameExpr.accept(NameExpr.java:79)
	at com.github.javaparser.symbolsolver.javaparsermodel.JavaParserFacade.getTypeConcrete(JavaParserFacade.java:505)
	at com.github.javaparser.symbolsolver.javaparsermodel.JavaParserFacade.getType(JavaParserFacade.java:352)
	at com.github.javaparser.symbolsolver.javaparsermodel.JavaParserFacade.getType(JavaParserFacade.java:334)
	at com.github.javaparser.symbolsolver.JavaSymbolSolver.calculateType(JavaSymbolSolver.java:294)
	at com.github.javaparser.ast.expr.Expression.calculateResolvedType(Expression.java:573)
	at de.uka.ilkd.key.java.JP2KeYVisitor.visit(JP2KeYConverter.java:707)
	at de.uka.ilkd.key.java.JP2KeYVisitor.visit(JP2KeYConverter.java:90)
	at com.github.javaparser.ast.expr.NameExpr.accept(NameExpr.java:79)
	at de.uka.ilkd.key.java.JP2KeYVisitor.lambda$map$1(JP2KeYConverter.java:402)
	at java.base/java.util.stream.ReferencePipeline$3$1.accept(ReferencePipeline.java:195)
	at java.base/java.util.ArrayList$ArrayListSpliterator.forEachRemaining(ArrayList.java:1655)
	at java.base/java.util.stream.AbstractPipeline.copyInto(AbstractPipeline.java:484)
	at java.base/java.util.stream.AbstractPipeline.wrapAndCopyInto(AbstractPipeline.java:474)
	at java.base/java.util.stream.ReduceOps$ReduceOp.evaluateSequential(ReduceOps.java:913)
	at java.base/java.util.stream.AbstractPipeline.evaluate(AbstractPipeline.java:234)
	at java.base/java.util.stream.ReferencePipeline.collect(ReferencePipeline.java:578)
	at de.uka.ilkd.key.java.JP2KeYVisitor.map(JP2KeYConverter.java:403)
	at de.uka.ilkd.key.java.JP2KeYVisitor.visit(JP2KeYConverter.java:506)
	at de.uka.ilkd.key.java.JP2KeYVisitor.visit(JP2KeYConverter.java:90)
	at com.github.javaparser.ast.stmt.ExplicitConstructorInvocationStmt.accept(ExplicitConstructorInvocationStmt.java:96)
	at de.uka.ilkd.key.java.JP2KeYVisitor.lambda$map$1(JP2KeYConverter.java:402)
	at java.base/java.util.stream.ReferencePipeline$3$1.accept(ReferencePipeline.java:195)
	at java.base/java.util.ArrayList$ArrayListSpliterator.forEachRemaining(ArrayList.java:1655)
	at java.base/java.util.stream.AbstractPipeline.copyInto(AbstractPipeline.java:484)
	at java.base/java.util.stream.AbstractPipeline.wrapAndCopyInto(AbstractPipeline.java:474)
	at java.base/java.util.stream.ReduceOps$ReduceOp.evaluateSequential(ReduceOps.java:913)
	at java.base/java.util.stream.AbstractPipeline.evaluate(AbstractPipeline.java:234)
	at java.base/java.util.stream.ReferencePipeline.collect(ReferencePipeline.java:578)
	at de.uka.ilkd.key.java.JP2KeYVisitor.map(JP2KeYConverter.java:403)
	at de.uka.ilkd.key.java.JP2KeYVisitor.visit(JP2KeYConverter.java:258)
	at de.uka.ilkd.key.java.JP2KeYVisitor.visit(JP2KeYConverter.java:90)
	at com.github.javaparser.ast.stmt.BlockStmt.accept(BlockStmt.java:70)
	at de.uka.ilkd.key.java.JP2KeYVisitor.lambda$map$1(JP2KeYConverter.java:402)
	at java.base/java.util.stream.ReferencePipeline$3$1.accept(ReferencePipeline.java:195)
	at java.base/java.util.ArrayList$ArrayListSpliterator.forEachRemaining(ArrayList.java:1655)
	at java.base/java.util.stream.AbstractPipeline.copyInto(AbstractPipeline.java:484)
	at java.base/java.util.stream.AbstractPipeline.wrapAndCopyInto(AbstractPipeline.java:474)
	at java.base/java.util.stream.ReduceOps$ReduceOp.evaluateSequential(ReduceOps.java:913)
	at java.base/java.util.stream.AbstractPipeline.evaluate(AbstractPipeline.java:234)
	at java.base/java.util.stream.ReferencePipeline.collect(ReferencePipeline.java:578)
	at de.uka.ilkd.key.java.JP2KeYVisitor.map(JP2KeYConverter.java:403)
	at de.uka.ilkd.key.java.JP2KeYVisitor.visit(JP2KeYConverter.java:258)
	at de.uka.ilkd.key.java.JP2KeYVisitor.visit(JP2KeYConverter.java:90)
	at com.github.javaparser.ast.stmt.BlockStmt.accept(BlockStmt.java:70)
	at de.uka.ilkd.key.java.JP2KeYVisitor.accept(JP2KeYConverter.java:348)
	at de.uka.ilkd.key.java.JP2KeYVisitor.visit(JP2KeYConverter.java:946)
	at de.uka.ilkd.key.java.JP2KeYVisitor.visit(JP2KeYConverter.java:90)
	at com.github.javaparser.ast.stmt.TryStmt.accept(TryStmt.java:135)
	at de.uka.ilkd.key.java.JP2KeYVisitor.lambda$map$1(JP2KeYConverter.java:402)
	at java.base/java.util.stream.ReferencePipeline$3$1.accept(ReferencePipeline.java:195)
	at java.base/java.util.ArrayList$ArrayListSpliterator.forEachRemaining(ArrayList.java:1655)
	at java.base/java.util.stream.AbstractPipeline.copyInto(AbstractPipeline.java:484)
	at java.base/java.util.stream.AbstractPipeline.wrapAndCopyInto(AbstractPipeline.java:474)
	at java.base/java.util.stream.ReduceOps$ReduceOp.evaluateSequential(ReduceOps.java:913)
	at java.base/java.util.stream.AbstractPipeline.evaluate(AbstractPipeline.java:234)
	at java.base/java.util.stream.ReferencePipeline.collect(ReferencePipeline.java:578)
	at de.uka.ilkd.key.java.JP2KeYVisitor.map(JP2KeYConverter.java:403)
	at de.uka.ilkd.key.java.JP2KeYVisitor.visit(JP2KeYConverter.java:258)
	at de.uka.ilkd.key.java.JP2KeYVisitor.visit(JP2KeYConverter.java:90)
	at com.github.javaparser.ast.stmt.BlockStmt.accept(BlockStmt.java:70)
	at de.uka.ilkd.key.java.JP2KeYVisitor.accept(JP2KeYConverter.java:348)
	at de.uka.ilkd.key.java.JP2KeYVisitor.visit(JP2KeYConverter.java:609)
	at de.uka.ilkd.key.java.JP2KeYVisitor.visit(JP2KeYConverter.java:90)
	at com.github.javaparser.ast.stmt.IfStmt.accept(IfStmt.java:82)
	at de.uka.ilkd.key.java.JP2KeYVisitor.lambda$map$1(JP2KeYConverter.java:402)
	at java.base/java.util.stream.ReferencePipeline$3$1.accept(ReferencePipeline.java:195)
	at java.base/java.util.ArrayList$ArrayListSpliterator.forEachRemaining(ArrayList.java:1655)
	at java.base/java.util.stream.AbstractPipeline.copyInto(AbstractPipeline.java:484)
	at java.base/java.util.stream.AbstractPipeline.wrapAndCopyInto(AbstractPipeline.java:474)
	at java.base/java.util.stream.ReduceOps$ReduceOp.evaluateSequential(ReduceOps.java:913)
	at java.base/java.util.stream.AbstractPipeline.evaluate(AbstractPipeline.java:234)
	at java.base/java.util.stream.ReferencePipeline.collect(ReferencePipeline.java:578)
	at de.uka.ilkd.key.java.JP2KeYVisitor.map(JP2KeYConverter.java:403)
	at de.uka.ilkd.key.java.JP2KeYVisitor.visit(JP2KeYConverter.java:258)
	at de.uka.ilkd.key.java.JP2KeYVisitor.visit(JP2KeYConverter.java:90)
	at com.github.javaparser.ast.stmt.BlockStmt.accept(BlockStmt.java:70)
	at de.uka.ilkd.key.java.JP2KeYVisitor.accept(JP2KeYConverter.java:348)
	at de.uka.ilkd.key.java.JP2KeYVisitor.visit(JP2KeYConverter.java:609)
	at de.uka.ilkd.key.java.JP2KeYVisitor.visit(JP2KeYConverter.java:90)
	at com.github.javaparser.ast.stmt.IfStmt.accept(IfStmt.java:82)
	at de.uka.ilkd.key.java.JP2KeYVisitor.lambda$map$1(JP2KeYConverter.java:402)
	at java.base/java.util.stream.ReferencePipeline$3$1.accept(ReferencePipeline.java:195)
	at java.base/java.util.ArrayList$ArrayListSpliterator.forEachRemaining(ArrayList.java:1655)
	at java.base/java.util.stream.AbstractPipeline.copyInto(AbstractPipeline.java:484)
	at java.base/java.util.stream.AbstractPipeline.wrapAndCopyInto(AbstractPipeline.java:474)
	at java.base/java.util.stream.ReduceOps$ReduceOp.evaluateSequential(ReduceOps.java:913)
	at java.base/java.util.stream.AbstractPipeline.evaluate(AbstractPipeline.java:234)
	at java.base/java.util.stream.ReferencePipeline.collect(ReferencePipeline.java:578)
	at de.uka.ilkd.key.java.JP2KeYVisitor.map(JP2KeYConverter.java:403)
	at de.uka.ilkd.key.java.JP2KeYVisitor.visit(JP2KeYConverter.java:258)
	at de.uka.ilkd.key.java.JP2KeYVisitor.visit(JP2KeYConverter.java:90)
	at com.github.javaparser.ast.stmt.BlockStmt.accept(BlockStmt.java:70)
	at de.uka.ilkd.key.java.JP2KeYVisitor.accept(JP2KeYConverter.java:348)
	at de.uka.ilkd.key.java.JP2KeYVisitor.accepto(JP2KeYConverter.java:418)
	at de.uka.ilkd.key.java.JP2KeYVisitor.visit(JP2KeYConverter.java:688)
	at de.uka.ilkd.key.java.JP2KeYVisitor.visit(JP2KeYConverter.java:90)
	at com.github.javaparser.ast.body.MethodDeclaration.accept(MethodDeclaration.java:98)
	at de.uka.ilkd.key.java.JP2KeYVisitor.lambda$map$1(JP2KeYConverter.java:402)
	at java.base/java.util.stream.ReferencePipeline$3$1.accept(ReferencePipeline.java:195)
	at java.base/java.util.ArrayList$ArrayListSpliterator.forEachRemaining(ArrayList.java:1655)
	at java.base/java.util.stream.AbstractPipeline.copyInto(AbstractPipeline.java:484)
	at java.base/java.util.stream.AbstractPipeline.wrapAndCopyInto(AbstractPipeline.java:474)
	at java.base/java.util.stream.ReduceOps$ReduceOp.evaluateSequential(ReduceOps.java:913)
	at java.base/java.util.stream.AbstractPipeline.evaluate(AbstractPipeline.java:234)
	at java.base/java.util.stream.ReferencePipeline.collect(ReferencePipeline.java:578)
	at de.uka.ilkd.key.java.JP2KeYVisitor.map(JP2KeYConverter.java:403)
	at de.uka.ilkd.key.java.JP2KeYVisitor.visit(JP2KeYConverter.java:310)
	at de.uka.ilkd.key.java.JP2KeYVisitor.visit(JP2KeYConverter.java:90)
	at com.github.javaparser.ast.body.ClassOrInterfaceDeclaration.accept(ClassOrInterfaceDeclaration.java:95)
	at de.uka.ilkd.key.java.JP2KeYVisitor.lambda$map$1(JP2KeYConverter.java:402)
	at java.base/java.util.stream.ReferencePipeline$3$1.accept(ReferencePipeline.java:195)
	at java.base/java.util.ArrayList$ArrayListSpliterator.forEachRemaining(ArrayList.java:1655)
	at java.base/java.util.stream.AbstractPipeline.copyInto(AbstractPipeline.java:484)
	at java.base/java.util.stream.AbstractPipeline.wrapAndCopyInto(AbstractPipeline.java:474)
	at java.base/java.util.stream.ReduceOps$ReduceOp.evaluateSequential(ReduceOps.java:913)
	at java.base/java.util.stream.AbstractPipeline.evaluate(AbstractPipeline.java:234)
	at java.base/java.util.stream.ReferencePipeline.collect(ReferencePipeline.java:578)
	at de.uka.ilkd.key.java.JP2KeYVisitor.map(JP2KeYConverter.java:403)
	at de.uka.ilkd.key.java.JP2KeYVisitor.visit(JP2KeYConverter.java:393)
	at de.uka.ilkd.key.java.JP2KeYVisitor.visit(JP2KeYConverter.java:90)
	at com.github.javaparser.ast.CompilationUnit.accept(CompilationUnit.java:124)
	at de.uka.ilkd.key.java.JP2KeYConverter.process(JP2KeYConverter.java:84)
	at de.uka.ilkd.key.java.JP2KeYConverter.processCompilationUnit(JP2KeYConverter.java:80)
	at de.uka.ilkd.key.java.JavaService.parseLibraryClasses0(JavaService.java:536)
	at de.uka.ilkd.key.java.JavaService.parseSpecialClasses(JavaService.java:511)
	at de.uka.ilkd.key.proof.init.ProblemInitializer.readJava(ProblemInitializer.java:280)
	at de.uka.ilkd.key.proof.init.ProblemInitializer.prepare(ProblemInitializer.java:529)
	at de.uka.ilkd.key.proof.init.ProblemInitializer.prepare(ProblemInitializer.java:471)
	at de.uka.ilkd.key.rule.TacletForTests.parse(TacletForTests.java:80)
	... 89 more
</failure>
  </testcase>
  <testcase name="test9()" classname="de.uka.ilkd.key.parser.TestTermParser" time="0.003">
    <failure message="java.lang.RuntimeException: Exception occurred while parsing src\test\resources\testcase\testrules.key" type="java.lang.RuntimeException">java.lang.RuntimeException: Exception occurred while parsing src\test\resources\testcase\testrules.key
	at de.uka.ilkd.key.rule.TacletForTests.parse(TacletForTests.java:89)
	at de.uka.ilkd.key.rule.TacletForTests.parse(TacletForTests.java:125)
	at de.uka.ilkd.key.rule.TacletForTests.parse(TacletForTests.java:129)
	at de.uka.ilkd.key.rule.TacletForTests.services(TacletForTests.java:102)
	at de.uka.ilkd.key.parser.TestTermParser.getServices(TestTermParser.java:42)
	at de.uka.ilkd.key.parser.AbstractTestTermParser.&lt;init&gt;(AbstractTestTermParser.java:35)
	at de.uka.ilkd.key.parser.TestTermParser.&lt;init&gt;(TestTermParser.java:34)
	at jdk.internal.reflect.GeneratedConstructorAccessor17.newInstance(Unknown Source)
	at java.base/jdk.internal.reflect.DelegatingConstructorAccessorImpl.newInstance(DelegatingConstructorAccessorImpl.java:45)
	at java.base/java.lang.reflect.Constructor.newInstance(Constructor.java:490)
	at org.junit.platform.commons.util.ReflectionUtils.newInstance(ReflectionUtils.java:552)
	at org.junit.jupiter.engine.execution.ConstructorInvocation.proceed(ConstructorInvocation.java:56)
	at org.junit.jupiter.engine.execution.InvocationInterceptorChain$ValidatingInvocation.proceed(InvocationInterceptorChain.java:131)
	at org.junit.jupiter.api.extension.InvocationInterceptor.interceptTestClassConstructor(InvocationInterceptor.java:73)
	at org.junit.jupiter.engine.execution.InterceptingExecutableInvoker.lambda$invoke$0(InterceptingExecutableInvoker.java:93)
	at org.junit.jupiter.engine.execution.InvocationInterceptorChain$InterceptedInvocation.proceed(InvocationInterceptorChain.java:106)
	at org.junit.jupiter.engine.execution.InvocationInterceptorChain.proceed(InvocationInterceptorChain.java:64)
	at org.junit.jupiter.engine.execution.InvocationInterceptorChain.chainAndInvoke(InvocationInterceptorChain.java:45)
	at org.junit.jupiter.engine.execution.InvocationInterceptorChain.invoke(InvocationInterceptorChain.java:37)
	at org.junit.jupiter.engine.execution.InterceptingExecutableInvoker.invoke(InterceptingExecutableInvoker.java:92)
	at org.junit.jupiter.engine.execution.InterceptingExecutableInvoker.invoke(InterceptingExecutableInvoker.java:62)
	at org.junit.jupiter.engine.descriptor.ClassBasedTestDescriptor.invokeTestClassConstructor(ClassBasedTestDescriptor.java:363)
	at org.junit.jupiter.engine.descriptor.ClassBasedTestDescriptor.instantiateTestClass(ClassBasedTestDescriptor.java:310)
	at org.junit.jupiter.engine.descriptor.ClassTestDescriptor.instantiateTestClass(ClassTestDescriptor.java:79)
	at org.junit.jupiter.engine.descriptor.ClassBasedTestDescriptor.instantiateAndPostProcessTestInstance(ClassBasedTestDescriptor.java:286)
	at org.junit.jupiter.engine.descriptor.ClassBasedTestDescriptor.lambda$testInstancesProvider$4(ClassBasedTestDescriptor.java:278)
	at java.base/java.util.Optional.orElseGet(Optional.java:369)
	at org.junit.jupiter.engine.descriptor.ClassBasedTestDescriptor.lambda$testInstancesProvider$5(ClassBasedTestDescriptor.java:277)
	at org.junit.jupiter.engine.execution.TestInstancesProvider.getTestInstances(TestInstancesProvider.java:31)
	at org.junit.jupiter.engine.descriptor.TestMethodTestDescriptor.lambda$prepare$0(TestMethodTestDescriptor.java:105)
	at org.junit.platform.engine.support.hierarchical.ThrowableCollector.execute(ThrowableCollector.java:73)
	at org.junit.jupiter.engine.descriptor.TestMethodTestDescriptor.prepare(TestMethodTestDescriptor.java:104)
	at org.junit.jupiter.engine.descriptor.TestMethodTestDescriptor.prepare(TestMethodTestDescriptor.java:68)
	at org.junit.platform.engine.support.hierarchical.NodeTestTask.lambda$prepare$2(NodeTestTask.java:123)
	at org.junit.platform.engine.support.hierarchical.ThrowableCollector.execute(ThrowableCollector.java:73)
	at org.junit.platform.engine.support.hierarchical.NodeTestTask.prepare(NodeTestTask.java:123)
	at org.junit.platform.engine.support.hierarchical.NodeTestTask.execute(NodeTestTask.java:90)
	at java.base/java.util.ArrayList.forEach(ArrayList.java:1541)
	at org.junit.platform.engine.support.hierarchical.SameThreadHierarchicalTestExecutorService.invokeAll(SameThreadHierarchicalTestExecutorService.java:41)
	at org.junit.platform.engine.support.hierarchical.NodeTestTask.lambda$executeRecursively$6(NodeTestTask.java:155)
	at org.junit.platform.engine.support.hierarchical.ThrowableCollector.execute(ThrowableCollector.java:73)
	at org.junit.platform.engine.support.hierarchical.NodeTestTask.lambda$executeRecursively$8(NodeTestTask.java:141)
	at org.junit.platform.engine.support.hierarchical.Node.around(Node.java:137)
	at org.junit.platform.engine.support.hierarchical.NodeTestTask.lambda$executeRecursively$9(NodeTestTask.java:139)
	at org.junit.platform.engine.support.hierarchical.ThrowableCollector.execute(ThrowableCollector.java:73)
	at org.junit.platform.engine.support.hierarchical.NodeTestTask.executeRecursively(NodeTestTask.java:138)
	at org.junit.platform.engine.support.hierarchical.NodeTestTask.execute(NodeTestTask.java:95)
	at java.base/java.util.ArrayList.forEach(ArrayList.java:1541)
	at org.junit.platform.engine.support.hierarchical.SameThreadHierarchicalTestExecutorService.invokeAll(SameThreadHierarchicalTestExecutorService.java:41)
	at org.junit.platform.engine.support.hierarchical.NodeTestTask.lambda$executeRecursively$6(NodeTestTask.java:155)
	at org.junit.platform.engine.support.hierarchical.ThrowableCollector.execute(ThrowableCollector.java:73)
	at org.junit.platform.engine.support.hierarchical.NodeTestTask.lambda$executeRecursively$8(NodeTestTask.java:141)
	at org.junit.platform.engine.support.hierarchical.Node.around(Node.java:137)
	at org.junit.platform.engine.support.hierarchical.NodeTestTask.lambda$executeRecursively$9(NodeTestTask.java:139)
	at org.junit.platform.engine.support.hierarchical.ThrowableCollector.execute(ThrowableCollector.java:73)
	at org.junit.platform.engine.support.hierarchical.NodeTestTask.executeRecursively(NodeTestTask.java:138)
	at org.junit.platform.engine.support.hierarchical.NodeTestTask.execute(NodeTestTask.java:95)
	at org.junit.platform.engine.support.hierarchical.SameThreadHierarchicalTestExecutorService.submit(SameThreadHierarchicalTestExecutorService.java:35)
	at org.junit.platform.engine.support.hierarchical.HierarchicalTestExecutor.execute(HierarchicalTestExecutor.java:57)
	at org.junit.platform.engine.support.hierarchical.HierarchicalTestEngine.execute(HierarchicalTestEngine.java:54)
	at org.junit.platform.launcher.core.EngineExecutionOrchestrator.execute(EngineExecutionOrchestrator.java:107)
	at org.junit.platform.launcher.core.EngineExecutionOrchestrator.execute(EngineExecutionOrchestrator.java:88)
	at org.junit.platform.launcher.core.EngineExecutionOrchestrator.lambda$execute$0(EngineExecutionOrchestrator.java:54)
	at org.junit.platform.launcher.core.EngineExecutionOrchestrator.withInterceptedStreams(EngineExecutionOrchestrator.java:67)
	at org.junit.platform.launcher.core.EngineExecutionOrchestrator.execute(EngineExecutionOrchestrator.java:52)
	at org.junit.platform.launcher.core.DefaultLauncher.execute(DefaultLauncher.java:114)
	at org.junit.platform.launcher.core.DefaultLauncher.execute(DefaultLauncher.java:86)
	at org.junit.platform.launcher.core.DefaultLauncherSession$DelegatingLauncher.execute(DefaultLauncherSession.java:86)
	at org.gradle.api.internal.tasks.testing.junitplatform.JUnitPlatformTestClassProcessor$CollectAllTestClassesExecutor.processAllTestClasses(JUnitPlatformTestClassProcessor.java:110)
	at org.gradle.api.internal.tasks.testing.junitplatform.JUnitPlatformTestClassProcessor$CollectAllTestClassesExecutor.access$000(JUnitPlatformTestClassProcessor.java:90)
	at org.gradle.api.internal.tasks.testing.junitplatform.JUnitPlatformTestClassProcessor.stop(JUnitPlatformTestClassProcessor.java:85)
	at org.gradle.api.internal.tasks.testing.SuiteTestClassProcessor.stop(SuiteTestClassProcessor.java:62)
	at java.base/jdk.internal.reflect.NativeMethodAccessorImpl.invoke0(Native Method)
	at java.base/jdk.internal.reflect.NativeMethodAccessorImpl.invoke(NativeMethodAccessorImpl.java:62)
	at java.base/jdk.internal.reflect.DelegatingMethodAccessorImpl.invoke(DelegatingMethodAccessorImpl.java:43)
	at java.base/java.lang.reflect.Method.invoke(Method.java:566)
	at org.gradle.internal.dispatch.ReflectionDispatch.dispatch(ReflectionDispatch.java:36)
	at org.gradle.internal.dispatch.ReflectionDispatch.dispatch(ReflectionDispatch.java:24)
	at org.gradle.internal.dispatch.ContextClassLoaderDispatch.dispatch(ContextClassLoaderDispatch.java:33)
	at org.gradle.internal.dispatch.ProxyDispatchAdapter$DispatchingInvocationHandler.invoke(ProxyDispatchAdapter.java:94)
	at com.sun.proxy.$Proxy5.stop(Unknown Source)
	at org.gradle.api.internal.tasks.testing.worker.TestWorker$3.run(TestWorker.java:193)
	at org.gradle.api.internal.tasks.testing.worker.TestWorker.executeAndMaintainThreadName(TestWorker.java:129)
	at org.gradle.api.internal.tasks.testing.worker.TestWorker.execute(TestWorker.java:100)
	at org.gradle.api.internal.tasks.testing.worker.TestWorker.execute(TestWorker.java:60)
	at org.gradle.process.internal.worker.child.ActionExecutionWorker.execute(ActionExecutionWorker.java:56)
	at org.gradle.process.internal.worker.child.SystemApplicationClassLoaderWorker.call(SystemApplicationClassLoaderWorker.java:113)
	at org.gradle.process.internal.worker.child.SystemApplicationClassLoaderWorker.call(SystemApplicationClassLoaderWorker.java:65)
	at worker.org.gradle.process.internal.worker.GradleWorkerMain.run(GradleWorkerMain.java:69)
	at worker.org.gradle.process.internal.worker.GradleWorkerMain.main(GradleWorkerMain.java:74)
Caused by: UnsolvedSymbolException{context='arg0', name='Solving arg0', cause='null'}
	at com.github.javaparser.symbolsolver.javaparsermodel.TypeExtractor.visit(TypeExtractor.java:335)
	at com.github.javaparser.symbolsolver.javaparsermodel.TypeExtractor.visit(TypeExtractor.java:65)
	at com.github.javaparser.ast.expr.NameExpr.accept(NameExpr.java:79)
	at com.github.javaparser.symbolsolver.javaparsermodel.JavaParserFacade.getTypeConcrete(JavaParserFacade.java:505)
	at com.github.javaparser.symbolsolver.javaparsermodel.JavaParserFacade.getType(JavaParserFacade.java:352)
	at com.github.javaparser.symbolsolver.javaparsermodel.JavaParserFacade.getType(JavaParserFacade.java:334)
	at com.github.javaparser.symbolsolver.JavaSymbolSolver.calculateType(JavaSymbolSolver.java:294)
	at com.github.javaparser.ast.expr.Expression.calculateResolvedType(Expression.java:573)
	at de.uka.ilkd.key.java.JP2KeYVisitor.visit(JP2KeYConverter.java:707)
	at de.uka.ilkd.key.java.JP2KeYVisitor.visit(JP2KeYConverter.java:90)
	at com.github.javaparser.ast.expr.NameExpr.accept(NameExpr.java:79)
	at de.uka.ilkd.key.java.JP2KeYVisitor.lambda$map$1(JP2KeYConverter.java:402)
	at java.base/java.util.stream.ReferencePipeline$3$1.accept(ReferencePipeline.java:195)
	at java.base/java.util.ArrayList$ArrayListSpliterator.forEachRemaining(ArrayList.java:1655)
	at java.base/java.util.stream.AbstractPipeline.copyInto(AbstractPipeline.java:484)
	at java.base/java.util.stream.AbstractPipeline.wrapAndCopyInto(AbstractPipeline.java:474)
	at java.base/java.util.stream.ReduceOps$ReduceOp.evaluateSequential(ReduceOps.java:913)
	at java.base/java.util.stream.AbstractPipeline.evaluate(AbstractPipeline.java:234)
	at java.base/java.util.stream.ReferencePipeline.collect(ReferencePipeline.java:578)
	at de.uka.ilkd.key.java.JP2KeYVisitor.map(JP2KeYConverter.java:403)
	at de.uka.ilkd.key.java.JP2KeYVisitor.visit(JP2KeYConverter.java:506)
	at de.uka.ilkd.key.java.JP2KeYVisitor.visit(JP2KeYConverter.java:90)
	at com.github.javaparser.ast.stmt.ExplicitConstructorInvocationStmt.accept(ExplicitConstructorInvocationStmt.java:96)
	at de.uka.ilkd.key.java.JP2KeYVisitor.lambda$map$1(JP2KeYConverter.java:402)
	at java.base/java.util.stream.ReferencePipeline$3$1.accept(ReferencePipeline.java:195)
	at java.base/java.util.ArrayList$ArrayListSpliterator.forEachRemaining(ArrayList.java:1655)
	at java.base/java.util.stream.AbstractPipeline.copyInto(AbstractPipeline.java:484)
	at java.base/java.util.stream.AbstractPipeline.wrapAndCopyInto(AbstractPipeline.java:474)
	at java.base/java.util.stream.ReduceOps$ReduceOp.evaluateSequential(ReduceOps.java:913)
	at java.base/java.util.stream.AbstractPipeline.evaluate(AbstractPipeline.java:234)
	at java.base/java.util.stream.ReferencePipeline.collect(ReferencePipeline.java:578)
	at de.uka.ilkd.key.java.JP2KeYVisitor.map(JP2KeYConverter.java:403)
	at de.uka.ilkd.key.java.JP2KeYVisitor.visit(JP2KeYConverter.java:258)
	at de.uka.ilkd.key.java.JP2KeYVisitor.visit(JP2KeYConverter.java:90)
	at com.github.javaparser.ast.stmt.BlockStmt.accept(BlockStmt.java:70)
	at de.uka.ilkd.key.java.JP2KeYVisitor.lambda$map$1(JP2KeYConverter.java:402)
	at java.base/java.util.stream.ReferencePipeline$3$1.accept(ReferencePipeline.java:195)
	at java.base/java.util.ArrayList$ArrayListSpliterator.forEachRemaining(ArrayList.java:1655)
	at java.base/java.util.stream.AbstractPipeline.copyInto(AbstractPipeline.java:484)
	at java.base/java.util.stream.AbstractPipeline.wrapAndCopyInto(AbstractPipeline.java:474)
	at java.base/java.util.stream.ReduceOps$ReduceOp.evaluateSequential(ReduceOps.java:913)
	at java.base/java.util.stream.AbstractPipeline.evaluate(AbstractPipeline.java:234)
	at java.base/java.util.stream.ReferencePipeline.collect(ReferencePipeline.java:578)
	at de.uka.ilkd.key.java.JP2KeYVisitor.map(JP2KeYConverter.java:403)
	at de.uka.ilkd.key.java.JP2KeYVisitor.visit(JP2KeYConverter.java:258)
	at de.uka.ilkd.key.java.JP2KeYVisitor.visit(JP2KeYConverter.java:90)
	at com.github.javaparser.ast.stmt.BlockStmt.accept(BlockStmt.java:70)
	at de.uka.ilkd.key.java.JP2KeYVisitor.accept(JP2KeYConverter.java:348)
	at de.uka.ilkd.key.java.JP2KeYVisitor.visit(JP2KeYConverter.java:946)
	at de.uka.ilkd.key.java.JP2KeYVisitor.visit(JP2KeYConverter.java:90)
	at com.github.javaparser.ast.stmt.TryStmt.accept(TryStmt.java:135)
	at de.uka.ilkd.key.java.JP2KeYVisitor.lambda$map$1(JP2KeYConverter.java:402)
	at java.base/java.util.stream.ReferencePipeline$3$1.accept(ReferencePipeline.java:195)
	at java.base/java.util.ArrayList$ArrayListSpliterator.forEachRemaining(ArrayList.java:1655)
	at java.base/java.util.stream.AbstractPipeline.copyInto(AbstractPipeline.java:484)
	at java.base/java.util.stream.AbstractPipeline.wrapAndCopyInto(AbstractPipeline.java:474)
	at java.base/java.util.stream.ReduceOps$ReduceOp.evaluateSequential(ReduceOps.java:913)
	at java.base/java.util.stream.AbstractPipeline.evaluate(AbstractPipeline.java:234)
	at java.base/java.util.stream.ReferencePipeline.collect(ReferencePipeline.java:578)
	at de.uka.ilkd.key.java.JP2KeYVisitor.map(JP2KeYConverter.java:403)
	at de.uka.ilkd.key.java.JP2KeYVisitor.visit(JP2KeYConverter.java:258)
	at de.uka.ilkd.key.java.JP2KeYVisitor.visit(JP2KeYConverter.java:90)
	at com.github.javaparser.ast.stmt.BlockStmt.accept(BlockStmt.java:70)
	at de.uka.ilkd.key.java.JP2KeYVisitor.accept(JP2KeYConverter.java:348)
	at de.uka.ilkd.key.java.JP2KeYVisitor.visit(JP2KeYConverter.java:609)
	at de.uka.ilkd.key.java.JP2KeYVisitor.visit(JP2KeYConverter.java:90)
	at com.github.javaparser.ast.stmt.IfStmt.accept(IfStmt.java:82)
	at de.uka.ilkd.key.java.JP2KeYVisitor.lambda$map$1(JP2KeYConverter.java:402)
	at java.base/java.util.stream.ReferencePipeline$3$1.accept(ReferencePipeline.java:195)
	at java.base/java.util.ArrayList$ArrayListSpliterator.forEachRemaining(ArrayList.java:1655)
	at java.base/java.util.stream.AbstractPipeline.copyInto(AbstractPipeline.java:484)
	at java.base/java.util.stream.AbstractPipeline.wrapAndCopyInto(AbstractPipeline.java:474)
	at java.base/java.util.stream.ReduceOps$ReduceOp.evaluateSequential(ReduceOps.java:913)
	at java.base/java.util.stream.AbstractPipeline.evaluate(AbstractPipeline.java:234)
	at java.base/java.util.stream.ReferencePipeline.collect(ReferencePipeline.java:578)
	at de.uka.ilkd.key.java.JP2KeYVisitor.map(JP2KeYConverter.java:403)
	at de.uka.ilkd.key.java.JP2KeYVisitor.visit(JP2KeYConverter.java:258)
	at de.uka.ilkd.key.java.JP2KeYVisitor.visit(JP2KeYConverter.java:90)
	at com.github.javaparser.ast.stmt.BlockStmt.accept(BlockStmt.java:70)
	at de.uka.ilkd.key.java.JP2KeYVisitor.accept(JP2KeYConverter.java:348)
	at de.uka.ilkd.key.java.JP2KeYVisitor.visit(JP2KeYConverter.java:609)
	at de.uka.ilkd.key.java.JP2KeYVisitor.visit(JP2KeYConverter.java:90)
	at com.github.javaparser.ast.stmt.IfStmt.accept(IfStmt.java:82)
	at de.uka.ilkd.key.java.JP2KeYVisitor.lambda$map$1(JP2KeYConverter.java:402)
	at java.base/java.util.stream.ReferencePipeline$3$1.accept(ReferencePipeline.java:195)
	at java.base/java.util.ArrayList$ArrayListSpliterator.forEachRemaining(ArrayList.java:1655)
	at java.base/java.util.stream.AbstractPipeline.copyInto(AbstractPipeline.java:484)
	at java.base/java.util.stream.AbstractPipeline.wrapAndCopyInto(AbstractPipeline.java:474)
	at java.base/java.util.stream.ReduceOps$ReduceOp.evaluateSequential(ReduceOps.java:913)
	at java.base/java.util.stream.AbstractPipeline.evaluate(AbstractPipeline.java:234)
	at java.base/java.util.stream.ReferencePipeline.collect(ReferencePipeline.java:578)
	at de.uka.ilkd.key.java.JP2KeYVisitor.map(JP2KeYConverter.java:403)
	at de.uka.ilkd.key.java.JP2KeYVisitor.visit(JP2KeYConverter.java:258)
	at de.uka.ilkd.key.java.JP2KeYVisitor.visit(JP2KeYConverter.java:90)
	at com.github.javaparser.ast.stmt.BlockStmt.accept(BlockStmt.java:70)
	at de.uka.ilkd.key.java.JP2KeYVisitor.accept(JP2KeYConverter.java:348)
	at de.uka.ilkd.key.java.JP2KeYVisitor.accepto(JP2KeYConverter.java:418)
	at de.uka.ilkd.key.java.JP2KeYVisitor.visit(JP2KeYConverter.java:688)
	at de.uka.ilkd.key.java.JP2KeYVisitor.visit(JP2KeYConverter.java:90)
	at com.github.javaparser.ast.body.MethodDeclaration.accept(MethodDeclaration.java:98)
	at de.uka.ilkd.key.java.JP2KeYVisitor.lambda$map$1(JP2KeYConverter.java:402)
	at java.base/java.util.stream.ReferencePipeline$3$1.accept(ReferencePipeline.java:195)
	at java.base/java.util.ArrayList$ArrayListSpliterator.forEachRemaining(ArrayList.java:1655)
	at java.base/java.util.stream.AbstractPipeline.copyInto(AbstractPipeline.java:484)
	at java.base/java.util.stream.AbstractPipeline.wrapAndCopyInto(AbstractPipeline.java:474)
	at java.base/java.util.stream.ReduceOps$ReduceOp.evaluateSequential(ReduceOps.java:913)
	at java.base/java.util.stream.AbstractPipeline.evaluate(AbstractPipeline.java:234)
	at java.base/java.util.stream.ReferencePipeline.collect(ReferencePipeline.java:578)
	at de.uka.ilkd.key.java.JP2KeYVisitor.map(JP2KeYConverter.java:403)
	at de.uka.ilkd.key.java.JP2KeYVisitor.visit(JP2KeYConverter.java:310)
	at de.uka.ilkd.key.java.JP2KeYVisitor.visit(JP2KeYConverter.java:90)
	at com.github.javaparser.ast.body.ClassOrInterfaceDeclaration.accept(ClassOrInterfaceDeclaration.java:95)
	at de.uka.ilkd.key.java.JP2KeYVisitor.lambda$map$1(JP2KeYConverter.java:402)
	at java.base/java.util.stream.ReferencePipeline$3$1.accept(ReferencePipeline.java:195)
	at java.base/java.util.ArrayList$ArrayListSpliterator.forEachRemaining(ArrayList.java:1655)
	at java.base/java.util.stream.AbstractPipeline.copyInto(AbstractPipeline.java:484)
	at java.base/java.util.stream.AbstractPipeline.wrapAndCopyInto(AbstractPipeline.java:474)
	at java.base/java.util.stream.ReduceOps$ReduceOp.evaluateSequential(ReduceOps.java:913)
	at java.base/java.util.stream.AbstractPipeline.evaluate(AbstractPipeline.java:234)
	at java.base/java.util.stream.ReferencePipeline.collect(ReferencePipeline.java:578)
	at de.uka.ilkd.key.java.JP2KeYVisitor.map(JP2KeYConverter.java:403)
	at de.uka.ilkd.key.java.JP2KeYVisitor.visit(JP2KeYConverter.java:393)
	at de.uka.ilkd.key.java.JP2KeYVisitor.visit(JP2KeYConverter.java:90)
	at com.github.javaparser.ast.CompilationUnit.accept(CompilationUnit.java:124)
	at de.uka.ilkd.key.java.JP2KeYConverter.process(JP2KeYConverter.java:84)
	at de.uka.ilkd.key.java.JP2KeYConverter.processCompilationUnit(JP2KeYConverter.java:80)
	at de.uka.ilkd.key.java.JavaService.parseLibraryClasses0(JavaService.java:536)
	at de.uka.ilkd.key.java.JavaService.parseSpecialClasses(JavaService.java:511)
	at de.uka.ilkd.key.proof.init.ProblemInitializer.readJava(ProblemInitializer.java:280)
	at de.uka.ilkd.key.proof.init.ProblemInitializer.prepare(ProblemInitializer.java:529)
	at de.uka.ilkd.key.proof.init.ProblemInitializer.prepare(ProblemInitializer.java:471)
	at de.uka.ilkd.key.rule.TacletForTests.parse(TacletForTests.java:80)
	... 89 more
</failure>
  </testcase>
  <testcase name="testBindingUpdateTerm()" classname="de.uka.ilkd.key.parser.TestTermParser" time="0.003">
    <failure message="java.lang.RuntimeException: Exception occurred while parsing src\test\resources\testcase\testrules.key" type="java.lang.RuntimeException">java.lang.RuntimeException: Exception occurred while parsing src\test\resources\testcase\testrules.key
	at de.uka.ilkd.key.rule.TacletForTests.parse(TacletForTests.java:89)
	at de.uka.ilkd.key.rule.TacletForTests.parse(TacletForTests.java:125)
	at de.uka.ilkd.key.rule.TacletForTests.parse(TacletForTests.java:129)
	at de.uka.ilkd.key.rule.TacletForTests.services(TacletForTests.java:102)
	at de.uka.ilkd.key.parser.TestTermParser.getServices(TestTermParser.java:42)
	at de.uka.ilkd.key.parser.AbstractTestTermParser.&lt;init&gt;(AbstractTestTermParser.java:35)
	at de.uka.ilkd.key.parser.TestTermParser.&lt;init&gt;(TestTermParser.java:34)
	at jdk.internal.reflect.GeneratedConstructorAccessor17.newInstance(Unknown Source)
	at java.base/jdk.internal.reflect.DelegatingConstructorAccessorImpl.newInstance(DelegatingConstructorAccessorImpl.java:45)
	at java.base/java.lang.reflect.Constructor.newInstance(Constructor.java:490)
	at org.junit.platform.commons.util.ReflectionUtils.newInstance(ReflectionUtils.java:552)
	at org.junit.jupiter.engine.execution.ConstructorInvocation.proceed(ConstructorInvocation.java:56)
	at org.junit.jupiter.engine.execution.InvocationInterceptorChain$ValidatingInvocation.proceed(InvocationInterceptorChain.java:131)
	at org.junit.jupiter.api.extension.InvocationInterceptor.interceptTestClassConstructor(InvocationInterceptor.java:73)
	at org.junit.jupiter.engine.execution.InterceptingExecutableInvoker.lambda$invoke$0(InterceptingExecutableInvoker.java:93)
	at org.junit.jupiter.engine.execution.InvocationInterceptorChain$InterceptedInvocation.proceed(InvocationInterceptorChain.java:106)
	at org.junit.jupiter.engine.execution.InvocationInterceptorChain.proceed(InvocationInterceptorChain.java:64)
	at org.junit.jupiter.engine.execution.InvocationInterceptorChain.chainAndInvoke(InvocationInterceptorChain.java:45)
	at org.junit.jupiter.engine.execution.InvocationInterceptorChain.invoke(InvocationInterceptorChain.java:37)
	at org.junit.jupiter.engine.execution.InterceptingExecutableInvoker.invoke(InterceptingExecutableInvoker.java:92)
	at org.junit.jupiter.engine.execution.InterceptingExecutableInvoker.invoke(InterceptingExecutableInvoker.java:62)
	at org.junit.jupiter.engine.descriptor.ClassBasedTestDescriptor.invokeTestClassConstructor(ClassBasedTestDescriptor.java:363)
	at org.junit.jupiter.engine.descriptor.ClassBasedTestDescriptor.instantiateTestClass(ClassBasedTestDescriptor.java:310)
	at org.junit.jupiter.engine.descriptor.ClassTestDescriptor.instantiateTestClass(ClassTestDescriptor.java:79)
	at org.junit.jupiter.engine.descriptor.ClassBasedTestDescriptor.instantiateAndPostProcessTestInstance(ClassBasedTestDescriptor.java:286)
	at org.junit.jupiter.engine.descriptor.ClassBasedTestDescriptor.lambda$testInstancesProvider$4(ClassBasedTestDescriptor.java:278)
	at java.base/java.util.Optional.orElseGet(Optional.java:369)
	at org.junit.jupiter.engine.descriptor.ClassBasedTestDescriptor.lambda$testInstancesProvider$5(ClassBasedTestDescriptor.java:277)
	at org.junit.jupiter.engine.execution.TestInstancesProvider.getTestInstances(TestInstancesProvider.java:31)
	at org.junit.jupiter.engine.descriptor.TestMethodTestDescriptor.lambda$prepare$0(TestMethodTestDescriptor.java:105)
	at org.junit.platform.engine.support.hierarchical.ThrowableCollector.execute(ThrowableCollector.java:73)
	at org.junit.jupiter.engine.descriptor.TestMethodTestDescriptor.prepare(TestMethodTestDescriptor.java:104)
	at org.junit.jupiter.engine.descriptor.TestMethodTestDescriptor.prepare(TestMethodTestDescriptor.java:68)
	at org.junit.platform.engine.support.hierarchical.NodeTestTask.lambda$prepare$2(NodeTestTask.java:123)
	at org.junit.platform.engine.support.hierarchical.ThrowableCollector.execute(ThrowableCollector.java:73)
	at org.junit.platform.engine.support.hierarchical.NodeTestTask.prepare(NodeTestTask.java:123)
	at org.junit.platform.engine.support.hierarchical.NodeTestTask.execute(NodeTestTask.java:90)
	at java.base/java.util.ArrayList.forEach(ArrayList.java:1541)
	at org.junit.platform.engine.support.hierarchical.SameThreadHierarchicalTestExecutorService.invokeAll(SameThreadHierarchicalTestExecutorService.java:41)
	at org.junit.platform.engine.support.hierarchical.NodeTestTask.lambda$executeRecursively$6(NodeTestTask.java:155)
	at org.junit.platform.engine.support.hierarchical.ThrowableCollector.execute(ThrowableCollector.java:73)
	at org.junit.platform.engine.support.hierarchical.NodeTestTask.lambda$executeRecursively$8(NodeTestTask.java:141)
	at org.junit.platform.engine.support.hierarchical.Node.around(Node.java:137)
	at org.junit.platform.engine.support.hierarchical.NodeTestTask.lambda$executeRecursively$9(NodeTestTask.java:139)
	at org.junit.platform.engine.support.hierarchical.ThrowableCollector.execute(ThrowableCollector.java:73)
	at org.junit.platform.engine.support.hierarchical.NodeTestTask.executeRecursively(NodeTestTask.java:138)
	at org.junit.platform.engine.support.hierarchical.NodeTestTask.execute(NodeTestTask.java:95)
	at java.base/java.util.ArrayList.forEach(ArrayList.java:1541)
	at org.junit.platform.engine.support.hierarchical.SameThreadHierarchicalTestExecutorService.invokeAll(SameThreadHierarchicalTestExecutorService.java:41)
	at org.junit.platform.engine.support.hierarchical.NodeTestTask.lambda$executeRecursively$6(NodeTestTask.java:155)
	at org.junit.platform.engine.support.hierarchical.ThrowableCollector.execute(ThrowableCollector.java:73)
	at org.junit.platform.engine.support.hierarchical.NodeTestTask.lambda$executeRecursively$8(NodeTestTask.java:141)
	at org.junit.platform.engine.support.hierarchical.Node.around(Node.java:137)
	at org.junit.platform.engine.support.hierarchical.NodeTestTask.lambda$executeRecursively$9(NodeTestTask.java:139)
	at org.junit.platform.engine.support.hierarchical.ThrowableCollector.execute(ThrowableCollector.java:73)
	at org.junit.platform.engine.support.hierarchical.NodeTestTask.executeRecursively(NodeTestTask.java:138)
	at org.junit.platform.engine.support.hierarchical.NodeTestTask.execute(NodeTestTask.java:95)
	at org.junit.platform.engine.support.hierarchical.SameThreadHierarchicalTestExecutorService.submit(SameThreadHierarchicalTestExecutorService.java:35)
	at org.junit.platform.engine.support.hierarchical.HierarchicalTestExecutor.execute(HierarchicalTestExecutor.java:57)
	at org.junit.platform.engine.support.hierarchical.HierarchicalTestEngine.execute(HierarchicalTestEngine.java:54)
	at org.junit.platform.launcher.core.EngineExecutionOrchestrator.execute(EngineExecutionOrchestrator.java:107)
	at org.junit.platform.launcher.core.EngineExecutionOrchestrator.execute(EngineExecutionOrchestrator.java:88)
	at org.junit.platform.launcher.core.EngineExecutionOrchestrator.lambda$execute$0(EngineExecutionOrchestrator.java:54)
	at org.junit.platform.launcher.core.EngineExecutionOrchestrator.withInterceptedStreams(EngineExecutionOrchestrator.java:67)
	at org.junit.platform.launcher.core.EngineExecutionOrchestrator.execute(EngineExecutionOrchestrator.java:52)
	at org.junit.platform.launcher.core.DefaultLauncher.execute(DefaultLauncher.java:114)
	at org.junit.platform.launcher.core.DefaultLauncher.execute(DefaultLauncher.java:86)
	at org.junit.platform.launcher.core.DefaultLauncherSession$DelegatingLauncher.execute(DefaultLauncherSession.java:86)
	at org.gradle.api.internal.tasks.testing.junitplatform.JUnitPlatformTestClassProcessor$CollectAllTestClassesExecutor.processAllTestClasses(JUnitPlatformTestClassProcessor.java:110)
	at org.gradle.api.internal.tasks.testing.junitplatform.JUnitPlatformTestClassProcessor$CollectAllTestClassesExecutor.access$000(JUnitPlatformTestClassProcessor.java:90)
	at org.gradle.api.internal.tasks.testing.junitplatform.JUnitPlatformTestClassProcessor.stop(JUnitPlatformTestClassProcessor.java:85)
	at org.gradle.api.internal.tasks.testing.SuiteTestClassProcessor.stop(SuiteTestClassProcessor.java:62)
	at java.base/jdk.internal.reflect.NativeMethodAccessorImpl.invoke0(Native Method)
	at java.base/jdk.internal.reflect.NativeMethodAccessorImpl.invoke(NativeMethodAccessorImpl.java:62)
	at java.base/jdk.internal.reflect.DelegatingMethodAccessorImpl.invoke(DelegatingMethodAccessorImpl.java:43)
	at java.base/java.lang.reflect.Method.invoke(Method.java:566)
	at org.gradle.internal.dispatch.ReflectionDispatch.dispatch(ReflectionDispatch.java:36)
	at org.gradle.internal.dispatch.ReflectionDispatch.dispatch(ReflectionDispatch.java:24)
	at org.gradle.internal.dispatch.ContextClassLoaderDispatch.dispatch(ContextClassLoaderDispatch.java:33)
	at org.gradle.internal.dispatch.ProxyDispatchAdapter$DispatchingInvocationHandler.invoke(ProxyDispatchAdapter.java:94)
	at com.sun.proxy.$Proxy5.stop(Unknown Source)
	at org.gradle.api.internal.tasks.testing.worker.TestWorker$3.run(TestWorker.java:193)
	at org.gradle.api.internal.tasks.testing.worker.TestWorker.executeAndMaintainThreadName(TestWorker.java:129)
	at org.gradle.api.internal.tasks.testing.worker.TestWorker.execute(TestWorker.java:100)
	at org.gradle.api.internal.tasks.testing.worker.TestWorker.execute(TestWorker.java:60)
	at org.gradle.process.internal.worker.child.ActionExecutionWorker.execute(ActionExecutionWorker.java:56)
	at org.gradle.process.internal.worker.child.SystemApplicationClassLoaderWorker.call(SystemApplicationClassLoaderWorker.java:113)
	at org.gradle.process.internal.worker.child.SystemApplicationClassLoaderWorker.call(SystemApplicationClassLoaderWorker.java:65)
	at worker.org.gradle.process.internal.worker.GradleWorkerMain.run(GradleWorkerMain.java:69)
	at worker.org.gradle.process.internal.worker.GradleWorkerMain.main(GradleWorkerMain.java:74)
Caused by: UnsolvedSymbolException{context='arg0', name='Solving arg0', cause='null'}
	at com.github.javaparser.symbolsolver.javaparsermodel.TypeExtractor.visit(TypeExtractor.java:335)
	at com.github.javaparser.symbolsolver.javaparsermodel.TypeExtractor.visit(TypeExtractor.java:65)
	at com.github.javaparser.ast.expr.NameExpr.accept(NameExpr.java:79)
	at com.github.javaparser.symbolsolver.javaparsermodel.JavaParserFacade.getTypeConcrete(JavaParserFacade.java:505)
	at com.github.javaparser.symbolsolver.javaparsermodel.JavaParserFacade.getType(JavaParserFacade.java:352)
	at com.github.javaparser.symbolsolver.javaparsermodel.JavaParserFacade.getType(JavaParserFacade.java:334)
	at com.github.javaparser.symbolsolver.JavaSymbolSolver.calculateType(JavaSymbolSolver.java:294)
	at com.github.javaparser.ast.expr.Expression.calculateResolvedType(Expression.java:573)
	at de.uka.ilkd.key.java.JP2KeYVisitor.visit(JP2KeYConverter.java:707)
	at de.uka.ilkd.key.java.JP2KeYVisitor.visit(JP2KeYConverter.java:90)
	at com.github.javaparser.ast.expr.NameExpr.accept(NameExpr.java:79)
	at de.uka.ilkd.key.java.JP2KeYVisitor.lambda$map$1(JP2KeYConverter.java:402)
	at java.base/java.util.stream.ReferencePipeline$3$1.accept(ReferencePipeline.java:195)
	at java.base/java.util.ArrayList$ArrayListSpliterator.forEachRemaining(ArrayList.java:1655)
	at java.base/java.util.stream.AbstractPipeline.copyInto(AbstractPipeline.java:484)
	at java.base/java.util.stream.AbstractPipeline.wrapAndCopyInto(AbstractPipeline.java:474)
	at java.base/java.util.stream.ReduceOps$ReduceOp.evaluateSequential(ReduceOps.java:913)
	at java.base/java.util.stream.AbstractPipeline.evaluate(AbstractPipeline.java:234)
	at java.base/java.util.stream.ReferencePipeline.collect(ReferencePipeline.java:578)
	at de.uka.ilkd.key.java.JP2KeYVisitor.map(JP2KeYConverter.java:403)
	at de.uka.ilkd.key.java.JP2KeYVisitor.visit(JP2KeYConverter.java:506)
	at de.uka.ilkd.key.java.JP2KeYVisitor.visit(JP2KeYConverter.java:90)
	at com.github.javaparser.ast.stmt.ExplicitConstructorInvocationStmt.accept(ExplicitConstructorInvocationStmt.java:96)
	at de.uka.ilkd.key.java.JP2KeYVisitor.lambda$map$1(JP2KeYConverter.java:402)
	at java.base/java.util.stream.ReferencePipeline$3$1.accept(ReferencePipeline.java:195)
	at java.base/java.util.ArrayList$ArrayListSpliterator.forEachRemaining(ArrayList.java:1655)
	at java.base/java.util.stream.AbstractPipeline.copyInto(AbstractPipeline.java:484)
	at java.base/java.util.stream.AbstractPipeline.wrapAndCopyInto(AbstractPipeline.java:474)
	at java.base/java.util.stream.ReduceOps$ReduceOp.evaluateSequential(ReduceOps.java:913)
	at java.base/java.util.stream.AbstractPipeline.evaluate(AbstractPipeline.java:234)
	at java.base/java.util.stream.ReferencePipeline.collect(ReferencePipeline.java:578)
	at de.uka.ilkd.key.java.JP2KeYVisitor.map(JP2KeYConverter.java:403)
	at de.uka.ilkd.key.java.JP2KeYVisitor.visit(JP2KeYConverter.java:258)
	at de.uka.ilkd.key.java.JP2KeYVisitor.visit(JP2KeYConverter.java:90)
	at com.github.javaparser.ast.stmt.BlockStmt.accept(BlockStmt.java:70)
	at de.uka.ilkd.key.java.JP2KeYVisitor.lambda$map$1(JP2KeYConverter.java:402)
	at java.base/java.util.stream.ReferencePipeline$3$1.accept(ReferencePipeline.java:195)
	at java.base/java.util.ArrayList$ArrayListSpliterator.forEachRemaining(ArrayList.java:1655)
	at java.base/java.util.stream.AbstractPipeline.copyInto(AbstractPipeline.java:484)
	at java.base/java.util.stream.AbstractPipeline.wrapAndCopyInto(AbstractPipeline.java:474)
	at java.base/java.util.stream.ReduceOps$ReduceOp.evaluateSequential(ReduceOps.java:913)
	at java.base/java.util.stream.AbstractPipeline.evaluate(AbstractPipeline.java:234)
	at java.base/java.util.stream.ReferencePipeline.collect(ReferencePipeline.java:578)
	at de.uka.ilkd.key.java.JP2KeYVisitor.map(JP2KeYConverter.java:403)
	at de.uka.ilkd.key.java.JP2KeYVisitor.visit(JP2KeYConverter.java:258)
	at de.uka.ilkd.key.java.JP2KeYVisitor.visit(JP2KeYConverter.java:90)
	at com.github.javaparser.ast.stmt.BlockStmt.accept(BlockStmt.java:70)
	at de.uka.ilkd.key.java.JP2KeYVisitor.accept(JP2KeYConverter.java:348)
	at de.uka.ilkd.key.java.JP2KeYVisitor.visit(JP2KeYConverter.java:946)
	at de.uka.ilkd.key.java.JP2KeYVisitor.visit(JP2KeYConverter.java:90)
	at com.github.javaparser.ast.stmt.TryStmt.accept(TryStmt.java:135)
	at de.uka.ilkd.key.java.JP2KeYVisitor.lambda$map$1(JP2KeYConverter.java:402)
	at java.base/java.util.stream.ReferencePipeline$3$1.accept(ReferencePipeline.java:195)
	at java.base/java.util.ArrayList$ArrayListSpliterator.forEachRemaining(ArrayList.java:1655)
	at java.base/java.util.stream.AbstractPipeline.copyInto(AbstractPipeline.java:484)
	at java.base/java.util.stream.AbstractPipeline.wrapAndCopyInto(AbstractPipeline.java:474)
	at java.base/java.util.stream.ReduceOps$ReduceOp.evaluateSequential(ReduceOps.java:913)
	at java.base/java.util.stream.AbstractPipeline.evaluate(AbstractPipeline.java:234)
	at java.base/java.util.stream.ReferencePipeline.collect(ReferencePipeline.java:578)
	at de.uka.ilkd.key.java.JP2KeYVisitor.map(JP2KeYConverter.java:403)
	at de.uka.ilkd.key.java.JP2KeYVisitor.visit(JP2KeYConverter.java:258)
	at de.uka.ilkd.key.java.JP2KeYVisitor.visit(JP2KeYConverter.java:90)
	at com.github.javaparser.ast.stmt.BlockStmt.accept(BlockStmt.java:70)
	at de.uka.ilkd.key.java.JP2KeYVisitor.accept(JP2KeYConverter.java:348)
	at de.uka.ilkd.key.java.JP2KeYVisitor.visit(JP2KeYConverter.java:609)
	at de.uka.ilkd.key.java.JP2KeYVisitor.visit(JP2KeYConverter.java:90)
	at com.github.javaparser.ast.stmt.IfStmt.accept(IfStmt.java:82)
	at de.uka.ilkd.key.java.JP2KeYVisitor.lambda$map$1(JP2KeYConverter.java:402)
	at java.base/java.util.stream.ReferencePipeline$3$1.accept(ReferencePipeline.java:195)
	at java.base/java.util.ArrayList$ArrayListSpliterator.forEachRemaining(ArrayList.java:1655)
	at java.base/java.util.stream.AbstractPipeline.copyInto(AbstractPipeline.java:484)
	at java.base/java.util.stream.AbstractPipeline.wrapAndCopyInto(AbstractPipeline.java:474)
	at java.base/java.util.stream.ReduceOps$ReduceOp.evaluateSequential(ReduceOps.java:913)
	at java.base/java.util.stream.AbstractPipeline.evaluate(AbstractPipeline.java:234)
	at java.base/java.util.stream.ReferencePipeline.collect(ReferencePipeline.java:578)
	at de.uka.ilkd.key.java.JP2KeYVisitor.map(JP2KeYConverter.java:403)
	at de.uka.ilkd.key.java.JP2KeYVisitor.visit(JP2KeYConverter.java:258)
	at de.uka.ilkd.key.java.JP2KeYVisitor.visit(JP2KeYConverter.java:90)
	at com.github.javaparser.ast.stmt.BlockStmt.accept(BlockStmt.java:70)
	at de.uka.ilkd.key.java.JP2KeYVisitor.accept(JP2KeYConverter.java:348)
	at de.uka.ilkd.key.java.JP2KeYVisitor.visit(JP2KeYConverter.java:609)
	at de.uka.ilkd.key.java.JP2KeYVisitor.visit(JP2KeYConverter.java:90)
	at com.github.javaparser.ast.stmt.IfStmt.accept(IfStmt.java:82)
	at de.uka.ilkd.key.java.JP2KeYVisitor.lambda$map$1(JP2KeYConverter.java:402)
	at java.base/java.util.stream.ReferencePipeline$3$1.accept(ReferencePipeline.java:195)
	at java.base/java.util.ArrayList$ArrayListSpliterator.forEachRemaining(ArrayList.java:1655)
	at java.base/java.util.stream.AbstractPipeline.copyInto(AbstractPipeline.java:484)
	at java.base/java.util.stream.AbstractPipeline.wrapAndCopyInto(AbstractPipeline.java:474)
	at java.base/java.util.stream.ReduceOps$ReduceOp.evaluateSequential(ReduceOps.java:913)
	at java.base/java.util.stream.AbstractPipeline.evaluate(AbstractPipeline.java:234)
	at java.base/java.util.stream.ReferencePipeline.collect(ReferencePipeline.java:578)
	at de.uka.ilkd.key.java.JP2KeYVisitor.map(JP2KeYConverter.java:403)
	at de.uka.ilkd.key.java.JP2KeYVisitor.visit(JP2KeYConverter.java:258)
	at de.uka.ilkd.key.java.JP2KeYVisitor.visit(JP2KeYConverter.java:90)
	at com.github.javaparser.ast.stmt.BlockStmt.accept(BlockStmt.java:70)
	at de.uka.ilkd.key.java.JP2KeYVisitor.accept(JP2KeYConverter.java:348)
	at de.uka.ilkd.key.java.JP2KeYVisitor.accepto(JP2KeYConverter.java:418)
	at de.uka.ilkd.key.java.JP2KeYVisitor.visit(JP2KeYConverter.java:688)
	at de.uka.ilkd.key.java.JP2KeYVisitor.visit(JP2KeYConverter.java:90)
	at com.github.javaparser.ast.body.MethodDeclaration.accept(MethodDeclaration.java:98)
	at de.uka.ilkd.key.java.JP2KeYVisitor.lambda$map$1(JP2KeYConverter.java:402)
	at java.base/java.util.stream.ReferencePipeline$3$1.accept(ReferencePipeline.java:195)
	at java.base/java.util.ArrayList$ArrayListSpliterator.forEachRemaining(ArrayList.java:1655)
	at java.base/java.util.stream.AbstractPipeline.copyInto(AbstractPipeline.java:484)
	at java.base/java.util.stream.AbstractPipeline.wrapAndCopyInto(AbstractPipeline.java:474)
	at java.base/java.util.stream.ReduceOps$ReduceOp.evaluateSequential(ReduceOps.java:913)
	at java.base/java.util.stream.AbstractPipeline.evaluate(AbstractPipeline.java:234)
	at java.base/java.util.stream.ReferencePipeline.collect(ReferencePipeline.java:578)
	at de.uka.ilkd.key.java.JP2KeYVisitor.map(JP2KeYConverter.java:403)
	at de.uka.ilkd.key.java.JP2KeYVisitor.visit(JP2KeYConverter.java:310)
	at de.uka.ilkd.key.java.JP2KeYVisitor.visit(JP2KeYConverter.java:90)
	at com.github.javaparser.ast.body.ClassOrInterfaceDeclaration.accept(ClassOrInterfaceDeclaration.java:95)
	at de.uka.ilkd.key.java.JP2KeYVisitor.lambda$map$1(JP2KeYConverter.java:402)
	at java.base/java.util.stream.ReferencePipeline$3$1.accept(ReferencePipeline.java:195)
	at java.base/java.util.ArrayList$ArrayListSpliterator.forEachRemaining(ArrayList.java:1655)
	at java.base/java.util.stream.AbstractPipeline.copyInto(AbstractPipeline.java:484)
	at java.base/java.util.stream.AbstractPipeline.wrapAndCopyInto(AbstractPipeline.java:474)
	at java.base/java.util.stream.ReduceOps$ReduceOp.evaluateSequential(ReduceOps.java:913)
	at java.base/java.util.stream.AbstractPipeline.evaluate(AbstractPipeline.java:234)
	at java.base/java.util.stream.ReferencePipeline.collect(ReferencePipeline.java:578)
	at de.uka.ilkd.key.java.JP2KeYVisitor.map(JP2KeYConverter.java:403)
	at de.uka.ilkd.key.java.JP2KeYVisitor.visit(JP2KeYConverter.java:393)
	at de.uka.ilkd.key.java.JP2KeYVisitor.visit(JP2KeYConverter.java:90)
	at com.github.javaparser.ast.CompilationUnit.accept(CompilationUnit.java:124)
	at de.uka.ilkd.key.java.JP2KeYConverter.process(JP2KeYConverter.java:84)
	at de.uka.ilkd.key.java.JP2KeYConverter.processCompilationUnit(JP2KeYConverter.java:80)
	at de.uka.ilkd.key.java.JavaService.parseLibraryClasses0(JavaService.java:536)
	at de.uka.ilkd.key.java.JavaService.parseSpecialClasses(JavaService.java:511)
	at de.uka.ilkd.key.proof.init.ProblemInitializer.readJava(ProblemInitializer.java:280)
	at de.uka.ilkd.key.proof.init.ProblemInitializer.prepare(ProblemInitializer.java:529)
	at de.uka.ilkd.key.proof.init.ProblemInitializer.prepare(ProblemInitializer.java:471)
	at de.uka.ilkd.key.rule.TacletForTests.parse(TacletForTests.java:80)
	... 89 more
</failure>
  </testcase>
  <testcase name="testJavaStaticQuery()" classname="de.uka.ilkd.key.parser.TestTermParser" time="0.004">
    <failure message="java.lang.RuntimeException: Exception occurred while parsing src\test\resources\testcase\testrules.key" type="java.lang.RuntimeException">java.lang.RuntimeException: Exception occurred while parsing src\test\resources\testcase\testrules.key
	at de.uka.ilkd.key.rule.TacletForTests.parse(TacletForTests.java:89)
	at de.uka.ilkd.key.rule.TacletForTests.parse(TacletForTests.java:125)
	at de.uka.ilkd.key.rule.TacletForTests.parse(TacletForTests.java:129)
	at de.uka.ilkd.key.rule.TacletForTests.services(TacletForTests.java:102)
	at de.uka.ilkd.key.parser.TestTermParser.getServices(TestTermParser.java:42)
	at de.uka.ilkd.key.parser.AbstractTestTermParser.&lt;init&gt;(AbstractTestTermParser.java:35)
	at de.uka.ilkd.key.parser.TestTermParser.&lt;init&gt;(TestTermParser.java:34)
	at jdk.internal.reflect.GeneratedConstructorAccessor17.newInstance(Unknown Source)
	at java.base/jdk.internal.reflect.DelegatingConstructorAccessorImpl.newInstance(DelegatingConstructorAccessorImpl.java:45)
	at java.base/java.lang.reflect.Constructor.newInstance(Constructor.java:490)
	at org.junit.platform.commons.util.ReflectionUtils.newInstance(ReflectionUtils.java:552)
	at org.junit.jupiter.engine.execution.ConstructorInvocation.proceed(ConstructorInvocation.java:56)
	at org.junit.jupiter.engine.execution.InvocationInterceptorChain$ValidatingInvocation.proceed(InvocationInterceptorChain.java:131)
	at org.junit.jupiter.api.extension.InvocationInterceptor.interceptTestClassConstructor(InvocationInterceptor.java:73)
	at org.junit.jupiter.engine.execution.InterceptingExecutableInvoker.lambda$invoke$0(InterceptingExecutableInvoker.java:93)
	at org.junit.jupiter.engine.execution.InvocationInterceptorChain$InterceptedInvocation.proceed(InvocationInterceptorChain.java:106)
	at org.junit.jupiter.engine.execution.InvocationInterceptorChain.proceed(InvocationInterceptorChain.java:64)
	at org.junit.jupiter.engine.execution.InvocationInterceptorChain.chainAndInvoke(InvocationInterceptorChain.java:45)
	at org.junit.jupiter.engine.execution.InvocationInterceptorChain.invoke(InvocationInterceptorChain.java:37)
	at org.junit.jupiter.engine.execution.InterceptingExecutableInvoker.invoke(InterceptingExecutableInvoker.java:92)
	at org.junit.jupiter.engine.execution.InterceptingExecutableInvoker.invoke(InterceptingExecutableInvoker.java:62)
	at org.junit.jupiter.engine.descriptor.ClassBasedTestDescriptor.invokeTestClassConstructor(ClassBasedTestDescriptor.java:363)
	at org.junit.jupiter.engine.descriptor.ClassBasedTestDescriptor.instantiateTestClass(ClassBasedTestDescriptor.java:310)
	at org.junit.jupiter.engine.descriptor.ClassTestDescriptor.instantiateTestClass(ClassTestDescriptor.java:79)
	at org.junit.jupiter.engine.descriptor.ClassBasedTestDescriptor.instantiateAndPostProcessTestInstance(ClassBasedTestDescriptor.java:286)
	at org.junit.jupiter.engine.descriptor.ClassBasedTestDescriptor.lambda$testInstancesProvider$4(ClassBasedTestDescriptor.java:278)
	at java.base/java.util.Optional.orElseGet(Optional.java:369)
	at org.junit.jupiter.engine.descriptor.ClassBasedTestDescriptor.lambda$testInstancesProvider$5(ClassBasedTestDescriptor.java:277)
	at org.junit.jupiter.engine.execution.TestInstancesProvider.getTestInstances(TestInstancesProvider.java:31)
	at org.junit.jupiter.engine.descriptor.TestMethodTestDescriptor.lambda$prepare$0(TestMethodTestDescriptor.java:105)
	at org.junit.platform.engine.support.hierarchical.ThrowableCollector.execute(ThrowableCollector.java:73)
	at org.junit.jupiter.engine.descriptor.TestMethodTestDescriptor.prepare(TestMethodTestDescriptor.java:104)
	at org.junit.jupiter.engine.descriptor.TestMethodTestDescriptor.prepare(TestMethodTestDescriptor.java:68)
	at org.junit.platform.engine.support.hierarchical.NodeTestTask.lambda$prepare$2(NodeTestTask.java:123)
	at org.junit.platform.engine.support.hierarchical.ThrowableCollector.execute(ThrowableCollector.java:73)
	at org.junit.platform.engine.support.hierarchical.NodeTestTask.prepare(NodeTestTask.java:123)
	at org.junit.platform.engine.support.hierarchical.NodeTestTask.execute(NodeTestTask.java:90)
	at java.base/java.util.ArrayList.forEach(ArrayList.java:1541)
	at org.junit.platform.engine.support.hierarchical.SameThreadHierarchicalTestExecutorService.invokeAll(SameThreadHierarchicalTestExecutorService.java:41)
	at org.junit.platform.engine.support.hierarchical.NodeTestTask.lambda$executeRecursively$6(NodeTestTask.java:155)
	at org.junit.platform.engine.support.hierarchical.ThrowableCollector.execute(ThrowableCollector.java:73)
	at org.junit.platform.engine.support.hierarchical.NodeTestTask.lambda$executeRecursively$8(NodeTestTask.java:141)
	at org.junit.platform.engine.support.hierarchical.Node.around(Node.java:137)
	at org.junit.platform.engine.support.hierarchical.NodeTestTask.lambda$executeRecursively$9(NodeTestTask.java:139)
	at org.junit.platform.engine.support.hierarchical.ThrowableCollector.execute(ThrowableCollector.java:73)
	at org.junit.platform.engine.support.hierarchical.NodeTestTask.executeRecursively(NodeTestTask.java:138)
	at org.junit.platform.engine.support.hierarchical.NodeTestTask.execute(NodeTestTask.java:95)
	at java.base/java.util.ArrayList.forEach(ArrayList.java:1541)
	at org.junit.platform.engine.support.hierarchical.SameThreadHierarchicalTestExecutorService.invokeAll(SameThreadHierarchicalTestExecutorService.java:41)
	at org.junit.platform.engine.support.hierarchical.NodeTestTask.lambda$executeRecursively$6(NodeTestTask.java:155)
	at org.junit.platform.engine.support.hierarchical.ThrowableCollector.execute(ThrowableCollector.java:73)
	at org.junit.platform.engine.support.hierarchical.NodeTestTask.lambda$executeRecursively$8(NodeTestTask.java:141)
	at org.junit.platform.engine.support.hierarchical.Node.around(Node.java:137)
	at org.junit.platform.engine.support.hierarchical.NodeTestTask.lambda$executeRecursively$9(NodeTestTask.java:139)
	at org.junit.platform.engine.support.hierarchical.ThrowableCollector.execute(ThrowableCollector.java:73)
	at org.junit.platform.engine.support.hierarchical.NodeTestTask.executeRecursively(NodeTestTask.java:138)
	at org.junit.platform.engine.support.hierarchical.NodeTestTask.execute(NodeTestTask.java:95)
	at org.junit.platform.engine.support.hierarchical.SameThreadHierarchicalTestExecutorService.submit(SameThreadHierarchicalTestExecutorService.java:35)
	at org.junit.platform.engine.support.hierarchical.HierarchicalTestExecutor.execute(HierarchicalTestExecutor.java:57)
	at org.junit.platform.engine.support.hierarchical.HierarchicalTestEngine.execute(HierarchicalTestEngine.java:54)
	at org.junit.platform.launcher.core.EngineExecutionOrchestrator.execute(EngineExecutionOrchestrator.java:107)
	at org.junit.platform.launcher.core.EngineExecutionOrchestrator.execute(EngineExecutionOrchestrator.java:88)
	at org.junit.platform.launcher.core.EngineExecutionOrchestrator.lambda$execute$0(EngineExecutionOrchestrator.java:54)
	at org.junit.platform.launcher.core.EngineExecutionOrchestrator.withInterceptedStreams(EngineExecutionOrchestrator.java:67)
	at org.junit.platform.launcher.core.EngineExecutionOrchestrator.execute(EngineExecutionOrchestrator.java:52)
	at org.junit.platform.launcher.core.DefaultLauncher.execute(DefaultLauncher.java:114)
	at org.junit.platform.launcher.core.DefaultLauncher.execute(DefaultLauncher.java:86)
	at org.junit.platform.launcher.core.DefaultLauncherSession$DelegatingLauncher.execute(DefaultLauncherSession.java:86)
	at org.gradle.api.internal.tasks.testing.junitplatform.JUnitPlatformTestClassProcessor$CollectAllTestClassesExecutor.processAllTestClasses(JUnitPlatformTestClassProcessor.java:110)
	at org.gradle.api.internal.tasks.testing.junitplatform.JUnitPlatformTestClassProcessor$CollectAllTestClassesExecutor.access$000(JUnitPlatformTestClassProcessor.java:90)
	at org.gradle.api.internal.tasks.testing.junitplatform.JUnitPlatformTestClassProcessor.stop(JUnitPlatformTestClassProcessor.java:85)
	at org.gradle.api.internal.tasks.testing.SuiteTestClassProcessor.stop(SuiteTestClassProcessor.java:62)
	at java.base/jdk.internal.reflect.NativeMethodAccessorImpl.invoke0(Native Method)
	at java.base/jdk.internal.reflect.NativeMethodAccessorImpl.invoke(NativeMethodAccessorImpl.java:62)
	at java.base/jdk.internal.reflect.DelegatingMethodAccessorImpl.invoke(DelegatingMethodAccessorImpl.java:43)
	at java.base/java.lang.reflect.Method.invoke(Method.java:566)
	at org.gradle.internal.dispatch.ReflectionDispatch.dispatch(ReflectionDispatch.java:36)
	at org.gradle.internal.dispatch.ReflectionDispatch.dispatch(ReflectionDispatch.java:24)
	at org.gradle.internal.dispatch.ContextClassLoaderDispatch.dispatch(ContextClassLoaderDispatch.java:33)
	at org.gradle.internal.dispatch.ProxyDispatchAdapter$DispatchingInvocationHandler.invoke(ProxyDispatchAdapter.java:94)
	at com.sun.proxy.$Proxy5.stop(Unknown Source)
	at org.gradle.api.internal.tasks.testing.worker.TestWorker$3.run(TestWorker.java:193)
	at org.gradle.api.internal.tasks.testing.worker.TestWorker.executeAndMaintainThreadName(TestWorker.java:129)
	at org.gradle.api.internal.tasks.testing.worker.TestWorker.execute(TestWorker.java:100)
	at org.gradle.api.internal.tasks.testing.worker.TestWorker.execute(TestWorker.java:60)
	at org.gradle.process.internal.worker.child.ActionExecutionWorker.execute(ActionExecutionWorker.java:56)
	at org.gradle.process.internal.worker.child.SystemApplicationClassLoaderWorker.call(SystemApplicationClassLoaderWorker.java:113)
	at org.gradle.process.internal.worker.child.SystemApplicationClassLoaderWorker.call(SystemApplicationClassLoaderWorker.java:65)
	at worker.org.gradle.process.internal.worker.GradleWorkerMain.run(GradleWorkerMain.java:69)
	at worker.org.gradle.process.internal.worker.GradleWorkerMain.main(GradleWorkerMain.java:74)
Caused by: UnsolvedSymbolException{context='arg0', name='Solving arg0', cause='null'}
	at com.github.javaparser.symbolsolver.javaparsermodel.TypeExtractor.visit(TypeExtractor.java:335)
	at com.github.javaparser.symbolsolver.javaparsermodel.TypeExtractor.visit(TypeExtractor.java:65)
	at com.github.javaparser.ast.expr.NameExpr.accept(NameExpr.java:79)
	at com.github.javaparser.symbolsolver.javaparsermodel.JavaParserFacade.getTypeConcrete(JavaParserFacade.java:505)
	at com.github.javaparser.symbolsolver.javaparsermodel.JavaParserFacade.getType(JavaParserFacade.java:352)
	at com.github.javaparser.symbolsolver.javaparsermodel.JavaParserFacade.getType(JavaParserFacade.java:334)
	at com.github.javaparser.symbolsolver.JavaSymbolSolver.calculateType(JavaSymbolSolver.java:294)
	at com.github.javaparser.ast.expr.Expression.calculateResolvedType(Expression.java:573)
	at de.uka.ilkd.key.java.JP2KeYVisitor.visit(JP2KeYConverter.java:707)
	at de.uka.ilkd.key.java.JP2KeYVisitor.visit(JP2KeYConverter.java:90)
	at com.github.javaparser.ast.expr.NameExpr.accept(NameExpr.java:79)
	at de.uka.ilkd.key.java.JP2KeYVisitor.lambda$map$1(JP2KeYConverter.java:402)
	at java.base/java.util.stream.ReferencePipeline$3$1.accept(ReferencePipeline.java:195)
	at java.base/java.util.ArrayList$ArrayListSpliterator.forEachRemaining(ArrayList.java:1655)
	at java.base/java.util.stream.AbstractPipeline.copyInto(AbstractPipeline.java:484)
	at java.base/java.util.stream.AbstractPipeline.wrapAndCopyInto(AbstractPipeline.java:474)
	at java.base/java.util.stream.ReduceOps$ReduceOp.evaluateSequential(ReduceOps.java:913)
	at java.base/java.util.stream.AbstractPipeline.evaluate(AbstractPipeline.java:234)
	at java.base/java.util.stream.ReferencePipeline.collect(ReferencePipeline.java:578)
	at de.uka.ilkd.key.java.JP2KeYVisitor.map(JP2KeYConverter.java:403)
	at de.uka.ilkd.key.java.JP2KeYVisitor.visit(JP2KeYConverter.java:506)
	at de.uka.ilkd.key.java.JP2KeYVisitor.visit(JP2KeYConverter.java:90)
	at com.github.javaparser.ast.stmt.ExplicitConstructorInvocationStmt.accept(ExplicitConstructorInvocationStmt.java:96)
	at de.uka.ilkd.key.java.JP2KeYVisitor.lambda$map$1(JP2KeYConverter.java:402)
	at java.base/java.util.stream.ReferencePipeline$3$1.accept(ReferencePipeline.java:195)
	at java.base/java.util.ArrayList$ArrayListSpliterator.forEachRemaining(ArrayList.java:1655)
	at java.base/java.util.stream.AbstractPipeline.copyInto(AbstractPipeline.java:484)
	at java.base/java.util.stream.AbstractPipeline.wrapAndCopyInto(AbstractPipeline.java:474)
	at java.base/java.util.stream.ReduceOps$ReduceOp.evaluateSequential(ReduceOps.java:913)
	at java.base/java.util.stream.AbstractPipeline.evaluate(AbstractPipeline.java:234)
	at java.base/java.util.stream.ReferencePipeline.collect(ReferencePipeline.java:578)
	at de.uka.ilkd.key.java.JP2KeYVisitor.map(JP2KeYConverter.java:403)
	at de.uka.ilkd.key.java.JP2KeYVisitor.visit(JP2KeYConverter.java:258)
	at de.uka.ilkd.key.java.JP2KeYVisitor.visit(JP2KeYConverter.java:90)
	at com.github.javaparser.ast.stmt.BlockStmt.accept(BlockStmt.java:70)
	at de.uka.ilkd.key.java.JP2KeYVisitor.lambda$map$1(JP2KeYConverter.java:402)
	at java.base/java.util.stream.ReferencePipeline$3$1.accept(ReferencePipeline.java:195)
	at java.base/java.util.ArrayList$ArrayListSpliterator.forEachRemaining(ArrayList.java:1655)
	at java.base/java.util.stream.AbstractPipeline.copyInto(AbstractPipeline.java:484)
	at java.base/java.util.stream.AbstractPipeline.wrapAndCopyInto(AbstractPipeline.java:474)
	at java.base/java.util.stream.ReduceOps$ReduceOp.evaluateSequential(ReduceOps.java:913)
	at java.base/java.util.stream.AbstractPipeline.evaluate(AbstractPipeline.java:234)
	at java.base/java.util.stream.ReferencePipeline.collect(ReferencePipeline.java:578)
	at de.uka.ilkd.key.java.JP2KeYVisitor.map(JP2KeYConverter.java:403)
	at de.uka.ilkd.key.java.JP2KeYVisitor.visit(JP2KeYConverter.java:258)
	at de.uka.ilkd.key.java.JP2KeYVisitor.visit(JP2KeYConverter.java:90)
	at com.github.javaparser.ast.stmt.BlockStmt.accept(BlockStmt.java:70)
	at de.uka.ilkd.key.java.JP2KeYVisitor.accept(JP2KeYConverter.java:348)
	at de.uka.ilkd.key.java.JP2KeYVisitor.visit(JP2KeYConverter.java:946)
	at de.uka.ilkd.key.java.JP2KeYVisitor.visit(JP2KeYConverter.java:90)
	at com.github.javaparser.ast.stmt.TryStmt.accept(TryStmt.java:135)
	at de.uka.ilkd.key.java.JP2KeYVisitor.lambda$map$1(JP2KeYConverter.java:402)
	at java.base/java.util.stream.ReferencePipeline$3$1.accept(ReferencePipeline.java:195)
	at java.base/java.util.ArrayList$ArrayListSpliterator.forEachRemaining(ArrayList.java:1655)
	at java.base/java.util.stream.AbstractPipeline.copyInto(AbstractPipeline.java:484)
	at java.base/java.util.stream.AbstractPipeline.wrapAndCopyInto(AbstractPipeline.java:474)
	at java.base/java.util.stream.ReduceOps$ReduceOp.evaluateSequential(ReduceOps.java:913)
	at java.base/java.util.stream.AbstractPipeline.evaluate(AbstractPipeline.java:234)
	at java.base/java.util.stream.ReferencePipeline.collect(ReferencePipeline.java:578)
	at de.uka.ilkd.key.java.JP2KeYVisitor.map(JP2KeYConverter.java:403)
	at de.uka.ilkd.key.java.JP2KeYVisitor.visit(JP2KeYConverter.java:258)
	at de.uka.ilkd.key.java.JP2KeYVisitor.visit(JP2KeYConverter.java:90)
	at com.github.javaparser.ast.stmt.BlockStmt.accept(BlockStmt.java:70)
	at de.uka.ilkd.key.java.JP2KeYVisitor.accept(JP2KeYConverter.java:348)
	at de.uka.ilkd.key.java.JP2KeYVisitor.visit(JP2KeYConverter.java:609)
	at de.uka.ilkd.key.java.JP2KeYVisitor.visit(JP2KeYConverter.java:90)
	at com.github.javaparser.ast.stmt.IfStmt.accept(IfStmt.java:82)
	at de.uka.ilkd.key.java.JP2KeYVisitor.lambda$map$1(JP2KeYConverter.java:402)
	at java.base/java.util.stream.ReferencePipeline$3$1.accept(ReferencePipeline.java:195)
	at java.base/java.util.ArrayList$ArrayListSpliterator.forEachRemaining(ArrayList.java:1655)
	at java.base/java.util.stream.AbstractPipeline.copyInto(AbstractPipeline.java:484)
	at java.base/java.util.stream.AbstractPipeline.wrapAndCopyInto(AbstractPipeline.java:474)
	at java.base/java.util.stream.ReduceOps$ReduceOp.evaluateSequential(ReduceOps.java:913)
	at java.base/java.util.stream.AbstractPipeline.evaluate(AbstractPipeline.java:234)
	at java.base/java.util.stream.ReferencePipeline.collect(ReferencePipeline.java:578)
	at de.uka.ilkd.key.java.JP2KeYVisitor.map(JP2KeYConverter.java:403)
	at de.uka.ilkd.key.java.JP2KeYVisitor.visit(JP2KeYConverter.java:258)
	at de.uka.ilkd.key.java.JP2KeYVisitor.visit(JP2KeYConverter.java:90)
	at com.github.javaparser.ast.stmt.BlockStmt.accept(BlockStmt.java:70)
	at de.uka.ilkd.key.java.JP2KeYVisitor.accept(JP2KeYConverter.java:348)
	at de.uka.ilkd.key.java.JP2KeYVisitor.visit(JP2KeYConverter.java:609)
	at de.uka.ilkd.key.java.JP2KeYVisitor.visit(JP2KeYConverter.java:90)
	at com.github.javaparser.ast.stmt.IfStmt.accept(IfStmt.java:82)
	at de.uka.ilkd.key.java.JP2KeYVisitor.lambda$map$1(JP2KeYConverter.java:402)
	at java.base/java.util.stream.ReferencePipeline$3$1.accept(ReferencePipeline.java:195)
	at java.base/java.util.ArrayList$ArrayListSpliterator.forEachRemaining(ArrayList.java:1655)
	at java.base/java.util.stream.AbstractPipeline.copyInto(AbstractPipeline.java:484)
	at java.base/java.util.stream.AbstractPipeline.wrapAndCopyInto(AbstractPipeline.java:474)
	at java.base/java.util.stream.ReduceOps$ReduceOp.evaluateSequential(ReduceOps.java:913)
	at java.base/java.util.stream.AbstractPipeline.evaluate(AbstractPipeline.java:234)
	at java.base/java.util.stream.ReferencePipeline.collect(ReferencePipeline.java:578)
	at de.uka.ilkd.key.java.JP2KeYVisitor.map(JP2KeYConverter.java:403)
	at de.uka.ilkd.key.java.JP2KeYVisitor.visit(JP2KeYConverter.java:258)
	at de.uka.ilkd.key.java.JP2KeYVisitor.visit(JP2KeYConverter.java:90)
	at com.github.javaparser.ast.stmt.BlockStmt.accept(BlockStmt.java:70)
	at de.uka.ilkd.key.java.JP2KeYVisitor.accept(JP2KeYConverter.java:348)
	at de.uka.ilkd.key.java.JP2KeYVisitor.accepto(JP2KeYConverter.java:418)
	at de.uka.ilkd.key.java.JP2KeYVisitor.visit(JP2KeYConverter.java:688)
	at de.uka.ilkd.key.java.JP2KeYVisitor.visit(JP2KeYConverter.java:90)
	at com.github.javaparser.ast.body.MethodDeclaration.accept(MethodDeclaration.java:98)
	at de.uka.ilkd.key.java.JP2KeYVisitor.lambda$map$1(JP2KeYConverter.java:402)
	at java.base/java.util.stream.ReferencePipeline$3$1.accept(ReferencePipeline.java:195)
	at java.base/java.util.ArrayList$ArrayListSpliterator.forEachRemaining(ArrayList.java:1655)
	at java.base/java.util.stream.AbstractPipeline.copyInto(AbstractPipeline.java:484)
	at java.base/java.util.stream.AbstractPipeline.wrapAndCopyInto(AbstractPipeline.java:474)
	at java.base/java.util.stream.ReduceOps$ReduceOp.evaluateSequential(ReduceOps.java:913)
	at java.base/java.util.stream.AbstractPipeline.evaluate(AbstractPipeline.java:234)
	at java.base/java.util.stream.ReferencePipeline.collect(ReferencePipeline.java:578)
	at de.uka.ilkd.key.java.JP2KeYVisitor.map(JP2KeYConverter.java:403)
	at de.uka.ilkd.key.java.JP2KeYVisitor.visit(JP2KeYConverter.java:310)
	at de.uka.ilkd.key.java.JP2KeYVisitor.visit(JP2KeYConverter.java:90)
	at com.github.javaparser.ast.body.ClassOrInterfaceDeclaration.accept(ClassOrInterfaceDeclaration.java:95)
	at de.uka.ilkd.key.java.JP2KeYVisitor.lambda$map$1(JP2KeYConverter.java:402)
	at java.base/java.util.stream.ReferencePipeline$3$1.accept(ReferencePipeline.java:195)
	at java.base/java.util.ArrayList$ArrayListSpliterator.forEachRemaining(ArrayList.java:1655)
	at java.base/java.util.stream.AbstractPipeline.copyInto(AbstractPipeline.java:484)
	at java.base/java.util.stream.AbstractPipeline.wrapAndCopyInto(AbstractPipeline.java:474)
	at java.base/java.util.stream.ReduceOps$ReduceOp.evaluateSequential(ReduceOps.java:913)
	at java.base/java.util.stream.AbstractPipeline.evaluate(AbstractPipeline.java:234)
	at java.base/java.util.stream.ReferencePipeline.collect(ReferencePipeline.java:578)
	at de.uka.ilkd.key.java.JP2KeYVisitor.map(JP2KeYConverter.java:403)
	at de.uka.ilkd.key.java.JP2KeYVisitor.visit(JP2KeYConverter.java:393)
	at de.uka.ilkd.key.java.JP2KeYVisitor.visit(JP2KeYConverter.java:90)
	at com.github.javaparser.ast.CompilationUnit.accept(CompilationUnit.java:124)
	at de.uka.ilkd.key.java.JP2KeYConverter.process(JP2KeYConverter.java:84)
	at de.uka.ilkd.key.java.JP2KeYConverter.processCompilationUnit(JP2KeYConverter.java:80)
	at de.uka.ilkd.key.java.JavaService.parseLibraryClasses0(JavaService.java:536)
	at de.uka.ilkd.key.java.JavaService.parseSpecialClasses(JavaService.java:511)
	at de.uka.ilkd.key.proof.init.ProblemInitializer.readJava(ProblemInitializer.java:280)
	at de.uka.ilkd.key.proof.init.ProblemInitializer.prepare(ProblemInitializer.java:529)
	at de.uka.ilkd.key.proof.init.ProblemInitializer.prepare(ProblemInitializer.java:471)
	at de.uka.ilkd.key.rule.TacletForTests.parse(TacletForTests.java:80)
	... 89 more
</failure>
  </testcase>
  <testcase name="testInfix1()" classname="de.uka.ilkd.key.parser.TestTermParser" time="0.027">
    <failure message="java.lang.RuntimeException: Exception occurred while parsing src\test\resources\testcase\testrules.key" type="java.lang.RuntimeException">java.lang.RuntimeException: Exception occurred while parsing src\test\resources\testcase\testrules.key
	at de.uka.ilkd.key.rule.TacletForTests.parse(TacletForTests.java:89)
	at de.uka.ilkd.key.rule.TacletForTests.parse(TacletForTests.java:125)
	at de.uka.ilkd.key.rule.TacletForTests.parse(TacletForTests.java:129)
	at de.uka.ilkd.key.rule.TacletForTests.services(TacletForTests.java:102)
	at de.uka.ilkd.key.parser.TestTermParser.getServices(TestTermParser.java:42)
	at de.uka.ilkd.key.parser.AbstractTestTermParser.&lt;init&gt;(AbstractTestTermParser.java:35)
	at de.uka.ilkd.key.parser.TestTermParser.&lt;init&gt;(TestTermParser.java:34)
	at jdk.internal.reflect.GeneratedConstructorAccessor17.newInstance(Unknown Source)
	at java.base/jdk.internal.reflect.DelegatingConstructorAccessorImpl.newInstance(DelegatingConstructorAccessorImpl.java:45)
	at java.base/java.lang.reflect.Constructor.newInstance(Constructor.java:490)
	at org.junit.platform.commons.util.ReflectionUtils.newInstance(ReflectionUtils.java:552)
	at org.junit.jupiter.engine.execution.ConstructorInvocation.proceed(ConstructorInvocation.java:56)
	at org.junit.jupiter.engine.execution.InvocationInterceptorChain$ValidatingInvocation.proceed(InvocationInterceptorChain.java:131)
	at org.junit.jupiter.api.extension.InvocationInterceptor.interceptTestClassConstructor(InvocationInterceptor.java:73)
	at org.junit.jupiter.engine.execution.InterceptingExecutableInvoker.lambda$invoke$0(InterceptingExecutableInvoker.java:93)
	at org.junit.jupiter.engine.execution.InvocationInterceptorChain$InterceptedInvocation.proceed(InvocationInterceptorChain.java:106)
	at org.junit.jupiter.engine.execution.InvocationInterceptorChain.proceed(InvocationInterceptorChain.java:64)
	at org.junit.jupiter.engine.execution.InvocationInterceptorChain.chainAndInvoke(InvocationInterceptorChain.java:45)
	at org.junit.jupiter.engine.execution.InvocationInterceptorChain.invoke(InvocationInterceptorChain.java:37)
	at org.junit.jupiter.engine.execution.InterceptingExecutableInvoker.invoke(InterceptingExecutableInvoker.java:92)
	at org.junit.jupiter.engine.execution.InterceptingExecutableInvoker.invoke(InterceptingExecutableInvoker.java:62)
	at org.junit.jupiter.engine.descriptor.ClassBasedTestDescriptor.invokeTestClassConstructor(ClassBasedTestDescriptor.java:363)
	at org.junit.jupiter.engine.descriptor.ClassBasedTestDescriptor.instantiateTestClass(ClassBasedTestDescriptor.java:310)
	at org.junit.jupiter.engine.descriptor.ClassTestDescriptor.instantiateTestClass(ClassTestDescriptor.java:79)
	at org.junit.jupiter.engine.descriptor.ClassBasedTestDescriptor.instantiateAndPostProcessTestInstance(ClassBasedTestDescriptor.java:286)
	at org.junit.jupiter.engine.descriptor.ClassBasedTestDescriptor.lambda$testInstancesProvider$4(ClassBasedTestDescriptor.java:278)
	at java.base/java.util.Optional.orElseGet(Optional.java:369)
	at org.junit.jupiter.engine.descriptor.ClassBasedTestDescriptor.lambda$testInstancesProvider$5(ClassBasedTestDescriptor.java:277)
	at org.junit.jupiter.engine.execution.TestInstancesProvider.getTestInstances(TestInstancesProvider.java:31)
	at org.junit.jupiter.engine.descriptor.TestMethodTestDescriptor.lambda$prepare$0(TestMethodTestDescriptor.java:105)
	at org.junit.platform.engine.support.hierarchical.ThrowableCollector.execute(ThrowableCollector.java:73)
	at org.junit.jupiter.engine.descriptor.TestMethodTestDescriptor.prepare(TestMethodTestDescriptor.java:104)
	at org.junit.jupiter.engine.descriptor.TestMethodTestDescriptor.prepare(TestMethodTestDescriptor.java:68)
	at org.junit.platform.engine.support.hierarchical.NodeTestTask.lambda$prepare$2(NodeTestTask.java:123)
	at org.junit.platform.engine.support.hierarchical.ThrowableCollector.execute(ThrowableCollector.java:73)
	at org.junit.platform.engine.support.hierarchical.NodeTestTask.prepare(NodeTestTask.java:123)
	at org.junit.platform.engine.support.hierarchical.NodeTestTask.execute(NodeTestTask.java:90)
	at java.base/java.util.ArrayList.forEach(ArrayList.java:1541)
	at org.junit.platform.engine.support.hierarchical.SameThreadHierarchicalTestExecutorService.invokeAll(SameThreadHierarchicalTestExecutorService.java:41)
	at org.junit.platform.engine.support.hierarchical.NodeTestTask.lambda$executeRecursively$6(NodeTestTask.java:155)
	at org.junit.platform.engine.support.hierarchical.ThrowableCollector.execute(ThrowableCollector.java:73)
	at org.junit.platform.engine.support.hierarchical.NodeTestTask.lambda$executeRecursively$8(NodeTestTask.java:141)
	at org.junit.platform.engine.support.hierarchical.Node.around(Node.java:137)
	at org.junit.platform.engine.support.hierarchical.NodeTestTask.lambda$executeRecursively$9(NodeTestTask.java:139)
	at org.junit.platform.engine.support.hierarchical.ThrowableCollector.execute(ThrowableCollector.java:73)
	at org.junit.platform.engine.support.hierarchical.NodeTestTask.executeRecursively(NodeTestTask.java:138)
	at org.junit.platform.engine.support.hierarchical.NodeTestTask.execute(NodeTestTask.java:95)
	at java.base/java.util.ArrayList.forEach(ArrayList.java:1541)
	at org.junit.platform.engine.support.hierarchical.SameThreadHierarchicalTestExecutorService.invokeAll(SameThreadHierarchicalTestExecutorService.java:41)
	at org.junit.platform.engine.support.hierarchical.NodeTestTask.lambda$executeRecursively$6(NodeTestTask.java:155)
	at org.junit.platform.engine.support.hierarchical.ThrowableCollector.execute(ThrowableCollector.java:73)
	at org.junit.platform.engine.support.hierarchical.NodeTestTask.lambda$executeRecursively$8(NodeTestTask.java:141)
	at org.junit.platform.engine.support.hierarchical.Node.around(Node.java:137)
	at org.junit.platform.engine.support.hierarchical.NodeTestTask.lambda$executeRecursively$9(NodeTestTask.java:139)
	at org.junit.platform.engine.support.hierarchical.ThrowableCollector.execute(ThrowableCollector.java:73)
	at org.junit.platform.engine.support.hierarchical.NodeTestTask.executeRecursively(NodeTestTask.java:138)
	at org.junit.platform.engine.support.hierarchical.NodeTestTask.execute(NodeTestTask.java:95)
	at org.junit.platform.engine.support.hierarchical.SameThreadHierarchicalTestExecutorService.submit(SameThreadHierarchicalTestExecutorService.java:35)
	at org.junit.platform.engine.support.hierarchical.HierarchicalTestExecutor.execute(HierarchicalTestExecutor.java:57)
	at org.junit.platform.engine.support.hierarchical.HierarchicalTestEngine.execute(HierarchicalTestEngine.java:54)
	at org.junit.platform.launcher.core.EngineExecutionOrchestrator.execute(EngineExecutionOrchestrator.java:107)
	at org.junit.platform.launcher.core.EngineExecutionOrchestrator.execute(EngineExecutionOrchestrator.java:88)
	at org.junit.platform.launcher.core.EngineExecutionOrchestrator.lambda$execute$0(EngineExecutionOrchestrator.java:54)
	at org.junit.platform.launcher.core.EngineExecutionOrchestrator.withInterceptedStreams(EngineExecutionOrchestrator.java:67)
	at org.junit.platform.launcher.core.EngineExecutionOrchestrator.execute(EngineExecutionOrchestrator.java:52)
	at org.junit.platform.launcher.core.DefaultLauncher.execute(DefaultLauncher.java:114)
	at org.junit.platform.launcher.core.DefaultLauncher.execute(DefaultLauncher.java:86)
	at org.junit.platform.launcher.core.DefaultLauncherSession$DelegatingLauncher.execute(DefaultLauncherSession.java:86)
	at org.gradle.api.internal.tasks.testing.junitplatform.JUnitPlatformTestClassProcessor$CollectAllTestClassesExecutor.processAllTestClasses(JUnitPlatformTestClassProcessor.java:110)
	at org.gradle.api.internal.tasks.testing.junitplatform.JUnitPlatformTestClassProcessor$CollectAllTestClassesExecutor.access$000(JUnitPlatformTestClassProcessor.java:90)
	at org.gradle.api.internal.tasks.testing.junitplatform.JUnitPlatformTestClassProcessor.stop(JUnitPlatformTestClassProcessor.java:85)
	at org.gradle.api.internal.tasks.testing.SuiteTestClassProcessor.stop(SuiteTestClassProcessor.java:62)
	at java.base/jdk.internal.reflect.NativeMethodAccessorImpl.invoke0(Native Method)
	at java.base/jdk.internal.reflect.NativeMethodAccessorImpl.invoke(NativeMethodAccessorImpl.java:62)
	at java.base/jdk.internal.reflect.DelegatingMethodAccessorImpl.invoke(DelegatingMethodAccessorImpl.java:43)
	at java.base/java.lang.reflect.Method.invoke(Method.java:566)
	at org.gradle.internal.dispatch.ReflectionDispatch.dispatch(ReflectionDispatch.java:36)
	at org.gradle.internal.dispatch.ReflectionDispatch.dispatch(ReflectionDispatch.java:24)
	at org.gradle.internal.dispatch.ContextClassLoaderDispatch.dispatch(ContextClassLoaderDispatch.java:33)
	at org.gradle.internal.dispatch.ProxyDispatchAdapter$DispatchingInvocationHandler.invoke(ProxyDispatchAdapter.java:94)
	at com.sun.proxy.$Proxy5.stop(Unknown Source)
	at org.gradle.api.internal.tasks.testing.worker.TestWorker$3.run(TestWorker.java:193)
	at org.gradle.api.internal.tasks.testing.worker.TestWorker.executeAndMaintainThreadName(TestWorker.java:129)
	at org.gradle.api.internal.tasks.testing.worker.TestWorker.execute(TestWorker.java:100)
	at org.gradle.api.internal.tasks.testing.worker.TestWorker.execute(TestWorker.java:60)
	at org.gradle.process.internal.worker.child.ActionExecutionWorker.execute(ActionExecutionWorker.java:56)
	at org.gradle.process.internal.worker.child.SystemApplicationClassLoaderWorker.call(SystemApplicationClassLoaderWorker.java:113)
	at org.gradle.process.internal.worker.child.SystemApplicationClassLoaderWorker.call(SystemApplicationClassLoaderWorker.java:65)
	at worker.org.gradle.process.internal.worker.GradleWorkerMain.run(GradleWorkerMain.java:69)
	at worker.org.gradle.process.internal.worker.GradleWorkerMain.main(GradleWorkerMain.java:74)
Caused by: UnsolvedSymbolException{context='arg0', name='Solving arg0', cause='null'}
	at com.github.javaparser.symbolsolver.javaparsermodel.TypeExtractor.visit(TypeExtractor.java:335)
	at com.github.javaparser.symbolsolver.javaparsermodel.TypeExtractor.visit(TypeExtractor.java:65)
	at com.github.javaparser.ast.expr.NameExpr.accept(NameExpr.java:79)
	at com.github.javaparser.symbolsolver.javaparsermodel.JavaParserFacade.getTypeConcrete(JavaParserFacade.java:505)
	at com.github.javaparser.symbolsolver.javaparsermodel.JavaParserFacade.getType(JavaParserFacade.java:352)
	at com.github.javaparser.symbolsolver.javaparsermodel.JavaParserFacade.getType(JavaParserFacade.java:334)
	at com.github.javaparser.symbolsolver.JavaSymbolSolver.calculateType(JavaSymbolSolver.java:294)
	at com.github.javaparser.ast.expr.Expression.calculateResolvedType(Expression.java:573)
	at de.uka.ilkd.key.java.JP2KeYVisitor.visit(JP2KeYConverter.java:707)
	at de.uka.ilkd.key.java.JP2KeYVisitor.visit(JP2KeYConverter.java:90)
	at com.github.javaparser.ast.expr.NameExpr.accept(NameExpr.java:79)
	at de.uka.ilkd.key.java.JP2KeYVisitor.lambda$map$1(JP2KeYConverter.java:402)
	at java.base/java.util.stream.ReferencePipeline$3$1.accept(ReferencePipeline.java:195)
	at java.base/java.util.ArrayList$ArrayListSpliterator.forEachRemaining(ArrayList.java:1655)
	at java.base/java.util.stream.AbstractPipeline.copyInto(AbstractPipeline.java:484)
	at java.base/java.util.stream.AbstractPipeline.wrapAndCopyInto(AbstractPipeline.java:474)
	at java.base/java.util.stream.ReduceOps$ReduceOp.evaluateSequential(ReduceOps.java:913)
	at java.base/java.util.stream.AbstractPipeline.evaluate(AbstractPipeline.java:234)
	at java.base/java.util.stream.ReferencePipeline.collect(ReferencePipeline.java:578)
	at de.uka.ilkd.key.java.JP2KeYVisitor.map(JP2KeYConverter.java:403)
	at de.uka.ilkd.key.java.JP2KeYVisitor.visit(JP2KeYConverter.java:506)
	at de.uka.ilkd.key.java.JP2KeYVisitor.visit(JP2KeYConverter.java:90)
	at com.github.javaparser.ast.stmt.ExplicitConstructorInvocationStmt.accept(ExplicitConstructorInvocationStmt.java:96)
	at de.uka.ilkd.key.java.JP2KeYVisitor.lambda$map$1(JP2KeYConverter.java:402)
	at java.base/java.util.stream.ReferencePipeline$3$1.accept(ReferencePipeline.java:195)
	at java.base/java.util.ArrayList$ArrayListSpliterator.forEachRemaining(ArrayList.java:1655)
	at java.base/java.util.stream.AbstractPipeline.copyInto(AbstractPipeline.java:484)
	at java.base/java.util.stream.AbstractPipeline.wrapAndCopyInto(AbstractPipeline.java:474)
	at java.base/java.util.stream.ReduceOps$ReduceOp.evaluateSequential(ReduceOps.java:913)
	at java.base/java.util.stream.AbstractPipeline.evaluate(AbstractPipeline.java:234)
	at java.base/java.util.stream.ReferencePipeline.collect(ReferencePipeline.java:578)
	at de.uka.ilkd.key.java.JP2KeYVisitor.map(JP2KeYConverter.java:403)
	at de.uka.ilkd.key.java.JP2KeYVisitor.visit(JP2KeYConverter.java:258)
	at de.uka.ilkd.key.java.JP2KeYVisitor.visit(JP2KeYConverter.java:90)
	at com.github.javaparser.ast.stmt.BlockStmt.accept(BlockStmt.java:70)
	at de.uka.ilkd.key.java.JP2KeYVisitor.lambda$map$1(JP2KeYConverter.java:402)
	at java.base/java.util.stream.ReferencePipeline$3$1.accept(ReferencePipeline.java:195)
	at java.base/java.util.ArrayList$ArrayListSpliterator.forEachRemaining(ArrayList.java:1655)
	at java.base/java.util.stream.AbstractPipeline.copyInto(AbstractPipeline.java:484)
	at java.base/java.util.stream.AbstractPipeline.wrapAndCopyInto(AbstractPipeline.java:474)
	at java.base/java.util.stream.ReduceOps$ReduceOp.evaluateSequential(ReduceOps.java:913)
	at java.base/java.util.stream.AbstractPipeline.evaluate(AbstractPipeline.java:234)
	at java.base/java.util.stream.ReferencePipeline.collect(ReferencePipeline.java:578)
	at de.uka.ilkd.key.java.JP2KeYVisitor.map(JP2KeYConverter.java:403)
	at de.uka.ilkd.key.java.JP2KeYVisitor.visit(JP2KeYConverter.java:258)
	at de.uka.ilkd.key.java.JP2KeYVisitor.visit(JP2KeYConverter.java:90)
	at com.github.javaparser.ast.stmt.BlockStmt.accept(BlockStmt.java:70)
	at de.uka.ilkd.key.java.JP2KeYVisitor.accept(JP2KeYConverter.java:348)
	at de.uka.ilkd.key.java.JP2KeYVisitor.visit(JP2KeYConverter.java:946)
	at de.uka.ilkd.key.java.JP2KeYVisitor.visit(JP2KeYConverter.java:90)
	at com.github.javaparser.ast.stmt.TryStmt.accept(TryStmt.java:135)
	at de.uka.ilkd.key.java.JP2KeYVisitor.lambda$map$1(JP2KeYConverter.java:402)
	at java.base/java.util.stream.ReferencePipeline$3$1.accept(ReferencePipeline.java:195)
	at java.base/java.util.ArrayList$ArrayListSpliterator.forEachRemaining(ArrayList.java:1655)
	at java.base/java.util.stream.AbstractPipeline.copyInto(AbstractPipeline.java:484)
	at java.base/java.util.stream.AbstractPipeline.wrapAndCopyInto(AbstractPipeline.java:474)
	at java.base/java.util.stream.ReduceOps$ReduceOp.evaluateSequential(ReduceOps.java:913)
	at java.base/java.util.stream.AbstractPipeline.evaluate(AbstractPipeline.java:234)
	at java.base/java.util.stream.ReferencePipeline.collect(ReferencePipeline.java:578)
	at de.uka.ilkd.key.java.JP2KeYVisitor.map(JP2KeYConverter.java:403)
	at de.uka.ilkd.key.java.JP2KeYVisitor.visit(JP2KeYConverter.java:258)
	at de.uka.ilkd.key.java.JP2KeYVisitor.visit(JP2KeYConverter.java:90)
	at com.github.javaparser.ast.stmt.BlockStmt.accept(BlockStmt.java:70)
	at de.uka.ilkd.key.java.JP2KeYVisitor.accept(JP2KeYConverter.java:348)
	at de.uka.ilkd.key.java.JP2KeYVisitor.visit(JP2KeYConverter.java:609)
	at de.uka.ilkd.key.java.JP2KeYVisitor.visit(JP2KeYConverter.java:90)
	at com.github.javaparser.ast.stmt.IfStmt.accept(IfStmt.java:82)
	at de.uka.ilkd.key.java.JP2KeYVisitor.lambda$map$1(JP2KeYConverter.java:402)
	at java.base/java.util.stream.ReferencePipeline$3$1.accept(ReferencePipeline.java:195)
	at java.base/java.util.ArrayList$ArrayListSpliterator.forEachRemaining(ArrayList.java:1655)
	at java.base/java.util.stream.AbstractPipeline.copyInto(AbstractPipeline.java:484)
	at java.base/java.util.stream.AbstractPipeline.wrapAndCopyInto(AbstractPipeline.java:474)
	at java.base/java.util.stream.ReduceOps$ReduceOp.evaluateSequential(ReduceOps.java:913)
	at java.base/java.util.stream.AbstractPipeline.evaluate(AbstractPipeline.java:234)
	at java.base/java.util.stream.ReferencePipeline.collect(ReferencePipeline.java:578)
	at de.uka.ilkd.key.java.JP2KeYVisitor.map(JP2KeYConverter.java:403)
	at de.uka.ilkd.key.java.JP2KeYVisitor.visit(JP2KeYConverter.java:258)
	at de.uka.ilkd.key.java.JP2KeYVisitor.visit(JP2KeYConverter.java:90)
	at com.github.javaparser.ast.stmt.BlockStmt.accept(BlockStmt.java:70)
	at de.uka.ilkd.key.java.JP2KeYVisitor.accept(JP2KeYConverter.java:348)
	at de.uka.ilkd.key.java.JP2KeYVisitor.visit(JP2KeYConverter.java:609)
	at de.uka.ilkd.key.java.JP2KeYVisitor.visit(JP2KeYConverter.java:90)
	at com.github.javaparser.ast.stmt.IfStmt.accept(IfStmt.java:82)
	at de.uka.ilkd.key.java.JP2KeYVisitor.lambda$map$1(JP2KeYConverter.java:402)
	at java.base/java.util.stream.ReferencePipeline$3$1.accept(ReferencePipeline.java:195)
	at java.base/java.util.ArrayList$ArrayListSpliterator.forEachRemaining(ArrayList.java:1655)
	at java.base/java.util.stream.AbstractPipeline.copyInto(AbstractPipeline.java:484)
	at java.base/java.util.stream.AbstractPipeline.wrapAndCopyInto(AbstractPipeline.java:474)
	at java.base/java.util.stream.ReduceOps$ReduceOp.evaluateSequential(ReduceOps.java:913)
	at java.base/java.util.stream.AbstractPipeline.evaluate(AbstractPipeline.java:234)
	at java.base/java.util.stream.ReferencePipeline.collect(ReferencePipeline.java:578)
	at de.uka.ilkd.key.java.JP2KeYVisitor.map(JP2KeYConverter.java:403)
	at de.uka.ilkd.key.java.JP2KeYVisitor.visit(JP2KeYConverter.java:258)
	at de.uka.ilkd.key.java.JP2KeYVisitor.visit(JP2KeYConverter.java:90)
	at com.github.javaparser.ast.stmt.BlockStmt.accept(BlockStmt.java:70)
	at de.uka.ilkd.key.java.JP2KeYVisitor.accept(JP2KeYConverter.java:348)
	at de.uka.ilkd.key.java.JP2KeYVisitor.accepto(JP2KeYConverter.java:418)
	at de.uka.ilkd.key.java.JP2KeYVisitor.visit(JP2KeYConverter.java:688)
	at de.uka.ilkd.key.java.JP2KeYVisitor.visit(JP2KeYConverter.java:90)
	at com.github.javaparser.ast.body.MethodDeclaration.accept(MethodDeclaration.java:98)
	at de.uka.ilkd.key.java.JP2KeYVisitor.lambda$map$1(JP2KeYConverter.java:402)
	at java.base/java.util.stream.ReferencePipeline$3$1.accept(ReferencePipeline.java:195)
	at java.base/java.util.ArrayList$ArrayListSpliterator.forEachRemaining(ArrayList.java:1655)
	at java.base/java.util.stream.AbstractPipeline.copyInto(AbstractPipeline.java:484)
	at java.base/java.util.stream.AbstractPipeline.wrapAndCopyInto(AbstractPipeline.java:474)
	at java.base/java.util.stream.ReduceOps$ReduceOp.evaluateSequential(ReduceOps.java:913)
	at java.base/java.util.stream.AbstractPipeline.evaluate(AbstractPipeline.java:234)
	at java.base/java.util.stream.ReferencePipeline.collect(ReferencePipeline.java:578)
	at de.uka.ilkd.key.java.JP2KeYVisitor.map(JP2KeYConverter.java:403)
	at de.uka.ilkd.key.java.JP2KeYVisitor.visit(JP2KeYConverter.java:310)
	at de.uka.ilkd.key.java.JP2KeYVisitor.visit(JP2KeYConverter.java:90)
	at com.github.javaparser.ast.body.ClassOrInterfaceDeclaration.accept(ClassOrInterfaceDeclaration.java:95)
	at de.uka.ilkd.key.java.JP2KeYVisitor.lambda$map$1(JP2KeYConverter.java:402)
	at java.base/java.util.stream.ReferencePipeline$3$1.accept(ReferencePipeline.java:195)
	at java.base/java.util.ArrayList$ArrayListSpliterator.forEachRemaining(ArrayList.java:1655)
	at java.base/java.util.stream.AbstractPipeline.copyInto(AbstractPipeline.java:484)
	at java.base/java.util.stream.AbstractPipeline.wrapAndCopyInto(AbstractPipeline.java:474)
	at java.base/java.util.stream.ReduceOps$ReduceOp.evaluateSequential(ReduceOps.java:913)
	at java.base/java.util.stream.AbstractPipeline.evaluate(AbstractPipeline.java:234)
	at java.base/java.util.stream.ReferencePipeline.collect(ReferencePipeline.java:578)
	at de.uka.ilkd.key.java.JP2KeYVisitor.map(JP2KeYConverter.java:403)
	at de.uka.ilkd.key.java.JP2KeYVisitor.visit(JP2KeYConverter.java:393)
	at de.uka.ilkd.key.java.JP2KeYVisitor.visit(JP2KeYConverter.java:90)
	at com.github.javaparser.ast.CompilationUnit.accept(CompilationUnit.java:124)
	at de.uka.ilkd.key.java.JP2KeYConverter.process(JP2KeYConverter.java:84)
	at de.uka.ilkd.key.java.JP2KeYConverter.processCompilationUnit(JP2KeYConverter.java:80)
	at de.uka.ilkd.key.java.JavaService.parseLibraryClasses0(JavaService.java:536)
	at de.uka.ilkd.key.java.JavaService.parseSpecialClasses(JavaService.java:511)
	at de.uka.ilkd.key.proof.init.ProblemInitializer.readJava(ProblemInitializer.java:280)
	at de.uka.ilkd.key.proof.init.ProblemInitializer.prepare(ProblemInitializer.java:529)
	at de.uka.ilkd.key.proof.init.ProblemInitializer.prepare(ProblemInitializer.java:471)
	at de.uka.ilkd.key.rule.TacletForTests.parse(TacletForTests.java:80)
	... 89 more
</failure>
  </testcase>
  <testcase name="testInfix2()" classname="de.uka.ilkd.key.parser.TestTermParser" time="0.002">
    <failure message="java.lang.RuntimeException: Exception occurred while parsing src\test\resources\testcase\testrules.key" type="java.lang.RuntimeException">java.lang.RuntimeException: Exception occurred while parsing src\test\resources\testcase\testrules.key
	at de.uka.ilkd.key.rule.TacletForTests.parse(TacletForTests.java:89)
	at de.uka.ilkd.key.rule.TacletForTests.parse(TacletForTests.java:125)
	at de.uka.ilkd.key.rule.TacletForTests.parse(TacletForTests.java:129)
	at de.uka.ilkd.key.rule.TacletForTests.services(TacletForTests.java:102)
	at de.uka.ilkd.key.parser.TestTermParser.getServices(TestTermParser.java:42)
	at de.uka.ilkd.key.parser.AbstractTestTermParser.&lt;init&gt;(AbstractTestTermParser.java:35)
	at de.uka.ilkd.key.parser.TestTermParser.&lt;init&gt;(TestTermParser.java:34)
	at jdk.internal.reflect.GeneratedConstructorAccessor17.newInstance(Unknown Source)
	at java.base/jdk.internal.reflect.DelegatingConstructorAccessorImpl.newInstance(DelegatingConstructorAccessorImpl.java:45)
	at java.base/java.lang.reflect.Constructor.newInstance(Constructor.java:490)
	at org.junit.platform.commons.util.ReflectionUtils.newInstance(ReflectionUtils.java:552)
	at org.junit.jupiter.engine.execution.ConstructorInvocation.proceed(ConstructorInvocation.java:56)
	at org.junit.jupiter.engine.execution.InvocationInterceptorChain$ValidatingInvocation.proceed(InvocationInterceptorChain.java:131)
	at org.junit.jupiter.api.extension.InvocationInterceptor.interceptTestClassConstructor(InvocationInterceptor.java:73)
	at org.junit.jupiter.engine.execution.InterceptingExecutableInvoker.lambda$invoke$0(InterceptingExecutableInvoker.java:93)
	at org.junit.jupiter.engine.execution.InvocationInterceptorChain$InterceptedInvocation.proceed(InvocationInterceptorChain.java:106)
	at org.junit.jupiter.engine.execution.InvocationInterceptorChain.proceed(InvocationInterceptorChain.java:64)
	at org.junit.jupiter.engine.execution.InvocationInterceptorChain.chainAndInvoke(InvocationInterceptorChain.java:45)
	at org.junit.jupiter.engine.execution.InvocationInterceptorChain.invoke(InvocationInterceptorChain.java:37)
	at org.junit.jupiter.engine.execution.InterceptingExecutableInvoker.invoke(InterceptingExecutableInvoker.java:92)
	at org.junit.jupiter.engine.execution.InterceptingExecutableInvoker.invoke(InterceptingExecutableInvoker.java:62)
	at org.junit.jupiter.engine.descriptor.ClassBasedTestDescriptor.invokeTestClassConstructor(ClassBasedTestDescriptor.java:363)
	at org.junit.jupiter.engine.descriptor.ClassBasedTestDescriptor.instantiateTestClass(ClassBasedTestDescriptor.java:310)
	at org.junit.jupiter.engine.descriptor.ClassTestDescriptor.instantiateTestClass(ClassTestDescriptor.java:79)
	at org.junit.jupiter.engine.descriptor.ClassBasedTestDescriptor.instantiateAndPostProcessTestInstance(ClassBasedTestDescriptor.java:286)
	at org.junit.jupiter.engine.descriptor.ClassBasedTestDescriptor.lambda$testInstancesProvider$4(ClassBasedTestDescriptor.java:278)
	at java.base/java.util.Optional.orElseGet(Optional.java:369)
	at org.junit.jupiter.engine.descriptor.ClassBasedTestDescriptor.lambda$testInstancesProvider$5(ClassBasedTestDescriptor.java:277)
	at org.junit.jupiter.engine.execution.TestInstancesProvider.getTestInstances(TestInstancesProvider.java:31)
	at org.junit.jupiter.engine.descriptor.TestMethodTestDescriptor.lambda$prepare$0(TestMethodTestDescriptor.java:105)
	at org.junit.platform.engine.support.hierarchical.ThrowableCollector.execute(ThrowableCollector.java:73)
	at org.junit.jupiter.engine.descriptor.TestMethodTestDescriptor.prepare(TestMethodTestDescriptor.java:104)
	at org.junit.jupiter.engine.descriptor.TestMethodTestDescriptor.prepare(TestMethodTestDescriptor.java:68)
	at org.junit.platform.engine.support.hierarchical.NodeTestTask.lambda$prepare$2(NodeTestTask.java:123)
	at org.junit.platform.engine.support.hierarchical.ThrowableCollector.execute(ThrowableCollector.java:73)
	at org.junit.platform.engine.support.hierarchical.NodeTestTask.prepare(NodeTestTask.java:123)
	at org.junit.platform.engine.support.hierarchical.NodeTestTask.execute(NodeTestTask.java:90)
	at java.base/java.util.ArrayList.forEach(ArrayList.java:1541)
	at org.junit.platform.engine.support.hierarchical.SameThreadHierarchicalTestExecutorService.invokeAll(SameThreadHierarchicalTestExecutorService.java:41)
	at org.junit.platform.engine.support.hierarchical.NodeTestTask.lambda$executeRecursively$6(NodeTestTask.java:155)
	at org.junit.platform.engine.support.hierarchical.ThrowableCollector.execute(ThrowableCollector.java:73)
	at org.junit.platform.engine.support.hierarchical.NodeTestTask.lambda$executeRecursively$8(NodeTestTask.java:141)
	at org.junit.platform.engine.support.hierarchical.Node.around(Node.java:137)
	at org.junit.platform.engine.support.hierarchical.NodeTestTask.lambda$executeRecursively$9(NodeTestTask.java:139)
	at org.junit.platform.engine.support.hierarchical.ThrowableCollector.execute(ThrowableCollector.java:73)
	at org.junit.platform.engine.support.hierarchical.NodeTestTask.executeRecursively(NodeTestTask.java:138)
	at org.junit.platform.engine.support.hierarchical.NodeTestTask.execute(NodeTestTask.java:95)
	at java.base/java.util.ArrayList.forEach(ArrayList.java:1541)
	at org.junit.platform.engine.support.hierarchical.SameThreadHierarchicalTestExecutorService.invokeAll(SameThreadHierarchicalTestExecutorService.java:41)
	at org.junit.platform.engine.support.hierarchical.NodeTestTask.lambda$executeRecursively$6(NodeTestTask.java:155)
	at org.junit.platform.engine.support.hierarchical.ThrowableCollector.execute(ThrowableCollector.java:73)
	at org.junit.platform.engine.support.hierarchical.NodeTestTask.lambda$executeRecursively$8(NodeTestTask.java:141)
	at org.junit.platform.engine.support.hierarchical.Node.around(Node.java:137)
	at org.junit.platform.engine.support.hierarchical.NodeTestTask.lambda$executeRecursively$9(NodeTestTask.java:139)
	at org.junit.platform.engine.support.hierarchical.ThrowableCollector.execute(ThrowableCollector.java:73)
	at org.junit.platform.engine.support.hierarchical.NodeTestTask.executeRecursively(NodeTestTask.java:138)
	at org.junit.platform.engine.support.hierarchical.NodeTestTask.execute(NodeTestTask.java:95)
	at org.junit.platform.engine.support.hierarchical.SameThreadHierarchicalTestExecutorService.submit(SameThreadHierarchicalTestExecutorService.java:35)
	at org.junit.platform.engine.support.hierarchical.HierarchicalTestExecutor.execute(HierarchicalTestExecutor.java:57)
	at org.junit.platform.engine.support.hierarchical.HierarchicalTestEngine.execute(HierarchicalTestEngine.java:54)
	at org.junit.platform.launcher.core.EngineExecutionOrchestrator.execute(EngineExecutionOrchestrator.java:107)
	at org.junit.platform.launcher.core.EngineExecutionOrchestrator.execute(EngineExecutionOrchestrator.java:88)
	at org.junit.platform.launcher.core.EngineExecutionOrchestrator.lambda$execute$0(EngineExecutionOrchestrator.java:54)
	at org.junit.platform.launcher.core.EngineExecutionOrchestrator.withInterceptedStreams(EngineExecutionOrchestrator.java:67)
	at org.junit.platform.launcher.core.EngineExecutionOrchestrator.execute(EngineExecutionOrchestrator.java:52)
	at org.junit.platform.launcher.core.DefaultLauncher.execute(DefaultLauncher.java:114)
	at org.junit.platform.launcher.core.DefaultLauncher.execute(DefaultLauncher.java:86)
	at org.junit.platform.launcher.core.DefaultLauncherSession$DelegatingLauncher.execute(DefaultLauncherSession.java:86)
	at org.gradle.api.internal.tasks.testing.junitplatform.JUnitPlatformTestClassProcessor$CollectAllTestClassesExecutor.processAllTestClasses(JUnitPlatformTestClassProcessor.java:110)
	at org.gradle.api.internal.tasks.testing.junitplatform.JUnitPlatformTestClassProcessor$CollectAllTestClassesExecutor.access$000(JUnitPlatformTestClassProcessor.java:90)
	at org.gradle.api.internal.tasks.testing.junitplatform.JUnitPlatformTestClassProcessor.stop(JUnitPlatformTestClassProcessor.java:85)
	at org.gradle.api.internal.tasks.testing.SuiteTestClassProcessor.stop(SuiteTestClassProcessor.java:62)
	at java.base/jdk.internal.reflect.NativeMethodAccessorImpl.invoke0(Native Method)
	at java.base/jdk.internal.reflect.NativeMethodAccessorImpl.invoke(NativeMethodAccessorImpl.java:62)
	at java.base/jdk.internal.reflect.DelegatingMethodAccessorImpl.invoke(DelegatingMethodAccessorImpl.java:43)
	at java.base/java.lang.reflect.Method.invoke(Method.java:566)
	at org.gradle.internal.dispatch.ReflectionDispatch.dispatch(ReflectionDispatch.java:36)
	at org.gradle.internal.dispatch.ReflectionDispatch.dispatch(ReflectionDispatch.java:24)
	at org.gradle.internal.dispatch.ContextClassLoaderDispatch.dispatch(ContextClassLoaderDispatch.java:33)
	at org.gradle.internal.dispatch.ProxyDispatchAdapter$DispatchingInvocationHandler.invoke(ProxyDispatchAdapter.java:94)
	at com.sun.proxy.$Proxy5.stop(Unknown Source)
	at org.gradle.api.internal.tasks.testing.worker.TestWorker$3.run(TestWorker.java:193)
	at org.gradle.api.internal.tasks.testing.worker.TestWorker.executeAndMaintainThreadName(TestWorker.java:129)
	at org.gradle.api.internal.tasks.testing.worker.TestWorker.execute(TestWorker.java:100)
	at org.gradle.api.internal.tasks.testing.worker.TestWorker.execute(TestWorker.java:60)
	at org.gradle.process.internal.worker.child.ActionExecutionWorker.execute(ActionExecutionWorker.java:56)
	at org.gradle.process.internal.worker.child.SystemApplicationClassLoaderWorker.call(SystemApplicationClassLoaderWorker.java:113)
	at org.gradle.process.internal.worker.child.SystemApplicationClassLoaderWorker.call(SystemApplicationClassLoaderWorker.java:65)
	at worker.org.gradle.process.internal.worker.GradleWorkerMain.run(GradleWorkerMain.java:69)
	at worker.org.gradle.process.internal.worker.GradleWorkerMain.main(GradleWorkerMain.java:74)
Caused by: UnsolvedSymbolException{context='arg0', name='Solving arg0', cause='null'}
	at com.github.javaparser.symbolsolver.javaparsermodel.TypeExtractor.visit(TypeExtractor.java:335)
	at com.github.javaparser.symbolsolver.javaparsermodel.TypeExtractor.visit(TypeExtractor.java:65)
	at com.github.javaparser.ast.expr.NameExpr.accept(NameExpr.java:79)
	at com.github.javaparser.symbolsolver.javaparsermodel.JavaParserFacade.getTypeConcrete(JavaParserFacade.java:505)
	at com.github.javaparser.symbolsolver.javaparsermodel.JavaParserFacade.getType(JavaParserFacade.java:352)
	at com.github.javaparser.symbolsolver.javaparsermodel.JavaParserFacade.getType(JavaParserFacade.java:334)
	at com.github.javaparser.symbolsolver.JavaSymbolSolver.calculateType(JavaSymbolSolver.java:294)
	at com.github.javaparser.ast.expr.Expression.calculateResolvedType(Expression.java:573)
	at de.uka.ilkd.key.java.JP2KeYVisitor.visit(JP2KeYConverter.java:707)
	at de.uka.ilkd.key.java.JP2KeYVisitor.visit(JP2KeYConverter.java:90)
	at com.github.javaparser.ast.expr.NameExpr.accept(NameExpr.java:79)
	at de.uka.ilkd.key.java.JP2KeYVisitor.lambda$map$1(JP2KeYConverter.java:402)
	at java.base/java.util.stream.ReferencePipeline$3$1.accept(ReferencePipeline.java:195)
	at java.base/java.util.ArrayList$ArrayListSpliterator.forEachRemaining(ArrayList.java:1655)
	at java.base/java.util.stream.AbstractPipeline.copyInto(AbstractPipeline.java:484)
	at java.base/java.util.stream.AbstractPipeline.wrapAndCopyInto(AbstractPipeline.java:474)
	at java.base/java.util.stream.ReduceOps$ReduceOp.evaluateSequential(ReduceOps.java:913)
	at java.base/java.util.stream.AbstractPipeline.evaluate(AbstractPipeline.java:234)
	at java.base/java.util.stream.ReferencePipeline.collect(ReferencePipeline.java:578)
	at de.uka.ilkd.key.java.JP2KeYVisitor.map(JP2KeYConverter.java:403)
	at de.uka.ilkd.key.java.JP2KeYVisitor.visit(JP2KeYConverter.java:506)
	at de.uka.ilkd.key.java.JP2KeYVisitor.visit(JP2KeYConverter.java:90)
	at com.github.javaparser.ast.stmt.ExplicitConstructorInvocationStmt.accept(ExplicitConstructorInvocationStmt.java:96)
	at de.uka.ilkd.key.java.JP2KeYVisitor.lambda$map$1(JP2KeYConverter.java:402)
	at java.base/java.util.stream.ReferencePipeline$3$1.accept(ReferencePipeline.java:195)
	at java.base/java.util.ArrayList$ArrayListSpliterator.forEachRemaining(ArrayList.java:1655)
	at java.base/java.util.stream.AbstractPipeline.copyInto(AbstractPipeline.java:484)
	at java.base/java.util.stream.AbstractPipeline.wrapAndCopyInto(AbstractPipeline.java:474)
	at java.base/java.util.stream.ReduceOps$ReduceOp.evaluateSequential(ReduceOps.java:913)
	at java.base/java.util.stream.AbstractPipeline.evaluate(AbstractPipeline.java:234)
	at java.base/java.util.stream.ReferencePipeline.collect(ReferencePipeline.java:578)
	at de.uka.ilkd.key.java.JP2KeYVisitor.map(JP2KeYConverter.java:403)
	at de.uka.ilkd.key.java.JP2KeYVisitor.visit(JP2KeYConverter.java:258)
	at de.uka.ilkd.key.java.JP2KeYVisitor.visit(JP2KeYConverter.java:90)
	at com.github.javaparser.ast.stmt.BlockStmt.accept(BlockStmt.java:70)
	at de.uka.ilkd.key.java.JP2KeYVisitor.lambda$map$1(JP2KeYConverter.java:402)
	at java.base/java.util.stream.ReferencePipeline$3$1.accept(ReferencePipeline.java:195)
	at java.base/java.util.ArrayList$ArrayListSpliterator.forEachRemaining(ArrayList.java:1655)
	at java.base/java.util.stream.AbstractPipeline.copyInto(AbstractPipeline.java:484)
	at java.base/java.util.stream.AbstractPipeline.wrapAndCopyInto(AbstractPipeline.java:474)
	at java.base/java.util.stream.ReduceOps$ReduceOp.evaluateSequential(ReduceOps.java:913)
	at java.base/java.util.stream.AbstractPipeline.evaluate(AbstractPipeline.java:234)
	at java.base/java.util.stream.ReferencePipeline.collect(ReferencePipeline.java:578)
	at de.uka.ilkd.key.java.JP2KeYVisitor.map(JP2KeYConverter.java:403)
	at de.uka.ilkd.key.java.JP2KeYVisitor.visit(JP2KeYConverter.java:258)
	at de.uka.ilkd.key.java.JP2KeYVisitor.visit(JP2KeYConverter.java:90)
	at com.github.javaparser.ast.stmt.BlockStmt.accept(BlockStmt.java:70)
	at de.uka.ilkd.key.java.JP2KeYVisitor.accept(JP2KeYConverter.java:348)
	at de.uka.ilkd.key.java.JP2KeYVisitor.visit(JP2KeYConverter.java:946)
	at de.uka.ilkd.key.java.JP2KeYVisitor.visit(JP2KeYConverter.java:90)
	at com.github.javaparser.ast.stmt.TryStmt.accept(TryStmt.java:135)
	at de.uka.ilkd.key.java.JP2KeYVisitor.lambda$map$1(JP2KeYConverter.java:402)
	at java.base/java.util.stream.ReferencePipeline$3$1.accept(ReferencePipeline.java:195)
	at java.base/java.util.ArrayList$ArrayListSpliterator.forEachRemaining(ArrayList.java:1655)
	at java.base/java.util.stream.AbstractPipeline.copyInto(AbstractPipeline.java:484)
	at java.base/java.util.stream.AbstractPipeline.wrapAndCopyInto(AbstractPipeline.java:474)
	at java.base/java.util.stream.ReduceOps$ReduceOp.evaluateSequential(ReduceOps.java:913)
	at java.base/java.util.stream.AbstractPipeline.evaluate(AbstractPipeline.java:234)
	at java.base/java.util.stream.ReferencePipeline.collect(ReferencePipeline.java:578)
	at de.uka.ilkd.key.java.JP2KeYVisitor.map(JP2KeYConverter.java:403)
	at de.uka.ilkd.key.java.JP2KeYVisitor.visit(JP2KeYConverter.java:258)
	at de.uka.ilkd.key.java.JP2KeYVisitor.visit(JP2KeYConverter.java:90)
	at com.github.javaparser.ast.stmt.BlockStmt.accept(BlockStmt.java:70)
	at de.uka.ilkd.key.java.JP2KeYVisitor.accept(JP2KeYConverter.java:348)
	at de.uka.ilkd.key.java.JP2KeYVisitor.visit(JP2KeYConverter.java:609)
	at de.uka.ilkd.key.java.JP2KeYVisitor.visit(JP2KeYConverter.java:90)
	at com.github.javaparser.ast.stmt.IfStmt.accept(IfStmt.java:82)
	at de.uka.ilkd.key.java.JP2KeYVisitor.lambda$map$1(JP2KeYConverter.java:402)
	at java.base/java.util.stream.ReferencePipeline$3$1.accept(ReferencePipeline.java:195)
	at java.base/java.util.ArrayList$ArrayListSpliterator.forEachRemaining(ArrayList.java:1655)
	at java.base/java.util.stream.AbstractPipeline.copyInto(AbstractPipeline.java:484)
	at java.base/java.util.stream.AbstractPipeline.wrapAndCopyInto(AbstractPipeline.java:474)
	at java.base/java.util.stream.ReduceOps$ReduceOp.evaluateSequential(ReduceOps.java:913)
	at java.base/java.util.stream.AbstractPipeline.evaluate(AbstractPipeline.java:234)
	at java.base/java.util.stream.ReferencePipeline.collect(ReferencePipeline.java:578)
	at de.uka.ilkd.key.java.JP2KeYVisitor.map(JP2KeYConverter.java:403)
	at de.uka.ilkd.key.java.JP2KeYVisitor.visit(JP2KeYConverter.java:258)
	at de.uka.ilkd.key.java.JP2KeYVisitor.visit(JP2KeYConverter.java:90)
	at com.github.javaparser.ast.stmt.BlockStmt.accept(BlockStmt.java:70)
	at de.uka.ilkd.key.java.JP2KeYVisitor.accept(JP2KeYConverter.java:348)
	at de.uka.ilkd.key.java.JP2KeYVisitor.visit(JP2KeYConverter.java:609)
	at de.uka.ilkd.key.java.JP2KeYVisitor.visit(JP2KeYConverter.java:90)
	at com.github.javaparser.ast.stmt.IfStmt.accept(IfStmt.java:82)
	at de.uka.ilkd.key.java.JP2KeYVisitor.lambda$map$1(JP2KeYConverter.java:402)
	at java.base/java.util.stream.ReferencePipeline$3$1.accept(ReferencePipeline.java:195)
	at java.base/java.util.ArrayList$ArrayListSpliterator.forEachRemaining(ArrayList.java:1655)
	at java.base/java.util.stream.AbstractPipeline.copyInto(AbstractPipeline.java:484)
	at java.base/java.util.stream.AbstractPipeline.wrapAndCopyInto(AbstractPipeline.java:474)
	at java.base/java.util.stream.ReduceOps$ReduceOp.evaluateSequential(ReduceOps.java:913)
	at java.base/java.util.stream.AbstractPipeline.evaluate(AbstractPipeline.java:234)
	at java.base/java.util.stream.ReferencePipeline.collect(ReferencePipeline.java:578)
	at de.uka.ilkd.key.java.JP2KeYVisitor.map(JP2KeYConverter.java:403)
	at de.uka.ilkd.key.java.JP2KeYVisitor.visit(JP2KeYConverter.java:258)
	at de.uka.ilkd.key.java.JP2KeYVisitor.visit(JP2KeYConverter.java:90)
	at com.github.javaparser.ast.stmt.BlockStmt.accept(BlockStmt.java:70)
	at de.uka.ilkd.key.java.JP2KeYVisitor.accept(JP2KeYConverter.java:348)
	at de.uka.ilkd.key.java.JP2KeYVisitor.accepto(JP2KeYConverter.java:418)
	at de.uka.ilkd.key.java.JP2KeYVisitor.visit(JP2KeYConverter.java:688)
	at de.uka.ilkd.key.java.JP2KeYVisitor.visit(JP2KeYConverter.java:90)
	at com.github.javaparser.ast.body.MethodDeclaration.accept(MethodDeclaration.java:98)
	at de.uka.ilkd.key.java.JP2KeYVisitor.lambda$map$1(JP2KeYConverter.java:402)
	at java.base/java.util.stream.ReferencePipeline$3$1.accept(ReferencePipeline.java:195)
	at java.base/java.util.ArrayList$ArrayListSpliterator.forEachRemaining(ArrayList.java:1655)
	at java.base/java.util.stream.AbstractPipeline.copyInto(AbstractPipeline.java:484)
	at java.base/java.util.stream.AbstractPipeline.wrapAndCopyInto(AbstractPipeline.java:474)
	at java.base/java.util.stream.ReduceOps$ReduceOp.evaluateSequential(ReduceOps.java:913)
	at java.base/java.util.stream.AbstractPipeline.evaluate(AbstractPipeline.java:234)
	at java.base/java.util.stream.ReferencePipeline.collect(ReferencePipeline.java:578)
	at de.uka.ilkd.key.java.JP2KeYVisitor.map(JP2KeYConverter.java:403)
	at de.uka.ilkd.key.java.JP2KeYVisitor.visit(JP2KeYConverter.java:310)
	at de.uka.ilkd.key.java.JP2KeYVisitor.visit(JP2KeYConverter.java:90)
	at com.github.javaparser.ast.body.ClassOrInterfaceDeclaration.accept(ClassOrInterfaceDeclaration.java:95)
	at de.uka.ilkd.key.java.JP2KeYVisitor.lambda$map$1(JP2KeYConverter.java:402)
	at java.base/java.util.stream.ReferencePipeline$3$1.accept(ReferencePipeline.java:195)
	at java.base/java.util.ArrayList$ArrayListSpliterator.forEachRemaining(ArrayList.java:1655)
	at java.base/java.util.stream.AbstractPipeline.copyInto(AbstractPipeline.java:484)
	at java.base/java.util.stream.AbstractPipeline.wrapAndCopyInto(AbstractPipeline.java:474)
	at java.base/java.util.stream.ReduceOps$ReduceOp.evaluateSequential(ReduceOps.java:913)
	at java.base/java.util.stream.AbstractPipeline.evaluate(AbstractPipeline.java:234)
	at java.base/java.util.stream.ReferencePipeline.collect(ReferencePipeline.java:578)
	at de.uka.ilkd.key.java.JP2KeYVisitor.map(JP2KeYConverter.java:403)
	at de.uka.ilkd.key.java.JP2KeYVisitor.visit(JP2KeYConverter.java:393)
	at de.uka.ilkd.key.java.JP2KeYVisitor.visit(JP2KeYConverter.java:90)
	at com.github.javaparser.ast.CompilationUnit.accept(CompilationUnit.java:124)
	at de.uka.ilkd.key.java.JP2KeYConverter.process(JP2KeYConverter.java:84)
	at de.uka.ilkd.key.java.JP2KeYConverter.processCompilationUnit(JP2KeYConverter.java:80)
	at de.uka.ilkd.key.java.JavaService.parseLibraryClasses0(JavaService.java:536)
	at de.uka.ilkd.key.java.JavaService.parseSpecialClasses(JavaService.java:511)
	at de.uka.ilkd.key.proof.init.ProblemInitializer.readJava(ProblemInitializer.java:280)
	at de.uka.ilkd.key.proof.init.ProblemInitializer.prepare(ProblemInitializer.java:529)
	at de.uka.ilkd.key.proof.init.ProblemInitializer.prepare(ProblemInitializer.java:471)
	at de.uka.ilkd.key.rule.TacletForTests.parse(TacletForTests.java:80)
	... 89 more
</failure>
  </testcase>
  <testcase name="testInfix3()" classname="de.uka.ilkd.key.parser.TestTermParser" time="0.005">
    <failure message="java.lang.RuntimeException: Exception occurred while parsing src\test\resources\testcase\testrules.key" type="java.lang.RuntimeException">java.lang.RuntimeException: Exception occurred while parsing src\test\resources\testcase\testrules.key
	at de.uka.ilkd.key.rule.TacletForTests.parse(TacletForTests.java:89)
	at de.uka.ilkd.key.rule.TacletForTests.parse(TacletForTests.java:125)
	at de.uka.ilkd.key.rule.TacletForTests.parse(TacletForTests.java:129)
	at de.uka.ilkd.key.rule.TacletForTests.services(TacletForTests.java:102)
	at de.uka.ilkd.key.parser.TestTermParser.getServices(TestTermParser.java:42)
	at de.uka.ilkd.key.parser.AbstractTestTermParser.&lt;init&gt;(AbstractTestTermParser.java:35)
	at de.uka.ilkd.key.parser.TestTermParser.&lt;init&gt;(TestTermParser.java:34)
	at jdk.internal.reflect.GeneratedConstructorAccessor17.newInstance(Unknown Source)
	at java.base/jdk.internal.reflect.DelegatingConstructorAccessorImpl.newInstance(DelegatingConstructorAccessorImpl.java:45)
	at java.base/java.lang.reflect.Constructor.newInstance(Constructor.java:490)
	at org.junit.platform.commons.util.ReflectionUtils.newInstance(ReflectionUtils.java:552)
	at org.junit.jupiter.engine.execution.ConstructorInvocation.proceed(ConstructorInvocation.java:56)
	at org.junit.jupiter.engine.execution.InvocationInterceptorChain$ValidatingInvocation.proceed(InvocationInterceptorChain.java:131)
	at org.junit.jupiter.api.extension.InvocationInterceptor.interceptTestClassConstructor(InvocationInterceptor.java:73)
	at org.junit.jupiter.engine.execution.InterceptingExecutableInvoker.lambda$invoke$0(InterceptingExecutableInvoker.java:93)
	at org.junit.jupiter.engine.execution.InvocationInterceptorChain$InterceptedInvocation.proceed(InvocationInterceptorChain.java:106)
	at org.junit.jupiter.engine.execution.InvocationInterceptorChain.proceed(InvocationInterceptorChain.java:64)
	at org.junit.jupiter.engine.execution.InvocationInterceptorChain.chainAndInvoke(InvocationInterceptorChain.java:45)
	at org.junit.jupiter.engine.execution.InvocationInterceptorChain.invoke(InvocationInterceptorChain.java:37)
	at org.junit.jupiter.engine.execution.InterceptingExecutableInvoker.invoke(InterceptingExecutableInvoker.java:92)
	at org.junit.jupiter.engine.execution.InterceptingExecutableInvoker.invoke(InterceptingExecutableInvoker.java:62)
	at org.junit.jupiter.engine.descriptor.ClassBasedTestDescriptor.invokeTestClassConstructor(ClassBasedTestDescriptor.java:363)
	at org.junit.jupiter.engine.descriptor.ClassBasedTestDescriptor.instantiateTestClass(ClassBasedTestDescriptor.java:310)
	at org.junit.jupiter.engine.descriptor.ClassTestDescriptor.instantiateTestClass(ClassTestDescriptor.java:79)
	at org.junit.jupiter.engine.descriptor.ClassBasedTestDescriptor.instantiateAndPostProcessTestInstance(ClassBasedTestDescriptor.java:286)
	at org.junit.jupiter.engine.descriptor.ClassBasedTestDescriptor.lambda$testInstancesProvider$4(ClassBasedTestDescriptor.java:278)
	at java.base/java.util.Optional.orElseGet(Optional.java:369)
	at org.junit.jupiter.engine.descriptor.ClassBasedTestDescriptor.lambda$testInstancesProvider$5(ClassBasedTestDescriptor.java:277)
	at org.junit.jupiter.engine.execution.TestInstancesProvider.getTestInstances(TestInstancesProvider.java:31)
	at org.junit.jupiter.engine.descriptor.TestMethodTestDescriptor.lambda$prepare$0(TestMethodTestDescriptor.java:105)
	at org.junit.platform.engine.support.hierarchical.ThrowableCollector.execute(ThrowableCollector.java:73)
	at org.junit.jupiter.engine.descriptor.TestMethodTestDescriptor.prepare(TestMethodTestDescriptor.java:104)
	at org.junit.jupiter.engine.descriptor.TestMethodTestDescriptor.prepare(TestMethodTestDescriptor.java:68)
	at org.junit.platform.engine.support.hierarchical.NodeTestTask.lambda$prepare$2(NodeTestTask.java:123)
	at org.junit.platform.engine.support.hierarchical.ThrowableCollector.execute(ThrowableCollector.java:73)
	at org.junit.platform.engine.support.hierarchical.NodeTestTask.prepare(NodeTestTask.java:123)
	at org.junit.platform.engine.support.hierarchical.NodeTestTask.execute(NodeTestTask.java:90)
	at java.base/java.util.ArrayList.forEach(ArrayList.java:1541)
	at org.junit.platform.engine.support.hierarchical.SameThreadHierarchicalTestExecutorService.invokeAll(SameThreadHierarchicalTestExecutorService.java:41)
	at org.junit.platform.engine.support.hierarchical.NodeTestTask.lambda$executeRecursively$6(NodeTestTask.java:155)
	at org.junit.platform.engine.support.hierarchical.ThrowableCollector.execute(ThrowableCollector.java:73)
	at org.junit.platform.engine.support.hierarchical.NodeTestTask.lambda$executeRecursively$8(NodeTestTask.java:141)
	at org.junit.platform.engine.support.hierarchical.Node.around(Node.java:137)
	at org.junit.platform.engine.support.hierarchical.NodeTestTask.lambda$executeRecursively$9(NodeTestTask.java:139)
	at org.junit.platform.engine.support.hierarchical.ThrowableCollector.execute(ThrowableCollector.java:73)
	at org.junit.platform.engine.support.hierarchical.NodeTestTask.executeRecursively(NodeTestTask.java:138)
	at org.junit.platform.engine.support.hierarchical.NodeTestTask.execute(NodeTestTask.java:95)
	at java.base/java.util.ArrayList.forEach(ArrayList.java:1541)
	at org.junit.platform.engine.support.hierarchical.SameThreadHierarchicalTestExecutorService.invokeAll(SameThreadHierarchicalTestExecutorService.java:41)
	at org.junit.platform.engine.support.hierarchical.NodeTestTask.lambda$executeRecursively$6(NodeTestTask.java:155)
	at org.junit.platform.engine.support.hierarchical.ThrowableCollector.execute(ThrowableCollector.java:73)
	at org.junit.platform.engine.support.hierarchical.NodeTestTask.lambda$executeRecursively$8(NodeTestTask.java:141)
	at org.junit.platform.engine.support.hierarchical.Node.around(Node.java:137)
	at org.junit.platform.engine.support.hierarchical.NodeTestTask.lambda$executeRecursively$9(NodeTestTask.java:139)
	at org.junit.platform.engine.support.hierarchical.ThrowableCollector.execute(ThrowableCollector.java:73)
	at org.junit.platform.engine.support.hierarchical.NodeTestTask.executeRecursively(NodeTestTask.java:138)
	at org.junit.platform.engine.support.hierarchical.NodeTestTask.execute(NodeTestTask.java:95)
	at org.junit.platform.engine.support.hierarchical.SameThreadHierarchicalTestExecutorService.submit(SameThreadHierarchicalTestExecutorService.java:35)
	at org.junit.platform.engine.support.hierarchical.HierarchicalTestExecutor.execute(HierarchicalTestExecutor.java:57)
	at org.junit.platform.engine.support.hierarchical.HierarchicalTestEngine.execute(HierarchicalTestEngine.java:54)
	at org.junit.platform.launcher.core.EngineExecutionOrchestrator.execute(EngineExecutionOrchestrator.java:107)
	at org.junit.platform.launcher.core.EngineExecutionOrchestrator.execute(EngineExecutionOrchestrator.java:88)
	at org.junit.platform.launcher.core.EngineExecutionOrchestrator.lambda$execute$0(EngineExecutionOrchestrator.java:54)
	at org.junit.platform.launcher.core.EngineExecutionOrchestrator.withInterceptedStreams(EngineExecutionOrchestrator.java:67)
	at org.junit.platform.launcher.core.EngineExecutionOrchestrator.execute(EngineExecutionOrchestrator.java:52)
	at org.junit.platform.launcher.core.DefaultLauncher.execute(DefaultLauncher.java:114)
	at org.junit.platform.launcher.core.DefaultLauncher.execute(DefaultLauncher.java:86)
	at org.junit.platform.launcher.core.DefaultLauncherSession$DelegatingLauncher.execute(DefaultLauncherSession.java:86)
	at org.gradle.api.internal.tasks.testing.junitplatform.JUnitPlatformTestClassProcessor$CollectAllTestClassesExecutor.processAllTestClasses(JUnitPlatformTestClassProcessor.java:110)
	at org.gradle.api.internal.tasks.testing.junitplatform.JUnitPlatformTestClassProcessor$CollectAllTestClassesExecutor.access$000(JUnitPlatformTestClassProcessor.java:90)
	at org.gradle.api.internal.tasks.testing.junitplatform.JUnitPlatformTestClassProcessor.stop(JUnitPlatformTestClassProcessor.java:85)
	at org.gradle.api.internal.tasks.testing.SuiteTestClassProcessor.stop(SuiteTestClassProcessor.java:62)
	at java.base/jdk.internal.reflect.NativeMethodAccessorImpl.invoke0(Native Method)
	at java.base/jdk.internal.reflect.NativeMethodAccessorImpl.invoke(NativeMethodAccessorImpl.java:62)
	at java.base/jdk.internal.reflect.DelegatingMethodAccessorImpl.invoke(DelegatingMethodAccessorImpl.java:43)
	at java.base/java.lang.reflect.Method.invoke(Method.java:566)
	at org.gradle.internal.dispatch.ReflectionDispatch.dispatch(ReflectionDispatch.java:36)
	at org.gradle.internal.dispatch.ReflectionDispatch.dispatch(ReflectionDispatch.java:24)
	at org.gradle.internal.dispatch.ContextClassLoaderDispatch.dispatch(ContextClassLoaderDispatch.java:33)
	at org.gradle.internal.dispatch.ProxyDispatchAdapter$DispatchingInvocationHandler.invoke(ProxyDispatchAdapter.java:94)
	at com.sun.proxy.$Proxy5.stop(Unknown Source)
	at org.gradle.api.internal.tasks.testing.worker.TestWorker$3.run(TestWorker.java:193)
	at org.gradle.api.internal.tasks.testing.worker.TestWorker.executeAndMaintainThreadName(TestWorker.java:129)
	at org.gradle.api.internal.tasks.testing.worker.TestWorker.execute(TestWorker.java:100)
	at org.gradle.api.internal.tasks.testing.worker.TestWorker.execute(TestWorker.java:60)
	at org.gradle.process.internal.worker.child.ActionExecutionWorker.execute(ActionExecutionWorker.java:56)
	at org.gradle.process.internal.worker.child.SystemApplicationClassLoaderWorker.call(SystemApplicationClassLoaderWorker.java:113)
	at org.gradle.process.internal.worker.child.SystemApplicationClassLoaderWorker.call(SystemApplicationClassLoaderWorker.java:65)
	at worker.org.gradle.process.internal.worker.GradleWorkerMain.run(GradleWorkerMain.java:69)
	at worker.org.gradle.process.internal.worker.GradleWorkerMain.main(GradleWorkerMain.java:74)
Caused by: UnsolvedSymbolException{context='arg0', name='Solving arg0', cause='null'}
	at com.github.javaparser.symbolsolver.javaparsermodel.TypeExtractor.visit(TypeExtractor.java:335)
	at com.github.javaparser.symbolsolver.javaparsermodel.TypeExtractor.visit(TypeExtractor.java:65)
	at com.github.javaparser.ast.expr.NameExpr.accept(NameExpr.java:79)
	at com.github.javaparser.symbolsolver.javaparsermodel.JavaParserFacade.getTypeConcrete(JavaParserFacade.java:505)
	at com.github.javaparser.symbolsolver.javaparsermodel.JavaParserFacade.getType(JavaParserFacade.java:352)
	at com.github.javaparser.symbolsolver.javaparsermodel.JavaParserFacade.getType(JavaParserFacade.java:334)
	at com.github.javaparser.symbolsolver.JavaSymbolSolver.calculateType(JavaSymbolSolver.java:294)
	at com.github.javaparser.ast.expr.Expression.calculateResolvedType(Expression.java:573)
	at de.uka.ilkd.key.java.JP2KeYVisitor.visit(JP2KeYConverter.java:707)
	at de.uka.ilkd.key.java.JP2KeYVisitor.visit(JP2KeYConverter.java:90)
	at com.github.javaparser.ast.expr.NameExpr.accept(NameExpr.java:79)
	at de.uka.ilkd.key.java.JP2KeYVisitor.lambda$map$1(JP2KeYConverter.java:402)
	at java.base/java.util.stream.ReferencePipeline$3$1.accept(ReferencePipeline.java:195)
	at java.base/java.util.ArrayList$ArrayListSpliterator.forEachRemaining(ArrayList.java:1655)
	at java.base/java.util.stream.AbstractPipeline.copyInto(AbstractPipeline.java:484)
	at java.base/java.util.stream.AbstractPipeline.wrapAndCopyInto(AbstractPipeline.java:474)
	at java.base/java.util.stream.ReduceOps$ReduceOp.evaluateSequential(ReduceOps.java:913)
	at java.base/java.util.stream.AbstractPipeline.evaluate(AbstractPipeline.java:234)
	at java.base/java.util.stream.ReferencePipeline.collect(ReferencePipeline.java:578)
	at de.uka.ilkd.key.java.JP2KeYVisitor.map(JP2KeYConverter.java:403)
	at de.uka.ilkd.key.java.JP2KeYVisitor.visit(JP2KeYConverter.java:506)
	at de.uka.ilkd.key.java.JP2KeYVisitor.visit(JP2KeYConverter.java:90)
	at com.github.javaparser.ast.stmt.ExplicitConstructorInvocationStmt.accept(ExplicitConstructorInvocationStmt.java:96)
	at de.uka.ilkd.key.java.JP2KeYVisitor.lambda$map$1(JP2KeYConverter.java:402)
	at java.base/java.util.stream.ReferencePipeline$3$1.accept(ReferencePipeline.java:195)
	at java.base/java.util.ArrayList$ArrayListSpliterator.forEachRemaining(ArrayList.java:1655)
	at java.base/java.util.stream.AbstractPipeline.copyInto(AbstractPipeline.java:484)
	at java.base/java.util.stream.AbstractPipeline.wrapAndCopyInto(AbstractPipeline.java:474)
	at java.base/java.util.stream.ReduceOps$ReduceOp.evaluateSequential(ReduceOps.java:913)
	at java.base/java.util.stream.AbstractPipeline.evaluate(AbstractPipeline.java:234)
	at java.base/java.util.stream.ReferencePipeline.collect(ReferencePipeline.java:578)
	at de.uka.ilkd.key.java.JP2KeYVisitor.map(JP2KeYConverter.java:403)
	at de.uka.ilkd.key.java.JP2KeYVisitor.visit(JP2KeYConverter.java:258)
	at de.uka.ilkd.key.java.JP2KeYVisitor.visit(JP2KeYConverter.java:90)
	at com.github.javaparser.ast.stmt.BlockStmt.accept(BlockStmt.java:70)
	at de.uka.ilkd.key.java.JP2KeYVisitor.lambda$map$1(JP2KeYConverter.java:402)
	at java.base/java.util.stream.ReferencePipeline$3$1.accept(ReferencePipeline.java:195)
	at java.base/java.util.ArrayList$ArrayListSpliterator.forEachRemaining(ArrayList.java:1655)
	at java.base/java.util.stream.AbstractPipeline.copyInto(AbstractPipeline.java:484)
	at java.base/java.util.stream.AbstractPipeline.wrapAndCopyInto(AbstractPipeline.java:474)
	at java.base/java.util.stream.ReduceOps$ReduceOp.evaluateSequential(ReduceOps.java:913)
	at java.base/java.util.stream.AbstractPipeline.evaluate(AbstractPipeline.java:234)
	at java.base/java.util.stream.ReferencePipeline.collect(ReferencePipeline.java:578)
	at de.uka.ilkd.key.java.JP2KeYVisitor.map(JP2KeYConverter.java:403)
	at de.uka.ilkd.key.java.JP2KeYVisitor.visit(JP2KeYConverter.java:258)
	at de.uka.ilkd.key.java.JP2KeYVisitor.visit(JP2KeYConverter.java:90)
	at com.github.javaparser.ast.stmt.BlockStmt.accept(BlockStmt.java:70)
	at de.uka.ilkd.key.java.JP2KeYVisitor.accept(JP2KeYConverter.java:348)
	at de.uka.ilkd.key.java.JP2KeYVisitor.visit(JP2KeYConverter.java:946)
	at de.uka.ilkd.key.java.JP2KeYVisitor.visit(JP2KeYConverter.java:90)
	at com.github.javaparser.ast.stmt.TryStmt.accept(TryStmt.java:135)
	at de.uka.ilkd.key.java.JP2KeYVisitor.lambda$map$1(JP2KeYConverter.java:402)
	at java.base/java.util.stream.ReferencePipeline$3$1.accept(ReferencePipeline.java:195)
	at java.base/java.util.ArrayList$ArrayListSpliterator.forEachRemaining(ArrayList.java:1655)
	at java.base/java.util.stream.AbstractPipeline.copyInto(AbstractPipeline.java:484)
	at java.base/java.util.stream.AbstractPipeline.wrapAndCopyInto(AbstractPipeline.java:474)
	at java.base/java.util.stream.ReduceOps$ReduceOp.evaluateSequential(ReduceOps.java:913)
	at java.base/java.util.stream.AbstractPipeline.evaluate(AbstractPipeline.java:234)
	at java.base/java.util.stream.ReferencePipeline.collect(ReferencePipeline.java:578)
	at de.uka.ilkd.key.java.JP2KeYVisitor.map(JP2KeYConverter.java:403)
	at de.uka.ilkd.key.java.JP2KeYVisitor.visit(JP2KeYConverter.java:258)
	at de.uka.ilkd.key.java.JP2KeYVisitor.visit(JP2KeYConverter.java:90)
	at com.github.javaparser.ast.stmt.BlockStmt.accept(BlockStmt.java:70)
	at de.uka.ilkd.key.java.JP2KeYVisitor.accept(JP2KeYConverter.java:348)
	at de.uka.ilkd.key.java.JP2KeYVisitor.visit(JP2KeYConverter.java:609)
	at de.uka.ilkd.key.java.JP2KeYVisitor.visit(JP2KeYConverter.java:90)
	at com.github.javaparser.ast.stmt.IfStmt.accept(IfStmt.java:82)
	at de.uka.ilkd.key.java.JP2KeYVisitor.lambda$map$1(JP2KeYConverter.java:402)
	at java.base/java.util.stream.ReferencePipeline$3$1.accept(ReferencePipeline.java:195)
	at java.base/java.util.ArrayList$ArrayListSpliterator.forEachRemaining(ArrayList.java:1655)
	at java.base/java.util.stream.AbstractPipeline.copyInto(AbstractPipeline.java:484)
	at java.base/java.util.stream.AbstractPipeline.wrapAndCopyInto(AbstractPipeline.java:474)
	at java.base/java.util.stream.ReduceOps$ReduceOp.evaluateSequential(ReduceOps.java:913)
	at java.base/java.util.stream.AbstractPipeline.evaluate(AbstractPipeline.java:234)
	at java.base/java.util.stream.ReferencePipeline.collect(ReferencePipeline.java:578)
	at de.uka.ilkd.key.java.JP2KeYVisitor.map(JP2KeYConverter.java:403)
	at de.uka.ilkd.key.java.JP2KeYVisitor.visit(JP2KeYConverter.java:258)
	at de.uka.ilkd.key.java.JP2KeYVisitor.visit(JP2KeYConverter.java:90)
	at com.github.javaparser.ast.stmt.BlockStmt.accept(BlockStmt.java:70)
	at de.uka.ilkd.key.java.JP2KeYVisitor.accept(JP2KeYConverter.java:348)
	at de.uka.ilkd.key.java.JP2KeYVisitor.visit(JP2KeYConverter.java:609)
	at de.uka.ilkd.key.java.JP2KeYVisitor.visit(JP2KeYConverter.java:90)
	at com.github.javaparser.ast.stmt.IfStmt.accept(IfStmt.java:82)
	at de.uka.ilkd.key.java.JP2KeYVisitor.lambda$map$1(JP2KeYConverter.java:402)
	at java.base/java.util.stream.ReferencePipeline$3$1.accept(ReferencePipeline.java:195)
	at java.base/java.util.ArrayList$ArrayListSpliterator.forEachRemaining(ArrayList.java:1655)
	at java.base/java.util.stream.AbstractPipeline.copyInto(AbstractPipeline.java:484)
	at java.base/java.util.stream.AbstractPipeline.wrapAndCopyInto(AbstractPipeline.java:474)
	at java.base/java.util.stream.ReduceOps$ReduceOp.evaluateSequential(ReduceOps.java:913)
	at java.base/java.util.stream.AbstractPipeline.evaluate(AbstractPipeline.java:234)
	at java.base/java.util.stream.ReferencePipeline.collect(ReferencePipeline.java:578)
	at de.uka.ilkd.key.java.JP2KeYVisitor.map(JP2KeYConverter.java:403)
	at de.uka.ilkd.key.java.JP2KeYVisitor.visit(JP2KeYConverter.java:258)
	at de.uka.ilkd.key.java.JP2KeYVisitor.visit(JP2KeYConverter.java:90)
	at com.github.javaparser.ast.stmt.BlockStmt.accept(BlockStmt.java:70)
	at de.uka.ilkd.key.java.JP2KeYVisitor.accept(JP2KeYConverter.java:348)
	at de.uka.ilkd.key.java.JP2KeYVisitor.accepto(JP2KeYConverter.java:418)
	at de.uka.ilkd.key.java.JP2KeYVisitor.visit(JP2KeYConverter.java:688)
	at de.uka.ilkd.key.java.JP2KeYVisitor.visit(JP2KeYConverter.java:90)
	at com.github.javaparser.ast.body.MethodDeclaration.accept(MethodDeclaration.java:98)
	at de.uka.ilkd.key.java.JP2KeYVisitor.lambda$map$1(JP2KeYConverter.java:402)
	at java.base/java.util.stream.ReferencePipeline$3$1.accept(ReferencePipeline.java:195)
	at java.base/java.util.ArrayList$ArrayListSpliterator.forEachRemaining(ArrayList.java:1655)
	at java.base/java.util.stream.AbstractPipeline.copyInto(AbstractPipeline.java:484)
	at java.base/java.util.stream.AbstractPipeline.wrapAndCopyInto(AbstractPipeline.java:474)
	at java.base/java.util.stream.ReduceOps$ReduceOp.evaluateSequential(ReduceOps.java:913)
	at java.base/java.util.stream.AbstractPipeline.evaluate(AbstractPipeline.java:234)
	at java.base/java.util.stream.ReferencePipeline.collect(ReferencePipeline.java:578)
	at de.uka.ilkd.key.java.JP2KeYVisitor.map(JP2KeYConverter.java:403)
	at de.uka.ilkd.key.java.JP2KeYVisitor.visit(JP2KeYConverter.java:310)
	at de.uka.ilkd.key.java.JP2KeYVisitor.visit(JP2KeYConverter.java:90)
	at com.github.javaparser.ast.body.ClassOrInterfaceDeclaration.accept(ClassOrInterfaceDeclaration.java:95)
	at de.uka.ilkd.key.java.JP2KeYVisitor.lambda$map$1(JP2KeYConverter.java:402)
	at java.base/java.util.stream.ReferencePipeline$3$1.accept(ReferencePipeline.java:195)
	at java.base/java.util.ArrayList$ArrayListSpliterator.forEachRemaining(ArrayList.java:1655)
	at java.base/java.util.stream.AbstractPipeline.copyInto(AbstractPipeline.java:484)
	at java.base/java.util.stream.AbstractPipeline.wrapAndCopyInto(AbstractPipeline.java:474)
	at java.base/java.util.stream.ReduceOps$ReduceOp.evaluateSequential(ReduceOps.java:913)
	at java.base/java.util.stream.AbstractPipeline.evaluate(AbstractPipeline.java:234)
	at java.base/java.util.stream.ReferencePipeline.collect(ReferencePipeline.java:578)
	at de.uka.ilkd.key.java.JP2KeYVisitor.map(JP2KeYConverter.java:403)
	at de.uka.ilkd.key.java.JP2KeYVisitor.visit(JP2KeYConverter.java:393)
	at de.uka.ilkd.key.java.JP2KeYVisitor.visit(JP2KeYConverter.java:90)
	at com.github.javaparser.ast.CompilationUnit.accept(CompilationUnit.java:124)
	at de.uka.ilkd.key.java.JP2KeYConverter.process(JP2KeYConverter.java:84)
	at de.uka.ilkd.key.java.JP2KeYConverter.processCompilationUnit(JP2KeYConverter.java:80)
	at de.uka.ilkd.key.java.JavaService.parseLibraryClasses0(JavaService.java:536)
	at de.uka.ilkd.key.java.JavaService.parseSpecialClasses(JavaService.java:511)
	at de.uka.ilkd.key.proof.init.ProblemInitializer.readJava(ProblemInitializer.java:280)
	at de.uka.ilkd.key.proof.init.ProblemInitializer.prepare(ProblemInitializer.java:529)
	at de.uka.ilkd.key.proof.init.ProblemInitializer.prepare(ProblemInitializer.java:471)
	at de.uka.ilkd.key.rule.TacletForTests.parse(TacletForTests.java:80)
	... 89 more
</failure>
  </testcase>
  <testcase name="testInfix4()" classname="de.uka.ilkd.key.parser.TestTermParser" time="0.001">
    <failure message="java.lang.RuntimeException: Exception occurred while parsing src\test\resources\testcase\testrules.key" type="java.lang.RuntimeException">java.lang.RuntimeException: Exception occurred while parsing src\test\resources\testcase\testrules.key
	at de.uka.ilkd.key.rule.TacletForTests.parse(TacletForTests.java:89)
	at de.uka.ilkd.key.rule.TacletForTests.parse(TacletForTests.java:125)
	at de.uka.ilkd.key.rule.TacletForTests.parse(TacletForTests.java:129)
	at de.uka.ilkd.key.rule.TacletForTests.services(TacletForTests.java:102)
	at de.uka.ilkd.key.parser.TestTermParser.getServices(TestTermParser.java:42)
	at de.uka.ilkd.key.parser.AbstractTestTermParser.&lt;init&gt;(AbstractTestTermParser.java:35)
	at de.uka.ilkd.key.parser.TestTermParser.&lt;init&gt;(TestTermParser.java:34)
	at jdk.internal.reflect.GeneratedConstructorAccessor17.newInstance(Unknown Source)
	at java.base/jdk.internal.reflect.DelegatingConstructorAccessorImpl.newInstance(DelegatingConstructorAccessorImpl.java:45)
	at java.base/java.lang.reflect.Constructor.newInstance(Constructor.java:490)
	at org.junit.platform.commons.util.ReflectionUtils.newInstance(ReflectionUtils.java:552)
	at org.junit.jupiter.engine.execution.ConstructorInvocation.proceed(ConstructorInvocation.java:56)
	at org.junit.jupiter.engine.execution.InvocationInterceptorChain$ValidatingInvocation.proceed(InvocationInterceptorChain.java:131)
	at org.junit.jupiter.api.extension.InvocationInterceptor.interceptTestClassConstructor(InvocationInterceptor.java:73)
	at org.junit.jupiter.engine.execution.InterceptingExecutableInvoker.lambda$invoke$0(InterceptingExecutableInvoker.java:93)
	at org.junit.jupiter.engine.execution.InvocationInterceptorChain$InterceptedInvocation.proceed(InvocationInterceptorChain.java:106)
	at org.junit.jupiter.engine.execution.InvocationInterceptorChain.proceed(InvocationInterceptorChain.java:64)
	at org.junit.jupiter.engine.execution.InvocationInterceptorChain.chainAndInvoke(InvocationInterceptorChain.java:45)
	at org.junit.jupiter.engine.execution.InvocationInterceptorChain.invoke(InvocationInterceptorChain.java:37)
	at org.junit.jupiter.engine.execution.InterceptingExecutableInvoker.invoke(InterceptingExecutableInvoker.java:92)
	at org.junit.jupiter.engine.execution.InterceptingExecutableInvoker.invoke(InterceptingExecutableInvoker.java:62)
	at org.junit.jupiter.engine.descriptor.ClassBasedTestDescriptor.invokeTestClassConstructor(ClassBasedTestDescriptor.java:363)
	at org.junit.jupiter.engine.descriptor.ClassBasedTestDescriptor.instantiateTestClass(ClassBasedTestDescriptor.java:310)
	at org.junit.jupiter.engine.descriptor.ClassTestDescriptor.instantiateTestClass(ClassTestDescriptor.java:79)
	at org.junit.jupiter.engine.descriptor.ClassBasedTestDescriptor.instantiateAndPostProcessTestInstance(ClassBasedTestDescriptor.java:286)
	at org.junit.jupiter.engine.descriptor.ClassBasedTestDescriptor.lambda$testInstancesProvider$4(ClassBasedTestDescriptor.java:278)
	at java.base/java.util.Optional.orElseGet(Optional.java:369)
	at org.junit.jupiter.engine.descriptor.ClassBasedTestDescriptor.lambda$testInstancesProvider$5(ClassBasedTestDescriptor.java:277)
	at org.junit.jupiter.engine.execution.TestInstancesProvider.getTestInstances(TestInstancesProvider.java:31)
	at org.junit.jupiter.engine.descriptor.TestMethodTestDescriptor.lambda$prepare$0(TestMethodTestDescriptor.java:105)
	at org.junit.platform.engine.support.hierarchical.ThrowableCollector.execute(ThrowableCollector.java:73)
	at org.junit.jupiter.engine.descriptor.TestMethodTestDescriptor.prepare(TestMethodTestDescriptor.java:104)
	at org.junit.jupiter.engine.descriptor.TestMethodTestDescriptor.prepare(TestMethodTestDescriptor.java:68)
	at org.junit.platform.engine.support.hierarchical.NodeTestTask.lambda$prepare$2(NodeTestTask.java:123)
	at org.junit.platform.engine.support.hierarchical.ThrowableCollector.execute(ThrowableCollector.java:73)
	at org.junit.platform.engine.support.hierarchical.NodeTestTask.prepare(NodeTestTask.java:123)
	at org.junit.platform.engine.support.hierarchical.NodeTestTask.execute(NodeTestTask.java:90)
	at java.base/java.util.ArrayList.forEach(ArrayList.java:1541)
	at org.junit.platform.engine.support.hierarchical.SameThreadHierarchicalTestExecutorService.invokeAll(SameThreadHierarchicalTestExecutorService.java:41)
	at org.junit.platform.engine.support.hierarchical.NodeTestTask.lambda$executeRecursively$6(NodeTestTask.java:155)
	at org.junit.platform.engine.support.hierarchical.ThrowableCollector.execute(ThrowableCollector.java:73)
	at org.junit.platform.engine.support.hierarchical.NodeTestTask.lambda$executeRecursively$8(NodeTestTask.java:141)
	at org.junit.platform.engine.support.hierarchical.Node.around(Node.java:137)
	at org.junit.platform.engine.support.hierarchical.NodeTestTask.lambda$executeRecursively$9(NodeTestTask.java:139)
	at org.junit.platform.engine.support.hierarchical.ThrowableCollector.execute(ThrowableCollector.java:73)
	at org.junit.platform.engine.support.hierarchical.NodeTestTask.executeRecursively(NodeTestTask.java:138)
	at org.junit.platform.engine.support.hierarchical.NodeTestTask.execute(NodeTestTask.java:95)
	at java.base/java.util.ArrayList.forEach(ArrayList.java:1541)
	at org.junit.platform.engine.support.hierarchical.SameThreadHierarchicalTestExecutorService.invokeAll(SameThreadHierarchicalTestExecutorService.java:41)
	at org.junit.platform.engine.support.hierarchical.NodeTestTask.lambda$executeRecursively$6(NodeTestTask.java:155)
	at org.junit.platform.engine.support.hierarchical.ThrowableCollector.execute(ThrowableCollector.java:73)
	at org.junit.platform.engine.support.hierarchical.NodeTestTask.lambda$executeRecursively$8(NodeTestTask.java:141)
	at org.junit.platform.engine.support.hierarchical.Node.around(Node.java:137)
	at org.junit.platform.engine.support.hierarchical.NodeTestTask.lambda$executeRecursively$9(NodeTestTask.java:139)
	at org.junit.platform.engine.support.hierarchical.ThrowableCollector.execute(ThrowableCollector.java:73)
	at org.junit.platform.engine.support.hierarchical.NodeTestTask.executeRecursively(NodeTestTask.java:138)
	at org.junit.platform.engine.support.hierarchical.NodeTestTask.execute(NodeTestTask.java:95)
	at org.junit.platform.engine.support.hierarchical.SameThreadHierarchicalTestExecutorService.submit(SameThreadHierarchicalTestExecutorService.java:35)
	at org.junit.platform.engine.support.hierarchical.HierarchicalTestExecutor.execute(HierarchicalTestExecutor.java:57)
	at org.junit.platform.engine.support.hierarchical.HierarchicalTestEngine.execute(HierarchicalTestEngine.java:54)
	at org.junit.platform.launcher.core.EngineExecutionOrchestrator.execute(EngineExecutionOrchestrator.java:107)
	at org.junit.platform.launcher.core.EngineExecutionOrchestrator.execute(EngineExecutionOrchestrator.java:88)
	at org.junit.platform.launcher.core.EngineExecutionOrchestrator.lambda$execute$0(EngineExecutionOrchestrator.java:54)
	at org.junit.platform.launcher.core.EngineExecutionOrchestrator.withInterceptedStreams(EngineExecutionOrchestrator.java:67)
	at org.junit.platform.launcher.core.EngineExecutionOrchestrator.execute(EngineExecutionOrchestrator.java:52)
	at org.junit.platform.launcher.core.DefaultLauncher.execute(DefaultLauncher.java:114)
	at org.junit.platform.launcher.core.DefaultLauncher.execute(DefaultLauncher.java:86)
	at org.junit.platform.launcher.core.DefaultLauncherSession$DelegatingLauncher.execute(DefaultLauncherSession.java:86)
	at org.gradle.api.internal.tasks.testing.junitplatform.JUnitPlatformTestClassProcessor$CollectAllTestClassesExecutor.processAllTestClasses(JUnitPlatformTestClassProcessor.java:110)
	at org.gradle.api.internal.tasks.testing.junitplatform.JUnitPlatformTestClassProcessor$CollectAllTestClassesExecutor.access$000(JUnitPlatformTestClassProcessor.java:90)
	at org.gradle.api.internal.tasks.testing.junitplatform.JUnitPlatformTestClassProcessor.stop(JUnitPlatformTestClassProcessor.java:85)
	at org.gradle.api.internal.tasks.testing.SuiteTestClassProcessor.stop(SuiteTestClassProcessor.java:62)
	at java.base/jdk.internal.reflect.NativeMethodAccessorImpl.invoke0(Native Method)
	at java.base/jdk.internal.reflect.NativeMethodAccessorImpl.invoke(NativeMethodAccessorImpl.java:62)
	at java.base/jdk.internal.reflect.DelegatingMethodAccessorImpl.invoke(DelegatingMethodAccessorImpl.java:43)
	at java.base/java.lang.reflect.Method.invoke(Method.java:566)
	at org.gradle.internal.dispatch.ReflectionDispatch.dispatch(ReflectionDispatch.java:36)
	at org.gradle.internal.dispatch.ReflectionDispatch.dispatch(ReflectionDispatch.java:24)
	at org.gradle.internal.dispatch.ContextClassLoaderDispatch.dispatch(ContextClassLoaderDispatch.java:33)
	at org.gradle.internal.dispatch.ProxyDispatchAdapter$DispatchingInvocationHandler.invoke(ProxyDispatchAdapter.java:94)
	at com.sun.proxy.$Proxy5.stop(Unknown Source)
	at org.gradle.api.internal.tasks.testing.worker.TestWorker$3.run(TestWorker.java:193)
	at org.gradle.api.internal.tasks.testing.worker.TestWorker.executeAndMaintainThreadName(TestWorker.java:129)
	at org.gradle.api.internal.tasks.testing.worker.TestWorker.execute(TestWorker.java:100)
	at org.gradle.api.internal.tasks.testing.worker.TestWorker.execute(TestWorker.java:60)
	at org.gradle.process.internal.worker.child.ActionExecutionWorker.execute(ActionExecutionWorker.java:56)
	at org.gradle.process.internal.worker.child.SystemApplicationClassLoaderWorker.call(SystemApplicationClassLoaderWorker.java:113)
	at org.gradle.process.internal.worker.child.SystemApplicationClassLoaderWorker.call(SystemApplicationClassLoaderWorker.java:65)
	at worker.org.gradle.process.internal.worker.GradleWorkerMain.run(GradleWorkerMain.java:69)
	at worker.org.gradle.process.internal.worker.GradleWorkerMain.main(GradleWorkerMain.java:74)
Caused by: UnsolvedSymbolException{context='arg0', name='Solving arg0', cause='null'}
	at com.github.javaparser.symbolsolver.javaparsermodel.TypeExtractor.visit(TypeExtractor.java:335)
	at com.github.javaparser.symbolsolver.javaparsermodel.TypeExtractor.visit(TypeExtractor.java:65)
	at com.github.javaparser.ast.expr.NameExpr.accept(NameExpr.java:79)
	at com.github.javaparser.symbolsolver.javaparsermodel.JavaParserFacade.getTypeConcrete(JavaParserFacade.java:505)
	at com.github.javaparser.symbolsolver.javaparsermodel.JavaParserFacade.getType(JavaParserFacade.java:352)
	at com.github.javaparser.symbolsolver.javaparsermodel.JavaParserFacade.getType(JavaParserFacade.java:334)
	at com.github.javaparser.symbolsolver.JavaSymbolSolver.calculateType(JavaSymbolSolver.java:294)
	at com.github.javaparser.ast.expr.Expression.calculateResolvedType(Expression.java:573)
	at de.uka.ilkd.key.java.JP2KeYVisitor.visit(JP2KeYConverter.java:707)
	at de.uka.ilkd.key.java.JP2KeYVisitor.visit(JP2KeYConverter.java:90)
	at com.github.javaparser.ast.expr.NameExpr.accept(NameExpr.java:79)
	at de.uka.ilkd.key.java.JP2KeYVisitor.lambda$map$1(JP2KeYConverter.java:402)
	at java.base/java.util.stream.ReferencePipeline$3$1.accept(ReferencePipeline.java:195)
	at java.base/java.util.ArrayList$ArrayListSpliterator.forEachRemaining(ArrayList.java:1655)
	at java.base/java.util.stream.AbstractPipeline.copyInto(AbstractPipeline.java:484)
	at java.base/java.util.stream.AbstractPipeline.wrapAndCopyInto(AbstractPipeline.java:474)
	at java.base/java.util.stream.ReduceOps$ReduceOp.evaluateSequential(ReduceOps.java:913)
	at java.base/java.util.stream.AbstractPipeline.evaluate(AbstractPipeline.java:234)
	at java.base/java.util.stream.ReferencePipeline.collect(ReferencePipeline.java:578)
	at de.uka.ilkd.key.java.JP2KeYVisitor.map(JP2KeYConverter.java:403)
	at de.uka.ilkd.key.java.JP2KeYVisitor.visit(JP2KeYConverter.java:506)
	at de.uka.ilkd.key.java.JP2KeYVisitor.visit(JP2KeYConverter.java:90)
	at com.github.javaparser.ast.stmt.ExplicitConstructorInvocationStmt.accept(ExplicitConstructorInvocationStmt.java:96)
	at de.uka.ilkd.key.java.JP2KeYVisitor.lambda$map$1(JP2KeYConverter.java:402)
	at java.base/java.util.stream.ReferencePipeline$3$1.accept(ReferencePipeline.java:195)
	at java.base/java.util.ArrayList$ArrayListSpliterator.forEachRemaining(ArrayList.java:1655)
	at java.base/java.util.stream.AbstractPipeline.copyInto(AbstractPipeline.java:484)
	at java.base/java.util.stream.AbstractPipeline.wrapAndCopyInto(AbstractPipeline.java:474)
	at java.base/java.util.stream.ReduceOps$ReduceOp.evaluateSequential(ReduceOps.java:913)
	at java.base/java.util.stream.AbstractPipeline.evaluate(AbstractPipeline.java:234)
	at java.base/java.util.stream.ReferencePipeline.collect(ReferencePipeline.java:578)
	at de.uka.ilkd.key.java.JP2KeYVisitor.map(JP2KeYConverter.java:403)
	at de.uka.ilkd.key.java.JP2KeYVisitor.visit(JP2KeYConverter.java:258)
	at de.uka.ilkd.key.java.JP2KeYVisitor.visit(JP2KeYConverter.java:90)
	at com.github.javaparser.ast.stmt.BlockStmt.accept(BlockStmt.java:70)
	at de.uka.ilkd.key.java.JP2KeYVisitor.lambda$map$1(JP2KeYConverter.java:402)
	at java.base/java.util.stream.ReferencePipeline$3$1.accept(ReferencePipeline.java:195)
	at java.base/java.util.ArrayList$ArrayListSpliterator.forEachRemaining(ArrayList.java:1655)
	at java.base/java.util.stream.AbstractPipeline.copyInto(AbstractPipeline.java:484)
	at java.base/java.util.stream.AbstractPipeline.wrapAndCopyInto(AbstractPipeline.java:474)
	at java.base/java.util.stream.ReduceOps$ReduceOp.evaluateSequential(ReduceOps.java:913)
	at java.base/java.util.stream.AbstractPipeline.evaluate(AbstractPipeline.java:234)
	at java.base/java.util.stream.ReferencePipeline.collect(ReferencePipeline.java:578)
	at de.uka.ilkd.key.java.JP2KeYVisitor.map(JP2KeYConverter.java:403)
	at de.uka.ilkd.key.java.JP2KeYVisitor.visit(JP2KeYConverter.java:258)
	at de.uka.ilkd.key.java.JP2KeYVisitor.visit(JP2KeYConverter.java:90)
	at com.github.javaparser.ast.stmt.BlockStmt.accept(BlockStmt.java:70)
	at de.uka.ilkd.key.java.JP2KeYVisitor.accept(JP2KeYConverter.java:348)
	at de.uka.ilkd.key.java.JP2KeYVisitor.visit(JP2KeYConverter.java:946)
	at de.uka.ilkd.key.java.JP2KeYVisitor.visit(JP2KeYConverter.java:90)
	at com.github.javaparser.ast.stmt.TryStmt.accept(TryStmt.java:135)
	at de.uka.ilkd.key.java.JP2KeYVisitor.lambda$map$1(JP2KeYConverter.java:402)
	at java.base/java.util.stream.ReferencePipeline$3$1.accept(ReferencePipeline.java:195)
	at java.base/java.util.ArrayList$ArrayListSpliterator.forEachRemaining(ArrayList.java:1655)
	at java.base/java.util.stream.AbstractPipeline.copyInto(AbstractPipeline.java:484)
	at java.base/java.util.stream.AbstractPipeline.wrapAndCopyInto(AbstractPipeline.java:474)
	at java.base/java.util.stream.ReduceOps$ReduceOp.evaluateSequential(ReduceOps.java:913)
	at java.base/java.util.stream.AbstractPipeline.evaluate(AbstractPipeline.java:234)
	at java.base/java.util.stream.ReferencePipeline.collect(ReferencePipeline.java:578)
	at de.uka.ilkd.key.java.JP2KeYVisitor.map(JP2KeYConverter.java:403)
	at de.uka.ilkd.key.java.JP2KeYVisitor.visit(JP2KeYConverter.java:258)
	at de.uka.ilkd.key.java.JP2KeYVisitor.visit(JP2KeYConverter.java:90)
	at com.github.javaparser.ast.stmt.BlockStmt.accept(BlockStmt.java:70)
	at de.uka.ilkd.key.java.JP2KeYVisitor.accept(JP2KeYConverter.java:348)
	at de.uka.ilkd.key.java.JP2KeYVisitor.visit(JP2KeYConverter.java:609)
	at de.uka.ilkd.key.java.JP2KeYVisitor.visit(JP2KeYConverter.java:90)
	at com.github.javaparser.ast.stmt.IfStmt.accept(IfStmt.java:82)
	at de.uka.ilkd.key.java.JP2KeYVisitor.lambda$map$1(JP2KeYConverter.java:402)
	at java.base/java.util.stream.ReferencePipeline$3$1.accept(ReferencePipeline.java:195)
	at java.base/java.util.ArrayList$ArrayListSpliterator.forEachRemaining(ArrayList.java:1655)
	at java.base/java.util.stream.AbstractPipeline.copyInto(AbstractPipeline.java:484)
	at java.base/java.util.stream.AbstractPipeline.wrapAndCopyInto(AbstractPipeline.java:474)
	at java.base/java.util.stream.ReduceOps$ReduceOp.evaluateSequential(ReduceOps.java:913)
	at java.base/java.util.stream.AbstractPipeline.evaluate(AbstractPipeline.java:234)
	at java.base/java.util.stream.ReferencePipeline.collect(ReferencePipeline.java:578)
	at de.uka.ilkd.key.java.JP2KeYVisitor.map(JP2KeYConverter.java:403)
	at de.uka.ilkd.key.java.JP2KeYVisitor.visit(JP2KeYConverter.java:258)
	at de.uka.ilkd.key.java.JP2KeYVisitor.visit(JP2KeYConverter.java:90)
	at com.github.javaparser.ast.stmt.BlockStmt.accept(BlockStmt.java:70)
	at de.uka.ilkd.key.java.JP2KeYVisitor.accept(JP2KeYConverter.java:348)
	at de.uka.ilkd.key.java.JP2KeYVisitor.visit(JP2KeYConverter.java:609)
	at de.uka.ilkd.key.java.JP2KeYVisitor.visit(JP2KeYConverter.java:90)
	at com.github.javaparser.ast.stmt.IfStmt.accept(IfStmt.java:82)
	at de.uka.ilkd.key.java.JP2KeYVisitor.lambda$map$1(JP2KeYConverter.java:402)
	at java.base/java.util.stream.ReferencePipeline$3$1.accept(ReferencePipeline.java:195)
	at java.base/java.util.ArrayList$ArrayListSpliterator.forEachRemaining(ArrayList.java:1655)
	at java.base/java.util.stream.AbstractPipeline.copyInto(AbstractPipeline.java:484)
	at java.base/java.util.stream.AbstractPipeline.wrapAndCopyInto(AbstractPipeline.java:474)
	at java.base/java.util.stream.ReduceOps$ReduceOp.evaluateSequential(ReduceOps.java:913)
	at java.base/java.util.stream.AbstractPipeline.evaluate(AbstractPipeline.java:234)
	at java.base/java.util.stream.ReferencePipeline.collect(ReferencePipeline.java:578)
	at de.uka.ilkd.key.java.JP2KeYVisitor.map(JP2KeYConverter.java:403)
	at de.uka.ilkd.key.java.JP2KeYVisitor.visit(JP2KeYConverter.java:258)
	at de.uka.ilkd.key.java.JP2KeYVisitor.visit(JP2KeYConverter.java:90)
	at com.github.javaparser.ast.stmt.BlockStmt.accept(BlockStmt.java:70)
	at de.uka.ilkd.key.java.JP2KeYVisitor.accept(JP2KeYConverter.java:348)
	at de.uka.ilkd.key.java.JP2KeYVisitor.accepto(JP2KeYConverter.java:418)
	at de.uka.ilkd.key.java.JP2KeYVisitor.visit(JP2KeYConverter.java:688)
	at de.uka.ilkd.key.java.JP2KeYVisitor.visit(JP2KeYConverter.java:90)
	at com.github.javaparser.ast.body.MethodDeclaration.accept(MethodDeclaration.java:98)
	at de.uka.ilkd.key.java.JP2KeYVisitor.lambda$map$1(JP2KeYConverter.java:402)
	at java.base/java.util.stream.ReferencePipeline$3$1.accept(ReferencePipeline.java:195)
	at java.base/java.util.ArrayList$ArrayListSpliterator.forEachRemaining(ArrayList.java:1655)
	at java.base/java.util.stream.AbstractPipeline.copyInto(AbstractPipeline.java:484)
	at java.base/java.util.stream.AbstractPipeline.wrapAndCopyInto(AbstractPipeline.java:474)
	at java.base/java.util.stream.ReduceOps$ReduceOp.evaluateSequential(ReduceOps.java:913)
	at java.base/java.util.stream.AbstractPipeline.evaluate(AbstractPipeline.java:234)
	at java.base/java.util.stream.ReferencePipeline.collect(ReferencePipeline.java:578)
	at de.uka.ilkd.key.java.JP2KeYVisitor.map(JP2KeYConverter.java:403)
	at de.uka.ilkd.key.java.JP2KeYVisitor.visit(JP2KeYConverter.java:310)
	at de.uka.ilkd.key.java.JP2KeYVisitor.visit(JP2KeYConverter.java:90)
	at com.github.javaparser.ast.body.ClassOrInterfaceDeclaration.accept(ClassOrInterfaceDeclaration.java:95)
	at de.uka.ilkd.key.java.JP2KeYVisitor.lambda$map$1(JP2KeYConverter.java:402)
	at java.base/java.util.stream.ReferencePipeline$3$1.accept(ReferencePipeline.java:195)
	at java.base/java.util.ArrayList$ArrayListSpliterator.forEachRemaining(ArrayList.java:1655)
	at java.base/java.util.stream.AbstractPipeline.copyInto(AbstractPipeline.java:484)
	at java.base/java.util.stream.AbstractPipeline.wrapAndCopyInto(AbstractPipeline.java:474)
	at java.base/java.util.stream.ReduceOps$ReduceOp.evaluateSequential(ReduceOps.java:913)
	at java.base/java.util.stream.AbstractPipeline.evaluate(AbstractPipeline.java:234)
	at java.base/java.util.stream.ReferencePipeline.collect(ReferencePipeline.java:578)
	at de.uka.ilkd.key.java.JP2KeYVisitor.map(JP2KeYConverter.java:403)
	at de.uka.ilkd.key.java.JP2KeYVisitor.visit(JP2KeYConverter.java:393)
	at de.uka.ilkd.key.java.JP2KeYVisitor.visit(JP2KeYConverter.java:90)
	at com.github.javaparser.ast.CompilationUnit.accept(CompilationUnit.java:124)
	at de.uka.ilkd.key.java.JP2KeYConverter.process(JP2KeYConverter.java:84)
	at de.uka.ilkd.key.java.JP2KeYConverter.processCompilationUnit(JP2KeYConverter.java:80)
	at de.uka.ilkd.key.java.JavaService.parseLibraryClasses0(JavaService.java:536)
	at de.uka.ilkd.key.java.JavaService.parseSpecialClasses(JavaService.java:511)
	at de.uka.ilkd.key.proof.init.ProblemInitializer.readJava(ProblemInitializer.java:280)
	at de.uka.ilkd.key.proof.init.ProblemInitializer.prepare(ProblemInitializer.java:529)
	at de.uka.ilkd.key.proof.init.ProblemInitializer.prepare(ProblemInitializer.java:471)
	at de.uka.ilkd.key.rule.TacletForTests.parse(TacletForTests.java:80)
	... 89 more
</failure>
  </testcase>
  <testcase name="testIfThenElse()" classname="de.uka.ilkd.key.parser.TestTermParser" time="0.038">
    <failure message="java.lang.RuntimeException: Exception occurred while parsing src\test\resources\testcase\testrules.key" type="java.lang.RuntimeException">java.lang.RuntimeException: Exception occurred while parsing src\test\resources\testcase\testrules.key
	at de.uka.ilkd.key.rule.TacletForTests.parse(TacletForTests.java:89)
	at de.uka.ilkd.key.rule.TacletForTests.parse(TacletForTests.java:125)
	at de.uka.ilkd.key.rule.TacletForTests.parse(TacletForTests.java:129)
	at de.uka.ilkd.key.rule.TacletForTests.services(TacletForTests.java:102)
	at de.uka.ilkd.key.parser.TestTermParser.getServices(TestTermParser.java:42)
	at de.uka.ilkd.key.parser.AbstractTestTermParser.&lt;init&gt;(AbstractTestTermParser.java:35)
	at de.uka.ilkd.key.parser.TestTermParser.&lt;init&gt;(TestTermParser.java:34)
	at jdk.internal.reflect.GeneratedConstructorAccessor17.newInstance(Unknown Source)
	at java.base/jdk.internal.reflect.DelegatingConstructorAccessorImpl.newInstance(DelegatingConstructorAccessorImpl.java:45)
	at java.base/java.lang.reflect.Constructor.newInstance(Constructor.java:490)
	at org.junit.platform.commons.util.ReflectionUtils.newInstance(ReflectionUtils.java:552)
	at org.junit.jupiter.engine.execution.ConstructorInvocation.proceed(ConstructorInvocation.java:56)
	at org.junit.jupiter.engine.execution.InvocationInterceptorChain$ValidatingInvocation.proceed(InvocationInterceptorChain.java:131)
	at org.junit.jupiter.api.extension.InvocationInterceptor.interceptTestClassConstructor(InvocationInterceptor.java:73)
	at org.junit.jupiter.engine.execution.InterceptingExecutableInvoker.lambda$invoke$0(InterceptingExecutableInvoker.java:93)
	at org.junit.jupiter.engine.execution.InvocationInterceptorChain$InterceptedInvocation.proceed(InvocationInterceptorChain.java:106)
	at org.junit.jupiter.engine.execution.InvocationInterceptorChain.proceed(InvocationInterceptorChain.java:64)
	at org.junit.jupiter.engine.execution.InvocationInterceptorChain.chainAndInvoke(InvocationInterceptorChain.java:45)
	at org.junit.jupiter.engine.execution.InvocationInterceptorChain.invoke(InvocationInterceptorChain.java:37)
	at org.junit.jupiter.engine.execution.InterceptingExecutableInvoker.invoke(InterceptingExecutableInvoker.java:92)
	at org.junit.jupiter.engine.execution.InterceptingExecutableInvoker.invoke(InterceptingExecutableInvoker.java:62)
	at org.junit.jupiter.engine.descriptor.ClassBasedTestDescriptor.invokeTestClassConstructor(ClassBasedTestDescriptor.java:363)
	at org.junit.jupiter.engine.descriptor.ClassBasedTestDescriptor.instantiateTestClass(ClassBasedTestDescriptor.java:310)
	at org.junit.jupiter.engine.descriptor.ClassTestDescriptor.instantiateTestClass(ClassTestDescriptor.java:79)
	at org.junit.jupiter.engine.descriptor.ClassBasedTestDescriptor.instantiateAndPostProcessTestInstance(ClassBasedTestDescriptor.java:286)
	at org.junit.jupiter.engine.descriptor.ClassBasedTestDescriptor.lambda$testInstancesProvider$4(ClassBasedTestDescriptor.java:278)
	at java.base/java.util.Optional.orElseGet(Optional.java:369)
	at org.junit.jupiter.engine.descriptor.ClassBasedTestDescriptor.lambda$testInstancesProvider$5(ClassBasedTestDescriptor.java:277)
	at org.junit.jupiter.engine.execution.TestInstancesProvider.getTestInstances(TestInstancesProvider.java:31)
	at org.junit.jupiter.engine.descriptor.TestMethodTestDescriptor.lambda$prepare$0(TestMethodTestDescriptor.java:105)
	at org.junit.platform.engine.support.hierarchical.ThrowableCollector.execute(ThrowableCollector.java:73)
	at org.junit.jupiter.engine.descriptor.TestMethodTestDescriptor.prepare(TestMethodTestDescriptor.java:104)
	at org.junit.jupiter.engine.descriptor.TestMethodTestDescriptor.prepare(TestMethodTestDescriptor.java:68)
	at org.junit.platform.engine.support.hierarchical.NodeTestTask.lambda$prepare$2(NodeTestTask.java:123)
	at org.junit.platform.engine.support.hierarchical.ThrowableCollector.execute(ThrowableCollector.java:73)
	at org.junit.platform.engine.support.hierarchical.NodeTestTask.prepare(NodeTestTask.java:123)
	at org.junit.platform.engine.support.hierarchical.NodeTestTask.execute(NodeTestTask.java:90)
	at java.base/java.util.ArrayList.forEach(ArrayList.java:1541)
	at org.junit.platform.engine.support.hierarchical.SameThreadHierarchicalTestExecutorService.invokeAll(SameThreadHierarchicalTestExecutorService.java:41)
	at org.junit.platform.engine.support.hierarchical.NodeTestTask.lambda$executeRecursively$6(NodeTestTask.java:155)
	at org.junit.platform.engine.support.hierarchical.ThrowableCollector.execute(ThrowableCollector.java:73)
	at org.junit.platform.engine.support.hierarchical.NodeTestTask.lambda$executeRecursively$8(NodeTestTask.java:141)
	at org.junit.platform.engine.support.hierarchical.Node.around(Node.java:137)
	at org.junit.platform.engine.support.hierarchical.NodeTestTask.lambda$executeRecursively$9(NodeTestTask.java:139)
	at org.junit.platform.engine.support.hierarchical.ThrowableCollector.execute(ThrowableCollector.java:73)
	at org.junit.platform.engine.support.hierarchical.NodeTestTask.executeRecursively(NodeTestTask.java:138)
	at org.junit.platform.engine.support.hierarchical.NodeTestTask.execute(NodeTestTask.java:95)
	at java.base/java.util.ArrayList.forEach(ArrayList.java:1541)
	at org.junit.platform.engine.support.hierarchical.SameThreadHierarchicalTestExecutorService.invokeAll(SameThreadHierarchicalTestExecutorService.java:41)
	at org.junit.platform.engine.support.hierarchical.NodeTestTask.lambda$executeRecursively$6(NodeTestTask.java:155)
	at org.junit.platform.engine.support.hierarchical.ThrowableCollector.execute(ThrowableCollector.java:73)
	at org.junit.platform.engine.support.hierarchical.NodeTestTask.lambda$executeRecursively$8(NodeTestTask.java:141)
	at org.junit.platform.engine.support.hierarchical.Node.around(Node.java:137)
	at org.junit.platform.engine.support.hierarchical.NodeTestTask.lambda$executeRecursively$9(NodeTestTask.java:139)
	at org.junit.platform.engine.support.hierarchical.ThrowableCollector.execute(ThrowableCollector.java:73)
	at org.junit.platform.engine.support.hierarchical.NodeTestTask.executeRecursively(NodeTestTask.java:138)
	at org.junit.platform.engine.support.hierarchical.NodeTestTask.execute(NodeTestTask.java:95)
	at org.junit.platform.engine.support.hierarchical.SameThreadHierarchicalTestExecutorService.submit(SameThreadHierarchicalTestExecutorService.java:35)
	at org.junit.platform.engine.support.hierarchical.HierarchicalTestExecutor.execute(HierarchicalTestExecutor.java:57)
	at org.junit.platform.engine.support.hierarchical.HierarchicalTestEngine.execute(HierarchicalTestEngine.java:54)
	at org.junit.platform.launcher.core.EngineExecutionOrchestrator.execute(EngineExecutionOrchestrator.java:107)
	at org.junit.platform.launcher.core.EngineExecutionOrchestrator.execute(EngineExecutionOrchestrator.java:88)
	at org.junit.platform.launcher.core.EngineExecutionOrchestrator.lambda$execute$0(EngineExecutionOrchestrator.java:54)
	at org.junit.platform.launcher.core.EngineExecutionOrchestrator.withInterceptedStreams(EngineExecutionOrchestrator.java:67)
	at org.junit.platform.launcher.core.EngineExecutionOrchestrator.execute(EngineExecutionOrchestrator.java:52)
	at org.junit.platform.launcher.core.DefaultLauncher.execute(DefaultLauncher.java:114)
	at org.junit.platform.launcher.core.DefaultLauncher.execute(DefaultLauncher.java:86)
	at org.junit.platform.launcher.core.DefaultLauncherSession$DelegatingLauncher.execute(DefaultLauncherSession.java:86)
	at org.gradle.api.internal.tasks.testing.junitplatform.JUnitPlatformTestClassProcessor$CollectAllTestClassesExecutor.processAllTestClasses(JUnitPlatformTestClassProcessor.java:110)
	at org.gradle.api.internal.tasks.testing.junitplatform.JUnitPlatformTestClassProcessor$CollectAllTestClassesExecutor.access$000(JUnitPlatformTestClassProcessor.java:90)
	at org.gradle.api.internal.tasks.testing.junitplatform.JUnitPlatformTestClassProcessor.stop(JUnitPlatformTestClassProcessor.java:85)
	at org.gradle.api.internal.tasks.testing.SuiteTestClassProcessor.stop(SuiteTestClassProcessor.java:62)
	at java.base/jdk.internal.reflect.NativeMethodAccessorImpl.invoke0(Native Method)
	at java.base/jdk.internal.reflect.NativeMethodAccessorImpl.invoke(NativeMethodAccessorImpl.java:62)
	at java.base/jdk.internal.reflect.DelegatingMethodAccessorImpl.invoke(DelegatingMethodAccessorImpl.java:43)
	at java.base/java.lang.reflect.Method.invoke(Method.java:566)
	at org.gradle.internal.dispatch.ReflectionDispatch.dispatch(ReflectionDispatch.java:36)
	at org.gradle.internal.dispatch.ReflectionDispatch.dispatch(ReflectionDispatch.java:24)
	at org.gradle.internal.dispatch.ContextClassLoaderDispatch.dispatch(ContextClassLoaderDispatch.java:33)
	at org.gradle.internal.dispatch.ProxyDispatchAdapter$DispatchingInvocationHandler.invoke(ProxyDispatchAdapter.java:94)
	at com.sun.proxy.$Proxy5.stop(Unknown Source)
	at org.gradle.api.internal.tasks.testing.worker.TestWorker$3.run(TestWorker.java:193)
	at org.gradle.api.internal.tasks.testing.worker.TestWorker.executeAndMaintainThreadName(TestWorker.java:129)
	at org.gradle.api.internal.tasks.testing.worker.TestWorker.execute(TestWorker.java:100)
	at org.gradle.api.internal.tasks.testing.worker.TestWorker.execute(TestWorker.java:60)
	at org.gradle.process.internal.worker.child.ActionExecutionWorker.execute(ActionExecutionWorker.java:56)
	at org.gradle.process.internal.worker.child.SystemApplicationClassLoaderWorker.call(SystemApplicationClassLoaderWorker.java:113)
	at org.gradle.process.internal.worker.child.SystemApplicationClassLoaderWorker.call(SystemApplicationClassLoaderWorker.java:65)
	at worker.org.gradle.process.internal.worker.GradleWorkerMain.run(GradleWorkerMain.java:69)
	at worker.org.gradle.process.internal.worker.GradleWorkerMain.main(GradleWorkerMain.java:74)
Caused by: UnsolvedSymbolException{context='arg0', name='Solving arg0', cause='null'}
	at com.github.javaparser.symbolsolver.javaparsermodel.TypeExtractor.visit(TypeExtractor.java:335)
	at com.github.javaparser.symbolsolver.javaparsermodel.TypeExtractor.visit(TypeExtractor.java:65)
	at com.github.javaparser.ast.expr.NameExpr.accept(NameExpr.java:79)
	at com.github.javaparser.symbolsolver.javaparsermodel.JavaParserFacade.getTypeConcrete(JavaParserFacade.java:505)
	at com.github.javaparser.symbolsolver.javaparsermodel.JavaParserFacade.getType(JavaParserFacade.java:352)
	at com.github.javaparser.symbolsolver.javaparsermodel.JavaParserFacade.getType(JavaParserFacade.java:334)
	at com.github.javaparser.symbolsolver.JavaSymbolSolver.calculateType(JavaSymbolSolver.java:294)
	at com.github.javaparser.ast.expr.Expression.calculateResolvedType(Expression.java:573)
	at de.uka.ilkd.key.java.JP2KeYVisitor.visit(JP2KeYConverter.java:707)
	at de.uka.ilkd.key.java.JP2KeYVisitor.visit(JP2KeYConverter.java:90)
	at com.github.javaparser.ast.expr.NameExpr.accept(NameExpr.java:79)
	at de.uka.ilkd.key.java.JP2KeYVisitor.lambda$map$1(JP2KeYConverter.java:402)
	at java.base/java.util.stream.ReferencePipeline$3$1.accept(ReferencePipeline.java:195)
	at java.base/java.util.ArrayList$ArrayListSpliterator.forEachRemaining(ArrayList.java:1655)
	at java.base/java.util.stream.AbstractPipeline.copyInto(AbstractPipeline.java:484)
	at java.base/java.util.stream.AbstractPipeline.wrapAndCopyInto(AbstractPipeline.java:474)
	at java.base/java.util.stream.ReduceOps$ReduceOp.evaluateSequential(ReduceOps.java:913)
	at java.base/java.util.stream.AbstractPipeline.evaluate(AbstractPipeline.java:234)
	at java.base/java.util.stream.ReferencePipeline.collect(ReferencePipeline.java:578)
	at de.uka.ilkd.key.java.JP2KeYVisitor.map(JP2KeYConverter.java:403)
	at de.uka.ilkd.key.java.JP2KeYVisitor.visit(JP2KeYConverter.java:506)
	at de.uka.ilkd.key.java.JP2KeYVisitor.visit(JP2KeYConverter.java:90)
	at com.github.javaparser.ast.stmt.ExplicitConstructorInvocationStmt.accept(ExplicitConstructorInvocationStmt.java:96)
	at de.uka.ilkd.key.java.JP2KeYVisitor.lambda$map$1(JP2KeYConverter.java:402)
	at java.base/java.util.stream.ReferencePipeline$3$1.accept(ReferencePipeline.java:195)
	at java.base/java.util.ArrayList$ArrayListSpliterator.forEachRemaining(ArrayList.java:1655)
	at java.base/java.util.stream.AbstractPipeline.copyInto(AbstractPipeline.java:484)
	at java.base/java.util.stream.AbstractPipeline.wrapAndCopyInto(AbstractPipeline.java:474)
	at java.base/java.util.stream.ReduceOps$ReduceOp.evaluateSequential(ReduceOps.java:913)
	at java.base/java.util.stream.AbstractPipeline.evaluate(AbstractPipeline.java:234)
	at java.base/java.util.stream.ReferencePipeline.collect(ReferencePipeline.java:578)
	at de.uka.ilkd.key.java.JP2KeYVisitor.map(JP2KeYConverter.java:403)
	at de.uka.ilkd.key.java.JP2KeYVisitor.visit(JP2KeYConverter.java:258)
	at de.uka.ilkd.key.java.JP2KeYVisitor.visit(JP2KeYConverter.java:90)
	at com.github.javaparser.ast.stmt.BlockStmt.accept(BlockStmt.java:70)
	at de.uka.ilkd.key.java.JP2KeYVisitor.lambda$map$1(JP2KeYConverter.java:402)
	at java.base/java.util.stream.ReferencePipeline$3$1.accept(ReferencePipeline.java:195)
	at java.base/java.util.ArrayList$ArrayListSpliterator.forEachRemaining(ArrayList.java:1655)
	at java.base/java.util.stream.AbstractPipeline.copyInto(AbstractPipeline.java:484)
	at java.base/java.util.stream.AbstractPipeline.wrapAndCopyInto(AbstractPipeline.java:474)
	at java.base/java.util.stream.ReduceOps$ReduceOp.evaluateSequential(ReduceOps.java:913)
	at java.base/java.util.stream.AbstractPipeline.evaluate(AbstractPipeline.java:234)
	at java.base/java.util.stream.ReferencePipeline.collect(ReferencePipeline.java:578)
	at de.uka.ilkd.key.java.JP2KeYVisitor.map(JP2KeYConverter.java:403)
	at de.uka.ilkd.key.java.JP2KeYVisitor.visit(JP2KeYConverter.java:258)
	at de.uka.ilkd.key.java.JP2KeYVisitor.visit(JP2KeYConverter.java:90)
	at com.github.javaparser.ast.stmt.BlockStmt.accept(BlockStmt.java:70)
	at de.uka.ilkd.key.java.JP2KeYVisitor.accept(JP2KeYConverter.java:348)
	at de.uka.ilkd.key.java.JP2KeYVisitor.visit(JP2KeYConverter.java:946)
	at de.uka.ilkd.key.java.JP2KeYVisitor.visit(JP2KeYConverter.java:90)
	at com.github.javaparser.ast.stmt.TryStmt.accept(TryStmt.java:135)
	at de.uka.ilkd.key.java.JP2KeYVisitor.lambda$map$1(JP2KeYConverter.java:402)
	at java.base/java.util.stream.ReferencePipeline$3$1.accept(ReferencePipeline.java:195)
	at java.base/java.util.ArrayList$ArrayListSpliterator.forEachRemaining(ArrayList.java:1655)
	at java.base/java.util.stream.AbstractPipeline.copyInto(AbstractPipeline.java:484)
	at java.base/java.util.stream.AbstractPipeline.wrapAndCopyInto(AbstractPipeline.java:474)
	at java.base/java.util.stream.ReduceOps$ReduceOp.evaluateSequential(ReduceOps.java:913)
	at java.base/java.util.stream.AbstractPipeline.evaluate(AbstractPipeline.java:234)
	at java.base/java.util.stream.ReferencePipeline.collect(ReferencePipeline.java:578)
	at de.uka.ilkd.key.java.JP2KeYVisitor.map(JP2KeYConverter.java:403)
	at de.uka.ilkd.key.java.JP2KeYVisitor.visit(JP2KeYConverter.java:258)
	at de.uka.ilkd.key.java.JP2KeYVisitor.visit(JP2KeYConverter.java:90)
	at com.github.javaparser.ast.stmt.BlockStmt.accept(BlockStmt.java:70)
	at de.uka.ilkd.key.java.JP2KeYVisitor.accept(JP2KeYConverter.java:348)
	at de.uka.ilkd.key.java.JP2KeYVisitor.visit(JP2KeYConverter.java:609)
	at de.uka.ilkd.key.java.JP2KeYVisitor.visit(JP2KeYConverter.java:90)
	at com.github.javaparser.ast.stmt.IfStmt.accept(IfStmt.java:82)
	at de.uka.ilkd.key.java.JP2KeYVisitor.lambda$map$1(JP2KeYConverter.java:402)
	at java.base/java.util.stream.ReferencePipeline$3$1.accept(ReferencePipeline.java:195)
	at java.base/java.util.ArrayList$ArrayListSpliterator.forEachRemaining(ArrayList.java:1655)
	at java.base/java.util.stream.AbstractPipeline.copyInto(AbstractPipeline.java:484)
	at java.base/java.util.stream.AbstractPipeline.wrapAndCopyInto(AbstractPipeline.java:474)
	at java.base/java.util.stream.ReduceOps$ReduceOp.evaluateSequential(ReduceOps.java:913)
	at java.base/java.util.stream.AbstractPipeline.evaluate(AbstractPipeline.java:234)
	at java.base/java.util.stream.ReferencePipeline.collect(ReferencePipeline.java:578)
	at de.uka.ilkd.key.java.JP2KeYVisitor.map(JP2KeYConverter.java:403)
	at de.uka.ilkd.key.java.JP2KeYVisitor.visit(JP2KeYConverter.java:258)
	at de.uka.ilkd.key.java.JP2KeYVisitor.visit(JP2KeYConverter.java:90)
	at com.github.javaparser.ast.stmt.BlockStmt.accept(BlockStmt.java:70)
	at de.uka.ilkd.key.java.JP2KeYVisitor.accept(JP2KeYConverter.java:348)
	at de.uka.ilkd.key.java.JP2KeYVisitor.visit(JP2KeYConverter.java:609)
	at de.uka.ilkd.key.java.JP2KeYVisitor.visit(JP2KeYConverter.java:90)
	at com.github.javaparser.ast.stmt.IfStmt.accept(IfStmt.java:82)
	at de.uka.ilkd.key.java.JP2KeYVisitor.lambda$map$1(JP2KeYConverter.java:402)
	at java.base/java.util.stream.ReferencePipeline$3$1.accept(ReferencePipeline.java:195)
	at java.base/java.util.ArrayList$ArrayListSpliterator.forEachRemaining(ArrayList.java:1655)
	at java.base/java.util.stream.AbstractPipeline.copyInto(AbstractPipeline.java:484)
	at java.base/java.util.stream.AbstractPipeline.wrapAndCopyInto(AbstractPipeline.java:474)
	at java.base/java.util.stream.ReduceOps$ReduceOp.evaluateSequential(ReduceOps.java:913)
	at java.base/java.util.stream.AbstractPipeline.evaluate(AbstractPipeline.java:234)
	at java.base/java.util.stream.ReferencePipeline.collect(ReferencePipeline.java:578)
	at de.uka.ilkd.key.java.JP2KeYVisitor.map(JP2KeYConverter.java:403)
	at de.uka.ilkd.key.java.JP2KeYVisitor.visit(JP2KeYConverter.java:258)
	at de.uka.ilkd.key.java.JP2KeYVisitor.visit(JP2KeYConverter.java:90)
	at com.github.javaparser.ast.stmt.BlockStmt.accept(BlockStmt.java:70)
	at de.uka.ilkd.key.java.JP2KeYVisitor.accept(JP2KeYConverter.java:348)
	at de.uka.ilkd.key.java.JP2KeYVisitor.accepto(JP2KeYConverter.java:418)
	at de.uka.ilkd.key.java.JP2KeYVisitor.visit(JP2KeYConverter.java:688)
	at de.uka.ilkd.key.java.JP2KeYVisitor.visit(JP2KeYConverter.java:90)
	at com.github.javaparser.ast.body.MethodDeclaration.accept(MethodDeclaration.java:98)
	at de.uka.ilkd.key.java.JP2KeYVisitor.lambda$map$1(JP2KeYConverter.java:402)
	at java.base/java.util.stream.ReferencePipeline$3$1.accept(ReferencePipeline.java:195)
	at java.base/java.util.ArrayList$ArrayListSpliterator.forEachRemaining(ArrayList.java:1655)
	at java.base/java.util.stream.AbstractPipeline.copyInto(AbstractPipeline.java:484)
	at java.base/java.util.stream.AbstractPipeline.wrapAndCopyInto(AbstractPipeline.java:474)
	at java.base/java.util.stream.ReduceOps$ReduceOp.evaluateSequential(ReduceOps.java:913)
	at java.base/java.util.stream.AbstractPipeline.evaluate(AbstractPipeline.java:234)
	at java.base/java.util.stream.ReferencePipeline.collect(ReferencePipeline.java:578)
	at de.uka.ilkd.key.java.JP2KeYVisitor.map(JP2KeYConverter.java:403)
	at de.uka.ilkd.key.java.JP2KeYVisitor.visit(JP2KeYConverter.java:310)
	at de.uka.ilkd.key.java.JP2KeYVisitor.visit(JP2KeYConverter.java:90)
	at com.github.javaparser.ast.body.ClassOrInterfaceDeclaration.accept(ClassOrInterfaceDeclaration.java:95)
	at de.uka.ilkd.key.java.JP2KeYVisitor.lambda$map$1(JP2KeYConverter.java:402)
	at java.base/java.util.stream.ReferencePipeline$3$1.accept(ReferencePipeline.java:195)
	at java.base/java.util.ArrayList$ArrayListSpliterator.forEachRemaining(ArrayList.java:1655)
	at java.base/java.util.stream.AbstractPipeline.copyInto(AbstractPipeline.java:484)
	at java.base/java.util.stream.AbstractPipeline.wrapAndCopyInto(AbstractPipeline.java:474)
	at java.base/java.util.stream.ReduceOps$ReduceOp.evaluateSequential(ReduceOps.java:913)
	at java.base/java.util.stream.AbstractPipeline.evaluate(AbstractPipeline.java:234)
	at java.base/java.util.stream.ReferencePipeline.collect(ReferencePipeline.java:578)
	at de.uka.ilkd.key.java.JP2KeYVisitor.map(JP2KeYConverter.java:403)
	at de.uka.ilkd.key.java.JP2KeYVisitor.visit(JP2KeYConverter.java:393)
	at de.uka.ilkd.key.java.JP2KeYVisitor.visit(JP2KeYConverter.java:90)
	at com.github.javaparser.ast.CompilationUnit.accept(CompilationUnit.java:124)
	at de.uka.ilkd.key.java.JP2KeYConverter.process(JP2KeYConverter.java:84)
	at de.uka.ilkd.key.java.JP2KeYConverter.processCompilationUnit(JP2KeYConverter.java:80)
	at de.uka.ilkd.key.java.JavaService.parseLibraryClasses0(JavaService.java:536)
	at de.uka.ilkd.key.java.JavaService.parseSpecialClasses(JavaService.java:511)
	at de.uka.ilkd.key.proof.init.ProblemInitializer.readJava(ProblemInitializer.java:280)
	at de.uka.ilkd.key.proof.init.ProblemInitializer.prepare(ProblemInitializer.java:529)
	at de.uka.ilkd.key.proof.init.ProblemInitializer.prepare(ProblemInitializer.java:471)
	at de.uka.ilkd.key.rule.TacletForTests.parse(TacletForTests.java:80)
	... 89 more
</failure>
  </testcase>
  <testcase name="testJavaAttributeAccessBoth_1()" classname="de.uka.ilkd.key.parser.TestTermParser" time="0.001">
    <failure message="java.lang.RuntimeException: Exception occurred while parsing src\test\resources\testcase\testrules.key" type="java.lang.RuntimeException">java.lang.RuntimeException: Exception occurred while parsing src\test\resources\testcase\testrules.key
	at de.uka.ilkd.key.rule.TacletForTests.parse(TacletForTests.java:89)
	at de.uka.ilkd.key.rule.TacletForTests.parse(TacletForTests.java:125)
	at de.uka.ilkd.key.rule.TacletForTests.parse(TacletForTests.java:129)
	at de.uka.ilkd.key.rule.TacletForTests.services(TacletForTests.java:102)
	at de.uka.ilkd.key.parser.TestTermParser.getServices(TestTermParser.java:42)
	at de.uka.ilkd.key.parser.AbstractTestTermParser.&lt;init&gt;(AbstractTestTermParser.java:35)
	at de.uka.ilkd.key.parser.TestTermParser.&lt;init&gt;(TestTermParser.java:34)
	at jdk.internal.reflect.GeneratedConstructorAccessor17.newInstance(Unknown Source)
	at java.base/jdk.internal.reflect.DelegatingConstructorAccessorImpl.newInstance(DelegatingConstructorAccessorImpl.java:45)
	at java.base/java.lang.reflect.Constructor.newInstance(Constructor.java:490)
	at org.junit.platform.commons.util.ReflectionUtils.newInstance(ReflectionUtils.java:552)
	at org.junit.jupiter.engine.execution.ConstructorInvocation.proceed(ConstructorInvocation.java:56)
	at org.junit.jupiter.engine.execution.InvocationInterceptorChain$ValidatingInvocation.proceed(InvocationInterceptorChain.java:131)
	at org.junit.jupiter.api.extension.InvocationInterceptor.interceptTestClassConstructor(InvocationInterceptor.java:73)
	at org.junit.jupiter.engine.execution.InterceptingExecutableInvoker.lambda$invoke$0(InterceptingExecutableInvoker.java:93)
	at org.junit.jupiter.engine.execution.InvocationInterceptorChain$InterceptedInvocation.proceed(InvocationInterceptorChain.java:106)
	at org.junit.jupiter.engine.execution.InvocationInterceptorChain.proceed(InvocationInterceptorChain.java:64)
	at org.junit.jupiter.engine.execution.InvocationInterceptorChain.chainAndInvoke(InvocationInterceptorChain.java:45)
	at org.junit.jupiter.engine.execution.InvocationInterceptorChain.invoke(InvocationInterceptorChain.java:37)
	at org.junit.jupiter.engine.execution.InterceptingExecutableInvoker.invoke(InterceptingExecutableInvoker.java:92)
	at org.junit.jupiter.engine.execution.InterceptingExecutableInvoker.invoke(InterceptingExecutableInvoker.java:62)
	at org.junit.jupiter.engine.descriptor.ClassBasedTestDescriptor.invokeTestClassConstructor(ClassBasedTestDescriptor.java:363)
	at org.junit.jupiter.engine.descriptor.ClassBasedTestDescriptor.instantiateTestClass(ClassBasedTestDescriptor.java:310)
	at org.junit.jupiter.engine.descriptor.ClassTestDescriptor.instantiateTestClass(ClassTestDescriptor.java:79)
	at org.junit.jupiter.engine.descriptor.ClassBasedTestDescriptor.instantiateAndPostProcessTestInstance(ClassBasedTestDescriptor.java:286)
	at org.junit.jupiter.engine.descriptor.ClassBasedTestDescriptor.lambda$testInstancesProvider$4(ClassBasedTestDescriptor.java:278)
	at java.base/java.util.Optional.orElseGet(Optional.java:369)
	at org.junit.jupiter.engine.descriptor.ClassBasedTestDescriptor.lambda$testInstancesProvider$5(ClassBasedTestDescriptor.java:277)
	at org.junit.jupiter.engine.execution.TestInstancesProvider.getTestInstances(TestInstancesProvider.java:31)
	at org.junit.jupiter.engine.descriptor.TestMethodTestDescriptor.lambda$prepare$0(TestMethodTestDescriptor.java:105)
	at org.junit.platform.engine.support.hierarchical.ThrowableCollector.execute(ThrowableCollector.java:73)
	at org.junit.jupiter.engine.descriptor.TestMethodTestDescriptor.prepare(TestMethodTestDescriptor.java:104)
	at org.junit.jupiter.engine.descriptor.TestMethodTestDescriptor.prepare(TestMethodTestDescriptor.java:68)
	at org.junit.platform.engine.support.hierarchical.NodeTestTask.lambda$prepare$2(NodeTestTask.java:123)
	at org.junit.platform.engine.support.hierarchical.ThrowableCollector.execute(ThrowableCollector.java:73)
	at org.junit.platform.engine.support.hierarchical.NodeTestTask.prepare(NodeTestTask.java:123)
	at org.junit.platform.engine.support.hierarchical.NodeTestTask.execute(NodeTestTask.java:90)
	at java.base/java.util.ArrayList.forEach(ArrayList.java:1541)
	at org.junit.platform.engine.support.hierarchical.SameThreadHierarchicalTestExecutorService.invokeAll(SameThreadHierarchicalTestExecutorService.java:41)
	at org.junit.platform.engine.support.hierarchical.NodeTestTask.lambda$executeRecursively$6(NodeTestTask.java:155)
	at org.junit.platform.engine.support.hierarchical.ThrowableCollector.execute(ThrowableCollector.java:73)
	at org.junit.platform.engine.support.hierarchical.NodeTestTask.lambda$executeRecursively$8(NodeTestTask.java:141)
	at org.junit.platform.engine.support.hierarchical.Node.around(Node.java:137)
	at org.junit.platform.engine.support.hierarchical.NodeTestTask.lambda$executeRecursively$9(NodeTestTask.java:139)
	at org.junit.platform.engine.support.hierarchical.ThrowableCollector.execute(ThrowableCollector.java:73)
	at org.junit.platform.engine.support.hierarchical.NodeTestTask.executeRecursively(NodeTestTask.java:138)
	at org.junit.platform.engine.support.hierarchical.NodeTestTask.execute(NodeTestTask.java:95)
	at java.base/java.util.ArrayList.forEach(ArrayList.java:1541)
	at org.junit.platform.engine.support.hierarchical.SameThreadHierarchicalTestExecutorService.invokeAll(SameThreadHierarchicalTestExecutorService.java:41)
	at org.junit.platform.engine.support.hierarchical.NodeTestTask.lambda$executeRecursively$6(NodeTestTask.java:155)
	at org.junit.platform.engine.support.hierarchical.ThrowableCollector.execute(ThrowableCollector.java:73)
	at org.junit.platform.engine.support.hierarchical.NodeTestTask.lambda$executeRecursively$8(NodeTestTask.java:141)
	at org.junit.platform.engine.support.hierarchical.Node.around(Node.java:137)
	at org.junit.platform.engine.support.hierarchical.NodeTestTask.lambda$executeRecursively$9(NodeTestTask.java:139)
	at org.junit.platform.engine.support.hierarchical.ThrowableCollector.execute(ThrowableCollector.java:73)
	at org.junit.platform.engine.support.hierarchical.NodeTestTask.executeRecursively(NodeTestTask.java:138)
	at org.junit.platform.engine.support.hierarchical.NodeTestTask.execute(NodeTestTask.java:95)
	at org.junit.platform.engine.support.hierarchical.SameThreadHierarchicalTestExecutorService.submit(SameThreadHierarchicalTestExecutorService.java:35)
	at org.junit.platform.engine.support.hierarchical.HierarchicalTestExecutor.execute(HierarchicalTestExecutor.java:57)
	at org.junit.platform.engine.support.hierarchical.HierarchicalTestEngine.execute(HierarchicalTestEngine.java:54)
	at org.junit.platform.launcher.core.EngineExecutionOrchestrator.execute(EngineExecutionOrchestrator.java:107)
	at org.junit.platform.launcher.core.EngineExecutionOrchestrator.execute(EngineExecutionOrchestrator.java:88)
	at org.junit.platform.launcher.core.EngineExecutionOrchestrator.lambda$execute$0(EngineExecutionOrchestrator.java:54)
	at org.junit.platform.launcher.core.EngineExecutionOrchestrator.withInterceptedStreams(EngineExecutionOrchestrator.java:67)
	at org.junit.platform.launcher.core.EngineExecutionOrchestrator.execute(EngineExecutionOrchestrator.java:52)
	at org.junit.platform.launcher.core.DefaultLauncher.execute(DefaultLauncher.java:114)
	at org.junit.platform.launcher.core.DefaultLauncher.execute(DefaultLauncher.java:86)
	at org.junit.platform.launcher.core.DefaultLauncherSession$DelegatingLauncher.execute(DefaultLauncherSession.java:86)
	at org.gradle.api.internal.tasks.testing.junitplatform.JUnitPlatformTestClassProcessor$CollectAllTestClassesExecutor.processAllTestClasses(JUnitPlatformTestClassProcessor.java:110)
	at org.gradle.api.internal.tasks.testing.junitplatform.JUnitPlatformTestClassProcessor$CollectAllTestClassesExecutor.access$000(JUnitPlatformTestClassProcessor.java:90)
	at org.gradle.api.internal.tasks.testing.junitplatform.JUnitPlatformTestClassProcessor.stop(JUnitPlatformTestClassProcessor.java:85)
	at org.gradle.api.internal.tasks.testing.SuiteTestClassProcessor.stop(SuiteTestClassProcessor.java:62)
	at java.base/jdk.internal.reflect.NativeMethodAccessorImpl.invoke0(Native Method)
	at java.base/jdk.internal.reflect.NativeMethodAccessorImpl.invoke(NativeMethodAccessorImpl.java:62)
	at java.base/jdk.internal.reflect.DelegatingMethodAccessorImpl.invoke(DelegatingMethodAccessorImpl.java:43)
	at java.base/java.lang.reflect.Method.invoke(Method.java:566)
	at org.gradle.internal.dispatch.ReflectionDispatch.dispatch(ReflectionDispatch.java:36)
	at org.gradle.internal.dispatch.ReflectionDispatch.dispatch(ReflectionDispatch.java:24)
	at org.gradle.internal.dispatch.ContextClassLoaderDispatch.dispatch(ContextClassLoaderDispatch.java:33)
	at org.gradle.internal.dispatch.ProxyDispatchAdapter$DispatchingInvocationHandler.invoke(ProxyDispatchAdapter.java:94)
	at com.sun.proxy.$Proxy5.stop(Unknown Source)
	at org.gradle.api.internal.tasks.testing.worker.TestWorker$3.run(TestWorker.java:193)
	at org.gradle.api.internal.tasks.testing.worker.TestWorker.executeAndMaintainThreadName(TestWorker.java:129)
	at org.gradle.api.internal.tasks.testing.worker.TestWorker.execute(TestWorker.java:100)
	at org.gradle.api.internal.tasks.testing.worker.TestWorker.execute(TestWorker.java:60)
	at org.gradle.process.internal.worker.child.ActionExecutionWorker.execute(ActionExecutionWorker.java:56)
	at org.gradle.process.internal.worker.child.SystemApplicationClassLoaderWorker.call(SystemApplicationClassLoaderWorker.java:113)
	at org.gradle.process.internal.worker.child.SystemApplicationClassLoaderWorker.call(SystemApplicationClassLoaderWorker.java:65)
	at worker.org.gradle.process.internal.worker.GradleWorkerMain.run(GradleWorkerMain.java:69)
	at worker.org.gradle.process.internal.worker.GradleWorkerMain.main(GradleWorkerMain.java:74)
Caused by: UnsolvedSymbolException{context='arg0', name='Solving arg0', cause='null'}
	at com.github.javaparser.symbolsolver.javaparsermodel.TypeExtractor.visit(TypeExtractor.java:335)
	at com.github.javaparser.symbolsolver.javaparsermodel.TypeExtractor.visit(TypeExtractor.java:65)
	at com.github.javaparser.ast.expr.NameExpr.accept(NameExpr.java:79)
	at com.github.javaparser.symbolsolver.javaparsermodel.JavaParserFacade.getTypeConcrete(JavaParserFacade.java:505)
	at com.github.javaparser.symbolsolver.javaparsermodel.JavaParserFacade.getType(JavaParserFacade.java:352)
	at com.github.javaparser.symbolsolver.javaparsermodel.JavaParserFacade.getType(JavaParserFacade.java:334)
	at com.github.javaparser.symbolsolver.JavaSymbolSolver.calculateType(JavaSymbolSolver.java:294)
	at com.github.javaparser.ast.expr.Expression.calculateResolvedType(Expression.java:573)
	at de.uka.ilkd.key.java.JP2KeYVisitor.visit(JP2KeYConverter.java:707)
	at de.uka.ilkd.key.java.JP2KeYVisitor.visit(JP2KeYConverter.java:90)
	at com.github.javaparser.ast.expr.NameExpr.accept(NameExpr.java:79)
	at de.uka.ilkd.key.java.JP2KeYVisitor.lambda$map$1(JP2KeYConverter.java:402)
	at java.base/java.util.stream.ReferencePipeline$3$1.accept(ReferencePipeline.java:195)
	at java.base/java.util.ArrayList$ArrayListSpliterator.forEachRemaining(ArrayList.java:1655)
	at java.base/java.util.stream.AbstractPipeline.copyInto(AbstractPipeline.java:484)
	at java.base/java.util.stream.AbstractPipeline.wrapAndCopyInto(AbstractPipeline.java:474)
	at java.base/java.util.stream.ReduceOps$ReduceOp.evaluateSequential(ReduceOps.java:913)
	at java.base/java.util.stream.AbstractPipeline.evaluate(AbstractPipeline.java:234)
	at java.base/java.util.stream.ReferencePipeline.collect(ReferencePipeline.java:578)
	at de.uka.ilkd.key.java.JP2KeYVisitor.map(JP2KeYConverter.java:403)
	at de.uka.ilkd.key.java.JP2KeYVisitor.visit(JP2KeYConverter.java:506)
	at de.uka.ilkd.key.java.JP2KeYVisitor.visit(JP2KeYConverter.java:90)
	at com.github.javaparser.ast.stmt.ExplicitConstructorInvocationStmt.accept(ExplicitConstructorInvocationStmt.java:96)
	at de.uka.ilkd.key.java.JP2KeYVisitor.lambda$map$1(JP2KeYConverter.java:402)
	at java.base/java.util.stream.ReferencePipeline$3$1.accept(ReferencePipeline.java:195)
	at java.base/java.util.ArrayList$ArrayListSpliterator.forEachRemaining(ArrayList.java:1655)
	at java.base/java.util.stream.AbstractPipeline.copyInto(AbstractPipeline.java:484)
	at java.base/java.util.stream.AbstractPipeline.wrapAndCopyInto(AbstractPipeline.java:474)
	at java.base/java.util.stream.ReduceOps$ReduceOp.evaluateSequential(ReduceOps.java:913)
	at java.base/java.util.stream.AbstractPipeline.evaluate(AbstractPipeline.java:234)
	at java.base/java.util.stream.ReferencePipeline.collect(ReferencePipeline.java:578)
	at de.uka.ilkd.key.java.JP2KeYVisitor.map(JP2KeYConverter.java:403)
	at de.uka.ilkd.key.java.JP2KeYVisitor.visit(JP2KeYConverter.java:258)
	at de.uka.ilkd.key.java.JP2KeYVisitor.visit(JP2KeYConverter.java:90)
	at com.github.javaparser.ast.stmt.BlockStmt.accept(BlockStmt.java:70)
	at de.uka.ilkd.key.java.JP2KeYVisitor.lambda$map$1(JP2KeYConverter.java:402)
	at java.base/java.util.stream.ReferencePipeline$3$1.accept(ReferencePipeline.java:195)
	at java.base/java.util.ArrayList$ArrayListSpliterator.forEachRemaining(ArrayList.java:1655)
	at java.base/java.util.stream.AbstractPipeline.copyInto(AbstractPipeline.java:484)
	at java.base/java.util.stream.AbstractPipeline.wrapAndCopyInto(AbstractPipeline.java:474)
	at java.base/java.util.stream.ReduceOps$ReduceOp.evaluateSequential(ReduceOps.java:913)
	at java.base/java.util.stream.AbstractPipeline.evaluate(AbstractPipeline.java:234)
	at java.base/java.util.stream.ReferencePipeline.collect(ReferencePipeline.java:578)
	at de.uka.ilkd.key.java.JP2KeYVisitor.map(JP2KeYConverter.java:403)
	at de.uka.ilkd.key.java.JP2KeYVisitor.visit(JP2KeYConverter.java:258)
	at de.uka.ilkd.key.java.JP2KeYVisitor.visit(JP2KeYConverter.java:90)
	at com.github.javaparser.ast.stmt.BlockStmt.accept(BlockStmt.java:70)
	at de.uka.ilkd.key.java.JP2KeYVisitor.accept(JP2KeYConverter.java:348)
	at de.uka.ilkd.key.java.JP2KeYVisitor.visit(JP2KeYConverter.java:946)
	at de.uka.ilkd.key.java.JP2KeYVisitor.visit(JP2KeYConverter.java:90)
	at com.github.javaparser.ast.stmt.TryStmt.accept(TryStmt.java:135)
	at de.uka.ilkd.key.java.JP2KeYVisitor.lambda$map$1(JP2KeYConverter.java:402)
	at java.base/java.util.stream.ReferencePipeline$3$1.accept(ReferencePipeline.java:195)
	at java.base/java.util.ArrayList$ArrayListSpliterator.forEachRemaining(ArrayList.java:1655)
	at java.base/java.util.stream.AbstractPipeline.copyInto(AbstractPipeline.java:484)
	at java.base/java.util.stream.AbstractPipeline.wrapAndCopyInto(AbstractPipeline.java:474)
	at java.base/java.util.stream.ReduceOps$ReduceOp.evaluateSequential(ReduceOps.java:913)
	at java.base/java.util.stream.AbstractPipeline.evaluate(AbstractPipeline.java:234)
	at java.base/java.util.stream.ReferencePipeline.collect(ReferencePipeline.java:578)
	at de.uka.ilkd.key.java.JP2KeYVisitor.map(JP2KeYConverter.java:403)
	at de.uka.ilkd.key.java.JP2KeYVisitor.visit(JP2KeYConverter.java:258)
	at de.uka.ilkd.key.java.JP2KeYVisitor.visit(JP2KeYConverter.java:90)
	at com.github.javaparser.ast.stmt.BlockStmt.accept(BlockStmt.java:70)
	at de.uka.ilkd.key.java.JP2KeYVisitor.accept(JP2KeYConverter.java:348)
	at de.uka.ilkd.key.java.JP2KeYVisitor.visit(JP2KeYConverter.java:609)
	at de.uka.ilkd.key.java.JP2KeYVisitor.visit(JP2KeYConverter.java:90)
	at com.github.javaparser.ast.stmt.IfStmt.accept(IfStmt.java:82)
	at de.uka.ilkd.key.java.JP2KeYVisitor.lambda$map$1(JP2KeYConverter.java:402)
	at java.base/java.util.stream.ReferencePipeline$3$1.accept(ReferencePipeline.java:195)
	at java.base/java.util.ArrayList$ArrayListSpliterator.forEachRemaining(ArrayList.java:1655)
	at java.base/java.util.stream.AbstractPipeline.copyInto(AbstractPipeline.java:484)
	at java.base/java.util.stream.AbstractPipeline.wrapAndCopyInto(AbstractPipeline.java:474)
	at java.base/java.util.stream.ReduceOps$ReduceOp.evaluateSequential(ReduceOps.java:913)
	at java.base/java.util.stream.AbstractPipeline.evaluate(AbstractPipeline.java:234)
	at java.base/java.util.stream.ReferencePipeline.collect(ReferencePipeline.java:578)
	at de.uka.ilkd.key.java.JP2KeYVisitor.map(JP2KeYConverter.java:403)
	at de.uka.ilkd.key.java.JP2KeYVisitor.visit(JP2KeYConverter.java:258)
	at de.uka.ilkd.key.java.JP2KeYVisitor.visit(JP2KeYConverter.java:90)
	at com.github.javaparser.ast.stmt.BlockStmt.accept(BlockStmt.java:70)
	at de.uka.ilkd.key.java.JP2KeYVisitor.accept(JP2KeYConverter.java:348)
	at de.uka.ilkd.key.java.JP2KeYVisitor.visit(JP2KeYConverter.java:609)
	at de.uka.ilkd.key.java.JP2KeYVisitor.visit(JP2KeYConverter.java:90)
	at com.github.javaparser.ast.stmt.IfStmt.accept(IfStmt.java:82)
	at de.uka.ilkd.key.java.JP2KeYVisitor.lambda$map$1(JP2KeYConverter.java:402)
	at java.base/java.util.stream.ReferencePipeline$3$1.accept(ReferencePipeline.java:195)
	at java.base/java.util.ArrayList$ArrayListSpliterator.forEachRemaining(ArrayList.java:1655)
	at java.base/java.util.stream.AbstractPipeline.copyInto(AbstractPipeline.java:484)
	at java.base/java.util.stream.AbstractPipeline.wrapAndCopyInto(AbstractPipeline.java:474)
	at java.base/java.util.stream.ReduceOps$ReduceOp.evaluateSequential(ReduceOps.java:913)
	at java.base/java.util.stream.AbstractPipeline.evaluate(AbstractPipeline.java:234)
	at java.base/java.util.stream.ReferencePipeline.collect(ReferencePipeline.java:578)
	at de.uka.ilkd.key.java.JP2KeYVisitor.map(JP2KeYConverter.java:403)
	at de.uka.ilkd.key.java.JP2KeYVisitor.visit(JP2KeYConverter.java:258)
	at de.uka.ilkd.key.java.JP2KeYVisitor.visit(JP2KeYConverter.java:90)
	at com.github.javaparser.ast.stmt.BlockStmt.accept(BlockStmt.java:70)
	at de.uka.ilkd.key.java.JP2KeYVisitor.accept(JP2KeYConverter.java:348)
	at de.uka.ilkd.key.java.JP2KeYVisitor.accepto(JP2KeYConverter.java:418)
	at de.uka.ilkd.key.java.JP2KeYVisitor.visit(JP2KeYConverter.java:688)
	at de.uka.ilkd.key.java.JP2KeYVisitor.visit(JP2KeYConverter.java:90)
	at com.github.javaparser.ast.body.MethodDeclaration.accept(MethodDeclaration.java:98)
	at de.uka.ilkd.key.java.JP2KeYVisitor.lambda$map$1(JP2KeYConverter.java:402)
	at java.base/java.util.stream.ReferencePipeline$3$1.accept(ReferencePipeline.java:195)
	at java.base/java.util.ArrayList$ArrayListSpliterator.forEachRemaining(ArrayList.java:1655)
	at java.base/java.util.stream.AbstractPipeline.copyInto(AbstractPipeline.java:484)
	at java.base/java.util.stream.AbstractPipeline.wrapAndCopyInto(AbstractPipeline.java:474)
	at java.base/java.util.stream.ReduceOps$ReduceOp.evaluateSequential(ReduceOps.java:913)
	at java.base/java.util.stream.AbstractPipeline.evaluate(AbstractPipeline.java:234)
	at java.base/java.util.stream.ReferencePipeline.collect(ReferencePipeline.java:578)
	at de.uka.ilkd.key.java.JP2KeYVisitor.map(JP2KeYConverter.java:403)
	at de.uka.ilkd.key.java.JP2KeYVisitor.visit(JP2KeYConverter.java:310)
	at de.uka.ilkd.key.java.JP2KeYVisitor.visit(JP2KeYConverter.java:90)
	at com.github.javaparser.ast.body.ClassOrInterfaceDeclaration.accept(ClassOrInterfaceDeclaration.java:95)
	at de.uka.ilkd.key.java.JP2KeYVisitor.lambda$map$1(JP2KeYConverter.java:402)
	at java.base/java.util.stream.ReferencePipeline$3$1.accept(ReferencePipeline.java:195)
	at java.base/java.util.ArrayList$ArrayListSpliterator.forEachRemaining(ArrayList.java:1655)
	at java.base/java.util.stream.AbstractPipeline.copyInto(AbstractPipeline.java:484)
	at java.base/java.util.stream.AbstractPipeline.wrapAndCopyInto(AbstractPipeline.java:474)
	at java.base/java.util.stream.ReduceOps$ReduceOp.evaluateSequential(ReduceOps.java:913)
	at java.base/java.util.stream.AbstractPipeline.evaluate(AbstractPipeline.java:234)
	at java.base/java.util.stream.ReferencePipeline.collect(ReferencePipeline.java:578)
	at de.uka.ilkd.key.java.JP2KeYVisitor.map(JP2KeYConverter.java:403)
	at de.uka.ilkd.key.java.JP2KeYVisitor.visit(JP2KeYConverter.java:393)
	at de.uka.ilkd.key.java.JP2KeYVisitor.visit(JP2KeYConverter.java:90)
	at com.github.javaparser.ast.CompilationUnit.accept(CompilationUnit.java:124)
	at de.uka.ilkd.key.java.JP2KeYConverter.process(JP2KeYConverter.java:84)
	at de.uka.ilkd.key.java.JP2KeYConverter.processCompilationUnit(JP2KeYConverter.java:80)
	at de.uka.ilkd.key.java.JavaService.parseLibraryClasses0(JavaService.java:536)
	at de.uka.ilkd.key.java.JavaService.parseSpecialClasses(JavaService.java:511)
	at de.uka.ilkd.key.proof.init.ProblemInitializer.readJava(ProblemInitializer.java:280)
	at de.uka.ilkd.key.proof.init.ProblemInitializer.prepare(ProblemInitializer.java:529)
	at de.uka.ilkd.key.proof.init.ProblemInitializer.prepare(ProblemInitializer.java:471)
	at de.uka.ilkd.key.rule.TacletForTests.parse(TacletForTests.java:80)
	... 89 more
</failure>
  </testcase>
  <testcase name="testJavaAttributeAccessBoth_2()" classname="de.uka.ilkd.key.parser.TestTermParser" time="0.002">
    <failure message="java.lang.RuntimeException: Exception occurred while parsing src\test\resources\testcase\testrules.key" type="java.lang.RuntimeException">java.lang.RuntimeException: Exception occurred while parsing src\test\resources\testcase\testrules.key
	at de.uka.ilkd.key.rule.TacletForTests.parse(TacletForTests.java:89)
	at de.uka.ilkd.key.rule.TacletForTests.parse(TacletForTests.java:125)
	at de.uka.ilkd.key.rule.TacletForTests.parse(TacletForTests.java:129)
	at de.uka.ilkd.key.rule.TacletForTests.services(TacletForTests.java:102)
	at de.uka.ilkd.key.parser.TestTermParser.getServices(TestTermParser.java:42)
	at de.uka.ilkd.key.parser.AbstractTestTermParser.&lt;init&gt;(AbstractTestTermParser.java:35)
	at de.uka.ilkd.key.parser.TestTermParser.&lt;init&gt;(TestTermParser.java:34)
	at jdk.internal.reflect.GeneratedConstructorAccessor17.newInstance(Unknown Source)
	at java.base/jdk.internal.reflect.DelegatingConstructorAccessorImpl.newInstance(DelegatingConstructorAccessorImpl.java:45)
	at java.base/java.lang.reflect.Constructor.newInstance(Constructor.java:490)
	at org.junit.platform.commons.util.ReflectionUtils.newInstance(ReflectionUtils.java:552)
	at org.junit.jupiter.engine.execution.ConstructorInvocation.proceed(ConstructorInvocation.java:56)
	at org.junit.jupiter.engine.execution.InvocationInterceptorChain$ValidatingInvocation.proceed(InvocationInterceptorChain.java:131)
	at org.junit.jupiter.api.extension.InvocationInterceptor.interceptTestClassConstructor(InvocationInterceptor.java:73)
	at org.junit.jupiter.engine.execution.InterceptingExecutableInvoker.lambda$invoke$0(InterceptingExecutableInvoker.java:93)
	at org.junit.jupiter.engine.execution.InvocationInterceptorChain$InterceptedInvocation.proceed(InvocationInterceptorChain.java:106)
	at org.junit.jupiter.engine.execution.InvocationInterceptorChain.proceed(InvocationInterceptorChain.java:64)
	at org.junit.jupiter.engine.execution.InvocationInterceptorChain.chainAndInvoke(InvocationInterceptorChain.java:45)
	at org.junit.jupiter.engine.execution.InvocationInterceptorChain.invoke(InvocationInterceptorChain.java:37)
	at org.junit.jupiter.engine.execution.InterceptingExecutableInvoker.invoke(InterceptingExecutableInvoker.java:92)
	at org.junit.jupiter.engine.execution.InterceptingExecutableInvoker.invoke(InterceptingExecutableInvoker.java:62)
	at org.junit.jupiter.engine.descriptor.ClassBasedTestDescriptor.invokeTestClassConstructor(ClassBasedTestDescriptor.java:363)
	at org.junit.jupiter.engine.descriptor.ClassBasedTestDescriptor.instantiateTestClass(ClassBasedTestDescriptor.java:310)
	at org.junit.jupiter.engine.descriptor.ClassTestDescriptor.instantiateTestClass(ClassTestDescriptor.java:79)
	at org.junit.jupiter.engine.descriptor.ClassBasedTestDescriptor.instantiateAndPostProcessTestInstance(ClassBasedTestDescriptor.java:286)
	at org.junit.jupiter.engine.descriptor.ClassBasedTestDescriptor.lambda$testInstancesProvider$4(ClassBasedTestDescriptor.java:278)
	at java.base/java.util.Optional.orElseGet(Optional.java:369)
	at org.junit.jupiter.engine.descriptor.ClassBasedTestDescriptor.lambda$testInstancesProvider$5(ClassBasedTestDescriptor.java:277)
	at org.junit.jupiter.engine.execution.TestInstancesProvider.getTestInstances(TestInstancesProvider.java:31)
	at org.junit.jupiter.engine.descriptor.TestMethodTestDescriptor.lambda$prepare$0(TestMethodTestDescriptor.java:105)
	at org.junit.platform.engine.support.hierarchical.ThrowableCollector.execute(ThrowableCollector.java:73)
	at org.junit.jupiter.engine.descriptor.TestMethodTestDescriptor.prepare(TestMethodTestDescriptor.java:104)
	at org.junit.jupiter.engine.descriptor.TestMethodTestDescriptor.prepare(TestMethodTestDescriptor.java:68)
	at org.junit.platform.engine.support.hierarchical.NodeTestTask.lambda$prepare$2(NodeTestTask.java:123)
	at org.junit.platform.engine.support.hierarchical.ThrowableCollector.execute(ThrowableCollector.java:73)
	at org.junit.platform.engine.support.hierarchical.NodeTestTask.prepare(NodeTestTask.java:123)
	at org.junit.platform.engine.support.hierarchical.NodeTestTask.execute(NodeTestTask.java:90)
	at java.base/java.util.ArrayList.forEach(ArrayList.java:1541)
	at org.junit.platform.engine.support.hierarchical.SameThreadHierarchicalTestExecutorService.invokeAll(SameThreadHierarchicalTestExecutorService.java:41)
	at org.junit.platform.engine.support.hierarchical.NodeTestTask.lambda$executeRecursively$6(NodeTestTask.java:155)
	at org.junit.platform.engine.support.hierarchical.ThrowableCollector.execute(ThrowableCollector.java:73)
	at org.junit.platform.engine.support.hierarchical.NodeTestTask.lambda$executeRecursively$8(NodeTestTask.java:141)
	at org.junit.platform.engine.support.hierarchical.Node.around(Node.java:137)
	at org.junit.platform.engine.support.hierarchical.NodeTestTask.lambda$executeRecursively$9(NodeTestTask.java:139)
	at org.junit.platform.engine.support.hierarchical.ThrowableCollector.execute(ThrowableCollector.java:73)
	at org.junit.platform.engine.support.hierarchical.NodeTestTask.executeRecursively(NodeTestTask.java:138)
	at org.junit.platform.engine.support.hierarchical.NodeTestTask.execute(NodeTestTask.java:95)
	at java.base/java.util.ArrayList.forEach(ArrayList.java:1541)
	at org.junit.platform.engine.support.hierarchical.SameThreadHierarchicalTestExecutorService.invokeAll(SameThreadHierarchicalTestExecutorService.java:41)
	at org.junit.platform.engine.support.hierarchical.NodeTestTask.lambda$executeRecursively$6(NodeTestTask.java:155)
	at org.junit.platform.engine.support.hierarchical.ThrowableCollector.execute(ThrowableCollector.java:73)
	at org.junit.platform.engine.support.hierarchical.NodeTestTask.lambda$executeRecursively$8(NodeTestTask.java:141)
	at org.junit.platform.engine.support.hierarchical.Node.around(Node.java:137)
	at org.junit.platform.engine.support.hierarchical.NodeTestTask.lambda$executeRecursively$9(NodeTestTask.java:139)
	at org.junit.platform.engine.support.hierarchical.ThrowableCollector.execute(ThrowableCollector.java:73)
	at org.junit.platform.engine.support.hierarchical.NodeTestTask.executeRecursively(NodeTestTask.java:138)
	at org.junit.platform.engine.support.hierarchical.NodeTestTask.execute(NodeTestTask.java:95)
	at org.junit.platform.engine.support.hierarchical.SameThreadHierarchicalTestExecutorService.submit(SameThreadHierarchicalTestExecutorService.java:35)
	at org.junit.platform.engine.support.hierarchical.HierarchicalTestExecutor.execute(HierarchicalTestExecutor.java:57)
	at org.junit.platform.engine.support.hierarchical.HierarchicalTestEngine.execute(HierarchicalTestEngine.java:54)
	at org.junit.platform.launcher.core.EngineExecutionOrchestrator.execute(EngineExecutionOrchestrator.java:107)
	at org.junit.platform.launcher.core.EngineExecutionOrchestrator.execute(EngineExecutionOrchestrator.java:88)
	at org.junit.platform.launcher.core.EngineExecutionOrchestrator.lambda$execute$0(EngineExecutionOrchestrator.java:54)
	at org.junit.platform.launcher.core.EngineExecutionOrchestrator.withInterceptedStreams(EngineExecutionOrchestrator.java:67)
	at org.junit.platform.launcher.core.EngineExecutionOrchestrator.execute(EngineExecutionOrchestrator.java:52)
	at org.junit.platform.launcher.core.DefaultLauncher.execute(DefaultLauncher.java:114)
	at org.junit.platform.launcher.core.DefaultLauncher.execute(DefaultLauncher.java:86)
	at org.junit.platform.launcher.core.DefaultLauncherSession$DelegatingLauncher.execute(DefaultLauncherSession.java:86)
	at org.gradle.api.internal.tasks.testing.junitplatform.JUnitPlatformTestClassProcessor$CollectAllTestClassesExecutor.processAllTestClasses(JUnitPlatformTestClassProcessor.java:110)
	at org.gradle.api.internal.tasks.testing.junitplatform.JUnitPlatformTestClassProcessor$CollectAllTestClassesExecutor.access$000(JUnitPlatformTestClassProcessor.java:90)
	at org.gradle.api.internal.tasks.testing.junitplatform.JUnitPlatformTestClassProcessor.stop(JUnitPlatformTestClassProcessor.java:85)
	at org.gradle.api.internal.tasks.testing.SuiteTestClassProcessor.stop(SuiteTestClassProcessor.java:62)
	at java.base/jdk.internal.reflect.NativeMethodAccessorImpl.invoke0(Native Method)
	at java.base/jdk.internal.reflect.NativeMethodAccessorImpl.invoke(NativeMethodAccessorImpl.java:62)
	at java.base/jdk.internal.reflect.DelegatingMethodAccessorImpl.invoke(DelegatingMethodAccessorImpl.java:43)
	at java.base/java.lang.reflect.Method.invoke(Method.java:566)
	at org.gradle.internal.dispatch.ReflectionDispatch.dispatch(ReflectionDispatch.java:36)
	at org.gradle.internal.dispatch.ReflectionDispatch.dispatch(ReflectionDispatch.java:24)
	at org.gradle.internal.dispatch.ContextClassLoaderDispatch.dispatch(ContextClassLoaderDispatch.java:33)
	at org.gradle.internal.dispatch.ProxyDispatchAdapter$DispatchingInvocationHandler.invoke(ProxyDispatchAdapter.java:94)
	at com.sun.proxy.$Proxy5.stop(Unknown Source)
	at org.gradle.api.internal.tasks.testing.worker.TestWorker$3.run(TestWorker.java:193)
	at org.gradle.api.internal.tasks.testing.worker.TestWorker.executeAndMaintainThreadName(TestWorker.java:129)
	at org.gradle.api.internal.tasks.testing.worker.TestWorker.execute(TestWorker.java:100)
	at org.gradle.api.internal.tasks.testing.worker.TestWorker.execute(TestWorker.java:60)
	at org.gradle.process.internal.worker.child.ActionExecutionWorker.execute(ActionExecutionWorker.java:56)
	at org.gradle.process.internal.worker.child.SystemApplicationClassLoaderWorker.call(SystemApplicationClassLoaderWorker.java:113)
	at org.gradle.process.internal.worker.child.SystemApplicationClassLoaderWorker.call(SystemApplicationClassLoaderWorker.java:65)
	at worker.org.gradle.process.internal.worker.GradleWorkerMain.run(GradleWorkerMain.java:69)
	at worker.org.gradle.process.internal.worker.GradleWorkerMain.main(GradleWorkerMain.java:74)
Caused by: UnsolvedSymbolException{context='arg0', name='Solving arg0', cause='null'}
	at com.github.javaparser.symbolsolver.javaparsermodel.TypeExtractor.visit(TypeExtractor.java:335)
	at com.github.javaparser.symbolsolver.javaparsermodel.TypeExtractor.visit(TypeExtractor.java:65)
	at com.github.javaparser.ast.expr.NameExpr.accept(NameExpr.java:79)
	at com.github.javaparser.symbolsolver.javaparsermodel.JavaParserFacade.getTypeConcrete(JavaParserFacade.java:505)
	at com.github.javaparser.symbolsolver.javaparsermodel.JavaParserFacade.getType(JavaParserFacade.java:352)
	at com.github.javaparser.symbolsolver.javaparsermodel.JavaParserFacade.getType(JavaParserFacade.java:334)
	at com.github.javaparser.symbolsolver.JavaSymbolSolver.calculateType(JavaSymbolSolver.java:294)
	at com.github.javaparser.ast.expr.Expression.calculateResolvedType(Expression.java:573)
	at de.uka.ilkd.key.java.JP2KeYVisitor.visit(JP2KeYConverter.java:707)
	at de.uka.ilkd.key.java.JP2KeYVisitor.visit(JP2KeYConverter.java:90)
	at com.github.javaparser.ast.expr.NameExpr.accept(NameExpr.java:79)
	at de.uka.ilkd.key.java.JP2KeYVisitor.lambda$map$1(JP2KeYConverter.java:402)
	at java.base/java.util.stream.ReferencePipeline$3$1.accept(ReferencePipeline.java:195)
	at java.base/java.util.ArrayList$ArrayListSpliterator.forEachRemaining(ArrayList.java:1655)
	at java.base/java.util.stream.AbstractPipeline.copyInto(AbstractPipeline.java:484)
	at java.base/java.util.stream.AbstractPipeline.wrapAndCopyInto(AbstractPipeline.java:474)
	at java.base/java.util.stream.ReduceOps$ReduceOp.evaluateSequential(ReduceOps.java:913)
	at java.base/java.util.stream.AbstractPipeline.evaluate(AbstractPipeline.java:234)
	at java.base/java.util.stream.ReferencePipeline.collect(ReferencePipeline.java:578)
	at de.uka.ilkd.key.java.JP2KeYVisitor.map(JP2KeYConverter.java:403)
	at de.uka.ilkd.key.java.JP2KeYVisitor.visit(JP2KeYConverter.java:506)
	at de.uka.ilkd.key.java.JP2KeYVisitor.visit(JP2KeYConverter.java:90)
	at com.github.javaparser.ast.stmt.ExplicitConstructorInvocationStmt.accept(ExplicitConstructorInvocationStmt.java:96)
	at de.uka.ilkd.key.java.JP2KeYVisitor.lambda$map$1(JP2KeYConverter.java:402)
	at java.base/java.util.stream.ReferencePipeline$3$1.accept(ReferencePipeline.java:195)
	at java.base/java.util.ArrayList$ArrayListSpliterator.forEachRemaining(ArrayList.java:1655)
	at java.base/java.util.stream.AbstractPipeline.copyInto(AbstractPipeline.java:484)
	at java.base/java.util.stream.AbstractPipeline.wrapAndCopyInto(AbstractPipeline.java:474)
	at java.base/java.util.stream.ReduceOps$ReduceOp.evaluateSequential(ReduceOps.java:913)
	at java.base/java.util.stream.AbstractPipeline.evaluate(AbstractPipeline.java:234)
	at java.base/java.util.stream.ReferencePipeline.collect(ReferencePipeline.java:578)
	at de.uka.ilkd.key.java.JP2KeYVisitor.map(JP2KeYConverter.java:403)
	at de.uka.ilkd.key.java.JP2KeYVisitor.visit(JP2KeYConverter.java:258)
	at de.uka.ilkd.key.java.JP2KeYVisitor.visit(JP2KeYConverter.java:90)
	at com.github.javaparser.ast.stmt.BlockStmt.accept(BlockStmt.java:70)
	at de.uka.ilkd.key.java.JP2KeYVisitor.lambda$map$1(JP2KeYConverter.java:402)
	at java.base/java.util.stream.ReferencePipeline$3$1.accept(ReferencePipeline.java:195)
	at java.base/java.util.ArrayList$ArrayListSpliterator.forEachRemaining(ArrayList.java:1655)
	at java.base/java.util.stream.AbstractPipeline.copyInto(AbstractPipeline.java:484)
	at java.base/java.util.stream.AbstractPipeline.wrapAndCopyInto(AbstractPipeline.java:474)
	at java.base/java.util.stream.ReduceOps$ReduceOp.evaluateSequential(ReduceOps.java:913)
	at java.base/java.util.stream.AbstractPipeline.evaluate(AbstractPipeline.java:234)
	at java.base/java.util.stream.ReferencePipeline.collect(ReferencePipeline.java:578)
	at de.uka.ilkd.key.java.JP2KeYVisitor.map(JP2KeYConverter.java:403)
	at de.uka.ilkd.key.java.JP2KeYVisitor.visit(JP2KeYConverter.java:258)
	at de.uka.ilkd.key.java.JP2KeYVisitor.visit(JP2KeYConverter.java:90)
	at com.github.javaparser.ast.stmt.BlockStmt.accept(BlockStmt.java:70)
	at de.uka.ilkd.key.java.JP2KeYVisitor.accept(JP2KeYConverter.java:348)
	at de.uka.ilkd.key.java.JP2KeYVisitor.visit(JP2KeYConverter.java:946)
	at de.uka.ilkd.key.java.JP2KeYVisitor.visit(JP2KeYConverter.java:90)
	at com.github.javaparser.ast.stmt.TryStmt.accept(TryStmt.java:135)
	at de.uka.ilkd.key.java.JP2KeYVisitor.lambda$map$1(JP2KeYConverter.java:402)
	at java.base/java.util.stream.ReferencePipeline$3$1.accept(ReferencePipeline.java:195)
	at java.base/java.util.ArrayList$ArrayListSpliterator.forEachRemaining(ArrayList.java:1655)
	at java.base/java.util.stream.AbstractPipeline.copyInto(AbstractPipeline.java:484)
	at java.base/java.util.stream.AbstractPipeline.wrapAndCopyInto(AbstractPipeline.java:474)
	at java.base/java.util.stream.ReduceOps$ReduceOp.evaluateSequential(ReduceOps.java:913)
	at java.base/java.util.stream.AbstractPipeline.evaluate(AbstractPipeline.java:234)
	at java.base/java.util.stream.ReferencePipeline.collect(ReferencePipeline.java:578)
	at de.uka.ilkd.key.java.JP2KeYVisitor.map(JP2KeYConverter.java:403)
	at de.uka.ilkd.key.java.JP2KeYVisitor.visit(JP2KeYConverter.java:258)
	at de.uka.ilkd.key.java.JP2KeYVisitor.visit(JP2KeYConverter.java:90)
	at com.github.javaparser.ast.stmt.BlockStmt.accept(BlockStmt.java:70)
	at de.uka.ilkd.key.java.JP2KeYVisitor.accept(JP2KeYConverter.java:348)
	at de.uka.ilkd.key.java.JP2KeYVisitor.visit(JP2KeYConverter.java:609)
	at de.uka.ilkd.key.java.JP2KeYVisitor.visit(JP2KeYConverter.java:90)
	at com.github.javaparser.ast.stmt.IfStmt.accept(IfStmt.java:82)
	at de.uka.ilkd.key.java.JP2KeYVisitor.lambda$map$1(JP2KeYConverter.java:402)
	at java.base/java.util.stream.ReferencePipeline$3$1.accept(ReferencePipeline.java:195)
	at java.base/java.util.ArrayList$ArrayListSpliterator.forEachRemaining(ArrayList.java:1655)
	at java.base/java.util.stream.AbstractPipeline.copyInto(AbstractPipeline.java:484)
	at java.base/java.util.stream.AbstractPipeline.wrapAndCopyInto(AbstractPipeline.java:474)
	at java.base/java.util.stream.ReduceOps$ReduceOp.evaluateSequential(ReduceOps.java:913)
	at java.base/java.util.stream.AbstractPipeline.evaluate(AbstractPipeline.java:234)
	at java.base/java.util.stream.ReferencePipeline.collect(ReferencePipeline.java:578)
	at de.uka.ilkd.key.java.JP2KeYVisitor.map(JP2KeYConverter.java:403)
	at de.uka.ilkd.key.java.JP2KeYVisitor.visit(JP2KeYConverter.java:258)
	at de.uka.ilkd.key.java.JP2KeYVisitor.visit(JP2KeYConverter.java:90)
	at com.github.javaparser.ast.stmt.BlockStmt.accept(BlockStmt.java:70)
	at de.uka.ilkd.key.java.JP2KeYVisitor.accept(JP2KeYConverter.java:348)
	at de.uka.ilkd.key.java.JP2KeYVisitor.visit(JP2KeYConverter.java:609)
	at de.uka.ilkd.key.java.JP2KeYVisitor.visit(JP2KeYConverter.java:90)
	at com.github.javaparser.ast.stmt.IfStmt.accept(IfStmt.java:82)
	at de.uka.ilkd.key.java.JP2KeYVisitor.lambda$map$1(JP2KeYConverter.java:402)
	at java.base/java.util.stream.ReferencePipeline$3$1.accept(ReferencePipeline.java:195)
	at java.base/java.util.ArrayList$ArrayListSpliterator.forEachRemaining(ArrayList.java:1655)
	at java.base/java.util.stream.AbstractPipeline.copyInto(AbstractPipeline.java:484)
	at java.base/java.util.stream.AbstractPipeline.wrapAndCopyInto(AbstractPipeline.java:474)
	at java.base/java.util.stream.ReduceOps$ReduceOp.evaluateSequential(ReduceOps.java:913)
	at java.base/java.util.stream.AbstractPipeline.evaluate(AbstractPipeline.java:234)
	at java.base/java.util.stream.ReferencePipeline.collect(ReferencePipeline.java:578)
	at de.uka.ilkd.key.java.JP2KeYVisitor.map(JP2KeYConverter.java:403)
	at de.uka.ilkd.key.java.JP2KeYVisitor.visit(JP2KeYConverter.java:258)
	at de.uka.ilkd.key.java.JP2KeYVisitor.visit(JP2KeYConverter.java:90)
	at com.github.javaparser.ast.stmt.BlockStmt.accept(BlockStmt.java:70)
	at de.uka.ilkd.key.java.JP2KeYVisitor.accept(JP2KeYConverter.java:348)
	at de.uka.ilkd.key.java.JP2KeYVisitor.accepto(JP2KeYConverter.java:418)
	at de.uka.ilkd.key.java.JP2KeYVisitor.visit(JP2KeYConverter.java:688)
	at de.uka.ilkd.key.java.JP2KeYVisitor.visit(JP2KeYConverter.java:90)
	at com.github.javaparser.ast.body.MethodDeclaration.accept(MethodDeclaration.java:98)
	at de.uka.ilkd.key.java.JP2KeYVisitor.lambda$map$1(JP2KeYConverter.java:402)
	at java.base/java.util.stream.ReferencePipeline$3$1.accept(ReferencePipeline.java:195)
	at java.base/java.util.ArrayList$ArrayListSpliterator.forEachRemaining(ArrayList.java:1655)
	at java.base/java.util.stream.AbstractPipeline.copyInto(AbstractPipeline.java:484)
	at java.base/java.util.stream.AbstractPipeline.wrapAndCopyInto(AbstractPipeline.java:474)
	at java.base/java.util.stream.ReduceOps$ReduceOp.evaluateSequential(ReduceOps.java:913)
	at java.base/java.util.stream.AbstractPipeline.evaluate(AbstractPipeline.java:234)
	at java.base/java.util.stream.ReferencePipeline.collect(ReferencePipeline.java:578)
	at de.uka.ilkd.key.java.JP2KeYVisitor.map(JP2KeYConverter.java:403)
	at de.uka.ilkd.key.java.JP2KeYVisitor.visit(JP2KeYConverter.java:310)
	at de.uka.ilkd.key.java.JP2KeYVisitor.visit(JP2KeYConverter.java:90)
	at com.github.javaparser.ast.body.ClassOrInterfaceDeclaration.accept(ClassOrInterfaceDeclaration.java:95)
	at de.uka.ilkd.key.java.JP2KeYVisitor.lambda$map$1(JP2KeYConverter.java:402)
	at java.base/java.util.stream.ReferencePipeline$3$1.accept(ReferencePipeline.java:195)
	at java.base/java.util.ArrayList$ArrayListSpliterator.forEachRemaining(ArrayList.java:1655)
	at java.base/java.util.stream.AbstractPipeline.copyInto(AbstractPipeline.java:484)
	at java.base/java.util.stream.AbstractPipeline.wrapAndCopyInto(AbstractPipeline.java:474)
	at java.base/java.util.stream.ReduceOps$ReduceOp.evaluateSequential(ReduceOps.java:913)
	at java.base/java.util.stream.AbstractPipeline.evaluate(AbstractPipeline.java:234)
	at java.base/java.util.stream.ReferencePipeline.collect(ReferencePipeline.java:578)
	at de.uka.ilkd.key.java.JP2KeYVisitor.map(JP2KeYConverter.java:403)
	at de.uka.ilkd.key.java.JP2KeYVisitor.visit(JP2KeYConverter.java:393)
	at de.uka.ilkd.key.java.JP2KeYVisitor.visit(JP2KeYConverter.java:90)
	at com.github.javaparser.ast.CompilationUnit.accept(CompilationUnit.java:124)
	at de.uka.ilkd.key.java.JP2KeYConverter.process(JP2KeYConverter.java:84)
	at de.uka.ilkd.key.java.JP2KeYConverter.processCompilationUnit(JP2KeYConverter.java:80)
	at de.uka.ilkd.key.java.JavaService.parseLibraryClasses0(JavaService.java:536)
	at de.uka.ilkd.key.java.JavaService.parseSpecialClasses(JavaService.java:511)
	at de.uka.ilkd.key.proof.init.ProblemInitializer.readJava(ProblemInitializer.java:280)
	at de.uka.ilkd.key.proof.init.ProblemInitializer.prepare(ProblemInitializer.java:529)
	at de.uka.ilkd.key.proof.init.ProblemInitializer.prepare(ProblemInitializer.java:471)
	at de.uka.ilkd.key.rule.TacletForTests.parse(TacletForTests.java:80)
	... 89 more
</failure>
  </testcase>
  <testcase name="testJavaAttributeAccessBoth_3()" classname="de.uka.ilkd.key.parser.TestTermParser" time="0.019">
    <failure message="java.lang.RuntimeException: Exception occurred while parsing src\test\resources\testcase\testrules.key" type="java.lang.RuntimeException">java.lang.RuntimeException: Exception occurred while parsing src\test\resources\testcase\testrules.key
	at de.uka.ilkd.key.rule.TacletForTests.parse(TacletForTests.java:89)
	at de.uka.ilkd.key.rule.TacletForTests.parse(TacletForTests.java:125)
	at de.uka.ilkd.key.rule.TacletForTests.parse(TacletForTests.java:129)
	at de.uka.ilkd.key.rule.TacletForTests.services(TacletForTests.java:102)
	at de.uka.ilkd.key.parser.TestTermParser.getServices(TestTermParser.java:42)
	at de.uka.ilkd.key.parser.AbstractTestTermParser.&lt;init&gt;(AbstractTestTermParser.java:35)
	at de.uka.ilkd.key.parser.TestTermParser.&lt;init&gt;(TestTermParser.java:34)
	at jdk.internal.reflect.GeneratedConstructorAccessor17.newInstance(Unknown Source)
	at java.base/jdk.internal.reflect.DelegatingConstructorAccessorImpl.newInstance(DelegatingConstructorAccessorImpl.java:45)
	at java.base/java.lang.reflect.Constructor.newInstance(Constructor.java:490)
	at org.junit.platform.commons.util.ReflectionUtils.newInstance(ReflectionUtils.java:552)
	at org.junit.jupiter.engine.execution.ConstructorInvocation.proceed(ConstructorInvocation.java:56)
	at org.junit.jupiter.engine.execution.InvocationInterceptorChain$ValidatingInvocation.proceed(InvocationInterceptorChain.java:131)
	at org.junit.jupiter.api.extension.InvocationInterceptor.interceptTestClassConstructor(InvocationInterceptor.java:73)
	at org.junit.jupiter.engine.execution.InterceptingExecutableInvoker.lambda$invoke$0(InterceptingExecutableInvoker.java:93)
	at org.junit.jupiter.engine.execution.InvocationInterceptorChain$InterceptedInvocation.proceed(InvocationInterceptorChain.java:106)
	at org.junit.jupiter.engine.execution.InvocationInterceptorChain.proceed(InvocationInterceptorChain.java:64)
	at org.junit.jupiter.engine.execution.InvocationInterceptorChain.chainAndInvoke(InvocationInterceptorChain.java:45)
	at org.junit.jupiter.engine.execution.InvocationInterceptorChain.invoke(InvocationInterceptorChain.java:37)
	at org.junit.jupiter.engine.execution.InterceptingExecutableInvoker.invoke(InterceptingExecutableInvoker.java:92)
	at org.junit.jupiter.engine.execution.InterceptingExecutableInvoker.invoke(InterceptingExecutableInvoker.java:62)
	at org.junit.jupiter.engine.descriptor.ClassBasedTestDescriptor.invokeTestClassConstructor(ClassBasedTestDescriptor.java:363)
	at org.junit.jupiter.engine.descriptor.ClassBasedTestDescriptor.instantiateTestClass(ClassBasedTestDescriptor.java:310)
	at org.junit.jupiter.engine.descriptor.ClassTestDescriptor.instantiateTestClass(ClassTestDescriptor.java:79)
	at org.junit.jupiter.engine.descriptor.ClassBasedTestDescriptor.instantiateAndPostProcessTestInstance(ClassBasedTestDescriptor.java:286)
	at org.junit.jupiter.engine.descriptor.ClassBasedTestDescriptor.lambda$testInstancesProvider$4(ClassBasedTestDescriptor.java:278)
	at java.base/java.util.Optional.orElseGet(Optional.java:369)
	at org.junit.jupiter.engine.descriptor.ClassBasedTestDescriptor.lambda$testInstancesProvider$5(ClassBasedTestDescriptor.java:277)
	at org.junit.jupiter.engine.execution.TestInstancesProvider.getTestInstances(TestInstancesProvider.java:31)
	at org.junit.jupiter.engine.descriptor.TestMethodTestDescriptor.lambda$prepare$0(TestMethodTestDescriptor.java:105)
	at org.junit.platform.engine.support.hierarchical.ThrowableCollector.execute(ThrowableCollector.java:73)
	at org.junit.jupiter.engine.descriptor.TestMethodTestDescriptor.prepare(TestMethodTestDescriptor.java:104)
	at org.junit.jupiter.engine.descriptor.TestMethodTestDescriptor.prepare(TestMethodTestDescriptor.java:68)
	at org.junit.platform.engine.support.hierarchical.NodeTestTask.lambda$prepare$2(NodeTestTask.java:123)
	at org.junit.platform.engine.support.hierarchical.ThrowableCollector.execute(ThrowableCollector.java:73)
	at org.junit.platform.engine.support.hierarchical.NodeTestTask.prepare(NodeTestTask.java:123)
	at org.junit.platform.engine.support.hierarchical.NodeTestTask.execute(NodeTestTask.java:90)
	at java.base/java.util.ArrayList.forEach(ArrayList.java:1541)
	at org.junit.platform.engine.support.hierarchical.SameThreadHierarchicalTestExecutorService.invokeAll(SameThreadHierarchicalTestExecutorService.java:41)
	at org.junit.platform.engine.support.hierarchical.NodeTestTask.lambda$executeRecursively$6(NodeTestTask.java:155)
	at org.junit.platform.engine.support.hierarchical.ThrowableCollector.execute(ThrowableCollector.java:73)
	at org.junit.platform.engine.support.hierarchical.NodeTestTask.lambda$executeRecursively$8(NodeTestTask.java:141)
	at org.junit.platform.engine.support.hierarchical.Node.around(Node.java:137)
	at org.junit.platform.engine.support.hierarchical.NodeTestTask.lambda$executeRecursively$9(NodeTestTask.java:139)
	at org.junit.platform.engine.support.hierarchical.ThrowableCollector.execute(ThrowableCollector.java:73)
	at org.junit.platform.engine.support.hierarchical.NodeTestTask.executeRecursively(NodeTestTask.java:138)
	at org.junit.platform.engine.support.hierarchical.NodeTestTask.execute(NodeTestTask.java:95)
	at java.base/java.util.ArrayList.forEach(ArrayList.java:1541)
	at org.junit.platform.engine.support.hierarchical.SameThreadHierarchicalTestExecutorService.invokeAll(SameThreadHierarchicalTestExecutorService.java:41)
	at org.junit.platform.engine.support.hierarchical.NodeTestTask.lambda$executeRecursively$6(NodeTestTask.java:155)
	at org.junit.platform.engine.support.hierarchical.ThrowableCollector.execute(ThrowableCollector.java:73)
	at org.junit.platform.engine.support.hierarchical.NodeTestTask.lambda$executeRecursively$8(NodeTestTask.java:141)
	at org.junit.platform.engine.support.hierarchical.Node.around(Node.java:137)
	at org.junit.platform.engine.support.hierarchical.NodeTestTask.lambda$executeRecursively$9(NodeTestTask.java:139)
	at org.junit.platform.engine.support.hierarchical.ThrowableCollector.execute(ThrowableCollector.java:73)
	at org.junit.platform.engine.support.hierarchical.NodeTestTask.executeRecursively(NodeTestTask.java:138)
	at org.junit.platform.engine.support.hierarchical.NodeTestTask.execute(NodeTestTask.java:95)
	at org.junit.platform.engine.support.hierarchical.SameThreadHierarchicalTestExecutorService.submit(SameThreadHierarchicalTestExecutorService.java:35)
	at org.junit.platform.engine.support.hierarchical.HierarchicalTestExecutor.execute(HierarchicalTestExecutor.java:57)
	at org.junit.platform.engine.support.hierarchical.HierarchicalTestEngine.execute(HierarchicalTestEngine.java:54)
	at org.junit.platform.launcher.core.EngineExecutionOrchestrator.execute(EngineExecutionOrchestrator.java:107)
	at org.junit.platform.launcher.core.EngineExecutionOrchestrator.execute(EngineExecutionOrchestrator.java:88)
	at org.junit.platform.launcher.core.EngineExecutionOrchestrator.lambda$execute$0(EngineExecutionOrchestrator.java:54)
	at org.junit.platform.launcher.core.EngineExecutionOrchestrator.withInterceptedStreams(EngineExecutionOrchestrator.java:67)
	at org.junit.platform.launcher.core.EngineExecutionOrchestrator.execute(EngineExecutionOrchestrator.java:52)
	at org.junit.platform.launcher.core.DefaultLauncher.execute(DefaultLauncher.java:114)
	at org.junit.platform.launcher.core.DefaultLauncher.execute(DefaultLauncher.java:86)
	at org.junit.platform.launcher.core.DefaultLauncherSession$DelegatingLauncher.execute(DefaultLauncherSession.java:86)
	at org.gradle.api.internal.tasks.testing.junitplatform.JUnitPlatformTestClassProcessor$CollectAllTestClassesExecutor.processAllTestClasses(JUnitPlatformTestClassProcessor.java:110)
	at org.gradle.api.internal.tasks.testing.junitplatform.JUnitPlatformTestClassProcessor$CollectAllTestClassesExecutor.access$000(JUnitPlatformTestClassProcessor.java:90)
	at org.gradle.api.internal.tasks.testing.junitplatform.JUnitPlatformTestClassProcessor.stop(JUnitPlatformTestClassProcessor.java:85)
	at org.gradle.api.internal.tasks.testing.SuiteTestClassProcessor.stop(SuiteTestClassProcessor.java:62)
	at java.base/jdk.internal.reflect.NativeMethodAccessorImpl.invoke0(Native Method)
	at java.base/jdk.internal.reflect.NativeMethodAccessorImpl.invoke(NativeMethodAccessorImpl.java:62)
	at java.base/jdk.internal.reflect.DelegatingMethodAccessorImpl.invoke(DelegatingMethodAccessorImpl.java:43)
	at java.base/java.lang.reflect.Method.invoke(Method.java:566)
	at org.gradle.internal.dispatch.ReflectionDispatch.dispatch(ReflectionDispatch.java:36)
	at org.gradle.internal.dispatch.ReflectionDispatch.dispatch(ReflectionDispatch.java:24)
	at org.gradle.internal.dispatch.ContextClassLoaderDispatch.dispatch(ContextClassLoaderDispatch.java:33)
	at org.gradle.internal.dispatch.ProxyDispatchAdapter$DispatchingInvocationHandler.invoke(ProxyDispatchAdapter.java:94)
	at com.sun.proxy.$Proxy5.stop(Unknown Source)
	at org.gradle.api.internal.tasks.testing.worker.TestWorker$3.run(TestWorker.java:193)
	at org.gradle.api.internal.tasks.testing.worker.TestWorker.executeAndMaintainThreadName(TestWorker.java:129)
	at org.gradle.api.internal.tasks.testing.worker.TestWorker.execute(TestWorker.java:100)
	at org.gradle.api.internal.tasks.testing.worker.TestWorker.execute(TestWorker.java:60)
	at org.gradle.process.internal.worker.child.ActionExecutionWorker.execute(ActionExecutionWorker.java:56)
	at org.gradle.process.internal.worker.child.SystemApplicationClassLoaderWorker.call(SystemApplicationClassLoaderWorker.java:113)
	at org.gradle.process.internal.worker.child.SystemApplicationClassLoaderWorker.call(SystemApplicationClassLoaderWorker.java:65)
	at worker.org.gradle.process.internal.worker.GradleWorkerMain.run(GradleWorkerMain.java:69)
	at worker.org.gradle.process.internal.worker.GradleWorkerMain.main(GradleWorkerMain.java:74)
Caused by: UnsolvedSymbolException{context='arg0', name='Solving arg0', cause='null'}
	at com.github.javaparser.symbolsolver.javaparsermodel.TypeExtractor.visit(TypeExtractor.java:335)
	at com.github.javaparser.symbolsolver.javaparsermodel.TypeExtractor.visit(TypeExtractor.java:65)
	at com.github.javaparser.ast.expr.NameExpr.accept(NameExpr.java:79)
	at com.github.javaparser.symbolsolver.javaparsermodel.JavaParserFacade.getTypeConcrete(JavaParserFacade.java:505)
	at com.github.javaparser.symbolsolver.javaparsermodel.JavaParserFacade.getType(JavaParserFacade.java:352)
	at com.github.javaparser.symbolsolver.javaparsermodel.JavaParserFacade.getType(JavaParserFacade.java:334)
	at com.github.javaparser.symbolsolver.JavaSymbolSolver.calculateType(JavaSymbolSolver.java:294)
	at com.github.javaparser.ast.expr.Expression.calculateResolvedType(Expression.java:573)
	at de.uka.ilkd.key.java.JP2KeYVisitor.visit(JP2KeYConverter.java:707)
	at de.uka.ilkd.key.java.JP2KeYVisitor.visit(JP2KeYConverter.java:90)
	at com.github.javaparser.ast.expr.NameExpr.accept(NameExpr.java:79)
	at de.uka.ilkd.key.java.JP2KeYVisitor.lambda$map$1(JP2KeYConverter.java:402)
	at java.base/java.util.stream.ReferencePipeline$3$1.accept(ReferencePipeline.java:195)
	at java.base/java.util.ArrayList$ArrayListSpliterator.forEachRemaining(ArrayList.java:1655)
	at java.base/java.util.stream.AbstractPipeline.copyInto(AbstractPipeline.java:484)
	at java.base/java.util.stream.AbstractPipeline.wrapAndCopyInto(AbstractPipeline.java:474)
	at java.base/java.util.stream.ReduceOps$ReduceOp.evaluateSequential(ReduceOps.java:913)
	at java.base/java.util.stream.AbstractPipeline.evaluate(AbstractPipeline.java:234)
	at java.base/java.util.stream.ReferencePipeline.collect(ReferencePipeline.java:578)
	at de.uka.ilkd.key.java.JP2KeYVisitor.map(JP2KeYConverter.java:403)
	at de.uka.ilkd.key.java.JP2KeYVisitor.visit(JP2KeYConverter.java:506)
	at de.uka.ilkd.key.java.JP2KeYVisitor.visit(JP2KeYConverter.java:90)
	at com.github.javaparser.ast.stmt.ExplicitConstructorInvocationStmt.accept(ExplicitConstructorInvocationStmt.java:96)
	at de.uka.ilkd.key.java.JP2KeYVisitor.lambda$map$1(JP2KeYConverter.java:402)
	at java.base/java.util.stream.ReferencePipeline$3$1.accept(ReferencePipeline.java:195)
	at java.base/java.util.ArrayList$ArrayListSpliterator.forEachRemaining(ArrayList.java:1655)
	at java.base/java.util.stream.AbstractPipeline.copyInto(AbstractPipeline.java:484)
	at java.base/java.util.stream.AbstractPipeline.wrapAndCopyInto(AbstractPipeline.java:474)
	at java.base/java.util.stream.ReduceOps$ReduceOp.evaluateSequential(ReduceOps.java:913)
	at java.base/java.util.stream.AbstractPipeline.evaluate(AbstractPipeline.java:234)
	at java.base/java.util.stream.ReferencePipeline.collect(ReferencePipeline.java:578)
	at de.uka.ilkd.key.java.JP2KeYVisitor.map(JP2KeYConverter.java:403)
	at de.uka.ilkd.key.java.JP2KeYVisitor.visit(JP2KeYConverter.java:258)
	at de.uka.ilkd.key.java.JP2KeYVisitor.visit(JP2KeYConverter.java:90)
	at com.github.javaparser.ast.stmt.BlockStmt.accept(BlockStmt.java:70)
	at de.uka.ilkd.key.java.JP2KeYVisitor.lambda$map$1(JP2KeYConverter.java:402)
	at java.base/java.util.stream.ReferencePipeline$3$1.accept(ReferencePipeline.java:195)
	at java.base/java.util.ArrayList$ArrayListSpliterator.forEachRemaining(ArrayList.java:1655)
	at java.base/java.util.stream.AbstractPipeline.copyInto(AbstractPipeline.java:484)
	at java.base/java.util.stream.AbstractPipeline.wrapAndCopyInto(AbstractPipeline.java:474)
	at java.base/java.util.stream.ReduceOps$ReduceOp.evaluateSequential(ReduceOps.java:913)
	at java.base/java.util.stream.AbstractPipeline.evaluate(AbstractPipeline.java:234)
	at java.base/java.util.stream.ReferencePipeline.collect(ReferencePipeline.java:578)
	at de.uka.ilkd.key.java.JP2KeYVisitor.map(JP2KeYConverter.java:403)
	at de.uka.ilkd.key.java.JP2KeYVisitor.visit(JP2KeYConverter.java:258)
	at de.uka.ilkd.key.java.JP2KeYVisitor.visit(JP2KeYConverter.java:90)
	at com.github.javaparser.ast.stmt.BlockStmt.accept(BlockStmt.java:70)
	at de.uka.ilkd.key.java.JP2KeYVisitor.accept(JP2KeYConverter.java:348)
	at de.uka.ilkd.key.java.JP2KeYVisitor.visit(JP2KeYConverter.java:946)
	at de.uka.ilkd.key.java.JP2KeYVisitor.visit(JP2KeYConverter.java:90)
	at com.github.javaparser.ast.stmt.TryStmt.accept(TryStmt.java:135)
	at de.uka.ilkd.key.java.JP2KeYVisitor.lambda$map$1(JP2KeYConverter.java:402)
	at java.base/java.util.stream.ReferencePipeline$3$1.accept(ReferencePipeline.java:195)
	at java.base/java.util.ArrayList$ArrayListSpliterator.forEachRemaining(ArrayList.java:1655)
	at java.base/java.util.stream.AbstractPipeline.copyInto(AbstractPipeline.java:484)
	at java.base/java.util.stream.AbstractPipeline.wrapAndCopyInto(AbstractPipeline.java:474)
	at java.base/java.util.stream.ReduceOps$ReduceOp.evaluateSequential(ReduceOps.java:913)
	at java.base/java.util.stream.AbstractPipeline.evaluate(AbstractPipeline.java:234)
	at java.base/java.util.stream.ReferencePipeline.collect(ReferencePipeline.java:578)
	at de.uka.ilkd.key.java.JP2KeYVisitor.map(JP2KeYConverter.java:403)
	at de.uka.ilkd.key.java.JP2KeYVisitor.visit(JP2KeYConverter.java:258)
	at de.uka.ilkd.key.java.JP2KeYVisitor.visit(JP2KeYConverter.java:90)
	at com.github.javaparser.ast.stmt.BlockStmt.accept(BlockStmt.java:70)
	at de.uka.ilkd.key.java.JP2KeYVisitor.accept(JP2KeYConverter.java:348)
	at de.uka.ilkd.key.java.JP2KeYVisitor.visit(JP2KeYConverter.java:609)
	at de.uka.ilkd.key.java.JP2KeYVisitor.visit(JP2KeYConverter.java:90)
	at com.github.javaparser.ast.stmt.IfStmt.accept(IfStmt.java:82)
	at de.uka.ilkd.key.java.JP2KeYVisitor.lambda$map$1(JP2KeYConverter.java:402)
	at java.base/java.util.stream.ReferencePipeline$3$1.accept(ReferencePipeline.java:195)
	at java.base/java.util.ArrayList$ArrayListSpliterator.forEachRemaining(ArrayList.java:1655)
	at java.base/java.util.stream.AbstractPipeline.copyInto(AbstractPipeline.java:484)
	at java.base/java.util.stream.AbstractPipeline.wrapAndCopyInto(AbstractPipeline.java:474)
	at java.base/java.util.stream.ReduceOps$ReduceOp.evaluateSequential(ReduceOps.java:913)
	at java.base/java.util.stream.AbstractPipeline.evaluate(AbstractPipeline.java:234)
	at java.base/java.util.stream.ReferencePipeline.collect(ReferencePipeline.java:578)
	at de.uka.ilkd.key.java.JP2KeYVisitor.map(JP2KeYConverter.java:403)
	at de.uka.ilkd.key.java.JP2KeYVisitor.visit(JP2KeYConverter.java:258)
	at de.uka.ilkd.key.java.JP2KeYVisitor.visit(JP2KeYConverter.java:90)
	at com.github.javaparser.ast.stmt.BlockStmt.accept(BlockStmt.java:70)
	at de.uka.ilkd.key.java.JP2KeYVisitor.accept(JP2KeYConverter.java:348)
	at de.uka.ilkd.key.java.JP2KeYVisitor.visit(JP2KeYConverter.java:609)
	at de.uka.ilkd.key.java.JP2KeYVisitor.visit(JP2KeYConverter.java:90)
	at com.github.javaparser.ast.stmt.IfStmt.accept(IfStmt.java:82)
	at de.uka.ilkd.key.java.JP2KeYVisitor.lambda$map$1(JP2KeYConverter.java:402)
	at java.base/java.util.stream.ReferencePipeline$3$1.accept(ReferencePipeline.java:195)
	at java.base/java.util.ArrayList$ArrayListSpliterator.forEachRemaining(ArrayList.java:1655)
	at java.base/java.util.stream.AbstractPipeline.copyInto(AbstractPipeline.java:484)
	at java.base/java.util.stream.AbstractPipeline.wrapAndCopyInto(AbstractPipeline.java:474)
	at java.base/java.util.stream.ReduceOps$ReduceOp.evaluateSequential(ReduceOps.java:913)
	at java.base/java.util.stream.AbstractPipeline.evaluate(AbstractPipeline.java:234)
	at java.base/java.util.stream.ReferencePipeline.collect(ReferencePipeline.java:578)
	at de.uka.ilkd.key.java.JP2KeYVisitor.map(JP2KeYConverter.java:403)
	at de.uka.ilkd.key.java.JP2KeYVisitor.visit(JP2KeYConverter.java:258)
	at de.uka.ilkd.key.java.JP2KeYVisitor.visit(JP2KeYConverter.java:90)
	at com.github.javaparser.ast.stmt.BlockStmt.accept(BlockStmt.java:70)
	at de.uka.ilkd.key.java.JP2KeYVisitor.accept(JP2KeYConverter.java:348)
	at de.uka.ilkd.key.java.JP2KeYVisitor.accepto(JP2KeYConverter.java:418)
	at de.uka.ilkd.key.java.JP2KeYVisitor.visit(JP2KeYConverter.java:688)
	at de.uka.ilkd.key.java.JP2KeYVisitor.visit(JP2KeYConverter.java:90)
	at com.github.javaparser.ast.body.MethodDeclaration.accept(MethodDeclaration.java:98)
	at de.uka.ilkd.key.java.JP2KeYVisitor.lambda$map$1(JP2KeYConverter.java:402)
	at java.base/java.util.stream.ReferencePipeline$3$1.accept(ReferencePipeline.java:195)
	at java.base/java.util.ArrayList$ArrayListSpliterator.forEachRemaining(ArrayList.java:1655)
	at java.base/java.util.stream.AbstractPipeline.copyInto(AbstractPipeline.java:484)
	at java.base/java.util.stream.AbstractPipeline.wrapAndCopyInto(AbstractPipeline.java:474)
	at java.base/java.util.stream.ReduceOps$ReduceOp.evaluateSequential(ReduceOps.java:913)
	at java.base/java.util.stream.AbstractPipeline.evaluate(AbstractPipeline.java:234)
	at java.base/java.util.stream.ReferencePipeline.collect(ReferencePipeline.java:578)
	at de.uka.ilkd.key.java.JP2KeYVisitor.map(JP2KeYConverter.java:403)
	at de.uka.ilkd.key.java.JP2KeYVisitor.visit(JP2KeYConverter.java:310)
	at de.uka.ilkd.key.java.JP2KeYVisitor.visit(JP2KeYConverter.java:90)
	at com.github.javaparser.ast.body.ClassOrInterfaceDeclaration.accept(ClassOrInterfaceDeclaration.java:95)
	at de.uka.ilkd.key.java.JP2KeYVisitor.lambda$map$1(JP2KeYConverter.java:402)
	at java.base/java.util.stream.ReferencePipeline$3$1.accept(ReferencePipeline.java:195)
	at java.base/java.util.ArrayList$ArrayListSpliterator.forEachRemaining(ArrayList.java:1655)
	at java.base/java.util.stream.AbstractPipeline.copyInto(AbstractPipeline.java:484)
	at java.base/java.util.stream.AbstractPipeline.wrapAndCopyInto(AbstractPipeline.java:474)
	at java.base/java.util.stream.ReduceOps$ReduceOp.evaluateSequential(ReduceOps.java:913)
	at java.base/java.util.stream.AbstractPipeline.evaluate(AbstractPipeline.java:234)
	at java.base/java.util.stream.ReferencePipeline.collect(ReferencePipeline.java:578)
	at de.uka.ilkd.key.java.JP2KeYVisitor.map(JP2KeYConverter.java:403)
	at de.uka.ilkd.key.java.JP2KeYVisitor.visit(JP2KeYConverter.java:393)
	at de.uka.ilkd.key.java.JP2KeYVisitor.visit(JP2KeYConverter.java:90)
	at com.github.javaparser.ast.CompilationUnit.accept(CompilationUnit.java:124)
	at de.uka.ilkd.key.java.JP2KeYConverter.process(JP2KeYConverter.java:84)
	at de.uka.ilkd.key.java.JP2KeYConverter.processCompilationUnit(JP2KeYConverter.java:80)
	at de.uka.ilkd.key.java.JavaService.parseLibraryClasses0(JavaService.java:536)
	at de.uka.ilkd.key.java.JavaService.parseSpecialClasses(JavaService.java:511)
	at de.uka.ilkd.key.proof.init.ProblemInitializer.readJava(ProblemInitializer.java:280)
	at de.uka.ilkd.key.proof.init.ProblemInitializer.prepare(ProblemInitializer.java:529)
	at de.uka.ilkd.key.proof.init.ProblemInitializer.prepare(ProblemInitializer.java:471)
	at de.uka.ilkd.key.rule.TacletForTests.parse(TacletForTests.java:80)
	... 89 more
</failure>
  </testcase>
  <testcase name="testBindingUpdateTerm_1()" classname="de.uka.ilkd.key.parser.TestTermParser" time="0.001">
    <failure message="java.lang.RuntimeException: Exception occurred while parsing src\test\resources\testcase\testrules.key" type="java.lang.RuntimeException">java.lang.RuntimeException: Exception occurred while parsing src\test\resources\testcase\testrules.key
	at de.uka.ilkd.key.rule.TacletForTests.parse(TacletForTests.java:89)
	at de.uka.ilkd.key.rule.TacletForTests.parse(TacletForTests.java:125)
	at de.uka.ilkd.key.rule.TacletForTests.parse(TacletForTests.java:129)
	at de.uka.ilkd.key.rule.TacletForTests.services(TacletForTests.java:102)
	at de.uka.ilkd.key.parser.TestTermParser.getServices(TestTermParser.java:42)
	at de.uka.ilkd.key.parser.AbstractTestTermParser.&lt;init&gt;(AbstractTestTermParser.java:35)
	at de.uka.ilkd.key.parser.TestTermParser.&lt;init&gt;(TestTermParser.java:34)
	at jdk.internal.reflect.GeneratedConstructorAccessor17.newInstance(Unknown Source)
	at java.base/jdk.internal.reflect.DelegatingConstructorAccessorImpl.newInstance(DelegatingConstructorAccessorImpl.java:45)
	at java.base/java.lang.reflect.Constructor.newInstance(Constructor.java:490)
	at org.junit.platform.commons.util.ReflectionUtils.newInstance(ReflectionUtils.java:552)
	at org.junit.jupiter.engine.execution.ConstructorInvocation.proceed(ConstructorInvocation.java:56)
	at org.junit.jupiter.engine.execution.InvocationInterceptorChain$ValidatingInvocation.proceed(InvocationInterceptorChain.java:131)
	at org.junit.jupiter.api.extension.InvocationInterceptor.interceptTestClassConstructor(InvocationInterceptor.java:73)
	at org.junit.jupiter.engine.execution.InterceptingExecutableInvoker.lambda$invoke$0(InterceptingExecutableInvoker.java:93)
	at org.junit.jupiter.engine.execution.InvocationInterceptorChain$InterceptedInvocation.proceed(InvocationInterceptorChain.java:106)
	at org.junit.jupiter.engine.execution.InvocationInterceptorChain.proceed(InvocationInterceptorChain.java:64)
	at org.junit.jupiter.engine.execution.InvocationInterceptorChain.chainAndInvoke(InvocationInterceptorChain.java:45)
	at org.junit.jupiter.engine.execution.InvocationInterceptorChain.invoke(InvocationInterceptorChain.java:37)
	at org.junit.jupiter.engine.execution.InterceptingExecutableInvoker.invoke(InterceptingExecutableInvoker.java:92)
	at org.junit.jupiter.engine.execution.InterceptingExecutableInvoker.invoke(InterceptingExecutableInvoker.java:62)
	at org.junit.jupiter.engine.descriptor.ClassBasedTestDescriptor.invokeTestClassConstructor(ClassBasedTestDescriptor.java:363)
	at org.junit.jupiter.engine.descriptor.ClassBasedTestDescriptor.instantiateTestClass(ClassBasedTestDescriptor.java:310)
	at org.junit.jupiter.engine.descriptor.ClassTestDescriptor.instantiateTestClass(ClassTestDescriptor.java:79)
	at org.junit.jupiter.engine.descriptor.ClassBasedTestDescriptor.instantiateAndPostProcessTestInstance(ClassBasedTestDescriptor.java:286)
	at org.junit.jupiter.engine.descriptor.ClassBasedTestDescriptor.lambda$testInstancesProvider$4(ClassBasedTestDescriptor.java:278)
	at java.base/java.util.Optional.orElseGet(Optional.java:369)
	at org.junit.jupiter.engine.descriptor.ClassBasedTestDescriptor.lambda$testInstancesProvider$5(ClassBasedTestDescriptor.java:277)
	at org.junit.jupiter.engine.execution.TestInstancesProvider.getTestInstances(TestInstancesProvider.java:31)
	at org.junit.jupiter.engine.descriptor.TestMethodTestDescriptor.lambda$prepare$0(TestMethodTestDescriptor.java:105)
	at org.junit.platform.engine.support.hierarchical.ThrowableCollector.execute(ThrowableCollector.java:73)
	at org.junit.jupiter.engine.descriptor.TestMethodTestDescriptor.prepare(TestMethodTestDescriptor.java:104)
	at org.junit.jupiter.engine.descriptor.TestMethodTestDescriptor.prepare(TestMethodTestDescriptor.java:68)
	at org.junit.platform.engine.support.hierarchical.NodeTestTask.lambda$prepare$2(NodeTestTask.java:123)
	at org.junit.platform.engine.support.hierarchical.ThrowableCollector.execute(ThrowableCollector.java:73)
	at org.junit.platform.engine.support.hierarchical.NodeTestTask.prepare(NodeTestTask.java:123)
	at org.junit.platform.engine.support.hierarchical.NodeTestTask.execute(NodeTestTask.java:90)
	at java.base/java.util.ArrayList.forEach(ArrayList.java:1541)
	at org.junit.platform.engine.support.hierarchical.SameThreadHierarchicalTestExecutorService.invokeAll(SameThreadHierarchicalTestExecutorService.java:41)
	at org.junit.platform.engine.support.hierarchical.NodeTestTask.lambda$executeRecursively$6(NodeTestTask.java:155)
	at org.junit.platform.engine.support.hierarchical.ThrowableCollector.execute(ThrowableCollector.java:73)
	at org.junit.platform.engine.support.hierarchical.NodeTestTask.lambda$executeRecursively$8(NodeTestTask.java:141)
	at org.junit.platform.engine.support.hierarchical.Node.around(Node.java:137)
	at org.junit.platform.engine.support.hierarchical.NodeTestTask.lambda$executeRecursively$9(NodeTestTask.java:139)
	at org.junit.platform.engine.support.hierarchical.ThrowableCollector.execute(ThrowableCollector.java:73)
	at org.junit.platform.engine.support.hierarchical.NodeTestTask.executeRecursively(NodeTestTask.java:138)
	at org.junit.platform.engine.support.hierarchical.NodeTestTask.execute(NodeTestTask.java:95)
	at java.base/java.util.ArrayList.forEach(ArrayList.java:1541)
	at org.junit.platform.engine.support.hierarchical.SameThreadHierarchicalTestExecutorService.invokeAll(SameThreadHierarchicalTestExecutorService.java:41)
	at org.junit.platform.engine.support.hierarchical.NodeTestTask.lambda$executeRecursively$6(NodeTestTask.java:155)
	at org.junit.platform.engine.support.hierarchical.ThrowableCollector.execute(ThrowableCollector.java:73)
	at org.junit.platform.engine.support.hierarchical.NodeTestTask.lambda$executeRecursively$8(NodeTestTask.java:141)
	at org.junit.platform.engine.support.hierarchical.Node.around(Node.java:137)
	at org.junit.platform.engine.support.hierarchical.NodeTestTask.lambda$executeRecursively$9(NodeTestTask.java:139)
	at org.junit.platform.engine.support.hierarchical.ThrowableCollector.execute(ThrowableCollector.java:73)
	at org.junit.platform.engine.support.hierarchical.NodeTestTask.executeRecursively(NodeTestTask.java:138)
	at org.junit.platform.engine.support.hierarchical.NodeTestTask.execute(NodeTestTask.java:95)
	at org.junit.platform.engine.support.hierarchical.SameThreadHierarchicalTestExecutorService.submit(SameThreadHierarchicalTestExecutorService.java:35)
	at org.junit.platform.engine.support.hierarchical.HierarchicalTestExecutor.execute(HierarchicalTestExecutor.java:57)
	at org.junit.platform.engine.support.hierarchical.HierarchicalTestEngine.execute(HierarchicalTestEngine.java:54)
	at org.junit.platform.launcher.core.EngineExecutionOrchestrator.execute(EngineExecutionOrchestrator.java:107)
	at org.junit.platform.launcher.core.EngineExecutionOrchestrator.execute(EngineExecutionOrchestrator.java:88)
	at org.junit.platform.launcher.core.EngineExecutionOrchestrator.lambda$execute$0(EngineExecutionOrchestrator.java:54)
	at org.junit.platform.launcher.core.EngineExecutionOrchestrator.withInterceptedStreams(EngineExecutionOrchestrator.java:67)
	at org.junit.platform.launcher.core.EngineExecutionOrchestrator.execute(EngineExecutionOrchestrator.java:52)
	at org.junit.platform.launcher.core.DefaultLauncher.execute(DefaultLauncher.java:114)
	at org.junit.platform.launcher.core.DefaultLauncher.execute(DefaultLauncher.java:86)
	at org.junit.platform.launcher.core.DefaultLauncherSession$DelegatingLauncher.execute(DefaultLauncherSession.java:86)
	at org.gradle.api.internal.tasks.testing.junitplatform.JUnitPlatformTestClassProcessor$CollectAllTestClassesExecutor.processAllTestClasses(JUnitPlatformTestClassProcessor.java:110)
	at org.gradle.api.internal.tasks.testing.junitplatform.JUnitPlatformTestClassProcessor$CollectAllTestClassesExecutor.access$000(JUnitPlatformTestClassProcessor.java:90)
	at org.gradle.api.internal.tasks.testing.junitplatform.JUnitPlatformTestClassProcessor.stop(JUnitPlatformTestClassProcessor.java:85)
	at org.gradle.api.internal.tasks.testing.SuiteTestClassProcessor.stop(SuiteTestClassProcessor.java:62)
	at java.base/jdk.internal.reflect.NativeMethodAccessorImpl.invoke0(Native Method)
	at java.base/jdk.internal.reflect.NativeMethodAccessorImpl.invoke(NativeMethodAccessorImpl.java:62)
	at java.base/jdk.internal.reflect.DelegatingMethodAccessorImpl.invoke(DelegatingMethodAccessorImpl.java:43)
	at java.base/java.lang.reflect.Method.invoke(Method.java:566)
	at org.gradle.internal.dispatch.ReflectionDispatch.dispatch(ReflectionDispatch.java:36)
	at org.gradle.internal.dispatch.ReflectionDispatch.dispatch(ReflectionDispatch.java:24)
	at org.gradle.internal.dispatch.ContextClassLoaderDispatch.dispatch(ContextClassLoaderDispatch.java:33)
	at org.gradle.internal.dispatch.ProxyDispatchAdapter$DispatchingInvocationHandler.invoke(ProxyDispatchAdapter.java:94)
	at com.sun.proxy.$Proxy5.stop(Unknown Source)
	at org.gradle.api.internal.tasks.testing.worker.TestWorker$3.run(TestWorker.java:193)
	at org.gradle.api.internal.tasks.testing.worker.TestWorker.executeAndMaintainThreadName(TestWorker.java:129)
	at org.gradle.api.internal.tasks.testing.worker.TestWorker.execute(TestWorker.java:100)
	at org.gradle.api.internal.tasks.testing.worker.TestWorker.execute(TestWorker.java:60)
	at org.gradle.process.internal.worker.child.ActionExecutionWorker.execute(ActionExecutionWorker.java:56)
	at org.gradle.process.internal.worker.child.SystemApplicationClassLoaderWorker.call(SystemApplicationClassLoaderWorker.java:113)
	at org.gradle.process.internal.worker.child.SystemApplicationClassLoaderWorker.call(SystemApplicationClassLoaderWorker.java:65)
	at worker.org.gradle.process.internal.worker.GradleWorkerMain.run(GradleWorkerMain.java:69)
	at worker.org.gradle.process.internal.worker.GradleWorkerMain.main(GradleWorkerMain.java:74)
Caused by: UnsolvedSymbolException{context='arg0', name='Solving arg0', cause='null'}
	at com.github.javaparser.symbolsolver.javaparsermodel.TypeExtractor.visit(TypeExtractor.java:335)
	at com.github.javaparser.symbolsolver.javaparsermodel.TypeExtractor.visit(TypeExtractor.java:65)
	at com.github.javaparser.ast.expr.NameExpr.accept(NameExpr.java:79)
	at com.github.javaparser.symbolsolver.javaparsermodel.JavaParserFacade.getTypeConcrete(JavaParserFacade.java:505)
	at com.github.javaparser.symbolsolver.javaparsermodel.JavaParserFacade.getType(JavaParserFacade.java:352)
	at com.github.javaparser.symbolsolver.javaparsermodel.JavaParserFacade.getType(JavaParserFacade.java:334)
	at com.github.javaparser.symbolsolver.JavaSymbolSolver.calculateType(JavaSymbolSolver.java:294)
	at com.github.javaparser.ast.expr.Expression.calculateResolvedType(Expression.java:573)
	at de.uka.ilkd.key.java.JP2KeYVisitor.visit(JP2KeYConverter.java:707)
	at de.uka.ilkd.key.java.JP2KeYVisitor.visit(JP2KeYConverter.java:90)
	at com.github.javaparser.ast.expr.NameExpr.accept(NameExpr.java:79)
	at de.uka.ilkd.key.java.JP2KeYVisitor.lambda$map$1(JP2KeYConverter.java:402)
	at java.base/java.util.stream.ReferencePipeline$3$1.accept(ReferencePipeline.java:195)
	at java.base/java.util.ArrayList$ArrayListSpliterator.forEachRemaining(ArrayList.java:1655)
	at java.base/java.util.stream.AbstractPipeline.copyInto(AbstractPipeline.java:484)
	at java.base/java.util.stream.AbstractPipeline.wrapAndCopyInto(AbstractPipeline.java:474)
	at java.base/java.util.stream.ReduceOps$ReduceOp.evaluateSequential(ReduceOps.java:913)
	at java.base/java.util.stream.AbstractPipeline.evaluate(AbstractPipeline.java:234)
	at java.base/java.util.stream.ReferencePipeline.collect(ReferencePipeline.java:578)
	at de.uka.ilkd.key.java.JP2KeYVisitor.map(JP2KeYConverter.java:403)
	at de.uka.ilkd.key.java.JP2KeYVisitor.visit(JP2KeYConverter.java:506)
	at de.uka.ilkd.key.java.JP2KeYVisitor.visit(JP2KeYConverter.java:90)
	at com.github.javaparser.ast.stmt.ExplicitConstructorInvocationStmt.accept(ExplicitConstructorInvocationStmt.java:96)
	at de.uka.ilkd.key.java.JP2KeYVisitor.lambda$map$1(JP2KeYConverter.java:402)
	at java.base/java.util.stream.ReferencePipeline$3$1.accept(ReferencePipeline.java:195)
	at java.base/java.util.ArrayList$ArrayListSpliterator.forEachRemaining(ArrayList.java:1655)
	at java.base/java.util.stream.AbstractPipeline.copyInto(AbstractPipeline.java:484)
	at java.base/java.util.stream.AbstractPipeline.wrapAndCopyInto(AbstractPipeline.java:474)
	at java.base/java.util.stream.ReduceOps$ReduceOp.evaluateSequential(ReduceOps.java:913)
	at java.base/java.util.stream.AbstractPipeline.evaluate(AbstractPipeline.java:234)
	at java.base/java.util.stream.ReferencePipeline.collect(ReferencePipeline.java:578)
	at de.uka.ilkd.key.java.JP2KeYVisitor.map(JP2KeYConverter.java:403)
	at de.uka.ilkd.key.java.JP2KeYVisitor.visit(JP2KeYConverter.java:258)
	at de.uka.ilkd.key.java.JP2KeYVisitor.visit(JP2KeYConverter.java:90)
	at com.github.javaparser.ast.stmt.BlockStmt.accept(BlockStmt.java:70)
	at de.uka.ilkd.key.java.JP2KeYVisitor.lambda$map$1(JP2KeYConverter.java:402)
	at java.base/java.util.stream.ReferencePipeline$3$1.accept(ReferencePipeline.java:195)
	at java.base/java.util.ArrayList$ArrayListSpliterator.forEachRemaining(ArrayList.java:1655)
	at java.base/java.util.stream.AbstractPipeline.copyInto(AbstractPipeline.java:484)
	at java.base/java.util.stream.AbstractPipeline.wrapAndCopyInto(AbstractPipeline.java:474)
	at java.base/java.util.stream.ReduceOps$ReduceOp.evaluateSequential(ReduceOps.java:913)
	at java.base/java.util.stream.AbstractPipeline.evaluate(AbstractPipeline.java:234)
	at java.base/java.util.stream.ReferencePipeline.collect(ReferencePipeline.java:578)
	at de.uka.ilkd.key.java.JP2KeYVisitor.map(JP2KeYConverter.java:403)
	at de.uka.ilkd.key.java.JP2KeYVisitor.visit(JP2KeYConverter.java:258)
	at de.uka.ilkd.key.java.JP2KeYVisitor.visit(JP2KeYConverter.java:90)
	at com.github.javaparser.ast.stmt.BlockStmt.accept(BlockStmt.java:70)
	at de.uka.ilkd.key.java.JP2KeYVisitor.accept(JP2KeYConverter.java:348)
	at de.uka.ilkd.key.java.JP2KeYVisitor.visit(JP2KeYConverter.java:946)
	at de.uka.ilkd.key.java.JP2KeYVisitor.visit(JP2KeYConverter.java:90)
	at com.github.javaparser.ast.stmt.TryStmt.accept(TryStmt.java:135)
	at de.uka.ilkd.key.java.JP2KeYVisitor.lambda$map$1(JP2KeYConverter.java:402)
	at java.base/java.util.stream.ReferencePipeline$3$1.accept(ReferencePipeline.java:195)
	at java.base/java.util.ArrayList$ArrayListSpliterator.forEachRemaining(ArrayList.java:1655)
	at java.base/java.util.stream.AbstractPipeline.copyInto(AbstractPipeline.java:484)
	at java.base/java.util.stream.AbstractPipeline.wrapAndCopyInto(AbstractPipeline.java:474)
	at java.base/java.util.stream.ReduceOps$ReduceOp.evaluateSequential(ReduceOps.java:913)
	at java.base/java.util.stream.AbstractPipeline.evaluate(AbstractPipeline.java:234)
	at java.base/java.util.stream.ReferencePipeline.collect(ReferencePipeline.java:578)
	at de.uka.ilkd.key.java.JP2KeYVisitor.map(JP2KeYConverter.java:403)
	at de.uka.ilkd.key.java.JP2KeYVisitor.visit(JP2KeYConverter.java:258)
	at de.uka.ilkd.key.java.JP2KeYVisitor.visit(JP2KeYConverter.java:90)
	at com.github.javaparser.ast.stmt.BlockStmt.accept(BlockStmt.java:70)
	at de.uka.ilkd.key.java.JP2KeYVisitor.accept(JP2KeYConverter.java:348)
	at de.uka.ilkd.key.java.JP2KeYVisitor.visit(JP2KeYConverter.java:609)
	at de.uka.ilkd.key.java.JP2KeYVisitor.visit(JP2KeYConverter.java:90)
	at com.github.javaparser.ast.stmt.IfStmt.accept(IfStmt.java:82)
	at de.uka.ilkd.key.java.JP2KeYVisitor.lambda$map$1(JP2KeYConverter.java:402)
	at java.base/java.util.stream.ReferencePipeline$3$1.accept(ReferencePipeline.java:195)
	at java.base/java.util.ArrayList$ArrayListSpliterator.forEachRemaining(ArrayList.java:1655)
	at java.base/java.util.stream.AbstractPipeline.copyInto(AbstractPipeline.java:484)
	at java.base/java.util.stream.AbstractPipeline.wrapAndCopyInto(AbstractPipeline.java:474)
	at java.base/java.util.stream.ReduceOps$ReduceOp.evaluateSequential(ReduceOps.java:913)
	at java.base/java.util.stream.AbstractPipeline.evaluate(AbstractPipeline.java:234)
	at java.base/java.util.stream.ReferencePipeline.collect(ReferencePipeline.java:578)
	at de.uka.ilkd.key.java.JP2KeYVisitor.map(JP2KeYConverter.java:403)
	at de.uka.ilkd.key.java.JP2KeYVisitor.visit(JP2KeYConverter.java:258)
	at de.uka.ilkd.key.java.JP2KeYVisitor.visit(JP2KeYConverter.java:90)
	at com.github.javaparser.ast.stmt.BlockStmt.accept(BlockStmt.java:70)
	at de.uka.ilkd.key.java.JP2KeYVisitor.accept(JP2KeYConverter.java:348)
	at de.uka.ilkd.key.java.JP2KeYVisitor.visit(JP2KeYConverter.java:609)
	at de.uka.ilkd.key.java.JP2KeYVisitor.visit(JP2KeYConverter.java:90)
	at com.github.javaparser.ast.stmt.IfStmt.accept(IfStmt.java:82)
	at de.uka.ilkd.key.java.JP2KeYVisitor.lambda$map$1(JP2KeYConverter.java:402)
	at java.base/java.util.stream.ReferencePipeline$3$1.accept(ReferencePipeline.java:195)
	at java.base/java.util.ArrayList$ArrayListSpliterator.forEachRemaining(ArrayList.java:1655)
	at java.base/java.util.stream.AbstractPipeline.copyInto(AbstractPipeline.java:484)
	at java.base/java.util.stream.AbstractPipeline.wrapAndCopyInto(AbstractPipeline.java:474)
	at java.base/java.util.stream.ReduceOps$ReduceOp.evaluateSequential(ReduceOps.java:913)
	at java.base/java.util.stream.AbstractPipeline.evaluate(AbstractPipeline.java:234)
	at java.base/java.util.stream.ReferencePipeline.collect(ReferencePipeline.java:578)
	at de.uka.ilkd.key.java.JP2KeYVisitor.map(JP2KeYConverter.java:403)
	at de.uka.ilkd.key.java.JP2KeYVisitor.visit(JP2KeYConverter.java:258)
	at de.uka.ilkd.key.java.JP2KeYVisitor.visit(JP2KeYConverter.java:90)
	at com.github.javaparser.ast.stmt.BlockStmt.accept(BlockStmt.java:70)
	at de.uka.ilkd.key.java.JP2KeYVisitor.accept(JP2KeYConverter.java:348)
	at de.uka.ilkd.key.java.JP2KeYVisitor.accepto(JP2KeYConverter.java:418)
	at de.uka.ilkd.key.java.JP2KeYVisitor.visit(JP2KeYConverter.java:688)
	at de.uka.ilkd.key.java.JP2KeYVisitor.visit(JP2KeYConverter.java:90)
	at com.github.javaparser.ast.body.MethodDeclaration.accept(MethodDeclaration.java:98)
	at de.uka.ilkd.key.java.JP2KeYVisitor.lambda$map$1(JP2KeYConverter.java:402)
	at java.base/java.util.stream.ReferencePipeline$3$1.accept(ReferencePipeline.java:195)
	at java.base/java.util.ArrayList$ArrayListSpliterator.forEachRemaining(ArrayList.java:1655)
	at java.base/java.util.stream.AbstractPipeline.copyInto(AbstractPipeline.java:484)
	at java.base/java.util.stream.AbstractPipeline.wrapAndCopyInto(AbstractPipeline.java:474)
	at java.base/java.util.stream.ReduceOps$ReduceOp.evaluateSequential(ReduceOps.java:913)
	at java.base/java.util.stream.AbstractPipeline.evaluate(AbstractPipeline.java:234)
	at java.base/java.util.stream.ReferencePipeline.collect(ReferencePipeline.java:578)
	at de.uka.ilkd.key.java.JP2KeYVisitor.map(JP2KeYConverter.java:403)
	at de.uka.ilkd.key.java.JP2KeYVisitor.visit(JP2KeYConverter.java:310)
	at de.uka.ilkd.key.java.JP2KeYVisitor.visit(JP2KeYConverter.java:90)
	at com.github.javaparser.ast.body.ClassOrInterfaceDeclaration.accept(ClassOrInterfaceDeclaration.java:95)
	at de.uka.ilkd.key.java.JP2KeYVisitor.lambda$map$1(JP2KeYConverter.java:402)
	at java.base/java.util.stream.ReferencePipeline$3$1.accept(ReferencePipeline.java:195)
	at java.base/java.util.ArrayList$ArrayListSpliterator.forEachRemaining(ArrayList.java:1655)
	at java.base/java.util.stream.AbstractPipeline.copyInto(AbstractPipeline.java:484)
	at java.base/java.util.stream.AbstractPipeline.wrapAndCopyInto(AbstractPipeline.java:474)
	at java.base/java.util.stream.ReduceOps$ReduceOp.evaluateSequential(ReduceOps.java:913)
	at java.base/java.util.stream.AbstractPipeline.evaluate(AbstractPipeline.java:234)
	at java.base/java.util.stream.ReferencePipeline.collect(ReferencePipeline.java:578)
	at de.uka.ilkd.key.java.JP2KeYVisitor.map(JP2KeYConverter.java:403)
	at de.uka.ilkd.key.java.JP2KeYVisitor.visit(JP2KeYConverter.java:393)
	at de.uka.ilkd.key.java.JP2KeYVisitor.visit(JP2KeYConverter.java:90)
	at com.github.javaparser.ast.CompilationUnit.accept(CompilationUnit.java:124)
	at de.uka.ilkd.key.java.JP2KeYConverter.process(JP2KeYConverter.java:84)
	at de.uka.ilkd.key.java.JP2KeYConverter.processCompilationUnit(JP2KeYConverter.java:80)
	at de.uka.ilkd.key.java.JavaService.parseLibraryClasses0(JavaService.java:536)
	at de.uka.ilkd.key.java.JavaService.parseSpecialClasses(JavaService.java:511)
	at de.uka.ilkd.key.proof.init.ProblemInitializer.readJava(ProblemInitializer.java:280)
	at de.uka.ilkd.key.proof.init.ProblemInitializer.prepare(ProblemInitializer.java:529)
	at de.uka.ilkd.key.proof.init.ProblemInitializer.prepare(ProblemInitializer.java:471)
	at de.uka.ilkd.key.rule.TacletForTests.parse(TacletForTests.java:80)
	... 89 more
</failure>
  </testcase>
  <testcase name="testBindingUpdateTerm_3()" classname="de.uka.ilkd.key.parser.TestTermParser" time="0.001">
    <failure message="java.lang.RuntimeException: Exception occurred while parsing src\test\resources\testcase\testrules.key" type="java.lang.RuntimeException">java.lang.RuntimeException: Exception occurred while parsing src\test\resources\testcase\testrules.key
	at de.uka.ilkd.key.rule.TacletForTests.parse(TacletForTests.java:89)
	at de.uka.ilkd.key.rule.TacletForTests.parse(TacletForTests.java:125)
	at de.uka.ilkd.key.rule.TacletForTests.parse(TacletForTests.java:129)
	at de.uka.ilkd.key.rule.TacletForTests.services(TacletForTests.java:102)
	at de.uka.ilkd.key.parser.TestTermParser.getServices(TestTermParser.java:42)
	at de.uka.ilkd.key.parser.AbstractTestTermParser.&lt;init&gt;(AbstractTestTermParser.java:35)
	at de.uka.ilkd.key.parser.TestTermParser.&lt;init&gt;(TestTermParser.java:34)
	at jdk.internal.reflect.GeneratedConstructorAccessor17.newInstance(Unknown Source)
	at java.base/jdk.internal.reflect.DelegatingConstructorAccessorImpl.newInstance(DelegatingConstructorAccessorImpl.java:45)
	at java.base/java.lang.reflect.Constructor.newInstance(Constructor.java:490)
	at org.junit.platform.commons.util.ReflectionUtils.newInstance(ReflectionUtils.java:552)
	at org.junit.jupiter.engine.execution.ConstructorInvocation.proceed(ConstructorInvocation.java:56)
	at org.junit.jupiter.engine.execution.InvocationInterceptorChain$ValidatingInvocation.proceed(InvocationInterceptorChain.java:131)
	at org.junit.jupiter.api.extension.InvocationInterceptor.interceptTestClassConstructor(InvocationInterceptor.java:73)
	at org.junit.jupiter.engine.execution.InterceptingExecutableInvoker.lambda$invoke$0(InterceptingExecutableInvoker.java:93)
	at org.junit.jupiter.engine.execution.InvocationInterceptorChain$InterceptedInvocation.proceed(InvocationInterceptorChain.java:106)
	at org.junit.jupiter.engine.execution.InvocationInterceptorChain.proceed(InvocationInterceptorChain.java:64)
	at org.junit.jupiter.engine.execution.InvocationInterceptorChain.chainAndInvoke(InvocationInterceptorChain.java:45)
	at org.junit.jupiter.engine.execution.InvocationInterceptorChain.invoke(InvocationInterceptorChain.java:37)
	at org.junit.jupiter.engine.execution.InterceptingExecutableInvoker.invoke(InterceptingExecutableInvoker.java:92)
	at org.junit.jupiter.engine.execution.InterceptingExecutableInvoker.invoke(InterceptingExecutableInvoker.java:62)
	at org.junit.jupiter.engine.descriptor.ClassBasedTestDescriptor.invokeTestClassConstructor(ClassBasedTestDescriptor.java:363)
	at org.junit.jupiter.engine.descriptor.ClassBasedTestDescriptor.instantiateTestClass(ClassBasedTestDescriptor.java:310)
	at org.junit.jupiter.engine.descriptor.ClassTestDescriptor.instantiateTestClass(ClassTestDescriptor.java:79)
	at org.junit.jupiter.engine.descriptor.ClassBasedTestDescriptor.instantiateAndPostProcessTestInstance(ClassBasedTestDescriptor.java:286)
	at org.junit.jupiter.engine.descriptor.ClassBasedTestDescriptor.lambda$testInstancesProvider$4(ClassBasedTestDescriptor.java:278)
	at java.base/java.util.Optional.orElseGet(Optional.java:369)
	at org.junit.jupiter.engine.descriptor.ClassBasedTestDescriptor.lambda$testInstancesProvider$5(ClassBasedTestDescriptor.java:277)
	at org.junit.jupiter.engine.execution.TestInstancesProvider.getTestInstances(TestInstancesProvider.java:31)
	at org.junit.jupiter.engine.descriptor.TestMethodTestDescriptor.lambda$prepare$0(TestMethodTestDescriptor.java:105)
	at org.junit.platform.engine.support.hierarchical.ThrowableCollector.execute(ThrowableCollector.java:73)
	at org.junit.jupiter.engine.descriptor.TestMethodTestDescriptor.prepare(TestMethodTestDescriptor.java:104)
	at org.junit.jupiter.engine.descriptor.TestMethodTestDescriptor.prepare(TestMethodTestDescriptor.java:68)
	at org.junit.platform.engine.support.hierarchical.NodeTestTask.lambda$prepare$2(NodeTestTask.java:123)
	at org.junit.platform.engine.support.hierarchical.ThrowableCollector.execute(ThrowableCollector.java:73)
	at org.junit.platform.engine.support.hierarchical.NodeTestTask.prepare(NodeTestTask.java:123)
	at org.junit.platform.engine.support.hierarchical.NodeTestTask.execute(NodeTestTask.java:90)
	at java.base/java.util.ArrayList.forEach(ArrayList.java:1541)
	at org.junit.platform.engine.support.hierarchical.SameThreadHierarchicalTestExecutorService.invokeAll(SameThreadHierarchicalTestExecutorService.java:41)
	at org.junit.platform.engine.support.hierarchical.NodeTestTask.lambda$executeRecursively$6(NodeTestTask.java:155)
	at org.junit.platform.engine.support.hierarchical.ThrowableCollector.execute(ThrowableCollector.java:73)
	at org.junit.platform.engine.support.hierarchical.NodeTestTask.lambda$executeRecursively$8(NodeTestTask.java:141)
	at org.junit.platform.engine.support.hierarchical.Node.around(Node.java:137)
	at org.junit.platform.engine.support.hierarchical.NodeTestTask.lambda$executeRecursively$9(NodeTestTask.java:139)
	at org.junit.platform.engine.support.hierarchical.ThrowableCollector.execute(ThrowableCollector.java:73)
	at org.junit.platform.engine.support.hierarchical.NodeTestTask.executeRecursively(NodeTestTask.java:138)
	at org.junit.platform.engine.support.hierarchical.NodeTestTask.execute(NodeTestTask.java:95)
	at java.base/java.util.ArrayList.forEach(ArrayList.java:1541)
	at org.junit.platform.engine.support.hierarchical.SameThreadHierarchicalTestExecutorService.invokeAll(SameThreadHierarchicalTestExecutorService.java:41)
	at org.junit.platform.engine.support.hierarchical.NodeTestTask.lambda$executeRecursively$6(NodeTestTask.java:155)
	at org.junit.platform.engine.support.hierarchical.ThrowableCollector.execute(ThrowableCollector.java:73)
	at org.junit.platform.engine.support.hierarchical.NodeTestTask.lambda$executeRecursively$8(NodeTestTask.java:141)
	at org.junit.platform.engine.support.hierarchical.Node.around(Node.java:137)
	at org.junit.platform.engine.support.hierarchical.NodeTestTask.lambda$executeRecursively$9(NodeTestTask.java:139)
	at org.junit.platform.engine.support.hierarchical.ThrowableCollector.execute(ThrowableCollector.java:73)
	at org.junit.platform.engine.support.hierarchical.NodeTestTask.executeRecursively(NodeTestTask.java:138)
	at org.junit.platform.engine.support.hierarchical.NodeTestTask.execute(NodeTestTask.java:95)
	at org.junit.platform.engine.support.hierarchical.SameThreadHierarchicalTestExecutorService.submit(SameThreadHierarchicalTestExecutorService.java:35)
	at org.junit.platform.engine.support.hierarchical.HierarchicalTestExecutor.execute(HierarchicalTestExecutor.java:57)
	at org.junit.platform.engine.support.hierarchical.HierarchicalTestEngine.execute(HierarchicalTestEngine.java:54)
	at org.junit.platform.launcher.core.EngineExecutionOrchestrator.execute(EngineExecutionOrchestrator.java:107)
	at org.junit.platform.launcher.core.EngineExecutionOrchestrator.execute(EngineExecutionOrchestrator.java:88)
	at org.junit.platform.launcher.core.EngineExecutionOrchestrator.lambda$execute$0(EngineExecutionOrchestrator.java:54)
	at org.junit.platform.launcher.core.EngineExecutionOrchestrator.withInterceptedStreams(EngineExecutionOrchestrator.java:67)
	at org.junit.platform.launcher.core.EngineExecutionOrchestrator.execute(EngineExecutionOrchestrator.java:52)
	at org.junit.platform.launcher.core.DefaultLauncher.execute(DefaultLauncher.java:114)
	at org.junit.platform.launcher.core.DefaultLauncher.execute(DefaultLauncher.java:86)
	at org.junit.platform.launcher.core.DefaultLauncherSession$DelegatingLauncher.execute(DefaultLauncherSession.java:86)
	at org.gradle.api.internal.tasks.testing.junitplatform.JUnitPlatformTestClassProcessor$CollectAllTestClassesExecutor.processAllTestClasses(JUnitPlatformTestClassProcessor.java:110)
	at org.gradle.api.internal.tasks.testing.junitplatform.JUnitPlatformTestClassProcessor$CollectAllTestClassesExecutor.access$000(JUnitPlatformTestClassProcessor.java:90)
	at org.gradle.api.internal.tasks.testing.junitplatform.JUnitPlatformTestClassProcessor.stop(JUnitPlatformTestClassProcessor.java:85)
	at org.gradle.api.internal.tasks.testing.SuiteTestClassProcessor.stop(SuiteTestClassProcessor.java:62)
	at java.base/jdk.internal.reflect.NativeMethodAccessorImpl.invoke0(Native Method)
	at java.base/jdk.internal.reflect.NativeMethodAccessorImpl.invoke(NativeMethodAccessorImpl.java:62)
	at java.base/jdk.internal.reflect.DelegatingMethodAccessorImpl.invoke(DelegatingMethodAccessorImpl.java:43)
	at java.base/java.lang.reflect.Method.invoke(Method.java:566)
	at org.gradle.internal.dispatch.ReflectionDispatch.dispatch(ReflectionDispatch.java:36)
	at org.gradle.internal.dispatch.ReflectionDispatch.dispatch(ReflectionDispatch.java:24)
	at org.gradle.internal.dispatch.ContextClassLoaderDispatch.dispatch(ContextClassLoaderDispatch.java:33)
	at org.gradle.internal.dispatch.ProxyDispatchAdapter$DispatchingInvocationHandler.invoke(ProxyDispatchAdapter.java:94)
	at com.sun.proxy.$Proxy5.stop(Unknown Source)
	at org.gradle.api.internal.tasks.testing.worker.TestWorker$3.run(TestWorker.java:193)
	at org.gradle.api.internal.tasks.testing.worker.TestWorker.executeAndMaintainThreadName(TestWorker.java:129)
	at org.gradle.api.internal.tasks.testing.worker.TestWorker.execute(TestWorker.java:100)
	at org.gradle.api.internal.tasks.testing.worker.TestWorker.execute(TestWorker.java:60)
	at org.gradle.process.internal.worker.child.ActionExecutionWorker.execute(ActionExecutionWorker.java:56)
	at org.gradle.process.internal.worker.child.SystemApplicationClassLoaderWorker.call(SystemApplicationClassLoaderWorker.java:113)
	at org.gradle.process.internal.worker.child.SystemApplicationClassLoaderWorker.call(SystemApplicationClassLoaderWorker.java:65)
	at worker.org.gradle.process.internal.worker.GradleWorkerMain.run(GradleWorkerMain.java:69)
	at worker.org.gradle.process.internal.worker.GradleWorkerMain.main(GradleWorkerMain.java:74)
Caused by: UnsolvedSymbolException{context='arg0', name='Solving arg0', cause='null'}
	at com.github.javaparser.symbolsolver.javaparsermodel.TypeExtractor.visit(TypeExtractor.java:335)
	at com.github.javaparser.symbolsolver.javaparsermodel.TypeExtractor.visit(TypeExtractor.java:65)
	at com.github.javaparser.ast.expr.NameExpr.accept(NameExpr.java:79)
	at com.github.javaparser.symbolsolver.javaparsermodel.JavaParserFacade.getTypeConcrete(JavaParserFacade.java:505)
	at com.github.javaparser.symbolsolver.javaparsermodel.JavaParserFacade.getType(JavaParserFacade.java:352)
	at com.github.javaparser.symbolsolver.javaparsermodel.JavaParserFacade.getType(JavaParserFacade.java:334)
	at com.github.javaparser.symbolsolver.JavaSymbolSolver.calculateType(JavaSymbolSolver.java:294)
	at com.github.javaparser.ast.expr.Expression.calculateResolvedType(Expression.java:573)
	at de.uka.ilkd.key.java.JP2KeYVisitor.visit(JP2KeYConverter.java:707)
	at de.uka.ilkd.key.java.JP2KeYVisitor.visit(JP2KeYConverter.java:90)
	at com.github.javaparser.ast.expr.NameExpr.accept(NameExpr.java:79)
	at de.uka.ilkd.key.java.JP2KeYVisitor.lambda$map$1(JP2KeYConverter.java:402)
	at java.base/java.util.stream.ReferencePipeline$3$1.accept(ReferencePipeline.java:195)
	at java.base/java.util.ArrayList$ArrayListSpliterator.forEachRemaining(ArrayList.java:1655)
	at java.base/java.util.stream.AbstractPipeline.copyInto(AbstractPipeline.java:484)
	at java.base/java.util.stream.AbstractPipeline.wrapAndCopyInto(AbstractPipeline.java:474)
	at java.base/java.util.stream.ReduceOps$ReduceOp.evaluateSequential(ReduceOps.java:913)
	at java.base/java.util.stream.AbstractPipeline.evaluate(AbstractPipeline.java:234)
	at java.base/java.util.stream.ReferencePipeline.collect(ReferencePipeline.java:578)
	at de.uka.ilkd.key.java.JP2KeYVisitor.map(JP2KeYConverter.java:403)
	at de.uka.ilkd.key.java.JP2KeYVisitor.visit(JP2KeYConverter.java:506)
	at de.uka.ilkd.key.java.JP2KeYVisitor.visit(JP2KeYConverter.java:90)
	at com.github.javaparser.ast.stmt.ExplicitConstructorInvocationStmt.accept(ExplicitConstructorInvocationStmt.java:96)
	at de.uka.ilkd.key.java.JP2KeYVisitor.lambda$map$1(JP2KeYConverter.java:402)
	at java.base/java.util.stream.ReferencePipeline$3$1.accept(ReferencePipeline.java:195)
	at java.base/java.util.ArrayList$ArrayListSpliterator.forEachRemaining(ArrayList.java:1655)
	at java.base/java.util.stream.AbstractPipeline.copyInto(AbstractPipeline.java:484)
	at java.base/java.util.stream.AbstractPipeline.wrapAndCopyInto(AbstractPipeline.java:474)
	at java.base/java.util.stream.ReduceOps$ReduceOp.evaluateSequential(ReduceOps.java:913)
	at java.base/java.util.stream.AbstractPipeline.evaluate(AbstractPipeline.java:234)
	at java.base/java.util.stream.ReferencePipeline.collect(ReferencePipeline.java:578)
	at de.uka.ilkd.key.java.JP2KeYVisitor.map(JP2KeYConverter.java:403)
	at de.uka.ilkd.key.java.JP2KeYVisitor.visit(JP2KeYConverter.java:258)
	at de.uka.ilkd.key.java.JP2KeYVisitor.visit(JP2KeYConverter.java:90)
	at com.github.javaparser.ast.stmt.BlockStmt.accept(BlockStmt.java:70)
	at de.uka.ilkd.key.java.JP2KeYVisitor.lambda$map$1(JP2KeYConverter.java:402)
	at java.base/java.util.stream.ReferencePipeline$3$1.accept(ReferencePipeline.java:195)
	at java.base/java.util.ArrayList$ArrayListSpliterator.forEachRemaining(ArrayList.java:1655)
	at java.base/java.util.stream.AbstractPipeline.copyInto(AbstractPipeline.java:484)
	at java.base/java.util.stream.AbstractPipeline.wrapAndCopyInto(AbstractPipeline.java:474)
	at java.base/java.util.stream.ReduceOps$ReduceOp.evaluateSequential(ReduceOps.java:913)
	at java.base/java.util.stream.AbstractPipeline.evaluate(AbstractPipeline.java:234)
	at java.base/java.util.stream.ReferencePipeline.collect(ReferencePipeline.java:578)
	at de.uka.ilkd.key.java.JP2KeYVisitor.map(JP2KeYConverter.java:403)
	at de.uka.ilkd.key.java.JP2KeYVisitor.visit(JP2KeYConverter.java:258)
	at de.uka.ilkd.key.java.JP2KeYVisitor.visit(JP2KeYConverter.java:90)
	at com.github.javaparser.ast.stmt.BlockStmt.accept(BlockStmt.java:70)
	at de.uka.ilkd.key.java.JP2KeYVisitor.accept(JP2KeYConverter.java:348)
	at de.uka.ilkd.key.java.JP2KeYVisitor.visit(JP2KeYConverter.java:946)
	at de.uka.ilkd.key.java.JP2KeYVisitor.visit(JP2KeYConverter.java:90)
	at com.github.javaparser.ast.stmt.TryStmt.accept(TryStmt.java:135)
	at de.uka.ilkd.key.java.JP2KeYVisitor.lambda$map$1(JP2KeYConverter.java:402)
	at java.base/java.util.stream.ReferencePipeline$3$1.accept(ReferencePipeline.java:195)
	at java.base/java.util.ArrayList$ArrayListSpliterator.forEachRemaining(ArrayList.java:1655)
	at java.base/java.util.stream.AbstractPipeline.copyInto(AbstractPipeline.java:484)
	at java.base/java.util.stream.AbstractPipeline.wrapAndCopyInto(AbstractPipeline.java:474)
	at java.base/java.util.stream.ReduceOps$ReduceOp.evaluateSequential(ReduceOps.java:913)
	at java.base/java.util.stream.AbstractPipeline.evaluate(AbstractPipeline.java:234)
	at java.base/java.util.stream.ReferencePipeline.collect(ReferencePipeline.java:578)
	at de.uka.ilkd.key.java.JP2KeYVisitor.map(JP2KeYConverter.java:403)
	at de.uka.ilkd.key.java.JP2KeYVisitor.visit(JP2KeYConverter.java:258)
	at de.uka.ilkd.key.java.JP2KeYVisitor.visit(JP2KeYConverter.java:90)
	at com.github.javaparser.ast.stmt.BlockStmt.accept(BlockStmt.java:70)
	at de.uka.ilkd.key.java.JP2KeYVisitor.accept(JP2KeYConverter.java:348)
	at de.uka.ilkd.key.java.JP2KeYVisitor.visit(JP2KeYConverter.java:609)
	at de.uka.ilkd.key.java.JP2KeYVisitor.visit(JP2KeYConverter.java:90)
	at com.github.javaparser.ast.stmt.IfStmt.accept(IfStmt.java:82)
	at de.uka.ilkd.key.java.JP2KeYVisitor.lambda$map$1(JP2KeYConverter.java:402)
	at java.base/java.util.stream.ReferencePipeline$3$1.accept(ReferencePipeline.java:195)
	at java.base/java.util.ArrayList$ArrayListSpliterator.forEachRemaining(ArrayList.java:1655)
	at java.base/java.util.stream.AbstractPipeline.copyInto(AbstractPipeline.java:484)
	at java.base/java.util.stream.AbstractPipeline.wrapAndCopyInto(AbstractPipeline.java:474)
	at java.base/java.util.stream.ReduceOps$ReduceOp.evaluateSequential(ReduceOps.java:913)
	at java.base/java.util.stream.AbstractPipeline.evaluate(AbstractPipeline.java:234)
	at java.base/java.util.stream.ReferencePipeline.collect(ReferencePipeline.java:578)
	at de.uka.ilkd.key.java.JP2KeYVisitor.map(JP2KeYConverter.java:403)
	at de.uka.ilkd.key.java.JP2KeYVisitor.visit(JP2KeYConverter.java:258)
	at de.uka.ilkd.key.java.JP2KeYVisitor.visit(JP2KeYConverter.java:90)
	at com.github.javaparser.ast.stmt.BlockStmt.accept(BlockStmt.java:70)
	at de.uka.ilkd.key.java.JP2KeYVisitor.accept(JP2KeYConverter.java:348)
	at de.uka.ilkd.key.java.JP2KeYVisitor.visit(JP2KeYConverter.java:609)
	at de.uka.ilkd.key.java.JP2KeYVisitor.visit(JP2KeYConverter.java:90)
	at com.github.javaparser.ast.stmt.IfStmt.accept(IfStmt.java:82)
	at de.uka.ilkd.key.java.JP2KeYVisitor.lambda$map$1(JP2KeYConverter.java:402)
	at java.base/java.util.stream.ReferencePipeline$3$1.accept(ReferencePipeline.java:195)
	at java.base/java.util.ArrayList$ArrayListSpliterator.forEachRemaining(ArrayList.java:1655)
	at java.base/java.util.stream.AbstractPipeline.copyInto(AbstractPipeline.java:484)
	at java.base/java.util.stream.AbstractPipeline.wrapAndCopyInto(AbstractPipeline.java:474)
	at java.base/java.util.stream.ReduceOps$ReduceOp.evaluateSequential(ReduceOps.java:913)
	at java.base/java.util.stream.AbstractPipeline.evaluate(AbstractPipeline.java:234)
	at java.base/java.util.stream.ReferencePipeline.collect(ReferencePipeline.java:578)
	at de.uka.ilkd.key.java.JP2KeYVisitor.map(JP2KeYConverter.java:403)
	at de.uka.ilkd.key.java.JP2KeYVisitor.visit(JP2KeYConverter.java:258)
	at de.uka.ilkd.key.java.JP2KeYVisitor.visit(JP2KeYConverter.java:90)
	at com.github.javaparser.ast.stmt.BlockStmt.accept(BlockStmt.java:70)
	at de.uka.ilkd.key.java.JP2KeYVisitor.accept(JP2KeYConverter.java:348)
	at de.uka.ilkd.key.java.JP2KeYVisitor.accepto(JP2KeYConverter.java:418)
	at de.uka.ilkd.key.java.JP2KeYVisitor.visit(JP2KeYConverter.java:688)
	at de.uka.ilkd.key.java.JP2KeYVisitor.visit(JP2KeYConverter.java:90)
	at com.github.javaparser.ast.body.MethodDeclaration.accept(MethodDeclaration.java:98)
	at de.uka.ilkd.key.java.JP2KeYVisitor.lambda$map$1(JP2KeYConverter.java:402)
	at java.base/java.util.stream.ReferencePipeline$3$1.accept(ReferencePipeline.java:195)
	at java.base/java.util.ArrayList$ArrayListSpliterator.forEachRemaining(ArrayList.java:1655)
	at java.base/java.util.stream.AbstractPipeline.copyInto(AbstractPipeline.java:484)
	at java.base/java.util.stream.AbstractPipeline.wrapAndCopyInto(AbstractPipeline.java:474)
	at java.base/java.util.stream.ReduceOps$ReduceOp.evaluateSequential(ReduceOps.java:913)
	at java.base/java.util.stream.AbstractPipeline.evaluate(AbstractPipeline.java:234)
	at java.base/java.util.stream.ReferencePipeline.collect(ReferencePipeline.java:578)
	at de.uka.ilkd.key.java.JP2KeYVisitor.map(JP2KeYConverter.java:403)
	at de.uka.ilkd.key.java.JP2KeYVisitor.visit(JP2KeYConverter.java:310)
	at de.uka.ilkd.key.java.JP2KeYVisitor.visit(JP2KeYConverter.java:90)
	at com.github.javaparser.ast.body.ClassOrInterfaceDeclaration.accept(ClassOrInterfaceDeclaration.java:95)
	at de.uka.ilkd.key.java.JP2KeYVisitor.lambda$map$1(JP2KeYConverter.java:402)
	at java.base/java.util.stream.ReferencePipeline$3$1.accept(ReferencePipeline.java:195)
	at java.base/java.util.ArrayList$ArrayListSpliterator.forEachRemaining(ArrayList.java:1655)
	at java.base/java.util.stream.AbstractPipeline.copyInto(AbstractPipeline.java:484)
	at java.base/java.util.stream.AbstractPipeline.wrapAndCopyInto(AbstractPipeline.java:474)
	at java.base/java.util.stream.ReduceOps$ReduceOp.evaluateSequential(ReduceOps.java:913)
	at java.base/java.util.stream.AbstractPipeline.evaluate(AbstractPipeline.java:234)
	at java.base/java.util.stream.ReferencePipeline.collect(ReferencePipeline.java:578)
	at de.uka.ilkd.key.java.JP2KeYVisitor.map(JP2KeYConverter.java:403)
	at de.uka.ilkd.key.java.JP2KeYVisitor.visit(JP2KeYConverter.java:393)
	at de.uka.ilkd.key.java.JP2KeYVisitor.visit(JP2KeYConverter.java:90)
	at com.github.javaparser.ast.CompilationUnit.accept(CompilationUnit.java:124)
	at de.uka.ilkd.key.java.JP2KeYConverter.process(JP2KeYConverter.java:84)
	at de.uka.ilkd.key.java.JP2KeYConverter.processCompilationUnit(JP2KeYConverter.java:80)
	at de.uka.ilkd.key.java.JavaService.parseLibraryClasses0(JavaService.java:536)
	at de.uka.ilkd.key.java.JavaService.parseSpecialClasses(JavaService.java:511)
	at de.uka.ilkd.key.proof.init.ProblemInitializer.readJava(ProblemInitializer.java:280)
	at de.uka.ilkd.key.proof.init.ProblemInitializer.prepare(ProblemInitializer.java:529)
	at de.uka.ilkd.key.proof.init.ProblemInitializer.prepare(ProblemInitializer.java:471)
	at de.uka.ilkd.key.rule.TacletForTests.parse(TacletForTests.java:80)
	... 89 more
</failure>
  </testcase>
  <testcase name="testBindingUpdateTerm_4()" classname="de.uka.ilkd.key.parser.TestTermParser" time="0.001">
    <failure message="java.lang.RuntimeException: Exception occurred while parsing src\test\resources\testcase\testrules.key" type="java.lang.RuntimeException">java.lang.RuntimeException: Exception occurred while parsing src\test\resources\testcase\testrules.key
	at de.uka.ilkd.key.rule.TacletForTests.parse(TacletForTests.java:89)
	at de.uka.ilkd.key.rule.TacletForTests.parse(TacletForTests.java:125)
	at de.uka.ilkd.key.rule.TacletForTests.parse(TacletForTests.java:129)
	at de.uka.ilkd.key.rule.TacletForTests.services(TacletForTests.java:102)
	at de.uka.ilkd.key.parser.TestTermParser.getServices(TestTermParser.java:42)
	at de.uka.ilkd.key.parser.AbstractTestTermParser.&lt;init&gt;(AbstractTestTermParser.java:35)
	at de.uka.ilkd.key.parser.TestTermParser.&lt;init&gt;(TestTermParser.java:34)
	at jdk.internal.reflect.GeneratedConstructorAccessor17.newInstance(Unknown Source)
	at java.base/jdk.internal.reflect.DelegatingConstructorAccessorImpl.newInstance(DelegatingConstructorAccessorImpl.java:45)
	at java.base/java.lang.reflect.Constructor.newInstance(Constructor.java:490)
	at org.junit.platform.commons.util.ReflectionUtils.newInstance(ReflectionUtils.java:552)
	at org.junit.jupiter.engine.execution.ConstructorInvocation.proceed(ConstructorInvocation.java:56)
	at org.junit.jupiter.engine.execution.InvocationInterceptorChain$ValidatingInvocation.proceed(InvocationInterceptorChain.java:131)
	at org.junit.jupiter.api.extension.InvocationInterceptor.interceptTestClassConstructor(InvocationInterceptor.java:73)
	at org.junit.jupiter.engine.execution.InterceptingExecutableInvoker.lambda$invoke$0(InterceptingExecutableInvoker.java:93)
	at org.junit.jupiter.engine.execution.InvocationInterceptorChain$InterceptedInvocation.proceed(InvocationInterceptorChain.java:106)
	at org.junit.jupiter.engine.execution.InvocationInterceptorChain.proceed(InvocationInterceptorChain.java:64)
	at org.junit.jupiter.engine.execution.InvocationInterceptorChain.chainAndInvoke(InvocationInterceptorChain.java:45)
	at org.junit.jupiter.engine.execution.InvocationInterceptorChain.invoke(InvocationInterceptorChain.java:37)
	at org.junit.jupiter.engine.execution.InterceptingExecutableInvoker.invoke(InterceptingExecutableInvoker.java:92)
	at org.junit.jupiter.engine.execution.InterceptingExecutableInvoker.invoke(InterceptingExecutableInvoker.java:62)
	at org.junit.jupiter.engine.descriptor.ClassBasedTestDescriptor.invokeTestClassConstructor(ClassBasedTestDescriptor.java:363)
	at org.junit.jupiter.engine.descriptor.ClassBasedTestDescriptor.instantiateTestClass(ClassBasedTestDescriptor.java:310)
	at org.junit.jupiter.engine.descriptor.ClassTestDescriptor.instantiateTestClass(ClassTestDescriptor.java:79)
	at org.junit.jupiter.engine.descriptor.ClassBasedTestDescriptor.instantiateAndPostProcessTestInstance(ClassBasedTestDescriptor.java:286)
	at org.junit.jupiter.engine.descriptor.ClassBasedTestDescriptor.lambda$testInstancesProvider$4(ClassBasedTestDescriptor.java:278)
	at java.base/java.util.Optional.orElseGet(Optional.java:369)
	at org.junit.jupiter.engine.descriptor.ClassBasedTestDescriptor.lambda$testInstancesProvider$5(ClassBasedTestDescriptor.java:277)
	at org.junit.jupiter.engine.execution.TestInstancesProvider.getTestInstances(TestInstancesProvider.java:31)
	at org.junit.jupiter.engine.descriptor.TestMethodTestDescriptor.lambda$prepare$0(TestMethodTestDescriptor.java:105)
	at org.junit.platform.engine.support.hierarchical.ThrowableCollector.execute(ThrowableCollector.java:73)
	at org.junit.jupiter.engine.descriptor.TestMethodTestDescriptor.prepare(TestMethodTestDescriptor.java:104)
	at org.junit.jupiter.engine.descriptor.TestMethodTestDescriptor.prepare(TestMethodTestDescriptor.java:68)
	at org.junit.platform.engine.support.hierarchical.NodeTestTask.lambda$prepare$2(NodeTestTask.java:123)
	at org.junit.platform.engine.support.hierarchical.ThrowableCollector.execute(ThrowableCollector.java:73)
	at org.junit.platform.engine.support.hierarchical.NodeTestTask.prepare(NodeTestTask.java:123)
	at org.junit.platform.engine.support.hierarchical.NodeTestTask.execute(NodeTestTask.java:90)
	at java.base/java.util.ArrayList.forEach(ArrayList.java:1541)
	at org.junit.platform.engine.support.hierarchical.SameThreadHierarchicalTestExecutorService.invokeAll(SameThreadHierarchicalTestExecutorService.java:41)
	at org.junit.platform.engine.support.hierarchical.NodeTestTask.lambda$executeRecursively$6(NodeTestTask.java:155)
	at org.junit.platform.engine.support.hierarchical.ThrowableCollector.execute(ThrowableCollector.java:73)
	at org.junit.platform.engine.support.hierarchical.NodeTestTask.lambda$executeRecursively$8(NodeTestTask.java:141)
	at org.junit.platform.engine.support.hierarchical.Node.around(Node.java:137)
	at org.junit.platform.engine.support.hierarchical.NodeTestTask.lambda$executeRecursively$9(NodeTestTask.java:139)
	at org.junit.platform.engine.support.hierarchical.ThrowableCollector.execute(ThrowableCollector.java:73)
	at org.junit.platform.engine.support.hierarchical.NodeTestTask.executeRecursively(NodeTestTask.java:138)
	at org.junit.platform.engine.support.hierarchical.NodeTestTask.execute(NodeTestTask.java:95)
	at java.base/java.util.ArrayList.forEach(ArrayList.java:1541)
	at org.junit.platform.engine.support.hierarchical.SameThreadHierarchicalTestExecutorService.invokeAll(SameThreadHierarchicalTestExecutorService.java:41)
	at org.junit.platform.engine.support.hierarchical.NodeTestTask.lambda$executeRecursively$6(NodeTestTask.java:155)
	at org.junit.platform.engine.support.hierarchical.ThrowableCollector.execute(ThrowableCollector.java:73)
	at org.junit.platform.engine.support.hierarchical.NodeTestTask.lambda$executeRecursively$8(NodeTestTask.java:141)
	at org.junit.platform.engine.support.hierarchical.Node.around(Node.java:137)
	at org.junit.platform.engine.support.hierarchical.NodeTestTask.lambda$executeRecursively$9(NodeTestTask.java:139)
	at org.junit.platform.engine.support.hierarchical.ThrowableCollector.execute(ThrowableCollector.java:73)
	at org.junit.platform.engine.support.hierarchical.NodeTestTask.executeRecursively(NodeTestTask.java:138)
	at org.junit.platform.engine.support.hierarchical.NodeTestTask.execute(NodeTestTask.java:95)
	at org.junit.platform.engine.support.hierarchical.SameThreadHierarchicalTestExecutorService.submit(SameThreadHierarchicalTestExecutorService.java:35)
	at org.junit.platform.engine.support.hierarchical.HierarchicalTestExecutor.execute(HierarchicalTestExecutor.java:57)
	at org.junit.platform.engine.support.hierarchical.HierarchicalTestEngine.execute(HierarchicalTestEngine.java:54)
	at org.junit.platform.launcher.core.EngineExecutionOrchestrator.execute(EngineExecutionOrchestrator.java:107)
	at org.junit.platform.launcher.core.EngineExecutionOrchestrator.execute(EngineExecutionOrchestrator.java:88)
	at org.junit.platform.launcher.core.EngineExecutionOrchestrator.lambda$execute$0(EngineExecutionOrchestrator.java:54)
	at org.junit.platform.launcher.core.EngineExecutionOrchestrator.withInterceptedStreams(EngineExecutionOrchestrator.java:67)
	at org.junit.platform.launcher.core.EngineExecutionOrchestrator.execute(EngineExecutionOrchestrator.java:52)
	at org.junit.platform.launcher.core.DefaultLauncher.execute(DefaultLauncher.java:114)
	at org.junit.platform.launcher.core.DefaultLauncher.execute(DefaultLauncher.java:86)
	at org.junit.platform.launcher.core.DefaultLauncherSession$DelegatingLauncher.execute(DefaultLauncherSession.java:86)
	at org.gradle.api.internal.tasks.testing.junitplatform.JUnitPlatformTestClassProcessor$CollectAllTestClassesExecutor.processAllTestClasses(JUnitPlatformTestClassProcessor.java:110)
	at org.gradle.api.internal.tasks.testing.junitplatform.JUnitPlatformTestClassProcessor$CollectAllTestClassesExecutor.access$000(JUnitPlatformTestClassProcessor.java:90)
	at org.gradle.api.internal.tasks.testing.junitplatform.JUnitPlatformTestClassProcessor.stop(JUnitPlatformTestClassProcessor.java:85)
	at org.gradle.api.internal.tasks.testing.SuiteTestClassProcessor.stop(SuiteTestClassProcessor.java:62)
	at java.base/jdk.internal.reflect.NativeMethodAccessorImpl.invoke0(Native Method)
	at java.base/jdk.internal.reflect.NativeMethodAccessorImpl.invoke(NativeMethodAccessorImpl.java:62)
	at java.base/jdk.internal.reflect.DelegatingMethodAccessorImpl.invoke(DelegatingMethodAccessorImpl.java:43)
	at java.base/java.lang.reflect.Method.invoke(Method.java:566)
	at org.gradle.internal.dispatch.ReflectionDispatch.dispatch(ReflectionDispatch.java:36)
	at org.gradle.internal.dispatch.ReflectionDispatch.dispatch(ReflectionDispatch.java:24)
	at org.gradle.internal.dispatch.ContextClassLoaderDispatch.dispatch(ContextClassLoaderDispatch.java:33)
	at org.gradle.internal.dispatch.ProxyDispatchAdapter$DispatchingInvocationHandler.invoke(ProxyDispatchAdapter.java:94)
	at com.sun.proxy.$Proxy5.stop(Unknown Source)
	at org.gradle.api.internal.tasks.testing.worker.TestWorker$3.run(TestWorker.java:193)
	at org.gradle.api.internal.tasks.testing.worker.TestWorker.executeAndMaintainThreadName(TestWorker.java:129)
	at org.gradle.api.internal.tasks.testing.worker.TestWorker.execute(TestWorker.java:100)
	at org.gradle.api.internal.tasks.testing.worker.TestWorker.execute(TestWorker.java:60)
	at org.gradle.process.internal.worker.child.ActionExecutionWorker.execute(ActionExecutionWorker.java:56)
	at org.gradle.process.internal.worker.child.SystemApplicationClassLoaderWorker.call(SystemApplicationClassLoaderWorker.java:113)
	at org.gradle.process.internal.worker.child.SystemApplicationClassLoaderWorker.call(SystemApplicationClassLoaderWorker.java:65)
	at worker.org.gradle.process.internal.worker.GradleWorkerMain.run(GradleWorkerMain.java:69)
	at worker.org.gradle.process.internal.worker.GradleWorkerMain.main(GradleWorkerMain.java:74)
Caused by: UnsolvedSymbolException{context='arg0', name='Solving arg0', cause='null'}
	at com.github.javaparser.symbolsolver.javaparsermodel.TypeExtractor.visit(TypeExtractor.java:335)
	at com.github.javaparser.symbolsolver.javaparsermodel.TypeExtractor.visit(TypeExtractor.java:65)
	at com.github.javaparser.ast.expr.NameExpr.accept(NameExpr.java:79)
	at com.github.javaparser.symbolsolver.javaparsermodel.JavaParserFacade.getTypeConcrete(JavaParserFacade.java:505)
	at com.github.javaparser.symbolsolver.javaparsermodel.JavaParserFacade.getType(JavaParserFacade.java:352)
	at com.github.javaparser.symbolsolver.javaparsermodel.JavaParserFacade.getType(JavaParserFacade.java:334)
	at com.github.javaparser.symbolsolver.JavaSymbolSolver.calculateType(JavaSymbolSolver.java:294)
	at com.github.javaparser.ast.expr.Expression.calculateResolvedType(Expression.java:573)
	at de.uka.ilkd.key.java.JP2KeYVisitor.visit(JP2KeYConverter.java:707)
	at de.uka.ilkd.key.java.JP2KeYVisitor.visit(JP2KeYConverter.java:90)
	at com.github.javaparser.ast.expr.NameExpr.accept(NameExpr.java:79)
	at de.uka.ilkd.key.java.JP2KeYVisitor.lambda$map$1(JP2KeYConverter.java:402)
	at java.base/java.util.stream.ReferencePipeline$3$1.accept(ReferencePipeline.java:195)
	at java.base/java.util.ArrayList$ArrayListSpliterator.forEachRemaining(ArrayList.java:1655)
	at java.base/java.util.stream.AbstractPipeline.copyInto(AbstractPipeline.java:484)
	at java.base/java.util.stream.AbstractPipeline.wrapAndCopyInto(AbstractPipeline.java:474)
	at java.base/java.util.stream.ReduceOps$ReduceOp.evaluateSequential(ReduceOps.java:913)
	at java.base/java.util.stream.AbstractPipeline.evaluate(AbstractPipeline.java:234)
	at java.base/java.util.stream.ReferencePipeline.collect(ReferencePipeline.java:578)
	at de.uka.ilkd.key.java.JP2KeYVisitor.map(JP2KeYConverter.java:403)
	at de.uka.ilkd.key.java.JP2KeYVisitor.visit(JP2KeYConverter.java:506)
	at de.uka.ilkd.key.java.JP2KeYVisitor.visit(JP2KeYConverter.java:90)
	at com.github.javaparser.ast.stmt.ExplicitConstructorInvocationStmt.accept(ExplicitConstructorInvocationStmt.java:96)
	at de.uka.ilkd.key.java.JP2KeYVisitor.lambda$map$1(JP2KeYConverter.java:402)
	at java.base/java.util.stream.ReferencePipeline$3$1.accept(ReferencePipeline.java:195)
	at java.base/java.util.ArrayList$ArrayListSpliterator.forEachRemaining(ArrayList.java:1655)
	at java.base/java.util.stream.AbstractPipeline.copyInto(AbstractPipeline.java:484)
	at java.base/java.util.stream.AbstractPipeline.wrapAndCopyInto(AbstractPipeline.java:474)
	at java.base/java.util.stream.ReduceOps$ReduceOp.evaluateSequential(ReduceOps.java:913)
	at java.base/java.util.stream.AbstractPipeline.evaluate(AbstractPipeline.java:234)
	at java.base/java.util.stream.ReferencePipeline.collect(ReferencePipeline.java:578)
	at de.uka.ilkd.key.java.JP2KeYVisitor.map(JP2KeYConverter.java:403)
	at de.uka.ilkd.key.java.JP2KeYVisitor.visit(JP2KeYConverter.java:258)
	at de.uka.ilkd.key.java.JP2KeYVisitor.visit(JP2KeYConverter.java:90)
	at com.github.javaparser.ast.stmt.BlockStmt.accept(BlockStmt.java:70)
	at de.uka.ilkd.key.java.JP2KeYVisitor.lambda$map$1(JP2KeYConverter.java:402)
	at java.base/java.util.stream.ReferencePipeline$3$1.accept(ReferencePipeline.java:195)
	at java.base/java.util.ArrayList$ArrayListSpliterator.forEachRemaining(ArrayList.java:1655)
	at java.base/java.util.stream.AbstractPipeline.copyInto(AbstractPipeline.java:484)
	at java.base/java.util.stream.AbstractPipeline.wrapAndCopyInto(AbstractPipeline.java:474)
	at java.base/java.util.stream.ReduceOps$ReduceOp.evaluateSequential(ReduceOps.java:913)
	at java.base/java.util.stream.AbstractPipeline.evaluate(AbstractPipeline.java:234)
	at java.base/java.util.stream.ReferencePipeline.collect(ReferencePipeline.java:578)
	at de.uka.ilkd.key.java.JP2KeYVisitor.map(JP2KeYConverter.java:403)
	at de.uka.ilkd.key.java.JP2KeYVisitor.visit(JP2KeYConverter.java:258)
	at de.uka.ilkd.key.java.JP2KeYVisitor.visit(JP2KeYConverter.java:90)
	at com.github.javaparser.ast.stmt.BlockStmt.accept(BlockStmt.java:70)
	at de.uka.ilkd.key.java.JP2KeYVisitor.accept(JP2KeYConverter.java:348)
	at de.uka.ilkd.key.java.JP2KeYVisitor.visit(JP2KeYConverter.java:946)
	at de.uka.ilkd.key.java.JP2KeYVisitor.visit(JP2KeYConverter.java:90)
	at com.github.javaparser.ast.stmt.TryStmt.accept(TryStmt.java:135)
	at de.uka.ilkd.key.java.JP2KeYVisitor.lambda$map$1(JP2KeYConverter.java:402)
	at java.base/java.util.stream.ReferencePipeline$3$1.accept(ReferencePipeline.java:195)
	at java.base/java.util.ArrayList$ArrayListSpliterator.forEachRemaining(ArrayList.java:1655)
	at java.base/java.util.stream.AbstractPipeline.copyInto(AbstractPipeline.java:484)
	at java.base/java.util.stream.AbstractPipeline.wrapAndCopyInto(AbstractPipeline.java:474)
	at java.base/java.util.stream.ReduceOps$ReduceOp.evaluateSequential(ReduceOps.java:913)
	at java.base/java.util.stream.AbstractPipeline.evaluate(AbstractPipeline.java:234)
	at java.base/java.util.stream.ReferencePipeline.collect(ReferencePipeline.java:578)
	at de.uka.ilkd.key.java.JP2KeYVisitor.map(JP2KeYConverter.java:403)
	at de.uka.ilkd.key.java.JP2KeYVisitor.visit(JP2KeYConverter.java:258)
	at de.uka.ilkd.key.java.JP2KeYVisitor.visit(JP2KeYConverter.java:90)
	at com.github.javaparser.ast.stmt.BlockStmt.accept(BlockStmt.java:70)
	at de.uka.ilkd.key.java.JP2KeYVisitor.accept(JP2KeYConverter.java:348)
	at de.uka.ilkd.key.java.JP2KeYVisitor.visit(JP2KeYConverter.java:609)
	at de.uka.ilkd.key.java.JP2KeYVisitor.visit(JP2KeYConverter.java:90)
	at com.github.javaparser.ast.stmt.IfStmt.accept(IfStmt.java:82)
	at de.uka.ilkd.key.java.JP2KeYVisitor.lambda$map$1(JP2KeYConverter.java:402)
	at java.base/java.util.stream.ReferencePipeline$3$1.accept(ReferencePipeline.java:195)
	at java.base/java.util.ArrayList$ArrayListSpliterator.forEachRemaining(ArrayList.java:1655)
	at java.base/java.util.stream.AbstractPipeline.copyInto(AbstractPipeline.java:484)
	at java.base/java.util.stream.AbstractPipeline.wrapAndCopyInto(AbstractPipeline.java:474)
	at java.base/java.util.stream.ReduceOps$ReduceOp.evaluateSequential(ReduceOps.java:913)
	at java.base/java.util.stream.AbstractPipeline.evaluate(AbstractPipeline.java:234)
	at java.base/java.util.stream.ReferencePipeline.collect(ReferencePipeline.java:578)
	at de.uka.ilkd.key.java.JP2KeYVisitor.map(JP2KeYConverter.java:403)
	at de.uka.ilkd.key.java.JP2KeYVisitor.visit(JP2KeYConverter.java:258)
	at de.uka.ilkd.key.java.JP2KeYVisitor.visit(JP2KeYConverter.java:90)
	at com.github.javaparser.ast.stmt.BlockStmt.accept(BlockStmt.java:70)
	at de.uka.ilkd.key.java.JP2KeYVisitor.accept(JP2KeYConverter.java:348)
	at de.uka.ilkd.key.java.JP2KeYVisitor.visit(JP2KeYConverter.java:609)
	at de.uka.ilkd.key.java.JP2KeYVisitor.visit(JP2KeYConverter.java:90)
	at com.github.javaparser.ast.stmt.IfStmt.accept(IfStmt.java:82)
	at de.uka.ilkd.key.java.JP2KeYVisitor.lambda$map$1(JP2KeYConverter.java:402)
	at java.base/java.util.stream.ReferencePipeline$3$1.accept(ReferencePipeline.java:195)
	at java.base/java.util.ArrayList$ArrayListSpliterator.forEachRemaining(ArrayList.java:1655)
	at java.base/java.util.stream.AbstractPipeline.copyInto(AbstractPipeline.java:484)
	at java.base/java.util.stream.AbstractPipeline.wrapAndCopyInto(AbstractPipeline.java:474)
	at java.base/java.util.stream.ReduceOps$ReduceOp.evaluateSequential(ReduceOps.java:913)
	at java.base/java.util.stream.AbstractPipeline.evaluate(AbstractPipeline.java:234)
	at java.base/java.util.stream.ReferencePipeline.collect(ReferencePipeline.java:578)
	at de.uka.ilkd.key.java.JP2KeYVisitor.map(JP2KeYConverter.java:403)
	at de.uka.ilkd.key.java.JP2KeYVisitor.visit(JP2KeYConverter.java:258)
	at de.uka.ilkd.key.java.JP2KeYVisitor.visit(JP2KeYConverter.java:90)
	at com.github.javaparser.ast.stmt.BlockStmt.accept(BlockStmt.java:70)
	at de.uka.ilkd.key.java.JP2KeYVisitor.accept(JP2KeYConverter.java:348)
	at de.uka.ilkd.key.java.JP2KeYVisitor.accepto(JP2KeYConverter.java:418)
	at de.uka.ilkd.key.java.JP2KeYVisitor.visit(JP2KeYConverter.java:688)
	at de.uka.ilkd.key.java.JP2KeYVisitor.visit(JP2KeYConverter.java:90)
	at com.github.javaparser.ast.body.MethodDeclaration.accept(MethodDeclaration.java:98)
	at de.uka.ilkd.key.java.JP2KeYVisitor.lambda$map$1(JP2KeYConverter.java:402)
	at java.base/java.util.stream.ReferencePipeline$3$1.accept(ReferencePipeline.java:195)
	at java.base/java.util.ArrayList$ArrayListSpliterator.forEachRemaining(ArrayList.java:1655)
	at java.base/java.util.stream.AbstractPipeline.copyInto(AbstractPipeline.java:484)
	at java.base/java.util.stream.AbstractPipeline.wrapAndCopyInto(AbstractPipeline.java:474)
	at java.base/java.util.stream.ReduceOps$ReduceOp.evaluateSequential(ReduceOps.java:913)
	at java.base/java.util.stream.AbstractPipeline.evaluate(AbstractPipeline.java:234)
	at java.base/java.util.stream.ReferencePipeline.collect(ReferencePipeline.java:578)
	at de.uka.ilkd.key.java.JP2KeYVisitor.map(JP2KeYConverter.java:403)
	at de.uka.ilkd.key.java.JP2KeYVisitor.visit(JP2KeYConverter.java:310)
	at de.uka.ilkd.key.java.JP2KeYVisitor.visit(JP2KeYConverter.java:90)
	at com.github.javaparser.ast.body.ClassOrInterfaceDeclaration.accept(ClassOrInterfaceDeclaration.java:95)
	at de.uka.ilkd.key.java.JP2KeYVisitor.lambda$map$1(JP2KeYConverter.java:402)
	at java.base/java.util.stream.ReferencePipeline$3$1.accept(ReferencePipeline.java:195)
	at java.base/java.util.ArrayList$ArrayListSpliterator.forEachRemaining(ArrayList.java:1655)
	at java.base/java.util.stream.AbstractPipeline.copyInto(AbstractPipeline.java:484)
	at java.base/java.util.stream.AbstractPipeline.wrapAndCopyInto(AbstractPipeline.java:474)
	at java.base/java.util.stream.ReduceOps$ReduceOp.evaluateSequential(ReduceOps.java:913)
	at java.base/java.util.stream.AbstractPipeline.evaluate(AbstractPipeline.java:234)
	at java.base/java.util.stream.ReferencePipeline.collect(ReferencePipeline.java:578)
	at de.uka.ilkd.key.java.JP2KeYVisitor.map(JP2KeYConverter.java:403)
	at de.uka.ilkd.key.java.JP2KeYVisitor.visit(JP2KeYConverter.java:393)
	at de.uka.ilkd.key.java.JP2KeYVisitor.visit(JP2KeYConverter.java:90)
	at com.github.javaparser.ast.CompilationUnit.accept(CompilationUnit.java:124)
	at de.uka.ilkd.key.java.JP2KeYConverter.process(JP2KeYConverter.java:84)
	at de.uka.ilkd.key.java.JP2KeYConverter.processCompilationUnit(JP2KeYConverter.java:80)
	at de.uka.ilkd.key.java.JavaService.parseLibraryClasses0(JavaService.java:536)
	at de.uka.ilkd.key.java.JavaService.parseSpecialClasses(JavaService.java:511)
	at de.uka.ilkd.key.proof.init.ProblemInitializer.readJava(ProblemInitializer.java:280)
	at de.uka.ilkd.key.proof.init.ProblemInitializer.prepare(ProblemInitializer.java:529)
	at de.uka.ilkd.key.proof.init.ProblemInitializer.prepare(ProblemInitializer.java:471)
	at de.uka.ilkd.key.rule.TacletForTests.parse(TacletForTests.java:80)
	... 89 more
</failure>
  </testcase>
  <testcase name="testBindingUpdateTerm_5()" classname="de.uka.ilkd.key.parser.TestTermParser" time="0.001">
    <failure message="java.lang.RuntimeException: Exception occurred while parsing src\test\resources\testcase\testrules.key" type="java.lang.RuntimeException">java.lang.RuntimeException: Exception occurred while parsing src\test\resources\testcase\testrules.key
	at de.uka.ilkd.key.rule.TacletForTests.parse(TacletForTests.java:89)
	at de.uka.ilkd.key.rule.TacletForTests.parse(TacletForTests.java:125)
	at de.uka.ilkd.key.rule.TacletForTests.parse(TacletForTests.java:129)
	at de.uka.ilkd.key.rule.TacletForTests.services(TacletForTests.java:102)
	at de.uka.ilkd.key.parser.TestTermParser.getServices(TestTermParser.java:42)
	at de.uka.ilkd.key.parser.AbstractTestTermParser.&lt;init&gt;(AbstractTestTermParser.java:35)
	at de.uka.ilkd.key.parser.TestTermParser.&lt;init&gt;(TestTermParser.java:34)
	at jdk.internal.reflect.GeneratedConstructorAccessor17.newInstance(Unknown Source)
	at java.base/jdk.internal.reflect.DelegatingConstructorAccessorImpl.newInstance(DelegatingConstructorAccessorImpl.java:45)
	at java.base/java.lang.reflect.Constructor.newInstance(Constructor.java:490)
	at org.junit.platform.commons.util.ReflectionUtils.newInstance(ReflectionUtils.java:552)
	at org.junit.jupiter.engine.execution.ConstructorInvocation.proceed(ConstructorInvocation.java:56)
	at org.junit.jupiter.engine.execution.InvocationInterceptorChain$ValidatingInvocation.proceed(InvocationInterceptorChain.java:131)
	at org.junit.jupiter.api.extension.InvocationInterceptor.interceptTestClassConstructor(InvocationInterceptor.java:73)
	at org.junit.jupiter.engine.execution.InterceptingExecutableInvoker.lambda$invoke$0(InterceptingExecutableInvoker.java:93)
	at org.junit.jupiter.engine.execution.InvocationInterceptorChain$InterceptedInvocation.proceed(InvocationInterceptorChain.java:106)
	at org.junit.jupiter.engine.execution.InvocationInterceptorChain.proceed(InvocationInterceptorChain.java:64)
	at org.junit.jupiter.engine.execution.InvocationInterceptorChain.chainAndInvoke(InvocationInterceptorChain.java:45)
	at org.junit.jupiter.engine.execution.InvocationInterceptorChain.invoke(InvocationInterceptorChain.java:37)
	at org.junit.jupiter.engine.execution.InterceptingExecutableInvoker.invoke(InterceptingExecutableInvoker.java:92)
	at org.junit.jupiter.engine.execution.InterceptingExecutableInvoker.invoke(InterceptingExecutableInvoker.java:62)
	at org.junit.jupiter.engine.descriptor.ClassBasedTestDescriptor.invokeTestClassConstructor(ClassBasedTestDescriptor.java:363)
	at org.junit.jupiter.engine.descriptor.ClassBasedTestDescriptor.instantiateTestClass(ClassBasedTestDescriptor.java:310)
	at org.junit.jupiter.engine.descriptor.ClassTestDescriptor.instantiateTestClass(ClassTestDescriptor.java:79)
	at org.junit.jupiter.engine.descriptor.ClassBasedTestDescriptor.instantiateAndPostProcessTestInstance(ClassBasedTestDescriptor.java:286)
	at org.junit.jupiter.engine.descriptor.ClassBasedTestDescriptor.lambda$testInstancesProvider$4(ClassBasedTestDescriptor.java:278)
	at java.base/java.util.Optional.orElseGet(Optional.java:369)
	at org.junit.jupiter.engine.descriptor.ClassBasedTestDescriptor.lambda$testInstancesProvider$5(ClassBasedTestDescriptor.java:277)
	at org.junit.jupiter.engine.execution.TestInstancesProvider.getTestInstances(TestInstancesProvider.java:31)
	at org.junit.jupiter.engine.descriptor.TestMethodTestDescriptor.lambda$prepare$0(TestMethodTestDescriptor.java:105)
	at org.junit.platform.engine.support.hierarchical.ThrowableCollector.execute(ThrowableCollector.java:73)
	at org.junit.jupiter.engine.descriptor.TestMethodTestDescriptor.prepare(TestMethodTestDescriptor.java:104)
	at org.junit.jupiter.engine.descriptor.TestMethodTestDescriptor.prepare(TestMethodTestDescriptor.java:68)
	at org.junit.platform.engine.support.hierarchical.NodeTestTask.lambda$prepare$2(NodeTestTask.java:123)
	at org.junit.platform.engine.support.hierarchical.ThrowableCollector.execute(ThrowableCollector.java:73)
	at org.junit.platform.engine.support.hierarchical.NodeTestTask.prepare(NodeTestTask.java:123)
	at org.junit.platform.engine.support.hierarchical.NodeTestTask.execute(NodeTestTask.java:90)
	at java.base/java.util.ArrayList.forEach(ArrayList.java:1541)
	at org.junit.platform.engine.support.hierarchical.SameThreadHierarchicalTestExecutorService.invokeAll(SameThreadHierarchicalTestExecutorService.java:41)
	at org.junit.platform.engine.support.hierarchical.NodeTestTask.lambda$executeRecursively$6(NodeTestTask.java:155)
	at org.junit.platform.engine.support.hierarchical.ThrowableCollector.execute(ThrowableCollector.java:73)
	at org.junit.platform.engine.support.hierarchical.NodeTestTask.lambda$executeRecursively$8(NodeTestTask.java:141)
	at org.junit.platform.engine.support.hierarchical.Node.around(Node.java:137)
	at org.junit.platform.engine.support.hierarchical.NodeTestTask.lambda$executeRecursively$9(NodeTestTask.java:139)
	at org.junit.platform.engine.support.hierarchical.ThrowableCollector.execute(ThrowableCollector.java:73)
	at org.junit.platform.engine.support.hierarchical.NodeTestTask.executeRecursively(NodeTestTask.java:138)
	at org.junit.platform.engine.support.hierarchical.NodeTestTask.execute(NodeTestTask.java:95)
	at java.base/java.util.ArrayList.forEach(ArrayList.java:1541)
	at org.junit.platform.engine.support.hierarchical.SameThreadHierarchicalTestExecutorService.invokeAll(SameThreadHierarchicalTestExecutorService.java:41)
	at org.junit.platform.engine.support.hierarchical.NodeTestTask.lambda$executeRecursively$6(NodeTestTask.java:155)
	at org.junit.platform.engine.support.hierarchical.ThrowableCollector.execute(ThrowableCollector.java:73)
	at org.junit.platform.engine.support.hierarchical.NodeTestTask.lambda$executeRecursively$8(NodeTestTask.java:141)
	at org.junit.platform.engine.support.hierarchical.Node.around(Node.java:137)
	at org.junit.platform.engine.support.hierarchical.NodeTestTask.lambda$executeRecursively$9(NodeTestTask.java:139)
	at org.junit.platform.engine.support.hierarchical.ThrowableCollector.execute(ThrowableCollector.java:73)
	at org.junit.platform.engine.support.hierarchical.NodeTestTask.executeRecursively(NodeTestTask.java:138)
	at org.junit.platform.engine.support.hierarchical.NodeTestTask.execute(NodeTestTask.java:95)
	at org.junit.platform.engine.support.hierarchical.SameThreadHierarchicalTestExecutorService.submit(SameThreadHierarchicalTestExecutorService.java:35)
	at org.junit.platform.engine.support.hierarchical.HierarchicalTestExecutor.execute(HierarchicalTestExecutor.java:57)
	at org.junit.platform.engine.support.hierarchical.HierarchicalTestEngine.execute(HierarchicalTestEngine.java:54)
	at org.junit.platform.launcher.core.EngineExecutionOrchestrator.execute(EngineExecutionOrchestrator.java:107)
	at org.junit.platform.launcher.core.EngineExecutionOrchestrator.execute(EngineExecutionOrchestrator.java:88)
	at org.junit.platform.launcher.core.EngineExecutionOrchestrator.lambda$execute$0(EngineExecutionOrchestrator.java:54)
	at org.junit.platform.launcher.core.EngineExecutionOrchestrator.withInterceptedStreams(EngineExecutionOrchestrator.java:67)
	at org.junit.platform.launcher.core.EngineExecutionOrchestrator.execute(EngineExecutionOrchestrator.java:52)
	at org.junit.platform.launcher.core.DefaultLauncher.execute(DefaultLauncher.java:114)
	at org.junit.platform.launcher.core.DefaultLauncher.execute(DefaultLauncher.java:86)
	at org.junit.platform.launcher.core.DefaultLauncherSession$DelegatingLauncher.execute(DefaultLauncherSession.java:86)
	at org.gradle.api.internal.tasks.testing.junitplatform.JUnitPlatformTestClassProcessor$CollectAllTestClassesExecutor.processAllTestClasses(JUnitPlatformTestClassProcessor.java:110)
	at org.gradle.api.internal.tasks.testing.junitplatform.JUnitPlatformTestClassProcessor$CollectAllTestClassesExecutor.access$000(JUnitPlatformTestClassProcessor.java:90)
	at org.gradle.api.internal.tasks.testing.junitplatform.JUnitPlatformTestClassProcessor.stop(JUnitPlatformTestClassProcessor.java:85)
	at org.gradle.api.internal.tasks.testing.SuiteTestClassProcessor.stop(SuiteTestClassProcessor.java:62)
	at java.base/jdk.internal.reflect.NativeMethodAccessorImpl.invoke0(Native Method)
	at java.base/jdk.internal.reflect.NativeMethodAccessorImpl.invoke(NativeMethodAccessorImpl.java:62)
	at java.base/jdk.internal.reflect.DelegatingMethodAccessorImpl.invoke(DelegatingMethodAccessorImpl.java:43)
	at java.base/java.lang.reflect.Method.invoke(Method.java:566)
	at org.gradle.internal.dispatch.ReflectionDispatch.dispatch(ReflectionDispatch.java:36)
	at org.gradle.internal.dispatch.ReflectionDispatch.dispatch(ReflectionDispatch.java:24)
	at org.gradle.internal.dispatch.ContextClassLoaderDispatch.dispatch(ContextClassLoaderDispatch.java:33)
	at org.gradle.internal.dispatch.ProxyDispatchAdapter$DispatchingInvocationHandler.invoke(ProxyDispatchAdapter.java:94)
	at com.sun.proxy.$Proxy5.stop(Unknown Source)
	at org.gradle.api.internal.tasks.testing.worker.TestWorker$3.run(TestWorker.java:193)
	at org.gradle.api.internal.tasks.testing.worker.TestWorker.executeAndMaintainThreadName(TestWorker.java:129)
	at org.gradle.api.internal.tasks.testing.worker.TestWorker.execute(TestWorker.java:100)
	at org.gradle.api.internal.tasks.testing.worker.TestWorker.execute(TestWorker.java:60)
	at org.gradle.process.internal.worker.child.ActionExecutionWorker.execute(ActionExecutionWorker.java:56)
	at org.gradle.process.internal.worker.child.SystemApplicationClassLoaderWorker.call(SystemApplicationClassLoaderWorker.java:113)
	at org.gradle.process.internal.worker.child.SystemApplicationClassLoaderWorker.call(SystemApplicationClassLoaderWorker.java:65)
	at worker.org.gradle.process.internal.worker.GradleWorkerMain.run(GradleWorkerMain.java:69)
	at worker.org.gradle.process.internal.worker.GradleWorkerMain.main(GradleWorkerMain.java:74)
Caused by: UnsolvedSymbolException{context='arg0', name='Solving arg0', cause='null'}
	at com.github.javaparser.symbolsolver.javaparsermodel.TypeExtractor.visit(TypeExtractor.java:335)
	at com.github.javaparser.symbolsolver.javaparsermodel.TypeExtractor.visit(TypeExtractor.java:65)
	at com.github.javaparser.ast.expr.NameExpr.accept(NameExpr.java:79)
	at com.github.javaparser.symbolsolver.javaparsermodel.JavaParserFacade.getTypeConcrete(JavaParserFacade.java:505)
	at com.github.javaparser.symbolsolver.javaparsermodel.JavaParserFacade.getType(JavaParserFacade.java:352)
	at com.github.javaparser.symbolsolver.javaparsermodel.JavaParserFacade.getType(JavaParserFacade.java:334)
	at com.github.javaparser.symbolsolver.JavaSymbolSolver.calculateType(JavaSymbolSolver.java:294)
	at com.github.javaparser.ast.expr.Expression.calculateResolvedType(Expression.java:573)
	at de.uka.ilkd.key.java.JP2KeYVisitor.visit(JP2KeYConverter.java:707)
	at de.uka.ilkd.key.java.JP2KeYVisitor.visit(JP2KeYConverter.java:90)
	at com.github.javaparser.ast.expr.NameExpr.accept(NameExpr.java:79)
	at de.uka.ilkd.key.java.JP2KeYVisitor.lambda$map$1(JP2KeYConverter.java:402)
	at java.base/java.util.stream.ReferencePipeline$3$1.accept(ReferencePipeline.java:195)
	at java.base/java.util.ArrayList$ArrayListSpliterator.forEachRemaining(ArrayList.java:1655)
	at java.base/java.util.stream.AbstractPipeline.copyInto(AbstractPipeline.java:484)
	at java.base/java.util.stream.AbstractPipeline.wrapAndCopyInto(AbstractPipeline.java:474)
	at java.base/java.util.stream.ReduceOps$ReduceOp.evaluateSequential(ReduceOps.java:913)
	at java.base/java.util.stream.AbstractPipeline.evaluate(AbstractPipeline.java:234)
	at java.base/java.util.stream.ReferencePipeline.collect(ReferencePipeline.java:578)
	at de.uka.ilkd.key.java.JP2KeYVisitor.map(JP2KeYConverter.java:403)
	at de.uka.ilkd.key.java.JP2KeYVisitor.visit(JP2KeYConverter.java:506)
	at de.uka.ilkd.key.java.JP2KeYVisitor.visit(JP2KeYConverter.java:90)
	at com.github.javaparser.ast.stmt.ExplicitConstructorInvocationStmt.accept(ExplicitConstructorInvocationStmt.java:96)
	at de.uka.ilkd.key.java.JP2KeYVisitor.lambda$map$1(JP2KeYConverter.java:402)
	at java.base/java.util.stream.ReferencePipeline$3$1.accept(ReferencePipeline.java:195)
	at java.base/java.util.ArrayList$ArrayListSpliterator.forEachRemaining(ArrayList.java:1655)
	at java.base/java.util.stream.AbstractPipeline.copyInto(AbstractPipeline.java:484)
	at java.base/java.util.stream.AbstractPipeline.wrapAndCopyInto(AbstractPipeline.java:474)
	at java.base/java.util.stream.ReduceOps$ReduceOp.evaluateSequential(ReduceOps.java:913)
	at java.base/java.util.stream.AbstractPipeline.evaluate(AbstractPipeline.java:234)
	at java.base/java.util.stream.ReferencePipeline.collect(ReferencePipeline.java:578)
	at de.uka.ilkd.key.java.JP2KeYVisitor.map(JP2KeYConverter.java:403)
	at de.uka.ilkd.key.java.JP2KeYVisitor.visit(JP2KeYConverter.java:258)
	at de.uka.ilkd.key.java.JP2KeYVisitor.visit(JP2KeYConverter.java:90)
	at com.github.javaparser.ast.stmt.BlockStmt.accept(BlockStmt.java:70)
	at de.uka.ilkd.key.java.JP2KeYVisitor.lambda$map$1(JP2KeYConverter.java:402)
	at java.base/java.util.stream.ReferencePipeline$3$1.accept(ReferencePipeline.java:195)
	at java.base/java.util.ArrayList$ArrayListSpliterator.forEachRemaining(ArrayList.java:1655)
	at java.base/java.util.stream.AbstractPipeline.copyInto(AbstractPipeline.java:484)
	at java.base/java.util.stream.AbstractPipeline.wrapAndCopyInto(AbstractPipeline.java:474)
	at java.base/java.util.stream.ReduceOps$ReduceOp.evaluateSequential(ReduceOps.java:913)
	at java.base/java.util.stream.AbstractPipeline.evaluate(AbstractPipeline.java:234)
	at java.base/java.util.stream.ReferencePipeline.collect(ReferencePipeline.java:578)
	at de.uka.ilkd.key.java.JP2KeYVisitor.map(JP2KeYConverter.java:403)
	at de.uka.ilkd.key.java.JP2KeYVisitor.visit(JP2KeYConverter.java:258)
	at de.uka.ilkd.key.java.JP2KeYVisitor.visit(JP2KeYConverter.java:90)
	at com.github.javaparser.ast.stmt.BlockStmt.accept(BlockStmt.java:70)
	at de.uka.ilkd.key.java.JP2KeYVisitor.accept(JP2KeYConverter.java:348)
	at de.uka.ilkd.key.java.JP2KeYVisitor.visit(JP2KeYConverter.java:946)
	at de.uka.ilkd.key.java.JP2KeYVisitor.visit(JP2KeYConverter.java:90)
	at com.github.javaparser.ast.stmt.TryStmt.accept(TryStmt.java:135)
	at de.uka.ilkd.key.java.JP2KeYVisitor.lambda$map$1(JP2KeYConverter.java:402)
	at java.base/java.util.stream.ReferencePipeline$3$1.accept(ReferencePipeline.java:195)
	at java.base/java.util.ArrayList$ArrayListSpliterator.forEachRemaining(ArrayList.java:1655)
	at java.base/java.util.stream.AbstractPipeline.copyInto(AbstractPipeline.java:484)
	at java.base/java.util.stream.AbstractPipeline.wrapAndCopyInto(AbstractPipeline.java:474)
	at java.base/java.util.stream.ReduceOps$ReduceOp.evaluateSequential(ReduceOps.java:913)
	at java.base/java.util.stream.AbstractPipeline.evaluate(AbstractPipeline.java:234)
	at java.base/java.util.stream.ReferencePipeline.collect(ReferencePipeline.java:578)
	at de.uka.ilkd.key.java.JP2KeYVisitor.map(JP2KeYConverter.java:403)
	at de.uka.ilkd.key.java.JP2KeYVisitor.visit(JP2KeYConverter.java:258)
	at de.uka.ilkd.key.java.JP2KeYVisitor.visit(JP2KeYConverter.java:90)
	at com.github.javaparser.ast.stmt.BlockStmt.accept(BlockStmt.java:70)
	at de.uka.ilkd.key.java.JP2KeYVisitor.accept(JP2KeYConverter.java:348)
	at de.uka.ilkd.key.java.JP2KeYVisitor.visit(JP2KeYConverter.java:609)
	at de.uka.ilkd.key.java.JP2KeYVisitor.visit(JP2KeYConverter.java:90)
	at com.github.javaparser.ast.stmt.IfStmt.accept(IfStmt.java:82)
	at de.uka.ilkd.key.java.JP2KeYVisitor.lambda$map$1(JP2KeYConverter.java:402)
	at java.base/java.util.stream.ReferencePipeline$3$1.accept(ReferencePipeline.java:195)
	at java.base/java.util.ArrayList$ArrayListSpliterator.forEachRemaining(ArrayList.java:1655)
	at java.base/java.util.stream.AbstractPipeline.copyInto(AbstractPipeline.java:484)
	at java.base/java.util.stream.AbstractPipeline.wrapAndCopyInto(AbstractPipeline.java:474)
	at java.base/java.util.stream.ReduceOps$ReduceOp.evaluateSequential(ReduceOps.java:913)
	at java.base/java.util.stream.AbstractPipeline.evaluate(AbstractPipeline.java:234)
	at java.base/java.util.stream.ReferencePipeline.collect(ReferencePipeline.java:578)
	at de.uka.ilkd.key.java.JP2KeYVisitor.map(JP2KeYConverter.java:403)
	at de.uka.ilkd.key.java.JP2KeYVisitor.visit(JP2KeYConverter.java:258)
	at de.uka.ilkd.key.java.JP2KeYVisitor.visit(JP2KeYConverter.java:90)
	at com.github.javaparser.ast.stmt.BlockStmt.accept(BlockStmt.java:70)
	at de.uka.ilkd.key.java.JP2KeYVisitor.accept(JP2KeYConverter.java:348)
	at de.uka.ilkd.key.java.JP2KeYVisitor.visit(JP2KeYConverter.java:609)
	at de.uka.ilkd.key.java.JP2KeYVisitor.visit(JP2KeYConverter.java:90)
	at com.github.javaparser.ast.stmt.IfStmt.accept(IfStmt.java:82)
	at de.uka.ilkd.key.java.JP2KeYVisitor.lambda$map$1(JP2KeYConverter.java:402)
	at java.base/java.util.stream.ReferencePipeline$3$1.accept(ReferencePipeline.java:195)
	at java.base/java.util.ArrayList$ArrayListSpliterator.forEachRemaining(ArrayList.java:1655)
	at java.base/java.util.stream.AbstractPipeline.copyInto(AbstractPipeline.java:484)
	at java.base/java.util.stream.AbstractPipeline.wrapAndCopyInto(AbstractPipeline.java:474)
	at java.base/java.util.stream.ReduceOps$ReduceOp.evaluateSequential(ReduceOps.java:913)
	at java.base/java.util.stream.AbstractPipeline.evaluate(AbstractPipeline.java:234)
	at java.base/java.util.stream.ReferencePipeline.collect(ReferencePipeline.java:578)
	at de.uka.ilkd.key.java.JP2KeYVisitor.map(JP2KeYConverter.java:403)
	at de.uka.ilkd.key.java.JP2KeYVisitor.visit(JP2KeYConverter.java:258)
	at de.uka.ilkd.key.java.JP2KeYVisitor.visit(JP2KeYConverter.java:90)
	at com.github.javaparser.ast.stmt.BlockStmt.accept(BlockStmt.java:70)
	at de.uka.ilkd.key.java.JP2KeYVisitor.accept(JP2KeYConverter.java:348)
	at de.uka.ilkd.key.java.JP2KeYVisitor.accepto(JP2KeYConverter.java:418)
	at de.uka.ilkd.key.java.JP2KeYVisitor.visit(JP2KeYConverter.java:688)
	at de.uka.ilkd.key.java.JP2KeYVisitor.visit(JP2KeYConverter.java:90)
	at com.github.javaparser.ast.body.MethodDeclaration.accept(MethodDeclaration.java:98)
	at de.uka.ilkd.key.java.JP2KeYVisitor.lambda$map$1(JP2KeYConverter.java:402)
	at java.base/java.util.stream.ReferencePipeline$3$1.accept(ReferencePipeline.java:195)
	at java.base/java.util.ArrayList$ArrayListSpliterator.forEachRemaining(ArrayList.java:1655)
	at java.base/java.util.stream.AbstractPipeline.copyInto(AbstractPipeline.java:484)
	at java.base/java.util.stream.AbstractPipeline.wrapAndCopyInto(AbstractPipeline.java:474)
	at java.base/java.util.stream.ReduceOps$ReduceOp.evaluateSequential(ReduceOps.java:913)
	at java.base/java.util.stream.AbstractPipeline.evaluate(AbstractPipeline.java:234)
	at java.base/java.util.stream.ReferencePipeline.collect(ReferencePipeline.java:578)
	at de.uka.ilkd.key.java.JP2KeYVisitor.map(JP2KeYConverter.java:403)
	at de.uka.ilkd.key.java.JP2KeYVisitor.visit(JP2KeYConverter.java:310)
	at de.uka.ilkd.key.java.JP2KeYVisitor.visit(JP2KeYConverter.java:90)
	at com.github.javaparser.ast.body.ClassOrInterfaceDeclaration.accept(ClassOrInterfaceDeclaration.java:95)
	at de.uka.ilkd.key.java.JP2KeYVisitor.lambda$map$1(JP2KeYConverter.java:402)
	at java.base/java.util.stream.ReferencePipeline$3$1.accept(ReferencePipeline.java:195)
	at java.base/java.util.ArrayList$ArrayListSpliterator.forEachRemaining(ArrayList.java:1655)
	at java.base/java.util.stream.AbstractPipeline.copyInto(AbstractPipeline.java:484)
	at java.base/java.util.stream.AbstractPipeline.wrapAndCopyInto(AbstractPipeline.java:474)
	at java.base/java.util.stream.ReduceOps$ReduceOp.evaluateSequential(ReduceOps.java:913)
	at java.base/java.util.stream.AbstractPipeline.evaluate(AbstractPipeline.java:234)
	at java.base/java.util.stream.ReferencePipeline.collect(ReferencePipeline.java:578)
	at de.uka.ilkd.key.java.JP2KeYVisitor.map(JP2KeYConverter.java:403)
	at de.uka.ilkd.key.java.JP2KeYVisitor.visit(JP2KeYConverter.java:393)
	at de.uka.ilkd.key.java.JP2KeYVisitor.visit(JP2KeYConverter.java:90)
	at com.github.javaparser.ast.CompilationUnit.accept(CompilationUnit.java:124)
	at de.uka.ilkd.key.java.JP2KeYConverter.process(JP2KeYConverter.java:84)
	at de.uka.ilkd.key.java.JP2KeYConverter.processCompilationUnit(JP2KeYConverter.java:80)
	at de.uka.ilkd.key.java.JavaService.parseLibraryClasses0(JavaService.java:536)
	at de.uka.ilkd.key.java.JavaService.parseSpecialClasses(JavaService.java:511)
	at de.uka.ilkd.key.proof.init.ProblemInitializer.readJava(ProblemInitializer.java:280)
	at de.uka.ilkd.key.proof.init.ProblemInitializer.prepare(ProblemInitializer.java:529)
	at de.uka.ilkd.key.proof.init.ProblemInitializer.prepare(ProblemInitializer.java:471)
	at de.uka.ilkd.key.rule.TacletForTests.parse(TacletForTests.java:80)
	... 89 more
</failure>
  </testcase>
  <testcase name="testBindingUpdateTerm_6()" classname="de.uka.ilkd.key.parser.TestTermParser" time="0.0">
    <failure message="java.lang.RuntimeException: Exception occurred while parsing src\test\resources\testcase\testrules.key" type="java.lang.RuntimeException">java.lang.RuntimeException: Exception occurred while parsing src\test\resources\testcase\testrules.key
	at de.uka.ilkd.key.rule.TacletForTests.parse(TacletForTests.java:89)
	at de.uka.ilkd.key.rule.TacletForTests.parse(TacletForTests.java:125)
	at de.uka.ilkd.key.rule.TacletForTests.parse(TacletForTests.java:129)
	at de.uka.ilkd.key.rule.TacletForTests.services(TacletForTests.java:102)
	at de.uka.ilkd.key.parser.TestTermParser.getServices(TestTermParser.java:42)
	at de.uka.ilkd.key.parser.AbstractTestTermParser.&lt;init&gt;(AbstractTestTermParser.java:35)
	at de.uka.ilkd.key.parser.TestTermParser.&lt;init&gt;(TestTermParser.java:34)
	at jdk.internal.reflect.GeneratedConstructorAccessor17.newInstance(Unknown Source)
	at java.base/jdk.internal.reflect.DelegatingConstructorAccessorImpl.newInstance(DelegatingConstructorAccessorImpl.java:45)
	at java.base/java.lang.reflect.Constructor.newInstance(Constructor.java:490)
	at org.junit.platform.commons.util.ReflectionUtils.newInstance(ReflectionUtils.java:552)
	at org.junit.jupiter.engine.execution.ConstructorInvocation.proceed(ConstructorInvocation.java:56)
	at org.junit.jupiter.engine.execution.InvocationInterceptorChain$ValidatingInvocation.proceed(InvocationInterceptorChain.java:131)
	at org.junit.jupiter.api.extension.InvocationInterceptor.interceptTestClassConstructor(InvocationInterceptor.java:73)
	at org.junit.jupiter.engine.execution.InterceptingExecutableInvoker.lambda$invoke$0(InterceptingExecutableInvoker.java:93)
	at org.junit.jupiter.engine.execution.InvocationInterceptorChain$InterceptedInvocation.proceed(InvocationInterceptorChain.java:106)
	at org.junit.jupiter.engine.execution.InvocationInterceptorChain.proceed(InvocationInterceptorChain.java:64)
	at org.junit.jupiter.engine.execution.InvocationInterceptorChain.chainAndInvoke(InvocationInterceptorChain.java:45)
	at org.junit.jupiter.engine.execution.InvocationInterceptorChain.invoke(InvocationInterceptorChain.java:37)
	at org.junit.jupiter.engine.execution.InterceptingExecutableInvoker.invoke(InterceptingExecutableInvoker.java:92)
	at org.junit.jupiter.engine.execution.InterceptingExecutableInvoker.invoke(InterceptingExecutableInvoker.java:62)
	at org.junit.jupiter.engine.descriptor.ClassBasedTestDescriptor.invokeTestClassConstructor(ClassBasedTestDescriptor.java:363)
	at org.junit.jupiter.engine.descriptor.ClassBasedTestDescriptor.instantiateTestClass(ClassBasedTestDescriptor.java:310)
	at org.junit.jupiter.engine.descriptor.ClassTestDescriptor.instantiateTestClass(ClassTestDescriptor.java:79)
	at org.junit.jupiter.engine.descriptor.ClassBasedTestDescriptor.instantiateAndPostProcessTestInstance(ClassBasedTestDescriptor.java:286)
	at org.junit.jupiter.engine.descriptor.ClassBasedTestDescriptor.lambda$testInstancesProvider$4(ClassBasedTestDescriptor.java:278)
	at java.base/java.util.Optional.orElseGet(Optional.java:369)
	at org.junit.jupiter.engine.descriptor.ClassBasedTestDescriptor.lambda$testInstancesProvider$5(ClassBasedTestDescriptor.java:277)
	at org.junit.jupiter.engine.execution.TestInstancesProvider.getTestInstances(TestInstancesProvider.java:31)
	at org.junit.jupiter.engine.descriptor.TestMethodTestDescriptor.lambda$prepare$0(TestMethodTestDescriptor.java:105)
	at org.junit.platform.engine.support.hierarchical.ThrowableCollector.execute(ThrowableCollector.java:73)
	at org.junit.jupiter.engine.descriptor.TestMethodTestDescriptor.prepare(TestMethodTestDescriptor.java:104)
	at org.junit.jupiter.engine.descriptor.TestMethodTestDescriptor.prepare(TestMethodTestDescriptor.java:68)
	at org.junit.platform.engine.support.hierarchical.NodeTestTask.lambda$prepare$2(NodeTestTask.java:123)
	at org.junit.platform.engine.support.hierarchical.ThrowableCollector.execute(ThrowableCollector.java:73)
	at org.junit.platform.engine.support.hierarchical.NodeTestTask.prepare(NodeTestTask.java:123)
	at org.junit.platform.engine.support.hierarchical.NodeTestTask.execute(NodeTestTask.java:90)
	at java.base/java.util.ArrayList.forEach(ArrayList.java:1541)
	at org.junit.platform.engine.support.hierarchical.SameThreadHierarchicalTestExecutorService.invokeAll(SameThreadHierarchicalTestExecutorService.java:41)
	at org.junit.platform.engine.support.hierarchical.NodeTestTask.lambda$executeRecursively$6(NodeTestTask.java:155)
	at org.junit.platform.engine.support.hierarchical.ThrowableCollector.execute(ThrowableCollector.java:73)
	at org.junit.platform.engine.support.hierarchical.NodeTestTask.lambda$executeRecursively$8(NodeTestTask.java:141)
	at org.junit.platform.engine.support.hierarchical.Node.around(Node.java:137)
	at org.junit.platform.engine.support.hierarchical.NodeTestTask.lambda$executeRecursively$9(NodeTestTask.java:139)
	at org.junit.platform.engine.support.hierarchical.ThrowableCollector.execute(ThrowableCollector.java:73)
	at org.junit.platform.engine.support.hierarchical.NodeTestTask.executeRecursively(NodeTestTask.java:138)
	at org.junit.platform.engine.support.hierarchical.NodeTestTask.execute(NodeTestTask.java:95)
	at java.base/java.util.ArrayList.forEach(ArrayList.java:1541)
	at org.junit.platform.engine.support.hierarchical.SameThreadHierarchicalTestExecutorService.invokeAll(SameThreadHierarchicalTestExecutorService.java:41)
	at org.junit.platform.engine.support.hierarchical.NodeTestTask.lambda$executeRecursively$6(NodeTestTask.java:155)
	at org.junit.platform.engine.support.hierarchical.ThrowableCollector.execute(ThrowableCollector.java:73)
	at org.junit.platform.engine.support.hierarchical.NodeTestTask.lambda$executeRecursively$8(NodeTestTask.java:141)
	at org.junit.platform.engine.support.hierarchical.Node.around(Node.java:137)
	at org.junit.platform.engine.support.hierarchical.NodeTestTask.lambda$executeRecursively$9(NodeTestTask.java:139)
	at org.junit.platform.engine.support.hierarchical.ThrowableCollector.execute(ThrowableCollector.java:73)
	at org.junit.platform.engine.support.hierarchical.NodeTestTask.executeRecursively(NodeTestTask.java:138)
	at org.junit.platform.engine.support.hierarchical.NodeTestTask.execute(NodeTestTask.java:95)
	at org.junit.platform.engine.support.hierarchical.SameThreadHierarchicalTestExecutorService.submit(SameThreadHierarchicalTestExecutorService.java:35)
	at org.junit.platform.engine.support.hierarchical.HierarchicalTestExecutor.execute(HierarchicalTestExecutor.java:57)
	at org.junit.platform.engine.support.hierarchical.HierarchicalTestEngine.execute(HierarchicalTestEngine.java:54)
	at org.junit.platform.launcher.core.EngineExecutionOrchestrator.execute(EngineExecutionOrchestrator.java:107)
	at org.junit.platform.launcher.core.EngineExecutionOrchestrator.execute(EngineExecutionOrchestrator.java:88)
	at org.junit.platform.launcher.core.EngineExecutionOrchestrator.lambda$execute$0(EngineExecutionOrchestrator.java:54)
	at org.junit.platform.launcher.core.EngineExecutionOrchestrator.withInterceptedStreams(EngineExecutionOrchestrator.java:67)
	at org.junit.platform.launcher.core.EngineExecutionOrchestrator.execute(EngineExecutionOrchestrator.java:52)
	at org.junit.platform.launcher.core.DefaultLauncher.execute(DefaultLauncher.java:114)
	at org.junit.platform.launcher.core.DefaultLauncher.execute(DefaultLauncher.java:86)
	at org.junit.platform.launcher.core.DefaultLauncherSession$DelegatingLauncher.execute(DefaultLauncherSession.java:86)
	at org.gradle.api.internal.tasks.testing.junitplatform.JUnitPlatformTestClassProcessor$CollectAllTestClassesExecutor.processAllTestClasses(JUnitPlatformTestClassProcessor.java:110)
	at org.gradle.api.internal.tasks.testing.junitplatform.JUnitPlatformTestClassProcessor$CollectAllTestClassesExecutor.access$000(JUnitPlatformTestClassProcessor.java:90)
	at org.gradle.api.internal.tasks.testing.junitplatform.JUnitPlatformTestClassProcessor.stop(JUnitPlatformTestClassProcessor.java:85)
	at org.gradle.api.internal.tasks.testing.SuiteTestClassProcessor.stop(SuiteTestClassProcessor.java:62)
	at java.base/jdk.internal.reflect.NativeMethodAccessorImpl.invoke0(Native Method)
	at java.base/jdk.internal.reflect.NativeMethodAccessorImpl.invoke(NativeMethodAccessorImpl.java:62)
	at java.base/jdk.internal.reflect.DelegatingMethodAccessorImpl.invoke(DelegatingMethodAccessorImpl.java:43)
	at java.base/java.lang.reflect.Method.invoke(Method.java:566)
	at org.gradle.internal.dispatch.ReflectionDispatch.dispatch(ReflectionDispatch.java:36)
	at org.gradle.internal.dispatch.ReflectionDispatch.dispatch(ReflectionDispatch.java:24)
	at org.gradle.internal.dispatch.ContextClassLoaderDispatch.dispatch(ContextClassLoaderDispatch.java:33)
	at org.gradle.internal.dispatch.ProxyDispatchAdapter$DispatchingInvocationHandler.invoke(ProxyDispatchAdapter.java:94)
	at com.sun.proxy.$Proxy5.stop(Unknown Source)
	at org.gradle.api.internal.tasks.testing.worker.TestWorker$3.run(TestWorker.java:193)
	at org.gradle.api.internal.tasks.testing.worker.TestWorker.executeAndMaintainThreadName(TestWorker.java:129)
	at org.gradle.api.internal.tasks.testing.worker.TestWorker.execute(TestWorker.java:100)
	at org.gradle.api.internal.tasks.testing.worker.TestWorker.execute(TestWorker.java:60)
	at org.gradle.process.internal.worker.child.ActionExecutionWorker.execute(ActionExecutionWorker.java:56)
	at org.gradle.process.internal.worker.child.SystemApplicationClassLoaderWorker.call(SystemApplicationClassLoaderWorker.java:113)
	at org.gradle.process.internal.worker.child.SystemApplicationClassLoaderWorker.call(SystemApplicationClassLoaderWorker.java:65)
	at worker.org.gradle.process.internal.worker.GradleWorkerMain.run(GradleWorkerMain.java:69)
	at worker.org.gradle.process.internal.worker.GradleWorkerMain.main(GradleWorkerMain.java:74)
Caused by: UnsolvedSymbolException{context='arg0', name='Solving arg0', cause='null'}
	at com.github.javaparser.symbolsolver.javaparsermodel.TypeExtractor.visit(TypeExtractor.java:335)
	at com.github.javaparser.symbolsolver.javaparsermodel.TypeExtractor.visit(TypeExtractor.java:65)
	at com.github.javaparser.ast.expr.NameExpr.accept(NameExpr.java:79)
	at com.github.javaparser.symbolsolver.javaparsermodel.JavaParserFacade.getTypeConcrete(JavaParserFacade.java:505)
	at com.github.javaparser.symbolsolver.javaparsermodel.JavaParserFacade.getType(JavaParserFacade.java:352)
	at com.github.javaparser.symbolsolver.javaparsermodel.JavaParserFacade.getType(JavaParserFacade.java:334)
	at com.github.javaparser.symbolsolver.JavaSymbolSolver.calculateType(JavaSymbolSolver.java:294)
	at com.github.javaparser.ast.expr.Expression.calculateResolvedType(Expression.java:573)
	at de.uka.ilkd.key.java.JP2KeYVisitor.visit(JP2KeYConverter.java:707)
	at de.uka.ilkd.key.java.JP2KeYVisitor.visit(JP2KeYConverter.java:90)
	at com.github.javaparser.ast.expr.NameExpr.accept(NameExpr.java:79)
	at de.uka.ilkd.key.java.JP2KeYVisitor.lambda$map$1(JP2KeYConverter.java:402)
	at java.base/java.util.stream.ReferencePipeline$3$1.accept(ReferencePipeline.java:195)
	at java.base/java.util.ArrayList$ArrayListSpliterator.forEachRemaining(ArrayList.java:1655)
	at java.base/java.util.stream.AbstractPipeline.copyInto(AbstractPipeline.java:484)
	at java.base/java.util.stream.AbstractPipeline.wrapAndCopyInto(AbstractPipeline.java:474)
	at java.base/java.util.stream.ReduceOps$ReduceOp.evaluateSequential(ReduceOps.java:913)
	at java.base/java.util.stream.AbstractPipeline.evaluate(AbstractPipeline.java:234)
	at java.base/java.util.stream.ReferencePipeline.collect(ReferencePipeline.java:578)
	at de.uka.ilkd.key.java.JP2KeYVisitor.map(JP2KeYConverter.java:403)
	at de.uka.ilkd.key.java.JP2KeYVisitor.visit(JP2KeYConverter.java:506)
	at de.uka.ilkd.key.java.JP2KeYVisitor.visit(JP2KeYConverter.java:90)
	at com.github.javaparser.ast.stmt.ExplicitConstructorInvocationStmt.accept(ExplicitConstructorInvocationStmt.java:96)
	at de.uka.ilkd.key.java.JP2KeYVisitor.lambda$map$1(JP2KeYConverter.java:402)
	at java.base/java.util.stream.ReferencePipeline$3$1.accept(ReferencePipeline.java:195)
	at java.base/java.util.ArrayList$ArrayListSpliterator.forEachRemaining(ArrayList.java:1655)
	at java.base/java.util.stream.AbstractPipeline.copyInto(AbstractPipeline.java:484)
	at java.base/java.util.stream.AbstractPipeline.wrapAndCopyInto(AbstractPipeline.java:474)
	at java.base/java.util.stream.ReduceOps$ReduceOp.evaluateSequential(ReduceOps.java:913)
	at java.base/java.util.stream.AbstractPipeline.evaluate(AbstractPipeline.java:234)
	at java.base/java.util.stream.ReferencePipeline.collect(ReferencePipeline.java:578)
	at de.uka.ilkd.key.java.JP2KeYVisitor.map(JP2KeYConverter.java:403)
	at de.uka.ilkd.key.java.JP2KeYVisitor.visit(JP2KeYConverter.java:258)
	at de.uka.ilkd.key.java.JP2KeYVisitor.visit(JP2KeYConverter.java:90)
	at com.github.javaparser.ast.stmt.BlockStmt.accept(BlockStmt.java:70)
	at de.uka.ilkd.key.java.JP2KeYVisitor.lambda$map$1(JP2KeYConverter.java:402)
	at java.base/java.util.stream.ReferencePipeline$3$1.accept(ReferencePipeline.java:195)
	at java.base/java.util.ArrayList$ArrayListSpliterator.forEachRemaining(ArrayList.java:1655)
	at java.base/java.util.stream.AbstractPipeline.copyInto(AbstractPipeline.java:484)
	at java.base/java.util.stream.AbstractPipeline.wrapAndCopyInto(AbstractPipeline.java:474)
	at java.base/java.util.stream.ReduceOps$ReduceOp.evaluateSequential(ReduceOps.java:913)
	at java.base/java.util.stream.AbstractPipeline.evaluate(AbstractPipeline.java:234)
	at java.base/java.util.stream.ReferencePipeline.collect(ReferencePipeline.java:578)
	at de.uka.ilkd.key.java.JP2KeYVisitor.map(JP2KeYConverter.java:403)
	at de.uka.ilkd.key.java.JP2KeYVisitor.visit(JP2KeYConverter.java:258)
	at de.uka.ilkd.key.java.JP2KeYVisitor.visit(JP2KeYConverter.java:90)
	at com.github.javaparser.ast.stmt.BlockStmt.accept(BlockStmt.java:70)
	at de.uka.ilkd.key.java.JP2KeYVisitor.accept(JP2KeYConverter.java:348)
	at de.uka.ilkd.key.java.JP2KeYVisitor.visit(JP2KeYConverter.java:946)
	at de.uka.ilkd.key.java.JP2KeYVisitor.visit(JP2KeYConverter.java:90)
	at com.github.javaparser.ast.stmt.TryStmt.accept(TryStmt.java:135)
	at de.uka.ilkd.key.java.JP2KeYVisitor.lambda$map$1(JP2KeYConverter.java:402)
	at java.base/java.util.stream.ReferencePipeline$3$1.accept(ReferencePipeline.java:195)
	at java.base/java.util.ArrayList$ArrayListSpliterator.forEachRemaining(ArrayList.java:1655)
	at java.base/java.util.stream.AbstractPipeline.copyInto(AbstractPipeline.java:484)
	at java.base/java.util.stream.AbstractPipeline.wrapAndCopyInto(AbstractPipeline.java:474)
	at java.base/java.util.stream.ReduceOps$ReduceOp.evaluateSequential(ReduceOps.java:913)
	at java.base/java.util.stream.AbstractPipeline.evaluate(AbstractPipeline.java:234)
	at java.base/java.util.stream.ReferencePipeline.collect(ReferencePipeline.java:578)
	at de.uka.ilkd.key.java.JP2KeYVisitor.map(JP2KeYConverter.java:403)
	at de.uka.ilkd.key.java.JP2KeYVisitor.visit(JP2KeYConverter.java:258)
	at de.uka.ilkd.key.java.JP2KeYVisitor.visit(JP2KeYConverter.java:90)
	at com.github.javaparser.ast.stmt.BlockStmt.accept(BlockStmt.java:70)
	at de.uka.ilkd.key.java.JP2KeYVisitor.accept(JP2KeYConverter.java:348)
	at de.uka.ilkd.key.java.JP2KeYVisitor.visit(JP2KeYConverter.java:609)
	at de.uka.ilkd.key.java.JP2KeYVisitor.visit(JP2KeYConverter.java:90)
	at com.github.javaparser.ast.stmt.IfStmt.accept(IfStmt.java:82)
	at de.uka.ilkd.key.java.JP2KeYVisitor.lambda$map$1(JP2KeYConverter.java:402)
	at java.base/java.util.stream.ReferencePipeline$3$1.accept(ReferencePipeline.java:195)
	at java.base/java.util.ArrayList$ArrayListSpliterator.forEachRemaining(ArrayList.java:1655)
	at java.base/java.util.stream.AbstractPipeline.copyInto(AbstractPipeline.java:484)
	at java.base/java.util.stream.AbstractPipeline.wrapAndCopyInto(AbstractPipeline.java:474)
	at java.base/java.util.stream.ReduceOps$ReduceOp.evaluateSequential(ReduceOps.java:913)
	at java.base/java.util.stream.AbstractPipeline.evaluate(AbstractPipeline.java:234)
	at java.base/java.util.stream.ReferencePipeline.collect(ReferencePipeline.java:578)
	at de.uka.ilkd.key.java.JP2KeYVisitor.map(JP2KeYConverter.java:403)
	at de.uka.ilkd.key.java.JP2KeYVisitor.visit(JP2KeYConverter.java:258)
	at de.uka.ilkd.key.java.JP2KeYVisitor.visit(JP2KeYConverter.java:90)
	at com.github.javaparser.ast.stmt.BlockStmt.accept(BlockStmt.java:70)
	at de.uka.ilkd.key.java.JP2KeYVisitor.accept(JP2KeYConverter.java:348)
	at de.uka.ilkd.key.java.JP2KeYVisitor.visit(JP2KeYConverter.java:609)
	at de.uka.ilkd.key.java.JP2KeYVisitor.visit(JP2KeYConverter.java:90)
	at com.github.javaparser.ast.stmt.IfStmt.accept(IfStmt.java:82)
	at de.uka.ilkd.key.java.JP2KeYVisitor.lambda$map$1(JP2KeYConverter.java:402)
	at java.base/java.util.stream.ReferencePipeline$3$1.accept(ReferencePipeline.java:195)
	at java.base/java.util.ArrayList$ArrayListSpliterator.forEachRemaining(ArrayList.java:1655)
	at java.base/java.util.stream.AbstractPipeline.copyInto(AbstractPipeline.java:484)
	at java.base/java.util.stream.AbstractPipeline.wrapAndCopyInto(AbstractPipeline.java:474)
	at java.base/java.util.stream.ReduceOps$ReduceOp.evaluateSequential(ReduceOps.java:913)
	at java.base/java.util.stream.AbstractPipeline.evaluate(AbstractPipeline.java:234)
	at java.base/java.util.stream.ReferencePipeline.collect(ReferencePipeline.java:578)
	at de.uka.ilkd.key.java.JP2KeYVisitor.map(JP2KeYConverter.java:403)
	at de.uka.ilkd.key.java.JP2KeYVisitor.visit(JP2KeYConverter.java:258)
	at de.uka.ilkd.key.java.JP2KeYVisitor.visit(JP2KeYConverter.java:90)
	at com.github.javaparser.ast.stmt.BlockStmt.accept(BlockStmt.java:70)
	at de.uka.ilkd.key.java.JP2KeYVisitor.accept(JP2KeYConverter.java:348)
	at de.uka.ilkd.key.java.JP2KeYVisitor.accepto(JP2KeYConverter.java:418)
	at de.uka.ilkd.key.java.JP2KeYVisitor.visit(JP2KeYConverter.java:688)
	at de.uka.ilkd.key.java.JP2KeYVisitor.visit(JP2KeYConverter.java:90)
	at com.github.javaparser.ast.body.MethodDeclaration.accept(MethodDeclaration.java:98)
	at de.uka.ilkd.key.java.JP2KeYVisitor.lambda$map$1(JP2KeYConverter.java:402)
	at java.base/java.util.stream.ReferencePipeline$3$1.accept(ReferencePipeline.java:195)
	at java.base/java.util.ArrayList$ArrayListSpliterator.forEachRemaining(ArrayList.java:1655)
	at java.base/java.util.stream.AbstractPipeline.copyInto(AbstractPipeline.java:484)
	at java.base/java.util.stream.AbstractPipeline.wrapAndCopyInto(AbstractPipeline.java:474)
	at java.base/java.util.stream.ReduceOps$ReduceOp.evaluateSequential(ReduceOps.java:913)
	at java.base/java.util.stream.AbstractPipeline.evaluate(AbstractPipeline.java:234)
	at java.base/java.util.stream.ReferencePipeline.collect(ReferencePipeline.java:578)
	at de.uka.ilkd.key.java.JP2KeYVisitor.map(JP2KeYConverter.java:403)
	at de.uka.ilkd.key.java.JP2KeYVisitor.visit(JP2KeYConverter.java:310)
	at de.uka.ilkd.key.java.JP2KeYVisitor.visit(JP2KeYConverter.java:90)
	at com.github.javaparser.ast.body.ClassOrInterfaceDeclaration.accept(ClassOrInterfaceDeclaration.java:95)
	at de.uka.ilkd.key.java.JP2KeYVisitor.lambda$map$1(JP2KeYConverter.java:402)
	at java.base/java.util.stream.ReferencePipeline$3$1.accept(ReferencePipeline.java:195)
	at java.base/java.util.ArrayList$ArrayListSpliterator.forEachRemaining(ArrayList.java:1655)
	at java.base/java.util.stream.AbstractPipeline.copyInto(AbstractPipeline.java:484)
	at java.base/java.util.stream.AbstractPipeline.wrapAndCopyInto(AbstractPipeline.java:474)
	at java.base/java.util.stream.ReduceOps$ReduceOp.evaluateSequential(ReduceOps.java:913)
	at java.base/java.util.stream.AbstractPipeline.evaluate(AbstractPipeline.java:234)
	at java.base/java.util.stream.ReferencePipeline.collect(ReferencePipeline.java:578)
	at de.uka.ilkd.key.java.JP2KeYVisitor.map(JP2KeYConverter.java:403)
	at de.uka.ilkd.key.java.JP2KeYVisitor.visit(JP2KeYConverter.java:393)
	at de.uka.ilkd.key.java.JP2KeYVisitor.visit(JP2KeYConverter.java:90)
	at com.github.javaparser.ast.CompilationUnit.accept(CompilationUnit.java:124)
	at de.uka.ilkd.key.java.JP2KeYConverter.process(JP2KeYConverter.java:84)
	at de.uka.ilkd.key.java.JP2KeYConverter.processCompilationUnit(JP2KeYConverter.java:80)
	at de.uka.ilkd.key.java.JavaService.parseLibraryClasses0(JavaService.java:536)
	at de.uka.ilkd.key.java.JavaService.parseSpecialClasses(JavaService.java:511)
	at de.uka.ilkd.key.proof.init.ProblemInitializer.readJava(ProblemInitializer.java:280)
	at de.uka.ilkd.key.proof.init.ProblemInitializer.prepare(ProblemInitializer.java:529)
	at de.uka.ilkd.key.proof.init.ProblemInitializer.prepare(ProblemInitializer.java:471)
	at de.uka.ilkd.key.rule.TacletForTests.parse(TacletForTests.java:80)
	... 89 more
</failure>
  </testcase>
  <testcase name="testBindingUpdateTerm_7()" classname="de.uka.ilkd.key.parser.TestTermParser" time="0.0">
    <failure message="java.lang.RuntimeException: Exception occurred while parsing src\test\resources\testcase\testrules.key" type="java.lang.RuntimeException">java.lang.RuntimeException: Exception occurred while parsing src\test\resources\testcase\testrules.key
	at de.uka.ilkd.key.rule.TacletForTests.parse(TacletForTests.java:89)
	at de.uka.ilkd.key.rule.TacletForTests.parse(TacletForTests.java:125)
	at de.uka.ilkd.key.rule.TacletForTests.parse(TacletForTests.java:129)
	at de.uka.ilkd.key.rule.TacletForTests.services(TacletForTests.java:102)
	at de.uka.ilkd.key.parser.TestTermParser.getServices(TestTermParser.java:42)
	at de.uka.ilkd.key.parser.AbstractTestTermParser.&lt;init&gt;(AbstractTestTermParser.java:35)
	at de.uka.ilkd.key.parser.TestTermParser.&lt;init&gt;(TestTermParser.java:34)
	at jdk.internal.reflect.GeneratedConstructorAccessor17.newInstance(Unknown Source)
	at java.base/jdk.internal.reflect.DelegatingConstructorAccessorImpl.newInstance(DelegatingConstructorAccessorImpl.java:45)
	at java.base/java.lang.reflect.Constructor.newInstance(Constructor.java:490)
	at org.junit.platform.commons.util.ReflectionUtils.newInstance(ReflectionUtils.java:552)
	at org.junit.jupiter.engine.execution.ConstructorInvocation.proceed(ConstructorInvocation.java:56)
	at org.junit.jupiter.engine.execution.InvocationInterceptorChain$ValidatingInvocation.proceed(InvocationInterceptorChain.java:131)
	at org.junit.jupiter.api.extension.InvocationInterceptor.interceptTestClassConstructor(InvocationInterceptor.java:73)
	at org.junit.jupiter.engine.execution.InterceptingExecutableInvoker.lambda$invoke$0(InterceptingExecutableInvoker.java:93)
	at org.junit.jupiter.engine.execution.InvocationInterceptorChain$InterceptedInvocation.proceed(InvocationInterceptorChain.java:106)
	at org.junit.jupiter.engine.execution.InvocationInterceptorChain.proceed(InvocationInterceptorChain.java:64)
	at org.junit.jupiter.engine.execution.InvocationInterceptorChain.chainAndInvoke(InvocationInterceptorChain.java:45)
	at org.junit.jupiter.engine.execution.InvocationInterceptorChain.invoke(InvocationInterceptorChain.java:37)
	at org.junit.jupiter.engine.execution.InterceptingExecutableInvoker.invoke(InterceptingExecutableInvoker.java:92)
	at org.junit.jupiter.engine.execution.InterceptingExecutableInvoker.invoke(InterceptingExecutableInvoker.java:62)
	at org.junit.jupiter.engine.descriptor.ClassBasedTestDescriptor.invokeTestClassConstructor(ClassBasedTestDescriptor.java:363)
	at org.junit.jupiter.engine.descriptor.ClassBasedTestDescriptor.instantiateTestClass(ClassBasedTestDescriptor.java:310)
	at org.junit.jupiter.engine.descriptor.ClassTestDescriptor.instantiateTestClass(ClassTestDescriptor.java:79)
	at org.junit.jupiter.engine.descriptor.ClassBasedTestDescriptor.instantiateAndPostProcessTestInstance(ClassBasedTestDescriptor.java:286)
	at org.junit.jupiter.engine.descriptor.ClassBasedTestDescriptor.lambda$testInstancesProvider$4(ClassBasedTestDescriptor.java:278)
	at java.base/java.util.Optional.orElseGet(Optional.java:369)
	at org.junit.jupiter.engine.descriptor.ClassBasedTestDescriptor.lambda$testInstancesProvider$5(ClassBasedTestDescriptor.java:277)
	at org.junit.jupiter.engine.execution.TestInstancesProvider.getTestInstances(TestInstancesProvider.java:31)
	at org.junit.jupiter.engine.descriptor.TestMethodTestDescriptor.lambda$prepare$0(TestMethodTestDescriptor.java:105)
	at org.junit.platform.engine.support.hierarchical.ThrowableCollector.execute(ThrowableCollector.java:73)
	at org.junit.jupiter.engine.descriptor.TestMethodTestDescriptor.prepare(TestMethodTestDescriptor.java:104)
	at org.junit.jupiter.engine.descriptor.TestMethodTestDescriptor.prepare(TestMethodTestDescriptor.java:68)
	at org.junit.platform.engine.support.hierarchical.NodeTestTask.lambda$prepare$2(NodeTestTask.java:123)
	at org.junit.platform.engine.support.hierarchical.ThrowableCollector.execute(ThrowableCollector.java:73)
	at org.junit.platform.engine.support.hierarchical.NodeTestTask.prepare(NodeTestTask.java:123)
	at org.junit.platform.engine.support.hierarchical.NodeTestTask.execute(NodeTestTask.java:90)
	at java.base/java.util.ArrayList.forEach(ArrayList.java:1541)
	at org.junit.platform.engine.support.hierarchical.SameThreadHierarchicalTestExecutorService.invokeAll(SameThreadHierarchicalTestExecutorService.java:41)
	at org.junit.platform.engine.support.hierarchical.NodeTestTask.lambda$executeRecursively$6(NodeTestTask.java:155)
	at org.junit.platform.engine.support.hierarchical.ThrowableCollector.execute(ThrowableCollector.java:73)
	at org.junit.platform.engine.support.hierarchical.NodeTestTask.lambda$executeRecursively$8(NodeTestTask.java:141)
	at org.junit.platform.engine.support.hierarchical.Node.around(Node.java:137)
	at org.junit.platform.engine.support.hierarchical.NodeTestTask.lambda$executeRecursively$9(NodeTestTask.java:139)
	at org.junit.platform.engine.support.hierarchical.ThrowableCollector.execute(ThrowableCollector.java:73)
	at org.junit.platform.engine.support.hierarchical.NodeTestTask.executeRecursively(NodeTestTask.java:138)
	at org.junit.platform.engine.support.hierarchical.NodeTestTask.execute(NodeTestTask.java:95)
	at java.base/java.util.ArrayList.forEach(ArrayList.java:1541)
	at org.junit.platform.engine.support.hierarchical.SameThreadHierarchicalTestExecutorService.invokeAll(SameThreadHierarchicalTestExecutorService.java:41)
	at org.junit.platform.engine.support.hierarchical.NodeTestTask.lambda$executeRecursively$6(NodeTestTask.java:155)
	at org.junit.platform.engine.support.hierarchical.ThrowableCollector.execute(ThrowableCollector.java:73)
	at org.junit.platform.engine.support.hierarchical.NodeTestTask.lambda$executeRecursively$8(NodeTestTask.java:141)
	at org.junit.platform.engine.support.hierarchical.Node.around(Node.java:137)
	at org.junit.platform.engine.support.hierarchical.NodeTestTask.lambda$executeRecursively$9(NodeTestTask.java:139)
	at org.junit.platform.engine.support.hierarchical.ThrowableCollector.execute(ThrowableCollector.java:73)
	at org.junit.platform.engine.support.hierarchical.NodeTestTask.executeRecursively(NodeTestTask.java:138)
	at org.junit.platform.engine.support.hierarchical.NodeTestTask.execute(NodeTestTask.java:95)
	at org.junit.platform.engine.support.hierarchical.SameThreadHierarchicalTestExecutorService.submit(SameThreadHierarchicalTestExecutorService.java:35)
	at org.junit.platform.engine.support.hierarchical.HierarchicalTestExecutor.execute(HierarchicalTestExecutor.java:57)
	at org.junit.platform.engine.support.hierarchical.HierarchicalTestEngine.execute(HierarchicalTestEngine.java:54)
	at org.junit.platform.launcher.core.EngineExecutionOrchestrator.execute(EngineExecutionOrchestrator.java:107)
	at org.junit.platform.launcher.core.EngineExecutionOrchestrator.execute(EngineExecutionOrchestrator.java:88)
	at org.junit.platform.launcher.core.EngineExecutionOrchestrator.lambda$execute$0(EngineExecutionOrchestrator.java:54)
	at org.junit.platform.launcher.core.EngineExecutionOrchestrator.withInterceptedStreams(EngineExecutionOrchestrator.java:67)
	at org.junit.platform.launcher.core.EngineExecutionOrchestrator.execute(EngineExecutionOrchestrator.java:52)
	at org.junit.platform.launcher.core.DefaultLauncher.execute(DefaultLauncher.java:114)
	at org.junit.platform.launcher.core.DefaultLauncher.execute(DefaultLauncher.java:86)
	at org.junit.platform.launcher.core.DefaultLauncherSession$DelegatingLauncher.execute(DefaultLauncherSession.java:86)
	at org.gradle.api.internal.tasks.testing.junitplatform.JUnitPlatformTestClassProcessor$CollectAllTestClassesExecutor.processAllTestClasses(JUnitPlatformTestClassProcessor.java:110)
	at org.gradle.api.internal.tasks.testing.junitplatform.JUnitPlatformTestClassProcessor$CollectAllTestClassesExecutor.access$000(JUnitPlatformTestClassProcessor.java:90)
	at org.gradle.api.internal.tasks.testing.junitplatform.JUnitPlatformTestClassProcessor.stop(JUnitPlatformTestClassProcessor.java:85)
	at org.gradle.api.internal.tasks.testing.SuiteTestClassProcessor.stop(SuiteTestClassProcessor.java:62)
	at java.base/jdk.internal.reflect.NativeMethodAccessorImpl.invoke0(Native Method)
	at java.base/jdk.internal.reflect.NativeMethodAccessorImpl.invoke(NativeMethodAccessorImpl.java:62)
	at java.base/jdk.internal.reflect.DelegatingMethodAccessorImpl.invoke(DelegatingMethodAccessorImpl.java:43)
	at java.base/java.lang.reflect.Method.invoke(Method.java:566)
	at org.gradle.internal.dispatch.ReflectionDispatch.dispatch(ReflectionDispatch.java:36)
	at org.gradle.internal.dispatch.ReflectionDispatch.dispatch(ReflectionDispatch.java:24)
	at org.gradle.internal.dispatch.ContextClassLoaderDispatch.dispatch(ContextClassLoaderDispatch.java:33)
	at org.gradle.internal.dispatch.ProxyDispatchAdapter$DispatchingInvocationHandler.invoke(ProxyDispatchAdapter.java:94)
	at com.sun.proxy.$Proxy5.stop(Unknown Source)
	at org.gradle.api.internal.tasks.testing.worker.TestWorker$3.run(TestWorker.java:193)
	at org.gradle.api.internal.tasks.testing.worker.TestWorker.executeAndMaintainThreadName(TestWorker.java:129)
	at org.gradle.api.internal.tasks.testing.worker.TestWorker.execute(TestWorker.java:100)
	at org.gradle.api.internal.tasks.testing.worker.TestWorker.execute(TestWorker.java:60)
	at org.gradle.process.internal.worker.child.ActionExecutionWorker.execute(ActionExecutionWorker.java:56)
	at org.gradle.process.internal.worker.child.SystemApplicationClassLoaderWorker.call(SystemApplicationClassLoaderWorker.java:113)
	at org.gradle.process.internal.worker.child.SystemApplicationClassLoaderWorker.call(SystemApplicationClassLoaderWorker.java:65)
	at worker.org.gradle.process.internal.worker.GradleWorkerMain.run(GradleWorkerMain.java:69)
	at worker.org.gradle.process.internal.worker.GradleWorkerMain.main(GradleWorkerMain.java:74)
Caused by: UnsolvedSymbolException{context='arg0', name='Solving arg0', cause='null'}
	at com.github.javaparser.symbolsolver.javaparsermodel.TypeExtractor.visit(TypeExtractor.java:335)
	at com.github.javaparser.symbolsolver.javaparsermodel.TypeExtractor.visit(TypeExtractor.java:65)
	at com.github.javaparser.ast.expr.NameExpr.accept(NameExpr.java:79)
	at com.github.javaparser.symbolsolver.javaparsermodel.JavaParserFacade.getTypeConcrete(JavaParserFacade.java:505)
	at com.github.javaparser.symbolsolver.javaparsermodel.JavaParserFacade.getType(JavaParserFacade.java:352)
	at com.github.javaparser.symbolsolver.javaparsermodel.JavaParserFacade.getType(JavaParserFacade.java:334)
	at com.github.javaparser.symbolsolver.JavaSymbolSolver.calculateType(JavaSymbolSolver.java:294)
	at com.github.javaparser.ast.expr.Expression.calculateResolvedType(Expression.java:573)
	at de.uka.ilkd.key.java.JP2KeYVisitor.visit(JP2KeYConverter.java:707)
	at de.uka.ilkd.key.java.JP2KeYVisitor.visit(JP2KeYConverter.java:90)
	at com.github.javaparser.ast.expr.NameExpr.accept(NameExpr.java:79)
	at de.uka.ilkd.key.java.JP2KeYVisitor.lambda$map$1(JP2KeYConverter.java:402)
	at java.base/java.util.stream.ReferencePipeline$3$1.accept(ReferencePipeline.java:195)
	at java.base/java.util.ArrayList$ArrayListSpliterator.forEachRemaining(ArrayList.java:1655)
	at java.base/java.util.stream.AbstractPipeline.copyInto(AbstractPipeline.java:484)
	at java.base/java.util.stream.AbstractPipeline.wrapAndCopyInto(AbstractPipeline.java:474)
	at java.base/java.util.stream.ReduceOps$ReduceOp.evaluateSequential(ReduceOps.java:913)
	at java.base/java.util.stream.AbstractPipeline.evaluate(AbstractPipeline.java:234)
	at java.base/java.util.stream.ReferencePipeline.collect(ReferencePipeline.java:578)
	at de.uka.ilkd.key.java.JP2KeYVisitor.map(JP2KeYConverter.java:403)
	at de.uka.ilkd.key.java.JP2KeYVisitor.visit(JP2KeYConverter.java:506)
	at de.uka.ilkd.key.java.JP2KeYVisitor.visit(JP2KeYConverter.java:90)
	at com.github.javaparser.ast.stmt.ExplicitConstructorInvocationStmt.accept(ExplicitConstructorInvocationStmt.java:96)
	at de.uka.ilkd.key.java.JP2KeYVisitor.lambda$map$1(JP2KeYConverter.java:402)
	at java.base/java.util.stream.ReferencePipeline$3$1.accept(ReferencePipeline.java:195)
	at java.base/java.util.ArrayList$ArrayListSpliterator.forEachRemaining(ArrayList.java:1655)
	at java.base/java.util.stream.AbstractPipeline.copyInto(AbstractPipeline.java:484)
	at java.base/java.util.stream.AbstractPipeline.wrapAndCopyInto(AbstractPipeline.java:474)
	at java.base/java.util.stream.ReduceOps$ReduceOp.evaluateSequential(ReduceOps.java:913)
	at java.base/java.util.stream.AbstractPipeline.evaluate(AbstractPipeline.java:234)
	at java.base/java.util.stream.ReferencePipeline.collect(ReferencePipeline.java:578)
	at de.uka.ilkd.key.java.JP2KeYVisitor.map(JP2KeYConverter.java:403)
	at de.uka.ilkd.key.java.JP2KeYVisitor.visit(JP2KeYConverter.java:258)
	at de.uka.ilkd.key.java.JP2KeYVisitor.visit(JP2KeYConverter.java:90)
	at com.github.javaparser.ast.stmt.BlockStmt.accept(BlockStmt.java:70)
	at de.uka.ilkd.key.java.JP2KeYVisitor.lambda$map$1(JP2KeYConverter.java:402)
	at java.base/java.util.stream.ReferencePipeline$3$1.accept(ReferencePipeline.java:195)
	at java.base/java.util.ArrayList$ArrayListSpliterator.forEachRemaining(ArrayList.java:1655)
	at java.base/java.util.stream.AbstractPipeline.copyInto(AbstractPipeline.java:484)
	at java.base/java.util.stream.AbstractPipeline.wrapAndCopyInto(AbstractPipeline.java:474)
	at java.base/java.util.stream.ReduceOps$ReduceOp.evaluateSequential(ReduceOps.java:913)
	at java.base/java.util.stream.AbstractPipeline.evaluate(AbstractPipeline.java:234)
	at java.base/java.util.stream.ReferencePipeline.collect(ReferencePipeline.java:578)
	at de.uka.ilkd.key.java.JP2KeYVisitor.map(JP2KeYConverter.java:403)
	at de.uka.ilkd.key.java.JP2KeYVisitor.visit(JP2KeYConverter.java:258)
	at de.uka.ilkd.key.java.JP2KeYVisitor.visit(JP2KeYConverter.java:90)
	at com.github.javaparser.ast.stmt.BlockStmt.accept(BlockStmt.java:70)
	at de.uka.ilkd.key.java.JP2KeYVisitor.accept(JP2KeYConverter.java:348)
	at de.uka.ilkd.key.java.JP2KeYVisitor.visit(JP2KeYConverter.java:946)
	at de.uka.ilkd.key.java.JP2KeYVisitor.visit(JP2KeYConverter.java:90)
	at com.github.javaparser.ast.stmt.TryStmt.accept(TryStmt.java:135)
	at de.uka.ilkd.key.java.JP2KeYVisitor.lambda$map$1(JP2KeYConverter.java:402)
	at java.base/java.util.stream.ReferencePipeline$3$1.accept(ReferencePipeline.java:195)
	at java.base/java.util.ArrayList$ArrayListSpliterator.forEachRemaining(ArrayList.java:1655)
	at java.base/java.util.stream.AbstractPipeline.copyInto(AbstractPipeline.java:484)
	at java.base/java.util.stream.AbstractPipeline.wrapAndCopyInto(AbstractPipeline.java:474)
	at java.base/java.util.stream.ReduceOps$ReduceOp.evaluateSequential(ReduceOps.java:913)
	at java.base/java.util.stream.AbstractPipeline.evaluate(AbstractPipeline.java:234)
	at java.base/java.util.stream.ReferencePipeline.collect(ReferencePipeline.java:578)
	at de.uka.ilkd.key.java.JP2KeYVisitor.map(JP2KeYConverter.java:403)
	at de.uka.ilkd.key.java.JP2KeYVisitor.visit(JP2KeYConverter.java:258)
	at de.uka.ilkd.key.java.JP2KeYVisitor.visit(JP2KeYConverter.java:90)
	at com.github.javaparser.ast.stmt.BlockStmt.accept(BlockStmt.java:70)
	at de.uka.ilkd.key.java.JP2KeYVisitor.accept(JP2KeYConverter.java:348)
	at de.uka.ilkd.key.java.JP2KeYVisitor.visit(JP2KeYConverter.java:609)
	at de.uka.ilkd.key.java.JP2KeYVisitor.visit(JP2KeYConverter.java:90)
	at com.github.javaparser.ast.stmt.IfStmt.accept(IfStmt.java:82)
	at de.uka.ilkd.key.java.JP2KeYVisitor.lambda$map$1(JP2KeYConverter.java:402)
	at java.base/java.util.stream.ReferencePipeline$3$1.accept(ReferencePipeline.java:195)
	at java.base/java.util.ArrayList$ArrayListSpliterator.forEachRemaining(ArrayList.java:1655)
	at java.base/java.util.stream.AbstractPipeline.copyInto(AbstractPipeline.java:484)
	at java.base/java.util.stream.AbstractPipeline.wrapAndCopyInto(AbstractPipeline.java:474)
	at java.base/java.util.stream.ReduceOps$ReduceOp.evaluateSequential(ReduceOps.java:913)
	at java.base/java.util.stream.AbstractPipeline.evaluate(AbstractPipeline.java:234)
	at java.base/java.util.stream.ReferencePipeline.collect(ReferencePipeline.java:578)
	at de.uka.ilkd.key.java.JP2KeYVisitor.map(JP2KeYConverter.java:403)
	at de.uka.ilkd.key.java.JP2KeYVisitor.visit(JP2KeYConverter.java:258)
	at de.uka.ilkd.key.java.JP2KeYVisitor.visit(JP2KeYConverter.java:90)
	at com.github.javaparser.ast.stmt.BlockStmt.accept(BlockStmt.java:70)
	at de.uka.ilkd.key.java.JP2KeYVisitor.accept(JP2KeYConverter.java:348)
	at de.uka.ilkd.key.java.JP2KeYVisitor.visit(JP2KeYConverter.java:609)
	at de.uka.ilkd.key.java.JP2KeYVisitor.visit(JP2KeYConverter.java:90)
	at com.github.javaparser.ast.stmt.IfStmt.accept(IfStmt.java:82)
	at de.uka.ilkd.key.java.JP2KeYVisitor.lambda$map$1(JP2KeYConverter.java:402)
	at java.base/java.util.stream.ReferencePipeline$3$1.accept(ReferencePipeline.java:195)
	at java.base/java.util.ArrayList$ArrayListSpliterator.forEachRemaining(ArrayList.java:1655)
	at java.base/java.util.stream.AbstractPipeline.copyInto(AbstractPipeline.java:484)
	at java.base/java.util.stream.AbstractPipeline.wrapAndCopyInto(AbstractPipeline.java:474)
	at java.base/java.util.stream.ReduceOps$ReduceOp.evaluateSequential(ReduceOps.java:913)
	at java.base/java.util.stream.AbstractPipeline.evaluate(AbstractPipeline.java:234)
	at java.base/java.util.stream.ReferencePipeline.collect(ReferencePipeline.java:578)
	at de.uka.ilkd.key.java.JP2KeYVisitor.map(JP2KeYConverter.java:403)
	at de.uka.ilkd.key.java.JP2KeYVisitor.visit(JP2KeYConverter.java:258)
	at de.uka.ilkd.key.java.JP2KeYVisitor.visit(JP2KeYConverter.java:90)
	at com.github.javaparser.ast.stmt.BlockStmt.accept(BlockStmt.java:70)
	at de.uka.ilkd.key.java.JP2KeYVisitor.accept(JP2KeYConverter.java:348)
	at de.uka.ilkd.key.java.JP2KeYVisitor.accepto(JP2KeYConverter.java:418)
	at de.uka.ilkd.key.java.JP2KeYVisitor.visit(JP2KeYConverter.java:688)
	at de.uka.ilkd.key.java.JP2KeYVisitor.visit(JP2KeYConverter.java:90)
	at com.github.javaparser.ast.body.MethodDeclaration.accept(MethodDeclaration.java:98)
	at de.uka.ilkd.key.java.JP2KeYVisitor.lambda$map$1(JP2KeYConverter.java:402)
	at java.base/java.util.stream.ReferencePipeline$3$1.accept(ReferencePipeline.java:195)
	at java.base/java.util.ArrayList$ArrayListSpliterator.forEachRemaining(ArrayList.java:1655)
	at java.base/java.util.stream.AbstractPipeline.copyInto(AbstractPipeline.java:484)
	at java.base/java.util.stream.AbstractPipeline.wrapAndCopyInto(AbstractPipeline.java:474)
	at java.base/java.util.stream.ReduceOps$ReduceOp.evaluateSequential(ReduceOps.java:913)
	at java.base/java.util.stream.AbstractPipeline.evaluate(AbstractPipeline.java:234)
	at java.base/java.util.stream.ReferencePipeline.collect(ReferencePipeline.java:578)
	at de.uka.ilkd.key.java.JP2KeYVisitor.map(JP2KeYConverter.java:403)
	at de.uka.ilkd.key.java.JP2KeYVisitor.visit(JP2KeYConverter.java:310)
	at de.uka.ilkd.key.java.JP2KeYVisitor.visit(JP2KeYConverter.java:90)
	at com.github.javaparser.ast.body.ClassOrInterfaceDeclaration.accept(ClassOrInterfaceDeclaration.java:95)
	at de.uka.ilkd.key.java.JP2KeYVisitor.lambda$map$1(JP2KeYConverter.java:402)
	at java.base/java.util.stream.ReferencePipeline$3$1.accept(ReferencePipeline.java:195)
	at java.base/java.util.ArrayList$ArrayListSpliterator.forEachRemaining(ArrayList.java:1655)
	at java.base/java.util.stream.AbstractPipeline.copyInto(AbstractPipeline.java:484)
	at java.base/java.util.stream.AbstractPipeline.wrapAndCopyInto(AbstractPipeline.java:474)
	at java.base/java.util.stream.ReduceOps$ReduceOp.evaluateSequential(ReduceOps.java:913)
	at java.base/java.util.stream.AbstractPipeline.evaluate(AbstractPipeline.java:234)
	at java.base/java.util.stream.ReferencePipeline.collect(ReferencePipeline.java:578)
	at de.uka.ilkd.key.java.JP2KeYVisitor.map(JP2KeYConverter.java:403)
	at de.uka.ilkd.key.java.JP2KeYVisitor.visit(JP2KeYConverter.java:393)
	at de.uka.ilkd.key.java.JP2KeYVisitor.visit(JP2KeYConverter.java:90)
	at com.github.javaparser.ast.CompilationUnit.accept(CompilationUnit.java:124)
	at de.uka.ilkd.key.java.JP2KeYConverter.process(JP2KeYConverter.java:84)
	at de.uka.ilkd.key.java.JP2KeYConverter.processCompilationUnit(JP2KeYConverter.java:80)
	at de.uka.ilkd.key.java.JavaService.parseLibraryClasses0(JavaService.java:536)
	at de.uka.ilkd.key.java.JavaService.parseSpecialClasses(JavaService.java:511)
	at de.uka.ilkd.key.proof.init.ProblemInitializer.readJava(ProblemInitializer.java:280)
	at de.uka.ilkd.key.proof.init.ProblemInitializer.prepare(ProblemInitializer.java:529)
	at de.uka.ilkd.key.proof.init.ProblemInitializer.prepare(ProblemInitializer.java:471)
	at de.uka.ilkd.key.rule.TacletForTests.parse(TacletForTests.java:80)
	... 89 more
</failure>
  </testcase>
  <testcase name="testBindingUpdateTerm_8()" classname="de.uka.ilkd.key.parser.TestTermParser" time="0.001">
    <failure message="java.lang.RuntimeException: Exception occurred while parsing src\test\resources\testcase\testrules.key" type="java.lang.RuntimeException">java.lang.RuntimeException: Exception occurred while parsing src\test\resources\testcase\testrules.key
	at de.uka.ilkd.key.rule.TacletForTests.parse(TacletForTests.java:89)
	at de.uka.ilkd.key.rule.TacletForTests.parse(TacletForTests.java:125)
	at de.uka.ilkd.key.rule.TacletForTests.parse(TacletForTests.java:129)
	at de.uka.ilkd.key.rule.TacletForTests.services(TacletForTests.java:102)
	at de.uka.ilkd.key.parser.TestTermParser.getServices(TestTermParser.java:42)
	at de.uka.ilkd.key.parser.AbstractTestTermParser.&lt;init&gt;(AbstractTestTermParser.java:35)
	at de.uka.ilkd.key.parser.TestTermParser.&lt;init&gt;(TestTermParser.java:34)
	at jdk.internal.reflect.GeneratedConstructorAccessor17.newInstance(Unknown Source)
	at java.base/jdk.internal.reflect.DelegatingConstructorAccessorImpl.newInstance(DelegatingConstructorAccessorImpl.java:45)
	at java.base/java.lang.reflect.Constructor.newInstance(Constructor.java:490)
	at org.junit.platform.commons.util.ReflectionUtils.newInstance(ReflectionUtils.java:552)
	at org.junit.jupiter.engine.execution.ConstructorInvocation.proceed(ConstructorInvocation.java:56)
	at org.junit.jupiter.engine.execution.InvocationInterceptorChain$ValidatingInvocation.proceed(InvocationInterceptorChain.java:131)
	at org.junit.jupiter.api.extension.InvocationInterceptor.interceptTestClassConstructor(InvocationInterceptor.java:73)
	at org.junit.jupiter.engine.execution.InterceptingExecutableInvoker.lambda$invoke$0(InterceptingExecutableInvoker.java:93)
	at org.junit.jupiter.engine.execution.InvocationInterceptorChain$InterceptedInvocation.proceed(InvocationInterceptorChain.java:106)
	at org.junit.jupiter.engine.execution.InvocationInterceptorChain.proceed(InvocationInterceptorChain.java:64)
	at org.junit.jupiter.engine.execution.InvocationInterceptorChain.chainAndInvoke(InvocationInterceptorChain.java:45)
	at org.junit.jupiter.engine.execution.InvocationInterceptorChain.invoke(InvocationInterceptorChain.java:37)
	at org.junit.jupiter.engine.execution.InterceptingExecutableInvoker.invoke(InterceptingExecutableInvoker.java:92)
	at org.junit.jupiter.engine.execution.InterceptingExecutableInvoker.invoke(InterceptingExecutableInvoker.java:62)
	at org.junit.jupiter.engine.descriptor.ClassBasedTestDescriptor.invokeTestClassConstructor(ClassBasedTestDescriptor.java:363)
	at org.junit.jupiter.engine.descriptor.ClassBasedTestDescriptor.instantiateTestClass(ClassBasedTestDescriptor.java:310)
	at org.junit.jupiter.engine.descriptor.ClassTestDescriptor.instantiateTestClass(ClassTestDescriptor.java:79)
	at org.junit.jupiter.engine.descriptor.ClassBasedTestDescriptor.instantiateAndPostProcessTestInstance(ClassBasedTestDescriptor.java:286)
	at org.junit.jupiter.engine.descriptor.ClassBasedTestDescriptor.lambda$testInstancesProvider$4(ClassBasedTestDescriptor.java:278)
	at java.base/java.util.Optional.orElseGet(Optional.java:369)
	at org.junit.jupiter.engine.descriptor.ClassBasedTestDescriptor.lambda$testInstancesProvider$5(ClassBasedTestDescriptor.java:277)
	at org.junit.jupiter.engine.execution.TestInstancesProvider.getTestInstances(TestInstancesProvider.java:31)
	at org.junit.jupiter.engine.descriptor.TestMethodTestDescriptor.lambda$prepare$0(TestMethodTestDescriptor.java:105)
	at org.junit.platform.engine.support.hierarchical.ThrowableCollector.execute(ThrowableCollector.java:73)
	at org.junit.jupiter.engine.descriptor.TestMethodTestDescriptor.prepare(TestMethodTestDescriptor.java:104)
	at org.junit.jupiter.engine.descriptor.TestMethodTestDescriptor.prepare(TestMethodTestDescriptor.java:68)
	at org.junit.platform.engine.support.hierarchical.NodeTestTask.lambda$prepare$2(NodeTestTask.java:123)
	at org.junit.platform.engine.support.hierarchical.ThrowableCollector.execute(ThrowableCollector.java:73)
	at org.junit.platform.engine.support.hierarchical.NodeTestTask.prepare(NodeTestTask.java:123)
	at org.junit.platform.engine.support.hierarchical.NodeTestTask.execute(NodeTestTask.java:90)
	at java.base/java.util.ArrayList.forEach(ArrayList.java:1541)
	at org.junit.platform.engine.support.hierarchical.SameThreadHierarchicalTestExecutorService.invokeAll(SameThreadHierarchicalTestExecutorService.java:41)
	at org.junit.platform.engine.support.hierarchical.NodeTestTask.lambda$executeRecursively$6(NodeTestTask.java:155)
	at org.junit.platform.engine.support.hierarchical.ThrowableCollector.execute(ThrowableCollector.java:73)
	at org.junit.platform.engine.support.hierarchical.NodeTestTask.lambda$executeRecursively$8(NodeTestTask.java:141)
	at org.junit.platform.engine.support.hierarchical.Node.around(Node.java:137)
	at org.junit.platform.engine.support.hierarchical.NodeTestTask.lambda$executeRecursively$9(NodeTestTask.java:139)
	at org.junit.platform.engine.support.hierarchical.ThrowableCollector.execute(ThrowableCollector.java:73)
	at org.junit.platform.engine.support.hierarchical.NodeTestTask.executeRecursively(NodeTestTask.java:138)
	at org.junit.platform.engine.support.hierarchical.NodeTestTask.execute(NodeTestTask.java:95)
	at java.base/java.util.ArrayList.forEach(ArrayList.java:1541)
	at org.junit.platform.engine.support.hierarchical.SameThreadHierarchicalTestExecutorService.invokeAll(SameThreadHierarchicalTestExecutorService.java:41)
	at org.junit.platform.engine.support.hierarchical.NodeTestTask.lambda$executeRecursively$6(NodeTestTask.java:155)
	at org.junit.platform.engine.support.hierarchical.ThrowableCollector.execute(ThrowableCollector.java:73)
	at org.junit.platform.engine.support.hierarchical.NodeTestTask.lambda$executeRecursively$8(NodeTestTask.java:141)
	at org.junit.platform.engine.support.hierarchical.Node.around(Node.java:137)
	at org.junit.platform.engine.support.hierarchical.NodeTestTask.lambda$executeRecursively$9(NodeTestTask.java:139)
	at org.junit.platform.engine.support.hierarchical.ThrowableCollector.execute(ThrowableCollector.java:73)
	at org.junit.platform.engine.support.hierarchical.NodeTestTask.executeRecursively(NodeTestTask.java:138)
	at org.junit.platform.engine.support.hierarchical.NodeTestTask.execute(NodeTestTask.java:95)
	at org.junit.platform.engine.support.hierarchical.SameThreadHierarchicalTestExecutorService.submit(SameThreadHierarchicalTestExecutorService.java:35)
	at org.junit.platform.engine.support.hierarchical.HierarchicalTestExecutor.execute(HierarchicalTestExecutor.java:57)
	at org.junit.platform.engine.support.hierarchical.HierarchicalTestEngine.execute(HierarchicalTestEngine.java:54)
	at org.junit.platform.launcher.core.EngineExecutionOrchestrator.execute(EngineExecutionOrchestrator.java:107)
	at org.junit.platform.launcher.core.EngineExecutionOrchestrator.execute(EngineExecutionOrchestrator.java:88)
	at org.junit.platform.launcher.core.EngineExecutionOrchestrator.lambda$execute$0(EngineExecutionOrchestrator.java:54)
	at org.junit.platform.launcher.core.EngineExecutionOrchestrator.withInterceptedStreams(EngineExecutionOrchestrator.java:67)
	at org.junit.platform.launcher.core.EngineExecutionOrchestrator.execute(EngineExecutionOrchestrator.java:52)
	at org.junit.platform.launcher.core.DefaultLauncher.execute(DefaultLauncher.java:114)
	at org.junit.platform.launcher.core.DefaultLauncher.execute(DefaultLauncher.java:86)
	at org.junit.platform.launcher.core.DefaultLauncherSession$DelegatingLauncher.execute(DefaultLauncherSession.java:86)
	at org.gradle.api.internal.tasks.testing.junitplatform.JUnitPlatformTestClassProcessor$CollectAllTestClassesExecutor.processAllTestClasses(JUnitPlatformTestClassProcessor.java:110)
	at org.gradle.api.internal.tasks.testing.junitplatform.JUnitPlatformTestClassProcessor$CollectAllTestClassesExecutor.access$000(JUnitPlatformTestClassProcessor.java:90)
	at org.gradle.api.internal.tasks.testing.junitplatform.JUnitPlatformTestClassProcessor.stop(JUnitPlatformTestClassProcessor.java:85)
	at org.gradle.api.internal.tasks.testing.SuiteTestClassProcessor.stop(SuiteTestClassProcessor.java:62)
	at java.base/jdk.internal.reflect.NativeMethodAccessorImpl.invoke0(Native Method)
	at java.base/jdk.internal.reflect.NativeMethodAccessorImpl.invoke(NativeMethodAccessorImpl.java:62)
	at java.base/jdk.internal.reflect.DelegatingMethodAccessorImpl.invoke(DelegatingMethodAccessorImpl.java:43)
	at java.base/java.lang.reflect.Method.invoke(Method.java:566)
	at org.gradle.internal.dispatch.ReflectionDispatch.dispatch(ReflectionDispatch.java:36)
	at org.gradle.internal.dispatch.ReflectionDispatch.dispatch(ReflectionDispatch.java:24)
	at org.gradle.internal.dispatch.ContextClassLoaderDispatch.dispatch(ContextClassLoaderDispatch.java:33)
	at org.gradle.internal.dispatch.ProxyDispatchAdapter$DispatchingInvocationHandler.invoke(ProxyDispatchAdapter.java:94)
	at com.sun.proxy.$Proxy5.stop(Unknown Source)
	at org.gradle.api.internal.tasks.testing.worker.TestWorker$3.run(TestWorker.java:193)
	at org.gradle.api.internal.tasks.testing.worker.TestWorker.executeAndMaintainThreadName(TestWorker.java:129)
	at org.gradle.api.internal.tasks.testing.worker.TestWorker.execute(TestWorker.java:100)
	at org.gradle.api.internal.tasks.testing.worker.TestWorker.execute(TestWorker.java:60)
	at org.gradle.process.internal.worker.child.ActionExecutionWorker.execute(ActionExecutionWorker.java:56)
	at org.gradle.process.internal.worker.child.SystemApplicationClassLoaderWorker.call(SystemApplicationClassLoaderWorker.java:113)
	at org.gradle.process.internal.worker.child.SystemApplicationClassLoaderWorker.call(SystemApplicationClassLoaderWorker.java:65)
	at worker.org.gradle.process.internal.worker.GradleWorkerMain.run(GradleWorkerMain.java:69)
	at worker.org.gradle.process.internal.worker.GradleWorkerMain.main(GradleWorkerMain.java:74)
Caused by: UnsolvedSymbolException{context='arg0', name='Solving arg0', cause='null'}
	at com.github.javaparser.symbolsolver.javaparsermodel.TypeExtractor.visit(TypeExtractor.java:335)
	at com.github.javaparser.symbolsolver.javaparsermodel.TypeExtractor.visit(TypeExtractor.java:65)
	at com.github.javaparser.ast.expr.NameExpr.accept(NameExpr.java:79)
	at com.github.javaparser.symbolsolver.javaparsermodel.JavaParserFacade.getTypeConcrete(JavaParserFacade.java:505)
	at com.github.javaparser.symbolsolver.javaparsermodel.JavaParserFacade.getType(JavaParserFacade.java:352)
	at com.github.javaparser.symbolsolver.javaparsermodel.JavaParserFacade.getType(JavaParserFacade.java:334)
	at com.github.javaparser.symbolsolver.JavaSymbolSolver.calculateType(JavaSymbolSolver.java:294)
	at com.github.javaparser.ast.expr.Expression.calculateResolvedType(Expression.java:573)
	at de.uka.ilkd.key.java.JP2KeYVisitor.visit(JP2KeYConverter.java:707)
	at de.uka.ilkd.key.java.JP2KeYVisitor.visit(JP2KeYConverter.java:90)
	at com.github.javaparser.ast.expr.NameExpr.accept(NameExpr.java:79)
	at de.uka.ilkd.key.java.JP2KeYVisitor.lambda$map$1(JP2KeYConverter.java:402)
	at java.base/java.util.stream.ReferencePipeline$3$1.accept(ReferencePipeline.java:195)
	at java.base/java.util.ArrayList$ArrayListSpliterator.forEachRemaining(ArrayList.java:1655)
	at java.base/java.util.stream.AbstractPipeline.copyInto(AbstractPipeline.java:484)
	at java.base/java.util.stream.AbstractPipeline.wrapAndCopyInto(AbstractPipeline.java:474)
	at java.base/java.util.stream.ReduceOps$ReduceOp.evaluateSequential(ReduceOps.java:913)
	at java.base/java.util.stream.AbstractPipeline.evaluate(AbstractPipeline.java:234)
	at java.base/java.util.stream.ReferencePipeline.collect(ReferencePipeline.java:578)
	at de.uka.ilkd.key.java.JP2KeYVisitor.map(JP2KeYConverter.java:403)
	at de.uka.ilkd.key.java.JP2KeYVisitor.visit(JP2KeYConverter.java:506)
	at de.uka.ilkd.key.java.JP2KeYVisitor.visit(JP2KeYConverter.java:90)
	at com.github.javaparser.ast.stmt.ExplicitConstructorInvocationStmt.accept(ExplicitConstructorInvocationStmt.java:96)
	at de.uka.ilkd.key.java.JP2KeYVisitor.lambda$map$1(JP2KeYConverter.java:402)
	at java.base/java.util.stream.ReferencePipeline$3$1.accept(ReferencePipeline.java:195)
	at java.base/java.util.ArrayList$ArrayListSpliterator.forEachRemaining(ArrayList.java:1655)
	at java.base/java.util.stream.AbstractPipeline.copyInto(AbstractPipeline.java:484)
	at java.base/java.util.stream.AbstractPipeline.wrapAndCopyInto(AbstractPipeline.java:474)
	at java.base/java.util.stream.ReduceOps$ReduceOp.evaluateSequential(ReduceOps.java:913)
	at java.base/java.util.stream.AbstractPipeline.evaluate(AbstractPipeline.java:234)
	at java.base/java.util.stream.ReferencePipeline.collect(ReferencePipeline.java:578)
	at de.uka.ilkd.key.java.JP2KeYVisitor.map(JP2KeYConverter.java:403)
	at de.uka.ilkd.key.java.JP2KeYVisitor.visit(JP2KeYConverter.java:258)
	at de.uka.ilkd.key.java.JP2KeYVisitor.visit(JP2KeYConverter.java:90)
	at com.github.javaparser.ast.stmt.BlockStmt.accept(BlockStmt.java:70)
	at de.uka.ilkd.key.java.JP2KeYVisitor.lambda$map$1(JP2KeYConverter.java:402)
	at java.base/java.util.stream.ReferencePipeline$3$1.accept(ReferencePipeline.java:195)
	at java.base/java.util.ArrayList$ArrayListSpliterator.forEachRemaining(ArrayList.java:1655)
	at java.base/java.util.stream.AbstractPipeline.copyInto(AbstractPipeline.java:484)
	at java.base/java.util.stream.AbstractPipeline.wrapAndCopyInto(AbstractPipeline.java:474)
	at java.base/java.util.stream.ReduceOps$ReduceOp.evaluateSequential(ReduceOps.java:913)
	at java.base/java.util.stream.AbstractPipeline.evaluate(AbstractPipeline.java:234)
	at java.base/java.util.stream.ReferencePipeline.collect(ReferencePipeline.java:578)
	at de.uka.ilkd.key.java.JP2KeYVisitor.map(JP2KeYConverter.java:403)
	at de.uka.ilkd.key.java.JP2KeYVisitor.visit(JP2KeYConverter.java:258)
	at de.uka.ilkd.key.java.JP2KeYVisitor.visit(JP2KeYConverter.java:90)
	at com.github.javaparser.ast.stmt.BlockStmt.accept(BlockStmt.java:70)
	at de.uka.ilkd.key.java.JP2KeYVisitor.accept(JP2KeYConverter.java:348)
	at de.uka.ilkd.key.java.JP2KeYVisitor.visit(JP2KeYConverter.java:946)
	at de.uka.ilkd.key.java.JP2KeYVisitor.visit(JP2KeYConverter.java:90)
	at com.github.javaparser.ast.stmt.TryStmt.accept(TryStmt.java:135)
	at de.uka.ilkd.key.java.JP2KeYVisitor.lambda$map$1(JP2KeYConverter.java:402)
	at java.base/java.util.stream.ReferencePipeline$3$1.accept(ReferencePipeline.java:195)
	at java.base/java.util.ArrayList$ArrayListSpliterator.forEachRemaining(ArrayList.java:1655)
	at java.base/java.util.stream.AbstractPipeline.copyInto(AbstractPipeline.java:484)
	at java.base/java.util.stream.AbstractPipeline.wrapAndCopyInto(AbstractPipeline.java:474)
	at java.base/java.util.stream.ReduceOps$ReduceOp.evaluateSequential(ReduceOps.java:913)
	at java.base/java.util.stream.AbstractPipeline.evaluate(AbstractPipeline.java:234)
	at java.base/java.util.stream.ReferencePipeline.collect(ReferencePipeline.java:578)
	at de.uka.ilkd.key.java.JP2KeYVisitor.map(JP2KeYConverter.java:403)
	at de.uka.ilkd.key.java.JP2KeYVisitor.visit(JP2KeYConverter.java:258)
	at de.uka.ilkd.key.java.JP2KeYVisitor.visit(JP2KeYConverter.java:90)
	at com.github.javaparser.ast.stmt.BlockStmt.accept(BlockStmt.java:70)
	at de.uka.ilkd.key.java.JP2KeYVisitor.accept(JP2KeYConverter.java:348)
	at de.uka.ilkd.key.java.JP2KeYVisitor.visit(JP2KeYConverter.java:609)
	at de.uka.ilkd.key.java.JP2KeYVisitor.visit(JP2KeYConverter.java:90)
	at com.github.javaparser.ast.stmt.IfStmt.accept(IfStmt.java:82)
	at de.uka.ilkd.key.java.JP2KeYVisitor.lambda$map$1(JP2KeYConverter.java:402)
	at java.base/java.util.stream.ReferencePipeline$3$1.accept(ReferencePipeline.java:195)
	at java.base/java.util.ArrayList$ArrayListSpliterator.forEachRemaining(ArrayList.java:1655)
	at java.base/java.util.stream.AbstractPipeline.copyInto(AbstractPipeline.java:484)
	at java.base/java.util.stream.AbstractPipeline.wrapAndCopyInto(AbstractPipeline.java:474)
	at java.base/java.util.stream.ReduceOps$ReduceOp.evaluateSequential(ReduceOps.java:913)
	at java.base/java.util.stream.AbstractPipeline.evaluate(AbstractPipeline.java:234)
	at java.base/java.util.stream.ReferencePipeline.collect(ReferencePipeline.java:578)
	at de.uka.ilkd.key.java.JP2KeYVisitor.map(JP2KeYConverter.java:403)
	at de.uka.ilkd.key.java.JP2KeYVisitor.visit(JP2KeYConverter.java:258)
	at de.uka.ilkd.key.java.JP2KeYVisitor.visit(JP2KeYConverter.java:90)
	at com.github.javaparser.ast.stmt.BlockStmt.accept(BlockStmt.java:70)
	at de.uka.ilkd.key.java.JP2KeYVisitor.accept(JP2KeYConverter.java:348)
	at de.uka.ilkd.key.java.JP2KeYVisitor.visit(JP2KeYConverter.java:609)
	at de.uka.ilkd.key.java.JP2KeYVisitor.visit(JP2KeYConverter.java:90)
	at com.github.javaparser.ast.stmt.IfStmt.accept(IfStmt.java:82)
	at de.uka.ilkd.key.java.JP2KeYVisitor.lambda$map$1(JP2KeYConverter.java:402)
	at java.base/java.util.stream.ReferencePipeline$3$1.accept(ReferencePipeline.java:195)
	at java.base/java.util.ArrayList$ArrayListSpliterator.forEachRemaining(ArrayList.java:1655)
	at java.base/java.util.stream.AbstractPipeline.copyInto(AbstractPipeline.java:484)
	at java.base/java.util.stream.AbstractPipeline.wrapAndCopyInto(AbstractPipeline.java:474)
	at java.base/java.util.stream.ReduceOps$ReduceOp.evaluateSequential(ReduceOps.java:913)
	at java.base/java.util.stream.AbstractPipeline.evaluate(AbstractPipeline.java:234)
	at java.base/java.util.stream.ReferencePipeline.collect(ReferencePipeline.java:578)
	at de.uka.ilkd.key.java.JP2KeYVisitor.map(JP2KeYConverter.java:403)
	at de.uka.ilkd.key.java.JP2KeYVisitor.visit(JP2KeYConverter.java:258)
	at de.uka.ilkd.key.java.JP2KeYVisitor.visit(JP2KeYConverter.java:90)
	at com.github.javaparser.ast.stmt.BlockStmt.accept(BlockStmt.java:70)
	at de.uka.ilkd.key.java.JP2KeYVisitor.accept(JP2KeYConverter.java:348)
	at de.uka.ilkd.key.java.JP2KeYVisitor.accepto(JP2KeYConverter.java:418)
	at de.uka.ilkd.key.java.JP2KeYVisitor.visit(JP2KeYConverter.java:688)
	at de.uka.ilkd.key.java.JP2KeYVisitor.visit(JP2KeYConverter.java:90)
	at com.github.javaparser.ast.body.MethodDeclaration.accept(MethodDeclaration.java:98)
	at de.uka.ilkd.key.java.JP2KeYVisitor.lambda$map$1(JP2KeYConverter.java:402)
	at java.base/java.util.stream.ReferencePipeline$3$1.accept(ReferencePipeline.java:195)
	at java.base/java.util.ArrayList$ArrayListSpliterator.forEachRemaining(ArrayList.java:1655)
	at java.base/java.util.stream.AbstractPipeline.copyInto(AbstractPipeline.java:484)
	at java.base/java.util.stream.AbstractPipeline.wrapAndCopyInto(AbstractPipeline.java:474)
	at java.base/java.util.stream.ReduceOps$ReduceOp.evaluateSequential(ReduceOps.java:913)
	at java.base/java.util.stream.AbstractPipeline.evaluate(AbstractPipeline.java:234)
	at java.base/java.util.stream.ReferencePipeline.collect(ReferencePipeline.java:578)
	at de.uka.ilkd.key.java.JP2KeYVisitor.map(JP2KeYConverter.java:403)
	at de.uka.ilkd.key.java.JP2KeYVisitor.visit(JP2KeYConverter.java:310)
	at de.uka.ilkd.key.java.JP2KeYVisitor.visit(JP2KeYConverter.java:90)
	at com.github.javaparser.ast.body.ClassOrInterfaceDeclaration.accept(ClassOrInterfaceDeclaration.java:95)
	at de.uka.ilkd.key.java.JP2KeYVisitor.lambda$map$1(JP2KeYConverter.java:402)
	at java.base/java.util.stream.ReferencePipeline$3$1.accept(ReferencePipeline.java:195)
	at java.base/java.util.ArrayList$ArrayListSpliterator.forEachRemaining(ArrayList.java:1655)
	at java.base/java.util.stream.AbstractPipeline.copyInto(AbstractPipeline.java:484)
	at java.base/java.util.stream.AbstractPipeline.wrapAndCopyInto(AbstractPipeline.java:474)
	at java.base/java.util.stream.ReduceOps$ReduceOp.evaluateSequential(ReduceOps.java:913)
	at java.base/java.util.stream.AbstractPipeline.evaluate(AbstractPipeline.java:234)
	at java.base/java.util.stream.ReferencePipeline.collect(ReferencePipeline.java:578)
	at de.uka.ilkd.key.java.JP2KeYVisitor.map(JP2KeYConverter.java:403)
	at de.uka.ilkd.key.java.JP2KeYVisitor.visit(JP2KeYConverter.java:393)
	at de.uka.ilkd.key.java.JP2KeYVisitor.visit(JP2KeYConverter.java:90)
	at com.github.javaparser.ast.CompilationUnit.accept(CompilationUnit.java:124)
	at de.uka.ilkd.key.java.JP2KeYConverter.process(JP2KeYConverter.java:84)
	at de.uka.ilkd.key.java.JP2KeYConverter.processCompilationUnit(JP2KeYConverter.java:80)
	at de.uka.ilkd.key.java.JavaService.parseLibraryClasses0(JavaService.java:536)
	at de.uka.ilkd.key.java.JavaService.parseSpecialClasses(JavaService.java:511)
	at de.uka.ilkd.key.proof.init.ProblemInitializer.readJava(ProblemInitializer.java:280)
	at de.uka.ilkd.key.proof.init.ProblemInitializer.prepare(ProblemInitializer.java:529)
	at de.uka.ilkd.key.proof.init.ProblemInitializer.prepare(ProblemInitializer.java:471)
	at de.uka.ilkd.key.rule.TacletForTests.parse(TacletForTests.java:80)
	... 89 more
</failure>
  </testcase>
  <testcase name="testParsingArray()" classname="de.uka.ilkd.key.parser.TestTermParser" time="0.001">
    <failure message="java.lang.RuntimeException: Exception occurred while parsing src\test\resources\testcase\testrules.key" type="java.lang.RuntimeException">java.lang.RuntimeException: Exception occurred while parsing src\test\resources\testcase\testrules.key
	at de.uka.ilkd.key.rule.TacletForTests.parse(TacletForTests.java:89)
	at de.uka.ilkd.key.rule.TacletForTests.parse(TacletForTests.java:125)
	at de.uka.ilkd.key.rule.TacletForTests.parse(TacletForTests.java:129)
	at de.uka.ilkd.key.rule.TacletForTests.services(TacletForTests.java:102)
	at de.uka.ilkd.key.parser.TestTermParser.getServices(TestTermParser.java:42)
	at de.uka.ilkd.key.parser.AbstractTestTermParser.&lt;init&gt;(AbstractTestTermParser.java:35)
	at de.uka.ilkd.key.parser.TestTermParser.&lt;init&gt;(TestTermParser.java:34)
	at jdk.internal.reflect.GeneratedConstructorAccessor17.newInstance(Unknown Source)
	at java.base/jdk.internal.reflect.DelegatingConstructorAccessorImpl.newInstance(DelegatingConstructorAccessorImpl.java:45)
	at java.base/java.lang.reflect.Constructor.newInstance(Constructor.java:490)
	at org.junit.platform.commons.util.ReflectionUtils.newInstance(ReflectionUtils.java:552)
	at org.junit.jupiter.engine.execution.ConstructorInvocation.proceed(ConstructorInvocation.java:56)
	at org.junit.jupiter.engine.execution.InvocationInterceptorChain$ValidatingInvocation.proceed(InvocationInterceptorChain.java:131)
	at org.junit.jupiter.api.extension.InvocationInterceptor.interceptTestClassConstructor(InvocationInterceptor.java:73)
	at org.junit.jupiter.engine.execution.InterceptingExecutableInvoker.lambda$invoke$0(InterceptingExecutableInvoker.java:93)
	at org.junit.jupiter.engine.execution.InvocationInterceptorChain$InterceptedInvocation.proceed(InvocationInterceptorChain.java:106)
	at org.junit.jupiter.engine.execution.InvocationInterceptorChain.proceed(InvocationInterceptorChain.java:64)
	at org.junit.jupiter.engine.execution.InvocationInterceptorChain.chainAndInvoke(InvocationInterceptorChain.java:45)
	at org.junit.jupiter.engine.execution.InvocationInterceptorChain.invoke(InvocationInterceptorChain.java:37)
	at org.junit.jupiter.engine.execution.InterceptingExecutableInvoker.invoke(InterceptingExecutableInvoker.java:92)
	at org.junit.jupiter.engine.execution.InterceptingExecutableInvoker.invoke(InterceptingExecutableInvoker.java:62)
	at org.junit.jupiter.engine.descriptor.ClassBasedTestDescriptor.invokeTestClassConstructor(ClassBasedTestDescriptor.java:363)
	at org.junit.jupiter.engine.descriptor.ClassBasedTestDescriptor.instantiateTestClass(ClassBasedTestDescriptor.java:310)
	at org.junit.jupiter.engine.descriptor.ClassTestDescriptor.instantiateTestClass(ClassTestDescriptor.java:79)
	at org.junit.jupiter.engine.descriptor.ClassBasedTestDescriptor.instantiateAndPostProcessTestInstance(ClassBasedTestDescriptor.java:286)
	at org.junit.jupiter.engine.descriptor.ClassBasedTestDescriptor.lambda$testInstancesProvider$4(ClassBasedTestDescriptor.java:278)
	at java.base/java.util.Optional.orElseGet(Optional.java:369)
	at org.junit.jupiter.engine.descriptor.ClassBasedTestDescriptor.lambda$testInstancesProvider$5(ClassBasedTestDescriptor.java:277)
	at org.junit.jupiter.engine.execution.TestInstancesProvider.getTestInstances(TestInstancesProvider.java:31)
	at org.junit.jupiter.engine.descriptor.TestMethodTestDescriptor.lambda$prepare$0(TestMethodTestDescriptor.java:105)
	at org.junit.platform.engine.support.hierarchical.ThrowableCollector.execute(ThrowableCollector.java:73)
	at org.junit.jupiter.engine.descriptor.TestMethodTestDescriptor.prepare(TestMethodTestDescriptor.java:104)
	at org.junit.jupiter.engine.descriptor.TestMethodTestDescriptor.prepare(TestMethodTestDescriptor.java:68)
	at org.junit.platform.engine.support.hierarchical.NodeTestTask.lambda$prepare$2(NodeTestTask.java:123)
	at org.junit.platform.engine.support.hierarchical.ThrowableCollector.execute(ThrowableCollector.java:73)
	at org.junit.platform.engine.support.hierarchical.NodeTestTask.prepare(NodeTestTask.java:123)
	at org.junit.platform.engine.support.hierarchical.NodeTestTask.execute(NodeTestTask.java:90)
	at java.base/java.util.ArrayList.forEach(ArrayList.java:1541)
	at org.junit.platform.engine.support.hierarchical.SameThreadHierarchicalTestExecutorService.invokeAll(SameThreadHierarchicalTestExecutorService.java:41)
	at org.junit.platform.engine.support.hierarchical.NodeTestTask.lambda$executeRecursively$6(NodeTestTask.java:155)
	at org.junit.platform.engine.support.hierarchical.ThrowableCollector.execute(ThrowableCollector.java:73)
	at org.junit.platform.engine.support.hierarchical.NodeTestTask.lambda$executeRecursively$8(NodeTestTask.java:141)
	at org.junit.platform.engine.support.hierarchical.Node.around(Node.java:137)
	at org.junit.platform.engine.support.hierarchical.NodeTestTask.lambda$executeRecursively$9(NodeTestTask.java:139)
	at org.junit.platform.engine.support.hierarchical.ThrowableCollector.execute(ThrowableCollector.java:73)
	at org.junit.platform.engine.support.hierarchical.NodeTestTask.executeRecursively(NodeTestTask.java:138)
	at org.junit.platform.engine.support.hierarchical.NodeTestTask.execute(NodeTestTask.java:95)
	at java.base/java.util.ArrayList.forEach(ArrayList.java:1541)
	at org.junit.platform.engine.support.hierarchical.SameThreadHierarchicalTestExecutorService.invokeAll(SameThreadHierarchicalTestExecutorService.java:41)
	at org.junit.platform.engine.support.hierarchical.NodeTestTask.lambda$executeRecursively$6(NodeTestTask.java:155)
	at org.junit.platform.engine.support.hierarchical.ThrowableCollector.execute(ThrowableCollector.java:73)
	at org.junit.platform.engine.support.hierarchical.NodeTestTask.lambda$executeRecursively$8(NodeTestTask.java:141)
	at org.junit.platform.engine.support.hierarchical.Node.around(Node.java:137)
	at org.junit.platform.engine.support.hierarchical.NodeTestTask.lambda$executeRecursively$9(NodeTestTask.java:139)
	at org.junit.platform.engine.support.hierarchical.ThrowableCollector.execute(ThrowableCollector.java:73)
	at org.junit.platform.engine.support.hierarchical.NodeTestTask.executeRecursively(NodeTestTask.java:138)
	at org.junit.platform.engine.support.hierarchical.NodeTestTask.execute(NodeTestTask.java:95)
	at org.junit.platform.engine.support.hierarchical.SameThreadHierarchicalTestExecutorService.submit(SameThreadHierarchicalTestExecutorService.java:35)
	at org.junit.platform.engine.support.hierarchical.HierarchicalTestExecutor.execute(HierarchicalTestExecutor.java:57)
	at org.junit.platform.engine.support.hierarchical.HierarchicalTestEngine.execute(HierarchicalTestEngine.java:54)
	at org.junit.platform.launcher.core.EngineExecutionOrchestrator.execute(EngineExecutionOrchestrator.java:107)
	at org.junit.platform.launcher.core.EngineExecutionOrchestrator.execute(EngineExecutionOrchestrator.java:88)
	at org.junit.platform.launcher.core.EngineExecutionOrchestrator.lambda$execute$0(EngineExecutionOrchestrator.java:54)
	at org.junit.platform.launcher.core.EngineExecutionOrchestrator.withInterceptedStreams(EngineExecutionOrchestrator.java:67)
	at org.junit.platform.launcher.core.EngineExecutionOrchestrator.execute(EngineExecutionOrchestrator.java:52)
	at org.junit.platform.launcher.core.DefaultLauncher.execute(DefaultLauncher.java:114)
	at org.junit.platform.launcher.core.DefaultLauncher.execute(DefaultLauncher.java:86)
	at org.junit.platform.launcher.core.DefaultLauncherSession$DelegatingLauncher.execute(DefaultLauncherSession.java:86)
	at org.gradle.api.internal.tasks.testing.junitplatform.JUnitPlatformTestClassProcessor$CollectAllTestClassesExecutor.processAllTestClasses(JUnitPlatformTestClassProcessor.java:110)
	at org.gradle.api.internal.tasks.testing.junitplatform.JUnitPlatformTestClassProcessor$CollectAllTestClassesExecutor.access$000(JUnitPlatformTestClassProcessor.java:90)
	at org.gradle.api.internal.tasks.testing.junitplatform.JUnitPlatformTestClassProcessor.stop(JUnitPlatformTestClassProcessor.java:85)
	at org.gradle.api.internal.tasks.testing.SuiteTestClassProcessor.stop(SuiteTestClassProcessor.java:62)
	at java.base/jdk.internal.reflect.NativeMethodAccessorImpl.invoke0(Native Method)
	at java.base/jdk.internal.reflect.NativeMethodAccessorImpl.invoke(NativeMethodAccessorImpl.java:62)
	at java.base/jdk.internal.reflect.DelegatingMethodAccessorImpl.invoke(DelegatingMethodAccessorImpl.java:43)
	at java.base/java.lang.reflect.Method.invoke(Method.java:566)
	at org.gradle.internal.dispatch.ReflectionDispatch.dispatch(ReflectionDispatch.java:36)
	at org.gradle.internal.dispatch.ReflectionDispatch.dispatch(ReflectionDispatch.java:24)
	at org.gradle.internal.dispatch.ContextClassLoaderDispatch.dispatch(ContextClassLoaderDispatch.java:33)
	at org.gradle.internal.dispatch.ProxyDispatchAdapter$DispatchingInvocationHandler.invoke(ProxyDispatchAdapter.java:94)
	at com.sun.proxy.$Proxy5.stop(Unknown Source)
	at org.gradle.api.internal.tasks.testing.worker.TestWorker$3.run(TestWorker.java:193)
	at org.gradle.api.internal.tasks.testing.worker.TestWorker.executeAndMaintainThreadName(TestWorker.java:129)
	at org.gradle.api.internal.tasks.testing.worker.TestWorker.execute(TestWorker.java:100)
	at org.gradle.api.internal.tasks.testing.worker.TestWorker.execute(TestWorker.java:60)
	at org.gradle.process.internal.worker.child.ActionExecutionWorker.execute(ActionExecutionWorker.java:56)
	at org.gradle.process.internal.worker.child.SystemApplicationClassLoaderWorker.call(SystemApplicationClassLoaderWorker.java:113)
	at org.gradle.process.internal.worker.child.SystemApplicationClassLoaderWorker.call(SystemApplicationClassLoaderWorker.java:65)
	at worker.org.gradle.process.internal.worker.GradleWorkerMain.run(GradleWorkerMain.java:69)
	at worker.org.gradle.process.internal.worker.GradleWorkerMain.main(GradleWorkerMain.java:74)
Caused by: UnsolvedSymbolException{context='arg0', name='Solving arg0', cause='null'}
	at com.github.javaparser.symbolsolver.javaparsermodel.TypeExtractor.visit(TypeExtractor.java:335)
	at com.github.javaparser.symbolsolver.javaparsermodel.TypeExtractor.visit(TypeExtractor.java:65)
	at com.github.javaparser.ast.expr.NameExpr.accept(NameExpr.java:79)
	at com.github.javaparser.symbolsolver.javaparsermodel.JavaParserFacade.getTypeConcrete(JavaParserFacade.java:505)
	at com.github.javaparser.symbolsolver.javaparsermodel.JavaParserFacade.getType(JavaParserFacade.java:352)
	at com.github.javaparser.symbolsolver.javaparsermodel.JavaParserFacade.getType(JavaParserFacade.java:334)
	at com.github.javaparser.symbolsolver.JavaSymbolSolver.calculateType(JavaSymbolSolver.java:294)
	at com.github.javaparser.ast.expr.Expression.calculateResolvedType(Expression.java:573)
	at de.uka.ilkd.key.java.JP2KeYVisitor.visit(JP2KeYConverter.java:707)
	at de.uka.ilkd.key.java.JP2KeYVisitor.visit(JP2KeYConverter.java:90)
	at com.github.javaparser.ast.expr.NameExpr.accept(NameExpr.java:79)
	at de.uka.ilkd.key.java.JP2KeYVisitor.lambda$map$1(JP2KeYConverter.java:402)
	at java.base/java.util.stream.ReferencePipeline$3$1.accept(ReferencePipeline.java:195)
	at java.base/java.util.ArrayList$ArrayListSpliterator.forEachRemaining(ArrayList.java:1655)
	at java.base/java.util.stream.AbstractPipeline.copyInto(AbstractPipeline.java:484)
	at java.base/java.util.stream.AbstractPipeline.wrapAndCopyInto(AbstractPipeline.java:474)
	at java.base/java.util.stream.ReduceOps$ReduceOp.evaluateSequential(ReduceOps.java:913)
	at java.base/java.util.stream.AbstractPipeline.evaluate(AbstractPipeline.java:234)
	at java.base/java.util.stream.ReferencePipeline.collect(ReferencePipeline.java:578)
	at de.uka.ilkd.key.java.JP2KeYVisitor.map(JP2KeYConverter.java:403)
	at de.uka.ilkd.key.java.JP2KeYVisitor.visit(JP2KeYConverter.java:506)
	at de.uka.ilkd.key.java.JP2KeYVisitor.visit(JP2KeYConverter.java:90)
	at com.github.javaparser.ast.stmt.ExplicitConstructorInvocationStmt.accept(ExplicitConstructorInvocationStmt.java:96)
	at de.uka.ilkd.key.java.JP2KeYVisitor.lambda$map$1(JP2KeYConverter.java:402)
	at java.base/java.util.stream.ReferencePipeline$3$1.accept(ReferencePipeline.java:195)
	at java.base/java.util.ArrayList$ArrayListSpliterator.forEachRemaining(ArrayList.java:1655)
	at java.base/java.util.stream.AbstractPipeline.copyInto(AbstractPipeline.java:484)
	at java.base/java.util.stream.AbstractPipeline.wrapAndCopyInto(AbstractPipeline.java:474)
	at java.base/java.util.stream.ReduceOps$ReduceOp.evaluateSequential(ReduceOps.java:913)
	at java.base/java.util.stream.AbstractPipeline.evaluate(AbstractPipeline.java:234)
	at java.base/java.util.stream.ReferencePipeline.collect(ReferencePipeline.java:578)
	at de.uka.ilkd.key.java.JP2KeYVisitor.map(JP2KeYConverter.java:403)
	at de.uka.ilkd.key.java.JP2KeYVisitor.visit(JP2KeYConverter.java:258)
	at de.uka.ilkd.key.java.JP2KeYVisitor.visit(JP2KeYConverter.java:90)
	at com.github.javaparser.ast.stmt.BlockStmt.accept(BlockStmt.java:70)
	at de.uka.ilkd.key.java.JP2KeYVisitor.lambda$map$1(JP2KeYConverter.java:402)
	at java.base/java.util.stream.ReferencePipeline$3$1.accept(ReferencePipeline.java:195)
	at java.base/java.util.ArrayList$ArrayListSpliterator.forEachRemaining(ArrayList.java:1655)
	at java.base/java.util.stream.AbstractPipeline.copyInto(AbstractPipeline.java:484)
	at java.base/java.util.stream.AbstractPipeline.wrapAndCopyInto(AbstractPipeline.java:474)
	at java.base/java.util.stream.ReduceOps$ReduceOp.evaluateSequential(ReduceOps.java:913)
	at java.base/java.util.stream.AbstractPipeline.evaluate(AbstractPipeline.java:234)
	at java.base/java.util.stream.ReferencePipeline.collect(ReferencePipeline.java:578)
	at de.uka.ilkd.key.java.JP2KeYVisitor.map(JP2KeYConverter.java:403)
	at de.uka.ilkd.key.java.JP2KeYVisitor.visit(JP2KeYConverter.java:258)
	at de.uka.ilkd.key.java.JP2KeYVisitor.visit(JP2KeYConverter.java:90)
	at com.github.javaparser.ast.stmt.BlockStmt.accept(BlockStmt.java:70)
	at de.uka.ilkd.key.java.JP2KeYVisitor.accept(JP2KeYConverter.java:348)
	at de.uka.ilkd.key.java.JP2KeYVisitor.visit(JP2KeYConverter.java:946)
	at de.uka.ilkd.key.java.JP2KeYVisitor.visit(JP2KeYConverter.java:90)
	at com.github.javaparser.ast.stmt.TryStmt.accept(TryStmt.java:135)
	at de.uka.ilkd.key.java.JP2KeYVisitor.lambda$map$1(JP2KeYConverter.java:402)
	at java.base/java.util.stream.ReferencePipeline$3$1.accept(ReferencePipeline.java:195)
	at java.base/java.util.ArrayList$ArrayListSpliterator.forEachRemaining(ArrayList.java:1655)
	at java.base/java.util.stream.AbstractPipeline.copyInto(AbstractPipeline.java:484)
	at java.base/java.util.stream.AbstractPipeline.wrapAndCopyInto(AbstractPipeline.java:474)
	at java.base/java.util.stream.ReduceOps$ReduceOp.evaluateSequential(ReduceOps.java:913)
	at java.base/java.util.stream.AbstractPipeline.evaluate(AbstractPipeline.java:234)
	at java.base/java.util.stream.ReferencePipeline.collect(ReferencePipeline.java:578)
	at de.uka.ilkd.key.java.JP2KeYVisitor.map(JP2KeYConverter.java:403)
	at de.uka.ilkd.key.java.JP2KeYVisitor.visit(JP2KeYConverter.java:258)
	at de.uka.ilkd.key.java.JP2KeYVisitor.visit(JP2KeYConverter.java:90)
	at com.github.javaparser.ast.stmt.BlockStmt.accept(BlockStmt.java:70)
	at de.uka.ilkd.key.java.JP2KeYVisitor.accept(JP2KeYConverter.java:348)
	at de.uka.ilkd.key.java.JP2KeYVisitor.visit(JP2KeYConverter.java:609)
	at de.uka.ilkd.key.java.JP2KeYVisitor.visit(JP2KeYConverter.java:90)
	at com.github.javaparser.ast.stmt.IfStmt.accept(IfStmt.java:82)
	at de.uka.ilkd.key.java.JP2KeYVisitor.lambda$map$1(JP2KeYConverter.java:402)
	at java.base/java.util.stream.ReferencePipeline$3$1.accept(ReferencePipeline.java:195)
	at java.base/java.util.ArrayList$ArrayListSpliterator.forEachRemaining(ArrayList.java:1655)
	at java.base/java.util.stream.AbstractPipeline.copyInto(AbstractPipeline.java:484)
	at java.base/java.util.stream.AbstractPipeline.wrapAndCopyInto(AbstractPipeline.java:474)
	at java.base/java.util.stream.ReduceOps$ReduceOp.evaluateSequential(ReduceOps.java:913)
	at java.base/java.util.stream.AbstractPipeline.evaluate(AbstractPipeline.java:234)
	at java.base/java.util.stream.ReferencePipeline.collect(ReferencePipeline.java:578)
	at de.uka.ilkd.key.java.JP2KeYVisitor.map(JP2KeYConverter.java:403)
	at de.uka.ilkd.key.java.JP2KeYVisitor.visit(JP2KeYConverter.java:258)
	at de.uka.ilkd.key.java.JP2KeYVisitor.visit(JP2KeYConverter.java:90)
	at com.github.javaparser.ast.stmt.BlockStmt.accept(BlockStmt.java:70)
	at de.uka.ilkd.key.java.JP2KeYVisitor.accept(JP2KeYConverter.java:348)
	at de.uka.ilkd.key.java.JP2KeYVisitor.visit(JP2KeYConverter.java:609)
	at de.uka.ilkd.key.java.JP2KeYVisitor.visit(JP2KeYConverter.java:90)
	at com.github.javaparser.ast.stmt.IfStmt.accept(IfStmt.java:82)
	at de.uka.ilkd.key.java.JP2KeYVisitor.lambda$map$1(JP2KeYConverter.java:402)
	at java.base/java.util.stream.ReferencePipeline$3$1.accept(ReferencePipeline.java:195)
	at java.base/java.util.ArrayList$ArrayListSpliterator.forEachRemaining(ArrayList.java:1655)
	at java.base/java.util.stream.AbstractPipeline.copyInto(AbstractPipeline.java:484)
	at java.base/java.util.stream.AbstractPipeline.wrapAndCopyInto(AbstractPipeline.java:474)
	at java.base/java.util.stream.ReduceOps$ReduceOp.evaluateSequential(ReduceOps.java:913)
	at java.base/java.util.stream.AbstractPipeline.evaluate(AbstractPipeline.java:234)
	at java.base/java.util.stream.ReferencePipeline.collect(ReferencePipeline.java:578)
	at de.uka.ilkd.key.java.JP2KeYVisitor.map(JP2KeYConverter.java:403)
	at de.uka.ilkd.key.java.JP2KeYVisitor.visit(JP2KeYConverter.java:258)
	at de.uka.ilkd.key.java.JP2KeYVisitor.visit(JP2KeYConverter.java:90)
	at com.github.javaparser.ast.stmt.BlockStmt.accept(BlockStmt.java:70)
	at de.uka.ilkd.key.java.JP2KeYVisitor.accept(JP2KeYConverter.java:348)
	at de.uka.ilkd.key.java.JP2KeYVisitor.accepto(JP2KeYConverter.java:418)
	at de.uka.ilkd.key.java.JP2KeYVisitor.visit(JP2KeYConverter.java:688)
	at de.uka.ilkd.key.java.JP2KeYVisitor.visit(JP2KeYConverter.java:90)
	at com.github.javaparser.ast.body.MethodDeclaration.accept(MethodDeclaration.java:98)
	at de.uka.ilkd.key.java.JP2KeYVisitor.lambda$map$1(JP2KeYConverter.java:402)
	at java.base/java.util.stream.ReferencePipeline$3$1.accept(ReferencePipeline.java:195)
	at java.base/java.util.ArrayList$ArrayListSpliterator.forEachRemaining(ArrayList.java:1655)
	at java.base/java.util.stream.AbstractPipeline.copyInto(AbstractPipeline.java:484)
	at java.base/java.util.stream.AbstractPipeline.wrapAndCopyInto(AbstractPipeline.java:474)
	at java.base/java.util.stream.ReduceOps$ReduceOp.evaluateSequential(ReduceOps.java:913)
	at java.base/java.util.stream.AbstractPipeline.evaluate(AbstractPipeline.java:234)
	at java.base/java.util.stream.ReferencePipeline.collect(ReferencePipeline.java:578)
	at de.uka.ilkd.key.java.JP2KeYVisitor.map(JP2KeYConverter.java:403)
	at de.uka.ilkd.key.java.JP2KeYVisitor.visit(JP2KeYConverter.java:310)
	at de.uka.ilkd.key.java.JP2KeYVisitor.visit(JP2KeYConverter.java:90)
	at com.github.javaparser.ast.body.ClassOrInterfaceDeclaration.accept(ClassOrInterfaceDeclaration.java:95)
	at de.uka.ilkd.key.java.JP2KeYVisitor.lambda$map$1(JP2KeYConverter.java:402)
	at java.base/java.util.stream.ReferencePipeline$3$1.accept(ReferencePipeline.java:195)
	at java.base/java.util.ArrayList$ArrayListSpliterator.forEachRemaining(ArrayList.java:1655)
	at java.base/java.util.stream.AbstractPipeline.copyInto(AbstractPipeline.java:484)
	at java.base/java.util.stream.AbstractPipeline.wrapAndCopyInto(AbstractPipeline.java:474)
	at java.base/java.util.stream.ReduceOps$ReduceOp.evaluateSequential(ReduceOps.java:913)
	at java.base/java.util.stream.AbstractPipeline.evaluate(AbstractPipeline.java:234)
	at java.base/java.util.stream.ReferencePipeline.collect(ReferencePipeline.java:578)
	at de.uka.ilkd.key.java.JP2KeYVisitor.map(JP2KeYConverter.java:403)
	at de.uka.ilkd.key.java.JP2KeYVisitor.visit(JP2KeYConverter.java:393)
	at de.uka.ilkd.key.java.JP2KeYVisitor.visit(JP2KeYConverter.java:90)
	at com.github.javaparser.ast.CompilationUnit.accept(CompilationUnit.java:124)
	at de.uka.ilkd.key.java.JP2KeYConverter.process(JP2KeYConverter.java:84)
	at de.uka.ilkd.key.java.JP2KeYConverter.processCompilationUnit(JP2KeYConverter.java:80)
	at de.uka.ilkd.key.java.JavaService.parseLibraryClasses0(JavaService.java:536)
	at de.uka.ilkd.key.java.JavaService.parseSpecialClasses(JavaService.java:511)
	at de.uka.ilkd.key.proof.init.ProblemInitializer.readJava(ProblemInitializer.java:280)
	at de.uka.ilkd.key.proof.init.ProblemInitializer.prepare(ProblemInitializer.java:529)
	at de.uka.ilkd.key.proof.init.ProblemInitializer.prepare(ProblemInitializer.java:471)
	at de.uka.ilkd.key.rule.TacletForTests.parse(TacletForTests.java:80)
	... 89 more
</failure>
  </testcase>
  <testcase name="xtestBindingUpdateTermOldBindingAlternative()" classname="de.uka.ilkd.key.parser.TestTermParser" time="0.0">
    <failure message="java.lang.RuntimeException: Exception occurred while parsing src\test\resources\testcase\testrules.key" type="java.lang.RuntimeException">java.lang.RuntimeException: Exception occurred while parsing src\test\resources\testcase\testrules.key
	at de.uka.ilkd.key.rule.TacletForTests.parse(TacletForTests.java:89)
	at de.uka.ilkd.key.rule.TacletForTests.parse(TacletForTests.java:125)
	at de.uka.ilkd.key.rule.TacletForTests.parse(TacletForTests.java:129)
	at de.uka.ilkd.key.rule.TacletForTests.services(TacletForTests.java:102)
	at de.uka.ilkd.key.parser.TestTermParser.getServices(TestTermParser.java:42)
	at de.uka.ilkd.key.parser.AbstractTestTermParser.&lt;init&gt;(AbstractTestTermParser.java:35)
	at de.uka.ilkd.key.parser.TestTermParser.&lt;init&gt;(TestTermParser.java:34)
	at jdk.internal.reflect.GeneratedConstructorAccessor17.newInstance(Unknown Source)
	at java.base/jdk.internal.reflect.DelegatingConstructorAccessorImpl.newInstance(DelegatingConstructorAccessorImpl.java:45)
	at java.base/java.lang.reflect.Constructor.newInstance(Constructor.java:490)
	at org.junit.platform.commons.util.ReflectionUtils.newInstance(ReflectionUtils.java:552)
	at org.junit.jupiter.engine.execution.ConstructorInvocation.proceed(ConstructorInvocation.java:56)
	at org.junit.jupiter.engine.execution.InvocationInterceptorChain$ValidatingInvocation.proceed(InvocationInterceptorChain.java:131)
	at org.junit.jupiter.api.extension.InvocationInterceptor.interceptTestClassConstructor(InvocationInterceptor.java:73)
	at org.junit.jupiter.engine.execution.InterceptingExecutableInvoker.lambda$invoke$0(InterceptingExecutableInvoker.java:93)
	at org.junit.jupiter.engine.execution.InvocationInterceptorChain$InterceptedInvocation.proceed(InvocationInterceptorChain.java:106)
	at org.junit.jupiter.engine.execution.InvocationInterceptorChain.proceed(InvocationInterceptorChain.java:64)
	at org.junit.jupiter.engine.execution.InvocationInterceptorChain.chainAndInvoke(InvocationInterceptorChain.java:45)
	at org.junit.jupiter.engine.execution.InvocationInterceptorChain.invoke(InvocationInterceptorChain.java:37)
	at org.junit.jupiter.engine.execution.InterceptingExecutableInvoker.invoke(InterceptingExecutableInvoker.java:92)
	at org.junit.jupiter.engine.execution.InterceptingExecutableInvoker.invoke(InterceptingExecutableInvoker.java:62)
	at org.junit.jupiter.engine.descriptor.ClassBasedTestDescriptor.invokeTestClassConstructor(ClassBasedTestDescriptor.java:363)
	at org.junit.jupiter.engine.descriptor.ClassBasedTestDescriptor.instantiateTestClass(ClassBasedTestDescriptor.java:310)
	at org.junit.jupiter.engine.descriptor.ClassTestDescriptor.instantiateTestClass(ClassTestDescriptor.java:79)
	at org.junit.jupiter.engine.descriptor.ClassBasedTestDescriptor.instantiateAndPostProcessTestInstance(ClassBasedTestDescriptor.java:286)
	at org.junit.jupiter.engine.descriptor.ClassBasedTestDescriptor.lambda$testInstancesProvider$4(ClassBasedTestDescriptor.java:278)
	at java.base/java.util.Optional.orElseGet(Optional.java:369)
	at org.junit.jupiter.engine.descriptor.ClassBasedTestDescriptor.lambda$testInstancesProvider$5(ClassBasedTestDescriptor.java:277)
	at org.junit.jupiter.engine.execution.TestInstancesProvider.getTestInstances(TestInstancesProvider.java:31)
	at org.junit.jupiter.engine.descriptor.TestMethodTestDescriptor.lambda$prepare$0(TestMethodTestDescriptor.java:105)
	at org.junit.platform.engine.support.hierarchical.ThrowableCollector.execute(ThrowableCollector.java:73)
	at org.junit.jupiter.engine.descriptor.TestMethodTestDescriptor.prepare(TestMethodTestDescriptor.java:104)
	at org.junit.jupiter.engine.descriptor.TestMethodTestDescriptor.prepare(TestMethodTestDescriptor.java:68)
	at org.junit.platform.engine.support.hierarchical.NodeTestTask.lambda$prepare$2(NodeTestTask.java:123)
	at org.junit.platform.engine.support.hierarchical.ThrowableCollector.execute(ThrowableCollector.java:73)
	at org.junit.platform.engine.support.hierarchical.NodeTestTask.prepare(NodeTestTask.java:123)
	at org.junit.platform.engine.support.hierarchical.NodeTestTask.execute(NodeTestTask.java:90)
	at java.base/java.util.ArrayList.forEach(ArrayList.java:1541)
	at org.junit.platform.engine.support.hierarchical.SameThreadHierarchicalTestExecutorService.invokeAll(SameThreadHierarchicalTestExecutorService.java:41)
	at org.junit.platform.engine.support.hierarchical.NodeTestTask.lambda$executeRecursively$6(NodeTestTask.java:155)
	at org.junit.platform.engine.support.hierarchical.ThrowableCollector.execute(ThrowableCollector.java:73)
	at org.junit.platform.engine.support.hierarchical.NodeTestTask.lambda$executeRecursively$8(NodeTestTask.java:141)
	at org.junit.platform.engine.support.hierarchical.Node.around(Node.java:137)
	at org.junit.platform.engine.support.hierarchical.NodeTestTask.lambda$executeRecursively$9(NodeTestTask.java:139)
	at org.junit.platform.engine.support.hierarchical.ThrowableCollector.execute(ThrowableCollector.java:73)
	at org.junit.platform.engine.support.hierarchical.NodeTestTask.executeRecursively(NodeTestTask.java:138)
	at org.junit.platform.engine.support.hierarchical.NodeTestTask.execute(NodeTestTask.java:95)
	at java.base/java.util.ArrayList.forEach(ArrayList.java:1541)
	at org.junit.platform.engine.support.hierarchical.SameThreadHierarchicalTestExecutorService.invokeAll(SameThreadHierarchicalTestExecutorService.java:41)
	at org.junit.platform.engine.support.hierarchical.NodeTestTask.lambda$executeRecursively$6(NodeTestTask.java:155)
	at org.junit.platform.engine.support.hierarchical.ThrowableCollector.execute(ThrowableCollector.java:73)
	at org.junit.platform.engine.support.hierarchical.NodeTestTask.lambda$executeRecursively$8(NodeTestTask.java:141)
	at org.junit.platform.engine.support.hierarchical.Node.around(Node.java:137)
	at org.junit.platform.engine.support.hierarchical.NodeTestTask.lambda$executeRecursively$9(NodeTestTask.java:139)
	at org.junit.platform.engine.support.hierarchical.ThrowableCollector.execute(ThrowableCollector.java:73)
	at org.junit.platform.engine.support.hierarchical.NodeTestTask.executeRecursively(NodeTestTask.java:138)
	at org.junit.platform.engine.support.hierarchical.NodeTestTask.execute(NodeTestTask.java:95)
	at org.junit.platform.engine.support.hierarchical.SameThreadHierarchicalTestExecutorService.submit(SameThreadHierarchicalTestExecutorService.java:35)
	at org.junit.platform.engine.support.hierarchical.HierarchicalTestExecutor.execute(HierarchicalTestExecutor.java:57)
	at org.junit.platform.engine.support.hierarchical.HierarchicalTestEngine.execute(HierarchicalTestEngine.java:54)
	at org.junit.platform.launcher.core.EngineExecutionOrchestrator.execute(EngineExecutionOrchestrator.java:107)
	at org.junit.platform.launcher.core.EngineExecutionOrchestrator.execute(EngineExecutionOrchestrator.java:88)
	at org.junit.platform.launcher.core.EngineExecutionOrchestrator.lambda$execute$0(EngineExecutionOrchestrator.java:54)
	at org.junit.platform.launcher.core.EngineExecutionOrchestrator.withInterceptedStreams(EngineExecutionOrchestrator.java:67)
	at org.junit.platform.launcher.core.EngineExecutionOrchestrator.execute(EngineExecutionOrchestrator.java:52)
	at org.junit.platform.launcher.core.DefaultLauncher.execute(DefaultLauncher.java:114)
	at org.junit.platform.launcher.core.DefaultLauncher.execute(DefaultLauncher.java:86)
	at org.junit.platform.launcher.core.DefaultLauncherSession$DelegatingLauncher.execute(DefaultLauncherSession.java:86)
	at org.gradle.api.internal.tasks.testing.junitplatform.JUnitPlatformTestClassProcessor$CollectAllTestClassesExecutor.processAllTestClasses(JUnitPlatformTestClassProcessor.java:110)
	at org.gradle.api.internal.tasks.testing.junitplatform.JUnitPlatformTestClassProcessor$CollectAllTestClassesExecutor.access$000(JUnitPlatformTestClassProcessor.java:90)
	at org.gradle.api.internal.tasks.testing.junitplatform.JUnitPlatformTestClassProcessor.stop(JUnitPlatformTestClassProcessor.java:85)
	at org.gradle.api.internal.tasks.testing.SuiteTestClassProcessor.stop(SuiteTestClassProcessor.java:62)
	at java.base/jdk.internal.reflect.NativeMethodAccessorImpl.invoke0(Native Method)
	at java.base/jdk.internal.reflect.NativeMethodAccessorImpl.invoke(NativeMethodAccessorImpl.java:62)
	at java.base/jdk.internal.reflect.DelegatingMethodAccessorImpl.invoke(DelegatingMethodAccessorImpl.java:43)
	at java.base/java.lang.reflect.Method.invoke(Method.java:566)
	at org.gradle.internal.dispatch.ReflectionDispatch.dispatch(ReflectionDispatch.java:36)
	at org.gradle.internal.dispatch.ReflectionDispatch.dispatch(ReflectionDispatch.java:24)
	at org.gradle.internal.dispatch.ContextClassLoaderDispatch.dispatch(ContextClassLoaderDispatch.java:33)
	at org.gradle.internal.dispatch.ProxyDispatchAdapter$DispatchingInvocationHandler.invoke(ProxyDispatchAdapter.java:94)
	at com.sun.proxy.$Proxy5.stop(Unknown Source)
	at org.gradle.api.internal.tasks.testing.worker.TestWorker$3.run(TestWorker.java:193)
	at org.gradle.api.internal.tasks.testing.worker.TestWorker.executeAndMaintainThreadName(TestWorker.java:129)
	at org.gradle.api.internal.tasks.testing.worker.TestWorker.execute(TestWorker.java:100)
	at org.gradle.api.internal.tasks.testing.worker.TestWorker.execute(TestWorker.java:60)
	at org.gradle.process.internal.worker.child.ActionExecutionWorker.execute(ActionExecutionWorker.java:56)
	at org.gradle.process.internal.worker.child.SystemApplicationClassLoaderWorker.call(SystemApplicationClassLoaderWorker.java:113)
	at org.gradle.process.internal.worker.child.SystemApplicationClassLoaderWorker.call(SystemApplicationClassLoaderWorker.java:65)
	at worker.org.gradle.process.internal.worker.GradleWorkerMain.run(GradleWorkerMain.java:69)
	at worker.org.gradle.process.internal.worker.GradleWorkerMain.main(GradleWorkerMain.java:74)
Caused by: UnsolvedSymbolException{context='arg0', name='Solving arg0', cause='null'}
	at com.github.javaparser.symbolsolver.javaparsermodel.TypeExtractor.visit(TypeExtractor.java:335)
	at com.github.javaparser.symbolsolver.javaparsermodel.TypeExtractor.visit(TypeExtractor.java:65)
	at com.github.javaparser.ast.expr.NameExpr.accept(NameExpr.java:79)
	at com.github.javaparser.symbolsolver.javaparsermodel.JavaParserFacade.getTypeConcrete(JavaParserFacade.java:505)
	at com.github.javaparser.symbolsolver.javaparsermodel.JavaParserFacade.getType(JavaParserFacade.java:352)
	at com.github.javaparser.symbolsolver.javaparsermodel.JavaParserFacade.getType(JavaParserFacade.java:334)
	at com.github.javaparser.symbolsolver.JavaSymbolSolver.calculateType(JavaSymbolSolver.java:294)
	at com.github.javaparser.ast.expr.Expression.calculateResolvedType(Expression.java:573)
	at de.uka.ilkd.key.java.JP2KeYVisitor.visit(JP2KeYConverter.java:707)
	at de.uka.ilkd.key.java.JP2KeYVisitor.visit(JP2KeYConverter.java:90)
	at com.github.javaparser.ast.expr.NameExpr.accept(NameExpr.java:79)
	at de.uka.ilkd.key.java.JP2KeYVisitor.lambda$map$1(JP2KeYConverter.java:402)
	at java.base/java.util.stream.ReferencePipeline$3$1.accept(ReferencePipeline.java:195)
	at java.base/java.util.ArrayList$ArrayListSpliterator.forEachRemaining(ArrayList.java:1655)
	at java.base/java.util.stream.AbstractPipeline.copyInto(AbstractPipeline.java:484)
	at java.base/java.util.stream.AbstractPipeline.wrapAndCopyInto(AbstractPipeline.java:474)
	at java.base/java.util.stream.ReduceOps$ReduceOp.evaluateSequential(ReduceOps.java:913)
	at java.base/java.util.stream.AbstractPipeline.evaluate(AbstractPipeline.java:234)
	at java.base/java.util.stream.ReferencePipeline.collect(ReferencePipeline.java:578)
	at de.uka.ilkd.key.java.JP2KeYVisitor.map(JP2KeYConverter.java:403)
	at de.uka.ilkd.key.java.JP2KeYVisitor.visit(JP2KeYConverter.java:506)
	at de.uka.ilkd.key.java.JP2KeYVisitor.visit(JP2KeYConverter.java:90)
	at com.github.javaparser.ast.stmt.ExplicitConstructorInvocationStmt.accept(ExplicitConstructorInvocationStmt.java:96)
	at de.uka.ilkd.key.java.JP2KeYVisitor.lambda$map$1(JP2KeYConverter.java:402)
	at java.base/java.util.stream.ReferencePipeline$3$1.accept(ReferencePipeline.java:195)
	at java.base/java.util.ArrayList$ArrayListSpliterator.forEachRemaining(ArrayList.java:1655)
	at java.base/java.util.stream.AbstractPipeline.copyInto(AbstractPipeline.java:484)
	at java.base/java.util.stream.AbstractPipeline.wrapAndCopyInto(AbstractPipeline.java:474)
	at java.base/java.util.stream.ReduceOps$ReduceOp.evaluateSequential(ReduceOps.java:913)
	at java.base/java.util.stream.AbstractPipeline.evaluate(AbstractPipeline.java:234)
	at java.base/java.util.stream.ReferencePipeline.collect(ReferencePipeline.java:578)
	at de.uka.ilkd.key.java.JP2KeYVisitor.map(JP2KeYConverter.java:403)
	at de.uka.ilkd.key.java.JP2KeYVisitor.visit(JP2KeYConverter.java:258)
	at de.uka.ilkd.key.java.JP2KeYVisitor.visit(JP2KeYConverter.java:90)
	at com.github.javaparser.ast.stmt.BlockStmt.accept(BlockStmt.java:70)
	at de.uka.ilkd.key.java.JP2KeYVisitor.lambda$map$1(JP2KeYConverter.java:402)
	at java.base/java.util.stream.ReferencePipeline$3$1.accept(ReferencePipeline.java:195)
	at java.base/java.util.ArrayList$ArrayListSpliterator.forEachRemaining(ArrayList.java:1655)
	at java.base/java.util.stream.AbstractPipeline.copyInto(AbstractPipeline.java:484)
	at java.base/java.util.stream.AbstractPipeline.wrapAndCopyInto(AbstractPipeline.java:474)
	at java.base/java.util.stream.ReduceOps$ReduceOp.evaluateSequential(ReduceOps.java:913)
	at java.base/java.util.stream.AbstractPipeline.evaluate(AbstractPipeline.java:234)
	at java.base/java.util.stream.ReferencePipeline.collect(ReferencePipeline.java:578)
	at de.uka.ilkd.key.java.JP2KeYVisitor.map(JP2KeYConverter.java:403)
	at de.uka.ilkd.key.java.JP2KeYVisitor.visit(JP2KeYConverter.java:258)
	at de.uka.ilkd.key.java.JP2KeYVisitor.visit(JP2KeYConverter.java:90)
	at com.github.javaparser.ast.stmt.BlockStmt.accept(BlockStmt.java:70)
	at de.uka.ilkd.key.java.JP2KeYVisitor.accept(JP2KeYConverter.java:348)
	at de.uka.ilkd.key.java.JP2KeYVisitor.visit(JP2KeYConverter.java:946)
	at de.uka.ilkd.key.java.JP2KeYVisitor.visit(JP2KeYConverter.java:90)
	at com.github.javaparser.ast.stmt.TryStmt.accept(TryStmt.java:135)
	at de.uka.ilkd.key.java.JP2KeYVisitor.lambda$map$1(JP2KeYConverter.java:402)
	at java.base/java.util.stream.ReferencePipeline$3$1.accept(ReferencePipeline.java:195)
	at java.base/java.util.ArrayList$ArrayListSpliterator.forEachRemaining(ArrayList.java:1655)
	at java.base/java.util.stream.AbstractPipeline.copyInto(AbstractPipeline.java:484)
	at java.base/java.util.stream.AbstractPipeline.wrapAndCopyInto(AbstractPipeline.java:474)
	at java.base/java.util.stream.ReduceOps$ReduceOp.evaluateSequential(ReduceOps.java:913)
	at java.base/java.util.stream.AbstractPipeline.evaluate(AbstractPipeline.java:234)
	at java.base/java.util.stream.ReferencePipeline.collect(ReferencePipeline.java:578)
	at de.uka.ilkd.key.java.JP2KeYVisitor.map(JP2KeYConverter.java:403)
	at de.uka.ilkd.key.java.JP2KeYVisitor.visit(JP2KeYConverter.java:258)
	at de.uka.ilkd.key.java.JP2KeYVisitor.visit(JP2KeYConverter.java:90)
	at com.github.javaparser.ast.stmt.BlockStmt.accept(BlockStmt.java:70)
	at de.uka.ilkd.key.java.JP2KeYVisitor.accept(JP2KeYConverter.java:348)
	at de.uka.ilkd.key.java.JP2KeYVisitor.visit(JP2KeYConverter.java:609)
	at de.uka.ilkd.key.java.JP2KeYVisitor.visit(JP2KeYConverter.java:90)
	at com.github.javaparser.ast.stmt.IfStmt.accept(IfStmt.java:82)
	at de.uka.ilkd.key.java.JP2KeYVisitor.lambda$map$1(JP2KeYConverter.java:402)
	at java.base/java.util.stream.ReferencePipeline$3$1.accept(ReferencePipeline.java:195)
	at java.base/java.util.ArrayList$ArrayListSpliterator.forEachRemaining(ArrayList.java:1655)
	at java.base/java.util.stream.AbstractPipeline.copyInto(AbstractPipeline.java:484)
	at java.base/java.util.stream.AbstractPipeline.wrapAndCopyInto(AbstractPipeline.java:474)
	at java.base/java.util.stream.ReduceOps$ReduceOp.evaluateSequential(ReduceOps.java:913)
	at java.base/java.util.stream.AbstractPipeline.evaluate(AbstractPipeline.java:234)
	at java.base/java.util.stream.ReferencePipeline.collect(ReferencePipeline.java:578)
	at de.uka.ilkd.key.java.JP2KeYVisitor.map(JP2KeYConverter.java:403)
	at de.uka.ilkd.key.java.JP2KeYVisitor.visit(JP2KeYConverter.java:258)
	at de.uka.ilkd.key.java.JP2KeYVisitor.visit(JP2KeYConverter.java:90)
	at com.github.javaparser.ast.stmt.BlockStmt.accept(BlockStmt.java:70)
	at de.uka.ilkd.key.java.JP2KeYVisitor.accept(JP2KeYConverter.java:348)
	at de.uka.ilkd.key.java.JP2KeYVisitor.visit(JP2KeYConverter.java:609)
	at de.uka.ilkd.key.java.JP2KeYVisitor.visit(JP2KeYConverter.java:90)
	at com.github.javaparser.ast.stmt.IfStmt.accept(IfStmt.java:82)
	at de.uka.ilkd.key.java.JP2KeYVisitor.lambda$map$1(JP2KeYConverter.java:402)
	at java.base/java.util.stream.ReferencePipeline$3$1.accept(ReferencePipeline.java:195)
	at java.base/java.util.ArrayList$ArrayListSpliterator.forEachRemaining(ArrayList.java:1655)
	at java.base/java.util.stream.AbstractPipeline.copyInto(AbstractPipeline.java:484)
	at java.base/java.util.stream.AbstractPipeline.wrapAndCopyInto(AbstractPipeline.java:474)
	at java.base/java.util.stream.ReduceOps$ReduceOp.evaluateSequential(ReduceOps.java:913)
	at java.base/java.util.stream.AbstractPipeline.evaluate(AbstractPipeline.java:234)
	at java.base/java.util.stream.ReferencePipeline.collect(ReferencePipeline.java:578)
	at de.uka.ilkd.key.java.JP2KeYVisitor.map(JP2KeYConverter.java:403)
	at de.uka.ilkd.key.java.JP2KeYVisitor.visit(JP2KeYConverter.java:258)
	at de.uka.ilkd.key.java.JP2KeYVisitor.visit(JP2KeYConverter.java:90)
	at com.github.javaparser.ast.stmt.BlockStmt.accept(BlockStmt.java:70)
	at de.uka.ilkd.key.java.JP2KeYVisitor.accept(JP2KeYConverter.java:348)
	at de.uka.ilkd.key.java.JP2KeYVisitor.accepto(JP2KeYConverter.java:418)
	at de.uka.ilkd.key.java.JP2KeYVisitor.visit(JP2KeYConverter.java:688)
	at de.uka.ilkd.key.java.JP2KeYVisitor.visit(JP2KeYConverter.java:90)
	at com.github.javaparser.ast.body.MethodDeclaration.accept(MethodDeclaration.java:98)
	at de.uka.ilkd.key.java.JP2KeYVisitor.lambda$map$1(JP2KeYConverter.java:402)
	at java.base/java.util.stream.ReferencePipeline$3$1.accept(ReferencePipeline.java:195)
	at java.base/java.util.ArrayList$ArrayListSpliterator.forEachRemaining(ArrayList.java:1655)
	at java.base/java.util.stream.AbstractPipeline.copyInto(AbstractPipeline.java:484)
	at java.base/java.util.stream.AbstractPipeline.wrapAndCopyInto(AbstractPipeline.java:474)
	at java.base/java.util.stream.ReduceOps$ReduceOp.evaluateSequential(ReduceOps.java:913)
	at java.base/java.util.stream.AbstractPipeline.evaluate(AbstractPipeline.java:234)
	at java.base/java.util.stream.ReferencePipeline.collect(ReferencePipeline.java:578)
	at de.uka.ilkd.key.java.JP2KeYVisitor.map(JP2KeYConverter.java:403)
	at de.uka.ilkd.key.java.JP2KeYVisitor.visit(JP2KeYConverter.java:310)
	at de.uka.ilkd.key.java.JP2KeYVisitor.visit(JP2KeYConverter.java:90)
	at com.github.javaparser.ast.body.ClassOrInterfaceDeclaration.accept(ClassOrInterfaceDeclaration.java:95)
	at de.uka.ilkd.key.java.JP2KeYVisitor.lambda$map$1(JP2KeYConverter.java:402)
	at java.base/java.util.stream.ReferencePipeline$3$1.accept(ReferencePipeline.java:195)
	at java.base/java.util.ArrayList$ArrayListSpliterator.forEachRemaining(ArrayList.java:1655)
	at java.base/java.util.stream.AbstractPipeline.copyInto(AbstractPipeline.java:484)
	at java.base/java.util.stream.AbstractPipeline.wrapAndCopyInto(AbstractPipeline.java:474)
	at java.base/java.util.stream.ReduceOps$ReduceOp.evaluateSequential(ReduceOps.java:913)
	at java.base/java.util.stream.AbstractPipeline.evaluate(AbstractPipeline.java:234)
	at java.base/java.util.stream.ReferencePipeline.collect(ReferencePipeline.java:578)
	at de.uka.ilkd.key.java.JP2KeYVisitor.map(JP2KeYConverter.java:403)
	at de.uka.ilkd.key.java.JP2KeYVisitor.visit(JP2KeYConverter.java:393)
	at de.uka.ilkd.key.java.JP2KeYVisitor.visit(JP2KeYConverter.java:90)
	at com.github.javaparser.ast.CompilationUnit.accept(CompilationUnit.java:124)
	at de.uka.ilkd.key.java.JP2KeYConverter.process(JP2KeYConverter.java:84)
	at de.uka.ilkd.key.java.JP2KeYConverter.processCompilationUnit(JP2KeYConverter.java:80)
	at de.uka.ilkd.key.java.JavaService.parseLibraryClasses0(JavaService.java:536)
	at de.uka.ilkd.key.java.JavaService.parseSpecialClasses(JavaService.java:511)
	at de.uka.ilkd.key.proof.init.ProblemInitializer.readJava(ProblemInitializer.java:280)
	at de.uka.ilkd.key.proof.init.ProblemInitializer.prepare(ProblemInitializer.java:529)
	at de.uka.ilkd.key.proof.init.ProblemInitializer.prepare(ProblemInitializer.java:471)
	at de.uka.ilkd.key.rule.TacletForTests.parse(TacletForTests.java:80)
	... 89 more
</failure>
  </testcase>
  <testcase name="testJavaStaticQueryWithParameter()" classname="de.uka.ilkd.key.parser.TestTermParser" time="0.001">
    <failure message="java.lang.RuntimeException: Exception occurred while parsing src\test\resources\testcase\testrules.key" type="java.lang.RuntimeException">java.lang.RuntimeException: Exception occurred while parsing src\test\resources\testcase\testrules.key
	at de.uka.ilkd.key.rule.TacletForTests.parse(TacletForTests.java:89)
	at de.uka.ilkd.key.rule.TacletForTests.parse(TacletForTests.java:125)
	at de.uka.ilkd.key.rule.TacletForTests.parse(TacletForTests.java:129)
	at de.uka.ilkd.key.rule.TacletForTests.services(TacletForTests.java:102)
	at de.uka.ilkd.key.parser.TestTermParser.getServices(TestTermParser.java:42)
	at de.uka.ilkd.key.parser.AbstractTestTermParser.&lt;init&gt;(AbstractTestTermParser.java:35)
	at de.uka.ilkd.key.parser.TestTermParser.&lt;init&gt;(TestTermParser.java:34)
	at jdk.internal.reflect.GeneratedConstructorAccessor17.newInstance(Unknown Source)
	at java.base/jdk.internal.reflect.DelegatingConstructorAccessorImpl.newInstance(DelegatingConstructorAccessorImpl.java:45)
	at java.base/java.lang.reflect.Constructor.newInstance(Constructor.java:490)
	at org.junit.platform.commons.util.ReflectionUtils.newInstance(ReflectionUtils.java:552)
	at org.junit.jupiter.engine.execution.ConstructorInvocation.proceed(ConstructorInvocation.java:56)
	at org.junit.jupiter.engine.execution.InvocationInterceptorChain$ValidatingInvocation.proceed(InvocationInterceptorChain.java:131)
	at org.junit.jupiter.api.extension.InvocationInterceptor.interceptTestClassConstructor(InvocationInterceptor.java:73)
	at org.junit.jupiter.engine.execution.InterceptingExecutableInvoker.lambda$invoke$0(InterceptingExecutableInvoker.java:93)
	at org.junit.jupiter.engine.execution.InvocationInterceptorChain$InterceptedInvocation.proceed(InvocationInterceptorChain.java:106)
	at org.junit.jupiter.engine.execution.InvocationInterceptorChain.proceed(InvocationInterceptorChain.java:64)
	at org.junit.jupiter.engine.execution.InvocationInterceptorChain.chainAndInvoke(InvocationInterceptorChain.java:45)
	at org.junit.jupiter.engine.execution.InvocationInterceptorChain.invoke(InvocationInterceptorChain.java:37)
	at org.junit.jupiter.engine.execution.InterceptingExecutableInvoker.invoke(InterceptingExecutableInvoker.java:92)
	at org.junit.jupiter.engine.execution.InterceptingExecutableInvoker.invoke(InterceptingExecutableInvoker.java:62)
	at org.junit.jupiter.engine.descriptor.ClassBasedTestDescriptor.invokeTestClassConstructor(ClassBasedTestDescriptor.java:363)
	at org.junit.jupiter.engine.descriptor.ClassBasedTestDescriptor.instantiateTestClass(ClassBasedTestDescriptor.java:310)
	at org.junit.jupiter.engine.descriptor.ClassTestDescriptor.instantiateTestClass(ClassTestDescriptor.java:79)
	at org.junit.jupiter.engine.descriptor.ClassBasedTestDescriptor.instantiateAndPostProcessTestInstance(ClassBasedTestDescriptor.java:286)
	at org.junit.jupiter.engine.descriptor.ClassBasedTestDescriptor.lambda$testInstancesProvider$4(ClassBasedTestDescriptor.java:278)
	at java.base/java.util.Optional.orElseGet(Optional.java:369)
	at org.junit.jupiter.engine.descriptor.ClassBasedTestDescriptor.lambda$testInstancesProvider$5(ClassBasedTestDescriptor.java:277)
	at org.junit.jupiter.engine.execution.TestInstancesProvider.getTestInstances(TestInstancesProvider.java:31)
	at org.junit.jupiter.engine.descriptor.TestMethodTestDescriptor.lambda$prepare$0(TestMethodTestDescriptor.java:105)
	at org.junit.platform.engine.support.hierarchical.ThrowableCollector.execute(ThrowableCollector.java:73)
	at org.junit.jupiter.engine.descriptor.TestMethodTestDescriptor.prepare(TestMethodTestDescriptor.java:104)
	at org.junit.jupiter.engine.descriptor.TestMethodTestDescriptor.prepare(TestMethodTestDescriptor.java:68)
	at org.junit.platform.engine.support.hierarchical.NodeTestTask.lambda$prepare$2(NodeTestTask.java:123)
	at org.junit.platform.engine.support.hierarchical.ThrowableCollector.execute(ThrowableCollector.java:73)
	at org.junit.platform.engine.support.hierarchical.NodeTestTask.prepare(NodeTestTask.java:123)
	at org.junit.platform.engine.support.hierarchical.NodeTestTask.execute(NodeTestTask.java:90)
	at java.base/java.util.ArrayList.forEach(ArrayList.java:1541)
	at org.junit.platform.engine.support.hierarchical.SameThreadHierarchicalTestExecutorService.invokeAll(SameThreadHierarchicalTestExecutorService.java:41)
	at org.junit.platform.engine.support.hierarchical.NodeTestTask.lambda$executeRecursively$6(NodeTestTask.java:155)
	at org.junit.platform.engine.support.hierarchical.ThrowableCollector.execute(ThrowableCollector.java:73)
	at org.junit.platform.engine.support.hierarchical.NodeTestTask.lambda$executeRecursively$8(NodeTestTask.java:141)
	at org.junit.platform.engine.support.hierarchical.Node.around(Node.java:137)
	at org.junit.platform.engine.support.hierarchical.NodeTestTask.lambda$executeRecursively$9(NodeTestTask.java:139)
	at org.junit.platform.engine.support.hierarchical.ThrowableCollector.execute(ThrowableCollector.java:73)
	at org.junit.platform.engine.support.hierarchical.NodeTestTask.executeRecursively(NodeTestTask.java:138)
	at org.junit.platform.engine.support.hierarchical.NodeTestTask.execute(NodeTestTask.java:95)
	at java.base/java.util.ArrayList.forEach(ArrayList.java:1541)
	at org.junit.platform.engine.support.hierarchical.SameThreadHierarchicalTestExecutorService.invokeAll(SameThreadHierarchicalTestExecutorService.java:41)
	at org.junit.platform.engine.support.hierarchical.NodeTestTask.lambda$executeRecursively$6(NodeTestTask.java:155)
	at org.junit.platform.engine.support.hierarchical.ThrowableCollector.execute(ThrowableCollector.java:73)
	at org.junit.platform.engine.support.hierarchical.NodeTestTask.lambda$executeRecursively$8(NodeTestTask.java:141)
	at org.junit.platform.engine.support.hierarchical.Node.around(Node.java:137)
	at org.junit.platform.engine.support.hierarchical.NodeTestTask.lambda$executeRecursively$9(NodeTestTask.java:139)
	at org.junit.platform.engine.support.hierarchical.ThrowableCollector.execute(ThrowableCollector.java:73)
	at org.junit.platform.engine.support.hierarchical.NodeTestTask.executeRecursively(NodeTestTask.java:138)
	at org.junit.platform.engine.support.hierarchical.NodeTestTask.execute(NodeTestTask.java:95)
	at org.junit.platform.engine.support.hierarchical.SameThreadHierarchicalTestExecutorService.submit(SameThreadHierarchicalTestExecutorService.java:35)
	at org.junit.platform.engine.support.hierarchical.HierarchicalTestExecutor.execute(HierarchicalTestExecutor.java:57)
	at org.junit.platform.engine.support.hierarchical.HierarchicalTestEngine.execute(HierarchicalTestEngine.java:54)
	at org.junit.platform.launcher.core.EngineExecutionOrchestrator.execute(EngineExecutionOrchestrator.java:107)
	at org.junit.platform.launcher.core.EngineExecutionOrchestrator.execute(EngineExecutionOrchestrator.java:88)
	at org.junit.platform.launcher.core.EngineExecutionOrchestrator.lambda$execute$0(EngineExecutionOrchestrator.java:54)
	at org.junit.platform.launcher.core.EngineExecutionOrchestrator.withInterceptedStreams(EngineExecutionOrchestrator.java:67)
	at org.junit.platform.launcher.core.EngineExecutionOrchestrator.execute(EngineExecutionOrchestrator.java:52)
	at org.junit.platform.launcher.core.DefaultLauncher.execute(DefaultLauncher.java:114)
	at org.junit.platform.launcher.core.DefaultLauncher.execute(DefaultLauncher.java:86)
	at org.junit.platform.launcher.core.DefaultLauncherSession$DelegatingLauncher.execute(DefaultLauncherSession.java:86)
	at org.gradle.api.internal.tasks.testing.junitplatform.JUnitPlatformTestClassProcessor$CollectAllTestClassesExecutor.processAllTestClasses(JUnitPlatformTestClassProcessor.java:110)
	at org.gradle.api.internal.tasks.testing.junitplatform.JUnitPlatformTestClassProcessor$CollectAllTestClassesExecutor.access$000(JUnitPlatformTestClassProcessor.java:90)
	at org.gradle.api.internal.tasks.testing.junitplatform.JUnitPlatformTestClassProcessor.stop(JUnitPlatformTestClassProcessor.java:85)
	at org.gradle.api.internal.tasks.testing.SuiteTestClassProcessor.stop(SuiteTestClassProcessor.java:62)
	at java.base/jdk.internal.reflect.NativeMethodAccessorImpl.invoke0(Native Method)
	at java.base/jdk.internal.reflect.NativeMethodAccessorImpl.invoke(NativeMethodAccessorImpl.java:62)
	at java.base/jdk.internal.reflect.DelegatingMethodAccessorImpl.invoke(DelegatingMethodAccessorImpl.java:43)
	at java.base/java.lang.reflect.Method.invoke(Method.java:566)
	at org.gradle.internal.dispatch.ReflectionDispatch.dispatch(ReflectionDispatch.java:36)
	at org.gradle.internal.dispatch.ReflectionDispatch.dispatch(ReflectionDispatch.java:24)
	at org.gradle.internal.dispatch.ContextClassLoaderDispatch.dispatch(ContextClassLoaderDispatch.java:33)
	at org.gradle.internal.dispatch.ProxyDispatchAdapter$DispatchingInvocationHandler.invoke(ProxyDispatchAdapter.java:94)
	at com.sun.proxy.$Proxy5.stop(Unknown Source)
	at org.gradle.api.internal.tasks.testing.worker.TestWorker$3.run(TestWorker.java:193)
	at org.gradle.api.internal.tasks.testing.worker.TestWorker.executeAndMaintainThreadName(TestWorker.java:129)
	at org.gradle.api.internal.tasks.testing.worker.TestWorker.execute(TestWorker.java:100)
	at org.gradle.api.internal.tasks.testing.worker.TestWorker.execute(TestWorker.java:60)
	at org.gradle.process.internal.worker.child.ActionExecutionWorker.execute(ActionExecutionWorker.java:56)
	at org.gradle.process.internal.worker.child.SystemApplicationClassLoaderWorker.call(SystemApplicationClassLoaderWorker.java:113)
	at org.gradle.process.internal.worker.child.SystemApplicationClassLoaderWorker.call(SystemApplicationClassLoaderWorker.java:65)
	at worker.org.gradle.process.internal.worker.GradleWorkerMain.run(GradleWorkerMain.java:69)
	at worker.org.gradle.process.internal.worker.GradleWorkerMain.main(GradleWorkerMain.java:74)
Caused by: UnsolvedSymbolException{context='arg0', name='Solving arg0', cause='null'}
	at com.github.javaparser.symbolsolver.javaparsermodel.TypeExtractor.visit(TypeExtractor.java:335)
	at com.github.javaparser.symbolsolver.javaparsermodel.TypeExtractor.visit(TypeExtractor.java:65)
	at com.github.javaparser.ast.expr.NameExpr.accept(NameExpr.java:79)
	at com.github.javaparser.symbolsolver.javaparsermodel.JavaParserFacade.getTypeConcrete(JavaParserFacade.java:505)
	at com.github.javaparser.symbolsolver.javaparsermodel.JavaParserFacade.getType(JavaParserFacade.java:352)
	at com.github.javaparser.symbolsolver.javaparsermodel.JavaParserFacade.getType(JavaParserFacade.java:334)
	at com.github.javaparser.symbolsolver.JavaSymbolSolver.calculateType(JavaSymbolSolver.java:294)
	at com.github.javaparser.ast.expr.Expression.calculateResolvedType(Expression.java:573)
	at de.uka.ilkd.key.java.JP2KeYVisitor.visit(JP2KeYConverter.java:707)
	at de.uka.ilkd.key.java.JP2KeYVisitor.visit(JP2KeYConverter.java:90)
	at com.github.javaparser.ast.expr.NameExpr.accept(NameExpr.java:79)
	at de.uka.ilkd.key.java.JP2KeYVisitor.lambda$map$1(JP2KeYConverter.java:402)
	at java.base/java.util.stream.ReferencePipeline$3$1.accept(ReferencePipeline.java:195)
	at java.base/java.util.ArrayList$ArrayListSpliterator.forEachRemaining(ArrayList.java:1655)
	at java.base/java.util.stream.AbstractPipeline.copyInto(AbstractPipeline.java:484)
	at java.base/java.util.stream.AbstractPipeline.wrapAndCopyInto(AbstractPipeline.java:474)
	at java.base/java.util.stream.ReduceOps$ReduceOp.evaluateSequential(ReduceOps.java:913)
	at java.base/java.util.stream.AbstractPipeline.evaluate(AbstractPipeline.java:234)
	at java.base/java.util.stream.ReferencePipeline.collect(ReferencePipeline.java:578)
	at de.uka.ilkd.key.java.JP2KeYVisitor.map(JP2KeYConverter.java:403)
	at de.uka.ilkd.key.java.JP2KeYVisitor.visit(JP2KeYConverter.java:506)
	at de.uka.ilkd.key.java.JP2KeYVisitor.visit(JP2KeYConverter.java:90)
	at com.github.javaparser.ast.stmt.ExplicitConstructorInvocationStmt.accept(ExplicitConstructorInvocationStmt.java:96)
	at de.uka.ilkd.key.java.JP2KeYVisitor.lambda$map$1(JP2KeYConverter.java:402)
	at java.base/java.util.stream.ReferencePipeline$3$1.accept(ReferencePipeline.java:195)
	at java.base/java.util.ArrayList$ArrayListSpliterator.forEachRemaining(ArrayList.java:1655)
	at java.base/java.util.stream.AbstractPipeline.copyInto(AbstractPipeline.java:484)
	at java.base/java.util.stream.AbstractPipeline.wrapAndCopyInto(AbstractPipeline.java:474)
	at java.base/java.util.stream.ReduceOps$ReduceOp.evaluateSequential(ReduceOps.java:913)
	at java.base/java.util.stream.AbstractPipeline.evaluate(AbstractPipeline.java:234)
	at java.base/java.util.stream.ReferencePipeline.collect(ReferencePipeline.java:578)
	at de.uka.ilkd.key.java.JP2KeYVisitor.map(JP2KeYConverter.java:403)
	at de.uka.ilkd.key.java.JP2KeYVisitor.visit(JP2KeYConverter.java:258)
	at de.uka.ilkd.key.java.JP2KeYVisitor.visit(JP2KeYConverter.java:90)
	at com.github.javaparser.ast.stmt.BlockStmt.accept(BlockStmt.java:70)
	at de.uka.ilkd.key.java.JP2KeYVisitor.lambda$map$1(JP2KeYConverter.java:402)
	at java.base/java.util.stream.ReferencePipeline$3$1.accept(ReferencePipeline.java:195)
	at java.base/java.util.ArrayList$ArrayListSpliterator.forEachRemaining(ArrayList.java:1655)
	at java.base/java.util.stream.AbstractPipeline.copyInto(AbstractPipeline.java:484)
	at java.base/java.util.stream.AbstractPipeline.wrapAndCopyInto(AbstractPipeline.java:474)
	at java.base/java.util.stream.ReduceOps$ReduceOp.evaluateSequential(ReduceOps.java:913)
	at java.base/java.util.stream.AbstractPipeline.evaluate(AbstractPipeline.java:234)
	at java.base/java.util.stream.ReferencePipeline.collect(ReferencePipeline.java:578)
	at de.uka.ilkd.key.java.JP2KeYVisitor.map(JP2KeYConverter.java:403)
	at de.uka.ilkd.key.java.JP2KeYVisitor.visit(JP2KeYConverter.java:258)
	at de.uka.ilkd.key.java.JP2KeYVisitor.visit(JP2KeYConverter.java:90)
	at com.github.javaparser.ast.stmt.BlockStmt.accept(BlockStmt.java:70)
	at de.uka.ilkd.key.java.JP2KeYVisitor.accept(JP2KeYConverter.java:348)
	at de.uka.ilkd.key.java.JP2KeYVisitor.visit(JP2KeYConverter.java:946)
	at de.uka.ilkd.key.java.JP2KeYVisitor.visit(JP2KeYConverter.java:90)
	at com.github.javaparser.ast.stmt.TryStmt.accept(TryStmt.java:135)
	at de.uka.ilkd.key.java.JP2KeYVisitor.lambda$map$1(JP2KeYConverter.java:402)
	at java.base/java.util.stream.ReferencePipeline$3$1.accept(ReferencePipeline.java:195)
	at java.base/java.util.ArrayList$ArrayListSpliterator.forEachRemaining(ArrayList.java:1655)
	at java.base/java.util.stream.AbstractPipeline.copyInto(AbstractPipeline.java:484)
	at java.base/java.util.stream.AbstractPipeline.wrapAndCopyInto(AbstractPipeline.java:474)
	at java.base/java.util.stream.ReduceOps$ReduceOp.evaluateSequential(ReduceOps.java:913)
	at java.base/java.util.stream.AbstractPipeline.evaluate(AbstractPipeline.java:234)
	at java.base/java.util.stream.ReferencePipeline.collect(ReferencePipeline.java:578)
	at de.uka.ilkd.key.java.JP2KeYVisitor.map(JP2KeYConverter.java:403)
	at de.uka.ilkd.key.java.JP2KeYVisitor.visit(JP2KeYConverter.java:258)
	at de.uka.ilkd.key.java.JP2KeYVisitor.visit(JP2KeYConverter.java:90)
	at com.github.javaparser.ast.stmt.BlockStmt.accept(BlockStmt.java:70)
	at de.uka.ilkd.key.java.JP2KeYVisitor.accept(JP2KeYConverter.java:348)
	at de.uka.ilkd.key.java.JP2KeYVisitor.visit(JP2KeYConverter.java:609)
	at de.uka.ilkd.key.java.JP2KeYVisitor.visit(JP2KeYConverter.java:90)
	at com.github.javaparser.ast.stmt.IfStmt.accept(IfStmt.java:82)
	at de.uka.ilkd.key.java.JP2KeYVisitor.lambda$map$1(JP2KeYConverter.java:402)
	at java.base/java.util.stream.ReferencePipeline$3$1.accept(ReferencePipeline.java:195)
	at java.base/java.util.ArrayList$ArrayListSpliterator.forEachRemaining(ArrayList.java:1655)
	at java.base/java.util.stream.AbstractPipeline.copyInto(AbstractPipeline.java:484)
	at java.base/java.util.stream.AbstractPipeline.wrapAndCopyInto(AbstractPipeline.java:474)
	at java.base/java.util.stream.ReduceOps$ReduceOp.evaluateSequential(ReduceOps.java:913)
	at java.base/java.util.stream.AbstractPipeline.evaluate(AbstractPipeline.java:234)
	at java.base/java.util.stream.ReferencePipeline.collect(ReferencePipeline.java:578)
	at de.uka.ilkd.key.java.JP2KeYVisitor.map(JP2KeYConverter.java:403)
	at de.uka.ilkd.key.java.JP2KeYVisitor.visit(JP2KeYConverter.java:258)
	at de.uka.ilkd.key.java.JP2KeYVisitor.visit(JP2KeYConverter.java:90)
	at com.github.javaparser.ast.stmt.BlockStmt.accept(BlockStmt.java:70)
	at de.uka.ilkd.key.java.JP2KeYVisitor.accept(JP2KeYConverter.java:348)
	at de.uka.ilkd.key.java.JP2KeYVisitor.visit(JP2KeYConverter.java:609)
	at de.uka.ilkd.key.java.JP2KeYVisitor.visit(JP2KeYConverter.java:90)
	at com.github.javaparser.ast.stmt.IfStmt.accept(IfStmt.java:82)
	at de.uka.ilkd.key.java.JP2KeYVisitor.lambda$map$1(JP2KeYConverter.java:402)
	at java.base/java.util.stream.ReferencePipeline$3$1.accept(ReferencePipeline.java:195)
	at java.base/java.util.ArrayList$ArrayListSpliterator.forEachRemaining(ArrayList.java:1655)
	at java.base/java.util.stream.AbstractPipeline.copyInto(AbstractPipeline.java:484)
	at java.base/java.util.stream.AbstractPipeline.wrapAndCopyInto(AbstractPipeline.java:474)
	at java.base/java.util.stream.ReduceOps$ReduceOp.evaluateSequential(ReduceOps.java:913)
	at java.base/java.util.stream.AbstractPipeline.evaluate(AbstractPipeline.java:234)
	at java.base/java.util.stream.ReferencePipeline.collect(ReferencePipeline.java:578)
	at de.uka.ilkd.key.java.JP2KeYVisitor.map(JP2KeYConverter.java:403)
	at de.uka.ilkd.key.java.JP2KeYVisitor.visit(JP2KeYConverter.java:258)
	at de.uka.ilkd.key.java.JP2KeYVisitor.visit(JP2KeYConverter.java:90)
	at com.github.javaparser.ast.stmt.BlockStmt.accept(BlockStmt.java:70)
	at de.uka.ilkd.key.java.JP2KeYVisitor.accept(JP2KeYConverter.java:348)
	at de.uka.ilkd.key.java.JP2KeYVisitor.accepto(JP2KeYConverter.java:418)
	at de.uka.ilkd.key.java.JP2KeYVisitor.visit(JP2KeYConverter.java:688)
	at de.uka.ilkd.key.java.JP2KeYVisitor.visit(JP2KeYConverter.java:90)
	at com.github.javaparser.ast.body.MethodDeclaration.accept(MethodDeclaration.java:98)
	at de.uka.ilkd.key.java.JP2KeYVisitor.lambda$map$1(JP2KeYConverter.java:402)
	at java.base/java.util.stream.ReferencePipeline$3$1.accept(ReferencePipeline.java:195)
	at java.base/java.util.ArrayList$ArrayListSpliterator.forEachRemaining(ArrayList.java:1655)
	at java.base/java.util.stream.AbstractPipeline.copyInto(AbstractPipeline.java:484)
	at java.base/java.util.stream.AbstractPipeline.wrapAndCopyInto(AbstractPipeline.java:474)
	at java.base/java.util.stream.ReduceOps$ReduceOp.evaluateSequential(ReduceOps.java:913)
	at java.base/java.util.stream.AbstractPipeline.evaluate(AbstractPipeline.java:234)
	at java.base/java.util.stream.ReferencePipeline.collect(ReferencePipeline.java:578)
	at de.uka.ilkd.key.java.JP2KeYVisitor.map(JP2KeYConverter.java:403)
	at de.uka.ilkd.key.java.JP2KeYVisitor.visit(JP2KeYConverter.java:310)
	at de.uka.ilkd.key.java.JP2KeYVisitor.visit(JP2KeYConverter.java:90)
	at com.github.javaparser.ast.body.ClassOrInterfaceDeclaration.accept(ClassOrInterfaceDeclaration.java:95)
	at de.uka.ilkd.key.java.JP2KeYVisitor.lambda$map$1(JP2KeYConverter.java:402)
	at java.base/java.util.stream.ReferencePipeline$3$1.accept(ReferencePipeline.java:195)
	at java.base/java.util.ArrayList$ArrayListSpliterator.forEachRemaining(ArrayList.java:1655)
	at java.base/java.util.stream.AbstractPipeline.copyInto(AbstractPipeline.java:484)
	at java.base/java.util.stream.AbstractPipeline.wrapAndCopyInto(AbstractPipeline.java:474)
	at java.base/java.util.stream.ReduceOps$ReduceOp.evaluateSequential(ReduceOps.java:913)
	at java.base/java.util.stream.AbstractPipeline.evaluate(AbstractPipeline.java:234)
	at java.base/java.util.stream.ReferencePipeline.collect(ReferencePipeline.java:578)
	at de.uka.ilkd.key.java.JP2KeYVisitor.map(JP2KeYConverter.java:403)
	at de.uka.ilkd.key.java.JP2KeYVisitor.visit(JP2KeYConverter.java:393)
	at de.uka.ilkd.key.java.JP2KeYVisitor.visit(JP2KeYConverter.java:90)
	at com.github.javaparser.ast.CompilationUnit.accept(CompilationUnit.java:124)
	at de.uka.ilkd.key.java.JP2KeYConverter.process(JP2KeYConverter.java:84)
	at de.uka.ilkd.key.java.JP2KeYConverter.processCompilationUnit(JP2KeYConverter.java:80)
	at de.uka.ilkd.key.java.JavaService.parseLibraryClasses0(JavaService.java:536)
	at de.uka.ilkd.key.java.JavaService.parseSpecialClasses(JavaService.java:511)
	at de.uka.ilkd.key.proof.init.ProblemInitializer.readJava(ProblemInitializer.java:280)
	at de.uka.ilkd.key.proof.init.ProblemInitializer.prepare(ProblemInitializer.java:529)
	at de.uka.ilkd.key.proof.init.ProblemInitializer.prepare(ProblemInitializer.java:471)
	at de.uka.ilkd.key.rule.TacletForTests.parse(TacletForTests.java:80)
	... 89 more
</failure>
  </testcase>
  <testcase name="testParsingArrayCombination()" classname="de.uka.ilkd.key.parser.TestTermParser" time="0.001">
    <failure message="java.lang.RuntimeException: Exception occurred while parsing src\test\resources\testcase\testrules.key" type="java.lang.RuntimeException">java.lang.RuntimeException: Exception occurred while parsing src\test\resources\testcase\testrules.key
	at de.uka.ilkd.key.rule.TacletForTests.parse(TacletForTests.java:89)
	at de.uka.ilkd.key.rule.TacletForTests.parse(TacletForTests.java:125)
	at de.uka.ilkd.key.rule.TacletForTests.parse(TacletForTests.java:129)
	at de.uka.ilkd.key.rule.TacletForTests.services(TacletForTests.java:102)
	at de.uka.ilkd.key.parser.TestTermParser.getServices(TestTermParser.java:42)
	at de.uka.ilkd.key.parser.AbstractTestTermParser.&lt;init&gt;(AbstractTestTermParser.java:35)
	at de.uka.ilkd.key.parser.TestTermParser.&lt;init&gt;(TestTermParser.java:34)
	at jdk.internal.reflect.GeneratedConstructorAccessor17.newInstance(Unknown Source)
	at java.base/jdk.internal.reflect.DelegatingConstructorAccessorImpl.newInstance(DelegatingConstructorAccessorImpl.java:45)
	at java.base/java.lang.reflect.Constructor.newInstance(Constructor.java:490)
	at org.junit.platform.commons.util.ReflectionUtils.newInstance(ReflectionUtils.java:552)
	at org.junit.jupiter.engine.execution.ConstructorInvocation.proceed(ConstructorInvocation.java:56)
	at org.junit.jupiter.engine.execution.InvocationInterceptorChain$ValidatingInvocation.proceed(InvocationInterceptorChain.java:131)
	at org.junit.jupiter.api.extension.InvocationInterceptor.interceptTestClassConstructor(InvocationInterceptor.java:73)
	at org.junit.jupiter.engine.execution.InterceptingExecutableInvoker.lambda$invoke$0(InterceptingExecutableInvoker.java:93)
	at org.junit.jupiter.engine.execution.InvocationInterceptorChain$InterceptedInvocation.proceed(InvocationInterceptorChain.java:106)
	at org.junit.jupiter.engine.execution.InvocationInterceptorChain.proceed(InvocationInterceptorChain.java:64)
	at org.junit.jupiter.engine.execution.InvocationInterceptorChain.chainAndInvoke(InvocationInterceptorChain.java:45)
	at org.junit.jupiter.engine.execution.InvocationInterceptorChain.invoke(InvocationInterceptorChain.java:37)
	at org.junit.jupiter.engine.execution.InterceptingExecutableInvoker.invoke(InterceptingExecutableInvoker.java:92)
	at org.junit.jupiter.engine.execution.InterceptingExecutableInvoker.invoke(InterceptingExecutableInvoker.java:62)
	at org.junit.jupiter.engine.descriptor.ClassBasedTestDescriptor.invokeTestClassConstructor(ClassBasedTestDescriptor.java:363)
	at org.junit.jupiter.engine.descriptor.ClassBasedTestDescriptor.instantiateTestClass(ClassBasedTestDescriptor.java:310)
	at org.junit.jupiter.engine.descriptor.ClassTestDescriptor.instantiateTestClass(ClassTestDescriptor.java:79)
	at org.junit.jupiter.engine.descriptor.ClassBasedTestDescriptor.instantiateAndPostProcessTestInstance(ClassBasedTestDescriptor.java:286)
	at org.junit.jupiter.engine.descriptor.ClassBasedTestDescriptor.lambda$testInstancesProvider$4(ClassBasedTestDescriptor.java:278)
	at java.base/java.util.Optional.orElseGet(Optional.java:369)
	at org.junit.jupiter.engine.descriptor.ClassBasedTestDescriptor.lambda$testInstancesProvider$5(ClassBasedTestDescriptor.java:277)
	at org.junit.jupiter.engine.execution.TestInstancesProvider.getTestInstances(TestInstancesProvider.java:31)
	at org.junit.jupiter.engine.descriptor.TestMethodTestDescriptor.lambda$prepare$0(TestMethodTestDescriptor.java:105)
	at org.junit.platform.engine.support.hierarchical.ThrowableCollector.execute(ThrowableCollector.java:73)
	at org.junit.jupiter.engine.descriptor.TestMethodTestDescriptor.prepare(TestMethodTestDescriptor.java:104)
	at org.junit.jupiter.engine.descriptor.TestMethodTestDescriptor.prepare(TestMethodTestDescriptor.java:68)
	at org.junit.platform.engine.support.hierarchical.NodeTestTask.lambda$prepare$2(NodeTestTask.java:123)
	at org.junit.platform.engine.support.hierarchical.ThrowableCollector.execute(ThrowableCollector.java:73)
	at org.junit.platform.engine.support.hierarchical.NodeTestTask.prepare(NodeTestTask.java:123)
	at org.junit.platform.engine.support.hierarchical.NodeTestTask.execute(NodeTestTask.java:90)
	at java.base/java.util.ArrayList.forEach(ArrayList.java:1541)
	at org.junit.platform.engine.support.hierarchical.SameThreadHierarchicalTestExecutorService.invokeAll(SameThreadHierarchicalTestExecutorService.java:41)
	at org.junit.platform.engine.support.hierarchical.NodeTestTask.lambda$executeRecursively$6(NodeTestTask.java:155)
	at org.junit.platform.engine.support.hierarchical.ThrowableCollector.execute(ThrowableCollector.java:73)
	at org.junit.platform.engine.support.hierarchical.NodeTestTask.lambda$executeRecursively$8(NodeTestTask.java:141)
	at org.junit.platform.engine.support.hierarchical.Node.around(Node.java:137)
	at org.junit.platform.engine.support.hierarchical.NodeTestTask.lambda$executeRecursively$9(NodeTestTask.java:139)
	at org.junit.platform.engine.support.hierarchical.ThrowableCollector.execute(ThrowableCollector.java:73)
	at org.junit.platform.engine.support.hierarchical.NodeTestTask.executeRecursively(NodeTestTask.java:138)
	at org.junit.platform.engine.support.hierarchical.NodeTestTask.execute(NodeTestTask.java:95)
	at java.base/java.util.ArrayList.forEach(ArrayList.java:1541)
	at org.junit.platform.engine.support.hierarchical.SameThreadHierarchicalTestExecutorService.invokeAll(SameThreadHierarchicalTestExecutorService.java:41)
	at org.junit.platform.engine.support.hierarchical.NodeTestTask.lambda$executeRecursively$6(NodeTestTask.java:155)
	at org.junit.platform.engine.support.hierarchical.ThrowableCollector.execute(ThrowableCollector.java:73)
	at org.junit.platform.engine.support.hierarchical.NodeTestTask.lambda$executeRecursively$8(NodeTestTask.java:141)
	at org.junit.platform.engine.support.hierarchical.Node.around(Node.java:137)
	at org.junit.platform.engine.support.hierarchical.NodeTestTask.lambda$executeRecursively$9(NodeTestTask.java:139)
	at org.junit.platform.engine.support.hierarchical.ThrowableCollector.execute(ThrowableCollector.java:73)
	at org.junit.platform.engine.support.hierarchical.NodeTestTask.executeRecursively(NodeTestTask.java:138)
	at org.junit.platform.engine.support.hierarchical.NodeTestTask.execute(NodeTestTask.java:95)
	at org.junit.platform.engine.support.hierarchical.SameThreadHierarchicalTestExecutorService.submit(SameThreadHierarchicalTestExecutorService.java:35)
	at org.junit.platform.engine.support.hierarchical.HierarchicalTestExecutor.execute(HierarchicalTestExecutor.java:57)
	at org.junit.platform.engine.support.hierarchical.HierarchicalTestEngine.execute(HierarchicalTestEngine.java:54)
	at org.junit.platform.launcher.core.EngineExecutionOrchestrator.execute(EngineExecutionOrchestrator.java:107)
	at org.junit.platform.launcher.core.EngineExecutionOrchestrator.execute(EngineExecutionOrchestrator.java:88)
	at org.junit.platform.launcher.core.EngineExecutionOrchestrator.lambda$execute$0(EngineExecutionOrchestrator.java:54)
	at org.junit.platform.launcher.core.EngineExecutionOrchestrator.withInterceptedStreams(EngineExecutionOrchestrator.java:67)
	at org.junit.platform.launcher.core.EngineExecutionOrchestrator.execute(EngineExecutionOrchestrator.java:52)
	at org.junit.platform.launcher.core.DefaultLauncher.execute(DefaultLauncher.java:114)
	at org.junit.platform.launcher.core.DefaultLauncher.execute(DefaultLauncher.java:86)
	at org.junit.platform.launcher.core.DefaultLauncherSession$DelegatingLauncher.execute(DefaultLauncherSession.java:86)
	at org.gradle.api.internal.tasks.testing.junitplatform.JUnitPlatformTestClassProcessor$CollectAllTestClassesExecutor.processAllTestClasses(JUnitPlatformTestClassProcessor.java:110)
	at org.gradle.api.internal.tasks.testing.junitplatform.JUnitPlatformTestClassProcessor$CollectAllTestClassesExecutor.access$000(JUnitPlatformTestClassProcessor.java:90)
	at org.gradle.api.internal.tasks.testing.junitplatform.JUnitPlatformTestClassProcessor.stop(JUnitPlatformTestClassProcessor.java:85)
	at org.gradle.api.internal.tasks.testing.SuiteTestClassProcessor.stop(SuiteTestClassProcessor.java:62)
	at java.base/jdk.internal.reflect.NativeMethodAccessorImpl.invoke0(Native Method)
	at java.base/jdk.internal.reflect.NativeMethodAccessorImpl.invoke(NativeMethodAccessorImpl.java:62)
	at java.base/jdk.internal.reflect.DelegatingMethodAccessorImpl.invoke(DelegatingMethodAccessorImpl.java:43)
	at java.base/java.lang.reflect.Method.invoke(Method.java:566)
	at org.gradle.internal.dispatch.ReflectionDispatch.dispatch(ReflectionDispatch.java:36)
	at org.gradle.internal.dispatch.ReflectionDispatch.dispatch(ReflectionDispatch.java:24)
	at org.gradle.internal.dispatch.ContextClassLoaderDispatch.dispatch(ContextClassLoaderDispatch.java:33)
	at org.gradle.internal.dispatch.ProxyDispatchAdapter$DispatchingInvocationHandler.invoke(ProxyDispatchAdapter.java:94)
	at com.sun.proxy.$Proxy5.stop(Unknown Source)
	at org.gradle.api.internal.tasks.testing.worker.TestWorker$3.run(TestWorker.java:193)
	at org.gradle.api.internal.tasks.testing.worker.TestWorker.executeAndMaintainThreadName(TestWorker.java:129)
	at org.gradle.api.internal.tasks.testing.worker.TestWorker.execute(TestWorker.java:100)
	at org.gradle.api.internal.tasks.testing.worker.TestWorker.execute(TestWorker.java:60)
	at org.gradle.process.internal.worker.child.ActionExecutionWorker.execute(ActionExecutionWorker.java:56)
	at org.gradle.process.internal.worker.child.SystemApplicationClassLoaderWorker.call(SystemApplicationClassLoaderWorker.java:113)
	at org.gradle.process.internal.worker.child.SystemApplicationClassLoaderWorker.call(SystemApplicationClassLoaderWorker.java:65)
	at worker.org.gradle.process.internal.worker.GradleWorkerMain.run(GradleWorkerMain.java:69)
	at worker.org.gradle.process.internal.worker.GradleWorkerMain.main(GradleWorkerMain.java:74)
Caused by: UnsolvedSymbolException{context='arg0', name='Solving arg0', cause='null'}
	at com.github.javaparser.symbolsolver.javaparsermodel.TypeExtractor.visit(TypeExtractor.java:335)
	at com.github.javaparser.symbolsolver.javaparsermodel.TypeExtractor.visit(TypeExtractor.java:65)
	at com.github.javaparser.ast.expr.NameExpr.accept(NameExpr.java:79)
	at com.github.javaparser.symbolsolver.javaparsermodel.JavaParserFacade.getTypeConcrete(JavaParserFacade.java:505)
	at com.github.javaparser.symbolsolver.javaparsermodel.JavaParserFacade.getType(JavaParserFacade.java:352)
	at com.github.javaparser.symbolsolver.javaparsermodel.JavaParserFacade.getType(JavaParserFacade.java:334)
	at com.github.javaparser.symbolsolver.JavaSymbolSolver.calculateType(JavaSymbolSolver.java:294)
	at com.github.javaparser.ast.expr.Expression.calculateResolvedType(Expression.java:573)
	at de.uka.ilkd.key.java.JP2KeYVisitor.visit(JP2KeYConverter.java:707)
	at de.uka.ilkd.key.java.JP2KeYVisitor.visit(JP2KeYConverter.java:90)
	at com.github.javaparser.ast.expr.NameExpr.accept(NameExpr.java:79)
	at de.uka.ilkd.key.java.JP2KeYVisitor.lambda$map$1(JP2KeYConverter.java:402)
	at java.base/java.util.stream.ReferencePipeline$3$1.accept(ReferencePipeline.java:195)
	at java.base/java.util.ArrayList$ArrayListSpliterator.forEachRemaining(ArrayList.java:1655)
	at java.base/java.util.stream.AbstractPipeline.copyInto(AbstractPipeline.java:484)
	at java.base/java.util.stream.AbstractPipeline.wrapAndCopyInto(AbstractPipeline.java:474)
	at java.base/java.util.stream.ReduceOps$ReduceOp.evaluateSequential(ReduceOps.java:913)
	at java.base/java.util.stream.AbstractPipeline.evaluate(AbstractPipeline.java:234)
	at java.base/java.util.stream.ReferencePipeline.collect(ReferencePipeline.java:578)
	at de.uka.ilkd.key.java.JP2KeYVisitor.map(JP2KeYConverter.java:403)
	at de.uka.ilkd.key.java.JP2KeYVisitor.visit(JP2KeYConverter.java:506)
	at de.uka.ilkd.key.java.JP2KeYVisitor.visit(JP2KeYConverter.java:90)
	at com.github.javaparser.ast.stmt.ExplicitConstructorInvocationStmt.accept(ExplicitConstructorInvocationStmt.java:96)
	at de.uka.ilkd.key.java.JP2KeYVisitor.lambda$map$1(JP2KeYConverter.java:402)
	at java.base/java.util.stream.ReferencePipeline$3$1.accept(ReferencePipeline.java:195)
	at java.base/java.util.ArrayList$ArrayListSpliterator.forEachRemaining(ArrayList.java:1655)
	at java.base/java.util.stream.AbstractPipeline.copyInto(AbstractPipeline.java:484)
	at java.base/java.util.stream.AbstractPipeline.wrapAndCopyInto(AbstractPipeline.java:474)
	at java.base/java.util.stream.ReduceOps$ReduceOp.evaluateSequential(ReduceOps.java:913)
	at java.base/java.util.stream.AbstractPipeline.evaluate(AbstractPipeline.java:234)
	at java.base/java.util.stream.ReferencePipeline.collect(ReferencePipeline.java:578)
	at de.uka.ilkd.key.java.JP2KeYVisitor.map(JP2KeYConverter.java:403)
	at de.uka.ilkd.key.java.JP2KeYVisitor.visit(JP2KeYConverter.java:258)
	at de.uka.ilkd.key.java.JP2KeYVisitor.visit(JP2KeYConverter.java:90)
	at com.github.javaparser.ast.stmt.BlockStmt.accept(BlockStmt.java:70)
	at de.uka.ilkd.key.java.JP2KeYVisitor.lambda$map$1(JP2KeYConverter.java:402)
	at java.base/java.util.stream.ReferencePipeline$3$1.accept(ReferencePipeline.java:195)
	at java.base/java.util.ArrayList$ArrayListSpliterator.forEachRemaining(ArrayList.java:1655)
	at java.base/java.util.stream.AbstractPipeline.copyInto(AbstractPipeline.java:484)
	at java.base/java.util.stream.AbstractPipeline.wrapAndCopyInto(AbstractPipeline.java:474)
	at java.base/java.util.stream.ReduceOps$ReduceOp.evaluateSequential(ReduceOps.java:913)
	at java.base/java.util.stream.AbstractPipeline.evaluate(AbstractPipeline.java:234)
	at java.base/java.util.stream.ReferencePipeline.collect(ReferencePipeline.java:578)
	at de.uka.ilkd.key.java.JP2KeYVisitor.map(JP2KeYConverter.java:403)
	at de.uka.ilkd.key.java.JP2KeYVisitor.visit(JP2KeYConverter.java:258)
	at de.uka.ilkd.key.java.JP2KeYVisitor.visit(JP2KeYConverter.java:90)
	at com.github.javaparser.ast.stmt.BlockStmt.accept(BlockStmt.java:70)
	at de.uka.ilkd.key.java.JP2KeYVisitor.accept(JP2KeYConverter.java:348)
	at de.uka.ilkd.key.java.JP2KeYVisitor.visit(JP2KeYConverter.java:946)
	at de.uka.ilkd.key.java.JP2KeYVisitor.visit(JP2KeYConverter.java:90)
	at com.github.javaparser.ast.stmt.TryStmt.accept(TryStmt.java:135)
	at de.uka.ilkd.key.java.JP2KeYVisitor.lambda$map$1(JP2KeYConverter.java:402)
	at java.base/java.util.stream.ReferencePipeline$3$1.accept(ReferencePipeline.java:195)
	at java.base/java.util.ArrayList$ArrayListSpliterator.forEachRemaining(ArrayList.java:1655)
	at java.base/java.util.stream.AbstractPipeline.copyInto(AbstractPipeline.java:484)
	at java.base/java.util.stream.AbstractPipeline.wrapAndCopyInto(AbstractPipeline.java:474)
	at java.base/java.util.stream.ReduceOps$ReduceOp.evaluateSequential(ReduceOps.java:913)
	at java.base/java.util.stream.AbstractPipeline.evaluate(AbstractPipeline.java:234)
	at java.base/java.util.stream.ReferencePipeline.collect(ReferencePipeline.java:578)
	at de.uka.ilkd.key.java.JP2KeYVisitor.map(JP2KeYConverter.java:403)
	at de.uka.ilkd.key.java.JP2KeYVisitor.visit(JP2KeYConverter.java:258)
	at de.uka.ilkd.key.java.JP2KeYVisitor.visit(JP2KeYConverter.java:90)
	at com.github.javaparser.ast.stmt.BlockStmt.accept(BlockStmt.java:70)
	at de.uka.ilkd.key.java.JP2KeYVisitor.accept(JP2KeYConverter.java:348)
	at de.uka.ilkd.key.java.JP2KeYVisitor.visit(JP2KeYConverter.java:609)
	at de.uka.ilkd.key.java.JP2KeYVisitor.visit(JP2KeYConverter.java:90)
	at com.github.javaparser.ast.stmt.IfStmt.accept(IfStmt.java:82)
	at de.uka.ilkd.key.java.JP2KeYVisitor.lambda$map$1(JP2KeYConverter.java:402)
	at java.base/java.util.stream.ReferencePipeline$3$1.accept(ReferencePipeline.java:195)
	at java.base/java.util.ArrayList$ArrayListSpliterator.forEachRemaining(ArrayList.java:1655)
	at java.base/java.util.stream.AbstractPipeline.copyInto(AbstractPipeline.java:484)
	at java.base/java.util.stream.AbstractPipeline.wrapAndCopyInto(AbstractPipeline.java:474)
	at java.base/java.util.stream.ReduceOps$ReduceOp.evaluateSequential(ReduceOps.java:913)
	at java.base/java.util.stream.AbstractPipeline.evaluate(AbstractPipeline.java:234)
	at java.base/java.util.stream.ReferencePipeline.collect(ReferencePipeline.java:578)
	at de.uka.ilkd.key.java.JP2KeYVisitor.map(JP2KeYConverter.java:403)
	at de.uka.ilkd.key.java.JP2KeYVisitor.visit(JP2KeYConverter.java:258)
	at de.uka.ilkd.key.java.JP2KeYVisitor.visit(JP2KeYConverter.java:90)
	at com.github.javaparser.ast.stmt.BlockStmt.accept(BlockStmt.java:70)
	at de.uka.ilkd.key.java.JP2KeYVisitor.accept(JP2KeYConverter.java:348)
	at de.uka.ilkd.key.java.JP2KeYVisitor.visit(JP2KeYConverter.java:609)
	at de.uka.ilkd.key.java.JP2KeYVisitor.visit(JP2KeYConverter.java:90)
	at com.github.javaparser.ast.stmt.IfStmt.accept(IfStmt.java:82)
	at de.uka.ilkd.key.java.JP2KeYVisitor.lambda$map$1(JP2KeYConverter.java:402)
	at java.base/java.util.stream.ReferencePipeline$3$1.accept(ReferencePipeline.java:195)
	at java.base/java.util.ArrayList$ArrayListSpliterator.forEachRemaining(ArrayList.java:1655)
	at java.base/java.util.stream.AbstractPipeline.copyInto(AbstractPipeline.java:484)
	at java.base/java.util.stream.AbstractPipeline.wrapAndCopyInto(AbstractPipeline.java:474)
	at java.base/java.util.stream.ReduceOps$ReduceOp.evaluateSequential(ReduceOps.java:913)
	at java.base/java.util.stream.AbstractPipeline.evaluate(AbstractPipeline.java:234)
	at java.base/java.util.stream.ReferencePipeline.collect(ReferencePipeline.java:578)
	at de.uka.ilkd.key.java.JP2KeYVisitor.map(JP2KeYConverter.java:403)
	at de.uka.ilkd.key.java.JP2KeYVisitor.visit(JP2KeYConverter.java:258)
	at de.uka.ilkd.key.java.JP2KeYVisitor.visit(JP2KeYConverter.java:90)
	at com.github.javaparser.ast.stmt.BlockStmt.accept(BlockStmt.java:70)
	at de.uka.ilkd.key.java.JP2KeYVisitor.accept(JP2KeYConverter.java:348)
	at de.uka.ilkd.key.java.JP2KeYVisitor.accepto(JP2KeYConverter.java:418)
	at de.uka.ilkd.key.java.JP2KeYVisitor.visit(JP2KeYConverter.java:688)
	at de.uka.ilkd.key.java.JP2KeYVisitor.visit(JP2KeYConverter.java:90)
	at com.github.javaparser.ast.body.MethodDeclaration.accept(MethodDeclaration.java:98)
	at de.uka.ilkd.key.java.JP2KeYVisitor.lambda$map$1(JP2KeYConverter.java:402)
	at java.base/java.util.stream.ReferencePipeline$3$1.accept(ReferencePipeline.java:195)
	at java.base/java.util.ArrayList$ArrayListSpliterator.forEachRemaining(ArrayList.java:1655)
	at java.base/java.util.stream.AbstractPipeline.copyInto(AbstractPipeline.java:484)
	at java.base/java.util.stream.AbstractPipeline.wrapAndCopyInto(AbstractPipeline.java:474)
	at java.base/java.util.stream.ReduceOps$ReduceOp.evaluateSequential(ReduceOps.java:913)
	at java.base/java.util.stream.AbstractPipeline.evaluate(AbstractPipeline.java:234)
	at java.base/java.util.stream.ReferencePipeline.collect(ReferencePipeline.java:578)
	at de.uka.ilkd.key.java.JP2KeYVisitor.map(JP2KeYConverter.java:403)
	at de.uka.ilkd.key.java.JP2KeYVisitor.visit(JP2KeYConverter.java:310)
	at de.uka.ilkd.key.java.JP2KeYVisitor.visit(JP2KeYConverter.java:90)
	at com.github.javaparser.ast.body.ClassOrInterfaceDeclaration.accept(ClassOrInterfaceDeclaration.java:95)
	at de.uka.ilkd.key.java.JP2KeYVisitor.lambda$map$1(JP2KeYConverter.java:402)
	at java.base/java.util.stream.ReferencePipeline$3$1.accept(ReferencePipeline.java:195)
	at java.base/java.util.ArrayList$ArrayListSpliterator.forEachRemaining(ArrayList.java:1655)
	at java.base/java.util.stream.AbstractPipeline.copyInto(AbstractPipeline.java:484)
	at java.base/java.util.stream.AbstractPipeline.wrapAndCopyInto(AbstractPipeline.java:474)
	at java.base/java.util.stream.ReduceOps$ReduceOp.evaluateSequential(ReduceOps.java:913)
	at java.base/java.util.stream.AbstractPipeline.evaluate(AbstractPipeline.java:234)
	at java.base/java.util.stream.ReferencePipeline.collect(ReferencePipeline.java:578)
	at de.uka.ilkd.key.java.JP2KeYVisitor.map(JP2KeYConverter.java:403)
	at de.uka.ilkd.key.java.JP2KeYVisitor.visit(JP2KeYConverter.java:393)
	at de.uka.ilkd.key.java.JP2KeYVisitor.visit(JP2KeYConverter.java:90)
	at com.github.javaparser.ast.CompilationUnit.accept(CompilationUnit.java:124)
	at de.uka.ilkd.key.java.JP2KeYConverter.process(JP2KeYConverter.java:84)
	at de.uka.ilkd.key.java.JP2KeYConverter.processCompilationUnit(JP2KeYConverter.java:80)
	at de.uka.ilkd.key.java.JavaService.parseLibraryClasses0(JavaService.java:536)
	at de.uka.ilkd.key.java.JavaService.parseSpecialClasses(JavaService.java:511)
	at de.uka.ilkd.key.proof.init.ProblemInitializer.readJava(ProblemInitializer.java:280)
	at de.uka.ilkd.key.proof.init.ProblemInitializer.prepare(ProblemInitializer.java:529)
	at de.uka.ilkd.key.proof.init.ProblemInitializer.prepare(ProblemInitializer.java:471)
	at de.uka.ilkd.key.rule.TacletForTests.parse(TacletForTests.java:80)
	... 89 more
</failure>
  </testcase>
  <system-out><![CDATA[]]></system-out>
  <system-err><![CDATA[44863      ERROR Test worker     d.u.i.k.j.KeYJPMapping    Duplicate registration of node: boolean, formerNode: /*@ pure @*/
boolean 
44863      ERROR Test worker     d.u.i.k.j.KeYJPMapping    Duplicate registration of node: @(this.$classPrepared), formerNode: @($clprepare()) 
44863      ERROR Test worker     d.u.i.k.j.KeYJPMapping    Duplicate registration of node: @($classErroneous), formerNode: @($clprepare()) 
44863      ERROR Test worker     d.u.i.k.j.KeYJPMapping    Duplicate registration of node: @($classInitializationInProgress), formerNode: @($clprepare()) 
44863      ERROR Test worker     d.u.i.k.j.KeYJPMapping    Duplicate registration of node: @($classErroneous) = true, formerNode: @($classInitializationInProgress) = true 
44863      ERROR Test worker     d.u.i.k.j.KeYJPMapping    Duplicate registration of node: @($classErroneous) = false, formerNode: @($classInitializationInProgress) = false 
44863      ERROR Test worker     d.u.i.k.j.KeYJPMapping    Duplicate registration of node: @($classInitialized), formerNode: @($clprepare()) 
44863      ERROR Test worker     d.u.i.k.j.KeYJPMapping    Duplicate registration of node: @($classInitialized) = true, formerNode: @($classInitializationInProgress) = true 
44863      ERROR Test worker     d.u.i.k.j.KeYJPMapping    Duplicate registration of node: !@($classInitializationInProgress), formerNode: !@(this.$classPrepared) 
44863      ERROR Test worker     d.u.i.k.j.KeYJPMapping    Duplicate registration of node: !@($classInitialized), formerNode: !@(this.$classPrepared) 
44863      ERROR Test worker     d.u.i.k.j.KeYJPMapping    Duplicate registration of node: Object, formerNode: java.lang.Object 
44863      ERROR Test worker     d.u.i.k.j.KeYJPMapping    Duplicate registration of node: Object, formerNode: java.lang.Object 
44863      ERROR Test worker     d.u.i.k.j.KeYJPMapping    Duplicate registration of node: Annotation, formerNode: Annotation 
44863      ERROR Test worker     d.u.i.k.j.KeYJPMapping    Duplicate registration of node: @(java.lang.RuntimeException.$clinit()), formerNode: @($clprepare()) 
44988      ERROR Test worker     d.u.i.k.j.KeYJPMapping    Duplicate registration of node: boolean, formerNode: /*@ pure @*/
boolean 
44988      ERROR Test worker     d.u.i.k.j.KeYJPMapping    Duplicate registration of node: @(this.$classPrepared), formerNode: @($clprepare()) 
44988      ERROR Test worker     d.u.i.k.j.KeYJPMapping    Duplicate registration of node: @($classErroneous), formerNode: @($clprepare()) 
44988      ERROR Test worker     d.u.i.k.j.KeYJPMapping    Duplicate registration of node: @($classInitializationInProgress), formerNode: @($clprepare()) 
44988      ERROR Test worker     d.u.i.k.j.KeYJPMapping    Duplicate registration of node: @($classErroneous) = true, formerNode: @($classInitializationInProgress) = true 
44988      ERROR Test worker     d.u.i.k.j.KeYJPMapping    Duplicate registration of node: @($classErroneous) = false, formerNode: @($classInitializationInProgress) = false 
44988      ERROR Test worker     d.u.i.k.j.KeYJPMapping    Duplicate registration of node: @($classInitialized), formerNode: @($clprepare()) 
44988      ERROR Test worker     d.u.i.k.j.KeYJPMapping    Duplicate registration of node: @($classInitialized) = true, formerNode: @($classInitializationInProgress) = true 
44988      ERROR Test worker     d.u.i.k.j.KeYJPMapping    Duplicate registration of node: !@($classInitializationInProgress), formerNode: !@(this.$classPrepared) 
44988      ERROR Test worker     d.u.i.k.j.KeYJPMapping    Duplicate registration of node: !@($classInitialized), formerNode: !@(this.$classPrepared) 
44988      ERROR Test worker     d.u.i.k.j.KeYJPMapping    Duplicate registration of node: Object, formerNode: java.lang.Object 
44988      ERROR Test worker     d.u.i.k.j.KeYJPMapping    Duplicate registration of node: Object, formerNode: java.lang.Object 
45004      ERROR Test worker     d.u.i.k.j.KeYJPMapping    Duplicate registration of node: Annotation, formerNode: Annotation 
45004      ERROR Test worker     d.u.i.k.j.KeYJPMapping    Duplicate registration of node: @(java.lang.RuntimeException.$clinit()), formerNode: @($clprepare()) 
45129      ERROR Test worker     d.u.i.k.j.KeYJPMapping    Duplicate registration of node: boolean, formerNode: /*@ pure @*/
boolean 
45129      ERROR Test worker     d.u.i.k.j.KeYJPMapping    Duplicate registration of node: @(this.$classPrepared), formerNode: @($clprepare()) 
45129      ERROR Test worker     d.u.i.k.j.KeYJPMapping    Duplicate registration of node: @($classErroneous), formerNode: @($clprepare()) 
45129      ERROR Test worker     d.u.i.k.j.KeYJPMapping    Duplicate registration of node: @($classInitializationInProgress), formerNode: @($clprepare()) 
45129      ERROR Test worker     d.u.i.k.j.KeYJPMapping    Duplicate registration of node: @($classErroneous) = true, formerNode: @($classInitializationInProgress) = true 
45129      ERROR Test worker     d.u.i.k.j.KeYJPMapping    Duplicate registration of node: @($classErroneous) = false, formerNode: @($classInitializationInProgress) = false 
45129      ERROR Test worker     d.u.i.k.j.KeYJPMapping    Duplicate registration of node: @($classInitialized), formerNode: @($clprepare()) 
45129      ERROR Test worker     d.u.i.k.j.KeYJPMapping    Duplicate registration of node: @($classInitialized) = true, formerNode: @($classInitializationInProgress) = true 
45129      ERROR Test worker     d.u.i.k.j.KeYJPMapping    Duplicate registration of node: !@($classInitializationInProgress), formerNode: !@(this.$classPrepared) 
45129      ERROR Test worker     d.u.i.k.j.KeYJPMapping    Duplicate registration of node: !@($classInitialized), formerNode: !@(this.$classPrepared) 
45129      ERROR Test worker     d.u.i.k.j.KeYJPMapping    Duplicate registration of node: Object, formerNode: java.lang.Object 
45129      ERROR Test worker     d.u.i.k.j.KeYJPMapping    Duplicate registration of node: Object, formerNode: java.lang.Object 
45129      ERROR Test worker     d.u.i.k.j.KeYJPMapping    Duplicate registration of node: Annotation, formerNode: Annotation 
45129      ERROR Test worker     d.u.i.k.j.KeYJPMapping    Duplicate registration of node: @(java.lang.RuntimeException.$clinit()), formerNode: @($clprepare()) 
45270      ERROR Test worker     d.u.i.k.j.KeYJPMapping    Duplicate registration of node: boolean, formerNode: /*@ pure @*/
boolean 
45270      ERROR Test worker     d.u.i.k.j.KeYJPMapping    Duplicate registration of node: @(this.$classPrepared), formerNode: @($clprepare()) 
45270      ERROR Test worker     d.u.i.k.j.KeYJPMapping    Duplicate registration of node: @($classErroneous), formerNode: @($clprepare()) 
45270      ERROR Test worker     d.u.i.k.j.KeYJPMapping    Duplicate registration of node: @($classInitializationInProgress), formerNode: @($clprepare()) 
45270      ERROR Test worker     d.u.i.k.j.KeYJPMapping    Duplicate registration of node: @($classErroneous) = true, formerNode: @($classInitializationInProgress) = true 
45270      ERROR Test worker     d.u.i.k.j.KeYJPMapping    Duplicate registration of node: @($classErroneous) = false, formerNode: @($classInitializationInProgress) = false 
45270      ERROR Test worker     d.u.i.k.j.KeYJPMapping    Duplicate registration of node: @($classInitialized), formerNode: @($clprepare()) 
45270      ERROR Test worker     d.u.i.k.j.KeYJPMapping    Duplicate registration of node: @($classInitialized) = true, formerNode: @($classInitializationInProgress) = true 
45270      ERROR Test worker     d.u.i.k.j.KeYJPMapping    Duplicate registration of node: !@($classInitializationInProgress), formerNode: !@(this.$classPrepared) 
45270      ERROR Test worker     d.u.i.k.j.KeYJPMapping    Duplicate registration of node: !@($classInitialized), formerNode: !@(this.$classPrepared) 
45270      ERROR Test worker     d.u.i.k.j.KeYJPMapping    Duplicate registration of node: Object, formerNode: java.lang.Object 
45270      ERROR Test worker     d.u.i.k.j.KeYJPMapping    Duplicate registration of node: Object, formerNode: java.lang.Object 
45270      ERROR Test worker     d.u.i.k.j.KeYJPMapping    Duplicate registration of node: Annotation, formerNode: Annotation 
45270      ERROR Test worker     d.u.i.k.j.KeYJPMapping    Duplicate registration of node: @(java.lang.RuntimeException.$clinit()), formerNode: @($clprepare()) 
45583      ERROR Test worker     d.u.i.k.j.KeYJPMapping    Duplicate registration of node: boolean, formerNode: /*@ pure @*/
boolean 
45583      ERROR Test worker     d.u.i.k.j.KeYJPMapping    Duplicate registration of node: @(this.$classPrepared), formerNode: @($clprepare()) 
45598      ERROR Test worker     d.u.i.k.j.KeYJPMapping    Duplicate registration of node: @($classErroneous), formerNode: @($clprepare()) 
45598      ERROR Test worker     d.u.i.k.j.KeYJPMapping    Duplicate registration of node: @($classInitializationInProgress), formerNode: @($clprepare()) 
45598      ERROR Test worker     d.u.i.k.j.KeYJPMapping    Duplicate registration of node: @($classErroneous) = true, formerNode: @($classInitializationInProgress) = true 
45598      ERROR Test worker     d.u.i.k.j.KeYJPMapping    Duplicate registration of node: @($classErroneous) = false, formerNode: @($classInitializationInProgress) = false 
45598      ERROR Test worker     d.u.i.k.j.KeYJPMapping    Duplicate registration of node: @($classInitialized), formerNode: @($clprepare()) 
45598      ERROR Test worker     d.u.i.k.j.KeYJPMapping    Duplicate registration of node: @($classInitialized) = true, formerNode: @($classInitializationInProgress) = true 
45598      ERROR Test worker     d.u.i.k.j.KeYJPMapping    Duplicate registration of node: !@($classInitializationInProgress), formerNode: !@(this.$classPrepared) 
45598      ERROR Test worker     d.u.i.k.j.KeYJPMapping    Duplicate registration of node: !@($classInitialized), formerNode: !@(this.$classPrepared) 
45598      ERROR Test worker     d.u.i.k.j.KeYJPMapping    Duplicate registration of node: Object, formerNode: java.lang.Object 
45598      ERROR Test worker     d.u.i.k.j.KeYJPMapping    Duplicate registration of node: Object, formerNode: java.lang.Object 
45598      ERROR Test worker     d.u.i.k.j.KeYJPMapping    Duplicate registration of node: Annotation, formerNode: Annotation 
45598      ERROR Test worker     d.u.i.k.j.KeYJPMapping    Duplicate registration of node: @(java.lang.RuntimeException.$clinit()), formerNode: @($clprepare()) 
45708      ERROR Test worker     d.u.i.k.j.KeYJPMapping    Duplicate registration of node: boolean, formerNode: /*@ pure @*/
boolean 
45708      ERROR Test worker     d.u.i.k.j.KeYJPMapping    Duplicate registration of node: @(this.$classPrepared), formerNode: @($clprepare()) 
45708      ERROR Test worker     d.u.i.k.j.KeYJPMapping    Duplicate registration of node: @($classErroneous), formerNode: @($clprepare()) 
45708      ERROR Test worker     d.u.i.k.j.KeYJPMapping    Duplicate registration of node: @($classInitializationInProgress), formerNode: @($clprepare()) 
45708      ERROR Test worker     d.u.i.k.j.KeYJPMapping    Duplicate registration of node: @($classErroneous) = true, formerNode: @($classInitializationInProgress) = true 
45708      ERROR Test worker     d.u.i.k.j.KeYJPMapping    Duplicate registration of node: @($classErroneous) = false, formerNode: @($classInitializationInProgress) = false 
45708      ERROR Test worker     d.u.i.k.j.KeYJPMapping    Duplicate registration of node: @($classInitialized), formerNode: @($clprepare()) 
45708      ERROR Test worker     d.u.i.k.j.KeYJPMapping    Duplicate registration of node: @($classInitialized) = true, formerNode: @($classInitializationInProgress) = true 
45708      ERROR Test worker     d.u.i.k.j.KeYJPMapping    Duplicate registration of node: !@($classInitializationInProgress), formerNode: !@(this.$classPrepared) 
45708      ERROR Test worker     d.u.i.k.j.KeYJPMapping    Duplicate registration of node: !@($classInitialized), formerNode: !@(this.$classPrepared) 
45708      ERROR Test worker     d.u.i.k.j.KeYJPMapping    Duplicate registration of node: Object, formerNode: java.lang.Object 
45723      ERROR Test worker     d.u.i.k.j.KeYJPMapping    Duplicate registration of node: Object, formerNode: java.lang.Object 
45723      ERROR Test worker     d.u.i.k.j.KeYJPMapping    Duplicate registration of node: Annotation, formerNode: Annotation 
45723      ERROR Test worker     d.u.i.k.j.KeYJPMapping    Duplicate registration of node: @(java.lang.RuntimeException.$clinit()), formerNode: @($clprepare()) 
45848      ERROR Test worker     d.u.i.k.j.KeYJPMapping    Duplicate registration of node: boolean, formerNode: /*@ pure @*/
boolean 
45848      ERROR Test worker     d.u.i.k.j.KeYJPMapping    Duplicate registration of node: @(this.$classPrepared), formerNode: @($clprepare()) 
45848      ERROR Test worker     d.u.i.k.j.KeYJPMapping    Duplicate registration of node: @($classErroneous), formerNode: @($clprepare()) 
45848      ERROR Test worker     d.u.i.k.j.KeYJPMapping    Duplicate registration of node: @($classInitializationInProgress), formerNode: @($clprepare()) 
45848      ERROR Test worker     d.u.i.k.j.KeYJPMapping    Duplicate registration of node: @($classErroneous) = true, formerNode: @($classInitializationInProgress) = true 
45848      ERROR Test worker     d.u.i.k.j.KeYJPMapping    Duplicate registration of node: @($classErroneous) = false, formerNode: @($classInitializationInProgress) = false 
45848      ERROR Test worker     d.u.i.k.j.KeYJPMapping    Duplicate registration of node: @($classInitialized), formerNode: @($clprepare()) 
45848      ERROR Test worker     d.u.i.k.j.KeYJPMapping    Duplicate registration of node: @($classInitialized) = true, formerNode: @($classInitializationInProgress) = true 
45848      ERROR Test worker     d.u.i.k.j.KeYJPMapping    Duplicate registration of node: !@($classInitializationInProgress), formerNode: !@(this.$classPrepared) 
45848      ERROR Test worker     d.u.i.k.j.KeYJPMapping    Duplicate registration of node: !@($classInitialized), formerNode: !@(this.$classPrepared) 
45848      ERROR Test worker     d.u.i.k.j.KeYJPMapping    Duplicate registration of node: Object, formerNode: java.lang.Object 
45848      ERROR Test worker     d.u.i.k.j.KeYJPMapping    Duplicate registration of node: Object, formerNode: java.lang.Object 
45848      ERROR Test worker     d.u.i.k.j.KeYJPMapping    Duplicate registration of node: Annotation, formerNode: Annotation 
45848      ERROR Test worker     d.u.i.k.j.KeYJPMapping    Duplicate registration of node: @(java.lang.RuntimeException.$clinit()), formerNode: @($clprepare()) 
45989      ERROR Test worker     d.u.i.k.j.KeYJPMapping    Duplicate registration of node: boolean, formerNode: /*@ pure @*/
boolean 
45989      ERROR Test worker     d.u.i.k.j.KeYJPMapping    Duplicate registration of node: @(this.$classPrepared), formerNode: @($clprepare()) 
45989      ERROR Test worker     d.u.i.k.j.KeYJPMapping    Duplicate registration of node: @($classErroneous), formerNode: @($clprepare()) 
45989      ERROR Test worker     d.u.i.k.j.KeYJPMapping    Duplicate registration of node: @($classInitializationInProgress), formerNode: @($clprepare()) 
45989      ERROR Test worker     d.u.i.k.j.KeYJPMapping    Duplicate registration of node: @($classErroneous) = true, formerNode: @($classInitializationInProgress) = true 
45989      ERROR Test worker     d.u.i.k.j.KeYJPMapping    Duplicate registration of node: @($classErroneous) = false, formerNode: @($classInitializationInProgress) = false 
45989      ERROR Test worker     d.u.i.k.j.KeYJPMapping    Duplicate registration of node: @($classInitialized), formerNode: @($clprepare()) 
45989      ERROR Test worker     d.u.i.k.j.KeYJPMapping    Duplicate registration of node: @($classInitialized) = true, formerNode: @($classInitializationInProgress) = true 
45989      ERROR Test worker     d.u.i.k.j.KeYJPMapping    Duplicate registration of node: !@($classInitializationInProgress), formerNode: !@(this.$classPrepared) 
45989      ERROR Test worker     d.u.i.k.j.KeYJPMapping    Duplicate registration of node: !@($classInitialized), formerNode: !@(this.$classPrepared) 
45989      ERROR Test worker     d.u.i.k.j.KeYJPMapping    Duplicate registration of node: Object, formerNode: java.lang.Object 
45989      ERROR Test worker     d.u.i.k.j.KeYJPMapping    Duplicate registration of node: Object, formerNode: java.lang.Object 
45989      ERROR Test worker     d.u.i.k.j.KeYJPMapping    Duplicate registration of node: Annotation, formerNode: Annotation 
45989      ERROR Test worker     d.u.i.k.j.KeYJPMapping    Duplicate registration of node: @(java.lang.RuntimeException.$clinit()), formerNode: @($clprepare()) 
46114      ERROR Test worker     d.u.i.k.j.KeYJPMapping    Duplicate registration of node: boolean, formerNode: /*@ pure @*/
boolean 
46114      ERROR Test worker     d.u.i.k.j.KeYJPMapping    Duplicate registration of node: @(this.$classPrepared), formerNode: @($clprepare()) 
46114      ERROR Test worker     d.u.i.k.j.KeYJPMapping    Duplicate registration of node: @($classErroneous), formerNode: @($clprepare()) 
46114      ERROR Test worker     d.u.i.k.j.KeYJPMapping    Duplicate registration of node: @($classInitializationInProgress), formerNode: @($clprepare()) 
46114      ERROR Test worker     d.u.i.k.j.KeYJPMapping    Duplicate registration of node: @($classErroneous) = true, formerNode: @($classInitializationInProgress) = true 
46129      ERROR Test worker     d.u.i.k.j.KeYJPMapping    Duplicate registration of node: @($classErroneous) = false, formerNode: @($classInitializationInProgress) = false 
46129      ERROR Test worker     d.u.i.k.j.KeYJPMapping    Duplicate registration of node: @($classInitialized), formerNode: @($clprepare()) 
46129      ERROR Test worker     d.u.i.k.j.KeYJPMapping    Duplicate registration of node: @($classInitialized) = true, formerNode: @($classInitializationInProgress) = true 
46129      ERROR Test worker     d.u.i.k.j.KeYJPMapping    Duplicate registration of node: !@($classInitializationInProgress), formerNode: !@(this.$classPrepared) 
46129      ERROR Test worker     d.u.i.k.j.KeYJPMapping    Duplicate registration of node: !@($classInitialized), formerNode: !@(this.$classPrepared) 
46129      ERROR Test worker     d.u.i.k.j.KeYJPMapping    Duplicate registration of node: Object, formerNode: java.lang.Object 
46129      ERROR Test worker     d.u.i.k.j.KeYJPMapping    Duplicate registration of node: Object, formerNode: java.lang.Object 
46129      ERROR Test worker     d.u.i.k.j.KeYJPMapping    Duplicate registration of node: Annotation, formerNode: Annotation 
46145      ERROR Test worker     d.u.i.k.j.KeYJPMapping    Duplicate registration of node: @(java.lang.RuntimeException.$clinit()), formerNode: @($clprepare()) 
46286      ERROR Test worker     d.u.i.k.j.KeYJPMapping    Duplicate registration of node: boolean, formerNode: /*@ pure @*/
boolean 
46286      ERROR Test worker     d.u.i.k.j.KeYJPMapping    Duplicate registration of node: @(this.$classPrepared), formerNode: @($clprepare()) 
46286      ERROR Test worker     d.u.i.k.j.KeYJPMapping    Duplicate registration of node: @($classErroneous), formerNode: @($clprepare()) 
46286      ERROR Test worker     d.u.i.k.j.KeYJPMapping    Duplicate registration of node: @($classInitializationInProgress), formerNode: @($clprepare()) 
46286      ERROR Test worker     d.u.i.k.j.KeYJPMapping    Duplicate registration of node: @($classErroneous) = true, formerNode: @($classInitializationInProgress) = true 
46286      ERROR Test worker     d.u.i.k.j.KeYJPMapping    Duplicate registration of node: @($classErroneous) = false, formerNode: @($classInitializationInProgress) = false 
46286      ERROR Test worker     d.u.i.k.j.KeYJPMapping    Duplicate registration of node: @($classInitialized), formerNode: @($clprepare()) 
46286      ERROR Test worker     d.u.i.k.j.KeYJPMapping    Duplicate registration of node: @($classInitialized) = true, formerNode: @($classInitializationInProgress) = true 
46286      ERROR Test worker     d.u.i.k.j.KeYJPMapping    Duplicate registration of node: !@($classInitializationInProgress), formerNode: !@(this.$classPrepared) 
46286      ERROR Test worker     d.u.i.k.j.KeYJPMapping    Duplicate registration of node: !@($classInitialized), formerNode: !@(this.$classPrepared) 
46286      ERROR Test worker     d.u.i.k.j.KeYJPMapping    Duplicate registration of node: Object, formerNode: java.lang.Object 
46286      ERROR Test worker     d.u.i.k.j.KeYJPMapping    Duplicate registration of node: Object, formerNode: java.lang.Object 
46286      ERROR Test worker     d.u.i.k.j.KeYJPMapping    Duplicate registration of node: Annotation, formerNode: Annotation 
46286      ERROR Test worker     d.u.i.k.j.KeYJPMapping    Duplicate registration of node: @(java.lang.RuntimeException.$clinit()), formerNode: @($clprepare()) 
46411      ERROR Test worker     d.u.i.k.j.KeYJPMapping    Duplicate registration of node: boolean, formerNode: /*@ pure @*/
boolean 
46426      ERROR Test worker     d.u.i.k.j.KeYJPMapping    Duplicate registration of node: @(this.$classPrepared), formerNode: @($clprepare()) 
46426      ERROR Test worker     d.u.i.k.j.KeYJPMapping    Duplicate registration of node: @($classErroneous), formerNode: @($clprepare()) 
46426      ERROR Test worker     d.u.i.k.j.KeYJPMapping    Duplicate registration of node: @($classInitializationInProgress), formerNode: @($clprepare()) 
46426      ERROR Test worker     d.u.i.k.j.KeYJPMapping    Duplicate registration of node: @($classErroneous) = true, formerNode: @($classInitializationInProgress) = true 
46426      ERROR Test worker     d.u.i.k.j.KeYJPMapping    Duplicate registration of node: @($classErroneous) = false, formerNode: @($classInitializationInProgress) = false 
46426      ERROR Test worker     d.u.i.k.j.KeYJPMapping    Duplicate registration of node: @($classInitialized), formerNode: @($clprepare()) 
46426      ERROR Test worker     d.u.i.k.j.KeYJPMapping    Duplicate registration of node: @($classInitialized) = true, formerNode: @($classInitializationInProgress) = true 
46426      ERROR Test worker     d.u.i.k.j.KeYJPMapping    Duplicate registration of node: !@($classInitializationInProgress), formerNode: !@(this.$classPrepared) 
46426      ERROR Test worker     d.u.i.k.j.KeYJPMapping    Duplicate registration of node: !@($classInitialized), formerNode: !@(this.$classPrepared) 
46426      ERROR Test worker     d.u.i.k.j.KeYJPMapping    Duplicate registration of node: Object, formerNode: java.lang.Object 
46426      ERROR Test worker     d.u.i.k.j.KeYJPMapping    Duplicate registration of node: Object, formerNode: java.lang.Object 
46426      ERROR Test worker     d.u.i.k.j.KeYJPMapping    Duplicate registration of node: Annotation, formerNode: Annotation 
46426      ERROR Test worker     d.u.i.k.j.KeYJPMapping    Duplicate registration of node: @(java.lang.RuntimeException.$clinit()), formerNode: @($clprepare()) 
46535      ERROR Test worker     d.u.i.k.j.KeYJPMapping    Duplicate registration of node: boolean, formerNode: /*@ pure @*/
boolean 
46535      ERROR Test worker     d.u.i.k.j.KeYJPMapping    Duplicate registration of node: @(this.$classPrepared), formerNode: @($clprepare()) 
46535      ERROR Test worker     d.u.i.k.j.KeYJPMapping    Duplicate registration of node: @($classErroneous), formerNode: @($clprepare()) 
46535      ERROR Test worker     d.u.i.k.j.KeYJPMapping    Duplicate registration of node: @($classInitializationInProgress), formerNode: @($clprepare()) 
46535      ERROR Test worker     d.u.i.k.j.KeYJPMapping    Duplicate registration of node: @($classErroneous) = true, formerNode: @($classInitializationInProgress) = true 
46535      ERROR Test worker     d.u.i.k.j.KeYJPMapping    Duplicate registration of node: @($classErroneous) = false, formerNode: @($classInitializationInProgress) = false 
46535      ERROR Test worker     d.u.i.k.j.KeYJPMapping    Duplicate registration of node: @($classInitialized), formerNode: @($clprepare()) 
46535      ERROR Test worker     d.u.i.k.j.KeYJPMapping    Duplicate registration of node: @($classInitialized) = true, formerNode: @($classInitializationInProgress) = true 
46535      ERROR Test worker     d.u.i.k.j.KeYJPMapping    Duplicate registration of node: !@($classInitializationInProgress), formerNode: !@(this.$classPrepared) 
46535      ERROR Test worker     d.u.i.k.j.KeYJPMapping    Duplicate registration of node: !@($classInitialized), formerNode: !@(this.$classPrepared) 
46551      ERROR Test worker     d.u.i.k.j.KeYJPMapping    Duplicate registration of node: Object, formerNode: java.lang.Object 
46551      ERROR Test worker     d.u.i.k.j.KeYJPMapping    Duplicate registration of node: Object, formerNode: java.lang.Object 
46551      ERROR Test worker     d.u.i.k.j.KeYJPMapping    Duplicate registration of node: Annotation, formerNode: Annotation 
46551      ERROR Test worker     d.u.i.k.j.KeYJPMapping    Duplicate registration of node: @(java.lang.RuntimeException.$clinit()), formerNode: @($clprepare()) 
46676      ERROR Test worker     d.u.i.k.j.KeYJPMapping    Duplicate registration of node: boolean, formerNode: /*@ pure @*/
boolean 
46676      ERROR Test worker     d.u.i.k.j.KeYJPMapping    Duplicate registration of node: @(this.$classPrepared), formerNode: @($clprepare()) 
46676      ERROR Test worker     d.u.i.k.j.KeYJPMapping    Duplicate registration of node: @($classErroneous), formerNode: @($clprepare()) 
46676      ERROR Test worker     d.u.i.k.j.KeYJPMapping    Duplicate registration of node: @($classInitializationInProgress), formerNode: @($clprepare()) 
46676      ERROR Test worker     d.u.i.k.j.KeYJPMapping    Duplicate registration of node: @($classErroneous) = true, formerNode: @($classInitializationInProgress) = true 
46676      ERROR Test worker     d.u.i.k.j.KeYJPMapping    Duplicate registration of node: @($classErroneous) = false, formerNode: @($classInitializationInProgress) = false 
46676      ERROR Test worker     d.u.i.k.j.KeYJPMapping    Duplicate registration of node: @($classInitialized), formerNode: @($clprepare()) 
46676      ERROR Test worker     d.u.i.k.j.KeYJPMapping    Duplicate registration of node: @($classInitialized) = true, formerNode: @($classInitializationInProgress) = true 
46676      ERROR Test worker     d.u.i.k.j.KeYJPMapping    Duplicate registration of node: !@($classInitializationInProgress), formerNode: !@(this.$classPrepared) 
46676      ERROR Test worker     d.u.i.k.j.KeYJPMapping    Duplicate registration of node: !@($classInitialized), formerNode: !@(this.$classPrepared) 
46676      ERROR Test worker     d.u.i.k.j.KeYJPMapping    Duplicate registration of node: Object, formerNode: java.lang.Object 
46676      ERROR Test worker     d.u.i.k.j.KeYJPMapping    Duplicate registration of node: Object, formerNode: java.lang.Object 
46676      ERROR Test worker     d.u.i.k.j.KeYJPMapping    Duplicate registration of node: Annotation, formerNode: Annotation 
46676      ERROR Test worker     d.u.i.k.j.KeYJPMapping    Duplicate registration of node: @(java.lang.RuntimeException.$clinit()), formerNode: @($clprepare()) 
46801      ERROR Test worker     d.u.i.k.j.KeYJPMapping    Duplicate registration of node: boolean, formerNode: /*@ pure @*/
boolean 
46801      ERROR Test worker     d.u.i.k.j.KeYJPMapping    Duplicate registration of node: @(this.$classPrepared), formerNode: @($clprepare()) 
46801      ERROR Test worker     d.u.i.k.j.KeYJPMapping    Duplicate registration of node: @($classErroneous), formerNode: @($clprepare()) 
46801      ERROR Test worker     d.u.i.k.j.KeYJPMapping    Duplicate registration of node: @($classInitializationInProgress), formerNode: @($clprepare()) 
46801      ERROR Test worker     d.u.i.k.j.KeYJPMapping    Duplicate registration of node: @($classErroneous) = true, formerNode: @($classInitializationInProgress) = true 
46801      ERROR Test worker     d.u.i.k.j.KeYJPMapping    Duplicate registration of node: @($classErroneous) = false, formerNode: @($classInitializationInProgress) = false 
46801      ERROR Test worker     d.u.i.k.j.KeYJPMapping    Duplicate registration of node: @($classInitialized), formerNode: @($clprepare()) 
46801      ERROR Test worker     d.u.i.k.j.KeYJPMapping    Duplicate registration of node: @($classInitialized) = true, formerNode: @($classInitializationInProgress) = true 
46801      ERROR Test worker     d.u.i.k.j.KeYJPMapping    Duplicate registration of node: !@($classInitializationInProgress), formerNode: !@(this.$classPrepared) 
46801      ERROR Test worker     d.u.i.k.j.KeYJPMapping    Duplicate registration of node: !@($classInitialized), formerNode: !@(this.$classPrepared) 
46801      ERROR Test worker     d.u.i.k.j.KeYJPMapping    Duplicate registration of node: Object, formerNode: java.lang.Object 
46801      ERROR Test worker     d.u.i.k.j.KeYJPMapping    Duplicate registration of node: Object, formerNode: java.lang.Object 
46817      ERROR Test worker     d.u.i.k.j.KeYJPMapping    Duplicate registration of node: Annotation, formerNode: Annotation 
46817      ERROR Test worker     d.u.i.k.j.KeYJPMapping    Duplicate registration of node: @(java.lang.RuntimeException.$clinit()), formerNode: @($clprepare()) 
47098      ERROR Test worker     d.u.i.k.j.KeYJPMapping    Duplicate registration of node: boolean, formerNode: /*@ pure @*/
boolean 
47098      ERROR Test worker     d.u.i.k.j.KeYJPMapping    Duplicate registration of node: @(this.$classPrepared), formerNode: @($clprepare()) 
47098      ERROR Test worker     d.u.i.k.j.KeYJPMapping    Duplicate registration of node: @($classErroneous), formerNode: @($clprepare()) 
47098      ERROR Test worker     d.u.i.k.j.KeYJPMapping    Duplicate registration of node: @($classInitializationInProgress), formerNode: @($clprepare()) 
47114      ERROR Test worker     d.u.i.k.j.KeYJPMapping    Duplicate registration of node: @($classErroneous) = true, formerNode: @($classInitializationInProgress) = true 
47114      ERROR Test worker     d.u.i.k.j.KeYJPMapping    Duplicate registration of node: @($classErroneous) = false, formerNode: @($classInitializationInProgress) = false 
47114      ERROR Test worker     d.u.i.k.j.KeYJPMapping    Duplicate registration of node: @($classInitialized), formerNode: @($clprepare()) 
47114      ERROR Test worker     d.u.i.k.j.KeYJPMapping    Duplicate registration of node: @($classInitialized) = true, formerNode: @($classInitializationInProgress) = true 
47114      ERROR Test worker     d.u.i.k.j.KeYJPMapping    Duplicate registration of node: !@($classInitializationInProgress), formerNode: !@(this.$classPrepared) 
47114      ERROR Test worker     d.u.i.k.j.KeYJPMapping    Duplicate registration of node: !@($classInitialized), formerNode: !@(this.$classPrepared) 
47114      ERROR Test worker     d.u.i.k.j.KeYJPMapping    Duplicate registration of node: Object, formerNode: java.lang.Object 
47114      ERROR Test worker     d.u.i.k.j.KeYJPMapping    Duplicate registration of node: Object, formerNode: java.lang.Object 
47114      ERROR Test worker     d.u.i.k.j.KeYJPMapping    Duplicate registration of node: Annotation, formerNode: Annotation 
47114      ERROR Test worker     d.u.i.k.j.KeYJPMapping    Duplicate registration of node: @(java.lang.RuntimeException.$clinit()), formerNode: @($clprepare()) 
47255      ERROR Test worker     d.u.i.k.j.KeYJPMapping    Duplicate registration of node: boolean, formerNode: /*@ pure @*/
boolean 
47255      ERROR Test worker     d.u.i.k.j.KeYJPMapping    Duplicate registration of node: @(this.$classPrepared), formerNode: @($clprepare()) 
47255      ERROR Test worker     d.u.i.k.j.KeYJPMapping    Duplicate registration of node: @($classErroneous), formerNode: @($clprepare()) 
47255      ERROR Test worker     d.u.i.k.j.KeYJPMapping    Duplicate registration of node: @($classInitializationInProgress), formerNode: @($clprepare()) 
47255      ERROR Test worker     d.u.i.k.j.KeYJPMapping    Duplicate registration of node: @($classErroneous) = true, formerNode: @($classInitializationInProgress) = true 
47255      ERROR Test worker     d.u.i.k.j.KeYJPMapping    Duplicate registration of node: @($classErroneous) = false, formerNode: @($classInitializationInProgress) = false 
47255      ERROR Test worker     d.u.i.k.j.KeYJPMapping    Duplicate registration of node: @($classInitialized), formerNode: @($clprepare()) 
47255      ERROR Test worker     d.u.i.k.j.KeYJPMapping    Duplicate registration of node: @($classInitialized) = true, formerNode: @($classInitializationInProgress) = true 
47255      ERROR Test worker     d.u.i.k.j.KeYJPMapping    Duplicate registration of node: !@($classInitializationInProgress), formerNode: !@(this.$classPrepared) 
47255      ERROR Test worker     d.u.i.k.j.KeYJPMapping    Duplicate registration of node: !@($classInitialized), formerNode: !@(this.$classPrepared) 
47255      ERROR Test worker     d.u.i.k.j.KeYJPMapping    Duplicate registration of node: Object, formerNode: java.lang.Object 
47255      ERROR Test worker     d.u.i.k.j.KeYJPMapping    Duplicate registration of node: Object, formerNode: java.lang.Object 
47255      ERROR Test worker     d.u.i.k.j.KeYJPMapping    Duplicate registration of node: Annotation, formerNode: Annotation 
47255      ERROR Test worker     d.u.i.k.j.KeYJPMapping    Duplicate registration of node: @(java.lang.RuntimeException.$clinit()), formerNode: @($clprepare()) 
47396      ERROR Test worker     d.u.i.k.j.KeYJPMapping    Duplicate registration of node: boolean, formerNode: /*@ pure @*/
boolean 
47396      ERROR Test worker     d.u.i.k.j.KeYJPMapping    Duplicate registration of node: @(this.$classPrepared), formerNode: @($clprepare()) 
47396      ERROR Test worker     d.u.i.k.j.KeYJPMapping    Duplicate registration of node: @($classErroneous), formerNode: @($clprepare()) 
47396      ERROR Test worker     d.u.i.k.j.KeYJPMapping    Duplicate registration of node: @($classInitializationInProgress), formerNode: @($clprepare()) 
47396      ERROR Test worker     d.u.i.k.j.KeYJPMapping    Duplicate registration of node: @($classErroneous) = true, formerNode: @($classInitializationInProgress) = true 
47396      ERROR Test worker     d.u.i.k.j.KeYJPMapping    Duplicate registration of node: @($classErroneous) = false, formerNode: @($classInitializationInProgress) = false 
47396      ERROR Test worker     d.u.i.k.j.KeYJPMapping    Duplicate registration of node: @($classInitialized), formerNode: @($clprepare()) 
47396      ERROR Test worker     d.u.i.k.j.KeYJPMapping    Duplicate registration of node: @($classInitialized) = true, formerNode: @($classInitializationInProgress) = true 
47396      ERROR Test worker     d.u.i.k.j.KeYJPMapping    Duplicate registration of node: !@($classInitializationInProgress), formerNode: !@(this.$classPrepared) 
47396      ERROR Test worker     d.u.i.k.j.KeYJPMapping    Duplicate registration of node: !@($classInitialized), formerNode: !@(this.$classPrepared) 
47396      ERROR Test worker     d.u.i.k.j.KeYJPMapping    Duplicate registration of node: Object, formerNode: java.lang.Object 
47396      ERROR Test worker     d.u.i.k.j.KeYJPMapping    Duplicate registration of node: Object, formerNode: java.lang.Object 
47411      ERROR Test worker     d.u.i.k.j.KeYJPMapping    Duplicate registration of node: Annotation, formerNode: Annotation 
47411      ERROR Test worker     d.u.i.k.j.KeYJPMapping    Duplicate registration of node: @(java.lang.RuntimeException.$clinit()), formerNode: @($clprepare()) 
47536      ERROR Test worker     d.u.i.k.j.KeYJPMapping    Duplicate registration of node: boolean, formerNode: /*@ pure @*/
boolean 
47536      ERROR Test worker     d.u.i.k.j.KeYJPMapping    Duplicate registration of node: @(this.$classPrepared), formerNode: @($clprepare()) 
47536      ERROR Test worker     d.u.i.k.j.KeYJPMapping    Duplicate registration of node: @($classErroneous), formerNode: @($clprepare()) 
47536      ERROR Test worker     d.u.i.k.j.KeYJPMapping    Duplicate registration of node: @($classInitializationInProgress), formerNode: @($clprepare()) 
47552      ERROR Test worker     d.u.i.k.j.KeYJPMapping    Duplicate registration of node: @($classErroneous) = true, formerNode: @($classInitializationInProgress) = true 
47552      ERROR Test worker     d.u.i.k.j.KeYJPMapping    Duplicate registration of node: @($classErroneous) = false, formerNode: @($classInitializationInProgress) = false 
47552      ERROR Test worker     d.u.i.k.j.KeYJPMapping    Duplicate registration of node: @($classInitialized), formerNode: @($clprepare()) 
47552      ERROR Test worker     d.u.i.k.j.KeYJPMapping    Duplicate registration of node: @($classInitialized) = true, formerNode: @($classInitializationInProgress) = true 
47552      ERROR Test worker     d.u.i.k.j.KeYJPMapping    Duplicate registration of node: !@($classInitializationInProgress), formerNode: !@(this.$classPrepared) 
47552      ERROR Test worker     d.u.i.k.j.KeYJPMapping    Duplicate registration of node: !@($classInitialized), formerNode: !@(this.$classPrepared) 
47552      ERROR Test worker     d.u.i.k.j.KeYJPMapping    Duplicate registration of node: Object, formerNode: java.lang.Object 
47552      ERROR Test worker     d.u.i.k.j.KeYJPMapping    Duplicate registration of node: Object, formerNode: java.lang.Object 
47552      ERROR Test worker     d.u.i.k.j.KeYJPMapping    Duplicate registration of node: Annotation, formerNode: Annotation 
47552      ERROR Test worker     d.u.i.k.j.KeYJPMapping    Duplicate registration of node: @(java.lang.RuntimeException.$clinit()), formerNode: @($clprepare()) 
47677      ERROR Test worker     d.u.i.k.j.KeYJPMapping    Duplicate registration of node: boolean, formerNode: /*@ pure @*/
boolean 
47677      ERROR Test worker     d.u.i.k.j.KeYJPMapping    Duplicate registration of node: @(this.$classPrepared), formerNode: @($clprepare()) 
47677      ERROR Test worker     d.u.i.k.j.KeYJPMapping    Duplicate registration of node: @($classErroneous), formerNode: @($clprepare()) 
47677      ERROR Test worker     d.u.i.k.j.KeYJPMapping    Duplicate registration of node: @($classInitializationInProgress), formerNode: @($clprepare()) 
47677      ERROR Test worker     d.u.i.k.j.KeYJPMapping    Duplicate registration of node: @($classErroneous) = true, formerNode: @($classInitializationInProgress) = true 
47677      ERROR Test worker     d.u.i.k.j.KeYJPMapping    Duplicate registration of node: @($classErroneous) = false, formerNode: @($classInitializationInProgress) = false 
47677      ERROR Test worker     d.u.i.k.j.KeYJPMapping    Duplicate registration of node: @($classInitialized), formerNode: @($clprepare()) 
47677      ERROR Test worker     d.u.i.k.j.KeYJPMapping    Duplicate registration of node: @($classInitialized) = true, formerNode: @($classInitializationInProgress) = true 
47677      ERROR Test worker     d.u.i.k.j.KeYJPMapping    Duplicate registration of node: !@($classInitializationInProgress), formerNode: !@(this.$classPrepared) 
47677      ERROR Test worker     d.u.i.k.j.KeYJPMapping    Duplicate registration of node: !@($classInitialized), formerNode: !@(this.$classPrepared) 
47677      ERROR Test worker     d.u.i.k.j.KeYJPMapping    Duplicate registration of node: Object, formerNode: java.lang.Object 
47677      ERROR Test worker     d.u.i.k.j.KeYJPMapping    Duplicate registration of node: Object, formerNode: java.lang.Object 
47677      ERROR Test worker     d.u.i.k.j.KeYJPMapping    Duplicate registration of node: Annotation, formerNode: Annotation 
47692      ERROR Test worker     d.u.i.k.j.KeYJPMapping    Duplicate registration of node: @(java.lang.RuntimeException.$clinit()), formerNode: @($clprepare()) 
47818      ERROR Test worker     d.u.i.k.j.KeYJPMapping    Duplicate registration of node: boolean, formerNode: /*@ pure @*/
boolean 
47818      ERROR Test worker     d.u.i.k.j.KeYJPMapping    Duplicate registration of node: @(this.$classPrepared), formerNode: @($clprepare()) 
47818      ERROR Test worker     d.u.i.k.j.KeYJPMapping    Duplicate registration of node: @($classErroneous), formerNode: @($clprepare()) 
47818      ERROR Test worker     d.u.i.k.j.KeYJPMapping    Duplicate registration of node: @($classInitializationInProgress), formerNode: @($clprepare()) 
47818      ERROR Test worker     d.u.i.k.j.KeYJPMapping    Duplicate registration of node: @($classErroneous) = true, formerNode: @($classInitializationInProgress) = true 
47818      ERROR Test worker     d.u.i.k.j.KeYJPMapping    Duplicate registration of node: @($classErroneous) = false, formerNode: @($classInitializationInProgress) = false 
47818      ERROR Test worker     d.u.i.k.j.KeYJPMapping    Duplicate registration of node: @($classInitialized), formerNode: @($clprepare()) 
47818      ERROR Test worker     d.u.i.k.j.KeYJPMapping    Duplicate registration of node: @($classInitialized) = true, formerNode: @($classInitializationInProgress) = true 
47818      ERROR Test worker     d.u.i.k.j.KeYJPMapping    Duplicate registration of node: !@($classInitializationInProgress), formerNode: !@(this.$classPrepared) 
47818      ERROR Test worker     d.u.i.k.j.KeYJPMapping    Duplicate registration of node: !@($classInitialized), formerNode: !@(this.$classPrepared) 
47818      ERROR Test worker     d.u.i.k.j.KeYJPMapping    Duplicate registration of node: Object, formerNode: java.lang.Object 
47818      ERROR Test worker     d.u.i.k.j.KeYJPMapping    Duplicate registration of node: Object, formerNode: java.lang.Object 
47818      ERROR Test worker     d.u.i.k.j.KeYJPMapping    Duplicate registration of node: Annotation, formerNode: Annotation 
47818      ERROR Test worker     d.u.i.k.j.KeYJPMapping    Duplicate registration of node: @(java.lang.RuntimeException.$clinit()), formerNode: @($clprepare()) 
47959      ERROR Test worker     d.u.i.k.j.KeYJPMapping    Duplicate registration of node: boolean, formerNode: /*@ pure @*/
boolean 
47974      ERROR Test worker     d.u.i.k.j.KeYJPMapping    Duplicate registration of node: @(this.$classPrepared), formerNode: @($clprepare()) 
47974      ERROR Test worker     d.u.i.k.j.KeYJPMapping    Duplicate registration of node: @($classErroneous), formerNode: @($clprepare()) 
47974      ERROR Test worker     d.u.i.k.j.KeYJPMapping    Duplicate registration of node: @($classInitializationInProgress), formerNode: @($clprepare()) 
47974      ERROR Test worker     d.u.i.k.j.KeYJPMapping    Duplicate registration of node: @($classErroneous) = true, formerNode: @($classInitializationInProgress) = true 
47974      ERROR Test worker     d.u.i.k.j.KeYJPMapping    Duplicate registration of node: @($classErroneous) = false, formerNode: @($classInitializationInProgress) = false 
47974      ERROR Test worker     d.u.i.k.j.KeYJPMapping    Duplicate registration of node: @($classInitialized), formerNode: @($clprepare()) 
47974      ERROR Test worker     d.u.i.k.j.KeYJPMapping    Duplicate registration of node: @($classInitialized) = true, formerNode: @($classInitializationInProgress) = true 
47974      ERROR Test worker     d.u.i.k.j.KeYJPMapping    Duplicate registration of node: !@($classInitializationInProgress), formerNode: !@(this.$classPrepared) 
47974      ERROR Test worker     d.u.i.k.j.KeYJPMapping    Duplicate registration of node: !@($classInitialized), formerNode: !@(this.$classPrepared) 
47974      ERROR Test worker     d.u.i.k.j.KeYJPMapping    Duplicate registration of node: Object, formerNode: java.lang.Object 
47974      ERROR Test worker     d.u.i.k.j.KeYJPMapping    Duplicate registration of node: Object, formerNode: java.lang.Object 
47974      ERROR Test worker     d.u.i.k.j.KeYJPMapping    Duplicate registration of node: Annotation, formerNode: Annotation 
47974      ERROR Test worker     d.u.i.k.j.KeYJPMapping    Duplicate registration of node: @(java.lang.RuntimeException.$clinit()), formerNode: @($clprepare()) 
48099      ERROR Test worker     d.u.i.k.j.KeYJPMapping    Duplicate registration of node: boolean, formerNode: /*@ pure @*/
boolean 
48099      ERROR Test worker     d.u.i.k.j.KeYJPMapping    Duplicate registration of node: @(this.$classPrepared), formerNode: @($clprepare()) 
48099      ERROR Test worker     d.u.i.k.j.KeYJPMapping    Duplicate registration of node: @($classErroneous), formerNode: @($clprepare()) 
48099      ERROR Test worker     d.u.i.k.j.KeYJPMapping    Duplicate registration of node: @($classInitializationInProgress), formerNode: @($clprepare()) 
48099      ERROR Test worker     d.u.i.k.j.KeYJPMapping    Duplicate registration of node: @($classErroneous) = true, formerNode: @($classInitializationInProgress) = true 
48099      ERROR Test worker     d.u.i.k.j.KeYJPMapping    Duplicate registration of node: @($classErroneous) = false, formerNode: @($classInitializationInProgress) = false 
48099      ERROR Test worker     d.u.i.k.j.KeYJPMapping    Duplicate registration of node: @($classInitialized), formerNode: @($clprepare()) 
48099      ERROR Test worker     d.u.i.k.j.KeYJPMapping    Duplicate registration of node: @($classInitialized) = true, formerNode: @($classInitializationInProgress) = true 
48099      ERROR Test worker     d.u.i.k.j.KeYJPMapping    Duplicate registration of node: !@($classInitializationInProgress), formerNode: !@(this.$classPrepared) 
48099      ERROR Test worker     d.u.i.k.j.KeYJPMapping    Duplicate registration of node: !@($classInitialized), formerNode: !@(this.$classPrepared) 
48099      ERROR Test worker     d.u.i.k.j.KeYJPMapping    Duplicate registration of node: Object, formerNode: java.lang.Object 
48099      ERROR Test worker     d.u.i.k.j.KeYJPMapping    Duplicate registration of node: Object, formerNode: java.lang.Object 
48099      ERROR Test worker     d.u.i.k.j.KeYJPMapping    Duplicate registration of node: Annotation, formerNode: Annotation 
48115      ERROR Test worker     d.u.i.k.j.KeYJPMapping    Duplicate registration of node: @(java.lang.RuntimeException.$clinit()), formerNode: @($clprepare()) 
48240      ERROR Test worker     d.u.i.k.j.KeYJPMapping    Duplicate registration of node: boolean, formerNode: /*@ pure @*/
boolean 
48240      ERROR Test worker     d.u.i.k.j.KeYJPMapping    Duplicate registration of node: @(this.$classPrepared), formerNode: @($clprepare()) 
48255      ERROR Test worker     d.u.i.k.j.KeYJPMapping    Duplicate registration of node: @($classErroneous), formerNode: @($clprepare()) 
48255      ERROR Test worker     d.u.i.k.j.KeYJPMapping    Duplicate registration of node: @($classInitializationInProgress), formerNode: @($clprepare()) 
48255      ERROR Test worker     d.u.i.k.j.KeYJPMapping    Duplicate registration of node: @($classErroneous) = true, formerNode: @($classInitializationInProgress) = true 
48255      ERROR Test worker     d.u.i.k.j.KeYJPMapping    Duplicate registration of node: @($classErroneous) = false, formerNode: @($classInitializationInProgress) = false 
48255      ERROR Test worker     d.u.i.k.j.KeYJPMapping    Duplicate registration of node: @($classInitialized), formerNode: @($clprepare()) 
48255      ERROR Test worker     d.u.i.k.j.KeYJPMapping    Duplicate registration of node: @($classInitialized) = true, formerNode: @($classInitializationInProgress) = true 
48255      ERROR Test worker     d.u.i.k.j.KeYJPMapping    Duplicate registration of node: !@($classInitializationInProgress), formerNode: !@(this.$classPrepared) 
48255      ERROR Test worker     d.u.i.k.j.KeYJPMapping    Duplicate registration of node: !@($classInitialized), formerNode: !@(this.$classPrepared) 
48255      ERROR Test worker     d.u.i.k.j.KeYJPMapping    Duplicate registration of node: Object, formerNode: java.lang.Object 
48255      ERROR Test worker     d.u.i.k.j.KeYJPMapping    Duplicate registration of node: Object, formerNode: java.lang.Object 
48255      ERROR Test worker     d.u.i.k.j.KeYJPMapping    Duplicate registration of node: Annotation, formerNode: Annotation 
48255      ERROR Test worker     d.u.i.k.j.KeYJPMapping    Duplicate registration of node: @(java.lang.RuntimeException.$clinit()), formerNode: @($clprepare()) 
48381      ERROR Test worker     d.u.i.k.j.KeYJPMapping    Duplicate registration of node: boolean, formerNode: /*@ pure @*/
boolean 
48381      ERROR Test worker     d.u.i.k.j.KeYJPMapping    Duplicate registration of node: @(this.$classPrepared), formerNode: @($clprepare()) 
48381      ERROR Test worker     d.u.i.k.j.KeYJPMapping    Duplicate registration of node: @($classErroneous), formerNode: @($clprepare()) 
48381      ERROR Test worker     d.u.i.k.j.KeYJPMapping    Duplicate registration of node: @($classInitializationInProgress), formerNode: @($clprepare()) 
48381      ERROR Test worker     d.u.i.k.j.KeYJPMapping    Duplicate registration of node: @($classErroneous) = true, formerNode: @($classInitializationInProgress) = true 
48381      ERROR Test worker     d.u.i.k.j.KeYJPMapping    Duplicate registration of node: @($classErroneous) = false, formerNode: @($classInitializationInProgress) = false 
48381      ERROR Test worker     d.u.i.k.j.KeYJPMapping    Duplicate registration of node: @($classInitialized), formerNode: @($clprepare()) 
48381      ERROR Test worker     d.u.i.k.j.KeYJPMapping    Duplicate registration of node: @($classInitialized) = true, formerNode: @($classInitializationInProgress) = true 
48381      ERROR Test worker     d.u.i.k.j.KeYJPMapping    Duplicate registration of node: !@($classInitializationInProgress), formerNode: !@(this.$classPrepared) 
48381      ERROR Test worker     d.u.i.k.j.KeYJPMapping    Duplicate registration of node: !@($classInitialized), formerNode: !@(this.$classPrepared) 
48381      ERROR Test worker     d.u.i.k.j.KeYJPMapping    Duplicate registration of node: Object, formerNode: java.lang.Object 
48381      ERROR Test worker     d.u.i.k.j.KeYJPMapping    Duplicate registration of node: Object, formerNode: java.lang.Object 
48381      ERROR Test worker     d.u.i.k.j.KeYJPMapping    Duplicate registration of node: Annotation, formerNode: Annotation 
48381      ERROR Test worker     d.u.i.k.j.KeYJPMapping    Duplicate registration of node: @(java.lang.RuntimeException.$clinit()), formerNode: @($clprepare()) 
48912      ERROR Test worker     d.u.i.k.j.KeYJPMapping    Duplicate registration of node: boolean, formerNode: /*@ pure @*/
boolean 
48912      ERROR Test worker     d.u.i.k.j.KeYJPMapping    Duplicate registration of node: @(this.$classPrepared), formerNode: @($clprepare()) 
48912      ERROR Test worker     d.u.i.k.j.KeYJPMapping    Duplicate registration of node: @($classErroneous), formerNode: @($clprepare()) 
48912      ERROR Test worker     d.u.i.k.j.KeYJPMapping    Duplicate registration of node: @($classInitializationInProgress), formerNode: @($clprepare()) 
48912      ERROR Test worker     d.u.i.k.j.KeYJPMapping    Duplicate registration of node: @($classErroneous) = true, formerNode: @($classInitializationInProgress) = true 
48912      ERROR Test worker     d.u.i.k.j.KeYJPMapping    Duplicate registration of node: @($classErroneous) = false, formerNode: @($classInitializationInProgress) = false 
48912      ERROR Test worker     d.u.i.k.j.KeYJPMapping    Duplicate registration of node: @($classInitialized), formerNode: @($clprepare()) 
48912      ERROR Test worker     d.u.i.k.j.KeYJPMapping    Duplicate registration of node: @($classInitialized) = true, formerNode: @($classInitializationInProgress) = true 
48912      ERROR Test worker     d.u.i.k.j.KeYJPMapping    Duplicate registration of node: !@($classInitializationInProgress), formerNode: !@(this.$classPrepared) 
48912      ERROR Test worker     d.u.i.k.j.KeYJPMapping    Duplicate registration of node: !@($classInitialized), formerNode: !@(this.$classPrepared) 
48912      ERROR Test worker     d.u.i.k.j.KeYJPMapping    Duplicate registration of node: Object, formerNode: java.lang.Object 
48912      ERROR Test worker     d.u.i.k.j.KeYJPMapping    Duplicate registration of node: Object, formerNode: java.lang.Object 
48912      ERROR Test worker     d.u.i.k.j.KeYJPMapping    Duplicate registration of node: Annotation, formerNode: Annotation 
48912      ERROR Test worker     d.u.i.k.j.KeYJPMapping    Duplicate registration of node: @(java.lang.RuntimeException.$clinit()), formerNode: @($clprepare()) 
49209      ERROR Test worker     d.u.i.k.j.KeYJPMapping    Duplicate registration of node: boolean, formerNode: /*@ pure @*/
boolean 
49209      ERROR Test worker     d.u.i.k.j.KeYJPMapping    Duplicate registration of node: @(this.$classPrepared), formerNode: @($clprepare()) 
49209      ERROR Test worker     d.u.i.k.j.KeYJPMapping    Duplicate registration of node: @($classErroneous), formerNode: @($clprepare()) 
49209      ERROR Test worker     d.u.i.k.j.KeYJPMapping    Duplicate registration of node: @($classInitializationInProgress), formerNode: @($clprepare()) 
49209      ERROR Test worker     d.u.i.k.j.KeYJPMapping    Duplicate registration of node: @($classErroneous) = true, formerNode: @($classInitializationInProgress) = true 
49209      ERROR Test worker     d.u.i.k.j.KeYJPMapping    Duplicate registration of node: @($classErroneous) = false, formerNode: @($classInitializationInProgress) = false 
49209      ERROR Test worker     d.u.i.k.j.KeYJPMapping    Duplicate registration of node: @($classInitialized), formerNode: @($clprepare()) 
49209      ERROR Test worker     d.u.i.k.j.KeYJPMapping    Duplicate registration of node: @($classInitialized) = true, formerNode: @($classInitializationInProgress) = true 
49209      ERROR Test worker     d.u.i.k.j.KeYJPMapping    Duplicate registration of node: !@($classInitializationInProgress), formerNode: !@(this.$classPrepared) 
49209      ERROR Test worker     d.u.i.k.j.KeYJPMapping    Duplicate registration of node: !@($classInitialized), formerNode: !@(this.$classPrepared) 
49209      ERROR Test worker     d.u.i.k.j.KeYJPMapping    Duplicate registration of node: Object, formerNode: java.lang.Object 
49209      ERROR Test worker     d.u.i.k.j.KeYJPMapping    Duplicate registration of node: Object, formerNode: java.lang.Object 
49209      ERROR Test worker     d.u.i.k.j.KeYJPMapping    Duplicate registration of node: Annotation, formerNode: Annotation 
49225      ERROR Test worker     d.u.i.k.j.KeYJPMapping    Duplicate registration of node: @(java.lang.RuntimeException.$clinit()), formerNode: @($clprepare()) 
49475      ERROR Test worker     d.u.i.k.j.KeYJPMapping    Duplicate registration of node: boolean, formerNode: /*@ pure @*/
boolean 
49475      ERROR Test worker     d.u.i.k.j.KeYJPMapping    Duplicate registration of node: @(this.$classPrepared), formerNode: @($clprepare()) 
49490      ERROR Test worker     d.u.i.k.j.KeYJPMapping    Duplicate registration of node: @($classErroneous), formerNode: @($clprepare()) 
49490      ERROR Test worker     d.u.i.k.j.KeYJPMapping    Duplicate registration of node: @($classInitializationInProgress), formerNode: @($clprepare()) 
49490      ERROR Test worker     d.u.i.k.j.KeYJPMapping    Duplicate registration of node: @($classErroneous) = true, formerNode: @($classInitializationInProgress) = true 
49490      ERROR Test worker     d.u.i.k.j.KeYJPMapping    Duplicate registration of node: @($classErroneous) = false, formerNode: @($classInitializationInProgress) = false 
49490      ERROR Test worker     d.u.i.k.j.KeYJPMapping    Duplicate registration of node: @($classInitialized), formerNode: @($clprepare()) 
49490      ERROR Test worker     d.u.i.k.j.KeYJPMapping    Duplicate registration of node: @($classInitialized) = true, formerNode: @($classInitializationInProgress) = true 
49490      ERROR Test worker     d.u.i.k.j.KeYJPMapping    Duplicate registration of node: !@($classInitializationInProgress), formerNode: !@(this.$classPrepared) 
49490      ERROR Test worker     d.u.i.k.j.KeYJPMapping    Duplicate registration of node: !@($classInitialized), formerNode: !@(this.$classPrepared) 
49490      ERROR Test worker     d.u.i.k.j.KeYJPMapping    Duplicate registration of node: Object, formerNode: java.lang.Object 
49490      ERROR Test worker     d.u.i.k.j.KeYJPMapping    Duplicate registration of node: Object, formerNode: java.lang.Object 
49506      ERROR Test worker     d.u.i.k.j.KeYJPMapping    Duplicate registration of node: Annotation, formerNode: Annotation 
49506      ERROR Test worker     d.u.i.k.j.KeYJPMapping    Duplicate registration of node: @(java.lang.RuntimeException.$clinit()), formerNode: @($clprepare()) 
49710      ERROR Test worker     d.u.i.k.j.KeYJPMapping    Duplicate registration of node: boolean, formerNode: /*@ pure @*/
boolean 
49710      ERROR Test worker     d.u.i.k.j.KeYJPMapping    Duplicate registration of node: @(this.$classPrepared), formerNode: @($clprepare()) 
49710      ERROR Test worker     d.u.i.k.j.KeYJPMapping    Duplicate registration of node: @($classErroneous), formerNode: @($clprepare()) 
49710      ERROR Test worker     d.u.i.k.j.KeYJPMapping    Duplicate registration of node: @($classInitializationInProgress), formerNode: @($clprepare()) 
49710      ERROR Test worker     d.u.i.k.j.KeYJPMapping    Duplicate registration of node: @($classErroneous) = true, formerNode: @($classInitializationInProgress) = true 
49710      ERROR Test worker     d.u.i.k.j.KeYJPMapping    Duplicate registration of node: @($classErroneous) = false, formerNode: @($classInitializationInProgress) = false 
49710      ERROR Test worker     d.u.i.k.j.KeYJPMapping    Duplicate registration of node: @($classInitialized), formerNode: @($clprepare()) 
49710      ERROR Test worker     d.u.i.k.j.KeYJPMapping    Duplicate registration of node: @($classInitialized) = true, formerNode: @($classInitializationInProgress) = true 
49710      ERROR Test worker     d.u.i.k.j.KeYJPMapping    Duplicate registration of node: !@($classInitializationInProgress), formerNode: !@(this.$classPrepared) 
49710      ERROR Test worker     d.u.i.k.j.KeYJPMapping    Duplicate registration of node: !@($classInitialized), formerNode: !@(this.$classPrepared) 
49710      ERROR Test worker     d.u.i.k.j.KeYJPMapping    Duplicate registration of node: Object, formerNode: java.lang.Object 
49710      ERROR Test worker     d.u.i.k.j.KeYJPMapping    Duplicate registration of node: Object, formerNode: java.lang.Object 
49710      ERROR Test worker     d.u.i.k.j.KeYJPMapping    Duplicate registration of node: Annotation, formerNode: Annotation 
49725      ERROR Test worker     d.u.i.k.j.KeYJPMapping    Duplicate registration of node: @(java.lang.RuntimeException.$clinit()), formerNode: @($clprepare()) 
49928      ERROR Test worker     d.u.i.k.j.KeYJPMapping    Duplicate registration of node: boolean, formerNode: /*@ pure @*/
boolean 
49928      ERROR Test worker     d.u.i.k.j.KeYJPMapping    Duplicate registration of node: @(this.$classPrepared), formerNode: @($clprepare()) 
49928      ERROR Test worker     d.u.i.k.j.KeYJPMapping    Duplicate registration of node: @($classErroneous), formerNode: @($clprepare()) 
49928      ERROR Test worker     d.u.i.k.j.KeYJPMapping    Duplicate registration of node: @($classInitializationInProgress), formerNode: @($clprepare()) 
49928      ERROR Test worker     d.u.i.k.j.KeYJPMapping    Duplicate registration of node: @($classErroneous) = true, formerNode: @($classInitializationInProgress) = true 
49928      ERROR Test worker     d.u.i.k.j.KeYJPMapping    Duplicate registration of node: @($classErroneous) = false, formerNode: @($classInitializationInProgress) = false 
49928      ERROR Test worker     d.u.i.k.j.KeYJPMapping    Duplicate registration of node: @($classInitialized), formerNode: @($clprepare()) 
49928      ERROR Test worker     d.u.i.k.j.KeYJPMapping    Duplicate registration of node: @($classInitialized) = true, formerNode: @($classInitializationInProgress) = true 
49928      ERROR Test worker     d.u.i.k.j.KeYJPMapping    Duplicate registration of node: !@($classInitializationInProgress), formerNode: !@(this.$classPrepared) 
49928      ERROR Test worker     d.u.i.k.j.KeYJPMapping    Duplicate registration of node: !@($classInitialized), formerNode: !@(this.$classPrepared) 
49928      ERROR Test worker     d.u.i.k.j.KeYJPMapping    Duplicate registration of node: Object, formerNode: java.lang.Object 
49960      ERROR Test worker     d.u.i.k.j.KeYJPMapping    Duplicate registration of node: Object, formerNode: java.lang.Object 
49960      ERROR Test worker     d.u.i.k.j.KeYJPMapping    Duplicate registration of node: Annotation, formerNode: Annotation 
49960      ERROR Test worker     d.u.i.k.j.KeYJPMapping    Duplicate registration of node: @(java.lang.RuntimeException.$clinit()), formerNode: @($clprepare()) 
50116      ERROR Test worker     d.u.i.k.j.KeYJPMapping    Duplicate registration of node: boolean, formerNode: /*@ pure @*/
boolean 
50116      ERROR Test worker     d.u.i.k.j.KeYJPMapping    Duplicate registration of node: @(this.$classPrepared), formerNode: @($clprepare()) 
50116      ERROR Test worker     d.u.i.k.j.KeYJPMapping    Duplicate registration of node: @($classErroneous), formerNode: @($clprepare()) 
50116      ERROR Test worker     d.u.i.k.j.KeYJPMapping    Duplicate registration of node: @($classInitializationInProgress), formerNode: @($clprepare()) 
50132      ERROR Test worker     d.u.i.k.j.KeYJPMapping    Duplicate registration of node: @($classErroneous) = true, formerNode: @($classInitializationInProgress) = true 
50132      ERROR Test worker     d.u.i.k.j.KeYJPMapping    Duplicate registration of node: @($classErroneous) = false, formerNode: @($classInitializationInProgress) = false 
50132      ERROR Test worker     d.u.i.k.j.KeYJPMapping    Duplicate registration of node: @($classInitialized), formerNode: @($clprepare()) 
50132      ERROR Test worker     d.u.i.k.j.KeYJPMapping    Duplicate registration of node: @($classInitialized) = true, formerNode: @($classInitializationInProgress) = true 
50132      ERROR Test worker     d.u.i.k.j.KeYJPMapping    Duplicate registration of node: !@($classInitializationInProgress), formerNode: !@(this.$classPrepared) 
50132      ERROR Test worker     d.u.i.k.j.KeYJPMapping    Duplicate registration of node: !@($classInitialized), formerNode: !@(this.$classPrepared) 
50132      ERROR Test worker     d.u.i.k.j.KeYJPMapping    Duplicate registration of node: Object, formerNode: java.lang.Object 
50132      ERROR Test worker     d.u.i.k.j.KeYJPMapping    Duplicate registration of node: Object, formerNode: java.lang.Object 
50132      ERROR Test worker     d.u.i.k.j.KeYJPMapping    Duplicate registration of node: Annotation, formerNode: Annotation 
50132      ERROR Test worker     d.u.i.k.j.KeYJPMapping    Duplicate registration of node: @(java.lang.RuntimeException.$clinit()), formerNode: @($clprepare()) 
50382      ERROR Test worker     d.u.i.k.j.KeYJPMapping    Duplicate registration of node: boolean, formerNode: /*@ pure @*/
boolean 
50382      ERROR Test worker     d.u.i.k.j.KeYJPMapping    Duplicate registration of node: @(this.$classPrepared), formerNode: @($clprepare()) 
50382      ERROR Test worker     d.u.i.k.j.KeYJPMapping    Duplicate registration of node: @($classErroneous), formerNode: @($clprepare()) 
50382      ERROR Test worker     d.u.i.k.j.KeYJPMapping    Duplicate registration of node: @($classInitializationInProgress), formerNode: @($clprepare()) 
50382      ERROR Test worker     d.u.i.k.j.KeYJPMapping    Duplicate registration of node: @($classErroneous) = true, formerNode: @($classInitializationInProgress) = true 
50444      ERROR Test worker     d.u.i.k.j.KeYJPMapping    Duplicate registration of node: @($classErroneous) = false, formerNode: @($classInitializationInProgress) = false 
50444      ERROR Test worker     d.u.i.k.j.KeYJPMapping    Duplicate registration of node: @($classInitialized), formerNode: @($clprepare()) 
50444      ERROR Test worker     d.u.i.k.j.KeYJPMapping    Duplicate registration of node: @($classInitialized) = true, formerNode: @($classInitializationInProgress) = true 
50444      ERROR Test worker     d.u.i.k.j.KeYJPMapping    Duplicate registration of node: !@($classInitializationInProgress), formerNode: !@(this.$classPrepared) 
50444      ERROR Test worker     d.u.i.k.j.KeYJPMapping    Duplicate registration of node: !@($classInitialized), formerNode: !@(this.$classPrepared) 
50444      ERROR Test worker     d.u.i.k.j.KeYJPMapping    Duplicate registration of node: Object, formerNode: java.lang.Object 
50444      ERROR Test worker     d.u.i.k.j.KeYJPMapping    Duplicate registration of node: Object, formerNode: java.lang.Object 
50444      ERROR Test worker     d.u.i.k.j.KeYJPMapping    Duplicate registration of node: Annotation, formerNode: Annotation 
50444      ERROR Test worker     d.u.i.k.j.KeYJPMapping    Duplicate registration of node: @(java.lang.RuntimeException.$clinit()), formerNode: @($clprepare()) 
50616      ERROR Test worker     d.u.i.k.j.KeYJPMapping    Duplicate registration of node: boolean, formerNode: /*@ pure @*/
boolean 
50616      ERROR Test worker     d.u.i.k.j.KeYJPMapping    Duplicate registration of node: @(this.$classPrepared), formerNode: @($clprepare()) 
50616      ERROR Test worker     d.u.i.k.j.KeYJPMapping    Duplicate registration of node: @($classErroneous), formerNode: @($clprepare()) 
50616      ERROR Test worker     d.u.i.k.j.KeYJPMapping    Duplicate registration of node: @($classInitializationInProgress), formerNode: @($clprepare()) 
50616      ERROR Test worker     d.u.i.k.j.KeYJPMapping    Duplicate registration of node: @($classErroneous) = true, formerNode: @($classInitializationInProgress) = true 
50632      ERROR Test worker     d.u.i.k.j.KeYJPMapping    Duplicate registration of node: @($classErroneous) = false, formerNode: @($classInitializationInProgress) = false 
50632      ERROR Test worker     d.u.i.k.j.KeYJPMapping    Duplicate registration of node: @($classInitialized), formerNode: @($clprepare()) 
50632      ERROR Test worker     d.u.i.k.j.KeYJPMapping    Duplicate registration of node: @($classInitialized) = true, formerNode: @($classInitializationInProgress) = true 
50632      ERROR Test worker     d.u.i.k.j.KeYJPMapping    Duplicate registration of node: !@($classInitializationInProgress), formerNode: !@(this.$classPrepared) 
50632      ERROR Test worker     d.u.i.k.j.KeYJPMapping    Duplicate registration of node: !@($classInitialized), formerNode: !@(this.$classPrepared) 
50632      ERROR Test worker     d.u.i.k.j.KeYJPMapping    Duplicate registration of node: Object, formerNode: java.lang.Object 
50632      ERROR Test worker     d.u.i.k.j.KeYJPMapping    Duplicate registration of node: Object, formerNode: java.lang.Object 
50632      ERROR Test worker     d.u.i.k.j.KeYJPMapping    Duplicate registration of node: Annotation, formerNode: Annotation 
50632      ERROR Test worker     d.u.i.k.j.KeYJPMapping    Duplicate registration of node: @(java.lang.RuntimeException.$clinit()), formerNode: @($clprepare()) 
50788      ERROR Test worker     d.u.i.k.j.KeYJPMapping    Duplicate registration of node: boolean, formerNode: /*@ pure @*/
boolean 
50804      ERROR Test worker     d.u.i.k.j.KeYJPMapping    Duplicate registration of node: @(this.$classPrepared), formerNode: @($clprepare()) 
50804      ERROR Test worker     d.u.i.k.j.KeYJPMapping    Duplicate registration of node: @($classErroneous), formerNode: @($clprepare()) 
50804      ERROR Test worker     d.u.i.k.j.KeYJPMapping    Duplicate registration of node: @($classInitializationInProgress), formerNode: @($clprepare()) 
50804      ERROR Test worker     d.u.i.k.j.KeYJPMapping    Duplicate registration of node: @($classErroneous) = true, formerNode: @($classInitializationInProgress) = true 
50804      ERROR Test worker     d.u.i.k.j.KeYJPMapping    Duplicate registration of node: @($classErroneous) = false, formerNode: @($classInitializationInProgress) = false 
50804      ERROR Test worker     d.u.i.k.j.KeYJPMapping    Duplicate registration of node: @($classInitialized), formerNode: @($clprepare()) 
50804      ERROR Test worker     d.u.i.k.j.KeYJPMapping    Duplicate registration of node: @($classInitialized) = true, formerNode: @($classInitializationInProgress) = true 
50804      ERROR Test worker     d.u.i.k.j.KeYJPMapping    Duplicate registration of node: !@($classInitializationInProgress), formerNode: !@(this.$classPrepared) 
50804      ERROR Test worker     d.u.i.k.j.KeYJPMapping    Duplicate registration of node: !@($classInitialized), formerNode: !@(this.$classPrepared) 
50804      ERROR Test worker     d.u.i.k.j.KeYJPMapping    Duplicate registration of node: Object, formerNode: java.lang.Object 
50804      ERROR Test worker     d.u.i.k.j.KeYJPMapping    Duplicate registration of node: Object, formerNode: java.lang.Object 
50804      ERROR Test worker     d.u.i.k.j.KeYJPMapping    Duplicate registration of node: Annotation, formerNode: Annotation 
50804      ERROR Test worker     d.u.i.k.j.KeYJPMapping    Duplicate registration of node: @(java.lang.RuntimeException.$clinit()), formerNode: @($clprepare()) 
51273      ERROR Test worker     d.u.i.k.j.KeYJPMapping    Duplicate registration of node: boolean, formerNode: /*@ pure @*/
boolean 
51273      ERROR Test worker     d.u.i.k.j.KeYJPMapping    Duplicate registration of node: @(this.$classPrepared), formerNode: @($clprepare()) 
51273      ERROR Test worker     d.u.i.k.j.KeYJPMapping    Duplicate registration of node: @($classErroneous), formerNode: @($clprepare()) 
51273      ERROR Test worker     d.u.i.k.j.KeYJPMapping    Duplicate registration of node: @($classInitializationInProgress), formerNode: @($clprepare()) 
51288      ERROR Test worker     d.u.i.k.j.KeYJPMapping    Duplicate registration of node: @($classErroneous) = true, formerNode: @($classInitializationInProgress) = true 
51319      ERROR Test worker     d.u.i.k.j.KeYJPMapping    Duplicate registration of node: @($classErroneous) = false, formerNode: @($classInitializationInProgress) = false 
51319      ERROR Test worker     d.u.i.k.j.KeYJPMapping    Duplicate registration of node: @($classInitialized), formerNode: @($clprepare()) 
51319      ERROR Test worker     d.u.i.k.j.KeYJPMapping    Duplicate registration of node: @($classInitialized) = true, formerNode: @($classInitializationInProgress) = true 
51319      ERROR Test worker     d.u.i.k.j.KeYJPMapping    Duplicate registration of node: !@($classInitializationInProgress), formerNode: !@(this.$classPrepared) 
51319      ERROR Test worker     d.u.i.k.j.KeYJPMapping    Duplicate registration of node: !@($classInitialized), formerNode: !@(this.$classPrepared) 
51319      ERROR Test worker     d.u.i.k.j.KeYJPMapping    Duplicate registration of node: Object, formerNode: java.lang.Object 
51319      ERROR Test worker     d.u.i.k.j.KeYJPMapping    Duplicate registration of node: Object, formerNode: java.lang.Object 
51319      ERROR Test worker     d.u.i.k.j.KeYJPMapping    Duplicate registration of node: Annotation, formerNode: Annotation 
51319      ERROR Test worker     d.u.i.k.j.KeYJPMapping    Duplicate registration of node: @(java.lang.RuntimeException.$clinit()), formerNode: @($clprepare()) 
51476      ERROR Test worker     d.u.i.k.j.KeYJPMapping    Duplicate registration of node: boolean, formerNode: /*@ pure @*/
boolean 
51476      ERROR Test worker     d.u.i.k.j.KeYJPMapping    Duplicate registration of node: @(this.$classPrepared), formerNode: @($clprepare()) 
51476      ERROR Test worker     d.u.i.k.j.KeYJPMapping    Duplicate registration of node: @($classErroneous), formerNode: @($clprepare()) 
51476      ERROR Test worker     d.u.i.k.j.KeYJPMapping    Duplicate registration of node: @($classInitializationInProgress), formerNode: @($clprepare()) 
51476      ERROR Test worker     d.u.i.k.j.KeYJPMapping    Duplicate registration of node: @($classErroneous) = true, formerNode: @($classInitializationInProgress) = true 
51476      ERROR Test worker     d.u.i.k.j.KeYJPMapping    Duplicate registration of node: @($classErroneous) = false, formerNode: @($classInitializationInProgress) = false 
51476      ERROR Test worker     d.u.i.k.j.KeYJPMapping    Duplicate registration of node: @($classInitialized), formerNode: @($clprepare()) 
51476      ERROR Test worker     d.u.i.k.j.KeYJPMapping    Duplicate registration of node: @($classInitialized) = true, formerNode: @($classInitializationInProgress) = true 
51476      ERROR Test worker     d.u.i.k.j.KeYJPMapping    Duplicate registration of node: !@($classInitializationInProgress), formerNode: !@(this.$classPrepared) 
51476      ERROR Test worker     d.u.i.k.j.KeYJPMapping    Duplicate registration of node: !@($classInitialized), formerNode: !@(this.$classPrepared) 
51476      ERROR Test worker     d.u.i.k.j.KeYJPMapping    Duplicate registration of node: Object, formerNode: java.lang.Object 
51476      ERROR Test worker     d.u.i.k.j.KeYJPMapping    Duplicate registration of node: Object, formerNode: java.lang.Object 
51476      ERROR Test worker     d.u.i.k.j.KeYJPMapping    Duplicate registration of node: Annotation, formerNode: Annotation 
51491      ERROR Test worker     d.u.i.k.j.KeYJPMapping    Duplicate registration of node: @(java.lang.RuntimeException.$clinit()), formerNode: @($clprepare()) 
51679      ERROR Test worker     d.u.i.k.j.KeYJPMapping    Duplicate registration of node: boolean, formerNode: /*@ pure @*/
boolean 
51695      ERROR Test worker     d.u.i.k.j.KeYJPMapping    Duplicate registration of node: @(this.$classPrepared), formerNode: @($clprepare()) 
51695      ERROR Test worker     d.u.i.k.j.KeYJPMapping    Duplicate registration of node: @($classErroneous), formerNode: @($clprepare()) 
51695      ERROR Test worker     d.u.i.k.j.KeYJPMapping    Duplicate registration of node: @($classInitializationInProgress), formerNode: @($clprepare()) 
51695      ERROR Test worker     d.u.i.k.j.KeYJPMapping    Duplicate registration of node: @($classErroneous) = true, formerNode: @($classInitializationInProgress) = true 
51695      ERROR Test worker     d.u.i.k.j.KeYJPMapping    Duplicate registration of node: @($classErroneous) = false, formerNode: @($classInitializationInProgress) = false 
51695      ERROR Test worker     d.u.i.k.j.KeYJPMapping    Duplicate registration of node: @($classInitialized), formerNode: @($clprepare()) 
51695      ERROR Test worker     d.u.i.k.j.KeYJPMapping    Duplicate registration of node: @($classInitialized) = true, formerNode: @($classInitializationInProgress) = true 
51695      ERROR Test worker     d.u.i.k.j.KeYJPMapping    Duplicate registration of node: !@($classInitializationInProgress), formerNode: !@(this.$classPrepared) 
51695      ERROR Test worker     d.u.i.k.j.KeYJPMapping    Duplicate registration of node: !@($classInitialized), formerNode: !@(this.$classPrepared) 
51695      ERROR Test worker     d.u.i.k.j.KeYJPMapping    Duplicate registration of node: Object, formerNode: java.lang.Object 
51695      ERROR Test worker     d.u.i.k.j.KeYJPMapping    Duplicate registration of node: Object, formerNode: java.lang.Object 
51695      ERROR Test worker     d.u.i.k.j.KeYJPMapping    Duplicate registration of node: Annotation, formerNode: Annotation 
51695      ERROR Test worker     d.u.i.k.j.KeYJPMapping    Duplicate registration of node: @(java.lang.RuntimeException.$clinit()), formerNode: @($clprepare()) 
51867      ERROR Test worker     d.u.i.k.j.KeYJPMapping    Duplicate registration of node: boolean, formerNode: /*@ pure @*/
boolean 
51867      ERROR Test worker     d.u.i.k.j.KeYJPMapping    Duplicate registration of node: @(this.$classPrepared), formerNode: @($clprepare()) 
51867      ERROR Test worker     d.u.i.k.j.KeYJPMapping    Duplicate registration of node: @($classErroneous), formerNode: @($clprepare()) 
51867      ERROR Test worker     d.u.i.k.j.KeYJPMapping    Duplicate registration of node: @($classInitializationInProgress), formerNode: @($clprepare()) 
51867      ERROR Test worker     d.u.i.k.j.KeYJPMapping    Duplicate registration of node: @($classErroneous) = true, formerNode: @($classInitializationInProgress) = true 
51867      ERROR Test worker     d.u.i.k.j.KeYJPMapping    Duplicate registration of node: @($classErroneous) = false, formerNode: @($classInitializationInProgress) = false 
51867      ERROR Test worker     d.u.i.k.j.KeYJPMapping    Duplicate registration of node: @($classInitialized), formerNode: @($clprepare()) 
51867      ERROR Test worker     d.u.i.k.j.KeYJPMapping    Duplicate registration of node: @($classInitialized) = true, formerNode: @($classInitializationInProgress) = true 
51867      ERROR Test worker     d.u.i.k.j.KeYJPMapping    Duplicate registration of node: !@($classInitializationInProgress), formerNode: !@(this.$classPrepared) 
51867      ERROR Test worker     d.u.i.k.j.KeYJPMapping    Duplicate registration of node: !@($classInitialized), formerNode: !@(this.$classPrepared) 
51867      ERROR Test worker     d.u.i.k.j.KeYJPMapping    Duplicate registration of node: Object, formerNode: java.lang.Object 
51867      ERROR Test worker     d.u.i.k.j.KeYJPMapping    Duplicate registration of node: Object, formerNode: java.lang.Object 
51867      ERROR Test worker     d.u.i.k.j.KeYJPMapping    Duplicate registration of node: Annotation, formerNode: Annotation 
51867      ERROR Test worker     d.u.i.k.j.KeYJPMapping    Duplicate registration of node: @(java.lang.RuntimeException.$clinit()), formerNode: @($clprepare()) 
51976      ERROR Test worker     d.u.i.k.j.KeYJPMapping    Duplicate registration of node: boolean, formerNode: /*@ pure @*/
boolean 
51992      ERROR Test worker     d.u.i.k.j.KeYJPMapping    Duplicate registration of node: @(this.$classPrepared), formerNode: @($clprepare()) 
51992      ERROR Test worker     d.u.i.k.j.KeYJPMapping    Duplicate registration of node: @($classErroneous), formerNode: @($clprepare()) 
51992      ERROR Test worker     d.u.i.k.j.KeYJPMapping    Duplicate registration of node: @($classInitializationInProgress), formerNode: @($clprepare()) 
51992      ERROR Test worker     d.u.i.k.j.KeYJPMapping    Duplicate registration of node: @($classErroneous) = true, formerNode: @($classInitializationInProgress) = true 
51992      ERROR Test worker     d.u.i.k.j.KeYJPMapping    Duplicate registration of node: @($classErroneous) = false, formerNode: @($classInitializationInProgress) = false 
51992      ERROR Test worker     d.u.i.k.j.KeYJPMapping    Duplicate registration of node: @($classInitialized), formerNode: @($clprepare()) 
51992      ERROR Test worker     d.u.i.k.j.KeYJPMapping    Duplicate registration of node: @($classInitialized) = true, formerNode: @($classInitializationInProgress) = true 
51992      ERROR Test worker     d.u.i.k.j.KeYJPMapping    Duplicate registration of node: !@($classInitializationInProgress), formerNode: !@(this.$classPrepared) 
51992      ERROR Test worker     d.u.i.k.j.KeYJPMapping    Duplicate registration of node: !@($classInitialized), formerNode: !@(this.$classPrepared) 
51992      ERROR Test worker     d.u.i.k.j.KeYJPMapping    Duplicate registration of node: Object, formerNode: java.lang.Object 
51992      ERROR Test worker     d.u.i.k.j.KeYJPMapping    Duplicate registration of node: Object, formerNode: java.lang.Object 
51992      ERROR Test worker     d.u.i.k.j.KeYJPMapping    Duplicate registration of node: Annotation, formerNode: Annotation 
51992      ERROR Test worker     d.u.i.k.j.KeYJPMapping    Duplicate registration of node: @(java.lang.RuntimeException.$clinit()), formerNode: @($clprepare()) 
52117      ERROR Test worker     d.u.i.k.j.KeYJPMapping    Duplicate registration of node: boolean, formerNode: /*@ pure @*/
boolean 
52117      ERROR Test worker     d.u.i.k.j.KeYJPMapping    Duplicate registration of node: @(this.$classPrepared), formerNode: @($clprepare()) 
52117      ERROR Test worker     d.u.i.k.j.KeYJPMapping    Duplicate registration of node: @($classErroneous), formerNode: @($clprepare()) 
52117      ERROR Test worker     d.u.i.k.j.KeYJPMapping    Duplicate registration of node: @($classInitializationInProgress), formerNode: @($clprepare()) 
52117      ERROR Test worker     d.u.i.k.j.KeYJPMapping    Duplicate registration of node: @($classErroneous) = true, formerNode: @($classInitializationInProgress) = true 
52117      ERROR Test worker     d.u.i.k.j.KeYJPMapping    Duplicate registration of node: @($classErroneous) = false, formerNode: @($classInitializationInProgress) = false 
52117      ERROR Test worker     d.u.i.k.j.KeYJPMapping    Duplicate registration of node: @($classInitialized), formerNode: @($clprepare()) 
52117      ERROR Test worker     d.u.i.k.j.KeYJPMapping    Duplicate registration of node: @($classInitialized) = true, formerNode: @($classInitializationInProgress) = true 
52117      ERROR Test worker     d.u.i.k.j.KeYJPMapping    Duplicate registration of node: !@($classInitializationInProgress), formerNode: !@(this.$classPrepared) 
52117      ERROR Test worker     d.u.i.k.j.KeYJPMapping    Duplicate registration of node: !@($classInitialized), formerNode: !@(this.$classPrepared) 
52117      ERROR Test worker     d.u.i.k.j.KeYJPMapping    Duplicate registration of node: Object, formerNode: java.lang.Object 
52117      ERROR Test worker     d.u.i.k.j.KeYJPMapping    Duplicate registration of node: Object, formerNode: java.lang.Object 
52117      ERROR Test worker     d.u.i.k.j.KeYJPMapping    Duplicate registration of node: Annotation, formerNode: Annotation 
52117      ERROR Test worker     d.u.i.k.j.KeYJPMapping    Duplicate registration of node: @(java.lang.RuntimeException.$clinit()), formerNode: @($clprepare()) 
52242      ERROR Test worker     d.u.i.k.j.KeYJPMapping    Duplicate registration of node: boolean, formerNode: /*@ pure @*/
boolean 
52242      ERROR Test worker     d.u.i.k.j.KeYJPMapping    Duplicate registration of node: @(this.$classPrepared), formerNode: @($clprepare()) 
52242      ERROR Test worker     d.u.i.k.j.KeYJPMapping    Duplicate registration of node: @($classErroneous), formerNode: @($clprepare()) 
52242      ERROR Test worker     d.u.i.k.j.KeYJPMapping    Duplicate registration of node: @($classInitializationInProgress), formerNode: @($clprepare()) 
52242      ERROR Test worker     d.u.i.k.j.KeYJPMapping    Duplicate registration of node: @($classErroneous) = true, formerNode: @($classInitializationInProgress) = true 
52242      ERROR Test worker     d.u.i.k.j.KeYJPMapping    Duplicate registration of node: @($classErroneous) = false, formerNode: @($classInitializationInProgress) = false 
52242      ERROR Test worker     d.u.i.k.j.KeYJPMapping    Duplicate registration of node: @($classInitialized), formerNode: @($clprepare()) 
52242      ERROR Test worker     d.u.i.k.j.KeYJPMapping    Duplicate registration of node: @($classInitialized) = true, formerNode: @($classInitializationInProgress) = true 
52242      ERROR Test worker     d.u.i.k.j.KeYJPMapping    Duplicate registration of node: !@($classInitializationInProgress), formerNode: !@(this.$classPrepared) 
52242      ERROR Test worker     d.u.i.k.j.KeYJPMapping    Duplicate registration of node: !@($classInitialized), formerNode: !@(this.$classPrepared) 
52242      ERROR Test worker     d.u.i.k.j.KeYJPMapping    Duplicate registration of node: Object, formerNode: java.lang.Object 
52242      ERROR Test worker     d.u.i.k.j.KeYJPMapping    Duplicate registration of node: Object, formerNode: java.lang.Object 
52258      ERROR Test worker     d.u.i.k.j.KeYJPMapping    Duplicate registration of node: Annotation, formerNode: Annotation 
52258      ERROR Test worker     d.u.i.k.j.KeYJPMapping    Duplicate registration of node: @(java.lang.RuntimeException.$clinit()), formerNode: @($clprepare()) 
52383      ERROR Test worker     d.u.i.k.j.KeYJPMapping    Duplicate registration of node: boolean, formerNode: /*@ pure @*/
boolean 
52383      ERROR Test worker     d.u.i.k.j.KeYJPMapping    Duplicate registration of node: @(this.$classPrepared), formerNode: @($clprepare()) 
52383      ERROR Test worker     d.u.i.k.j.KeYJPMapping    Duplicate registration of node: @($classErroneous), formerNode: @($clprepare()) 
52383      ERROR Test worker     d.u.i.k.j.KeYJPMapping    Duplicate registration of node: @($classInitializationInProgress), formerNode: @($clprepare()) 
52383      ERROR Test worker     d.u.i.k.j.KeYJPMapping    Duplicate registration of node: @($classErroneous) = true, formerNode: @($classInitializationInProgress) = true 
52383      ERROR Test worker     d.u.i.k.j.KeYJPMapping    Duplicate registration of node: @($classErroneous) = false, formerNode: @($classInitializationInProgress) = false 
52383      ERROR Test worker     d.u.i.k.j.KeYJPMapping    Duplicate registration of node: @($classInitialized), formerNode: @($clprepare()) 
52383      ERROR Test worker     d.u.i.k.j.KeYJPMapping    Duplicate registration of node: @($classInitialized) = true, formerNode: @($classInitializationInProgress) = true 
52383      ERROR Test worker     d.u.i.k.j.KeYJPMapping    Duplicate registration of node: !@($classInitializationInProgress), formerNode: !@(this.$classPrepared) 
52383      ERROR Test worker     d.u.i.k.j.KeYJPMapping    Duplicate registration of node: !@($classInitialized), formerNode: !@(this.$classPrepared) 
52383      ERROR Test worker     d.u.i.k.j.KeYJPMapping    Duplicate registration of node: Object, formerNode: java.lang.Object 
52383      ERROR Test worker     d.u.i.k.j.KeYJPMapping    Duplicate registration of node: Object, formerNode: java.lang.Object 
52383      ERROR Test worker     d.u.i.k.j.KeYJPMapping    Duplicate registration of node: Annotation, formerNode: Annotation 
52383      ERROR Test worker     d.u.i.k.j.KeYJPMapping    Duplicate registration of node: @(java.lang.RuntimeException.$clinit()), formerNode: @($clprepare()) 
52492      ERROR Test worker     d.u.i.k.j.KeYJPMapping    Duplicate registration of node: boolean, formerNode: /*@ pure @*/
boolean 
52508      ERROR Test worker     d.u.i.k.j.KeYJPMapping    Duplicate registration of node: @(this.$classPrepared), formerNode: @($clprepare()) 
52508      ERROR Test worker     d.u.i.k.j.KeYJPMapping    Duplicate registration of node: @($classErroneous), formerNode: @($clprepare()) 
52508      ERROR Test worker     d.u.i.k.j.KeYJPMapping    Duplicate registration of node: @($classInitializationInProgress), formerNode: @($clprepare()) 
52508      ERROR Test worker     d.u.i.k.j.KeYJPMapping    Duplicate registration of node: @($classErroneous) = true, formerNode: @($classInitializationInProgress) = true 
52508      ERROR Test worker     d.u.i.k.j.KeYJPMapping    Duplicate registration of node: @($classErroneous) = false, formerNode: @($classInitializationInProgress) = false 
52508      ERROR Test worker     d.u.i.k.j.KeYJPMapping    Duplicate registration of node: @($classInitialized), formerNode: @($clprepare()) 
52508      ERROR Test worker     d.u.i.k.j.KeYJPMapping    Duplicate registration of node: @($classInitialized) = true, formerNode: @($classInitializationInProgress) = true 
52508      ERROR Test worker     d.u.i.k.j.KeYJPMapping    Duplicate registration of node: !@($classInitializationInProgress), formerNode: !@(this.$classPrepared) 
52508      ERROR Test worker     d.u.i.k.j.KeYJPMapping    Duplicate registration of node: !@($classInitialized), formerNode: !@(this.$classPrepared) 
52508      ERROR Test worker     d.u.i.k.j.KeYJPMapping    Duplicate registration of node: Object, formerNode: java.lang.Object 
52508      ERROR Test worker     d.u.i.k.j.KeYJPMapping    Duplicate registration of node: Object, formerNode: java.lang.Object 
52508      ERROR Test worker     d.u.i.k.j.KeYJPMapping    Duplicate registration of node: Annotation, formerNode: Annotation 
52508      ERROR Test worker     d.u.i.k.j.KeYJPMapping    Duplicate registration of node: @(java.lang.RuntimeException.$clinit()), formerNode: @($clprepare()) 
52773      ERROR Test worker     d.u.i.k.j.KeYJPMapping    Duplicate registration of node: boolean, formerNode: /*@ pure @*/
boolean 
52773      ERROR Test worker     d.u.i.k.j.KeYJPMapping    Duplicate registration of node: @(this.$classPrepared), formerNode: @($clprepare()) 
52773      ERROR Test worker     d.u.i.k.j.KeYJPMapping    Duplicate registration of node: @($classErroneous), formerNode: @($clprepare()) 
52773      ERROR Test worker     d.u.i.k.j.KeYJPMapping    Duplicate registration of node: @($classInitializationInProgress), formerNode: @($clprepare()) 
52773      ERROR Test worker     d.u.i.k.j.KeYJPMapping    Duplicate registration of node: @($classErroneous) = true, formerNode: @($classInitializationInProgress) = true 
52773      ERROR Test worker     d.u.i.k.j.KeYJPMapping    Duplicate registration of node: @($classErroneous) = false, formerNode: @($classInitializationInProgress) = false 
52773      ERROR Test worker     d.u.i.k.j.KeYJPMapping    Duplicate registration of node: @($classInitialized), formerNode: @($clprepare()) 
52773      ERROR Test worker     d.u.i.k.j.KeYJPMapping    Duplicate registration of node: @($classInitialized) = true, formerNode: @($classInitializationInProgress) = true 
52773      ERROR Test worker     d.u.i.k.j.KeYJPMapping    Duplicate registration of node: !@($classInitializationInProgress), formerNode: !@(this.$classPrepared) 
52773      ERROR Test worker     d.u.i.k.j.KeYJPMapping    Duplicate registration of node: !@($classInitialized), formerNode: !@(this.$classPrepared) 
52773      ERROR Test worker     d.u.i.k.j.KeYJPMapping    Duplicate registration of node: Object, formerNode: java.lang.Object 
52773      ERROR Test worker     d.u.i.k.j.KeYJPMapping    Duplicate registration of node: Object, formerNode: java.lang.Object 
52773      ERROR Test worker     d.u.i.k.j.KeYJPMapping    Duplicate registration of node: Annotation, formerNode: Annotation 
52773      ERROR Test worker     d.u.i.k.j.KeYJPMapping    Duplicate registration of node: @(java.lang.RuntimeException.$clinit()), formerNode: @($clprepare()) 
52883      ERROR Test worker     d.u.i.k.j.KeYJPMapping    Duplicate registration of node: boolean, formerNode: /*@ pure @*/
boolean 
52883      ERROR Test worker     d.u.i.k.j.KeYJPMapping    Duplicate registration of node: @(this.$classPrepared), formerNode: @($clprepare()) 
52883      ERROR Test worker     d.u.i.k.j.KeYJPMapping    Duplicate registration of node: @($classErroneous), formerNode: @($clprepare()) 
52883      ERROR Test worker     d.u.i.k.j.KeYJPMapping    Duplicate registration of node: @($classInitializationInProgress), formerNode: @($clprepare()) 
52883      ERROR Test worker     d.u.i.k.j.KeYJPMapping    Duplicate registration of node: @($classErroneous) = true, formerNode: @($classInitializationInProgress) = true 
52883      ERROR Test worker     d.u.i.k.j.KeYJPMapping    Duplicate registration of node: @($classErroneous) = false, formerNode: @($classInitializationInProgress) = false 
52898      ERROR Test worker     d.u.i.k.j.KeYJPMapping    Duplicate registration of node: @($classInitialized), formerNode: @($clprepare()) 
52898      ERROR Test worker     d.u.i.k.j.KeYJPMapping    Duplicate registration of node: @($classInitialized) = true, formerNode: @($classInitializationInProgress) = true 
52898      ERROR Test worker     d.u.i.k.j.KeYJPMapping    Duplicate registration of node: !@($classInitializationInProgress), formerNode: !@(this.$classPrepared) 
52898      ERROR Test worker     d.u.i.k.j.KeYJPMapping    Duplicate registration of node: !@($classInitialized), formerNode: !@(this.$classPrepared) 
52898      ERROR Test worker     d.u.i.k.j.KeYJPMapping    Duplicate registration of node: Object, formerNode: java.lang.Object 
52898      ERROR Test worker     d.u.i.k.j.KeYJPMapping    Duplicate registration of node: Object, formerNode: java.lang.Object 
52898      ERROR Test worker     d.u.i.k.j.KeYJPMapping    Duplicate registration of node: Annotation, formerNode: Annotation 
52898      ERROR Test worker     d.u.i.k.j.KeYJPMapping    Duplicate registration of node: @(java.lang.RuntimeException.$clinit()), formerNode: @($clprepare()) 
53008      ERROR Test worker     d.u.i.k.j.KeYJPMapping    Duplicate registration of node: boolean, formerNode: /*@ pure @*/
boolean 
53008      ERROR Test worker     d.u.i.k.j.KeYJPMapping    Duplicate registration of node: @(this.$classPrepared), formerNode: @($clprepare()) 
53008      ERROR Test worker     d.u.i.k.j.KeYJPMapping    Duplicate registration of node: @($classErroneous), formerNode: @($clprepare()) 
53008      ERROR Test worker     d.u.i.k.j.KeYJPMapping    Duplicate registration of node: @($classInitializationInProgress), formerNode: @($clprepare()) 
53008      ERROR Test worker     d.u.i.k.j.KeYJPMapping    Duplicate registration of node: @($classErroneous) = true, formerNode: @($classInitializationInProgress) = true 
53008      ERROR Test worker     d.u.i.k.j.KeYJPMapping    Duplicate registration of node: @($classErroneous) = false, formerNode: @($classInitializationInProgress) = false 
53008      ERROR Test worker     d.u.i.k.j.KeYJPMapping    Duplicate registration of node: @($classInitialized), formerNode: @($clprepare()) 
53008      ERROR Test worker     d.u.i.k.j.KeYJPMapping    Duplicate registration of node: @($classInitialized) = true, formerNode: @($classInitializationInProgress) = true 
53008      ERROR Test worker     d.u.i.k.j.KeYJPMapping    Duplicate registration of node: !@($classInitializationInProgress), formerNode: !@(this.$classPrepared) 
53008      ERROR Test worker     d.u.i.k.j.KeYJPMapping    Duplicate registration of node: !@($classInitialized), formerNode: !@(this.$classPrepared) 
53008      ERROR Test worker     d.u.i.k.j.KeYJPMapping    Duplicate registration of node: Object, formerNode: java.lang.Object 
53008      ERROR Test worker     d.u.i.k.j.KeYJPMapping    Duplicate registration of node: Object, formerNode: java.lang.Object 
53008      ERROR Test worker     d.u.i.k.j.KeYJPMapping    Duplicate registration of node: Annotation, formerNode: Annotation 
53008      ERROR Test worker     d.u.i.k.j.KeYJPMapping    Duplicate registration of node: @(java.lang.RuntimeException.$clinit()), formerNode: @($clprepare()) 
53117      ERROR Test worker     d.u.i.k.j.KeYJPMapping    Duplicate registration of node: boolean, formerNode: /*@ pure @*/
boolean 
53117      ERROR Test worker     d.u.i.k.j.KeYJPMapping    Duplicate registration of node: @(this.$classPrepared), formerNode: @($clprepare()) 
53117      ERROR Test worker     d.u.i.k.j.KeYJPMapping    Duplicate registration of node: @($classErroneous), formerNode: @($clprepare()) 
53117      ERROR Test worker     d.u.i.k.j.KeYJPMapping    Duplicate registration of node: @($classInitializationInProgress), formerNode: @($clprepare()) 
53117      ERROR Test worker     d.u.i.k.j.KeYJPMapping    Duplicate registration of node: @($classErroneous) = true, formerNode: @($classInitializationInProgress) = true 
53117      ERROR Test worker     d.u.i.k.j.KeYJPMapping    Duplicate registration of node: @($classErroneous) = false, formerNode: @($classInitializationInProgress) = false 
53117      ERROR Test worker     d.u.i.k.j.KeYJPMapping    Duplicate registration of node: @($classInitialized), formerNode: @($clprepare()) 
53117      ERROR Test worker     d.u.i.k.j.KeYJPMapping    Duplicate registration of node: @($classInitialized) = true, formerNode: @($classInitializationInProgress) = true 
53117      ERROR Test worker     d.u.i.k.j.KeYJPMapping    Duplicate registration of node: !@($classInitializationInProgress), formerNode: !@(this.$classPrepared) 
53117      ERROR Test worker     d.u.i.k.j.KeYJPMapping    Duplicate registration of node: !@($classInitialized), formerNode: !@(this.$classPrepared) 
53117      ERROR Test worker     d.u.i.k.j.KeYJPMapping    Duplicate registration of node: Object, formerNode: java.lang.Object 
53117      ERROR Test worker     d.u.i.k.j.KeYJPMapping    Duplicate registration of node: Object, formerNode: java.lang.Object 
53133      ERROR Test worker     d.u.i.k.j.KeYJPMapping    Duplicate registration of node: Annotation, formerNode: Annotation 
53133      ERROR Test worker     d.u.i.k.j.KeYJPMapping    Duplicate registration of node: @(java.lang.RuntimeException.$clinit()), formerNode: @($clprepare()) 
53243      ERROR Test worker     d.u.i.k.j.KeYJPMapping    Duplicate registration of node: boolean, formerNode: /*@ pure @*/
boolean 
53243      ERROR Test worker     d.u.i.k.j.KeYJPMapping    Duplicate registration of node: @(this.$classPrepared), formerNode: @($clprepare()) 
53243      ERROR Test worker     d.u.i.k.j.KeYJPMapping    Duplicate registration of node: @($classErroneous), formerNode: @($clprepare()) 
53243      ERROR Test worker     d.u.i.k.j.KeYJPMapping    Duplicate registration of node: @($classInitializationInProgress), formerNode: @($clprepare()) 
53243      ERROR Test worker     d.u.i.k.j.KeYJPMapping    Duplicate registration of node: @($classErroneous) = true, formerNode: @($classInitializationInProgress) = true 
53243      ERROR Test worker     d.u.i.k.j.KeYJPMapping    Duplicate registration of node: @($classErroneous) = false, formerNode: @($classInitializationInProgress) = false 
53243      ERROR Test worker     d.u.i.k.j.KeYJPMapping    Duplicate registration of node: @($classInitialized), formerNode: @($clprepare()) 
53243      ERROR Test worker     d.u.i.k.j.KeYJPMapping    Duplicate registration of node: @($classInitialized) = true, formerNode: @($classInitializationInProgress) = true 
53243      ERROR Test worker     d.u.i.k.j.KeYJPMapping    Duplicate registration of node: !@($classInitializationInProgress), formerNode: !@(this.$classPrepared) 
53243      ERROR Test worker     d.u.i.k.j.KeYJPMapping    Duplicate registration of node: !@($classInitialized), formerNode: !@(this.$classPrepared) 
53243      ERROR Test worker     d.u.i.k.j.KeYJPMapping    Duplicate registration of node: Object, formerNode: java.lang.Object 
53243      ERROR Test worker     d.u.i.k.j.KeYJPMapping    Duplicate registration of node: Object, formerNode: java.lang.Object 
53243      ERROR Test worker     d.u.i.k.j.KeYJPMapping    Duplicate registration of node: Annotation, formerNode: Annotation 
53243      ERROR Test worker     d.u.i.k.j.KeYJPMapping    Duplicate registration of node: @(java.lang.RuntimeException.$clinit()), formerNode: @($clprepare()) 
]]></system-err>
</testsuite>
