<?xml version="1.0" encoding="UTF-8"?>
<testsuite name="de.uka.ilkd.key.util.TestProofStarter" tests="2" skipped="0" failures="2" errors="0" timestamp="2023-06-03T16:59:25" hostname="fv-az553-997" time="0.391">
  <properties/>
  <testcase name="testDirectProofWithOneStepSimplification()" classname="de.uka.ilkd.key.util.TestProofStarter" time="0.186">
    <failure message="Unsolved symbol in arg0 : Solving arg0 (file: src\test\resources\testcase\proofStarter\CC\project.key; caused by: UnsolvedSymbolException{context='arg0', name='Solving arg0', cause='null'})" type="de.uka.ilkd.key.proof.io.ProblemLoaderException">Unsolved symbol in arg0 : Solving arg0 (file: src\test\resources\testcase\proofStarter\CC\project.key; caused by: UnsolvedSymbolException{context='arg0', name='Solving arg0', cause='null'})
	at app//de.uka.ilkd.key.control.AbstractUserInterfaceControl.load(AbstractUserInterfaceControl.java:225)
	at app//de.uka.ilkd.key.control.KeYEnvironment.load(KeYEnvironment.java:282)
	at app//de.uka.ilkd.key.control.KeYEnvironment.load(KeYEnvironment.java:251)
	at app//de.uka.ilkd.key.control.KeYEnvironment.load(KeYEnvironment.java:225)
	at app//de.uka.ilkd.key.control.KeYEnvironment.load(KeYEnvironment.java:185)
	at app//de.uka.ilkd.key.util.TestProofStarter.doProofStarter(TestProofStarter.java:61)
	at app//de.uka.ilkd.key.util.TestProofStarter.testDirectProofWithOneStepSimplification(TestProofStarter.java:44)
	at java.base@11.0.19/jdk.internal.reflect.NativeMethodAccessorImpl.invoke0(Native Method)
	at java.base@11.0.19/jdk.internal.reflect.NativeMethodAccessorImpl.invoke(NativeMethodAccessorImpl.java:62)
	at java.base@11.0.19/jdk.internal.reflect.DelegatingMethodAccessorImpl.invoke(DelegatingMethodAccessorImpl.java:43)
	at java.base@11.0.19/java.lang.reflect.Method.invoke(Method.java:566)
	at app//org.junit.platform.commons.util.ReflectionUtils.invokeMethod(ReflectionUtils.java:727)
	at app//org.junit.jupiter.engine.execution.MethodInvocation.proceed(MethodInvocation.java:60)
	at app//org.junit.jupiter.engine.execution.InvocationInterceptorChain$ValidatingInvocation.proceed(InvocationInterceptorChain.java:131)
	at app//org.junit.jupiter.engine.extension.SameThreadTimeoutInvocation.proceed(SameThreadTimeoutInvocation.java:45)
	at app//org.junit.jupiter.engine.extension.TimeoutExtension.intercept(TimeoutExtension.java:156)
	at app//org.junit.jupiter.engine.extension.TimeoutExtension.interceptTestableMethod(TimeoutExtension.java:147)
	at app//org.junit.jupiter.engine.extension.TimeoutExtension.interceptTestMethod(TimeoutExtension.java:86)
	at app//org.junit.jupiter.engine.execution.InterceptingExecutableInvoker$ReflectiveInterceptorCall.lambda$ofVoidMethod$0(InterceptingExecutableInvoker.java:103)
	at app//org.junit.jupiter.engine.execution.InterceptingExecutableInvoker.lambda$invoke$0(InterceptingExecutableInvoker.java:93)
	at app//org.junit.jupiter.engine.execution.InvocationInterceptorChain$InterceptedInvocation.proceed(InvocationInterceptorChain.java:106)
	at app//org.junit.jupiter.engine.execution.InvocationInterceptorChain.proceed(InvocationInterceptorChain.java:64)
	at app//org.junit.jupiter.engine.execution.InvocationInterceptorChain.chainAndInvoke(InvocationInterceptorChain.java:45)
	at app//org.junit.jupiter.engine.execution.InvocationInterceptorChain.invoke(InvocationInterceptorChain.java:37)
	at app//org.junit.jupiter.engine.execution.InterceptingExecutableInvoker.invoke(InterceptingExecutableInvoker.java:92)
	at app//org.junit.jupiter.engine.execution.InterceptingExecutableInvoker.invoke(InterceptingExecutableInvoker.java:86)
	at app//org.junit.jupiter.engine.descriptor.TestMethodTestDescriptor.lambda$invokeTestMethod$7(TestMethodTestDescriptor.java:217)
	at app//org.junit.platform.engine.support.hierarchical.ThrowableCollector.execute(ThrowableCollector.java:73)
	at app//org.junit.jupiter.engine.descriptor.TestMethodTestDescriptor.invokeTestMethod(TestMethodTestDescriptor.java:213)
	at app//org.junit.jupiter.engine.descriptor.TestMethodTestDescriptor.execute(TestMethodTestDescriptor.java:138)
	at app//org.junit.jupiter.engine.descriptor.TestMethodTestDescriptor.execute(TestMethodTestDescriptor.java:68)
	at app//org.junit.platform.engine.support.hierarchical.NodeTestTask.lambda$executeRecursively$6(NodeTestTask.java:151)
	at app//org.junit.platform.engine.support.hierarchical.ThrowableCollector.execute(ThrowableCollector.java:73)
	at app//org.junit.platform.engine.support.hierarchical.NodeTestTask.lambda$executeRecursively$8(NodeTestTask.java:141)
	at app//org.junit.platform.engine.support.hierarchical.Node.around(Node.java:137)
	at app//org.junit.platform.engine.support.hierarchical.NodeTestTask.lambda$executeRecursively$9(NodeTestTask.java:139)
	at app//org.junit.platform.engine.support.hierarchical.ThrowableCollector.execute(ThrowableCollector.java:73)
	at app//org.junit.platform.engine.support.hierarchical.NodeTestTask.executeRecursively(NodeTestTask.java:138)
	at app//org.junit.platform.engine.support.hierarchical.NodeTestTask.execute(NodeTestTask.java:95)
	at java.base@11.0.19/java.util.ArrayList.forEach(ArrayList.java:1541)
	at app//org.junit.platform.engine.support.hierarchical.SameThreadHierarchicalTestExecutorService.invokeAll(SameThreadHierarchicalTestExecutorService.java:41)
	at app//org.junit.platform.engine.support.hierarchical.NodeTestTask.lambda$executeRecursively$6(NodeTestTask.java:155)
	at app//org.junit.platform.engine.support.hierarchical.ThrowableCollector.execute(ThrowableCollector.java:73)
	at app//org.junit.platform.engine.support.hierarchical.NodeTestTask.lambda$executeRecursively$8(NodeTestTask.java:141)
	at app//org.junit.platform.engine.support.hierarchical.Node.around(Node.java:137)
	at app//org.junit.platform.engine.support.hierarchical.NodeTestTask.lambda$executeRecursively$9(NodeTestTask.java:139)
	at app//org.junit.platform.engine.support.hierarchical.ThrowableCollector.execute(ThrowableCollector.java:73)
	at app//org.junit.platform.engine.support.hierarchical.NodeTestTask.executeRecursively(NodeTestTask.java:138)
	at app//org.junit.platform.engine.support.hierarchical.NodeTestTask.execute(NodeTestTask.java:95)
	at java.base@11.0.19/java.util.ArrayList.forEach(ArrayList.java:1541)
	at app//org.junit.platform.engine.support.hierarchical.SameThreadHierarchicalTestExecutorService.invokeAll(SameThreadHierarchicalTestExecutorService.java:41)
	at app//org.junit.platform.engine.support.hierarchical.NodeTestTask.lambda$executeRecursively$6(NodeTestTask.java:155)
	at app//org.junit.platform.engine.support.hierarchical.ThrowableCollector.execute(ThrowableCollector.java:73)
	at app//org.junit.platform.engine.support.hierarchical.NodeTestTask.lambda$executeRecursively$8(NodeTestTask.java:141)
	at app//org.junit.platform.engine.support.hierarchical.Node.around(Node.java:137)
	at app//org.junit.platform.engine.support.hierarchical.NodeTestTask.lambda$executeRecursively$9(NodeTestTask.java:139)
	at app//org.junit.platform.engine.support.hierarchical.ThrowableCollector.execute(ThrowableCollector.java:73)
	at app//org.junit.platform.engine.support.hierarchical.NodeTestTask.executeRecursively(NodeTestTask.java:138)
	at app//org.junit.platform.engine.support.hierarchical.NodeTestTask.execute(NodeTestTask.java:95)
	at app//org.junit.platform.engine.support.hierarchical.SameThreadHierarchicalTestExecutorService.submit(SameThreadHierarchicalTestExecutorService.java:35)
	at app//org.junit.platform.engine.support.hierarchical.HierarchicalTestExecutor.execute(HierarchicalTestExecutor.java:57)
	at app//org.junit.platform.engine.support.hierarchical.HierarchicalTestEngine.execute(HierarchicalTestEngine.java:54)
	at app//org.junit.platform.launcher.core.EngineExecutionOrchestrator.execute(EngineExecutionOrchestrator.java:107)
	at app//org.junit.platform.launcher.core.EngineExecutionOrchestrator.execute(EngineExecutionOrchestrator.java:88)
	at app//org.junit.platform.launcher.core.EngineExecutionOrchestrator.lambda$execute$0(EngineExecutionOrchestrator.java:54)
	at app//org.junit.platform.launcher.core.EngineExecutionOrchestrator.withInterceptedStreams(EngineExecutionOrchestrator.java:67)
	at app//org.junit.platform.launcher.core.EngineExecutionOrchestrator.execute(EngineExecutionOrchestrator.java:52)
	at app//org.junit.platform.launcher.core.DefaultLauncher.execute(DefaultLauncher.java:114)
	at app//org.junit.platform.launcher.core.DefaultLauncher.execute(DefaultLauncher.java:86)
	at app//org.junit.platform.launcher.core.DefaultLauncherSession$DelegatingLauncher.execute(DefaultLauncherSession.java:86)
	at org.gradle.api.internal.tasks.testing.junitplatform.JUnitPlatformTestClassProcessor$CollectAllTestClassesExecutor.processAllTestClasses(JUnitPlatformTestClassProcessor.java:110)
	at org.gradle.api.internal.tasks.testing.junitplatform.JUnitPlatformTestClassProcessor$CollectAllTestClassesExecutor.access$000(JUnitPlatformTestClassProcessor.java:90)
	at org.gradle.api.internal.tasks.testing.junitplatform.JUnitPlatformTestClassProcessor.stop(JUnitPlatformTestClassProcessor.java:85)
	at org.gradle.api.internal.tasks.testing.SuiteTestClassProcessor.stop(SuiteTestClassProcessor.java:62)
	at java.base@11.0.19/jdk.internal.reflect.NativeMethodAccessorImpl.invoke0(Native Method)
	at java.base@11.0.19/jdk.internal.reflect.NativeMethodAccessorImpl.invoke(NativeMethodAccessorImpl.java:62)
	at java.base@11.0.19/jdk.internal.reflect.DelegatingMethodAccessorImpl.invoke(DelegatingMethodAccessorImpl.java:43)
	at java.base@11.0.19/java.lang.reflect.Method.invoke(Method.java:566)
	at org.gradle.internal.dispatch.ReflectionDispatch.dispatch(ReflectionDispatch.java:36)
	at org.gradle.internal.dispatch.ReflectionDispatch.dispatch(ReflectionDispatch.java:24)
	at org.gradle.internal.dispatch.ContextClassLoaderDispatch.dispatch(ContextClassLoaderDispatch.java:33)
	at org.gradle.internal.dispatch.ProxyDispatchAdapter$DispatchingInvocationHandler.invoke(ProxyDispatchAdapter.java:94)
	at com.sun.proxy.$Proxy5.stop(Unknown Source)
	at org.gradle.api.internal.tasks.testing.worker.TestWorker$3.run(TestWorker.java:193)
	at org.gradle.api.internal.tasks.testing.worker.TestWorker.executeAndMaintainThreadName(TestWorker.java:129)
	at org.gradle.api.internal.tasks.testing.worker.TestWorker.execute(TestWorker.java:100)
	at org.gradle.api.internal.tasks.testing.worker.TestWorker.execute(TestWorker.java:60)
	at org.gradle.process.internal.worker.child.ActionExecutionWorker.execute(ActionExecutionWorker.java:56)
	at org.gradle.process.internal.worker.child.SystemApplicationClassLoaderWorker.call(SystemApplicationClassLoaderWorker.java:113)
	at org.gradle.process.internal.worker.child.SystemApplicationClassLoaderWorker.call(SystemApplicationClassLoaderWorker.java:65)
	at app//worker.org.gradle.process.internal.worker.GradleWorkerMain.run(GradleWorkerMain.java:69)
	at app//worker.org.gradle.process.internal.worker.GradleWorkerMain.main(GradleWorkerMain.java:74)
Caused by: UnsolvedSymbolException{context='arg0', name='Solving arg0', cause='null'}
	at com.github.javaparser.symbolsolver.javaparsermodel.TypeExtractor.visit(TypeExtractor.java:335)
	at com.github.javaparser.symbolsolver.javaparsermodel.TypeExtractor.visit(TypeExtractor.java:65)
	at com.github.javaparser.ast.expr.NameExpr.accept(NameExpr.java:79)
	at com.github.javaparser.symbolsolver.javaparsermodel.JavaParserFacade.getTypeConcrete(JavaParserFacade.java:505)
	at com.github.javaparser.symbolsolver.javaparsermodel.JavaParserFacade.getType(JavaParserFacade.java:352)
	at com.github.javaparser.symbolsolver.javaparsermodel.JavaParserFacade.getType(JavaParserFacade.java:334)
	at com.github.javaparser.symbolsolver.JavaSymbolSolver.calculateType(JavaSymbolSolver.java:294)
	at com.github.javaparser.ast.expr.Expression.calculateResolvedType(Expression.java:573)
	at de.uka.ilkd.key.java.JP2KeYVisitor.visit(JP2KeYConverter.java:707)
	at de.uka.ilkd.key.java.JP2KeYVisitor.visit(JP2KeYConverter.java:90)
	at com.github.javaparser.ast.expr.NameExpr.accept(NameExpr.java:79)
	at de.uka.ilkd.key.java.JP2KeYVisitor.lambda$map$1(JP2KeYConverter.java:402)
	at java.base/java.util.stream.ReferencePipeline$3$1.accept(ReferencePipeline.java:195)
	at java.base/java.util.ArrayList$ArrayListSpliterator.forEachRemaining(ArrayList.java:1655)
	at java.base/java.util.stream.AbstractPipeline.copyInto(AbstractPipeline.java:484)
	at java.base/java.util.stream.AbstractPipeline.wrapAndCopyInto(AbstractPipeline.java:474)
	at java.base/java.util.stream.ReduceOps$ReduceOp.evaluateSequential(ReduceOps.java:913)
	at java.base/java.util.stream.AbstractPipeline.evaluate(AbstractPipeline.java:234)
	at java.base/java.util.stream.ReferencePipeline.collect(ReferencePipeline.java:578)
	at de.uka.ilkd.key.java.JP2KeYVisitor.map(JP2KeYConverter.java:403)
	at de.uka.ilkd.key.java.JP2KeYVisitor.visit(JP2KeYConverter.java:506)
	at de.uka.ilkd.key.java.JP2KeYVisitor.visit(JP2KeYConverter.java:90)
	at com.github.javaparser.ast.stmt.ExplicitConstructorInvocationStmt.accept(ExplicitConstructorInvocationStmt.java:96)
	at de.uka.ilkd.key.java.JP2KeYVisitor.lambda$map$1(JP2KeYConverter.java:402)
	at java.base/java.util.stream.ReferencePipeline$3$1.accept(ReferencePipeline.java:195)
	at java.base/java.util.ArrayList$ArrayListSpliterator.forEachRemaining(ArrayList.java:1655)
	at java.base/java.util.stream.AbstractPipeline.copyInto(AbstractPipeline.java:484)
	at java.base/java.util.stream.AbstractPipeline.wrapAndCopyInto(AbstractPipeline.java:474)
	at java.base/java.util.stream.ReduceOps$ReduceOp.evaluateSequential(ReduceOps.java:913)
	at java.base/java.util.stream.AbstractPipeline.evaluate(AbstractPipeline.java:234)
	at java.base/java.util.stream.ReferencePipeline.collect(ReferencePipeline.java:578)
	at de.uka.ilkd.key.java.JP2KeYVisitor.map(JP2KeYConverter.java:403)
	at de.uka.ilkd.key.java.JP2KeYVisitor.visit(JP2KeYConverter.java:258)
	at de.uka.ilkd.key.java.JP2KeYVisitor.visit(JP2KeYConverter.java:90)
	at com.github.javaparser.ast.stmt.BlockStmt.accept(BlockStmt.java:70)
	at de.uka.ilkd.key.java.JP2KeYVisitor.lambda$map$1(JP2KeYConverter.java:402)
	at java.base/java.util.stream.ReferencePipeline$3$1.accept(ReferencePipeline.java:195)
	at java.base/java.util.ArrayList$ArrayListSpliterator.forEachRemaining(ArrayList.java:1655)
	at java.base/java.util.stream.AbstractPipeline.copyInto(AbstractPipeline.java:484)
	at java.base/java.util.stream.AbstractPipeline.wrapAndCopyInto(AbstractPipeline.java:474)
	at java.base/java.util.stream.ReduceOps$ReduceOp.evaluateSequential(ReduceOps.java:913)
	at java.base/java.util.stream.AbstractPipeline.evaluate(AbstractPipeline.java:234)
	at java.base/java.util.stream.ReferencePipeline.collect(ReferencePipeline.java:578)
	at de.uka.ilkd.key.java.JP2KeYVisitor.map(JP2KeYConverter.java:403)
	at de.uka.ilkd.key.java.JP2KeYVisitor.visit(JP2KeYConverter.java:258)
	at de.uka.ilkd.key.java.JP2KeYVisitor.visit(JP2KeYConverter.java:90)
	at com.github.javaparser.ast.stmt.BlockStmt.accept(BlockStmt.java:70)
	at de.uka.ilkd.key.java.JP2KeYVisitor.accept(JP2KeYConverter.java:348)
	at de.uka.ilkd.key.java.JP2KeYVisitor.visit(JP2KeYConverter.java:946)
	at de.uka.ilkd.key.java.JP2KeYVisitor.visit(JP2KeYConverter.java:90)
	at com.github.javaparser.ast.stmt.TryStmt.accept(TryStmt.java:135)
	at de.uka.ilkd.key.java.JP2KeYVisitor.lambda$map$1(JP2KeYConverter.java:402)
	at java.base/java.util.stream.ReferencePipeline$3$1.accept(ReferencePipeline.java:195)
	at java.base/java.util.ArrayList$ArrayListSpliterator.forEachRemaining(ArrayList.java:1655)
	at java.base/java.util.stream.AbstractPipeline.copyInto(AbstractPipeline.java:484)
	at java.base/java.util.stream.AbstractPipeline.wrapAndCopyInto(AbstractPipeline.java:474)
	at java.base/java.util.stream.ReduceOps$ReduceOp.evaluateSequential(ReduceOps.java:913)
	at java.base/java.util.stream.AbstractPipeline.evaluate(AbstractPipeline.java:234)
	at java.base/java.util.stream.ReferencePipeline.collect(ReferencePipeline.java:578)
	at de.uka.ilkd.key.java.JP2KeYVisitor.map(JP2KeYConverter.java:403)
	at de.uka.ilkd.key.java.JP2KeYVisitor.visit(JP2KeYConverter.java:258)
	at de.uka.ilkd.key.java.JP2KeYVisitor.visit(JP2KeYConverter.java:90)
	at com.github.javaparser.ast.stmt.BlockStmt.accept(BlockStmt.java:70)
	at de.uka.ilkd.key.java.JP2KeYVisitor.accept(JP2KeYConverter.java:348)
	at de.uka.ilkd.key.java.JP2KeYVisitor.visit(JP2KeYConverter.java:609)
	at de.uka.ilkd.key.java.JP2KeYVisitor.visit(JP2KeYConverter.java:90)
	at com.github.javaparser.ast.stmt.IfStmt.accept(IfStmt.java:82)
	at de.uka.ilkd.key.java.JP2KeYVisitor.lambda$map$1(JP2KeYConverter.java:402)
	at java.base/java.util.stream.ReferencePipeline$3$1.accept(ReferencePipeline.java:195)
	at java.base/java.util.ArrayList$ArrayListSpliterator.forEachRemaining(ArrayList.java:1655)
	at java.base/java.util.stream.AbstractPipeline.copyInto(AbstractPipeline.java:484)
	at java.base/java.util.stream.AbstractPipeline.wrapAndCopyInto(AbstractPipeline.java:474)
	at java.base/java.util.stream.ReduceOps$ReduceOp.evaluateSequential(ReduceOps.java:913)
	at java.base/java.util.stream.AbstractPipeline.evaluate(AbstractPipeline.java:234)
	at java.base/java.util.stream.ReferencePipeline.collect(ReferencePipeline.java:578)
	at de.uka.ilkd.key.java.JP2KeYVisitor.map(JP2KeYConverter.java:403)
	at de.uka.ilkd.key.java.JP2KeYVisitor.visit(JP2KeYConverter.java:258)
	at de.uka.ilkd.key.java.JP2KeYVisitor.visit(JP2KeYConverter.java:90)
	at com.github.javaparser.ast.stmt.BlockStmt.accept(BlockStmt.java:70)
	at de.uka.ilkd.key.java.JP2KeYVisitor.accept(JP2KeYConverter.java:348)
	at de.uka.ilkd.key.java.JP2KeYVisitor.visit(JP2KeYConverter.java:609)
	at de.uka.ilkd.key.java.JP2KeYVisitor.visit(JP2KeYConverter.java:90)
	at com.github.javaparser.ast.stmt.IfStmt.accept(IfStmt.java:82)
	at de.uka.ilkd.key.java.JP2KeYVisitor.lambda$map$1(JP2KeYConverter.java:402)
	at java.base/java.util.stream.ReferencePipeline$3$1.accept(ReferencePipeline.java:195)
	at java.base/java.util.ArrayList$ArrayListSpliterator.forEachRemaining(ArrayList.java:1655)
	at java.base/java.util.stream.AbstractPipeline.copyInto(AbstractPipeline.java:484)
	at java.base/java.util.stream.AbstractPipeline.wrapAndCopyInto(AbstractPipeline.java:474)
	at java.base/java.util.stream.ReduceOps$ReduceOp.evaluateSequential(ReduceOps.java:913)
	at java.base/java.util.stream.AbstractPipeline.evaluate(AbstractPipeline.java:234)
	at java.base/java.util.stream.ReferencePipeline.collect(ReferencePipeline.java:578)
	at de.uka.ilkd.key.java.JP2KeYVisitor.map(JP2KeYConverter.java:403)
	at de.uka.ilkd.key.java.JP2KeYVisitor.visit(JP2KeYConverter.java:258)
	at de.uka.ilkd.key.java.JP2KeYVisitor.visit(JP2KeYConverter.java:90)
	at com.github.javaparser.ast.stmt.BlockStmt.accept(BlockStmt.java:70)
	at de.uka.ilkd.key.java.JP2KeYVisitor.accept(JP2KeYConverter.java:348)
	at de.uka.ilkd.key.java.JP2KeYVisitor.accepto(JP2KeYConverter.java:418)
	at de.uka.ilkd.key.java.JP2KeYVisitor.visit(JP2KeYConverter.java:688)
	at de.uka.ilkd.key.java.JP2KeYVisitor.visit(JP2KeYConverter.java:90)
	at com.github.javaparser.ast.body.MethodDeclaration.accept(MethodDeclaration.java:98)
	at de.uka.ilkd.key.java.JP2KeYVisitor.lambda$map$1(JP2KeYConverter.java:402)
	at java.base/java.util.stream.ReferencePipeline$3$1.accept(ReferencePipeline.java:195)
	at java.base/java.util.ArrayList$ArrayListSpliterator.forEachRemaining(ArrayList.java:1655)
	at java.base/java.util.stream.AbstractPipeline.copyInto(AbstractPipeline.java:484)
	at java.base/java.util.stream.AbstractPipeline.wrapAndCopyInto(AbstractPipeline.java:474)
	at java.base/java.util.stream.ReduceOps$ReduceOp.evaluateSequential(ReduceOps.java:913)
	at java.base/java.util.stream.AbstractPipeline.evaluate(AbstractPipeline.java:234)
	at java.base/java.util.stream.ReferencePipeline.collect(ReferencePipeline.java:578)
	at de.uka.ilkd.key.java.JP2KeYVisitor.map(JP2KeYConverter.java:403)
	at de.uka.ilkd.key.java.JP2KeYVisitor.visit(JP2KeYConverter.java:310)
	at de.uka.ilkd.key.java.JP2KeYVisitor.visit(JP2KeYConverter.java:90)
	at com.github.javaparser.ast.body.ClassOrInterfaceDeclaration.accept(ClassOrInterfaceDeclaration.java:95)
	at de.uka.ilkd.key.java.JP2KeYVisitor.lambda$map$1(JP2KeYConverter.java:402)
	at java.base/java.util.stream.ReferencePipeline$3$1.accept(ReferencePipeline.java:195)
	at java.base/java.util.ArrayList$ArrayListSpliterator.forEachRemaining(ArrayList.java:1655)
	at java.base/java.util.stream.AbstractPipeline.copyInto(AbstractPipeline.java:484)
	at java.base/java.util.stream.AbstractPipeline.wrapAndCopyInto(AbstractPipeline.java:474)
	at java.base/java.util.stream.ReduceOps$ReduceOp.evaluateSequential(ReduceOps.java:913)
	at java.base/java.util.stream.AbstractPipeline.evaluate(AbstractPipeline.java:234)
	at java.base/java.util.stream.ReferencePipeline.collect(ReferencePipeline.java:578)
	at de.uka.ilkd.key.java.JP2KeYVisitor.map(JP2KeYConverter.java:403)
	at de.uka.ilkd.key.java.JP2KeYVisitor.visit(JP2KeYConverter.java:393)
	at de.uka.ilkd.key.java.JP2KeYVisitor.visit(JP2KeYConverter.java:90)
	at com.github.javaparser.ast.CompilationUnit.accept(CompilationUnit.java:124)
	at de.uka.ilkd.key.java.JP2KeYConverter.process(JP2KeYConverter.java:84)
	at de.uka.ilkd.key.java.JP2KeYConverter.processCompilationUnit(JP2KeYConverter.java:80)
	at de.uka.ilkd.key.java.JavaService.parseLibraryClasses0(JavaService.java:536)
	at de.uka.ilkd.key.java.JavaService.parseSpecialClasses(JavaService.java:511)
	at de.uka.ilkd.key.java.JavaService.recoderCompilationUnitsAsFiles(JavaService.java:174)
	at de.uka.ilkd.key.java.JavaService.readCompilationUnitsAsFiles(JavaService.java:150)
	at de.uka.ilkd.key.proof.init.ProblemInitializer.readJava(ProblemInitializer.java:277)
	at de.uka.ilkd.key.proof.init.ProblemInitializer.prepare(ProblemInitializer.java:529)
	at de.uka.ilkd.key.proof.init.ProblemInitializer.prepare(ProblemInitializer.java:471)
	at de.uka.ilkd.key.proof.io.AbstractProblemLoader.createInitConfig(AbstractProblemLoader.java:558)
	at de.uka.ilkd.key.proof.io.AbstractProblemLoader.loadEnvironment(AbstractProblemLoader.java:318)
	at de.uka.ilkd.key.proof.io.AbstractProblemLoader.load(AbstractProblemLoader.java:276)
	at de.uka.ilkd.key.proof.io.AbstractProblemLoader.load(AbstractProblemLoader.java:258)
	at de.uka.ilkd.key.control.AbstractUserInterfaceControl.load(AbstractUserInterfaceControl.java:212)
	... 91 more
</failure>
  </testcase>
  <testcase name="testDirectProof()" classname="de.uka.ilkd.key.util.TestProofStarter" time="0.204">
    <failure message="Unsolved symbol in arg0 : Solving arg0 (file: src\test\resources\testcase\proofStarter\CC\project.key; caused by: UnsolvedSymbolException{context='arg0', name='Solving arg0', cause='null'})" type="de.uka.ilkd.key.proof.io.ProblemLoaderException">Unsolved symbol in arg0 : Solving arg0 (file: src\test\resources\testcase\proofStarter\CC\project.key; caused by: UnsolvedSymbolException{context='arg0', name='Solving arg0', cause='null'})
	at app//de.uka.ilkd.key.control.AbstractUserInterfaceControl.load(AbstractUserInterfaceControl.java:225)
	at app//de.uka.ilkd.key.control.KeYEnvironment.load(KeYEnvironment.java:282)
	at app//de.uka.ilkd.key.control.KeYEnvironment.load(KeYEnvironment.java:251)
	at app//de.uka.ilkd.key.control.KeYEnvironment.load(KeYEnvironment.java:225)
	at app//de.uka.ilkd.key.control.KeYEnvironment.load(KeYEnvironment.java:185)
	at app//de.uka.ilkd.key.util.TestProofStarter.doProofStarter(TestProofStarter.java:61)
	at app//de.uka.ilkd.key.util.TestProofStarter.testDirectProof(TestProofStarter.java:32)
	at java.base@11.0.19/jdk.internal.reflect.NativeMethodAccessorImpl.invoke0(Native Method)
	at java.base@11.0.19/jdk.internal.reflect.NativeMethodAccessorImpl.invoke(NativeMethodAccessorImpl.java:62)
	at java.base@11.0.19/jdk.internal.reflect.DelegatingMethodAccessorImpl.invoke(DelegatingMethodAccessorImpl.java:43)
	at java.base@11.0.19/java.lang.reflect.Method.invoke(Method.java:566)
	at app//org.junit.platform.commons.util.ReflectionUtils.invokeMethod(ReflectionUtils.java:727)
	at app//org.junit.jupiter.engine.execution.MethodInvocation.proceed(MethodInvocation.java:60)
	at app//org.junit.jupiter.engine.execution.InvocationInterceptorChain$ValidatingInvocation.proceed(InvocationInterceptorChain.java:131)
	at app//org.junit.jupiter.engine.extension.SameThreadTimeoutInvocation.proceed(SameThreadTimeoutInvocation.java:45)
	at app//org.junit.jupiter.engine.extension.TimeoutExtension.intercept(TimeoutExtension.java:156)
	at app//org.junit.jupiter.engine.extension.TimeoutExtension.interceptTestableMethod(TimeoutExtension.java:147)
	at app//org.junit.jupiter.engine.extension.TimeoutExtension.interceptTestMethod(TimeoutExtension.java:86)
	at app//org.junit.jupiter.engine.execution.InterceptingExecutableInvoker$ReflectiveInterceptorCall.lambda$ofVoidMethod$0(InterceptingExecutableInvoker.java:103)
	at app//org.junit.jupiter.engine.execution.InterceptingExecutableInvoker.lambda$invoke$0(InterceptingExecutableInvoker.java:93)
	at app//org.junit.jupiter.engine.execution.InvocationInterceptorChain$InterceptedInvocation.proceed(InvocationInterceptorChain.java:106)
	at app//org.junit.jupiter.engine.execution.InvocationInterceptorChain.proceed(InvocationInterceptorChain.java:64)
	at app//org.junit.jupiter.engine.execution.InvocationInterceptorChain.chainAndInvoke(InvocationInterceptorChain.java:45)
	at app//org.junit.jupiter.engine.execution.InvocationInterceptorChain.invoke(InvocationInterceptorChain.java:37)
	at app//org.junit.jupiter.engine.execution.InterceptingExecutableInvoker.invoke(InterceptingExecutableInvoker.java:92)
	at app//org.junit.jupiter.engine.execution.InterceptingExecutableInvoker.invoke(InterceptingExecutableInvoker.java:86)
	at app//org.junit.jupiter.engine.descriptor.TestMethodTestDescriptor.lambda$invokeTestMethod$7(TestMethodTestDescriptor.java:217)
	at app//org.junit.platform.engine.support.hierarchical.ThrowableCollector.execute(ThrowableCollector.java:73)
	at app//org.junit.jupiter.engine.descriptor.TestMethodTestDescriptor.invokeTestMethod(TestMethodTestDescriptor.java:213)
	at app//org.junit.jupiter.engine.descriptor.TestMethodTestDescriptor.execute(TestMethodTestDescriptor.java:138)
	at app//org.junit.jupiter.engine.descriptor.TestMethodTestDescriptor.execute(TestMethodTestDescriptor.java:68)
	at app//org.junit.platform.engine.support.hierarchical.NodeTestTask.lambda$executeRecursively$6(NodeTestTask.java:151)
	at app//org.junit.platform.engine.support.hierarchical.ThrowableCollector.execute(ThrowableCollector.java:73)
	at app//org.junit.platform.engine.support.hierarchical.NodeTestTask.lambda$executeRecursively$8(NodeTestTask.java:141)
	at app//org.junit.platform.engine.support.hierarchical.Node.around(Node.java:137)
	at app//org.junit.platform.engine.support.hierarchical.NodeTestTask.lambda$executeRecursively$9(NodeTestTask.java:139)
	at app//org.junit.platform.engine.support.hierarchical.ThrowableCollector.execute(ThrowableCollector.java:73)
	at app//org.junit.platform.engine.support.hierarchical.NodeTestTask.executeRecursively(NodeTestTask.java:138)
	at app//org.junit.platform.engine.support.hierarchical.NodeTestTask.execute(NodeTestTask.java:95)
	at java.base@11.0.19/java.util.ArrayList.forEach(ArrayList.java:1541)
	at app//org.junit.platform.engine.support.hierarchical.SameThreadHierarchicalTestExecutorService.invokeAll(SameThreadHierarchicalTestExecutorService.java:41)
	at app//org.junit.platform.engine.support.hierarchical.NodeTestTask.lambda$executeRecursively$6(NodeTestTask.java:155)
	at app//org.junit.platform.engine.support.hierarchical.ThrowableCollector.execute(ThrowableCollector.java:73)
	at app//org.junit.platform.engine.support.hierarchical.NodeTestTask.lambda$executeRecursively$8(NodeTestTask.java:141)
	at app//org.junit.platform.engine.support.hierarchical.Node.around(Node.java:137)
	at app//org.junit.platform.engine.support.hierarchical.NodeTestTask.lambda$executeRecursively$9(NodeTestTask.java:139)
	at app//org.junit.platform.engine.support.hierarchical.ThrowableCollector.execute(ThrowableCollector.java:73)
	at app//org.junit.platform.engine.support.hierarchical.NodeTestTask.executeRecursively(NodeTestTask.java:138)
	at app//org.junit.platform.engine.support.hierarchical.NodeTestTask.execute(NodeTestTask.java:95)
	at java.base@11.0.19/java.util.ArrayList.forEach(ArrayList.java:1541)
	at app//org.junit.platform.engine.support.hierarchical.SameThreadHierarchicalTestExecutorService.invokeAll(SameThreadHierarchicalTestExecutorService.java:41)
	at app//org.junit.platform.engine.support.hierarchical.NodeTestTask.lambda$executeRecursively$6(NodeTestTask.java:155)
	at app//org.junit.platform.engine.support.hierarchical.ThrowableCollector.execute(ThrowableCollector.java:73)
	at app//org.junit.platform.engine.support.hierarchical.NodeTestTask.lambda$executeRecursively$8(NodeTestTask.java:141)
	at app//org.junit.platform.engine.support.hierarchical.Node.around(Node.java:137)
	at app//org.junit.platform.engine.support.hierarchical.NodeTestTask.lambda$executeRecursively$9(NodeTestTask.java:139)
	at app//org.junit.platform.engine.support.hierarchical.ThrowableCollector.execute(ThrowableCollector.java:73)
	at app//org.junit.platform.engine.support.hierarchical.NodeTestTask.executeRecursively(NodeTestTask.java:138)
	at app//org.junit.platform.engine.support.hierarchical.NodeTestTask.execute(NodeTestTask.java:95)
	at app//org.junit.platform.engine.support.hierarchical.SameThreadHierarchicalTestExecutorService.submit(SameThreadHierarchicalTestExecutorService.java:35)
	at app//org.junit.platform.engine.support.hierarchical.HierarchicalTestExecutor.execute(HierarchicalTestExecutor.java:57)
	at app//org.junit.platform.engine.support.hierarchical.HierarchicalTestEngine.execute(HierarchicalTestEngine.java:54)
	at app//org.junit.platform.launcher.core.EngineExecutionOrchestrator.execute(EngineExecutionOrchestrator.java:107)
	at app//org.junit.platform.launcher.core.EngineExecutionOrchestrator.execute(EngineExecutionOrchestrator.java:88)
	at app//org.junit.platform.launcher.core.EngineExecutionOrchestrator.lambda$execute$0(EngineExecutionOrchestrator.java:54)
	at app//org.junit.platform.launcher.core.EngineExecutionOrchestrator.withInterceptedStreams(EngineExecutionOrchestrator.java:67)
	at app//org.junit.platform.launcher.core.EngineExecutionOrchestrator.execute(EngineExecutionOrchestrator.java:52)
	at app//org.junit.platform.launcher.core.DefaultLauncher.execute(DefaultLauncher.java:114)
	at app//org.junit.platform.launcher.core.DefaultLauncher.execute(DefaultLauncher.java:86)
	at app//org.junit.platform.launcher.core.DefaultLauncherSession$DelegatingLauncher.execute(DefaultLauncherSession.java:86)
	at org.gradle.api.internal.tasks.testing.junitplatform.JUnitPlatformTestClassProcessor$CollectAllTestClassesExecutor.processAllTestClasses(JUnitPlatformTestClassProcessor.java:110)
	at org.gradle.api.internal.tasks.testing.junitplatform.JUnitPlatformTestClassProcessor$CollectAllTestClassesExecutor.access$000(JUnitPlatformTestClassProcessor.java:90)
	at org.gradle.api.internal.tasks.testing.junitplatform.JUnitPlatformTestClassProcessor.stop(JUnitPlatformTestClassProcessor.java:85)
	at org.gradle.api.internal.tasks.testing.SuiteTestClassProcessor.stop(SuiteTestClassProcessor.java:62)
	at java.base@11.0.19/jdk.internal.reflect.NativeMethodAccessorImpl.invoke0(Native Method)
	at java.base@11.0.19/jdk.internal.reflect.NativeMethodAccessorImpl.invoke(NativeMethodAccessorImpl.java:62)
	at java.base@11.0.19/jdk.internal.reflect.DelegatingMethodAccessorImpl.invoke(DelegatingMethodAccessorImpl.java:43)
	at java.base@11.0.19/java.lang.reflect.Method.invoke(Method.java:566)
	at org.gradle.internal.dispatch.ReflectionDispatch.dispatch(ReflectionDispatch.java:36)
	at org.gradle.internal.dispatch.ReflectionDispatch.dispatch(ReflectionDispatch.java:24)
	at org.gradle.internal.dispatch.ContextClassLoaderDispatch.dispatch(ContextClassLoaderDispatch.java:33)
	at org.gradle.internal.dispatch.ProxyDispatchAdapter$DispatchingInvocationHandler.invoke(ProxyDispatchAdapter.java:94)
	at com.sun.proxy.$Proxy5.stop(Unknown Source)
	at org.gradle.api.internal.tasks.testing.worker.TestWorker$3.run(TestWorker.java:193)
	at org.gradle.api.internal.tasks.testing.worker.TestWorker.executeAndMaintainThreadName(TestWorker.java:129)
	at org.gradle.api.internal.tasks.testing.worker.TestWorker.execute(TestWorker.java:100)
	at org.gradle.api.internal.tasks.testing.worker.TestWorker.execute(TestWorker.java:60)
	at org.gradle.process.internal.worker.child.ActionExecutionWorker.execute(ActionExecutionWorker.java:56)
	at org.gradle.process.internal.worker.child.SystemApplicationClassLoaderWorker.call(SystemApplicationClassLoaderWorker.java:113)
	at org.gradle.process.internal.worker.child.SystemApplicationClassLoaderWorker.call(SystemApplicationClassLoaderWorker.java:65)
	at app//worker.org.gradle.process.internal.worker.GradleWorkerMain.run(GradleWorkerMain.java:69)
	at app//worker.org.gradle.process.internal.worker.GradleWorkerMain.main(GradleWorkerMain.java:74)
Caused by: UnsolvedSymbolException{context='arg0', name='Solving arg0', cause='null'}
	at com.github.javaparser.symbolsolver.javaparsermodel.TypeExtractor.visit(TypeExtractor.java:335)
	at com.github.javaparser.symbolsolver.javaparsermodel.TypeExtractor.visit(TypeExtractor.java:65)
	at com.github.javaparser.ast.expr.NameExpr.accept(NameExpr.java:79)
	at com.github.javaparser.symbolsolver.javaparsermodel.JavaParserFacade.getTypeConcrete(JavaParserFacade.java:505)
	at com.github.javaparser.symbolsolver.javaparsermodel.JavaParserFacade.getType(JavaParserFacade.java:352)
	at com.github.javaparser.symbolsolver.javaparsermodel.JavaParserFacade.getType(JavaParserFacade.java:334)
	at com.github.javaparser.symbolsolver.JavaSymbolSolver.calculateType(JavaSymbolSolver.java:294)
	at com.github.javaparser.ast.expr.Expression.calculateResolvedType(Expression.java:573)
	at de.uka.ilkd.key.java.JP2KeYVisitor.visit(JP2KeYConverter.java:707)
	at de.uka.ilkd.key.java.JP2KeYVisitor.visit(JP2KeYConverter.java:90)
	at com.github.javaparser.ast.expr.NameExpr.accept(NameExpr.java:79)
	at de.uka.ilkd.key.java.JP2KeYVisitor.lambda$map$1(JP2KeYConverter.java:402)
	at java.base/java.util.stream.ReferencePipeline$3$1.accept(ReferencePipeline.java:195)
	at java.base/java.util.ArrayList$ArrayListSpliterator.forEachRemaining(ArrayList.java:1655)
	at java.base/java.util.stream.AbstractPipeline.copyInto(AbstractPipeline.java:484)
	at java.base/java.util.stream.AbstractPipeline.wrapAndCopyInto(AbstractPipeline.java:474)
	at java.base/java.util.stream.ReduceOps$ReduceOp.evaluateSequential(ReduceOps.java:913)
	at java.base/java.util.stream.AbstractPipeline.evaluate(AbstractPipeline.java:234)
	at java.base/java.util.stream.ReferencePipeline.collect(ReferencePipeline.java:578)
	at de.uka.ilkd.key.java.JP2KeYVisitor.map(JP2KeYConverter.java:403)
	at de.uka.ilkd.key.java.JP2KeYVisitor.visit(JP2KeYConverter.java:506)
	at de.uka.ilkd.key.java.JP2KeYVisitor.visit(JP2KeYConverter.java:90)
	at com.github.javaparser.ast.stmt.ExplicitConstructorInvocationStmt.accept(ExplicitConstructorInvocationStmt.java:96)
	at de.uka.ilkd.key.java.JP2KeYVisitor.lambda$map$1(JP2KeYConverter.java:402)
	at java.base/java.util.stream.ReferencePipeline$3$1.accept(ReferencePipeline.java:195)
	at java.base/java.util.ArrayList$ArrayListSpliterator.forEachRemaining(ArrayList.java:1655)
	at java.base/java.util.stream.AbstractPipeline.copyInto(AbstractPipeline.java:484)
	at java.base/java.util.stream.AbstractPipeline.wrapAndCopyInto(AbstractPipeline.java:474)
	at java.base/java.util.stream.ReduceOps$ReduceOp.evaluateSequential(ReduceOps.java:913)
	at java.base/java.util.stream.AbstractPipeline.evaluate(AbstractPipeline.java:234)
	at java.base/java.util.stream.ReferencePipeline.collect(ReferencePipeline.java:578)
	at de.uka.ilkd.key.java.JP2KeYVisitor.map(JP2KeYConverter.java:403)
	at de.uka.ilkd.key.java.JP2KeYVisitor.visit(JP2KeYConverter.java:258)
	at de.uka.ilkd.key.java.JP2KeYVisitor.visit(JP2KeYConverter.java:90)
	at com.github.javaparser.ast.stmt.BlockStmt.accept(BlockStmt.java:70)
	at de.uka.ilkd.key.java.JP2KeYVisitor.lambda$map$1(JP2KeYConverter.java:402)
	at java.base/java.util.stream.ReferencePipeline$3$1.accept(ReferencePipeline.java:195)
	at java.base/java.util.ArrayList$ArrayListSpliterator.forEachRemaining(ArrayList.java:1655)
	at java.base/java.util.stream.AbstractPipeline.copyInto(AbstractPipeline.java:484)
	at java.base/java.util.stream.AbstractPipeline.wrapAndCopyInto(AbstractPipeline.java:474)
	at java.base/java.util.stream.ReduceOps$ReduceOp.evaluateSequential(ReduceOps.java:913)
	at java.base/java.util.stream.AbstractPipeline.evaluate(AbstractPipeline.java:234)
	at java.base/java.util.stream.ReferencePipeline.collect(ReferencePipeline.java:578)
	at de.uka.ilkd.key.java.JP2KeYVisitor.map(JP2KeYConverter.java:403)
	at de.uka.ilkd.key.java.JP2KeYVisitor.visit(JP2KeYConverter.java:258)
	at de.uka.ilkd.key.java.JP2KeYVisitor.visit(JP2KeYConverter.java:90)
	at com.github.javaparser.ast.stmt.BlockStmt.accept(BlockStmt.java:70)
	at de.uka.ilkd.key.java.JP2KeYVisitor.accept(JP2KeYConverter.java:348)
	at de.uka.ilkd.key.java.JP2KeYVisitor.visit(JP2KeYConverter.java:946)
	at de.uka.ilkd.key.java.JP2KeYVisitor.visit(JP2KeYConverter.java:90)
	at com.github.javaparser.ast.stmt.TryStmt.accept(TryStmt.java:135)
	at de.uka.ilkd.key.java.JP2KeYVisitor.lambda$map$1(JP2KeYConverter.java:402)
	at java.base/java.util.stream.ReferencePipeline$3$1.accept(ReferencePipeline.java:195)
	at java.base/java.util.ArrayList$ArrayListSpliterator.forEachRemaining(ArrayList.java:1655)
	at java.base/java.util.stream.AbstractPipeline.copyInto(AbstractPipeline.java:484)
	at java.base/java.util.stream.AbstractPipeline.wrapAndCopyInto(AbstractPipeline.java:474)
	at java.base/java.util.stream.ReduceOps$ReduceOp.evaluateSequential(ReduceOps.java:913)
	at java.base/java.util.stream.AbstractPipeline.evaluate(AbstractPipeline.java:234)
	at java.base/java.util.stream.ReferencePipeline.collect(ReferencePipeline.java:578)
	at de.uka.ilkd.key.java.JP2KeYVisitor.map(JP2KeYConverter.java:403)
	at de.uka.ilkd.key.java.JP2KeYVisitor.visit(JP2KeYConverter.java:258)
	at de.uka.ilkd.key.java.JP2KeYVisitor.visit(JP2KeYConverter.java:90)
	at com.github.javaparser.ast.stmt.BlockStmt.accept(BlockStmt.java:70)
	at de.uka.ilkd.key.java.JP2KeYVisitor.accept(JP2KeYConverter.java:348)
	at de.uka.ilkd.key.java.JP2KeYVisitor.visit(JP2KeYConverter.java:609)
	at de.uka.ilkd.key.java.JP2KeYVisitor.visit(JP2KeYConverter.java:90)
	at com.github.javaparser.ast.stmt.IfStmt.accept(IfStmt.java:82)
	at de.uka.ilkd.key.java.JP2KeYVisitor.lambda$map$1(JP2KeYConverter.java:402)
	at java.base/java.util.stream.ReferencePipeline$3$1.accept(ReferencePipeline.java:195)
	at java.base/java.util.ArrayList$ArrayListSpliterator.forEachRemaining(ArrayList.java:1655)
	at java.base/java.util.stream.AbstractPipeline.copyInto(AbstractPipeline.java:484)
	at java.base/java.util.stream.AbstractPipeline.wrapAndCopyInto(AbstractPipeline.java:474)
	at java.base/java.util.stream.ReduceOps$ReduceOp.evaluateSequential(ReduceOps.java:913)
	at java.base/java.util.stream.AbstractPipeline.evaluate(AbstractPipeline.java:234)
	at java.base/java.util.stream.ReferencePipeline.collect(ReferencePipeline.java:578)
	at de.uka.ilkd.key.java.JP2KeYVisitor.map(JP2KeYConverter.java:403)
	at de.uka.ilkd.key.java.JP2KeYVisitor.visit(JP2KeYConverter.java:258)
	at de.uka.ilkd.key.java.JP2KeYVisitor.visit(JP2KeYConverter.java:90)
	at com.github.javaparser.ast.stmt.BlockStmt.accept(BlockStmt.java:70)
	at de.uka.ilkd.key.java.JP2KeYVisitor.accept(JP2KeYConverter.java:348)
	at de.uka.ilkd.key.java.JP2KeYVisitor.visit(JP2KeYConverter.java:609)
	at de.uka.ilkd.key.java.JP2KeYVisitor.visit(JP2KeYConverter.java:90)
	at com.github.javaparser.ast.stmt.IfStmt.accept(IfStmt.java:82)
	at de.uka.ilkd.key.java.JP2KeYVisitor.lambda$map$1(JP2KeYConverter.java:402)
	at java.base/java.util.stream.ReferencePipeline$3$1.accept(ReferencePipeline.java:195)
	at java.base/java.util.ArrayList$ArrayListSpliterator.forEachRemaining(ArrayList.java:1655)
	at java.base/java.util.stream.AbstractPipeline.copyInto(AbstractPipeline.java:484)
	at java.base/java.util.stream.AbstractPipeline.wrapAndCopyInto(AbstractPipeline.java:474)
	at java.base/java.util.stream.ReduceOps$ReduceOp.evaluateSequential(ReduceOps.java:913)
	at java.base/java.util.stream.AbstractPipeline.evaluate(AbstractPipeline.java:234)
	at java.base/java.util.stream.ReferencePipeline.collect(ReferencePipeline.java:578)
	at de.uka.ilkd.key.java.JP2KeYVisitor.map(JP2KeYConverter.java:403)
	at de.uka.ilkd.key.java.JP2KeYVisitor.visit(JP2KeYConverter.java:258)
	at de.uka.ilkd.key.java.JP2KeYVisitor.visit(JP2KeYConverter.java:90)
	at com.github.javaparser.ast.stmt.BlockStmt.accept(BlockStmt.java:70)
	at de.uka.ilkd.key.java.JP2KeYVisitor.accept(JP2KeYConverter.java:348)
	at de.uka.ilkd.key.java.JP2KeYVisitor.accepto(JP2KeYConverter.java:418)
	at de.uka.ilkd.key.java.JP2KeYVisitor.visit(JP2KeYConverter.java:688)
	at de.uka.ilkd.key.java.JP2KeYVisitor.visit(JP2KeYConverter.java:90)
	at com.github.javaparser.ast.body.MethodDeclaration.accept(MethodDeclaration.java:98)
	at de.uka.ilkd.key.java.JP2KeYVisitor.lambda$map$1(JP2KeYConverter.java:402)
	at java.base/java.util.stream.ReferencePipeline$3$1.accept(ReferencePipeline.java:195)
	at java.base/java.util.ArrayList$ArrayListSpliterator.forEachRemaining(ArrayList.java:1655)
	at java.base/java.util.stream.AbstractPipeline.copyInto(AbstractPipeline.java:484)
	at java.base/java.util.stream.AbstractPipeline.wrapAndCopyInto(AbstractPipeline.java:474)
	at java.base/java.util.stream.ReduceOps$ReduceOp.evaluateSequential(ReduceOps.java:913)
	at java.base/java.util.stream.AbstractPipeline.evaluate(AbstractPipeline.java:234)
	at java.base/java.util.stream.ReferencePipeline.collect(ReferencePipeline.java:578)
	at de.uka.ilkd.key.java.JP2KeYVisitor.map(JP2KeYConverter.java:403)
	at de.uka.ilkd.key.java.JP2KeYVisitor.visit(JP2KeYConverter.java:310)
	at de.uka.ilkd.key.java.JP2KeYVisitor.visit(JP2KeYConverter.java:90)
	at com.github.javaparser.ast.body.ClassOrInterfaceDeclaration.accept(ClassOrInterfaceDeclaration.java:95)
	at de.uka.ilkd.key.java.JP2KeYVisitor.lambda$map$1(JP2KeYConverter.java:402)
	at java.base/java.util.stream.ReferencePipeline$3$1.accept(ReferencePipeline.java:195)
	at java.base/java.util.ArrayList$ArrayListSpliterator.forEachRemaining(ArrayList.java:1655)
	at java.base/java.util.stream.AbstractPipeline.copyInto(AbstractPipeline.java:484)
	at java.base/java.util.stream.AbstractPipeline.wrapAndCopyInto(AbstractPipeline.java:474)
	at java.base/java.util.stream.ReduceOps$ReduceOp.evaluateSequential(ReduceOps.java:913)
	at java.base/java.util.stream.AbstractPipeline.evaluate(AbstractPipeline.java:234)
	at java.base/java.util.stream.ReferencePipeline.collect(ReferencePipeline.java:578)
	at de.uka.ilkd.key.java.JP2KeYVisitor.map(JP2KeYConverter.java:403)
	at de.uka.ilkd.key.java.JP2KeYVisitor.visit(JP2KeYConverter.java:393)
	at de.uka.ilkd.key.java.JP2KeYVisitor.visit(JP2KeYConverter.java:90)
	at com.github.javaparser.ast.CompilationUnit.accept(CompilationUnit.java:124)
	at de.uka.ilkd.key.java.JP2KeYConverter.process(JP2KeYConverter.java:84)
	at de.uka.ilkd.key.java.JP2KeYConverter.processCompilationUnit(JP2KeYConverter.java:80)
	at de.uka.ilkd.key.java.JavaService.parseLibraryClasses0(JavaService.java:536)
	at de.uka.ilkd.key.java.JavaService.parseSpecialClasses(JavaService.java:511)
	at de.uka.ilkd.key.java.JavaService.recoderCompilationUnitsAsFiles(JavaService.java:174)
	at de.uka.ilkd.key.java.JavaService.readCompilationUnitsAsFiles(JavaService.java:150)
	at de.uka.ilkd.key.proof.init.ProblemInitializer.readJava(ProblemInitializer.java:277)
	at de.uka.ilkd.key.proof.init.ProblemInitializer.prepare(ProblemInitializer.java:529)
	at de.uka.ilkd.key.proof.init.ProblemInitializer.prepare(ProblemInitializer.java:471)
	at de.uka.ilkd.key.proof.io.AbstractProblemLoader.createInitConfig(AbstractProblemLoader.java:558)
	at de.uka.ilkd.key.proof.io.AbstractProblemLoader.loadEnvironment(AbstractProblemLoader.java:318)
	at de.uka.ilkd.key.proof.io.AbstractProblemLoader.load(AbstractProblemLoader.java:276)
	at de.uka.ilkd.key.proof.io.AbstractProblemLoader.load(AbstractProblemLoader.java:258)
	at de.uka.ilkd.key.control.AbstractUserInterfaceControl.load(AbstractUserInterfaceControl.java:212)
	... 91 more
</failure>
  </testcase>
  <system-out><![CDATA[]]></system-out>
  <system-err><![CDATA[148848     INFO  Test worker     d.u.i.k.p.i.AbstractProblemLoader Loading environment from src\test\resources\testcase\proofStarter\CC\project.key 
148848     DEBUG Test worker     d.u.i.k.p.i.AbstractProblemLoader Environment load took 109.5ns 
148848     INFO  Test worker     d.u.i.k.p.i.AbstractProblemLoader Creating init config 
149004     ERROR Test worker     d.u.i.k.j.KeYJPMapping    Duplicate registration of node: boolean, formerNode: /*@ pure @*/
boolean 
149004     ERROR Test worker     d.u.i.k.j.KeYJPMapping    Duplicate registration of node: @(this.$classPrepared), formerNode: @($clprepare()) 
149004     ERROR Test worker     d.u.i.k.j.KeYJPMapping    Duplicate registration of node: @($classErroneous), formerNode: @($clprepare()) 
149004     ERROR Test worker     d.u.i.k.j.KeYJPMapping    Duplicate registration of node: @($classInitializationInProgress), formerNode: @($clprepare()) 
149004     ERROR Test worker     d.u.i.k.j.KeYJPMapping    Duplicate registration of node: @($classErroneous) = true, formerNode: @($classInitializationInProgress) = true 
149004     ERROR Test worker     d.u.i.k.j.KeYJPMapping    Duplicate registration of node: @($classErroneous) = false, formerNode: @($classInitializationInProgress) = false 
149004     ERROR Test worker     d.u.i.k.j.KeYJPMapping    Duplicate registration of node: @($classInitialized), formerNode: @($clprepare()) 
149004     ERROR Test worker     d.u.i.k.j.KeYJPMapping    Duplicate registration of node: @($classInitialized) = true, formerNode: @($classInitializationInProgress) = true 
149004     ERROR Test worker     d.u.i.k.j.KeYJPMapping    Duplicate registration of node: !@($classInitializationInProgress), formerNode: !@(this.$classPrepared) 
149020     ERROR Test worker     d.u.i.k.j.KeYJPMapping    Duplicate registration of node: !@($classInitialized), formerNode: !@(this.$classPrepared) 
149020     ERROR Test worker     d.u.i.k.j.KeYJPMapping    Duplicate registration of node: Object, formerNode: java.lang.Object 
149020     ERROR Test worker     d.u.i.k.j.KeYJPMapping    Duplicate registration of node: Object, formerNode: java.lang.Object 
149020     ERROR Test worker     d.u.i.k.j.KeYJPMapping    Duplicate registration of node: Annotation, formerNode: Annotation 
149020     ERROR Test worker     d.u.i.k.j.KeYJPMapping    Duplicate registration of node: @(java.lang.RuntimeException.$clinit()), formerNode: @($clprepare()) 
149020     INFO  Test worker     d.u.i.k.p.i.AbstractProblemLoader Loading environment from src\test\resources\testcase\proofStarter\CC\project.key 
149020     DEBUG Test worker     d.u.i.k.p.i.AbstractProblemLoader Environment load took 317.4ns 
149020     INFO  Test worker     d.u.i.k.p.i.AbstractProblemLoader Creating init config 
149223     ERROR Test worker     d.u.i.k.j.KeYJPMapping    Duplicate registration of node: boolean, formerNode: /*@ pure @*/
boolean 
149223     ERROR Test worker     d.u.i.k.j.KeYJPMapping    Duplicate registration of node: @(this.$classPrepared), formerNode: @($clprepare()) 
149223     ERROR Test worker     d.u.i.k.j.KeYJPMapping    Duplicate registration of node: @($classErroneous), formerNode: @($clprepare()) 
149223     ERROR Test worker     d.u.i.k.j.KeYJPMapping    Duplicate registration of node: @($classInitializationInProgress), formerNode: @($clprepare()) 
149223     ERROR Test worker     d.u.i.k.j.KeYJPMapping    Duplicate registration of node: @($classErroneous) = true, formerNode: @($classInitializationInProgress) = true 
149223     ERROR Test worker     d.u.i.k.j.KeYJPMapping    Duplicate registration of node: @($classErroneous) = false, formerNode: @($classInitializationInProgress) = false 
149223     ERROR Test worker     d.u.i.k.j.KeYJPMapping    Duplicate registration of node: @($classInitialized), formerNode: @($clprepare()) 
149223     ERROR Test worker     d.u.i.k.j.KeYJPMapping    Duplicate registration of node: @($classInitialized) = true, formerNode: @($classInitializationInProgress) = true 
149223     ERROR Test worker     d.u.i.k.j.KeYJPMapping    Duplicate registration of node: !@($classInitializationInProgress), formerNode: !@(this.$classPrepared) 
149223     ERROR Test worker     d.u.i.k.j.KeYJPMapping    Duplicate registration of node: !@($classInitialized), formerNode: !@(this.$classPrepared) 
149223     ERROR Test worker     d.u.i.k.j.KeYJPMapping    Duplicate registration of node: Object, formerNode: java.lang.Object 
149223     ERROR Test worker     d.u.i.k.j.KeYJPMapping    Duplicate registration of node: Object, formerNode: java.lang.Object 
149223     ERROR Test worker     d.u.i.k.j.KeYJPMapping    Duplicate registration of node: Annotation, formerNode: Annotation 
149223     ERROR Test worker     d.u.i.k.j.KeYJPMapping    Duplicate registration of node: @(java.lang.RuntimeException.$clinit()), formerNode: @($clprepare()) 
]]></system-err>
</testsuite>
