<?xml version="1.0" encoding="UTF-8"?>
<testsuite name="de.uka.ilkd.key.rule.TestApplyTaclet" tests="29" skipped="0" failures="29" errors="0" timestamp="2023-06-03T16:58:08" hostname="fv-az553-997" time="5.865">
  <properties/>
  <testcase name="testCatchList()" classname="de.uka.ilkd.key.rule.TestApplyTaclet" time="0.24">
    <failure message="java.lang.RuntimeException: Exception occurred while parsing src\test\resources\testcase\testrules.key" type="java.lang.RuntimeException">java.lang.RuntimeException: Exception occurred while parsing src\test\resources\testcase\testrules.key
	at de.uka.ilkd.key.rule.TacletForTests.parse(TacletForTests.java:89)
	at de.uka.ilkd.key.rule.TacletForTests.parse(TacletForTests.java:125)
	at de.uka.ilkd.key.rule.TacletForTests.parse(TacletForTests.java:129)
	at de.uka.ilkd.key.rule.TestApplyTaclet.setUp(TestApplyTaclet.java:75)
	at java.base/jdk.internal.reflect.NativeMethodAccessorImpl.invoke0(Native Method)
	at java.base/jdk.internal.reflect.NativeMethodAccessorImpl.invoke(NativeMethodAccessorImpl.java:62)
	at java.base/jdk.internal.reflect.DelegatingMethodAccessorImpl.invoke(DelegatingMethodAccessorImpl.java:43)
	at java.base/java.lang.reflect.Method.invoke(Method.java:566)
	at org.junit.platform.commons.util.ReflectionUtils.invokeMethod(ReflectionUtils.java:727)
	at org.junit.jupiter.engine.execution.MethodInvocation.proceed(MethodInvocation.java:60)
	at org.junit.jupiter.engine.execution.InvocationInterceptorChain$ValidatingInvocation.proceed(InvocationInterceptorChain.java:131)
	at org.junit.jupiter.engine.extension.TimeoutExtension.intercept(TimeoutExtension.java:156)
	at org.junit.jupiter.engine.extension.TimeoutExtension.interceptLifecycleMethod(TimeoutExtension.java:128)
	at org.junit.jupiter.engine.extension.TimeoutExtension.interceptBeforeEachMethod(TimeoutExtension.java:78)
	at org.junit.jupiter.engine.execution.InterceptingExecutableInvoker$ReflectiveInterceptorCall.lambda$ofVoidMethod$0(InterceptingExecutableInvoker.java:103)
	at org.junit.jupiter.engine.execution.InterceptingExecutableInvoker.lambda$invoke$0(InterceptingExecutableInvoker.java:93)
	at org.junit.jupiter.engine.execution.InvocationInterceptorChain$InterceptedInvocation.proceed(InvocationInterceptorChain.java:106)
	at org.junit.jupiter.engine.execution.InvocationInterceptorChain.proceed(InvocationInterceptorChain.java:64)
	at org.junit.jupiter.engine.execution.InvocationInterceptorChain.chainAndInvoke(InvocationInterceptorChain.java:45)
	at org.junit.jupiter.engine.execution.InvocationInterceptorChain.invoke(InvocationInterceptorChain.java:37)
	at org.junit.jupiter.engine.execution.InterceptingExecutableInvoker.invoke(InterceptingExecutableInvoker.java:92)
	at org.junit.jupiter.engine.execution.InterceptingExecutableInvoker.invoke(InterceptingExecutableInvoker.java:86)
	at org.junit.jupiter.engine.descriptor.ClassBasedTestDescriptor.invokeMethodInExtensionContext(ClassBasedTestDescriptor.java:520)
	at org.junit.jupiter.engine.descriptor.ClassBasedTestDescriptor.lambda$synthesizeBeforeEachMethodAdapter$23(ClassBasedTestDescriptor.java:505)
	at org.junit.jupiter.engine.descriptor.TestMethodTestDescriptor.lambda$invokeBeforeEachMethods$3(TestMethodTestDescriptor.java:174)
	at org.junit.jupiter.engine.descriptor.TestMethodTestDescriptor.lambda$invokeBeforeMethodsOrCallbacksUntilExceptionOccurs$6(TestMethodTestDescriptor.java:202)
	at org.junit.platform.engine.support.hierarchical.ThrowableCollector.execute(ThrowableCollector.java:73)
	at org.junit.jupiter.engine.descriptor.TestMethodTestDescriptor.invokeBeforeMethodsOrCallbacksUntilExceptionOccurs(TestMethodTestDescriptor.java:202)
	at org.junit.jupiter.engine.descriptor.TestMethodTestDescriptor.invokeBeforeEachMethods(TestMethodTestDescriptor.java:171)
	at org.junit.jupiter.engine.descriptor.TestMethodTestDescriptor.execute(TestMethodTestDescriptor.java:134)
	at org.junit.jupiter.engine.descriptor.TestMethodTestDescriptor.execute(TestMethodTestDescriptor.java:68)
	at org.junit.platform.engine.support.hierarchical.NodeTestTask.lambda$executeRecursively$6(NodeTestTask.java:151)
	at org.junit.platform.engine.support.hierarchical.ThrowableCollector.execute(ThrowableCollector.java:73)
	at org.junit.platform.engine.support.hierarchical.NodeTestTask.lambda$executeRecursively$8(NodeTestTask.java:141)
	at org.junit.platform.engine.support.hierarchical.Node.around(Node.java:137)
	at org.junit.platform.engine.support.hierarchical.NodeTestTask.lambda$executeRecursively$9(NodeTestTask.java:139)
	at org.junit.platform.engine.support.hierarchical.ThrowableCollector.execute(ThrowableCollector.java:73)
	at org.junit.platform.engine.support.hierarchical.NodeTestTask.executeRecursively(NodeTestTask.java:138)
	at org.junit.platform.engine.support.hierarchical.NodeTestTask.execute(NodeTestTask.java:95)
	at java.base/java.util.ArrayList.forEach(ArrayList.java:1541)
	at org.junit.platform.engine.support.hierarchical.SameThreadHierarchicalTestExecutorService.invokeAll(SameThreadHierarchicalTestExecutorService.java:41)
	at org.junit.platform.engine.support.hierarchical.NodeTestTask.lambda$executeRecursively$6(NodeTestTask.java:155)
	at org.junit.platform.engine.support.hierarchical.ThrowableCollector.execute(ThrowableCollector.java:73)
	at org.junit.platform.engine.support.hierarchical.NodeTestTask.lambda$executeRecursively$8(NodeTestTask.java:141)
	at org.junit.platform.engine.support.hierarchical.Node.around(Node.java:137)
	at org.junit.platform.engine.support.hierarchical.NodeTestTask.lambda$executeRecursively$9(NodeTestTask.java:139)
	at org.junit.platform.engine.support.hierarchical.ThrowableCollector.execute(ThrowableCollector.java:73)
	at org.junit.platform.engine.support.hierarchical.NodeTestTask.executeRecursively(NodeTestTask.java:138)
	at org.junit.platform.engine.support.hierarchical.NodeTestTask.execute(NodeTestTask.java:95)
	at java.base/java.util.ArrayList.forEach(ArrayList.java:1541)
	at org.junit.platform.engine.support.hierarchical.SameThreadHierarchicalTestExecutorService.invokeAll(SameThreadHierarchicalTestExecutorService.java:41)
	at org.junit.platform.engine.support.hierarchical.NodeTestTask.lambda$executeRecursively$6(NodeTestTask.java:155)
	at org.junit.platform.engine.support.hierarchical.ThrowableCollector.execute(ThrowableCollector.java:73)
	at org.junit.platform.engine.support.hierarchical.NodeTestTask.lambda$executeRecursively$8(NodeTestTask.java:141)
	at org.junit.platform.engine.support.hierarchical.Node.around(Node.java:137)
	at org.junit.platform.engine.support.hierarchical.NodeTestTask.lambda$executeRecursively$9(NodeTestTask.java:139)
	at org.junit.platform.engine.support.hierarchical.ThrowableCollector.execute(ThrowableCollector.java:73)
	at org.junit.platform.engine.support.hierarchical.NodeTestTask.executeRecursively(NodeTestTask.java:138)
	at org.junit.platform.engine.support.hierarchical.NodeTestTask.execute(NodeTestTask.java:95)
	at org.junit.platform.engine.support.hierarchical.SameThreadHierarchicalTestExecutorService.submit(SameThreadHierarchicalTestExecutorService.java:35)
	at org.junit.platform.engine.support.hierarchical.HierarchicalTestExecutor.execute(HierarchicalTestExecutor.java:57)
	at org.junit.platform.engine.support.hierarchical.HierarchicalTestEngine.execute(HierarchicalTestEngine.java:54)
	at org.junit.platform.launcher.core.EngineExecutionOrchestrator.execute(EngineExecutionOrchestrator.java:107)
	at org.junit.platform.launcher.core.EngineExecutionOrchestrator.execute(EngineExecutionOrchestrator.java:88)
	at org.junit.platform.launcher.core.EngineExecutionOrchestrator.lambda$execute$0(EngineExecutionOrchestrator.java:54)
	at org.junit.platform.launcher.core.EngineExecutionOrchestrator.withInterceptedStreams(EngineExecutionOrchestrator.java:67)
	at org.junit.platform.launcher.core.EngineExecutionOrchestrator.execute(EngineExecutionOrchestrator.java:52)
	at org.junit.platform.launcher.core.DefaultLauncher.execute(DefaultLauncher.java:114)
	at org.junit.platform.launcher.core.DefaultLauncher.execute(DefaultLauncher.java:86)
	at org.junit.platform.launcher.core.DefaultLauncherSession$DelegatingLauncher.execute(DefaultLauncherSession.java:86)
	at org.gradle.api.internal.tasks.testing.junitplatform.JUnitPlatformTestClassProcessor$CollectAllTestClassesExecutor.processAllTestClasses(JUnitPlatformTestClassProcessor.java:110)
	at org.gradle.api.internal.tasks.testing.junitplatform.JUnitPlatformTestClassProcessor$CollectAllTestClassesExecutor.access$000(JUnitPlatformTestClassProcessor.java:90)
	at org.gradle.api.internal.tasks.testing.junitplatform.JUnitPlatformTestClassProcessor.stop(JUnitPlatformTestClassProcessor.java:85)
	at org.gradle.api.internal.tasks.testing.SuiteTestClassProcessor.stop(SuiteTestClassProcessor.java:62)
	at java.base/jdk.internal.reflect.NativeMethodAccessorImpl.invoke0(Native Method)
	at java.base/jdk.internal.reflect.NativeMethodAccessorImpl.invoke(NativeMethodAccessorImpl.java:62)
	at java.base/jdk.internal.reflect.DelegatingMethodAccessorImpl.invoke(DelegatingMethodAccessorImpl.java:43)
	at java.base/java.lang.reflect.Method.invoke(Method.java:566)
	at org.gradle.internal.dispatch.ReflectionDispatch.dispatch(ReflectionDispatch.java:36)
	at org.gradle.internal.dispatch.ReflectionDispatch.dispatch(ReflectionDispatch.java:24)
	at org.gradle.internal.dispatch.ContextClassLoaderDispatch.dispatch(ContextClassLoaderDispatch.java:33)
	at org.gradle.internal.dispatch.ProxyDispatchAdapter$DispatchingInvocationHandler.invoke(ProxyDispatchAdapter.java:94)
	at com.sun.proxy.$Proxy5.stop(Unknown Source)
	at org.gradle.api.internal.tasks.testing.worker.TestWorker$3.run(TestWorker.java:193)
	at org.gradle.api.internal.tasks.testing.worker.TestWorker.executeAndMaintainThreadName(TestWorker.java:129)
	at org.gradle.api.internal.tasks.testing.worker.TestWorker.execute(TestWorker.java:100)
	at org.gradle.api.internal.tasks.testing.worker.TestWorker.execute(TestWorker.java:60)
	at org.gradle.process.internal.worker.child.ActionExecutionWorker.execute(ActionExecutionWorker.java:56)
	at org.gradle.process.internal.worker.child.SystemApplicationClassLoaderWorker.call(SystemApplicationClassLoaderWorker.java:113)
	at org.gradle.process.internal.worker.child.SystemApplicationClassLoaderWorker.call(SystemApplicationClassLoaderWorker.java:65)
	at worker.org.gradle.process.internal.worker.GradleWorkerMain.run(GradleWorkerMain.java:69)
	at worker.org.gradle.process.internal.worker.GradleWorkerMain.main(GradleWorkerMain.java:74)
Caused by: UnsolvedSymbolException{context='arg0', name='Solving arg0', cause='null'}
	at com.github.javaparser.symbolsolver.javaparsermodel.TypeExtractor.visit(TypeExtractor.java:335)
	at com.github.javaparser.symbolsolver.javaparsermodel.TypeExtractor.visit(TypeExtractor.java:65)
	at com.github.javaparser.ast.expr.NameExpr.accept(NameExpr.java:79)
	at com.github.javaparser.symbolsolver.javaparsermodel.JavaParserFacade.getTypeConcrete(JavaParserFacade.java:505)
	at com.github.javaparser.symbolsolver.javaparsermodel.JavaParserFacade.getType(JavaParserFacade.java:352)
	at com.github.javaparser.symbolsolver.javaparsermodel.JavaParserFacade.getType(JavaParserFacade.java:334)
	at com.github.javaparser.symbolsolver.JavaSymbolSolver.calculateType(JavaSymbolSolver.java:294)
	at com.github.javaparser.ast.expr.Expression.calculateResolvedType(Expression.java:573)
	at de.uka.ilkd.key.java.JP2KeYVisitor.visit(JP2KeYConverter.java:707)
	at de.uka.ilkd.key.java.JP2KeYVisitor.visit(JP2KeYConverter.java:90)
	at com.github.javaparser.ast.expr.NameExpr.accept(NameExpr.java:79)
	at de.uka.ilkd.key.java.JP2KeYVisitor.lambda$map$1(JP2KeYConverter.java:402)
	at java.base/java.util.stream.ReferencePipeline$3$1.accept(ReferencePipeline.java:195)
	at java.base/java.util.ArrayList$ArrayListSpliterator.forEachRemaining(ArrayList.java:1655)
	at java.base/java.util.stream.AbstractPipeline.copyInto(AbstractPipeline.java:484)
	at java.base/java.util.stream.AbstractPipeline.wrapAndCopyInto(AbstractPipeline.java:474)
	at java.base/java.util.stream.ReduceOps$ReduceOp.evaluateSequential(ReduceOps.java:913)
	at java.base/java.util.stream.AbstractPipeline.evaluate(AbstractPipeline.java:234)
	at java.base/java.util.stream.ReferencePipeline.collect(ReferencePipeline.java:578)
	at de.uka.ilkd.key.java.JP2KeYVisitor.map(JP2KeYConverter.java:403)
	at de.uka.ilkd.key.java.JP2KeYVisitor.visit(JP2KeYConverter.java:506)
	at de.uka.ilkd.key.java.JP2KeYVisitor.visit(JP2KeYConverter.java:90)
	at com.github.javaparser.ast.stmt.ExplicitConstructorInvocationStmt.accept(ExplicitConstructorInvocationStmt.java:96)
	at de.uka.ilkd.key.java.JP2KeYVisitor.lambda$map$1(JP2KeYConverter.java:402)
	at java.base/java.util.stream.ReferencePipeline$3$1.accept(ReferencePipeline.java:195)
	at java.base/java.util.ArrayList$ArrayListSpliterator.forEachRemaining(ArrayList.java:1655)
	at java.base/java.util.stream.AbstractPipeline.copyInto(AbstractPipeline.java:484)
	at java.base/java.util.stream.AbstractPipeline.wrapAndCopyInto(AbstractPipeline.java:474)
	at java.base/java.util.stream.ReduceOps$ReduceOp.evaluateSequential(ReduceOps.java:913)
	at java.base/java.util.stream.AbstractPipeline.evaluate(AbstractPipeline.java:234)
	at java.base/java.util.stream.ReferencePipeline.collect(ReferencePipeline.java:578)
	at de.uka.ilkd.key.java.JP2KeYVisitor.map(JP2KeYConverter.java:403)
	at de.uka.ilkd.key.java.JP2KeYVisitor.visit(JP2KeYConverter.java:258)
	at de.uka.ilkd.key.java.JP2KeYVisitor.visit(JP2KeYConverter.java:90)
	at com.github.javaparser.ast.stmt.BlockStmt.accept(BlockStmt.java:70)
	at de.uka.ilkd.key.java.JP2KeYVisitor.lambda$map$1(JP2KeYConverter.java:402)
	at java.base/java.util.stream.ReferencePipeline$3$1.accept(ReferencePipeline.java:195)
	at java.base/java.util.ArrayList$ArrayListSpliterator.forEachRemaining(ArrayList.java:1655)
	at java.base/java.util.stream.AbstractPipeline.copyInto(AbstractPipeline.java:484)
	at java.base/java.util.stream.AbstractPipeline.wrapAndCopyInto(AbstractPipeline.java:474)
	at java.base/java.util.stream.ReduceOps$ReduceOp.evaluateSequential(ReduceOps.java:913)
	at java.base/java.util.stream.AbstractPipeline.evaluate(AbstractPipeline.java:234)
	at java.base/java.util.stream.ReferencePipeline.collect(ReferencePipeline.java:578)
	at de.uka.ilkd.key.java.JP2KeYVisitor.map(JP2KeYConverter.java:403)
	at de.uka.ilkd.key.java.JP2KeYVisitor.visit(JP2KeYConverter.java:258)
	at de.uka.ilkd.key.java.JP2KeYVisitor.visit(JP2KeYConverter.java:90)
	at com.github.javaparser.ast.stmt.BlockStmt.accept(BlockStmt.java:70)
	at de.uka.ilkd.key.java.JP2KeYVisitor.accept(JP2KeYConverter.java:348)
	at de.uka.ilkd.key.java.JP2KeYVisitor.visit(JP2KeYConverter.java:946)
	at de.uka.ilkd.key.java.JP2KeYVisitor.visit(JP2KeYConverter.java:90)
	at com.github.javaparser.ast.stmt.TryStmt.accept(TryStmt.java:135)
	at de.uka.ilkd.key.java.JP2KeYVisitor.lambda$map$1(JP2KeYConverter.java:402)
	at java.base/java.util.stream.ReferencePipeline$3$1.accept(ReferencePipeline.java:195)
	at java.base/java.util.ArrayList$ArrayListSpliterator.forEachRemaining(ArrayList.java:1655)
	at java.base/java.util.stream.AbstractPipeline.copyInto(AbstractPipeline.java:484)
	at java.base/java.util.stream.AbstractPipeline.wrapAndCopyInto(AbstractPipeline.java:474)
	at java.base/java.util.stream.ReduceOps$ReduceOp.evaluateSequential(ReduceOps.java:913)
	at java.base/java.util.stream.AbstractPipeline.evaluate(AbstractPipeline.java:234)
	at java.base/java.util.stream.ReferencePipeline.collect(ReferencePipeline.java:578)
	at de.uka.ilkd.key.java.JP2KeYVisitor.map(JP2KeYConverter.java:403)
	at de.uka.ilkd.key.java.JP2KeYVisitor.visit(JP2KeYConverter.java:258)
	at de.uka.ilkd.key.java.JP2KeYVisitor.visit(JP2KeYConverter.java:90)
	at com.github.javaparser.ast.stmt.BlockStmt.accept(BlockStmt.java:70)
	at de.uka.ilkd.key.java.JP2KeYVisitor.accept(JP2KeYConverter.java:348)
	at de.uka.ilkd.key.java.JP2KeYVisitor.visit(JP2KeYConverter.java:609)
	at de.uka.ilkd.key.java.JP2KeYVisitor.visit(JP2KeYConverter.java:90)
	at com.github.javaparser.ast.stmt.IfStmt.accept(IfStmt.java:82)
	at de.uka.ilkd.key.java.JP2KeYVisitor.lambda$map$1(JP2KeYConverter.java:402)
	at java.base/java.util.stream.ReferencePipeline$3$1.accept(ReferencePipeline.java:195)
	at java.base/java.util.ArrayList$ArrayListSpliterator.forEachRemaining(ArrayList.java:1655)
	at java.base/java.util.stream.AbstractPipeline.copyInto(AbstractPipeline.java:484)
	at java.base/java.util.stream.AbstractPipeline.wrapAndCopyInto(AbstractPipeline.java:474)
	at java.base/java.util.stream.ReduceOps$ReduceOp.evaluateSequential(ReduceOps.java:913)
	at java.base/java.util.stream.AbstractPipeline.evaluate(AbstractPipeline.java:234)
	at java.base/java.util.stream.ReferencePipeline.collect(ReferencePipeline.java:578)
	at de.uka.ilkd.key.java.JP2KeYVisitor.map(JP2KeYConverter.java:403)
	at de.uka.ilkd.key.java.JP2KeYVisitor.visit(JP2KeYConverter.java:258)
	at de.uka.ilkd.key.java.JP2KeYVisitor.visit(JP2KeYConverter.java:90)
	at com.github.javaparser.ast.stmt.BlockStmt.accept(BlockStmt.java:70)
	at de.uka.ilkd.key.java.JP2KeYVisitor.accept(JP2KeYConverter.java:348)
	at de.uka.ilkd.key.java.JP2KeYVisitor.visit(JP2KeYConverter.java:609)
	at de.uka.ilkd.key.java.JP2KeYVisitor.visit(JP2KeYConverter.java:90)
	at com.github.javaparser.ast.stmt.IfStmt.accept(IfStmt.java:82)
	at de.uka.ilkd.key.java.JP2KeYVisitor.lambda$map$1(JP2KeYConverter.java:402)
	at java.base/java.util.stream.ReferencePipeline$3$1.accept(ReferencePipeline.java:195)
	at java.base/java.util.ArrayList$ArrayListSpliterator.forEachRemaining(ArrayList.java:1655)
	at java.base/java.util.stream.AbstractPipeline.copyInto(AbstractPipeline.java:484)
	at java.base/java.util.stream.AbstractPipeline.wrapAndCopyInto(AbstractPipeline.java:474)
	at java.base/java.util.stream.ReduceOps$ReduceOp.evaluateSequential(ReduceOps.java:913)
	at java.base/java.util.stream.AbstractPipeline.evaluate(AbstractPipeline.java:234)
	at java.base/java.util.stream.ReferencePipeline.collect(ReferencePipeline.java:578)
	at de.uka.ilkd.key.java.JP2KeYVisitor.map(JP2KeYConverter.java:403)
	at de.uka.ilkd.key.java.JP2KeYVisitor.visit(JP2KeYConverter.java:258)
	at de.uka.ilkd.key.java.JP2KeYVisitor.visit(JP2KeYConverter.java:90)
	at com.github.javaparser.ast.stmt.BlockStmt.accept(BlockStmt.java:70)
	at de.uka.ilkd.key.java.JP2KeYVisitor.accept(JP2KeYConverter.java:348)
	at de.uka.ilkd.key.java.JP2KeYVisitor.accepto(JP2KeYConverter.java:418)
	at de.uka.ilkd.key.java.JP2KeYVisitor.visit(JP2KeYConverter.java:688)
	at de.uka.ilkd.key.java.JP2KeYVisitor.visit(JP2KeYConverter.java:90)
	at com.github.javaparser.ast.body.MethodDeclaration.accept(MethodDeclaration.java:98)
	at de.uka.ilkd.key.java.JP2KeYVisitor.lambda$map$1(JP2KeYConverter.java:402)
	at java.base/java.util.stream.ReferencePipeline$3$1.accept(ReferencePipeline.java:195)
	at java.base/java.util.ArrayList$ArrayListSpliterator.forEachRemaining(ArrayList.java:1655)
	at java.base/java.util.stream.AbstractPipeline.copyInto(AbstractPipeline.java:484)
	at java.base/java.util.stream.AbstractPipeline.wrapAndCopyInto(AbstractPipeline.java:474)
	at java.base/java.util.stream.ReduceOps$ReduceOp.evaluateSequential(ReduceOps.java:913)
	at java.base/java.util.stream.AbstractPipeline.evaluate(AbstractPipeline.java:234)
	at java.base/java.util.stream.ReferencePipeline.collect(ReferencePipeline.java:578)
	at de.uka.ilkd.key.java.JP2KeYVisitor.map(JP2KeYConverter.java:403)
	at de.uka.ilkd.key.java.JP2KeYVisitor.visit(JP2KeYConverter.java:310)
	at de.uka.ilkd.key.java.JP2KeYVisitor.visit(JP2KeYConverter.java:90)
	at com.github.javaparser.ast.body.ClassOrInterfaceDeclaration.accept(ClassOrInterfaceDeclaration.java:95)
	at de.uka.ilkd.key.java.JP2KeYVisitor.lambda$map$1(JP2KeYConverter.java:402)
	at java.base/java.util.stream.ReferencePipeline$3$1.accept(ReferencePipeline.java:195)
	at java.base/java.util.ArrayList$ArrayListSpliterator.forEachRemaining(ArrayList.java:1655)
	at java.base/java.util.stream.AbstractPipeline.copyInto(AbstractPipeline.java:484)
	at java.base/java.util.stream.AbstractPipeline.wrapAndCopyInto(AbstractPipeline.java:474)
	at java.base/java.util.stream.ReduceOps$ReduceOp.evaluateSequential(ReduceOps.java:913)
	at java.base/java.util.stream.AbstractPipeline.evaluate(AbstractPipeline.java:234)
	at java.base/java.util.stream.ReferencePipeline.collect(ReferencePipeline.java:578)
	at de.uka.ilkd.key.java.JP2KeYVisitor.map(JP2KeYConverter.java:403)
	at de.uka.ilkd.key.java.JP2KeYVisitor.visit(JP2KeYConverter.java:393)
	at de.uka.ilkd.key.java.JP2KeYVisitor.visit(JP2KeYConverter.java:90)
	at com.github.javaparser.ast.CompilationUnit.accept(CompilationUnit.java:124)
	at de.uka.ilkd.key.java.JP2KeYConverter.process(JP2KeYConverter.java:84)
	at de.uka.ilkd.key.java.JP2KeYConverter.processCompilationUnit(JP2KeYConverter.java:80)
	at de.uka.ilkd.key.java.JavaService.parseLibraryClasses0(JavaService.java:536)
	at de.uka.ilkd.key.java.JavaService.parseSpecialClasses(JavaService.java:511)
	at de.uka.ilkd.key.proof.init.ProblemInitializer.readJava(ProblemInitializer.java:280)
	at de.uka.ilkd.key.proof.init.ProblemInitializer.prepare(ProblemInitializer.java:529)
	at de.uka.ilkd.key.proof.init.ProblemInitializer.prepare(ProblemInitializer.java:471)
	at de.uka.ilkd.key.rule.TacletForTests.parse(TacletForTests.java:80)
	... 91 more
</failure>
  </testcase>
  <testcase name="testAntecTacletWithoutIf()" classname="de.uka.ilkd.key.rule.TestApplyTaclet" time="0.273">
    <failure message="java.lang.RuntimeException: Exception occurred while parsing src\test\resources\testcase\testrules.key" type="java.lang.RuntimeException">java.lang.RuntimeException: Exception occurred while parsing src\test\resources\testcase\testrules.key
	at de.uka.ilkd.key.rule.TacletForTests.parse(TacletForTests.java:89)
	at de.uka.ilkd.key.rule.TacletForTests.parse(TacletForTests.java:125)
	at de.uka.ilkd.key.rule.TacletForTests.parse(TacletForTests.java:129)
	at de.uka.ilkd.key.rule.TestApplyTaclet.setUp(TestApplyTaclet.java:75)
	at java.base/jdk.internal.reflect.NativeMethodAccessorImpl.invoke0(Native Method)
	at java.base/jdk.internal.reflect.NativeMethodAccessorImpl.invoke(NativeMethodAccessorImpl.java:62)
	at java.base/jdk.internal.reflect.DelegatingMethodAccessorImpl.invoke(DelegatingMethodAccessorImpl.java:43)
	at java.base/java.lang.reflect.Method.invoke(Method.java:566)
	at org.junit.platform.commons.util.ReflectionUtils.invokeMethod(ReflectionUtils.java:727)
	at org.junit.jupiter.engine.execution.MethodInvocation.proceed(MethodInvocation.java:60)
	at org.junit.jupiter.engine.execution.InvocationInterceptorChain$ValidatingInvocation.proceed(InvocationInterceptorChain.java:131)
	at org.junit.jupiter.engine.extension.TimeoutExtension.intercept(TimeoutExtension.java:156)
	at org.junit.jupiter.engine.extension.TimeoutExtension.interceptLifecycleMethod(TimeoutExtension.java:128)
	at org.junit.jupiter.engine.extension.TimeoutExtension.interceptBeforeEachMethod(TimeoutExtension.java:78)
	at org.junit.jupiter.engine.execution.InterceptingExecutableInvoker$ReflectiveInterceptorCall.lambda$ofVoidMethod$0(InterceptingExecutableInvoker.java:103)
	at org.junit.jupiter.engine.execution.InterceptingExecutableInvoker.lambda$invoke$0(InterceptingExecutableInvoker.java:93)
	at org.junit.jupiter.engine.execution.InvocationInterceptorChain$InterceptedInvocation.proceed(InvocationInterceptorChain.java:106)
	at org.junit.jupiter.engine.execution.InvocationInterceptorChain.proceed(InvocationInterceptorChain.java:64)
	at org.junit.jupiter.engine.execution.InvocationInterceptorChain.chainAndInvoke(InvocationInterceptorChain.java:45)
	at org.junit.jupiter.engine.execution.InvocationInterceptorChain.invoke(InvocationInterceptorChain.java:37)
	at org.junit.jupiter.engine.execution.InterceptingExecutableInvoker.invoke(InterceptingExecutableInvoker.java:92)
	at org.junit.jupiter.engine.execution.InterceptingExecutableInvoker.invoke(InterceptingExecutableInvoker.java:86)
	at org.junit.jupiter.engine.descriptor.ClassBasedTestDescriptor.invokeMethodInExtensionContext(ClassBasedTestDescriptor.java:520)
	at org.junit.jupiter.engine.descriptor.ClassBasedTestDescriptor.lambda$synthesizeBeforeEachMethodAdapter$23(ClassBasedTestDescriptor.java:505)
	at org.junit.jupiter.engine.descriptor.TestMethodTestDescriptor.lambda$invokeBeforeEachMethods$3(TestMethodTestDescriptor.java:174)
	at org.junit.jupiter.engine.descriptor.TestMethodTestDescriptor.lambda$invokeBeforeMethodsOrCallbacksUntilExceptionOccurs$6(TestMethodTestDescriptor.java:202)
	at org.junit.platform.engine.support.hierarchical.ThrowableCollector.execute(ThrowableCollector.java:73)
	at org.junit.jupiter.engine.descriptor.TestMethodTestDescriptor.invokeBeforeMethodsOrCallbacksUntilExceptionOccurs(TestMethodTestDescriptor.java:202)
	at org.junit.jupiter.engine.descriptor.TestMethodTestDescriptor.invokeBeforeEachMethods(TestMethodTestDescriptor.java:171)
	at org.junit.jupiter.engine.descriptor.TestMethodTestDescriptor.execute(TestMethodTestDescriptor.java:134)
	at org.junit.jupiter.engine.descriptor.TestMethodTestDescriptor.execute(TestMethodTestDescriptor.java:68)
	at org.junit.platform.engine.support.hierarchical.NodeTestTask.lambda$executeRecursively$6(NodeTestTask.java:151)
	at org.junit.platform.engine.support.hierarchical.ThrowableCollector.execute(ThrowableCollector.java:73)
	at org.junit.platform.engine.support.hierarchical.NodeTestTask.lambda$executeRecursively$8(NodeTestTask.java:141)
	at org.junit.platform.engine.support.hierarchical.Node.around(Node.java:137)
	at org.junit.platform.engine.support.hierarchical.NodeTestTask.lambda$executeRecursively$9(NodeTestTask.java:139)
	at org.junit.platform.engine.support.hierarchical.ThrowableCollector.execute(ThrowableCollector.java:73)
	at org.junit.platform.engine.support.hierarchical.NodeTestTask.executeRecursively(NodeTestTask.java:138)
	at org.junit.platform.engine.support.hierarchical.NodeTestTask.execute(NodeTestTask.java:95)
	at java.base/java.util.ArrayList.forEach(ArrayList.java:1541)
	at org.junit.platform.engine.support.hierarchical.SameThreadHierarchicalTestExecutorService.invokeAll(SameThreadHierarchicalTestExecutorService.java:41)
	at org.junit.platform.engine.support.hierarchical.NodeTestTask.lambda$executeRecursively$6(NodeTestTask.java:155)
	at org.junit.platform.engine.support.hierarchical.ThrowableCollector.execute(ThrowableCollector.java:73)
	at org.junit.platform.engine.support.hierarchical.NodeTestTask.lambda$executeRecursively$8(NodeTestTask.java:141)
	at org.junit.platform.engine.support.hierarchical.Node.around(Node.java:137)
	at org.junit.platform.engine.support.hierarchical.NodeTestTask.lambda$executeRecursively$9(NodeTestTask.java:139)
	at org.junit.platform.engine.support.hierarchical.ThrowableCollector.execute(ThrowableCollector.java:73)
	at org.junit.platform.engine.support.hierarchical.NodeTestTask.executeRecursively(NodeTestTask.java:138)
	at org.junit.platform.engine.support.hierarchical.NodeTestTask.execute(NodeTestTask.java:95)
	at java.base/java.util.ArrayList.forEach(ArrayList.java:1541)
	at org.junit.platform.engine.support.hierarchical.SameThreadHierarchicalTestExecutorService.invokeAll(SameThreadHierarchicalTestExecutorService.java:41)
	at org.junit.platform.engine.support.hierarchical.NodeTestTask.lambda$executeRecursively$6(NodeTestTask.java:155)
	at org.junit.platform.engine.support.hierarchical.ThrowableCollector.execute(ThrowableCollector.java:73)
	at org.junit.platform.engine.support.hierarchical.NodeTestTask.lambda$executeRecursively$8(NodeTestTask.java:141)
	at org.junit.platform.engine.support.hierarchical.Node.around(Node.java:137)
	at org.junit.platform.engine.support.hierarchical.NodeTestTask.lambda$executeRecursively$9(NodeTestTask.java:139)
	at org.junit.platform.engine.support.hierarchical.ThrowableCollector.execute(ThrowableCollector.java:73)
	at org.junit.platform.engine.support.hierarchical.NodeTestTask.executeRecursively(NodeTestTask.java:138)
	at org.junit.platform.engine.support.hierarchical.NodeTestTask.execute(NodeTestTask.java:95)
	at org.junit.platform.engine.support.hierarchical.SameThreadHierarchicalTestExecutorService.submit(SameThreadHierarchicalTestExecutorService.java:35)
	at org.junit.platform.engine.support.hierarchical.HierarchicalTestExecutor.execute(HierarchicalTestExecutor.java:57)
	at org.junit.platform.engine.support.hierarchical.HierarchicalTestEngine.execute(HierarchicalTestEngine.java:54)
	at org.junit.platform.launcher.core.EngineExecutionOrchestrator.execute(EngineExecutionOrchestrator.java:107)
	at org.junit.platform.launcher.core.EngineExecutionOrchestrator.execute(EngineExecutionOrchestrator.java:88)
	at org.junit.platform.launcher.core.EngineExecutionOrchestrator.lambda$execute$0(EngineExecutionOrchestrator.java:54)
	at org.junit.platform.launcher.core.EngineExecutionOrchestrator.withInterceptedStreams(EngineExecutionOrchestrator.java:67)
	at org.junit.platform.launcher.core.EngineExecutionOrchestrator.execute(EngineExecutionOrchestrator.java:52)
	at org.junit.platform.launcher.core.DefaultLauncher.execute(DefaultLauncher.java:114)
	at org.junit.platform.launcher.core.DefaultLauncher.execute(DefaultLauncher.java:86)
	at org.junit.platform.launcher.core.DefaultLauncherSession$DelegatingLauncher.execute(DefaultLauncherSession.java:86)
	at org.gradle.api.internal.tasks.testing.junitplatform.JUnitPlatformTestClassProcessor$CollectAllTestClassesExecutor.processAllTestClasses(JUnitPlatformTestClassProcessor.java:110)
	at org.gradle.api.internal.tasks.testing.junitplatform.JUnitPlatformTestClassProcessor$CollectAllTestClassesExecutor.access$000(JUnitPlatformTestClassProcessor.java:90)
	at org.gradle.api.internal.tasks.testing.junitplatform.JUnitPlatformTestClassProcessor.stop(JUnitPlatformTestClassProcessor.java:85)
	at org.gradle.api.internal.tasks.testing.SuiteTestClassProcessor.stop(SuiteTestClassProcessor.java:62)
	at java.base/jdk.internal.reflect.NativeMethodAccessorImpl.invoke0(Native Method)
	at java.base/jdk.internal.reflect.NativeMethodAccessorImpl.invoke(NativeMethodAccessorImpl.java:62)
	at java.base/jdk.internal.reflect.DelegatingMethodAccessorImpl.invoke(DelegatingMethodAccessorImpl.java:43)
	at java.base/java.lang.reflect.Method.invoke(Method.java:566)
	at org.gradle.internal.dispatch.ReflectionDispatch.dispatch(ReflectionDispatch.java:36)
	at org.gradle.internal.dispatch.ReflectionDispatch.dispatch(ReflectionDispatch.java:24)
	at org.gradle.internal.dispatch.ContextClassLoaderDispatch.dispatch(ContextClassLoaderDispatch.java:33)
	at org.gradle.internal.dispatch.ProxyDispatchAdapter$DispatchingInvocationHandler.invoke(ProxyDispatchAdapter.java:94)
	at com.sun.proxy.$Proxy5.stop(Unknown Source)
	at org.gradle.api.internal.tasks.testing.worker.TestWorker$3.run(TestWorker.java:193)
	at org.gradle.api.internal.tasks.testing.worker.TestWorker.executeAndMaintainThreadName(TestWorker.java:129)
	at org.gradle.api.internal.tasks.testing.worker.TestWorker.execute(TestWorker.java:100)
	at org.gradle.api.internal.tasks.testing.worker.TestWorker.execute(TestWorker.java:60)
	at org.gradle.process.internal.worker.child.ActionExecutionWorker.execute(ActionExecutionWorker.java:56)
	at org.gradle.process.internal.worker.child.SystemApplicationClassLoaderWorker.call(SystemApplicationClassLoaderWorker.java:113)
	at org.gradle.process.internal.worker.child.SystemApplicationClassLoaderWorker.call(SystemApplicationClassLoaderWorker.java:65)
	at worker.org.gradle.process.internal.worker.GradleWorkerMain.run(GradleWorkerMain.java:69)
	at worker.org.gradle.process.internal.worker.GradleWorkerMain.main(GradleWorkerMain.java:74)
Caused by: UnsolvedSymbolException{context='arg0', name='Solving arg0', cause='null'}
	at com.github.javaparser.symbolsolver.javaparsermodel.TypeExtractor.visit(TypeExtractor.java:335)
	at com.github.javaparser.symbolsolver.javaparsermodel.TypeExtractor.visit(TypeExtractor.java:65)
	at com.github.javaparser.ast.expr.NameExpr.accept(NameExpr.java:79)
	at com.github.javaparser.symbolsolver.javaparsermodel.JavaParserFacade.getTypeConcrete(JavaParserFacade.java:505)
	at com.github.javaparser.symbolsolver.javaparsermodel.JavaParserFacade.getType(JavaParserFacade.java:352)
	at com.github.javaparser.symbolsolver.javaparsermodel.JavaParserFacade.getType(JavaParserFacade.java:334)
	at com.github.javaparser.symbolsolver.JavaSymbolSolver.calculateType(JavaSymbolSolver.java:294)
	at com.github.javaparser.ast.expr.Expression.calculateResolvedType(Expression.java:573)
	at de.uka.ilkd.key.java.JP2KeYVisitor.visit(JP2KeYConverter.java:707)
	at de.uka.ilkd.key.java.JP2KeYVisitor.visit(JP2KeYConverter.java:90)
	at com.github.javaparser.ast.expr.NameExpr.accept(NameExpr.java:79)
	at de.uka.ilkd.key.java.JP2KeYVisitor.lambda$map$1(JP2KeYConverter.java:402)
	at java.base/java.util.stream.ReferencePipeline$3$1.accept(ReferencePipeline.java:195)
	at java.base/java.util.ArrayList$ArrayListSpliterator.forEachRemaining(ArrayList.java:1655)
	at java.base/java.util.stream.AbstractPipeline.copyInto(AbstractPipeline.java:484)
	at java.base/java.util.stream.AbstractPipeline.wrapAndCopyInto(AbstractPipeline.java:474)
	at java.base/java.util.stream.ReduceOps$ReduceOp.evaluateSequential(ReduceOps.java:913)
	at java.base/java.util.stream.AbstractPipeline.evaluate(AbstractPipeline.java:234)
	at java.base/java.util.stream.ReferencePipeline.collect(ReferencePipeline.java:578)
	at de.uka.ilkd.key.java.JP2KeYVisitor.map(JP2KeYConverter.java:403)
	at de.uka.ilkd.key.java.JP2KeYVisitor.visit(JP2KeYConverter.java:506)
	at de.uka.ilkd.key.java.JP2KeYVisitor.visit(JP2KeYConverter.java:90)
	at com.github.javaparser.ast.stmt.ExplicitConstructorInvocationStmt.accept(ExplicitConstructorInvocationStmt.java:96)
	at de.uka.ilkd.key.java.JP2KeYVisitor.lambda$map$1(JP2KeYConverter.java:402)
	at java.base/java.util.stream.ReferencePipeline$3$1.accept(ReferencePipeline.java:195)
	at java.base/java.util.ArrayList$ArrayListSpliterator.forEachRemaining(ArrayList.java:1655)
	at java.base/java.util.stream.AbstractPipeline.copyInto(AbstractPipeline.java:484)
	at java.base/java.util.stream.AbstractPipeline.wrapAndCopyInto(AbstractPipeline.java:474)
	at java.base/java.util.stream.ReduceOps$ReduceOp.evaluateSequential(ReduceOps.java:913)
	at java.base/java.util.stream.AbstractPipeline.evaluate(AbstractPipeline.java:234)
	at java.base/java.util.stream.ReferencePipeline.collect(ReferencePipeline.java:578)
	at de.uka.ilkd.key.java.JP2KeYVisitor.map(JP2KeYConverter.java:403)
	at de.uka.ilkd.key.java.JP2KeYVisitor.visit(JP2KeYConverter.java:258)
	at de.uka.ilkd.key.java.JP2KeYVisitor.visit(JP2KeYConverter.java:90)
	at com.github.javaparser.ast.stmt.BlockStmt.accept(BlockStmt.java:70)
	at de.uka.ilkd.key.java.JP2KeYVisitor.lambda$map$1(JP2KeYConverter.java:402)
	at java.base/java.util.stream.ReferencePipeline$3$1.accept(ReferencePipeline.java:195)
	at java.base/java.util.ArrayList$ArrayListSpliterator.forEachRemaining(ArrayList.java:1655)
	at java.base/java.util.stream.AbstractPipeline.copyInto(AbstractPipeline.java:484)
	at java.base/java.util.stream.AbstractPipeline.wrapAndCopyInto(AbstractPipeline.java:474)
	at java.base/java.util.stream.ReduceOps$ReduceOp.evaluateSequential(ReduceOps.java:913)
	at java.base/java.util.stream.AbstractPipeline.evaluate(AbstractPipeline.java:234)
	at java.base/java.util.stream.ReferencePipeline.collect(ReferencePipeline.java:578)
	at de.uka.ilkd.key.java.JP2KeYVisitor.map(JP2KeYConverter.java:403)
	at de.uka.ilkd.key.java.JP2KeYVisitor.visit(JP2KeYConverter.java:258)
	at de.uka.ilkd.key.java.JP2KeYVisitor.visit(JP2KeYConverter.java:90)
	at com.github.javaparser.ast.stmt.BlockStmt.accept(BlockStmt.java:70)
	at de.uka.ilkd.key.java.JP2KeYVisitor.accept(JP2KeYConverter.java:348)
	at de.uka.ilkd.key.java.JP2KeYVisitor.visit(JP2KeYConverter.java:946)
	at de.uka.ilkd.key.java.JP2KeYVisitor.visit(JP2KeYConverter.java:90)
	at com.github.javaparser.ast.stmt.TryStmt.accept(TryStmt.java:135)
	at de.uka.ilkd.key.java.JP2KeYVisitor.lambda$map$1(JP2KeYConverter.java:402)
	at java.base/java.util.stream.ReferencePipeline$3$1.accept(ReferencePipeline.java:195)
	at java.base/java.util.ArrayList$ArrayListSpliterator.forEachRemaining(ArrayList.java:1655)
	at java.base/java.util.stream.AbstractPipeline.copyInto(AbstractPipeline.java:484)
	at java.base/java.util.stream.AbstractPipeline.wrapAndCopyInto(AbstractPipeline.java:474)
	at java.base/java.util.stream.ReduceOps$ReduceOp.evaluateSequential(ReduceOps.java:913)
	at java.base/java.util.stream.AbstractPipeline.evaluate(AbstractPipeline.java:234)
	at java.base/java.util.stream.ReferencePipeline.collect(ReferencePipeline.java:578)
	at de.uka.ilkd.key.java.JP2KeYVisitor.map(JP2KeYConverter.java:403)
	at de.uka.ilkd.key.java.JP2KeYVisitor.visit(JP2KeYConverter.java:258)
	at de.uka.ilkd.key.java.JP2KeYVisitor.visit(JP2KeYConverter.java:90)
	at com.github.javaparser.ast.stmt.BlockStmt.accept(BlockStmt.java:70)
	at de.uka.ilkd.key.java.JP2KeYVisitor.accept(JP2KeYConverter.java:348)
	at de.uka.ilkd.key.java.JP2KeYVisitor.visit(JP2KeYConverter.java:609)
	at de.uka.ilkd.key.java.JP2KeYVisitor.visit(JP2KeYConverter.java:90)
	at com.github.javaparser.ast.stmt.IfStmt.accept(IfStmt.java:82)
	at de.uka.ilkd.key.java.JP2KeYVisitor.lambda$map$1(JP2KeYConverter.java:402)
	at java.base/java.util.stream.ReferencePipeline$3$1.accept(ReferencePipeline.java:195)
	at java.base/java.util.ArrayList$ArrayListSpliterator.forEachRemaining(ArrayList.java:1655)
	at java.base/java.util.stream.AbstractPipeline.copyInto(AbstractPipeline.java:484)
	at java.base/java.util.stream.AbstractPipeline.wrapAndCopyInto(AbstractPipeline.java:474)
	at java.base/java.util.stream.ReduceOps$ReduceOp.evaluateSequential(ReduceOps.java:913)
	at java.base/java.util.stream.AbstractPipeline.evaluate(AbstractPipeline.java:234)
	at java.base/java.util.stream.ReferencePipeline.collect(ReferencePipeline.java:578)
	at de.uka.ilkd.key.java.JP2KeYVisitor.map(JP2KeYConverter.java:403)
	at de.uka.ilkd.key.java.JP2KeYVisitor.visit(JP2KeYConverter.java:258)
	at de.uka.ilkd.key.java.JP2KeYVisitor.visit(JP2KeYConverter.java:90)
	at com.github.javaparser.ast.stmt.BlockStmt.accept(BlockStmt.java:70)
	at de.uka.ilkd.key.java.JP2KeYVisitor.accept(JP2KeYConverter.java:348)
	at de.uka.ilkd.key.java.JP2KeYVisitor.visit(JP2KeYConverter.java:609)
	at de.uka.ilkd.key.java.JP2KeYVisitor.visit(JP2KeYConverter.java:90)
	at com.github.javaparser.ast.stmt.IfStmt.accept(IfStmt.java:82)
	at de.uka.ilkd.key.java.JP2KeYVisitor.lambda$map$1(JP2KeYConverter.java:402)
	at java.base/java.util.stream.ReferencePipeline$3$1.accept(ReferencePipeline.java:195)
	at java.base/java.util.ArrayList$ArrayListSpliterator.forEachRemaining(ArrayList.java:1655)
	at java.base/java.util.stream.AbstractPipeline.copyInto(AbstractPipeline.java:484)
	at java.base/java.util.stream.AbstractPipeline.wrapAndCopyInto(AbstractPipeline.java:474)
	at java.base/java.util.stream.ReduceOps$ReduceOp.evaluateSequential(ReduceOps.java:913)
	at java.base/java.util.stream.AbstractPipeline.evaluate(AbstractPipeline.java:234)
	at java.base/java.util.stream.ReferencePipeline.collect(ReferencePipeline.java:578)
	at de.uka.ilkd.key.java.JP2KeYVisitor.map(JP2KeYConverter.java:403)
	at de.uka.ilkd.key.java.JP2KeYVisitor.visit(JP2KeYConverter.java:258)
	at de.uka.ilkd.key.java.JP2KeYVisitor.visit(JP2KeYConverter.java:90)
	at com.github.javaparser.ast.stmt.BlockStmt.accept(BlockStmt.java:70)
	at de.uka.ilkd.key.java.JP2KeYVisitor.accept(JP2KeYConverter.java:348)
	at de.uka.ilkd.key.java.JP2KeYVisitor.accepto(JP2KeYConverter.java:418)
	at de.uka.ilkd.key.java.JP2KeYVisitor.visit(JP2KeYConverter.java:688)
	at de.uka.ilkd.key.java.JP2KeYVisitor.visit(JP2KeYConverter.java:90)
	at com.github.javaparser.ast.body.MethodDeclaration.accept(MethodDeclaration.java:98)
	at de.uka.ilkd.key.java.JP2KeYVisitor.lambda$map$1(JP2KeYConverter.java:402)
	at java.base/java.util.stream.ReferencePipeline$3$1.accept(ReferencePipeline.java:195)
	at java.base/java.util.ArrayList$ArrayListSpliterator.forEachRemaining(ArrayList.java:1655)
	at java.base/java.util.stream.AbstractPipeline.copyInto(AbstractPipeline.java:484)
	at java.base/java.util.stream.AbstractPipeline.wrapAndCopyInto(AbstractPipeline.java:474)
	at java.base/java.util.stream.ReduceOps$ReduceOp.evaluateSequential(ReduceOps.java:913)
	at java.base/java.util.stream.AbstractPipeline.evaluate(AbstractPipeline.java:234)
	at java.base/java.util.stream.ReferencePipeline.collect(ReferencePipeline.java:578)
	at de.uka.ilkd.key.java.JP2KeYVisitor.map(JP2KeYConverter.java:403)
	at de.uka.ilkd.key.java.JP2KeYVisitor.visit(JP2KeYConverter.java:310)
	at de.uka.ilkd.key.java.JP2KeYVisitor.visit(JP2KeYConverter.java:90)
	at com.github.javaparser.ast.body.ClassOrInterfaceDeclaration.accept(ClassOrInterfaceDeclaration.java:95)
	at de.uka.ilkd.key.java.JP2KeYVisitor.lambda$map$1(JP2KeYConverter.java:402)
	at java.base/java.util.stream.ReferencePipeline$3$1.accept(ReferencePipeline.java:195)
	at java.base/java.util.ArrayList$ArrayListSpliterator.forEachRemaining(ArrayList.java:1655)
	at java.base/java.util.stream.AbstractPipeline.copyInto(AbstractPipeline.java:484)
	at java.base/java.util.stream.AbstractPipeline.wrapAndCopyInto(AbstractPipeline.java:474)
	at java.base/java.util.stream.ReduceOps$ReduceOp.evaluateSequential(ReduceOps.java:913)
	at java.base/java.util.stream.AbstractPipeline.evaluate(AbstractPipeline.java:234)
	at java.base/java.util.stream.ReferencePipeline.collect(ReferencePipeline.java:578)
	at de.uka.ilkd.key.java.JP2KeYVisitor.map(JP2KeYConverter.java:403)
	at de.uka.ilkd.key.java.JP2KeYVisitor.visit(JP2KeYConverter.java:393)
	at de.uka.ilkd.key.java.JP2KeYVisitor.visit(JP2KeYConverter.java:90)
	at com.github.javaparser.ast.CompilationUnit.accept(CompilationUnit.java:124)
	at de.uka.ilkd.key.java.JP2KeYConverter.process(JP2KeYConverter.java:84)
	at de.uka.ilkd.key.java.JP2KeYConverter.processCompilationUnit(JP2KeYConverter.java:80)
	at de.uka.ilkd.key.java.JavaService.parseLibraryClasses0(JavaService.java:536)
	at de.uka.ilkd.key.java.JavaService.parseSpecialClasses(JavaService.java:511)
	at de.uka.ilkd.key.proof.init.ProblemInitializer.readJava(ProblemInitializer.java:280)
	at de.uka.ilkd.key.proof.init.ProblemInitializer.prepare(ProblemInitializer.java:529)
	at de.uka.ilkd.key.proof.init.ProblemInitializer.prepare(ProblemInitializer.java:471)
	at de.uka.ilkd.key.rule.TacletForTests.parse(TacletForTests.java:80)
	... 91 more
</failure>
  </testcase>
  <testcase name="testAddExistingFormulaTwoInAntec2()" classname="de.uka.ilkd.key.rule.TestApplyTaclet" time="0.174">
    <failure message="java.lang.RuntimeException: Exception occurred while parsing src\test\resources\testcase\testrules.key" type="java.lang.RuntimeException">java.lang.RuntimeException: Exception occurred while parsing src\test\resources\testcase\testrules.key
	at de.uka.ilkd.key.rule.TacletForTests.parse(TacletForTests.java:89)
	at de.uka.ilkd.key.rule.TacletForTests.parse(TacletForTests.java:125)
	at de.uka.ilkd.key.rule.TacletForTests.parse(TacletForTests.java:129)
	at de.uka.ilkd.key.rule.TestApplyTaclet.setUp(TestApplyTaclet.java:75)
	at java.base/jdk.internal.reflect.NativeMethodAccessorImpl.invoke0(Native Method)
	at java.base/jdk.internal.reflect.NativeMethodAccessorImpl.invoke(NativeMethodAccessorImpl.java:62)
	at java.base/jdk.internal.reflect.DelegatingMethodAccessorImpl.invoke(DelegatingMethodAccessorImpl.java:43)
	at java.base/java.lang.reflect.Method.invoke(Method.java:566)
	at org.junit.platform.commons.util.ReflectionUtils.invokeMethod(ReflectionUtils.java:727)
	at org.junit.jupiter.engine.execution.MethodInvocation.proceed(MethodInvocation.java:60)
	at org.junit.jupiter.engine.execution.InvocationInterceptorChain$ValidatingInvocation.proceed(InvocationInterceptorChain.java:131)
	at org.junit.jupiter.engine.extension.TimeoutExtension.intercept(TimeoutExtension.java:156)
	at org.junit.jupiter.engine.extension.TimeoutExtension.interceptLifecycleMethod(TimeoutExtension.java:128)
	at org.junit.jupiter.engine.extension.TimeoutExtension.interceptBeforeEachMethod(TimeoutExtension.java:78)
	at org.junit.jupiter.engine.execution.InterceptingExecutableInvoker$ReflectiveInterceptorCall.lambda$ofVoidMethod$0(InterceptingExecutableInvoker.java:103)
	at org.junit.jupiter.engine.execution.InterceptingExecutableInvoker.lambda$invoke$0(InterceptingExecutableInvoker.java:93)
	at org.junit.jupiter.engine.execution.InvocationInterceptorChain$InterceptedInvocation.proceed(InvocationInterceptorChain.java:106)
	at org.junit.jupiter.engine.execution.InvocationInterceptorChain.proceed(InvocationInterceptorChain.java:64)
	at org.junit.jupiter.engine.execution.InvocationInterceptorChain.chainAndInvoke(InvocationInterceptorChain.java:45)
	at org.junit.jupiter.engine.execution.InvocationInterceptorChain.invoke(InvocationInterceptorChain.java:37)
	at org.junit.jupiter.engine.execution.InterceptingExecutableInvoker.invoke(InterceptingExecutableInvoker.java:92)
	at org.junit.jupiter.engine.execution.InterceptingExecutableInvoker.invoke(InterceptingExecutableInvoker.java:86)
	at org.junit.jupiter.engine.descriptor.ClassBasedTestDescriptor.invokeMethodInExtensionContext(ClassBasedTestDescriptor.java:520)
	at org.junit.jupiter.engine.descriptor.ClassBasedTestDescriptor.lambda$synthesizeBeforeEachMethodAdapter$23(ClassBasedTestDescriptor.java:505)
	at org.junit.jupiter.engine.descriptor.TestMethodTestDescriptor.lambda$invokeBeforeEachMethods$3(TestMethodTestDescriptor.java:174)
	at org.junit.jupiter.engine.descriptor.TestMethodTestDescriptor.lambda$invokeBeforeMethodsOrCallbacksUntilExceptionOccurs$6(TestMethodTestDescriptor.java:202)
	at org.junit.platform.engine.support.hierarchical.ThrowableCollector.execute(ThrowableCollector.java:73)
	at org.junit.jupiter.engine.descriptor.TestMethodTestDescriptor.invokeBeforeMethodsOrCallbacksUntilExceptionOccurs(TestMethodTestDescriptor.java:202)
	at org.junit.jupiter.engine.descriptor.TestMethodTestDescriptor.invokeBeforeEachMethods(TestMethodTestDescriptor.java:171)
	at org.junit.jupiter.engine.descriptor.TestMethodTestDescriptor.execute(TestMethodTestDescriptor.java:134)
	at org.junit.jupiter.engine.descriptor.TestMethodTestDescriptor.execute(TestMethodTestDescriptor.java:68)
	at org.junit.platform.engine.support.hierarchical.NodeTestTask.lambda$executeRecursively$6(NodeTestTask.java:151)
	at org.junit.platform.engine.support.hierarchical.ThrowableCollector.execute(ThrowableCollector.java:73)
	at org.junit.platform.engine.support.hierarchical.NodeTestTask.lambda$executeRecursively$8(NodeTestTask.java:141)
	at org.junit.platform.engine.support.hierarchical.Node.around(Node.java:137)
	at org.junit.platform.engine.support.hierarchical.NodeTestTask.lambda$executeRecursively$9(NodeTestTask.java:139)
	at org.junit.platform.engine.support.hierarchical.ThrowableCollector.execute(ThrowableCollector.java:73)
	at org.junit.platform.engine.support.hierarchical.NodeTestTask.executeRecursively(NodeTestTask.java:138)
	at org.junit.platform.engine.support.hierarchical.NodeTestTask.execute(NodeTestTask.java:95)
	at java.base/java.util.ArrayList.forEach(ArrayList.java:1541)
	at org.junit.platform.engine.support.hierarchical.SameThreadHierarchicalTestExecutorService.invokeAll(SameThreadHierarchicalTestExecutorService.java:41)
	at org.junit.platform.engine.support.hierarchical.NodeTestTask.lambda$executeRecursively$6(NodeTestTask.java:155)
	at org.junit.platform.engine.support.hierarchical.ThrowableCollector.execute(ThrowableCollector.java:73)
	at org.junit.platform.engine.support.hierarchical.NodeTestTask.lambda$executeRecursively$8(NodeTestTask.java:141)
	at org.junit.platform.engine.support.hierarchical.Node.around(Node.java:137)
	at org.junit.platform.engine.support.hierarchical.NodeTestTask.lambda$executeRecursively$9(NodeTestTask.java:139)
	at org.junit.platform.engine.support.hierarchical.ThrowableCollector.execute(ThrowableCollector.java:73)
	at org.junit.platform.engine.support.hierarchical.NodeTestTask.executeRecursively(NodeTestTask.java:138)
	at org.junit.platform.engine.support.hierarchical.NodeTestTask.execute(NodeTestTask.java:95)
	at java.base/java.util.ArrayList.forEach(ArrayList.java:1541)
	at org.junit.platform.engine.support.hierarchical.SameThreadHierarchicalTestExecutorService.invokeAll(SameThreadHierarchicalTestExecutorService.java:41)
	at org.junit.platform.engine.support.hierarchical.NodeTestTask.lambda$executeRecursively$6(NodeTestTask.java:155)
	at org.junit.platform.engine.support.hierarchical.ThrowableCollector.execute(ThrowableCollector.java:73)
	at org.junit.platform.engine.support.hierarchical.NodeTestTask.lambda$executeRecursively$8(NodeTestTask.java:141)
	at org.junit.platform.engine.support.hierarchical.Node.around(Node.java:137)
	at org.junit.platform.engine.support.hierarchical.NodeTestTask.lambda$executeRecursively$9(NodeTestTask.java:139)
	at org.junit.platform.engine.support.hierarchical.ThrowableCollector.execute(ThrowableCollector.java:73)
	at org.junit.platform.engine.support.hierarchical.NodeTestTask.executeRecursively(NodeTestTask.java:138)
	at org.junit.platform.engine.support.hierarchical.NodeTestTask.execute(NodeTestTask.java:95)
	at org.junit.platform.engine.support.hierarchical.SameThreadHierarchicalTestExecutorService.submit(SameThreadHierarchicalTestExecutorService.java:35)
	at org.junit.platform.engine.support.hierarchical.HierarchicalTestExecutor.execute(HierarchicalTestExecutor.java:57)
	at org.junit.platform.engine.support.hierarchical.HierarchicalTestEngine.execute(HierarchicalTestEngine.java:54)
	at org.junit.platform.launcher.core.EngineExecutionOrchestrator.execute(EngineExecutionOrchestrator.java:107)
	at org.junit.platform.launcher.core.EngineExecutionOrchestrator.execute(EngineExecutionOrchestrator.java:88)
	at org.junit.platform.launcher.core.EngineExecutionOrchestrator.lambda$execute$0(EngineExecutionOrchestrator.java:54)
	at org.junit.platform.launcher.core.EngineExecutionOrchestrator.withInterceptedStreams(EngineExecutionOrchestrator.java:67)
	at org.junit.platform.launcher.core.EngineExecutionOrchestrator.execute(EngineExecutionOrchestrator.java:52)
	at org.junit.platform.launcher.core.DefaultLauncher.execute(DefaultLauncher.java:114)
	at org.junit.platform.launcher.core.DefaultLauncher.execute(DefaultLauncher.java:86)
	at org.junit.platform.launcher.core.DefaultLauncherSession$DelegatingLauncher.execute(DefaultLauncherSession.java:86)
	at org.gradle.api.internal.tasks.testing.junitplatform.JUnitPlatformTestClassProcessor$CollectAllTestClassesExecutor.processAllTestClasses(JUnitPlatformTestClassProcessor.java:110)
	at org.gradle.api.internal.tasks.testing.junitplatform.JUnitPlatformTestClassProcessor$CollectAllTestClassesExecutor.access$000(JUnitPlatformTestClassProcessor.java:90)
	at org.gradle.api.internal.tasks.testing.junitplatform.JUnitPlatformTestClassProcessor.stop(JUnitPlatformTestClassProcessor.java:85)
	at org.gradle.api.internal.tasks.testing.SuiteTestClassProcessor.stop(SuiteTestClassProcessor.java:62)
	at java.base/jdk.internal.reflect.NativeMethodAccessorImpl.invoke0(Native Method)
	at java.base/jdk.internal.reflect.NativeMethodAccessorImpl.invoke(NativeMethodAccessorImpl.java:62)
	at java.base/jdk.internal.reflect.DelegatingMethodAccessorImpl.invoke(DelegatingMethodAccessorImpl.java:43)
	at java.base/java.lang.reflect.Method.invoke(Method.java:566)
	at org.gradle.internal.dispatch.ReflectionDispatch.dispatch(ReflectionDispatch.java:36)
	at org.gradle.internal.dispatch.ReflectionDispatch.dispatch(ReflectionDispatch.java:24)
	at org.gradle.internal.dispatch.ContextClassLoaderDispatch.dispatch(ContextClassLoaderDispatch.java:33)
	at org.gradle.internal.dispatch.ProxyDispatchAdapter$DispatchingInvocationHandler.invoke(ProxyDispatchAdapter.java:94)
	at com.sun.proxy.$Proxy5.stop(Unknown Source)
	at org.gradle.api.internal.tasks.testing.worker.TestWorker$3.run(TestWorker.java:193)
	at org.gradle.api.internal.tasks.testing.worker.TestWorker.executeAndMaintainThreadName(TestWorker.java:129)
	at org.gradle.api.internal.tasks.testing.worker.TestWorker.execute(TestWorker.java:100)
	at org.gradle.api.internal.tasks.testing.worker.TestWorker.execute(TestWorker.java:60)
	at org.gradle.process.internal.worker.child.ActionExecutionWorker.execute(ActionExecutionWorker.java:56)
	at org.gradle.process.internal.worker.child.SystemApplicationClassLoaderWorker.call(SystemApplicationClassLoaderWorker.java:113)
	at org.gradle.process.internal.worker.child.SystemApplicationClassLoaderWorker.call(SystemApplicationClassLoaderWorker.java:65)
	at worker.org.gradle.process.internal.worker.GradleWorkerMain.run(GradleWorkerMain.java:69)
	at worker.org.gradle.process.internal.worker.GradleWorkerMain.main(GradleWorkerMain.java:74)
Caused by: UnsolvedSymbolException{context='arg0', name='Solving arg0', cause='null'}
	at com.github.javaparser.symbolsolver.javaparsermodel.TypeExtractor.visit(TypeExtractor.java:335)
	at com.github.javaparser.symbolsolver.javaparsermodel.TypeExtractor.visit(TypeExtractor.java:65)
	at com.github.javaparser.ast.expr.NameExpr.accept(NameExpr.java:79)
	at com.github.javaparser.symbolsolver.javaparsermodel.JavaParserFacade.getTypeConcrete(JavaParserFacade.java:505)
	at com.github.javaparser.symbolsolver.javaparsermodel.JavaParserFacade.getType(JavaParserFacade.java:352)
	at com.github.javaparser.symbolsolver.javaparsermodel.JavaParserFacade.getType(JavaParserFacade.java:334)
	at com.github.javaparser.symbolsolver.JavaSymbolSolver.calculateType(JavaSymbolSolver.java:294)
	at com.github.javaparser.ast.expr.Expression.calculateResolvedType(Expression.java:573)
	at de.uka.ilkd.key.java.JP2KeYVisitor.visit(JP2KeYConverter.java:707)
	at de.uka.ilkd.key.java.JP2KeYVisitor.visit(JP2KeYConverter.java:90)
	at com.github.javaparser.ast.expr.NameExpr.accept(NameExpr.java:79)
	at de.uka.ilkd.key.java.JP2KeYVisitor.lambda$map$1(JP2KeYConverter.java:402)
	at java.base/java.util.stream.ReferencePipeline$3$1.accept(ReferencePipeline.java:195)
	at java.base/java.util.ArrayList$ArrayListSpliterator.forEachRemaining(ArrayList.java:1655)
	at java.base/java.util.stream.AbstractPipeline.copyInto(AbstractPipeline.java:484)
	at java.base/java.util.stream.AbstractPipeline.wrapAndCopyInto(AbstractPipeline.java:474)
	at java.base/java.util.stream.ReduceOps$ReduceOp.evaluateSequential(ReduceOps.java:913)
	at java.base/java.util.stream.AbstractPipeline.evaluate(AbstractPipeline.java:234)
	at java.base/java.util.stream.ReferencePipeline.collect(ReferencePipeline.java:578)
	at de.uka.ilkd.key.java.JP2KeYVisitor.map(JP2KeYConverter.java:403)
	at de.uka.ilkd.key.java.JP2KeYVisitor.visit(JP2KeYConverter.java:506)
	at de.uka.ilkd.key.java.JP2KeYVisitor.visit(JP2KeYConverter.java:90)
	at com.github.javaparser.ast.stmt.ExplicitConstructorInvocationStmt.accept(ExplicitConstructorInvocationStmt.java:96)
	at de.uka.ilkd.key.java.JP2KeYVisitor.lambda$map$1(JP2KeYConverter.java:402)
	at java.base/java.util.stream.ReferencePipeline$3$1.accept(ReferencePipeline.java:195)
	at java.base/java.util.ArrayList$ArrayListSpliterator.forEachRemaining(ArrayList.java:1655)
	at java.base/java.util.stream.AbstractPipeline.copyInto(AbstractPipeline.java:484)
	at java.base/java.util.stream.AbstractPipeline.wrapAndCopyInto(AbstractPipeline.java:474)
	at java.base/java.util.stream.ReduceOps$ReduceOp.evaluateSequential(ReduceOps.java:913)
	at java.base/java.util.stream.AbstractPipeline.evaluate(AbstractPipeline.java:234)
	at java.base/java.util.stream.ReferencePipeline.collect(ReferencePipeline.java:578)
	at de.uka.ilkd.key.java.JP2KeYVisitor.map(JP2KeYConverter.java:403)
	at de.uka.ilkd.key.java.JP2KeYVisitor.visit(JP2KeYConverter.java:258)
	at de.uka.ilkd.key.java.JP2KeYVisitor.visit(JP2KeYConverter.java:90)
	at com.github.javaparser.ast.stmt.BlockStmt.accept(BlockStmt.java:70)
	at de.uka.ilkd.key.java.JP2KeYVisitor.lambda$map$1(JP2KeYConverter.java:402)
	at java.base/java.util.stream.ReferencePipeline$3$1.accept(ReferencePipeline.java:195)
	at java.base/java.util.ArrayList$ArrayListSpliterator.forEachRemaining(ArrayList.java:1655)
	at java.base/java.util.stream.AbstractPipeline.copyInto(AbstractPipeline.java:484)
	at java.base/java.util.stream.AbstractPipeline.wrapAndCopyInto(AbstractPipeline.java:474)
	at java.base/java.util.stream.ReduceOps$ReduceOp.evaluateSequential(ReduceOps.java:913)
	at java.base/java.util.stream.AbstractPipeline.evaluate(AbstractPipeline.java:234)
	at java.base/java.util.stream.ReferencePipeline.collect(ReferencePipeline.java:578)
	at de.uka.ilkd.key.java.JP2KeYVisitor.map(JP2KeYConverter.java:403)
	at de.uka.ilkd.key.java.JP2KeYVisitor.visit(JP2KeYConverter.java:258)
	at de.uka.ilkd.key.java.JP2KeYVisitor.visit(JP2KeYConverter.java:90)
	at com.github.javaparser.ast.stmt.BlockStmt.accept(BlockStmt.java:70)
	at de.uka.ilkd.key.java.JP2KeYVisitor.accept(JP2KeYConverter.java:348)
	at de.uka.ilkd.key.java.JP2KeYVisitor.visit(JP2KeYConverter.java:946)
	at de.uka.ilkd.key.java.JP2KeYVisitor.visit(JP2KeYConverter.java:90)
	at com.github.javaparser.ast.stmt.TryStmt.accept(TryStmt.java:135)
	at de.uka.ilkd.key.java.JP2KeYVisitor.lambda$map$1(JP2KeYConverter.java:402)
	at java.base/java.util.stream.ReferencePipeline$3$1.accept(ReferencePipeline.java:195)
	at java.base/java.util.ArrayList$ArrayListSpliterator.forEachRemaining(ArrayList.java:1655)
	at java.base/java.util.stream.AbstractPipeline.copyInto(AbstractPipeline.java:484)
	at java.base/java.util.stream.AbstractPipeline.wrapAndCopyInto(AbstractPipeline.java:474)
	at java.base/java.util.stream.ReduceOps$ReduceOp.evaluateSequential(ReduceOps.java:913)
	at java.base/java.util.stream.AbstractPipeline.evaluate(AbstractPipeline.java:234)
	at java.base/java.util.stream.ReferencePipeline.collect(ReferencePipeline.java:578)
	at de.uka.ilkd.key.java.JP2KeYVisitor.map(JP2KeYConverter.java:403)
	at de.uka.ilkd.key.java.JP2KeYVisitor.visit(JP2KeYConverter.java:258)
	at de.uka.ilkd.key.java.JP2KeYVisitor.visit(JP2KeYConverter.java:90)
	at com.github.javaparser.ast.stmt.BlockStmt.accept(BlockStmt.java:70)
	at de.uka.ilkd.key.java.JP2KeYVisitor.accept(JP2KeYConverter.java:348)
	at de.uka.ilkd.key.java.JP2KeYVisitor.visit(JP2KeYConverter.java:609)
	at de.uka.ilkd.key.java.JP2KeYVisitor.visit(JP2KeYConverter.java:90)
	at com.github.javaparser.ast.stmt.IfStmt.accept(IfStmt.java:82)
	at de.uka.ilkd.key.java.JP2KeYVisitor.lambda$map$1(JP2KeYConverter.java:402)
	at java.base/java.util.stream.ReferencePipeline$3$1.accept(ReferencePipeline.java:195)
	at java.base/java.util.ArrayList$ArrayListSpliterator.forEachRemaining(ArrayList.java:1655)
	at java.base/java.util.stream.AbstractPipeline.copyInto(AbstractPipeline.java:484)
	at java.base/java.util.stream.AbstractPipeline.wrapAndCopyInto(AbstractPipeline.java:474)
	at java.base/java.util.stream.ReduceOps$ReduceOp.evaluateSequential(ReduceOps.java:913)
	at java.base/java.util.stream.AbstractPipeline.evaluate(AbstractPipeline.java:234)
	at java.base/java.util.stream.ReferencePipeline.collect(ReferencePipeline.java:578)
	at de.uka.ilkd.key.java.JP2KeYVisitor.map(JP2KeYConverter.java:403)
	at de.uka.ilkd.key.java.JP2KeYVisitor.visit(JP2KeYConverter.java:258)
	at de.uka.ilkd.key.java.JP2KeYVisitor.visit(JP2KeYConverter.java:90)
	at com.github.javaparser.ast.stmt.BlockStmt.accept(BlockStmt.java:70)
	at de.uka.ilkd.key.java.JP2KeYVisitor.accept(JP2KeYConverter.java:348)
	at de.uka.ilkd.key.java.JP2KeYVisitor.visit(JP2KeYConverter.java:609)
	at de.uka.ilkd.key.java.JP2KeYVisitor.visit(JP2KeYConverter.java:90)
	at com.github.javaparser.ast.stmt.IfStmt.accept(IfStmt.java:82)
	at de.uka.ilkd.key.java.JP2KeYVisitor.lambda$map$1(JP2KeYConverter.java:402)
	at java.base/java.util.stream.ReferencePipeline$3$1.accept(ReferencePipeline.java:195)
	at java.base/java.util.ArrayList$ArrayListSpliterator.forEachRemaining(ArrayList.java:1655)
	at java.base/java.util.stream.AbstractPipeline.copyInto(AbstractPipeline.java:484)
	at java.base/java.util.stream.AbstractPipeline.wrapAndCopyInto(AbstractPipeline.java:474)
	at java.base/java.util.stream.ReduceOps$ReduceOp.evaluateSequential(ReduceOps.java:913)
	at java.base/java.util.stream.AbstractPipeline.evaluate(AbstractPipeline.java:234)
	at java.base/java.util.stream.ReferencePipeline.collect(ReferencePipeline.java:578)
	at de.uka.ilkd.key.java.JP2KeYVisitor.map(JP2KeYConverter.java:403)
	at de.uka.ilkd.key.java.JP2KeYVisitor.visit(JP2KeYConverter.java:258)
	at de.uka.ilkd.key.java.JP2KeYVisitor.visit(JP2KeYConverter.java:90)
	at com.github.javaparser.ast.stmt.BlockStmt.accept(BlockStmt.java:70)
	at de.uka.ilkd.key.java.JP2KeYVisitor.accept(JP2KeYConverter.java:348)
	at de.uka.ilkd.key.java.JP2KeYVisitor.accepto(JP2KeYConverter.java:418)
	at de.uka.ilkd.key.java.JP2KeYVisitor.visit(JP2KeYConverter.java:688)
	at de.uka.ilkd.key.java.JP2KeYVisitor.visit(JP2KeYConverter.java:90)
	at com.github.javaparser.ast.body.MethodDeclaration.accept(MethodDeclaration.java:98)
	at de.uka.ilkd.key.java.JP2KeYVisitor.lambda$map$1(JP2KeYConverter.java:402)
	at java.base/java.util.stream.ReferencePipeline$3$1.accept(ReferencePipeline.java:195)
	at java.base/java.util.ArrayList$ArrayListSpliterator.forEachRemaining(ArrayList.java:1655)
	at java.base/java.util.stream.AbstractPipeline.copyInto(AbstractPipeline.java:484)
	at java.base/java.util.stream.AbstractPipeline.wrapAndCopyInto(AbstractPipeline.java:474)
	at java.base/java.util.stream.ReduceOps$ReduceOp.evaluateSequential(ReduceOps.java:913)
	at java.base/java.util.stream.AbstractPipeline.evaluate(AbstractPipeline.java:234)
	at java.base/java.util.stream.ReferencePipeline.collect(ReferencePipeline.java:578)
	at de.uka.ilkd.key.java.JP2KeYVisitor.map(JP2KeYConverter.java:403)
	at de.uka.ilkd.key.java.JP2KeYVisitor.visit(JP2KeYConverter.java:310)
	at de.uka.ilkd.key.java.JP2KeYVisitor.visit(JP2KeYConverter.java:90)
	at com.github.javaparser.ast.body.ClassOrInterfaceDeclaration.accept(ClassOrInterfaceDeclaration.java:95)
	at de.uka.ilkd.key.java.JP2KeYVisitor.lambda$map$1(JP2KeYConverter.java:402)
	at java.base/java.util.stream.ReferencePipeline$3$1.accept(ReferencePipeline.java:195)
	at java.base/java.util.ArrayList$ArrayListSpliterator.forEachRemaining(ArrayList.java:1655)
	at java.base/java.util.stream.AbstractPipeline.copyInto(AbstractPipeline.java:484)
	at java.base/java.util.stream.AbstractPipeline.wrapAndCopyInto(AbstractPipeline.java:474)
	at java.base/java.util.stream.ReduceOps$ReduceOp.evaluateSequential(ReduceOps.java:913)
	at java.base/java.util.stream.AbstractPipeline.evaluate(AbstractPipeline.java:234)
	at java.base/java.util.stream.ReferencePipeline.collect(ReferencePipeline.java:578)
	at de.uka.ilkd.key.java.JP2KeYVisitor.map(JP2KeYConverter.java:403)
	at de.uka.ilkd.key.java.JP2KeYVisitor.visit(JP2KeYConverter.java:393)
	at de.uka.ilkd.key.java.JP2KeYVisitor.visit(JP2KeYConverter.java:90)
	at com.github.javaparser.ast.CompilationUnit.accept(CompilationUnit.java:124)
	at de.uka.ilkd.key.java.JP2KeYConverter.process(JP2KeYConverter.java:84)
	at de.uka.ilkd.key.java.JP2KeYConverter.processCompilationUnit(JP2KeYConverter.java:80)
	at de.uka.ilkd.key.java.JavaService.parseLibraryClasses0(JavaService.java:536)
	at de.uka.ilkd.key.java.JavaService.parseSpecialClasses(JavaService.java:511)
	at de.uka.ilkd.key.proof.init.ProblemInitializer.readJava(ProblemInitializer.java:280)
	at de.uka.ilkd.key.proof.init.ProblemInitializer.prepare(ProblemInitializer.java:529)
	at de.uka.ilkd.key.proof.init.ProblemInitializer.prepare(ProblemInitializer.java:471)
	at de.uka.ilkd.key.rule.TacletForTests.parse(TacletForTests.java:80)
	... 91 more
</failure>
  </testcase>
  <testcase name="testAddExistingFormulaTwoInAntec()" classname="de.uka.ilkd.key.rule.TestApplyTaclet" time="0.153">
    <failure message="java.lang.RuntimeException: Exception occurred while parsing src\test\resources\testcase\testrules.key" type="java.lang.RuntimeException">java.lang.RuntimeException: Exception occurred while parsing src\test\resources\testcase\testrules.key
	at de.uka.ilkd.key.rule.TacletForTests.parse(TacletForTests.java:89)
	at de.uka.ilkd.key.rule.TacletForTests.parse(TacletForTests.java:125)
	at de.uka.ilkd.key.rule.TacletForTests.parse(TacletForTests.java:129)
	at de.uka.ilkd.key.rule.TestApplyTaclet.setUp(TestApplyTaclet.java:75)
	at java.base/jdk.internal.reflect.NativeMethodAccessorImpl.invoke0(Native Method)
	at java.base/jdk.internal.reflect.NativeMethodAccessorImpl.invoke(NativeMethodAccessorImpl.java:62)
	at java.base/jdk.internal.reflect.DelegatingMethodAccessorImpl.invoke(DelegatingMethodAccessorImpl.java:43)
	at java.base/java.lang.reflect.Method.invoke(Method.java:566)
	at org.junit.platform.commons.util.ReflectionUtils.invokeMethod(ReflectionUtils.java:727)
	at org.junit.jupiter.engine.execution.MethodInvocation.proceed(MethodInvocation.java:60)
	at org.junit.jupiter.engine.execution.InvocationInterceptorChain$ValidatingInvocation.proceed(InvocationInterceptorChain.java:131)
	at org.junit.jupiter.engine.extension.TimeoutExtension.intercept(TimeoutExtension.java:156)
	at org.junit.jupiter.engine.extension.TimeoutExtension.interceptLifecycleMethod(TimeoutExtension.java:128)
	at org.junit.jupiter.engine.extension.TimeoutExtension.interceptBeforeEachMethod(TimeoutExtension.java:78)
	at org.junit.jupiter.engine.execution.InterceptingExecutableInvoker$ReflectiveInterceptorCall.lambda$ofVoidMethod$0(InterceptingExecutableInvoker.java:103)
	at org.junit.jupiter.engine.execution.InterceptingExecutableInvoker.lambda$invoke$0(InterceptingExecutableInvoker.java:93)
	at org.junit.jupiter.engine.execution.InvocationInterceptorChain$InterceptedInvocation.proceed(InvocationInterceptorChain.java:106)
	at org.junit.jupiter.engine.execution.InvocationInterceptorChain.proceed(InvocationInterceptorChain.java:64)
	at org.junit.jupiter.engine.execution.InvocationInterceptorChain.chainAndInvoke(InvocationInterceptorChain.java:45)
	at org.junit.jupiter.engine.execution.InvocationInterceptorChain.invoke(InvocationInterceptorChain.java:37)
	at org.junit.jupiter.engine.execution.InterceptingExecutableInvoker.invoke(InterceptingExecutableInvoker.java:92)
	at org.junit.jupiter.engine.execution.InterceptingExecutableInvoker.invoke(InterceptingExecutableInvoker.java:86)
	at org.junit.jupiter.engine.descriptor.ClassBasedTestDescriptor.invokeMethodInExtensionContext(ClassBasedTestDescriptor.java:520)
	at org.junit.jupiter.engine.descriptor.ClassBasedTestDescriptor.lambda$synthesizeBeforeEachMethodAdapter$23(ClassBasedTestDescriptor.java:505)
	at org.junit.jupiter.engine.descriptor.TestMethodTestDescriptor.lambda$invokeBeforeEachMethods$3(TestMethodTestDescriptor.java:174)
	at org.junit.jupiter.engine.descriptor.TestMethodTestDescriptor.lambda$invokeBeforeMethodsOrCallbacksUntilExceptionOccurs$6(TestMethodTestDescriptor.java:202)
	at org.junit.platform.engine.support.hierarchical.ThrowableCollector.execute(ThrowableCollector.java:73)
	at org.junit.jupiter.engine.descriptor.TestMethodTestDescriptor.invokeBeforeMethodsOrCallbacksUntilExceptionOccurs(TestMethodTestDescriptor.java:202)
	at org.junit.jupiter.engine.descriptor.TestMethodTestDescriptor.invokeBeforeEachMethods(TestMethodTestDescriptor.java:171)
	at org.junit.jupiter.engine.descriptor.TestMethodTestDescriptor.execute(TestMethodTestDescriptor.java:134)
	at org.junit.jupiter.engine.descriptor.TestMethodTestDescriptor.execute(TestMethodTestDescriptor.java:68)
	at org.junit.platform.engine.support.hierarchical.NodeTestTask.lambda$executeRecursively$6(NodeTestTask.java:151)
	at org.junit.platform.engine.support.hierarchical.ThrowableCollector.execute(ThrowableCollector.java:73)
	at org.junit.platform.engine.support.hierarchical.NodeTestTask.lambda$executeRecursively$8(NodeTestTask.java:141)
	at org.junit.platform.engine.support.hierarchical.Node.around(Node.java:137)
	at org.junit.platform.engine.support.hierarchical.NodeTestTask.lambda$executeRecursively$9(NodeTestTask.java:139)
	at org.junit.platform.engine.support.hierarchical.ThrowableCollector.execute(ThrowableCollector.java:73)
	at org.junit.platform.engine.support.hierarchical.NodeTestTask.executeRecursively(NodeTestTask.java:138)
	at org.junit.platform.engine.support.hierarchical.NodeTestTask.execute(NodeTestTask.java:95)
	at java.base/java.util.ArrayList.forEach(ArrayList.java:1541)
	at org.junit.platform.engine.support.hierarchical.SameThreadHierarchicalTestExecutorService.invokeAll(SameThreadHierarchicalTestExecutorService.java:41)
	at org.junit.platform.engine.support.hierarchical.NodeTestTask.lambda$executeRecursively$6(NodeTestTask.java:155)
	at org.junit.platform.engine.support.hierarchical.ThrowableCollector.execute(ThrowableCollector.java:73)
	at org.junit.platform.engine.support.hierarchical.NodeTestTask.lambda$executeRecursively$8(NodeTestTask.java:141)
	at org.junit.platform.engine.support.hierarchical.Node.around(Node.java:137)
	at org.junit.platform.engine.support.hierarchical.NodeTestTask.lambda$executeRecursively$9(NodeTestTask.java:139)
	at org.junit.platform.engine.support.hierarchical.ThrowableCollector.execute(ThrowableCollector.java:73)
	at org.junit.platform.engine.support.hierarchical.NodeTestTask.executeRecursively(NodeTestTask.java:138)
	at org.junit.platform.engine.support.hierarchical.NodeTestTask.execute(NodeTestTask.java:95)
	at java.base/java.util.ArrayList.forEach(ArrayList.java:1541)
	at org.junit.platform.engine.support.hierarchical.SameThreadHierarchicalTestExecutorService.invokeAll(SameThreadHierarchicalTestExecutorService.java:41)
	at org.junit.platform.engine.support.hierarchical.NodeTestTask.lambda$executeRecursively$6(NodeTestTask.java:155)
	at org.junit.platform.engine.support.hierarchical.ThrowableCollector.execute(ThrowableCollector.java:73)
	at org.junit.platform.engine.support.hierarchical.NodeTestTask.lambda$executeRecursively$8(NodeTestTask.java:141)
	at org.junit.platform.engine.support.hierarchical.Node.around(Node.java:137)
	at org.junit.platform.engine.support.hierarchical.NodeTestTask.lambda$executeRecursively$9(NodeTestTask.java:139)
	at org.junit.platform.engine.support.hierarchical.ThrowableCollector.execute(ThrowableCollector.java:73)
	at org.junit.platform.engine.support.hierarchical.NodeTestTask.executeRecursively(NodeTestTask.java:138)
	at org.junit.platform.engine.support.hierarchical.NodeTestTask.execute(NodeTestTask.java:95)
	at org.junit.platform.engine.support.hierarchical.SameThreadHierarchicalTestExecutorService.submit(SameThreadHierarchicalTestExecutorService.java:35)
	at org.junit.platform.engine.support.hierarchical.HierarchicalTestExecutor.execute(HierarchicalTestExecutor.java:57)
	at org.junit.platform.engine.support.hierarchical.HierarchicalTestEngine.execute(HierarchicalTestEngine.java:54)
	at org.junit.platform.launcher.core.EngineExecutionOrchestrator.execute(EngineExecutionOrchestrator.java:107)
	at org.junit.platform.launcher.core.EngineExecutionOrchestrator.execute(EngineExecutionOrchestrator.java:88)
	at org.junit.platform.launcher.core.EngineExecutionOrchestrator.lambda$execute$0(EngineExecutionOrchestrator.java:54)
	at org.junit.platform.launcher.core.EngineExecutionOrchestrator.withInterceptedStreams(EngineExecutionOrchestrator.java:67)
	at org.junit.platform.launcher.core.EngineExecutionOrchestrator.execute(EngineExecutionOrchestrator.java:52)
	at org.junit.platform.launcher.core.DefaultLauncher.execute(DefaultLauncher.java:114)
	at org.junit.platform.launcher.core.DefaultLauncher.execute(DefaultLauncher.java:86)
	at org.junit.platform.launcher.core.DefaultLauncherSession$DelegatingLauncher.execute(DefaultLauncherSession.java:86)
	at org.gradle.api.internal.tasks.testing.junitplatform.JUnitPlatformTestClassProcessor$CollectAllTestClassesExecutor.processAllTestClasses(JUnitPlatformTestClassProcessor.java:110)
	at org.gradle.api.internal.tasks.testing.junitplatform.JUnitPlatformTestClassProcessor$CollectAllTestClassesExecutor.access$000(JUnitPlatformTestClassProcessor.java:90)
	at org.gradle.api.internal.tasks.testing.junitplatform.JUnitPlatformTestClassProcessor.stop(JUnitPlatformTestClassProcessor.java:85)
	at org.gradle.api.internal.tasks.testing.SuiteTestClassProcessor.stop(SuiteTestClassProcessor.java:62)
	at java.base/jdk.internal.reflect.NativeMethodAccessorImpl.invoke0(Native Method)
	at java.base/jdk.internal.reflect.NativeMethodAccessorImpl.invoke(NativeMethodAccessorImpl.java:62)
	at java.base/jdk.internal.reflect.DelegatingMethodAccessorImpl.invoke(DelegatingMethodAccessorImpl.java:43)
	at java.base/java.lang.reflect.Method.invoke(Method.java:566)
	at org.gradle.internal.dispatch.ReflectionDispatch.dispatch(ReflectionDispatch.java:36)
	at org.gradle.internal.dispatch.ReflectionDispatch.dispatch(ReflectionDispatch.java:24)
	at org.gradle.internal.dispatch.ContextClassLoaderDispatch.dispatch(ContextClassLoaderDispatch.java:33)
	at org.gradle.internal.dispatch.ProxyDispatchAdapter$DispatchingInvocationHandler.invoke(ProxyDispatchAdapter.java:94)
	at com.sun.proxy.$Proxy5.stop(Unknown Source)
	at org.gradle.api.internal.tasks.testing.worker.TestWorker$3.run(TestWorker.java:193)
	at org.gradle.api.internal.tasks.testing.worker.TestWorker.executeAndMaintainThreadName(TestWorker.java:129)
	at org.gradle.api.internal.tasks.testing.worker.TestWorker.execute(TestWorker.java:100)
	at org.gradle.api.internal.tasks.testing.worker.TestWorker.execute(TestWorker.java:60)
	at org.gradle.process.internal.worker.child.ActionExecutionWorker.execute(ActionExecutionWorker.java:56)
	at org.gradle.process.internal.worker.child.SystemApplicationClassLoaderWorker.call(SystemApplicationClassLoaderWorker.java:113)
	at org.gradle.process.internal.worker.child.SystemApplicationClassLoaderWorker.call(SystemApplicationClassLoaderWorker.java:65)
	at worker.org.gradle.process.internal.worker.GradleWorkerMain.run(GradleWorkerMain.java:69)
	at worker.org.gradle.process.internal.worker.GradleWorkerMain.main(GradleWorkerMain.java:74)
Caused by: UnsolvedSymbolException{context='arg0', name='Solving arg0', cause='null'}
	at com.github.javaparser.symbolsolver.javaparsermodel.TypeExtractor.visit(TypeExtractor.java:335)
	at com.github.javaparser.symbolsolver.javaparsermodel.TypeExtractor.visit(TypeExtractor.java:65)
	at com.github.javaparser.ast.expr.NameExpr.accept(NameExpr.java:79)
	at com.github.javaparser.symbolsolver.javaparsermodel.JavaParserFacade.getTypeConcrete(JavaParserFacade.java:505)
	at com.github.javaparser.symbolsolver.javaparsermodel.JavaParserFacade.getType(JavaParserFacade.java:352)
	at com.github.javaparser.symbolsolver.javaparsermodel.JavaParserFacade.getType(JavaParserFacade.java:334)
	at com.github.javaparser.symbolsolver.JavaSymbolSolver.calculateType(JavaSymbolSolver.java:294)
	at com.github.javaparser.ast.expr.Expression.calculateResolvedType(Expression.java:573)
	at de.uka.ilkd.key.java.JP2KeYVisitor.visit(JP2KeYConverter.java:707)
	at de.uka.ilkd.key.java.JP2KeYVisitor.visit(JP2KeYConverter.java:90)
	at com.github.javaparser.ast.expr.NameExpr.accept(NameExpr.java:79)
	at de.uka.ilkd.key.java.JP2KeYVisitor.lambda$map$1(JP2KeYConverter.java:402)
	at java.base/java.util.stream.ReferencePipeline$3$1.accept(ReferencePipeline.java:195)
	at java.base/java.util.ArrayList$ArrayListSpliterator.forEachRemaining(ArrayList.java:1655)
	at java.base/java.util.stream.AbstractPipeline.copyInto(AbstractPipeline.java:484)
	at java.base/java.util.stream.AbstractPipeline.wrapAndCopyInto(AbstractPipeline.java:474)
	at java.base/java.util.stream.ReduceOps$ReduceOp.evaluateSequential(ReduceOps.java:913)
	at java.base/java.util.stream.AbstractPipeline.evaluate(AbstractPipeline.java:234)
	at java.base/java.util.stream.ReferencePipeline.collect(ReferencePipeline.java:578)
	at de.uka.ilkd.key.java.JP2KeYVisitor.map(JP2KeYConverter.java:403)
	at de.uka.ilkd.key.java.JP2KeYVisitor.visit(JP2KeYConverter.java:506)
	at de.uka.ilkd.key.java.JP2KeYVisitor.visit(JP2KeYConverter.java:90)
	at com.github.javaparser.ast.stmt.ExplicitConstructorInvocationStmt.accept(ExplicitConstructorInvocationStmt.java:96)
	at de.uka.ilkd.key.java.JP2KeYVisitor.lambda$map$1(JP2KeYConverter.java:402)
	at java.base/java.util.stream.ReferencePipeline$3$1.accept(ReferencePipeline.java:195)
	at java.base/java.util.ArrayList$ArrayListSpliterator.forEachRemaining(ArrayList.java:1655)
	at java.base/java.util.stream.AbstractPipeline.copyInto(AbstractPipeline.java:484)
	at java.base/java.util.stream.AbstractPipeline.wrapAndCopyInto(AbstractPipeline.java:474)
	at java.base/java.util.stream.ReduceOps$ReduceOp.evaluateSequential(ReduceOps.java:913)
	at java.base/java.util.stream.AbstractPipeline.evaluate(AbstractPipeline.java:234)
	at java.base/java.util.stream.ReferencePipeline.collect(ReferencePipeline.java:578)
	at de.uka.ilkd.key.java.JP2KeYVisitor.map(JP2KeYConverter.java:403)
	at de.uka.ilkd.key.java.JP2KeYVisitor.visit(JP2KeYConverter.java:258)
	at de.uka.ilkd.key.java.JP2KeYVisitor.visit(JP2KeYConverter.java:90)
	at com.github.javaparser.ast.stmt.BlockStmt.accept(BlockStmt.java:70)
	at de.uka.ilkd.key.java.JP2KeYVisitor.lambda$map$1(JP2KeYConverter.java:402)
	at java.base/java.util.stream.ReferencePipeline$3$1.accept(ReferencePipeline.java:195)
	at java.base/java.util.ArrayList$ArrayListSpliterator.forEachRemaining(ArrayList.java:1655)
	at java.base/java.util.stream.AbstractPipeline.copyInto(AbstractPipeline.java:484)
	at java.base/java.util.stream.AbstractPipeline.wrapAndCopyInto(AbstractPipeline.java:474)
	at java.base/java.util.stream.ReduceOps$ReduceOp.evaluateSequential(ReduceOps.java:913)
	at java.base/java.util.stream.AbstractPipeline.evaluate(AbstractPipeline.java:234)
	at java.base/java.util.stream.ReferencePipeline.collect(ReferencePipeline.java:578)
	at de.uka.ilkd.key.java.JP2KeYVisitor.map(JP2KeYConverter.java:403)
	at de.uka.ilkd.key.java.JP2KeYVisitor.visit(JP2KeYConverter.java:258)
	at de.uka.ilkd.key.java.JP2KeYVisitor.visit(JP2KeYConverter.java:90)
	at com.github.javaparser.ast.stmt.BlockStmt.accept(BlockStmt.java:70)
	at de.uka.ilkd.key.java.JP2KeYVisitor.accept(JP2KeYConverter.java:348)
	at de.uka.ilkd.key.java.JP2KeYVisitor.visit(JP2KeYConverter.java:946)
	at de.uka.ilkd.key.java.JP2KeYVisitor.visit(JP2KeYConverter.java:90)
	at com.github.javaparser.ast.stmt.TryStmt.accept(TryStmt.java:135)
	at de.uka.ilkd.key.java.JP2KeYVisitor.lambda$map$1(JP2KeYConverter.java:402)
	at java.base/java.util.stream.ReferencePipeline$3$1.accept(ReferencePipeline.java:195)
	at java.base/java.util.ArrayList$ArrayListSpliterator.forEachRemaining(ArrayList.java:1655)
	at java.base/java.util.stream.AbstractPipeline.copyInto(AbstractPipeline.java:484)
	at java.base/java.util.stream.AbstractPipeline.wrapAndCopyInto(AbstractPipeline.java:474)
	at java.base/java.util.stream.ReduceOps$ReduceOp.evaluateSequential(ReduceOps.java:913)
	at java.base/java.util.stream.AbstractPipeline.evaluate(AbstractPipeline.java:234)
	at java.base/java.util.stream.ReferencePipeline.collect(ReferencePipeline.java:578)
	at de.uka.ilkd.key.java.JP2KeYVisitor.map(JP2KeYConverter.java:403)
	at de.uka.ilkd.key.java.JP2KeYVisitor.visit(JP2KeYConverter.java:258)
	at de.uka.ilkd.key.java.JP2KeYVisitor.visit(JP2KeYConverter.java:90)
	at com.github.javaparser.ast.stmt.BlockStmt.accept(BlockStmt.java:70)
	at de.uka.ilkd.key.java.JP2KeYVisitor.accept(JP2KeYConverter.java:348)
	at de.uka.ilkd.key.java.JP2KeYVisitor.visit(JP2KeYConverter.java:609)
	at de.uka.ilkd.key.java.JP2KeYVisitor.visit(JP2KeYConverter.java:90)
	at com.github.javaparser.ast.stmt.IfStmt.accept(IfStmt.java:82)
	at de.uka.ilkd.key.java.JP2KeYVisitor.lambda$map$1(JP2KeYConverter.java:402)
	at java.base/java.util.stream.ReferencePipeline$3$1.accept(ReferencePipeline.java:195)
	at java.base/java.util.ArrayList$ArrayListSpliterator.forEachRemaining(ArrayList.java:1655)
	at java.base/java.util.stream.AbstractPipeline.copyInto(AbstractPipeline.java:484)
	at java.base/java.util.stream.AbstractPipeline.wrapAndCopyInto(AbstractPipeline.java:474)
	at java.base/java.util.stream.ReduceOps$ReduceOp.evaluateSequential(ReduceOps.java:913)
	at java.base/java.util.stream.AbstractPipeline.evaluate(AbstractPipeline.java:234)
	at java.base/java.util.stream.ReferencePipeline.collect(ReferencePipeline.java:578)
	at de.uka.ilkd.key.java.JP2KeYVisitor.map(JP2KeYConverter.java:403)
	at de.uka.ilkd.key.java.JP2KeYVisitor.visit(JP2KeYConverter.java:258)
	at de.uka.ilkd.key.java.JP2KeYVisitor.visit(JP2KeYConverter.java:90)
	at com.github.javaparser.ast.stmt.BlockStmt.accept(BlockStmt.java:70)
	at de.uka.ilkd.key.java.JP2KeYVisitor.accept(JP2KeYConverter.java:348)
	at de.uka.ilkd.key.java.JP2KeYVisitor.visit(JP2KeYConverter.java:609)
	at de.uka.ilkd.key.java.JP2KeYVisitor.visit(JP2KeYConverter.java:90)
	at com.github.javaparser.ast.stmt.IfStmt.accept(IfStmt.java:82)
	at de.uka.ilkd.key.java.JP2KeYVisitor.lambda$map$1(JP2KeYConverter.java:402)
	at java.base/java.util.stream.ReferencePipeline$3$1.accept(ReferencePipeline.java:195)
	at java.base/java.util.ArrayList$ArrayListSpliterator.forEachRemaining(ArrayList.java:1655)
	at java.base/java.util.stream.AbstractPipeline.copyInto(AbstractPipeline.java:484)
	at java.base/java.util.stream.AbstractPipeline.wrapAndCopyInto(AbstractPipeline.java:474)
	at java.base/java.util.stream.ReduceOps$ReduceOp.evaluateSequential(ReduceOps.java:913)
	at java.base/java.util.stream.AbstractPipeline.evaluate(AbstractPipeline.java:234)
	at java.base/java.util.stream.ReferencePipeline.collect(ReferencePipeline.java:578)
	at de.uka.ilkd.key.java.JP2KeYVisitor.map(JP2KeYConverter.java:403)
	at de.uka.ilkd.key.java.JP2KeYVisitor.visit(JP2KeYConverter.java:258)
	at de.uka.ilkd.key.java.JP2KeYVisitor.visit(JP2KeYConverter.java:90)
	at com.github.javaparser.ast.stmt.BlockStmt.accept(BlockStmt.java:70)
	at de.uka.ilkd.key.java.JP2KeYVisitor.accept(JP2KeYConverter.java:348)
	at de.uka.ilkd.key.java.JP2KeYVisitor.accepto(JP2KeYConverter.java:418)
	at de.uka.ilkd.key.java.JP2KeYVisitor.visit(JP2KeYConverter.java:688)
	at de.uka.ilkd.key.java.JP2KeYVisitor.visit(JP2KeYConverter.java:90)
	at com.github.javaparser.ast.body.MethodDeclaration.accept(MethodDeclaration.java:98)
	at de.uka.ilkd.key.java.JP2KeYVisitor.lambda$map$1(JP2KeYConverter.java:402)
	at java.base/java.util.stream.ReferencePipeline$3$1.accept(ReferencePipeline.java:195)
	at java.base/java.util.ArrayList$ArrayListSpliterator.forEachRemaining(ArrayList.java:1655)
	at java.base/java.util.stream.AbstractPipeline.copyInto(AbstractPipeline.java:484)
	at java.base/java.util.stream.AbstractPipeline.wrapAndCopyInto(AbstractPipeline.java:474)
	at java.base/java.util.stream.ReduceOps$ReduceOp.evaluateSequential(ReduceOps.java:913)
	at java.base/java.util.stream.AbstractPipeline.evaluate(AbstractPipeline.java:234)
	at java.base/java.util.stream.ReferencePipeline.collect(ReferencePipeline.java:578)
	at de.uka.ilkd.key.java.JP2KeYVisitor.map(JP2KeYConverter.java:403)
	at de.uka.ilkd.key.java.JP2KeYVisitor.visit(JP2KeYConverter.java:310)
	at de.uka.ilkd.key.java.JP2KeYVisitor.visit(JP2KeYConverter.java:90)
	at com.github.javaparser.ast.body.ClassOrInterfaceDeclaration.accept(ClassOrInterfaceDeclaration.java:95)
	at de.uka.ilkd.key.java.JP2KeYVisitor.lambda$map$1(JP2KeYConverter.java:402)
	at java.base/java.util.stream.ReferencePipeline$3$1.accept(ReferencePipeline.java:195)
	at java.base/java.util.ArrayList$ArrayListSpliterator.forEachRemaining(ArrayList.java:1655)
	at java.base/java.util.stream.AbstractPipeline.copyInto(AbstractPipeline.java:484)
	at java.base/java.util.stream.AbstractPipeline.wrapAndCopyInto(AbstractPipeline.java:474)
	at java.base/java.util.stream.ReduceOps$ReduceOp.evaluateSequential(ReduceOps.java:913)
	at java.base/java.util.stream.AbstractPipeline.evaluate(AbstractPipeline.java:234)
	at java.base/java.util.stream.ReferencePipeline.collect(ReferencePipeline.java:578)
	at de.uka.ilkd.key.java.JP2KeYVisitor.map(JP2KeYConverter.java:403)
	at de.uka.ilkd.key.java.JP2KeYVisitor.visit(JP2KeYConverter.java:393)
	at de.uka.ilkd.key.java.JP2KeYVisitor.visit(JP2KeYConverter.java:90)
	at com.github.javaparser.ast.CompilationUnit.accept(CompilationUnit.java:124)
	at de.uka.ilkd.key.java.JP2KeYConverter.process(JP2KeYConverter.java:84)
	at de.uka.ilkd.key.java.JP2KeYConverter.processCompilationUnit(JP2KeYConverter.java:80)
	at de.uka.ilkd.key.java.JavaService.parseLibraryClasses0(JavaService.java:536)
	at de.uka.ilkd.key.java.JavaService.parseSpecialClasses(JavaService.java:511)
	at de.uka.ilkd.key.proof.init.ProblemInitializer.readJava(ProblemInitializer.java:280)
	at de.uka.ilkd.key.proof.init.ProblemInitializer.prepare(ProblemInitializer.java:529)
	at de.uka.ilkd.key.proof.init.ProblemInitializer.prepare(ProblemInitializer.java:471)
	at de.uka.ilkd.key.rule.TacletForTests.parse(TacletForTests.java:80)
	... 91 more
</failure>
  </testcase>
  <testcase name="testAddExistingFormulaTwoInSucc2()" classname="de.uka.ilkd.key.rule.TestApplyTaclet" time="0.194">
    <failure message="java.lang.RuntimeException: Exception occurred while parsing src\test\resources\testcase\testrules.key" type="java.lang.RuntimeException">java.lang.RuntimeException: Exception occurred while parsing src\test\resources\testcase\testrules.key
	at de.uka.ilkd.key.rule.TacletForTests.parse(TacletForTests.java:89)
	at de.uka.ilkd.key.rule.TacletForTests.parse(TacletForTests.java:125)
	at de.uka.ilkd.key.rule.TacletForTests.parse(TacletForTests.java:129)
	at de.uka.ilkd.key.rule.TestApplyTaclet.setUp(TestApplyTaclet.java:75)
	at java.base/jdk.internal.reflect.NativeMethodAccessorImpl.invoke0(Native Method)
	at java.base/jdk.internal.reflect.NativeMethodAccessorImpl.invoke(NativeMethodAccessorImpl.java:62)
	at java.base/jdk.internal.reflect.DelegatingMethodAccessorImpl.invoke(DelegatingMethodAccessorImpl.java:43)
	at java.base/java.lang.reflect.Method.invoke(Method.java:566)
	at org.junit.platform.commons.util.ReflectionUtils.invokeMethod(ReflectionUtils.java:727)
	at org.junit.jupiter.engine.execution.MethodInvocation.proceed(MethodInvocation.java:60)
	at org.junit.jupiter.engine.execution.InvocationInterceptorChain$ValidatingInvocation.proceed(InvocationInterceptorChain.java:131)
	at org.junit.jupiter.engine.extension.TimeoutExtension.intercept(TimeoutExtension.java:156)
	at org.junit.jupiter.engine.extension.TimeoutExtension.interceptLifecycleMethod(TimeoutExtension.java:128)
	at org.junit.jupiter.engine.extension.TimeoutExtension.interceptBeforeEachMethod(TimeoutExtension.java:78)
	at org.junit.jupiter.engine.execution.InterceptingExecutableInvoker$ReflectiveInterceptorCall.lambda$ofVoidMethod$0(InterceptingExecutableInvoker.java:103)
	at org.junit.jupiter.engine.execution.InterceptingExecutableInvoker.lambda$invoke$0(InterceptingExecutableInvoker.java:93)
	at org.junit.jupiter.engine.execution.InvocationInterceptorChain$InterceptedInvocation.proceed(InvocationInterceptorChain.java:106)
	at org.junit.jupiter.engine.execution.InvocationInterceptorChain.proceed(InvocationInterceptorChain.java:64)
	at org.junit.jupiter.engine.execution.InvocationInterceptorChain.chainAndInvoke(InvocationInterceptorChain.java:45)
	at org.junit.jupiter.engine.execution.InvocationInterceptorChain.invoke(InvocationInterceptorChain.java:37)
	at org.junit.jupiter.engine.execution.InterceptingExecutableInvoker.invoke(InterceptingExecutableInvoker.java:92)
	at org.junit.jupiter.engine.execution.InterceptingExecutableInvoker.invoke(InterceptingExecutableInvoker.java:86)
	at org.junit.jupiter.engine.descriptor.ClassBasedTestDescriptor.invokeMethodInExtensionContext(ClassBasedTestDescriptor.java:520)
	at org.junit.jupiter.engine.descriptor.ClassBasedTestDescriptor.lambda$synthesizeBeforeEachMethodAdapter$23(ClassBasedTestDescriptor.java:505)
	at org.junit.jupiter.engine.descriptor.TestMethodTestDescriptor.lambda$invokeBeforeEachMethods$3(TestMethodTestDescriptor.java:174)
	at org.junit.jupiter.engine.descriptor.TestMethodTestDescriptor.lambda$invokeBeforeMethodsOrCallbacksUntilExceptionOccurs$6(TestMethodTestDescriptor.java:202)
	at org.junit.platform.engine.support.hierarchical.ThrowableCollector.execute(ThrowableCollector.java:73)
	at org.junit.jupiter.engine.descriptor.TestMethodTestDescriptor.invokeBeforeMethodsOrCallbacksUntilExceptionOccurs(TestMethodTestDescriptor.java:202)
	at org.junit.jupiter.engine.descriptor.TestMethodTestDescriptor.invokeBeforeEachMethods(TestMethodTestDescriptor.java:171)
	at org.junit.jupiter.engine.descriptor.TestMethodTestDescriptor.execute(TestMethodTestDescriptor.java:134)
	at org.junit.jupiter.engine.descriptor.TestMethodTestDescriptor.execute(TestMethodTestDescriptor.java:68)
	at org.junit.platform.engine.support.hierarchical.NodeTestTask.lambda$executeRecursively$6(NodeTestTask.java:151)
	at org.junit.platform.engine.support.hierarchical.ThrowableCollector.execute(ThrowableCollector.java:73)
	at org.junit.platform.engine.support.hierarchical.NodeTestTask.lambda$executeRecursively$8(NodeTestTask.java:141)
	at org.junit.platform.engine.support.hierarchical.Node.around(Node.java:137)
	at org.junit.platform.engine.support.hierarchical.NodeTestTask.lambda$executeRecursively$9(NodeTestTask.java:139)
	at org.junit.platform.engine.support.hierarchical.ThrowableCollector.execute(ThrowableCollector.java:73)
	at org.junit.platform.engine.support.hierarchical.NodeTestTask.executeRecursively(NodeTestTask.java:138)
	at org.junit.platform.engine.support.hierarchical.NodeTestTask.execute(NodeTestTask.java:95)
	at java.base/java.util.ArrayList.forEach(ArrayList.java:1541)
	at org.junit.platform.engine.support.hierarchical.SameThreadHierarchicalTestExecutorService.invokeAll(SameThreadHierarchicalTestExecutorService.java:41)
	at org.junit.platform.engine.support.hierarchical.NodeTestTask.lambda$executeRecursively$6(NodeTestTask.java:155)
	at org.junit.platform.engine.support.hierarchical.ThrowableCollector.execute(ThrowableCollector.java:73)
	at org.junit.platform.engine.support.hierarchical.NodeTestTask.lambda$executeRecursively$8(NodeTestTask.java:141)
	at org.junit.platform.engine.support.hierarchical.Node.around(Node.java:137)
	at org.junit.platform.engine.support.hierarchical.NodeTestTask.lambda$executeRecursively$9(NodeTestTask.java:139)
	at org.junit.platform.engine.support.hierarchical.ThrowableCollector.execute(ThrowableCollector.java:73)
	at org.junit.platform.engine.support.hierarchical.NodeTestTask.executeRecursively(NodeTestTask.java:138)
	at org.junit.platform.engine.support.hierarchical.NodeTestTask.execute(NodeTestTask.java:95)
	at java.base/java.util.ArrayList.forEach(ArrayList.java:1541)
	at org.junit.platform.engine.support.hierarchical.SameThreadHierarchicalTestExecutorService.invokeAll(SameThreadHierarchicalTestExecutorService.java:41)
	at org.junit.platform.engine.support.hierarchical.NodeTestTask.lambda$executeRecursively$6(NodeTestTask.java:155)
	at org.junit.platform.engine.support.hierarchical.ThrowableCollector.execute(ThrowableCollector.java:73)
	at org.junit.platform.engine.support.hierarchical.NodeTestTask.lambda$executeRecursively$8(NodeTestTask.java:141)
	at org.junit.platform.engine.support.hierarchical.Node.around(Node.java:137)
	at org.junit.platform.engine.support.hierarchical.NodeTestTask.lambda$executeRecursively$9(NodeTestTask.java:139)
	at org.junit.platform.engine.support.hierarchical.ThrowableCollector.execute(ThrowableCollector.java:73)
	at org.junit.platform.engine.support.hierarchical.NodeTestTask.executeRecursively(NodeTestTask.java:138)
	at org.junit.platform.engine.support.hierarchical.NodeTestTask.execute(NodeTestTask.java:95)
	at org.junit.platform.engine.support.hierarchical.SameThreadHierarchicalTestExecutorService.submit(SameThreadHierarchicalTestExecutorService.java:35)
	at org.junit.platform.engine.support.hierarchical.HierarchicalTestExecutor.execute(HierarchicalTestExecutor.java:57)
	at org.junit.platform.engine.support.hierarchical.HierarchicalTestEngine.execute(HierarchicalTestEngine.java:54)
	at org.junit.platform.launcher.core.EngineExecutionOrchestrator.execute(EngineExecutionOrchestrator.java:107)
	at org.junit.platform.launcher.core.EngineExecutionOrchestrator.execute(EngineExecutionOrchestrator.java:88)
	at org.junit.platform.launcher.core.EngineExecutionOrchestrator.lambda$execute$0(EngineExecutionOrchestrator.java:54)
	at org.junit.platform.launcher.core.EngineExecutionOrchestrator.withInterceptedStreams(EngineExecutionOrchestrator.java:67)
	at org.junit.platform.launcher.core.EngineExecutionOrchestrator.execute(EngineExecutionOrchestrator.java:52)
	at org.junit.platform.launcher.core.DefaultLauncher.execute(DefaultLauncher.java:114)
	at org.junit.platform.launcher.core.DefaultLauncher.execute(DefaultLauncher.java:86)
	at org.junit.platform.launcher.core.DefaultLauncherSession$DelegatingLauncher.execute(DefaultLauncherSession.java:86)
	at org.gradle.api.internal.tasks.testing.junitplatform.JUnitPlatformTestClassProcessor$CollectAllTestClassesExecutor.processAllTestClasses(JUnitPlatformTestClassProcessor.java:110)
	at org.gradle.api.internal.tasks.testing.junitplatform.JUnitPlatformTestClassProcessor$CollectAllTestClassesExecutor.access$000(JUnitPlatformTestClassProcessor.java:90)
	at org.gradle.api.internal.tasks.testing.junitplatform.JUnitPlatformTestClassProcessor.stop(JUnitPlatformTestClassProcessor.java:85)
	at org.gradle.api.internal.tasks.testing.SuiteTestClassProcessor.stop(SuiteTestClassProcessor.java:62)
	at java.base/jdk.internal.reflect.NativeMethodAccessorImpl.invoke0(Native Method)
	at java.base/jdk.internal.reflect.NativeMethodAccessorImpl.invoke(NativeMethodAccessorImpl.java:62)
	at java.base/jdk.internal.reflect.DelegatingMethodAccessorImpl.invoke(DelegatingMethodAccessorImpl.java:43)
	at java.base/java.lang.reflect.Method.invoke(Method.java:566)
	at org.gradle.internal.dispatch.ReflectionDispatch.dispatch(ReflectionDispatch.java:36)
	at org.gradle.internal.dispatch.ReflectionDispatch.dispatch(ReflectionDispatch.java:24)
	at org.gradle.internal.dispatch.ContextClassLoaderDispatch.dispatch(ContextClassLoaderDispatch.java:33)
	at org.gradle.internal.dispatch.ProxyDispatchAdapter$DispatchingInvocationHandler.invoke(ProxyDispatchAdapter.java:94)
	at com.sun.proxy.$Proxy5.stop(Unknown Source)
	at org.gradle.api.internal.tasks.testing.worker.TestWorker$3.run(TestWorker.java:193)
	at org.gradle.api.internal.tasks.testing.worker.TestWorker.executeAndMaintainThreadName(TestWorker.java:129)
	at org.gradle.api.internal.tasks.testing.worker.TestWorker.execute(TestWorker.java:100)
	at org.gradle.api.internal.tasks.testing.worker.TestWorker.execute(TestWorker.java:60)
	at org.gradle.process.internal.worker.child.ActionExecutionWorker.execute(ActionExecutionWorker.java:56)
	at org.gradle.process.internal.worker.child.SystemApplicationClassLoaderWorker.call(SystemApplicationClassLoaderWorker.java:113)
	at org.gradle.process.internal.worker.child.SystemApplicationClassLoaderWorker.call(SystemApplicationClassLoaderWorker.java:65)
	at worker.org.gradle.process.internal.worker.GradleWorkerMain.run(GradleWorkerMain.java:69)
	at worker.org.gradle.process.internal.worker.GradleWorkerMain.main(GradleWorkerMain.java:74)
Caused by: UnsolvedSymbolException{context='arg0', name='Solving arg0', cause='null'}
	at com.github.javaparser.symbolsolver.javaparsermodel.TypeExtractor.visit(TypeExtractor.java:335)
	at com.github.javaparser.symbolsolver.javaparsermodel.TypeExtractor.visit(TypeExtractor.java:65)
	at com.github.javaparser.ast.expr.NameExpr.accept(NameExpr.java:79)
	at com.github.javaparser.symbolsolver.javaparsermodel.JavaParserFacade.getTypeConcrete(JavaParserFacade.java:505)
	at com.github.javaparser.symbolsolver.javaparsermodel.JavaParserFacade.getType(JavaParserFacade.java:352)
	at com.github.javaparser.symbolsolver.javaparsermodel.JavaParserFacade.getType(JavaParserFacade.java:334)
	at com.github.javaparser.symbolsolver.JavaSymbolSolver.calculateType(JavaSymbolSolver.java:294)
	at com.github.javaparser.ast.expr.Expression.calculateResolvedType(Expression.java:573)
	at de.uka.ilkd.key.java.JP2KeYVisitor.visit(JP2KeYConverter.java:707)
	at de.uka.ilkd.key.java.JP2KeYVisitor.visit(JP2KeYConverter.java:90)
	at com.github.javaparser.ast.expr.NameExpr.accept(NameExpr.java:79)
	at de.uka.ilkd.key.java.JP2KeYVisitor.lambda$map$1(JP2KeYConverter.java:402)
	at java.base/java.util.stream.ReferencePipeline$3$1.accept(ReferencePipeline.java:195)
	at java.base/java.util.ArrayList$ArrayListSpliterator.forEachRemaining(ArrayList.java:1655)
	at java.base/java.util.stream.AbstractPipeline.copyInto(AbstractPipeline.java:484)
	at java.base/java.util.stream.AbstractPipeline.wrapAndCopyInto(AbstractPipeline.java:474)
	at java.base/java.util.stream.ReduceOps$ReduceOp.evaluateSequential(ReduceOps.java:913)
	at java.base/java.util.stream.AbstractPipeline.evaluate(AbstractPipeline.java:234)
	at java.base/java.util.stream.ReferencePipeline.collect(ReferencePipeline.java:578)
	at de.uka.ilkd.key.java.JP2KeYVisitor.map(JP2KeYConverter.java:403)
	at de.uka.ilkd.key.java.JP2KeYVisitor.visit(JP2KeYConverter.java:506)
	at de.uka.ilkd.key.java.JP2KeYVisitor.visit(JP2KeYConverter.java:90)
	at com.github.javaparser.ast.stmt.ExplicitConstructorInvocationStmt.accept(ExplicitConstructorInvocationStmt.java:96)
	at de.uka.ilkd.key.java.JP2KeYVisitor.lambda$map$1(JP2KeYConverter.java:402)
	at java.base/java.util.stream.ReferencePipeline$3$1.accept(ReferencePipeline.java:195)
	at java.base/java.util.ArrayList$ArrayListSpliterator.forEachRemaining(ArrayList.java:1655)
	at java.base/java.util.stream.AbstractPipeline.copyInto(AbstractPipeline.java:484)
	at java.base/java.util.stream.AbstractPipeline.wrapAndCopyInto(AbstractPipeline.java:474)
	at java.base/java.util.stream.ReduceOps$ReduceOp.evaluateSequential(ReduceOps.java:913)
	at java.base/java.util.stream.AbstractPipeline.evaluate(AbstractPipeline.java:234)
	at java.base/java.util.stream.ReferencePipeline.collect(ReferencePipeline.java:578)
	at de.uka.ilkd.key.java.JP2KeYVisitor.map(JP2KeYConverter.java:403)
	at de.uka.ilkd.key.java.JP2KeYVisitor.visit(JP2KeYConverter.java:258)
	at de.uka.ilkd.key.java.JP2KeYVisitor.visit(JP2KeYConverter.java:90)
	at com.github.javaparser.ast.stmt.BlockStmt.accept(BlockStmt.java:70)
	at de.uka.ilkd.key.java.JP2KeYVisitor.lambda$map$1(JP2KeYConverter.java:402)
	at java.base/java.util.stream.ReferencePipeline$3$1.accept(ReferencePipeline.java:195)
	at java.base/java.util.ArrayList$ArrayListSpliterator.forEachRemaining(ArrayList.java:1655)
	at java.base/java.util.stream.AbstractPipeline.copyInto(AbstractPipeline.java:484)
	at java.base/java.util.stream.AbstractPipeline.wrapAndCopyInto(AbstractPipeline.java:474)
	at java.base/java.util.stream.ReduceOps$ReduceOp.evaluateSequential(ReduceOps.java:913)
	at java.base/java.util.stream.AbstractPipeline.evaluate(AbstractPipeline.java:234)
	at java.base/java.util.stream.ReferencePipeline.collect(ReferencePipeline.java:578)
	at de.uka.ilkd.key.java.JP2KeYVisitor.map(JP2KeYConverter.java:403)
	at de.uka.ilkd.key.java.JP2KeYVisitor.visit(JP2KeYConverter.java:258)
	at de.uka.ilkd.key.java.JP2KeYVisitor.visit(JP2KeYConverter.java:90)
	at com.github.javaparser.ast.stmt.BlockStmt.accept(BlockStmt.java:70)
	at de.uka.ilkd.key.java.JP2KeYVisitor.accept(JP2KeYConverter.java:348)
	at de.uka.ilkd.key.java.JP2KeYVisitor.visit(JP2KeYConverter.java:946)
	at de.uka.ilkd.key.java.JP2KeYVisitor.visit(JP2KeYConverter.java:90)
	at com.github.javaparser.ast.stmt.TryStmt.accept(TryStmt.java:135)
	at de.uka.ilkd.key.java.JP2KeYVisitor.lambda$map$1(JP2KeYConverter.java:402)
	at java.base/java.util.stream.ReferencePipeline$3$1.accept(ReferencePipeline.java:195)
	at java.base/java.util.ArrayList$ArrayListSpliterator.forEachRemaining(ArrayList.java:1655)
	at java.base/java.util.stream.AbstractPipeline.copyInto(AbstractPipeline.java:484)
	at java.base/java.util.stream.AbstractPipeline.wrapAndCopyInto(AbstractPipeline.java:474)
	at java.base/java.util.stream.ReduceOps$ReduceOp.evaluateSequential(ReduceOps.java:913)
	at java.base/java.util.stream.AbstractPipeline.evaluate(AbstractPipeline.java:234)
	at java.base/java.util.stream.ReferencePipeline.collect(ReferencePipeline.java:578)
	at de.uka.ilkd.key.java.JP2KeYVisitor.map(JP2KeYConverter.java:403)
	at de.uka.ilkd.key.java.JP2KeYVisitor.visit(JP2KeYConverter.java:258)
	at de.uka.ilkd.key.java.JP2KeYVisitor.visit(JP2KeYConverter.java:90)
	at com.github.javaparser.ast.stmt.BlockStmt.accept(BlockStmt.java:70)
	at de.uka.ilkd.key.java.JP2KeYVisitor.accept(JP2KeYConverter.java:348)
	at de.uka.ilkd.key.java.JP2KeYVisitor.visit(JP2KeYConverter.java:609)
	at de.uka.ilkd.key.java.JP2KeYVisitor.visit(JP2KeYConverter.java:90)
	at com.github.javaparser.ast.stmt.IfStmt.accept(IfStmt.java:82)
	at de.uka.ilkd.key.java.JP2KeYVisitor.lambda$map$1(JP2KeYConverter.java:402)
	at java.base/java.util.stream.ReferencePipeline$3$1.accept(ReferencePipeline.java:195)
	at java.base/java.util.ArrayList$ArrayListSpliterator.forEachRemaining(ArrayList.java:1655)
	at java.base/java.util.stream.AbstractPipeline.copyInto(AbstractPipeline.java:484)
	at java.base/java.util.stream.AbstractPipeline.wrapAndCopyInto(AbstractPipeline.java:474)
	at java.base/java.util.stream.ReduceOps$ReduceOp.evaluateSequential(ReduceOps.java:913)
	at java.base/java.util.stream.AbstractPipeline.evaluate(AbstractPipeline.java:234)
	at java.base/java.util.stream.ReferencePipeline.collect(ReferencePipeline.java:578)
	at de.uka.ilkd.key.java.JP2KeYVisitor.map(JP2KeYConverter.java:403)
	at de.uka.ilkd.key.java.JP2KeYVisitor.visit(JP2KeYConverter.java:258)
	at de.uka.ilkd.key.java.JP2KeYVisitor.visit(JP2KeYConverter.java:90)
	at com.github.javaparser.ast.stmt.BlockStmt.accept(BlockStmt.java:70)
	at de.uka.ilkd.key.java.JP2KeYVisitor.accept(JP2KeYConverter.java:348)
	at de.uka.ilkd.key.java.JP2KeYVisitor.visit(JP2KeYConverter.java:609)
	at de.uka.ilkd.key.java.JP2KeYVisitor.visit(JP2KeYConverter.java:90)
	at com.github.javaparser.ast.stmt.IfStmt.accept(IfStmt.java:82)
	at de.uka.ilkd.key.java.JP2KeYVisitor.lambda$map$1(JP2KeYConverter.java:402)
	at java.base/java.util.stream.ReferencePipeline$3$1.accept(ReferencePipeline.java:195)
	at java.base/java.util.ArrayList$ArrayListSpliterator.forEachRemaining(ArrayList.java:1655)
	at java.base/java.util.stream.AbstractPipeline.copyInto(AbstractPipeline.java:484)
	at java.base/java.util.stream.AbstractPipeline.wrapAndCopyInto(AbstractPipeline.java:474)
	at java.base/java.util.stream.ReduceOps$ReduceOp.evaluateSequential(ReduceOps.java:913)
	at java.base/java.util.stream.AbstractPipeline.evaluate(AbstractPipeline.java:234)
	at java.base/java.util.stream.ReferencePipeline.collect(ReferencePipeline.java:578)
	at de.uka.ilkd.key.java.JP2KeYVisitor.map(JP2KeYConverter.java:403)
	at de.uka.ilkd.key.java.JP2KeYVisitor.visit(JP2KeYConverter.java:258)
	at de.uka.ilkd.key.java.JP2KeYVisitor.visit(JP2KeYConverter.java:90)
	at com.github.javaparser.ast.stmt.BlockStmt.accept(BlockStmt.java:70)
	at de.uka.ilkd.key.java.JP2KeYVisitor.accept(JP2KeYConverter.java:348)
	at de.uka.ilkd.key.java.JP2KeYVisitor.accepto(JP2KeYConverter.java:418)
	at de.uka.ilkd.key.java.JP2KeYVisitor.visit(JP2KeYConverter.java:688)
	at de.uka.ilkd.key.java.JP2KeYVisitor.visit(JP2KeYConverter.java:90)
	at com.github.javaparser.ast.body.MethodDeclaration.accept(MethodDeclaration.java:98)
	at de.uka.ilkd.key.java.JP2KeYVisitor.lambda$map$1(JP2KeYConverter.java:402)
	at java.base/java.util.stream.ReferencePipeline$3$1.accept(ReferencePipeline.java:195)
	at java.base/java.util.ArrayList$ArrayListSpliterator.forEachRemaining(ArrayList.java:1655)
	at java.base/java.util.stream.AbstractPipeline.copyInto(AbstractPipeline.java:484)
	at java.base/java.util.stream.AbstractPipeline.wrapAndCopyInto(AbstractPipeline.java:474)
	at java.base/java.util.stream.ReduceOps$ReduceOp.evaluateSequential(ReduceOps.java:913)
	at java.base/java.util.stream.AbstractPipeline.evaluate(AbstractPipeline.java:234)
	at java.base/java.util.stream.ReferencePipeline.collect(ReferencePipeline.java:578)
	at de.uka.ilkd.key.java.JP2KeYVisitor.map(JP2KeYConverter.java:403)
	at de.uka.ilkd.key.java.JP2KeYVisitor.visit(JP2KeYConverter.java:310)
	at de.uka.ilkd.key.java.JP2KeYVisitor.visit(JP2KeYConverter.java:90)
	at com.github.javaparser.ast.body.ClassOrInterfaceDeclaration.accept(ClassOrInterfaceDeclaration.java:95)
	at de.uka.ilkd.key.java.JP2KeYVisitor.lambda$map$1(JP2KeYConverter.java:402)
	at java.base/java.util.stream.ReferencePipeline$3$1.accept(ReferencePipeline.java:195)
	at java.base/java.util.ArrayList$ArrayListSpliterator.forEachRemaining(ArrayList.java:1655)
	at java.base/java.util.stream.AbstractPipeline.copyInto(AbstractPipeline.java:484)
	at java.base/java.util.stream.AbstractPipeline.wrapAndCopyInto(AbstractPipeline.java:474)
	at java.base/java.util.stream.ReduceOps$ReduceOp.evaluateSequential(ReduceOps.java:913)
	at java.base/java.util.stream.AbstractPipeline.evaluate(AbstractPipeline.java:234)
	at java.base/java.util.stream.ReferencePipeline.collect(ReferencePipeline.java:578)
	at de.uka.ilkd.key.java.JP2KeYVisitor.map(JP2KeYConverter.java:403)
	at de.uka.ilkd.key.java.JP2KeYVisitor.visit(JP2KeYConverter.java:393)
	at de.uka.ilkd.key.java.JP2KeYVisitor.visit(JP2KeYConverter.java:90)
	at com.github.javaparser.ast.CompilationUnit.accept(CompilationUnit.java:124)
	at de.uka.ilkd.key.java.JP2KeYConverter.process(JP2KeYConverter.java:84)
	at de.uka.ilkd.key.java.JP2KeYConverter.processCompilationUnit(JP2KeYConverter.java:80)
	at de.uka.ilkd.key.java.JavaService.parseLibraryClasses0(JavaService.java:536)
	at de.uka.ilkd.key.java.JavaService.parseSpecialClasses(JavaService.java:511)
	at de.uka.ilkd.key.proof.init.ProblemInitializer.readJava(ProblemInitializer.java:280)
	at de.uka.ilkd.key.proof.init.ProblemInitializer.prepare(ProblemInitializer.java:529)
	at de.uka.ilkd.key.proof.init.ProblemInitializer.prepare(ProblemInitializer.java:471)
	at de.uka.ilkd.key.rule.TacletForTests.parse(TacletForTests.java:80)
	... 91 more
</failure>
  </testcase>
  <testcase name="testTacletWithIf()" classname="de.uka.ilkd.key.rule.TestApplyTaclet" time="0.557">
    <failure message="java.lang.RuntimeException: Exception occurred while parsing src\test\resources\testcase\testrules.key" type="java.lang.RuntimeException">java.lang.RuntimeException: Exception occurred while parsing src\test\resources\testcase\testrules.key
	at de.uka.ilkd.key.rule.TacletForTests.parse(TacletForTests.java:89)
	at de.uka.ilkd.key.rule.TacletForTests.parse(TacletForTests.java:125)
	at de.uka.ilkd.key.rule.TacletForTests.parse(TacletForTests.java:129)
	at de.uka.ilkd.key.rule.TestApplyTaclet.setUp(TestApplyTaclet.java:75)
	at java.base/jdk.internal.reflect.NativeMethodAccessorImpl.invoke0(Native Method)
	at java.base/jdk.internal.reflect.NativeMethodAccessorImpl.invoke(NativeMethodAccessorImpl.java:62)
	at java.base/jdk.internal.reflect.DelegatingMethodAccessorImpl.invoke(DelegatingMethodAccessorImpl.java:43)
	at java.base/java.lang.reflect.Method.invoke(Method.java:566)
	at org.junit.platform.commons.util.ReflectionUtils.invokeMethod(ReflectionUtils.java:727)
	at org.junit.jupiter.engine.execution.MethodInvocation.proceed(MethodInvocation.java:60)
	at org.junit.jupiter.engine.execution.InvocationInterceptorChain$ValidatingInvocation.proceed(InvocationInterceptorChain.java:131)
	at org.junit.jupiter.engine.extension.TimeoutExtension.intercept(TimeoutExtension.java:156)
	at org.junit.jupiter.engine.extension.TimeoutExtension.interceptLifecycleMethod(TimeoutExtension.java:128)
	at org.junit.jupiter.engine.extension.TimeoutExtension.interceptBeforeEachMethod(TimeoutExtension.java:78)
	at org.junit.jupiter.engine.execution.InterceptingExecutableInvoker$ReflectiveInterceptorCall.lambda$ofVoidMethod$0(InterceptingExecutableInvoker.java:103)
	at org.junit.jupiter.engine.execution.InterceptingExecutableInvoker.lambda$invoke$0(InterceptingExecutableInvoker.java:93)
	at org.junit.jupiter.engine.execution.InvocationInterceptorChain$InterceptedInvocation.proceed(InvocationInterceptorChain.java:106)
	at org.junit.jupiter.engine.execution.InvocationInterceptorChain.proceed(InvocationInterceptorChain.java:64)
	at org.junit.jupiter.engine.execution.InvocationInterceptorChain.chainAndInvoke(InvocationInterceptorChain.java:45)
	at org.junit.jupiter.engine.execution.InvocationInterceptorChain.invoke(InvocationInterceptorChain.java:37)
	at org.junit.jupiter.engine.execution.InterceptingExecutableInvoker.invoke(InterceptingExecutableInvoker.java:92)
	at org.junit.jupiter.engine.execution.InterceptingExecutableInvoker.invoke(InterceptingExecutableInvoker.java:86)
	at org.junit.jupiter.engine.descriptor.ClassBasedTestDescriptor.invokeMethodInExtensionContext(ClassBasedTestDescriptor.java:520)
	at org.junit.jupiter.engine.descriptor.ClassBasedTestDescriptor.lambda$synthesizeBeforeEachMethodAdapter$23(ClassBasedTestDescriptor.java:505)
	at org.junit.jupiter.engine.descriptor.TestMethodTestDescriptor.lambda$invokeBeforeEachMethods$3(TestMethodTestDescriptor.java:174)
	at org.junit.jupiter.engine.descriptor.TestMethodTestDescriptor.lambda$invokeBeforeMethodsOrCallbacksUntilExceptionOccurs$6(TestMethodTestDescriptor.java:202)
	at org.junit.platform.engine.support.hierarchical.ThrowableCollector.execute(ThrowableCollector.java:73)
	at org.junit.jupiter.engine.descriptor.TestMethodTestDescriptor.invokeBeforeMethodsOrCallbacksUntilExceptionOccurs(TestMethodTestDescriptor.java:202)
	at org.junit.jupiter.engine.descriptor.TestMethodTestDescriptor.invokeBeforeEachMethods(TestMethodTestDescriptor.java:171)
	at org.junit.jupiter.engine.descriptor.TestMethodTestDescriptor.execute(TestMethodTestDescriptor.java:134)
	at org.junit.jupiter.engine.descriptor.TestMethodTestDescriptor.execute(TestMethodTestDescriptor.java:68)
	at org.junit.platform.engine.support.hierarchical.NodeTestTask.lambda$executeRecursively$6(NodeTestTask.java:151)
	at org.junit.platform.engine.support.hierarchical.ThrowableCollector.execute(ThrowableCollector.java:73)
	at org.junit.platform.engine.support.hierarchical.NodeTestTask.lambda$executeRecursively$8(NodeTestTask.java:141)
	at org.junit.platform.engine.support.hierarchical.Node.around(Node.java:137)
	at org.junit.platform.engine.support.hierarchical.NodeTestTask.lambda$executeRecursively$9(NodeTestTask.java:139)
	at org.junit.platform.engine.support.hierarchical.ThrowableCollector.execute(ThrowableCollector.java:73)
	at org.junit.platform.engine.support.hierarchical.NodeTestTask.executeRecursively(NodeTestTask.java:138)
	at org.junit.platform.engine.support.hierarchical.NodeTestTask.execute(NodeTestTask.java:95)
	at java.base/java.util.ArrayList.forEach(ArrayList.java:1541)
	at org.junit.platform.engine.support.hierarchical.SameThreadHierarchicalTestExecutorService.invokeAll(SameThreadHierarchicalTestExecutorService.java:41)
	at org.junit.platform.engine.support.hierarchical.NodeTestTask.lambda$executeRecursively$6(NodeTestTask.java:155)
	at org.junit.platform.engine.support.hierarchical.ThrowableCollector.execute(ThrowableCollector.java:73)
	at org.junit.platform.engine.support.hierarchical.NodeTestTask.lambda$executeRecursively$8(NodeTestTask.java:141)
	at org.junit.platform.engine.support.hierarchical.Node.around(Node.java:137)
	at org.junit.platform.engine.support.hierarchical.NodeTestTask.lambda$executeRecursively$9(NodeTestTask.java:139)
	at org.junit.platform.engine.support.hierarchical.ThrowableCollector.execute(ThrowableCollector.java:73)
	at org.junit.platform.engine.support.hierarchical.NodeTestTask.executeRecursively(NodeTestTask.java:138)
	at org.junit.platform.engine.support.hierarchical.NodeTestTask.execute(NodeTestTask.java:95)
	at java.base/java.util.ArrayList.forEach(ArrayList.java:1541)
	at org.junit.platform.engine.support.hierarchical.SameThreadHierarchicalTestExecutorService.invokeAll(SameThreadHierarchicalTestExecutorService.java:41)
	at org.junit.platform.engine.support.hierarchical.NodeTestTask.lambda$executeRecursively$6(NodeTestTask.java:155)
	at org.junit.platform.engine.support.hierarchical.ThrowableCollector.execute(ThrowableCollector.java:73)
	at org.junit.platform.engine.support.hierarchical.NodeTestTask.lambda$executeRecursively$8(NodeTestTask.java:141)
	at org.junit.platform.engine.support.hierarchical.Node.around(Node.java:137)
	at org.junit.platform.engine.support.hierarchical.NodeTestTask.lambda$executeRecursively$9(NodeTestTask.java:139)
	at org.junit.platform.engine.support.hierarchical.ThrowableCollector.execute(ThrowableCollector.java:73)
	at org.junit.platform.engine.support.hierarchical.NodeTestTask.executeRecursively(NodeTestTask.java:138)
	at org.junit.platform.engine.support.hierarchical.NodeTestTask.execute(NodeTestTask.java:95)
	at org.junit.platform.engine.support.hierarchical.SameThreadHierarchicalTestExecutorService.submit(SameThreadHierarchicalTestExecutorService.java:35)
	at org.junit.platform.engine.support.hierarchical.HierarchicalTestExecutor.execute(HierarchicalTestExecutor.java:57)
	at org.junit.platform.engine.support.hierarchical.HierarchicalTestEngine.execute(HierarchicalTestEngine.java:54)
	at org.junit.platform.launcher.core.EngineExecutionOrchestrator.execute(EngineExecutionOrchestrator.java:107)
	at org.junit.platform.launcher.core.EngineExecutionOrchestrator.execute(EngineExecutionOrchestrator.java:88)
	at org.junit.platform.launcher.core.EngineExecutionOrchestrator.lambda$execute$0(EngineExecutionOrchestrator.java:54)
	at org.junit.platform.launcher.core.EngineExecutionOrchestrator.withInterceptedStreams(EngineExecutionOrchestrator.java:67)
	at org.junit.platform.launcher.core.EngineExecutionOrchestrator.execute(EngineExecutionOrchestrator.java:52)
	at org.junit.platform.launcher.core.DefaultLauncher.execute(DefaultLauncher.java:114)
	at org.junit.platform.launcher.core.DefaultLauncher.execute(DefaultLauncher.java:86)
	at org.junit.platform.launcher.core.DefaultLauncherSession$DelegatingLauncher.execute(DefaultLauncherSession.java:86)
	at org.gradle.api.internal.tasks.testing.junitplatform.JUnitPlatformTestClassProcessor$CollectAllTestClassesExecutor.processAllTestClasses(JUnitPlatformTestClassProcessor.java:110)
	at org.gradle.api.internal.tasks.testing.junitplatform.JUnitPlatformTestClassProcessor$CollectAllTestClassesExecutor.access$000(JUnitPlatformTestClassProcessor.java:90)
	at org.gradle.api.internal.tasks.testing.junitplatform.JUnitPlatformTestClassProcessor.stop(JUnitPlatformTestClassProcessor.java:85)
	at org.gradle.api.internal.tasks.testing.SuiteTestClassProcessor.stop(SuiteTestClassProcessor.java:62)
	at java.base/jdk.internal.reflect.NativeMethodAccessorImpl.invoke0(Native Method)
	at java.base/jdk.internal.reflect.NativeMethodAccessorImpl.invoke(NativeMethodAccessorImpl.java:62)
	at java.base/jdk.internal.reflect.DelegatingMethodAccessorImpl.invoke(DelegatingMethodAccessorImpl.java:43)
	at java.base/java.lang.reflect.Method.invoke(Method.java:566)
	at org.gradle.internal.dispatch.ReflectionDispatch.dispatch(ReflectionDispatch.java:36)
	at org.gradle.internal.dispatch.ReflectionDispatch.dispatch(ReflectionDispatch.java:24)
	at org.gradle.internal.dispatch.ContextClassLoaderDispatch.dispatch(ContextClassLoaderDispatch.java:33)
	at org.gradle.internal.dispatch.ProxyDispatchAdapter$DispatchingInvocationHandler.invoke(ProxyDispatchAdapter.java:94)
	at com.sun.proxy.$Proxy5.stop(Unknown Source)
	at org.gradle.api.internal.tasks.testing.worker.TestWorker$3.run(TestWorker.java:193)
	at org.gradle.api.internal.tasks.testing.worker.TestWorker.executeAndMaintainThreadName(TestWorker.java:129)
	at org.gradle.api.internal.tasks.testing.worker.TestWorker.execute(TestWorker.java:100)
	at org.gradle.api.internal.tasks.testing.worker.TestWorker.execute(TestWorker.java:60)
	at org.gradle.process.internal.worker.child.ActionExecutionWorker.execute(ActionExecutionWorker.java:56)
	at org.gradle.process.internal.worker.child.SystemApplicationClassLoaderWorker.call(SystemApplicationClassLoaderWorker.java:113)
	at org.gradle.process.internal.worker.child.SystemApplicationClassLoaderWorker.call(SystemApplicationClassLoaderWorker.java:65)
	at worker.org.gradle.process.internal.worker.GradleWorkerMain.run(GradleWorkerMain.java:69)
	at worker.org.gradle.process.internal.worker.GradleWorkerMain.main(GradleWorkerMain.java:74)
Caused by: UnsolvedSymbolException{context='arg0', name='Solving arg0', cause='null'}
	at com.github.javaparser.symbolsolver.javaparsermodel.TypeExtractor.visit(TypeExtractor.java:335)
	at com.github.javaparser.symbolsolver.javaparsermodel.TypeExtractor.visit(TypeExtractor.java:65)
	at com.github.javaparser.ast.expr.NameExpr.accept(NameExpr.java:79)
	at com.github.javaparser.symbolsolver.javaparsermodel.JavaParserFacade.getTypeConcrete(JavaParserFacade.java:505)
	at com.github.javaparser.symbolsolver.javaparsermodel.JavaParserFacade.getType(JavaParserFacade.java:352)
	at com.github.javaparser.symbolsolver.javaparsermodel.JavaParserFacade.getType(JavaParserFacade.java:334)
	at com.github.javaparser.symbolsolver.JavaSymbolSolver.calculateType(JavaSymbolSolver.java:294)
	at com.github.javaparser.ast.expr.Expression.calculateResolvedType(Expression.java:573)
	at de.uka.ilkd.key.java.JP2KeYVisitor.visit(JP2KeYConverter.java:707)
	at de.uka.ilkd.key.java.JP2KeYVisitor.visit(JP2KeYConverter.java:90)
	at com.github.javaparser.ast.expr.NameExpr.accept(NameExpr.java:79)
	at de.uka.ilkd.key.java.JP2KeYVisitor.lambda$map$1(JP2KeYConverter.java:402)
	at java.base/java.util.stream.ReferencePipeline$3$1.accept(ReferencePipeline.java:195)
	at java.base/java.util.ArrayList$ArrayListSpliterator.forEachRemaining(ArrayList.java:1655)
	at java.base/java.util.stream.AbstractPipeline.copyInto(AbstractPipeline.java:484)
	at java.base/java.util.stream.AbstractPipeline.wrapAndCopyInto(AbstractPipeline.java:474)
	at java.base/java.util.stream.ReduceOps$ReduceOp.evaluateSequential(ReduceOps.java:913)
	at java.base/java.util.stream.AbstractPipeline.evaluate(AbstractPipeline.java:234)
	at java.base/java.util.stream.ReferencePipeline.collect(ReferencePipeline.java:578)
	at de.uka.ilkd.key.java.JP2KeYVisitor.map(JP2KeYConverter.java:403)
	at de.uka.ilkd.key.java.JP2KeYVisitor.visit(JP2KeYConverter.java:506)
	at de.uka.ilkd.key.java.JP2KeYVisitor.visit(JP2KeYConverter.java:90)
	at com.github.javaparser.ast.stmt.ExplicitConstructorInvocationStmt.accept(ExplicitConstructorInvocationStmt.java:96)
	at de.uka.ilkd.key.java.JP2KeYVisitor.lambda$map$1(JP2KeYConverter.java:402)
	at java.base/java.util.stream.ReferencePipeline$3$1.accept(ReferencePipeline.java:195)
	at java.base/java.util.ArrayList$ArrayListSpliterator.forEachRemaining(ArrayList.java:1655)
	at java.base/java.util.stream.AbstractPipeline.copyInto(AbstractPipeline.java:484)
	at java.base/java.util.stream.AbstractPipeline.wrapAndCopyInto(AbstractPipeline.java:474)
	at java.base/java.util.stream.ReduceOps$ReduceOp.evaluateSequential(ReduceOps.java:913)
	at java.base/java.util.stream.AbstractPipeline.evaluate(AbstractPipeline.java:234)
	at java.base/java.util.stream.ReferencePipeline.collect(ReferencePipeline.java:578)
	at de.uka.ilkd.key.java.JP2KeYVisitor.map(JP2KeYConverter.java:403)
	at de.uka.ilkd.key.java.JP2KeYVisitor.visit(JP2KeYConverter.java:258)
	at de.uka.ilkd.key.java.JP2KeYVisitor.visit(JP2KeYConverter.java:90)
	at com.github.javaparser.ast.stmt.BlockStmt.accept(BlockStmt.java:70)
	at de.uka.ilkd.key.java.JP2KeYVisitor.lambda$map$1(JP2KeYConverter.java:402)
	at java.base/java.util.stream.ReferencePipeline$3$1.accept(ReferencePipeline.java:195)
	at java.base/java.util.ArrayList$ArrayListSpliterator.forEachRemaining(ArrayList.java:1655)
	at java.base/java.util.stream.AbstractPipeline.copyInto(AbstractPipeline.java:484)
	at java.base/java.util.stream.AbstractPipeline.wrapAndCopyInto(AbstractPipeline.java:474)
	at java.base/java.util.stream.ReduceOps$ReduceOp.evaluateSequential(ReduceOps.java:913)
	at java.base/java.util.stream.AbstractPipeline.evaluate(AbstractPipeline.java:234)
	at java.base/java.util.stream.ReferencePipeline.collect(ReferencePipeline.java:578)
	at de.uka.ilkd.key.java.JP2KeYVisitor.map(JP2KeYConverter.java:403)
	at de.uka.ilkd.key.java.JP2KeYVisitor.visit(JP2KeYConverter.java:258)
	at de.uka.ilkd.key.java.JP2KeYVisitor.visit(JP2KeYConverter.java:90)
	at com.github.javaparser.ast.stmt.BlockStmt.accept(BlockStmt.java:70)
	at de.uka.ilkd.key.java.JP2KeYVisitor.accept(JP2KeYConverter.java:348)
	at de.uka.ilkd.key.java.JP2KeYVisitor.visit(JP2KeYConverter.java:946)
	at de.uka.ilkd.key.java.JP2KeYVisitor.visit(JP2KeYConverter.java:90)
	at com.github.javaparser.ast.stmt.TryStmt.accept(TryStmt.java:135)
	at de.uka.ilkd.key.java.JP2KeYVisitor.lambda$map$1(JP2KeYConverter.java:402)
	at java.base/java.util.stream.ReferencePipeline$3$1.accept(ReferencePipeline.java:195)
	at java.base/java.util.ArrayList$ArrayListSpliterator.forEachRemaining(ArrayList.java:1655)
	at java.base/java.util.stream.AbstractPipeline.copyInto(AbstractPipeline.java:484)
	at java.base/java.util.stream.AbstractPipeline.wrapAndCopyInto(AbstractPipeline.java:474)
	at java.base/java.util.stream.ReduceOps$ReduceOp.evaluateSequential(ReduceOps.java:913)
	at java.base/java.util.stream.AbstractPipeline.evaluate(AbstractPipeline.java:234)
	at java.base/java.util.stream.ReferencePipeline.collect(ReferencePipeline.java:578)
	at de.uka.ilkd.key.java.JP2KeYVisitor.map(JP2KeYConverter.java:403)
	at de.uka.ilkd.key.java.JP2KeYVisitor.visit(JP2KeYConverter.java:258)
	at de.uka.ilkd.key.java.JP2KeYVisitor.visit(JP2KeYConverter.java:90)
	at com.github.javaparser.ast.stmt.BlockStmt.accept(BlockStmt.java:70)
	at de.uka.ilkd.key.java.JP2KeYVisitor.accept(JP2KeYConverter.java:348)
	at de.uka.ilkd.key.java.JP2KeYVisitor.visit(JP2KeYConverter.java:609)
	at de.uka.ilkd.key.java.JP2KeYVisitor.visit(JP2KeYConverter.java:90)
	at com.github.javaparser.ast.stmt.IfStmt.accept(IfStmt.java:82)
	at de.uka.ilkd.key.java.JP2KeYVisitor.lambda$map$1(JP2KeYConverter.java:402)
	at java.base/java.util.stream.ReferencePipeline$3$1.accept(ReferencePipeline.java:195)
	at java.base/java.util.ArrayList$ArrayListSpliterator.forEachRemaining(ArrayList.java:1655)
	at java.base/java.util.stream.AbstractPipeline.copyInto(AbstractPipeline.java:484)
	at java.base/java.util.stream.AbstractPipeline.wrapAndCopyInto(AbstractPipeline.java:474)
	at java.base/java.util.stream.ReduceOps$ReduceOp.evaluateSequential(ReduceOps.java:913)
	at java.base/java.util.stream.AbstractPipeline.evaluate(AbstractPipeline.java:234)
	at java.base/java.util.stream.ReferencePipeline.collect(ReferencePipeline.java:578)
	at de.uka.ilkd.key.java.JP2KeYVisitor.map(JP2KeYConverter.java:403)
	at de.uka.ilkd.key.java.JP2KeYVisitor.visit(JP2KeYConverter.java:258)
	at de.uka.ilkd.key.java.JP2KeYVisitor.visit(JP2KeYConverter.java:90)
	at com.github.javaparser.ast.stmt.BlockStmt.accept(BlockStmt.java:70)
	at de.uka.ilkd.key.java.JP2KeYVisitor.accept(JP2KeYConverter.java:348)
	at de.uka.ilkd.key.java.JP2KeYVisitor.visit(JP2KeYConverter.java:609)
	at de.uka.ilkd.key.java.JP2KeYVisitor.visit(JP2KeYConverter.java:90)
	at com.github.javaparser.ast.stmt.IfStmt.accept(IfStmt.java:82)
	at de.uka.ilkd.key.java.JP2KeYVisitor.lambda$map$1(JP2KeYConverter.java:402)
	at java.base/java.util.stream.ReferencePipeline$3$1.accept(ReferencePipeline.java:195)
	at java.base/java.util.ArrayList$ArrayListSpliterator.forEachRemaining(ArrayList.java:1655)
	at java.base/java.util.stream.AbstractPipeline.copyInto(AbstractPipeline.java:484)
	at java.base/java.util.stream.AbstractPipeline.wrapAndCopyInto(AbstractPipeline.java:474)
	at java.base/java.util.stream.ReduceOps$ReduceOp.evaluateSequential(ReduceOps.java:913)
	at java.base/java.util.stream.AbstractPipeline.evaluate(AbstractPipeline.java:234)
	at java.base/java.util.stream.ReferencePipeline.collect(ReferencePipeline.java:578)
	at de.uka.ilkd.key.java.JP2KeYVisitor.map(JP2KeYConverter.java:403)
	at de.uka.ilkd.key.java.JP2KeYVisitor.visit(JP2KeYConverter.java:258)
	at de.uka.ilkd.key.java.JP2KeYVisitor.visit(JP2KeYConverter.java:90)
	at com.github.javaparser.ast.stmt.BlockStmt.accept(BlockStmt.java:70)
	at de.uka.ilkd.key.java.JP2KeYVisitor.accept(JP2KeYConverter.java:348)
	at de.uka.ilkd.key.java.JP2KeYVisitor.accepto(JP2KeYConverter.java:418)
	at de.uka.ilkd.key.java.JP2KeYVisitor.visit(JP2KeYConverter.java:688)
	at de.uka.ilkd.key.java.JP2KeYVisitor.visit(JP2KeYConverter.java:90)
	at com.github.javaparser.ast.body.MethodDeclaration.accept(MethodDeclaration.java:98)
	at de.uka.ilkd.key.java.JP2KeYVisitor.lambda$map$1(JP2KeYConverter.java:402)
	at java.base/java.util.stream.ReferencePipeline$3$1.accept(ReferencePipeline.java:195)
	at java.base/java.util.ArrayList$ArrayListSpliterator.forEachRemaining(ArrayList.java:1655)
	at java.base/java.util.stream.AbstractPipeline.copyInto(AbstractPipeline.java:484)
	at java.base/java.util.stream.AbstractPipeline.wrapAndCopyInto(AbstractPipeline.java:474)
	at java.base/java.util.stream.ReduceOps$ReduceOp.evaluateSequential(ReduceOps.java:913)
	at java.base/java.util.stream.AbstractPipeline.evaluate(AbstractPipeline.java:234)
	at java.base/java.util.stream.ReferencePipeline.collect(ReferencePipeline.java:578)
	at de.uka.ilkd.key.java.JP2KeYVisitor.map(JP2KeYConverter.java:403)
	at de.uka.ilkd.key.java.JP2KeYVisitor.visit(JP2KeYConverter.java:310)
	at de.uka.ilkd.key.java.JP2KeYVisitor.visit(JP2KeYConverter.java:90)
	at com.github.javaparser.ast.body.ClassOrInterfaceDeclaration.accept(ClassOrInterfaceDeclaration.java:95)
	at de.uka.ilkd.key.java.JP2KeYVisitor.lambda$map$1(JP2KeYConverter.java:402)
	at java.base/java.util.stream.ReferencePipeline$3$1.accept(ReferencePipeline.java:195)
	at java.base/java.util.ArrayList$ArrayListSpliterator.forEachRemaining(ArrayList.java:1655)
	at java.base/java.util.stream.AbstractPipeline.copyInto(AbstractPipeline.java:484)
	at java.base/java.util.stream.AbstractPipeline.wrapAndCopyInto(AbstractPipeline.java:474)
	at java.base/java.util.stream.ReduceOps$ReduceOp.evaluateSequential(ReduceOps.java:913)
	at java.base/java.util.stream.AbstractPipeline.evaluate(AbstractPipeline.java:234)
	at java.base/java.util.stream.ReferencePipeline.collect(ReferencePipeline.java:578)
	at de.uka.ilkd.key.java.JP2KeYVisitor.map(JP2KeYConverter.java:403)
	at de.uka.ilkd.key.java.JP2KeYVisitor.visit(JP2KeYConverter.java:393)
	at de.uka.ilkd.key.java.JP2KeYVisitor.visit(JP2KeYConverter.java:90)
	at com.github.javaparser.ast.CompilationUnit.accept(CompilationUnit.java:124)
	at de.uka.ilkd.key.java.JP2KeYConverter.process(JP2KeYConverter.java:84)
	at de.uka.ilkd.key.java.JP2KeYConverter.processCompilationUnit(JP2KeYConverter.java:80)
	at de.uka.ilkd.key.java.JavaService.parseLibraryClasses0(JavaService.java:536)
	at de.uka.ilkd.key.java.JavaService.parseSpecialClasses(JavaService.java:511)
	at de.uka.ilkd.key.proof.init.ProblemInitializer.readJava(ProblemInitializer.java:280)
	at de.uka.ilkd.key.proof.init.ProblemInitializer.prepare(ProblemInitializer.java:529)
	at de.uka.ilkd.key.proof.init.ProblemInitializer.prepare(ProblemInitializer.java:471)
	at de.uka.ilkd.key.rule.TacletForTests.parse(TacletForTests.java:80)
	... 91 more
</failure>
  </testcase>
  <testcase name="testRemoveEmptyBlock()" classname="de.uka.ilkd.key.rule.TestApplyTaclet" time="0.282">
    <failure message="java.lang.RuntimeException: Exception occurred while parsing src\test\resources\testcase\testrules.key" type="java.lang.RuntimeException">java.lang.RuntimeException: Exception occurred while parsing src\test\resources\testcase\testrules.key
	at de.uka.ilkd.key.rule.TacletForTests.parse(TacletForTests.java:89)
	at de.uka.ilkd.key.rule.TacletForTests.parse(TacletForTests.java:125)
	at de.uka.ilkd.key.rule.TacletForTests.parse(TacletForTests.java:129)
	at de.uka.ilkd.key.rule.TestApplyTaclet.setUp(TestApplyTaclet.java:75)
	at java.base/jdk.internal.reflect.NativeMethodAccessorImpl.invoke0(Native Method)
	at java.base/jdk.internal.reflect.NativeMethodAccessorImpl.invoke(NativeMethodAccessorImpl.java:62)
	at java.base/jdk.internal.reflect.DelegatingMethodAccessorImpl.invoke(DelegatingMethodAccessorImpl.java:43)
	at java.base/java.lang.reflect.Method.invoke(Method.java:566)
	at org.junit.platform.commons.util.ReflectionUtils.invokeMethod(ReflectionUtils.java:727)
	at org.junit.jupiter.engine.execution.MethodInvocation.proceed(MethodInvocation.java:60)
	at org.junit.jupiter.engine.execution.InvocationInterceptorChain$ValidatingInvocation.proceed(InvocationInterceptorChain.java:131)
	at org.junit.jupiter.engine.extension.TimeoutExtension.intercept(TimeoutExtension.java:156)
	at org.junit.jupiter.engine.extension.TimeoutExtension.interceptLifecycleMethod(TimeoutExtension.java:128)
	at org.junit.jupiter.engine.extension.TimeoutExtension.interceptBeforeEachMethod(TimeoutExtension.java:78)
	at org.junit.jupiter.engine.execution.InterceptingExecutableInvoker$ReflectiveInterceptorCall.lambda$ofVoidMethod$0(InterceptingExecutableInvoker.java:103)
	at org.junit.jupiter.engine.execution.InterceptingExecutableInvoker.lambda$invoke$0(InterceptingExecutableInvoker.java:93)
	at org.junit.jupiter.engine.execution.InvocationInterceptorChain$InterceptedInvocation.proceed(InvocationInterceptorChain.java:106)
	at org.junit.jupiter.engine.execution.InvocationInterceptorChain.proceed(InvocationInterceptorChain.java:64)
	at org.junit.jupiter.engine.execution.InvocationInterceptorChain.chainAndInvoke(InvocationInterceptorChain.java:45)
	at org.junit.jupiter.engine.execution.InvocationInterceptorChain.invoke(InvocationInterceptorChain.java:37)
	at org.junit.jupiter.engine.execution.InterceptingExecutableInvoker.invoke(InterceptingExecutableInvoker.java:92)
	at org.junit.jupiter.engine.execution.InterceptingExecutableInvoker.invoke(InterceptingExecutableInvoker.java:86)
	at org.junit.jupiter.engine.descriptor.ClassBasedTestDescriptor.invokeMethodInExtensionContext(ClassBasedTestDescriptor.java:520)
	at org.junit.jupiter.engine.descriptor.ClassBasedTestDescriptor.lambda$synthesizeBeforeEachMethodAdapter$23(ClassBasedTestDescriptor.java:505)
	at org.junit.jupiter.engine.descriptor.TestMethodTestDescriptor.lambda$invokeBeforeEachMethods$3(TestMethodTestDescriptor.java:174)
	at org.junit.jupiter.engine.descriptor.TestMethodTestDescriptor.lambda$invokeBeforeMethodsOrCallbacksUntilExceptionOccurs$6(TestMethodTestDescriptor.java:202)
	at org.junit.platform.engine.support.hierarchical.ThrowableCollector.execute(ThrowableCollector.java:73)
	at org.junit.jupiter.engine.descriptor.TestMethodTestDescriptor.invokeBeforeMethodsOrCallbacksUntilExceptionOccurs(TestMethodTestDescriptor.java:202)
	at org.junit.jupiter.engine.descriptor.TestMethodTestDescriptor.invokeBeforeEachMethods(TestMethodTestDescriptor.java:171)
	at org.junit.jupiter.engine.descriptor.TestMethodTestDescriptor.execute(TestMethodTestDescriptor.java:134)
	at org.junit.jupiter.engine.descriptor.TestMethodTestDescriptor.execute(TestMethodTestDescriptor.java:68)
	at org.junit.platform.engine.support.hierarchical.NodeTestTask.lambda$executeRecursively$6(NodeTestTask.java:151)
	at org.junit.platform.engine.support.hierarchical.ThrowableCollector.execute(ThrowableCollector.java:73)
	at org.junit.platform.engine.support.hierarchical.NodeTestTask.lambda$executeRecursively$8(NodeTestTask.java:141)
	at org.junit.platform.engine.support.hierarchical.Node.around(Node.java:137)
	at org.junit.platform.engine.support.hierarchical.NodeTestTask.lambda$executeRecursively$9(NodeTestTask.java:139)
	at org.junit.platform.engine.support.hierarchical.ThrowableCollector.execute(ThrowableCollector.java:73)
	at org.junit.platform.engine.support.hierarchical.NodeTestTask.executeRecursively(NodeTestTask.java:138)
	at org.junit.platform.engine.support.hierarchical.NodeTestTask.execute(NodeTestTask.java:95)
	at java.base/java.util.ArrayList.forEach(ArrayList.java:1541)
	at org.junit.platform.engine.support.hierarchical.SameThreadHierarchicalTestExecutorService.invokeAll(SameThreadHierarchicalTestExecutorService.java:41)
	at org.junit.platform.engine.support.hierarchical.NodeTestTask.lambda$executeRecursively$6(NodeTestTask.java:155)
	at org.junit.platform.engine.support.hierarchical.ThrowableCollector.execute(ThrowableCollector.java:73)
	at org.junit.platform.engine.support.hierarchical.NodeTestTask.lambda$executeRecursively$8(NodeTestTask.java:141)
	at org.junit.platform.engine.support.hierarchical.Node.around(Node.java:137)
	at org.junit.platform.engine.support.hierarchical.NodeTestTask.lambda$executeRecursively$9(NodeTestTask.java:139)
	at org.junit.platform.engine.support.hierarchical.ThrowableCollector.execute(ThrowableCollector.java:73)
	at org.junit.platform.engine.support.hierarchical.NodeTestTask.executeRecursively(NodeTestTask.java:138)
	at org.junit.platform.engine.support.hierarchical.NodeTestTask.execute(NodeTestTask.java:95)
	at java.base/java.util.ArrayList.forEach(ArrayList.java:1541)
	at org.junit.platform.engine.support.hierarchical.SameThreadHierarchicalTestExecutorService.invokeAll(SameThreadHierarchicalTestExecutorService.java:41)
	at org.junit.platform.engine.support.hierarchical.NodeTestTask.lambda$executeRecursively$6(NodeTestTask.java:155)
	at org.junit.platform.engine.support.hierarchical.ThrowableCollector.execute(ThrowableCollector.java:73)
	at org.junit.platform.engine.support.hierarchical.NodeTestTask.lambda$executeRecursively$8(NodeTestTask.java:141)
	at org.junit.platform.engine.support.hierarchical.Node.around(Node.java:137)
	at org.junit.platform.engine.support.hierarchical.NodeTestTask.lambda$executeRecursively$9(NodeTestTask.java:139)
	at org.junit.platform.engine.support.hierarchical.ThrowableCollector.execute(ThrowableCollector.java:73)
	at org.junit.platform.engine.support.hierarchical.NodeTestTask.executeRecursively(NodeTestTask.java:138)
	at org.junit.platform.engine.support.hierarchical.NodeTestTask.execute(NodeTestTask.java:95)
	at org.junit.platform.engine.support.hierarchical.SameThreadHierarchicalTestExecutorService.submit(SameThreadHierarchicalTestExecutorService.java:35)
	at org.junit.platform.engine.support.hierarchical.HierarchicalTestExecutor.execute(HierarchicalTestExecutor.java:57)
	at org.junit.platform.engine.support.hierarchical.HierarchicalTestEngine.execute(HierarchicalTestEngine.java:54)
	at org.junit.platform.launcher.core.EngineExecutionOrchestrator.execute(EngineExecutionOrchestrator.java:107)
	at org.junit.platform.launcher.core.EngineExecutionOrchestrator.execute(EngineExecutionOrchestrator.java:88)
	at org.junit.platform.launcher.core.EngineExecutionOrchestrator.lambda$execute$0(EngineExecutionOrchestrator.java:54)
	at org.junit.platform.launcher.core.EngineExecutionOrchestrator.withInterceptedStreams(EngineExecutionOrchestrator.java:67)
	at org.junit.platform.launcher.core.EngineExecutionOrchestrator.execute(EngineExecutionOrchestrator.java:52)
	at org.junit.platform.launcher.core.DefaultLauncher.execute(DefaultLauncher.java:114)
	at org.junit.platform.launcher.core.DefaultLauncher.execute(DefaultLauncher.java:86)
	at org.junit.platform.launcher.core.DefaultLauncherSession$DelegatingLauncher.execute(DefaultLauncherSession.java:86)
	at org.gradle.api.internal.tasks.testing.junitplatform.JUnitPlatformTestClassProcessor$CollectAllTestClassesExecutor.processAllTestClasses(JUnitPlatformTestClassProcessor.java:110)
	at org.gradle.api.internal.tasks.testing.junitplatform.JUnitPlatformTestClassProcessor$CollectAllTestClassesExecutor.access$000(JUnitPlatformTestClassProcessor.java:90)
	at org.gradle.api.internal.tasks.testing.junitplatform.JUnitPlatformTestClassProcessor.stop(JUnitPlatformTestClassProcessor.java:85)
	at org.gradle.api.internal.tasks.testing.SuiteTestClassProcessor.stop(SuiteTestClassProcessor.java:62)
	at java.base/jdk.internal.reflect.NativeMethodAccessorImpl.invoke0(Native Method)
	at java.base/jdk.internal.reflect.NativeMethodAccessorImpl.invoke(NativeMethodAccessorImpl.java:62)
	at java.base/jdk.internal.reflect.DelegatingMethodAccessorImpl.invoke(DelegatingMethodAccessorImpl.java:43)
	at java.base/java.lang.reflect.Method.invoke(Method.java:566)
	at org.gradle.internal.dispatch.ReflectionDispatch.dispatch(ReflectionDispatch.java:36)
	at org.gradle.internal.dispatch.ReflectionDispatch.dispatch(ReflectionDispatch.java:24)
	at org.gradle.internal.dispatch.ContextClassLoaderDispatch.dispatch(ContextClassLoaderDispatch.java:33)
	at org.gradle.internal.dispatch.ProxyDispatchAdapter$DispatchingInvocationHandler.invoke(ProxyDispatchAdapter.java:94)
	at com.sun.proxy.$Proxy5.stop(Unknown Source)
	at org.gradle.api.internal.tasks.testing.worker.TestWorker$3.run(TestWorker.java:193)
	at org.gradle.api.internal.tasks.testing.worker.TestWorker.executeAndMaintainThreadName(TestWorker.java:129)
	at org.gradle.api.internal.tasks.testing.worker.TestWorker.execute(TestWorker.java:100)
	at org.gradle.api.internal.tasks.testing.worker.TestWorker.execute(TestWorker.java:60)
	at org.gradle.process.internal.worker.child.ActionExecutionWorker.execute(ActionExecutionWorker.java:56)
	at org.gradle.process.internal.worker.child.SystemApplicationClassLoaderWorker.call(SystemApplicationClassLoaderWorker.java:113)
	at org.gradle.process.internal.worker.child.SystemApplicationClassLoaderWorker.call(SystemApplicationClassLoaderWorker.java:65)
	at worker.org.gradle.process.internal.worker.GradleWorkerMain.run(GradleWorkerMain.java:69)
	at worker.org.gradle.process.internal.worker.GradleWorkerMain.main(GradleWorkerMain.java:74)
Caused by: UnsolvedSymbolException{context='arg0', name='Solving arg0', cause='null'}
	at com.github.javaparser.symbolsolver.javaparsermodel.TypeExtractor.visit(TypeExtractor.java:335)
	at com.github.javaparser.symbolsolver.javaparsermodel.TypeExtractor.visit(TypeExtractor.java:65)
	at com.github.javaparser.ast.expr.NameExpr.accept(NameExpr.java:79)
	at com.github.javaparser.symbolsolver.javaparsermodel.JavaParserFacade.getTypeConcrete(JavaParserFacade.java:505)
	at com.github.javaparser.symbolsolver.javaparsermodel.JavaParserFacade.getType(JavaParserFacade.java:352)
	at com.github.javaparser.symbolsolver.javaparsermodel.JavaParserFacade.getType(JavaParserFacade.java:334)
	at com.github.javaparser.symbolsolver.JavaSymbolSolver.calculateType(JavaSymbolSolver.java:294)
	at com.github.javaparser.ast.expr.Expression.calculateResolvedType(Expression.java:573)
	at de.uka.ilkd.key.java.JP2KeYVisitor.visit(JP2KeYConverter.java:707)
	at de.uka.ilkd.key.java.JP2KeYVisitor.visit(JP2KeYConverter.java:90)
	at com.github.javaparser.ast.expr.NameExpr.accept(NameExpr.java:79)
	at de.uka.ilkd.key.java.JP2KeYVisitor.lambda$map$1(JP2KeYConverter.java:402)
	at java.base/java.util.stream.ReferencePipeline$3$1.accept(ReferencePipeline.java:195)
	at java.base/java.util.ArrayList$ArrayListSpliterator.forEachRemaining(ArrayList.java:1655)
	at java.base/java.util.stream.AbstractPipeline.copyInto(AbstractPipeline.java:484)
	at java.base/java.util.stream.AbstractPipeline.wrapAndCopyInto(AbstractPipeline.java:474)
	at java.base/java.util.stream.ReduceOps$ReduceOp.evaluateSequential(ReduceOps.java:913)
	at java.base/java.util.stream.AbstractPipeline.evaluate(AbstractPipeline.java:234)
	at java.base/java.util.stream.ReferencePipeline.collect(ReferencePipeline.java:578)
	at de.uka.ilkd.key.java.JP2KeYVisitor.map(JP2KeYConverter.java:403)
	at de.uka.ilkd.key.java.JP2KeYVisitor.visit(JP2KeYConverter.java:506)
	at de.uka.ilkd.key.java.JP2KeYVisitor.visit(JP2KeYConverter.java:90)
	at com.github.javaparser.ast.stmt.ExplicitConstructorInvocationStmt.accept(ExplicitConstructorInvocationStmt.java:96)
	at de.uka.ilkd.key.java.JP2KeYVisitor.lambda$map$1(JP2KeYConverter.java:402)
	at java.base/java.util.stream.ReferencePipeline$3$1.accept(ReferencePipeline.java:195)
	at java.base/java.util.ArrayList$ArrayListSpliterator.forEachRemaining(ArrayList.java:1655)
	at java.base/java.util.stream.AbstractPipeline.copyInto(AbstractPipeline.java:484)
	at java.base/java.util.stream.AbstractPipeline.wrapAndCopyInto(AbstractPipeline.java:474)
	at java.base/java.util.stream.ReduceOps$ReduceOp.evaluateSequential(ReduceOps.java:913)
	at java.base/java.util.stream.AbstractPipeline.evaluate(AbstractPipeline.java:234)
	at java.base/java.util.stream.ReferencePipeline.collect(ReferencePipeline.java:578)
	at de.uka.ilkd.key.java.JP2KeYVisitor.map(JP2KeYConverter.java:403)
	at de.uka.ilkd.key.java.JP2KeYVisitor.visit(JP2KeYConverter.java:258)
	at de.uka.ilkd.key.java.JP2KeYVisitor.visit(JP2KeYConverter.java:90)
	at com.github.javaparser.ast.stmt.BlockStmt.accept(BlockStmt.java:70)
	at de.uka.ilkd.key.java.JP2KeYVisitor.lambda$map$1(JP2KeYConverter.java:402)
	at java.base/java.util.stream.ReferencePipeline$3$1.accept(ReferencePipeline.java:195)
	at java.base/java.util.ArrayList$ArrayListSpliterator.forEachRemaining(ArrayList.java:1655)
	at java.base/java.util.stream.AbstractPipeline.copyInto(AbstractPipeline.java:484)
	at java.base/java.util.stream.AbstractPipeline.wrapAndCopyInto(AbstractPipeline.java:474)
	at java.base/java.util.stream.ReduceOps$ReduceOp.evaluateSequential(ReduceOps.java:913)
	at java.base/java.util.stream.AbstractPipeline.evaluate(AbstractPipeline.java:234)
	at java.base/java.util.stream.ReferencePipeline.collect(ReferencePipeline.java:578)
	at de.uka.ilkd.key.java.JP2KeYVisitor.map(JP2KeYConverter.java:403)
	at de.uka.ilkd.key.java.JP2KeYVisitor.visit(JP2KeYConverter.java:258)
	at de.uka.ilkd.key.java.JP2KeYVisitor.visit(JP2KeYConverter.java:90)
	at com.github.javaparser.ast.stmt.BlockStmt.accept(BlockStmt.java:70)
	at de.uka.ilkd.key.java.JP2KeYVisitor.accept(JP2KeYConverter.java:348)
	at de.uka.ilkd.key.java.JP2KeYVisitor.visit(JP2KeYConverter.java:946)
	at de.uka.ilkd.key.java.JP2KeYVisitor.visit(JP2KeYConverter.java:90)
	at com.github.javaparser.ast.stmt.TryStmt.accept(TryStmt.java:135)
	at de.uka.ilkd.key.java.JP2KeYVisitor.lambda$map$1(JP2KeYConverter.java:402)
	at java.base/java.util.stream.ReferencePipeline$3$1.accept(ReferencePipeline.java:195)
	at java.base/java.util.ArrayList$ArrayListSpliterator.forEachRemaining(ArrayList.java:1655)
	at java.base/java.util.stream.AbstractPipeline.copyInto(AbstractPipeline.java:484)
	at java.base/java.util.stream.AbstractPipeline.wrapAndCopyInto(AbstractPipeline.java:474)
	at java.base/java.util.stream.ReduceOps$ReduceOp.evaluateSequential(ReduceOps.java:913)
	at java.base/java.util.stream.AbstractPipeline.evaluate(AbstractPipeline.java:234)
	at java.base/java.util.stream.ReferencePipeline.collect(ReferencePipeline.java:578)
	at de.uka.ilkd.key.java.JP2KeYVisitor.map(JP2KeYConverter.java:403)
	at de.uka.ilkd.key.java.JP2KeYVisitor.visit(JP2KeYConverter.java:258)
	at de.uka.ilkd.key.java.JP2KeYVisitor.visit(JP2KeYConverter.java:90)
	at com.github.javaparser.ast.stmt.BlockStmt.accept(BlockStmt.java:70)
	at de.uka.ilkd.key.java.JP2KeYVisitor.accept(JP2KeYConverter.java:348)
	at de.uka.ilkd.key.java.JP2KeYVisitor.visit(JP2KeYConverter.java:609)
	at de.uka.ilkd.key.java.JP2KeYVisitor.visit(JP2KeYConverter.java:90)
	at com.github.javaparser.ast.stmt.IfStmt.accept(IfStmt.java:82)
	at de.uka.ilkd.key.java.JP2KeYVisitor.lambda$map$1(JP2KeYConverter.java:402)
	at java.base/java.util.stream.ReferencePipeline$3$1.accept(ReferencePipeline.java:195)
	at java.base/java.util.ArrayList$ArrayListSpliterator.forEachRemaining(ArrayList.java:1655)
	at java.base/java.util.stream.AbstractPipeline.copyInto(AbstractPipeline.java:484)
	at java.base/java.util.stream.AbstractPipeline.wrapAndCopyInto(AbstractPipeline.java:474)
	at java.base/java.util.stream.ReduceOps$ReduceOp.evaluateSequential(ReduceOps.java:913)
	at java.base/java.util.stream.AbstractPipeline.evaluate(AbstractPipeline.java:234)
	at java.base/java.util.stream.ReferencePipeline.collect(ReferencePipeline.java:578)
	at de.uka.ilkd.key.java.JP2KeYVisitor.map(JP2KeYConverter.java:403)
	at de.uka.ilkd.key.java.JP2KeYVisitor.visit(JP2KeYConverter.java:258)
	at de.uka.ilkd.key.java.JP2KeYVisitor.visit(JP2KeYConverter.java:90)
	at com.github.javaparser.ast.stmt.BlockStmt.accept(BlockStmt.java:70)
	at de.uka.ilkd.key.java.JP2KeYVisitor.accept(JP2KeYConverter.java:348)
	at de.uka.ilkd.key.java.JP2KeYVisitor.visit(JP2KeYConverter.java:609)
	at de.uka.ilkd.key.java.JP2KeYVisitor.visit(JP2KeYConverter.java:90)
	at com.github.javaparser.ast.stmt.IfStmt.accept(IfStmt.java:82)
	at de.uka.ilkd.key.java.JP2KeYVisitor.lambda$map$1(JP2KeYConverter.java:402)
	at java.base/java.util.stream.ReferencePipeline$3$1.accept(ReferencePipeline.java:195)
	at java.base/java.util.ArrayList$ArrayListSpliterator.forEachRemaining(ArrayList.java:1655)
	at java.base/java.util.stream.AbstractPipeline.copyInto(AbstractPipeline.java:484)
	at java.base/java.util.stream.AbstractPipeline.wrapAndCopyInto(AbstractPipeline.java:474)
	at java.base/java.util.stream.ReduceOps$ReduceOp.evaluateSequential(ReduceOps.java:913)
	at java.base/java.util.stream.AbstractPipeline.evaluate(AbstractPipeline.java:234)
	at java.base/java.util.stream.ReferencePipeline.collect(ReferencePipeline.java:578)
	at de.uka.ilkd.key.java.JP2KeYVisitor.map(JP2KeYConverter.java:403)
	at de.uka.ilkd.key.java.JP2KeYVisitor.visit(JP2KeYConverter.java:258)
	at de.uka.ilkd.key.java.JP2KeYVisitor.visit(JP2KeYConverter.java:90)
	at com.github.javaparser.ast.stmt.BlockStmt.accept(BlockStmt.java:70)
	at de.uka.ilkd.key.java.JP2KeYVisitor.accept(JP2KeYConverter.java:348)
	at de.uka.ilkd.key.java.JP2KeYVisitor.accepto(JP2KeYConverter.java:418)
	at de.uka.ilkd.key.java.JP2KeYVisitor.visit(JP2KeYConverter.java:688)
	at de.uka.ilkd.key.java.JP2KeYVisitor.visit(JP2KeYConverter.java:90)
	at com.github.javaparser.ast.body.MethodDeclaration.accept(MethodDeclaration.java:98)
	at de.uka.ilkd.key.java.JP2KeYVisitor.lambda$map$1(JP2KeYConverter.java:402)
	at java.base/java.util.stream.ReferencePipeline$3$1.accept(ReferencePipeline.java:195)
	at java.base/java.util.ArrayList$ArrayListSpliterator.forEachRemaining(ArrayList.java:1655)
	at java.base/java.util.stream.AbstractPipeline.copyInto(AbstractPipeline.java:484)
	at java.base/java.util.stream.AbstractPipeline.wrapAndCopyInto(AbstractPipeline.java:474)
	at java.base/java.util.stream.ReduceOps$ReduceOp.evaluateSequential(ReduceOps.java:913)
	at java.base/java.util.stream.AbstractPipeline.evaluate(AbstractPipeline.java:234)
	at java.base/java.util.stream.ReferencePipeline.collect(ReferencePipeline.java:578)
	at de.uka.ilkd.key.java.JP2KeYVisitor.map(JP2KeYConverter.java:403)
	at de.uka.ilkd.key.java.JP2KeYVisitor.visit(JP2KeYConverter.java:310)
	at de.uka.ilkd.key.java.JP2KeYVisitor.visit(JP2KeYConverter.java:90)
	at com.github.javaparser.ast.body.ClassOrInterfaceDeclaration.accept(ClassOrInterfaceDeclaration.java:95)
	at de.uka.ilkd.key.java.JP2KeYVisitor.lambda$map$1(JP2KeYConverter.java:402)
	at java.base/java.util.stream.ReferencePipeline$3$1.accept(ReferencePipeline.java:195)
	at java.base/java.util.ArrayList$ArrayListSpliterator.forEachRemaining(ArrayList.java:1655)
	at java.base/java.util.stream.AbstractPipeline.copyInto(AbstractPipeline.java:484)
	at java.base/java.util.stream.AbstractPipeline.wrapAndCopyInto(AbstractPipeline.java:474)
	at java.base/java.util.stream.ReduceOps$ReduceOp.evaluateSequential(ReduceOps.java:913)
	at java.base/java.util.stream.AbstractPipeline.evaluate(AbstractPipeline.java:234)
	at java.base/java.util.stream.ReferencePipeline.collect(ReferencePipeline.java:578)
	at de.uka.ilkd.key.java.JP2KeYVisitor.map(JP2KeYConverter.java:403)
	at de.uka.ilkd.key.java.JP2KeYVisitor.visit(JP2KeYConverter.java:393)
	at de.uka.ilkd.key.java.JP2KeYVisitor.visit(JP2KeYConverter.java:90)
	at com.github.javaparser.ast.CompilationUnit.accept(CompilationUnit.java:124)
	at de.uka.ilkd.key.java.JP2KeYConverter.process(JP2KeYConverter.java:84)
	at de.uka.ilkd.key.java.JP2KeYConverter.processCompilationUnit(JP2KeYConverter.java:80)
	at de.uka.ilkd.key.java.JavaService.parseLibraryClasses0(JavaService.java:536)
	at de.uka.ilkd.key.java.JavaService.parseSpecialClasses(JavaService.java:511)
	at de.uka.ilkd.key.proof.init.ProblemInitializer.readJava(ProblemInitializer.java:280)
	at de.uka.ilkd.key.proof.init.ProblemInitializer.prepare(ProblemInitializer.java:529)
	at de.uka.ilkd.key.proof.init.ProblemInitializer.prepare(ProblemInitializer.java:471)
	at de.uka.ilkd.key.rule.TacletForTests.parse(TacletForTests.java:80)
	... 91 more
</failure>
  </testcase>
  <testcase name="testBugBrokenApply()" classname="de.uka.ilkd.key.rule.TestApplyTaclet" time="0.203">
    <failure message="java.lang.RuntimeException: Exception occurred while parsing src\test\resources\testcase\testrules.key" type="java.lang.RuntimeException">java.lang.RuntimeException: Exception occurred while parsing src\test\resources\testcase\testrules.key
	at de.uka.ilkd.key.rule.TacletForTests.parse(TacletForTests.java:89)
	at de.uka.ilkd.key.rule.TacletForTests.parse(TacletForTests.java:125)
	at de.uka.ilkd.key.rule.TacletForTests.parse(TacletForTests.java:129)
	at de.uka.ilkd.key.rule.TestApplyTaclet.setUp(TestApplyTaclet.java:75)
	at java.base/jdk.internal.reflect.NativeMethodAccessorImpl.invoke0(Native Method)
	at java.base/jdk.internal.reflect.NativeMethodAccessorImpl.invoke(NativeMethodAccessorImpl.java:62)
	at java.base/jdk.internal.reflect.DelegatingMethodAccessorImpl.invoke(DelegatingMethodAccessorImpl.java:43)
	at java.base/java.lang.reflect.Method.invoke(Method.java:566)
	at org.junit.platform.commons.util.ReflectionUtils.invokeMethod(ReflectionUtils.java:727)
	at org.junit.jupiter.engine.execution.MethodInvocation.proceed(MethodInvocation.java:60)
	at org.junit.jupiter.engine.execution.InvocationInterceptorChain$ValidatingInvocation.proceed(InvocationInterceptorChain.java:131)
	at org.junit.jupiter.engine.extension.TimeoutExtension.intercept(TimeoutExtension.java:156)
	at org.junit.jupiter.engine.extension.TimeoutExtension.interceptLifecycleMethod(TimeoutExtension.java:128)
	at org.junit.jupiter.engine.extension.TimeoutExtension.interceptBeforeEachMethod(TimeoutExtension.java:78)
	at org.junit.jupiter.engine.execution.InterceptingExecutableInvoker$ReflectiveInterceptorCall.lambda$ofVoidMethod$0(InterceptingExecutableInvoker.java:103)
	at org.junit.jupiter.engine.execution.InterceptingExecutableInvoker.lambda$invoke$0(InterceptingExecutableInvoker.java:93)
	at org.junit.jupiter.engine.execution.InvocationInterceptorChain$InterceptedInvocation.proceed(InvocationInterceptorChain.java:106)
	at org.junit.jupiter.engine.execution.InvocationInterceptorChain.proceed(InvocationInterceptorChain.java:64)
	at org.junit.jupiter.engine.execution.InvocationInterceptorChain.chainAndInvoke(InvocationInterceptorChain.java:45)
	at org.junit.jupiter.engine.execution.InvocationInterceptorChain.invoke(InvocationInterceptorChain.java:37)
	at org.junit.jupiter.engine.execution.InterceptingExecutableInvoker.invoke(InterceptingExecutableInvoker.java:92)
	at org.junit.jupiter.engine.execution.InterceptingExecutableInvoker.invoke(InterceptingExecutableInvoker.java:86)
	at org.junit.jupiter.engine.descriptor.ClassBasedTestDescriptor.invokeMethodInExtensionContext(ClassBasedTestDescriptor.java:520)
	at org.junit.jupiter.engine.descriptor.ClassBasedTestDescriptor.lambda$synthesizeBeforeEachMethodAdapter$23(ClassBasedTestDescriptor.java:505)
	at org.junit.jupiter.engine.descriptor.TestMethodTestDescriptor.lambda$invokeBeforeEachMethods$3(TestMethodTestDescriptor.java:174)
	at org.junit.jupiter.engine.descriptor.TestMethodTestDescriptor.lambda$invokeBeforeMethodsOrCallbacksUntilExceptionOccurs$6(TestMethodTestDescriptor.java:202)
	at org.junit.platform.engine.support.hierarchical.ThrowableCollector.execute(ThrowableCollector.java:73)
	at org.junit.jupiter.engine.descriptor.TestMethodTestDescriptor.invokeBeforeMethodsOrCallbacksUntilExceptionOccurs(TestMethodTestDescriptor.java:202)
	at org.junit.jupiter.engine.descriptor.TestMethodTestDescriptor.invokeBeforeEachMethods(TestMethodTestDescriptor.java:171)
	at org.junit.jupiter.engine.descriptor.TestMethodTestDescriptor.execute(TestMethodTestDescriptor.java:134)
	at org.junit.jupiter.engine.descriptor.TestMethodTestDescriptor.execute(TestMethodTestDescriptor.java:68)
	at org.junit.platform.engine.support.hierarchical.NodeTestTask.lambda$executeRecursively$6(NodeTestTask.java:151)
	at org.junit.platform.engine.support.hierarchical.ThrowableCollector.execute(ThrowableCollector.java:73)
	at org.junit.platform.engine.support.hierarchical.NodeTestTask.lambda$executeRecursively$8(NodeTestTask.java:141)
	at org.junit.platform.engine.support.hierarchical.Node.around(Node.java:137)
	at org.junit.platform.engine.support.hierarchical.NodeTestTask.lambda$executeRecursively$9(NodeTestTask.java:139)
	at org.junit.platform.engine.support.hierarchical.ThrowableCollector.execute(ThrowableCollector.java:73)
	at org.junit.platform.engine.support.hierarchical.NodeTestTask.executeRecursively(NodeTestTask.java:138)
	at org.junit.platform.engine.support.hierarchical.NodeTestTask.execute(NodeTestTask.java:95)
	at java.base/java.util.ArrayList.forEach(ArrayList.java:1541)
	at org.junit.platform.engine.support.hierarchical.SameThreadHierarchicalTestExecutorService.invokeAll(SameThreadHierarchicalTestExecutorService.java:41)
	at org.junit.platform.engine.support.hierarchical.NodeTestTask.lambda$executeRecursively$6(NodeTestTask.java:155)
	at org.junit.platform.engine.support.hierarchical.ThrowableCollector.execute(ThrowableCollector.java:73)
	at org.junit.platform.engine.support.hierarchical.NodeTestTask.lambda$executeRecursively$8(NodeTestTask.java:141)
	at org.junit.platform.engine.support.hierarchical.Node.around(Node.java:137)
	at org.junit.platform.engine.support.hierarchical.NodeTestTask.lambda$executeRecursively$9(NodeTestTask.java:139)
	at org.junit.platform.engine.support.hierarchical.ThrowableCollector.execute(ThrowableCollector.java:73)
	at org.junit.platform.engine.support.hierarchical.NodeTestTask.executeRecursively(NodeTestTask.java:138)
	at org.junit.platform.engine.support.hierarchical.NodeTestTask.execute(NodeTestTask.java:95)
	at java.base/java.util.ArrayList.forEach(ArrayList.java:1541)
	at org.junit.platform.engine.support.hierarchical.SameThreadHierarchicalTestExecutorService.invokeAll(SameThreadHierarchicalTestExecutorService.java:41)
	at org.junit.platform.engine.support.hierarchical.NodeTestTask.lambda$executeRecursively$6(NodeTestTask.java:155)
	at org.junit.platform.engine.support.hierarchical.ThrowableCollector.execute(ThrowableCollector.java:73)
	at org.junit.platform.engine.support.hierarchical.NodeTestTask.lambda$executeRecursively$8(NodeTestTask.java:141)
	at org.junit.platform.engine.support.hierarchical.Node.around(Node.java:137)
	at org.junit.platform.engine.support.hierarchical.NodeTestTask.lambda$executeRecursively$9(NodeTestTask.java:139)
	at org.junit.platform.engine.support.hierarchical.ThrowableCollector.execute(ThrowableCollector.java:73)
	at org.junit.platform.engine.support.hierarchical.NodeTestTask.executeRecursively(NodeTestTask.java:138)
	at org.junit.platform.engine.support.hierarchical.NodeTestTask.execute(NodeTestTask.java:95)
	at org.junit.platform.engine.support.hierarchical.SameThreadHierarchicalTestExecutorService.submit(SameThreadHierarchicalTestExecutorService.java:35)
	at org.junit.platform.engine.support.hierarchical.HierarchicalTestExecutor.execute(HierarchicalTestExecutor.java:57)
	at org.junit.platform.engine.support.hierarchical.HierarchicalTestEngine.execute(HierarchicalTestEngine.java:54)
	at org.junit.platform.launcher.core.EngineExecutionOrchestrator.execute(EngineExecutionOrchestrator.java:107)
	at org.junit.platform.launcher.core.EngineExecutionOrchestrator.execute(EngineExecutionOrchestrator.java:88)
	at org.junit.platform.launcher.core.EngineExecutionOrchestrator.lambda$execute$0(EngineExecutionOrchestrator.java:54)
	at org.junit.platform.launcher.core.EngineExecutionOrchestrator.withInterceptedStreams(EngineExecutionOrchestrator.java:67)
	at org.junit.platform.launcher.core.EngineExecutionOrchestrator.execute(EngineExecutionOrchestrator.java:52)
	at org.junit.platform.launcher.core.DefaultLauncher.execute(DefaultLauncher.java:114)
	at org.junit.platform.launcher.core.DefaultLauncher.execute(DefaultLauncher.java:86)
	at org.junit.platform.launcher.core.DefaultLauncherSession$DelegatingLauncher.execute(DefaultLauncherSession.java:86)
	at org.gradle.api.internal.tasks.testing.junitplatform.JUnitPlatformTestClassProcessor$CollectAllTestClassesExecutor.processAllTestClasses(JUnitPlatformTestClassProcessor.java:110)
	at org.gradle.api.internal.tasks.testing.junitplatform.JUnitPlatformTestClassProcessor$CollectAllTestClassesExecutor.access$000(JUnitPlatformTestClassProcessor.java:90)
	at org.gradle.api.internal.tasks.testing.junitplatform.JUnitPlatformTestClassProcessor.stop(JUnitPlatformTestClassProcessor.java:85)
	at org.gradle.api.internal.tasks.testing.SuiteTestClassProcessor.stop(SuiteTestClassProcessor.java:62)
	at java.base/jdk.internal.reflect.NativeMethodAccessorImpl.invoke0(Native Method)
	at java.base/jdk.internal.reflect.NativeMethodAccessorImpl.invoke(NativeMethodAccessorImpl.java:62)
	at java.base/jdk.internal.reflect.DelegatingMethodAccessorImpl.invoke(DelegatingMethodAccessorImpl.java:43)
	at java.base/java.lang.reflect.Method.invoke(Method.java:566)
	at org.gradle.internal.dispatch.ReflectionDispatch.dispatch(ReflectionDispatch.java:36)
	at org.gradle.internal.dispatch.ReflectionDispatch.dispatch(ReflectionDispatch.java:24)
	at org.gradle.internal.dispatch.ContextClassLoaderDispatch.dispatch(ContextClassLoaderDispatch.java:33)
	at org.gradle.internal.dispatch.ProxyDispatchAdapter$DispatchingInvocationHandler.invoke(ProxyDispatchAdapter.java:94)
	at com.sun.proxy.$Proxy5.stop(Unknown Source)
	at org.gradle.api.internal.tasks.testing.worker.TestWorker$3.run(TestWorker.java:193)
	at org.gradle.api.internal.tasks.testing.worker.TestWorker.executeAndMaintainThreadName(TestWorker.java:129)
	at org.gradle.api.internal.tasks.testing.worker.TestWorker.execute(TestWorker.java:100)
	at org.gradle.api.internal.tasks.testing.worker.TestWorker.execute(TestWorker.java:60)
	at org.gradle.process.internal.worker.child.ActionExecutionWorker.execute(ActionExecutionWorker.java:56)
	at org.gradle.process.internal.worker.child.SystemApplicationClassLoaderWorker.call(SystemApplicationClassLoaderWorker.java:113)
	at org.gradle.process.internal.worker.child.SystemApplicationClassLoaderWorker.call(SystemApplicationClassLoaderWorker.java:65)
	at worker.org.gradle.process.internal.worker.GradleWorkerMain.run(GradleWorkerMain.java:69)
	at worker.org.gradle.process.internal.worker.GradleWorkerMain.main(GradleWorkerMain.java:74)
Caused by: UnsolvedSymbolException{context='arg0', name='Solving arg0', cause='null'}
	at com.github.javaparser.symbolsolver.javaparsermodel.TypeExtractor.visit(TypeExtractor.java:335)
	at com.github.javaparser.symbolsolver.javaparsermodel.TypeExtractor.visit(TypeExtractor.java:65)
	at com.github.javaparser.ast.expr.NameExpr.accept(NameExpr.java:79)
	at com.github.javaparser.symbolsolver.javaparsermodel.JavaParserFacade.getTypeConcrete(JavaParserFacade.java:505)
	at com.github.javaparser.symbolsolver.javaparsermodel.JavaParserFacade.getType(JavaParserFacade.java:352)
	at com.github.javaparser.symbolsolver.javaparsermodel.JavaParserFacade.getType(JavaParserFacade.java:334)
	at com.github.javaparser.symbolsolver.JavaSymbolSolver.calculateType(JavaSymbolSolver.java:294)
	at com.github.javaparser.ast.expr.Expression.calculateResolvedType(Expression.java:573)
	at de.uka.ilkd.key.java.JP2KeYVisitor.visit(JP2KeYConverter.java:707)
	at de.uka.ilkd.key.java.JP2KeYVisitor.visit(JP2KeYConverter.java:90)
	at com.github.javaparser.ast.expr.NameExpr.accept(NameExpr.java:79)
	at de.uka.ilkd.key.java.JP2KeYVisitor.lambda$map$1(JP2KeYConverter.java:402)
	at java.base/java.util.stream.ReferencePipeline$3$1.accept(ReferencePipeline.java:195)
	at java.base/java.util.ArrayList$ArrayListSpliterator.forEachRemaining(ArrayList.java:1655)
	at java.base/java.util.stream.AbstractPipeline.copyInto(AbstractPipeline.java:484)
	at java.base/java.util.stream.AbstractPipeline.wrapAndCopyInto(AbstractPipeline.java:474)
	at java.base/java.util.stream.ReduceOps$ReduceOp.evaluateSequential(ReduceOps.java:913)
	at java.base/java.util.stream.AbstractPipeline.evaluate(AbstractPipeline.java:234)
	at java.base/java.util.stream.ReferencePipeline.collect(ReferencePipeline.java:578)
	at de.uka.ilkd.key.java.JP2KeYVisitor.map(JP2KeYConverter.java:403)
	at de.uka.ilkd.key.java.JP2KeYVisitor.visit(JP2KeYConverter.java:506)
	at de.uka.ilkd.key.java.JP2KeYVisitor.visit(JP2KeYConverter.java:90)
	at com.github.javaparser.ast.stmt.ExplicitConstructorInvocationStmt.accept(ExplicitConstructorInvocationStmt.java:96)
	at de.uka.ilkd.key.java.JP2KeYVisitor.lambda$map$1(JP2KeYConverter.java:402)
	at java.base/java.util.stream.ReferencePipeline$3$1.accept(ReferencePipeline.java:195)
	at java.base/java.util.ArrayList$ArrayListSpliterator.forEachRemaining(ArrayList.java:1655)
	at java.base/java.util.stream.AbstractPipeline.copyInto(AbstractPipeline.java:484)
	at java.base/java.util.stream.AbstractPipeline.wrapAndCopyInto(AbstractPipeline.java:474)
	at java.base/java.util.stream.ReduceOps$ReduceOp.evaluateSequential(ReduceOps.java:913)
	at java.base/java.util.stream.AbstractPipeline.evaluate(AbstractPipeline.java:234)
	at java.base/java.util.stream.ReferencePipeline.collect(ReferencePipeline.java:578)
	at de.uka.ilkd.key.java.JP2KeYVisitor.map(JP2KeYConverter.java:403)
	at de.uka.ilkd.key.java.JP2KeYVisitor.visit(JP2KeYConverter.java:258)
	at de.uka.ilkd.key.java.JP2KeYVisitor.visit(JP2KeYConverter.java:90)
	at com.github.javaparser.ast.stmt.BlockStmt.accept(BlockStmt.java:70)
	at de.uka.ilkd.key.java.JP2KeYVisitor.lambda$map$1(JP2KeYConverter.java:402)
	at java.base/java.util.stream.ReferencePipeline$3$1.accept(ReferencePipeline.java:195)
	at java.base/java.util.ArrayList$ArrayListSpliterator.forEachRemaining(ArrayList.java:1655)
	at java.base/java.util.stream.AbstractPipeline.copyInto(AbstractPipeline.java:484)
	at java.base/java.util.stream.AbstractPipeline.wrapAndCopyInto(AbstractPipeline.java:474)
	at java.base/java.util.stream.ReduceOps$ReduceOp.evaluateSequential(ReduceOps.java:913)
	at java.base/java.util.stream.AbstractPipeline.evaluate(AbstractPipeline.java:234)
	at java.base/java.util.stream.ReferencePipeline.collect(ReferencePipeline.java:578)
	at de.uka.ilkd.key.java.JP2KeYVisitor.map(JP2KeYConverter.java:403)
	at de.uka.ilkd.key.java.JP2KeYVisitor.visit(JP2KeYConverter.java:258)
	at de.uka.ilkd.key.java.JP2KeYVisitor.visit(JP2KeYConverter.java:90)
	at com.github.javaparser.ast.stmt.BlockStmt.accept(BlockStmt.java:70)
	at de.uka.ilkd.key.java.JP2KeYVisitor.accept(JP2KeYConverter.java:348)
	at de.uka.ilkd.key.java.JP2KeYVisitor.visit(JP2KeYConverter.java:946)
	at de.uka.ilkd.key.java.JP2KeYVisitor.visit(JP2KeYConverter.java:90)
	at com.github.javaparser.ast.stmt.TryStmt.accept(TryStmt.java:135)
	at de.uka.ilkd.key.java.JP2KeYVisitor.lambda$map$1(JP2KeYConverter.java:402)
	at java.base/java.util.stream.ReferencePipeline$3$1.accept(ReferencePipeline.java:195)
	at java.base/java.util.ArrayList$ArrayListSpliterator.forEachRemaining(ArrayList.java:1655)
	at java.base/java.util.stream.AbstractPipeline.copyInto(AbstractPipeline.java:484)
	at java.base/java.util.stream.AbstractPipeline.wrapAndCopyInto(AbstractPipeline.java:474)
	at java.base/java.util.stream.ReduceOps$ReduceOp.evaluateSequential(ReduceOps.java:913)
	at java.base/java.util.stream.AbstractPipeline.evaluate(AbstractPipeline.java:234)
	at java.base/java.util.stream.ReferencePipeline.collect(ReferencePipeline.java:578)
	at de.uka.ilkd.key.java.JP2KeYVisitor.map(JP2KeYConverter.java:403)
	at de.uka.ilkd.key.java.JP2KeYVisitor.visit(JP2KeYConverter.java:258)
	at de.uka.ilkd.key.java.JP2KeYVisitor.visit(JP2KeYConverter.java:90)
	at com.github.javaparser.ast.stmt.BlockStmt.accept(BlockStmt.java:70)
	at de.uka.ilkd.key.java.JP2KeYVisitor.accept(JP2KeYConverter.java:348)
	at de.uka.ilkd.key.java.JP2KeYVisitor.visit(JP2KeYConverter.java:609)
	at de.uka.ilkd.key.java.JP2KeYVisitor.visit(JP2KeYConverter.java:90)
	at com.github.javaparser.ast.stmt.IfStmt.accept(IfStmt.java:82)
	at de.uka.ilkd.key.java.JP2KeYVisitor.lambda$map$1(JP2KeYConverter.java:402)
	at java.base/java.util.stream.ReferencePipeline$3$1.accept(ReferencePipeline.java:195)
	at java.base/java.util.ArrayList$ArrayListSpliterator.forEachRemaining(ArrayList.java:1655)
	at java.base/java.util.stream.AbstractPipeline.copyInto(AbstractPipeline.java:484)
	at java.base/java.util.stream.AbstractPipeline.wrapAndCopyInto(AbstractPipeline.java:474)
	at java.base/java.util.stream.ReduceOps$ReduceOp.evaluateSequential(ReduceOps.java:913)
	at java.base/java.util.stream.AbstractPipeline.evaluate(AbstractPipeline.java:234)
	at java.base/java.util.stream.ReferencePipeline.collect(ReferencePipeline.java:578)
	at de.uka.ilkd.key.java.JP2KeYVisitor.map(JP2KeYConverter.java:403)
	at de.uka.ilkd.key.java.JP2KeYVisitor.visit(JP2KeYConverter.java:258)
	at de.uka.ilkd.key.java.JP2KeYVisitor.visit(JP2KeYConverter.java:90)
	at com.github.javaparser.ast.stmt.BlockStmt.accept(BlockStmt.java:70)
	at de.uka.ilkd.key.java.JP2KeYVisitor.accept(JP2KeYConverter.java:348)
	at de.uka.ilkd.key.java.JP2KeYVisitor.visit(JP2KeYConverter.java:609)
	at de.uka.ilkd.key.java.JP2KeYVisitor.visit(JP2KeYConverter.java:90)
	at com.github.javaparser.ast.stmt.IfStmt.accept(IfStmt.java:82)
	at de.uka.ilkd.key.java.JP2KeYVisitor.lambda$map$1(JP2KeYConverter.java:402)
	at java.base/java.util.stream.ReferencePipeline$3$1.accept(ReferencePipeline.java:195)
	at java.base/java.util.ArrayList$ArrayListSpliterator.forEachRemaining(ArrayList.java:1655)
	at java.base/java.util.stream.AbstractPipeline.copyInto(AbstractPipeline.java:484)
	at java.base/java.util.stream.AbstractPipeline.wrapAndCopyInto(AbstractPipeline.java:474)
	at java.base/java.util.stream.ReduceOps$ReduceOp.evaluateSequential(ReduceOps.java:913)
	at java.base/java.util.stream.AbstractPipeline.evaluate(AbstractPipeline.java:234)
	at java.base/java.util.stream.ReferencePipeline.collect(ReferencePipeline.java:578)
	at de.uka.ilkd.key.java.JP2KeYVisitor.map(JP2KeYConverter.java:403)
	at de.uka.ilkd.key.java.JP2KeYVisitor.visit(JP2KeYConverter.java:258)
	at de.uka.ilkd.key.java.JP2KeYVisitor.visit(JP2KeYConverter.java:90)
	at com.github.javaparser.ast.stmt.BlockStmt.accept(BlockStmt.java:70)
	at de.uka.ilkd.key.java.JP2KeYVisitor.accept(JP2KeYConverter.java:348)
	at de.uka.ilkd.key.java.JP2KeYVisitor.accepto(JP2KeYConverter.java:418)
	at de.uka.ilkd.key.java.JP2KeYVisitor.visit(JP2KeYConverter.java:688)
	at de.uka.ilkd.key.java.JP2KeYVisitor.visit(JP2KeYConverter.java:90)
	at com.github.javaparser.ast.body.MethodDeclaration.accept(MethodDeclaration.java:98)
	at de.uka.ilkd.key.java.JP2KeYVisitor.lambda$map$1(JP2KeYConverter.java:402)
	at java.base/java.util.stream.ReferencePipeline$3$1.accept(ReferencePipeline.java:195)
	at java.base/java.util.ArrayList$ArrayListSpliterator.forEachRemaining(ArrayList.java:1655)
	at java.base/java.util.stream.AbstractPipeline.copyInto(AbstractPipeline.java:484)
	at java.base/java.util.stream.AbstractPipeline.wrapAndCopyInto(AbstractPipeline.java:474)
	at java.base/java.util.stream.ReduceOps$ReduceOp.evaluateSequential(ReduceOps.java:913)
	at java.base/java.util.stream.AbstractPipeline.evaluate(AbstractPipeline.java:234)
	at java.base/java.util.stream.ReferencePipeline.collect(ReferencePipeline.java:578)
	at de.uka.ilkd.key.java.JP2KeYVisitor.map(JP2KeYConverter.java:403)
	at de.uka.ilkd.key.java.JP2KeYVisitor.visit(JP2KeYConverter.java:310)
	at de.uka.ilkd.key.java.JP2KeYVisitor.visit(JP2KeYConverter.java:90)
	at com.github.javaparser.ast.body.ClassOrInterfaceDeclaration.accept(ClassOrInterfaceDeclaration.java:95)
	at de.uka.ilkd.key.java.JP2KeYVisitor.lambda$map$1(JP2KeYConverter.java:402)
	at java.base/java.util.stream.ReferencePipeline$3$1.accept(ReferencePipeline.java:195)
	at java.base/java.util.ArrayList$ArrayListSpliterator.forEachRemaining(ArrayList.java:1655)
	at java.base/java.util.stream.AbstractPipeline.copyInto(AbstractPipeline.java:484)
	at java.base/java.util.stream.AbstractPipeline.wrapAndCopyInto(AbstractPipeline.java:474)
	at java.base/java.util.stream.ReduceOps$ReduceOp.evaluateSequential(ReduceOps.java:913)
	at java.base/java.util.stream.AbstractPipeline.evaluate(AbstractPipeline.java:234)
	at java.base/java.util.stream.ReferencePipeline.collect(ReferencePipeline.java:578)
	at de.uka.ilkd.key.java.JP2KeYVisitor.map(JP2KeYConverter.java:403)
	at de.uka.ilkd.key.java.JP2KeYVisitor.visit(JP2KeYConverter.java:393)
	at de.uka.ilkd.key.java.JP2KeYVisitor.visit(JP2KeYConverter.java:90)
	at com.github.javaparser.ast.CompilationUnit.accept(CompilationUnit.java:124)
	at de.uka.ilkd.key.java.JP2KeYConverter.process(JP2KeYConverter.java:84)
	at de.uka.ilkd.key.java.JP2KeYConverter.processCompilationUnit(JP2KeYConverter.java:80)
	at de.uka.ilkd.key.java.JavaService.parseLibraryClasses0(JavaService.java:536)
	at de.uka.ilkd.key.java.JavaService.parseSpecialClasses(JavaService.java:511)
	at de.uka.ilkd.key.proof.init.ProblemInitializer.readJava(ProblemInitializer.java:280)
	at de.uka.ilkd.key.proof.init.ProblemInitializer.prepare(ProblemInitializer.java:529)
	at de.uka.ilkd.key.proof.init.ProblemInitializer.prepare(ProblemInitializer.java:471)
	at de.uka.ilkd.key.rule.TacletForTests.parse(TacletForTests.java:80)
	... 91 more
</failure>
  </testcase>
  <testcase name="testCompleteContextAddBug()" classname="de.uka.ilkd.key.rule.TestApplyTaclet" time="0.178">
    <failure message="java.lang.RuntimeException: Exception occurred while parsing src\test\resources\testcase\testrules.key" type="java.lang.RuntimeException">java.lang.RuntimeException: Exception occurred while parsing src\test\resources\testcase\testrules.key
	at de.uka.ilkd.key.rule.TacletForTests.parse(TacletForTests.java:89)
	at de.uka.ilkd.key.rule.TacletForTests.parse(TacletForTests.java:125)
	at de.uka.ilkd.key.rule.TacletForTests.parse(TacletForTests.java:129)
	at de.uka.ilkd.key.rule.TestApplyTaclet.setUp(TestApplyTaclet.java:75)
	at java.base/jdk.internal.reflect.NativeMethodAccessorImpl.invoke0(Native Method)
	at java.base/jdk.internal.reflect.NativeMethodAccessorImpl.invoke(NativeMethodAccessorImpl.java:62)
	at java.base/jdk.internal.reflect.DelegatingMethodAccessorImpl.invoke(DelegatingMethodAccessorImpl.java:43)
	at java.base/java.lang.reflect.Method.invoke(Method.java:566)
	at org.junit.platform.commons.util.ReflectionUtils.invokeMethod(ReflectionUtils.java:727)
	at org.junit.jupiter.engine.execution.MethodInvocation.proceed(MethodInvocation.java:60)
	at org.junit.jupiter.engine.execution.InvocationInterceptorChain$ValidatingInvocation.proceed(InvocationInterceptorChain.java:131)
	at org.junit.jupiter.engine.extension.TimeoutExtension.intercept(TimeoutExtension.java:156)
	at org.junit.jupiter.engine.extension.TimeoutExtension.interceptLifecycleMethod(TimeoutExtension.java:128)
	at org.junit.jupiter.engine.extension.TimeoutExtension.interceptBeforeEachMethod(TimeoutExtension.java:78)
	at org.junit.jupiter.engine.execution.InterceptingExecutableInvoker$ReflectiveInterceptorCall.lambda$ofVoidMethod$0(InterceptingExecutableInvoker.java:103)
	at org.junit.jupiter.engine.execution.InterceptingExecutableInvoker.lambda$invoke$0(InterceptingExecutableInvoker.java:93)
	at org.junit.jupiter.engine.execution.InvocationInterceptorChain$InterceptedInvocation.proceed(InvocationInterceptorChain.java:106)
	at org.junit.jupiter.engine.execution.InvocationInterceptorChain.proceed(InvocationInterceptorChain.java:64)
	at org.junit.jupiter.engine.execution.InvocationInterceptorChain.chainAndInvoke(InvocationInterceptorChain.java:45)
	at org.junit.jupiter.engine.execution.InvocationInterceptorChain.invoke(InvocationInterceptorChain.java:37)
	at org.junit.jupiter.engine.execution.InterceptingExecutableInvoker.invoke(InterceptingExecutableInvoker.java:92)
	at org.junit.jupiter.engine.execution.InterceptingExecutableInvoker.invoke(InterceptingExecutableInvoker.java:86)
	at org.junit.jupiter.engine.descriptor.ClassBasedTestDescriptor.invokeMethodInExtensionContext(ClassBasedTestDescriptor.java:520)
	at org.junit.jupiter.engine.descriptor.ClassBasedTestDescriptor.lambda$synthesizeBeforeEachMethodAdapter$23(ClassBasedTestDescriptor.java:505)
	at org.junit.jupiter.engine.descriptor.TestMethodTestDescriptor.lambda$invokeBeforeEachMethods$3(TestMethodTestDescriptor.java:174)
	at org.junit.jupiter.engine.descriptor.TestMethodTestDescriptor.lambda$invokeBeforeMethodsOrCallbacksUntilExceptionOccurs$6(TestMethodTestDescriptor.java:202)
	at org.junit.platform.engine.support.hierarchical.ThrowableCollector.execute(ThrowableCollector.java:73)
	at org.junit.jupiter.engine.descriptor.TestMethodTestDescriptor.invokeBeforeMethodsOrCallbacksUntilExceptionOccurs(TestMethodTestDescriptor.java:202)
	at org.junit.jupiter.engine.descriptor.TestMethodTestDescriptor.invokeBeforeEachMethods(TestMethodTestDescriptor.java:171)
	at org.junit.jupiter.engine.descriptor.TestMethodTestDescriptor.execute(TestMethodTestDescriptor.java:134)
	at org.junit.jupiter.engine.descriptor.TestMethodTestDescriptor.execute(TestMethodTestDescriptor.java:68)
	at org.junit.platform.engine.support.hierarchical.NodeTestTask.lambda$executeRecursively$6(NodeTestTask.java:151)
	at org.junit.platform.engine.support.hierarchical.ThrowableCollector.execute(ThrowableCollector.java:73)
	at org.junit.platform.engine.support.hierarchical.NodeTestTask.lambda$executeRecursively$8(NodeTestTask.java:141)
	at org.junit.platform.engine.support.hierarchical.Node.around(Node.java:137)
	at org.junit.platform.engine.support.hierarchical.NodeTestTask.lambda$executeRecursively$9(NodeTestTask.java:139)
	at org.junit.platform.engine.support.hierarchical.ThrowableCollector.execute(ThrowableCollector.java:73)
	at org.junit.platform.engine.support.hierarchical.NodeTestTask.executeRecursively(NodeTestTask.java:138)
	at org.junit.platform.engine.support.hierarchical.NodeTestTask.execute(NodeTestTask.java:95)
	at java.base/java.util.ArrayList.forEach(ArrayList.java:1541)
	at org.junit.platform.engine.support.hierarchical.SameThreadHierarchicalTestExecutorService.invokeAll(SameThreadHierarchicalTestExecutorService.java:41)
	at org.junit.platform.engine.support.hierarchical.NodeTestTask.lambda$executeRecursively$6(NodeTestTask.java:155)
	at org.junit.platform.engine.support.hierarchical.ThrowableCollector.execute(ThrowableCollector.java:73)
	at org.junit.platform.engine.support.hierarchical.NodeTestTask.lambda$executeRecursively$8(NodeTestTask.java:141)
	at org.junit.platform.engine.support.hierarchical.Node.around(Node.java:137)
	at org.junit.platform.engine.support.hierarchical.NodeTestTask.lambda$executeRecursively$9(NodeTestTask.java:139)
	at org.junit.platform.engine.support.hierarchical.ThrowableCollector.execute(ThrowableCollector.java:73)
	at org.junit.platform.engine.support.hierarchical.NodeTestTask.executeRecursively(NodeTestTask.java:138)
	at org.junit.platform.engine.support.hierarchical.NodeTestTask.execute(NodeTestTask.java:95)
	at java.base/java.util.ArrayList.forEach(ArrayList.java:1541)
	at org.junit.platform.engine.support.hierarchical.SameThreadHierarchicalTestExecutorService.invokeAll(SameThreadHierarchicalTestExecutorService.java:41)
	at org.junit.platform.engine.support.hierarchical.NodeTestTask.lambda$executeRecursively$6(NodeTestTask.java:155)
	at org.junit.platform.engine.support.hierarchical.ThrowableCollector.execute(ThrowableCollector.java:73)
	at org.junit.platform.engine.support.hierarchical.NodeTestTask.lambda$executeRecursively$8(NodeTestTask.java:141)
	at org.junit.platform.engine.support.hierarchical.Node.around(Node.java:137)
	at org.junit.platform.engine.support.hierarchical.NodeTestTask.lambda$executeRecursively$9(NodeTestTask.java:139)
	at org.junit.platform.engine.support.hierarchical.ThrowableCollector.execute(ThrowableCollector.java:73)
	at org.junit.platform.engine.support.hierarchical.NodeTestTask.executeRecursively(NodeTestTask.java:138)
	at org.junit.platform.engine.support.hierarchical.NodeTestTask.execute(NodeTestTask.java:95)
	at org.junit.platform.engine.support.hierarchical.SameThreadHierarchicalTestExecutorService.submit(SameThreadHierarchicalTestExecutorService.java:35)
	at org.junit.platform.engine.support.hierarchical.HierarchicalTestExecutor.execute(HierarchicalTestExecutor.java:57)
	at org.junit.platform.engine.support.hierarchical.HierarchicalTestEngine.execute(HierarchicalTestEngine.java:54)
	at org.junit.platform.launcher.core.EngineExecutionOrchestrator.execute(EngineExecutionOrchestrator.java:107)
	at org.junit.platform.launcher.core.EngineExecutionOrchestrator.execute(EngineExecutionOrchestrator.java:88)
	at org.junit.platform.launcher.core.EngineExecutionOrchestrator.lambda$execute$0(EngineExecutionOrchestrator.java:54)
	at org.junit.platform.launcher.core.EngineExecutionOrchestrator.withInterceptedStreams(EngineExecutionOrchestrator.java:67)
	at org.junit.platform.launcher.core.EngineExecutionOrchestrator.execute(EngineExecutionOrchestrator.java:52)
	at org.junit.platform.launcher.core.DefaultLauncher.execute(DefaultLauncher.java:114)
	at org.junit.platform.launcher.core.DefaultLauncher.execute(DefaultLauncher.java:86)
	at org.junit.platform.launcher.core.DefaultLauncherSession$DelegatingLauncher.execute(DefaultLauncherSession.java:86)
	at org.gradle.api.internal.tasks.testing.junitplatform.JUnitPlatformTestClassProcessor$CollectAllTestClassesExecutor.processAllTestClasses(JUnitPlatformTestClassProcessor.java:110)
	at org.gradle.api.internal.tasks.testing.junitplatform.JUnitPlatformTestClassProcessor$CollectAllTestClassesExecutor.access$000(JUnitPlatformTestClassProcessor.java:90)
	at org.gradle.api.internal.tasks.testing.junitplatform.JUnitPlatformTestClassProcessor.stop(JUnitPlatformTestClassProcessor.java:85)
	at org.gradle.api.internal.tasks.testing.SuiteTestClassProcessor.stop(SuiteTestClassProcessor.java:62)
	at java.base/jdk.internal.reflect.NativeMethodAccessorImpl.invoke0(Native Method)
	at java.base/jdk.internal.reflect.NativeMethodAccessorImpl.invoke(NativeMethodAccessorImpl.java:62)
	at java.base/jdk.internal.reflect.DelegatingMethodAccessorImpl.invoke(DelegatingMethodAccessorImpl.java:43)
	at java.base/java.lang.reflect.Method.invoke(Method.java:566)
	at org.gradle.internal.dispatch.ReflectionDispatch.dispatch(ReflectionDispatch.java:36)
	at org.gradle.internal.dispatch.ReflectionDispatch.dispatch(ReflectionDispatch.java:24)
	at org.gradle.internal.dispatch.ContextClassLoaderDispatch.dispatch(ContextClassLoaderDispatch.java:33)
	at org.gradle.internal.dispatch.ProxyDispatchAdapter$DispatchingInvocationHandler.invoke(ProxyDispatchAdapter.java:94)
	at com.sun.proxy.$Proxy5.stop(Unknown Source)
	at org.gradle.api.internal.tasks.testing.worker.TestWorker$3.run(TestWorker.java:193)
	at org.gradle.api.internal.tasks.testing.worker.TestWorker.executeAndMaintainThreadName(TestWorker.java:129)
	at org.gradle.api.internal.tasks.testing.worker.TestWorker.execute(TestWorker.java:100)
	at org.gradle.api.internal.tasks.testing.worker.TestWorker.execute(TestWorker.java:60)
	at org.gradle.process.internal.worker.child.ActionExecutionWorker.execute(ActionExecutionWorker.java:56)
	at org.gradle.process.internal.worker.child.SystemApplicationClassLoaderWorker.call(SystemApplicationClassLoaderWorker.java:113)
	at org.gradle.process.internal.worker.child.SystemApplicationClassLoaderWorker.call(SystemApplicationClassLoaderWorker.java:65)
	at worker.org.gradle.process.internal.worker.GradleWorkerMain.run(GradleWorkerMain.java:69)
	at worker.org.gradle.process.internal.worker.GradleWorkerMain.main(GradleWorkerMain.java:74)
Caused by: UnsolvedSymbolException{context='arg0', name='Solving arg0', cause='null'}
	at com.github.javaparser.symbolsolver.javaparsermodel.TypeExtractor.visit(TypeExtractor.java:335)
	at com.github.javaparser.symbolsolver.javaparsermodel.TypeExtractor.visit(TypeExtractor.java:65)
	at com.github.javaparser.ast.expr.NameExpr.accept(NameExpr.java:79)
	at com.github.javaparser.symbolsolver.javaparsermodel.JavaParserFacade.getTypeConcrete(JavaParserFacade.java:505)
	at com.github.javaparser.symbolsolver.javaparsermodel.JavaParserFacade.getType(JavaParserFacade.java:352)
	at com.github.javaparser.symbolsolver.javaparsermodel.JavaParserFacade.getType(JavaParserFacade.java:334)
	at com.github.javaparser.symbolsolver.JavaSymbolSolver.calculateType(JavaSymbolSolver.java:294)
	at com.github.javaparser.ast.expr.Expression.calculateResolvedType(Expression.java:573)
	at de.uka.ilkd.key.java.JP2KeYVisitor.visit(JP2KeYConverter.java:707)
	at de.uka.ilkd.key.java.JP2KeYVisitor.visit(JP2KeYConverter.java:90)
	at com.github.javaparser.ast.expr.NameExpr.accept(NameExpr.java:79)
	at de.uka.ilkd.key.java.JP2KeYVisitor.lambda$map$1(JP2KeYConverter.java:402)
	at java.base/java.util.stream.ReferencePipeline$3$1.accept(ReferencePipeline.java:195)
	at java.base/java.util.ArrayList$ArrayListSpliterator.forEachRemaining(ArrayList.java:1655)
	at java.base/java.util.stream.AbstractPipeline.copyInto(AbstractPipeline.java:484)
	at java.base/java.util.stream.AbstractPipeline.wrapAndCopyInto(AbstractPipeline.java:474)
	at java.base/java.util.stream.ReduceOps$ReduceOp.evaluateSequential(ReduceOps.java:913)
	at java.base/java.util.stream.AbstractPipeline.evaluate(AbstractPipeline.java:234)
	at java.base/java.util.stream.ReferencePipeline.collect(ReferencePipeline.java:578)
	at de.uka.ilkd.key.java.JP2KeYVisitor.map(JP2KeYConverter.java:403)
	at de.uka.ilkd.key.java.JP2KeYVisitor.visit(JP2KeYConverter.java:506)
	at de.uka.ilkd.key.java.JP2KeYVisitor.visit(JP2KeYConverter.java:90)
	at com.github.javaparser.ast.stmt.ExplicitConstructorInvocationStmt.accept(ExplicitConstructorInvocationStmt.java:96)
	at de.uka.ilkd.key.java.JP2KeYVisitor.lambda$map$1(JP2KeYConverter.java:402)
	at java.base/java.util.stream.ReferencePipeline$3$1.accept(ReferencePipeline.java:195)
	at java.base/java.util.ArrayList$ArrayListSpliterator.forEachRemaining(ArrayList.java:1655)
	at java.base/java.util.stream.AbstractPipeline.copyInto(AbstractPipeline.java:484)
	at java.base/java.util.stream.AbstractPipeline.wrapAndCopyInto(AbstractPipeline.java:474)
	at java.base/java.util.stream.ReduceOps$ReduceOp.evaluateSequential(ReduceOps.java:913)
	at java.base/java.util.stream.AbstractPipeline.evaluate(AbstractPipeline.java:234)
	at java.base/java.util.stream.ReferencePipeline.collect(ReferencePipeline.java:578)
	at de.uka.ilkd.key.java.JP2KeYVisitor.map(JP2KeYConverter.java:403)
	at de.uka.ilkd.key.java.JP2KeYVisitor.visit(JP2KeYConverter.java:258)
	at de.uka.ilkd.key.java.JP2KeYVisitor.visit(JP2KeYConverter.java:90)
	at com.github.javaparser.ast.stmt.BlockStmt.accept(BlockStmt.java:70)
	at de.uka.ilkd.key.java.JP2KeYVisitor.lambda$map$1(JP2KeYConverter.java:402)
	at java.base/java.util.stream.ReferencePipeline$3$1.accept(ReferencePipeline.java:195)
	at java.base/java.util.ArrayList$ArrayListSpliterator.forEachRemaining(ArrayList.java:1655)
	at java.base/java.util.stream.AbstractPipeline.copyInto(AbstractPipeline.java:484)
	at java.base/java.util.stream.AbstractPipeline.wrapAndCopyInto(AbstractPipeline.java:474)
	at java.base/java.util.stream.ReduceOps$ReduceOp.evaluateSequential(ReduceOps.java:913)
	at java.base/java.util.stream.AbstractPipeline.evaluate(AbstractPipeline.java:234)
	at java.base/java.util.stream.ReferencePipeline.collect(ReferencePipeline.java:578)
	at de.uka.ilkd.key.java.JP2KeYVisitor.map(JP2KeYConverter.java:403)
	at de.uka.ilkd.key.java.JP2KeYVisitor.visit(JP2KeYConverter.java:258)
	at de.uka.ilkd.key.java.JP2KeYVisitor.visit(JP2KeYConverter.java:90)
	at com.github.javaparser.ast.stmt.BlockStmt.accept(BlockStmt.java:70)
	at de.uka.ilkd.key.java.JP2KeYVisitor.accept(JP2KeYConverter.java:348)
	at de.uka.ilkd.key.java.JP2KeYVisitor.visit(JP2KeYConverter.java:946)
	at de.uka.ilkd.key.java.JP2KeYVisitor.visit(JP2KeYConverter.java:90)
	at com.github.javaparser.ast.stmt.TryStmt.accept(TryStmt.java:135)
	at de.uka.ilkd.key.java.JP2KeYVisitor.lambda$map$1(JP2KeYConverter.java:402)
	at java.base/java.util.stream.ReferencePipeline$3$1.accept(ReferencePipeline.java:195)
	at java.base/java.util.ArrayList$ArrayListSpliterator.forEachRemaining(ArrayList.java:1655)
	at java.base/java.util.stream.AbstractPipeline.copyInto(AbstractPipeline.java:484)
	at java.base/java.util.stream.AbstractPipeline.wrapAndCopyInto(AbstractPipeline.java:474)
	at java.base/java.util.stream.ReduceOps$ReduceOp.evaluateSequential(ReduceOps.java:913)
	at java.base/java.util.stream.AbstractPipeline.evaluate(AbstractPipeline.java:234)
	at java.base/java.util.stream.ReferencePipeline.collect(ReferencePipeline.java:578)
	at de.uka.ilkd.key.java.JP2KeYVisitor.map(JP2KeYConverter.java:403)
	at de.uka.ilkd.key.java.JP2KeYVisitor.visit(JP2KeYConverter.java:258)
	at de.uka.ilkd.key.java.JP2KeYVisitor.visit(JP2KeYConverter.java:90)
	at com.github.javaparser.ast.stmt.BlockStmt.accept(BlockStmt.java:70)
	at de.uka.ilkd.key.java.JP2KeYVisitor.accept(JP2KeYConverter.java:348)
	at de.uka.ilkd.key.java.JP2KeYVisitor.visit(JP2KeYConverter.java:609)
	at de.uka.ilkd.key.java.JP2KeYVisitor.visit(JP2KeYConverter.java:90)
	at com.github.javaparser.ast.stmt.IfStmt.accept(IfStmt.java:82)
	at de.uka.ilkd.key.java.JP2KeYVisitor.lambda$map$1(JP2KeYConverter.java:402)
	at java.base/java.util.stream.ReferencePipeline$3$1.accept(ReferencePipeline.java:195)
	at java.base/java.util.ArrayList$ArrayListSpliterator.forEachRemaining(ArrayList.java:1655)
	at java.base/java.util.stream.AbstractPipeline.copyInto(AbstractPipeline.java:484)
	at java.base/java.util.stream.AbstractPipeline.wrapAndCopyInto(AbstractPipeline.java:474)
	at java.base/java.util.stream.ReduceOps$ReduceOp.evaluateSequential(ReduceOps.java:913)
	at java.base/java.util.stream.AbstractPipeline.evaluate(AbstractPipeline.java:234)
	at java.base/java.util.stream.ReferencePipeline.collect(ReferencePipeline.java:578)
	at de.uka.ilkd.key.java.JP2KeYVisitor.map(JP2KeYConverter.java:403)
	at de.uka.ilkd.key.java.JP2KeYVisitor.visit(JP2KeYConverter.java:258)
	at de.uka.ilkd.key.java.JP2KeYVisitor.visit(JP2KeYConverter.java:90)
	at com.github.javaparser.ast.stmt.BlockStmt.accept(BlockStmt.java:70)
	at de.uka.ilkd.key.java.JP2KeYVisitor.accept(JP2KeYConverter.java:348)
	at de.uka.ilkd.key.java.JP2KeYVisitor.visit(JP2KeYConverter.java:609)
	at de.uka.ilkd.key.java.JP2KeYVisitor.visit(JP2KeYConverter.java:90)
	at com.github.javaparser.ast.stmt.IfStmt.accept(IfStmt.java:82)
	at de.uka.ilkd.key.java.JP2KeYVisitor.lambda$map$1(JP2KeYConverter.java:402)
	at java.base/java.util.stream.ReferencePipeline$3$1.accept(ReferencePipeline.java:195)
	at java.base/java.util.ArrayList$ArrayListSpliterator.forEachRemaining(ArrayList.java:1655)
	at java.base/java.util.stream.AbstractPipeline.copyInto(AbstractPipeline.java:484)
	at java.base/java.util.stream.AbstractPipeline.wrapAndCopyInto(AbstractPipeline.java:474)
	at java.base/java.util.stream.ReduceOps$ReduceOp.evaluateSequential(ReduceOps.java:913)
	at java.base/java.util.stream.AbstractPipeline.evaluate(AbstractPipeline.java:234)
	at java.base/java.util.stream.ReferencePipeline.collect(ReferencePipeline.java:578)
	at de.uka.ilkd.key.java.JP2KeYVisitor.map(JP2KeYConverter.java:403)
	at de.uka.ilkd.key.java.JP2KeYVisitor.visit(JP2KeYConverter.java:258)
	at de.uka.ilkd.key.java.JP2KeYVisitor.visit(JP2KeYConverter.java:90)
	at com.github.javaparser.ast.stmt.BlockStmt.accept(BlockStmt.java:70)
	at de.uka.ilkd.key.java.JP2KeYVisitor.accept(JP2KeYConverter.java:348)
	at de.uka.ilkd.key.java.JP2KeYVisitor.accepto(JP2KeYConverter.java:418)
	at de.uka.ilkd.key.java.JP2KeYVisitor.visit(JP2KeYConverter.java:688)
	at de.uka.ilkd.key.java.JP2KeYVisitor.visit(JP2KeYConverter.java:90)
	at com.github.javaparser.ast.body.MethodDeclaration.accept(MethodDeclaration.java:98)
	at de.uka.ilkd.key.java.JP2KeYVisitor.lambda$map$1(JP2KeYConverter.java:402)
	at java.base/java.util.stream.ReferencePipeline$3$1.accept(ReferencePipeline.java:195)
	at java.base/java.util.ArrayList$ArrayListSpliterator.forEachRemaining(ArrayList.java:1655)
	at java.base/java.util.stream.AbstractPipeline.copyInto(AbstractPipeline.java:484)
	at java.base/java.util.stream.AbstractPipeline.wrapAndCopyInto(AbstractPipeline.java:474)
	at java.base/java.util.stream.ReduceOps$ReduceOp.evaluateSequential(ReduceOps.java:913)
	at java.base/java.util.stream.AbstractPipeline.evaluate(AbstractPipeline.java:234)
	at java.base/java.util.stream.ReferencePipeline.collect(ReferencePipeline.java:578)
	at de.uka.ilkd.key.java.JP2KeYVisitor.map(JP2KeYConverter.java:403)
	at de.uka.ilkd.key.java.JP2KeYVisitor.visit(JP2KeYConverter.java:310)
	at de.uka.ilkd.key.java.JP2KeYVisitor.visit(JP2KeYConverter.java:90)
	at com.github.javaparser.ast.body.ClassOrInterfaceDeclaration.accept(ClassOrInterfaceDeclaration.java:95)
	at de.uka.ilkd.key.java.JP2KeYVisitor.lambda$map$1(JP2KeYConverter.java:402)
	at java.base/java.util.stream.ReferencePipeline$3$1.accept(ReferencePipeline.java:195)
	at java.base/java.util.ArrayList$ArrayListSpliterator.forEachRemaining(ArrayList.java:1655)
	at java.base/java.util.stream.AbstractPipeline.copyInto(AbstractPipeline.java:484)
	at java.base/java.util.stream.AbstractPipeline.wrapAndCopyInto(AbstractPipeline.java:474)
	at java.base/java.util.stream.ReduceOps$ReduceOp.evaluateSequential(ReduceOps.java:913)
	at java.base/java.util.stream.AbstractPipeline.evaluate(AbstractPipeline.java:234)
	at java.base/java.util.stream.ReferencePipeline.collect(ReferencePipeline.java:578)
	at de.uka.ilkd.key.java.JP2KeYVisitor.map(JP2KeYConverter.java:403)
	at de.uka.ilkd.key.java.JP2KeYVisitor.visit(JP2KeYConverter.java:393)
	at de.uka.ilkd.key.java.JP2KeYVisitor.visit(JP2KeYConverter.java:90)
	at com.github.javaparser.ast.CompilationUnit.accept(CompilationUnit.java:124)
	at de.uka.ilkd.key.java.JP2KeYConverter.process(JP2KeYConverter.java:84)
	at de.uka.ilkd.key.java.JP2KeYConverter.processCompilationUnit(JP2KeYConverter.java:80)
	at de.uka.ilkd.key.java.JavaService.parseLibraryClasses0(JavaService.java:536)
	at de.uka.ilkd.key.java.JavaService.parseSpecialClasses(JavaService.java:511)
	at de.uka.ilkd.key.proof.init.ProblemInitializer.readJava(ProblemInitializer.java:280)
	at de.uka.ilkd.key.proof.init.ProblemInitializer.prepare(ProblemInitializer.java:529)
	at de.uka.ilkd.key.proof.init.ProblemInitializer.prepare(ProblemInitializer.java:471)
	at de.uka.ilkd.key.rule.TacletForTests.parse(TacletForTests.java:80)
	... 91 more
</failure>
  </testcase>
  <testcase name="testBugID176()" classname="de.uka.ilkd.key.rule.TestApplyTaclet" time="0.143">
    <failure message="java.lang.RuntimeException: Exception occurred while parsing src\test\resources\testcase\testrules.key" type="java.lang.RuntimeException">java.lang.RuntimeException: Exception occurred while parsing src\test\resources\testcase\testrules.key
	at de.uka.ilkd.key.rule.TacletForTests.parse(TacletForTests.java:89)
	at de.uka.ilkd.key.rule.TacletForTests.parse(TacletForTests.java:125)
	at de.uka.ilkd.key.rule.TacletForTests.parse(TacletForTests.java:129)
	at de.uka.ilkd.key.rule.TestApplyTaclet.setUp(TestApplyTaclet.java:75)
	at java.base/jdk.internal.reflect.NativeMethodAccessorImpl.invoke0(Native Method)
	at java.base/jdk.internal.reflect.NativeMethodAccessorImpl.invoke(NativeMethodAccessorImpl.java:62)
	at java.base/jdk.internal.reflect.DelegatingMethodAccessorImpl.invoke(DelegatingMethodAccessorImpl.java:43)
	at java.base/java.lang.reflect.Method.invoke(Method.java:566)
	at org.junit.platform.commons.util.ReflectionUtils.invokeMethod(ReflectionUtils.java:727)
	at org.junit.jupiter.engine.execution.MethodInvocation.proceed(MethodInvocation.java:60)
	at org.junit.jupiter.engine.execution.InvocationInterceptorChain$ValidatingInvocation.proceed(InvocationInterceptorChain.java:131)
	at org.junit.jupiter.engine.extension.TimeoutExtension.intercept(TimeoutExtension.java:156)
	at org.junit.jupiter.engine.extension.TimeoutExtension.interceptLifecycleMethod(TimeoutExtension.java:128)
	at org.junit.jupiter.engine.extension.TimeoutExtension.interceptBeforeEachMethod(TimeoutExtension.java:78)
	at org.junit.jupiter.engine.execution.InterceptingExecutableInvoker$ReflectiveInterceptorCall.lambda$ofVoidMethod$0(InterceptingExecutableInvoker.java:103)
	at org.junit.jupiter.engine.execution.InterceptingExecutableInvoker.lambda$invoke$0(InterceptingExecutableInvoker.java:93)
	at org.junit.jupiter.engine.execution.InvocationInterceptorChain$InterceptedInvocation.proceed(InvocationInterceptorChain.java:106)
	at org.junit.jupiter.engine.execution.InvocationInterceptorChain.proceed(InvocationInterceptorChain.java:64)
	at org.junit.jupiter.engine.execution.InvocationInterceptorChain.chainAndInvoke(InvocationInterceptorChain.java:45)
	at org.junit.jupiter.engine.execution.InvocationInterceptorChain.invoke(InvocationInterceptorChain.java:37)
	at org.junit.jupiter.engine.execution.InterceptingExecutableInvoker.invoke(InterceptingExecutableInvoker.java:92)
	at org.junit.jupiter.engine.execution.InterceptingExecutableInvoker.invoke(InterceptingExecutableInvoker.java:86)
	at org.junit.jupiter.engine.descriptor.ClassBasedTestDescriptor.invokeMethodInExtensionContext(ClassBasedTestDescriptor.java:520)
	at org.junit.jupiter.engine.descriptor.ClassBasedTestDescriptor.lambda$synthesizeBeforeEachMethodAdapter$23(ClassBasedTestDescriptor.java:505)
	at org.junit.jupiter.engine.descriptor.TestMethodTestDescriptor.lambda$invokeBeforeEachMethods$3(TestMethodTestDescriptor.java:174)
	at org.junit.jupiter.engine.descriptor.TestMethodTestDescriptor.lambda$invokeBeforeMethodsOrCallbacksUntilExceptionOccurs$6(TestMethodTestDescriptor.java:202)
	at org.junit.platform.engine.support.hierarchical.ThrowableCollector.execute(ThrowableCollector.java:73)
	at org.junit.jupiter.engine.descriptor.TestMethodTestDescriptor.invokeBeforeMethodsOrCallbacksUntilExceptionOccurs(TestMethodTestDescriptor.java:202)
	at org.junit.jupiter.engine.descriptor.TestMethodTestDescriptor.invokeBeforeEachMethods(TestMethodTestDescriptor.java:171)
	at org.junit.jupiter.engine.descriptor.TestMethodTestDescriptor.execute(TestMethodTestDescriptor.java:134)
	at org.junit.jupiter.engine.descriptor.TestMethodTestDescriptor.execute(TestMethodTestDescriptor.java:68)
	at org.junit.platform.engine.support.hierarchical.NodeTestTask.lambda$executeRecursively$6(NodeTestTask.java:151)
	at org.junit.platform.engine.support.hierarchical.ThrowableCollector.execute(ThrowableCollector.java:73)
	at org.junit.platform.engine.support.hierarchical.NodeTestTask.lambda$executeRecursively$8(NodeTestTask.java:141)
	at org.junit.platform.engine.support.hierarchical.Node.around(Node.java:137)
	at org.junit.platform.engine.support.hierarchical.NodeTestTask.lambda$executeRecursively$9(NodeTestTask.java:139)
	at org.junit.platform.engine.support.hierarchical.ThrowableCollector.execute(ThrowableCollector.java:73)
	at org.junit.platform.engine.support.hierarchical.NodeTestTask.executeRecursively(NodeTestTask.java:138)
	at org.junit.platform.engine.support.hierarchical.NodeTestTask.execute(NodeTestTask.java:95)
	at java.base/java.util.ArrayList.forEach(ArrayList.java:1541)
	at org.junit.platform.engine.support.hierarchical.SameThreadHierarchicalTestExecutorService.invokeAll(SameThreadHierarchicalTestExecutorService.java:41)
	at org.junit.platform.engine.support.hierarchical.NodeTestTask.lambda$executeRecursively$6(NodeTestTask.java:155)
	at org.junit.platform.engine.support.hierarchical.ThrowableCollector.execute(ThrowableCollector.java:73)
	at org.junit.platform.engine.support.hierarchical.NodeTestTask.lambda$executeRecursively$8(NodeTestTask.java:141)
	at org.junit.platform.engine.support.hierarchical.Node.around(Node.java:137)
	at org.junit.platform.engine.support.hierarchical.NodeTestTask.lambda$executeRecursively$9(NodeTestTask.java:139)
	at org.junit.platform.engine.support.hierarchical.ThrowableCollector.execute(ThrowableCollector.java:73)
	at org.junit.platform.engine.support.hierarchical.NodeTestTask.executeRecursively(NodeTestTask.java:138)
	at org.junit.platform.engine.support.hierarchical.NodeTestTask.execute(NodeTestTask.java:95)
	at java.base/java.util.ArrayList.forEach(ArrayList.java:1541)
	at org.junit.platform.engine.support.hierarchical.SameThreadHierarchicalTestExecutorService.invokeAll(SameThreadHierarchicalTestExecutorService.java:41)
	at org.junit.platform.engine.support.hierarchical.NodeTestTask.lambda$executeRecursively$6(NodeTestTask.java:155)
	at org.junit.platform.engine.support.hierarchical.ThrowableCollector.execute(ThrowableCollector.java:73)
	at org.junit.platform.engine.support.hierarchical.NodeTestTask.lambda$executeRecursively$8(NodeTestTask.java:141)
	at org.junit.platform.engine.support.hierarchical.Node.around(Node.java:137)
	at org.junit.platform.engine.support.hierarchical.NodeTestTask.lambda$executeRecursively$9(NodeTestTask.java:139)
	at org.junit.platform.engine.support.hierarchical.ThrowableCollector.execute(ThrowableCollector.java:73)
	at org.junit.platform.engine.support.hierarchical.NodeTestTask.executeRecursively(NodeTestTask.java:138)
	at org.junit.platform.engine.support.hierarchical.NodeTestTask.execute(NodeTestTask.java:95)
	at org.junit.platform.engine.support.hierarchical.SameThreadHierarchicalTestExecutorService.submit(SameThreadHierarchicalTestExecutorService.java:35)
	at org.junit.platform.engine.support.hierarchical.HierarchicalTestExecutor.execute(HierarchicalTestExecutor.java:57)
	at org.junit.platform.engine.support.hierarchical.HierarchicalTestEngine.execute(HierarchicalTestEngine.java:54)
	at org.junit.platform.launcher.core.EngineExecutionOrchestrator.execute(EngineExecutionOrchestrator.java:107)
	at org.junit.platform.launcher.core.EngineExecutionOrchestrator.execute(EngineExecutionOrchestrator.java:88)
	at org.junit.platform.launcher.core.EngineExecutionOrchestrator.lambda$execute$0(EngineExecutionOrchestrator.java:54)
	at org.junit.platform.launcher.core.EngineExecutionOrchestrator.withInterceptedStreams(EngineExecutionOrchestrator.java:67)
	at org.junit.platform.launcher.core.EngineExecutionOrchestrator.execute(EngineExecutionOrchestrator.java:52)
	at org.junit.platform.launcher.core.DefaultLauncher.execute(DefaultLauncher.java:114)
	at org.junit.platform.launcher.core.DefaultLauncher.execute(DefaultLauncher.java:86)
	at org.junit.platform.launcher.core.DefaultLauncherSession$DelegatingLauncher.execute(DefaultLauncherSession.java:86)
	at org.gradle.api.internal.tasks.testing.junitplatform.JUnitPlatformTestClassProcessor$CollectAllTestClassesExecutor.processAllTestClasses(JUnitPlatformTestClassProcessor.java:110)
	at org.gradle.api.internal.tasks.testing.junitplatform.JUnitPlatformTestClassProcessor$CollectAllTestClassesExecutor.access$000(JUnitPlatformTestClassProcessor.java:90)
	at org.gradle.api.internal.tasks.testing.junitplatform.JUnitPlatformTestClassProcessor.stop(JUnitPlatformTestClassProcessor.java:85)
	at org.gradle.api.internal.tasks.testing.SuiteTestClassProcessor.stop(SuiteTestClassProcessor.java:62)
	at java.base/jdk.internal.reflect.NativeMethodAccessorImpl.invoke0(Native Method)
	at java.base/jdk.internal.reflect.NativeMethodAccessorImpl.invoke(NativeMethodAccessorImpl.java:62)
	at java.base/jdk.internal.reflect.DelegatingMethodAccessorImpl.invoke(DelegatingMethodAccessorImpl.java:43)
	at java.base/java.lang.reflect.Method.invoke(Method.java:566)
	at org.gradle.internal.dispatch.ReflectionDispatch.dispatch(ReflectionDispatch.java:36)
	at org.gradle.internal.dispatch.ReflectionDispatch.dispatch(ReflectionDispatch.java:24)
	at org.gradle.internal.dispatch.ContextClassLoaderDispatch.dispatch(ContextClassLoaderDispatch.java:33)
	at org.gradle.internal.dispatch.ProxyDispatchAdapter$DispatchingInvocationHandler.invoke(ProxyDispatchAdapter.java:94)
	at com.sun.proxy.$Proxy5.stop(Unknown Source)
	at org.gradle.api.internal.tasks.testing.worker.TestWorker$3.run(TestWorker.java:193)
	at org.gradle.api.internal.tasks.testing.worker.TestWorker.executeAndMaintainThreadName(TestWorker.java:129)
	at org.gradle.api.internal.tasks.testing.worker.TestWorker.execute(TestWorker.java:100)
	at org.gradle.api.internal.tasks.testing.worker.TestWorker.execute(TestWorker.java:60)
	at org.gradle.process.internal.worker.child.ActionExecutionWorker.execute(ActionExecutionWorker.java:56)
	at org.gradle.process.internal.worker.child.SystemApplicationClassLoaderWorker.call(SystemApplicationClassLoaderWorker.java:113)
	at org.gradle.process.internal.worker.child.SystemApplicationClassLoaderWorker.call(SystemApplicationClassLoaderWorker.java:65)
	at worker.org.gradle.process.internal.worker.GradleWorkerMain.run(GradleWorkerMain.java:69)
	at worker.org.gradle.process.internal.worker.GradleWorkerMain.main(GradleWorkerMain.java:74)
Caused by: UnsolvedSymbolException{context='arg0', name='Solving arg0', cause='null'}
	at com.github.javaparser.symbolsolver.javaparsermodel.TypeExtractor.visit(TypeExtractor.java:335)
	at com.github.javaparser.symbolsolver.javaparsermodel.TypeExtractor.visit(TypeExtractor.java:65)
	at com.github.javaparser.ast.expr.NameExpr.accept(NameExpr.java:79)
	at com.github.javaparser.symbolsolver.javaparsermodel.JavaParserFacade.getTypeConcrete(JavaParserFacade.java:505)
	at com.github.javaparser.symbolsolver.javaparsermodel.JavaParserFacade.getType(JavaParserFacade.java:352)
	at com.github.javaparser.symbolsolver.javaparsermodel.JavaParserFacade.getType(JavaParserFacade.java:334)
	at com.github.javaparser.symbolsolver.JavaSymbolSolver.calculateType(JavaSymbolSolver.java:294)
	at com.github.javaparser.ast.expr.Expression.calculateResolvedType(Expression.java:573)
	at de.uka.ilkd.key.java.JP2KeYVisitor.visit(JP2KeYConverter.java:707)
	at de.uka.ilkd.key.java.JP2KeYVisitor.visit(JP2KeYConverter.java:90)
	at com.github.javaparser.ast.expr.NameExpr.accept(NameExpr.java:79)
	at de.uka.ilkd.key.java.JP2KeYVisitor.lambda$map$1(JP2KeYConverter.java:402)
	at java.base/java.util.stream.ReferencePipeline$3$1.accept(ReferencePipeline.java:195)
	at java.base/java.util.ArrayList$ArrayListSpliterator.forEachRemaining(ArrayList.java:1655)
	at java.base/java.util.stream.AbstractPipeline.copyInto(AbstractPipeline.java:484)
	at java.base/java.util.stream.AbstractPipeline.wrapAndCopyInto(AbstractPipeline.java:474)
	at java.base/java.util.stream.ReduceOps$ReduceOp.evaluateSequential(ReduceOps.java:913)
	at java.base/java.util.stream.AbstractPipeline.evaluate(AbstractPipeline.java:234)
	at java.base/java.util.stream.ReferencePipeline.collect(ReferencePipeline.java:578)
	at de.uka.ilkd.key.java.JP2KeYVisitor.map(JP2KeYConverter.java:403)
	at de.uka.ilkd.key.java.JP2KeYVisitor.visit(JP2KeYConverter.java:506)
	at de.uka.ilkd.key.java.JP2KeYVisitor.visit(JP2KeYConverter.java:90)
	at com.github.javaparser.ast.stmt.ExplicitConstructorInvocationStmt.accept(ExplicitConstructorInvocationStmt.java:96)
	at de.uka.ilkd.key.java.JP2KeYVisitor.lambda$map$1(JP2KeYConverter.java:402)
	at java.base/java.util.stream.ReferencePipeline$3$1.accept(ReferencePipeline.java:195)
	at java.base/java.util.ArrayList$ArrayListSpliterator.forEachRemaining(ArrayList.java:1655)
	at java.base/java.util.stream.AbstractPipeline.copyInto(AbstractPipeline.java:484)
	at java.base/java.util.stream.AbstractPipeline.wrapAndCopyInto(AbstractPipeline.java:474)
	at java.base/java.util.stream.ReduceOps$ReduceOp.evaluateSequential(ReduceOps.java:913)
	at java.base/java.util.stream.AbstractPipeline.evaluate(AbstractPipeline.java:234)
	at java.base/java.util.stream.ReferencePipeline.collect(ReferencePipeline.java:578)
	at de.uka.ilkd.key.java.JP2KeYVisitor.map(JP2KeYConverter.java:403)
	at de.uka.ilkd.key.java.JP2KeYVisitor.visit(JP2KeYConverter.java:258)
	at de.uka.ilkd.key.java.JP2KeYVisitor.visit(JP2KeYConverter.java:90)
	at com.github.javaparser.ast.stmt.BlockStmt.accept(BlockStmt.java:70)
	at de.uka.ilkd.key.java.JP2KeYVisitor.lambda$map$1(JP2KeYConverter.java:402)
	at java.base/java.util.stream.ReferencePipeline$3$1.accept(ReferencePipeline.java:195)
	at java.base/java.util.ArrayList$ArrayListSpliterator.forEachRemaining(ArrayList.java:1655)
	at java.base/java.util.stream.AbstractPipeline.copyInto(AbstractPipeline.java:484)
	at java.base/java.util.stream.AbstractPipeline.wrapAndCopyInto(AbstractPipeline.java:474)
	at java.base/java.util.stream.ReduceOps$ReduceOp.evaluateSequential(ReduceOps.java:913)
	at java.base/java.util.stream.AbstractPipeline.evaluate(AbstractPipeline.java:234)
	at java.base/java.util.stream.ReferencePipeline.collect(ReferencePipeline.java:578)
	at de.uka.ilkd.key.java.JP2KeYVisitor.map(JP2KeYConverter.java:403)
	at de.uka.ilkd.key.java.JP2KeYVisitor.visit(JP2KeYConverter.java:258)
	at de.uka.ilkd.key.java.JP2KeYVisitor.visit(JP2KeYConverter.java:90)
	at com.github.javaparser.ast.stmt.BlockStmt.accept(BlockStmt.java:70)
	at de.uka.ilkd.key.java.JP2KeYVisitor.accept(JP2KeYConverter.java:348)
	at de.uka.ilkd.key.java.JP2KeYVisitor.visit(JP2KeYConverter.java:946)
	at de.uka.ilkd.key.java.JP2KeYVisitor.visit(JP2KeYConverter.java:90)
	at com.github.javaparser.ast.stmt.TryStmt.accept(TryStmt.java:135)
	at de.uka.ilkd.key.java.JP2KeYVisitor.lambda$map$1(JP2KeYConverter.java:402)
	at java.base/java.util.stream.ReferencePipeline$3$1.accept(ReferencePipeline.java:195)
	at java.base/java.util.ArrayList$ArrayListSpliterator.forEachRemaining(ArrayList.java:1655)
	at java.base/java.util.stream.AbstractPipeline.copyInto(AbstractPipeline.java:484)
	at java.base/java.util.stream.AbstractPipeline.wrapAndCopyInto(AbstractPipeline.java:474)
	at java.base/java.util.stream.ReduceOps$ReduceOp.evaluateSequential(ReduceOps.java:913)
	at java.base/java.util.stream.AbstractPipeline.evaluate(AbstractPipeline.java:234)
	at java.base/java.util.stream.ReferencePipeline.collect(ReferencePipeline.java:578)
	at de.uka.ilkd.key.java.JP2KeYVisitor.map(JP2KeYConverter.java:403)
	at de.uka.ilkd.key.java.JP2KeYVisitor.visit(JP2KeYConverter.java:258)
	at de.uka.ilkd.key.java.JP2KeYVisitor.visit(JP2KeYConverter.java:90)
	at com.github.javaparser.ast.stmt.BlockStmt.accept(BlockStmt.java:70)
	at de.uka.ilkd.key.java.JP2KeYVisitor.accept(JP2KeYConverter.java:348)
	at de.uka.ilkd.key.java.JP2KeYVisitor.visit(JP2KeYConverter.java:609)
	at de.uka.ilkd.key.java.JP2KeYVisitor.visit(JP2KeYConverter.java:90)
	at com.github.javaparser.ast.stmt.IfStmt.accept(IfStmt.java:82)
	at de.uka.ilkd.key.java.JP2KeYVisitor.lambda$map$1(JP2KeYConverter.java:402)
	at java.base/java.util.stream.ReferencePipeline$3$1.accept(ReferencePipeline.java:195)
	at java.base/java.util.ArrayList$ArrayListSpliterator.forEachRemaining(ArrayList.java:1655)
	at java.base/java.util.stream.AbstractPipeline.copyInto(AbstractPipeline.java:484)
	at java.base/java.util.stream.AbstractPipeline.wrapAndCopyInto(AbstractPipeline.java:474)
	at java.base/java.util.stream.ReduceOps$ReduceOp.evaluateSequential(ReduceOps.java:913)
	at java.base/java.util.stream.AbstractPipeline.evaluate(AbstractPipeline.java:234)
	at java.base/java.util.stream.ReferencePipeline.collect(ReferencePipeline.java:578)
	at de.uka.ilkd.key.java.JP2KeYVisitor.map(JP2KeYConverter.java:403)
	at de.uka.ilkd.key.java.JP2KeYVisitor.visit(JP2KeYConverter.java:258)
	at de.uka.ilkd.key.java.JP2KeYVisitor.visit(JP2KeYConverter.java:90)
	at com.github.javaparser.ast.stmt.BlockStmt.accept(BlockStmt.java:70)
	at de.uka.ilkd.key.java.JP2KeYVisitor.accept(JP2KeYConverter.java:348)
	at de.uka.ilkd.key.java.JP2KeYVisitor.visit(JP2KeYConverter.java:609)
	at de.uka.ilkd.key.java.JP2KeYVisitor.visit(JP2KeYConverter.java:90)
	at com.github.javaparser.ast.stmt.IfStmt.accept(IfStmt.java:82)
	at de.uka.ilkd.key.java.JP2KeYVisitor.lambda$map$1(JP2KeYConverter.java:402)
	at java.base/java.util.stream.ReferencePipeline$3$1.accept(ReferencePipeline.java:195)
	at java.base/java.util.ArrayList$ArrayListSpliterator.forEachRemaining(ArrayList.java:1655)
	at java.base/java.util.stream.AbstractPipeline.copyInto(AbstractPipeline.java:484)
	at java.base/java.util.stream.AbstractPipeline.wrapAndCopyInto(AbstractPipeline.java:474)
	at java.base/java.util.stream.ReduceOps$ReduceOp.evaluateSequential(ReduceOps.java:913)
	at java.base/java.util.stream.AbstractPipeline.evaluate(AbstractPipeline.java:234)
	at java.base/java.util.stream.ReferencePipeline.collect(ReferencePipeline.java:578)
	at de.uka.ilkd.key.java.JP2KeYVisitor.map(JP2KeYConverter.java:403)
	at de.uka.ilkd.key.java.JP2KeYVisitor.visit(JP2KeYConverter.java:258)
	at de.uka.ilkd.key.java.JP2KeYVisitor.visit(JP2KeYConverter.java:90)
	at com.github.javaparser.ast.stmt.BlockStmt.accept(BlockStmt.java:70)
	at de.uka.ilkd.key.java.JP2KeYVisitor.accept(JP2KeYConverter.java:348)
	at de.uka.ilkd.key.java.JP2KeYVisitor.accepto(JP2KeYConverter.java:418)
	at de.uka.ilkd.key.java.JP2KeYVisitor.visit(JP2KeYConverter.java:688)
	at de.uka.ilkd.key.java.JP2KeYVisitor.visit(JP2KeYConverter.java:90)
	at com.github.javaparser.ast.body.MethodDeclaration.accept(MethodDeclaration.java:98)
	at de.uka.ilkd.key.java.JP2KeYVisitor.lambda$map$1(JP2KeYConverter.java:402)
	at java.base/java.util.stream.ReferencePipeline$3$1.accept(ReferencePipeline.java:195)
	at java.base/java.util.ArrayList$ArrayListSpliterator.forEachRemaining(ArrayList.java:1655)
	at java.base/java.util.stream.AbstractPipeline.copyInto(AbstractPipeline.java:484)
	at java.base/java.util.stream.AbstractPipeline.wrapAndCopyInto(AbstractPipeline.java:474)
	at java.base/java.util.stream.ReduceOps$ReduceOp.evaluateSequential(ReduceOps.java:913)
	at java.base/java.util.stream.AbstractPipeline.evaluate(AbstractPipeline.java:234)
	at java.base/java.util.stream.ReferencePipeline.collect(ReferencePipeline.java:578)
	at de.uka.ilkd.key.java.JP2KeYVisitor.map(JP2KeYConverter.java:403)
	at de.uka.ilkd.key.java.JP2KeYVisitor.visit(JP2KeYConverter.java:310)
	at de.uka.ilkd.key.java.JP2KeYVisitor.visit(JP2KeYConverter.java:90)
	at com.github.javaparser.ast.body.ClassOrInterfaceDeclaration.accept(ClassOrInterfaceDeclaration.java:95)
	at de.uka.ilkd.key.java.JP2KeYVisitor.lambda$map$1(JP2KeYConverter.java:402)
	at java.base/java.util.stream.ReferencePipeline$3$1.accept(ReferencePipeline.java:195)
	at java.base/java.util.ArrayList$ArrayListSpliterator.forEachRemaining(ArrayList.java:1655)
	at java.base/java.util.stream.AbstractPipeline.copyInto(AbstractPipeline.java:484)
	at java.base/java.util.stream.AbstractPipeline.wrapAndCopyInto(AbstractPipeline.java:474)
	at java.base/java.util.stream.ReduceOps$ReduceOp.evaluateSequential(ReduceOps.java:913)
	at java.base/java.util.stream.AbstractPipeline.evaluate(AbstractPipeline.java:234)
	at java.base/java.util.stream.ReferencePipeline.collect(ReferencePipeline.java:578)
	at de.uka.ilkd.key.java.JP2KeYVisitor.map(JP2KeYConverter.java:403)
	at de.uka.ilkd.key.java.JP2KeYVisitor.visit(JP2KeYConverter.java:393)
	at de.uka.ilkd.key.java.JP2KeYVisitor.visit(JP2KeYConverter.java:90)
	at com.github.javaparser.ast.CompilationUnit.accept(CompilationUnit.java:124)
	at de.uka.ilkd.key.java.JP2KeYConverter.process(JP2KeYConverter.java:84)
	at de.uka.ilkd.key.java.JP2KeYConverter.processCompilationUnit(JP2KeYConverter.java:80)
	at de.uka.ilkd.key.java.JavaService.parseLibraryClasses0(JavaService.java:536)
	at de.uka.ilkd.key.java.JavaService.parseSpecialClasses(JavaService.java:511)
	at de.uka.ilkd.key.proof.init.ProblemInitializer.readJava(ProblemInitializer.java:280)
	at de.uka.ilkd.key.proof.init.ProblemInitializer.prepare(ProblemInitializer.java:529)
	at de.uka.ilkd.key.proof.init.ProblemInitializer.prepare(ProblemInitializer.java:471)
	at de.uka.ilkd.key.rule.TacletForTests.parse(TacletForTests.java:80)
	... 91 more
</failure>
  </testcase>
  <testcase name="testBugID177()" classname="de.uka.ilkd.key.rule.TestApplyTaclet" time="0.212">
    <failure message="java.lang.RuntimeException: Exception occurred while parsing src\test\resources\testcase\testrules.key" type="java.lang.RuntimeException">java.lang.RuntimeException: Exception occurred while parsing src\test\resources\testcase\testrules.key
	at de.uka.ilkd.key.rule.TacletForTests.parse(TacletForTests.java:89)
	at de.uka.ilkd.key.rule.TacletForTests.parse(TacletForTests.java:125)
	at de.uka.ilkd.key.rule.TacletForTests.parse(TacletForTests.java:129)
	at de.uka.ilkd.key.rule.TestApplyTaclet.setUp(TestApplyTaclet.java:75)
	at java.base/jdk.internal.reflect.NativeMethodAccessorImpl.invoke0(Native Method)
	at java.base/jdk.internal.reflect.NativeMethodAccessorImpl.invoke(NativeMethodAccessorImpl.java:62)
	at java.base/jdk.internal.reflect.DelegatingMethodAccessorImpl.invoke(DelegatingMethodAccessorImpl.java:43)
	at java.base/java.lang.reflect.Method.invoke(Method.java:566)
	at org.junit.platform.commons.util.ReflectionUtils.invokeMethod(ReflectionUtils.java:727)
	at org.junit.jupiter.engine.execution.MethodInvocation.proceed(MethodInvocation.java:60)
	at org.junit.jupiter.engine.execution.InvocationInterceptorChain$ValidatingInvocation.proceed(InvocationInterceptorChain.java:131)
	at org.junit.jupiter.engine.extension.TimeoutExtension.intercept(TimeoutExtension.java:156)
	at org.junit.jupiter.engine.extension.TimeoutExtension.interceptLifecycleMethod(TimeoutExtension.java:128)
	at org.junit.jupiter.engine.extension.TimeoutExtension.interceptBeforeEachMethod(TimeoutExtension.java:78)
	at org.junit.jupiter.engine.execution.InterceptingExecutableInvoker$ReflectiveInterceptorCall.lambda$ofVoidMethod$0(InterceptingExecutableInvoker.java:103)
	at org.junit.jupiter.engine.execution.InterceptingExecutableInvoker.lambda$invoke$0(InterceptingExecutableInvoker.java:93)
	at org.junit.jupiter.engine.execution.InvocationInterceptorChain$InterceptedInvocation.proceed(InvocationInterceptorChain.java:106)
	at org.junit.jupiter.engine.execution.InvocationInterceptorChain.proceed(InvocationInterceptorChain.java:64)
	at org.junit.jupiter.engine.execution.InvocationInterceptorChain.chainAndInvoke(InvocationInterceptorChain.java:45)
	at org.junit.jupiter.engine.execution.InvocationInterceptorChain.invoke(InvocationInterceptorChain.java:37)
	at org.junit.jupiter.engine.execution.InterceptingExecutableInvoker.invoke(InterceptingExecutableInvoker.java:92)
	at org.junit.jupiter.engine.execution.InterceptingExecutableInvoker.invoke(InterceptingExecutableInvoker.java:86)
	at org.junit.jupiter.engine.descriptor.ClassBasedTestDescriptor.invokeMethodInExtensionContext(ClassBasedTestDescriptor.java:520)
	at org.junit.jupiter.engine.descriptor.ClassBasedTestDescriptor.lambda$synthesizeBeforeEachMethodAdapter$23(ClassBasedTestDescriptor.java:505)
	at org.junit.jupiter.engine.descriptor.TestMethodTestDescriptor.lambda$invokeBeforeEachMethods$3(TestMethodTestDescriptor.java:174)
	at org.junit.jupiter.engine.descriptor.TestMethodTestDescriptor.lambda$invokeBeforeMethodsOrCallbacksUntilExceptionOccurs$6(TestMethodTestDescriptor.java:202)
	at org.junit.platform.engine.support.hierarchical.ThrowableCollector.execute(ThrowableCollector.java:73)
	at org.junit.jupiter.engine.descriptor.TestMethodTestDescriptor.invokeBeforeMethodsOrCallbacksUntilExceptionOccurs(TestMethodTestDescriptor.java:202)
	at org.junit.jupiter.engine.descriptor.TestMethodTestDescriptor.invokeBeforeEachMethods(TestMethodTestDescriptor.java:171)
	at org.junit.jupiter.engine.descriptor.TestMethodTestDescriptor.execute(TestMethodTestDescriptor.java:134)
	at org.junit.jupiter.engine.descriptor.TestMethodTestDescriptor.execute(TestMethodTestDescriptor.java:68)
	at org.junit.platform.engine.support.hierarchical.NodeTestTask.lambda$executeRecursively$6(NodeTestTask.java:151)
	at org.junit.platform.engine.support.hierarchical.ThrowableCollector.execute(ThrowableCollector.java:73)
	at org.junit.platform.engine.support.hierarchical.NodeTestTask.lambda$executeRecursively$8(NodeTestTask.java:141)
	at org.junit.platform.engine.support.hierarchical.Node.around(Node.java:137)
	at org.junit.platform.engine.support.hierarchical.NodeTestTask.lambda$executeRecursively$9(NodeTestTask.java:139)
	at org.junit.platform.engine.support.hierarchical.ThrowableCollector.execute(ThrowableCollector.java:73)
	at org.junit.platform.engine.support.hierarchical.NodeTestTask.executeRecursively(NodeTestTask.java:138)
	at org.junit.platform.engine.support.hierarchical.NodeTestTask.execute(NodeTestTask.java:95)
	at java.base/java.util.ArrayList.forEach(ArrayList.java:1541)
	at org.junit.platform.engine.support.hierarchical.SameThreadHierarchicalTestExecutorService.invokeAll(SameThreadHierarchicalTestExecutorService.java:41)
	at org.junit.platform.engine.support.hierarchical.NodeTestTask.lambda$executeRecursively$6(NodeTestTask.java:155)
	at org.junit.platform.engine.support.hierarchical.ThrowableCollector.execute(ThrowableCollector.java:73)
	at org.junit.platform.engine.support.hierarchical.NodeTestTask.lambda$executeRecursively$8(NodeTestTask.java:141)
	at org.junit.platform.engine.support.hierarchical.Node.around(Node.java:137)
	at org.junit.platform.engine.support.hierarchical.NodeTestTask.lambda$executeRecursively$9(NodeTestTask.java:139)
	at org.junit.platform.engine.support.hierarchical.ThrowableCollector.execute(ThrowableCollector.java:73)
	at org.junit.platform.engine.support.hierarchical.NodeTestTask.executeRecursively(NodeTestTask.java:138)
	at org.junit.platform.engine.support.hierarchical.NodeTestTask.execute(NodeTestTask.java:95)
	at java.base/java.util.ArrayList.forEach(ArrayList.java:1541)
	at org.junit.platform.engine.support.hierarchical.SameThreadHierarchicalTestExecutorService.invokeAll(SameThreadHierarchicalTestExecutorService.java:41)
	at org.junit.platform.engine.support.hierarchical.NodeTestTask.lambda$executeRecursively$6(NodeTestTask.java:155)
	at org.junit.platform.engine.support.hierarchical.ThrowableCollector.execute(ThrowableCollector.java:73)
	at org.junit.platform.engine.support.hierarchical.NodeTestTask.lambda$executeRecursively$8(NodeTestTask.java:141)
	at org.junit.platform.engine.support.hierarchical.Node.around(Node.java:137)
	at org.junit.platform.engine.support.hierarchical.NodeTestTask.lambda$executeRecursively$9(NodeTestTask.java:139)
	at org.junit.platform.engine.support.hierarchical.ThrowableCollector.execute(ThrowableCollector.java:73)
	at org.junit.platform.engine.support.hierarchical.NodeTestTask.executeRecursively(NodeTestTask.java:138)
	at org.junit.platform.engine.support.hierarchical.NodeTestTask.execute(NodeTestTask.java:95)
	at org.junit.platform.engine.support.hierarchical.SameThreadHierarchicalTestExecutorService.submit(SameThreadHierarchicalTestExecutorService.java:35)
	at org.junit.platform.engine.support.hierarchical.HierarchicalTestExecutor.execute(HierarchicalTestExecutor.java:57)
	at org.junit.platform.engine.support.hierarchical.HierarchicalTestEngine.execute(HierarchicalTestEngine.java:54)
	at org.junit.platform.launcher.core.EngineExecutionOrchestrator.execute(EngineExecutionOrchestrator.java:107)
	at org.junit.platform.launcher.core.EngineExecutionOrchestrator.execute(EngineExecutionOrchestrator.java:88)
	at org.junit.platform.launcher.core.EngineExecutionOrchestrator.lambda$execute$0(EngineExecutionOrchestrator.java:54)
	at org.junit.platform.launcher.core.EngineExecutionOrchestrator.withInterceptedStreams(EngineExecutionOrchestrator.java:67)
	at org.junit.platform.launcher.core.EngineExecutionOrchestrator.execute(EngineExecutionOrchestrator.java:52)
	at org.junit.platform.launcher.core.DefaultLauncher.execute(DefaultLauncher.java:114)
	at org.junit.platform.launcher.core.DefaultLauncher.execute(DefaultLauncher.java:86)
	at org.junit.platform.launcher.core.DefaultLauncherSession$DelegatingLauncher.execute(DefaultLauncherSession.java:86)
	at org.gradle.api.internal.tasks.testing.junitplatform.JUnitPlatformTestClassProcessor$CollectAllTestClassesExecutor.processAllTestClasses(JUnitPlatformTestClassProcessor.java:110)
	at org.gradle.api.internal.tasks.testing.junitplatform.JUnitPlatformTestClassProcessor$CollectAllTestClassesExecutor.access$000(JUnitPlatformTestClassProcessor.java:90)
	at org.gradle.api.internal.tasks.testing.junitplatform.JUnitPlatformTestClassProcessor.stop(JUnitPlatformTestClassProcessor.java:85)
	at org.gradle.api.internal.tasks.testing.SuiteTestClassProcessor.stop(SuiteTestClassProcessor.java:62)
	at java.base/jdk.internal.reflect.NativeMethodAccessorImpl.invoke0(Native Method)
	at java.base/jdk.internal.reflect.NativeMethodAccessorImpl.invoke(NativeMethodAccessorImpl.java:62)
	at java.base/jdk.internal.reflect.DelegatingMethodAccessorImpl.invoke(DelegatingMethodAccessorImpl.java:43)
	at java.base/java.lang.reflect.Method.invoke(Method.java:566)
	at org.gradle.internal.dispatch.ReflectionDispatch.dispatch(ReflectionDispatch.java:36)
	at org.gradle.internal.dispatch.ReflectionDispatch.dispatch(ReflectionDispatch.java:24)
	at org.gradle.internal.dispatch.ContextClassLoaderDispatch.dispatch(ContextClassLoaderDispatch.java:33)
	at org.gradle.internal.dispatch.ProxyDispatchAdapter$DispatchingInvocationHandler.invoke(ProxyDispatchAdapter.java:94)
	at com.sun.proxy.$Proxy5.stop(Unknown Source)
	at org.gradle.api.internal.tasks.testing.worker.TestWorker$3.run(TestWorker.java:193)
	at org.gradle.api.internal.tasks.testing.worker.TestWorker.executeAndMaintainThreadName(TestWorker.java:129)
	at org.gradle.api.internal.tasks.testing.worker.TestWorker.execute(TestWorker.java:100)
	at org.gradle.api.internal.tasks.testing.worker.TestWorker.execute(TestWorker.java:60)
	at org.gradle.process.internal.worker.child.ActionExecutionWorker.execute(ActionExecutionWorker.java:56)
	at org.gradle.process.internal.worker.child.SystemApplicationClassLoaderWorker.call(SystemApplicationClassLoaderWorker.java:113)
	at org.gradle.process.internal.worker.child.SystemApplicationClassLoaderWorker.call(SystemApplicationClassLoaderWorker.java:65)
	at worker.org.gradle.process.internal.worker.GradleWorkerMain.run(GradleWorkerMain.java:69)
	at worker.org.gradle.process.internal.worker.GradleWorkerMain.main(GradleWorkerMain.java:74)
Caused by: UnsolvedSymbolException{context='arg0', name='Solving arg0', cause='null'}
	at com.github.javaparser.symbolsolver.javaparsermodel.TypeExtractor.visit(TypeExtractor.java:335)
	at com.github.javaparser.symbolsolver.javaparsermodel.TypeExtractor.visit(TypeExtractor.java:65)
	at com.github.javaparser.ast.expr.NameExpr.accept(NameExpr.java:79)
	at com.github.javaparser.symbolsolver.javaparsermodel.JavaParserFacade.getTypeConcrete(JavaParserFacade.java:505)
	at com.github.javaparser.symbolsolver.javaparsermodel.JavaParserFacade.getType(JavaParserFacade.java:352)
	at com.github.javaparser.symbolsolver.javaparsermodel.JavaParserFacade.getType(JavaParserFacade.java:334)
	at com.github.javaparser.symbolsolver.JavaSymbolSolver.calculateType(JavaSymbolSolver.java:294)
	at com.github.javaparser.ast.expr.Expression.calculateResolvedType(Expression.java:573)
	at de.uka.ilkd.key.java.JP2KeYVisitor.visit(JP2KeYConverter.java:707)
	at de.uka.ilkd.key.java.JP2KeYVisitor.visit(JP2KeYConverter.java:90)
	at com.github.javaparser.ast.expr.NameExpr.accept(NameExpr.java:79)
	at de.uka.ilkd.key.java.JP2KeYVisitor.lambda$map$1(JP2KeYConverter.java:402)
	at java.base/java.util.stream.ReferencePipeline$3$1.accept(ReferencePipeline.java:195)
	at java.base/java.util.ArrayList$ArrayListSpliterator.forEachRemaining(ArrayList.java:1655)
	at java.base/java.util.stream.AbstractPipeline.copyInto(AbstractPipeline.java:484)
	at java.base/java.util.stream.AbstractPipeline.wrapAndCopyInto(AbstractPipeline.java:474)
	at java.base/java.util.stream.ReduceOps$ReduceOp.evaluateSequential(ReduceOps.java:913)
	at java.base/java.util.stream.AbstractPipeline.evaluate(AbstractPipeline.java:234)
	at java.base/java.util.stream.ReferencePipeline.collect(ReferencePipeline.java:578)
	at de.uka.ilkd.key.java.JP2KeYVisitor.map(JP2KeYConverter.java:403)
	at de.uka.ilkd.key.java.JP2KeYVisitor.visit(JP2KeYConverter.java:506)
	at de.uka.ilkd.key.java.JP2KeYVisitor.visit(JP2KeYConverter.java:90)
	at com.github.javaparser.ast.stmt.ExplicitConstructorInvocationStmt.accept(ExplicitConstructorInvocationStmt.java:96)
	at de.uka.ilkd.key.java.JP2KeYVisitor.lambda$map$1(JP2KeYConverter.java:402)
	at java.base/java.util.stream.ReferencePipeline$3$1.accept(ReferencePipeline.java:195)
	at java.base/java.util.ArrayList$ArrayListSpliterator.forEachRemaining(ArrayList.java:1655)
	at java.base/java.util.stream.AbstractPipeline.copyInto(AbstractPipeline.java:484)
	at java.base/java.util.stream.AbstractPipeline.wrapAndCopyInto(AbstractPipeline.java:474)
	at java.base/java.util.stream.ReduceOps$ReduceOp.evaluateSequential(ReduceOps.java:913)
	at java.base/java.util.stream.AbstractPipeline.evaluate(AbstractPipeline.java:234)
	at java.base/java.util.stream.ReferencePipeline.collect(ReferencePipeline.java:578)
	at de.uka.ilkd.key.java.JP2KeYVisitor.map(JP2KeYConverter.java:403)
	at de.uka.ilkd.key.java.JP2KeYVisitor.visit(JP2KeYConverter.java:258)
	at de.uka.ilkd.key.java.JP2KeYVisitor.visit(JP2KeYConverter.java:90)
	at com.github.javaparser.ast.stmt.BlockStmt.accept(BlockStmt.java:70)
	at de.uka.ilkd.key.java.JP2KeYVisitor.lambda$map$1(JP2KeYConverter.java:402)
	at java.base/java.util.stream.ReferencePipeline$3$1.accept(ReferencePipeline.java:195)
	at java.base/java.util.ArrayList$ArrayListSpliterator.forEachRemaining(ArrayList.java:1655)
	at java.base/java.util.stream.AbstractPipeline.copyInto(AbstractPipeline.java:484)
	at java.base/java.util.stream.AbstractPipeline.wrapAndCopyInto(AbstractPipeline.java:474)
	at java.base/java.util.stream.ReduceOps$ReduceOp.evaluateSequential(ReduceOps.java:913)
	at java.base/java.util.stream.AbstractPipeline.evaluate(AbstractPipeline.java:234)
	at java.base/java.util.stream.ReferencePipeline.collect(ReferencePipeline.java:578)
	at de.uka.ilkd.key.java.JP2KeYVisitor.map(JP2KeYConverter.java:403)
	at de.uka.ilkd.key.java.JP2KeYVisitor.visit(JP2KeYConverter.java:258)
	at de.uka.ilkd.key.java.JP2KeYVisitor.visit(JP2KeYConverter.java:90)
	at com.github.javaparser.ast.stmt.BlockStmt.accept(BlockStmt.java:70)
	at de.uka.ilkd.key.java.JP2KeYVisitor.accept(JP2KeYConverter.java:348)
	at de.uka.ilkd.key.java.JP2KeYVisitor.visit(JP2KeYConverter.java:946)
	at de.uka.ilkd.key.java.JP2KeYVisitor.visit(JP2KeYConverter.java:90)
	at com.github.javaparser.ast.stmt.TryStmt.accept(TryStmt.java:135)
	at de.uka.ilkd.key.java.JP2KeYVisitor.lambda$map$1(JP2KeYConverter.java:402)
	at java.base/java.util.stream.ReferencePipeline$3$1.accept(ReferencePipeline.java:195)
	at java.base/java.util.ArrayList$ArrayListSpliterator.forEachRemaining(ArrayList.java:1655)
	at java.base/java.util.stream.AbstractPipeline.copyInto(AbstractPipeline.java:484)
	at java.base/java.util.stream.AbstractPipeline.wrapAndCopyInto(AbstractPipeline.java:474)
	at java.base/java.util.stream.ReduceOps$ReduceOp.evaluateSequential(ReduceOps.java:913)
	at java.base/java.util.stream.AbstractPipeline.evaluate(AbstractPipeline.java:234)
	at java.base/java.util.stream.ReferencePipeline.collect(ReferencePipeline.java:578)
	at de.uka.ilkd.key.java.JP2KeYVisitor.map(JP2KeYConverter.java:403)
	at de.uka.ilkd.key.java.JP2KeYVisitor.visit(JP2KeYConverter.java:258)
	at de.uka.ilkd.key.java.JP2KeYVisitor.visit(JP2KeYConverter.java:90)
	at com.github.javaparser.ast.stmt.BlockStmt.accept(BlockStmt.java:70)
	at de.uka.ilkd.key.java.JP2KeYVisitor.accept(JP2KeYConverter.java:348)
	at de.uka.ilkd.key.java.JP2KeYVisitor.visit(JP2KeYConverter.java:609)
	at de.uka.ilkd.key.java.JP2KeYVisitor.visit(JP2KeYConverter.java:90)
	at com.github.javaparser.ast.stmt.IfStmt.accept(IfStmt.java:82)
	at de.uka.ilkd.key.java.JP2KeYVisitor.lambda$map$1(JP2KeYConverter.java:402)
	at java.base/java.util.stream.ReferencePipeline$3$1.accept(ReferencePipeline.java:195)
	at java.base/java.util.ArrayList$ArrayListSpliterator.forEachRemaining(ArrayList.java:1655)
	at java.base/java.util.stream.AbstractPipeline.copyInto(AbstractPipeline.java:484)
	at java.base/java.util.stream.AbstractPipeline.wrapAndCopyInto(AbstractPipeline.java:474)
	at java.base/java.util.stream.ReduceOps$ReduceOp.evaluateSequential(ReduceOps.java:913)
	at java.base/java.util.stream.AbstractPipeline.evaluate(AbstractPipeline.java:234)
	at java.base/java.util.stream.ReferencePipeline.collect(ReferencePipeline.java:578)
	at de.uka.ilkd.key.java.JP2KeYVisitor.map(JP2KeYConverter.java:403)
	at de.uka.ilkd.key.java.JP2KeYVisitor.visit(JP2KeYConverter.java:258)
	at de.uka.ilkd.key.java.JP2KeYVisitor.visit(JP2KeYConverter.java:90)
	at com.github.javaparser.ast.stmt.BlockStmt.accept(BlockStmt.java:70)
	at de.uka.ilkd.key.java.JP2KeYVisitor.accept(JP2KeYConverter.java:348)
	at de.uka.ilkd.key.java.JP2KeYVisitor.visit(JP2KeYConverter.java:609)
	at de.uka.ilkd.key.java.JP2KeYVisitor.visit(JP2KeYConverter.java:90)
	at com.github.javaparser.ast.stmt.IfStmt.accept(IfStmt.java:82)
	at de.uka.ilkd.key.java.JP2KeYVisitor.lambda$map$1(JP2KeYConverter.java:402)
	at java.base/java.util.stream.ReferencePipeline$3$1.accept(ReferencePipeline.java:195)
	at java.base/java.util.ArrayList$ArrayListSpliterator.forEachRemaining(ArrayList.java:1655)
	at java.base/java.util.stream.AbstractPipeline.copyInto(AbstractPipeline.java:484)
	at java.base/java.util.stream.AbstractPipeline.wrapAndCopyInto(AbstractPipeline.java:474)
	at java.base/java.util.stream.ReduceOps$ReduceOp.evaluateSequential(ReduceOps.java:913)
	at java.base/java.util.stream.AbstractPipeline.evaluate(AbstractPipeline.java:234)
	at java.base/java.util.stream.ReferencePipeline.collect(ReferencePipeline.java:578)
	at de.uka.ilkd.key.java.JP2KeYVisitor.map(JP2KeYConverter.java:403)
	at de.uka.ilkd.key.java.JP2KeYVisitor.visit(JP2KeYConverter.java:258)
	at de.uka.ilkd.key.java.JP2KeYVisitor.visit(JP2KeYConverter.java:90)
	at com.github.javaparser.ast.stmt.BlockStmt.accept(BlockStmt.java:70)
	at de.uka.ilkd.key.java.JP2KeYVisitor.accept(JP2KeYConverter.java:348)
	at de.uka.ilkd.key.java.JP2KeYVisitor.accepto(JP2KeYConverter.java:418)
	at de.uka.ilkd.key.java.JP2KeYVisitor.visit(JP2KeYConverter.java:688)
	at de.uka.ilkd.key.java.JP2KeYVisitor.visit(JP2KeYConverter.java:90)
	at com.github.javaparser.ast.body.MethodDeclaration.accept(MethodDeclaration.java:98)
	at de.uka.ilkd.key.java.JP2KeYVisitor.lambda$map$1(JP2KeYConverter.java:402)
	at java.base/java.util.stream.ReferencePipeline$3$1.accept(ReferencePipeline.java:195)
	at java.base/java.util.ArrayList$ArrayListSpliterator.forEachRemaining(ArrayList.java:1655)
	at java.base/java.util.stream.AbstractPipeline.copyInto(AbstractPipeline.java:484)
	at java.base/java.util.stream.AbstractPipeline.wrapAndCopyInto(AbstractPipeline.java:474)
	at java.base/java.util.stream.ReduceOps$ReduceOp.evaluateSequential(ReduceOps.java:913)
	at java.base/java.util.stream.AbstractPipeline.evaluate(AbstractPipeline.java:234)
	at java.base/java.util.stream.ReferencePipeline.collect(ReferencePipeline.java:578)
	at de.uka.ilkd.key.java.JP2KeYVisitor.map(JP2KeYConverter.java:403)
	at de.uka.ilkd.key.java.JP2KeYVisitor.visit(JP2KeYConverter.java:310)
	at de.uka.ilkd.key.java.JP2KeYVisitor.visit(JP2KeYConverter.java:90)
	at com.github.javaparser.ast.body.ClassOrInterfaceDeclaration.accept(ClassOrInterfaceDeclaration.java:95)
	at de.uka.ilkd.key.java.JP2KeYVisitor.lambda$map$1(JP2KeYConverter.java:402)
	at java.base/java.util.stream.ReferencePipeline$3$1.accept(ReferencePipeline.java:195)
	at java.base/java.util.ArrayList$ArrayListSpliterator.forEachRemaining(ArrayList.java:1655)
	at java.base/java.util.stream.AbstractPipeline.copyInto(AbstractPipeline.java:484)
	at java.base/java.util.stream.AbstractPipeline.wrapAndCopyInto(AbstractPipeline.java:474)
	at java.base/java.util.stream.ReduceOps$ReduceOp.evaluateSequential(ReduceOps.java:913)
	at java.base/java.util.stream.AbstractPipeline.evaluate(AbstractPipeline.java:234)
	at java.base/java.util.stream.ReferencePipeline.collect(ReferencePipeline.java:578)
	at de.uka.ilkd.key.java.JP2KeYVisitor.map(JP2KeYConverter.java:403)
	at de.uka.ilkd.key.java.JP2KeYVisitor.visit(JP2KeYConverter.java:393)
	at de.uka.ilkd.key.java.JP2KeYVisitor.visit(JP2KeYConverter.java:90)
	at com.github.javaparser.ast.CompilationUnit.accept(CompilationUnit.java:124)
	at de.uka.ilkd.key.java.JP2KeYConverter.process(JP2KeYConverter.java:84)
	at de.uka.ilkd.key.java.JP2KeYConverter.processCompilationUnit(JP2KeYConverter.java:80)
	at de.uka.ilkd.key.java.JavaService.parseLibraryClasses0(JavaService.java:536)
	at de.uka.ilkd.key.java.JavaService.parseSpecialClasses(JavaService.java:511)
	at de.uka.ilkd.key.proof.init.ProblemInitializer.readJava(ProblemInitializer.java:280)
	at de.uka.ilkd.key.proof.init.ProblemInitializer.prepare(ProblemInitializer.java:529)
	at de.uka.ilkd.key.proof.init.ProblemInitializer.prepare(ProblemInitializer.java:471)
	at de.uka.ilkd.key.rule.TacletForTests.parse(TacletForTests.java:80)
	... 91 more
</failure>
  </testcase>
  <testcase name="testBugID188()" classname="de.uka.ilkd.key.rule.TestApplyTaclet" time="0.162">
    <failure message="java.lang.RuntimeException: Exception occurred while parsing src\test\resources\testcase\testrules.key" type="java.lang.RuntimeException">java.lang.RuntimeException: Exception occurred while parsing src\test\resources\testcase\testrules.key
	at de.uka.ilkd.key.rule.TacletForTests.parse(TacletForTests.java:89)
	at de.uka.ilkd.key.rule.TacletForTests.parse(TacletForTests.java:125)
	at de.uka.ilkd.key.rule.TacletForTests.parse(TacletForTests.java:129)
	at de.uka.ilkd.key.rule.TestApplyTaclet.setUp(TestApplyTaclet.java:75)
	at java.base/jdk.internal.reflect.NativeMethodAccessorImpl.invoke0(Native Method)
	at java.base/jdk.internal.reflect.NativeMethodAccessorImpl.invoke(NativeMethodAccessorImpl.java:62)
	at java.base/jdk.internal.reflect.DelegatingMethodAccessorImpl.invoke(DelegatingMethodAccessorImpl.java:43)
	at java.base/java.lang.reflect.Method.invoke(Method.java:566)
	at org.junit.platform.commons.util.ReflectionUtils.invokeMethod(ReflectionUtils.java:727)
	at org.junit.jupiter.engine.execution.MethodInvocation.proceed(MethodInvocation.java:60)
	at org.junit.jupiter.engine.execution.InvocationInterceptorChain$ValidatingInvocation.proceed(InvocationInterceptorChain.java:131)
	at org.junit.jupiter.engine.extension.TimeoutExtension.intercept(TimeoutExtension.java:156)
	at org.junit.jupiter.engine.extension.TimeoutExtension.interceptLifecycleMethod(TimeoutExtension.java:128)
	at org.junit.jupiter.engine.extension.TimeoutExtension.interceptBeforeEachMethod(TimeoutExtension.java:78)
	at org.junit.jupiter.engine.execution.InterceptingExecutableInvoker$ReflectiveInterceptorCall.lambda$ofVoidMethod$0(InterceptingExecutableInvoker.java:103)
	at org.junit.jupiter.engine.execution.InterceptingExecutableInvoker.lambda$invoke$0(InterceptingExecutableInvoker.java:93)
	at org.junit.jupiter.engine.execution.InvocationInterceptorChain$InterceptedInvocation.proceed(InvocationInterceptorChain.java:106)
	at org.junit.jupiter.engine.execution.InvocationInterceptorChain.proceed(InvocationInterceptorChain.java:64)
	at org.junit.jupiter.engine.execution.InvocationInterceptorChain.chainAndInvoke(InvocationInterceptorChain.java:45)
	at org.junit.jupiter.engine.execution.InvocationInterceptorChain.invoke(InvocationInterceptorChain.java:37)
	at org.junit.jupiter.engine.execution.InterceptingExecutableInvoker.invoke(InterceptingExecutableInvoker.java:92)
	at org.junit.jupiter.engine.execution.InterceptingExecutableInvoker.invoke(InterceptingExecutableInvoker.java:86)
	at org.junit.jupiter.engine.descriptor.ClassBasedTestDescriptor.invokeMethodInExtensionContext(ClassBasedTestDescriptor.java:520)
	at org.junit.jupiter.engine.descriptor.ClassBasedTestDescriptor.lambda$synthesizeBeforeEachMethodAdapter$23(ClassBasedTestDescriptor.java:505)
	at org.junit.jupiter.engine.descriptor.TestMethodTestDescriptor.lambda$invokeBeforeEachMethods$3(TestMethodTestDescriptor.java:174)
	at org.junit.jupiter.engine.descriptor.TestMethodTestDescriptor.lambda$invokeBeforeMethodsOrCallbacksUntilExceptionOccurs$6(TestMethodTestDescriptor.java:202)
	at org.junit.platform.engine.support.hierarchical.ThrowableCollector.execute(ThrowableCollector.java:73)
	at org.junit.jupiter.engine.descriptor.TestMethodTestDescriptor.invokeBeforeMethodsOrCallbacksUntilExceptionOccurs(TestMethodTestDescriptor.java:202)
	at org.junit.jupiter.engine.descriptor.TestMethodTestDescriptor.invokeBeforeEachMethods(TestMethodTestDescriptor.java:171)
	at org.junit.jupiter.engine.descriptor.TestMethodTestDescriptor.execute(TestMethodTestDescriptor.java:134)
	at org.junit.jupiter.engine.descriptor.TestMethodTestDescriptor.execute(TestMethodTestDescriptor.java:68)
	at org.junit.platform.engine.support.hierarchical.NodeTestTask.lambda$executeRecursively$6(NodeTestTask.java:151)
	at org.junit.platform.engine.support.hierarchical.ThrowableCollector.execute(ThrowableCollector.java:73)
	at org.junit.platform.engine.support.hierarchical.NodeTestTask.lambda$executeRecursively$8(NodeTestTask.java:141)
	at org.junit.platform.engine.support.hierarchical.Node.around(Node.java:137)
	at org.junit.platform.engine.support.hierarchical.NodeTestTask.lambda$executeRecursively$9(NodeTestTask.java:139)
	at org.junit.platform.engine.support.hierarchical.ThrowableCollector.execute(ThrowableCollector.java:73)
	at org.junit.platform.engine.support.hierarchical.NodeTestTask.executeRecursively(NodeTestTask.java:138)
	at org.junit.platform.engine.support.hierarchical.NodeTestTask.execute(NodeTestTask.java:95)
	at java.base/java.util.ArrayList.forEach(ArrayList.java:1541)
	at org.junit.platform.engine.support.hierarchical.SameThreadHierarchicalTestExecutorService.invokeAll(SameThreadHierarchicalTestExecutorService.java:41)
	at org.junit.platform.engine.support.hierarchical.NodeTestTask.lambda$executeRecursively$6(NodeTestTask.java:155)
	at org.junit.platform.engine.support.hierarchical.ThrowableCollector.execute(ThrowableCollector.java:73)
	at org.junit.platform.engine.support.hierarchical.NodeTestTask.lambda$executeRecursively$8(NodeTestTask.java:141)
	at org.junit.platform.engine.support.hierarchical.Node.around(Node.java:137)
	at org.junit.platform.engine.support.hierarchical.NodeTestTask.lambda$executeRecursively$9(NodeTestTask.java:139)
	at org.junit.platform.engine.support.hierarchical.ThrowableCollector.execute(ThrowableCollector.java:73)
	at org.junit.platform.engine.support.hierarchical.NodeTestTask.executeRecursively(NodeTestTask.java:138)
	at org.junit.platform.engine.support.hierarchical.NodeTestTask.execute(NodeTestTask.java:95)
	at java.base/java.util.ArrayList.forEach(ArrayList.java:1541)
	at org.junit.platform.engine.support.hierarchical.SameThreadHierarchicalTestExecutorService.invokeAll(SameThreadHierarchicalTestExecutorService.java:41)
	at org.junit.platform.engine.support.hierarchical.NodeTestTask.lambda$executeRecursively$6(NodeTestTask.java:155)
	at org.junit.platform.engine.support.hierarchical.ThrowableCollector.execute(ThrowableCollector.java:73)
	at org.junit.platform.engine.support.hierarchical.NodeTestTask.lambda$executeRecursively$8(NodeTestTask.java:141)
	at org.junit.platform.engine.support.hierarchical.Node.around(Node.java:137)
	at org.junit.platform.engine.support.hierarchical.NodeTestTask.lambda$executeRecursively$9(NodeTestTask.java:139)
	at org.junit.platform.engine.support.hierarchical.ThrowableCollector.execute(ThrowableCollector.java:73)
	at org.junit.platform.engine.support.hierarchical.NodeTestTask.executeRecursively(NodeTestTask.java:138)
	at org.junit.platform.engine.support.hierarchical.NodeTestTask.execute(NodeTestTask.java:95)
	at org.junit.platform.engine.support.hierarchical.SameThreadHierarchicalTestExecutorService.submit(SameThreadHierarchicalTestExecutorService.java:35)
	at org.junit.platform.engine.support.hierarchical.HierarchicalTestExecutor.execute(HierarchicalTestExecutor.java:57)
	at org.junit.platform.engine.support.hierarchical.HierarchicalTestEngine.execute(HierarchicalTestEngine.java:54)
	at org.junit.platform.launcher.core.EngineExecutionOrchestrator.execute(EngineExecutionOrchestrator.java:107)
	at org.junit.platform.launcher.core.EngineExecutionOrchestrator.execute(EngineExecutionOrchestrator.java:88)
	at org.junit.platform.launcher.core.EngineExecutionOrchestrator.lambda$execute$0(EngineExecutionOrchestrator.java:54)
	at org.junit.platform.launcher.core.EngineExecutionOrchestrator.withInterceptedStreams(EngineExecutionOrchestrator.java:67)
	at org.junit.platform.launcher.core.EngineExecutionOrchestrator.execute(EngineExecutionOrchestrator.java:52)
	at org.junit.platform.launcher.core.DefaultLauncher.execute(DefaultLauncher.java:114)
	at org.junit.platform.launcher.core.DefaultLauncher.execute(DefaultLauncher.java:86)
	at org.junit.platform.launcher.core.DefaultLauncherSession$DelegatingLauncher.execute(DefaultLauncherSession.java:86)
	at org.gradle.api.internal.tasks.testing.junitplatform.JUnitPlatformTestClassProcessor$CollectAllTestClassesExecutor.processAllTestClasses(JUnitPlatformTestClassProcessor.java:110)
	at org.gradle.api.internal.tasks.testing.junitplatform.JUnitPlatformTestClassProcessor$CollectAllTestClassesExecutor.access$000(JUnitPlatformTestClassProcessor.java:90)
	at org.gradle.api.internal.tasks.testing.junitplatform.JUnitPlatformTestClassProcessor.stop(JUnitPlatformTestClassProcessor.java:85)
	at org.gradle.api.internal.tasks.testing.SuiteTestClassProcessor.stop(SuiteTestClassProcessor.java:62)
	at java.base/jdk.internal.reflect.NativeMethodAccessorImpl.invoke0(Native Method)
	at java.base/jdk.internal.reflect.NativeMethodAccessorImpl.invoke(NativeMethodAccessorImpl.java:62)
	at java.base/jdk.internal.reflect.DelegatingMethodAccessorImpl.invoke(DelegatingMethodAccessorImpl.java:43)
	at java.base/java.lang.reflect.Method.invoke(Method.java:566)
	at org.gradle.internal.dispatch.ReflectionDispatch.dispatch(ReflectionDispatch.java:36)
	at org.gradle.internal.dispatch.ReflectionDispatch.dispatch(ReflectionDispatch.java:24)
	at org.gradle.internal.dispatch.ContextClassLoaderDispatch.dispatch(ContextClassLoaderDispatch.java:33)
	at org.gradle.internal.dispatch.ProxyDispatchAdapter$DispatchingInvocationHandler.invoke(ProxyDispatchAdapter.java:94)
	at com.sun.proxy.$Proxy5.stop(Unknown Source)
	at org.gradle.api.internal.tasks.testing.worker.TestWorker$3.run(TestWorker.java:193)
	at org.gradle.api.internal.tasks.testing.worker.TestWorker.executeAndMaintainThreadName(TestWorker.java:129)
	at org.gradle.api.internal.tasks.testing.worker.TestWorker.execute(TestWorker.java:100)
	at org.gradle.api.internal.tasks.testing.worker.TestWorker.execute(TestWorker.java:60)
	at org.gradle.process.internal.worker.child.ActionExecutionWorker.execute(ActionExecutionWorker.java:56)
	at org.gradle.process.internal.worker.child.SystemApplicationClassLoaderWorker.call(SystemApplicationClassLoaderWorker.java:113)
	at org.gradle.process.internal.worker.child.SystemApplicationClassLoaderWorker.call(SystemApplicationClassLoaderWorker.java:65)
	at worker.org.gradle.process.internal.worker.GradleWorkerMain.run(GradleWorkerMain.java:69)
	at worker.org.gradle.process.internal.worker.GradleWorkerMain.main(GradleWorkerMain.java:74)
Caused by: UnsolvedSymbolException{context='arg0', name='Solving arg0', cause='null'}
	at com.github.javaparser.symbolsolver.javaparsermodel.TypeExtractor.visit(TypeExtractor.java:335)
	at com.github.javaparser.symbolsolver.javaparsermodel.TypeExtractor.visit(TypeExtractor.java:65)
	at com.github.javaparser.ast.expr.NameExpr.accept(NameExpr.java:79)
	at com.github.javaparser.symbolsolver.javaparsermodel.JavaParserFacade.getTypeConcrete(JavaParserFacade.java:505)
	at com.github.javaparser.symbolsolver.javaparsermodel.JavaParserFacade.getType(JavaParserFacade.java:352)
	at com.github.javaparser.symbolsolver.javaparsermodel.JavaParserFacade.getType(JavaParserFacade.java:334)
	at com.github.javaparser.symbolsolver.JavaSymbolSolver.calculateType(JavaSymbolSolver.java:294)
	at com.github.javaparser.ast.expr.Expression.calculateResolvedType(Expression.java:573)
	at de.uka.ilkd.key.java.JP2KeYVisitor.visit(JP2KeYConverter.java:707)
	at de.uka.ilkd.key.java.JP2KeYVisitor.visit(JP2KeYConverter.java:90)
	at com.github.javaparser.ast.expr.NameExpr.accept(NameExpr.java:79)
	at de.uka.ilkd.key.java.JP2KeYVisitor.lambda$map$1(JP2KeYConverter.java:402)
	at java.base/java.util.stream.ReferencePipeline$3$1.accept(ReferencePipeline.java:195)
	at java.base/java.util.ArrayList$ArrayListSpliterator.forEachRemaining(ArrayList.java:1655)
	at java.base/java.util.stream.AbstractPipeline.copyInto(AbstractPipeline.java:484)
	at java.base/java.util.stream.AbstractPipeline.wrapAndCopyInto(AbstractPipeline.java:474)
	at java.base/java.util.stream.ReduceOps$ReduceOp.evaluateSequential(ReduceOps.java:913)
	at java.base/java.util.stream.AbstractPipeline.evaluate(AbstractPipeline.java:234)
	at java.base/java.util.stream.ReferencePipeline.collect(ReferencePipeline.java:578)
	at de.uka.ilkd.key.java.JP2KeYVisitor.map(JP2KeYConverter.java:403)
	at de.uka.ilkd.key.java.JP2KeYVisitor.visit(JP2KeYConverter.java:506)
	at de.uka.ilkd.key.java.JP2KeYVisitor.visit(JP2KeYConverter.java:90)
	at com.github.javaparser.ast.stmt.ExplicitConstructorInvocationStmt.accept(ExplicitConstructorInvocationStmt.java:96)
	at de.uka.ilkd.key.java.JP2KeYVisitor.lambda$map$1(JP2KeYConverter.java:402)
	at java.base/java.util.stream.ReferencePipeline$3$1.accept(ReferencePipeline.java:195)
	at java.base/java.util.ArrayList$ArrayListSpliterator.forEachRemaining(ArrayList.java:1655)
	at java.base/java.util.stream.AbstractPipeline.copyInto(AbstractPipeline.java:484)
	at java.base/java.util.stream.AbstractPipeline.wrapAndCopyInto(AbstractPipeline.java:474)
	at java.base/java.util.stream.ReduceOps$ReduceOp.evaluateSequential(ReduceOps.java:913)
	at java.base/java.util.stream.AbstractPipeline.evaluate(AbstractPipeline.java:234)
	at java.base/java.util.stream.ReferencePipeline.collect(ReferencePipeline.java:578)
	at de.uka.ilkd.key.java.JP2KeYVisitor.map(JP2KeYConverter.java:403)
	at de.uka.ilkd.key.java.JP2KeYVisitor.visit(JP2KeYConverter.java:258)
	at de.uka.ilkd.key.java.JP2KeYVisitor.visit(JP2KeYConverter.java:90)
	at com.github.javaparser.ast.stmt.BlockStmt.accept(BlockStmt.java:70)
	at de.uka.ilkd.key.java.JP2KeYVisitor.lambda$map$1(JP2KeYConverter.java:402)
	at java.base/java.util.stream.ReferencePipeline$3$1.accept(ReferencePipeline.java:195)
	at java.base/java.util.ArrayList$ArrayListSpliterator.forEachRemaining(ArrayList.java:1655)
	at java.base/java.util.stream.AbstractPipeline.copyInto(AbstractPipeline.java:484)
	at java.base/java.util.stream.AbstractPipeline.wrapAndCopyInto(AbstractPipeline.java:474)
	at java.base/java.util.stream.ReduceOps$ReduceOp.evaluateSequential(ReduceOps.java:913)
	at java.base/java.util.stream.AbstractPipeline.evaluate(AbstractPipeline.java:234)
	at java.base/java.util.stream.ReferencePipeline.collect(ReferencePipeline.java:578)
	at de.uka.ilkd.key.java.JP2KeYVisitor.map(JP2KeYConverter.java:403)
	at de.uka.ilkd.key.java.JP2KeYVisitor.visit(JP2KeYConverter.java:258)
	at de.uka.ilkd.key.java.JP2KeYVisitor.visit(JP2KeYConverter.java:90)
	at com.github.javaparser.ast.stmt.BlockStmt.accept(BlockStmt.java:70)
	at de.uka.ilkd.key.java.JP2KeYVisitor.accept(JP2KeYConverter.java:348)
	at de.uka.ilkd.key.java.JP2KeYVisitor.visit(JP2KeYConverter.java:946)
	at de.uka.ilkd.key.java.JP2KeYVisitor.visit(JP2KeYConverter.java:90)
	at com.github.javaparser.ast.stmt.TryStmt.accept(TryStmt.java:135)
	at de.uka.ilkd.key.java.JP2KeYVisitor.lambda$map$1(JP2KeYConverter.java:402)
	at java.base/java.util.stream.ReferencePipeline$3$1.accept(ReferencePipeline.java:195)
	at java.base/java.util.ArrayList$ArrayListSpliterator.forEachRemaining(ArrayList.java:1655)
	at java.base/java.util.stream.AbstractPipeline.copyInto(AbstractPipeline.java:484)
	at java.base/java.util.stream.AbstractPipeline.wrapAndCopyInto(AbstractPipeline.java:474)
	at java.base/java.util.stream.ReduceOps$ReduceOp.evaluateSequential(ReduceOps.java:913)
	at java.base/java.util.stream.AbstractPipeline.evaluate(AbstractPipeline.java:234)
	at java.base/java.util.stream.ReferencePipeline.collect(ReferencePipeline.java:578)
	at de.uka.ilkd.key.java.JP2KeYVisitor.map(JP2KeYConverter.java:403)
	at de.uka.ilkd.key.java.JP2KeYVisitor.visit(JP2KeYConverter.java:258)
	at de.uka.ilkd.key.java.JP2KeYVisitor.visit(JP2KeYConverter.java:90)
	at com.github.javaparser.ast.stmt.BlockStmt.accept(BlockStmt.java:70)
	at de.uka.ilkd.key.java.JP2KeYVisitor.accept(JP2KeYConverter.java:348)
	at de.uka.ilkd.key.java.JP2KeYVisitor.visit(JP2KeYConverter.java:609)
	at de.uka.ilkd.key.java.JP2KeYVisitor.visit(JP2KeYConverter.java:90)
	at com.github.javaparser.ast.stmt.IfStmt.accept(IfStmt.java:82)
	at de.uka.ilkd.key.java.JP2KeYVisitor.lambda$map$1(JP2KeYConverter.java:402)
	at java.base/java.util.stream.ReferencePipeline$3$1.accept(ReferencePipeline.java:195)
	at java.base/java.util.ArrayList$ArrayListSpliterator.forEachRemaining(ArrayList.java:1655)
	at java.base/java.util.stream.AbstractPipeline.copyInto(AbstractPipeline.java:484)
	at java.base/java.util.stream.AbstractPipeline.wrapAndCopyInto(AbstractPipeline.java:474)
	at java.base/java.util.stream.ReduceOps$ReduceOp.evaluateSequential(ReduceOps.java:913)
	at java.base/java.util.stream.AbstractPipeline.evaluate(AbstractPipeline.java:234)
	at java.base/java.util.stream.ReferencePipeline.collect(ReferencePipeline.java:578)
	at de.uka.ilkd.key.java.JP2KeYVisitor.map(JP2KeYConverter.java:403)
	at de.uka.ilkd.key.java.JP2KeYVisitor.visit(JP2KeYConverter.java:258)
	at de.uka.ilkd.key.java.JP2KeYVisitor.visit(JP2KeYConverter.java:90)
	at com.github.javaparser.ast.stmt.BlockStmt.accept(BlockStmt.java:70)
	at de.uka.ilkd.key.java.JP2KeYVisitor.accept(JP2KeYConverter.java:348)
	at de.uka.ilkd.key.java.JP2KeYVisitor.visit(JP2KeYConverter.java:609)
	at de.uka.ilkd.key.java.JP2KeYVisitor.visit(JP2KeYConverter.java:90)
	at com.github.javaparser.ast.stmt.IfStmt.accept(IfStmt.java:82)
	at de.uka.ilkd.key.java.JP2KeYVisitor.lambda$map$1(JP2KeYConverter.java:402)
	at java.base/java.util.stream.ReferencePipeline$3$1.accept(ReferencePipeline.java:195)
	at java.base/java.util.ArrayList$ArrayListSpliterator.forEachRemaining(ArrayList.java:1655)
	at java.base/java.util.stream.AbstractPipeline.copyInto(AbstractPipeline.java:484)
	at java.base/java.util.stream.AbstractPipeline.wrapAndCopyInto(AbstractPipeline.java:474)
	at java.base/java.util.stream.ReduceOps$ReduceOp.evaluateSequential(ReduceOps.java:913)
	at java.base/java.util.stream.AbstractPipeline.evaluate(AbstractPipeline.java:234)
	at java.base/java.util.stream.ReferencePipeline.collect(ReferencePipeline.java:578)
	at de.uka.ilkd.key.java.JP2KeYVisitor.map(JP2KeYConverter.java:403)
	at de.uka.ilkd.key.java.JP2KeYVisitor.visit(JP2KeYConverter.java:258)
	at de.uka.ilkd.key.java.JP2KeYVisitor.visit(JP2KeYConverter.java:90)
	at com.github.javaparser.ast.stmt.BlockStmt.accept(BlockStmt.java:70)
	at de.uka.ilkd.key.java.JP2KeYVisitor.accept(JP2KeYConverter.java:348)
	at de.uka.ilkd.key.java.JP2KeYVisitor.accepto(JP2KeYConverter.java:418)
	at de.uka.ilkd.key.java.JP2KeYVisitor.visit(JP2KeYConverter.java:688)
	at de.uka.ilkd.key.java.JP2KeYVisitor.visit(JP2KeYConverter.java:90)
	at com.github.javaparser.ast.body.MethodDeclaration.accept(MethodDeclaration.java:98)
	at de.uka.ilkd.key.java.JP2KeYVisitor.lambda$map$1(JP2KeYConverter.java:402)
	at java.base/java.util.stream.ReferencePipeline$3$1.accept(ReferencePipeline.java:195)
	at java.base/java.util.ArrayList$ArrayListSpliterator.forEachRemaining(ArrayList.java:1655)
	at java.base/java.util.stream.AbstractPipeline.copyInto(AbstractPipeline.java:484)
	at java.base/java.util.stream.AbstractPipeline.wrapAndCopyInto(AbstractPipeline.java:474)
	at java.base/java.util.stream.ReduceOps$ReduceOp.evaluateSequential(ReduceOps.java:913)
	at java.base/java.util.stream.AbstractPipeline.evaluate(AbstractPipeline.java:234)
	at java.base/java.util.stream.ReferencePipeline.collect(ReferencePipeline.java:578)
	at de.uka.ilkd.key.java.JP2KeYVisitor.map(JP2KeYConverter.java:403)
	at de.uka.ilkd.key.java.JP2KeYVisitor.visit(JP2KeYConverter.java:310)
	at de.uka.ilkd.key.java.JP2KeYVisitor.visit(JP2KeYConverter.java:90)
	at com.github.javaparser.ast.body.ClassOrInterfaceDeclaration.accept(ClassOrInterfaceDeclaration.java:95)
	at de.uka.ilkd.key.java.JP2KeYVisitor.lambda$map$1(JP2KeYConverter.java:402)
	at java.base/java.util.stream.ReferencePipeline$3$1.accept(ReferencePipeline.java:195)
	at java.base/java.util.ArrayList$ArrayListSpliterator.forEachRemaining(ArrayList.java:1655)
	at java.base/java.util.stream.AbstractPipeline.copyInto(AbstractPipeline.java:484)
	at java.base/java.util.stream.AbstractPipeline.wrapAndCopyInto(AbstractPipeline.java:474)
	at java.base/java.util.stream.ReduceOps$ReduceOp.evaluateSequential(ReduceOps.java:913)
	at java.base/java.util.stream.AbstractPipeline.evaluate(AbstractPipeline.java:234)
	at java.base/java.util.stream.ReferencePipeline.collect(ReferencePipeline.java:578)
	at de.uka.ilkd.key.java.JP2KeYVisitor.map(JP2KeYConverter.java:403)
	at de.uka.ilkd.key.java.JP2KeYVisitor.visit(JP2KeYConverter.java:393)
	at de.uka.ilkd.key.java.JP2KeYVisitor.visit(JP2KeYConverter.java:90)
	at com.github.javaparser.ast.CompilationUnit.accept(CompilationUnit.java:124)
	at de.uka.ilkd.key.java.JP2KeYConverter.process(JP2KeYConverter.java:84)
	at de.uka.ilkd.key.java.JP2KeYConverter.processCompilationUnit(JP2KeYConverter.java:80)
	at de.uka.ilkd.key.java.JavaService.parseLibraryClasses0(JavaService.java:536)
	at de.uka.ilkd.key.java.JavaService.parseSpecialClasses(JavaService.java:511)
	at de.uka.ilkd.key.proof.init.ProblemInitializer.readJava(ProblemInitializer.java:280)
	at de.uka.ilkd.key.proof.init.ProblemInitializer.prepare(ProblemInitializer.java:529)
	at de.uka.ilkd.key.proof.init.ProblemInitializer.prepare(ProblemInitializer.java:471)
	at de.uka.ilkd.key.rule.TacletForTests.parse(TacletForTests.java:80)
	... 91 more
</failure>
  </testcase>
  <testcase name="testSuccTacletWithoutIf()" classname="de.uka.ilkd.key.rule.TestApplyTaclet" time="0.134">
    <failure message="java.lang.RuntimeException: Exception occurred while parsing src\test\resources\testcase\testrules.key" type="java.lang.RuntimeException">java.lang.RuntimeException: Exception occurred while parsing src\test\resources\testcase\testrules.key
	at de.uka.ilkd.key.rule.TacletForTests.parse(TacletForTests.java:89)
	at de.uka.ilkd.key.rule.TacletForTests.parse(TacletForTests.java:125)
	at de.uka.ilkd.key.rule.TacletForTests.parse(TacletForTests.java:129)
	at de.uka.ilkd.key.rule.TestApplyTaclet.setUp(TestApplyTaclet.java:75)
	at java.base/jdk.internal.reflect.NativeMethodAccessorImpl.invoke0(Native Method)
	at java.base/jdk.internal.reflect.NativeMethodAccessorImpl.invoke(NativeMethodAccessorImpl.java:62)
	at java.base/jdk.internal.reflect.DelegatingMethodAccessorImpl.invoke(DelegatingMethodAccessorImpl.java:43)
	at java.base/java.lang.reflect.Method.invoke(Method.java:566)
	at org.junit.platform.commons.util.ReflectionUtils.invokeMethod(ReflectionUtils.java:727)
	at org.junit.jupiter.engine.execution.MethodInvocation.proceed(MethodInvocation.java:60)
	at org.junit.jupiter.engine.execution.InvocationInterceptorChain$ValidatingInvocation.proceed(InvocationInterceptorChain.java:131)
	at org.junit.jupiter.engine.extension.TimeoutExtension.intercept(TimeoutExtension.java:156)
	at org.junit.jupiter.engine.extension.TimeoutExtension.interceptLifecycleMethod(TimeoutExtension.java:128)
	at org.junit.jupiter.engine.extension.TimeoutExtension.interceptBeforeEachMethod(TimeoutExtension.java:78)
	at org.junit.jupiter.engine.execution.InterceptingExecutableInvoker$ReflectiveInterceptorCall.lambda$ofVoidMethod$0(InterceptingExecutableInvoker.java:103)
	at org.junit.jupiter.engine.execution.InterceptingExecutableInvoker.lambda$invoke$0(InterceptingExecutableInvoker.java:93)
	at org.junit.jupiter.engine.execution.InvocationInterceptorChain$InterceptedInvocation.proceed(InvocationInterceptorChain.java:106)
	at org.junit.jupiter.engine.execution.InvocationInterceptorChain.proceed(InvocationInterceptorChain.java:64)
	at org.junit.jupiter.engine.execution.InvocationInterceptorChain.chainAndInvoke(InvocationInterceptorChain.java:45)
	at org.junit.jupiter.engine.execution.InvocationInterceptorChain.invoke(InvocationInterceptorChain.java:37)
	at org.junit.jupiter.engine.execution.InterceptingExecutableInvoker.invoke(InterceptingExecutableInvoker.java:92)
	at org.junit.jupiter.engine.execution.InterceptingExecutableInvoker.invoke(InterceptingExecutableInvoker.java:86)
	at org.junit.jupiter.engine.descriptor.ClassBasedTestDescriptor.invokeMethodInExtensionContext(ClassBasedTestDescriptor.java:520)
	at org.junit.jupiter.engine.descriptor.ClassBasedTestDescriptor.lambda$synthesizeBeforeEachMethodAdapter$23(ClassBasedTestDescriptor.java:505)
	at org.junit.jupiter.engine.descriptor.TestMethodTestDescriptor.lambda$invokeBeforeEachMethods$3(TestMethodTestDescriptor.java:174)
	at org.junit.jupiter.engine.descriptor.TestMethodTestDescriptor.lambda$invokeBeforeMethodsOrCallbacksUntilExceptionOccurs$6(TestMethodTestDescriptor.java:202)
	at org.junit.platform.engine.support.hierarchical.ThrowableCollector.execute(ThrowableCollector.java:73)
	at org.junit.jupiter.engine.descriptor.TestMethodTestDescriptor.invokeBeforeMethodsOrCallbacksUntilExceptionOccurs(TestMethodTestDescriptor.java:202)
	at org.junit.jupiter.engine.descriptor.TestMethodTestDescriptor.invokeBeforeEachMethods(TestMethodTestDescriptor.java:171)
	at org.junit.jupiter.engine.descriptor.TestMethodTestDescriptor.execute(TestMethodTestDescriptor.java:134)
	at org.junit.jupiter.engine.descriptor.TestMethodTestDescriptor.execute(TestMethodTestDescriptor.java:68)
	at org.junit.platform.engine.support.hierarchical.NodeTestTask.lambda$executeRecursively$6(NodeTestTask.java:151)
	at org.junit.platform.engine.support.hierarchical.ThrowableCollector.execute(ThrowableCollector.java:73)
	at org.junit.platform.engine.support.hierarchical.NodeTestTask.lambda$executeRecursively$8(NodeTestTask.java:141)
	at org.junit.platform.engine.support.hierarchical.Node.around(Node.java:137)
	at org.junit.platform.engine.support.hierarchical.NodeTestTask.lambda$executeRecursively$9(NodeTestTask.java:139)
	at org.junit.platform.engine.support.hierarchical.ThrowableCollector.execute(ThrowableCollector.java:73)
	at org.junit.platform.engine.support.hierarchical.NodeTestTask.executeRecursively(NodeTestTask.java:138)
	at org.junit.platform.engine.support.hierarchical.NodeTestTask.execute(NodeTestTask.java:95)
	at java.base/java.util.ArrayList.forEach(ArrayList.java:1541)
	at org.junit.platform.engine.support.hierarchical.SameThreadHierarchicalTestExecutorService.invokeAll(SameThreadHierarchicalTestExecutorService.java:41)
	at org.junit.platform.engine.support.hierarchical.NodeTestTask.lambda$executeRecursively$6(NodeTestTask.java:155)
	at org.junit.platform.engine.support.hierarchical.ThrowableCollector.execute(ThrowableCollector.java:73)
	at org.junit.platform.engine.support.hierarchical.NodeTestTask.lambda$executeRecursively$8(NodeTestTask.java:141)
	at org.junit.platform.engine.support.hierarchical.Node.around(Node.java:137)
	at org.junit.platform.engine.support.hierarchical.NodeTestTask.lambda$executeRecursively$9(NodeTestTask.java:139)
	at org.junit.platform.engine.support.hierarchical.ThrowableCollector.execute(ThrowableCollector.java:73)
	at org.junit.platform.engine.support.hierarchical.NodeTestTask.executeRecursively(NodeTestTask.java:138)
	at org.junit.platform.engine.support.hierarchical.NodeTestTask.execute(NodeTestTask.java:95)
	at java.base/java.util.ArrayList.forEach(ArrayList.java:1541)
	at org.junit.platform.engine.support.hierarchical.SameThreadHierarchicalTestExecutorService.invokeAll(SameThreadHierarchicalTestExecutorService.java:41)
	at org.junit.platform.engine.support.hierarchical.NodeTestTask.lambda$executeRecursively$6(NodeTestTask.java:155)
	at org.junit.platform.engine.support.hierarchical.ThrowableCollector.execute(ThrowableCollector.java:73)
	at org.junit.platform.engine.support.hierarchical.NodeTestTask.lambda$executeRecursively$8(NodeTestTask.java:141)
	at org.junit.platform.engine.support.hierarchical.Node.around(Node.java:137)
	at org.junit.platform.engine.support.hierarchical.NodeTestTask.lambda$executeRecursively$9(NodeTestTask.java:139)
	at org.junit.platform.engine.support.hierarchical.ThrowableCollector.execute(ThrowableCollector.java:73)
	at org.junit.platform.engine.support.hierarchical.NodeTestTask.executeRecursively(NodeTestTask.java:138)
	at org.junit.platform.engine.support.hierarchical.NodeTestTask.execute(NodeTestTask.java:95)
	at org.junit.platform.engine.support.hierarchical.SameThreadHierarchicalTestExecutorService.submit(SameThreadHierarchicalTestExecutorService.java:35)
	at org.junit.platform.engine.support.hierarchical.HierarchicalTestExecutor.execute(HierarchicalTestExecutor.java:57)
	at org.junit.platform.engine.support.hierarchical.HierarchicalTestEngine.execute(HierarchicalTestEngine.java:54)
	at org.junit.platform.launcher.core.EngineExecutionOrchestrator.execute(EngineExecutionOrchestrator.java:107)
	at org.junit.platform.launcher.core.EngineExecutionOrchestrator.execute(EngineExecutionOrchestrator.java:88)
	at org.junit.platform.launcher.core.EngineExecutionOrchestrator.lambda$execute$0(EngineExecutionOrchestrator.java:54)
	at org.junit.platform.launcher.core.EngineExecutionOrchestrator.withInterceptedStreams(EngineExecutionOrchestrator.java:67)
	at org.junit.platform.launcher.core.EngineExecutionOrchestrator.execute(EngineExecutionOrchestrator.java:52)
	at org.junit.platform.launcher.core.DefaultLauncher.execute(DefaultLauncher.java:114)
	at org.junit.platform.launcher.core.DefaultLauncher.execute(DefaultLauncher.java:86)
	at org.junit.platform.launcher.core.DefaultLauncherSession$DelegatingLauncher.execute(DefaultLauncherSession.java:86)
	at org.gradle.api.internal.tasks.testing.junitplatform.JUnitPlatformTestClassProcessor$CollectAllTestClassesExecutor.processAllTestClasses(JUnitPlatformTestClassProcessor.java:110)
	at org.gradle.api.internal.tasks.testing.junitplatform.JUnitPlatformTestClassProcessor$CollectAllTestClassesExecutor.access$000(JUnitPlatformTestClassProcessor.java:90)
	at org.gradle.api.internal.tasks.testing.junitplatform.JUnitPlatformTestClassProcessor.stop(JUnitPlatformTestClassProcessor.java:85)
	at org.gradle.api.internal.tasks.testing.SuiteTestClassProcessor.stop(SuiteTestClassProcessor.java:62)
	at java.base/jdk.internal.reflect.NativeMethodAccessorImpl.invoke0(Native Method)
	at java.base/jdk.internal.reflect.NativeMethodAccessorImpl.invoke(NativeMethodAccessorImpl.java:62)
	at java.base/jdk.internal.reflect.DelegatingMethodAccessorImpl.invoke(DelegatingMethodAccessorImpl.java:43)
	at java.base/java.lang.reflect.Method.invoke(Method.java:566)
	at org.gradle.internal.dispatch.ReflectionDispatch.dispatch(ReflectionDispatch.java:36)
	at org.gradle.internal.dispatch.ReflectionDispatch.dispatch(ReflectionDispatch.java:24)
	at org.gradle.internal.dispatch.ContextClassLoaderDispatch.dispatch(ContextClassLoaderDispatch.java:33)
	at org.gradle.internal.dispatch.ProxyDispatchAdapter$DispatchingInvocationHandler.invoke(ProxyDispatchAdapter.java:94)
	at com.sun.proxy.$Proxy5.stop(Unknown Source)
	at org.gradle.api.internal.tasks.testing.worker.TestWorker$3.run(TestWorker.java:193)
	at org.gradle.api.internal.tasks.testing.worker.TestWorker.executeAndMaintainThreadName(TestWorker.java:129)
	at org.gradle.api.internal.tasks.testing.worker.TestWorker.execute(TestWorker.java:100)
	at org.gradle.api.internal.tasks.testing.worker.TestWorker.execute(TestWorker.java:60)
	at org.gradle.process.internal.worker.child.ActionExecutionWorker.execute(ActionExecutionWorker.java:56)
	at org.gradle.process.internal.worker.child.SystemApplicationClassLoaderWorker.call(SystemApplicationClassLoaderWorker.java:113)
	at org.gradle.process.internal.worker.child.SystemApplicationClassLoaderWorker.call(SystemApplicationClassLoaderWorker.java:65)
	at worker.org.gradle.process.internal.worker.GradleWorkerMain.run(GradleWorkerMain.java:69)
	at worker.org.gradle.process.internal.worker.GradleWorkerMain.main(GradleWorkerMain.java:74)
Caused by: UnsolvedSymbolException{context='arg0', name='Solving arg0', cause='null'}
	at com.github.javaparser.symbolsolver.javaparsermodel.TypeExtractor.visit(TypeExtractor.java:335)
	at com.github.javaparser.symbolsolver.javaparsermodel.TypeExtractor.visit(TypeExtractor.java:65)
	at com.github.javaparser.ast.expr.NameExpr.accept(NameExpr.java:79)
	at com.github.javaparser.symbolsolver.javaparsermodel.JavaParserFacade.getTypeConcrete(JavaParserFacade.java:505)
	at com.github.javaparser.symbolsolver.javaparsermodel.JavaParserFacade.getType(JavaParserFacade.java:352)
	at com.github.javaparser.symbolsolver.javaparsermodel.JavaParserFacade.getType(JavaParserFacade.java:334)
	at com.github.javaparser.symbolsolver.JavaSymbolSolver.calculateType(JavaSymbolSolver.java:294)
	at com.github.javaparser.ast.expr.Expression.calculateResolvedType(Expression.java:573)
	at de.uka.ilkd.key.java.JP2KeYVisitor.visit(JP2KeYConverter.java:707)
	at de.uka.ilkd.key.java.JP2KeYVisitor.visit(JP2KeYConverter.java:90)
	at com.github.javaparser.ast.expr.NameExpr.accept(NameExpr.java:79)
	at de.uka.ilkd.key.java.JP2KeYVisitor.lambda$map$1(JP2KeYConverter.java:402)
	at java.base/java.util.stream.ReferencePipeline$3$1.accept(ReferencePipeline.java:195)
	at java.base/java.util.ArrayList$ArrayListSpliterator.forEachRemaining(ArrayList.java:1655)
	at java.base/java.util.stream.AbstractPipeline.copyInto(AbstractPipeline.java:484)
	at java.base/java.util.stream.AbstractPipeline.wrapAndCopyInto(AbstractPipeline.java:474)
	at java.base/java.util.stream.ReduceOps$ReduceOp.evaluateSequential(ReduceOps.java:913)
	at java.base/java.util.stream.AbstractPipeline.evaluate(AbstractPipeline.java:234)
	at java.base/java.util.stream.ReferencePipeline.collect(ReferencePipeline.java:578)
	at de.uka.ilkd.key.java.JP2KeYVisitor.map(JP2KeYConverter.java:403)
	at de.uka.ilkd.key.java.JP2KeYVisitor.visit(JP2KeYConverter.java:506)
	at de.uka.ilkd.key.java.JP2KeYVisitor.visit(JP2KeYConverter.java:90)
	at com.github.javaparser.ast.stmt.ExplicitConstructorInvocationStmt.accept(ExplicitConstructorInvocationStmt.java:96)
	at de.uka.ilkd.key.java.JP2KeYVisitor.lambda$map$1(JP2KeYConverter.java:402)
	at java.base/java.util.stream.ReferencePipeline$3$1.accept(ReferencePipeline.java:195)
	at java.base/java.util.ArrayList$ArrayListSpliterator.forEachRemaining(ArrayList.java:1655)
	at java.base/java.util.stream.AbstractPipeline.copyInto(AbstractPipeline.java:484)
	at java.base/java.util.stream.AbstractPipeline.wrapAndCopyInto(AbstractPipeline.java:474)
	at java.base/java.util.stream.ReduceOps$ReduceOp.evaluateSequential(ReduceOps.java:913)
	at java.base/java.util.stream.AbstractPipeline.evaluate(AbstractPipeline.java:234)
	at java.base/java.util.stream.ReferencePipeline.collect(ReferencePipeline.java:578)
	at de.uka.ilkd.key.java.JP2KeYVisitor.map(JP2KeYConverter.java:403)
	at de.uka.ilkd.key.java.JP2KeYVisitor.visit(JP2KeYConverter.java:258)
	at de.uka.ilkd.key.java.JP2KeYVisitor.visit(JP2KeYConverter.java:90)
	at com.github.javaparser.ast.stmt.BlockStmt.accept(BlockStmt.java:70)
	at de.uka.ilkd.key.java.JP2KeYVisitor.lambda$map$1(JP2KeYConverter.java:402)
	at java.base/java.util.stream.ReferencePipeline$3$1.accept(ReferencePipeline.java:195)
	at java.base/java.util.ArrayList$ArrayListSpliterator.forEachRemaining(ArrayList.java:1655)
	at java.base/java.util.stream.AbstractPipeline.copyInto(AbstractPipeline.java:484)
	at java.base/java.util.stream.AbstractPipeline.wrapAndCopyInto(AbstractPipeline.java:474)
	at java.base/java.util.stream.ReduceOps$ReduceOp.evaluateSequential(ReduceOps.java:913)
	at java.base/java.util.stream.AbstractPipeline.evaluate(AbstractPipeline.java:234)
	at java.base/java.util.stream.ReferencePipeline.collect(ReferencePipeline.java:578)
	at de.uka.ilkd.key.java.JP2KeYVisitor.map(JP2KeYConverter.java:403)
	at de.uka.ilkd.key.java.JP2KeYVisitor.visit(JP2KeYConverter.java:258)
	at de.uka.ilkd.key.java.JP2KeYVisitor.visit(JP2KeYConverter.java:90)
	at com.github.javaparser.ast.stmt.BlockStmt.accept(BlockStmt.java:70)
	at de.uka.ilkd.key.java.JP2KeYVisitor.accept(JP2KeYConverter.java:348)
	at de.uka.ilkd.key.java.JP2KeYVisitor.visit(JP2KeYConverter.java:946)
	at de.uka.ilkd.key.java.JP2KeYVisitor.visit(JP2KeYConverter.java:90)
	at com.github.javaparser.ast.stmt.TryStmt.accept(TryStmt.java:135)
	at de.uka.ilkd.key.java.JP2KeYVisitor.lambda$map$1(JP2KeYConverter.java:402)
	at java.base/java.util.stream.ReferencePipeline$3$1.accept(ReferencePipeline.java:195)
	at java.base/java.util.ArrayList$ArrayListSpliterator.forEachRemaining(ArrayList.java:1655)
	at java.base/java.util.stream.AbstractPipeline.copyInto(AbstractPipeline.java:484)
	at java.base/java.util.stream.AbstractPipeline.wrapAndCopyInto(AbstractPipeline.java:474)
	at java.base/java.util.stream.ReduceOps$ReduceOp.evaluateSequential(ReduceOps.java:913)
	at java.base/java.util.stream.AbstractPipeline.evaluate(AbstractPipeline.java:234)
	at java.base/java.util.stream.ReferencePipeline.collect(ReferencePipeline.java:578)
	at de.uka.ilkd.key.java.JP2KeYVisitor.map(JP2KeYConverter.java:403)
	at de.uka.ilkd.key.java.JP2KeYVisitor.visit(JP2KeYConverter.java:258)
	at de.uka.ilkd.key.java.JP2KeYVisitor.visit(JP2KeYConverter.java:90)
	at com.github.javaparser.ast.stmt.BlockStmt.accept(BlockStmt.java:70)
	at de.uka.ilkd.key.java.JP2KeYVisitor.accept(JP2KeYConverter.java:348)
	at de.uka.ilkd.key.java.JP2KeYVisitor.visit(JP2KeYConverter.java:609)
	at de.uka.ilkd.key.java.JP2KeYVisitor.visit(JP2KeYConverter.java:90)
	at com.github.javaparser.ast.stmt.IfStmt.accept(IfStmt.java:82)
	at de.uka.ilkd.key.java.JP2KeYVisitor.lambda$map$1(JP2KeYConverter.java:402)
	at java.base/java.util.stream.ReferencePipeline$3$1.accept(ReferencePipeline.java:195)
	at java.base/java.util.ArrayList$ArrayListSpliterator.forEachRemaining(ArrayList.java:1655)
	at java.base/java.util.stream.AbstractPipeline.copyInto(AbstractPipeline.java:484)
	at java.base/java.util.stream.AbstractPipeline.wrapAndCopyInto(AbstractPipeline.java:474)
	at java.base/java.util.stream.ReduceOps$ReduceOp.evaluateSequential(ReduceOps.java:913)
	at java.base/java.util.stream.AbstractPipeline.evaluate(AbstractPipeline.java:234)
	at java.base/java.util.stream.ReferencePipeline.collect(ReferencePipeline.java:578)
	at de.uka.ilkd.key.java.JP2KeYVisitor.map(JP2KeYConverter.java:403)
	at de.uka.ilkd.key.java.JP2KeYVisitor.visit(JP2KeYConverter.java:258)
	at de.uka.ilkd.key.java.JP2KeYVisitor.visit(JP2KeYConverter.java:90)
	at com.github.javaparser.ast.stmt.BlockStmt.accept(BlockStmt.java:70)
	at de.uka.ilkd.key.java.JP2KeYVisitor.accept(JP2KeYConverter.java:348)
	at de.uka.ilkd.key.java.JP2KeYVisitor.visit(JP2KeYConverter.java:609)
	at de.uka.ilkd.key.java.JP2KeYVisitor.visit(JP2KeYConverter.java:90)
	at com.github.javaparser.ast.stmt.IfStmt.accept(IfStmt.java:82)
	at de.uka.ilkd.key.java.JP2KeYVisitor.lambda$map$1(JP2KeYConverter.java:402)
	at java.base/java.util.stream.ReferencePipeline$3$1.accept(ReferencePipeline.java:195)
	at java.base/java.util.ArrayList$ArrayListSpliterator.forEachRemaining(ArrayList.java:1655)
	at java.base/java.util.stream.AbstractPipeline.copyInto(AbstractPipeline.java:484)
	at java.base/java.util.stream.AbstractPipeline.wrapAndCopyInto(AbstractPipeline.java:474)
	at java.base/java.util.stream.ReduceOps$ReduceOp.evaluateSequential(ReduceOps.java:913)
	at java.base/java.util.stream.AbstractPipeline.evaluate(AbstractPipeline.java:234)
	at java.base/java.util.stream.ReferencePipeline.collect(ReferencePipeline.java:578)
	at de.uka.ilkd.key.java.JP2KeYVisitor.map(JP2KeYConverter.java:403)
	at de.uka.ilkd.key.java.JP2KeYVisitor.visit(JP2KeYConverter.java:258)
	at de.uka.ilkd.key.java.JP2KeYVisitor.visit(JP2KeYConverter.java:90)
	at com.github.javaparser.ast.stmt.BlockStmt.accept(BlockStmt.java:70)
	at de.uka.ilkd.key.java.JP2KeYVisitor.accept(JP2KeYConverter.java:348)
	at de.uka.ilkd.key.java.JP2KeYVisitor.accepto(JP2KeYConverter.java:418)
	at de.uka.ilkd.key.java.JP2KeYVisitor.visit(JP2KeYConverter.java:688)
	at de.uka.ilkd.key.java.JP2KeYVisitor.visit(JP2KeYConverter.java:90)
	at com.github.javaparser.ast.body.MethodDeclaration.accept(MethodDeclaration.java:98)
	at de.uka.ilkd.key.java.JP2KeYVisitor.lambda$map$1(JP2KeYConverter.java:402)
	at java.base/java.util.stream.ReferencePipeline$3$1.accept(ReferencePipeline.java:195)
	at java.base/java.util.ArrayList$ArrayListSpliterator.forEachRemaining(ArrayList.java:1655)
	at java.base/java.util.stream.AbstractPipeline.copyInto(AbstractPipeline.java:484)
	at java.base/java.util.stream.AbstractPipeline.wrapAndCopyInto(AbstractPipeline.java:474)
	at java.base/java.util.stream.ReduceOps$ReduceOp.evaluateSequential(ReduceOps.java:913)
	at java.base/java.util.stream.AbstractPipeline.evaluate(AbstractPipeline.java:234)
	at java.base/java.util.stream.ReferencePipeline.collect(ReferencePipeline.java:578)
	at de.uka.ilkd.key.java.JP2KeYVisitor.map(JP2KeYConverter.java:403)
	at de.uka.ilkd.key.java.JP2KeYVisitor.visit(JP2KeYConverter.java:310)
	at de.uka.ilkd.key.java.JP2KeYVisitor.visit(JP2KeYConverter.java:90)
	at com.github.javaparser.ast.body.ClassOrInterfaceDeclaration.accept(ClassOrInterfaceDeclaration.java:95)
	at de.uka.ilkd.key.java.JP2KeYVisitor.lambda$map$1(JP2KeYConverter.java:402)
	at java.base/java.util.stream.ReferencePipeline$3$1.accept(ReferencePipeline.java:195)
	at java.base/java.util.ArrayList$ArrayListSpliterator.forEachRemaining(ArrayList.java:1655)
	at java.base/java.util.stream.AbstractPipeline.copyInto(AbstractPipeline.java:484)
	at java.base/java.util.stream.AbstractPipeline.wrapAndCopyInto(AbstractPipeline.java:474)
	at java.base/java.util.stream.ReduceOps$ReduceOp.evaluateSequential(ReduceOps.java:913)
	at java.base/java.util.stream.AbstractPipeline.evaluate(AbstractPipeline.java:234)
	at java.base/java.util.stream.ReferencePipeline.collect(ReferencePipeline.java:578)
	at de.uka.ilkd.key.java.JP2KeYVisitor.map(JP2KeYConverter.java:403)
	at de.uka.ilkd.key.java.JP2KeYVisitor.visit(JP2KeYConverter.java:393)
	at de.uka.ilkd.key.java.JP2KeYVisitor.visit(JP2KeYConverter.java:90)
	at com.github.javaparser.ast.CompilationUnit.accept(CompilationUnit.java:124)
	at de.uka.ilkd.key.java.JP2KeYConverter.process(JP2KeYConverter.java:84)
	at de.uka.ilkd.key.java.JP2KeYConverter.processCompilationUnit(JP2KeYConverter.java:80)
	at de.uka.ilkd.key.java.JavaService.parseLibraryClasses0(JavaService.java:536)
	at de.uka.ilkd.key.java.JavaService.parseSpecialClasses(JavaService.java:511)
	at de.uka.ilkd.key.proof.init.ProblemInitializer.readJava(ProblemInitializer.java:280)
	at de.uka.ilkd.key.proof.init.ProblemInitializer.prepare(ProblemInitializer.java:529)
	at de.uka.ilkd.key.proof.init.ProblemInitializer.prepare(ProblemInitializer.java:471)
	at de.uka.ilkd.key.rule.TacletForTests.parse(TacletForTests.java:80)
	... 91 more
</failure>
  </testcase>
  <testcase name="testRewriteTacletWithoutIf()" classname="de.uka.ilkd.key.rule.TestApplyTaclet" time="0.238">
    <failure message="java.lang.RuntimeException: Exception occurred while parsing src\test\resources\testcase\testrules.key" type="java.lang.RuntimeException">java.lang.RuntimeException: Exception occurred while parsing src\test\resources\testcase\testrules.key
	at de.uka.ilkd.key.rule.TacletForTests.parse(TacletForTests.java:89)
	at de.uka.ilkd.key.rule.TacletForTests.parse(TacletForTests.java:125)
	at de.uka.ilkd.key.rule.TacletForTests.parse(TacletForTests.java:129)
	at de.uka.ilkd.key.rule.TestApplyTaclet.setUp(TestApplyTaclet.java:75)
	at java.base/jdk.internal.reflect.NativeMethodAccessorImpl.invoke0(Native Method)
	at java.base/jdk.internal.reflect.NativeMethodAccessorImpl.invoke(NativeMethodAccessorImpl.java:62)
	at java.base/jdk.internal.reflect.DelegatingMethodAccessorImpl.invoke(DelegatingMethodAccessorImpl.java:43)
	at java.base/java.lang.reflect.Method.invoke(Method.java:566)
	at org.junit.platform.commons.util.ReflectionUtils.invokeMethod(ReflectionUtils.java:727)
	at org.junit.jupiter.engine.execution.MethodInvocation.proceed(MethodInvocation.java:60)
	at org.junit.jupiter.engine.execution.InvocationInterceptorChain$ValidatingInvocation.proceed(InvocationInterceptorChain.java:131)
	at org.junit.jupiter.engine.extension.TimeoutExtension.intercept(TimeoutExtension.java:156)
	at org.junit.jupiter.engine.extension.TimeoutExtension.interceptLifecycleMethod(TimeoutExtension.java:128)
	at org.junit.jupiter.engine.extension.TimeoutExtension.interceptBeforeEachMethod(TimeoutExtension.java:78)
	at org.junit.jupiter.engine.execution.InterceptingExecutableInvoker$ReflectiveInterceptorCall.lambda$ofVoidMethod$0(InterceptingExecutableInvoker.java:103)
	at org.junit.jupiter.engine.execution.InterceptingExecutableInvoker.lambda$invoke$0(InterceptingExecutableInvoker.java:93)
	at org.junit.jupiter.engine.execution.InvocationInterceptorChain$InterceptedInvocation.proceed(InvocationInterceptorChain.java:106)
	at org.junit.jupiter.engine.execution.InvocationInterceptorChain.proceed(InvocationInterceptorChain.java:64)
	at org.junit.jupiter.engine.execution.InvocationInterceptorChain.chainAndInvoke(InvocationInterceptorChain.java:45)
	at org.junit.jupiter.engine.execution.InvocationInterceptorChain.invoke(InvocationInterceptorChain.java:37)
	at org.junit.jupiter.engine.execution.InterceptingExecutableInvoker.invoke(InterceptingExecutableInvoker.java:92)
	at org.junit.jupiter.engine.execution.InterceptingExecutableInvoker.invoke(InterceptingExecutableInvoker.java:86)
	at org.junit.jupiter.engine.descriptor.ClassBasedTestDescriptor.invokeMethodInExtensionContext(ClassBasedTestDescriptor.java:520)
	at org.junit.jupiter.engine.descriptor.ClassBasedTestDescriptor.lambda$synthesizeBeforeEachMethodAdapter$23(ClassBasedTestDescriptor.java:505)
	at org.junit.jupiter.engine.descriptor.TestMethodTestDescriptor.lambda$invokeBeforeEachMethods$3(TestMethodTestDescriptor.java:174)
	at org.junit.jupiter.engine.descriptor.TestMethodTestDescriptor.lambda$invokeBeforeMethodsOrCallbacksUntilExceptionOccurs$6(TestMethodTestDescriptor.java:202)
	at org.junit.platform.engine.support.hierarchical.ThrowableCollector.execute(ThrowableCollector.java:73)
	at org.junit.jupiter.engine.descriptor.TestMethodTestDescriptor.invokeBeforeMethodsOrCallbacksUntilExceptionOccurs(TestMethodTestDescriptor.java:202)
	at org.junit.jupiter.engine.descriptor.TestMethodTestDescriptor.invokeBeforeEachMethods(TestMethodTestDescriptor.java:171)
	at org.junit.jupiter.engine.descriptor.TestMethodTestDescriptor.execute(TestMethodTestDescriptor.java:134)
	at org.junit.jupiter.engine.descriptor.TestMethodTestDescriptor.execute(TestMethodTestDescriptor.java:68)
	at org.junit.platform.engine.support.hierarchical.NodeTestTask.lambda$executeRecursively$6(NodeTestTask.java:151)
	at org.junit.platform.engine.support.hierarchical.ThrowableCollector.execute(ThrowableCollector.java:73)
	at org.junit.platform.engine.support.hierarchical.NodeTestTask.lambda$executeRecursively$8(NodeTestTask.java:141)
	at org.junit.platform.engine.support.hierarchical.Node.around(Node.java:137)
	at org.junit.platform.engine.support.hierarchical.NodeTestTask.lambda$executeRecursively$9(NodeTestTask.java:139)
	at org.junit.platform.engine.support.hierarchical.ThrowableCollector.execute(ThrowableCollector.java:73)
	at org.junit.platform.engine.support.hierarchical.NodeTestTask.executeRecursively(NodeTestTask.java:138)
	at org.junit.platform.engine.support.hierarchical.NodeTestTask.execute(NodeTestTask.java:95)
	at java.base/java.util.ArrayList.forEach(ArrayList.java:1541)
	at org.junit.platform.engine.support.hierarchical.SameThreadHierarchicalTestExecutorService.invokeAll(SameThreadHierarchicalTestExecutorService.java:41)
	at org.junit.platform.engine.support.hierarchical.NodeTestTask.lambda$executeRecursively$6(NodeTestTask.java:155)
	at org.junit.platform.engine.support.hierarchical.ThrowableCollector.execute(ThrowableCollector.java:73)
	at org.junit.platform.engine.support.hierarchical.NodeTestTask.lambda$executeRecursively$8(NodeTestTask.java:141)
	at org.junit.platform.engine.support.hierarchical.Node.around(Node.java:137)
	at org.junit.platform.engine.support.hierarchical.NodeTestTask.lambda$executeRecursively$9(NodeTestTask.java:139)
	at org.junit.platform.engine.support.hierarchical.ThrowableCollector.execute(ThrowableCollector.java:73)
	at org.junit.platform.engine.support.hierarchical.NodeTestTask.executeRecursively(NodeTestTask.java:138)
	at org.junit.platform.engine.support.hierarchical.NodeTestTask.execute(NodeTestTask.java:95)
	at java.base/java.util.ArrayList.forEach(ArrayList.java:1541)
	at org.junit.platform.engine.support.hierarchical.SameThreadHierarchicalTestExecutorService.invokeAll(SameThreadHierarchicalTestExecutorService.java:41)
	at org.junit.platform.engine.support.hierarchical.NodeTestTask.lambda$executeRecursively$6(NodeTestTask.java:155)
	at org.junit.platform.engine.support.hierarchical.ThrowableCollector.execute(ThrowableCollector.java:73)
	at org.junit.platform.engine.support.hierarchical.NodeTestTask.lambda$executeRecursively$8(NodeTestTask.java:141)
	at org.junit.platform.engine.support.hierarchical.Node.around(Node.java:137)
	at org.junit.platform.engine.support.hierarchical.NodeTestTask.lambda$executeRecursively$9(NodeTestTask.java:139)
	at org.junit.platform.engine.support.hierarchical.ThrowableCollector.execute(ThrowableCollector.java:73)
	at org.junit.platform.engine.support.hierarchical.NodeTestTask.executeRecursively(NodeTestTask.java:138)
	at org.junit.platform.engine.support.hierarchical.NodeTestTask.execute(NodeTestTask.java:95)
	at org.junit.platform.engine.support.hierarchical.SameThreadHierarchicalTestExecutorService.submit(SameThreadHierarchicalTestExecutorService.java:35)
	at org.junit.platform.engine.support.hierarchical.HierarchicalTestExecutor.execute(HierarchicalTestExecutor.java:57)
	at org.junit.platform.engine.support.hierarchical.HierarchicalTestEngine.execute(HierarchicalTestEngine.java:54)
	at org.junit.platform.launcher.core.EngineExecutionOrchestrator.execute(EngineExecutionOrchestrator.java:107)
	at org.junit.platform.launcher.core.EngineExecutionOrchestrator.execute(EngineExecutionOrchestrator.java:88)
	at org.junit.platform.launcher.core.EngineExecutionOrchestrator.lambda$execute$0(EngineExecutionOrchestrator.java:54)
	at org.junit.platform.launcher.core.EngineExecutionOrchestrator.withInterceptedStreams(EngineExecutionOrchestrator.java:67)
	at org.junit.platform.launcher.core.EngineExecutionOrchestrator.execute(EngineExecutionOrchestrator.java:52)
	at org.junit.platform.launcher.core.DefaultLauncher.execute(DefaultLauncher.java:114)
	at org.junit.platform.launcher.core.DefaultLauncher.execute(DefaultLauncher.java:86)
	at org.junit.platform.launcher.core.DefaultLauncherSession$DelegatingLauncher.execute(DefaultLauncherSession.java:86)
	at org.gradle.api.internal.tasks.testing.junitplatform.JUnitPlatformTestClassProcessor$CollectAllTestClassesExecutor.processAllTestClasses(JUnitPlatformTestClassProcessor.java:110)
	at org.gradle.api.internal.tasks.testing.junitplatform.JUnitPlatformTestClassProcessor$CollectAllTestClassesExecutor.access$000(JUnitPlatformTestClassProcessor.java:90)
	at org.gradle.api.internal.tasks.testing.junitplatform.JUnitPlatformTestClassProcessor.stop(JUnitPlatformTestClassProcessor.java:85)
	at org.gradle.api.internal.tasks.testing.SuiteTestClassProcessor.stop(SuiteTestClassProcessor.java:62)
	at java.base/jdk.internal.reflect.NativeMethodAccessorImpl.invoke0(Native Method)
	at java.base/jdk.internal.reflect.NativeMethodAccessorImpl.invoke(NativeMethodAccessorImpl.java:62)
	at java.base/jdk.internal.reflect.DelegatingMethodAccessorImpl.invoke(DelegatingMethodAccessorImpl.java:43)
	at java.base/java.lang.reflect.Method.invoke(Method.java:566)
	at org.gradle.internal.dispatch.ReflectionDispatch.dispatch(ReflectionDispatch.java:36)
	at org.gradle.internal.dispatch.ReflectionDispatch.dispatch(ReflectionDispatch.java:24)
	at org.gradle.internal.dispatch.ContextClassLoaderDispatch.dispatch(ContextClassLoaderDispatch.java:33)
	at org.gradle.internal.dispatch.ProxyDispatchAdapter$DispatchingInvocationHandler.invoke(ProxyDispatchAdapter.java:94)
	at com.sun.proxy.$Proxy5.stop(Unknown Source)
	at org.gradle.api.internal.tasks.testing.worker.TestWorker$3.run(TestWorker.java:193)
	at org.gradle.api.internal.tasks.testing.worker.TestWorker.executeAndMaintainThreadName(TestWorker.java:129)
	at org.gradle.api.internal.tasks.testing.worker.TestWorker.execute(TestWorker.java:100)
	at org.gradle.api.internal.tasks.testing.worker.TestWorker.execute(TestWorker.java:60)
	at org.gradle.process.internal.worker.child.ActionExecutionWorker.execute(ActionExecutionWorker.java:56)
	at org.gradle.process.internal.worker.child.SystemApplicationClassLoaderWorker.call(SystemApplicationClassLoaderWorker.java:113)
	at org.gradle.process.internal.worker.child.SystemApplicationClassLoaderWorker.call(SystemApplicationClassLoaderWorker.java:65)
	at worker.org.gradle.process.internal.worker.GradleWorkerMain.run(GradleWorkerMain.java:69)
	at worker.org.gradle.process.internal.worker.GradleWorkerMain.main(GradleWorkerMain.java:74)
Caused by: UnsolvedSymbolException{context='arg0', name='Solving arg0', cause='null'}
	at com.github.javaparser.symbolsolver.javaparsermodel.TypeExtractor.visit(TypeExtractor.java:335)
	at com.github.javaparser.symbolsolver.javaparsermodel.TypeExtractor.visit(TypeExtractor.java:65)
	at com.github.javaparser.ast.expr.NameExpr.accept(NameExpr.java:79)
	at com.github.javaparser.symbolsolver.javaparsermodel.JavaParserFacade.getTypeConcrete(JavaParserFacade.java:505)
	at com.github.javaparser.symbolsolver.javaparsermodel.JavaParserFacade.getType(JavaParserFacade.java:352)
	at com.github.javaparser.symbolsolver.javaparsermodel.JavaParserFacade.getType(JavaParserFacade.java:334)
	at com.github.javaparser.symbolsolver.JavaSymbolSolver.calculateType(JavaSymbolSolver.java:294)
	at com.github.javaparser.ast.expr.Expression.calculateResolvedType(Expression.java:573)
	at de.uka.ilkd.key.java.JP2KeYVisitor.visit(JP2KeYConverter.java:707)
	at de.uka.ilkd.key.java.JP2KeYVisitor.visit(JP2KeYConverter.java:90)
	at com.github.javaparser.ast.expr.NameExpr.accept(NameExpr.java:79)
	at de.uka.ilkd.key.java.JP2KeYVisitor.lambda$map$1(JP2KeYConverter.java:402)
	at java.base/java.util.stream.ReferencePipeline$3$1.accept(ReferencePipeline.java:195)
	at java.base/java.util.ArrayList$ArrayListSpliterator.forEachRemaining(ArrayList.java:1655)
	at java.base/java.util.stream.AbstractPipeline.copyInto(AbstractPipeline.java:484)
	at java.base/java.util.stream.AbstractPipeline.wrapAndCopyInto(AbstractPipeline.java:474)
	at java.base/java.util.stream.ReduceOps$ReduceOp.evaluateSequential(ReduceOps.java:913)
	at java.base/java.util.stream.AbstractPipeline.evaluate(AbstractPipeline.java:234)
	at java.base/java.util.stream.ReferencePipeline.collect(ReferencePipeline.java:578)
	at de.uka.ilkd.key.java.JP2KeYVisitor.map(JP2KeYConverter.java:403)
	at de.uka.ilkd.key.java.JP2KeYVisitor.visit(JP2KeYConverter.java:506)
	at de.uka.ilkd.key.java.JP2KeYVisitor.visit(JP2KeYConverter.java:90)
	at com.github.javaparser.ast.stmt.ExplicitConstructorInvocationStmt.accept(ExplicitConstructorInvocationStmt.java:96)
	at de.uka.ilkd.key.java.JP2KeYVisitor.lambda$map$1(JP2KeYConverter.java:402)
	at java.base/java.util.stream.ReferencePipeline$3$1.accept(ReferencePipeline.java:195)
	at java.base/java.util.ArrayList$ArrayListSpliterator.forEachRemaining(ArrayList.java:1655)
	at java.base/java.util.stream.AbstractPipeline.copyInto(AbstractPipeline.java:484)
	at java.base/java.util.stream.AbstractPipeline.wrapAndCopyInto(AbstractPipeline.java:474)
	at java.base/java.util.stream.ReduceOps$ReduceOp.evaluateSequential(ReduceOps.java:913)
	at java.base/java.util.stream.AbstractPipeline.evaluate(AbstractPipeline.java:234)
	at java.base/java.util.stream.ReferencePipeline.collect(ReferencePipeline.java:578)
	at de.uka.ilkd.key.java.JP2KeYVisitor.map(JP2KeYConverter.java:403)
	at de.uka.ilkd.key.java.JP2KeYVisitor.visit(JP2KeYConverter.java:258)
	at de.uka.ilkd.key.java.JP2KeYVisitor.visit(JP2KeYConverter.java:90)
	at com.github.javaparser.ast.stmt.BlockStmt.accept(BlockStmt.java:70)
	at de.uka.ilkd.key.java.JP2KeYVisitor.lambda$map$1(JP2KeYConverter.java:402)
	at java.base/java.util.stream.ReferencePipeline$3$1.accept(ReferencePipeline.java:195)
	at java.base/java.util.ArrayList$ArrayListSpliterator.forEachRemaining(ArrayList.java:1655)
	at java.base/java.util.stream.AbstractPipeline.copyInto(AbstractPipeline.java:484)
	at java.base/java.util.stream.AbstractPipeline.wrapAndCopyInto(AbstractPipeline.java:474)
	at java.base/java.util.stream.ReduceOps$ReduceOp.evaluateSequential(ReduceOps.java:913)
	at java.base/java.util.stream.AbstractPipeline.evaluate(AbstractPipeline.java:234)
	at java.base/java.util.stream.ReferencePipeline.collect(ReferencePipeline.java:578)
	at de.uka.ilkd.key.java.JP2KeYVisitor.map(JP2KeYConverter.java:403)
	at de.uka.ilkd.key.java.JP2KeYVisitor.visit(JP2KeYConverter.java:258)
	at de.uka.ilkd.key.java.JP2KeYVisitor.visit(JP2KeYConverter.java:90)
	at com.github.javaparser.ast.stmt.BlockStmt.accept(BlockStmt.java:70)
	at de.uka.ilkd.key.java.JP2KeYVisitor.accept(JP2KeYConverter.java:348)
	at de.uka.ilkd.key.java.JP2KeYVisitor.visit(JP2KeYConverter.java:946)
	at de.uka.ilkd.key.java.JP2KeYVisitor.visit(JP2KeYConverter.java:90)
	at com.github.javaparser.ast.stmt.TryStmt.accept(TryStmt.java:135)
	at de.uka.ilkd.key.java.JP2KeYVisitor.lambda$map$1(JP2KeYConverter.java:402)
	at java.base/java.util.stream.ReferencePipeline$3$1.accept(ReferencePipeline.java:195)
	at java.base/java.util.ArrayList$ArrayListSpliterator.forEachRemaining(ArrayList.java:1655)
	at java.base/java.util.stream.AbstractPipeline.copyInto(AbstractPipeline.java:484)
	at java.base/java.util.stream.AbstractPipeline.wrapAndCopyInto(AbstractPipeline.java:474)
	at java.base/java.util.stream.ReduceOps$ReduceOp.evaluateSequential(ReduceOps.java:913)
	at java.base/java.util.stream.AbstractPipeline.evaluate(AbstractPipeline.java:234)
	at java.base/java.util.stream.ReferencePipeline.collect(ReferencePipeline.java:578)
	at de.uka.ilkd.key.java.JP2KeYVisitor.map(JP2KeYConverter.java:403)
	at de.uka.ilkd.key.java.JP2KeYVisitor.visit(JP2KeYConverter.java:258)
	at de.uka.ilkd.key.java.JP2KeYVisitor.visit(JP2KeYConverter.java:90)
	at com.github.javaparser.ast.stmt.BlockStmt.accept(BlockStmt.java:70)
	at de.uka.ilkd.key.java.JP2KeYVisitor.accept(JP2KeYConverter.java:348)
	at de.uka.ilkd.key.java.JP2KeYVisitor.visit(JP2KeYConverter.java:609)
	at de.uka.ilkd.key.java.JP2KeYVisitor.visit(JP2KeYConverter.java:90)
	at com.github.javaparser.ast.stmt.IfStmt.accept(IfStmt.java:82)
	at de.uka.ilkd.key.java.JP2KeYVisitor.lambda$map$1(JP2KeYConverter.java:402)
	at java.base/java.util.stream.ReferencePipeline$3$1.accept(ReferencePipeline.java:195)
	at java.base/java.util.ArrayList$ArrayListSpliterator.forEachRemaining(ArrayList.java:1655)
	at java.base/java.util.stream.AbstractPipeline.copyInto(AbstractPipeline.java:484)
	at java.base/java.util.stream.AbstractPipeline.wrapAndCopyInto(AbstractPipeline.java:474)
	at java.base/java.util.stream.ReduceOps$ReduceOp.evaluateSequential(ReduceOps.java:913)
	at java.base/java.util.stream.AbstractPipeline.evaluate(AbstractPipeline.java:234)
	at java.base/java.util.stream.ReferencePipeline.collect(ReferencePipeline.java:578)
	at de.uka.ilkd.key.java.JP2KeYVisitor.map(JP2KeYConverter.java:403)
	at de.uka.ilkd.key.java.JP2KeYVisitor.visit(JP2KeYConverter.java:258)
	at de.uka.ilkd.key.java.JP2KeYVisitor.visit(JP2KeYConverter.java:90)
	at com.github.javaparser.ast.stmt.BlockStmt.accept(BlockStmt.java:70)
	at de.uka.ilkd.key.java.JP2KeYVisitor.accept(JP2KeYConverter.java:348)
	at de.uka.ilkd.key.java.JP2KeYVisitor.visit(JP2KeYConverter.java:609)
	at de.uka.ilkd.key.java.JP2KeYVisitor.visit(JP2KeYConverter.java:90)
	at com.github.javaparser.ast.stmt.IfStmt.accept(IfStmt.java:82)
	at de.uka.ilkd.key.java.JP2KeYVisitor.lambda$map$1(JP2KeYConverter.java:402)
	at java.base/java.util.stream.ReferencePipeline$3$1.accept(ReferencePipeline.java:195)
	at java.base/java.util.ArrayList$ArrayListSpliterator.forEachRemaining(ArrayList.java:1655)
	at java.base/java.util.stream.AbstractPipeline.copyInto(AbstractPipeline.java:484)
	at java.base/java.util.stream.AbstractPipeline.wrapAndCopyInto(AbstractPipeline.java:474)
	at java.base/java.util.stream.ReduceOps$ReduceOp.evaluateSequential(ReduceOps.java:913)
	at java.base/java.util.stream.AbstractPipeline.evaluate(AbstractPipeline.java:234)
	at java.base/java.util.stream.ReferencePipeline.collect(ReferencePipeline.java:578)
	at de.uka.ilkd.key.java.JP2KeYVisitor.map(JP2KeYConverter.java:403)
	at de.uka.ilkd.key.java.JP2KeYVisitor.visit(JP2KeYConverter.java:258)
	at de.uka.ilkd.key.java.JP2KeYVisitor.visit(JP2KeYConverter.java:90)
	at com.github.javaparser.ast.stmt.BlockStmt.accept(BlockStmt.java:70)
	at de.uka.ilkd.key.java.JP2KeYVisitor.accept(JP2KeYConverter.java:348)
	at de.uka.ilkd.key.java.JP2KeYVisitor.accepto(JP2KeYConverter.java:418)
	at de.uka.ilkd.key.java.JP2KeYVisitor.visit(JP2KeYConverter.java:688)
	at de.uka.ilkd.key.java.JP2KeYVisitor.visit(JP2KeYConverter.java:90)
	at com.github.javaparser.ast.body.MethodDeclaration.accept(MethodDeclaration.java:98)
	at de.uka.ilkd.key.java.JP2KeYVisitor.lambda$map$1(JP2KeYConverter.java:402)
	at java.base/java.util.stream.ReferencePipeline$3$1.accept(ReferencePipeline.java:195)
	at java.base/java.util.ArrayList$ArrayListSpliterator.forEachRemaining(ArrayList.java:1655)
	at java.base/java.util.stream.AbstractPipeline.copyInto(AbstractPipeline.java:484)
	at java.base/java.util.stream.AbstractPipeline.wrapAndCopyInto(AbstractPipeline.java:474)
	at java.base/java.util.stream.ReduceOps$ReduceOp.evaluateSequential(ReduceOps.java:913)
	at java.base/java.util.stream.AbstractPipeline.evaluate(AbstractPipeline.java:234)
	at java.base/java.util.stream.ReferencePipeline.collect(ReferencePipeline.java:578)
	at de.uka.ilkd.key.java.JP2KeYVisitor.map(JP2KeYConverter.java:403)
	at de.uka.ilkd.key.java.JP2KeYVisitor.visit(JP2KeYConverter.java:310)
	at de.uka.ilkd.key.java.JP2KeYVisitor.visit(JP2KeYConverter.java:90)
	at com.github.javaparser.ast.body.ClassOrInterfaceDeclaration.accept(ClassOrInterfaceDeclaration.java:95)
	at de.uka.ilkd.key.java.JP2KeYVisitor.lambda$map$1(JP2KeYConverter.java:402)
	at java.base/java.util.stream.ReferencePipeline$3$1.accept(ReferencePipeline.java:195)
	at java.base/java.util.ArrayList$ArrayListSpliterator.forEachRemaining(ArrayList.java:1655)
	at java.base/java.util.stream.AbstractPipeline.copyInto(AbstractPipeline.java:484)
	at java.base/java.util.stream.AbstractPipeline.wrapAndCopyInto(AbstractPipeline.java:474)
	at java.base/java.util.stream.ReduceOps$ReduceOp.evaluateSequential(ReduceOps.java:913)
	at java.base/java.util.stream.AbstractPipeline.evaluate(AbstractPipeline.java:234)
	at java.base/java.util.stream.ReferencePipeline.collect(ReferencePipeline.java:578)
	at de.uka.ilkd.key.java.JP2KeYVisitor.map(JP2KeYConverter.java:403)
	at de.uka.ilkd.key.java.JP2KeYVisitor.visit(JP2KeYConverter.java:393)
	at de.uka.ilkd.key.java.JP2KeYVisitor.visit(JP2KeYConverter.java:90)
	at com.github.javaparser.ast.CompilationUnit.accept(CompilationUnit.java:124)
	at de.uka.ilkd.key.java.JP2KeYConverter.process(JP2KeYConverter.java:84)
	at de.uka.ilkd.key.java.JP2KeYConverter.processCompilationUnit(JP2KeYConverter.java:80)
	at de.uka.ilkd.key.java.JavaService.parseLibraryClasses0(JavaService.java:536)
	at de.uka.ilkd.key.java.JavaService.parseSpecialClasses(JavaService.java:511)
	at de.uka.ilkd.key.proof.init.ProblemInitializer.readJava(ProblemInitializer.java:280)
	at de.uka.ilkd.key.proof.init.ProblemInitializer.prepare(ProblemInitializer.java:529)
	at de.uka.ilkd.key.proof.init.ProblemInitializer.prepare(ProblemInitializer.java:471)
	at de.uka.ilkd.key.rule.TacletForTests.parse(TacletForTests.java:80)
	... 91 more
</failure>
  </testcase>
  <testcase name="testSuccTacletAllRight()" classname="de.uka.ilkd.key.rule.TestApplyTaclet" time="0.14">
    <failure message="java.lang.RuntimeException: Exception occurred while parsing src\test\resources\testcase\testrules.key" type="java.lang.RuntimeException">java.lang.RuntimeException: Exception occurred while parsing src\test\resources\testcase\testrules.key
	at de.uka.ilkd.key.rule.TacletForTests.parse(TacletForTests.java:89)
	at de.uka.ilkd.key.rule.TacletForTests.parse(TacletForTests.java:125)
	at de.uka.ilkd.key.rule.TacletForTests.parse(TacletForTests.java:129)
	at de.uka.ilkd.key.rule.TestApplyTaclet.setUp(TestApplyTaclet.java:75)
	at java.base/jdk.internal.reflect.NativeMethodAccessorImpl.invoke0(Native Method)
	at java.base/jdk.internal.reflect.NativeMethodAccessorImpl.invoke(NativeMethodAccessorImpl.java:62)
	at java.base/jdk.internal.reflect.DelegatingMethodAccessorImpl.invoke(DelegatingMethodAccessorImpl.java:43)
	at java.base/java.lang.reflect.Method.invoke(Method.java:566)
	at org.junit.platform.commons.util.ReflectionUtils.invokeMethod(ReflectionUtils.java:727)
	at org.junit.jupiter.engine.execution.MethodInvocation.proceed(MethodInvocation.java:60)
	at org.junit.jupiter.engine.execution.InvocationInterceptorChain$ValidatingInvocation.proceed(InvocationInterceptorChain.java:131)
	at org.junit.jupiter.engine.extension.TimeoutExtension.intercept(TimeoutExtension.java:156)
	at org.junit.jupiter.engine.extension.TimeoutExtension.interceptLifecycleMethod(TimeoutExtension.java:128)
	at org.junit.jupiter.engine.extension.TimeoutExtension.interceptBeforeEachMethod(TimeoutExtension.java:78)
	at org.junit.jupiter.engine.execution.InterceptingExecutableInvoker$ReflectiveInterceptorCall.lambda$ofVoidMethod$0(InterceptingExecutableInvoker.java:103)
	at org.junit.jupiter.engine.execution.InterceptingExecutableInvoker.lambda$invoke$0(InterceptingExecutableInvoker.java:93)
	at org.junit.jupiter.engine.execution.InvocationInterceptorChain$InterceptedInvocation.proceed(InvocationInterceptorChain.java:106)
	at org.junit.jupiter.engine.execution.InvocationInterceptorChain.proceed(InvocationInterceptorChain.java:64)
	at org.junit.jupiter.engine.execution.InvocationInterceptorChain.chainAndInvoke(InvocationInterceptorChain.java:45)
	at org.junit.jupiter.engine.execution.InvocationInterceptorChain.invoke(InvocationInterceptorChain.java:37)
	at org.junit.jupiter.engine.execution.InterceptingExecutableInvoker.invoke(InterceptingExecutableInvoker.java:92)
	at org.junit.jupiter.engine.execution.InterceptingExecutableInvoker.invoke(InterceptingExecutableInvoker.java:86)
	at org.junit.jupiter.engine.descriptor.ClassBasedTestDescriptor.invokeMethodInExtensionContext(ClassBasedTestDescriptor.java:520)
	at org.junit.jupiter.engine.descriptor.ClassBasedTestDescriptor.lambda$synthesizeBeforeEachMethodAdapter$23(ClassBasedTestDescriptor.java:505)
	at org.junit.jupiter.engine.descriptor.TestMethodTestDescriptor.lambda$invokeBeforeEachMethods$3(TestMethodTestDescriptor.java:174)
	at org.junit.jupiter.engine.descriptor.TestMethodTestDescriptor.lambda$invokeBeforeMethodsOrCallbacksUntilExceptionOccurs$6(TestMethodTestDescriptor.java:202)
	at org.junit.platform.engine.support.hierarchical.ThrowableCollector.execute(ThrowableCollector.java:73)
	at org.junit.jupiter.engine.descriptor.TestMethodTestDescriptor.invokeBeforeMethodsOrCallbacksUntilExceptionOccurs(TestMethodTestDescriptor.java:202)
	at org.junit.jupiter.engine.descriptor.TestMethodTestDescriptor.invokeBeforeEachMethods(TestMethodTestDescriptor.java:171)
	at org.junit.jupiter.engine.descriptor.TestMethodTestDescriptor.execute(TestMethodTestDescriptor.java:134)
	at org.junit.jupiter.engine.descriptor.TestMethodTestDescriptor.execute(TestMethodTestDescriptor.java:68)
	at org.junit.platform.engine.support.hierarchical.NodeTestTask.lambda$executeRecursively$6(NodeTestTask.java:151)
	at org.junit.platform.engine.support.hierarchical.ThrowableCollector.execute(ThrowableCollector.java:73)
	at org.junit.platform.engine.support.hierarchical.NodeTestTask.lambda$executeRecursively$8(NodeTestTask.java:141)
	at org.junit.platform.engine.support.hierarchical.Node.around(Node.java:137)
	at org.junit.platform.engine.support.hierarchical.NodeTestTask.lambda$executeRecursively$9(NodeTestTask.java:139)
	at org.junit.platform.engine.support.hierarchical.ThrowableCollector.execute(ThrowableCollector.java:73)
	at org.junit.platform.engine.support.hierarchical.NodeTestTask.executeRecursively(NodeTestTask.java:138)
	at org.junit.platform.engine.support.hierarchical.NodeTestTask.execute(NodeTestTask.java:95)
	at java.base/java.util.ArrayList.forEach(ArrayList.java:1541)
	at org.junit.platform.engine.support.hierarchical.SameThreadHierarchicalTestExecutorService.invokeAll(SameThreadHierarchicalTestExecutorService.java:41)
	at org.junit.platform.engine.support.hierarchical.NodeTestTask.lambda$executeRecursively$6(NodeTestTask.java:155)
	at org.junit.platform.engine.support.hierarchical.ThrowableCollector.execute(ThrowableCollector.java:73)
	at org.junit.platform.engine.support.hierarchical.NodeTestTask.lambda$executeRecursively$8(NodeTestTask.java:141)
	at org.junit.platform.engine.support.hierarchical.Node.around(Node.java:137)
	at org.junit.platform.engine.support.hierarchical.NodeTestTask.lambda$executeRecursively$9(NodeTestTask.java:139)
	at org.junit.platform.engine.support.hierarchical.ThrowableCollector.execute(ThrowableCollector.java:73)
	at org.junit.platform.engine.support.hierarchical.NodeTestTask.executeRecursively(NodeTestTask.java:138)
	at org.junit.platform.engine.support.hierarchical.NodeTestTask.execute(NodeTestTask.java:95)
	at java.base/java.util.ArrayList.forEach(ArrayList.java:1541)
	at org.junit.platform.engine.support.hierarchical.SameThreadHierarchicalTestExecutorService.invokeAll(SameThreadHierarchicalTestExecutorService.java:41)
	at org.junit.platform.engine.support.hierarchical.NodeTestTask.lambda$executeRecursively$6(NodeTestTask.java:155)
	at org.junit.platform.engine.support.hierarchical.ThrowableCollector.execute(ThrowableCollector.java:73)
	at org.junit.platform.engine.support.hierarchical.NodeTestTask.lambda$executeRecursively$8(NodeTestTask.java:141)
	at org.junit.platform.engine.support.hierarchical.Node.around(Node.java:137)
	at org.junit.platform.engine.support.hierarchical.NodeTestTask.lambda$executeRecursively$9(NodeTestTask.java:139)
	at org.junit.platform.engine.support.hierarchical.ThrowableCollector.execute(ThrowableCollector.java:73)
	at org.junit.platform.engine.support.hierarchical.NodeTestTask.executeRecursively(NodeTestTask.java:138)
	at org.junit.platform.engine.support.hierarchical.NodeTestTask.execute(NodeTestTask.java:95)
	at org.junit.platform.engine.support.hierarchical.SameThreadHierarchicalTestExecutorService.submit(SameThreadHierarchicalTestExecutorService.java:35)
	at org.junit.platform.engine.support.hierarchical.HierarchicalTestExecutor.execute(HierarchicalTestExecutor.java:57)
	at org.junit.platform.engine.support.hierarchical.HierarchicalTestEngine.execute(HierarchicalTestEngine.java:54)
	at org.junit.platform.launcher.core.EngineExecutionOrchestrator.execute(EngineExecutionOrchestrator.java:107)
	at org.junit.platform.launcher.core.EngineExecutionOrchestrator.execute(EngineExecutionOrchestrator.java:88)
	at org.junit.platform.launcher.core.EngineExecutionOrchestrator.lambda$execute$0(EngineExecutionOrchestrator.java:54)
	at org.junit.platform.launcher.core.EngineExecutionOrchestrator.withInterceptedStreams(EngineExecutionOrchestrator.java:67)
	at org.junit.platform.launcher.core.EngineExecutionOrchestrator.execute(EngineExecutionOrchestrator.java:52)
	at org.junit.platform.launcher.core.DefaultLauncher.execute(DefaultLauncher.java:114)
	at org.junit.platform.launcher.core.DefaultLauncher.execute(DefaultLauncher.java:86)
	at org.junit.platform.launcher.core.DefaultLauncherSession$DelegatingLauncher.execute(DefaultLauncherSession.java:86)
	at org.gradle.api.internal.tasks.testing.junitplatform.JUnitPlatformTestClassProcessor$CollectAllTestClassesExecutor.processAllTestClasses(JUnitPlatformTestClassProcessor.java:110)
	at org.gradle.api.internal.tasks.testing.junitplatform.JUnitPlatformTestClassProcessor$CollectAllTestClassesExecutor.access$000(JUnitPlatformTestClassProcessor.java:90)
	at org.gradle.api.internal.tasks.testing.junitplatform.JUnitPlatformTestClassProcessor.stop(JUnitPlatformTestClassProcessor.java:85)
	at org.gradle.api.internal.tasks.testing.SuiteTestClassProcessor.stop(SuiteTestClassProcessor.java:62)
	at java.base/jdk.internal.reflect.NativeMethodAccessorImpl.invoke0(Native Method)
	at java.base/jdk.internal.reflect.NativeMethodAccessorImpl.invoke(NativeMethodAccessorImpl.java:62)
	at java.base/jdk.internal.reflect.DelegatingMethodAccessorImpl.invoke(DelegatingMethodAccessorImpl.java:43)
	at java.base/java.lang.reflect.Method.invoke(Method.java:566)
	at org.gradle.internal.dispatch.ReflectionDispatch.dispatch(ReflectionDispatch.java:36)
	at org.gradle.internal.dispatch.ReflectionDispatch.dispatch(ReflectionDispatch.java:24)
	at org.gradle.internal.dispatch.ContextClassLoaderDispatch.dispatch(ContextClassLoaderDispatch.java:33)
	at org.gradle.internal.dispatch.ProxyDispatchAdapter$DispatchingInvocationHandler.invoke(ProxyDispatchAdapter.java:94)
	at com.sun.proxy.$Proxy5.stop(Unknown Source)
	at org.gradle.api.internal.tasks.testing.worker.TestWorker$3.run(TestWorker.java:193)
	at org.gradle.api.internal.tasks.testing.worker.TestWorker.executeAndMaintainThreadName(TestWorker.java:129)
	at org.gradle.api.internal.tasks.testing.worker.TestWorker.execute(TestWorker.java:100)
	at org.gradle.api.internal.tasks.testing.worker.TestWorker.execute(TestWorker.java:60)
	at org.gradle.process.internal.worker.child.ActionExecutionWorker.execute(ActionExecutionWorker.java:56)
	at org.gradle.process.internal.worker.child.SystemApplicationClassLoaderWorker.call(SystemApplicationClassLoaderWorker.java:113)
	at org.gradle.process.internal.worker.child.SystemApplicationClassLoaderWorker.call(SystemApplicationClassLoaderWorker.java:65)
	at worker.org.gradle.process.internal.worker.GradleWorkerMain.run(GradleWorkerMain.java:69)
	at worker.org.gradle.process.internal.worker.GradleWorkerMain.main(GradleWorkerMain.java:74)
Caused by: UnsolvedSymbolException{context='arg0', name='Solving arg0', cause='null'}
	at com.github.javaparser.symbolsolver.javaparsermodel.TypeExtractor.visit(TypeExtractor.java:335)
	at com.github.javaparser.symbolsolver.javaparsermodel.TypeExtractor.visit(TypeExtractor.java:65)
	at com.github.javaparser.ast.expr.NameExpr.accept(NameExpr.java:79)
	at com.github.javaparser.symbolsolver.javaparsermodel.JavaParserFacade.getTypeConcrete(JavaParserFacade.java:505)
	at com.github.javaparser.symbolsolver.javaparsermodel.JavaParserFacade.getType(JavaParserFacade.java:352)
	at com.github.javaparser.symbolsolver.javaparsermodel.JavaParserFacade.getType(JavaParserFacade.java:334)
	at com.github.javaparser.symbolsolver.JavaSymbolSolver.calculateType(JavaSymbolSolver.java:294)
	at com.github.javaparser.ast.expr.Expression.calculateResolvedType(Expression.java:573)
	at de.uka.ilkd.key.java.JP2KeYVisitor.visit(JP2KeYConverter.java:707)
	at de.uka.ilkd.key.java.JP2KeYVisitor.visit(JP2KeYConverter.java:90)
	at com.github.javaparser.ast.expr.NameExpr.accept(NameExpr.java:79)
	at de.uka.ilkd.key.java.JP2KeYVisitor.lambda$map$1(JP2KeYConverter.java:402)
	at java.base/java.util.stream.ReferencePipeline$3$1.accept(ReferencePipeline.java:195)
	at java.base/java.util.ArrayList$ArrayListSpliterator.forEachRemaining(ArrayList.java:1655)
	at java.base/java.util.stream.AbstractPipeline.copyInto(AbstractPipeline.java:484)
	at java.base/java.util.stream.AbstractPipeline.wrapAndCopyInto(AbstractPipeline.java:474)
	at java.base/java.util.stream.ReduceOps$ReduceOp.evaluateSequential(ReduceOps.java:913)
	at java.base/java.util.stream.AbstractPipeline.evaluate(AbstractPipeline.java:234)
	at java.base/java.util.stream.ReferencePipeline.collect(ReferencePipeline.java:578)
	at de.uka.ilkd.key.java.JP2KeYVisitor.map(JP2KeYConverter.java:403)
	at de.uka.ilkd.key.java.JP2KeYVisitor.visit(JP2KeYConverter.java:506)
	at de.uka.ilkd.key.java.JP2KeYVisitor.visit(JP2KeYConverter.java:90)
	at com.github.javaparser.ast.stmt.ExplicitConstructorInvocationStmt.accept(ExplicitConstructorInvocationStmt.java:96)
	at de.uka.ilkd.key.java.JP2KeYVisitor.lambda$map$1(JP2KeYConverter.java:402)
	at java.base/java.util.stream.ReferencePipeline$3$1.accept(ReferencePipeline.java:195)
	at java.base/java.util.ArrayList$ArrayListSpliterator.forEachRemaining(ArrayList.java:1655)
	at java.base/java.util.stream.AbstractPipeline.copyInto(AbstractPipeline.java:484)
	at java.base/java.util.stream.AbstractPipeline.wrapAndCopyInto(AbstractPipeline.java:474)
	at java.base/java.util.stream.ReduceOps$ReduceOp.evaluateSequential(ReduceOps.java:913)
	at java.base/java.util.stream.AbstractPipeline.evaluate(AbstractPipeline.java:234)
	at java.base/java.util.stream.ReferencePipeline.collect(ReferencePipeline.java:578)
	at de.uka.ilkd.key.java.JP2KeYVisitor.map(JP2KeYConverter.java:403)
	at de.uka.ilkd.key.java.JP2KeYVisitor.visit(JP2KeYConverter.java:258)
	at de.uka.ilkd.key.java.JP2KeYVisitor.visit(JP2KeYConverter.java:90)
	at com.github.javaparser.ast.stmt.BlockStmt.accept(BlockStmt.java:70)
	at de.uka.ilkd.key.java.JP2KeYVisitor.lambda$map$1(JP2KeYConverter.java:402)
	at java.base/java.util.stream.ReferencePipeline$3$1.accept(ReferencePipeline.java:195)
	at java.base/java.util.ArrayList$ArrayListSpliterator.forEachRemaining(ArrayList.java:1655)
	at java.base/java.util.stream.AbstractPipeline.copyInto(AbstractPipeline.java:484)
	at java.base/java.util.stream.AbstractPipeline.wrapAndCopyInto(AbstractPipeline.java:474)
	at java.base/java.util.stream.ReduceOps$ReduceOp.evaluateSequential(ReduceOps.java:913)
	at java.base/java.util.stream.AbstractPipeline.evaluate(AbstractPipeline.java:234)
	at java.base/java.util.stream.ReferencePipeline.collect(ReferencePipeline.java:578)
	at de.uka.ilkd.key.java.JP2KeYVisitor.map(JP2KeYConverter.java:403)
	at de.uka.ilkd.key.java.JP2KeYVisitor.visit(JP2KeYConverter.java:258)
	at de.uka.ilkd.key.java.JP2KeYVisitor.visit(JP2KeYConverter.java:90)
	at com.github.javaparser.ast.stmt.BlockStmt.accept(BlockStmt.java:70)
	at de.uka.ilkd.key.java.JP2KeYVisitor.accept(JP2KeYConverter.java:348)
	at de.uka.ilkd.key.java.JP2KeYVisitor.visit(JP2KeYConverter.java:946)
	at de.uka.ilkd.key.java.JP2KeYVisitor.visit(JP2KeYConverter.java:90)
	at com.github.javaparser.ast.stmt.TryStmt.accept(TryStmt.java:135)
	at de.uka.ilkd.key.java.JP2KeYVisitor.lambda$map$1(JP2KeYConverter.java:402)
	at java.base/java.util.stream.ReferencePipeline$3$1.accept(ReferencePipeline.java:195)
	at java.base/java.util.ArrayList$ArrayListSpliterator.forEachRemaining(ArrayList.java:1655)
	at java.base/java.util.stream.AbstractPipeline.copyInto(AbstractPipeline.java:484)
	at java.base/java.util.stream.AbstractPipeline.wrapAndCopyInto(AbstractPipeline.java:474)
	at java.base/java.util.stream.ReduceOps$ReduceOp.evaluateSequential(ReduceOps.java:913)
	at java.base/java.util.stream.AbstractPipeline.evaluate(AbstractPipeline.java:234)
	at java.base/java.util.stream.ReferencePipeline.collect(ReferencePipeline.java:578)
	at de.uka.ilkd.key.java.JP2KeYVisitor.map(JP2KeYConverter.java:403)
	at de.uka.ilkd.key.java.JP2KeYVisitor.visit(JP2KeYConverter.java:258)
	at de.uka.ilkd.key.java.JP2KeYVisitor.visit(JP2KeYConverter.java:90)
	at com.github.javaparser.ast.stmt.BlockStmt.accept(BlockStmt.java:70)
	at de.uka.ilkd.key.java.JP2KeYVisitor.accept(JP2KeYConverter.java:348)
	at de.uka.ilkd.key.java.JP2KeYVisitor.visit(JP2KeYConverter.java:609)
	at de.uka.ilkd.key.java.JP2KeYVisitor.visit(JP2KeYConverter.java:90)
	at com.github.javaparser.ast.stmt.IfStmt.accept(IfStmt.java:82)
	at de.uka.ilkd.key.java.JP2KeYVisitor.lambda$map$1(JP2KeYConverter.java:402)
	at java.base/java.util.stream.ReferencePipeline$3$1.accept(ReferencePipeline.java:195)
	at java.base/java.util.ArrayList$ArrayListSpliterator.forEachRemaining(ArrayList.java:1655)
	at java.base/java.util.stream.AbstractPipeline.copyInto(AbstractPipeline.java:484)
	at java.base/java.util.stream.AbstractPipeline.wrapAndCopyInto(AbstractPipeline.java:474)
	at java.base/java.util.stream.ReduceOps$ReduceOp.evaluateSequential(ReduceOps.java:913)
	at java.base/java.util.stream.AbstractPipeline.evaluate(AbstractPipeline.java:234)
	at java.base/java.util.stream.ReferencePipeline.collect(ReferencePipeline.java:578)
	at de.uka.ilkd.key.java.JP2KeYVisitor.map(JP2KeYConverter.java:403)
	at de.uka.ilkd.key.java.JP2KeYVisitor.visit(JP2KeYConverter.java:258)
	at de.uka.ilkd.key.java.JP2KeYVisitor.visit(JP2KeYConverter.java:90)
	at com.github.javaparser.ast.stmt.BlockStmt.accept(BlockStmt.java:70)
	at de.uka.ilkd.key.java.JP2KeYVisitor.accept(JP2KeYConverter.java:348)
	at de.uka.ilkd.key.java.JP2KeYVisitor.visit(JP2KeYConverter.java:609)
	at de.uka.ilkd.key.java.JP2KeYVisitor.visit(JP2KeYConverter.java:90)
	at com.github.javaparser.ast.stmt.IfStmt.accept(IfStmt.java:82)
	at de.uka.ilkd.key.java.JP2KeYVisitor.lambda$map$1(JP2KeYConverter.java:402)
	at java.base/java.util.stream.ReferencePipeline$3$1.accept(ReferencePipeline.java:195)
	at java.base/java.util.ArrayList$ArrayListSpliterator.forEachRemaining(ArrayList.java:1655)
	at java.base/java.util.stream.AbstractPipeline.copyInto(AbstractPipeline.java:484)
	at java.base/java.util.stream.AbstractPipeline.wrapAndCopyInto(AbstractPipeline.java:474)
	at java.base/java.util.stream.ReduceOps$ReduceOp.evaluateSequential(ReduceOps.java:913)
	at java.base/java.util.stream.AbstractPipeline.evaluate(AbstractPipeline.java:234)
	at java.base/java.util.stream.ReferencePipeline.collect(ReferencePipeline.java:578)
	at de.uka.ilkd.key.java.JP2KeYVisitor.map(JP2KeYConverter.java:403)
	at de.uka.ilkd.key.java.JP2KeYVisitor.visit(JP2KeYConverter.java:258)
	at de.uka.ilkd.key.java.JP2KeYVisitor.visit(JP2KeYConverter.java:90)
	at com.github.javaparser.ast.stmt.BlockStmt.accept(BlockStmt.java:70)
	at de.uka.ilkd.key.java.JP2KeYVisitor.accept(JP2KeYConverter.java:348)
	at de.uka.ilkd.key.java.JP2KeYVisitor.accepto(JP2KeYConverter.java:418)
	at de.uka.ilkd.key.java.JP2KeYVisitor.visit(JP2KeYConverter.java:688)
	at de.uka.ilkd.key.java.JP2KeYVisitor.visit(JP2KeYConverter.java:90)
	at com.github.javaparser.ast.body.MethodDeclaration.accept(MethodDeclaration.java:98)
	at de.uka.ilkd.key.java.JP2KeYVisitor.lambda$map$1(JP2KeYConverter.java:402)
	at java.base/java.util.stream.ReferencePipeline$3$1.accept(ReferencePipeline.java:195)
	at java.base/java.util.ArrayList$ArrayListSpliterator.forEachRemaining(ArrayList.java:1655)
	at java.base/java.util.stream.AbstractPipeline.copyInto(AbstractPipeline.java:484)
	at java.base/java.util.stream.AbstractPipeline.wrapAndCopyInto(AbstractPipeline.java:474)
	at java.base/java.util.stream.ReduceOps$ReduceOp.evaluateSequential(ReduceOps.java:913)
	at java.base/java.util.stream.AbstractPipeline.evaluate(AbstractPipeline.java:234)
	at java.base/java.util.stream.ReferencePipeline.collect(ReferencePipeline.java:578)
	at de.uka.ilkd.key.java.JP2KeYVisitor.map(JP2KeYConverter.java:403)
	at de.uka.ilkd.key.java.JP2KeYVisitor.visit(JP2KeYConverter.java:310)
	at de.uka.ilkd.key.java.JP2KeYVisitor.visit(JP2KeYConverter.java:90)
	at com.github.javaparser.ast.body.ClassOrInterfaceDeclaration.accept(ClassOrInterfaceDeclaration.java:95)
	at de.uka.ilkd.key.java.JP2KeYVisitor.lambda$map$1(JP2KeYConverter.java:402)
	at java.base/java.util.stream.ReferencePipeline$3$1.accept(ReferencePipeline.java:195)
	at java.base/java.util.ArrayList$ArrayListSpliterator.forEachRemaining(ArrayList.java:1655)
	at java.base/java.util.stream.AbstractPipeline.copyInto(AbstractPipeline.java:484)
	at java.base/java.util.stream.AbstractPipeline.wrapAndCopyInto(AbstractPipeline.java:474)
	at java.base/java.util.stream.ReduceOps$ReduceOp.evaluateSequential(ReduceOps.java:913)
	at java.base/java.util.stream.AbstractPipeline.evaluate(AbstractPipeline.java:234)
	at java.base/java.util.stream.ReferencePipeline.collect(ReferencePipeline.java:578)
	at de.uka.ilkd.key.java.JP2KeYVisitor.map(JP2KeYConverter.java:403)
	at de.uka.ilkd.key.java.JP2KeYVisitor.visit(JP2KeYConverter.java:393)
	at de.uka.ilkd.key.java.JP2KeYVisitor.visit(JP2KeYConverter.java:90)
	at com.github.javaparser.ast.CompilationUnit.accept(CompilationUnit.java:124)
	at de.uka.ilkd.key.java.JP2KeYConverter.process(JP2KeYConverter.java:84)
	at de.uka.ilkd.key.java.JP2KeYConverter.processCompilationUnit(JP2KeYConverter.java:80)
	at de.uka.ilkd.key.java.JavaService.parseLibraryClasses0(JavaService.java:536)
	at de.uka.ilkd.key.java.JavaService.parseSpecialClasses(JavaService.java:511)
	at de.uka.ilkd.key.proof.init.ProblemInitializer.readJava(ProblemInitializer.java:280)
	at de.uka.ilkd.key.proof.init.ProblemInitializer.prepare(ProblemInitializer.java:529)
	at de.uka.ilkd.key.proof.init.ProblemInitializer.prepare(ProblemInitializer.java:471)
	at de.uka.ilkd.key.rule.TacletForTests.parse(TacletForTests.java:80)
	... 91 more
</failure>
  </testcase>
  <testcase name="testTacletVariableCollector()" classname="de.uka.ilkd.key.rule.TestApplyTaclet" time="0.223">
    <failure message="java.lang.RuntimeException: Exception occurred while parsing src\test\resources\testcase\testrules.key" type="java.lang.RuntimeException">java.lang.RuntimeException: Exception occurred while parsing src\test\resources\testcase\testrules.key
	at de.uka.ilkd.key.rule.TacletForTests.parse(TacletForTests.java:89)
	at de.uka.ilkd.key.rule.TacletForTests.parse(TacletForTests.java:125)
	at de.uka.ilkd.key.rule.TacletForTests.parse(TacletForTests.java:129)
	at de.uka.ilkd.key.rule.TestApplyTaclet.setUp(TestApplyTaclet.java:75)
	at java.base/jdk.internal.reflect.NativeMethodAccessorImpl.invoke0(Native Method)
	at java.base/jdk.internal.reflect.NativeMethodAccessorImpl.invoke(NativeMethodAccessorImpl.java:62)
	at java.base/jdk.internal.reflect.DelegatingMethodAccessorImpl.invoke(DelegatingMethodAccessorImpl.java:43)
	at java.base/java.lang.reflect.Method.invoke(Method.java:566)
	at org.junit.platform.commons.util.ReflectionUtils.invokeMethod(ReflectionUtils.java:727)
	at org.junit.jupiter.engine.execution.MethodInvocation.proceed(MethodInvocation.java:60)
	at org.junit.jupiter.engine.execution.InvocationInterceptorChain$ValidatingInvocation.proceed(InvocationInterceptorChain.java:131)
	at org.junit.jupiter.engine.extension.TimeoutExtension.intercept(TimeoutExtension.java:156)
	at org.junit.jupiter.engine.extension.TimeoutExtension.interceptLifecycleMethod(TimeoutExtension.java:128)
	at org.junit.jupiter.engine.extension.TimeoutExtension.interceptBeforeEachMethod(TimeoutExtension.java:78)
	at org.junit.jupiter.engine.execution.InterceptingExecutableInvoker$ReflectiveInterceptorCall.lambda$ofVoidMethod$0(InterceptingExecutableInvoker.java:103)
	at org.junit.jupiter.engine.execution.InterceptingExecutableInvoker.lambda$invoke$0(InterceptingExecutableInvoker.java:93)
	at org.junit.jupiter.engine.execution.InvocationInterceptorChain$InterceptedInvocation.proceed(InvocationInterceptorChain.java:106)
	at org.junit.jupiter.engine.execution.InvocationInterceptorChain.proceed(InvocationInterceptorChain.java:64)
	at org.junit.jupiter.engine.execution.InvocationInterceptorChain.chainAndInvoke(InvocationInterceptorChain.java:45)
	at org.junit.jupiter.engine.execution.InvocationInterceptorChain.invoke(InvocationInterceptorChain.java:37)
	at org.junit.jupiter.engine.execution.InterceptingExecutableInvoker.invoke(InterceptingExecutableInvoker.java:92)
	at org.junit.jupiter.engine.execution.InterceptingExecutableInvoker.invoke(InterceptingExecutableInvoker.java:86)
	at org.junit.jupiter.engine.descriptor.ClassBasedTestDescriptor.invokeMethodInExtensionContext(ClassBasedTestDescriptor.java:520)
	at org.junit.jupiter.engine.descriptor.ClassBasedTestDescriptor.lambda$synthesizeBeforeEachMethodAdapter$23(ClassBasedTestDescriptor.java:505)
	at org.junit.jupiter.engine.descriptor.TestMethodTestDescriptor.lambda$invokeBeforeEachMethods$3(TestMethodTestDescriptor.java:174)
	at org.junit.jupiter.engine.descriptor.TestMethodTestDescriptor.lambda$invokeBeforeMethodsOrCallbacksUntilExceptionOccurs$6(TestMethodTestDescriptor.java:202)
	at org.junit.platform.engine.support.hierarchical.ThrowableCollector.execute(ThrowableCollector.java:73)
	at org.junit.jupiter.engine.descriptor.TestMethodTestDescriptor.invokeBeforeMethodsOrCallbacksUntilExceptionOccurs(TestMethodTestDescriptor.java:202)
	at org.junit.jupiter.engine.descriptor.TestMethodTestDescriptor.invokeBeforeEachMethods(TestMethodTestDescriptor.java:171)
	at org.junit.jupiter.engine.descriptor.TestMethodTestDescriptor.execute(TestMethodTestDescriptor.java:134)
	at org.junit.jupiter.engine.descriptor.TestMethodTestDescriptor.execute(TestMethodTestDescriptor.java:68)
	at org.junit.platform.engine.support.hierarchical.NodeTestTask.lambda$executeRecursively$6(NodeTestTask.java:151)
	at org.junit.platform.engine.support.hierarchical.ThrowableCollector.execute(ThrowableCollector.java:73)
	at org.junit.platform.engine.support.hierarchical.NodeTestTask.lambda$executeRecursively$8(NodeTestTask.java:141)
	at org.junit.platform.engine.support.hierarchical.Node.around(Node.java:137)
	at org.junit.platform.engine.support.hierarchical.NodeTestTask.lambda$executeRecursively$9(NodeTestTask.java:139)
	at org.junit.platform.engine.support.hierarchical.ThrowableCollector.execute(ThrowableCollector.java:73)
	at org.junit.platform.engine.support.hierarchical.NodeTestTask.executeRecursively(NodeTestTask.java:138)
	at org.junit.platform.engine.support.hierarchical.NodeTestTask.execute(NodeTestTask.java:95)
	at java.base/java.util.ArrayList.forEach(ArrayList.java:1541)
	at org.junit.platform.engine.support.hierarchical.SameThreadHierarchicalTestExecutorService.invokeAll(SameThreadHierarchicalTestExecutorService.java:41)
	at org.junit.platform.engine.support.hierarchical.NodeTestTask.lambda$executeRecursively$6(NodeTestTask.java:155)
	at org.junit.platform.engine.support.hierarchical.ThrowableCollector.execute(ThrowableCollector.java:73)
	at org.junit.platform.engine.support.hierarchical.NodeTestTask.lambda$executeRecursively$8(NodeTestTask.java:141)
	at org.junit.platform.engine.support.hierarchical.Node.around(Node.java:137)
	at org.junit.platform.engine.support.hierarchical.NodeTestTask.lambda$executeRecursively$9(NodeTestTask.java:139)
	at org.junit.platform.engine.support.hierarchical.ThrowableCollector.execute(ThrowableCollector.java:73)
	at org.junit.platform.engine.support.hierarchical.NodeTestTask.executeRecursively(NodeTestTask.java:138)
	at org.junit.platform.engine.support.hierarchical.NodeTestTask.execute(NodeTestTask.java:95)
	at java.base/java.util.ArrayList.forEach(ArrayList.java:1541)
	at org.junit.platform.engine.support.hierarchical.SameThreadHierarchicalTestExecutorService.invokeAll(SameThreadHierarchicalTestExecutorService.java:41)
	at org.junit.platform.engine.support.hierarchical.NodeTestTask.lambda$executeRecursively$6(NodeTestTask.java:155)
	at org.junit.platform.engine.support.hierarchical.ThrowableCollector.execute(ThrowableCollector.java:73)
	at org.junit.platform.engine.support.hierarchical.NodeTestTask.lambda$executeRecursively$8(NodeTestTask.java:141)
	at org.junit.platform.engine.support.hierarchical.Node.around(Node.java:137)
	at org.junit.platform.engine.support.hierarchical.NodeTestTask.lambda$executeRecursively$9(NodeTestTask.java:139)
	at org.junit.platform.engine.support.hierarchical.ThrowableCollector.execute(ThrowableCollector.java:73)
	at org.junit.platform.engine.support.hierarchical.NodeTestTask.executeRecursively(NodeTestTask.java:138)
	at org.junit.platform.engine.support.hierarchical.NodeTestTask.execute(NodeTestTask.java:95)
	at org.junit.platform.engine.support.hierarchical.SameThreadHierarchicalTestExecutorService.submit(SameThreadHierarchicalTestExecutorService.java:35)
	at org.junit.platform.engine.support.hierarchical.HierarchicalTestExecutor.execute(HierarchicalTestExecutor.java:57)
	at org.junit.platform.engine.support.hierarchical.HierarchicalTestEngine.execute(HierarchicalTestEngine.java:54)
	at org.junit.platform.launcher.core.EngineExecutionOrchestrator.execute(EngineExecutionOrchestrator.java:107)
	at org.junit.platform.launcher.core.EngineExecutionOrchestrator.execute(EngineExecutionOrchestrator.java:88)
	at org.junit.platform.launcher.core.EngineExecutionOrchestrator.lambda$execute$0(EngineExecutionOrchestrator.java:54)
	at org.junit.platform.launcher.core.EngineExecutionOrchestrator.withInterceptedStreams(EngineExecutionOrchestrator.java:67)
	at org.junit.platform.launcher.core.EngineExecutionOrchestrator.execute(EngineExecutionOrchestrator.java:52)
	at org.junit.platform.launcher.core.DefaultLauncher.execute(DefaultLauncher.java:114)
	at org.junit.platform.launcher.core.DefaultLauncher.execute(DefaultLauncher.java:86)
	at org.junit.platform.launcher.core.DefaultLauncherSession$DelegatingLauncher.execute(DefaultLauncherSession.java:86)
	at org.gradle.api.internal.tasks.testing.junitplatform.JUnitPlatformTestClassProcessor$CollectAllTestClassesExecutor.processAllTestClasses(JUnitPlatformTestClassProcessor.java:110)
	at org.gradle.api.internal.tasks.testing.junitplatform.JUnitPlatformTestClassProcessor$CollectAllTestClassesExecutor.access$000(JUnitPlatformTestClassProcessor.java:90)
	at org.gradle.api.internal.tasks.testing.junitplatform.JUnitPlatformTestClassProcessor.stop(JUnitPlatformTestClassProcessor.java:85)
	at org.gradle.api.internal.tasks.testing.SuiteTestClassProcessor.stop(SuiteTestClassProcessor.java:62)
	at java.base/jdk.internal.reflect.NativeMethodAccessorImpl.invoke0(Native Method)
	at java.base/jdk.internal.reflect.NativeMethodAccessorImpl.invoke(NativeMethodAccessorImpl.java:62)
	at java.base/jdk.internal.reflect.DelegatingMethodAccessorImpl.invoke(DelegatingMethodAccessorImpl.java:43)
	at java.base/java.lang.reflect.Method.invoke(Method.java:566)
	at org.gradle.internal.dispatch.ReflectionDispatch.dispatch(ReflectionDispatch.java:36)
	at org.gradle.internal.dispatch.ReflectionDispatch.dispatch(ReflectionDispatch.java:24)
	at org.gradle.internal.dispatch.ContextClassLoaderDispatch.dispatch(ContextClassLoaderDispatch.java:33)
	at org.gradle.internal.dispatch.ProxyDispatchAdapter$DispatchingInvocationHandler.invoke(ProxyDispatchAdapter.java:94)
	at com.sun.proxy.$Proxy5.stop(Unknown Source)
	at org.gradle.api.internal.tasks.testing.worker.TestWorker$3.run(TestWorker.java:193)
	at org.gradle.api.internal.tasks.testing.worker.TestWorker.executeAndMaintainThreadName(TestWorker.java:129)
	at org.gradle.api.internal.tasks.testing.worker.TestWorker.execute(TestWorker.java:100)
	at org.gradle.api.internal.tasks.testing.worker.TestWorker.execute(TestWorker.java:60)
	at org.gradle.process.internal.worker.child.ActionExecutionWorker.execute(ActionExecutionWorker.java:56)
	at org.gradle.process.internal.worker.child.SystemApplicationClassLoaderWorker.call(SystemApplicationClassLoaderWorker.java:113)
	at org.gradle.process.internal.worker.child.SystemApplicationClassLoaderWorker.call(SystemApplicationClassLoaderWorker.java:65)
	at worker.org.gradle.process.internal.worker.GradleWorkerMain.run(GradleWorkerMain.java:69)
	at worker.org.gradle.process.internal.worker.GradleWorkerMain.main(GradleWorkerMain.java:74)
Caused by: UnsolvedSymbolException{context='arg0', name='Solving arg0', cause='null'}
	at com.github.javaparser.symbolsolver.javaparsermodel.TypeExtractor.visit(TypeExtractor.java:335)
	at com.github.javaparser.symbolsolver.javaparsermodel.TypeExtractor.visit(TypeExtractor.java:65)
	at com.github.javaparser.ast.expr.NameExpr.accept(NameExpr.java:79)
	at com.github.javaparser.symbolsolver.javaparsermodel.JavaParserFacade.getTypeConcrete(JavaParserFacade.java:505)
	at com.github.javaparser.symbolsolver.javaparsermodel.JavaParserFacade.getType(JavaParserFacade.java:352)
	at com.github.javaparser.symbolsolver.javaparsermodel.JavaParserFacade.getType(JavaParserFacade.java:334)
	at com.github.javaparser.symbolsolver.JavaSymbolSolver.calculateType(JavaSymbolSolver.java:294)
	at com.github.javaparser.ast.expr.Expression.calculateResolvedType(Expression.java:573)
	at de.uka.ilkd.key.java.JP2KeYVisitor.visit(JP2KeYConverter.java:707)
	at de.uka.ilkd.key.java.JP2KeYVisitor.visit(JP2KeYConverter.java:90)
	at com.github.javaparser.ast.expr.NameExpr.accept(NameExpr.java:79)
	at de.uka.ilkd.key.java.JP2KeYVisitor.lambda$map$1(JP2KeYConverter.java:402)
	at java.base/java.util.stream.ReferencePipeline$3$1.accept(ReferencePipeline.java:195)
	at java.base/java.util.ArrayList$ArrayListSpliterator.forEachRemaining(ArrayList.java:1655)
	at java.base/java.util.stream.AbstractPipeline.copyInto(AbstractPipeline.java:484)
	at java.base/java.util.stream.AbstractPipeline.wrapAndCopyInto(AbstractPipeline.java:474)
	at java.base/java.util.stream.ReduceOps$ReduceOp.evaluateSequential(ReduceOps.java:913)
	at java.base/java.util.stream.AbstractPipeline.evaluate(AbstractPipeline.java:234)
	at java.base/java.util.stream.ReferencePipeline.collect(ReferencePipeline.java:578)
	at de.uka.ilkd.key.java.JP2KeYVisitor.map(JP2KeYConverter.java:403)
	at de.uka.ilkd.key.java.JP2KeYVisitor.visit(JP2KeYConverter.java:506)
	at de.uka.ilkd.key.java.JP2KeYVisitor.visit(JP2KeYConverter.java:90)
	at com.github.javaparser.ast.stmt.ExplicitConstructorInvocationStmt.accept(ExplicitConstructorInvocationStmt.java:96)
	at de.uka.ilkd.key.java.JP2KeYVisitor.lambda$map$1(JP2KeYConverter.java:402)
	at java.base/java.util.stream.ReferencePipeline$3$1.accept(ReferencePipeline.java:195)
	at java.base/java.util.ArrayList$ArrayListSpliterator.forEachRemaining(ArrayList.java:1655)
	at java.base/java.util.stream.AbstractPipeline.copyInto(AbstractPipeline.java:484)
	at java.base/java.util.stream.AbstractPipeline.wrapAndCopyInto(AbstractPipeline.java:474)
	at java.base/java.util.stream.ReduceOps$ReduceOp.evaluateSequential(ReduceOps.java:913)
	at java.base/java.util.stream.AbstractPipeline.evaluate(AbstractPipeline.java:234)
	at java.base/java.util.stream.ReferencePipeline.collect(ReferencePipeline.java:578)
	at de.uka.ilkd.key.java.JP2KeYVisitor.map(JP2KeYConverter.java:403)
	at de.uka.ilkd.key.java.JP2KeYVisitor.visit(JP2KeYConverter.java:258)
	at de.uka.ilkd.key.java.JP2KeYVisitor.visit(JP2KeYConverter.java:90)
	at com.github.javaparser.ast.stmt.BlockStmt.accept(BlockStmt.java:70)
	at de.uka.ilkd.key.java.JP2KeYVisitor.lambda$map$1(JP2KeYConverter.java:402)
	at java.base/java.util.stream.ReferencePipeline$3$1.accept(ReferencePipeline.java:195)
	at java.base/java.util.ArrayList$ArrayListSpliterator.forEachRemaining(ArrayList.java:1655)
	at java.base/java.util.stream.AbstractPipeline.copyInto(AbstractPipeline.java:484)
	at java.base/java.util.stream.AbstractPipeline.wrapAndCopyInto(AbstractPipeline.java:474)
	at java.base/java.util.stream.ReduceOps$ReduceOp.evaluateSequential(ReduceOps.java:913)
	at java.base/java.util.stream.AbstractPipeline.evaluate(AbstractPipeline.java:234)
	at java.base/java.util.stream.ReferencePipeline.collect(ReferencePipeline.java:578)
	at de.uka.ilkd.key.java.JP2KeYVisitor.map(JP2KeYConverter.java:403)
	at de.uka.ilkd.key.java.JP2KeYVisitor.visit(JP2KeYConverter.java:258)
	at de.uka.ilkd.key.java.JP2KeYVisitor.visit(JP2KeYConverter.java:90)
	at com.github.javaparser.ast.stmt.BlockStmt.accept(BlockStmt.java:70)
	at de.uka.ilkd.key.java.JP2KeYVisitor.accept(JP2KeYConverter.java:348)
	at de.uka.ilkd.key.java.JP2KeYVisitor.visit(JP2KeYConverter.java:946)
	at de.uka.ilkd.key.java.JP2KeYVisitor.visit(JP2KeYConverter.java:90)
	at com.github.javaparser.ast.stmt.TryStmt.accept(TryStmt.java:135)
	at de.uka.ilkd.key.java.JP2KeYVisitor.lambda$map$1(JP2KeYConverter.java:402)
	at java.base/java.util.stream.ReferencePipeline$3$1.accept(ReferencePipeline.java:195)
	at java.base/java.util.ArrayList$ArrayListSpliterator.forEachRemaining(ArrayList.java:1655)
	at java.base/java.util.stream.AbstractPipeline.copyInto(AbstractPipeline.java:484)
	at java.base/java.util.stream.AbstractPipeline.wrapAndCopyInto(AbstractPipeline.java:474)
	at java.base/java.util.stream.ReduceOps$ReduceOp.evaluateSequential(ReduceOps.java:913)
	at java.base/java.util.stream.AbstractPipeline.evaluate(AbstractPipeline.java:234)
	at java.base/java.util.stream.ReferencePipeline.collect(ReferencePipeline.java:578)
	at de.uka.ilkd.key.java.JP2KeYVisitor.map(JP2KeYConverter.java:403)
	at de.uka.ilkd.key.java.JP2KeYVisitor.visit(JP2KeYConverter.java:258)
	at de.uka.ilkd.key.java.JP2KeYVisitor.visit(JP2KeYConverter.java:90)
	at com.github.javaparser.ast.stmt.BlockStmt.accept(BlockStmt.java:70)
	at de.uka.ilkd.key.java.JP2KeYVisitor.accept(JP2KeYConverter.java:348)
	at de.uka.ilkd.key.java.JP2KeYVisitor.visit(JP2KeYConverter.java:609)
	at de.uka.ilkd.key.java.JP2KeYVisitor.visit(JP2KeYConverter.java:90)
	at com.github.javaparser.ast.stmt.IfStmt.accept(IfStmt.java:82)
	at de.uka.ilkd.key.java.JP2KeYVisitor.lambda$map$1(JP2KeYConverter.java:402)
	at java.base/java.util.stream.ReferencePipeline$3$1.accept(ReferencePipeline.java:195)
	at java.base/java.util.ArrayList$ArrayListSpliterator.forEachRemaining(ArrayList.java:1655)
	at java.base/java.util.stream.AbstractPipeline.copyInto(AbstractPipeline.java:484)
	at java.base/java.util.stream.AbstractPipeline.wrapAndCopyInto(AbstractPipeline.java:474)
	at java.base/java.util.stream.ReduceOps$ReduceOp.evaluateSequential(ReduceOps.java:913)
	at java.base/java.util.stream.AbstractPipeline.evaluate(AbstractPipeline.java:234)
	at java.base/java.util.stream.ReferencePipeline.collect(ReferencePipeline.java:578)
	at de.uka.ilkd.key.java.JP2KeYVisitor.map(JP2KeYConverter.java:403)
	at de.uka.ilkd.key.java.JP2KeYVisitor.visit(JP2KeYConverter.java:258)
	at de.uka.ilkd.key.java.JP2KeYVisitor.visit(JP2KeYConverter.java:90)
	at com.github.javaparser.ast.stmt.BlockStmt.accept(BlockStmt.java:70)
	at de.uka.ilkd.key.java.JP2KeYVisitor.accept(JP2KeYConverter.java:348)
	at de.uka.ilkd.key.java.JP2KeYVisitor.visit(JP2KeYConverter.java:609)
	at de.uka.ilkd.key.java.JP2KeYVisitor.visit(JP2KeYConverter.java:90)
	at com.github.javaparser.ast.stmt.IfStmt.accept(IfStmt.java:82)
	at de.uka.ilkd.key.java.JP2KeYVisitor.lambda$map$1(JP2KeYConverter.java:402)
	at java.base/java.util.stream.ReferencePipeline$3$1.accept(ReferencePipeline.java:195)
	at java.base/java.util.ArrayList$ArrayListSpliterator.forEachRemaining(ArrayList.java:1655)
	at java.base/java.util.stream.AbstractPipeline.copyInto(AbstractPipeline.java:484)
	at java.base/java.util.stream.AbstractPipeline.wrapAndCopyInto(AbstractPipeline.java:474)
	at java.base/java.util.stream.ReduceOps$ReduceOp.evaluateSequential(ReduceOps.java:913)
	at java.base/java.util.stream.AbstractPipeline.evaluate(AbstractPipeline.java:234)
	at java.base/java.util.stream.ReferencePipeline.collect(ReferencePipeline.java:578)
	at de.uka.ilkd.key.java.JP2KeYVisitor.map(JP2KeYConverter.java:403)
	at de.uka.ilkd.key.java.JP2KeYVisitor.visit(JP2KeYConverter.java:258)
	at de.uka.ilkd.key.java.JP2KeYVisitor.visit(JP2KeYConverter.java:90)
	at com.github.javaparser.ast.stmt.BlockStmt.accept(BlockStmt.java:70)
	at de.uka.ilkd.key.java.JP2KeYVisitor.accept(JP2KeYConverter.java:348)
	at de.uka.ilkd.key.java.JP2KeYVisitor.accepto(JP2KeYConverter.java:418)
	at de.uka.ilkd.key.java.JP2KeYVisitor.visit(JP2KeYConverter.java:688)
	at de.uka.ilkd.key.java.JP2KeYVisitor.visit(JP2KeYConverter.java:90)
	at com.github.javaparser.ast.body.MethodDeclaration.accept(MethodDeclaration.java:98)
	at de.uka.ilkd.key.java.JP2KeYVisitor.lambda$map$1(JP2KeYConverter.java:402)
	at java.base/java.util.stream.ReferencePipeline$3$1.accept(ReferencePipeline.java:195)
	at java.base/java.util.ArrayList$ArrayListSpliterator.forEachRemaining(ArrayList.java:1655)
	at java.base/java.util.stream.AbstractPipeline.copyInto(AbstractPipeline.java:484)
	at java.base/java.util.stream.AbstractPipeline.wrapAndCopyInto(AbstractPipeline.java:474)
	at java.base/java.util.stream.ReduceOps$ReduceOp.evaluateSequential(ReduceOps.java:913)
	at java.base/java.util.stream.AbstractPipeline.evaluate(AbstractPipeline.java:234)
	at java.base/java.util.stream.ReferencePipeline.collect(ReferencePipeline.java:578)
	at de.uka.ilkd.key.java.JP2KeYVisitor.map(JP2KeYConverter.java:403)
	at de.uka.ilkd.key.java.JP2KeYVisitor.visit(JP2KeYConverter.java:310)
	at de.uka.ilkd.key.java.JP2KeYVisitor.visit(JP2KeYConverter.java:90)
	at com.github.javaparser.ast.body.ClassOrInterfaceDeclaration.accept(ClassOrInterfaceDeclaration.java:95)
	at de.uka.ilkd.key.java.JP2KeYVisitor.lambda$map$1(JP2KeYConverter.java:402)
	at java.base/java.util.stream.ReferencePipeline$3$1.accept(ReferencePipeline.java:195)
	at java.base/java.util.ArrayList$ArrayListSpliterator.forEachRemaining(ArrayList.java:1655)
	at java.base/java.util.stream.AbstractPipeline.copyInto(AbstractPipeline.java:484)
	at java.base/java.util.stream.AbstractPipeline.wrapAndCopyInto(AbstractPipeline.java:474)
	at java.base/java.util.stream.ReduceOps$ReduceOp.evaluateSequential(ReduceOps.java:913)
	at java.base/java.util.stream.AbstractPipeline.evaluate(AbstractPipeline.java:234)
	at java.base/java.util.stream.ReferencePipeline.collect(ReferencePipeline.java:578)
	at de.uka.ilkd.key.java.JP2KeYVisitor.map(JP2KeYConverter.java:403)
	at de.uka.ilkd.key.java.JP2KeYVisitor.visit(JP2KeYConverter.java:393)
	at de.uka.ilkd.key.java.JP2KeYVisitor.visit(JP2KeYConverter.java:90)
	at com.github.javaparser.ast.CompilationUnit.accept(CompilationUnit.java:124)
	at de.uka.ilkd.key.java.JP2KeYConverter.process(JP2KeYConverter.java:84)
	at de.uka.ilkd.key.java.JP2KeYConverter.processCompilationUnit(JP2KeYConverter.java:80)
	at de.uka.ilkd.key.java.JavaService.parseLibraryClasses0(JavaService.java:536)
	at de.uka.ilkd.key.java.JavaService.parseSpecialClasses(JavaService.java:511)
	at de.uka.ilkd.key.proof.init.ProblemInitializer.readJava(ProblemInitializer.java:280)
	at de.uka.ilkd.key.proof.init.ProblemInitializer.prepare(ProblemInitializer.java:529)
	at de.uka.ilkd.key.proof.init.ProblemInitializer.prepare(ProblemInitializer.java:471)
	at de.uka.ilkd.key.rule.TacletForTests.parse(TacletForTests.java:80)
	... 91 more
</failure>
  </testcase>
  <testcase name="testIncompleteSuccTacletApp()" classname="de.uka.ilkd.key.rule.TestApplyTaclet" time="0.181">
    <failure message="java.lang.RuntimeException: Exception occurred while parsing src\test\resources\testcase\testrules.key" type="java.lang.RuntimeException">java.lang.RuntimeException: Exception occurred while parsing src\test\resources\testcase\testrules.key
	at de.uka.ilkd.key.rule.TacletForTests.parse(TacletForTests.java:89)
	at de.uka.ilkd.key.rule.TacletForTests.parse(TacletForTests.java:125)
	at de.uka.ilkd.key.rule.TacletForTests.parse(TacletForTests.java:129)
	at de.uka.ilkd.key.rule.TestApplyTaclet.setUp(TestApplyTaclet.java:75)
	at jdk.internal.reflect.GeneratedMethodAccessor11.invoke(Unknown Source)
	at java.base/jdk.internal.reflect.DelegatingMethodAccessorImpl.invoke(DelegatingMethodAccessorImpl.java:43)
	at java.base/java.lang.reflect.Method.invoke(Method.java:566)
	at org.junit.platform.commons.util.ReflectionUtils.invokeMethod(ReflectionUtils.java:727)
	at org.junit.jupiter.engine.execution.MethodInvocation.proceed(MethodInvocation.java:60)
	at org.junit.jupiter.engine.execution.InvocationInterceptorChain$ValidatingInvocation.proceed(InvocationInterceptorChain.java:131)
	at org.junit.jupiter.engine.extension.TimeoutExtension.intercept(TimeoutExtension.java:156)
	at org.junit.jupiter.engine.extension.TimeoutExtension.interceptLifecycleMethod(TimeoutExtension.java:128)
	at org.junit.jupiter.engine.extension.TimeoutExtension.interceptBeforeEachMethod(TimeoutExtension.java:78)
	at org.junit.jupiter.engine.execution.InterceptingExecutableInvoker$ReflectiveInterceptorCall.lambda$ofVoidMethod$0(InterceptingExecutableInvoker.java:103)
	at org.junit.jupiter.engine.execution.InterceptingExecutableInvoker.lambda$invoke$0(InterceptingExecutableInvoker.java:93)
	at org.junit.jupiter.engine.execution.InvocationInterceptorChain$InterceptedInvocation.proceed(InvocationInterceptorChain.java:106)
	at org.junit.jupiter.engine.execution.InvocationInterceptorChain.proceed(InvocationInterceptorChain.java:64)
	at org.junit.jupiter.engine.execution.InvocationInterceptorChain.chainAndInvoke(InvocationInterceptorChain.java:45)
	at org.junit.jupiter.engine.execution.InvocationInterceptorChain.invoke(InvocationInterceptorChain.java:37)
	at org.junit.jupiter.engine.execution.InterceptingExecutableInvoker.invoke(InterceptingExecutableInvoker.java:92)
	at org.junit.jupiter.engine.execution.InterceptingExecutableInvoker.invoke(InterceptingExecutableInvoker.java:86)
	at org.junit.jupiter.engine.descriptor.ClassBasedTestDescriptor.invokeMethodInExtensionContext(ClassBasedTestDescriptor.java:520)
	at org.junit.jupiter.engine.descriptor.ClassBasedTestDescriptor.lambda$synthesizeBeforeEachMethodAdapter$23(ClassBasedTestDescriptor.java:505)
	at org.junit.jupiter.engine.descriptor.TestMethodTestDescriptor.lambda$invokeBeforeEachMethods$3(TestMethodTestDescriptor.java:174)
	at org.junit.jupiter.engine.descriptor.TestMethodTestDescriptor.lambda$invokeBeforeMethodsOrCallbacksUntilExceptionOccurs$6(TestMethodTestDescriptor.java:202)
	at org.junit.platform.engine.support.hierarchical.ThrowableCollector.execute(ThrowableCollector.java:73)
	at org.junit.jupiter.engine.descriptor.TestMethodTestDescriptor.invokeBeforeMethodsOrCallbacksUntilExceptionOccurs(TestMethodTestDescriptor.java:202)
	at org.junit.jupiter.engine.descriptor.TestMethodTestDescriptor.invokeBeforeEachMethods(TestMethodTestDescriptor.java:171)
	at org.junit.jupiter.engine.descriptor.TestMethodTestDescriptor.execute(TestMethodTestDescriptor.java:134)
	at org.junit.jupiter.engine.descriptor.TestMethodTestDescriptor.execute(TestMethodTestDescriptor.java:68)
	at org.junit.platform.engine.support.hierarchical.NodeTestTask.lambda$executeRecursively$6(NodeTestTask.java:151)
	at org.junit.platform.engine.support.hierarchical.ThrowableCollector.execute(ThrowableCollector.java:73)
	at org.junit.platform.engine.support.hierarchical.NodeTestTask.lambda$executeRecursively$8(NodeTestTask.java:141)
	at org.junit.platform.engine.support.hierarchical.Node.around(Node.java:137)
	at org.junit.platform.engine.support.hierarchical.NodeTestTask.lambda$executeRecursively$9(NodeTestTask.java:139)
	at org.junit.platform.engine.support.hierarchical.ThrowableCollector.execute(ThrowableCollector.java:73)
	at org.junit.platform.engine.support.hierarchical.NodeTestTask.executeRecursively(NodeTestTask.java:138)
	at org.junit.platform.engine.support.hierarchical.NodeTestTask.execute(NodeTestTask.java:95)
	at java.base/java.util.ArrayList.forEach(ArrayList.java:1541)
	at org.junit.platform.engine.support.hierarchical.SameThreadHierarchicalTestExecutorService.invokeAll(SameThreadHierarchicalTestExecutorService.java:41)
	at org.junit.platform.engine.support.hierarchical.NodeTestTask.lambda$executeRecursively$6(NodeTestTask.java:155)
	at org.junit.platform.engine.support.hierarchical.ThrowableCollector.execute(ThrowableCollector.java:73)
	at org.junit.platform.engine.support.hierarchical.NodeTestTask.lambda$executeRecursively$8(NodeTestTask.java:141)
	at org.junit.platform.engine.support.hierarchical.Node.around(Node.java:137)
	at org.junit.platform.engine.support.hierarchical.NodeTestTask.lambda$executeRecursively$9(NodeTestTask.java:139)
	at org.junit.platform.engine.support.hierarchical.ThrowableCollector.execute(ThrowableCollector.java:73)
	at org.junit.platform.engine.support.hierarchical.NodeTestTask.executeRecursively(NodeTestTask.java:138)
	at org.junit.platform.engine.support.hierarchical.NodeTestTask.execute(NodeTestTask.java:95)
	at java.base/java.util.ArrayList.forEach(ArrayList.java:1541)
	at org.junit.platform.engine.support.hierarchical.SameThreadHierarchicalTestExecutorService.invokeAll(SameThreadHierarchicalTestExecutorService.java:41)
	at org.junit.platform.engine.support.hierarchical.NodeTestTask.lambda$executeRecursively$6(NodeTestTask.java:155)
	at org.junit.platform.engine.support.hierarchical.ThrowableCollector.execute(ThrowableCollector.java:73)
	at org.junit.platform.engine.support.hierarchical.NodeTestTask.lambda$executeRecursively$8(NodeTestTask.java:141)
	at org.junit.platform.engine.support.hierarchical.Node.around(Node.java:137)
	at org.junit.platform.engine.support.hierarchical.NodeTestTask.lambda$executeRecursively$9(NodeTestTask.java:139)
	at org.junit.platform.engine.support.hierarchical.ThrowableCollector.execute(ThrowableCollector.java:73)
	at org.junit.platform.engine.support.hierarchical.NodeTestTask.executeRecursively(NodeTestTask.java:138)
	at org.junit.platform.engine.support.hierarchical.NodeTestTask.execute(NodeTestTask.java:95)
	at org.junit.platform.engine.support.hierarchical.SameThreadHierarchicalTestExecutorService.submit(SameThreadHierarchicalTestExecutorService.java:35)
	at org.junit.platform.engine.support.hierarchical.HierarchicalTestExecutor.execute(HierarchicalTestExecutor.java:57)
	at org.junit.platform.engine.support.hierarchical.HierarchicalTestEngine.execute(HierarchicalTestEngine.java:54)
	at org.junit.platform.launcher.core.EngineExecutionOrchestrator.execute(EngineExecutionOrchestrator.java:107)
	at org.junit.platform.launcher.core.EngineExecutionOrchestrator.execute(EngineExecutionOrchestrator.java:88)
	at org.junit.platform.launcher.core.EngineExecutionOrchestrator.lambda$execute$0(EngineExecutionOrchestrator.java:54)
	at org.junit.platform.launcher.core.EngineExecutionOrchestrator.withInterceptedStreams(EngineExecutionOrchestrator.java:67)
	at org.junit.platform.launcher.core.EngineExecutionOrchestrator.execute(EngineExecutionOrchestrator.java:52)
	at org.junit.platform.launcher.core.DefaultLauncher.execute(DefaultLauncher.java:114)
	at org.junit.platform.launcher.core.DefaultLauncher.execute(DefaultLauncher.java:86)
	at org.junit.platform.launcher.core.DefaultLauncherSession$DelegatingLauncher.execute(DefaultLauncherSession.java:86)
	at org.gradle.api.internal.tasks.testing.junitplatform.JUnitPlatformTestClassProcessor$CollectAllTestClassesExecutor.processAllTestClasses(JUnitPlatformTestClassProcessor.java:110)
	at org.gradle.api.internal.tasks.testing.junitplatform.JUnitPlatformTestClassProcessor$CollectAllTestClassesExecutor.access$000(JUnitPlatformTestClassProcessor.java:90)
	at org.gradle.api.internal.tasks.testing.junitplatform.JUnitPlatformTestClassProcessor.stop(JUnitPlatformTestClassProcessor.java:85)
	at org.gradle.api.internal.tasks.testing.SuiteTestClassProcessor.stop(SuiteTestClassProcessor.java:62)
	at java.base/jdk.internal.reflect.NativeMethodAccessorImpl.invoke0(Native Method)
	at java.base/jdk.internal.reflect.NativeMethodAccessorImpl.invoke(NativeMethodAccessorImpl.java:62)
	at java.base/jdk.internal.reflect.DelegatingMethodAccessorImpl.invoke(DelegatingMethodAccessorImpl.java:43)
	at java.base/java.lang.reflect.Method.invoke(Method.java:566)
	at org.gradle.internal.dispatch.ReflectionDispatch.dispatch(ReflectionDispatch.java:36)
	at org.gradle.internal.dispatch.ReflectionDispatch.dispatch(ReflectionDispatch.java:24)
	at org.gradle.internal.dispatch.ContextClassLoaderDispatch.dispatch(ContextClassLoaderDispatch.java:33)
	at org.gradle.internal.dispatch.ProxyDispatchAdapter$DispatchingInvocationHandler.invoke(ProxyDispatchAdapter.java:94)
	at com.sun.proxy.$Proxy5.stop(Unknown Source)
	at org.gradle.api.internal.tasks.testing.worker.TestWorker$3.run(TestWorker.java:193)
	at org.gradle.api.internal.tasks.testing.worker.TestWorker.executeAndMaintainThreadName(TestWorker.java:129)
	at org.gradle.api.internal.tasks.testing.worker.TestWorker.execute(TestWorker.java:100)
	at org.gradle.api.internal.tasks.testing.worker.TestWorker.execute(TestWorker.java:60)
	at org.gradle.process.internal.worker.child.ActionExecutionWorker.execute(ActionExecutionWorker.java:56)
	at org.gradle.process.internal.worker.child.SystemApplicationClassLoaderWorker.call(SystemApplicationClassLoaderWorker.java:113)
	at org.gradle.process.internal.worker.child.SystemApplicationClassLoaderWorker.call(SystemApplicationClassLoaderWorker.java:65)
	at worker.org.gradle.process.internal.worker.GradleWorkerMain.run(GradleWorkerMain.java:69)
	at worker.org.gradle.process.internal.worker.GradleWorkerMain.main(GradleWorkerMain.java:74)
Caused by: UnsolvedSymbolException{context='arg0', name='Solving arg0', cause='null'}
	at com.github.javaparser.symbolsolver.javaparsermodel.TypeExtractor.visit(TypeExtractor.java:335)
	at com.github.javaparser.symbolsolver.javaparsermodel.TypeExtractor.visit(TypeExtractor.java:65)
	at com.github.javaparser.ast.expr.NameExpr.accept(NameExpr.java:79)
	at com.github.javaparser.symbolsolver.javaparsermodel.JavaParserFacade.getTypeConcrete(JavaParserFacade.java:505)
	at com.github.javaparser.symbolsolver.javaparsermodel.JavaParserFacade.getType(JavaParserFacade.java:352)
	at com.github.javaparser.symbolsolver.javaparsermodel.JavaParserFacade.getType(JavaParserFacade.java:334)
	at com.github.javaparser.symbolsolver.JavaSymbolSolver.calculateType(JavaSymbolSolver.java:294)
	at com.github.javaparser.ast.expr.Expression.calculateResolvedType(Expression.java:573)
	at de.uka.ilkd.key.java.JP2KeYVisitor.visit(JP2KeYConverter.java:707)
	at de.uka.ilkd.key.java.JP2KeYVisitor.visit(JP2KeYConverter.java:90)
	at com.github.javaparser.ast.expr.NameExpr.accept(NameExpr.java:79)
	at de.uka.ilkd.key.java.JP2KeYVisitor.lambda$map$1(JP2KeYConverter.java:402)
	at java.base/java.util.stream.ReferencePipeline$3$1.accept(ReferencePipeline.java:195)
	at java.base/java.util.ArrayList$ArrayListSpliterator.forEachRemaining(ArrayList.java:1655)
	at java.base/java.util.stream.AbstractPipeline.copyInto(AbstractPipeline.java:484)
	at java.base/java.util.stream.AbstractPipeline.wrapAndCopyInto(AbstractPipeline.java:474)
	at java.base/java.util.stream.ReduceOps$ReduceOp.evaluateSequential(ReduceOps.java:913)
	at java.base/java.util.stream.AbstractPipeline.evaluate(AbstractPipeline.java:234)
	at java.base/java.util.stream.ReferencePipeline.collect(ReferencePipeline.java:578)
	at de.uka.ilkd.key.java.JP2KeYVisitor.map(JP2KeYConverter.java:403)
	at de.uka.ilkd.key.java.JP2KeYVisitor.visit(JP2KeYConverter.java:506)
	at de.uka.ilkd.key.java.JP2KeYVisitor.visit(JP2KeYConverter.java:90)
	at com.github.javaparser.ast.stmt.ExplicitConstructorInvocationStmt.accept(ExplicitConstructorInvocationStmt.java:96)
	at de.uka.ilkd.key.java.JP2KeYVisitor.lambda$map$1(JP2KeYConverter.java:402)
	at java.base/java.util.stream.ReferencePipeline$3$1.accept(ReferencePipeline.java:195)
	at java.base/java.util.ArrayList$ArrayListSpliterator.forEachRemaining(ArrayList.java:1655)
	at java.base/java.util.stream.AbstractPipeline.copyInto(AbstractPipeline.java:484)
	at java.base/java.util.stream.AbstractPipeline.wrapAndCopyInto(AbstractPipeline.java:474)
	at java.base/java.util.stream.ReduceOps$ReduceOp.evaluateSequential(ReduceOps.java:913)
	at java.base/java.util.stream.AbstractPipeline.evaluate(AbstractPipeline.java:234)
	at java.base/java.util.stream.ReferencePipeline.collect(ReferencePipeline.java:578)
	at de.uka.ilkd.key.java.JP2KeYVisitor.map(JP2KeYConverter.java:403)
	at de.uka.ilkd.key.java.JP2KeYVisitor.visit(JP2KeYConverter.java:258)
	at de.uka.ilkd.key.java.JP2KeYVisitor.visit(JP2KeYConverter.java:90)
	at com.github.javaparser.ast.stmt.BlockStmt.accept(BlockStmt.java:70)
	at de.uka.ilkd.key.java.JP2KeYVisitor.lambda$map$1(JP2KeYConverter.java:402)
	at java.base/java.util.stream.ReferencePipeline$3$1.accept(ReferencePipeline.java:195)
	at java.base/java.util.ArrayList$ArrayListSpliterator.forEachRemaining(ArrayList.java:1655)
	at java.base/java.util.stream.AbstractPipeline.copyInto(AbstractPipeline.java:484)
	at java.base/java.util.stream.AbstractPipeline.wrapAndCopyInto(AbstractPipeline.java:474)
	at java.base/java.util.stream.ReduceOps$ReduceOp.evaluateSequential(ReduceOps.java:913)
	at java.base/java.util.stream.AbstractPipeline.evaluate(AbstractPipeline.java:234)
	at java.base/java.util.stream.ReferencePipeline.collect(ReferencePipeline.java:578)
	at de.uka.ilkd.key.java.JP2KeYVisitor.map(JP2KeYConverter.java:403)
	at de.uka.ilkd.key.java.JP2KeYVisitor.visit(JP2KeYConverter.java:258)
	at de.uka.ilkd.key.java.JP2KeYVisitor.visit(JP2KeYConverter.java:90)
	at com.github.javaparser.ast.stmt.BlockStmt.accept(BlockStmt.java:70)
	at de.uka.ilkd.key.java.JP2KeYVisitor.accept(JP2KeYConverter.java:348)
	at de.uka.ilkd.key.java.JP2KeYVisitor.visit(JP2KeYConverter.java:946)
	at de.uka.ilkd.key.java.JP2KeYVisitor.visit(JP2KeYConverter.java:90)
	at com.github.javaparser.ast.stmt.TryStmt.accept(TryStmt.java:135)
	at de.uka.ilkd.key.java.JP2KeYVisitor.lambda$map$1(JP2KeYConverter.java:402)
	at java.base/java.util.stream.ReferencePipeline$3$1.accept(ReferencePipeline.java:195)
	at java.base/java.util.ArrayList$ArrayListSpliterator.forEachRemaining(ArrayList.java:1655)
	at java.base/java.util.stream.AbstractPipeline.copyInto(AbstractPipeline.java:484)
	at java.base/java.util.stream.AbstractPipeline.wrapAndCopyInto(AbstractPipeline.java:474)
	at java.base/java.util.stream.ReduceOps$ReduceOp.evaluateSequential(ReduceOps.java:913)
	at java.base/java.util.stream.AbstractPipeline.evaluate(AbstractPipeline.java:234)
	at java.base/java.util.stream.ReferencePipeline.collect(ReferencePipeline.java:578)
	at de.uka.ilkd.key.java.JP2KeYVisitor.map(JP2KeYConverter.java:403)
	at de.uka.ilkd.key.java.JP2KeYVisitor.visit(JP2KeYConverter.java:258)
	at de.uka.ilkd.key.java.JP2KeYVisitor.visit(JP2KeYConverter.java:90)
	at com.github.javaparser.ast.stmt.BlockStmt.accept(BlockStmt.java:70)
	at de.uka.ilkd.key.java.JP2KeYVisitor.accept(JP2KeYConverter.java:348)
	at de.uka.ilkd.key.java.JP2KeYVisitor.visit(JP2KeYConverter.java:609)
	at de.uka.ilkd.key.java.JP2KeYVisitor.visit(JP2KeYConverter.java:90)
	at com.github.javaparser.ast.stmt.IfStmt.accept(IfStmt.java:82)
	at de.uka.ilkd.key.java.JP2KeYVisitor.lambda$map$1(JP2KeYConverter.java:402)
	at java.base/java.util.stream.ReferencePipeline$3$1.accept(ReferencePipeline.java:195)
	at java.base/java.util.ArrayList$ArrayListSpliterator.forEachRemaining(ArrayList.java:1655)
	at java.base/java.util.stream.AbstractPipeline.copyInto(AbstractPipeline.java:484)
	at java.base/java.util.stream.AbstractPipeline.wrapAndCopyInto(AbstractPipeline.java:474)
	at java.base/java.util.stream.ReduceOps$ReduceOp.evaluateSequential(ReduceOps.java:913)
	at java.base/java.util.stream.AbstractPipeline.evaluate(AbstractPipeline.java:234)
	at java.base/java.util.stream.ReferencePipeline.collect(ReferencePipeline.java:578)
	at de.uka.ilkd.key.java.JP2KeYVisitor.map(JP2KeYConverter.java:403)
	at de.uka.ilkd.key.java.JP2KeYVisitor.visit(JP2KeYConverter.java:258)
	at de.uka.ilkd.key.java.JP2KeYVisitor.visit(JP2KeYConverter.java:90)
	at com.github.javaparser.ast.stmt.BlockStmt.accept(BlockStmt.java:70)
	at de.uka.ilkd.key.java.JP2KeYVisitor.accept(JP2KeYConverter.java:348)
	at de.uka.ilkd.key.java.JP2KeYVisitor.visit(JP2KeYConverter.java:609)
	at de.uka.ilkd.key.java.JP2KeYVisitor.visit(JP2KeYConverter.java:90)
	at com.github.javaparser.ast.stmt.IfStmt.accept(IfStmt.java:82)
	at de.uka.ilkd.key.java.JP2KeYVisitor.lambda$map$1(JP2KeYConverter.java:402)
	at java.base/java.util.stream.ReferencePipeline$3$1.accept(ReferencePipeline.java:195)
	at java.base/java.util.ArrayList$ArrayListSpliterator.forEachRemaining(ArrayList.java:1655)
	at java.base/java.util.stream.AbstractPipeline.copyInto(AbstractPipeline.java:484)
	at java.base/java.util.stream.AbstractPipeline.wrapAndCopyInto(AbstractPipeline.java:474)
	at java.base/java.util.stream.ReduceOps$ReduceOp.evaluateSequential(ReduceOps.java:913)
	at java.base/java.util.stream.AbstractPipeline.evaluate(AbstractPipeline.java:234)
	at java.base/java.util.stream.ReferencePipeline.collect(ReferencePipeline.java:578)
	at de.uka.ilkd.key.java.JP2KeYVisitor.map(JP2KeYConverter.java:403)
	at de.uka.ilkd.key.java.JP2KeYVisitor.visit(JP2KeYConverter.java:258)
	at de.uka.ilkd.key.java.JP2KeYVisitor.visit(JP2KeYConverter.java:90)
	at com.github.javaparser.ast.stmt.BlockStmt.accept(BlockStmt.java:70)
	at de.uka.ilkd.key.java.JP2KeYVisitor.accept(JP2KeYConverter.java:348)
	at de.uka.ilkd.key.java.JP2KeYVisitor.accepto(JP2KeYConverter.java:418)
	at de.uka.ilkd.key.java.JP2KeYVisitor.visit(JP2KeYConverter.java:688)
	at de.uka.ilkd.key.java.JP2KeYVisitor.visit(JP2KeYConverter.java:90)
	at com.github.javaparser.ast.body.MethodDeclaration.accept(MethodDeclaration.java:98)
	at de.uka.ilkd.key.java.JP2KeYVisitor.lambda$map$1(JP2KeYConverter.java:402)
	at java.base/java.util.stream.ReferencePipeline$3$1.accept(ReferencePipeline.java:195)
	at java.base/java.util.ArrayList$ArrayListSpliterator.forEachRemaining(ArrayList.java:1655)
	at java.base/java.util.stream.AbstractPipeline.copyInto(AbstractPipeline.java:484)
	at java.base/java.util.stream.AbstractPipeline.wrapAndCopyInto(AbstractPipeline.java:474)
	at java.base/java.util.stream.ReduceOps$ReduceOp.evaluateSequential(ReduceOps.java:913)
	at java.base/java.util.stream.AbstractPipeline.evaluate(AbstractPipeline.java:234)
	at java.base/java.util.stream.ReferencePipeline.collect(ReferencePipeline.java:578)
	at de.uka.ilkd.key.java.JP2KeYVisitor.map(JP2KeYConverter.java:403)
	at de.uka.ilkd.key.java.JP2KeYVisitor.visit(JP2KeYConverter.java:310)
	at de.uka.ilkd.key.java.JP2KeYVisitor.visit(JP2KeYConverter.java:90)
	at com.github.javaparser.ast.body.ClassOrInterfaceDeclaration.accept(ClassOrInterfaceDeclaration.java:95)
	at de.uka.ilkd.key.java.JP2KeYVisitor.lambda$map$1(JP2KeYConverter.java:402)
	at java.base/java.util.stream.ReferencePipeline$3$1.accept(ReferencePipeline.java:195)
	at java.base/java.util.ArrayList$ArrayListSpliterator.forEachRemaining(ArrayList.java:1655)
	at java.base/java.util.stream.AbstractPipeline.copyInto(AbstractPipeline.java:484)
	at java.base/java.util.stream.AbstractPipeline.wrapAndCopyInto(AbstractPipeline.java:474)
	at java.base/java.util.stream.ReduceOps$ReduceOp.evaluateSequential(ReduceOps.java:913)
	at java.base/java.util.stream.AbstractPipeline.evaluate(AbstractPipeline.java:234)
	at java.base/java.util.stream.ReferencePipeline.collect(ReferencePipeline.java:578)
	at de.uka.ilkd.key.java.JP2KeYVisitor.map(JP2KeYConverter.java:403)
	at de.uka.ilkd.key.java.JP2KeYVisitor.visit(JP2KeYConverter.java:393)
	at de.uka.ilkd.key.java.JP2KeYVisitor.visit(JP2KeYConverter.java:90)
	at com.github.javaparser.ast.CompilationUnit.accept(CompilationUnit.java:124)
	at de.uka.ilkd.key.java.JP2KeYConverter.process(JP2KeYConverter.java:84)
	at de.uka.ilkd.key.java.JP2KeYConverter.processCompilationUnit(JP2KeYConverter.java:80)
	at de.uka.ilkd.key.java.JavaService.parseLibraryClasses0(JavaService.java:536)
	at de.uka.ilkd.key.java.JavaService.parseSpecialClasses(JavaService.java:511)
	at de.uka.ilkd.key.proof.init.ProblemInitializer.readJava(ProblemInitializer.java:280)
	at de.uka.ilkd.key.proof.init.ProblemInitializer.prepare(ProblemInitializer.java:529)
	at de.uka.ilkd.key.proof.init.ProblemInitializer.prepare(ProblemInitializer.java:471)
	at de.uka.ilkd.key.rule.TacletForTests.parse(TacletForTests.java:80)
	... 90 more
</failure>
  </testcase>
  <testcase name="testAddExistingFormulaSucc()" classname="de.uka.ilkd.key.rule.TestApplyTaclet" time="0.192">
    <failure message="java.lang.RuntimeException: Exception occurred while parsing src\test\resources\testcase\testrules.key" type="java.lang.RuntimeException">java.lang.RuntimeException: Exception occurred while parsing src\test\resources\testcase\testrules.key
	at de.uka.ilkd.key.rule.TacletForTests.parse(TacletForTests.java:89)
	at de.uka.ilkd.key.rule.TacletForTests.parse(TacletForTests.java:125)
	at de.uka.ilkd.key.rule.TacletForTests.parse(TacletForTests.java:129)
	at de.uka.ilkd.key.rule.TestApplyTaclet.setUp(TestApplyTaclet.java:75)
	at jdk.internal.reflect.GeneratedMethodAccessor11.invoke(Unknown Source)
	at java.base/jdk.internal.reflect.DelegatingMethodAccessorImpl.invoke(DelegatingMethodAccessorImpl.java:43)
	at java.base/java.lang.reflect.Method.invoke(Method.java:566)
	at org.junit.platform.commons.util.ReflectionUtils.invokeMethod(ReflectionUtils.java:727)
	at org.junit.jupiter.engine.execution.MethodInvocation.proceed(MethodInvocation.java:60)
	at org.junit.jupiter.engine.execution.InvocationInterceptorChain$ValidatingInvocation.proceed(InvocationInterceptorChain.java:131)
	at org.junit.jupiter.engine.extension.TimeoutExtension.intercept(TimeoutExtension.java:156)
	at org.junit.jupiter.engine.extension.TimeoutExtension.interceptLifecycleMethod(TimeoutExtension.java:128)
	at org.junit.jupiter.engine.extension.TimeoutExtension.interceptBeforeEachMethod(TimeoutExtension.java:78)
	at org.junit.jupiter.engine.execution.InterceptingExecutableInvoker$ReflectiveInterceptorCall.lambda$ofVoidMethod$0(InterceptingExecutableInvoker.java:103)
	at org.junit.jupiter.engine.execution.InterceptingExecutableInvoker.lambda$invoke$0(InterceptingExecutableInvoker.java:93)
	at org.junit.jupiter.engine.execution.InvocationInterceptorChain$InterceptedInvocation.proceed(InvocationInterceptorChain.java:106)
	at org.junit.jupiter.engine.execution.InvocationInterceptorChain.proceed(InvocationInterceptorChain.java:64)
	at org.junit.jupiter.engine.execution.InvocationInterceptorChain.chainAndInvoke(InvocationInterceptorChain.java:45)
	at org.junit.jupiter.engine.execution.InvocationInterceptorChain.invoke(InvocationInterceptorChain.java:37)
	at org.junit.jupiter.engine.execution.InterceptingExecutableInvoker.invoke(InterceptingExecutableInvoker.java:92)
	at org.junit.jupiter.engine.execution.InterceptingExecutableInvoker.invoke(InterceptingExecutableInvoker.java:86)
	at org.junit.jupiter.engine.descriptor.ClassBasedTestDescriptor.invokeMethodInExtensionContext(ClassBasedTestDescriptor.java:520)
	at org.junit.jupiter.engine.descriptor.ClassBasedTestDescriptor.lambda$synthesizeBeforeEachMethodAdapter$23(ClassBasedTestDescriptor.java:505)
	at org.junit.jupiter.engine.descriptor.TestMethodTestDescriptor.lambda$invokeBeforeEachMethods$3(TestMethodTestDescriptor.java:174)
	at org.junit.jupiter.engine.descriptor.TestMethodTestDescriptor.lambda$invokeBeforeMethodsOrCallbacksUntilExceptionOccurs$6(TestMethodTestDescriptor.java:202)
	at org.junit.platform.engine.support.hierarchical.ThrowableCollector.execute(ThrowableCollector.java:73)
	at org.junit.jupiter.engine.descriptor.TestMethodTestDescriptor.invokeBeforeMethodsOrCallbacksUntilExceptionOccurs(TestMethodTestDescriptor.java:202)
	at org.junit.jupiter.engine.descriptor.TestMethodTestDescriptor.invokeBeforeEachMethods(TestMethodTestDescriptor.java:171)
	at org.junit.jupiter.engine.descriptor.TestMethodTestDescriptor.execute(TestMethodTestDescriptor.java:134)
	at org.junit.jupiter.engine.descriptor.TestMethodTestDescriptor.execute(TestMethodTestDescriptor.java:68)
	at org.junit.platform.engine.support.hierarchical.NodeTestTask.lambda$executeRecursively$6(NodeTestTask.java:151)
	at org.junit.platform.engine.support.hierarchical.ThrowableCollector.execute(ThrowableCollector.java:73)
	at org.junit.platform.engine.support.hierarchical.NodeTestTask.lambda$executeRecursively$8(NodeTestTask.java:141)
	at org.junit.platform.engine.support.hierarchical.Node.around(Node.java:137)
	at org.junit.platform.engine.support.hierarchical.NodeTestTask.lambda$executeRecursively$9(NodeTestTask.java:139)
	at org.junit.platform.engine.support.hierarchical.ThrowableCollector.execute(ThrowableCollector.java:73)
	at org.junit.platform.engine.support.hierarchical.NodeTestTask.executeRecursively(NodeTestTask.java:138)
	at org.junit.platform.engine.support.hierarchical.NodeTestTask.execute(NodeTestTask.java:95)
	at java.base/java.util.ArrayList.forEach(ArrayList.java:1541)
	at org.junit.platform.engine.support.hierarchical.SameThreadHierarchicalTestExecutorService.invokeAll(SameThreadHierarchicalTestExecutorService.java:41)
	at org.junit.platform.engine.support.hierarchical.NodeTestTask.lambda$executeRecursively$6(NodeTestTask.java:155)
	at org.junit.platform.engine.support.hierarchical.ThrowableCollector.execute(ThrowableCollector.java:73)
	at org.junit.platform.engine.support.hierarchical.NodeTestTask.lambda$executeRecursively$8(NodeTestTask.java:141)
	at org.junit.platform.engine.support.hierarchical.Node.around(Node.java:137)
	at org.junit.platform.engine.support.hierarchical.NodeTestTask.lambda$executeRecursively$9(NodeTestTask.java:139)
	at org.junit.platform.engine.support.hierarchical.ThrowableCollector.execute(ThrowableCollector.java:73)
	at org.junit.platform.engine.support.hierarchical.NodeTestTask.executeRecursively(NodeTestTask.java:138)
	at org.junit.platform.engine.support.hierarchical.NodeTestTask.execute(NodeTestTask.java:95)
	at java.base/java.util.ArrayList.forEach(ArrayList.java:1541)
	at org.junit.platform.engine.support.hierarchical.SameThreadHierarchicalTestExecutorService.invokeAll(SameThreadHierarchicalTestExecutorService.java:41)
	at org.junit.platform.engine.support.hierarchical.NodeTestTask.lambda$executeRecursively$6(NodeTestTask.java:155)
	at org.junit.platform.engine.support.hierarchical.ThrowableCollector.execute(ThrowableCollector.java:73)
	at org.junit.platform.engine.support.hierarchical.NodeTestTask.lambda$executeRecursively$8(NodeTestTask.java:141)
	at org.junit.platform.engine.support.hierarchical.Node.around(Node.java:137)
	at org.junit.platform.engine.support.hierarchical.NodeTestTask.lambda$executeRecursively$9(NodeTestTask.java:139)
	at org.junit.platform.engine.support.hierarchical.ThrowableCollector.execute(ThrowableCollector.java:73)
	at org.junit.platform.engine.support.hierarchical.NodeTestTask.executeRecursively(NodeTestTask.java:138)
	at org.junit.platform.engine.support.hierarchical.NodeTestTask.execute(NodeTestTask.java:95)
	at org.junit.platform.engine.support.hierarchical.SameThreadHierarchicalTestExecutorService.submit(SameThreadHierarchicalTestExecutorService.java:35)
	at org.junit.platform.engine.support.hierarchical.HierarchicalTestExecutor.execute(HierarchicalTestExecutor.java:57)
	at org.junit.platform.engine.support.hierarchical.HierarchicalTestEngine.execute(HierarchicalTestEngine.java:54)
	at org.junit.platform.launcher.core.EngineExecutionOrchestrator.execute(EngineExecutionOrchestrator.java:107)
	at org.junit.platform.launcher.core.EngineExecutionOrchestrator.execute(EngineExecutionOrchestrator.java:88)
	at org.junit.platform.launcher.core.EngineExecutionOrchestrator.lambda$execute$0(EngineExecutionOrchestrator.java:54)
	at org.junit.platform.launcher.core.EngineExecutionOrchestrator.withInterceptedStreams(EngineExecutionOrchestrator.java:67)
	at org.junit.platform.launcher.core.EngineExecutionOrchestrator.execute(EngineExecutionOrchestrator.java:52)
	at org.junit.platform.launcher.core.DefaultLauncher.execute(DefaultLauncher.java:114)
	at org.junit.platform.launcher.core.DefaultLauncher.execute(DefaultLauncher.java:86)
	at org.junit.platform.launcher.core.DefaultLauncherSession$DelegatingLauncher.execute(DefaultLauncherSession.java:86)
	at org.gradle.api.internal.tasks.testing.junitplatform.JUnitPlatformTestClassProcessor$CollectAllTestClassesExecutor.processAllTestClasses(JUnitPlatformTestClassProcessor.java:110)
	at org.gradle.api.internal.tasks.testing.junitplatform.JUnitPlatformTestClassProcessor$CollectAllTestClassesExecutor.access$000(JUnitPlatformTestClassProcessor.java:90)
	at org.gradle.api.internal.tasks.testing.junitplatform.JUnitPlatformTestClassProcessor.stop(JUnitPlatformTestClassProcessor.java:85)
	at org.gradle.api.internal.tasks.testing.SuiteTestClassProcessor.stop(SuiteTestClassProcessor.java:62)
	at java.base/jdk.internal.reflect.NativeMethodAccessorImpl.invoke0(Native Method)
	at java.base/jdk.internal.reflect.NativeMethodAccessorImpl.invoke(NativeMethodAccessorImpl.java:62)
	at java.base/jdk.internal.reflect.DelegatingMethodAccessorImpl.invoke(DelegatingMethodAccessorImpl.java:43)
	at java.base/java.lang.reflect.Method.invoke(Method.java:566)
	at org.gradle.internal.dispatch.ReflectionDispatch.dispatch(ReflectionDispatch.java:36)
	at org.gradle.internal.dispatch.ReflectionDispatch.dispatch(ReflectionDispatch.java:24)
	at org.gradle.internal.dispatch.ContextClassLoaderDispatch.dispatch(ContextClassLoaderDispatch.java:33)
	at org.gradle.internal.dispatch.ProxyDispatchAdapter$DispatchingInvocationHandler.invoke(ProxyDispatchAdapter.java:94)
	at com.sun.proxy.$Proxy5.stop(Unknown Source)
	at org.gradle.api.internal.tasks.testing.worker.TestWorker$3.run(TestWorker.java:193)
	at org.gradle.api.internal.tasks.testing.worker.TestWorker.executeAndMaintainThreadName(TestWorker.java:129)
	at org.gradle.api.internal.tasks.testing.worker.TestWorker.execute(TestWorker.java:100)
	at org.gradle.api.internal.tasks.testing.worker.TestWorker.execute(TestWorker.java:60)
	at org.gradle.process.internal.worker.child.ActionExecutionWorker.execute(ActionExecutionWorker.java:56)
	at org.gradle.process.internal.worker.child.SystemApplicationClassLoaderWorker.call(SystemApplicationClassLoaderWorker.java:113)
	at org.gradle.process.internal.worker.child.SystemApplicationClassLoaderWorker.call(SystemApplicationClassLoaderWorker.java:65)
	at worker.org.gradle.process.internal.worker.GradleWorkerMain.run(GradleWorkerMain.java:69)
	at worker.org.gradle.process.internal.worker.GradleWorkerMain.main(GradleWorkerMain.java:74)
Caused by: UnsolvedSymbolException{context='arg0', name='Solving arg0', cause='null'}
	at com.github.javaparser.symbolsolver.javaparsermodel.TypeExtractor.visit(TypeExtractor.java:335)
	at com.github.javaparser.symbolsolver.javaparsermodel.TypeExtractor.visit(TypeExtractor.java:65)
	at com.github.javaparser.ast.expr.NameExpr.accept(NameExpr.java:79)
	at com.github.javaparser.symbolsolver.javaparsermodel.JavaParserFacade.getTypeConcrete(JavaParserFacade.java:505)
	at com.github.javaparser.symbolsolver.javaparsermodel.JavaParserFacade.getType(JavaParserFacade.java:352)
	at com.github.javaparser.symbolsolver.javaparsermodel.JavaParserFacade.getType(JavaParserFacade.java:334)
	at com.github.javaparser.symbolsolver.JavaSymbolSolver.calculateType(JavaSymbolSolver.java:294)
	at com.github.javaparser.ast.expr.Expression.calculateResolvedType(Expression.java:573)
	at de.uka.ilkd.key.java.JP2KeYVisitor.visit(JP2KeYConverter.java:707)
	at de.uka.ilkd.key.java.JP2KeYVisitor.visit(JP2KeYConverter.java:90)
	at com.github.javaparser.ast.expr.NameExpr.accept(NameExpr.java:79)
	at de.uka.ilkd.key.java.JP2KeYVisitor.lambda$map$1(JP2KeYConverter.java:402)
	at java.base/java.util.stream.ReferencePipeline$3$1.accept(ReferencePipeline.java:195)
	at java.base/java.util.ArrayList$ArrayListSpliterator.forEachRemaining(ArrayList.java:1655)
	at java.base/java.util.stream.AbstractPipeline.copyInto(AbstractPipeline.java:484)
	at java.base/java.util.stream.AbstractPipeline.wrapAndCopyInto(AbstractPipeline.java:474)
	at java.base/java.util.stream.ReduceOps$ReduceOp.evaluateSequential(ReduceOps.java:913)
	at java.base/java.util.stream.AbstractPipeline.evaluate(AbstractPipeline.java:234)
	at java.base/java.util.stream.ReferencePipeline.collect(ReferencePipeline.java:578)
	at de.uka.ilkd.key.java.JP2KeYVisitor.map(JP2KeYConverter.java:403)
	at de.uka.ilkd.key.java.JP2KeYVisitor.visit(JP2KeYConverter.java:506)
	at de.uka.ilkd.key.java.JP2KeYVisitor.visit(JP2KeYConverter.java:90)
	at com.github.javaparser.ast.stmt.ExplicitConstructorInvocationStmt.accept(ExplicitConstructorInvocationStmt.java:96)
	at de.uka.ilkd.key.java.JP2KeYVisitor.lambda$map$1(JP2KeYConverter.java:402)
	at java.base/java.util.stream.ReferencePipeline$3$1.accept(ReferencePipeline.java:195)
	at java.base/java.util.ArrayList$ArrayListSpliterator.forEachRemaining(ArrayList.java:1655)
	at java.base/java.util.stream.AbstractPipeline.copyInto(AbstractPipeline.java:484)
	at java.base/java.util.stream.AbstractPipeline.wrapAndCopyInto(AbstractPipeline.java:474)
	at java.base/java.util.stream.ReduceOps$ReduceOp.evaluateSequential(ReduceOps.java:913)
	at java.base/java.util.stream.AbstractPipeline.evaluate(AbstractPipeline.java:234)
	at java.base/java.util.stream.ReferencePipeline.collect(ReferencePipeline.java:578)
	at de.uka.ilkd.key.java.JP2KeYVisitor.map(JP2KeYConverter.java:403)
	at de.uka.ilkd.key.java.JP2KeYVisitor.visit(JP2KeYConverter.java:258)
	at de.uka.ilkd.key.java.JP2KeYVisitor.visit(JP2KeYConverter.java:90)
	at com.github.javaparser.ast.stmt.BlockStmt.accept(BlockStmt.java:70)
	at de.uka.ilkd.key.java.JP2KeYVisitor.lambda$map$1(JP2KeYConverter.java:402)
	at java.base/java.util.stream.ReferencePipeline$3$1.accept(ReferencePipeline.java:195)
	at java.base/java.util.ArrayList$ArrayListSpliterator.forEachRemaining(ArrayList.java:1655)
	at java.base/java.util.stream.AbstractPipeline.copyInto(AbstractPipeline.java:484)
	at java.base/java.util.stream.AbstractPipeline.wrapAndCopyInto(AbstractPipeline.java:474)
	at java.base/java.util.stream.ReduceOps$ReduceOp.evaluateSequential(ReduceOps.java:913)
	at java.base/java.util.stream.AbstractPipeline.evaluate(AbstractPipeline.java:234)
	at java.base/java.util.stream.ReferencePipeline.collect(ReferencePipeline.java:578)
	at de.uka.ilkd.key.java.JP2KeYVisitor.map(JP2KeYConverter.java:403)
	at de.uka.ilkd.key.java.JP2KeYVisitor.visit(JP2KeYConverter.java:258)
	at de.uka.ilkd.key.java.JP2KeYVisitor.visit(JP2KeYConverter.java:90)
	at com.github.javaparser.ast.stmt.BlockStmt.accept(BlockStmt.java:70)
	at de.uka.ilkd.key.java.JP2KeYVisitor.accept(JP2KeYConverter.java:348)
	at de.uka.ilkd.key.java.JP2KeYVisitor.visit(JP2KeYConverter.java:946)
	at de.uka.ilkd.key.java.JP2KeYVisitor.visit(JP2KeYConverter.java:90)
	at com.github.javaparser.ast.stmt.TryStmt.accept(TryStmt.java:135)
	at de.uka.ilkd.key.java.JP2KeYVisitor.lambda$map$1(JP2KeYConverter.java:402)
	at java.base/java.util.stream.ReferencePipeline$3$1.accept(ReferencePipeline.java:195)
	at java.base/java.util.ArrayList$ArrayListSpliterator.forEachRemaining(ArrayList.java:1655)
	at java.base/java.util.stream.AbstractPipeline.copyInto(AbstractPipeline.java:484)
	at java.base/java.util.stream.AbstractPipeline.wrapAndCopyInto(AbstractPipeline.java:474)
	at java.base/java.util.stream.ReduceOps$ReduceOp.evaluateSequential(ReduceOps.java:913)
	at java.base/java.util.stream.AbstractPipeline.evaluate(AbstractPipeline.java:234)
	at java.base/java.util.stream.ReferencePipeline.collect(ReferencePipeline.java:578)
	at de.uka.ilkd.key.java.JP2KeYVisitor.map(JP2KeYConverter.java:403)
	at de.uka.ilkd.key.java.JP2KeYVisitor.visit(JP2KeYConverter.java:258)
	at de.uka.ilkd.key.java.JP2KeYVisitor.visit(JP2KeYConverter.java:90)
	at com.github.javaparser.ast.stmt.BlockStmt.accept(BlockStmt.java:70)
	at de.uka.ilkd.key.java.JP2KeYVisitor.accept(JP2KeYConverter.java:348)
	at de.uka.ilkd.key.java.JP2KeYVisitor.visit(JP2KeYConverter.java:609)
	at de.uka.ilkd.key.java.JP2KeYVisitor.visit(JP2KeYConverter.java:90)
	at com.github.javaparser.ast.stmt.IfStmt.accept(IfStmt.java:82)
	at de.uka.ilkd.key.java.JP2KeYVisitor.lambda$map$1(JP2KeYConverter.java:402)
	at java.base/java.util.stream.ReferencePipeline$3$1.accept(ReferencePipeline.java:195)
	at java.base/java.util.ArrayList$ArrayListSpliterator.forEachRemaining(ArrayList.java:1655)
	at java.base/java.util.stream.AbstractPipeline.copyInto(AbstractPipeline.java:484)
	at java.base/java.util.stream.AbstractPipeline.wrapAndCopyInto(AbstractPipeline.java:474)
	at java.base/java.util.stream.ReduceOps$ReduceOp.evaluateSequential(ReduceOps.java:913)
	at java.base/java.util.stream.AbstractPipeline.evaluate(AbstractPipeline.java:234)
	at java.base/java.util.stream.ReferencePipeline.collect(ReferencePipeline.java:578)
	at de.uka.ilkd.key.java.JP2KeYVisitor.map(JP2KeYConverter.java:403)
	at de.uka.ilkd.key.java.JP2KeYVisitor.visit(JP2KeYConverter.java:258)
	at de.uka.ilkd.key.java.JP2KeYVisitor.visit(JP2KeYConverter.java:90)
	at com.github.javaparser.ast.stmt.BlockStmt.accept(BlockStmt.java:70)
	at de.uka.ilkd.key.java.JP2KeYVisitor.accept(JP2KeYConverter.java:348)
	at de.uka.ilkd.key.java.JP2KeYVisitor.visit(JP2KeYConverter.java:609)
	at de.uka.ilkd.key.java.JP2KeYVisitor.visit(JP2KeYConverter.java:90)
	at com.github.javaparser.ast.stmt.IfStmt.accept(IfStmt.java:82)
	at de.uka.ilkd.key.java.JP2KeYVisitor.lambda$map$1(JP2KeYConverter.java:402)
	at java.base/java.util.stream.ReferencePipeline$3$1.accept(ReferencePipeline.java:195)
	at java.base/java.util.ArrayList$ArrayListSpliterator.forEachRemaining(ArrayList.java:1655)
	at java.base/java.util.stream.AbstractPipeline.copyInto(AbstractPipeline.java:484)
	at java.base/java.util.stream.AbstractPipeline.wrapAndCopyInto(AbstractPipeline.java:474)
	at java.base/java.util.stream.ReduceOps$ReduceOp.evaluateSequential(ReduceOps.java:913)
	at java.base/java.util.stream.AbstractPipeline.evaluate(AbstractPipeline.java:234)
	at java.base/java.util.stream.ReferencePipeline.collect(ReferencePipeline.java:578)
	at de.uka.ilkd.key.java.JP2KeYVisitor.map(JP2KeYConverter.java:403)
	at de.uka.ilkd.key.java.JP2KeYVisitor.visit(JP2KeYConverter.java:258)
	at de.uka.ilkd.key.java.JP2KeYVisitor.visit(JP2KeYConverter.java:90)
	at com.github.javaparser.ast.stmt.BlockStmt.accept(BlockStmt.java:70)
	at de.uka.ilkd.key.java.JP2KeYVisitor.accept(JP2KeYConverter.java:348)
	at de.uka.ilkd.key.java.JP2KeYVisitor.accepto(JP2KeYConverter.java:418)
	at de.uka.ilkd.key.java.JP2KeYVisitor.visit(JP2KeYConverter.java:688)
	at de.uka.ilkd.key.java.JP2KeYVisitor.visit(JP2KeYConverter.java:90)
	at com.github.javaparser.ast.body.MethodDeclaration.accept(MethodDeclaration.java:98)
	at de.uka.ilkd.key.java.JP2KeYVisitor.lambda$map$1(JP2KeYConverter.java:402)
	at java.base/java.util.stream.ReferencePipeline$3$1.accept(ReferencePipeline.java:195)
	at java.base/java.util.ArrayList$ArrayListSpliterator.forEachRemaining(ArrayList.java:1655)
	at java.base/java.util.stream.AbstractPipeline.copyInto(AbstractPipeline.java:484)
	at java.base/java.util.stream.AbstractPipeline.wrapAndCopyInto(AbstractPipeline.java:474)
	at java.base/java.util.stream.ReduceOps$ReduceOp.evaluateSequential(ReduceOps.java:913)
	at java.base/java.util.stream.AbstractPipeline.evaluate(AbstractPipeline.java:234)
	at java.base/java.util.stream.ReferencePipeline.collect(ReferencePipeline.java:578)
	at de.uka.ilkd.key.java.JP2KeYVisitor.map(JP2KeYConverter.java:403)
	at de.uka.ilkd.key.java.JP2KeYVisitor.visit(JP2KeYConverter.java:310)
	at de.uka.ilkd.key.java.JP2KeYVisitor.visit(JP2KeYConverter.java:90)
	at com.github.javaparser.ast.body.ClassOrInterfaceDeclaration.accept(ClassOrInterfaceDeclaration.java:95)
	at de.uka.ilkd.key.java.JP2KeYVisitor.lambda$map$1(JP2KeYConverter.java:402)
	at java.base/java.util.stream.ReferencePipeline$3$1.accept(ReferencePipeline.java:195)
	at java.base/java.util.ArrayList$ArrayListSpliterator.forEachRemaining(ArrayList.java:1655)
	at java.base/java.util.stream.AbstractPipeline.copyInto(AbstractPipeline.java:484)
	at java.base/java.util.stream.AbstractPipeline.wrapAndCopyInto(AbstractPipeline.java:474)
	at java.base/java.util.stream.ReduceOps$ReduceOp.evaluateSequential(ReduceOps.java:913)
	at java.base/java.util.stream.AbstractPipeline.evaluate(AbstractPipeline.java:234)
	at java.base/java.util.stream.ReferencePipeline.collect(ReferencePipeline.java:578)
	at de.uka.ilkd.key.java.JP2KeYVisitor.map(JP2KeYConverter.java:403)
	at de.uka.ilkd.key.java.JP2KeYVisitor.visit(JP2KeYConverter.java:393)
	at de.uka.ilkd.key.java.JP2KeYVisitor.visit(JP2KeYConverter.java:90)
	at com.github.javaparser.ast.CompilationUnit.accept(CompilationUnit.java:124)
	at de.uka.ilkd.key.java.JP2KeYConverter.process(JP2KeYConverter.java:84)
	at de.uka.ilkd.key.java.JP2KeYConverter.processCompilationUnit(JP2KeYConverter.java:80)
	at de.uka.ilkd.key.java.JavaService.parseLibraryClasses0(JavaService.java:536)
	at de.uka.ilkd.key.java.JavaService.parseSpecialClasses(JavaService.java:511)
	at de.uka.ilkd.key.proof.init.ProblemInitializer.readJava(ProblemInitializer.java:280)
	at de.uka.ilkd.key.proof.init.ProblemInitializer.prepare(ProblemInitializer.java:529)
	at de.uka.ilkd.key.proof.init.ProblemInitializer.prepare(ProblemInitializer.java:471)
	at de.uka.ilkd.key.rule.TacletForTests.parse(TacletForTests.java:80)
	... 90 more
</failure>
  </testcase>
  <testcase name="testAddExistingFormulaTwoInSucc()" classname="de.uka.ilkd.key.rule.TestApplyTaclet" time="0.245">
    <failure message="java.lang.RuntimeException: Exception occurred while parsing src\test\resources\testcase\testrules.key" type="java.lang.RuntimeException">java.lang.RuntimeException: Exception occurred while parsing src\test\resources\testcase\testrules.key
	at de.uka.ilkd.key.rule.TacletForTests.parse(TacletForTests.java:89)
	at de.uka.ilkd.key.rule.TacletForTests.parse(TacletForTests.java:125)
	at de.uka.ilkd.key.rule.TacletForTests.parse(TacletForTests.java:129)
	at de.uka.ilkd.key.rule.TestApplyTaclet.setUp(TestApplyTaclet.java:75)
	at jdk.internal.reflect.GeneratedMethodAccessor11.invoke(Unknown Source)
	at java.base/jdk.internal.reflect.DelegatingMethodAccessorImpl.invoke(DelegatingMethodAccessorImpl.java:43)
	at java.base/java.lang.reflect.Method.invoke(Method.java:566)
	at org.junit.platform.commons.util.ReflectionUtils.invokeMethod(ReflectionUtils.java:727)
	at org.junit.jupiter.engine.execution.MethodInvocation.proceed(MethodInvocation.java:60)
	at org.junit.jupiter.engine.execution.InvocationInterceptorChain$ValidatingInvocation.proceed(InvocationInterceptorChain.java:131)
	at org.junit.jupiter.engine.extension.TimeoutExtension.intercept(TimeoutExtension.java:156)
	at org.junit.jupiter.engine.extension.TimeoutExtension.interceptLifecycleMethod(TimeoutExtension.java:128)
	at org.junit.jupiter.engine.extension.TimeoutExtension.interceptBeforeEachMethod(TimeoutExtension.java:78)
	at org.junit.jupiter.engine.execution.InterceptingExecutableInvoker$ReflectiveInterceptorCall.lambda$ofVoidMethod$0(InterceptingExecutableInvoker.java:103)
	at org.junit.jupiter.engine.execution.InterceptingExecutableInvoker.lambda$invoke$0(InterceptingExecutableInvoker.java:93)
	at org.junit.jupiter.engine.execution.InvocationInterceptorChain$InterceptedInvocation.proceed(InvocationInterceptorChain.java:106)
	at org.junit.jupiter.engine.execution.InvocationInterceptorChain.proceed(InvocationInterceptorChain.java:64)
	at org.junit.jupiter.engine.execution.InvocationInterceptorChain.chainAndInvoke(InvocationInterceptorChain.java:45)
	at org.junit.jupiter.engine.execution.InvocationInterceptorChain.invoke(InvocationInterceptorChain.java:37)
	at org.junit.jupiter.engine.execution.InterceptingExecutableInvoker.invoke(InterceptingExecutableInvoker.java:92)
	at org.junit.jupiter.engine.execution.InterceptingExecutableInvoker.invoke(InterceptingExecutableInvoker.java:86)
	at org.junit.jupiter.engine.descriptor.ClassBasedTestDescriptor.invokeMethodInExtensionContext(ClassBasedTestDescriptor.java:520)
	at org.junit.jupiter.engine.descriptor.ClassBasedTestDescriptor.lambda$synthesizeBeforeEachMethodAdapter$23(ClassBasedTestDescriptor.java:505)
	at org.junit.jupiter.engine.descriptor.TestMethodTestDescriptor.lambda$invokeBeforeEachMethods$3(TestMethodTestDescriptor.java:174)
	at org.junit.jupiter.engine.descriptor.TestMethodTestDescriptor.lambda$invokeBeforeMethodsOrCallbacksUntilExceptionOccurs$6(TestMethodTestDescriptor.java:202)
	at org.junit.platform.engine.support.hierarchical.ThrowableCollector.execute(ThrowableCollector.java:73)
	at org.junit.jupiter.engine.descriptor.TestMethodTestDescriptor.invokeBeforeMethodsOrCallbacksUntilExceptionOccurs(TestMethodTestDescriptor.java:202)
	at org.junit.jupiter.engine.descriptor.TestMethodTestDescriptor.invokeBeforeEachMethods(TestMethodTestDescriptor.java:171)
	at org.junit.jupiter.engine.descriptor.TestMethodTestDescriptor.execute(TestMethodTestDescriptor.java:134)
	at org.junit.jupiter.engine.descriptor.TestMethodTestDescriptor.execute(TestMethodTestDescriptor.java:68)
	at org.junit.platform.engine.support.hierarchical.NodeTestTask.lambda$executeRecursively$6(NodeTestTask.java:151)
	at org.junit.platform.engine.support.hierarchical.ThrowableCollector.execute(ThrowableCollector.java:73)
	at org.junit.platform.engine.support.hierarchical.NodeTestTask.lambda$executeRecursively$8(NodeTestTask.java:141)
	at org.junit.platform.engine.support.hierarchical.Node.around(Node.java:137)
	at org.junit.platform.engine.support.hierarchical.NodeTestTask.lambda$executeRecursively$9(NodeTestTask.java:139)
	at org.junit.platform.engine.support.hierarchical.ThrowableCollector.execute(ThrowableCollector.java:73)
	at org.junit.platform.engine.support.hierarchical.NodeTestTask.executeRecursively(NodeTestTask.java:138)
	at org.junit.platform.engine.support.hierarchical.NodeTestTask.execute(NodeTestTask.java:95)
	at java.base/java.util.ArrayList.forEach(ArrayList.java:1541)
	at org.junit.platform.engine.support.hierarchical.SameThreadHierarchicalTestExecutorService.invokeAll(SameThreadHierarchicalTestExecutorService.java:41)
	at org.junit.platform.engine.support.hierarchical.NodeTestTask.lambda$executeRecursively$6(NodeTestTask.java:155)
	at org.junit.platform.engine.support.hierarchical.ThrowableCollector.execute(ThrowableCollector.java:73)
	at org.junit.platform.engine.support.hierarchical.NodeTestTask.lambda$executeRecursively$8(NodeTestTask.java:141)
	at org.junit.platform.engine.support.hierarchical.Node.around(Node.java:137)
	at org.junit.platform.engine.support.hierarchical.NodeTestTask.lambda$executeRecursively$9(NodeTestTask.java:139)
	at org.junit.platform.engine.support.hierarchical.ThrowableCollector.execute(ThrowableCollector.java:73)
	at org.junit.platform.engine.support.hierarchical.NodeTestTask.executeRecursively(NodeTestTask.java:138)
	at org.junit.platform.engine.support.hierarchical.NodeTestTask.execute(NodeTestTask.java:95)
	at java.base/java.util.ArrayList.forEach(ArrayList.java:1541)
	at org.junit.platform.engine.support.hierarchical.SameThreadHierarchicalTestExecutorService.invokeAll(SameThreadHierarchicalTestExecutorService.java:41)
	at org.junit.platform.engine.support.hierarchical.NodeTestTask.lambda$executeRecursively$6(NodeTestTask.java:155)
	at org.junit.platform.engine.support.hierarchical.ThrowableCollector.execute(ThrowableCollector.java:73)
	at org.junit.platform.engine.support.hierarchical.NodeTestTask.lambda$executeRecursively$8(NodeTestTask.java:141)
	at org.junit.platform.engine.support.hierarchical.Node.around(Node.java:137)
	at org.junit.platform.engine.support.hierarchical.NodeTestTask.lambda$executeRecursively$9(NodeTestTask.java:139)
	at org.junit.platform.engine.support.hierarchical.ThrowableCollector.execute(ThrowableCollector.java:73)
	at org.junit.platform.engine.support.hierarchical.NodeTestTask.executeRecursively(NodeTestTask.java:138)
	at org.junit.platform.engine.support.hierarchical.NodeTestTask.execute(NodeTestTask.java:95)
	at org.junit.platform.engine.support.hierarchical.SameThreadHierarchicalTestExecutorService.submit(SameThreadHierarchicalTestExecutorService.java:35)
	at org.junit.platform.engine.support.hierarchical.HierarchicalTestExecutor.execute(HierarchicalTestExecutor.java:57)
	at org.junit.platform.engine.support.hierarchical.HierarchicalTestEngine.execute(HierarchicalTestEngine.java:54)
	at org.junit.platform.launcher.core.EngineExecutionOrchestrator.execute(EngineExecutionOrchestrator.java:107)
	at org.junit.platform.launcher.core.EngineExecutionOrchestrator.execute(EngineExecutionOrchestrator.java:88)
	at org.junit.platform.launcher.core.EngineExecutionOrchestrator.lambda$execute$0(EngineExecutionOrchestrator.java:54)
	at org.junit.platform.launcher.core.EngineExecutionOrchestrator.withInterceptedStreams(EngineExecutionOrchestrator.java:67)
	at org.junit.platform.launcher.core.EngineExecutionOrchestrator.execute(EngineExecutionOrchestrator.java:52)
	at org.junit.platform.launcher.core.DefaultLauncher.execute(DefaultLauncher.java:114)
	at org.junit.platform.launcher.core.DefaultLauncher.execute(DefaultLauncher.java:86)
	at org.junit.platform.launcher.core.DefaultLauncherSession$DelegatingLauncher.execute(DefaultLauncherSession.java:86)
	at org.gradle.api.internal.tasks.testing.junitplatform.JUnitPlatformTestClassProcessor$CollectAllTestClassesExecutor.processAllTestClasses(JUnitPlatformTestClassProcessor.java:110)
	at org.gradle.api.internal.tasks.testing.junitplatform.JUnitPlatformTestClassProcessor$CollectAllTestClassesExecutor.access$000(JUnitPlatformTestClassProcessor.java:90)
	at org.gradle.api.internal.tasks.testing.junitplatform.JUnitPlatformTestClassProcessor.stop(JUnitPlatformTestClassProcessor.java:85)
	at org.gradle.api.internal.tasks.testing.SuiteTestClassProcessor.stop(SuiteTestClassProcessor.java:62)
	at java.base/jdk.internal.reflect.NativeMethodAccessorImpl.invoke0(Native Method)
	at java.base/jdk.internal.reflect.NativeMethodAccessorImpl.invoke(NativeMethodAccessorImpl.java:62)
	at java.base/jdk.internal.reflect.DelegatingMethodAccessorImpl.invoke(DelegatingMethodAccessorImpl.java:43)
	at java.base/java.lang.reflect.Method.invoke(Method.java:566)
	at org.gradle.internal.dispatch.ReflectionDispatch.dispatch(ReflectionDispatch.java:36)
	at org.gradle.internal.dispatch.ReflectionDispatch.dispatch(ReflectionDispatch.java:24)
	at org.gradle.internal.dispatch.ContextClassLoaderDispatch.dispatch(ContextClassLoaderDispatch.java:33)
	at org.gradle.internal.dispatch.ProxyDispatchAdapter$DispatchingInvocationHandler.invoke(ProxyDispatchAdapter.java:94)
	at com.sun.proxy.$Proxy5.stop(Unknown Source)
	at org.gradle.api.internal.tasks.testing.worker.TestWorker$3.run(TestWorker.java:193)
	at org.gradle.api.internal.tasks.testing.worker.TestWorker.executeAndMaintainThreadName(TestWorker.java:129)
	at org.gradle.api.internal.tasks.testing.worker.TestWorker.execute(TestWorker.java:100)
	at org.gradle.api.internal.tasks.testing.worker.TestWorker.execute(TestWorker.java:60)
	at org.gradle.process.internal.worker.child.ActionExecutionWorker.execute(ActionExecutionWorker.java:56)
	at org.gradle.process.internal.worker.child.SystemApplicationClassLoaderWorker.call(SystemApplicationClassLoaderWorker.java:113)
	at org.gradle.process.internal.worker.child.SystemApplicationClassLoaderWorker.call(SystemApplicationClassLoaderWorker.java:65)
	at worker.org.gradle.process.internal.worker.GradleWorkerMain.run(GradleWorkerMain.java:69)
	at worker.org.gradle.process.internal.worker.GradleWorkerMain.main(GradleWorkerMain.java:74)
Caused by: UnsolvedSymbolException{context='arg0', name='Solving arg0', cause='null'}
	at com.github.javaparser.symbolsolver.javaparsermodel.TypeExtractor.visit(TypeExtractor.java:335)
	at com.github.javaparser.symbolsolver.javaparsermodel.TypeExtractor.visit(TypeExtractor.java:65)
	at com.github.javaparser.ast.expr.NameExpr.accept(NameExpr.java:79)
	at com.github.javaparser.symbolsolver.javaparsermodel.JavaParserFacade.getTypeConcrete(JavaParserFacade.java:505)
	at com.github.javaparser.symbolsolver.javaparsermodel.JavaParserFacade.getType(JavaParserFacade.java:352)
	at com.github.javaparser.symbolsolver.javaparsermodel.JavaParserFacade.getType(JavaParserFacade.java:334)
	at com.github.javaparser.symbolsolver.JavaSymbolSolver.calculateType(JavaSymbolSolver.java:294)
	at com.github.javaparser.ast.expr.Expression.calculateResolvedType(Expression.java:573)
	at de.uka.ilkd.key.java.JP2KeYVisitor.visit(JP2KeYConverter.java:707)
	at de.uka.ilkd.key.java.JP2KeYVisitor.visit(JP2KeYConverter.java:90)
	at com.github.javaparser.ast.expr.NameExpr.accept(NameExpr.java:79)
	at de.uka.ilkd.key.java.JP2KeYVisitor.lambda$map$1(JP2KeYConverter.java:402)
	at java.base/java.util.stream.ReferencePipeline$3$1.accept(ReferencePipeline.java:195)
	at java.base/java.util.ArrayList$ArrayListSpliterator.forEachRemaining(ArrayList.java:1655)
	at java.base/java.util.stream.AbstractPipeline.copyInto(AbstractPipeline.java:484)
	at java.base/java.util.stream.AbstractPipeline.wrapAndCopyInto(AbstractPipeline.java:474)
	at java.base/java.util.stream.ReduceOps$ReduceOp.evaluateSequential(ReduceOps.java:913)
	at java.base/java.util.stream.AbstractPipeline.evaluate(AbstractPipeline.java:234)
	at java.base/java.util.stream.ReferencePipeline.collect(ReferencePipeline.java:578)
	at de.uka.ilkd.key.java.JP2KeYVisitor.map(JP2KeYConverter.java:403)
	at de.uka.ilkd.key.java.JP2KeYVisitor.visit(JP2KeYConverter.java:506)
	at de.uka.ilkd.key.java.JP2KeYVisitor.visit(JP2KeYConverter.java:90)
	at com.github.javaparser.ast.stmt.ExplicitConstructorInvocationStmt.accept(ExplicitConstructorInvocationStmt.java:96)
	at de.uka.ilkd.key.java.JP2KeYVisitor.lambda$map$1(JP2KeYConverter.java:402)
	at java.base/java.util.stream.ReferencePipeline$3$1.accept(ReferencePipeline.java:195)
	at java.base/java.util.ArrayList$ArrayListSpliterator.forEachRemaining(ArrayList.java:1655)
	at java.base/java.util.stream.AbstractPipeline.copyInto(AbstractPipeline.java:484)
	at java.base/java.util.stream.AbstractPipeline.wrapAndCopyInto(AbstractPipeline.java:474)
	at java.base/java.util.stream.ReduceOps$ReduceOp.evaluateSequential(ReduceOps.java:913)
	at java.base/java.util.stream.AbstractPipeline.evaluate(AbstractPipeline.java:234)
	at java.base/java.util.stream.ReferencePipeline.collect(ReferencePipeline.java:578)
	at de.uka.ilkd.key.java.JP2KeYVisitor.map(JP2KeYConverter.java:403)
	at de.uka.ilkd.key.java.JP2KeYVisitor.visit(JP2KeYConverter.java:258)
	at de.uka.ilkd.key.java.JP2KeYVisitor.visit(JP2KeYConverter.java:90)
	at com.github.javaparser.ast.stmt.BlockStmt.accept(BlockStmt.java:70)
	at de.uka.ilkd.key.java.JP2KeYVisitor.lambda$map$1(JP2KeYConverter.java:402)
	at java.base/java.util.stream.ReferencePipeline$3$1.accept(ReferencePipeline.java:195)
	at java.base/java.util.ArrayList$ArrayListSpliterator.forEachRemaining(ArrayList.java:1655)
	at java.base/java.util.stream.AbstractPipeline.copyInto(AbstractPipeline.java:484)
	at java.base/java.util.stream.AbstractPipeline.wrapAndCopyInto(AbstractPipeline.java:474)
	at java.base/java.util.stream.ReduceOps$ReduceOp.evaluateSequential(ReduceOps.java:913)
	at java.base/java.util.stream.AbstractPipeline.evaluate(AbstractPipeline.java:234)
	at java.base/java.util.stream.ReferencePipeline.collect(ReferencePipeline.java:578)
	at de.uka.ilkd.key.java.JP2KeYVisitor.map(JP2KeYConverter.java:403)
	at de.uka.ilkd.key.java.JP2KeYVisitor.visit(JP2KeYConverter.java:258)
	at de.uka.ilkd.key.java.JP2KeYVisitor.visit(JP2KeYConverter.java:90)
	at com.github.javaparser.ast.stmt.BlockStmt.accept(BlockStmt.java:70)
	at de.uka.ilkd.key.java.JP2KeYVisitor.accept(JP2KeYConverter.java:348)
	at de.uka.ilkd.key.java.JP2KeYVisitor.visit(JP2KeYConverter.java:946)
	at de.uka.ilkd.key.java.JP2KeYVisitor.visit(JP2KeYConverter.java:90)
	at com.github.javaparser.ast.stmt.TryStmt.accept(TryStmt.java:135)
	at de.uka.ilkd.key.java.JP2KeYVisitor.lambda$map$1(JP2KeYConverter.java:402)
	at java.base/java.util.stream.ReferencePipeline$3$1.accept(ReferencePipeline.java:195)
	at java.base/java.util.ArrayList$ArrayListSpliterator.forEachRemaining(ArrayList.java:1655)
	at java.base/java.util.stream.AbstractPipeline.copyInto(AbstractPipeline.java:484)
	at java.base/java.util.stream.AbstractPipeline.wrapAndCopyInto(AbstractPipeline.java:474)
	at java.base/java.util.stream.ReduceOps$ReduceOp.evaluateSequential(ReduceOps.java:913)
	at java.base/java.util.stream.AbstractPipeline.evaluate(AbstractPipeline.java:234)
	at java.base/java.util.stream.ReferencePipeline.collect(ReferencePipeline.java:578)
	at de.uka.ilkd.key.java.JP2KeYVisitor.map(JP2KeYConverter.java:403)
	at de.uka.ilkd.key.java.JP2KeYVisitor.visit(JP2KeYConverter.java:258)
	at de.uka.ilkd.key.java.JP2KeYVisitor.visit(JP2KeYConverter.java:90)
	at com.github.javaparser.ast.stmt.BlockStmt.accept(BlockStmt.java:70)
	at de.uka.ilkd.key.java.JP2KeYVisitor.accept(JP2KeYConverter.java:348)
	at de.uka.ilkd.key.java.JP2KeYVisitor.visit(JP2KeYConverter.java:609)
	at de.uka.ilkd.key.java.JP2KeYVisitor.visit(JP2KeYConverter.java:90)
	at com.github.javaparser.ast.stmt.IfStmt.accept(IfStmt.java:82)
	at de.uka.ilkd.key.java.JP2KeYVisitor.lambda$map$1(JP2KeYConverter.java:402)
	at java.base/java.util.stream.ReferencePipeline$3$1.accept(ReferencePipeline.java:195)
	at java.base/java.util.ArrayList$ArrayListSpliterator.forEachRemaining(ArrayList.java:1655)
	at java.base/java.util.stream.AbstractPipeline.copyInto(AbstractPipeline.java:484)
	at java.base/java.util.stream.AbstractPipeline.wrapAndCopyInto(AbstractPipeline.java:474)
	at java.base/java.util.stream.ReduceOps$ReduceOp.evaluateSequential(ReduceOps.java:913)
	at java.base/java.util.stream.AbstractPipeline.evaluate(AbstractPipeline.java:234)
	at java.base/java.util.stream.ReferencePipeline.collect(ReferencePipeline.java:578)
	at de.uka.ilkd.key.java.JP2KeYVisitor.map(JP2KeYConverter.java:403)
	at de.uka.ilkd.key.java.JP2KeYVisitor.visit(JP2KeYConverter.java:258)
	at de.uka.ilkd.key.java.JP2KeYVisitor.visit(JP2KeYConverter.java:90)
	at com.github.javaparser.ast.stmt.BlockStmt.accept(BlockStmt.java:70)
	at de.uka.ilkd.key.java.JP2KeYVisitor.accept(JP2KeYConverter.java:348)
	at de.uka.ilkd.key.java.JP2KeYVisitor.visit(JP2KeYConverter.java:609)
	at de.uka.ilkd.key.java.JP2KeYVisitor.visit(JP2KeYConverter.java:90)
	at com.github.javaparser.ast.stmt.IfStmt.accept(IfStmt.java:82)
	at de.uka.ilkd.key.java.JP2KeYVisitor.lambda$map$1(JP2KeYConverter.java:402)
	at java.base/java.util.stream.ReferencePipeline$3$1.accept(ReferencePipeline.java:195)
	at java.base/java.util.ArrayList$ArrayListSpliterator.forEachRemaining(ArrayList.java:1655)
	at java.base/java.util.stream.AbstractPipeline.copyInto(AbstractPipeline.java:484)
	at java.base/java.util.stream.AbstractPipeline.wrapAndCopyInto(AbstractPipeline.java:474)
	at java.base/java.util.stream.ReduceOps$ReduceOp.evaluateSequential(ReduceOps.java:913)
	at java.base/java.util.stream.AbstractPipeline.evaluate(AbstractPipeline.java:234)
	at java.base/java.util.stream.ReferencePipeline.collect(ReferencePipeline.java:578)
	at de.uka.ilkd.key.java.JP2KeYVisitor.map(JP2KeYConverter.java:403)
	at de.uka.ilkd.key.java.JP2KeYVisitor.visit(JP2KeYConverter.java:258)
	at de.uka.ilkd.key.java.JP2KeYVisitor.visit(JP2KeYConverter.java:90)
	at com.github.javaparser.ast.stmt.BlockStmt.accept(BlockStmt.java:70)
	at de.uka.ilkd.key.java.JP2KeYVisitor.accept(JP2KeYConverter.java:348)
	at de.uka.ilkd.key.java.JP2KeYVisitor.accepto(JP2KeYConverter.java:418)
	at de.uka.ilkd.key.java.JP2KeYVisitor.visit(JP2KeYConverter.java:688)
	at de.uka.ilkd.key.java.JP2KeYVisitor.visit(JP2KeYConverter.java:90)
	at com.github.javaparser.ast.body.MethodDeclaration.accept(MethodDeclaration.java:98)
	at de.uka.ilkd.key.java.JP2KeYVisitor.lambda$map$1(JP2KeYConverter.java:402)
	at java.base/java.util.stream.ReferencePipeline$3$1.accept(ReferencePipeline.java:195)
	at java.base/java.util.ArrayList$ArrayListSpliterator.forEachRemaining(ArrayList.java:1655)
	at java.base/java.util.stream.AbstractPipeline.copyInto(AbstractPipeline.java:484)
	at java.base/java.util.stream.AbstractPipeline.wrapAndCopyInto(AbstractPipeline.java:474)
	at java.base/java.util.stream.ReduceOps$ReduceOp.evaluateSequential(ReduceOps.java:913)
	at java.base/java.util.stream.AbstractPipeline.evaluate(AbstractPipeline.java:234)
	at java.base/java.util.stream.ReferencePipeline.collect(ReferencePipeline.java:578)
	at de.uka.ilkd.key.java.JP2KeYVisitor.map(JP2KeYConverter.java:403)
	at de.uka.ilkd.key.java.JP2KeYVisitor.visit(JP2KeYConverter.java:310)
	at de.uka.ilkd.key.java.JP2KeYVisitor.visit(JP2KeYConverter.java:90)
	at com.github.javaparser.ast.body.ClassOrInterfaceDeclaration.accept(ClassOrInterfaceDeclaration.java:95)
	at de.uka.ilkd.key.java.JP2KeYVisitor.lambda$map$1(JP2KeYConverter.java:402)
	at java.base/java.util.stream.ReferencePipeline$3$1.accept(ReferencePipeline.java:195)
	at java.base/java.util.ArrayList$ArrayListSpliterator.forEachRemaining(ArrayList.java:1655)
	at java.base/java.util.stream.AbstractPipeline.copyInto(AbstractPipeline.java:484)
	at java.base/java.util.stream.AbstractPipeline.wrapAndCopyInto(AbstractPipeline.java:474)
	at java.base/java.util.stream.ReduceOps$ReduceOp.evaluateSequential(ReduceOps.java:913)
	at java.base/java.util.stream.AbstractPipeline.evaluate(AbstractPipeline.java:234)
	at java.base/java.util.stream.ReferencePipeline.collect(ReferencePipeline.java:578)
	at de.uka.ilkd.key.java.JP2KeYVisitor.map(JP2KeYConverter.java:403)
	at de.uka.ilkd.key.java.JP2KeYVisitor.visit(JP2KeYConverter.java:393)
	at de.uka.ilkd.key.java.JP2KeYVisitor.visit(JP2KeYConverter.java:90)
	at com.github.javaparser.ast.CompilationUnit.accept(CompilationUnit.java:124)
	at de.uka.ilkd.key.java.JP2KeYConverter.process(JP2KeYConverter.java:84)
	at de.uka.ilkd.key.java.JP2KeYConverter.processCompilationUnit(JP2KeYConverter.java:80)
	at de.uka.ilkd.key.java.JavaService.parseLibraryClasses0(JavaService.java:536)
	at de.uka.ilkd.key.java.JavaService.parseSpecialClasses(JavaService.java:511)
	at de.uka.ilkd.key.proof.init.ProblemInitializer.readJava(ProblemInitializer.java:280)
	at de.uka.ilkd.key.proof.init.ProblemInitializer.prepare(ProblemInitializer.java:529)
	at de.uka.ilkd.key.proof.init.ProblemInitializer.prepare(ProblemInitializer.java:471)
	at de.uka.ilkd.key.rule.TacletForTests.parse(TacletForTests.java:80)
	... 90 more
</failure>
  </testcase>
  <testcase name="testIncompleteNoFindTacletApp()" classname="de.uka.ilkd.key.rule.TestApplyTaclet" time="0.17">
    <failure message="java.lang.RuntimeException: Exception occurred while parsing src\test\resources\testcase\testrules.key" type="java.lang.RuntimeException">java.lang.RuntimeException: Exception occurred while parsing src\test\resources\testcase\testrules.key
	at de.uka.ilkd.key.rule.TacletForTests.parse(TacletForTests.java:89)
	at de.uka.ilkd.key.rule.TacletForTests.parse(TacletForTests.java:125)
	at de.uka.ilkd.key.rule.TacletForTests.parse(TacletForTests.java:129)
	at de.uka.ilkd.key.rule.TestApplyTaclet.setUp(TestApplyTaclet.java:75)
	at jdk.internal.reflect.GeneratedMethodAccessor11.invoke(Unknown Source)
	at java.base/jdk.internal.reflect.DelegatingMethodAccessorImpl.invoke(DelegatingMethodAccessorImpl.java:43)
	at java.base/java.lang.reflect.Method.invoke(Method.java:566)
	at org.junit.platform.commons.util.ReflectionUtils.invokeMethod(ReflectionUtils.java:727)
	at org.junit.jupiter.engine.execution.MethodInvocation.proceed(MethodInvocation.java:60)
	at org.junit.jupiter.engine.execution.InvocationInterceptorChain$ValidatingInvocation.proceed(InvocationInterceptorChain.java:131)
	at org.junit.jupiter.engine.extension.TimeoutExtension.intercept(TimeoutExtension.java:156)
	at org.junit.jupiter.engine.extension.TimeoutExtension.interceptLifecycleMethod(TimeoutExtension.java:128)
	at org.junit.jupiter.engine.extension.TimeoutExtension.interceptBeforeEachMethod(TimeoutExtension.java:78)
	at org.junit.jupiter.engine.execution.InterceptingExecutableInvoker$ReflectiveInterceptorCall.lambda$ofVoidMethod$0(InterceptingExecutableInvoker.java:103)
	at org.junit.jupiter.engine.execution.InterceptingExecutableInvoker.lambda$invoke$0(InterceptingExecutableInvoker.java:93)
	at org.junit.jupiter.engine.execution.InvocationInterceptorChain$InterceptedInvocation.proceed(InvocationInterceptorChain.java:106)
	at org.junit.jupiter.engine.execution.InvocationInterceptorChain.proceed(InvocationInterceptorChain.java:64)
	at org.junit.jupiter.engine.execution.InvocationInterceptorChain.chainAndInvoke(InvocationInterceptorChain.java:45)
	at org.junit.jupiter.engine.execution.InvocationInterceptorChain.invoke(InvocationInterceptorChain.java:37)
	at org.junit.jupiter.engine.execution.InterceptingExecutableInvoker.invoke(InterceptingExecutableInvoker.java:92)
	at org.junit.jupiter.engine.execution.InterceptingExecutableInvoker.invoke(InterceptingExecutableInvoker.java:86)
	at org.junit.jupiter.engine.descriptor.ClassBasedTestDescriptor.invokeMethodInExtensionContext(ClassBasedTestDescriptor.java:520)
	at org.junit.jupiter.engine.descriptor.ClassBasedTestDescriptor.lambda$synthesizeBeforeEachMethodAdapter$23(ClassBasedTestDescriptor.java:505)
	at org.junit.jupiter.engine.descriptor.TestMethodTestDescriptor.lambda$invokeBeforeEachMethods$3(TestMethodTestDescriptor.java:174)
	at org.junit.jupiter.engine.descriptor.TestMethodTestDescriptor.lambda$invokeBeforeMethodsOrCallbacksUntilExceptionOccurs$6(TestMethodTestDescriptor.java:202)
	at org.junit.platform.engine.support.hierarchical.ThrowableCollector.execute(ThrowableCollector.java:73)
	at org.junit.jupiter.engine.descriptor.TestMethodTestDescriptor.invokeBeforeMethodsOrCallbacksUntilExceptionOccurs(TestMethodTestDescriptor.java:202)
	at org.junit.jupiter.engine.descriptor.TestMethodTestDescriptor.invokeBeforeEachMethods(TestMethodTestDescriptor.java:171)
	at org.junit.jupiter.engine.descriptor.TestMethodTestDescriptor.execute(TestMethodTestDescriptor.java:134)
	at org.junit.jupiter.engine.descriptor.TestMethodTestDescriptor.execute(TestMethodTestDescriptor.java:68)
	at org.junit.platform.engine.support.hierarchical.NodeTestTask.lambda$executeRecursively$6(NodeTestTask.java:151)
	at org.junit.platform.engine.support.hierarchical.ThrowableCollector.execute(ThrowableCollector.java:73)
	at org.junit.platform.engine.support.hierarchical.NodeTestTask.lambda$executeRecursively$8(NodeTestTask.java:141)
	at org.junit.platform.engine.support.hierarchical.Node.around(Node.java:137)
	at org.junit.platform.engine.support.hierarchical.NodeTestTask.lambda$executeRecursively$9(NodeTestTask.java:139)
	at org.junit.platform.engine.support.hierarchical.ThrowableCollector.execute(ThrowableCollector.java:73)
	at org.junit.platform.engine.support.hierarchical.NodeTestTask.executeRecursively(NodeTestTask.java:138)
	at org.junit.platform.engine.support.hierarchical.NodeTestTask.execute(NodeTestTask.java:95)
	at java.base/java.util.ArrayList.forEach(ArrayList.java:1541)
	at org.junit.platform.engine.support.hierarchical.SameThreadHierarchicalTestExecutorService.invokeAll(SameThreadHierarchicalTestExecutorService.java:41)
	at org.junit.platform.engine.support.hierarchical.NodeTestTask.lambda$executeRecursively$6(NodeTestTask.java:155)
	at org.junit.platform.engine.support.hierarchical.ThrowableCollector.execute(ThrowableCollector.java:73)
	at org.junit.platform.engine.support.hierarchical.NodeTestTask.lambda$executeRecursively$8(NodeTestTask.java:141)
	at org.junit.platform.engine.support.hierarchical.Node.around(Node.java:137)
	at org.junit.platform.engine.support.hierarchical.NodeTestTask.lambda$executeRecursively$9(NodeTestTask.java:139)
	at org.junit.platform.engine.support.hierarchical.ThrowableCollector.execute(ThrowableCollector.java:73)
	at org.junit.platform.engine.support.hierarchical.NodeTestTask.executeRecursively(NodeTestTask.java:138)
	at org.junit.platform.engine.support.hierarchical.NodeTestTask.execute(NodeTestTask.java:95)
	at java.base/java.util.ArrayList.forEach(ArrayList.java:1541)
	at org.junit.platform.engine.support.hierarchical.SameThreadHierarchicalTestExecutorService.invokeAll(SameThreadHierarchicalTestExecutorService.java:41)
	at org.junit.platform.engine.support.hierarchical.NodeTestTask.lambda$executeRecursively$6(NodeTestTask.java:155)
	at org.junit.platform.engine.support.hierarchical.ThrowableCollector.execute(ThrowableCollector.java:73)
	at org.junit.platform.engine.support.hierarchical.NodeTestTask.lambda$executeRecursively$8(NodeTestTask.java:141)
	at org.junit.platform.engine.support.hierarchical.Node.around(Node.java:137)
	at org.junit.platform.engine.support.hierarchical.NodeTestTask.lambda$executeRecursively$9(NodeTestTask.java:139)
	at org.junit.platform.engine.support.hierarchical.ThrowableCollector.execute(ThrowableCollector.java:73)
	at org.junit.platform.engine.support.hierarchical.NodeTestTask.executeRecursively(NodeTestTask.java:138)
	at org.junit.platform.engine.support.hierarchical.NodeTestTask.execute(NodeTestTask.java:95)
	at org.junit.platform.engine.support.hierarchical.SameThreadHierarchicalTestExecutorService.submit(SameThreadHierarchicalTestExecutorService.java:35)
	at org.junit.platform.engine.support.hierarchical.HierarchicalTestExecutor.execute(HierarchicalTestExecutor.java:57)
	at org.junit.platform.engine.support.hierarchical.HierarchicalTestEngine.execute(HierarchicalTestEngine.java:54)
	at org.junit.platform.launcher.core.EngineExecutionOrchestrator.execute(EngineExecutionOrchestrator.java:107)
	at org.junit.platform.launcher.core.EngineExecutionOrchestrator.execute(EngineExecutionOrchestrator.java:88)
	at org.junit.platform.launcher.core.EngineExecutionOrchestrator.lambda$execute$0(EngineExecutionOrchestrator.java:54)
	at org.junit.platform.launcher.core.EngineExecutionOrchestrator.withInterceptedStreams(EngineExecutionOrchestrator.java:67)
	at org.junit.platform.launcher.core.EngineExecutionOrchestrator.execute(EngineExecutionOrchestrator.java:52)
	at org.junit.platform.launcher.core.DefaultLauncher.execute(DefaultLauncher.java:114)
	at org.junit.platform.launcher.core.DefaultLauncher.execute(DefaultLauncher.java:86)
	at org.junit.platform.launcher.core.DefaultLauncherSession$DelegatingLauncher.execute(DefaultLauncherSession.java:86)
	at org.gradle.api.internal.tasks.testing.junitplatform.JUnitPlatformTestClassProcessor$CollectAllTestClassesExecutor.processAllTestClasses(JUnitPlatformTestClassProcessor.java:110)
	at org.gradle.api.internal.tasks.testing.junitplatform.JUnitPlatformTestClassProcessor$CollectAllTestClassesExecutor.access$000(JUnitPlatformTestClassProcessor.java:90)
	at org.gradle.api.internal.tasks.testing.junitplatform.JUnitPlatformTestClassProcessor.stop(JUnitPlatformTestClassProcessor.java:85)
	at org.gradle.api.internal.tasks.testing.SuiteTestClassProcessor.stop(SuiteTestClassProcessor.java:62)
	at java.base/jdk.internal.reflect.NativeMethodAccessorImpl.invoke0(Native Method)
	at java.base/jdk.internal.reflect.NativeMethodAccessorImpl.invoke(NativeMethodAccessorImpl.java:62)
	at java.base/jdk.internal.reflect.DelegatingMethodAccessorImpl.invoke(DelegatingMethodAccessorImpl.java:43)
	at java.base/java.lang.reflect.Method.invoke(Method.java:566)
	at org.gradle.internal.dispatch.ReflectionDispatch.dispatch(ReflectionDispatch.java:36)
	at org.gradle.internal.dispatch.ReflectionDispatch.dispatch(ReflectionDispatch.java:24)
	at org.gradle.internal.dispatch.ContextClassLoaderDispatch.dispatch(ContextClassLoaderDispatch.java:33)
	at org.gradle.internal.dispatch.ProxyDispatchAdapter$DispatchingInvocationHandler.invoke(ProxyDispatchAdapter.java:94)
	at com.sun.proxy.$Proxy5.stop(Unknown Source)
	at org.gradle.api.internal.tasks.testing.worker.TestWorker$3.run(TestWorker.java:193)
	at org.gradle.api.internal.tasks.testing.worker.TestWorker.executeAndMaintainThreadName(TestWorker.java:129)
	at org.gradle.api.internal.tasks.testing.worker.TestWorker.execute(TestWorker.java:100)
	at org.gradle.api.internal.tasks.testing.worker.TestWorker.execute(TestWorker.java:60)
	at org.gradle.process.internal.worker.child.ActionExecutionWorker.execute(ActionExecutionWorker.java:56)
	at org.gradle.process.internal.worker.child.SystemApplicationClassLoaderWorker.call(SystemApplicationClassLoaderWorker.java:113)
	at org.gradle.process.internal.worker.child.SystemApplicationClassLoaderWorker.call(SystemApplicationClassLoaderWorker.java:65)
	at worker.org.gradle.process.internal.worker.GradleWorkerMain.run(GradleWorkerMain.java:69)
	at worker.org.gradle.process.internal.worker.GradleWorkerMain.main(GradleWorkerMain.java:74)
Caused by: UnsolvedSymbolException{context='arg0', name='Solving arg0', cause='null'}
	at com.github.javaparser.symbolsolver.javaparsermodel.TypeExtractor.visit(TypeExtractor.java:335)
	at com.github.javaparser.symbolsolver.javaparsermodel.TypeExtractor.visit(TypeExtractor.java:65)
	at com.github.javaparser.ast.expr.NameExpr.accept(NameExpr.java:79)
	at com.github.javaparser.symbolsolver.javaparsermodel.JavaParserFacade.getTypeConcrete(JavaParserFacade.java:505)
	at com.github.javaparser.symbolsolver.javaparsermodel.JavaParserFacade.getType(JavaParserFacade.java:352)
	at com.github.javaparser.symbolsolver.javaparsermodel.JavaParserFacade.getType(JavaParserFacade.java:334)
	at com.github.javaparser.symbolsolver.JavaSymbolSolver.calculateType(JavaSymbolSolver.java:294)
	at com.github.javaparser.ast.expr.Expression.calculateResolvedType(Expression.java:573)
	at de.uka.ilkd.key.java.JP2KeYVisitor.visit(JP2KeYConverter.java:707)
	at de.uka.ilkd.key.java.JP2KeYVisitor.visit(JP2KeYConverter.java:90)
	at com.github.javaparser.ast.expr.NameExpr.accept(NameExpr.java:79)
	at de.uka.ilkd.key.java.JP2KeYVisitor.lambda$map$1(JP2KeYConverter.java:402)
	at java.base/java.util.stream.ReferencePipeline$3$1.accept(ReferencePipeline.java:195)
	at java.base/java.util.ArrayList$ArrayListSpliterator.forEachRemaining(ArrayList.java:1655)
	at java.base/java.util.stream.AbstractPipeline.copyInto(AbstractPipeline.java:484)
	at java.base/java.util.stream.AbstractPipeline.wrapAndCopyInto(AbstractPipeline.java:474)
	at java.base/java.util.stream.ReduceOps$ReduceOp.evaluateSequential(ReduceOps.java:913)
	at java.base/java.util.stream.AbstractPipeline.evaluate(AbstractPipeline.java:234)
	at java.base/java.util.stream.ReferencePipeline.collect(ReferencePipeline.java:578)
	at de.uka.ilkd.key.java.JP2KeYVisitor.map(JP2KeYConverter.java:403)
	at de.uka.ilkd.key.java.JP2KeYVisitor.visit(JP2KeYConverter.java:506)
	at de.uka.ilkd.key.java.JP2KeYVisitor.visit(JP2KeYConverter.java:90)
	at com.github.javaparser.ast.stmt.ExplicitConstructorInvocationStmt.accept(ExplicitConstructorInvocationStmt.java:96)
	at de.uka.ilkd.key.java.JP2KeYVisitor.lambda$map$1(JP2KeYConverter.java:402)
	at java.base/java.util.stream.ReferencePipeline$3$1.accept(ReferencePipeline.java:195)
	at java.base/java.util.ArrayList$ArrayListSpliterator.forEachRemaining(ArrayList.java:1655)
	at java.base/java.util.stream.AbstractPipeline.copyInto(AbstractPipeline.java:484)
	at java.base/java.util.stream.AbstractPipeline.wrapAndCopyInto(AbstractPipeline.java:474)
	at java.base/java.util.stream.ReduceOps$ReduceOp.evaluateSequential(ReduceOps.java:913)
	at java.base/java.util.stream.AbstractPipeline.evaluate(AbstractPipeline.java:234)
	at java.base/java.util.stream.ReferencePipeline.collect(ReferencePipeline.java:578)
	at de.uka.ilkd.key.java.JP2KeYVisitor.map(JP2KeYConverter.java:403)
	at de.uka.ilkd.key.java.JP2KeYVisitor.visit(JP2KeYConverter.java:258)
	at de.uka.ilkd.key.java.JP2KeYVisitor.visit(JP2KeYConverter.java:90)
	at com.github.javaparser.ast.stmt.BlockStmt.accept(BlockStmt.java:70)
	at de.uka.ilkd.key.java.JP2KeYVisitor.lambda$map$1(JP2KeYConverter.java:402)
	at java.base/java.util.stream.ReferencePipeline$3$1.accept(ReferencePipeline.java:195)
	at java.base/java.util.ArrayList$ArrayListSpliterator.forEachRemaining(ArrayList.java:1655)
	at java.base/java.util.stream.AbstractPipeline.copyInto(AbstractPipeline.java:484)
	at java.base/java.util.stream.AbstractPipeline.wrapAndCopyInto(AbstractPipeline.java:474)
	at java.base/java.util.stream.ReduceOps$ReduceOp.evaluateSequential(ReduceOps.java:913)
	at java.base/java.util.stream.AbstractPipeline.evaluate(AbstractPipeline.java:234)
	at java.base/java.util.stream.ReferencePipeline.collect(ReferencePipeline.java:578)
	at de.uka.ilkd.key.java.JP2KeYVisitor.map(JP2KeYConverter.java:403)
	at de.uka.ilkd.key.java.JP2KeYVisitor.visit(JP2KeYConverter.java:258)
	at de.uka.ilkd.key.java.JP2KeYVisitor.visit(JP2KeYConverter.java:90)
	at com.github.javaparser.ast.stmt.BlockStmt.accept(BlockStmt.java:70)
	at de.uka.ilkd.key.java.JP2KeYVisitor.accept(JP2KeYConverter.java:348)
	at de.uka.ilkd.key.java.JP2KeYVisitor.visit(JP2KeYConverter.java:946)
	at de.uka.ilkd.key.java.JP2KeYVisitor.visit(JP2KeYConverter.java:90)
	at com.github.javaparser.ast.stmt.TryStmt.accept(TryStmt.java:135)
	at de.uka.ilkd.key.java.JP2KeYVisitor.lambda$map$1(JP2KeYConverter.java:402)
	at java.base/java.util.stream.ReferencePipeline$3$1.accept(ReferencePipeline.java:195)
	at java.base/java.util.ArrayList$ArrayListSpliterator.forEachRemaining(ArrayList.java:1655)
	at java.base/java.util.stream.AbstractPipeline.copyInto(AbstractPipeline.java:484)
	at java.base/java.util.stream.AbstractPipeline.wrapAndCopyInto(AbstractPipeline.java:474)
	at java.base/java.util.stream.ReduceOps$ReduceOp.evaluateSequential(ReduceOps.java:913)
	at java.base/java.util.stream.AbstractPipeline.evaluate(AbstractPipeline.java:234)
	at java.base/java.util.stream.ReferencePipeline.collect(ReferencePipeline.java:578)
	at de.uka.ilkd.key.java.JP2KeYVisitor.map(JP2KeYConverter.java:403)
	at de.uka.ilkd.key.java.JP2KeYVisitor.visit(JP2KeYConverter.java:258)
	at de.uka.ilkd.key.java.JP2KeYVisitor.visit(JP2KeYConverter.java:90)
	at com.github.javaparser.ast.stmt.BlockStmt.accept(BlockStmt.java:70)
	at de.uka.ilkd.key.java.JP2KeYVisitor.accept(JP2KeYConverter.java:348)
	at de.uka.ilkd.key.java.JP2KeYVisitor.visit(JP2KeYConverter.java:609)
	at de.uka.ilkd.key.java.JP2KeYVisitor.visit(JP2KeYConverter.java:90)
	at com.github.javaparser.ast.stmt.IfStmt.accept(IfStmt.java:82)
	at de.uka.ilkd.key.java.JP2KeYVisitor.lambda$map$1(JP2KeYConverter.java:402)
	at java.base/java.util.stream.ReferencePipeline$3$1.accept(ReferencePipeline.java:195)
	at java.base/java.util.ArrayList$ArrayListSpliterator.forEachRemaining(ArrayList.java:1655)
	at java.base/java.util.stream.AbstractPipeline.copyInto(AbstractPipeline.java:484)
	at java.base/java.util.stream.AbstractPipeline.wrapAndCopyInto(AbstractPipeline.java:474)
	at java.base/java.util.stream.ReduceOps$ReduceOp.evaluateSequential(ReduceOps.java:913)
	at java.base/java.util.stream.AbstractPipeline.evaluate(AbstractPipeline.java:234)
	at java.base/java.util.stream.ReferencePipeline.collect(ReferencePipeline.java:578)
	at de.uka.ilkd.key.java.JP2KeYVisitor.map(JP2KeYConverter.java:403)
	at de.uka.ilkd.key.java.JP2KeYVisitor.visit(JP2KeYConverter.java:258)
	at de.uka.ilkd.key.java.JP2KeYVisitor.visit(JP2KeYConverter.java:90)
	at com.github.javaparser.ast.stmt.BlockStmt.accept(BlockStmt.java:70)
	at de.uka.ilkd.key.java.JP2KeYVisitor.accept(JP2KeYConverter.java:348)
	at de.uka.ilkd.key.java.JP2KeYVisitor.visit(JP2KeYConverter.java:609)
	at de.uka.ilkd.key.java.JP2KeYVisitor.visit(JP2KeYConverter.java:90)
	at com.github.javaparser.ast.stmt.IfStmt.accept(IfStmt.java:82)
	at de.uka.ilkd.key.java.JP2KeYVisitor.lambda$map$1(JP2KeYConverter.java:402)
	at java.base/java.util.stream.ReferencePipeline$3$1.accept(ReferencePipeline.java:195)
	at java.base/java.util.ArrayList$ArrayListSpliterator.forEachRemaining(ArrayList.java:1655)
	at java.base/java.util.stream.AbstractPipeline.copyInto(AbstractPipeline.java:484)
	at java.base/java.util.stream.AbstractPipeline.wrapAndCopyInto(AbstractPipeline.java:474)
	at java.base/java.util.stream.ReduceOps$ReduceOp.evaluateSequential(ReduceOps.java:913)
	at java.base/java.util.stream.AbstractPipeline.evaluate(AbstractPipeline.java:234)
	at java.base/java.util.stream.ReferencePipeline.collect(ReferencePipeline.java:578)
	at de.uka.ilkd.key.java.JP2KeYVisitor.map(JP2KeYConverter.java:403)
	at de.uka.ilkd.key.java.JP2KeYVisitor.visit(JP2KeYConverter.java:258)
	at de.uka.ilkd.key.java.JP2KeYVisitor.visit(JP2KeYConverter.java:90)
	at com.github.javaparser.ast.stmt.BlockStmt.accept(BlockStmt.java:70)
	at de.uka.ilkd.key.java.JP2KeYVisitor.accept(JP2KeYConverter.java:348)
	at de.uka.ilkd.key.java.JP2KeYVisitor.accepto(JP2KeYConverter.java:418)
	at de.uka.ilkd.key.java.JP2KeYVisitor.visit(JP2KeYConverter.java:688)
	at de.uka.ilkd.key.java.JP2KeYVisitor.visit(JP2KeYConverter.java:90)
	at com.github.javaparser.ast.body.MethodDeclaration.accept(MethodDeclaration.java:98)
	at de.uka.ilkd.key.java.JP2KeYVisitor.lambda$map$1(JP2KeYConverter.java:402)
	at java.base/java.util.stream.ReferencePipeline$3$1.accept(ReferencePipeline.java:195)
	at java.base/java.util.ArrayList$ArrayListSpliterator.forEachRemaining(ArrayList.java:1655)
	at java.base/java.util.stream.AbstractPipeline.copyInto(AbstractPipeline.java:484)
	at java.base/java.util.stream.AbstractPipeline.wrapAndCopyInto(AbstractPipeline.java:474)
	at java.base/java.util.stream.ReduceOps$ReduceOp.evaluateSequential(ReduceOps.java:913)
	at java.base/java.util.stream.AbstractPipeline.evaluate(AbstractPipeline.java:234)
	at java.base/java.util.stream.ReferencePipeline.collect(ReferencePipeline.java:578)
	at de.uka.ilkd.key.java.JP2KeYVisitor.map(JP2KeYConverter.java:403)
	at de.uka.ilkd.key.java.JP2KeYVisitor.visit(JP2KeYConverter.java:310)
	at de.uka.ilkd.key.java.JP2KeYVisitor.visit(JP2KeYConverter.java:90)
	at com.github.javaparser.ast.body.ClassOrInterfaceDeclaration.accept(ClassOrInterfaceDeclaration.java:95)
	at de.uka.ilkd.key.java.JP2KeYVisitor.lambda$map$1(JP2KeYConverter.java:402)
	at java.base/java.util.stream.ReferencePipeline$3$1.accept(ReferencePipeline.java:195)
	at java.base/java.util.ArrayList$ArrayListSpliterator.forEachRemaining(ArrayList.java:1655)
	at java.base/java.util.stream.AbstractPipeline.copyInto(AbstractPipeline.java:484)
	at java.base/java.util.stream.AbstractPipeline.wrapAndCopyInto(AbstractPipeline.java:474)
	at java.base/java.util.stream.ReduceOps$ReduceOp.evaluateSequential(ReduceOps.java:913)
	at java.base/java.util.stream.AbstractPipeline.evaluate(AbstractPipeline.java:234)
	at java.base/java.util.stream.ReferencePipeline.collect(ReferencePipeline.java:578)
	at de.uka.ilkd.key.java.JP2KeYVisitor.map(JP2KeYConverter.java:403)
	at de.uka.ilkd.key.java.JP2KeYVisitor.visit(JP2KeYConverter.java:393)
	at de.uka.ilkd.key.java.JP2KeYVisitor.visit(JP2KeYConverter.java:90)
	at com.github.javaparser.ast.CompilationUnit.accept(CompilationUnit.java:124)
	at de.uka.ilkd.key.java.JP2KeYConverter.process(JP2KeYConverter.java:84)
	at de.uka.ilkd.key.java.JP2KeYConverter.processCompilationUnit(JP2KeYConverter.java:80)
	at de.uka.ilkd.key.java.JavaService.parseLibraryClasses0(JavaService.java:536)
	at de.uka.ilkd.key.java.JavaService.parseSpecialClasses(JavaService.java:511)
	at de.uka.ilkd.key.proof.init.ProblemInitializer.readJava(ProblemInitializer.java:280)
	at de.uka.ilkd.key.proof.init.ProblemInitializer.prepare(ProblemInitializer.java:529)
	at de.uka.ilkd.key.proof.init.ProblemInitializer.prepare(ProblemInitializer.java:471)
	at de.uka.ilkd.key.rule.TacletForTests.parse(TacletForTests.java:80)
	... 90 more
</failure>
  </testcase>
  <testcase name="testNoFindTacletWithoutIf()" classname="de.uka.ilkd.key.rule.TestApplyTaclet" time="0.179">
    <failure message="java.lang.RuntimeException: Exception occurred while parsing src\test\resources\testcase\testrules.key" type="java.lang.RuntimeException">java.lang.RuntimeException: Exception occurred while parsing src\test\resources\testcase\testrules.key
	at de.uka.ilkd.key.rule.TacletForTests.parse(TacletForTests.java:89)
	at de.uka.ilkd.key.rule.TacletForTests.parse(TacletForTests.java:125)
	at de.uka.ilkd.key.rule.TacletForTests.parse(TacletForTests.java:129)
	at de.uka.ilkd.key.rule.TestApplyTaclet.setUp(TestApplyTaclet.java:75)
	at jdk.internal.reflect.GeneratedMethodAccessor11.invoke(Unknown Source)
	at java.base/jdk.internal.reflect.DelegatingMethodAccessorImpl.invoke(DelegatingMethodAccessorImpl.java:43)
	at java.base/java.lang.reflect.Method.invoke(Method.java:566)
	at org.junit.platform.commons.util.ReflectionUtils.invokeMethod(ReflectionUtils.java:727)
	at org.junit.jupiter.engine.execution.MethodInvocation.proceed(MethodInvocation.java:60)
	at org.junit.jupiter.engine.execution.InvocationInterceptorChain$ValidatingInvocation.proceed(InvocationInterceptorChain.java:131)
	at org.junit.jupiter.engine.extension.TimeoutExtension.intercept(TimeoutExtension.java:156)
	at org.junit.jupiter.engine.extension.TimeoutExtension.interceptLifecycleMethod(TimeoutExtension.java:128)
	at org.junit.jupiter.engine.extension.TimeoutExtension.interceptBeforeEachMethod(TimeoutExtension.java:78)
	at org.junit.jupiter.engine.execution.InterceptingExecutableInvoker$ReflectiveInterceptorCall.lambda$ofVoidMethod$0(InterceptingExecutableInvoker.java:103)
	at org.junit.jupiter.engine.execution.InterceptingExecutableInvoker.lambda$invoke$0(InterceptingExecutableInvoker.java:93)
	at org.junit.jupiter.engine.execution.InvocationInterceptorChain$InterceptedInvocation.proceed(InvocationInterceptorChain.java:106)
	at org.junit.jupiter.engine.execution.InvocationInterceptorChain.proceed(InvocationInterceptorChain.java:64)
	at org.junit.jupiter.engine.execution.InvocationInterceptorChain.chainAndInvoke(InvocationInterceptorChain.java:45)
	at org.junit.jupiter.engine.execution.InvocationInterceptorChain.invoke(InvocationInterceptorChain.java:37)
	at org.junit.jupiter.engine.execution.InterceptingExecutableInvoker.invoke(InterceptingExecutableInvoker.java:92)
	at org.junit.jupiter.engine.execution.InterceptingExecutableInvoker.invoke(InterceptingExecutableInvoker.java:86)
	at org.junit.jupiter.engine.descriptor.ClassBasedTestDescriptor.invokeMethodInExtensionContext(ClassBasedTestDescriptor.java:520)
	at org.junit.jupiter.engine.descriptor.ClassBasedTestDescriptor.lambda$synthesizeBeforeEachMethodAdapter$23(ClassBasedTestDescriptor.java:505)
	at org.junit.jupiter.engine.descriptor.TestMethodTestDescriptor.lambda$invokeBeforeEachMethods$3(TestMethodTestDescriptor.java:174)
	at org.junit.jupiter.engine.descriptor.TestMethodTestDescriptor.lambda$invokeBeforeMethodsOrCallbacksUntilExceptionOccurs$6(TestMethodTestDescriptor.java:202)
	at org.junit.platform.engine.support.hierarchical.ThrowableCollector.execute(ThrowableCollector.java:73)
	at org.junit.jupiter.engine.descriptor.TestMethodTestDescriptor.invokeBeforeMethodsOrCallbacksUntilExceptionOccurs(TestMethodTestDescriptor.java:202)
	at org.junit.jupiter.engine.descriptor.TestMethodTestDescriptor.invokeBeforeEachMethods(TestMethodTestDescriptor.java:171)
	at org.junit.jupiter.engine.descriptor.TestMethodTestDescriptor.execute(TestMethodTestDescriptor.java:134)
	at org.junit.jupiter.engine.descriptor.TestMethodTestDescriptor.execute(TestMethodTestDescriptor.java:68)
	at org.junit.platform.engine.support.hierarchical.NodeTestTask.lambda$executeRecursively$6(NodeTestTask.java:151)
	at org.junit.platform.engine.support.hierarchical.ThrowableCollector.execute(ThrowableCollector.java:73)
	at org.junit.platform.engine.support.hierarchical.NodeTestTask.lambda$executeRecursively$8(NodeTestTask.java:141)
	at org.junit.platform.engine.support.hierarchical.Node.around(Node.java:137)
	at org.junit.platform.engine.support.hierarchical.NodeTestTask.lambda$executeRecursively$9(NodeTestTask.java:139)
	at org.junit.platform.engine.support.hierarchical.ThrowableCollector.execute(ThrowableCollector.java:73)
	at org.junit.platform.engine.support.hierarchical.NodeTestTask.executeRecursively(NodeTestTask.java:138)
	at org.junit.platform.engine.support.hierarchical.NodeTestTask.execute(NodeTestTask.java:95)
	at java.base/java.util.ArrayList.forEach(ArrayList.java:1541)
	at org.junit.platform.engine.support.hierarchical.SameThreadHierarchicalTestExecutorService.invokeAll(SameThreadHierarchicalTestExecutorService.java:41)
	at org.junit.platform.engine.support.hierarchical.NodeTestTask.lambda$executeRecursively$6(NodeTestTask.java:155)
	at org.junit.platform.engine.support.hierarchical.ThrowableCollector.execute(ThrowableCollector.java:73)
	at org.junit.platform.engine.support.hierarchical.NodeTestTask.lambda$executeRecursively$8(NodeTestTask.java:141)
	at org.junit.platform.engine.support.hierarchical.Node.around(Node.java:137)
	at org.junit.platform.engine.support.hierarchical.NodeTestTask.lambda$executeRecursively$9(NodeTestTask.java:139)
	at org.junit.platform.engine.support.hierarchical.ThrowableCollector.execute(ThrowableCollector.java:73)
	at org.junit.platform.engine.support.hierarchical.NodeTestTask.executeRecursively(NodeTestTask.java:138)
	at org.junit.platform.engine.support.hierarchical.NodeTestTask.execute(NodeTestTask.java:95)
	at java.base/java.util.ArrayList.forEach(ArrayList.java:1541)
	at org.junit.platform.engine.support.hierarchical.SameThreadHierarchicalTestExecutorService.invokeAll(SameThreadHierarchicalTestExecutorService.java:41)
	at org.junit.platform.engine.support.hierarchical.NodeTestTask.lambda$executeRecursively$6(NodeTestTask.java:155)
	at org.junit.platform.engine.support.hierarchical.ThrowableCollector.execute(ThrowableCollector.java:73)
	at org.junit.platform.engine.support.hierarchical.NodeTestTask.lambda$executeRecursively$8(NodeTestTask.java:141)
	at org.junit.platform.engine.support.hierarchical.Node.around(Node.java:137)
	at org.junit.platform.engine.support.hierarchical.NodeTestTask.lambda$executeRecursively$9(NodeTestTask.java:139)
	at org.junit.platform.engine.support.hierarchical.ThrowableCollector.execute(ThrowableCollector.java:73)
	at org.junit.platform.engine.support.hierarchical.NodeTestTask.executeRecursively(NodeTestTask.java:138)
	at org.junit.platform.engine.support.hierarchical.NodeTestTask.execute(NodeTestTask.java:95)
	at org.junit.platform.engine.support.hierarchical.SameThreadHierarchicalTestExecutorService.submit(SameThreadHierarchicalTestExecutorService.java:35)
	at org.junit.platform.engine.support.hierarchical.HierarchicalTestExecutor.execute(HierarchicalTestExecutor.java:57)
	at org.junit.platform.engine.support.hierarchical.HierarchicalTestEngine.execute(HierarchicalTestEngine.java:54)
	at org.junit.platform.launcher.core.EngineExecutionOrchestrator.execute(EngineExecutionOrchestrator.java:107)
	at org.junit.platform.launcher.core.EngineExecutionOrchestrator.execute(EngineExecutionOrchestrator.java:88)
	at org.junit.platform.launcher.core.EngineExecutionOrchestrator.lambda$execute$0(EngineExecutionOrchestrator.java:54)
	at org.junit.platform.launcher.core.EngineExecutionOrchestrator.withInterceptedStreams(EngineExecutionOrchestrator.java:67)
	at org.junit.platform.launcher.core.EngineExecutionOrchestrator.execute(EngineExecutionOrchestrator.java:52)
	at org.junit.platform.launcher.core.DefaultLauncher.execute(DefaultLauncher.java:114)
	at org.junit.platform.launcher.core.DefaultLauncher.execute(DefaultLauncher.java:86)
	at org.junit.platform.launcher.core.DefaultLauncherSession$DelegatingLauncher.execute(DefaultLauncherSession.java:86)
	at org.gradle.api.internal.tasks.testing.junitplatform.JUnitPlatformTestClassProcessor$CollectAllTestClassesExecutor.processAllTestClasses(JUnitPlatformTestClassProcessor.java:110)
	at org.gradle.api.internal.tasks.testing.junitplatform.JUnitPlatformTestClassProcessor$CollectAllTestClassesExecutor.access$000(JUnitPlatformTestClassProcessor.java:90)
	at org.gradle.api.internal.tasks.testing.junitplatform.JUnitPlatformTestClassProcessor.stop(JUnitPlatformTestClassProcessor.java:85)
	at org.gradle.api.internal.tasks.testing.SuiteTestClassProcessor.stop(SuiteTestClassProcessor.java:62)
	at java.base/jdk.internal.reflect.NativeMethodAccessorImpl.invoke0(Native Method)
	at java.base/jdk.internal.reflect.NativeMethodAccessorImpl.invoke(NativeMethodAccessorImpl.java:62)
	at java.base/jdk.internal.reflect.DelegatingMethodAccessorImpl.invoke(DelegatingMethodAccessorImpl.java:43)
	at java.base/java.lang.reflect.Method.invoke(Method.java:566)
	at org.gradle.internal.dispatch.ReflectionDispatch.dispatch(ReflectionDispatch.java:36)
	at org.gradle.internal.dispatch.ReflectionDispatch.dispatch(ReflectionDispatch.java:24)
	at org.gradle.internal.dispatch.ContextClassLoaderDispatch.dispatch(ContextClassLoaderDispatch.java:33)
	at org.gradle.internal.dispatch.ProxyDispatchAdapter$DispatchingInvocationHandler.invoke(ProxyDispatchAdapter.java:94)
	at com.sun.proxy.$Proxy5.stop(Unknown Source)
	at org.gradle.api.internal.tasks.testing.worker.TestWorker$3.run(TestWorker.java:193)
	at org.gradle.api.internal.tasks.testing.worker.TestWorker.executeAndMaintainThreadName(TestWorker.java:129)
	at org.gradle.api.internal.tasks.testing.worker.TestWorker.execute(TestWorker.java:100)
	at org.gradle.api.internal.tasks.testing.worker.TestWorker.execute(TestWorker.java:60)
	at org.gradle.process.internal.worker.child.ActionExecutionWorker.execute(ActionExecutionWorker.java:56)
	at org.gradle.process.internal.worker.child.SystemApplicationClassLoaderWorker.call(SystemApplicationClassLoaderWorker.java:113)
	at org.gradle.process.internal.worker.child.SystemApplicationClassLoaderWorker.call(SystemApplicationClassLoaderWorker.java:65)
	at worker.org.gradle.process.internal.worker.GradleWorkerMain.run(GradleWorkerMain.java:69)
	at worker.org.gradle.process.internal.worker.GradleWorkerMain.main(GradleWorkerMain.java:74)
Caused by: UnsolvedSymbolException{context='arg0', name='Solving arg0', cause='null'}
	at com.github.javaparser.symbolsolver.javaparsermodel.TypeExtractor.visit(TypeExtractor.java:335)
	at com.github.javaparser.symbolsolver.javaparsermodel.TypeExtractor.visit(TypeExtractor.java:65)
	at com.github.javaparser.ast.expr.NameExpr.accept(NameExpr.java:79)
	at com.github.javaparser.symbolsolver.javaparsermodel.JavaParserFacade.getTypeConcrete(JavaParserFacade.java:505)
	at com.github.javaparser.symbolsolver.javaparsermodel.JavaParserFacade.getType(JavaParserFacade.java:352)
	at com.github.javaparser.symbolsolver.javaparsermodel.JavaParserFacade.getType(JavaParserFacade.java:334)
	at com.github.javaparser.symbolsolver.JavaSymbolSolver.calculateType(JavaSymbolSolver.java:294)
	at com.github.javaparser.ast.expr.Expression.calculateResolvedType(Expression.java:573)
	at de.uka.ilkd.key.java.JP2KeYVisitor.visit(JP2KeYConverter.java:707)
	at de.uka.ilkd.key.java.JP2KeYVisitor.visit(JP2KeYConverter.java:90)
	at com.github.javaparser.ast.expr.NameExpr.accept(NameExpr.java:79)
	at de.uka.ilkd.key.java.JP2KeYVisitor.lambda$map$1(JP2KeYConverter.java:402)
	at java.base/java.util.stream.ReferencePipeline$3$1.accept(ReferencePipeline.java:195)
	at java.base/java.util.ArrayList$ArrayListSpliterator.forEachRemaining(ArrayList.java:1655)
	at java.base/java.util.stream.AbstractPipeline.copyInto(AbstractPipeline.java:484)
	at java.base/java.util.stream.AbstractPipeline.wrapAndCopyInto(AbstractPipeline.java:474)
	at java.base/java.util.stream.ReduceOps$ReduceOp.evaluateSequential(ReduceOps.java:913)
	at java.base/java.util.stream.AbstractPipeline.evaluate(AbstractPipeline.java:234)
	at java.base/java.util.stream.ReferencePipeline.collect(ReferencePipeline.java:578)
	at de.uka.ilkd.key.java.JP2KeYVisitor.map(JP2KeYConverter.java:403)
	at de.uka.ilkd.key.java.JP2KeYVisitor.visit(JP2KeYConverter.java:506)
	at de.uka.ilkd.key.java.JP2KeYVisitor.visit(JP2KeYConverter.java:90)
	at com.github.javaparser.ast.stmt.ExplicitConstructorInvocationStmt.accept(ExplicitConstructorInvocationStmt.java:96)
	at de.uka.ilkd.key.java.JP2KeYVisitor.lambda$map$1(JP2KeYConverter.java:402)
	at java.base/java.util.stream.ReferencePipeline$3$1.accept(ReferencePipeline.java:195)
	at java.base/java.util.ArrayList$ArrayListSpliterator.forEachRemaining(ArrayList.java:1655)
	at java.base/java.util.stream.AbstractPipeline.copyInto(AbstractPipeline.java:484)
	at java.base/java.util.stream.AbstractPipeline.wrapAndCopyInto(AbstractPipeline.java:474)
	at java.base/java.util.stream.ReduceOps$ReduceOp.evaluateSequential(ReduceOps.java:913)
	at java.base/java.util.stream.AbstractPipeline.evaluate(AbstractPipeline.java:234)
	at java.base/java.util.stream.ReferencePipeline.collect(ReferencePipeline.java:578)
	at de.uka.ilkd.key.java.JP2KeYVisitor.map(JP2KeYConverter.java:403)
	at de.uka.ilkd.key.java.JP2KeYVisitor.visit(JP2KeYConverter.java:258)
	at de.uka.ilkd.key.java.JP2KeYVisitor.visit(JP2KeYConverter.java:90)
	at com.github.javaparser.ast.stmt.BlockStmt.accept(BlockStmt.java:70)
	at de.uka.ilkd.key.java.JP2KeYVisitor.lambda$map$1(JP2KeYConverter.java:402)
	at java.base/java.util.stream.ReferencePipeline$3$1.accept(ReferencePipeline.java:195)
	at java.base/java.util.ArrayList$ArrayListSpliterator.forEachRemaining(ArrayList.java:1655)
	at java.base/java.util.stream.AbstractPipeline.copyInto(AbstractPipeline.java:484)
	at java.base/java.util.stream.AbstractPipeline.wrapAndCopyInto(AbstractPipeline.java:474)
	at java.base/java.util.stream.ReduceOps$ReduceOp.evaluateSequential(ReduceOps.java:913)
	at java.base/java.util.stream.AbstractPipeline.evaluate(AbstractPipeline.java:234)
	at java.base/java.util.stream.ReferencePipeline.collect(ReferencePipeline.java:578)
	at de.uka.ilkd.key.java.JP2KeYVisitor.map(JP2KeYConverter.java:403)
	at de.uka.ilkd.key.java.JP2KeYVisitor.visit(JP2KeYConverter.java:258)
	at de.uka.ilkd.key.java.JP2KeYVisitor.visit(JP2KeYConverter.java:90)
	at com.github.javaparser.ast.stmt.BlockStmt.accept(BlockStmt.java:70)
	at de.uka.ilkd.key.java.JP2KeYVisitor.accept(JP2KeYConverter.java:348)
	at de.uka.ilkd.key.java.JP2KeYVisitor.visit(JP2KeYConverter.java:946)
	at de.uka.ilkd.key.java.JP2KeYVisitor.visit(JP2KeYConverter.java:90)
	at com.github.javaparser.ast.stmt.TryStmt.accept(TryStmt.java:135)
	at de.uka.ilkd.key.java.JP2KeYVisitor.lambda$map$1(JP2KeYConverter.java:402)
	at java.base/java.util.stream.ReferencePipeline$3$1.accept(ReferencePipeline.java:195)
	at java.base/java.util.ArrayList$ArrayListSpliterator.forEachRemaining(ArrayList.java:1655)
	at java.base/java.util.stream.AbstractPipeline.copyInto(AbstractPipeline.java:484)
	at java.base/java.util.stream.AbstractPipeline.wrapAndCopyInto(AbstractPipeline.java:474)
	at java.base/java.util.stream.ReduceOps$ReduceOp.evaluateSequential(ReduceOps.java:913)
	at java.base/java.util.stream.AbstractPipeline.evaluate(AbstractPipeline.java:234)
	at java.base/java.util.stream.ReferencePipeline.collect(ReferencePipeline.java:578)
	at de.uka.ilkd.key.java.JP2KeYVisitor.map(JP2KeYConverter.java:403)
	at de.uka.ilkd.key.java.JP2KeYVisitor.visit(JP2KeYConverter.java:258)
	at de.uka.ilkd.key.java.JP2KeYVisitor.visit(JP2KeYConverter.java:90)
	at com.github.javaparser.ast.stmt.BlockStmt.accept(BlockStmt.java:70)
	at de.uka.ilkd.key.java.JP2KeYVisitor.accept(JP2KeYConverter.java:348)
	at de.uka.ilkd.key.java.JP2KeYVisitor.visit(JP2KeYConverter.java:609)
	at de.uka.ilkd.key.java.JP2KeYVisitor.visit(JP2KeYConverter.java:90)
	at com.github.javaparser.ast.stmt.IfStmt.accept(IfStmt.java:82)
	at de.uka.ilkd.key.java.JP2KeYVisitor.lambda$map$1(JP2KeYConverter.java:402)
	at java.base/java.util.stream.ReferencePipeline$3$1.accept(ReferencePipeline.java:195)
	at java.base/java.util.ArrayList$ArrayListSpliterator.forEachRemaining(ArrayList.java:1655)
	at java.base/java.util.stream.AbstractPipeline.copyInto(AbstractPipeline.java:484)
	at java.base/java.util.stream.AbstractPipeline.wrapAndCopyInto(AbstractPipeline.java:474)
	at java.base/java.util.stream.ReduceOps$ReduceOp.evaluateSequential(ReduceOps.java:913)
	at java.base/java.util.stream.AbstractPipeline.evaluate(AbstractPipeline.java:234)
	at java.base/java.util.stream.ReferencePipeline.collect(ReferencePipeline.java:578)
	at de.uka.ilkd.key.java.JP2KeYVisitor.map(JP2KeYConverter.java:403)
	at de.uka.ilkd.key.java.JP2KeYVisitor.visit(JP2KeYConverter.java:258)
	at de.uka.ilkd.key.java.JP2KeYVisitor.visit(JP2KeYConverter.java:90)
	at com.github.javaparser.ast.stmt.BlockStmt.accept(BlockStmt.java:70)
	at de.uka.ilkd.key.java.JP2KeYVisitor.accept(JP2KeYConverter.java:348)
	at de.uka.ilkd.key.java.JP2KeYVisitor.visit(JP2KeYConverter.java:609)
	at de.uka.ilkd.key.java.JP2KeYVisitor.visit(JP2KeYConverter.java:90)
	at com.github.javaparser.ast.stmt.IfStmt.accept(IfStmt.java:82)
	at de.uka.ilkd.key.java.JP2KeYVisitor.lambda$map$1(JP2KeYConverter.java:402)
	at java.base/java.util.stream.ReferencePipeline$3$1.accept(ReferencePipeline.java:195)
	at java.base/java.util.ArrayList$ArrayListSpliterator.forEachRemaining(ArrayList.java:1655)
	at java.base/java.util.stream.AbstractPipeline.copyInto(AbstractPipeline.java:484)
	at java.base/java.util.stream.AbstractPipeline.wrapAndCopyInto(AbstractPipeline.java:474)
	at java.base/java.util.stream.ReduceOps$ReduceOp.evaluateSequential(ReduceOps.java:913)
	at java.base/java.util.stream.AbstractPipeline.evaluate(AbstractPipeline.java:234)
	at java.base/java.util.stream.ReferencePipeline.collect(ReferencePipeline.java:578)
	at de.uka.ilkd.key.java.JP2KeYVisitor.map(JP2KeYConverter.java:403)
	at de.uka.ilkd.key.java.JP2KeYVisitor.visit(JP2KeYConverter.java:258)
	at de.uka.ilkd.key.java.JP2KeYVisitor.visit(JP2KeYConverter.java:90)
	at com.github.javaparser.ast.stmt.BlockStmt.accept(BlockStmt.java:70)
	at de.uka.ilkd.key.java.JP2KeYVisitor.accept(JP2KeYConverter.java:348)
	at de.uka.ilkd.key.java.JP2KeYVisitor.accepto(JP2KeYConverter.java:418)
	at de.uka.ilkd.key.java.JP2KeYVisitor.visit(JP2KeYConverter.java:688)
	at de.uka.ilkd.key.java.JP2KeYVisitor.visit(JP2KeYConverter.java:90)
	at com.github.javaparser.ast.body.MethodDeclaration.accept(MethodDeclaration.java:98)
	at de.uka.ilkd.key.java.JP2KeYVisitor.lambda$map$1(JP2KeYConverter.java:402)
	at java.base/java.util.stream.ReferencePipeline$3$1.accept(ReferencePipeline.java:195)
	at java.base/java.util.ArrayList$ArrayListSpliterator.forEachRemaining(ArrayList.java:1655)
	at java.base/java.util.stream.AbstractPipeline.copyInto(AbstractPipeline.java:484)
	at java.base/java.util.stream.AbstractPipeline.wrapAndCopyInto(AbstractPipeline.java:474)
	at java.base/java.util.stream.ReduceOps$ReduceOp.evaluateSequential(ReduceOps.java:913)
	at java.base/java.util.stream.AbstractPipeline.evaluate(AbstractPipeline.java:234)
	at java.base/java.util.stream.ReferencePipeline.collect(ReferencePipeline.java:578)
	at de.uka.ilkd.key.java.JP2KeYVisitor.map(JP2KeYConverter.java:403)
	at de.uka.ilkd.key.java.JP2KeYVisitor.visit(JP2KeYConverter.java:310)
	at de.uka.ilkd.key.java.JP2KeYVisitor.visit(JP2KeYConverter.java:90)
	at com.github.javaparser.ast.body.ClassOrInterfaceDeclaration.accept(ClassOrInterfaceDeclaration.java:95)
	at de.uka.ilkd.key.java.JP2KeYVisitor.lambda$map$1(JP2KeYConverter.java:402)
	at java.base/java.util.stream.ReferencePipeline$3$1.accept(ReferencePipeline.java:195)
	at java.base/java.util.ArrayList$ArrayListSpliterator.forEachRemaining(ArrayList.java:1655)
	at java.base/java.util.stream.AbstractPipeline.copyInto(AbstractPipeline.java:484)
	at java.base/java.util.stream.AbstractPipeline.wrapAndCopyInto(AbstractPipeline.java:474)
	at java.base/java.util.stream.ReduceOps$ReduceOp.evaluateSequential(ReduceOps.java:913)
	at java.base/java.util.stream.AbstractPipeline.evaluate(AbstractPipeline.java:234)
	at java.base/java.util.stream.ReferencePipeline.collect(ReferencePipeline.java:578)
	at de.uka.ilkd.key.java.JP2KeYVisitor.map(JP2KeYConverter.java:403)
	at de.uka.ilkd.key.java.JP2KeYVisitor.visit(JP2KeYConverter.java:393)
	at de.uka.ilkd.key.java.JP2KeYVisitor.visit(JP2KeYConverter.java:90)
	at com.github.javaparser.ast.CompilationUnit.accept(CompilationUnit.java:124)
	at de.uka.ilkd.key.java.JP2KeYConverter.process(JP2KeYConverter.java:84)
	at de.uka.ilkd.key.java.JP2KeYConverter.processCompilationUnit(JP2KeYConverter.java:80)
	at de.uka.ilkd.key.java.JavaService.parseLibraryClasses0(JavaService.java:536)
	at de.uka.ilkd.key.java.JavaService.parseSpecialClasses(JavaService.java:511)
	at de.uka.ilkd.key.proof.init.ProblemInitializer.readJava(ProblemInitializer.java:280)
	at de.uka.ilkd.key.proof.init.ProblemInitializer.prepare(ProblemInitializer.java:529)
	at de.uka.ilkd.key.proof.init.ProblemInitializer.prepare(ProblemInitializer.java:471)
	at de.uka.ilkd.key.rule.TacletForTests.parse(TacletForTests.java:80)
	... 90 more
</failure>
  </testcase>
  <testcase name="testModalityLevel0()" classname="de.uka.ilkd.key.rule.TestApplyTaclet" time="0.142">
    <failure message="java.lang.RuntimeException: Exception occurred while parsing src\test\resources\testcase\testrules.key" type="java.lang.RuntimeException">java.lang.RuntimeException: Exception occurred while parsing src\test\resources\testcase\testrules.key
	at de.uka.ilkd.key.rule.TacletForTests.parse(TacletForTests.java:89)
	at de.uka.ilkd.key.rule.TacletForTests.parse(TacletForTests.java:125)
	at de.uka.ilkd.key.rule.TacletForTests.parse(TacletForTests.java:129)
	at de.uka.ilkd.key.rule.TestApplyTaclet.setUp(TestApplyTaclet.java:75)
	at jdk.internal.reflect.GeneratedMethodAccessor11.invoke(Unknown Source)
	at java.base/jdk.internal.reflect.DelegatingMethodAccessorImpl.invoke(DelegatingMethodAccessorImpl.java:43)
	at java.base/java.lang.reflect.Method.invoke(Method.java:566)
	at org.junit.platform.commons.util.ReflectionUtils.invokeMethod(ReflectionUtils.java:727)
	at org.junit.jupiter.engine.execution.MethodInvocation.proceed(MethodInvocation.java:60)
	at org.junit.jupiter.engine.execution.InvocationInterceptorChain$ValidatingInvocation.proceed(InvocationInterceptorChain.java:131)
	at org.junit.jupiter.engine.extension.TimeoutExtension.intercept(TimeoutExtension.java:156)
	at org.junit.jupiter.engine.extension.TimeoutExtension.interceptLifecycleMethod(TimeoutExtension.java:128)
	at org.junit.jupiter.engine.extension.TimeoutExtension.interceptBeforeEachMethod(TimeoutExtension.java:78)
	at org.junit.jupiter.engine.execution.InterceptingExecutableInvoker$ReflectiveInterceptorCall.lambda$ofVoidMethod$0(InterceptingExecutableInvoker.java:103)
	at org.junit.jupiter.engine.execution.InterceptingExecutableInvoker.lambda$invoke$0(InterceptingExecutableInvoker.java:93)
	at org.junit.jupiter.engine.execution.InvocationInterceptorChain$InterceptedInvocation.proceed(InvocationInterceptorChain.java:106)
	at org.junit.jupiter.engine.execution.InvocationInterceptorChain.proceed(InvocationInterceptorChain.java:64)
	at org.junit.jupiter.engine.execution.InvocationInterceptorChain.chainAndInvoke(InvocationInterceptorChain.java:45)
	at org.junit.jupiter.engine.execution.InvocationInterceptorChain.invoke(InvocationInterceptorChain.java:37)
	at org.junit.jupiter.engine.execution.InterceptingExecutableInvoker.invoke(InterceptingExecutableInvoker.java:92)
	at org.junit.jupiter.engine.execution.InterceptingExecutableInvoker.invoke(InterceptingExecutableInvoker.java:86)
	at org.junit.jupiter.engine.descriptor.ClassBasedTestDescriptor.invokeMethodInExtensionContext(ClassBasedTestDescriptor.java:520)
	at org.junit.jupiter.engine.descriptor.ClassBasedTestDescriptor.lambda$synthesizeBeforeEachMethodAdapter$23(ClassBasedTestDescriptor.java:505)
	at org.junit.jupiter.engine.descriptor.TestMethodTestDescriptor.lambda$invokeBeforeEachMethods$3(TestMethodTestDescriptor.java:174)
	at org.junit.jupiter.engine.descriptor.TestMethodTestDescriptor.lambda$invokeBeforeMethodsOrCallbacksUntilExceptionOccurs$6(TestMethodTestDescriptor.java:202)
	at org.junit.platform.engine.support.hierarchical.ThrowableCollector.execute(ThrowableCollector.java:73)
	at org.junit.jupiter.engine.descriptor.TestMethodTestDescriptor.invokeBeforeMethodsOrCallbacksUntilExceptionOccurs(TestMethodTestDescriptor.java:202)
	at org.junit.jupiter.engine.descriptor.TestMethodTestDescriptor.invokeBeforeEachMethods(TestMethodTestDescriptor.java:171)
	at org.junit.jupiter.engine.descriptor.TestMethodTestDescriptor.execute(TestMethodTestDescriptor.java:134)
	at org.junit.jupiter.engine.descriptor.TestMethodTestDescriptor.execute(TestMethodTestDescriptor.java:68)
	at org.junit.platform.engine.support.hierarchical.NodeTestTask.lambda$executeRecursively$6(NodeTestTask.java:151)
	at org.junit.platform.engine.support.hierarchical.ThrowableCollector.execute(ThrowableCollector.java:73)
	at org.junit.platform.engine.support.hierarchical.NodeTestTask.lambda$executeRecursively$8(NodeTestTask.java:141)
	at org.junit.platform.engine.support.hierarchical.Node.around(Node.java:137)
	at org.junit.platform.engine.support.hierarchical.NodeTestTask.lambda$executeRecursively$9(NodeTestTask.java:139)
	at org.junit.platform.engine.support.hierarchical.ThrowableCollector.execute(ThrowableCollector.java:73)
	at org.junit.platform.engine.support.hierarchical.NodeTestTask.executeRecursively(NodeTestTask.java:138)
	at org.junit.platform.engine.support.hierarchical.NodeTestTask.execute(NodeTestTask.java:95)
	at java.base/java.util.ArrayList.forEach(ArrayList.java:1541)
	at org.junit.platform.engine.support.hierarchical.SameThreadHierarchicalTestExecutorService.invokeAll(SameThreadHierarchicalTestExecutorService.java:41)
	at org.junit.platform.engine.support.hierarchical.NodeTestTask.lambda$executeRecursively$6(NodeTestTask.java:155)
	at org.junit.platform.engine.support.hierarchical.ThrowableCollector.execute(ThrowableCollector.java:73)
	at org.junit.platform.engine.support.hierarchical.NodeTestTask.lambda$executeRecursively$8(NodeTestTask.java:141)
	at org.junit.platform.engine.support.hierarchical.Node.around(Node.java:137)
	at org.junit.platform.engine.support.hierarchical.NodeTestTask.lambda$executeRecursively$9(NodeTestTask.java:139)
	at org.junit.platform.engine.support.hierarchical.ThrowableCollector.execute(ThrowableCollector.java:73)
	at org.junit.platform.engine.support.hierarchical.NodeTestTask.executeRecursively(NodeTestTask.java:138)
	at org.junit.platform.engine.support.hierarchical.NodeTestTask.execute(NodeTestTask.java:95)
	at java.base/java.util.ArrayList.forEach(ArrayList.java:1541)
	at org.junit.platform.engine.support.hierarchical.SameThreadHierarchicalTestExecutorService.invokeAll(SameThreadHierarchicalTestExecutorService.java:41)
	at org.junit.platform.engine.support.hierarchical.NodeTestTask.lambda$executeRecursively$6(NodeTestTask.java:155)
	at org.junit.platform.engine.support.hierarchical.ThrowableCollector.execute(ThrowableCollector.java:73)
	at org.junit.platform.engine.support.hierarchical.NodeTestTask.lambda$executeRecursively$8(NodeTestTask.java:141)
	at org.junit.platform.engine.support.hierarchical.Node.around(Node.java:137)
	at org.junit.platform.engine.support.hierarchical.NodeTestTask.lambda$executeRecursively$9(NodeTestTask.java:139)
	at org.junit.platform.engine.support.hierarchical.ThrowableCollector.execute(ThrowableCollector.java:73)
	at org.junit.platform.engine.support.hierarchical.NodeTestTask.executeRecursively(NodeTestTask.java:138)
	at org.junit.platform.engine.support.hierarchical.NodeTestTask.execute(NodeTestTask.java:95)
	at org.junit.platform.engine.support.hierarchical.SameThreadHierarchicalTestExecutorService.submit(SameThreadHierarchicalTestExecutorService.java:35)
	at org.junit.platform.engine.support.hierarchical.HierarchicalTestExecutor.execute(HierarchicalTestExecutor.java:57)
	at org.junit.platform.engine.support.hierarchical.HierarchicalTestEngine.execute(HierarchicalTestEngine.java:54)
	at org.junit.platform.launcher.core.EngineExecutionOrchestrator.execute(EngineExecutionOrchestrator.java:107)
	at org.junit.platform.launcher.core.EngineExecutionOrchestrator.execute(EngineExecutionOrchestrator.java:88)
	at org.junit.platform.launcher.core.EngineExecutionOrchestrator.lambda$execute$0(EngineExecutionOrchestrator.java:54)
	at org.junit.platform.launcher.core.EngineExecutionOrchestrator.withInterceptedStreams(EngineExecutionOrchestrator.java:67)
	at org.junit.platform.launcher.core.EngineExecutionOrchestrator.execute(EngineExecutionOrchestrator.java:52)
	at org.junit.platform.launcher.core.DefaultLauncher.execute(DefaultLauncher.java:114)
	at org.junit.platform.launcher.core.DefaultLauncher.execute(DefaultLauncher.java:86)
	at org.junit.platform.launcher.core.DefaultLauncherSession$DelegatingLauncher.execute(DefaultLauncherSession.java:86)
	at org.gradle.api.internal.tasks.testing.junitplatform.JUnitPlatformTestClassProcessor$CollectAllTestClassesExecutor.processAllTestClasses(JUnitPlatformTestClassProcessor.java:110)
	at org.gradle.api.internal.tasks.testing.junitplatform.JUnitPlatformTestClassProcessor$CollectAllTestClassesExecutor.access$000(JUnitPlatformTestClassProcessor.java:90)
	at org.gradle.api.internal.tasks.testing.junitplatform.JUnitPlatformTestClassProcessor.stop(JUnitPlatformTestClassProcessor.java:85)
	at org.gradle.api.internal.tasks.testing.SuiteTestClassProcessor.stop(SuiteTestClassProcessor.java:62)
	at java.base/jdk.internal.reflect.NativeMethodAccessorImpl.invoke0(Native Method)
	at java.base/jdk.internal.reflect.NativeMethodAccessorImpl.invoke(NativeMethodAccessorImpl.java:62)
	at java.base/jdk.internal.reflect.DelegatingMethodAccessorImpl.invoke(DelegatingMethodAccessorImpl.java:43)
	at java.base/java.lang.reflect.Method.invoke(Method.java:566)
	at org.gradle.internal.dispatch.ReflectionDispatch.dispatch(ReflectionDispatch.java:36)
	at org.gradle.internal.dispatch.ReflectionDispatch.dispatch(ReflectionDispatch.java:24)
	at org.gradle.internal.dispatch.ContextClassLoaderDispatch.dispatch(ContextClassLoaderDispatch.java:33)
	at org.gradle.internal.dispatch.ProxyDispatchAdapter$DispatchingInvocationHandler.invoke(ProxyDispatchAdapter.java:94)
	at com.sun.proxy.$Proxy5.stop(Unknown Source)
	at org.gradle.api.internal.tasks.testing.worker.TestWorker$3.run(TestWorker.java:193)
	at org.gradle.api.internal.tasks.testing.worker.TestWorker.executeAndMaintainThreadName(TestWorker.java:129)
	at org.gradle.api.internal.tasks.testing.worker.TestWorker.execute(TestWorker.java:100)
	at org.gradle.api.internal.tasks.testing.worker.TestWorker.execute(TestWorker.java:60)
	at org.gradle.process.internal.worker.child.ActionExecutionWorker.execute(ActionExecutionWorker.java:56)
	at org.gradle.process.internal.worker.child.SystemApplicationClassLoaderWorker.call(SystemApplicationClassLoaderWorker.java:113)
	at org.gradle.process.internal.worker.child.SystemApplicationClassLoaderWorker.call(SystemApplicationClassLoaderWorker.java:65)
	at worker.org.gradle.process.internal.worker.GradleWorkerMain.run(GradleWorkerMain.java:69)
	at worker.org.gradle.process.internal.worker.GradleWorkerMain.main(GradleWorkerMain.java:74)
Caused by: UnsolvedSymbolException{context='arg0', name='Solving arg0', cause='null'}
	at com.github.javaparser.symbolsolver.javaparsermodel.TypeExtractor.visit(TypeExtractor.java:335)
	at com.github.javaparser.symbolsolver.javaparsermodel.TypeExtractor.visit(TypeExtractor.java:65)
	at com.github.javaparser.ast.expr.NameExpr.accept(NameExpr.java:79)
	at com.github.javaparser.symbolsolver.javaparsermodel.JavaParserFacade.getTypeConcrete(JavaParserFacade.java:505)
	at com.github.javaparser.symbolsolver.javaparsermodel.JavaParserFacade.getType(JavaParserFacade.java:352)
	at com.github.javaparser.symbolsolver.javaparsermodel.JavaParserFacade.getType(JavaParserFacade.java:334)
	at com.github.javaparser.symbolsolver.JavaSymbolSolver.calculateType(JavaSymbolSolver.java:294)
	at com.github.javaparser.ast.expr.Expression.calculateResolvedType(Expression.java:573)
	at de.uka.ilkd.key.java.JP2KeYVisitor.visit(JP2KeYConverter.java:707)
	at de.uka.ilkd.key.java.JP2KeYVisitor.visit(JP2KeYConverter.java:90)
	at com.github.javaparser.ast.expr.NameExpr.accept(NameExpr.java:79)
	at de.uka.ilkd.key.java.JP2KeYVisitor.lambda$map$1(JP2KeYConverter.java:402)
	at java.base/java.util.stream.ReferencePipeline$3$1.accept(ReferencePipeline.java:195)
	at java.base/java.util.ArrayList$ArrayListSpliterator.forEachRemaining(ArrayList.java:1655)
	at java.base/java.util.stream.AbstractPipeline.copyInto(AbstractPipeline.java:484)
	at java.base/java.util.stream.AbstractPipeline.wrapAndCopyInto(AbstractPipeline.java:474)
	at java.base/java.util.stream.ReduceOps$ReduceOp.evaluateSequential(ReduceOps.java:913)
	at java.base/java.util.stream.AbstractPipeline.evaluate(AbstractPipeline.java:234)
	at java.base/java.util.stream.ReferencePipeline.collect(ReferencePipeline.java:578)
	at de.uka.ilkd.key.java.JP2KeYVisitor.map(JP2KeYConverter.java:403)
	at de.uka.ilkd.key.java.JP2KeYVisitor.visit(JP2KeYConverter.java:506)
	at de.uka.ilkd.key.java.JP2KeYVisitor.visit(JP2KeYConverter.java:90)
	at com.github.javaparser.ast.stmt.ExplicitConstructorInvocationStmt.accept(ExplicitConstructorInvocationStmt.java:96)
	at de.uka.ilkd.key.java.JP2KeYVisitor.lambda$map$1(JP2KeYConverter.java:402)
	at java.base/java.util.stream.ReferencePipeline$3$1.accept(ReferencePipeline.java:195)
	at java.base/java.util.ArrayList$ArrayListSpliterator.forEachRemaining(ArrayList.java:1655)
	at java.base/java.util.stream.AbstractPipeline.copyInto(AbstractPipeline.java:484)
	at java.base/java.util.stream.AbstractPipeline.wrapAndCopyInto(AbstractPipeline.java:474)
	at java.base/java.util.stream.ReduceOps$ReduceOp.evaluateSequential(ReduceOps.java:913)
	at java.base/java.util.stream.AbstractPipeline.evaluate(AbstractPipeline.java:234)
	at java.base/java.util.stream.ReferencePipeline.collect(ReferencePipeline.java:578)
	at de.uka.ilkd.key.java.JP2KeYVisitor.map(JP2KeYConverter.java:403)
	at de.uka.ilkd.key.java.JP2KeYVisitor.visit(JP2KeYConverter.java:258)
	at de.uka.ilkd.key.java.JP2KeYVisitor.visit(JP2KeYConverter.java:90)
	at com.github.javaparser.ast.stmt.BlockStmt.accept(BlockStmt.java:70)
	at de.uka.ilkd.key.java.JP2KeYVisitor.lambda$map$1(JP2KeYConverter.java:402)
	at java.base/java.util.stream.ReferencePipeline$3$1.accept(ReferencePipeline.java:195)
	at java.base/java.util.ArrayList$ArrayListSpliterator.forEachRemaining(ArrayList.java:1655)
	at java.base/java.util.stream.AbstractPipeline.copyInto(AbstractPipeline.java:484)
	at java.base/java.util.stream.AbstractPipeline.wrapAndCopyInto(AbstractPipeline.java:474)
	at java.base/java.util.stream.ReduceOps$ReduceOp.evaluateSequential(ReduceOps.java:913)
	at java.base/java.util.stream.AbstractPipeline.evaluate(AbstractPipeline.java:234)
	at java.base/java.util.stream.ReferencePipeline.collect(ReferencePipeline.java:578)
	at de.uka.ilkd.key.java.JP2KeYVisitor.map(JP2KeYConverter.java:403)
	at de.uka.ilkd.key.java.JP2KeYVisitor.visit(JP2KeYConverter.java:258)
	at de.uka.ilkd.key.java.JP2KeYVisitor.visit(JP2KeYConverter.java:90)
	at com.github.javaparser.ast.stmt.BlockStmt.accept(BlockStmt.java:70)
	at de.uka.ilkd.key.java.JP2KeYVisitor.accept(JP2KeYConverter.java:348)
	at de.uka.ilkd.key.java.JP2KeYVisitor.visit(JP2KeYConverter.java:946)
	at de.uka.ilkd.key.java.JP2KeYVisitor.visit(JP2KeYConverter.java:90)
	at com.github.javaparser.ast.stmt.TryStmt.accept(TryStmt.java:135)
	at de.uka.ilkd.key.java.JP2KeYVisitor.lambda$map$1(JP2KeYConverter.java:402)
	at java.base/java.util.stream.ReferencePipeline$3$1.accept(ReferencePipeline.java:195)
	at java.base/java.util.ArrayList$ArrayListSpliterator.forEachRemaining(ArrayList.java:1655)
	at java.base/java.util.stream.AbstractPipeline.copyInto(AbstractPipeline.java:484)
	at java.base/java.util.stream.AbstractPipeline.wrapAndCopyInto(AbstractPipeline.java:474)
	at java.base/java.util.stream.ReduceOps$ReduceOp.evaluateSequential(ReduceOps.java:913)
	at java.base/java.util.stream.AbstractPipeline.evaluate(AbstractPipeline.java:234)
	at java.base/java.util.stream.ReferencePipeline.collect(ReferencePipeline.java:578)
	at de.uka.ilkd.key.java.JP2KeYVisitor.map(JP2KeYConverter.java:403)
	at de.uka.ilkd.key.java.JP2KeYVisitor.visit(JP2KeYConverter.java:258)
	at de.uka.ilkd.key.java.JP2KeYVisitor.visit(JP2KeYConverter.java:90)
	at com.github.javaparser.ast.stmt.BlockStmt.accept(BlockStmt.java:70)
	at de.uka.ilkd.key.java.JP2KeYVisitor.accept(JP2KeYConverter.java:348)
	at de.uka.ilkd.key.java.JP2KeYVisitor.visit(JP2KeYConverter.java:609)
	at de.uka.ilkd.key.java.JP2KeYVisitor.visit(JP2KeYConverter.java:90)
	at com.github.javaparser.ast.stmt.IfStmt.accept(IfStmt.java:82)
	at de.uka.ilkd.key.java.JP2KeYVisitor.lambda$map$1(JP2KeYConverter.java:402)
	at java.base/java.util.stream.ReferencePipeline$3$1.accept(ReferencePipeline.java:195)
	at java.base/java.util.ArrayList$ArrayListSpliterator.forEachRemaining(ArrayList.java:1655)
	at java.base/java.util.stream.AbstractPipeline.copyInto(AbstractPipeline.java:484)
	at java.base/java.util.stream.AbstractPipeline.wrapAndCopyInto(AbstractPipeline.java:474)
	at java.base/java.util.stream.ReduceOps$ReduceOp.evaluateSequential(ReduceOps.java:913)
	at java.base/java.util.stream.AbstractPipeline.evaluate(AbstractPipeline.java:234)
	at java.base/java.util.stream.ReferencePipeline.collect(ReferencePipeline.java:578)
	at de.uka.ilkd.key.java.JP2KeYVisitor.map(JP2KeYConverter.java:403)
	at de.uka.ilkd.key.java.JP2KeYVisitor.visit(JP2KeYConverter.java:258)
	at de.uka.ilkd.key.java.JP2KeYVisitor.visit(JP2KeYConverter.java:90)
	at com.github.javaparser.ast.stmt.BlockStmt.accept(BlockStmt.java:70)
	at de.uka.ilkd.key.java.JP2KeYVisitor.accept(JP2KeYConverter.java:348)
	at de.uka.ilkd.key.java.JP2KeYVisitor.visit(JP2KeYConverter.java:609)
	at de.uka.ilkd.key.java.JP2KeYVisitor.visit(JP2KeYConverter.java:90)
	at com.github.javaparser.ast.stmt.IfStmt.accept(IfStmt.java:82)
	at de.uka.ilkd.key.java.JP2KeYVisitor.lambda$map$1(JP2KeYConverter.java:402)
	at java.base/java.util.stream.ReferencePipeline$3$1.accept(ReferencePipeline.java:195)
	at java.base/java.util.ArrayList$ArrayListSpliterator.forEachRemaining(ArrayList.java:1655)
	at java.base/java.util.stream.AbstractPipeline.copyInto(AbstractPipeline.java:484)
	at java.base/java.util.stream.AbstractPipeline.wrapAndCopyInto(AbstractPipeline.java:474)
	at java.base/java.util.stream.ReduceOps$ReduceOp.evaluateSequential(ReduceOps.java:913)
	at java.base/java.util.stream.AbstractPipeline.evaluate(AbstractPipeline.java:234)
	at java.base/java.util.stream.ReferencePipeline.collect(ReferencePipeline.java:578)
	at de.uka.ilkd.key.java.JP2KeYVisitor.map(JP2KeYConverter.java:403)
	at de.uka.ilkd.key.java.JP2KeYVisitor.visit(JP2KeYConverter.java:258)
	at de.uka.ilkd.key.java.JP2KeYVisitor.visit(JP2KeYConverter.java:90)
	at com.github.javaparser.ast.stmt.BlockStmt.accept(BlockStmt.java:70)
	at de.uka.ilkd.key.java.JP2KeYVisitor.accept(JP2KeYConverter.java:348)
	at de.uka.ilkd.key.java.JP2KeYVisitor.accepto(JP2KeYConverter.java:418)
	at de.uka.ilkd.key.java.JP2KeYVisitor.visit(JP2KeYConverter.java:688)
	at de.uka.ilkd.key.java.JP2KeYVisitor.visit(JP2KeYConverter.java:90)
	at com.github.javaparser.ast.body.MethodDeclaration.accept(MethodDeclaration.java:98)
	at de.uka.ilkd.key.java.JP2KeYVisitor.lambda$map$1(JP2KeYConverter.java:402)
	at java.base/java.util.stream.ReferencePipeline$3$1.accept(ReferencePipeline.java:195)
	at java.base/java.util.ArrayList$ArrayListSpliterator.forEachRemaining(ArrayList.java:1655)
	at java.base/java.util.stream.AbstractPipeline.copyInto(AbstractPipeline.java:484)
	at java.base/java.util.stream.AbstractPipeline.wrapAndCopyInto(AbstractPipeline.java:474)
	at java.base/java.util.stream.ReduceOps$ReduceOp.evaluateSequential(ReduceOps.java:913)
	at java.base/java.util.stream.AbstractPipeline.evaluate(AbstractPipeline.java:234)
	at java.base/java.util.stream.ReferencePipeline.collect(ReferencePipeline.java:578)
	at de.uka.ilkd.key.java.JP2KeYVisitor.map(JP2KeYConverter.java:403)
	at de.uka.ilkd.key.java.JP2KeYVisitor.visit(JP2KeYConverter.java:310)
	at de.uka.ilkd.key.java.JP2KeYVisitor.visit(JP2KeYConverter.java:90)
	at com.github.javaparser.ast.body.ClassOrInterfaceDeclaration.accept(ClassOrInterfaceDeclaration.java:95)
	at de.uka.ilkd.key.java.JP2KeYVisitor.lambda$map$1(JP2KeYConverter.java:402)
	at java.base/java.util.stream.ReferencePipeline$3$1.accept(ReferencePipeline.java:195)
	at java.base/java.util.ArrayList$ArrayListSpliterator.forEachRemaining(ArrayList.java:1655)
	at java.base/java.util.stream.AbstractPipeline.copyInto(AbstractPipeline.java:484)
	at java.base/java.util.stream.AbstractPipeline.wrapAndCopyInto(AbstractPipeline.java:474)
	at java.base/java.util.stream.ReduceOps$ReduceOp.evaluateSequential(ReduceOps.java:913)
	at java.base/java.util.stream.AbstractPipeline.evaluate(AbstractPipeline.java:234)
	at java.base/java.util.stream.ReferencePipeline.collect(ReferencePipeline.java:578)
	at de.uka.ilkd.key.java.JP2KeYVisitor.map(JP2KeYConverter.java:403)
	at de.uka.ilkd.key.java.JP2KeYVisitor.visit(JP2KeYConverter.java:393)
	at de.uka.ilkd.key.java.JP2KeYVisitor.visit(JP2KeYConverter.java:90)
	at com.github.javaparser.ast.CompilationUnit.accept(CompilationUnit.java:124)
	at de.uka.ilkd.key.java.JP2KeYConverter.process(JP2KeYConverter.java:84)
	at de.uka.ilkd.key.java.JP2KeYConverter.processCompilationUnit(JP2KeYConverter.java:80)
	at de.uka.ilkd.key.java.JavaService.parseLibraryClasses0(JavaService.java:536)
	at de.uka.ilkd.key.java.JavaService.parseSpecialClasses(JavaService.java:511)
	at de.uka.ilkd.key.proof.init.ProblemInitializer.readJava(ProblemInitializer.java:280)
	at de.uka.ilkd.key.proof.init.ProblemInitializer.prepare(ProblemInitializer.java:529)
	at de.uka.ilkd.key.proof.init.ProblemInitializer.prepare(ProblemInitializer.java:471)
	at de.uka.ilkd.key.rule.TacletForTests.parse(TacletForTests.java:80)
	... 90 more
</failure>
  </testcase>
  <testcase name="testModalityLevel1()" classname="de.uka.ilkd.key.rule.TestApplyTaclet" time="0.187">
    <failure message="java.lang.RuntimeException: Exception occurred while parsing src\test\resources\testcase\testrules.key" type="java.lang.RuntimeException">java.lang.RuntimeException: Exception occurred while parsing src\test\resources\testcase\testrules.key
	at de.uka.ilkd.key.rule.TacletForTests.parse(TacletForTests.java:89)
	at de.uka.ilkd.key.rule.TacletForTests.parse(TacletForTests.java:125)
	at de.uka.ilkd.key.rule.TacletForTests.parse(TacletForTests.java:129)
	at de.uka.ilkd.key.rule.TestApplyTaclet.setUp(TestApplyTaclet.java:75)
	at jdk.internal.reflect.GeneratedMethodAccessor11.invoke(Unknown Source)
	at java.base/jdk.internal.reflect.DelegatingMethodAccessorImpl.invoke(DelegatingMethodAccessorImpl.java:43)
	at java.base/java.lang.reflect.Method.invoke(Method.java:566)
	at org.junit.platform.commons.util.ReflectionUtils.invokeMethod(ReflectionUtils.java:727)
	at org.junit.jupiter.engine.execution.MethodInvocation.proceed(MethodInvocation.java:60)
	at org.junit.jupiter.engine.execution.InvocationInterceptorChain$ValidatingInvocation.proceed(InvocationInterceptorChain.java:131)
	at org.junit.jupiter.engine.extension.TimeoutExtension.intercept(TimeoutExtension.java:156)
	at org.junit.jupiter.engine.extension.TimeoutExtension.interceptLifecycleMethod(TimeoutExtension.java:128)
	at org.junit.jupiter.engine.extension.TimeoutExtension.interceptBeforeEachMethod(TimeoutExtension.java:78)
	at org.junit.jupiter.engine.execution.InterceptingExecutableInvoker$ReflectiveInterceptorCall.lambda$ofVoidMethod$0(InterceptingExecutableInvoker.java:103)
	at org.junit.jupiter.engine.execution.InterceptingExecutableInvoker.lambda$invoke$0(InterceptingExecutableInvoker.java:93)
	at org.junit.jupiter.engine.execution.InvocationInterceptorChain$InterceptedInvocation.proceed(InvocationInterceptorChain.java:106)
	at org.junit.jupiter.engine.execution.InvocationInterceptorChain.proceed(InvocationInterceptorChain.java:64)
	at org.junit.jupiter.engine.execution.InvocationInterceptorChain.chainAndInvoke(InvocationInterceptorChain.java:45)
	at org.junit.jupiter.engine.execution.InvocationInterceptorChain.invoke(InvocationInterceptorChain.java:37)
	at org.junit.jupiter.engine.execution.InterceptingExecutableInvoker.invoke(InterceptingExecutableInvoker.java:92)
	at org.junit.jupiter.engine.execution.InterceptingExecutableInvoker.invoke(InterceptingExecutableInvoker.java:86)
	at org.junit.jupiter.engine.descriptor.ClassBasedTestDescriptor.invokeMethodInExtensionContext(ClassBasedTestDescriptor.java:520)
	at org.junit.jupiter.engine.descriptor.ClassBasedTestDescriptor.lambda$synthesizeBeforeEachMethodAdapter$23(ClassBasedTestDescriptor.java:505)
	at org.junit.jupiter.engine.descriptor.TestMethodTestDescriptor.lambda$invokeBeforeEachMethods$3(TestMethodTestDescriptor.java:174)
	at org.junit.jupiter.engine.descriptor.TestMethodTestDescriptor.lambda$invokeBeforeMethodsOrCallbacksUntilExceptionOccurs$6(TestMethodTestDescriptor.java:202)
	at org.junit.platform.engine.support.hierarchical.ThrowableCollector.execute(ThrowableCollector.java:73)
	at org.junit.jupiter.engine.descriptor.TestMethodTestDescriptor.invokeBeforeMethodsOrCallbacksUntilExceptionOccurs(TestMethodTestDescriptor.java:202)
	at org.junit.jupiter.engine.descriptor.TestMethodTestDescriptor.invokeBeforeEachMethods(TestMethodTestDescriptor.java:171)
	at org.junit.jupiter.engine.descriptor.TestMethodTestDescriptor.execute(TestMethodTestDescriptor.java:134)
	at org.junit.jupiter.engine.descriptor.TestMethodTestDescriptor.execute(TestMethodTestDescriptor.java:68)
	at org.junit.platform.engine.support.hierarchical.NodeTestTask.lambda$executeRecursively$6(NodeTestTask.java:151)
	at org.junit.platform.engine.support.hierarchical.ThrowableCollector.execute(ThrowableCollector.java:73)
	at org.junit.platform.engine.support.hierarchical.NodeTestTask.lambda$executeRecursively$8(NodeTestTask.java:141)
	at org.junit.platform.engine.support.hierarchical.Node.around(Node.java:137)
	at org.junit.platform.engine.support.hierarchical.NodeTestTask.lambda$executeRecursively$9(NodeTestTask.java:139)
	at org.junit.platform.engine.support.hierarchical.ThrowableCollector.execute(ThrowableCollector.java:73)
	at org.junit.platform.engine.support.hierarchical.NodeTestTask.executeRecursively(NodeTestTask.java:138)
	at org.junit.platform.engine.support.hierarchical.NodeTestTask.execute(NodeTestTask.java:95)
	at java.base/java.util.ArrayList.forEach(ArrayList.java:1541)
	at org.junit.platform.engine.support.hierarchical.SameThreadHierarchicalTestExecutorService.invokeAll(SameThreadHierarchicalTestExecutorService.java:41)
	at org.junit.platform.engine.support.hierarchical.NodeTestTask.lambda$executeRecursively$6(NodeTestTask.java:155)
	at org.junit.platform.engine.support.hierarchical.ThrowableCollector.execute(ThrowableCollector.java:73)
	at org.junit.platform.engine.support.hierarchical.NodeTestTask.lambda$executeRecursively$8(NodeTestTask.java:141)
	at org.junit.platform.engine.support.hierarchical.Node.around(Node.java:137)
	at org.junit.platform.engine.support.hierarchical.NodeTestTask.lambda$executeRecursively$9(NodeTestTask.java:139)
	at org.junit.platform.engine.support.hierarchical.ThrowableCollector.execute(ThrowableCollector.java:73)
	at org.junit.platform.engine.support.hierarchical.NodeTestTask.executeRecursively(NodeTestTask.java:138)
	at org.junit.platform.engine.support.hierarchical.NodeTestTask.execute(NodeTestTask.java:95)
	at java.base/java.util.ArrayList.forEach(ArrayList.java:1541)
	at org.junit.platform.engine.support.hierarchical.SameThreadHierarchicalTestExecutorService.invokeAll(SameThreadHierarchicalTestExecutorService.java:41)
	at org.junit.platform.engine.support.hierarchical.NodeTestTask.lambda$executeRecursively$6(NodeTestTask.java:155)
	at org.junit.platform.engine.support.hierarchical.ThrowableCollector.execute(ThrowableCollector.java:73)
	at org.junit.platform.engine.support.hierarchical.NodeTestTask.lambda$executeRecursively$8(NodeTestTask.java:141)
	at org.junit.platform.engine.support.hierarchical.Node.around(Node.java:137)
	at org.junit.platform.engine.support.hierarchical.NodeTestTask.lambda$executeRecursively$9(NodeTestTask.java:139)
	at org.junit.platform.engine.support.hierarchical.ThrowableCollector.execute(ThrowableCollector.java:73)
	at org.junit.platform.engine.support.hierarchical.NodeTestTask.executeRecursively(NodeTestTask.java:138)
	at org.junit.platform.engine.support.hierarchical.NodeTestTask.execute(NodeTestTask.java:95)
	at org.junit.platform.engine.support.hierarchical.SameThreadHierarchicalTestExecutorService.submit(SameThreadHierarchicalTestExecutorService.java:35)
	at org.junit.platform.engine.support.hierarchical.HierarchicalTestExecutor.execute(HierarchicalTestExecutor.java:57)
	at org.junit.platform.engine.support.hierarchical.HierarchicalTestEngine.execute(HierarchicalTestEngine.java:54)
	at org.junit.platform.launcher.core.EngineExecutionOrchestrator.execute(EngineExecutionOrchestrator.java:107)
	at org.junit.platform.launcher.core.EngineExecutionOrchestrator.execute(EngineExecutionOrchestrator.java:88)
	at org.junit.platform.launcher.core.EngineExecutionOrchestrator.lambda$execute$0(EngineExecutionOrchestrator.java:54)
	at org.junit.platform.launcher.core.EngineExecutionOrchestrator.withInterceptedStreams(EngineExecutionOrchestrator.java:67)
	at org.junit.platform.launcher.core.EngineExecutionOrchestrator.execute(EngineExecutionOrchestrator.java:52)
	at org.junit.platform.launcher.core.DefaultLauncher.execute(DefaultLauncher.java:114)
	at org.junit.platform.launcher.core.DefaultLauncher.execute(DefaultLauncher.java:86)
	at org.junit.platform.launcher.core.DefaultLauncherSession$DelegatingLauncher.execute(DefaultLauncherSession.java:86)
	at org.gradle.api.internal.tasks.testing.junitplatform.JUnitPlatformTestClassProcessor$CollectAllTestClassesExecutor.processAllTestClasses(JUnitPlatformTestClassProcessor.java:110)
	at org.gradle.api.internal.tasks.testing.junitplatform.JUnitPlatformTestClassProcessor$CollectAllTestClassesExecutor.access$000(JUnitPlatformTestClassProcessor.java:90)
	at org.gradle.api.internal.tasks.testing.junitplatform.JUnitPlatformTestClassProcessor.stop(JUnitPlatformTestClassProcessor.java:85)
	at org.gradle.api.internal.tasks.testing.SuiteTestClassProcessor.stop(SuiteTestClassProcessor.java:62)
	at java.base/jdk.internal.reflect.NativeMethodAccessorImpl.invoke0(Native Method)
	at java.base/jdk.internal.reflect.NativeMethodAccessorImpl.invoke(NativeMethodAccessorImpl.java:62)
	at java.base/jdk.internal.reflect.DelegatingMethodAccessorImpl.invoke(DelegatingMethodAccessorImpl.java:43)
	at java.base/java.lang.reflect.Method.invoke(Method.java:566)
	at org.gradle.internal.dispatch.ReflectionDispatch.dispatch(ReflectionDispatch.java:36)
	at org.gradle.internal.dispatch.ReflectionDispatch.dispatch(ReflectionDispatch.java:24)
	at org.gradle.internal.dispatch.ContextClassLoaderDispatch.dispatch(ContextClassLoaderDispatch.java:33)
	at org.gradle.internal.dispatch.ProxyDispatchAdapter$DispatchingInvocationHandler.invoke(ProxyDispatchAdapter.java:94)
	at com.sun.proxy.$Proxy5.stop(Unknown Source)
	at org.gradle.api.internal.tasks.testing.worker.TestWorker$3.run(TestWorker.java:193)
	at org.gradle.api.internal.tasks.testing.worker.TestWorker.executeAndMaintainThreadName(TestWorker.java:129)
	at org.gradle.api.internal.tasks.testing.worker.TestWorker.execute(TestWorker.java:100)
	at org.gradle.api.internal.tasks.testing.worker.TestWorker.execute(TestWorker.java:60)
	at org.gradle.process.internal.worker.child.ActionExecutionWorker.execute(ActionExecutionWorker.java:56)
	at org.gradle.process.internal.worker.child.SystemApplicationClassLoaderWorker.call(SystemApplicationClassLoaderWorker.java:113)
	at org.gradle.process.internal.worker.child.SystemApplicationClassLoaderWorker.call(SystemApplicationClassLoaderWorker.java:65)
	at worker.org.gradle.process.internal.worker.GradleWorkerMain.run(GradleWorkerMain.java:69)
	at worker.org.gradle.process.internal.worker.GradleWorkerMain.main(GradleWorkerMain.java:74)
Caused by: UnsolvedSymbolException{context='arg0', name='Solving arg0', cause='null'}
	at com.github.javaparser.symbolsolver.javaparsermodel.TypeExtractor.visit(TypeExtractor.java:335)
	at com.github.javaparser.symbolsolver.javaparsermodel.TypeExtractor.visit(TypeExtractor.java:65)
	at com.github.javaparser.ast.expr.NameExpr.accept(NameExpr.java:79)
	at com.github.javaparser.symbolsolver.javaparsermodel.JavaParserFacade.getTypeConcrete(JavaParserFacade.java:505)
	at com.github.javaparser.symbolsolver.javaparsermodel.JavaParserFacade.getType(JavaParserFacade.java:352)
	at com.github.javaparser.symbolsolver.javaparsermodel.JavaParserFacade.getType(JavaParserFacade.java:334)
	at com.github.javaparser.symbolsolver.JavaSymbolSolver.calculateType(JavaSymbolSolver.java:294)
	at com.github.javaparser.ast.expr.Expression.calculateResolvedType(Expression.java:573)
	at de.uka.ilkd.key.java.JP2KeYVisitor.visit(JP2KeYConverter.java:707)
	at de.uka.ilkd.key.java.JP2KeYVisitor.visit(JP2KeYConverter.java:90)
	at com.github.javaparser.ast.expr.NameExpr.accept(NameExpr.java:79)
	at de.uka.ilkd.key.java.JP2KeYVisitor.lambda$map$1(JP2KeYConverter.java:402)
	at java.base/java.util.stream.ReferencePipeline$3$1.accept(ReferencePipeline.java:195)
	at java.base/java.util.ArrayList$ArrayListSpliterator.forEachRemaining(ArrayList.java:1655)
	at java.base/java.util.stream.AbstractPipeline.copyInto(AbstractPipeline.java:484)
	at java.base/java.util.stream.AbstractPipeline.wrapAndCopyInto(AbstractPipeline.java:474)
	at java.base/java.util.stream.ReduceOps$ReduceOp.evaluateSequential(ReduceOps.java:913)
	at java.base/java.util.stream.AbstractPipeline.evaluate(AbstractPipeline.java:234)
	at java.base/java.util.stream.ReferencePipeline.collect(ReferencePipeline.java:578)
	at de.uka.ilkd.key.java.JP2KeYVisitor.map(JP2KeYConverter.java:403)
	at de.uka.ilkd.key.java.JP2KeYVisitor.visit(JP2KeYConverter.java:506)
	at de.uka.ilkd.key.java.JP2KeYVisitor.visit(JP2KeYConverter.java:90)
	at com.github.javaparser.ast.stmt.ExplicitConstructorInvocationStmt.accept(ExplicitConstructorInvocationStmt.java:96)
	at de.uka.ilkd.key.java.JP2KeYVisitor.lambda$map$1(JP2KeYConverter.java:402)
	at java.base/java.util.stream.ReferencePipeline$3$1.accept(ReferencePipeline.java:195)
	at java.base/java.util.ArrayList$ArrayListSpliterator.forEachRemaining(ArrayList.java:1655)
	at java.base/java.util.stream.AbstractPipeline.copyInto(AbstractPipeline.java:484)
	at java.base/java.util.stream.AbstractPipeline.wrapAndCopyInto(AbstractPipeline.java:474)
	at java.base/java.util.stream.ReduceOps$ReduceOp.evaluateSequential(ReduceOps.java:913)
	at java.base/java.util.stream.AbstractPipeline.evaluate(AbstractPipeline.java:234)
	at java.base/java.util.stream.ReferencePipeline.collect(ReferencePipeline.java:578)
	at de.uka.ilkd.key.java.JP2KeYVisitor.map(JP2KeYConverter.java:403)
	at de.uka.ilkd.key.java.JP2KeYVisitor.visit(JP2KeYConverter.java:258)
	at de.uka.ilkd.key.java.JP2KeYVisitor.visit(JP2KeYConverter.java:90)
	at com.github.javaparser.ast.stmt.BlockStmt.accept(BlockStmt.java:70)
	at de.uka.ilkd.key.java.JP2KeYVisitor.lambda$map$1(JP2KeYConverter.java:402)
	at java.base/java.util.stream.ReferencePipeline$3$1.accept(ReferencePipeline.java:195)
	at java.base/java.util.ArrayList$ArrayListSpliterator.forEachRemaining(ArrayList.java:1655)
	at java.base/java.util.stream.AbstractPipeline.copyInto(AbstractPipeline.java:484)
	at java.base/java.util.stream.AbstractPipeline.wrapAndCopyInto(AbstractPipeline.java:474)
	at java.base/java.util.stream.ReduceOps$ReduceOp.evaluateSequential(ReduceOps.java:913)
	at java.base/java.util.stream.AbstractPipeline.evaluate(AbstractPipeline.java:234)
	at java.base/java.util.stream.ReferencePipeline.collect(ReferencePipeline.java:578)
	at de.uka.ilkd.key.java.JP2KeYVisitor.map(JP2KeYConverter.java:403)
	at de.uka.ilkd.key.java.JP2KeYVisitor.visit(JP2KeYConverter.java:258)
	at de.uka.ilkd.key.java.JP2KeYVisitor.visit(JP2KeYConverter.java:90)
	at com.github.javaparser.ast.stmt.BlockStmt.accept(BlockStmt.java:70)
	at de.uka.ilkd.key.java.JP2KeYVisitor.accept(JP2KeYConverter.java:348)
	at de.uka.ilkd.key.java.JP2KeYVisitor.visit(JP2KeYConverter.java:946)
	at de.uka.ilkd.key.java.JP2KeYVisitor.visit(JP2KeYConverter.java:90)
	at com.github.javaparser.ast.stmt.TryStmt.accept(TryStmt.java:135)
	at de.uka.ilkd.key.java.JP2KeYVisitor.lambda$map$1(JP2KeYConverter.java:402)
	at java.base/java.util.stream.ReferencePipeline$3$1.accept(ReferencePipeline.java:195)
	at java.base/java.util.ArrayList$ArrayListSpliterator.forEachRemaining(ArrayList.java:1655)
	at java.base/java.util.stream.AbstractPipeline.copyInto(AbstractPipeline.java:484)
	at java.base/java.util.stream.AbstractPipeline.wrapAndCopyInto(AbstractPipeline.java:474)
	at java.base/java.util.stream.ReduceOps$ReduceOp.evaluateSequential(ReduceOps.java:913)
	at java.base/java.util.stream.AbstractPipeline.evaluate(AbstractPipeline.java:234)
	at java.base/java.util.stream.ReferencePipeline.collect(ReferencePipeline.java:578)
	at de.uka.ilkd.key.java.JP2KeYVisitor.map(JP2KeYConverter.java:403)
	at de.uka.ilkd.key.java.JP2KeYVisitor.visit(JP2KeYConverter.java:258)
	at de.uka.ilkd.key.java.JP2KeYVisitor.visit(JP2KeYConverter.java:90)
	at com.github.javaparser.ast.stmt.BlockStmt.accept(BlockStmt.java:70)
	at de.uka.ilkd.key.java.JP2KeYVisitor.accept(JP2KeYConverter.java:348)
	at de.uka.ilkd.key.java.JP2KeYVisitor.visit(JP2KeYConverter.java:609)
	at de.uka.ilkd.key.java.JP2KeYVisitor.visit(JP2KeYConverter.java:90)
	at com.github.javaparser.ast.stmt.IfStmt.accept(IfStmt.java:82)
	at de.uka.ilkd.key.java.JP2KeYVisitor.lambda$map$1(JP2KeYConverter.java:402)
	at java.base/java.util.stream.ReferencePipeline$3$1.accept(ReferencePipeline.java:195)
	at java.base/java.util.ArrayList$ArrayListSpliterator.forEachRemaining(ArrayList.java:1655)
	at java.base/java.util.stream.AbstractPipeline.copyInto(AbstractPipeline.java:484)
	at java.base/java.util.stream.AbstractPipeline.wrapAndCopyInto(AbstractPipeline.java:474)
	at java.base/java.util.stream.ReduceOps$ReduceOp.evaluateSequential(ReduceOps.java:913)
	at java.base/java.util.stream.AbstractPipeline.evaluate(AbstractPipeline.java:234)
	at java.base/java.util.stream.ReferencePipeline.collect(ReferencePipeline.java:578)
	at de.uka.ilkd.key.java.JP2KeYVisitor.map(JP2KeYConverter.java:403)
	at de.uka.ilkd.key.java.JP2KeYVisitor.visit(JP2KeYConverter.java:258)
	at de.uka.ilkd.key.java.JP2KeYVisitor.visit(JP2KeYConverter.java:90)
	at com.github.javaparser.ast.stmt.BlockStmt.accept(BlockStmt.java:70)
	at de.uka.ilkd.key.java.JP2KeYVisitor.accept(JP2KeYConverter.java:348)
	at de.uka.ilkd.key.java.JP2KeYVisitor.visit(JP2KeYConverter.java:609)
	at de.uka.ilkd.key.java.JP2KeYVisitor.visit(JP2KeYConverter.java:90)
	at com.github.javaparser.ast.stmt.IfStmt.accept(IfStmt.java:82)
	at de.uka.ilkd.key.java.JP2KeYVisitor.lambda$map$1(JP2KeYConverter.java:402)
	at java.base/java.util.stream.ReferencePipeline$3$1.accept(ReferencePipeline.java:195)
	at java.base/java.util.ArrayList$ArrayListSpliterator.forEachRemaining(ArrayList.java:1655)
	at java.base/java.util.stream.AbstractPipeline.copyInto(AbstractPipeline.java:484)
	at java.base/java.util.stream.AbstractPipeline.wrapAndCopyInto(AbstractPipeline.java:474)
	at java.base/java.util.stream.ReduceOps$ReduceOp.evaluateSequential(ReduceOps.java:913)
	at java.base/java.util.stream.AbstractPipeline.evaluate(AbstractPipeline.java:234)
	at java.base/java.util.stream.ReferencePipeline.collect(ReferencePipeline.java:578)
	at de.uka.ilkd.key.java.JP2KeYVisitor.map(JP2KeYConverter.java:403)
	at de.uka.ilkd.key.java.JP2KeYVisitor.visit(JP2KeYConverter.java:258)
	at de.uka.ilkd.key.java.JP2KeYVisitor.visit(JP2KeYConverter.java:90)
	at com.github.javaparser.ast.stmt.BlockStmt.accept(BlockStmt.java:70)
	at de.uka.ilkd.key.java.JP2KeYVisitor.accept(JP2KeYConverter.java:348)
	at de.uka.ilkd.key.java.JP2KeYVisitor.accepto(JP2KeYConverter.java:418)
	at de.uka.ilkd.key.java.JP2KeYVisitor.visit(JP2KeYConverter.java:688)
	at de.uka.ilkd.key.java.JP2KeYVisitor.visit(JP2KeYConverter.java:90)
	at com.github.javaparser.ast.body.MethodDeclaration.accept(MethodDeclaration.java:98)
	at de.uka.ilkd.key.java.JP2KeYVisitor.lambda$map$1(JP2KeYConverter.java:402)
	at java.base/java.util.stream.ReferencePipeline$3$1.accept(ReferencePipeline.java:195)
	at java.base/java.util.ArrayList$ArrayListSpliterator.forEachRemaining(ArrayList.java:1655)
	at java.base/java.util.stream.AbstractPipeline.copyInto(AbstractPipeline.java:484)
	at java.base/java.util.stream.AbstractPipeline.wrapAndCopyInto(AbstractPipeline.java:474)
	at java.base/java.util.stream.ReduceOps$ReduceOp.evaluateSequential(ReduceOps.java:913)
	at java.base/java.util.stream.AbstractPipeline.evaluate(AbstractPipeline.java:234)
	at java.base/java.util.stream.ReferencePipeline.collect(ReferencePipeline.java:578)
	at de.uka.ilkd.key.java.JP2KeYVisitor.map(JP2KeYConverter.java:403)
	at de.uka.ilkd.key.java.JP2KeYVisitor.visit(JP2KeYConverter.java:310)
	at de.uka.ilkd.key.java.JP2KeYVisitor.visit(JP2KeYConverter.java:90)
	at com.github.javaparser.ast.body.ClassOrInterfaceDeclaration.accept(ClassOrInterfaceDeclaration.java:95)
	at de.uka.ilkd.key.java.JP2KeYVisitor.lambda$map$1(JP2KeYConverter.java:402)
	at java.base/java.util.stream.ReferencePipeline$3$1.accept(ReferencePipeline.java:195)
	at java.base/java.util.ArrayList$ArrayListSpliterator.forEachRemaining(ArrayList.java:1655)
	at java.base/java.util.stream.AbstractPipeline.copyInto(AbstractPipeline.java:484)
	at java.base/java.util.stream.AbstractPipeline.wrapAndCopyInto(AbstractPipeline.java:474)
	at java.base/java.util.stream.ReduceOps$ReduceOp.evaluateSequential(ReduceOps.java:913)
	at java.base/java.util.stream.AbstractPipeline.evaluate(AbstractPipeline.java:234)
	at java.base/java.util.stream.ReferencePipeline.collect(ReferencePipeline.java:578)
	at de.uka.ilkd.key.java.JP2KeYVisitor.map(JP2KeYConverter.java:403)
	at de.uka.ilkd.key.java.JP2KeYVisitor.visit(JP2KeYConverter.java:393)
	at de.uka.ilkd.key.java.JP2KeYVisitor.visit(JP2KeYConverter.java:90)
	at com.github.javaparser.ast.CompilationUnit.accept(CompilationUnit.java:124)
	at de.uka.ilkd.key.java.JP2KeYConverter.process(JP2KeYConverter.java:84)
	at de.uka.ilkd.key.java.JP2KeYConverter.processCompilationUnit(JP2KeYConverter.java:80)
	at de.uka.ilkd.key.java.JavaService.parseLibraryClasses0(JavaService.java:536)
	at de.uka.ilkd.key.java.JavaService.parseSpecialClasses(JavaService.java:511)
	at de.uka.ilkd.key.proof.init.ProblemInitializer.readJava(ProblemInitializer.java:280)
	at de.uka.ilkd.key.proof.init.ProblemInitializer.prepare(ProblemInitializer.java:529)
	at de.uka.ilkd.key.proof.init.ProblemInitializer.prepare(ProblemInitializer.java:471)
	at de.uka.ilkd.key.rule.TacletForTests.parse(TacletForTests.java:80)
	... 90 more
</failure>
  </testcase>
  <testcase name="testModalityLevel2()" classname="de.uka.ilkd.key.rule.TestApplyTaclet" time="0.119">
    <failure message="java.lang.RuntimeException: Exception occurred while parsing src\test\resources\testcase\testrules.key" type="java.lang.RuntimeException">java.lang.RuntimeException: Exception occurred while parsing src\test\resources\testcase\testrules.key
	at de.uka.ilkd.key.rule.TacletForTests.parse(TacletForTests.java:89)
	at de.uka.ilkd.key.rule.TacletForTests.parse(TacletForTests.java:125)
	at de.uka.ilkd.key.rule.TacletForTests.parse(TacletForTests.java:129)
	at de.uka.ilkd.key.rule.TestApplyTaclet.setUp(TestApplyTaclet.java:75)
	at jdk.internal.reflect.GeneratedMethodAccessor11.invoke(Unknown Source)
	at java.base/jdk.internal.reflect.DelegatingMethodAccessorImpl.invoke(DelegatingMethodAccessorImpl.java:43)
	at java.base/java.lang.reflect.Method.invoke(Method.java:566)
	at org.junit.platform.commons.util.ReflectionUtils.invokeMethod(ReflectionUtils.java:727)
	at org.junit.jupiter.engine.execution.MethodInvocation.proceed(MethodInvocation.java:60)
	at org.junit.jupiter.engine.execution.InvocationInterceptorChain$ValidatingInvocation.proceed(InvocationInterceptorChain.java:131)
	at org.junit.jupiter.engine.extension.TimeoutExtension.intercept(TimeoutExtension.java:156)
	at org.junit.jupiter.engine.extension.TimeoutExtension.interceptLifecycleMethod(TimeoutExtension.java:128)
	at org.junit.jupiter.engine.extension.TimeoutExtension.interceptBeforeEachMethod(TimeoutExtension.java:78)
	at org.junit.jupiter.engine.execution.InterceptingExecutableInvoker$ReflectiveInterceptorCall.lambda$ofVoidMethod$0(InterceptingExecutableInvoker.java:103)
	at org.junit.jupiter.engine.execution.InterceptingExecutableInvoker.lambda$invoke$0(InterceptingExecutableInvoker.java:93)
	at org.junit.jupiter.engine.execution.InvocationInterceptorChain$InterceptedInvocation.proceed(InvocationInterceptorChain.java:106)
	at org.junit.jupiter.engine.execution.InvocationInterceptorChain.proceed(InvocationInterceptorChain.java:64)
	at org.junit.jupiter.engine.execution.InvocationInterceptorChain.chainAndInvoke(InvocationInterceptorChain.java:45)
	at org.junit.jupiter.engine.execution.InvocationInterceptorChain.invoke(InvocationInterceptorChain.java:37)
	at org.junit.jupiter.engine.execution.InterceptingExecutableInvoker.invoke(InterceptingExecutableInvoker.java:92)
	at org.junit.jupiter.engine.execution.InterceptingExecutableInvoker.invoke(InterceptingExecutableInvoker.java:86)
	at org.junit.jupiter.engine.descriptor.ClassBasedTestDescriptor.invokeMethodInExtensionContext(ClassBasedTestDescriptor.java:520)
	at org.junit.jupiter.engine.descriptor.ClassBasedTestDescriptor.lambda$synthesizeBeforeEachMethodAdapter$23(ClassBasedTestDescriptor.java:505)
	at org.junit.jupiter.engine.descriptor.TestMethodTestDescriptor.lambda$invokeBeforeEachMethods$3(TestMethodTestDescriptor.java:174)
	at org.junit.jupiter.engine.descriptor.TestMethodTestDescriptor.lambda$invokeBeforeMethodsOrCallbacksUntilExceptionOccurs$6(TestMethodTestDescriptor.java:202)
	at org.junit.platform.engine.support.hierarchical.ThrowableCollector.execute(ThrowableCollector.java:73)
	at org.junit.jupiter.engine.descriptor.TestMethodTestDescriptor.invokeBeforeMethodsOrCallbacksUntilExceptionOccurs(TestMethodTestDescriptor.java:202)
	at org.junit.jupiter.engine.descriptor.TestMethodTestDescriptor.invokeBeforeEachMethods(TestMethodTestDescriptor.java:171)
	at org.junit.jupiter.engine.descriptor.TestMethodTestDescriptor.execute(TestMethodTestDescriptor.java:134)
	at org.junit.jupiter.engine.descriptor.TestMethodTestDescriptor.execute(TestMethodTestDescriptor.java:68)
	at org.junit.platform.engine.support.hierarchical.NodeTestTask.lambda$executeRecursively$6(NodeTestTask.java:151)
	at org.junit.platform.engine.support.hierarchical.ThrowableCollector.execute(ThrowableCollector.java:73)
	at org.junit.platform.engine.support.hierarchical.NodeTestTask.lambda$executeRecursively$8(NodeTestTask.java:141)
	at org.junit.platform.engine.support.hierarchical.Node.around(Node.java:137)
	at org.junit.platform.engine.support.hierarchical.NodeTestTask.lambda$executeRecursively$9(NodeTestTask.java:139)
	at org.junit.platform.engine.support.hierarchical.ThrowableCollector.execute(ThrowableCollector.java:73)
	at org.junit.platform.engine.support.hierarchical.NodeTestTask.executeRecursively(NodeTestTask.java:138)
	at org.junit.platform.engine.support.hierarchical.NodeTestTask.execute(NodeTestTask.java:95)
	at java.base/java.util.ArrayList.forEach(ArrayList.java:1541)
	at org.junit.platform.engine.support.hierarchical.SameThreadHierarchicalTestExecutorService.invokeAll(SameThreadHierarchicalTestExecutorService.java:41)
	at org.junit.platform.engine.support.hierarchical.NodeTestTask.lambda$executeRecursively$6(NodeTestTask.java:155)
	at org.junit.platform.engine.support.hierarchical.ThrowableCollector.execute(ThrowableCollector.java:73)
	at org.junit.platform.engine.support.hierarchical.NodeTestTask.lambda$executeRecursively$8(NodeTestTask.java:141)
	at org.junit.platform.engine.support.hierarchical.Node.around(Node.java:137)
	at org.junit.platform.engine.support.hierarchical.NodeTestTask.lambda$executeRecursively$9(NodeTestTask.java:139)
	at org.junit.platform.engine.support.hierarchical.ThrowableCollector.execute(ThrowableCollector.java:73)
	at org.junit.platform.engine.support.hierarchical.NodeTestTask.executeRecursively(NodeTestTask.java:138)
	at org.junit.platform.engine.support.hierarchical.NodeTestTask.execute(NodeTestTask.java:95)
	at java.base/java.util.ArrayList.forEach(ArrayList.java:1541)
	at org.junit.platform.engine.support.hierarchical.SameThreadHierarchicalTestExecutorService.invokeAll(SameThreadHierarchicalTestExecutorService.java:41)
	at org.junit.platform.engine.support.hierarchical.NodeTestTask.lambda$executeRecursively$6(NodeTestTask.java:155)
	at org.junit.platform.engine.support.hierarchical.ThrowableCollector.execute(ThrowableCollector.java:73)
	at org.junit.platform.engine.support.hierarchical.NodeTestTask.lambda$executeRecursively$8(NodeTestTask.java:141)
	at org.junit.platform.engine.support.hierarchical.Node.around(Node.java:137)
	at org.junit.platform.engine.support.hierarchical.NodeTestTask.lambda$executeRecursively$9(NodeTestTask.java:139)
	at org.junit.platform.engine.support.hierarchical.ThrowableCollector.execute(ThrowableCollector.java:73)
	at org.junit.platform.engine.support.hierarchical.NodeTestTask.executeRecursively(NodeTestTask.java:138)
	at org.junit.platform.engine.support.hierarchical.NodeTestTask.execute(NodeTestTask.java:95)
	at org.junit.platform.engine.support.hierarchical.SameThreadHierarchicalTestExecutorService.submit(SameThreadHierarchicalTestExecutorService.java:35)
	at org.junit.platform.engine.support.hierarchical.HierarchicalTestExecutor.execute(HierarchicalTestExecutor.java:57)
	at org.junit.platform.engine.support.hierarchical.HierarchicalTestEngine.execute(HierarchicalTestEngine.java:54)
	at org.junit.platform.launcher.core.EngineExecutionOrchestrator.execute(EngineExecutionOrchestrator.java:107)
	at org.junit.platform.launcher.core.EngineExecutionOrchestrator.execute(EngineExecutionOrchestrator.java:88)
	at org.junit.platform.launcher.core.EngineExecutionOrchestrator.lambda$execute$0(EngineExecutionOrchestrator.java:54)
	at org.junit.platform.launcher.core.EngineExecutionOrchestrator.withInterceptedStreams(EngineExecutionOrchestrator.java:67)
	at org.junit.platform.launcher.core.EngineExecutionOrchestrator.execute(EngineExecutionOrchestrator.java:52)
	at org.junit.platform.launcher.core.DefaultLauncher.execute(DefaultLauncher.java:114)
	at org.junit.platform.launcher.core.DefaultLauncher.execute(DefaultLauncher.java:86)
	at org.junit.platform.launcher.core.DefaultLauncherSession$DelegatingLauncher.execute(DefaultLauncherSession.java:86)
	at org.gradle.api.internal.tasks.testing.junitplatform.JUnitPlatformTestClassProcessor$CollectAllTestClassesExecutor.processAllTestClasses(JUnitPlatformTestClassProcessor.java:110)
	at org.gradle.api.internal.tasks.testing.junitplatform.JUnitPlatformTestClassProcessor$CollectAllTestClassesExecutor.access$000(JUnitPlatformTestClassProcessor.java:90)
	at org.gradle.api.internal.tasks.testing.junitplatform.JUnitPlatformTestClassProcessor.stop(JUnitPlatformTestClassProcessor.java:85)
	at org.gradle.api.internal.tasks.testing.SuiteTestClassProcessor.stop(SuiteTestClassProcessor.java:62)
	at java.base/jdk.internal.reflect.NativeMethodAccessorImpl.invoke0(Native Method)
	at java.base/jdk.internal.reflect.NativeMethodAccessorImpl.invoke(NativeMethodAccessorImpl.java:62)
	at java.base/jdk.internal.reflect.DelegatingMethodAccessorImpl.invoke(DelegatingMethodAccessorImpl.java:43)
	at java.base/java.lang.reflect.Method.invoke(Method.java:566)
	at org.gradle.internal.dispatch.ReflectionDispatch.dispatch(ReflectionDispatch.java:36)
	at org.gradle.internal.dispatch.ReflectionDispatch.dispatch(ReflectionDispatch.java:24)
	at org.gradle.internal.dispatch.ContextClassLoaderDispatch.dispatch(ContextClassLoaderDispatch.java:33)
	at org.gradle.internal.dispatch.ProxyDispatchAdapter$DispatchingInvocationHandler.invoke(ProxyDispatchAdapter.java:94)
	at com.sun.proxy.$Proxy5.stop(Unknown Source)
	at org.gradle.api.internal.tasks.testing.worker.TestWorker$3.run(TestWorker.java:193)
	at org.gradle.api.internal.tasks.testing.worker.TestWorker.executeAndMaintainThreadName(TestWorker.java:129)
	at org.gradle.api.internal.tasks.testing.worker.TestWorker.execute(TestWorker.java:100)
	at org.gradle.api.internal.tasks.testing.worker.TestWorker.execute(TestWorker.java:60)
	at org.gradle.process.internal.worker.child.ActionExecutionWorker.execute(ActionExecutionWorker.java:56)
	at org.gradle.process.internal.worker.child.SystemApplicationClassLoaderWorker.call(SystemApplicationClassLoaderWorker.java:113)
	at org.gradle.process.internal.worker.child.SystemApplicationClassLoaderWorker.call(SystemApplicationClassLoaderWorker.java:65)
	at worker.org.gradle.process.internal.worker.GradleWorkerMain.run(GradleWorkerMain.java:69)
	at worker.org.gradle.process.internal.worker.GradleWorkerMain.main(GradleWorkerMain.java:74)
Caused by: UnsolvedSymbolException{context='arg0', name='Solving arg0', cause='null'}
	at com.github.javaparser.symbolsolver.javaparsermodel.TypeExtractor.visit(TypeExtractor.java:335)
	at com.github.javaparser.symbolsolver.javaparsermodel.TypeExtractor.visit(TypeExtractor.java:65)
	at com.github.javaparser.ast.expr.NameExpr.accept(NameExpr.java:79)
	at com.github.javaparser.symbolsolver.javaparsermodel.JavaParserFacade.getTypeConcrete(JavaParserFacade.java:505)
	at com.github.javaparser.symbolsolver.javaparsermodel.JavaParserFacade.getType(JavaParserFacade.java:352)
	at com.github.javaparser.symbolsolver.javaparsermodel.JavaParserFacade.getType(JavaParserFacade.java:334)
	at com.github.javaparser.symbolsolver.JavaSymbolSolver.calculateType(JavaSymbolSolver.java:294)
	at com.github.javaparser.ast.expr.Expression.calculateResolvedType(Expression.java:573)
	at de.uka.ilkd.key.java.JP2KeYVisitor.visit(JP2KeYConverter.java:707)
	at de.uka.ilkd.key.java.JP2KeYVisitor.visit(JP2KeYConverter.java:90)
	at com.github.javaparser.ast.expr.NameExpr.accept(NameExpr.java:79)
	at de.uka.ilkd.key.java.JP2KeYVisitor.lambda$map$1(JP2KeYConverter.java:402)
	at java.base/java.util.stream.ReferencePipeline$3$1.accept(ReferencePipeline.java:195)
	at java.base/java.util.ArrayList$ArrayListSpliterator.forEachRemaining(ArrayList.java:1655)
	at java.base/java.util.stream.AbstractPipeline.copyInto(AbstractPipeline.java:484)
	at java.base/java.util.stream.AbstractPipeline.wrapAndCopyInto(AbstractPipeline.java:474)
	at java.base/java.util.stream.ReduceOps$ReduceOp.evaluateSequential(ReduceOps.java:913)
	at java.base/java.util.stream.AbstractPipeline.evaluate(AbstractPipeline.java:234)
	at java.base/java.util.stream.ReferencePipeline.collect(ReferencePipeline.java:578)
	at de.uka.ilkd.key.java.JP2KeYVisitor.map(JP2KeYConverter.java:403)
	at de.uka.ilkd.key.java.JP2KeYVisitor.visit(JP2KeYConverter.java:506)
	at de.uka.ilkd.key.java.JP2KeYVisitor.visit(JP2KeYConverter.java:90)
	at com.github.javaparser.ast.stmt.ExplicitConstructorInvocationStmt.accept(ExplicitConstructorInvocationStmt.java:96)
	at de.uka.ilkd.key.java.JP2KeYVisitor.lambda$map$1(JP2KeYConverter.java:402)
	at java.base/java.util.stream.ReferencePipeline$3$1.accept(ReferencePipeline.java:195)
	at java.base/java.util.ArrayList$ArrayListSpliterator.forEachRemaining(ArrayList.java:1655)
	at java.base/java.util.stream.AbstractPipeline.copyInto(AbstractPipeline.java:484)
	at java.base/java.util.stream.AbstractPipeline.wrapAndCopyInto(AbstractPipeline.java:474)
	at java.base/java.util.stream.ReduceOps$ReduceOp.evaluateSequential(ReduceOps.java:913)
	at java.base/java.util.stream.AbstractPipeline.evaluate(AbstractPipeline.java:234)
	at java.base/java.util.stream.ReferencePipeline.collect(ReferencePipeline.java:578)
	at de.uka.ilkd.key.java.JP2KeYVisitor.map(JP2KeYConverter.java:403)
	at de.uka.ilkd.key.java.JP2KeYVisitor.visit(JP2KeYConverter.java:258)
	at de.uka.ilkd.key.java.JP2KeYVisitor.visit(JP2KeYConverter.java:90)
	at com.github.javaparser.ast.stmt.BlockStmt.accept(BlockStmt.java:70)
	at de.uka.ilkd.key.java.JP2KeYVisitor.lambda$map$1(JP2KeYConverter.java:402)
	at java.base/java.util.stream.ReferencePipeline$3$1.accept(ReferencePipeline.java:195)
	at java.base/java.util.ArrayList$ArrayListSpliterator.forEachRemaining(ArrayList.java:1655)
	at java.base/java.util.stream.AbstractPipeline.copyInto(AbstractPipeline.java:484)
	at java.base/java.util.stream.AbstractPipeline.wrapAndCopyInto(AbstractPipeline.java:474)
	at java.base/java.util.stream.ReduceOps$ReduceOp.evaluateSequential(ReduceOps.java:913)
	at java.base/java.util.stream.AbstractPipeline.evaluate(AbstractPipeline.java:234)
	at java.base/java.util.stream.ReferencePipeline.collect(ReferencePipeline.java:578)
	at de.uka.ilkd.key.java.JP2KeYVisitor.map(JP2KeYConverter.java:403)
	at de.uka.ilkd.key.java.JP2KeYVisitor.visit(JP2KeYConverter.java:258)
	at de.uka.ilkd.key.java.JP2KeYVisitor.visit(JP2KeYConverter.java:90)
	at com.github.javaparser.ast.stmt.BlockStmt.accept(BlockStmt.java:70)
	at de.uka.ilkd.key.java.JP2KeYVisitor.accept(JP2KeYConverter.java:348)
	at de.uka.ilkd.key.java.JP2KeYVisitor.visit(JP2KeYConverter.java:946)
	at de.uka.ilkd.key.java.JP2KeYVisitor.visit(JP2KeYConverter.java:90)
	at com.github.javaparser.ast.stmt.TryStmt.accept(TryStmt.java:135)
	at de.uka.ilkd.key.java.JP2KeYVisitor.lambda$map$1(JP2KeYConverter.java:402)
	at java.base/java.util.stream.ReferencePipeline$3$1.accept(ReferencePipeline.java:195)
	at java.base/java.util.ArrayList$ArrayListSpliterator.forEachRemaining(ArrayList.java:1655)
	at java.base/java.util.stream.AbstractPipeline.copyInto(AbstractPipeline.java:484)
	at java.base/java.util.stream.AbstractPipeline.wrapAndCopyInto(AbstractPipeline.java:474)
	at java.base/java.util.stream.ReduceOps$ReduceOp.evaluateSequential(ReduceOps.java:913)
	at java.base/java.util.stream.AbstractPipeline.evaluate(AbstractPipeline.java:234)
	at java.base/java.util.stream.ReferencePipeline.collect(ReferencePipeline.java:578)
	at de.uka.ilkd.key.java.JP2KeYVisitor.map(JP2KeYConverter.java:403)
	at de.uka.ilkd.key.java.JP2KeYVisitor.visit(JP2KeYConverter.java:258)
	at de.uka.ilkd.key.java.JP2KeYVisitor.visit(JP2KeYConverter.java:90)
	at com.github.javaparser.ast.stmt.BlockStmt.accept(BlockStmt.java:70)
	at de.uka.ilkd.key.java.JP2KeYVisitor.accept(JP2KeYConverter.java:348)
	at de.uka.ilkd.key.java.JP2KeYVisitor.visit(JP2KeYConverter.java:609)
	at de.uka.ilkd.key.java.JP2KeYVisitor.visit(JP2KeYConverter.java:90)
	at com.github.javaparser.ast.stmt.IfStmt.accept(IfStmt.java:82)
	at de.uka.ilkd.key.java.JP2KeYVisitor.lambda$map$1(JP2KeYConverter.java:402)
	at java.base/java.util.stream.ReferencePipeline$3$1.accept(ReferencePipeline.java:195)
	at java.base/java.util.ArrayList$ArrayListSpliterator.forEachRemaining(ArrayList.java:1655)
	at java.base/java.util.stream.AbstractPipeline.copyInto(AbstractPipeline.java:484)
	at java.base/java.util.stream.AbstractPipeline.wrapAndCopyInto(AbstractPipeline.java:474)
	at java.base/java.util.stream.ReduceOps$ReduceOp.evaluateSequential(ReduceOps.java:913)
	at java.base/java.util.stream.AbstractPipeline.evaluate(AbstractPipeline.java:234)
	at java.base/java.util.stream.ReferencePipeline.collect(ReferencePipeline.java:578)
	at de.uka.ilkd.key.java.JP2KeYVisitor.map(JP2KeYConverter.java:403)
	at de.uka.ilkd.key.java.JP2KeYVisitor.visit(JP2KeYConverter.java:258)
	at de.uka.ilkd.key.java.JP2KeYVisitor.visit(JP2KeYConverter.java:90)
	at com.github.javaparser.ast.stmt.BlockStmt.accept(BlockStmt.java:70)
	at de.uka.ilkd.key.java.JP2KeYVisitor.accept(JP2KeYConverter.java:348)
	at de.uka.ilkd.key.java.JP2KeYVisitor.visit(JP2KeYConverter.java:609)
	at de.uka.ilkd.key.java.JP2KeYVisitor.visit(JP2KeYConverter.java:90)
	at com.github.javaparser.ast.stmt.IfStmt.accept(IfStmt.java:82)
	at de.uka.ilkd.key.java.JP2KeYVisitor.lambda$map$1(JP2KeYConverter.java:402)
	at java.base/java.util.stream.ReferencePipeline$3$1.accept(ReferencePipeline.java:195)
	at java.base/java.util.ArrayList$ArrayListSpliterator.forEachRemaining(ArrayList.java:1655)
	at java.base/java.util.stream.AbstractPipeline.copyInto(AbstractPipeline.java:484)
	at java.base/java.util.stream.AbstractPipeline.wrapAndCopyInto(AbstractPipeline.java:474)
	at java.base/java.util.stream.ReduceOps$ReduceOp.evaluateSequential(ReduceOps.java:913)
	at java.base/java.util.stream.AbstractPipeline.evaluate(AbstractPipeline.java:234)
	at java.base/java.util.stream.ReferencePipeline.collect(ReferencePipeline.java:578)
	at de.uka.ilkd.key.java.JP2KeYVisitor.map(JP2KeYConverter.java:403)
	at de.uka.ilkd.key.java.JP2KeYVisitor.visit(JP2KeYConverter.java:258)
	at de.uka.ilkd.key.java.JP2KeYVisitor.visit(JP2KeYConverter.java:90)
	at com.github.javaparser.ast.stmt.BlockStmt.accept(BlockStmt.java:70)
	at de.uka.ilkd.key.java.JP2KeYVisitor.accept(JP2KeYConverter.java:348)
	at de.uka.ilkd.key.java.JP2KeYVisitor.accepto(JP2KeYConverter.java:418)
	at de.uka.ilkd.key.java.JP2KeYVisitor.visit(JP2KeYConverter.java:688)
	at de.uka.ilkd.key.java.JP2KeYVisitor.visit(JP2KeYConverter.java:90)
	at com.github.javaparser.ast.body.MethodDeclaration.accept(MethodDeclaration.java:98)
	at de.uka.ilkd.key.java.JP2KeYVisitor.lambda$map$1(JP2KeYConverter.java:402)
	at java.base/java.util.stream.ReferencePipeline$3$1.accept(ReferencePipeline.java:195)
	at java.base/java.util.ArrayList$ArrayListSpliterator.forEachRemaining(ArrayList.java:1655)
	at java.base/java.util.stream.AbstractPipeline.copyInto(AbstractPipeline.java:484)
	at java.base/java.util.stream.AbstractPipeline.wrapAndCopyInto(AbstractPipeline.java:474)
	at java.base/java.util.stream.ReduceOps$ReduceOp.evaluateSequential(ReduceOps.java:913)
	at java.base/java.util.stream.AbstractPipeline.evaluate(AbstractPipeline.java:234)
	at java.base/java.util.stream.ReferencePipeline.collect(ReferencePipeline.java:578)
	at de.uka.ilkd.key.java.JP2KeYVisitor.map(JP2KeYConverter.java:403)
	at de.uka.ilkd.key.java.JP2KeYVisitor.visit(JP2KeYConverter.java:310)
	at de.uka.ilkd.key.java.JP2KeYVisitor.visit(JP2KeYConverter.java:90)
	at com.github.javaparser.ast.body.ClassOrInterfaceDeclaration.accept(ClassOrInterfaceDeclaration.java:95)
	at de.uka.ilkd.key.java.JP2KeYVisitor.lambda$map$1(JP2KeYConverter.java:402)
	at java.base/java.util.stream.ReferencePipeline$3$1.accept(ReferencePipeline.java:195)
	at java.base/java.util.ArrayList$ArrayListSpliterator.forEachRemaining(ArrayList.java:1655)
	at java.base/java.util.stream.AbstractPipeline.copyInto(AbstractPipeline.java:484)
	at java.base/java.util.stream.AbstractPipeline.wrapAndCopyInto(AbstractPipeline.java:474)
	at java.base/java.util.stream.ReduceOps$ReduceOp.evaluateSequential(ReduceOps.java:913)
	at java.base/java.util.stream.AbstractPipeline.evaluate(AbstractPipeline.java:234)
	at java.base/java.util.stream.ReferencePipeline.collect(ReferencePipeline.java:578)
	at de.uka.ilkd.key.java.JP2KeYVisitor.map(JP2KeYConverter.java:403)
	at de.uka.ilkd.key.java.JP2KeYVisitor.visit(JP2KeYConverter.java:393)
	at de.uka.ilkd.key.java.JP2KeYVisitor.visit(JP2KeYConverter.java:90)
	at com.github.javaparser.ast.CompilationUnit.accept(CompilationUnit.java:124)
	at de.uka.ilkd.key.java.JP2KeYConverter.process(JP2KeYConverter.java:84)
	at de.uka.ilkd.key.java.JP2KeYConverter.processCompilationUnit(JP2KeYConverter.java:80)
	at de.uka.ilkd.key.java.JavaService.parseLibraryClasses0(JavaService.java:536)
	at de.uka.ilkd.key.java.JavaService.parseSpecialClasses(JavaService.java:511)
	at de.uka.ilkd.key.proof.init.ProblemInitializer.readJava(ProblemInitializer.java:280)
	at de.uka.ilkd.key.proof.init.ProblemInitializer.prepare(ProblemInitializer.java:529)
	at de.uka.ilkd.key.proof.init.ProblemInitializer.prepare(ProblemInitializer.java:471)
	at de.uka.ilkd.key.rule.TacletForTests.parse(TacletForTests.java:80)
	... 90 more
</failure>
  </testcase>
  <testcase name="testContextAdding()" classname="de.uka.ilkd.key.rule.TestApplyTaclet" time="0.117">
    <failure message="java.lang.RuntimeException: Exception occurred while parsing src\test\resources\testcase\testrules.key" type="java.lang.RuntimeException">java.lang.RuntimeException: Exception occurred while parsing src\test\resources\testcase\testrules.key
	at de.uka.ilkd.key.rule.TacletForTests.parse(TacletForTests.java:89)
	at de.uka.ilkd.key.rule.TacletForTests.parse(TacletForTests.java:125)
	at de.uka.ilkd.key.rule.TacletForTests.parse(TacletForTests.java:129)
	at de.uka.ilkd.key.rule.TestApplyTaclet.setUp(TestApplyTaclet.java:75)
	at jdk.internal.reflect.GeneratedMethodAccessor11.invoke(Unknown Source)
	at java.base/jdk.internal.reflect.DelegatingMethodAccessorImpl.invoke(DelegatingMethodAccessorImpl.java:43)
	at java.base/java.lang.reflect.Method.invoke(Method.java:566)
	at org.junit.platform.commons.util.ReflectionUtils.invokeMethod(ReflectionUtils.java:727)
	at org.junit.jupiter.engine.execution.MethodInvocation.proceed(MethodInvocation.java:60)
	at org.junit.jupiter.engine.execution.InvocationInterceptorChain$ValidatingInvocation.proceed(InvocationInterceptorChain.java:131)
	at org.junit.jupiter.engine.extension.TimeoutExtension.intercept(TimeoutExtension.java:156)
	at org.junit.jupiter.engine.extension.TimeoutExtension.interceptLifecycleMethod(TimeoutExtension.java:128)
	at org.junit.jupiter.engine.extension.TimeoutExtension.interceptBeforeEachMethod(TimeoutExtension.java:78)
	at org.junit.jupiter.engine.execution.InterceptingExecutableInvoker$ReflectiveInterceptorCall.lambda$ofVoidMethod$0(InterceptingExecutableInvoker.java:103)
	at org.junit.jupiter.engine.execution.InterceptingExecutableInvoker.lambda$invoke$0(InterceptingExecutableInvoker.java:93)
	at org.junit.jupiter.engine.execution.InvocationInterceptorChain$InterceptedInvocation.proceed(InvocationInterceptorChain.java:106)
	at org.junit.jupiter.engine.execution.InvocationInterceptorChain.proceed(InvocationInterceptorChain.java:64)
	at org.junit.jupiter.engine.execution.InvocationInterceptorChain.chainAndInvoke(InvocationInterceptorChain.java:45)
	at org.junit.jupiter.engine.execution.InvocationInterceptorChain.invoke(InvocationInterceptorChain.java:37)
	at org.junit.jupiter.engine.execution.InterceptingExecutableInvoker.invoke(InterceptingExecutableInvoker.java:92)
	at org.junit.jupiter.engine.execution.InterceptingExecutableInvoker.invoke(InterceptingExecutableInvoker.java:86)
	at org.junit.jupiter.engine.descriptor.ClassBasedTestDescriptor.invokeMethodInExtensionContext(ClassBasedTestDescriptor.java:520)
	at org.junit.jupiter.engine.descriptor.ClassBasedTestDescriptor.lambda$synthesizeBeforeEachMethodAdapter$23(ClassBasedTestDescriptor.java:505)
	at org.junit.jupiter.engine.descriptor.TestMethodTestDescriptor.lambda$invokeBeforeEachMethods$3(TestMethodTestDescriptor.java:174)
	at org.junit.jupiter.engine.descriptor.TestMethodTestDescriptor.lambda$invokeBeforeMethodsOrCallbacksUntilExceptionOccurs$6(TestMethodTestDescriptor.java:202)
	at org.junit.platform.engine.support.hierarchical.ThrowableCollector.execute(ThrowableCollector.java:73)
	at org.junit.jupiter.engine.descriptor.TestMethodTestDescriptor.invokeBeforeMethodsOrCallbacksUntilExceptionOccurs(TestMethodTestDescriptor.java:202)
	at org.junit.jupiter.engine.descriptor.TestMethodTestDescriptor.invokeBeforeEachMethods(TestMethodTestDescriptor.java:171)
	at org.junit.jupiter.engine.descriptor.TestMethodTestDescriptor.execute(TestMethodTestDescriptor.java:134)
	at org.junit.jupiter.engine.descriptor.TestMethodTestDescriptor.execute(TestMethodTestDescriptor.java:68)
	at org.junit.platform.engine.support.hierarchical.NodeTestTask.lambda$executeRecursively$6(NodeTestTask.java:151)
	at org.junit.platform.engine.support.hierarchical.ThrowableCollector.execute(ThrowableCollector.java:73)
	at org.junit.platform.engine.support.hierarchical.NodeTestTask.lambda$executeRecursively$8(NodeTestTask.java:141)
	at org.junit.platform.engine.support.hierarchical.Node.around(Node.java:137)
	at org.junit.platform.engine.support.hierarchical.NodeTestTask.lambda$executeRecursively$9(NodeTestTask.java:139)
	at org.junit.platform.engine.support.hierarchical.ThrowableCollector.execute(ThrowableCollector.java:73)
	at org.junit.platform.engine.support.hierarchical.NodeTestTask.executeRecursively(NodeTestTask.java:138)
	at org.junit.platform.engine.support.hierarchical.NodeTestTask.execute(NodeTestTask.java:95)
	at java.base/java.util.ArrayList.forEach(ArrayList.java:1541)
	at org.junit.platform.engine.support.hierarchical.SameThreadHierarchicalTestExecutorService.invokeAll(SameThreadHierarchicalTestExecutorService.java:41)
	at org.junit.platform.engine.support.hierarchical.NodeTestTask.lambda$executeRecursively$6(NodeTestTask.java:155)
	at org.junit.platform.engine.support.hierarchical.ThrowableCollector.execute(ThrowableCollector.java:73)
	at org.junit.platform.engine.support.hierarchical.NodeTestTask.lambda$executeRecursively$8(NodeTestTask.java:141)
	at org.junit.platform.engine.support.hierarchical.Node.around(Node.java:137)
	at org.junit.platform.engine.support.hierarchical.NodeTestTask.lambda$executeRecursively$9(NodeTestTask.java:139)
	at org.junit.platform.engine.support.hierarchical.ThrowableCollector.execute(ThrowableCollector.java:73)
	at org.junit.platform.engine.support.hierarchical.NodeTestTask.executeRecursively(NodeTestTask.java:138)
	at org.junit.platform.engine.support.hierarchical.NodeTestTask.execute(NodeTestTask.java:95)
	at java.base/java.util.ArrayList.forEach(ArrayList.java:1541)
	at org.junit.platform.engine.support.hierarchical.SameThreadHierarchicalTestExecutorService.invokeAll(SameThreadHierarchicalTestExecutorService.java:41)
	at org.junit.platform.engine.support.hierarchical.NodeTestTask.lambda$executeRecursively$6(NodeTestTask.java:155)
	at org.junit.platform.engine.support.hierarchical.ThrowableCollector.execute(ThrowableCollector.java:73)
	at org.junit.platform.engine.support.hierarchical.NodeTestTask.lambda$executeRecursively$8(NodeTestTask.java:141)
	at org.junit.platform.engine.support.hierarchical.Node.around(Node.java:137)
	at org.junit.platform.engine.support.hierarchical.NodeTestTask.lambda$executeRecursively$9(NodeTestTask.java:139)
	at org.junit.platform.engine.support.hierarchical.ThrowableCollector.execute(ThrowableCollector.java:73)
	at org.junit.platform.engine.support.hierarchical.NodeTestTask.executeRecursively(NodeTestTask.java:138)
	at org.junit.platform.engine.support.hierarchical.NodeTestTask.execute(NodeTestTask.java:95)
	at org.junit.platform.engine.support.hierarchical.SameThreadHierarchicalTestExecutorService.submit(SameThreadHierarchicalTestExecutorService.java:35)
	at org.junit.platform.engine.support.hierarchical.HierarchicalTestExecutor.execute(HierarchicalTestExecutor.java:57)
	at org.junit.platform.engine.support.hierarchical.HierarchicalTestEngine.execute(HierarchicalTestEngine.java:54)
	at org.junit.platform.launcher.core.EngineExecutionOrchestrator.execute(EngineExecutionOrchestrator.java:107)
	at org.junit.platform.launcher.core.EngineExecutionOrchestrator.execute(EngineExecutionOrchestrator.java:88)
	at org.junit.platform.launcher.core.EngineExecutionOrchestrator.lambda$execute$0(EngineExecutionOrchestrator.java:54)
	at org.junit.platform.launcher.core.EngineExecutionOrchestrator.withInterceptedStreams(EngineExecutionOrchestrator.java:67)
	at org.junit.platform.launcher.core.EngineExecutionOrchestrator.execute(EngineExecutionOrchestrator.java:52)
	at org.junit.platform.launcher.core.DefaultLauncher.execute(DefaultLauncher.java:114)
	at org.junit.platform.launcher.core.DefaultLauncher.execute(DefaultLauncher.java:86)
	at org.junit.platform.launcher.core.DefaultLauncherSession$DelegatingLauncher.execute(DefaultLauncherSession.java:86)
	at org.gradle.api.internal.tasks.testing.junitplatform.JUnitPlatformTestClassProcessor$CollectAllTestClassesExecutor.processAllTestClasses(JUnitPlatformTestClassProcessor.java:110)
	at org.gradle.api.internal.tasks.testing.junitplatform.JUnitPlatformTestClassProcessor$CollectAllTestClassesExecutor.access$000(JUnitPlatformTestClassProcessor.java:90)
	at org.gradle.api.internal.tasks.testing.junitplatform.JUnitPlatformTestClassProcessor.stop(JUnitPlatformTestClassProcessor.java:85)
	at org.gradle.api.internal.tasks.testing.SuiteTestClassProcessor.stop(SuiteTestClassProcessor.java:62)
	at java.base/jdk.internal.reflect.NativeMethodAccessorImpl.invoke0(Native Method)
	at java.base/jdk.internal.reflect.NativeMethodAccessorImpl.invoke(NativeMethodAccessorImpl.java:62)
	at java.base/jdk.internal.reflect.DelegatingMethodAccessorImpl.invoke(DelegatingMethodAccessorImpl.java:43)
	at java.base/java.lang.reflect.Method.invoke(Method.java:566)
	at org.gradle.internal.dispatch.ReflectionDispatch.dispatch(ReflectionDispatch.java:36)
	at org.gradle.internal.dispatch.ReflectionDispatch.dispatch(ReflectionDispatch.java:24)
	at org.gradle.internal.dispatch.ContextClassLoaderDispatch.dispatch(ContextClassLoaderDispatch.java:33)
	at org.gradle.internal.dispatch.ProxyDispatchAdapter$DispatchingInvocationHandler.invoke(ProxyDispatchAdapter.java:94)
	at com.sun.proxy.$Proxy5.stop(Unknown Source)
	at org.gradle.api.internal.tasks.testing.worker.TestWorker$3.run(TestWorker.java:193)
	at org.gradle.api.internal.tasks.testing.worker.TestWorker.executeAndMaintainThreadName(TestWorker.java:129)
	at org.gradle.api.internal.tasks.testing.worker.TestWorker.execute(TestWorker.java:100)
	at org.gradle.api.internal.tasks.testing.worker.TestWorker.execute(TestWorker.java:60)
	at org.gradle.process.internal.worker.child.ActionExecutionWorker.execute(ActionExecutionWorker.java:56)
	at org.gradle.process.internal.worker.child.SystemApplicationClassLoaderWorker.call(SystemApplicationClassLoaderWorker.java:113)
	at org.gradle.process.internal.worker.child.SystemApplicationClassLoaderWorker.call(SystemApplicationClassLoaderWorker.java:65)
	at worker.org.gradle.process.internal.worker.GradleWorkerMain.run(GradleWorkerMain.java:69)
	at worker.org.gradle.process.internal.worker.GradleWorkerMain.main(GradleWorkerMain.java:74)
Caused by: UnsolvedSymbolException{context='arg0', name='Solving arg0', cause='null'}
	at com.github.javaparser.symbolsolver.javaparsermodel.TypeExtractor.visit(TypeExtractor.java:335)
	at com.github.javaparser.symbolsolver.javaparsermodel.TypeExtractor.visit(TypeExtractor.java:65)
	at com.github.javaparser.ast.expr.NameExpr.accept(NameExpr.java:79)
	at com.github.javaparser.symbolsolver.javaparsermodel.JavaParserFacade.getTypeConcrete(JavaParserFacade.java:505)
	at com.github.javaparser.symbolsolver.javaparsermodel.JavaParserFacade.getType(JavaParserFacade.java:352)
	at com.github.javaparser.symbolsolver.javaparsermodel.JavaParserFacade.getType(JavaParserFacade.java:334)
	at com.github.javaparser.symbolsolver.JavaSymbolSolver.calculateType(JavaSymbolSolver.java:294)
	at com.github.javaparser.ast.expr.Expression.calculateResolvedType(Expression.java:573)
	at de.uka.ilkd.key.java.JP2KeYVisitor.visit(JP2KeYConverter.java:707)
	at de.uka.ilkd.key.java.JP2KeYVisitor.visit(JP2KeYConverter.java:90)
	at com.github.javaparser.ast.expr.NameExpr.accept(NameExpr.java:79)
	at de.uka.ilkd.key.java.JP2KeYVisitor.lambda$map$1(JP2KeYConverter.java:402)
	at java.base/java.util.stream.ReferencePipeline$3$1.accept(ReferencePipeline.java:195)
	at java.base/java.util.ArrayList$ArrayListSpliterator.forEachRemaining(ArrayList.java:1655)
	at java.base/java.util.stream.AbstractPipeline.copyInto(AbstractPipeline.java:484)
	at java.base/java.util.stream.AbstractPipeline.wrapAndCopyInto(AbstractPipeline.java:474)
	at java.base/java.util.stream.ReduceOps$ReduceOp.evaluateSequential(ReduceOps.java:913)
	at java.base/java.util.stream.AbstractPipeline.evaluate(AbstractPipeline.java:234)
	at java.base/java.util.stream.ReferencePipeline.collect(ReferencePipeline.java:578)
	at de.uka.ilkd.key.java.JP2KeYVisitor.map(JP2KeYConverter.java:403)
	at de.uka.ilkd.key.java.JP2KeYVisitor.visit(JP2KeYConverter.java:506)
	at de.uka.ilkd.key.java.JP2KeYVisitor.visit(JP2KeYConverter.java:90)
	at com.github.javaparser.ast.stmt.ExplicitConstructorInvocationStmt.accept(ExplicitConstructorInvocationStmt.java:96)
	at de.uka.ilkd.key.java.JP2KeYVisitor.lambda$map$1(JP2KeYConverter.java:402)
	at java.base/java.util.stream.ReferencePipeline$3$1.accept(ReferencePipeline.java:195)
	at java.base/java.util.ArrayList$ArrayListSpliterator.forEachRemaining(ArrayList.java:1655)
	at java.base/java.util.stream.AbstractPipeline.copyInto(AbstractPipeline.java:484)
	at java.base/java.util.stream.AbstractPipeline.wrapAndCopyInto(AbstractPipeline.java:474)
	at java.base/java.util.stream.ReduceOps$ReduceOp.evaluateSequential(ReduceOps.java:913)
	at java.base/java.util.stream.AbstractPipeline.evaluate(AbstractPipeline.java:234)
	at java.base/java.util.stream.ReferencePipeline.collect(ReferencePipeline.java:578)
	at de.uka.ilkd.key.java.JP2KeYVisitor.map(JP2KeYConverter.java:403)
	at de.uka.ilkd.key.java.JP2KeYVisitor.visit(JP2KeYConverter.java:258)
	at de.uka.ilkd.key.java.JP2KeYVisitor.visit(JP2KeYConverter.java:90)
	at com.github.javaparser.ast.stmt.BlockStmt.accept(BlockStmt.java:70)
	at de.uka.ilkd.key.java.JP2KeYVisitor.lambda$map$1(JP2KeYConverter.java:402)
	at java.base/java.util.stream.ReferencePipeline$3$1.accept(ReferencePipeline.java:195)
	at java.base/java.util.ArrayList$ArrayListSpliterator.forEachRemaining(ArrayList.java:1655)
	at java.base/java.util.stream.AbstractPipeline.copyInto(AbstractPipeline.java:484)
	at java.base/java.util.stream.AbstractPipeline.wrapAndCopyInto(AbstractPipeline.java:474)
	at java.base/java.util.stream.ReduceOps$ReduceOp.evaluateSequential(ReduceOps.java:913)
	at java.base/java.util.stream.AbstractPipeline.evaluate(AbstractPipeline.java:234)
	at java.base/java.util.stream.ReferencePipeline.collect(ReferencePipeline.java:578)
	at de.uka.ilkd.key.java.JP2KeYVisitor.map(JP2KeYConverter.java:403)
	at de.uka.ilkd.key.java.JP2KeYVisitor.visit(JP2KeYConverter.java:258)
	at de.uka.ilkd.key.java.JP2KeYVisitor.visit(JP2KeYConverter.java:90)
	at com.github.javaparser.ast.stmt.BlockStmt.accept(BlockStmt.java:70)
	at de.uka.ilkd.key.java.JP2KeYVisitor.accept(JP2KeYConverter.java:348)
	at de.uka.ilkd.key.java.JP2KeYVisitor.visit(JP2KeYConverter.java:946)
	at de.uka.ilkd.key.java.JP2KeYVisitor.visit(JP2KeYConverter.java:90)
	at com.github.javaparser.ast.stmt.TryStmt.accept(TryStmt.java:135)
	at de.uka.ilkd.key.java.JP2KeYVisitor.lambda$map$1(JP2KeYConverter.java:402)
	at java.base/java.util.stream.ReferencePipeline$3$1.accept(ReferencePipeline.java:195)
	at java.base/java.util.ArrayList$ArrayListSpliterator.forEachRemaining(ArrayList.java:1655)
	at java.base/java.util.stream.AbstractPipeline.copyInto(AbstractPipeline.java:484)
	at java.base/java.util.stream.AbstractPipeline.wrapAndCopyInto(AbstractPipeline.java:474)
	at java.base/java.util.stream.ReduceOps$ReduceOp.evaluateSequential(ReduceOps.java:913)
	at java.base/java.util.stream.AbstractPipeline.evaluate(AbstractPipeline.java:234)
	at java.base/java.util.stream.ReferencePipeline.collect(ReferencePipeline.java:578)
	at de.uka.ilkd.key.java.JP2KeYVisitor.map(JP2KeYConverter.java:403)
	at de.uka.ilkd.key.java.JP2KeYVisitor.visit(JP2KeYConverter.java:258)
	at de.uka.ilkd.key.java.JP2KeYVisitor.visit(JP2KeYConverter.java:90)
	at com.github.javaparser.ast.stmt.BlockStmt.accept(BlockStmt.java:70)
	at de.uka.ilkd.key.java.JP2KeYVisitor.accept(JP2KeYConverter.java:348)
	at de.uka.ilkd.key.java.JP2KeYVisitor.visit(JP2KeYConverter.java:609)
	at de.uka.ilkd.key.java.JP2KeYVisitor.visit(JP2KeYConverter.java:90)
	at com.github.javaparser.ast.stmt.IfStmt.accept(IfStmt.java:82)
	at de.uka.ilkd.key.java.JP2KeYVisitor.lambda$map$1(JP2KeYConverter.java:402)
	at java.base/java.util.stream.ReferencePipeline$3$1.accept(ReferencePipeline.java:195)
	at java.base/java.util.ArrayList$ArrayListSpliterator.forEachRemaining(ArrayList.java:1655)
	at java.base/java.util.stream.AbstractPipeline.copyInto(AbstractPipeline.java:484)
	at java.base/java.util.stream.AbstractPipeline.wrapAndCopyInto(AbstractPipeline.java:474)
	at java.base/java.util.stream.ReduceOps$ReduceOp.evaluateSequential(ReduceOps.java:913)
	at java.base/java.util.stream.AbstractPipeline.evaluate(AbstractPipeline.java:234)
	at java.base/java.util.stream.ReferencePipeline.collect(ReferencePipeline.java:578)
	at de.uka.ilkd.key.java.JP2KeYVisitor.map(JP2KeYConverter.java:403)
	at de.uka.ilkd.key.java.JP2KeYVisitor.visit(JP2KeYConverter.java:258)
	at de.uka.ilkd.key.java.JP2KeYVisitor.visit(JP2KeYConverter.java:90)
	at com.github.javaparser.ast.stmt.BlockStmt.accept(BlockStmt.java:70)
	at de.uka.ilkd.key.java.JP2KeYVisitor.accept(JP2KeYConverter.java:348)
	at de.uka.ilkd.key.java.JP2KeYVisitor.visit(JP2KeYConverter.java:609)
	at de.uka.ilkd.key.java.JP2KeYVisitor.visit(JP2KeYConverter.java:90)
	at com.github.javaparser.ast.stmt.IfStmt.accept(IfStmt.java:82)
	at de.uka.ilkd.key.java.JP2KeYVisitor.lambda$map$1(JP2KeYConverter.java:402)
	at java.base/java.util.stream.ReferencePipeline$3$1.accept(ReferencePipeline.java:195)
	at java.base/java.util.ArrayList$ArrayListSpliterator.forEachRemaining(ArrayList.java:1655)
	at java.base/java.util.stream.AbstractPipeline.copyInto(AbstractPipeline.java:484)
	at java.base/java.util.stream.AbstractPipeline.wrapAndCopyInto(AbstractPipeline.java:474)
	at java.base/java.util.stream.ReduceOps$ReduceOp.evaluateSequential(ReduceOps.java:913)
	at java.base/java.util.stream.AbstractPipeline.evaluate(AbstractPipeline.java:234)
	at java.base/java.util.stream.ReferencePipeline.collect(ReferencePipeline.java:578)
	at de.uka.ilkd.key.java.JP2KeYVisitor.map(JP2KeYConverter.java:403)
	at de.uka.ilkd.key.java.JP2KeYVisitor.visit(JP2KeYConverter.java:258)
	at de.uka.ilkd.key.java.JP2KeYVisitor.visit(JP2KeYConverter.java:90)
	at com.github.javaparser.ast.stmt.BlockStmt.accept(BlockStmt.java:70)
	at de.uka.ilkd.key.java.JP2KeYVisitor.accept(JP2KeYConverter.java:348)
	at de.uka.ilkd.key.java.JP2KeYVisitor.accepto(JP2KeYConverter.java:418)
	at de.uka.ilkd.key.java.JP2KeYVisitor.visit(JP2KeYConverter.java:688)
	at de.uka.ilkd.key.java.JP2KeYVisitor.visit(JP2KeYConverter.java:90)
	at com.github.javaparser.ast.body.MethodDeclaration.accept(MethodDeclaration.java:98)
	at de.uka.ilkd.key.java.JP2KeYVisitor.lambda$map$1(JP2KeYConverter.java:402)
	at java.base/java.util.stream.ReferencePipeline$3$1.accept(ReferencePipeline.java:195)
	at java.base/java.util.ArrayList$ArrayListSpliterator.forEachRemaining(ArrayList.java:1655)
	at java.base/java.util.stream.AbstractPipeline.copyInto(AbstractPipeline.java:484)
	at java.base/java.util.stream.AbstractPipeline.wrapAndCopyInto(AbstractPipeline.java:474)
	at java.base/java.util.stream.ReduceOps$ReduceOp.evaluateSequential(ReduceOps.java:913)
	at java.base/java.util.stream.AbstractPipeline.evaluate(AbstractPipeline.java:234)
	at java.base/java.util.stream.ReferencePipeline.collect(ReferencePipeline.java:578)
	at de.uka.ilkd.key.java.JP2KeYVisitor.map(JP2KeYConverter.java:403)
	at de.uka.ilkd.key.java.JP2KeYVisitor.visit(JP2KeYConverter.java:310)
	at de.uka.ilkd.key.java.JP2KeYVisitor.visit(JP2KeYConverter.java:90)
	at com.github.javaparser.ast.body.ClassOrInterfaceDeclaration.accept(ClassOrInterfaceDeclaration.java:95)
	at de.uka.ilkd.key.java.JP2KeYVisitor.lambda$map$1(JP2KeYConverter.java:402)
	at java.base/java.util.stream.ReferencePipeline$3$1.accept(ReferencePipeline.java:195)
	at java.base/java.util.ArrayList$ArrayListSpliterator.forEachRemaining(ArrayList.java:1655)
	at java.base/java.util.stream.AbstractPipeline.copyInto(AbstractPipeline.java:484)
	at java.base/java.util.stream.AbstractPipeline.wrapAndCopyInto(AbstractPipeline.java:474)
	at java.base/java.util.stream.ReduceOps$ReduceOp.evaluateSequential(ReduceOps.java:913)
	at java.base/java.util.stream.AbstractPipeline.evaluate(AbstractPipeline.java:234)
	at java.base/java.util.stream.ReferencePipeline.collect(ReferencePipeline.java:578)
	at de.uka.ilkd.key.java.JP2KeYVisitor.map(JP2KeYConverter.java:403)
	at de.uka.ilkd.key.java.JP2KeYVisitor.visit(JP2KeYConverter.java:393)
	at de.uka.ilkd.key.java.JP2KeYVisitor.visit(JP2KeYConverter.java:90)
	at com.github.javaparser.ast.CompilationUnit.accept(CompilationUnit.java:124)
	at de.uka.ilkd.key.java.JP2KeYConverter.process(JP2KeYConverter.java:84)
	at de.uka.ilkd.key.java.JP2KeYConverter.processCompilationUnit(JP2KeYConverter.java:80)
	at de.uka.ilkd.key.java.JavaService.parseLibraryClasses0(JavaService.java:536)
	at de.uka.ilkd.key.java.JavaService.parseSpecialClasses(JavaService.java:511)
	at de.uka.ilkd.key.proof.init.ProblemInitializer.readJava(ProblemInitializer.java:280)
	at de.uka.ilkd.key.proof.init.ProblemInitializer.prepare(ProblemInitializer.java:529)
	at de.uka.ilkd.key.proof.init.ProblemInitializer.prepare(ProblemInitializer.java:471)
	at de.uka.ilkd.key.rule.TacletForTests.parse(TacletForTests.java:80)
	... 90 more
</failure>
  </testcase>
  <testcase name="testAddingRule()" classname="de.uka.ilkd.key.rule.TestApplyTaclet" time="0.183">
    <failure message="java.lang.RuntimeException: Exception occurred while parsing src\test\resources\testcase\testrules.key" type="java.lang.RuntimeException">java.lang.RuntimeException: Exception occurred while parsing src\test\resources\testcase\testrules.key
	at de.uka.ilkd.key.rule.TacletForTests.parse(TacletForTests.java:89)
	at de.uka.ilkd.key.rule.TacletForTests.parse(TacletForTests.java:125)
	at de.uka.ilkd.key.rule.TacletForTests.parse(TacletForTests.java:129)
	at de.uka.ilkd.key.rule.TestApplyTaclet.setUp(TestApplyTaclet.java:75)
	at jdk.internal.reflect.GeneratedMethodAccessor11.invoke(Unknown Source)
	at java.base/jdk.internal.reflect.DelegatingMethodAccessorImpl.invoke(DelegatingMethodAccessorImpl.java:43)
	at java.base/java.lang.reflect.Method.invoke(Method.java:566)
	at org.junit.platform.commons.util.ReflectionUtils.invokeMethod(ReflectionUtils.java:727)
	at org.junit.jupiter.engine.execution.MethodInvocation.proceed(MethodInvocation.java:60)
	at org.junit.jupiter.engine.execution.InvocationInterceptorChain$ValidatingInvocation.proceed(InvocationInterceptorChain.java:131)
	at org.junit.jupiter.engine.extension.TimeoutExtension.intercept(TimeoutExtension.java:156)
	at org.junit.jupiter.engine.extension.TimeoutExtension.interceptLifecycleMethod(TimeoutExtension.java:128)
	at org.junit.jupiter.engine.extension.TimeoutExtension.interceptBeforeEachMethod(TimeoutExtension.java:78)
	at org.junit.jupiter.engine.execution.InterceptingExecutableInvoker$ReflectiveInterceptorCall.lambda$ofVoidMethod$0(InterceptingExecutableInvoker.java:103)
	at org.junit.jupiter.engine.execution.InterceptingExecutableInvoker.lambda$invoke$0(InterceptingExecutableInvoker.java:93)
	at org.junit.jupiter.engine.execution.InvocationInterceptorChain$InterceptedInvocation.proceed(InvocationInterceptorChain.java:106)
	at org.junit.jupiter.engine.execution.InvocationInterceptorChain.proceed(InvocationInterceptorChain.java:64)
	at org.junit.jupiter.engine.execution.InvocationInterceptorChain.chainAndInvoke(InvocationInterceptorChain.java:45)
	at org.junit.jupiter.engine.execution.InvocationInterceptorChain.invoke(InvocationInterceptorChain.java:37)
	at org.junit.jupiter.engine.execution.InterceptingExecutableInvoker.invoke(InterceptingExecutableInvoker.java:92)
	at org.junit.jupiter.engine.execution.InterceptingExecutableInvoker.invoke(InterceptingExecutableInvoker.java:86)
	at org.junit.jupiter.engine.descriptor.ClassBasedTestDescriptor.invokeMethodInExtensionContext(ClassBasedTestDescriptor.java:520)
	at org.junit.jupiter.engine.descriptor.ClassBasedTestDescriptor.lambda$synthesizeBeforeEachMethodAdapter$23(ClassBasedTestDescriptor.java:505)
	at org.junit.jupiter.engine.descriptor.TestMethodTestDescriptor.lambda$invokeBeforeEachMethods$3(TestMethodTestDescriptor.java:174)
	at org.junit.jupiter.engine.descriptor.TestMethodTestDescriptor.lambda$invokeBeforeMethodsOrCallbacksUntilExceptionOccurs$6(TestMethodTestDescriptor.java:202)
	at org.junit.platform.engine.support.hierarchical.ThrowableCollector.execute(ThrowableCollector.java:73)
	at org.junit.jupiter.engine.descriptor.TestMethodTestDescriptor.invokeBeforeMethodsOrCallbacksUntilExceptionOccurs(TestMethodTestDescriptor.java:202)
	at org.junit.jupiter.engine.descriptor.TestMethodTestDescriptor.invokeBeforeEachMethods(TestMethodTestDescriptor.java:171)
	at org.junit.jupiter.engine.descriptor.TestMethodTestDescriptor.execute(TestMethodTestDescriptor.java:134)
	at org.junit.jupiter.engine.descriptor.TestMethodTestDescriptor.execute(TestMethodTestDescriptor.java:68)
	at org.junit.platform.engine.support.hierarchical.NodeTestTask.lambda$executeRecursively$6(NodeTestTask.java:151)
	at org.junit.platform.engine.support.hierarchical.ThrowableCollector.execute(ThrowableCollector.java:73)
	at org.junit.platform.engine.support.hierarchical.NodeTestTask.lambda$executeRecursively$8(NodeTestTask.java:141)
	at org.junit.platform.engine.support.hierarchical.Node.around(Node.java:137)
	at org.junit.platform.engine.support.hierarchical.NodeTestTask.lambda$executeRecursively$9(NodeTestTask.java:139)
	at org.junit.platform.engine.support.hierarchical.ThrowableCollector.execute(ThrowableCollector.java:73)
	at org.junit.platform.engine.support.hierarchical.NodeTestTask.executeRecursively(NodeTestTask.java:138)
	at org.junit.platform.engine.support.hierarchical.NodeTestTask.execute(NodeTestTask.java:95)
	at java.base/java.util.ArrayList.forEach(ArrayList.java:1541)
	at org.junit.platform.engine.support.hierarchical.SameThreadHierarchicalTestExecutorService.invokeAll(SameThreadHierarchicalTestExecutorService.java:41)
	at org.junit.platform.engine.support.hierarchical.NodeTestTask.lambda$executeRecursively$6(NodeTestTask.java:155)
	at org.junit.platform.engine.support.hierarchical.ThrowableCollector.execute(ThrowableCollector.java:73)
	at org.junit.platform.engine.support.hierarchical.NodeTestTask.lambda$executeRecursively$8(NodeTestTask.java:141)
	at org.junit.platform.engine.support.hierarchical.Node.around(Node.java:137)
	at org.junit.platform.engine.support.hierarchical.NodeTestTask.lambda$executeRecursively$9(NodeTestTask.java:139)
	at org.junit.platform.engine.support.hierarchical.ThrowableCollector.execute(ThrowableCollector.java:73)
	at org.junit.platform.engine.support.hierarchical.NodeTestTask.executeRecursively(NodeTestTask.java:138)
	at org.junit.platform.engine.support.hierarchical.NodeTestTask.execute(NodeTestTask.java:95)
	at java.base/java.util.ArrayList.forEach(ArrayList.java:1541)
	at org.junit.platform.engine.support.hierarchical.SameThreadHierarchicalTestExecutorService.invokeAll(SameThreadHierarchicalTestExecutorService.java:41)
	at org.junit.platform.engine.support.hierarchical.NodeTestTask.lambda$executeRecursively$6(NodeTestTask.java:155)
	at org.junit.platform.engine.support.hierarchical.ThrowableCollector.execute(ThrowableCollector.java:73)
	at org.junit.platform.engine.support.hierarchical.NodeTestTask.lambda$executeRecursively$8(NodeTestTask.java:141)
	at org.junit.platform.engine.support.hierarchical.Node.around(Node.java:137)
	at org.junit.platform.engine.support.hierarchical.NodeTestTask.lambda$executeRecursively$9(NodeTestTask.java:139)
	at org.junit.platform.engine.support.hierarchical.ThrowableCollector.execute(ThrowableCollector.java:73)
	at org.junit.platform.engine.support.hierarchical.NodeTestTask.executeRecursively(NodeTestTask.java:138)
	at org.junit.platform.engine.support.hierarchical.NodeTestTask.execute(NodeTestTask.java:95)
	at org.junit.platform.engine.support.hierarchical.SameThreadHierarchicalTestExecutorService.submit(SameThreadHierarchicalTestExecutorService.java:35)
	at org.junit.platform.engine.support.hierarchical.HierarchicalTestExecutor.execute(HierarchicalTestExecutor.java:57)
	at org.junit.platform.engine.support.hierarchical.HierarchicalTestEngine.execute(HierarchicalTestEngine.java:54)
	at org.junit.platform.launcher.core.EngineExecutionOrchestrator.execute(EngineExecutionOrchestrator.java:107)
	at org.junit.platform.launcher.core.EngineExecutionOrchestrator.execute(EngineExecutionOrchestrator.java:88)
	at org.junit.platform.launcher.core.EngineExecutionOrchestrator.lambda$execute$0(EngineExecutionOrchestrator.java:54)
	at org.junit.platform.launcher.core.EngineExecutionOrchestrator.withInterceptedStreams(EngineExecutionOrchestrator.java:67)
	at org.junit.platform.launcher.core.EngineExecutionOrchestrator.execute(EngineExecutionOrchestrator.java:52)
	at org.junit.platform.launcher.core.DefaultLauncher.execute(DefaultLauncher.java:114)
	at org.junit.platform.launcher.core.DefaultLauncher.execute(DefaultLauncher.java:86)
	at org.junit.platform.launcher.core.DefaultLauncherSession$DelegatingLauncher.execute(DefaultLauncherSession.java:86)
	at org.gradle.api.internal.tasks.testing.junitplatform.JUnitPlatformTestClassProcessor$CollectAllTestClassesExecutor.processAllTestClasses(JUnitPlatformTestClassProcessor.java:110)
	at org.gradle.api.internal.tasks.testing.junitplatform.JUnitPlatformTestClassProcessor$CollectAllTestClassesExecutor.access$000(JUnitPlatformTestClassProcessor.java:90)
	at org.gradle.api.internal.tasks.testing.junitplatform.JUnitPlatformTestClassProcessor.stop(JUnitPlatformTestClassProcessor.java:85)
	at org.gradle.api.internal.tasks.testing.SuiteTestClassProcessor.stop(SuiteTestClassProcessor.java:62)
	at java.base/jdk.internal.reflect.NativeMethodAccessorImpl.invoke0(Native Method)
	at java.base/jdk.internal.reflect.NativeMethodAccessorImpl.invoke(NativeMethodAccessorImpl.java:62)
	at java.base/jdk.internal.reflect.DelegatingMethodAccessorImpl.invoke(DelegatingMethodAccessorImpl.java:43)
	at java.base/java.lang.reflect.Method.invoke(Method.java:566)
	at org.gradle.internal.dispatch.ReflectionDispatch.dispatch(ReflectionDispatch.java:36)
	at org.gradle.internal.dispatch.ReflectionDispatch.dispatch(ReflectionDispatch.java:24)
	at org.gradle.internal.dispatch.ContextClassLoaderDispatch.dispatch(ContextClassLoaderDispatch.java:33)
	at org.gradle.internal.dispatch.ProxyDispatchAdapter$DispatchingInvocationHandler.invoke(ProxyDispatchAdapter.java:94)
	at com.sun.proxy.$Proxy5.stop(Unknown Source)
	at org.gradle.api.internal.tasks.testing.worker.TestWorker$3.run(TestWorker.java:193)
	at org.gradle.api.internal.tasks.testing.worker.TestWorker.executeAndMaintainThreadName(TestWorker.java:129)
	at org.gradle.api.internal.tasks.testing.worker.TestWorker.execute(TestWorker.java:100)
	at org.gradle.api.internal.tasks.testing.worker.TestWorker.execute(TestWorker.java:60)
	at org.gradle.process.internal.worker.child.ActionExecutionWorker.execute(ActionExecutionWorker.java:56)
	at org.gradle.process.internal.worker.child.SystemApplicationClassLoaderWorker.call(SystemApplicationClassLoaderWorker.java:113)
	at org.gradle.process.internal.worker.child.SystemApplicationClassLoaderWorker.call(SystemApplicationClassLoaderWorker.java:65)
	at worker.org.gradle.process.internal.worker.GradleWorkerMain.run(GradleWorkerMain.java:69)
	at worker.org.gradle.process.internal.worker.GradleWorkerMain.main(GradleWorkerMain.java:74)
Caused by: UnsolvedSymbolException{context='arg0', name='Solving arg0', cause='null'}
	at com.github.javaparser.symbolsolver.javaparsermodel.TypeExtractor.visit(TypeExtractor.java:335)
	at com.github.javaparser.symbolsolver.javaparsermodel.TypeExtractor.visit(TypeExtractor.java:65)
	at com.github.javaparser.ast.expr.NameExpr.accept(NameExpr.java:79)
	at com.github.javaparser.symbolsolver.javaparsermodel.JavaParserFacade.getTypeConcrete(JavaParserFacade.java:505)
	at com.github.javaparser.symbolsolver.javaparsermodel.JavaParserFacade.getType(JavaParserFacade.java:352)
	at com.github.javaparser.symbolsolver.javaparsermodel.JavaParserFacade.getType(JavaParserFacade.java:334)
	at com.github.javaparser.symbolsolver.JavaSymbolSolver.calculateType(JavaSymbolSolver.java:294)
	at com.github.javaparser.ast.expr.Expression.calculateResolvedType(Expression.java:573)
	at de.uka.ilkd.key.java.JP2KeYVisitor.visit(JP2KeYConverter.java:707)
	at de.uka.ilkd.key.java.JP2KeYVisitor.visit(JP2KeYConverter.java:90)
	at com.github.javaparser.ast.expr.NameExpr.accept(NameExpr.java:79)
	at de.uka.ilkd.key.java.JP2KeYVisitor.lambda$map$1(JP2KeYConverter.java:402)
	at java.base/java.util.stream.ReferencePipeline$3$1.accept(ReferencePipeline.java:195)
	at java.base/java.util.ArrayList$ArrayListSpliterator.forEachRemaining(ArrayList.java:1655)
	at java.base/java.util.stream.AbstractPipeline.copyInto(AbstractPipeline.java:484)
	at java.base/java.util.stream.AbstractPipeline.wrapAndCopyInto(AbstractPipeline.java:474)
	at java.base/java.util.stream.ReduceOps$ReduceOp.evaluateSequential(ReduceOps.java:913)
	at java.base/java.util.stream.AbstractPipeline.evaluate(AbstractPipeline.java:234)
	at java.base/java.util.stream.ReferencePipeline.collect(ReferencePipeline.java:578)
	at de.uka.ilkd.key.java.JP2KeYVisitor.map(JP2KeYConverter.java:403)
	at de.uka.ilkd.key.java.JP2KeYVisitor.visit(JP2KeYConverter.java:506)
	at de.uka.ilkd.key.java.JP2KeYVisitor.visit(JP2KeYConverter.java:90)
	at com.github.javaparser.ast.stmt.ExplicitConstructorInvocationStmt.accept(ExplicitConstructorInvocationStmt.java:96)
	at de.uka.ilkd.key.java.JP2KeYVisitor.lambda$map$1(JP2KeYConverter.java:402)
	at java.base/java.util.stream.ReferencePipeline$3$1.accept(ReferencePipeline.java:195)
	at java.base/java.util.ArrayList$ArrayListSpliterator.forEachRemaining(ArrayList.java:1655)
	at java.base/java.util.stream.AbstractPipeline.copyInto(AbstractPipeline.java:484)
	at java.base/java.util.stream.AbstractPipeline.wrapAndCopyInto(AbstractPipeline.java:474)
	at java.base/java.util.stream.ReduceOps$ReduceOp.evaluateSequential(ReduceOps.java:913)
	at java.base/java.util.stream.AbstractPipeline.evaluate(AbstractPipeline.java:234)
	at java.base/java.util.stream.ReferencePipeline.collect(ReferencePipeline.java:578)
	at de.uka.ilkd.key.java.JP2KeYVisitor.map(JP2KeYConverter.java:403)
	at de.uka.ilkd.key.java.JP2KeYVisitor.visit(JP2KeYConverter.java:258)
	at de.uka.ilkd.key.java.JP2KeYVisitor.visit(JP2KeYConverter.java:90)
	at com.github.javaparser.ast.stmt.BlockStmt.accept(BlockStmt.java:70)
	at de.uka.ilkd.key.java.JP2KeYVisitor.lambda$map$1(JP2KeYConverter.java:402)
	at java.base/java.util.stream.ReferencePipeline$3$1.accept(ReferencePipeline.java:195)
	at java.base/java.util.ArrayList$ArrayListSpliterator.forEachRemaining(ArrayList.java:1655)
	at java.base/java.util.stream.AbstractPipeline.copyInto(AbstractPipeline.java:484)
	at java.base/java.util.stream.AbstractPipeline.wrapAndCopyInto(AbstractPipeline.java:474)
	at java.base/java.util.stream.ReduceOps$ReduceOp.evaluateSequential(ReduceOps.java:913)
	at java.base/java.util.stream.AbstractPipeline.evaluate(AbstractPipeline.java:234)
	at java.base/java.util.stream.ReferencePipeline.collect(ReferencePipeline.java:578)
	at de.uka.ilkd.key.java.JP2KeYVisitor.map(JP2KeYConverter.java:403)
	at de.uka.ilkd.key.java.JP2KeYVisitor.visit(JP2KeYConverter.java:258)
	at de.uka.ilkd.key.java.JP2KeYVisitor.visit(JP2KeYConverter.java:90)
	at com.github.javaparser.ast.stmt.BlockStmt.accept(BlockStmt.java:70)
	at de.uka.ilkd.key.java.JP2KeYVisitor.accept(JP2KeYConverter.java:348)
	at de.uka.ilkd.key.java.JP2KeYVisitor.visit(JP2KeYConverter.java:946)
	at de.uka.ilkd.key.java.JP2KeYVisitor.visit(JP2KeYConverter.java:90)
	at com.github.javaparser.ast.stmt.TryStmt.accept(TryStmt.java:135)
	at de.uka.ilkd.key.java.JP2KeYVisitor.lambda$map$1(JP2KeYConverter.java:402)
	at java.base/java.util.stream.ReferencePipeline$3$1.accept(ReferencePipeline.java:195)
	at java.base/java.util.ArrayList$ArrayListSpliterator.forEachRemaining(ArrayList.java:1655)
	at java.base/java.util.stream.AbstractPipeline.copyInto(AbstractPipeline.java:484)
	at java.base/java.util.stream.AbstractPipeline.wrapAndCopyInto(AbstractPipeline.java:474)
	at java.base/java.util.stream.ReduceOps$ReduceOp.evaluateSequential(ReduceOps.java:913)
	at java.base/java.util.stream.AbstractPipeline.evaluate(AbstractPipeline.java:234)
	at java.base/java.util.stream.ReferencePipeline.collect(ReferencePipeline.java:578)
	at de.uka.ilkd.key.java.JP2KeYVisitor.map(JP2KeYConverter.java:403)
	at de.uka.ilkd.key.java.JP2KeYVisitor.visit(JP2KeYConverter.java:258)
	at de.uka.ilkd.key.java.JP2KeYVisitor.visit(JP2KeYConverter.java:90)
	at com.github.javaparser.ast.stmt.BlockStmt.accept(BlockStmt.java:70)
	at de.uka.ilkd.key.java.JP2KeYVisitor.accept(JP2KeYConverter.java:348)
	at de.uka.ilkd.key.java.JP2KeYVisitor.visit(JP2KeYConverter.java:609)
	at de.uka.ilkd.key.java.JP2KeYVisitor.visit(JP2KeYConverter.java:90)
	at com.github.javaparser.ast.stmt.IfStmt.accept(IfStmt.java:82)
	at de.uka.ilkd.key.java.JP2KeYVisitor.lambda$map$1(JP2KeYConverter.java:402)
	at java.base/java.util.stream.ReferencePipeline$3$1.accept(ReferencePipeline.java:195)
	at java.base/java.util.ArrayList$ArrayListSpliterator.forEachRemaining(ArrayList.java:1655)
	at java.base/java.util.stream.AbstractPipeline.copyInto(AbstractPipeline.java:484)
	at java.base/java.util.stream.AbstractPipeline.wrapAndCopyInto(AbstractPipeline.java:474)
	at java.base/java.util.stream.ReduceOps$ReduceOp.evaluateSequential(ReduceOps.java:913)
	at java.base/java.util.stream.AbstractPipeline.evaluate(AbstractPipeline.java:234)
	at java.base/java.util.stream.ReferencePipeline.collect(ReferencePipeline.java:578)
	at de.uka.ilkd.key.java.JP2KeYVisitor.map(JP2KeYConverter.java:403)
	at de.uka.ilkd.key.java.JP2KeYVisitor.visit(JP2KeYConverter.java:258)
	at de.uka.ilkd.key.java.JP2KeYVisitor.visit(JP2KeYConverter.java:90)
	at com.github.javaparser.ast.stmt.BlockStmt.accept(BlockStmt.java:70)
	at de.uka.ilkd.key.java.JP2KeYVisitor.accept(JP2KeYConverter.java:348)
	at de.uka.ilkd.key.java.JP2KeYVisitor.visit(JP2KeYConverter.java:609)
	at de.uka.ilkd.key.java.JP2KeYVisitor.visit(JP2KeYConverter.java:90)
	at com.github.javaparser.ast.stmt.IfStmt.accept(IfStmt.java:82)
	at de.uka.ilkd.key.java.JP2KeYVisitor.lambda$map$1(JP2KeYConverter.java:402)
	at java.base/java.util.stream.ReferencePipeline$3$1.accept(ReferencePipeline.java:195)
	at java.base/java.util.ArrayList$ArrayListSpliterator.forEachRemaining(ArrayList.java:1655)
	at java.base/java.util.stream.AbstractPipeline.copyInto(AbstractPipeline.java:484)
	at java.base/java.util.stream.AbstractPipeline.wrapAndCopyInto(AbstractPipeline.java:474)
	at java.base/java.util.stream.ReduceOps$ReduceOp.evaluateSequential(ReduceOps.java:913)
	at java.base/java.util.stream.AbstractPipeline.evaluate(AbstractPipeline.java:234)
	at java.base/java.util.stream.ReferencePipeline.collect(ReferencePipeline.java:578)
	at de.uka.ilkd.key.java.JP2KeYVisitor.map(JP2KeYConverter.java:403)
	at de.uka.ilkd.key.java.JP2KeYVisitor.visit(JP2KeYConverter.java:258)
	at de.uka.ilkd.key.java.JP2KeYVisitor.visit(JP2KeYConverter.java:90)
	at com.github.javaparser.ast.stmt.BlockStmt.accept(BlockStmt.java:70)
	at de.uka.ilkd.key.java.JP2KeYVisitor.accept(JP2KeYConverter.java:348)
	at de.uka.ilkd.key.java.JP2KeYVisitor.accepto(JP2KeYConverter.java:418)
	at de.uka.ilkd.key.java.JP2KeYVisitor.visit(JP2KeYConverter.java:688)
	at de.uka.ilkd.key.java.JP2KeYVisitor.visit(JP2KeYConverter.java:90)
	at com.github.javaparser.ast.body.MethodDeclaration.accept(MethodDeclaration.java:98)
	at de.uka.ilkd.key.java.JP2KeYVisitor.lambda$map$1(JP2KeYConverter.java:402)
	at java.base/java.util.stream.ReferencePipeline$3$1.accept(ReferencePipeline.java:195)
	at java.base/java.util.ArrayList$ArrayListSpliterator.forEachRemaining(ArrayList.java:1655)
	at java.base/java.util.stream.AbstractPipeline.copyInto(AbstractPipeline.java:484)
	at java.base/java.util.stream.AbstractPipeline.wrapAndCopyInto(AbstractPipeline.java:474)
	at java.base/java.util.stream.ReduceOps$ReduceOp.evaluateSequential(ReduceOps.java:913)
	at java.base/java.util.stream.AbstractPipeline.evaluate(AbstractPipeline.java:234)
	at java.base/java.util.stream.ReferencePipeline.collect(ReferencePipeline.java:578)
	at de.uka.ilkd.key.java.JP2KeYVisitor.map(JP2KeYConverter.java:403)
	at de.uka.ilkd.key.java.JP2KeYVisitor.visit(JP2KeYConverter.java:310)
	at de.uka.ilkd.key.java.JP2KeYVisitor.visit(JP2KeYConverter.java:90)
	at com.github.javaparser.ast.body.ClassOrInterfaceDeclaration.accept(ClassOrInterfaceDeclaration.java:95)
	at de.uka.ilkd.key.java.JP2KeYVisitor.lambda$map$1(JP2KeYConverter.java:402)
	at java.base/java.util.stream.ReferencePipeline$3$1.accept(ReferencePipeline.java:195)
	at java.base/java.util.ArrayList$ArrayListSpliterator.forEachRemaining(ArrayList.java:1655)
	at java.base/java.util.stream.AbstractPipeline.copyInto(AbstractPipeline.java:484)
	at java.base/java.util.stream.AbstractPipeline.wrapAndCopyInto(AbstractPipeline.java:474)
	at java.base/java.util.stream.ReduceOps$ReduceOp.evaluateSequential(ReduceOps.java:913)
	at java.base/java.util.stream.AbstractPipeline.evaluate(AbstractPipeline.java:234)
	at java.base/java.util.stream.ReferencePipeline.collect(ReferencePipeline.java:578)
	at de.uka.ilkd.key.java.JP2KeYVisitor.map(JP2KeYConverter.java:403)
	at de.uka.ilkd.key.java.JP2KeYVisitor.visit(JP2KeYConverter.java:393)
	at de.uka.ilkd.key.java.JP2KeYVisitor.visit(JP2KeYConverter.java:90)
	at com.github.javaparser.ast.CompilationUnit.accept(CompilationUnit.java:124)
	at de.uka.ilkd.key.java.JP2KeYConverter.process(JP2KeYConverter.java:84)
	at de.uka.ilkd.key.java.JP2KeYConverter.processCompilationUnit(JP2KeYConverter.java:80)
	at de.uka.ilkd.key.java.JavaService.parseLibraryClasses0(JavaService.java:536)
	at de.uka.ilkd.key.java.JavaService.parseSpecialClasses(JavaService.java:511)
	at de.uka.ilkd.key.proof.init.ProblemInitializer.readJava(ProblemInitializer.java:280)
	at de.uka.ilkd.key.proof.init.ProblemInitializer.prepare(ProblemInitializer.java:529)
	at de.uka.ilkd.key.proof.init.ProblemInitializer.prepare(ProblemInitializer.java:471)
	at de.uka.ilkd.key.rule.TacletForTests.parse(TacletForTests.java:80)
	... 90 more
</failure>
  </testcase>
  <testcase name="testBugEmptyBlock()" classname="de.uka.ilkd.key.rule.TestApplyTaclet" time="0.168">
    <failure message="java.lang.RuntimeException: Exception occurred while parsing src\test\resources\testcase\testrules.key" type="java.lang.RuntimeException">java.lang.RuntimeException: Exception occurred while parsing src\test\resources\testcase\testrules.key
	at de.uka.ilkd.key.rule.TacletForTests.parse(TacletForTests.java:89)
	at de.uka.ilkd.key.rule.TacletForTests.parse(TacletForTests.java:125)
	at de.uka.ilkd.key.rule.TacletForTests.parse(TacletForTests.java:129)
	at de.uka.ilkd.key.rule.TestApplyTaclet.setUp(TestApplyTaclet.java:75)
	at jdk.internal.reflect.GeneratedMethodAccessor11.invoke(Unknown Source)
	at java.base/jdk.internal.reflect.DelegatingMethodAccessorImpl.invoke(DelegatingMethodAccessorImpl.java:43)
	at java.base/java.lang.reflect.Method.invoke(Method.java:566)
	at org.junit.platform.commons.util.ReflectionUtils.invokeMethod(ReflectionUtils.java:727)
	at org.junit.jupiter.engine.execution.MethodInvocation.proceed(MethodInvocation.java:60)
	at org.junit.jupiter.engine.execution.InvocationInterceptorChain$ValidatingInvocation.proceed(InvocationInterceptorChain.java:131)
	at org.junit.jupiter.engine.extension.TimeoutExtension.intercept(TimeoutExtension.java:156)
	at org.junit.jupiter.engine.extension.TimeoutExtension.interceptLifecycleMethod(TimeoutExtension.java:128)
	at org.junit.jupiter.engine.extension.TimeoutExtension.interceptBeforeEachMethod(TimeoutExtension.java:78)
	at org.junit.jupiter.engine.execution.InterceptingExecutableInvoker$ReflectiveInterceptorCall.lambda$ofVoidMethod$0(InterceptingExecutableInvoker.java:103)
	at org.junit.jupiter.engine.execution.InterceptingExecutableInvoker.lambda$invoke$0(InterceptingExecutableInvoker.java:93)
	at org.junit.jupiter.engine.execution.InvocationInterceptorChain$InterceptedInvocation.proceed(InvocationInterceptorChain.java:106)
	at org.junit.jupiter.engine.execution.InvocationInterceptorChain.proceed(InvocationInterceptorChain.java:64)
	at org.junit.jupiter.engine.execution.InvocationInterceptorChain.chainAndInvoke(InvocationInterceptorChain.java:45)
	at org.junit.jupiter.engine.execution.InvocationInterceptorChain.invoke(InvocationInterceptorChain.java:37)
	at org.junit.jupiter.engine.execution.InterceptingExecutableInvoker.invoke(InterceptingExecutableInvoker.java:92)
	at org.junit.jupiter.engine.execution.InterceptingExecutableInvoker.invoke(InterceptingExecutableInvoker.java:86)
	at org.junit.jupiter.engine.descriptor.ClassBasedTestDescriptor.invokeMethodInExtensionContext(ClassBasedTestDescriptor.java:520)
	at org.junit.jupiter.engine.descriptor.ClassBasedTestDescriptor.lambda$synthesizeBeforeEachMethodAdapter$23(ClassBasedTestDescriptor.java:505)
	at org.junit.jupiter.engine.descriptor.TestMethodTestDescriptor.lambda$invokeBeforeEachMethods$3(TestMethodTestDescriptor.java:174)
	at org.junit.jupiter.engine.descriptor.TestMethodTestDescriptor.lambda$invokeBeforeMethodsOrCallbacksUntilExceptionOccurs$6(TestMethodTestDescriptor.java:202)
	at org.junit.platform.engine.support.hierarchical.ThrowableCollector.execute(ThrowableCollector.java:73)
	at org.junit.jupiter.engine.descriptor.TestMethodTestDescriptor.invokeBeforeMethodsOrCallbacksUntilExceptionOccurs(TestMethodTestDescriptor.java:202)
	at org.junit.jupiter.engine.descriptor.TestMethodTestDescriptor.invokeBeforeEachMethods(TestMethodTestDescriptor.java:171)
	at org.junit.jupiter.engine.descriptor.TestMethodTestDescriptor.execute(TestMethodTestDescriptor.java:134)
	at org.junit.jupiter.engine.descriptor.TestMethodTestDescriptor.execute(TestMethodTestDescriptor.java:68)
	at org.junit.platform.engine.support.hierarchical.NodeTestTask.lambda$executeRecursively$6(NodeTestTask.java:151)
	at org.junit.platform.engine.support.hierarchical.ThrowableCollector.execute(ThrowableCollector.java:73)
	at org.junit.platform.engine.support.hierarchical.NodeTestTask.lambda$executeRecursively$8(NodeTestTask.java:141)
	at org.junit.platform.engine.support.hierarchical.Node.around(Node.java:137)
	at org.junit.platform.engine.support.hierarchical.NodeTestTask.lambda$executeRecursively$9(NodeTestTask.java:139)
	at org.junit.platform.engine.support.hierarchical.ThrowableCollector.execute(ThrowableCollector.java:73)
	at org.junit.platform.engine.support.hierarchical.NodeTestTask.executeRecursively(NodeTestTask.java:138)
	at org.junit.platform.engine.support.hierarchical.NodeTestTask.execute(NodeTestTask.java:95)
	at java.base/java.util.ArrayList.forEach(ArrayList.java:1541)
	at org.junit.platform.engine.support.hierarchical.SameThreadHierarchicalTestExecutorService.invokeAll(SameThreadHierarchicalTestExecutorService.java:41)
	at org.junit.platform.engine.support.hierarchical.NodeTestTask.lambda$executeRecursively$6(NodeTestTask.java:155)
	at org.junit.platform.engine.support.hierarchical.ThrowableCollector.execute(ThrowableCollector.java:73)
	at org.junit.platform.engine.support.hierarchical.NodeTestTask.lambda$executeRecursively$8(NodeTestTask.java:141)
	at org.junit.platform.engine.support.hierarchical.Node.around(Node.java:137)
	at org.junit.platform.engine.support.hierarchical.NodeTestTask.lambda$executeRecursively$9(NodeTestTask.java:139)
	at org.junit.platform.engine.support.hierarchical.ThrowableCollector.execute(ThrowableCollector.java:73)
	at org.junit.platform.engine.support.hierarchical.NodeTestTask.executeRecursively(NodeTestTask.java:138)
	at org.junit.platform.engine.support.hierarchical.NodeTestTask.execute(NodeTestTask.java:95)
	at java.base/java.util.ArrayList.forEach(ArrayList.java:1541)
	at org.junit.platform.engine.support.hierarchical.SameThreadHierarchicalTestExecutorService.invokeAll(SameThreadHierarchicalTestExecutorService.java:41)
	at org.junit.platform.engine.support.hierarchical.NodeTestTask.lambda$executeRecursively$6(NodeTestTask.java:155)
	at org.junit.platform.engine.support.hierarchical.ThrowableCollector.execute(ThrowableCollector.java:73)
	at org.junit.platform.engine.support.hierarchical.NodeTestTask.lambda$executeRecursively$8(NodeTestTask.java:141)
	at org.junit.platform.engine.support.hierarchical.Node.around(Node.java:137)
	at org.junit.platform.engine.support.hierarchical.NodeTestTask.lambda$executeRecursively$9(NodeTestTask.java:139)
	at org.junit.platform.engine.support.hierarchical.ThrowableCollector.execute(ThrowableCollector.java:73)
	at org.junit.platform.engine.support.hierarchical.NodeTestTask.executeRecursively(NodeTestTask.java:138)
	at org.junit.platform.engine.support.hierarchical.NodeTestTask.execute(NodeTestTask.java:95)
	at org.junit.platform.engine.support.hierarchical.SameThreadHierarchicalTestExecutorService.submit(SameThreadHierarchicalTestExecutorService.java:35)
	at org.junit.platform.engine.support.hierarchical.HierarchicalTestExecutor.execute(HierarchicalTestExecutor.java:57)
	at org.junit.platform.engine.support.hierarchical.HierarchicalTestEngine.execute(HierarchicalTestEngine.java:54)
	at org.junit.platform.launcher.core.EngineExecutionOrchestrator.execute(EngineExecutionOrchestrator.java:107)
	at org.junit.platform.launcher.core.EngineExecutionOrchestrator.execute(EngineExecutionOrchestrator.java:88)
	at org.junit.platform.launcher.core.EngineExecutionOrchestrator.lambda$execute$0(EngineExecutionOrchestrator.java:54)
	at org.junit.platform.launcher.core.EngineExecutionOrchestrator.withInterceptedStreams(EngineExecutionOrchestrator.java:67)
	at org.junit.platform.launcher.core.EngineExecutionOrchestrator.execute(EngineExecutionOrchestrator.java:52)
	at org.junit.platform.launcher.core.DefaultLauncher.execute(DefaultLauncher.java:114)
	at org.junit.platform.launcher.core.DefaultLauncher.execute(DefaultLauncher.java:86)
	at org.junit.platform.launcher.core.DefaultLauncherSession$DelegatingLauncher.execute(DefaultLauncherSession.java:86)
	at org.gradle.api.internal.tasks.testing.junitplatform.JUnitPlatformTestClassProcessor$CollectAllTestClassesExecutor.processAllTestClasses(JUnitPlatformTestClassProcessor.java:110)
	at org.gradle.api.internal.tasks.testing.junitplatform.JUnitPlatformTestClassProcessor$CollectAllTestClassesExecutor.access$000(JUnitPlatformTestClassProcessor.java:90)
	at org.gradle.api.internal.tasks.testing.junitplatform.JUnitPlatformTestClassProcessor.stop(JUnitPlatformTestClassProcessor.java:85)
	at org.gradle.api.internal.tasks.testing.SuiteTestClassProcessor.stop(SuiteTestClassProcessor.java:62)
	at java.base/jdk.internal.reflect.NativeMethodAccessorImpl.invoke0(Native Method)
	at java.base/jdk.internal.reflect.NativeMethodAccessorImpl.invoke(NativeMethodAccessorImpl.java:62)
	at java.base/jdk.internal.reflect.DelegatingMethodAccessorImpl.invoke(DelegatingMethodAccessorImpl.java:43)
	at java.base/java.lang.reflect.Method.invoke(Method.java:566)
	at org.gradle.internal.dispatch.ReflectionDispatch.dispatch(ReflectionDispatch.java:36)
	at org.gradle.internal.dispatch.ReflectionDispatch.dispatch(ReflectionDispatch.java:24)
	at org.gradle.internal.dispatch.ContextClassLoaderDispatch.dispatch(ContextClassLoaderDispatch.java:33)
	at org.gradle.internal.dispatch.ProxyDispatchAdapter$DispatchingInvocationHandler.invoke(ProxyDispatchAdapter.java:94)
	at com.sun.proxy.$Proxy5.stop(Unknown Source)
	at org.gradle.api.internal.tasks.testing.worker.TestWorker$3.run(TestWorker.java:193)
	at org.gradle.api.internal.tasks.testing.worker.TestWorker.executeAndMaintainThreadName(TestWorker.java:129)
	at org.gradle.api.internal.tasks.testing.worker.TestWorker.execute(TestWorker.java:100)
	at org.gradle.api.internal.tasks.testing.worker.TestWorker.execute(TestWorker.java:60)
	at org.gradle.process.internal.worker.child.ActionExecutionWorker.execute(ActionExecutionWorker.java:56)
	at org.gradle.process.internal.worker.child.SystemApplicationClassLoaderWorker.call(SystemApplicationClassLoaderWorker.java:113)
	at org.gradle.process.internal.worker.child.SystemApplicationClassLoaderWorker.call(SystemApplicationClassLoaderWorker.java:65)
	at worker.org.gradle.process.internal.worker.GradleWorkerMain.run(GradleWorkerMain.java:69)
	at worker.org.gradle.process.internal.worker.GradleWorkerMain.main(GradleWorkerMain.java:74)
Caused by: UnsolvedSymbolException{context='arg0', name='Solving arg0', cause='null'}
	at com.github.javaparser.symbolsolver.javaparsermodel.TypeExtractor.visit(TypeExtractor.java:335)
	at com.github.javaparser.symbolsolver.javaparsermodel.TypeExtractor.visit(TypeExtractor.java:65)
	at com.github.javaparser.ast.expr.NameExpr.accept(NameExpr.java:79)
	at com.github.javaparser.symbolsolver.javaparsermodel.JavaParserFacade.getTypeConcrete(JavaParserFacade.java:505)
	at com.github.javaparser.symbolsolver.javaparsermodel.JavaParserFacade.getType(JavaParserFacade.java:352)
	at com.github.javaparser.symbolsolver.javaparsermodel.JavaParserFacade.getType(JavaParserFacade.java:334)
	at com.github.javaparser.symbolsolver.JavaSymbolSolver.calculateType(JavaSymbolSolver.java:294)
	at com.github.javaparser.ast.expr.Expression.calculateResolvedType(Expression.java:573)
	at de.uka.ilkd.key.java.JP2KeYVisitor.visit(JP2KeYConverter.java:707)
	at de.uka.ilkd.key.java.JP2KeYVisitor.visit(JP2KeYConverter.java:90)
	at com.github.javaparser.ast.expr.NameExpr.accept(NameExpr.java:79)
	at de.uka.ilkd.key.java.JP2KeYVisitor.lambda$map$1(JP2KeYConverter.java:402)
	at java.base/java.util.stream.ReferencePipeline$3$1.accept(ReferencePipeline.java:195)
	at java.base/java.util.ArrayList$ArrayListSpliterator.forEachRemaining(ArrayList.java:1655)
	at java.base/java.util.stream.AbstractPipeline.copyInto(AbstractPipeline.java:484)
	at java.base/java.util.stream.AbstractPipeline.wrapAndCopyInto(AbstractPipeline.java:474)
	at java.base/java.util.stream.ReduceOps$ReduceOp.evaluateSequential(ReduceOps.java:913)
	at java.base/java.util.stream.AbstractPipeline.evaluate(AbstractPipeline.java:234)
	at java.base/java.util.stream.ReferencePipeline.collect(ReferencePipeline.java:578)
	at de.uka.ilkd.key.java.JP2KeYVisitor.map(JP2KeYConverter.java:403)
	at de.uka.ilkd.key.java.JP2KeYVisitor.visit(JP2KeYConverter.java:506)
	at de.uka.ilkd.key.java.JP2KeYVisitor.visit(JP2KeYConverter.java:90)
	at com.github.javaparser.ast.stmt.ExplicitConstructorInvocationStmt.accept(ExplicitConstructorInvocationStmt.java:96)
	at de.uka.ilkd.key.java.JP2KeYVisitor.lambda$map$1(JP2KeYConverter.java:402)
	at java.base/java.util.stream.ReferencePipeline$3$1.accept(ReferencePipeline.java:195)
	at java.base/java.util.ArrayList$ArrayListSpliterator.forEachRemaining(ArrayList.java:1655)
	at java.base/java.util.stream.AbstractPipeline.copyInto(AbstractPipeline.java:484)
	at java.base/java.util.stream.AbstractPipeline.wrapAndCopyInto(AbstractPipeline.java:474)
	at java.base/java.util.stream.ReduceOps$ReduceOp.evaluateSequential(ReduceOps.java:913)
	at java.base/java.util.stream.AbstractPipeline.evaluate(AbstractPipeline.java:234)
	at java.base/java.util.stream.ReferencePipeline.collect(ReferencePipeline.java:578)
	at de.uka.ilkd.key.java.JP2KeYVisitor.map(JP2KeYConverter.java:403)
	at de.uka.ilkd.key.java.JP2KeYVisitor.visit(JP2KeYConverter.java:258)
	at de.uka.ilkd.key.java.JP2KeYVisitor.visit(JP2KeYConverter.java:90)
	at com.github.javaparser.ast.stmt.BlockStmt.accept(BlockStmt.java:70)
	at de.uka.ilkd.key.java.JP2KeYVisitor.lambda$map$1(JP2KeYConverter.java:402)
	at java.base/java.util.stream.ReferencePipeline$3$1.accept(ReferencePipeline.java:195)
	at java.base/java.util.ArrayList$ArrayListSpliterator.forEachRemaining(ArrayList.java:1655)
	at java.base/java.util.stream.AbstractPipeline.copyInto(AbstractPipeline.java:484)
	at java.base/java.util.stream.AbstractPipeline.wrapAndCopyInto(AbstractPipeline.java:474)
	at java.base/java.util.stream.ReduceOps$ReduceOp.evaluateSequential(ReduceOps.java:913)
	at java.base/java.util.stream.AbstractPipeline.evaluate(AbstractPipeline.java:234)
	at java.base/java.util.stream.ReferencePipeline.collect(ReferencePipeline.java:578)
	at de.uka.ilkd.key.java.JP2KeYVisitor.map(JP2KeYConverter.java:403)
	at de.uka.ilkd.key.java.JP2KeYVisitor.visit(JP2KeYConverter.java:258)
	at de.uka.ilkd.key.java.JP2KeYVisitor.visit(JP2KeYConverter.java:90)
	at com.github.javaparser.ast.stmt.BlockStmt.accept(BlockStmt.java:70)
	at de.uka.ilkd.key.java.JP2KeYVisitor.accept(JP2KeYConverter.java:348)
	at de.uka.ilkd.key.java.JP2KeYVisitor.visit(JP2KeYConverter.java:946)
	at de.uka.ilkd.key.java.JP2KeYVisitor.visit(JP2KeYConverter.java:90)
	at com.github.javaparser.ast.stmt.TryStmt.accept(TryStmt.java:135)
	at de.uka.ilkd.key.java.JP2KeYVisitor.lambda$map$1(JP2KeYConverter.java:402)
	at java.base/java.util.stream.ReferencePipeline$3$1.accept(ReferencePipeline.java:195)
	at java.base/java.util.ArrayList$ArrayListSpliterator.forEachRemaining(ArrayList.java:1655)
	at java.base/java.util.stream.AbstractPipeline.copyInto(AbstractPipeline.java:484)
	at java.base/java.util.stream.AbstractPipeline.wrapAndCopyInto(AbstractPipeline.java:474)
	at java.base/java.util.stream.ReduceOps$ReduceOp.evaluateSequential(ReduceOps.java:913)
	at java.base/java.util.stream.AbstractPipeline.evaluate(AbstractPipeline.java:234)
	at java.base/java.util.stream.ReferencePipeline.collect(ReferencePipeline.java:578)
	at de.uka.ilkd.key.java.JP2KeYVisitor.map(JP2KeYConverter.java:403)
	at de.uka.ilkd.key.java.JP2KeYVisitor.visit(JP2KeYConverter.java:258)
	at de.uka.ilkd.key.java.JP2KeYVisitor.visit(JP2KeYConverter.java:90)
	at com.github.javaparser.ast.stmt.BlockStmt.accept(BlockStmt.java:70)
	at de.uka.ilkd.key.java.JP2KeYVisitor.accept(JP2KeYConverter.java:348)
	at de.uka.ilkd.key.java.JP2KeYVisitor.visit(JP2KeYConverter.java:609)
	at de.uka.ilkd.key.java.JP2KeYVisitor.visit(JP2KeYConverter.java:90)
	at com.github.javaparser.ast.stmt.IfStmt.accept(IfStmt.java:82)
	at de.uka.ilkd.key.java.JP2KeYVisitor.lambda$map$1(JP2KeYConverter.java:402)
	at java.base/java.util.stream.ReferencePipeline$3$1.accept(ReferencePipeline.java:195)
	at java.base/java.util.ArrayList$ArrayListSpliterator.forEachRemaining(ArrayList.java:1655)
	at java.base/java.util.stream.AbstractPipeline.copyInto(AbstractPipeline.java:484)
	at java.base/java.util.stream.AbstractPipeline.wrapAndCopyInto(AbstractPipeline.java:474)
	at java.base/java.util.stream.ReduceOps$ReduceOp.evaluateSequential(ReduceOps.java:913)
	at java.base/java.util.stream.AbstractPipeline.evaluate(AbstractPipeline.java:234)
	at java.base/java.util.stream.ReferencePipeline.collect(ReferencePipeline.java:578)
	at de.uka.ilkd.key.java.JP2KeYVisitor.map(JP2KeYConverter.java:403)
	at de.uka.ilkd.key.java.JP2KeYVisitor.visit(JP2KeYConverter.java:258)
	at de.uka.ilkd.key.java.JP2KeYVisitor.visit(JP2KeYConverter.java:90)
	at com.github.javaparser.ast.stmt.BlockStmt.accept(BlockStmt.java:70)
	at de.uka.ilkd.key.java.JP2KeYVisitor.accept(JP2KeYConverter.java:348)
	at de.uka.ilkd.key.java.JP2KeYVisitor.visit(JP2KeYConverter.java:609)
	at de.uka.ilkd.key.java.JP2KeYVisitor.visit(JP2KeYConverter.java:90)
	at com.github.javaparser.ast.stmt.IfStmt.accept(IfStmt.java:82)
	at de.uka.ilkd.key.java.JP2KeYVisitor.lambda$map$1(JP2KeYConverter.java:402)
	at java.base/java.util.stream.ReferencePipeline$3$1.accept(ReferencePipeline.java:195)
	at java.base/java.util.ArrayList$ArrayListSpliterator.forEachRemaining(ArrayList.java:1655)
	at java.base/java.util.stream.AbstractPipeline.copyInto(AbstractPipeline.java:484)
	at java.base/java.util.stream.AbstractPipeline.wrapAndCopyInto(AbstractPipeline.java:474)
	at java.base/java.util.stream.ReduceOps$ReduceOp.evaluateSequential(ReduceOps.java:913)
	at java.base/java.util.stream.AbstractPipeline.evaluate(AbstractPipeline.java:234)
	at java.base/java.util.stream.ReferencePipeline.collect(ReferencePipeline.java:578)
	at de.uka.ilkd.key.java.JP2KeYVisitor.map(JP2KeYConverter.java:403)
	at de.uka.ilkd.key.java.JP2KeYVisitor.visit(JP2KeYConverter.java:258)
	at de.uka.ilkd.key.java.JP2KeYVisitor.visit(JP2KeYConverter.java:90)
	at com.github.javaparser.ast.stmt.BlockStmt.accept(BlockStmt.java:70)
	at de.uka.ilkd.key.java.JP2KeYVisitor.accept(JP2KeYConverter.java:348)
	at de.uka.ilkd.key.java.JP2KeYVisitor.accepto(JP2KeYConverter.java:418)
	at de.uka.ilkd.key.java.JP2KeYVisitor.visit(JP2KeYConverter.java:688)
	at de.uka.ilkd.key.java.JP2KeYVisitor.visit(JP2KeYConverter.java:90)
	at com.github.javaparser.ast.body.MethodDeclaration.accept(MethodDeclaration.java:98)
	at de.uka.ilkd.key.java.JP2KeYVisitor.lambda$map$1(JP2KeYConverter.java:402)
	at java.base/java.util.stream.ReferencePipeline$3$1.accept(ReferencePipeline.java:195)
	at java.base/java.util.ArrayList$ArrayListSpliterator.forEachRemaining(ArrayList.java:1655)
	at java.base/java.util.stream.AbstractPipeline.copyInto(AbstractPipeline.java:484)
	at java.base/java.util.stream.AbstractPipeline.wrapAndCopyInto(AbstractPipeline.java:474)
	at java.base/java.util.stream.ReduceOps$ReduceOp.evaluateSequential(ReduceOps.java:913)
	at java.base/java.util.stream.AbstractPipeline.evaluate(AbstractPipeline.java:234)
	at java.base/java.util.stream.ReferencePipeline.collect(ReferencePipeline.java:578)
	at de.uka.ilkd.key.java.JP2KeYVisitor.map(JP2KeYConverter.java:403)
	at de.uka.ilkd.key.java.JP2KeYVisitor.visit(JP2KeYConverter.java:310)
	at de.uka.ilkd.key.java.JP2KeYVisitor.visit(JP2KeYConverter.java:90)
	at com.github.javaparser.ast.body.ClassOrInterfaceDeclaration.accept(ClassOrInterfaceDeclaration.java:95)
	at de.uka.ilkd.key.java.JP2KeYVisitor.lambda$map$1(JP2KeYConverter.java:402)
	at java.base/java.util.stream.ReferencePipeline$3$1.accept(ReferencePipeline.java:195)
	at java.base/java.util.ArrayList$ArrayListSpliterator.forEachRemaining(ArrayList.java:1655)
	at java.base/java.util.stream.AbstractPipeline.copyInto(AbstractPipeline.java:484)
	at java.base/java.util.stream.AbstractPipeline.wrapAndCopyInto(AbstractPipeline.java:474)
	at java.base/java.util.stream.ReduceOps$ReduceOp.evaluateSequential(ReduceOps.java:913)
	at java.base/java.util.stream.AbstractPipeline.evaluate(AbstractPipeline.java:234)
	at java.base/java.util.stream.ReferencePipeline.collect(ReferencePipeline.java:578)
	at de.uka.ilkd.key.java.JP2KeYVisitor.map(JP2KeYConverter.java:403)
	at de.uka.ilkd.key.java.JP2KeYVisitor.visit(JP2KeYConverter.java:393)
	at de.uka.ilkd.key.java.JP2KeYVisitor.visit(JP2KeYConverter.java:90)
	at com.github.javaparser.ast.CompilationUnit.accept(CompilationUnit.java:124)
	at de.uka.ilkd.key.java.JP2KeYConverter.process(JP2KeYConverter.java:84)
	at de.uka.ilkd.key.java.JP2KeYConverter.processCompilationUnit(JP2KeYConverter.java:80)
	at de.uka.ilkd.key.java.JavaService.parseLibraryClasses0(JavaService.java:536)
	at de.uka.ilkd.key.java.JavaService.parseSpecialClasses(JavaService.java:511)
	at de.uka.ilkd.key.proof.init.ProblemInitializer.readJava(ProblemInitializer.java:280)
	at de.uka.ilkd.key.proof.init.ProblemInitializer.prepare(ProblemInitializer.java:529)
	at de.uka.ilkd.key.proof.init.ProblemInitializer.prepare(ProblemInitializer.java:471)
	at de.uka.ilkd.key.rule.TacletForTests.parse(TacletForTests.java:80)
	... 90 more
</failure>
  </testcase>
  <testcase name="testAddExistingFormulaAntec()" classname="de.uka.ilkd.key.rule.TestApplyTaclet" time="0.151">
    <failure message="java.lang.RuntimeException: Exception occurred while parsing src\test\resources\testcase\testrules.key" type="java.lang.RuntimeException">java.lang.RuntimeException: Exception occurred while parsing src\test\resources\testcase\testrules.key
	at de.uka.ilkd.key.rule.TacletForTests.parse(TacletForTests.java:89)
	at de.uka.ilkd.key.rule.TacletForTests.parse(TacletForTests.java:125)
	at de.uka.ilkd.key.rule.TacletForTests.parse(TacletForTests.java:129)
	at de.uka.ilkd.key.rule.TestApplyTaclet.setUp(TestApplyTaclet.java:75)
	at jdk.internal.reflect.GeneratedMethodAccessor11.invoke(Unknown Source)
	at java.base/jdk.internal.reflect.DelegatingMethodAccessorImpl.invoke(DelegatingMethodAccessorImpl.java:43)
	at java.base/java.lang.reflect.Method.invoke(Method.java:566)
	at org.junit.platform.commons.util.ReflectionUtils.invokeMethod(ReflectionUtils.java:727)
	at org.junit.jupiter.engine.execution.MethodInvocation.proceed(MethodInvocation.java:60)
	at org.junit.jupiter.engine.execution.InvocationInterceptorChain$ValidatingInvocation.proceed(InvocationInterceptorChain.java:131)
	at org.junit.jupiter.engine.extension.TimeoutExtension.intercept(TimeoutExtension.java:156)
	at org.junit.jupiter.engine.extension.TimeoutExtension.interceptLifecycleMethod(TimeoutExtension.java:128)
	at org.junit.jupiter.engine.extension.TimeoutExtension.interceptBeforeEachMethod(TimeoutExtension.java:78)
	at org.junit.jupiter.engine.execution.InterceptingExecutableInvoker$ReflectiveInterceptorCall.lambda$ofVoidMethod$0(InterceptingExecutableInvoker.java:103)
	at org.junit.jupiter.engine.execution.InterceptingExecutableInvoker.lambda$invoke$0(InterceptingExecutableInvoker.java:93)
	at org.junit.jupiter.engine.execution.InvocationInterceptorChain$InterceptedInvocation.proceed(InvocationInterceptorChain.java:106)
	at org.junit.jupiter.engine.execution.InvocationInterceptorChain.proceed(InvocationInterceptorChain.java:64)
	at org.junit.jupiter.engine.execution.InvocationInterceptorChain.chainAndInvoke(InvocationInterceptorChain.java:45)
	at org.junit.jupiter.engine.execution.InvocationInterceptorChain.invoke(InvocationInterceptorChain.java:37)
	at org.junit.jupiter.engine.execution.InterceptingExecutableInvoker.invoke(InterceptingExecutableInvoker.java:92)
	at org.junit.jupiter.engine.execution.InterceptingExecutableInvoker.invoke(InterceptingExecutableInvoker.java:86)
	at org.junit.jupiter.engine.descriptor.ClassBasedTestDescriptor.invokeMethodInExtensionContext(ClassBasedTestDescriptor.java:520)
	at org.junit.jupiter.engine.descriptor.ClassBasedTestDescriptor.lambda$synthesizeBeforeEachMethodAdapter$23(ClassBasedTestDescriptor.java:505)
	at org.junit.jupiter.engine.descriptor.TestMethodTestDescriptor.lambda$invokeBeforeEachMethods$3(TestMethodTestDescriptor.java:174)
	at org.junit.jupiter.engine.descriptor.TestMethodTestDescriptor.lambda$invokeBeforeMethodsOrCallbacksUntilExceptionOccurs$6(TestMethodTestDescriptor.java:202)
	at org.junit.platform.engine.support.hierarchical.ThrowableCollector.execute(ThrowableCollector.java:73)
	at org.junit.jupiter.engine.descriptor.TestMethodTestDescriptor.invokeBeforeMethodsOrCallbacksUntilExceptionOccurs(TestMethodTestDescriptor.java:202)
	at org.junit.jupiter.engine.descriptor.TestMethodTestDescriptor.invokeBeforeEachMethods(TestMethodTestDescriptor.java:171)
	at org.junit.jupiter.engine.descriptor.TestMethodTestDescriptor.execute(TestMethodTestDescriptor.java:134)
	at org.junit.jupiter.engine.descriptor.TestMethodTestDescriptor.execute(TestMethodTestDescriptor.java:68)
	at org.junit.platform.engine.support.hierarchical.NodeTestTask.lambda$executeRecursively$6(NodeTestTask.java:151)
	at org.junit.platform.engine.support.hierarchical.ThrowableCollector.execute(ThrowableCollector.java:73)
	at org.junit.platform.engine.support.hierarchical.NodeTestTask.lambda$executeRecursively$8(NodeTestTask.java:141)
	at org.junit.platform.engine.support.hierarchical.Node.around(Node.java:137)
	at org.junit.platform.engine.support.hierarchical.NodeTestTask.lambda$executeRecursively$9(NodeTestTask.java:139)
	at org.junit.platform.engine.support.hierarchical.ThrowableCollector.execute(ThrowableCollector.java:73)
	at org.junit.platform.engine.support.hierarchical.NodeTestTask.executeRecursively(NodeTestTask.java:138)
	at org.junit.platform.engine.support.hierarchical.NodeTestTask.execute(NodeTestTask.java:95)
	at java.base/java.util.ArrayList.forEach(ArrayList.java:1541)
	at org.junit.platform.engine.support.hierarchical.SameThreadHierarchicalTestExecutorService.invokeAll(SameThreadHierarchicalTestExecutorService.java:41)
	at org.junit.platform.engine.support.hierarchical.NodeTestTask.lambda$executeRecursively$6(NodeTestTask.java:155)
	at org.junit.platform.engine.support.hierarchical.ThrowableCollector.execute(ThrowableCollector.java:73)
	at org.junit.platform.engine.support.hierarchical.NodeTestTask.lambda$executeRecursively$8(NodeTestTask.java:141)
	at org.junit.platform.engine.support.hierarchical.Node.around(Node.java:137)
	at org.junit.platform.engine.support.hierarchical.NodeTestTask.lambda$executeRecursively$9(NodeTestTask.java:139)
	at org.junit.platform.engine.support.hierarchical.ThrowableCollector.execute(ThrowableCollector.java:73)
	at org.junit.platform.engine.support.hierarchical.NodeTestTask.executeRecursively(NodeTestTask.java:138)
	at org.junit.platform.engine.support.hierarchical.NodeTestTask.execute(NodeTestTask.java:95)
	at java.base/java.util.ArrayList.forEach(ArrayList.java:1541)
	at org.junit.platform.engine.support.hierarchical.SameThreadHierarchicalTestExecutorService.invokeAll(SameThreadHierarchicalTestExecutorService.java:41)
	at org.junit.platform.engine.support.hierarchical.NodeTestTask.lambda$executeRecursively$6(NodeTestTask.java:155)
	at org.junit.platform.engine.support.hierarchical.ThrowableCollector.execute(ThrowableCollector.java:73)
	at org.junit.platform.engine.support.hierarchical.NodeTestTask.lambda$executeRecursively$8(NodeTestTask.java:141)
	at org.junit.platform.engine.support.hierarchical.Node.around(Node.java:137)
	at org.junit.platform.engine.support.hierarchical.NodeTestTask.lambda$executeRecursively$9(NodeTestTask.java:139)
	at org.junit.platform.engine.support.hierarchical.ThrowableCollector.execute(ThrowableCollector.java:73)
	at org.junit.platform.engine.support.hierarchical.NodeTestTask.executeRecursively(NodeTestTask.java:138)
	at org.junit.platform.engine.support.hierarchical.NodeTestTask.execute(NodeTestTask.java:95)
	at org.junit.platform.engine.support.hierarchical.SameThreadHierarchicalTestExecutorService.submit(SameThreadHierarchicalTestExecutorService.java:35)
	at org.junit.platform.engine.support.hierarchical.HierarchicalTestExecutor.execute(HierarchicalTestExecutor.java:57)
	at org.junit.platform.engine.support.hierarchical.HierarchicalTestEngine.execute(HierarchicalTestEngine.java:54)
	at org.junit.platform.launcher.core.EngineExecutionOrchestrator.execute(EngineExecutionOrchestrator.java:107)
	at org.junit.platform.launcher.core.EngineExecutionOrchestrator.execute(EngineExecutionOrchestrator.java:88)
	at org.junit.platform.launcher.core.EngineExecutionOrchestrator.lambda$execute$0(EngineExecutionOrchestrator.java:54)
	at org.junit.platform.launcher.core.EngineExecutionOrchestrator.withInterceptedStreams(EngineExecutionOrchestrator.java:67)
	at org.junit.platform.launcher.core.EngineExecutionOrchestrator.execute(EngineExecutionOrchestrator.java:52)
	at org.junit.platform.launcher.core.DefaultLauncher.execute(DefaultLauncher.java:114)
	at org.junit.platform.launcher.core.DefaultLauncher.execute(DefaultLauncher.java:86)
	at org.junit.platform.launcher.core.DefaultLauncherSession$DelegatingLauncher.execute(DefaultLauncherSession.java:86)
	at org.gradle.api.internal.tasks.testing.junitplatform.JUnitPlatformTestClassProcessor$CollectAllTestClassesExecutor.processAllTestClasses(JUnitPlatformTestClassProcessor.java:110)
	at org.gradle.api.internal.tasks.testing.junitplatform.JUnitPlatformTestClassProcessor$CollectAllTestClassesExecutor.access$000(JUnitPlatformTestClassProcessor.java:90)
	at org.gradle.api.internal.tasks.testing.junitplatform.JUnitPlatformTestClassProcessor.stop(JUnitPlatformTestClassProcessor.java:85)
	at org.gradle.api.internal.tasks.testing.SuiteTestClassProcessor.stop(SuiteTestClassProcessor.java:62)
	at java.base/jdk.internal.reflect.NativeMethodAccessorImpl.invoke0(Native Method)
	at java.base/jdk.internal.reflect.NativeMethodAccessorImpl.invoke(NativeMethodAccessorImpl.java:62)
	at java.base/jdk.internal.reflect.DelegatingMethodAccessorImpl.invoke(DelegatingMethodAccessorImpl.java:43)
	at java.base/java.lang.reflect.Method.invoke(Method.java:566)
	at org.gradle.internal.dispatch.ReflectionDispatch.dispatch(ReflectionDispatch.java:36)
	at org.gradle.internal.dispatch.ReflectionDispatch.dispatch(ReflectionDispatch.java:24)
	at org.gradle.internal.dispatch.ContextClassLoaderDispatch.dispatch(ContextClassLoaderDispatch.java:33)
	at org.gradle.internal.dispatch.ProxyDispatchAdapter$DispatchingInvocationHandler.invoke(ProxyDispatchAdapter.java:94)
	at com.sun.proxy.$Proxy5.stop(Unknown Source)
	at org.gradle.api.internal.tasks.testing.worker.TestWorker$3.run(TestWorker.java:193)
	at org.gradle.api.internal.tasks.testing.worker.TestWorker.executeAndMaintainThreadName(TestWorker.java:129)
	at org.gradle.api.internal.tasks.testing.worker.TestWorker.execute(TestWorker.java:100)
	at org.gradle.api.internal.tasks.testing.worker.TestWorker.execute(TestWorker.java:60)
	at org.gradle.process.internal.worker.child.ActionExecutionWorker.execute(ActionExecutionWorker.java:56)
	at org.gradle.process.internal.worker.child.SystemApplicationClassLoaderWorker.call(SystemApplicationClassLoaderWorker.java:113)
	at org.gradle.process.internal.worker.child.SystemApplicationClassLoaderWorker.call(SystemApplicationClassLoaderWorker.java:65)
	at worker.org.gradle.process.internal.worker.GradleWorkerMain.run(GradleWorkerMain.java:69)
	at worker.org.gradle.process.internal.worker.GradleWorkerMain.main(GradleWorkerMain.java:74)
Caused by: UnsolvedSymbolException{context='arg0', name='Solving arg0', cause='null'}
	at com.github.javaparser.symbolsolver.javaparsermodel.TypeExtractor.visit(TypeExtractor.java:335)
	at com.github.javaparser.symbolsolver.javaparsermodel.TypeExtractor.visit(TypeExtractor.java:65)
	at com.github.javaparser.ast.expr.NameExpr.accept(NameExpr.java:79)
	at com.github.javaparser.symbolsolver.javaparsermodel.JavaParserFacade.getTypeConcrete(JavaParserFacade.java:505)
	at com.github.javaparser.symbolsolver.javaparsermodel.JavaParserFacade.getType(JavaParserFacade.java:352)
	at com.github.javaparser.symbolsolver.javaparsermodel.JavaParserFacade.getType(JavaParserFacade.java:334)
	at com.github.javaparser.symbolsolver.JavaSymbolSolver.calculateType(JavaSymbolSolver.java:294)
	at com.github.javaparser.ast.expr.Expression.calculateResolvedType(Expression.java:573)
	at de.uka.ilkd.key.java.JP2KeYVisitor.visit(JP2KeYConverter.java:707)
	at de.uka.ilkd.key.java.JP2KeYVisitor.visit(JP2KeYConverter.java:90)
	at com.github.javaparser.ast.expr.NameExpr.accept(NameExpr.java:79)
	at de.uka.ilkd.key.java.JP2KeYVisitor.lambda$map$1(JP2KeYConverter.java:402)
	at java.base/java.util.stream.ReferencePipeline$3$1.accept(ReferencePipeline.java:195)
	at java.base/java.util.ArrayList$ArrayListSpliterator.forEachRemaining(ArrayList.java:1655)
	at java.base/java.util.stream.AbstractPipeline.copyInto(AbstractPipeline.java:484)
	at java.base/java.util.stream.AbstractPipeline.wrapAndCopyInto(AbstractPipeline.java:474)
	at java.base/java.util.stream.ReduceOps$ReduceOp.evaluateSequential(ReduceOps.java:913)
	at java.base/java.util.stream.AbstractPipeline.evaluate(AbstractPipeline.java:234)
	at java.base/java.util.stream.ReferencePipeline.collect(ReferencePipeline.java:578)
	at de.uka.ilkd.key.java.JP2KeYVisitor.map(JP2KeYConverter.java:403)
	at de.uka.ilkd.key.java.JP2KeYVisitor.visit(JP2KeYConverter.java:506)
	at de.uka.ilkd.key.java.JP2KeYVisitor.visit(JP2KeYConverter.java:90)
	at com.github.javaparser.ast.stmt.ExplicitConstructorInvocationStmt.accept(ExplicitConstructorInvocationStmt.java:96)
	at de.uka.ilkd.key.java.JP2KeYVisitor.lambda$map$1(JP2KeYConverter.java:402)
	at java.base/java.util.stream.ReferencePipeline$3$1.accept(ReferencePipeline.java:195)
	at java.base/java.util.ArrayList$ArrayListSpliterator.forEachRemaining(ArrayList.java:1655)
	at java.base/java.util.stream.AbstractPipeline.copyInto(AbstractPipeline.java:484)
	at java.base/java.util.stream.AbstractPipeline.wrapAndCopyInto(AbstractPipeline.java:474)
	at java.base/java.util.stream.ReduceOps$ReduceOp.evaluateSequential(ReduceOps.java:913)
	at java.base/java.util.stream.AbstractPipeline.evaluate(AbstractPipeline.java:234)
	at java.base/java.util.stream.ReferencePipeline.collect(ReferencePipeline.java:578)
	at de.uka.ilkd.key.java.JP2KeYVisitor.map(JP2KeYConverter.java:403)
	at de.uka.ilkd.key.java.JP2KeYVisitor.visit(JP2KeYConverter.java:258)
	at de.uka.ilkd.key.java.JP2KeYVisitor.visit(JP2KeYConverter.java:90)
	at com.github.javaparser.ast.stmt.BlockStmt.accept(BlockStmt.java:70)
	at de.uka.ilkd.key.java.JP2KeYVisitor.lambda$map$1(JP2KeYConverter.java:402)
	at java.base/java.util.stream.ReferencePipeline$3$1.accept(ReferencePipeline.java:195)
	at java.base/java.util.ArrayList$ArrayListSpliterator.forEachRemaining(ArrayList.java:1655)
	at java.base/java.util.stream.AbstractPipeline.copyInto(AbstractPipeline.java:484)
	at java.base/java.util.stream.AbstractPipeline.wrapAndCopyInto(AbstractPipeline.java:474)
	at java.base/java.util.stream.ReduceOps$ReduceOp.evaluateSequential(ReduceOps.java:913)
	at java.base/java.util.stream.AbstractPipeline.evaluate(AbstractPipeline.java:234)
	at java.base/java.util.stream.ReferencePipeline.collect(ReferencePipeline.java:578)
	at de.uka.ilkd.key.java.JP2KeYVisitor.map(JP2KeYConverter.java:403)
	at de.uka.ilkd.key.java.JP2KeYVisitor.visit(JP2KeYConverter.java:258)
	at de.uka.ilkd.key.java.JP2KeYVisitor.visit(JP2KeYConverter.java:90)
	at com.github.javaparser.ast.stmt.BlockStmt.accept(BlockStmt.java:70)
	at de.uka.ilkd.key.java.JP2KeYVisitor.accept(JP2KeYConverter.java:348)
	at de.uka.ilkd.key.java.JP2KeYVisitor.visit(JP2KeYConverter.java:946)
	at de.uka.ilkd.key.java.JP2KeYVisitor.visit(JP2KeYConverter.java:90)
	at com.github.javaparser.ast.stmt.TryStmt.accept(TryStmt.java:135)
	at de.uka.ilkd.key.java.JP2KeYVisitor.lambda$map$1(JP2KeYConverter.java:402)
	at java.base/java.util.stream.ReferencePipeline$3$1.accept(ReferencePipeline.java:195)
	at java.base/java.util.ArrayList$ArrayListSpliterator.forEachRemaining(ArrayList.java:1655)
	at java.base/java.util.stream.AbstractPipeline.copyInto(AbstractPipeline.java:484)
	at java.base/java.util.stream.AbstractPipeline.wrapAndCopyInto(AbstractPipeline.java:474)
	at java.base/java.util.stream.ReduceOps$ReduceOp.evaluateSequential(ReduceOps.java:913)
	at java.base/java.util.stream.AbstractPipeline.evaluate(AbstractPipeline.java:234)
	at java.base/java.util.stream.ReferencePipeline.collect(ReferencePipeline.java:578)
	at de.uka.ilkd.key.java.JP2KeYVisitor.map(JP2KeYConverter.java:403)
	at de.uka.ilkd.key.java.JP2KeYVisitor.visit(JP2KeYConverter.java:258)
	at de.uka.ilkd.key.java.JP2KeYVisitor.visit(JP2KeYConverter.java:90)
	at com.github.javaparser.ast.stmt.BlockStmt.accept(BlockStmt.java:70)
	at de.uka.ilkd.key.java.JP2KeYVisitor.accept(JP2KeYConverter.java:348)
	at de.uka.ilkd.key.java.JP2KeYVisitor.visit(JP2KeYConverter.java:609)
	at de.uka.ilkd.key.java.JP2KeYVisitor.visit(JP2KeYConverter.java:90)
	at com.github.javaparser.ast.stmt.IfStmt.accept(IfStmt.java:82)
	at de.uka.ilkd.key.java.JP2KeYVisitor.lambda$map$1(JP2KeYConverter.java:402)
	at java.base/java.util.stream.ReferencePipeline$3$1.accept(ReferencePipeline.java:195)
	at java.base/java.util.ArrayList$ArrayListSpliterator.forEachRemaining(ArrayList.java:1655)
	at java.base/java.util.stream.AbstractPipeline.copyInto(AbstractPipeline.java:484)
	at java.base/java.util.stream.AbstractPipeline.wrapAndCopyInto(AbstractPipeline.java:474)
	at java.base/java.util.stream.ReduceOps$ReduceOp.evaluateSequential(ReduceOps.java:913)
	at java.base/java.util.stream.AbstractPipeline.evaluate(AbstractPipeline.java:234)
	at java.base/java.util.stream.ReferencePipeline.collect(ReferencePipeline.java:578)
	at de.uka.ilkd.key.java.JP2KeYVisitor.map(JP2KeYConverter.java:403)
	at de.uka.ilkd.key.java.JP2KeYVisitor.visit(JP2KeYConverter.java:258)
	at de.uka.ilkd.key.java.JP2KeYVisitor.visit(JP2KeYConverter.java:90)
	at com.github.javaparser.ast.stmt.BlockStmt.accept(BlockStmt.java:70)
	at de.uka.ilkd.key.java.JP2KeYVisitor.accept(JP2KeYConverter.java:348)
	at de.uka.ilkd.key.java.JP2KeYVisitor.visit(JP2KeYConverter.java:609)
	at de.uka.ilkd.key.java.JP2KeYVisitor.visit(JP2KeYConverter.java:90)
	at com.github.javaparser.ast.stmt.IfStmt.accept(IfStmt.java:82)
	at de.uka.ilkd.key.java.JP2KeYVisitor.lambda$map$1(JP2KeYConverter.java:402)
	at java.base/java.util.stream.ReferencePipeline$3$1.accept(ReferencePipeline.java:195)
	at java.base/java.util.ArrayList$ArrayListSpliterator.forEachRemaining(ArrayList.java:1655)
	at java.base/java.util.stream.AbstractPipeline.copyInto(AbstractPipeline.java:484)
	at java.base/java.util.stream.AbstractPipeline.wrapAndCopyInto(AbstractPipeline.java:474)
	at java.base/java.util.stream.ReduceOps$ReduceOp.evaluateSequential(ReduceOps.java:913)
	at java.base/java.util.stream.AbstractPipeline.evaluate(AbstractPipeline.java:234)
	at java.base/java.util.stream.ReferencePipeline.collect(ReferencePipeline.java:578)
	at de.uka.ilkd.key.java.JP2KeYVisitor.map(JP2KeYConverter.java:403)
	at de.uka.ilkd.key.java.JP2KeYVisitor.visit(JP2KeYConverter.java:258)
	at de.uka.ilkd.key.java.JP2KeYVisitor.visit(JP2KeYConverter.java:90)
	at com.github.javaparser.ast.stmt.BlockStmt.accept(BlockStmt.java:70)
	at de.uka.ilkd.key.java.JP2KeYVisitor.accept(JP2KeYConverter.java:348)
	at de.uka.ilkd.key.java.JP2KeYVisitor.accepto(JP2KeYConverter.java:418)
	at de.uka.ilkd.key.java.JP2KeYVisitor.visit(JP2KeYConverter.java:688)
	at de.uka.ilkd.key.java.JP2KeYVisitor.visit(JP2KeYConverter.java:90)
	at com.github.javaparser.ast.body.MethodDeclaration.accept(MethodDeclaration.java:98)
	at de.uka.ilkd.key.java.JP2KeYVisitor.lambda$map$1(JP2KeYConverter.java:402)
	at java.base/java.util.stream.ReferencePipeline$3$1.accept(ReferencePipeline.java:195)
	at java.base/java.util.ArrayList$ArrayListSpliterator.forEachRemaining(ArrayList.java:1655)
	at java.base/java.util.stream.AbstractPipeline.copyInto(AbstractPipeline.java:484)
	at java.base/java.util.stream.AbstractPipeline.wrapAndCopyInto(AbstractPipeline.java:474)
	at java.base/java.util.stream.ReduceOps$ReduceOp.evaluateSequential(ReduceOps.java:913)
	at java.base/java.util.stream.AbstractPipeline.evaluate(AbstractPipeline.java:234)
	at java.base/java.util.stream.ReferencePipeline.collect(ReferencePipeline.java:578)
	at de.uka.ilkd.key.java.JP2KeYVisitor.map(JP2KeYConverter.java:403)
	at de.uka.ilkd.key.java.JP2KeYVisitor.visit(JP2KeYConverter.java:310)
	at de.uka.ilkd.key.java.JP2KeYVisitor.visit(JP2KeYConverter.java:90)
	at com.github.javaparser.ast.body.ClassOrInterfaceDeclaration.accept(ClassOrInterfaceDeclaration.java:95)
	at de.uka.ilkd.key.java.JP2KeYVisitor.lambda$map$1(JP2KeYConverter.java:402)
	at java.base/java.util.stream.ReferencePipeline$3$1.accept(ReferencePipeline.java:195)
	at java.base/java.util.ArrayList$ArrayListSpliterator.forEachRemaining(ArrayList.java:1655)
	at java.base/java.util.stream.AbstractPipeline.copyInto(AbstractPipeline.java:484)
	at java.base/java.util.stream.AbstractPipeline.wrapAndCopyInto(AbstractPipeline.java:474)
	at java.base/java.util.stream.ReduceOps$ReduceOp.evaluateSequential(ReduceOps.java:913)
	at java.base/java.util.stream.AbstractPipeline.evaluate(AbstractPipeline.java:234)
	at java.base/java.util.stream.ReferencePipeline.collect(ReferencePipeline.java:578)
	at de.uka.ilkd.key.java.JP2KeYVisitor.map(JP2KeYConverter.java:403)
	at de.uka.ilkd.key.java.JP2KeYVisitor.visit(JP2KeYConverter.java:393)
	at de.uka.ilkd.key.java.JP2KeYVisitor.visit(JP2KeYConverter.java:90)
	at com.github.javaparser.ast.CompilationUnit.accept(CompilationUnit.java:124)
	at de.uka.ilkd.key.java.JP2KeYConverter.process(JP2KeYConverter.java:84)
	at de.uka.ilkd.key.java.JP2KeYConverter.processCompilationUnit(JP2KeYConverter.java:80)
	at de.uka.ilkd.key.java.JavaService.parseLibraryClasses0(JavaService.java:536)
	at de.uka.ilkd.key.java.JavaService.parseSpecialClasses(JavaService.java:511)
	at de.uka.ilkd.key.proof.init.ProblemInitializer.readJava(ProblemInitializer.java:280)
	at de.uka.ilkd.key.proof.init.ProblemInitializer.prepare(ProblemInitializer.java:529)
	at de.uka.ilkd.key.proof.init.ProblemInitializer.prepare(ProblemInitializer.java:471)
	at de.uka.ilkd.key.rule.TacletForTests.parse(TacletForTests.java:80)
	... 90 more
</failure>
  </testcase>
  <testcase name="testPrgTacletApp()" classname="de.uka.ilkd.key.rule.TestApplyTaclet" time="0.307">
    <failure message="java.lang.RuntimeException: Exception occurred while parsing src\test\resources\testcase\testrules.key" type="java.lang.RuntimeException">java.lang.RuntimeException: Exception occurred while parsing src\test\resources\testcase\testrules.key
	at de.uka.ilkd.key.rule.TacletForTests.parse(TacletForTests.java:89)
	at de.uka.ilkd.key.rule.TacletForTests.parse(TacletForTests.java:125)
	at de.uka.ilkd.key.rule.TacletForTests.parse(TacletForTests.java:129)
	at de.uka.ilkd.key.rule.TestApplyTaclet.setUp(TestApplyTaclet.java:75)
	at jdk.internal.reflect.GeneratedMethodAccessor11.invoke(Unknown Source)
	at java.base/jdk.internal.reflect.DelegatingMethodAccessorImpl.invoke(DelegatingMethodAccessorImpl.java:43)
	at java.base/java.lang.reflect.Method.invoke(Method.java:566)
	at org.junit.platform.commons.util.ReflectionUtils.invokeMethod(ReflectionUtils.java:727)
	at org.junit.jupiter.engine.execution.MethodInvocation.proceed(MethodInvocation.java:60)
	at org.junit.jupiter.engine.execution.InvocationInterceptorChain$ValidatingInvocation.proceed(InvocationInterceptorChain.java:131)
	at org.junit.jupiter.engine.extension.TimeoutExtension.intercept(TimeoutExtension.java:156)
	at org.junit.jupiter.engine.extension.TimeoutExtension.interceptLifecycleMethod(TimeoutExtension.java:128)
	at org.junit.jupiter.engine.extension.TimeoutExtension.interceptBeforeEachMethod(TimeoutExtension.java:78)
	at org.junit.jupiter.engine.execution.InterceptingExecutableInvoker$ReflectiveInterceptorCall.lambda$ofVoidMethod$0(InterceptingExecutableInvoker.java:103)
	at org.junit.jupiter.engine.execution.InterceptingExecutableInvoker.lambda$invoke$0(InterceptingExecutableInvoker.java:93)
	at org.junit.jupiter.engine.execution.InvocationInterceptorChain$InterceptedInvocation.proceed(InvocationInterceptorChain.java:106)
	at org.junit.jupiter.engine.execution.InvocationInterceptorChain.proceed(InvocationInterceptorChain.java:64)
	at org.junit.jupiter.engine.execution.InvocationInterceptorChain.chainAndInvoke(InvocationInterceptorChain.java:45)
	at org.junit.jupiter.engine.execution.InvocationInterceptorChain.invoke(InvocationInterceptorChain.java:37)
	at org.junit.jupiter.engine.execution.InterceptingExecutableInvoker.invoke(InterceptingExecutableInvoker.java:92)
	at org.junit.jupiter.engine.execution.InterceptingExecutableInvoker.invoke(InterceptingExecutableInvoker.java:86)
	at org.junit.jupiter.engine.descriptor.ClassBasedTestDescriptor.invokeMethodInExtensionContext(ClassBasedTestDescriptor.java:520)
	at org.junit.jupiter.engine.descriptor.ClassBasedTestDescriptor.lambda$synthesizeBeforeEachMethodAdapter$23(ClassBasedTestDescriptor.java:505)
	at org.junit.jupiter.engine.descriptor.TestMethodTestDescriptor.lambda$invokeBeforeEachMethods$3(TestMethodTestDescriptor.java:174)
	at org.junit.jupiter.engine.descriptor.TestMethodTestDescriptor.lambda$invokeBeforeMethodsOrCallbacksUntilExceptionOccurs$6(TestMethodTestDescriptor.java:202)
	at org.junit.platform.engine.support.hierarchical.ThrowableCollector.execute(ThrowableCollector.java:73)
	at org.junit.jupiter.engine.descriptor.TestMethodTestDescriptor.invokeBeforeMethodsOrCallbacksUntilExceptionOccurs(TestMethodTestDescriptor.java:202)
	at org.junit.jupiter.engine.descriptor.TestMethodTestDescriptor.invokeBeforeEachMethods(TestMethodTestDescriptor.java:171)
	at org.junit.jupiter.engine.descriptor.TestMethodTestDescriptor.execute(TestMethodTestDescriptor.java:134)
	at org.junit.jupiter.engine.descriptor.TestMethodTestDescriptor.execute(TestMethodTestDescriptor.java:68)
	at org.junit.platform.engine.support.hierarchical.NodeTestTask.lambda$executeRecursively$6(NodeTestTask.java:151)
	at org.junit.platform.engine.support.hierarchical.ThrowableCollector.execute(ThrowableCollector.java:73)
	at org.junit.platform.engine.support.hierarchical.NodeTestTask.lambda$executeRecursively$8(NodeTestTask.java:141)
	at org.junit.platform.engine.support.hierarchical.Node.around(Node.java:137)
	at org.junit.platform.engine.support.hierarchical.NodeTestTask.lambda$executeRecursively$9(NodeTestTask.java:139)
	at org.junit.platform.engine.support.hierarchical.ThrowableCollector.execute(ThrowableCollector.java:73)
	at org.junit.platform.engine.support.hierarchical.NodeTestTask.executeRecursively(NodeTestTask.java:138)
	at org.junit.platform.engine.support.hierarchical.NodeTestTask.execute(NodeTestTask.java:95)
	at java.base/java.util.ArrayList.forEach(ArrayList.java:1541)
	at org.junit.platform.engine.support.hierarchical.SameThreadHierarchicalTestExecutorService.invokeAll(SameThreadHierarchicalTestExecutorService.java:41)
	at org.junit.platform.engine.support.hierarchical.NodeTestTask.lambda$executeRecursively$6(NodeTestTask.java:155)
	at org.junit.platform.engine.support.hierarchical.ThrowableCollector.execute(ThrowableCollector.java:73)
	at org.junit.platform.engine.support.hierarchical.NodeTestTask.lambda$executeRecursively$8(NodeTestTask.java:141)
	at org.junit.platform.engine.support.hierarchical.Node.around(Node.java:137)
	at org.junit.platform.engine.support.hierarchical.NodeTestTask.lambda$executeRecursively$9(NodeTestTask.java:139)
	at org.junit.platform.engine.support.hierarchical.ThrowableCollector.execute(ThrowableCollector.java:73)
	at org.junit.platform.engine.support.hierarchical.NodeTestTask.executeRecursively(NodeTestTask.java:138)
	at org.junit.platform.engine.support.hierarchical.NodeTestTask.execute(NodeTestTask.java:95)
	at java.base/java.util.ArrayList.forEach(ArrayList.java:1541)
	at org.junit.platform.engine.support.hierarchical.SameThreadHierarchicalTestExecutorService.invokeAll(SameThreadHierarchicalTestExecutorService.java:41)
	at org.junit.platform.engine.support.hierarchical.NodeTestTask.lambda$executeRecursively$6(NodeTestTask.java:155)
	at org.junit.platform.engine.support.hierarchical.ThrowableCollector.execute(ThrowableCollector.java:73)
	at org.junit.platform.engine.support.hierarchical.NodeTestTask.lambda$executeRecursively$8(NodeTestTask.java:141)
	at org.junit.platform.engine.support.hierarchical.Node.around(Node.java:137)
	at org.junit.platform.engine.support.hierarchical.NodeTestTask.lambda$executeRecursively$9(NodeTestTask.java:139)
	at org.junit.platform.engine.support.hierarchical.ThrowableCollector.execute(ThrowableCollector.java:73)
	at org.junit.platform.engine.support.hierarchical.NodeTestTask.executeRecursively(NodeTestTask.java:138)
	at org.junit.platform.engine.support.hierarchical.NodeTestTask.execute(NodeTestTask.java:95)
	at org.junit.platform.engine.support.hierarchical.SameThreadHierarchicalTestExecutorService.submit(SameThreadHierarchicalTestExecutorService.java:35)
	at org.junit.platform.engine.support.hierarchical.HierarchicalTestExecutor.execute(HierarchicalTestExecutor.java:57)
	at org.junit.platform.engine.support.hierarchical.HierarchicalTestEngine.execute(HierarchicalTestEngine.java:54)
	at org.junit.platform.launcher.core.EngineExecutionOrchestrator.execute(EngineExecutionOrchestrator.java:107)
	at org.junit.platform.launcher.core.EngineExecutionOrchestrator.execute(EngineExecutionOrchestrator.java:88)
	at org.junit.platform.launcher.core.EngineExecutionOrchestrator.lambda$execute$0(EngineExecutionOrchestrator.java:54)
	at org.junit.platform.launcher.core.EngineExecutionOrchestrator.withInterceptedStreams(EngineExecutionOrchestrator.java:67)
	at org.junit.platform.launcher.core.EngineExecutionOrchestrator.execute(EngineExecutionOrchestrator.java:52)
	at org.junit.platform.launcher.core.DefaultLauncher.execute(DefaultLauncher.java:114)
	at org.junit.platform.launcher.core.DefaultLauncher.execute(DefaultLauncher.java:86)
	at org.junit.platform.launcher.core.DefaultLauncherSession$DelegatingLauncher.execute(DefaultLauncherSession.java:86)
	at org.gradle.api.internal.tasks.testing.junitplatform.JUnitPlatformTestClassProcessor$CollectAllTestClassesExecutor.processAllTestClasses(JUnitPlatformTestClassProcessor.java:110)
	at org.gradle.api.internal.tasks.testing.junitplatform.JUnitPlatformTestClassProcessor$CollectAllTestClassesExecutor.access$000(JUnitPlatformTestClassProcessor.java:90)
	at org.gradle.api.internal.tasks.testing.junitplatform.JUnitPlatformTestClassProcessor.stop(JUnitPlatformTestClassProcessor.java:85)
	at org.gradle.api.internal.tasks.testing.SuiteTestClassProcessor.stop(SuiteTestClassProcessor.java:62)
	at java.base/jdk.internal.reflect.NativeMethodAccessorImpl.invoke0(Native Method)
	at java.base/jdk.internal.reflect.NativeMethodAccessorImpl.invoke(NativeMethodAccessorImpl.java:62)
	at java.base/jdk.internal.reflect.DelegatingMethodAccessorImpl.invoke(DelegatingMethodAccessorImpl.java:43)
	at java.base/java.lang.reflect.Method.invoke(Method.java:566)
	at org.gradle.internal.dispatch.ReflectionDispatch.dispatch(ReflectionDispatch.java:36)
	at org.gradle.internal.dispatch.ReflectionDispatch.dispatch(ReflectionDispatch.java:24)
	at org.gradle.internal.dispatch.ContextClassLoaderDispatch.dispatch(ContextClassLoaderDispatch.java:33)
	at org.gradle.internal.dispatch.ProxyDispatchAdapter$DispatchingInvocationHandler.invoke(ProxyDispatchAdapter.java:94)
	at com.sun.proxy.$Proxy5.stop(Unknown Source)
	at org.gradle.api.internal.tasks.testing.worker.TestWorker$3.run(TestWorker.java:193)
	at org.gradle.api.internal.tasks.testing.worker.TestWorker.executeAndMaintainThreadName(TestWorker.java:129)
	at org.gradle.api.internal.tasks.testing.worker.TestWorker.execute(TestWorker.java:100)
	at org.gradle.api.internal.tasks.testing.worker.TestWorker.execute(TestWorker.java:60)
	at org.gradle.process.internal.worker.child.ActionExecutionWorker.execute(ActionExecutionWorker.java:56)
	at org.gradle.process.internal.worker.child.SystemApplicationClassLoaderWorker.call(SystemApplicationClassLoaderWorker.java:113)
	at org.gradle.process.internal.worker.child.SystemApplicationClassLoaderWorker.call(SystemApplicationClassLoaderWorker.java:65)
	at worker.org.gradle.process.internal.worker.GradleWorkerMain.run(GradleWorkerMain.java:69)
	at worker.org.gradle.process.internal.worker.GradleWorkerMain.main(GradleWorkerMain.java:74)
Caused by: UnsolvedSymbolException{context='arg0', name='Solving arg0', cause='null'}
	at com.github.javaparser.symbolsolver.javaparsermodel.TypeExtractor.visit(TypeExtractor.java:335)
	at com.github.javaparser.symbolsolver.javaparsermodel.TypeExtractor.visit(TypeExtractor.java:65)
	at com.github.javaparser.ast.expr.NameExpr.accept(NameExpr.java:79)
	at com.github.javaparser.symbolsolver.javaparsermodel.JavaParserFacade.getTypeConcrete(JavaParserFacade.java:505)
	at com.github.javaparser.symbolsolver.javaparsermodel.JavaParserFacade.getType(JavaParserFacade.java:352)
	at com.github.javaparser.symbolsolver.javaparsermodel.JavaParserFacade.getType(JavaParserFacade.java:334)
	at com.github.javaparser.symbolsolver.JavaSymbolSolver.calculateType(JavaSymbolSolver.java:294)
	at com.github.javaparser.ast.expr.Expression.calculateResolvedType(Expression.java:573)
	at de.uka.ilkd.key.java.JP2KeYVisitor.visit(JP2KeYConverter.java:707)
	at de.uka.ilkd.key.java.JP2KeYVisitor.visit(JP2KeYConverter.java:90)
	at com.github.javaparser.ast.expr.NameExpr.accept(NameExpr.java:79)
	at de.uka.ilkd.key.java.JP2KeYVisitor.lambda$map$1(JP2KeYConverter.java:402)
	at java.base/java.util.stream.ReferencePipeline$3$1.accept(ReferencePipeline.java:195)
	at java.base/java.util.ArrayList$ArrayListSpliterator.forEachRemaining(ArrayList.java:1655)
	at java.base/java.util.stream.AbstractPipeline.copyInto(AbstractPipeline.java:484)
	at java.base/java.util.stream.AbstractPipeline.wrapAndCopyInto(AbstractPipeline.java:474)
	at java.base/java.util.stream.ReduceOps$ReduceOp.evaluateSequential(ReduceOps.java:913)
	at java.base/java.util.stream.AbstractPipeline.evaluate(AbstractPipeline.java:234)
	at java.base/java.util.stream.ReferencePipeline.collect(ReferencePipeline.java:578)
	at de.uka.ilkd.key.java.JP2KeYVisitor.map(JP2KeYConverter.java:403)
	at de.uka.ilkd.key.java.JP2KeYVisitor.visit(JP2KeYConverter.java:506)
	at de.uka.ilkd.key.java.JP2KeYVisitor.visit(JP2KeYConverter.java:90)
	at com.github.javaparser.ast.stmt.ExplicitConstructorInvocationStmt.accept(ExplicitConstructorInvocationStmt.java:96)
	at de.uka.ilkd.key.java.JP2KeYVisitor.lambda$map$1(JP2KeYConverter.java:402)
	at java.base/java.util.stream.ReferencePipeline$3$1.accept(ReferencePipeline.java:195)
	at java.base/java.util.ArrayList$ArrayListSpliterator.forEachRemaining(ArrayList.java:1655)
	at java.base/java.util.stream.AbstractPipeline.copyInto(AbstractPipeline.java:484)
	at java.base/java.util.stream.AbstractPipeline.wrapAndCopyInto(AbstractPipeline.java:474)
	at java.base/java.util.stream.ReduceOps$ReduceOp.evaluateSequential(ReduceOps.java:913)
	at java.base/java.util.stream.AbstractPipeline.evaluate(AbstractPipeline.java:234)
	at java.base/java.util.stream.ReferencePipeline.collect(ReferencePipeline.java:578)
	at de.uka.ilkd.key.java.JP2KeYVisitor.map(JP2KeYConverter.java:403)
	at de.uka.ilkd.key.java.JP2KeYVisitor.visit(JP2KeYConverter.java:258)
	at de.uka.ilkd.key.java.JP2KeYVisitor.visit(JP2KeYConverter.java:90)
	at com.github.javaparser.ast.stmt.BlockStmt.accept(BlockStmt.java:70)
	at de.uka.ilkd.key.java.JP2KeYVisitor.lambda$map$1(JP2KeYConverter.java:402)
	at java.base/java.util.stream.ReferencePipeline$3$1.accept(ReferencePipeline.java:195)
	at java.base/java.util.ArrayList$ArrayListSpliterator.forEachRemaining(ArrayList.java:1655)
	at java.base/java.util.stream.AbstractPipeline.copyInto(AbstractPipeline.java:484)
	at java.base/java.util.stream.AbstractPipeline.wrapAndCopyInto(AbstractPipeline.java:474)
	at java.base/java.util.stream.ReduceOps$ReduceOp.evaluateSequential(ReduceOps.java:913)
	at java.base/java.util.stream.AbstractPipeline.evaluate(AbstractPipeline.java:234)
	at java.base/java.util.stream.ReferencePipeline.collect(ReferencePipeline.java:578)
	at de.uka.ilkd.key.java.JP2KeYVisitor.map(JP2KeYConverter.java:403)
	at de.uka.ilkd.key.java.JP2KeYVisitor.visit(JP2KeYConverter.java:258)
	at de.uka.ilkd.key.java.JP2KeYVisitor.visit(JP2KeYConverter.java:90)
	at com.github.javaparser.ast.stmt.BlockStmt.accept(BlockStmt.java:70)
	at de.uka.ilkd.key.java.JP2KeYVisitor.accept(JP2KeYConverter.java:348)
	at de.uka.ilkd.key.java.JP2KeYVisitor.visit(JP2KeYConverter.java:946)
	at de.uka.ilkd.key.java.JP2KeYVisitor.visit(JP2KeYConverter.java:90)
	at com.github.javaparser.ast.stmt.TryStmt.accept(TryStmt.java:135)
	at de.uka.ilkd.key.java.JP2KeYVisitor.lambda$map$1(JP2KeYConverter.java:402)
	at java.base/java.util.stream.ReferencePipeline$3$1.accept(ReferencePipeline.java:195)
	at java.base/java.util.ArrayList$ArrayListSpliterator.forEachRemaining(ArrayList.java:1655)
	at java.base/java.util.stream.AbstractPipeline.copyInto(AbstractPipeline.java:484)
	at java.base/java.util.stream.AbstractPipeline.wrapAndCopyInto(AbstractPipeline.java:474)
	at java.base/java.util.stream.ReduceOps$ReduceOp.evaluateSequential(ReduceOps.java:913)
	at java.base/java.util.stream.AbstractPipeline.evaluate(AbstractPipeline.java:234)
	at java.base/java.util.stream.ReferencePipeline.collect(ReferencePipeline.java:578)
	at de.uka.ilkd.key.java.JP2KeYVisitor.map(JP2KeYConverter.java:403)
	at de.uka.ilkd.key.java.JP2KeYVisitor.visit(JP2KeYConverter.java:258)
	at de.uka.ilkd.key.java.JP2KeYVisitor.visit(JP2KeYConverter.java:90)
	at com.github.javaparser.ast.stmt.BlockStmt.accept(BlockStmt.java:70)
	at de.uka.ilkd.key.java.JP2KeYVisitor.accept(JP2KeYConverter.java:348)
	at de.uka.ilkd.key.java.JP2KeYVisitor.visit(JP2KeYConverter.java:609)
	at de.uka.ilkd.key.java.JP2KeYVisitor.visit(JP2KeYConverter.java:90)
	at com.github.javaparser.ast.stmt.IfStmt.accept(IfStmt.java:82)
	at de.uka.ilkd.key.java.JP2KeYVisitor.lambda$map$1(JP2KeYConverter.java:402)
	at java.base/java.util.stream.ReferencePipeline$3$1.accept(ReferencePipeline.java:195)
	at java.base/java.util.ArrayList$ArrayListSpliterator.forEachRemaining(ArrayList.java:1655)
	at java.base/java.util.stream.AbstractPipeline.copyInto(AbstractPipeline.java:484)
	at java.base/java.util.stream.AbstractPipeline.wrapAndCopyInto(AbstractPipeline.java:474)
	at java.base/java.util.stream.ReduceOps$ReduceOp.evaluateSequential(ReduceOps.java:913)
	at java.base/java.util.stream.AbstractPipeline.evaluate(AbstractPipeline.java:234)
	at java.base/java.util.stream.ReferencePipeline.collect(ReferencePipeline.java:578)
	at de.uka.ilkd.key.java.JP2KeYVisitor.map(JP2KeYConverter.java:403)
	at de.uka.ilkd.key.java.JP2KeYVisitor.visit(JP2KeYConverter.java:258)
	at de.uka.ilkd.key.java.JP2KeYVisitor.visit(JP2KeYConverter.java:90)
	at com.github.javaparser.ast.stmt.BlockStmt.accept(BlockStmt.java:70)
	at de.uka.ilkd.key.java.JP2KeYVisitor.accept(JP2KeYConverter.java:348)
	at de.uka.ilkd.key.java.JP2KeYVisitor.visit(JP2KeYConverter.java:609)
	at de.uka.ilkd.key.java.JP2KeYVisitor.visit(JP2KeYConverter.java:90)
	at com.github.javaparser.ast.stmt.IfStmt.accept(IfStmt.java:82)
	at de.uka.ilkd.key.java.JP2KeYVisitor.lambda$map$1(JP2KeYConverter.java:402)
	at java.base/java.util.stream.ReferencePipeline$3$1.accept(ReferencePipeline.java:195)
	at java.base/java.util.ArrayList$ArrayListSpliterator.forEachRemaining(ArrayList.java:1655)
	at java.base/java.util.stream.AbstractPipeline.copyInto(AbstractPipeline.java:484)
	at java.base/java.util.stream.AbstractPipeline.wrapAndCopyInto(AbstractPipeline.java:474)
	at java.base/java.util.stream.ReduceOps$ReduceOp.evaluateSequential(ReduceOps.java:913)
	at java.base/java.util.stream.AbstractPipeline.evaluate(AbstractPipeline.java:234)
	at java.base/java.util.stream.ReferencePipeline.collect(ReferencePipeline.java:578)
	at de.uka.ilkd.key.java.JP2KeYVisitor.map(JP2KeYConverter.java:403)
	at de.uka.ilkd.key.java.JP2KeYVisitor.visit(JP2KeYConverter.java:258)
	at de.uka.ilkd.key.java.JP2KeYVisitor.visit(JP2KeYConverter.java:90)
	at com.github.javaparser.ast.stmt.BlockStmt.accept(BlockStmt.java:70)
	at de.uka.ilkd.key.java.JP2KeYVisitor.accept(JP2KeYConverter.java:348)
	at de.uka.ilkd.key.java.JP2KeYVisitor.accepto(JP2KeYConverter.java:418)
	at de.uka.ilkd.key.java.JP2KeYVisitor.visit(JP2KeYConverter.java:688)
	at de.uka.ilkd.key.java.JP2KeYVisitor.visit(JP2KeYConverter.java:90)
	at com.github.javaparser.ast.body.MethodDeclaration.accept(MethodDeclaration.java:98)
	at de.uka.ilkd.key.java.JP2KeYVisitor.lambda$map$1(JP2KeYConverter.java:402)
	at java.base/java.util.stream.ReferencePipeline$3$1.accept(ReferencePipeline.java:195)
	at java.base/java.util.ArrayList$ArrayListSpliterator.forEachRemaining(ArrayList.java:1655)
	at java.base/java.util.stream.AbstractPipeline.copyInto(AbstractPipeline.java:484)
	at java.base/java.util.stream.AbstractPipeline.wrapAndCopyInto(AbstractPipeline.java:474)
	at java.base/java.util.stream.ReduceOps$ReduceOp.evaluateSequential(ReduceOps.java:913)
	at java.base/java.util.stream.AbstractPipeline.evaluate(AbstractPipeline.java:234)
	at java.base/java.util.stream.ReferencePipeline.collect(ReferencePipeline.java:578)
	at de.uka.ilkd.key.java.JP2KeYVisitor.map(JP2KeYConverter.java:403)
	at de.uka.ilkd.key.java.JP2KeYVisitor.visit(JP2KeYConverter.java:310)
	at de.uka.ilkd.key.java.JP2KeYVisitor.visit(JP2KeYConverter.java:90)
	at com.github.javaparser.ast.body.ClassOrInterfaceDeclaration.accept(ClassOrInterfaceDeclaration.java:95)
	at de.uka.ilkd.key.java.JP2KeYVisitor.lambda$map$1(JP2KeYConverter.java:402)
	at java.base/java.util.stream.ReferencePipeline$3$1.accept(ReferencePipeline.java:195)
	at java.base/java.util.ArrayList$ArrayListSpliterator.forEachRemaining(ArrayList.java:1655)
	at java.base/java.util.stream.AbstractPipeline.copyInto(AbstractPipeline.java:484)
	at java.base/java.util.stream.AbstractPipeline.wrapAndCopyInto(AbstractPipeline.java:474)
	at java.base/java.util.stream.ReduceOps$ReduceOp.evaluateSequential(ReduceOps.java:913)
	at java.base/java.util.stream.AbstractPipeline.evaluate(AbstractPipeline.java:234)
	at java.base/java.util.stream.ReferencePipeline.collect(ReferencePipeline.java:578)
	at de.uka.ilkd.key.java.JP2KeYVisitor.map(JP2KeYConverter.java:403)
	at de.uka.ilkd.key.java.JP2KeYVisitor.visit(JP2KeYConverter.java:393)
	at de.uka.ilkd.key.java.JP2KeYVisitor.visit(JP2KeYConverter.java:90)
	at com.github.javaparser.ast.CompilationUnit.accept(CompilationUnit.java:124)
	at de.uka.ilkd.key.java.JP2KeYConverter.process(JP2KeYConverter.java:84)
	at de.uka.ilkd.key.java.JP2KeYConverter.processCompilationUnit(JP2KeYConverter.java:80)
	at de.uka.ilkd.key.java.JavaService.parseLibraryClasses0(JavaService.java:536)
	at de.uka.ilkd.key.java.JavaService.parseSpecialClasses(JavaService.java:511)
	at de.uka.ilkd.key.proof.init.ProblemInitializer.readJava(ProblemInitializer.java:280)
	at de.uka.ilkd.key.proof.init.ProblemInitializer.prepare(ProblemInitializer.java:529)
	at de.uka.ilkd.key.proof.init.ProblemInitializer.prepare(ProblemInitializer.java:471)
	at de.uka.ilkd.key.rule.TacletForTests.parse(TacletForTests.java:80)
	... 90 more
</failure>
  </testcase>
  <system-out><![CDATA[]]></system-out>
  <system-err><![CDATA[72458      ERROR Test worker     d.u.i.k.j.KeYJPMapping    Duplicate registration of node: boolean, formerNode: /*@ pure @*/
boolean 
72458      ERROR Test worker     d.u.i.k.j.KeYJPMapping    Duplicate registration of node: @(this.$classPrepared), formerNode: @($clprepare()) 
72458      ERROR Test worker     d.u.i.k.j.KeYJPMapping    Duplicate registration of node: @($classErroneous), formerNode: @($clprepare()) 
72458      ERROR Test worker     d.u.i.k.j.KeYJPMapping    Duplicate registration of node: @($classInitializationInProgress), formerNode: @($clprepare()) 
72458      ERROR Test worker     d.u.i.k.j.KeYJPMapping    Duplicate registration of node: @($classErroneous) = true, formerNode: @($classInitializationInProgress) = true 
72458      ERROR Test worker     d.u.i.k.j.KeYJPMapping    Duplicate registration of node: @($classErroneous) = false, formerNode: @($classInitializationInProgress) = false 
72458      ERROR Test worker     d.u.i.k.j.KeYJPMapping    Duplicate registration of node: @($classInitialized), formerNode: @($clprepare()) 
72458      ERROR Test worker     d.u.i.k.j.KeYJPMapping    Duplicate registration of node: @($classInitialized) = true, formerNode: @($classInitializationInProgress) = true 
72458      ERROR Test worker     d.u.i.k.j.KeYJPMapping    Duplicate registration of node: !@($classInitializationInProgress), formerNode: !@(this.$classPrepared) 
72458      ERROR Test worker     d.u.i.k.j.KeYJPMapping    Duplicate registration of node: !@($classInitialized), formerNode: !@(this.$classPrepared) 
72458      ERROR Test worker     d.u.i.k.j.KeYJPMapping    Duplicate registration of node: Object, formerNode: java.lang.Object 
72458      ERROR Test worker     d.u.i.k.j.KeYJPMapping    Duplicate registration of node: Object, formerNode: java.lang.Object 
72458      ERROR Test worker     d.u.i.k.j.KeYJPMapping    Duplicate registration of node: Annotation, formerNode: Annotation 
72474      ERROR Test worker     d.u.i.k.j.KeYJPMapping    Duplicate registration of node: @(java.lang.RuntimeException.$clinit()), formerNode: @($clprepare()) 
72739      ERROR Test worker     d.u.i.k.j.KeYJPMapping    Duplicate registration of node: boolean, formerNode: /*@ pure @*/
boolean 
72739      ERROR Test worker     d.u.i.k.j.KeYJPMapping    Duplicate registration of node: @(this.$classPrepared), formerNode: @($clprepare()) 
72739      ERROR Test worker     d.u.i.k.j.KeYJPMapping    Duplicate registration of node: @($classErroneous), formerNode: @($clprepare()) 
72739      ERROR Test worker     d.u.i.k.j.KeYJPMapping    Duplicate registration of node: @($classInitializationInProgress), formerNode: @($clprepare()) 
72739      ERROR Test worker     d.u.i.k.j.KeYJPMapping    Duplicate registration of node: @($classErroneous) = true, formerNode: @($classInitializationInProgress) = true 
72739      ERROR Test worker     d.u.i.k.j.KeYJPMapping    Duplicate registration of node: @($classErroneous) = false, formerNode: @($classInitializationInProgress) = false 
72739      ERROR Test worker     d.u.i.k.j.KeYJPMapping    Duplicate registration of node: @($classInitialized), formerNode: @($clprepare()) 
72739      ERROR Test worker     d.u.i.k.j.KeYJPMapping    Duplicate registration of node: @($classInitialized) = true, formerNode: @($classInitializationInProgress) = true 
72739      ERROR Test worker     d.u.i.k.j.KeYJPMapping    Duplicate registration of node: !@($classInitializationInProgress), formerNode: !@(this.$classPrepared) 
72739      ERROR Test worker     d.u.i.k.j.KeYJPMapping    Duplicate registration of node: !@($classInitialized), formerNode: !@(this.$classPrepared) 
72739      ERROR Test worker     d.u.i.k.j.KeYJPMapping    Duplicate registration of node: Object, formerNode: java.lang.Object 
72739      ERROR Test worker     d.u.i.k.j.KeYJPMapping    Duplicate registration of node: Object, formerNode: java.lang.Object 
72739      ERROR Test worker     d.u.i.k.j.KeYJPMapping    Duplicate registration of node: Annotation, formerNode: Annotation 
72739      ERROR Test worker     d.u.i.k.j.KeYJPMapping    Duplicate registration of node: @(java.lang.RuntimeException.$clinit()), formerNode: @($clprepare()) 
72911      ERROR Test worker     d.u.i.k.j.KeYJPMapping    Duplicate registration of node: boolean, formerNode: /*@ pure @*/
boolean 
72911      ERROR Test worker     d.u.i.k.j.KeYJPMapping    Duplicate registration of node: @(this.$classPrepared), formerNode: @($clprepare()) 
72911      ERROR Test worker     d.u.i.k.j.KeYJPMapping    Duplicate registration of node: @($classErroneous), formerNode: @($clprepare()) 
72911      ERROR Test worker     d.u.i.k.j.KeYJPMapping    Duplicate registration of node: @($classInitializationInProgress), formerNode: @($clprepare()) 
72911      ERROR Test worker     d.u.i.k.j.KeYJPMapping    Duplicate registration of node: @($classErroneous) = true, formerNode: @($classInitializationInProgress) = true 
72911      ERROR Test worker     d.u.i.k.j.KeYJPMapping    Duplicate registration of node: @($classErroneous) = false, formerNode: @($classInitializationInProgress) = false 
72911      ERROR Test worker     d.u.i.k.j.KeYJPMapping    Duplicate registration of node: @($classInitialized), formerNode: @($clprepare()) 
72911      ERROR Test worker     d.u.i.k.j.KeYJPMapping    Duplicate registration of node: @($classInitialized) = true, formerNode: @($classInitializationInProgress) = true 
72911      ERROR Test worker     d.u.i.k.j.KeYJPMapping    Duplicate registration of node: !@($classInitializationInProgress), formerNode: !@(this.$classPrepared) 
72911      ERROR Test worker     d.u.i.k.j.KeYJPMapping    Duplicate registration of node: !@($classInitialized), formerNode: !@(this.$classPrepared) 
72911      ERROR Test worker     d.u.i.k.j.KeYJPMapping    Duplicate registration of node: Object, formerNode: java.lang.Object 
72911      ERROR Test worker     d.u.i.k.j.KeYJPMapping    Duplicate registration of node: Object, formerNode: java.lang.Object 
72911      ERROR Test worker     d.u.i.k.j.KeYJPMapping    Duplicate registration of node: Annotation, formerNode: Annotation 
72911      ERROR Test worker     d.u.i.k.j.KeYJPMapping    Duplicate registration of node: @(java.lang.RuntimeException.$clinit()), formerNode: @($clprepare()) 
73052      ERROR Test worker     d.u.i.k.j.KeYJPMapping    Duplicate registration of node: boolean, formerNode: /*@ pure @*/
boolean 
73052      ERROR Test worker     d.u.i.k.j.KeYJPMapping    Duplicate registration of node: @(this.$classPrepared), formerNode: @($clprepare()) 
73068      ERROR Test worker     d.u.i.k.j.KeYJPMapping    Duplicate registration of node: @($classErroneous), formerNode: @($clprepare()) 
73068      ERROR Test worker     d.u.i.k.j.KeYJPMapping    Duplicate registration of node: @($classInitializationInProgress), formerNode: @($clprepare()) 
73068      ERROR Test worker     d.u.i.k.j.KeYJPMapping    Duplicate registration of node: @($classErroneous) = true, formerNode: @($classInitializationInProgress) = true 
73068      ERROR Test worker     d.u.i.k.j.KeYJPMapping    Duplicate registration of node: @($classErroneous) = false, formerNode: @($classInitializationInProgress) = false 
73068      ERROR Test worker     d.u.i.k.j.KeYJPMapping    Duplicate registration of node: @($classInitialized), formerNode: @($clprepare()) 
73068      ERROR Test worker     d.u.i.k.j.KeYJPMapping    Duplicate registration of node: @($classInitialized) = true, formerNode: @($classInitializationInProgress) = true 
73068      ERROR Test worker     d.u.i.k.j.KeYJPMapping    Duplicate registration of node: !@($classInitializationInProgress), formerNode: !@(this.$classPrepared) 
73068      ERROR Test worker     d.u.i.k.j.KeYJPMapping    Duplicate registration of node: !@($classInitialized), formerNode: !@(this.$classPrepared) 
73068      ERROR Test worker     d.u.i.k.j.KeYJPMapping    Duplicate registration of node: Object, formerNode: java.lang.Object 
73068      ERROR Test worker     d.u.i.k.j.KeYJPMapping    Duplicate registration of node: Object, formerNode: java.lang.Object 
73068      ERROR Test worker     d.u.i.k.j.KeYJPMapping    Duplicate registration of node: Annotation, formerNode: Annotation 
73068      ERROR Test worker     d.u.i.k.j.KeYJPMapping    Duplicate registration of node: @(java.lang.RuntimeException.$clinit()), formerNode: @($clprepare()) 
73240      ERROR Test worker     d.u.i.k.j.KeYJPMapping    Duplicate registration of node: boolean, formerNode: /*@ pure @*/
boolean 
73240      ERROR Test worker     d.u.i.k.j.KeYJPMapping    Duplicate registration of node: @(this.$classPrepared), formerNode: @($clprepare()) 
73240      ERROR Test worker     d.u.i.k.j.KeYJPMapping    Duplicate registration of node: @($classErroneous), formerNode: @($clprepare()) 
73240      ERROR Test worker     d.u.i.k.j.KeYJPMapping    Duplicate registration of node: @($classInitializationInProgress), formerNode: @($clprepare()) 
73240      ERROR Test worker     d.u.i.k.j.KeYJPMapping    Duplicate registration of node: @($classErroneous) = true, formerNode: @($classInitializationInProgress) = true 
73240      ERROR Test worker     d.u.i.k.j.KeYJPMapping    Duplicate registration of node: @($classErroneous) = false, formerNode: @($classInitializationInProgress) = false 
73240      ERROR Test worker     d.u.i.k.j.KeYJPMapping    Duplicate registration of node: @($classInitialized), formerNode: @($clprepare()) 
73240      ERROR Test worker     d.u.i.k.j.KeYJPMapping    Duplicate registration of node: @($classInitialized) = true, formerNode: @($classInitializationInProgress) = true 
73240      ERROR Test worker     d.u.i.k.j.KeYJPMapping    Duplicate registration of node: !@($classInitializationInProgress), formerNode: !@(this.$classPrepared) 
73240      ERROR Test worker     d.u.i.k.j.KeYJPMapping    Duplicate registration of node: !@($classInitialized), formerNode: !@(this.$classPrepared) 
73240      ERROR Test worker     d.u.i.k.j.KeYJPMapping    Duplicate registration of node: Object, formerNode: java.lang.Object 
73240      ERROR Test worker     d.u.i.k.j.KeYJPMapping    Duplicate registration of node: Object, formerNode: java.lang.Object 
73240      ERROR Test worker     d.u.i.k.j.KeYJPMapping    Duplicate registration of node: Annotation, formerNode: Annotation 
73255      ERROR Test worker     d.u.i.k.j.KeYJPMapping    Duplicate registration of node: @(java.lang.RuntimeException.$clinit()), formerNode: @($clprepare()) 
73818      ERROR Test worker     d.u.i.k.j.KeYJPMapping    Duplicate registration of node: boolean, formerNode: /*@ pure @*/
boolean 
73818      ERROR Test worker     d.u.i.k.j.KeYJPMapping    Duplicate registration of node: @(this.$classPrepared), formerNode: @($clprepare()) 
73818      ERROR Test worker     d.u.i.k.j.KeYJPMapping    Duplicate registration of node: @($classErroneous), formerNode: @($clprepare()) 
73818      ERROR Test worker     d.u.i.k.j.KeYJPMapping    Duplicate registration of node: @($classInitializationInProgress), formerNode: @($clprepare()) 
73818      ERROR Test worker     d.u.i.k.j.KeYJPMapping    Duplicate registration of node: @($classErroneous) = true, formerNode: @($classInitializationInProgress) = true 
73818      ERROR Test worker     d.u.i.k.j.KeYJPMapping    Duplicate registration of node: @($classErroneous) = false, formerNode: @($classInitializationInProgress) = false 
73818      ERROR Test worker     d.u.i.k.j.KeYJPMapping    Duplicate registration of node: @($classInitialized), formerNode: @($clprepare()) 
73818      ERROR Test worker     d.u.i.k.j.KeYJPMapping    Duplicate registration of node: @($classInitialized) = true, formerNode: @($classInitializationInProgress) = true 
73818      ERROR Test worker     d.u.i.k.j.KeYJPMapping    Duplicate registration of node: !@($classInitializationInProgress), formerNode: !@(this.$classPrepared) 
73818      ERROR Test worker     d.u.i.k.j.KeYJPMapping    Duplicate registration of node: !@($classInitialized), formerNode: !@(this.$classPrepared) 
73818      ERROR Test worker     d.u.i.k.j.KeYJPMapping    Duplicate registration of node: Object, formerNode: java.lang.Object 
73818      ERROR Test worker     d.u.i.k.j.KeYJPMapping    Duplicate registration of node: Object, formerNode: java.lang.Object 
73818      ERROR Test worker     d.u.i.k.j.KeYJPMapping    Duplicate registration of node: Annotation, formerNode: Annotation 
73818      ERROR Test worker     d.u.i.k.j.KeYJPMapping    Duplicate registration of node: @(java.lang.RuntimeException.$clinit()), formerNode: @($clprepare()) 
74099      ERROR Test worker     d.u.i.k.j.KeYJPMapping    Duplicate registration of node: boolean, formerNode: /*@ pure @*/
boolean 
74099      ERROR Test worker     d.u.i.k.j.KeYJPMapping    Duplicate registration of node: @(this.$classPrepared), formerNode: @($clprepare()) 
74099      ERROR Test worker     d.u.i.k.j.KeYJPMapping    Duplicate registration of node: @($classErroneous), formerNode: @($clprepare()) 
74099      ERROR Test worker     d.u.i.k.j.KeYJPMapping    Duplicate registration of node: @($classInitializationInProgress), formerNode: @($clprepare()) 
74099      ERROR Test worker     d.u.i.k.j.KeYJPMapping    Duplicate registration of node: @($classErroneous) = true, formerNode: @($classInitializationInProgress) = true 
74099      ERROR Test worker     d.u.i.k.j.KeYJPMapping    Duplicate registration of node: @($classErroneous) = false, formerNode: @($classInitializationInProgress) = false 
74099      ERROR Test worker     d.u.i.k.j.KeYJPMapping    Duplicate registration of node: @($classInitialized), formerNode: @($clprepare()) 
74099      ERROR Test worker     d.u.i.k.j.KeYJPMapping    Duplicate registration of node: @($classInitialized) = true, formerNode: @($classInitializationInProgress) = true 
74099      ERROR Test worker     d.u.i.k.j.KeYJPMapping    Duplicate registration of node: !@($classInitializationInProgress), formerNode: !@(this.$classPrepared) 
74099      ERROR Test worker     d.u.i.k.j.KeYJPMapping    Duplicate registration of node: !@($classInitialized), formerNode: !@(this.$classPrepared) 
74099      ERROR Test worker     d.u.i.k.j.KeYJPMapping    Duplicate registration of node: Object, formerNode: java.lang.Object 
74099      ERROR Test worker     d.u.i.k.j.KeYJPMapping    Duplicate registration of node: Object, formerNode: java.lang.Object 
74099      ERROR Test worker     d.u.i.k.j.KeYJPMapping    Duplicate registration of node: Annotation, formerNode: Annotation 
74099      ERROR Test worker     d.u.i.k.j.KeYJPMapping    Duplicate registration of node: @(java.lang.RuntimeException.$clinit()), formerNode: @($clprepare()) 
74287      ERROR Test worker     d.u.i.k.j.KeYJPMapping    Duplicate registration of node: boolean, formerNode: /*@ pure @*/
boolean 
74303      ERROR Test worker     d.u.i.k.j.KeYJPMapping    Duplicate registration of node: @(this.$classPrepared), formerNode: @($clprepare()) 
74303      ERROR Test worker     d.u.i.k.j.KeYJPMapping    Duplicate registration of node: @($classErroneous), formerNode: @($clprepare()) 
74303      ERROR Test worker     d.u.i.k.j.KeYJPMapping    Duplicate registration of node: @($classInitializationInProgress), formerNode: @($clprepare()) 
74303      ERROR Test worker     d.u.i.k.j.KeYJPMapping    Duplicate registration of node: @($classErroneous) = true, formerNode: @($classInitializationInProgress) = true 
74303      ERROR Test worker     d.u.i.k.j.KeYJPMapping    Duplicate registration of node: @($classErroneous) = false, formerNode: @($classInitializationInProgress) = false 
74303      ERROR Test worker     d.u.i.k.j.KeYJPMapping    Duplicate registration of node: @($classInitialized), formerNode: @($clprepare()) 
74303      ERROR Test worker     d.u.i.k.j.KeYJPMapping    Duplicate registration of node: @($classInitialized) = true, formerNode: @($classInitializationInProgress) = true 
74303      ERROR Test worker     d.u.i.k.j.KeYJPMapping    Duplicate registration of node: !@($classInitializationInProgress), formerNode: !@(this.$classPrepared) 
74303      ERROR Test worker     d.u.i.k.j.KeYJPMapping    Duplicate registration of node: !@($classInitialized), formerNode: !@(this.$classPrepared) 
74303      ERROR Test worker     d.u.i.k.j.KeYJPMapping    Duplicate registration of node: Object, formerNode: java.lang.Object 
74303      ERROR Test worker     d.u.i.k.j.KeYJPMapping    Duplicate registration of node: Object, formerNode: java.lang.Object 
74303      ERROR Test worker     d.u.i.k.j.KeYJPMapping    Duplicate registration of node: Annotation, formerNode: Annotation 
74303      ERROR Test worker     d.u.i.k.j.KeYJPMapping    Duplicate registration of node: @(java.lang.RuntimeException.$clinit()), formerNode: @($clprepare()) 
74443      ERROR Test worker     d.u.i.k.j.KeYJPMapping    Duplicate registration of node: boolean, formerNode: /*@ pure @*/
boolean 
74443      ERROR Test worker     d.u.i.k.j.KeYJPMapping    Duplicate registration of node: @(this.$classPrepared), formerNode: @($clprepare()) 
74443      ERROR Test worker     d.u.i.k.j.KeYJPMapping    Duplicate registration of node: @($classErroneous), formerNode: @($clprepare()) 
74443      ERROR Test worker     d.u.i.k.j.KeYJPMapping    Duplicate registration of node: @($classInitializationInProgress), formerNode: @($clprepare()) 
74443      ERROR Test worker     d.u.i.k.j.KeYJPMapping    Duplicate registration of node: @($classErroneous) = true, formerNode: @($classInitializationInProgress) = true 
74443      ERROR Test worker     d.u.i.k.j.KeYJPMapping    Duplicate registration of node: @($classErroneous) = false, formerNode: @($classInitializationInProgress) = false 
74443      ERROR Test worker     d.u.i.k.j.KeYJPMapping    Duplicate registration of node: @($classInitialized), formerNode: @($clprepare()) 
74443      ERROR Test worker     d.u.i.k.j.KeYJPMapping    Duplicate registration of node: @($classInitialized) = true, formerNode: @($classInitializationInProgress) = true 
74443      ERROR Test worker     d.u.i.k.j.KeYJPMapping    Duplicate registration of node: !@($classInitializationInProgress), formerNode: !@(this.$classPrepared) 
74443      ERROR Test worker     d.u.i.k.j.KeYJPMapping    Duplicate registration of node: !@($classInitialized), formerNode: !@(this.$classPrepared) 
74443      ERROR Test worker     d.u.i.k.j.KeYJPMapping    Duplicate registration of node: Object, formerNode: java.lang.Object 
74443      ERROR Test worker     d.u.i.k.j.KeYJPMapping    Duplicate registration of node: Object, formerNode: java.lang.Object 
74443      ERROR Test worker     d.u.i.k.j.KeYJPMapping    Duplicate registration of node: Annotation, formerNode: Annotation 
74474      ERROR Test worker     d.u.i.k.j.KeYJPMapping    Duplicate registration of node: @(java.lang.RuntimeException.$clinit()), formerNode: @($clprepare()) 
74615      ERROR Test worker     d.u.i.k.j.KeYJPMapping    Duplicate registration of node: boolean, formerNode: /*@ pure @*/
boolean 
74615      ERROR Test worker     d.u.i.k.j.KeYJPMapping    Duplicate registration of node: @(this.$classPrepared), formerNode: @($clprepare()) 
74615      ERROR Test worker     d.u.i.k.j.KeYJPMapping    Duplicate registration of node: @($classErroneous), formerNode: @($clprepare()) 
74615      ERROR Test worker     d.u.i.k.j.KeYJPMapping    Duplicate registration of node: @($classInitializationInProgress), formerNode: @($clprepare()) 
74615      ERROR Test worker     d.u.i.k.j.KeYJPMapping    Duplicate registration of node: @($classErroneous) = true, formerNode: @($classInitializationInProgress) = true 
74615      ERROR Test worker     d.u.i.k.j.KeYJPMapping    Duplicate registration of node: @($classErroneous) = false, formerNode: @($classInitializationInProgress) = false 
74615      ERROR Test worker     d.u.i.k.j.KeYJPMapping    Duplicate registration of node: @($classInitialized), formerNode: @($clprepare()) 
74615      ERROR Test worker     d.u.i.k.j.KeYJPMapping    Duplicate registration of node: @($classInitialized) = true, formerNode: @($classInitializationInProgress) = true 
74615      ERROR Test worker     d.u.i.k.j.KeYJPMapping    Duplicate registration of node: !@($classInitializationInProgress), formerNode: !@(this.$classPrepared) 
74615      ERROR Test worker     d.u.i.k.j.KeYJPMapping    Duplicate registration of node: !@($classInitialized), formerNode: !@(this.$classPrepared) 
74615      ERROR Test worker     d.u.i.k.j.KeYJPMapping    Duplicate registration of node: Object, formerNode: java.lang.Object 
74615      ERROR Test worker     d.u.i.k.j.KeYJPMapping    Duplicate registration of node: Object, formerNode: java.lang.Object 
74631      ERROR Test worker     d.u.i.k.j.KeYJPMapping    Duplicate registration of node: Annotation, formerNode: Annotation 
74631      ERROR Test worker     d.u.i.k.j.KeYJPMapping    Duplicate registration of node: @(java.lang.RuntimeException.$clinit()), formerNode: @($clprepare()) 
74849      ERROR Test worker     d.u.i.k.j.KeYJPMapping    Duplicate registration of node: boolean, formerNode: /*@ pure @*/
boolean 
74849      ERROR Test worker     d.u.i.k.j.KeYJPMapping    Duplicate registration of node: @(this.$classPrepared), formerNode: @($clprepare()) 
74849      ERROR Test worker     d.u.i.k.j.KeYJPMapping    Duplicate registration of node: @($classErroneous), formerNode: @($clprepare()) 
74849      ERROR Test worker     d.u.i.k.j.KeYJPMapping    Duplicate registration of node: @($classInitializationInProgress), formerNode: @($clprepare()) 
74849      ERROR Test worker     d.u.i.k.j.KeYJPMapping    Duplicate registration of node: @($classErroneous) = true, formerNode: @($classInitializationInProgress) = true 
74849      ERROR Test worker     d.u.i.k.j.KeYJPMapping    Duplicate registration of node: @($classErroneous) = false, formerNode: @($classInitializationInProgress) = false 
74849      ERROR Test worker     d.u.i.k.j.KeYJPMapping    Duplicate registration of node: @($classInitialized), formerNode: @($clprepare()) 
74849      ERROR Test worker     d.u.i.k.j.KeYJPMapping    Duplicate registration of node: @($classInitialized) = true, formerNode: @($classInitializationInProgress) = true 
74849      ERROR Test worker     d.u.i.k.j.KeYJPMapping    Duplicate registration of node: !@($classInitializationInProgress), formerNode: !@(this.$classPrepared) 
74849      ERROR Test worker     d.u.i.k.j.KeYJPMapping    Duplicate registration of node: !@($classInitialized), formerNode: !@(this.$classPrepared) 
74849      ERROR Test worker     d.u.i.k.j.KeYJPMapping    Duplicate registration of node: Object, formerNode: java.lang.Object 
74849      ERROR Test worker     d.u.i.k.j.KeYJPMapping    Duplicate registration of node: Object, formerNode: java.lang.Object 
74849      ERROR Test worker     d.u.i.k.j.KeYJPMapping    Duplicate registration of node: Annotation, formerNode: Annotation 
74849      ERROR Test worker     d.u.i.k.j.KeYJPMapping    Duplicate registration of node: @(java.lang.RuntimeException.$clinit()), formerNode: @($clprepare()) 
75006      ERROR Test worker     d.u.i.k.j.KeYJPMapping    Duplicate registration of node: boolean, formerNode: /*@ pure @*/
boolean 
75006      ERROR Test worker     d.u.i.k.j.KeYJPMapping    Duplicate registration of node: @(this.$classPrepared), formerNode: @($clprepare()) 
75006      ERROR Test worker     d.u.i.k.j.KeYJPMapping    Duplicate registration of node: @($classErroneous), formerNode: @($clprepare()) 
75006      ERROR Test worker     d.u.i.k.j.KeYJPMapping    Duplicate registration of node: @($classInitializationInProgress), formerNode: @($clprepare()) 
75006      ERROR Test worker     d.u.i.k.j.KeYJPMapping    Duplicate registration of node: @($classErroneous) = true, formerNode: @($classInitializationInProgress) = true 
75006      ERROR Test worker     d.u.i.k.j.KeYJPMapping    Duplicate registration of node: @($classErroneous) = false, formerNode: @($classInitializationInProgress) = false 
75006      ERROR Test worker     d.u.i.k.j.KeYJPMapping    Duplicate registration of node: @($classInitialized), formerNode: @($clprepare()) 
75006      ERROR Test worker     d.u.i.k.j.KeYJPMapping    Duplicate registration of node: @($classInitialized) = true, formerNode: @($classInitializationInProgress) = true 
75006      ERROR Test worker     d.u.i.k.j.KeYJPMapping    Duplicate registration of node: !@($classInitializationInProgress), formerNode: !@(this.$classPrepared) 
75006      ERROR Test worker     d.u.i.k.j.KeYJPMapping    Duplicate registration of node: !@($classInitialized), formerNode: !@(this.$classPrepared) 
75006      ERROR Test worker     d.u.i.k.j.KeYJPMapping    Duplicate registration of node: Object, formerNode: java.lang.Object 
75006      ERROR Test worker     d.u.i.k.j.KeYJPMapping    Duplicate registration of node: Object, formerNode: java.lang.Object 
75006      ERROR Test worker     d.u.i.k.j.KeYJPMapping    Duplicate registration of node: Annotation, formerNode: Annotation 
75006      ERROR Test worker     d.u.i.k.j.KeYJPMapping    Duplicate registration of node: @(java.lang.RuntimeException.$clinit()), formerNode: @($clprepare()) 
75131      ERROR Test worker     d.u.i.k.j.KeYJPMapping    Duplicate registration of node: boolean, formerNode: /*@ pure @*/
boolean 
75131      ERROR Test worker     d.u.i.k.j.KeYJPMapping    Duplicate registration of node: @(this.$classPrepared), formerNode: @($clprepare()) 
75131      ERROR Test worker     d.u.i.k.j.KeYJPMapping    Duplicate registration of node: @($classErroneous), formerNode: @($clprepare()) 
75131      ERROR Test worker     d.u.i.k.j.KeYJPMapping    Duplicate registration of node: @($classInitializationInProgress), formerNode: @($clprepare()) 
75131      ERROR Test worker     d.u.i.k.j.KeYJPMapping    Duplicate registration of node: @($classErroneous) = true, formerNode: @($classInitializationInProgress) = true 
75131      ERROR Test worker     d.u.i.k.j.KeYJPMapping    Duplicate registration of node: @($classErroneous) = false, formerNode: @($classInitializationInProgress) = false 
75131      ERROR Test worker     d.u.i.k.j.KeYJPMapping    Duplicate registration of node: @($classInitialized), formerNode: @($clprepare()) 
75131      ERROR Test worker     d.u.i.k.j.KeYJPMapping    Duplicate registration of node: @($classInitialized) = true, formerNode: @($classInitializationInProgress) = true 
75131      ERROR Test worker     d.u.i.k.j.KeYJPMapping    Duplicate registration of node: !@($classInitializationInProgress), formerNode: !@(this.$classPrepared) 
75131      ERROR Test worker     d.u.i.k.j.KeYJPMapping    Duplicate registration of node: !@($classInitialized), formerNode: !@(this.$classPrepared) 
75146      ERROR Test worker     d.u.i.k.j.KeYJPMapping    Duplicate registration of node: Object, formerNode: java.lang.Object 
75146      ERROR Test worker     d.u.i.k.j.KeYJPMapping    Duplicate registration of node: Object, formerNode: java.lang.Object 
75146      ERROR Test worker     d.u.i.k.j.KeYJPMapping    Duplicate registration of node: Annotation, formerNode: Annotation 
75146      ERROR Test worker     d.u.i.k.j.KeYJPMapping    Duplicate registration of node: @(java.lang.RuntimeException.$clinit()), formerNode: @($clprepare()) 
75381      ERROR Test worker     d.u.i.k.j.KeYJPMapping    Duplicate registration of node: boolean, formerNode: /*@ pure @*/
boolean 
75381      ERROR Test worker     d.u.i.k.j.KeYJPMapping    Duplicate registration of node: @(this.$classPrepared), formerNode: @($clprepare()) 
75381      ERROR Test worker     d.u.i.k.j.KeYJPMapping    Duplicate registration of node: @($classErroneous), formerNode: @($clprepare()) 
75381      ERROR Test worker     d.u.i.k.j.KeYJPMapping    Duplicate registration of node: @($classInitializationInProgress), formerNode: @($clprepare()) 
75381      ERROR Test worker     d.u.i.k.j.KeYJPMapping    Duplicate registration of node: @($classErroneous) = true, formerNode: @($classInitializationInProgress) = true 
75381      ERROR Test worker     d.u.i.k.j.KeYJPMapping    Duplicate registration of node: @($classErroneous) = false, formerNode: @($classInitializationInProgress) = false 
75381      ERROR Test worker     d.u.i.k.j.KeYJPMapping    Duplicate registration of node: @($classInitialized), formerNode: @($clprepare()) 
75381      ERROR Test worker     d.u.i.k.j.KeYJPMapping    Duplicate registration of node: @($classInitialized) = true, formerNode: @($classInitializationInProgress) = true 
75381      ERROR Test worker     d.u.i.k.j.KeYJPMapping    Duplicate registration of node: !@($classInitializationInProgress), formerNode: !@(this.$classPrepared) 
75381      ERROR Test worker     d.u.i.k.j.KeYJPMapping    Duplicate registration of node: !@($classInitialized), formerNode: !@(this.$classPrepared) 
75381      ERROR Test worker     d.u.i.k.j.KeYJPMapping    Duplicate registration of node: Object, formerNode: java.lang.Object 
75381      ERROR Test worker     d.u.i.k.j.KeYJPMapping    Duplicate registration of node: Object, formerNode: java.lang.Object 
75381      ERROR Test worker     d.u.i.k.j.KeYJPMapping    Duplicate registration of node: Annotation, formerNode: Annotation 
75381      ERROR Test worker     d.u.i.k.j.KeYJPMapping    Duplicate registration of node: @(java.lang.RuntimeException.$clinit()), formerNode: @($clprepare()) 
75522      ERROR Test worker     d.u.i.k.j.KeYJPMapping    Duplicate registration of node: boolean, formerNode: /*@ pure @*/
boolean 
75522      ERROR Test worker     d.u.i.k.j.KeYJPMapping    Duplicate registration of node: @(this.$classPrepared), formerNode: @($clprepare()) 
75522      ERROR Test worker     d.u.i.k.j.KeYJPMapping    Duplicate registration of node: @($classErroneous), formerNode: @($clprepare()) 
75522      ERROR Test worker     d.u.i.k.j.KeYJPMapping    Duplicate registration of node: @($classInitializationInProgress), formerNode: @($clprepare()) 
75522      ERROR Test worker     d.u.i.k.j.KeYJPMapping    Duplicate registration of node: @($classErroneous) = true, formerNode: @($classInitializationInProgress) = true 
75522      ERROR Test worker     d.u.i.k.j.KeYJPMapping    Duplicate registration of node: @($classErroneous) = false, formerNode: @($classInitializationInProgress) = false 
75522      ERROR Test worker     d.u.i.k.j.KeYJPMapping    Duplicate registration of node: @($classInitialized), formerNode: @($clprepare()) 
75522      ERROR Test worker     d.u.i.k.j.KeYJPMapping    Duplicate registration of node: @($classInitialized) = true, formerNode: @($classInitializationInProgress) = true 
75522      ERROR Test worker     d.u.i.k.j.KeYJPMapping    Duplicate registration of node: !@($classInitializationInProgress), formerNode: !@(this.$classPrepared) 
75522      ERROR Test worker     d.u.i.k.j.KeYJPMapping    Duplicate registration of node: !@($classInitialized), formerNode: !@(this.$classPrepared) 
75522      ERROR Test worker     d.u.i.k.j.KeYJPMapping    Duplicate registration of node: Object, formerNode: java.lang.Object 
75522      ERROR Test worker     d.u.i.k.j.KeYJPMapping    Duplicate registration of node: Object, formerNode: java.lang.Object 
75522      ERROR Test worker     d.u.i.k.j.KeYJPMapping    Duplicate registration of node: Annotation, formerNode: Annotation 
75522      ERROR Test worker     d.u.i.k.j.KeYJPMapping    Duplicate registration of node: @(java.lang.RuntimeException.$clinit()), formerNode: @($clprepare()) 
75725      ERROR Test worker     d.u.i.k.j.KeYJPMapping    Duplicate registration of node: boolean, formerNode: /*@ pure @*/
boolean 
75725      ERROR Test worker     d.u.i.k.j.KeYJPMapping    Duplicate registration of node: @(this.$classPrepared), formerNode: @($clprepare()) 
75740      ERROR Test worker     d.u.i.k.j.KeYJPMapping    Duplicate registration of node: @($classErroneous), formerNode: @($clprepare()) 
75740      ERROR Test worker     d.u.i.k.j.KeYJPMapping    Duplicate registration of node: @($classInitializationInProgress), formerNode: @($clprepare()) 
75740      ERROR Test worker     d.u.i.k.j.KeYJPMapping    Duplicate registration of node: @($classErroneous) = true, formerNode: @($classInitializationInProgress) = true 
75740      ERROR Test worker     d.u.i.k.j.KeYJPMapping    Duplicate registration of node: @($classErroneous) = false, formerNode: @($classInitializationInProgress) = false 
75740      ERROR Test worker     d.u.i.k.j.KeYJPMapping    Duplicate registration of node: @($classInitialized), formerNode: @($clprepare()) 
75740      ERROR Test worker     d.u.i.k.j.KeYJPMapping    Duplicate registration of node: @($classInitialized) = true, formerNode: @($classInitializationInProgress) = true 
75740      ERROR Test worker     d.u.i.k.j.KeYJPMapping    Duplicate registration of node: !@($classInitializationInProgress), formerNode: !@(this.$classPrepared) 
75740      ERROR Test worker     d.u.i.k.j.KeYJPMapping    Duplicate registration of node: !@($classInitialized), formerNode: !@(this.$classPrepared) 
75740      ERROR Test worker     d.u.i.k.j.KeYJPMapping    Duplicate registration of node: Object, formerNode: java.lang.Object 
75740      ERROR Test worker     d.u.i.k.j.KeYJPMapping    Duplicate registration of node: Object, formerNode: java.lang.Object 
75740      ERROR Test worker     d.u.i.k.j.KeYJPMapping    Duplicate registration of node: Annotation, formerNode: Annotation 
75740      ERROR Test worker     d.u.i.k.j.KeYJPMapping    Duplicate registration of node: @(java.lang.RuntimeException.$clinit()), formerNode: @($clprepare()) 
75865      ERROR Test worker     d.u.i.k.j.KeYJPMapping    Duplicate registration of node: boolean, formerNode: /*@ pure @*/
boolean 
75865      ERROR Test worker     d.u.i.k.j.KeYJPMapping    Duplicate registration of node: @(this.$classPrepared), formerNode: @($clprepare()) 
75865      ERROR Test worker     d.u.i.k.j.KeYJPMapping    Duplicate registration of node: @($classErroneous), formerNode: @($clprepare()) 
75865      ERROR Test worker     d.u.i.k.j.KeYJPMapping    Duplicate registration of node: @($classInitializationInProgress), formerNode: @($clprepare()) 
75865      ERROR Test worker     d.u.i.k.j.KeYJPMapping    Duplicate registration of node: @($classErroneous) = true, formerNode: @($classInitializationInProgress) = true 
75881      ERROR Test worker     d.u.i.k.j.KeYJPMapping    Duplicate registration of node: @($classErroneous) = false, formerNode: @($classInitializationInProgress) = false 
75881      ERROR Test worker     d.u.i.k.j.KeYJPMapping    Duplicate registration of node: @($classInitialized), formerNode: @($clprepare()) 
75881      ERROR Test worker     d.u.i.k.j.KeYJPMapping    Duplicate registration of node: @($classInitialized) = true, formerNode: @($classInitializationInProgress) = true 
75881      ERROR Test worker     d.u.i.k.j.KeYJPMapping    Duplicate registration of node: !@($classInitializationInProgress), formerNode: !@(this.$classPrepared) 
75881      ERROR Test worker     d.u.i.k.j.KeYJPMapping    Duplicate registration of node: !@($classInitialized), formerNode: !@(this.$classPrepared) 
75881      ERROR Test worker     d.u.i.k.j.KeYJPMapping    Duplicate registration of node: Object, formerNode: java.lang.Object 
75881      ERROR Test worker     d.u.i.k.j.KeYJPMapping    Duplicate registration of node: Object, formerNode: java.lang.Object 
75881      ERROR Test worker     d.u.i.k.j.KeYJPMapping    Duplicate registration of node: Annotation, formerNode: Annotation 
75881      ERROR Test worker     d.u.i.k.j.KeYJPMapping    Duplicate registration of node: @(java.lang.RuntimeException.$clinit()), formerNode: @($clprepare()) 
76053      ERROR Test worker     d.u.i.k.j.KeYJPMapping    Duplicate registration of node: boolean, formerNode: /*@ pure @*/
boolean 
76053      ERROR Test worker     d.u.i.k.j.KeYJPMapping    Duplicate registration of node: @(this.$classPrepared), formerNode: @($clprepare()) 
76068      ERROR Test worker     d.u.i.k.j.KeYJPMapping    Duplicate registration of node: @($classErroneous), formerNode: @($clprepare()) 
76068      ERROR Test worker     d.u.i.k.j.KeYJPMapping    Duplicate registration of node: @($classInitializationInProgress), formerNode: @($clprepare()) 
76068      ERROR Test worker     d.u.i.k.j.KeYJPMapping    Duplicate registration of node: @($classErroneous) = true, formerNode: @($classInitializationInProgress) = true 
76068      ERROR Test worker     d.u.i.k.j.KeYJPMapping    Duplicate registration of node: @($classErroneous) = false, formerNode: @($classInitializationInProgress) = false 
76068      ERROR Test worker     d.u.i.k.j.KeYJPMapping    Duplicate registration of node: @($classInitialized), formerNode: @($clprepare()) 
76068      ERROR Test worker     d.u.i.k.j.KeYJPMapping    Duplicate registration of node: @($classInitialized) = true, formerNode: @($classInitializationInProgress) = true 
76068      ERROR Test worker     d.u.i.k.j.KeYJPMapping    Duplicate registration of node: !@($classInitializationInProgress), formerNode: !@(this.$classPrepared) 
76068      ERROR Test worker     d.u.i.k.j.KeYJPMapping    Duplicate registration of node: !@($classInitialized), formerNode: !@(this.$classPrepared) 
76068      ERROR Test worker     d.u.i.k.j.KeYJPMapping    Duplicate registration of node: Object, formerNode: java.lang.Object 
76068      ERROR Test worker     d.u.i.k.j.KeYJPMapping    Duplicate registration of node: Object, formerNode: java.lang.Object 
76068      ERROR Test worker     d.u.i.k.j.KeYJPMapping    Duplicate registration of node: Annotation, formerNode: Annotation 
76068      ERROR Test worker     d.u.i.k.j.KeYJPMapping    Duplicate registration of node: @(java.lang.RuntimeException.$clinit()), formerNode: @($clprepare()) 
76350      ERROR Test worker     d.u.i.k.j.KeYJPMapping    Duplicate registration of node: boolean, formerNode: /*@ pure @*/
boolean 
76365      ERROR Test worker     d.u.i.k.j.KeYJPMapping    Duplicate registration of node: @(this.$classPrepared), formerNode: @($clprepare()) 
76365      ERROR Test worker     d.u.i.k.j.KeYJPMapping    Duplicate registration of node: @($classErroneous), formerNode: @($clprepare()) 
76365      ERROR Test worker     d.u.i.k.j.KeYJPMapping    Duplicate registration of node: @($classInitializationInProgress), formerNode: @($clprepare()) 
76365      ERROR Test worker     d.u.i.k.j.KeYJPMapping    Duplicate registration of node: @($classErroneous) = true, formerNode: @($classInitializationInProgress) = true 
76365      ERROR Test worker     d.u.i.k.j.KeYJPMapping    Duplicate registration of node: @($classErroneous) = false, formerNode: @($classInitializationInProgress) = false 
76365      ERROR Test worker     d.u.i.k.j.KeYJPMapping    Duplicate registration of node: @($classInitialized), formerNode: @($clprepare()) 
76365      ERROR Test worker     d.u.i.k.j.KeYJPMapping    Duplicate registration of node: @($classInitialized) = true, formerNode: @($classInitializationInProgress) = true 
76365      ERROR Test worker     d.u.i.k.j.KeYJPMapping    Duplicate registration of node: !@($classInitializationInProgress), formerNode: !@(this.$classPrepared) 
76365      ERROR Test worker     d.u.i.k.j.KeYJPMapping    Duplicate registration of node: !@($classInitialized), formerNode: !@(this.$classPrepared) 
76365      ERROR Test worker     d.u.i.k.j.KeYJPMapping    Duplicate registration of node: Object, formerNode: java.lang.Object 
76365      ERROR Test worker     d.u.i.k.j.KeYJPMapping    Duplicate registration of node: Object, formerNode: java.lang.Object 
76365      ERROR Test worker     d.u.i.k.j.KeYJPMapping    Duplicate registration of node: Annotation, formerNode: Annotation 
76365      ERROR Test worker     d.u.i.k.j.KeYJPMapping    Duplicate registration of node: @(java.lang.RuntimeException.$clinit()), formerNode: @($clprepare()) 
76537      ERROR Test worker     d.u.i.k.j.KeYJPMapping    Duplicate registration of node: boolean, formerNode: /*@ pure @*/
boolean 
76537      ERROR Test worker     d.u.i.k.j.KeYJPMapping    Duplicate registration of node: @(this.$classPrepared), formerNode: @($clprepare()) 
76537      ERROR Test worker     d.u.i.k.j.KeYJPMapping    Duplicate registration of node: @($classErroneous), formerNode: @($clprepare()) 
76537      ERROR Test worker     d.u.i.k.j.KeYJPMapping    Duplicate registration of node: @($classInitializationInProgress), formerNode: @($clprepare()) 
76537      ERROR Test worker     d.u.i.k.j.KeYJPMapping    Duplicate registration of node: @($classErroneous) = true, formerNode: @($classInitializationInProgress) = true 
76537      ERROR Test worker     d.u.i.k.j.KeYJPMapping    Duplicate registration of node: @($classErroneous) = false, formerNode: @($classInitializationInProgress) = false 
76537      ERROR Test worker     d.u.i.k.j.KeYJPMapping    Duplicate registration of node: @($classInitialized), formerNode: @($clprepare()) 
76537      ERROR Test worker     d.u.i.k.j.KeYJPMapping    Duplicate registration of node: @($classInitialized) = true, formerNode: @($classInitializationInProgress) = true 
76537      ERROR Test worker     d.u.i.k.j.KeYJPMapping    Duplicate registration of node: !@($classInitializationInProgress), formerNode: !@(this.$classPrepared) 
76537      ERROR Test worker     d.u.i.k.j.KeYJPMapping    Duplicate registration of node: !@($classInitialized), formerNode: !@(this.$classPrepared) 
76537      ERROR Test worker     d.u.i.k.j.KeYJPMapping    Duplicate registration of node: Object, formerNode: java.lang.Object 
76537      ERROR Test worker     d.u.i.k.j.KeYJPMapping    Duplicate registration of node: Object, formerNode: java.lang.Object 
76537      ERROR Test worker     d.u.i.k.j.KeYJPMapping    Duplicate registration of node: Annotation, formerNode: Annotation 
76537      ERROR Test worker     d.u.i.k.j.KeYJPMapping    Duplicate registration of node: @(java.lang.RuntimeException.$clinit()), formerNode: @($clprepare()) 
76709      ERROR Test worker     d.u.i.k.j.KeYJPMapping    Duplicate registration of node: boolean, formerNode: /*@ pure @*/
boolean 
76709      ERROR Test worker     d.u.i.k.j.KeYJPMapping    Duplicate registration of node: @(this.$classPrepared), formerNode: @($clprepare()) 
76709      ERROR Test worker     d.u.i.k.j.KeYJPMapping    Duplicate registration of node: @($classErroneous), formerNode: @($clprepare()) 
76709      ERROR Test worker     d.u.i.k.j.KeYJPMapping    Duplicate registration of node: @($classInitializationInProgress), formerNode: @($clprepare()) 
76725      ERROR Test worker     d.u.i.k.j.KeYJPMapping    Duplicate registration of node: @($classErroneous) = true, formerNode: @($classInitializationInProgress) = true 
76725      ERROR Test worker     d.u.i.k.j.KeYJPMapping    Duplicate registration of node: @($classErroneous) = false, formerNode: @($classInitializationInProgress) = false 
76725      ERROR Test worker     d.u.i.k.j.KeYJPMapping    Duplicate registration of node: @($classInitialized), formerNode: @($clprepare()) 
76725      ERROR Test worker     d.u.i.k.j.KeYJPMapping    Duplicate registration of node: @($classInitialized) = true, formerNode: @($classInitializationInProgress) = true 
76725      ERROR Test worker     d.u.i.k.j.KeYJPMapping    Duplicate registration of node: !@($classInitializationInProgress), formerNode: !@(this.$classPrepared) 
76725      ERROR Test worker     d.u.i.k.j.KeYJPMapping    Duplicate registration of node: !@($classInitialized), formerNode: !@(this.$classPrepared) 
76725      ERROR Test worker     d.u.i.k.j.KeYJPMapping    Duplicate registration of node: Object, formerNode: java.lang.Object 
76725      ERROR Test worker     d.u.i.k.j.KeYJPMapping    Duplicate registration of node: Object, formerNode: java.lang.Object 
76725      ERROR Test worker     d.u.i.k.j.KeYJPMapping    Duplicate registration of node: Annotation, formerNode: Annotation 
76725      ERROR Test worker     d.u.i.k.j.KeYJPMapping    Duplicate registration of node: @(java.lang.RuntimeException.$clinit()), formerNode: @($clprepare()) 
76850      ERROR Test worker     d.u.i.k.j.KeYJPMapping    Duplicate registration of node: boolean, formerNode: /*@ pure @*/
boolean 
76865      ERROR Test worker     d.u.i.k.j.KeYJPMapping    Duplicate registration of node: @(this.$classPrepared), formerNode: @($clprepare()) 
76865      ERROR Test worker     d.u.i.k.j.KeYJPMapping    Duplicate registration of node: @($classErroneous), formerNode: @($clprepare()) 
76865      ERROR Test worker     d.u.i.k.j.KeYJPMapping    Duplicate registration of node: @($classInitializationInProgress), formerNode: @($clprepare()) 
76865      ERROR Test worker     d.u.i.k.j.KeYJPMapping    Duplicate registration of node: @($classErroneous) = true, formerNode: @($classInitializationInProgress) = true 
76865      ERROR Test worker     d.u.i.k.j.KeYJPMapping    Duplicate registration of node: @($classErroneous) = false, formerNode: @($classInitializationInProgress) = false 
76865      ERROR Test worker     d.u.i.k.j.KeYJPMapping    Duplicate registration of node: @($classInitialized), formerNode: @($clprepare()) 
76865      ERROR Test worker     d.u.i.k.j.KeYJPMapping    Duplicate registration of node: @($classInitialized) = true, formerNode: @($classInitializationInProgress) = true 
76865      ERROR Test worker     d.u.i.k.j.KeYJPMapping    Duplicate registration of node: !@($classInitializationInProgress), formerNode: !@(this.$classPrepared) 
76865      ERROR Test worker     d.u.i.k.j.KeYJPMapping    Duplicate registration of node: !@($classInitialized), formerNode: !@(this.$classPrepared) 
76865      ERROR Test worker     d.u.i.k.j.KeYJPMapping    Duplicate registration of node: Object, formerNode: java.lang.Object 
76865      ERROR Test worker     d.u.i.k.j.KeYJPMapping    Duplicate registration of node: Object, formerNode: java.lang.Object 
76865      ERROR Test worker     d.u.i.k.j.KeYJPMapping    Duplicate registration of node: Annotation, formerNode: Annotation 
76865      ERROR Test worker     d.u.i.k.j.KeYJPMapping    Duplicate registration of node: @(java.lang.RuntimeException.$clinit()), formerNode: @($clprepare()) 
77053      ERROR Test worker     d.u.i.k.j.KeYJPMapping    Duplicate registration of node: boolean, formerNode: /*@ pure @*/
boolean 
77053      ERROR Test worker     d.u.i.k.j.KeYJPMapping    Duplicate registration of node: @(this.$classPrepared), formerNode: @($clprepare()) 
77053      ERROR Test worker     d.u.i.k.j.KeYJPMapping    Duplicate registration of node: @($classErroneous), formerNode: @($clprepare()) 
77053      ERROR Test worker     d.u.i.k.j.KeYJPMapping    Duplicate registration of node: @($classInitializationInProgress), formerNode: @($clprepare()) 
77053      ERROR Test worker     d.u.i.k.j.KeYJPMapping    Duplicate registration of node: @($classErroneous) = true, formerNode: @($classInitializationInProgress) = true 
77053      ERROR Test worker     d.u.i.k.j.KeYJPMapping    Duplicate registration of node: @($classErroneous) = false, formerNode: @($classInitializationInProgress) = false 
77053      ERROR Test worker     d.u.i.k.j.KeYJPMapping    Duplicate registration of node: @($classInitialized), formerNode: @($clprepare()) 
77053      ERROR Test worker     d.u.i.k.j.KeYJPMapping    Duplicate registration of node: @($classInitialized) = true, formerNode: @($classInitializationInProgress) = true 
77053      ERROR Test worker     d.u.i.k.j.KeYJPMapping    Duplicate registration of node: !@($classInitializationInProgress), formerNode: !@(this.$classPrepared) 
77053      ERROR Test worker     d.u.i.k.j.KeYJPMapping    Duplicate registration of node: !@($classInitialized), formerNode: !@(this.$classPrepared) 
77053      ERROR Test worker     d.u.i.k.j.KeYJPMapping    Duplicate registration of node: Object, formerNode: java.lang.Object 
77053      ERROR Test worker     d.u.i.k.j.KeYJPMapping    Duplicate registration of node: Object, formerNode: java.lang.Object 
77053      ERROR Test worker     d.u.i.k.j.KeYJPMapping    Duplicate registration of node: Annotation, formerNode: Annotation 
77053      ERROR Test worker     d.u.i.k.j.KeYJPMapping    Duplicate registration of node: @(java.lang.RuntimeException.$clinit()), formerNode: @($clprepare()) 
77162      ERROR Test worker     d.u.i.k.j.KeYJPMapping    Duplicate registration of node: boolean, formerNode: /*@ pure @*/
boolean 
77162      ERROR Test worker     d.u.i.k.j.KeYJPMapping    Duplicate registration of node: @(this.$classPrepared), formerNode: @($clprepare()) 
77162      ERROR Test worker     d.u.i.k.j.KeYJPMapping    Duplicate registration of node: @($classErroneous), formerNode: @($clprepare()) 
77162      ERROR Test worker     d.u.i.k.j.KeYJPMapping    Duplicate registration of node: @($classInitializationInProgress), formerNode: @($clprepare()) 
77162      ERROR Test worker     d.u.i.k.j.KeYJPMapping    Duplicate registration of node: @($classErroneous) = true, formerNode: @($classInitializationInProgress) = true 
77162      ERROR Test worker     d.u.i.k.j.KeYJPMapping    Duplicate registration of node: @($classErroneous) = false, formerNode: @($classInitializationInProgress) = false 
77162      ERROR Test worker     d.u.i.k.j.KeYJPMapping    Duplicate registration of node: @($classInitialized), formerNode: @($clprepare()) 
77162      ERROR Test worker     d.u.i.k.j.KeYJPMapping    Duplicate registration of node: @($classInitialized) = true, formerNode: @($classInitializationInProgress) = true 
77162      ERROR Test worker     d.u.i.k.j.KeYJPMapping    Duplicate registration of node: !@($classInitializationInProgress), formerNode: !@(this.$classPrepared) 
77162      ERROR Test worker     d.u.i.k.j.KeYJPMapping    Duplicate registration of node: !@($classInitialized), formerNode: !@(this.$classPrepared) 
77162      ERROR Test worker     d.u.i.k.j.KeYJPMapping    Duplicate registration of node: Object, formerNode: java.lang.Object 
77162      ERROR Test worker     d.u.i.k.j.KeYJPMapping    Duplicate registration of node: Object, formerNode: java.lang.Object 
77162      ERROR Test worker     d.u.i.k.j.KeYJPMapping    Duplicate registration of node: Annotation, formerNode: Annotation 
77178      ERROR Test worker     d.u.i.k.j.KeYJPMapping    Duplicate registration of node: @(java.lang.RuntimeException.$clinit()), formerNode: @($clprepare()) 
77288      ERROR Test worker     d.u.i.k.j.KeYJPMapping    Duplicate registration of node: boolean, formerNode: /*@ pure @*/
boolean 
77288      ERROR Test worker     d.u.i.k.j.KeYJPMapping    Duplicate registration of node: @(this.$classPrepared), formerNode: @($clprepare()) 
77288      ERROR Test worker     d.u.i.k.j.KeYJPMapping    Duplicate registration of node: @($classErroneous), formerNode: @($clprepare()) 
77288      ERROR Test worker     d.u.i.k.j.KeYJPMapping    Duplicate registration of node: @($classInitializationInProgress), formerNode: @($clprepare()) 
77288      ERROR Test worker     d.u.i.k.j.KeYJPMapping    Duplicate registration of node: @($classErroneous) = true, formerNode: @($classInitializationInProgress) = true 
77288      ERROR Test worker     d.u.i.k.j.KeYJPMapping    Duplicate registration of node: @($classErroneous) = false, formerNode: @($classInitializationInProgress) = false 
77288      ERROR Test worker     d.u.i.k.j.KeYJPMapping    Duplicate registration of node: @($classInitialized), formerNode: @($clprepare()) 
77288      ERROR Test worker     d.u.i.k.j.KeYJPMapping    Duplicate registration of node: @($classInitialized) = true, formerNode: @($classInitializationInProgress) = true 
77288      ERROR Test worker     d.u.i.k.j.KeYJPMapping    Duplicate registration of node: !@($classInitializationInProgress), formerNode: !@(this.$classPrepared) 
77288      ERROR Test worker     d.u.i.k.j.KeYJPMapping    Duplicate registration of node: !@($classInitialized), formerNode: !@(this.$classPrepared) 
77288      ERROR Test worker     d.u.i.k.j.KeYJPMapping    Duplicate registration of node: Object, formerNode: java.lang.Object 
77288      ERROR Test worker     d.u.i.k.j.KeYJPMapping    Duplicate registration of node: Object, formerNode: java.lang.Object 
77288      ERROR Test worker     d.u.i.k.j.KeYJPMapping    Duplicate registration of node: Annotation, formerNode: Annotation 
77288      ERROR Test worker     d.u.i.k.j.KeYJPMapping    Duplicate registration of node: @(java.lang.RuntimeException.$clinit()), formerNode: @($clprepare()) 
77460      ERROR Test worker     d.u.i.k.j.KeYJPMapping    Duplicate registration of node: boolean, formerNode: /*@ pure @*/
boolean 
77475      ERROR Test worker     d.u.i.k.j.KeYJPMapping    Duplicate registration of node: @(this.$classPrepared), formerNode: @($clprepare()) 
77475      ERROR Test worker     d.u.i.k.j.KeYJPMapping    Duplicate registration of node: @($classErroneous), formerNode: @($clprepare()) 
77475      ERROR Test worker     d.u.i.k.j.KeYJPMapping    Duplicate registration of node: @($classInitializationInProgress), formerNode: @($clprepare()) 
77475      ERROR Test worker     d.u.i.k.j.KeYJPMapping    Duplicate registration of node: @($classErroneous) = true, formerNode: @($classInitializationInProgress) = true 
77475      ERROR Test worker     d.u.i.k.j.KeYJPMapping    Duplicate registration of node: @($classErroneous) = false, formerNode: @($classInitializationInProgress) = false 
77475      ERROR Test worker     d.u.i.k.j.KeYJPMapping    Duplicate registration of node: @($classInitialized), formerNode: @($clprepare()) 
77475      ERROR Test worker     d.u.i.k.j.KeYJPMapping    Duplicate registration of node: @($classInitialized) = true, formerNode: @($classInitializationInProgress) = true 
77475      ERROR Test worker     d.u.i.k.j.KeYJPMapping    Duplicate registration of node: !@($classInitializationInProgress), formerNode: !@(this.$classPrepared) 
77475      ERROR Test worker     d.u.i.k.j.KeYJPMapping    Duplicate registration of node: !@($classInitialized), formerNode: !@(this.$classPrepared) 
77475      ERROR Test worker     d.u.i.k.j.KeYJPMapping    Duplicate registration of node: Object, formerNode: java.lang.Object 
77475      ERROR Test worker     d.u.i.k.j.KeYJPMapping    Duplicate registration of node: Object, formerNode: java.lang.Object 
77475      ERROR Test worker     d.u.i.k.j.KeYJPMapping    Duplicate registration of node: Annotation, formerNode: Annotation 
77475      ERROR Test worker     d.u.i.k.j.KeYJPMapping    Duplicate registration of node: @(java.lang.RuntimeException.$clinit()), formerNode: @($clprepare()) 
77631      ERROR Test worker     d.u.i.k.j.KeYJPMapping    Duplicate registration of node: boolean, formerNode: /*@ pure @*/
boolean 
77631      ERROR Test worker     d.u.i.k.j.KeYJPMapping    Duplicate registration of node: @(this.$classPrepared), formerNode: @($clprepare()) 
77631      ERROR Test worker     d.u.i.k.j.KeYJPMapping    Duplicate registration of node: @($classErroneous), formerNode: @($clprepare()) 
77631      ERROR Test worker     d.u.i.k.j.KeYJPMapping    Duplicate registration of node: @($classInitializationInProgress), formerNode: @($clprepare()) 
77631      ERROR Test worker     d.u.i.k.j.KeYJPMapping    Duplicate registration of node: @($classErroneous) = true, formerNode: @($classInitializationInProgress) = true 
77631      ERROR Test worker     d.u.i.k.j.KeYJPMapping    Duplicate registration of node: @($classErroneous) = false, formerNode: @($classInitializationInProgress) = false 
77631      ERROR Test worker     d.u.i.k.j.KeYJPMapping    Duplicate registration of node: @($classInitialized), formerNode: @($clprepare()) 
77631      ERROR Test worker     d.u.i.k.j.KeYJPMapping    Duplicate registration of node: @($classInitialized) = true, formerNode: @($classInitializationInProgress) = true 
77631      ERROR Test worker     d.u.i.k.j.KeYJPMapping    Duplicate registration of node: !@($classInitializationInProgress), formerNode: !@(this.$classPrepared) 
77631      ERROR Test worker     d.u.i.k.j.KeYJPMapping    Duplicate registration of node: !@($classInitialized), formerNode: !@(this.$classPrepared) 
77631      ERROR Test worker     d.u.i.k.j.KeYJPMapping    Duplicate registration of node: Object, formerNode: java.lang.Object 
77631      ERROR Test worker     d.u.i.k.j.KeYJPMapping    Duplicate registration of node: Object, formerNode: java.lang.Object 
77631      ERROR Test worker     d.u.i.k.j.KeYJPMapping    Duplicate registration of node: Annotation, formerNode: Annotation 
77647      ERROR Test worker     d.u.i.k.j.KeYJPMapping    Duplicate registration of node: @(java.lang.RuntimeException.$clinit()), formerNode: @($clprepare()) 
77788      ERROR Test worker     d.u.i.k.j.KeYJPMapping    Duplicate registration of node: boolean, formerNode: /*@ pure @*/
boolean 
77788      ERROR Test worker     d.u.i.k.j.KeYJPMapping    Duplicate registration of node: @(this.$classPrepared), formerNode: @($clprepare()) 
77788      ERROR Test worker     d.u.i.k.j.KeYJPMapping    Duplicate registration of node: @($classErroneous), formerNode: @($clprepare()) 
77788      ERROR Test worker     d.u.i.k.j.KeYJPMapping    Duplicate registration of node: @($classInitializationInProgress), formerNode: @($clprepare()) 
77788      ERROR Test worker     d.u.i.k.j.KeYJPMapping    Duplicate registration of node: @($classErroneous) = true, formerNode: @($classInitializationInProgress) = true 
77788      ERROR Test worker     d.u.i.k.j.KeYJPMapping    Duplicate registration of node: @($classErroneous) = false, formerNode: @($classInitializationInProgress) = false 
77788      ERROR Test worker     d.u.i.k.j.KeYJPMapping    Duplicate registration of node: @($classInitialized), formerNode: @($clprepare()) 
77788      ERROR Test worker     d.u.i.k.j.KeYJPMapping    Duplicate registration of node: @($classInitialized) = true, formerNode: @($classInitializationInProgress) = true 
77788      ERROR Test worker     d.u.i.k.j.KeYJPMapping    Duplicate registration of node: !@($classInitializationInProgress), formerNode: !@(this.$classPrepared) 
77788      ERROR Test worker     d.u.i.k.j.KeYJPMapping    Duplicate registration of node: !@($classInitialized), formerNode: !@(this.$classPrepared) 
77788      ERROR Test worker     d.u.i.k.j.KeYJPMapping    Duplicate registration of node: Object, formerNode: java.lang.Object 
77788      ERROR Test worker     d.u.i.k.j.KeYJPMapping    Duplicate registration of node: Object, formerNode: java.lang.Object 
77788      ERROR Test worker     d.u.i.k.j.KeYJPMapping    Duplicate registration of node: Annotation, formerNode: Annotation 
77788      ERROR Test worker     d.u.i.k.j.KeYJPMapping    Duplicate registration of node: @(java.lang.RuntimeException.$clinit()), formerNode: @($clprepare()) 
78085      ERROR Test worker     d.u.i.k.j.KeYJPMapping    Duplicate registration of node: boolean, formerNode: /*@ pure @*/
boolean 
78085      ERROR Test worker     d.u.i.k.j.KeYJPMapping    Duplicate registration of node: @(this.$classPrepared), formerNode: @($clprepare()) 
78085      ERROR Test worker     d.u.i.k.j.KeYJPMapping    Duplicate registration of node: @($classErroneous), formerNode: @($clprepare()) 
78101      ERROR Test worker     d.u.i.k.j.KeYJPMapping    Duplicate registration of node: @($classInitializationInProgress), formerNode: @($clprepare()) 
78101      ERROR Test worker     d.u.i.k.j.KeYJPMapping    Duplicate registration of node: @($classErroneous) = true, formerNode: @($classInitializationInProgress) = true 
78101      ERROR Test worker     d.u.i.k.j.KeYJPMapping    Duplicate registration of node: @($classErroneous) = false, formerNode: @($classInitializationInProgress) = false 
78101      ERROR Test worker     d.u.i.k.j.KeYJPMapping    Duplicate registration of node: @($classInitialized), formerNode: @($clprepare()) 
78101      ERROR Test worker     d.u.i.k.j.KeYJPMapping    Duplicate registration of node: @($classInitialized) = true, formerNode: @($classInitializationInProgress) = true 
78101      ERROR Test worker     d.u.i.k.j.KeYJPMapping    Duplicate registration of node: !@($classInitializationInProgress), formerNode: !@(this.$classPrepared) 
78101      ERROR Test worker     d.u.i.k.j.KeYJPMapping    Duplicate registration of node: !@($classInitialized), formerNode: !@(this.$classPrepared) 
78101      ERROR Test worker     d.u.i.k.j.KeYJPMapping    Duplicate registration of node: Object, formerNode: java.lang.Object 
78101      ERROR Test worker     d.u.i.k.j.KeYJPMapping    Duplicate registration of node: Object, formerNode: java.lang.Object 
78101      ERROR Test worker     d.u.i.k.j.KeYJPMapping    Duplicate registration of node: Annotation, formerNode: Annotation 
78101      ERROR Test worker     d.u.i.k.j.KeYJPMapping    Duplicate registration of node: @(java.lang.RuntimeException.$clinit()), formerNode: @($clprepare()) 
]]></system-err>
</testsuite>
