<?xml version="1.0" encoding="UTF-8"?>
<testsuite name="de.uka.ilkd.key.proof.proverules.ProveRulesTest" tests="196" skipped="0" failures="0" errors="0" timestamp="2023-04-13T13:27:28" hostname="fv-az934-804" time="665.805">
  <properties/>
  <testcase name="eqTermCut" classname="de.uka.ilkd.key.proof.proverules.ProveRulesTest" time="3.886"/>
  <testcase name="equivAllRight" classname="de.uka.ilkd.key.proof.proverules.ProveRulesTest" time="3.779"/>
  <testcase name="irrflConcrete1" classname="de.uka.ilkd.key.proof.proverules.ProveRulesTest" time="3.615"/>
  <testcase name="irrflConcrete2" classname="de.uka.ilkd.key.proof.proverules.ProveRulesTest" time="3.565"/>
  <testcase name="cancel_gtPos" classname="de.uka.ilkd.key.proof.proverules.ProveRulesTest" time="3.455"/>
  <testcase name="cancel_gtNeg" classname="de.uka.ilkd.key.proof.proverules.ProveRulesTest" time="3.453"/>
  <testcase name="moduloIntIsInInt" classname="de.uka.ilkd.key.proof.proverules.ProveRulesTest" time="3.442"/>
  <testcase name="moduloLongIsInLong" classname="de.uka.ilkd.key.proof.proverules.ProveRulesTest" time="3.389"/>
  <testcase name="moduloShortIsInShort" classname="de.uka.ilkd.key.proof.proverules.ProveRulesTest" time="3.371"/>
  <testcase name="moduloByteIsInByte" classname="de.uka.ilkd.key.proof.proverules.ProveRulesTest" time="3.346"/>
  <testcase name="moduloCharIsInChar" classname="de.uka.ilkd.key.proof.proverules.ProveRulesTest" time="3.338"/>
  <testcase name="div_unique1" classname="de.uka.ilkd.key.proof.proverules.ProveRulesTest" time="3.44"/>
  <testcase name="div_unique2" classname="de.uka.ilkd.key.proof.proverules.ProveRulesTest" time="3.451"/>
  <testcase name="div_exists" classname="de.uka.ilkd.key.proof.proverules.ProveRulesTest" time="3.584"/>
  <testcase name="div_one" classname="de.uka.ilkd.key.proof.proverules.ProveRulesTest" time="3.294"/>
  <testcase name="jdiv_one" classname="de.uka.ilkd.key.proof.proverules.ProveRulesTest" time="3.299"/>
  <testcase name="div_zero" classname="de.uka.ilkd.key.proof.proverules.ProveRulesTest" time="3.356"/>
  <testcase name="divResZero1" classname="de.uka.ilkd.key.proof.proverules.ProveRulesTest" time="3.308"/>
  <testcase name="divResZero2" classname="de.uka.ilkd.key.proof.proverules.ProveRulesTest" time="3.318"/>
  <testcase name="divResOne1" classname="de.uka.ilkd.key.proof.proverules.ProveRulesTest" time="3.373"/>
  <testcase name="divResOne2" classname="de.uka.ilkd.key.proof.proverules.ProveRulesTest" time="3.303"/>
  <testcase name="div_cancel1" classname="de.uka.ilkd.key.proof.proverules.ProveRulesTest" time="3.347"/>
  <testcase name="div_cancel2" classname="de.uka.ilkd.key.proof.proverules.ProveRulesTest" time="3.282"/>
  <testcase name="divAddMultDenom" classname="de.uka.ilkd.key.proof.proverules.ProveRulesTest" time="3.342"/>
  <testcase name="divMinus" classname="de.uka.ilkd.key.proof.proverules.ProveRulesTest" time="3.384"/>
  <testcase name="divMinusDenom" classname="de.uka.ilkd.key.proof.proverules.ProveRulesTest" time="3.324"/>
  <testcase name="divLeastDPos" classname="de.uka.ilkd.key.proof.proverules.ProveRulesTest" time="3.278"/>
  <testcase name="divLeastDNeg" classname="de.uka.ilkd.key.proof.proverules.ProveRulesTest" time="3.316"/>
  <testcase name="divGreatestDPos" classname="de.uka.ilkd.key.proof.proverules.ProveRulesTest" time="3.3"/>
  <testcase name="divGreatestDNeg" classname="de.uka.ilkd.key.proof.proverules.ProveRulesTest" time="3.319"/>
  <testcase name="divIncreasingPos" classname="de.uka.ilkd.key.proof.proverules.ProveRulesTest" time="3.298"/>
  <testcase name="divIncreasingNeg" classname="de.uka.ilkd.key.proof.proverules.ProveRulesTest" time="3.282"/>
  <testcase name="jdiv_zero" classname="de.uka.ilkd.key.proof.proverules.ProveRulesTest" time="3.279"/>
  <testcase name="jdivPulloutMinusNum" classname="de.uka.ilkd.key.proof.proverules.ProveRulesTest" time="3.303"/>
  <testcase name="jdivPulloutMinusDenom" classname="de.uka.ilkd.key.proof.proverules.ProveRulesTest" time="3.351"/>
  <testcase name="jdiv_uniquePosPos" classname="de.uka.ilkd.key.proof.proverules.ProveRulesTest" time="3.292"/>
  <testcase name="jdiv_uniquePosNeg" classname="de.uka.ilkd.key.proof.proverules.ProveRulesTest" time="3.286"/>
  <testcase name="jdiv_uniqueNegPos" classname="de.uka.ilkd.key.proof.proverules.ProveRulesTest" time="3.296"/>
  <testcase name="jdiv_uniqueNegNeg" classname="de.uka.ilkd.key.proof.proverules.ProveRulesTest" time="3.292"/>
  <testcase name="jdivMultDenom1" classname="de.uka.ilkd.key.proof.proverules.ProveRulesTest" time="3.309"/>
  <testcase name="jdivMultDenom2" classname="de.uka.ilkd.key.proof.proverules.ProveRulesTest" time="3.293"/>
  <testcase name="mod_geZero" classname="de.uka.ilkd.key.proof.proverules.ProveRulesTest" time="3.249"/>
  <testcase name="mod_lessDenom" classname="de.uka.ilkd.key.proof.proverules.ProveRulesTest" time="3.258"/>
  <testcase name="jmod_NumPos" classname="de.uka.ilkd.key.proof.proverules.ProveRulesTest" time="3.267"/>
  <testcase name="jmod_NumNeg" classname="de.uka.ilkd.key.proof.proverules.ProveRulesTest" time="3.272"/>
  <testcase name="jmod_geZero" classname="de.uka.ilkd.key.proof.proverules.ProveRulesTest" time="3.38"/>
  <testcase name="jmodNumZero" classname="de.uka.ilkd.key.proof.proverules.ProveRulesTest" time="3.268"/>
  <testcase name="jmod_pulloutminusNum" classname="de.uka.ilkd.key.proof.proverules.ProveRulesTest" time="3.262"/>
  <testcase name="jmod_pulloutminusDenom" classname="de.uka.ilkd.key.proof.proverules.ProveRulesTest" time="3.271"/>
  <testcase name="jmodUnique1" classname="de.uka.ilkd.key.proof.proverules.ProveRulesTest" time="3.434"/>
  <testcase name="jmodUnique2" classname="de.uka.ilkd.key.proof.proverules.ProveRulesTest" time="3.46"/>
  <testcase name="intDivRem" classname="de.uka.ilkd.key.proof.proverules.ProveRulesTest" time="3.274"/>
  <testcase name="jmodjmod" classname="de.uka.ilkd.key.proof.proverules.ProveRulesTest" time="3.303"/>
  <testcase name="jmodDivisible" classname="de.uka.ilkd.key.proof.proverules.ProveRulesTest" time="3.299"/>
  <testcase name="jmodDivisibleRep" classname="de.uka.ilkd.key.proof.proverules.ProveRulesTest" time="3.239"/>
  <testcase name="jdivAddMultDenom" classname="de.uka.ilkd.key.proof.proverules.ProveRulesTest" time="3.487"/>
  <testcase name="jmodAltZero" classname="de.uka.ilkd.key.proof.proverules.ProveRulesTest" time="3.269"/>
  <testcase name="jmodAddMultDenomZero" classname="de.uka.ilkd.key.proof.proverules.ProveRulesTest" time="3.265"/>
  <testcase name="polyDiv_zero" classname="de.uka.ilkd.key.proof.proverules.ProveRulesTest" time="3.279"/>
  <testcase name="polyMod_ltdivDenom" classname="de.uka.ilkd.key.proof.proverules.ProveRulesTest" time="3.261"/>
  <testcase name="bsum_empty" classname="de.uka.ilkd.key.proof.proverules.ProveRulesTest" time="3.232"/>
  <testcase name="bsum_induction_upper" classname="de.uka.ilkd.key.proof.proverules.ProveRulesTest" time="3.28"/>
  <testcase name="bsum_induction_lower" classname="de.uka.ilkd.key.proof.proverules.ProveRulesTest" time="3.272"/>
  <testcase name="bsum_num_of_bounds" classname="de.uka.ilkd.key.proof.proverules.ProveRulesTest" time="3.31"/>
  <testcase name="bsum_num_of_bounds2" classname="de.uka.ilkd.key.proof.proverules.ProveRulesTest" time="3.28"/>
  <testcase name="bsum_induction_upper2" classname="de.uka.ilkd.key.proof.proverules.ProveRulesTest" time="3.247"/>
  <testcase name="bsum_induction_upper_concrete" classname="de.uka.ilkd.key.proof.proverules.ProveRulesTest" time="3.26"/>
  <testcase name="bsum_induction_upper_concrete_2" classname="de.uka.ilkd.key.proof.proverules.ProveRulesTest" time="3.241"/>
  <testcase name="bsum_induction_upper2_concrete" classname="de.uka.ilkd.key.proof.proverules.ProveRulesTest" time="3.223"/>
  <testcase name="bsum_induction_lower_concrete" classname="de.uka.ilkd.key.proof.proverules.ProveRulesTest" time="3.263"/>
  <testcase name="bsum_induction_lower2" classname="de.uka.ilkd.key.proof.proverules.ProveRulesTest" time="3.237"/>
  <testcase name="bsum_induction_lower2_concrete" classname="de.uka.ilkd.key.proof.proverules.ProveRulesTest" time="3.251"/>
  <testcase name="bsum_positive" classname="de.uka.ilkd.key.proof.proverules.ProveRulesTest" time="3.308"/>
  <testcase name="bsum_upper_bound" classname="de.uka.ilkd.key.proof.proverules.ProveRulesTest" time="3.298"/>
  <testcase name="bsum_lower_bound" classname="de.uka.ilkd.key.proof.proverules.ProveRulesTest" time="3.306"/>
  <testcase name="bsum_positive_lower_bound_element" classname="de.uka.ilkd.key.proof.proverules.ProveRulesTest" time="3.282"/>
  <testcase name="bsum_sub_same_index" classname="de.uka.ilkd.key.proof.proverules.ProveRulesTest" time="3.281"/>
  <testcase name="bsum_less_same_index" classname="de.uka.ilkd.key.proof.proverules.ProveRulesTest" time="3.323"/>
  <testcase name="bsum_equal_except_one_index" classname="de.uka.ilkd.key.proof.proverules.ProveRulesTest" time="3.286"/>
  <testcase name="bsum_num_of_is_max" classname="de.uka.ilkd.key.proof.proverules.ProveRulesTest" time="3.297"/>
  <testcase name="bsum_num_of_is_max2" classname="de.uka.ilkd.key.proof.proverules.ProveRulesTest" time="3.272"/>
  <testcase name="bsum_num_of_is_max3" classname="de.uka.ilkd.key.proof.proverules.ProveRulesTest" time="3.276"/>
  <testcase name="bsum_num_of_is_max4" classname="de.uka.ilkd.key.proof.proverules.ProveRulesTest" time="3.291"/>
  <testcase name="bsum_num_of_lt_max" classname="de.uka.ilkd.key.proof.proverules.ProveRulesTest" time="3.28"/>
  <testcase name="bsum_num_of_lt_max2" classname="de.uka.ilkd.key.proof.proverules.ProveRulesTest" time="3.308"/>
  <testcase name="bsum_num_of_lt_max3" classname="de.uka.ilkd.key.proof.proverules.ProveRulesTest" time="3.285"/>
  <testcase name="bsum_num_of_lt_max4" classname="de.uka.ilkd.key.proof.proverules.ProveRulesTest" time="3.278"/>
  <testcase name="bsum_num_of_gt0" classname="de.uka.ilkd.key.proof.proverules.ProveRulesTest" time="3.271"/>
  <testcase name="bsum_num_of_gt0_alt" classname="de.uka.ilkd.key.proof.proverules.ProveRulesTest" time="3.277"/>
  <testcase name="bsum_add_concrete" classname="de.uka.ilkd.key.proof.proverules.ProveRulesTest" time="3.265"/>
  <testcase name="bprod_all_positive" classname="de.uka.ilkd.key.proof.proverules.ProveRulesTest" time="3.262"/>
  <testcase name="bprod_split" classname="de.uka.ilkd.key.proof.proverules.ProveRulesTest" time="3.292"/>
  <testcase name="powConcrete0" classname="de.uka.ilkd.key.proof.proverules.ProveRulesTest" time="3.265"/>
  <testcase name="powConcrete1" classname="de.uka.ilkd.key.proof.proverules.ProveRulesTest" time="3.266"/>
  <testcase name="powSplitFactor" classname="de.uka.ilkd.key.proof.proverules.ProveRulesTest" time="3.236"/>
  <testcase name="powAdd" classname="de.uka.ilkd.key.proof.proverules.ProveRulesTest" time="3.251"/>
  <testcase name="powMono" classname="de.uka.ilkd.key.proof.proverules.ProveRulesTest" time="3.245"/>
  <testcase name="powMonoConcrete" classname="de.uka.ilkd.key.proof.proverules.ProveRulesTest" time="3.263"/>
  <testcase name="powMonoConcreteRight" classname="de.uka.ilkd.key.proof.proverules.ProveRulesTest" time="3.24"/>
  <testcase name="powPositive" classname="de.uka.ilkd.key.proof.proverules.ProveRulesTest" time="3.232"/>
  <testcase name="powPositiveConcrete" classname="de.uka.ilkd.key.proof.proverules.ProveRulesTest" time="3.261"/>
  <testcase name="powGeq1Concrete" classname="de.uka.ilkd.key.proof.proverules.ProveRulesTest" time="3.235"/>
  <testcase name="pow2InIntLower" classname="de.uka.ilkd.key.proof.proverules.ProveRulesTest" time="3.233"/>
  <testcase name="pow2InIntUpper" classname="de.uka.ilkd.key.proof.proverules.ProveRulesTest" time="3.255"/>
  <testcase name="logSelfConcrete" classname="de.uka.ilkd.key.proof.proverules.ProveRulesTest" time="3.237"/>
  <testcase name="log1Concrete" classname="de.uka.ilkd.key.proof.proverules.ProveRulesTest" time="3.234"/>
  <testcase name="logProduct" classname="de.uka.ilkd.key.proof.proverules.ProveRulesTest" time="3.267"/>
  <testcase name="logTimesBaseConcrete" classname="de.uka.ilkd.key.proof.proverules.ProveRulesTest" time="3.236"/>
  <testcase name="logProdIdentity" classname="de.uka.ilkd.key.proof.proverules.ProveRulesTest" time="3.276"/>
  <testcase name="logProdIdentityConcrete" classname="de.uka.ilkd.key.proof.proverules.ProveRulesTest" time="3.266"/>
  <testcase name="logPowIdentity" classname="de.uka.ilkd.key.proof.proverules.ProveRulesTest" time="3.283"/>
  <testcase name="logPowIdentityConcrete" classname="de.uka.ilkd.key.proof.proverules.ProveRulesTest" time="3.263"/>
  <testcase name="logPositive" classname="de.uka.ilkd.key.proof.proverules.ProveRulesTest" time="3.268"/>
  <testcase name="logPositiveConcrete" classname="de.uka.ilkd.key.proof.proverules.ProveRulesTest" time="3.266"/>
  <testcase name="logMono" classname="de.uka.ilkd.key.proof.proverules.ProveRulesTest" time="3.31"/>
  <testcase name="logMonoConcrete" classname="de.uka.ilkd.key.proof.proverules.ProveRulesTest" time="3.269"/>
  <testcase name="powLogLess" classname="de.uka.ilkd.key.proof.proverules.ProveRulesTest" time="3.277"/>
  <testcase name="powLogMore2" classname="de.uka.ilkd.key.proof.proverules.ProveRulesTest" time="3.329"/>
  <testcase name="logLessThanPow" classname="de.uka.ilkd.key.proof.proverules.ProveRulesTest" time="3.35"/>
  <testcase name="logLessThanPowConcrete" classname="de.uka.ilkd.key.proof.proverules.ProveRulesTest" time="3.241"/>
  <testcase name="logSqueeze" classname="de.uka.ilkd.key.proof.proverules.ProveRulesTest" time="3.264"/>
  <testcase name="ifthenelse_equals" classname="de.uka.ilkd.key.proof.proverules.ProveRulesTest" time="3.247"/>
  <testcase name="ifthenelse_equals_1" classname="de.uka.ilkd.key.proof.proverules.ProveRulesTest" time="3.272"/>
  <testcase name="ifthenelse_equals_2" classname="de.uka.ilkd.key.proof.proverules.ProveRulesTest" time="3.237"/>
  <testcase name="disjointWithSingleton1" classname="de.uka.ilkd.key.proof.proverules.ProveRulesTest" time="3.289"/>
  <testcase name="disjointWithSingleton2" classname="de.uka.ilkd.key.proof.proverules.ProveRulesTest" time="3.238"/>
  <testcase name="disjointArrayRanges" classname="de.uka.ilkd.key.proof.proverules.ProveRulesTest" time="3.262"/>
  <testcase name="disjointArrayRangeAllFields1" classname="de.uka.ilkd.key.proof.proverules.ProveRulesTest" time="3.274"/>
  <testcase name="disjointArrayRangeAllFields2" classname="de.uka.ilkd.key.proof.proverules.ProveRulesTest" time="3.253"/>
  <testcase name="seqSelfDefinition" classname="de.uka.ilkd.key.proof.proverules.ProveRulesTest" time="3.28"/>
  <testcase name="seqOutsideValue" classname="de.uka.ilkd.key.proof.proverules.ProveRulesTest" time="3.278"/>
  <testcase name="castedGetAny" classname="de.uka.ilkd.key.proof.proverules.ProveRulesTest" time="3.282"/>
  <testcase name="seqGetAlphaCast" classname="de.uka.ilkd.key.proof.proverules.ProveRulesTest" time="3.279"/>
  <testcase name="getOfSeqSingleton" classname="de.uka.ilkd.key.proof.proverules.ProveRulesTest" time="3.259"/>
  <testcase name="getOfSeqSingletonConcrete" classname="de.uka.ilkd.key.proof.proverules.ProveRulesTest" time="3.262"/>
  <testcase name="getOfSeqConcat" classname="de.uka.ilkd.key.proof.proverules.ProveRulesTest" time="3.26"/>
  <testcase name="getOfSeqSub" classname="de.uka.ilkd.key.proof.proverules.ProveRulesTest" time="3.267"/>
  <testcase name="getOfSeqReverse" classname="de.uka.ilkd.key.proof.proverules.ProveRulesTest" time="3.278"/>
  <testcase name="lenOfSeqEmpty" classname="de.uka.ilkd.key.proof.proverules.ProveRulesTest" time="3.253"/>
  <testcase name="lenOfSeqSingleton" classname="de.uka.ilkd.key.proof.proverules.ProveRulesTest" time="3.266"/>
  <testcase name="lenOfSeqConcat" classname="de.uka.ilkd.key.proof.proverules.ProveRulesTest" time="3.271"/>
  <testcase name="lenOfSeqSub" classname="de.uka.ilkd.key.proof.proverules.ProveRulesTest" time="3.271"/>
  <testcase name="lenOfSeqReverse" classname="de.uka.ilkd.key.proof.proverules.ProveRulesTest" time="3.254"/>
  <testcase name="equalityToSeqGetAndSeqLenLeft" classname="de.uka.ilkd.key.proof.proverules.ProveRulesTest" time="3.26"/>
  <testcase name="equalityToSeqGetAndSeqLenRight" classname="de.uka.ilkd.key.proof.proverules.ProveRulesTest" time="3.275"/>
  <testcase name="getOfSeqSingletonEQ" classname="de.uka.ilkd.key.proof.proverules.ProveRulesTest" time="3.263"/>
  <testcase name="getOfSeqConcatEQ" classname="de.uka.ilkd.key.proof.proverules.ProveRulesTest" time="3.28"/>
  <testcase name="getOfSeqSubEQ" classname="de.uka.ilkd.key.proof.proverules.ProveRulesTest" time="3.27"/>
  <testcase name="getOfSeqReverseEQ" classname="de.uka.ilkd.key.proof.proverules.ProveRulesTest" time="3.245"/>
  <testcase name="lenOfSeqEmptyEQ" classname="de.uka.ilkd.key.proof.proverules.ProveRulesTest" time="3.257"/>
  <testcase name="lenOfSeqSingletonEQ" classname="de.uka.ilkd.key.proof.proverules.ProveRulesTest" time="3.25"/>
  <testcase name="lenOfSeqConcatEQ" classname="de.uka.ilkd.key.proof.proverules.ProveRulesTest" time="3.257"/>
  <testcase name="lenOfSeqSubEQ" classname="de.uka.ilkd.key.proof.proverules.ProveRulesTest" time="3.265"/>
  <testcase name="lenOfSeqReverseEQ" classname="de.uka.ilkd.key.proof.proverules.ProveRulesTest" time="3.269"/>
  <testcase name="getOfSeqDefEQ" classname="de.uka.ilkd.key.proof.proverules.ProveRulesTest" time="3.258"/>
  <testcase name="lenOfSeqDefEQ" classname="de.uka.ilkd.key.proof.proverules.ProveRulesTest" time="3.265"/>
  <testcase name="seqConcatWithSeqEmpty1" classname="de.uka.ilkd.key.proof.proverules.ProveRulesTest" time="3.282"/>
  <testcase name="seqConcatWithSeqEmpty2" classname="de.uka.ilkd.key.proof.proverules.ProveRulesTest" time="3.293"/>
  <testcase name="seqReverseOfSeqEmpty" classname="de.uka.ilkd.key.proof.proverules.ProveRulesTest" time="3.263"/>
  <testcase name="subSeqComplete" classname="de.uka.ilkd.key.proof.proverules.ProveRulesTest" time="3.265"/>
  <testcase name="subSeqTailR" classname="de.uka.ilkd.key.proof.proverules.ProveRulesTest" time="3.287"/>
  <testcase name="subSeqTailL" classname="de.uka.ilkd.key.proof.proverules.ProveRulesTest" time="3.299"/>
  <testcase name="subSeqTailEQR" classname="de.uka.ilkd.key.proof.proverules.ProveRulesTest" time="3.284"/>
  <testcase name="subSeqTailEQL" classname="de.uka.ilkd.key.proof.proverules.ProveRulesTest" time="3.271"/>
  <testcase name="seqDef_split" classname="de.uka.ilkd.key.proof.proverules.ProveRulesTest" time="3.324"/>
  <testcase name="seqDef_induction_upper" classname="de.uka.ilkd.key.proof.proverules.ProveRulesTest" time="3.341"/>
  <testcase name="seqDef_induction_upper_concrete" classname="de.uka.ilkd.key.proof.proverules.ProveRulesTest" time="3.297"/>
  <testcase name="seqDef_induction_lower" classname="de.uka.ilkd.key.proof.proverules.ProveRulesTest" time="3.29"/>
  <testcase name="seqDef_induction_lower_concrete" classname="de.uka.ilkd.key.proof.proverules.ProveRulesTest" time="3.29"/>
  <testcase name="seqDef_split_in_three" classname="de.uka.ilkd.key.proof.proverules.ProveRulesTest" time="3.525"/>
  <testcase name="seqDef_empty" classname="de.uka.ilkd.key.proof.proverules.ProveRulesTest" time="3.283"/>
  <testcase name="seqDef_one_summand" classname="de.uka.ilkd.key.proof.proverules.ProveRulesTest" time="3.263"/>
  <testcase name="seqDef_lower_equals_upper" classname="de.uka.ilkd.key.proof.proverules.ProveRulesTest" time="3.264"/>
  <testcase name="seqDefOfSeq" classname="de.uka.ilkd.key.proof.proverules.ProveRulesTest" time="3.289"/>
  <testcase name="seqSelfDefinitionEQ2" classname="de.uka.ilkd.key.proof.proverules.ProveRulesTest" time="3.309"/>
  <testcase name="indexOfSeqSingleton" classname="de.uka.ilkd.key.proof.proverules.ProveRulesTest" time="3.27"/>
  <testcase name="indexOfSeqConcatFirst" classname="de.uka.ilkd.key.proof.proverules.ProveRulesTest" time="3.278"/>
  <testcase name="indexOfSeqConcatSecond" classname="de.uka.ilkd.key.proof.proverules.ProveRulesTest" time="3.319"/>
  <testcase name="indexOfSeqSub" classname="de.uka.ilkd.key.proof.proverules.ProveRulesTest" time="3.291"/>
  <testcase name="lenOfArray2seq" classname="de.uka.ilkd.key.proof.proverules.ProveRulesTest" time="3.268"/>
  <testcase name="getAnyOfArray2seq" classname="de.uka.ilkd.key.proof.proverules.ProveRulesTest" time="3.272"/>
  <testcase name="getOfArray2seq" classname="de.uka.ilkd.key.proof.proverules.ProveRulesTest" time="3.26"/>
  <testcase name="getAnyOfNPermInv" classname="de.uka.ilkd.key.proof.proverules.ProveRulesTest" time="3.276"/>
  <testcase name="seqNPermRange" classname="de.uka.ilkd.key.proof.proverules.ProveRulesTest" time="3.341"/>
  <testcase name="seqPermTrans" classname="de.uka.ilkd.key.proof.proverules.ProveRulesTest" time="3.335"/>
  <testcase name="seqPermRefl" classname="de.uka.ilkd.key.proof.proverules.ProveRulesTest" time="3.305"/>
  <testcase name="seqPermSplit" classname="de.uka.ilkd.key.proof.proverules.ProveRulesTest" time="3.29"/>
  <testcase name="seqNPermRight" classname="de.uka.ilkd.key.proof.proverules.ProveRulesTest" time="3.64"/>
  <testcase name="seqPermFromSwap" classname="de.uka.ilkd.key.proof.proverules.ProveRulesTest" time="3.422"/>
  <testcase name="seqPermTransAlt0" classname="de.uka.ilkd.key.proof.proverules.ProveRulesTest" time="3.278"/>
  <testcase name="seqPermTransAlt1" classname="de.uka.ilkd.key.proof.proverules.ProveRulesTest" time="3.293"/>
  <testcase name="seqPermTransAlt2" classname="de.uka.ilkd.key.proof.proverules.ProveRulesTest" time="3.343"/>
  <testcase name="seqPermTransAlt3" classname="de.uka.ilkd.key.proof.proverules.ProveRulesTest" time="3.267"/>
  <testcase name="schiffl_lemma_2" classname="de.uka.ilkd.key.proof.proverules.ProveRulesTest" time="20.676"/>
  <testcase name="schiffl_thm_1" classname="de.uka.ilkd.key.proof.proverules.ProveRulesTest" time="4.027"/>
  <testcase name="eqSameSeq" classname="de.uka.ilkd.key.proof.proverules.ProveRulesTest" time="3.573"/>
  <system-out><![CDATA[1021       WARN  Test worker     d.u.i.k.s.ProofSettings   No proof-settings could be loaded, using defaults java.io.FileNotFoundException: /home/runner/.key/proof-settings.props (No such file or directory)
	at java.base/java.io.FileInputStream.open0(Native Method)

11998      INFO  Test worker     d.u.i.k.t.l.TacletProofObligationInput Proof obligation for taclet: eqTermCut 
15864      INFO  Test worker     d.u.i.k.t.l.TacletProofObligationInput Proof obligation for taclet: equivAllRight 
19494      INFO  Test worker     d.u.i.k.t.l.TacletProofObligationInput Proof obligation for taclet: irrflConcrete1 
23096      INFO  Test worker     d.u.i.k.t.l.TacletProofObligationInput Proof obligation for taclet: irrflConcrete2 
26508      INFO  Test worker     d.u.i.k.t.l.TacletProofObligationInput Proof obligation for taclet: cancel_gtPos 
29986      INFO  Test worker     d.u.i.k.t.l.TacletProofObligationInput Proof obligation for taclet: cancel_gtNeg 
33486      INFO  Test worker     d.u.i.k.t.l.TacletProofObligationInput Proof obligation for taclet: moduloIntIsInInt 
36859      INFO  Test worker     d.u.i.k.t.l.TacletProofObligationInput Proof obligation for taclet: moduloLongIsInLong 
40273      INFO  Test worker     d.u.i.k.t.l.TacletProofObligationInput Proof obligation for taclet: moduloShortIsInShort 
43617      INFO  Test worker     d.u.i.k.t.l.TacletProofObligationInput Proof obligation for taclet: moduloByteIsInByte 
46988      INFO  Test worker     d.u.i.k.t.l.TacletProofObligationInput Proof obligation for taclet: moduloCharIsInChar 
50334      INFO  Test worker     d.u.i.k.t.l.TacletProofObligationInput Proof obligation for taclet: div_unique1 
53782      INFO  Test worker     d.u.i.k.t.l.TacletProofObligationInput Proof obligation for taclet: div_unique2 
57188      INFO  Test worker     d.u.i.k.t.l.TacletProofObligationInput Proof obligation for taclet: div_exists 
60739      INFO  Test worker     d.u.i.k.t.l.TacletProofObligationInput Proof obligation for taclet: div_one 
64065      INFO  Test worker     d.u.i.k.t.l.TacletProofObligationInput Proof obligation for taclet: jdiv_one 
67349      INFO  Test worker     d.u.i.k.t.l.TacletProofObligationInput Proof obligation for taclet: div_zero 
70692      INFO  Test worker     d.u.i.k.t.l.TacletProofObligationInput Proof obligation for taclet: divResZero1 
74023      INFO  Test worker     d.u.i.k.t.l.TacletProofObligationInput Proof obligation for taclet: divResZero2 
77373      INFO  Test worker     d.u.i.k.t.l.TacletProofObligationInput Proof obligation for taclet: divResOne1 
80686      INFO  Test worker     d.u.i.k.t.l.TacletProofObligationInput Proof obligation for taclet: divResOne2 
84028      INFO  Test worker     d.u.i.k.t.l.TacletProofObligationInput Proof obligation for taclet: div_cancel1 
87332      INFO  Test worker     d.u.i.k.t.l.TacletProofObligationInput Proof obligation for taclet: div_cancel2 
90633      INFO  Test worker     d.u.i.k.t.l.TacletProofObligationInput Proof obligation for taclet: divAddMultDenom 
93991      INFO  Test worker     d.u.i.k.t.l.TacletProofObligationInput Proof obligation for taclet: divMinus 
97337      INFO  Test worker     d.u.i.k.t.l.TacletProofObligationInput Proof obligation for taclet: divMinusDenom 
100679     INFO  Test worker     d.u.i.k.t.l.TacletProofObligationInput Proof obligation for taclet: divLeastDPos 
103964     INFO  Test worker     d.u.i.k.t.l.TacletProofObligationInput Proof obligation for taclet: divLeastDNeg 
107252     INFO  Test worker     d.u.i.k.t.l.TacletProofObligationInput Proof obligation for taclet: divGreatestDPos 
110579     INFO  Test worker     d.u.i.k.t.l.TacletProofObligationInput Proof obligation for taclet: divGreatestDNeg 
113889     INFO  Test worker     d.u.i.k.t.l.TacletProofObligationInput Proof obligation for taclet: divIncreasingPos 
117188     INFO  Test worker     d.u.i.k.t.l.TacletProofObligationInput Proof obligation for taclet: divIncreasingNeg 
120464     INFO  Test worker     d.u.i.k.t.l.TacletProofObligationInput Proof obligation for taclet: jdiv_zero 
123737     INFO  Test worker     d.u.i.k.t.l.TacletProofObligationInput Proof obligation for taclet: jdivPulloutMinusNum 
127070     INFO  Test worker     d.u.i.k.t.l.TacletProofObligationInput Proof obligation for taclet: jdivPulloutMinusDenom 
130388     INFO  Test worker     d.u.i.k.t.l.TacletProofObligationInput Proof obligation for taclet: jdiv_uniquePosPos 
133653     INFO  Test worker     d.u.i.k.t.l.TacletProofObligationInput Proof obligation for taclet: jdiv_uniquePosNeg 
136962     INFO  Test worker     d.u.i.k.t.l.TacletProofObligationInput Proof obligation for taclet: jdiv_uniqueNegPos 
140255     INFO  Test worker     d.u.i.k.t.l.TacletProofObligationInput Proof obligation for taclet: jdiv_uniqueNegNeg 
143565     INFO  Test worker     d.u.i.k.t.l.TacletProofObligationInput Proof obligation for taclet: jdivMultDenom1 
146889     INFO  Test worker     d.u.i.k.t.l.TacletProofObligationInput Proof obligation for taclet: jdivMultDenom2 
150134     INFO  Test worker     d.u.i.k.t.l.TacletProofObligationInput Proof obligation for taclet: mod_geZero 
153414     INFO  Test worker     d.u.i.k.t.l.TacletProofObligationInput Proof obligation for taclet: mod_lessDenom 
156658     INFO  Test worker     d.u.i.k.t.l.TacletProofObligationInput Proof obligation for taclet: jmod_NumPos 
159907     INFO  Test worker     d.u.i.k.t.l.TacletProofObligationInput Proof obligation for taclet: jmod_NumNeg 
163298     INFO  Test worker     d.u.i.k.t.l.TacletProofObligationInput Proof obligation for taclet: jmod_geZero 
166570     INFO  Test worker     d.u.i.k.t.l.TacletProofObligationInput Proof obligation for taclet: jmodNumZero 
169856     INFO  Test worker     d.u.i.k.t.l.TacletProofObligationInput Proof obligation for taclet: jmod_pulloutminusNum 
173118     INFO  Test worker     d.u.i.k.t.l.TacletProofObligationInput Proof obligation for taclet: jmod_pulloutminusDenom 
176366     INFO  Test worker     d.u.i.k.t.l.TacletProofObligationInput Proof obligation for taclet: jmodUnique1 
179843     INFO  Test worker     d.u.i.k.t.l.TacletProofObligationInput Proof obligation for taclet: jmodUnique2 
183278     INFO  Test worker     d.u.i.k.t.l.TacletProofObligationInput Proof obligation for taclet: intDivRem 
186559     INFO  Test worker     d.u.i.k.t.l.TacletProofObligationInput Proof obligation for taclet: jmodjmod 
189850     INFO  Test worker     d.u.i.k.t.l.TacletProofObligationInput Proof obligation for taclet: jmodDivisible 
193130     INFO  Test worker     d.u.i.k.t.l.TacletProofObligationInput Proof obligation for taclet: jmodDivisibleRep 
196396     INFO  Test worker     d.u.i.k.t.l.TacletProofObligationInput Proof obligation for taclet: jdivAddMultDenom 
199873     INFO  Test worker     d.u.i.k.t.l.TacletProofObligationInput Proof obligation for taclet: jmodAltZero 
203168     INFO  Test worker     d.u.i.k.t.l.TacletProofObligationInput Proof obligation for taclet: jmodAddMultDenomZero 
206414     INFO  Test worker     d.u.i.k.t.l.TacletProofObligationInput Proof obligation for taclet: polyDiv_zero 
209669     INFO  Test worker     d.u.i.k.t.l.TacletProofObligationInput Proof obligation for taclet: polyMod_ltdivDenom 
212946     INFO  Test worker     d.u.i.k.t.l.TacletProofObligationInput Proof obligation for taclet: bsum_empty 
216177     INFO  Test worker     d.u.i.k.t.l.TacletProofObligationInput Proof obligation for taclet: bsum_induction_upper 
219443     INFO  Test worker     d.u.i.k.t.l.TacletProofObligationInput Proof obligation for taclet: bsum_induction_lower 
222743     INFO  Test worker     d.u.i.k.t.l.TacletProofObligationInput Proof obligation for taclet: bsum_num_of_bounds 
226046     INFO  Test worker     d.u.i.k.t.l.TacletProofObligationInput Proof obligation for taclet: bsum_num_of_bounds2 
229332     INFO  Test worker     d.u.i.k.t.l.TacletProofObligationInput Proof obligation for taclet: bsum_induction_upper2 
232572     INFO  Test worker     d.u.i.k.t.l.TacletProofObligationInput Proof obligation for taclet: bsum_induction_upper_concrete 
235811     INFO  Test worker     d.u.i.k.t.l.TacletProofObligationInput Proof obligation for taclet: bsum_induction_upper_concrete_2 
239064     INFO  Test worker     d.u.i.k.t.l.TacletProofObligationInput Proof obligation for taclet: bsum_induction_upper2_concrete 
242292     INFO  Test worker     d.u.i.k.t.l.TacletProofObligationInput Proof obligation for taclet: bsum_induction_lower_concrete 
245538     INFO  Test worker     d.u.i.k.t.l.TacletProofObligationInput Proof obligation for taclet: bsum_induction_lower2 
248793     INFO  Test worker     d.u.i.k.t.l.TacletProofObligationInput Proof obligation for taclet: bsum_induction_lower2_concrete 
252029     INFO  Test worker     d.u.i.k.t.l.TacletProofObligationInput Proof obligation for taclet: bsum_positive 
255380     INFO  Test worker     d.u.i.k.t.l.TacletProofObligationInput Proof obligation for taclet: bsum_upper_bound 
258667     INFO  Test worker     d.u.i.k.t.l.TacletProofObligationInput Proof obligation for taclet: bsum_lower_bound 
261935     INFO  Test worker     d.u.i.k.t.l.TacletProofObligationInput Proof obligation for taclet: bsum_positive_lower_bound_element 
265260     INFO  Test worker     d.u.i.k.t.l.TacletProofObligationInput Proof obligation for taclet: bsum_sub_same_index 
268523     INFO  Test worker     d.u.i.k.t.l.TacletProofObligationInput Proof obligation for taclet: bsum_less_same_index 
271834     INFO  Test worker     d.u.i.k.t.l.TacletProofObligationInput Proof obligation for taclet: bsum_equal_except_one_index 
275141     INFO  Test worker     d.u.i.k.t.l.TacletProofObligationInput Proof obligation for taclet: bsum_num_of_is_max 
278415     INFO  Test worker     d.u.i.k.t.l.TacletProofObligationInput Proof obligation for taclet: bsum_num_of_is_max2 
281715     INFO  Test worker     d.u.i.k.t.l.TacletProofObligationInput Proof obligation for taclet: bsum_num_of_is_max3 
284978     INFO  Test worker     d.u.i.k.t.l.TacletProofObligationInput Proof obligation for taclet: bsum_num_of_is_max4 
288249     INFO  Test worker     d.u.i.k.t.l.TacletProofObligationInput Proof obligation for taclet: bsum_num_of_lt_max 
291561     INFO  Test worker     d.u.i.k.t.l.TacletProofObligationInput Proof obligation for taclet: bsum_num_of_lt_max2 
294841     INFO  Test worker     d.u.i.k.t.l.TacletProofObligationInput Proof obligation for taclet: bsum_num_of_lt_max3 
298153     INFO  Test worker     d.u.i.k.t.l.TacletProofObligationInput Proof obligation for taclet: bsum_num_of_lt_max4 
301408     INFO  Test worker     d.u.i.k.t.l.TacletProofObligationInput Proof obligation for taclet: bsum_num_of_gt0 
304665     INFO  Test worker     d.u.i.k.t.l.TacletProofObligationInput Proof obligation for taclet: bsum_num_of_gt0_alt 
307963     INFO  Test worker     d.u.i.k.t.l.TacletProofObligationInput Proof obligation for taclet: bsum_add_concrete 
311216     INFO  Test worker     d.u.i.k.t.l.TacletProofObligationInput Proof obligation for taclet: bprod_all_positive 
314470     INFO  Test worker     d.u.i.k.t.l.TacletProofObligationInput Proof obligation for taclet: bprod_split 
317789     INFO  Test worker     d.u.i.k.t.l.TacletProofObligationInput Proof obligation for taclet: powConcrete0 
321052     INFO  Test worker     d.u.i.k.t.l.TacletProofObligationInput Proof obligation for taclet: powConcrete1 
324312     INFO  Test worker     d.u.i.k.t.l.TacletProofObligationInput Proof obligation for taclet: powSplitFactor 
327542     INFO  Test worker     d.u.i.k.t.l.TacletProofObligationInput Proof obligation for taclet: powAdd 
330773     INFO  Test worker     d.u.i.k.t.l.TacletProofObligationInput Proof obligation for taclet: powMono 
334049     INFO  Test worker     d.u.i.k.t.l.TacletProofObligationInput Proof obligation for taclet: powMonoConcrete 
337279     INFO  Test worker     d.u.i.k.t.l.TacletProofObligationInput Proof obligation for taclet: powMonoConcreteRight 
340517     INFO  Test worker     d.u.i.k.t.l.TacletProofObligationInput Proof obligation for taclet: powPositive 
343785     INFO  Test worker     d.u.i.k.t.l.TacletProofObligationInput Proof obligation for taclet: powPositiveConcrete 
347021     INFO  Test worker     d.u.i.k.t.l.TacletProofObligationInput Proof obligation for taclet: powGeq1Concrete 
350276     INFO  Test worker     d.u.i.k.t.l.TacletProofObligationInput Proof obligation for taclet: pow2InIntLower 
353507     INFO  Test worker     d.u.i.k.t.l.TacletProofObligationInput Proof obligation for taclet: pow2InIntUpper 
356738     INFO  Test worker     d.u.i.k.t.l.TacletProofObligationInput Proof obligation for taclet: logSelfConcrete 
360000     INFO  Test worker     d.u.i.k.t.l.TacletProofObligationInput Proof obligation for taclet: log1Concrete 
363238     INFO  Test worker     d.u.i.k.t.l.TacletProofObligationInput Proof obligation for taclet: logProduct 
366479     INFO  Test worker     d.u.i.k.t.l.TacletProofObligationInput Proof obligation for taclet: logTimesBaseConcrete 
369736     INFO  Test worker     d.u.i.k.t.l.TacletProofObligationInput Proof obligation for taclet: logProdIdentity 
373007     INFO  Test worker     d.u.i.k.t.l.TacletProofObligationInput Proof obligation for taclet: logProdIdentityConcrete 
376296     INFO  Test worker     d.u.i.k.t.l.TacletProofObligationInput Proof obligation for taclet: logPowIdentity 
379560     INFO  Test worker     d.u.i.k.t.l.TacletProofObligationInput Proof obligation for taclet: logPowIdentityConcrete 
382835     INFO  Test worker     d.u.i.k.t.l.TacletProofObligationInput Proof obligation for taclet: logPositive 
386099     INFO  Test worker     d.u.i.k.t.l.TacletProofObligationInput Proof obligation for taclet: logPositiveConcrete 
389361     INFO  Test worker     d.u.i.k.t.l.TacletProofObligationInput Proof obligation for taclet: logMono 
392679     INFO  Test worker     d.u.i.k.t.l.TacletProofObligationInput Proof obligation for taclet: logMonoConcrete 
395951     INFO  Test worker     d.u.i.k.t.l.TacletProofObligationInput Proof obligation for taclet: powLogLess 
399252     INFO  Test worker     d.u.i.k.t.l.TacletProofObligationInput Proof obligation for taclet: powLogMore2 
402565     INFO  Test worker     d.u.i.k.t.l.TacletProofObligationInput Proof obligation for taclet: logLessThanPow 
405881     INFO  Test worker     d.u.i.k.t.l.TacletProofObligationInput Proof obligation for taclet: logLessThanPowConcrete 
409139     INFO  Test worker     d.u.i.k.t.l.TacletProofObligationInput Proof obligation for taclet: logSqueeze 
412386     INFO  Test worker     d.u.i.k.t.l.TacletProofObligationInput Proof obligation for taclet: ifthenelse_equals 
415659     INFO  Test worker     d.u.i.k.t.l.TacletProofObligationInput Proof obligation for taclet: ifthenelse_equals_1 
418896     INFO  Test worker     d.u.i.k.t.l.TacletProofObligationInput Proof obligation for taclet: ifthenelse_equals_2 
422187     INFO  Test worker     d.u.i.k.t.l.TacletProofObligationInput Proof obligation for taclet: disjointWithSingleton1 
425448     INFO  Test worker     d.u.i.k.t.l.TacletProofObligationInput Proof obligation for taclet: disjointWithSingleton2 
428676     INFO  Test worker     d.u.i.k.t.l.TacletProofObligationInput Proof obligation for taclet: disjointArrayRanges 
431949     INFO  Test worker     d.u.i.k.t.l.TacletProofObligationInput Proof obligation for taclet: disjointArrayRangeAllFields1 
435198     INFO  Test worker     d.u.i.k.t.l.TacletProofObligationInput Proof obligation for taclet: disjointArrayRangeAllFields2 
438478     INFO  Test worker     d.u.i.k.t.l.TacletProofObligationInput Proof obligation for taclet: seqSelfDefinition 
441760     INFO  Test worker     d.u.i.k.t.l.TacletProofObligationInput Proof obligation for taclet: seqOutsideValue 
445044     INFO  Test worker     d.u.i.k.t.l.TacletProofObligationInput Proof obligation for taclet: castedGetAny 
448327     INFO  Test worker     d.u.i.k.t.l.TacletProofObligationInput Proof obligation for taclet: seqGetAlphaCast 
451585     INFO  Test worker     d.u.i.k.t.l.TacletProofObligationInput Proof obligation for taclet: getOfSeqSingleton 
454824     INFO  Test worker     d.u.i.k.t.l.TacletProofObligationInput Proof obligation for taclet: getOfSeqSingletonConcrete 
458100     INFO  Test worker     d.u.i.k.t.l.TacletProofObligationInput Proof obligation for taclet: getOfSeqConcat 
461366     INFO  Test worker     d.u.i.k.t.l.TacletProofObligationInput Proof obligation for taclet: getOfSeqSub 
464645     INFO  Test worker     d.u.i.k.t.l.TacletProofObligationInput Proof obligation for taclet: getOfSeqReverse 
467906     INFO  Test worker     d.u.i.k.t.l.TacletProofObligationInput Proof obligation for taclet: lenOfSeqEmpty 
471172     INFO  Test worker     d.u.i.k.t.l.TacletProofObligationInput Proof obligation for taclet: lenOfSeqSingleton 
474438     INFO  Test worker     d.u.i.k.t.l.TacletProofObligationInput Proof obligation for taclet: lenOfSeqConcat 
477710     INFO  Test worker     d.u.i.k.t.l.TacletProofObligationInput Proof obligation for taclet: lenOfSeqSub 
480982     INFO  Test worker     d.u.i.k.t.l.TacletProofObligationInput Proof obligation for taclet: lenOfSeqReverse 
484226     INFO  Test worker     d.u.i.k.t.l.TacletProofObligationInput Proof obligation for taclet: equalityToSeqGetAndSeqLenLeft 
487499     INFO  Test worker     d.u.i.k.t.l.TacletProofObligationInput Proof obligation for taclet: equalityToSeqGetAndSeqLenRight 
490765     INFO  Test worker     d.u.i.k.t.l.TacletProofObligationInput Proof obligation for taclet: getOfSeqSingletonEQ 
494035     INFO  Test worker     d.u.i.k.t.l.TacletProofObligationInput Proof obligation for taclet: getOfSeqConcatEQ 
497315     INFO  Test worker     d.u.i.k.t.l.TacletProofObligationInput Proof obligation for taclet: getOfSeqSubEQ 
500577     INFO  Test worker     d.u.i.k.t.l.TacletProofObligationInput Proof obligation for taclet: getOfSeqReverseEQ 
503819     INFO  Test worker     d.u.i.k.t.l.TacletProofObligationInput Proof obligation for taclet: lenOfSeqEmptyEQ 
507072     INFO  Test worker     d.u.i.k.t.l.TacletProofObligationInput Proof obligation for taclet: lenOfSeqSingletonEQ 
510323     INFO  Test worker     d.u.i.k.t.l.TacletProofObligationInput Proof obligation for taclet: lenOfSeqConcatEQ 
513587     INFO  Test worker     d.u.i.k.t.l.TacletProofObligationInput Proof obligation for taclet: lenOfSeqSubEQ 
516858     INFO  Test worker     d.u.i.k.t.l.TacletProofObligationInput Proof obligation for taclet: lenOfSeqReverseEQ 
520115     INFO  Test worker     d.u.i.k.t.l.TacletProofObligationInput Proof obligation for taclet: getOfSeqDefEQ 
523378     INFO  Test worker     d.u.i.k.t.l.TacletProofObligationInput Proof obligation for taclet: lenOfSeqDefEQ 
526650     INFO  Test worker     d.u.i.k.t.l.TacletProofObligationInput Proof obligation for taclet: seqConcatWithSeqEmpty1 
529939     INFO  Test worker     d.u.i.k.t.l.TacletProofObligationInput Proof obligation for taclet: seqConcatWithSeqEmpty2 
533214     INFO  Test worker     d.u.i.k.t.l.TacletProofObligationInput Proof obligation for taclet: seqReverseOfSeqEmpty 
536476     INFO  Test worker     d.u.i.k.t.l.TacletProofObligationInput Proof obligation for taclet: subSeqComplete 
539744     INFO  Test worker     d.u.i.k.t.l.TacletProofObligationInput Proof obligation for taclet: subSeqTailR 
543049     INFO  Test worker     d.u.i.k.t.l.TacletProofObligationInput Proof obligation for taclet: subSeqTailL 
546334     INFO  Test worker     d.u.i.k.t.l.TacletProofObligationInput Proof obligation for taclet: subSeqTailEQR 
549614     INFO  Test worker     d.u.i.k.t.l.TacletProofObligationInput Proof obligation for taclet: subSeqTailEQL 
552889     INFO  Test worker     d.u.i.k.t.l.TacletProofObligationInput Proof obligation for taclet: seqDef_split 
556245     INFO  Test worker     d.u.i.k.t.l.TacletProofObligationInput Proof obligation for taclet: seqDef_induction_upper 
559546     INFO  Test worker     d.u.i.k.t.l.TacletProofObligationInput Proof obligation for taclet: seqDef_induction_upper_concrete 
562841     INFO  Test worker     d.u.i.k.t.l.TacletProofObligationInput Proof obligation for taclet: seqDef_induction_lower 
566127     INFO  Test worker     d.u.i.k.t.l.TacletProofObligationInput Proof obligation for taclet: seqDef_induction_lower_concrete 
569426     INFO  Test worker     d.u.i.k.t.l.TacletProofObligationInput Proof obligation for taclet: seqDef_split_in_three 
572966     INFO  Test worker     d.u.i.k.t.l.TacletProofObligationInput Proof obligation for taclet: seqDef_empty 
576236     INFO  Test worker     d.u.i.k.t.l.TacletProofObligationInput Proof obligation for taclet: seqDef_one_summand 
579499     INFO  Test worker     d.u.i.k.t.l.TacletProofObligationInput Proof obligation for taclet: seqDef_lower_equals_upper 
582770     INFO  Test worker     d.u.i.k.t.l.TacletProofObligationInput Proof obligation for taclet: seqDefOfSeq 
586078     INFO  Test worker     d.u.i.k.t.l.TacletProofObligationInput Proof obligation for taclet: seqSelfDefinitionEQ2 
589365     INFO  Test worker     d.u.i.k.t.l.TacletProofObligationInput Proof obligation for taclet: indexOfSeqSingleton 
592630     INFO  Test worker     d.u.i.k.t.l.TacletProofObligationInput Proof obligation for taclet: indexOfSeqConcatFirst 
595927     INFO  Test worker     d.u.i.k.t.l.TacletProofObligationInput Proof obligation for taclet: indexOfSeqConcatSecond 
599230     INFO  Test worker     d.u.i.k.t.l.TacletProofObligationInput Proof obligation for taclet: indexOfSeqSub 
602526     INFO  Test worker     d.u.i.k.t.l.TacletProofObligationInput Proof obligation for taclet: lenOfArray2seq 
605803     INFO  Test worker     d.u.i.k.t.l.TacletProofObligationInput Proof obligation for taclet: getAnyOfArray2seq 
609056     INFO  Test worker     d.u.i.k.t.l.TacletProofObligationInput Proof obligation for taclet: getOfArray2seq 
612333     INFO  Test worker     d.u.i.k.t.l.TacletProofObligationInput Proof obligation for taclet: getAnyOfNPermInv 
615599     INFO  Test worker     d.u.i.k.t.l.TacletProofObligationInput Proof obligation for taclet: seqNPermRange 
618936     INFO  Test worker     d.u.i.k.t.l.TacletProofObligationInput Proof obligation for taclet: seqPermTrans 
622296     INFO  Test worker     d.u.i.k.t.l.TacletProofObligationInput Proof obligation for taclet: seqPermRefl 
625607     INFO  Test worker     d.u.i.k.t.l.TacletProofObligationInput Proof obligation for taclet: seqPermSplit 
628895     INFO  Test worker     d.u.i.k.t.l.TacletProofObligationInput Proof obligation for taclet: seqNPermRight 
632559     INFO  Test worker     d.u.i.k.t.l.TacletProofObligationInput Proof obligation for taclet: seqPermFromSwap 
635944     INFO  Test worker     d.u.i.k.t.l.TacletProofObligationInput Proof obligation for taclet: seqPermTransAlt0 
639237     INFO  Test worker     d.u.i.k.t.l.TacletProofObligationInput Proof obligation for taclet: seqPermTransAlt1 
642578     INFO  Test worker     d.u.i.k.t.l.TacletProofObligationInput Proof obligation for taclet: seqPermTransAlt2 
645849     INFO  Test worker     d.u.i.k.t.l.TacletProofObligationInput Proof obligation for taclet: seqPermTransAlt3 
649156     INFO  Test worker     d.u.i.k.t.l.TacletProofObligationInput Proof obligation for taclet: schiffl_lemma_2 
669914     INFO  Test worker     d.u.i.k.t.l.TacletProofObligationInput Proof obligation for taclet: schiffl_thm_1 
673972     INFO  Test worker     d.u.i.k.t.l.TacletProofObligationInput Proof obligation for taclet: eqSameSeq 
]]></system-out>
  <system-err><![CDATA[]]></system-err>
</testsuite>
