<?xml version="1.0" encoding="UTF-8"?>
<testsuite name="org.key_project.slicing.DependencyGraphTest" tests="1" skipped="0" failures="0" errors="0" timestamp="2023-05-01T14:09:11" hostname="fv-az282-660" time="0.353">
  <properties/>
  <testcase name="basicTest()" classname="org.key_project.slicing.DependencyGraphTest" time="0.353"/>
  <system-out><![CDATA[]]></system-out>
  <system-err><![CDATA[]]></system-err>
</testsuite>
