<?xml version="1.0" encoding="UTF-8"?>
<testsuite name="de.uka.ilkd.key.proof.runallproofs.RunAllProofsFunctional" tests="34" skipped="0" failures="0" errors="0" timestamp="2023-05-28T15:22:44" hostname="fv-az560-806" time="5033.576">
  <properties/>
  <testcase name="newBook" classname="de.uka.ilkd.key.proof.runallproofs.RunAllProofsFunctional" time="57.974"/>
  <testcase name="oldBook" classname="de.uka.ilkd.key.proof.runallproofs.RunAllProofsFunctional" time="17.055"/>
  <testcase name="comprehensions" classname="de.uka.ilkd.key.proof.runallproofs.RunAllProofsFunctional" time="65.44"/>
  <testcase name="performance" classname="de.uka.ilkd.key.proof.runallproofs.RunAllProofsFunctional" time="207.312"/>
  <testcase name="performancePOConstruction" classname="de.uka.ilkd.key.proof.runallproofs.RunAllProofsFunctional" time="70.902"/>
  <testcase name="applicationRestrictions" classname="de.uka.ilkd.key.proof.runallproofs.RunAllProofsFunctional" time="49.637"/>
  <testcase name="blockContracts" classname="de.uka.ilkd.key.proof.runallproofs.RunAllProofsFunctional" time="130.158"/>
  <testcase name="jmlAsserts" classname="de.uka.ilkd.key.proof.runallproofs.RunAllProofsFunctional" time="87.681"/>
  <testcase name="javaCard" classname="de.uka.ilkd.key.proof.runallproofs.RunAllProofsFunctional" time="123.998"/>
  <testcase name="list" classname="de.uka.ilkd.key.proof.runallproofs.RunAllProofsFunctional" time="263.401"/>
  <testcase name="list_ghost" classname="de.uka.ilkd.key.proof.runallproofs.RunAllProofsFunctional" time="63.933"/>
  <testcase name="list_recursive" classname="de.uka.ilkd.key.proof.runallproofs.RunAllProofsFunctional" time="21.488"/>
  <testcase name="list_seq" classname="de.uka.ilkd.key.proof.runallproofs.RunAllProofsFunctional" time="166.965"/>
  <testcase name="observer" classname="de.uka.ilkd.key.proof.runallproofs.RunAllProofsFunctional" time="92.435"/>
  <testcase name="removeDups" classname="de.uka.ilkd.key.proof.runallproofs.RunAllProofsFunctional" time="135.697"/>
  <testcase name="quicksort" classname="de.uka.ilkd.key.proof.runallproofs.RunAllProofsFunctional" time="100.455"/>
  <testcase name="simpleTests" classname="de.uka.ilkd.key.proof.runallproofs.RunAllProofsFunctional" time="151.98"/>
  <testcase name="SmansEtAl" classname="de.uka.ilkd.key.proof.runallproofs.RunAllProofsFunctional" time="185.572"/>
  <testcase name="VACID0" classname="de.uka.ilkd.key.proof.runallproofs.RunAllProofsFunctional" time="75.054"/>
  <testcase name="VSTTE10" classname="de.uka.ilkd.key.proof.runallproofs.RunAllProofsFunctional" time="168.78"/>
  <testcase name="WeideEtAl" classname="de.uka.ilkd.key.proof.runallproofs.RunAllProofsFunctional" time="28.312"/>
  <testcase name="arithmetic" classname="de.uka.ilkd.key.proof.runallproofs.RunAllProofsFunctional" time="469.174"/>
  <testcase name="arrays" classname="de.uka.ilkd.key.proof.runallproofs.RunAllProofsFunctional" time="54.124"/>
  <testcase name="javadl" classname="de.uka.ilkd.key.proof.runallproofs.RunAllProofsFunctional" time="580.291"/>
  <testcase name="FOL" classname="de.uka.ilkd.key.proof.runallproofs.RunAllProofsFunctional" time="259.055"/>
  <testcase name="strings" classname="de.uka.ilkd.key.proof.runallproofs.RunAllProofsFunctional" time="155.052"/>
  <testcase name="simple_info_flow" classname="de.uka.ilkd.key.proof.runallproofs.RunAllProofsFunctional" time="12.806"/>
  <testcase name="modelMethods" classname="de.uka.ilkd.key.proof.runallproofs.RunAllProofsFunctional" time="172.929"/>
  <testcase name="permissionHeap" classname="de.uka.ilkd.key.proof.runallproofs.RunAllProofsFunctional" time="773.65"/>
  <testcase name="completionScopes" classname="de.uka.ilkd.key.proof.runallproofs.RunAllProofsFunctional" time="50.276"/>
  <testcase name="reload_examples" classname="de.uka.ilkd.key.proof.runallproofs.RunAllProofsFunctional" time="40.995"/>
  <testcase name="proofLoadRepair" classname="de.uka.ilkd.key.proof.runallproofs.RunAllProofsFunctional" time="18.329"/>
  <testcase name="switch" classname="de.uka.ilkd.key.proof.runallproofs.RunAllProofsFunctional" time="62.06"/>
  <testcase name="redux" classname="de.uka.ilkd.key.proof.runallproofs.RunAllProofsFunctional" time="120.583"/>
  <system-out><![CDATA[189        INFO  Test worker     d.u.i.k.p.r.p.StatisticsFile Running test newBook 
401        INFO  Timeout watchdog d.u.i.k.p.r.p.ForkedTestFileRunner Timeout watcher launched (2000 secs.) 
410        WARN  main            d.u.i.k.s.ProofSettings   No proof-settings could be loaded, using defaults java.io.FileNotFoundException: /home/runner/.key/proof-settings.props (No such file or directory)
	at java.base/java.io.FileInputStream.open0(Native Method)

438        INFO  main            d.u.i.k.p.r.p.TestFile    Now processing file /home/runner/work/key/key/key.core/../key.ui/examples/newBook/09.list_modelfield/ArrayList.add.key 
572        INFO  main            d.u.i.k.p.i.AbstractProblemLoader Loading environment from /home/runner/work/key/key/key.core/../key.ui/examples/newBook/09.list_modelfield/ArrayList.add.key 
589        DEBUG main            d.u.i.k.p.i.AbstractProblemLoader Environment load took 2.44ms 
829        INFO  main            d.u.i.k.p.i.AbstractProblemLoader Creating init config 
1751       DEBUG main            d.u.i.k.j.TypeConverter   No LDT found for Meta 
1752       DEBUG main            d.u.i.k.j.TypeConverter   No LDT found for Meta 
1756       DEBUG main            d.u.i.k.j.TypeConverter   No LDT found for Meta 
1756       DEBUG main            d.u.i.k.j.TypeConverter   No LDT found for Meta 
3241       DEBUG main            d.u.i.k.j.TypeConverter   No LDT found for JavaBigintExpression 
8142       DEBUG main            d.u.i.k.p.i.AbstractProblemLoader Init config took 7.31s 
8269       INFO  main            d.u.i.k.p.i.AbstractProblemLoader Replaying proof ArrayList[List::add(int)].JML normal_behavior operation contract.0 
8298       DEBUG main            d.u.i.k.p.i.IntermediateProofReplayer Proof replay took 29.6ns 
24691      INFO  main            d.u.i.k.p.r.p.TestFile    ... finished proof: closed. 
24923      INFO  main            d.u.i.k.p.i.AbstractProblemLoader Loading environment from /home/runner/work/key/key/key.core/../key.ui/examples/newBook/09.list_modelfield/ArrayList.add.key.proof 
24924      DEBUG main            d.u.i.k.p.i.AbstractProblemLoader Environment load took 142.4ns 
24934      INFO  main            d.u.i.k.p.i.AbstractProblemLoader Creating init config 
27742      DEBUG main            d.u.i.k.p.i.AbstractProblemLoader Init config took 2.81s 
27817      INFO  main            d.u.i.k.p.i.AbstractProblemLoader Replaying proof ArrayList[List::add(int)].JML normal_behavior operation contract.0 
29135      DEBUG main            d.u.i.k.p.i.IntermediateProofReplayer Proof replay took 1.24s 
29145      DEBUG main            d.u.i.k.p.r.p.TestFile    ... success: reloaded. 
29147      INFO  main            d.u.i.k.p.r.p.TestFile    Now processing file /home/runner/work/key/key/key.core/../key.ui/examples/newBook/09.list_modelfield/ArrayList.remFirst.key 
29147      INFO  main            d.u.i.k.p.i.AbstractProblemLoader Loading environment from /home/runner/work/key/key/key.core/../key.ui/examples/newBook/09.list_modelfield/ArrayList.remFirst.key 
29147      DEBUG main            d.u.i.k.p.i.AbstractProblemLoader Environment load took 67.8ns 
29148      INFO  main            d.u.i.k.p.i.AbstractProblemLoader Creating init config 
31747      DEBUG main            d.u.i.k.p.i.AbstractProblemLoader Init config took 2.6s 
31805      INFO  main            d.u.i.k.p.i.AbstractProblemLoader Replaying proof ArrayList[List::remFirst()].JML normal_behavior operation contract.0 
31807      DEBUG main            d.u.i.k.p.i.IntermediateProofReplayer Proof replay took 5.3ns 
36069      INFO  main            d.u.i.k.p.r.p.TestFile    ... finished proof: closed. 
36267      INFO  main            d.u.i.k.p.i.AbstractProblemLoader Loading environment from /home/runner/work/key/key/key.core/../key.ui/examples/newBook/09.list_modelfield/ArrayList.remFirst.key.proof 
36267      DEBUG main            d.u.i.k.p.i.AbstractProblemLoader Environment load took 131ns 
36270      INFO  main            d.u.i.k.p.i.AbstractProblemLoader Creating init config 
38769      DEBUG main            d.u.i.k.p.i.AbstractProblemLoader Init config took 2.5s 
38822      INFO  main            d.u.i.k.p.i.AbstractProblemLoader Replaying proof ArrayList[List::remFirst()].JML normal_behavior operation contract.0 
39448      DEBUG main            d.u.i.k.p.i.IntermediateProofReplayer Proof replay took 606.89ms 
39450      DEBUG main            d.u.i.k.p.r.p.TestFile    ... success: reloaded. 
39451      INFO  main            d.u.i.k.p.r.p.TestFile    Now processing file /home/runner/work/key/key/key.core/../key.ui/examples/newBook/09.list_modelfield/ArrayList.empty.key 
39452      INFO  main            d.u.i.k.p.i.AbstractProblemLoader Loading environment from /home/runner/work/key/key/key.core/../key.ui/examples/newBook/09.list_modelfield/ArrayList.empty.key 
39452      DEBUG main            d.u.i.k.p.i.AbstractProblemLoader Environment load took 398.31ns 
39454      INFO  main            d.u.i.k.p.i.AbstractProblemLoader Creating init config 
42003      DEBUG main            d.u.i.k.p.i.AbstractProblemLoader Init config took 2.55s 
42053      INFO  main            d.u.i.k.p.i.AbstractProblemLoader Replaying proof ArrayList[List::empty()].JML normal_behavior operation contract.0 
42055      DEBUG main            d.u.i.k.p.i.IntermediateProofReplayer Proof replay took 6.4ns 
42960      INFO  main            d.u.i.k.p.r.p.TestFile    ... finished proof: closed. 
43115      INFO  main            d.u.i.k.p.i.AbstractProblemLoader Loading environment from /home/runner/work/key/key/key.core/../key.ui/examples/newBook/09.list_modelfield/ArrayList.empty.key.proof 
43116      DEBUG main            d.u.i.k.p.i.AbstractProblemLoader Environment load took 711.32ns 
43118      INFO  main            d.u.i.k.p.i.AbstractProblemLoader Creating init config 
45595      DEBUG main            d.u.i.k.p.i.AbstractProblemLoader Init config took 2.48s 
45650      INFO  main            d.u.i.k.p.i.AbstractProblemLoader Replaying proof ArrayList[List::empty()].JML normal_behavior operation contract.0 
45789      DEBUG main            d.u.i.k.p.i.IntermediateProofReplayer Proof replay took 129.61ms 
45799      DEBUG main            d.u.i.k.p.r.p.TestFile    ... success: reloaded. 
45801      INFO  main            d.u.i.k.p.r.p.TestFile    Now processing file /home/runner/work/key/key/key.core/../key.ui/examples/newBook/09.list_modelfield/ArrayList.size.key 
45803      INFO  main            d.u.i.k.p.i.AbstractProblemLoader Loading environment from /home/runner/work/key/key/key.core/../key.ui/examples/newBook/09.list_modelfield/ArrayList.size.key 
45803      DEBUG main            d.u.i.k.p.i.AbstractProblemLoader Environment load took 464.71ns 
45805      INFO  main            d.u.i.k.p.i.AbstractProblemLoader Creating init config 
48314      DEBUG main            d.u.i.k.p.i.AbstractProblemLoader Init config took 2.51s 
48360      INFO  main            d.u.i.k.p.i.AbstractProblemLoader Replaying proof ArrayList[List::size()].JML normal_behavior operation contract.0 
48361      DEBUG main            d.u.i.k.p.i.IntermediateProofReplayer Proof replay took 6.1ns 
48768      INFO  main            d.u.i.k.p.r.p.TestFile    ... finished proof: closed. 
48944      INFO  main            d.u.i.k.p.i.AbstractProblemLoader Loading environment from /home/runner/work/key/key/key.core/../key.ui/examples/newBook/09.list_modelfield/ArrayList.size.key.proof 
48944      DEBUG main            d.u.i.k.p.i.AbstractProblemLoader Environment load took 122.5ns 
48945      INFO  main            d.u.i.k.p.i.AbstractProblemLoader Creating init config 
51401      DEBUG main            d.u.i.k.p.i.AbstractProblemLoader Init config took 2.46s 
51446      INFO  main            d.u.i.k.p.i.AbstractProblemLoader Replaying proof ArrayList[List::size()].JML normal_behavior operation contract.0 
51501      DEBUG main            d.u.i.k.p.i.IntermediateProofReplayer Proof replay took 51.57ms 
51502      DEBUG main            d.u.i.k.p.r.p.TestFile    ... success: reloaded. 
51503      INFO  main            d.u.i.k.p.r.p.TestFile    Now processing file /home/runner/work/key/key/key.core/../key.ui/examples/newBook/09.list_modelfield/ArrayList.get.key 
51503      INFO  main            d.u.i.k.p.i.AbstractProblemLoader Loading environment from /home/runner/work/key/key/key.core/../key.ui/examples/newBook/09.list_modelfield/ArrayList.get.key 
51504      DEBUG main            d.u.i.k.p.i.AbstractProblemLoader Environment load took 461.11ns 
51505      INFO  main            d.u.i.k.p.i.AbstractProblemLoader Creating init config 
53938      DEBUG main            d.u.i.k.p.i.AbstractProblemLoader Init config took 2.43s 
53986      INFO  main            d.u.i.k.p.i.AbstractProblemLoader Replaying proof ArrayList[List::get(int)].JML normal_behavior operation contract.0 
53987      DEBUG main            d.u.i.k.p.i.IntermediateProofReplayer Proof replay took 5.9ns 
54892      INFO  main            d.u.i.k.p.r.p.TestFile    ... finished proof: closed. 
55053      INFO  main            d.u.i.k.p.i.AbstractProblemLoader Loading environment from /home/runner/work/key/key/key.core/../key.ui/examples/newBook/09.list_modelfield/ArrayList.get.key.proof 
55054      DEBUG main            d.u.i.k.p.i.AbstractProblemLoader Environment load took 869.52ns 
55056      INFO  main            d.u.i.k.p.i.AbstractProblemLoader Creating init config 
57484      DEBUG main            d.u.i.k.p.i.AbstractProblemLoader Init config took 2.43s 
57528      INFO  main            d.u.i.k.p.i.AbstractProblemLoader Replaying proof ArrayList[List::get(int)].JML normal_behavior operation contract.0 
57662      DEBUG main            d.u.i.k.p.i.IntermediateProofReplayer Proof replay took 127.36ms 
57663      DEBUG main            d.u.i.k.p.r.p.TestFile    ... success: reloaded. 
58132      INFO  Test worker     d.u.i.k.p.r.p.StatisticsFile Returning from test newBook 
58158      INFO  Test worker     d.u.i.k.p.r.p.StatisticsFile Running test oldBook 
366        INFO  Timeout watchdog d.u.i.k.p.r.p.ForkedTestFileRunner Timeout watcher launched (2000 secs.) 
385        WARN  main            d.u.i.k.s.ProofSettings   The settings in /home/runner/.key/proof-settings.props are *not* read. 
432        INFO  main            d.u.i.k.p.r.p.TestFile    Now processing file /home/runner/work/key/key/key.core/../key.ui/examples/standard_key/BookExamples/02FirstOrderLogic/Ex2.58.key 
575        INFO  main            d.u.i.k.p.i.AbstractProblemLoader Loading environment from /home/runner/work/key/key/key.core/../key.ui/examples/standard_key/BookExamples/02FirstOrderLogic/Ex2.58.key 
591        DEBUG main            d.u.i.k.p.i.AbstractProblemLoader Environment load took 2.24ms 
822        INFO  main            d.u.i.k.p.i.AbstractProblemLoader Creating init config 
1650       DEBUG main            d.u.i.k.j.TypeConverter   No LDT found for Meta 
1650       DEBUG main            d.u.i.k.j.TypeConverter   No LDT found for Meta 
1651       DEBUG main            d.u.i.k.j.TypeConverter   No LDT found for Meta 
1651       DEBUG main            d.u.i.k.j.TypeConverter   No LDT found for Meta 
2969       DEBUG main            d.u.i.k.j.TypeConverter   No LDT found for JavaBigintExpression 
7858       DEBUG main            d.u.i.k.p.i.AbstractProblemLoader Init config took 7.04s 
7920       INFO  main            d.u.i.k.p.i.AbstractProblemLoader Replaying proof Ex2.58.key 
7950       DEBUG main            d.u.i.k.p.i.IntermediateProofReplayer Proof replay took 30.9ns 
8117       INFO  main            d.u.i.k.p.r.p.TestFile    ... finished proof: closed. 
8203       INFO  main            d.u.i.k.p.i.AbstractProblemLoader Loading environment from /home/runner/work/key/key/key.core/../key.ui/examples/standard_key/BookExamples/02FirstOrderLogic/Ex2.58.key.proof 
8204       DEBUG main            d.u.i.k.p.i.AbstractProblemLoader Environment load took 130.9ns 
8207       INFO  main            d.u.i.k.p.i.AbstractProblemLoader Creating init config 
10882      DEBUG main            d.u.i.k.p.i.AbstractProblemLoader Init config took 2.67s 
10914      INFO  main            d.u.i.k.p.i.AbstractProblemLoader Replaying proof Ex2.58.key.proof 
10924      DEBUG main            d.u.i.k.p.i.IntermediateProofReplayer Proof replay took 4.93ms 
10935      DEBUG main            d.u.i.k.p.r.p.TestFile    ... success: reloaded. 
10937      INFO  main            d.u.i.k.p.r.p.TestFile    Now processing file /home/runner/work/key/key/key.core/../key.ui/examples/standard_key/BookExamples/03DynamicLogic/Sect3.3.1.key 
10938      INFO  main            d.u.i.k.p.i.AbstractProblemLoader Loading environment from /home/runner/work/key/key/key.core/../key.ui/examples/standard_key/BookExamples/03DynamicLogic/Sect3.3.1.key 
10938      DEBUG main            d.u.i.k.p.i.AbstractProblemLoader Environment load took 405.01ns 
10940      INFO  main            d.u.i.k.p.i.AbstractProblemLoader Creating init config 
13495      DEBUG main            d.u.i.k.p.i.AbstractProblemLoader Init config took 2.56s 
13528      INFO  main            d.u.i.k.p.i.AbstractProblemLoader Replaying proof Sect3.3.1.key 
13533      DEBUG main            d.u.i.k.p.i.IntermediateProofReplayer Proof replay took 6.6ns 
14038      INFO  main            d.u.i.k.p.r.p.TestFile    ... finished proof: closed. 
14184      INFO  main            d.u.i.k.p.i.AbstractProblemLoader Loading environment from /home/runner/work/key/key/key.core/../key.ui/examples/standard_key/BookExamples/03DynamicLogic/Sect3.3.1.key.proof 
14186      DEBUG main            d.u.i.k.p.i.AbstractProblemLoader Environment load took 2.54ms 
14190      INFO  main            d.u.i.k.p.i.AbstractProblemLoader Creating init config 
16668      DEBUG main            d.u.i.k.p.i.AbstractProblemLoader Init config took 2.48s 
16705      INFO  main            d.u.i.k.p.i.AbstractProblemLoader Replaying proof Sect3.3.1.key.proof 
16802      DEBUG main            d.u.i.k.p.i.IntermediateProofReplayer Proof replay took 85.49ms 
16803      DEBUG main            d.u.i.k.p.r.p.TestFile    ... success: reloaded. 
75212      INFO  Test worker     d.u.i.k.p.r.p.StatisticsFile Returning from test oldBook 
75215      INFO  Test worker     d.u.i.k.p.r.p.StatisticsFile Running test comprehensions 
403        INFO  Timeout watchdog d.u.i.k.p.r.p.ForkedTestFileRunner Timeout watcher launched (2000 secs.) 
419        WARN  main            d.u.i.k.s.ProofSettings   The settings in /home/runner/.key/proof-settings.props are *not* read. 
454        INFO  main            d.u.i.k.p.r.p.TestFile    Now processing file /home/runner/work/key/key/key.core/../key.ui/examples/heap/comprehensions/general_sum.key 
561        INFO  main            d.u.i.k.p.i.AbstractProblemLoader Loading environment from /home/runner/work/key/key/key.core/../key.ui/examples/heap/comprehensions/general_sum.key 
576        DEBUG main            d.u.i.k.p.i.AbstractProblemLoader Environment load took 1.91ms 
789        INFO  main            d.u.i.k.p.i.AbstractProblemLoader Creating init config 
1628       DEBUG main            d.u.i.k.j.TypeConverter   No LDT found for Meta 
1628       DEBUG main            d.u.i.k.j.TypeConverter   No LDT found for Meta 
1632       DEBUG main            d.u.i.k.j.TypeConverter   No LDT found for Meta 
1632       DEBUG main            d.u.i.k.j.TypeConverter   No LDT found for Meta 
2894       DEBUG main            d.u.i.k.j.TypeConverter   No LDT found for JavaBigintExpression 
7878       DEBUG main            d.u.i.k.p.i.AbstractProblemLoader Init config took 7.09s 
8013       INFO  main            d.u.i.k.p.i.AbstractProblemLoader Replaying proof GSum[GSum::doNothing()].JML operation contract.0 
8051       DEBUG main            d.u.i.k.p.i.IntermediateProofReplayer Proof replay took 31.1ns 
8383       INFO  main            d.u.i.k.p.r.p.TestFile    ... finished proof: closed. 
8477       INFO  main            d.u.i.k.p.i.AbstractProblemLoader Loading environment from /home/runner/work/key/key/key.core/../key.ui/examples/heap/comprehensions/general_sum.key.proof 
8477       DEBUG main            d.u.i.k.p.i.AbstractProblemLoader Environment load took 128.4ns 
8480       INFO  main            d.u.i.k.p.i.AbstractProblemLoader Creating init config 
11362      DEBUG main            d.u.i.k.p.i.AbstractProblemLoader Init config took 2.88s 
11448      INFO  main            d.u.i.k.p.i.AbstractProblemLoader Replaying proof GSum[GSum::doNothing()].JML operation contract.0 
11488      DEBUG main            d.u.i.k.p.i.IntermediateProofReplayer Proof replay took 30.54ms 
11502      DEBUG main            d.u.i.k.p.r.p.TestFile    ... success: reloaded. 
11509      INFO  main            d.u.i.k.p.r.p.TestFile    Now processing file /home/runner/work/key/key/key.core/../key.ui/examples/heap/comprehensions/sum0.key 
11509      INFO  main            d.u.i.k.p.i.AbstractProblemLoader Loading environment from /home/runner/work/key/key/key.core/../key.ui/examples/heap/comprehensions/sum0.key 
11509      DEBUG main            d.u.i.k.p.i.AbstractProblemLoader Environment load took 80.3ns 
11512      INFO  main            d.u.i.k.p.i.AbstractProblemLoader Creating init config 
14246      DEBUG main            d.u.i.k.p.i.AbstractProblemLoader Init config took 2.73s 
14307      INFO  main            d.u.i.k.p.i.AbstractProblemLoader Replaying proof Sum[Sum::sum0([I)].JML normal_behavior operation contract.0 
14310      DEBUG main            d.u.i.k.p.i.IntermediateProofReplayer Proof replay took 6.1ns 
14442      DEBUG Thread-4        d.u.i.k.l.l.OriginTermLabel commonFileName is null! 
14447      DEBUG Thread-4        d.u.i.k.l.l.OriginTermLabel commonFileName is null! 
14608      DEBUG Thread-4        d.u.i.k.l.l.OriginTermLabel commonFileName is null! 
14609      DEBUG Thread-4        d.u.i.k.l.l.OriginTermLabel commonFileName is null! 
14824      DEBUG Thread-4        d.u.i.k.l.l.OriginTermLabel commonFileName is null! 
15021      INFO  main            d.u.i.k.p.r.p.TestFile    ... finished proof: closed. 
15159      INFO  main            d.u.i.k.p.i.AbstractProblemLoader Loading environment from /home/runner/work/key/key/key.core/../key.ui/examples/heap/comprehensions/sum0.key.proof 
15163      DEBUG main            d.u.i.k.p.i.AbstractProblemLoader Environment load took 3.6ms 
15164      INFO  main            d.u.i.k.p.i.AbstractProblemLoader Creating init config 
17812      DEBUG main            d.u.i.k.p.i.AbstractProblemLoader Init config took 2.65s 
17867      INFO  main            d.u.i.k.p.i.AbstractProblemLoader Replaying proof Sum[Sum::sum0([I)].JML normal_behavior operation contract.0 
17918      DEBUG main            d.u.i.k.l.l.OriginTermLabel commonFileName is null! 
17918      DEBUG main            d.u.i.k.l.l.OriginTermLabel commonFileName is null! 
18011      DEBUG main            d.u.i.k.l.l.OriginTermLabel commonFileName is null! 
18065      DEBUG main            d.u.i.k.l.l.OriginTermLabel commonFileName is null! 
18066      DEBUG main            d.u.i.k.l.l.OriginTermLabel commonFileName is null! 
18068      DEBUG main            d.u.i.k.p.i.IntermediateProofReplayer Proof replay took 189.32ms 
18069      DEBUG main            d.u.i.k.p.r.p.TestFile    ... success: reloaded. 
18070      INFO  main            d.u.i.k.p.r.p.TestFile    Now processing file /home/runner/work/key/key/key.core/../key.ui/examples/heap/comprehensions/sum1.key 
18070      INFO  main            d.u.i.k.p.i.AbstractProblemLoader Loading environment from /home/runner/work/key/key/key.core/../key.ui/examples/heap/comprehensions/sum1.key 
18071      DEBUG main            d.u.i.k.p.i.AbstractProblemLoader Environment load took 197ns 
18073      INFO  main            d.u.i.k.p.i.AbstractProblemLoader Creating init config 
20746      DEBUG main            d.u.i.k.p.i.AbstractProblemLoader Init config took 2.67s 
20791      INFO  main            d.u.i.k.p.i.AbstractProblemLoader Replaying proof Sum[Sum::sum1([I)].JML normal_behavior operation contract.0 
20793      DEBUG main            d.u.i.k.p.i.IntermediateProofReplayer Proof replay took 5.3ns 
20846      DEBUG Thread-7        d.u.i.k.l.l.OriginTermLabel commonFileName is null! 
20848      DEBUG Thread-7        d.u.i.k.l.l.OriginTermLabel commonFileName is null! 
20998      DEBUG Thread-7        d.u.i.k.l.l.OriginTermLabel commonFileName is null! 
20999      DEBUG Thread-7        d.u.i.k.l.l.OriginTermLabel commonFileName is null! 
21126      DEBUG Thread-7        d.u.i.k.l.l.OriginTermLabel commonFileName is null! 
21297      INFO  main            d.u.i.k.p.r.p.TestFile    ... finished proof: closed. 
21449      INFO  main            d.u.i.k.p.i.AbstractProblemLoader Loading environment from /home/runner/work/key/key/key.core/../key.ui/examples/heap/comprehensions/sum1.key.proof 
21450      DEBUG main            d.u.i.k.p.i.AbstractProblemLoader Environment load took 1.21ms 
21452      INFO  main            d.u.i.k.p.i.AbstractProblemLoader Creating init config 
24061      DEBUG main            d.u.i.k.p.i.AbstractProblemLoader Init config took 2.61s 
24105      INFO  main            d.u.i.k.p.i.AbstractProblemLoader Replaying proof Sum[Sum::sum1([I)].JML normal_behavior operation contract.0 
24145      DEBUG main            d.u.i.k.l.l.OriginTermLabel commonFileName is null! 
24146      DEBUG main            d.u.i.k.l.l.OriginTermLabel commonFileName is null! 
24187      DEBUG main            d.u.i.k.l.l.OriginTermLabel commonFileName is null! 
24218      DEBUG main            d.u.i.k.l.l.OriginTermLabel commonFileName is null! 
24220      DEBUG main            d.u.i.k.l.l.OriginTermLabel commonFileName is null! 
24223      DEBUG main            d.u.i.k.p.i.IntermediateProofReplayer Proof replay took 112.96ms 
24226      DEBUG main            d.u.i.k.p.r.p.TestFile    ... success: reloaded. 
24227      INFO  main            d.u.i.k.p.r.p.TestFile    Now processing file /home/runner/work/key/key/key.core/../key.ui/examples/heap/comprehensions/sum2.key 
24228      INFO  main            d.u.i.k.p.i.AbstractProblemLoader Loading environment from /home/runner/work/key/key/key.core/../key.ui/examples/heap/comprehensions/sum2.key 
24228      DEBUG main            d.u.i.k.p.i.AbstractProblemLoader Environment load took 331.21ns 
24229      INFO  main            d.u.i.k.p.i.AbstractProblemLoader Creating init config 
26890      DEBUG main            d.u.i.k.p.i.AbstractProblemLoader Init config took 2.66s 
26932      INFO  main            d.u.i.k.p.i.AbstractProblemLoader Replaying proof Sum[Sum::sum2([I)].JML normal_behavior operation contract.0 
26934      DEBUG main            d.u.i.k.p.i.IntermediateProofReplayer Proof replay took 5.6ns 
26975      DEBUG Thread-10       d.u.i.k.l.l.OriginTermLabel commonFileName is null! 
26976      DEBUG Thread-10       d.u.i.k.l.l.OriginTermLabel commonFileName is null! 
27072      DEBUG Thread-10       d.u.i.k.l.l.OriginTermLabel commonFileName is null! 
27073      DEBUG Thread-10       d.u.i.k.l.l.OriginTermLabel commonFileName is null! 
27141      DEBUG Thread-10       d.u.i.k.l.l.OriginTermLabel commonFileName is null! 
27236      INFO  main            d.u.i.k.p.r.p.TestFile    ... finished proof: closed. 
27424      INFO  main            d.u.i.k.p.i.AbstractProblemLoader Loading environment from /home/runner/work/key/key/key.core/../key.ui/examples/heap/comprehensions/sum2.key.proof 
27425      DEBUG main            d.u.i.k.p.i.AbstractProblemLoader Environment load took 678.42ns 
27426      INFO  main            d.u.i.k.p.i.AbstractProblemLoader Creating init config 
30029      DEBUG main            d.u.i.k.p.i.AbstractProblemLoader Init config took 2.6s 
30071      INFO  main            d.u.i.k.p.i.AbstractProblemLoader Replaying proof Sum[Sum::sum2([I)].JML normal_behavior operation contract.0 
30095      DEBUG main            d.u.i.k.l.l.OriginTermLabel commonFileName is null! 
30095      DEBUG main            d.u.i.k.l.l.OriginTermLabel commonFileName is null! 
30127      DEBUG main            d.u.i.k.l.l.OriginTermLabel commonFileName is null! 
30151      DEBUG main            d.u.i.k.l.l.OriginTermLabel commonFileName is null! 
30151      DEBUG main            d.u.i.k.l.l.OriginTermLabel commonFileName is null! 
30152      DEBUG main            d.u.i.k.p.i.IntermediateProofReplayer Proof replay took 78.04ms 
30153      DEBUG main            d.u.i.k.p.r.p.TestFile    ... success: reloaded. 
30154      INFO  main            d.u.i.k.p.r.p.TestFile    Now processing file /home/runner/work/key/key/key.core/../key.ui/examples/heap/comprehensions/sum3.key 
30154      INFO  main            d.u.i.k.p.i.AbstractProblemLoader Loading environment from /home/runner/work/key/key/key.core/../key.ui/examples/heap/comprehensions/sum3.key 
30154      DEBUG main            d.u.i.k.p.i.AbstractProblemLoader Environment load took 59.9ns 
30155      INFO  main            d.u.i.k.p.i.AbstractProblemLoader Creating init config 
32801      DEBUG main            d.u.i.k.p.i.AbstractProblemLoader Init config took 2.65s 
32841      INFO  main            d.u.i.k.p.i.AbstractProblemLoader Replaying proof Sum[Sum::sum3([I)].JML normal_behavior operation contract.0 
32843      DEBUG main            d.u.i.k.p.i.IntermediateProofReplayer Proof replay took 5.7ns 
32890      DEBUG Thread-13       d.u.i.k.l.l.OriginTermLabel commonFileName is null! 
32890      DEBUG Thread-13       d.u.i.k.l.l.OriginTermLabel commonFileName is null! 
33013      DEBUG Thread-13       d.u.i.k.l.l.OriginTermLabel commonFileName is null! 
33014      DEBUG Thread-13       d.u.i.k.l.l.OriginTermLabel commonFileName is null! 
33124      DEBUG Thread-13       d.u.i.k.l.l.OriginTermLabel commonFileName is null! 
33246      INFO  main            d.u.i.k.p.r.p.TestFile    ... finished proof: closed. 
33389      INFO  main            d.u.i.k.p.i.AbstractProblemLoader Loading environment from /home/runner/work/key/key/key.core/../key.ui/examples/heap/comprehensions/sum3.key.proof 
33389      DEBUG main            d.u.i.k.p.i.AbstractProblemLoader Environment load took 112ns 
33390      INFO  main            d.u.i.k.p.i.AbstractProblemLoader Creating init config 
36076      DEBUG main            d.u.i.k.p.i.AbstractProblemLoader Init config took 2.69s 
36118      INFO  main            d.u.i.k.p.i.AbstractProblemLoader Replaying proof Sum[Sum::sum3([I)].JML normal_behavior operation contract.0 
36145      DEBUG main            d.u.i.k.l.l.OriginTermLabel commonFileName is null! 
36145      DEBUG main            d.u.i.k.l.l.OriginTermLabel commonFileName is null! 
36179      DEBUG main            d.u.i.k.l.l.OriginTermLabel commonFileName is null! 
36201      DEBUG main            d.u.i.k.l.l.OriginTermLabel commonFileName is null! 
36201      DEBUG main            d.u.i.k.l.l.OriginTermLabel commonFileName is null! 
36203      DEBUG main            d.u.i.k.p.i.IntermediateProofReplayer Proof replay took 81.54ms 
36204      DEBUG main            d.u.i.k.p.r.p.TestFile    ... success: reloaded. 
36205      INFO  main            d.u.i.k.p.r.p.TestFile    Now processing file /home/runner/work/key/key/key.core/../key.ui/examples/heap/comprehensions/segsum.key 
36205      INFO  main            d.u.i.k.p.i.AbstractProblemLoader Loading environment from /home/runner/work/key/key/key.core/../key.ui/examples/heap/comprehensions/segsum.key 
36205      DEBUG main            d.u.i.k.p.i.AbstractProblemLoader Environment load took 60.5ns 
36206      INFO  main            d.u.i.k.p.i.AbstractProblemLoader Creating init config 
38812      DEBUG main            d.u.i.k.p.i.AbstractProblemLoader Init config took 2.61s 
38854      INFO  main            d.u.i.k.p.i.AbstractProblemLoader Replaying proof SegSum[SegSum::segSum([I,int,int)].JML normal_behavior operation contract.0 
38857      DEBUG main            d.u.i.k.p.i.IntermediateProofReplayer Proof replay took 5.8ns 
39260      INFO  main            d.u.i.k.p.r.p.TestFile    ... finished proof: closed. 
39405      INFO  main            d.u.i.k.p.i.AbstractProblemLoader Loading environment from /home/runner/work/key/key/key.core/../key.ui/examples/heap/comprehensions/segsum.key.proof 
39405      DEBUG main            d.u.i.k.p.i.AbstractProblemLoader Environment load took 838.12ns 
39407      INFO  main            d.u.i.k.p.i.AbstractProblemLoader Creating init config 
41944      DEBUG main            d.u.i.k.p.i.AbstractProblemLoader Init config took 2.54s 
41985      INFO  main            d.u.i.k.p.i.AbstractProblemLoader Replaying proof SegSum[SegSum::segSum([I,int,int)].JML normal_behavior operation contract.0 
42069      DEBUG main            d.u.i.k.p.i.IntermediateProofReplayer Proof replay took 75.92ms 
42073      DEBUG main            d.u.i.k.p.r.p.TestFile    ... success: reloaded. 
42074      INFO  main            d.u.i.k.p.r.p.TestFile    Now processing file /home/runner/work/key/key/key.core/../key.ui/examples/heap/comprehensions/bsum_negative.key 
42075      INFO  main            d.u.i.k.p.i.AbstractProblemLoader Loading environment from /home/runner/work/key/key/key.core/../key.ui/examples/heap/comprehensions/bsum_negative.key 
42077      DEBUG main            d.u.i.k.p.i.AbstractProblemLoader Environment load took 1.84ms 
42078      INFO  main            d.u.i.k.p.i.AbstractProblemLoader Creating init config 
44611      DEBUG main            d.u.i.k.p.i.AbstractProblemLoader Init config took 2.53s 
44630      INFO  main            d.u.i.k.p.i.AbstractProblemLoader Replaying proof bsum_negative.key 
44631      DEBUG main            d.u.i.k.p.i.IntermediateProofReplayer Proof replay took 5.6ns 
44733      INFO  main            d.u.i.k.p.r.p.TestFile    ... finished proof: closed. 
44882      INFO  main            d.u.i.k.p.i.AbstractProblemLoader Loading environment from /home/runner/work/key/key/key.core/../key.ui/examples/heap/comprehensions/bsum_negative.key.proof 
44882      DEBUG main            d.u.i.k.p.i.AbstractProblemLoader Environment load took 107.7ns 
44883      INFO  main            d.u.i.k.p.i.AbstractProblemLoader Creating init config 
47267      DEBUG main            d.u.i.k.p.i.AbstractProblemLoader Init config took 2.38s 
47302      INFO  main            d.u.i.k.p.i.AbstractProblemLoader Replaying proof bsum_negative.key.proof 
47305      DEBUG main            d.u.i.k.p.i.IntermediateProofReplayer Proof replay took 1.43ms 
47305      DEBUG main            d.u.i.k.p.r.p.TestFile    ... success: reloaded. 
47306      INFO  main            d.u.i.k.p.r.p.TestFile    Now processing file /home/runner/work/key/key/key.core/../key.ui/examples/heap/comprehensions/bsum_neg2.key 
47306      INFO  main            d.u.i.k.p.i.AbstractProblemLoader Loading environment from /home/runner/work/key/key/key.core/../key.ui/examples/heap/comprehensions/bsum_neg2.key 
47306      DEBUG main            d.u.i.k.p.i.AbstractProblemLoader Environment load took 67.3ns 
47307      INFO  main            d.u.i.k.p.i.AbstractProblemLoader Creating init config 
49724      DEBUG main            d.u.i.k.p.i.AbstractProblemLoader Init config took 2.42s 
49743      INFO  main            d.u.i.k.p.i.AbstractProblemLoader Replaying proof bsum_neg2.key 
49745      DEBUG main            d.u.i.k.p.i.IntermediateProofReplayer Proof replay took 6ns 
49847      INFO  main            d.u.i.k.p.r.p.TestFile    ... finished proof: closed. 
49999      INFO  main            d.u.i.k.p.i.AbstractProblemLoader Loading environment from /home/runner/work/key/key/key.core/../key.ui/examples/heap/comprehensions/bsum_neg2.key.proof 
49999      DEBUG main            d.u.i.k.p.i.AbstractProblemLoader Environment load took 112.2ns 
50000      INFO  main            d.u.i.k.p.i.AbstractProblemLoader Creating init config 
52390      DEBUG main            d.u.i.k.p.i.AbstractProblemLoader Init config took 2.39s 
52408      INFO  main            d.u.i.k.p.i.AbstractProblemLoader Replaying proof bsum_neg2.key.proof 
52410      DEBUG main            d.u.i.k.p.i.IntermediateProofReplayer Proof replay took 825.32ns 
52411      DEBUG main            d.u.i.k.p.r.p.TestFile    ... success: reloaded. 
52412      INFO  main            d.u.i.k.p.r.p.TestFile    Now processing file /home/runner/work/key/key/key.core/../key.ui/examples/heap/comprehensions/bsumSplit.key 
52413      INFO  main            d.u.i.k.p.i.AbstractProblemLoader Loading environment from /home/runner/work/key/key/key.core/../key.ui/examples/heap/comprehensions/bsumSplit.key 
52413      DEBUG main            d.u.i.k.p.i.AbstractProblemLoader Environment load took 297.51ns 
52414      INFO  main            d.u.i.k.p.i.AbstractProblemLoader Creating init config 
54799      DEBUG main            d.u.i.k.p.i.AbstractProblemLoader Init config took 2.39s 
54815      INFO  main            d.u.i.k.p.i.AbstractProblemLoader Replaying proof bsumSplit.key 
54816      DEBUG main            d.u.i.k.p.i.IntermediateProofReplayer Proof replay took 6.3ns 
54918      INFO  main            d.u.i.k.p.r.p.TestFile    ... finished proof: closed. 
55087      INFO  main            d.u.i.k.p.i.AbstractProblemLoader Loading environment from /home/runner/work/key/key/key.core/../key.ui/examples/heap/comprehensions/bsumSplit.key.proof 
55087      DEBUG main            d.u.i.k.p.i.AbstractProblemLoader Environment load took 108.4ns 
55088      INFO  main            d.u.i.k.p.i.AbstractProblemLoader Creating init config 
57472      DEBUG main            d.u.i.k.p.i.AbstractProblemLoader Init config took 2.38s 
57487      INFO  main            d.u.i.k.p.i.AbstractProblemLoader Replaying proof bsumSplit.key.proof 
57496      DEBUG main            d.u.i.k.p.i.IntermediateProofReplayer Proof replay took 3.72ms 
57499      DEBUG main            d.u.i.k.p.r.p.TestFile    ... success: reloaded. 
57500      INFO  main            d.u.i.k.p.r.p.TestFile    Now processing file /home/runner/work/key/key/key.core/../key.ui/examples/heap/comprehensions/bprodSplit.key 
57500      INFO  main            d.u.i.k.p.i.AbstractProblemLoader Loading environment from /home/runner/work/key/key/key.core/../key.ui/examples/heap/comprehensions/bprodSplit.key 
57500      DEBUG main            d.u.i.k.p.i.AbstractProblemLoader Environment load took 309.91ns 
57501      INFO  main            d.u.i.k.p.i.AbstractProblemLoader Creating init config 
59907      DEBUG main            d.u.i.k.p.i.AbstractProblemLoader Init config took 2.41s 
59922      INFO  main            d.u.i.k.p.i.AbstractProblemLoader Replaying proof bprodSplit.key 
59923      DEBUG main            d.u.i.k.p.i.IntermediateProofReplayer Proof replay took 6.6ns 
60028      INFO  main            d.u.i.k.p.r.p.TestFile    ... finished proof: closed. 
60191      INFO  main            d.u.i.k.p.i.AbstractProblemLoader Loading environment from /home/runner/work/key/key/key.core/../key.ui/examples/heap/comprehensions/bprodSplit.key.proof 
60192      DEBUG main            d.u.i.k.p.i.AbstractProblemLoader Environment load took 104.2ns 
60193      INFO  main            d.u.i.k.p.i.AbstractProblemLoader Creating init config 
62577      DEBUG main            d.u.i.k.p.i.AbstractProblemLoader Init config took 2.38s 
62592      INFO  main            d.u.i.k.p.i.AbstractProblemLoader Replaying proof bprodSplit.key.proof 
62595      DEBUG main            d.u.i.k.p.i.IntermediateProofReplayer Proof replay took 1.8ms 
62596      DEBUG main            d.u.i.k.p.r.p.TestFile    ... success: reloaded. 
62597      INFO  main            d.u.i.k.p.r.p.TestFile    Now processing file /home/runner/work/key/key/key.core/../key.ui/examples/heap/comprehensions/bsumSplitInvalid.key 
62598      INFO  main            d.u.i.k.p.i.AbstractProblemLoader Loading environment from /home/runner/work/key/key/key.core/../key.ui/examples/heap/comprehensions/bsumSplitInvalid.key 
62598      DEBUG main            d.u.i.k.p.i.AbstractProblemLoader Environment load took 219.61ns 
62599      INFO  main            d.u.i.k.p.i.AbstractProblemLoader Creating init config 
64974      DEBUG main            d.u.i.k.p.i.AbstractProblemLoader Init config took 2.37s 
64988      INFO  main            d.u.i.k.p.i.AbstractProblemLoader Replaying proof bsumSplitInvalid.key 
64989      DEBUG main            d.u.i.k.p.i.IntermediateProofReplayer Proof replay took 6.4ns 
65092      INFO  main            d.u.i.k.p.r.p.TestFile    ... finished proof: open goal(s) 
140651     INFO  Test worker     d.u.i.k.p.r.p.StatisticsFile Returning from test comprehensions 
140655     INFO  Test worker     d.u.i.k.p.r.p.StatisticsFile Running test performance 
341        INFO  Timeout watchdog d.u.i.k.p.r.p.ForkedTestFileRunner Timeout watcher launched (2000 secs.) 
353        WARN  main            d.u.i.k.s.ProofSettings   The settings in /home/runner/.key/proof-settings.props are *not* read. 
380        INFO  main            d.u.i.k.p.r.p.TestFile    Now processing file /home/runner/work/key/key/key.core/../key.ui/examples/performance-test/Disjoint(Disjoint__disjoint_08()).JML_operation_contract.0.key 
478        INFO  main            d.u.i.k.p.i.AbstractProblemLoader Loading environment from /home/runner/work/key/key/key.core/../key.ui/examples/performance-test/Disjoint(Disjoint__disjoint_08()).JML_operation_contract.0.key 
502        DEBUG main            d.u.i.k.p.i.AbstractProblemLoader Environment load took 3.04ms 
719        INFO  main            d.u.i.k.p.i.AbstractProblemLoader Creating init config 
1703       DEBUG main            d.u.i.k.j.TypeConverter   No LDT found for Meta 
1712       DEBUG main            d.u.i.k.j.TypeConverter   No LDT found for Meta 
1715       DEBUG main            d.u.i.k.j.TypeConverter   No LDT found for Meta 
1716       DEBUG main            d.u.i.k.j.TypeConverter   No LDT found for Meta 
2846       DEBUG main            d.u.i.k.j.TypeConverter   No LDT found for JavaBigintExpression 
8012       DEBUG main            d.u.i.k.j.r.ClassPreparationMethodBuilder clPrepBuilder: Inner Class detected. Reject building class initialisation methods. 
15382      DEBUG main            d.u.i.k.p.i.AbstractProblemLoader Init config took 14.66s 
15581      INFO  main            d.u.i.k.p.i.AbstractProblemLoader Replaying proof Disjoint[Disjoint::disjoint_8()].JML operation contract.0 
15650      DEBUG main            d.u.i.k.p.i.IntermediateProofReplayer Proof replay took 335.81ns 
17986      INFO  main            d.u.i.k.p.r.p.TestFile    ... finished proof: closed. 
18179      INFO  main            d.u.i.k.p.i.AbstractProblemLoader Loading environment from /home/runner/work/key/key/key.core/../key.ui/examples/performance-test/Disjoint(Disjoint__disjoint_08()).JML_operation_contract.0.key.proof 
18180      DEBUG main            d.u.i.k.p.i.AbstractProblemLoader Environment load took 640.22ns 
18182      INFO  main            d.u.i.k.p.i.AbstractProblemLoader Creating init config 
21254      DEBUG main            d.u.i.k.j.r.ClassPreparationMethodBuilder clPrepBuilder: Inner Class detected. Reject building class initialisation methods. 
27981      DEBUG main            d.u.i.k.p.i.AbstractProblemLoader Init config took 9.8s 
28129      INFO  main            d.u.i.k.p.i.AbstractProblemLoader Replaying proof Disjoint[Disjoint::disjoint_8()].JML operation contract.0 
28586      DEBUG main            d.u.i.k.p.i.IntermediateProofReplayer Proof replay took 435.22ms 
28600      DEBUG main            d.u.i.k.p.r.p.TestFile    ... success: reloaded. 
28605      INFO  main            d.u.i.k.p.r.p.TestFile    Now processing file /home/runner/work/key/key/key.core/../key.ui/examples/performance-test/Disjoint(Disjoint__disjoint2_08()).JML_operation_contract.0.key 
28606      INFO  main            d.u.i.k.p.i.AbstractProblemLoader Loading environment from /home/runner/work/key/key/key.core/../key.ui/examples/performance-test/Disjoint(Disjoint__disjoint2_08()).JML_operation_contract.0.key 
28607      DEBUG main            d.u.i.k.p.i.AbstractProblemLoader Environment load took 725.72ns 
28609      INFO  main            d.u.i.k.p.i.AbstractProblemLoader Creating init config 
31635      DEBUG main            d.u.i.k.j.r.ClassPreparationMethodBuilder clPrepBuilder: Inner Class detected. Reject building class initialisation methods. 
38282      DEBUG main            d.u.i.k.p.i.AbstractProblemLoader Init config took 9.67s 
38393      INFO  main            d.u.i.k.p.i.AbstractProblemLoader Replaying proof Disjoint[Disjoint::disjoint2_8()].JML operation contract.0 
38395      DEBUG main            d.u.i.k.p.i.IntermediateProofReplayer Proof replay took 9.1ns 
39399      INFO  main            d.u.i.k.p.r.p.TestFile    ... finished proof: closed. 
39661      INFO  main            d.u.i.k.p.i.AbstractProblemLoader Loading environment from /home/runner/work/key/key/key.core/../key.ui/examples/performance-test/Disjoint(Disjoint__disjoint2_08()).JML_operation_contract.0.key.proof 
39661      DEBUG main            d.u.i.k.p.i.AbstractProblemLoader Environment load took 727.62ns 
39664      INFO  main            d.u.i.k.p.i.AbstractProblemLoader Creating init config 
42436      DEBUG main            d.u.i.k.j.r.ClassPreparationMethodBuilder clPrepBuilder: Inner Class detected. Reject building class initialisation methods. 
48899      DEBUG main            d.u.i.k.p.i.AbstractProblemLoader Init config took 9.23s 
48992      INFO  main            d.u.i.k.p.i.AbstractProblemLoader Replaying proof Disjoint[Disjoint::disjoint2_8()].JML operation contract.0 
49078      DEBUG main            d.u.i.k.p.i.IntermediateProofReplayer Proof replay took 81.61ms 
49080      DEBUG main            d.u.i.k.p.r.p.TestFile    ... success: reloaded. 
49084      INFO  main            d.u.i.k.p.r.p.TestFile    Now processing file /home/runner/work/key/key/key.core/../key.ui/examples/performance-test/AccessChain1(AccessChain1__foo_08()).JML_operation_contract.0.key 
49085      INFO  main            d.u.i.k.p.i.AbstractProblemLoader Loading environment from /home/runner/work/key/key/key.core/../key.ui/examples/performance-test/AccessChain1(AccessChain1__foo_08()).JML_operation_contract.0.key 
49085      DEBUG main            d.u.i.k.p.i.AbstractProblemLoader Environment load took 716.62ns 
49088      INFO  main            d.u.i.k.p.i.AbstractProblemLoader Creating init config 
51899      DEBUG main            d.u.i.k.j.r.ClassPreparationMethodBuilder clPrepBuilder: Inner Class detected. Reject building class initialisation methods. 
58291      DEBUG main            d.u.i.k.p.i.AbstractProblemLoader Init config took 9.2s 
58378      INFO  main            d.u.i.k.p.i.AbstractProblemLoader Replaying proof AccessChain1[AccessChain1::foo_8()].JML operation contract.0 
58380      DEBUG main            d.u.i.k.p.i.IntermediateProofReplayer Proof replay took 9ns 
60691      INFO  main            d.u.i.k.p.r.p.TestFile    ... finished proof: closed. 
60995      INFO  main            d.u.i.k.p.i.AbstractProblemLoader Loading environment from /home/runner/work/key/key/key.core/../key.ui/examples/performance-test/AccessChain1(AccessChain1__foo_08()).JML_operation_contract.0.key.proof 
61004      DEBUG main            d.u.i.k.p.i.AbstractProblemLoader Environment load took 8.27ms 
61006      INFO  main            d.u.i.k.p.i.AbstractProblemLoader Creating init config 
63768      DEBUG main            d.u.i.k.j.r.ClassPreparationMethodBuilder clPrepBuilder: Inner Class detected. Reject building class initialisation methods. 
70184      DEBUG main            d.u.i.k.p.i.AbstractProblemLoader Init config took 9.18s 
70270      INFO  main            d.u.i.k.p.i.AbstractProblemLoader Replaying proof AccessChain1[AccessChain1::foo_8()].JML operation contract.0 
70755      DEBUG main            d.u.i.k.p.i.IntermediateProofReplayer Proof replay took 470.52ms 
70757      DEBUG main            d.u.i.k.p.r.p.TestFile    ... success: reloaded. 
70758      INFO  main            d.u.i.k.p.r.p.TestFile    Now processing file /home/runner/work/key/key/key.core/../key.ui/examples/performance-test/AccessChain4(AccessChain4__foo_08()).JML_operation_contract.0.key 
70759      INFO  main            d.u.i.k.p.i.AbstractProblemLoader Loading environment from /home/runner/work/key/key/key.core/../key.ui/examples/performance-test/AccessChain4(AccessChain4__foo_08()).JML_operation_contract.0.key 
70759      DEBUG main            d.u.i.k.p.i.AbstractProblemLoader Environment load took 275.11ns 
70760      INFO  main            d.u.i.k.p.i.AbstractProblemLoader Creating init config 
73538      DEBUG main            d.u.i.k.j.r.ClassPreparationMethodBuilder clPrepBuilder: Inner Class detected. Reject building class initialisation methods. 
80002      DEBUG main            d.u.i.k.p.i.AbstractProblemLoader Init config took 9.24s 
80089      INFO  main            d.u.i.k.p.i.AbstractProblemLoader Replaying proof AccessChain4[AccessChain4::foo_8()].JML operation contract.0 
80091      DEBUG main            d.u.i.k.p.i.IntermediateProofReplayer Proof replay took 9.6ns 
85951      INFO  main            d.u.i.k.p.r.p.TestFile    ... finished proof: closed. 
86292      INFO  main            d.u.i.k.p.i.AbstractProblemLoader Loading environment from /home/runner/work/key/key/key.core/../key.ui/examples/performance-test/AccessChain4(AccessChain4__foo_08()).JML_operation_contract.0.key.proof 
86295      DEBUG main            d.u.i.k.p.i.AbstractProblemLoader Environment load took 3.17ms 
86302      INFO  main            d.u.i.k.p.i.AbstractProblemLoader Creating init config 
89000      DEBUG main            d.u.i.k.j.r.ClassPreparationMethodBuilder clPrepBuilder: Inner Class detected. Reject building class initialisation methods. 
95592      DEBUG main            d.u.i.k.p.i.AbstractProblemLoader Init config took 9.29s 
95706      INFO  main            d.u.i.k.p.i.AbstractProblemLoader Replaying proof AccessChain4[AccessChain4::foo_8()].JML operation contract.0 
96657      DEBUG main            d.u.i.k.p.i.IntermediateProofReplayer Proof replay took 911.37ms 
96660      DEBUG main            d.u.i.k.p.r.p.TestFile    ... success: reloaded. 
96661      INFO  main            d.u.i.k.p.r.p.TestFile    Now processing file /home/runner/work/key/key/key.core/../key.ui/examples/performance-test/Disjoint(Disjoint__xZero_08()).JML_operation_contract.0.key 
96662      INFO  main            d.u.i.k.p.i.AbstractProblemLoader Loading environment from /home/runner/work/key/key/key.core/../key.ui/examples/performance-test/Disjoint(Disjoint__xZero_08()).JML_operation_contract.0.key 
96662      DEBUG main            d.u.i.k.p.i.AbstractProblemLoader Environment load took 225.11ns 
96663      INFO  main            d.u.i.k.p.i.AbstractProblemLoader Creating init config 
99578      DEBUG main            d.u.i.k.j.r.ClassPreparationMethodBuilder clPrepBuilder: Inner Class detected. Reject building class initialisation methods. 
106095     DEBUG main            d.u.i.k.p.i.AbstractProblemLoader Init config took 9.43s 
106177     INFO  main            d.u.i.k.p.i.AbstractProblemLoader Replaying proof Disjoint[Disjoint::xZero_8()].JML operation contract.0 
106179     DEBUG main            d.u.i.k.p.i.IntermediateProofReplayer Proof replay took 8.9ns 
107186     INFO  main            d.u.i.k.p.r.p.TestFile    ... finished proof: closed. 
107501     INFO  main            d.u.i.k.p.i.AbstractProblemLoader Loading environment from /home/runner/work/key/key/key.core/../key.ui/examples/performance-test/Disjoint(Disjoint__xZero_08()).JML_operation_contract.0.key.proof 
107502     DEBUG main            d.u.i.k.p.i.AbstractProblemLoader Environment load took 531.01ns 
107503     INFO  main            d.u.i.k.p.i.AbstractProblemLoader Creating init config 
110196     DEBUG main            d.u.i.k.j.r.ClassPreparationMethodBuilder clPrepBuilder: Inner Class detected. Reject building class initialisation methods. 
116648     DEBUG main            d.u.i.k.p.i.AbstractProblemLoader Init config took 9.15s 
116728     INFO  main            d.u.i.k.p.i.AbstractProblemLoader Replaying proof Disjoint[Disjoint::xZero_8()].JML operation contract.0 
116914     DEBUG main            d.u.i.k.p.i.IntermediateProofReplayer Proof replay took 179.18ms 
116915     DEBUG main            d.u.i.k.p.r.p.TestFile    ... success: reloaded. 
116916     INFO  main            d.u.i.k.p.r.p.TestFile    Now processing file /home/runner/work/key/key/key.core/../key.ui/examples/performance-test/Dynamic(Dynamic__foo_08()).JML_operation_contract.0.key 
116916     INFO  main            d.u.i.k.p.i.AbstractProblemLoader Loading environment from /home/runner/work/key/key/key.core/../key.ui/examples/performance-test/Dynamic(Dynamic__foo_08()).JML_operation_contract.0.key 
116917     DEBUG main            d.u.i.k.p.i.AbstractProblemLoader Environment load took 90.7ns 
116917     INFO  main            d.u.i.k.p.i.AbstractProblemLoader Creating init config 
119696     DEBUG main            d.u.i.k.j.r.ClassPreparationMethodBuilder clPrepBuilder: Inner Class detected. Reject building class initialisation methods. 
126038     DEBUG main            d.u.i.k.p.i.AbstractProblemLoader Init config took 9.12s 
126122     INFO  main            d.u.i.k.p.i.AbstractProblemLoader Replaying proof Dynamic[Dynamic::foo_8()].JML operation contract.0 
126126     DEBUG main            d.u.i.k.p.i.IntermediateProofReplayer Proof replay took 18.1ns 
130954     INFO  main            d.u.i.k.p.r.p.TestFile    ... finished proof: closed. 
131306     INFO  main            d.u.i.k.p.i.AbstractProblemLoader Loading environment from /home/runner/work/key/key/key.core/../key.ui/examples/performance-test/Dynamic(Dynamic__foo_08()).JML_operation_contract.0.key.proof 
131306     DEBUG main            d.u.i.k.p.i.AbstractProblemLoader Environment load took 189.21ns 
131308     INFO  main            d.u.i.k.p.i.AbstractProblemLoader Creating init config 
133980     DEBUG main            d.u.i.k.j.r.ClassPreparationMethodBuilder clPrepBuilder: Inner Class detected. Reject building class initialisation methods. 
140402     DEBUG main            d.u.i.k.p.i.AbstractProblemLoader Init config took 9.09s 
140481     INFO  main            d.u.i.k.p.i.AbstractProblemLoader Replaying proof Dynamic[Dynamic::foo_8()].JML operation contract.0 
141058     DEBUG main            d.u.i.k.p.i.IntermediateProofReplayer Proof replay took 553.12ms 
141060     DEBUG main            d.u.i.k.p.r.p.TestFile    ... success: reloaded. 
141061     INFO  main            d.u.i.k.p.r.p.TestFile    Now processing file /home/runner/work/key/key/key.core/../key.ui/examples/performance-test/DynamicGhost(DynamicGhost__dynamicGhost_08()).JML_normal_behavior_operation_contract.0.key 
141061     INFO  main            d.u.i.k.p.i.AbstractProblemLoader Loading environment from /home/runner/work/key/key/key.core/../key.ui/examples/performance-test/DynamicGhost(DynamicGhost__dynamicGhost_08()).JML_normal_behavior_operation_contract.0.key 
141061     DEBUG main            d.u.i.k.p.i.AbstractProblemLoader Environment load took 127.3ns 
141062     INFO  main            d.u.i.k.p.i.AbstractProblemLoader Creating init config 
143826     DEBUG main            d.u.i.k.j.r.ClassPreparationMethodBuilder clPrepBuilder: Inner Class detected. Reject building class initialisation methods. 
150224     DEBUG main            d.u.i.k.p.i.AbstractProblemLoader Init config took 9.16s 
150305     INFO  main            d.u.i.k.p.i.AbstractProblemLoader Replaying proof DynamicGhost[DynamicGhost::dynamicGhost_8()].JML normal_behavior operation contract.0 
150307     DEBUG main            d.u.i.k.p.i.IntermediateProofReplayer Proof replay took 10.6ns 
154155     INFO  main            d.u.i.k.p.r.p.TestFile    ... finished proof: closed. 
154531     INFO  main            d.u.i.k.p.i.AbstractProblemLoader Loading environment from /home/runner/work/key/key/key.core/../key.ui/examples/performance-test/DynamicGhost(DynamicGhost__dynamicGhost_08()).JML_normal_behavior_operation_contract.0.key.proof 
154531     DEBUG main            d.u.i.k.p.i.AbstractProblemLoader Environment load took 516.41ns 
154533     INFO  main            d.u.i.k.p.i.AbstractProblemLoader Creating init config 
157204     DEBUG main            d.u.i.k.j.r.ClassPreparationMethodBuilder clPrepBuilder: Inner Class detected. Reject building class initialisation methods. 
163611     DEBUG main            d.u.i.k.p.i.AbstractProblemLoader Init config took 9.08s 
163693     INFO  main            d.u.i.k.p.i.AbstractProblemLoader Replaying proof DynamicGhost[DynamicGhost::dynamicGhost_8()].JML normal_behavior operation contract.0 
164262     DEBUG main            d.u.i.k.p.i.IntermediateProofReplayer Proof replay took 550.45ms 
164265     DEBUG main            d.u.i.k.p.r.p.TestFile    ... success: reloaded. 
164266     INFO  main            d.u.i.k.p.r.p.TestFile    Now processing file /home/runner/work/key/key/key.core/../key.ui/examples/performance-test/GhostFrame(GhostFrame__foo_08()).JML_operation_contract.0.key 
164267     INFO  main            d.u.i.k.p.i.AbstractProblemLoader Loading environment from /home/runner/work/key/key/key.core/../key.ui/examples/performance-test/GhostFrame(GhostFrame__foo_08()).JML_operation_contract.0.key 
164267     DEBUG main            d.u.i.k.p.i.AbstractProblemLoader Environment load took 300.91ns 
164275     INFO  main            d.u.i.k.p.i.AbstractProblemLoader Creating init config 
167084     DEBUG main            d.u.i.k.j.r.ClassPreparationMethodBuilder clPrepBuilder: Inner Class detected. Reject building class initialisation methods. 
173523     DEBUG main            d.u.i.k.p.i.AbstractProblemLoader Init config took 9.25s 
173624     INFO  main            d.u.i.k.p.i.AbstractProblemLoader Replaying proof GhostFrame[GhostFrame::foo_8()].JML operation contract.0 
173626     DEBUG main            d.u.i.k.p.i.IntermediateProofReplayer Proof replay took 11.9ns 
175368     INFO  main            d.u.i.k.p.r.p.TestFile    ... finished proof: closed. 
175758     INFO  main            d.u.i.k.p.i.AbstractProblemLoader Loading environment from /home/runner/work/key/key/key.core/../key.ui/examples/performance-test/GhostFrame(GhostFrame__foo_08()).JML_operation_contract.0.key.proof 
175758     DEBUG main            d.u.i.k.p.i.AbstractProblemLoader Environment load took 116.9ns 
175763     INFO  main            d.u.i.k.p.i.AbstractProblemLoader Creating init config 
178417     DEBUG main            d.u.i.k.j.r.ClassPreparationMethodBuilder clPrepBuilder: Inner Class detected. Reject building class initialisation methods. 
184805     DEBUG main            d.u.i.k.p.i.AbstractProblemLoader Init config took 9.04s 
184883     INFO  main            d.u.i.k.p.i.AbstractProblemLoader Replaying proof GhostFrame[GhostFrame::foo_8()].JML operation contract.0 
185192     DEBUG main            d.u.i.k.p.i.IntermediateProofReplayer Proof replay took 302.2ms 
185194     DEBUG main            d.u.i.k.p.r.p.TestFile    ... success: reloaded. 
185195     INFO  main            d.u.i.k.p.r.p.TestFile    Now processing file /home/runner/work/key/key/key.core/../key.ui/examples/performance-test/Modelfield(Modelfield__foo_08()).JML_operation_contract.0.key 
185195     INFO  main            d.u.i.k.p.i.AbstractProblemLoader Loading environment from /home/runner/work/key/key/key.core/../key.ui/examples/performance-test/Modelfield(Modelfield__foo_08()).JML_operation_contract.0.key 
185195     DEBUG main            d.u.i.k.p.i.AbstractProblemLoader Environment load took 91.6ns 
185196     INFO  main            d.u.i.k.p.i.AbstractProblemLoader Creating init config 
187944     DEBUG main            d.u.i.k.j.r.ClassPreparationMethodBuilder clPrepBuilder: Inner Class detected. Reject building class initialisation methods. 
194360     DEBUG main            d.u.i.k.p.i.AbstractProblemLoader Init config took 9.16s 
194439     INFO  main            d.u.i.k.p.i.AbstractProblemLoader Replaying proof Modelfield[Modelfield::foo_8()].JML operation contract.0 
194440     DEBUG main            d.u.i.k.p.i.IntermediateProofReplayer Proof replay took 5.3ns 
197265     INFO  main            d.u.i.k.p.r.p.TestFile    ... finished proof: closed. 
197662     INFO  main            d.u.i.k.p.i.AbstractProblemLoader Loading environment from /home/runner/work/key/key/key.core/../key.ui/examples/performance-test/Modelfield(Modelfield__foo_08()).JML_operation_contract.0.key.proof 
197662     DEBUG main            d.u.i.k.p.i.AbstractProblemLoader Environment load took 500.41ns 
197664     INFO  main            d.u.i.k.p.i.AbstractProblemLoader Creating init config 
200316     DEBUG main            d.u.i.k.j.r.ClassPreparationMethodBuilder clPrepBuilder: Inner Class detected. Reject building class initialisation methods. 
206697     DEBUG main            d.u.i.k.p.i.AbstractProblemLoader Init config took 9.03s 
206774     INFO  main            d.u.i.k.p.i.AbstractProblemLoader Replaying proof Modelfield[Modelfield::foo_8()].JML operation contract.0 
207150     DEBUG main            d.u.i.k.p.i.IntermediateProofReplayer Proof replay took 364.05ms 
207152     DEBUG main            d.u.i.k.p.r.p.TestFile    ... success: reloaded. 
347965     INFO  Test worker     d.u.i.k.p.r.p.StatisticsFile Returning from test performance 
347977     INFO  Test worker     d.u.i.k.p.r.p.StatisticsFile Running test performancePOConstruction 
345        INFO  Timeout watchdog d.u.i.k.p.r.p.ForkedTestFileRunner Timeout watcher launched (2000 secs.) 
355        WARN  main            d.u.i.k.s.ProofSettings   The settings in /home/runner/.key/proof-settings.props are *not* read. 
403        INFO  main            d.u.i.k.p.r.p.TestFile    Now processing file /home/runner/work/key/key/key.core/../key.ui/examples/performance-test/Test(Test__a0(int)).JML_normal_behavior_operation_contract.0.key 
522        INFO  main            d.u.i.k.p.i.AbstractProblemLoader Loading environment from /home/runner/work/key/key/key.core/../key.ui/examples/performance-test/Test(Test__a0(int)).JML_normal_behavior_operation_contract.0.key 
542        DEBUG main            d.u.i.k.p.i.AbstractProblemLoader Environment load took 1.8ms 
751        INFO  main            d.u.i.k.p.i.AbstractProblemLoader Creating init config 
1716       DEBUG main            d.u.i.k.j.TypeConverter   No LDT found for Meta 
1721       DEBUG main            d.u.i.k.j.TypeConverter   No LDT found for Meta 
1724       DEBUG main            d.u.i.k.j.TypeConverter   No LDT found for Meta 
1725       DEBUG main            d.u.i.k.j.TypeConverter   No LDT found for Meta 
3239       DEBUG main            d.u.i.k.j.TypeConverter   No LDT found for JavaBigintExpression 
8635       DEBUG main            d.u.i.k.j.r.ClassPreparationMethodBuilder clPrepBuilder: Inner Class detected. Reject building class initialisation methods. 
16314      DEBUG main            d.u.i.k.p.i.AbstractProblemLoader Init config took 15.56s 
17135      INFO  main            d.u.i.k.p.i.AbstractProblemLoader Replaying proof Test[Test::a0(int)].JML normal_behavior operation contract.0 
17192      DEBUG main            d.u.i.k.p.i.IntermediateProofReplayer Proof replay took 31.8ns 
17618      INFO  main            d.u.i.k.p.r.p.TestFile    ... finished proof: closed. 
17755      INFO  main            d.u.i.k.p.i.AbstractProblemLoader Loading environment from /home/runner/work/key/key/key.core/../key.ui/examples/performance-test/Test(Test__a0(int)).JML_normal_behavior_operation_contract.0.key.proof 
17755      DEBUG main            d.u.i.k.p.i.AbstractProblemLoader Environment load took 131.4ns 
17764      INFO  main            d.u.i.k.p.i.AbstractProblemLoader Creating init config 
20814      DEBUG main            d.u.i.k.j.r.ClassPreparationMethodBuilder clPrepBuilder: Inner Class detected. Reject building class initialisation methods. 
27833      DEBUG main            d.u.i.k.p.i.AbstractProblemLoader Init config took 10.07s 
28542      INFO  main            d.u.i.k.p.i.AbstractProblemLoader Replaying proof Test[Test::a0(int)].JML normal_behavior operation contract.0 
28592      DEBUG main            d.u.i.k.p.i.IntermediateProofReplayer Proof replay took 41.95ms 
28601      DEBUG main            d.u.i.k.p.r.p.TestFile    ... success: reloaded. 
28603      INFO  main            d.u.i.k.p.r.p.TestFile    Now processing file /home/runner/work/key/key/key.core/../key.ui/examples/performance-test/Test(Test__a1(int)).JML_normal_behavior_operation_contract.0.key 
28612      INFO  main            d.u.i.k.p.i.AbstractProblemLoader Loading environment from /home/runner/work/key/key/key.core/../key.ui/examples/performance-test/Test(Test__a1(int)).JML_normal_behavior_operation_contract.0.key 
28612      DEBUG main            d.u.i.k.p.i.AbstractProblemLoader Environment load took 797.02ns 
28614      INFO  main            d.u.i.k.p.i.AbstractProblemLoader Creating init config 
31523      DEBUG main            d.u.i.k.j.r.ClassPreparationMethodBuilder clPrepBuilder: Inner Class detected. Reject building class initialisation methods. 
38258      DEBUG main            d.u.i.k.p.i.AbstractProblemLoader Init config took 9.64s 
38935      INFO  main            d.u.i.k.p.i.AbstractProblemLoader Replaying proof Test[Test::a1(int)].JML normal_behavior operation contract.0 
38937      DEBUG main            d.u.i.k.p.i.IntermediateProofReplayer Proof replay took 7.1ns 
39241      INFO  main            d.u.i.k.p.r.p.TestFile    ... finished proof: closed. 
39531      INFO  main            d.u.i.k.p.i.AbstractProblemLoader Loading environment from /home/runner/work/key/key/key.core/../key.ui/examples/performance-test/Test(Test__a1(int)).JML_normal_behavior_operation_contract.0.key.proof 
39532      DEBUG main            d.u.i.k.p.i.AbstractProblemLoader Environment load took 1.15ms 
39534      INFO  main            d.u.i.k.p.i.AbstractProblemLoader Creating init config 
42385      DEBUG main            d.u.i.k.j.r.ClassPreparationMethodBuilder clPrepBuilder: Inner Class detected. Reject building class initialisation methods. 
49106      DEBUG main            d.u.i.k.p.i.AbstractProblemLoader Init config took 9.57s 
49755      INFO  main            d.u.i.k.p.i.AbstractProblemLoader Replaying proof Test[Test::a1(int)].JML normal_behavior operation contract.0 
49871      DEBUG main            d.u.i.k.p.i.IntermediateProofReplayer Proof replay took 112.44ms 
49876      DEBUG main            d.u.i.k.p.r.p.TestFile    ... success: reloaded. 
49878      INFO  main            d.u.i.k.p.r.p.TestFile    Now processing file /home/runner/work/key/key/key.core/../key.ui/examples/performance-test/Test(Test__f1(int)).JML_normal_behavior_operation_contract.0.key 
49879      INFO  main            d.u.i.k.p.i.AbstractProblemLoader Loading environment from /home/runner/work/key/key/key.core/../key.ui/examples/performance-test/Test(Test__f1(int)).JML_normal_behavior_operation_contract.0.key 
49879      DEBUG main            d.u.i.k.p.i.AbstractProblemLoader Environment load took 313.91ns 
49882      INFO  main            d.u.i.k.p.i.AbstractProblemLoader Creating init config 
52747      DEBUG main            d.u.i.k.j.r.ClassPreparationMethodBuilder clPrepBuilder: Inner Class detected. Reject building class initialisation methods. 
59422      DEBUG main            d.u.i.k.p.i.AbstractProblemLoader Init config took 9.54s 
60060      INFO  main            d.u.i.k.p.i.AbstractProblemLoader Replaying proof Test[Test::f1(int)].JML normal_behavior operation contract.0 
60062      DEBUG main            d.u.i.k.p.i.IntermediateProofReplayer Proof replay took 5.3ns 
60265      INFO  main            d.u.i.k.p.r.p.TestFile    ... finished proof: closed. 
60508      INFO  main            d.u.i.k.p.i.AbstractProblemLoader Loading environment from /home/runner/work/key/key/key.core/../key.ui/examples/performance-test/Test(Test__f1(int)).JML_normal_behavior_operation_contract.0.key.proof 
60508      DEBUG main            d.u.i.k.p.i.AbstractProblemLoader Environment load took 114.3ns 
60512      INFO  main            d.u.i.k.p.i.AbstractProblemLoader Creating init config 
63339      DEBUG main            d.u.i.k.j.r.ClassPreparationMethodBuilder clPrepBuilder: Inner Class detected. Reject building class initialisation methods. 
69999      DEBUG main            d.u.i.k.p.i.AbstractProblemLoader Init config took 9.49s 
70623      INFO  main            d.u.i.k.p.i.AbstractProblemLoader Replaying proof Test[Test::f1(int)].JML normal_behavior operation contract.0 
70704      DEBUG main            d.u.i.k.p.i.IntermediateProofReplayer Proof replay took 73.94ms 
70705      DEBUG main            d.u.i.k.p.r.p.TestFile    ... success: reloaded. 
418869     INFO  Test worker     d.u.i.k.p.r.p.StatisticsFile Returning from test performancePOConstruction 
418880     INFO  Test worker     d.u.i.k.p.r.p.StatisticsFile Running test applicationRestrictions 
337        INFO  Timeout watchdog d.u.i.k.p.r.p.ForkedTestFileRunner Timeout watcher launched (2000 secs.) 
350        WARN  main            d.u.i.k.s.ProofSettings   The settings in /home/runner/.key/proof-settings.props are *not* read. 
396        INFO  main            d.u.i.k.p.r.p.TestFile    Now processing file /home/runner/work/key/key/key.core/../key.ui/examples/heap/polarity_tests/wellformed1.key 
535        INFO  main            d.u.i.k.p.i.AbstractProblemLoader Loading environment from /home/runner/work/key/key/key.core/../key.ui/examples/heap/polarity_tests/wellformed1.key 
551        DEBUG main            d.u.i.k.p.i.AbstractProblemLoader Environment load took 2.11ms 
787        INFO  main            d.u.i.k.p.i.AbstractProblemLoader Creating init config 
1855       DEBUG main            d.u.i.k.j.TypeConverter   No LDT found for Meta 
1856       DEBUG main            d.u.i.k.j.TypeConverter   No LDT found for Meta 
1859       DEBUG main            d.u.i.k.j.TypeConverter   No LDT found for Meta 
1859       DEBUG main            d.u.i.k.j.TypeConverter   No LDT found for Meta 
3298       DEBUG main            d.u.i.k.j.TypeConverter   No LDT found for JavaBigintExpression 
8490       DEBUG main            d.u.i.k.p.i.AbstractProblemLoader Init config took 7.7s 
8551       INFO  main            d.u.i.k.p.i.AbstractProblemLoader Replaying proof wellformed1.key 
8581       DEBUG main            d.u.i.k.p.i.IntermediateProofReplayer Proof replay took 37.7ns 
8726       INFO  main            d.u.i.k.p.r.p.TestFile    ... finished proof: closed. 
8812       INFO  main            d.u.i.k.p.i.AbstractProblemLoader Loading environment from /home/runner/work/key/key/key.core/../key.ui/examples/heap/polarity_tests/wellformed1.key.proof 
8812       DEBUG main            d.u.i.k.p.i.AbstractProblemLoader Environment load took 144.4ns 
8818       INFO  main            d.u.i.k.p.i.AbstractProblemLoader Creating init config 
11625      DEBUG main            d.u.i.k.p.i.AbstractProblemLoader Init config took 2.81s 
11668      INFO  main            d.u.i.k.p.i.AbstractProblemLoader Replaying proof wellformed1.key.proof 
11681      DEBUG main            d.u.i.k.p.i.IntermediateProofReplayer Proof replay took 3.36ms 
11692      DEBUG main            d.u.i.k.p.r.p.TestFile    ... success: reloaded. 
11696      INFO  main            d.u.i.k.p.r.p.TestFile    Now processing file /home/runner/work/key/key/key.core/../key.ui/examples/heap/polarity_tests/wellformed2.key 
11696      INFO  main            d.u.i.k.p.i.AbstractProblemLoader Loading environment from /home/runner/work/key/key/key.core/../key.ui/examples/heap/polarity_tests/wellformed2.key 
11697      DEBUG main            d.u.i.k.p.i.AbstractProblemLoader Environment load took 267.01ns 
11699      INFO  main            d.u.i.k.p.i.AbstractProblemLoader Creating init config 
14446      DEBUG main            d.u.i.k.p.i.AbstractProblemLoader Init config took 2.75s 
14476      INFO  main            d.u.i.k.p.i.AbstractProblemLoader Replaying proof wellformed2.key 
14478      DEBUG main            d.u.i.k.p.i.IntermediateProofReplayer Proof replay took 6.1ns 
14580      INFO  main            d.u.i.k.p.r.p.TestFile    ... finished proof: open goal(s) 
14695      INFO  main            d.u.i.k.p.r.p.TestFile    Now processing file /home/runner/work/key/key/key.core/../key.ui/examples/heap/polarity_tests/wellformed3.key 
14696      INFO  main            d.u.i.k.p.i.AbstractProblemLoader Loading environment from /home/runner/work/key/key/key.core/../key.ui/examples/heap/polarity_tests/wellformed3.key 
14696      DEBUG main            d.u.i.k.p.i.AbstractProblemLoader Environment load took 116.2ns 
14698      INFO  main            d.u.i.k.p.i.AbstractProblemLoader Creating init config 
17265      DEBUG main            d.u.i.k.p.i.AbstractProblemLoader Init config took 2.57s 
17295      INFO  main            d.u.i.k.p.i.AbstractProblemLoader Replaying proof wellformed3.key 
17297      DEBUG main            d.u.i.k.p.i.IntermediateProofReplayer Proof replay took 6.1ns 
17404      INFO  main            d.u.i.k.p.r.p.TestFile    ... finished proof: closed. 
17508      INFO  main            d.u.i.k.p.i.AbstractProblemLoader Loading environment from /home/runner/work/key/key/key.core/../key.ui/examples/heap/polarity_tests/wellformed3.key.proof 
17508      DEBUG main            d.u.i.k.p.i.AbstractProblemLoader Environment load took 127.3ns 
17509      INFO  main            d.u.i.k.p.i.AbstractProblemLoader Creating init config 
20060      DEBUG main            d.u.i.k.p.i.AbstractProblemLoader Init config took 2.55s 
20090      INFO  main            d.u.i.k.p.i.AbstractProblemLoader Replaying proof wellformed3.key.proof 
20094      DEBUG main            d.u.i.k.p.i.IntermediateProofReplayer Proof replay took 2.08ms 
20095      DEBUG main            d.u.i.k.p.r.p.TestFile    ... success: reloaded. 
20096      INFO  main            d.u.i.k.p.r.p.TestFile    Now processing file /home/runner/work/key/key/key.core/../key.ui/examples/heap/polarity_tests/wellformed4.key 
20097      INFO  main            d.u.i.k.p.i.AbstractProblemLoader Loading environment from /home/runner/work/key/key/key.core/../key.ui/examples/heap/polarity_tests/wellformed4.key 
20097      DEBUG main            d.u.i.k.p.i.AbstractProblemLoader Environment load took 254.11ns 
20098      INFO  main            d.u.i.k.p.i.AbstractProblemLoader Creating init config 
22650      DEBUG main            d.u.i.k.p.i.AbstractProblemLoader Init config took 2.55s 
22669      INFO  main            d.u.i.k.p.i.AbstractProblemLoader Replaying proof wellformed4.key 
22671      DEBUG main            d.u.i.k.p.i.IntermediateProofReplayer Proof replay took 5.7ns 
22776      INFO  main            d.u.i.k.p.r.p.TestFile    ... finished proof: open goal(s) 
22942      INFO  main            d.u.i.k.p.r.p.TestFile    Now processing file /home/runner/work/key/key/key.core/../key.ui/examples/heap/polarity_tests/wellformed5.key 
22942      INFO  main            d.u.i.k.p.i.AbstractProblemLoader Loading environment from /home/runner/work/key/key/key.core/../key.ui/examples/heap/polarity_tests/wellformed5.key 
22942      DEBUG main            d.u.i.k.p.i.AbstractProblemLoader Environment load took 62.3ns 
22945      INFO  main            d.u.i.k.p.i.AbstractProblemLoader Creating init config 
25437      DEBUG main            d.u.i.k.p.i.AbstractProblemLoader Init config took 2.49s 
25456      INFO  main            d.u.i.k.p.i.AbstractProblemLoader Replaying proof wellformed5.key 
25458      DEBUG main            d.u.i.k.p.i.IntermediateProofReplayer Proof replay took 6.8ns 
25560      INFO  main            d.u.i.k.p.r.p.TestFile    ... finished proof: closed. 
25679      INFO  main            d.u.i.k.p.i.AbstractProblemLoader Loading environment from /home/runner/work/key/key/key.core/../key.ui/examples/heap/polarity_tests/wellformed5.key.proof 
25679      DEBUG main            d.u.i.k.p.i.AbstractProblemLoader Environment load took 110.4ns 
25680      INFO  main            d.u.i.k.p.i.AbstractProblemLoader Creating init config 
28139      DEBUG main            d.u.i.k.p.i.AbstractProblemLoader Init config took 2.46s 
28157      INFO  main            d.u.i.k.p.i.AbstractProblemLoader Replaying proof wellformed5.key.proof 
28161      DEBUG main            d.u.i.k.p.i.IntermediateProofReplayer Proof replay took 1.17ms 
28162      DEBUG main            d.u.i.k.p.r.p.TestFile    ... success: reloaded. 
28166      INFO  main            d.u.i.k.p.r.p.TestFile    Now processing file /home/runner/work/key/key/key.core/../key.ui/examples/heap/polarity_tests/wellformed6.key 
28167      INFO  main            d.u.i.k.p.i.AbstractProblemLoader Loading environment from /home/runner/work/key/key/key.core/../key.ui/examples/heap/polarity_tests/wellformed6.key 
28167      DEBUG main            d.u.i.k.p.i.AbstractProblemLoader Environment load took 221.21ns 
28171      INFO  main            d.u.i.k.p.i.AbstractProblemLoader Creating init config 
30704      DEBUG main            d.u.i.k.p.i.AbstractProblemLoader Init config took 2.53s 
30722      INFO  main            d.u.i.k.p.i.AbstractProblemLoader Replaying proof wellformed6.key 
30727      DEBUG main            d.u.i.k.p.i.IntermediateProofReplayer Proof replay took 6.3ns 
30829      INFO  main            d.u.i.k.p.r.p.TestFile    ... finished proof: open goal(s) 
30959      INFO  main            d.u.i.k.p.r.p.TestFile    Now processing file /home/runner/work/key/key/key.core/../key.ui/examples/heap/polarity_tests/wellformed7.key 
30959      INFO  main            d.u.i.k.p.i.AbstractProblemLoader Loading environment from /home/runner/work/key/key/key.core/../key.ui/examples/heap/polarity_tests/wellformed7.key 
30959      DEBUG main            d.u.i.k.p.i.AbstractProblemLoader Environment load took 63.2ns 
30960      INFO  main            d.u.i.k.p.i.AbstractProblemLoader Creating init config 
33427      DEBUG main            d.u.i.k.p.i.AbstractProblemLoader Init config took 2.47s 
33445      INFO  main            d.u.i.k.p.i.AbstractProblemLoader Replaying proof wellformed7.key 
33447      DEBUG main            d.u.i.k.p.i.IntermediateProofReplayer Proof replay took 6.1ns 
33552      INFO  main            d.u.i.k.p.r.p.TestFile    ... finished proof: closed. 
33671      INFO  main            d.u.i.k.p.i.AbstractProblemLoader Loading environment from /home/runner/work/key/key/key.core/../key.ui/examples/heap/polarity_tests/wellformed7.key.proof 
33671      DEBUG main            d.u.i.k.p.i.AbstractProblemLoader Environment load took 109.9ns 
33672      INFO  main            d.u.i.k.p.i.AbstractProblemLoader Creating init config 
36141      DEBUG main            d.u.i.k.p.i.AbstractProblemLoader Init config took 2.47s 
36157      INFO  main            d.u.i.k.p.i.AbstractProblemLoader Replaying proof wellformed7.key.proof 
36160      DEBUG main            d.u.i.k.p.i.IntermediateProofReplayer Proof replay took 1.38ms 
36165      DEBUG main            d.u.i.k.p.r.p.TestFile    ... success: reloaded. 
36166      INFO  main            d.u.i.k.p.r.p.TestFile    Now processing file /home/runner/work/key/key/key.core/../key.ui/examples/heap/polarity_tests/wellformed8.key 
36166      INFO  main            d.u.i.k.p.i.AbstractProblemLoader Loading environment from /home/runner/work/key/key/key.core/../key.ui/examples/heap/polarity_tests/wellformed8.key 
36166      DEBUG main            d.u.i.k.p.i.AbstractProblemLoader Environment load took 235.11ns 
36167      INFO  main            d.u.i.k.p.i.AbstractProblemLoader Creating init config 
38651      DEBUG main            d.u.i.k.p.i.AbstractProblemLoader Init config took 2.48s 
38667      INFO  main            d.u.i.k.p.i.AbstractProblemLoader Replaying proof wellformed8.key 
38669      DEBUG main            d.u.i.k.p.i.IntermediateProofReplayer Proof replay took 8.1ns 
38772      INFO  main            d.u.i.k.p.r.p.TestFile    ... finished proof: open goal(s) 
38905      INFO  main            d.u.i.k.p.r.p.TestFile    Now processing file /home/runner/work/key/key/key.core/../key.ui/examples/heap/polarity_tests/wellformed9.key 
38906      INFO  main            d.u.i.k.p.i.AbstractProblemLoader Loading environment from /home/runner/work/key/key/key.core/../key.ui/examples/heap/polarity_tests/wellformed9.key 
38906      DEBUG main            d.u.i.k.p.i.AbstractProblemLoader Environment load took 64.3ns 
38907      INFO  main            d.u.i.k.p.i.AbstractProblemLoader Creating init config 
41344      DEBUG main            d.u.i.k.p.i.AbstractProblemLoader Init config took 2.44s 
41359      INFO  main            d.u.i.k.p.i.AbstractProblemLoader Replaying proof wellformed9.key 
41360      DEBUG main            d.u.i.k.p.i.IntermediateProofReplayer Proof replay took 6.1ns 
41464      INFO  main            d.u.i.k.p.r.p.TestFile    ... finished proof: closed. 
41587      INFO  main            d.u.i.k.p.i.AbstractProblemLoader Loading environment from /home/runner/work/key/key/key.core/../key.ui/examples/heap/polarity_tests/wellformed9.key.proof 
41587      DEBUG main            d.u.i.k.p.i.AbstractProblemLoader Environment load took 106.1ns 
41588      INFO  main            d.u.i.k.p.i.AbstractProblemLoader Creating init config 
44010      DEBUG main            d.u.i.k.p.i.AbstractProblemLoader Init config took 2.42s 
44025      INFO  main            d.u.i.k.p.i.AbstractProblemLoader Replaying proof wellformed9.key.proof 
44028      DEBUG main            d.u.i.k.p.i.IntermediateProofReplayer Proof replay took 1.45ms 
44029      DEBUG main            d.u.i.k.p.r.p.TestFile    ... success: reloaded. 
44031      INFO  main            d.u.i.k.p.r.p.TestFile    Now processing file /home/runner/work/key/key/key.core/../key.ui/examples/heap/polarity_tests/wellformed10.key 
44031      INFO  main            d.u.i.k.p.i.AbstractProblemLoader Loading environment from /home/runner/work/key/key/key.core/../key.ui/examples/heap/polarity_tests/wellformed10.key 
44031      DEBUG main            d.u.i.k.p.i.AbstractProblemLoader Environment load took 297.51ns 
44034      INFO  main            d.u.i.k.p.i.AbstractProblemLoader Creating init config 
46492      DEBUG main            d.u.i.k.p.i.AbstractProblemLoader Init config took 2.46s 
46507      INFO  main            d.u.i.k.p.i.AbstractProblemLoader Replaying proof wellformed10.key 
46508      DEBUG main            d.u.i.k.p.i.IntermediateProofReplayer Proof replay took 6.9ns 
46612      INFO  main            d.u.i.k.p.r.p.TestFile    ... finished proof: open goal(s) 
46754      INFO  main            d.u.i.k.p.r.p.TestFile    Now processing file /home/runner/work/key/key/key.core/../key.ui/examples/heap/polarity_tests/wellformed11.key 
46754      INFO  main            d.u.i.k.p.i.AbstractProblemLoader Loading environment from /home/runner/work/key/key/key.core/../key.ui/examples/heap/polarity_tests/wellformed11.key 
46755      DEBUG main            d.u.i.k.p.i.AbstractProblemLoader Environment load took 78.1ns 
46755      INFO  main            d.u.i.k.p.i.AbstractProblemLoader Creating init config 
49207      DEBUG main            d.u.i.k.p.i.AbstractProblemLoader Init config took 2.45s 
49222      INFO  main            d.u.i.k.p.i.AbstractProblemLoader Replaying proof wellformed11.key 
49228      DEBUG main            d.u.i.k.p.i.IntermediateProofReplayer Proof replay took 7.5ns 
49331      INFO  main            d.u.i.k.p.r.p.TestFile    ... finished proof: open goal(s) 
468514     INFO  Test worker     d.u.i.k.p.r.p.StatisticsFile Returning from test applicationRestrictions 
468517     INFO  Test worker     d.u.i.k.p.r.p.StatisticsFile Running test blockContracts 
375        INFO  Timeout watchdog d.u.i.k.p.r.p.ForkedTestFileRunner Timeout watcher launched (2000 secs.) 
388        WARN  main            d.u.i.k.s.ProofSettings   The settings in /home/runner/.key/proof-settings.props are *not* read. 
414        INFO  main            d.u.i.k.p.r.p.TestFile    Now processing file /home/runner/work/key/key/key.core/../key.ui/examples/heap/block_contracts/Simple__add.key 
542        INFO  main            d.u.i.k.p.i.AbstractProblemLoader Loading environment from /home/runner/work/key/key/key.core/../key.ui/examples/heap/block_contracts/Simple__add.key 
564        DEBUG main            d.u.i.k.p.i.AbstractProblemLoader Environment load took 2.09ms 
772        INFO  main            d.u.i.k.p.i.AbstractProblemLoader Creating init config 
1756       DEBUG main            d.u.i.k.j.TypeConverter   No LDT found for Meta 
1756       DEBUG main            d.u.i.k.j.TypeConverter   No LDT found for Meta 
1760       DEBUG main            d.u.i.k.j.TypeConverter   No LDT found for Meta 
1760       DEBUG main            d.u.i.k.j.TypeConverter   No LDT found for Meta 
3122       DEBUG main            d.u.i.k.j.TypeConverter   No LDT found for JavaBigintExpression 
8372       DEBUG main            d.u.i.k.p.i.AbstractProblemLoader Init config took 7.6s 
8495       INFO  main            d.u.i.k.p.i.AbstractProblemLoader Replaying proof Simple[Simple::add(int,int)].JML operation contract.0 
8571       DEBUG main            d.u.i.k.p.i.IntermediateProofReplayer Proof replay took 371.61ns 
9402       INFO  main            d.u.i.k.p.r.p.TestFile    ... finished proof: closed. 
9504       INFO  main            d.u.i.k.p.i.AbstractProblemLoader Loading environment from /home/runner/work/key/key/key.core/../key.ui/examples/heap/block_contracts/Simple__add.key.proof 
9504       DEBUG main            d.u.i.k.p.i.AbstractProblemLoader Environment load took 599.52ns 
9506       INFO  main            d.u.i.k.p.i.AbstractProblemLoader Creating init config 
12621      DEBUG main            d.u.i.k.p.i.AbstractProblemLoader Init config took 3.11s 
12692      INFO  main            d.u.i.k.p.i.AbstractProblemLoader Replaying proof Simple[Simple::add(int,int)].JML operation contract.0 
12815      DEBUG main            d.u.i.k.p.i.IntermediateProofReplayer Proof replay took 112.56ms 
12825      DEBUG main            d.u.i.k.p.r.p.TestFile    ... success: reloaded. 
12832      INFO  main            d.u.i.k.p.r.p.TestFile    Now processing file /home/runner/work/key/key/key.core/../key.ui/examples/heap/block_contracts/Simple__addAbsoluteValues.key 
12833      INFO  main            d.u.i.k.p.i.AbstractProblemLoader Loading environment from /home/runner/work/key/key/key.core/../key.ui/examples/heap/block_contracts/Simple__addAbsoluteValues.key 
12833      DEBUG main            d.u.i.k.p.i.AbstractProblemLoader Environment load took 147ns 
12835      INFO  main            d.u.i.k.p.i.AbstractProblemLoader Creating init config 
15920      DEBUG main            d.u.i.k.p.i.AbstractProblemLoader Init config took 3.08s 
15985      INFO  main            d.u.i.k.p.i.AbstractProblemLoader Replaying proof Simple[Simple::addAbsoluteValues(int,int)].JML normal_behavior operation contract.0 
15987      DEBUG main            d.u.i.k.p.i.IntermediateProofReplayer Proof replay took 14ns 
17000      INFO  main            d.u.i.k.p.r.p.TestFile    ... finished proof: closed. 
17177      INFO  main            d.u.i.k.p.i.AbstractProblemLoader Loading environment from /home/runner/work/key/key/key.core/../key.ui/examples/heap/block_contracts/Simple__addAbsoluteValues.key.proof 
17180      DEBUG main            d.u.i.k.p.i.AbstractProblemLoader Environment load took 3.01ms 
17182      INFO  main            d.u.i.k.p.i.AbstractProblemLoader Creating init config 
20094      DEBUG main            d.u.i.k.p.i.AbstractProblemLoader Init config took 2.91s 
20176      INFO  main            d.u.i.k.p.i.AbstractProblemLoader Replaying proof Simple[Simple::addAbsoluteValues(int,int)].JML normal_behavior operation contract.0 
20419      DEBUG main            d.u.i.k.p.i.IntermediateProofReplayer Proof replay took 229.85ms 
20421      DEBUG main            d.u.i.k.p.r.p.TestFile    ... success: reloaded. 
20423      INFO  main            d.u.i.k.p.r.p.TestFile    Now processing file /home/runner/work/key/key/key.core/../key.ui/examples/heap/block_contracts/Simple__addWithJump.key 
20423      INFO  main            d.u.i.k.p.i.AbstractProblemLoader Loading environment from /home/runner/work/key/key/key.core/../key.ui/examples/heap/block_contracts/Simple__addWithJump.key 
20423      DEBUG main            d.u.i.k.p.i.AbstractProblemLoader Environment load took 114.9ns 
20425      INFO  main            d.u.i.k.p.i.AbstractProblemLoader Creating init config 
23380      DEBUG main            d.u.i.k.p.i.AbstractProblemLoader Init config took 2.96s 
23429      INFO  main            d.u.i.k.p.i.AbstractProblemLoader Replaying proof Simple[Simple::addWithJump(int,int,int)].JML operation contract.0 
23431      DEBUG main            d.u.i.k.p.i.IntermediateProofReplayer Proof replay took 10ns 
23636      INFO  main            d.u.i.k.p.r.p.TestFile    ... finished proof: closed. 
23836      INFO  main            d.u.i.k.p.i.AbstractProblemLoader Loading environment from /home/runner/work/key/key/key.core/../key.ui/examples/heap/block_contracts/Simple__addWithJump.key.proof 
23836      DEBUG main            d.u.i.k.p.i.AbstractProblemLoader Environment load took 119.1ns 
23837      INFO  main            d.u.i.k.p.i.AbstractProblemLoader Creating init config 
26790      DEBUG main            d.u.i.k.p.i.AbstractProblemLoader Init config took 2.95s 
26850      INFO  main            d.u.i.k.p.i.AbstractProblemLoader Replaying proof Simple[Simple::addWithJump(int,int,int)].JML operation contract.0 
26901      DEBUG main            d.u.i.k.p.i.IntermediateProofReplayer Proof replay took 46.59ms 
26901      DEBUG main            d.u.i.k.p.r.p.TestFile    ... success: reloaded. 
26903      INFO  main            d.u.i.k.p.r.p.TestFile    Now processing file /home/runner/work/key/key/key.core/../key.ui/examples/heap/block_contracts/Simple__addWithTwoBlockContracts.key 
26903      INFO  main            d.u.i.k.p.i.AbstractProblemLoader Loading environment from /home/runner/work/key/key/key.core/../key.ui/examples/heap/block_contracts/Simple__addWithTwoBlockContracts.key 
26904      DEBUG main            d.u.i.k.p.i.AbstractProblemLoader Environment load took 218.41ns 
26905      INFO  main            d.u.i.k.p.i.AbstractProblemLoader Creating init config 
29914      DEBUG main            d.u.i.k.p.i.AbstractProblemLoader Init config took 3.01s 
29959      INFO  main            d.u.i.k.p.i.AbstractProblemLoader Replaying proof Simple[Simple::addWithTwoBlockContracts(int,int,int)].JML operation contract.0 
29962      DEBUG main            d.u.i.k.p.i.IntermediateProofReplayer Proof replay took 11.6ns 
30165      INFO  main            d.u.i.k.p.r.p.TestFile    ... finished proof: closed. 
30354      INFO  main            d.u.i.k.p.i.AbstractProblemLoader Loading environment from /home/runner/work/key/key/key.core/../key.ui/examples/heap/block_contracts/Simple__addWithTwoBlockContracts.key.proof 
30354      DEBUG main            d.u.i.k.p.i.AbstractProblemLoader Environment load took 117.8ns 
30355      INFO  main            d.u.i.k.p.i.AbstractProblemLoader Creating init config 
33155      DEBUG main            d.u.i.k.p.i.AbstractProblemLoader Init config took 2.8s 
33212      INFO  main            d.u.i.k.p.i.AbstractProblemLoader Replaying proof Simple[Simple::addWithTwoBlockContracts(int,int,int)].JML operation contract.0 
33287      DEBUG main            d.u.i.k.p.i.IntermediateProofReplayer Proof replay took 70.24ms 
33289      DEBUG main            d.u.i.k.p.r.p.TestFile    ... success: reloaded. 
33290      INFO  main            d.u.i.k.p.r.p.TestFile    Now processing file /home/runner/work/key/key/key.core/../key.ui/examples/heap/block_contracts/Simple__generateByteArray.key 
33291      INFO  main            d.u.i.k.p.i.AbstractProblemLoader Loading environment from /home/runner/work/key/key/key.core/../key.ui/examples/heap/block_contracts/Simple__generateByteArray.key 
33291      DEBUG main            d.u.i.k.p.i.AbstractProblemLoader Environment load took 226.91ns 
33292      INFO  main            d.u.i.k.p.i.AbstractProblemLoader Creating init config 
36152      DEBUG main            d.u.i.k.p.i.AbstractProblemLoader Init config took 2.86s 
36195      INFO  main            d.u.i.k.p.i.AbstractProblemLoader Replaying proof Simple[Simple::generateByteArray()].JML normal_behavior operation contract.0 
36196      DEBUG main            d.u.i.k.p.i.IntermediateProofReplayer Proof replay took 9.7ns 
38111      INFO  main            d.u.i.k.p.r.p.TestFile    ... finished proof: closed. 
38297      INFO  main            d.u.i.k.p.i.AbstractProblemLoader Loading environment from /home/runner/work/key/key/key.core/../key.ui/examples/heap/block_contracts/Simple__generateByteArray.key.proof 
38297      DEBUG main            d.u.i.k.p.i.AbstractProblemLoader Environment load took 461.31ns 
38299      INFO  main            d.u.i.k.p.i.AbstractProblemLoader Creating init config 
41116      DEBUG main            d.u.i.k.p.i.AbstractProblemLoader Init config took 2.82s 
41159      INFO  main            d.u.i.k.p.i.AbstractProblemLoader Replaying proof Simple[Simple::generateByteArray()].JML normal_behavior operation contract.0 
41405      DEBUG main            d.u.i.k.p.i.IntermediateProofReplayer Proof replay took 232.26ms 
41407      DEBUG main            d.u.i.k.p.r.p.TestFile    ... success: reloaded. 
41408      INFO  main            d.u.i.k.p.r.p.TestFile    Now processing file /home/runner/work/key/key/key.core/../key.ui/examples/heap/block_contracts/Simple__getLength.key 
41408      INFO  main            d.u.i.k.p.i.AbstractProblemLoader Loading environment from /home/runner/work/key/key/key.core/../key.ui/examples/heap/block_contracts/Simple__getLength.key 
41409      DEBUG main            d.u.i.k.p.i.AbstractProblemLoader Environment load took 267.01ns 
41410      INFO  main            d.u.i.k.p.i.AbstractProblemLoader Creating init config 
44210      DEBUG main            d.u.i.k.p.i.AbstractProblemLoader Init config took 2.8s 
44252      INFO  main            d.u.i.k.p.i.AbstractProblemLoader Replaying proof Simple[Simple::getLength()].JML normal_behavior operation contract.0 
44254      DEBUG main            d.u.i.k.p.i.IntermediateProofReplayer Proof replay took 10.9ns 
44356      INFO  main            d.u.i.k.p.r.p.TestFile    ... finished proof: closed. 
44543      INFO  main            d.u.i.k.p.i.AbstractProblemLoader Loading environment from /home/runner/work/key/key/key.core/../key.ui/examples/heap/block_contracts/Simple__getLength.key.proof 
44544      DEBUG main            d.u.i.k.p.i.AbstractProblemLoader Environment load took 155.4ns 
44545      INFO  main            d.u.i.k.p.i.AbstractProblemLoader Creating init config 
47331      DEBUG main            d.u.i.k.p.i.AbstractProblemLoader Init config took 2.79s 
47372      INFO  main            d.u.i.k.p.i.AbstractProblemLoader Replaying proof Simple[Simple::getLength()].JML normal_behavior operation contract.0 
47381      DEBUG main            d.u.i.k.p.i.IntermediateProofReplayer Proof replay took 6.57ms 
47382      DEBUG main            d.u.i.k.p.r.p.TestFile    ... success: reloaded. 
47383      INFO  main            d.u.i.k.p.r.p.TestFile    Now processing file /home/runner/work/key/key/key.core/../key.ui/examples/heap/block_contracts/Simple__square.key 
47384      INFO  main            d.u.i.k.p.i.AbstractProblemLoader Loading environment from /home/runner/work/key/key/key.core/../key.ui/examples/heap/block_contracts/Simple__square.key 
47384      DEBUG main            d.u.i.k.p.i.AbstractProblemLoader Environment load took 232.71ns 
47385      INFO  main            d.u.i.k.p.i.AbstractProblemLoader Creating init config 
50221      DEBUG main            d.u.i.k.p.i.AbstractProblemLoader Init config took 2.84s 
50262      INFO  main            d.u.i.k.p.i.AbstractProblemLoader Replaying proof Simple[Simple::square(int)].JML operation contract.0 
50264      DEBUG main            d.u.i.k.p.i.IntermediateProofReplayer Proof replay took 10.1ns 
50568      INFO  main            d.u.i.k.p.r.p.TestFile    ... finished proof: closed. 
50748      INFO  main            d.u.i.k.p.i.AbstractProblemLoader Loading environment from /home/runner/work/key/key/key.core/../key.ui/examples/heap/block_contracts/Simple__square.key.proof 
50748      DEBUG main            d.u.i.k.p.i.AbstractProblemLoader Environment load took 120.2ns 
50749      INFO  main            d.u.i.k.p.i.AbstractProblemLoader Creating init config 
53523      DEBUG main            d.u.i.k.p.i.AbstractProblemLoader Init config took 2.77s 
53564      INFO  main            d.u.i.k.p.i.AbstractProblemLoader Replaying proof Simple[Simple::square(int)].JML operation contract.0 
53682      DEBUG main            d.u.i.k.p.i.IntermediateProofReplayer Proof replay took 114.2ms 
53683      DEBUG main            d.u.i.k.p.r.p.TestFile    ... success: reloaded. 
53684      INFO  main            d.u.i.k.p.r.p.TestFile    Now processing file /home/runner/work/key/key/key.core/../key.ui/examples/heap/block_contracts/Simple__unnecessaryBlockContract.key 
53684      INFO  main            d.u.i.k.p.i.AbstractProblemLoader Loading environment from /home/runner/work/key/key/key.core/../key.ui/examples/heap/block_contracts/Simple__unnecessaryBlockContract.key 
53684      DEBUG main            d.u.i.k.p.i.AbstractProblemLoader Environment load took 91.8ns 
53685      INFO  main            d.u.i.k.p.i.AbstractProblemLoader Creating init config 
56510      DEBUG main            d.u.i.k.p.i.AbstractProblemLoader Init config took 2.82s 
56553      INFO  main            d.u.i.k.p.i.AbstractProblemLoader Replaying proof Simple[Simple::unnecessaryBlockContract()].JML operation contract.0 
56555      DEBUG main            d.u.i.k.p.i.IntermediateProofReplayer Proof replay took 12.8ns 
56659      INFO  main            d.u.i.k.p.r.p.TestFile    ... finished proof: closed. 
56851      INFO  main            d.u.i.k.p.i.AbstractProblemLoader Loading environment from /home/runner/work/key/key/key.core/../key.ui/examples/heap/block_contracts/Simple__unnecessaryBlockContract.key.proof 
56852      DEBUG main            d.u.i.k.p.i.AbstractProblemLoader Environment load took 121.6ns 
56853      INFO  main            d.u.i.k.p.i.AbstractProblemLoader Creating init config 
59624      DEBUG main            d.u.i.k.p.i.AbstractProblemLoader Init config took 2.77s 
59662      INFO  main            d.u.i.k.p.i.AbstractProblemLoader Replaying proof Simple[Simple::unnecessaryBlockContract()].JML operation contract.0 
59697      DEBUG main            d.u.i.k.p.i.IntermediateProofReplayer Proof replay took 33.2ms 
59699      DEBUG main            d.u.i.k.p.r.p.TestFile    ... success: reloaded. 
59700      INFO  main            d.u.i.k.p.r.p.TestFile    Now processing file /home/runner/work/key/key/key.core/../key.ui/examples/heap/block_contracts/Simple__unnecessaryLoopInvariant.key 
59700      INFO  main            d.u.i.k.p.i.AbstractProblemLoader Loading environment from /home/runner/work/key/key/key.core/../key.ui/examples/heap/block_contracts/Simple__unnecessaryLoopInvariant.key 
59700      DEBUG main            d.u.i.k.p.i.AbstractProblemLoader Environment load took 193.71ns 
59701      INFO  main            d.u.i.k.p.i.AbstractProblemLoader Creating init config 
62513      DEBUG main            d.u.i.k.p.i.AbstractProblemLoader Init config took 2.81s 
62552      INFO  main            d.u.i.k.p.i.AbstractProblemLoader Replaying proof Simple[Simple::unnecessaryLoopInvariant()].JML operation contract.0 
62554      DEBUG main            d.u.i.k.p.i.IntermediateProofReplayer Proof replay took 10.1ns 
62655      INFO  main            d.u.i.k.p.r.p.TestFile    ... finished proof: closed. 
62830      INFO  main            d.u.i.k.p.i.AbstractProblemLoader Loading environment from /home/runner/work/key/key/key.core/../key.ui/examples/heap/block_contracts/Simple__unnecessaryLoopInvariant.key.proof 
62831      DEBUG main            d.u.i.k.p.i.AbstractProblemLoader Environment load took 113.8ns 
62831      INFO  main            d.u.i.k.p.i.AbstractProblemLoader Creating init config 
65569      DEBUG main            d.u.i.k.p.i.AbstractProblemLoader Init config took 2.74s 
65605      INFO  main            d.u.i.k.p.i.AbstractProblemLoader Replaying proof Simple[Simple::unnecessaryLoopInvariant()].JML operation contract.0 
65616      DEBUG main            d.u.i.k.p.i.IntermediateProofReplayer Proof replay took 10.24ms 
65617      DEBUG main            d.u.i.k.p.r.p.TestFile    ... success: reloaded. 
65618      INFO  main            d.u.i.k.p.r.p.TestFile    Now processing file /home/runner/work/key/key/key.core/../key.ui/examples/standard_key/java_dl/jml-assert/assert.key 
65618      INFO  main            d.u.i.k.p.i.AbstractProblemLoader Loading environment from /home/runner/work/key/key/key.core/../key.ui/examples/standard_key/java_dl/jml-assert/assert.key 
65619      DEBUG main            d.u.i.k.p.i.AbstractProblemLoader Environment load took 129.3ns 
65619      INFO  main            d.u.i.k.p.i.AbstractProblemLoader Creating init config 
68107      DEBUG main            d.u.i.k.p.i.AbstractProblemLoader Init config took 2.49s 
68146      INFO  main            d.u.i.k.p.i.AbstractProblemLoader Replaying proof Assert[Assert::createArray(int)].JML normal_behavior operation contract.0 
68148      DEBUG main            d.u.i.k.p.i.IntermediateProofReplayer Proof replay took 6ns 
68352      INFO  main            d.u.i.k.p.r.p.TestFile    ... finished proof: closed. 
68540      INFO  main            d.u.i.k.p.i.AbstractProblemLoader Loading environment from /home/runner/work/key/key/key.core/../key.ui/examples/standard_key/java_dl/jml-assert/assert.key.proof 
68540      DEBUG main            d.u.i.k.p.i.AbstractProblemLoader Environment load took 109.8ns 
68541      INFO  main            d.u.i.k.p.i.AbstractProblemLoader Creating init config 
70951      DEBUG main            d.u.i.k.p.i.AbstractProblemLoader Init config took 2.41s 
71008      INFO  main            d.u.i.k.p.i.AbstractProblemLoader Replaying proof Assert[Assert::createArray(int)].JML normal_behavior operation contract.0 
71051      DEBUG main            d.u.i.k.p.i.IntermediateProofReplayer Proof replay took 40.23ms 
71051      DEBUG main            d.u.i.k.p.r.p.TestFile    ... success: reloaded. 
71053      INFO  main            d.u.i.k.p.r.p.TestFile    Now processing file /home/runner/work/key/key/key.core/../key.ui/examples/standard_key/java_dl/jml-assert/assert_assume_order.key 
71062      INFO  main            d.u.i.k.p.i.AbstractProblemLoader Loading environment from /home/runner/work/key/key/key.core/../key.ui/examples/standard_key/java_dl/jml-assert/assert_assume_order.key 
71063      DEBUG main            d.u.i.k.p.i.AbstractProblemLoader Environment load took 134.7ns 
71063      INFO  main            d.u.i.k.p.i.AbstractProblemLoader Creating init config 
73528      DEBUG main            d.u.i.k.p.i.AbstractProblemLoader Init config took 2.46s 
73564      INFO  main            d.u.i.k.p.i.AbstractProblemLoader Replaying proof AssertAssume[AssertAssume::singleAssumeAssert(int)].JML normal_behavior operation contract.0 
73566      DEBUG main            d.u.i.k.p.i.IntermediateProofReplayer Proof replay took 7.6ns 
73668      INFO  main            d.u.i.k.p.r.p.TestFile    ... finished proof: closed. 
73844      INFO  main            d.u.i.k.p.i.AbstractProblemLoader Loading environment from /home/runner/work/key/key/key.core/../key.ui/examples/standard_key/java_dl/jml-assert/assert_assume_order.key.proof 
73844      DEBUG main            d.u.i.k.p.i.AbstractProblemLoader Environment load took 114.3ns 
73845      INFO  main            d.u.i.k.p.i.AbstractProblemLoader Creating init config 
76236      DEBUG main            d.u.i.k.p.i.AbstractProblemLoader Init config took 2.39s 
76271      INFO  main            d.u.i.k.p.i.AbstractProblemLoader Replaying proof AssertAssume[AssertAssume::singleAssumeAssert(int)].JML normal_behavior operation contract.0 
76280      DEBUG main            d.u.i.k.p.i.IntermediateProofReplayer Proof replay took 7.04ms 
76281      DEBUG main            d.u.i.k.p.r.p.TestFile    ... success: reloaded. 
76282      INFO  main            d.u.i.k.p.r.p.TestFile    Now processing file /home/runner/work/key/key/key.core/../key.ui/examples/heap/block_loop_contracts/SimpleVariants/sum_onBlock_external.key 
76283      INFO  main            d.u.i.k.p.i.AbstractProblemLoader Loading environment from /home/runner/work/key/key/key.core/../key.ui/examples/heap/block_loop_contracts/SimpleVariants/sum_onBlock_external.key 
76283      DEBUG main            d.u.i.k.p.i.AbstractProblemLoader Environment load took 139.2ns 
76284      INFO  main            d.u.i.k.p.i.AbstractProblemLoader Creating init config 
78966      DEBUG main            d.u.i.k.p.i.AbstractProblemLoader Init config took 2.68s 
79022      INFO  main            d.u.i.k.p.i.AbstractProblemLoader Replaying proof LoopContractExamplesAll[LoopContractExamplesAll::sum_loopContract_onBlock([I)].JML normal_behavior operation contract.0 
79024      DEBUG main            d.u.i.k.p.i.IntermediateProofReplayer Proof replay took 10.8ns 
79126      INFO  main            d.u.i.k.p.r.p.TestFile    ... finished proof: closed. 
79327      INFO  main            d.u.i.k.p.i.AbstractProblemLoader Loading environment from /home/runner/work/key/key/key.core/../key.ui/examples/heap/block_loop_contracts/SimpleVariants/sum_onBlock_external.key.proof 
79327      DEBUG main            d.u.i.k.p.i.AbstractProblemLoader Environment load took 111.3ns 
79328      INFO  main            d.u.i.k.p.i.AbstractProblemLoader Creating init config 
81906      DEBUG main            d.u.i.k.p.i.AbstractProblemLoader Init config took 2.58s 
81941      INFO  main            d.u.i.k.p.i.AbstractProblemLoader Replaying proof LoopContractExamplesAll[LoopContractExamplesAll::sum_loopContract_onBlock([I)].JML normal_behavior operation contract.0 
81972      DEBUG main            d.u.i.k.p.i.IntermediateProofReplayer Proof replay took 29.77ms 
81973      DEBUG main            d.u.i.k.p.r.p.TestFile    ... success: reloaded. 
81974      INFO  main            d.u.i.k.p.r.p.TestFile    Now processing file /home/runner/work/key/key/key.core/../key.ui/examples/heap/block_loop_contracts/SimpleVariants/sum_onBlock_internal.key 
81974      INFO  main            d.u.i.k.p.i.AbstractProblemLoader Loading environment from /home/runner/work/key/key/key.core/../key.ui/examples/heap/block_loop_contracts/SimpleVariants/sum_onBlock_internal.key 
81974      DEBUG main            d.u.i.k.p.i.AbstractProblemLoader Environment load took 108.1ns 
81975      INFO  main            d.u.i.k.p.i.AbstractProblemLoader Creating init config 
84621      DEBUG main            d.u.i.k.p.i.AbstractProblemLoader Init config took 2.65s 
84655      INFO  main            d.u.i.k.p.i.AbstractProblemLoader Replaying proof LoopContractExamplesAll[LoopContractExamplesAll::sum_loopContract_onBlock([I)].JML normal_behavior operation contract.0 
84657      DEBUG main            d.u.i.k.p.i.IntermediateProofReplayer Proof replay took 11.4ns 
85264      INFO  main            d.u.i.k.p.r.p.TestFile    ... finished proof: closed. 
85505      INFO  main            d.u.i.k.p.i.AbstractProblemLoader Loading environment from /home/runner/work/key/key/key.core/../key.ui/examples/heap/block_loop_contracts/SimpleVariants/sum_onBlock_internal.key.proof 
85505      DEBUG main            d.u.i.k.p.i.AbstractProblemLoader Environment load took 107ns 
85506      INFO  main            d.u.i.k.p.i.AbstractProblemLoader Creating init config 
88068      DEBUG main            d.u.i.k.p.i.AbstractProblemLoader Init config took 2.56s 
88111      INFO  main            d.u.i.k.p.i.AbstractProblemLoader Replaying proof LoopContractExamplesAll[LoopContractExamplesAll::sum_loopContract_onBlock([I)].JML normal_behavior operation contract.0 
88334      DEBUG main            d.u.i.k.p.i.IntermediateProofReplayer Proof replay took 219.27ms 
88335      DEBUG main            d.u.i.k.p.r.p.TestFile    ... success: reloaded. 
88336      INFO  main            d.u.i.k.p.r.p.TestFile    Now processing file /home/runner/work/key/key/key.core/../key.ui/examples/heap/block_loop_contracts/SimpleVariants/sum_onBlock_loop.key 
88337      INFO  main            d.u.i.k.p.i.AbstractProblemLoader Loading environment from /home/runner/work/key/key/key.core/../key.ui/examples/heap/block_loop_contracts/SimpleVariants/sum_onBlock_loop.key 
88337      DEBUG main            d.u.i.k.p.i.AbstractProblemLoader Environment load took 251.01ns 
88338      INFO  main            d.u.i.k.p.i.AbstractProblemLoader Creating init config 
91027      DEBUG main            d.u.i.k.p.i.AbstractProblemLoader Init config took 2.69s 
91064      INFO  main            d.u.i.k.p.i.AbstractProblemLoader Replaying proof LoopContractExamplesAll[LoopContractExamplesAll::sum_loopContract_onBlock([I)].JML normal_behavior loop contract.0 
91065      DEBUG main            d.u.i.k.p.i.IntermediateProofReplayer Proof replay took 11.2ns 
91876      INFO  main            d.u.i.k.p.r.p.TestFile    ... finished proof: closed. 
92147      INFO  main            d.u.i.k.p.i.AbstractProblemLoader Loading environment from /home/runner/work/key/key/key.core/../key.ui/examples/heap/block_loop_contracts/SimpleVariants/sum_onBlock_loop.key.proof 
92147      DEBUG main            d.u.i.k.p.i.AbstractProblemLoader Environment load took 108.1ns 
92148      INFO  main            d.u.i.k.p.i.AbstractProblemLoader Creating init config 
94744      DEBUG main            d.u.i.k.p.i.AbstractProblemLoader Init config took 2.6s 
94779      INFO  main            d.u.i.k.p.i.AbstractProblemLoader Replaying proof LoopContractExamplesAll[LoopContractExamplesAll::sum_loopContract_onBlock([I)].JML normal_behavior loop contract.0 
95014      DEBUG main            d.u.i.k.p.i.IntermediateProofReplayer Proof replay took 231.06ms 
95015      DEBUG main            d.u.i.k.p.r.p.TestFile    ... success: reloaded. 
95016      INFO  main            d.u.i.k.p.r.p.TestFile    Now processing file /home/runner/work/key/key/key.core/../key.ui/examples/heap/block_loop_contracts/SimpleVariants/sum_onLoop_external.key 
95016      INFO  main            d.u.i.k.p.i.AbstractProblemLoader Loading environment from /home/runner/work/key/key/key.core/../key.ui/examples/heap/block_loop_contracts/SimpleVariants/sum_onLoop_external.key 
95016      DEBUG main            d.u.i.k.p.i.AbstractProblemLoader Environment load took 145.1ns 
95017      INFO  main            d.u.i.k.p.i.AbstractProblemLoader Creating init config 
97698      DEBUG main            d.u.i.k.p.i.AbstractProblemLoader Init config took 2.68s 
97731      INFO  main            d.u.i.k.p.i.AbstractProblemLoader Replaying proof LoopContractExamplesAll[LoopContractExamplesAll::sum_loopContract_onLoop([I)].JML normal_behavior operation contract.0 
97732      DEBUG main            d.u.i.k.p.i.IntermediateProofReplayer Proof replay took 11.8ns 
97834      INFO  main            d.u.i.k.p.r.p.TestFile    ... finished proof: closed. 
98087      INFO  main            d.u.i.k.p.i.AbstractProblemLoader Loading environment from /home/runner/work/key/key/key.core/../key.ui/examples/heap/block_loop_contracts/SimpleVariants/sum_onLoop_external.key.proof 
98088      DEBUG main            d.u.i.k.p.i.AbstractProblemLoader Environment load took 128.2ns 
98088      INFO  main            d.u.i.k.p.i.AbstractProblemLoader Creating init config 
100651     DEBUG main            d.u.i.k.p.i.AbstractProblemLoader Init config took 2.56s 
100701     INFO  main            d.u.i.k.p.i.AbstractProblemLoader Replaying proof LoopContractExamplesAll[LoopContractExamplesAll::sum_loopContract_onLoop([I)].JML normal_behavior operation contract.0 
100729     DEBUG main            d.u.i.k.p.i.IntermediateProofReplayer Proof replay took 25.69ms 
100730     DEBUG main            d.u.i.k.p.r.p.TestFile    ... success: reloaded. 
100730     INFO  main            d.u.i.k.p.r.p.TestFile    Now processing file /home/runner/work/key/key/key.core/../key.ui/examples/heap/block_loop_contracts/SimpleVariants/sum_onLoop_internal.key 
100731     INFO  main            d.u.i.k.p.i.AbstractProblemLoader Loading environment from /home/runner/work/key/key/key.core/../key.ui/examples/heap/block_loop_contracts/SimpleVariants/sum_onLoop_internal.key 
100731     DEBUG main            d.u.i.k.p.i.AbstractProblemLoader Environment load took 122.3ns 
100732     INFO  main            d.u.i.k.p.i.AbstractProblemLoader Creating init config 
103365     DEBUG main            d.u.i.k.p.i.AbstractProblemLoader Init config took 2.63s 
103403     INFO  main            d.u.i.k.p.i.AbstractProblemLoader Replaying proof LoopContractExamplesAll[LoopContractExamplesAll::sum_loopContract_onLoop([I)].JML normal_behavior operation contract.0 
103405     DEBUG main            d.u.i.k.p.i.IntermediateProofReplayer Proof replay took 10.9ns 
104012     INFO  main            d.u.i.k.p.r.p.TestFile    ... finished proof: closed. 
104245     INFO  main            d.u.i.k.p.i.AbstractProblemLoader Loading environment from /home/runner/work/key/key/key.core/../key.ui/examples/heap/block_loop_contracts/SimpleVariants/sum_onLoop_internal.key.proof 
104245     DEBUG main            d.u.i.k.p.i.AbstractProblemLoader Environment load took 103.6ns 
104246     INFO  main            d.u.i.k.p.i.AbstractProblemLoader Creating init config 
106807     DEBUG main            d.u.i.k.p.i.AbstractProblemLoader Init config took 2.56s 
106840     INFO  main            d.u.i.k.p.i.AbstractProblemLoader Replaying proof LoopContractExamplesAll[LoopContractExamplesAll::sum_loopContract_onLoop([I)].JML normal_behavior operation contract.0 
107057     DEBUG main            d.u.i.k.p.i.IntermediateProofReplayer Proof replay took 213.1ms 
107059     DEBUG main            d.u.i.k.p.r.p.TestFile    ... success: reloaded. 
107060     INFO  main            d.u.i.k.p.r.p.TestFile    Now processing file /home/runner/work/key/key/key.core/../key.ui/examples/heap/block_loop_contracts/SimpleVariants/sum_onLoop_loop.key 
107060     INFO  main            d.u.i.k.p.i.AbstractProblemLoader Loading environment from /home/runner/work/key/key/key.core/../key.ui/examples/heap/block_loop_contracts/SimpleVariants/sum_onLoop_loop.key 
107060     DEBUG main            d.u.i.k.p.i.AbstractProblemLoader Environment load took 246.71ns 
107061     INFO  main            d.u.i.k.p.i.AbstractProblemLoader Creating init config 
109728     DEBUG main            d.u.i.k.p.i.AbstractProblemLoader Init config took 2.67s 
109764     INFO  main            d.u.i.k.p.i.AbstractProblemLoader Replaying proof LoopContractExamplesAll[LoopContractExamplesAll::sum_loopContract_onLoop([I)].JML normal_behavior loop contract.0 
109766     DEBUG main            d.u.i.k.p.i.IntermediateProofReplayer Proof replay took 11ns 
110469     INFO  main            d.u.i.k.p.r.p.TestFile    ... finished proof: closed. 
110801     INFO  main            d.u.i.k.p.i.AbstractProblemLoader Loading environment from /home/runner/work/key/key/key.core/../key.ui/examples/heap/block_loop_contracts/SimpleVariants/sum_onLoop_loop.key.proof 
110802     DEBUG main            d.u.i.k.p.i.AbstractProblemLoader Environment load took 176.4ns 
110802     INFO  main            d.u.i.k.p.i.AbstractProblemLoader Creating init config 
113348     DEBUG main            d.u.i.k.p.i.AbstractProblemLoader Init config took 2.55s 
113391     INFO  main            d.u.i.k.p.i.AbstractProblemLoader Replaying proof LoopContractExamplesAll[LoopContractExamplesAll::sum_loopContract_onLoop([I)].JML normal_behavior loop contract.0 
113650     DEBUG main            d.u.i.k.p.i.IntermediateProofReplayer Proof replay took 253.34ms 
113652     DEBUG main            d.u.i.k.p.r.p.TestFile    ... success: reloaded. 
113654     INFO  main            d.u.i.k.p.r.p.TestFile    Now processing file /home/runner/work/key/key/key.core/../key.ui/examples/heap/block_loop_contracts/Free/blockContracts0.key 
113654     INFO  main            d.u.i.k.p.i.AbstractProblemLoader Loading environment from /home/runner/work/key/key/key.core/../key.ui/examples/heap/block_loop_contracts/Free/blockContracts0.key 
113654     DEBUG main            d.u.i.k.p.i.AbstractProblemLoader Environment load took 222.31ns 
113655     INFO  main            d.u.i.k.p.i.AbstractProblemLoader Creating init config 
115993     DEBUG main            d.u.i.k.p.i.AbstractProblemLoader Init config took 2.34s 
116025     INFO  main            d.u.i.k.p.i.AbstractProblemLoader Replaying proof FreeConditions[FreeConditions::blockContract0()].JML normal_behavior operation contract.0 
116026     DEBUG main            d.u.i.k.p.i.IntermediateProofReplayer Proof replay took 10.7ns 
116128     INFO  main            d.u.i.k.p.r.p.TestFile    ... finished proof: closed. 
116388     INFO  main            d.u.i.k.p.i.AbstractProblemLoader Loading environment from /home/runner/work/key/key/key.core/../key.ui/examples/heap/block_loop_contracts/Free/blockContracts0.key.proof 
116388     DEBUG main            d.u.i.k.p.i.AbstractProblemLoader Environment load took 93.6ns 
116389     INFO  main            d.u.i.k.p.i.AbstractProblemLoader Creating init config 
118639     DEBUG main            d.u.i.k.p.i.AbstractProblemLoader Init config took 2.25s 
118672     INFO  main            d.u.i.k.p.i.AbstractProblemLoader Replaying proof FreeConditions[FreeConditions::blockContract0()].JML normal_behavior operation contract.0 
118693     DEBUG main            d.u.i.k.p.i.IntermediateProofReplayer Proof replay took 18.75ms 
118693     DEBUG main            d.u.i.k.p.r.p.TestFile    ... success: reloaded. 
118694     INFO  main            d.u.i.k.p.r.p.TestFile    Now processing file /home/runner/work/key/key/key.core/../key.ui/examples/heap/block_loop_contracts/Free/blockContracts1.key 
118694     INFO  main            d.u.i.k.p.i.AbstractProblemLoader Loading environment from /home/runner/work/key/key/key.core/../key.ui/examples/heap/block_loop_contracts/Free/blockContracts1.key 
118694     DEBUG main            d.u.i.k.p.i.AbstractProblemLoader Environment load took 85.3ns 
118695     INFO  main            d.u.i.k.p.i.AbstractProblemLoader Creating init config 
120990     DEBUG main            d.u.i.k.p.i.AbstractProblemLoader Init config took 2.3s 
121022     INFO  main            d.u.i.k.p.i.AbstractProblemLoader Replaying proof FreeConditions[FreeConditions::blockContract1()].JML normal_behavior operation contract.0 
121023     DEBUG main            d.u.i.k.p.i.IntermediateProofReplayer Proof replay took 10.6ns 
121126     INFO  main            d.u.i.k.p.r.p.TestFile    ... finished proof: closed. 
121372     INFO  main            d.u.i.k.p.i.AbstractProblemLoader Loading environment from /home/runner/work/key/key/key.core/../key.ui/examples/heap/block_loop_contracts/Free/blockContracts1.key.proof 
121372     DEBUG main            d.u.i.k.p.i.AbstractProblemLoader Environment load took 108.2ns 
121373     INFO  main            d.u.i.k.p.i.AbstractProblemLoader Creating init config 
123606     DEBUG main            d.u.i.k.p.i.AbstractProblemLoader Init config took 2.23s 
123638     INFO  main            d.u.i.k.p.i.AbstractProblemLoader Replaying proof FreeConditions[FreeConditions::blockContract1()].JML normal_behavior operation contract.0 
123656     DEBUG main            d.u.i.k.p.i.IntermediateProofReplayer Proof replay took 15.73ms 
123657     DEBUG main            d.u.i.k.p.r.p.TestFile    ... success: reloaded. 
123658     INFO  main            d.u.i.k.p.r.p.TestFile    Now processing file /home/runner/work/key/key/key.core/../key.ui/examples/heap/block_loop_contracts/Finally/block_finally.key 
123659     INFO  main            d.u.i.k.p.i.AbstractProblemLoader Loading environment from /home/runner/work/key/key/key.core/../key.ui/examples/heap/block_loop_contracts/Finally/block_finally.key 
123659     DEBUG main            d.u.i.k.p.i.AbstractProblemLoader Environment load took 200.1ns 
123660     INFO  main            d.u.i.k.p.i.AbstractProblemLoader Creating init config 
125991     DEBUG main            d.u.i.k.p.i.AbstractProblemLoader Init config took 2.33s 
126024     INFO  main            d.u.i.k.p.i.AbstractProblemLoader Replaying proof AuxiliaryContractsFinally[AuxiliaryContractsFinally::breakThrowContinueBlockContract(java.lang.Exception)].JML block contract.0 
126026     DEBUG main            d.u.i.k.p.i.IntermediateProofReplayer Proof replay took 23.1ns 
126529     INFO  main            d.u.i.k.p.r.p.TestFile    ... finished proof: open goal(s) 
126788     INFO  main            d.u.i.k.p.r.p.TestFile    Now processing file /home/runner/work/key/key/key.core/../key.ui/examples/heap/block_loop_contracts/Finally/loop_finally.key 
126788     INFO  main            d.u.i.k.p.i.AbstractProblemLoader Loading environment from /home/runner/work/key/key/key.core/../key.ui/examples/heap/block_loop_contracts/Finally/loop_finally.key 
126788     DEBUG main            d.u.i.k.p.i.AbstractProblemLoader Environment load took 48.3ns 
126789     INFO  main            d.u.i.k.p.i.AbstractProblemLoader Creating init config 
129040     DEBUG main            d.u.i.k.p.i.AbstractProblemLoader Init config took 2.25s 
129075     INFO  main            d.u.i.k.p.i.AbstractProblemLoader Replaying proof AuxiliaryContractsFinally[AuxiliaryContractsFinally::breakThrowContinueLoopContract(java.lang.Exception)].JML normal_behavior loop contract.0 
129077     DEBUG main            d.u.i.k.p.i.IntermediateProofReplayer Proof replay took 22ns 
129689     INFO  main            d.u.i.k.p.r.p.TestFile    ... finished proof: open goal(s) 
598671     INFO  Test worker     d.u.i.k.p.r.p.StatisticsFile Returning from test blockContracts 
598675     INFO  Test worker     d.u.i.k.p.r.p.StatisticsFile Running test jmlAsserts 
331        INFO  Timeout watchdog d.u.i.k.p.r.p.ForkedTestFileRunner Timeout watcher launched (2000 secs.) 
339        WARN  main            d.u.i.k.s.ProofSettings   The settings in /home/runner/.key/proof-settings.props are *not* read. 
383        INFO  main            d.u.i.k.p.r.p.TestFile    Now processing file /home/runner/work/key/key/key.core/../key.ui/examples/standard_key/java_dl/jml-assert/assert.key 
514        INFO  main            d.u.i.k.p.i.AbstractProblemLoader Loading environment from /home/runner/work/key/key/key.core/../key.ui/examples/standard_key/java_dl/jml-assert/assert.key 
534        DEBUG main            d.u.i.k.p.i.AbstractProblemLoader Environment load took 2.12ms 
732        INFO  main            d.u.i.k.p.i.AbstractProblemLoader Creating init config 
1596       DEBUG main            d.u.i.k.j.TypeConverter   No LDT found for Meta 
1597       DEBUG main            d.u.i.k.j.TypeConverter   No LDT found for Meta 
1601       DEBUG main            d.u.i.k.j.TypeConverter   No LDT found for Meta 
1602       DEBUG main            d.u.i.k.j.TypeConverter   No LDT found for Meta 
2869       DEBUG main            d.u.i.k.j.TypeConverter   No LDT found for JavaBigintExpression 
7804       DEBUG main            d.u.i.k.p.i.AbstractProblemLoader Init config took 7.07s 
7969       INFO  main            d.u.i.k.p.i.AbstractProblemLoader Replaying proof Assert[Assert::createArray(int)].JML normal_behavior operation contract.0 
7999       DEBUG main            d.u.i.k.p.i.IntermediateProofReplayer Proof replay took 34.4ns 
8830       INFO  main            d.u.i.k.p.r.p.TestFile    ... finished proof: closed. 
8959       INFO  main            d.u.i.k.p.i.AbstractProblemLoader Loading environment from /home/runner/work/key/key/key.core/../key.ui/examples/standard_key/java_dl/jml-assert/assert.key.proof 
8960       DEBUG main            d.u.i.k.p.i.AbstractProblemLoader Environment load took 808.22ns 
8962       INFO  main            d.u.i.k.p.i.AbstractProblemLoader Creating init config 
11894      DEBUG main            d.u.i.k.p.i.AbstractProblemLoader Init config took 2.93s 
11962      INFO  main            d.u.i.k.p.i.AbstractProblemLoader Replaying proof Assert[Assert::createArray(int)].JML normal_behavior operation contract.0 
12053      DEBUG main            d.u.i.k.p.i.IntermediateProofReplayer Proof replay took 85.49ms 
12060      DEBUG main            d.u.i.k.p.r.p.TestFile    ... success: reloaded. 
12062      INFO  main            d.u.i.k.p.r.p.TestFile    Now processing file /home/runner/work/key/key/key.core/../key.ui/examples/heap/block_loop_contracts/Free/assertions0.key 
12066      INFO  main            d.u.i.k.p.i.AbstractProblemLoader Loading environment from /home/runner/work/key/key/key.core/../key.ui/examples/heap/block_loop_contracts/Free/assertions0.key 
12066      DEBUG main            d.u.i.k.p.i.AbstractProblemLoader Environment load took 284.61ns 
12068      INFO  main            d.u.i.k.p.i.AbstractProblemLoader Creating init config 
14668      DEBUG main            d.u.i.k.p.i.AbstractProblemLoader Init config took 2.6s 
14742      INFO  main            d.u.i.k.p.i.AbstractProblemLoader Replaying proof FreeConditions[FreeConditions::assertions0()].JML normal_behavior operation contract.0 
14745      DEBUG main            d.u.i.k.p.i.IntermediateProofReplayer Proof replay took 11.2ns 
14848      INFO  main            d.u.i.k.p.r.p.TestFile    ... finished proof: closed. 
14960      INFO  main            d.u.i.k.p.i.AbstractProblemLoader Loading environment from /home/runner/work/key/key/key.core/../key.ui/examples/heap/block_loop_contracts/Free/assertions0.key.proof 
14960      DEBUG main            d.u.i.k.p.i.AbstractProblemLoader Environment load took 115.4ns 
14964      INFO  main            d.u.i.k.p.i.AbstractProblemLoader Creating init config 
17461      DEBUG main            d.u.i.k.p.i.AbstractProblemLoader Init config took 2.5s 
17508      INFO  main            d.u.i.k.p.i.AbstractProblemLoader Replaying proof FreeConditions[FreeConditions::assertions0()].JML normal_behavior operation contract.0 
17531      DEBUG main            d.u.i.k.p.i.IntermediateProofReplayer Proof replay took 20.74ms 
17532      DEBUG main            d.u.i.k.p.r.p.TestFile    ... success: reloaded. 
17534      INFO  main            d.u.i.k.p.r.p.TestFile    Now processing file /home/runner/work/key/key/key.core/../key.ui/examples/heap/block_loop_contracts/Free/assertions1.key 
17534      INFO  main            d.u.i.k.p.i.AbstractProblemLoader Loading environment from /home/runner/work/key/key/key.core/../key.ui/examples/heap/block_loop_contracts/Free/assertions1.key 
17534      DEBUG main            d.u.i.k.p.i.AbstractProblemLoader Environment load took 226.81ns 
17535      INFO  main            d.u.i.k.p.i.AbstractProblemLoader Creating init config 
20016      DEBUG main            d.u.i.k.p.i.AbstractProblemLoader Init config took 2.48s 
20060      INFO  main            d.u.i.k.p.i.AbstractProblemLoader Replaying proof FreeConditions[FreeConditions::assertions1()].JML normal_behavior operation contract.0 
20062      DEBUG main            d.u.i.k.p.i.IntermediateProofReplayer Proof replay took 11.6ns 
20165      INFO  main            d.u.i.k.p.r.p.TestFile    ... finished proof: closed. 
20325      INFO  main            d.u.i.k.p.i.AbstractProblemLoader Loading environment from /home/runner/work/key/key/key.core/../key.ui/examples/heap/block_loop_contracts/Free/assertions1.key.proof 
20327      DEBUG main            d.u.i.k.p.i.AbstractProblemLoader Environment load took 1.95ms 
20329      INFO  main            d.u.i.k.p.i.AbstractProblemLoader Creating init config 
22824      DEBUG main            d.u.i.k.p.i.AbstractProblemLoader Init config took 2.5s 
22870      INFO  main            d.u.i.k.p.i.AbstractProblemLoader Replaying proof FreeConditions[FreeConditions::assertions1()].JML normal_behavior operation contract.0 
22877      DEBUG main            d.u.i.k.p.i.IntermediateProofReplayer Proof replay took 5.1ms 
22878      DEBUG main            d.u.i.k.p.r.p.TestFile    ... success: reloaded. 
22879      INFO  main            d.u.i.k.p.r.p.TestFile    Now processing file /home/runner/work/key/key/key.core/../key.ui/examples/standard_key/java_dl/jml-assert/recursion-assert.key 
22879      INFO  main            d.u.i.k.p.i.AbstractProblemLoader Loading environment from /home/runner/work/key/key/key.core/../key.ui/examples/standard_key/java_dl/jml-assert/recursion-assert.key 
22880      DEBUG main            d.u.i.k.p.i.AbstractProblemLoader Environment load took 102.1ns 
22880      INFO  main            d.u.i.k.p.i.AbstractProblemLoader Creating init config 
25546      DEBUG main            d.u.i.k.p.i.AbstractProblemLoader Init config took 2.67s 
25592      INFO  main            d.u.i.k.p.i.AbstractProblemLoader Replaying proof RecursiveMethod[RecursiveMethod::fac1(int)].JML normal_behavior operation contract.0 
25594      DEBUG main            d.u.i.k.p.i.IntermediateProofReplayer Proof replay took 5.1ns 
25797      INFO  main            d.u.i.k.p.r.p.TestFile    ... finished proof: closed. 
25960      INFO  main            d.u.i.k.p.i.AbstractProblemLoader Loading environment from /home/runner/work/key/key/key.core/../key.ui/examples/standard_key/java_dl/jml-assert/recursion-assert.key.proof 
25960      DEBUG main            d.u.i.k.p.i.AbstractProblemLoader Environment load took 119.8ns 
25961      INFO  main            d.u.i.k.p.i.AbstractProblemLoader Creating init config 
28578      DEBUG main            d.u.i.k.p.i.AbstractProblemLoader Init config took 2.62s 
28624      INFO  main            d.u.i.k.p.i.AbstractProblemLoader Replaying proof RecursiveMethod[RecursiveMethod::fac1(int)].JML normal_behavior operation contract.0 
28684      DEBUG main            d.u.i.k.p.i.IntermediateProofReplayer Proof replay took 56.06ms 
28686      DEBUG main            d.u.i.k.p.r.p.TestFile    ... success: reloaded. 
28687      INFO  main            d.u.i.k.p.r.p.TestFile    Now processing file /home/runner/work/key/key/key.core/../key.ui/examples/standard_key/java_dl/jml-assert/recursion-assume.key 
28687      INFO  main            d.u.i.k.p.i.AbstractProblemLoader Loading environment from /home/runner/work/key/key/key.core/../key.ui/examples/standard_key/java_dl/jml-assert/recursion-assume.key 
28687      DEBUG main            d.u.i.k.p.i.AbstractProblemLoader Environment load took 110.3ns 
28688      INFO  main            d.u.i.k.p.i.AbstractProblemLoader Creating init config 
31282      DEBUG main            d.u.i.k.p.i.AbstractProblemLoader Init config took 2.59s 
31326      INFO  main            d.u.i.k.p.i.AbstractProblemLoader Replaying proof RecursiveMethod[RecursiveMethod::fac2(int)].JML normal_behavior operation contract.0 
31327      DEBUG main            d.u.i.k.p.i.IntermediateProofReplayer Proof replay took 5.5ns 
31533      INFO  main            d.u.i.k.p.r.p.TestFile    ... finished proof: closed. 
31707      INFO  main            d.u.i.k.p.i.AbstractProblemLoader Loading environment from /home/runner/work/key/key/key.core/../key.ui/examples/standard_key/java_dl/jml-assert/recursion-assume.key.proof 
31707      DEBUG main            d.u.i.k.p.i.AbstractProblemLoader Environment load took 116.3ns 
31709      INFO  main            d.u.i.k.p.i.AbstractProblemLoader Creating init config 
34236      DEBUG main            d.u.i.k.p.i.AbstractProblemLoader Init config took 2.53s 
34278      INFO  main            d.u.i.k.p.i.AbstractProblemLoader Replaying proof RecursiveMethod[RecursiveMethod::fac2(int)].JML normal_behavior operation contract.0 
34314      DEBUG main            d.u.i.k.p.i.IntermediateProofReplayer Proof replay took 33.5ms 
34315      DEBUG main            d.u.i.k.p.r.p.TestFile    ... success: reloaded. 
34316      INFO  main            d.u.i.k.p.r.p.TestFile    Now processing file /home/runner/work/key/key/key.core/../key.ui/examples/standard_key/java_dl/jml-assert/quantor-assert.key 
34316      INFO  main            d.u.i.k.p.i.AbstractProblemLoader Loading environment from /home/runner/work/key/key/key.core/../key.ui/examples/standard_key/java_dl/jml-assert/quantor-assert.key 
34316      DEBUG main            d.u.i.k.p.i.AbstractProblemLoader Environment load took 78.9ns 
34317      INFO  main            d.u.i.k.p.i.AbstractProblemLoader Creating init config 
36944      DEBUG main            d.u.i.k.p.i.AbstractProblemLoader Init config took 2.63s 
36985      INFO  main            d.u.i.k.p.i.AbstractProblemLoader Replaying proof Quantor[Quantor::square1(int)].JML normal_behavior operation contract.0 
36986      DEBUG main            d.u.i.k.p.i.IntermediateProofReplayer Proof replay took 6.1ns 
37089      INFO  main            d.u.i.k.p.r.p.TestFile    ... finished proof: closed. 
37259      INFO  main            d.u.i.k.p.i.AbstractProblemLoader Loading environment from /home/runner/work/key/key/key.core/../key.ui/examples/standard_key/java_dl/jml-assert/quantor-assert.key.proof 
37259      DEBUG main            d.u.i.k.p.i.AbstractProblemLoader Environment load took 132.6ns 
37260      INFO  main            d.u.i.k.p.i.AbstractProblemLoader Creating init config 
39761      DEBUG main            d.u.i.k.p.i.AbstractProblemLoader Init config took 2.5s 
39821      INFO  main            d.u.i.k.p.i.AbstractProblemLoader Replaying proof Quantor[Quantor::square1(int)].JML normal_behavior operation contract.0 
39838      DEBUG main            d.u.i.k.p.i.IntermediateProofReplayer Proof replay took 15.41ms 
39839      DEBUG main            d.u.i.k.p.r.p.TestFile    ... success: reloaded. 
39840      INFO  main            d.u.i.k.p.r.p.TestFile    Now processing file /home/runner/work/key/key/key.core/../key.ui/examples/standard_key/java_dl/jml-assert/quantor-assume.key 
39841      INFO  main            d.u.i.k.p.i.AbstractProblemLoader Loading environment from /home/runner/work/key/key/key.core/../key.ui/examples/standard_key/java_dl/jml-assert/quantor-assume.key 
39841      DEBUG main            d.u.i.k.p.i.AbstractProblemLoader Environment load took 218.01ns 
39842      INFO  main            d.u.i.k.p.i.AbstractProblemLoader Creating init config 
42374      DEBUG main            d.u.i.k.p.i.AbstractProblemLoader Init config took 2.53s 
42438      INFO  main            d.u.i.k.p.i.AbstractProblemLoader Replaying proof Quantor[Quantor::square2(int)].JML normal_behavior operation contract.0 
42439      DEBUG main            d.u.i.k.p.i.IntermediateProofReplayer Proof replay took 6.8ns 
42540      INFO  main            d.u.i.k.p.r.p.TestFile    ... finished proof: closed. 
42706      INFO  main            d.u.i.k.p.i.AbstractProblemLoader Loading environment from /home/runner/work/key/key/key.core/../key.ui/examples/standard_key/java_dl/jml-assert/quantor-assume.key.proof 
42706      DEBUG main            d.u.i.k.p.i.AbstractProblemLoader Environment load took 110.2ns 
42707      INFO  main            d.u.i.k.p.i.AbstractProblemLoader Creating init config 
45196      DEBUG main            d.u.i.k.p.i.AbstractProblemLoader Init config took 2.49s 
45233      INFO  main            d.u.i.k.p.i.AbstractProblemLoader Replaying proof Quantor[Quantor::square2(int)].JML normal_behavior operation contract.0 
45248      DEBUG main            d.u.i.k.p.i.IntermediateProofReplayer Proof replay took 12.99ms 
45249      DEBUG main            d.u.i.k.p.r.p.TestFile    ... success: reloaded. 
45250      INFO  main            d.u.i.k.p.r.p.TestFile    Now processing file /home/runner/work/key/key/key.core/../key.ui/examples/standard_key/java_dl/jml-assert/model-methods-static-static.key 
45250      INFO  main            d.u.i.k.p.i.AbstractProblemLoader Loading environment from /home/runner/work/key/key/key.core/../key.ui/examples/standard_key/java_dl/jml-assert/model-methods-static-static.key 
45250      DEBUG main            d.u.i.k.p.i.AbstractProblemLoader Environment load took 86.8ns 
45251      INFO  main            d.u.i.k.p.i.AbstractProblemLoader Creating init config 
47841      DEBUG main            d.u.i.k.p.i.AbstractProblemLoader Init config took 2.59s 
47881      INFO  main            d.u.i.k.p.i.AbstractProblemLoader Replaying proof ModelMethods[ModelMethods::test1()].JML normal_behavior operation contract.0 
47883      DEBUG main            d.u.i.k.p.i.IntermediateProofReplayer Proof replay took 5.6ns 
47988      INFO  main            d.u.i.k.p.r.p.TestFile    ... finished proof: closed. 
48163      INFO  main            d.u.i.k.p.i.AbstractProblemLoader Loading environment from /home/runner/work/key/key/key.core/../key.ui/examples/standard_key/java_dl/jml-assert/model-methods-static-static.key.proof 
48163      DEBUG main            d.u.i.k.p.i.AbstractProblemLoader Environment load took 108.7ns 
48164      INFO  main            d.u.i.k.p.i.AbstractProblemLoader Creating init config 
50674      DEBUG main            d.u.i.k.p.i.AbstractProblemLoader Init config took 2.51s 
50710      INFO  main            d.u.i.k.p.i.AbstractProblemLoader Replaying proof ModelMethods[ModelMethods::test1()].JML normal_behavior operation contract.0 
50718      DEBUG main            d.u.i.k.p.i.IntermediateProofReplayer Proof replay took 5.8ms 
50719      DEBUG main            d.u.i.k.p.r.p.TestFile    ... success: reloaded. 
50720      INFO  main            d.u.i.k.p.r.p.TestFile    Now processing file /home/runner/work/key/key/key.core/../key.ui/examples/standard_key/java_dl/jml-assert/model-methods-instance-static.key 
50720      INFO  main            d.u.i.k.p.i.AbstractProblemLoader Loading environment from /home/runner/work/key/key/key.core/../key.ui/examples/standard_key/java_dl/jml-assert/model-methods-instance-static.key 
50720      DEBUG main            d.u.i.k.p.i.AbstractProblemLoader Environment load took 231.71ns 
50721      INFO  main            d.u.i.k.p.i.AbstractProblemLoader Creating init config 
53283      DEBUG main            d.u.i.k.p.i.AbstractProblemLoader Init config took 2.56s 
53321      INFO  main            d.u.i.k.p.i.AbstractProblemLoader Replaying proof ModelMethods[ModelMethods::test2()].JML normal_behavior operation contract.0 
53323      DEBUG main            d.u.i.k.p.i.IntermediateProofReplayer Proof replay took 5.4ns 
53429      INFO  main            d.u.i.k.p.r.p.TestFile    ... finished proof: closed. 
53619      INFO  main            d.u.i.k.p.i.AbstractProblemLoader Loading environment from /home/runner/work/key/key/key.core/../key.ui/examples/standard_key/java_dl/jml-assert/model-methods-instance-static.key.proof 
53620      DEBUG main            d.u.i.k.p.i.AbstractProblemLoader Environment load took 112.5ns 
53621      INFO  main            d.u.i.k.p.i.AbstractProblemLoader Creating init config 
56086      DEBUG main            d.u.i.k.p.i.AbstractProblemLoader Init config took 2.47s 
56131      INFO  main            d.u.i.k.p.i.AbstractProblemLoader Replaying proof ModelMethods[ModelMethods::test2()].JML normal_behavior operation contract.0 
56141      DEBUG main            d.u.i.k.p.i.IntermediateProofReplayer Proof replay took 7.7ms 
56142      DEBUG main            d.u.i.k.p.r.p.TestFile    ... success: reloaded. 
56143      INFO  main            d.u.i.k.p.r.p.TestFile    Now processing file /home/runner/work/key/key/key.core/../key.ui/examples/standard_key/java_dl/jml-assert/model-methods-instance-instance.key 
56143      INFO  main            d.u.i.k.p.i.AbstractProblemLoader Loading environment from /home/runner/work/key/key/key.core/../key.ui/examples/standard_key/java_dl/jml-assert/model-methods-instance-instance.key 
56143      DEBUG main            d.u.i.k.p.i.AbstractProblemLoader Environment load took 84.9ns 
56144      INFO  main            d.u.i.k.p.i.AbstractProblemLoader Creating init config 
58690      DEBUG main            d.u.i.k.p.i.AbstractProblemLoader Init config took 2.55s 
58727      INFO  main            d.u.i.k.p.i.AbstractProblemLoader Replaying proof ModelMethods[ModelMethods::test3()].JML normal_behavior operation contract.0 
58729      DEBUG main            d.u.i.k.p.i.IntermediateProofReplayer Proof replay took 6ns 
58831      INFO  main            d.u.i.k.p.r.p.TestFile    ... finished proof: closed. 
59023      INFO  main            d.u.i.k.p.i.AbstractProblemLoader Loading environment from /home/runner/work/key/key/key.core/../key.ui/examples/standard_key/java_dl/jml-assert/model-methods-instance-instance.key.proof 
59024      DEBUG main            d.u.i.k.p.i.AbstractProblemLoader Environment load took 114.5ns 
59024      INFO  main            d.u.i.k.p.i.AbstractProblemLoader Creating init config 
61524      DEBUG main            d.u.i.k.p.i.AbstractProblemLoader Init config took 2.5s 
61560      INFO  main            d.u.i.k.p.i.AbstractProblemLoader Replaying proof ModelMethods[ModelMethods::test3()].JML normal_behavior operation contract.0 
61572      DEBUG main            d.u.i.k.p.i.IntermediateProofReplayer Proof replay took 10.08ms 
61573      DEBUG main            d.u.i.k.p.r.p.TestFile    ... success: reloaded. 
61574      INFO  main            d.u.i.k.p.r.p.TestFile    Now processing file /home/runner/work/key/key/key.core/../key.ui/examples/standard_key/java_dl/jml-assert/model-methods-static-instance.key 
61574      INFO  main            d.u.i.k.p.i.AbstractProblemLoader Loading environment from /home/runner/work/key/key/key.core/../key.ui/examples/standard_key/java_dl/jml-assert/model-methods-static-instance.key 
61574      DEBUG main            d.u.i.k.p.i.AbstractProblemLoader Environment load took 92.6ns 
61575      INFO  main            d.u.i.k.p.i.AbstractProblemLoader Creating init config 
64042      DEBUG main            d.u.i.k.p.i.AbstractProblemLoader Init config took 2.47s 
64079      INFO  main            d.u.i.k.p.i.AbstractProblemLoader Replaying proof ModelMethods[ModelMethods::test4()].JML normal_behavior operation contract.0 
64081      DEBUG main            d.u.i.k.p.i.IntermediateProofReplayer Proof replay took 5.6ns 
64182      INFO  main            d.u.i.k.p.r.p.TestFile    ... finished proof: closed. 
64371      INFO  main            d.u.i.k.p.i.AbstractProblemLoader Loading environment from /home/runner/work/key/key/key.core/../key.ui/examples/standard_key/java_dl/jml-assert/model-methods-static-instance.key.proof 
64371      DEBUG main            d.u.i.k.p.i.AbstractProblemLoader Environment load took 107.1ns 
64375      INFO  main            d.u.i.k.p.i.AbstractProblemLoader Creating init config 
66823      DEBUG main            d.u.i.k.p.i.AbstractProblemLoader Init config took 2.45s 
66861      INFO  main            d.u.i.k.p.i.AbstractProblemLoader Replaying proof ModelMethods[ModelMethods::test4()].JML normal_behavior operation contract.0 
66890      DEBUG main            d.u.i.k.p.i.IntermediateProofReplayer Proof replay took 26.79ms 
66891      DEBUG main            d.u.i.k.p.r.p.TestFile    ... success: reloaded. 
66892      INFO  main            d.u.i.k.p.r.p.TestFile    Now processing file /home/runner/work/key/key/key.core/../key.ui/examples/standard_key/java_dl/jml-assert/assert-old/inc-field.key 
66892      INFO  main            d.u.i.k.p.i.AbstractProblemLoader Loading environment from /home/runner/work/key/key/key.core/../key.ui/examples/standard_key/java_dl/jml-assert/assert-old/inc-field.key 
66892      DEBUG main            d.u.i.k.p.i.AbstractProblemLoader Environment load took 93.7ns 
66893      INFO  main            d.u.i.k.p.i.AbstractProblemLoader Creating init config 
69321      DEBUG main            d.u.i.k.p.i.AbstractProblemLoader Init config took 2.43s 
69356      INFO  main            d.u.i.k.p.i.AbstractProblemLoader Replaying proof Inc[Inc::inc_field()].JML normal_behavior operation contract.0 
69357      DEBUG main            d.u.i.k.p.i.IntermediateProofReplayer Proof replay took 5.8ns 
69460      INFO  main            d.u.i.k.p.r.p.TestFile    ... finished proof: closed. 
69672      INFO  main            d.u.i.k.p.i.AbstractProblemLoader Loading environment from /home/runner/work/key/key/key.core/../key.ui/examples/standard_key/java_dl/jml-assert/assert-old/inc-field.key.proof 
69672      DEBUG main            d.u.i.k.p.i.AbstractProblemLoader Environment load took 113ns 
69673      INFO  main            d.u.i.k.p.i.AbstractProblemLoader Creating init config 
72038      DEBUG main            d.u.i.k.p.i.AbstractProblemLoader Init config took 2.37s 
72073      INFO  main            d.u.i.k.p.i.AbstractProblemLoader Replaying proof Inc[Inc::inc_field()].JML normal_behavior operation contract.0 
72100      DEBUG main            d.u.i.k.p.i.IntermediateProofReplayer Proof replay took 25.19ms 
72101      DEBUG main            d.u.i.k.p.r.p.TestFile    ... success: reloaded. 
72102      INFO  main            d.u.i.k.p.r.p.TestFile    Now processing file /home/runner/work/key/key/key.core/../key.ui/examples/standard_key/java_dl/jml-assert/assert-old/inc-parameter.key 
72102      INFO  main            d.u.i.k.p.i.AbstractProblemLoader Loading environment from /home/runner/work/key/key/key.core/../key.ui/examples/standard_key/java_dl/jml-assert/assert-old/inc-parameter.key 
72102      DEBUG main            d.u.i.k.p.i.AbstractProblemLoader Environment load took 198.71ns 
72103      INFO  main            d.u.i.k.p.i.AbstractProblemLoader Creating init config 
74519      DEBUG main            d.u.i.k.p.i.AbstractProblemLoader Init config took 2.42s 
74553      INFO  main            d.u.i.k.p.i.AbstractProblemLoader Replaying proof Inc[Inc::inc_parameter(int)].JML normal_behavior operation contract.0 
74554      DEBUG main            d.u.i.k.p.i.IntermediateProofReplayer Proof replay took 5.6ns 
74657      INFO  main            d.u.i.k.p.r.p.TestFile    ... finished proof: closed. 
74859      INFO  main            d.u.i.k.p.i.AbstractProblemLoader Loading environment from /home/runner/work/key/key/key.core/../key.ui/examples/standard_key/java_dl/jml-assert/assert-old/inc-parameter.key.proof 
74859      DEBUG main            d.u.i.k.p.i.AbstractProblemLoader Environment load took 105.3ns 
74860      INFO  main            d.u.i.k.p.i.AbstractProblemLoader Creating init config 
77189      DEBUG main            d.u.i.k.p.i.AbstractProblemLoader Init config took 2.33s 
77226      INFO  main            d.u.i.k.p.i.AbstractProblemLoader Replaying proof Inc[Inc::inc_parameter(int)].JML normal_behavior operation contract.0 
77246      DEBUG main            d.u.i.k.p.i.IntermediateProofReplayer Proof replay took 17.09ms 
77247      DEBUG main            d.u.i.k.p.r.p.TestFile    ... success: reloaded. 
77248      INFO  main            d.u.i.k.p.r.p.TestFile    Now processing file /home/runner/work/key/key/key.core/../key.ui/examples/standard_key/java_dl/jml-assert/assert-old/inc-parameter-field.key 
77249      INFO  main            d.u.i.k.p.i.AbstractProblemLoader Loading environment from /home/runner/work/key/key/key.core/../key.ui/examples/standard_key/java_dl/jml-assert/assert-old/inc-parameter-field.key 
77249      DEBUG main            d.u.i.k.p.i.AbstractProblemLoader Environment load took 146.9ns 
77250      INFO  main            d.u.i.k.p.i.AbstractProblemLoader Creating init config 
79652      DEBUG main            d.u.i.k.p.i.AbstractProblemLoader Init config took 2.4s 
79684      INFO  main            d.u.i.k.p.i.AbstractProblemLoader Replaying proof Inc[Inc::inc_parameter_field(Inc)].JML normal_behavior operation contract.0 
79685      DEBUG main            d.u.i.k.p.i.IntermediateProofReplayer Proof replay took 5.7ns 
79789      INFO  main            d.u.i.k.p.r.p.TestFile    ... finished proof: closed. 
80013      INFO  main            d.u.i.k.p.i.AbstractProblemLoader Loading environment from /home/runner/work/key/key/key.core/../key.ui/examples/standard_key/java_dl/jml-assert/assert-old/inc-parameter-field.key.proof 
80013      DEBUG main            d.u.i.k.p.i.AbstractProblemLoader Environment load took 105.9ns 
80014      INFO  main            d.u.i.k.p.i.AbstractProblemLoader Creating init config 
82326      DEBUG main            d.u.i.k.p.i.AbstractProblemLoader Init config took 2.31s 
82367      INFO  main            d.u.i.k.p.i.AbstractProblemLoader Replaying proof Inc[Inc::inc_parameter_field(Inc)].JML normal_behavior operation contract.0 
82396      DEBUG main            d.u.i.k.p.i.IntermediateProofReplayer Proof replay took 27.69ms 
82397      DEBUG main            d.u.i.k.p.r.p.TestFile    ... success: reloaded. 
82398      INFO  main            d.u.i.k.p.r.p.TestFile    Now processing file /home/runner/work/key/key/key.core/../key.ui/examples/standard_key/java_dl/jml-assert/assert-old/inc-ghost-field.key 
82398      INFO  main            d.u.i.k.p.i.AbstractProblemLoader Loading environment from /home/runner/work/key/key/key.core/../key.ui/examples/standard_key/java_dl/jml-assert/assert-old/inc-ghost-field.key 
82398      DEBUG main            d.u.i.k.p.i.AbstractProblemLoader Environment load took 72.3ns 
82399      INFO  main            d.u.i.k.p.i.AbstractProblemLoader Creating init config 
84774      DEBUG main            d.u.i.k.p.i.AbstractProblemLoader Init config took 2.38s 
84807      INFO  main            d.u.i.k.p.i.AbstractProblemLoader Replaying proof Inc[Inc::inc_ghost_field()].JML normal_behavior operation contract.0 
84810      DEBUG main            d.u.i.k.p.i.IntermediateProofReplayer Proof replay took 6.5ns 
84911      INFO  main            d.u.i.k.p.r.p.TestFile    ... finished proof: closed. 
85131      INFO  main            d.u.i.k.p.i.AbstractProblemLoader Loading environment from /home/runner/work/key/key/key.core/../key.ui/examples/standard_key/java_dl/jml-assert/assert-old/inc-ghost-field.key.proof 
85132      DEBUG main            d.u.i.k.p.i.AbstractProblemLoader Environment load took 108.1ns 
85132      INFO  main            d.u.i.k.p.i.AbstractProblemLoader Creating init config 
87449      DEBUG main            d.u.i.k.p.i.AbstractProblemLoader Init config took 2.32s 
87481      INFO  main            d.u.i.k.p.i.AbstractProblemLoader Replaying proof Inc[Inc::inc_ghost_field()].JML normal_behavior operation contract.0 
87511      DEBUG main            d.u.i.k.p.i.IntermediateProofReplayer Proof replay took 26.03ms 
87513      DEBUG main            d.u.i.k.p.r.p.TestFile    ... success: reloaded. 
686353     INFO  Test worker     d.u.i.k.p.r.p.StatisticsFile Returning from test jmlAsserts 
686356     INFO  Test worker     d.u.i.k.p.r.p.StatisticsFile Running test javaCard 
340        INFO  Timeout watchdog d.u.i.k.p.r.p.ForkedTestFileRunner Timeout watcher launched (2000 secs.) 
346        WARN  main            d.u.i.k.s.ProofSettings   The settings in /home/runner/.key/proof-settings.props are *not* read. 
373        INFO  main            d.u.i.k.p.r.p.TestFile    Now processing file /home/runner/work/key/key/key.core/../key.ui/examples/heap/javacard/updateBalance0.key 
486        INFO  main            d.u.i.k.p.i.AbstractProblemLoader Loading environment from /home/runner/work/key/key/key.core/../key.ui/examples/heap/javacard/updateBalance0.key 
511        DEBUG main            d.u.i.k.p.i.AbstractProblemLoader Environment load took 2.07ms 
728        INFO  main            d.u.i.k.p.i.AbstractProblemLoader Creating init config 
1624       DEBUG main            d.u.i.k.j.TypeConverter   No LDT found for Meta 
1624       DEBUG main            d.u.i.k.j.TypeConverter   No LDT found for Meta 
1625       DEBUG main            d.u.i.k.j.TypeConverter   No LDT found for Meta 
1625       DEBUG main            d.u.i.k.j.TypeConverter   No LDT found for Meta 
2922       DEBUG main            d.u.i.k.j.TypeConverter   No LDT found for JavaBigintExpression 
6256       DEBUG main            d.u.i.k.p.i.AbstractProblemLoader Init config took 5.53s 
6384       INFO  main            d.u.i.k.p.i.AbstractProblemLoader Replaying proof Examples[Examples::updateBalance(short)].JML normal_behavior operation contract.0 
6418       DEBUG main            d.u.i.k.p.i.IntermediateProofReplayer Proof replay took 33.3ns 
7850       INFO  main            d.u.i.k.p.r.p.TestFile    ... finished proof: closed. 
7964       INFO  main            d.u.i.k.p.i.AbstractProblemLoader Loading environment from /home/runner/work/key/key/key.core/../key.ui/examples/heap/javacard/updateBalance0.key.proof 
7968       DEBUG main            d.u.i.k.p.i.AbstractProblemLoader Environment load took 3.63ms 
7970       INFO  main            d.u.i.k.p.i.AbstractProblemLoader Creating init config 
9604       DEBUG main            d.u.i.k.p.i.AbstractProblemLoader Init config took 1.63s 
9672       INFO  main            d.u.i.k.p.i.AbstractProblemLoader Replaying proof Examples[Examples::updateBalance(short)].JML normal_behavior operation contract.0 
9854       DEBUG main            d.u.i.k.p.i.IntermediateProofReplayer Proof replay took 174.15ms 
9862       DEBUG main            d.u.i.k.p.r.p.TestFile    ... success: reloaded. 
9865       INFO  main            d.u.i.k.p.r.p.TestFile    Now processing file /home/runner/work/key/key/key.core/../key.ui/examples/heap/javacard/updateBalance1.key 
9865       INFO  main            d.u.i.k.p.i.AbstractProblemLoader Loading environment from /home/runner/work/key/key/key.core/../key.ui/examples/heap/javacard/updateBalance1.key 
9865       DEBUG main            d.u.i.k.p.i.AbstractProblemLoader Environment load took 246.21ns 
9867       INFO  main            d.u.i.k.p.i.AbstractProblemLoader Creating init config 
11499      DEBUG main            d.u.i.k.p.i.AbstractProblemLoader Init config took 1.63s 
11550      INFO  main            d.u.i.k.p.i.AbstractProblemLoader Replaying proof Examples[Examples::updateBalance(short)].JML normal_behavior operation contract.1 
11558      DEBUG main            d.u.i.k.p.i.IntermediateProofReplayer Proof replay took 5.9ns 
12162      INFO  main            d.u.i.k.p.r.p.TestFile    ... finished proof: closed. 
12314      INFO  main            d.u.i.k.p.i.AbstractProblemLoader Loading environment from /home/runner/work/key/key/key.core/../key.ui/examples/heap/javacard/updateBalance1.key.proof 
12316      DEBUG main            d.u.i.k.p.i.AbstractProblemLoader Environment load took 1.77ms 
12318      INFO  main            d.u.i.k.p.i.AbstractProblemLoader Creating init config 
13812      DEBUG main            d.u.i.k.p.i.AbstractProblemLoader Init config took 1.49s 
13859      INFO  main            d.u.i.k.p.i.AbstractProblemLoader Replaying proof Examples[Examples::updateBalance(short)].JML normal_behavior operation contract.1 
13996      DEBUG main            d.u.i.k.p.i.IntermediateProofReplayer Proof replay took 131.65ms 
13998      DEBUG main            d.u.i.k.p.r.p.TestFile    ... success: reloaded. 
14000      INFO  main            d.u.i.k.p.r.p.TestFile    Now processing file /home/runner/work/key/key/key.core/../key.ui/examples/heap/javacard/setArray1.key 
14001      INFO  main            d.u.i.k.p.i.AbstractProblemLoader Loading environment from /home/runner/work/key/key/key.core/../key.ui/examples/heap/javacard/setArray1.key 
14001      DEBUG main            d.u.i.k.p.i.AbstractProblemLoader Environment load took 236.31ns 
14002      INFO  main            d.u.i.k.p.i.AbstractProblemLoader Creating init config 
15526      DEBUG main            d.u.i.k.p.i.AbstractProblemLoader Init config took 1.52s 
15574      INFO  main            d.u.i.k.p.i.AbstractProblemLoader Replaying proof Examples[Examples::setArray1([B)].JML normal_behavior operation contract.0 
15577      DEBUG main            d.u.i.k.p.i.IntermediateProofReplayer Proof replay took 6.3ns 
16581      INFO  main            d.u.i.k.p.r.p.TestFile    ... finished proof: closed. 
16758      INFO  main            d.u.i.k.p.i.AbstractProblemLoader Loading environment from /home/runner/work/key/key/key.core/../key.ui/examples/heap/javacard/setArray1.key.proof 
16762      DEBUG main            d.u.i.k.p.i.AbstractProblemLoader Environment load took 4.14ms 
16764      INFO  main            d.u.i.k.p.i.AbstractProblemLoader Creating init config 
18271      DEBUG main            d.u.i.k.p.i.AbstractProblemLoader Init config took 1.51s 
18311      INFO  main            d.u.i.k.p.i.AbstractProblemLoader Replaying proof Examples[Examples::setArray1([B)].JML normal_behavior operation contract.0 
18517      DEBUG main            d.u.i.k.p.i.IntermediateProofReplayer Proof replay took 199.92ms 
18519      DEBUG main            d.u.i.k.p.r.p.TestFile    ... success: reloaded. 
18521      INFO  main            d.u.i.k.p.r.p.TestFile    Now processing file /home/runner/work/key/key/key.core/../key.ui/examples/heap/javacard/setArray2.key 
18522      INFO  main            d.u.i.k.p.i.AbstractProblemLoader Loading environment from /home/runner/work/key/key/key.core/../key.ui/examples/heap/javacard/setArray2.key 
18522      DEBUG main            d.u.i.k.p.i.AbstractProblemLoader Environment load took 220.81ns 
18523      INFO  main            d.u.i.k.p.i.AbstractProblemLoader Creating init config 
20029      DEBUG main            d.u.i.k.p.i.AbstractProblemLoader Init config took 1.51s 
20070      INFO  main            d.u.i.k.p.i.AbstractProblemLoader Replaying proof Examples[Examples::setArray2([B)].JML normal_behavior operation contract.0 
20072      DEBUG main            d.u.i.k.p.i.IntermediateProofReplayer Proof replay took 5.5ns 
20976      INFO  main            d.u.i.k.p.r.p.TestFile    ... finished proof: closed. 
21106      INFO  main            d.u.i.k.p.i.AbstractProblemLoader Loading environment from /home/runner/work/key/key/key.core/../key.ui/examples/heap/javacard/setArray2.key.proof 
21107      DEBUG main            d.u.i.k.p.i.AbstractProblemLoader Environment load took 428.31ns 
21108      INFO  main            d.u.i.k.p.i.AbstractProblemLoader Creating init config 
22581      DEBUG main            d.u.i.k.p.i.AbstractProblemLoader Init config took 1.47s 
22626      INFO  main            d.u.i.k.p.i.AbstractProblemLoader Replaying proof Examples[Examples::setArray2([B)].JML normal_behavior operation contract.0 
22821      DEBUG main            d.u.i.k.p.i.IntermediateProofReplayer Proof replay took 189.41ms 
22823      DEBUG main            d.u.i.k.p.r.p.TestFile    ... success: reloaded. 
22825      INFO  main            d.u.i.k.p.r.p.TestFile    Now processing file /home/runner/work/key/key/key.core/../key.ui/examples/heap/javacard/arrayFillNonAtomic.key 
22826      INFO  main            d.u.i.k.p.i.AbstractProblemLoader Loading environment from /home/runner/work/key/key/key.core/../key.ui/examples/heap/javacard/arrayFillNonAtomic.key 
22826      DEBUG main            d.u.i.k.p.i.AbstractProblemLoader Environment load took 210.21ns 
22827      INFO  main            d.u.i.k.p.i.AbstractProblemLoader Creating init config 
24356      DEBUG main            d.u.i.k.p.i.AbstractProblemLoader Init config took 1.53s 
24434      INFO  main            d.u.i.k.p.i.AbstractProblemLoader Replaying proof javacard.framework.Util[javacard.framework.Util::arrayFillNonAtomic([B,short,short,byte)].JML behavior operation contract.0.transaction_inactive 
24436      DEBUG main            d.u.i.k.p.i.IntermediateProofReplayer Proof replay took 5.2ns 
25265      DEBUG Thread-13       d.u.i.k.l.o.ProgramSV     Match failed: Former match of  SchemaVariable incompatible with  the current match. 
25266      DEBUG Thread-13       d.u.i.k.l.o.ProgramSV     Match failed: Former match of  SchemaVariable incompatible with  the current match. 
26449      DEBUG Thread-13       d.u.i.k.l.o.ProgramSV     Match failed: Former match of  SchemaVariable incompatible with  the current match. 
26450      DEBUG Thread-13       d.u.i.k.l.o.ProgramSV     Match failed: Former match of  SchemaVariable incompatible with  the current match. 
27891      INFO  main            d.u.i.k.p.r.p.TestFile    ... finished proof: closed. 
28044      INFO  main            d.u.i.k.p.i.AbstractProblemLoader Loading environment from /home/runner/work/key/key/key.core/../key.ui/examples/heap/javacard/arrayFillNonAtomic.key.proof 
28045      DEBUG main            d.u.i.k.p.i.AbstractProblemLoader Environment load took 1.27ms 
28048      INFO  main            d.u.i.k.p.i.AbstractProblemLoader Creating init config 
29520      DEBUG main            d.u.i.k.p.i.AbstractProblemLoader Init config took 1.47s 
29584      INFO  main            d.u.i.k.p.i.AbstractProblemLoader Replaying proof javacard.framework.Util[javacard.framework.Util::arrayFillNonAtomic([B,short,short,byte)].JML behavior operation contract.0.transaction_inactive 
30494      DEBUG main            d.u.i.k.p.i.IntermediateProofReplayer Proof replay took 884.05ms 
30496      DEBUG main            d.u.i.k.p.r.p.TestFile    ... success: reloaded. 
30497      INFO  main            d.u.i.k.p.r.p.TestFile    Now processing file /home/runner/work/key/key/key.core/../key.ui/examples/heap/coincidence_count/project.key 
30497      INFO  main            d.u.i.k.p.i.AbstractProblemLoader Loading environment from /home/runner/work/key/key/key.core/../key.ui/examples/heap/coincidence_count/project.key 
30498      DEBUG main            d.u.i.k.p.i.AbstractProblemLoader Environment load took 236.51ns 
30499      INFO  main            d.u.i.k.p.i.AbstractProblemLoader Creating init config 
33657      DEBUG main            d.u.i.k.p.i.AbstractProblemLoader Init config took 3.16s 
33705      INFO  main            d.u.i.k.p.i.AbstractProblemLoader Replaying proof CC[CC::calcCoinIndex([I,[I)].JML normal_behavior operation contract.0 
33709      DEBUG main            d.u.i.k.p.i.IntermediateProofReplayer Proof replay took 6ns 
50734      INFO  main            d.u.i.k.p.r.p.TestFile    ... finished proof: closed. 
51003      INFO  main            d.u.i.k.p.i.AbstractProblemLoader Loading environment from /home/runner/work/key/key/key.core/../key.ui/examples/heap/coincidence_count/project.key.proof 
51004      DEBUG main            d.u.i.k.p.i.AbstractProblemLoader Environment load took 472.11ns 
51007      INFO  main            d.u.i.k.p.i.AbstractProblemLoader Creating init config 
53375      DEBUG main            d.u.i.k.p.i.AbstractProblemLoader Init config took 2.37s 
53424      INFO  main            d.u.i.k.p.i.AbstractProblemLoader Replaying proof CC[CC::calcCoinIndex([I,[I)].JML normal_behavior operation contract.0 
54368      DEBUG main            d.u.i.k.p.i.IntermediateProofReplayer Proof replay took 874.93ms 
54371      DEBUG main            d.u.i.k.p.r.p.TestFile    ... success: reloaded. 
54373      INFO  main            d.u.i.k.p.r.p.TestFile    Now processing file /home/runner/work/key/key/key.core/../key.ui/examples/heap/verifyThis11_1_Maximum/project.key 
54373      INFO  main            d.u.i.k.p.i.AbstractProblemLoader Loading environment from /home/runner/work/key/key/key.core/../key.ui/examples/heap/verifyThis11_1_Maximum/project.key 
54373      DEBUG main            d.u.i.k.p.i.AbstractProblemLoader Environment load took 217.41ns 
54374      INFO  main            d.u.i.k.p.i.AbstractProblemLoader Creating init config 
56799      DEBUG main            d.u.i.k.p.i.AbstractProblemLoader Init config took 2.42s 
56840      INFO  main            d.u.i.k.p.i.AbstractProblemLoader Replaying proof Maximum[Maximum::maxIndex([I)].JML normal_behavior operation contract.0 
56841      DEBUG main            d.u.i.k.p.i.IntermediateProofReplayer Proof replay took 4.5ns 
57746      INFO  main            d.u.i.k.p.r.p.TestFile    ... finished proof: closed. 
57963      INFO  main            d.u.i.k.p.i.AbstractProblemLoader Loading environment from /home/runner/work/key/key/key.core/../key.ui/examples/heap/verifyThis11_1_Maximum/project.key.proof 
57963      DEBUG main            d.u.i.k.p.i.AbstractProblemLoader Environment load took 558.31ns 
57964      INFO  main            d.u.i.k.p.i.AbstractProblemLoader Creating init config 
60293      DEBUG main            d.u.i.k.p.i.AbstractProblemLoader Init config took 2.33s 
60334      INFO  main            d.u.i.k.p.i.AbstractProblemLoader Replaying proof Maximum[Maximum::maxIndex([I)].JML normal_behavior operation contract.0 
60496      DEBUG main            d.u.i.k.p.i.IntermediateProofReplayer Proof replay took 155.4ms 
60497      DEBUG main            d.u.i.k.p.r.p.TestFile    ... success: reloaded. 
60498      INFO  main            d.u.i.k.p.r.p.TestFile    Now processing file /home/runner/work/key/key/key.core/../key.ui/examples/heap/fm12_01_LRS/lcp.key 
60498      INFO  main            d.u.i.k.p.i.AbstractProblemLoader Loading environment from /home/runner/work/key/key/key.core/../key.ui/examples/heap/fm12_01_LRS/lcp.key 
60498      DEBUG main            d.u.i.k.p.i.AbstractProblemLoader Environment load took 204.31ns 
60499      INFO  main            d.u.i.k.p.i.AbstractProblemLoader Creating init config 
63509      DEBUG main            d.u.i.k.p.i.AbstractProblemLoader Init config took 3.01s 
63571      INFO  main            d.u.i.k.p.i.AbstractProblemLoader Replaying proof LCP[LCP::lcp([I,int,int)].JML normal_behavior operation contract.0 
63574      DEBUG main            d.u.i.k.p.i.IntermediateProofReplayer Proof replay took 5.8ns 
64378      INFO  main            d.u.i.k.p.r.p.TestFile    ... finished proof: closed. 
64653      INFO  main            d.u.i.k.p.i.AbstractProblemLoader Loading environment from /home/runner/work/key/key/key.core/../key.ui/examples/heap/fm12_01_LRS/lcp.key.proof 
64656      DEBUG main            d.u.i.k.p.i.AbstractProblemLoader Environment load took 1.93ms 
64657      INFO  main            d.u.i.k.p.i.AbstractProblemLoader Creating init config 
67368      DEBUG main            d.u.i.k.p.i.AbstractProblemLoader Init config took 2.71s 
67423      INFO  main            d.u.i.k.p.i.AbstractProblemLoader Replaying proof LCP[LCP::lcp([I,int,int)].JML normal_behavior operation contract.0 
67642      DEBUG main            d.u.i.k.p.i.IntermediateProofReplayer Proof replay took 212.72ms 
67645      DEBUG main            d.u.i.k.p.r.p.TestFile    ... success: reloaded. 
67646      INFO  main            d.u.i.k.p.r.p.TestFile    Now processing file /home/runner/work/key/key/key.core/../key.ui/examples/heap/SemanticSlicing/project.key 
67646      INFO  main            d.u.i.k.p.i.AbstractProblemLoader Loading environment from /home/runner/work/key/key/key.core/../key.ui/examples/heap/SemanticSlicing/project.key 
67646      DEBUG main            d.u.i.k.p.i.AbstractProblemLoader Environment load took 208.61ns 
67647      INFO  main            d.u.i.k.p.i.AbstractProblemLoader Creating init config 
70196      DEBUG main            d.u.i.k.p.i.AbstractProblemLoader Init config took 2.55s 
70247      INFO  main            d.u.i.k.p.i.AbstractProblemLoader Replaying proof unsatcore_after.competition.postcond5.scope333.LRS[unsatcore_after.competition.postcond5.scope333.LRS::doLRS()].JML operation contract.0 
70248      DEBUG main            d.u.i.k.p.i.IntermediateProofReplayer Proof replay took 5.8ns 
73870      INFO  main            d.u.i.k.p.r.p.TestFile    ... finished proof: closed. 
74147      INFO  main            d.u.i.k.p.i.AbstractProblemLoader Loading environment from /home/runner/work/key/key/key.core/../key.ui/examples/heap/SemanticSlicing/project.key.proof 
74147      DEBUG main            d.u.i.k.p.i.AbstractProblemLoader Environment load took 432.81ns 
74149      INFO  main            d.u.i.k.p.i.AbstractProblemLoader Creating init config 
76554      DEBUG main            d.u.i.k.p.i.AbstractProblemLoader Init config took 2.41s 
76605      INFO  main            d.u.i.k.p.i.AbstractProblemLoader Replaying proof unsatcore_after.competition.postcond5.scope333.LRS[unsatcore_after.competition.postcond5.scope333.LRS::doLRS()].JML operation contract.0 
77385      DEBUG main            d.u.i.k.p.i.IntermediateProofReplayer Proof replay took 767.76ms 
77387      DEBUG main            d.u.i.k.p.r.p.TestFile    ... success: reloaded. 
77388      INFO  main            d.u.i.k.p.r.p.TestFile    Now processing file /home/runner/work/key/key/key.core/../key.ui/examples/heap/information_flow/ArrayList_contains.key 
77388      INFO  main            d.u.i.k.p.i.AbstractProblemLoader Loading environment from /home/runner/work/key/key/key.core/../key.ui/examples/heap/information_flow/ArrayList_contains.key 
77388      DEBUG main            d.u.i.k.p.i.AbstractProblemLoader Environment load took 226.51ns 
77389      INFO  main            d.u.i.k.p.i.AbstractProblemLoader Creating init config 
80070      DEBUG main            d.u.i.k.p.i.AbstractProblemLoader Init config took 2.68s 
80109      INFO  main            d.u.i.k.p.i.AbstractProblemLoader Replaying proof ArrayList[ArrayList::get(int)].JML normal_behavior operation contract.0 
80110      DEBUG main            d.u.i.k.p.i.IntermediateProofReplayer Proof replay took 5.2ns 
80413      INFO  main            d.u.i.k.p.r.p.TestFile    ... finished proof: closed. 
80657      INFO  main            d.u.i.k.p.i.AbstractProblemLoader Loading environment from /home/runner/work/key/key/key.core/../key.ui/examples/heap/information_flow/ArrayList_contains.key.proof 
80657      DEBUG main            d.u.i.k.p.i.AbstractProblemLoader Environment load took 107.2ns 
80659      INFO  main            d.u.i.k.p.i.AbstractProblemLoader Creating init config 
83211      DEBUG main            d.u.i.k.p.i.AbstractProblemLoader Init config took 2.55s 
83256      INFO  main            d.u.i.k.p.i.AbstractProblemLoader Replaying proof ArrayList[ArrayList::get(int)].JML normal_behavior operation contract.0 
83308      DEBUG main            d.u.i.k.p.i.IntermediateProofReplayer Proof replay took 48.44ms 
83309      DEBUG main            d.u.i.k.p.r.p.TestFile    ... success: reloaded. 
83310      INFO  main            d.u.i.k.p.r.p.TestFile    Now processing file /home/runner/work/key/key/key.core/../key.ui/examples/heap/information_flow/ArrayList_get.key 
83310      INFO  main            d.u.i.k.p.i.AbstractProblemLoader Loading environment from /home/runner/work/key/key/key.core/../key.ui/examples/heap/information_flow/ArrayList_get.key 
83311      DEBUG main            d.u.i.k.p.i.AbstractProblemLoader Environment load took 225.21ns 
83311      INFO  main            d.u.i.k.p.i.AbstractProblemLoader Creating init config 
85865      DEBUG main            d.u.i.k.p.i.AbstractProblemLoader Init config took 2.55s 
85903      INFO  main            d.u.i.k.p.i.AbstractProblemLoader Replaying proof ArrayList[ArrayList::contains(java.lang.Object)].JML normal_behavior operation contract.0 
85904      DEBUG main            d.u.i.k.p.i.IntermediateProofReplayer Proof replay took 4.5ns 
86747      INFO  main            d.u.i.k.p.r.p.TestFile    ... finished proof: closed. 
86993      INFO  main            d.u.i.k.p.i.AbstractProblemLoader Loading environment from /home/runner/work/key/key/key.core/../key.ui/examples/heap/information_flow/ArrayList_get.key.proof 
86994      DEBUG main            d.u.i.k.p.i.AbstractProblemLoader Environment load took 459.81ns 
86995      INFO  main            d.u.i.k.p.i.AbstractProblemLoader Creating init config 
89502      DEBUG main            d.u.i.k.p.i.AbstractProblemLoader Init config took 2.51s 
89540      INFO  main            d.u.i.k.p.i.AbstractProblemLoader Replaying proof ArrayList[ArrayList::contains(java.lang.Object)].JML normal_behavior operation contract.0 
89700      DEBUG main            d.u.i.k.p.i.IntermediateProofReplayer Proof replay took 151.36ms 
89703      DEBUG main            d.u.i.k.p.r.p.TestFile    ... success: reloaded. 
89704      INFO  main            d.u.i.k.p.r.p.TestFile    Now processing file /home/runner/work/key/key/key.core/../key.ui/examples/heap/information_flow/ArrayList_size.key 
89704      INFO  main            d.u.i.k.p.i.AbstractProblemLoader Loading environment from /home/runner/work/key/key/key.core/../key.ui/examples/heap/information_flow/ArrayList_size.key 
89705      DEBUG main            d.u.i.k.p.i.AbstractProblemLoader Environment load took 90.9ns 
89705      INFO  main            d.u.i.k.p.i.AbstractProblemLoader Creating init config 
92341      DEBUG main            d.u.i.k.p.i.AbstractProblemLoader Init config took 2.64s 
92378      INFO  main            d.u.i.k.p.i.AbstractProblemLoader Replaying proof ArrayList[ArrayList::size()].JML normal_behavior operation contract.0 
92379      DEBUG main            d.u.i.k.p.i.IntermediateProofReplayer Proof replay took 6.1ns 
92485      INFO  main            d.u.i.k.p.r.p.TestFile    ... finished proof: closed. 
92718      INFO  main            d.u.i.k.p.i.AbstractProblemLoader Loading environment from /home/runner/work/key/key/key.core/../key.ui/examples/heap/information_flow/ArrayList_size.key.proof 
92718      DEBUG main            d.u.i.k.p.i.AbstractProblemLoader Environment load took 105.9ns 
92719      INFO  main            d.u.i.k.p.i.AbstractProblemLoader Creating init config 
95199      DEBUG main            d.u.i.k.p.i.AbstractProblemLoader Init config took 2.48s 
95236      INFO  main            d.u.i.k.p.i.AbstractProblemLoader Replaying proof ArrayList[ArrayList::size()].JML normal_behavior operation contract.0 
95249      DEBUG main            d.u.i.k.p.i.IntermediateProofReplayer Proof replay took 11.4ms 
95250      DEBUG main            d.u.i.k.p.r.p.TestFile    ... success: reloaded. 
95251      INFO  main            d.u.i.k.p.r.p.TestFile    Now processing file /home/runner/work/key/key/key.core/../key.ui/examples/heap/information_flow/UpdateAbstraction_ex7_3_secure.key 
95252      INFO  main            d.u.i.k.p.i.AbstractProblemLoader Loading environment from /home/runner/work/key/key/key.core/../key.ui/examples/heap/information_flow/UpdateAbstraction_ex7_3_secure.key 
95252      DEBUG main            d.u.i.k.p.i.AbstractProblemLoader Environment load took 203.91ns 
95253      INFO  main            d.u.i.k.p.i.AbstractProblemLoader Creating init config 
97831      DEBUG main            d.u.i.k.p.i.AbstractProblemLoader Init config took 2.58s 
97867      INFO  main            d.u.i.k.p.i.AbstractProblemLoader Replaying proof UpdateAbstraction[UpdateAbstraction::ex7_3_secure()].JML operation contract.0 
97868      DEBUG main            d.u.i.k.p.i.IntermediateProofReplayer Proof replay took 4.8ns 
97969      INFO  main            d.u.i.k.p.r.p.TestFile    ... finished proof: closed. 
98214      INFO  main            d.u.i.k.p.i.AbstractProblemLoader Loading environment from /home/runner/work/key/key/key.core/../key.ui/examples/heap/information_flow/UpdateAbstraction_ex7_3_secure.key.proof 
98214      DEBUG main            d.u.i.k.p.i.AbstractProblemLoader Environment load took 104.3ns 
98215      INFO  main            d.u.i.k.p.i.AbstractProblemLoader Creating init config 
100682     DEBUG main            d.u.i.k.p.i.AbstractProblemLoader Init config took 2.47s 
100716     INFO  main            d.u.i.k.p.i.AbstractProblemLoader Replaying proof UpdateAbstraction[UpdateAbstraction::ex7_3_secure()].JML operation contract.0 
100744     DEBUG main            d.u.i.k.p.i.IntermediateProofReplayer Proof replay took 25.76ms 
100744     DEBUG main            d.u.i.k.p.r.p.TestFile    ... success: reloaded. 
100745     INFO  main            d.u.i.k.p.r.p.TestFile    Now processing file /home/runner/work/key/key/key.core/../key.ui/examples/heap/information_flow/UpdateAbstraction_ex7_4_secure.key 
100745     INFO  main            d.u.i.k.p.i.AbstractProblemLoader Loading environment from /home/runner/work/key/key/key.core/../key.ui/examples/heap/information_flow/UpdateAbstraction_ex7_4_secure.key 
100745     DEBUG main            d.u.i.k.p.i.AbstractProblemLoader Environment load took 73.4ns 
100746     INFO  main            d.u.i.k.p.i.AbstractProblemLoader Creating init config 
103275     DEBUG main            d.u.i.k.p.i.AbstractProblemLoader Init config took 2.53s 
103309     INFO  main            d.u.i.k.p.i.AbstractProblemLoader Replaying proof UpdateAbstraction[UpdateAbstraction::ex7_4_secure()].JML operation contract.0 
103310     DEBUG main            d.u.i.k.p.i.IntermediateProofReplayer Proof replay took 4.6ns 
103512     INFO  main            d.u.i.k.p.r.p.TestFile    ... finished proof: closed. 
103768     INFO  main            d.u.i.k.p.i.AbstractProblemLoader Loading environment from /home/runner/work/key/key/key.core/../key.ui/examples/heap/information_flow/UpdateAbstraction_ex7_4_secure.key.proof 
103768     DEBUG main            d.u.i.k.p.i.AbstractProblemLoader Environment load took 106.5ns 
103769     INFO  main            d.u.i.k.p.i.AbstractProblemLoader Creating init config 
106226     DEBUG main            d.u.i.k.p.i.AbstractProblemLoader Init config took 2.46s 
106276     INFO  main            d.u.i.k.p.i.AbstractProblemLoader Replaying proof UpdateAbstraction[UpdateAbstraction::ex7_4_secure()].JML operation contract.0 
106322     DEBUG main            d.u.i.k.p.i.IntermediateProofReplayer Proof replay took 43.75ms 
106323     DEBUG main            d.u.i.k.p.r.p.TestFile    ... success: reloaded. 
106324     INFO  main            d.u.i.k.p.r.p.TestFile    Now processing file /home/runner/work/key/key/key.core/../key.ui/examples/heap/information_flow/UpdateAbstraction_ex7_5_secure.key 
106324     INFO  main            d.u.i.k.p.i.AbstractProblemLoader Loading environment from /home/runner/work/key/key/key.core/../key.ui/examples/heap/information_flow/UpdateAbstraction_ex7_5_secure.key 
106324     DEBUG main            d.u.i.k.p.i.AbstractProblemLoader Environment load took 126.8ns 
106325     INFO  main            d.u.i.k.p.i.AbstractProblemLoader Creating init config 
108871     DEBUG main            d.u.i.k.p.i.AbstractProblemLoader Init config took 2.55s 
108906     INFO  main            d.u.i.k.p.i.AbstractProblemLoader Replaying proof UpdateAbstraction[UpdateAbstraction::ex7_5_secure()].JML operation contract.0 
108907     DEBUG main            d.u.i.k.p.i.IntermediateProofReplayer Proof replay took 5.1ns 
109009     INFO  main            d.u.i.k.p.r.p.TestFile    ... finished proof: closed. 
109259     INFO  main            d.u.i.k.p.i.AbstractProblemLoader Loading environment from /home/runner/work/key/key/key.core/../key.ui/examples/heap/information_flow/UpdateAbstraction_ex7_5_secure.key.proof 
109259     DEBUG main            d.u.i.k.p.i.AbstractProblemLoader Environment load took 107.4ns 
109260     INFO  main            d.u.i.k.p.i.AbstractProblemLoader Creating init config 
111727     DEBUG main            d.u.i.k.p.i.AbstractProblemLoader Init config took 2.47s 
111766     INFO  main            d.u.i.k.p.i.AbstractProblemLoader Replaying proof UpdateAbstraction[UpdateAbstraction::ex7_5_secure()].JML operation contract.0 
111785     DEBUG main            d.u.i.k.p.i.IntermediateProofReplayer Proof replay took 17.31ms 
111786     DEBUG main            d.u.i.k.p.r.p.TestFile    ... success: reloaded. 
111786     INFO  main            d.u.i.k.p.r.p.TestFile    Now processing file /home/runner/work/key/key/key.core/../key.ui/examples/heap/information_flow/UpdateAbstraction_ex7_6_secure.key 
111787     INFO  main            d.u.i.k.p.i.AbstractProblemLoader Loading environment from /home/runner/work/key/key/key.core/../key.ui/examples/heap/information_flow/UpdateAbstraction_ex7_6_secure.key 
111787     DEBUG main            d.u.i.k.p.i.AbstractProblemLoader Environment load took 88ns 
111788     INFO  main            d.u.i.k.p.i.AbstractProblemLoader Creating init config 
114294     DEBUG main            d.u.i.k.p.i.AbstractProblemLoader Init config took 2.51s 
114328     INFO  main            d.u.i.k.p.i.AbstractProblemLoader Replaying proof UpdateAbstraction[UpdateAbstraction::ex7_6_secure()].JML operation contract.0 
114329     DEBUG main            d.u.i.k.p.i.IntermediateProofReplayer Proof replay took 5.4ns 
114631     INFO  main            d.u.i.k.p.r.p.TestFile    ... finished proof: closed. 
114890     INFO  main            d.u.i.k.p.i.AbstractProblemLoader Loading environment from /home/runner/work/key/key/key.core/../key.ui/examples/heap/information_flow/UpdateAbstraction_ex7_6_secure.key.proof 
114891     DEBUG main            d.u.i.k.p.i.AbstractProblemLoader Environment load took 108.6ns 
114891     INFO  main            d.u.i.k.p.i.AbstractProblemLoader Creating init config 
117365     DEBUG main            d.u.i.k.p.i.AbstractProblemLoader Init config took 2.47s 
117399     INFO  main            d.u.i.k.p.i.AbstractProblemLoader Replaying proof UpdateAbstraction[UpdateAbstraction::ex7_6_secure()].JML operation contract.0 
117454     DEBUG main            d.u.i.k.p.i.IntermediateProofReplayer Proof replay took 52.64ms 
117455     DEBUG main            d.u.i.k.p.r.p.TestFile    ... success: reloaded. 
117456     INFO  main            d.u.i.k.p.r.p.TestFile    Now processing file /home/runner/work/key/key/key.core/../key.ui/examples/heap/information_flow/UpdateAbstraction_ex9_secure.key 
117456     INFO  main            d.u.i.k.p.i.AbstractProblemLoader Loading environment from /home/runner/work/key/key/key.core/../key.ui/examples/heap/information_flow/UpdateAbstraction_ex9_secure.key 
117457     DEBUG main            d.u.i.k.p.i.AbstractProblemLoader Environment load took 207.71ns 
117457     INFO  main            d.u.i.k.p.i.AbstractProblemLoader Creating init config 
119960     DEBUG main            d.u.i.k.p.i.AbstractProblemLoader Init config took 2.5s 
120011     INFO  main            d.u.i.k.p.i.AbstractProblemLoader Replaying proof UpdateAbstraction[UpdateAbstraction::ex9_secure()].JML operation contract.0 
120012     DEBUG main            d.u.i.k.p.i.IntermediateProofReplayer Proof replay took 5.8ns 
120818     INFO  main            d.u.i.k.p.r.p.TestFile    ... finished proof: closed. 
121123     INFO  main            d.u.i.k.p.i.AbstractProblemLoader Loading environment from /home/runner/work/key/key/key.core/../key.ui/examples/heap/information_flow/UpdateAbstraction_ex9_secure.key.proof 
121123     DEBUG main            d.u.i.k.p.i.AbstractProblemLoader Environment load took 105.8ns 
121124     INFO  main            d.u.i.k.p.i.AbstractProblemLoader Creating init config 
123592     DEBUG main            d.u.i.k.p.i.AbstractProblemLoader Init config took 2.47s 
123627     INFO  main            d.u.i.k.p.i.AbstractProblemLoader Replaying proof UpdateAbstraction[UpdateAbstraction::ex9_secure()].JML operation contract.0 
123805     DEBUG main            d.u.i.k.p.i.IntermediateProofReplayer Proof replay took 174.43ms 
123806     DEBUG main            d.u.i.k.p.r.p.TestFile    ... success: reloaded. 
810348     INFO  Test worker     d.u.i.k.p.r.p.StatisticsFile Returning from test javaCard 
810356     INFO  Test worker     d.u.i.k.p.r.p.StatisticsFile Running test list 
372        INFO  Timeout watchdog d.u.i.k.p.r.p.ForkedTestFileRunner Timeout watcher launched (2000 secs.) 
384        WARN  main            d.u.i.k.s.ProofSettings   The settings in /home/runner/.key/proof-settings.props are *not* read. 
412        INFO  main            d.u.i.k.p.r.p.TestFile    Now processing file /home/runner/work/key/key/key.core/../key.ui/examples/heap/list/ArrayList_add.key 
519        INFO  main            d.u.i.k.p.i.AbstractProblemLoader Loading environment from /home/runner/work/key/key/key.core/../key.ui/examples/heap/list/ArrayList_add.key 
534        DEBUG main            d.u.i.k.p.i.AbstractProblemLoader Environment load took 2.14ms 
741        INFO  main            d.u.i.k.p.i.AbstractProblemLoader Creating init config 
1558       DEBUG main            d.u.i.k.j.TypeConverter   No LDT found for Meta 
1559       DEBUG main            d.u.i.k.j.TypeConverter   No LDT found for Meta 
1560       DEBUG main            d.u.i.k.j.TypeConverter   No LDT found for Meta 
1560       DEBUG main            d.u.i.k.j.TypeConverter   No LDT found for Meta 
2985       DEBUG main            d.u.i.k.j.TypeConverter   No LDT found for JavaBigintExpression 
6258       DEBUG main            d.u.i.k.j.r.ClassPreparationMethodBuilder clPrepBuilder: Inner Class detected. Reject building class initialisation methods. 
8889       DEBUG main            d.u.i.k.p.i.AbstractProblemLoader Init config took 8.15s 
9037       INFO  main            d.u.i.k.p.i.AbstractProblemLoader Replaying proof ArrayList[List::add(java.lang.Object)].JML normal_behavior operation contract.0 
9135       DEBUG main            d.u.i.k.p.i.IntermediateProofReplayer Proof replay took 35.5ns 
14731      INFO  main            d.u.i.k.p.r.p.TestFile    ... finished proof: closed. 
14990      INFO  main            d.u.i.k.p.i.AbstractProblemLoader Loading environment from /home/runner/work/key/key/key.core/../key.ui/examples/heap/list/ArrayList_add.key.proof 
14990      DEBUG main            d.u.i.k.p.i.AbstractProblemLoader Environment load took 456.81ns 
14994      INFO  main            d.u.i.k.p.i.AbstractProblemLoader Creating init config 
16088      DEBUG main            d.u.i.k.j.r.ClassPreparationMethodBuilder clPrepBuilder: Inner Class detected. Reject building class initialisation methods. 
18372      DEBUG main            d.u.i.k.p.i.AbstractProblemLoader Init config took 3.38s 
18442      INFO  main            d.u.i.k.p.i.AbstractProblemLoader Replaying proof ArrayList[List::add(java.lang.Object)].JML normal_behavior operation contract.0 
19499      DEBUG main            d.u.i.k.p.i.IntermediateProofReplayer Proof replay took 1.02s 
19507      DEBUG main            d.u.i.k.p.r.p.TestFile    ... success: reloaded. 
19509      INFO  main            d.u.i.k.p.r.p.TestFile    Now processing file /home/runner/work/key/key/key.core/../key.ui/examples/heap/list/ArrayList_ArrayList.key 
19510      INFO  main            d.u.i.k.p.i.AbstractProblemLoader Loading environment from /home/runner/work/key/key/key.core/../key.ui/examples/heap/list/ArrayList_ArrayList.key 
19510      DEBUG main            d.u.i.k.p.i.AbstractProblemLoader Environment load took 269.51ns 
19511      INFO  main            d.u.i.k.p.i.AbstractProblemLoader Creating init config 
20647      DEBUG main            d.u.i.k.j.r.ClassPreparationMethodBuilder clPrepBuilder: Inner Class detected. Reject building class initialisation methods. 
22895      DEBUG main            d.u.i.k.p.i.AbstractProblemLoader Init config took 3.38s 
22981      INFO  main            d.u.i.k.p.i.AbstractProblemLoader Replaying proof ArrayList[ArrayList::ArrayList()].JML normal_behavior operation contract.0 
22983      DEBUG main            d.u.i.k.p.i.IntermediateProofReplayer Proof replay took 5.2ns 
24389      INFO  main            d.u.i.k.p.r.p.TestFile    ... finished proof: closed. 
24574      INFO  main            d.u.i.k.p.i.AbstractProblemLoader Loading environment from /home/runner/work/key/key/key.core/../key.ui/examples/heap/list/ArrayList_ArrayList.key.proof 
24577      DEBUG main            d.u.i.k.p.i.AbstractProblemLoader Environment load took 3.62ms 
24579      INFO  main            d.u.i.k.p.i.AbstractProblemLoader Creating init config 
25653      DEBUG main            d.u.i.k.j.r.ClassPreparationMethodBuilder clPrepBuilder: Inner Class detected. Reject building class initialisation methods. 
27834      DEBUG main            d.u.i.k.p.i.AbstractProblemLoader Init config took 3.25s 
27890      INFO  main            d.u.i.k.p.i.AbstractProblemLoader Replaying proof ArrayList[ArrayList::ArrayList()].JML normal_behavior operation contract.0 
28110      DEBUG main            d.u.i.k.p.i.IntermediateProofReplayer Proof replay took 209.93ms 
28112      DEBUG main            d.u.i.k.p.r.p.TestFile    ... success: reloaded. 
28114      INFO  main            d.u.i.k.p.r.p.TestFile    Now processing file /home/runner/work/key/key/key.core/../key.ui/examples/heap/list/ArrayList_concatenate.key 
28114      INFO  main            d.u.i.k.p.i.AbstractProblemLoader Loading environment from /home/runner/work/key/key/key.core/../key.ui/examples/heap/list/ArrayList_concatenate.key 
28114      DEBUG main            d.u.i.k.p.i.AbstractProblemLoader Environment load took 236.21ns 
28115      INFO  main            d.u.i.k.p.i.AbstractProblemLoader Creating init config 
29165      DEBUG main            d.u.i.k.j.r.ClassPreparationMethodBuilder clPrepBuilder: Inner Class detected. Reject building class initialisation methods. 
31415      DEBUG main            d.u.i.k.p.i.AbstractProblemLoader Init config took 3.3s 
31469      INFO  main            d.u.i.k.p.i.AbstractProblemLoader Replaying proof ArrayList[List::concatenate(List)].JML normal_behavior operation contract.0 
31472      DEBUG main            d.u.i.k.p.i.IntermediateProofReplayer Proof replay took 5.1ns 
54862      INFO  main            d.u.i.k.p.r.p.TestFile    ... finished proof: closed. 
55092      INFO  main            d.u.i.k.p.i.AbstractProblemLoader Loading environment from /home/runner/work/key/key/key.core/../key.ui/examples/heap/list/ArrayList_concatenate.key.proof 
55093      DEBUG main            d.u.i.k.p.i.AbstractProblemLoader Environment load took 241.11ns 
55100      INFO  main            d.u.i.k.p.i.AbstractProblemLoader Creating init config 
56125      DEBUG main            d.u.i.k.j.r.ClassPreparationMethodBuilder clPrepBuilder: Inner Class detected. Reject building class initialisation methods. 
58236      DEBUG main            d.u.i.k.p.i.AbstractProblemLoader Init config took 3.14s 
58302      INFO  main            d.u.i.k.p.i.AbstractProblemLoader Replaying proof ArrayList[List::concatenate(List)].JML normal_behavior operation contract.0 
60433      DEBUG main            d.u.i.k.p.i.IntermediateProofReplayer Proof replay took 2.05s 
60437      DEBUG main            d.u.i.k.p.r.p.TestFile    ... success: reloaded. 
60439      INFO  main            d.u.i.k.p.r.p.TestFile    Now processing file /home/runner/work/key/key/key.core/../key.ui/examples/heap/list/ArrayList_contains_dep.key 
60439      INFO  main            d.u.i.k.p.i.AbstractProblemLoader Loading environment from /home/runner/work/key/key/key.core/../key.ui/examples/heap/list/ArrayList_contains_dep.key 
60439      DEBUG main            d.u.i.k.p.i.AbstractProblemLoader Environment load took 213.91ns 
60440      INFO  main            d.u.i.k.p.i.AbstractProblemLoader Creating init config 
61525      DEBUG main            d.u.i.k.j.r.ClassPreparationMethodBuilder clPrepBuilder: Inner Class detected. Reject building class initialisation methods. 
63655      DEBUG main            d.u.i.k.p.i.AbstractProblemLoader Init config took 3.21s 
63708      INFO  main            d.u.i.k.p.i.AbstractProblemLoader Replaying proof ArrayList[List::contains(java.lang.Object)].JML accessible clause.0 
63710      DEBUG main            d.u.i.k.p.i.IntermediateProofReplayer Proof replay took 5.1ns 
66347      INFO  main            d.u.i.k.p.r.p.TestFile    ... finished proof: closed. 
66551      INFO  main            d.u.i.k.p.i.AbstractProblemLoader Loading environment from /home/runner/work/key/key/key.core/../key.ui/examples/heap/list/ArrayList_contains_dep.key.proof 
66551      DEBUG main            d.u.i.k.p.i.AbstractProblemLoader Environment load took 551.91ns 
66553      INFO  main            d.u.i.k.p.i.AbstractProblemLoader Creating init config 
67544      DEBUG main            d.u.i.k.j.r.ClassPreparationMethodBuilder clPrepBuilder: Inner Class detected. Reject building class initialisation methods. 
69715      DEBUG main            d.u.i.k.p.i.AbstractProblemLoader Init config took 3.16s 
69764      INFO  main            d.u.i.k.p.i.AbstractProblemLoader Replaying proof ArrayList[List::contains(java.lang.Object)].JML accessible clause.0 
70204      DEBUG main            d.u.i.k.p.i.IntermediateProofReplayer Proof replay took 427.21ms 
70205      DEBUG main            d.u.i.k.p.r.p.TestFile    ... success: reloaded. 
70206      INFO  main            d.u.i.k.p.r.p.TestFile    Now processing file /home/runner/work/key/key/key.core/../key.ui/examples/heap/list/ArrayList_enlarge.key 
70206      INFO  main            d.u.i.k.p.i.AbstractProblemLoader Loading environment from /home/runner/work/key/key/key.core/../key.ui/examples/heap/list/ArrayList_enlarge.key 
70207      DEBUG main            d.u.i.k.p.i.AbstractProblemLoader Environment load took 95.1ns 
70207      INFO  main            d.u.i.k.p.i.AbstractProblemLoader Creating init config 
71279      DEBUG main            d.u.i.k.j.r.ClassPreparationMethodBuilder clPrepBuilder: Inner Class detected. Reject building class initialisation methods. 
73452      DEBUG main            d.u.i.k.p.i.AbstractProblemLoader Init config took 3.24s 
73501      INFO  main            d.u.i.k.p.i.AbstractProblemLoader Replaying proof ArrayList[ArrayList::enlarge()].JML normal_behavior operation contract.0 
73503      DEBUG main            d.u.i.k.p.i.IntermediateProofReplayer Proof replay took 5.6ns 
75649      INFO  main            d.u.i.k.p.r.p.TestFile    ... finished proof: closed. 
75847      INFO  main            d.u.i.k.p.i.AbstractProblemLoader Loading environment from /home/runner/work/key/key/key.core/../key.ui/examples/heap/list/ArrayList_enlarge.key.proof 
75848      DEBUG main            d.u.i.k.p.i.AbstractProblemLoader Environment load took 163.1ns 
75849      INFO  main            d.u.i.k.p.i.AbstractProblemLoader Creating init config 
76849      DEBUG main            d.u.i.k.j.r.ClassPreparationMethodBuilder clPrepBuilder: Inner Class detected. Reject building class initialisation methods. 
78962      DEBUG main            d.u.i.k.p.i.AbstractProblemLoader Init config took 3.11s 
79013      INFO  main            d.u.i.k.p.i.AbstractProblemLoader Replaying proof ArrayList[ArrayList::enlarge()].JML normal_behavior operation contract.0 
79404      DEBUG main            d.u.i.k.p.i.IntermediateProofReplayer Proof replay took 380.93ms 
79406      DEBUG main            d.u.i.k.p.r.p.TestFile    ... success: reloaded. 
79407      INFO  main            d.u.i.k.p.r.p.TestFile    Now processing file /home/runner/work/key/key/key.core/../key.ui/examples/heap/list/ArrayList_footprint.key 
79407      INFO  main            d.u.i.k.p.i.AbstractProblemLoader Loading environment from /home/runner/work/key/key/key.core/../key.ui/examples/heap/list/ArrayList_footprint.key 
79407      DEBUG main            d.u.i.k.p.i.AbstractProblemLoader Environment load took 208.71ns 
79408      INFO  main            d.u.i.k.p.i.AbstractProblemLoader Creating init config 
80450      DEBUG main            d.u.i.k.j.r.ClassPreparationMethodBuilder clPrepBuilder: Inner Class detected. Reject building class initialisation methods. 
82601      DEBUG main            d.u.i.k.p.i.AbstractProblemLoader Init config took 3.19s 
82643      INFO  main            d.u.i.k.p.i.AbstractProblemLoader Replaying proof List[List::$footprint()].JML accessible clause.0 
82644      DEBUG main            d.u.i.k.p.i.IntermediateProofReplayer Proof replay took 5.8ns 
82746      INFO  main            d.u.i.k.p.r.p.TestFile    ... finished proof: closed. 
82906      INFO  main            d.u.i.k.p.i.AbstractProblemLoader Loading environment from /home/runner/work/key/key/key.core/../key.ui/examples/heap/list/ArrayList_footprint.key.proof 
82906      DEBUG main            d.u.i.k.p.i.AbstractProblemLoader Environment load took 110.1ns 
82907      INFO  main            d.u.i.k.p.i.AbstractProblemLoader Creating init config 
83887      DEBUG main            d.u.i.k.j.r.ClassPreparationMethodBuilder clPrepBuilder: Inner Class detected. Reject building class initialisation methods. 
85986      DEBUG main            d.u.i.k.p.i.AbstractProblemLoader Init config took 3.08s 
86029      INFO  main            d.u.i.k.p.i.AbstractProblemLoader Replaying proof List[List::$footprint()].JML accessible clause.0 
86032      DEBUG main            d.u.i.k.p.i.IntermediateProofReplayer Proof replay took 1.08ms 
86033      DEBUG main            d.u.i.k.p.r.p.TestFile    ... success: reloaded. 
86034      INFO  main            d.u.i.k.p.r.p.TestFile    Now processing file /home/runner/work/key/key/key.core/../key.ui/examples/heap/list/ArrayList_get_dep.key 
86034      INFO  main            d.u.i.k.p.i.AbstractProblemLoader Loading environment from /home/runner/work/key/key/key.core/../key.ui/examples/heap/list/ArrayList_get_dep.key 
86034      DEBUG main            d.u.i.k.p.i.AbstractProblemLoader Environment load took 92.9ns 
86035      INFO  main            d.u.i.k.p.i.AbstractProblemLoader Creating init config 
87050      DEBUG main            d.u.i.k.j.r.ClassPreparationMethodBuilder clPrepBuilder: Inner Class detected. Reject building class initialisation methods. 
89199      DEBUG main            d.u.i.k.p.i.AbstractProblemLoader Init config took 3.16s 
89245      INFO  main            d.u.i.k.p.i.AbstractProblemLoader Replaying proof ArrayList[List::get(int)].JML accessible clause.0 
89247      DEBUG main            d.u.i.k.p.i.IntermediateProofReplayer Proof replay took 5.4ns 
89652      INFO  main            d.u.i.k.p.r.p.TestFile    ... finished proof: closed. 
89846      INFO  main            d.u.i.k.p.i.AbstractProblemLoader Loading environment from /home/runner/work/key/key/key.core/../key.ui/examples/heap/list/ArrayList_get_dep.key.proof 
89846      DEBUG main            d.u.i.k.p.i.AbstractProblemLoader Environment load took 112.5ns 
89847      INFO  main            d.u.i.k.p.i.AbstractProblemLoader Creating init config 
90833      DEBUG main            d.u.i.k.j.r.ClassPreparationMethodBuilder clPrepBuilder: Inner Class detected. Reject building class initialisation methods. 
92961      DEBUG main            d.u.i.k.p.i.AbstractProblemLoader Init config took 3.11s 
93005      INFO  main            d.u.i.k.p.i.AbstractProblemLoader Replaying proof ArrayList[List::get(int)].JML accessible clause.0 
93078      DEBUG main            d.u.i.k.p.i.IntermediateProofReplayer Proof replay took 70.22ms 
93079      DEBUG main            d.u.i.k.p.r.p.TestFile    ... success: reloaded. 
93080      INFO  main            d.u.i.k.p.r.p.TestFile    Now processing file /home/runner/work/key/key/key.core/../key.ui/examples/heap/list/ArrayList_get_exceptional.key 
93081      INFO  main            d.u.i.k.p.i.AbstractProblemLoader Loading environment from /home/runner/work/key/key/key.core/../key.ui/examples/heap/list/ArrayList_get_exceptional.key 
93081      DEBUG main            d.u.i.k.p.i.AbstractProblemLoader Environment load took 165.91ns 
93082      INFO  main            d.u.i.k.p.i.AbstractProblemLoader Creating init config 
94089      DEBUG main            d.u.i.k.j.r.ClassPreparationMethodBuilder clPrepBuilder: Inner Class detected. Reject building class initialisation methods. 
96203      DEBUG main            d.u.i.k.p.i.AbstractProblemLoader Init config took 3.12s 
96248      INFO  main            d.u.i.k.p.i.AbstractProblemLoader Replaying proof ArrayList[List::get(int)].JML exceptional_behavior operation contract.0 
96250      DEBUG main            d.u.i.k.p.i.IntermediateProofReplayer Proof replay took 5.7ns 
97356      INFO  main            d.u.i.k.p.r.p.TestFile    ... finished proof: closed. 
97563      INFO  main            d.u.i.k.p.i.AbstractProblemLoader Loading environment from /home/runner/work/key/key/key.core/../key.ui/examples/heap/list/ArrayList_get_exceptional.key.proof 
97563      DEBUG main            d.u.i.k.p.i.AbstractProblemLoader Environment load took 483.71ns 
97565      INFO  main            d.u.i.k.p.i.AbstractProblemLoader Creating init config 
98551      DEBUG main            d.u.i.k.j.r.ClassPreparationMethodBuilder clPrepBuilder: Inner Class detected. Reject building class initialisation methods. 
100621     DEBUG main            d.u.i.k.p.i.AbstractProblemLoader Init config took 3.06s 
100677     INFO  main            d.u.i.k.p.i.AbstractProblemLoader Replaying proof ArrayList[List::get(int)].JML exceptional_behavior operation contract.0 
100878     DEBUG main            d.u.i.k.p.i.IntermediateProofReplayer Proof replay took 194.15ms 
100880     DEBUG main            d.u.i.k.p.r.p.TestFile    ... success: reloaded. 
100881     INFO  main            d.u.i.k.p.r.p.TestFile    Now processing file /home/runner/work/key/key/key.core/../key.ui/examples/heap/list/ArrayList_get_normal.key 
100883     INFO  main            d.u.i.k.p.i.AbstractProblemLoader Loading environment from /home/runner/work/key/key/key.core/../key.ui/examples/heap/list/ArrayList_get_normal.key 
100884     DEBUG main            d.u.i.k.p.i.AbstractProblemLoader Environment load took 236.01ns 
100885     INFO  main            d.u.i.k.p.i.AbstractProblemLoader Creating init config 
101917     DEBUG main            d.u.i.k.j.r.ClassPreparationMethodBuilder clPrepBuilder: Inner Class detected. Reject building class initialisation methods. 
104058     DEBUG main            d.u.i.k.p.i.AbstractProblemLoader Init config took 3.17s 
104101     INFO  main            d.u.i.k.p.i.AbstractProblemLoader Replaying proof ArrayList[List::get(int)].JML normal_behavior operation contract.0 
104102     DEBUG main            d.u.i.k.p.i.IntermediateProofReplayer Proof replay took 5.2ns 
104505     INFO  main            d.u.i.k.p.r.p.TestFile    ... finished proof: closed. 
104687     INFO  main            d.u.i.k.p.i.AbstractProblemLoader Loading environment from /home/runner/work/key/key/key.core/../key.ui/examples/heap/list/ArrayList_get_normal.key.proof 
104687     DEBUG main            d.u.i.k.p.i.AbstractProblemLoader Environment load took 112.5ns 
104688     INFO  main            d.u.i.k.p.i.AbstractProblemLoader Creating init config 
105662     DEBUG main            d.u.i.k.j.r.ClassPreparationMethodBuilder clPrepBuilder: Inner Class detected. Reject building class initialisation methods. 
107773     DEBUG main            d.u.i.k.p.i.AbstractProblemLoader Init config took 3.08s 
107817     INFO  main            d.u.i.k.p.i.AbstractProblemLoader Replaying proof ArrayList[List::get(int)].JML normal_behavior operation contract.0 
107892     DEBUG main            d.u.i.k.p.i.IntermediateProofReplayer Proof replay took 71.12ms 
107893     DEBUG main            d.u.i.k.p.r.p.TestFile    ... success: reloaded. 
107895     INFO  main            d.u.i.k.p.r.p.TestFile    Now processing file /home/runner/work/key/key/key.core/../key.ui/examples/heap/list/ArrayList_inv.key 
107895     INFO  main            d.u.i.k.p.i.AbstractProblemLoader Loading environment from /home/runner/work/key/key/key.core/../key.ui/examples/heap/list/ArrayList_inv.key 
107895     DEBUG main            d.u.i.k.p.i.AbstractProblemLoader Environment load took 209.31ns 
107896     INFO  main            d.u.i.k.p.i.AbstractProblemLoader Creating init config 
108910     DEBUG main            d.u.i.k.j.r.ClassPreparationMethodBuilder clPrepBuilder: Inner Class detected. Reject building class initialisation methods. 
111033     DEBUG main            d.u.i.k.p.i.AbstractProblemLoader Init config took 3.14s 
111076     INFO  main            d.u.i.k.p.i.AbstractProblemLoader Replaying proof ArrayList[java.lang.Object::<inv>()].JML accessible clause.0 
111078     DEBUG main            d.u.i.k.p.i.IntermediateProofReplayer Proof replay took 5.1ns 
111481     INFO  main            d.u.i.k.p.r.p.TestFile    ... finished proof: closed. 
111671     INFO  main            d.u.i.k.p.i.AbstractProblemLoader Loading environment from /home/runner/work/key/key/key.core/../key.ui/examples/heap/list/ArrayList_inv.key.proof 
111671     DEBUG main            d.u.i.k.p.i.AbstractProblemLoader Environment load took 113.1ns 
111672     INFO  main            d.u.i.k.p.i.AbstractProblemLoader Creating init config 
112664     DEBUG main            d.u.i.k.j.r.ClassPreparationMethodBuilder clPrepBuilder: Inner Class detected. Reject building class initialisation methods. 
114774     DEBUG main            d.u.i.k.p.i.AbstractProblemLoader Init config took 3.1s 
114818     INFO  main            d.u.i.k.p.i.AbstractProblemLoader Replaying proof ArrayList[java.lang.Object::<inv>()].JML accessible clause.0 
114860     DEBUG main            d.u.i.k.p.i.IntermediateProofReplayer Proof replay took 39.05ms 
114862     DEBUG main            d.u.i.k.p.r.p.TestFile    ... success: reloaded. 
114863     INFO  main            d.u.i.k.p.r.p.TestFile    Now processing file /home/runner/work/key/key/key.core/../key.ui/examples/heap/list/ArrayList_iterator.key 
114863     INFO  main            d.u.i.k.p.i.AbstractProblemLoader Loading environment from /home/runner/work/key/key/key.core/../key.ui/examples/heap/list/ArrayList_iterator.key 
114864     DEBUG main            d.u.i.k.p.i.AbstractProblemLoader Environment load took 207.71ns 
114865     INFO  main            d.u.i.k.p.i.AbstractProblemLoader Creating init config 
115846     DEBUG main            d.u.i.k.j.r.ClassPreparationMethodBuilder clPrepBuilder: Inner Class detected. Reject building class initialisation methods. 
117954     DEBUG main            d.u.i.k.p.i.AbstractProblemLoader Init config took 3.09s 
117997     INFO  main            d.u.i.k.p.i.AbstractProblemLoader Replaying proof ArrayList[List::iterator()].JML normal_behavior operation contract.0 
117998     DEBUG main            d.u.i.k.p.i.IntermediateProofReplayer Proof replay took 5.4ns 
118503     INFO  main            d.u.i.k.p.r.p.TestFile    ... finished proof: closed. 
118718     INFO  main            d.u.i.k.p.i.AbstractProblemLoader Loading environment from /home/runner/work/key/key/key.core/../key.ui/examples/heap/list/ArrayList_iterator.key.proof 
118718     DEBUG main            d.u.i.k.p.i.AbstractProblemLoader Environment load took 110.4ns 
118719     INFO  main            d.u.i.k.p.i.AbstractProblemLoader Creating init config 
119716     DEBUG main            d.u.i.k.j.r.ClassPreparationMethodBuilder clPrepBuilder: Inner Class detected. Reject building class initialisation methods. 
121779     DEBUG main            d.u.i.k.p.i.AbstractProblemLoader Init config took 3.06s 
121822     INFO  main            d.u.i.k.p.i.AbstractProblemLoader Replaying proof ArrayList[List::iterator()].JML normal_behavior operation contract.0 
121901     DEBUG main            d.u.i.k.p.i.IntermediateProofReplayer Proof replay took 75.23ms 
121902     DEBUG main            d.u.i.k.p.r.p.TestFile    ... success: reloaded. 
121903     INFO  main            d.u.i.k.p.r.p.TestFile    Now processing file /home/runner/work/key/key/key.core/../key.ui/examples/heap/list/ArrayList_size_dep.key 
121903     INFO  main            d.u.i.k.p.i.AbstractProblemLoader Loading environment from /home/runner/work/key/key/key.core/../key.ui/examples/heap/list/ArrayList_size_dep.key 
121903     DEBUG main            d.u.i.k.p.i.AbstractProblemLoader Environment load took 87.4ns 
121904     INFO  main            d.u.i.k.p.i.AbstractProblemLoader Creating init config 
122939     DEBUG main            d.u.i.k.j.r.ClassPreparationMethodBuilder clPrepBuilder: Inner Class detected. Reject building class initialisation methods. 
125078     DEBUG main            d.u.i.k.p.i.AbstractProblemLoader Init config took 3.17s 
125120     INFO  main            d.u.i.k.p.i.AbstractProblemLoader Replaying proof ArrayList[List::size()].JML accessible clause.0 
125122     DEBUG main            d.u.i.k.p.i.IntermediateProofReplayer Proof replay took 5.3ns 
125326     INFO  main            d.u.i.k.p.r.p.TestFile    ... finished proof: closed. 
125513     INFO  main            d.u.i.k.p.i.AbstractProblemLoader Loading environment from /home/runner/work/key/key/key.core/../key.ui/examples/heap/list/ArrayList_size_dep.key.proof 
125513     DEBUG main            d.u.i.k.p.i.AbstractProblemLoader Environment load took 105.7ns 
125514     INFO  main            d.u.i.k.p.i.AbstractProblemLoader Creating init config 
126484     DEBUG main            d.u.i.k.j.r.ClassPreparationMethodBuilder clPrepBuilder: Inner Class detected. Reject building class initialisation methods. 
128558     DEBUG main            d.u.i.k.p.i.AbstractProblemLoader Init config took 3.04s 
128611     INFO  main            d.u.i.k.p.i.AbstractProblemLoader Replaying proof ArrayList[List::size()].JML accessible clause.0 
128636     DEBUG main            d.u.i.k.p.i.IntermediateProofReplayer Proof replay took 22.72ms 
128637     DEBUG main            d.u.i.k.p.r.p.TestFile    ... success: reloaded. 
128638     INFO  main            d.u.i.k.p.r.p.TestFile    Now processing file /home/runner/work/key/key/key.core/../key.ui/examples/heap/list/ArrayList_size.key 
128638     INFO  main            d.u.i.k.p.i.AbstractProblemLoader Loading environment from /home/runner/work/key/key/key.core/../key.ui/examples/heap/list/ArrayList_size.key 
128638     DEBUG main            d.u.i.k.p.i.AbstractProblemLoader Environment load took 70.7ns 
128639     INFO  main            d.u.i.k.p.i.AbstractProblemLoader Creating init config 
129635     DEBUG main            d.u.i.k.j.r.ClassPreparationMethodBuilder clPrepBuilder: Inner Class detected. Reject building class initialisation methods. 
131762     DEBUG main            d.u.i.k.p.i.AbstractProblemLoader Init config took 3.12s 
131804     INFO  main            d.u.i.k.p.i.AbstractProblemLoader Replaying proof ArrayList[List::size()].JML normal_behavior operation contract.0 
131806     DEBUG main            d.u.i.k.p.i.IntermediateProofReplayer Proof replay took 5.6ns 
132007     INFO  main            d.u.i.k.p.r.p.TestFile    ... finished proof: closed. 
132221     INFO  main            d.u.i.k.p.i.AbstractProblemLoader Loading environment from /home/runner/work/key/key/key.core/../key.ui/examples/heap/list/ArrayList_size.key.proof 
132221     DEBUG main            d.u.i.k.p.i.AbstractProblemLoader Environment load took 115.2ns 
132222     INFO  main            d.u.i.k.p.i.AbstractProblemLoader Creating init config 
133195     DEBUG main            d.u.i.k.j.r.ClassPreparationMethodBuilder clPrepBuilder: Inner Class detected. Reject building class initialisation methods. 
135306     DEBUG main            d.u.i.k.p.i.AbstractProblemLoader Init config took 3.08s 
135352     INFO  main            d.u.i.k.p.i.AbstractProblemLoader Replaying proof ArrayList[List::size()].JML normal_behavior operation contract.0 
135387     DEBUG main            d.u.i.k.p.i.IntermediateProofReplayer Proof replay took 32.79ms 
135388     DEBUG main            d.u.i.k.p.r.p.TestFile    ... success: reloaded. 
135389     INFO  main            d.u.i.k.p.r.p.TestFile    Now processing file /home/runner/work/key/key/key.core/../key.ui/examples/heap/list/ArrayList.ArrayListIterator_ArrayListIterator.key 
135389     INFO  main            d.u.i.k.p.i.AbstractProblemLoader Loading environment from /home/runner/work/key/key/key.core/../key.ui/examples/heap/list/ArrayList.ArrayListIterator_ArrayListIterator.key 
135389     DEBUG main            d.u.i.k.p.i.AbstractProblemLoader Environment load took 72.2ns 
135390     INFO  main            d.u.i.k.p.i.AbstractProblemLoader Creating init config 
136387     DEBUG main            d.u.i.k.j.r.ClassPreparationMethodBuilder clPrepBuilder: Inner Class detected. Reject building class initialisation methods. 
138530     DEBUG main            d.u.i.k.p.i.AbstractProblemLoader Init config took 3.14s 
138584     INFO  main            d.u.i.k.p.i.AbstractProblemLoader Replaying proof ArrayList.ArrayListIterator[ArrayList.ArrayListIterator::ArrayListIterator(ArrayList)].JML normal_behavior operation contract.0 
138585     DEBUG main            d.u.i.k.p.i.IntermediateProofReplayer Proof replay took 4.9ns 
139191     INFO  main            d.u.i.k.p.r.p.TestFile    ... finished proof: closed. 
139429     INFO  main            d.u.i.k.p.i.AbstractProblemLoader Loading environment from /home/runner/work/key/key/key.core/../key.ui/examples/heap/list/ArrayList.ArrayListIterator_ArrayListIterator.key.proof 
139429     DEBUG main            d.u.i.k.p.i.AbstractProblemLoader Environment load took 586.8ns 
139430     INFO  main            d.u.i.k.p.i.AbstractProblemLoader Creating init config 
140400     DEBUG main            d.u.i.k.j.r.ClassPreparationMethodBuilder clPrepBuilder: Inner Class detected. Reject building class initialisation methods. 
142485     DEBUG main            d.u.i.k.p.i.AbstractProblemLoader Init config took 3.05s 
142534     INFO  main            d.u.i.k.p.i.AbstractProblemLoader Replaying proof ArrayList.ArrayListIterator[ArrayList.ArrayListIterator::ArrayListIterator(ArrayList)].JML normal_behavior operation contract.0 
142634     DEBUG main            d.u.i.k.p.i.IntermediateProofReplayer Proof replay took 95ms 
142635     DEBUG main            d.u.i.k.p.r.p.TestFile    ... success: reloaded. 
142636     INFO  main            d.u.i.k.p.r.p.TestFile    Now processing file /home/runner/work/key/key/key.core/../key.ui/examples/heap/list/ArrayList.ArrayListIterator_hasNext_dep.key 
142637     INFO  main            d.u.i.k.p.i.AbstractProblemLoader Loading environment from /home/runner/work/key/key/key.core/../key.ui/examples/heap/list/ArrayList.ArrayListIterator_hasNext_dep.key 
142637     DEBUG main            d.u.i.k.p.i.AbstractProblemLoader Environment load took 81.7ns 
142637     INFO  main            d.u.i.k.p.i.AbstractProblemLoader Creating init config 
143660     DEBUG main            d.u.i.k.j.r.ClassPreparationMethodBuilder clPrepBuilder: Inner Class detected. Reject building class initialisation methods. 
145789     DEBUG main            d.u.i.k.p.i.AbstractProblemLoader Init config took 3.15s 
145869     INFO  main            d.u.i.k.p.i.AbstractProblemLoader Replaying proof ArrayList.ArrayListIterator[ListIterator::hasNext()].JML accessible clause.0 
145871     DEBUG main            d.u.i.k.p.i.IntermediateProofReplayer Proof replay took 6.4ns 
146174     INFO  main            d.u.i.k.p.r.p.TestFile    ... finished proof: closed. 
146401     INFO  main            d.u.i.k.p.i.AbstractProblemLoader Loading environment from /home/runner/work/key/key/key.core/../key.ui/examples/heap/list/ArrayList.ArrayListIterator_hasNext_dep.key.proof 
146402     DEBUG main            d.u.i.k.p.i.AbstractProblemLoader Environment load took 121.9ns 
146403     INFO  main            d.u.i.k.p.i.AbstractProblemLoader Creating init config 
147369     DEBUG main            d.u.i.k.j.r.ClassPreparationMethodBuilder clPrepBuilder: Inner Class detected. Reject building class initialisation methods. 
149448     DEBUG main            d.u.i.k.p.i.AbstractProblemLoader Init config took 3.05s 
149496     INFO  main            d.u.i.k.p.i.AbstractProblemLoader Replaying proof ArrayList.ArrayListIterator[ListIterator::hasNext()].JML accessible clause.0 
149549     DEBUG main            d.u.i.k.p.i.IntermediateProofReplayer Proof replay took 50.65ms 
149550     DEBUG main            d.u.i.k.p.r.p.TestFile    ... success: reloaded. 
149551     INFO  main            d.u.i.k.p.r.p.TestFile    Now processing file /home/runner/work/key/key/key.core/../key.ui/examples/heap/list/ArrayList.ArrayListIterator_hasNext.key 
149552     INFO  main            d.u.i.k.p.i.AbstractProblemLoader Loading environment from /home/runner/work/key/key/key.core/../key.ui/examples/heap/list/ArrayList.ArrayListIterator_hasNext.key 
149552     DEBUG main            d.u.i.k.p.i.AbstractProblemLoader Environment load took 88.9ns 
149552     INFO  main            d.u.i.k.p.i.AbstractProblemLoader Creating init config 
150556     DEBUG main            d.u.i.k.j.r.ClassPreparationMethodBuilder clPrepBuilder: Inner Class detected. Reject building class initialisation methods. 
152737     DEBUG main            d.u.i.k.p.i.AbstractProblemLoader Init config took 3.18s 
152788     INFO  main            d.u.i.k.p.i.AbstractProblemLoader Replaying proof ArrayList.ArrayListIterator[ListIterator::hasNext()].JML normal_behavior operation contract.0 
152789     DEBUG main            d.u.i.k.p.i.IntermediateProofReplayer Proof replay took 5.9ns 
153194     INFO  main            d.u.i.k.p.r.p.TestFile    ... finished proof: closed. 
153414     INFO  main            d.u.i.k.p.i.AbstractProblemLoader Loading environment from /home/runner/work/key/key/key.core/../key.ui/examples/heap/list/ArrayList.ArrayListIterator_hasNext.key.proof 
153414     DEBUG main            d.u.i.k.p.i.AbstractProblemLoader Environment load took 99.9ns 
153415     INFO  main            d.u.i.k.p.i.AbstractProblemLoader Creating init config 
154389     DEBUG main            d.u.i.k.j.r.ClassPreparationMethodBuilder clPrepBuilder: Inner Class detected. Reject building class initialisation methods. 
156441     DEBUG main            d.u.i.k.p.i.AbstractProblemLoader Init config took 3.03s 
156488     INFO  main            d.u.i.k.p.i.AbstractProblemLoader Replaying proof ArrayList.ArrayListIterator[ListIterator::hasNext()].JML normal_behavior operation contract.0 
156540     DEBUG main            d.u.i.k.p.i.IntermediateProofReplayer Proof replay took 48.91ms 
156541     DEBUG main            d.u.i.k.p.r.p.TestFile    ... success: reloaded. 
156542     INFO  main            d.u.i.k.p.r.p.TestFile    Now processing file /home/runner/work/key/key/key.core/../key.ui/examples/heap/list/ArrayList.ArrayListIterator_inv.key 
156542     INFO  main            d.u.i.k.p.i.AbstractProblemLoader Loading environment from /home/runner/work/key/key/key.core/../key.ui/examples/heap/list/ArrayList.ArrayListIterator_inv.key 
156542     DEBUG main            d.u.i.k.p.i.AbstractProblemLoader Environment load took 88.4ns 
156543     INFO  main            d.u.i.k.p.i.AbstractProblemLoader Creating init config 
157522     DEBUG main            d.u.i.k.j.r.ClassPreparationMethodBuilder clPrepBuilder: Inner Class detected. Reject building class initialisation methods. 
159628     DEBUG main            d.u.i.k.p.i.AbstractProblemLoader Init config took 3.09s 
159677     INFO  main            d.u.i.k.p.i.AbstractProblemLoader Replaying proof ArrayList.ArrayListIterator[java.lang.Object::<inv>()].JML accessible clause.0 
159678     DEBUG main            d.u.i.k.p.i.IntermediateProofReplayer Proof replay took 5.3ns 
160609     INFO  main            d.u.i.k.p.r.p.TestFile    ... finished proof: closed. 
160850     INFO  main            d.u.i.k.p.i.AbstractProblemLoader Loading environment from /home/runner/work/key/key/key.core/../key.ui/examples/heap/list/ArrayList.ArrayListIterator_inv.key.proof 
160850     DEBUG main            d.u.i.k.p.i.AbstractProblemLoader Environment load took 126.2ns 
160852     INFO  main            d.u.i.k.p.i.AbstractProblemLoader Creating init config 
161817     DEBUG main            d.u.i.k.j.r.ClassPreparationMethodBuilder clPrepBuilder: Inner Class detected. Reject building class initialisation methods. 
163871     DEBUG main            d.u.i.k.p.i.AbstractProblemLoader Init config took 3.02s 
163919     INFO  main            d.u.i.k.p.i.AbstractProblemLoader Replaying proof ArrayList.ArrayListIterator[java.lang.Object::<inv>()].JML accessible clause.0 
164035     DEBUG main            d.u.i.k.p.i.IntermediateProofReplayer Proof replay took 111.43ms 
164037     DEBUG main            d.u.i.k.p.r.p.TestFile    ... success: reloaded. 
164038     INFO  main            d.u.i.k.p.r.p.TestFile    Now processing file /home/runner/work/key/key/key.core/../key.ui/examples/heap/list/ArrayList.ArrayListIterator_list.key 
164038     INFO  main            d.u.i.k.p.i.AbstractProblemLoader Loading environment from /home/runner/work/key/key/key.core/../key.ui/examples/heap/list/ArrayList.ArrayListIterator_list.key 
164038     DEBUG main            d.u.i.k.p.i.AbstractProblemLoader Environment load took 207.11ns 
164041     INFO  main            d.u.i.k.p.i.AbstractProblemLoader Creating init config 
165047     DEBUG main            d.u.i.k.j.r.ClassPreparationMethodBuilder clPrepBuilder: Inner Class detected. Reject building class initialisation methods. 
167167     DEBUG main            d.u.i.k.p.i.AbstractProblemLoader Init config took 3.13s 
167204     INFO  main            d.u.i.k.p.i.AbstractProblemLoader Replaying proof ListIterator[ListIterator::$list()].JML accessible clause.0 
167206     DEBUG main            d.u.i.k.p.i.IntermediateProofReplayer Proof replay took 5.2ns 
167307     INFO  main            d.u.i.k.p.r.p.TestFile    ... finished proof: closed. 
167541     INFO  main            d.u.i.k.p.i.AbstractProblemLoader Loading environment from /home/runner/work/key/key/key.core/../key.ui/examples/heap/list/ArrayList.ArrayListIterator_list.key.proof 
167541     DEBUG main            d.u.i.k.p.i.AbstractProblemLoader Environment load took 95ns 
167542     INFO  main            d.u.i.k.p.i.AbstractProblemLoader Creating init config 
168510     DEBUG main            d.u.i.k.j.r.ClassPreparationMethodBuilder clPrepBuilder: Inner Class detected. Reject building class initialisation methods. 
170559     DEBUG main            d.u.i.k.p.i.AbstractProblemLoader Init config took 3.02s 
170595     INFO  main            d.u.i.k.p.i.AbstractProblemLoader Replaying proof ListIterator[ListIterator::$list()].JML accessible clause.0 
170597     DEBUG main            d.u.i.k.p.i.IntermediateProofReplayer Proof replay took 947.33ns 
170598     DEBUG main            d.u.i.k.p.r.p.TestFile    ... success: reloaded. 
170599     INFO  main            d.u.i.k.p.r.p.TestFile    Now processing file /home/runner/work/key/key/key.core/../key.ui/examples/heap/list/ArrayList.ArrayListIterator_next_exceptional.key 
170599     INFO  main            d.u.i.k.p.i.AbstractProblemLoader Loading environment from /home/runner/work/key/key/key.core/../key.ui/examples/heap/list/ArrayList.ArrayListIterator_next_exceptional.key 
170599     DEBUG main            d.u.i.k.p.i.AbstractProblemLoader Environment load took 101.1ns 
170600     INFO  main            d.u.i.k.p.i.AbstractProblemLoader Creating init config 
171601     DEBUG main            d.u.i.k.j.r.ClassPreparationMethodBuilder clPrepBuilder: Inner Class detected. Reject building class initialisation methods. 
173693     DEBUG main            d.u.i.k.p.i.AbstractProblemLoader Init config took 3.09s 
173742     INFO  main            d.u.i.k.p.i.AbstractProblemLoader Replaying proof ArrayList.ArrayListIterator[ListIterator::next()].JML exceptional_behavior operation contract.0 
173745     DEBUG main            d.u.i.k.p.i.IntermediateProofReplayer Proof replay took 6.3ns 
174548     INFO  main            d.u.i.k.p.r.p.TestFile    ... finished proof: closed. 
174794     INFO  main            d.u.i.k.p.i.AbstractProblemLoader Loading environment from /home/runner/work/key/key/key.core/../key.ui/examples/heap/list/ArrayList.ArrayListIterator_next_exceptional.key.proof 
174794     DEBUG main            d.u.i.k.p.i.AbstractProblemLoader Environment load took 461.11ns 
174795     INFO  main            d.u.i.k.p.i.AbstractProblemLoader Creating init config 
175775     DEBUG main            d.u.i.k.j.r.ClassPreparationMethodBuilder clPrepBuilder: Inner Class detected. Reject building class initialisation methods. 
177838     DEBUG main            d.u.i.k.p.i.AbstractProblemLoader Init config took 3.04s 
177886     INFO  main            d.u.i.k.p.i.AbstractProblemLoader Replaying proof ArrayList.ArrayListIterator[ListIterator::next()].JML exceptional_behavior operation contract.0 
178034     DEBUG main            d.u.i.k.p.i.IntermediateProofReplayer Proof replay took 143.64ms 
178035     DEBUG main            d.u.i.k.p.r.p.TestFile    ... success: reloaded. 
178036     INFO  main            d.u.i.k.p.r.p.TestFile    Now processing file /home/runner/work/key/key/key.core/../key.ui/examples/heap/list/ArrayList.ArrayListIterator_next_normal.key 
178037     INFO  main            d.u.i.k.p.i.AbstractProblemLoader Loading environment from /home/runner/work/key/key/key.core/../key.ui/examples/heap/list/ArrayList.ArrayListIterator_next_normal.key 
178037     DEBUG main            d.u.i.k.p.i.AbstractProblemLoader Environment load took 72.3ns 
178037     INFO  main            d.u.i.k.p.i.AbstractProblemLoader Creating init config 
179020     DEBUG main            d.u.i.k.j.r.ClassPreparationMethodBuilder clPrepBuilder: Inner Class detected. Reject building class initialisation methods. 
181094     DEBUG main            d.u.i.k.p.i.AbstractProblemLoader Init config took 3.06s 
181162     INFO  main            d.u.i.k.p.i.AbstractProblemLoader Replaying proof ArrayList.ArrayListIterator[ListIterator::next()].JML normal_behavior operation contract.0 
181164     DEBUG main            d.u.i.k.p.i.IntermediateProofReplayer Proof replay took 5.1ns 
181968     INFO  main            d.u.i.k.p.r.p.TestFile    ... finished proof: closed. 
182241     INFO  main            d.u.i.k.p.i.AbstractProblemLoader Loading environment from /home/runner/work/key/key/key.core/../key.ui/examples/heap/list/ArrayList.ArrayListIterator_next_normal.key.proof 
182241     DEBUG main            d.u.i.k.p.i.AbstractProblemLoader Environment load took 113ns 
182244     INFO  main            d.u.i.k.p.i.AbstractProblemLoader Creating init config 
183211     DEBUG main            d.u.i.k.j.r.ClassPreparationMethodBuilder clPrepBuilder: Inner Class detected. Reject building class initialisation methods. 
185257     DEBUG main            d.u.i.k.p.i.AbstractProblemLoader Init config took 3.01s 
185304     INFO  main            d.u.i.k.p.i.AbstractProblemLoader Replaying proof ArrayList.ArrayListIterator[ListIterator::next()].JML normal_behavior operation contract.0 
185471     DEBUG main            d.u.i.k.p.i.IntermediateProofReplayer Proof replay took 161.52ms 
185472     DEBUG main            d.u.i.k.p.r.p.TestFile    ... success: reloaded. 
185473     INFO  main            d.u.i.k.p.r.p.TestFile    Now processing file /home/runner/work/key/key/key.core/../key.ui/examples/heap/list/ArrayList.ArrayListIterator_pos.key 
185473     INFO  main            d.u.i.k.p.i.AbstractProblemLoader Loading environment from /home/runner/work/key/key/key.core/../key.ui/examples/heap/list/ArrayList.ArrayListIterator_pos.key 
185473     DEBUG main            d.u.i.k.p.i.AbstractProblemLoader Environment load took 78.6ns 
185474     INFO  main            d.u.i.k.p.i.AbstractProblemLoader Creating init config 
186473     DEBUG main            d.u.i.k.j.r.ClassPreparationMethodBuilder clPrepBuilder: Inner Class detected. Reject building class initialisation methods. 
188554     DEBUG main            d.u.i.k.p.i.AbstractProblemLoader Init config took 3.08s 
188607     INFO  main            d.u.i.k.p.i.AbstractProblemLoader Replaying proof ListIterator[ListIterator::$pos()].JML accessible clause.0 
188609     DEBUG main            d.u.i.k.p.i.IntermediateProofReplayer Proof replay took 5.3ns 
188713     INFO  main            d.u.i.k.p.r.p.TestFile    ... finished proof: closed. 
188978     INFO  main            d.u.i.k.p.i.AbstractProblemLoader Loading environment from /home/runner/work/key/key/key.core/../key.ui/examples/heap/list/ArrayList.ArrayListIterator_pos.key.proof 
188978     DEBUG main            d.u.i.k.p.i.AbstractProblemLoader Environment load took 94.3ns 
188979     INFO  main            d.u.i.k.p.i.AbstractProblemLoader Creating init config 
189945     DEBUG main            d.u.i.k.j.r.ClassPreparationMethodBuilder clPrepBuilder: Inner Class detected. Reject building class initialisation methods. 
191987     DEBUG main            d.u.i.k.p.i.AbstractProblemLoader Init config took 3.01s 
192023     INFO  main            d.u.i.k.p.i.AbstractProblemLoader Replaying proof ListIterator[ListIterator::$pos()].JML accessible clause.0 
192025     DEBUG main            d.u.i.k.p.i.IntermediateProofReplayer Proof replay took 961.53ns 
192026     DEBUG main            d.u.i.k.p.r.p.TestFile    ... success: reloaded. 
192027     INFO  main            d.u.i.k.p.r.p.TestFile    Now processing file /home/runner/work/key/key/key.core/../key.ui/examples/heap/list/Client_m.key 
192027     INFO  main            d.u.i.k.p.i.AbstractProblemLoader Loading environment from /home/runner/work/key/key/key.core/../key.ui/examples/heap/list/Client_m.key 
192027     DEBUG main            d.u.i.k.p.i.AbstractProblemLoader Environment load took 68.5ns 
192028     INFO  main            d.u.i.k.p.i.AbstractProblemLoader Creating init config 
193019     DEBUG main            d.u.i.k.j.r.ClassPreparationMethodBuilder clPrepBuilder: Inner Class detected. Reject building class initialisation methods. 
195107     DEBUG main            d.u.i.k.p.i.AbstractProblemLoader Init config took 3.08s 
195144     INFO  main            d.u.i.k.p.i.AbstractProblemLoader Replaying proof Client[Client::m(List)].JML normal_behavior operation contract.0 
195145     DEBUG main            d.u.i.k.p.i.IntermediateProofReplayer Proof replay took 5.2ns 
195458     INFO  main            d.u.i.k.p.r.p.TestFile    ... finished proof: closed. 
195724     INFO  main            d.u.i.k.p.i.AbstractProblemLoader Loading environment from /home/runner/work/key/key/key.core/../key.ui/examples/heap/list/Client_m.key.proof 
195725     DEBUG main            d.u.i.k.p.i.AbstractProblemLoader Environment load took 100.3ns 
195725     INFO  main            d.u.i.k.p.i.AbstractProblemLoader Creating init config 
196703     DEBUG main            d.u.i.k.j.r.ClassPreparationMethodBuilder clPrepBuilder: Inner Class detected. Reject building class initialisation methods. 
198751     DEBUG main            d.u.i.k.p.i.AbstractProblemLoader Init config took 3.03s 
198787     INFO  main            d.u.i.k.p.i.AbstractProblemLoader Replaying proof Client[Client::m(List)].JML normal_behavior operation contract.0 
198850     DEBUG main            d.u.i.k.p.i.IntermediateProofReplayer Proof replay took 59.74ms 
198854     DEBUG main            d.u.i.k.p.r.p.TestFile    ... success: reloaded. 
198856     INFO  main            d.u.i.k.p.r.p.TestFile    Now processing file /home/runner/work/key/key/key.core/../key.ui/examples/heap/list/Client_n.key 
198857     INFO  main            d.u.i.k.p.i.AbstractProblemLoader Loading environment from /home/runner/work/key/key/key.core/../key.ui/examples/heap/list/Client_n.key 
198857     DEBUG main            d.u.i.k.p.i.AbstractProblemLoader Environment load took 209.31ns 
198863     INFO  main            d.u.i.k.p.i.AbstractProblemLoader Creating init config 
199853     DEBUG main            d.u.i.k.j.r.ClassPreparationMethodBuilder clPrepBuilder: Inner Class detected. Reject building class initialisation methods. 
201957     DEBUG main            d.u.i.k.p.i.AbstractProblemLoader Init config took 3.09s 
201994     INFO  main            d.u.i.k.p.i.AbstractProblemLoader Replaying proof Client[Client::n(List)].JML normal_behavior operation contract.0 
201995     DEBUG main            d.u.i.k.p.i.IntermediateProofReplayer Proof replay took 5.6ns 
202097     INFO  main            d.u.i.k.p.r.p.TestFile    ... finished proof: closed. 
202493     INFO  main            d.u.i.k.p.i.AbstractProblemLoader Loading environment from /home/runner/work/key/key/key.core/../key.ui/examples/heap/list/Client_n.key.proof 
202493     DEBUG main            d.u.i.k.p.i.AbstractProblemLoader Environment load took 87.5ns 
202494     INFO  main            d.u.i.k.p.i.AbstractProblemLoader Creating init config 
203456     DEBUG main            d.u.i.k.j.r.ClassPreparationMethodBuilder clPrepBuilder: Inner Class detected. Reject building class initialisation methods. 
205522     DEBUG main            d.u.i.k.p.i.AbstractProblemLoader Init config took 3.03s 
205560     INFO  main            d.u.i.k.p.i.AbstractProblemLoader Replaying proof Client[Client::n(List)].JML normal_behavior operation contract.0 
205578     DEBUG main            d.u.i.k.p.i.IntermediateProofReplayer Proof replay took 17.15ms 
205579     DEBUG main            d.u.i.k.p.r.p.TestFile    ... success: reloaded. 
205580     INFO  main            d.u.i.k.p.r.p.TestFile    Now processing file /home/runner/work/key/key/key.core/../key.ui/examples/heap/list/LinkedList_get_exceptional.key 
205581     INFO  main            d.u.i.k.p.i.AbstractProblemLoader Loading environment from /home/runner/work/key/key/key.core/../key.ui/examples/heap/list/LinkedList_get_exceptional.key 
205581     DEBUG main            d.u.i.k.p.i.AbstractProblemLoader Environment load took 206.81ns 
205582     INFO  main            d.u.i.k.p.i.AbstractProblemLoader Creating init config 
206589     DEBUG main            d.u.i.k.j.r.ClassPreparationMethodBuilder clPrepBuilder: Inner Class detected. Reject building class initialisation methods. 
208701     DEBUG main            d.u.i.k.p.i.AbstractProblemLoader Init config took 3.12s 
208759     INFO  main            d.u.i.k.p.i.AbstractProblemLoader Replaying proof LinkedList[List::get(int)].JML exceptional_behavior operation contract.0 
208760     DEBUG main            d.u.i.k.p.i.IntermediateProofReplayer Proof replay took 5.4ns 
210765     INFO  main            d.u.i.k.p.r.p.TestFile    ... finished proof: closed. 
211049     INFO  main            d.u.i.k.p.i.AbstractProblemLoader Loading environment from /home/runner/work/key/key/key.core/../key.ui/examples/heap/list/LinkedList_get_exceptional.key.proof 
211049     DEBUG main            d.u.i.k.p.i.AbstractProblemLoader Environment load took 391.61ns 
211051     INFO  main            d.u.i.k.p.i.AbstractProblemLoader Creating init config 
212014     DEBUG main            d.u.i.k.j.r.ClassPreparationMethodBuilder clPrepBuilder: Inner Class detected. Reject building class initialisation methods. 
214062     DEBUG main            d.u.i.k.p.i.AbstractProblemLoader Init config took 3.01s 
214104     INFO  main            d.u.i.k.p.i.AbstractProblemLoader Replaying proof LinkedList[List::get(int)].JML exceptional_behavior operation contract.0 
214402     DEBUG main            d.u.i.k.p.i.IntermediateProofReplayer Proof replay took 288.82ms 
214403     DEBUG main            d.u.i.k.p.r.p.TestFile    ... success: reloaded. 
214404     INFO  main            d.u.i.k.p.r.p.TestFile    Now processing file /home/runner/work/key/key/key.core/../key.ui/examples/heap/list/LinkedList_get_normal.key 
214404     INFO  main            d.u.i.k.p.i.AbstractProblemLoader Loading environment from /home/runner/work/key/key/key.core/../key.ui/examples/heap/list/LinkedList_get_normal.key 
214404     DEBUG main            d.u.i.k.p.i.AbstractProblemLoader Environment load took 84.5ns 
214405     INFO  main            d.u.i.k.p.i.AbstractProblemLoader Creating init config 
215409     DEBUG main            d.u.i.k.j.r.ClassPreparationMethodBuilder clPrepBuilder: Inner Class detected. Reject building class initialisation methods. 
217498     DEBUG main            d.u.i.k.p.i.AbstractProblemLoader Init config took 3.09s 
217539     INFO  main            d.u.i.k.p.i.AbstractProblemLoader Replaying proof LinkedList[List::get(int)].JML normal_behavior operation contract.0 
217541     DEBUG main            d.u.i.k.p.i.IntermediateProofReplayer Proof replay took 5.5ns 
222382     INFO  main            d.u.i.k.p.r.p.TestFile    ... finished proof: closed. 
222722     INFO  main            d.u.i.k.p.i.AbstractProblemLoader Loading environment from /home/runner/work/key/key/key.core/../key.ui/examples/heap/list/LinkedList_get_normal.key.proof 
222724     DEBUG main            d.u.i.k.p.i.AbstractProblemLoader Environment load took 1.92ms 
222726     INFO  main            d.u.i.k.p.i.AbstractProblemLoader Creating init config 
223695     DEBUG main            d.u.i.k.j.r.ClassPreparationMethodBuilder clPrepBuilder: Inner Class detected. Reject building class initialisation methods. 
225727     DEBUG main            d.u.i.k.p.i.AbstractProblemLoader Init config took 3s 
225769     INFO  main            d.u.i.k.p.i.AbstractProblemLoader Replaying proof LinkedList[List::get(int)].JML normal_behavior operation contract.0 
226199     DEBUG main            d.u.i.k.p.i.IntermediateProofReplayer Proof replay took 408.07ms 
226201     DEBUG main            d.u.i.k.p.r.p.TestFile    ... success: reloaded. 
226202     INFO  main            d.u.i.k.p.r.p.TestFile    Now processing file /home/runner/work/key/key/key.core/../key.ui/examples/heap/list/LinkedList_LinkedList.key 
226202     INFO  main            d.u.i.k.p.i.AbstractProblemLoader Loading environment from /home/runner/work/key/key/key.core/../key.ui/examples/heap/list/LinkedList_LinkedList.key 
226202     DEBUG main            d.u.i.k.p.i.AbstractProblemLoader Environment load took 64ns 
226203     INFO  main            d.u.i.k.p.i.AbstractProblemLoader Creating init config 
227200     DEBUG main            d.u.i.k.j.r.ClassPreparationMethodBuilder clPrepBuilder: Inner Class detected. Reject building class initialisation methods. 
229356     DEBUG main            d.u.i.k.p.i.AbstractProblemLoader Init config took 3.15s 
229397     INFO  main            d.u.i.k.p.i.AbstractProblemLoader Replaying proof LinkedList[LinkedList::LinkedList()].JML normal_behavior operation contract.0 
229399     DEBUG main            d.u.i.k.p.i.IntermediateProofReplayer Proof replay took 5.7ns 
229902     INFO  main            d.u.i.k.p.r.p.TestFile    ... finished proof: closed. 
230199     INFO  main            d.u.i.k.p.i.AbstractProblemLoader Loading environment from /home/runner/work/key/key/key.core/../key.ui/examples/heap/list/LinkedList_LinkedList.key.proof 
230199     DEBUG main            d.u.i.k.p.i.AbstractProblemLoader Environment load took 85.2ns 
230200     INFO  main            d.u.i.k.p.i.AbstractProblemLoader Creating init config 
231175     DEBUG main            d.u.i.k.j.r.ClassPreparationMethodBuilder clPrepBuilder: Inner Class detected. Reject building class initialisation methods. 
233221     DEBUG main            d.u.i.k.p.i.AbstractProblemLoader Init config took 3.02s 
233261     INFO  main            d.u.i.k.p.i.AbstractProblemLoader Replaying proof LinkedList[LinkedList::LinkedList()].JML normal_behavior operation contract.0 
233371     DEBUG main            d.u.i.k.p.i.IntermediateProofReplayer Proof replay took 106.12ms 
233371     DEBUG main            d.u.i.k.p.r.p.TestFile    ... success: reloaded. 
233372     INFO  main            d.u.i.k.p.r.p.TestFile    Now processing file /home/runner/work/key/key/key.core/../key.ui/examples/heap/list/LinkedList_size_dep.key 
233373     INFO  main            d.u.i.k.p.i.AbstractProblemLoader Loading environment from /home/runner/work/key/key/key.core/../key.ui/examples/heap/list/LinkedList_size_dep.key 
233373     DEBUG main            d.u.i.k.p.i.AbstractProblemLoader Environment load took 64ns 
233373     INFO  main            d.u.i.k.p.i.AbstractProblemLoader Creating init config 
234351     DEBUG main            d.u.i.k.j.r.ClassPreparationMethodBuilder clPrepBuilder: Inner Class detected. Reject building class initialisation methods. 
236427     DEBUG main            d.u.i.k.p.i.AbstractProblemLoader Init config took 3.05s 
236467     INFO  main            d.u.i.k.p.i.AbstractProblemLoader Replaying proof LinkedList[List::size()].JML accessible clause.0 
236469     DEBUG main            d.u.i.k.p.i.IntermediateProofReplayer Proof replay took 6.1ns 
236974     INFO  main            d.u.i.k.p.r.p.TestFile    ... finished proof: closed. 
237265     INFO  main            d.u.i.k.p.i.AbstractProblemLoader Loading environment from /home/runner/work/key/key/key.core/../key.ui/examples/heap/list/LinkedList_size_dep.key.proof 
237265     DEBUG main            d.u.i.k.p.i.AbstractProblemLoader Environment load took 90.9ns 
237266     INFO  main            d.u.i.k.p.i.AbstractProblemLoader Creating init config 
238230     DEBUG main            d.u.i.k.j.r.ClassPreparationMethodBuilder clPrepBuilder: Inner Class detected. Reject building class initialisation methods. 
240255     DEBUG main            d.u.i.k.p.i.AbstractProblemLoader Init config took 2.99s 
240313     INFO  main            d.u.i.k.p.i.AbstractProblemLoader Replaying proof LinkedList[List::size()].JML accessible clause.0 
240359     DEBUG main            d.u.i.k.p.i.IntermediateProofReplayer Proof replay took 43.69ms 
240361     DEBUG main            d.u.i.k.p.r.p.TestFile    ... success: reloaded. 
240362     INFO  main            d.u.i.k.p.r.p.TestFile    Now processing file /home/runner/work/key/key/key.core/../key.ui/examples/heap/list/LinkedList_size.key 
240362     INFO  main            d.u.i.k.p.i.AbstractProblemLoader Loading environment from /home/runner/work/key/key/key.core/../key.ui/examples/heap/list/LinkedList_size.key 
240362     DEBUG main            d.u.i.k.p.i.AbstractProblemLoader Environment load took 187ns 
240363     INFO  main            d.u.i.k.p.i.AbstractProblemLoader Creating init config 
241363     DEBUG main            d.u.i.k.j.r.ClassPreparationMethodBuilder clPrepBuilder: Inner Class detected. Reject building class initialisation methods. 
243439     DEBUG main            d.u.i.k.p.i.AbstractProblemLoader Init config took 3.08s 
243480     INFO  main            d.u.i.k.p.i.AbstractProblemLoader Replaying proof LinkedList[List::size()].JML normal_behavior operation contract.0 
243481     DEBUG main            d.u.i.k.p.i.IntermediateProofReplayer Proof replay took 5.6ns 
243885     INFO  main            d.u.i.k.p.r.p.TestFile    ... finished proof: closed. 
244184     INFO  main            d.u.i.k.p.i.AbstractProblemLoader Loading environment from /home/runner/work/key/key/key.core/../key.ui/examples/heap/list/LinkedList_size.key.proof 
244184     DEBUG main            d.u.i.k.p.i.AbstractProblemLoader Environment load took 121ns 
244185     INFO  main            d.u.i.k.p.i.AbstractProblemLoader Creating init config 
245148     DEBUG main            d.u.i.k.j.r.ClassPreparationMethodBuilder clPrepBuilder: Inner Class detected. Reject building class initialisation methods. 
247176     DEBUG main            d.u.i.k.p.i.AbstractProblemLoader Init config took 2.99s 
247227     INFO  main            d.u.i.k.p.i.AbstractProblemLoader Replaying proof LinkedList[List::size()].JML normal_behavior operation contract.0 
247269     DEBUG main            d.u.i.k.p.i.IntermediateProofReplayer Proof replay took 39.03ms 
247270     DEBUG main            d.u.i.k.p.r.p.TestFile    ... success: reloaded. 
247270     INFO  main            d.u.i.k.p.r.p.TestFile    Now processing file /home/runner/work/key/key/key.core/../key.ui/examples/heap/list/MySet_footprint.key 
247270     INFO  main            d.u.i.k.p.i.AbstractProblemLoader Loading environment from /home/runner/work/key/key/key.core/../key.ui/examples/heap/list/MySet_footprint.key 
247270     DEBUG main            d.u.i.k.p.i.AbstractProblemLoader Environment load took 44.4ns 
247271     INFO  main            d.u.i.k.p.i.AbstractProblemLoader Creating init config 
248246     DEBUG main            d.u.i.k.j.r.ClassPreparationMethodBuilder clPrepBuilder: Inner Class detected. Reject building class initialisation methods. 
250342     DEBUG main            d.u.i.k.p.i.AbstractProblemLoader Init config took 3.07s 
250385     INFO  main            d.u.i.k.p.i.AbstractProblemLoader Replaying proof MySet[MySet::$footprint()].JML accessible clause.0 
250387     DEBUG main            d.u.i.k.p.i.IntermediateProofReplayer Proof replay took 6ns 
250689     INFO  main            d.u.i.k.p.r.p.TestFile    ... finished proof: closed. 
250993     INFO  main            d.u.i.k.p.i.AbstractProblemLoader Loading environment from /home/runner/work/key/key/key.core/../key.ui/examples/heap/list/MySet_footprint.key.proof 
250993     DEBUG main            d.u.i.k.p.i.AbstractProblemLoader Environment load took 91.5ns 
250994     INFO  main            d.u.i.k.p.i.AbstractProblemLoader Creating init config 
251962     DEBUG main            d.u.i.k.j.r.ClassPreparationMethodBuilder clPrepBuilder: Inner Class detected. Reject building class initialisation methods. 
253999     DEBUG main            d.u.i.k.p.i.AbstractProblemLoader Init config took 3s 
254043     INFO  main            d.u.i.k.p.i.AbstractProblemLoader Replaying proof MySet[MySet::$footprint()].JML accessible clause.0 
254075     DEBUG main            d.u.i.k.p.i.IntermediateProofReplayer Proof replay took 29.05ms 
254076     DEBUG main            d.u.i.k.p.r.p.TestFile    ... success: reloaded. 
254077     INFO  main            d.u.i.k.p.r.p.TestFile    Now processing file /home/runner/work/key/key/key.core/../key.ui/examples/heap/list/MySet_MySet.key 
254077     INFO  main            d.u.i.k.p.i.AbstractProblemLoader Loading environment from /home/runner/work/key/key/key.core/../key.ui/examples/heap/list/MySet_MySet.key 
254077     DEBUG main            d.u.i.k.p.i.AbstractProblemLoader Environment load took 45.7ns 
254078     INFO  main            d.u.i.k.p.i.AbstractProblemLoader Creating init config 
255056     DEBUG main            d.u.i.k.j.r.ClassPreparationMethodBuilder clPrepBuilder: Inner Class detected. Reject building class initialisation methods. 
257132     DEBUG main            d.u.i.k.p.i.AbstractProblemLoader Init config took 3.05s 
257175     INFO  main            d.u.i.k.p.i.AbstractProblemLoader Replaying proof MySet[MySet::MySet()].JML normal_behavior operation contract.0 
257176     DEBUG main            d.u.i.k.p.i.IntermediateProofReplayer Proof replay took 5.4ns 
259432     INFO  main            d.u.i.k.p.r.p.TestFile    ... finished proof: closed. 
259760     INFO  main            d.u.i.k.p.i.AbstractProblemLoader Loading environment from /home/runner/work/key/key/key.core/../key.ui/examples/heap/list/MySet_MySet.key.proof 
259760     DEBUG main            d.u.i.k.p.i.AbstractProblemLoader Environment load took 97.5ns 
259763     INFO  main            d.u.i.k.p.i.AbstractProblemLoader Creating init config 
260753     DEBUG main            d.u.i.k.j.r.ClassPreparationMethodBuilder clPrepBuilder: Inner Class detected. Reject building class initialisation methods. 
262829     DEBUG main            d.u.i.k.p.i.AbstractProblemLoader Init config took 3.07s 
262873     INFO  main            d.u.i.k.p.i.AbstractProblemLoader Replaying proof MySet[MySet::MySet()].JML normal_behavior operation contract.0 
263211     DEBUG main            d.u.i.k.p.i.IntermediateProofReplayer Proof replay took 324.27ms 
263212     DEBUG main            d.u.i.k.p.r.p.TestFile    ... success: reloaded. 
1073753    INFO  Test worker     d.u.i.k.p.r.p.StatisticsFile Returning from test list 
1073757    INFO  Test worker     d.u.i.k.p.r.p.StatisticsFile Running test list_ghost 
350        INFO  Timeout watchdog d.u.i.k.p.r.p.ForkedTestFileRunner Timeout watcher launched (2000 secs.) 
352        WARN  main            d.u.i.k.s.ProofSettings   The settings in /home/runner/.key/proof-settings.props are *not* read. 
390        INFO  main            d.u.i.k.p.r.p.TestFile    Now processing file /home/runner/work/key/key/key.core/../key.ui/examples/heap/list_ghost/ArrayList_add.key 
486        INFO  main            d.u.i.k.p.i.AbstractProblemLoader Loading environment from /home/runner/work/key/key/key.core/../key.ui/examples/heap/list_ghost/ArrayList_add.key 
515        DEBUG main            d.u.i.k.p.i.AbstractProblemLoader Environment load took 1.85ms 
721        INFO  main            d.u.i.k.p.i.AbstractProblemLoader Creating init config 
1735       DEBUG main            d.u.i.k.j.TypeConverter   No LDT found for Meta 
1736       DEBUG main            d.u.i.k.j.TypeConverter   No LDT found for Meta 
1738       DEBUG main            d.u.i.k.j.TypeConverter   No LDT found for Meta 
1739       DEBUG main            d.u.i.k.j.TypeConverter   No LDT found for Meta 
2997       DEBUG main            d.u.i.k.j.TypeConverter   No LDT found for JavaBigintExpression 
7882       DEBUG main            d.u.i.k.p.i.AbstractProblemLoader Init config took 7.16s 
8011       INFO  main            d.u.i.k.p.i.AbstractProblemLoader Replaying proof ArrayList[List::add(java.lang.Object)].JML normal_behavior operation contract.0 
8040       DEBUG main            d.u.i.k.p.i.IntermediateProofReplayer Proof replay took 30.9ns 
12892      INFO  main            d.u.i.k.p.r.p.TestFile    ... finished proof: closed. 
13084      INFO  main            d.u.i.k.p.i.AbstractProblemLoader Loading environment from /home/runner/work/key/key/key.core/../key.ui/examples/heap/list_ghost/ArrayList_add.key.proof 
13084      DEBUG main            d.u.i.k.p.i.AbstractProblemLoader Environment load took 494.81ns 
13088      INFO  main            d.u.i.k.p.i.AbstractProblemLoader Creating init config 
15888      DEBUG main            d.u.i.k.p.i.AbstractProblemLoader Init config took 2.8s 
15948      INFO  main            d.u.i.k.p.i.AbstractProblemLoader Replaying proof ArrayList[List::add(java.lang.Object)].JML normal_behavior operation contract.0 
16597      DEBUG main            d.u.i.k.p.i.IntermediateProofReplayer Proof replay took 625.64ms 
16605      DEBUG main            d.u.i.k.p.r.p.TestFile    ... success: reloaded. 
16607      INFO  main            d.u.i.k.p.r.p.TestFile    Now processing file /home/runner/work/key/key/key.core/../key.ui/examples/heap/list_ghost/ArrayList_ArrayList.key 
16607      INFO  main            d.u.i.k.p.i.AbstractProblemLoader Loading environment from /home/runner/work/key/key/key.core/../key.ui/examples/heap/list_ghost/ArrayList_ArrayList.key 
16607      DEBUG main            d.u.i.k.p.i.AbstractProblemLoader Environment load took 300.41ns 
16609      INFO  main            d.u.i.k.p.i.AbstractProblemLoader Creating init config 
19236      DEBUG main            d.u.i.k.p.i.AbstractProblemLoader Init config took 2.63s 
19291      INFO  main            d.u.i.k.p.i.AbstractProblemLoader Replaying proof ArrayList[ArrayList::ArrayList()].JML normal_behavior operation contract.0 
19294      DEBUG main            d.u.i.k.p.i.IntermediateProofReplayer Proof replay took 5.8ns 
20199      INFO  main            d.u.i.k.p.r.p.TestFile    ... finished proof: closed. 
20408      INFO  main            d.u.i.k.p.i.AbstractProblemLoader Loading environment from /home/runner/work/key/key/key.core/../key.ui/examples/heap/list_ghost/ArrayList_ArrayList.key.proof 
20410      DEBUG main            d.u.i.k.p.i.AbstractProblemLoader Environment load took 1.7ms 
20413      INFO  main            d.u.i.k.p.i.AbstractProblemLoader Creating init config 
23000      DEBUG main            d.u.i.k.p.i.AbstractProblemLoader Init config took 2.59s 
23049      INFO  main            d.u.i.k.p.i.AbstractProblemLoader Replaying proof ArrayList[ArrayList::ArrayList()].JML normal_behavior operation contract.0 
23210      DEBUG main            d.u.i.k.p.i.IntermediateProofReplayer Proof replay took 152.98ms 
23211      DEBUG main            d.u.i.k.p.r.p.TestFile    ... success: reloaded. 
23213      INFO  main            d.u.i.k.p.r.p.TestFile    Now processing file /home/runner/work/key/key/key.core/../key.ui/examples/heap/list_ghost/ArrayList_enlarge.key 
23213      INFO  main            d.u.i.k.p.i.AbstractProblemLoader Loading environment from /home/runner/work/key/key/key.core/../key.ui/examples/heap/list_ghost/ArrayList_enlarge.key 
23213      DEBUG main            d.u.i.k.p.i.AbstractProblemLoader Environment load took 230.01ns 
23215      INFO  main            d.u.i.k.p.i.AbstractProblemLoader Creating init config 
25748      DEBUG main            d.u.i.k.p.i.AbstractProblemLoader Init config took 2.53s 
25793      INFO  main            d.u.i.k.p.i.AbstractProblemLoader Replaying proof ArrayList[ArrayList::enlarge()].JML normal_behavior operation contract.0 
25795      DEBUG main            d.u.i.k.p.i.IntermediateProofReplayer Proof replay took 5.9ns 
27601      INFO  main            d.u.i.k.p.r.p.TestFile    ... finished proof: closed. 
27780      INFO  main            d.u.i.k.p.i.AbstractProblemLoader Loading environment from /home/runner/work/key/key/key.core/../key.ui/examples/heap/list_ghost/ArrayList_enlarge.key.proof 
27781      DEBUG main            d.u.i.k.p.i.AbstractProblemLoader Environment load took 227.51ns 
27782      INFO  main            d.u.i.k.p.i.AbstractProblemLoader Creating init config 
30329      DEBUG main            d.u.i.k.p.i.AbstractProblemLoader Init config took 2.55s 
30387      INFO  main            d.u.i.k.p.i.AbstractProblemLoader Replaying proof ArrayList[ArrayList::enlarge()].JML normal_behavior operation contract.0 
30785      DEBUG main            d.u.i.k.p.i.IntermediateProofReplayer Proof replay took 380.54ms 
30787      DEBUG main            d.u.i.k.p.r.p.TestFile    ... success: reloaded. 
30789      INFO  main            d.u.i.k.p.r.p.TestFile    Now processing file /home/runner/work/key/key/key.core/../key.ui/examples/heap/list_ghost/ArrayList_get_dep.key 
30789      INFO  main            d.u.i.k.p.i.AbstractProblemLoader Loading environment from /home/runner/work/key/key/key.core/../key.ui/examples/heap/list_ghost/ArrayList_get_dep.key 
30789      DEBUG main            d.u.i.k.p.i.AbstractProblemLoader Environment load took 98.5ns 
30790      INFO  main            d.u.i.k.p.i.AbstractProblemLoader Creating init config 
33287      DEBUG main            d.u.i.k.p.i.AbstractProblemLoader Init config took 2.5s 
33339      INFO  main            d.u.i.k.p.i.AbstractProblemLoader Replaying proof ArrayList[List::get(int)].JML accessible clause.0 
33341      DEBUG main            d.u.i.k.p.i.IntermediateProofReplayer Proof replay took 5.8ns 
33644      INFO  main            d.u.i.k.p.r.p.TestFile    ... finished proof: closed. 
33777      INFO  main            d.u.i.k.p.i.AbstractProblemLoader Loading environment from /home/runner/work/key/key/key.core/../key.ui/examples/heap/list_ghost/ArrayList_get_dep.key.proof 
33777      DEBUG main            d.u.i.k.p.i.AbstractProblemLoader Environment load took 116.5ns 
33779      INFO  main            d.u.i.k.p.i.AbstractProblemLoader Creating init config 
36289      DEBUG main            d.u.i.k.p.i.AbstractProblemLoader Init config took 2.51s 
36331      INFO  main            d.u.i.k.p.i.AbstractProblemLoader Replaying proof ArrayList[List::get(int)].JML accessible clause.0 
36390      DEBUG main            d.u.i.k.p.i.IntermediateProofReplayer Proof replay took 55.86ms 
36391      DEBUG main            d.u.i.k.p.r.p.TestFile    ... success: reloaded. 
36392      INFO  main            d.u.i.k.p.r.p.TestFile    Now processing file /home/runner/work/key/key/key.core/../key.ui/examples/heap/list_ghost/ArrayList_get_exceptional.key 
36392      INFO  main            d.u.i.k.p.i.AbstractProblemLoader Loading environment from /home/runner/work/key/key/key.core/../key.ui/examples/heap/list_ghost/ArrayList_get_exceptional.key 
36393      DEBUG main            d.u.i.k.p.i.AbstractProblemLoader Environment load took 98.2ns 
36393      INFO  main            d.u.i.k.p.i.AbstractProblemLoader Creating init config 
38899      DEBUG main            d.u.i.k.p.i.AbstractProblemLoader Init config took 2.51s 
38945      INFO  main            d.u.i.k.p.i.AbstractProblemLoader Replaying proof ArrayList[List::get(int)].JML exceptional_behavior operation contract.0 
38947      DEBUG main            d.u.i.k.p.i.IntermediateProofReplayer Proof replay took 6.1ns 
39651      INFO  main            d.u.i.k.p.r.p.TestFile    ... finished proof: closed. 
39803      INFO  main            d.u.i.k.p.i.AbstractProblemLoader Loading environment from /home/runner/work/key/key/key.core/../key.ui/examples/heap/list_ghost/ArrayList_get_exceptional.key.proof 
39804      DEBUG main            d.u.i.k.p.i.AbstractProblemLoader Environment load took 427.71ns 
39805      INFO  main            d.u.i.k.p.i.AbstractProblemLoader Creating init config 
42282      DEBUG main            d.u.i.k.p.i.AbstractProblemLoader Init config took 2.48s 
42336      INFO  main            d.u.i.k.p.i.AbstractProblemLoader Replaying proof ArrayList[List::get(int)].JML exceptional_behavior operation contract.0 
42497      DEBUG main            d.u.i.k.p.i.IntermediateProofReplayer Proof replay took 152.11ms 
42498      DEBUG main            d.u.i.k.p.r.p.TestFile    ... success: reloaded. 
42499      INFO  main            d.u.i.k.p.r.p.TestFile    Now processing file /home/runner/work/key/key/key.core/../key.ui/examples/heap/list_ghost/ArrayList_get_normal.key 
42500      INFO  main            d.u.i.k.p.i.AbstractProblemLoader Loading environment from /home/runner/work/key/key/key.core/../key.ui/examples/heap/list_ghost/ArrayList_get_normal.key 
42500      DEBUG main            d.u.i.k.p.i.AbstractProblemLoader Environment load took 488.51ns 
42501      INFO  main            d.u.i.k.p.i.AbstractProblemLoader Creating init config 
44954      DEBUG main            d.u.i.k.p.i.AbstractProblemLoader Init config took 2.45s 
44996      INFO  main            d.u.i.k.p.i.AbstractProblemLoader Replaying proof ArrayList[List::get(int)].JML normal_behavior operation contract.0 
44998      DEBUG main            d.u.i.k.p.i.IntermediateProofReplayer Proof replay took 6.2ns 
45306      INFO  main            d.u.i.k.p.r.p.TestFile    ... finished proof: closed. 
45457      INFO  main            d.u.i.k.p.i.AbstractProblemLoader Loading environment from /home/runner/work/key/key/key.core/../key.ui/examples/heap/list_ghost/ArrayList_get_normal.key.proof 
45458      DEBUG main            d.u.i.k.p.i.AbstractProblemLoader Environment load took 127.4ns 
45459      INFO  main            d.u.i.k.p.i.AbstractProblemLoader Creating init config 
47946      DEBUG main            d.u.i.k.p.i.AbstractProblemLoader Init config took 2.49s 
47986      INFO  main            d.u.i.k.p.i.AbstractProblemLoader Replaying proof ArrayList[List::get(int)].JML normal_behavior operation contract.0 
48032      DEBUG main            d.u.i.k.p.i.IntermediateProofReplayer Proof replay took 43.5ms 
48033      DEBUG main            d.u.i.k.p.r.p.TestFile    ... success: reloaded. 
48034      INFO  main            d.u.i.k.p.r.p.TestFile    Now processing file /home/runner/work/key/key/key.core/../key.ui/examples/heap/list_ghost/ArrayList_inv.key 
48034      INFO  main            d.u.i.k.p.i.AbstractProblemLoader Loading environment from /home/runner/work/key/key/key.core/../key.ui/examples/heap/list_ghost/ArrayList_inv.key 
48035      DEBUG main            d.u.i.k.p.i.AbstractProblemLoader Environment load took 92.4ns 
48035      INFO  main            d.u.i.k.p.i.AbstractProblemLoader Creating init config 
50496      DEBUG main            d.u.i.k.p.i.AbstractProblemLoader Init config took 2.46s 
50535      INFO  main            d.u.i.k.p.i.AbstractProblemLoader Replaying proof ArrayList[java.lang.Object::<inv>()].JML accessible clause.0 
50536      DEBUG main            d.u.i.k.p.i.IntermediateProofReplayer Proof replay took 5.5ns 
50638      INFO  main            d.u.i.k.p.r.p.TestFile    ... finished proof: closed. 
50791      INFO  main            d.u.i.k.p.i.AbstractProblemLoader Loading environment from /home/runner/work/key/key/key.core/../key.ui/examples/heap/list_ghost/ArrayList_inv.key.proof 
50791      DEBUG main            d.u.i.k.p.i.AbstractProblemLoader Environment load took 109.2ns 
50792      INFO  main            d.u.i.k.p.i.AbstractProblemLoader Creating init config 
53251      DEBUG main            d.u.i.k.p.i.AbstractProblemLoader Init config took 2.46s 
53290      INFO  main            d.u.i.k.p.i.AbstractProblemLoader Replaying proof ArrayList[java.lang.Object::<inv>()].JML accessible clause.0 
53301      DEBUG main            d.u.i.k.p.i.IntermediateProofReplayer Proof replay took 8.58ms 
53302      DEBUG main            d.u.i.k.p.r.p.TestFile    ... success: reloaded. 
53303      INFO  main            d.u.i.k.p.r.p.TestFile    Now processing file /home/runner/work/key/key/key.core/../key.ui/examples/heap/list_ghost/ArrayList_size_dep.key 
53303      INFO  main            d.u.i.k.p.i.AbstractProblemLoader Loading environment from /home/runner/work/key/key/key.core/../key.ui/examples/heap/list_ghost/ArrayList_size_dep.key 
53303      DEBUG main            d.u.i.k.p.i.AbstractProblemLoader Environment load took 197.81ns 
53304      INFO  main            d.u.i.k.p.i.AbstractProblemLoader Creating init config 
55692      DEBUG main            d.u.i.k.p.i.AbstractProblemLoader Init config took 2.39s 
55743      INFO  main            d.u.i.k.p.i.AbstractProblemLoader Replaying proof ArrayList[List::size()].JML accessible clause.0 
55744      DEBUG main            d.u.i.k.p.i.IntermediateProofReplayer Proof replay took 5.8ns 
55848      INFO  main            d.u.i.k.p.r.p.TestFile    ... finished proof: closed. 
56074      INFO  main            d.u.i.k.p.i.AbstractProblemLoader Loading environment from /home/runner/work/key/key/key.core/../key.ui/examples/heap/list_ghost/ArrayList_size_dep.key.proof 
56074      DEBUG main            d.u.i.k.p.i.AbstractProblemLoader Environment load took 115ns 
56075      INFO  main            d.u.i.k.p.i.AbstractProblemLoader Creating init config 
58495      DEBUG main            d.u.i.k.p.i.AbstractProblemLoader Init config took 2.42s 
58531      INFO  main            d.u.i.k.p.i.AbstractProblemLoader Replaying proof ArrayList[List::size()].JML accessible clause.0 
58544      DEBUG main            d.u.i.k.p.i.IntermediateProofReplayer Proof replay took 11.45ms 
58545      DEBUG main            d.u.i.k.p.r.p.TestFile    ... success: reloaded. 
58547      INFO  main            d.u.i.k.p.r.p.TestFile    Now processing file /home/runner/work/key/key/key.core/../key.ui/examples/heap/list_ghost/ArrayList_size.key 
58548      INFO  main            d.u.i.k.p.i.AbstractProblemLoader Loading environment from /home/runner/work/key/key/key.core/../key.ui/examples/heap/list_ghost/ArrayList_size.key 
58548      DEBUG main            d.u.i.k.p.i.AbstractProblemLoader Environment load took 204.41ns 
58549      INFO  main            d.u.i.k.p.i.AbstractProblemLoader Creating init config 
60977      DEBUG main            d.u.i.k.p.i.AbstractProblemLoader Init config took 2.43s 
61033      INFO  main            d.u.i.k.p.i.AbstractProblemLoader Replaying proof ArrayList[List::size()].JML normal_behavior operation contract.0 
61034      DEBUG main            d.u.i.k.p.i.IntermediateProofReplayer Proof replay took 6.1ns 
61136      INFO  main            d.u.i.k.p.r.p.TestFile    ... finished proof: closed. 
61298      INFO  main            d.u.i.k.p.i.AbstractProblemLoader Loading environment from /home/runner/work/key/key/key.core/../key.ui/examples/heap/list_ghost/ArrayList_size.key.proof 
61298      DEBUG main            d.u.i.k.p.i.AbstractProblemLoader Environment load took 109.7ns 
61299      INFO  main            d.u.i.k.p.i.AbstractProblemLoader Creating init config 
63703      DEBUG main            d.u.i.k.p.i.AbstractProblemLoader Init config took 2.4s 
63739      INFO  main            d.u.i.k.p.i.AbstractProblemLoader Replaying proof ArrayList[List::size()].JML normal_behavior operation contract.0 
63754      DEBUG main            d.u.i.k.p.i.IntermediateProofReplayer Proof replay took 12.61ms 
63755      DEBUG main            d.u.i.k.p.r.p.TestFile    ... success: reloaded. 
1137687    INFO  Test worker     d.u.i.k.p.r.p.StatisticsFile Returning from test list_ghost 
1137690    INFO  Test worker     d.u.i.k.p.r.p.StatisticsFile Running test list_recursive 
400        INFO  Timeout watchdog d.u.i.k.p.r.p.ForkedTestFileRunner Timeout watcher launched (2000 secs.) 
404        WARN  main            d.u.i.k.s.ProofSettings   The settings in /home/runner/.key/proof-settings.props are *not* read. 
460        INFO  main            d.u.i.k.p.r.p.TestFile    Now processing file /home/runner/work/key/key/key.core/../key.ui/examples/heap/list_recursiveSpec/ListOperationsNonNull_getNextNN_normal_behavior.key 
581        INFO  main            d.u.i.k.p.i.AbstractProblemLoader Loading environment from /home/runner/work/key/key/key.core/../key.ui/examples/heap/list_recursiveSpec/ListOperationsNonNull_getNextNN_normal_behavior.key 
597        DEBUG main            d.u.i.k.p.i.AbstractProblemLoader Environment load took 2.18ms 
799        INFO  main            d.u.i.k.p.i.AbstractProblemLoader Creating init config 
1714       DEBUG main            d.u.i.k.j.TypeConverter   No LDT found for Meta 
1716       DEBUG main            d.u.i.k.j.TypeConverter   No LDT found for Meta 
1719       DEBUG main            d.u.i.k.j.TypeConverter   No LDT found for Meta 
1719       DEBUG main            d.u.i.k.j.TypeConverter   No LDT found for Meta 
2897       DEBUG main            d.u.i.k.j.TypeConverter   No LDT found for JavaBigintExpression 
7956       DEBUG main            d.u.i.k.p.i.AbstractProblemLoader Init config took 7.16s 
8083       INFO  main            d.u.i.k.p.i.AbstractProblemLoader Replaying proof ListOperationsNonNull[ListOperationsNonNull::getNextNN(ListNN,int)].JML normal_behavior operation contract.0 
8113       DEBUG main            d.u.i.k.p.i.IntermediateProofReplayer Proof replay took 29.9ns 
9489       INFO  main            d.u.i.k.p.r.p.TestFile    ... finished proof: closed. 
9616       INFO  main            d.u.i.k.p.i.AbstractProblemLoader Loading environment from /home/runner/work/key/key/key.core/../key.ui/examples/heap/list_recursiveSpec/ListOperationsNonNull_getNextNN_normal_behavior.key.proof 
9619       DEBUG main            d.u.i.k.p.i.AbstractProblemLoader Environment load took 3.5ms 
9622       INFO  main            d.u.i.k.p.i.AbstractProblemLoader Creating init config 
12468      DEBUG main            d.u.i.k.p.i.AbstractProblemLoader Init config took 2.85s 
12543      INFO  main            d.u.i.k.p.i.AbstractProblemLoader Replaying proof ListOperationsNonNull[ListOperationsNonNull::getNextNN(ListNN,int)].JML normal_behavior operation contract.0 
12717      DEBUG main            d.u.i.k.p.i.IntermediateProofReplayer Proof replay took 165.18ms 
12725      DEBUG main            d.u.i.k.p.r.p.TestFile    ... success: reloaded. 
12730      INFO  main            d.u.i.k.p.r.p.TestFile    Now processing file /home/runner/work/key/key/key.core/../key.ui/examples/heap/list_recursiveSpec/ListOperationsNonNull_setValueAt_normal_behavior.key 
12731      INFO  main            d.u.i.k.p.i.AbstractProblemLoader Loading environment from /home/runner/work/key/key/key.core/../key.ui/examples/heap/list_recursiveSpec/ListOperationsNonNull_setValueAt_normal_behavior.key 
12731      DEBUG main            d.u.i.k.p.i.AbstractProblemLoader Environment load took 112.2ns 
12735      INFO  main            d.u.i.k.p.i.AbstractProblemLoader Creating init config 
15575      DEBUG main            d.u.i.k.p.i.AbstractProblemLoader Init config took 2.84s 
15649      INFO  main            d.u.i.k.p.i.AbstractProblemLoader Replaying proof ListOperationsNonNull[ListOperationsNonNull::setValueAt_NN(ListNN,int,int)].JML normal_behavior operation contract.0 
15655      DEBUG main            d.u.i.k.p.i.IntermediateProofReplayer Proof replay took 6.8ns 
15685      DEBUG main            d.u.i.k.m.s.ProofScriptEngine 1: 'macro autopilot' 
18235      DEBUG main            d.u.i.k.m.s.ProofScriptEngine 2: 'macro simp-upd' 
18243      DEBUG main            d.u.i.k.m.s.ProofScriptEngine 3: 'rule observerDependencyEQ' 
18293      DEBUG main            d.u.i.k.m.s.ProofScriptEngine 4: 'tryclose' 
18321      INFO  main            d.u.i.k.p.r.p.TestFile    ... finished proof: closed. 
18488      INFO  main            d.u.i.k.p.i.AbstractProblemLoader Loading environment from /home/runner/work/key/key/key.core/../key.ui/examples/heap/list_recursiveSpec/ListOperationsNonNull_setValueAt_normal_behavior.key.proof 
18488      DEBUG main            d.u.i.k.p.i.AbstractProblemLoader Environment load took 762.12ns 
18490      INFO  main            d.u.i.k.p.i.AbstractProblemLoader Creating init config 
21124      DEBUG main            d.u.i.k.p.i.AbstractProblemLoader Init config took 2.63s 
21178      INFO  main            d.u.i.k.p.i.AbstractProblemLoader Replaying proof ListOperationsNonNull[ListOperationsNonNull::setValueAt_NN(ListNN,int,int)].JML normal_behavior operation contract.0 
21304      DEBUG main            d.u.i.k.p.i.IntermediateProofReplayer Proof replay took 120.87ms 
21306      DEBUG main            d.u.i.k.p.r.p.TestFile    ... success: reloaded. 
1159176    INFO  Test worker     d.u.i.k.p.r.p.StatisticsFile Returning from test list_recursive 
1159178    INFO  Test worker     d.u.i.k.p.r.p.StatisticsFile Running test list_seq 
353        INFO  Timeout watchdog d.u.i.k.p.r.p.ForkedTestFileRunner Timeout watcher launched (2000 secs.) 
372        WARN  main            d.u.i.k.s.ProofSettings   The settings in /home/runner/.key/proof-settings.props are *not* read. 
413        INFO  main            d.u.i.k.p.r.p.TestFile    Now processing file /home/runner/work/key/key/key.core/../key.ui/examples/heap/list_seq/SimplifiedLinkedList.remove.key 
527        INFO  main            d.u.i.k.p.i.AbstractProblemLoader Loading environment from /home/runner/work/key/key/key.core/../key.ui/examples/heap/list_seq/SimplifiedLinkedList.remove.key 
549        DEBUG main            d.u.i.k.p.i.AbstractProblemLoader Environment load took 1.83ms 
757        INFO  main            d.u.i.k.p.i.AbstractProblemLoader Creating init config 
1596       DEBUG main            d.u.i.k.j.TypeConverter   No LDT found for Meta 
1597       DEBUG main            d.u.i.k.j.TypeConverter   No LDT found for Meta 
1599       DEBUG main            d.u.i.k.j.TypeConverter   No LDT found for Meta 
1599       DEBUG main            d.u.i.k.j.TypeConverter   No LDT found for Meta 
2936       DEBUG main            d.u.i.k.j.TypeConverter   No LDT found for JavaBigintExpression 
8082       DEBUG main            d.u.i.k.p.i.AbstractProblemLoader Init config took 7.33s 
8335       INFO  main            d.u.i.k.p.i.AbstractProblemLoader Replaying proof SimplifiedLinkedList[SimplifiedLinkedList::remove(int)].JML normal_behavior operation contract.0 
8401       DEBUG main            d.u.i.k.p.i.IntermediateProofReplayer Proof replay took 36.1ns 
87777      INFO  main            d.u.i.k.p.r.p.TestFile    ... finished proof: closed. 
88161      INFO  main            d.u.i.k.p.i.AbstractProblemLoader Loading environment from /home/runner/work/key/key/key.core/../key.ui/examples/heap/list_seq/SimplifiedLinkedList.remove.key.proof 
88161      DEBUG main            d.u.i.k.p.i.AbstractProblemLoader Environment load took 517.61ns 
88174      INFO  main            d.u.i.k.p.i.AbstractProblemLoader Creating init config 
91192      DEBUG main            d.u.i.k.p.i.AbstractProblemLoader Init config took 3.02s 
91309      INFO  main            d.u.i.k.p.i.AbstractProblemLoader Replaying proof SimplifiedLinkedList[SimplifiedLinkedList::remove(int)].JML normal_behavior operation contract.0 
95447      DEBUG main            d.u.i.k.p.i.IntermediateProofReplayer Proof replay took 3.88s 
95464      DEBUG main            d.u.i.k.p.r.p.TestFile    ... success: reloaded. 
95466      INFO  main            d.u.i.k.p.r.p.TestFile    Now processing file /home/runner/work/key/key/key.core/../key.ui/examples/heap/list_seq/ArrayList.ArrayList.key 
95466      INFO  main            d.u.i.k.p.i.AbstractProblemLoader Loading environment from /home/runner/work/key/key/key.core/../key.ui/examples/heap/list_seq/ArrayList.ArrayList.key 
95466      DEBUG main            d.u.i.k.p.i.AbstractProblemLoader Environment load took 94.6ns 
95467      INFO  main            d.u.i.k.p.i.AbstractProblemLoader Creating init config 
98442      DEBUG main            d.u.i.k.p.i.AbstractProblemLoader Init config took 2.97s 
98530      INFO  main            d.u.i.k.p.i.AbstractProblemLoader Replaying proof ArrayList[ArrayList::ArrayList()].JML normal_behavior operation contract.0 
98532      DEBUG main            d.u.i.k.p.i.IntermediateProofReplayer Proof replay took 4.7ns 
99336      INFO  main            d.u.i.k.p.r.p.TestFile    ... finished proof: closed. 
99511      INFO  main            d.u.i.k.p.i.AbstractProblemLoader Loading environment from /home/runner/work/key/key/key.core/../key.ui/examples/heap/list_seq/ArrayList.ArrayList.key.proof 
99512      DEBUG main            d.u.i.k.p.i.AbstractProblemLoader Environment load took 450.31ns 
99514      INFO  main            d.u.i.k.p.i.AbstractProblemLoader Creating init config 
102302     DEBUG main            d.u.i.k.p.i.AbstractProblemLoader Init config took 2.79s 
102384     INFO  main            d.u.i.k.p.i.AbstractProblemLoader Replaying proof ArrayList[ArrayList::ArrayList()].JML normal_behavior operation contract.0 
102544     DEBUG main            d.u.i.k.p.i.IntermediateProofReplayer Proof replay took 155.36ms 
102545     DEBUG main            d.u.i.k.p.r.p.TestFile    ... success: reloaded. 
102547     INFO  main            d.u.i.k.p.r.p.TestFile    Now processing file /home/runner/work/key/key/key.core/../key.ui/examples/heap/list_seq/ArrayList.add.key 
102547     INFO  main            d.u.i.k.p.i.AbstractProblemLoader Loading environment from /home/runner/work/key/key/key.core/../key.ui/examples/heap/list_seq/ArrayList.add.key 
102547     DEBUG main            d.u.i.k.p.i.AbstractProblemLoader Environment load took 234.41ns 
102548     INFO  main            d.u.i.k.p.i.AbstractProblemLoader Creating init config 
105428     DEBUG main            d.u.i.k.p.i.AbstractProblemLoader Init config took 2.88s 
105506     INFO  main            d.u.i.k.p.i.AbstractProblemLoader Replaying proof ArrayList[List::add(java.lang.Object)].JML normal_behavior operation contract.0 
105507     DEBUG main            d.u.i.k.p.i.IntermediateProofReplayer Proof replay took 4.6ns 
108852     INFO  main            d.u.i.k.p.r.p.TestFile    ... finished proof: closed. 
109030     INFO  main            d.u.i.k.p.i.AbstractProblemLoader Loading environment from /home/runner/work/key/key/key.core/../key.ui/examples/heap/list_seq/ArrayList.add.key.proof 
109030     DEBUG main            d.u.i.k.p.i.AbstractProblemLoader Environment load took 436.41ns 
109032     INFO  main            d.u.i.k.p.i.AbstractProblemLoader Creating init config 
111764     DEBUG main            d.u.i.k.p.i.AbstractProblemLoader Init config took 2.73s 
111841     INFO  main            d.u.i.k.p.i.AbstractProblemLoader Replaying proof ArrayList[List::add(java.lang.Object)].JML normal_behavior operation contract.0 
112271     DEBUG main            d.u.i.k.p.i.IntermediateProofReplayer Proof replay took 418.13ms 
112273     DEBUG main            d.u.i.k.p.r.p.TestFile    ... success: reloaded. 
112274     INFO  main            d.u.i.k.p.r.p.TestFile    Now processing file /home/runner/work/key/key/key.core/../key.ui/examples/heap/list_seq/ArrayList.contains.key 
112274     INFO  main            d.u.i.k.p.i.AbstractProblemLoader Loading environment from /home/runner/work/key/key/key.core/../key.ui/examples/heap/list_seq/ArrayList.contains.key 
112275     DEBUG main            d.u.i.k.p.i.AbstractProblemLoader Environment load took 223.71ns 
112276     INFO  main            d.u.i.k.p.i.AbstractProblemLoader Creating init config 
115027     DEBUG main            d.u.i.k.p.i.AbstractProblemLoader Init config took 2.75s 
115103     INFO  main            d.u.i.k.p.i.AbstractProblemLoader Replaying proof ArrayList[List::contains(java.lang.Object)].JML normal_behavior operation contract.0 
115104     DEBUG main            d.u.i.k.p.i.IntermediateProofReplayer Proof replay took 4.9ns 
116611     INFO  main            d.u.i.k.p.r.p.TestFile    ... finished proof: closed. 
116805     INFO  main            d.u.i.k.p.i.AbstractProblemLoader Loading environment from /home/runner/work/key/key/key.core/../key.ui/examples/heap/list_seq/ArrayList.contains.key.proof 
116805     DEBUG main            d.u.i.k.p.i.AbstractProblemLoader Environment load took 452.11ns 
116807     INFO  main            d.u.i.k.p.i.AbstractProblemLoader Creating init config 
119519     DEBUG main            d.u.i.k.p.i.AbstractProblemLoader Init config took 2.71s 
119595     INFO  main            d.u.i.k.p.i.AbstractProblemLoader Replaying proof ArrayList[List::contains(java.lang.Object)].JML normal_behavior operation contract.0 
119829     DEBUG main            d.u.i.k.p.i.IntermediateProofReplayer Proof replay took 227.46ms 
119831     DEBUG main            d.u.i.k.p.r.p.TestFile    ... success: reloaded. 
119832     INFO  main            d.u.i.k.p.r.p.TestFile    Now processing file /home/runner/work/key/key/key.core/../key.ui/examples/heap/list_seq/ArrayList.enlarge.key 
119832     INFO  main            d.u.i.k.p.i.AbstractProblemLoader Loading environment from /home/runner/work/key/key/key.core/../key.ui/examples/heap/list_seq/ArrayList.enlarge.key 
119832     DEBUG main            d.u.i.k.p.i.AbstractProblemLoader Environment load took 175.9ns 
119833     INFO  main            d.u.i.k.p.i.AbstractProblemLoader Creating init config 
122616     DEBUG main            d.u.i.k.p.i.AbstractProblemLoader Init config took 2.78s 
122691     INFO  main            d.u.i.k.p.i.AbstractProblemLoader Replaying proof ArrayList[ArrayList::enlarge()].JML normal_behavior operation contract.0 
122692     DEBUG main            d.u.i.k.p.i.IntermediateProofReplayer Proof replay took 5.7ns 
124718     INFO  main            d.u.i.k.p.r.p.TestFile    ... finished proof: closed. 
124912     INFO  main            d.u.i.k.p.i.AbstractProblemLoader Loading environment from /home/runner/work/key/key/key.core/../key.ui/examples/heap/list_seq/ArrayList.enlarge.key.proof 
124912     DEBUG main            d.u.i.k.p.i.AbstractProblemLoader Environment load took 413.11ns 
124914     INFO  main            d.u.i.k.p.i.AbstractProblemLoader Creating init config 
127640     DEBUG main            d.u.i.k.p.i.AbstractProblemLoader Init config took 2.73s 
127715     INFO  main            d.u.i.k.p.i.AbstractProblemLoader Replaying proof ArrayList[ArrayList::enlarge()].JML normal_behavior operation contract.0 
128054     DEBUG main            d.u.i.k.p.i.IntermediateProofReplayer Proof replay took 330.27ms 
128055     DEBUG main            d.u.i.k.p.r.p.TestFile    ... success: reloaded. 
128056     INFO  main            d.u.i.k.p.r.p.TestFile    Now processing file /home/runner/work/key/key/key.core/../key.ui/examples/heap/list_seq/ArrayList.get.key 
128056     INFO  main            d.u.i.k.p.i.AbstractProblemLoader Loading environment from /home/runner/work/key/key/key.core/../key.ui/examples/heap/list_seq/ArrayList.get.key 
128056     DEBUG main            d.u.i.k.p.i.AbstractProblemLoader Environment load took 91.7ns 
128057     INFO  main            d.u.i.k.p.i.AbstractProblemLoader Creating init config 
130773     DEBUG main            d.u.i.k.p.i.AbstractProblemLoader Init config took 2.72s 
130845     INFO  main            d.u.i.k.p.i.AbstractProblemLoader Replaying proof ArrayList[List::get(int)].JML normal_behavior operation contract.0 
130846     DEBUG main            d.u.i.k.p.i.IntermediateProofReplayer Proof replay took 5.2ns 
131355     INFO  main            d.u.i.k.p.r.p.TestFile    ... finished proof: closed. 
131525     INFO  main            d.u.i.k.p.i.AbstractProblemLoader Loading environment from /home/runner/work/key/key/key.core/../key.ui/examples/heap/list_seq/ArrayList.get.key.proof 
131526     DEBUG main            d.u.i.k.p.i.AbstractProblemLoader Environment load took 458.01ns 
131527     INFO  main            d.u.i.k.p.i.AbstractProblemLoader Creating init config 
134216     DEBUG main            d.u.i.k.p.i.AbstractProblemLoader Init config took 2.69s 
134288     INFO  main            d.u.i.k.p.i.AbstractProblemLoader Replaying proof ArrayList[List::get(int)].JML normal_behavior operation contract.0 
134365     DEBUG main            d.u.i.k.p.i.IntermediateProofReplayer Proof replay took 73.64ms 
134366     DEBUG main            d.u.i.k.p.r.p.TestFile    ... success: reloaded. 
134367     INFO  main            d.u.i.k.p.r.p.TestFile    Now processing file /home/runner/work/key/key/key.core/../key.ui/examples/heap/list_seq/ArrayList.newArray.key 
134368     INFO  main            d.u.i.k.p.i.AbstractProblemLoader Loading environment from /home/runner/work/key/key/key.core/../key.ui/examples/heap/list_seq/ArrayList.newArray.key 
134368     DEBUG main            d.u.i.k.p.i.AbstractProblemLoader Environment load took 92.7ns 
134368     INFO  main            d.u.i.k.p.i.AbstractProblemLoader Creating init config 
137038     DEBUG main            d.u.i.k.p.i.AbstractProblemLoader Init config took 2.67s 
137109     INFO  main            d.u.i.k.p.i.AbstractProblemLoader Replaying proof ArrayList[ArrayList::newArray(int)].JML normal_behavior operation contract.0 
137110     DEBUG main            d.u.i.k.p.i.IntermediateProofReplayer Proof replay took 5.6ns 
137412     INFO  main            d.u.i.k.p.r.p.TestFile    ... finished proof: closed. 
137593     INFO  main            d.u.i.k.p.i.AbstractProblemLoader Loading environment from /home/runner/work/key/key/key.core/../key.ui/examples/heap/list_seq/ArrayList.newArray.key.proof 
137593     DEBUG main            d.u.i.k.p.i.AbstractProblemLoader Environment load took 115.3ns 
137594     INFO  main            d.u.i.k.p.i.AbstractProblemLoader Creating init config 
140247     DEBUG main            d.u.i.k.p.i.AbstractProblemLoader Init config took 2.65s 
140320     INFO  main            d.u.i.k.p.i.AbstractProblemLoader Replaying proof ArrayList[ArrayList::newArray(int)].JML normal_behavior operation contract.0 
140370     DEBUG main            d.u.i.k.p.i.IntermediateProofReplayer Proof replay took 47.35ms 
140371     DEBUG main            d.u.i.k.p.r.p.TestFile    ... success: reloaded. 
140372     INFO  main            d.u.i.k.p.r.p.TestFile    Now processing file /home/runner/work/key/key/key.core/../key.ui/examples/heap/list_seq/ArrayList.remove.0.key 
140372     INFO  main            d.u.i.k.p.i.AbstractProblemLoader Loading environment from /home/runner/work/key/key/key.core/../key.ui/examples/heap/list_seq/ArrayList.remove.0.key 
140372     DEBUG main            d.u.i.k.p.i.AbstractProblemLoader Environment load took 90.5ns 
140373     INFO  main            d.u.i.k.p.i.AbstractProblemLoader Creating init config 
143080     DEBUG main            d.u.i.k.p.i.AbstractProblemLoader Init config took 2.71s 
143167     INFO  main            d.u.i.k.p.i.AbstractProblemLoader Replaying proof ArrayList[List::remove(java.lang.Object)].JML normal_behavior operation contract.0 
143169     DEBUG main            d.u.i.k.p.i.IntermediateProofReplayer Proof replay took 5.8ns 
145074     INFO  main            d.u.i.k.p.r.p.TestFile    ... finished proof: closed. 
145275     INFO  main            d.u.i.k.p.i.AbstractProblemLoader Loading environment from /home/runner/work/key/key/key.core/../key.ui/examples/heap/list_seq/ArrayList.remove.0.key.proof 
145275     DEBUG main            d.u.i.k.p.i.AbstractProblemLoader Environment load took 123.6ns 
145276     INFO  main            d.u.i.k.p.i.AbstractProblemLoader Creating init config 
147896     DEBUG main            d.u.i.k.p.i.AbstractProblemLoader Init config took 2.62s 
147966     INFO  main            d.u.i.k.p.i.AbstractProblemLoader Replaying proof ArrayList[List::remove(java.lang.Object)].JML normal_behavior operation contract.0 
148450     DEBUG main            d.u.i.k.p.i.IntermediateProofReplayer Proof replay took 476.55ms 
148452     DEBUG main            d.u.i.k.p.r.p.TestFile    ... success: reloaded. 
148452     INFO  main            d.u.i.k.p.r.p.TestFile    Now processing file /home/runner/work/key/key/key.core/../key.ui/examples/heap/list_seq/ArrayList.remove.1.key 
148453     INFO  main            d.u.i.k.p.i.AbstractProblemLoader Loading environment from /home/runner/work/key/key/key.core/../key.ui/examples/heap/list_seq/ArrayList.remove.1.key 
148453     DEBUG main            d.u.i.k.p.i.AbstractProblemLoader Environment load took 93.6ns 
148454     INFO  main            d.u.i.k.p.i.AbstractProblemLoader Creating init config 
151184     DEBUG main            d.u.i.k.p.i.AbstractProblemLoader Init config took 2.73s 
151270     INFO  main            d.u.i.k.p.i.AbstractProblemLoader Replaying proof ArrayList[List::remove(java.lang.Object)].JML normal_behavior operation contract.1 
151272     DEBUG main            d.u.i.k.p.i.IntermediateProofReplayer Proof replay took 5ns 
162528     INFO  main            d.u.i.k.p.r.p.TestFile    ... finished proof: closed. 
162771     INFO  main            d.u.i.k.p.i.AbstractProblemLoader Loading environment from /home/runner/work/key/key/key.core/../key.ui/examples/heap/list_seq/ArrayList.remove.1.key.proof 
162772     DEBUG main            d.u.i.k.p.i.AbstractProblemLoader Environment load took 431.71ns 
162774     INFO  main            d.u.i.k.p.i.AbstractProblemLoader Creating init config 
165370     DEBUG main            d.u.i.k.p.i.AbstractProblemLoader Init config took 2.6s 
165451     INFO  main            d.u.i.k.p.i.AbstractProblemLoader Replaying proof ArrayList[List::remove(java.lang.Object)].JML normal_behavior operation contract.1 
166798     DEBUG main            d.u.i.k.p.i.IntermediateProofReplayer Proof replay took 1.31s 
166800     DEBUG main            d.u.i.k.p.r.p.TestFile    ... success: reloaded. 
1326141    INFO  Test worker     d.u.i.k.p.r.p.StatisticsFile Returning from test list_seq 
1326143    INFO  Test worker     d.u.i.k.p.r.p.StatisticsFile Running test observer 
346        INFO  Timeout watchdog d.u.i.k.p.r.p.ForkedTestFileRunner Timeout watcher launched (2000 secs.) 
358        WARN  main            d.u.i.k.s.ProofSettings   The settings in /home/runner/.key/proof-settings.props are *not* read. 
408        INFO  main            d.u.i.k.p.r.p.TestFile    Now processing file /home/runner/work/key/key/key.core/../key.ui/examples/heap/observer/ExampleObserver_ExampleObserver.key 
552        INFO  main            d.u.i.k.p.i.AbstractProblemLoader Loading environment from /home/runner/work/key/key/key.core/../key.ui/examples/heap/observer/ExampleObserver_ExampleObserver.key 
567        DEBUG main            d.u.i.k.p.i.AbstractProblemLoader Environment load took 1.84ms 
768        INFO  main            d.u.i.k.p.i.AbstractProblemLoader Creating init config 
1649       DEBUG main            d.u.i.k.j.TypeConverter   No LDT found for Meta 
1651       DEBUG main            d.u.i.k.j.TypeConverter   No LDT found for Meta 
1654       DEBUG main            d.u.i.k.j.TypeConverter   No LDT found for Meta 
1654       DEBUG main            d.u.i.k.j.TypeConverter   No LDT found for Meta 
3028       DEBUG main            d.u.i.k.j.TypeConverter   No LDT found for JavaBigintExpression 
7969       DEBUG main            d.u.i.k.p.i.AbstractProblemLoader Init config took 7.2s 
8166       INFO  main            d.u.i.k.p.i.AbstractProblemLoader Replaying proof ExampleObserver[ExampleObserver::ExampleObserver(ExampleSubject)].JML normal_behavior operation contract.0 
8200       DEBUG main            d.u.i.k.p.i.IntermediateProofReplayer Proof replay took 30.9ns 
9226       INFO  main            d.u.i.k.p.r.p.TestFile    ... finished proof: closed. 
9338       INFO  main            d.u.i.k.p.i.AbstractProblemLoader Loading environment from /home/runner/work/key/key/key.core/../key.ui/examples/heap/observer/ExampleObserver_ExampleObserver.key.proof 
9339       DEBUG main            d.u.i.k.p.i.AbstractProblemLoader Environment load took 448.91ns 
9341       INFO  main            d.u.i.k.p.i.AbstractProblemLoader Creating init config 
12189      DEBUG main            d.u.i.k.p.i.AbstractProblemLoader Init config took 2.85s 
12273      INFO  main            d.u.i.k.p.i.AbstractProblemLoader Replaying proof ExampleObserver[ExampleObserver::ExampleObserver(ExampleSubject)].JML normal_behavior operation contract.0 
12379      DEBUG main            d.u.i.k.p.i.IntermediateProofReplayer Proof replay took 97.56ms 
12386      DEBUG main            d.u.i.k.p.r.p.TestFile    ... success: reloaded. 
12388      INFO  main            d.u.i.k.p.r.p.TestFile    Now processing file /home/runner/work/key/key/key.core/../key.ui/examples/heap/observer/ExampleObserver_inv.key 
12388      INFO  main            d.u.i.k.p.i.AbstractProblemLoader Loading environment from /home/runner/work/key/key/key.core/../key.ui/examples/heap/observer/ExampleObserver_inv.key 
12388      DEBUG main            d.u.i.k.p.i.AbstractProblemLoader Environment load took 262.31ns 
12390      INFO  main            d.u.i.k.p.i.AbstractProblemLoader Creating init config 
15102      DEBUG main            d.u.i.k.p.i.AbstractProblemLoader Init config took 2.71s 
15168      INFO  main            d.u.i.k.p.i.AbstractProblemLoader Replaying proof ExampleObserver[java.lang.Object::<inv>()].JML accessible clause.0 
15171      DEBUG main            d.u.i.k.p.i.IntermediateProofReplayer Proof replay took 5.5ns 
15273      INFO  main            d.u.i.k.p.r.p.TestFile    ... finished proof: closed. 
15406      INFO  main            d.u.i.k.p.i.AbstractProblemLoader Loading environment from /home/runner/work/key/key/key.core/../key.ui/examples/heap/observer/ExampleObserver_inv.key.proof 
15406      DEBUG main            d.u.i.k.p.i.AbstractProblemLoader Environment load took 474.91ns 
15408      INFO  main            d.u.i.k.p.i.AbstractProblemLoader Creating init config 
18044      DEBUG main            d.u.i.k.p.i.AbstractProblemLoader Init config took 2.64s 
18097      INFO  main            d.u.i.k.p.i.AbstractProblemLoader Replaying proof ExampleObserver[java.lang.Object::<inv>()].JML accessible clause.0 
18113      DEBUG main            d.u.i.k.p.i.IntermediateProofReplayer Proof replay took 13.8ms 
18114      DEBUG main            d.u.i.k.p.r.p.TestFile    ... success: reloaded. 
18116      INFO  main            d.u.i.k.p.r.p.TestFile    Now processing file /home/runner/work/key/key/key.core/../key.ui/examples/heap/observer/ExampleObserver_subject.key 
18116      INFO  main            d.u.i.k.p.i.AbstractProblemLoader Loading environment from /home/runner/work/key/key/key.core/../key.ui/examples/heap/observer/ExampleObserver_subject.key 
18116      DEBUG main            d.u.i.k.p.i.AbstractProblemLoader Environment load took 235.31ns 
18118      INFO  main            d.u.i.k.p.i.AbstractProblemLoader Creating init config 
20734      DEBUG main            d.u.i.k.p.i.AbstractProblemLoader Init config took 2.62s 
20782      INFO  main            d.u.i.k.p.i.AbstractProblemLoader Replaying proof Observer[Observer::$subject()].JML accessible clause.0 
20785      DEBUG main            d.u.i.k.p.i.IntermediateProofReplayer Proof replay took 5.8ns 
20890      INFO  main            d.u.i.k.p.r.p.TestFile    ... finished proof: closed. 
21025      INFO  main            d.u.i.k.p.i.AbstractProblemLoader Loading environment from /home/runner/work/key/key/key.core/../key.ui/examples/heap/observer/ExampleObserver_subject.key.proof 
21025      DEBUG main            d.u.i.k.p.i.AbstractProblemLoader Environment load took 109.7ns 
21026      INFO  main            d.u.i.k.p.i.AbstractProblemLoader Creating init config 
23617      DEBUG main            d.u.i.k.p.i.AbstractProblemLoader Init config took 2.59s 
23664      INFO  main            d.u.i.k.p.i.AbstractProblemLoader Replaying proof Observer[Observer::$subject()].JML accessible clause.0 
23667      DEBUG main            d.u.i.k.p.i.IntermediateProofReplayer Proof replay took 1.73ms 
23668      DEBUG main            d.u.i.k.p.r.p.TestFile    ... success: reloaded. 
23669      INFO  main            d.u.i.k.p.r.p.TestFile    Now processing file /home/runner/work/key/key/key.core/../key.ui/examples/heap/observer/ExampleObserver_update.key 
23670      INFO  main            d.u.i.k.p.i.AbstractProblemLoader Loading environment from /home/runner/work/key/key/key.core/../key.ui/examples/heap/observer/ExampleObserver_update.key 
23670      DEBUG main            d.u.i.k.p.i.AbstractProblemLoader Environment load took 211.61ns 
23671      INFO  main            d.u.i.k.p.i.AbstractProblemLoader Creating init config 
26302      DEBUG main            d.u.i.k.p.i.AbstractProblemLoader Init config took 2.63s 
26351      INFO  main            d.u.i.k.p.i.AbstractProblemLoader Replaying proof ExampleObserver[Observer::update()].JML normal_behavior operation contract.0 
26353      DEBUG main            d.u.i.k.p.i.IntermediateProofReplayer Proof replay took 5.7ns 
26658      INFO  main            d.u.i.k.p.r.p.TestFile    ... finished proof: closed. 
26814      INFO  main            d.u.i.k.p.i.AbstractProblemLoader Loading environment from /home/runner/work/key/key/key.core/../key.ui/examples/heap/observer/ExampleObserver_update.key.proof 
26815      DEBUG main            d.u.i.k.p.i.AbstractProblemLoader Environment load took 449.71ns 
26816      INFO  main            d.u.i.k.p.i.AbstractProblemLoader Creating init config 
29389      DEBUG main            d.u.i.k.p.i.AbstractProblemLoader Init config took 2.57s 
29435      INFO  main            d.u.i.k.p.i.AbstractProblemLoader Replaying proof ExampleObserver[Observer::update()].JML normal_behavior operation contract.0 
29517      DEBUG main            d.u.i.k.p.i.IntermediateProofReplayer Proof replay took 75ms 
29518      DEBUG main            d.u.i.k.p.r.p.TestFile    ... success: reloaded. 
29520      INFO  main            d.u.i.k.p.r.p.TestFile    Now processing file /home/runner/work/key/key/key.core/../key.ui/examples/heap/observer/ExampleObserver_upToDate.key 
29520      INFO  main            d.u.i.k.p.i.AbstractProblemLoader Loading environment from /home/runner/work/key/key/key.core/../key.ui/examples/heap/observer/ExampleObserver_upToDate.key 
29521      DEBUG main            d.u.i.k.p.i.AbstractProblemLoader Environment load took 222.51ns 
29522      INFO  main            d.u.i.k.p.i.AbstractProblemLoader Creating init config 
32156      DEBUG main            d.u.i.k.p.i.AbstractProblemLoader Init config took 2.63s 
32203      INFO  main            d.u.i.k.p.i.AbstractProblemLoader Replaying proof ExampleObserver[Observer::$upToDate()].JML accessible clause.0 
32205      DEBUG main            d.u.i.k.p.i.IntermediateProofReplayer Proof replay took 5.5ns 
32308      INFO  main            d.u.i.k.p.r.p.TestFile    ... finished proof: closed. 
32463      INFO  main            d.u.i.k.p.i.AbstractProblemLoader Loading environment from /home/runner/work/key/key/key.core/../key.ui/examples/heap/observer/ExampleObserver_upToDate.key.proof 
32463      DEBUG main            d.u.i.k.p.i.AbstractProblemLoader Environment load took 113.1ns 
32467      INFO  main            d.u.i.k.p.i.AbstractProblemLoader Creating init config 
34992      DEBUG main            d.u.i.k.p.i.AbstractProblemLoader Init config took 2.53s 
35038      INFO  main            d.u.i.k.p.i.AbstractProblemLoader Replaying proof ExampleObserver[Observer::$upToDate()].JML accessible clause.0 
35058      DEBUG main            d.u.i.k.p.i.IntermediateProofReplayer Proof replay took 17.29ms 
35059      DEBUG main            d.u.i.k.p.r.p.TestFile    ... success: reloaded. 
35060      INFO  main            d.u.i.k.p.r.p.TestFile    Now processing file /home/runner/work/key/key/key.core/../key.ui/examples/heap/observer/ExampleObserver_value.key 
35060      INFO  main            d.u.i.k.p.i.AbstractProblemLoader Loading environment from /home/runner/work/key/key/key.core/../key.ui/examples/heap/observer/ExampleObserver_value.key 
35061      DEBUG main            d.u.i.k.p.i.AbstractProblemLoader Environment load took 91.7ns 
35062      INFO  main            d.u.i.k.p.i.AbstractProblemLoader Creating init config 
37649      DEBUG main            d.u.i.k.p.i.AbstractProblemLoader Init config took 2.59s 
37694      INFO  main            d.u.i.k.p.i.AbstractProblemLoader Replaying proof ExampleObserver[ExampleObserver::value()].JML normal_behavior operation contract.0 
37696      DEBUG main            d.u.i.k.p.i.IntermediateProofReplayer Proof replay took 6.2ns 
37799      INFO  main            d.u.i.k.p.r.p.TestFile    ... finished proof: closed. 
37989      INFO  main            d.u.i.k.p.i.AbstractProblemLoader Loading environment from /home/runner/work/key/key/key.core/../key.ui/examples/heap/observer/ExampleObserver_value.key.proof 
37989      DEBUG main            d.u.i.k.p.i.AbstractProblemLoader Environment load took 119.4ns 
37990      INFO  main            d.u.i.k.p.i.AbstractProblemLoader Creating init config 
40506      DEBUG main            d.u.i.k.p.i.AbstractProblemLoader Init config took 2.52s 
40554      INFO  main            d.u.i.k.p.i.AbstractProblemLoader Replaying proof ExampleObserver[ExampleObserver::value()].JML normal_behavior operation contract.0 
40572      DEBUG main            d.u.i.k.p.i.IntermediateProofReplayer Proof replay took 16.41ms 
40573      DEBUG main            d.u.i.k.p.r.p.TestFile    ... success: reloaded. 
40575      INFO  main            d.u.i.k.p.r.p.TestFile    Now processing file /home/runner/work/key/key/key.core/../key.ui/examples/heap/observer/ExampleSubject_addObserver.key 
40575      INFO  main            d.u.i.k.p.i.AbstractProblemLoader Loading environment from /home/runner/work/key/key/key.core/../key.ui/examples/heap/observer/ExampleSubject_addObserver.key 
40575      DEBUG main            d.u.i.k.p.i.AbstractProblemLoader Environment load took 211.11ns 
40576      INFO  main            d.u.i.k.p.i.AbstractProblemLoader Creating init config 
43108      DEBUG main            d.u.i.k.p.i.AbstractProblemLoader Init config took 2.53s 
43159      INFO  main            d.u.i.k.p.i.AbstractProblemLoader Replaying proof ExampleSubject[Subject::addObserver(Observer)].JML normal_behavior operation contract.0 
43160      DEBUG main            d.u.i.k.p.i.IntermediateProofReplayer Proof replay took 6.4ns 
48303      INFO  main            d.u.i.k.p.r.p.TestFile    ... finished proof: closed. 
48573      INFO  main            d.u.i.k.p.i.AbstractProblemLoader Loading environment from /home/runner/work/key/key/key.core/../key.ui/examples/heap/observer/ExampleSubject_addObserver.key.proof 
48578      DEBUG main            d.u.i.k.p.i.AbstractProblemLoader Environment load took 4.92ms 
48581      INFO  main            d.u.i.k.p.i.AbstractProblemLoader Creating init config 
51071      DEBUG main            d.u.i.k.p.i.AbstractProblemLoader Init config took 2.49s 
51140      INFO  main            d.u.i.k.p.i.AbstractProblemLoader Replaying proof ExampleSubject[Subject::addObserver(Observer)].JML normal_behavior operation contract.0 
51864      DEBUG main            d.u.i.k.p.i.IntermediateProofReplayer Proof replay took 695.73ms 
51865      DEBUG main            d.u.i.k.p.r.p.TestFile    ... success: reloaded. 
51867      INFO  main            d.u.i.k.p.r.p.TestFile    Now processing file /home/runner/work/key/key/key.core/../key.ui/examples/heap/observer/ExampleSubject_change.key 
51867      INFO  main            d.u.i.k.p.i.AbstractProblemLoader Loading environment from /home/runner/work/key/key/key.core/../key.ui/examples/heap/observer/ExampleSubject_change.key 
51867      DEBUG main            d.u.i.k.p.i.AbstractProblemLoader Environment load took 145.6ns 
51868      INFO  main            d.u.i.k.p.i.AbstractProblemLoader Creating init config 
54417      DEBUG main            d.u.i.k.p.i.AbstractProblemLoader Init config took 2.55s 
54464      INFO  main            d.u.i.k.p.i.AbstractProblemLoader Replaying proof ExampleSubject[ExampleSubject::change()].JML normal_behavior operation contract.0 
54466      DEBUG main            d.u.i.k.p.i.IntermediateProofReplayer Proof replay took 6.1ns 
54975      INFO  main            d.u.i.k.p.r.p.TestFile    ... finished proof: closed. 
55134      INFO  main            d.u.i.k.p.i.AbstractProblemLoader Loading environment from /home/runner/work/key/key/key.core/../key.ui/examples/heap/observer/ExampleSubject_change.key.proof 
55134      DEBUG main            d.u.i.k.p.i.AbstractProblemLoader Environment load took 419.41ns 
55136      INFO  main            d.u.i.k.p.i.AbstractProblemLoader Creating init config 
57630      DEBUG main            d.u.i.k.p.i.AbstractProblemLoader Init config took 2.49s 
57675      INFO  main            d.u.i.k.p.i.AbstractProblemLoader Replaying proof ExampleSubject[ExampleSubject::change()].JML normal_behavior operation contract.0 
57766      DEBUG main            d.u.i.k.p.i.IntermediateProofReplayer Proof replay took 86.51ms 
57767      DEBUG main            d.u.i.k.p.r.p.TestFile    ... success: reloaded. 
57769      INFO  main            d.u.i.k.p.r.p.TestFile    Now processing file /home/runner/work/key/key/key.core/../key.ui/examples/heap/observer/ExampleSubject_ExampleSubject.key 
57769      INFO  main            d.u.i.k.p.i.AbstractProblemLoader Loading environment from /home/runner/work/key/key/key.core/../key.ui/examples/heap/observer/ExampleSubject_ExampleSubject.key 
57769      DEBUG main            d.u.i.k.p.i.AbstractProblemLoader Environment load took 241.71ns 
57770      INFO  main            d.u.i.k.p.i.AbstractProblemLoader Creating init config 
60333      DEBUG main            d.u.i.k.p.i.AbstractProblemLoader Init config took 2.56s 
60377      INFO  main            d.u.i.k.p.i.AbstractProblemLoader Replaying proof ExampleSubject[ExampleSubject::ExampleSubject()].JML normal_behavior operation contract.0 
60379      DEBUG main            d.u.i.k.p.i.IntermediateProofReplayer Proof replay took 6.2ns 
61384      INFO  main            d.u.i.k.p.r.p.TestFile    ... finished proof: closed. 
61572      INFO  main            d.u.i.k.p.i.AbstractProblemLoader Loading environment from /home/runner/work/key/key/key.core/../key.ui/examples/heap/observer/ExampleSubject_ExampleSubject.key.proof 
61573      DEBUG main            d.u.i.k.p.i.AbstractProblemLoader Environment load took 117.1ns 
61574      INFO  main            d.u.i.k.p.i.AbstractProblemLoader Creating init config 
64082      DEBUG main            d.u.i.k.p.i.AbstractProblemLoader Init config took 2.51s 
64126      INFO  main            d.u.i.k.p.i.AbstractProblemLoader Replaying proof ExampleSubject[ExampleSubject::ExampleSubject()].JML normal_behavior operation contract.0 
64300      DEBUG main            d.u.i.k.p.i.IntermediateProofReplayer Proof replay took 165.08ms 
64301      DEBUG main            d.u.i.k.p.r.p.TestFile    ... success: reloaded. 
64302      INFO  main            d.u.i.k.p.r.p.TestFile    Now processing file /home/runner/work/key/key/key.core/../key.ui/examples/heap/observer/ExampleSubject_footprint.key 
64303      INFO  main            d.u.i.k.p.i.AbstractProblemLoader Loading environment from /home/runner/work/key/key/key.core/../key.ui/examples/heap/observer/ExampleSubject_footprint.key 
64303      DEBUG main            d.u.i.k.p.i.AbstractProblemLoader Environment load took 241.11ns 
64304      INFO  main            d.u.i.k.p.i.AbstractProblemLoader Creating init config 
66814      DEBUG main            d.u.i.k.p.i.AbstractProblemLoader Init config took 2.51s 
66857      INFO  main            d.u.i.k.p.i.AbstractProblemLoader Replaying proof ExampleSubject[Subject::$footprint()].JML accessible clause.0 
66858      DEBUG main            d.u.i.k.p.i.IntermediateProofReplayer Proof replay took 5.2ns 
66963      INFO  main            d.u.i.k.p.r.p.TestFile    ... finished proof: closed. 
67144      INFO  main            d.u.i.k.p.i.AbstractProblemLoader Loading environment from /home/runner/work/key/key/key.core/../key.ui/examples/heap/observer/ExampleSubject_footprint.key.proof 
67144      DEBUG main            d.u.i.k.p.i.AbstractProblemLoader Environment load took 109.8ns 
67145      INFO  main            d.u.i.k.p.i.AbstractProblemLoader Creating init config 
69600      DEBUG main            d.u.i.k.p.i.AbstractProblemLoader Init config took 2.46s 
69643      INFO  main            d.u.i.k.p.i.AbstractProblemLoader Replaying proof ExampleSubject[Subject::$footprint()].JML accessible clause.0 
69659      DEBUG main            d.u.i.k.p.i.IntermediateProofReplayer Proof replay took 14.13ms 
69660      DEBUG main            d.u.i.k.p.r.p.TestFile    ... success: reloaded. 
69661      INFO  main            d.u.i.k.p.r.p.TestFile    Now processing file /home/runner/work/key/key/key.core/../key.ui/examples/heap/observer/ExampleSubject_inv.key 
69661      INFO  main            d.u.i.k.p.i.AbstractProblemLoader Loading environment from /home/runner/work/key/key/key.core/../key.ui/examples/heap/observer/ExampleSubject_inv.key 
69661      DEBUG main            d.u.i.k.p.i.AbstractProblemLoader Environment load took 94.2ns 
69662      INFO  main            d.u.i.k.p.i.AbstractProblemLoader Creating init config 
72242      DEBUG main            d.u.i.k.p.i.AbstractProblemLoader Init config took 2.58s 
72285      INFO  main            d.u.i.k.p.i.AbstractProblemLoader Replaying proof ExampleSubject[java.lang.Object::<inv>()].JML accessible clause.0 
72287      DEBUG main            d.u.i.k.p.i.IntermediateProofReplayer Proof replay took 6.7ns 
73291      INFO  main            d.u.i.k.p.r.p.TestFile    ... finished proof: closed. 
73490      INFO  main            d.u.i.k.p.i.AbstractProblemLoader Loading environment from /home/runner/work/key/key/key.core/../key.ui/examples/heap/observer/ExampleSubject_inv.key.proof 
73491      DEBUG main            d.u.i.k.p.i.AbstractProblemLoader Environment load took 412.11ns 
73492      INFO  main            d.u.i.k.p.i.AbstractProblemLoader Creating init config 
75938      DEBUG main            d.u.i.k.p.i.AbstractProblemLoader Init config took 2.45s 
75994      INFO  main            d.u.i.k.p.i.AbstractProblemLoader Replaying proof ExampleSubject[java.lang.Object::<inv>()].JML accessible clause.0 
76107      DEBUG main            d.u.i.k.p.i.IntermediateProofReplayer Proof replay took 105.39ms 
76108      DEBUG main            d.u.i.k.p.r.p.TestFile    ... success: reloaded. 
76110      INFO  main            d.u.i.k.p.r.p.TestFile    Now processing file /home/runner/work/key/key/key.core/../key.ui/examples/heap/observer/ExampleSubject_notifyObservers.key 
76110      INFO  main            d.u.i.k.p.i.AbstractProblemLoader Loading environment from /home/runner/work/key/key/key.core/../key.ui/examples/heap/observer/ExampleSubject_notifyObservers.key 
76110      DEBUG main            d.u.i.k.p.i.AbstractProblemLoader Environment load took 217.6ns 
76111      INFO  main            d.u.i.k.p.i.AbstractProblemLoader Creating init config 
78646      DEBUG main            d.u.i.k.p.i.AbstractProblemLoader Init config took 2.53s 
78688      INFO  main            d.u.i.k.p.i.AbstractProblemLoader Replaying proof Subject[Subject::notifyObservers()].JML normal_behavior operation contract.0 
78690      DEBUG main            d.u.i.k.p.i.IntermediateProofReplayer Proof replay took 7ns 
78791      INFO  main            d.u.i.k.p.r.p.TestFile    ... finished proof: closed. 
78974      INFO  main            d.u.i.k.p.i.AbstractProblemLoader Loading environment from /home/runner/work/key/key/key.core/../key.ui/examples/heap/observer/ExampleSubject_notifyObservers.key.proof 
78975      DEBUG main            d.u.i.k.p.i.AbstractProblemLoader Environment load took 113.5ns 
78975      INFO  main            d.u.i.k.p.i.AbstractProblemLoader Creating init config 
81421      DEBUG main            d.u.i.k.p.i.AbstractProblemLoader Init config took 2.45s 
81474      INFO  main            d.u.i.k.p.i.AbstractProblemLoader Replaying proof Subject[Subject::notifyObservers()].JML normal_behavior operation contract.0 
81478      DEBUG main            d.u.i.k.p.i.IntermediateProofReplayer Proof replay took 2.54ms 
81478      DEBUG main            d.u.i.k.p.r.p.TestFile    ... success: reloaded. 
81479      INFO  main            d.u.i.k.p.r.p.TestFile    Now processing file /home/runner/work/key/key/key.core/../key.ui/examples/heap/observer/ExampleSubject_value_dep.key 
81480      INFO  main            d.u.i.k.p.i.AbstractProblemLoader Loading environment from /home/runner/work/key/key/key.core/../key.ui/examples/heap/observer/ExampleSubject_value_dep.key 
81480      DEBUG main            d.u.i.k.p.i.AbstractProblemLoader Environment load took 89.4ns 
81480      INFO  main            d.u.i.k.p.i.AbstractProblemLoader Creating init config 
84012      DEBUG main            d.u.i.k.p.i.AbstractProblemLoader Init config took 2.53s 
84057      INFO  main            d.u.i.k.p.i.AbstractProblemLoader Replaying proof ExampleSubject[ExampleSubject::value()].JML accessible clause.0 
84059      DEBUG main            d.u.i.k.p.i.IntermediateProofReplayer Proof replay took 7.8ns 
84161      INFO  main            d.u.i.k.p.r.p.TestFile    ... finished proof: closed. 
84357      INFO  main            d.u.i.k.p.i.AbstractProblemLoader Loading environment from /home/runner/work/key/key/key.core/../key.ui/examples/heap/observer/ExampleSubject_value_dep.key.proof 
84357      DEBUG main            d.u.i.k.p.i.AbstractProblemLoader Environment load took 114.6ns 
84358      INFO  main            d.u.i.k.p.i.AbstractProblemLoader Creating init config 
86808      DEBUG main            d.u.i.k.p.i.AbstractProblemLoader Init config took 2.45s 
86849      INFO  main            d.u.i.k.p.i.AbstractProblemLoader Replaying proof ExampleSubject[ExampleSubject::value()].JML accessible clause.0 
86862      DEBUG main            d.u.i.k.p.i.IntermediateProofReplayer Proof replay took 11.14ms 
86862      DEBUG main            d.u.i.k.p.r.p.TestFile    ... success: reloaded. 
86866      INFO  main            d.u.i.k.p.r.p.TestFile    Now processing file /home/runner/work/key/key/key.core/../key.ui/examples/heap/observer/ExampleSubject_value.key 
86867      INFO  main            d.u.i.k.p.i.AbstractProblemLoader Loading environment from /home/runner/work/key/key/key.core/../key.ui/examples/heap/observer/ExampleSubject_value.key 
86867      DEBUG main            d.u.i.k.p.i.AbstractProblemLoader Environment load took 110.9ns 
86868      INFO  main            d.u.i.k.p.i.AbstractProblemLoader Creating init config 
89406      DEBUG main            d.u.i.k.p.i.AbstractProblemLoader Init config took 2.54s 
89447      INFO  main            d.u.i.k.p.i.AbstractProblemLoader Replaying proof ExampleSubject[ExampleSubject::value()].JML normal_behavior operation contract.0 
89448      DEBUG main            d.u.i.k.p.i.IntermediateProofReplayer Proof replay took 5.7ns 
89550      INFO  main            d.u.i.k.p.r.p.TestFile    ... finished proof: closed. 
89747      INFO  main            d.u.i.k.p.i.AbstractProblemLoader Loading environment from /home/runner/work/key/key/key.core/../key.ui/examples/heap/observer/ExampleSubject_value.key.proof 
89747      DEBUG main            d.u.i.k.p.i.AbstractProblemLoader Environment load took 106.9ns 
89748      INFO  main            d.u.i.k.p.i.AbstractProblemLoader Creating init config 
92201      DEBUG main            d.u.i.k.p.i.AbstractProblemLoader Init config took 2.45s 
92249      INFO  main            d.u.i.k.p.i.AbstractProblemLoader Replaying proof ExampleSubject[ExampleSubject::value()].JML normal_behavior operation contract.0 
92261      DEBUG main            d.u.i.k.p.i.IntermediateProofReplayer Proof replay took 10.44ms 
92262      DEBUG main            d.u.i.k.p.r.p.TestFile    ... success: reloaded. 
1418576    INFO  Test worker     d.u.i.k.p.r.p.StatisticsFile Returning from test observer 
1418579    INFO  Test worker     d.u.i.k.p.r.p.StatisticsFile Running test removeDups 
348        INFO  Timeout watchdog d.u.i.k.p.r.p.ForkedTestFileRunner Timeout watcher launched (2000 secs.) 
357        WARN  main            d.u.i.k.s.ProofSettings   The settings in /home/runner/.key/proof-settings.props are *not* read. 
383        INFO  main            d.u.i.k.p.r.p.TestFile    Now processing file /home/runner/work/key/key/key.core/../key.ui/examples/heap/removeDups/arrayPart.key 
504        INFO  main            d.u.i.k.p.i.AbstractProblemLoader Loading environment from /home/runner/work/key/key/key.core/../key.ui/examples/heap/removeDups/arrayPart.key 
522        DEBUG main            d.u.i.k.p.i.AbstractProblemLoader Environment load took 2.15ms 
745        INFO  main            d.u.i.k.p.i.AbstractProblemLoader Creating init config 
1851       DEBUG main            d.u.i.k.j.TypeConverter   No LDT found for Meta 
1851       DEBUG main            d.u.i.k.j.TypeConverter   No LDT found for Meta 
1854       DEBUG main            d.u.i.k.j.TypeConverter   No LDT found for Meta 
1855       DEBUG main            d.u.i.k.j.TypeConverter   No LDT found for Meta 
3483       DEBUG main            d.u.i.k.j.TypeConverter   No LDT found for JavaBigintExpression 
8228       DEBUG main            d.u.i.k.p.i.AbstractProblemLoader Init config took 7.48s 
8443       INFO  main            d.u.i.k.p.i.AbstractProblemLoader Replaying proof RemoveDup[RemoveDup::arrayPart([I,int)].JML normal_behavior operation contract.0 
8475       DEBUG main            d.u.i.k.p.i.IntermediateProofReplayer Proof replay took 31.5ns 
11026      INFO  main            d.u.i.k.p.r.p.TestFile    ... finished proof: closed. 
11204      INFO  main            d.u.i.k.p.i.AbstractProblemLoader Loading environment from /home/runner/work/key/key/key.core/../key.ui/examples/heap/removeDups/arrayPart.key.proof 
11204      DEBUG main            d.u.i.k.p.i.AbstractProblemLoader Environment load took 470.51ns 
11207      INFO  main            d.u.i.k.p.i.AbstractProblemLoader Creating init config 
13828      DEBUG main            d.u.i.k.p.i.AbstractProblemLoader Init config took 2.62s 
13888      INFO  main            d.u.i.k.p.i.AbstractProblemLoader Replaying proof RemoveDup[RemoveDup::arrayPart([I,int)].JML normal_behavior operation contract.0 
14216      DEBUG main            d.u.i.k.p.i.IntermediateProofReplayer Proof replay took 315.1ms 
14223      DEBUG main            d.u.i.k.p.r.p.TestFile    ... success: reloaded. 
14225      INFO  main            d.u.i.k.p.r.p.TestFile    Now processing file /home/runner/work/key/key/key.core/../key.ui/examples/heap/removeDups/contains.key 
14225      INFO  main            d.u.i.k.p.i.AbstractProblemLoader Loading environment from /home/runner/work/key/key/key.core/../key.ui/examples/heap/removeDups/contains.key 
14226      DEBUG main            d.u.i.k.p.i.AbstractProblemLoader Environment load took 235.71ns 
14227      INFO  main            d.u.i.k.p.i.AbstractProblemLoader Creating init config 
16823      DEBUG main            d.u.i.k.p.i.AbstractProblemLoader Init config took 2.6s 
16879      INFO  main            d.u.i.k.p.i.AbstractProblemLoader Replaying proof RemoveDup[RemoveDup::contains([I,int,int)].JML normal_behavior operation contract.0 
16881      DEBUG main            d.u.i.k.p.i.IntermediateProofReplayer Proof replay took 5.2ns 
17385      INFO  main            d.u.i.k.p.r.p.TestFile    ... finished proof: closed. 
17567      INFO  main            d.u.i.k.p.i.AbstractProblemLoader Loading environment from /home/runner/work/key/key/key.core/../key.ui/examples/heap/removeDups/contains.key.proof 
17568      DEBUG main            d.u.i.k.p.i.AbstractProblemLoader Environment load took 673.02ns 
17573      INFO  main            d.u.i.k.p.i.AbstractProblemLoader Creating init config 
20053      DEBUG main            d.u.i.k.p.i.AbstractProblemLoader Init config took 2.48s 
20103      INFO  main            d.u.i.k.p.i.AbstractProblemLoader Replaying proof RemoveDup[RemoveDup::contains([I,int,int)].JML normal_behavior operation contract.0 
20213      DEBUG main            d.u.i.k.p.i.IntermediateProofReplayer Proof replay took 104.36ms 
20214      DEBUG main            d.u.i.k.p.r.p.TestFile    ... success: reloaded. 
20217      INFO  main            d.u.i.k.p.r.p.TestFile    Now processing file /home/runner/work/key/key/key.core/../key.ui/examples/heap/removeDups/removeDup.key 
20218      INFO  main            d.u.i.k.p.i.AbstractProblemLoader Loading environment from /home/runner/work/key/key/key.core/../key.ui/examples/heap/removeDups/removeDup.key 
20218      DEBUG main            d.u.i.k.p.i.AbstractProblemLoader Environment load took 138.1ns 
20219      INFO  main            d.u.i.k.p.i.AbstractProblemLoader Creating init config 
22701      DEBUG main            d.u.i.k.p.i.AbstractProblemLoader Init config took 2.48s 
22746      INFO  main            d.u.i.k.p.i.AbstractProblemLoader Replaying proof RemoveDup[RemoveDup::removeDup([I)].JML normal_behavior operation contract.0 
22748      DEBUG main            d.u.i.k.p.i.IntermediateProofReplayer Proof replay took 5.6ns 
27400      DEBUG Thread-7        d.u.i.k.j.d.VariableSpecification Program match. Variables have different dimension (template #v0 = #vi;, source a#11[] = var;) 
47640      INFO  main            d.u.i.k.p.r.p.TestFile    ... finished proof: closed. 
47872      INFO  main            d.u.i.k.p.i.AbstractProblemLoader Loading environment from /home/runner/work/key/key/key.core/../key.ui/examples/heap/removeDups/removeDup.key.proof 
47873      DEBUG main            d.u.i.k.p.i.AbstractProblemLoader Environment load took 446.11ns 
47885      INFO  main            d.u.i.k.p.i.AbstractProblemLoader Creating init config 
50254      DEBUG main            d.u.i.k.p.i.AbstractProblemLoader Init config took 2.37s 
50318      INFO  main            d.u.i.k.p.i.AbstractProblemLoader Replaying proof RemoveDup[RemoveDup::removeDup([I)].JML normal_behavior operation contract.0 
52188      DEBUG main            d.u.i.k.p.i.IntermediateProofReplayer Proof replay took 1.79s 
52191      DEBUG main            d.u.i.k.p.r.p.TestFile    ... success: reloaded. 
52193      INFO  main            d.u.i.k.p.r.p.TestFile    Now processing file /home/runner/work/key/key/key.core/../key.ui/examples/heap/saddleback_search/Saddleback_search.key 
52193      INFO  main            d.u.i.k.p.i.AbstractProblemLoader Loading environment from /home/runner/work/key/key/key.core/../key.ui/examples/heap/saddleback_search/Saddleback_search.key 
52193      DEBUG main            d.u.i.k.p.i.AbstractProblemLoader Environment load took 214.71ns 
52194      INFO  main            d.u.i.k.p.i.AbstractProblemLoader Creating init config 
54648      DEBUG main            d.u.i.k.p.i.AbstractProblemLoader Init config took 2.45s 
54686      INFO  main            d.u.i.k.p.i.AbstractProblemLoader Replaying proof Saddleback[Saddleback::search([[I,int)].JML normal_behavior operation contract.0 
54694      DEBUG main            d.u.i.k.p.i.IntermediateProofReplayer Proof replay took 5.9ns 
130293     INFO  main            d.u.i.k.p.r.p.TestFile    ... finished proof: closed. 
130683     INFO  main            d.u.i.k.p.i.AbstractProblemLoader Loading environment from /home/runner/work/key/key/key.core/../key.ui/examples/heap/saddleback_search/Saddleback_search.key.proof 
130684     DEBUG main            d.u.i.k.p.i.AbstractProblemLoader Environment load took 438.01ns 
130692     INFO  main            d.u.i.k.p.i.AbstractProblemLoader Creating init config 
132974     DEBUG main            d.u.i.k.p.i.AbstractProblemLoader Init config took 2.28s 
133031     INFO  main            d.u.i.k.p.i.AbstractProblemLoader Replaying proof Saddleback[Saddleback::search([[I,int)].JML normal_behavior operation contract.0 
135519     DEBUG main            d.u.i.k.p.i.IntermediateProofReplayer Proof replay took 2.27s 
135527     DEBUG main            d.u.i.k.p.r.p.TestFile    ... success: reloaded. 
1554273    INFO  Test worker     d.u.i.k.p.r.p.StatisticsFile Returning from test removeDups 
1554275    INFO  Test worker     d.u.i.k.p.r.p.StatisticsFile Running test quicksort 
332        INFO  Timeout watchdog d.u.i.k.p.r.p.ForkedTestFileRunner Timeout watcher launched (2000 secs.) 
341        WARN  main            d.u.i.k.s.ProofSettings   The settings in /home/runner/.key/proof-settings.props are *not* read. 
367        INFO  main            d.u.i.k.p.r.p.TestFile    Now processing file /home/runner/work/key/key/key.core/../key.ui/examples/heap/quicksort/toplevel.key 
491        INFO  main            d.u.i.k.p.i.AbstractProblemLoader Loading environment from /home/runner/work/key/key/key.core/../key.ui/examples/heap/quicksort/toplevel.key 
510        DEBUG main            d.u.i.k.p.i.AbstractProblemLoader Environment load took 2.1ms 
719        INFO  main            d.u.i.k.p.i.AbstractProblemLoader Creating init config 
1569       DEBUG main            d.u.i.k.j.TypeConverter   No LDT found for Meta 
1569       DEBUG main            d.u.i.k.j.TypeConverter   No LDT found for Meta 
1570       DEBUG main            d.u.i.k.j.TypeConverter   No LDT found for Meta 
1571       DEBUG main            d.u.i.k.j.TypeConverter   No LDT found for Meta 
3145       DEBUG main            d.u.i.k.j.TypeConverter   No LDT found for JavaBigintExpression 
8139       DEBUG main            d.u.i.k.p.i.AbstractProblemLoader Init config took 7.42s 
8262       INFO  main            d.u.i.k.p.i.AbstractProblemLoader Replaying proof Quicksort[Quicksort::sort([I)].JML normal_behavior operation contract.0 
8292       DEBUG main            d.u.i.k.p.i.IntermediateProofReplayer Proof replay took 31.2ns 
9554       INFO  main            d.u.i.k.p.r.p.TestFile    ... finished proof: closed. 
9678       INFO  main            d.u.i.k.p.i.AbstractProblemLoader Loading environment from /home/runner/work/key/key/key.core/../key.ui/examples/heap/quicksort/toplevel.key.proof 
9679       DEBUG main            d.u.i.k.p.i.AbstractProblemLoader Environment load took 514.91ns 
9681       INFO  main            d.u.i.k.p.i.AbstractProblemLoader Creating init config 
12552      DEBUG main            d.u.i.k.p.i.AbstractProblemLoader Init config took 2.87s 
12613      INFO  main            d.u.i.k.p.i.AbstractProblemLoader Replaying proof Quicksort[Quicksort::sort([I)].JML normal_behavior operation contract.0 
12837      DEBUG main            d.u.i.k.p.i.IntermediateProofReplayer Proof replay took 213.87ms 
12844      DEBUG main            d.u.i.k.p.r.p.TestFile    ... success: reloaded. 
12848      INFO  main            d.u.i.k.p.r.p.TestFile    Now processing file /home/runner/work/key/key/key.core/../key.ui/examples/heap/quicksort/sort.key 
12848      INFO  main            d.u.i.k.p.i.AbstractProblemLoader Loading environment from /home/runner/work/key/key/key.core/../key.ui/examples/heap/quicksort/sort.key 
12848      DEBUG main            d.u.i.k.p.i.AbstractProblemLoader Environment load took 117.6ns 
12851      INFO  main            d.u.i.k.p.i.AbstractProblemLoader Creating init config 
15655      DEBUG main            d.u.i.k.p.i.AbstractProblemLoader Init config took 2.8s 
15730      INFO  main            d.u.i.k.p.i.AbstractProblemLoader Replaying proof Quicksort[Quicksort::sort([I,int,int)].JML normal_behavior operation contract.0 
15733      DEBUG main            d.u.i.k.p.i.IntermediateProofReplayer Proof replay took 5.3ns 
15757      DEBUG main            d.u.i.k.m.s.ProofScriptEngine 1: 'script 'sort.script'' 
15760      INFO  main            d.u.i.k.m.s.ProofScriptCommand Included script /home/runner/work/key/key/key.core/../key.ui/examples/heap/quicksort/sort.script 
15761      DEBUG main            d.u.i.k.m.s.ProofScriptEngine 1: 'macro autopilot-prep' 
16761      DEBUG main            d.u.i.k.m.s.ProofScriptEngine 2: 'select formula="{heapAtPre:=heap || exc:=null || heap:=heapAfter_sort_0}
   seq ...' 
16765      DEBUG main            d.u.i.k.m.s.ProofScriptEngine 3: 'macro simp-upd' 
16775      DEBUG main            d.u.i.k.m.s.ProofScriptEngine 4: 'let   @seqPre="seqDef{int u;}(0, array.length, array[u])"
    @seqSplit="seqDef ...' 
16778      DEBUG main            d.u.i.k.m.s.ProofScriptEngine 5: 'rule seqPermSym 
  formula="seqPerm(@seqSplit, @seqPre)"' 
16797      DEBUG main            d.u.i.k.m.s.ProofScriptEngine 6: 'rule seqPermSym
  formula="seqPerm(@seqSort, @seqSplit)"' 
16799      DEBUG main            d.u.i.k.m.s.ProofScriptEngine 7: 'rule seqPermSym
  formula="seqPerm(@seqSort0, @seqSort)"' 
16800      DEBUG main            d.u.i.k.m.s.ProofScriptEngine 8: 'rule seqPermTrans
  formula="seqPerm(@seqPre, @seqSplit)"' 
16801      DEBUG main            d.u.i.k.m.s.ProofScriptEngine 9: 'rule seqPermTrans
  formula="seqPerm(@seqPre, @seqSort)"' 
16802      DEBUG main            d.u.i.k.m.s.ProofScriptEngine 10: 'rule seqPermSym
  formula="seqPerm(@seqPre, @seqSort0)"' 
16804      DEBUG main            d.u.i.k.m.s.ProofScriptEngine 11: 'tryclose' 
40171      INFO  main            d.u.i.k.p.r.p.TestFile    ... finished proof: closed. 
40431      INFO  main            d.u.i.k.p.i.AbstractProblemLoader Loading environment from /home/runner/work/key/key/key.core/../key.ui/examples/heap/quicksort/sort.key.proof 
40431      DEBUG main            d.u.i.k.p.i.AbstractProblemLoader Environment load took 214.31ns 
40441      INFO  main            d.u.i.k.p.i.AbstractProblemLoader Creating init config 
43045      DEBUG main            d.u.i.k.p.i.AbstractProblemLoader Init config took 2.6s 
43094      INFO  main            d.u.i.k.p.i.AbstractProblemLoader Replaying proof Quicksort[Quicksort::sort([I,int,int)].JML normal_behavior operation contract.0 
45117      DEBUG main            d.u.i.k.p.i.IntermediateProofReplayer Proof replay took 1.87s 
45135      DEBUG main            d.u.i.k.p.r.p.TestFile    ... success: reloaded. 
45138      INFO  main            d.u.i.k.p.r.p.TestFile    Now processing file /home/runner/work/key/key/key.core/../key.ui/examples/heap/quicksort/split.key 
45138      INFO  main            d.u.i.k.p.i.AbstractProblemLoader Loading environment from /home/runner/work/key/key/key.core/../key.ui/examples/heap/quicksort/split.key 
45138      DEBUG main            d.u.i.k.p.i.AbstractProblemLoader Environment load took 158ns 
45142      INFO  main            d.u.i.k.p.i.AbstractProblemLoader Creating init config 
47981      DEBUG main            d.u.i.k.p.i.AbstractProblemLoader Init config took 2.84s 
48072      INFO  main            d.u.i.k.p.i.AbstractProblemLoader Replaying proof Quicksort[Quicksort::split([I,int,int)].JML normal_behavior operation contract.0 
48076      DEBUG main            d.u.i.k.p.i.IntermediateProofReplayer Proof replay took 5.1ns 
48077      DEBUG main            d.u.i.k.m.s.ProofScriptEngine 1: 'macro autopilot-prep' 
49234      DEBUG main            d.u.i.k.m.s.ProofScriptEngine 2: 'tryclose' 
82816      DEBUG main            d.u.i.k.m.s.ProofScriptEngine 3: 'macro simp-upd' 
82905      DEBUG main            d.u.i.k.m.s.ProofScriptEngine 4: 'rule seqPermFromSwap' 
82921      DEBUG main            d.u.i.k.m.s.ProofScriptEngine 5: 'rule andRight' 
82923      DEBUG main            d.u.i.k.m.s.ProofScriptEngine 6: 'auto' 
82945      DEBUG main            d.u.i.k.m.s.ProofScriptEngine 7: 'instantiate hide var=iv with=i_0' 
82949      DEBUG main            d.u.i.k.m.s.ProofScriptEngine 8: 'instantiate hide var=jv with=j_0' 
82950      DEBUG main            d.u.i.k.m.s.ProofScriptEngine 9: 'auto' 
88854      DEBUG main            d.u.i.k.m.s.ProofScriptEngine 10: 'macro simp-upd' 
88924      DEBUG main            d.u.i.k.m.s.ProofScriptEngine 11: 'rule seqPermFromSwap' 
88927      DEBUG main            d.u.i.k.m.s.ProofScriptEngine 12: 'rule andRight' 
88929      DEBUG main            d.u.i.k.m.s.ProofScriptEngine 13: 'auto' 
88941      DEBUG main            d.u.i.k.m.s.ProofScriptEngine 14: 'instantiate hide var=iv with=i_0' 
88943      DEBUG main            d.u.i.k.m.s.ProofScriptEngine 15: 'instantiate hide var=jv with=to' 
88945      DEBUG main            d.u.i.k.m.s.ProofScriptEngine 16: 'auto' 
93525      INFO  main            d.u.i.k.p.r.p.TestFile    ... finished proof: closed. 
93987      INFO  main            d.u.i.k.p.i.AbstractProblemLoader Loading environment from /home/runner/work/key/key/key.core/../key.ui/examples/heap/quicksort/split.key.proof 
93987      DEBUG main            d.u.i.k.p.i.AbstractProblemLoader Environment load took 192.81ns 
93996      INFO  main            d.u.i.k.p.i.AbstractProblemLoader Creating init config 
96510      DEBUG main            d.u.i.k.p.i.AbstractProblemLoader Init config took 2.51s 
96556      INFO  main            d.u.i.k.p.i.AbstractProblemLoader Replaying proof Quicksort[Quicksort::split([I,int,int)].JML normal_behavior operation contract.0 
100269     DEBUG main            d.u.i.k.p.i.IntermediateProofReplayer Proof replay took 3.5s 
100282     DEBUG main            d.u.i.k.p.r.p.TestFile    ... success: reloaded. 
1654728    INFO  Test worker     d.u.i.k.p.r.p.StatisticsFile Returning from test quicksort 
1654730    INFO  Test worker     d.u.i.k.p.r.p.StatisticsFile Running test simpleTests 
387        INFO  Timeout watchdog d.u.i.k.p.r.p.ForkedTestFileRunner Timeout watcher launched (2000 secs.) 
402        WARN  main            d.u.i.k.s.ProofSettings   The settings in /home/runner/.key/proof-settings.props are *not* read. 
442        INFO  main            d.u.i.k.p.r.p.TestFile    Now processing file /home/runner/work/key/key/key.core/../key.ui/examples/heap/simple/anonymise_datagroup.key 
538        INFO  main            d.u.i.k.p.i.AbstractProblemLoader Loading environment from /home/runner/work/key/key/key.core/../key.ui/examples/heap/simple/anonymise_datagroup.key 
557        DEBUG main            d.u.i.k.p.i.AbstractProblemLoader Environment load took 1.95ms 
798        INFO  main            d.u.i.k.p.i.AbstractProblemLoader Creating init config 
1848       DEBUG main            d.u.i.k.j.TypeConverter   No LDT found for Meta 
1849       DEBUG main            d.u.i.k.j.TypeConverter   No LDT found for Meta 
1851       DEBUG main            d.u.i.k.j.TypeConverter   No LDT found for Meta 
1851       DEBUG main            d.u.i.k.j.TypeConverter   No LDT found for Meta 
3175       DEBUG main            d.u.i.k.j.TypeConverter   No LDT found for JavaBigintExpression 
7740       DEBUG main            d.u.i.k.p.i.AbstractProblemLoader Init config took 6.94s 
7798       INFO  main            d.u.i.k.p.i.AbstractProblemLoader Replaying proof anonymise_datagroup.key 
7827       DEBUG main            d.u.i.k.p.i.IntermediateProofReplayer Proof replay took 30.9ns 
8002       INFO  main            d.u.i.k.p.r.p.TestFile    ... finished proof: closed. 
8089       INFO  main            d.u.i.k.p.i.AbstractProblemLoader Loading environment from /home/runner/work/key/key/key.core/../key.ui/examples/heap/simple/anonymise_datagroup.key.proof 
8089       DEBUG main            d.u.i.k.p.i.AbstractProblemLoader Environment load took 134.4ns 
8094       INFO  main            d.u.i.k.p.i.AbstractProblemLoader Creating init config 
10784      DEBUG main            d.u.i.k.p.i.AbstractProblemLoader Init config took 2.69s 
10828      INFO  main            d.u.i.k.p.i.AbstractProblemLoader Replaying proof anonymise_datagroup.key.proof 
10842      DEBUG main            d.u.i.k.p.i.IntermediateProofReplayer Proof replay took 9.16ms 
10852      DEBUG main            d.u.i.k.p.r.p.TestFile    ... success: reloaded. 
10854      INFO  main            d.u.i.k.p.r.p.TestFile    Now processing file /home/runner/work/key/key/key.core/../key.ui/examples/heap/simple/array_creation.key 
10854      INFO  main            d.u.i.k.p.i.AbstractProblemLoader Loading environment from /home/runner/work/key/key/key.core/../key.ui/examples/heap/simple/array_creation.key 
10854      DEBUG main            d.u.i.k.p.i.AbstractProblemLoader Environment load took 216.21ns 
10857      INFO  main            d.u.i.k.p.i.AbstractProblemLoader Creating init config 
13395      DEBUG main            d.u.i.k.p.i.AbstractProblemLoader Init config took 2.54s 
13426      INFO  main            d.u.i.k.p.i.AbstractProblemLoader Replaying proof array_creation.key 
13431      DEBUG main            d.u.i.k.p.i.IntermediateProofReplayer Proof replay took 6.7ns 
14138      INFO  main            d.u.i.k.p.r.p.TestFile    ... finished proof: closed. 
14272      INFO  main            d.u.i.k.p.i.AbstractProblemLoader Loading environment from /home/runner/work/key/key/key.core/../key.ui/examples/heap/simple/array_creation.key.proof 
14273      DEBUG main            d.u.i.k.p.i.AbstractProblemLoader Environment load took 458.21ns 
14278      INFO  main            d.u.i.k.p.i.AbstractProblemLoader Creating init config 
16748      DEBUG main            d.u.i.k.p.i.AbstractProblemLoader Init config took 2.47s 
16783      INFO  main            d.u.i.k.p.i.AbstractProblemLoader Replaying proof array_creation.key.proof 
16918      DEBUG main            d.u.i.k.p.i.IntermediateProofReplayer Proof replay took 130.05ms 
16922      DEBUG main            d.u.i.k.p.r.p.TestFile    ... success: reloaded. 
16925      INFO  main            d.u.i.k.p.r.p.TestFile    Now processing file /home/runner/work/key/key/key.core/../key.ui/examples/heap/simple/arrays_with_disjoint_sorts.key 
16925      INFO  main            d.u.i.k.p.i.AbstractProblemLoader Loading environment from /home/runner/work/key/key/key.core/../key.ui/examples/heap/simple/arrays_with_disjoint_sorts.key 
16925      DEBUG main            d.u.i.k.p.i.AbstractProblemLoader Environment load took 109.7ns 
16927      INFO  main            d.u.i.k.p.i.AbstractProblemLoader Creating init config 
19389      DEBUG main            d.u.i.k.p.i.AbstractProblemLoader Init config took 2.46s 
19410      INFO  main            d.u.i.k.p.i.AbstractProblemLoader Replaying proof arrays_with_disjoint_sorts.key 
19412      DEBUG main            d.u.i.k.p.i.IntermediateProofReplayer Proof replay took 5.6ns 
19617      INFO  main            d.u.i.k.p.r.p.TestFile    ... finished proof: closed. 
19753      INFO  main            d.u.i.k.p.i.AbstractProblemLoader Loading environment from /home/runner/work/key/key/key.core/../key.ui/examples/heap/simple/arrays_with_disjoint_sorts.key.proof 
19753      DEBUG main            d.u.i.k.p.i.AbstractProblemLoader Environment load took 537.41ns 
19755      INFO  main            d.u.i.k.p.i.AbstractProblemLoader Creating init config 
22166      DEBUG main            d.u.i.k.p.i.AbstractProblemLoader Init config took 2.41s 
22187      INFO  main            d.u.i.k.p.i.AbstractProblemLoader Replaying proof arrays_with_disjoint_sorts.key.proof 
22210      DEBUG main            d.u.i.k.p.i.IntermediateProofReplayer Proof replay took 19.48ms 
22211      DEBUG main            d.u.i.k.p.r.p.TestFile    ... success: reloaded. 
22212      INFO  main            d.u.i.k.p.r.p.TestFile    Now processing file /home/runner/work/key/key/key.core/../key.ui/examples/heap/simple/arrays.key 
22213      INFO  main            d.u.i.k.p.i.AbstractProblemLoader Loading environment from /home/runner/work/key/key/key.core/../key.ui/examples/heap/simple/arrays.key 
22213      DEBUG main            d.u.i.k.p.i.AbstractProblemLoader Environment load took 212.71ns 
22214      INFO  main            d.u.i.k.p.i.AbstractProblemLoader Creating init config 
24669      DEBUG main            d.u.i.k.p.i.AbstractProblemLoader Init config took 2.45s 
24693      INFO  main            d.u.i.k.p.i.AbstractProblemLoader Replaying proof arrays.key 
24697      DEBUG main            d.u.i.k.p.i.IntermediateProofReplayer Proof replay took 6.2ns 
24900      INFO  main            d.u.i.k.p.r.p.TestFile    ... finished proof: closed. 
25069      INFO  main            d.u.i.k.p.i.AbstractProblemLoader Loading environment from /home/runner/work/key/key/key.core/../key.ui/examples/heap/simple/arrays.key.proof 
25069      DEBUG main            d.u.i.k.p.i.AbstractProblemLoader Environment load took 111.6ns 
25071      INFO  main            d.u.i.k.p.i.AbstractProblemLoader Creating init config 
27458      DEBUG main            d.u.i.k.p.i.AbstractProblemLoader Init config took 2.39s 
27493      INFO  main            d.u.i.k.p.i.AbstractProblemLoader Replaying proof arrays.key.proof 
27514      DEBUG main            d.u.i.k.p.i.IntermediateProofReplayer Proof replay took 17.17ms 
27515      DEBUG main            d.u.i.k.p.r.p.TestFile    ... success: reloaded. 
27516      INFO  main            d.u.i.k.p.r.p.TestFile    Now processing file /home/runner/work/key/key/key.core/../key.ui/examples/heap/simple/attributes.key 
27517      INFO  main            d.u.i.k.p.i.AbstractProblemLoader Loading environment from /home/runner/work/key/key/key.core/../key.ui/examples/heap/simple/attributes.key 
27517      DEBUG main            d.u.i.k.p.i.AbstractProblemLoader Environment load took 206.41ns 
27518      INFO  main            d.u.i.k.p.i.AbstractProblemLoader Creating init config 
29889      DEBUG main            d.u.i.k.p.i.AbstractProblemLoader Init config took 2.37s 
29910      INFO  main            d.u.i.k.p.i.AbstractProblemLoader Replaying proof attributes.key 
29911      DEBUG main            d.u.i.k.p.i.IntermediateProofReplayer Proof replay took 5.6ns 
30014      INFO  main            d.u.i.k.p.r.p.TestFile    ... finished proof: closed. 
30164      INFO  main            d.u.i.k.p.i.AbstractProblemLoader Loading environment from /home/runner/work/key/key/key.core/../key.ui/examples/heap/simple/attributes.key.proof 
30164      DEBUG main            d.u.i.k.p.i.AbstractProblemLoader Environment load took 115.3ns 
30165      INFO  main            d.u.i.k.p.i.AbstractProblemLoader Creating init config 
32516      DEBUG main            d.u.i.k.p.i.AbstractProblemLoader Init config took 2.35s 
32535      INFO  main            d.u.i.k.p.i.AbstractProblemLoader Replaying proof attributes.key.proof 
32539      DEBUG main            d.u.i.k.p.i.IntermediateProofReplayer Proof replay took 1.75ms 
32540      DEBUG main            d.u.i.k.p.r.p.TestFile    ... success: reloaded. 
32541      INFO  main            d.u.i.k.p.r.p.TestFile    Now processing file /home/runner/work/key/key/key.core/../key.ui/examples/heap/simple/constructor_contracts.key 
32541      INFO  main            d.u.i.k.p.i.AbstractProblemLoader Loading environment from /home/runner/work/key/key/key.core/../key.ui/examples/heap/simple/constructor_contracts.key 
32541      DEBUG main            d.u.i.k.p.i.AbstractProblemLoader Environment load took 191.41ns 
32544      INFO  main            d.u.i.k.p.i.AbstractProblemLoader Creating init config 
35289      DEBUG main            d.u.i.k.p.i.AbstractProblemLoader Init config took 2.75s 
35311      INFO  main            d.u.i.k.p.i.AbstractProblemLoader Replaying proof constructor_contracts.key 
35313      DEBUG main            d.u.i.k.p.i.IntermediateProofReplayer Proof replay took 5.6ns 
35824      INFO  main            d.u.i.k.p.r.p.TestFile    ... finished proof: closed. 
36012      INFO  main            d.u.i.k.p.i.AbstractProblemLoader Loading environment from /home/runner/work/key/key/key.core/../key.ui/examples/heap/simple/constructor_contracts.key.proof 
36012      DEBUG main            d.u.i.k.p.i.AbstractProblemLoader Environment load took 391.21ns 
36014      INFO  main            d.u.i.k.p.i.AbstractProblemLoader Creating init config 
38613      DEBUG main            d.u.i.k.p.i.AbstractProblemLoader Init config took 2.6s 
38634      INFO  main            d.u.i.k.p.i.AbstractProblemLoader Replaying proof constructor_contracts.key.proof 
38734      DEBUG main            d.u.i.k.p.i.IntermediateProofReplayer Proof replay took 94.96ms 
38736      DEBUG main            d.u.i.k.p.r.p.TestFile    ... success: reloaded. 
38737      INFO  main            d.u.i.k.p.r.p.TestFile    Now processing file /home/runner/work/key/key/key.core/../key.ui/examples/heap/simple/dependencies.key 
38738      INFO  main            d.u.i.k.p.i.AbstractProblemLoader Loading environment from /home/runner/work/key/key/key.core/../key.ui/examples/heap/simple/dependencies.key 
38738      DEBUG main            d.u.i.k.p.i.AbstractProblemLoader Environment load took 195.01ns 
38739      INFO  main            d.u.i.k.p.i.AbstractProblemLoader Creating init config 
41115      DEBUG main            d.u.i.k.p.i.AbstractProblemLoader Init config took 2.38s 
41134      INFO  main            d.u.i.k.p.i.AbstractProblemLoader Replaying proof dependencies.key 
41135      DEBUG main            d.u.i.k.p.i.IntermediateProofReplayer Proof replay took 5.2ns 
41240      INFO  main            d.u.i.k.p.r.p.TestFile    ... finished proof: closed. 
41412      INFO  main            d.u.i.k.p.i.AbstractProblemLoader Loading environment from /home/runner/work/key/key/key.core/../key.ui/examples/heap/simple/dependencies.key.proof 
41412      DEBUG main            d.u.i.k.p.i.AbstractProblemLoader Environment load took 110.5ns 
41413      INFO  main            d.u.i.k.p.i.AbstractProblemLoader Creating init config 
43733      DEBUG main            d.u.i.k.p.i.AbstractProblemLoader Init config took 2.32s 
43753      INFO  main            d.u.i.k.p.i.AbstractProblemLoader Replaying proof dependencies.key.proof 
43763      DEBUG main            d.u.i.k.p.i.IntermediateProofReplayer Proof replay took 7.82ms 
43764      DEBUG main            d.u.i.k.p.r.p.TestFile    ... success: reloaded. 
43765      INFO  main            d.u.i.k.p.r.p.TestFile    Now processing file /home/runner/work/key/key/key.core/../key.ui/examples/heap/simple/dependency_contracts.key 
43766      INFO  main            d.u.i.k.p.i.AbstractProblemLoader Loading environment from /home/runner/work/key/key/key.core/../key.ui/examples/heap/simple/dependency_contracts.key 
43766      DEBUG main            d.u.i.k.p.i.AbstractProblemLoader Environment load took 192ns 
43768      INFO  main            d.u.i.k.p.i.AbstractProblemLoader Creating init config 
46304      DEBUG main            d.u.i.k.p.i.AbstractProblemLoader Init config took 2.54s 
46323      INFO  main            d.u.i.k.p.i.AbstractProblemLoader Replaying proof dependency_contracts.key 
46325      DEBUG main            d.u.i.k.p.i.IntermediateProofReplayer Proof replay took 5.6ns 
47435      INFO  main            d.u.i.k.p.r.p.TestFile    ... finished proof: closed. 
47604      INFO  main            d.u.i.k.p.i.AbstractProblemLoader Loading environment from /home/runner/work/key/key/key.core/../key.ui/examples/heap/simple/dependency_contracts.key.proof 
47604      DEBUG main            d.u.i.k.p.i.AbstractProblemLoader Environment load took 119.9ns 
47606      INFO  main            d.u.i.k.p.i.AbstractProblemLoader Creating init config 
50143      DEBUG main            d.u.i.k.p.i.AbstractProblemLoader Init config took 2.54s 
50162      INFO  main            d.u.i.k.p.i.AbstractProblemLoader Replaying proof dependency_contracts.key.proof 
50330      DEBUG main            d.u.i.k.p.i.IntermediateProofReplayer Proof replay took 158.68ms 
50331      DEBUG main            d.u.i.k.p.r.p.TestFile    ... success: reloaded. 
50333      INFO  main            d.u.i.k.p.r.p.TestFile    Now processing file /home/runner/work/key/key/key.core/../key.ui/examples/heap/simple/invariant_preservation.key 
50333      INFO  main            d.u.i.k.p.i.AbstractProblemLoader Loading environment from /home/runner/work/key/key/key.core/../key.ui/examples/heap/simple/invariant_preservation.key 
50333      DEBUG main            d.u.i.k.p.i.AbstractProblemLoader Environment load took 205.41ns 
50335      INFO  main            d.u.i.k.p.i.AbstractProblemLoader Creating init config 
52885      DEBUG main            d.u.i.k.p.i.AbstractProblemLoader Init config took 2.55s 
52906      INFO  main            d.u.i.k.p.i.AbstractProblemLoader Replaying proof invariant_preservation.key 
52907      DEBUG main            d.u.i.k.p.i.IntermediateProofReplayer Proof replay took 5.1ns 
53111      INFO  main            d.u.i.k.p.r.p.TestFile    ... finished proof: closed. 
53294      INFO  main            d.u.i.k.p.i.AbstractProblemLoader Loading environment from /home/runner/work/key/key/key.core/../key.ui/examples/heap/simple/invariant_preservation.key.proof 
53294      DEBUG main            d.u.i.k.p.i.AbstractProblemLoader Environment load took 113ns 
53295      INFO  main            d.u.i.k.p.i.AbstractProblemLoader Creating init config 
55816      DEBUG main            d.u.i.k.p.i.AbstractProblemLoader Init config took 2.52s 
55835      INFO  main            d.u.i.k.p.i.AbstractProblemLoader Replaying proof invariant_preservation.key.proof 
55862      DEBUG main            d.u.i.k.p.i.IntermediateProofReplayer Proof replay took 25.25ms 
55864      DEBUG main            d.u.i.k.p.r.p.TestFile    ... success: reloaded. 
55865      INFO  main            d.u.i.k.p.r.p.TestFile    Now processing file /home/runner/work/key/key/key.core/../key.ui/examples/heap/simple/locsets.key 
55866      INFO  main            d.u.i.k.p.i.AbstractProblemLoader Loading environment from /home/runner/work/key/key/key.core/../key.ui/examples/heap/simple/locsets.key 
55866      DEBUG main            d.u.i.k.p.i.AbstractProblemLoader Environment load took 192.81ns 
55867      INFO  main            d.u.i.k.p.i.AbstractProblemLoader Creating init config 
58128      DEBUG main            d.u.i.k.p.i.AbstractProblemLoader Init config took 2.26s 
58144      INFO  main            d.u.i.k.p.i.AbstractProblemLoader Replaying proof locsets.key 
58146      DEBUG main            d.u.i.k.p.i.IntermediateProofReplayer Proof replay took 5.2ns 
58248      INFO  main            d.u.i.k.p.r.p.TestFile    ... finished proof: closed. 
58447      INFO  main            d.u.i.k.p.i.AbstractProblemLoader Loading environment from /home/runner/work/key/key/key.core/../key.ui/examples/heap/simple/locsets.key.proof 
58447      DEBUG main            d.u.i.k.p.i.AbstractProblemLoader Environment load took 113.5ns 
58448      INFO  main            d.u.i.k.p.i.AbstractProblemLoader Creating init config 
60700      DEBUG main            d.u.i.k.p.i.AbstractProblemLoader Init config took 2.25s 
60714      INFO  main            d.u.i.k.p.i.AbstractProblemLoader Replaying proof locsets.key.proof 
60717      DEBUG main            d.u.i.k.p.i.IntermediateProofReplayer Proof replay took 1.4ms 
60718      DEBUG main            d.u.i.k.p.r.p.TestFile    ... success: reloaded. 
60719      INFO  main            d.u.i.k.p.r.p.TestFile    Now processing file /home/runner/work/key/key/key.core/../key.ui/examples/heap/simple/loop1.key 
60719      INFO  main            d.u.i.k.p.i.AbstractProblemLoader Loading environment from /home/runner/work/key/key/key.core/../key.ui/examples/heap/simple/loop1.key 
60719      DEBUG main            d.u.i.k.p.i.AbstractProblemLoader Environment load took 85.2ns 
60720      INFO  main            d.u.i.k.p.i.AbstractProblemLoader Creating init config 
63235      DEBUG main            d.u.i.k.p.i.AbstractProblemLoader Init config took 2.52s 
63251      INFO  main            d.u.i.k.p.i.AbstractProblemLoader Replaying proof loop1.key 
63256      DEBUG main            d.u.i.k.p.i.IntermediateProofReplayer Proof replay took 5.4ns 
63459      INFO  main            d.u.i.k.p.r.p.TestFile    ... finished proof: closed. 
63633      INFO  main            d.u.i.k.p.i.AbstractProblemLoader Loading environment from /home/runner/work/key/key/key.core/../key.ui/examples/heap/simple/loop1.key.proof 
63633      DEBUG main            d.u.i.k.p.i.AbstractProblemLoader Environment load took 116.3ns 
63634      INFO  main            d.u.i.k.p.i.AbstractProblemLoader Creating init config 
66107      DEBUG main            d.u.i.k.p.i.AbstractProblemLoader Init config took 2.47s 
66127      INFO  main            d.u.i.k.p.i.AbstractProblemLoader Replaying proof loop1.key.proof 
66199      DEBUG main            d.u.i.k.p.i.IntermediateProofReplayer Proof replay took 67.48ms 
66202      DEBUG main            d.u.i.k.p.r.p.TestFile    ... success: reloaded. 
66203      INFO  main            d.u.i.k.p.r.p.TestFile    Now processing file /home/runner/work/key/key/key.core/../key.ui/examples/heap/simple/loop2.key 
66204      INFO  main            d.u.i.k.p.i.AbstractProblemLoader Loading environment from /home/runner/work/key/key/key.core/../key.ui/examples/heap/simple/loop2.key 
66204      DEBUG main            d.u.i.k.p.i.AbstractProblemLoader Environment load took 130.9ns 
66205      INFO  main            d.u.i.k.p.i.AbstractProblemLoader Creating init config 
68759      DEBUG main            d.u.i.k.p.i.AbstractProblemLoader Init config took 2.55s 
68775      INFO  main            d.u.i.k.p.i.AbstractProblemLoader Replaying proof loop2.key 
68777      DEBUG main            d.u.i.k.p.i.IntermediateProofReplayer Proof replay took 5.4ns 
69281      INFO  main            d.u.i.k.p.r.p.TestFile    ... finished proof: closed. 
69484      INFO  main            d.u.i.k.p.i.AbstractProblemLoader Loading environment from /home/runner/work/key/key/key.core/../key.ui/examples/heap/simple/loop2.key.proof 
69485      DEBUG main            d.u.i.k.p.i.AbstractProblemLoader Environment load took 679.62ns 
69486      INFO  main            d.u.i.k.p.i.AbstractProblemLoader Creating init config 
71942      DEBUG main            d.u.i.k.p.i.AbstractProblemLoader Init config took 2.46s 
71958      INFO  main            d.u.i.k.p.i.AbstractProblemLoader Replaying proof loop2.key.proof 
72072      DEBUG main            d.u.i.k.p.i.IntermediateProofReplayer Proof replay took 109.45ms 
72073      DEBUG main            d.u.i.k.p.r.p.TestFile    ... success: reloaded. 
72074      INFO  main            d.u.i.k.p.r.p.TestFile    Now processing file /home/runner/work/key/key/key.core/../key.ui/examples/heap/simple/modifies_datagroup.key 
72075      INFO  main            d.u.i.k.p.i.AbstractProblemLoader Loading environment from /home/runner/work/key/key/key.core/../key.ui/examples/heap/simple/modifies_datagroup.key 
72075      DEBUG main            d.u.i.k.p.i.AbstractProblemLoader Environment load took 193.6ns 
72076      INFO  main            d.u.i.k.p.i.AbstractProblemLoader Creating init config 
74374      DEBUG main            d.u.i.k.p.i.AbstractProblemLoader Init config took 2.3s 
74388      INFO  main            d.u.i.k.p.i.AbstractProblemLoader Replaying proof modifies_datagroup.key 
74389      DEBUG main            d.u.i.k.p.i.IntermediateProofReplayer Proof replay took 5.5ns 
74491      INFO  main            d.u.i.k.p.r.p.TestFile    ... finished proof: closed. 
74697      INFO  main            d.u.i.k.p.i.AbstractProblemLoader Loading environment from /home/runner/work/key/key/key.core/../key.ui/examples/heap/simple/modifies_datagroup.key.proof 
74697      DEBUG main            d.u.i.k.p.i.AbstractProblemLoader Environment load took 100.4ns 
74698      INFO  main            d.u.i.k.p.i.AbstractProblemLoader Creating init config 
76950      DEBUG main            d.u.i.k.p.i.AbstractProblemLoader Init config took 2.25s 
76965      INFO  main            d.u.i.k.p.i.AbstractProblemLoader Replaying proof modifies_datagroup.key.proof 
76971      DEBUG main            d.u.i.k.p.i.IntermediateProofReplayer Proof replay took 3.01ms 
76972      DEBUG main            d.u.i.k.p.r.p.TestFile    ... success: reloaded. 
76973      INFO  main            d.u.i.k.p.r.p.TestFile    Now processing file /home/runner/work/key/key/key.core/../key.ui/examples/heap/simple/modifies.key 
76973      INFO  main            d.u.i.k.p.i.AbstractProblemLoader Loading environment from /home/runner/work/key/key/key.core/../key.ui/examples/heap/simple/modifies.key 
76973      DEBUG main            d.u.i.k.p.i.AbstractProblemLoader Environment load took 178.8ns 
76975      INFO  main            d.u.i.k.p.i.AbstractProblemLoader Creating init config 
79267      DEBUG main            d.u.i.k.p.i.AbstractProblemLoader Init config took 2.29s 
79281      INFO  main            d.u.i.k.p.i.AbstractProblemLoader Replaying proof modifies.key 
79282      DEBUG main            d.u.i.k.p.i.IntermediateProofReplayer Proof replay took 6ns 
79384      INFO  main            d.u.i.k.p.r.p.TestFile    ... finished proof: closed. 
79575      INFO  main            d.u.i.k.p.i.AbstractProblemLoader Loading environment from /home/runner/work/key/key/key.core/../key.ui/examples/heap/simple/modifies.key.proof 
79575      DEBUG main            d.u.i.k.p.i.AbstractProblemLoader Environment load took 100.2ns 
79577      INFO  main            d.u.i.k.p.i.AbstractProblemLoader Creating init config 
81801      DEBUG main            d.u.i.k.p.i.AbstractProblemLoader Init config took 2.22s 
81815      INFO  main            d.u.i.k.p.i.AbstractProblemLoader Replaying proof modifies.key.proof 
81827      DEBUG main            d.u.i.k.p.i.IntermediateProofReplayer Proof replay took 10.44ms 
81828      DEBUG main            d.u.i.k.p.r.p.TestFile    ... success: reloaded. 
81828      INFO  main            d.u.i.k.p.r.p.TestFile    Now processing file /home/runner/work/key/key/key.core/../key.ui/examples/heap/simple/object_creation.key 
81828      INFO  main            d.u.i.k.p.i.AbstractProblemLoader Loading environment from /home/runner/work/key/key/key.core/../key.ui/examples/heap/simple/object_creation.key 
81829      DEBUG main            d.u.i.k.p.i.AbstractProblemLoader Environment load took 84.3ns 
81830      INFO  main            d.u.i.k.p.i.AbstractProblemLoader Creating init config 
84121      DEBUG main            d.u.i.k.p.i.AbstractProblemLoader Init config took 2.29s 
84136      INFO  main            d.u.i.k.p.i.AbstractProblemLoader Replaying proof object_creation.key 
84137      DEBUG main            d.u.i.k.p.i.IntermediateProofReplayer Proof replay took 5.4ns 
84340      INFO  main            d.u.i.k.p.r.p.TestFile    ... finished proof: closed. 
84533      INFO  main            d.u.i.k.p.i.AbstractProblemLoader Loading environment from /home/runner/work/key/key/key.core/../key.ui/examples/heap/simple/object_creation.key.proof 
84534      DEBUG main            d.u.i.k.p.i.AbstractProblemLoader Environment load took 105.2ns 
84535      INFO  main            d.u.i.k.p.i.AbstractProblemLoader Creating init config 
86793      DEBUG main            d.u.i.k.p.i.AbstractProblemLoader Init config took 2.26s 
86807      INFO  main            d.u.i.k.p.i.AbstractProblemLoader Replaying proof object_creation.key.proof 
86860      DEBUG main            d.u.i.k.p.i.IntermediateProofReplayer Proof replay took 50.46ms 
86861      DEBUG main            d.u.i.k.p.r.p.TestFile    ... success: reloaded. 
86862      INFO  main            d.u.i.k.p.r.p.TestFile    Now processing file /home/runner/work/key/key/key.core/../key.ui/examples/heap/simple/operation_contracts.key 
86862      INFO  main            d.u.i.k.p.i.AbstractProblemLoader Loading environment from /home/runner/work/key/key/key.core/../key.ui/examples/heap/simple/operation_contracts.key 
86862      DEBUG main            d.u.i.k.p.i.AbstractProblemLoader Environment load took 214.31ns 
86864      INFO  main            d.u.i.k.p.i.AbstractProblemLoader Creating init config 
89374      DEBUG main            d.u.i.k.p.i.AbstractProblemLoader Init config took 2.51s 
89389      INFO  main            d.u.i.k.p.i.AbstractProblemLoader Replaying proof operation_contracts.key 
89391      DEBUG main            d.u.i.k.p.i.IntermediateProofReplayer Proof replay took 5.5ns 
90196      INFO  main            d.u.i.k.p.r.p.TestFile    ... finished proof: closed. 
90435      INFO  main            d.u.i.k.p.i.AbstractProblemLoader Loading environment from /home/runner/work/key/key/key.core/../key.ui/examples/heap/simple/operation_contracts.key.proof 
90436      DEBUG main            d.u.i.k.p.i.AbstractProblemLoader Environment load took 394.01ns 
90438      INFO  main            d.u.i.k.p.i.AbstractProblemLoader Creating init config 
92959      DEBUG main            d.u.i.k.p.i.AbstractProblemLoader Init config took 2.52s 
92974      INFO  main            d.u.i.k.p.i.AbstractProblemLoader Replaying proof operation_contracts.key.proof 
93086      DEBUG main            d.u.i.k.p.i.IntermediateProofReplayer Proof replay took 104.76ms 
93088      DEBUG main            d.u.i.k.p.r.p.TestFile    ... success: reloaded. 
93089      INFO  main            d.u.i.k.p.r.p.TestFile    Now processing file /home/runner/work/key/key/key.core/../key.ui/examples/heap/simple/select_store.key 
93089      INFO  main            d.u.i.k.p.i.AbstractProblemLoader Loading environment from /home/runner/work/key/key/key.core/../key.ui/examples/heap/simple/select_store.key 
93090      DEBUG main            d.u.i.k.p.i.AbstractProblemLoader Environment load took 192.6ns 
93091      INFO  main            d.u.i.k.p.i.AbstractProblemLoader Creating init config 
95423      DEBUG main            d.u.i.k.p.i.AbstractProblemLoader Init config took 2.33s 
95452      INFO  main            d.u.i.k.p.i.AbstractProblemLoader Replaying proof select_store.key 
95453      DEBUG main            d.u.i.k.p.i.IntermediateProofReplayer Proof replay took 5.5ns 
95556      INFO  main            d.u.i.k.p.r.p.TestFile    ... finished proof: closed. 
95780      INFO  main            d.u.i.k.p.i.AbstractProblemLoader Loading environment from /home/runner/work/key/key/key.core/../key.ui/examples/heap/simple/select_store.key.proof 
95780      DEBUG main            d.u.i.k.p.i.AbstractProblemLoader Environment load took 135.7ns 
95782      INFO  main            d.u.i.k.p.i.AbstractProblemLoader Creating init config 
97999      DEBUG main            d.u.i.k.p.i.AbstractProblemLoader Init config took 2.22s 
98013      INFO  main            d.u.i.k.p.i.AbstractProblemLoader Replaying proof select_store.key.proof 
98016      DEBUG main            d.u.i.k.p.i.IntermediateProofReplayer Proof replay took 1.86ms 
98018      DEBUG main            d.u.i.k.p.r.p.TestFile    ... success: reloaded. 
98019      INFO  main            d.u.i.k.p.r.p.TestFile    Now processing file /home/runner/work/key/key/key.core/../key.ui/examples/heap/simple/selection_sort.key 
98019      INFO  main            d.u.i.k.p.i.AbstractProblemLoader Loading environment from /home/runner/work/key/key/key.core/../key.ui/examples/heap/simple/selection_sort.key 
98020      DEBUG main            d.u.i.k.p.i.AbstractProblemLoader Environment load took 87ns 
98021      INFO  main            d.u.i.k.p.i.AbstractProblemLoader Creating init config 
100561     DEBUG main            d.u.i.k.p.i.AbstractProblemLoader Init config took 2.54s 
100577     INFO  main            d.u.i.k.p.i.AbstractProblemLoader Replaying proof selection_sort.key 
100581     DEBUG main            d.u.i.k.p.i.IntermediateProofReplayer Proof replay took 5.8ns 
103938     INFO  main            d.u.i.k.p.r.p.TestFile    ... finished proof: closed. 
104186     INFO  main            d.u.i.k.p.i.AbstractProblemLoader Loading environment from /home/runner/work/key/key/key.core/../key.ui/examples/heap/simple/selection_sort.key.proof 
104186     DEBUG main            d.u.i.k.p.i.AbstractProblemLoader Environment load took 113.4ns 
104187     INFO  main            d.u.i.k.p.i.AbstractProblemLoader Creating init config 
106626     DEBUG main            d.u.i.k.p.i.AbstractProblemLoader Init config took 2.44s 
106640     INFO  main            d.u.i.k.p.i.AbstractProblemLoader Replaying proof selection_sort.key.proof 
107237     DEBUG main            d.u.i.k.p.i.IntermediateProofReplayer Proof replay took 574.88ms 
107239     DEBUG main            d.u.i.k.p.r.p.TestFile    ... success: reloaded. 
107243     INFO  main            d.u.i.k.p.r.p.TestFile    Now processing file /home/runner/work/key/key/key.core/../key.ui/examples/heap/simple/seq.key 
107243     INFO  main            d.u.i.k.p.i.AbstractProblemLoader Loading environment from /home/runner/work/key/key/key.core/../key.ui/examples/heap/simple/seq.key 
107243     DEBUG main            d.u.i.k.p.i.AbstractProblemLoader Environment load took 87.1ns 
107245     INFO  main            d.u.i.k.p.i.AbstractProblemLoader Creating init config 
109536     DEBUG main            d.u.i.k.p.i.AbstractProblemLoader Init config took 2.29s 
109549     INFO  main            d.u.i.k.p.i.AbstractProblemLoader Replaying proof seq.key 
109550     DEBUG main            d.u.i.k.p.i.IntermediateProofReplayer Proof replay took 13.2ns 
109954     INFO  main            d.u.i.k.p.r.p.TestFile    ... finished proof: closed. 
110263     INFO  main            d.u.i.k.p.i.AbstractProblemLoader Loading environment from /home/runner/work/key/key/key.core/../key.ui/examples/heap/simple/seq.key.proof 
110263     DEBUG main            d.u.i.k.p.i.AbstractProblemLoader Environment load took 115.4ns 
110265     INFO  main            d.u.i.k.p.i.AbstractProblemLoader Creating init config 
112466     DEBUG main            d.u.i.k.p.i.AbstractProblemLoader Init config took 2.2s 
112486     INFO  main            d.u.i.k.p.i.AbstractProblemLoader Replaying proof seq.key.proof 
112535     DEBUG main            d.u.i.k.p.i.IntermediateProofReplayer Proof replay took 43.45ms 
112536     DEBUG main            d.u.i.k.p.r.p.TestFile    ... success: reloaded. 
112537     INFO  main            d.u.i.k.p.r.p.TestFile    Now processing file /home/runner/work/key/key/key.core/../key.ui/examples/heap/simple/oldForParams.key 
112537     INFO  main            d.u.i.k.p.i.AbstractProblemLoader Loading environment from /home/runner/work/key/key/key.core/../key.ui/examples/heap/simple/oldForParams.key 
112537     DEBUG main            d.u.i.k.p.i.AbstractProblemLoader Environment load took 195.1ns 
112538     INFO  main            d.u.i.k.p.i.AbstractProblemLoader Creating init config 
115024     DEBUG main            d.u.i.k.p.i.AbstractProblemLoader Init config took 2.49s 
115092     INFO  main            d.u.i.k.p.i.AbstractProblemLoader Replaying proof OldForParameters[OldForParameters::method(int)].JML operation contract.0 
115095     DEBUG main            d.u.i.k.p.i.IntermediateProofReplayer Proof replay took 6.5ns 
115297     INFO  main            d.u.i.k.p.r.p.TestFile    ... finished proof: closed. 
115550     INFO  main            d.u.i.k.p.i.AbstractProblemLoader Loading environment from /home/runner/work/key/key/key.core/../key.ui/examples/heap/simple/oldForParams.key.proof 
115550     DEBUG main            d.u.i.k.p.i.AbstractProblemLoader Environment load took 101.4ns 
115553     INFO  main            d.u.i.k.p.i.AbstractProblemLoader Creating init config 
117997     DEBUG main            d.u.i.k.p.i.AbstractProblemLoader Init config took 2.44s 
118035     INFO  main            d.u.i.k.p.i.AbstractProblemLoader Replaying proof OldForParameters[OldForParameters::method(int)].JML operation contract.0 
118078     DEBUG main            d.u.i.k.p.i.IntermediateProofReplayer Proof replay took 40.74ms 
118079     DEBUG main            d.u.i.k.p.r.p.TestFile    ... success: reloaded. 
118080     INFO  main            d.u.i.k.p.r.p.TestFile    Now processing file /home/runner/work/key/key/key.core/../key.ui/examples/heap/simple/parse_lmtd.key 
118080     INFO  main            d.u.i.k.p.i.AbstractProblemLoader Loading environment from /home/runner/work/key/key/key.core/../key.ui/examples/heap/simple/parse_lmtd.key 
118080     DEBUG main            d.u.i.k.p.i.AbstractProblemLoader Environment load took 106.5ns 
118081     INFO  main            d.u.i.k.p.i.AbstractProblemLoader Creating init config 
120591     DEBUG main            d.u.i.k.p.i.AbstractProblemLoader Init config took 2.51s 
120629     INFO  main            d.u.i.k.p.i.AbstractProblemLoader Replaying proof ParseLmtd[ParseLmtd::simple(int)].JML normal_behavior operation contract.0 
120630     DEBUG main            d.u.i.k.p.i.IntermediateProofReplayer Proof replay took 5.6ns 
120732     INFO  main            d.u.i.k.p.r.p.TestFile    ... finished proof: closed. 
120966     INFO  main            d.u.i.k.p.i.AbstractProblemLoader Loading environment from /home/runner/work/key/key/key.core/../key.ui/examples/heap/simple/parse_lmtd.key.proof 
120966     DEBUG main            d.u.i.k.p.i.AbstractProblemLoader Environment load took 109.7ns 
120967     INFO  main            d.u.i.k.p.i.AbstractProblemLoader Creating init config 
123402     DEBUG main            d.u.i.k.p.i.AbstractProblemLoader Init config took 2.43s 
123450     INFO  main            d.u.i.k.p.i.AbstractProblemLoader Replaying proof ParseLmtd[ParseLmtd::simple(int)].JML normal_behavior operation contract.0 
123475     DEBUG main            d.u.i.k.p.i.IntermediateProofReplayer Proof replay took 22.54ms 
123476     DEBUG main            d.u.i.k.p.r.p.TestFile    ... success: reloaded. 
123477     INFO  main            d.u.i.k.p.r.p.TestFile    Now processing file /home/runner/work/key/key/key.core/../key.ui/examples/heap/strictly_pure/strictlyPureMethod.key 
123479     INFO  main            d.u.i.k.p.i.AbstractProblemLoader Loading environment from /home/runner/work/key/key/key.core/../key.ui/examples/heap/strictly_pure/strictlyPureMethod.key 
123479     DEBUG main            d.u.i.k.p.i.AbstractProblemLoader Environment load took 242.31ns 
123480     INFO  main            d.u.i.k.p.i.AbstractProblemLoader Creating init config 
125876     DEBUG main            d.u.i.k.p.i.AbstractProblemLoader Init config took 2.4s 
125910     INFO  main            d.u.i.k.p.i.AbstractProblemLoader Replaying proof StrictlyPure[StrictlyPure::strictlyPureMethod()].JML operation contract.0 
125912     DEBUG main            d.u.i.k.p.i.IntermediateProofReplayer Proof replay took 5.6ns 
126117     INFO  main            d.u.i.k.p.r.p.TestFile    ... finished proof: closed. 
126358     INFO  main            d.u.i.k.p.i.AbstractProblemLoader Loading environment from /home/runner/work/key/key/key.core/../key.ui/examples/heap/strictly_pure/strictlyPureMethod.key.proof 
126358     DEBUG main            d.u.i.k.p.i.AbstractProblemLoader Environment load took 99.5ns 
126359     INFO  main            d.u.i.k.p.i.AbstractProblemLoader Creating init config 
128658     DEBUG main            d.u.i.k.p.i.AbstractProblemLoader Init config took 2.3s 
128691     INFO  main            d.u.i.k.p.i.AbstractProblemLoader Replaying proof StrictlyPure[StrictlyPure::strictlyPureMethod()].JML operation contract.0 
128725     DEBUG main            d.u.i.k.p.i.IntermediateProofReplayer Proof replay took 31.89ms 
128726     DEBUG main            d.u.i.k.p.r.p.TestFile    ... success: reloaded. 
128727     INFO  main            d.u.i.k.p.r.p.TestFile    Now processing file /home/runner/work/key/key/key.core/../key.ui/examples/heap/strictly_pure/useStrictlyPureMethod.key 
128727     INFO  main            d.u.i.k.p.i.AbstractProblemLoader Loading environment from /home/runner/work/key/key/key.core/../key.ui/examples/heap/strictly_pure/useStrictlyPureMethod.key 
128727     DEBUG main            d.u.i.k.p.i.AbstractProblemLoader Environment load took 81.1ns 
128728     INFO  main            d.u.i.k.p.i.AbstractProblemLoader Creating init config 
131084     DEBUG main            d.u.i.k.p.i.AbstractProblemLoader Init config took 2.36s 
131117     INFO  main            d.u.i.k.p.i.AbstractProblemLoader Replaying proof StrictlyPure[StrictlyPure::useStrictlyPureMethod(StrictlyPureClass)].JML operation contract.0 
131118     DEBUG main            d.u.i.k.p.i.IntermediateProofReplayer Proof replay took 5.9ns 
131324     INFO  main            d.u.i.k.p.r.p.TestFile    ... finished proof: closed. 
131567     INFO  main            d.u.i.k.p.i.AbstractProblemLoader Loading environment from /home/runner/work/key/key/key.core/../key.ui/examples/heap/strictly_pure/useStrictlyPureMethod.key.proof 
131567     DEBUG main            d.u.i.k.p.i.AbstractProblemLoader Environment load took 104.6ns 
131568     INFO  main            d.u.i.k.p.i.AbstractProblemLoader Creating init config 
133844     DEBUG main            d.u.i.k.p.i.AbstractProblemLoader Init config took 2.28s 
133877     INFO  main            d.u.i.k.p.i.AbstractProblemLoader Replaying proof StrictlyPure[StrictlyPure::useStrictlyPureMethod(StrictlyPureClass)].JML operation contract.0 
133926     DEBUG main            d.u.i.k.p.i.IntermediateProofReplayer Proof replay took 46.41ms 
133927     DEBUG main            d.u.i.k.p.r.p.TestFile    ... success: reloaded. 
133928     INFO  main            d.u.i.k.p.r.p.TestFile    Now processing file /home/runner/work/key/key/key.core/../key.ui/examples/heap/Wellfounded/ackermann.key 
133928     INFO  main            d.u.i.k.p.i.AbstractProblemLoader Loading environment from /home/runner/work/key/key/key.core/../key.ui/examples/heap/Wellfounded/ackermann.key 
133928     DEBUG main            d.u.i.k.p.i.AbstractProblemLoader Environment load took 85.1ns 
133929     INFO  main            d.u.i.k.p.i.AbstractProblemLoader Creating init config 
136269     DEBUG main            d.u.i.k.p.i.AbstractProblemLoader Init config took 2.34s 
136318     INFO  main            d.u.i.k.p.i.AbstractProblemLoader Replaying proof Ackermann[Ackermann::a(int,int)].JML normal_behavior operation contract.0 
136321     DEBUG main            d.u.i.k.p.i.IntermediateProofReplayer Proof replay took 6ns 
136523     INFO  main            d.u.i.k.p.r.p.TestFile    ... finished proof: closed. 
136799     INFO  main            d.u.i.k.p.i.AbstractProblemLoader Loading environment from /home/runner/work/key/key/key.core/../key.ui/examples/heap/Wellfounded/ackermann.key.proof 
136799     DEBUG main            d.u.i.k.p.i.AbstractProblemLoader Environment load took 99.7ns 
136800     INFO  main            d.u.i.k.p.i.AbstractProblemLoader Creating init config 
139089     DEBUG main            d.u.i.k.p.i.AbstractProblemLoader Init config took 2.29s 
139131     INFO  main            d.u.i.k.p.i.AbstractProblemLoader Replaying proof Ackermann[Ackermann::a(int,int)].JML normal_behavior operation contract.0 
139188     DEBUG main            d.u.i.k.p.i.IntermediateProofReplayer Proof replay took 53.24ms 
139189     DEBUG main            d.u.i.k.p.r.p.TestFile    ... success: reloaded. 
139190     INFO  main            d.u.i.k.p.r.p.TestFile    Now processing file /home/runner/work/key/key/key.core/../key.ui/examples/standard_key/unicode_test.key 
139190     INFO  main            d.u.i.k.p.i.AbstractProblemLoader Loading environment from /home/runner/work/key/key/key.core/../key.ui/examples/standard_key/unicode_test.key 
139190     DEBUG main            d.u.i.k.p.i.AbstractProblemLoader Environment load took 202.31ns 
139192     INFO  main            d.u.i.k.p.i.AbstractProblemLoader Creating init config 
141456     DEBUG main            d.u.i.k.p.i.AbstractProblemLoader Init config took 2.26s 
141468     INFO  main            d.u.i.k.p.i.AbstractProblemLoader Replaying proof unicode_test.key 
141469     DEBUG main            d.u.i.k.p.i.IntermediateProofReplayer Proof replay took 6ns 
141575     INFO  main            d.u.i.k.p.r.p.TestFile    ... finished proof: closed. 
141814     INFO  main            d.u.i.k.p.i.AbstractProblemLoader Loading environment from /home/runner/work/key/key/key.core/../key.ui/examples/standard_key/unicode_test.key.proof 
141814     DEBUG main            d.u.i.k.p.i.AbstractProblemLoader Environment load took 96.2ns 
141817     INFO  main            d.u.i.k.p.i.AbstractProblemLoader Creating init config 
144053     DEBUG main            d.u.i.k.p.i.AbstractProblemLoader Init config took 2.24s 
144065     INFO  main            d.u.i.k.p.i.AbstractProblemLoader Replaying proof unicode_test.key.proof 
144067     DEBUG main            d.u.i.k.p.i.IntermediateProofReplayer Proof replay took 318.11ns 
144067     DEBUG main            d.u.i.k.p.r.p.TestFile    ... success: reloaded. 
144068     INFO  main            d.u.i.k.p.r.p.TestFile    Now processing file /home/runner/work/key/key/key.core/../key.ui/examples/heap/strictlyModular/mayExpand.key 
144071     INFO  main            d.u.i.k.p.i.AbstractProblemLoader Loading environment from /home/runner/work/key/key/key.core/../key.ui/examples/heap/strictlyModular/mayExpand.key 
144074     DEBUG main            d.u.i.k.p.i.AbstractProblemLoader Environment load took 3.06ms 
144075     INFO  main            d.u.i.k.p.i.AbstractProblemLoader Creating init config 
146395     DEBUG main            d.u.i.k.p.i.AbstractProblemLoader Init config took 2.32s 
146428     INFO  main            d.u.i.k.p.i.AbstractProblemLoader Replaying proof Modular[Modular::m()].JML operation contract.0 
146429     DEBUG main            d.u.i.k.p.i.IntermediateProofReplayer Proof replay took 5.3ns 
146531     INFO  main            d.u.i.k.p.r.p.TestFile    ... finished proof: closed. 
146771     INFO  main            d.u.i.k.p.i.AbstractProblemLoader Loading environment from /home/runner/work/key/key/key.core/../key.ui/examples/heap/strictlyModular/mayExpand.key.proof 
146771     DEBUG main            d.u.i.k.p.i.AbstractProblemLoader Environment load took 108.2ns 
146772     INFO  main            d.u.i.k.p.i.AbstractProblemLoader Creating init config 
149022     DEBUG main            d.u.i.k.p.i.AbstractProblemLoader Init config took 2.25s 
149055     INFO  main            d.u.i.k.p.i.AbstractProblemLoader Replaying proof Modular[Modular::m()].JML operation contract.0 
149081     DEBUG main            d.u.i.k.p.i.IntermediateProofReplayer Proof replay took 23.98ms 
149082     DEBUG main            d.u.i.k.p.r.p.TestFile    ... success: reloaded. 
149083     INFO  main            d.u.i.k.p.r.p.TestFile    Now processing file /home/runner/work/key/key/key.core/../key.ui/examples/heap/strictlyModular/modularOnly.key 
149083     INFO  main            d.u.i.k.p.i.AbstractProblemLoader Loading environment from /home/runner/work/key/key/key.core/../key.ui/examples/heap/strictlyModular/modularOnly.key 
149083     DEBUG main            d.u.i.k.p.i.AbstractProblemLoader Environment load took 180.6ns 
149084     INFO  main            d.u.i.k.p.i.AbstractProblemLoader Creating init config 
151394     DEBUG main            d.u.i.k.p.i.AbstractProblemLoader Init config took 2.31s 
151427     INFO  main            d.u.i.k.p.i.AbstractProblemLoader Replaying proof Modular[Modular::m()].JML operation contract.0 
151428     DEBUG main            d.u.i.k.p.i.IntermediateProofReplayer Proof replay took 5.5ns 
151531     INFO  main            d.u.i.k.p.r.p.TestFile    ... finished proof: open goal(s) 
1806707    INFO  Test worker     d.u.i.k.p.r.p.StatisticsFile Returning from test simpleTests 
1806710    INFO  Test worker     d.u.i.k.p.r.p.StatisticsFile Running test SmansEtAl 
352        INFO  Timeout watchdog d.u.i.k.p.r.p.ForkedTestFileRunner Timeout watcher launched (2000 secs.) 
364        WARN  main            d.u.i.k.s.ProofSettings   The settings in /home/runner/.key/proof-settings.props are *not* read. 
410        INFO  main            d.u.i.k.p.r.p.TestFile    Now processing file /home/runner/work/key/key/key.core/../key.ui/examples/heap/SmansEtAl/ArrayList_add.key 
561        INFO  main            d.u.i.k.p.i.AbstractProblemLoader Loading environment from /home/runner/work/key/key/key.core/../key.ui/examples/heap/SmansEtAl/ArrayList_add.key 
582        DEBUG main            d.u.i.k.p.i.AbstractProblemLoader Environment load took 2.01ms 
785        INFO  main            d.u.i.k.p.i.AbstractProblemLoader Creating init config 
1709       DEBUG main            d.u.i.k.j.TypeConverter   No LDT found for Meta 
1710       DEBUG main            d.u.i.k.j.TypeConverter   No LDT found for Meta 
1713       DEBUG main            d.u.i.k.j.TypeConverter   No LDT found for Meta 
1714       DEBUG main            d.u.i.k.j.TypeConverter   No LDT found for Meta 
3284       DEBUG main            d.u.i.k.j.TypeConverter   No LDT found for JavaBigintExpression 
8288       DEBUG main            d.u.i.k.p.i.AbstractProblemLoader Init config took 7.5s 
8419       INFO  main            d.u.i.k.p.i.AbstractProblemLoader Replaying proof ArrayList[ArrayList::add(java.lang.Object)].JML normal_behavior operation contract.0 
8450       DEBUG main            d.u.i.k.p.i.IntermediateProofReplayer Proof replay took 30.8ns 
15535      INFO  main            d.u.i.k.p.r.p.TestFile    ... finished proof: closed. 
15703      INFO  main            d.u.i.k.p.i.AbstractProblemLoader Loading environment from /home/runner/work/key/key/key.core/../key.ui/examples/heap/SmansEtAl/ArrayList_add.key.proof 
15703      DEBUG main            d.u.i.k.p.i.AbstractProblemLoader Environment load took 814.02ns 
15706      INFO  main            d.u.i.k.p.i.AbstractProblemLoader Creating init config 
18578      DEBUG main            d.u.i.k.p.i.AbstractProblemLoader Init config took 2.87s 
18643      INFO  main            d.u.i.k.p.i.AbstractProblemLoader Replaying proof ArrayList[ArrayList::add(java.lang.Object)].JML normal_behavior operation contract.0 
19671      DEBUG main            d.u.i.k.p.i.IntermediateProofReplayer Proof replay took 981.23ms 
19680      DEBUG main            d.u.i.k.p.r.p.TestFile    ... success: reloaded. 
19682      INFO  main            d.u.i.k.p.r.p.TestFile    Now processing file /home/runner/work/key/key/key.core/../key.ui/examples/heap/SmansEtAl/ArrayList_ArrayList.key 
19682      INFO  main            d.u.i.k.p.i.AbstractProblemLoader Loading environment from /home/runner/work/key/key/key.core/../key.ui/examples/heap/SmansEtAl/ArrayList_ArrayList.key 
19682      DEBUG main            d.u.i.k.p.i.AbstractProblemLoader Environment load took 215.01ns 
19684      INFO  main            d.u.i.k.p.i.AbstractProblemLoader Creating init config 
22458      DEBUG main            d.u.i.k.p.i.AbstractProblemLoader Init config took 2.77s 
22512      INFO  main            d.u.i.k.p.i.AbstractProblemLoader Replaying proof ArrayList[ArrayList::ArrayList()].JML normal_behavior operation contract.0 
22514      DEBUG main            d.u.i.k.p.i.IntermediateProofReplayer Proof replay took 5.3ns 
23420      INFO  main            d.u.i.k.p.r.p.TestFile    ... finished proof: closed. 
23555      INFO  main            d.u.i.k.p.i.AbstractProblemLoader Loading environment from /home/runner/work/key/key/key.core/../key.ui/examples/heap/SmansEtAl/ArrayList_ArrayList.key.proof 
23556      DEBUG main            d.u.i.k.p.i.AbstractProblemLoader Environment load took 705.52ns 
23557      INFO  main            d.u.i.k.p.i.AbstractProblemLoader Creating init config 
26242      DEBUG main            d.u.i.k.p.i.AbstractProblemLoader Init config took 2.68s 
26289      INFO  main            d.u.i.k.p.i.AbstractProblemLoader Replaying proof ArrayList[ArrayList::ArrayList()].JML normal_behavior operation contract.0 
26435      DEBUG main            d.u.i.k.p.i.IntermediateProofReplayer Proof replay took 137.55ms 
26437      DEBUG main            d.u.i.k.p.r.p.TestFile    ... success: reloaded. 
26438      INFO  main            d.u.i.k.p.r.p.TestFile    Now processing file /home/runner/work/key/key/key.core/../key.ui/examples/heap/SmansEtAl/ArrayList_footprint.key 
26439      INFO  main            d.u.i.k.p.i.AbstractProblemLoader Loading environment from /home/runner/work/key/key/key.core/../key.ui/examples/heap/SmansEtAl/ArrayList_footprint.key 
26439      DEBUG main            d.u.i.k.p.i.AbstractProblemLoader Environment load took 210.31ns 
26440      INFO  main            d.u.i.k.p.i.AbstractProblemLoader Creating init config 
29072      DEBUG main            d.u.i.k.p.i.AbstractProblemLoader Init config took 2.63s 
29118      INFO  main            d.u.i.k.p.i.AbstractProblemLoader Replaying proof ArrayList[ArrayList::$footprint()].JML accessible clause.0 
29120      DEBUG main            d.u.i.k.p.i.IntermediateProofReplayer Proof replay took 6ns 
29222      INFO  main            d.u.i.k.p.r.p.TestFile    ... finished proof: closed. 
29358      INFO  main            d.u.i.k.p.i.AbstractProblemLoader Loading environment from /home/runner/work/key/key/key.core/../key.ui/examples/heap/SmansEtAl/ArrayList_footprint.key.proof 
29358      DEBUG main            d.u.i.k.p.i.AbstractProblemLoader Environment load took 113.2ns 
29359      INFO  main            d.u.i.k.p.i.AbstractProblemLoader Creating init config 
31924      DEBUG main            d.u.i.k.p.i.AbstractProblemLoader Init config took 2.57s 
31975      INFO  main            d.u.i.k.p.i.AbstractProblemLoader Replaying proof ArrayList[ArrayList::$footprint()].JML accessible clause.0 
31986      DEBUG main            d.u.i.k.p.i.IntermediateProofReplayer Proof replay took 8.71ms 
31987      DEBUG main            d.u.i.k.p.r.p.TestFile    ... success: reloaded. 
31989      INFO  main            d.u.i.k.p.r.p.TestFile    Now processing file /home/runner/work/key/key/key.core/../key.ui/examples/heap/SmansEtAl/ArrayList_get_dep.key 
31989      INFO  main            d.u.i.k.p.i.AbstractProblemLoader Loading environment from /home/runner/work/key/key/key.core/../key.ui/examples/heap/SmansEtAl/ArrayList_get_dep.key 
31989      DEBUG main            d.u.i.k.p.i.AbstractProblemLoader Environment load took 271.41ns 
31990      INFO  main            d.u.i.k.p.i.AbstractProblemLoader Creating init config 
34563      DEBUG main            d.u.i.k.p.i.AbstractProblemLoader Init config took 2.57s 
34617      INFO  main            d.u.i.k.p.i.AbstractProblemLoader Replaying proof ArrayList[ArrayList::get(int)].JML accessible clause.0 
34618      DEBUG main            d.u.i.k.p.i.IntermediateProofReplayer Proof replay took 5.9ns 
34921      INFO  main            d.u.i.k.p.r.p.TestFile    ... finished proof: closed. 
35069      INFO  main            d.u.i.k.p.i.AbstractProblemLoader Loading environment from /home/runner/work/key/key/key.core/../key.ui/examples/heap/SmansEtAl/ArrayList_get_dep.key.proof 
35069      DEBUG main            d.u.i.k.p.i.AbstractProblemLoader Environment load took 113.2ns 
35070      INFO  main            d.u.i.k.p.i.AbstractProblemLoader Creating init config 
37681      DEBUG main            d.u.i.k.p.i.AbstractProblemLoader Init config took 2.61s 
37739      INFO  main            d.u.i.k.p.i.AbstractProblemLoader Replaying proof ArrayList[ArrayList::get(int)].JML accessible clause.0 
37798      DEBUG main            d.u.i.k.p.i.IntermediateProofReplayer Proof replay took 54.25ms 
37799      DEBUG main            d.u.i.k.p.r.p.TestFile    ... success: reloaded. 
37801      INFO  main            d.u.i.k.p.r.p.TestFile    Now processing file /home/runner/work/key/key/key.core/../key.ui/examples/heap/SmansEtAl/ArrayList_get.key 
37801      INFO  main            d.u.i.k.p.i.AbstractProblemLoader Loading environment from /home/runner/work/key/key/key.core/../key.ui/examples/heap/SmansEtAl/ArrayList_get.key 
37801      DEBUG main            d.u.i.k.p.i.AbstractProblemLoader Environment load took 196.31ns 
37802      INFO  main            d.u.i.k.p.i.AbstractProblemLoader Creating init config 
40387      DEBUG main            d.u.i.k.p.i.AbstractProblemLoader Init config took 2.58s 
40437      INFO  main            d.u.i.k.p.i.AbstractProblemLoader Replaying proof ArrayList[ArrayList::get(int)].JML normal_behavior operation contract.0 
40440      DEBUG main            d.u.i.k.p.i.IntermediateProofReplayer Proof replay took 5.8ns 
40643      INFO  main            d.u.i.k.p.r.p.TestFile    ... finished proof: closed. 
40802      INFO  main            d.u.i.k.p.i.AbstractProblemLoader Loading environment from /home/runner/work/key/key/key.core/../key.ui/examples/heap/SmansEtAl/ArrayList_get.key.proof 
40802      DEBUG main            d.u.i.k.p.i.AbstractProblemLoader Environment load took 115.7ns 
40803      INFO  main            d.u.i.k.p.i.AbstractProblemLoader Creating init config 
43370      DEBUG main            d.u.i.k.p.i.AbstractProblemLoader Init config took 2.57s 
43436      INFO  main            d.u.i.k.p.i.AbstractProblemLoader Replaying proof ArrayList[ArrayList::get(int)].JML normal_behavior operation contract.0 
43465      DEBUG main            d.u.i.k.p.i.IntermediateProofReplayer Proof replay took 26.8ms 
43466      DEBUG main            d.u.i.k.p.r.p.TestFile    ... success: reloaded. 
43467      INFO  main            d.u.i.k.p.r.p.TestFile    Now processing file /home/runner/work/key/key/key.core/../key.ui/examples/heap/SmansEtAl/ArrayList_inv.key 
43468      INFO  main            d.u.i.k.p.i.AbstractProblemLoader Loading environment from /home/runner/work/key/key/key.core/../key.ui/examples/heap/SmansEtAl/ArrayList_inv.key 
43468      DEBUG main            d.u.i.k.p.i.AbstractProblemLoader Environment load took 84.3ns 
43469      INFO  main            d.u.i.k.p.i.AbstractProblemLoader Creating init config 
46058      DEBUG main            d.u.i.k.p.i.AbstractProblemLoader Init config took 2.59s 
46105      INFO  main            d.u.i.k.p.i.AbstractProblemLoader Replaying proof ArrayList[java.lang.Object::<inv>()].JML accessible clause.0 
46107      DEBUG main            d.u.i.k.p.i.IntermediateProofReplayer Proof replay took 5.6ns 
46211      INFO  main            d.u.i.k.p.r.p.TestFile    ... finished proof: closed. 
46364      INFO  main            d.u.i.k.p.i.AbstractProblemLoader Loading environment from /home/runner/work/key/key/key.core/../key.ui/examples/heap/SmansEtAl/ArrayList_inv.key.proof 
46364      DEBUG main            d.u.i.k.p.i.AbstractProblemLoader Environment load took 111.8ns 
46365      INFO  main            d.u.i.k.p.i.AbstractProblemLoader Creating init config 
48884      DEBUG main            d.u.i.k.p.i.AbstractProblemLoader Init config took 2.52s 
48923      INFO  main            d.u.i.k.p.i.AbstractProblemLoader Replaying proof ArrayList[java.lang.Object::<inv>()].JML accessible clause.0 
48935      DEBUG main            d.u.i.k.p.i.IntermediateProofReplayer Proof replay took 9.09ms 
48936      DEBUG main            d.u.i.k.p.r.p.TestFile    ... success: reloaded. 
48937      INFO  main            d.u.i.k.p.r.p.TestFile    Now processing file /home/runner/work/key/key/key.core/../key.ui/examples/heap/SmansEtAl/ArrayList_size_dep.key 
48937      INFO  main            d.u.i.k.p.i.AbstractProblemLoader Loading environment from /home/runner/work/key/key/key.core/../key.ui/examples/heap/SmansEtAl/ArrayList_size_dep.key 
48937      DEBUG main            d.u.i.k.p.i.AbstractProblemLoader Environment load took 188.41ns 
48938      INFO  main            d.u.i.k.p.i.AbstractProblemLoader Creating init config 
51488      DEBUG main            d.u.i.k.p.i.AbstractProblemLoader Init config took 2.55s 
51527      INFO  main            d.u.i.k.p.i.AbstractProblemLoader Replaying proof ArrayList[ArrayList::size()].JML accessible clause.0 
51528      DEBUG main            d.u.i.k.p.i.IntermediateProofReplayer Proof replay took 5.2ns 
51632      INFO  main            d.u.i.k.p.r.p.TestFile    ... finished proof: closed. 
51805      INFO  main            d.u.i.k.p.i.AbstractProblemLoader Loading environment from /home/runner/work/key/key/key.core/../key.ui/examples/heap/SmansEtAl/ArrayList_size_dep.key.proof 
51805      DEBUG main            d.u.i.k.p.i.AbstractProblemLoader Environment load took 109.9ns 
51806      INFO  main            d.u.i.k.p.i.AbstractProblemLoader Creating init config 
54316      DEBUG main            d.u.i.k.p.i.AbstractProblemLoader Init config took 2.51s 
54355      INFO  main            d.u.i.k.p.i.AbstractProblemLoader Replaying proof ArrayList[ArrayList::size()].JML accessible clause.0 
54372      DEBUG main            d.u.i.k.p.i.IntermediateProofReplayer Proof replay took 14.81ms 
54373      DEBUG main            d.u.i.k.p.r.p.TestFile    ... success: reloaded. 
54374      INFO  main            d.u.i.k.p.r.p.TestFile    Now processing file /home/runner/work/key/key/key.core/../key.ui/examples/heap/SmansEtAl/ArrayList_size.key 
54374      INFO  main            d.u.i.k.p.i.AbstractProblemLoader Loading environment from /home/runner/work/key/key/key.core/../key.ui/examples/heap/SmansEtAl/ArrayList_size.key 
54374      DEBUG main            d.u.i.k.p.i.AbstractProblemLoader Environment load took 86.3ns 
54375      INFO  main            d.u.i.k.p.i.AbstractProblemLoader Creating init config 
56947      DEBUG main            d.u.i.k.p.i.AbstractProblemLoader Init config took 2.57s 
56985      INFO  main            d.u.i.k.p.i.AbstractProblemLoader Replaying proof ArrayList[ArrayList::size()].JML normal_behavior operation contract.0 
56987      DEBUG main            d.u.i.k.p.i.IntermediateProofReplayer Proof replay took 5.7ns 
57089      INFO  main            d.u.i.k.p.r.p.TestFile    ... finished proof: closed. 
57254      INFO  main            d.u.i.k.p.i.AbstractProblemLoader Loading environment from /home/runner/work/key/key/key.core/../key.ui/examples/heap/SmansEtAl/ArrayList_size.key.proof 
57254      DEBUG main            d.u.i.k.p.i.AbstractProblemLoader Environment load took 109.4ns 
57255      INFO  main            d.u.i.k.p.i.AbstractProblemLoader Creating init config 
59774      DEBUG main            d.u.i.k.p.i.AbstractProblemLoader Init config took 2.52s 
59813      INFO  main            d.u.i.k.p.i.AbstractProblemLoader Replaying proof ArrayList[ArrayList::size()].JML normal_behavior operation contract.0 
59827      DEBUG main            d.u.i.k.p.i.IntermediateProofReplayer Proof replay took 12.25ms 
59828      DEBUG main            d.u.i.k.p.r.p.TestFile    ... success: reloaded. 
59829      INFO  main            d.u.i.k.p.r.p.TestFile    Now processing file /home/runner/work/key/key/key.core/../key.ui/examples/heap/SmansEtAl/Cell_Cell.key 
59830      INFO  main            d.u.i.k.p.i.AbstractProblemLoader Loading environment from /home/runner/work/key/key/key.core/../key.ui/examples/heap/SmansEtAl/Cell_Cell.key 
59830      DEBUG main            d.u.i.k.p.i.AbstractProblemLoader Environment load took 200.31ns 
59831      INFO  main            d.u.i.k.p.i.AbstractProblemLoader Creating init config 
62322      DEBUG main            d.u.i.k.p.i.AbstractProblemLoader Init config took 2.49s 
62357      INFO  main            d.u.i.k.p.i.AbstractProblemLoader Replaying proof Cell[Cell::Cell()].JML normal_behavior operation contract.0 
62358      DEBUG main            d.u.i.k.p.i.IntermediateProofReplayer Proof replay took 6.6ns 
62561      INFO  main            d.u.i.k.p.r.p.TestFile    ... finished proof: closed. 
62741      INFO  main            d.u.i.k.p.i.AbstractProblemLoader Loading environment from /home/runner/work/key/key/key.core/../key.ui/examples/heap/SmansEtAl/Cell_Cell.key.proof 
62742      DEBUG main            d.u.i.k.p.i.AbstractProblemLoader Environment load took 113.1ns 
62743      INFO  main            d.u.i.k.p.i.AbstractProblemLoader Creating init config 
65259      DEBUG main            d.u.i.k.p.i.AbstractProblemLoader Init config took 2.52s 
65294      INFO  main            d.u.i.k.p.i.AbstractProblemLoader Replaying proof Cell[Cell::Cell()].JML normal_behavior operation contract.0 
65331      DEBUG main            d.u.i.k.p.i.IntermediateProofReplayer Proof replay took 34.86ms 
65332      DEBUG main            d.u.i.k.p.r.p.TestFile    ... success: reloaded. 
65333      INFO  main            d.u.i.k.p.r.p.TestFile    Now processing file /home/runner/work/key/key/key.core/../key.ui/examples/heap/SmansEtAl/Cell_footprint.key 
65333      INFO  main            d.u.i.k.p.i.AbstractProblemLoader Loading environment from /home/runner/work/key/key/key.core/../key.ui/examples/heap/SmansEtAl/Cell_footprint.key 
65334      DEBUG main            d.u.i.k.p.i.AbstractProblemLoader Environment load took 90.8ns 
65334      INFO  main            d.u.i.k.p.i.AbstractProblemLoader Creating init config 
67858      DEBUG main            d.u.i.k.p.i.AbstractProblemLoader Init config took 2.52s 
67892      INFO  main            d.u.i.k.p.i.AbstractProblemLoader Replaying proof Cell[Cell::$footprint()].JML accessible clause.0 
67894      DEBUG main            d.u.i.k.p.i.IntermediateProofReplayer Proof replay took 6.6ns 
67996      INFO  main            d.u.i.k.p.r.p.TestFile    ... finished proof: closed. 
68172      INFO  main            d.u.i.k.p.i.AbstractProblemLoader Loading environment from /home/runner/work/key/key/key.core/../key.ui/examples/heap/SmansEtAl/Cell_footprint.key.proof 
68172      DEBUG main            d.u.i.k.p.i.AbstractProblemLoader Environment load took 108.6ns 
68173      INFO  main            d.u.i.k.p.i.AbstractProblemLoader Creating init config 
70648      DEBUG main            d.u.i.k.p.i.AbstractProblemLoader Init config took 2.47s 
70681      INFO  main            d.u.i.k.p.i.AbstractProblemLoader Replaying proof Cell[Cell::$footprint()].JML accessible clause.0 
70686      DEBUG main            d.u.i.k.p.i.IntermediateProofReplayer Proof replay took 3.32ms 
70687      DEBUG main            d.u.i.k.p.r.p.TestFile    ... success: reloaded. 
70689      INFO  main            d.u.i.k.p.r.p.TestFile    Now processing file /home/runner/work/key/key/key.core/../key.ui/examples/heap/SmansEtAl/Cell_getX_dep.key 
70689      INFO  main            d.u.i.k.p.i.AbstractProblemLoader Loading environment from /home/runner/work/key/key/key.core/../key.ui/examples/heap/SmansEtAl/Cell_getX_dep.key 
70689      DEBUG main            d.u.i.k.p.i.AbstractProblemLoader Environment load took 189.31ns 
70690      INFO  main            d.u.i.k.p.i.AbstractProblemLoader Creating init config 
73256      DEBUG main            d.u.i.k.p.i.AbstractProblemLoader Init config took 2.57s 
73290      INFO  main            d.u.i.k.p.i.AbstractProblemLoader Replaying proof Cell[Cell::getX()].JML accessible clause.0 
73292      DEBUG main            d.u.i.k.p.i.IntermediateProofReplayer Proof replay took 5.9ns 
73396      INFO  main            d.u.i.k.p.r.p.TestFile    ... finished proof: closed. 
73596      INFO  main            d.u.i.k.p.i.AbstractProblemLoader Loading environment from /home/runner/work/key/key/key.core/../key.ui/examples/heap/SmansEtAl/Cell_getX_dep.key.proof 
73596      DEBUG main            d.u.i.k.p.i.AbstractProblemLoader Environment load took 108.8ns 
73597      INFO  main            d.u.i.k.p.i.AbstractProblemLoader Creating init config 
76085      DEBUG main            d.u.i.k.p.i.AbstractProblemLoader Init config took 2.49s 
76123      INFO  main            d.u.i.k.p.i.AbstractProblemLoader Replaying proof Cell[Cell::getX()].JML accessible clause.0 
76144      DEBUG main            d.u.i.k.p.i.IntermediateProofReplayer Proof replay took 17.65ms 
76146      DEBUG main            d.u.i.k.p.r.p.TestFile    ... success: reloaded. 
76149      INFO  main            d.u.i.k.p.r.p.TestFile    Now processing file /home/runner/work/key/key/key.core/../key.ui/examples/heap/SmansEtAl/Cell_getX.key 
76150      INFO  main            d.u.i.k.p.i.AbstractProblemLoader Loading environment from /home/runner/work/key/key/key.core/../key.ui/examples/heap/SmansEtAl/Cell_getX.key 
76150      DEBUG main            d.u.i.k.p.i.AbstractProblemLoader Environment load took 204.71ns 
76151      INFO  main            d.u.i.k.p.i.AbstractProblemLoader Creating init config 
78668      DEBUG main            d.u.i.k.p.i.AbstractProblemLoader Init config took 2.52s 
78702      INFO  main            d.u.i.k.p.i.AbstractProblemLoader Replaying proof Cell[Cell::getX()].JML normal_behavior operation contract.0 
78703      DEBUG main            d.u.i.k.p.i.IntermediateProofReplayer Proof replay took 6.1ns 
78808      INFO  main            d.u.i.k.p.r.p.TestFile    ... finished proof: closed. 
78993      INFO  main            d.u.i.k.p.i.AbstractProblemLoader Loading environment from /home/runner/work/key/key/key.core/../key.ui/examples/heap/SmansEtAl/Cell_getX.key.proof 
78993      DEBUG main            d.u.i.k.p.i.AbstractProblemLoader Environment load took 111.7ns 
78994      INFO  main            d.u.i.k.p.i.AbstractProblemLoader Creating init config 
81509      DEBUG main            d.u.i.k.p.i.AbstractProblemLoader Init config took 2.51s 
81542      INFO  main            d.u.i.k.p.i.AbstractProblemLoader Replaying proof Cell[Cell::getX()].JML normal_behavior operation contract.0 
81554      DEBUG main            d.u.i.k.p.i.IntermediateProofReplayer Proof replay took 10.74ms 
81555      DEBUG main            d.u.i.k.p.r.p.TestFile    ... success: reloaded. 
81556      INFO  main            d.u.i.k.p.r.p.TestFile    Now processing file /home/runner/work/key/key/key.core/../key.ui/examples/heap/SmansEtAl/Cell_inv.key 
81556      INFO  main            d.u.i.k.p.i.AbstractProblemLoader Loading environment from /home/runner/work/key/key/key.core/../key.ui/examples/heap/SmansEtAl/Cell_inv.key 
81556      DEBUG main            d.u.i.k.p.i.AbstractProblemLoader Environment load took 86ns 
81557      INFO  main            d.u.i.k.p.i.AbstractProblemLoader Creating init config 
84032      DEBUG main            d.u.i.k.p.i.AbstractProblemLoader Init config took 2.48s 
84064      INFO  main            d.u.i.k.p.i.AbstractProblemLoader Replaying proof Cell[java.lang.Object::<inv>()].JML accessible clause.0 
84066      DEBUG main            d.u.i.k.p.i.IntermediateProofReplayer Proof replay took 5.8ns 
84168      INFO  main            d.u.i.k.p.r.p.TestFile    ... finished proof: closed. 
84368      INFO  main            d.u.i.k.p.i.AbstractProblemLoader Loading environment from /home/runner/work/key/key/key.core/../key.ui/examples/heap/SmansEtAl/Cell_inv.key.proof 
84368      DEBUG main            d.u.i.k.p.i.AbstractProblemLoader Environment load took 102ns 
84369      INFO  main            d.u.i.k.p.i.AbstractProblemLoader Creating init config 
86828      DEBUG main            d.u.i.k.p.i.AbstractProblemLoader Init config took 2.46s 
86860      INFO  main            d.u.i.k.p.i.AbstractProblemLoader Replaying proof Cell[java.lang.Object::<inv>()].JML accessible clause.0 
86863      DEBUG main            d.u.i.k.p.i.IntermediateProofReplayer Proof replay took 1.47ms 
86864      DEBUG main            d.u.i.k.p.r.p.TestFile    ... success: reloaded. 
86865      INFO  main            d.u.i.k.p.r.p.TestFile    Now processing file /home/runner/work/key/key/key.core/../key.ui/examples/heap/SmansEtAl/Cell_setX.key 
86866      INFO  main            d.u.i.k.p.i.AbstractProblemLoader Loading environment from /home/runner/work/key/key/key.core/../key.ui/examples/heap/SmansEtAl/Cell_setX.key 
86866      DEBUG main            d.u.i.k.p.i.AbstractProblemLoader Environment load took 188.01ns 
86867      INFO  main            d.u.i.k.p.i.AbstractProblemLoader Creating init config 
89397      DEBUG main            d.u.i.k.p.i.AbstractProblemLoader Init config took 2.53s 
89444      INFO  main            d.u.i.k.p.i.AbstractProblemLoader Replaying proof Cell[Cell::setX(int)].JML normal_behavior operation contract.0 
89445      DEBUG main            d.u.i.k.p.i.IntermediateProofReplayer Proof replay took 6.4ns 
89548      INFO  main            d.u.i.k.p.r.p.TestFile    ... finished proof: closed. 
89746      INFO  main            d.u.i.k.p.i.AbstractProblemLoader Loading environment from /home/runner/work/key/key/key.core/../key.ui/examples/heap/SmansEtAl/Cell_setX.key.proof 
89747      DEBUG main            d.u.i.k.p.i.AbstractProblemLoader Environment load took 106.9ns 
89748      INFO  main            d.u.i.k.p.i.AbstractProblemLoader Creating init config 
92219      DEBUG main            d.u.i.k.p.i.AbstractProblemLoader Init config took 2.47s 
92261      INFO  main            d.u.i.k.p.i.AbstractProblemLoader Replaying proof Cell[Cell::setX(int)].JML normal_behavior operation contract.0 
92283      DEBUG main            d.u.i.k.p.i.IntermediateProofReplayer Proof replay took 19.62ms 
92283      DEBUG main            d.u.i.k.p.r.p.TestFile    ... success: reloaded. 
92285      INFO  main            d.u.i.k.p.r.p.TestFile    Now processing file /home/runner/work/key/key/key.core/../key.ui/examples/heap/SmansEtAl/CellClient_m.key 
92285      INFO  main            d.u.i.k.p.i.AbstractProblemLoader Loading environment from /home/runner/work/key/key/key.core/../key.ui/examples/heap/SmansEtAl/CellClient_m.key 
92285      DEBUG main            d.u.i.k.p.i.AbstractProblemLoader Environment load took 191.91ns 
92286      INFO  main            d.u.i.k.p.i.AbstractProblemLoader Creating init config 
94794      DEBUG main            d.u.i.k.p.i.AbstractProblemLoader Init config took 2.51s 
94826      INFO  main            d.u.i.k.p.i.AbstractProblemLoader Replaying proof CellClient[CellClient::m()].JML operation contract.0 
94828      DEBUG main            d.u.i.k.p.i.IntermediateProofReplayer Proof replay took 6.6ns 
95357      INFO  main            d.u.i.k.p.r.p.TestFile    ... finished proof: closed. 
95557      INFO  main            d.u.i.k.p.i.AbstractProblemLoader Loading environment from /home/runner/work/key/key/key.core/../key.ui/examples/heap/SmansEtAl/CellClient_m.key.proof 
95558      DEBUG main            d.u.i.k.p.i.AbstractProblemLoader Environment load took 112.2ns 
95558      INFO  main            d.u.i.k.p.i.AbstractProblemLoader Creating init config 
98018      DEBUG main            d.u.i.k.p.i.AbstractProblemLoader Init config took 2.46s 
98050      INFO  main            d.u.i.k.p.i.AbstractProblemLoader Replaying proof CellClient[CellClient::m()].JML operation contract.0 
98144      DEBUG main            d.u.i.k.p.i.IntermediateProofReplayer Proof replay took 89.75ms 
98145      DEBUG main            d.u.i.k.p.r.p.TestFile    ... success: reloaded. 
98146      INFO  main            d.u.i.k.p.r.p.TestFile    Now processing file /home/runner/work/key/key/key.core/../key.ui/examples/heap/SmansEtAl/Iterator_footprint.key 
98146      INFO  main            d.u.i.k.p.i.AbstractProblemLoader Loading environment from /home/runner/work/key/key/key.core/../key.ui/examples/heap/SmansEtAl/Iterator_footprint.key 
98146      DEBUG main            d.u.i.k.p.i.AbstractProblemLoader Environment load took 86.7ns 
98147      INFO  main            d.u.i.k.p.i.AbstractProblemLoader Creating init config 
100682     DEBUG main            d.u.i.k.p.i.AbstractProblemLoader Init config took 2.54s 
100736     INFO  main            d.u.i.k.p.i.AbstractProblemLoader Replaying proof Iterator[Iterator::$footprint()].JML accessible clause.0 
100737     DEBUG main            d.u.i.k.p.i.IntermediateProofReplayer Proof replay took 6ns 
100839     INFO  main            d.u.i.k.p.r.p.TestFile    ... finished proof: closed. 
101045     INFO  main            d.u.i.k.p.i.AbstractProblemLoader Loading environment from /home/runner/work/key/key/key.core/../key.ui/examples/heap/SmansEtAl/Iterator_footprint.key.proof 
101045     DEBUG main            d.u.i.k.p.i.AbstractProblemLoader Environment load took 105.3ns 
101046     INFO  main            d.u.i.k.p.i.AbstractProblemLoader Creating init config 
103492     DEBUG main            d.u.i.k.p.i.AbstractProblemLoader Init config took 2.45s 
103526     INFO  main            d.u.i.k.p.i.AbstractProblemLoader Replaying proof Iterator[Iterator::$footprint()].JML accessible clause.0 
103533     DEBUG main            d.u.i.k.p.i.IntermediateProofReplayer Proof replay took 5.58ms 
103534     DEBUG main            d.u.i.k.p.r.p.TestFile    ... success: reloaded. 
103536     INFO  main            d.u.i.k.p.r.p.TestFile    Now processing file /home/runner/work/key/key/key.core/../key.ui/examples/heap/SmansEtAl/Iterator_hasNext_dep.key 
103536     INFO  main            d.u.i.k.p.i.AbstractProblemLoader Loading environment from /home/runner/work/key/key/key.core/../key.ui/examples/heap/SmansEtAl/Iterator_hasNext_dep.key 
103536     DEBUG main            d.u.i.k.p.i.AbstractProblemLoader Environment load took 207.01ns 
103537     INFO  main            d.u.i.k.p.i.AbstractProblemLoader Creating init config 
106036     DEBUG main            d.u.i.k.p.i.AbstractProblemLoader Init config took 2.5s 
106087     INFO  main            d.u.i.k.p.i.AbstractProblemLoader Replaying proof Iterator[Iterator::hasNext()].JML accessible clause.0 
106089     DEBUG main            d.u.i.k.p.i.IntermediateProofReplayer Proof replay took 5.8ns 
106594     INFO  main            d.u.i.k.p.r.p.TestFile    ... finished proof: closed. 
106899     INFO  main            d.u.i.k.p.i.AbstractProblemLoader Loading environment from /home/runner/work/key/key/key.core/../key.ui/examples/heap/SmansEtAl/Iterator_hasNext_dep.key.proof 
106900     DEBUG main            d.u.i.k.p.i.AbstractProblemLoader Environment load took 580.02ns 
106901     INFO  main            d.u.i.k.p.i.AbstractProblemLoader Creating init config 
109341     DEBUG main            d.u.i.k.p.i.AbstractProblemLoader Init config took 2.44s 
109387     INFO  main            d.u.i.k.p.i.AbstractProblemLoader Replaying proof Iterator[Iterator::hasNext()].JML accessible clause.0 
109485     DEBUG main            d.u.i.k.p.i.IntermediateProofReplayer Proof replay took 90.25ms 
109486     DEBUG main            d.u.i.k.p.r.p.TestFile    ... success: reloaded. 
109487     INFO  main            d.u.i.k.p.r.p.TestFile    Now processing file /home/runner/work/key/key/key.core/../key.ui/examples/heap/SmansEtAl/Iterator_hasNext.key 
109487     INFO  main            d.u.i.k.p.i.AbstractProblemLoader Loading environment from /home/runner/work/key/key/key.core/../key.ui/examples/heap/SmansEtAl/Iterator_hasNext.key 
109487     DEBUG main            d.u.i.k.p.i.AbstractProblemLoader Environment load took 75.3ns 
109488     INFO  main            d.u.i.k.p.i.AbstractProblemLoader Creating init config 
112001     DEBUG main            d.u.i.k.p.i.AbstractProblemLoader Init config took 2.51s 
112036     INFO  main            d.u.i.k.p.i.AbstractProblemLoader Replaying proof Iterator[Iterator::hasNext()].JML normal_behavior operation contract.0 
112037     DEBUG main            d.u.i.k.p.i.IntermediateProofReplayer Proof replay took 5.3ns 
112577     INFO  main            d.u.i.k.p.r.p.TestFile    ... finished proof: closed. 
112795     INFO  main            d.u.i.k.p.i.AbstractProblemLoader Loading environment from /home/runner/work/key/key/key.core/../key.ui/examples/heap/SmansEtAl/Iterator_hasNext.key.proof 
112796     DEBUG main            d.u.i.k.p.i.AbstractProblemLoader Environment load took 1.25ms 
112798     INFO  main            d.u.i.k.p.i.AbstractProblemLoader Creating init config 
115227     DEBUG main            d.u.i.k.p.i.AbstractProblemLoader Init config took 2.43s 
115261     INFO  main            d.u.i.k.p.i.AbstractProblemLoader Replaying proof Iterator[Iterator::hasNext()].JML normal_behavior operation contract.0 
115356     DEBUG main            d.u.i.k.p.i.IntermediateProofReplayer Proof replay took 89.56ms 
115357     DEBUG main            d.u.i.k.p.r.p.TestFile    ... success: reloaded. 
115358     INFO  main            d.u.i.k.p.r.p.TestFile    Now processing file /home/runner/work/key/key/key.core/../key.ui/examples/heap/SmansEtAl/Iterator_inv.key 
115358     INFO  main            d.u.i.k.p.i.AbstractProblemLoader Loading environment from /home/runner/work/key/key/key.core/../key.ui/examples/heap/SmansEtAl/Iterator_inv.key 
115358     DEBUG main            d.u.i.k.p.i.AbstractProblemLoader Environment load took 91.6ns 
115359     INFO  main            d.u.i.k.p.i.AbstractProblemLoader Creating init config 
117840     DEBUG main            d.u.i.k.p.i.AbstractProblemLoader Init config took 2.48s 
117875     INFO  main            d.u.i.k.p.i.AbstractProblemLoader Replaying proof Iterator[java.lang.Object::<inv>()].JML accessible clause.0 
117876     DEBUG main            d.u.i.k.p.i.IntermediateProofReplayer Proof replay took 5.5ns 
118078     INFO  main            d.u.i.k.p.r.p.TestFile    ... finished proof: closed. 
118330     INFO  main            d.u.i.k.p.i.AbstractProblemLoader Loading environment from /home/runner/work/key/key/key.core/../key.ui/examples/heap/SmansEtAl/Iterator_inv.key.proof 
118330     DEBUG main            d.u.i.k.p.i.AbstractProblemLoader Environment load took 95.7ns 
118331     INFO  main            d.u.i.k.p.i.AbstractProblemLoader Creating init config 
120769     DEBUG main            d.u.i.k.p.i.AbstractProblemLoader Init config took 2.44s 
120803     INFO  main            d.u.i.k.p.i.AbstractProblemLoader Replaying proof Iterator[java.lang.Object::<inv>()].JML accessible clause.0 
120835     DEBUG main            d.u.i.k.p.i.IntermediateProofReplayer Proof replay took 29.77ms 
120840     DEBUG main            d.u.i.k.p.r.p.TestFile    ... success: reloaded. 
120841     INFO  main            d.u.i.k.p.r.p.TestFile    Now processing file /home/runner/work/key/key/key.core/../key.ui/examples/heap/SmansEtAl/Iterator_Iterator.key 
120841     INFO  main            d.u.i.k.p.i.AbstractProblemLoader Loading environment from /home/runner/work/key/key/key.core/../key.ui/examples/heap/SmansEtAl/Iterator_Iterator.key 
120841     DEBUG main            d.u.i.k.p.i.AbstractProblemLoader Environment load took 188.6ns 
120842     INFO  main            d.u.i.k.p.i.AbstractProblemLoader Creating init config 
123346     DEBUG main            d.u.i.k.p.i.AbstractProblemLoader Init config took 2.5s 
123379     INFO  main            d.u.i.k.p.i.AbstractProblemLoader Replaying proof Iterator[Iterator::Iterator(ArrayList)].JML normal_behavior operation contract.0 
123381     DEBUG main            d.u.i.k.p.i.IntermediateProofReplayer Proof replay took 5.3ns 
124589     INFO  main            d.u.i.k.p.r.p.TestFile    ... finished proof: closed. 
124843     INFO  main            d.u.i.k.p.i.AbstractProblemLoader Loading environment from /home/runner/work/key/key/key.core/../key.ui/examples/heap/SmansEtAl/Iterator_Iterator.key.proof 
124843     DEBUG main            d.u.i.k.p.i.AbstractProblemLoader Environment load took 383.71ns 
124844     INFO  main            d.u.i.k.p.i.AbstractProblemLoader Creating init config 
127287     DEBUG main            d.u.i.k.p.i.AbstractProblemLoader Init config took 2.44s 
127321     INFO  main            d.u.i.k.p.i.AbstractProblemLoader Replaying proof Iterator[Iterator::Iterator(ArrayList)].JML normal_behavior operation contract.0 
127486     DEBUG main            d.u.i.k.p.i.IntermediateProofReplayer Proof replay took 152.23ms 
127488     DEBUG main            d.u.i.k.p.r.p.TestFile    ... success: reloaded. 
127489     INFO  main            d.u.i.k.p.r.p.TestFile    Now processing file /home/runner/work/key/key/key.core/../key.ui/examples/heap/SmansEtAl/Iterator_list_dep.key 
127489     INFO  main            d.u.i.k.p.i.AbstractProblemLoader Loading environment from /home/runner/work/key/key/key.core/../key.ui/examples/heap/SmansEtAl/Iterator_list_dep.key 
127489     DEBUG main            d.u.i.k.p.i.AbstractProblemLoader Environment load took 187.41ns 
127490     INFO  main            d.u.i.k.p.i.AbstractProblemLoader Creating init config 
130015     DEBUG main            d.u.i.k.p.i.AbstractProblemLoader Init config took 2.53s 
130048     INFO  main            d.u.i.k.p.i.AbstractProblemLoader Replaying proof Iterator[Iterator::list()].JML accessible clause.0 
130050     DEBUG main            d.u.i.k.p.i.IntermediateProofReplayer Proof replay took 6.5ns 
130151     INFO  main            d.u.i.k.p.r.p.TestFile    ... finished proof: closed. 
130389     INFO  main            d.u.i.k.p.i.AbstractProblemLoader Loading environment from /home/runner/work/key/key/key.core/../key.ui/examples/heap/SmansEtAl/Iterator_list_dep.key.proof 
130389     DEBUG main            d.u.i.k.p.i.AbstractProblemLoader Environment load took 97.7ns 
130390     INFO  main            d.u.i.k.p.i.AbstractProblemLoader Creating init config 
132820     DEBUG main            d.u.i.k.p.i.AbstractProblemLoader Init config took 2.43s 
132856     INFO  main            d.u.i.k.p.i.AbstractProblemLoader Replaying proof Iterator[Iterator::list()].JML accessible clause.0 
132874     DEBUG main            d.u.i.k.p.i.IntermediateProofReplayer Proof replay took 15.91ms 
132875     DEBUG main            d.u.i.k.p.r.p.TestFile    ... success: reloaded. 
132876     INFO  main            d.u.i.k.p.r.p.TestFile    Now processing file /home/runner/work/key/key/key.core/../key.ui/examples/heap/SmansEtAl/Iterator_list.key 
132876     INFO  main            d.u.i.k.p.i.AbstractProblemLoader Loading environment from /home/runner/work/key/key/key.core/../key.ui/examples/heap/SmansEtAl/Iterator_list.key 
132876     DEBUG main            d.u.i.k.p.i.AbstractProblemLoader Environment load took 80.1ns 
132877     INFO  main            d.u.i.k.p.i.AbstractProblemLoader Creating init config 
135366     DEBUG main            d.u.i.k.p.i.AbstractProblemLoader Init config took 2.49s 
135399     INFO  main            d.u.i.k.p.i.AbstractProblemLoader Replaying proof Iterator[Iterator::list()].JML normal_behavior operation contract.0 
135400     DEBUG main            d.u.i.k.p.i.IntermediateProofReplayer Proof replay took 6.2ns 
135501     INFO  main            d.u.i.k.p.r.p.TestFile    ... finished proof: closed. 
135746     INFO  main            d.u.i.k.p.i.AbstractProblemLoader Loading environment from /home/runner/work/key/key/key.core/../key.ui/examples/heap/SmansEtAl/Iterator_list.key.proof 
135746     DEBUG main            d.u.i.k.p.i.AbstractProblemLoader Environment load took 102.9ns 
135747     INFO  main            d.u.i.k.p.i.AbstractProblemLoader Creating init config 
138168     DEBUG main            d.u.i.k.p.i.AbstractProblemLoader Init config took 2.42s 
138211     INFO  main            d.u.i.k.p.i.AbstractProblemLoader Replaying proof Iterator[Iterator::list()].JML normal_behavior operation contract.0 
138227     DEBUG main            d.u.i.k.p.i.IntermediateProofReplayer Proof replay took 13.38ms 
138227     DEBUG main            d.u.i.k.p.r.p.TestFile    ... success: reloaded. 
138229     INFO  main            d.u.i.k.p.r.p.TestFile    Now processing file /home/runner/work/key/key/key.core/../key.ui/examples/heap/SmansEtAl/Iterator_next.key 
138229     INFO  main            d.u.i.k.p.i.AbstractProblemLoader Loading environment from /home/runner/work/key/key/key.core/../key.ui/examples/heap/SmansEtAl/Iterator_next.key 
138229     DEBUG main            d.u.i.k.p.i.AbstractProblemLoader Environment load took 77.3ns 
138230     INFO  main            d.u.i.k.p.i.AbstractProblemLoader Creating init config 
140709     DEBUG main            d.u.i.k.p.i.AbstractProblemLoader Init config took 2.48s 
140742     INFO  main            d.u.i.k.p.i.AbstractProblemLoader Replaying proof Iterator[Iterator::next()].JML normal_behavior operation contract.0 
140743     DEBUG main            d.u.i.k.p.i.IntermediateProofReplayer Proof replay took 6.4ns 
143379     INFO  main            d.u.i.k.p.r.p.TestFile    ... finished proof: closed. 
143665     INFO  main            d.u.i.k.p.i.AbstractProblemLoader Loading environment from /home/runner/work/key/key/key.core/../key.ui/examples/heap/SmansEtAl/Iterator_next.key.proof 
143665     DEBUG main            d.u.i.k.p.i.AbstractProblemLoader Environment load took 165.3ns 
143667     INFO  main            d.u.i.k.p.i.AbstractProblemLoader Creating init config 
146160     DEBUG main            d.u.i.k.p.i.AbstractProblemLoader Init config took 2.49s 
146194     INFO  main            d.u.i.k.p.i.AbstractProblemLoader Replaying proof Iterator[Iterator::next()].JML normal_behavior operation contract.0 
146475     DEBUG main            d.u.i.k.p.i.IntermediateProofReplayer Proof replay took 264.2ms 
146477     DEBUG main            d.u.i.k.p.r.p.TestFile    ... success: reloaded. 
146478     INFO  main            d.u.i.k.p.r.p.TestFile    Now processing file /home/runner/work/key/key/key.core/../key.ui/examples/heap/SmansEtAl/Stack_footprint.key 
146478     INFO  main            d.u.i.k.p.i.AbstractProblemLoader Loading environment from /home/runner/work/key/key/key.core/../key.ui/examples/heap/SmansEtAl/Stack_footprint.key 
146479     DEBUG main            d.u.i.k.p.i.AbstractProblemLoader Environment load took 181.71ns 
146479     INFO  main            d.u.i.k.p.i.AbstractProblemLoader Creating init config 
148964     DEBUG main            d.u.i.k.p.i.AbstractProblemLoader Init config took 2.48s 
148996     INFO  main            d.u.i.k.p.i.AbstractProblemLoader Replaying proof Stack[Stack::$footprint()].JML accessible clause.0 
148997     DEBUG main            d.u.i.k.p.i.IntermediateProofReplayer Proof replay took 6.4ns 
149201     INFO  main            d.u.i.k.p.r.p.TestFile    ... finished proof: closed. 
149461     INFO  main            d.u.i.k.p.i.AbstractProblemLoader Loading environment from /home/runner/work/key/key/key.core/../key.ui/examples/heap/SmansEtAl/Stack_footprint.key.proof 
149461     DEBUG main            d.u.i.k.p.i.AbstractProblemLoader Environment load took 100.7ns 
149462     INFO  main            d.u.i.k.p.i.AbstractProblemLoader Creating init config 
151870     DEBUG main            d.u.i.k.p.i.AbstractProblemLoader Init config took 2.41s 
151901     INFO  main            d.u.i.k.p.i.AbstractProblemLoader Replaying proof Stack[Stack::$footprint()].JML accessible clause.0 
151925     DEBUG main            d.u.i.k.p.i.IntermediateProofReplayer Proof replay took 21.42ms 
151926     DEBUG main            d.u.i.k.p.r.p.TestFile    ... success: reloaded. 
151927     INFO  main            d.u.i.k.p.r.p.TestFile    Now processing file /home/runner/work/key/key/key.core/../key.ui/examples/heap/SmansEtAl/Stack_inv.key 
151928     INFO  main            d.u.i.k.p.i.AbstractProblemLoader Loading environment from /home/runner/work/key/key/key.core/../key.ui/examples/heap/SmansEtAl/Stack_inv.key 
151928     DEBUG main            d.u.i.k.p.i.AbstractProblemLoader Environment load took 177.21ns 
151929     INFO  main            d.u.i.k.p.i.AbstractProblemLoader Creating init config 
154403     DEBUG main            d.u.i.k.p.i.AbstractProblemLoader Init config took 2.47s 
154435     INFO  main            d.u.i.k.p.i.AbstractProblemLoader Replaying proof Stack[java.lang.Object::<inv>()].JML accessible clause.0 
154436     DEBUG main            d.u.i.k.p.i.IntermediateProofReplayer Proof replay took 5.9ns 
154538     INFO  main            d.u.i.k.p.r.p.TestFile    ... finished proof: closed. 
154795     INFO  main            d.u.i.k.p.i.AbstractProblemLoader Loading environment from /home/runner/work/key/key/key.core/../key.ui/examples/heap/SmansEtAl/Stack_inv.key.proof 
154795     DEBUG main            d.u.i.k.p.i.AbstractProblemLoader Environment load took 99.6ns 
154796     INFO  main            d.u.i.k.p.i.AbstractProblemLoader Creating init config 
157228     DEBUG main            d.u.i.k.p.i.AbstractProblemLoader Init config took 2.43s 
157260     INFO  main            d.u.i.k.p.i.AbstractProblemLoader Replaying proof Stack[java.lang.Object::<inv>()].JML accessible clause.0 
157271     DEBUG main            d.u.i.k.p.i.IntermediateProofReplayer Proof replay took 9.26ms 
157271     DEBUG main            d.u.i.k.p.r.p.TestFile    ... success: reloaded. 
157272     INFO  main            d.u.i.k.p.r.p.TestFile    Now processing file /home/runner/work/key/key/key.core/../key.ui/examples/heap/SmansEtAl/Stack_push.key 
157273     INFO  main            d.u.i.k.p.i.AbstractProblemLoader Loading environment from /home/runner/work/key/key/key.core/../key.ui/examples/heap/SmansEtAl/Stack_push.key 
157273     DEBUG main            d.u.i.k.p.i.AbstractProblemLoader Environment load took 183ns 
157273     INFO  main            d.u.i.k.p.i.AbstractProblemLoader Creating init config 
159761     DEBUG main            d.u.i.k.p.i.AbstractProblemLoader Init config took 2.49s 
159795     INFO  main            d.u.i.k.p.i.AbstractProblemLoader Replaying proof Stack[Stack::push(java.lang.Object)].JML normal_behavior operation contract.0 
159796     DEBUG main            d.u.i.k.p.i.IntermediateProofReplayer Proof replay took 6.4ns 
160503     INFO  main            d.u.i.k.p.r.p.TestFile    ... finished proof: closed. 
160773     INFO  main            d.u.i.k.p.i.AbstractProblemLoader Loading environment from /home/runner/work/key/key/key.core/../key.ui/examples/heap/SmansEtAl/Stack_push.key.proof 
160774     DEBUG main            d.u.i.k.p.i.AbstractProblemLoader Environment load took 372.91ns 
160775     INFO  main            d.u.i.k.p.i.AbstractProblemLoader Creating init config 
163204     DEBUG main            d.u.i.k.p.i.AbstractProblemLoader Init config took 2.43s 
163236     INFO  main            d.u.i.k.p.i.AbstractProblemLoader Replaying proof Stack[Stack::push(java.lang.Object)].JML normal_behavior operation contract.0 
163375     DEBUG main            d.u.i.k.p.i.IntermediateProofReplayer Proof replay took 134.77ms 
163376     DEBUG main            d.u.i.k.p.r.p.TestFile    ... success: reloaded. 
163377     INFO  main            d.u.i.k.p.r.p.TestFile    Now processing file /home/runner/work/key/key/key.core/../key.ui/examples/heap/SmansEtAl/Stack_size.key 
163377     INFO  main            d.u.i.k.p.i.AbstractProblemLoader Loading environment from /home/runner/work/key/key/key.core/../key.ui/examples/heap/SmansEtAl/Stack_size.key 
163378     DEBUG main            d.u.i.k.p.i.AbstractProblemLoader Environment load took 91.6ns 
163378     INFO  main            d.u.i.k.p.i.AbstractProblemLoader Creating init config 
165895     DEBUG main            d.u.i.k.p.i.AbstractProblemLoader Init config took 2.52s 
165927     INFO  main            d.u.i.k.p.i.AbstractProblemLoader Replaying proof Stack[Stack::size()].JML accessible clause.0 
165928     DEBUG main            d.u.i.k.p.i.IntermediateProofReplayer Proof replay took 6.7ns 
166133     INFO  main            d.u.i.k.p.r.p.TestFile    ... finished proof: closed. 
166414     INFO  main            d.u.i.k.p.i.AbstractProblemLoader Loading environment from /home/runner/work/key/key/key.core/../key.ui/examples/heap/SmansEtAl/Stack_size.key.proof 
166414     DEBUG main            d.u.i.k.p.i.AbstractProblemLoader Environment load took 90.9ns 
166415     INFO  main            d.u.i.k.p.i.AbstractProblemLoader Creating init config 
168894     DEBUG main            d.u.i.k.p.i.AbstractProblemLoader Init config took 2.48s 
168926     INFO  main            d.u.i.k.p.i.AbstractProblemLoader Replaying proof Stack[Stack::size()].JML accessible clause.0 
168967     DEBUG main            d.u.i.k.p.i.IntermediateProofReplayer Proof replay took 37.86ms 
168968     DEBUG main            d.u.i.k.p.r.p.TestFile    ... success: reloaded. 
168969     INFO  main            d.u.i.k.p.r.p.TestFile    Now processing file /home/runner/work/key/key/key.core/../key.ui/examples/heap/SmansEtAl/Stack_Stack.key 
168969     INFO  main            d.u.i.k.p.i.AbstractProblemLoader Loading environment from /home/runner/work/key/key/key.core/../key.ui/examples/heap/SmansEtAl/Stack_Stack.key 
168969     DEBUG main            d.u.i.k.p.i.AbstractProblemLoader Environment load took 202.31ns 
168970     INFO  main            d.u.i.k.p.i.AbstractProblemLoader Creating init config 
171475     DEBUG main            d.u.i.k.p.i.AbstractProblemLoader Init config took 2.51s 
171509     INFO  main            d.u.i.k.p.i.AbstractProblemLoader Replaying proof Stack[Stack::Stack()].JML normal_behavior operation contract.0 
171512     DEBUG main            d.u.i.k.p.i.IntermediateProofReplayer Proof replay took 6.6ns 
172516     INFO  main            d.u.i.k.p.r.p.TestFile    ... finished proof: closed. 
172795     INFO  main            d.u.i.k.p.i.AbstractProblemLoader Loading environment from /home/runner/work/key/key/key.core/../key.ui/examples/heap/SmansEtAl/Stack_Stack.key.proof 
172795     DEBUG main            d.u.i.k.p.i.AbstractProblemLoader Environment load took 99.1ns 
172799     INFO  main            d.u.i.k.p.i.AbstractProblemLoader Creating init config 
175226     DEBUG main            d.u.i.k.p.i.AbstractProblemLoader Init config took 2.43s 
175259     INFO  main            d.u.i.k.p.i.AbstractProblemLoader Replaying proof Stack[Stack::Stack()].JML normal_behavior operation contract.0 
175425     DEBUG main            d.u.i.k.p.i.IntermediateProofReplayer Proof replay took 159.77ms 
175426     DEBUG main            d.u.i.k.p.r.p.TestFile    ... success: reloaded. 
175427     INFO  main            d.u.i.k.p.r.p.TestFile    Now processing file /home/runner/work/key/key/key.core/../key.ui/examples/heap/SmansEtAl/Stack_switchContents.key 
175427     INFO  main            d.u.i.k.p.i.AbstractProblemLoader Loading environment from /home/runner/work/key/key/key.core/../key.ui/examples/heap/SmansEtAl/Stack_switchContents.key 
175427     DEBUG main            d.u.i.k.p.i.AbstractProblemLoader Environment load took 47.8ns 
175428     INFO  main            d.u.i.k.p.i.AbstractProblemLoader Creating init config 
177895     DEBUG main            d.u.i.k.p.i.AbstractProblemLoader Init config took 2.47s 
177928     INFO  main            d.u.i.k.p.i.AbstractProblemLoader Replaying proof Stack[Stack::switchContents(Stack)].JML normal_behavior operation contract.0 
177929     DEBUG main            d.u.i.k.p.i.IntermediateProofReplayer Proof replay took 5.9ns 
182167     INFO  main            d.u.i.k.p.r.p.TestFile    ... finished proof: closed. 
182472     INFO  main            d.u.i.k.p.i.AbstractProblemLoader Loading environment from /home/runner/work/key/key/key.core/../key.ui/examples/heap/SmansEtAl/Stack_switchContents.key.proof 
182472     DEBUG main            d.u.i.k.p.i.AbstractProblemLoader Environment load took 99.8ns 
182477     INFO  main            d.u.i.k.p.i.AbstractProblemLoader Creating init config 
184906     DEBUG main            d.u.i.k.p.i.AbstractProblemLoader Init config took 2.43s 
184939     INFO  main            d.u.i.k.p.i.AbstractProblemLoader Replaying proof Stack[Stack::switchContents(Stack)].JML normal_behavior operation contract.0 
185378     DEBUG main            d.u.i.k.p.i.IntermediateProofReplayer Proof replay took 424.28ms 
185380     DEBUG main            d.u.i.k.p.r.p.TestFile    ... success: reloaded. 
1992279    INFO  Test worker     d.u.i.k.p.r.p.StatisticsFile Returning from test SmansEtAl 
1992286    INFO  Test worker     d.u.i.k.p.r.p.StatisticsFile Running test VACID0 
353        INFO  Timeout watchdog d.u.i.k.p.r.p.ForkedTestFileRunner Timeout watcher launched (2000 secs.) 
369        WARN  main            d.u.i.k.s.ProofSettings   The settings in /home/runner/.key/proof-settings.props are *not* read. 
418        INFO  main            d.u.i.k.p.r.p.TestFile    Now processing file /home/runner/work/key/key/key.core/../key.ui/examples/heap/vacid0_01_SparseArray/Harness_sparseArrayTestHarness1.key 
544        INFO  main            d.u.i.k.p.i.AbstractProblemLoader Loading environment from /home/runner/work/key/key/key.core/../key.ui/examples/heap/vacid0_01_SparseArray/Harness_sparseArrayTestHarness1.key 
559        DEBUG main            d.u.i.k.p.i.AbstractProblemLoader Environment load took 2.11ms 
769        INFO  main            d.u.i.k.p.i.AbstractProblemLoader Creating init config 
1707       DEBUG main            d.u.i.k.j.TypeConverter   No LDT found for Meta 
1707       DEBUG main            d.u.i.k.j.TypeConverter   No LDT found for Meta 
1708       DEBUG main            d.u.i.k.j.TypeConverter   No LDT found for Meta 
1708       DEBUG main            d.u.i.k.j.TypeConverter   No LDT found for Meta 
3121       DEBUG main            d.u.i.k.j.TypeConverter   No LDT found for JavaBigintExpression 
8508       DEBUG main            d.u.i.k.p.i.AbstractProblemLoader Init config took 7.74s 
8678       INFO  main            d.u.i.k.p.i.AbstractProblemLoader Replaying proof Harness[Harness::sparseArrayTestHarness1()].JML normal_behavior operation contract.0 
8711       DEBUG main            d.u.i.k.p.i.IntermediateProofReplayer Proof replay took 31.9ns 
10092      INFO  main            d.u.i.k.p.r.p.TestFile    ... finished proof: closed. 
10219      INFO  main            d.u.i.k.p.i.AbstractProblemLoader Loading environment from /home/runner/work/key/key/key.core/../key.ui/examples/heap/vacid0_01_SparseArray/Harness_sparseArrayTestHarness1.key.proof 
10221      DEBUG main            d.u.i.k.p.i.AbstractProblemLoader Environment load took 2.14ms 
10224      INFO  main            d.u.i.k.p.i.AbstractProblemLoader Creating init config 
13125      DEBUG main            d.u.i.k.p.i.AbstractProblemLoader Init config took 2.9s 
13196      INFO  main            d.u.i.k.p.i.AbstractProblemLoader Replaying proof Harness[Harness::sparseArrayTestHarness1()].JML normal_behavior operation contract.0 
13365      DEBUG main            d.u.i.k.p.i.IntermediateProofReplayer Proof replay took 160.12ms 
13372      DEBUG main            d.u.i.k.p.r.p.TestFile    ... success: reloaded. 
13374      INFO  main            d.u.i.k.p.r.p.TestFile    Now processing file /home/runner/work/key/key/key.core/../key.ui/examples/heap/vacid0_01_SparseArray/Harness_sparseArrayTestHarness2.key 
13374      INFO  main            d.u.i.k.p.i.AbstractProblemLoader Loading environment from /home/runner/work/key/key/key.core/../key.ui/examples/heap/vacid0_01_SparseArray/Harness_sparseArrayTestHarness2.key 
13374      DEBUG main            d.u.i.k.p.i.AbstractProblemLoader Environment load took 219.11ns 
13376      INFO  main            d.u.i.k.p.i.AbstractProblemLoader Creating init config 
16198      DEBUG main            d.u.i.k.p.i.AbstractProblemLoader Init config took 2.82s 
16254      INFO  main            d.u.i.k.p.i.AbstractProblemLoader Replaying proof Harness[Harness::sparseArrayTestHarness2()].JML normal_behavior operation contract.0 
16256      DEBUG main            d.u.i.k.p.i.IntermediateProofReplayer Proof replay took 5.8ns 
24950      INFO  main            d.u.i.k.p.r.p.TestFile    ... finished proof: closed. 
25146      INFO  main            d.u.i.k.p.i.AbstractProblemLoader Loading environment from /home/runner/work/key/key/key.core/../key.ui/examples/heap/vacid0_01_SparseArray/Harness_sparseArrayTestHarness2.key.proof 
25146      DEBUG main            d.u.i.k.p.i.AbstractProblemLoader Environment load took 427.01ns 
25149      INFO  main            d.u.i.k.p.i.AbstractProblemLoader Creating init config 
27835      DEBUG main            d.u.i.k.p.i.AbstractProblemLoader Init config took 2.69s 
27882      INFO  main            d.u.i.k.p.i.AbstractProblemLoader Replaying proof Harness[Harness::sparseArrayTestHarness2()].JML normal_behavior operation contract.0 
28944      DEBUG main            d.u.i.k.p.i.IntermediateProofReplayer Proof replay took 1.01s 
28946      DEBUG main            d.u.i.k.p.r.p.TestFile    ... success: reloaded. 
28947      INFO  main            d.u.i.k.p.r.p.TestFile    Now processing file /home/runner/work/key/key/key.core/../key.ui/examples/heap/vacid0_01_SparseArray/MemoryAllocator_alloc_unsigned.key 
28948      INFO  main            d.u.i.k.p.i.AbstractProblemLoader Loading environment from /home/runner/work/key/key/key.core/../key.ui/examples/heap/vacid0_01_SparseArray/MemoryAllocator_alloc_unsigned.key 
28948      DEBUG main            d.u.i.k.p.i.AbstractProblemLoader Environment load took 203.5ns 
28949      INFO  main            d.u.i.k.p.i.AbstractProblemLoader Creating init config 
31744      DEBUG main            d.u.i.k.p.i.AbstractProblemLoader Init config took 2.79s 
31799      INFO  main            d.u.i.k.p.i.AbstractProblemLoader Replaying proof MemoryAllocator[MemoryAllocator::alloc_unsigned(int)].JML normal_behavior operation contract.0 
31802      DEBUG main            d.u.i.k.p.i.IntermediateProofReplayer Proof replay took 5.2ns 
32707      INFO  main            d.u.i.k.p.r.p.TestFile    ... finished proof: closed. 
32887      INFO  main            d.u.i.k.p.i.AbstractProblemLoader Loading environment from /home/runner/work/key/key/key.core/../key.ui/examples/heap/vacid0_01_SparseArray/MemoryAllocator_alloc_unsigned.key.proof 
32887      DEBUG main            d.u.i.k.p.i.AbstractProblemLoader Environment load took 409.81ns 
32888      INFO  main            d.u.i.k.p.i.AbstractProblemLoader Creating init config 
35610      DEBUG main            d.u.i.k.p.i.AbstractProblemLoader Init config took 2.72s 
35651      INFO  main            d.u.i.k.p.i.AbstractProblemLoader Replaying proof MemoryAllocator[MemoryAllocator::alloc_unsigned(int)].JML normal_behavior operation contract.0 
35863      DEBUG main            d.u.i.k.p.i.IntermediateProofReplayer Proof replay took 205.35ms 
35865      DEBUG main            d.u.i.k.p.r.p.TestFile    ... success: reloaded. 
35866      INFO  main            d.u.i.k.p.r.p.TestFile    Now processing file /home/runner/work/key/key/key.core/../key.ui/examples/heap/vacid0_01_SparseArray/MemoryAllocator_alloc.key 
35867      INFO  main            d.u.i.k.p.i.AbstractProblemLoader Loading environment from /home/runner/work/key/key/key.core/../key.ui/examples/heap/vacid0_01_SparseArray/MemoryAllocator_alloc.key 
35867      DEBUG main            d.u.i.k.p.i.AbstractProblemLoader Environment load took 235.51ns 
35868      INFO  main            d.u.i.k.p.i.AbstractProblemLoader Creating init config 
38588      DEBUG main            d.u.i.k.p.i.AbstractProblemLoader Init config took 2.72s 
38629      INFO  main            d.u.i.k.p.i.AbstractProblemLoader Replaying proof MemoryAllocator[MemoryAllocator::alloc(int)].JML normal_behavior operation contract.0 
38631      DEBUG main            d.u.i.k.p.i.IntermediateProofReplayer Proof replay took 5.3ns 
39135      INFO  main            d.u.i.k.p.r.p.TestFile    ... finished proof: closed. 
39295      INFO  main            d.u.i.k.p.i.AbstractProblemLoader Loading environment from /home/runner/work/key/key/key.core/../key.ui/examples/heap/vacid0_01_SparseArray/MemoryAllocator_alloc.key.proof 
39295      DEBUG main            d.u.i.k.p.i.AbstractProblemLoader Environment load took 547.51ns 
39296      INFO  main            d.u.i.k.p.i.AbstractProblemLoader Creating init config 
41918      DEBUG main            d.u.i.k.p.i.AbstractProblemLoader Init config took 2.62s 
41990      INFO  main            d.u.i.k.p.i.AbstractProblemLoader Replaying proof MemoryAllocator[MemoryAllocator::alloc(int)].JML normal_behavior operation contract.0 
42141      DEBUG main            d.u.i.k.p.i.IntermediateProofReplayer Proof replay took 142.32ms 
42142      DEBUG main            d.u.i.k.p.r.p.TestFile    ... success: reloaded. 
42143      INFO  main            d.u.i.k.p.r.p.TestFile    Now processing file /home/runner/work/key/key/key.core/../key.ui/examples/heap/vacid0_01_SparseArray/SparseArray_get_dep.key 
42143      INFO  main            d.u.i.k.p.i.AbstractProblemLoader Loading environment from /home/runner/work/key/key/key.core/../key.ui/examples/heap/vacid0_01_SparseArray/SparseArray_get_dep.key 
42144      DEBUG main            d.u.i.k.p.i.AbstractProblemLoader Environment load took 200.21ns 
42145      INFO  main            d.u.i.k.p.i.AbstractProblemLoader Creating init config 
44801      DEBUG main            d.u.i.k.p.i.AbstractProblemLoader Init config took 2.66s 
44870      INFO  main            d.u.i.k.p.i.AbstractProblemLoader Replaying proof SparseArray[SparseArray::get(int)].JML accessible clause.0 
44872      DEBUG main            d.u.i.k.p.i.IntermediateProofReplayer Proof replay took 5.1ns 
47726      INFO  main            d.u.i.k.p.r.p.TestFile    ... finished proof: closed. 
47927      INFO  main            d.u.i.k.p.i.AbstractProblemLoader Loading environment from /home/runner/work/key/key/key.core/../key.ui/examples/heap/vacid0_01_SparseArray/SparseArray_get_dep.key.proof 
47928      DEBUG main            d.u.i.k.p.i.AbstractProblemLoader Environment load took 385.01ns 
47929      INFO  main            d.u.i.k.p.i.AbstractProblemLoader Creating init config 
50537      DEBUG main            d.u.i.k.p.i.AbstractProblemLoader Init config took 2.61s 
50595      INFO  main            d.u.i.k.p.i.AbstractProblemLoader Replaying proof SparseArray[SparseArray::get(int)].JML accessible clause.0 
50909      DEBUG main            d.u.i.k.p.i.IntermediateProofReplayer Proof replay took 299.79ms 
50910      DEBUG main            d.u.i.k.p.r.p.TestFile    ... success: reloaded. 
50912      INFO  main            d.u.i.k.p.r.p.TestFile    Now processing file /home/runner/work/key/key/key.core/../key.ui/examples/heap/vacid0_01_SparseArray/SparseArray_get.key 
50912      INFO  main            d.u.i.k.p.i.AbstractProblemLoader Loading environment from /home/runner/work/key/key/key.core/../key.ui/examples/heap/vacid0_01_SparseArray/SparseArray_get.key 
50912      DEBUG main            d.u.i.k.p.i.AbstractProblemLoader Environment load took 207.01ns 
50913      INFO  main            d.u.i.k.p.i.AbstractProblemLoader Creating init config 
53510      DEBUG main            d.u.i.k.p.i.AbstractProblemLoader Init config took 2.6s 
53565      INFO  main            d.u.i.k.p.i.AbstractProblemLoader Replaying proof SparseArray[SparseArray::get(int)].JML normal_behavior operation contract.0 
53567      DEBUG main            d.u.i.k.p.i.IntermediateProofReplayer Proof replay took 5.2ns 
55488      INFO  main            d.u.i.k.p.r.p.TestFile    ... finished proof: closed. 
55699      INFO  main            d.u.i.k.p.i.AbstractProblemLoader Loading environment from /home/runner/work/key/key/key.core/../key.ui/examples/heap/vacid0_01_SparseArray/SparseArray_get.key.proof 
55700      DEBUG main            d.u.i.k.p.i.AbstractProblemLoader Environment load took 388.71ns 
55701      INFO  main            d.u.i.k.p.i.AbstractProblemLoader Creating init config 
58271      DEBUG main            d.u.i.k.p.i.AbstractProblemLoader Init config took 2.57s 
58325      INFO  main            d.u.i.k.p.i.AbstractProblemLoader Replaying proof SparseArray[SparseArray::get(int)].JML normal_behavior operation contract.0 
58603      DEBUG main            d.u.i.k.p.i.IntermediateProofReplayer Proof replay took 268ms 
58605      DEBUG main            d.u.i.k.p.r.p.TestFile    ... success: reloaded. 
58606      INFO  main            d.u.i.k.p.r.p.TestFile    Now processing file /home/runner/work/key/key/key.core/../key.ui/examples/heap/vacid0_01_SparseArray/SparseArray_inv.key 
58606      INFO  main            d.u.i.k.p.i.AbstractProblemLoader Loading environment from /home/runner/work/key/key/key.core/../key.ui/examples/heap/vacid0_01_SparseArray/SparseArray_inv.key 
58607      DEBUG main            d.u.i.k.p.i.AbstractProblemLoader Environment load took 192.91ns 
58607      INFO  main            d.u.i.k.p.i.AbstractProblemLoader Creating init config 
61231      DEBUG main            d.u.i.k.p.i.AbstractProblemLoader Init config took 2.62s 
61304      INFO  main            d.u.i.k.p.i.AbstractProblemLoader Replaying proof SparseArray[java.lang.Object::<inv>()].JML accessible clause.0 
61305      DEBUG main            d.u.i.k.p.i.IntermediateProofReplayer Proof replay took 5.4ns 
63012      INFO  main            d.u.i.k.p.r.p.TestFile    ... finished proof: closed. 
63191      INFO  main            d.u.i.k.p.i.AbstractProblemLoader Loading environment from /home/runner/work/key/key/key.core/../key.ui/examples/heap/vacid0_01_SparseArray/SparseArray_inv.key.proof 
63191      DEBUG main            d.u.i.k.p.i.AbstractProblemLoader Environment load took 119.6ns 
63192      INFO  main            d.u.i.k.p.i.AbstractProblemLoader Creating init config 
65791      DEBUG main            d.u.i.k.p.i.AbstractProblemLoader Init config took 2.6s 
65844      INFO  main            d.u.i.k.p.i.AbstractProblemLoader Replaying proof SparseArray[java.lang.Object::<inv>()].JML accessible clause.0 
65983      DEBUG main            d.u.i.k.p.i.IntermediateProofReplayer Proof replay took 133.98ms 
65984      DEBUG main            d.u.i.k.p.r.p.TestFile    ... success: reloaded. 
65985      INFO  main            d.u.i.k.p.r.p.TestFile    Now processing file /home/runner/work/key/key/key.core/../key.ui/examples/heap/vacid0_01_SparseArray/SparseArray_SparseArray.key 
65986      INFO  main            d.u.i.k.p.i.AbstractProblemLoader Loading environment from /home/runner/work/key/key/key.core/../key.ui/examples/heap/vacid0_01_SparseArray/SparseArray_SparseArray.key 
65986      DEBUG main            d.u.i.k.p.i.AbstractProblemLoader Environment load took 237.81ns 
65987      INFO  main            d.u.i.k.p.i.AbstractProblemLoader Creating init config 
68544      DEBUG main            d.u.i.k.p.i.AbstractProblemLoader Init config took 2.56s 
68597      INFO  main            d.u.i.k.p.i.AbstractProblemLoader Replaying proof SparseArray[SparseArray::SparseArray(int)].JML normal_behavior operation contract.0 
68598      DEBUG main            d.u.i.k.p.i.IntermediateProofReplayer Proof replay took 5.6ns 
71608      INFO  main            d.u.i.k.p.r.p.TestFile    ... finished proof: closed. 
71817      INFO  main            d.u.i.k.p.i.AbstractProblemLoader Loading environment from /home/runner/work/key/key/key.core/../key.ui/examples/heap/vacid0_01_SparseArray/SparseArray_SparseArray.key.proof 
71817      DEBUG main            d.u.i.k.p.i.AbstractProblemLoader Environment load took 397.91ns 
71818      INFO  main            d.u.i.k.p.i.AbstractProblemLoader Creating init config 
74364      DEBUG main            d.u.i.k.p.i.AbstractProblemLoader Init config took 2.55s 
74417      INFO  main            d.u.i.k.p.i.AbstractProblemLoader Replaying proof SparseArray[SparseArray::SparseArray(int)].JML normal_behavior operation contract.0 
74870      DEBUG main            d.u.i.k.p.i.IntermediateProofReplayer Proof replay took 443.63ms 
74871      DEBUG main            d.u.i.k.p.r.p.TestFile    ... success: reloaded. 
2067336    INFO  Test worker     d.u.i.k.p.r.p.StatisticsFile Returning from test VACID0 
2067338    INFO  Test worker     d.u.i.k.p.r.p.StatisticsFile Running test VSTTE10 
346        INFO  Timeout watchdog d.u.i.k.p.r.p.ForkedTestFileRunner Timeout watcher launched (2000 secs.) 
354        WARN  main            d.u.i.k.s.ProofSettings   The settings in /home/runner/.key/proof-settings.props are *not* read. 
379        INFO  main            d.u.i.k.p.r.p.TestFile    Now processing file /home/runner/work/key/key/key.core/../key.ui/examples/heap/vstte10_01_SumAndMax/SumAndMax_sumAndMax.key 
478        INFO  main            d.u.i.k.p.i.AbstractProblemLoader Loading environment from /home/runner/work/key/key/key.core/../key.ui/examples/heap/vstte10_01_SumAndMax/SumAndMax_sumAndMax.key 
498        DEBUG main            d.u.i.k.p.i.AbstractProblemLoader Environment load took 2.04ms 
699        INFO  main            d.u.i.k.p.i.AbstractProblemLoader Creating init config 
1506       DEBUG main            d.u.i.k.j.TypeConverter   No LDT found for Meta 
1507       DEBUG main            d.u.i.k.j.TypeConverter   No LDT found for Meta 
1509       DEBUG main            d.u.i.k.j.TypeConverter   No LDT found for Meta 
1509       DEBUG main            d.u.i.k.j.TypeConverter   No LDT found for Meta 
3069       DEBUG main            d.u.i.k.j.TypeConverter   No LDT found for JavaBigintExpression 
7778       DEBUG main            d.u.i.k.p.i.AbstractProblemLoader Init config took 7.08s 
7965       INFO  main            d.u.i.k.p.i.AbstractProblemLoader Replaying proof SumAndMax[SumAndMax::sumAndMax([I)].JML normal_behavior operation contract.0 
8001       DEBUG main            d.u.i.k.p.i.IntermediateProofReplayer Proof replay took 33.9ns 
12870      INFO  main            d.u.i.k.p.r.p.TestFile    ... finished proof: closed. 
13040      INFO  main            d.u.i.k.p.i.AbstractProblemLoader Loading environment from /home/runner/work/key/key/key.core/../key.ui/examples/heap/vstte10_01_SumAndMax/SumAndMax_sumAndMax.key.proof 
13043      DEBUG main            d.u.i.k.p.i.AbstractProblemLoader Environment load took 3.53ms 
13046      INFO  main            d.u.i.k.p.i.AbstractProblemLoader Creating init config 
15633      DEBUG main            d.u.i.k.p.i.AbstractProblemLoader Init config took 2.59s 
15704      INFO  main            d.u.i.k.p.i.AbstractProblemLoader Replaying proof SumAndMax[SumAndMax::sumAndMax([I)].JML normal_behavior operation contract.0 
16336      DEBUG main            d.u.i.k.p.i.IntermediateProofReplayer Proof replay took 609.96ms 
16343      DEBUG main            d.u.i.k.p.r.p.TestFile    ... success: reloaded. 
16345      INFO  main            d.u.i.k.p.r.p.TestFile    Now processing file /home/runner/work/key/key/key.core/../key.ui/examples/heap/vstte10_03_LinkedList/Node_cons.key 
16346      INFO  main            d.u.i.k.p.i.AbstractProblemLoader Loading environment from /home/runner/work/key/key/key.core/../key.ui/examples/heap/vstte10_03_LinkedList/Node_cons.key 
16346      DEBUG main            d.u.i.k.p.i.AbstractProblemLoader Environment load took 220.31ns 
16347      INFO  main            d.u.i.k.p.i.AbstractProblemLoader Creating init config 
18988      DEBUG main            d.u.i.k.p.i.AbstractProblemLoader Init config took 2.64s 
19048      INFO  main            d.u.i.k.p.i.AbstractProblemLoader Replaying proof Node[Node::cons(int,Node)].JML normal_behavior operation contract.0 
19051      DEBUG main            d.u.i.k.p.i.IntermediateProofReplayer Proof replay took 6.2ns 
20469      INFO  main            d.u.i.k.p.r.p.TestFile    ... finished proof: closed. 
20622      INFO  main            d.u.i.k.p.i.AbstractProblemLoader Loading environment from /home/runner/work/key/key/key.core/../key.ui/examples/heap/vstte10_03_LinkedList/Node_cons.key.proof 
20624      DEBUG main            d.u.i.k.p.i.AbstractProblemLoader Environment load took 1.37ms 
20626      INFO  main            d.u.i.k.p.i.AbstractProblemLoader Creating init config 
23159      DEBUG main            d.u.i.k.p.i.AbstractProblemLoader Init config took 2.53s 
23211      INFO  main            d.u.i.k.p.i.AbstractProblemLoader Replaying proof Node[Node::cons(int,Node)].JML normal_behavior operation contract.0 
23472      DEBUG main            d.u.i.k.p.i.IntermediateProofReplayer Proof replay took 247.35ms 
23474      DEBUG main            d.u.i.k.p.r.p.TestFile    ... success: reloaded. 
23475      INFO  main            d.u.i.k.p.r.p.TestFile    Now processing file /home/runner/work/key/key/key.core/../key.ui/examples/heap/vstte10_03_LinkedList/Node_inv.key 
23475      INFO  main            d.u.i.k.p.i.AbstractProblemLoader Loading environment from /home/runner/work/key/key/key.core/../key.ui/examples/heap/vstte10_03_LinkedList/Node_inv.key 
23476      DEBUG main            d.u.i.k.p.i.AbstractProblemLoader Environment load took 204.81ns 
23477      INFO  main            d.u.i.k.p.i.AbstractProblemLoader Creating init config 
25913      DEBUG main            d.u.i.k.p.i.AbstractProblemLoader Init config took 2.44s 
25964      INFO  main            d.u.i.k.p.i.AbstractProblemLoader Replaying proof Node[java.lang.Object::<inv>()].JML accessible clause.0 
25966      DEBUG main            d.u.i.k.p.i.IntermediateProofReplayer Proof replay took 5.8ns 
26269      INFO  main            d.u.i.k.p.r.p.TestFile    ... finished proof: closed. 
26412      INFO  main            d.u.i.k.p.i.AbstractProblemLoader Loading environment from /home/runner/work/key/key/key.core/../key.ui/examples/heap/vstte10_03_LinkedList/Node_inv.key.proof 
26412      DEBUG main            d.u.i.k.p.i.AbstractProblemLoader Environment load took 395.61ns 
26414      INFO  main            d.u.i.k.p.i.AbstractProblemLoader Creating init config 
28791      DEBUG main            d.u.i.k.p.i.AbstractProblemLoader Init config took 2.38s 
28838      INFO  main            d.u.i.k.p.i.AbstractProblemLoader Replaying proof Node[java.lang.Object::<inv>()].JML accessible clause.0 
28873      DEBUG main            d.u.i.k.p.i.IntermediateProofReplayer Proof replay took 31.15ms 
28874      DEBUG main            d.u.i.k.p.r.p.TestFile    ... success: reloaded. 
28876      INFO  main            d.u.i.k.p.r.p.TestFile    Now processing file /home/runner/work/key/key/key.core/../key.ui/examples/heap/vstte10_03_LinkedList/Node_search.key 
28876      INFO  main            d.u.i.k.p.i.AbstractProblemLoader Loading environment from /home/runner/work/key/key/key.core/../key.ui/examples/heap/vstte10_03_LinkedList/Node_search.key 
28876      DEBUG main            d.u.i.k.p.i.AbstractProblemLoader Environment load took 195.71ns 
28877      INFO  main            d.u.i.k.p.i.AbstractProblemLoader Creating init config 
31281      DEBUG main            d.u.i.k.p.i.AbstractProblemLoader Init config took 2.4s 
31355      INFO  main            d.u.i.k.p.i.AbstractProblemLoader Replaying proof Node[Node::search()].JML normal_behavior operation contract.0 
31356      DEBUG main            d.u.i.k.p.i.IntermediateProofReplayer Proof replay took 12.9ns 
37086      INFO  main            d.u.i.k.p.r.p.TestFile    ... finished proof: closed. 
37286      INFO  main            d.u.i.k.p.i.AbstractProblemLoader Loading environment from /home/runner/work/key/key/key.core/../key.ui/examples/heap/vstte10_03_LinkedList/Node_search.key.proof 
37288      DEBUG main            d.u.i.k.p.i.AbstractProblemLoader Environment load took 1.02ms 
37290      INFO  main            d.u.i.k.p.i.AbstractProblemLoader Creating init config 
39703      DEBUG main            d.u.i.k.p.i.AbstractProblemLoader Init config took 2.41s 
39762      INFO  main            d.u.i.k.p.i.AbstractProblemLoader Replaying proof Node[Node::search()].JML normal_behavior operation contract.0 
40442      DEBUG main            d.u.i.k.p.i.IntermediateProofReplayer Proof replay took 634.48ms 
40444      DEBUG main            d.u.i.k.p.r.p.TestFile    ... success: reloaded. 
40445      INFO  main            d.u.i.k.p.r.p.TestFile    Now processing file /home/runner/work/key/key/key.core/../key.ui/examples/heap/vstte10_04_Queens/Queens_isConsistent.key 
40445      INFO  main            d.u.i.k.p.i.AbstractProblemLoader Loading environment from /home/runner/work/key/key/key.core/../key.ui/examples/heap/vstte10_04_Queens/Queens_isConsistent.key 
40446      DEBUG main            d.u.i.k.p.i.AbstractProblemLoader Environment load took 232.61ns 
40447      INFO  main            d.u.i.k.p.i.AbstractProblemLoader Creating init config 
43270      DEBUG main            d.u.i.k.p.i.AbstractProblemLoader Init config took 2.82s 
43311      INFO  main            d.u.i.k.p.i.AbstractProblemLoader Replaying proof Queens[Queens::isConsistent([I,int)].JML normal_behavior operation contract.0 
43313      DEBUG main            d.u.i.k.p.i.IntermediateProofReplayer Proof replay took 4.9ns 
44955      INFO  main            d.u.i.k.p.r.p.TestFile    ... finished proof: closed. 
45163      INFO  main            d.u.i.k.p.i.AbstractProblemLoader Loading environment from /home/runner/work/key/key/key.core/../key.ui/examples/heap/vstte10_04_Queens/Queens_isConsistent.key.proof 
45163      DEBUG main            d.u.i.k.p.i.AbstractProblemLoader Environment load took 401.91ns 
45164      INFO  main            d.u.i.k.p.i.AbstractProblemLoader Creating init config 
47602      DEBUG main            d.u.i.k.p.i.AbstractProblemLoader Init config took 2.44s 
47641      INFO  main            d.u.i.k.p.i.AbstractProblemLoader Replaying proof Queens[Queens::isConsistent([I,int)].JML normal_behavior operation contract.0 
48014      DEBUG main            d.u.i.k.p.i.IntermediateProofReplayer Proof replay took 363.28ms 
48015      DEBUG main            d.u.i.k.p.r.p.TestFile    ... success: reloaded. 
48016      INFO  main            d.u.i.k.p.r.p.TestFile    Now processing file /home/runner/work/key/key/key.core/../key.ui/examples/heap/vstte10_04_Queens/Queens_nQueens.key 
48017      INFO  main            d.u.i.k.p.i.AbstractProblemLoader Loading environment from /home/runner/work/key/key/key.core/../key.ui/examples/heap/vstte10_04_Queens/Queens_nQueens.key 
48017      DEBUG main            d.u.i.k.p.i.AbstractProblemLoader Environment load took 203.51ns 
48018      INFO  main            d.u.i.k.p.i.AbstractProblemLoader Creating init config 
50508      DEBUG main            d.u.i.k.p.i.AbstractProblemLoader Init config took 2.49s 
50549      INFO  main            d.u.i.k.p.i.AbstractProblemLoader Replaying proof Queens[Queens::nQueens(int)].JML normal_behavior operation contract.0 
50551      DEBUG main            d.u.i.k.p.i.IntermediateProofReplayer Proof replay took 4.9ns 
62442      INFO  main            d.u.i.k.p.r.p.TestFile    ... finished proof: closed. 
62657      INFO  main            d.u.i.k.p.i.AbstractProblemLoader Loading environment from /home/runner/work/key/key/key.core/../key.ui/examples/heap/vstte10_04_Queens/Queens_nQueens.key.proof 
62657      DEBUG main            d.u.i.k.p.i.AbstractProblemLoader Environment load took 124.8ns 
62659      INFO  main            d.u.i.k.p.i.AbstractProblemLoader Creating init config 
65047      DEBUG main            d.u.i.k.p.i.AbstractProblemLoader Init config took 2.39s 
65098      INFO  main            d.u.i.k.p.i.AbstractProblemLoader Replaying proof Queens[Queens::nQueens(int)].JML normal_behavior operation contract.0 
66089      DEBUG main            d.u.i.k.p.i.IntermediateProofReplayer Proof replay took 971.94ms 
66090      DEBUG main            d.u.i.k.p.r.p.TestFile    ... success: reloaded. 
66091      INFO  main            d.u.i.k.p.r.p.TestFile    Now processing file /home/runner/work/key/key/key.core/../key.ui/examples/heap/vstte10_05_Queue/AmortizedQueue_AmortizedQueue.key 
66092      INFO  main            d.u.i.k.p.i.AbstractProblemLoader Loading environment from /home/runner/work/key/key/key.core/../key.ui/examples/heap/vstte10_05_Queue/AmortizedQueue_AmortizedQueue.key 
66092      DEBUG main            d.u.i.k.p.i.AbstractProblemLoader Environment load took 88ns 
66093      INFO  main            d.u.i.k.p.i.AbstractProblemLoader Creating init config 
68657      DEBUG main            d.u.i.k.p.i.AbstractProblemLoader Init config took 2.56s 
68727      INFO  main            d.u.i.k.p.i.AbstractProblemLoader Replaying proof AmortizedQueue[AmortizedQueue::AmortizedQueue()].JML normal_behavior operation contract.0 
68728      DEBUG main            d.u.i.k.p.i.IntermediateProofReplayer Proof replay took 5ns 
70033      INFO  main            d.u.i.k.p.r.p.TestFile    ... finished proof: closed. 
70216      INFO  main            d.u.i.k.p.i.AbstractProblemLoader Loading environment from /home/runner/work/key/key/key.core/../key.ui/examples/heap/vstte10_05_Queue/AmortizedQueue_AmortizedQueue.key.proof 
70217      DEBUG main            d.u.i.k.p.i.AbstractProblemLoader Environment load took 402.51ns 
70218      INFO  main            d.u.i.k.p.i.AbstractProblemLoader Creating init config 
72646      DEBUG main            d.u.i.k.p.i.AbstractProblemLoader Init config took 2.43s 
72687      INFO  main            d.u.i.k.p.i.AbstractProblemLoader Replaying proof AmortizedQueue[AmortizedQueue::AmortizedQueue()].JML normal_behavior operation contract.0 
72908      DEBUG main            d.u.i.k.p.i.IntermediateProofReplayer Proof replay took 214.54ms 
72909      DEBUG main            d.u.i.k.p.r.p.TestFile    ... success: reloaded. 
72910      INFO  main            d.u.i.k.p.r.p.TestFile    Now processing file /home/runner/work/key/key/key.core/../key.ui/examples/heap/vstte10_05_Queue/AmortizedQueue_front.key 
72910      INFO  main            d.u.i.k.p.i.AbstractProblemLoader Loading environment from /home/runner/work/key/key/key.core/../key.ui/examples/heap/vstte10_05_Queue/AmortizedQueue_front.key 
72910      DEBUG main            d.u.i.k.p.i.AbstractProblemLoader Environment load took 82.1ns 
72911      INFO  main            d.u.i.k.p.i.AbstractProblemLoader Creating init config 
75331      DEBUG main            d.u.i.k.p.i.AbstractProblemLoader Init config took 2.42s 
75391      INFO  main            d.u.i.k.p.i.AbstractProblemLoader Replaying proof AmortizedQueue[AmortizedQueue::front()].JML normal_behavior operation contract.0 
75393      DEBUG main            d.u.i.k.p.i.IntermediateProofReplayer Proof replay took 5.4ns 
75797      INFO  main            d.u.i.k.p.r.p.TestFile    ... finished proof: closed. 
75984      INFO  main            d.u.i.k.p.i.AbstractProblemLoader Loading environment from /home/runner/work/key/key/key.core/../key.ui/examples/heap/vstte10_05_Queue/AmortizedQueue_front.key.proof 
75984      DEBUG main            d.u.i.k.p.i.AbstractProblemLoader Environment load took 108.4ns 
75985      INFO  main            d.u.i.k.p.i.AbstractProblemLoader Creating init config 
78392      DEBUG main            d.u.i.k.p.i.AbstractProblemLoader Init config took 2.41s 
78432      INFO  main            d.u.i.k.p.i.AbstractProblemLoader Replaying proof AmortizedQueue[AmortizedQueue::front()].JML normal_behavior operation contract.0 
78484      DEBUG main            d.u.i.k.p.i.IntermediateProofReplayer Proof replay took 48.86ms 
78485      DEBUG main            d.u.i.k.p.r.p.TestFile    ... success: reloaded. 
78486      INFO  main            d.u.i.k.p.r.p.TestFile    Now processing file /home/runner/work/key/key/key.core/../key.ui/examples/heap/vstte10_05_Queue/LinkedList_concat.key 
78486      INFO  main            d.u.i.k.p.i.AbstractProblemLoader Loading environment from /home/runner/work/key/key/key.core/../key.ui/examples/heap/vstte10_05_Queue/LinkedList_concat.key 
78486      DEBUG main            d.u.i.k.p.i.AbstractProblemLoader Environment load took 191.31ns 
78487      INFO  main            d.u.i.k.p.i.AbstractProblemLoader Creating init config 
80947      DEBUG main            d.u.i.k.p.i.AbstractProblemLoader Init config took 2.46s 
81008      INFO  main            d.u.i.k.p.i.AbstractProblemLoader Replaying proof LinkedList[LinkedList::concat(LinkedList)].JML normal_behavior operation contract.0 
81010      DEBUG main            d.u.i.k.p.i.IntermediateProofReplayer Proof replay took 5.1ns 
88959      INFO  main            d.u.i.k.p.r.p.TestFile    ... finished proof: closed. 
89190      INFO  main            d.u.i.k.p.i.AbstractProblemLoader Loading environment from /home/runner/work/key/key/key.core/../key.ui/examples/heap/vstte10_05_Queue/LinkedList_concat.key.proof 
89190      DEBUG main            d.u.i.k.p.i.AbstractProblemLoader Environment load took 409.31ns 
89192      INFO  main            d.u.i.k.p.i.AbstractProblemLoader Creating init config 
91582      DEBUG main            d.u.i.k.p.i.AbstractProblemLoader Init config took 2.39s 
91626      INFO  main            d.u.i.k.p.i.AbstractProblemLoader Replaying proof LinkedList[LinkedList::concat(LinkedList)].JML normal_behavior operation contract.0 
92417      DEBUG main            d.u.i.k.p.i.IntermediateProofReplayer Proof replay took 753.74ms 
92419      DEBUG main            d.u.i.k.p.r.p.TestFile    ... success: reloaded. 
92421      INFO  main            d.u.i.k.p.r.p.TestFile    Now processing file /home/runner/work/key/key/key.core/../key.ui/examples/heap/vstte10_05_Queue/LinkedList_cons.key 
92421      INFO  main            d.u.i.k.p.i.AbstractProblemLoader Loading environment from /home/runner/work/key/key/key.core/../key.ui/examples/heap/vstte10_05_Queue/LinkedList_cons.key 
92421      DEBUG main            d.u.i.k.p.i.AbstractProblemLoader Environment load took 203.1ns 
92422      INFO  main            d.u.i.k.p.i.AbstractProblemLoader Creating init config 
94948      DEBUG main            d.u.i.k.p.i.AbstractProblemLoader Init config took 2.53s 
94990      INFO  main            d.u.i.k.p.i.AbstractProblemLoader Replaying proof LinkedList[LinkedList::cons(int)].JML normal_behavior operation contract.0 
94992      DEBUG main            d.u.i.k.p.i.IntermediateProofReplayer Proof replay took 4.6ns 
97226      INFO  main            d.u.i.k.p.r.p.TestFile    ... finished proof: closed. 
97449      INFO  main            d.u.i.k.p.i.AbstractProblemLoader Loading environment from /home/runner/work/key/key/key.core/../key.ui/examples/heap/vstte10_05_Queue/LinkedList_cons.key.proof 
97450      DEBUG main            d.u.i.k.p.i.AbstractProblemLoader Environment load took 385.61ns 
97451      INFO  main            d.u.i.k.p.i.AbstractProblemLoader Creating init config 
99809      DEBUG main            d.u.i.k.p.i.AbstractProblemLoader Init config took 2.36s 
99861      INFO  main            d.u.i.k.p.i.AbstractProblemLoader Replaying proof LinkedList[LinkedList::cons(int)].JML normal_behavior operation contract.0 
100128     DEBUG main            d.u.i.k.p.i.IntermediateProofReplayer Proof replay took 253.68ms 
100129     DEBUG main            d.u.i.k.p.r.p.TestFile    ... success: reloaded. 
100130     INFO  main            d.u.i.k.p.r.p.TestFile    Now processing file /home/runner/work/key/key/key.core/../key.ui/examples/heap/vstte10_05_Queue/LinkedList_head.key 
100131     INFO  main            d.u.i.k.p.i.AbstractProblemLoader Loading environment from /home/runner/work/key/key/key.core/../key.ui/examples/heap/vstte10_05_Queue/LinkedList_head.key 
100131     DEBUG main            d.u.i.k.p.i.AbstractProblemLoader Environment load took 96.4ns 
100132     INFO  main            d.u.i.k.p.i.AbstractProblemLoader Creating init config 
102577     DEBUG main            d.u.i.k.p.i.AbstractProblemLoader Init config took 2.44s 
102633     INFO  main            d.u.i.k.p.i.AbstractProblemLoader Replaying proof LinkedList[LinkedList::head()].JML normal_behavior operation contract.0 
102634     DEBUG main            d.u.i.k.p.i.IntermediateProofReplayer Proof replay took 5.7ns 
102736     INFO  main            d.u.i.k.p.r.p.TestFile    ... finished proof: closed. 
102912     INFO  main            d.u.i.k.p.i.AbstractProblemLoader Loading environment from /home/runner/work/key/key/key.core/../key.ui/examples/heap/vstte10_05_Queue/LinkedList_head.key.proof 
102912     DEBUG main            d.u.i.k.p.i.AbstractProblemLoader Environment load took 104.5ns 
102913     INFO  main            d.u.i.k.p.i.AbstractProblemLoader Creating init config 
105332     DEBUG main            d.u.i.k.p.i.AbstractProblemLoader Init config took 2.42s 
105372     INFO  main            d.u.i.k.p.i.AbstractProblemLoader Replaying proof LinkedList[LinkedList::head()].JML normal_behavior operation contract.0 
105386     DEBUG main            d.u.i.k.p.i.IntermediateProofReplayer Proof replay took 11.95ms 
105386     DEBUG main            d.u.i.k.p.r.p.TestFile    ... success: reloaded. 
105387     INFO  main            d.u.i.k.p.r.p.TestFile    Now processing file /home/runner/work/key/key/key.core/../key.ui/examples/heap/vstte10_05_Queue/LinkedList_inv.key 
105388     INFO  main            d.u.i.k.p.i.AbstractProblemLoader Loading environment from /home/runner/work/key/key/key.core/../key.ui/examples/heap/vstte10_05_Queue/LinkedList_inv.key 
105388     DEBUG main            d.u.i.k.p.i.AbstractProblemLoader Environment load took 83ns 
105388     INFO  main            d.u.i.k.p.i.AbstractProblemLoader Creating init config 
107804     DEBUG main            d.u.i.k.p.i.AbstractProblemLoader Init config took 2.42s 
107844     INFO  main            d.u.i.k.p.i.AbstractProblemLoader Replaying proof LinkedList[java.lang.Object::<inv>()].JML accessible clause.0 
107845     DEBUG main            d.u.i.k.p.i.IntermediateProofReplayer Proof replay took 5.8ns 
108149     INFO  main            d.u.i.k.p.r.p.TestFile    ... finished proof: closed. 
108359     INFO  main            d.u.i.k.p.i.AbstractProblemLoader Loading environment from /home/runner/work/key/key/key.core/../key.ui/examples/heap/vstte10_05_Queue/LinkedList_inv.key.proof 
108360     DEBUG main            d.u.i.k.p.i.AbstractProblemLoader Environment load took 112.1ns 
108361     INFO  main            d.u.i.k.p.i.AbstractProblemLoader Creating init config 
110715     DEBUG main            d.u.i.k.p.i.AbstractProblemLoader Init config took 2.35s 
110767     INFO  main            d.u.i.k.p.i.AbstractProblemLoader Replaying proof LinkedList[java.lang.Object::<inv>()].JML accessible clause.0 
110794     DEBUG main            d.u.i.k.p.i.IntermediateProofReplayer Proof replay took 24.54ms 
110795     DEBUG main            d.u.i.k.p.r.p.TestFile    ... success: reloaded. 
110796     INFO  main            d.u.i.k.p.r.p.TestFile    Now processing file /home/runner/work/key/key/key.core/../key.ui/examples/heap/vstte10_05_Queue/LinkedList_length.key 
110796     INFO  main            d.u.i.k.p.i.AbstractProblemLoader Loading environment from /home/runner/work/key/key/key.core/../key.ui/examples/heap/vstte10_05_Queue/LinkedList_length.key 
110796     DEBUG main            d.u.i.k.p.i.AbstractProblemLoader Environment load took 107ns 
110797     INFO  main            d.u.i.k.p.i.AbstractProblemLoader Creating init config 
113252     DEBUG main            d.u.i.k.p.i.AbstractProblemLoader Init config took 2.45s 
113293     INFO  main            d.u.i.k.p.i.AbstractProblemLoader Replaying proof LinkedList[LinkedList::length()].JML normal_behavior operation contract.0 
113295     DEBUG main            d.u.i.k.p.i.IntermediateProofReplayer Proof replay took 4.5ns 
113396     INFO  main            d.u.i.k.p.r.p.TestFile    ... finished proof: closed. 
113597     INFO  main            d.u.i.k.p.i.AbstractProblemLoader Loading environment from /home/runner/work/key/key/key.core/../key.ui/examples/heap/vstte10_05_Queue/LinkedList_length.key.proof 
113597     DEBUG main            d.u.i.k.p.i.AbstractProblemLoader Environment load took 106ns 
113598     INFO  main            d.u.i.k.p.i.AbstractProblemLoader Creating init config 
115982     DEBUG main            d.u.i.k.p.i.AbstractProblemLoader Init config took 2.38s 
116024     INFO  main            d.u.i.k.p.i.AbstractProblemLoader Replaying proof LinkedList[LinkedList::length()].JML normal_behavior operation contract.0 
116037     DEBUG main            d.u.i.k.p.i.IntermediateProofReplayer Proof replay took 11.6ms 
116038     DEBUG main            d.u.i.k.p.r.p.TestFile    ... success: reloaded. 
116039     INFO  main            d.u.i.k.p.r.p.TestFile    Now processing file /home/runner/work/key/key/key.core/../key.ui/examples/heap/vstte10_05_Queue/LinkedList_LinkedList1.key 
116039     INFO  main            d.u.i.k.p.i.AbstractProblemLoader Loading environment from /home/runner/work/key/key/key.core/../key.ui/examples/heap/vstte10_05_Queue/LinkedList_LinkedList1.key 
116039     DEBUG main            d.u.i.k.p.i.AbstractProblemLoader Environment load took 90.1ns 
116040     INFO  main            d.u.i.k.p.i.AbstractProblemLoader Creating init config 
118455     DEBUG main            d.u.i.k.p.i.AbstractProblemLoader Init config took 2.41s 
118495     INFO  main            d.u.i.k.p.i.AbstractProblemLoader Replaying proof LinkedList[LinkedList::LinkedList(int,LinkedList)].JML normal_behavior operation contract.0 
118496     DEBUG main            d.u.i.k.p.i.IntermediateProofReplayer Proof replay took 5.5ns 
120201     INFO  main            d.u.i.k.p.r.p.TestFile    ... finished proof: closed. 
120430     INFO  main            d.u.i.k.p.i.AbstractProblemLoader Loading environment from /home/runner/work/key/key/key.core/../key.ui/examples/heap/vstte10_05_Queue/LinkedList_LinkedList1.key.proof 
120430     DEBUG main            d.u.i.k.p.i.AbstractProblemLoader Environment load took 428.91ns 
120432     INFO  main            d.u.i.k.p.i.AbstractProblemLoader Creating init config 
122789     DEBUG main            d.u.i.k.p.i.AbstractProblemLoader Init config took 2.36s 
122830     INFO  main            d.u.i.k.p.i.AbstractProblemLoader Replaying proof LinkedList[LinkedList::LinkedList(int,LinkedList)].JML normal_behavior operation contract.0 
123064     DEBUG main            d.u.i.k.p.i.IntermediateProofReplayer Proof replay took 227.61ms 
123065     DEBUG main            d.u.i.k.p.r.p.TestFile    ... success: reloaded. 
123066     INFO  main            d.u.i.k.p.r.p.TestFile    Now processing file /home/runner/work/key/key/key.core/../key.ui/examples/heap/vstte10_05_Queue/LinkedList_LinkedList2.key 
123066     INFO  main            d.u.i.k.p.i.AbstractProblemLoader Loading environment from /home/runner/work/key/key/key.core/../key.ui/examples/heap/vstte10_05_Queue/LinkedList_LinkedList2.key 
123066     DEBUG main            d.u.i.k.p.i.AbstractProblemLoader Environment load took 127.2ns 
123067     INFO  main            d.u.i.k.p.i.AbstractProblemLoader Creating init config 
125516     DEBUG main            d.u.i.k.p.i.AbstractProblemLoader Init config took 2.45s 
125574     INFO  main            d.u.i.k.p.i.AbstractProblemLoader Replaying proof LinkedList[LinkedList::LinkedList(int,LinkedList)].JML normal_behavior operation contract.0 
125576     DEBUG main            d.u.i.k.p.i.IntermediateProofReplayer Proof replay took 5.3ns 
127281     INFO  main            d.u.i.k.p.r.p.TestFile    ... finished proof: closed. 
127517     INFO  main            d.u.i.k.p.i.AbstractProblemLoader Loading environment from /home/runner/work/key/key/key.core/../key.ui/examples/heap/vstte10_05_Queue/LinkedList_LinkedList2.key.proof 
127517     DEBUG main            d.u.i.k.p.i.AbstractProblemLoader Environment load took 112.4ns 
127518     INFO  main            d.u.i.k.p.i.AbstractProblemLoader Creating init config 
129876     DEBUG main            d.u.i.k.p.i.AbstractProblemLoader Init config took 2.36s 
129917     INFO  main            d.u.i.k.p.i.AbstractProblemLoader Replaying proof LinkedList[LinkedList::LinkedList(int,LinkedList)].JML normal_behavior operation contract.0 
130153     DEBUG main            d.u.i.k.p.i.IntermediateProofReplayer Proof replay took 228.1ms 
130154     DEBUG main            d.u.i.k.p.r.p.TestFile    ... success: reloaded. 
130155     INFO  main            d.u.i.k.p.r.p.TestFile    Now processing file /home/runner/work/key/key/key.core/../key.ui/examples/heap/vstte10_05_Queue/LinkedList_LinkedList3.key 
130156     INFO  main            d.u.i.k.p.i.AbstractProblemLoader Loading environment from /home/runner/work/key/key/key.core/../key.ui/examples/heap/vstte10_05_Queue/LinkedList_LinkedList3.key 
130156     DEBUG main            d.u.i.k.p.i.AbstractProblemLoader Environment load took 203.91ns 
130157     INFO  main            d.u.i.k.p.i.AbstractProblemLoader Creating init config 
132548     DEBUG main            d.u.i.k.p.i.AbstractProblemLoader Init config took 2.39s 
132599     INFO  main            d.u.i.k.p.i.AbstractProblemLoader Replaying proof LinkedList[LinkedList::LinkedList(int,LinkedList)].JML normal_behavior operation contract.0 
132600     DEBUG main            d.u.i.k.p.i.IntermediateProofReplayer Proof replay took 5.3ns 
144479     INFO  main            d.u.i.k.p.r.p.TestFile    ... finished proof: closed. 
144786     INFO  main            d.u.i.k.p.i.AbstractProblemLoader Loading environment from /home/runner/work/key/key/key.core/../key.ui/examples/heap/vstte10_05_Queue/LinkedList_LinkedList3.key.proof 
144787     DEBUG main            d.u.i.k.p.i.AbstractProblemLoader Environment load took 407.31ns 
144792     INFO  main            d.u.i.k.p.i.AbstractProblemLoader Creating init config 
147140     DEBUG main            d.u.i.k.p.i.AbstractProblemLoader Init config took 2.35s 
147181     INFO  main            d.u.i.k.p.i.AbstractProblemLoader Replaying proof LinkedList[LinkedList::LinkedList(int,LinkedList)].JML normal_behavior operation contract.0 
148325     DEBUG main            d.u.i.k.p.i.IntermediateProofReplayer Proof replay took 1.05s 
148330     DEBUG main            d.u.i.k.p.r.p.TestFile    ... success: reloaded. 
148331     INFO  main            d.u.i.k.p.r.p.TestFile    Now processing file /home/runner/work/key/key/key.core/../key.ui/examples/heap/vstte10_05_Queue/LinkedList_reverse.key 
148331     INFO  main            d.u.i.k.p.i.AbstractProblemLoader Loading environment from /home/runner/work/key/key/key.core/../key.ui/examples/heap/vstte10_05_Queue/LinkedList_reverse.key 
148331     DEBUG main            d.u.i.k.p.i.AbstractProblemLoader Environment load took 90.5ns 
148332     INFO  main            d.u.i.k.p.i.AbstractProblemLoader Creating init config 
150829     DEBUG main            d.u.i.k.p.i.AbstractProblemLoader Init config took 2.5s 
150870     INFO  main            d.u.i.k.p.i.AbstractProblemLoader Replaying proof LinkedList[LinkedList::reverse()].JML normal_behavior operation contract.0 
150871     DEBUG main            d.u.i.k.p.i.IntermediateProofReplayer Proof replay took 5.2ns 
159439     INFO  main            d.u.i.k.p.r.p.TestFile    ... finished proof: closed. 
159740     INFO  main            d.u.i.k.p.i.AbstractProblemLoader Loading environment from /home/runner/work/key/key/key.core/../key.ui/examples/heap/vstte10_05_Queue/LinkedList_reverse.key.proof 
159740     DEBUG main            d.u.i.k.p.i.AbstractProblemLoader Environment load took 183.81ns 
159742     INFO  main            d.u.i.k.p.i.AbstractProblemLoader Creating init config 
162094     DEBUG main            d.u.i.k.p.i.AbstractProblemLoader Init config took 2.35s 
162133     INFO  main            d.u.i.k.p.i.AbstractProblemLoader Replaying proof LinkedList[LinkedList::reverse()].JML normal_behavior operation contract.0 
162845     DEBUG main            d.u.i.k.p.i.IntermediateProofReplayer Proof replay took 683.38ms 
162847     DEBUG main            d.u.i.k.p.r.p.TestFile    ... success: reloaded. 
162848     INFO  main            d.u.i.k.p.r.p.TestFile    Now processing file /home/runner/work/key/key/key.core/../key.ui/examples/heap/vstte10_05_Queue/LinkedList_tail.key 
162848     INFO  main            d.u.i.k.p.i.AbstractProblemLoader Loading environment from /home/runner/work/key/key/key.core/../key.ui/examples/heap/vstte10_05_Queue/LinkedList_tail.key 
162848     DEBUG main            d.u.i.k.p.i.AbstractProblemLoader Environment load took 84.4ns 
162849     INFO  main            d.u.i.k.p.i.AbstractProblemLoader Creating init config 
165297     DEBUG main            d.u.i.k.p.i.AbstractProblemLoader Init config took 2.45s 
165336     INFO  main            d.u.i.k.p.i.AbstractProblemLoader Replaying proof LinkedList[LinkedList::tail()].JML normal_behavior operation contract.0 
165337     DEBUG main            d.u.i.k.p.i.IntermediateProofReplayer Proof replay took 39.5ns 
165857     INFO  main            d.u.i.k.p.r.p.TestFile    ... finished proof: closed. 
166099     INFO  main            d.u.i.k.p.i.AbstractProblemLoader Loading environment from /home/runner/work/key/key/key.core/../key.ui/examples/heap/vstte10_05_Queue/LinkedList_tail.key.proof 
166099     DEBUG main            d.u.i.k.p.i.AbstractProblemLoader Environment load took 105.1ns 
166100     INFO  main            d.u.i.k.p.i.AbstractProblemLoader Creating init config 
168488     DEBUG main            d.u.i.k.p.i.AbstractProblemLoader Init config took 2.39s 
168527     INFO  main            d.u.i.k.p.i.AbstractProblemLoader Replaying proof LinkedList[LinkedList::tail()].JML normal_behavior operation contract.0 
168616     DEBUG main            d.u.i.k.p.i.IntermediateProofReplayer Proof replay took 86.08ms 
168617     DEBUG main            d.u.i.k.p.r.p.TestFile    ... success: reloaded. 
2236116    INFO  Test worker     d.u.i.k.p.r.p.StatisticsFile Returning from test VSTTE10 
2236118    INFO  Test worker     d.u.i.k.p.r.p.StatisticsFile Running test WeideEtAl 
305        INFO  Timeout watchdog d.u.i.k.p.r.p.ForkedTestFileRunner Timeout watcher launched (2000 secs.) 
327        WARN  main            d.u.i.k.s.ProofSettings   The settings in /home/runner/.key/proof-settings.props are *not* read. 
369        INFO  main            d.u.i.k.p.r.p.TestFile    Now processing file /home/runner/work/key/key/key.core/../key.ui/examples/heap/WeideEtAl_01_AddAndMultiply/AddAndMultiply_add.key 
465        INFO  main            d.u.i.k.p.i.AbstractProblemLoader Loading environment from /home/runner/work/key/key/key.core/../key.ui/examples/heap/WeideEtAl_01_AddAndMultiply/AddAndMultiply_add.key 
486        DEBUG main            d.u.i.k.p.i.AbstractProblemLoader Environment load took 2.07ms 
690        INFO  main            d.u.i.k.p.i.AbstractProblemLoader Creating init config 
1538       DEBUG main            d.u.i.k.j.TypeConverter   No LDT found for Meta 
1542       DEBUG main            d.u.i.k.j.TypeConverter   No LDT found for Meta 
1546       DEBUG main            d.u.i.k.j.TypeConverter   No LDT found for Meta 
1546       DEBUG main            d.u.i.k.j.TypeConverter   No LDT found for Meta 
2886       DEBUG main            d.u.i.k.j.TypeConverter   No LDT found for JavaBigintExpression 
7940       DEBUG main            d.u.i.k.p.i.AbstractProblemLoader Init config took 7.25s 
8055       INFO  main            d.u.i.k.p.i.AbstractProblemLoader Replaying proof AddAndMultiply[AddAndMultiply::add(int,int)].JML normal_behavior operation contract.0 
8084       DEBUG main            d.u.i.k.p.i.IntermediateProofReplayer Proof replay took 33.5ns 
9422       INFO  main            d.u.i.k.p.r.p.TestFile    ... finished proof: closed. 
9570       INFO  main            d.u.i.k.p.i.AbstractProblemLoader Loading environment from /home/runner/work/key/key/key.core/../key.ui/examples/heap/WeideEtAl_01_AddAndMultiply/AddAndMultiply_add.key.proof 
9575       DEBUG main            d.u.i.k.p.i.AbstractProblemLoader Environment load took 4.37ms 
9577       INFO  main            d.u.i.k.p.i.AbstractProblemLoader Creating init config 
12456      DEBUG main            d.u.i.k.p.i.AbstractProblemLoader Init config took 2.88s 
12517      INFO  main            d.u.i.k.p.i.AbstractProblemLoader Replaying proof AddAndMultiply[AddAndMultiply::add(int,int)].JML normal_behavior operation contract.0 
12739      DEBUG main            d.u.i.k.p.i.IntermediateProofReplayer Proof replay took 212.57ms 
12746      DEBUG main            d.u.i.k.p.r.p.TestFile    ... success: reloaded. 
12747      INFO  main            d.u.i.k.p.r.p.TestFile    Now processing file /home/runner/work/key/key/key.core/../key.ui/examples/heap/WeideEtAl_01_AddAndMultiply/AddAndMultiply_mul.key 
12748      INFO  main            d.u.i.k.p.i.AbstractProblemLoader Loading environment from /home/runner/work/key/key/key.core/../key.ui/examples/heap/WeideEtAl_01_AddAndMultiply/AddAndMultiply_mul.key 
12748      DEBUG main            d.u.i.k.p.i.AbstractProblemLoader Environment load took 218.91ns 
12749      INFO  main            d.u.i.k.p.i.AbstractProblemLoader Creating init config 
15544      DEBUG main            d.u.i.k.p.i.AbstractProblemLoader Init config took 2.79s 
15598      INFO  main            d.u.i.k.p.i.AbstractProblemLoader Replaying proof AddAndMultiply[AddAndMultiply::mul(int,int)].JML normal_behavior operation contract.0 
15601      DEBUG main            d.u.i.k.p.i.IntermediateProofReplayer Proof replay took 6.1ns 
16105      INFO  main            d.u.i.k.p.r.p.TestFile    ... finished proof: closed. 
16243      INFO  main            d.u.i.k.p.i.AbstractProblemLoader Loading environment from /home/runner/work/key/key/key.core/../key.ui/examples/heap/WeideEtAl_01_AddAndMultiply/AddAndMultiply_mul.key.proof 
16244      DEBUG main            d.u.i.k.p.i.AbstractProblemLoader Environment load took 969.63ns 
16245      INFO  main            d.u.i.k.p.i.AbstractProblemLoader Creating init config 
18920      DEBUG main            d.u.i.k.p.i.AbstractProblemLoader Init config took 2.67s 
18966      INFO  main            d.u.i.k.p.i.AbstractProblemLoader Replaying proof AddAndMultiply[AddAndMultiply::mul(int,int)].JML normal_behavior operation contract.0 
19072      DEBUG main            d.u.i.k.p.i.IntermediateProofReplayer Proof replay took 101.47ms 
19074      DEBUG main            d.u.i.k.p.r.p.TestFile    ... success: reloaded. 
19075      INFO  main            d.u.i.k.p.r.p.TestFile    Now processing file /home/runner/work/key/key/key.core/../key.ui/examples/heap/WeideEtAl_02_BinarySearch/BinarySearch_search.key 
19075      INFO  main            d.u.i.k.p.i.AbstractProblemLoader Loading environment from /home/runner/work/key/key/key.core/../key.ui/examples/heap/WeideEtAl_02_BinarySearch/BinarySearch_search.key 
19076      DEBUG main            d.u.i.k.p.i.AbstractProblemLoader Environment load took 205.41ns 
19077      INFO  main            d.u.i.k.p.i.AbstractProblemLoader Creating init config 
21745      DEBUG main            d.u.i.k.p.i.AbstractProblemLoader Init config took 2.67s 
21788      INFO  main            d.u.i.k.p.i.AbstractProblemLoader Replaying proof BinarySearch[BinarySearch::search([I,int)].JML normal_behavior operation contract.0 
21792      DEBUG main            d.u.i.k.p.i.IntermediateProofReplayer Proof replay took 5.5ns 
24743      INFO  main            d.u.i.k.p.r.p.TestFile    ... finished proof: closed. 
24911      INFO  main            d.u.i.k.p.i.AbstractProblemLoader Loading environment from /home/runner/work/key/key/key.core/../key.ui/examples/heap/WeideEtAl_02_BinarySearch/BinarySearch_search.key.proof 
24914      DEBUG main            d.u.i.k.p.i.AbstractProblemLoader Environment load took 3.54ms 
24918      INFO  main            d.u.i.k.p.i.AbstractProblemLoader Creating init config 
27564      DEBUG main            d.u.i.k.p.i.AbstractProblemLoader Init config took 2.65s 
27606      INFO  main            d.u.i.k.p.i.AbstractProblemLoader Replaying proof BinarySearch[BinarySearch::search([I,int)].JML normal_behavior operation contract.0 
28126      DEBUG main            d.u.i.k.p.i.IntermediateProofReplayer Proof replay took 500.17ms 
28130      DEBUG main            d.u.i.k.p.r.p.TestFile    ... success: reloaded. 
2264428    INFO  Test worker     d.u.i.k.p.r.p.StatisticsFile Returning from test WeideEtAl 
2264429    INFO  Test worker     d.u.i.k.p.r.p.StatisticsFile Running test arithmetic 
352        INFO  Timeout watchdog d.u.i.k.p.r.p.ForkedTestFileRunner Timeout watcher launched (2000 secs.) 
367        WARN  main            d.u.i.k.s.ProofSettings   The settings in /home/runner/.key/proof-settings.props are *not* read. 
397        INFO  main            d.u.i.k.p.r.p.TestFile    Now processing file /home/runner/work/key/key/key.core/../key.ui/examples/standard_key/arith/binomial1.key 
499        INFO  main            d.u.i.k.p.i.AbstractProblemLoader Loading environment from /home/runner/work/key/key/key.core/../key.ui/examples/standard_key/arith/binomial1.key 
515        DEBUG main            d.u.i.k.p.i.AbstractProblemLoader Environment load took 1.91ms 
742        INFO  main            d.u.i.k.p.i.AbstractProblemLoader Creating init config 
1665       DEBUG main            d.u.i.k.j.TypeConverter   No LDT found for Meta 
1666       DEBUG main            d.u.i.k.j.TypeConverter   No LDT found for Meta 
1669       DEBUG main            d.u.i.k.j.TypeConverter   No LDT found for Meta 
1669       DEBUG main            d.u.i.k.j.TypeConverter   No LDT found for Meta 
2841       DEBUG main            d.u.i.k.j.TypeConverter   No LDT found for JavaBigintExpression 
7265       DEBUG main            d.u.i.k.p.i.AbstractProblemLoader Init config took 6.52s 
7327       INFO  main            d.u.i.k.p.i.AbstractProblemLoader Replaying proof binomial1.key 
7358       DEBUG main            d.u.i.k.p.i.IntermediateProofReplayer Proof replay took 31.2ns 
7739       INFO  main            d.u.i.k.p.r.p.TestFile    ... finished proof: closed. 
7856       INFO  main            d.u.i.k.p.i.AbstractProblemLoader Loading environment from /home/runner/work/key/key/key.core/../key.ui/examples/standard_key/arith/binomial1.key.proof 
7858       DEBUG main            d.u.i.k.p.i.AbstractProblemLoader Environment load took 1.97ms 
7863       INFO  main            d.u.i.k.p.i.AbstractProblemLoader Creating init config 
10378      DEBUG main            d.u.i.k.p.i.AbstractProblemLoader Init config took 2.52s 
10409      INFO  main            d.u.i.k.p.i.AbstractProblemLoader Replaying proof binomial1.key.proof 
10426      DEBUG main            d.u.i.k.p.i.IntermediateProofReplayer Proof replay took 12.86ms 
10443      DEBUG main            d.u.i.k.p.r.p.TestFile    ... success: reloaded. 
10449      INFO  main            d.u.i.k.p.r.p.TestFile    Now processing file /home/runner/work/key/key/key.core/../key.ui/examples/standard_key/arith/binomial2.key 
10449      INFO  main            d.u.i.k.p.i.AbstractProblemLoader Loading environment from /home/runner/work/key/key/key.core/../key.ui/examples/standard_key/arith/binomial2.key 
10449      DEBUG main            d.u.i.k.p.i.AbstractProblemLoader Environment load took 123.8ns 
10452      INFO  main            d.u.i.k.p.i.AbstractProblemLoader Creating init config 
12910      DEBUG main            d.u.i.k.p.i.AbstractProblemLoader Init config took 2.46s 
12938      INFO  main            d.u.i.k.p.i.AbstractProblemLoader Replaying proof binomial2.key 
12942      DEBUG main            d.u.i.k.p.i.IntermediateProofReplayer Proof replay took 6.4ns 
13044      INFO  main            d.u.i.k.p.r.p.TestFile    ... finished proof: closed. 
13160      INFO  main            d.u.i.k.p.i.AbstractProblemLoader Loading environment from /home/runner/work/key/key/key.core/../key.ui/examples/standard_key/arith/binomial2.key.proof 
13160      DEBUG main            d.u.i.k.p.i.AbstractProblemLoader Environment load took 113.7ns 
13162      INFO  main            d.u.i.k.p.i.AbstractProblemLoader Creating init config 
15529      DEBUG main            d.u.i.k.p.i.AbstractProblemLoader Init config took 2.37s 
15553      INFO  main            d.u.i.k.p.i.AbstractProblemLoader Replaying proof binomial2.key.proof 
15566      DEBUG main            d.u.i.k.p.i.IntermediateProofReplayer Proof replay took 10.12ms 
15567      DEBUG main            d.u.i.k.p.r.p.TestFile    ... success: reloaded. 
15568      INFO  main            d.u.i.k.p.r.p.TestFile    Now processing file /home/runner/work/key/key/key.core/../key.ui/examples/standard_key/arith/check_jdiv.key 
15569      INFO  main            d.u.i.k.p.i.AbstractProblemLoader Loading environment from /home/runner/work/key/key/key.core/../key.ui/examples/standard_key/arith/check_jdiv.key 
15569      DEBUG main            d.u.i.k.p.i.AbstractProblemLoader Environment load took 197.1ns 
15570      INFO  main            d.u.i.k.p.i.AbstractProblemLoader Creating init config 
17881      DEBUG main            d.u.i.k.p.i.AbstractProblemLoader Init config took 2.31s 
17905      INFO  main            d.u.i.k.p.i.AbstractProblemLoader Replaying proof check_jdiv.key 
17913      DEBUG main            d.u.i.k.p.i.IntermediateProofReplayer Proof replay took 6.1ns 
22734      INFO  main            d.u.i.k.p.r.p.TestFile    ... finished proof: closed. 
22924      INFO  main            d.u.i.k.p.i.AbstractProblemLoader Loading environment from /home/runner/work/key/key/key.core/../key.ui/examples/standard_key/arith/check_jdiv.key.proof 
22924      DEBUG main            d.u.i.k.p.i.AbstractProblemLoader Environment load took 408.61ns 
22927      INFO  main            d.u.i.k.p.i.AbstractProblemLoader Creating init config 
25202      DEBUG main            d.u.i.k.p.i.AbstractProblemLoader Init config took 2.28s 
25223      INFO  main            d.u.i.k.p.i.AbstractProblemLoader Replaying proof check_jdiv.key.proof 
25547      DEBUG main            d.u.i.k.p.i.IntermediateProofReplayer Proof replay took 285.4ms 
25549      DEBUG main            d.u.i.k.p.r.p.TestFile    ... success: reloaded. 
25550      INFO  main            d.u.i.k.p.r.p.TestFile    Now processing file /home/runner/work/key/key/key.core/../key.ui/examples/standard_key/arith/check_jdiv_concrete.key 
25550      INFO  main            d.u.i.k.p.i.AbstractProblemLoader Loading environment from /home/runner/work/key/key/key.core/../key.ui/examples/standard_key/arith/check_jdiv_concrete.key 
25551      DEBUG main            d.u.i.k.p.i.AbstractProblemLoader Environment load took 202.91ns 
25552      INFO  main            d.u.i.k.p.i.AbstractProblemLoader Creating init config 
27826      DEBUG main            d.u.i.k.p.i.AbstractProblemLoader Init config took 2.27s 
27846      INFO  main            d.u.i.k.p.i.AbstractProblemLoader Replaying proof check_jdiv_concrete.key 
27848      DEBUG main            d.u.i.k.p.i.IntermediateProofReplayer Proof replay took 12.5ns 
27953      INFO  main            d.u.i.k.p.r.p.TestFile    ... finished proof: closed. 
28133      INFO  main            d.u.i.k.p.i.AbstractProblemLoader Loading environment from /home/runner/work/key/key/key.core/../key.ui/examples/standard_key/arith/check_jdiv_concrete.key.proof 
28133      DEBUG main            d.u.i.k.p.i.AbstractProblemLoader Environment load took 126.5ns 
28135      INFO  main            d.u.i.k.p.i.AbstractProblemLoader Creating init config 
30341      DEBUG main            d.u.i.k.p.i.AbstractProblemLoader Init config took 2.21s 
30360      INFO  main            d.u.i.k.p.i.AbstractProblemLoader Replaying proof check_jdiv_concrete.key.proof 
30365      DEBUG main            d.u.i.k.p.i.IntermediateProofReplayer Proof replay took 3.11ms 
30367      DEBUG main            d.u.i.k.p.r.p.TestFile    ... success: reloaded. 
30368      INFO  main            d.u.i.k.p.r.p.TestFile    Now processing file /home/runner/work/key/key/key.core/../key.ui/examples/standard_key/arith/check_jdiv_instantiated.key 
30368      INFO  main            d.u.i.k.p.i.AbstractProblemLoader Loading environment from /home/runner/work/key/key/key.core/../key.ui/examples/standard_key/arith/check_jdiv_instantiated.key 
30368      DEBUG main            d.u.i.k.p.i.AbstractProblemLoader Environment load took 202.21ns 
30370      INFO  main            d.u.i.k.p.i.AbstractProblemLoader Creating init config 
32620      DEBUG main            d.u.i.k.p.i.AbstractProblemLoader Init config took 2.25s 
32640      INFO  main            d.u.i.k.p.i.AbstractProblemLoader Replaying proof check_jdiv_instantiated.key 
32642      DEBUG main            d.u.i.k.p.i.IntermediateProofReplayer Proof replay took 5.1ns 
35756      INFO  main            d.u.i.k.p.r.p.TestFile    ... finished proof: closed. 
35959      INFO  main            d.u.i.k.p.i.AbstractProblemLoader Loading environment from /home/runner/work/key/key/key.core/../key.ui/examples/standard_key/arith/check_jdiv_instantiated.key.proof 
35959      DEBUG main            d.u.i.k.p.i.AbstractProblemLoader Environment load took 190.41ns 
35963      INFO  main            d.u.i.k.p.i.AbstractProblemLoader Creating init config 
38234      DEBUG main            d.u.i.k.p.i.AbstractProblemLoader Init config took 2.27s 
38255      INFO  main            d.u.i.k.p.i.AbstractProblemLoader Replaying proof check_jdiv_instantiated.key.proof 
38433      DEBUG main            d.u.i.k.p.i.IntermediateProofReplayer Proof replay took 151.06ms 
38435      DEBUG main            d.u.i.k.p.r.p.TestFile    ... success: reloaded. 
38436      INFO  main            d.u.i.k.p.r.p.TestFile    Now processing file /home/runner/work/key/key/key.core/../key.ui/examples/standard_key/arith/check_jmod.key 
38437      INFO  main            d.u.i.k.p.i.AbstractProblemLoader Loading environment from /home/runner/work/key/key/key.core/../key.ui/examples/standard_key/arith/check_jmod.key 
38437      DEBUG main            d.u.i.k.p.i.AbstractProblemLoader Environment load took 256.71ns 
38439      INFO  main            d.u.i.k.p.i.AbstractProblemLoader Creating init config 
40640      DEBUG main            d.u.i.k.p.i.AbstractProblemLoader Init config took 2.2s 
40658      INFO  main            d.u.i.k.p.i.AbstractProblemLoader Replaying proof check_jmod.key 
40661      DEBUG main            d.u.i.k.p.i.IntermediateProofReplayer Proof replay took 5ns 
41164      INFO  main            d.u.i.k.p.r.p.TestFile    ... finished proof: closed. 
41367      INFO  main            d.u.i.k.p.i.AbstractProblemLoader Loading environment from /home/runner/work/key/key/key.core/../key.ui/examples/standard_key/arith/check_jmod.key.proof 
41367      DEBUG main            d.u.i.k.p.i.AbstractProblemLoader Environment load took 479.41ns 
41368      INFO  main            d.u.i.k.p.i.AbstractProblemLoader Creating init config 
43567      DEBUG main            d.u.i.k.p.i.AbstractProblemLoader Init config took 2.2s 
43585      INFO  main            d.u.i.k.p.i.AbstractProblemLoader Replaying proof check_jmod.key.proof 
43625      DEBUG main            d.u.i.k.p.i.IntermediateProofReplayer Proof replay took 33.69ms 
43625      DEBUG main            d.u.i.k.p.r.p.TestFile    ... success: reloaded. 
43627      INFO  main            d.u.i.k.p.r.p.TestFile    Now processing file /home/runner/work/key/key/key.core/../key.ui/examples/standard_key/arith/complexExpressions.key 
43627      INFO  main            d.u.i.k.p.i.AbstractProblemLoader Loading environment from /home/runner/work/key/key/key.core/../key.ui/examples/standard_key/arith/complexExpressions.key 
43627      DEBUG main            d.u.i.k.p.i.AbstractProblemLoader Environment load took 171.5ns 
43628      INFO  main            d.u.i.k.p.i.AbstractProblemLoader Creating init config 
45881      DEBUG main            d.u.i.k.p.i.AbstractProblemLoader Init config took 2.25s 
45909      INFO  main            d.u.i.k.p.i.AbstractProblemLoader Replaying proof complexExpressions.key 
45911      DEBUG main            d.u.i.k.p.i.IntermediateProofReplayer Proof replay took 6ns 
46116      INFO  main            d.u.i.k.p.r.p.TestFile    ... finished proof: closed. 
46293      INFO  main            d.u.i.k.p.i.AbstractProblemLoader Loading environment from /home/runner/work/key/key/key.core/../key.ui/examples/standard_key/arith/complexExpressions.key.proof 
46293      DEBUG main            d.u.i.k.p.i.AbstractProblemLoader Environment load took 110ns 
46295      INFO  main            d.u.i.k.p.i.AbstractProblemLoader Creating init config 
48495      DEBUG main            d.u.i.k.p.i.AbstractProblemLoader Init config took 2.2s 
48513      INFO  main            d.u.i.k.p.i.AbstractProblemLoader Replaying proof complexExpressions.key.proof 
48532      DEBUG main            d.u.i.k.p.i.IntermediateProofReplayer Proof replay took 16.51ms 
48533      DEBUG main            d.u.i.k.p.r.p.TestFile    ... success: reloaded. 
48533      INFO  main            d.u.i.k.p.r.p.TestFile    Now processing file /home/runner/work/key/key/key.core/../key.ui/examples/standard_key/arith/compound_unaryMinus.key 
48534      INFO  main            d.u.i.k.p.i.AbstractProblemLoader Loading environment from /home/runner/work/key/key/key.core/../key.ui/examples/standard_key/arith/compound_unaryMinus.key 
48534      DEBUG main            d.u.i.k.p.i.AbstractProblemLoader Environment load took 223.91ns 
48535      INFO  main            d.u.i.k.p.i.AbstractProblemLoader Creating init config 
50810      DEBUG main            d.u.i.k.p.i.AbstractProblemLoader Init config took 2.27s 
50828      INFO  main            d.u.i.k.p.i.AbstractProblemLoader Replaying proof compound_unaryMinus.key 
50830      DEBUG main            d.u.i.k.p.i.IntermediateProofReplayer Proof replay took 5.2ns 
50933      INFO  main            d.u.i.k.p.r.p.TestFile    ... finished proof: closed. 
51081      INFO  main            d.u.i.k.p.i.AbstractProblemLoader Loading environment from /home/runner/work/key/key/key.core/../key.ui/examples/standard_key/arith/compound_unaryMinus.key.proof 
51081      DEBUG main            d.u.i.k.p.i.AbstractProblemLoader Environment load took 156ns 
51082      INFO  main            d.u.i.k.p.i.AbstractProblemLoader Creating init config 
53254      DEBUG main            d.u.i.k.p.i.AbstractProblemLoader Init config took 2.17s 
53272      INFO  main            d.u.i.k.p.i.AbstractProblemLoader Replaying proof compound_unaryMinus.key.proof 
53277      DEBUG main            d.u.i.k.p.i.IntermediateProofReplayer Proof replay took 3.34ms 
53278      DEBUG main            d.u.i.k.p.r.p.TestFile    ... success: reloaded. 
53279      INFO  main            d.u.i.k.p.r.p.TestFile    Now processing file /home/runner/work/key/key/key.core/../key.ui/examples/standard_key/arith/computation.key 
53279      INFO  main            d.u.i.k.p.i.AbstractProblemLoader Loading environment from /home/runner/work/key/key/key.core/../key.ui/examples/standard_key/arith/computation.key 
53279      DEBUG main            d.u.i.k.p.i.AbstractProblemLoader Environment load took 196.71ns 
53281      INFO  main            d.u.i.k.p.i.AbstractProblemLoader Creating init config 
55555      DEBUG main            d.u.i.k.p.i.AbstractProblemLoader Init config took 2.27s 
55574      INFO  main            d.u.i.k.p.i.AbstractProblemLoader Replaying proof computation.key 
55575      DEBUG main            d.u.i.k.p.i.IntermediateProofReplayer Proof replay took 5.4ns 
57044      INFO  main            d.u.i.k.p.r.p.TestFile    ... finished proof: closed. 
57258      INFO  main            d.u.i.k.p.i.AbstractProblemLoader Loading environment from /home/runner/work/key/key/key.core/../key.ui/examples/standard_key/arith/computation.key.proof 
57260      DEBUG main            d.u.i.k.p.i.AbstractProblemLoader Environment load took 1.35ms 
57261      INFO  main            d.u.i.k.p.i.AbstractProblemLoader Creating init config 
59467      DEBUG main            d.u.i.k.p.i.AbstractProblemLoader Init config took 2.21s 
59485      INFO  main            d.u.i.k.p.i.AbstractProblemLoader Replaying proof computation.key.proof 
59622      DEBUG main            d.u.i.k.p.i.IntermediateProofReplayer Proof replay took 131.75ms 
59623      DEBUG main            d.u.i.k.p.r.p.TestFile    ... success: reloaded. 
59624      INFO  main            d.u.i.k.p.r.p.TestFile    Now processing file /home/runner/work/key/key/key.core/../key.ui/examples/standard_key/arith/cubicSum.key 
59625      INFO  main            d.u.i.k.p.i.AbstractProblemLoader Loading environment from /home/runner/work/key/key/key.core/../key.ui/examples/standard_key/arith/cubicSum.key 
59625      DEBUG main            d.u.i.k.p.i.AbstractProblemLoader Environment load took 245.81ns 
59626      INFO  main            d.u.i.k.p.i.AbstractProblemLoader Creating init config 
62050      DEBUG main            d.u.i.k.p.i.AbstractProblemLoader Init config took 2.42s 
62068      INFO  main            d.u.i.k.p.i.AbstractProblemLoader Replaying proof cubicSum.key 
62070      DEBUG main            d.u.i.k.p.i.IntermediateProofReplayer Proof replay took 5.4ns 
62879      INFO  main            d.u.i.k.p.r.p.TestFile    ... finished proof: closed. 
63169      INFO  main            d.u.i.k.p.i.AbstractProblemLoader Loading environment from /home/runner/work/key/key/key.core/../key.ui/examples/standard_key/arith/cubicSum.key.proof 
63170      DEBUG main            d.u.i.k.p.i.AbstractProblemLoader Environment load took 471.51ns 
63171      INFO  main            d.u.i.k.p.i.AbstractProblemLoader Creating init config 
65511      DEBUG main            d.u.i.k.p.i.AbstractProblemLoader Init config took 2.34s 
65529      INFO  main            d.u.i.k.p.i.AbstractProblemLoader Replaying proof cubicSum.key.proof 
65647      DEBUG main            d.u.i.k.p.i.IntermediateProofReplayer Proof replay took 113.53ms 
65648      DEBUG main            d.u.i.k.p.r.p.TestFile    ... success: reloaded. 
65650      INFO  main            d.u.i.k.p.r.p.TestFile    Now processing file /home/runner/work/key/key/key.core/../key.ui/examples/standard_key/arith/divByZero.key 
65650      INFO  main            d.u.i.k.p.i.AbstractProblemLoader Loading environment from /home/runner/work/key/key/key.core/../key.ui/examples/standard_key/arith/divByZero.key 
65650      DEBUG main            d.u.i.k.p.i.AbstractProblemLoader Environment load took 198.31ns 
65651      INFO  main            d.u.i.k.p.i.AbstractProblemLoader Creating init config 
68012      DEBUG main            d.u.i.k.p.i.AbstractProblemLoader Init config took 2.36s 
68028      INFO  main            d.u.i.k.p.i.AbstractProblemLoader Replaying proof divByZero.key 
68030      DEBUG main            d.u.i.k.p.i.IntermediateProofReplayer Proof replay took 5.2ns 
68233      INFO  main            d.u.i.k.p.r.p.TestFile    ... finished proof: closed. 
68427      INFO  main            d.u.i.k.p.i.AbstractProblemLoader Loading environment from /home/runner/work/key/key/key.core/../key.ui/examples/standard_key/arith/divByZero.key.proof 
68427      DEBUG main            d.u.i.k.p.i.AbstractProblemLoader Environment load took 116.5ns 
68429      INFO  main            d.u.i.k.p.i.AbstractProblemLoader Creating init config 
70709      DEBUG main            d.u.i.k.p.i.AbstractProblemLoader Init config took 2.28s 
70724      INFO  main            d.u.i.k.p.i.AbstractProblemLoader Replaying proof divByZero.key.proof 
70756      DEBUG main            d.u.i.k.p.i.IntermediateProofReplayer Proof replay took 29.37ms 
70757      DEBUG main            d.u.i.k.p.r.p.TestFile    ... success: reloaded. 
70758      INFO  main            d.u.i.k.p.r.p.TestFile    Now processing file /home/runner/work/key/key/key.core/../key.ui/examples/standard_key/arith/divisionAssoc.key 
70759      INFO  main            d.u.i.k.p.i.AbstractProblemLoader Loading environment from /home/runner/work/key/key/key.core/../key.ui/examples/standard_key/arith/divisionAssoc.key 
70759      DEBUG main            d.u.i.k.p.i.AbstractProblemLoader Environment load took 190.5ns 
70760      INFO  main            d.u.i.k.p.i.AbstractProblemLoader Creating init config 
73051      DEBUG main            d.u.i.k.p.i.AbstractProblemLoader Init config took 2.29s 
73066      INFO  main            d.u.i.k.p.i.AbstractProblemLoader Replaying proof divisionAssoc.key 
73068      DEBUG main            d.u.i.k.p.i.IntermediateProofReplayer Proof replay took 6.4ns 
73775      INFO  main            d.u.i.k.p.r.p.TestFile    ... finished proof: closed. 
73971      INFO  main            d.u.i.k.p.i.AbstractProblemLoader Loading environment from /home/runner/work/key/key/key.core/../key.ui/examples/standard_key/arith/divisionAssoc.key.proof 
73972      DEBUG main            d.u.i.k.p.i.AbstractProblemLoader Environment load took 388.91ns 
73973      INFO  main            d.u.i.k.p.i.AbstractProblemLoader Creating init config 
76220      DEBUG main            d.u.i.k.p.i.AbstractProblemLoader Init config took 2.25s 
76235      INFO  main            d.u.i.k.p.i.AbstractProblemLoader Replaying proof divisionAssoc.key.proof 
76275      DEBUG main            d.u.i.k.p.i.IntermediateProofReplayer Proof replay took 35.13ms 
76276      DEBUG main            d.u.i.k.p.r.p.TestFile    ... success: reloaded. 
76277      INFO  main            d.u.i.k.p.r.p.TestFile    Now processing file /home/runner/work/key/key/key.core/../key.ui/examples/standard_key/arith/divisionBy2.key 
76277      INFO  main            d.u.i.k.p.i.AbstractProblemLoader Loading environment from /home/runner/work/key/key/key.core/../key.ui/examples/standard_key/arith/divisionBy2.key 
76277      DEBUG main            d.u.i.k.p.i.AbstractProblemLoader Environment load took 132.5ns 
76278      INFO  main            d.u.i.k.p.i.AbstractProblemLoader Creating init config 
78612      DEBUG main            d.u.i.k.p.i.AbstractProblemLoader Init config took 2.33s 
78625      INFO  main            d.u.i.k.p.i.AbstractProblemLoader Replaying proof divisionBy2.key 
78626      DEBUG main            d.u.i.k.p.i.IntermediateProofReplayer Proof replay took 5.6ns 
78729      INFO  main            d.u.i.k.p.r.p.TestFile    ... finished proof: closed. 
78921      INFO  main            d.u.i.k.p.i.AbstractProblemLoader Loading environment from /home/runner/work/key/key/key.core/../key.ui/examples/standard_key/arith/divisionBy2.key.proof 
78921      DEBUG main            d.u.i.k.p.i.AbstractProblemLoader Environment load took 103.9ns 
78922      INFO  main            d.u.i.k.p.i.AbstractProblemLoader Creating init config 
81130      DEBUG main            d.u.i.k.p.i.AbstractProblemLoader Init config took 2.21s 
81143      INFO  main            d.u.i.k.p.i.AbstractProblemLoader Replaying proof divisionBy2.key.proof 
81149      DEBUG main            d.u.i.k.p.i.IntermediateProofReplayer Proof replay took 4.31ms 
81150      DEBUG main            d.u.i.k.p.r.p.TestFile    ... success: reloaded. 
81151      INFO  main            d.u.i.k.p.r.p.TestFile    Now processing file /home/runner/work/key/key/key.core/../key.ui/examples/standard_key/arith/euclidean/gcdHelp-post.key 
81151      INFO  main            d.u.i.k.p.i.AbstractProblemLoader Loading environment from /home/runner/work/key/key/key.core/../key.ui/examples/standard_key/arith/euclidean/gcdHelp-post.key 
81151      DEBUG main            d.u.i.k.p.i.AbstractProblemLoader Environment load took 83.2ns 
81152      INFO  main            d.u.i.k.p.i.AbstractProblemLoader Creating init config 
83584      DEBUG main            d.u.i.k.p.i.AbstractProblemLoader Init config took 2.43s 
83599      INFO  main            d.u.i.k.p.i.AbstractProblemLoader Replaying proof gcdHelp-post.key 
83600      DEBUG main            d.u.i.k.p.i.IntermediateProofReplayer Proof replay took 5.3ns 
86554      INFO  main            d.u.i.k.p.r.p.TestFile    ... finished proof: closed. 
86760      INFO  main            d.u.i.k.p.i.AbstractProblemLoader Loading environment from /home/runner/work/key/key/key.core/../key.ui/examples/standard_key/arith/euclidean/gcdHelp-post.key.proof 
86761      DEBUG main            d.u.i.k.p.i.AbstractProblemLoader Environment load took 456.01ns 
86763      INFO  main            d.u.i.k.p.i.AbstractProblemLoader Creating init config 
89074      DEBUG main            d.u.i.k.p.i.AbstractProblemLoader Init config took 2.31s 
89089      INFO  main            d.u.i.k.p.i.AbstractProblemLoader Replaying proof gcdHelp-post.key.proof 
89304      DEBUG main            d.u.i.k.p.i.IntermediateProofReplayer Proof replay took 203.69ms 
89305      DEBUG main            d.u.i.k.p.r.p.TestFile    ... success: reloaded. 
89308      INFO  main            d.u.i.k.p.r.p.TestFile    Now processing file /home/runner/work/key/key/key.core/../key.ui/examples/standard_key/arith/gemplusDecimal/add.key 
89308      INFO  main            d.u.i.k.p.i.AbstractProblemLoader Loading environment from /home/runner/work/key/key/key.core/../key.ui/examples/standard_key/arith/gemplusDecimal/add.key 
89308      DEBUG main            d.u.i.k.p.i.AbstractProblemLoader Environment load took 201.6ns 
89310      INFO  main            d.u.i.k.p.i.AbstractProblemLoader Creating init config 
91671      DEBUG main            d.u.i.k.p.i.AbstractProblemLoader Init config took 2.36s 
91687      INFO  main            d.u.i.k.p.i.AbstractProblemLoader Replaying proof add.key 
91689      DEBUG main            d.u.i.k.p.i.IntermediateProofReplayer Proof replay took 5.4ns 
132056     INFO  main            d.u.i.k.p.r.p.TestFile    ... finished proof: closed. 
132390     INFO  main            d.u.i.k.p.i.AbstractProblemLoader Loading environment from /home/runner/work/key/key/key.core/../key.ui/examples/standard_key/arith/gemplusDecimal/add.key.proof 
132391     DEBUG main            d.u.i.k.p.i.AbstractProblemLoader Environment load took 401.31ns 
132400     INFO  main            d.u.i.k.p.i.AbstractProblemLoader Creating init config 
134687     DEBUG main            d.u.i.k.p.i.AbstractProblemLoader Init config took 2.29s 
134703     INFO  main            d.u.i.k.p.i.AbstractProblemLoader Replaying proof add.key.proof 
138466     DEBUG main            d.u.i.k.p.i.IntermediateProofReplayer Proof replay took 3.61s 
138472     DEBUG main            d.u.i.k.p.r.p.TestFile    ... success: reloaded. 
138473     INFO  main            d.u.i.k.p.r.p.TestFile    Now processing file /home/runner/work/key/key/key.core/../key.ui/examples/standard_key/arith/jdivevenodd.key 
138474     INFO  main            d.u.i.k.p.i.AbstractProblemLoader Loading environment from /home/runner/work/key/key/key.core/../key.ui/examples/standard_key/arith/jdivevenodd.key 
138474     DEBUG main            d.u.i.k.p.i.AbstractProblemLoader Environment load took 100.9ns 
138475     INFO  main            d.u.i.k.p.i.AbstractProblemLoader Creating init config 
140829     DEBUG main            d.u.i.k.p.i.AbstractProblemLoader Init config took 2.35s 
140842     INFO  main            d.u.i.k.p.i.AbstractProblemLoader Replaying proof jdivevenodd.key 
140849     DEBUG main            d.u.i.k.p.i.IntermediateProofReplayer Proof replay took 6.2ns 
141062     INFO  main            d.u.i.k.p.r.p.TestFile    ... finished proof: closed. 
141377     INFO  main            d.u.i.k.p.i.AbstractProblemLoader Loading environment from /home/runner/work/key/key/key.core/../key.ui/examples/standard_key/arith/jdivevenodd.key.proof 
141378     DEBUG main            d.u.i.k.p.i.AbstractProblemLoader Environment load took 122.6ns 
141379     INFO  main            d.u.i.k.p.i.AbstractProblemLoader Creating init config 
143577     DEBUG main            d.u.i.k.p.i.AbstractProblemLoader Init config took 2.2s 
143591     INFO  main            d.u.i.k.p.i.AbstractProblemLoader Replaying proof jdivevenodd.key.proof 
143607     DEBUG main            d.u.i.k.p.i.IntermediateProofReplayer Proof replay took 12.71ms 
143608     DEBUG main            d.u.i.k.p.r.p.TestFile    ... success: reloaded. 
143608     INFO  main            d.u.i.k.p.r.p.TestFile    Now processing file /home/runner/work/key/key/key.core/../key.ui/examples/standard_key/arith/median.key 
143609     INFO  main            d.u.i.k.p.i.AbstractProblemLoader Loading environment from /home/runner/work/key/key/key.core/../key.ui/examples/standard_key/arith/median.key 
143609     DEBUG main            d.u.i.k.p.i.AbstractProblemLoader Environment load took 89.5ns 
143610     INFO  main            d.u.i.k.p.i.AbstractProblemLoader Creating init config 
145862     DEBUG main            d.u.i.k.p.i.AbstractProblemLoader Init config took 2.25s 
145877     INFO  main            d.u.i.k.p.i.AbstractProblemLoader Replaying proof median.key 
145878     DEBUG main            d.u.i.k.p.i.IntermediateProofReplayer Proof replay took 5.6ns 
160543     INFO  main            d.u.i.k.p.r.p.TestFile    ... finished proof: closed. 
160833     INFO  main            d.u.i.k.p.i.AbstractProblemLoader Loading environment from /home/runner/work/key/key/key.core/../key.ui/examples/standard_key/arith/median.key.proof 
160837     DEBUG main            d.u.i.k.p.i.AbstractProblemLoader Environment load took 4.83ms 
160840     INFO  main            d.u.i.k.p.i.AbstractProblemLoader Creating init config 
163037     DEBUG main            d.u.i.k.p.i.AbstractProblemLoader Init config took 2.2s 
163052     INFO  main            d.u.i.k.p.i.AbstractProblemLoader Replaying proof median.key.proof 
164189     DEBUG main            d.u.i.k.p.i.IntermediateProofReplayer Proof replay took 1.06s 
164192     DEBUG main            d.u.i.k.p.r.p.TestFile    ... success: reloaded. 
164193     INFO  main            d.u.i.k.p.r.p.TestFile    Now processing file /home/runner/work/key/key/key.core/../key.ui/examples/standard_key/arith/mod1.key 
164194     INFO  main            d.u.i.k.p.i.AbstractProblemLoader Loading environment from /home/runner/work/key/key/key.core/../key.ui/examples/standard_key/arith/mod1.key 
164194     DEBUG main            d.u.i.k.p.i.AbstractProblemLoader Environment load took 192.81ns 
164195     INFO  main            d.u.i.k.p.i.AbstractProblemLoader Creating init config 
166476     DEBUG main            d.u.i.k.p.i.AbstractProblemLoader Init config took 2.28s 
166489     INFO  main            d.u.i.k.p.i.AbstractProblemLoader Replaying proof mod1.key 
166491     DEBUG main            d.u.i.k.p.i.IntermediateProofReplayer Proof replay took 5.9ns 
166593     INFO  main            d.u.i.k.p.r.p.TestFile    ... finished proof: closed. 
166863     INFO  main            d.u.i.k.p.i.AbstractProblemLoader Loading environment from /home/runner/work/key/key/key.core/../key.ui/examples/standard_key/arith/mod1.key.proof 
166863     DEBUG main            d.u.i.k.p.i.AbstractProblemLoader Environment load took 134.2ns 
166864     INFO  main            d.u.i.k.p.i.AbstractProblemLoader Creating init config 
169046     DEBUG main            d.u.i.k.p.i.AbstractProblemLoader Init config took 2.18s 
169059     INFO  main            d.u.i.k.p.i.AbstractProblemLoader Replaying proof mod1.key.proof 
169062     DEBUG main            d.u.i.k.p.i.IntermediateProofReplayer Proof replay took 2.11ms 
169063     DEBUG main            d.u.i.k.p.r.p.TestFile    ... success: reloaded. 
169064     INFO  main            d.u.i.k.p.r.p.TestFile    Now processing file /home/runner/work/key/key/key.core/../key.ui/examples/standard_key/arith/mod2.key 
169064     INFO  main            d.u.i.k.p.i.AbstractProblemLoader Loading environment from /home/runner/work/key/key/key.core/../key.ui/examples/standard_key/arith/mod2.key 
169064     DEBUG main            d.u.i.k.p.i.AbstractProblemLoader Environment load took 87.9ns 
169065     INFO  main            d.u.i.k.p.i.AbstractProblemLoader Creating init config 
171293     DEBUG main            d.u.i.k.p.i.AbstractProblemLoader Init config took 2.23s 
171306     INFO  main            d.u.i.k.p.i.AbstractProblemLoader Replaying proof mod2.key 
171307     DEBUG main            d.u.i.k.p.i.IntermediateProofReplayer Proof replay took 5.2ns 
171410     INFO  main            d.u.i.k.p.r.p.TestFile    ... finished proof: closed. 
171620     INFO  main            d.u.i.k.p.i.AbstractProblemLoader Loading environment from /home/runner/work/key/key/key.core/../key.ui/examples/standard_key/arith/mod2.key.proof 
171620     DEBUG main            d.u.i.k.p.i.AbstractProblemLoader Environment load took 108ns 
171621     INFO  main            d.u.i.k.p.i.AbstractProblemLoader Creating init config 
173820     DEBUG main            d.u.i.k.p.i.AbstractProblemLoader Init config took 2.2s 
173833     INFO  main            d.u.i.k.p.i.AbstractProblemLoader Replaying proof mod2.key.proof 
173836     DEBUG main            d.u.i.k.p.i.IntermediateProofReplayer Proof replay took 1.41ms 
173836     DEBUG main            d.u.i.k.p.r.p.TestFile    ... success: reloaded. 
173837     INFO  main            d.u.i.k.p.r.p.TestFile    Now processing file /home/runner/work/key/key/key.core/../key.ui/examples/standard_key/arith/mod7.key 
173837     INFO  main            d.u.i.k.p.i.AbstractProblemLoader Loading environment from /home/runner/work/key/key/key.core/../key.ui/examples/standard_key/arith/mod7.key 
173837     DEBUG main            d.u.i.k.p.i.AbstractProblemLoader Environment load took 62.3ns 
173838     INFO  main            d.u.i.k.p.i.AbstractProblemLoader Creating init config 
176126     DEBUG main            d.u.i.k.p.i.AbstractProblemLoader Init config took 2.29s 
176140     INFO  main            d.u.i.k.p.i.AbstractProblemLoader Replaying proof mod7.key 
176141     DEBUG main            d.u.i.k.p.i.IntermediateProofReplayer Proof replay took 6.2ns 
176245     INFO  main            d.u.i.k.p.r.p.TestFile    ... finished proof: closed. 
176470     INFO  main            d.u.i.k.p.i.AbstractProblemLoader Loading environment from /home/runner/work/key/key/key.core/../key.ui/examples/standard_key/arith/mod7.key.proof 
176470     DEBUG main            d.u.i.k.p.i.AbstractProblemLoader Environment load took 89.2ns 
176471     INFO  main            d.u.i.k.p.i.AbstractProblemLoader Creating init config 
178659     DEBUG main            d.u.i.k.p.i.AbstractProblemLoader Init config took 2.19s 
178672     INFO  main            d.u.i.k.p.i.AbstractProblemLoader Replaying proof mod7.key.proof 
178678     DEBUG main            d.u.i.k.p.i.IntermediateProofReplayer Proof replay took 4.84ms 
178679     DEBUG main            d.u.i.k.p.r.p.TestFile    ... success: reloaded. 
178679     INFO  main            d.u.i.k.p.r.p.TestFile    Now processing file /home/runner/work/key/key/key.core/../key.ui/examples/standard_key/arith/overflow_hija.key 
178680     INFO  main            d.u.i.k.p.i.AbstractProblemLoader Loading environment from /home/runner/work/key/key/key.core/../key.ui/examples/standard_key/arith/overflow_hija.key 
178680     DEBUG main            d.u.i.k.p.i.AbstractProblemLoader Environment load took 65.2ns 
178681     INFO  main            d.u.i.k.p.i.AbstractProblemLoader Creating init config 
180931     DEBUG main            d.u.i.k.p.i.AbstractProblemLoader Init config took 2.25s 
180950     INFO  main            d.u.i.k.p.i.AbstractProblemLoader Replaying proof overflow_hija.key 
180954     DEBUG main            d.u.i.k.p.i.IntermediateProofReplayer Proof replay took 6ns 
185384     INFO  main            d.u.i.k.p.r.p.TestFile    ... finished proof: closed. 
185651     INFO  main            d.u.i.k.p.i.AbstractProblemLoader Loading environment from /home/runner/work/key/key/key.core/../key.ui/examples/standard_key/arith/overflow_hija.key.proof 
185652     DEBUG main            d.u.i.k.p.i.AbstractProblemLoader Environment load took 1.09ms 
185654     INFO  main            d.u.i.k.p.i.AbstractProblemLoader Creating init config 
187857     DEBUG main            d.u.i.k.p.i.AbstractProblemLoader Init config took 2.2s 
187874     INFO  main            d.u.i.k.p.i.AbstractProblemLoader Replaying proof overflow_hija.key.proof 
188222     DEBUG main            d.u.i.k.p.i.IntermediateProofReplayer Proof replay took 336.33ms 
188224     DEBUG main            d.u.i.k.p.r.p.TestFile    ... success: reloaded. 
188225     INFO  main            d.u.i.k.p.r.p.TestFile    Now processing file /home/runner/work/key/key/key.core/../key.ui/examples/standard_key/arith/poly_division0.key 
188225     INFO  main            d.u.i.k.p.i.AbstractProblemLoader Loading environment from /home/runner/work/key/key/key.core/../key.ui/examples/standard_key/arith/poly_division0.key 
188225     DEBUG main            d.u.i.k.p.i.AbstractProblemLoader Environment load took 180.41ns 
188226     INFO  main            d.u.i.k.p.i.AbstractProblemLoader Creating init config 
190496     DEBUG main            d.u.i.k.p.i.AbstractProblemLoader Init config took 2.27s 
190509     INFO  main            d.u.i.k.p.i.AbstractProblemLoader Replaying proof poly_division0.key 
190510     DEBUG main            d.u.i.k.p.i.IntermediateProofReplayer Proof replay took 5.6ns 
190616     INFO  main            d.u.i.k.p.r.p.TestFile    ... finished proof: closed. 
190896     INFO  main            d.u.i.k.p.i.AbstractProblemLoader Loading environment from /home/runner/work/key/key/key.core/../key.ui/examples/standard_key/arith/poly_division0.key.proof 
190897     DEBUG main            d.u.i.k.p.i.AbstractProblemLoader Environment load took 394.41ns 
190898     INFO  main            d.u.i.k.p.i.AbstractProblemLoader Creating init config 
193084     DEBUG main            d.u.i.k.p.i.AbstractProblemLoader Init config took 2.19s 
193098     INFO  main            d.u.i.k.p.i.AbstractProblemLoader Replaying proof poly_division0.key.proof 
193108     DEBUG main            d.u.i.k.p.i.IntermediateProofReplayer Proof replay took 7.25ms 
193109     DEBUG main            d.u.i.k.p.r.p.TestFile    ... success: reloaded. 
193109     INFO  main            d.u.i.k.p.r.p.TestFile    Now processing file /home/runner/work/key/key/key.core/../key.ui/examples/standard_key/arith/poly_division1.key 
193109     INFO  main            d.u.i.k.p.i.AbstractProblemLoader Loading environment from /home/runner/work/key/key/key.core/../key.ui/examples/standard_key/arith/poly_division1.key 
193109     DEBUG main            d.u.i.k.p.i.AbstractProblemLoader Environment load took 65.5ns 
193110     INFO  main            d.u.i.k.p.i.AbstractProblemLoader Creating init config 
195344     DEBUG main            d.u.i.k.p.i.AbstractProblemLoader Init config took 2.23s 
195357     INFO  main            d.u.i.k.p.i.AbstractProblemLoader Replaying proof poly_division1.key 
195358     DEBUG main            d.u.i.k.p.i.IntermediateProofReplayer Proof replay took 6.4ns 
195459     INFO  main            d.u.i.k.p.r.p.TestFile    ... finished proof: closed. 
195682     INFO  main            d.u.i.k.p.i.AbstractProblemLoader Loading environment from /home/runner/work/key/key/key.core/../key.ui/examples/standard_key/arith/poly_division1.key.proof 
195683     DEBUG main            d.u.i.k.p.i.AbstractProblemLoader Environment load took 121.5ns 
195684     INFO  main            d.u.i.k.p.i.AbstractProblemLoader Creating init config 
197866     DEBUG main            d.u.i.k.p.i.AbstractProblemLoader Init config took 2.18s 
197879     INFO  main            d.u.i.k.p.i.AbstractProblemLoader Replaying proof poly_division1.key.proof 
197886     DEBUG main            d.u.i.k.p.i.IntermediateProofReplayer Proof replay took 5.86ms 
197887     DEBUG main            d.u.i.k.p.r.p.TestFile    ... success: reloaded. 
197887     INFO  main            d.u.i.k.p.r.p.TestFile    Now processing file /home/runner/work/key/key/key.core/../key.ui/examples/standard_key/inEqSimp/division.key 
197887     INFO  main            d.u.i.k.p.i.AbstractProblemLoader Loading environment from /home/runner/work/key/key/key.core/../key.ui/examples/standard_key/inEqSimp/division.key 
197888     DEBUG main            d.u.i.k.p.i.AbstractProblemLoader Environment load took 75.1ns 
197889     INFO  main            d.u.i.k.p.i.AbstractProblemLoader Creating init config 
200117     DEBUG main            d.u.i.k.p.i.AbstractProblemLoader Init config took 2.23s 
200130     INFO  main            d.u.i.k.p.i.AbstractProblemLoader Replaying proof division.key 
200131     DEBUG main            d.u.i.k.p.i.IntermediateProofReplayer Proof replay took 5.7ns 
202052     INFO  main            d.u.i.k.p.r.p.TestFile    ... finished proof: closed. 
202311     INFO  main            d.u.i.k.p.i.AbstractProblemLoader Loading environment from /home/runner/work/key/key/key.core/../key.ui/examples/standard_key/inEqSimp/division.key.proof 
202311     DEBUG main            d.u.i.k.p.i.AbstractProblemLoader Environment load took 361.51ns 
202313     INFO  main            d.u.i.k.p.i.AbstractProblemLoader Creating init config 
204513     DEBUG main            d.u.i.k.p.i.AbstractProblemLoader Init config took 2.2s 
204527     INFO  main            d.u.i.k.p.i.AbstractProblemLoader Replaying proof division.key.proof 
204617     DEBUG main            d.u.i.k.p.i.IntermediateProofReplayer Proof replay took 77.88ms 
204618     DEBUG main            d.u.i.k.p.r.p.TestFile    ... success: reloaded. 
204618     INFO  main            d.u.i.k.p.r.p.TestFile    Now processing file /home/runner/work/key/key/key.core/../key.ui/examples/standard_key/inEqSimp/inequations0.key 
204619     INFO  main            d.u.i.k.p.i.AbstractProblemLoader Loading environment from /home/runner/work/key/key/key.core/../key.ui/examples/standard_key/inEqSimp/inequations0.key 
204619     DEBUG main            d.u.i.k.p.i.AbstractProblemLoader Environment load took 113.4ns 
204620     INFO  main            d.u.i.k.p.i.AbstractProblemLoader Creating init config 
206896     DEBUG main            d.u.i.k.p.i.AbstractProblemLoader Init config took 2.28s 
206909     INFO  main            d.u.i.k.p.i.AbstractProblemLoader Replaying proof inequations0.key 
206910     DEBUG main            d.u.i.k.p.i.IntermediateProofReplayer Proof replay took 38ns 
207013     INFO  main            d.u.i.k.p.r.p.TestFile    ... finished proof: closed. 
207277     INFO  main            d.u.i.k.p.i.AbstractProblemLoader Loading environment from /home/runner/work/key/key/key.core/../key.ui/examples/standard_key/inEqSimp/inequations0.key.proof 
207277     DEBUG main            d.u.i.k.p.i.AbstractProblemLoader Environment load took 86.2ns 
207278     INFO  main            d.u.i.k.p.i.AbstractProblemLoader Creating init config 
209452     DEBUG main            d.u.i.k.p.i.AbstractProblemLoader Init config took 2.17s 
209465     INFO  main            d.u.i.k.p.i.AbstractProblemLoader Replaying proof inequations0.key.proof 
209468     DEBUG main            d.u.i.k.p.i.IntermediateProofReplayer Proof replay took 1.92ms 
209469     DEBUG main            d.u.i.k.p.r.p.TestFile    ... success: reloaded. 
209469     INFO  main            d.u.i.k.p.r.p.TestFile    Now processing file /home/runner/work/key/key/key.core/../key.ui/examples/standard_key/inEqSimp/inequations1.key 
209469     INFO  main            d.u.i.k.p.i.AbstractProblemLoader Loading environment from /home/runner/work/key/key/key.core/../key.ui/examples/standard_key/inEqSimp/inequations1.key 
209469     DEBUG main            d.u.i.k.p.i.AbstractProblemLoader Environment load took 68.5ns 
209470     INFO  main            d.u.i.k.p.i.AbstractProblemLoader Creating init config 
211703     DEBUG main            d.u.i.k.p.i.AbstractProblemLoader Init config took 2.23s 
211716     INFO  main            d.u.i.k.p.i.AbstractProblemLoader Replaying proof inequations1.key 
211717     DEBUG main            d.u.i.k.p.i.IntermediateProofReplayer Proof replay took 2.5ns 
211819     INFO  main            d.u.i.k.p.r.p.TestFile    ... finished proof: closed. 
212067     INFO  main            d.u.i.k.p.i.AbstractProblemLoader Loading environment from /home/runner/work/key/key/key.core/../key.ui/examples/standard_key/inEqSimp/inequations1.key.proof 
212067     DEBUG main            d.u.i.k.p.i.AbstractProblemLoader Environment load took 84.7ns 
212068     INFO  main            d.u.i.k.p.i.AbstractProblemLoader Creating init config 
214244     DEBUG main            d.u.i.k.p.i.AbstractProblemLoader Init config took 2.18s 
214257     INFO  main            d.u.i.k.p.i.AbstractProblemLoader Replaying proof inequations1.key.proof 
214260     DEBUG main            d.u.i.k.p.i.IntermediateProofReplayer Proof replay took 1.18ms 
214261     DEBUG main            d.u.i.k.p.r.p.TestFile    ... success: reloaded. 
214261     INFO  main            d.u.i.k.p.r.p.TestFile    Now processing file /home/runner/work/key/key/key.core/../key.ui/examples/standard_key/inEqSimp/inequations2.key 
214262     INFO  main            d.u.i.k.p.i.AbstractProblemLoader Loading environment from /home/runner/work/key/key/key.core/../key.ui/examples/standard_key/inEqSimp/inequations2.key 
214262     DEBUG main            d.u.i.k.p.i.AbstractProblemLoader Environment load took 72.3ns 
214262     INFO  main            d.u.i.k.p.i.AbstractProblemLoader Creating init config 
216495     DEBUG main            d.u.i.k.p.i.AbstractProblemLoader Init config took 2.23s 
216508     INFO  main            d.u.i.k.p.i.AbstractProblemLoader Replaying proof inequations2.key 
216509     DEBUG main            d.u.i.k.p.i.IntermediateProofReplayer Proof replay took 2.2ns 
216613     INFO  main            d.u.i.k.p.r.p.TestFile    ... finished proof: closed. 
216871     INFO  main            d.u.i.k.p.i.AbstractProblemLoader Loading environment from /home/runner/work/key/key/key.core/../key.ui/examples/standard_key/inEqSimp/inequations2.key.proof 
216871     DEBUG main            d.u.i.k.p.i.AbstractProblemLoader Environment load took 77.8ns 
216872     INFO  main            d.u.i.k.p.i.AbstractProblemLoader Creating init config 
219065     DEBUG main            d.u.i.k.p.i.AbstractProblemLoader Init config took 2.19s 
219078     INFO  main            d.u.i.k.p.i.AbstractProblemLoader Replaying proof inequations2.key.proof 
219081     DEBUG main            d.u.i.k.p.i.IntermediateProofReplayer Proof replay took 1.4ms 
219082     DEBUG main            d.u.i.k.p.r.p.TestFile    ... success: reloaded. 
219083     INFO  main            d.u.i.k.p.r.p.TestFile    Now processing file /home/runner/work/key/key/key.core/../key.ui/examples/standard_key/inEqSimp/linApprox.key 
219083     INFO  main            d.u.i.k.p.i.AbstractProblemLoader Loading environment from /home/runner/work/key/key/key.core/../key.ui/examples/standard_key/inEqSimp/linApprox.key 
219083     DEBUG main            d.u.i.k.p.i.AbstractProblemLoader Environment load took 166.41ns 
219084     INFO  main            d.u.i.k.p.i.AbstractProblemLoader Creating init config 
221311     DEBUG main            d.u.i.k.p.i.AbstractProblemLoader Init config took 2.23s 
221325     INFO  main            d.u.i.k.p.i.AbstractProblemLoader Replaying proof linApprox.key 
221326     DEBUG main            d.u.i.k.p.i.IntermediateProofReplayer Proof replay took 2.8ns 
221428     INFO  main            d.u.i.k.p.r.p.TestFile    ... finished proof: closed. 
221684     INFO  main            d.u.i.k.p.i.AbstractProblemLoader Loading environment from /home/runner/work/key/key/key.core/../key.ui/examples/standard_key/inEqSimp/linApprox.key.proof 
221684     DEBUG main            d.u.i.k.p.i.AbstractProblemLoader Environment load took 84.5ns 
221685     INFO  main            d.u.i.k.p.i.AbstractProblemLoader Creating init config 
223863     DEBUG main            d.u.i.k.p.i.AbstractProblemLoader Init config took 2.18s 
223876     INFO  main            d.u.i.k.p.i.AbstractProblemLoader Replaying proof linApprox.key.proof 
223880     DEBUG main            d.u.i.k.p.i.IntermediateProofReplayer Proof replay took 2.32ms 
223880     DEBUG main            d.u.i.k.p.r.p.TestFile    ... success: reloaded. 
223881     INFO  main            d.u.i.k.p.r.p.TestFile    Now processing file /home/runner/work/key/key/key.core/../key.ui/examples/standard_key/inEqSimp/nonLinInEqExample0.key 
223881     INFO  main            d.u.i.k.p.i.AbstractProblemLoader Loading environment from /home/runner/work/key/key/key.core/../key.ui/examples/standard_key/inEqSimp/nonLinInEqExample0.key 
223881     DEBUG main            d.u.i.k.p.i.AbstractProblemLoader Environment load took 83.9ns 
223882     INFO  main            d.u.i.k.p.i.AbstractProblemLoader Creating init config 
226086     DEBUG main            d.u.i.k.p.i.AbstractProblemLoader Init config took 2.2s 
226099     INFO  main            d.u.i.k.p.i.AbstractProblemLoader Replaying proof nonLinInEqExample0.key 
226100     DEBUG main            d.u.i.k.p.i.IntermediateProofReplayer Proof replay took 3.3ns 
226202     INFO  main            d.u.i.k.p.r.p.TestFile    ... finished proof: closed. 
226458     INFO  main            d.u.i.k.p.i.AbstractProblemLoader Loading environment from /home/runner/work/key/key/key.core/../key.ui/examples/standard_key/inEqSimp/nonLinInEqExample0.key.proof 
226458     DEBUG main            d.u.i.k.p.i.AbstractProblemLoader Environment load took 79.7ns 
226459     INFO  main            d.u.i.k.p.i.AbstractProblemLoader Creating init config 
228635     DEBUG main            d.u.i.k.p.i.AbstractProblemLoader Init config took 2.18s 
228647     INFO  main            d.u.i.k.p.i.AbstractProblemLoader Replaying proof nonLinInEqExample0.key.proof 
228650     DEBUG main            d.u.i.k.p.i.IntermediateProofReplayer Proof replay took 816.92ns 
228650     DEBUG main            d.u.i.k.p.r.p.TestFile    ... success: reloaded. 
228651     INFO  main            d.u.i.k.p.r.p.TestFile    Now processing file /home/runner/work/key/key/key.core/../key.ui/examples/standard_key/inEqSimp/nonLinInEqExample2.key 
228651     INFO  main            d.u.i.k.p.i.AbstractProblemLoader Loading environment from /home/runner/work/key/key/key.core/../key.ui/examples/standard_key/inEqSimp/nonLinInEqExample2.key 
228651     DEBUG main            d.u.i.k.p.i.AbstractProblemLoader Environment load took 55.9ns 
228652     INFO  main            d.u.i.k.p.i.AbstractProblemLoader Creating init config 
230880     DEBUG main            d.u.i.k.p.i.AbstractProblemLoader Init config took 2.23s 
230893     INFO  main            d.u.i.k.p.i.AbstractProblemLoader Replaying proof nonLinInEqExample2.key 
230894     DEBUG main            d.u.i.k.p.i.IntermediateProofReplayer Proof replay took 2.6ns 
231197     INFO  main            d.u.i.k.p.r.p.TestFile    ... finished proof: closed. 
231469     INFO  main            d.u.i.k.p.i.AbstractProblemLoader Loading environment from /home/runner/work/key/key/key.core/../key.ui/examples/standard_key/inEqSimp/nonLinInEqExample2.key.proof 
231469     DEBUG main            d.u.i.k.p.i.AbstractProblemLoader Environment load took 90.2ns 
231470     INFO  main            d.u.i.k.p.i.AbstractProblemLoader Creating init config 
233644     DEBUG main            d.u.i.k.p.i.AbstractProblemLoader Init config took 2.17s 
233657     INFO  main            d.u.i.k.p.i.AbstractProblemLoader Replaying proof nonLinInEqExample2.key.proof 
233683     DEBUG main            d.u.i.k.p.i.IntermediateProofReplayer Proof replay took 22.93ms 
233684     DEBUG main            d.u.i.k.p.r.p.TestFile    ... success: reloaded. 
233685     INFO  main            d.u.i.k.p.r.p.TestFile    Now processing file /home/runner/work/key/key/key.core/../key.ui/examples/standard_key/inEqSimp/nonLinInEqExample3.key 
233685     INFO  main            d.u.i.k.p.i.AbstractProblemLoader Loading environment from /home/runner/work/key/key/key.core/../key.ui/examples/standard_key/inEqSimp/nonLinInEqExample3.key 
233685     DEBUG main            d.u.i.k.p.i.AbstractProblemLoader Environment load took 75.4ns 
233686     INFO  main            d.u.i.k.p.i.AbstractProblemLoader Creating init config 
235904     DEBUG main            d.u.i.k.p.i.AbstractProblemLoader Init config took 2.22s 
235917     INFO  main            d.u.i.k.p.i.AbstractProblemLoader Replaying proof nonLinInEqExample3.key 
235918     DEBUG main            d.u.i.k.p.i.IntermediateProofReplayer Proof replay took 2.5ns 
236120     INFO  main            d.u.i.k.p.r.p.TestFile    ... finished proof: closed. 
236405     INFO  main            d.u.i.k.p.i.AbstractProblemLoader Loading environment from /home/runner/work/key/key/key.core/../key.ui/examples/standard_key/inEqSimp/nonLinInEqExample3.key.proof 
236406     DEBUG main            d.u.i.k.p.i.AbstractProblemLoader Environment load took 85.3ns 
236407     INFO  main            d.u.i.k.p.i.AbstractProblemLoader Creating init config 
238570     DEBUG main            d.u.i.k.p.i.AbstractProblemLoader Init config took 2.16s 
238583     INFO  main            d.u.i.k.p.i.AbstractProblemLoader Replaying proof nonLinInEqExample3.key.proof 
238600     DEBUG main            d.u.i.k.p.i.IntermediateProofReplayer Proof replay took 14.46ms 
238600     DEBUG main            d.u.i.k.p.r.p.TestFile    ... success: reloaded. 
238601     INFO  main            d.u.i.k.p.r.p.TestFile    Now processing file /home/runner/work/key/key/key.core/../key.ui/examples/standard_key/inEqSimp/nonLinInEqExample4.key 
238601     INFO  main            d.u.i.k.p.i.AbstractProblemLoader Loading environment from /home/runner/work/key/key/key.core/../key.ui/examples/standard_key/inEqSimp/nonLinInEqExample4.key 
238601     DEBUG main            d.u.i.k.p.i.AbstractProblemLoader Environment load took 69.9ns 
238602     INFO  main            d.u.i.k.p.i.AbstractProblemLoader Creating init config 
240824     DEBUG main            d.u.i.k.p.i.AbstractProblemLoader Init config took 2.22s 
240837     INFO  main            d.u.i.k.p.i.AbstractProblemLoader Replaying proof nonLinInEqExample4.key 
240838     DEBUG main            d.u.i.k.p.i.IntermediateProofReplayer Proof replay took 3ns 
240940     INFO  main            d.u.i.k.p.r.p.TestFile    ... finished proof: closed. 
241225     INFO  main            d.u.i.k.p.i.AbstractProblemLoader Loading environment from /home/runner/work/key/key/key.core/../key.ui/examples/standard_key/inEqSimp/nonLinInEqExample4.key.proof 
241225     DEBUG main            d.u.i.k.p.i.AbstractProblemLoader Environment load took 79.5ns 
241226     INFO  main            d.u.i.k.p.i.AbstractProblemLoader Creating init config 
243406     DEBUG main            d.u.i.k.p.i.AbstractProblemLoader Init config took 2.18s 
243418     INFO  main            d.u.i.k.p.i.AbstractProblemLoader Replaying proof nonLinInEqExample4.key.proof 
243423     DEBUG main            d.u.i.k.p.i.IntermediateProofReplayer Proof replay took 3.09ms 
243423     DEBUG main            d.u.i.k.p.r.p.TestFile    ... success: reloaded. 
243424     INFO  main            d.u.i.k.p.r.p.TestFile    Now processing file /home/runner/work/key/key/key.core/../key.ui/examples/standard_key/inEqSimp/quadraticInEq.key 
243424     INFO  main            d.u.i.k.p.i.AbstractProblemLoader Loading environment from /home/runner/work/key/key/key.core/../key.ui/examples/standard_key/inEqSimp/quadraticInEq.key 
243424     DEBUG main            d.u.i.k.p.i.AbstractProblemLoader Environment load took 60ns 
243426     INFO  main            d.u.i.k.p.i.AbstractProblemLoader Creating init config 
245647     DEBUG main            d.u.i.k.p.i.AbstractProblemLoader Init config took 2.22s 
245660     INFO  main            d.u.i.k.p.i.AbstractProblemLoader Replaying proof quadraticInEq.key 
245661     DEBUG main            d.u.i.k.p.i.IntermediateProofReplayer Proof replay took 3.1ns 
245964     INFO  main            d.u.i.k.p.r.p.TestFile    ... finished proof: closed. 
246242     INFO  main            d.u.i.k.p.i.AbstractProblemLoader Loading environment from /home/runner/work/key/key/key.core/../key.ui/examples/standard_key/inEqSimp/quadraticInEq.key.proof 
246242     DEBUG main            d.u.i.k.p.i.AbstractProblemLoader Environment load took 86.3ns 
246243     INFO  main            d.u.i.k.p.i.AbstractProblemLoader Creating init config 
248452     DEBUG main            d.u.i.k.p.i.AbstractProblemLoader Init config took 2.21s 
248466     INFO  main            d.u.i.k.p.i.AbstractProblemLoader Replaying proof quadraticInEq.key.proof 
248502     DEBUG main            d.u.i.k.p.i.IntermediateProofReplayer Proof replay took 31.28ms 
248503     DEBUG main            d.u.i.k.p.r.p.TestFile    ... success: reloaded. 
248504     INFO  main            d.u.i.k.p.r.p.TestFile    Now processing file /home/runner/work/key/key/key.core/../key.ui/examples/standard_key/inEqSimp/quadraticInEq10.key 
248504     INFO  main            d.u.i.k.p.i.AbstractProblemLoader Loading environment from /home/runner/work/key/key/key.core/../key.ui/examples/standard_key/inEqSimp/quadraticInEq10.key 
248504     DEBUG main            d.u.i.k.p.i.AbstractProblemLoader Environment load took 79.5ns 
248506     INFO  main            d.u.i.k.p.i.AbstractProblemLoader Creating init config 
250740     DEBUG main            d.u.i.k.p.i.AbstractProblemLoader Init config took 2.23s 
250753     INFO  main            d.u.i.k.p.i.AbstractProblemLoader Replaying proof quadraticInEq10.key 
250754     DEBUG main            d.u.i.k.p.i.IntermediateProofReplayer Proof replay took 3.1ns 
250957     INFO  main            d.u.i.k.p.r.p.TestFile    ... finished proof: closed. 
251241     INFO  main            d.u.i.k.p.i.AbstractProblemLoader Loading environment from /home/runner/work/key/key/key.core/../key.ui/examples/standard_key/inEqSimp/quadraticInEq10.key.proof 
251241     DEBUG main            d.u.i.k.p.i.AbstractProblemLoader Environment load took 142.2ns 
251242     INFO  main            d.u.i.k.p.i.AbstractProblemLoader Creating init config 
253425     DEBUG main            d.u.i.k.p.i.AbstractProblemLoader Init config took 2.18s 
253441     INFO  main            d.u.i.k.p.i.AbstractProblemLoader Replaying proof quadraticInEq10.key.proof 
253464     DEBUG main            d.u.i.k.p.i.IntermediateProofReplayer Proof replay took 21.26ms 
253465     DEBUG main            d.u.i.k.p.r.p.TestFile    ... success: reloaded. 
253466     INFO  main            d.u.i.k.p.r.p.TestFile    Now processing file /home/runner/work/key/key/key.core/../key.ui/examples/standard_key/inEqSimp/quadraticInEq13.key 
253466     INFO  main            d.u.i.k.p.i.AbstractProblemLoader Loading environment from /home/runner/work/key/key/key.core/../key.ui/examples/standard_key/inEqSimp/quadraticInEq13.key 
253466     DEBUG main            d.u.i.k.p.i.AbstractProblemLoader Environment load took 43.9ns 
253467     INFO  main            d.u.i.k.p.i.AbstractProblemLoader Creating init config 
255760     DEBUG main            d.u.i.k.p.i.AbstractProblemLoader Init config took 2.29s 
255773     INFO  main            d.u.i.k.p.i.AbstractProblemLoader Replaying proof quadraticInEq13.key 
255774     DEBUG main            d.u.i.k.p.i.IntermediateProofReplayer Proof replay took 2.9ns 
255978     INFO  main            d.u.i.k.p.r.p.TestFile    ... finished proof: closed. 
256285     INFO  main            d.u.i.k.p.i.AbstractProblemLoader Loading environment from /home/runner/work/key/key/key.core/../key.ui/examples/standard_key/inEqSimp/quadraticInEq13.key.proof 
256286     DEBUG main            d.u.i.k.p.i.AbstractProblemLoader Environment load took 81.6ns 
256287     INFO  main            d.u.i.k.p.i.AbstractProblemLoader Creating init config 
258472     DEBUG main            d.u.i.k.p.i.AbstractProblemLoader Init config took 2.19s 
258485     INFO  main            d.u.i.k.p.i.AbstractProblemLoader Replaying proof quadraticInEq13.key.proof 
258502     DEBUG main            d.u.i.k.p.i.IntermediateProofReplayer Proof replay took 14.86ms 
258503     DEBUG main            d.u.i.k.p.r.p.TestFile    ... success: reloaded. 
258504     INFO  main            d.u.i.k.p.r.p.TestFile    Now processing file /home/runner/work/key/key/key.core/../key.ui/examples/standard_key/inEqSimp/quadraticInEq14.key 
258504     INFO  main            d.u.i.k.p.i.AbstractProblemLoader Loading environment from /home/runner/work/key/key/key.core/../key.ui/examples/standard_key/inEqSimp/quadraticInEq14.key 
258504     DEBUG main            d.u.i.k.p.i.AbstractProblemLoader Environment load took 63.2ns 
258505     INFO  main            d.u.i.k.p.i.AbstractProblemLoader Creating init config 
260735     DEBUG main            d.u.i.k.p.i.AbstractProblemLoader Init config took 2.23s 
260747     INFO  main            d.u.i.k.p.i.AbstractProblemLoader Replaying proof quadraticInEq14.key 
260749     DEBUG main            d.u.i.k.p.i.IntermediateProofReplayer Proof replay took 2.8ns 
260952     INFO  main            d.u.i.k.p.r.p.TestFile    ... finished proof: closed. 
261259     INFO  main            d.u.i.k.p.i.AbstractProblemLoader Loading environment from /home/runner/work/key/key/key.core/../key.ui/examples/standard_key/inEqSimp/quadraticInEq14.key.proof 
261259     DEBUG main            d.u.i.k.p.i.AbstractProblemLoader Environment load took 79.3ns 
261260     INFO  main            d.u.i.k.p.i.AbstractProblemLoader Creating init config 
263441     DEBUG main            d.u.i.k.p.i.AbstractProblemLoader Init config took 2.18s 
263454     INFO  main            d.u.i.k.p.i.AbstractProblemLoader Replaying proof quadraticInEq14.key.proof 
263474     DEBUG main            d.u.i.k.p.i.IntermediateProofReplayer Proof replay took 16.95ms 
263475     DEBUG main            d.u.i.k.p.r.p.TestFile    ... success: reloaded. 
263475     INFO  main            d.u.i.k.p.r.p.TestFile    Now processing file /home/runner/work/key/key/key.core/../key.ui/examples/standard_key/inEqSimp/quadraticInEq2.key 
263475     INFO  main            d.u.i.k.p.i.AbstractProblemLoader Loading environment from /home/runner/work/key/key/key.core/../key.ui/examples/standard_key/inEqSimp/quadraticInEq2.key 
263476     DEBUG main            d.u.i.k.p.i.AbstractProblemLoader Environment load took 62.4ns 
263476     INFO  main            d.u.i.k.p.i.AbstractProblemLoader Creating init config 
265731     DEBUG main            d.u.i.k.p.i.AbstractProblemLoader Init config took 2.26s 
265745     INFO  main            d.u.i.k.p.i.AbstractProblemLoader Replaying proof quadraticInEq2.key 
265747     DEBUG main            d.u.i.k.p.i.IntermediateProofReplayer Proof replay took 2.8ns 
265849     INFO  main            d.u.i.k.p.r.p.TestFile    ... finished proof: closed. 
266163     INFO  main            d.u.i.k.p.i.AbstractProblemLoader Loading environment from /home/runner/work/key/key/key.core/../key.ui/examples/standard_key/inEqSimp/quadraticInEq2.key.proof 
266164     DEBUG main            d.u.i.k.p.i.AbstractProblemLoader Environment load took 76.8ns 
266164     INFO  main            d.u.i.k.p.i.AbstractProblemLoader Creating init config 
268392     DEBUG main            d.u.i.k.p.i.AbstractProblemLoader Init config took 2.23s 
268405     INFO  main            d.u.i.k.p.i.AbstractProblemLoader Replaying proof quadraticInEq2.key.proof 
268408     DEBUG main            d.u.i.k.p.i.IntermediateProofReplayer Proof replay took 1.93ms 
268409     DEBUG main            d.u.i.k.p.r.p.TestFile    ... success: reloaded. 
268410     INFO  main            d.u.i.k.p.r.p.TestFile    Now processing file /home/runner/work/key/key/key.core/../key.ui/examples/standard_key/inEqSimp/quadraticInEq3.key 
268410     INFO  main            d.u.i.k.p.i.AbstractProblemLoader Loading environment from /home/runner/work/key/key/key.core/../key.ui/examples/standard_key/inEqSimp/quadraticInEq3.key 
268410     DEBUG main            d.u.i.k.p.i.AbstractProblemLoader Environment load took 50.6ns 
268411     INFO  main            d.u.i.k.p.i.AbstractProblemLoader Creating init config 
270604     DEBUG main            d.u.i.k.p.i.AbstractProblemLoader Init config took 2.19s 
270616     INFO  main            d.u.i.k.p.i.AbstractProblemLoader Replaying proof quadraticInEq3.key 
270618     DEBUG main            d.u.i.k.p.i.IntermediateProofReplayer Proof replay took 2.7ns 
270721     INFO  main            d.u.i.k.p.r.p.TestFile    ... finished proof: closed. 
271032     INFO  main            d.u.i.k.p.i.AbstractProblemLoader Loading environment from /home/runner/work/key/key/key.core/../key.ui/examples/standard_key/inEqSimp/quadraticInEq3.key.proof 
271032     DEBUG main            d.u.i.k.p.i.AbstractProblemLoader Environment load took 70.1ns 
271033     INFO  main            d.u.i.k.p.i.AbstractProblemLoader Creating init config 
273197     DEBUG main            d.u.i.k.p.i.AbstractProblemLoader Init config took 2.16s 
273209     INFO  main            d.u.i.k.p.i.AbstractProblemLoader Replaying proof quadraticInEq3.key.proof 
273215     DEBUG main            d.u.i.k.p.i.IntermediateProofReplayer Proof replay took 4.66ms 
273216     DEBUG main            d.u.i.k.p.r.p.TestFile    ... success: reloaded. 
273217     INFO  main            d.u.i.k.p.r.p.TestFile    Now processing file /home/runner/work/key/key/key.core/../key.ui/examples/standard_key/inEqSimp/quadraticInEq4.key 
273217     INFO  main            d.u.i.k.p.i.AbstractProblemLoader Loading environment from /home/runner/work/key/key/key.core/../key.ui/examples/standard_key/inEqSimp/quadraticInEq4.key 
273217     DEBUG main            d.u.i.k.p.i.AbstractProblemLoader Environment load took 66.2ns 
273218     INFO  main            d.u.i.k.p.i.AbstractProblemLoader Creating init config 
275421     DEBUG main            d.u.i.k.p.i.AbstractProblemLoader Init config took 2.2s 
275434     INFO  main            d.u.i.k.p.i.AbstractProblemLoader Replaying proof quadraticInEq4.key 
275437     DEBUG main            d.u.i.k.p.i.IntermediateProofReplayer Proof replay took 3ns 
275539     INFO  main            d.u.i.k.p.r.p.TestFile    ... finished proof: closed. 
275854     INFO  main            d.u.i.k.p.i.AbstractProblemLoader Loading environment from /home/runner/work/key/key/key.core/../key.ui/examples/standard_key/inEqSimp/quadraticInEq4.key.proof 
275854     DEBUG main            d.u.i.k.p.i.AbstractProblemLoader Environment load took 70.1ns 
275855     INFO  main            d.u.i.k.p.i.AbstractProblemLoader Creating init config 
278027     DEBUG main            d.u.i.k.p.i.AbstractProblemLoader Init config took 2.17s 
278040     INFO  main            d.u.i.k.p.i.AbstractProblemLoader Replaying proof quadraticInEq4.key.proof 
278045     DEBUG main            d.u.i.k.p.i.IntermediateProofReplayer Proof replay took 3.83ms 
278046     DEBUG main            d.u.i.k.p.r.p.TestFile    ... success: reloaded. 
278047     INFO  main            d.u.i.k.p.r.p.TestFile    Now processing file /home/runner/work/key/key/key.core/../key.ui/examples/standard_key/inEqSimp/quadraticInEq5.key 
278047     INFO  main            d.u.i.k.p.i.AbstractProblemLoader Loading environment from /home/runner/work/key/key/key.core/../key.ui/examples/standard_key/inEqSimp/quadraticInEq5.key 
278047     DEBUG main            d.u.i.k.p.i.AbstractProblemLoader Environment load took 82.6ns 
278048     INFO  main            d.u.i.k.p.i.AbstractProblemLoader Creating init config 
280239     DEBUG main            d.u.i.k.p.i.AbstractProblemLoader Init config took 2.19s 
280252     INFO  main            d.u.i.k.p.i.AbstractProblemLoader Replaying proof quadraticInEq5.key 
280253     DEBUG main            d.u.i.k.p.i.IntermediateProofReplayer Proof replay took 2.5ns 
280354     INFO  main            d.u.i.k.p.r.p.TestFile    ... finished proof: closed. 
280669     INFO  main            d.u.i.k.p.i.AbstractProblemLoader Loading environment from /home/runner/work/key/key/key.core/../key.ui/examples/standard_key/inEqSimp/quadraticInEq5.key.proof 
280669     DEBUG main            d.u.i.k.p.i.AbstractProblemLoader Environment load took 73.1ns 
280670     INFO  main            d.u.i.k.p.i.AbstractProblemLoader Creating init config 
282829     DEBUG main            d.u.i.k.p.i.AbstractProblemLoader Init config took 2.16s 
282841     INFO  main            d.u.i.k.p.i.AbstractProblemLoader Replaying proof quadraticInEq5.key.proof 
282847     DEBUG main            d.u.i.k.p.i.IntermediateProofReplayer Proof replay took 3.72ms 
282847     DEBUG main            d.u.i.k.p.r.p.TestFile    ... success: reloaded. 
282848     INFO  main            d.u.i.k.p.r.p.TestFile    Now processing file /home/runner/work/key/key/key.core/../key.ui/examples/standard_key/inEqSimp/quadraticInEq6.key 
282848     INFO  main            d.u.i.k.p.i.AbstractProblemLoader Loading environment from /home/runner/work/key/key/key.core/../key.ui/examples/standard_key/inEqSimp/quadraticInEq6.key 
282848     DEBUG main            d.u.i.k.p.i.AbstractProblemLoader Environment load took 40.4ns 
282849     INFO  main            d.u.i.k.p.i.AbstractProblemLoader Creating init config 
285037     DEBUG main            d.u.i.k.p.i.AbstractProblemLoader Init config took 2.19s 
285050     INFO  main            d.u.i.k.p.i.AbstractProblemLoader Replaying proof quadraticInEq6.key 
285051     DEBUG main            d.u.i.k.p.i.IntermediateProofReplayer Proof replay took 2.8ns 
285152     INFO  main            d.u.i.k.p.r.p.TestFile    ... finished proof: closed. 
285470     INFO  main            d.u.i.k.p.i.AbstractProblemLoader Loading environment from /home/runner/work/key/key/key.core/../key.ui/examples/standard_key/inEqSimp/quadraticInEq6.key.proof 
285470     DEBUG main            d.u.i.k.p.i.AbstractProblemLoader Environment load took 76.6ns 
285471     INFO  main            d.u.i.k.p.i.AbstractProblemLoader Creating init config 
287628     DEBUG main            d.u.i.k.p.i.AbstractProblemLoader Init config took 2.16s 
287641     INFO  main            d.u.i.k.p.i.AbstractProblemLoader Replaying proof quadraticInEq6.key.proof 
287646     DEBUG main            d.u.i.k.p.i.IntermediateProofReplayer Proof replay took 3.42ms 
287646     DEBUG main            d.u.i.k.p.r.p.TestFile    ... success: reloaded. 
287647     INFO  main            d.u.i.k.p.r.p.TestFile    Now processing file /home/runner/work/key/key/key.core/../key.ui/examples/standard_key/inEqSimp/quadraticInEq7.key 
287647     INFO  main            d.u.i.k.p.i.AbstractProblemLoader Loading environment from /home/runner/work/key/key/key.core/../key.ui/examples/standard_key/inEqSimp/quadraticInEq7.key 
287647     DEBUG main            d.u.i.k.p.i.AbstractProblemLoader Environment load took 42.9ns 
287648     INFO  main            d.u.i.k.p.i.AbstractProblemLoader Creating init config 
289834     DEBUG main            d.u.i.k.p.i.AbstractProblemLoader Init config took 2.19s 
289846     INFO  main            d.u.i.k.p.i.AbstractProblemLoader Replaying proof quadraticInEq7.key 
289848     DEBUG main            d.u.i.k.p.i.IntermediateProofReplayer Proof replay took 2.9ns 
289949     INFO  main            d.u.i.k.p.r.p.TestFile    ... finished proof: closed. 
290273     INFO  main            d.u.i.k.p.i.AbstractProblemLoader Loading environment from /home/runner/work/key/key/key.core/../key.ui/examples/standard_key/inEqSimp/quadraticInEq7.key.proof 
290273     DEBUG main            d.u.i.k.p.i.AbstractProblemLoader Environment load took 72.8ns 
290274     INFO  main            d.u.i.k.p.i.AbstractProblemLoader Creating init config 
292435     DEBUG main            d.u.i.k.p.i.AbstractProblemLoader Init config took 2.16s 
292447     INFO  main            d.u.i.k.p.i.AbstractProblemLoader Replaying proof quadraticInEq7.key.proof 
292450     DEBUG main            d.u.i.k.p.i.IntermediateProofReplayer Proof replay took 1.89ms 
292451     DEBUG main            d.u.i.k.p.r.p.TestFile    ... success: reloaded. 
292451     INFO  main            d.u.i.k.p.r.p.TestFile    Now processing file /home/runner/work/key/key/key.core/../key.ui/examples/standard_key/inEqSimp/quadraticInEq8.key 
292452     INFO  main            d.u.i.k.p.i.AbstractProblemLoader Loading environment from /home/runner/work/key/key/key.core/../key.ui/examples/standard_key/inEqSimp/quadraticInEq8.key 
292452     DEBUG main            d.u.i.k.p.i.AbstractProblemLoader Environment load took 44.6ns 
292453     INFO  main            d.u.i.k.p.i.AbstractProblemLoader Creating init config 
294643     DEBUG main            d.u.i.k.p.i.AbstractProblemLoader Init config took 2.19s 
294655     INFO  main            d.u.i.k.p.i.AbstractProblemLoader Replaying proof quadraticInEq8.key 
294656     DEBUG main            d.u.i.k.p.i.IntermediateProofReplayer Proof replay took 3.1ns 
294760     INFO  main            d.u.i.k.p.r.p.TestFile    ... finished proof: closed. 
295086     INFO  main            d.u.i.k.p.i.AbstractProblemLoader Loading environment from /home/runner/work/key/key/key.core/../key.ui/examples/standard_key/inEqSimp/quadraticInEq8.key.proof 
295086     DEBUG main            d.u.i.k.p.i.AbstractProblemLoader Environment load took 81.3ns 
295087     INFO  main            d.u.i.k.p.i.AbstractProblemLoader Creating init config 
297256     DEBUG main            d.u.i.k.p.i.AbstractProblemLoader Init config took 2.17s 
297269     INFO  main            d.u.i.k.p.i.AbstractProblemLoader Replaying proof quadraticInEq8.key.proof 
297277     DEBUG main            d.u.i.k.p.i.IntermediateProofReplayer Proof replay took 6.32ms 
297278     DEBUG main            d.u.i.k.p.r.p.TestFile    ... success: reloaded. 
297279     INFO  main            d.u.i.k.p.r.p.TestFile    Now processing file /home/runner/work/key/key/key.core/../key.ui/examples/standard_key/inEqSimp/simplify0.key 
297279     INFO  main            d.u.i.k.p.i.AbstractProblemLoader Loading environment from /home/runner/work/key/key/key.core/../key.ui/examples/standard_key/inEqSimp/simplify0.key 
297279     DEBUG main            d.u.i.k.p.i.AbstractProblemLoader Environment load took 71.4ns 
297280     INFO  main            d.u.i.k.p.i.AbstractProblemLoader Creating init config 
299510     DEBUG main            d.u.i.k.p.i.AbstractProblemLoader Init config took 2.23s 
299523     INFO  main            d.u.i.k.p.i.AbstractProblemLoader Replaying proof simplify0.key 
299524     DEBUG main            d.u.i.k.p.i.IntermediateProofReplayer Proof replay took 2.2ns 
299626     INFO  main            d.u.i.k.p.r.p.TestFile    ... finished proof: closed. 
299954     INFO  main            d.u.i.k.p.i.AbstractProblemLoader Loading environment from /home/runner/work/key/key/key.core/../key.ui/examples/standard_key/inEqSimp/simplify0.key.proof 
299954     DEBUG main            d.u.i.k.p.i.AbstractProblemLoader Environment load took 92.5ns 
299955     INFO  main            d.u.i.k.p.i.AbstractProblemLoader Creating init config 
302124     DEBUG main            d.u.i.k.p.i.AbstractProblemLoader Init config took 2.17s 
302145     INFO  main            d.u.i.k.p.i.AbstractProblemLoader Replaying proof simplify0.key.proof 
302148     DEBUG main            d.u.i.k.p.i.IntermediateProofReplayer Proof replay took 2.15ms 
302149     DEBUG main            d.u.i.k.p.r.p.TestFile    ... success: reloaded. 
302149     INFO  main            d.u.i.k.p.r.p.TestFile    Now processing file /home/runner/work/key/key/key.core/../key.ui/examples/standard_key/inEqSimp/simplify1.key 
302150     INFO  main            d.u.i.k.p.i.AbstractProblemLoader Loading environment from /home/runner/work/key/key/key.core/../key.ui/examples/standard_key/inEqSimp/simplify1.key 
302150     DEBUG main            d.u.i.k.p.i.AbstractProblemLoader Environment load took 42.5ns 
302150     INFO  main            d.u.i.k.p.i.AbstractProblemLoader Creating init config 
304357     DEBUG main            d.u.i.k.p.i.AbstractProblemLoader Init config took 2.21s 
304370     INFO  main            d.u.i.k.p.i.AbstractProblemLoader Replaying proof simplify1.key 
304371     DEBUG main            d.u.i.k.p.i.IntermediateProofReplayer Proof replay took 2.2ns 
304472     INFO  main            d.u.i.k.p.r.p.TestFile    ... finished proof: closed. 
304812     INFO  main            d.u.i.k.p.i.AbstractProblemLoader Loading environment from /home/runner/work/key/key/key.core/../key.ui/examples/standard_key/inEqSimp/simplify1.key.proof 
304813     DEBUG main            d.u.i.k.p.i.AbstractProblemLoader Environment load took 77.7ns 
304813     INFO  main            d.u.i.k.p.i.AbstractProblemLoader Creating init config 
306987     DEBUG main            d.u.i.k.p.i.AbstractProblemLoader Init config took 2.17s 
307000     INFO  main            d.u.i.k.p.i.AbstractProblemLoader Replaying proof simplify1.key.proof 
307002     DEBUG main            d.u.i.k.p.i.IntermediateProofReplayer Proof replay took 1.03ms 
307003     DEBUG main            d.u.i.k.p.r.p.TestFile    ... success: reloaded. 
307003     INFO  main            d.u.i.k.p.r.p.TestFile    Now processing file /home/runner/work/key/key/key.core/../key.ui/examples/standard_key/inEqSimp/simplify2.key 
307004     INFO  main            d.u.i.k.p.i.AbstractProblemLoader Loading environment from /home/runner/work/key/key/key.core/../key.ui/examples/standard_key/inEqSimp/simplify2.key 
307004     DEBUG main            d.u.i.k.p.i.AbstractProblemLoader Environment load took 37.5ns 
307004     INFO  main            d.u.i.k.p.i.AbstractProblemLoader Creating init config 
309212     DEBUG main            d.u.i.k.p.i.AbstractProblemLoader Init config took 2.21s 
309225     INFO  main            d.u.i.k.p.i.AbstractProblemLoader Replaying proof simplify2.key 
309226     DEBUG main            d.u.i.k.p.i.IntermediateProofReplayer Proof replay took 2.4ns 
309327     INFO  main            d.u.i.k.p.r.p.TestFile    ... finished proof: closed. 
309666     INFO  main            d.u.i.k.p.i.AbstractProblemLoader Loading environment from /home/runner/work/key/key/key.core/../key.ui/examples/standard_key/inEqSimp/simplify2.key.proof 
309666     DEBUG main            d.u.i.k.p.i.AbstractProblemLoader Environment load took 86.3ns 
309667     INFO  main            d.u.i.k.p.i.AbstractProblemLoader Creating init config 
311840     DEBUG main            d.u.i.k.p.i.AbstractProblemLoader Init config took 2.17s 
311853     INFO  main            d.u.i.k.p.i.AbstractProblemLoader Replaying proof simplify2.key.proof 
311864     DEBUG main            d.u.i.k.p.i.IntermediateProofReplayer Proof replay took 9.27ms 
311865     DEBUG main            d.u.i.k.p.r.p.TestFile    ... success: reloaded. 
311865     INFO  main            d.u.i.k.p.r.p.TestFile    Now processing file /home/runner/work/key/key/key.core/../key.ui/examples/standard_key/inEqSimp/simplify3.key 
311865     INFO  main            d.u.i.k.p.i.AbstractProblemLoader Loading environment from /home/runner/work/key/key/key.core/../key.ui/examples/standard_key/inEqSimp/simplify3.key 
311865     DEBUG main            d.u.i.k.p.i.AbstractProblemLoader Environment load took 43.9ns 
311866     INFO  main            d.u.i.k.p.i.AbstractProblemLoader Creating init config 
314076     DEBUG main            d.u.i.k.p.i.AbstractProblemLoader Init config took 2.21s 
314089     INFO  main            d.u.i.k.p.i.AbstractProblemLoader Replaying proof simplify3.key 
314090     DEBUG main            d.u.i.k.p.i.IntermediateProofReplayer Proof replay took 3.3ns 
314191     INFO  main            d.u.i.k.p.r.p.TestFile    ... finished proof: closed. 
314531     INFO  main            d.u.i.k.p.i.AbstractProblemLoader Loading environment from /home/runner/work/key/key/key.core/../key.ui/examples/standard_key/inEqSimp/simplify3.key.proof 
314531     DEBUG main            d.u.i.k.p.i.AbstractProblemLoader Environment load took 76.6ns 
314532     INFO  main            d.u.i.k.p.i.AbstractProblemLoader Creating init config 
316703     DEBUG main            d.u.i.k.p.i.AbstractProblemLoader Init config took 2.17s 
316716     INFO  main            d.u.i.k.p.i.AbstractProblemLoader Replaying proof simplify3.key.proof 
316719     DEBUG main            d.u.i.k.p.i.IntermediateProofReplayer Proof replay took 1.62ms 
316720     DEBUG main            d.u.i.k.p.r.p.TestFile    ... success: reloaded. 
316720     INFO  main            d.u.i.k.p.r.p.TestFile    Now processing file /home/runner/work/key/key/key.core/../key.ui/examples/standard_key/inEqSimp/simplify4.key 
316720     INFO  main            d.u.i.k.p.i.AbstractProblemLoader Loading environment from /home/runner/work/key/key/key.core/../key.ui/examples/standard_key/inEqSimp/simplify4.key 
316720     DEBUG main            d.u.i.k.p.i.AbstractProblemLoader Environment load took 41.8ns 
316721     INFO  main            d.u.i.k.p.i.AbstractProblemLoader Creating init config 
318924     DEBUG main            d.u.i.k.p.i.AbstractProblemLoader Init config took 2.2s 
318938     INFO  main            d.u.i.k.p.i.AbstractProblemLoader Replaying proof simplify4.key 
318938     DEBUG main            d.u.i.k.p.i.IntermediateProofReplayer Proof replay took 2.3ns 
319042     INFO  main            d.u.i.k.p.r.p.TestFile    ... finished proof: closed. 
319397     INFO  main            d.u.i.k.p.i.AbstractProblemLoader Loading environment from /home/runner/work/key/key/key.core/../key.ui/examples/standard_key/inEqSimp/simplify4.key.proof 
319397     DEBUG main            d.u.i.k.p.i.AbstractProblemLoader Environment load took 73.3ns 
319398     INFO  main            d.u.i.k.p.i.AbstractProblemLoader Creating init config 
321570     DEBUG main            d.u.i.k.p.i.AbstractProblemLoader Init config took 2.17s 
321583     INFO  main            d.u.i.k.p.i.AbstractProblemLoader Replaying proof simplify4.key.proof 
321601     DEBUG main            d.u.i.k.p.i.IntermediateProofReplayer Proof replay took 12.24ms 
321602     DEBUG main            d.u.i.k.p.r.p.TestFile    ... success: reloaded. 
321602     INFO  main            d.u.i.k.p.r.p.TestFile    Now processing file /home/runner/work/key/key/key.core/../key.ui/examples/standard_key/inEqSimp/simplify5.key 
321602     INFO  main            d.u.i.k.p.i.AbstractProblemLoader Loading environment from /home/runner/work/key/key/key.core/../key.ui/examples/standard_key/inEqSimp/simplify5.key 
321602     DEBUG main            d.u.i.k.p.i.AbstractProblemLoader Environment load took 53.4ns 
321603     INFO  main            d.u.i.k.p.i.AbstractProblemLoader Creating init config 
323842     DEBUG main            d.u.i.k.p.i.AbstractProblemLoader Init config took 2.24s 
323855     INFO  main            d.u.i.k.p.i.AbstractProblemLoader Replaying proof simplify5.key 
323856     DEBUG main            d.u.i.k.p.i.IntermediateProofReplayer Proof replay took 3.5ns 
324359     INFO  main            d.u.i.k.p.r.p.TestFile    ... finished proof: closed. 
324726     INFO  main            d.u.i.k.p.i.AbstractProblemLoader Loading environment from /home/runner/work/key/key/key.core/../key.ui/examples/standard_key/inEqSimp/simplify5.key.proof 
324726     DEBUG main            d.u.i.k.p.i.AbstractProblemLoader Environment load took 79.8ns 
324727     INFO  main            d.u.i.k.p.i.AbstractProblemLoader Creating init config 
326892     DEBUG main            d.u.i.k.p.i.AbstractProblemLoader Init config took 2.16s 
326905     INFO  main            d.u.i.k.p.i.AbstractProblemLoader Replaying proof simplify5.key.proof 
326953     DEBUG main            d.u.i.k.p.i.IntermediateProofReplayer Proof replay took 42.88ms 
326954     DEBUG main            d.u.i.k.p.r.p.TestFile    ... success: reloaded. 
326954     INFO  main            d.u.i.k.p.r.p.TestFile    Now processing file /home/runner/work/key/key/key.core/../key.ui/examples/standard_key/inEqSimp/subsumptionExample.key 
326955     INFO  main            d.u.i.k.p.i.AbstractProblemLoader Loading environment from /home/runner/work/key/key/key.core/../key.ui/examples/standard_key/inEqSimp/subsumptionExample.key 
326955     DEBUG main            d.u.i.k.p.i.AbstractProblemLoader Environment load took 55.8ns 
326955     INFO  main            d.u.i.k.p.i.AbstractProblemLoader Creating init config 
329148     DEBUG main            d.u.i.k.p.i.AbstractProblemLoader Init config took 2.19s 
329160     INFO  main            d.u.i.k.p.i.AbstractProblemLoader Replaying proof subsumptionExample.key 
329161     DEBUG main            d.u.i.k.p.i.IntermediateProofReplayer Proof replay took 2.2ns 
329262     INFO  main            d.u.i.k.p.r.p.TestFile    ... finished proof: closed. 
329635     INFO  main            d.u.i.k.p.i.AbstractProblemLoader Loading environment from /home/runner/work/key/key/key.core/../key.ui/examples/standard_key/inEqSimp/subsumptionExample.key.proof 
329635     DEBUG main            d.u.i.k.p.i.AbstractProblemLoader Environment load took 67.9ns 
329636     INFO  main            d.u.i.k.p.i.AbstractProblemLoader Creating init config 
331800     DEBUG main            d.u.i.k.p.i.AbstractProblemLoader Init config took 2.16s 
331813     INFO  main            d.u.i.k.p.i.AbstractProblemLoader Replaying proof subsumptionExample.key.proof 
331815     DEBUG main            d.u.i.k.p.i.IntermediateProofReplayer Proof replay took 777.62ns 
331815     DEBUG main            d.u.i.k.p.r.p.TestFile    ... success: reloaded. 
331815     INFO  main            d.u.i.k.p.r.p.TestFile    Now processing file /home/runner/work/key/key/key.core/../key.ui/examples/standard_key/polySimp/simplify0.key 
331816     INFO  main            d.u.i.k.p.i.AbstractProblemLoader Loading environment from /home/runner/work/key/key/key.core/../key.ui/examples/standard_key/polySimp/simplify0.key 
331816     DEBUG main            d.u.i.k.p.i.AbstractProblemLoader Environment load took 40.8ns 
331817     INFO  main            d.u.i.k.p.i.AbstractProblemLoader Creating init config 
334009     DEBUG main            d.u.i.k.p.i.AbstractProblemLoader Init config took 2.19s 
334022     INFO  main            d.u.i.k.p.i.AbstractProblemLoader Replaying proof simplify0.key 
334023     DEBUG main            d.u.i.k.p.i.IntermediateProofReplayer Proof replay took 2.4ns 
334226     INFO  main            d.u.i.k.p.r.p.TestFile    ... finished proof: closed. 
334592     INFO  main            d.u.i.k.p.i.AbstractProblemLoader Loading environment from /home/runner/work/key/key/key.core/../key.ui/examples/standard_key/polySimp/simplify0.key.proof 
334592     DEBUG main            d.u.i.k.p.i.AbstractProblemLoader Environment load took 72.9ns 
334594     INFO  main            d.u.i.k.p.i.AbstractProblemLoader Creating init config 
336766     DEBUG main            d.u.i.k.p.i.AbstractProblemLoader Init config took 2.17s 
336780     INFO  main            d.u.i.k.p.i.AbstractProblemLoader Replaying proof simplify0.key.proof 
336795     DEBUG main            d.u.i.k.p.i.IntermediateProofReplayer Proof replay took 13.59ms 
336796     DEBUG main            d.u.i.k.p.r.p.TestFile    ... success: reloaded. 
336797     INFO  main            d.u.i.k.p.r.p.TestFile    Now processing file /home/runner/work/key/key/key.core/../key.ui/examples/standard_key/polySimp/simplify1.key 
336797     INFO  main            d.u.i.k.p.i.AbstractProblemLoader Loading environment from /home/runner/work/key/key/key.core/../key.ui/examples/standard_key/polySimp/simplify1.key 
336797     DEBUG main            d.u.i.k.p.i.AbstractProblemLoader Environment load took 83.8ns 
336798     INFO  main            d.u.i.k.p.i.AbstractProblemLoader Creating init config 
338990     DEBUG main            d.u.i.k.p.i.AbstractProblemLoader Init config took 2.19s 
339003     INFO  main            d.u.i.k.p.i.AbstractProblemLoader Replaying proof simplify1.key 
339004     DEBUG main            d.u.i.k.p.i.IntermediateProofReplayer Proof replay took 2.3ns 
339310     INFO  main            d.u.i.k.p.r.p.TestFile    ... finished proof: closed. 
339699     INFO  main            d.u.i.k.p.i.AbstractProblemLoader Loading environment from /home/runner/work/key/key/key.core/../key.ui/examples/standard_key/polySimp/simplify1.key.proof 
339699     DEBUG main            d.u.i.k.p.i.AbstractProblemLoader Environment load took 72.1ns 
339700     INFO  main            d.u.i.k.p.i.AbstractProblemLoader Creating init config 
341871     DEBUG main            d.u.i.k.p.i.AbstractProblemLoader Init config took 2.17s 
341885     INFO  main            d.u.i.k.p.i.AbstractProblemLoader Replaying proof simplify1.key.proof 
341906     DEBUG main            d.u.i.k.p.i.IntermediateProofReplayer Proof replay took 19.12ms 
341907     DEBUG main            d.u.i.k.p.r.p.TestFile    ... success: reloaded. 
341908     INFO  main            d.u.i.k.p.r.p.TestFile    Now processing file /home/runner/work/key/key/key.core/../key.ui/examples/standard_key/polySimp/simplify10.key 
341908     INFO  main            d.u.i.k.p.i.AbstractProblemLoader Loading environment from /home/runner/work/key/key/key.core/../key.ui/examples/standard_key/polySimp/simplify10.key 
341908     DEBUG main            d.u.i.k.p.i.AbstractProblemLoader Environment load took 186.7ns 
341910     INFO  main            d.u.i.k.p.i.AbstractProblemLoader Creating init config 
344117     DEBUG main            d.u.i.k.p.i.AbstractProblemLoader Init config took 2.21s 
344131     INFO  main            d.u.i.k.p.i.AbstractProblemLoader Replaying proof simplify10.key 
344132     DEBUG main            d.u.i.k.p.i.IntermediateProofReplayer Proof replay took 2.4ns 
344334     INFO  main            d.u.i.k.p.r.p.TestFile    ... finished proof: closed. 
344739     INFO  main            d.u.i.k.p.i.AbstractProblemLoader Loading environment from /home/runner/work/key/key/key.core/../key.ui/examples/standard_key/polySimp/simplify10.key.proof 
344739     DEBUG main            d.u.i.k.p.i.AbstractProblemLoader Environment load took 74ns 
344741     INFO  main            d.u.i.k.p.i.AbstractProblemLoader Creating init config 
346916     DEBUG main            d.u.i.k.p.i.AbstractProblemLoader Init config took 2.17s 
346930     INFO  main            d.u.i.k.p.i.AbstractProblemLoader Replaying proof simplify10.key.proof 
346960     DEBUG main            d.u.i.k.p.i.IntermediateProofReplayer Proof replay took 26.92ms 
346961     DEBUG main            d.u.i.k.p.r.p.TestFile    ... success: reloaded. 
346961     INFO  main            d.u.i.k.p.r.p.TestFile    Now processing file /home/runner/work/key/key/key.core/../key.ui/examples/standard_key/polySimp/simplify11.key 
346961     INFO  main            d.u.i.k.p.i.AbstractProblemLoader Loading environment from /home/runner/work/key/key/key.core/../key.ui/examples/standard_key/polySimp/simplify11.key 
346962     DEBUG main            d.u.i.k.p.i.AbstractProblemLoader Environment load took 38.2ns 
346962     INFO  main            d.u.i.k.p.i.AbstractProblemLoader Creating init config 
349176     DEBUG main            d.u.i.k.p.i.AbstractProblemLoader Init config took 2.21s 
349188     INFO  main            d.u.i.k.p.i.AbstractProblemLoader Replaying proof simplify11.key 
349189     DEBUG main            d.u.i.k.p.i.IntermediateProofReplayer Proof replay took 2.2ns 
349391     INFO  main            d.u.i.k.p.r.p.TestFile    ... finished proof: closed. 
349827     INFO  main            d.u.i.k.p.i.AbstractProblemLoader Loading environment from /home/runner/work/key/key/key.core/../key.ui/examples/standard_key/polySimp/simplify11.key.proof 
349827     DEBUG main            d.u.i.k.p.i.AbstractProblemLoader Environment load took 72ns 
349829     INFO  main            d.u.i.k.p.i.AbstractProblemLoader Creating init config 
352011     DEBUG main            d.u.i.k.p.i.AbstractProblemLoader Init config took 2.18s 
352025     INFO  main            d.u.i.k.p.i.AbstractProblemLoader Replaying proof simplify11.key.proof 
352045     DEBUG main            d.u.i.k.p.i.IntermediateProofReplayer Proof replay took 17ms 
352046     DEBUG main            d.u.i.k.p.r.p.TestFile    ... success: reloaded. 
352046     INFO  main            d.u.i.k.p.r.p.TestFile    Now processing file /home/runner/work/key/key/key.core/../key.ui/examples/standard_key/polySimp/simplify12.key 
352046     INFO  main            d.u.i.k.p.i.AbstractProblemLoader Loading environment from /home/runner/work/key/key/key.core/../key.ui/examples/standard_key/polySimp/simplify12.key 
352046     DEBUG main            d.u.i.k.p.i.AbstractProblemLoader Environment load took 40.9ns 
352047     INFO  main            d.u.i.k.p.i.AbstractProblemLoader Creating init config 
354256     DEBUG main            d.u.i.k.p.i.AbstractProblemLoader Init config took 2.21s 
354268     INFO  main            d.u.i.k.p.i.AbstractProblemLoader Replaying proof simplify12.key 
354269     DEBUG main            d.u.i.k.p.i.IntermediateProofReplayer Proof replay took 2.7ns 
354370     INFO  main            d.u.i.k.p.r.p.TestFile    ... finished proof: closed. 
354772     INFO  main            d.u.i.k.p.i.AbstractProblemLoader Loading environment from /home/runner/work/key/key/key.core/../key.ui/examples/standard_key/polySimp/simplify12.key.proof 
354772     DEBUG main            d.u.i.k.p.i.AbstractProblemLoader Environment load took 72.5ns 
354773     INFO  main            d.u.i.k.p.i.AbstractProblemLoader Creating init config 
356957     DEBUG main            d.u.i.k.p.i.AbstractProblemLoader Init config took 2.18s 
356969     INFO  main            d.u.i.k.p.i.AbstractProblemLoader Replaying proof simplify12.key.proof 
356979     DEBUG main            d.u.i.k.p.i.IntermediateProofReplayer Proof replay took 7.85ms 
356979     DEBUG main            d.u.i.k.p.r.p.TestFile    ... success: reloaded. 
356980     INFO  main            d.u.i.k.p.r.p.TestFile    Now processing file /home/runner/work/key/key/key.core/../key.ui/examples/standard_key/polySimp/simplify13.key 
356980     INFO  main            d.u.i.k.p.i.AbstractProblemLoader Loading environment from /home/runner/work/key/key/key.core/../key.ui/examples/standard_key/polySimp/simplify13.key 
356980     DEBUG main            d.u.i.k.p.i.AbstractProblemLoader Environment load took 40.7ns 
356981     INFO  main            d.u.i.k.p.i.AbstractProblemLoader Creating init config 
359184     DEBUG main            d.u.i.k.p.i.AbstractProblemLoader Init config took 2.2s 
359197     INFO  main            d.u.i.k.p.i.AbstractProblemLoader Replaying proof simplify13.key 
359198     DEBUG main            d.u.i.k.p.i.IntermediateProofReplayer Proof replay took 2.3ns 
359299     INFO  main            d.u.i.k.p.r.p.TestFile    ... finished proof: closed. 
359699     INFO  main            d.u.i.k.p.i.AbstractProblemLoader Loading environment from /home/runner/work/key/key/key.core/../key.ui/examples/standard_key/polySimp/simplify13.key.proof 
359699     DEBUG main            d.u.i.k.p.i.AbstractProblemLoader Environment load took 72ns 
359701     INFO  main            d.u.i.k.p.i.AbstractProblemLoader Creating init config 
361899     DEBUG main            d.u.i.k.p.i.AbstractProblemLoader Init config took 2.2s 
361914     INFO  main            d.u.i.k.p.i.AbstractProblemLoader Replaying proof simplify13.key.proof 
361921     DEBUG main            d.u.i.k.p.i.IntermediateProofReplayer Proof replay took 5.34ms 
361922     DEBUG main            d.u.i.k.p.r.p.TestFile    ... success: reloaded. 
361922     INFO  main            d.u.i.k.p.r.p.TestFile    Now processing file /home/runner/work/key/key/key.core/../key.ui/examples/standard_key/polySimp/simplify14.key 
361923     INFO  main            d.u.i.k.p.i.AbstractProblemLoader Loading environment from /home/runner/work/key/key/key.core/../key.ui/examples/standard_key/polySimp/simplify14.key 
361923     DEBUG main            d.u.i.k.p.i.AbstractProblemLoader Environment load took 43.4ns 
361924     INFO  main            d.u.i.k.p.i.AbstractProblemLoader Creating init config 
364242     DEBUG main            d.u.i.k.p.i.AbstractProblemLoader Init config took 2.32s 
364255     INFO  main            d.u.i.k.p.i.AbstractProblemLoader Replaying proof simplify14.key 
364256     DEBUG main            d.u.i.k.p.i.IntermediateProofReplayer Proof replay took 2.7ns 
364358     INFO  main            d.u.i.k.p.r.p.TestFile    ... finished proof: closed. 
364755     INFO  main            d.u.i.k.p.i.AbstractProblemLoader Loading environment from /home/runner/work/key/key/key.core/../key.ui/examples/standard_key/polySimp/simplify14.key.proof 
364755     DEBUG main            d.u.i.k.p.i.AbstractProblemLoader Environment load took 76ns 
364756     INFO  main            d.u.i.k.p.i.AbstractProblemLoader Creating init config 
366943     DEBUG main            d.u.i.k.p.i.AbstractProblemLoader Init config took 2.19s 
366956     INFO  main            d.u.i.k.p.i.AbstractProblemLoader Replaying proof simplify14.key.proof 
366959     DEBUG main            d.u.i.k.p.i.IntermediateProofReplayer Proof replay took 1.24ms 
366960     DEBUG main            d.u.i.k.p.r.p.TestFile    ... success: reloaded. 
366960     INFO  main            d.u.i.k.p.r.p.TestFile    Now processing file /home/runner/work/key/key/key.core/../key.ui/examples/standard_key/polySimp/simplify15.key 
366960     INFO  main            d.u.i.k.p.i.AbstractProblemLoader Loading environment from /home/runner/work/key/key/key.core/../key.ui/examples/standard_key/polySimp/simplify15.key 
366964     DEBUG main            d.u.i.k.p.i.AbstractProblemLoader Environment load took 3.7ms 
366965     INFO  main            d.u.i.k.p.i.AbstractProblemLoader Creating init config 
369191     DEBUG main            d.u.i.k.p.i.AbstractProblemLoader Init config took 2.23s 
369203     INFO  main            d.u.i.k.p.i.AbstractProblemLoader Replaying proof simplify15.key 
369204     DEBUG main            d.u.i.k.p.i.IntermediateProofReplayer Proof replay took 2.6ns 
369306     INFO  main            d.u.i.k.p.r.p.TestFile    ... finished proof: closed. 
369699     INFO  main            d.u.i.k.p.i.AbstractProblemLoader Loading environment from /home/runner/work/key/key/key.core/../key.ui/examples/standard_key/polySimp/simplify15.key.proof 
369699     DEBUG main            d.u.i.k.p.i.AbstractProblemLoader Environment load took 73.6ns 
369700     INFO  main            d.u.i.k.p.i.AbstractProblemLoader Creating init config 
371874     DEBUG main            d.u.i.k.p.i.AbstractProblemLoader Init config took 2.17s 
371886     INFO  main            d.u.i.k.p.i.AbstractProblemLoader Replaying proof simplify15.key.proof 
371889     DEBUG main            d.u.i.k.p.i.IntermediateProofReplayer Proof replay took 496.41ns 
371890     DEBUG main            d.u.i.k.p.r.p.TestFile    ... success: reloaded. 
371892     INFO  main            d.u.i.k.p.r.p.TestFile    Now processing file /home/runner/work/key/key/key.core/../key.ui/examples/standard_key/polySimp/simplify16.key 
371892     INFO  main            d.u.i.k.p.i.AbstractProblemLoader Loading environment from /home/runner/work/key/key/key.core/../key.ui/examples/standard_key/polySimp/simplify16.key 
371892     DEBUG main            d.u.i.k.p.i.AbstractProblemLoader Environment load took 71.6ns 
371893     INFO  main            d.u.i.k.p.i.AbstractProblemLoader Creating init config 
374110     DEBUG main            d.u.i.k.p.i.AbstractProblemLoader Init config took 2.22s 
374123     INFO  main            d.u.i.k.p.i.AbstractProblemLoader Replaying proof simplify16.key 
374124     DEBUG main            d.u.i.k.p.i.IntermediateProofReplayer Proof replay took 2.4ns 
374225     INFO  main            d.u.i.k.p.r.p.TestFile    ... finished proof: closed. 
374627     INFO  main            d.u.i.k.p.i.AbstractProblemLoader Loading environment from /home/runner/work/key/key/key.core/../key.ui/examples/standard_key/polySimp/simplify16.key.proof 
374627     DEBUG main            d.u.i.k.p.i.AbstractProblemLoader Environment load took 68.8ns 
374627     INFO  main            d.u.i.k.p.i.AbstractProblemLoader Creating init config 
376793     DEBUG main            d.u.i.k.p.i.AbstractProblemLoader Init config took 2.17s 
376806     INFO  main            d.u.i.k.p.i.AbstractProblemLoader Replaying proof simplify16.key.proof 
376807     DEBUG main            d.u.i.k.p.i.IntermediateProofReplayer Proof replay took 396.61ns 
376808     DEBUG main            d.u.i.k.p.r.p.TestFile    ... success: reloaded. 
376808     INFO  main            d.u.i.k.p.r.p.TestFile    Now processing file /home/runner/work/key/key/key.core/../key.ui/examples/standard_key/polySimp/simplify17.key 
376808     INFO  main            d.u.i.k.p.i.AbstractProblemLoader Loading environment from /home/runner/work/key/key/key.core/../key.ui/examples/standard_key/polySimp/simplify17.key 
376808     DEBUG main            d.u.i.k.p.i.AbstractProblemLoader Environment load took 40.6ns 
376809     INFO  main            d.u.i.k.p.i.AbstractProblemLoader Creating init config 
379015     DEBUG main            d.u.i.k.p.i.AbstractProblemLoader Init config took 2.21s 
379028     INFO  main            d.u.i.k.p.i.AbstractProblemLoader Replaying proof simplify17.key 
379029     DEBUG main            d.u.i.k.p.i.IntermediateProofReplayer Proof replay took 2.3ns 
379130     INFO  main            d.u.i.k.p.r.p.TestFile    ... finished proof: closed. 
379536     INFO  main            d.u.i.k.p.i.AbstractProblemLoader Loading environment from /home/runner/work/key/key/key.core/../key.ui/examples/standard_key/polySimp/simplify17.key.proof 
379536     DEBUG main            d.u.i.k.p.i.AbstractProblemLoader Environment load took 77.1ns 
379537     INFO  main            d.u.i.k.p.i.AbstractProblemLoader Creating init config 
381697     DEBUG main            d.u.i.k.p.i.AbstractProblemLoader Init config took 2.16s 
381709     INFO  main            d.u.i.k.p.i.AbstractProblemLoader Replaying proof simplify17.key.proof 
381716     DEBUG main            d.u.i.k.p.i.IntermediateProofReplayer Proof replay took 4.82ms 
381716     DEBUG main            d.u.i.k.p.r.p.TestFile    ... success: reloaded. 
381717     INFO  main            d.u.i.k.p.r.p.TestFile    Now processing file /home/runner/work/key/key/key.core/../key.ui/examples/standard_key/polySimp/simplify18.key 
381717     INFO  main            d.u.i.k.p.i.AbstractProblemLoader Loading environment from /home/runner/work/key/key/key.core/../key.ui/examples/standard_key/polySimp/simplify18.key 
381717     DEBUG main            d.u.i.k.p.i.AbstractProblemLoader Environment load took 82.9ns 
381718     INFO  main            d.u.i.k.p.i.AbstractProblemLoader Creating init config 
383963     DEBUG main            d.u.i.k.p.i.AbstractProblemLoader Init config took 2.25s 
383977     INFO  main            d.u.i.k.p.i.AbstractProblemLoader Replaying proof simplify18.key 
383977     DEBUG main            d.u.i.k.p.i.IntermediateProofReplayer Proof replay took 3.3ns 
384179     INFO  main            d.u.i.k.p.r.p.TestFile    ... finished proof: closed. 
384621     INFO  main            d.u.i.k.p.i.AbstractProblemLoader Loading environment from /home/runner/work/key/key/key.core/../key.ui/examples/standard_key/polySimp/simplify18.key.proof 
384621     DEBUG main            d.u.i.k.p.i.AbstractProblemLoader Environment load took 79.2ns 
384622     INFO  main            d.u.i.k.p.i.AbstractProblemLoader Creating init config 
386797     DEBUG main            d.u.i.k.p.i.AbstractProblemLoader Init config took 2.17s 
386810     INFO  main            d.u.i.k.p.i.AbstractProblemLoader Replaying proof simplify18.key.proof 
386825     DEBUG main            d.u.i.k.p.i.IntermediateProofReplayer Proof replay took 12.61ms 
386825     DEBUG main            d.u.i.k.p.r.p.TestFile    ... success: reloaded. 
386826     INFO  main            d.u.i.k.p.r.p.TestFile    Now processing file /home/runner/work/key/key/key.core/../key.ui/examples/standard_key/polySimp/simplify19.key 
386826     INFO  main            d.u.i.k.p.i.AbstractProblemLoader Loading environment from /home/runner/work/key/key/key.core/../key.ui/examples/standard_key/polySimp/simplify19.key 
386826     DEBUG main            d.u.i.k.p.i.AbstractProblemLoader Environment load took 47.8ns 
386827     INFO  main            d.u.i.k.p.i.AbstractProblemLoader Creating init config 
389052     DEBUG main            d.u.i.k.p.i.AbstractProblemLoader Init config took 2.23s 
389065     INFO  main            d.u.i.k.p.i.AbstractProblemLoader Replaying proof simplify19.key 
389065     DEBUG main            d.u.i.k.p.i.IntermediateProofReplayer Proof replay took 2.5ns 
391772     INFO  main            d.u.i.k.p.r.p.TestFile    ... finished proof: closed. 
392245     INFO  main            d.u.i.k.p.i.AbstractProblemLoader Loading environment from /home/runner/work/key/key/key.core/../key.ui/examples/standard_key/polySimp/simplify19.key.proof 
392245     DEBUG main            d.u.i.k.p.i.AbstractProblemLoader Environment load took 78.3ns 
392247     INFO  main            d.u.i.k.p.i.AbstractProblemLoader Creating init config 
394401     DEBUG main            d.u.i.k.p.i.AbstractProblemLoader Init config took 2.15s 
394414     INFO  main            d.u.i.k.p.i.AbstractProblemLoader Replaying proof simplify19.key.proof 
394634     DEBUG main            d.u.i.k.p.i.IntermediateProofReplayer Proof replay took 206.72ms 
394636     DEBUG main            d.u.i.k.p.r.p.TestFile    ... success: reloaded. 
394636     INFO  main            d.u.i.k.p.r.p.TestFile    Now processing file /home/runner/work/key/key/key.core/../key.ui/examples/standard_key/polySimp/simplify2.key 
394636     INFO  main            d.u.i.k.p.i.AbstractProblemLoader Loading environment from /home/runner/work/key/key/key.core/../key.ui/examples/standard_key/polySimp/simplify2.key 
394636     DEBUG main            d.u.i.k.p.i.AbstractProblemLoader Environment load took 59.9ns 
394637     INFO  main            d.u.i.k.p.i.AbstractProblemLoader Creating init config 
396839     DEBUG main            d.u.i.k.p.i.AbstractProblemLoader Init config took 2.2s 
396851     INFO  main            d.u.i.k.p.i.AbstractProblemLoader Replaying proof simplify2.key 
396852     DEBUG main            d.u.i.k.p.i.IntermediateProofReplayer Proof replay took 2.5ns 
396953     INFO  main            d.u.i.k.p.r.p.TestFile    ... finished proof: closed. 
397412     INFO  main            d.u.i.k.p.i.AbstractProblemLoader Loading environment from /home/runner/work/key/key/key.core/../key.ui/examples/standard_key/polySimp/simplify2.key.proof 
397412     DEBUG main            d.u.i.k.p.i.AbstractProblemLoader Environment load took 74.8ns 
397413     INFO  main            d.u.i.k.p.i.AbstractProblemLoader Creating init config 
399572     DEBUG main            d.u.i.k.p.i.AbstractProblemLoader Init config took 2.16s 
399584     INFO  main            d.u.i.k.p.i.AbstractProblemLoader Replaying proof simplify2.key.proof 
399586     DEBUG main            d.u.i.k.p.i.IntermediateProofReplayer Proof replay took 691.52ns 
399587     DEBUG main            d.u.i.k.p.r.p.TestFile    ... success: reloaded. 
399587     INFO  main            d.u.i.k.p.r.p.TestFile    Now processing file /home/runner/work/key/key/key.core/../key.ui/examples/standard_key/polySimp/simplify20.key 
399587     INFO  main            d.u.i.k.p.i.AbstractProblemLoader Loading environment from /home/runner/work/key/key/key.core/../key.ui/examples/standard_key/polySimp/simplify20.key 
399587     DEBUG main            d.u.i.k.p.i.AbstractProblemLoader Environment load took 38.1ns 
399588     INFO  main            d.u.i.k.p.i.AbstractProblemLoader Creating init config 
401779     DEBUG main            d.u.i.k.p.i.AbstractProblemLoader Init config took 2.19s 
401791     INFO  main            d.u.i.k.p.i.AbstractProblemLoader Replaying proof simplify20.key 
401792     DEBUG main            d.u.i.k.p.i.IntermediateProofReplayer Proof replay took 2.5ns 
402395     INFO  main            d.u.i.k.p.r.p.TestFile    ... finished proof: closed. 
402867     INFO  main            d.u.i.k.p.i.AbstractProblemLoader Loading environment from /home/runner/work/key/key/key.core/../key.ui/examples/standard_key/polySimp/simplify20.key.proof 
402867     DEBUG main            d.u.i.k.p.i.AbstractProblemLoader Environment load took 343.21ns 
402869     INFO  main            d.u.i.k.p.i.AbstractProblemLoader Creating init config 
405031     DEBUG main            d.u.i.k.p.i.AbstractProblemLoader Init config took 2.16s 
405045     INFO  main            d.u.i.k.p.i.AbstractProblemLoader Replaying proof simplify20.key.proof 
405105     DEBUG main            d.u.i.k.p.i.IntermediateProofReplayer Proof replay took 54.73ms 
405106     DEBUG main            d.u.i.k.p.r.p.TestFile    ... success: reloaded. 
405106     INFO  main            d.u.i.k.p.r.p.TestFile    Now processing file /home/runner/work/key/key/key.core/../key.ui/examples/standard_key/polySimp/simplify21.key 
405107     INFO  main            d.u.i.k.p.i.AbstractProblemLoader Loading environment from /home/runner/work/key/key/key.core/../key.ui/examples/standard_key/polySimp/simplify21.key 
405107     DEBUG main            d.u.i.k.p.i.AbstractProblemLoader Environment load took 70.9ns 
405109     INFO  main            d.u.i.k.p.i.AbstractProblemLoader Creating init config 
407346     DEBUG main            d.u.i.k.p.i.AbstractProblemLoader Init config took 2.24s 
407360     INFO  main            d.u.i.k.p.i.AbstractProblemLoader Replaying proof simplify21.key 
407361     DEBUG main            d.u.i.k.p.i.IntermediateProofReplayer Proof replay took 2.2ns 
407866     INFO  main            d.u.i.k.p.r.p.TestFile    ... finished proof: closed. 
408361     INFO  main            d.u.i.k.p.i.AbstractProblemLoader Loading environment from /home/runner/work/key/key/key.core/../key.ui/examples/standard_key/polySimp/simplify21.key.proof 
408361     DEBUG main            d.u.i.k.p.i.AbstractProblemLoader Environment load took 76.1ns 
408363     INFO  main            d.u.i.k.p.i.AbstractProblemLoader Creating init config 
410532     DEBUG main            d.u.i.k.p.i.AbstractProblemLoader Init config took 2.17s 
410548     INFO  main            d.u.i.k.p.i.AbstractProblemLoader Replaying proof simplify21.key.proof 
410595     DEBUG main            d.u.i.k.p.i.IntermediateProofReplayer Proof replay took 43.08ms 
410597     DEBUG main            d.u.i.k.p.r.p.TestFile    ... success: reloaded. 
410597     INFO  main            d.u.i.k.p.r.p.TestFile    Now processing file /home/runner/work/key/key/key.core/../key.ui/examples/standard_key/polySimp/simplify22.key 
410597     INFO  main            d.u.i.k.p.i.AbstractProblemLoader Loading environment from /home/runner/work/key/key/key.core/../key.ui/examples/standard_key/polySimp/simplify22.key 
410597     DEBUG main            d.u.i.k.p.i.AbstractProblemLoader Environment load took 43.1ns 
410598     INFO  main            d.u.i.k.p.i.AbstractProblemLoader Creating init config 
412805     DEBUG main            d.u.i.k.p.i.AbstractProblemLoader Init config took 2.21s 
412818     INFO  main            d.u.i.k.p.i.AbstractProblemLoader Replaying proof simplify22.key 
412819     DEBUG main            d.u.i.k.p.i.IntermediateProofReplayer Proof replay took 2.6ns 
412920     INFO  main            d.u.i.k.p.r.p.TestFile    ... finished proof: closed. 
413374     INFO  main            d.u.i.k.p.i.AbstractProblemLoader Loading environment from /home/runner/work/key/key/key.core/../key.ui/examples/standard_key/polySimp/simplify22.key.proof 
413374     DEBUG main            d.u.i.k.p.i.AbstractProblemLoader Environment load took 74.2ns 
413375     INFO  main            d.u.i.k.p.i.AbstractProblemLoader Creating init config 
415546     DEBUG main            d.u.i.k.p.i.AbstractProblemLoader Init config took 2.17s 
415559     INFO  main            d.u.i.k.p.i.AbstractProblemLoader Replaying proof simplify22.key.proof 
415562     DEBUG main            d.u.i.k.p.i.IntermediateProofReplayer Proof replay took 2.11ms 
415563     DEBUG main            d.u.i.k.p.r.p.TestFile    ... success: reloaded. 
415563     INFO  main            d.u.i.k.p.r.p.TestFile    Now processing file /home/runner/work/key/key/key.core/../key.ui/examples/standard_key/polySimp/simplify23.key 
415563     INFO  main            d.u.i.k.p.i.AbstractProblemLoader Loading environment from /home/runner/work/key/key/key.core/../key.ui/examples/standard_key/polySimp/simplify23.key 
415563     DEBUG main            d.u.i.k.p.i.AbstractProblemLoader Environment load took 66.6ns 
415564     INFO  main            d.u.i.k.p.i.AbstractProblemLoader Creating init config 
417767     DEBUG main            d.u.i.k.p.i.AbstractProblemLoader Init config took 2.2s 
417780     INFO  main            d.u.i.k.p.i.AbstractProblemLoader Replaying proof simplify23.key 
417781     DEBUG main            d.u.i.k.p.i.IntermediateProofReplayer Proof replay took 3ns 
417882     INFO  main            d.u.i.k.p.r.p.TestFile    ... finished proof: closed. 
418368     INFO  main            d.u.i.k.p.i.AbstractProblemLoader Loading environment from /home/runner/work/key/key/key.core/../key.ui/examples/standard_key/polySimp/simplify23.key.proof 
418368     DEBUG main            d.u.i.k.p.i.AbstractProblemLoader Environment load took 80.6ns 
418369     INFO  main            d.u.i.k.p.i.AbstractProblemLoader Creating init config 
420570     DEBUG main            d.u.i.k.p.i.AbstractProblemLoader Init config took 2.2s 
420583     INFO  main            d.u.i.k.p.i.AbstractProblemLoader Replaying proof simplify23.key.proof 
420596     DEBUG main            d.u.i.k.p.i.IntermediateProofReplayer Proof replay took 10.53ms 
420596     DEBUG main            d.u.i.k.p.r.p.TestFile    ... success: reloaded. 
420597     INFO  main            d.u.i.k.p.r.p.TestFile    Now processing file /home/runner/work/key/key/key.core/../key.ui/examples/standard_key/polySimp/simplify24.key 
420597     INFO  main            d.u.i.k.p.i.AbstractProblemLoader Loading environment from /home/runner/work/key/key/key.core/../key.ui/examples/standard_key/polySimp/simplify24.key 
420597     DEBUG main            d.u.i.k.p.i.AbstractProblemLoader Environment load took 41.3ns 
420598     INFO  main            d.u.i.k.p.i.AbstractProblemLoader Creating init config 
422806     DEBUG main            d.u.i.k.p.i.AbstractProblemLoader Init config took 2.21s 
422819     INFO  main            d.u.i.k.p.i.AbstractProblemLoader Replaying proof simplify24.key 
422820     DEBUG main            d.u.i.k.p.i.IntermediateProofReplayer Proof replay took 3.2ns 
422921     INFO  main            d.u.i.k.p.r.p.TestFile    ... finished proof: closed. 
423367     INFO  main            d.u.i.k.p.i.AbstractProblemLoader Loading environment from /home/runner/work/key/key/key.core/../key.ui/examples/standard_key/polySimp/simplify24.key.proof 
423367     DEBUG main            d.u.i.k.p.i.AbstractProblemLoader Environment load took 75ns 
423368     INFO  main            d.u.i.k.p.i.AbstractProblemLoader Creating init config 
425534     DEBUG main            d.u.i.k.p.i.AbstractProblemLoader Init config took 2.17s 
425546     INFO  main            d.u.i.k.p.i.AbstractProblemLoader Replaying proof simplify24.key.proof 
425550     DEBUG main            d.u.i.k.p.i.IntermediateProofReplayer Proof replay took 2.22ms 
425551     DEBUG main            d.u.i.k.p.r.p.TestFile    ... success: reloaded. 
425551     INFO  main            d.u.i.k.p.r.p.TestFile    Now processing file /home/runner/work/key/key/key.core/../key.ui/examples/standard_key/polySimp/simplify25.key 
425551     INFO  main            d.u.i.k.p.i.AbstractProblemLoader Loading environment from /home/runner/work/key/key/key.core/../key.ui/examples/standard_key/polySimp/simplify25.key 
425551     DEBUG main            d.u.i.k.p.i.AbstractProblemLoader Environment load took 59.3ns 
425552     INFO  main            d.u.i.k.p.i.AbstractProblemLoader Creating init config 
427743     DEBUG main            d.u.i.k.p.i.AbstractProblemLoader Init config took 2.19s 
427758     INFO  main            d.u.i.k.p.i.AbstractProblemLoader Replaying proof simplify25.key 
427759     DEBUG main            d.u.i.k.p.i.IntermediateProofReplayer Proof replay took 2.2ns 
427860     INFO  main            d.u.i.k.p.r.p.TestFile    ... finished proof: closed. 
428310     INFO  main            d.u.i.k.p.i.AbstractProblemLoader Loading environment from /home/runner/work/key/key/key.core/../key.ui/examples/standard_key/polySimp/simplify25.key.proof 
428310     DEBUG main            d.u.i.k.p.i.AbstractProblemLoader Environment load took 75.7ns 
428311     INFO  main            d.u.i.k.p.i.AbstractProblemLoader Creating init config 
430485     DEBUG main            d.u.i.k.p.i.AbstractProblemLoader Init config took 2.17s 
430498     INFO  main            d.u.i.k.p.i.AbstractProblemLoader Replaying proof simplify25.key.proof 
430502     DEBUG main            d.u.i.k.p.i.IntermediateProofReplayer Proof replay took 2.27ms 
430502     DEBUG main            d.u.i.k.p.r.p.TestFile    ... success: reloaded. 
430503     INFO  main            d.u.i.k.p.r.p.TestFile    Now processing file /home/runner/work/key/key/key.core/../key.ui/examples/standard_key/polySimp/simplify3.key 
430503     INFO  main            d.u.i.k.p.i.AbstractProblemLoader Loading environment from /home/runner/work/key/key/key.core/../key.ui/examples/standard_key/polySimp/simplify3.key 
430503     DEBUG main            d.u.i.k.p.i.AbstractProblemLoader Environment load took 66.3ns 
430504     INFO  main            d.u.i.k.p.i.AbstractProblemLoader Creating init config 
432689     DEBUG main            d.u.i.k.p.i.AbstractProblemLoader Init config took 2.19s 
432702     INFO  main            d.u.i.k.p.i.AbstractProblemLoader Replaying proof simplify3.key 
432703     DEBUG main            d.u.i.k.p.i.IntermediateProofReplayer Proof replay took 2.8ns 
432804     INFO  main            d.u.i.k.p.r.p.TestFile    ... finished proof: closed. 
433271     INFO  main            d.u.i.k.p.i.AbstractProblemLoader Loading environment from /home/runner/work/key/key/key.core/../key.ui/examples/standard_key/polySimp/simplify3.key.proof 
433271     DEBUG main            d.u.i.k.p.i.AbstractProblemLoader Environment load took 71.6ns 
433272     INFO  main            d.u.i.k.p.i.AbstractProblemLoader Creating init config 
435436     DEBUG main            d.u.i.k.p.i.AbstractProblemLoader Init config took 2.16s 
435449     INFO  main            d.u.i.k.p.i.AbstractProblemLoader Replaying proof simplify3.key.proof 
435450     DEBUG main            d.u.i.k.p.i.IntermediateProofReplayer Proof replay took 741.32ns 
435451     DEBUG main            d.u.i.k.p.r.p.TestFile    ... success: reloaded. 
435451     INFO  main            d.u.i.k.p.r.p.TestFile    Now processing file /home/runner/work/key/key/key.core/../key.ui/examples/standard_key/polySimp/simplify4.key 
435452     INFO  main            d.u.i.k.p.i.AbstractProblemLoader Loading environment from /home/runner/work/key/key/key.core/../key.ui/examples/standard_key/polySimp/simplify4.key 
435452     DEBUG main            d.u.i.k.p.i.AbstractProblemLoader Environment load took 39.6ns 
435452     INFO  main            d.u.i.k.p.i.AbstractProblemLoader Creating init config 
437638     DEBUG main            d.u.i.k.p.i.AbstractProblemLoader Init config took 2.19s 
437651     INFO  main            d.u.i.k.p.i.AbstractProblemLoader Replaying proof simplify4.key 
437652     DEBUG main            d.u.i.k.p.i.IntermediateProofReplayer Proof replay took 2.4ns 
437753     INFO  main            d.u.i.k.p.r.p.TestFile    ... finished proof: closed. 
438216     INFO  main            d.u.i.k.p.i.AbstractProblemLoader Loading environment from /home/runner/work/key/key/key.core/../key.ui/examples/standard_key/polySimp/simplify4.key.proof 
438216     DEBUG main            d.u.i.k.p.i.AbstractProblemLoader Environment load took 73.4ns 
438217     INFO  main            d.u.i.k.p.i.AbstractProblemLoader Creating init config 
440386     DEBUG main            d.u.i.k.p.i.AbstractProblemLoader Init config took 2.17s 
440398     INFO  main            d.u.i.k.p.i.AbstractProblemLoader Replaying proof simplify4.key.proof 
440400     DEBUG main            d.u.i.k.p.i.IntermediateProofReplayer Proof replay took 1.01ms 
440401     DEBUG main            d.u.i.k.p.r.p.TestFile    ... success: reloaded. 
440401     INFO  main            d.u.i.k.p.r.p.TestFile    Now processing file /home/runner/work/key/key/key.core/../key.ui/examples/standard_key/polySimp/simplify5.key 
440402     INFO  main            d.u.i.k.p.i.AbstractProblemLoader Loading environment from /home/runner/work/key/key/key.core/../key.ui/examples/standard_key/polySimp/simplify5.key 
440402     DEBUG main            d.u.i.k.p.i.AbstractProblemLoader Environment load took 55.5ns 
440402     INFO  main            d.u.i.k.p.i.AbstractProblemLoader Creating init config 
442589     DEBUG main            d.u.i.k.p.i.AbstractProblemLoader Init config took 2.19s 
442601     INFO  main            d.u.i.k.p.i.AbstractProblemLoader Replaying proof simplify5.key 
442602     DEBUG main            d.u.i.k.p.i.IntermediateProofReplayer Proof replay took 2.9ns 
442704     INFO  main            d.u.i.k.p.r.p.TestFile    ... finished proof: closed. 
443185     INFO  main            d.u.i.k.p.i.AbstractProblemLoader Loading environment from /home/runner/work/key/key/key.core/../key.ui/examples/standard_key/polySimp/simplify5.key.proof 
443185     DEBUG main            d.u.i.k.p.i.AbstractProblemLoader Environment load took 68.3ns 
443186     INFO  main            d.u.i.k.p.i.AbstractProblemLoader Creating init config 
445361     DEBUG main            d.u.i.k.p.i.AbstractProblemLoader Init config took 2.18s 
445374     INFO  main            d.u.i.k.p.i.AbstractProblemLoader Replaying proof simplify5.key.proof 
445381     DEBUG main            d.u.i.k.p.i.IntermediateProofReplayer Proof replay took 5.25ms 
445382     DEBUG main            d.u.i.k.p.r.p.TestFile    ... success: reloaded. 
445382     INFO  main            d.u.i.k.p.r.p.TestFile    Now processing file /home/runner/work/key/key/key.core/../key.ui/examples/standard_key/polySimp/simplify6.key 
445382     INFO  main            d.u.i.k.p.i.AbstractProblemLoader Loading environment from /home/runner/work/key/key/key.core/../key.ui/examples/standard_key/polySimp/simplify6.key 
445382     DEBUG main            d.u.i.k.p.i.AbstractProblemLoader Environment load took 39.7ns 
445383     INFO  main            d.u.i.k.p.i.AbstractProblemLoader Creating init config 
447575     DEBUG main            d.u.i.k.p.i.AbstractProblemLoader Init config took 2.19s 
447588     INFO  main            d.u.i.k.p.i.AbstractProblemLoader Replaying proof simplify6.key 
447589     DEBUG main            d.u.i.k.p.i.IntermediateProofReplayer Proof replay took 2.7ns 
447691     INFO  main            d.u.i.k.p.r.p.TestFile    ... finished proof: closed. 
448162     INFO  main            d.u.i.k.p.i.AbstractProblemLoader Loading environment from /home/runner/work/key/key/key.core/../key.ui/examples/standard_key/polySimp/simplify6.key.proof 
448162     DEBUG main            d.u.i.k.p.i.AbstractProblemLoader Environment load took 69ns 
448163     INFO  main            d.u.i.k.p.i.AbstractProblemLoader Creating init config 
450333     DEBUG main            d.u.i.k.p.i.AbstractProblemLoader Init config took 2.17s 
450346     INFO  main            d.u.i.k.p.i.AbstractProblemLoader Replaying proof simplify6.key.proof 
450347     DEBUG main            d.u.i.k.p.i.IntermediateProofReplayer Proof replay took 304.11ns 
450348     DEBUG main            d.u.i.k.p.r.p.TestFile    ... success: reloaded. 
450348     INFO  main            d.u.i.k.p.r.p.TestFile    Now processing file /home/runner/work/key/key/key.core/../key.ui/examples/standard_key/polySimp/simplify7.key 
450349     INFO  main            d.u.i.k.p.i.AbstractProblemLoader Loading environment from /home/runner/work/key/key/key.core/../key.ui/examples/standard_key/polySimp/simplify7.key 
450349     DEBUG main            d.u.i.k.p.i.AbstractProblemLoader Environment load took 39ns 
450349     INFO  main            d.u.i.k.p.i.AbstractProblemLoader Creating init config 
452538     DEBUG main            d.u.i.k.p.i.AbstractProblemLoader Init config took 2.19s 
452551     INFO  main            d.u.i.k.p.i.AbstractProblemLoader Replaying proof simplify7.key 
452552     DEBUG main            d.u.i.k.p.i.IntermediateProofReplayer Proof replay took 2.8ns 
452653     INFO  main            d.u.i.k.p.r.p.TestFile    ... finished proof: closed. 
453128     INFO  main            d.u.i.k.p.i.AbstractProblemLoader Loading environment from /home/runner/work/key/key/key.core/../key.ui/examples/standard_key/polySimp/simplify7.key.proof 
453128     DEBUG main            d.u.i.k.p.i.AbstractProblemLoader Environment load took 74.8ns 
453130     INFO  main            d.u.i.k.p.i.AbstractProblemLoader Creating init config 
455283     DEBUG main            d.u.i.k.p.i.AbstractProblemLoader Init config took 2.15s 
455296     INFO  main            d.u.i.k.p.i.AbstractProblemLoader Replaying proof simplify7.key.proof 
455298     DEBUG main            d.u.i.k.p.i.IntermediateProofReplayer Proof replay took 503.31ns 
455298     DEBUG main            d.u.i.k.p.r.p.TestFile    ... success: reloaded. 
455299     INFO  main            d.u.i.k.p.r.p.TestFile    Now processing file /home/runner/work/key/key/key.core/../key.ui/examples/standard_key/polySimp/simplify8.key 
455299     INFO  main            d.u.i.k.p.i.AbstractProblemLoader Loading environment from /home/runner/work/key/key/key.core/../key.ui/examples/standard_key/polySimp/simplify8.key 
455299     DEBUG main            d.u.i.k.p.i.AbstractProblemLoader Environment load took 52.4ns 
455302     INFO  main            d.u.i.k.p.i.AbstractProblemLoader Creating init config 
457481     DEBUG main            d.u.i.k.p.i.AbstractProblemLoader Init config took 2.18s 
457495     INFO  main            d.u.i.k.p.i.AbstractProblemLoader Replaying proof simplify8.key 
457496     DEBUG main            d.u.i.k.p.i.IntermediateProofReplayer Proof replay took 2.3ns 
460907     INFO  main            d.u.i.k.p.r.p.TestFile    ... finished proof: closed. 
461433     INFO  main            d.u.i.k.p.i.AbstractProblemLoader Loading environment from /home/runner/work/key/key/key.core/../key.ui/examples/standard_key/polySimp/simplify8.key.proof 
461434     DEBUG main            d.u.i.k.p.i.AbstractProblemLoader Environment load took 75ns 
461436     INFO  main            d.u.i.k.p.i.AbstractProblemLoader Creating init config 
463603     DEBUG main            d.u.i.k.p.i.AbstractProblemLoader Init config took 2.17s 
463619     INFO  main            d.u.i.k.p.i.AbstractProblemLoader Replaying proof simplify8.key.proof 
463788     DEBUG main            d.u.i.k.p.i.IntermediateProofReplayer Proof replay took 164.24ms 
463791     DEBUG main            d.u.i.k.p.r.p.TestFile    ... success: reloaded. 
463791     INFO  main            d.u.i.k.p.r.p.TestFile    Now processing file /home/runner/work/key/key/key.core/../key.ui/examples/standard_key/polySimp/simplify9.key 
463791     INFO  main            d.u.i.k.p.i.AbstractProblemLoader Loading environment from /home/runner/work/key/key/key.core/../key.ui/examples/standard_key/polySimp/simplify9.key 
463791     DEBUG main            d.u.i.k.p.i.AbstractProblemLoader Environment load took 40.9ns 
463792     INFO  main            d.u.i.k.p.i.AbstractProblemLoader Creating init config 
466044     DEBUG main            d.u.i.k.p.i.AbstractProblemLoader Init config took 2.25s 
466059     INFO  main            d.u.i.k.p.i.AbstractProblemLoader Replaying proof simplify9.key 
466060     DEBUG main            d.u.i.k.p.i.IntermediateProofReplayer Proof replay took 2.3ns 
466262     INFO  main            d.u.i.k.p.r.p.TestFile    ... finished proof: closed. 
466779     INFO  main            d.u.i.k.p.i.AbstractProblemLoader Loading environment from /home/runner/work/key/key/key.core/../key.ui/examples/standard_key/polySimp/simplify9.key.proof 
466780     DEBUG main            d.u.i.k.p.i.AbstractProblemLoader Environment load took 72.7ns 
466781     INFO  main            d.u.i.k.p.i.AbstractProblemLoader Creating init config 
468949     DEBUG main            d.u.i.k.p.i.AbstractProblemLoader Init config took 2.17s 
468962     INFO  main            d.u.i.k.p.i.AbstractProblemLoader Replaying proof simplify9.key.proof 
468972     DEBUG main            d.u.i.k.p.i.IntermediateProofReplayer Proof replay took 8.76ms 
468974     DEBUG main            d.u.i.k.p.r.p.TestFile    ... success: reloaded. 
2733596    INFO  Test worker     d.u.i.k.p.r.p.StatisticsFile Returning from test arithmetic 
2733604    INFO  Test worker     d.u.i.k.p.r.p.StatisticsFile Running test arrays 
327        INFO  Timeout watchdog d.u.i.k.p.r.p.ForkedTestFileRunner Timeout watcher launched (2000 secs.) 
340        WARN  main            d.u.i.k.s.ProofSettings   The settings in /home/runner/.key/proof-settings.props are *not* read. 
366        INFO  main            d.u.i.k.p.r.p.TestFile    Now processing file /home/runner/work/key/key/key.core/../key.ui/examples/standard_key/arrays/arrayStoreException/array2DimPrim.key 
476        INFO  main            d.u.i.k.p.i.AbstractProblemLoader Loading environment from /home/runner/work/key/key/key.core/../key.ui/examples/standard_key/arrays/arrayStoreException/array2DimPrim.key 
492        DEBUG main            d.u.i.k.p.i.AbstractProblemLoader Environment load took 2.2ms 
752        INFO  main            d.u.i.k.p.i.AbstractProblemLoader Creating init config 
1580       DEBUG main            d.u.i.k.j.TypeConverter   No LDT found for Meta 
1581       DEBUG main            d.u.i.k.j.TypeConverter   No LDT found for Meta 
1582       DEBUG main            d.u.i.k.j.TypeConverter   No LDT found for Meta 
1583       DEBUG main            d.u.i.k.j.TypeConverter   No LDT found for Meta 
3051       DEBUG main            d.u.i.k.j.TypeConverter   No LDT found for JavaBigintExpression 
7786       DEBUG main            d.u.i.k.p.i.AbstractProblemLoader Init config took 7.03s 
7878       INFO  main            d.u.i.k.p.i.AbstractProblemLoader Replaying proof array2DimPrim.key 
7909       DEBUG main            d.u.i.k.p.i.IntermediateProofReplayer Proof replay took 31.1ns 
11764      INFO  main            d.u.i.k.p.r.p.TestFile    ... finished proof: closed. 
11952      INFO  main            d.u.i.k.p.i.AbstractProblemLoader Loading environment from /home/runner/work/key/key/key.core/../key.ui/examples/standard_key/arrays/arrayStoreException/array2DimPrim.key.proof 
11957      DEBUG main            d.u.i.k.p.i.AbstractProblemLoader Environment load took 4.94ms 
11961      INFO  main            d.u.i.k.p.i.AbstractProblemLoader Creating init config 
14620      DEBUG main            d.u.i.k.p.i.AbstractProblemLoader Init config took 2.66s 
14672      INFO  main            d.u.i.k.p.i.AbstractProblemLoader Replaying proof array2DimPrim.key.proof 
15243      DEBUG main            d.u.i.k.p.i.IntermediateProofReplayer Proof replay took 541.18ms 
15255      DEBUG main            d.u.i.k.p.r.p.TestFile    ... success: reloaded. 
15257      INFO  main            d.u.i.k.p.r.p.TestFile    Now processing file /home/runner/work/key/key/key.core/../key.ui/examples/standard_key/arrays/arrayStoreException/arrayStoreKnownDynType.key 
15258      INFO  main            d.u.i.k.p.i.AbstractProblemLoader Loading environment from /home/runner/work/key/key/key.core/../key.ui/examples/standard_key/arrays/arrayStoreException/arrayStoreKnownDynType.key 
15258      DEBUG main            d.u.i.k.p.i.AbstractProblemLoader Environment load took 211.11ns 
15259      INFO  main            d.u.i.k.p.i.AbstractProblemLoader Creating init config 
17758      DEBUG main            d.u.i.k.p.i.AbstractProblemLoader Init config took 2.5s 
17787      INFO  main            d.u.i.k.p.i.AbstractProblemLoader Replaying proof arrayStoreKnownDynType.key 
17789      DEBUG main            d.u.i.k.p.i.IntermediateProofReplayer Proof replay took 13.6ns 
17992      INFO  main            d.u.i.k.p.r.p.TestFile    ... finished proof: closed. 
18209      INFO  main            d.u.i.k.p.i.AbstractProblemLoader Loading environment from /home/runner/work/key/key/key.core/../key.ui/examples/standard_key/arrays/arrayStoreException/arrayStoreKnownDynType.key.proof 
18209      DEBUG main            d.u.i.k.p.i.AbstractProblemLoader Environment load took 474.01ns 
18211      INFO  main            d.u.i.k.p.i.AbstractProblemLoader Creating init config 
20584      DEBUG main            d.u.i.k.p.i.AbstractProblemLoader Init config took 2.37s 
20607      INFO  main            d.u.i.k.p.i.AbstractProblemLoader Replaying proof arrayStoreKnownDynType.key.proof 
20644      DEBUG main            d.u.i.k.p.i.IntermediateProofReplayer Proof replay took 34.18ms 
20646      DEBUG main            d.u.i.k.p.r.p.TestFile    ... success: reloaded. 
20647      INFO  main            d.u.i.k.p.r.p.TestFile    Now processing file /home/runner/work/key/key/key.core/../key.ui/examples/standard_key/arrays/arrayStoreException/reverseArray.key 
20647      INFO  main            d.u.i.k.p.i.AbstractProblemLoader Loading environment from /home/runner/work/key/key/key.core/../key.ui/examples/standard_key/arrays/arrayStoreException/reverseArray.key 
20647      DEBUG main            d.u.i.k.p.i.AbstractProblemLoader Environment load took 204.31ns 
20649      INFO  main            d.u.i.k.p.i.AbstractProblemLoader Creating init config 
23078      DEBUG main            d.u.i.k.p.i.AbstractProblemLoader Init config took 2.43s 
23107      INFO  main            d.u.i.k.p.i.AbstractProblemLoader Replaying proof reverseArray.key 
23111      DEBUG main            d.u.i.k.p.i.IntermediateProofReplayer Proof replay took 5.7ns 
23716      INFO  main            d.u.i.k.p.r.p.TestFile    ... finished proof: closed. 
23893      INFO  main            d.u.i.k.p.i.AbstractProblemLoader Loading environment from /home/runner/work/key/key/key.core/../key.ui/examples/standard_key/arrays/arrayStoreException/reverseArray.key.proof 
23893      DEBUG main            d.u.i.k.p.i.AbstractProblemLoader Environment load took 126.6ns 
23898      INFO  main            d.u.i.k.p.i.AbstractProblemLoader Creating init config 
26230      DEBUG main            d.u.i.k.p.i.AbstractProblemLoader Init config took 2.33s 
26251      INFO  main            d.u.i.k.p.i.AbstractProblemLoader Replaying proof reverseArray.key.proof 
26381      DEBUG main            d.u.i.k.p.i.IntermediateProofReplayer Proof replay took 122.49ms 
26382      DEBUG main            d.u.i.k.p.r.p.TestFile    ... success: reloaded. 
26383      INFO  main            d.u.i.k.p.r.p.TestFile    Now processing file /home/runner/work/key/key/key.core/../key.ui/examples/standard_key/arrays/arrayStoreException/throwArrayStoreException.key 
26384      INFO  main            d.u.i.k.p.i.AbstractProblemLoader Loading environment from /home/runner/work/key/key/key.core/../key.ui/examples/standard_key/arrays/arrayStoreException/throwArrayStoreException.key 
26384      DEBUG main            d.u.i.k.p.i.AbstractProblemLoader Environment load took 186.71ns 
26385      INFO  main            d.u.i.k.p.i.AbstractProblemLoader Creating init config 
28780      DEBUG main            d.u.i.k.p.i.AbstractProblemLoader Init config took 2.39s 
28800      INFO  main            d.u.i.k.p.i.AbstractProblemLoader Replaying proof throwArrayStoreException.key 
28802      DEBUG main            d.u.i.k.p.i.IntermediateProofReplayer Proof replay took 5.8ns 
29205      INFO  main            d.u.i.k.p.r.p.TestFile    ... finished proof: closed. 
29375      INFO  main            d.u.i.k.p.i.AbstractProblemLoader Loading environment from /home/runner/work/key/key/key.core/../key.ui/examples/standard_key/arrays/arrayStoreException/throwArrayStoreException.key.proof 
29376      DEBUG main            d.u.i.k.p.i.AbstractProblemLoader Environment load took 402.31ns 
29377      INFO  main            d.u.i.k.p.i.AbstractProblemLoader Creating init config 
31695      DEBUG main            d.u.i.k.p.i.AbstractProblemLoader Init config took 2.32s 
31715      INFO  main            d.u.i.k.p.i.AbstractProblemLoader Replaying proof throwArrayStoreException.key.proof 
31801      DEBUG main            d.u.i.k.p.i.IntermediateProofReplayer Proof replay took 81.27ms 
31803      DEBUG main            d.u.i.k.p.r.p.TestFile    ... success: reloaded. 
31805      INFO  main            d.u.i.k.p.r.p.TestFile    Now processing file /home/runner/work/key/key/key.core/../key.ui/examples/standard_key/arrays/creation/arrayCreation1.key 
31805      INFO  main            d.u.i.k.p.i.AbstractProblemLoader Loading environment from /home/runner/work/key/key/key.core/../key.ui/examples/standard_key/arrays/creation/arrayCreation1.key 
31807      DEBUG main            d.u.i.k.p.i.AbstractProblemLoader Environment load took 1.98ms 
31808      INFO  main            d.u.i.k.p.i.AbstractProblemLoader Creating init config 
34169      DEBUG main            d.u.i.k.p.i.AbstractProblemLoader Init config took 2.36s 
34188      INFO  main            d.u.i.k.p.i.AbstractProblemLoader Replaying proof arrayCreation1.key 
34190      DEBUG main            d.u.i.k.p.i.IntermediateProofReplayer Proof replay took 5.9ns 
34395      INFO  main            d.u.i.k.p.r.p.TestFile    ... finished proof: closed. 
34561      INFO  main            d.u.i.k.p.i.AbstractProblemLoader Loading environment from /home/runner/work/key/key/key.core/../key.ui/examples/standard_key/arrays/creation/arrayCreation1.key.proof 
34561      DEBUG main            d.u.i.k.p.i.AbstractProblemLoader Environment load took 125.7ns 
34562      INFO  main            d.u.i.k.p.i.AbstractProblemLoader Creating init config 
36836      DEBUG main            d.u.i.k.p.i.AbstractProblemLoader Init config took 2.27s 
36856      INFO  main            d.u.i.k.p.i.AbstractProblemLoader Replaying proof arrayCreation1.key.proof 
36880      DEBUG main            d.u.i.k.p.i.IntermediateProofReplayer Proof replay took 21.29ms 
36881      DEBUG main            d.u.i.k.p.r.p.TestFile    ... success: reloaded. 
36882      INFO  main            d.u.i.k.p.r.p.TestFile    Now processing file /home/runner/work/key/key/key.core/../key.ui/examples/standard_key/arrays/arrayStoreException/array2Dim.key 
36883      INFO  main            d.u.i.k.p.i.AbstractProblemLoader Loading environment from /home/runner/work/key/key/key.core/../key.ui/examples/standard_key/arrays/arrayStoreException/array2Dim.key 
36883      DEBUG main            d.u.i.k.p.i.AbstractProblemLoader Environment load took 201.41ns 
36884      INFO  main            d.u.i.k.p.i.AbstractProblemLoader Creating init config 
39254      DEBUG main            d.u.i.k.p.i.AbstractProblemLoader Init config took 2.37s 
39273      INFO  main            d.u.i.k.p.i.AbstractProblemLoader Replaying proof array2Dim.key 
39287      DEBUG main            d.u.i.k.p.i.IntermediateProofReplayer Proof replay took 6.6ns 
42435      INFO  main            d.u.i.k.p.r.p.TestFile    ... finished proof: open goal(s) 
42677      INFO  main            d.u.i.k.p.r.p.TestFile    Now processing file /home/runner/work/key/key/key.core/../key.ui/examples/standard_key/arrays/arrayStoreException/array2DimClose.key 
42677      INFO  main            d.u.i.k.p.i.AbstractProblemLoader Loading environment from /home/runner/work/key/key/key.core/../key.ui/examples/standard_key/arrays/arrayStoreException/array2DimClose.key 
42677      DEBUG main            d.u.i.k.p.i.AbstractProblemLoader Environment load took 67.5ns 
42679      INFO  main            d.u.i.k.p.i.AbstractProblemLoader Creating init config 
44936      DEBUG main            d.u.i.k.p.i.AbstractProblemLoader Init config took 2.26s 
44966      INFO  main            d.u.i.k.p.i.AbstractProblemLoader Replaying proof array2DimClose.key 
44968      DEBUG main            d.u.i.k.p.i.IntermediateProofReplayer Proof replay took 5.5ns 
47100      INFO  main            d.u.i.k.p.r.p.TestFile    ... finished proof: open goal(s) 
47411      INFO  main            d.u.i.k.p.r.p.TestFile    Now processing file /home/runner/work/key/key/key.core/../key.ui/examples/standard_key/arrays/arrayStoreException/throwASEForPrim.key 
47411      INFO  main            d.u.i.k.p.i.AbstractProblemLoader Loading environment from /home/runner/work/key/key/key.core/../key.ui/examples/standard_key/arrays/arrayStoreException/throwASEForPrim.key 
47411      DEBUG main            d.u.i.k.p.i.AbstractProblemLoader Environment load took 61.9ns 
47416      INFO  main            d.u.i.k.p.i.AbstractProblemLoader Creating init config 
49649      DEBUG main            d.u.i.k.p.i.AbstractProblemLoader Init config took 2.23s 
49666      INFO  main            d.u.i.k.p.i.AbstractProblemLoader Replaying proof throwASEForPrim.key 
49667      DEBUG main            d.u.i.k.p.i.IntermediateProofReplayer Proof replay took 5.2ns 
53676      INFO  main            d.u.i.k.p.r.p.TestFile    ... finished proof: open goal(s) 
2787725    INFO  Test worker     d.u.i.k.p.r.p.StatisticsFile Returning from test arrays 
2787729    INFO  Test worker     d.u.i.k.p.r.p.StatisticsFile Running test javadl 
352        INFO  Timeout watchdog d.u.i.k.p.r.p.ForkedTestFileRunner Timeout watcher launched (2000 secs.) 
369        WARN  main            d.u.i.k.s.ProofSettings   The settings in /home/runner/.key/proof-settings.props are *not* read. 
418        INFO  main            d.u.i.k.p.r.p.TestFile    Now processing file /home/runner/work/key/key/key.core/../key.ui/examples/standard_key/instanceCreation/instanceCreation1.key 
553        INFO  main            d.u.i.k.p.i.AbstractProblemLoader Loading environment from /home/runner/work/key/key/key.core/../key.ui/examples/standard_key/instanceCreation/instanceCreation1.key 
572        DEBUG main            d.u.i.k.p.i.AbstractProblemLoader Environment load took 1.73ms 
807        INFO  main            d.u.i.k.p.i.AbstractProblemLoader Creating init config 
1823       DEBUG main            d.u.i.k.j.TypeConverter   No LDT found for Meta 
1824       DEBUG main            d.u.i.k.j.TypeConverter   No LDT found for Meta 
1826       DEBUG main            d.u.i.k.j.TypeConverter   No LDT found for Meta 
1827       DEBUG main            d.u.i.k.j.TypeConverter   No LDT found for Meta 
2989       DEBUG main            d.u.i.k.j.TypeConverter   No LDT found for JavaBigintExpression 
7587       DEBUG main            d.u.i.k.p.i.AbstractProblemLoader Init config took 6.78s 
7651       INFO  main            d.u.i.k.p.i.AbstractProblemLoader Replaying proof instanceCreation1.key 
7682       DEBUG main            d.u.i.k.p.i.IntermediateProofReplayer Proof replay took 33.6ns 
8713       INFO  main            d.u.i.k.p.r.p.TestFile    ... finished proof: closed. 
8822       INFO  main            d.u.i.k.p.i.AbstractProblemLoader Loading environment from /home/runner/work/key/key/key.core/../key.ui/examples/standard_key/instanceCreation/instanceCreation1.key.proof 
8823       DEBUG main            d.u.i.k.p.i.AbstractProblemLoader Environment load took 407.71ns 
8829       INFO  main            d.u.i.k.p.i.AbstractProblemLoader Creating init config 
11502      DEBUG main            d.u.i.k.p.i.AbstractProblemLoader Init config took 2.67s 
11559      INFO  main            d.u.i.k.p.i.AbstractProblemLoader Replaying proof instanceCreation1.key.proof 
11682      DEBUG main            d.u.i.k.p.i.IntermediateProofReplayer Proof replay took 115.48ms 
11693      DEBUG main            d.u.i.k.p.r.p.TestFile    ... success: reloaded. 
11698      INFO  main            d.u.i.k.p.r.p.TestFile    Now processing file /home/runner/work/key/key/key.core/../key.ui/examples/standard_key/instanceCreation/instanceCreation2.key 
11706      INFO  main            d.u.i.k.p.i.AbstractProblemLoader Loading environment from /home/runner/work/key/key/key.core/../key.ui/examples/standard_key/instanceCreation/instanceCreation2.key 
11706      DEBUG main            d.u.i.k.p.i.AbstractProblemLoader Environment load took 351.61ns 
11716      INFO  main            d.u.i.k.p.i.AbstractProblemLoader Creating init config 
14282      DEBUG main            d.u.i.k.p.i.AbstractProblemLoader Init config took 2.57s 
14325      INFO  main            d.u.i.k.p.i.AbstractProblemLoader Replaying proof instanceCreation2.key 
14328      DEBUG main            d.u.i.k.p.i.IntermediateProofReplayer Proof replay took 6.5ns 
14936      INFO  main            d.u.i.k.p.r.p.TestFile    ... finished proof: closed. 
15095      INFO  main            d.u.i.k.p.i.AbstractProblemLoader Loading environment from /home/runner/work/key/key/key.core/../key.ui/examples/standard_key/instanceCreation/instanceCreation2.key.proof 
15096      DEBUG main            d.u.i.k.p.i.AbstractProblemLoader Environment load took 176.81ns 
15100      INFO  main            d.u.i.k.p.i.AbstractProblemLoader Creating init config 
17562      DEBUG main            d.u.i.k.p.i.AbstractProblemLoader Init config took 2.46s 
17608      INFO  main            d.u.i.k.p.i.AbstractProblemLoader Replaying proof instanceCreation2.key.proof 
17739      DEBUG main            d.u.i.k.p.i.IntermediateProofReplayer Proof replay took 119.41ms 
17741      DEBUG main            d.u.i.k.p.r.p.TestFile    ... success: reloaded. 
17747      INFO  main            d.u.i.k.p.r.p.TestFile    Now processing file /home/runner/work/key/key/key.core/../key.ui/examples/standard_key/instanceCreation/interfacesAndAbstractClassesHaveNoInstances.key 
17747      INFO  main            d.u.i.k.p.i.AbstractProblemLoader Loading environment from /home/runner/work/key/key/key.core/../key.ui/examples/standard_key/instanceCreation/interfacesAndAbstractClassesHaveNoInstances.key 
17748      DEBUG main            d.u.i.k.p.i.AbstractProblemLoader Environment load took 107ns 
17750      INFO  main            d.u.i.k.p.i.AbstractProblemLoader Creating init config 
20257      DEBUG main            d.u.i.k.p.i.AbstractProblemLoader Init config took 2.51s 
20277      INFO  main            d.u.i.k.p.i.AbstractProblemLoader Replaying proof interfacesAndAbstractClassesHaveNoInstances.key 
20279      DEBUG main            d.u.i.k.p.i.IntermediateProofReplayer Proof replay took 5.4ns 
20381      INFO  main            d.u.i.k.p.r.p.TestFile    ... finished proof: closed. 
20516      INFO  main            d.u.i.k.p.i.AbstractProblemLoader Loading environment from /home/runner/work/key/key/key.core/../key.ui/examples/standard_key/instanceCreation/interfacesAndAbstractClassesHaveNoInstances.key.proof 
20517      DEBUG main            d.u.i.k.p.i.AbstractProblemLoader Environment load took 112.1ns 
20518      INFO  main            d.u.i.k.p.i.AbstractProblemLoader Creating init config 
22930      DEBUG main            d.u.i.k.p.i.AbstractProblemLoader Init config took 2.41s 
22950      INFO  main            d.u.i.k.p.i.AbstractProblemLoader Replaying proof interfacesAndAbstractClassesHaveNoInstances.key.proof 
22953      DEBUG main            d.u.i.k.p.i.IntermediateProofReplayer Proof replay took 1.29ms 
22954      DEBUG main            d.u.i.k.p.r.p.TestFile    ... success: reloaded. 
22956      INFO  main            d.u.i.k.p.r.p.TestFile    Now processing file /home/runner/work/key/key/key.core/../key.ui/examples/standard_key/instanceCreation/successiveCreatedObjectsAreDistinct.key 
22956      INFO  main            d.u.i.k.p.i.AbstractProblemLoader Loading environment from /home/runner/work/key/key/key.core/../key.ui/examples/standard_key/instanceCreation/successiveCreatedObjectsAreDistinct.key 
22956      DEBUG main            d.u.i.k.p.i.AbstractProblemLoader Environment load took 191.01ns 
22957      INFO  main            d.u.i.k.p.i.AbstractProblemLoader Creating init config 
25408      DEBUG main            d.u.i.k.p.i.AbstractProblemLoader Init config took 2.45s 
25431      INFO  main            d.u.i.k.p.i.AbstractProblemLoader Replaying proof successiveCreatedObjectsAreDistinct.key 
25435      DEBUG main            d.u.i.k.p.i.IntermediateProofReplayer Proof replay took 5.6ns 
25738      INFO  main            d.u.i.k.p.r.p.TestFile    ... finished proof: closed. 
25897      INFO  main            d.u.i.k.p.i.AbstractProblemLoader Loading environment from /home/runner/work/key/key/key.core/../key.ui/examples/standard_key/instanceCreation/successiveCreatedObjectsAreDistinct.key.proof 
25897      DEBUG main            d.u.i.k.p.i.AbstractProblemLoader Environment load took 362.01ns 
25898      INFO  main            d.u.i.k.p.i.AbstractProblemLoader Creating init config 
28277      DEBUG main            d.u.i.k.p.i.AbstractProblemLoader Init config took 2.38s 
28296      INFO  main            d.u.i.k.p.i.AbstractProblemLoader Replaying proof successiveCreatedObjectsAreDistinct.key.proof 
28353      DEBUG main            d.u.i.k.p.i.IntermediateProofReplayer Proof replay took 53.8ms 
28354      DEBUG main            d.u.i.k.p.r.p.TestFile    ... success: reloaded. 
28355      INFO  main            d.u.i.k.p.r.p.TestFile    Now processing file /home/runner/work/key/key/key.core/../key.ui/examples/standard_key/instanceCreation/testOverloadingConstructors.key 
28356      INFO  main            d.u.i.k.p.i.AbstractProblemLoader Loading environment from /home/runner/work/key/key/key.core/../key.ui/examples/standard_key/instanceCreation/testOverloadingConstructors.key 
28356      DEBUG main            d.u.i.k.p.i.AbstractProblemLoader Environment load took 83.3ns 
28357      INFO  main            d.u.i.k.p.i.AbstractProblemLoader Creating init config 
30776      DEBUG main            d.u.i.k.p.i.AbstractProblemLoader Init config took 2.42s 
30796      INFO  main            d.u.i.k.p.i.AbstractProblemLoader Replaying proof testOverloadingConstructors.key 
30797      DEBUG main            d.u.i.k.p.i.IntermediateProofReplayer Proof replay took 5.9ns 
31000      INFO  main            d.u.i.k.p.r.p.TestFile    ... finished proof: closed. 
31149      INFO  main            d.u.i.k.p.i.AbstractProblemLoader Loading environment from /home/runner/work/key/key/key.core/../key.ui/examples/standard_key/instanceCreation/testOverloadingConstructors.key.proof 
31149      DEBUG main            d.u.i.k.p.i.AbstractProblemLoader Environment load took 123.2ns 
31150      INFO  main            d.u.i.k.p.i.AbstractProblemLoader Creating init config 
33487      DEBUG main            d.u.i.k.p.i.AbstractProblemLoader Init config took 2.34s 
33507      INFO  main            d.u.i.k.p.i.AbstractProblemLoader Replaying proof testOverloadingConstructors.key.proof 
33557      DEBUG main            d.u.i.k.p.i.IntermediateProofReplayer Proof replay took 47.43ms 
33558      DEBUG main            d.u.i.k.p.r.p.TestFile    ... success: reloaded. 
33560      INFO  main            d.u.i.k.p.r.p.TestFile    Now processing file /home/runner/work/key/key/key.core/../key.ui/examples/standard_key/java_dl/SimpleAttributes.key 
33560      INFO  main            d.u.i.k.p.i.AbstractProblemLoader Loading environment from /home/runner/work/key/key/key.core/../key.ui/examples/standard_key/java_dl/SimpleAttributes.key 
33560      DEBUG main            d.u.i.k.p.i.AbstractProblemLoader Environment load took 189.6ns 
33561      INFO  main            d.u.i.k.p.i.AbstractProblemLoader Creating init config 
35933      DEBUG main            d.u.i.k.p.i.AbstractProblemLoader Init config took 2.37s 
35952      INFO  main            d.u.i.k.p.i.AbstractProblemLoader Replaying proof SimpleAttributes.key 
35953      DEBUG main            d.u.i.k.p.i.IntermediateProofReplayer Proof replay took 6.1ns 
36057      INFO  main            d.u.i.k.p.r.p.TestFile    ... finished proof: closed. 
36209      INFO  main            d.u.i.k.p.i.AbstractProblemLoader Loading environment from /home/runner/work/key/key/key.core/../key.ui/examples/standard_key/java_dl/SimpleAttributes.key.proof 
36209      DEBUG main            d.u.i.k.p.i.AbstractProblemLoader Environment load took 145.81ns 
36210      INFO  main            d.u.i.k.p.i.AbstractProblemLoader Creating init config 
38515      DEBUG main            d.u.i.k.p.i.AbstractProblemLoader Init config took 2.31s 
38537      INFO  main            d.u.i.k.p.i.AbstractProblemLoader Replaying proof SimpleAttributes.key.proof 
38576      DEBUG main            d.u.i.k.p.i.IntermediateProofReplayer Proof replay took 27.31ms 
38577      DEBUG main            d.u.i.k.p.r.p.TestFile    ... success: reloaded. 
38578      INFO  main            d.u.i.k.p.r.p.TestFile    Now processing file /home/runner/work/key/key/key.core/../key.ui/examples/standard_key/java_dl/arrayMax.key 
38578      INFO  main            d.u.i.k.p.i.AbstractProblemLoader Loading environment from /home/runner/work/key/key/key.core/../key.ui/examples/standard_key/java_dl/arrayMax.key 
38579      DEBUG main            d.u.i.k.p.i.AbstractProblemLoader Environment load took 83.1ns 
38582      INFO  main            d.u.i.k.p.i.AbstractProblemLoader Creating init config 
41009      DEBUG main            d.u.i.k.p.i.AbstractProblemLoader Init config took 2.43s 
41031      INFO  main            d.u.i.k.p.i.AbstractProblemLoader Replaying proof arrayMax.key 
41033      DEBUG main            d.u.i.k.p.i.IntermediateProofReplayer Proof replay took 5.4ns 
42140      INFO  main            d.u.i.k.p.r.p.TestFile    ... finished proof: closed. 
42357      INFO  main            d.u.i.k.p.i.AbstractProblemLoader Loading environment from /home/runner/work/key/key/key.core/../key.ui/examples/standard_key/java_dl/arrayMax.key.proof 
42358      DEBUG main            d.u.i.k.p.i.AbstractProblemLoader Environment load took 371.21ns 
42359      INFO  main            d.u.i.k.p.i.AbstractProblemLoader Creating init config 
44703      DEBUG main            d.u.i.k.p.i.AbstractProblemLoader Init config took 2.34s 
44721      INFO  main            d.u.i.k.p.i.AbstractProblemLoader Replaying proof arrayMax.key.proof 
44950      DEBUG main            d.u.i.k.p.i.IntermediateProofReplayer Proof replay took 221.99ms 
44951      DEBUG main            d.u.i.k.p.r.p.TestFile    ... success: reloaded. 
44952      INFO  main            d.u.i.k.p.r.p.TestFile    Now processing file /home/runner/work/key/key/key.core/../key.ui/examples/standard_key/java_dl/arrayUpdateSimp.key 
44953      INFO  main            d.u.i.k.p.i.AbstractProblemLoader Loading environment from /home/runner/work/key/key/key.core/../key.ui/examples/standard_key/java_dl/arrayUpdateSimp.key 
44953      DEBUG main            d.u.i.k.p.i.AbstractProblemLoader Environment load took 170.91ns 
44955      INFO  main            d.u.i.k.p.i.AbstractProblemLoader Creating init config 
44978      WARN  main            d.u.i.k.j.r.KeYCrossReferenceNameInfo Datatype java.io.InputStream declared twice: Once in FILE:/home/runner/work/key/key/key.core/../key.ui/examples/standard_key/java_dl/./classpath/InputStream.java and once in URL:file:/home/runner/work/key/key/key.core/build/resources/main/de/uka/ilkd/key/java/JavaRedux/java/io/InputStream.java, Keeping one from URL:file:/home/runner/work/key/key/key.core/build/resources/main/de/uka/ilkd/key/java/JavaRedux/java/io/InputStream.java 
44978      WARN  main            d.u.i.k.j.r.KeYCrossReferenceNameInfo Datatype java.lang.System declared twice: Once in FILE:/home/runner/work/key/key/key.core/../key.ui/examples/standard_key/java_dl/./classpath/System.java and once in URL:file:/home/runner/work/key/key/key.core/build/resources/main/de/uka/ilkd/key/java/JavaRedux/java/lang/System.java, Keeping one from URL:file:/home/runner/work/key/key/key.core/build/resources/main/de/uka/ilkd/key/java/JavaRedux/java/lang/System.java 
44978      WARN  main            d.u.i.k.j.r.KeYCrossReferenceNameInfo Datatype java.io.PrintStream declared twice: Once in FILE:/home/runner/work/key/key/key.core/../key.ui/examples/standard_key/java_dl/./classpath/PrintStream.java and once in URL:file:/home/runner/work/key/key/key.core/build/resources/main/de/uka/ilkd/key/java/JavaRedux/java/io/PrintStream.java, Keeping one from URL:file:/home/runner/work/key/key/key.core/build/resources/main/de/uka/ilkd/key/java/JavaRedux/java/io/PrintStream.java 
44983      DEBUG main            d.u.i.k.j.r.ClassFileDeclarationBuilder Parsing: package java.io; public class Closeable { } 
44984      DEBUG main            r.s.KeYCrossReferenceSourceInfo Dynamically created class: java.io.Closeable 
47361      DEBUG main            d.u.i.k.p.i.AbstractProblemLoader Init config took 2.41s 
47377      INFO  main            d.u.i.k.p.i.AbstractProblemLoader Replaying proof arrayUpdateSimp.key 
47378      DEBUG main            d.u.i.k.p.i.IntermediateProofReplayer Proof replay took 6.1ns 
47484      INFO  main            d.u.i.k.p.r.p.TestFile    ... finished proof: closed. 
47670      INFO  main            d.u.i.k.p.i.AbstractProblemLoader Loading environment from /home/runner/work/key/key/key.core/../key.ui/examples/standard_key/java_dl/arrayUpdateSimp.key.proof 
47670      DEBUG main            d.u.i.k.p.i.AbstractProblemLoader Environment load took 106.7ns 
47674      INFO  main            d.u.i.k.p.i.AbstractProblemLoader Creating init config 
47712      WARN  main            d.u.i.k.j.r.KeYCrossReferenceNameInfo Datatype java.io.InputStream declared twice: Once in FILE:/home/runner/work/key/key/key.core/../key.ui/examples/standard_key/java_dl/classpath/InputStream.java and once in URL:file:/home/runner/work/key/key/key.core/build/resources/main/de/uka/ilkd/key/java/JavaRedux/java/io/InputStream.java, Keeping one from URL:file:/home/runner/work/key/key/key.core/build/resources/main/de/uka/ilkd/key/java/JavaRedux/java/io/InputStream.java 
47714      WARN  main            d.u.i.k.j.r.KeYCrossReferenceNameInfo Datatype java.lang.System declared twice: Once in FILE:/home/runner/work/key/key/key.core/../key.ui/examples/standard_key/java_dl/classpath/System.java and once in URL:file:/home/runner/work/key/key/key.core/build/resources/main/de/uka/ilkd/key/java/JavaRedux/java/lang/System.java, Keeping one from URL:file:/home/runner/work/key/key/key.core/build/resources/main/de/uka/ilkd/key/java/JavaRedux/java/lang/System.java 
47714      WARN  main            d.u.i.k.j.r.KeYCrossReferenceNameInfo Datatype java.io.PrintStream declared twice: Once in FILE:/home/runner/work/key/key/key.core/../key.ui/examples/standard_key/java_dl/classpath/PrintStream.java and once in URL:file:/home/runner/work/key/key/key.core/build/resources/main/de/uka/ilkd/key/java/JavaRedux/java/io/PrintStream.java, Keeping one from URL:file:/home/runner/work/key/key/key.core/build/resources/main/de/uka/ilkd/key/java/JavaRedux/java/io/PrintStream.java 
47717      DEBUG main            d.u.i.k.j.r.ClassFileDeclarationBuilder Parsing: package java.io; public class Closeable { } 
47717      DEBUG main            r.s.KeYCrossReferenceSourceInfo Dynamically created class: java.io.Closeable 
49998      DEBUG main            d.u.i.k.p.i.AbstractProblemLoader Init config took 2.32s 
50018      INFO  main            d.u.i.k.p.i.AbstractProblemLoader Replaying proof arrayUpdateSimp.key.proof 
50021      DEBUG main            d.u.i.k.p.i.IntermediateProofReplayer Proof replay took 532.62ns 
50022      DEBUG main            d.u.i.k.p.r.p.TestFile    ... success: reloaded. 
50023      INFO  main            d.u.i.k.p.r.p.TestFile    Now processing file /home/runner/work/key/key/key.core/../key.ui/examples/standard_key/java_dl/attributes.key 
50023      INFO  main            d.u.i.k.p.i.AbstractProblemLoader Loading environment from /home/runner/work/key/key/key.core/../key.ui/examples/standard_key/java_dl/attributes.key 
50024      DEBUG main            d.u.i.k.p.i.AbstractProblemLoader Environment load took 195.5ns 
50025      INFO  main            d.u.i.k.p.i.AbstractProblemLoader Creating init config 
52426      DEBUG main            d.u.i.k.p.i.AbstractProblemLoader Init config took 2.4s 
52441      INFO  main            d.u.i.k.p.i.AbstractProblemLoader Replaying proof attributes.key 
52443      DEBUG main            d.u.i.k.p.i.IntermediateProofReplayer Proof replay took 6.5ns 
52645      INFO  main            d.u.i.k.p.r.p.TestFile    ... finished proof: closed. 
52818      INFO  main            d.u.i.k.p.i.AbstractProblemLoader Loading environment from /home/runner/work/key/key/key.core/../key.ui/examples/standard_key/java_dl/attributes.key.proof 
52818      DEBUG main            d.u.i.k.p.i.AbstractProblemLoader Environment load took 105.7ns 
52819      INFO  main            d.u.i.k.p.i.AbstractProblemLoader Creating init config 
55148      DEBUG main            d.u.i.k.p.i.AbstractProblemLoader Init config took 2.33s 
55166      INFO  main            d.u.i.k.p.i.AbstractProblemLoader Replaying proof attributes.key.proof 
55210      DEBUG main            d.u.i.k.p.i.IntermediateProofReplayer Proof replay took 33.92ms 
55211      DEBUG main            d.u.i.k.p.r.p.TestFile    ... success: reloaded. 
55223      INFO  main            d.u.i.k.p.r.p.TestFile    Now processing file /home/runner/work/key/key/key.core/../key.ui/examples/standard_key/java_dl/break.key 
55223      INFO  main            d.u.i.k.p.i.AbstractProblemLoader Loading environment from /home/runner/work/key/key/key.core/../key.ui/examples/standard_key/java_dl/break.key 
55224      DEBUG main            d.u.i.k.p.i.AbstractProblemLoader Environment load took 233.21ns 
55236      INFO  main            d.u.i.k.p.i.AbstractProblemLoader Creating init config 
55277      WARN  main            d.u.i.k.j.r.KeYCrossReferenceNameInfo Datatype java.io.InputStream declared twice: Once in FILE:/home/runner/work/key/key/key.core/../key.ui/examples/standard_key/java_dl/classpath/InputStream.java and once in URL:file:/home/runner/work/key/key/key.core/build/resources/main/de/uka/ilkd/key/java/JavaRedux/java/io/InputStream.java, Keeping one from URL:file:/home/runner/work/key/key/key.core/build/resources/main/de/uka/ilkd/key/java/JavaRedux/java/io/InputStream.java 
55278      WARN  main            d.u.i.k.j.r.KeYCrossReferenceNameInfo Datatype java.lang.System declared twice: Once in FILE:/home/runner/work/key/key/key.core/../key.ui/examples/standard_key/java_dl/classpath/System.java and once in URL:file:/home/runner/work/key/key/key.core/build/resources/main/de/uka/ilkd/key/java/JavaRedux/java/lang/System.java, Keeping one from URL:file:/home/runner/work/key/key/key.core/build/resources/main/de/uka/ilkd/key/java/JavaRedux/java/lang/System.java 
55278      WARN  main            d.u.i.k.j.r.KeYCrossReferenceNameInfo Datatype java.io.PrintStream declared twice: Once in FILE:/home/runner/work/key/key/key.core/../key.ui/examples/standard_key/java_dl/classpath/PrintStream.java and once in URL:file:/home/runner/work/key/key/key.core/build/resources/main/de/uka/ilkd/key/java/JavaRedux/java/io/PrintStream.java, Keeping one from URL:file:/home/runner/work/key/key/key.core/build/resources/main/de/uka/ilkd/key/java/JavaRedux/java/io/PrintStream.java 
55289      DEBUG main            d.u.i.k.j.r.ClassFileDeclarationBuilder Parsing: package java.io; public class Closeable { } 
55290      DEBUG main            r.s.KeYCrossReferenceSourceInfo Dynamically created class: java.io.Closeable 
57643      DEBUG main            d.u.i.k.p.i.AbstractProblemLoader Init config took 2.41s 
57657      INFO  main            d.u.i.k.p.i.AbstractProblemLoader Replaying proof break.key 
57658      DEBUG main            d.u.i.k.p.i.IntermediateProofReplayer Proof replay took 5.9ns 
57764      INFO  main            d.u.i.k.p.r.p.TestFile    ... finished proof: closed. 
57936      INFO  main            d.u.i.k.p.i.AbstractProblemLoader Loading environment from /home/runner/work/key/key/key.core/../key.ui/examples/standard_key/java_dl/break.key.proof 
57936      DEBUG main            d.u.i.k.p.i.AbstractProblemLoader Environment load took 102.9ns 
57937      INFO  main            d.u.i.k.p.i.AbstractProblemLoader Creating init config 
57957      WARN  main            d.u.i.k.j.r.KeYCrossReferenceNameInfo Datatype java.io.InputStream declared twice: Once in FILE:/home/runner/work/key/key/key.core/../key.ui/examples/standard_key/java_dl/classpath/InputStream.java and once in URL:file:/home/runner/work/key/key/key.core/build/resources/main/de/uka/ilkd/key/java/JavaRedux/java/io/InputStream.java, Keeping one from URL:file:/home/runner/work/key/key/key.core/build/resources/main/de/uka/ilkd/key/java/JavaRedux/java/io/InputStream.java 
57957      WARN  main            d.u.i.k.j.r.KeYCrossReferenceNameInfo Datatype java.lang.System declared twice: Once in FILE:/home/runner/work/key/key/key.core/../key.ui/examples/standard_key/java_dl/classpath/System.java and once in URL:file:/home/runner/work/key/key/key.core/build/resources/main/de/uka/ilkd/key/java/JavaRedux/java/lang/System.java, Keeping one from URL:file:/home/runner/work/key/key/key.core/build/resources/main/de/uka/ilkd/key/java/JavaRedux/java/lang/System.java 
57957      WARN  main            d.u.i.k.j.r.KeYCrossReferenceNameInfo Datatype java.io.PrintStream declared twice: Once in FILE:/home/runner/work/key/key/key.core/../key.ui/examples/standard_key/java_dl/classpath/PrintStream.java and once in URL:file:/home/runner/work/key/key/key.core/build/resources/main/de/uka/ilkd/key/java/JavaRedux/java/io/PrintStream.java, Keeping one from URL:file:/home/runner/work/key/key/key.core/build/resources/main/de/uka/ilkd/key/java/JavaRedux/java/io/PrintStream.java 
57960      DEBUG main            d.u.i.k.j.r.ClassFileDeclarationBuilder Parsing: package java.io; public class Closeable { } 
57961      DEBUG main            r.s.KeYCrossReferenceSourceInfo Dynamically created class: java.io.Closeable 
60219      DEBUG main            d.u.i.k.p.i.AbstractProblemLoader Init config took 2.28s 
60233      INFO  main            d.u.i.k.p.i.AbstractProblemLoader Replaying proof break.key.proof 
60242      DEBUG main            d.u.i.k.p.i.IntermediateProofReplayer Proof replay took 6.95ms 
60243      DEBUG main            d.u.i.k.p.r.p.TestFile    ... success: reloaded. 
60244      INFO  main            d.u.i.k.p.r.p.TestFile    Now processing file /home/runner/work/key/key/key.core/../key.ui/examples/standard_key/java_dl/char.key 
60244      INFO  main            d.u.i.k.p.i.AbstractProblemLoader Loading environment from /home/runner/work/key/key/key.core/../key.ui/examples/standard_key/java_dl/char.key 
60244      DEBUG main            d.u.i.k.p.i.AbstractProblemLoader Environment load took 70ns 
60245      INFO  main            d.u.i.k.p.i.AbstractProblemLoader Creating init config 
62574      DEBUG main            d.u.i.k.p.i.AbstractProblemLoader Init config took 2.33s 
62588      INFO  main            d.u.i.k.p.i.AbstractProblemLoader Replaying proof char.key 
62589      DEBUG main            d.u.i.k.p.i.IntermediateProofReplayer Proof replay took 6.4ns 
62694      INFO  main            d.u.i.k.p.r.p.TestFile    ... finished proof: closed. 
62872      INFO  main            d.u.i.k.p.i.AbstractProblemLoader Loading environment from /home/runner/work/key/key/key.core/../key.ui/examples/standard_key/java_dl/char.key.proof 
62872      DEBUG main            d.u.i.k.p.i.AbstractProblemLoader Environment load took 105.8ns 
62873      INFO  main            d.u.i.k.p.i.AbstractProblemLoader Creating init config 
65167      DEBUG main            d.u.i.k.p.i.AbstractProblemLoader Init config took 2.29s 
65182      INFO  main            d.u.i.k.p.i.AbstractProblemLoader Replaying proof char.key.proof 
65186      DEBUG main            d.u.i.k.p.i.IntermediateProofReplayer Proof replay took 2.57ms 
65186      DEBUG main            d.u.i.k.p.r.p.TestFile    ... success: reloaded. 
65187      INFO  main            d.u.i.k.p.r.p.TestFile    Now processing file /home/runner/work/key/key/key.core/../key.ui/examples/standard_key/java_dl/compileTimeConstants.key 
65187      INFO  main            d.u.i.k.p.i.AbstractProblemLoader Loading environment from /home/runner/work/key/key/key.core/../key.ui/examples/standard_key/java_dl/compileTimeConstants.key 
65187      DEBUG main            d.u.i.k.p.i.AbstractProblemLoader Environment load took 83.8ns 
65188      INFO  main            d.u.i.k.p.i.AbstractProblemLoader Creating init config 
67508      DEBUG main            d.u.i.k.p.i.AbstractProblemLoader Init config took 2.32s 
67522      INFO  main            d.u.i.k.p.i.AbstractProblemLoader Replaying proof compileTimeConstants.key 
67523      DEBUG main            d.u.i.k.p.i.IntermediateProofReplayer Proof replay took 5.9ns 
67625      INFO  main            d.u.i.k.p.r.p.TestFile    ... finished proof: closed. 
67807      INFO  main            d.u.i.k.p.i.AbstractProblemLoader Loading environment from /home/runner/work/key/key/key.core/../key.ui/examples/standard_key/java_dl/compileTimeConstants.key.proof 
67808      DEBUG main            d.u.i.k.p.i.AbstractProblemLoader Environment load took 109.9ns 
67809      INFO  main            d.u.i.k.p.i.AbstractProblemLoader Creating init config 
70183      DEBUG main            d.u.i.k.p.i.AbstractProblemLoader Init config took 2.37s 
70196      INFO  main            d.u.i.k.p.i.AbstractProblemLoader Replaying proof compileTimeConstants.key.proof 
70209      DEBUG main            d.u.i.k.p.i.IntermediateProofReplayer Proof replay took 11.64ms 
70210      DEBUG main            d.u.i.k.p.r.p.TestFile    ... success: reloaded. 
70211      INFO  main            d.u.i.k.p.r.p.TestFile    Now processing file /home/runner/work/key/key/key.core/../key.ui/examples/standard_key/java_dl/constructorException/test.key 
70211      INFO  main            d.u.i.k.p.i.AbstractProblemLoader Loading environment from /home/runner/work/key/key/key.core/../key.ui/examples/standard_key/java_dl/constructorException/test.key 
70211      DEBUG main            d.u.i.k.p.i.AbstractProblemLoader Environment load took 59.3ns 
70212      INFO  main            d.u.i.k.p.i.AbstractProblemLoader Creating init config 
72589      DEBUG main            d.u.i.k.p.i.AbstractProblemLoader Init config took 2.38s 
72654      INFO  main            d.u.i.k.p.i.AbstractProblemLoader Replaying proof Test[Test::Test(int)].JML operation contract.0 
72656      DEBUG main            d.u.i.k.p.i.IntermediateProofReplayer Proof replay took 5.2ns 
72858      INFO  main            d.u.i.k.p.r.p.TestFile    ... finished proof: closed. 
73075      INFO  main            d.u.i.k.p.i.AbstractProblemLoader Loading environment from /home/runner/work/key/key/key.core/../key.ui/examples/standard_key/java_dl/constructorException/test.key.proof 
73076      DEBUG main            d.u.i.k.p.i.AbstractProblemLoader Environment load took 110.2ns 
73076      INFO  main            d.u.i.k.p.i.AbstractProblemLoader Creating init config 
75388      DEBUG main            d.u.i.k.p.i.AbstractProblemLoader Init config took 2.31s 
75426      INFO  main            d.u.i.k.p.i.AbstractProblemLoader Replaying proof Test[Test::Test(int)].JML operation contract.0 
75475      DEBUG main            d.u.i.k.p.i.IntermediateProofReplayer Proof replay took 46.49ms 
75476      DEBUG main            d.u.i.k.p.r.p.TestFile    ... success: reloaded. 
75477      INFO  main            d.u.i.k.p.r.p.TestFile    Now processing file /home/runner/work/key/key/key.core/../key.ui/examples/standard_key/java_dl/constructorException/regressionTestBug1333.key 
75477      INFO  main            d.u.i.k.p.i.AbstractProblemLoader Loading environment from /home/runner/work/key/key/key.core/../key.ui/examples/standard_key/java_dl/constructorException/regressionTestBug1333.key 
75477      DEBUG main            d.u.i.k.p.i.AbstractProblemLoader Environment load took 186.81ns 
75478      INFO  main            d.u.i.k.p.i.AbstractProblemLoader Creating init config 
77880      DEBUG main            d.u.i.k.p.i.AbstractProblemLoader Init config took 2.4s 
77916      INFO  main            d.u.i.k.p.i.AbstractProblemLoader Replaying proof False[False::False()].JML normal_behavior operation contract.0 
77918      DEBUG main            d.u.i.k.p.i.IntermediateProofReplayer Proof replay took 5.8ns 
78021      INFO  main            d.u.i.k.p.r.p.TestFile    ... finished proof: open goal(s) 
78205      INFO  main            d.u.i.k.p.r.p.TestFile    Now processing file /home/runner/work/key/key/key.core/../key.ui/examples/standard_key/java_dl/continue1.key 
78205      INFO  main            d.u.i.k.p.i.AbstractProblemLoader Loading environment from /home/runner/work/key/key/key.core/../key.ui/examples/standard_key/java_dl/continue1.key 
78205      DEBUG main            d.u.i.k.p.i.AbstractProblemLoader Environment load took 90ns 
78206      INFO  main            d.u.i.k.p.i.AbstractProblemLoader Creating init config 
78226      WARN  main            d.u.i.k.j.r.KeYCrossReferenceNameInfo Datatype java.io.InputStream declared twice: Once in FILE:/home/runner/work/key/key/key.core/../key.ui/examples/standard_key/java_dl/classpath/InputStream.java and once in URL:file:/home/runner/work/key/key/key.core/build/resources/main/de/uka/ilkd/key/java/JavaRedux/java/io/InputStream.java, Keeping one from URL:file:/home/runner/work/key/key/key.core/build/resources/main/de/uka/ilkd/key/java/JavaRedux/java/io/InputStream.java 
78227      WARN  main            d.u.i.k.j.r.KeYCrossReferenceNameInfo Datatype java.lang.System declared twice: Once in FILE:/home/runner/work/key/key/key.core/../key.ui/examples/standard_key/java_dl/classpath/System.java and once in URL:file:/home/runner/work/key/key/key.core/build/resources/main/de/uka/ilkd/key/java/JavaRedux/java/lang/System.java, Keeping one from URL:file:/home/runner/work/key/key/key.core/build/resources/main/de/uka/ilkd/key/java/JavaRedux/java/lang/System.java 
78227      WARN  main            d.u.i.k.j.r.KeYCrossReferenceNameInfo Datatype java.io.PrintStream declared twice: Once in FILE:/home/runner/work/key/key/key.core/../key.ui/examples/standard_key/java_dl/classpath/PrintStream.java and once in URL:file:/home/runner/work/key/key/key.core/build/resources/main/de/uka/ilkd/key/java/JavaRedux/java/io/PrintStream.java, Keeping one from URL:file:/home/runner/work/key/key/key.core/build/resources/main/de/uka/ilkd/key/java/JavaRedux/java/io/PrintStream.java 
78230      DEBUG main            d.u.i.k.j.r.ClassFileDeclarationBuilder Parsing: package java.io; public class Closeable { } 
78230      DEBUG main            r.s.KeYCrossReferenceSourceInfo Dynamically created class: java.io.Closeable 
80504      DEBUG main            d.u.i.k.p.i.AbstractProblemLoader Init config took 2.3s 
80518      INFO  main            d.u.i.k.p.i.AbstractProblemLoader Replaying proof continue1.key 
80519      DEBUG main            d.u.i.k.p.i.IntermediateProofReplayer Proof replay took 6ns 
80621      INFO  main            d.u.i.k.p.r.p.TestFile    ... finished proof: closed. 
80804      INFO  main            d.u.i.k.p.i.AbstractProblemLoader Loading environment from /home/runner/work/key/key/key.core/../key.ui/examples/standard_key/java_dl/continue1.key.proof 
80804      DEBUG main            d.u.i.k.p.i.AbstractProblemLoader Environment load took 108ns 
80805      INFO  main            d.u.i.k.p.i.AbstractProblemLoader Creating init config 
80832      WARN  main            d.u.i.k.j.r.KeYCrossReferenceNameInfo Datatype java.io.InputStream declared twice: Once in FILE:/home/runner/work/key/key/key.core/../key.ui/examples/standard_key/java_dl/classpath/InputStream.java and once in URL:file:/home/runner/work/key/key/key.core/build/resources/main/de/uka/ilkd/key/java/JavaRedux/java/io/InputStream.java, Keeping one from URL:file:/home/runner/work/key/key/key.core/build/resources/main/de/uka/ilkd/key/java/JavaRedux/java/io/InputStream.java 
80832      WARN  main            d.u.i.k.j.r.KeYCrossReferenceNameInfo Datatype java.lang.System declared twice: Once in FILE:/home/runner/work/key/key/key.core/../key.ui/examples/standard_key/java_dl/classpath/System.java and once in URL:file:/home/runner/work/key/key/key.core/build/resources/main/de/uka/ilkd/key/java/JavaRedux/java/lang/System.java, Keeping one from URL:file:/home/runner/work/key/key/key.core/build/resources/main/de/uka/ilkd/key/java/JavaRedux/java/lang/System.java 
80832      WARN  main            d.u.i.k.j.r.KeYCrossReferenceNameInfo Datatype java.io.PrintStream declared twice: Once in FILE:/home/runner/work/key/key/key.core/../key.ui/examples/standard_key/java_dl/classpath/PrintStream.java and once in URL:file:/home/runner/work/key/key/key.core/build/resources/main/de/uka/ilkd/key/java/JavaRedux/java/io/PrintStream.java, Keeping one from URL:file:/home/runner/work/key/key/key.core/build/resources/main/de/uka/ilkd/key/java/JavaRedux/java/io/PrintStream.java 
80835      DEBUG main            d.u.i.k.j.r.ClassFileDeclarationBuilder Parsing: package java.io; public class Closeable { } 
80835      DEBUG main            r.s.KeYCrossReferenceSourceInfo Dynamically created class: java.io.Closeable 
83102      DEBUG main            d.u.i.k.p.i.AbstractProblemLoader Init config took 2.3s 
83116      INFO  main            d.u.i.k.p.i.AbstractProblemLoader Replaying proof continue1.key.proof 
83136      DEBUG main            d.u.i.k.p.i.IntermediateProofReplayer Proof replay took 17.7ms 
83137      DEBUG main            d.u.i.k.p.r.p.TestFile    ... success: reloaded. 
83138      INFO  main            d.u.i.k.p.r.p.TestFile    Now processing file /home/runner/work/key/key/key.core/../key.ui/examples/standard_key/java_dl/continue2.key 
83139      INFO  main            d.u.i.k.p.i.AbstractProblemLoader Loading environment from /home/runner/work/key/key/key.core/../key.ui/examples/standard_key/java_dl/continue2.key 
83139      DEBUG main            d.u.i.k.p.i.AbstractProblemLoader Environment load took 174.81ns 
83140      INFO  main            d.u.i.k.p.i.AbstractProblemLoader Creating init config 
83159      WARN  main            d.u.i.k.j.r.KeYCrossReferenceNameInfo Datatype java.io.InputStream declared twice: Once in FILE:/home/runner/work/key/key/key.core/../key.ui/examples/standard_key/java_dl/classpath/InputStream.java and once in URL:file:/home/runner/work/key/key/key.core/build/resources/main/de/uka/ilkd/key/java/JavaRedux/java/io/InputStream.java, Keeping one from URL:file:/home/runner/work/key/key/key.core/build/resources/main/de/uka/ilkd/key/java/JavaRedux/java/io/InputStream.java 
83159      WARN  main            d.u.i.k.j.r.KeYCrossReferenceNameInfo Datatype java.lang.System declared twice: Once in FILE:/home/runner/work/key/key/key.core/../key.ui/examples/standard_key/java_dl/classpath/System.java and once in URL:file:/home/runner/work/key/key/key.core/build/resources/main/de/uka/ilkd/key/java/JavaRedux/java/lang/System.java, Keeping one from URL:file:/home/runner/work/key/key/key.core/build/resources/main/de/uka/ilkd/key/java/JavaRedux/java/lang/System.java 
83160      WARN  main            d.u.i.k.j.r.KeYCrossReferenceNameInfo Datatype java.io.PrintStream declared twice: Once in FILE:/home/runner/work/key/key/key.core/../key.ui/examples/standard_key/java_dl/classpath/PrintStream.java and once in URL:file:/home/runner/work/key/key/key.core/build/resources/main/de/uka/ilkd/key/java/JavaRedux/java/io/PrintStream.java, Keeping one from URL:file:/home/runner/work/key/key/key.core/build/resources/main/de/uka/ilkd/key/java/JavaRedux/java/io/PrintStream.java 
83162      DEBUG main            d.u.i.k.j.r.ClassFileDeclarationBuilder Parsing: package java.io; public class Closeable { } 
83163      DEBUG main            r.s.KeYCrossReferenceSourceInfo Dynamically created class: java.io.Closeable 
85436      DEBUG main            d.u.i.k.p.i.AbstractProblemLoader Init config took 2.3s 
85449      INFO  main            d.u.i.k.p.i.AbstractProblemLoader Replaying proof continue2.key 
85451      DEBUG main            d.u.i.k.p.i.IntermediateProofReplayer Proof replay took 6.2ns 
85657      INFO  main            d.u.i.k.p.r.p.TestFile    ... finished proof: closed. 
85869      INFO  main            d.u.i.k.p.i.AbstractProblemLoader Loading environment from /home/runner/work/key/key/key.core/../key.ui/examples/standard_key/java_dl/continue2.key.proof 
85869      DEBUG main            d.u.i.k.p.i.AbstractProblemLoader Environment load took 110.8ns 
85870      INFO  main            d.u.i.k.p.i.AbstractProblemLoader Creating init config 
85890      WARN  main            d.u.i.k.j.r.KeYCrossReferenceNameInfo Datatype java.io.InputStream declared twice: Once in FILE:/home/runner/work/key/key/key.core/../key.ui/examples/standard_key/java_dl/classpath/InputStream.java and once in URL:file:/home/runner/work/key/key/key.core/build/resources/main/de/uka/ilkd/key/java/JavaRedux/java/io/InputStream.java, Keeping one from URL:file:/home/runner/work/key/key/key.core/build/resources/main/de/uka/ilkd/key/java/JavaRedux/java/io/InputStream.java 
85890      WARN  main            d.u.i.k.j.r.KeYCrossReferenceNameInfo Datatype java.lang.System declared twice: Once in FILE:/home/runner/work/key/key/key.core/../key.ui/examples/standard_key/java_dl/classpath/System.java and once in URL:file:/home/runner/work/key/key/key.core/build/resources/main/de/uka/ilkd/key/java/JavaRedux/java/lang/System.java, Keeping one from URL:file:/home/runner/work/key/key/key.core/build/resources/main/de/uka/ilkd/key/java/JavaRedux/java/lang/System.java 
85890      WARN  main            d.u.i.k.j.r.KeYCrossReferenceNameInfo Datatype java.io.PrintStream declared twice: Once in FILE:/home/runner/work/key/key/key.core/../key.ui/examples/standard_key/java_dl/classpath/PrintStream.java and once in URL:file:/home/runner/work/key/key/key.core/build/resources/main/de/uka/ilkd/key/java/JavaRedux/java/io/PrintStream.java, Keeping one from URL:file:/home/runner/work/key/key/key.core/build/resources/main/de/uka/ilkd/key/java/JavaRedux/java/io/PrintStream.java 
85893      DEBUG main            d.u.i.k.j.r.ClassFileDeclarationBuilder Parsing: package java.io; public class Closeable { } 
85893      DEBUG main            r.s.KeYCrossReferenceSourceInfo Dynamically created class: java.io.Closeable 
88141      DEBUG main            d.u.i.k.p.i.AbstractProblemLoader Init config took 2.27s 
88154      INFO  main            d.u.i.k.p.i.AbstractProblemLoader Replaying proof continue2.key.proof 
88223      DEBUG main            d.u.i.k.p.i.IntermediateProofReplayer Proof replay took 65.83ms 
88224      DEBUG main            d.u.i.k.p.r.p.TestFile    ... success: reloaded. 
88226      INFO  main            d.u.i.k.p.r.p.TestFile    Now processing file /home/runner/work/key/key/key.core/../key.ui/examples/standard_key/java_dl/complexAssignment.key 
88226      INFO  main            d.u.i.k.p.i.AbstractProblemLoader Loading environment from /home/runner/work/key/key/key.core/../key.ui/examples/standard_key/java_dl/complexAssignment.key 
88226      DEBUG main            d.u.i.k.p.i.AbstractProblemLoader Environment load took 162.9ns 
88236      INFO  main            d.u.i.k.p.i.AbstractProblemLoader Creating init config 
90535      DEBUG main            d.u.i.k.p.i.AbstractProblemLoader Init config took 2.3s 
90549      INFO  main            d.u.i.k.p.i.AbstractProblemLoader Replaying proof complexAssignment.key 
90551      DEBUG main            d.u.i.k.p.i.IntermediateProofReplayer Proof replay took 6.5ns 
90657      INFO  main            d.u.i.k.p.r.p.TestFile    ... finished proof: closed. 
90869      INFO  main            d.u.i.k.p.i.AbstractProblemLoader Loading environment from /home/runner/work/key/key/key.core/../key.ui/examples/standard_key/java_dl/complexAssignment.key.proof 
90869      DEBUG main            d.u.i.k.p.i.AbstractProblemLoader Environment load took 97.3ns 
90870      INFO  main            d.u.i.k.p.i.AbstractProblemLoader Creating init config 
93082      DEBUG main            d.u.i.k.p.i.AbstractProblemLoader Init config took 2.21s 
93096      INFO  main            d.u.i.k.p.i.AbstractProblemLoader Replaying proof complexAssignment.key.proof 
93104      DEBUG main            d.u.i.k.p.i.IntermediateProofReplayer Proof replay took 5.96ms 
93106      DEBUG main            d.u.i.k.p.r.p.TestFile    ... success: reloaded. 
93110      INFO  main            d.u.i.k.p.r.p.TestFile    Now processing file /home/runner/work/key/key/key.core/../key.ui/examples/standard_key/java_dl/danglingElseSolution1.key 
93110      INFO  main            d.u.i.k.p.i.AbstractProblemLoader Loading environment from /home/runner/work/key/key/key.core/../key.ui/examples/standard_key/java_dl/danglingElseSolution1.key 
93110      DEBUG main            d.u.i.k.p.i.AbstractProblemLoader Environment load took 172.81ns 
93111      INFO  main            d.u.i.k.p.i.AbstractProblemLoader Creating init config 
95407      DEBUG main            d.u.i.k.p.i.AbstractProblemLoader Init config took 2.3s 
95420      INFO  main            d.u.i.k.p.i.AbstractProblemLoader Replaying proof danglingElseSolution1.key 
95422      DEBUG main            d.u.i.k.p.i.IntermediateProofReplayer Proof replay took 5.2ns 
95523      INFO  main            d.u.i.k.p.r.p.TestFile    ... finished proof: closed. 
95730      INFO  main            d.u.i.k.p.i.AbstractProblemLoader Loading environment from /home/runner/work/key/key/key.core/../key.ui/examples/standard_key/java_dl/danglingElseSolution1.key.proof 
95730      DEBUG main            d.u.i.k.p.i.AbstractProblemLoader Environment load took 97.7ns 
95731      INFO  main            d.u.i.k.p.i.AbstractProblemLoader Creating init config 
97991      DEBUG main            d.u.i.k.p.i.AbstractProblemLoader Init config took 2.26s 
98006      INFO  main            d.u.i.k.p.i.AbstractProblemLoader Replaying proof danglingElseSolution1.key.proof 
98016      DEBUG main            d.u.i.k.p.i.IntermediateProofReplayer Proof replay took 7.71ms 
98017      DEBUG main            d.u.i.k.p.r.p.TestFile    ... success: reloaded. 
98017      INFO  main            d.u.i.k.p.r.p.TestFile    Now processing file /home/runner/work/key/key/key.core/../key.ui/examples/standard_key/java_dl/danglingElseSolution2.key 
98018      INFO  main            d.u.i.k.p.i.AbstractProblemLoader Loading environment from /home/runner/work/key/key/key.core/../key.ui/examples/standard_key/java_dl/danglingElseSolution2.key 
98018      DEBUG main            d.u.i.k.p.i.AbstractProblemLoader Environment load took 156.3ns 
98019      INFO  main            d.u.i.k.p.i.AbstractProblemLoader Creating init config 
100245     DEBUG main            d.u.i.k.p.i.AbstractProblemLoader Init config took 2.23s 
100258     INFO  main            d.u.i.k.p.i.AbstractProblemLoader Replaying proof danglingElseSolution2.key 
100259     DEBUG main            d.u.i.k.p.i.IntermediateProofReplayer Proof replay took 5.7ns 
100365     INFO  main            d.u.i.k.p.r.p.TestFile    ... finished proof: closed. 
100583     INFO  main            d.u.i.k.p.i.AbstractProblemLoader Loading environment from /home/runner/work/key/key/key.core/../key.ui/examples/standard_key/java_dl/danglingElseSolution2.key.proof 
100583     DEBUG main            d.u.i.k.p.i.AbstractProblemLoader Environment load took 95.4ns 
100584     INFO  main            d.u.i.k.p.i.AbstractProblemLoader Creating init config 
102794     DEBUG main            d.u.i.k.p.i.AbstractProblemLoader Init config took 2.21s 
102807     INFO  main            d.u.i.k.p.i.AbstractProblemLoader Replaying proof danglingElseSolution2.key.proof 
102817     DEBUG main            d.u.i.k.p.i.IntermediateProofReplayer Proof replay took 7.55ms 
102818     DEBUG main            d.u.i.k.p.r.p.TestFile    ... success: reloaded. 
102819     INFO  main            d.u.i.k.p.r.p.TestFile    Now processing file /home/runner/work/key/key/key.core/../key.ui/examples/standard_key/java_dl/deepNonNull/deepNonNull0.key 
102819     INFO  main            d.u.i.k.p.i.AbstractProblemLoader Loading environment from /home/runner/work/key/key/key.core/../key.ui/examples/standard_key/java_dl/deepNonNull/deepNonNull0.key 
102819     DEBUG main            d.u.i.k.p.i.AbstractProblemLoader Environment load took 154.7ns 
102820     INFO  main            d.u.i.k.p.i.AbstractProblemLoader Creating init config 
105185     DEBUG main            d.u.i.k.p.i.AbstractProblemLoader Init config took 2.36s 
105251     INFO  main            d.u.i.k.p.i.AbstractProblemLoader Replaying proof Arrays[Arrays::get()].JML operation contract.0 
105252     DEBUG main            d.u.i.k.p.i.IntermediateProofReplayer Proof replay took 5.6ns 
105454     INFO  main            d.u.i.k.p.r.p.TestFile    ... finished proof: closed. 
105689     INFO  main            d.u.i.k.p.i.AbstractProblemLoader Loading environment from /home/runner/work/key/key/key.core/../key.ui/examples/standard_key/java_dl/deepNonNull/deepNonNull0.key.proof 
105690     DEBUG main            d.u.i.k.p.i.AbstractProblemLoader Environment load took 96.7ns 
105690     INFO  main            d.u.i.k.p.i.AbstractProblemLoader Creating init config 
107973     DEBUG main            d.u.i.k.p.i.AbstractProblemLoader Init config took 2.28s 
108028     INFO  main            d.u.i.k.p.i.AbstractProblemLoader Replaying proof Arrays[Arrays::get()].JML operation contract.0 
108054     DEBUG main            d.u.i.k.p.i.IntermediateProofReplayer Proof replay took 23.95ms 
108055     DEBUG main            d.u.i.k.p.r.p.TestFile    ... success: reloaded. 
108055     INFO  main            d.u.i.k.p.r.p.TestFile    Now processing file /home/runner/work/key/key/key.core/../key.ui/examples/standard_key/java_dl/deepNonNull/deepNonNull1.key 
108055     INFO  main            d.u.i.k.p.i.AbstractProblemLoader Loading environment from /home/runner/work/key/key/key.core/../key.ui/examples/standard_key/java_dl/deepNonNull/deepNonNull1.key 
108056     DEBUG main            d.u.i.k.p.i.AbstractProblemLoader Environment load took 84ns 
108056     INFO  main            d.u.i.k.p.i.AbstractProblemLoader Creating init config 
110391     DEBUG main            d.u.i.k.p.i.AbstractProblemLoader Init config took 2.33s 
110425     INFO  main            d.u.i.k.p.i.AbstractProblemLoader Replaying proof Arrays[Arrays::head()].JML operation contract.0 
110426     DEBUG main            d.u.i.k.p.i.IntermediateProofReplayer Proof replay took 5.1ns 
110528     INFO  main            d.u.i.k.p.r.p.TestFile    ... finished proof: closed. 
110757     INFO  main            d.u.i.k.p.i.AbstractProblemLoader Loading environment from /home/runner/work/key/key/key.core/../key.ui/examples/standard_key/java_dl/deepNonNull/deepNonNull1.key.proof 
110757     DEBUG main            d.u.i.k.p.i.AbstractProblemLoader Environment load took 95.7ns 
110758     INFO  main            d.u.i.k.p.i.AbstractProblemLoader Creating init config 
113053     DEBUG main            d.u.i.k.p.i.AbstractProblemLoader Init config took 2.3s 
113092     INFO  main            d.u.i.k.p.i.AbstractProblemLoader Replaying proof Arrays[Arrays::head()].JML operation contract.0 
113117     DEBUG main            d.u.i.k.p.i.IntermediateProofReplayer Proof replay took 22.53ms 
113118     DEBUG main            d.u.i.k.p.r.p.TestFile    ... success: reloaded. 
113118     INFO  main            d.u.i.k.p.r.p.TestFile    Now processing file /home/runner/work/key/key/key.core/../key.ui/examples/standard_key/java_dl/deepNonNull/deepNonNull2.key 
113118     INFO  main            d.u.i.k.p.i.AbstractProblemLoader Loading environment from /home/runner/work/key/key/key.core/../key.ui/examples/standard_key/java_dl/deepNonNull/deepNonNull2.key 
113118     DEBUG main            d.u.i.k.p.i.AbstractProblemLoader Environment load took 74.1ns 
113119     INFO  main            d.u.i.k.p.i.AbstractProblemLoader Creating init config 
115433     DEBUG main            d.u.i.k.p.i.AbstractProblemLoader Init config took 2.31s 
115468     INFO  main            d.u.i.k.p.i.AbstractProblemLoader Replaying proof Arrays[Arrays::unprovable(java.lang.Object)].JML operation contract.0 
115469     DEBUG main            d.u.i.k.p.i.IntermediateProofReplayer Proof replay took 5.3ns 
115574     INFO  main            d.u.i.k.p.r.p.TestFile    ... finished proof: open goal(s) 
115807     INFO  main            d.u.i.k.p.r.p.TestFile    Now processing file /home/runner/work/key/key/key.core/../key.ui/examples/standard_key/java_dl/deepNonNull/deepNonNull3.key 
115807     INFO  main            d.u.i.k.p.i.AbstractProblemLoader Loading environment from /home/runner/work/key/key/key.core/../key.ui/examples/standard_key/java_dl/deepNonNull/deepNonNull3.key 
115807     DEBUG main            d.u.i.k.p.i.AbstractProblemLoader Environment load took 73ns 
115808     INFO  main            d.u.i.k.p.i.AbstractProblemLoader Creating init config 
118097     DEBUG main            d.u.i.k.p.i.AbstractProblemLoader Init config took 2.29s 
118130     INFO  main            d.u.i.k.p.i.AbstractProblemLoader Replaying proof Arrays[Arrays::head([[[[Ljava.lang.Object)].JML operation contract.0 
118132     DEBUG main            d.u.i.k.p.i.IntermediateProofReplayer Proof replay took 6.1ns 
119035     INFO  main            d.u.i.k.p.r.p.TestFile    ... finished proof: closed. 
119279     INFO  main            d.u.i.k.p.i.AbstractProblemLoader Loading environment from /home/runner/work/key/key/key.core/../key.ui/examples/standard_key/java_dl/deepNonNull/deepNonNull3.key.proof 
119279     DEBUG main            d.u.i.k.p.i.AbstractProblemLoader Environment load took 327.81ns 
119280     INFO  main            d.u.i.k.p.i.AbstractProblemLoader Creating init config 
121559     DEBUG main            d.u.i.k.p.i.AbstractProblemLoader Init config took 2.28s 
121592     INFO  main            d.u.i.k.p.i.AbstractProblemLoader Replaying proof Arrays[Arrays::head([[[[Ljava.lang.Object)].JML operation contract.0 
121707     DEBUG main            d.u.i.k.p.i.IntermediateProofReplayer Proof replay took 110.19ms 
121708     DEBUG main            d.u.i.k.p.r.p.TestFile    ... success: reloaded. 
121709     INFO  main            d.u.i.k.p.r.p.TestFile    Now processing file /home/runner/work/key/key/key.core/../key.ui/examples/standard_key/java_dl/exceptions.key 
121709     INFO  main            d.u.i.k.p.i.AbstractProblemLoader Loading environment from /home/runner/work/key/key/key.core/../key.ui/examples/standard_key/java_dl/exceptions.key 
121709     DEBUG main            d.u.i.k.p.i.AbstractProblemLoader Environment load took 169ns 
121710     INFO  main            d.u.i.k.p.i.AbstractProblemLoader Creating init config 
121729     WARN  main            d.u.i.k.j.r.KeYCrossReferenceNameInfo Datatype java.io.InputStream declared twice: Once in FILE:/home/runner/work/key/key/key.core/../key.ui/examples/standard_key/java_dl/classpath/InputStream.java and once in URL:file:/home/runner/work/key/key/key.core/build/resources/main/de/uka/ilkd/key/java/JavaRedux/java/io/InputStream.java, Keeping one from URL:file:/home/runner/work/key/key/key.core/build/resources/main/de/uka/ilkd/key/java/JavaRedux/java/io/InputStream.java 
121729     WARN  main            d.u.i.k.j.r.KeYCrossReferenceNameInfo Datatype java.lang.System declared twice: Once in FILE:/home/runner/work/key/key/key.core/../key.ui/examples/standard_key/java_dl/classpath/System.java and once in URL:file:/home/runner/work/key/key/key.core/build/resources/main/de/uka/ilkd/key/java/JavaRedux/java/lang/System.java, Keeping one from URL:file:/home/runner/work/key/key/key.core/build/resources/main/de/uka/ilkd/key/java/JavaRedux/java/lang/System.java 
121729     WARN  main            d.u.i.k.j.r.KeYCrossReferenceNameInfo Datatype java.io.PrintStream declared twice: Once in FILE:/home/runner/work/key/key/key.core/../key.ui/examples/standard_key/java_dl/classpath/PrintStream.java and once in URL:file:/home/runner/work/key/key/key.core/build/resources/main/de/uka/ilkd/key/java/JavaRedux/java/io/PrintStream.java, Keeping one from URL:file:/home/runner/work/key/key/key.core/build/resources/main/de/uka/ilkd/key/java/JavaRedux/java/io/PrintStream.java 
121732     DEBUG main            d.u.i.k.j.r.ClassFileDeclarationBuilder Parsing: package java.io; public class Closeable { } 
121732     DEBUG main            r.s.KeYCrossReferenceSourceInfo Dynamically created class: java.io.Closeable 
124092     DEBUG main            d.u.i.k.p.i.AbstractProblemLoader Init config took 2.38s 
124108     INFO  main            d.u.i.k.p.i.AbstractProblemLoader Replaying proof exceptions.key 
124110     DEBUG main            d.u.i.k.p.i.IntermediateProofReplayer Proof replay took 5.9ns 
124312     INFO  main            d.u.i.k.p.r.p.TestFile    ... finished proof: closed. 
124628     INFO  main            d.u.i.k.p.i.AbstractProblemLoader Loading environment from /home/runner/work/key/key/key.core/../key.ui/examples/standard_key/java_dl/exceptions.key.proof 
124628     DEBUG main            d.u.i.k.p.i.AbstractProblemLoader Environment load took 102.8ns 
124629     INFO  main            d.u.i.k.p.i.AbstractProblemLoader Creating init config 
124650     WARN  main            d.u.i.k.j.r.KeYCrossReferenceNameInfo Datatype java.io.InputStream declared twice: Once in FILE:/home/runner/work/key/key/key.core/../key.ui/examples/standard_key/java_dl/classpath/InputStream.java and once in URL:file:/home/runner/work/key/key/key.core/build/resources/main/de/uka/ilkd/key/java/JavaRedux/java/io/InputStream.java, Keeping one from URL:file:/home/runner/work/key/key/key.core/build/resources/main/de/uka/ilkd/key/java/JavaRedux/java/io/InputStream.java 
124650     WARN  main            d.u.i.k.j.r.KeYCrossReferenceNameInfo Datatype java.lang.System declared twice: Once in FILE:/home/runner/work/key/key/key.core/../key.ui/examples/standard_key/java_dl/classpath/System.java and once in URL:file:/home/runner/work/key/key/key.core/build/resources/main/de/uka/ilkd/key/java/JavaRedux/java/lang/System.java, Keeping one from URL:file:/home/runner/work/key/key/key.core/build/resources/main/de/uka/ilkd/key/java/JavaRedux/java/lang/System.java 
124650     WARN  main            d.u.i.k.j.r.KeYCrossReferenceNameInfo Datatype java.io.PrintStream declared twice: Once in FILE:/home/runner/work/key/key/key.core/../key.ui/examples/standard_key/java_dl/classpath/PrintStream.java and once in URL:file:/home/runner/work/key/key/key.core/build/resources/main/de/uka/ilkd/key/java/JavaRedux/java/io/PrintStream.java, Keeping one from URL:file:/home/runner/work/key/key/key.core/build/resources/main/de/uka/ilkd/key/java/JavaRedux/java/io/PrintStream.java 
124653     DEBUG main            d.u.i.k.j.r.ClassFileDeclarationBuilder Parsing: package java.io; public class Closeable { } 
124653     DEBUG main            r.s.KeYCrossReferenceSourceInfo Dynamically created class: java.io.Closeable 
126880     DEBUG main            d.u.i.k.p.i.AbstractProblemLoader Init config took 2.25s 
126892     INFO  main            d.u.i.k.p.i.AbstractProblemLoader Replaying proof exceptions.key.proof 
126930     DEBUG main            d.u.i.k.p.i.IntermediateProofReplayer Proof replay took 35.66ms 
126931     DEBUG main            d.u.i.k.p.r.p.TestFile    ... success: reloaded. 
126932     INFO  main            d.u.i.k.p.r.p.TestFile    Now processing file /home/runner/work/key/key/key.core/../key.ui/examples/standard_key/java_dl/exceptions1.key 
126932     INFO  main            d.u.i.k.p.i.AbstractProblemLoader Loading environment from /home/runner/work/key/key/key.core/../key.ui/examples/standard_key/java_dl/exceptions1.key 
126932     DEBUG main            d.u.i.k.p.i.AbstractProblemLoader Environment load took 68.7ns 
126933     INFO  main            d.u.i.k.p.i.AbstractProblemLoader Creating init config 
129209     DEBUG main            d.u.i.k.p.i.AbstractProblemLoader Init config took 2.28s 
129222     INFO  main            d.u.i.k.p.i.AbstractProblemLoader Replaying proof exceptions1.key 
129224     DEBUG main            d.u.i.k.p.i.IntermediateProofReplayer Proof replay took 6ns 
129328     INFO  main            d.u.i.k.p.r.p.TestFile    ... finished proof: closed. 
129586     INFO  main            d.u.i.k.p.i.AbstractProblemLoader Loading environment from /home/runner/work/key/key/key.core/../key.ui/examples/standard_key/java_dl/exceptions1.key.proof 
129586     DEBUG main            d.u.i.k.p.i.AbstractProblemLoader Environment load took 92.5ns 
129587     INFO  main            d.u.i.k.p.i.AbstractProblemLoader Creating init config 
131797     DEBUG main            d.u.i.k.p.i.AbstractProblemLoader Init config took 2.21s 
131811     INFO  main            d.u.i.k.p.i.AbstractProblemLoader Replaying proof exceptions1.key.proof 
131847     DEBUG main            d.u.i.k.p.i.IntermediateProofReplayer Proof replay took 33.74ms 
131848     DEBUG main            d.u.i.k.p.r.p.TestFile    ... success: reloaded. 
131849     INFO  main            d.u.i.k.p.r.p.TestFile    Now processing file /home/runner/work/key/key/key.core/../key.ui/examples/standard_key/java_dl/exceptions2.key 
131849     INFO  main            d.u.i.k.p.i.AbstractProblemLoader Loading environment from /home/runner/work/key/key/key.core/../key.ui/examples/standard_key/java_dl/exceptions2.key 
131849     DEBUG main            d.u.i.k.p.i.AbstractProblemLoader Environment load took 73.8ns 
131850     INFO  main            d.u.i.k.p.i.AbstractProblemLoader Creating init config 
134125     DEBUG main            d.u.i.k.p.i.AbstractProblemLoader Init config took 2.27s 
134140     INFO  main            d.u.i.k.p.i.AbstractProblemLoader Replaying proof exceptions2.key 
134142     DEBUG main            d.u.i.k.p.i.IntermediateProofReplayer Proof replay took 6.1ns 
134245     INFO  main            d.u.i.k.p.r.p.TestFile    ... finished proof: closed. 
134497     INFO  main            d.u.i.k.p.i.AbstractProblemLoader Loading environment from /home/runner/work/key/key/key.core/../key.ui/examples/standard_key/java_dl/exceptions2.key.proof 
134497     DEBUG main            d.u.i.k.p.i.AbstractProblemLoader Environment load took 91.2ns 
134498     INFO  main            d.u.i.k.p.i.AbstractProblemLoader Creating init config 
136701     DEBUG main            d.u.i.k.p.i.AbstractProblemLoader Init config took 2.2s 
136713     INFO  main            d.u.i.k.p.i.AbstractProblemLoader Replaying proof exceptions2.key.proof 
136741     DEBUG main            d.u.i.k.p.i.IntermediateProofReplayer Proof replay took 25.27ms 
136742     DEBUG main            d.u.i.k.p.r.p.TestFile    ... success: reloaded. 
136742     INFO  main            d.u.i.k.p.r.p.TestFile    Now processing file /home/runner/work/key/key/key.core/../key.ui/examples/standard_key/java_dl/exceptions3.key 
136743     INFO  main            d.u.i.k.p.i.AbstractProblemLoader Loading environment from /home/runner/work/key/key/key.core/../key.ui/examples/standard_key/java_dl/exceptions3.key 
136743     DEBUG main            d.u.i.k.p.i.AbstractProblemLoader Environment load took 65.1ns 
136744     INFO  main            d.u.i.k.p.i.AbstractProblemLoader Creating init config 
136765     WARN  main            d.u.i.k.j.r.KeYCrossReferenceNameInfo Datatype java.io.InputStream declared twice: Once in FILE:/home/runner/work/key/key/key.core/../key.ui/examples/standard_key/java_dl/classpath/InputStream.java and once in URL:file:/home/runner/work/key/key/key.core/build/resources/main/de/uka/ilkd/key/java/JavaRedux/java/io/InputStream.java, Keeping one from URL:file:/home/runner/work/key/key/key.core/build/resources/main/de/uka/ilkd/key/java/JavaRedux/java/io/InputStream.java 
136765     WARN  main            d.u.i.k.j.r.KeYCrossReferenceNameInfo Datatype java.lang.System declared twice: Once in FILE:/home/runner/work/key/key/key.core/../key.ui/examples/standard_key/java_dl/classpath/System.java and once in URL:file:/home/runner/work/key/key/key.core/build/resources/main/de/uka/ilkd/key/java/JavaRedux/java/lang/System.java, Keeping one from URL:file:/home/runner/work/key/key/key.core/build/resources/main/de/uka/ilkd/key/java/JavaRedux/java/lang/System.java 
136765     WARN  main            d.u.i.k.j.r.KeYCrossReferenceNameInfo Datatype java.io.PrintStream declared twice: Once in FILE:/home/runner/work/key/key/key.core/../key.ui/examples/standard_key/java_dl/classpath/PrintStream.java and once in URL:file:/home/runner/work/key/key/key.core/build/resources/main/de/uka/ilkd/key/java/JavaRedux/java/io/PrintStream.java, Keeping one from URL:file:/home/runner/work/key/key/key.core/build/resources/main/de/uka/ilkd/key/java/JavaRedux/java/io/PrintStream.java 
136768     DEBUG main            d.u.i.k.j.r.ClassFileDeclarationBuilder Parsing: package java.io; public class Closeable { } 
136768     DEBUG main            r.s.KeYCrossReferenceSourceInfo Dynamically created class: java.io.Closeable 
139128     DEBUG main            d.u.i.k.p.i.AbstractProblemLoader Init config took 2.38s 
139141     INFO  main            d.u.i.k.p.i.AbstractProblemLoader Replaying proof exceptions3.key 
139142     DEBUG main            d.u.i.k.p.i.IntermediateProofReplayer Proof replay took 7.5ns 
139245     INFO  main            d.u.i.k.p.r.p.TestFile    ... finished proof: closed. 
139500     INFO  main            d.u.i.k.p.i.AbstractProblemLoader Loading environment from /home/runner/work/key/key/key.core/../key.ui/examples/standard_key/java_dl/exceptions3.key.proof 
139500     DEBUG main            d.u.i.k.p.i.AbstractProblemLoader Environment load took 81.8ns 
139501     INFO  main            d.u.i.k.p.i.AbstractProblemLoader Creating init config 
139520     WARN  main            d.u.i.k.j.r.KeYCrossReferenceNameInfo Datatype java.io.InputStream declared twice: Once in FILE:/home/runner/work/key/key/key.core/../key.ui/examples/standard_key/java_dl/classpath/InputStream.java and once in URL:file:/home/runner/work/key/key/key.core/build/resources/main/de/uka/ilkd/key/java/JavaRedux/java/io/InputStream.java, Keeping one from URL:file:/home/runner/work/key/key/key.core/build/resources/main/de/uka/ilkd/key/java/JavaRedux/java/io/InputStream.java 
139520     WARN  main            d.u.i.k.j.r.KeYCrossReferenceNameInfo Datatype java.lang.System declared twice: Once in FILE:/home/runner/work/key/key/key.core/../key.ui/examples/standard_key/java_dl/classpath/System.java and once in URL:file:/home/runner/work/key/key/key.core/build/resources/main/de/uka/ilkd/key/java/JavaRedux/java/lang/System.java, Keeping one from URL:file:/home/runner/work/key/key/key.core/build/resources/main/de/uka/ilkd/key/java/JavaRedux/java/lang/System.java 
139520     WARN  main            d.u.i.k.j.r.KeYCrossReferenceNameInfo Datatype java.io.PrintStream declared twice: Once in FILE:/home/runner/work/key/key/key.core/../key.ui/examples/standard_key/java_dl/classpath/PrintStream.java and once in URL:file:/home/runner/work/key/key/key.core/build/resources/main/de/uka/ilkd/key/java/JavaRedux/java/io/PrintStream.java, Keeping one from URL:file:/home/runner/work/key/key/key.core/build/resources/main/de/uka/ilkd/key/java/JavaRedux/java/io/PrintStream.java 
139523     DEBUG main            d.u.i.k.j.r.ClassFileDeclarationBuilder Parsing: package java.io; public class Closeable { } 
139523     DEBUG main            r.s.KeYCrossReferenceSourceInfo Dynamically created class: java.io.Closeable 
141738     DEBUG main            d.u.i.k.p.i.AbstractProblemLoader Init config took 2.24s 
141751     INFO  main            d.u.i.k.p.i.AbstractProblemLoader Replaying proof exceptions3.key.proof 
141756     DEBUG main            d.u.i.k.p.i.IntermediateProofReplayer Proof replay took 3.25ms 
141756     DEBUG main            d.u.i.k.p.r.p.TestFile    ... success: reloaded. 
141757     INFO  main            d.u.i.k.p.r.p.TestFile    Now processing file /home/runner/work/key/key/key.core/../key.ui/examples/standard_key/java_dl/exchange.key 
141757     INFO  main            d.u.i.k.p.i.AbstractProblemLoader Loading environment from /home/runner/work/key/key/key.core/../key.ui/examples/standard_key/java_dl/exchange.key 
141757     DEBUG main            d.u.i.k.p.i.AbstractProblemLoader Environment load took 55ns 
141758     INFO  main            d.u.i.k.p.i.AbstractProblemLoader Creating init config 
143991     DEBUG main            d.u.i.k.p.i.AbstractProblemLoader Init config took 2.23s 
144004     INFO  main            d.u.i.k.p.i.AbstractProblemLoader Replaying proof exchange.key 
144005     DEBUG main            d.u.i.k.p.i.IntermediateProofReplayer Proof replay took 6.3ns 
144112     INFO  main            d.u.i.k.p.r.p.TestFile    ... finished proof: closed. 
144385     INFO  main            d.u.i.k.p.i.AbstractProblemLoader Loading environment from /home/runner/work/key/key/key.core/../key.ui/examples/standard_key/java_dl/exchange.key.proof 
144386     DEBUG main            d.u.i.k.p.i.AbstractProblemLoader Environment load took 95.1ns 
144386     INFO  main            d.u.i.k.p.i.AbstractProblemLoader Creating init config 
146637     DEBUG main            d.u.i.k.p.i.AbstractProblemLoader Init config took 2.25s 
146650     INFO  main            d.u.i.k.p.i.AbstractProblemLoader Replaying proof exchange.key.proof 
146654     DEBUG main            d.u.i.k.p.i.IntermediateProofReplayer Proof replay took 2.68ms 
146655     DEBUG main            d.u.i.k.p.r.p.TestFile    ... success: reloaded. 
146656     INFO  main            d.u.i.k.p.r.p.TestFile    Now processing file /home/runner/work/key/key/key.core/../key.ui/examples/standard_key/java_dl/if.key 
146656     INFO  main            d.u.i.k.p.i.AbstractProblemLoader Loading environment from /home/runner/work/key/key/key.core/../key.ui/examples/standard_key/java_dl/if.key 
146656     DEBUG main            d.u.i.k.p.i.AbstractProblemLoader Environment load took 66.6ns 
146657     INFO  main            d.u.i.k.p.i.AbstractProblemLoader Creating init config 
148920     DEBUG main            d.u.i.k.p.i.AbstractProblemLoader Init config took 2.26s 
148933     INFO  main            d.u.i.k.p.i.AbstractProblemLoader Replaying proof if.key 
148934     DEBUG main            d.u.i.k.p.i.IntermediateProofReplayer Proof replay took 6.5ns 
149036     INFO  main            d.u.i.k.p.r.p.TestFile    ... finished proof: closed. 
149295     INFO  main            d.u.i.k.p.i.AbstractProblemLoader Loading environment from /home/runner/work/key/key/key.core/../key.ui/examples/standard_key/java_dl/if.key.proof 
149296     DEBUG main            d.u.i.k.p.i.AbstractProblemLoader Environment load took 82.5ns 
149296     INFO  main            d.u.i.k.p.i.AbstractProblemLoader Creating init config 
151496     DEBUG main            d.u.i.k.p.i.AbstractProblemLoader Init config took 2.2s 
151508     INFO  main            d.u.i.k.p.i.AbstractProblemLoader Replaying proof if.key.proof 
151512     DEBUG main            d.u.i.k.p.i.IntermediateProofReplayer Proof replay took 2.47ms 
151513     DEBUG main            d.u.i.k.p.r.p.TestFile    ... success: reloaded. 
151513     INFO  main            d.u.i.k.p.r.p.TestFile    Now processing file /home/runner/work/key/key/key.core/../key.ui/examples/standard_key/java_dl/incrementcounter.key 
151514     INFO  main            d.u.i.k.p.i.AbstractProblemLoader Loading environment from /home/runner/work/key/key/key.core/../key.ui/examples/standard_key/java_dl/incrementcounter.key 
151514     DEBUG main            d.u.i.k.p.i.AbstractProblemLoader Environment load took 141.1ns 
151515     INFO  main            d.u.i.k.p.i.AbstractProblemLoader Creating init config 
153755     DEBUG main            d.u.i.k.p.i.AbstractProblemLoader Init config took 2.24s 
153768     INFO  main            d.u.i.k.p.i.AbstractProblemLoader Replaying proof incrementcounter.key 
153769     DEBUG main            d.u.i.k.p.i.IntermediateProofReplayer Proof replay took 6.2ns 
153872     INFO  main            d.u.i.k.p.r.p.TestFile    ... finished proof: closed. 
154138     INFO  main            d.u.i.k.p.i.AbstractProblemLoader Loading environment from /home/runner/work/key/key/key.core/../key.ui/examples/standard_key/java_dl/incrementcounter.key.proof 
154138     DEBUG main            d.u.i.k.p.i.AbstractProblemLoader Environment load took 86ns 
154139     INFO  main            d.u.i.k.p.i.AbstractProblemLoader Creating init config 
156335     DEBUG main            d.u.i.k.p.i.AbstractProblemLoader Init config took 2.2s 
156347     INFO  main            d.u.i.k.p.i.AbstractProblemLoader Replaying proof incrementcounter.key.proof 
156350     DEBUG main            d.u.i.k.p.i.IntermediateProofReplayer Proof replay took 1.61ms 
156351     DEBUG main            d.u.i.k.p.r.p.TestFile    ... success: reloaded. 
156351     INFO  main            d.u.i.k.p.r.p.TestFile    Now processing file /home/runner/work/key/key/key.core/../key.ui/examples/standard_key/java_dl/danglingElse.key 
156351     INFO  main            d.u.i.k.p.i.AbstractProblemLoader Loading environment from /home/runner/work/key/key/key.core/../key.ui/examples/standard_key/java_dl/danglingElse.key 
156351     DEBUG main            d.u.i.k.p.i.AbstractProblemLoader Environment load took 86.2ns 
156352     INFO  main            d.u.i.k.p.i.AbstractProblemLoader Creating init config 
158581     DEBUG main            d.u.i.k.p.i.AbstractProblemLoader Init config took 2.23s 
158594     INFO  main            d.u.i.k.p.i.AbstractProblemLoader Replaying proof danglingElse.key 
158595     DEBUG main            d.u.i.k.p.i.IntermediateProofReplayer Proof replay took 6.6ns 
158697     INFO  main            d.u.i.k.p.r.p.TestFile    ... finished proof: open goal(s) 
158994     INFO  main            d.u.i.k.p.r.p.TestFile    Now processing file /home/runner/work/key/key/key.core/../key.ui/examples/standard_key/java_dl/iteratedAssignment.key 
158995     INFO  main            d.u.i.k.p.i.AbstractProblemLoader Loading environment from /home/runner/work/key/key/key.core/../key.ui/examples/standard_key/java_dl/iteratedAssignment.key 
158995     DEBUG main            d.u.i.k.p.i.AbstractProblemLoader Environment load took 79.4ns 
158998     INFO  main            d.u.i.k.p.i.AbstractProblemLoader Creating init config 
161214     DEBUG main            d.u.i.k.p.i.AbstractProblemLoader Init config took 2.22s 
161228     INFO  main            d.u.i.k.p.i.AbstractProblemLoader Replaying proof iteratedAssignment.key 
161230     DEBUG main            d.u.i.k.p.i.IntermediateProofReplayer Proof replay took 6.3ns 
161534     INFO  main            d.u.i.k.p.r.p.TestFile    ... finished proof: closed. 
161813     INFO  main            d.u.i.k.p.i.AbstractProblemLoader Loading environment from /home/runner/work/key/key/key.core/../key.ui/examples/standard_key/java_dl/iteratedAssignment.key.proof 
161813     DEBUG main            d.u.i.k.p.i.AbstractProblemLoader Environment load took 90ns 
161814     INFO  main            d.u.i.k.p.i.AbstractProblemLoader Creating init config 
164011     DEBUG main            d.u.i.k.p.i.AbstractProblemLoader Init config took 2.2s 
164024     INFO  main            d.u.i.k.p.i.AbstractProblemLoader Replaying proof iteratedAssignment.key.proof 
164085     DEBUG main            d.u.i.k.p.i.IntermediateProofReplayer Proof replay took 58.22ms 
164088     DEBUG main            d.u.i.k.p.r.p.TestFile    ... success: reloaded. 
164089     INFO  main            d.u.i.k.p.r.p.TestFile    Now processing file /home/runner/work/key/key/key.core/../key.ui/examples/standard_key/java_dl/assert/assert1.key 
164089     INFO  main            d.u.i.k.p.i.AbstractProblemLoader Loading environment from /home/runner/work/key/key/key.core/../key.ui/examples/standard_key/java_dl/assert/assert1.key 
164089     DEBUG main            d.u.i.k.p.i.AbstractProblemLoader Environment load took 95.5ns 
164090     INFO  main            d.u.i.k.p.i.AbstractProblemLoader Creating init config 
166371     DEBUG main            d.u.i.k.p.i.AbstractProblemLoader Init config took 2.28s 
166403     INFO  main            d.u.i.k.p.i.AbstractProblemLoader Replaying proof C[C::foo()].JML normal_behavior operation contract.0 
166404     DEBUG main            d.u.i.k.p.i.IntermediateProofReplayer Proof replay took 6.6ns 
166506     INFO  main            d.u.i.k.p.r.p.TestFile    ... finished proof: open goal(s) 
166800     INFO  main            d.u.i.k.p.r.p.TestFile    Now processing file /home/runner/work/key/key/key.core/../key.ui/examples/standard_key/java_dl/assert/assert2.key 
166800     INFO  main            d.u.i.k.p.i.AbstractProblemLoader Loading environment from /home/runner/work/key/key/key.core/../key.ui/examples/standard_key/java_dl/assert/assert2.key 
166800     DEBUG main            d.u.i.k.p.i.AbstractProblemLoader Environment load took 45.1ns 
166801     INFO  main            d.u.i.k.p.i.AbstractProblemLoader Creating init config 
169032     DEBUG main            d.u.i.k.p.i.AbstractProblemLoader Init config took 2.23s 
169070     INFO  main            d.u.i.k.p.i.AbstractProblemLoader Replaying proof C[C::bar()].JML exceptional_behavior operation contract.0 
169073     DEBUG main            d.u.i.k.p.i.IntermediateProofReplayer Proof replay took 5.9ns 
169275     INFO  main            d.u.i.k.p.r.p.TestFile    ... finished proof: closed. 
169555     INFO  main            d.u.i.k.p.i.AbstractProblemLoader Loading environment from /home/runner/work/key/key/key.core/../key.ui/examples/standard_key/java_dl/assert/assert2.key.proof 
169555     DEBUG main            d.u.i.k.p.i.AbstractProblemLoader Environment load took 80ns 
169556     INFO  main            d.u.i.k.p.i.AbstractProblemLoader Creating init config 
171788     DEBUG main            d.u.i.k.p.i.AbstractProblemLoader Init config took 2.23s 
171819     INFO  main            d.u.i.k.p.i.AbstractProblemLoader Replaying proof C[C::bar()].JML exceptional_behavior operation contract.0 
171855     DEBUG main            d.u.i.k.p.i.IntermediateProofReplayer Proof replay took 33.77ms 
171856     DEBUG main            d.u.i.k.p.r.p.TestFile    ... success: reloaded. 
171856     INFO  main            d.u.i.k.p.r.p.TestFile    Now processing file /home/runner/work/key/key/key.core/../key.ui/examples/standard_key/java_dl/assert/assert3.key 
171857     INFO  main            d.u.i.k.p.i.AbstractProblemLoader Loading environment from /home/runner/work/key/key/key.core/../key.ui/examples/standard_key/java_dl/assert/assert3.key 
171857     DEBUG main            d.u.i.k.p.i.AbstractProblemLoader Environment load took 86.2ns 
171857     INFO  main            d.u.i.k.p.i.AbstractProblemLoader Creating init config 
174124     DEBUG main            d.u.i.k.p.i.AbstractProblemLoader Init config took 2.27s 
174172     INFO  main            d.u.i.k.p.i.AbstractProblemLoader Replaying proof C[C::foo()].JML normal_behavior operation contract.0 
174175     DEBUG main            d.u.i.k.p.i.IntermediateProofReplayer Proof replay took 6.4ns 
174277     INFO  main            d.u.i.k.p.r.p.TestFile    ... finished proof: open goal(s) 
174558     INFO  main            d.u.i.k.p.r.p.TestFile    Now processing file /home/runner/work/key/key/key.core/../key.ui/examples/standard_key/java_dl/java5/vararg.key 
174558     INFO  main            d.u.i.k.p.i.AbstractProblemLoader Loading environment from /home/runner/work/key/key/key.core/../key.ui/examples/standard_key/java_dl/java5/vararg.key 
174558     DEBUG main            d.u.i.k.p.i.AbstractProblemLoader Environment load took 49.2ns 
174559     INFO  main            d.u.i.k.p.i.AbstractProblemLoader Creating init config 
175351     DEBUG main            d.u.i.k.j.r.ClassPreparationMethodBuilder clPrepBuilder: Inner Class detected. Reject building class initialisation methods. 
177062     DEBUG main            d.u.i.k.p.i.AbstractProblemLoader Init config took 2.5s 
177091     INFO  main            d.u.i.k.p.i.AbstractProblemLoader Replaying proof vararg.key 
177092     DEBUG main            d.u.i.k.p.i.IntermediateProofReplayer Proof replay took 7.9ns 
177357     DEBUG Thread-101      d.u.i.k.j.d.VariableSpecification Program match. Variables have different dimension (template #v0 = #vi;, source var#17[] = new java.lang.Object[]{d1, d2};) 
177490     DEBUG Thread-101      d.u.i.k.j.d.VariableSpecification Program match. Variables have different dimension (template #v0 = #vi;, source var#24[] = new java.lang.Object[]{d1, d2};) 
177620     DEBUG Thread-101      d.u.i.k.j.d.VariableSpecification Program match. Variables have different dimension (template #v0 = #vi;, source var#33[] = new java.lang.Object[]{var_1};) 
177621     DEBUG Thread-101      d.u.i.k.j.d.VariableSpecification Program match. Variables have different dimension (template #v0 = #vi;, source var#33[] = new java.lang.Object[]{var_1};) 
177722     DEBUG Thread-101      d.u.i.k.j.d.VariableSpecification Program match. Variables have different dimension (template #v0 = #vi;, source var#39[] = new java.lang.Object[]{null, null};) 
177847     DEBUG Thread-101      d.u.i.k.j.d.VariableSpecification Program match. Variables have different dimension (template #v0 = #vi;, source var#46[] = new java.lang.Object[]{};) 
178198     INFO  main            d.u.i.k.p.r.p.TestFile    ... finished proof: closed. 
178555     INFO  main            d.u.i.k.p.i.AbstractProblemLoader Loading environment from /home/runner/work/key/key/key.core/../key.ui/examples/standard_key/java_dl/java5/vararg.key.proof 
178555     DEBUG main            d.u.i.k.p.i.AbstractProblemLoader Environment load took 285.31ns 
178557     INFO  main            d.u.i.k.p.i.AbstractProblemLoader Creating init config 
179348     DEBUG main            d.u.i.k.j.r.ClassPreparationMethodBuilder clPrepBuilder: Inner Class detected. Reject building class initialisation methods. 
181018     DEBUG main            d.u.i.k.p.i.AbstractProblemLoader Init config took 2.46s 
181039     INFO  main            d.u.i.k.p.i.AbstractProblemLoader Replaying proof vararg.key.proof 
181320     DEBUG main            d.u.i.k.p.i.IntermediateProofReplayer Proof replay took 270.66ms 
181321     DEBUG main            d.u.i.k.p.r.p.TestFile    ... success: reloaded. 
181322     INFO  main            d.u.i.k.p.r.p.TestFile    Now processing file /home/runner/work/key/key/key.core/../key.ui/examples/standard_key/java_dl/java5/for_Array.key 
181322     INFO  main            d.u.i.k.p.i.AbstractProblemLoader Loading environment from /home/runner/work/key/key/key.core/../key.ui/examples/standard_key/java_dl/java5/for_Array.key 
181322     DEBUG main            d.u.i.k.p.i.AbstractProblemLoader Environment load took 136.6ns 
181323     INFO  main            d.u.i.k.p.i.AbstractProblemLoader Creating init config 
182123     DEBUG main            d.u.i.k.j.r.ClassPreparationMethodBuilder clPrepBuilder: Inner Class detected. Reject building class initialisation methods. 
183845     DEBUG main            d.u.i.k.p.i.AbstractProblemLoader Init config took 2.52s 
183893     INFO  main            d.u.i.k.p.i.AbstractProblemLoader Replaying proof For[For::sum([I)].JML operation contract.0 
183895     DEBUG main            d.u.i.k.p.i.IntermediateProofReplayer Proof replay took 19.5ns 
184197     INFO  main            d.u.i.k.p.r.p.TestFile    ... finished proof: closed. 
184565     INFO  main            d.u.i.k.p.i.AbstractProblemLoader Loading environment from /home/runner/work/key/key/key.core/../key.ui/examples/standard_key/java_dl/java5/for_Array.key.proof 
184565     DEBUG main            d.u.i.k.p.i.AbstractProblemLoader Environment load took 85ns 
184566     INFO  main            d.u.i.k.p.i.AbstractProblemLoader Creating init config 
185325     DEBUG main            d.u.i.k.j.r.ClassPreparationMethodBuilder clPrepBuilder: Inner Class detected. Reject building class initialisation methods. 
187006     DEBUG main            d.u.i.k.p.i.AbstractProblemLoader Init config took 2.44s 
187053     INFO  main            d.u.i.k.p.i.AbstractProblemLoader Replaying proof For[For::sum([I)].JML operation contract.0 
187132     DEBUG main            d.u.i.k.p.i.IntermediateProofReplayer Proof replay took 76ms 
187133     DEBUG main            d.u.i.k.p.r.p.TestFile    ... success: reloaded. 
187134     INFO  main            d.u.i.k.p.r.p.TestFile    Now processing file /home/runner/work/key/key/key.core/../key.ui/examples/standard_key/java_dl/java5/for_Iterable.key 
187134     INFO  main            d.u.i.k.p.i.AbstractProblemLoader Loading environment from /home/runner/work/key/key/key.core/../key.ui/examples/standard_key/java_dl/java5/for_Iterable.key 
187134     DEBUG main            d.u.i.k.p.i.AbstractProblemLoader Environment load took 70.9ns 
187135     INFO  main            d.u.i.k.p.i.AbstractProblemLoader Creating init config 
187900     DEBUG main            d.u.i.k.j.r.ClassPreparationMethodBuilder clPrepBuilder: Inner Class detected. Reject building class initialisation methods. 
189551     DEBUG main            d.u.i.k.p.i.AbstractProblemLoader Init config took 2.42s 
189602     INFO  main            d.u.i.k.p.i.AbstractProblemLoader Replaying proof For[For::infiniteLoop(For)].JML operation contract.0 
189603     DEBUG main            d.u.i.k.p.i.IntermediateProofReplayer Proof replay took 6.3ns 
189805     INFO  main            d.u.i.k.p.r.p.TestFile    ... finished proof: closed. 
190123     INFO  main            d.u.i.k.p.i.AbstractProblemLoader Loading environment from /home/runner/work/key/key/key.core/../key.ui/examples/standard_key/java_dl/java5/for_Iterable.key.proof 
190123     DEBUG main            d.u.i.k.p.i.AbstractProblemLoader Environment load took 81.2ns 
190124     INFO  main            d.u.i.k.p.i.AbstractProblemLoader Creating init config 
190883     DEBUG main            d.u.i.k.j.r.ClassPreparationMethodBuilder clPrepBuilder: Inner Class detected. Reject building class initialisation methods. 
192505     DEBUG main            d.u.i.k.p.i.AbstractProblemLoader Init config took 2.38s 
192551     INFO  main            d.u.i.k.p.i.AbstractProblemLoader Replaying proof For[For::infiniteLoop(For)].JML operation contract.0 
192598     DEBUG main            d.u.i.k.p.i.IntermediateProofReplayer Proof replay took 44.55ms 
192598     DEBUG main            d.u.i.k.p.r.p.TestFile    ... success: reloaded. 
192599     INFO  main            d.u.i.k.p.r.p.TestFile    Now processing file /home/runner/work/key/key/key.core/../key.ui/examples/standard_key/java_dl/java5/for_ReferenceArray.key 
192599     INFO  main            d.u.i.k.p.i.AbstractProblemLoader Loading environment from /home/runner/work/key/key/key.core/../key.ui/examples/standard_key/java_dl/java5/for_ReferenceArray.key 
192600     DEBUG main            d.u.i.k.p.i.AbstractProblemLoader Environment load took 65.8ns 
192600     INFO  main            d.u.i.k.p.i.AbstractProblemLoader Creating init config 
193367     DEBUG main            d.u.i.k.j.r.ClassPreparationMethodBuilder clPrepBuilder: Inner Class detected. Reject building class initialisation methods. 
195022     DEBUG main            d.u.i.k.p.i.AbstractProblemLoader Init config took 2.42s 
195067     INFO  main            d.u.i.k.p.i.AbstractProblemLoader Replaying proof ForReferenceArray[ForReferenceArray::foo([Ljava.lang.Object)].JML operation contract.0 
195069     DEBUG main            d.u.i.k.p.i.IntermediateProofReplayer Proof replay took 5.8ns 
195271     INFO  main            d.u.i.k.p.r.p.TestFile    ... finished proof: closed. 
195602     INFO  main            d.u.i.k.p.i.AbstractProblemLoader Loading environment from /home/runner/work/key/key/key.core/../key.ui/examples/standard_key/java_dl/java5/for_ReferenceArray.key.proof 
195602     DEBUG main            d.u.i.k.p.i.AbstractProblemLoader Environment load took 94.4ns 
195604     INFO  main            d.u.i.k.p.i.AbstractProblemLoader Creating init config 
196366     DEBUG main            d.u.i.k.j.r.ClassPreparationMethodBuilder clPrepBuilder: Inner Class detected. Reject building class initialisation methods. 
197987     DEBUG main            d.u.i.k.p.i.AbstractProblemLoader Init config took 2.38s 
198043     INFO  main            d.u.i.k.p.i.AbstractProblemLoader Replaying proof ForReferenceArray[ForReferenceArray::foo([Ljava.lang.Object)].JML operation contract.0 
198095     DEBUG main            d.u.i.k.p.i.IntermediateProofReplayer Proof replay took 49.3ms 
198096     DEBUG main            d.u.i.k.p.r.p.TestFile    ... success: reloaded. 
198097     INFO  main            d.u.i.k.p.r.p.TestFile    Now processing file /home/runner/work/key/key/key.core/../key.ui/examples/standard_key/java_dl/jml-bigint/cast.key 
198097     INFO  main            d.u.i.k.p.i.AbstractProblemLoader Loading environment from /home/runner/work/key/key/key.core/../key.ui/examples/standard_key/java_dl/jml-bigint/cast.key 
198097     DEBUG main            d.u.i.k.p.i.AbstractProblemLoader Environment load took 99.7ns 
198098     INFO  main            d.u.i.k.p.i.AbstractProblemLoader Creating init config 
200467     DEBUG main            d.u.i.k.p.i.AbstractProblemLoader Init config took 2.37s 
200499     INFO  main            d.u.i.k.p.i.AbstractProblemLoader Replaying proof Mult[Mult::cast()].JML operation contract.0 
200500     DEBUG main            d.u.i.k.p.i.IntermediateProofReplayer Proof replay took 6.2ns 
200602     INFO  main            d.u.i.k.p.r.p.TestFile    ... finished proof: closed. 
200948     INFO  main            d.u.i.k.p.i.AbstractProblemLoader Loading environment from /home/runner/work/key/key/key.core/../key.ui/examples/standard_key/java_dl/jml-bigint/cast.key.proof 
200948     DEBUG main            d.u.i.k.p.i.AbstractProblemLoader Environment load took 104.6ns 
200948     INFO  main            d.u.i.k.p.i.AbstractProblemLoader Creating init config 
203252     DEBUG main            d.u.i.k.p.i.AbstractProblemLoader Init config took 2.3s 
203284     INFO  main            d.u.i.k.p.i.AbstractProblemLoader Replaying proof Mult[Mult::cast()].JML operation contract.0 
203296     DEBUG main            d.u.i.k.p.i.IntermediateProofReplayer Proof replay took 10.49ms 
203297     DEBUG main            d.u.i.k.p.r.p.TestFile    ... success: reloaded. 
203298     INFO  main            d.u.i.k.p.r.p.TestFile    Now processing file /home/runner/work/key/key/key.core/../key.ui/examples/standard_key/java_dl/jml-free/loopInvFree.key 
203298     INFO  main            d.u.i.k.p.i.AbstractProblemLoader Loading environment from /home/runner/work/key/key/key.core/../key.ui/examples/standard_key/java_dl/jml-free/loopInvFree.key 
203298     DEBUG main            d.u.i.k.p.i.AbstractProblemLoader Environment load took 65.6ns 
203299     INFO  main            d.u.i.k.p.i.AbstractProblemLoader Creating init config 
205579     DEBUG main            d.u.i.k.p.i.AbstractProblemLoader Init config took 2.28s 
205609     INFO  main            d.u.i.k.p.i.AbstractProblemLoader Replaying proof LoopInvFree[LoopInvFree::test()].JML operation contract.0 
205611     DEBUG main            d.u.i.k.p.i.IntermediateProofReplayer Proof replay took 7.7ns 
205813     INFO  main            d.u.i.k.p.r.p.TestFile    ... finished proof: closed. 
206146     INFO  main            d.u.i.k.p.i.AbstractProblemLoader Loading environment from /home/runner/work/key/key/key.core/../key.ui/examples/standard_key/java_dl/jml-free/loopInvFree.key.proof 
206146     DEBUG main            d.u.i.k.p.i.AbstractProblemLoader Environment load took 80.2ns 
206147     INFO  main            d.u.i.k.p.i.AbstractProblemLoader Creating init config 
208378     DEBUG main            d.u.i.k.p.i.AbstractProblemLoader Init config took 2.23s 
208408     INFO  main            d.u.i.k.p.i.AbstractProblemLoader Replaying proof LoopInvFree[LoopInvFree::test()].JML operation contract.0 
208446     DEBUG main            d.u.i.k.p.i.IntermediateProofReplayer Proof replay took 36.45ms 
208447     DEBUG main            d.u.i.k.p.r.p.TestFile    ... success: reloaded. 
208448     INFO  main            d.u.i.k.p.r.p.TestFile    Now processing file /home/runner/work/key/key/key.core/../key.ui/examples/standard_key/java_dl/jml-free/ensuresFree.key 
208448     INFO  main            d.u.i.k.p.i.AbstractProblemLoader Loading environment from /home/runner/work/key/key/key.core/../key.ui/examples/standard_key/java_dl/jml-free/ensuresFree.key 
208448     DEBUG main            d.u.i.k.p.i.AbstractProblemLoader Environment load took 66.7ns 
208449     INFO  main            d.u.i.k.p.i.AbstractProblemLoader Creating init config 
210721     DEBUG main            d.u.i.k.p.i.AbstractProblemLoader Init config took 2.27s 
210752     INFO  main            d.u.i.k.p.i.AbstractProblemLoader Replaying proof EnsuresFree[EnsuresFree::test()].JML operation contract.0 
210754     DEBUG main            d.u.i.k.p.i.IntermediateProofReplayer Proof replay took 6.7ns 
210855     INFO  main            d.u.i.k.p.r.p.TestFile    ... finished proof: closed. 
211186     INFO  main            d.u.i.k.p.i.AbstractProblemLoader Loading environment from /home/runner/work/key/key/key.core/../key.ui/examples/standard_key/java_dl/jml-free/ensuresFree.key.proof 
211186     DEBUG main            d.u.i.k.p.i.AbstractProblemLoader Environment load took 75ns 
211187     INFO  main            d.u.i.k.p.i.AbstractProblemLoader Creating init config 
213424     DEBUG main            d.u.i.k.p.i.AbstractProblemLoader Init config took 2.24s 
213455     INFO  main            d.u.i.k.p.i.AbstractProblemLoader Replaying proof EnsuresFree[EnsuresFree::test()].JML operation contract.0 
213471     DEBUG main            d.u.i.k.p.i.IntermediateProofReplayer Proof replay took 14.15ms 
213472     DEBUG main            d.u.i.k.p.r.p.TestFile    ... success: reloaded. 
213472     INFO  main            d.u.i.k.p.r.p.TestFile    Now processing file /home/runner/work/key/key/key.core/../key.ui/examples/standard_key/java_dl/jml-information-flow.key 
213472     INFO  main            d.u.i.k.p.i.AbstractProblemLoader Loading environment from /home/runner/work/key/key/key.core/../key.ui/examples/standard_key/java_dl/jml-information-flow.key 
213473     DEBUG main            d.u.i.k.p.i.AbstractProblemLoader Environment load took 39.2ns 
213487     INFO  main            d.u.i.k.p.i.AbstractProblemLoader Creating init config 
215938     DEBUG main            d.u.i.k.p.i.AbstractProblemLoader Init config took 2.45s 
215954     INFO  main            d.u.i.k.p.i.AbstractProblemLoader Replaying proof jml-information-flow.key 
215956     DEBUG main            d.u.i.k.p.i.IntermediateProofReplayer Proof replay took 6.4ns 
319701     INFO  main            d.u.i.k.p.r.p.TestFile    ... finished proof: closed. 
320191     INFO  main            d.u.i.k.p.i.AbstractProblemLoader Loading environment from /home/runner/work/key/key/key.core/../key.ui/examples/standard_key/java_dl/jml-information-flow.key.proof 
320191     DEBUG main            d.u.i.k.p.i.AbstractProblemLoader Environment load took 140.5ns 
320198     INFO  main            d.u.i.k.p.i.AbstractProblemLoader Creating init config 
322556     DEBUG main            d.u.i.k.p.i.AbstractProblemLoader Init config took 2.36s 
322573     INFO  main            d.u.i.k.p.i.AbstractProblemLoader Replaying proof jml-information-flow.key.proof 
326160     DEBUG main            d.u.i.k.p.i.IntermediateProofReplayer Proof replay took 3.49s 
326167     DEBUG main            d.u.i.k.p.r.p.TestFile    ... success: reloaded. 
326168     INFO  main            d.u.i.k.p.r.p.TestFile    Now processing file /home/runner/work/key/key/key.core/../key.ui/examples/standard_key/java_dl/jml-min/min-unprovable1.key 
326168     INFO  main            d.u.i.k.p.i.AbstractProblemLoader Loading environment from /home/runner/work/key/key/key.core/../key.ui/examples/standard_key/java_dl/jml-min/min-unprovable1.key 
326168     DEBUG main            d.u.i.k.p.i.AbstractProblemLoader Environment load took 69.6ns 
326169     INFO  main            d.u.i.k.p.i.AbstractProblemLoader Creating init config 
328741     DEBUG main            d.u.i.k.p.i.AbstractProblemLoader Init config took 2.57s 
328772     INFO  main            d.u.i.k.p.i.AbstractProblemLoader Replaying proof Min[Min::foo()].JML operation contract.0 
328773     DEBUG main            d.u.i.k.p.i.IntermediateProofReplayer Proof replay took 6.6ns 
328874     INFO  main            d.u.i.k.p.r.p.TestFile    ... finished proof: open goal(s) 
329226     INFO  main            d.u.i.k.p.r.p.TestFile    Now processing file /home/runner/work/key/key/key.core/../key.ui/examples/standard_key/java_dl/jml-min/min-unprovable2.key 
329226     INFO  main            d.u.i.k.p.i.AbstractProblemLoader Loading environment from /home/runner/work/key/key/key.core/../key.ui/examples/standard_key/java_dl/jml-min/min-unprovable2.key 
329226     DEBUG main            d.u.i.k.p.i.AbstractProblemLoader Environment load took 42.5ns 
329227     INFO  main            d.u.i.k.p.i.AbstractProblemLoader Creating init config 
331476     DEBUG main            d.u.i.k.p.i.AbstractProblemLoader Init config took 2.25s 
331508     INFO  main            d.u.i.k.p.i.AbstractProblemLoader Replaying proof Min[Min::foo2()].JML operation contract.0 
331509     DEBUG main            d.u.i.k.p.i.IntermediateProofReplayer Proof replay took 6.5ns 
331612     INFO  main            d.u.i.k.p.r.p.TestFile    ... finished proof: open goal(s) 
331958     INFO  main            d.u.i.k.p.r.p.TestFile    Now processing file /home/runner/work/key/key/key.core/../key.ui/examples/standard_key/java_dl/methodCall.key 
331959     INFO  main            d.u.i.k.p.i.AbstractProblemLoader Loading environment from /home/runner/work/key/key/key.core/../key.ui/examples/standard_key/java_dl/methodCall.key 
331959     DEBUG main            d.u.i.k.p.i.AbstractProblemLoader Environment load took 45.2ns 
331959     INFO  main            d.u.i.k.p.i.AbstractProblemLoader Creating init config 
334206     DEBUG main            d.u.i.k.p.i.AbstractProblemLoader Init config took 2.25s 
334219     INFO  main            d.u.i.k.p.i.AbstractProblemLoader Replaying proof methodCall.key 
334220     DEBUG main            d.u.i.k.p.i.IntermediateProofReplayer Proof replay took 5.9ns 
334321     INFO  main            d.u.i.k.p.r.p.TestFile    ... finished proof: closed. 
334662     INFO  main            d.u.i.k.p.i.AbstractProblemLoader Loading environment from /home/runner/work/key/key/key.core/../key.ui/examples/standard_key/java_dl/methodCall.key.proof 
334662     DEBUG main            d.u.i.k.p.i.AbstractProblemLoader Environment load took 79ns 
334663     INFO  main            d.u.i.k.p.i.AbstractProblemLoader Creating init config 
336906     DEBUG main            d.u.i.k.p.i.AbstractProblemLoader Init config took 2.24s 
336923     INFO  main            d.u.i.k.p.i.AbstractProblemLoader Replaying proof methodCall.key.proof 
336927     DEBUG main            d.u.i.k.p.i.IntermediateProofReplayer Proof replay took 1.63ms 
336927     DEBUG main            d.u.i.k.p.r.p.TestFile    ... success: reloaded. 
336928     INFO  main            d.u.i.k.p.r.p.TestFile    Now processing file /home/runner/work/key/key/key.core/../key.ui/examples/standard_key/java_dl/methodCall1.key 
336928     INFO  main            d.u.i.k.p.i.AbstractProblemLoader Loading environment from /home/runner/work/key/key/key.core/../key.ui/examples/standard_key/java_dl/methodCall1.key 
336928     DEBUG main            d.u.i.k.p.i.AbstractProblemLoader Environment load took 71.6ns 
336929     INFO  main            d.u.i.k.p.i.AbstractProblemLoader Creating init config 
339188     DEBUG main            d.u.i.k.p.i.AbstractProblemLoader Init config took 2.26s 
339201     INFO  main            d.u.i.k.p.i.AbstractProblemLoader Replaying proof methodCall1.key 
339202     DEBUG main            d.u.i.k.p.i.IntermediateProofReplayer Proof replay took 6.4ns 
339305     INFO  main            d.u.i.k.p.r.p.TestFile    ... finished proof: closed. 
339663     INFO  main            d.u.i.k.p.i.AbstractProblemLoader Loading environment from /home/runner/work/key/key/key.core/../key.ui/examples/standard_key/java_dl/methodCall1.key.proof 
339663     DEBUG main            d.u.i.k.p.i.AbstractProblemLoader Environment load took 79.5ns 
339664     INFO  main            d.u.i.k.p.i.AbstractProblemLoader Creating init config 
341897     DEBUG main            d.u.i.k.p.i.AbstractProblemLoader Init config took 2.23s 
341909     INFO  main            d.u.i.k.p.i.AbstractProblemLoader Replaying proof methodCall1.key.proof 
341922     DEBUG main            d.u.i.k.p.i.IntermediateProofReplayer Proof replay took 11.11ms 
341924     DEBUG main            d.u.i.k.p.r.p.TestFile    ... success: reloaded. 
341924     INFO  main            d.u.i.k.p.r.p.TestFile    Now processing file /home/runner/work/key/key/key.core/../key.ui/examples/standard_key/java_dl/methodCall1box.key 
341924     INFO  main            d.u.i.k.p.i.AbstractProblemLoader Loading environment from /home/runner/work/key/key/key.core/../key.ui/examples/standard_key/java_dl/methodCall1box.key 
341924     DEBUG main            d.u.i.k.p.i.AbstractProblemLoader Environment load took 72.1ns 
341925     INFO  main            d.u.i.k.p.i.AbstractProblemLoader Creating init config 
344174     DEBUG main            d.u.i.k.p.i.AbstractProblemLoader Init config took 2.25s 
344186     INFO  main            d.u.i.k.p.i.AbstractProblemLoader Replaying proof methodCall1box.key 
344188     DEBUG main            d.u.i.k.p.i.IntermediateProofReplayer Proof replay took 7.5ns 
344289     INFO  main            d.u.i.k.p.r.p.TestFile    ... finished proof: closed. 
344654     INFO  main            d.u.i.k.p.i.AbstractProblemLoader Loading environment from /home/runner/work/key/key/key.core/../key.ui/examples/standard_key/java_dl/methodCall1box.key.proof 
344654     DEBUG main            d.u.i.k.p.i.AbstractProblemLoader Environment load took 83.7ns 
344655     INFO  main            d.u.i.k.p.i.AbstractProblemLoader Creating init config 
346889     DEBUG main            d.u.i.k.p.i.AbstractProblemLoader Init config took 2.23s 
346901     INFO  main            d.u.i.k.p.i.AbstractProblemLoader Replaying proof methodCall1box.key.proof 
346914     DEBUG main            d.u.i.k.p.i.IntermediateProofReplayer Proof replay took 11.1ms 
346915     DEBUG main            d.u.i.k.p.r.p.TestFile    ... success: reloaded. 
346915     INFO  main            d.u.i.k.p.r.p.TestFile    Now processing file /home/runner/work/key/key/key.core/../key.ui/examples/standard_key/java_dl/methodCall3.key 
346915     INFO  main            d.u.i.k.p.i.AbstractProblemLoader Loading environment from /home/runner/work/key/key/key.core/../key.ui/examples/standard_key/java_dl/methodCall3.key 
346915     DEBUG main            d.u.i.k.p.i.AbstractProblemLoader Environment load took 42.8ns 
346916     INFO  main            d.u.i.k.p.i.AbstractProblemLoader Creating init config 
349177     DEBUG main            d.u.i.k.p.i.AbstractProblemLoader Init config took 2.26s 
349192     INFO  main            d.u.i.k.p.i.AbstractProblemLoader Replaying proof methodCall3.key 
349193     DEBUG main            d.u.i.k.p.i.IntermediateProofReplayer Proof replay took 6.9ns 
349295     INFO  main            d.u.i.k.p.r.p.TestFile    ... finished proof: closed. 
349669     INFO  main            d.u.i.k.p.i.AbstractProblemLoader Loading environment from /home/runner/work/key/key/key.core/../key.ui/examples/standard_key/java_dl/methodCall3.key.proof 
349669     DEBUG main            d.u.i.k.p.i.AbstractProblemLoader Environment load took 77.8ns 
349670     INFO  main            d.u.i.k.p.i.AbstractProblemLoader Creating init config 
351909     DEBUG main            d.u.i.k.p.i.AbstractProblemLoader Init config took 2.24s 
351921     INFO  main            d.u.i.k.p.i.AbstractProblemLoader Replaying proof methodCall3.key.proof 
351930     DEBUG main            d.u.i.k.p.i.IntermediateProofReplayer Proof replay took 7.31ms 
351931     DEBUG main            d.u.i.k.p.r.p.TestFile    ... success: reloaded. 
351932     INFO  main            d.u.i.k.p.r.p.TestFile    Now processing file /home/runner/work/key/key/key.core/../key.ui/examples/standard_key/java_dl/polishFlagSort.key 
351932     INFO  main            d.u.i.k.p.i.AbstractProblemLoader Loading environment from /home/runner/work/key/key/key.core/../key.ui/examples/standard_key/java_dl/polishFlagSort.key 
351932     DEBUG main            d.u.i.k.p.i.AbstractProblemLoader Environment load took 72.4ns 
351933     INFO  main            d.u.i.k.p.i.AbstractProblemLoader Creating init config 
354230     DEBUG main            d.u.i.k.p.i.AbstractProblemLoader Init config took 2.3s 
354244     INFO  main            d.u.i.k.p.i.AbstractProblemLoader Replaying proof polishFlagSort.key 
354245     DEBUG main            d.u.i.k.p.i.IntermediateProofReplayer Proof replay took 6.8ns 
356183     INFO  main            d.u.i.k.p.r.p.TestFile    ... finished proof: closed. 
356599     INFO  main            d.u.i.k.p.i.AbstractProblemLoader Loading environment from /home/runner/work/key/key/key.core/../key.ui/examples/standard_key/java_dl/polishFlagSort.key.proof 
356600     DEBUG main            d.u.i.k.p.i.AbstractProblemLoader Environment load took 291.31ns 
356603     INFO  main            d.u.i.k.p.i.AbstractProblemLoader Creating init config 
358868     DEBUG main            d.u.i.k.p.i.AbstractProblemLoader Init config took 2.27s 
358881     INFO  main            d.u.i.k.p.i.AbstractProblemLoader Replaying proof polishFlagSort.key.proof 
359204     DEBUG main            d.u.i.k.p.i.IntermediateProofReplayer Proof replay took 312.59ms 
359206     DEBUG main            d.u.i.k.p.r.p.TestFile    ... success: reloaded. 
359207     INFO  main            d.u.i.k.p.r.p.TestFile    Now processing file /home/runner/work/key/key/key.core/../key.ui/examples/standard_key/java_dl/postConditionTaclets1.key 
359207     INFO  main            d.u.i.k.p.i.AbstractProblemLoader Loading environment from /home/runner/work/key/key/key.core/../key.ui/examples/standard_key/java_dl/postConditionTaclets1.key 
359207     DEBUG main            d.u.i.k.p.i.AbstractProblemLoader Environment load took 156.1ns 
359208     INFO  main            d.u.i.k.p.i.AbstractProblemLoader Creating init config 
361431     DEBUG main            d.u.i.k.p.i.AbstractProblemLoader Init config took 2.22s 
361443     INFO  main            d.u.i.k.p.i.AbstractProblemLoader Replaying proof postConditionTaclets1.key 
361446     DEBUG main            d.u.i.k.p.i.IntermediateProofReplayer Proof replay took 6ns 
361547     INFO  main            d.u.i.k.p.r.p.TestFile    ... finished proof: closed. 
361972     INFO  main            d.u.i.k.p.i.AbstractProblemLoader Loading environment from /home/runner/work/key/key/key.core/../key.ui/examples/standard_key/java_dl/postConditionTaclets1.key.proof 
361972     DEBUG main            d.u.i.k.p.i.AbstractProblemLoader Environment load took 71ns 
361973     INFO  main            d.u.i.k.p.i.AbstractProblemLoader Creating init config 
364156     DEBUG main            d.u.i.k.p.i.AbstractProblemLoader Init config took 2.18s 
364169     INFO  main            d.u.i.k.p.i.AbstractProblemLoader Replaying proof postConditionTaclets1.key.proof 
364170     DEBUG main            d.u.i.k.p.i.IntermediateProofReplayer Proof replay took 346.11ns 
364171     DEBUG main            d.u.i.k.p.r.p.TestFile    ... success: reloaded. 
364171     INFO  main            d.u.i.k.p.r.p.TestFile    Now processing file /home/runner/work/key/key/key.core/../key.ui/examples/standard_key/java_dl/postConditionTaclets2.key 
364172     INFO  main            d.u.i.k.p.i.AbstractProblemLoader Loading environment from /home/runner/work/key/key/key.core/../key.ui/examples/standard_key/java_dl/postConditionTaclets2.key 
364172     DEBUG main            d.u.i.k.p.i.AbstractProblemLoader Environment load took 104ns 
364173     INFO  main            d.u.i.k.p.i.AbstractProblemLoader Creating init config 
366380     DEBUG main            d.u.i.k.p.i.AbstractProblemLoader Init config took 2.21s 
366393     INFO  main            d.u.i.k.p.i.AbstractProblemLoader Replaying proof postConditionTaclets2.key 
366394     DEBUG main            d.u.i.k.p.i.IntermediateProofReplayer Proof replay took 6ns 
366496     INFO  main            d.u.i.k.p.r.p.TestFile    ... finished proof: closed. 
366884     INFO  main            d.u.i.k.p.i.AbstractProblemLoader Loading environment from /home/runner/work/key/key/key.core/../key.ui/examples/standard_key/java_dl/postConditionTaclets2.key.proof 
366885     DEBUG main            d.u.i.k.p.i.AbstractProblemLoader Environment load took 73.8ns 
366886     INFO  main            d.u.i.k.p.i.AbstractProblemLoader Creating init config 
369063     DEBUG main            d.u.i.k.p.i.AbstractProblemLoader Init config took 2.18s 
369076     INFO  main            d.u.i.k.p.i.AbstractProblemLoader Replaying proof postConditionTaclets2.key.proof 
369078     DEBUG main            d.u.i.k.p.i.IntermediateProofReplayer Proof replay took 513.91ns 
369078     DEBUG main            d.u.i.k.p.r.p.TestFile    ... success: reloaded. 
369079     INFO  main            d.u.i.k.p.r.p.TestFile    Now processing file /home/runner/work/key/key/key.core/../key.ui/examples/standard_key/java_dl/quantifiedQuery.key 
369079     INFO  main            d.u.i.k.p.i.AbstractProblemLoader Loading environment from /home/runner/work/key/key/key.core/../key.ui/examples/standard_key/java_dl/quantifiedQuery.key 
369079     DEBUG main            d.u.i.k.p.i.AbstractProblemLoader Environment load took 56.6ns 
369080     INFO  main            d.u.i.k.p.i.AbstractProblemLoader Creating init config 
371344     DEBUG main            d.u.i.k.p.i.AbstractProblemLoader Init config took 2.26s 
371370     INFO  main            d.u.i.k.p.i.AbstractProblemLoader Replaying proof quantifiedQuery.key 
371372     DEBUG main            d.u.i.k.p.i.IntermediateProofReplayer Proof replay took 6.2ns 
371474     INFO  main            d.u.i.k.p.r.p.TestFile    ... finished proof: closed. 
371867     INFO  main            d.u.i.k.p.i.AbstractProblemLoader Loading environment from /home/runner/work/key/key/key.core/../key.ui/examples/standard_key/java_dl/quantifiedQuery.key.proof 
371867     DEBUG main            d.u.i.k.p.i.AbstractProblemLoader Environment load took 70.3ns 
371868     INFO  main            d.u.i.k.p.i.AbstractProblemLoader Creating init config 
374111     DEBUG main            d.u.i.k.p.i.AbstractProblemLoader Init config took 2.24s 
374124     INFO  main            d.u.i.k.p.i.AbstractProblemLoader Replaying proof quantifiedQuery.key.proof 
374135     DEBUG main            d.u.i.k.p.i.IntermediateProofReplayer Proof replay took 8.75ms 
374135     DEBUG main            d.u.i.k.p.r.p.TestFile    ... success: reloaded. 
374136     INFO  main            d.u.i.k.p.r.p.TestFile    Now processing file /home/runner/work/key/key/key.core/../key.ui/examples/standard_key/java_dl/recursion/triangular.key 
374136     INFO  main            d.u.i.k.p.i.AbstractProblemLoader Loading environment from /home/runner/work/key/key/key.core/../key.ui/examples/standard_key/java_dl/recursion/triangular.key 
374136     DEBUG main            d.u.i.k.p.i.AbstractProblemLoader Environment load took 71.2ns 
374137     INFO  main            d.u.i.k.p.i.AbstractProblemLoader Creating init config 
376407     DEBUG main            d.u.i.k.p.i.AbstractProblemLoader Init config took 2.27s 
376440     INFO  main            d.u.i.k.p.i.AbstractProblemLoader Replaying proof Triangular[Triangular::tria(int)].JML normal_behavior operation contract.0 
376441     DEBUG main            d.u.i.k.p.i.IntermediateProofReplayer Proof replay took 5.5ns 
376643     INFO  main            d.u.i.k.p.r.p.TestFile    ... finished proof: closed. 
377043     INFO  main            d.u.i.k.p.i.AbstractProblemLoader Loading environment from /home/runner/work/key/key/key.core/../key.ui/examples/standard_key/java_dl/recursion/triangular.key.proof 
377043     DEBUG main            d.u.i.k.p.i.AbstractProblemLoader Environment load took 79ns 
377044     INFO  main            d.u.i.k.p.i.AbstractProblemLoader Creating init config 
379270     DEBUG main            d.u.i.k.p.i.AbstractProblemLoader Init config took 2.23s 
379301     INFO  main            d.u.i.k.p.i.AbstractProblemLoader Replaying proof Triangular[Triangular::tria(int)].JML normal_behavior operation contract.0 
379331     DEBUG main            d.u.i.k.p.i.IntermediateProofReplayer Proof replay took 29.03ms 
379332     DEBUG main            d.u.i.k.p.r.p.TestFile    ... success: reloaded. 
379333     INFO  main            d.u.i.k.p.r.p.TestFile    Now processing file /home/runner/work/key/key/key.core/../key.ui/examples/standard_key/java_dl/reverseArray.key 
379333     INFO  main            d.u.i.k.p.i.AbstractProblemLoader Loading environment from /home/runner/work/key/key/key.core/../key.ui/examples/standard_key/java_dl/reverseArray.key 
379333     DEBUG main            d.u.i.k.p.i.AbstractProblemLoader Environment load took 64ns 
379335     INFO  main            d.u.i.k.p.i.AbstractProblemLoader Creating init config 
379353     WARN  main            d.u.i.k.j.r.KeYCrossReferenceNameInfo Datatype java.io.InputStream declared twice: Once in FILE:/home/runner/work/key/key/key.core/../key.ui/examples/standard_key/java_dl/./classpath/InputStream.java and once in URL:file:/home/runner/work/key/key/key.core/build/resources/main/de/uka/ilkd/key/java/JavaRedux/java/io/InputStream.java, Keeping one from URL:file:/home/runner/work/key/key/key.core/build/resources/main/de/uka/ilkd/key/java/JavaRedux/java/io/InputStream.java 
379353     WARN  main            d.u.i.k.j.r.KeYCrossReferenceNameInfo Datatype java.lang.System declared twice: Once in FILE:/home/runner/work/key/key/key.core/../key.ui/examples/standard_key/java_dl/./classpath/System.java and once in URL:file:/home/runner/work/key/key/key.core/build/resources/main/de/uka/ilkd/key/java/JavaRedux/java/lang/System.java, Keeping one from URL:file:/home/runner/work/key/key/key.core/build/resources/main/de/uka/ilkd/key/java/JavaRedux/java/lang/System.java 
379353     WARN  main            d.u.i.k.j.r.KeYCrossReferenceNameInfo Datatype java.io.PrintStream declared twice: Once in FILE:/home/runner/work/key/key/key.core/../key.ui/examples/standard_key/java_dl/./classpath/PrintStream.java and once in URL:file:/home/runner/work/key/key/key.core/build/resources/main/de/uka/ilkd/key/java/JavaRedux/java/io/PrintStream.java, Keeping one from URL:file:/home/runner/work/key/key/key.core/build/resources/main/de/uka/ilkd/key/java/JavaRedux/java/io/PrintStream.java 
379356     DEBUG main            d.u.i.k.j.r.ClassFileDeclarationBuilder Parsing: package java.io; public class Closeable { } 
379356     DEBUG main            r.s.KeYCrossReferenceSourceInfo Dynamically created class: java.io.Closeable 
381711     DEBUG main            d.u.i.k.p.i.AbstractProblemLoader Init config took 2.38s 
381725     INFO  main            d.u.i.k.p.i.AbstractProblemLoader Replaying proof reverseArray.key 
381726     DEBUG main            d.u.i.k.p.i.IntermediateProofReplayer Proof replay took 39.2ns 
385871     INFO  main            d.u.i.k.p.r.p.TestFile    ... finished proof: closed. 
386314     INFO  main            d.u.i.k.p.i.AbstractProblemLoader Loading environment from /home/runner/work/key/key/key.core/../key.ui/examples/standard_key/java_dl/reverseArray.key.proof 
386315     DEBUG main            d.u.i.k.p.i.AbstractProblemLoader Environment load took 267.11ns 
386316     INFO  main            d.u.i.k.p.i.AbstractProblemLoader Creating init config 
386335     WARN  main            d.u.i.k.j.r.KeYCrossReferenceNameInfo Datatype java.io.InputStream declared twice: Once in FILE:/home/runner/work/key/key/key.core/../key.ui/examples/standard_key/java_dl/classpath/InputStream.java and once in URL:file:/home/runner/work/key/key/key.core/build/resources/main/de/uka/ilkd/key/java/JavaRedux/java/io/InputStream.java, Keeping one from URL:file:/home/runner/work/key/key/key.core/build/resources/main/de/uka/ilkd/key/java/JavaRedux/java/io/InputStream.java 
386335     WARN  main            d.u.i.k.j.r.KeYCrossReferenceNameInfo Datatype java.lang.System declared twice: Once in FILE:/home/runner/work/key/key/key.core/../key.ui/examples/standard_key/java_dl/classpath/System.java and once in URL:file:/home/runner/work/key/key/key.core/build/resources/main/de/uka/ilkd/key/java/JavaRedux/java/lang/System.java, Keeping one from URL:file:/home/runner/work/key/key/key.core/build/resources/main/de/uka/ilkd/key/java/JavaRedux/java/lang/System.java 
386335     WARN  main            d.u.i.k.j.r.KeYCrossReferenceNameInfo Datatype java.io.PrintStream declared twice: Once in FILE:/home/runner/work/key/key/key.core/../key.ui/examples/standard_key/java_dl/classpath/PrintStream.java and once in URL:file:/home/runner/work/key/key/key.core/build/resources/main/de/uka/ilkd/key/java/JavaRedux/java/io/PrintStream.java, Keeping one from URL:file:/home/runner/work/key/key/key.core/build/resources/main/de/uka/ilkd/key/java/JavaRedux/java/io/PrintStream.java 
386338     DEBUG main            d.u.i.k.j.r.ClassFileDeclarationBuilder Parsing: package java.io; public class Closeable { } 
386338     DEBUG main            r.s.KeYCrossReferenceSourceInfo Dynamically created class: java.io.Closeable 
388610     DEBUG main            d.u.i.k.p.i.AbstractProblemLoader Init config took 2.29s 
388624     INFO  main            d.u.i.k.p.i.AbstractProblemLoader Replaying proof reverseArray.key.proof 
389240     DEBUG main            d.u.i.k.p.i.IntermediateProofReplayer Proof replay took 605.52ms 
389242     DEBUG main            d.u.i.k.p.r.p.TestFile    ... success: reloaded. 
389243     INFO  main            d.u.i.k.p.r.p.TestFile    Now processing file /home/runner/work/key/key/key.core/../key.ui/examples/standard_key/java_dl/reverseArray2.key 
389243     INFO  main            d.u.i.k.p.i.AbstractProblemLoader Loading environment from /home/runner/work/key/key/key.core/../key.ui/examples/standard_key/java_dl/reverseArray2.key 
389243     DEBUG main            d.u.i.k.p.i.AbstractProblemLoader Environment load took 56.7ns 
389245     INFO  main            d.u.i.k.p.i.AbstractProblemLoader Creating init config 
389262     WARN  main            d.u.i.k.j.r.KeYCrossReferenceNameInfo Datatype java.io.InputStream declared twice: Once in FILE:/home/runner/work/key/key/key.core/../key.ui/examples/standard_key/java_dl/classpath/InputStream.java and once in URL:file:/home/runner/work/key/key/key.core/build/resources/main/de/uka/ilkd/key/java/JavaRedux/java/io/InputStream.java, Keeping one from URL:file:/home/runner/work/key/key/key.core/build/resources/main/de/uka/ilkd/key/java/JavaRedux/java/io/InputStream.java 
389263     WARN  main            d.u.i.k.j.r.KeYCrossReferenceNameInfo Datatype java.lang.System declared twice: Once in FILE:/home/runner/work/key/key/key.core/../key.ui/examples/standard_key/java_dl/classpath/System.java and once in URL:file:/home/runner/work/key/key/key.core/build/resources/main/de/uka/ilkd/key/java/JavaRedux/java/lang/System.java, Keeping one from URL:file:/home/runner/work/key/key/key.core/build/resources/main/de/uka/ilkd/key/java/JavaRedux/java/lang/System.java 
389263     WARN  main            d.u.i.k.j.r.KeYCrossReferenceNameInfo Datatype java.io.PrintStream declared twice: Once in FILE:/home/runner/work/key/key/key.core/../key.ui/examples/standard_key/java_dl/classpath/PrintStream.java and once in URL:file:/home/runner/work/key/key/key.core/build/resources/main/de/uka/ilkd/key/java/JavaRedux/java/io/PrintStream.java, Keeping one from URL:file:/home/runner/work/key/key/key.core/build/resources/main/de/uka/ilkd/key/java/JavaRedux/java/io/PrintStream.java 
389265     DEBUG main            d.u.i.k.j.r.ClassFileDeclarationBuilder Parsing: package java.io; public class Closeable { } 
389265     DEBUG main            r.s.KeYCrossReferenceSourceInfo Dynamically created class: java.io.Closeable 
391627     DEBUG main            d.u.i.k.p.i.AbstractProblemLoader Init config took 2.38s 
391641     INFO  main            d.u.i.k.p.i.AbstractProblemLoader Replaying proof reverseArray2.key 
391642     DEBUG main            d.u.i.k.p.i.IntermediateProofReplayer Proof replay took 2.4ns 
392946     INFO  main            d.u.i.k.p.r.p.TestFile    ... finished proof: closed. 
393464     INFO  main            d.u.i.k.p.i.AbstractProblemLoader Loading environment from /home/runner/work/key/key/key.core/../key.ui/examples/standard_key/java_dl/reverseArray2.key.proof 
393464     DEBUG main            d.u.i.k.p.i.AbstractProblemLoader Environment load took 274.91ns 
393466     INFO  main            d.u.i.k.p.i.AbstractProblemLoader Creating init config 
393484     WARN  main            d.u.i.k.j.r.KeYCrossReferenceNameInfo Datatype java.io.InputStream declared twice: Once in FILE:/home/runner/work/key/key/key.core/../key.ui/examples/standard_key/java_dl/classpath/InputStream.java and once in URL:file:/home/runner/work/key/key/key.core/build/resources/main/de/uka/ilkd/key/java/JavaRedux/java/io/InputStream.java, Keeping one from URL:file:/home/runner/work/key/key/key.core/build/resources/main/de/uka/ilkd/key/java/JavaRedux/java/io/InputStream.java 
393484     WARN  main            d.u.i.k.j.r.KeYCrossReferenceNameInfo Datatype java.lang.System declared twice: Once in FILE:/home/runner/work/key/key/key.core/../key.ui/examples/standard_key/java_dl/classpath/System.java and once in URL:file:/home/runner/work/key/key/key.core/build/resources/main/de/uka/ilkd/key/java/JavaRedux/java/lang/System.java, Keeping one from URL:file:/home/runner/work/key/key/key.core/build/resources/main/de/uka/ilkd/key/java/JavaRedux/java/lang/System.java 
393484     WARN  main            d.u.i.k.j.r.KeYCrossReferenceNameInfo Datatype java.io.PrintStream declared twice: Once in FILE:/home/runner/work/key/key/key.core/../key.ui/examples/standard_key/java_dl/classpath/PrintStream.java and once in URL:file:/home/runner/work/key/key/key.core/build/resources/main/de/uka/ilkd/key/java/JavaRedux/java/io/PrintStream.java, Keeping one from URL:file:/home/runner/work/key/key/key.core/build/resources/main/de/uka/ilkd/key/java/JavaRedux/java/io/PrintStream.java 
393487     DEBUG main            d.u.i.k.j.r.ClassFileDeclarationBuilder Parsing: package java.io; public class Closeable { } 
393487     DEBUG main            r.s.KeYCrossReferenceSourceInfo Dynamically created class: java.io.Closeable 
395762     DEBUG main            d.u.i.k.p.i.AbstractProblemLoader Init config took 2.3s 
395776     INFO  main            d.u.i.k.p.i.AbstractProblemLoader Replaying proof reverseArray2.key.proof 
395988     DEBUG main            d.u.i.k.p.i.IntermediateProofReplayer Proof replay took 207.95ms 
395989     DEBUG main            d.u.i.k.p.r.p.TestFile    ... success: reloaded. 
395990     INFO  main            d.u.i.k.p.r.p.TestFile    Now processing file /home/runner/work/key/key/key.core/../key.ui/examples/standard_key/java_dl/simpleAssignment.key 
395990     INFO  main            d.u.i.k.p.i.AbstractProblemLoader Loading environment from /home/runner/work/key/key/key.core/../key.ui/examples/standard_key/java_dl/simpleAssignment.key 
395990     DEBUG main            d.u.i.k.p.i.AbstractProblemLoader Environment load took 69ns 
395991     INFO  main            d.u.i.k.p.i.AbstractProblemLoader Creating init config 
398211     DEBUG main            d.u.i.k.p.i.AbstractProblemLoader Init config took 2.22s 
398224     INFO  main            d.u.i.k.p.i.AbstractProblemLoader Replaying proof simpleAssignment.key 
398225     DEBUG main            d.u.i.k.p.i.IntermediateProofReplayer Proof replay took 2.7ns 
398326     INFO  main            d.u.i.k.p.r.p.TestFile    ... finished proof: closed. 
398769     INFO  main            d.u.i.k.p.i.AbstractProblemLoader Loading environment from /home/runner/work/key/key/key.core/../key.ui/examples/standard_key/java_dl/simpleAssignment.key.proof 
398769     DEBUG main            d.u.i.k.p.i.AbstractProblemLoader Environment load took 70ns 
398770     INFO  main            d.u.i.k.p.i.AbstractProblemLoader Creating init config 
400952     DEBUG main            d.u.i.k.p.i.AbstractProblemLoader Init config took 2.18s 
400964     INFO  main            d.u.i.k.p.i.AbstractProblemLoader Replaying proof simpleAssignment.key.proof 
400966     DEBUG main            d.u.i.k.p.i.IntermediateProofReplayer Proof replay took 536.22ns 
400966     DEBUG main            d.u.i.k.p.r.p.TestFile    ... success: reloaded. 
400967     INFO  main            d.u.i.k.p.r.p.TestFile    Now processing file /home/runner/work/key/key/key.core/../key.ui/examples/standard_key/java_dl/simpleAssignment2.key 
400967     INFO  main            d.u.i.k.p.i.AbstractProblemLoader Loading environment from /home/runner/work/key/key/key.core/../key.ui/examples/standard_key/java_dl/simpleAssignment2.key 
400967     DEBUG main            d.u.i.k.p.i.AbstractProblemLoader Environment load took 39.7ns 
400968     INFO  main            d.u.i.k.p.i.AbstractProblemLoader Creating init config 
403174     DEBUG main            d.u.i.k.p.i.AbstractProblemLoader Init config took 2.21s 
403186     INFO  main            d.u.i.k.p.i.AbstractProblemLoader Replaying proof simpleAssignment2.key 
403188     DEBUG main            d.u.i.k.p.i.IntermediateProofReplayer Proof replay took 2.4ns 
403289     INFO  main            d.u.i.k.p.r.p.TestFile    ... finished proof: closed. 
403705     INFO  main            d.u.i.k.p.i.AbstractProblemLoader Loading environment from /home/runner/work/key/key/key.core/../key.ui/examples/standard_key/java_dl/simpleAssignment2.key.proof 
403705     DEBUG main            d.u.i.k.p.i.AbstractProblemLoader Environment load took 69.7ns 
403706     INFO  main            d.u.i.k.p.i.AbstractProblemLoader Creating init config 
405880     DEBUG main            d.u.i.k.p.i.AbstractProblemLoader Init config took 2.17s 
405901     INFO  main            d.u.i.k.p.i.AbstractProblemLoader Replaying proof simpleAssignment2.key.proof 
405902     DEBUG main            d.u.i.k.p.i.IntermediateProofReplayer Proof replay took 333.61ns 
405903     DEBUG main            d.u.i.k.p.r.p.TestFile    ... success: reloaded. 
405903     INFO  main            d.u.i.k.p.r.p.TestFile    Now processing file /home/runner/work/key/key/key.core/../key.ui/examples/standard_key/java_dl/splittingWithQueries.key 
405903     INFO  main            d.u.i.k.p.i.AbstractProblemLoader Loading environment from /home/runner/work/key/key/key.core/../key.ui/examples/standard_key/java_dl/splittingWithQueries.key 
405903     DEBUG main            d.u.i.k.p.i.AbstractProblemLoader Environment load took 68.1ns 
405904     INFO  main            d.u.i.k.p.i.AbstractProblemLoader Creating init config 
408172     DEBUG main            d.u.i.k.p.i.AbstractProblemLoader Init config took 2.27s 
408184     INFO  main            d.u.i.k.p.i.AbstractProblemLoader Replaying proof splittingWithQueries.key 
408185     DEBUG main            d.u.i.k.p.i.IntermediateProofReplayer Proof replay took 2.9ns 
408287     INFO  main            d.u.i.k.p.r.p.TestFile    ... finished proof: closed. 
408702     INFO  main            d.u.i.k.p.i.AbstractProblemLoader Loading environment from /home/runner/work/key/key/key.core/../key.ui/examples/standard_key/java_dl/splittingWithQueries.key.proof 
408702     DEBUG main            d.u.i.k.p.i.AbstractProblemLoader Environment load took 68.9ns 
408703     INFO  main            d.u.i.k.p.i.AbstractProblemLoader Creating init config 
410946     DEBUG main            d.u.i.k.p.i.AbstractProblemLoader Init config took 2.24s 
410958     INFO  main            d.u.i.k.p.i.AbstractProblemLoader Replaying proof splittingWithQueries.key.proof 
410961     DEBUG main            d.u.i.k.p.i.IntermediateProofReplayer Proof replay took 1.42ms 
410962     DEBUG main            d.u.i.k.p.r.p.TestFile    ... success: reloaded. 
410962     INFO  main            d.u.i.k.p.r.p.TestFile    Now processing file /home/runner/work/key/key/key.core/../key.ui/examples/standard_key/java_dl/strassen/strassen.key 
410963     INFO  main            d.u.i.k.p.i.AbstractProblemLoader Loading environment from /home/runner/work/key/key/key.core/../key.ui/examples/standard_key/java_dl/strassen/strassen.key 
410963     DEBUG main            d.u.i.k.p.i.AbstractProblemLoader Environment load took 63.3ns 
410963     INFO  main            d.u.i.k.p.i.AbstractProblemLoader Creating init config 
413329     DEBUG main            d.u.i.k.p.i.AbstractProblemLoader Init config took 2.37s 
413361     INFO  main            d.u.i.k.p.i.AbstractProblemLoader Replaying proof Matrix22[Matrix22::strassen(Matrix22,Matrix22)].JML normal_behavior operation contract.0 
413363     DEBUG main            d.u.i.k.p.i.IntermediateProofReplayer Proof replay took 2.4ns 
417922     INFO  main            d.u.i.k.p.r.p.TestFile    ... finished proof: closed. 
418480     INFO  main            d.u.i.k.p.i.AbstractProblemLoader Loading environment from /home/runner/work/key/key/key.core/../key.ui/examples/standard_key/java_dl/strassen/strassen.key.proof 
418480     DEBUG main            d.u.i.k.p.i.AbstractProblemLoader Environment load took 283.21ns 
418481     INFO  main            d.u.i.k.p.i.AbstractProblemLoader Creating init config 
420814     DEBUG main            d.u.i.k.p.i.AbstractProblemLoader Init config took 2.33s 
420846     INFO  main            d.u.i.k.p.i.AbstractProblemLoader Replaying proof Matrix22[Matrix22::strassen(Matrix22,Matrix22)].JML normal_behavior operation contract.0 
421527     DEBUG main            d.u.i.k.p.i.IntermediateProofReplayer Proof replay took 672.14ms 
421529     DEBUG main            d.u.i.k.p.r.p.TestFile    ... success: reloaded. 
421530     INFO  main            d.u.i.k.p.r.p.TestFile    Now processing file /home/runner/work/key/key/key.core/../key.ui/examples/standard_key/java_dl/symmArray.key 
421530     INFO  main            d.u.i.k.p.i.AbstractProblemLoader Loading environment from /home/runner/work/key/key/key.core/../key.ui/examples/standard_key/java_dl/symmArray.key 
421530     DEBUG main            d.u.i.k.p.i.AbstractProblemLoader Environment load took 133ns 
421533     INFO  main            d.u.i.k.p.i.AbstractProblemLoader Creating init config 
423920     DEBUG main            d.u.i.k.p.i.AbstractProblemLoader Init config took 2.39s 
423934     INFO  main            d.u.i.k.p.i.AbstractProblemLoader Replaying proof symmArray.key 
423935     DEBUG main            d.u.i.k.p.i.IntermediateProofReplayer Proof replay took 3.1ns 
503439     INFO  main            d.u.i.k.p.r.p.TestFile    ... finished proof: closed. 
503968     INFO  main            d.u.i.k.p.i.AbstractProblemLoader Loading environment from /home/runner/work/key/key/key.core/../key.ui/examples/standard_key/java_dl/symmArray.key.proof 
503969     DEBUG main            d.u.i.k.p.i.AbstractProblemLoader Environment load took 300.51ns 
503973     INFO  main            d.u.i.k.p.i.AbstractProblemLoader Creating init config 
506266     DEBUG main            d.u.i.k.p.i.AbstractProblemLoader Init config took 2.29s 
506281     INFO  main            d.u.i.k.p.i.AbstractProblemLoader Replaying proof symmArray.key.proof 
507352     DEBUG main            d.u.i.k.p.i.IntermediateProofReplayer Proof replay took 1.02s 
507357     DEBUG main            d.u.i.k.p.r.p.TestFile    ... success: reloaded. 
507357     INFO  main            d.u.i.k.p.r.p.TestFile    Now processing file /home/runner/work/key/key/key.core/../key.ui/examples/standard_key/java_dl/testcontext.key 
507358     INFO  main            d.u.i.k.p.i.AbstractProblemLoader Loading environment from /home/runner/work/key/key/key.core/../key.ui/examples/standard_key/java_dl/testcontext.key 
507358     DEBUG main            d.u.i.k.p.i.AbstractProblemLoader Environment load took 62ns 
507358     INFO  main            d.u.i.k.p.i.AbstractProblemLoader Creating init config 
507376     WARN  main            d.u.i.k.j.r.KeYCrossReferenceNameInfo Datatype java.io.InputStream declared twice: Once in FILE:/home/runner/work/key/key/key.core/../key.ui/examples/standard_key/java_dl/classpath/InputStream.java and once in URL:file:/home/runner/work/key/key/key.core/build/resources/main/de/uka/ilkd/key/java/JavaRedux/java/io/InputStream.java, Keeping one from URL:file:/home/runner/work/key/key/key.core/build/resources/main/de/uka/ilkd/key/java/JavaRedux/java/io/InputStream.java 
507376     WARN  main            d.u.i.k.j.r.KeYCrossReferenceNameInfo Datatype java.lang.System declared twice: Once in FILE:/home/runner/work/key/key/key.core/../key.ui/examples/standard_key/java_dl/classpath/System.java and once in URL:file:/home/runner/work/key/key/key.core/build/resources/main/de/uka/ilkd/key/java/JavaRedux/java/lang/System.java, Keeping one from URL:file:/home/runner/work/key/key/key.core/build/resources/main/de/uka/ilkd/key/java/JavaRedux/java/lang/System.java 
507376     WARN  main            d.u.i.k.j.r.KeYCrossReferenceNameInfo Datatype java.io.PrintStream declared twice: Once in FILE:/home/runner/work/key/key/key.core/../key.ui/examples/standard_key/java_dl/classpath/PrintStream.java and once in URL:file:/home/runner/work/key/key/key.core/build/resources/main/de/uka/ilkd/key/java/JavaRedux/java/io/PrintStream.java, Keeping one from URL:file:/home/runner/work/key/key/key.core/build/resources/main/de/uka/ilkd/key/java/JavaRedux/java/io/PrintStream.java 
507379     DEBUG main            d.u.i.k.j.r.ClassFileDeclarationBuilder Parsing: package java.io; public class Closeable { } 
507379     DEBUG main            r.s.KeYCrossReferenceSourceInfo Dynamically created class: java.io.Closeable 
509685     DEBUG main            d.u.i.k.p.i.AbstractProblemLoader Init config took 2.33s 
509698     INFO  main            d.u.i.k.p.i.AbstractProblemLoader Replaying proof testcontext.key 
509699     DEBUG main            d.u.i.k.p.i.IntermediateProofReplayer Proof replay took 2.7ns 
510002     INFO  main            d.u.i.k.p.r.p.TestFile    ... finished proof: closed. 
510566     INFO  main            d.u.i.k.p.i.AbstractProblemLoader Loading environment from /home/runner/work/key/key/key.core/../key.ui/examples/standard_key/java_dl/testcontext.key.proof 
510567     DEBUG main            d.u.i.k.p.i.AbstractProblemLoader Environment load took 74ns 
510568     INFO  main            d.u.i.k.p.i.AbstractProblemLoader Creating init config 
510586     WARN  main            d.u.i.k.j.r.KeYCrossReferenceNameInfo Datatype java.io.InputStream declared twice: Once in FILE:/home/runner/work/key/key/key.core/../key.ui/examples/standard_key/java_dl/classpath/InputStream.java and once in URL:file:/home/runner/work/key/key/key.core/build/resources/main/de/uka/ilkd/key/java/JavaRedux/java/io/InputStream.java, Keeping one from URL:file:/home/runner/work/key/key/key.core/build/resources/main/de/uka/ilkd/key/java/JavaRedux/java/io/InputStream.java 
510586     WARN  main            d.u.i.k.j.r.KeYCrossReferenceNameInfo Datatype java.lang.System declared twice: Once in FILE:/home/runner/work/key/key/key.core/../key.ui/examples/standard_key/java_dl/classpath/System.java and once in URL:file:/home/runner/work/key/key/key.core/build/resources/main/de/uka/ilkd/key/java/JavaRedux/java/lang/System.java, Keeping one from URL:file:/home/runner/work/key/key/key.core/build/resources/main/de/uka/ilkd/key/java/JavaRedux/java/lang/System.java 
510586     WARN  main            d.u.i.k.j.r.KeYCrossReferenceNameInfo Datatype java.io.PrintStream declared twice: Once in FILE:/home/runner/work/key/key/key.core/../key.ui/examples/standard_key/java_dl/classpath/PrintStream.java and once in URL:file:/home/runner/work/key/key/key.core/build/resources/main/de/uka/ilkd/key/java/JavaRedux/java/io/PrintStream.java, Keeping one from URL:file:/home/runner/work/key/key/key.core/build/resources/main/de/uka/ilkd/key/java/JavaRedux/java/io/PrintStream.java 
510589     DEBUG main            d.u.i.k.j.r.ClassFileDeclarationBuilder Parsing: package java.io; public class Closeable { } 
510590     DEBUG main            r.s.KeYCrossReferenceSourceInfo Dynamically created class: java.io.Closeable 
512787     DEBUG main            d.u.i.k.p.i.AbstractProblemLoader Init config took 2.22s 
512809     INFO  main            d.u.i.k.p.i.AbstractProblemLoader Replaying proof testcontext.key.proof 
512860     DEBUG main            d.u.i.k.p.i.IntermediateProofReplayer Proof replay took 48.79ms 
512861     DEBUG main            d.u.i.k.p.r.p.TestFile    ... success: reloaded. 
512862     INFO  main            d.u.i.k.p.r.p.TestFile    Now processing file /home/runner/work/key/key/key.core/../key.ui/examples/standard_key/staticInitialisation/cascadeStaticInitialisation.key 
512862     INFO  main            d.u.i.k.p.i.AbstractProblemLoader Loading environment from /home/runner/work/key/key/key.core/../key.ui/examples/standard_key/staticInitialisation/cascadeStaticInitialisation.key 
512862     DEBUG main            d.u.i.k.p.i.AbstractProblemLoader Environment load took 66.9ns 
512865     INFO  main            d.u.i.k.p.i.AbstractProblemLoader Creating init config 
512882     WARN  main            d.u.i.k.j.r.KeYCrossReferenceNameInfo Datatype java.lang.System declared twice: Once in FILE:/home/runner/work/key/key/key.core/../key.ui/examples/standard_key/staticInitialisation/classpath/System.java and once in URL:file:/home/runner/work/key/key/key.core/build/resources/main/de/uka/ilkd/key/java/JavaRedux/java/lang/System.java, Keeping one from URL:file:/home/runner/work/key/key/key.core/build/resources/main/de/uka/ilkd/key/java/JavaRedux/java/lang/System.java 
512882     WARN  main            d.u.i.k.j.r.KeYCrossReferenceNameInfo Datatype java.io.PrintStream declared twice: Once in FILE:/home/runner/work/key/key/key.core/../key.ui/examples/standard_key/staticInitialisation/classpath/PrintStream.java and once in URL:file:/home/runner/work/key/key/key.core/build/resources/main/de/uka/ilkd/key/java/JavaRedux/java/io/PrintStream.java, Keeping one from URL:file:/home/runner/work/key/key/key.core/build/resources/main/de/uka/ilkd/key/java/JavaRedux/java/io/PrintStream.java 
515160     DEBUG main            d.u.i.k.p.i.AbstractProblemLoader Init config took 2.3s 
515173     INFO  main            d.u.i.k.p.i.AbstractProblemLoader Replaying proof cascadeStaticInitialisation.key 
515174     DEBUG main            d.u.i.k.p.i.IntermediateProofReplayer Proof replay took 2.6ns 
515778     INFO  main            d.u.i.k.p.r.p.TestFile    ... finished proof: closed. 
516274     INFO  main            d.u.i.k.p.i.AbstractProblemLoader Loading environment from /home/runner/work/key/key/key.core/../key.ui/examples/standard_key/staticInitialisation/cascadeStaticInitialisation.key.proof 
516275     DEBUG main            d.u.i.k.p.i.AbstractProblemLoader Environment load took 77.5ns 
516276     INFO  main            d.u.i.k.p.i.AbstractProblemLoader Creating init config 
516294     WARN  main            d.u.i.k.j.r.KeYCrossReferenceNameInfo Datatype java.lang.System declared twice: Once in FILE:/home/runner/work/key/key/key.core/../key.ui/examples/standard_key/staticInitialisation/classpath/System.java and once in URL:file:/home/runner/work/key/key/key.core/build/resources/main/de/uka/ilkd/key/java/JavaRedux/java/lang/System.java, Keeping one from URL:file:/home/runner/work/key/key/key.core/build/resources/main/de/uka/ilkd/key/java/JavaRedux/java/lang/System.java 
516294     WARN  main            d.u.i.k.j.r.KeYCrossReferenceNameInfo Datatype java.io.PrintStream declared twice: Once in FILE:/home/runner/work/key/key/key.core/../key.ui/examples/standard_key/staticInitialisation/classpath/PrintStream.java and once in URL:file:/home/runner/work/key/key/key.core/build/resources/main/de/uka/ilkd/key/java/JavaRedux/java/io/PrintStream.java, Keeping one from URL:file:/home/runner/work/key/key/key.core/build/resources/main/de/uka/ilkd/key/java/JavaRedux/java/io/PrintStream.java 
518513     DEBUG main            d.u.i.k.p.i.AbstractProblemLoader Init config took 2.24s 
518527     INFO  main            d.u.i.k.p.i.AbstractProblemLoader Replaying proof cascadeStaticInitialisation.key.proof 
518665     DEBUG main            d.u.i.k.p.i.IntermediateProofReplayer Proof replay took 135.42ms 
518667     DEBUG main            d.u.i.k.p.r.p.TestFile    ... success: reloaded. 
518667     INFO  main            d.u.i.k.p.r.p.TestFile    Now processing file /home/runner/work/key/key/key.core/../key.ui/examples/standard_key/staticInitialisation/erroneousClassImpliesErroneousSubclass.key 
518667     INFO  main            d.u.i.k.p.i.AbstractProblemLoader Loading environment from /home/runner/work/key/key/key.core/../key.ui/examples/standard_key/staticInitialisation/erroneousClassImpliesErroneousSubclass.key 
518667     DEBUG main            d.u.i.k.p.i.AbstractProblemLoader Environment load took 69.4ns 
518668     INFO  main            d.u.i.k.p.i.AbstractProblemLoader Creating init config 
518692     WARN  main            d.u.i.k.j.r.KeYCrossReferenceNameInfo Datatype java.lang.System declared twice: Once in FILE:/home/runner/work/key/key/key.core/../key.ui/examples/standard_key/staticInitialisation/classpath/System.java and once in URL:file:/home/runner/work/key/key/key.core/build/resources/main/de/uka/ilkd/key/java/JavaRedux/java/lang/System.java, Keeping one from URL:file:/home/runner/work/key/key/key.core/build/resources/main/de/uka/ilkd/key/java/JavaRedux/java/lang/System.java 
518692     WARN  main            d.u.i.k.j.r.KeYCrossReferenceNameInfo Datatype java.io.PrintStream declared twice: Once in FILE:/home/runner/work/key/key/key.core/../key.ui/examples/standard_key/staticInitialisation/classpath/PrintStream.java and once in URL:file:/home/runner/work/key/key/key.core/build/resources/main/de/uka/ilkd/key/java/JavaRedux/java/io/PrintStream.java, Keeping one from URL:file:/home/runner/work/key/key/key.core/build/resources/main/de/uka/ilkd/key/java/JavaRedux/java/io/PrintStream.java 
520941     DEBUG main            d.u.i.k.p.i.AbstractProblemLoader Init config took 2.27s 
520953     INFO  main            d.u.i.k.p.i.AbstractProblemLoader Replaying proof erroneousClassImpliesErroneousSubclass.key 
520954     DEBUG main            d.u.i.k.p.i.IntermediateProofReplayer Proof replay took 2.3ns 
521055     INFO  main            d.u.i.k.p.r.p.TestFile    ... finished proof: closed. 
521546     INFO  main            d.u.i.k.p.i.AbstractProblemLoader Loading environment from /home/runner/work/key/key/key.core/../key.ui/examples/standard_key/staticInitialisation/erroneousClassImpliesErroneousSubclass.key.proof 
521546     DEBUG main            d.u.i.k.p.i.AbstractProblemLoader Environment load took 80.6ns 
521547     INFO  main            d.u.i.k.p.i.AbstractProblemLoader Creating init config 
521565     WARN  main            d.u.i.k.j.r.KeYCrossReferenceNameInfo Datatype java.lang.System declared twice: Once in FILE:/home/runner/work/key/key/key.core/../key.ui/examples/standard_key/staticInitialisation/classpath/System.java and once in URL:file:/home/runner/work/key/key/key.core/build/resources/main/de/uka/ilkd/key/java/JavaRedux/java/lang/System.java, Keeping one from URL:file:/home/runner/work/key/key/key.core/build/resources/main/de/uka/ilkd/key/java/JavaRedux/java/lang/System.java 
521565     WARN  main            d.u.i.k.j.r.KeYCrossReferenceNameInfo Datatype java.io.PrintStream declared twice: Once in FILE:/home/runner/work/key/key/key.core/../key.ui/examples/standard_key/staticInitialisation/classpath/PrintStream.java and once in URL:file:/home/runner/work/key/key/key.core/build/resources/main/de/uka/ilkd/key/java/JavaRedux/java/io/PrintStream.java, Keeping one from URL:file:/home/runner/work/key/key/key.core/build/resources/main/de/uka/ilkd/key/java/JavaRedux/java/io/PrintStream.java 
523776     DEBUG main            d.u.i.k.p.i.AbstractProblemLoader Init config took 2.23s 
523788     INFO  main            d.u.i.k.p.i.AbstractProblemLoader Replaying proof erroneousClassImpliesErroneousSubclass.key.proof 
523789     DEBUG main            d.u.i.k.p.i.IntermediateProofReplayer Proof replay took 440.01ns 
523790     DEBUG main            d.u.i.k.p.r.p.TestFile    ... success: reloaded. 
523791     INFO  main            d.u.i.k.p.r.p.TestFile    Now processing file /home/runner/work/key/key/key.core/../key.ui/examples/standard_key/staticInitialisation/initializedSubclassImpliesInitializedSuperclass.key 
523791     INFO  main            d.u.i.k.p.i.AbstractProblemLoader Loading environment from /home/runner/work/key/key/key.core/../key.ui/examples/standard_key/staticInitialisation/initializedSubclassImpliesInitializedSuperclass.key 
523791     DEBUG main            d.u.i.k.p.i.AbstractProblemLoader Environment load took 55.7ns 
523792     INFO  main            d.u.i.k.p.i.AbstractProblemLoader Creating init config 
523808     WARN  main            d.u.i.k.j.r.KeYCrossReferenceNameInfo Datatype java.lang.System declared twice: Once in FILE:/home/runner/work/key/key/key.core/../key.ui/examples/standard_key/staticInitialisation/classpath/System.java and once in URL:file:/home/runner/work/key/key/key.core/build/resources/main/de/uka/ilkd/key/java/JavaRedux/java/lang/System.java, Keeping one from URL:file:/home/runner/work/key/key/key.core/build/resources/main/de/uka/ilkd/key/java/JavaRedux/java/lang/System.java 
523808     WARN  main            d.u.i.k.j.r.KeYCrossReferenceNameInfo Datatype java.io.PrintStream declared twice: Once in FILE:/home/runner/work/key/key/key.core/../key.ui/examples/standard_key/staticInitialisation/classpath/PrintStream.java and once in URL:file:/home/runner/work/key/key/key.core/build/resources/main/de/uka/ilkd/key/java/JavaRedux/java/io/PrintStream.java, Keeping one from URL:file:/home/runner/work/key/key/key.core/build/resources/main/de/uka/ilkd/key/java/JavaRedux/java/io/PrintStream.java 
526032     DEBUG main            d.u.i.k.p.i.AbstractProblemLoader Init config took 2.24s 
526044     INFO  main            d.u.i.k.p.i.AbstractProblemLoader Replaying proof initializedSubclassImpliesInitializedSuperclass.key 
526045     DEBUG main            d.u.i.k.p.i.IntermediateProofReplayer Proof replay took 2.4ns 
526146     INFO  main            d.u.i.k.p.r.p.TestFile    ... finished proof: closed. 
526632     INFO  main            d.u.i.k.p.i.AbstractProblemLoader Loading environment from /home/runner/work/key/key/key.core/../key.ui/examples/standard_key/staticInitialisation/initializedSubclassImpliesInitializedSuperclass.key.proof 
526632     DEBUG main            d.u.i.k.p.i.AbstractProblemLoader Environment load took 81.2ns 
526633     INFO  main            d.u.i.k.p.i.AbstractProblemLoader Creating init config 
526649     WARN  main            d.u.i.k.j.r.KeYCrossReferenceNameInfo Datatype java.lang.System declared twice: Once in FILE:/home/runner/work/key/key/key.core/../key.ui/examples/standard_key/staticInitialisation/classpath/System.java and once in URL:file:/home/runner/work/key/key/key.core/build/resources/main/de/uka/ilkd/key/java/JavaRedux/java/lang/System.java, Keeping one from URL:file:/home/runner/work/key/key/key.core/build/resources/main/de/uka/ilkd/key/java/JavaRedux/java/lang/System.java 
526650     WARN  main            d.u.i.k.j.r.KeYCrossReferenceNameInfo Datatype java.io.PrintStream declared twice: Once in FILE:/home/runner/work/key/key/key.core/../key.ui/examples/standard_key/staticInitialisation/classpath/PrintStream.java and once in URL:file:/home/runner/work/key/key/key.core/build/resources/main/de/uka/ilkd/key/java/JavaRedux/java/io/PrintStream.java, Keeping one from URL:file:/home/runner/work/key/key/key.core/build/resources/main/de/uka/ilkd/key/java/JavaRedux/java/io/PrintStream.java 
528943     DEBUG main            d.u.i.k.p.i.AbstractProblemLoader Init config took 2.31s 
528955     INFO  main            d.u.i.k.p.i.AbstractProblemLoader Replaying proof initializedSubclassImpliesInitializedSuperclass.key.proof 
528956     DEBUG main            d.u.i.k.p.i.IntermediateProofReplayer Proof replay took 420.21ns 
528957     DEBUG main            d.u.i.k.p.r.p.TestFile    ... success: reloaded. 
528958     INFO  main            d.u.i.k.p.r.p.TestFile    Now processing file /home/runner/work/key/key/key.core/../key.ui/examples/standard_key/staticInitialisation/localDeclared.key 
528958     INFO  main            d.u.i.k.p.i.AbstractProblemLoader Loading environment from /home/runner/work/key/key/key.core/../key.ui/examples/standard_key/staticInitialisation/localDeclared.key 
528958     DEBUG main            d.u.i.k.p.i.AbstractProblemLoader Environment load took 50.7ns 
528959     INFO  main            d.u.i.k.p.i.AbstractProblemLoader Creating init config 
528976     WARN  main            d.u.i.k.j.r.KeYCrossReferenceNameInfo Datatype java.lang.System declared twice: Once in FILE:/home/runner/work/key/key/key.core/../key.ui/examples/standard_key/staticInitialisation/classpath/System.java and once in URL:file:/home/runner/work/key/key/key.core/build/resources/main/de/uka/ilkd/key/java/JavaRedux/java/lang/System.java, Keeping one from URL:file:/home/runner/work/key/key/key.core/build/resources/main/de/uka/ilkd/key/java/JavaRedux/java/lang/System.java 
528976     WARN  main            d.u.i.k.j.r.KeYCrossReferenceNameInfo Datatype java.io.PrintStream declared twice: Once in FILE:/home/runner/work/key/key/key.core/../key.ui/examples/standard_key/staticInitialisation/classpath/PrintStream.java and once in URL:file:/home/runner/work/key/key/key.core/build/resources/main/de/uka/ilkd/key/java/JavaRedux/java/io/PrintStream.java, Keeping one from URL:file:/home/runner/work/key/key/key.core/build/resources/main/de/uka/ilkd/key/java/JavaRedux/java/io/PrintStream.java 
531278     DEBUG main            d.u.i.k.p.i.AbstractProblemLoader Init config took 2.32s 
531291     INFO  main            d.u.i.k.p.i.AbstractProblemLoader Replaying proof localDeclared.key 
531291     DEBUG main            d.u.i.k.p.i.IntermediateProofReplayer Proof replay took 2.6ns 
531594     INFO  main            d.u.i.k.p.r.p.TestFile    ... finished proof: closed. 
532062     INFO  main            d.u.i.k.p.i.AbstractProblemLoader Loading environment from /home/runner/work/key/key/key.core/../key.ui/examples/standard_key/staticInitialisation/localDeclared.key.proof 
532062     DEBUG main            d.u.i.k.p.i.AbstractProblemLoader Environment load took 74.7ns 
532063     INFO  main            d.u.i.k.p.i.AbstractProblemLoader Creating init config 
532080     WARN  main            d.u.i.k.j.r.KeYCrossReferenceNameInfo Datatype java.lang.System declared twice: Once in FILE:/home/runner/work/key/key/key.core/../key.ui/examples/standard_key/staticInitialisation/classpath/System.java and once in URL:file:/home/runner/work/key/key/key.core/build/resources/main/de/uka/ilkd/key/java/JavaRedux/java/lang/System.java, Keeping one from URL:file:/home/runner/work/key/key/key.core/build/resources/main/de/uka/ilkd/key/java/JavaRedux/java/lang/System.java 
532080     WARN  main            d.u.i.k.j.r.KeYCrossReferenceNameInfo Datatype java.io.PrintStream declared twice: Once in FILE:/home/runner/work/key/key/key.core/../key.ui/examples/standard_key/staticInitialisation/classpath/PrintStream.java and once in URL:file:/home/runner/work/key/key/key.core/build/resources/main/de/uka/ilkd/key/java/JavaRedux/java/io/PrintStream.java, Keeping one from URL:file:/home/runner/work/key/key/key.core/build/resources/main/de/uka/ilkd/key/java/JavaRedux/java/io/PrintStream.java 
534292     DEBUG main            d.u.i.k.p.i.AbstractProblemLoader Init config took 2.23s 
534304     INFO  main            d.u.i.k.p.i.AbstractProblemLoader Replaying proof localDeclared.key.proof 
534361     DEBUG main            d.u.i.k.p.i.IntermediateProofReplayer Proof replay took 51.66ms 
534362     DEBUG main            d.u.i.k.p.r.p.TestFile    ... success: reloaded. 
534362     INFO  main            d.u.i.k.p.r.p.TestFile    Now processing file /home/runner/work/key/key/key.core/../key.ui/examples/standard_key/staticInitialisation/localDeclaredMethod.key 
534363     INFO  main            d.u.i.k.p.i.AbstractProblemLoader Loading environment from /home/runner/work/key/key/key.core/../key.ui/examples/standard_key/staticInitialisation/localDeclaredMethod.key 
534363     DEBUG main            d.u.i.k.p.i.AbstractProblemLoader Environment load took 164.41ns 
534365     INFO  main            d.u.i.k.p.i.AbstractProblemLoader Creating init config 
534383     WARN  main            d.u.i.k.j.r.KeYCrossReferenceNameInfo Datatype java.lang.System declared twice: Once in FILE:/home/runner/work/key/key/key.core/../key.ui/examples/standard_key/staticInitialisation/classpath/System.java and once in URL:file:/home/runner/work/key/key/key.core/build/resources/main/de/uka/ilkd/key/java/JavaRedux/java/lang/System.java, Keeping one from URL:file:/home/runner/work/key/key/key.core/build/resources/main/de/uka/ilkd/key/java/JavaRedux/java/lang/System.java 
534384     WARN  main            d.u.i.k.j.r.KeYCrossReferenceNameInfo Datatype java.io.PrintStream declared twice: Once in FILE:/home/runner/work/key/key/key.core/../key.ui/examples/standard_key/staticInitialisation/classpath/PrintStream.java and once in URL:file:/home/runner/work/key/key/key.core/build/resources/main/de/uka/ilkd/key/java/JavaRedux/java/io/PrintStream.java, Keeping one from URL:file:/home/runner/work/key/key/key.core/build/resources/main/de/uka/ilkd/key/java/JavaRedux/java/io/PrintStream.java 
536613     DEBUG main            d.u.i.k.p.i.AbstractProblemLoader Init config took 2.25s 
536627     INFO  main            d.u.i.k.p.i.AbstractProblemLoader Replaying proof localDeclaredMethod.key 
536629     DEBUG main            d.u.i.k.p.i.IntermediateProofReplayer Proof replay took 2.2ns 
536831     INFO  main            d.u.i.k.p.r.p.TestFile    ... finished proof: closed. 
537322     INFO  main            d.u.i.k.p.i.AbstractProblemLoader Loading environment from /home/runner/work/key/key/key.core/../key.ui/examples/standard_key/staticInitialisation/localDeclaredMethod.key.proof 
537322     DEBUG main            d.u.i.k.p.i.AbstractProblemLoader Environment load took 71.4ns 
537323     INFO  main            d.u.i.k.p.i.AbstractProblemLoader Creating init config 
537340     WARN  main            d.u.i.k.j.r.KeYCrossReferenceNameInfo Datatype java.lang.System declared twice: Once in FILE:/home/runner/work/key/key/key.core/../key.ui/examples/standard_key/staticInitialisation/classpath/System.java and once in URL:file:/home/runner/work/key/key/key.core/build/resources/main/de/uka/ilkd/key/java/JavaRedux/java/lang/System.java, Keeping one from URL:file:/home/runner/work/key/key/key.core/build/resources/main/de/uka/ilkd/key/java/JavaRedux/java/lang/System.java 
537340     WARN  main            d.u.i.k.j.r.KeYCrossReferenceNameInfo Datatype java.io.PrintStream declared twice: Once in FILE:/home/runner/work/key/key/key.core/../key.ui/examples/standard_key/staticInitialisation/classpath/PrintStream.java and once in URL:file:/home/runner/work/key/key/key.core/build/resources/main/de/uka/ilkd/key/java/JavaRedux/java/io/PrintStream.java, Keeping one from URL:file:/home/runner/work/key/key/key.core/build/resources/main/de/uka/ilkd/key/java/JavaRedux/java/io/PrintStream.java 
539550     DEBUG main            d.u.i.k.p.i.AbstractProblemLoader Init config took 2.23s 
539563     INFO  main            d.u.i.k.p.i.AbstractProblemLoader Replaying proof localDeclaredMethod.key.proof 
539613     DEBUG main            d.u.i.k.p.i.IntermediateProofReplayer Proof replay took 48.08ms 
539614     DEBUG main            d.u.i.k.p.r.p.TestFile    ... success: reloaded. 
539614     INFO  main            d.u.i.k.p.r.p.TestFile    Now processing file /home/runner/work/key/key/key.core/../key.ui/examples/standard_key/staticInitialisation/objectOfErroneousClass.key 
539615     INFO  main            d.u.i.k.p.i.AbstractProblemLoader Loading environment from /home/runner/work/key/key/key.core/../key.ui/examples/standard_key/staticInitialisation/objectOfErroneousClass.key 
539615     DEBUG main            d.u.i.k.p.i.AbstractProblemLoader Environment load took 78.5ns 
539616     INFO  main            d.u.i.k.p.i.AbstractProblemLoader Creating init config 
539633     WARN  main            d.u.i.k.j.r.KeYCrossReferenceNameInfo Datatype java.lang.System declared twice: Once in FILE:/home/runner/work/key/key/key.core/../key.ui/examples/standard_key/staticInitialisation/classpath/System.java and once in URL:file:/home/runner/work/key/key/key.core/build/resources/main/de/uka/ilkd/key/java/JavaRedux/java/lang/System.java, Keeping one from URL:file:/home/runner/work/key/key/key.core/build/resources/main/de/uka/ilkd/key/java/JavaRedux/java/lang/System.java 
539633     WARN  main            d.u.i.k.j.r.KeYCrossReferenceNameInfo Datatype java.io.PrintStream declared twice: Once in FILE:/home/runner/work/key/key/key.core/../key.ui/examples/standard_key/staticInitialisation/classpath/PrintStream.java and once in URL:file:/home/runner/work/key/key/key.core/build/resources/main/de/uka/ilkd/key/java/JavaRedux/java/io/PrintStream.java, Keeping one from URL:file:/home/runner/work/key/key/key.core/build/resources/main/de/uka/ilkd/key/java/JavaRedux/java/io/PrintStream.java 
541865     DEBUG main            d.u.i.k.p.i.AbstractProblemLoader Init config took 2.25s 
541879     INFO  main            d.u.i.k.p.i.AbstractProblemLoader Replaying proof objectOfErroneousClass.key 
541881     DEBUG main            d.u.i.k.p.i.IntermediateProofReplayer Proof replay took 2.9ns 
553610     INFO  main            d.u.i.k.p.r.p.TestFile    ... finished proof: closed. 
554167     INFO  main            d.u.i.k.p.i.AbstractProblemLoader Loading environment from /home/runner/work/key/key/key.core/../key.ui/examples/standard_key/staticInitialisation/objectOfErroneousClass.key.proof 
554168     DEBUG main            d.u.i.k.p.i.AbstractProblemLoader Environment load took 331.51ns 
554170     INFO  main            d.u.i.k.p.i.AbstractProblemLoader Creating init config 
554187     WARN  main            d.u.i.k.j.r.KeYCrossReferenceNameInfo Datatype java.lang.System declared twice: Once in FILE:/home/runner/work/key/key/key.core/../key.ui/examples/standard_key/staticInitialisation/classpath/System.java and once in URL:file:/home/runner/work/key/key/key.core/build/resources/main/de/uka/ilkd/key/java/JavaRedux/java/lang/System.java, Keeping one from URL:file:/home/runner/work/key/key/key.core/build/resources/main/de/uka/ilkd/key/java/JavaRedux/java/lang/System.java 
554188     WARN  main            d.u.i.k.j.r.KeYCrossReferenceNameInfo Datatype java.io.PrintStream declared twice: Once in FILE:/home/runner/work/key/key/key.core/../key.ui/examples/standard_key/staticInitialisation/classpath/PrintStream.java and once in URL:file:/home/runner/work/key/key/key.core/build/resources/main/de/uka/ilkd/key/java/JavaRedux/java/io/PrintStream.java, Keeping one from URL:file:/home/runner/work/key/key/key.core/build/resources/main/de/uka/ilkd/key/java/JavaRedux/java/io/PrintStream.java 
556407     DEBUG main            d.u.i.k.p.i.AbstractProblemLoader Init config took 2.24s 
556420     INFO  main            d.u.i.k.p.i.AbstractProblemLoader Replaying proof objectOfErroneousClass.key.proof 
558409     DEBUG main            d.u.i.k.p.i.IntermediateProofReplayer Proof replay took 1.96s 
558411     DEBUG main            d.u.i.k.p.r.p.TestFile    ... success: reloaded. 
558412     INFO  main            d.u.i.k.p.r.p.TestFile    Now processing file /home/runner/work/key/key/key.core/../key.ui/examples/standard_key/staticInitialisation/staticInitialisersAreNonSimple.key 
558413     INFO  main            d.u.i.k.p.i.AbstractProblemLoader Loading environment from /home/runner/work/key/key/key.core/../key.ui/examples/standard_key/staticInitialisation/staticInitialisersAreNonSimple.key 
558413     DEBUG main            d.u.i.k.p.i.AbstractProblemLoader Environment load took 140.6ns 
558414     INFO  main            d.u.i.k.p.i.AbstractProblemLoader Creating init config 
558431     WARN  main            d.u.i.k.j.r.KeYCrossReferenceNameInfo Datatype java.lang.System declared twice: Once in FILE:/home/runner/work/key/key/key.core/../key.ui/examples/standard_key/staticInitialisation/classpath/System.java and once in URL:file:/home/runner/work/key/key/key.core/build/resources/main/de/uka/ilkd/key/java/JavaRedux/java/lang/System.java, Keeping one from URL:file:/home/runner/work/key/key/key.core/build/resources/main/de/uka/ilkd/key/java/JavaRedux/java/lang/System.java 
558431     WARN  main            d.u.i.k.j.r.KeYCrossReferenceNameInfo Datatype java.io.PrintStream declared twice: Once in FILE:/home/runner/work/key/key/key.core/../key.ui/examples/standard_key/staticInitialisation/classpath/PrintStream.java and once in URL:file:/home/runner/work/key/key/key.core/build/resources/main/de/uka/ilkd/key/java/JavaRedux/java/io/PrintStream.java, Keeping one from URL:file:/home/runner/work/key/key/key.core/build/resources/main/de/uka/ilkd/key/java/JavaRedux/java/io/PrintStream.java 
560731     DEBUG main            d.u.i.k.p.i.AbstractProblemLoader Init config took 2.32s 
560745     INFO  main            d.u.i.k.p.i.AbstractProblemLoader Replaying proof staticInitialisersAreNonSimple.key 
560746     DEBUG main            d.u.i.k.p.i.IntermediateProofReplayer Proof replay took 2.7ns 
561049     INFO  main            d.u.i.k.p.r.p.TestFile    ... finished proof: closed. 
561626     INFO  main            d.u.i.k.p.i.AbstractProblemLoader Loading environment from /home/runner/work/key/key/key.core/../key.ui/examples/standard_key/staticInitialisation/staticInitialisersAreNonSimple.key.proof 
561626     DEBUG main            d.u.i.k.p.i.AbstractProblemLoader Environment load took 73.6ns 
561627     INFO  main            d.u.i.k.p.i.AbstractProblemLoader Creating init config 
561643     WARN  main            d.u.i.k.j.r.KeYCrossReferenceNameInfo Datatype java.lang.System declared twice: Once in FILE:/home/runner/work/key/key/key.core/../key.ui/examples/standard_key/staticInitialisation/classpath/System.java and once in URL:file:/home/runner/work/key/key/key.core/build/resources/main/de/uka/ilkd/key/java/JavaRedux/java/lang/System.java, Keeping one from URL:file:/home/runner/work/key/key/key.core/build/resources/main/de/uka/ilkd/key/java/JavaRedux/java/lang/System.java 
561644     WARN  main            d.u.i.k.j.r.KeYCrossReferenceNameInfo Datatype java.io.PrintStream declared twice: Once in FILE:/home/runner/work/key/key/key.core/../key.ui/examples/standard_key/staticInitialisation/classpath/PrintStream.java and once in URL:file:/home/runner/work/key/key/key.core/build/resources/main/de/uka/ilkd/key/java/JavaRedux/java/io/PrintStream.java, Keeping one from URL:file:/home/runner/work/key/key/key.core/build/resources/main/de/uka/ilkd/key/java/JavaRedux/java/io/PrintStream.java 
563865     DEBUG main            d.u.i.k.p.i.AbstractProblemLoader Init config took 2.24s 
563878     INFO  main            d.u.i.k.p.i.AbstractProblemLoader Replaying proof staticInitialisersAreNonSimple.key.proof 
563949     DEBUG main            d.u.i.k.p.i.IntermediateProofReplayer Proof replay took 68.97ms 
563951     DEBUG main            d.u.i.k.p.r.p.TestFile    ... success: reloaded. 
563951     INFO  main            d.u.i.k.p.r.p.TestFile    Now processing file /home/runner/work/key/key/key.core/../key.ui/examples/standard_key/types/disjoint.key 
563951     INFO  main            d.u.i.k.p.i.AbstractProblemLoader Loading environment from /home/runner/work/key/key/key.core/../key.ui/examples/standard_key/types/disjoint.key 
563951     DEBUG main            d.u.i.k.p.i.AbstractProblemLoader Environment load took 39.8ns 
563952     INFO  main            d.u.i.k.p.i.AbstractProblemLoader Creating init config 
566151     DEBUG main            d.u.i.k.p.i.AbstractProblemLoader Init config took 2.2s 
566163     INFO  main            d.u.i.k.p.i.AbstractProblemLoader Replaying proof disjoint.key 
566164     DEBUG main            d.u.i.k.p.i.IntermediateProofReplayer Proof replay took 2.4ns 
566265     INFO  main            d.u.i.k.p.r.p.TestFile    ... finished proof: closed. 
566753     INFO  main            d.u.i.k.p.i.AbstractProblemLoader Loading environment from /home/runner/work/key/key/key.core/../key.ui/examples/standard_key/types/disjoint.key.proof 
566753     DEBUG main            d.u.i.k.p.i.AbstractProblemLoader Environment load took 71.4ns 
566754     INFO  main            d.u.i.k.p.i.AbstractProblemLoader Creating init config 
568924     DEBUG main            d.u.i.k.p.i.AbstractProblemLoader Init config took 2.17s 
568936     INFO  main            d.u.i.k.p.i.AbstractProblemLoader Replaying proof disjoint.key.proof 
568937     DEBUG main            d.u.i.k.p.i.IntermediateProofReplayer Proof replay took 440.71ns 
568938     DEBUG main            d.u.i.k.p.r.p.TestFile    ... success: reloaded. 
568938     INFO  main            d.u.i.k.p.r.p.TestFile    Now processing file /home/runner/work/key/key/key.core/../key.ui/examples/../../key.core/src/test/resources/testcase/classpath/classpath.key 
568939     INFO  main            d.u.i.k.p.i.AbstractProblemLoader Loading environment from /home/runner/work/key/key/key.core/../key.ui/examples/../../key.core/src/test/resources/testcase/classpath/classpath.key 
568939     DEBUG main            d.u.i.k.p.i.AbstractProblemLoader Environment load took 107.6ns 
568939     INFO  main            d.u.i.k.p.i.AbstractProblemLoader Creating init config 
568959     WARN  main            d.u.i.k.j.r.KeYCrossReferenceNameInfo Datatype cp.C declared twice: Once in FILE:/home/runner/work/key/key/key.core/../key.ui/examples/../../key.core/src/test/resources/testcase/classpath/classpath/C.class and once in FILE:/home/runner/work/key/key/key.core/../key.ui/examples/../../key.core/src/test/resources/testcase/classpath/classpath/C.jml, Keeping one from FILE:/home/runner/work/key/key/key.core/../key.ui/examples/../../key.core/src/test/resources/testcase/classpath/classpath/C.jml 
568962     DEBUG main            d.u.i.k.j.r.ClassFileDeclarationBuilder Parsing: package cp; public class Unresolved1 { } 
568962     DEBUG main            r.s.KeYCrossReferenceSourceInfo Dynamically created class: cp.Unresolved1 
568962     DEBUG main            d.u.i.k.j.r.ClassFileDeclarationBuilder Parsing: package cp; public class Unresolved2 { } 
568962     DEBUG main            r.s.KeYCrossReferenceSourceInfo Dynamically created class: cp.Unresolved2 
571292     DEBUG main            d.u.i.k.p.i.AbstractProblemLoader Init config took 2.35s 
571306     INFO  main            d.u.i.k.p.i.AbstractProblemLoader Replaying proof classpath.key 
571307     DEBUG main            d.u.i.k.p.i.IntermediateProofReplayer Proof replay took 2.7ns 
571408     INFO  main            d.u.i.k.p.r.p.TestFile    ... finished proof: closed. 
571930     INFO  main            d.u.i.k.p.i.AbstractProblemLoader Loading environment from /home/runner/work/key/key/key.core/../key.ui/examples/../../key.core/src/test/resources/testcase/classpath/classpath.key.proof 
571930     DEBUG main            d.u.i.k.p.i.AbstractProblemLoader Environment load took 70.7ns 
571931     INFO  main            d.u.i.k.p.i.AbstractProblemLoader Creating init config 
571953     WARN  main            d.u.i.k.j.r.KeYCrossReferenceNameInfo Datatype cp.C declared twice: Once in FILE:/home/runner/work/key/key/key.core/../key.ui/examples/../../key.core/src/test/resources/testcase/classpath/classpath/C.class and once in FILE:/home/runner/work/key/key/key.core/../key.ui/examples/../../key.core/src/test/resources/testcase/classpath/classpath/C.jml, Keeping one from FILE:/home/runner/work/key/key/key.core/../key.ui/examples/../../key.core/src/test/resources/testcase/classpath/classpath/C.jml 
571956     DEBUG main            d.u.i.k.j.r.ClassFileDeclarationBuilder Parsing: package cp; public class Unresolved1 { } 
571957     DEBUG main            r.s.KeYCrossReferenceSourceInfo Dynamically created class: cp.Unresolved1 
571957     DEBUG main            d.u.i.k.j.r.ClassFileDeclarationBuilder Parsing: package cp; public class Unresolved2 { } 
571957     DEBUG main            r.s.KeYCrossReferenceSourceInfo Dynamically created class: cp.Unresolved2 
574246     DEBUG main            d.u.i.k.p.i.AbstractProblemLoader Init config took 2.31s 
574259     INFO  main            d.u.i.k.p.i.AbstractProblemLoader Replaying proof classpath.key.proof 
574261     DEBUG main            d.u.i.k.p.i.IntermediateProofReplayer Proof replay took 461.11ns 
574261     DEBUG main            d.u.i.k.p.r.p.TestFile    ... success: reloaded. 
574262     INFO  main            d.u.i.k.p.r.p.TestFile    Now processing file /home/runner/work/key/key/key.core/../key.ui/examples/heap/inconsistent_represents/MyClass_m.key 
574262     INFO  main            d.u.i.k.p.i.AbstractProblemLoader Loading environment from /home/runner/work/key/key/key.core/../key.ui/examples/heap/inconsistent_represents/MyClass_m.key 
574262     DEBUG main            d.u.i.k.p.i.AbstractProblemLoader Environment load took 40.4ns 
574263     INFO  main            d.u.i.k.p.i.AbstractProblemLoader Creating init config 
576577     DEBUG main            d.u.i.k.p.i.AbstractProblemLoader Init config took 2.31s 
576614     INFO  main            d.u.i.k.p.i.AbstractProblemLoader Replaying proof MyClass[MyClass::m()].JML operation contract.0 
576616     DEBUG main            d.u.i.k.p.i.IntermediateProofReplayer Proof replay took 2.5ns 
576719     INFO  main            d.u.i.k.p.r.p.TestFile    ... finished proof: open goal(s) 
577210     INFO  main            d.u.i.k.p.r.p.TestFile    Now processing file /home/runner/work/key/key/key.core/../key.ui/examples/heap/inconsistent_represents/MyClass_n.key 
577210     INFO  main            d.u.i.k.p.i.AbstractProblemLoader Loading environment from /home/runner/work/key/key/key.core/../key.ui/examples/heap/inconsistent_represents/MyClass_n.key 
577210     DEBUG main            d.u.i.k.p.i.AbstractProblemLoader Environment load took 43.4ns 
577211     INFO  main            d.u.i.k.p.i.AbstractProblemLoader Creating init config 
579458     DEBUG main            d.u.i.k.p.i.AbstractProblemLoader Init config took 2.25s 
579489     INFO  main            d.u.i.k.p.i.AbstractProblemLoader Replaying proof MyClass[MyClass::n()].JML operation contract.0 
579491     DEBUG main            d.u.i.k.p.i.IntermediateProofReplayer Proof replay took 2.2ns 
579594     INFO  main            d.u.i.k.p.r.p.TestFile    ... finished proof: open goal(s) 
3368011    INFO  Test worker     d.u.i.k.p.r.p.StatisticsFile Returning from test javadl 
3368021    INFO  Test worker     d.u.i.k.p.r.p.StatisticsFile Running test FOL 
374        INFO  Timeout watchdog d.u.i.k.p.r.p.ForkedTestFileRunner Timeout watcher launched (2000 secs.) 
385        WARN  main            d.u.i.k.s.ProofSettings   The settings in /home/runner/.key/proof-settings.props are *not* read. 
411        INFO  main            d.u.i.k.p.r.p.TestFile    Now processing file /home/runner/work/key/key/key.core/../key.ui/examples/standard_key/pred_log/count.key 
504        INFO  main            d.u.i.k.p.i.AbstractProblemLoader Loading environment from /home/runner/work/key/key/key.core/../key.ui/examples/standard_key/pred_log/count.key 
528        DEBUG main            d.u.i.k.p.i.AbstractProblemLoader Environment load took 1.98ms 
772        INFO  main            d.u.i.k.p.i.AbstractProblemLoader Creating init config 
1763       DEBUG main            d.u.i.k.j.TypeConverter   No LDT found for Meta 
1763       DEBUG main            d.u.i.k.j.TypeConverter   No LDT found for Meta 
1766       DEBUG main            d.u.i.k.j.TypeConverter   No LDT found for Meta 
1766       DEBUG main            d.u.i.k.j.TypeConverter   No LDT found for Meta 
3074       DEBUG main            d.u.i.k.j.TypeConverter   No LDT found for JavaBigintExpression 
7665       DEBUG main            d.u.i.k.p.i.AbstractProblemLoader Init config took 6.89s 
7724       INFO  main            d.u.i.k.p.i.AbstractProblemLoader Replaying proof count.key 
7754       DEBUG main            d.u.i.k.p.i.IntermediateProofReplayer Proof replay took 31.4ns 
7907       INFO  main            d.u.i.k.p.r.p.TestFile    ... finished proof: closed. 
7996       INFO  main            d.u.i.k.p.i.AbstractProblemLoader Loading environment from /home/runner/work/key/key/key.core/../key.ui/examples/standard_key/pred_log/count.key.proof 
7996       DEBUG main            d.u.i.k.p.i.AbstractProblemLoader Environment load took 355.01ns 
8000       INFO  main            d.u.i.k.p.i.AbstractProblemLoader Creating init config 
10407      DEBUG main            d.u.i.k.p.i.AbstractProblemLoader Init config took 2.41s 
10452      INFO  main            d.u.i.k.p.i.AbstractProblemLoader Replaying proof count.key.proof 
10463      DEBUG main            d.u.i.k.p.i.IntermediateProofReplayer Proof replay took 6.73ms 
10472      DEBUG main            d.u.i.k.p.r.p.TestFile    ... success: reloaded. 
10473      INFO  main            d.u.i.k.p.r.p.TestFile    Now processing file /home/runner/work/key/key/key.core/../key.ui/examples/standard_key/pred_log/count2.key 
10474      INFO  main            d.u.i.k.p.i.AbstractProblemLoader Loading environment from /home/runner/work/key/key/key.core/../key.ui/examples/standard_key/pred_log/count2.key 
10474      DEBUG main            d.u.i.k.p.i.AbstractProblemLoader Environment load took 179.1ns 
10475      INFO  main            d.u.i.k.p.i.AbstractProblemLoader Creating init config 
12842      DEBUG main            d.u.i.k.p.i.AbstractProblemLoader Init config took 2.37s 
12870      INFO  main            d.u.i.k.p.i.AbstractProblemLoader Replaying proof count2.key 
12879      DEBUG main            d.u.i.k.p.i.IntermediateProofReplayer Proof replay took 6ns 
12985      INFO  main            d.u.i.k.p.r.p.TestFile    ... finished proof: closed. 
13098      INFO  main            d.u.i.k.p.i.AbstractProblemLoader Loading environment from /home/runner/work/key/key/key.core/../key.ui/examples/standard_key/pred_log/count2.key.proof 
13098      DEBUG main            d.u.i.k.p.i.AbstractProblemLoader Environment load took 162.4ns 
13100      INFO  main            d.u.i.k.p.i.AbstractProblemLoader Creating init config 
15428      DEBUG main            d.u.i.k.p.i.AbstractProblemLoader Init config took 2.33s 
15452      INFO  main            d.u.i.k.p.i.AbstractProblemLoader Replaying proof count2.key.proof 
15457      DEBUG main            d.u.i.k.p.i.IntermediateProofReplayer Proof replay took 3.08ms 
15458      DEBUG main            d.u.i.k.p.r.p.TestFile    ... success: reloaded. 
15459      INFO  main            d.u.i.k.p.r.p.TestFile    Now processing file /home/runner/work/key/key/key.core/../key.ui/examples/standard_key/pred_log/count3.key 
15459      INFO  main            d.u.i.k.p.i.AbstractProblemLoader Loading environment from /home/runner/work/key/key/key.core/../key.ui/examples/standard_key/pred_log/count3.key 
15459      DEBUG main            d.u.i.k.p.i.AbstractProblemLoader Environment load took 175.21ns 
15461      INFO  main            d.u.i.k.p.i.AbstractProblemLoader Creating init config 
17776      DEBUG main            d.u.i.k.p.i.AbstractProblemLoader Init config took 2.32s 
17798      INFO  main            d.u.i.k.p.i.AbstractProblemLoader Replaying proof count3.key 
17800      DEBUG main            d.u.i.k.p.i.IntermediateProofReplayer Proof replay took 6ns 
17902      INFO  main            d.u.i.k.p.r.p.TestFile    ... finished proof: closed. 
18047      INFO  main            d.u.i.k.p.i.AbstractProblemLoader Loading environment from /home/runner/work/key/key/key.core/../key.ui/examples/standard_key/pred_log/count3.key.proof 
18048      DEBUG main            d.u.i.k.p.i.AbstractProblemLoader Environment load took 1.25ms 
18049      INFO  main            d.u.i.k.p.i.AbstractProblemLoader Creating init config 
20321      DEBUG main            d.u.i.k.p.i.AbstractProblemLoader Init config took 2.27s 
20340      INFO  main            d.u.i.k.p.i.AbstractProblemLoader Replaying proof count3.key.proof 
20345      DEBUG main            d.u.i.k.p.i.IntermediateProofReplayer Proof replay took 2.7ms 
20346      DEBUG main            d.u.i.k.p.r.p.TestFile    ... success: reloaded. 
20347      INFO  main            d.u.i.k.p.r.p.TestFile    Now processing file /home/runner/work/key/key/key.core/../key.ui/examples/standard_key/pred_log/equalities.key 
20347      INFO  main            d.u.i.k.p.i.AbstractProblemLoader Loading environment from /home/runner/work/key/key/key.core/../key.ui/examples/standard_key/pred_log/equalities.key 
20347      DEBUG main            d.u.i.k.p.i.AbstractProblemLoader Environment load took 164.81ns 
20348      INFO  main            d.u.i.k.p.i.AbstractProblemLoader Creating init config 
22638      DEBUG main            d.u.i.k.p.i.AbstractProblemLoader Init config took 2.29s 
22663      INFO  main            d.u.i.k.p.i.AbstractProblemLoader Replaying proof equalities.key 
22666      DEBUG main            d.u.i.k.p.i.IntermediateProofReplayer Proof replay took 8.2ns 
22768      INFO  main            d.u.i.k.p.r.p.TestFile    ... finished proof: closed. 
22889      INFO  main            d.u.i.k.p.i.AbstractProblemLoader Loading environment from /home/runner/work/key/key/key.core/../key.ui/examples/standard_key/pred_log/equalities.key.proof 
22889      DEBUG main            d.u.i.k.p.i.AbstractProblemLoader Environment load took 114.4ns 
22890      INFO  main            d.u.i.k.p.i.AbstractProblemLoader Creating init config 
25113      DEBUG main            d.u.i.k.p.i.AbstractProblemLoader Init config took 2.22s 
25132      INFO  main            d.u.i.k.p.i.AbstractProblemLoader Replaying proof equalities.key.proof 
25135      DEBUG main            d.u.i.k.p.i.IntermediateProofReplayer Proof replay took 1.56ms 
25136      DEBUG main            d.u.i.k.p.r.p.TestFile    ... success: reloaded. 
25137      INFO  main            d.u.i.k.p.r.p.TestFile    Now processing file /home/runner/work/key/key/key.core/../key.ui/examples/standard_key/pred_log/equalities2.key 
25137      INFO  main            d.u.i.k.p.i.AbstractProblemLoader Loading environment from /home/runner/work/key/key/key.core/../key.ui/examples/standard_key/pred_log/equalities2.key 
25137      DEBUG main            d.u.i.k.p.i.AbstractProblemLoader Environment load took 89.7ns 
25138      INFO  main            d.u.i.k.p.i.AbstractProblemLoader Creating init config 
27391      DEBUG main            d.u.i.k.p.i.AbstractProblemLoader Init config took 2.25s 
27410      INFO  main            d.u.i.k.p.i.AbstractProblemLoader Replaying proof equalities2.key 
27411      DEBUG main            d.u.i.k.p.i.IntermediateProofReplayer Proof replay took 6.7ns 
27513      INFO  main            d.u.i.k.p.r.p.TestFile    ... finished proof: closed. 
27654      INFO  main            d.u.i.k.p.i.AbstractProblemLoader Loading environment from /home/runner/work/key/key/key.core/../key.ui/examples/standard_key/pred_log/equalities2.key.proof 
27654      DEBUG main            d.u.i.k.p.i.AbstractProblemLoader Environment load took 112.5ns 
27655      INFO  main            d.u.i.k.p.i.AbstractProblemLoader Creating init config 
29853      DEBUG main            d.u.i.k.p.i.AbstractProblemLoader Init config took 2.2s 
29871      INFO  main            d.u.i.k.p.i.AbstractProblemLoader Replaying proof equalities2.key.proof 
29877      DEBUG main            d.u.i.k.p.i.IntermediateProofReplayer Proof replay took 4.02ms 
29878      DEBUG main            d.u.i.k.p.r.p.TestFile    ... success: reloaded. 
29878      INFO  main            d.u.i.k.p.r.p.TestFile    Now processing file /home/runner/work/key/key/key.core/../key.ui/examples/standard_key/pred_log/equalities3.key 
29879      INFO  main            d.u.i.k.p.i.AbstractProblemLoader Loading environment from /home/runner/work/key/key/key.core/../key.ui/examples/standard_key/pred_log/equalities3.key 
29879      DEBUG main            d.u.i.k.p.i.AbstractProblemLoader Environment load took 176.71ns 
29880      INFO  main            d.u.i.k.p.i.AbstractProblemLoader Creating init config 
32088      DEBUG main            d.u.i.k.p.i.AbstractProblemLoader Init config took 2.21s 
32106      INFO  main            d.u.i.k.p.i.AbstractProblemLoader Replaying proof equalities3.key 
32108      DEBUG main            d.u.i.k.p.i.IntermediateProofReplayer Proof replay took 6.4ns 
32213      INFO  main            d.u.i.k.p.r.p.TestFile    ... finished proof: closed. 
32346      INFO  main            d.u.i.k.p.i.AbstractProblemLoader Loading environment from /home/runner/work/key/key/key.core/../key.ui/examples/standard_key/pred_log/equalities3.key.proof 
32347      DEBUG main            d.u.i.k.p.i.AbstractProblemLoader Environment load took 430.41ns 
32348      INFO  main            d.u.i.k.p.i.AbstractProblemLoader Creating init config 
34561      DEBUG main            d.u.i.k.p.i.AbstractProblemLoader Init config took 2.21s 
34579      INFO  main            d.u.i.k.p.i.AbstractProblemLoader Replaying proof equalities3.key.proof 
34586      DEBUG main            d.u.i.k.p.i.IntermediateProofReplayer Proof replay took 5.63ms 
34587      DEBUG main            d.u.i.k.p.r.p.TestFile    ... success: reloaded. 
34588      INFO  main            d.u.i.k.p.r.p.TestFile    Now processing file /home/runner/work/key/key/key.core/../key.ui/examples/standard_key/pred_log/functions.key 
34588      INFO  main            d.u.i.k.p.i.AbstractProblemLoader Loading environment from /home/runner/work/key/key/key.core/../key.ui/examples/standard_key/pred_log/functions.key 
34588      DEBUG main            d.u.i.k.p.i.AbstractProblemLoader Environment load took 148.1ns 
34589      INFO  main            d.u.i.k.p.i.AbstractProblemLoader Creating init config 
36793      DEBUG main            d.u.i.k.p.i.AbstractProblemLoader Init config took 2.2s 
36809      INFO  main            d.u.i.k.p.i.AbstractProblemLoader Replaying proof functions.key 
36811      DEBUG main            d.u.i.k.p.i.IntermediateProofReplayer Proof replay took 6.5ns 
36913      INFO  main            d.u.i.k.p.r.p.TestFile    ... finished proof: closed. 
37053      INFO  main            d.u.i.k.p.i.AbstractProblemLoader Loading environment from /home/runner/work/key/key/key.core/../key.ui/examples/standard_key/pred_log/functions.key.proof 
37053      DEBUG main            d.u.i.k.p.i.AbstractProblemLoader Environment load took 111.4ns 
37054      INFO  main            d.u.i.k.p.i.AbstractProblemLoader Creating init config 
39234      DEBUG main            d.u.i.k.p.i.AbstractProblemLoader Init config took 2.18s 
39250      INFO  main            d.u.i.k.p.i.AbstractProblemLoader Replaying proof functions.key.proof 
39254      DEBUG main            d.u.i.k.p.i.IntermediateProofReplayer Proof replay took 2.26ms 
39255      DEBUG main            d.u.i.k.p.r.p.TestFile    ... success: reloaded. 
39255      INFO  main            d.u.i.k.p.r.p.TestFile    Now processing file /home/runner/work/key/key/key.core/../key.ui/examples/standard_key/pred_log/mv1.key 
39255      INFO  main            d.u.i.k.p.i.AbstractProblemLoader Loading environment from /home/runner/work/key/key/key.core/../key.ui/examples/standard_key/pred_log/mv1.key 
39255      DEBUG main            d.u.i.k.p.i.AbstractProblemLoader Environment load took 68.9ns 
39256      INFO  main            d.u.i.k.p.i.AbstractProblemLoader Creating init config 
41456      DEBUG main            d.u.i.k.p.i.AbstractProblemLoader Init config took 2.2s 
41472      INFO  main            d.u.i.k.p.i.AbstractProblemLoader Replaying proof mv1.key 
41473      DEBUG main            d.u.i.k.p.i.IntermediateProofReplayer Proof replay took 7ns 
41575      INFO  main            d.u.i.k.p.r.p.TestFile    ... finished proof: closed. 
41768      INFO  main            d.u.i.k.p.i.AbstractProblemLoader Loading environment from /home/runner/work/key/key/key.core/../key.ui/examples/standard_key/pred_log/mv1.key.proof 
41768      DEBUG main            d.u.i.k.p.i.AbstractProblemLoader Environment load took 109.5ns 
41769      INFO  main            d.u.i.k.p.i.AbstractProblemLoader Creating init config 
43931      DEBUG main            d.u.i.k.p.i.AbstractProblemLoader Init config took 2.16s 
43959      INFO  main            d.u.i.k.p.i.AbstractProblemLoader Replaying proof mv1.key.proof 
43967      DEBUG main            d.u.i.k.p.i.IntermediateProofReplayer Proof replay took 939.02ns 
43968      DEBUG main            d.u.i.k.p.r.p.TestFile    ... success: reloaded. 
43968      INFO  main            d.u.i.k.p.r.p.TestFile    Now processing file /home/runner/work/key/key/key.core/../key.ui/examples/standard_key/pred_log/mv2.key 
43969      INFO  main            d.u.i.k.p.i.AbstractProblemLoader Loading environment from /home/runner/work/key/key/key.core/../key.ui/examples/standard_key/pred_log/mv2.key 
43969      DEBUG main            d.u.i.k.p.i.AbstractProblemLoader Environment load took 69.7ns 
43969      INFO  main            d.u.i.k.p.i.AbstractProblemLoader Creating init config 
46195      DEBUG main            d.u.i.k.p.i.AbstractProblemLoader Init config took 2.23s 
46210      INFO  main            d.u.i.k.p.i.AbstractProblemLoader Replaying proof mv2.key 
46211      DEBUG main            d.u.i.k.p.i.IntermediateProofReplayer Proof replay took 6.1ns 
46313      INFO  main            d.u.i.k.p.r.p.TestFile    ... finished proof: closed. 
46535      INFO  main            d.u.i.k.p.i.AbstractProblemLoader Loading environment from /home/runner/work/key/key/key.core/../key.ui/examples/standard_key/pred_log/mv2.key.proof 
46535      DEBUG main            d.u.i.k.p.i.AbstractProblemLoader Environment load took 114.6ns 
46537      INFO  main            d.u.i.k.p.i.AbstractProblemLoader Creating init config 
48712      DEBUG main            d.u.i.k.p.i.AbstractProblemLoader Init config took 2.18s 
48726      INFO  main            d.u.i.k.p.i.AbstractProblemLoader Replaying proof mv2.key.proof 
48732      DEBUG main            d.u.i.k.p.i.IntermediateProofReplayer Proof replay took 4.41ms 
48735      DEBUG main            d.u.i.k.p.r.p.TestFile    ... success: reloaded. 
48736      INFO  main            d.u.i.k.p.r.p.TestFile    Now processing file /home/runner/work/key/key/key.core/../key.ui/examples/standard_key/pred_log/quantifiers.key 
48737      INFO  main            d.u.i.k.p.i.AbstractProblemLoader Loading environment from /home/runner/work/key/key/key.core/../key.ui/examples/standard_key/pred_log/quantifiers.key 
48737      DEBUG main            d.u.i.k.p.i.AbstractProblemLoader Environment load took 332.41ns 
48738      INFO  main            d.u.i.k.p.i.AbstractProblemLoader Creating init config 
50939      DEBUG main            d.u.i.k.p.i.AbstractProblemLoader Init config took 2.2s 
50953      INFO  main            d.u.i.k.p.i.AbstractProblemLoader Replaying proof quantifiers.key 
50955      DEBUG main            d.u.i.k.p.i.IntermediateProofReplayer Proof replay took 6.2ns 
51056      INFO  main            d.u.i.k.p.r.p.TestFile    ... finished proof: closed. 
51220      INFO  main            d.u.i.k.p.i.AbstractProblemLoader Loading environment from /home/runner/work/key/key/key.core/../key.ui/examples/standard_key/pred_log/quantifiers.key.proof 
51220      DEBUG main            d.u.i.k.p.i.AbstractProblemLoader Environment load took 108.8ns 
51221      INFO  main            d.u.i.k.p.i.AbstractProblemLoader Creating init config 
53389      DEBUG main            d.u.i.k.p.i.AbstractProblemLoader Init config took 2.17s 
53403      INFO  main            d.u.i.k.p.i.AbstractProblemLoader Replaying proof quantifiers.key.proof 
53406      DEBUG main            d.u.i.k.p.i.IntermediateProofReplayer Proof replay took 2.14ms 
53407      DEBUG main            d.u.i.k.p.r.p.TestFile    ... success: reloaded. 
53407      INFO  main            d.u.i.k.p.r.p.TestFile    Now processing file /home/runner/work/key/key/key.core/../key.ui/examples/standard_key/pred_log/simpleEps.key 
53408      INFO  main            d.u.i.k.p.i.AbstractProblemLoader Loading environment from /home/runner/work/key/key/key.core/../key.ui/examples/standard_key/pred_log/simpleEps.key 
53408      DEBUG main            d.u.i.k.p.i.AbstractProblemLoader Environment load took 82.8ns 
53409      INFO  main            d.u.i.k.p.i.AbstractProblemLoader Creating init config 
55588      DEBUG main            d.u.i.k.p.i.AbstractProblemLoader Init config took 2.18s 
55602      INFO  main            d.u.i.k.p.i.AbstractProblemLoader Replaying proof simpleEps.key 
55603      DEBUG main            d.u.i.k.p.i.IntermediateProofReplayer Proof replay took 6.3ns 
55708      INFO  main            d.u.i.k.p.r.p.TestFile    ... finished proof: closed. 
55871      INFO  main            d.u.i.k.p.i.AbstractProblemLoader Loading environment from /home/runner/work/key/key/key.core/../key.ui/examples/standard_key/pred_log/simpleEps.key.proof 
55871      DEBUG main            d.u.i.k.p.i.AbstractProblemLoader Environment load took 108.2ns 
55873      INFO  main            d.u.i.k.p.i.AbstractProblemLoader Creating init config 
58026      DEBUG main            d.u.i.k.p.i.AbstractProblemLoader Init config took 2.15s 
58039      INFO  main            d.u.i.k.p.i.AbstractProblemLoader Replaying proof simpleEps.key.proof 
58042      DEBUG main            d.u.i.k.p.i.IntermediateProofReplayer Proof replay took 1.54ms 
58043      DEBUG main            d.u.i.k.p.r.p.TestFile    ... success: reloaded. 
58043      INFO  main            d.u.i.k.p.r.p.TestFile    Now processing file /home/runner/work/key/key/key.core/../key.ui/examples/standard_key/pred_log/steam1.key 
58043      INFO  main            d.u.i.k.p.i.AbstractProblemLoader Loading environment from /home/runner/work/key/key/key.core/../key.ui/examples/standard_key/pred_log/steam1.key 
58044      DEBUG main            d.u.i.k.p.i.AbstractProblemLoader Environment load took 77.8ns 
58045      INFO  main            d.u.i.k.p.i.AbstractProblemLoader Creating init config 
60259      DEBUG main            d.u.i.k.p.i.AbstractProblemLoader Init config took 2.21s 
60277      INFO  main            d.u.i.k.p.i.AbstractProblemLoader Replaying proof steam1.key 
60279      DEBUG main            d.u.i.k.p.i.IntermediateProofReplayer Proof replay took 6.1ns 
60690      INFO  main            d.u.i.k.p.r.p.TestFile    ... finished proof: closed. 
60868      INFO  main            d.u.i.k.p.i.AbstractProblemLoader Loading environment from /home/runner/work/key/key/key.core/../key.ui/examples/standard_key/pred_log/steam1.key.proof 
60868      DEBUG main            d.u.i.k.p.i.AbstractProblemLoader Environment load took 319.41ns 
60870      INFO  main            d.u.i.k.p.i.AbstractProblemLoader Creating init config 
62997      DEBUG main            d.u.i.k.p.i.AbstractProblemLoader Init config took 2.13s 
63028      INFO  main            d.u.i.k.p.i.AbstractProblemLoader Replaying proof steam1.key.proof 
63049      DEBUG main            d.u.i.k.p.i.IntermediateProofReplayer Proof replay took 17.1ms 
63051      DEBUG main            d.u.i.k.p.r.p.TestFile    ... success: reloaded. 
63052      INFO  main            d.u.i.k.p.r.p.TestFile    Now processing file /home/runner/work/key/key/key.core/../key.ui/examples/standard_key/pred_log/tptp/PUZ/PUZ001p1.key 
63052      INFO  main            d.u.i.k.p.i.AbstractProblemLoader Loading environment from /home/runner/work/key/key/key.core/../key.ui/examples/standard_key/pred_log/tptp/PUZ/PUZ001p1.key 
63052      DEBUG main            d.u.i.k.p.i.AbstractProblemLoader Environment load took 82.2ns 
63053      INFO  main            d.u.i.k.p.i.AbstractProblemLoader Creating init config 
65252      DEBUG main            d.u.i.k.p.i.AbstractProblemLoader Init config took 2.2s 
65270      INFO  main            d.u.i.k.p.i.AbstractProblemLoader Replaying proof PUZ001p1.key 
65271      DEBUG main            d.u.i.k.p.i.IntermediateProofReplayer Proof replay took 5.4ns 
68090      INFO  main            d.u.i.k.p.r.p.TestFile    ... finished proof: closed. 
68297      INFO  main            d.u.i.k.p.i.AbstractProblemLoader Loading environment from /home/runner/work/key/key/key.core/../key.ui/examples/standard_key/pred_log/tptp/PUZ/PUZ001p1.key.proof 
68297      DEBUG main            d.u.i.k.p.i.AbstractProblemLoader Environment load took 318.81ns 
68299      INFO  main            d.u.i.k.p.i.AbstractProblemLoader Creating init config 
70432      DEBUG main            d.u.i.k.p.i.AbstractProblemLoader Init config took 2.13s 
70449      INFO  main            d.u.i.k.p.i.AbstractProblemLoader Replaying proof PUZ001p1.key.proof 
70599      DEBUG main            d.u.i.k.p.i.IntermediateProofReplayer Proof replay took 136.49ms 
70601      DEBUG main            d.u.i.k.p.r.p.TestFile    ... success: reloaded. 
70602      INFO  main            d.u.i.k.p.r.p.TestFile    Now processing file /home/runner/work/key/key/key.core/../key.ui/examples/standard_key/pred_log/tptp/PUZ/PUZ001p1-eq.key 
70602      INFO  main            d.u.i.k.p.i.AbstractProblemLoader Loading environment from /home/runner/work/key/key/key.core/../key.ui/examples/standard_key/pred_log/tptp/PUZ/PUZ001p1-eq.key 
70602      DEBUG main            d.u.i.k.p.i.AbstractProblemLoader Environment load took 154.21ns 
70603      INFO  main            d.u.i.k.p.i.AbstractProblemLoader Creating init config 
72776      DEBUG main            d.u.i.k.p.i.AbstractProblemLoader Init config took 2.17s 
72794      INFO  main            d.u.i.k.p.i.AbstractProblemLoader Replaying proof PUZ001p1-eq.key 
72795      DEBUG main            d.u.i.k.p.i.IntermediateProofReplayer Proof replay took 5.8ns 
72897      INFO  main            d.u.i.k.p.r.p.TestFile    ... finished proof: closed. 
73104      INFO  main            d.u.i.k.p.i.AbstractProblemLoader Loading environment from /home/runner/work/key/key/key.core/../key.ui/examples/standard_key/pred_log/tptp/PUZ/PUZ001p1-eq.key.proof 
73105      DEBUG main            d.u.i.k.p.i.AbstractProblemLoader Environment load took 106.4ns 
73106      INFO  main            d.u.i.k.p.i.AbstractProblemLoader Creating init config 
75232      DEBUG main            d.u.i.k.p.i.AbstractProblemLoader Init config took 2.13s 
75247      INFO  main            d.u.i.k.p.i.AbstractProblemLoader Replaying proof PUZ001p1-eq.key.proof 
75260      DEBUG main            d.u.i.k.p.i.IntermediateProofReplayer Proof replay took 11.12ms 
75261      DEBUG main            d.u.i.k.p.r.p.TestFile    ... success: reloaded. 
75262      INFO  main            d.u.i.k.p.r.p.TestFile    Now processing file /home/runner/work/key/key/key.core/../key.ui/examples/standard_key/pred_log/tptp/PUZ/PUZ031p1.key 
75262      INFO  main            d.u.i.k.p.i.AbstractProblemLoader Loading environment from /home/runner/work/key/key/key.core/../key.ui/examples/standard_key/pred_log/tptp/PUZ/PUZ031p1.key 
75263      DEBUG main            d.u.i.k.p.i.AbstractProblemLoader Environment load took 154.5ns 
75264      INFO  main            d.u.i.k.p.i.AbstractProblemLoader Creating init config 
77430      DEBUG main            d.u.i.k.p.i.AbstractProblemLoader Init config took 2.17s 
77445      INFO  main            d.u.i.k.p.i.AbstractProblemLoader Replaying proof PUZ031p1.key 
77449      DEBUG main            d.u.i.k.p.i.IntermediateProofReplayer Proof replay took 7ns 
85497      INFO  main            d.u.i.k.p.r.p.TestFile    ... finished proof: closed. 
85685      INFO  main            d.u.i.k.p.i.AbstractProblemLoader Loading environment from /home/runner/work/key/key/key.core/../key.ui/examples/standard_key/pred_log/tptp/PUZ/PUZ031p1.key.proof 
85685      DEBUG main            d.u.i.k.p.i.AbstractProblemLoader Environment load took 308.41ns 
85687      INFO  main            d.u.i.k.p.i.AbstractProblemLoader Creating init config 
87800      DEBUG main            d.u.i.k.p.i.AbstractProblemLoader Init config took 2.11s 
87815      INFO  main            d.u.i.k.p.i.AbstractProblemLoader Replaying proof PUZ031p1.key.proof 
87867      DEBUG main            d.u.i.k.p.i.IntermediateProofReplayer Proof replay took 47.27ms 
87869      DEBUG main            d.u.i.k.p.r.p.TestFile    ... success: reloaded. 
87869      INFO  main            d.u.i.k.p.r.p.TestFile    Now processing file /home/runner/work/key/key/key.core/../key.ui/examples/standard_key/pred_log/tptp/SET/SET027p3.key 
87870      INFO  main            d.u.i.k.p.i.AbstractProblemLoader Loading environment from /home/runner/work/key/key/key.core/../key.ui/examples/standard_key/pred_log/tptp/SET/SET027p3.key 
87870      DEBUG main            d.u.i.k.p.i.AbstractProblemLoader Environment load took 154.3ns 
87871      INFO  main            d.u.i.k.p.i.AbstractProblemLoader Creating init config 
90034      DEBUG main            d.u.i.k.p.i.AbstractProblemLoader Init config took 2.16s 
90068      INFO  main            d.u.i.k.p.i.AbstractProblemLoader Replaying proof SET027p3.key 
90069      DEBUG main            d.u.i.k.p.i.IntermediateProofReplayer Proof replay took 5.7ns 
90172      INFO  main            d.u.i.k.p.r.p.TestFile    ... finished proof: closed. 
90365      INFO  main            d.u.i.k.p.i.AbstractProblemLoader Loading environment from /home/runner/work/key/key/key.core/../key.ui/examples/standard_key/pred_log/tptp/SET/SET027p3.key.proof 
90365      DEBUG main            d.u.i.k.p.i.AbstractProblemLoader Environment load took 115.6ns 
90366      INFO  main            d.u.i.k.p.i.AbstractProblemLoader Creating init config 
92469      DEBUG main            d.u.i.k.p.i.AbstractProblemLoader Init config took 2.1s 
92483      INFO  main            d.u.i.k.p.i.AbstractProblemLoader Replaying proof SET027p3.key.proof 
92488      DEBUG main            d.u.i.k.p.i.IntermediateProofReplayer Proof replay took 4.08ms 
92489      DEBUG main            d.u.i.k.p.r.p.TestFile    ... success: reloaded. 
92490      INFO  main            d.u.i.k.p.r.p.TestFile    Now processing file /home/runner/work/key/key/key.core/../key.ui/examples/standard_key/pred_log/tptp/SET/SET043p1.key 
92490      INFO  main            d.u.i.k.p.i.AbstractProblemLoader Loading environment from /home/runner/work/key/key/key.core/../key.ui/examples/standard_key/pred_log/tptp/SET/SET043p1.key 
92491      DEBUG main            d.u.i.k.p.i.AbstractProblemLoader Environment load took 190.5ns 
92492      INFO  main            d.u.i.k.p.i.AbstractProblemLoader Creating init config 
94661      DEBUG main            d.u.i.k.p.i.AbstractProblemLoader Init config took 2.17s 
94674      INFO  main            d.u.i.k.p.i.AbstractProblemLoader Replaying proof SET043p1.key 
94675      DEBUG main            d.u.i.k.p.i.IntermediateProofReplayer Proof replay took 6.4ns 
94777      INFO  main            d.u.i.k.p.r.p.TestFile    ... finished proof: closed. 
94968      INFO  main            d.u.i.k.p.i.AbstractProblemLoader Loading environment from /home/runner/work/key/key/key.core/../key.ui/examples/standard_key/pred_log/tptp/SET/SET043p1.key.proof 
94968      DEBUG main            d.u.i.k.p.i.AbstractProblemLoader Environment load took 175ns 
94969      INFO  main            d.u.i.k.p.i.AbstractProblemLoader Creating init config 
97086      DEBUG main            d.u.i.k.p.i.AbstractProblemLoader Init config took 2.12s 
97100      INFO  main            d.u.i.k.p.i.AbstractProblemLoader Replaying proof SET043p1.key.proof 
97103      DEBUG main            d.u.i.k.p.i.IntermediateProofReplayer Proof replay took 1.27ms 
97105      DEBUG main            d.u.i.k.p.r.p.TestFile    ... success: reloaded. 
97106      INFO  main            d.u.i.k.p.r.p.TestFile    Now processing file /home/runner/work/key/key/key.core/../key.ui/examples/standard_key/pred_log/tptp/SET/SET045p1.key 
97106      INFO  main            d.u.i.k.p.i.AbstractProblemLoader Loading environment from /home/runner/work/key/key/key.core/../key.ui/examples/standard_key/pred_log/tptp/SET/SET045p1.key 
97106      DEBUG main            d.u.i.k.p.i.AbstractProblemLoader Environment load took 80ns 
97107      INFO  main            d.u.i.k.p.i.AbstractProblemLoader Creating init config 
99273      DEBUG main            d.u.i.k.p.i.AbstractProblemLoader Init config took 2.17s 
99286      INFO  main            d.u.i.k.p.i.AbstractProblemLoader Replaying proof SET045p1.key 
99287      DEBUG main            d.u.i.k.p.i.IntermediateProofReplayer Proof replay took 6ns 
99391      INFO  main            d.u.i.k.p.r.p.TestFile    ... finished proof: closed. 
99594      INFO  main            d.u.i.k.p.i.AbstractProblemLoader Loading environment from /home/runner/work/key/key/key.core/../key.ui/examples/standard_key/pred_log/tptp/SET/SET045p1.key.proof 
99594      DEBUG main            d.u.i.k.p.i.AbstractProblemLoader Environment load took 103.5ns 
99595      INFO  main            d.u.i.k.p.i.AbstractProblemLoader Creating init config 
101689     DEBUG main            d.u.i.k.p.i.AbstractProblemLoader Init config took 2.09s 
101710     INFO  main            d.u.i.k.p.i.AbstractProblemLoader Replaying proof SET045p1.key.proof 
101716     DEBUG main            d.u.i.k.p.i.IntermediateProofReplayer Proof replay took 3.64ms 
101716     DEBUG main            d.u.i.k.p.r.p.TestFile    ... success: reloaded. 
101717     INFO  main            d.u.i.k.p.r.p.TestFile    Now processing file /home/runner/work/key/key/key.core/../key.ui/examples/standard_key/pred_log/tptp/SET/SET062p3.key 
101717     INFO  main            d.u.i.k.p.i.AbstractProblemLoader Loading environment from /home/runner/work/key/key/key.core/../key.ui/examples/standard_key/pred_log/tptp/SET/SET062p3.key 
101717     DEBUG main            d.u.i.k.p.i.AbstractProblemLoader Environment load took 78.4ns 
101718     INFO  main            d.u.i.k.p.i.AbstractProblemLoader Creating init config 
103875     DEBUG main            d.u.i.k.p.i.AbstractProblemLoader Init config took 2.16s 
103888     INFO  main            d.u.i.k.p.i.AbstractProblemLoader Replaying proof SET062p3.key 
103889     DEBUG main            d.u.i.k.p.i.IntermediateProofReplayer Proof replay took 5.5ns 
103991     INFO  main            d.u.i.k.p.r.p.TestFile    ... finished proof: closed. 
104194     INFO  main            d.u.i.k.p.i.AbstractProblemLoader Loading environment from /home/runner/work/key/key/key.core/../key.ui/examples/standard_key/pred_log/tptp/SET/SET062p3.key.proof 
104194     DEBUG main            d.u.i.k.p.i.AbstractProblemLoader Environment load took 97.5ns 
104195     INFO  main            d.u.i.k.p.i.AbstractProblemLoader Creating init config 
106293     DEBUG main            d.u.i.k.p.i.AbstractProblemLoader Init config took 2.1s 
106306     INFO  main            d.u.i.k.p.i.AbstractProblemLoader Replaying proof SET062p3.key.proof 
106311     DEBUG main            d.u.i.k.p.i.IntermediateProofReplayer Proof replay took 3.54ms 
106312     DEBUG main            d.u.i.k.p.r.p.TestFile    ... success: reloaded. 
106312     INFO  main            d.u.i.k.p.r.p.TestFile    Now processing file /home/runner/work/key/key/key.core/../key.ui/examples/standard_key/pred_log/tptp/SET/SET063p3.key 
106312     INFO  main            d.u.i.k.p.i.AbstractProblemLoader Loading environment from /home/runner/work/key/key/key.core/../key.ui/examples/standard_key/pred_log/tptp/SET/SET063p3.key 
106312     DEBUG main            d.u.i.k.p.i.AbstractProblemLoader Environment load took 60.4ns 
106313     INFO  main            d.u.i.k.p.i.AbstractProblemLoader Creating init config 
108469     DEBUG main            d.u.i.k.p.i.AbstractProblemLoader Init config took 2.16s 
108483     INFO  main            d.u.i.k.p.i.AbstractProblemLoader Replaying proof SET063p3.key 
108484     DEBUG main            d.u.i.k.p.i.IntermediateProofReplayer Proof replay took 5.8ns 
108587     INFO  main            d.u.i.k.p.r.p.TestFile    ... finished proof: closed. 
108796     INFO  main            d.u.i.k.p.i.AbstractProblemLoader Loading environment from /home/runner/work/key/key/key.core/../key.ui/examples/standard_key/pred_log/tptp/SET/SET063p3.key.proof 
108797     DEBUG main            d.u.i.k.p.i.AbstractProblemLoader Environment load took 99.9ns 
108798     INFO  main            d.u.i.k.p.i.AbstractProblemLoader Creating init config 
110894     DEBUG main            d.u.i.k.p.i.AbstractProblemLoader Init config took 2.1s 
110907     INFO  main            d.u.i.k.p.i.AbstractProblemLoader Replaying proof SET063p3.key.proof 
110913     DEBUG main            d.u.i.k.p.i.IntermediateProofReplayer Proof replay took 4.6ms 
110914     DEBUG main            d.u.i.k.p.r.p.TestFile    ... success: reloaded. 
110915     INFO  main            d.u.i.k.p.r.p.TestFile    Now processing file /home/runner/work/key/key/key.core/../key.ui/examples/standard_key/pred_log/tptp/SYN/SYN036p2.key 
110915     INFO  main            d.u.i.k.p.i.AbstractProblemLoader Loading environment from /home/runner/work/key/key/key.core/../key.ui/examples/standard_key/pred_log/tptp/SYN/SYN036p2.key 
110915     DEBUG main            d.u.i.k.p.i.AbstractProblemLoader Environment load took 78.2ns 
110916     INFO  main            d.u.i.k.p.i.AbstractProblemLoader Creating init config 
113079     DEBUG main            d.u.i.k.p.i.AbstractProblemLoader Init config took 2.16s 
113093     INFO  main            d.u.i.k.p.i.AbstractProblemLoader Replaying proof SYN036p2.key 
113095     DEBUG main            d.u.i.k.p.i.IntermediateProofReplayer Proof replay took 5.3ns 
113400     INFO  main            d.u.i.k.p.r.p.TestFile    ... finished proof: closed. 
113670     INFO  main            d.u.i.k.p.i.AbstractProblemLoader Loading environment from /home/runner/work/key/key/key.core/../key.ui/examples/standard_key/pred_log/tptp/SYN/SYN036p2.key.proof 
113670     DEBUG main            d.u.i.k.p.i.AbstractProblemLoader Environment load took 298.41ns 
113671     INFO  main            d.u.i.k.p.i.AbstractProblemLoader Creating init config 
115771     DEBUG main            d.u.i.k.p.i.AbstractProblemLoader Init config took 2.1s 
115784     INFO  main            d.u.i.k.p.i.AbstractProblemLoader Replaying proof SYN036p2.key.proof 
115863     DEBUG main            d.u.i.k.p.i.IntermediateProofReplayer Proof replay took 70.17ms 
115864     DEBUG main            d.u.i.k.p.r.p.TestFile    ... success: reloaded. 
115865     INFO  main            d.u.i.k.p.r.p.TestFile    Now processing file /home/runner/work/key/key/key.core/../key.ui/examples/standard_key/pred_log/tptp/SYN/SYN550p1.key 
115866     INFO  main            d.u.i.k.p.i.AbstractProblemLoader Loading environment from /home/runner/work/key/key/key.core/../key.ui/examples/standard_key/pred_log/tptp/SYN/SYN550p1.key 
115866     DEBUG main            d.u.i.k.p.i.AbstractProblemLoader Environment load took 147.6ns 
115867     INFO  main            d.u.i.k.p.i.AbstractProblemLoader Creating init config 
118034     DEBUG main            d.u.i.k.p.i.AbstractProblemLoader Init config took 2.17s 
118047     INFO  main            d.u.i.k.p.i.AbstractProblemLoader Replaying proof SYN550p1.key 
118048     DEBUG main            d.u.i.k.p.i.IntermediateProofReplayer Proof replay took 6.8ns 
120758     INFO  main            d.u.i.k.p.r.p.TestFile    ... finished proof: closed. 
120992     INFO  main            d.u.i.k.p.i.AbstractProblemLoader Loading environment from /home/runner/work/key/key/key.core/../key.ui/examples/standard_key/pred_log/tptp/SYN/SYN550p1.key.proof 
120993     DEBUG main            d.u.i.k.p.i.AbstractProblemLoader Environment load took 297.81ns 
120994     INFO  main            d.u.i.k.p.i.AbstractProblemLoader Creating init config 
123075     DEBUG main            d.u.i.k.p.i.AbstractProblemLoader Init config took 2.08s 
123088     INFO  main            d.u.i.k.p.i.AbstractProblemLoader Replaying proof SYN550p1.key.proof 
123164     DEBUG main            d.u.i.k.p.i.IntermediateProofReplayer Proof replay took 69.33ms 
123165     DEBUG main            d.u.i.k.p.r.p.TestFile    ... success: reloaded. 
123165     INFO  main            d.u.i.k.p.r.p.TestFile    Now processing file /home/runner/work/key/key/key.core/../key.ui/examples/standard_key/prop_log/reallySimple.key 
123166     INFO  main            d.u.i.k.p.i.AbstractProblemLoader Loading environment from /home/runner/work/key/key/key.core/../key.ui/examples/standard_key/prop_log/reallySimple.key 
123166     DEBUG main            d.u.i.k.p.i.AbstractProblemLoader Environment load took 63.6ns 
123166     INFO  main            d.u.i.k.p.i.AbstractProblemLoader Creating init config 
125311     DEBUG main            d.u.i.k.p.i.AbstractProblemLoader Init config took 2.14s 
125323     INFO  main            d.u.i.k.p.i.AbstractProblemLoader Replaying proof reallySimple.key 
125324     DEBUG main            d.u.i.k.p.i.IntermediateProofReplayer Proof replay took 5.5ns 
125425     INFO  main            d.u.i.k.p.r.p.TestFile    ... finished proof: open goal(s) 
125660     INFO  main            d.u.i.k.p.r.p.TestFile    Now processing file /home/runner/work/key/key/key.core/../key.ui/examples/standard_key/pred_log/sameName1.key 
125660     INFO  main            d.u.i.k.p.i.AbstractProblemLoader Loading environment from /home/runner/work/key/key/key.core/../key.ui/examples/standard_key/pred_log/sameName1.key 
125660     DEBUG main            d.u.i.k.p.i.AbstractProblemLoader Environment load took 50.2ns 
125661     INFO  main            d.u.i.k.p.i.AbstractProblemLoader Creating init config 
127743     DEBUG main            d.u.i.k.p.i.AbstractProblemLoader Init config took 2.08s 
127755     INFO  main            d.u.i.k.p.i.AbstractProblemLoader Replaying proof sameName1.key 
127756     DEBUG main            d.u.i.k.p.i.IntermediateProofReplayer Proof replay took 5.6ns 
127858     INFO  main            d.u.i.k.p.r.p.TestFile    ... finished proof: open goal(s) 
128071     INFO  main            d.u.i.k.p.r.p.TestFile    Now processing file /home/runner/work/key/key/key.core/../key.ui/examples/standard_key/pred_log/jbyteIfEx.key 
128071     INFO  main            d.u.i.k.p.i.AbstractProblemLoader Loading environment from /home/runner/work/key/key/key.core/../key.ui/examples/standard_key/pred_log/jbyteIfEx.key 
128071     DEBUG main            d.u.i.k.p.i.AbstractProblemLoader Environment load took 60.5ns 
128072     INFO  main            d.u.i.k.p.i.AbstractProblemLoader Creating init config 
130147     DEBUG main            d.u.i.k.p.i.AbstractProblemLoader Init config took 2.07s 
130159     INFO  main            d.u.i.k.p.i.AbstractProblemLoader Replaying proof jbyteIfEx.key 
130160     DEBUG main            d.u.i.k.p.i.IntermediateProofReplayer Proof replay took 6ns 
130263     INFO  main            d.u.i.k.p.r.p.TestFile    ... finished proof: closed. 
130476     INFO  main            d.u.i.k.p.i.AbstractProblemLoader Loading environment from /home/runner/work/key/key/key.core/../key.ui/examples/standard_key/pred_log/jbyteIfEx.key.proof 
130476     DEBUG main            d.u.i.k.p.i.AbstractProblemLoader Environment load took 101.1ns 
130477     INFO  main            d.u.i.k.p.i.AbstractProblemLoader Creating init config 
132559     DEBUG main            d.u.i.k.p.i.AbstractProblemLoader Init config took 2.08s 
132572     INFO  main            d.u.i.k.p.i.AbstractProblemLoader Replaying proof jbyteIfEx.key.proof 
132582     DEBUG main            d.u.i.k.p.i.IntermediateProofReplayer Proof replay took 8.26ms 
132583     DEBUG main            d.u.i.k.p.r.p.TestFile    ... success: reloaded. 
132584     INFO  main            d.u.i.k.p.r.p.TestFile    Now processing file /home/runner/work/key/key/key.core/../key.ui/examples/standard_key/prop_log/allClausesLength4.key 
132584     INFO  main            d.u.i.k.p.i.AbstractProblemLoader Loading environment from /home/runner/work/key/key/key.core/../key.ui/examples/standard_key/prop_log/allClausesLength4.key 
132584     DEBUG main            d.u.i.k.p.i.AbstractProblemLoader Environment load took 73.3ns 
132585     INFO  main            d.u.i.k.p.i.AbstractProblemLoader Creating init config 
134743     DEBUG main            d.u.i.k.p.i.AbstractProblemLoader Init config took 2.16s 
134755     INFO  main            d.u.i.k.p.i.AbstractProblemLoader Replaying proof allClausesLength4.key 
134757     DEBUG main            d.u.i.k.p.i.IntermediateProofReplayer Proof replay took 6ns 
134860     INFO  main            d.u.i.k.p.r.p.TestFile    ... finished proof: closed. 
135119     INFO  main            d.u.i.k.p.i.AbstractProblemLoader Loading environment from /home/runner/work/key/key/key.core/../key.ui/examples/standard_key/prop_log/allClausesLength4.key.proof 
135120     DEBUG main            d.u.i.k.p.i.AbstractProblemLoader Environment load took 101.8ns 
135121     INFO  main            d.u.i.k.p.i.AbstractProblemLoader Creating init config 
137209     DEBUG main            d.u.i.k.p.i.AbstractProblemLoader Init config took 2.09s 
137222     INFO  main            d.u.i.k.p.i.AbstractProblemLoader Replaying proof allClausesLength4.key.proof 
137234     DEBUG main            d.u.i.k.p.i.IntermediateProofReplayer Proof replay took 9.5ms 
137235     DEBUG main            d.u.i.k.p.r.p.TestFile    ... success: reloaded. 
137236     INFO  main            d.u.i.k.p.r.p.TestFile    Now processing file /home/runner/work/key/key/key.core/../key.ui/examples/standard_key/prop_log/allClausesLength5.key 
137237     INFO  main            d.u.i.k.p.i.AbstractProblemLoader Loading environment from /home/runner/work/key/key/key.core/../key.ui/examples/standard_key/prop_log/allClausesLength5.key 
137237     DEBUG main            d.u.i.k.p.i.AbstractProblemLoader Environment load took 181.91ns 
137238     INFO  main            d.u.i.k.p.i.AbstractProblemLoader Creating init config 
139353     DEBUG main            d.u.i.k.p.i.AbstractProblemLoader Init config took 2.11s 
139367     INFO  main            d.u.i.k.p.i.AbstractProblemLoader Replaying proof allClausesLength5.key 
139368     DEBUG main            d.u.i.k.p.i.IntermediateProofReplayer Proof replay took 6.3ns 
139571     INFO  main            d.u.i.k.p.r.p.TestFile    ... finished proof: closed. 
139800     INFO  main            d.u.i.k.p.i.AbstractProblemLoader Loading environment from /home/runner/work/key/key/key.core/../key.ui/examples/standard_key/prop_log/allClausesLength5.key.proof 
139801     DEBUG main            d.u.i.k.p.i.AbstractProblemLoader Environment load took 332.81ns 
139802     INFO  main            d.u.i.k.p.i.AbstractProblemLoader Creating init config 
141894     DEBUG main            d.u.i.k.p.i.AbstractProblemLoader Init config took 2.09s 
141907     INFO  main            d.u.i.k.p.i.AbstractProblemLoader Replaying proof allClausesLength5.key.proof 
141938     DEBUG main            d.u.i.k.p.i.IntermediateProofReplayer Proof replay took 26.17ms 
141939     DEBUG main            d.u.i.k.p.r.p.TestFile    ... success: reloaded. 
141940     INFO  main            d.u.i.k.p.r.p.TestFile    Now processing file /home/runner/work/key/key/key.core/../key.ui/examples/standard_key/prop_log/doubleNeg.key 
141940     INFO  main            d.u.i.k.p.i.AbstractProblemLoader Loading environment from /home/runner/work/key/key/key.core/../key.ui/examples/standard_key/prop_log/doubleNeg.key 
141940     DEBUG main            d.u.i.k.p.i.AbstractProblemLoader Environment load took 69.6ns 
141941     INFO  main            d.u.i.k.p.i.AbstractProblemLoader Creating init config 
144094     DEBUG main            d.u.i.k.p.i.AbstractProblemLoader Init config took 2.15s 
144106     INFO  main            d.u.i.k.p.i.AbstractProblemLoader Replaying proof doubleNeg.key 
144112     DEBUG main            d.u.i.k.p.i.IntermediateProofReplayer Proof replay took 6.9ns 
144213     INFO  main            d.u.i.k.p.r.p.TestFile    ... finished proof: closed. 
144453     INFO  main            d.u.i.k.p.i.AbstractProblemLoader Loading environment from /home/runner/work/key/key/key.core/../key.ui/examples/standard_key/prop_log/doubleNeg.key.proof 
144453     DEBUG main            d.u.i.k.p.i.AbstractProblemLoader Environment load took 91ns 
144454     INFO  main            d.u.i.k.p.i.AbstractProblemLoader Creating init config 
146531     DEBUG main            d.u.i.k.p.i.AbstractProblemLoader Init config took 2.08s 
146543     INFO  main            d.u.i.k.p.i.AbstractProblemLoader Replaying proof doubleNeg.key.proof 
146545     DEBUG main            d.u.i.k.p.i.IntermediateProofReplayer Proof replay took 308.41ns 
146546     DEBUG main            d.u.i.k.p.r.p.TestFile    ... success: reloaded. 
146546     INFO  main            d.u.i.k.p.r.p.TestFile    Now processing file /home/runner/work/key/key/key.core/../key.ui/examples/standard_key/prop_log/liarsville.key 
146547     INFO  main            d.u.i.k.p.i.AbstractProblemLoader Loading environment from /home/runner/work/key/key/key.core/../key.ui/examples/standard_key/prop_log/liarsville.key 
146547     DEBUG main            d.u.i.k.p.i.AbstractProblemLoader Environment load took 143ns 
146548     INFO  main            d.u.i.k.p.i.AbstractProblemLoader Creating init config 
148709     DEBUG main            d.u.i.k.p.i.AbstractProblemLoader Init config took 2.16s 
148721     INFO  main            d.u.i.k.p.i.AbstractProblemLoader Replaying proof liarsville.key 
148722     DEBUG main            d.u.i.k.p.i.IntermediateProofReplayer Proof replay took 6.3ns 
148825     INFO  main            d.u.i.k.p.r.p.TestFile    ... finished proof: closed. 
149070     INFO  main            d.u.i.k.p.i.AbstractProblemLoader Loading environment from /home/runner/work/key/key/key.core/../key.ui/examples/standard_key/prop_log/liarsville.key.proof 
149070     DEBUG main            d.u.i.k.p.i.AbstractProblemLoader Environment load took 93.4ns 
149071     INFO  main            d.u.i.k.p.i.AbstractProblemLoader Creating init config 
151151     DEBUG main            d.u.i.k.p.i.AbstractProblemLoader Init config took 2.08s 
151164     INFO  main            d.u.i.k.p.i.AbstractProblemLoader Replaying proof liarsville.key.proof 
151170     DEBUG main            d.u.i.k.p.i.IntermediateProofReplayer Proof replay took 4.39ms 
151171     DEBUG main            d.u.i.k.p.r.p.TestFile    ... success: reloaded. 
151171     INFO  main            d.u.i.k.p.r.p.TestFile    Now processing file /home/runner/work/key/key/key.core/../key.ui/examples/standard_key/prop_log/simplest.key 
151171     INFO  main            d.u.i.k.p.i.AbstractProblemLoader Loading environment from /home/runner/work/key/key/key.core/../key.ui/examples/standard_key/prop_log/simplest.key 
151172     DEBUG main            d.u.i.k.p.i.AbstractProblemLoader Environment load took 167.8ns 
151172     INFO  main            d.u.i.k.p.i.AbstractProblemLoader Creating init config 
153283     DEBUG main            d.u.i.k.p.i.AbstractProblemLoader Init config took 2.11s 
153295     INFO  main            d.u.i.k.p.i.AbstractProblemLoader Replaying proof simplest.key 
153296     DEBUG main            d.u.i.k.p.i.IntermediateProofReplayer Proof replay took 6.1ns 
153397     INFO  main            d.u.i.k.p.r.p.TestFile    ... finished proof: closed. 
153642     INFO  main            d.u.i.k.p.i.AbstractProblemLoader Loading environment from /home/runner/work/key/key/key.core/../key.ui/examples/standard_key/prop_log/simplest.key.proof 
153642     DEBUG main            d.u.i.k.p.i.AbstractProblemLoader Environment load took 83.9ns 
153644     INFO  main            d.u.i.k.p.i.AbstractProblemLoader Creating init config 
155725     DEBUG main            d.u.i.k.p.i.AbstractProblemLoader Init config took 2.08s 
155737     INFO  main            d.u.i.k.p.i.AbstractProblemLoader Replaying proof simplest.key.proof 
155738     DEBUG main            d.u.i.k.p.i.IntermediateProofReplayer Proof replay took 96.8ns 
155739     DEBUG main            d.u.i.k.p.r.p.TestFile    ... success: reloaded. 
155739     INFO  main            d.u.i.k.p.r.p.TestFile    Now processing file /home/runner/work/key/key/key.core/../key.ui/examples/standard_key/prop_log/contraposition.key 
155739     INFO  main            d.u.i.k.p.i.AbstractProblemLoader Loading environment from /home/runner/work/key/key/key.core/../key.ui/examples/standard_key/prop_log/contraposition.key 
155739     DEBUG main            d.u.i.k.p.i.AbstractProblemLoader Environment load took 45.5ns 
155740     INFO  main            d.u.i.k.p.i.AbstractProblemLoader Creating init config 
157894     DEBUG main            d.u.i.k.p.i.AbstractProblemLoader Init config took 2.15s 
157906     INFO  main            d.u.i.k.p.i.AbstractProblemLoader Replaying proof contraposition.key 
157907     DEBUG main            d.u.i.k.p.i.IntermediateProofReplayer Proof replay took 5.1ns 
158012     INFO  main            d.u.i.k.p.r.p.TestFile    ... finished proof: closed. 
158263     INFO  main            d.u.i.k.p.i.AbstractProblemLoader Loading environment from /home/runner/work/key/key/key.core/../key.ui/examples/standard_key/prop_log/contraposition.key.proof 
158263     DEBUG main            d.u.i.k.p.i.AbstractProblemLoader Environment load took 85.2ns 
158264     INFO  main            d.u.i.k.p.i.AbstractProblemLoader Creating init config 
160353     DEBUG main            d.u.i.k.p.i.AbstractProblemLoader Init config took 2.09s 
160365     INFO  main            d.u.i.k.p.i.AbstractProblemLoader Replaying proof contraposition.key.proof 
160366     DEBUG main            d.u.i.k.p.i.IntermediateProofReplayer Proof replay took 427.01ns 
160367     DEBUG main            d.u.i.k.p.r.p.TestFile    ... success: reloaded. 
160368     INFO  main            d.u.i.k.p.r.p.TestFile    Now processing file /home/runner/work/key/key/key.core/../key.ui/examples/standard_key/quantifiers/elimination0.key 
160368     INFO  main            d.u.i.k.p.i.AbstractProblemLoader Loading environment from /home/runner/work/key/key/key.core/../key.ui/examples/standard_key/quantifiers/elimination0.key 
160368     DEBUG main            d.u.i.k.p.i.AbstractProblemLoader Environment load took 59.4ns 
160369     INFO  main            d.u.i.k.p.i.AbstractProblemLoader Creating init config 
162491     DEBUG main            d.u.i.k.p.i.AbstractProblemLoader Init config took 2.12s 
162504     INFO  main            d.u.i.k.p.i.AbstractProblemLoader Replaying proof elimination0.key 
162505     DEBUG main            d.u.i.k.p.i.IntermediateProofReplayer Proof replay took 6.4ns 
162607     INFO  main            d.u.i.k.p.r.p.TestFile    ... finished proof: closed. 
162868     INFO  main            d.u.i.k.p.i.AbstractProblemLoader Loading environment from /home/runner/work/key/key/key.core/../key.ui/examples/standard_key/quantifiers/elimination0.key.proof 
162868     DEBUG main            d.u.i.k.p.i.AbstractProblemLoader Environment load took 89.9ns 
162869     INFO  main            d.u.i.k.p.i.AbstractProblemLoader Creating init config 
164962     DEBUG main            d.u.i.k.p.i.AbstractProblemLoader Init config took 2.09s 
164975     INFO  main            d.u.i.k.p.i.AbstractProblemLoader Replaying proof elimination0.key.proof 
164977     DEBUG main            d.u.i.k.p.i.IntermediateProofReplayer Proof replay took 938.92ns 
164978     DEBUG main            d.u.i.k.p.r.p.TestFile    ... success: reloaded. 
164979     INFO  main            d.u.i.k.p.r.p.TestFile    Now processing file /home/runner/work/key/key/key.core/../key.ui/examples/standard_key/quantifiers/heuristic_PUZ001p1-eq.key 
164979     INFO  main            d.u.i.k.p.i.AbstractProblemLoader Loading environment from /home/runner/work/key/key/key.core/../key.ui/examples/standard_key/quantifiers/heuristic_PUZ001p1-eq.key 
164979     DEBUG main            d.u.i.k.p.i.AbstractProblemLoader Environment load took 69.2ns 
164980     INFO  main            d.u.i.k.p.i.AbstractProblemLoader Creating init config 
167107     DEBUG main            d.u.i.k.p.i.AbstractProblemLoader Init config took 2.13s 
167120     INFO  main            d.u.i.k.p.i.AbstractProblemLoader Replaying proof heuristic_PUZ001p1-eq.key 
167121     DEBUG main            d.u.i.k.p.i.IntermediateProofReplayer Proof replay took 6.1ns 
167228     INFO  main            d.u.i.k.p.r.p.TestFile    ... finished proof: closed. 
167492     INFO  main            d.u.i.k.p.i.AbstractProblemLoader Loading environment from /home/runner/work/key/key/key.core/../key.ui/examples/standard_key/quantifiers/heuristic_PUZ001p1-eq.key.proof 
167492     DEBUG main            d.u.i.k.p.i.AbstractProblemLoader Environment load took 94.8ns 
167493     INFO  main            d.u.i.k.p.i.AbstractProblemLoader Creating init config 
169590     DEBUG main            d.u.i.k.p.i.AbstractProblemLoader Init config took 2.1s 
169603     INFO  main            d.u.i.k.p.i.AbstractProblemLoader Replaying proof heuristic_PUZ001p1-eq.key.proof 
169613     DEBUG main            d.u.i.k.p.i.IntermediateProofReplayer Proof replay took 7.99ms 
169614     DEBUG main            d.u.i.k.p.r.p.TestFile    ... success: reloaded. 
169615     INFO  main            d.u.i.k.p.r.p.TestFile    Now processing file /home/runner/work/key/key/key.core/../key.ui/examples/standard_key/quantifiers/heuristic_PUZ001p1.key 
169615     INFO  main            d.u.i.k.p.i.AbstractProblemLoader Loading environment from /home/runner/work/key/key/key.core/../key.ui/examples/standard_key/quantifiers/heuristic_PUZ001p1.key 
169615     DEBUG main            d.u.i.k.p.i.AbstractProblemLoader Environment load took 68.9ns 
169617     INFO  main            d.u.i.k.p.i.AbstractProblemLoader Creating init config 
171736     DEBUG main            d.u.i.k.p.i.AbstractProblemLoader Init config took 2.12s 
171752     INFO  main            d.u.i.k.p.i.AbstractProblemLoader Replaying proof heuristic_PUZ001p1.key 
171753     DEBUG main            d.u.i.k.p.i.IntermediateProofReplayer Proof replay took 6ns 
173058     INFO  main            d.u.i.k.p.r.p.TestFile    ... finished proof: closed. 
173338     INFO  main            d.u.i.k.p.i.AbstractProblemLoader Loading environment from /home/runner/work/key/key/key.core/../key.ui/examples/standard_key/quantifiers/heuristic_PUZ001p1.key.proof 
173339     DEBUG main            d.u.i.k.p.i.AbstractProblemLoader Environment load took 330.01ns 
173340     INFO  main            d.u.i.k.p.i.AbstractProblemLoader Creating init config 
175425     DEBUG main            d.u.i.k.p.i.AbstractProblemLoader Init config took 2.08s 
175439     INFO  main            d.u.i.k.p.i.AbstractProblemLoader Replaying proof heuristic_PUZ001p1.key.proof 
175479     DEBUG main            d.u.i.k.p.i.IntermediateProofReplayer Proof replay took 35.51ms 
175480     DEBUG main            d.u.i.k.p.r.p.TestFile    ... success: reloaded. 
175481     INFO  main            d.u.i.k.p.r.p.TestFile    Now processing file /home/runner/work/key/key/key.core/../key.ui/examples/standard_key/quantifiers/heuristic_PUZ031p1.key 
175481     INFO  main            d.u.i.k.p.i.AbstractProblemLoader Loading environment from /home/runner/work/key/key/key.core/../key.ui/examples/standard_key/quantifiers/heuristic_PUZ031p1.key 
175481     DEBUG main            d.u.i.k.p.i.AbstractProblemLoader Environment load took 139.9ns 
175483     INFO  main            d.u.i.k.p.i.AbstractProblemLoader Creating init config 
177641     DEBUG main            d.u.i.k.p.i.AbstractProblemLoader Init config took 2.16s 
177655     INFO  main            d.u.i.k.p.i.AbstractProblemLoader Replaying proof heuristic_PUZ031p1.key 
177656     DEBUG main            d.u.i.k.p.i.IntermediateProofReplayer Proof replay took 6.2ns 
182068     INFO  main            d.u.i.k.p.r.p.TestFile    ... finished proof: closed. 
182370     INFO  main            d.u.i.k.p.i.AbstractProblemLoader Loading environment from /home/runner/work/key/key/key.core/../key.ui/examples/standard_key/quantifiers/heuristic_PUZ031p1.key.proof 
182370     DEBUG main            d.u.i.k.p.i.AbstractProblemLoader Environment load took 491.51ns 
182372     INFO  main            d.u.i.k.p.i.AbstractProblemLoader Creating init config 
184442     DEBUG main            d.u.i.k.p.i.AbstractProblemLoader Init config took 2.07s 
184465     INFO  main            d.u.i.k.p.i.AbstractProblemLoader Replaying proof heuristic_PUZ031p1.key.proof 
184510     DEBUG main            d.u.i.k.p.i.IntermediateProofReplayer Proof replay took 41.25ms 
184511     DEBUG main            d.u.i.k.p.r.p.TestFile    ... success: reloaded. 
184512     INFO  main            d.u.i.k.p.r.p.TestFile    Now processing file /home/runner/work/key/key/key.core/../key.ui/examples/standard_key/quantifiers/heuristic_SYN036p2.key 
184512     INFO  main            d.u.i.k.p.i.AbstractProblemLoader Loading environment from /home/runner/work/key/key/key.core/../key.ui/examples/standard_key/quantifiers/heuristic_SYN036p2.key 
184512     DEBUG main            d.u.i.k.p.i.AbstractProblemLoader Environment load took 68.5ns 
184513     INFO  main            d.u.i.k.p.i.AbstractProblemLoader Creating init config 
186635     DEBUG main            d.u.i.k.p.i.AbstractProblemLoader Init config took 2.12s 
186647     INFO  main            d.u.i.k.p.i.AbstractProblemLoader Replaying proof heuristic_SYN036p2.key 
186648     DEBUG main            d.u.i.k.p.i.IntermediateProofReplayer Proof replay took 5.9ns 
186858     INFO  main            d.u.i.k.p.r.p.TestFile    ... finished proof: closed. 
187150     INFO  main            d.u.i.k.p.i.AbstractProblemLoader Loading environment from /home/runner/work/key/key/key.core/../key.ui/examples/standard_key/quantifiers/heuristic_SYN036p2.key.proof 
187150     DEBUG main            d.u.i.k.p.i.AbstractProblemLoader Environment load took 93.1ns 
187151     INFO  main            d.u.i.k.p.i.AbstractProblemLoader Creating init config 
189224     DEBUG main            d.u.i.k.p.i.AbstractProblemLoader Init config took 2.07s 
189236     INFO  main            d.u.i.k.p.i.AbstractProblemLoader Replaying proof heuristic_SYN036p2.key.proof 
189296     DEBUG main            d.u.i.k.p.i.IntermediateProofReplayer Proof replay took 42.12ms 
189297     DEBUG main            d.u.i.k.p.r.p.TestFile    ... success: reloaded. 
189298     INFO  main            d.u.i.k.p.r.p.TestFile    Now processing file /home/runner/work/key/key/key.core/../key.ui/examples/standard_key/quantifiers/injectivity.key 
189298     INFO  main            d.u.i.k.p.i.AbstractProblemLoader Loading environment from /home/runner/work/key/key/key.core/../key.ui/examples/standard_key/quantifiers/injectivity.key 
189298     DEBUG main            d.u.i.k.p.i.AbstractProblemLoader Environment load took 73.3ns 
189299     INFO  main            d.u.i.k.p.i.AbstractProblemLoader Creating init config 
191410     DEBUG main            d.u.i.k.p.i.AbstractProblemLoader Init config took 2.11s 
191422     INFO  main            d.u.i.k.p.i.AbstractProblemLoader Replaying proof injectivity.key 
191423     DEBUG main            d.u.i.k.p.i.IntermediateProofReplayer Proof replay took 6.5ns 
191525     INFO  main            d.u.i.k.p.r.p.TestFile    ... finished proof: closed. 
191811     INFO  main            d.u.i.k.p.i.AbstractProblemLoader Loading environment from /home/runner/work/key/key/key.core/../key.ui/examples/standard_key/quantifiers/injectivity.key.proof 
191811     DEBUG main            d.u.i.k.p.i.AbstractProblemLoader Environment load took 81.3ns 
191811     INFO  main            d.u.i.k.p.i.AbstractProblemLoader Creating init config 
193877     DEBUG main            d.u.i.k.p.i.AbstractProblemLoader Init config took 2.07s 
193890     INFO  main            d.u.i.k.p.i.AbstractProblemLoader Replaying proof injectivity.key.proof 
193892     DEBUG main            d.u.i.k.p.i.IntermediateProofReplayer Proof replay took 1.5ms 
193893     DEBUG main            d.u.i.k.p.r.p.TestFile    ... success: reloaded. 
193894     INFO  main            d.u.i.k.p.r.p.TestFile    Now processing file /home/runner/work/key/key/key.core/../key.ui/examples/standard_key/quantifiers/normalisation0.key 
193894     INFO  main            d.u.i.k.p.i.AbstractProblemLoader Loading environment from /home/runner/work/key/key/key.core/../key.ui/examples/standard_key/quantifiers/normalisation0.key 
193894     DEBUG main            d.u.i.k.p.i.AbstractProblemLoader Environment load took 69.8ns 
193904     INFO  main            d.u.i.k.p.i.AbstractProblemLoader Creating init config 
196027     DEBUG main            d.u.i.k.p.i.AbstractProblemLoader Init config took 2.12s 
196040     INFO  main            d.u.i.k.p.i.AbstractProblemLoader Replaying proof normalisation0.key 
196041     DEBUG main            d.u.i.k.p.i.IntermediateProofReplayer Proof replay took 5.7ns 
196146     INFO  main            d.u.i.k.p.r.p.TestFile    ... finished proof: closed. 
196441     INFO  main            d.u.i.k.p.i.AbstractProblemLoader Loading environment from /home/runner/work/key/key/key.core/../key.ui/examples/standard_key/quantifiers/normalisation0.key.proof 
196441     DEBUG main            d.u.i.k.p.i.AbstractProblemLoader Environment load took 80ns 
196442     INFO  main            d.u.i.k.p.i.AbstractProblemLoader Creating init config 
198524     DEBUG main            d.u.i.k.p.i.AbstractProblemLoader Init config took 2.08s 
198537     INFO  main            d.u.i.k.p.i.AbstractProblemLoader Replaying proof normalisation0.key.proof 
198540     DEBUG main            d.u.i.k.p.i.IntermediateProofReplayer Proof replay took 1.78ms 
198541     DEBUG main            d.u.i.k.p.r.p.TestFile    ... success: reloaded. 
198541     INFO  main            d.u.i.k.p.r.p.TestFile    Now processing file /home/runner/work/key/key/key.core/../key.ui/examples/standard_key/quantifiers/normalisation1.key 
198541     INFO  main            d.u.i.k.p.i.AbstractProblemLoader Loading environment from /home/runner/work/key/key/key.core/../key.ui/examples/standard_key/quantifiers/normalisation1.key 
198542     DEBUG main            d.u.i.k.p.i.AbstractProblemLoader Environment load took 66.4ns 
198542     INFO  main            d.u.i.k.p.i.AbstractProblemLoader Creating init config 
200646     DEBUG main            d.u.i.k.p.i.AbstractProblemLoader Init config took 2.1s 
200660     INFO  main            d.u.i.k.p.i.AbstractProblemLoader Replaying proof normalisation1.key 
200661     DEBUG main            d.u.i.k.p.i.IntermediateProofReplayer Proof replay took 7ns 
200766     INFO  main            d.u.i.k.p.r.p.TestFile    ... finished proof: closed. 
201069     INFO  main            d.u.i.k.p.i.AbstractProblemLoader Loading environment from /home/runner/work/key/key/key.core/../key.ui/examples/standard_key/quantifiers/normalisation1.key.proof 
201070     DEBUG main            d.u.i.k.p.i.AbstractProblemLoader Environment load took 84.9ns 
201071     INFO  main            d.u.i.k.p.i.AbstractProblemLoader Creating init config 
203151     DEBUG main            d.u.i.k.p.i.AbstractProblemLoader Init config took 2.08s 
203164     INFO  main            d.u.i.k.p.i.AbstractProblemLoader Replaying proof normalisation1.key.proof 
203168     DEBUG main            d.u.i.k.p.i.IntermediateProofReplayer Proof replay took 2.32ms 
203168     DEBUG main            d.u.i.k.p.r.p.TestFile    ... success: reloaded. 
203169     INFO  main            d.u.i.k.p.r.p.TestFile    Now processing file /home/runner/work/key/key/key.core/../key.ui/examples/standard_key/quantifiers/normalisation2.key 
203169     INFO  main            d.u.i.k.p.i.AbstractProblemLoader Loading environment from /home/runner/work/key/key/key.core/../key.ui/examples/standard_key/quantifiers/normalisation2.key 
203169     DEBUG main            d.u.i.k.p.i.AbstractProblemLoader Environment load took 126ns 
203170     INFO  main            d.u.i.k.p.i.AbstractProblemLoader Creating init config 
205272     DEBUG main            d.u.i.k.p.i.AbstractProblemLoader Init config took 2.1s 
205284     INFO  main            d.u.i.k.p.i.AbstractProblemLoader Replaying proof normalisation2.key 
205285     DEBUG main            d.u.i.k.p.i.IntermediateProofReplayer Proof replay took 7.1ns 
205387     INFO  main            d.u.i.k.p.r.p.TestFile    ... finished proof: closed. 
205683     INFO  main            d.u.i.k.p.i.AbstractProblemLoader Loading environment from /home/runner/work/key/key/key.core/../key.ui/examples/standard_key/quantifiers/normalisation2.key.proof 
205683     DEBUG main            d.u.i.k.p.i.AbstractProblemLoader Environment load took 88.9ns 
205684     INFO  main            d.u.i.k.p.i.AbstractProblemLoader Creating init config 
207763     DEBUG main            d.u.i.k.p.i.AbstractProblemLoader Init config took 2.08s 
207775     INFO  main            d.u.i.k.p.i.AbstractProblemLoader Replaying proof normalisation2.key.proof 
207779     DEBUG main            d.u.i.k.p.i.IntermediateProofReplayer Proof replay took 2.86ms 
207780     DEBUG main            d.u.i.k.p.r.p.TestFile    ... success: reloaded. 
207781     INFO  main            d.u.i.k.p.r.p.TestFile    Now processing file /home/runner/work/key/key/key.core/../key.ui/examples/standard_key/quantifiers/normalisation3.key 
207781     INFO  main            d.u.i.k.p.i.AbstractProblemLoader Loading environment from /home/runner/work/key/key/key.core/../key.ui/examples/standard_key/quantifiers/normalisation3.key 
207781     DEBUG main            d.u.i.k.p.i.AbstractProblemLoader Environment load took 135.4ns 
207782     INFO  main            d.u.i.k.p.i.AbstractProblemLoader Creating init config 
209886     DEBUG main            d.u.i.k.p.i.AbstractProblemLoader Init config took 2.1s 
209898     INFO  main            d.u.i.k.p.i.AbstractProblemLoader Replaying proof normalisation3.key 
209899     DEBUG main            d.u.i.k.p.i.IntermediateProofReplayer Proof replay took 6.5ns 
210000     INFO  main            d.u.i.k.p.r.p.TestFile    ... finished proof: closed. 
210298     INFO  main            d.u.i.k.p.i.AbstractProblemLoader Loading environment from /home/runner/work/key/key/key.core/../key.ui/examples/standard_key/quantifiers/normalisation3.key.proof 
210298     DEBUG main            d.u.i.k.p.i.AbstractProblemLoader Environment load took 85.2ns 
210299     INFO  main            d.u.i.k.p.i.AbstractProblemLoader Creating init config 
212371     DEBUG main            d.u.i.k.p.i.AbstractProblemLoader Init config took 2.07s 
212384     INFO  main            d.u.i.k.p.i.AbstractProblemLoader Replaying proof normalisation3.key.proof 
212387     DEBUG main            d.u.i.k.p.i.IntermediateProofReplayer Proof replay took 2.14ms 
212388     DEBUG main            d.u.i.k.p.r.p.TestFile    ... success: reloaded. 
212388     INFO  main            d.u.i.k.p.r.p.TestFile    Now processing file /home/runner/work/key/key/key.core/../key.ui/examples/standard_key/quantifiers/normalisation4.key 
212388     INFO  main            d.u.i.k.p.i.AbstractProblemLoader Loading environment from /home/runner/work/key/key/key.core/../key.ui/examples/standard_key/quantifiers/normalisation4.key 
212389     DEBUG main            d.u.i.k.p.i.AbstractProblemLoader Environment load took 57.4ns 
212389     INFO  main            d.u.i.k.p.i.AbstractProblemLoader Creating init config 
214487     DEBUG main            d.u.i.k.p.i.AbstractProblemLoader Init config took 2.1s 
214499     INFO  main            d.u.i.k.p.i.AbstractProblemLoader Replaying proof normalisation4.key 
214500     DEBUG main            d.u.i.k.p.i.IntermediateProofReplayer Proof replay took 6.9ns 
214602     INFO  main            d.u.i.k.p.r.p.TestFile    ... finished proof: closed. 
214918     INFO  main            d.u.i.k.p.i.AbstractProblemLoader Loading environment from /home/runner/work/key/key/key.core/../key.ui/examples/standard_key/quantifiers/normalisation4.key.proof 
214918     DEBUG main            d.u.i.k.p.i.AbstractProblemLoader Environment load took 82.7ns 
214919     INFO  main            d.u.i.k.p.i.AbstractProblemLoader Creating init config 
216991     DEBUG main            d.u.i.k.p.i.AbstractProblemLoader Init config took 2.07s 
217004     INFO  main            d.u.i.k.p.i.AbstractProblemLoader Replaying proof normalisation4.key.proof 
217009     DEBUG main            d.u.i.k.p.i.IntermediateProofReplayer Proof replay took 3.78ms 
217010     DEBUG main            d.u.i.k.p.r.p.TestFile    ... success: reloaded. 
217011     INFO  main            d.u.i.k.p.r.p.TestFile    Now processing file /home/runner/work/key/key/key.core/../key.ui/examples/standard_key/quantifiers/normalisation5.key 
217011     INFO  main            d.u.i.k.p.i.AbstractProblemLoader Loading environment from /home/runner/work/key/key/key.core/../key.ui/examples/standard_key/quantifiers/normalisation5.key 
217011     DEBUG main            d.u.i.k.p.i.AbstractProblemLoader Environment load took 147.9ns 
217012     INFO  main            d.u.i.k.p.i.AbstractProblemLoader Creating init config 
219116     DEBUG main            d.u.i.k.p.i.AbstractProblemLoader Init config took 2.1s 
219129     INFO  main            d.u.i.k.p.i.AbstractProblemLoader Replaying proof normalisation5.key 
219130     DEBUG main            d.u.i.k.p.i.IntermediateProofReplayer Proof replay took 5.9ns 
219231     INFO  main            d.u.i.k.p.r.p.TestFile    ... finished proof: closed. 
219619     INFO  main            d.u.i.k.p.i.AbstractProblemLoader Loading environment from /home/runner/work/key/key/key.core/../key.ui/examples/standard_key/quantifiers/normalisation5.key.proof 
219619     DEBUG main            d.u.i.k.p.i.AbstractProblemLoader Environment load took 78.2ns 
219620     INFO  main            d.u.i.k.p.i.AbstractProblemLoader Creating init config 
221686     DEBUG main            d.u.i.k.p.i.AbstractProblemLoader Init config took 2.07s 
221698     INFO  main            d.u.i.k.p.i.AbstractProblemLoader Replaying proof normalisation5.key.proof 
221703     DEBUG main            d.u.i.k.p.i.IntermediateProofReplayer Proof replay took 3.44ms 
221704     DEBUG main            d.u.i.k.p.r.p.TestFile    ... success: reloaded. 
221704     INFO  main            d.u.i.k.p.r.p.TestFile    Now processing file /home/runner/work/key/key/key.core/../key.ui/examples/standard_key/quantifiers/normalisation6.key 
221704     INFO  main            d.u.i.k.p.i.AbstractProblemLoader Loading environment from /home/runner/work/key/key/key.core/../key.ui/examples/standard_key/quantifiers/normalisation6.key 
221705     DEBUG main            d.u.i.k.p.i.AbstractProblemLoader Environment load took 89.7ns 
221705     INFO  main            d.u.i.k.p.i.AbstractProblemLoader Creating init config 
223803     DEBUG main            d.u.i.k.p.i.AbstractProblemLoader Init config took 2.1s 
223815     INFO  main            d.u.i.k.p.i.AbstractProblemLoader Replaying proof normalisation6.key 
223816     DEBUG main            d.u.i.k.p.i.IntermediateProofReplayer Proof replay took 6.6ns 
223918     INFO  main            d.u.i.k.p.r.p.TestFile    ... finished proof: closed. 
224230     INFO  main            d.u.i.k.p.i.AbstractProblemLoader Loading environment from /home/runner/work/key/key/key.core/../key.ui/examples/standard_key/quantifiers/normalisation6.key.proof 
224230     DEBUG main            d.u.i.k.p.i.AbstractProblemLoader Environment load took 75ns 
224231     INFO  main            d.u.i.k.p.i.AbstractProblemLoader Creating init config 
226299     DEBUG main            d.u.i.k.p.i.AbstractProblemLoader Init config took 2.07s 
226311     INFO  main            d.u.i.k.p.i.AbstractProblemLoader Replaying proof normalisation6.key.proof 
226315     DEBUG main            d.u.i.k.p.i.IntermediateProofReplayer Proof replay took 1.97ms 
226316     DEBUG main            d.u.i.k.p.r.p.TestFile    ... success: reloaded. 
226316     INFO  main            d.u.i.k.p.r.p.TestFile    Now processing file /home/runner/work/key/key/key.core/../key.ui/examples/standard_key/quantifiers/normalisation7.key 
226316     INFO  main            d.u.i.k.p.i.AbstractProblemLoader Loading environment from /home/runner/work/key/key/key.core/../key.ui/examples/standard_key/quantifiers/normalisation7.key 
226316     DEBUG main            d.u.i.k.p.i.AbstractProblemLoader Environment load took 75.7ns 
226317     INFO  main            d.u.i.k.p.i.AbstractProblemLoader Creating init config 
228417     DEBUG main            d.u.i.k.p.i.AbstractProblemLoader Init config took 2.1s 
228430     INFO  main            d.u.i.k.p.i.AbstractProblemLoader Replaying proof normalisation7.key 
228431     DEBUG main            d.u.i.k.p.i.IntermediateProofReplayer Proof replay took 6ns 
228532     INFO  main            d.u.i.k.p.r.p.TestFile    ... finished proof: closed. 
228857     INFO  main            d.u.i.k.p.i.AbstractProblemLoader Loading environment from /home/runner/work/key/key/key.core/../key.ui/examples/standard_key/quantifiers/normalisation7.key.proof 
228857     DEBUG main            d.u.i.k.p.i.AbstractProblemLoader Environment load took 89.9ns 
228858     INFO  main            d.u.i.k.p.i.AbstractProblemLoader Creating init config 
230938     DEBUG main            d.u.i.k.p.i.AbstractProblemLoader Init config took 2.08s 
230951     INFO  main            d.u.i.k.p.i.AbstractProblemLoader Replaying proof normalisation7.key.proof 
230954     DEBUG main            d.u.i.k.p.i.IntermediateProofReplayer Proof replay took 1.63ms 
230954     DEBUG main            d.u.i.k.p.r.p.TestFile    ... success: reloaded. 
230955     INFO  main            d.u.i.k.p.r.p.TestFile    Now processing file /home/runner/work/key/key/key.core/../key.ui/examples/standard_key/quantifiers/normalisation8.key 
230955     INFO  main            d.u.i.k.p.i.AbstractProblemLoader Loading environment from /home/runner/work/key/key/key.core/../key.ui/examples/standard_key/quantifiers/normalisation8.key 
230955     DEBUG main            d.u.i.k.p.i.AbstractProblemLoader Environment load took 74.4ns 
230956     INFO  main            d.u.i.k.p.i.AbstractProblemLoader Creating init config 
233046     DEBUG main            d.u.i.k.p.i.AbstractProblemLoader Init config took 2.09s 
233059     INFO  main            d.u.i.k.p.i.AbstractProblemLoader Replaying proof normalisation8.key 
233060     DEBUG main            d.u.i.k.p.i.IntermediateProofReplayer Proof replay took 6ns 
233161     INFO  main            d.u.i.k.p.r.p.TestFile    ... finished proof: closed. 
233505     INFO  main            d.u.i.k.p.i.AbstractProblemLoader Loading environment from /home/runner/work/key/key/key.core/../key.ui/examples/standard_key/quantifiers/normalisation8.key.proof 
233505     DEBUG main            d.u.i.k.p.i.AbstractProblemLoader Environment load took 78.6ns 
233506     INFO  main            d.u.i.k.p.i.AbstractProblemLoader Creating init config 
235585     DEBUG main            d.u.i.k.p.i.AbstractProblemLoader Init config took 2.08s 
235597     INFO  main            d.u.i.k.p.i.AbstractProblemLoader Replaying proof normalisation8.key.proof 
235606     DEBUG main            d.u.i.k.p.i.IntermediateProofReplayer Proof replay took 7.12ms 
235606     DEBUG main            d.u.i.k.p.r.p.TestFile    ... success: reloaded. 
235609     INFO  main            d.u.i.k.p.r.p.TestFile    Now processing file /home/runner/work/key/key/key.core/../key.ui/examples/standard_key/quantifiers/normalisation9.key 
235609     INFO  main            d.u.i.k.p.i.AbstractProblemLoader Loading environment from /home/runner/work/key/key/key.core/../key.ui/examples/standard_key/quantifiers/normalisation9.key 
235610     DEBUG main            d.u.i.k.p.i.AbstractProblemLoader Environment load took 82.8ns 
235610     INFO  main            d.u.i.k.p.i.AbstractProblemLoader Creating init config 
237729     DEBUG main            d.u.i.k.p.i.AbstractProblemLoader Init config took 2.12s 
237742     INFO  main            d.u.i.k.p.i.AbstractProblemLoader Replaying proof normalisation9.key 
237743     DEBUG main            d.u.i.k.p.i.IntermediateProofReplayer Proof replay took 6.8ns 
237844     INFO  main            d.u.i.k.p.r.p.TestFile    ... finished proof: closed. 
238169     INFO  main            d.u.i.k.p.i.AbstractProblemLoader Loading environment from /home/runner/work/key/key/key.core/../key.ui/examples/standard_key/quantifiers/normalisation9.key.proof 
238169     DEBUG main            d.u.i.k.p.i.AbstractProblemLoader Environment load took 79.8ns 
238170     INFO  main            d.u.i.k.p.i.AbstractProblemLoader Creating init config 
240243     DEBUG main            d.u.i.k.p.i.AbstractProblemLoader Init config took 2.07s 
240255     INFO  main            d.u.i.k.p.i.AbstractProblemLoader Replaying proof normalisation9.key.proof 
240262     DEBUG main            d.u.i.k.p.i.IntermediateProofReplayer Proof replay took 5.57ms 
240263     DEBUG main            d.u.i.k.p.r.p.TestFile    ... success: reloaded. 
240264     INFO  main            d.u.i.k.p.r.p.TestFile    Now processing file /home/runner/work/key/key/key.core/../key.ui/examples/standard_key/quantifiers/normalisation10.key 
240264     INFO  main            d.u.i.k.p.i.AbstractProblemLoader Loading environment from /home/runner/work/key/key/key.core/../key.ui/examples/standard_key/quantifiers/normalisation10.key 
240264     DEBUG main            d.u.i.k.p.i.AbstractProblemLoader Environment load took 64.7ns 
240265     INFO  main            d.u.i.k.p.i.AbstractProblemLoader Creating init config 
242375     DEBUG main            d.u.i.k.p.i.AbstractProblemLoader Init config took 2.11s 
242387     INFO  main            d.u.i.k.p.i.AbstractProblemLoader Replaying proof normalisation10.key 
242389     DEBUG main            d.u.i.k.p.i.IntermediateProofReplayer Proof replay took 6.4ns 
242491     INFO  main            d.u.i.k.p.r.p.TestFile    ... finished proof: closed. 
242828     INFO  main            d.u.i.k.p.i.AbstractProblemLoader Loading environment from /home/runner/work/key/key/key.core/../key.ui/examples/standard_key/quantifiers/normalisation10.key.proof 
242828     DEBUG main            d.u.i.k.p.i.AbstractProblemLoader Environment load took 82.2ns 
242829     INFO  main            d.u.i.k.p.i.AbstractProblemLoader Creating init config 
244899     DEBUG main            d.u.i.k.p.i.AbstractProblemLoader Init config took 2.07s 
244911     INFO  main            d.u.i.k.p.i.AbstractProblemLoader Replaying proof normalisation10.key.proof 
244917     DEBUG main            d.u.i.k.p.i.IntermediateProofReplayer Proof replay took 4.36ms 
244918     DEBUG main            d.u.i.k.p.r.p.TestFile    ... success: reloaded. 
244919     INFO  main            d.u.i.k.p.r.p.TestFile    Now processing file /home/runner/work/key/key/key.core/../key.ui/examples/standard_key/quantifiers/normalisation12.key 
244919     INFO  main            d.u.i.k.p.i.AbstractProblemLoader Loading environment from /home/runner/work/key/key/key.core/../key.ui/examples/standard_key/quantifiers/normalisation12.key 
244919     DEBUG main            d.u.i.k.p.i.AbstractProblemLoader Environment load took 65.8ns 
244920     INFO  main            d.u.i.k.p.i.AbstractProblemLoader Creating init config 
247029     DEBUG main            d.u.i.k.p.i.AbstractProblemLoader Init config took 2.11s 
247041     INFO  main            d.u.i.k.p.i.AbstractProblemLoader Replaying proof normalisation12.key 
247043     DEBUG main            d.u.i.k.p.i.IntermediateProofReplayer Proof replay took 6.7ns 
247144     INFO  main            d.u.i.k.p.r.p.TestFile    ... finished proof: closed. 
247483     INFO  main            d.u.i.k.p.i.AbstractProblemLoader Loading environment from /home/runner/work/key/key/key.core/../key.ui/examples/standard_key/quantifiers/normalisation12.key.proof 
247483     DEBUG main            d.u.i.k.p.i.AbstractProblemLoader Environment load took 77ns 
247484     INFO  main            d.u.i.k.p.i.AbstractProblemLoader Creating init config 
249551     DEBUG main            d.u.i.k.p.i.AbstractProblemLoader Init config took 2.07s 
249564     INFO  main            d.u.i.k.p.i.AbstractProblemLoader Replaying proof normalisation12.key.proof 
249566     DEBUG main            d.u.i.k.p.i.IntermediateProofReplayer Proof replay took 996.73ns 
249567     DEBUG main            d.u.i.k.p.r.p.TestFile    ... success: reloaded. 
249567     INFO  main            d.u.i.k.p.r.p.TestFile    Now processing file /home/runner/work/key/key/key.core/../key.ui/examples/standard_key/quantifiers/normalisation13.key 
249567     INFO  main            d.u.i.k.p.i.AbstractProblemLoader Loading environment from /home/runner/work/key/key/key.core/../key.ui/examples/standard_key/quantifiers/normalisation13.key 
249567     DEBUG main            d.u.i.k.p.i.AbstractProblemLoader Environment load took 42.5ns 
249568     INFO  main            d.u.i.k.p.i.AbstractProblemLoader Creating init config 
251683     DEBUG main            d.u.i.k.p.i.AbstractProblemLoader Init config took 2.11s 
251695     INFO  main            d.u.i.k.p.i.AbstractProblemLoader Replaying proof normalisation13.key 
251696     DEBUG main            d.u.i.k.p.i.IntermediateProofReplayer Proof replay took 6ns 
251798     INFO  main            d.u.i.k.p.r.p.TestFile    ... finished proof: closed. 
252134     INFO  main            d.u.i.k.p.i.AbstractProblemLoader Loading environment from /home/runner/work/key/key/key.core/../key.ui/examples/standard_key/quantifiers/normalisation13.key.proof 
252134     DEBUG main            d.u.i.k.p.i.AbstractProblemLoader Environment load took 76.3ns 
252135     INFO  main            d.u.i.k.p.i.AbstractProblemLoader Creating init config 
254209     DEBUG main            d.u.i.k.p.i.AbstractProblemLoader Init config took 2.07s 
254221     INFO  main            d.u.i.k.p.i.AbstractProblemLoader Replaying proof normalisation13.key.proof 
254223     DEBUG main            d.u.i.k.p.i.IntermediateProofReplayer Proof replay took 460.81ns 
254223     DEBUG main            d.u.i.k.p.r.p.TestFile    ... success: reloaded. 
254224     INFO  main            d.u.i.k.p.r.p.TestFile    Now processing file /home/runner/work/key/key/key.core/../key.ui/examples/standard_key/quantifiers/triggers0.key 
254224     INFO  main            d.u.i.k.p.i.AbstractProblemLoader Loading environment from /home/runner/work/key/key/key.core/../key.ui/examples/standard_key/quantifiers/triggers0.key 
254224     DEBUG main            d.u.i.k.p.i.AbstractProblemLoader Environment load took 42.9ns 
254225     INFO  main            d.u.i.k.p.i.AbstractProblemLoader Creating init config 
256338     DEBUG main            d.u.i.k.p.i.AbstractProblemLoader Init config took 2.11s 
256350     INFO  main            d.u.i.k.p.i.AbstractProblemLoader Replaying proof triggers0.key 
256351     DEBUG main            d.u.i.k.p.i.IntermediateProofReplayer Proof replay took 6.6ns 
256452     INFO  main            d.u.i.k.p.r.p.TestFile    ... finished proof: closed. 
256797     INFO  main            d.u.i.k.p.i.AbstractProblemLoader Loading environment from /home/runner/work/key/key/key.core/../key.ui/examples/standard_key/quantifiers/triggers0.key.proof 
256797     DEBUG main            d.u.i.k.p.i.AbstractProblemLoader Environment load took 76ns 
256798     INFO  main            d.u.i.k.p.i.AbstractProblemLoader Creating init config 
258861     DEBUG main            d.u.i.k.p.i.AbstractProblemLoader Init config took 2.06s 
258874     INFO  main            d.u.i.k.p.i.AbstractProblemLoader Replaying proof triggers0.key.proof 
258876     DEBUG main            d.u.i.k.p.i.IntermediateProofReplayer Proof replay took 1.23ms 
258877     DEBUG main            d.u.i.k.p.r.p.TestFile    ... success: reloaded. 
3627073    INFO  Test worker     d.u.i.k.p.r.p.StatisticsFile Returning from test FOL 
3627076    INFO  Test worker     d.u.i.k.p.r.p.StatisticsFile Running test strings 
366        INFO  Timeout watchdog d.u.i.k.p.r.p.ForkedTestFileRunner Timeout watcher launched (2000 secs.) 
381        WARN  main            d.u.i.k.s.ProofSettings   The settings in /home/runner/.key/proof-settings.props are *not* read. 
428        INFO  main            d.u.i.k.p.r.p.TestFile    Now processing file /home/runner/work/key/key/key.core/../key.ui/examples/standard_key/strings/charAt0.key 
541        INFO  main            d.u.i.k.p.i.AbstractProblemLoader Loading environment from /home/runner/work/key/key/key.core/../key.ui/examples/standard_key/strings/charAt0.key 
560        DEBUG main            d.u.i.k.p.i.AbstractProblemLoader Environment load took 1.8ms 
797        INFO  main            d.u.i.k.p.i.AbstractProblemLoader Creating init config 
1599       DEBUG main            d.u.i.k.j.TypeConverter   No LDT found for Meta 
1600       DEBUG main            d.u.i.k.j.TypeConverter   No LDT found for Meta 
1601       DEBUG main            d.u.i.k.j.TypeConverter   No LDT found for Meta 
1601       DEBUG main            d.u.i.k.j.TypeConverter   No LDT found for Meta 
2775       DEBUG main            d.u.i.k.j.TypeConverter   No LDT found for JavaBigintExpression 
7383       DEBUG main            d.u.i.k.p.i.AbstractProblemLoader Init config took 6.59s 
7460       INFO  main            d.u.i.k.p.i.AbstractProblemLoader Replaying proof charAt0.key 
7495       DEBUG main            d.u.i.k.p.i.IntermediateProofReplayer Proof replay took 30.7ns 
7861       INFO  main            d.u.i.k.p.r.p.TestFile    ... finished proof: closed. 
7951       INFO  main            d.u.i.k.p.i.AbstractProblemLoader Loading environment from /home/runner/work/key/key/key.core/../key.ui/examples/standard_key/strings/charAt0.key.proof 
7953       DEBUG main            d.u.i.k.p.i.AbstractProblemLoader Environment load took 1.92ms 
7956       INFO  main            d.u.i.k.p.i.AbstractProblemLoader Creating init config 
10746      DEBUG main            d.u.i.k.p.i.AbstractProblemLoader Init config took 2.79s 
10777      INFO  main            d.u.i.k.p.i.AbstractProblemLoader Replaying proof charAt0.key.proof 
10801      DEBUG main            d.u.i.k.p.i.IntermediateProofReplayer Proof replay took 20.5ms 
10819      DEBUG main            d.u.i.k.p.r.p.TestFile    ... success: reloaded. 
10820      INFO  main            d.u.i.k.p.r.p.TestFile    Now processing file /home/runner/work/key/key/key.core/../key.ui/examples/standard_key/strings/charAt1.key 
10820      INFO  main            d.u.i.k.p.i.AbstractProblemLoader Loading environment from /home/runner/work/key/key/key.core/../key.ui/examples/standard_key/strings/charAt1.key 
10820      DEBUG main            d.u.i.k.p.i.AbstractProblemLoader Environment load took 181.71ns 
10822      INFO  main            d.u.i.k.p.i.AbstractProblemLoader Creating init config 
13441      DEBUG main            d.u.i.k.p.i.AbstractProblemLoader Init config took 2.62s 
13468      INFO  main            d.u.i.k.p.i.AbstractProblemLoader Replaying proof charAt1.key 
13470      DEBUG main            d.u.i.k.p.i.IntermediateProofReplayer Proof replay took 5.8ns 
13676      INFO  main            d.u.i.k.p.r.p.TestFile    ... finished proof: closed. 
13792      INFO  main            d.u.i.k.p.i.AbstractProblemLoader Loading environment from /home/runner/work/key/key/key.core/../key.ui/examples/standard_key/strings/charAt1.key.proof 
13792      DEBUG main            d.u.i.k.p.i.AbstractProblemLoader Environment load took 341.31ns 
13794      INFO  main            d.u.i.k.p.i.AbstractProblemLoader Creating init config 
16376      DEBUG main            d.u.i.k.p.i.AbstractProblemLoader Init config took 2.58s 
16399      INFO  main            d.u.i.k.p.i.AbstractProblemLoader Replaying proof charAt1.key.proof 
16415      DEBUG main            d.u.i.k.p.i.IntermediateProofReplayer Proof replay took 13.58ms 
16416      DEBUG main            d.u.i.k.p.r.p.TestFile    ... success: reloaded. 
16417      INFO  main            d.u.i.k.p.r.p.TestFile    Now processing file /home/runner/work/key/key/key.core/../key.ui/examples/standard_key/strings/concat1.key 
16418      INFO  main            d.u.i.k.p.i.AbstractProblemLoader Loading environment from /home/runner/work/key/key/key.core/../key.ui/examples/standard_key/strings/concat1.key 
16418      DEBUG main            d.u.i.k.p.i.AbstractProblemLoader Environment load took 167.6ns 
16419      INFO  main            d.u.i.k.p.i.AbstractProblemLoader Creating init config 
18992      DEBUG main            d.u.i.k.p.i.AbstractProblemLoader Init config took 2.57s 
19011      INFO  main            d.u.i.k.p.i.AbstractProblemLoader Replaying proof concat1.key 
19013      DEBUG main            d.u.i.k.p.i.IntermediateProofReplayer Proof replay took 5.1ns 
19115      INFO  main            d.u.i.k.p.r.p.TestFile    ... finished proof: closed. 
19233      INFO  main            d.u.i.k.p.i.AbstractProblemLoader Loading environment from /home/runner/work/key/key/key.core/../key.ui/examples/standard_key/strings/concat1.key.proof 
19234      DEBUG main            d.u.i.k.p.i.AbstractProblemLoader Environment load took 126.5ns 
19235      INFO  main            d.u.i.k.p.i.AbstractProblemLoader Creating init config 
21806      DEBUG main            d.u.i.k.p.i.AbstractProblemLoader Init config took 2.57s 
21826      INFO  main            d.u.i.k.p.i.AbstractProblemLoader Replaying proof concat1.key.proof 
21832      DEBUG main            d.u.i.k.p.i.IntermediateProofReplayer Proof replay took 2.08ms 
21833      DEBUG main            d.u.i.k.p.r.p.TestFile    ... success: reloaded. 
21835      INFO  main            d.u.i.k.p.r.p.TestFile    Now processing file /home/runner/work/key/key/key.core/../key.ui/examples/standard_key/strings/concat2.key 
21835      INFO  main            d.u.i.k.p.i.AbstractProblemLoader Loading environment from /home/runner/work/key/key/key.core/../key.ui/examples/standard_key/strings/concat2.key 
21836      DEBUG main            d.u.i.k.p.i.AbstractProblemLoader Environment load took 205.81ns 
21839      INFO  main            d.u.i.k.p.i.AbstractProblemLoader Creating init config 
24417      DEBUG main            d.u.i.k.p.i.AbstractProblemLoader Init config took 2.58s 
24437      INFO  main            d.u.i.k.p.i.AbstractProblemLoader Replaying proof concat2.key 
24438      DEBUG main            d.u.i.k.p.i.IntermediateProofReplayer Proof replay took 6ns 
24540      INFO  main            d.u.i.k.p.r.p.TestFile    ... finished proof: closed. 
24663      INFO  main            d.u.i.k.p.i.AbstractProblemLoader Loading environment from /home/runner/work/key/key/key.core/../key.ui/examples/standard_key/strings/concat2.key.proof 
24664      DEBUG main            d.u.i.k.p.i.AbstractProblemLoader Environment load took 115.3ns 
24665      INFO  main            d.u.i.k.p.i.AbstractProblemLoader Creating init config 
27183      DEBUG main            d.u.i.k.p.i.AbstractProblemLoader Init config took 2.52s 
27202      INFO  main            d.u.i.k.p.i.AbstractProblemLoader Replaying proof concat2.key.proof 
27218      DEBUG main            d.u.i.k.p.i.IntermediateProofReplayer Proof replay took 13.96ms 
27221      DEBUG main            d.u.i.k.p.r.p.TestFile    ... success: reloaded. 
27223      INFO  main            d.u.i.k.p.r.p.TestFile    Now processing file /home/runner/work/key/key/key.core/../key.ui/examples/standard_key/strings/deriveLength1.key 
27223      INFO  main            d.u.i.k.p.i.AbstractProblemLoader Loading environment from /home/runner/work/key/key/key.core/../key.ui/examples/standard_key/strings/deriveLength1.key 
27223      DEBUG main            d.u.i.k.p.i.AbstractProblemLoader Environment load took 91.6ns 
27224      INFO  main            d.u.i.k.p.i.AbstractProblemLoader Creating init config 
29754      DEBUG main            d.u.i.k.p.i.AbstractProblemLoader Init config took 2.53s 
29773      INFO  main            d.u.i.k.p.i.AbstractProblemLoader Replaying proof deriveLength1.key 
29774      DEBUG main            d.u.i.k.p.i.IntermediateProofReplayer Proof replay took 5.7ns 
29877      INFO  main            d.u.i.k.p.r.p.TestFile    ... finished proof: closed. 
30105      INFO  main            d.u.i.k.p.i.AbstractProblemLoader Loading environment from /home/runner/work/key/key/key.core/../key.ui/examples/standard_key/strings/deriveLength1.key.proof 
30106      DEBUG main            d.u.i.k.p.i.AbstractProblemLoader Environment load took 115.3ns 
30107      INFO  main            d.u.i.k.p.i.AbstractProblemLoader Creating init config 
32609      DEBUG main            d.u.i.k.p.i.AbstractProblemLoader Init config took 2.5s 
32628      INFO  main            d.u.i.k.p.i.AbstractProblemLoader Replaying proof deriveLength1.key.proof 
32652      DEBUG main            d.u.i.k.p.i.IntermediateProofReplayer Proof replay took 21.28ms 
32655      DEBUG main            d.u.i.k.p.r.p.TestFile    ... success: reloaded. 
32656      INFO  main            d.u.i.k.p.r.p.TestFile    Now processing file /home/runner/work/key/key/key.core/../key.ui/examples/standard_key/strings/emptyStringLengthZero.key 
32657      INFO  main            d.u.i.k.p.i.AbstractProblemLoader Loading environment from /home/runner/work/key/key/key.core/../key.ui/examples/standard_key/strings/emptyStringLengthZero.key 
32657      DEBUG main            d.u.i.k.p.i.AbstractProblemLoader Environment load took 199ns 
32658      INFO  main            d.u.i.k.p.i.AbstractProblemLoader Creating init config 
35194      DEBUG main            d.u.i.k.p.i.AbstractProblemLoader Init config took 2.54s 
35213      INFO  main            d.u.i.k.p.i.AbstractProblemLoader Replaying proof emptyStringLengthZero.key 
35215      DEBUG main            d.u.i.k.p.i.IntermediateProofReplayer Proof replay took 5.8ns 
35322      INFO  main            d.u.i.k.p.r.p.TestFile    ... finished proof: closed. 
35466      INFO  main            d.u.i.k.p.i.AbstractProblemLoader Loading environment from /home/runner/work/key/key/key.core/../key.ui/examples/standard_key/strings/emptyStringLengthZero.key.proof 
35466      DEBUG main            d.u.i.k.p.i.AbstractProblemLoader Environment load took 114.7ns 
35468      INFO  main            d.u.i.k.p.i.AbstractProblemLoader Creating init config 
37924      DEBUG main            d.u.i.k.p.i.AbstractProblemLoader Init config took 2.46s 
37941      INFO  main            d.u.i.k.p.i.AbstractProblemLoader Replaying proof emptyStringLengthZero.key.proof 
37945      DEBUG main            d.u.i.k.p.i.IntermediateProofReplayer Proof replay took 2.91ms 
37946      DEBUG main            d.u.i.k.p.r.p.TestFile    ... success: reloaded. 
37947      INFO  main            d.u.i.k.p.r.p.TestFile    Now processing file /home/runner/work/key/key/key.core/../key.ui/examples/standard_key/strings/implicitBooleanStringConversion.key 
37947      INFO  main            d.u.i.k.p.i.AbstractProblemLoader Loading environment from /home/runner/work/key/key/key.core/../key.ui/examples/standard_key/strings/implicitBooleanStringConversion.key 
37948      DEBUG main            d.u.i.k.p.i.AbstractProblemLoader Environment load took 161.7ns 
37948      INFO  main            d.u.i.k.p.i.AbstractProblemLoader Creating init config 
40477      DEBUG main            d.u.i.k.p.i.AbstractProblemLoader Init config took 2.53s 
40498      INFO  main            d.u.i.k.p.i.AbstractProblemLoader Replaying proof implicitBooleanStringConversion.key 
40499      DEBUG main            d.u.i.k.p.i.IntermediateProofReplayer Proof replay took 6.5ns 
41408      INFO  main            d.u.i.k.p.r.p.TestFile    ... finished proof: closed. 
41595      INFO  main            d.u.i.k.p.i.AbstractProblemLoader Loading environment from /home/runner/work/key/key/key.core/../key.ui/examples/standard_key/strings/implicitBooleanStringConversion.key.proof 
41597      DEBUG main            d.u.i.k.p.i.AbstractProblemLoader Environment load took 2.06ms 
41598      INFO  main            d.u.i.k.p.i.AbstractProblemLoader Creating init config 
44093      DEBUG main            d.u.i.k.p.i.AbstractProblemLoader Init config took 2.49s 
44113      INFO  main            d.u.i.k.p.i.AbstractProblemLoader Replaying proof implicitBooleanStringConversion.key.proof 
44221      DEBUG main            d.u.i.k.p.i.IntermediateProofReplayer Proof replay took 102.44ms 
44222      DEBUG main            d.u.i.k.p.r.p.TestFile    ... success: reloaded. 
44222      INFO  main            d.u.i.k.p.r.p.TestFile    Now processing file /home/runner/work/key/key/key.core/../key.ui/examples/standard_key/strings/implicitBooleanStringConversion2.key 
44223      INFO  main            d.u.i.k.p.i.AbstractProblemLoader Loading environment from /home/runner/work/key/key/key.core/../key.ui/examples/standard_key/strings/implicitBooleanStringConversion2.key 
44223      DEBUG main            d.u.i.k.p.i.AbstractProblemLoader Environment load took 150.1ns 
44224      INFO  main            d.u.i.k.p.i.AbstractProblemLoader Creating init config 
46708      DEBUG main            d.u.i.k.p.i.AbstractProblemLoader Init config took 2.48s 
46727      INFO  main            d.u.i.k.p.i.AbstractProblemLoader Replaying proof implicitBooleanStringConversion2.key 
46729      DEBUG main            d.u.i.k.p.i.IntermediateProofReplayer Proof replay took 5.6ns 
47033      INFO  main            d.u.i.k.p.r.p.TestFile    ... finished proof: closed. 
47220      INFO  main            d.u.i.k.p.i.AbstractProblemLoader Loading environment from /home/runner/work/key/key/key.core/../key.ui/examples/standard_key/strings/implicitBooleanStringConversion2.key.proof 
47221      DEBUG main            d.u.i.k.p.i.AbstractProblemLoader Environment load took 119.2ns 
47222      INFO  main            d.u.i.k.p.i.AbstractProblemLoader Creating init config 
49726      DEBUG main            d.u.i.k.p.i.AbstractProblemLoader Init config took 2.5s 
49754      INFO  main            d.u.i.k.p.i.AbstractProblemLoader Replaying proof implicitBooleanStringConversion2.key.proof 
49801      DEBUG main            d.u.i.k.p.i.IntermediateProofReplayer Proof replay took 43.12ms 
49802      DEBUG main            d.u.i.k.p.r.p.TestFile    ... success: reloaded. 
49803      INFO  main            d.u.i.k.p.r.p.TestFile    Now processing file /home/runner/work/key/key/key.core/../key.ui/examples/standard_key/strings/implicitIntStringConversion.key 
49805      INFO  main            d.u.i.k.p.i.AbstractProblemLoader Loading environment from /home/runner/work/key/key/key.core/../key.ui/examples/standard_key/strings/implicitIntStringConversion.key 
49805      DEBUG main            d.u.i.k.p.i.AbstractProblemLoader Environment load took 324.41ns 
49806      INFO  main            d.u.i.k.p.i.AbstractProblemLoader Creating init config 
52272      DEBUG main            d.u.i.k.p.i.AbstractProblemLoader Init config took 2.47s 
52291      INFO  main            d.u.i.k.p.i.AbstractProblemLoader Replaying proof implicitIntStringConversion.key 
52293      DEBUG main            d.u.i.k.p.i.IntermediateProofReplayer Proof replay took 6.2ns 
52896      INFO  main            d.u.i.k.p.r.p.TestFile    ... finished proof: closed. 
53077      INFO  main            d.u.i.k.p.i.AbstractProblemLoader Loading environment from /home/runner/work/key/key/key.core/../key.ui/examples/standard_key/strings/implicitIntStringConversion.key.proof 
53078      DEBUG main            d.u.i.k.p.i.AbstractProblemLoader Environment load took 322.91ns 
53079      INFO  main            d.u.i.k.p.i.AbstractProblemLoader Creating init config 
55604      DEBUG main            d.u.i.k.p.i.AbstractProblemLoader Init config took 2.52s 
55623      INFO  main            d.u.i.k.p.i.AbstractProblemLoader Replaying proof implicitIntStringConversion.key.proof 
55698      DEBUG main            d.u.i.k.p.i.IntermediateProofReplayer Proof replay took 67.86ms 
55699      DEBUG main            d.u.i.k.p.r.p.TestFile    ... success: reloaded. 
55700      INFO  main            d.u.i.k.p.r.p.TestFile    Now processing file /home/runner/work/key/key/key.core/../key.ui/examples/standard_key/strings/implicitNullStringConversion.key 
55700      INFO  main            d.u.i.k.p.i.AbstractProblemLoader Loading environment from /home/runner/work/key/key/key.core/../key.ui/examples/standard_key/strings/implicitNullStringConversion.key 
55700      DEBUG main            d.u.i.k.p.i.AbstractProblemLoader Environment load took 158.5ns 
55701      INFO  main            d.u.i.k.p.i.AbstractProblemLoader Creating init config 
58179      DEBUG main            d.u.i.k.p.i.AbstractProblemLoader Init config took 2.48s 
58197      INFO  main            d.u.i.k.p.i.AbstractProblemLoader Replaying proof implicitNullStringConversion.key 
58198      DEBUG main            d.u.i.k.p.i.IntermediateProofReplayer Proof replay took 6.1ns 
58501      INFO  main            d.u.i.k.p.r.p.TestFile    ... finished proof: closed. 
58705      INFO  main            d.u.i.k.p.i.AbstractProblemLoader Loading environment from /home/runner/work/key/key/key.core/../key.ui/examples/standard_key/strings/implicitNullStringConversion.key.proof 
58705      DEBUG main            d.u.i.k.p.i.AbstractProblemLoader Environment load took 106.8ns 
58706      INFO  main            d.u.i.k.p.i.AbstractProblemLoader Creating init config 
61164      DEBUG main            d.u.i.k.p.i.AbstractProblemLoader Init config took 2.46s 
61180      INFO  main            d.u.i.k.p.i.AbstractProblemLoader Replaying proof implicitNullStringConversion.key.proof 
61210      DEBUG main            d.u.i.k.p.i.IntermediateProofReplayer Proof replay took 27.2ms 
61211      DEBUG main            d.u.i.k.p.r.p.TestFile    ... success: reloaded. 
61212      INFO  main            d.u.i.k.p.r.p.TestFile    Now processing file /home/runner/work/key/key/key.core/../key.ui/examples/standard_key/strings/implicitNullStringConversion2.key 
61212      INFO  main            d.u.i.k.p.i.AbstractProblemLoader Loading environment from /home/runner/work/key/key/key.core/../key.ui/examples/standard_key/strings/implicitNullStringConversion2.key 
61212      DEBUG main            d.u.i.k.p.i.AbstractProblemLoader Environment load took 87.3ns 
61213      INFO  main            d.u.i.k.p.i.AbstractProblemLoader Creating init config 
63655      DEBUG main            d.u.i.k.p.i.AbstractProblemLoader Init config took 2.44s 
63671      INFO  main            d.u.i.k.p.i.AbstractProblemLoader Replaying proof implicitNullStringConversion2.key 
63672      DEBUG main            d.u.i.k.p.i.IntermediateProofReplayer Proof replay took 5.9ns 
63877      INFO  main            d.u.i.k.p.r.p.TestFile    ... finished proof: closed. 
64037      INFO  main            d.u.i.k.p.i.AbstractProblemLoader Loading environment from /home/runner/work/key/key/key.core/../key.ui/examples/standard_key/strings/implicitNullStringConversion2.key.proof 
64037      DEBUG main            d.u.i.k.p.i.AbstractProblemLoader Environment load took 102.7ns 
64038      INFO  main            d.u.i.k.p.i.AbstractProblemLoader Creating init config 
66496      DEBUG main            d.u.i.k.p.i.AbstractProblemLoader Init config took 2.46s 
66512      INFO  main            d.u.i.k.p.i.AbstractProblemLoader Replaying proof implicitNullStringConversion2.key.proof 
66537      DEBUG main            d.u.i.k.p.i.IntermediateProofReplayer Proof replay took 22.54ms 
66539      DEBUG main            d.u.i.k.p.r.p.TestFile    ... success: reloaded. 
66540      INFO  main            d.u.i.k.p.r.p.TestFile    Now processing file /home/runner/work/key/key/key.core/../key.ui/examples/standard_key/strings/implicitObjectStringConversion.key 
66541      INFO  main            d.u.i.k.p.i.AbstractProblemLoader Loading environment from /home/runner/work/key/key/key.core/../key.ui/examples/standard_key/strings/implicitObjectStringConversion.key 
66541      DEBUG main            d.u.i.k.p.i.AbstractProblemLoader Environment load took 152.3ns 
66542      INFO  main            d.u.i.k.p.i.AbstractProblemLoader Creating init config 
69209      DEBUG main            d.u.i.k.p.i.AbstractProblemLoader Init config took 2.67s 
69227      INFO  main            d.u.i.k.p.i.AbstractProblemLoader Replaying proof implicitObjectStringConversion.key 
69230      DEBUG main            d.u.i.k.p.i.IntermediateProofReplayer Proof replay took 6.4ns 
69636      INFO  main            d.u.i.k.p.r.p.TestFile    ... finished proof: closed. 
69823      INFO  main            d.u.i.k.p.i.AbstractProblemLoader Loading environment from /home/runner/work/key/key/key.core/../key.ui/examples/standard_key/strings/implicitObjectStringConversion.key.proof 
69823      DEBUG main            d.u.i.k.p.i.AbstractProblemLoader Environment load took 133.9ns 
69826      INFO  main            d.u.i.k.p.i.AbstractProblemLoader Creating init config 
72439      DEBUG main            d.u.i.k.p.i.AbstractProblemLoader Init config took 2.61s 
72462      INFO  main            d.u.i.k.p.i.AbstractProblemLoader Replaying proof implicitObjectStringConversion.key.proof 
72527      DEBUG main            d.u.i.k.p.i.IntermediateProofReplayer Proof replay took 60.96ms 
72528      DEBUG main            d.u.i.k.p.r.p.TestFile    ... success: reloaded. 
72528      INFO  main            d.u.i.k.p.r.p.TestFile    Now processing file /home/runner/work/key/key/key.core/../key.ui/examples/standard_key/strings/literalEquality.key 
72529      INFO  main            d.u.i.k.p.i.AbstractProblemLoader Loading environment from /home/runner/work/key/key/key.core/../key.ui/examples/standard_key/strings/literalEquality.key 
72529      DEBUG main            d.u.i.k.p.i.AbstractProblemLoader Environment load took 80.6ns 
72530      INFO  main            d.u.i.k.p.i.AbstractProblemLoader Creating init config 
75045      DEBUG main            d.u.i.k.p.i.AbstractProblemLoader Init config took 2.52s 
75059      INFO  main            d.u.i.k.p.i.AbstractProblemLoader Replaying proof literalEquality.key 
75061      DEBUG main            d.u.i.k.p.i.IntermediateProofReplayer Proof replay took 6.1ns 
75164      INFO  main            d.u.i.k.p.r.p.TestFile    ... finished proof: closed. 
75357      INFO  main            d.u.i.k.p.i.AbstractProblemLoader Loading environment from /home/runner/work/key/key/key.core/../key.ui/examples/standard_key/strings/literalEquality.key.proof 
75357      DEBUG main            d.u.i.k.p.i.AbstractProblemLoader Environment load took 144.1ns 
75358      INFO  main            d.u.i.k.p.i.AbstractProblemLoader Creating init config 
77793      DEBUG main            d.u.i.k.p.i.AbstractProblemLoader Init config took 2.44s 
77808      INFO  main            d.u.i.k.p.i.AbstractProblemLoader Replaying proof literalEquality.key.proof 
77811      DEBUG main            d.u.i.k.p.i.IntermediateProofReplayer Proof replay took 2.01ms 
77812      DEBUG main            d.u.i.k.p.r.p.TestFile    ... success: reloaded. 
77813      INFO  main            d.u.i.k.p.r.p.TestFile    Now processing file /home/runner/work/key/key/key.core/../key.ui/examples/standard_key/strings/replace0.key 
77813      INFO  main            d.u.i.k.p.i.AbstractProblemLoader Loading environment from /home/runner/work/key/key/key.core/../key.ui/examples/standard_key/strings/replace0.key 
77813      DEBUG main            d.u.i.k.p.i.AbstractProblemLoader Environment load took 146.7ns 
77814      INFO  main            d.u.i.k.p.i.AbstractProblemLoader Creating init config 
80351      DEBUG main            d.u.i.k.p.i.AbstractProblemLoader Init config took 2.54s 
80367      INFO  main            d.u.i.k.p.i.AbstractProblemLoader Replaying proof replace0.key 
80368      DEBUG main            d.u.i.k.p.i.IntermediateProofReplayer Proof replay took 6.3ns 
80470      INFO  main            d.u.i.k.p.r.p.TestFile    ... finished proof: closed. 
80658      INFO  main            d.u.i.k.p.i.AbstractProblemLoader Loading environment from /home/runner/work/key/key/key.core/../key.ui/examples/standard_key/strings/replace0.key.proof 
80658      DEBUG main            d.u.i.k.p.i.AbstractProblemLoader Environment load took 100.9ns 
80659      INFO  main            d.u.i.k.p.i.AbstractProblemLoader Creating init config 
83102      DEBUG main            d.u.i.k.p.i.AbstractProblemLoader Init config took 2.44s 
83125      INFO  main            d.u.i.k.p.i.AbstractProblemLoader Replaying proof replace0.key.proof 
83131      DEBUG main            d.u.i.k.p.i.IntermediateProofReplayer Proof replay took 3.83ms 
83132      DEBUG main            d.u.i.k.p.r.p.TestFile    ... success: reloaded. 
83132      INFO  main            d.u.i.k.p.r.p.TestFile    Now processing file /home/runner/work/key/key/key.core/../key.ui/examples/standard_key/strings/replace1.key 
83133      INFO  main            d.u.i.k.p.i.AbstractProblemLoader Loading environment from /home/runner/work/key/key/key.core/../key.ui/examples/standard_key/strings/replace1.key 
83133      DEBUG main            d.u.i.k.p.i.AbstractProblemLoader Environment load took 77.5ns 
83134      INFO  main            d.u.i.k.p.i.AbstractProblemLoader Creating init config 
85633      DEBUG main            d.u.i.k.p.i.AbstractProblemLoader Init config took 2.5s 
85646      INFO  main            d.u.i.k.p.i.AbstractProblemLoader Replaying proof replace1.key 
85647      DEBUG main            d.u.i.k.p.i.IntermediateProofReplayer Proof replay took 5.5ns 
85752      INFO  main            d.u.i.k.p.r.p.TestFile    ... finished proof: closed. 
85935      INFO  main            d.u.i.k.p.i.AbstractProblemLoader Loading environment from /home/runner/work/key/key/key.core/../key.ui/examples/standard_key/strings/replace1.key.proof 
85935      DEBUG main            d.u.i.k.p.i.AbstractProblemLoader Environment load took 100.8ns 
85936      INFO  main            d.u.i.k.p.i.AbstractProblemLoader Creating init config 
88359      DEBUG main            d.u.i.k.p.i.AbstractProblemLoader Init config took 2.42s 
88374      INFO  main            d.u.i.k.p.i.AbstractProblemLoader Replaying proof replace1.key.proof 
88380      DEBUG main            d.u.i.k.p.i.IntermediateProofReplayer Proof replay took 4.23ms 
88381      DEBUG main            d.u.i.k.p.r.p.TestFile    ... success: reloaded. 
88382      INFO  main            d.u.i.k.p.r.p.TestFile    Now processing file /home/runner/work/key/key/key.core/../key.ui/examples/standard_key/strings/simpleAssignment.key 
88382      INFO  main            d.u.i.k.p.i.AbstractProblemLoader Loading environment from /home/runner/work/key/key/key.core/../key.ui/examples/standard_key/strings/simpleAssignment.key 
88382      DEBUG main            d.u.i.k.p.i.AbstractProblemLoader Environment load took 81.2ns 
88383      INFO  main            d.u.i.k.p.i.AbstractProblemLoader Creating init config 
90865      DEBUG main            d.u.i.k.p.i.AbstractProblemLoader Init config took 2.48s 
90880      INFO  main            d.u.i.k.p.i.AbstractProblemLoader Replaying proof simpleAssignment.key 
90881      DEBUG main            d.u.i.k.p.i.IntermediateProofReplayer Proof replay took 6.2ns 
90984      INFO  main            d.u.i.k.p.r.p.TestFile    ... finished proof: closed. 
91196      INFO  main            d.u.i.k.p.i.AbstractProblemLoader Loading environment from /home/runner/work/key/key/key.core/../key.ui/examples/standard_key/strings/simpleAssignment.key.proof 
91197      DEBUG main            d.u.i.k.p.i.AbstractProblemLoader Environment load took 107ns 
91198      INFO  main            d.u.i.k.p.i.AbstractProblemLoader Creating init config 
93636      DEBUG main            d.u.i.k.p.i.AbstractProblemLoader Init config took 2.44s 
93663      INFO  main            d.u.i.k.p.i.AbstractProblemLoader Replaying proof simpleAssignment.key.proof 
93666      DEBUG main            d.u.i.k.p.i.IntermediateProofReplayer Proof replay took 1.2ms 
93667      DEBUG main            d.u.i.k.p.r.p.TestFile    ... success: reloaded. 
93667      INFO  main            d.u.i.k.p.r.p.TestFile    Now processing file /home/runner/work/key/key/key.core/../key.ui/examples/standard_key/strings/simpleLengthComp.key 
93668      INFO  main            d.u.i.k.p.i.AbstractProblemLoader Loading environment from /home/runner/work/key/key/key.core/../key.ui/examples/standard_key/strings/simpleLengthComp.key 
93668      DEBUG main            d.u.i.k.p.i.AbstractProblemLoader Environment load took 153ns 
93669      INFO  main            d.u.i.k.p.i.AbstractProblemLoader Creating init config 
96095      DEBUG main            d.u.i.k.p.i.AbstractProblemLoader Init config took 2.43s 
96109      INFO  main            d.u.i.k.p.i.AbstractProblemLoader Replaying proof simpleLengthComp.key 
96112      DEBUG main            d.u.i.k.p.i.IntermediateProofReplayer Proof replay took 5.6ns 
96314      INFO  main            d.u.i.k.p.r.p.TestFile    ... finished proof: closed. 
96520      INFO  main            d.u.i.k.p.i.AbstractProblemLoader Loading environment from /home/runner/work/key/key/key.core/../key.ui/examples/standard_key/strings/simpleLengthComp.key.proof 
96520      DEBUG main            d.u.i.k.p.i.AbstractProblemLoader Environment load took 127.5ns 
96521      INFO  main            d.u.i.k.p.i.AbstractProblemLoader Creating init config 
98933      DEBUG main            d.u.i.k.p.i.AbstractProblemLoader Init config took 2.41s 
98948      INFO  main            d.u.i.k.p.i.AbstractProblemLoader Replaying proof simpleLengthComp.key.proof 
98973      DEBUG main            d.u.i.k.p.i.IntermediateProofReplayer Proof replay took 22.96ms 
98974      DEBUG main            d.u.i.k.p.r.p.TestFile    ... success: reloaded. 
98975      INFO  main            d.u.i.k.p.r.p.TestFile    Now processing file /home/runner/work/key/key/key.core/../key.ui/examples/standard_key/strings/stringCompileTimeConstant1.key 
98975      INFO  main            d.u.i.k.p.i.AbstractProblemLoader Loading environment from /home/runner/work/key/key/key.core/../key.ui/examples/standard_key/strings/stringCompileTimeConstant1.key 
98976      DEBUG main            d.u.i.k.p.i.AbstractProblemLoader Environment load took 153.7ns 
98976      INFO  main            d.u.i.k.p.i.AbstractProblemLoader Creating init config 
101450     DEBUG main            d.u.i.k.p.i.AbstractProblemLoader Init config took 2.47s 
101464     INFO  main            d.u.i.k.p.i.AbstractProblemLoader Replaying proof stringCompileTimeConstant1.key 
101465     DEBUG main            d.u.i.k.p.i.IntermediateProofReplayer Proof replay took 5.5ns 
101568     INFO  main            d.u.i.k.p.r.p.TestFile    ... finished proof: closed. 
101788     INFO  main            d.u.i.k.p.i.AbstractProblemLoader Loading environment from /home/runner/work/key/key/key.core/../key.ui/examples/standard_key/strings/stringCompileTimeConstant1.key.proof 
101788     DEBUG main            d.u.i.k.p.i.AbstractProblemLoader Environment load took 106.5ns 
101789     INFO  main            d.u.i.k.p.i.AbstractProblemLoader Creating init config 
104193     DEBUG main            d.u.i.k.p.i.AbstractProblemLoader Init config took 2.4s 
104207     INFO  main            d.u.i.k.p.i.AbstractProblemLoader Replaying proof stringCompileTimeConstant1.key.proof 
104212     DEBUG main            d.u.i.k.p.i.IntermediateProofReplayer Proof replay took 2.92ms 
104213     DEBUG main            d.u.i.k.p.r.p.TestFile    ... success: reloaded. 
104214     INFO  main            d.u.i.k.p.r.p.TestFile    Now processing file /home/runner/work/key/key/key.core/../key.ui/examples/standard_key/strings/stringCompileTimeConstant2.key 
104214     INFO  main            d.u.i.k.p.i.AbstractProblemLoader Loading environment from /home/runner/work/key/key/key.core/../key.ui/examples/standard_key/strings/stringCompileTimeConstant2.key 
104214     DEBUG main            d.u.i.k.p.i.AbstractProblemLoader Environment load took 150.7ns 
104215     INFO  main            d.u.i.k.p.i.AbstractProblemLoader Creating init config 
106827     DEBUG main            d.u.i.k.p.i.AbstractProblemLoader Init config took 2.61s 
106842     INFO  main            d.u.i.k.p.i.AbstractProblemLoader Replaying proof stringCompileTimeConstant2.key 
106843     DEBUG main            d.u.i.k.p.i.IntermediateProofReplayer Proof replay took 6.4ns 
109454     INFO  main            d.u.i.k.p.r.p.TestFile    ... finished proof: closed. 
109747     INFO  main            d.u.i.k.p.i.AbstractProblemLoader Loading environment from /home/runner/work/key/key/key.core/../key.ui/examples/standard_key/strings/stringCompileTimeConstant2.key.proof 
109747     DEBUG main            d.u.i.k.p.i.AbstractProblemLoader Environment load took 343.91ns 
109749     INFO  main            d.u.i.k.p.i.AbstractProblemLoader Creating init config 
112308     DEBUG main            d.u.i.k.p.i.AbstractProblemLoader Init config took 2.56s 
112322     INFO  main            d.u.i.k.p.i.AbstractProblemLoader Replaying proof stringCompileTimeConstant2.key.proof 
112631     DEBUG main            d.u.i.k.p.i.IntermediateProofReplayer Proof replay took 298.26ms 
112632     DEBUG main            d.u.i.k.p.r.p.TestFile    ... success: reloaded. 
112633     INFO  main            d.u.i.k.p.r.p.TestFile    Now processing file /home/runner/work/key/key/key.core/../key.ui/examples/standard_key/strings/stringEquality1.key 
112634     INFO  main            d.u.i.k.p.i.AbstractProblemLoader Loading environment from /home/runner/work/key/key/key.core/../key.ui/examples/standard_key/strings/stringEquality1.key 
112634     DEBUG main            d.u.i.k.p.i.AbstractProblemLoader Environment load took 152.41ns 
112635     INFO  main            d.u.i.k.p.i.AbstractProblemLoader Creating init config 
115115     DEBUG main            d.u.i.k.p.i.AbstractProblemLoader Init config took 2.48s 
115129     INFO  main            d.u.i.k.p.i.AbstractProblemLoader Replaying proof stringEquality1.key 
115130     DEBUG main            d.u.i.k.p.i.IntermediateProofReplayer Proof replay took 5.9ns 
115232     INFO  main            d.u.i.k.p.r.p.TestFile    ... finished proof: closed. 
115485     INFO  main            d.u.i.k.p.i.AbstractProblemLoader Loading environment from /home/runner/work/key/key/key.core/../key.ui/examples/standard_key/strings/stringEquality1.key.proof 
115485     DEBUG main            d.u.i.k.p.i.AbstractProblemLoader Environment load took 96.7ns 
115486     INFO  main            d.u.i.k.p.i.AbstractProblemLoader Creating init config 
117886     DEBUG main            d.u.i.k.p.i.AbstractProblemLoader Init config took 2.4s 
117900     INFO  main            d.u.i.k.p.i.AbstractProblemLoader Replaying proof stringEquality1.key.proof 
117907     DEBUG main            d.u.i.k.p.i.IntermediateProofReplayer Proof replay took 6.12ms 
117908     DEBUG main            d.u.i.k.p.r.p.TestFile    ... success: reloaded. 
117909     INFO  main            d.u.i.k.p.r.p.TestFile    Now processing file /home/runner/work/key/key/key.core/../key.ui/examples/standard_key/strings/stringEquality2.key 
117909     INFO  main            d.u.i.k.p.i.AbstractProblemLoader Loading environment from /home/runner/work/key/key/key.core/../key.ui/examples/standard_key/strings/stringEquality2.key 
117909     DEBUG main            d.u.i.k.p.i.AbstractProblemLoader Environment load took 75.8ns 
117910     INFO  main            d.u.i.k.p.i.AbstractProblemLoader Creating init config 
120337     DEBUG main            d.u.i.k.p.i.AbstractProblemLoader Init config took 2.43s 
120350     INFO  main            d.u.i.k.p.i.AbstractProblemLoader Replaying proof stringEquality2.key 
120351     DEBUG main            d.u.i.k.p.i.IntermediateProofReplayer Proof replay took 6.1ns 
120657     INFO  main            d.u.i.k.p.r.p.TestFile    ... finished proof: closed. 
120895     INFO  main            d.u.i.k.p.i.AbstractProblemLoader Loading environment from /home/runner/work/key/key/key.core/../key.ui/examples/standard_key/strings/stringEquality2.key.proof 
120895     DEBUG main            d.u.i.k.p.i.AbstractProblemLoader Environment load took 99ns 
120896     INFO  main            d.u.i.k.p.i.AbstractProblemLoader Creating init config 
123293     DEBUG main            d.u.i.k.p.i.AbstractProblemLoader Init config took 2.4s 
123307     INFO  main            d.u.i.k.p.i.AbstractProblemLoader Replaying proof stringEquality2.key.proof 
123352     DEBUG main            d.u.i.k.p.i.IntermediateProofReplayer Proof replay took 40.62ms 
123353     DEBUG main            d.u.i.k.p.r.p.TestFile    ... success: reloaded. 
123353     INFO  main            d.u.i.k.p.r.p.TestFile    Now processing file /home/runner/work/key/key/key.core/../key.ui/examples/standard_key/strings/substring0.key 
123354     INFO  main            d.u.i.k.p.i.AbstractProblemLoader Loading environment from /home/runner/work/key/key/key.core/../key.ui/examples/standard_key/strings/substring0.key 
123354     DEBUG main            d.u.i.k.p.i.AbstractProblemLoader Environment load took 64.5ns 
123354     INFO  main            d.u.i.k.p.i.AbstractProblemLoader Creating init config 
125814     DEBUG main            d.u.i.k.p.i.AbstractProblemLoader Init config took 2.46s 
125843     INFO  main            d.u.i.k.p.i.AbstractProblemLoader Replaying proof substring0.key 
125849     DEBUG main            d.u.i.k.p.i.IntermediateProofReplayer Proof replay took 7.5ns 
125951     INFO  main            d.u.i.k.p.r.p.TestFile    ... finished proof: closed. 
126177     INFO  main            d.u.i.k.p.i.AbstractProblemLoader Loading environment from /home/runner/work/key/key/key.core/../key.ui/examples/standard_key/strings/substring0.key.proof 
126177     DEBUG main            d.u.i.k.p.i.AbstractProblemLoader Environment load took 92.2ns 
126179     INFO  main            d.u.i.k.p.i.AbstractProblemLoader Creating init config 
128604     DEBUG main            d.u.i.k.p.i.AbstractProblemLoader Init config took 2.43s 
128619     INFO  main            d.u.i.k.p.i.AbstractProblemLoader Replaying proof substring0.key.proof 
128620     DEBUG main            d.u.i.k.p.i.IntermediateProofReplayer Proof replay took 391.71ns 
128621     DEBUG main            d.u.i.k.p.r.p.TestFile    ... success: reloaded. 
128622     INFO  main            d.u.i.k.p.r.p.TestFile    Now processing file /home/runner/work/key/key/key.core/../key.ui/examples/standard_key/strings/substring1.key 
128622     INFO  main            d.u.i.k.p.i.AbstractProblemLoader Loading environment from /home/runner/work/key/key/key.core/../key.ui/examples/standard_key/strings/substring1.key 
128622     DEBUG main            d.u.i.k.p.i.AbstractProblemLoader Environment load took 137.9ns 
128623     INFO  main            d.u.i.k.p.i.AbstractProblemLoader Creating init config 
131054     DEBUG main            d.u.i.k.p.i.AbstractProblemLoader Init config took 2.43s 
131067     INFO  main            d.u.i.k.p.i.AbstractProblemLoader Replaying proof substring1.key 
131068     DEBUG main            d.u.i.k.p.i.IntermediateProofReplayer Proof replay took 7.1ns 
131169     INFO  main            d.u.i.k.p.r.p.TestFile    ... finished proof: closed. 
131391     INFO  main            d.u.i.k.p.i.AbstractProblemLoader Loading environment from /home/runner/work/key/key/key.core/../key.ui/examples/standard_key/strings/substring1.key.proof 
131391     DEBUG main            d.u.i.k.p.i.AbstractProblemLoader Environment load took 95ns 
131392     INFO  main            d.u.i.k.p.i.AbstractProblemLoader Creating init config 
133774     DEBUG main            d.u.i.k.p.i.AbstractProblemLoader Init config took 2.38s 
133787     INFO  main            d.u.i.k.p.i.AbstractProblemLoader Replaying proof substring1.key.proof 
133789     DEBUG main            d.u.i.k.p.i.IntermediateProofReplayer Proof replay took 348.71ns 
133789     DEBUG main            d.u.i.k.p.r.p.TestFile    ... success: reloaded. 
133790     INFO  main            d.u.i.k.p.r.p.TestFile    Now processing file /home/runner/work/key/key/key.core/../key.ui/examples/standard_key/strings/substring2.key 
133790     INFO  main            d.u.i.k.p.i.AbstractProblemLoader Loading environment from /home/runner/work/key/key/key.core/../key.ui/examples/standard_key/strings/substring2.key 
133790     DEBUG main            d.u.i.k.p.i.AbstractProblemLoader Environment load took 47.6ns 
133791     INFO  main            d.u.i.k.p.i.AbstractProblemLoader Creating init config 
136238     DEBUG main            d.u.i.k.p.i.AbstractProblemLoader Init config took 2.45s 
136250     INFO  main            d.u.i.k.p.i.AbstractProblemLoader Replaying proof substring2.key 
136251     DEBUG main            d.u.i.k.p.i.IntermediateProofReplayer Proof replay took 6.1ns 
136353     INFO  main            d.u.i.k.p.r.p.TestFile    ... finished proof: closed. 
136580     INFO  main            d.u.i.k.p.i.AbstractProblemLoader Loading environment from /home/runner/work/key/key/key.core/../key.ui/examples/standard_key/strings/substring2.key.proof 
136580     DEBUG main            d.u.i.k.p.i.AbstractProblemLoader Environment load took 98ns 
136581     INFO  main            d.u.i.k.p.i.AbstractProblemLoader Creating init config 
138968     DEBUG main            d.u.i.k.p.i.AbstractProblemLoader Init config took 2.39s 
138981     INFO  main            d.u.i.k.p.i.AbstractProblemLoader Replaying proof substring2.key.proof 
138983     DEBUG main            d.u.i.k.p.i.IntermediateProofReplayer Proof replay took 755.72ns 
138984     DEBUG main            d.u.i.k.p.r.p.TestFile    ... success: reloaded. 
138984     INFO  main            d.u.i.k.p.r.p.TestFile    Now processing file /home/runner/work/key/key/key.core/../key.ui/examples/standard_key/strings/substring3.key 
138984     INFO  main            d.u.i.k.p.i.AbstractProblemLoader Loading environment from /home/runner/work/key/key/key.core/../key.ui/examples/standard_key/strings/substring3.key 
138984     DEBUG main            d.u.i.k.p.i.AbstractProblemLoader Environment load took 57.3ns 
138985     INFO  main            d.u.i.k.p.i.AbstractProblemLoader Creating init config 
141447     DEBUG main            d.u.i.k.p.i.AbstractProblemLoader Init config took 2.46s 
141460     INFO  main            d.u.i.k.p.i.AbstractProblemLoader Replaying proof substring3.key 
141461     DEBUG main            d.u.i.k.p.i.IntermediateProofReplayer Proof replay took 5.8ns 
141562     INFO  main            d.u.i.k.p.r.p.TestFile    ... finished proof: closed. 
141794     INFO  main            d.u.i.k.p.i.AbstractProblemLoader Loading environment from /home/runner/work/key/key/key.core/../key.ui/examples/standard_key/strings/substring3.key.proof 
141794     DEBUG main            d.u.i.k.p.i.AbstractProblemLoader Environment load took 93.4ns 
141795     INFO  main            d.u.i.k.p.i.AbstractProblemLoader Creating init config 
144181     DEBUG main            d.u.i.k.p.i.AbstractProblemLoader Init config took 2.39s 
144194     INFO  main            d.u.i.k.p.i.AbstractProblemLoader Replaying proof substring3.key.proof 
144198     DEBUG main            d.u.i.k.p.i.IntermediateProofReplayer Proof replay took 2.18ms 
144198     DEBUG main            d.u.i.k.p.r.p.TestFile    ... success: reloaded. 
144199     INFO  main            d.u.i.k.p.r.p.TestFile    Now processing file /home/runner/work/key/key/key.core/../key.ui/examples/standard_key/strings/substring4.key 
144199     INFO  main            d.u.i.k.p.i.AbstractProblemLoader Loading environment from /home/runner/work/key/key/key.core/../key.ui/examples/standard_key/strings/substring4.key 
144199     DEBUG main            d.u.i.k.p.i.AbstractProblemLoader Environment load took 160.5ns 
144200     INFO  main            d.u.i.k.p.i.AbstractProblemLoader Creating init config 
146633     DEBUG main            d.u.i.k.p.i.AbstractProblemLoader Init config took 2.43s 
146645     INFO  main            d.u.i.k.p.i.AbstractProblemLoader Replaying proof substring4.key 
146646     DEBUG main            d.u.i.k.p.i.IntermediateProofReplayer Proof replay took 6.4ns 
146748     INFO  main            d.u.i.k.p.r.p.TestFile    ... finished proof: closed. 
146995     INFO  main            d.u.i.k.p.i.AbstractProblemLoader Loading environment from /home/runner/work/key/key/key.core/../key.ui/examples/standard_key/strings/substring4.key.proof 
146995     DEBUG main            d.u.i.k.p.i.AbstractProblemLoader Environment load took 87.7ns 
146996     INFO  main            d.u.i.k.p.i.AbstractProblemLoader Creating init config 
149386     DEBUG main            d.u.i.k.p.i.AbstractProblemLoader Init config took 2.39s 
149399     INFO  main            d.u.i.k.p.i.AbstractProblemLoader Replaying proof substring4.key.proof 
149404     DEBUG main            d.u.i.k.p.i.IntermediateProofReplayer Proof replay took 2.92ms 
149405     DEBUG main            d.u.i.k.p.r.p.TestFile    ... success: reloaded. 
149406     INFO  main            d.u.i.k.p.r.p.TestFile    Now processing file /home/runner/work/key/key/key.core/../key.ui/examples/standard_key/strings/substring5.key 
149406     INFO  main            d.u.i.k.p.i.AbstractProblemLoader Loading environment from /home/runner/work/key/key/key.core/../key.ui/examples/standard_key/strings/substring5.key 
149406     DEBUG main            d.u.i.k.p.i.AbstractProblemLoader Environment load took 157.3ns 
149407     INFO  main            d.u.i.k.p.i.AbstractProblemLoader Creating init config 
151904     DEBUG main            d.u.i.k.p.i.AbstractProblemLoader Init config took 2.5s 
151917     INFO  main            d.u.i.k.p.i.AbstractProblemLoader Replaying proof substring5.key 
151918     DEBUG main            d.u.i.k.p.i.IntermediateProofReplayer Proof replay took 6.1ns 
152120     INFO  main            d.u.i.k.p.r.p.TestFile    ... finished proof: closed. 
152384     INFO  main            d.u.i.k.p.i.AbstractProblemLoader Loading environment from /home/runner/work/key/key/key.core/../key.ui/examples/standard_key/strings/substring5.key.proof 
152384     DEBUG main            d.u.i.k.p.i.AbstractProblemLoader Environment load took 87.9ns 
152385     INFO  main            d.u.i.k.p.i.AbstractProblemLoader Creating init config 
154792     DEBUG main            d.u.i.k.p.i.AbstractProblemLoader Init config took 2.41s 
154805     INFO  main            d.u.i.k.p.i.AbstractProblemLoader Replaying proof substring5.key.proof 
154832     DEBUG main            d.u.i.k.p.i.IntermediateProofReplayer Proof replay took 22.66ms 
154833     DEBUG main            d.u.i.k.p.r.p.TestFile    ... success: reloaded. 
3782126    INFO  Test worker     d.u.i.k.p.r.p.StatisticsFile Returning from test strings 
3782128    INFO  Test worker     d.u.i.k.p.r.p.StatisticsFile Running test simple_info_flow 
364        INFO  Timeout watchdog d.u.i.k.p.r.p.ForkedTestFileRunner Timeout watcher launched (2000 secs.) 
374        WARN  main            d.u.i.k.s.ProofSettings   The settings in /home/runner/.key/proof-settings.props are *not* read. 
402        INFO  main            d.u.i.k.p.r.p.TestFile    Now processing file /home/runner/work/key/key/key.core/../key.ui/examples/heap/information_flow/UpdateAbstraction_ex7_1_insecure.key 
506        INFO  main            d.u.i.k.p.i.AbstractProblemLoader Loading environment from /home/runner/work/key/key/key.core/../key.ui/examples/heap/information_flow/UpdateAbstraction_ex7_1_insecure.key 
522        DEBUG main            d.u.i.k.p.i.AbstractProblemLoader Environment load took 2.12ms 
743        INFO  main            d.u.i.k.p.i.AbstractProblemLoader Creating init config 
1625       DEBUG main            d.u.i.k.j.TypeConverter   No LDT found for Meta 
1625       DEBUG main            d.u.i.k.j.TypeConverter   No LDT found for Meta 
1627       DEBUG main            d.u.i.k.j.TypeConverter   No LDT found for Meta 
1627       DEBUG main            d.u.i.k.j.TypeConverter   No LDT found for Meta 
2865       DEBUG main            d.u.i.k.j.TypeConverter   No LDT found for JavaBigintExpression 
8034       DEBUG main            d.u.i.k.p.i.AbstractProblemLoader Init config took 7.29s 
8158       INFO  main            d.u.i.k.p.i.AbstractProblemLoader Replaying proof UpdateAbstraction[UpdateAbstraction::ex7_1_insecure()].JML operation contract.0 
8188       DEBUG main            d.u.i.k.p.i.IntermediateProofReplayer Proof replay took 31.2ns 
8863       INFO  main            d.u.i.k.p.r.p.TestFile    ... finished proof: open goal(s) 
8966       INFO  main            d.u.i.k.p.r.p.TestFile    Now processing file /home/runner/work/key/key/key.core/../key.ui/examples/heap/information_flow/UpdateAbstraction_ex7_2_insecure.key 
8968       INFO  main            d.u.i.k.p.i.AbstractProblemLoader Loading environment from /home/runner/work/key/key/key.core/../key.ui/examples/heap/information_flow/UpdateAbstraction_ex7_2_insecure.key 
8969       DEBUG main            d.u.i.k.p.i.AbstractProblemLoader Environment load took 1.43ms 
8972       INFO  main            d.u.i.k.p.i.AbstractProblemLoader Creating init config 
12016      DEBUG main            d.u.i.k.p.i.AbstractProblemLoader Init config took 3.04s 
12106      INFO  main            d.u.i.k.p.i.AbstractProblemLoader Replaying proof UpdateAbstraction[UpdateAbstraction::ex7_2_insecure()].JML operation contract.0 
12111      DEBUG main            d.u.i.k.p.i.IntermediateProofReplayer Proof replay took 6.5ns 
12519      INFO  main            d.u.i.k.p.r.p.TestFile    ... finished proof: open goal(s) 
3794933    INFO  Test worker     d.u.i.k.p.r.p.StatisticsFile Returning from test simple_info_flow 
3794938    INFO  Test worker     d.u.i.k.p.r.p.StatisticsFile Running test modelMethods 
382        INFO  Timeout watchdog d.u.i.k.p.r.p.ForkedTestFileRunner Timeout watcher launched (2000 secs.) 
394        WARN  main            d.u.i.k.s.ProofSettings   The settings in /home/runner/.key/proof-settings.props are *not* read. 
434        INFO  main            d.u.i.k.p.r.p.TestFile    Now processing file /home/runner/work/key/key/key.core/../key.ui/examples/heap/model_methods/Cell_footprint_acc.key 
529        INFO  main            d.u.i.k.p.i.AbstractProblemLoader Loading environment from /home/runner/work/key/key/key.core/../key.ui/examples/heap/model_methods/Cell_footprint_acc.key 
549        DEBUG main            d.u.i.k.p.i.AbstractProblemLoader Environment load took 1.78ms 
759        INFO  main            d.u.i.k.p.i.AbstractProblemLoader Creating init config 
1711       DEBUG main            d.u.i.k.j.TypeConverter   No LDT found for Meta 
1712       DEBUG main            d.u.i.k.j.TypeConverter   No LDT found for Meta 
1715       DEBUG main            d.u.i.k.j.TypeConverter   No LDT found for Meta 
1715       DEBUG main            d.u.i.k.j.TypeConverter   No LDT found for Meta 
3092       DEBUG main            d.u.i.k.j.TypeConverter   No LDT found for JavaBigintExpression 
8447       DEBUG main            d.u.i.k.p.i.AbstractProblemLoader Init config took 7.69s 
8594       INFO  main            d.u.i.k.p.i.AbstractProblemLoader Replaying proof Cell[Cell::footprint()].JML accessible clause.0 
8624       DEBUG main            d.u.i.k.p.i.IntermediateProofReplayer Proof replay took 30.8ns 
9153       INFO  main            d.u.i.k.p.r.p.TestFile    ... finished proof: closed. 
9250       INFO  main            d.u.i.k.p.i.AbstractProblemLoader Loading environment from /home/runner/work/key/key/key.core/../key.ui/examples/heap/model_methods/Cell_footprint_acc.key.proof 
9251       DEBUG main            d.u.i.k.p.i.AbstractProblemLoader Environment load took 138.9ns 
9255       INFO  main            d.u.i.k.p.i.AbstractProblemLoader Creating init config 
12137      DEBUG main            d.u.i.k.p.i.AbstractProblemLoader Init config took 2.88s 
12207      INFO  main            d.u.i.k.p.i.AbstractProblemLoader Replaying proof Cell[Cell::footprint()].JML accessible clause.0 
12252      DEBUG main            d.u.i.k.p.i.IntermediateProofReplayer Proof replay took 40.05ms 
12258      DEBUG main            d.u.i.k.p.r.p.TestFile    ... success: reloaded. 
12260      INFO  main            d.u.i.k.p.r.p.TestFile    Now processing file /home/runner/work/key/key/key.core/../key.ui/examples/heap/model_methods/Cell_footprint.key 
12260      INFO  main            d.u.i.k.p.i.AbstractProblemLoader Loading environment from /home/runner/work/key/key/key.core/../key.ui/examples/heap/model_methods/Cell_footprint.key 
12261      DEBUG main            d.u.i.k.p.i.AbstractProblemLoader Environment load took 183.1ns 
12262      INFO  main            d.u.i.k.p.i.AbstractProblemLoader Creating init config 
14984      DEBUG main            d.u.i.k.p.i.AbstractProblemLoader Init config took 2.72s 
15053      INFO  main            d.u.i.k.p.i.AbstractProblemLoader Replaying proof Cell[Cell::footprint()].JML model_behavior operation contract.0 
15055      DEBUG main            d.u.i.k.p.i.IntermediateProofReplayer Proof replay took 6.5ns 
15157      INFO  main            d.u.i.k.p.r.p.TestFile    ... finished proof: closed. 
15280      INFO  main            d.u.i.k.p.i.AbstractProblemLoader Loading environment from /home/runner/work/key/key/key.core/../key.ui/examples/heap/model_methods/Cell_footprint.key.proof 
15280      DEBUG main            d.u.i.k.p.i.AbstractProblemLoader Environment load took 113.9ns 
15282      INFO  main            d.u.i.k.p.i.AbstractProblemLoader Creating init config 
17948      DEBUG main            d.u.i.k.p.i.AbstractProblemLoader Init config took 2.67s 
18008      INFO  main            d.u.i.k.p.i.AbstractProblemLoader Replaying proof Cell[Cell::footprint()].JML model_behavior operation contract.0 
18016      DEBUG main            d.u.i.k.p.i.IntermediateProofReplayer Proof replay took 6.11ms 
18017      DEBUG main            d.u.i.k.p.r.p.TestFile    ... success: reloaded. 
18019      INFO  main            d.u.i.k.p.r.p.TestFile    Now processing file /home/runner/work/key/key/key.core/../key.ui/examples/heap/model_methods/Cell_get_acc.key 
18019      INFO  main            d.u.i.k.p.i.AbstractProblemLoader Loading environment from /home/runner/work/key/key/key.core/../key.ui/examples/heap/model_methods/Cell_get_acc.key 
18019      DEBUG main            d.u.i.k.p.i.AbstractProblemLoader Environment load took 180.5ns 
18020      INFO  main            d.u.i.k.p.i.AbstractProblemLoader Creating init config 
20650      DEBUG main            d.u.i.k.p.i.AbstractProblemLoader Init config took 2.63s 
20703      INFO  main            d.u.i.k.p.i.AbstractProblemLoader Replaying proof Cell[Cell::get()].JML accessible clause.0 
20705      DEBUG main            d.u.i.k.p.i.IntermediateProofReplayer Proof replay took 5.5ns 
20911      INFO  main            d.u.i.k.p.r.p.TestFile    ... finished proof: closed. 
21045      INFO  main            d.u.i.k.p.i.AbstractProblemLoader Loading environment from /home/runner/work/key/key/key.core/../key.ui/examples/heap/model_methods/Cell_get_acc.key.proof 
21045      DEBUG main            d.u.i.k.p.i.AbstractProblemLoader Environment load took 115.7ns 
21046      INFO  main            d.u.i.k.p.i.AbstractProblemLoader Creating init config 
23572      DEBUG main            d.u.i.k.p.i.AbstractProblemLoader Init config took 2.53s 
23621      INFO  main            d.u.i.k.p.i.AbstractProblemLoader Replaying proof Cell[Cell::get()].JML accessible clause.0 
23655      DEBUG main            d.u.i.k.p.i.IntermediateProofReplayer Proof replay took 30.39ms 
23656      DEBUG main            d.u.i.k.p.r.p.TestFile    ... success: reloaded. 
23657      INFO  main            d.u.i.k.p.r.p.TestFile    Now processing file /home/runner/work/key/key/key.core/../key.ui/examples/heap/model_methods/Cell_get.key 
23657      INFO  main            d.u.i.k.p.i.AbstractProblemLoader Loading environment from /home/runner/work/key/key/key.core/../key.ui/examples/heap/model_methods/Cell_get.key 
23657      DEBUG main            d.u.i.k.p.i.AbstractProblemLoader Environment load took 161.7ns 
23658      INFO  main            d.u.i.k.p.i.AbstractProblemLoader Creating init config 
26233      DEBUG main            d.u.i.k.p.i.AbstractProblemLoader Init config took 2.57s 
26284      INFO  main            d.u.i.k.p.i.AbstractProblemLoader Replaying proof Cell[Cell::get()].JML operation contract.0 
26286      DEBUG main            d.u.i.k.p.i.IntermediateProofReplayer Proof replay took 6ns 
26388      INFO  main            d.u.i.k.p.r.p.TestFile    ... finished proof: closed. 
26526      INFO  main            d.u.i.k.p.i.AbstractProblemLoader Loading environment from /home/runner/work/key/key/key.core/../key.ui/examples/heap/model_methods/Cell_get.key.proof 
26526      DEBUG main            d.u.i.k.p.i.AbstractProblemLoader Environment load took 121.8ns 
26527      INFO  main            d.u.i.k.p.i.AbstractProblemLoader Creating init config 
29023      DEBUG main            d.u.i.k.p.i.AbstractProblemLoader Init config took 2.5s 
29072      INFO  main            d.u.i.k.p.i.AbstractProblemLoader Replaying proof Cell[Cell::get()].JML operation contract.0 
29089      DEBUG main            d.u.i.k.p.i.IntermediateProofReplayer Proof replay took 15.74ms 
29090      DEBUG main            d.u.i.k.p.r.p.TestFile    ... success: reloaded. 
29091      INFO  main            d.u.i.k.p.r.p.TestFile    Now processing file /home/runner/work/key/key/key.core/../key.ui/examples/heap/model_methods/Cell_post_set.key 
29092      INFO  main            d.u.i.k.p.i.AbstractProblemLoader Loading environment from /home/runner/work/key/key/key.core/../key.ui/examples/heap/model_methods/Cell_post_set.key 
29092      DEBUG main            d.u.i.k.p.i.AbstractProblemLoader Environment load took 85.31ns 
29093      INFO  main            d.u.i.k.p.i.AbstractProblemLoader Creating init config 
31679      DEBUG main            d.u.i.k.p.i.AbstractProblemLoader Init config took 2.59s 
31744      INFO  main            d.u.i.k.p.i.AbstractProblemLoader Replaying proof Cell[Cell::post_set(int)].JML model_behavior operation contract.0 
31747      DEBUG main            d.u.i.k.p.i.IntermediateProofReplayer Proof replay took 6.1ns 
31848      INFO  main            d.u.i.k.p.r.p.TestFile    ... finished proof: closed. 
31985      INFO  main            d.u.i.k.p.i.AbstractProblemLoader Loading environment from /home/runner/work/key/key/key.core/../key.ui/examples/heap/model_methods/Cell_post_set.key.proof 
31986      DEBUG main            d.u.i.k.p.i.AbstractProblemLoader Environment load took 123.4ns 
31986      INFO  main            d.u.i.k.p.i.AbstractProblemLoader Creating init config 
34504      DEBUG main            d.u.i.k.p.i.AbstractProblemLoader Init config took 2.52s 
34553      INFO  main            d.u.i.k.p.i.AbstractProblemLoader Replaying proof Cell[Cell::post_set(int)].JML model_behavior operation contract.0 
34560      DEBUG main            d.u.i.k.p.i.IntermediateProofReplayer Proof replay took 4.68ms 
34561      DEBUG main            d.u.i.k.p.r.p.TestFile    ... success: reloaded. 
34562      INFO  main            d.u.i.k.p.r.p.TestFile    Now processing file /home/runner/work/key/key/key.core/../key.ui/examples/heap/model_methods/Cell_set.key 
34562      INFO  main            d.u.i.k.p.i.AbstractProblemLoader Loading environment from /home/runner/work/key/key/key.core/../key.ui/examples/heap/model_methods/Cell_set.key 
34562      DEBUG main            d.u.i.k.p.i.AbstractProblemLoader Environment load took 95.5ns 
34563      INFO  main            d.u.i.k.p.i.AbstractProblemLoader Creating init config 
37146      DEBUG main            d.u.i.k.p.i.AbstractProblemLoader Init config took 2.58s 
37193      INFO  main            d.u.i.k.p.i.AbstractProblemLoader Replaying proof Cell[Cell::set(int)].JML operation contract.0 
37194      DEBUG main            d.u.i.k.p.i.IntermediateProofReplayer Proof replay took 6.1ns 
43343      INFO  main            d.u.i.k.p.r.p.TestFile    ... finished proof: closed. 
43530      INFO  main            d.u.i.k.p.i.AbstractProblemLoader Loading environment from /home/runner/work/key/key/key.core/../key.ui/examples/heap/model_methods/Cell_set.key.proof 
43532      DEBUG main            d.u.i.k.p.i.AbstractProblemLoader Environment load took 2.35ms 
43533      INFO  main            d.u.i.k.p.i.AbstractProblemLoader Creating init config 
46024      DEBUG main            d.u.i.k.p.i.AbstractProblemLoader Init config took 2.49s 
46071      INFO  main            d.u.i.k.p.i.AbstractProblemLoader Replaying proof Cell[Cell::set(int)].JML operation contract.0 
46710      DEBUG main            d.u.i.k.p.i.IntermediateProofReplayer Proof replay took 622.43ms 
46712      DEBUG main            d.u.i.k.p.r.p.TestFile    ... success: reloaded. 
46713      INFO  main            d.u.i.k.p.r.p.TestFile    Now processing file /home/runner/work/key/key/key.core/../key.ui/examples/heap/model_methods/CellTest_callSet.key 
46713      INFO  main            d.u.i.k.p.i.AbstractProblemLoader Loading environment from /home/runner/work/key/key/key.core/../key.ui/examples/heap/model_methods/CellTest_callSet.key 
46713      DEBUG main            d.u.i.k.p.i.AbstractProblemLoader Environment load took 179.71ns 
46714      INFO  main            d.u.i.k.p.i.AbstractProblemLoader Creating init config 
49255      DEBUG main            d.u.i.k.p.i.AbstractProblemLoader Init config took 2.54s 
49320      INFO  main            d.u.i.k.p.i.AbstractProblemLoader Replaying proof CellTest[CellTest::callSet(Cell,int)].JML operation contract.0 
49323      DEBUG main            d.u.i.k.p.i.IntermediateProofReplayer Proof replay took 6.4ns 
49525      INFO  main            d.u.i.k.p.r.p.TestFile    ... finished proof: closed. 
49698      INFO  main            d.u.i.k.p.i.AbstractProblemLoader Loading environment from /home/runner/work/key/key/key.core/../key.ui/examples/heap/model_methods/CellTest_callSet.key.proof 
49698      DEBUG main            d.u.i.k.p.i.AbstractProblemLoader Environment load took 108.3ns 
49699      INFO  main            d.u.i.k.p.i.AbstractProblemLoader Creating init config 
52148      DEBUG main            d.u.i.k.p.i.AbstractProblemLoader Init config took 2.45s 
52198      INFO  main            d.u.i.k.p.i.AbstractProblemLoader Replaying proof CellTest[CellTest::callSet(Cell,int)].JML operation contract.0 
52241      DEBUG main            d.u.i.k.p.i.IntermediateProofReplayer Proof replay took 40.49ms 
52242      DEBUG main            d.u.i.k.p.r.p.TestFile    ... success: reloaded. 
52243      INFO  main            d.u.i.k.p.r.p.TestFile    Now processing file /home/runner/work/key/key/key.core/../key.ui/examples/heap/model_methods/CellTest_test2.key 
52243      INFO  main            d.u.i.k.p.i.AbstractProblemLoader Loading environment from /home/runner/work/key/key/key.core/../key.ui/examples/heap/model_methods/CellTest_test2.key 
52243      DEBUG main            d.u.i.k.p.i.AbstractProblemLoader Environment load took 107.4ns 
52244      INFO  main            d.u.i.k.p.i.AbstractProblemLoader Creating init config 
54767      DEBUG main            d.u.i.k.p.i.AbstractProblemLoader Init config took 2.52s 
54822      INFO  main            d.u.i.k.p.i.AbstractProblemLoader Replaying proof CellTest[CellTest::test2(Cell)].JML operation contract.0 
54826      DEBUG main            d.u.i.k.p.i.IntermediateProofReplayer Proof replay took 7ns 
55129      INFO  main            d.u.i.k.p.r.p.TestFile    ... finished proof: closed. 
55367      INFO  main            d.u.i.k.p.i.AbstractProblemLoader Loading environment from /home/runner/work/key/key/key.core/../key.ui/examples/heap/model_methods/CellTest_test2.key.proof 
55367      DEBUG main            d.u.i.k.p.i.AbstractProblemLoader Environment load took 110.8ns 
55368      INFO  main            d.u.i.k.p.i.AbstractProblemLoader Creating init config 
57882      DEBUG main            d.u.i.k.p.i.AbstractProblemLoader Init config took 2.51s 
57926      INFO  main            d.u.i.k.p.i.AbstractProblemLoader Replaying proof CellTest[CellTest::test2(Cell)].JML operation contract.0 
58001      DEBUG main            d.u.i.k.p.i.IntermediateProofReplayer Proof replay took 72.7ms 
58002      DEBUG main            d.u.i.k.p.r.p.TestFile    ... success: reloaded. 
58003      INFO  main            d.u.i.k.p.r.p.TestFile    Now processing file /home/runner/work/key/key/key.core/../key.ui/examples/heap/model_methods/CellTest_test.key 
58003      INFO  main            d.u.i.k.p.i.AbstractProblemLoader Loading environment from /home/runner/work/key/key/key.core/../key.ui/examples/heap/model_methods/CellTest_test.key 
58004      DEBUG main            d.u.i.k.p.i.AbstractProblemLoader Environment load took 177.81ns 
58005      INFO  main            d.u.i.k.p.i.AbstractProblemLoader Creating init config 
60487      DEBUG main            d.u.i.k.p.i.AbstractProblemLoader Init config took 2.48s 
60529      INFO  main            d.u.i.k.p.i.AbstractProblemLoader Replaying proof CellTest[CellTest::test(Recell)].JML operation contract.0 
60530      DEBUG main            d.u.i.k.p.i.IntermediateProofReplayer Proof replay took 6.5ns 
62640      INFO  main            d.u.i.k.p.r.p.TestFile    ... finished proof: closed. 
62863      INFO  main            d.u.i.k.p.i.AbstractProblemLoader Loading environment from /home/runner/work/key/key/key.core/../key.ui/examples/heap/model_methods/CellTest_test.key.proof 
62863      DEBUG main            d.u.i.k.p.i.AbstractProblemLoader Environment load took 115.7ns 
62864      INFO  main            d.u.i.k.p.i.AbstractProblemLoader Creating init config 
65324      DEBUG main            d.u.i.k.p.i.AbstractProblemLoader Init config took 2.46s 
65366      INFO  main            d.u.i.k.p.i.AbstractProblemLoader Replaying proof CellTest[CellTest::test(Recell)].JML operation contract.0 
65876      DEBUG main            d.u.i.k.p.i.IntermediateProofReplayer Proof replay took 490.53ms 
65877      DEBUG main            d.u.i.k.p.r.p.TestFile    ... success: reloaded. 
65878      INFO  main            d.u.i.k.p.r.p.TestFile    Now processing file /home/runner/work/key/key/key.core/../key.ui/examples/heap/model_methods/Coll1_add.key 
65879      INFO  main            d.u.i.k.p.i.AbstractProblemLoader Loading environment from /home/runner/work/key/key/key.core/../key.ui/examples/heap/model_methods/Coll1_add.key 
65879      DEBUG main            d.u.i.k.p.i.AbstractProblemLoader Environment load took 157.7ns 
65880      INFO  main            d.u.i.k.p.i.AbstractProblemLoader Creating init config 
68405      DEBUG main            d.u.i.k.p.i.AbstractProblemLoader Init config took 2.53s 
68446      INFO  main            d.u.i.k.p.i.AbstractProblemLoader Replaying proof Coll1[Coll::add(int)].JML operation contract.0 
68448      DEBUG main            d.u.i.k.p.i.IntermediateProofReplayer Proof replay took 6.1ns 
68549      INFO  main            d.u.i.k.p.r.p.TestFile    ... finished proof: closed. 
68728      INFO  main            d.u.i.k.p.i.AbstractProblemLoader Loading environment from /home/runner/work/key/key/key.core/../key.ui/examples/heap/model_methods/Coll1_add.key.proof 
68728      DEBUG main            d.u.i.k.p.i.AbstractProblemLoader Environment load took 106.9ns 
68735      INFO  main            d.u.i.k.p.i.AbstractProblemLoader Creating init config 
71178      DEBUG main            d.u.i.k.p.i.AbstractProblemLoader Init config took 2.44s 
71219      INFO  main            d.u.i.k.p.i.AbstractProblemLoader Replaying proof Coll1[Coll::add(int)].JML operation contract.0 
71227      DEBUG main            d.u.i.k.p.i.IntermediateProofReplayer Proof replay took 6.46ms 
71228      DEBUG main            d.u.i.k.p.r.p.TestFile    ... success: reloaded. 
71229      INFO  main            d.u.i.k.p.r.p.TestFile    Now processing file /home/runner/work/key/key/key.core/../key.ui/examples/heap/model_methods/Coll1_Coll1_add_pre.key 
71229      INFO  main            d.u.i.k.p.i.AbstractProblemLoader Loading environment from /home/runner/work/key/key/key.core/../key.ui/examples/heap/model_methods/Coll1_Coll1_add_pre.key 
71229      DEBUG main            d.u.i.k.p.i.AbstractProblemLoader Environment load took 113.8ns 
71230      INFO  main            d.u.i.k.p.i.AbstractProblemLoader Creating init config 
73743      DEBUG main            d.u.i.k.p.i.AbstractProblemLoader Init config took 2.51s 
73784      INFO  main            d.u.i.k.p.i.AbstractProblemLoader Replaying proof Coll1[Coll1::add_pre(int)].JML model_behavior operation contract.0 
73785      DEBUG main            d.u.i.k.p.i.IntermediateProofReplayer Proof replay took 6.1ns 
73887      INFO  main            d.u.i.k.p.r.p.TestFile    ... finished proof: closed. 
74060      INFO  main            d.u.i.k.p.i.AbstractProblemLoader Loading environment from /home/runner/work/key/key/key.core/../key.ui/examples/heap/model_methods/Coll1_Coll1_add_pre.key.proof 
74060      DEBUG main            d.u.i.k.p.i.AbstractProblemLoader Environment load took 104.3ns 
74061      INFO  main            d.u.i.k.p.i.AbstractProblemLoader Creating init config 
76535      DEBUG main            d.u.i.k.p.i.AbstractProblemLoader Init config took 2.47s 
76579      INFO  main            d.u.i.k.p.i.AbstractProblemLoader Replaying proof Coll1[Coll1::add_pre(int)].JML model_behavior operation contract.0 
76582      DEBUG main            d.u.i.k.p.i.IntermediateProofReplayer Proof replay took 1.37ms 
76583      DEBUG main            d.u.i.k.p.r.p.TestFile    ... success: reloaded. 
76584      INFO  main            d.u.i.k.p.r.p.TestFile    Now processing file /home/runner/work/key/key/key.core/../key.ui/examples/heap/model_methods/Coll1_Coll_add_pre.key 
76584      INFO  main            d.u.i.k.p.i.AbstractProblemLoader Loading environment from /home/runner/work/key/key/key.core/../key.ui/examples/heap/model_methods/Coll1_Coll_add_pre.key 
76584      DEBUG main            d.u.i.k.p.i.AbstractProblemLoader Environment load took 72.5ns 
76585      INFO  main            d.u.i.k.p.i.AbstractProblemLoader Creating init config 
79082      DEBUG main            d.u.i.k.p.i.AbstractProblemLoader Init config took 2.5s 
79121      INFO  main            d.u.i.k.p.i.AbstractProblemLoader Replaying proof Coll1[Coll::add_pre(int)].JML model_behavior operation contract.0 
79123      DEBUG main            d.u.i.k.p.i.IntermediateProofReplayer Proof replay took 5.9ns 
79225      INFO  main            d.u.i.k.p.r.p.TestFile    ... finished proof: closed. 
79410      INFO  main            d.u.i.k.p.i.AbstractProblemLoader Loading environment from /home/runner/work/key/key/key.core/../key.ui/examples/heap/model_methods/Coll1_Coll_add_pre.key.proof 
79410      DEBUG main            d.u.i.k.p.i.AbstractProblemLoader Environment load took 113ns 
79411      INFO  main            d.u.i.k.p.i.AbstractProblemLoader Creating init config 
81833      DEBUG main            d.u.i.k.p.i.AbstractProblemLoader Init config took 2.42s 
81874      INFO  main            d.u.i.k.p.i.AbstractProblemLoader Replaying proof Coll1[Coll::add_pre(int)].JML model_behavior operation contract.0 
81878      DEBUG main            d.u.i.k.p.i.IntermediateProofReplayer Proof replay took 2.46ms 
81879      DEBUG main            d.u.i.k.p.r.p.TestFile    ... success: reloaded. 
81881      INFO  main            d.u.i.k.p.r.p.TestFile    Now processing file /home/runner/work/key/key/key.core/../key.ui/examples/heap/model_methods/Coll2_add.key 
81882      INFO  main            d.u.i.k.p.i.AbstractProblemLoader Loading environment from /home/runner/work/key/key/key.core/../key.ui/examples/heap/model_methods/Coll2_add.key 
81882      DEBUG main            d.u.i.k.p.i.AbstractProblemLoader Environment load took 155.1ns 
81883      INFO  main            d.u.i.k.p.i.AbstractProblemLoader Creating init config 
84395      DEBUG main            d.u.i.k.p.i.AbstractProblemLoader Init config took 2.51s 
84443      INFO  main            d.u.i.k.p.i.AbstractProblemLoader Replaying proof Coll2[Coll::add(int)].JML operation contract.0 
84444      DEBUG main            d.u.i.k.p.i.IntermediateProofReplayer Proof replay took 6ns 
84546      INFO  main            d.u.i.k.p.r.p.TestFile    ... finished proof: closed. 
84781      INFO  main            d.u.i.k.p.i.AbstractProblemLoader Loading environment from /home/runner/work/key/key/key.core/../key.ui/examples/heap/model_methods/Coll2_add.key.proof 
84782      DEBUG main            d.u.i.k.p.i.AbstractProblemLoader Environment load took 106.7ns 
84782      INFO  main            d.u.i.k.p.i.AbstractProblemLoader Creating init config 
87207      DEBUG main            d.u.i.k.p.i.AbstractProblemLoader Init config took 2.42s 
87245      INFO  main            d.u.i.k.p.i.AbstractProblemLoader Replaying proof Coll2[Coll::add(int)].JML operation contract.0 
87253      DEBUG main            d.u.i.k.p.i.IntermediateProofReplayer Proof replay took 6.16ms 
87254      DEBUG main            d.u.i.k.p.r.p.TestFile    ... success: reloaded. 
87255      INFO  main            d.u.i.k.p.r.p.TestFile    Now processing file /home/runner/work/key/key/key.core/../key.ui/examples/heap/model_methods/Coll2_Coll2_add_pre.key 
87255      INFO  main            d.u.i.k.p.i.AbstractProblemLoader Loading environment from /home/runner/work/key/key/key.core/../key.ui/examples/heap/model_methods/Coll2_Coll2_add_pre.key 
87255      DEBUG main            d.u.i.k.p.i.AbstractProblemLoader Environment load took 156.7ns 
87256      INFO  main            d.u.i.k.p.i.AbstractProblemLoader Creating init config 
89741      DEBUG main            d.u.i.k.p.i.AbstractProblemLoader Init config took 2.49s 
89779      INFO  main            d.u.i.k.p.i.AbstractProblemLoader Replaying proof Coll2[Coll2::add_pre(int)].JML model_behavior operation contract.0 
89780      DEBUG main            d.u.i.k.p.i.IntermediateProofReplayer Proof replay took 6.4ns 
89882      INFO  main            d.u.i.k.p.r.p.TestFile    ... finished proof: closed. 
90079      INFO  main            d.u.i.k.p.i.AbstractProblemLoader Loading environment from /home/runner/work/key/key/key.core/../key.ui/examples/heap/model_methods/Coll2_Coll2_add_pre.key.proof 
90079      DEBUG main            d.u.i.k.p.i.AbstractProblemLoader Environment load took 103.3ns 
90080      INFO  main            d.u.i.k.p.i.AbstractProblemLoader Creating init config 
92530      DEBUG main            d.u.i.k.p.i.AbstractProblemLoader Init config took 2.45s 
92568      INFO  main            d.u.i.k.p.i.AbstractProblemLoader Replaying proof Coll2[Coll2::add_pre(int)].JML model_behavior operation contract.0 
92571      DEBUG main            d.u.i.k.p.i.IntermediateProofReplayer Proof replay took 1.34ms 
92572      DEBUG main            d.u.i.k.p.r.p.TestFile    ... success: reloaded. 
92573      INFO  main            d.u.i.k.p.r.p.TestFile    Now processing file /home/runner/work/key/key/key.core/../key.ui/examples/heap/model_methods/Coll2_Coll_add_pre.key 
92573      INFO  main            d.u.i.k.p.i.AbstractProblemLoader Loading environment from /home/runner/work/key/key/key.core/../key.ui/examples/heap/model_methods/Coll2_Coll_add_pre.key 
92574      DEBUG main            d.u.i.k.p.i.AbstractProblemLoader Environment load took 162ns 
92575      INFO  main            d.u.i.k.p.i.AbstractProblemLoader Creating init config 
95003      DEBUG main            d.u.i.k.p.i.AbstractProblemLoader Init config took 2.43s 
95057      INFO  main            d.u.i.k.p.i.AbstractProblemLoader Replaying proof Coll2[Coll::add_pre(int)].JML model_behavior operation contract.0 
95059      DEBUG main            d.u.i.k.p.i.IntermediateProofReplayer Proof replay took 6ns 
95161      INFO  main            d.u.i.k.p.r.p.TestFile    ... finished proof: closed. 
95361      INFO  main            d.u.i.k.p.i.AbstractProblemLoader Loading environment from /home/runner/work/key/key/key.core/../key.ui/examples/heap/model_methods/Coll2_Coll_add_pre.key.proof 
95362      DEBUG main            d.u.i.k.p.i.AbstractProblemLoader Environment load took 103.3ns 
95362      INFO  main            d.u.i.k.p.i.AbstractProblemLoader Creating init config 
97764      DEBUG main            d.u.i.k.p.i.AbstractProblemLoader Init config took 2.4s 
97803      INFO  main            d.u.i.k.p.i.AbstractProblemLoader Replaying proof Coll2[Coll::add_pre(int)].JML model_behavior operation contract.0 
97806      DEBUG main            d.u.i.k.p.i.IntermediateProofReplayer Proof replay took 1.93ms 
97807      DEBUG main            d.u.i.k.p.r.p.TestFile    ... success: reloaded. 
97808      INFO  main            d.u.i.k.p.r.p.TestFile    Now processing file /home/runner/work/key/key/key.core/../key.ui/examples/heap/model_methods/Coll_add.key 
97808      INFO  main            d.u.i.k.p.i.AbstractProblemLoader Loading environment from /home/runner/work/key/key/key.core/../key.ui/examples/heap/model_methods/Coll_add.key 
97808      DEBUG main            d.u.i.k.p.i.AbstractProblemLoader Environment load took 98.4ns 
97809      INFO  main            d.u.i.k.p.i.AbstractProblemLoader Creating init config 
100293     DEBUG main            d.u.i.k.p.i.AbstractProblemLoader Init config took 2.48s 
100339     INFO  main            d.u.i.k.p.i.AbstractProblemLoader Replaying proof Coll[Coll::add(int)].JML operation contract.0 
100340     DEBUG main            d.u.i.k.p.i.IntermediateProofReplayer Proof replay took 6.5ns 
100442     INFO  main            d.u.i.k.p.r.p.TestFile    ... finished proof: closed. 
100647     INFO  main            d.u.i.k.p.i.AbstractProblemLoader Loading environment from /home/runner/work/key/key/key.core/../key.ui/examples/heap/model_methods/Coll_add.key.proof 
100647     DEBUG main            d.u.i.k.p.i.AbstractProblemLoader Environment load took 116.8ns 
100648     INFO  main            d.u.i.k.p.i.AbstractProblemLoader Creating init config 
103054     DEBUG main            d.u.i.k.p.i.AbstractProblemLoader Init config took 2.41s 
103106     INFO  main            d.u.i.k.p.i.AbstractProblemLoader Replaying proof Coll[Coll::add(int)].JML operation contract.0 
103114     DEBUG main            d.u.i.k.p.i.IntermediateProofReplayer Proof replay took 4.64ms 
103115     DEBUG main            d.u.i.k.p.r.p.TestFile    ... success: reloaded. 
103116     INFO  main            d.u.i.k.p.r.p.TestFile    Now processing file /home/runner/work/key/key/key.core/../key.ui/examples/heap/model_methods/Coll_add_pre.key 
103117     INFO  main            d.u.i.k.p.i.AbstractProblemLoader Loading environment from /home/runner/work/key/key/key.core/../key.ui/examples/heap/model_methods/Coll_add_pre.key 
103117     DEBUG main            d.u.i.k.p.i.AbstractProblemLoader Environment load took 89.8ns 
103118     INFO  main            d.u.i.k.p.i.AbstractProblemLoader Creating init config 
105607     DEBUG main            d.u.i.k.p.i.AbstractProblemLoader Init config took 2.49s 
105646     INFO  main            d.u.i.k.p.i.AbstractProblemLoader Replaying proof Coll[Coll::add_pre(int)].JML model_behavior operation contract.0 
105647     DEBUG main            d.u.i.k.p.i.IntermediateProofReplayer Proof replay took 6.2ns 
105749     INFO  main            d.u.i.k.p.r.p.TestFile    ... finished proof: closed. 
105974     INFO  main            d.u.i.k.p.i.AbstractProblemLoader Loading environment from /home/runner/work/key/key/key.core/../key.ui/examples/heap/model_methods/Coll_add_pre.key.proof 
105974     DEBUG main            d.u.i.k.p.i.AbstractProblemLoader Environment load took 135ns 
105975     INFO  main            d.u.i.k.p.i.AbstractProblemLoader Creating init config 
108424     DEBUG main            d.u.i.k.p.i.AbstractProblemLoader Init config took 2.45s 
108462     INFO  main            d.u.i.k.p.i.AbstractProblemLoader Replaying proof Coll[Coll::add_pre(int)].JML model_behavior operation contract.0 
108466     DEBUG main            d.u.i.k.p.i.IntermediateProofReplayer Proof replay took 2.26ms 
108466     DEBUG main            d.u.i.k.p.r.p.TestFile    ... success: reloaded. 
108467     INFO  main            d.u.i.k.p.r.p.TestFile    Now processing file /home/runner/work/key/key/key.core/../key.ui/examples/heap/model_methods/Indirect_callAdd.key 
108468     INFO  main            d.u.i.k.p.i.AbstractProblemLoader Loading environment from /home/runner/work/key/key/key.core/../key.ui/examples/heap/model_methods/Indirect_callAdd.key 
108468     DEBUG main            d.u.i.k.p.i.AbstractProblemLoader Environment load took 72.4ns 
108468     INFO  main            d.u.i.k.p.i.AbstractProblemLoader Creating init config 
110904     DEBUG main            d.u.i.k.p.i.AbstractProblemLoader Init config took 2.44s 
110942     INFO  main            d.u.i.k.p.i.AbstractProblemLoader Replaying proof Indirect[Indirect::callAdd(Coll,int)].JML operation contract.0 
110943     DEBUG main            d.u.i.k.p.i.IntermediateProofReplayer Proof replay took 5.9ns 
111046     INFO  main            d.u.i.k.p.r.p.TestFile    ... finished proof: closed. 
111272     INFO  main            d.u.i.k.p.i.AbstractProblemLoader Loading environment from /home/runner/work/key/key/key.core/../key.ui/examples/heap/model_methods/Indirect_callAdd.key.proof 
111272     DEBUG main            d.u.i.k.p.i.AbstractProblemLoader Environment load took 99.3ns 
111273     INFO  main            d.u.i.k.p.i.AbstractProblemLoader Creating init config 
113659     DEBUG main            d.u.i.k.p.i.AbstractProblemLoader Init config took 2.39s 
113697     INFO  main            d.u.i.k.p.i.AbstractProblemLoader Replaying proof Indirect[Indirect::callAdd(Coll,int)].JML operation contract.0 
113722     DEBUG main            d.u.i.k.p.i.IntermediateProofReplayer Proof replay took 23.52ms 
113723     DEBUG main            d.u.i.k.p.r.p.TestFile    ... success: reloaded. 
113724     INFO  main            d.u.i.k.p.r.p.TestFile    Now processing file /home/runner/work/key/key/key.core/../key.ui/examples/heap/model_methods/Indirect_test.key 
113724     INFO  main            d.u.i.k.p.i.AbstractProblemLoader Loading environment from /home/runner/work/key/key/key.core/../key.ui/examples/heap/model_methods/Indirect_test.key 
113724     DEBUG main            d.u.i.k.p.i.AbstractProblemLoader Environment load took 76.2ns 
113725     INFO  main            d.u.i.k.p.i.AbstractProblemLoader Creating init config 
116186     DEBUG main            d.u.i.k.p.i.AbstractProblemLoader Init config took 2.46s 
116223     INFO  main            d.u.i.k.p.i.AbstractProblemLoader Replaying proof Indirect[Indirect::test(Coll1,Coll2)].JML operation contract.0 
116225     DEBUG main            d.u.i.k.p.i.IntermediateProofReplayer Proof replay took 6.4ns 
116430     INFO  main            d.u.i.k.p.r.p.TestFile    ... finished proof: closed. 
116642     INFO  main            d.u.i.k.p.i.AbstractProblemLoader Loading environment from /home/runner/work/key/key/key.core/../key.ui/examples/heap/model_methods/Indirect_test.key.proof 
116642     DEBUG main            d.u.i.k.p.i.AbstractProblemLoader Environment load took 97ns 
116643     INFO  main            d.u.i.k.p.i.AbstractProblemLoader Creating init config 
119030     DEBUG main            d.u.i.k.p.i.AbstractProblemLoader Init config took 2.39s 
119069     INFO  main            d.u.i.k.p.i.AbstractProblemLoader Replaying proof Indirect[Indirect::test(Coll1,Coll2)].JML operation contract.0 
119133     DEBUG main            d.u.i.k.p.i.IntermediateProofReplayer Proof replay took 61.95ms 
119134     DEBUG main            d.u.i.k.p.r.p.TestFile    ... success: reloaded. 
119135     INFO  main            d.u.i.k.p.r.p.TestFile    Now processing file /home/runner/work/key/key/key.core/../key.ui/examples/heap/model_methods/Recell_Cell_footprint.key 
119136     INFO  main            d.u.i.k.p.i.AbstractProblemLoader Loading environment from /home/runner/work/key/key/key.core/../key.ui/examples/heap/model_methods/Recell_Cell_footprint.key 
119136     DEBUG main            d.u.i.k.p.i.AbstractProblemLoader Environment load took 142.41ns 
119137     INFO  main            d.u.i.k.p.i.AbstractProblemLoader Creating init config 
121590     DEBUG main            d.u.i.k.p.i.AbstractProblemLoader Init config took 2.45s 
121627     INFO  main            d.u.i.k.p.i.AbstractProblemLoader Replaying proof Recell[Cell::footprint()].JML model_behavior operation contract.0 
121628     DEBUG main            d.u.i.k.p.i.IntermediateProofReplayer Proof replay took 6.3ns 
121730     INFO  main            d.u.i.k.p.r.p.TestFile    ... finished proof: closed. 
121955     INFO  main            d.u.i.k.p.i.AbstractProblemLoader Loading environment from /home/runner/work/key/key/key.core/../key.ui/examples/heap/model_methods/Recell_Cell_footprint.key.proof 
121955     DEBUG main            d.u.i.k.p.i.AbstractProblemLoader Environment load took 97.2ns 
121956     INFO  main            d.u.i.k.p.i.AbstractProblemLoader Creating init config 
124340     DEBUG main            d.u.i.k.p.i.AbstractProblemLoader Init config took 2.38s 
124377     INFO  main            d.u.i.k.p.i.AbstractProblemLoader Replaying proof Recell[Cell::footprint()].JML model_behavior operation contract.0 
124381     DEBUG main            d.u.i.k.p.i.IntermediateProofReplayer Proof replay took 2.62ms 
124381     DEBUG main            d.u.i.k.p.r.p.TestFile    ... success: reloaded. 
124382     INFO  main            d.u.i.k.p.r.p.TestFile    Now processing file /home/runner/work/key/key/key.core/../key.ui/examples/heap/model_methods/Recell_Cell_post_set.key 
124382     INFO  main            d.u.i.k.p.i.AbstractProblemLoader Loading environment from /home/runner/work/key/key/key.core/../key.ui/examples/heap/model_methods/Recell_Cell_post_set.key 
124382     DEBUG main            d.u.i.k.p.i.AbstractProblemLoader Environment load took 52.3ns 
124383     INFO  main            d.u.i.k.p.i.AbstractProblemLoader Creating init config 
126827     DEBUG main            d.u.i.k.p.i.AbstractProblemLoader Init config took 2.44s 
126864     INFO  main            d.u.i.k.p.i.AbstractProblemLoader Replaying proof Recell[Cell::post_set(int)].JML model_behavior operation contract.0 
126865     DEBUG main            d.u.i.k.p.i.IntermediateProofReplayer Proof replay took 6.7ns 
126967     INFO  main            d.u.i.k.p.r.p.TestFile    ... finished proof: closed. 
127196     INFO  main            d.u.i.k.p.i.AbstractProblemLoader Loading environment from /home/runner/work/key/key/key.core/../key.ui/examples/heap/model_methods/Recell_Cell_post_set.key.proof 
127197     DEBUG main            d.u.i.k.p.i.AbstractProblemLoader Environment load took 97.5ns 
127197     INFO  main            d.u.i.k.p.i.AbstractProblemLoader Creating init config 
129588     DEBUG main            d.u.i.k.p.i.AbstractProblemLoader Init config took 2.39s 
129625     INFO  main            d.u.i.k.p.i.AbstractProblemLoader Replaying proof Recell[Cell::post_set(int)].JML model_behavior operation contract.0 
129630     DEBUG main            d.u.i.k.p.i.IntermediateProofReplayer Proof replay took 3.69ms 
129630     DEBUG main            d.u.i.k.p.r.p.TestFile    ... success: reloaded. 
129631     INFO  main            d.u.i.k.p.r.p.TestFile    Now processing file /home/runner/work/key/key/key.core/../key.ui/examples/heap/model_methods/Recell_footprint_acc.key 
129631     INFO  main            d.u.i.k.p.i.AbstractProblemLoader Loading environment from /home/runner/work/key/key/key.core/../key.ui/examples/heap/model_methods/Recell_footprint_acc.key 
129632     DEBUG main            d.u.i.k.p.i.AbstractProblemLoader Environment load took 75.2ns 
129632     INFO  main            d.u.i.k.p.i.AbstractProblemLoader Creating init config 
132064     DEBUG main            d.u.i.k.p.i.AbstractProblemLoader Init config took 2.43s 
132101     INFO  main            d.u.i.k.p.i.AbstractProblemLoader Replaying proof Recell[Cell::footprint()].JML accessible clause.0 
132102     DEBUG main            d.u.i.k.p.i.IntermediateProofReplayer Proof replay took 14.6ns 
132204     INFO  main            d.u.i.k.p.r.p.TestFile    ... finished proof: closed. 
132458     INFO  main            d.u.i.k.p.i.AbstractProblemLoader Loading environment from /home/runner/work/key/key/key.core/../key.ui/examples/heap/model_methods/Recell_footprint_acc.key.proof 
132458     DEBUG main            d.u.i.k.p.i.AbstractProblemLoader Environment load took 98.2ns 
132459     INFO  main            d.u.i.k.p.i.AbstractProblemLoader Creating init config 
134860     DEBUG main            d.u.i.k.p.i.AbstractProblemLoader Init config took 2.4s 
134897     INFO  main            d.u.i.k.p.i.AbstractProblemLoader Replaying proof Recell[Cell::footprint()].JML accessible clause.0 
134916     DEBUG main            d.u.i.k.p.i.IntermediateProofReplayer Proof replay took 16.44ms 
134916     DEBUG main            d.u.i.k.p.r.p.TestFile    ... success: reloaded. 
134917     INFO  main            d.u.i.k.p.r.p.TestFile    Now processing file /home/runner/work/key/key/key.core/../key.ui/examples/heap/model_methods/Recell_get_acc.key 
134917     INFO  main            d.u.i.k.p.i.AbstractProblemLoader Loading environment from /home/runner/work/key/key/key.core/../key.ui/examples/heap/model_methods/Recell_get_acc.key 
134917     DEBUG main            d.u.i.k.p.i.AbstractProblemLoader Environment load took 72.6ns 
134918     INFO  main            d.u.i.k.p.i.AbstractProblemLoader Creating init config 
137364     DEBUG main            d.u.i.k.p.i.AbstractProblemLoader Init config took 2.45s 
137400     INFO  main            d.u.i.k.p.i.AbstractProblemLoader Replaying proof Recell[Cell::get()].JML accessible clause.0 
137402     DEBUG main            d.u.i.k.p.i.IntermediateProofReplayer Proof replay took 6.3ns 
137503     INFO  main            d.u.i.k.p.r.p.TestFile    ... finished proof: closed. 
137753     INFO  main            d.u.i.k.p.i.AbstractProblemLoader Loading environment from /home/runner/work/key/key/key.core/../key.ui/examples/heap/model_methods/Recell_get_acc.key.proof 
137753     DEBUG main            d.u.i.k.p.i.AbstractProblemLoader Environment load took 97.1ns 
137754     INFO  main            d.u.i.k.p.i.AbstractProblemLoader Creating init config 
140139     DEBUG main            d.u.i.k.p.i.AbstractProblemLoader Init config took 2.38s 
140176     INFO  main            d.u.i.k.p.i.AbstractProblemLoader Replaying proof Recell[Cell::get()].JML accessible clause.0 
140193     DEBUG main            d.u.i.k.p.i.IntermediateProofReplayer Proof replay took 15.77ms 
140194     DEBUG main            d.u.i.k.p.r.p.TestFile    ... success: reloaded. 
140195     INFO  main            d.u.i.k.p.r.p.TestFile    Now processing file /home/runner/work/key/key/key.core/../key.ui/examples/heap/model_methods/Recell_get.key 
140195     INFO  main            d.u.i.k.p.i.AbstractProblemLoader Loading environment from /home/runner/work/key/key/key.core/../key.ui/examples/heap/model_methods/Recell_get.key 
140195     DEBUG main            d.u.i.k.p.i.AbstractProblemLoader Environment load took 70.5ns 
140196     INFO  main            d.u.i.k.p.i.AbstractProblemLoader Creating init config 
142633     DEBUG main            d.u.i.k.p.i.AbstractProblemLoader Init config took 2.44s 
142671     INFO  main            d.u.i.k.p.i.AbstractProblemLoader Replaying proof Recell[Cell::get()].JML operation contract.0 
142673     DEBUG main            d.u.i.k.p.i.IntermediateProofReplayer Proof replay took 7.5ns 
142777     INFO  main            d.u.i.k.p.r.p.TestFile    ... finished proof: closed. 
143027     INFO  main            d.u.i.k.p.i.AbstractProblemLoader Loading environment from /home/runner/work/key/key/key.core/../key.ui/examples/heap/model_methods/Recell_get.key.proof 
143028     DEBUG main            d.u.i.k.p.i.AbstractProblemLoader Environment load took 95ns 
143028     INFO  main            d.u.i.k.p.i.AbstractProblemLoader Creating init config 
145399     DEBUG main            d.u.i.k.p.i.AbstractProblemLoader Init config took 2.37s 
145436     INFO  main            d.u.i.k.p.i.AbstractProblemLoader Replaying proof Recell[Cell::get()].JML operation contract.0 
145445     DEBUG main            d.u.i.k.p.i.IntermediateProofReplayer Proof replay took 7.86ms 
145446     DEBUG main            d.u.i.k.p.r.p.TestFile    ... success: reloaded. 
145447     INFO  main            d.u.i.k.p.r.p.TestFile    Now processing file /home/runner/work/key/key/key.core/../key.ui/examples/heap/model_methods/Recell_Recell_footprint.key 
145447     INFO  main            d.u.i.k.p.i.AbstractProblemLoader Loading environment from /home/runner/work/key/key/key.core/../key.ui/examples/heap/model_methods/Recell_Recell_footprint.key 
145447     DEBUG main            d.u.i.k.p.i.AbstractProblemLoader Environment load took 70.2ns 
145448     INFO  main            d.u.i.k.p.i.AbstractProblemLoader Creating init config 
147951     DEBUG main            d.u.i.k.p.i.AbstractProblemLoader Init config took 2.5s 
147987     INFO  main            d.u.i.k.p.i.AbstractProblemLoader Replaying proof Recell[Recell::footprint()].JML model_behavior operation contract.0 
147989     DEBUG main            d.u.i.k.p.i.IntermediateProofReplayer Proof replay took 6.4ns 
148093     INFO  main            d.u.i.k.p.r.p.TestFile    ... finished proof: closed. 
148383     INFO  main            d.u.i.k.p.i.AbstractProblemLoader Loading environment from /home/runner/work/key/key/key.core/../key.ui/examples/heap/model_methods/Recell_Recell_footprint.key.proof 
148383     DEBUG main            d.u.i.k.p.i.AbstractProblemLoader Environment load took 95.4ns 
148384     INFO  main            d.u.i.k.p.i.AbstractProblemLoader Creating init config 
150762     DEBUG main            d.u.i.k.p.i.AbstractProblemLoader Init config took 2.38s 
150799     INFO  main            d.u.i.k.p.i.AbstractProblemLoader Replaying proof Recell[Recell::footprint()].JML model_behavior operation contract.0 
150801     DEBUG main            d.u.i.k.p.i.IntermediateProofReplayer Proof replay took 1.27ms 
150802     DEBUG main            d.u.i.k.p.r.p.TestFile    ... success: reloaded. 
150803     INFO  main            d.u.i.k.p.r.p.TestFile    Now processing file /home/runner/work/key/key/key.core/../key.ui/examples/heap/model_methods/Recell_Recell_post_set.key 
150804     INFO  main            d.u.i.k.p.i.AbstractProblemLoader Loading environment from /home/runner/work/key/key/key.core/../key.ui/examples/heap/model_methods/Recell_Recell_post_set.key 
150804     DEBUG main            d.u.i.k.p.i.AbstractProblemLoader Environment load took 254.41ns 
150805     INFO  main            d.u.i.k.p.i.AbstractProblemLoader Creating init config 
153244     DEBUG main            d.u.i.k.p.i.AbstractProblemLoader Init config took 2.44s 
153281     INFO  main            d.u.i.k.p.i.AbstractProblemLoader Replaying proof Recell[Recell::post_set(int)].JML model_behavior operation contract.0 
153282     DEBUG main            d.u.i.k.p.i.IntermediateProofReplayer Proof replay took 7.1ns 
153385     INFO  main            d.u.i.k.p.r.p.TestFile    ... finished proof: closed. 
153637     INFO  main            d.u.i.k.p.i.AbstractProblemLoader Loading environment from /home/runner/work/key/key/key.core/../key.ui/examples/heap/model_methods/Recell_Recell_post_set.key.proof 
153637     DEBUG main            d.u.i.k.p.i.AbstractProblemLoader Environment load took 84.4ns 
153638     INFO  main            d.u.i.k.p.i.AbstractProblemLoader Creating init config 
156018     DEBUG main            d.u.i.k.p.i.AbstractProblemLoader Init config took 2.38s 
156054     INFO  main            d.u.i.k.p.i.AbstractProblemLoader Replaying proof Recell[Recell::post_set(int)].JML model_behavior operation contract.0 
156058     DEBUG main            d.u.i.k.p.i.IntermediateProofReplayer Proof replay took 2.17ms 
156059     DEBUG main            d.u.i.k.p.r.p.TestFile    ... success: reloaded. 
156059     INFO  main            d.u.i.k.p.r.p.TestFile    Now processing file /home/runner/work/key/key/key.core/../key.ui/examples/heap/model_methods/Recell_set.key 
156060     INFO  main            d.u.i.k.p.i.AbstractProblemLoader Loading environment from /home/runner/work/key/key/key.core/../key.ui/examples/heap/model_methods/Recell_set.key 
156060     DEBUG main            d.u.i.k.p.i.AbstractProblemLoader Environment load took 59.9ns 
156060     INFO  main            d.u.i.k.p.i.AbstractProblemLoader Creating init config 
158494     DEBUG main            d.u.i.k.p.i.AbstractProblemLoader Init config took 2.43s 
158530     INFO  main            d.u.i.k.p.i.AbstractProblemLoader Replaying proof Recell[Cell::set(int)].JML operation contract.0 
158532     DEBUG main            d.u.i.k.p.i.IntermediateProofReplayer Proof replay took 6.9ns 
164264     INFO  main            d.u.i.k.p.r.p.TestFile    ... finished proof: closed. 
164545     INFO  main            d.u.i.k.p.i.AbstractProblemLoader Loading environment from /home/runner/work/key/key/key.core/../key.ui/examples/heap/model_methods/Recell_set.key.proof 
164545     DEBUG main            d.u.i.k.p.i.AbstractProblemLoader Environment load took 279.51ns 
164546     INFO  main            d.u.i.k.p.i.AbstractProblemLoader Creating init config 
166920     DEBUG main            d.u.i.k.p.i.AbstractProblemLoader Init config took 2.37s 
166969     INFO  main            d.u.i.k.p.i.AbstractProblemLoader Replaying proof Recell[Cell::set(int)].JML operation contract.0 
167428     DEBUG main            d.u.i.k.p.i.IntermediateProofReplayer Proof replay took 440.41ms 
167429     DEBUG main            d.u.i.k.p.r.p.TestFile    ... success: reloaded. 
167430     INFO  main            d.u.i.k.p.r.p.TestFile    Now processing file /home/runner/work/key/key/key.core/../key.ui/examples/heap/model_methods/Recell_undo.key 
167430     INFO  main            d.u.i.k.p.i.AbstractProblemLoader Loading environment from /home/runner/work/key/key/key.core/../key.ui/examples/heap/model_methods/Recell_undo.key 
167430     DEBUG main            d.u.i.k.p.i.AbstractProblemLoader Environment load took 67.5ns 
167431     INFO  main            d.u.i.k.p.i.AbstractProblemLoader Creating init config 
169866     DEBUG main            d.u.i.k.p.i.AbstractProblemLoader Init config took 2.44s 
169921     INFO  main            d.u.i.k.p.i.AbstractProblemLoader Replaying proof Recell[Recell::undo()].JML operation contract.0 
169923     DEBUG main            d.u.i.k.p.i.IntermediateProofReplayer Proof replay took 6.7ns 
170025     INFO  main            d.u.i.k.p.r.p.TestFile    ... finished proof: closed. 
170281     INFO  main            d.u.i.k.p.i.AbstractProblemLoader Loading environment from /home/runner/work/key/key/key.core/../key.ui/examples/heap/model_methods/Recell_undo.key.proof 
170281     DEBUG main            d.u.i.k.p.i.AbstractProblemLoader Environment load took 88.8ns 
170282     INFO  main            d.u.i.k.p.i.AbstractProblemLoader Creating init config 
172663     DEBUG main            d.u.i.k.p.i.AbstractProblemLoader Init config took 2.38s 
172700     INFO  main            d.u.i.k.p.i.AbstractProblemLoader Replaying proof Recell[Recell::undo()].JML operation contract.0 
172735     DEBUG main            d.u.i.k.p.i.IntermediateProofReplayer Proof replay took 29.44ms 
172736     DEBUG main            d.u.i.k.p.r.p.TestFile    ... success: reloaded. 
3967860    INFO  Test worker     d.u.i.k.p.r.p.StatisticsFile Returning from test modelMethods 
3967867    INFO  Test worker     d.u.i.k.p.r.p.StatisticsFile Running test permissionHeap 
337        INFO  Timeout watchdog d.u.i.k.p.r.p.ForkedTestFileRunner Timeout watcher launched (2000 secs.) 
348        WARN  main            d.u.i.k.s.ProofSettings   The settings in /home/runner/.key/proof-settings.props are *not* read. 
373        INFO  main            d.u.i.k.p.r.p.TestFile    Now processing file /home/runner/work/key/key/key.core/../key.ui/examples/heap/permissions/permissions_method0.key 
468        INFO  main            d.u.i.k.p.i.AbstractProblemLoader Loading environment from /home/runner/work/key/key/key.core/../key.ui/examples/heap/permissions/permissions_method0.key 
493        DEBUG main            d.u.i.k.p.i.AbstractProblemLoader Environment load took 1.81ms 
703        INFO  main            d.u.i.k.p.i.AbstractProblemLoader Creating init config 
1677       DEBUG main            d.u.i.k.j.TypeConverter   No LDT found for Meta 
1678       DEBUG main            d.u.i.k.j.TypeConverter   No LDT found for Meta 
1680       DEBUG main            d.u.i.k.j.TypeConverter   No LDT found for Meta 
1681       DEBUG main            d.u.i.k.j.TypeConverter   No LDT found for Meta 
3000       DEBUG main            d.u.i.k.j.TypeConverter   No LDT found for JavaBigintExpression 
7522       DEBUG main            d.u.i.k.p.i.AbstractProblemLoader Init config took 6.82s 
7684       INFO  main            d.u.i.k.p.i.AbstractProblemLoader Replaying proof MyClass[MyClass::method0()].JML normal_behavior operation contract.0 
7722       DEBUG main            d.u.i.k.p.i.IntermediateProofReplayer Proof replay took 31.7ns 
8652       INFO  main            d.u.i.k.p.r.p.TestFile    ... finished proof: closed. 
8766       INFO  main            d.u.i.k.p.i.AbstractProblemLoader Loading environment from /home/runner/work/key/key/key.core/../key.ui/examples/heap/permissions/permissions_method0.key.proof 
8767       DEBUG main            d.u.i.k.p.i.AbstractProblemLoader Environment load took 341.11ns 
8769       INFO  main            d.u.i.k.p.i.AbstractProblemLoader Creating init config 
11336      DEBUG main            d.u.i.k.p.i.AbstractProblemLoader Init config took 2.57s 
11397      INFO  main            d.u.i.k.p.i.AbstractProblemLoader Replaying proof MyClass[MyClass::method0()].JML normal_behavior operation contract.0 
11487      DEBUG main            d.u.i.k.p.i.IntermediateProofReplayer Proof replay took 84.75ms 
11494      DEBUG main            d.u.i.k.p.r.p.TestFile    ... success: reloaded. 
11499      INFO  main            d.u.i.k.p.r.p.TestFile    Now processing file /home/runner/work/key/key/key.core/../key.ui/examples/heap/permissions/permissions_method1.key 
11499      INFO  main            d.u.i.k.p.i.AbstractProblemLoader Loading environment from /home/runner/work/key/key/key.core/../key.ui/examples/heap/permissions/permissions_method1.key 
11500      DEBUG main            d.u.i.k.p.i.AbstractProblemLoader Environment load took 196.11ns 
11502      INFO  main            d.u.i.k.p.i.AbstractProblemLoader Creating init config 
14093      DEBUG main            d.u.i.k.p.i.AbstractProblemLoader Init config took 2.59s 
14187      INFO  main            d.u.i.k.p.i.AbstractProblemLoader Replaying proof MyClass[MyClass::method1()].JML normal_behavior operation contract.0 
14194      DEBUG main            d.u.i.k.p.i.IntermediateProofReplayer Proof replay took 5.6ns 
14498      INFO  main            d.u.i.k.p.r.p.TestFile    ... finished proof: closed. 
14627      INFO  main            d.u.i.k.p.i.AbstractProblemLoader Loading environment from /home/runner/work/key/key/key.core/../key.ui/examples/heap/permissions/permissions_method1.key.proof 
14627      DEBUG main            d.u.i.k.p.i.AbstractProblemLoader Environment load took 517.61ns 
14629      INFO  main            d.u.i.k.p.i.AbstractProblemLoader Creating init config 
17126      DEBUG main            d.u.i.k.p.i.AbstractProblemLoader Init config took 2.5s 
17182      INFO  main            d.u.i.k.p.i.AbstractProblemLoader Replaying proof MyClass[MyClass::method1()].JML normal_behavior operation contract.0 
17242      DEBUG main            d.u.i.k.p.i.IntermediateProofReplayer Proof replay took 56.9ms 
17243      DEBUG main            d.u.i.k.p.r.p.TestFile    ... success: reloaded. 
17245      INFO  main            d.u.i.k.p.r.p.TestFile    Now processing file /home/runner/work/key/key/key.core/../key.ui/examples/heap/permissions/permissions_method3.key 
17245      INFO  main            d.u.i.k.p.i.AbstractProblemLoader Loading environment from /home/runner/work/key/key/key.core/../key.ui/examples/heap/permissions/permissions_method3.key 
17245      DEBUG main            d.u.i.k.p.i.AbstractProblemLoader Environment load took 170.7ns 
17246      INFO  main            d.u.i.k.p.i.AbstractProblemLoader Creating init config 
19721      DEBUG main            d.u.i.k.p.i.AbstractProblemLoader Init config took 2.47s 
19768      INFO  main            d.u.i.k.p.i.AbstractProblemLoader Replaying proof MyClass[MyClass::method3()].JML normal_behavior operation contract.0 
19770      DEBUG main            d.u.i.k.p.i.IntermediateProofReplayer Proof replay took 5.4ns 
21090      INFO  main            d.u.i.k.p.r.p.TestFile    ... finished proof: closed. 
21237      INFO  main            d.u.i.k.p.i.AbstractProblemLoader Loading environment from /home/runner/work/key/key/key.core/../key.ui/examples/heap/permissions/permissions_method3.key.proof 
21239      DEBUG main            d.u.i.k.p.i.AbstractProblemLoader Environment load took 2.16ms 
21243      INFO  main            d.u.i.k.p.i.AbstractProblemLoader Creating init config 
23669      DEBUG main            d.u.i.k.p.i.AbstractProblemLoader Init config took 2.43s 
23715      INFO  main            d.u.i.k.p.i.AbstractProblemLoader Replaying proof MyClass[MyClass::method3()].JML normal_behavior operation contract.0 
23947      DEBUG main            d.u.i.k.p.i.IntermediateProofReplayer Proof replay took 224.92ms 
23948      DEBUG main            d.u.i.k.p.r.p.TestFile    ... success: reloaded. 
23949      INFO  main            d.u.i.k.p.r.p.TestFile    Now processing file /home/runner/work/key/key/key.core/../key.ui/examples/heap/permissions/permissions_setAB.key 
23950      INFO  main            d.u.i.k.p.i.AbstractProblemLoader Loading environment from /home/runner/work/key/key/key.core/../key.ui/examples/heap/permissions/permissions_setAB.key 
23950      DEBUG main            d.u.i.k.p.i.AbstractProblemLoader Environment load took 174.41ns 
23951      INFO  main            d.u.i.k.p.i.AbstractProblemLoader Creating init config 
26425      DEBUG main            d.u.i.k.p.i.AbstractProblemLoader Init config took 2.47s 
26468      INFO  main            d.u.i.k.p.i.AbstractProblemLoader Replaying proof MyClass[MyClass::setAB()].JML normal_behavior operation contract.0 
26470      DEBUG main            d.u.i.k.p.i.IntermediateProofReplayer Proof replay took 5.4ns 
27875      INFO  main            d.u.i.k.p.r.p.TestFile    ... finished proof: closed. 
28053      INFO  main            d.u.i.k.p.i.AbstractProblemLoader Loading environment from /home/runner/work/key/key/key.core/../key.ui/examples/heap/permissions/permissions_setAB.key.proof 
28053      DEBUG main            d.u.i.k.p.i.AbstractProblemLoader Environment load took 117.2ns 
28054      INFO  main            d.u.i.k.p.i.AbstractProblemLoader Creating init config 
30446      DEBUG main            d.u.i.k.p.i.AbstractProblemLoader Init config took 2.39s 
30489      INFO  main            d.u.i.k.p.i.AbstractProblemLoader Replaying proof MyClass[MyClass::setAB()].JML normal_behavior operation contract.0 
30686      DEBUG main            d.u.i.k.p.i.IntermediateProofReplayer Proof replay took 191.26ms 
30687      DEBUG main            d.u.i.k.p.r.p.TestFile    ... success: reloaded. 
30688      INFO  main            d.u.i.k.p.r.p.TestFile    Now processing file /home/runner/work/key/key/key.core/../key.ui/examples/heap/permissions/permissionProperties.key 
30688      INFO  main            d.u.i.k.p.i.AbstractProblemLoader Loading environment from /home/runner/work/key/key/key.core/../key.ui/examples/heap/permissions/permissionProperties.key 
30688      DEBUG main            d.u.i.k.p.i.AbstractProblemLoader Environment load took 162.3ns 
30690      INFO  main            d.u.i.k.p.i.AbstractProblemLoader Creating init config 
30817      DEBUG main            d.u.i.k.j.TypeConverter   No LDT found for Meta 
30817      DEBUG main            d.u.i.k.j.TypeConverter   No LDT found for Meta 
30818      DEBUG main            d.u.i.k.j.TypeConverter   No LDT found for Meta 
30818      DEBUG main            d.u.i.k.j.TypeConverter   No LDT found for Meta 
31353      DEBUG main            d.u.i.k.j.TypeConverter   No LDT found for JavaBigintExpression 
33911      DEBUG main            d.u.i.k.p.i.AbstractProblemLoader Init config took 3.22s 
33933      INFO  main            d.u.i.k.p.i.AbstractProblemLoader Replaying proof permissionProperties.key 
33934      DEBUG main            d.u.i.k.p.i.IntermediateProofReplayer Proof replay took 5.7ns 
34040      INFO  main            d.u.i.k.p.r.p.TestFile    ... finished proof: closed. 
34197      INFO  main            d.u.i.k.p.i.AbstractProblemLoader Loading environment from /home/runner/work/key/key/key.core/../key.ui/examples/heap/permissions/permissionProperties.key.proof 
34197      DEBUG main            d.u.i.k.p.i.AbstractProblemLoader Environment load took 112.1ns 
34199      INFO  main            d.u.i.k.p.i.AbstractProblemLoader Creating init config 
36411      DEBUG main            d.u.i.k.p.i.AbstractProblemLoader Init config took 2.21s 
36431      INFO  main            d.u.i.k.p.i.AbstractProblemLoader Replaying proof permissionProperties.key.proof 
36449      DEBUG main            d.u.i.k.p.i.IntermediateProofReplayer Proof replay took 15.47ms 
36450      DEBUG main            d.u.i.k.p.r.p.TestFile    ... success: reloaded. 
36451      INFO  main            d.u.i.k.p.r.p.TestFile    Now processing file /home/runner/work/key/key/key.core/../key.ui/examples/heap/permissions/threads/AFilter_AFilter.key 
36451      INFO  main            d.u.i.k.p.i.AbstractProblemLoader Loading environment from /home/runner/work/key/key/key.core/../key.ui/examples/heap/permissions/threads/AFilter_AFilter.key 
36452      DEBUG main            d.u.i.k.p.i.AbstractProblemLoader Environment load took 113.6ns 
36452      INFO  main            d.u.i.k.p.i.AbstractProblemLoader Creating init config 
36566      DEBUG main            d.u.i.k.j.TypeConverter   No LDT found for Meta 
36566      DEBUG main            d.u.i.k.j.TypeConverter   No LDT found for Meta 
36567      DEBUG main            d.u.i.k.j.TypeConverter   No LDT found for Meta 
36567      DEBUG main            d.u.i.k.j.TypeConverter   No LDT found for Meta 
37104      DEBUG main            d.u.i.k.j.TypeConverter   No LDT found for JavaBigintExpression 
41883      DEBUG main            d.u.i.k.p.i.AbstractProblemLoader Init config took 5.43s 
41985      INFO  main            d.u.i.k.p.i.AbstractProblemLoader Replaying proof AFilter[AFilter::AFilter(Sampler,Buffer)].JML normal_behavior operation contract.0 
41987      DEBUG main            d.u.i.k.p.i.IntermediateProofReplayer Proof replay took 5.3ns 
42990      INFO  main            d.u.i.k.p.r.p.TestFile    ... finished proof: closed. 
43205      INFO  main            d.u.i.k.p.i.AbstractProblemLoader Loading environment from /home/runner/work/key/key/key.core/../key.ui/examples/heap/permissions/threads/AFilter_AFilter.key.proof 
43206      DEBUG main            d.u.i.k.p.i.AbstractProblemLoader Environment load took 122.5ns 
43210      INFO  main            d.u.i.k.p.i.AbstractProblemLoader Creating init config 
47487      DEBUG main            d.u.i.k.p.i.AbstractProblemLoader Init config took 4.28s 
47589      INFO  main            d.u.i.k.p.i.AbstractProblemLoader Replaying proof AFilter[AFilter::AFilter(Sampler,Buffer)].JML normal_behavior operation contract.0 
47769      DEBUG main            d.u.i.k.p.i.IntermediateProofReplayer Proof replay took 174.27ms 
47770      DEBUG main            d.u.i.k.p.r.p.TestFile    ... success: reloaded. 
47771      INFO  main            d.u.i.k.p.r.p.TestFile    Now processing file /home/runner/work/key/key/key.core/../key.ui/examples/heap/permissions/threads/AFilter_initPost_accessible.key 
47772      INFO  main            d.u.i.k.p.i.AbstractProblemLoader Loading environment from /home/runner/work/key/key/key.core/../key.ui/examples/heap/permissions/threads/AFilter_initPost_accessible.key 
47772      DEBUG main            d.u.i.k.p.i.AbstractProblemLoader Environment load took 163.31ns 
47773      INFO  main            d.u.i.k.p.i.AbstractProblemLoader Creating init config 
52108      DEBUG main            d.u.i.k.p.i.AbstractProblemLoader Init config took 4.33s 
52198      INFO  main            d.u.i.k.p.i.AbstractProblemLoader Replaying proof AFilter[ThreadSpec2::initPost()].JML accessible clause.0 
52200      DEBUG main            d.u.i.k.p.i.IntermediateProofReplayer Proof replay took 5.9ns 
52302      INFO  main            d.u.i.k.p.r.p.TestFile    ... finished proof: closed. 
52593      INFO  main            d.u.i.k.p.i.AbstractProblemLoader Loading environment from /home/runner/work/key/key/key.core/../key.ui/examples/heap/permissions/threads/AFilter_initPost_accessible.key.proof 
52594      DEBUG main            d.u.i.k.p.i.AbstractProblemLoader Environment load took 121.7ns 
52595      INFO  main            d.u.i.k.p.i.AbstractProblemLoader Creating init config 
56827      DEBUG main            d.u.i.k.p.i.AbstractProblemLoader Init config took 4.23s 
56917      INFO  main            d.u.i.k.p.i.AbstractProblemLoader Replaying proof AFilter[ThreadSpec2::initPost()].JML accessible clause.0 
56931      DEBUG main            d.u.i.k.p.i.IntermediateProofReplayer Proof replay took 12.22ms 
56932      DEBUG main            d.u.i.k.p.r.p.TestFile    ... success: reloaded. 
56934      INFO  main            d.u.i.k.p.r.p.TestFile    Now processing file /home/runner/work/key/key/key.core/../key.ui/examples/heap/permissions/threads/AFilter_inv_accessible1.key 
56934      INFO  main            d.u.i.k.p.i.AbstractProblemLoader Loading environment from /home/runner/work/key/key/key.core/../key.ui/examples/heap/permissions/threads/AFilter_inv_accessible1.key 
56934      DEBUG main            d.u.i.k.p.i.AbstractProblemLoader Environment load took 185.81ns 
56935      INFO  main            d.u.i.k.p.i.AbstractProblemLoader Creating init config 
61175      DEBUG main            d.u.i.k.p.i.AbstractProblemLoader Init config took 4.24s 
61260      INFO  main            d.u.i.k.p.i.AbstractProblemLoader Replaying proof AFilter[java.lang.Object::<inv>()].JML accessible clause.0 
61261      DEBUG main            d.u.i.k.p.i.IntermediateProofReplayer Proof replay took 5.2ns 
61363      INFO  main            d.u.i.k.p.r.p.TestFile    ... finished proof: closed. 
61557      INFO  main            d.u.i.k.p.i.AbstractProblemLoader Loading environment from /home/runner/work/key/key/key.core/../key.ui/examples/heap/permissions/threads/AFilter_inv_accessible1.key.proof 
61557      DEBUG main            d.u.i.k.p.i.AbstractProblemLoader Environment load took 109.9ns 
61558      INFO  main            d.u.i.k.p.i.AbstractProblemLoader Creating init config 
65764      DEBUG main            d.u.i.k.p.i.AbstractProblemLoader Init config took 4.21s 
65850      INFO  main            d.u.i.k.p.i.AbstractProblemLoader Replaying proof AFilter[java.lang.Object::<inv>()].JML accessible clause.0 
65854      DEBUG main            d.u.i.k.p.i.IntermediateProofReplayer Proof replay took 2.19ms 
65855      DEBUG main            d.u.i.k.p.r.p.TestFile    ... success: reloaded. 
65856      INFO  main            d.u.i.k.p.r.p.TestFile    Now processing file /home/runner/work/key/key/key.core/../key.ui/examples/heap/permissions/threads/AFilter_inv_accessible2.key 
65856      INFO  main            d.u.i.k.p.i.AbstractProblemLoader Loading environment from /home/runner/work/key/key/key.core/../key.ui/examples/heap/permissions/threads/AFilter_inv_accessible2.key 
65857      DEBUG main            d.u.i.k.p.i.AbstractProblemLoader Environment load took 80.1ns 
65857      INFO  main            d.u.i.k.p.i.AbstractProblemLoader Creating init config 
70119      DEBUG main            d.u.i.k.p.i.AbstractProblemLoader Init config took 4.26s 
70208      INFO  main            d.u.i.k.p.i.AbstractProblemLoader Replaying proof AFilter[java.lang.Object::<inv>()].JML accessible clause.1 
70210      DEBUG main            d.u.i.k.p.i.IntermediateProofReplayer Proof replay took 24.2ns 
70312      INFO  main            d.u.i.k.p.r.p.TestFile    ... finished proof: closed. 
70507      INFO  main            d.u.i.k.p.i.AbstractProblemLoader Loading environment from /home/runner/work/key/key/key.core/../key.ui/examples/heap/permissions/threads/AFilter_inv_accessible2.key.proof 
70507      DEBUG main            d.u.i.k.p.i.AbstractProblemLoader Environment load took 106.9ns 
70508      INFO  main            d.u.i.k.p.i.AbstractProblemLoader Creating init config 
74724      DEBUG main            d.u.i.k.p.i.AbstractProblemLoader Init config took 4.22s 
74810      INFO  main            d.u.i.k.p.i.AbstractProblemLoader Replaying proof AFilter[java.lang.Object::<inv>()].JML accessible clause.1 
74813      DEBUG main            d.u.i.k.p.i.IntermediateProofReplayer Proof replay took 2.05ms 
74814      DEBUG main            d.u.i.k.p.r.p.TestFile    ... success: reloaded. 
74815      INFO  main            d.u.i.k.p.r.p.TestFile    Now processing file /home/runner/work/key/key/key.core/../key.ui/examples/heap/permissions/threads/AFilter_joinTransfer_accessible.key 
74816      INFO  main            d.u.i.k.p.i.AbstractProblemLoader Loading environment from /home/runner/work/key/key/key.core/../key.ui/examples/heap/permissions/threads/AFilter_joinTransfer_accessible.key 
74816      DEBUG main            d.u.i.k.p.i.AbstractProblemLoader Environment load took 187ns 
74817      INFO  main            d.u.i.k.p.i.AbstractProblemLoader Creating init config 
79077      DEBUG main            d.u.i.k.p.i.AbstractProblemLoader Init config took 4.26s 
79161      INFO  main            d.u.i.k.p.i.AbstractProblemLoader Replaying proof AFilter[ThreadSpec2::joinTransfer()].JML accessible clause.0 
79163      DEBUG main            d.u.i.k.p.i.IntermediateProofReplayer Proof replay took 6.2ns 
80170      INFO  main            d.u.i.k.p.r.p.TestFile    ... finished proof: closed. 
80461      INFO  main            d.u.i.k.p.i.AbstractProblemLoader Loading environment from /home/runner/work/key/key/key.core/../key.ui/examples/heap/permissions/threads/AFilter_joinTransfer_accessible.key.proof 
80462      DEBUG main            d.u.i.k.p.i.AbstractProblemLoader Environment load took 722.52ns 
80463      INFO  main            d.u.i.k.p.i.AbstractProblemLoader Creating init config 
84670      DEBUG main            d.u.i.k.p.i.AbstractProblemLoader Init config took 4.21s 
84754      INFO  main            d.u.i.k.p.i.AbstractProblemLoader Replaying proof AFilter[ThreadSpec2::joinTransfer()].JML accessible clause.0 
84900      DEBUG main            d.u.i.k.p.i.IntermediateProofReplayer Proof replay took 140.18ms 
84901      DEBUG main            d.u.i.k.p.r.p.TestFile    ... success: reloaded. 
84902      INFO  main            d.u.i.k.p.r.p.TestFile    Now processing file /home/runner/work/key/key/key.core/../key.ui/examples/heap/permissions/threads/AFilter_joinTransfer_contract.key 
84903      INFO  main            d.u.i.k.p.i.AbstractProblemLoader Loading environment from /home/runner/work/key/key/key.core/../key.ui/examples/heap/permissions/threads/AFilter_joinTransfer_contract.key 
84903      DEBUG main            d.u.i.k.p.i.AbstractProblemLoader Environment load took 158.8ns 
84904      INFO  main            d.u.i.k.p.i.AbstractProblemLoader Creating init config 
89160      DEBUG main            d.u.i.k.p.i.AbstractProblemLoader Init config took 4.26s 
89245      INFO  main            d.u.i.k.p.i.AbstractProblemLoader Replaying proof AFilter[ThreadSpec2::joinTransfer()].JML model_behavior operation contract.0 
89246      DEBUG main            d.u.i.k.p.i.IntermediateProofReplayer Proof replay took 5.6ns 
89351      INFO  main            d.u.i.k.p.r.p.TestFile    ... finished proof: closed. 
89567      INFO  main            d.u.i.k.p.i.AbstractProblemLoader Loading environment from /home/runner/work/key/key/key.core/../key.ui/examples/heap/permissions/threads/AFilter_joinTransfer_contract.key.proof 
89567      DEBUG main            d.u.i.k.p.i.AbstractProblemLoader Environment load took 136.4ns 
89568      INFO  main            d.u.i.k.p.i.AbstractProblemLoader Creating init config 
93775      DEBUG main            d.u.i.k.p.i.AbstractProblemLoader Init config took 4.21s 
93858      INFO  main            d.u.i.k.p.i.AbstractProblemLoader Replaying proof AFilter[ThreadSpec2::joinTransfer()].JML model_behavior operation contract.0 
93867      DEBUG main            d.u.i.k.p.i.IntermediateProofReplayer Proof replay took 7.38ms 
93868      DEBUG main            d.u.i.k.p.r.p.TestFile    ... success: reloaded. 
93869      INFO  main            d.u.i.k.p.r.p.TestFile    Now processing file /home/runner/work/key/key/key.core/../key.ui/examples/heap/permissions/threads/AFilter_postJoin_accessible.key 
93869      INFO  main            d.u.i.k.p.i.AbstractProblemLoader Loading environment from /home/runner/work/key/key/key.core/../key.ui/examples/heap/permissions/threads/AFilter_postJoin_accessible.key 
93869      DEBUG main            d.u.i.k.p.i.AbstractProblemLoader Environment load took 84.4ns 
93870      INFO  main            d.u.i.k.p.i.AbstractProblemLoader Creating init config 
98151      DEBUG main            d.u.i.k.p.i.AbstractProblemLoader Init config took 4.28s 
98261      INFO  main            d.u.i.k.p.i.AbstractProblemLoader Replaying proof AFilter[ThreadSpec2::postJoin(java.lang.Object)].JML accessible clause.0 
98262      DEBUG main            d.u.i.k.p.i.IntermediateProofReplayer Proof replay took 5.7ns 
98364      INFO  main            d.u.i.k.p.r.p.TestFile    ... finished proof: closed. 
98584      INFO  main            d.u.i.k.p.i.AbstractProblemLoader Loading environment from /home/runner/work/key/key/key.core/../key.ui/examples/heap/permissions/threads/AFilter_postJoin_accessible.key.proof 
98584      DEBUG main            d.u.i.k.p.i.AbstractProblemLoader Environment load took 109.7ns 
98585      INFO  main            d.u.i.k.p.i.AbstractProblemLoader Creating init config 
102767     DEBUG main            d.u.i.k.p.i.AbstractProblemLoader Init config took 4.18s 
102863     INFO  main            d.u.i.k.p.i.AbstractProblemLoader Replaying proof AFilter[ThreadSpec2::postJoin(java.lang.Object)].JML accessible clause.0 
102871     DEBUG main            d.u.i.k.p.i.IntermediateProofReplayer Proof replay took 6.21ms 
102872     DEBUG main            d.u.i.k.p.r.p.TestFile    ... success: reloaded. 
102873     INFO  main            d.u.i.k.p.r.p.TestFile    Now processing file /home/runner/work/key/key/key.core/../key.ui/examples/heap/permissions/threads/AFilter_preStart_accessible.key 
102873     INFO  main            d.u.i.k.p.i.AbstractProblemLoader Loading environment from /home/runner/work/key/key/key.core/../key.ui/examples/heap/permissions/threads/AFilter_preStart_accessible.key 
102873     DEBUG main            d.u.i.k.p.i.AbstractProblemLoader Environment load took 143ns 
102874     INFO  main            d.u.i.k.p.i.AbstractProblemLoader Creating init config 
107057     DEBUG main            d.u.i.k.p.i.AbstractProblemLoader Init config took 4.18s 
107156     INFO  main            d.u.i.k.p.i.AbstractProblemLoader Replaying proof AFilter[ThreadSpec2::preStart(java.lang.Object)].JML accessible clause.0 
107157     DEBUG main            d.u.i.k.p.i.IntermediateProofReplayer Proof replay took 5.8ns 
107460     INFO  main            d.u.i.k.p.r.p.TestFile    ... finished proof: closed. 
107695     INFO  main            d.u.i.k.p.i.AbstractProblemLoader Loading environment from /home/runner/work/key/key/key.core/../key.ui/examples/heap/permissions/threads/AFilter_preStart_accessible.key.proof 
107695     DEBUG main            d.u.i.k.p.i.AbstractProblemLoader Environment load took 106.5ns 
107696     INFO  main            d.u.i.k.p.i.AbstractProblemLoader Creating init config 
111851     DEBUG main            d.u.i.k.p.i.AbstractProblemLoader Init config took 4.15s 
111942     INFO  main            d.u.i.k.p.i.AbstractProblemLoader Replaying proof AFilter[ThreadSpec2::preStart(java.lang.Object)].JML accessible clause.0 
111975     DEBUG main            d.u.i.k.p.i.IntermediateProofReplayer Proof replay took 29.9ms 
111976     DEBUG main            d.u.i.k.p.r.p.TestFile    ... success: reloaded. 
111977     INFO  main            d.u.i.k.p.r.p.TestFile    Now processing file /home/runner/work/key/key/key.core/../key.ui/examples/heap/permissions/threads/AFilter_startTransfer_accessible.key 
111977     INFO  main            d.u.i.k.p.i.AbstractProblemLoader Loading environment from /home/runner/work/key/key/key.core/../key.ui/examples/heap/permissions/threads/AFilter_startTransfer_accessible.key 
111977     DEBUG main            d.u.i.k.p.i.AbstractProblemLoader Environment load took 80.2ns 
111978     INFO  main            d.u.i.k.p.i.AbstractProblemLoader Creating init config 
116220     DEBUG main            d.u.i.k.p.i.AbstractProblemLoader Init config took 4.24s 
116301     INFO  main            d.u.i.k.p.i.AbstractProblemLoader Replaying proof AFilter[ThreadSpec2::startTransfer()].JML accessible clause.0 
116303     DEBUG main            d.u.i.k.p.i.IntermediateProofReplayer Proof replay took 6ns 
125043     INFO  main            d.u.i.k.p.r.p.TestFile    ... finished proof: closed. 
125307     INFO  main            d.u.i.k.p.i.AbstractProblemLoader Loading environment from /home/runner/work/key/key/key.core/../key.ui/examples/heap/permissions/threads/AFilter_startTransfer_accessible.key.proof 
125310     DEBUG main            d.u.i.k.p.i.AbstractProblemLoader Environment load took 2.9ms 
125312     INFO  main            d.u.i.k.p.i.AbstractProblemLoader Creating init config 
129451     DEBUG main            d.u.i.k.p.i.AbstractProblemLoader Init config took 4.14s 
129531     INFO  main            d.u.i.k.p.i.AbstractProblemLoader Replaying proof AFilter[ThreadSpec2::startTransfer()].JML accessible clause.0 
130268     DEBUG main            d.u.i.k.p.i.IntermediateProofReplayer Proof replay took 713.3ms 
130270     DEBUG main            d.u.i.k.p.r.p.TestFile    ... success: reloaded. 
130271     INFO  main            d.u.i.k.p.r.p.TestFile    Now processing file /home/runner/work/key/key/key.core/../key.ui/examples/heap/permissions/threads/AFilter_startTransfer_contract.key 
130271     INFO  main            d.u.i.k.p.i.AbstractProblemLoader Loading environment from /home/runner/work/key/key/key.core/../key.ui/examples/heap/permissions/threads/AFilter_startTransfer_contract.key 
130271     DEBUG main            d.u.i.k.p.i.AbstractProblemLoader Environment load took 79.8ns 
130272     INFO  main            d.u.i.k.p.i.AbstractProblemLoader Creating init config 
134524     DEBUG main            d.u.i.k.p.i.AbstractProblemLoader Init config took 4.25s 
134606     INFO  main            d.u.i.k.p.i.AbstractProblemLoader Replaying proof AFilter[ThreadSpec2::startTransfer()].JML model_behavior operation contract.0 
134607     DEBUG main            d.u.i.k.p.i.IntermediateProofReplayer Proof replay took 6.7ns 
135012     INFO  main            d.u.i.k.p.r.p.TestFile    ... finished proof: closed. 
135260     INFO  main            d.u.i.k.p.i.AbstractProblemLoader Loading environment from /home/runner/work/key/key/key.core/../key.ui/examples/heap/permissions/threads/AFilter_startTransfer_contract.key.proof 
135260     DEBUG main            d.u.i.k.p.i.AbstractProblemLoader Environment load took 106.1ns 
135261     INFO  main            d.u.i.k.p.i.AbstractProblemLoader Creating init config 
139432     DEBUG main            d.u.i.k.p.i.AbstractProblemLoader Init config took 4.17s 
139514     INFO  main            d.u.i.k.p.i.AbstractProblemLoader Replaying proof AFilter[ThreadSpec2::startTransfer()].JML model_behavior operation contract.0 
139562     DEBUG main            d.u.i.k.p.i.IntermediateProofReplayer Proof replay took 44.74ms 
139563     DEBUG main            d.u.i.k.p.r.p.TestFile    ... success: reloaded. 
139564     INFO  main            d.u.i.k.p.r.p.TestFile    Now processing file /home/runner/work/key/key/key.core/../key.ui/examples/heap/permissions/threads/AFilter_stateInv_accessible.key 
139564     INFO  main            d.u.i.k.p.i.AbstractProblemLoader Loading environment from /home/runner/work/key/key/key.core/../key.ui/examples/heap/permissions/threads/AFilter_stateInv_accessible.key 
139565     DEBUG main            d.u.i.k.p.i.AbstractProblemLoader Environment load took 72.5ns 
139565     INFO  main            d.u.i.k.p.i.AbstractProblemLoader Creating init config 
143745     DEBUG main            d.u.i.k.p.i.AbstractProblemLoader Init config took 4.18s 
143826     INFO  main            d.u.i.k.p.i.AbstractProblemLoader Replaying proof AFilter[ThreadSpec2::stateInv()].JML accessible clause.0 
143828     DEBUG main            d.u.i.k.p.i.IntermediateProofReplayer Proof replay took 5.3ns 
144132     INFO  main            d.u.i.k.p.r.p.TestFile    ... finished proof: closed. 
144357     INFO  main            d.u.i.k.p.i.AbstractProblemLoader Loading environment from /home/runner/work/key/key/key.core/../key.ui/examples/heap/permissions/threads/AFilter_stateInv_accessible.key.proof 
144357     DEBUG main            d.u.i.k.p.i.AbstractProblemLoader Environment load took 117.3ns 
144358     INFO  main            d.u.i.k.p.i.AbstractProblemLoader Creating init config 
148495     DEBUG main            d.u.i.k.p.i.AbstractProblemLoader Init config took 4.14s 
148575     INFO  main            d.u.i.k.p.i.AbstractProblemLoader Replaying proof AFilter[ThreadSpec2::stateInv()].JML accessible clause.0 
148612     DEBUG main            d.u.i.k.p.i.IntermediateProofReplayer Proof replay took 33.78ms 
148613     DEBUG main            d.u.i.k.p.r.p.TestFile    ... success: reloaded. 
148614     INFO  main            d.u.i.k.p.r.p.TestFile    Now processing file /home/runner/work/key/key/key.core/../key.ui/examples/heap/permissions/threads/AFilter_staticPermissions_accessible.key 
148615     INFO  main            d.u.i.k.p.i.AbstractProblemLoader Loading environment from /home/runner/work/key/key/key.core/../key.ui/examples/heap/permissions/threads/AFilter_staticPermissions_accessible.key 
148615     DEBUG main            d.u.i.k.p.i.AbstractProblemLoader Environment load took 174.6ns 
148616     INFO  main            d.u.i.k.p.i.AbstractProblemLoader Creating init config 
152805     DEBUG main            d.u.i.k.p.i.AbstractProblemLoader Init config took 4.19s 
152888     INFO  main            d.u.i.k.p.i.AbstractProblemLoader Replaying proof AFilter[ThreadSpec2::staticPermissions()].JML accessible clause.0 
152890     DEBUG main            d.u.i.k.p.i.IntermediateProofReplayer Proof replay took 6ns 
152991     INFO  main            d.u.i.k.p.r.p.TestFile    ... finished proof: closed. 
153240     INFO  main            d.u.i.k.p.i.AbstractProblemLoader Loading environment from /home/runner/work/key/key/key.core/../key.ui/examples/heap/permissions/threads/AFilter_staticPermissions_accessible.key.proof 
153240     DEBUG main            d.u.i.k.p.i.AbstractProblemLoader Environment load took 94.7ns 
153240     INFO  main            d.u.i.k.p.i.AbstractProblemLoader Creating init config 
157372     DEBUG main            d.u.i.k.p.i.AbstractProblemLoader Init config took 4.13s 
157452     INFO  main            d.u.i.k.p.i.AbstractProblemLoader Replaying proof AFilter[ThreadSpec2::staticPermissions()].JML accessible clause.0 
157462     DEBUG main            d.u.i.k.p.i.IntermediateProofReplayer Proof replay took 8.47ms 
157463     DEBUG main            d.u.i.k.p.r.p.TestFile    ... success: reloaded. 
157464     INFO  main            d.u.i.k.p.r.p.TestFile    Now processing file /home/runner/work/key/key/key.core/../key.ui/examples/heap/permissions/threads/AFilter_workingPermissions_accessible.key 
157464     INFO  main            d.u.i.k.p.i.AbstractProblemLoader Loading environment from /home/runner/work/key/key/key.core/../key.ui/examples/heap/permissions/threads/AFilter_workingPermissions_accessible.key 
157464     DEBUG main            d.u.i.k.p.i.AbstractProblemLoader Environment load took 62ns 
157465     INFO  main            d.u.i.k.p.i.AbstractProblemLoader Creating init config 
161673     DEBUG main            d.u.i.k.p.i.AbstractProblemLoader Init config took 4.21s 
161753     INFO  main            d.u.i.k.p.i.AbstractProblemLoader Replaying proof AFilter[ThreadSpec2::workingPermissions()].JML accessible clause.0 
161754     DEBUG main            d.u.i.k.p.i.IntermediateProofReplayer Proof replay took 6.7ns 
161856     INFO  main            d.u.i.k.p.r.p.TestFile    ... finished proof: closed. 
162108     INFO  main            d.u.i.k.p.i.AbstractProblemLoader Loading environment from /home/runner/work/key/key/key.core/../key.ui/examples/heap/permissions/threads/AFilter_workingPermissions_accessible.key.proof 
162108     DEBUG main            d.u.i.k.p.i.AbstractProblemLoader Environment load took 103.3ns 
162109     INFO  main            d.u.i.k.p.i.AbstractProblemLoader Creating init config 
166247     DEBUG main            d.u.i.k.p.i.AbstractProblemLoader Init config took 4.14s 
166326     INFO  main            d.u.i.k.p.i.AbstractProblemLoader Replaying proof AFilter[ThreadSpec2::workingPermissions()].JML accessible clause.0 
166335     DEBUG main            d.u.i.k.p.i.IntermediateProofReplayer Proof replay took 7.11ms 
166336     DEBUG main            d.u.i.k.p.r.p.TestFile    ... success: reloaded. 
166337     INFO  main            d.u.i.k.p.r.p.TestFile    Now processing file /home/runner/work/key/key/key.core/../key.ui/examples/heap/permissions/threads/BFilter_BFilter.key 
166337     INFO  main            d.u.i.k.p.i.AbstractProblemLoader Loading environment from /home/runner/work/key/key/key.core/../key.ui/examples/heap/permissions/threads/BFilter_BFilter.key 
166337     DEBUG main            d.u.i.k.p.i.AbstractProblemLoader Environment load took 73.2ns 
166338     INFO  main            d.u.i.k.p.i.AbstractProblemLoader Creating init config 
170556     DEBUG main            d.u.i.k.p.i.AbstractProblemLoader Init config took 4.22s 
170649     INFO  main            d.u.i.k.p.i.AbstractProblemLoader Replaying proof BFilter[BFilter::BFilter(Sampler,Buffer)].JML normal_behavior operation contract.0 
170651     DEBUG main            d.u.i.k.p.i.IntermediateProofReplayer Proof replay took 6.3ns 
171555     INFO  main            d.u.i.k.p.r.p.TestFile    ... finished proof: closed. 
171860     INFO  main            d.u.i.k.p.i.AbstractProblemLoader Loading environment from /home/runner/work/key/key/key.core/../key.ui/examples/heap/permissions/threads/BFilter_BFilter.key.proof 
171861     DEBUG main            d.u.i.k.p.i.AbstractProblemLoader Environment load took 315.11ns 
171862     INFO  main            d.u.i.k.p.i.AbstractProblemLoader Creating init config 
176025     DEBUG main            d.u.i.k.p.i.AbstractProblemLoader Init config took 4.16s 
176106     INFO  main            d.u.i.k.p.i.AbstractProblemLoader Replaying proof BFilter[BFilter::BFilter(Sampler,Buffer)].JML normal_behavior operation contract.0 
176245     DEBUG main            d.u.i.k.p.i.IntermediateProofReplayer Proof replay took 135.57ms 
176246     DEBUG main            d.u.i.k.p.r.p.TestFile    ... success: reloaded. 
176247     INFO  main            d.u.i.k.p.r.p.TestFile    Now processing file /home/runner/work/key/key/key.core/../key.ui/examples/heap/permissions/threads/BFilter_initPost_accessible.key 
176247     INFO  main            d.u.i.k.p.i.AbstractProblemLoader Loading environment from /home/runner/work/key/key/key.core/../key.ui/examples/heap/permissions/threads/BFilter_initPost_accessible.key 
176247     DEBUG main            d.u.i.k.p.i.AbstractProblemLoader Environment load took 82.8ns 
176248     INFO  main            d.u.i.k.p.i.AbstractProblemLoader Creating init config 
180425     DEBUG main            d.u.i.k.p.i.AbstractProblemLoader Init config took 4.18s 
180521     INFO  main            d.u.i.k.p.i.AbstractProblemLoader Replaying proof BFilter[ThreadSpec2::initPost()].JML accessible clause.0 
180523     DEBUG main            d.u.i.k.p.i.IntermediateProofReplayer Proof replay took 6.6ns 
180624     INFO  main            d.u.i.k.p.r.p.TestFile    ... finished proof: closed. 
180889     INFO  main            d.u.i.k.p.i.AbstractProblemLoader Loading environment from /home/runner/work/key/key/key.core/../key.ui/examples/heap/permissions/threads/BFilter_initPost_accessible.key.proof 
180889     DEBUG main            d.u.i.k.p.i.AbstractProblemLoader Environment load took 117.5ns 
180890     INFO  main            d.u.i.k.p.i.AbstractProblemLoader Creating init config 
185024     DEBUG main            d.u.i.k.p.i.AbstractProblemLoader Init config took 4.13s 
185104     INFO  main            d.u.i.k.p.i.AbstractProblemLoader Replaying proof BFilter[ThreadSpec2::initPost()].JML accessible clause.0 
185115     DEBUG main            d.u.i.k.p.i.IntermediateProofReplayer Proof replay took 9.3ms 
185116     DEBUG main            d.u.i.k.p.r.p.TestFile    ... success: reloaded. 
185117     INFO  main            d.u.i.k.p.r.p.TestFile    Now processing file /home/runner/work/key/key/key.core/../key.ui/examples/heap/permissions/threads/BFilter_inv_accessible1.key 
185117     INFO  main            d.u.i.k.p.i.AbstractProblemLoader Loading environment from /home/runner/work/key/key/key.core/../key.ui/examples/heap/permissions/threads/BFilter_inv_accessible1.key 
185117     DEBUG main            d.u.i.k.p.i.AbstractProblemLoader Environment load took 73.5ns 
185118     INFO  main            d.u.i.k.p.i.AbstractProblemLoader Creating init config 
189311     DEBUG main            d.u.i.k.p.i.AbstractProblemLoader Init config took 4.19s 
189391     INFO  main            d.u.i.k.p.i.AbstractProblemLoader Replaying proof BFilter[java.lang.Object::<inv>()].JML accessible clause.0 
189392     DEBUG main            d.u.i.k.p.i.IntermediateProofReplayer Proof replay took 5.6ns 
189495     INFO  main            d.u.i.k.p.r.p.TestFile    ... finished proof: closed. 
189766     INFO  main            d.u.i.k.p.i.AbstractProblemLoader Loading environment from /home/runner/work/key/key/key.core/../key.ui/examples/heap/permissions/threads/BFilter_inv_accessible1.key.proof 
189766     DEBUG main            d.u.i.k.p.i.AbstractProblemLoader Environment load took 94.7ns 
189767     INFO  main            d.u.i.k.p.i.AbstractProblemLoader Creating init config 
193899     DEBUG main            d.u.i.k.p.i.AbstractProblemLoader Init config took 4.13s 
193979     INFO  main            d.u.i.k.p.i.AbstractProblemLoader Replaying proof BFilter[java.lang.Object::<inv>()].JML accessible clause.0 
193982     DEBUG main            d.u.i.k.p.i.IntermediateProofReplayer Proof replay took 1.71ms 
193982     DEBUG main            d.u.i.k.p.r.p.TestFile    ... success: reloaded. 
193983     INFO  main            d.u.i.k.p.r.p.TestFile    Now processing file /home/runner/work/key/key/key.core/../key.ui/examples/heap/permissions/threads/BFilter_inv_accessible2.key 
193983     INFO  main            d.u.i.k.p.i.AbstractProblemLoader Loading environment from /home/runner/work/key/key/key.core/../key.ui/examples/heap/permissions/threads/BFilter_inv_accessible2.key 
193984     DEBUG main            d.u.i.k.p.i.AbstractProblemLoader Environment load took 51ns 
193984     INFO  main            d.u.i.k.p.i.AbstractProblemLoader Creating init config 
198173     DEBUG main            d.u.i.k.p.i.AbstractProblemLoader Init config took 4.19s 
198253     INFO  main            d.u.i.k.p.i.AbstractProblemLoader Replaying proof BFilter[java.lang.Object::<inv>()].JML accessible clause.1 
198254     DEBUG main            d.u.i.k.p.i.IntermediateProofReplayer Proof replay took 7ns 
198356     INFO  main            d.u.i.k.p.r.p.TestFile    ... finished proof: closed. 
198625     INFO  main            d.u.i.k.p.i.AbstractProblemLoader Loading environment from /home/runner/work/key/key/key.core/../key.ui/examples/heap/permissions/threads/BFilter_inv_accessible2.key.proof 
198625     DEBUG main            d.u.i.k.p.i.AbstractProblemLoader Environment load took 97.4ns 
198625     INFO  main            d.u.i.k.p.i.AbstractProblemLoader Creating init config 
202791     DEBUG main            d.u.i.k.p.i.AbstractProblemLoader Init config took 4.17s 
202871     INFO  main            d.u.i.k.p.i.AbstractProblemLoader Replaying proof BFilter[java.lang.Object::<inv>()].JML accessible clause.1 
202874     DEBUG main            d.u.i.k.p.i.IntermediateProofReplayer Proof replay took 1.6ms 
202875     DEBUG main            d.u.i.k.p.r.p.TestFile    ... success: reloaded. 
202876     INFO  main            d.u.i.k.p.r.p.TestFile    Now processing file /home/runner/work/key/key/key.core/../key.ui/examples/heap/permissions/threads/BFilter_joinTransfer_accessible.key 
202876     INFO  main            d.u.i.k.p.i.AbstractProblemLoader Loading environment from /home/runner/work/key/key/key.core/../key.ui/examples/heap/permissions/threads/BFilter_joinTransfer_accessible.key 
202876     DEBUG main            d.u.i.k.p.i.AbstractProblemLoader Environment load took 83ns 
202877     INFO  main            d.u.i.k.p.i.AbstractProblemLoader Creating init config 
207076     DEBUG main            d.u.i.k.p.i.AbstractProblemLoader Init config took 4.2s 
207172     INFO  main            d.u.i.k.p.i.AbstractProblemLoader Replaying proof BFilter[ThreadSpec2::joinTransfer()].JML accessible clause.0 
207174     DEBUG main            d.u.i.k.p.i.IntermediateProofReplayer Proof replay took 5.9ns 
208177     INFO  main            d.u.i.k.p.r.p.TestFile    ... finished proof: closed. 
208514     INFO  main            d.u.i.k.p.i.AbstractProblemLoader Loading environment from /home/runner/work/key/key/key.core/../key.ui/examples/heap/permissions/threads/BFilter_joinTransfer_accessible.key.proof 
208514     DEBUG main            d.u.i.k.p.i.AbstractProblemLoader Environment load took 94.1ns 
208515     INFO  main            d.u.i.k.p.i.AbstractProblemLoader Creating init config 
212657     DEBUG main            d.u.i.k.p.i.AbstractProblemLoader Init config took 4.14s 
212736     INFO  main            d.u.i.k.p.i.AbstractProblemLoader Replaying proof BFilter[ThreadSpec2::joinTransfer()].JML accessible clause.0 
212837     DEBUG main            d.u.i.k.p.i.IntermediateProofReplayer Proof replay took 95.6ms 
212838     DEBUG main            d.u.i.k.p.r.p.TestFile    ... success: reloaded. 
212839     INFO  main            d.u.i.k.p.r.p.TestFile    Now processing file /home/runner/work/key/key/key.core/../key.ui/examples/heap/permissions/threads/BFilter_joinTransfer_contract.key 
212839     INFO  main            d.u.i.k.p.i.AbstractProblemLoader Loading environment from /home/runner/work/key/key/key.core/../key.ui/examples/heap/permissions/threads/BFilter_joinTransfer_contract.key 
212839     DEBUG main            d.u.i.k.p.i.AbstractProblemLoader Environment load took 133.5ns 
212840     INFO  main            d.u.i.k.p.i.AbstractProblemLoader Creating init config 
217060     DEBUG main            d.u.i.k.p.i.AbstractProblemLoader Init config took 4.22s 
217144     INFO  main            d.u.i.k.p.i.AbstractProblemLoader Replaying proof BFilter[ThreadSpec2::joinTransfer()].JML model_behavior operation contract.0 
217145     DEBUG main            d.u.i.k.p.i.IntermediateProofReplayer Proof replay took 6.2ns 
217247     INFO  main            d.u.i.k.p.r.p.TestFile    ... finished proof: closed. 
217642     INFO  main            d.u.i.k.p.i.AbstractProblemLoader Loading environment from /home/runner/work/key/key/key.core/../key.ui/examples/heap/permissions/threads/BFilter_joinTransfer_contract.key.proof 
217642     DEBUG main            d.u.i.k.p.i.AbstractProblemLoader Environment load took 96.6ns 
217643     INFO  main            d.u.i.k.p.i.AbstractProblemLoader Creating init config 
221789     DEBUG main            d.u.i.k.p.i.AbstractProblemLoader Init config took 4.15s 
221882     INFO  main            d.u.i.k.p.i.AbstractProblemLoader Replaying proof BFilter[ThreadSpec2::joinTransfer()].JML model_behavior operation contract.0 
221891     DEBUG main            d.u.i.k.p.i.IntermediateProofReplayer Proof replay took 6.87ms 
221892     DEBUG main            d.u.i.k.p.r.p.TestFile    ... success: reloaded. 
221893     INFO  main            d.u.i.k.p.r.p.TestFile    Now processing file /home/runner/work/key/key/key.core/../key.ui/examples/heap/permissions/threads/BFilter_postJoin_accessible.key 
221893     INFO  main            d.u.i.k.p.i.AbstractProblemLoader Loading environment from /home/runner/work/key/key/key.core/../key.ui/examples/heap/permissions/threads/BFilter_postJoin_accessible.key 
221893     DEBUG main            d.u.i.k.p.i.AbstractProblemLoader Environment load took 73.7ns 
221894     INFO  main            d.u.i.k.p.i.AbstractProblemLoader Creating init config 
226125     DEBUG main            d.u.i.k.p.i.AbstractProblemLoader Init config took 4.23s 
226204     INFO  main            d.u.i.k.p.i.AbstractProblemLoader Replaying proof BFilter[ThreadSpec2::postJoin(java.lang.Object)].JML accessible clause.0 
226206     DEBUG main            d.u.i.k.p.i.IntermediateProofReplayer Proof replay took 6ns 
226309     INFO  main            d.u.i.k.p.r.p.TestFile    ... finished proof: closed. 
226634     INFO  main            d.u.i.k.p.i.AbstractProblemLoader Loading environment from /home/runner/work/key/key/key.core/../key.ui/examples/heap/permissions/threads/BFilter_postJoin_accessible.key.proof 
226634     DEBUG main            d.u.i.k.p.i.AbstractProblemLoader Environment load took 89.1ns 
226636     INFO  main            d.u.i.k.p.i.AbstractProblemLoader Creating init config 
230802     DEBUG main            d.u.i.k.p.i.AbstractProblemLoader Init config took 4.17s 
230881     INFO  main            d.u.i.k.p.i.AbstractProblemLoader Replaying proof BFilter[ThreadSpec2::postJoin(java.lang.Object)].JML accessible clause.0 
230889     DEBUG main            d.u.i.k.p.i.IntermediateProofReplayer Proof replay took 5.56ms 
230890     DEBUG main            d.u.i.k.p.r.p.TestFile    ... success: reloaded. 
230891     INFO  main            d.u.i.k.p.r.p.TestFile    Now processing file /home/runner/work/key/key/key.core/../key.ui/examples/heap/permissions/threads/BFilter_preStart_accessible.key 
230891     INFO  main            d.u.i.k.p.i.AbstractProblemLoader Loading environment from /home/runner/work/key/key/key.core/../key.ui/examples/heap/permissions/threads/BFilter_preStart_accessible.key 
230891     DEBUG main            d.u.i.k.p.i.AbstractProblemLoader Environment load took 49.2ns 
230892     INFO  main            d.u.i.k.p.i.AbstractProblemLoader Creating init config 
235052     DEBUG main            d.u.i.k.p.i.AbstractProblemLoader Init config took 4.16s 
235131     INFO  main            d.u.i.k.p.i.AbstractProblemLoader Replaying proof BFilter[ThreadSpec2::preStart(java.lang.Object)].JML accessible clause.0 
235132     DEBUG main            d.u.i.k.p.i.IntermediateProofReplayer Proof replay took 5.7ns 
235434     INFO  main            d.u.i.k.p.r.p.TestFile    ... finished proof: closed. 
235743     INFO  main            d.u.i.k.p.i.AbstractProblemLoader Loading environment from /home/runner/work/key/key/key.core/../key.ui/examples/heap/permissions/threads/BFilter_preStart_accessible.key.proof 
235743     DEBUG main            d.u.i.k.p.i.AbstractProblemLoader Environment load took 88.5ns 
235744     INFO  main            d.u.i.k.p.i.AbstractProblemLoader Creating init config 
239858     DEBUG main            d.u.i.k.p.i.AbstractProblemLoader Init config took 4.11s 
239939     INFO  main            d.u.i.k.p.i.AbstractProblemLoader Replaying proof BFilter[ThreadSpec2::preStart(java.lang.Object)].JML accessible clause.0 
239972     DEBUG main            d.u.i.k.p.i.IntermediateProofReplayer Proof replay took 27.18ms 
239972     DEBUG main            d.u.i.k.p.r.p.TestFile    ... success: reloaded. 
239973     INFO  main            d.u.i.k.p.r.p.TestFile    Now processing file /home/runner/work/key/key/key.core/../key.ui/examples/heap/permissions/threads/BFilter_startTransfer_accessible.key 
239974     INFO  main            d.u.i.k.p.i.AbstractProblemLoader Loading environment from /home/runner/work/key/key/key.core/../key.ui/examples/heap/permissions/threads/BFilter_startTransfer_accessible.key 
239974     DEBUG main            d.u.i.k.p.i.AbstractProblemLoader Environment load took 45.6ns 
239974     INFO  main            d.u.i.k.p.i.AbstractProblemLoader Creating init config 
244196     DEBUG main            d.u.i.k.p.i.AbstractProblemLoader Init config took 4.22s 
244275     INFO  main            d.u.i.k.p.i.AbstractProblemLoader Replaying proof BFilter[ThreadSpec2::startTransfer()].JML accessible clause.0 
244276     DEBUG main            d.u.i.k.p.i.IntermediateProofReplayer Proof replay took 6.2ns 
253503     INFO  main            d.u.i.k.p.r.p.TestFile    ... finished proof: closed. 
253835     INFO  main            d.u.i.k.p.i.AbstractProblemLoader Loading environment from /home/runner/work/key/key/key.core/../key.ui/examples/heap/permissions/threads/BFilter_startTransfer_accessible.key.proof 
253835     DEBUG main            d.u.i.k.p.i.AbstractProblemLoader Environment load took 315.81ns 
253836     INFO  main            d.u.i.k.p.i.AbstractProblemLoader Creating init config 
257968     DEBUG main            d.u.i.k.p.i.AbstractProblemLoader Init config took 4.13s 
258049     INFO  main            d.u.i.k.p.i.AbstractProblemLoader Replaying proof BFilter[ThreadSpec2::startTransfer()].JML accessible clause.0 
258823     DEBUG main            d.u.i.k.p.i.IntermediateProofReplayer Proof replay took 754.84ms 
258824     DEBUG main            d.u.i.k.p.r.p.TestFile    ... success: reloaded. 
258825     INFO  main            d.u.i.k.p.r.p.TestFile    Now processing file /home/runner/work/key/key/key.core/../key.ui/examples/heap/permissions/threads/BFilter_startTransfer_contract.key 
258825     INFO  main            d.u.i.k.p.i.AbstractProblemLoader Loading environment from /home/runner/work/key/key/key.core/../key.ui/examples/heap/permissions/threads/BFilter_startTransfer_contract.key 
258825     DEBUG main            d.u.i.k.p.i.AbstractProblemLoader Environment load took 69.8ns 
258826     INFO  main            d.u.i.k.p.i.AbstractProblemLoader Creating init config 
263035     DEBUG main            d.u.i.k.p.i.AbstractProblemLoader Init config took 4.21s 
263114     INFO  main            d.u.i.k.p.i.AbstractProblemLoader Replaying proof BFilter[ThreadSpec2::startTransfer()].JML model_behavior operation contract.0 
263115     DEBUG main            d.u.i.k.p.i.IntermediateProofReplayer Proof replay took 6.5ns 
264123     INFO  main            d.u.i.k.p.r.p.TestFile    ... finished proof: closed. 
264425     INFO  main            d.u.i.k.p.i.AbstractProblemLoader Loading environment from /home/runner/work/key/key/key.core/../key.ui/examples/heap/permissions/threads/BFilter_startTransfer_contract.key.proof 
264425     DEBUG main            d.u.i.k.p.i.AbstractProblemLoader Environment load took 92.7ns 
264427     INFO  main            d.u.i.k.p.i.AbstractProblemLoader Creating init config 
268538     DEBUG main            d.u.i.k.p.i.AbstractProblemLoader Init config took 4.11s 
268617     INFO  main            d.u.i.k.p.i.AbstractProblemLoader Replaying proof BFilter[ThreadSpec2::startTransfer()].JML model_behavior operation contract.0 
268719     DEBUG main            d.u.i.k.p.i.IntermediateProofReplayer Proof replay took 97.4ms 
268720     DEBUG main            d.u.i.k.p.r.p.TestFile    ... success: reloaded. 
268721     INFO  main            d.u.i.k.p.r.p.TestFile    Now processing file /home/runner/work/key/key/key.core/../key.ui/examples/heap/permissions/threads/BFilter_stateInv_accessible.key 
268721     INFO  main            d.u.i.k.p.i.AbstractProblemLoader Loading environment from /home/runner/work/key/key/key.core/../key.ui/examples/heap/permissions/threads/BFilter_stateInv_accessible.key 
268721     DEBUG main            d.u.i.k.p.i.AbstractProblemLoader Environment load took 55ns 
268722     INFO  main            d.u.i.k.p.i.AbstractProblemLoader Creating init config 
272899     DEBUG main            d.u.i.k.p.i.AbstractProblemLoader Init config took 4.18s 
272995     INFO  main            d.u.i.k.p.i.AbstractProblemLoader Replaying proof BFilter[ThreadSpec2::stateInv()].JML accessible clause.0 
272996     DEBUG main            d.u.i.k.p.i.IntermediateProofReplayer Proof replay took 6ns 
273298     INFO  main            d.u.i.k.p.r.p.TestFile    ... finished proof: closed. 
273616     INFO  main            d.u.i.k.p.i.AbstractProblemLoader Loading environment from /home/runner/work/key/key/key.core/../key.ui/examples/heap/permissions/threads/BFilter_stateInv_accessible.key.proof 
273616     DEBUG main            d.u.i.k.p.i.AbstractProblemLoader Environment load took 85.5ns 
273617     INFO  main            d.u.i.k.p.i.AbstractProblemLoader Creating init config 
277732     DEBUG main            d.u.i.k.p.i.AbstractProblemLoader Init config took 4.12s 
277827     INFO  main            d.u.i.k.p.i.AbstractProblemLoader Replaying proof BFilter[ThreadSpec2::stateInv()].JML accessible clause.0 
277865     DEBUG main            d.u.i.k.p.i.IntermediateProofReplayer Proof replay took 35.97ms 
277866     DEBUG main            d.u.i.k.p.r.p.TestFile    ... success: reloaded. 
277867     INFO  main            d.u.i.k.p.r.p.TestFile    Now processing file /home/runner/work/key/key/key.core/../key.ui/examples/heap/permissions/threads/BFilter_staticPermissions_accessible.key 
277867     INFO  main            d.u.i.k.p.i.AbstractProblemLoader Loading environment from /home/runner/work/key/key/key.core/../key.ui/examples/heap/permissions/threads/BFilter_staticPermissions_accessible.key 
277867     DEBUG main            d.u.i.k.p.i.AbstractProblemLoader Environment load took 68.3ns 
277868     INFO  main            d.u.i.k.p.i.AbstractProblemLoader Creating init config 
282074     DEBUG main            d.u.i.k.p.i.AbstractProblemLoader Init config took 4.21s 
282156     INFO  main            d.u.i.k.p.i.AbstractProblemLoader Replaying proof BFilter[ThreadSpec2::staticPermissions()].JML accessible clause.0 
282157     DEBUG main            d.u.i.k.p.i.IntermediateProofReplayer Proof replay took 5.8ns 
282259     INFO  main            d.u.i.k.p.r.p.TestFile    ... finished proof: closed. 
282596     INFO  main            d.u.i.k.p.i.AbstractProblemLoader Loading environment from /home/runner/work/key/key/key.core/../key.ui/examples/heap/permissions/threads/BFilter_staticPermissions_accessible.key.proof 
282596     DEBUG main            d.u.i.k.p.i.AbstractProblemLoader Environment load took 85.4ns 
282597     INFO  main            d.u.i.k.p.i.AbstractProblemLoader Creating init config 
286720     DEBUG main            d.u.i.k.p.i.AbstractProblemLoader Init config took 4.12s 
286809     INFO  main            d.u.i.k.p.i.AbstractProblemLoader Replaying proof BFilter[ThreadSpec2::staticPermissions()].JML accessible clause.0 
286818     DEBUG main            d.u.i.k.p.i.IntermediateProofReplayer Proof replay took 7.84ms 
286819     DEBUG main            d.u.i.k.p.r.p.TestFile    ... success: reloaded. 
286820     INFO  main            d.u.i.k.p.r.p.TestFile    Now processing file /home/runner/work/key/key/key.core/../key.ui/examples/heap/permissions/threads/BFilter_workingPermissions_accessible.key 
286820     INFO  main            d.u.i.k.p.i.AbstractProblemLoader Loading environment from /home/runner/work/key/key/key.core/../key.ui/examples/heap/permissions/threads/BFilter_workingPermissions_accessible.key 
286820     DEBUG main            d.u.i.k.p.i.AbstractProblemLoader Environment load took 68.7ns 
286821     INFO  main            d.u.i.k.p.i.AbstractProblemLoader Creating init config 
291016     DEBUG main            d.u.i.k.p.i.AbstractProblemLoader Init config took 4.2s 
291095     INFO  main            d.u.i.k.p.i.AbstractProblemLoader Replaying proof BFilter[ThreadSpec2::workingPermissions()].JML accessible clause.0 
291096     DEBUG main            d.u.i.k.p.i.IntermediateProofReplayer Proof replay took 5.4ns 
291198     INFO  main            d.u.i.k.p.r.p.TestFile    ... finished proof: closed. 
291527     INFO  main            d.u.i.k.p.i.AbstractProblemLoader Loading environment from /home/runner/work/key/key/key.core/../key.ui/examples/heap/permissions/threads/BFilter_workingPermissions_accessible.key.proof 
291527     DEBUG main            d.u.i.k.p.i.AbstractProblemLoader Environment load took 86.1ns 
291528     INFO  main            d.u.i.k.p.i.AbstractProblemLoader Creating init config 
295660     DEBUG main            d.u.i.k.p.i.AbstractProblemLoader Init config took 4.13s 
295739     INFO  main            d.u.i.k.p.i.AbstractProblemLoader Replaying proof BFilter[ThreadSpec2::workingPermissions()].JML accessible clause.0 
295747     DEBUG main            d.u.i.k.p.i.IntermediateProofReplayer Proof replay took 6.88ms 
295748     DEBUG main            d.u.i.k.p.r.p.TestFile    ... success: reloaded. 
295749     INFO  main            d.u.i.k.p.r.p.TestFile    Now processing file /home/runner/work/key/key/key.core/../key.ui/examples/heap/permissions/threads/Fib_Fib.key 
295749     INFO  main            d.u.i.k.p.i.AbstractProblemLoader Loading environment from /home/runner/work/key/key/key.core/../key.ui/examples/heap/permissions/threads/Fib_Fib.key 
295749     DEBUG main            d.u.i.k.p.i.AbstractProblemLoader Environment load took 52.2ns 
295750     INFO  main            d.u.i.k.p.i.AbstractProblemLoader Creating init config 
299928     DEBUG main            d.u.i.k.p.i.AbstractProblemLoader Init config took 4.18s 
300007     INFO  main            d.u.i.k.p.i.AbstractProblemLoader Replaying proof Fib[Fib::Fib(int)].JML normal_behavior operation contract.0 
300008     DEBUG main            d.u.i.k.p.i.IntermediateProofReplayer Proof replay took 5.7ns 
300612     INFO  main            d.u.i.k.p.r.p.TestFile    ... finished proof: closed. 
300960     INFO  main            d.u.i.k.p.i.AbstractProblemLoader Loading environment from /home/runner/work/key/key/key.core/../key.ui/examples/heap/permissions/threads/Fib_Fib.key.proof 
300960     DEBUG main            d.u.i.k.p.i.AbstractProblemLoader Environment load took 96.4ns 
300961     INFO  main            d.u.i.k.p.i.AbstractProblemLoader Creating init config 
305074     DEBUG main            d.u.i.k.p.i.AbstractProblemLoader Init config took 4.11s 
305153     INFO  main            d.u.i.k.p.i.AbstractProblemLoader Replaying proof Fib[Fib::Fib(int)].JML normal_behavior operation contract.0 
305245     DEBUG main            d.u.i.k.p.i.IntermediateProofReplayer Proof replay took 90.05ms 
305246     DEBUG main            d.u.i.k.p.r.p.TestFile    ... success: reloaded. 
305247     INFO  main            d.u.i.k.p.r.p.TestFile    Now processing file /home/runner/work/key/key/key.core/../key.ui/examples/heap/permissions/threads/Fib_initPost_accessible.key 
305247     INFO  main            d.u.i.k.p.i.AbstractProblemLoader Loading environment from /home/runner/work/key/key/key.core/../key.ui/examples/heap/permissions/threads/Fib_initPost_accessible.key 
305247     DEBUG main            d.u.i.k.p.i.AbstractProblemLoader Environment load took 69.9ns 
305248     INFO  main            d.u.i.k.p.i.AbstractProblemLoader Creating init config 
309441     DEBUG main            d.u.i.k.p.i.AbstractProblemLoader Init config took 4.19s 
309520     INFO  main            d.u.i.k.p.i.AbstractProblemLoader Replaying proof Fib[ThreadSpec::initPost()].JML accessible clause.0 
309521     DEBUG main            d.u.i.k.p.i.IntermediateProofReplayer Proof replay took 5.6ns 
309622     INFO  main            d.u.i.k.p.r.p.TestFile    ... finished proof: closed. 
309963     INFO  main            d.u.i.k.p.i.AbstractProblemLoader Loading environment from /home/runner/work/key/key/key.core/../key.ui/examples/heap/permissions/threads/Fib_initPost_accessible.key.proof 
309963     DEBUG main            d.u.i.k.p.i.AbstractProblemLoader Environment load took 83.2ns 
309963     INFO  main            d.u.i.k.p.i.AbstractProblemLoader Creating init config 
314064     DEBUG main            d.u.i.k.p.i.AbstractProblemLoader Init config took 4.1s 
314143     INFO  main            d.u.i.k.p.i.AbstractProblemLoader Replaying proof Fib[ThreadSpec::initPost()].JML accessible clause.0 
314149     DEBUG main            d.u.i.k.p.i.IntermediateProofReplayer Proof replay took 4.38ms 
314150     DEBUG main            d.u.i.k.p.r.p.TestFile    ... success: reloaded. 
314151     INFO  main            d.u.i.k.p.r.p.TestFile    Now processing file /home/runner/work/key/key/key.core/../key.ui/examples/heap/permissions/threads/Fib_inv1_accessible.key 
314151     INFO  main            d.u.i.k.p.i.AbstractProblemLoader Loading environment from /home/runner/work/key/key/key.core/../key.ui/examples/heap/permissions/threads/Fib_inv1_accessible.key 
314151     DEBUG main            d.u.i.k.p.i.AbstractProblemLoader Environment load took 81.9ns 
314152     INFO  main            d.u.i.k.p.i.AbstractProblemLoader Creating init config 
318340     DEBUG main            d.u.i.k.p.i.AbstractProblemLoader Init config took 4.19s 
318419     INFO  main            d.u.i.k.p.i.AbstractProblemLoader Replaying proof Fib[java.lang.Object::<inv>()].JML accessible clause.0 
318420     DEBUG main            d.u.i.k.p.i.IntermediateProofReplayer Proof replay took 6ns 
318523     INFO  main            d.u.i.k.p.r.p.TestFile    ... finished proof: closed. 
318867     INFO  main            d.u.i.k.p.i.AbstractProblemLoader Loading environment from /home/runner/work/key/key/key.core/../key.ui/examples/heap/permissions/threads/Fib_inv1_accessible.key.proof 
318867     DEBUG main            d.u.i.k.p.i.AbstractProblemLoader Environment load took 79.9ns 
318868     INFO  main            d.u.i.k.p.i.AbstractProblemLoader Creating init config 
322979     DEBUG main            d.u.i.k.p.i.AbstractProblemLoader Init config took 4.11s 
323057     INFO  main            d.u.i.k.p.i.AbstractProblemLoader Replaying proof Fib[java.lang.Object::<inv>()].JML accessible clause.0 
323060     DEBUG main            d.u.i.k.p.i.IntermediateProofReplayer Proof replay took 1.47ms 
323061     DEBUG main            d.u.i.k.p.r.p.TestFile    ... success: reloaded. 
323062     INFO  main            d.u.i.k.p.r.p.TestFile    Now processing file /home/runner/work/key/key/key.core/../key.ui/examples/heap/permissions/threads/Fib_inv2_accessible.key 
323062     INFO  main            d.u.i.k.p.i.AbstractProblemLoader Loading environment from /home/runner/work/key/key/key.core/../key.ui/examples/heap/permissions/threads/Fib_inv2_accessible.key 
323062     DEBUG main            d.u.i.k.p.i.AbstractProblemLoader Environment load took 66.4ns 
323063     INFO  main            d.u.i.k.p.i.AbstractProblemLoader Creating init config 
327249     DEBUG main            d.u.i.k.p.i.AbstractProblemLoader Init config took 4.19s 
327328     INFO  main            d.u.i.k.p.i.AbstractProblemLoader Replaying proof Fib[java.lang.Object::<inv>()].JML accessible clause.1 
327329     DEBUG main            d.u.i.k.p.i.IntermediateProofReplayer Proof replay took 6.2ns 
327430     INFO  main            d.u.i.k.p.r.p.TestFile    ... finished proof: closed. 
327780     INFO  main            d.u.i.k.p.i.AbstractProblemLoader Loading environment from /home/runner/work/key/key/key.core/../key.ui/examples/heap/permissions/threads/Fib_inv2_accessible.key.proof 
327780     DEBUG main            d.u.i.k.p.i.AbstractProblemLoader Environment load took 77.4ns 
327781     INFO  main            d.u.i.k.p.i.AbstractProblemLoader Creating init config 
331897     DEBUG main            d.u.i.k.p.i.AbstractProblemLoader Init config took 4.12s 
331977     INFO  main            d.u.i.k.p.i.AbstractProblemLoader Replaying proof Fib[java.lang.Object::<inv>()].JML accessible clause.1 
331980     DEBUG main            d.u.i.k.p.i.IntermediateProofReplayer Proof replay took 1.52ms 
331981     DEBUG main            d.u.i.k.p.r.p.TestFile    ... success: reloaded. 
331981     INFO  main            d.u.i.k.p.r.p.TestFile    Now processing file /home/runner/work/key/key/key.core/../key.ui/examples/heap/permissions/threads/Fib_joinTransfer_accessible.key 
331982     INFO  main            d.u.i.k.p.i.AbstractProblemLoader Loading environment from /home/runner/work/key/key/key.core/../key.ui/examples/heap/permissions/threads/Fib_joinTransfer_accessible.key 
331982     DEBUG main            d.u.i.k.p.i.AbstractProblemLoader Environment load took 44.3ns 
331982     INFO  main            d.u.i.k.p.i.AbstractProblemLoader Creating init config 
336172     DEBUG main            d.u.i.k.p.i.AbstractProblemLoader Init config took 4.19s 
336254     INFO  main            d.u.i.k.p.i.AbstractProblemLoader Replaying proof Fib[ThreadSpec::joinTransfer()].JML accessible clause.0 
336256     DEBUG main            d.u.i.k.p.i.IntermediateProofReplayer Proof replay took 6.5ns 
336458     INFO  main            d.u.i.k.p.r.p.TestFile    ... finished proof: closed. 
336815     INFO  main            d.u.i.k.p.i.AbstractProblemLoader Loading environment from /home/runner/work/key/key/key.core/../key.ui/examples/heap/permissions/threads/Fib_joinTransfer_accessible.key.proof 
336815     DEBUG main            d.u.i.k.p.i.AbstractProblemLoader Environment load took 80.8ns 
336816     INFO  main            d.u.i.k.p.i.AbstractProblemLoader Creating init config 
340937     DEBUG main            d.u.i.k.p.i.AbstractProblemLoader Init config took 4.12s 
341016     INFO  main            d.u.i.k.p.i.AbstractProblemLoader Replaying proof Fib[ThreadSpec::joinTransfer()].JML accessible clause.0 
341053     DEBUG main            d.u.i.k.p.i.IntermediateProofReplayer Proof replay took 35.09ms 
341054     DEBUG main            d.u.i.k.p.r.p.TestFile    ... success: reloaded. 
341054     INFO  main            d.u.i.k.p.r.p.TestFile    Now processing file /home/runner/work/key/key/key.core/../key.ui/examples/heap/permissions/threads/Fib_joinTransfer_contract.key 
341055     INFO  main            d.u.i.k.p.i.AbstractProblemLoader Loading environment from /home/runner/work/key/key/key.core/../key.ui/examples/heap/permissions/threads/Fib_joinTransfer_contract.key 
341055     DEBUG main            d.u.i.k.p.i.AbstractProblemLoader Environment load took 66.9ns 
341055     INFO  main            d.u.i.k.p.i.AbstractProblemLoader Creating init config 
345254     DEBUG main            d.u.i.k.p.i.AbstractProblemLoader Init config took 4.2s 
345333     INFO  main            d.u.i.k.p.i.AbstractProblemLoader Replaying proof Fib[ThreadSpec::joinTransfer()].JML model_behavior operation contract.0 
345334     DEBUG main            d.u.i.k.p.i.IntermediateProofReplayer Proof replay took 6.6ns 
345435     INFO  main            d.u.i.k.p.r.p.TestFile    ... finished proof: closed. 
345797     INFO  main            d.u.i.k.p.i.AbstractProblemLoader Loading environment from /home/runner/work/key/key/key.core/../key.ui/examples/heap/permissions/threads/Fib_joinTransfer_contract.key.proof 
345797     DEBUG main            d.u.i.k.p.i.AbstractProblemLoader Environment load took 79.9ns 
345798     INFO  main            d.u.i.k.p.i.AbstractProblemLoader Creating init config 
349935     DEBUG main            d.u.i.k.p.i.AbstractProblemLoader Init config took 4.14s 
350026     INFO  main            d.u.i.k.p.i.AbstractProblemLoader Replaying proof Fib[ThreadSpec::joinTransfer()].JML model_behavior operation contract.0 
350033     DEBUG main            d.u.i.k.p.i.IntermediateProofReplayer Proof replay took 6.04ms 
350034     DEBUG main            d.u.i.k.p.r.p.TestFile    ... success: reloaded. 
350035     INFO  main            d.u.i.k.p.r.p.TestFile    Now processing file /home/runner/work/key/key/key.core/../key.ui/examples/heap/permissions/threads/Fib_postJoin_accessible.key 
350035     INFO  main            d.u.i.k.p.i.AbstractProblemLoader Loading environment from /home/runner/work/key/key/key.core/../key.ui/examples/heap/permissions/threads/Fib_postJoin_accessible.key 
350036     DEBUG main            d.u.i.k.p.i.AbstractProblemLoader Environment load took 130.7ns 
350036     INFO  main            d.u.i.k.p.i.AbstractProblemLoader Creating init config 
354220     DEBUG main            d.u.i.k.p.i.AbstractProblemLoader Init config took 4.18s 
354299     INFO  main            d.u.i.k.p.i.AbstractProblemLoader Replaying proof Fib[ThreadSpec::postJoin(java.lang.Object)].JML accessible clause.0 
354300     DEBUG main            d.u.i.k.p.i.IntermediateProofReplayer Proof replay took 6.9ns 
354402     INFO  main            d.u.i.k.p.r.p.TestFile    ... finished proof: closed. 
354771     INFO  main            d.u.i.k.p.i.AbstractProblemLoader Loading environment from /home/runner/work/key/key/key.core/../key.ui/examples/heap/permissions/threads/Fib_postJoin_accessible.key.proof 
354771     DEBUG main            d.u.i.k.p.i.AbstractProblemLoader Environment load took 78.2ns 
354772     INFO  main            d.u.i.k.p.i.AbstractProblemLoader Creating init config 
358912     DEBUG main            d.u.i.k.p.i.AbstractProblemLoader Init config took 4.14s 
359001     INFO  main            d.u.i.k.p.i.AbstractProblemLoader Replaying proof Fib[ThreadSpec::postJoin(java.lang.Object)].JML accessible clause.0 
359007     DEBUG main            d.u.i.k.p.i.IntermediateProofReplayer Proof replay took 4.61ms 
359008     DEBUG main            d.u.i.k.p.r.p.TestFile    ... success: reloaded. 
359008     INFO  main            d.u.i.k.p.r.p.TestFile    Now processing file /home/runner/work/key/key/key.core/../key.ui/examples/heap/permissions/threads/Fib_preStart_accessible.key 
359009     INFO  main            d.u.i.k.p.i.AbstractProblemLoader Loading environment from /home/runner/work/key/key/key.core/../key.ui/examples/heap/permissions/threads/Fib_preStart_accessible.key 
359009     DEBUG main            d.u.i.k.p.i.AbstractProblemLoader Environment load took 62.2ns 
359009     INFO  main            d.u.i.k.p.i.AbstractProblemLoader Creating init config 
363197     DEBUG main            d.u.i.k.p.i.AbstractProblemLoader Init config took 4.19s 
363275     INFO  main            d.u.i.k.p.i.AbstractProblemLoader Replaying proof Fib[ThreadSpec::preStart(java.lang.Object)].JML accessible clause.0 
363276     DEBUG main            d.u.i.k.p.i.IntermediateProofReplayer Proof replay took 6.8ns 
363378     INFO  main            d.u.i.k.p.r.p.TestFile    ... finished proof: closed. 
363751     INFO  main            d.u.i.k.p.i.AbstractProblemLoader Loading environment from /home/runner/work/key/key/key.core/../key.ui/examples/heap/permissions/threads/Fib_preStart_accessible.key.proof 
363752     DEBUG main            d.u.i.k.p.i.AbstractProblemLoader Environment load took 79.2ns 
363752     INFO  main            d.u.i.k.p.i.AbstractProblemLoader Creating init config 
367899     DEBUG main            d.u.i.k.p.i.AbstractProblemLoader Init config took 4.15s 
367981     INFO  main            d.u.i.k.p.i.AbstractProblemLoader Replaying proof Fib[ThreadSpec::preStart(java.lang.Object)].JML accessible clause.0 
367987     DEBUG main            d.u.i.k.p.i.IntermediateProofReplayer Proof replay took 4.68ms 
367987     DEBUG main            d.u.i.k.p.r.p.TestFile    ... success: reloaded. 
367988     INFO  main            d.u.i.k.p.r.p.TestFile    Now processing file /home/runner/work/key/key/key.core/../key.ui/examples/heap/permissions/threads/Fib_startTransfer_accessible.key 
367988     INFO  main            d.u.i.k.p.i.AbstractProblemLoader Loading environment from /home/runner/work/key/key/key.core/../key.ui/examples/heap/permissions/threads/Fib_startTransfer_accessible.key 
367988     DEBUG main            d.u.i.k.p.i.AbstractProblemLoader Environment load took 72.5ns 
367989     INFO  main            d.u.i.k.p.i.AbstractProblemLoader Creating init config 
372173     DEBUG main            d.u.i.k.p.i.AbstractProblemLoader Init config took 4.18s 
372264     INFO  main            d.u.i.k.p.i.AbstractProblemLoader Replaying proof Fib[ThreadSpec::startTransfer()].JML accessible clause.0 
372266     DEBUG main            d.u.i.k.p.i.IntermediateProofReplayer Proof replay took 6.1ns 
372467     INFO  main            d.u.i.k.p.r.p.TestFile    ... finished proof: closed. 
372868     INFO  main            d.u.i.k.p.i.AbstractProblemLoader Loading environment from /home/runner/work/key/key/key.core/../key.ui/examples/heap/permissions/threads/Fib_startTransfer_accessible.key.proof 
372868     DEBUG main            d.u.i.k.p.i.AbstractProblemLoader Environment load took 87.4ns 
372868     INFO  main            d.u.i.k.p.i.AbstractProblemLoader Creating init config 
377030     DEBUG main            d.u.i.k.p.i.AbstractProblemLoader Init config took 4.16s 
377109     INFO  main            d.u.i.k.p.i.AbstractProblemLoader Replaying proof Fib[ThreadSpec::startTransfer()].JML accessible clause.0 
377144     DEBUG main            d.u.i.k.p.i.IntermediateProofReplayer Proof replay took 33.32ms 
377145     DEBUG main            d.u.i.k.p.r.p.TestFile    ... success: reloaded. 
377146     INFO  main            d.u.i.k.p.r.p.TestFile    Now processing file /home/runner/work/key/key/key.core/../key.ui/examples/heap/permissions/threads/Fib_startTransfer_contract.key 
377146     INFO  main            d.u.i.k.p.i.AbstractProblemLoader Loading environment from /home/runner/work/key/key/key.core/../key.ui/examples/heap/permissions/threads/Fib_startTransfer_contract.key 
377146     DEBUG main            d.u.i.k.p.i.AbstractProblemLoader Environment load took 58.5ns 
377147     INFO  main            d.u.i.k.p.i.AbstractProblemLoader Creating init config 
381359     DEBUG main            d.u.i.k.p.i.AbstractProblemLoader Init config took 4.21s 
381438     INFO  main            d.u.i.k.p.i.AbstractProblemLoader Replaying proof Fib[ThreadSpec::startTransfer()].JML model_behavior operation contract.0 
381440     DEBUG main            d.u.i.k.p.i.IntermediateProofReplayer Proof replay took 7.3ns 
381541     INFO  main            d.u.i.k.p.r.p.TestFile    ... finished proof: closed. 
381957     INFO  main            d.u.i.k.p.i.AbstractProblemLoader Loading environment from /home/runner/work/key/key/key.core/../key.ui/examples/heap/permissions/threads/Fib_startTransfer_contract.key.proof 
381957     DEBUG main            d.u.i.k.p.i.AbstractProblemLoader Environment load took 77.8ns 
381958     INFO  main            d.u.i.k.p.i.AbstractProblemLoader Creating init config 
386096     DEBUG main            d.u.i.k.p.i.AbstractProblemLoader Init config took 4.14s 
386174     INFO  main            d.u.i.k.p.i.AbstractProblemLoader Replaying proof Fib[ThreadSpec::startTransfer()].JML model_behavior operation contract.0 
386182     DEBUG main            d.u.i.k.p.i.IntermediateProofReplayer Proof replay took 6.19ms 
386182     DEBUG main            d.u.i.k.p.r.p.TestFile    ... success: reloaded. 
386183     INFO  main            d.u.i.k.p.r.p.TestFile    Now processing file /home/runner/work/key/key/key.core/../key.ui/examples/heap/permissions/threads/Fib_workingPermissions_accessible.key 
386183     INFO  main            d.u.i.k.p.i.AbstractProblemLoader Loading environment from /home/runner/work/key/key/key.core/../key.ui/examples/heap/permissions/threads/Fib_workingPermissions_accessible.key 
386183     DEBUG main            d.u.i.k.p.i.AbstractProblemLoader Environment load took 44.6ns 
386184     INFO  main            d.u.i.k.p.i.AbstractProblemLoader Creating init config 
390381     DEBUG main            d.u.i.k.p.i.AbstractProblemLoader Init config took 4.2s 
390460     INFO  main            d.u.i.k.p.i.AbstractProblemLoader Replaying proof Fib[ThreadSpec::workingPermissions()].JML accessible clause.0 
390461     DEBUG main            d.u.i.k.p.i.IntermediateProofReplayer Proof replay took 6.4ns 
390562     INFO  main            d.u.i.k.p.r.p.TestFile    ... finished proof: closed. 
390953     INFO  main            d.u.i.k.p.i.AbstractProblemLoader Loading environment from /home/runner/work/key/key/key.core/../key.ui/examples/heap/permissions/threads/Fib_workingPermissions_accessible.key.proof 
390954     DEBUG main            d.u.i.k.p.i.AbstractProblemLoader Environment load took 93.1ns 
390954     INFO  main            d.u.i.k.p.i.AbstractProblemLoader Creating init config 
395095     DEBUG main            d.u.i.k.p.i.AbstractProblemLoader Init config took 4.14s 
395175     INFO  main            d.u.i.k.p.i.AbstractProblemLoader Replaying proof Fib[ThreadSpec::workingPermissions()].JML accessible clause.0 
395178     DEBUG main            d.u.i.k.p.i.IntermediateProofReplayer Proof replay took 1.86ms 
395179     DEBUG main            d.u.i.k.p.r.p.TestFile    ... success: reloaded. 
395180     INFO  main            d.u.i.k.p.r.p.TestFile    Now processing file /home/runner/work/key/key/key.core/../key.ui/examples/heap/permissions/threads/Plotter_initPost_accessible.key 
395180     INFO  main            d.u.i.k.p.i.AbstractProblemLoader Loading environment from /home/runner/work/key/key/key.core/../key.ui/examples/heap/permissions/threads/Plotter_initPost_accessible.key 
395180     DEBUG main            d.u.i.k.p.i.AbstractProblemLoader Environment load took 40ns 
395180     INFO  main            d.u.i.k.p.i.AbstractProblemLoader Creating init config 
399400     DEBUG main            d.u.i.k.p.i.AbstractProblemLoader Init config took 4.22s 
399491     INFO  main            d.u.i.k.p.i.AbstractProblemLoader Replaying proof Plotter[ThreadSpec2::initPost()].JML accessible clause.0 
399492     DEBUG main            d.u.i.k.p.i.IntermediateProofReplayer Proof replay took 5.6ns 
399593     INFO  main            d.u.i.k.p.r.p.TestFile    ... finished proof: closed. 
399991     INFO  main            d.u.i.k.p.i.AbstractProblemLoader Loading environment from /home/runner/work/key/key/key.core/../key.ui/examples/heap/permissions/threads/Plotter_initPost_accessible.key.proof 
399991     DEBUG main            d.u.i.k.p.i.AbstractProblemLoader Environment load took 78.9ns 
399992     INFO  main            d.u.i.k.p.i.AbstractProblemLoader Creating init config 
404156     DEBUG main            d.u.i.k.p.i.AbstractProblemLoader Init config took 4.16s 
404244     INFO  main            d.u.i.k.p.i.AbstractProblemLoader Replaying proof Plotter[ThreadSpec2::initPost()].JML accessible clause.0 
404258     DEBUG main            d.u.i.k.p.i.IntermediateProofReplayer Proof replay took 11.7ms 
404258     DEBUG main            d.u.i.k.p.r.p.TestFile    ... success: reloaded. 
404259     INFO  main            d.u.i.k.p.r.p.TestFile    Now processing file /home/runner/work/key/key/key.core/../key.ui/examples/heap/permissions/threads/Plotter_inv_accessible1.key 
404259     INFO  main            d.u.i.k.p.i.AbstractProblemLoader Loading environment from /home/runner/work/key/key/key.core/../key.ui/examples/heap/permissions/threads/Plotter_inv_accessible1.key 
404259     DEBUG main            d.u.i.k.p.i.AbstractProblemLoader Environment load took 42.5ns 
404260     INFO  main            d.u.i.k.p.i.AbstractProblemLoader Creating init config 
408464     DEBUG main            d.u.i.k.p.i.AbstractProblemLoader Init config took 4.2s 
408542     INFO  main            d.u.i.k.p.i.AbstractProblemLoader Replaying proof Plotter[java.lang.Object::<inv>()].JML accessible clause.0 
408543     DEBUG main            d.u.i.k.p.i.IntermediateProofReplayer Proof replay took 7.4ns 
408645     INFO  main            d.u.i.k.p.r.p.TestFile    ... finished proof: closed. 
409058     INFO  main            d.u.i.k.p.i.AbstractProblemLoader Loading environment from /home/runner/work/key/key/key.core/../key.ui/examples/heap/permissions/threads/Plotter_inv_accessible1.key.proof 
409058     DEBUG main            d.u.i.k.p.i.AbstractProblemLoader Environment load took 73.3ns 
409059     INFO  main            d.u.i.k.p.i.AbstractProblemLoader Creating init config 
413186     DEBUG main            d.u.i.k.p.i.AbstractProblemLoader Init config took 4.13s 
413274     INFO  main            d.u.i.k.p.i.AbstractProblemLoader Replaying proof Plotter[java.lang.Object::<inv>()].JML accessible clause.0 
413276     DEBUG main            d.u.i.k.p.i.IntermediateProofReplayer Proof replay took 1.46ms 
413277     DEBUG main            d.u.i.k.p.r.p.TestFile    ... success: reloaded. 
413278     INFO  main            d.u.i.k.p.r.p.TestFile    Now processing file /home/runner/work/key/key/key.core/../key.ui/examples/heap/permissions/threads/Plotter_inv_accessible2.key 
413278     INFO  main            d.u.i.k.p.i.AbstractProblemLoader Loading environment from /home/runner/work/key/key/key.core/../key.ui/examples/heap/permissions/threads/Plotter_inv_accessible2.key 
413278     DEBUG main            d.u.i.k.p.i.AbstractProblemLoader Environment load took 63.2ns 
413279     INFO  main            d.u.i.k.p.i.AbstractProblemLoader Creating init config 
417464     DEBUG main            d.u.i.k.p.i.AbstractProblemLoader Init config took 4.19s 
417555     INFO  main            d.u.i.k.p.i.AbstractProblemLoader Replaying proof Plotter[java.lang.Object::<inv>()].JML accessible clause.1 
417557     DEBUG main            d.u.i.k.p.i.IntermediateProofReplayer Proof replay took 7.3ns 
417658     INFO  main            d.u.i.k.p.r.p.TestFile    ... finished proof: closed. 
418065     INFO  main            d.u.i.k.p.i.AbstractProblemLoader Loading environment from /home/runner/work/key/key/key.core/../key.ui/examples/heap/permissions/threads/Plotter_inv_accessible2.key.proof 
418065     DEBUG main            d.u.i.k.p.i.AbstractProblemLoader Environment load took 74.8ns 
418066     INFO  main            d.u.i.k.p.i.AbstractProblemLoader Creating init config 
422200     DEBUG main            d.u.i.k.p.i.AbstractProblemLoader Init config took 4.13s 
422277     INFO  main            d.u.i.k.p.i.AbstractProblemLoader Replaying proof Plotter[java.lang.Object::<inv>()].JML accessible clause.1 
422280     DEBUG main            d.u.i.k.p.i.IntermediateProofReplayer Proof replay took 1.46ms 
422281     DEBUG main            d.u.i.k.p.r.p.TestFile    ... success: reloaded. 
422281     INFO  main            d.u.i.k.p.r.p.TestFile    Now processing file /home/runner/work/key/key/key.core/../key.ui/examples/heap/permissions/threads/Plotter_joinTransfer_contract.key 
422282     INFO  main            d.u.i.k.p.i.AbstractProblemLoader Loading environment from /home/runner/work/key/key/key.core/../key.ui/examples/heap/permissions/threads/Plotter_joinTransfer_contract.key 
422282     DEBUG main            d.u.i.k.p.i.AbstractProblemLoader Environment load took 87.7ns 
422283     INFO  main            d.u.i.k.p.i.AbstractProblemLoader Creating init config 
426471     DEBUG main            d.u.i.k.p.i.AbstractProblemLoader Init config took 4.19s 
426549     INFO  main            d.u.i.k.p.i.AbstractProblemLoader Replaying proof Plotter[ThreadSpec2::joinTransfer()].JML model_behavior operation contract.0 
426550     DEBUG main            d.u.i.k.p.i.IntermediateProofReplayer Proof replay took 6.7ns 
426652     INFO  main            d.u.i.k.p.r.p.TestFile    ... finished proof: closed. 
427085     INFO  main            d.u.i.k.p.i.AbstractProblemLoader Loading environment from /home/runner/work/key/key/key.core/../key.ui/examples/heap/permissions/threads/Plotter_joinTransfer_contract.key.proof 
427085     DEBUG main            d.u.i.k.p.i.AbstractProblemLoader Environment load took 75.3ns 
427086     INFO  main            d.u.i.k.p.i.AbstractProblemLoader Creating init config 
431209     DEBUG main            d.u.i.k.p.i.AbstractProblemLoader Init config took 4.12s 
431287     INFO  main            d.u.i.k.p.i.AbstractProblemLoader Replaying proof Plotter[ThreadSpec2::joinTransfer()].JML model_behavior operation contract.0 
431295     DEBUG main            d.u.i.k.p.i.IntermediateProofReplayer Proof replay took 6.85ms 
431296     DEBUG main            d.u.i.k.p.r.p.TestFile    ... success: reloaded. 
431296     INFO  main            d.u.i.k.p.r.p.TestFile    Now processing file /home/runner/work/key/key/key.core/../key.ui/examples/heap/permissions/threads/Plotter_Plotter.key 
431297     INFO  main            d.u.i.k.p.i.AbstractProblemLoader Loading environment from /home/runner/work/key/key/key.core/../key.ui/examples/heap/permissions/threads/Plotter_Plotter.key 
431297     DEBUG main            d.u.i.k.p.i.AbstractProblemLoader Environment load took 41.5ns 
431297     INFO  main            d.u.i.k.p.i.AbstractProblemLoader Creating init config 
435478     DEBUG main            d.u.i.k.p.i.AbstractProblemLoader Init config took 4.18s 
435556     INFO  main            d.u.i.k.p.i.AbstractProblemLoader Replaying proof Plotter[Plotter::Plotter(AFilter,BFilter,Buffer)].JML normal_behavior operation contract.0 
435557     DEBUG main            d.u.i.k.p.i.IntermediateProofReplayer Proof replay took 6.8ns 
437161     INFO  main            d.u.i.k.p.r.p.TestFile    ... finished proof: closed. 
437597     INFO  main            d.u.i.k.p.i.AbstractProblemLoader Loading environment from /home/runner/work/key/key/key.core/../key.ui/examples/heap/permissions/threads/Plotter_Plotter.key.proof 
437597     DEBUG main            d.u.i.k.p.i.AbstractProblemLoader Environment load took 81.2ns 
437599     INFO  main            d.u.i.k.p.i.AbstractProblemLoader Creating init config 
441928     DEBUG main            d.u.i.k.p.i.AbstractProblemLoader Init config took 4.33s 
442009     INFO  main            d.u.i.k.p.i.AbstractProblemLoader Replaying proof Plotter[Plotter::Plotter(AFilter,BFilter,Buffer)].JML normal_behavior operation contract.0 
442242     DEBUG main            d.u.i.k.p.i.IntermediateProofReplayer Proof replay took 228.89ms 
442243     DEBUG main            d.u.i.k.p.r.p.TestFile    ... success: reloaded. 
442244     INFO  main            d.u.i.k.p.r.p.TestFile    Now processing file /home/runner/work/key/key/key.core/../key.ui/examples/heap/permissions/threads/Plotter_postJoin_accessible.key 
442244     INFO  main            d.u.i.k.p.i.AbstractProblemLoader Loading environment from /home/runner/work/key/key/key.core/../key.ui/examples/heap/permissions/threads/Plotter_postJoin_accessible.key 
442244     DEBUG main            d.u.i.k.p.i.AbstractProblemLoader Environment load took 41.4ns 
442245     INFO  main            d.u.i.k.p.i.AbstractProblemLoader Creating init config 
446481     DEBUG main            d.u.i.k.p.i.AbstractProblemLoader Init config took 4.24s 
446558     INFO  main            d.u.i.k.p.i.AbstractProblemLoader Replaying proof Plotter[ThreadSpec2::postJoin(java.lang.Object)].JML accessible clause.0 
446560     DEBUG main            d.u.i.k.p.i.IntermediateProofReplayer Proof replay took 7ns 
446661     INFO  main            d.u.i.k.p.r.p.TestFile    ... finished proof: closed. 
447085     INFO  main            d.u.i.k.p.i.AbstractProblemLoader Loading environment from /home/runner/work/key/key/key.core/../key.ui/examples/heap/permissions/threads/Plotter_postJoin_accessible.key.proof 
447085     DEBUG main            d.u.i.k.p.i.AbstractProblemLoader Environment load took 73.3ns 
447086     INFO  main            d.u.i.k.p.i.AbstractProblemLoader Creating init config 
451190     DEBUG main            d.u.i.k.p.i.AbstractProblemLoader Init config took 4.1s 
451267     INFO  main            d.u.i.k.p.i.AbstractProblemLoader Replaying proof Plotter[ThreadSpec2::postJoin(java.lang.Object)].JML accessible clause.0 
451279     DEBUG main            d.u.i.k.p.i.IntermediateProofReplayer Proof replay took 10.12ms 
451279     DEBUG main            d.u.i.k.p.r.p.TestFile    ... success: reloaded. 
451280     INFO  main            d.u.i.k.p.r.p.TestFile    Now processing file /home/runner/work/key/key/key.core/../key.ui/examples/heap/permissions/threads/Plotter_preStart_accessible.key 
451280     INFO  main            d.u.i.k.p.i.AbstractProblemLoader Loading environment from /home/runner/work/key/key/key.core/../key.ui/examples/heap/permissions/threads/Plotter_preStart_accessible.key 
451280     DEBUG main            d.u.i.k.p.i.AbstractProblemLoader Environment load took 40.6ns 
451281     INFO  main            d.u.i.k.p.i.AbstractProblemLoader Creating init config 
455436     DEBUG main            d.u.i.k.p.i.AbstractProblemLoader Init config took 4.16s 
455514     INFO  main            d.u.i.k.p.i.AbstractProblemLoader Replaying proof Plotter[ThreadSpec2::preStart(java.lang.Object)].JML accessible clause.0 
455515     DEBUG main            d.u.i.k.p.i.IntermediateProofReplayer Proof replay took 6.3ns 
456417     INFO  main            d.u.i.k.p.r.p.TestFile    ... finished proof: closed. 
456880     INFO  main            d.u.i.k.p.i.AbstractProblemLoader Loading environment from /home/runner/work/key/key/key.core/../key.ui/examples/heap/permissions/threads/Plotter_preStart_accessible.key.proof 
456880     DEBUG main            d.u.i.k.p.i.AbstractProblemLoader Environment load took 79.4ns 
456881     INFO  main            d.u.i.k.p.i.AbstractProblemLoader Creating init config 
460980     DEBUG main            d.u.i.k.p.i.AbstractProblemLoader Init config took 4.1s 
461058     INFO  main            d.u.i.k.p.i.AbstractProblemLoader Replaying proof Plotter[ThreadSpec2::preStart(java.lang.Object)].JML accessible clause.0 
461134     DEBUG main            d.u.i.k.p.i.IntermediateProofReplayer Proof replay took 73.26ms 
461135     DEBUG main            d.u.i.k.p.r.p.TestFile    ... success: reloaded. 
461136     INFO  main            d.u.i.k.p.r.p.TestFile    Now processing file /home/runner/work/key/key/key.core/../key.ui/examples/heap/permissions/threads/Plotter_stateInv_accessible.key 
461136     INFO  main            d.u.i.k.p.i.AbstractProblemLoader Loading environment from /home/runner/work/key/key/key.core/../key.ui/examples/heap/permissions/threads/Plotter_stateInv_accessible.key 
461136     DEBUG main            d.u.i.k.p.i.AbstractProblemLoader Environment load took 41.9ns 
461137     INFO  main            d.u.i.k.p.i.AbstractProblemLoader Creating init config 
465268     DEBUG main            d.u.i.k.p.i.AbstractProblemLoader Init config took 4.13s 
465345     INFO  main            d.u.i.k.p.i.AbstractProblemLoader Replaying proof Plotter[ThreadSpec2::stateInv()].JML accessible clause.0 
465346     DEBUG main            d.u.i.k.p.i.IntermediateProofReplayer Proof replay took 6.3ns 
472028     INFO  main            d.u.i.k.p.r.p.TestFile    ... finished proof: closed. 
472493     INFO  main            d.u.i.k.p.i.AbstractProblemLoader Loading environment from /home/runner/work/key/key/key.core/../key.ui/examples/heap/permissions/threads/Plotter_stateInv_accessible.key.proof 
472493     DEBUG main            d.u.i.k.p.i.AbstractProblemLoader Environment load took 273.11ns 
472494     INFO  main            d.u.i.k.p.i.AbstractProblemLoader Creating init config 
476581     DEBUG main            d.u.i.k.p.i.AbstractProblemLoader Init config took 4.09s 
476658     INFO  main            d.u.i.k.p.i.AbstractProblemLoader Replaying proof Plotter[ThreadSpec2::stateInv()].JML accessible clause.0 
477267     DEBUG main            d.u.i.k.p.i.IntermediateProofReplayer Proof replay took 594.24ms 
477268     DEBUG main            d.u.i.k.p.r.p.TestFile    ... success: reloaded. 
477269     INFO  main            d.u.i.k.p.r.p.TestFile    Now processing file /home/runner/work/key/key/key.core/../key.ui/examples/heap/permissions/threads/Plotter_staticPermissions_accessible.key 
477269     INFO  main            d.u.i.k.p.i.AbstractProblemLoader Loading environment from /home/runner/work/key/key/key.core/../key.ui/examples/heap/permissions/threads/Plotter_staticPermissions_accessible.key 
477269     DEBUG main            d.u.i.k.p.i.AbstractProblemLoader Environment load took 68.9ns 
477270     INFO  main            d.u.i.k.p.i.AbstractProblemLoader Creating init config 
481429     DEBUG main            d.u.i.k.p.i.AbstractProblemLoader Init config took 4.16s 
481530     INFO  main            d.u.i.k.p.i.AbstractProblemLoader Replaying proof Plotter[ThreadSpec2::staticPermissions()].JML accessible clause.0 
481532     DEBUG main            d.u.i.k.p.i.IntermediateProofReplayer Proof replay took 33.5ns 
482134     INFO  main            d.u.i.k.p.r.p.TestFile    ... finished proof: closed. 
482592     INFO  main            d.u.i.k.p.i.AbstractProblemLoader Loading environment from /home/runner/work/key/key/key.core/../key.ui/examples/heap/permissions/threads/Plotter_staticPermissions_accessible.key.proof 
482592     DEBUG main            d.u.i.k.p.i.AbstractProblemLoader Environment load took 72.4ns 
482592     INFO  main            d.u.i.k.p.i.AbstractProblemLoader Creating init config 
486674     DEBUG main            d.u.i.k.p.i.AbstractProblemLoader Init config took 4.08s 
486751     INFO  main            d.u.i.k.p.i.AbstractProblemLoader Replaying proof Plotter[ThreadSpec2::staticPermissions()].JML accessible clause.0 
486808     DEBUG main            d.u.i.k.p.i.IntermediateProofReplayer Proof replay took 54.1ms 
486809     DEBUG main            d.u.i.k.p.r.p.TestFile    ... success: reloaded. 
486809     INFO  main            d.u.i.k.p.r.p.TestFile    Now processing file /home/runner/work/key/key/key.core/../key.ui/examples/heap/permissions/threads/Plotter_workingPermissions_accessible.key 
486809     INFO  main            d.u.i.k.p.i.AbstractProblemLoader Loading environment from /home/runner/work/key/key/key.core/../key.ui/examples/heap/permissions/threads/Plotter_workingPermissions_accessible.key 
486810     DEBUG main            d.u.i.k.p.i.AbstractProblemLoader Environment load took 91.4ns 
486810     INFO  main            d.u.i.k.p.i.AbstractProblemLoader Creating init config 
490949     DEBUG main            d.u.i.k.p.i.AbstractProblemLoader Init config took 4.14s 
491045     INFO  main            d.u.i.k.p.i.AbstractProblemLoader Replaying proof Plotter[ThreadSpec2::workingPermissions()].JML accessible clause.0 
491046     DEBUG main            d.u.i.k.p.i.IntermediateProofReplayer Proof replay took 2.2ns 
491248     INFO  main            d.u.i.k.p.r.p.TestFile    ... finished proof: closed. 
491704     INFO  main            d.u.i.k.p.i.AbstractProblemLoader Loading environment from /home/runner/work/key/key/key.core/../key.ui/examples/heap/permissions/threads/Plotter_workingPermissions_accessible.key.proof 
491704     DEBUG main            d.u.i.k.p.i.AbstractProblemLoader Environment load took 68.9ns 
491705     INFO  main            d.u.i.k.p.i.AbstractProblemLoader Creating init config 
495782     DEBUG main            d.u.i.k.p.i.AbstractProblemLoader Init config took 4.08s 
495860     INFO  main            d.u.i.k.p.i.AbstractProblemLoader Replaying proof Plotter[ThreadSpec2::workingPermissions()].JML accessible clause.0 
495875     DEBUG main            d.u.i.k.p.i.IntermediateProofReplayer Proof replay took 13.63ms 
495876     DEBUG main            d.u.i.k.p.r.p.TestFile    ... success: reloaded. 
495877     INFO  main            d.u.i.k.p.r.p.TestFile    Now processing file /home/runner/work/key/key/key.core/../key.ui/examples/heap/permissions/threads/Sampler_initPost_accessible.key 
495877     INFO  main            d.u.i.k.p.i.AbstractProblemLoader Loading environment from /home/runner/work/key/key/key.core/../key.ui/examples/heap/permissions/threads/Sampler_initPost_accessible.key 
495877     DEBUG main            d.u.i.k.p.i.AbstractProblemLoader Environment load took 41.4ns 
495877     INFO  main            d.u.i.k.p.i.AbstractProblemLoader Creating init config 
500007     DEBUG main            d.u.i.k.p.i.AbstractProblemLoader Init config took 4.13s 
500102     INFO  main            d.u.i.k.p.i.AbstractProblemLoader Replaying proof Sampler[ThreadSpec2::initPost()].JML accessible clause.0 
500103     DEBUG main            d.u.i.k.p.i.IntermediateProofReplayer Proof replay took 2.3ns 
500204     INFO  main            d.u.i.k.p.r.p.TestFile    ... finished proof: closed. 
500660     INFO  main            d.u.i.k.p.i.AbstractProblemLoader Loading environment from /home/runner/work/key/key/key.core/../key.ui/examples/heap/permissions/threads/Sampler_initPost_accessible.key.proof 
500661     DEBUG main            d.u.i.k.p.i.AbstractProblemLoader Environment load took 68.4ns 
500661     INFO  main            d.u.i.k.p.i.AbstractProblemLoader Creating init config 
504731     DEBUG main            d.u.i.k.p.i.AbstractProblemLoader Init config took 4.07s 
504808     INFO  main            d.u.i.k.p.i.AbstractProblemLoader Replaying proof Sampler[ThreadSpec2::initPost()].JML accessible clause.0 
504814     DEBUG main            d.u.i.k.p.i.IntermediateProofReplayer Proof replay took 4.74ms 
504815     DEBUG main            d.u.i.k.p.r.p.TestFile    ... success: reloaded. 
504816     INFO  main            d.u.i.k.p.r.p.TestFile    Now processing file /home/runner/work/key/key/key.core/../key.ui/examples/heap/permissions/threads/Sampler_inv_accessible1.key 
504816     INFO  main            d.u.i.k.p.i.AbstractProblemLoader Loading environment from /home/runner/work/key/key/key.core/../key.ui/examples/heap/permissions/threads/Sampler_inv_accessible1.key 
504816     DEBUG main            d.u.i.k.p.i.AbstractProblemLoader Environment load took 40.5ns 
504816     INFO  main            d.u.i.k.p.i.AbstractProblemLoader Creating init config 
508931     DEBUG main            d.u.i.k.p.i.AbstractProblemLoader Init config took 4.11s 
509027     INFO  main            d.u.i.k.p.i.AbstractProblemLoader Replaying proof Sampler[java.lang.Object::<inv>()].JML accessible clause.0 
509028     DEBUG main            d.u.i.k.p.i.IntermediateProofReplayer Proof replay took 2.3ns 
509129     INFO  main            d.u.i.k.p.r.p.TestFile    ... finished proof: closed. 
509605     INFO  main            d.u.i.k.p.i.AbstractProblemLoader Loading environment from /home/runner/work/key/key/key.core/../key.ui/examples/heap/permissions/threads/Sampler_inv_accessible1.key.proof 
509605     DEBUG main            d.u.i.k.p.i.AbstractProblemLoader Environment load took 68.6ns 
509606     INFO  main            d.u.i.k.p.i.AbstractProblemLoader Creating init config 
513677     DEBUG main            d.u.i.k.p.i.AbstractProblemLoader Init config took 4.07s 
513755     INFO  main            d.u.i.k.p.i.AbstractProblemLoader Replaying proof Sampler[java.lang.Object::<inv>()].JML accessible clause.0 
513758     DEBUG main            d.u.i.k.p.i.IntermediateProofReplayer Proof replay took 1.52ms 
513759     DEBUG main            d.u.i.k.p.r.p.TestFile    ... success: reloaded. 
513759     INFO  main            d.u.i.k.p.r.p.TestFile    Now processing file /home/runner/work/key/key/key.core/../key.ui/examples/heap/permissions/threads/Sampler_inv_accessible2.key 
513760     INFO  main            d.u.i.k.p.i.AbstractProblemLoader Loading environment from /home/runner/work/key/key/key.core/../key.ui/examples/heap/permissions/threads/Sampler_inv_accessible2.key 
513760     DEBUG main            d.u.i.k.p.i.AbstractProblemLoader Environment load took 68.2ns 
513760     INFO  main            d.u.i.k.p.i.AbstractProblemLoader Creating init config 
517897     DEBUG main            d.u.i.k.p.i.AbstractProblemLoader Init config took 4.14s 
517974     INFO  main            d.u.i.k.p.i.AbstractProblemLoader Replaying proof Sampler[java.lang.Object::<inv>()].JML accessible clause.1 
517975     DEBUG main            d.u.i.k.p.i.IntermediateProofReplayer Proof replay took 3ns 
518076     INFO  main            d.u.i.k.p.r.p.TestFile    ... finished proof: closed. 
518547     INFO  main            d.u.i.k.p.i.AbstractProblemLoader Loading environment from /home/runner/work/key/key/key.core/../key.ui/examples/heap/permissions/threads/Sampler_inv_accessible2.key.proof 
518547     DEBUG main            d.u.i.k.p.i.AbstractProblemLoader Environment load took 77.9ns 
518547     INFO  main            d.u.i.k.p.i.AbstractProblemLoader Creating init config 
522633     DEBUG main            d.u.i.k.p.i.AbstractProblemLoader Init config took 4.09s 
522710     INFO  main            d.u.i.k.p.i.AbstractProblemLoader Replaying proof Sampler[java.lang.Object::<inv>()].JML accessible clause.1 
522712     DEBUG main            d.u.i.k.p.i.IntermediateProofReplayer Proof replay took 1.43ms 
522713     DEBUG main            d.u.i.k.p.r.p.TestFile    ... success: reloaded. 
522714     INFO  main            d.u.i.k.p.r.p.TestFile    Now processing file /home/runner/work/key/key/key.core/../key.ui/examples/heap/permissions/threads/Sampler_joinTransfer_accessible.key 
522714     INFO  main            d.u.i.k.p.i.AbstractProblemLoader Loading environment from /home/runner/work/key/key/key.core/../key.ui/examples/heap/permissions/threads/Sampler_joinTransfer_accessible.key 
522714     DEBUG main            d.u.i.k.p.i.AbstractProblemLoader Environment load took 61ns 
522715     INFO  main            d.u.i.k.p.i.AbstractProblemLoader Creating init config 
526868     DEBUG main            d.u.i.k.p.i.AbstractProblemLoader Init config took 4.15s 
526944     INFO  main            d.u.i.k.p.i.AbstractProblemLoader Replaying proof Sampler[ThreadSpec2::joinTransfer()].JML accessible clause.0 
526946     DEBUG main            d.u.i.k.p.i.IntermediateProofReplayer Proof replay took 2.3ns 
529951     INFO  main            d.u.i.k.p.r.p.TestFile    ... finished proof: closed. 
530432     INFO  main            d.u.i.k.p.i.AbstractProblemLoader Loading environment from /home/runner/work/key/key/key.core/../key.ui/examples/heap/permissions/threads/Sampler_joinTransfer_accessible.key.proof 
530432     DEBUG main            d.u.i.k.p.i.AbstractProblemLoader Environment load took 72.5ns 
530433     INFO  main            d.u.i.k.p.i.AbstractProblemLoader Creating init config 
534495     DEBUG main            d.u.i.k.p.i.AbstractProblemLoader Init config took 4.06s 
534571     INFO  main            d.u.i.k.p.i.AbstractProblemLoader Replaying proof Sampler[ThreadSpec2::joinTransfer()].JML accessible clause.0 
535061     DEBUG main            d.u.i.k.p.i.IntermediateProofReplayer Proof replay took 480.64ms 
535062     DEBUG main            d.u.i.k.p.r.p.TestFile    ... success: reloaded. 
535063     INFO  main            d.u.i.k.p.r.p.TestFile    Now processing file /home/runner/work/key/key/key.core/../key.ui/examples/heap/permissions/threads/Sampler_joinTransfer_contract.key 
535063     INFO  main            d.u.i.k.p.i.AbstractProblemLoader Loading environment from /home/runner/work/key/key/key.core/../key.ui/examples/heap/permissions/threads/Sampler_joinTransfer_contract.key 
535063     DEBUG main            d.u.i.k.p.i.AbstractProblemLoader Environment load took 54.2ns 
535064     INFO  main            d.u.i.k.p.i.AbstractProblemLoader Creating init config 
539212     DEBUG main            d.u.i.k.p.i.AbstractProblemLoader Init config took 4.15s 
539288     INFO  main            d.u.i.k.p.i.AbstractProblemLoader Replaying proof Sampler[ThreadSpec2::joinTransfer()].JML model_behavior operation contract.0 
539289     DEBUG main            d.u.i.k.p.i.IntermediateProofReplayer Proof replay took 1.9ns 
539391     INFO  main            d.u.i.k.p.r.p.TestFile    ... finished proof: closed. 
539872     INFO  main            d.u.i.k.p.i.AbstractProblemLoader Loading environment from /home/runner/work/key/key/key.core/../key.ui/examples/heap/permissions/threads/Sampler_joinTransfer_contract.key.proof 
539873     DEBUG main            d.u.i.k.p.i.AbstractProblemLoader Environment load took 61.2ns 
539873     INFO  main            d.u.i.k.p.i.AbstractProblemLoader Creating init config 
543934     DEBUG main            d.u.i.k.p.i.AbstractProblemLoader Init config took 4.06s 
544011     INFO  main            d.u.i.k.p.i.AbstractProblemLoader Replaying proof Sampler[ThreadSpec2::joinTransfer()].JML model_behavior operation contract.0 
544018     DEBUG main            d.u.i.k.p.i.IntermediateProofReplayer Proof replay took 6.05ms 
544019     DEBUG main            d.u.i.k.p.r.p.TestFile    ... success: reloaded. 
544019     INFO  main            d.u.i.k.p.r.p.TestFile    Now processing file /home/runner/work/key/key/key.core/../key.ui/examples/heap/permissions/threads/Sampler_postJoin_accessible.key 
544020     INFO  main            d.u.i.k.p.i.AbstractProblemLoader Loading environment from /home/runner/work/key/key/key.core/../key.ui/examples/heap/permissions/threads/Sampler_postJoin_accessible.key 
544020     DEBUG main            d.u.i.k.p.i.AbstractProblemLoader Environment load took 56.4ns 
544020     INFO  main            d.u.i.k.p.i.AbstractProblemLoader Creating init config 
548165     DEBUG main            d.u.i.k.p.i.AbstractProblemLoader Init config took 4.14s 
548242     INFO  main            d.u.i.k.p.i.AbstractProblemLoader Replaying proof Sampler[ThreadSpec2::postJoin(java.lang.Object)].JML accessible clause.0 
548243     DEBUG main            d.u.i.k.p.i.IntermediateProofReplayer Proof replay took 3.3ns 
548344     INFO  main            d.u.i.k.p.r.p.TestFile    ... finished proof: closed. 
548851     INFO  main            d.u.i.k.p.i.AbstractProblemLoader Loading environment from /home/runner/work/key/key/key.core/../key.ui/examples/heap/permissions/threads/Sampler_postJoin_accessible.key.proof 
548851     DEBUG main            d.u.i.k.p.i.AbstractProblemLoader Environment load took 65.8ns 
548852     INFO  main            d.u.i.k.p.i.AbstractProblemLoader Creating init config 
552913     DEBUG main            d.u.i.k.p.i.AbstractProblemLoader Init config took 4.06s 
552995     INFO  main            d.u.i.k.p.i.AbstractProblemLoader Replaying proof Sampler[ThreadSpec2::postJoin(java.lang.Object)].JML accessible clause.0 
553004     DEBUG main            d.u.i.k.p.i.IntermediateProofReplayer Proof replay took 7.63ms 
553005     DEBUG main            d.u.i.k.p.r.p.TestFile    ... success: reloaded. 
553006     INFO  main            d.u.i.k.p.r.p.TestFile    Now processing file /home/runner/work/key/key/key.core/../key.ui/examples/heap/permissions/threads/Sampler_preStart_accessible.key 
553006     INFO  main            d.u.i.k.p.i.AbstractProblemLoader Loading environment from /home/runner/work/key/key/key.core/../key.ui/examples/heap/permissions/threads/Sampler_preStart_accessible.key 
553006     DEBUG main            d.u.i.k.p.i.AbstractProblemLoader Environment load took 127ns 
553007     INFO  main            d.u.i.k.p.i.AbstractProblemLoader Creating init config 
557159     DEBUG main            d.u.i.k.p.i.AbstractProblemLoader Init config took 4.15s 
557239     INFO  main            d.u.i.k.p.i.AbstractProblemLoader Replaying proof Sampler[ThreadSpec2::preStart(java.lang.Object)].JML accessible clause.0 
557240     DEBUG main            d.u.i.k.p.i.IntermediateProofReplayer Proof replay took 2ns 
557341     INFO  main            d.u.i.k.p.r.p.TestFile    ... finished proof: closed. 
557892     INFO  main            d.u.i.k.p.i.AbstractProblemLoader Loading environment from /home/runner/work/key/key/key.core/../key.ui/examples/heap/permissions/threads/Sampler_preStart_accessible.key.proof 
557892     DEBUG main            d.u.i.k.p.i.AbstractProblemLoader Environment load took 63ns 
557893     INFO  main            d.u.i.k.p.i.AbstractProblemLoader Creating init config 
562009     DEBUG main            d.u.i.k.p.i.AbstractProblemLoader Init config took 4.12s 
562084     INFO  main            d.u.i.k.p.i.AbstractProblemLoader Replaying proof Sampler[ThreadSpec2::preStart(java.lang.Object)].JML accessible clause.0 
562093     DEBUG main            d.u.i.k.p.i.IntermediateProofReplayer Proof replay took 7.08ms 
562093     DEBUG main            d.u.i.k.p.r.p.TestFile    ... success: reloaded. 
562094     INFO  main            d.u.i.k.p.r.p.TestFile    Now processing file /home/runner/work/key/key/key.core/../key.ui/examples/heap/permissions/threads/Sampler_run.key 
562094     INFO  main            d.u.i.k.p.i.AbstractProblemLoader Loading environment from /home/runner/work/key/key/key.core/../key.ui/examples/heap/permissions/threads/Sampler_run.key 
562094     DEBUG main            d.u.i.k.p.i.AbstractProblemLoader Environment load took 60.2ns 
562095     INFO  main            d.u.i.k.p.i.AbstractProblemLoader Creating init config 
566217     DEBUG main            d.u.i.k.p.i.AbstractProblemLoader Init config took 4.12s 
566314     INFO  main            d.u.i.k.p.i.AbstractProblemLoader Replaying proof Sampler[ThreadSpec2::run()].JML normal_behavior operation contract.0 
566315     DEBUG main            d.u.i.k.p.i.IntermediateProofReplayer Proof replay took 2.6ns 
566416     INFO  main            d.u.i.k.p.r.p.TestFile    ... finished proof: closed. 
566910     INFO  main            d.u.i.k.p.i.AbstractProblemLoader Loading environment from /home/runner/work/key/key/key.core/../key.ui/examples/heap/permissions/threads/Sampler_run.key.proof 
566910     DEBUG main            d.u.i.k.p.i.AbstractProblemLoader Environment load took 78.9ns 
566911     INFO  main            d.u.i.k.p.i.AbstractProblemLoader Creating init config 
570979     DEBUG main            d.u.i.k.p.i.AbstractProblemLoader Init config took 4.07s 
571067     INFO  main            d.u.i.k.p.i.AbstractProblemLoader Replaying proof Sampler[ThreadSpec2::run()].JML normal_behavior operation contract.0 
571097     DEBUG main            d.u.i.k.p.i.IntermediateProofReplayer Proof replay took 28.41ms 
571098     DEBUG main            d.u.i.k.p.r.p.TestFile    ... success: reloaded. 
571099     INFO  main            d.u.i.k.p.r.p.TestFile    Now processing file /home/runner/work/key/key/key.core/../key.ui/examples/heap/permissions/threads/Sampler_Sampler.key 
571099     INFO  main            d.u.i.k.p.i.AbstractProblemLoader Loading environment from /home/runner/work/key/key/key.core/../key.ui/examples/heap/permissions/threads/Sampler_Sampler.key 
571099     DEBUG main            d.u.i.k.p.i.AbstractProblemLoader Environment load took 59.8ns 
571100     INFO  main            d.u.i.k.p.i.AbstractProblemLoader Creating init config 
575235     DEBUG main            d.u.i.k.p.i.AbstractProblemLoader Init config took 4.14s 
575313     INFO  main            d.u.i.k.p.i.AbstractProblemLoader Replaying proof Sampler[Sampler::Sampler(Buffer)].JML normal_behavior operation contract.0 
575314     DEBUG main            d.u.i.k.p.i.IntermediateProofReplayer Proof replay took 2.9ns 
575816     INFO  main            d.u.i.k.p.r.p.TestFile    ... finished proof: closed. 
576343     INFO  main            d.u.i.k.p.i.AbstractProblemLoader Loading environment from /home/runner/work/key/key/key.core/../key.ui/examples/heap/permissions/threads/Sampler_Sampler.key.proof 
576343     DEBUG main            d.u.i.k.p.i.AbstractProblemLoader Environment load took 70.4ns 
576344     INFO  main            d.u.i.k.p.i.AbstractProblemLoader Creating init config 
580449     DEBUG main            d.u.i.k.p.i.AbstractProblemLoader Init config took 4.11s 
580527     INFO  main            d.u.i.k.p.i.AbstractProblemLoader Replaying proof Sampler[Sampler::Sampler(Buffer)].JML normal_behavior operation contract.0 
580607     DEBUG main            d.u.i.k.p.i.IntermediateProofReplayer Proof replay took 77.81ms 
580607     DEBUG main            d.u.i.k.p.r.p.TestFile    ... success: reloaded. 
580608     INFO  main            d.u.i.k.p.r.p.TestFile    Now processing file /home/runner/work/key/key/key.core/../key.ui/examples/heap/permissions/threads/Sampler_startTransfer_accessible.key 
580608     INFO  main            d.u.i.k.p.i.AbstractProblemLoader Loading environment from /home/runner/work/key/key/key.core/../key.ui/examples/heap/permissions/threads/Sampler_startTransfer_accessible.key 
580608     DEBUG main            d.u.i.k.p.i.AbstractProblemLoader Environment load took 108.6ns 
580609     INFO  main            d.u.i.k.p.i.AbstractProblemLoader Creating init config 
584745     DEBUG main            d.u.i.k.p.i.AbstractProblemLoader Init config took 4.14s 
584820     INFO  main            d.u.i.k.p.i.AbstractProblemLoader Replaying proof Sampler[ThreadSpec2::startTransfer()].JML accessible clause.0 
584822     DEBUG main            d.u.i.k.p.i.IntermediateProofReplayer Proof replay took 2.7ns 
588459     INFO  main            d.u.i.k.p.r.p.TestFile    ... finished proof: closed. 
588985     INFO  main            d.u.i.k.p.i.AbstractProblemLoader Loading environment from /home/runner/work/key/key/key.core/../key.ui/examples/heap/permissions/threads/Sampler_startTransfer_accessible.key.proof 
588985     DEBUG main            d.u.i.k.p.i.AbstractProblemLoader Environment load took 68.9ns 
588986     INFO  main            d.u.i.k.p.i.AbstractProblemLoader Creating init config 
593090     DEBUG main            d.u.i.k.p.i.AbstractProblemLoader Init config took 4.1s 
593166     INFO  main            d.u.i.k.p.i.AbstractProblemLoader Replaying proof Sampler[ThreadSpec2::startTransfer()].JML accessible clause.0 
593673     DEBUG main            d.u.i.k.p.i.IntermediateProofReplayer Proof replay took 496.58ms 
593674     DEBUG main            d.u.i.k.p.r.p.TestFile    ... success: reloaded. 
593674     INFO  main            d.u.i.k.p.r.p.TestFile    Now processing file /home/runner/work/key/key/key.core/../key.ui/examples/heap/permissions/threads/Sampler_startTransfer_contract.key 
593675     INFO  main            d.u.i.k.p.i.AbstractProblemLoader Loading environment from /home/runner/work/key/key/key.core/../key.ui/examples/heap/permissions/threads/Sampler_startTransfer_contract.key 
593675     DEBUG main            d.u.i.k.p.i.AbstractProblemLoader Environment load took 39.8ns 
593675     INFO  main            d.u.i.k.p.i.AbstractProblemLoader Creating init config 
597834     DEBUG main            d.u.i.k.p.i.AbstractProblemLoader Init config took 4.16s 
597910     INFO  main            d.u.i.k.p.i.AbstractProblemLoader Replaying proof Sampler[ThreadSpec2::startTransfer()].JML model_behavior operation contract.0 
597911     DEBUG main            d.u.i.k.p.i.IntermediateProofReplayer Proof replay took 2.5ns 
598015     INFO  main            d.u.i.k.p.r.p.TestFile    ... finished proof: closed. 
598537     INFO  main            d.u.i.k.p.i.AbstractProblemLoader Loading environment from /home/runner/work/key/key/key.core/../key.ui/examples/heap/permissions/threads/Sampler_startTransfer_contract.key.proof 
598537     DEBUG main            d.u.i.k.p.i.AbstractProblemLoader Environment load took 64.7ns 
598537     INFO  main            d.u.i.k.p.i.AbstractProblemLoader Creating init config 
602616     DEBUG main            d.u.i.k.p.i.AbstractProblemLoader Init config took 4.08s 
602692     INFO  main            d.u.i.k.p.i.AbstractProblemLoader Replaying proof Sampler[ThreadSpec2::startTransfer()].JML model_behavior operation contract.0 
602700     DEBUG main            d.u.i.k.p.i.IntermediateProofReplayer Proof replay took 6.09ms 
602700     DEBUG main            d.u.i.k.p.r.p.TestFile    ... success: reloaded. 
602701     INFO  main            d.u.i.k.p.r.p.TestFile    Now processing file /home/runner/work/key/key/key.core/../key.ui/examples/heap/permissions/threads/Sampler_stateInv_accessible.key 
602701     INFO  main            d.u.i.k.p.i.AbstractProblemLoader Loading environment from /home/runner/work/key/key/key.core/../key.ui/examples/heap/permissions/threads/Sampler_stateInv_accessible.key 
602701     DEBUG main            d.u.i.k.p.i.AbstractProblemLoader Environment load took 39.7ns 
602702     INFO  main            d.u.i.k.p.i.AbstractProblemLoader Creating init config 
606836     DEBUG main            d.u.i.k.p.i.AbstractProblemLoader Init config took 4.13s 
606912     INFO  main            d.u.i.k.p.i.AbstractProblemLoader Replaying proof Sampler[ThreadSpec2::stateInv()].JML accessible clause.0 
606914     DEBUG main            d.u.i.k.p.i.IntermediateProofReplayer Proof replay took 2.3ns 
607015     INFO  main            d.u.i.k.p.r.p.TestFile    ... finished proof: closed. 
607540     INFO  main            d.u.i.k.p.i.AbstractProblemLoader Loading environment from /home/runner/work/key/key/key.core/../key.ui/examples/heap/permissions/threads/Sampler_stateInv_accessible.key.proof 
607540     DEBUG main            d.u.i.k.p.i.AbstractProblemLoader Environment load took 66.9ns 
607541     INFO  main            d.u.i.k.p.i.AbstractProblemLoader Creating init config 
611625     DEBUG main            d.u.i.k.p.i.AbstractProblemLoader Init config took 4.08s 
611706     INFO  main            d.u.i.k.p.i.AbstractProblemLoader Replaying proof Sampler[ThreadSpec2::stateInv()].JML accessible clause.0 
611713     DEBUG main            d.u.i.k.p.i.IntermediateProofReplayer Proof replay took 5.47ms 
611714     DEBUG main            d.u.i.k.p.r.p.TestFile    ... success: reloaded. 
611715     INFO  main            d.u.i.k.p.r.p.TestFile    Now processing file /home/runner/work/key/key/key.core/../key.ui/examples/heap/permissions/threads/Sampler_staticPermissions_accessible.key 
611715     INFO  main            d.u.i.k.p.i.AbstractProblemLoader Loading environment from /home/runner/work/key/key/key.core/../key.ui/examples/heap/permissions/threads/Sampler_staticPermissions_accessible.key 
611715     DEBUG main            d.u.i.k.p.i.AbstractProblemLoader Environment load took 60.5ns 
611716     INFO  main            d.u.i.k.p.i.AbstractProblemLoader Creating init config 
615847     DEBUG main            d.u.i.k.p.i.AbstractProblemLoader Init config took 4.13s 
615924     INFO  main            d.u.i.k.p.i.AbstractProblemLoader Replaying proof Sampler[ThreadSpec2::staticPermissions()].JML accessible clause.0 
615925     DEBUG main            d.u.i.k.p.i.IntermediateProofReplayer Proof replay took 1.9ns 
616027     INFO  main            d.u.i.k.p.r.p.TestFile    ... finished proof: closed. 
616559     INFO  main            d.u.i.k.p.i.AbstractProblemLoader Loading environment from /home/runner/work/key/key/key.core/../key.ui/examples/heap/permissions/threads/Sampler_staticPermissions_accessible.key.proof 
616559     DEBUG main            d.u.i.k.p.i.AbstractProblemLoader Environment load took 62.1ns 
616560     INFO  main            d.u.i.k.p.i.AbstractProblemLoader Creating init config 
620637     DEBUG main            d.u.i.k.p.i.AbstractProblemLoader Init config took 4.08s 
620713     INFO  main            d.u.i.k.p.i.AbstractProblemLoader Replaying proof Sampler[ThreadSpec2::staticPermissions()].JML accessible clause.0 
620717     DEBUG main            d.u.i.k.p.i.IntermediateProofReplayer Proof replay took 2.85ms 
620718     DEBUG main            d.u.i.k.p.r.p.TestFile    ... success: reloaded. 
620719     INFO  main            d.u.i.k.p.r.p.TestFile    Now processing file /home/runner/work/key/key/key.core/../key.ui/examples/heap/permissions/threads/Sampler_workingPermissions_accessible.key 
620719     INFO  main            d.u.i.k.p.i.AbstractProblemLoader Loading environment from /home/runner/work/key/key/key.core/../key.ui/examples/heap/permissions/threads/Sampler_workingPermissions_accessible.key 
620719     DEBUG main            d.u.i.k.p.i.AbstractProblemLoader Environment load took 47.7ns 
620720     INFO  main            d.u.i.k.p.i.AbstractProblemLoader Creating init config 
624852     DEBUG main            d.u.i.k.p.i.AbstractProblemLoader Init config took 4.13s 
624947     INFO  main            d.u.i.k.p.i.AbstractProblemLoader Replaying proof Sampler[ThreadSpec2::workingPermissions()].JML accessible clause.0 
624949     DEBUG main            d.u.i.k.p.i.IntermediateProofReplayer Proof replay took 1.9ns 
625050     INFO  main            d.u.i.k.p.r.p.TestFile    ... finished proof: closed. 
625583     INFO  main            d.u.i.k.p.i.AbstractProblemLoader Loading environment from /home/runner/work/key/key/key.core/../key.ui/examples/heap/permissions/threads/Sampler_workingPermissions_accessible.key.proof 
625583     DEBUG main            d.u.i.k.p.i.AbstractProblemLoader Environment load took 62.2ns 
625584     INFO  main            d.u.i.k.p.i.AbstractProblemLoader Creating init config 
629670     DEBUG main            d.u.i.k.p.i.AbstractProblemLoader Init config took 4.09s 
629746     INFO  main            d.u.i.k.p.i.AbstractProblemLoader Replaying proof Sampler[ThreadSpec2::workingPermissions()].JML accessible clause.0 
629751     DEBUG main            d.u.i.k.p.i.IntermediateProofReplayer Proof replay took 4.18ms 
629752     DEBUG main            d.u.i.k.p.r.p.TestFile    ... success: reloaded. 
629753     INFO  main            d.u.i.k.p.r.p.TestFile    Now processing file /home/runner/work/key/key/key.core/../key.ui/examples/heap/permissions/mulleretal/ReadWrite_doRead_contract.key 
629753     INFO  main            d.u.i.k.p.i.AbstractProblemLoader Loading environment from /home/runner/work/key/key/key.core/../key.ui/examples/heap/permissions/mulleretal/ReadWrite_doRead_contract.key 
629753     DEBUG main            d.u.i.k.p.i.AbstractProblemLoader Environment load took 38.3ns 
629754     INFO  main            d.u.i.k.p.i.AbstractProblemLoader Creating init config 
632133     DEBUG main            d.u.i.k.p.i.AbstractProblemLoader Init config took 2.38s 
632164     INFO  main            d.u.i.k.p.i.AbstractProblemLoader Replaying proof ReadWrite[ReadWrite::doRead()].JML normal_behavior operation contract.0 
632166     DEBUG main            d.u.i.k.p.i.IntermediateProofReplayer Proof replay took 2ns 
633570     INFO  main            d.u.i.k.p.r.p.TestFile    ... finished proof: closed. 
634143     INFO  main            d.u.i.k.p.i.AbstractProblemLoader Loading environment from /home/runner/work/key/key/key.core/../key.ui/examples/heap/permissions/mulleretal/ReadWrite_doRead_contract.key.proof 
634143     DEBUG main            d.u.i.k.p.i.AbstractProblemLoader Environment load took 268.91ns 
634144     INFO  main            d.u.i.k.p.i.AbstractProblemLoader Creating init config 
636458     DEBUG main            d.u.i.k.p.i.AbstractProblemLoader Init config took 2.31s 
636488     INFO  main            d.u.i.k.p.i.AbstractProblemLoader Replaying proof ReadWrite[ReadWrite::doRead()].JML normal_behavior operation contract.0 
636823     DEBUG main            d.u.i.k.p.i.IntermediateProofReplayer Proof replay took 329.23ms 
636824     DEBUG main            d.u.i.k.p.r.p.TestFile    ... success: reloaded. 
636824     INFO  main            d.u.i.k.p.r.p.TestFile    Now processing file /home/runner/work/key/key/key.core/../key.ui/examples/heap/permissions/mulleretal/ReadWrite_doWrite_contract.key 
636824     INFO  main            d.u.i.k.p.i.AbstractProblemLoader Loading environment from /home/runner/work/key/key/key.core/../key.ui/examples/heap/permissions/mulleretal/ReadWrite_doWrite_contract.key 
636824     DEBUG main            d.u.i.k.p.i.AbstractProblemLoader Environment load took 42.7ns 
636825     INFO  main            d.u.i.k.p.i.AbstractProblemLoader Creating init config 
639195     DEBUG main            d.u.i.k.p.i.AbstractProblemLoader Init config took 2.37s 
639226     INFO  main            d.u.i.k.p.i.AbstractProblemLoader Replaying proof ReadWrite[ReadWrite::doWrite()].JML normal_behavior operation contract.0 
639227     DEBUG main            d.u.i.k.p.i.IntermediateProofReplayer Proof replay took 2.2ns 
640731     INFO  main            d.u.i.k.p.r.p.TestFile    ... finished proof: closed. 
641298     INFO  main            d.u.i.k.p.i.AbstractProblemLoader Loading environment from /home/runner/work/key/key/key.core/../key.ui/examples/heap/permissions/mulleretal/ReadWrite_doWrite_contract.key.proof 
641298     DEBUG main            d.u.i.k.p.i.AbstractProblemLoader Environment load took 65ns 
641299     INFO  main            d.u.i.k.p.i.AbstractProblemLoader Creating init config 
643606     DEBUG main            d.u.i.k.p.i.AbstractProblemLoader Init config took 2.31s 
643637     INFO  main            d.u.i.k.p.i.AbstractProblemLoader Replaying proof ReadWrite[ReadWrite::doWrite()].JML normal_behavior operation contract.0 
643992     DEBUG main            d.u.i.k.p.i.IntermediateProofReplayer Proof replay took 350.08ms 
643993     DEBUG main            d.u.i.k.p.r.p.TestFile    ... success: reloaded. 
643994     INFO  main            d.u.i.k.p.r.p.TestFile    Now processing file /home/runner/work/key/key/key.core/../key.ui/examples/heap/permissions/mulleretal/ReadWrite_read_contract.key 
643994     INFO  main            d.u.i.k.p.i.AbstractProblemLoader Loading environment from /home/runner/work/key/key/key.core/../key.ui/examples/heap/permissions/mulleretal/ReadWrite_read_contract.key 
643994     DEBUG main            d.u.i.k.p.i.AbstractProblemLoader Environment load took 40.1ns 
643995     INFO  main            d.u.i.k.p.i.AbstractProblemLoader Creating init config 
646360     DEBUG main            d.u.i.k.p.i.AbstractProblemLoader Init config took 2.36s 
646390     INFO  main            d.u.i.k.p.i.AbstractProblemLoader Replaying proof ReadWrite[ReadWrite::read()].JML normal_behavior operation contract.0 
646392     DEBUG main            d.u.i.k.p.i.IntermediateProofReplayer Proof replay took 2.4ns 
646493     INFO  main            d.u.i.k.p.r.p.TestFile    ... finished proof: closed. 
647031     INFO  main            d.u.i.k.p.i.AbstractProblemLoader Loading environment from /home/runner/work/key/key/key.core/../key.ui/examples/heap/permissions/mulleretal/ReadWrite_read_contract.key.proof 
647031     DEBUG main            d.u.i.k.p.i.AbstractProblemLoader Environment load took 65.8ns 
647032     INFO  main            d.u.i.k.p.i.AbstractProblemLoader Creating init config 
649352     DEBUG main            d.u.i.k.p.i.AbstractProblemLoader Init config took 2.32s 
649382     INFO  main            d.u.i.k.p.i.AbstractProblemLoader Replaying proof ReadWrite[ReadWrite::read()].JML normal_behavior operation contract.0 
649390     DEBUG main            d.u.i.k.p.i.IntermediateProofReplayer Proof replay took 6.02ms 
649390     DEBUG main            d.u.i.k.p.r.p.TestFile    ... success: reloaded. 
649391     INFO  main            d.u.i.k.p.r.p.TestFile    Now processing file /home/runner/work/key/key/key.core/../key.ui/examples/heap/permissions/mulleretal/ReadWrite_write_contract.key 
649391     INFO  main            d.u.i.k.p.i.AbstractProblemLoader Loading environment from /home/runner/work/key/key/key.core/../key.ui/examples/heap/permissions/mulleretal/ReadWrite_write_contract.key 
649391     DEBUG main            d.u.i.k.p.i.AbstractProblemLoader Environment load took 47.4ns 
649392     INFO  main            d.u.i.k.p.i.AbstractProblemLoader Creating init config 
651738     DEBUG main            d.u.i.k.p.i.AbstractProblemLoader Init config took 2.35s 
651769     INFO  main            d.u.i.k.p.i.AbstractProblemLoader Replaying proof ReadWrite[ReadWrite::write()].JML normal_behavior operation contract.0 
651770     DEBUG main            d.u.i.k.p.i.IntermediateProofReplayer Proof replay took 2.3ns 
651871     INFO  main            d.u.i.k.p.r.p.TestFile    ... finished proof: closed. 
652415     INFO  main            d.u.i.k.p.i.AbstractProblemLoader Loading environment from /home/runner/work/key/key/key.core/../key.ui/examples/heap/permissions/mulleretal/ReadWrite_write_contract.key.proof 
652415     DEBUG main            d.u.i.k.p.i.AbstractProblemLoader Environment load took 65.5ns 
652416     INFO  main            d.u.i.k.p.i.AbstractProblemLoader Creating init config 
654715     DEBUG main            d.u.i.k.p.i.AbstractProblemLoader Init config took 2.3s 
654746     INFO  main            d.u.i.k.p.i.AbstractProblemLoader Replaying proof ReadWrite[ReadWrite::write()].JML normal_behavior operation contract.0 
654769     DEBUG main            d.u.i.k.p.i.IntermediateProofReplayer Proof replay took 21.6ms 
654769     DEBUG main            d.u.i.k.p.r.p.TestFile    ... success: reloaded. 
654770     INFO  main            d.u.i.k.p.r.p.TestFile    Now processing file /home/runner/work/key/key/key.core/../key.ui/examples/heap/permissions/mulleretal/ReadWrite_inv1_accessible.key 
654770     INFO  main            d.u.i.k.p.i.AbstractProblemLoader Loading environment from /home/runner/work/key/key/key.core/../key.ui/examples/heap/permissions/mulleretal/ReadWrite_inv1_accessible.key 
654770     DEBUG main            d.u.i.k.p.i.AbstractProblemLoader Environment load took 38.5ns 
654771     INFO  main            d.u.i.k.p.i.AbstractProblemLoader Creating init config 
657132     DEBUG main            d.u.i.k.p.i.AbstractProblemLoader Init config took 2.36s 
657162     INFO  main            d.u.i.k.p.i.AbstractProblemLoader Replaying proof ReadWrite[java.lang.Object::<inv>()].JML accessible clause.0 
657163     DEBUG main            d.u.i.k.p.i.IntermediateProofReplayer Proof replay took 2.5ns 
657264     INFO  main            d.u.i.k.p.r.p.TestFile    ... finished proof: closed. 
657807     INFO  main            d.u.i.k.p.i.AbstractProblemLoader Loading environment from /home/runner/work/key/key/key.core/../key.ui/examples/heap/permissions/mulleretal/ReadWrite_inv1_accessible.key.proof 
657807     DEBUG main            d.u.i.k.p.i.AbstractProblemLoader Environment load took 62.6ns 
657808     INFO  main            d.u.i.k.p.i.AbstractProblemLoader Creating init config 
660110     DEBUG main            d.u.i.k.p.i.AbstractProblemLoader Init config took 2.3s 
660140     INFO  main            d.u.i.k.p.i.AbstractProblemLoader Replaying proof ReadWrite[java.lang.Object::<inv>()].JML accessible clause.0 
660142     DEBUG main            d.u.i.k.p.i.IntermediateProofReplayer Proof replay took 1.3ms 
660142     DEBUG main            d.u.i.k.p.r.p.TestFile    ... success: reloaded. 
660143     INFO  main            d.u.i.k.p.r.p.TestFile    Now processing file /home/runner/work/key/key/key.core/../key.ui/examples/heap/permissions/mulleretal/ReadWrite_inv2_accessible.key 
660143     INFO  main            d.u.i.k.p.i.AbstractProblemLoader Loading environment from /home/runner/work/key/key/key.core/../key.ui/examples/heap/permissions/mulleretal/ReadWrite_inv2_accessible.key 
660143     DEBUG main            d.u.i.k.p.i.AbstractProblemLoader Environment load took 38ns 
660144     INFO  main            d.u.i.k.p.i.AbstractProblemLoader Creating init config 
662482     DEBUG main            d.u.i.k.p.i.AbstractProblemLoader Init config took 2.34s 
662512     INFO  main            d.u.i.k.p.i.AbstractProblemLoader Replaying proof ReadWrite[java.lang.Object::<inv>()].JML accessible clause.1 
662513     DEBUG main            d.u.i.k.p.i.IntermediateProofReplayer Proof replay took 2.3ns 
662614     INFO  main            d.u.i.k.p.r.p.TestFile    ... finished proof: closed. 
663158     INFO  main            d.u.i.k.p.i.AbstractProblemLoader Loading environment from /home/runner/work/key/key/key.core/../key.ui/examples/heap/permissions/mulleretal/ReadWrite_inv2_accessible.key.proof 
663159     DEBUG main            d.u.i.k.p.i.AbstractProblemLoader Environment load took 68ns 
663159     INFO  main            d.u.i.k.p.i.AbstractProblemLoader Creating init config 
665461     DEBUG main            d.u.i.k.p.i.AbstractProblemLoader Init config took 2.3s 
665491     INFO  main            d.u.i.k.p.i.AbstractProblemLoader Replaying proof ReadWrite[java.lang.Object::<inv>()].JML accessible clause.1 
665494     DEBUG main            d.u.i.k.p.i.IntermediateProofReplayer Proof replay took 1.31ms 
665494     DEBUG main            d.u.i.k.p.r.p.TestFile    ... success: reloaded. 
665495     INFO  main            d.u.i.k.p.r.p.TestFile    Now processing file /home/runner/work/key/key/key.core/../key.ui/examples/heap/permissions/lockspec/Counter_lockConsistent_contract.key 
665495     INFO  main            d.u.i.k.p.i.AbstractProblemLoader Loading environment from /home/runner/work/key/key/key.core/../key.ui/examples/heap/permissions/lockspec/Counter_lockConsistent_contract.key 
665495     DEBUG main            d.u.i.k.p.i.AbstractProblemLoader Environment load took 35.7ns 
665496     INFO  main            d.u.i.k.p.i.AbstractProblemLoader Creating init config 
668340     DEBUG main            d.u.i.k.p.i.AbstractProblemLoader Init config took 2.84s 
668390     INFO  main            d.u.i.k.p.i.AbstractProblemLoader Replaying proof Counter[LockSpec::lockConsistent()].JML model_behavior operation contract.0 
668391     DEBUG main            d.u.i.k.p.i.IntermediateProofReplayer Proof replay took 2.2ns 
669302     INFO  main            d.u.i.k.p.r.p.TestFile    ... finished proof: closed. 
669878     INFO  main            d.u.i.k.p.i.AbstractProblemLoader Loading environment from /home/runner/work/key/key/key.core/../key.ui/examples/heap/permissions/lockspec/Counter_lockConsistent_contract.key.proof 
669878     DEBUG main            d.u.i.k.p.i.AbstractProblemLoader Environment load took 115.4ns 
669879     INFO  main            d.u.i.k.p.i.AbstractProblemLoader Creating init config 
672590     DEBUG main            d.u.i.k.p.i.AbstractProblemLoader Init config took 2.71s 
672639     INFO  main            d.u.i.k.p.i.AbstractProblemLoader Replaying proof Counter[LockSpec::lockConsistent()].JML model_behavior operation contract.0 
672783     DEBUG main            d.u.i.k.p.i.IntermediateProofReplayer Proof replay took 137.88ms 
672784     DEBUG main            d.u.i.k.p.r.p.TestFile    ... success: reloaded. 
672785     INFO  main            d.u.i.k.p.r.p.TestFile    Now processing file /home/runner/work/key/key/key.core/../key.ui/examples/heap/permissions/lockspec/Counter_increase_contract.key 
672785     INFO  main            d.u.i.k.p.i.AbstractProblemLoader Loading environment from /home/runner/work/key/key/key.core/../key.ui/examples/heap/permissions/lockspec/Counter_increase_contract.key 
672785     DEBUG main            d.u.i.k.p.i.AbstractProblemLoader Environment load took 56.4ns 
672785     INFO  main            d.u.i.k.p.i.AbstractProblemLoader Creating init config 
675527     DEBUG main            d.u.i.k.p.i.AbstractProblemLoader Init config took 2.74s 
675589     INFO  main            d.u.i.k.p.i.AbstractProblemLoader Replaying proof Counter[Counter::increase()].JML normal_behavior operation contract.0 
675594     DEBUG main            d.u.i.k.p.i.IntermediateProofReplayer Proof replay took 2.3ns 
676936     INFO  main            d.u.i.k.p.r.p.TestFile    ... finished proof: closed. 
677514     INFO  main            d.u.i.k.p.i.AbstractProblemLoader Loading environment from /home/runner/work/key/key/key.core/../key.ui/examples/heap/permissions/lockspec/Counter_increase_contract.key.proof 
677514     DEBUG main            d.u.i.k.p.i.AbstractProblemLoader Environment load took 73.4ns 
677515     INFO  main            d.u.i.k.p.i.AbstractProblemLoader Creating init config 
680325     DEBUG main            d.u.i.k.p.i.AbstractProblemLoader Init config took 2.81s 
680384     INFO  main            d.u.i.k.p.i.AbstractProblemLoader Replaying proof Counter[Counter::increase()].JML normal_behavior operation contract.0 
680704     DEBUG main            d.u.i.k.p.i.IntermediateProofReplayer Proof replay took 305.34ms 
680716     DEBUG main            d.u.i.k.p.r.p.TestFile    ... success: reloaded. 
680716     INFO  main            d.u.i.k.p.r.p.TestFile    Now processing file /home/runner/work/key/key/key.core/../key.ui/examples/heap/permissions/lockspec/Counter_fp_accessible.key 
680716     INFO  main            d.u.i.k.p.i.AbstractProblemLoader Loading environment from /home/runner/work/key/key/key.core/../key.ui/examples/heap/permissions/lockspec/Counter_fp_accessible.key 
680716     DEBUG main            d.u.i.k.p.i.AbstractProblemLoader Environment load took 41.4ns 
680717     INFO  main            d.u.i.k.p.i.AbstractProblemLoader Creating init config 
683534     DEBUG main            d.u.i.k.p.i.AbstractProblemLoader Init config took 2.82s 
683583     INFO  main            d.u.i.k.p.i.AbstractProblemLoader Replaying proof Counter[LockSpec::fp()].JML accessible clause.0 
683584     DEBUG main            d.u.i.k.p.i.IntermediateProofReplayer Proof replay took 2.3ns 
683685     INFO  main            d.u.i.k.p.r.p.TestFile    ... finished proof: closed. 
684242     INFO  main            d.u.i.k.p.i.AbstractProblemLoader Loading environment from /home/runner/work/key/key/key.core/../key.ui/examples/heap/permissions/lockspec/Counter_fp_accessible.key.proof 
684242     DEBUG main            d.u.i.k.p.i.AbstractProblemLoader Environment load took 62.1ns 
684243     INFO  main            d.u.i.k.p.i.AbstractProblemLoader Creating init config 
686949     DEBUG main            d.u.i.k.p.i.AbstractProblemLoader Init config took 2.71s 
686996     INFO  main            d.u.i.k.p.i.AbstractProblemLoader Replaying proof Counter[LockSpec::fp()].JML accessible clause.0 
687005     DEBUG main            d.u.i.k.p.i.IntermediateProofReplayer Proof replay took 6.83ms 
687005     DEBUG main            d.u.i.k.p.r.p.TestFile    ... success: reloaded. 
687006     INFO  main            d.u.i.k.p.r.p.TestFile    Now processing file /home/runner/work/key/key/key.core/../key.ui/examples/heap/permissions/lockspec/Counter_fpLock_accessible.key 
687006     INFO  main            d.u.i.k.p.i.AbstractProblemLoader Loading environment from /home/runner/work/key/key/key.core/../key.ui/examples/heap/permissions/lockspec/Counter_fpLock_accessible.key 
687006     DEBUG main            d.u.i.k.p.i.AbstractProblemLoader Environment load took 37.7ns 
687007     INFO  main            d.u.i.k.p.i.AbstractProblemLoader Creating init config 
689760     DEBUG main            d.u.i.k.p.i.AbstractProblemLoader Init config took 2.75s 
689807     INFO  main            d.u.i.k.p.i.AbstractProblemLoader Replaying proof Counter[LockSpec::fpLock()].JML accessible clause.0 
689808     DEBUG main            d.u.i.k.p.i.IntermediateProofReplayer Proof replay took 2.2ns 
689910     INFO  main            d.u.i.k.p.r.p.TestFile    ... finished proof: closed. 
690496     INFO  main            d.u.i.k.p.i.AbstractProblemLoader Loading environment from /home/runner/work/key/key/key.core/../key.ui/examples/heap/permissions/lockspec/Counter_fpLock_accessible.key.proof 
690496     DEBUG main            d.u.i.k.p.i.AbstractProblemLoader Environment load took 66.8ns 
690497     INFO  main            d.u.i.k.p.i.AbstractProblemLoader Creating init config 
693323     DEBUG main            d.u.i.k.p.i.AbstractProblemLoader Init config took 2.83s 
693390     INFO  main            d.u.i.k.p.i.AbstractProblemLoader Replaying proof Counter[LockSpec::fpLock()].JML accessible clause.0 
693400     DEBUG main            d.u.i.k.p.i.IntermediateProofReplayer Proof replay took 7.72ms 
693400     DEBUG main            d.u.i.k.p.r.p.TestFile    ... success: reloaded. 
693401     INFO  main            d.u.i.k.p.r.p.TestFile    Now processing file /home/runner/work/key/key/key.core/../key.ui/examples/heap/permissions/lockspec/Counter_fpPerm_accessible.key 
693401     INFO  main            d.u.i.k.p.i.AbstractProblemLoader Loading environment from /home/runner/work/key/key/key.core/../key.ui/examples/heap/permissions/lockspec/Counter_fpPerm_accessible.key 
693402     DEBUG main            d.u.i.k.p.i.AbstractProblemLoader Environment load took 128.2ns 
693402     INFO  main            d.u.i.k.p.i.AbstractProblemLoader Creating init config 
696341     DEBUG main            d.u.i.k.p.i.AbstractProblemLoader Init config took 2.94s 
696390     INFO  main            d.u.i.k.p.i.AbstractProblemLoader Replaying proof Counter[LockSpec::fpPerm()].JML accessible clause.0 
696391     DEBUG main            d.u.i.k.p.i.IntermediateProofReplayer Proof replay took 2.6ns 
696492     INFO  main            d.u.i.k.p.r.p.TestFile    ... finished proof: closed. 
697065     INFO  main            d.u.i.k.p.i.AbstractProblemLoader Loading environment from /home/runner/work/key/key/key.core/../key.ui/examples/heap/permissions/lockspec/Counter_fpPerm_accessible.key.proof 
697065     DEBUG main            d.u.i.k.p.i.AbstractProblemLoader Environment load took 66.2ns 
697066     INFO  main            d.u.i.k.p.i.AbstractProblemLoader Creating init config 
699903     DEBUG main            d.u.i.k.p.i.AbstractProblemLoader Init config took 2.84s 
699969     INFO  main            d.u.i.k.p.i.AbstractProblemLoader Replaying proof Counter[LockSpec::fpPerm()].JML accessible clause.0 
699978     DEBUG main            d.u.i.k.p.i.IntermediateProofReplayer Proof replay took 7.15ms 
699979     DEBUG main            d.u.i.k.p.r.p.TestFile    ... success: reloaded. 
699980     INFO  main            d.u.i.k.p.r.p.TestFile    Now processing file /home/runner/work/key/key/key.core/../key.ui/examples/heap/permissions/lockspec/Counter_inv_accessible1.key 
699980     INFO  main            d.u.i.k.p.i.AbstractProblemLoader Loading environment from /home/runner/work/key/key/key.core/../key.ui/examples/heap/permissions/lockspec/Counter_inv_accessible1.key 
699980     DEBUG main            d.u.i.k.p.i.AbstractProblemLoader Environment load took 126.2ns 
699981     INFO  main            d.u.i.k.p.i.AbstractProblemLoader Creating init config 
702839     DEBUG main            d.u.i.k.p.i.AbstractProblemLoader Init config took 2.86s 
702887     INFO  main            d.u.i.k.p.i.AbstractProblemLoader Replaying proof Counter[java.lang.Object::<inv>()].JML accessible clause.0 
702888     DEBUG main            d.u.i.k.p.i.IntermediateProofReplayer Proof replay took 2.1ns 
702989     INFO  main            d.u.i.k.p.r.p.TestFile    ... finished proof: closed. 
703569     INFO  main            d.u.i.k.p.i.AbstractProblemLoader Loading environment from /home/runner/work/key/key/key.core/../key.ui/examples/heap/permissions/lockspec/Counter_inv_accessible1.key.proof 
703569     DEBUG main            d.u.i.k.p.i.AbstractProblemLoader Environment load took 64.6ns 
703570     INFO  main            d.u.i.k.p.i.AbstractProblemLoader Creating init config 
706456     DEBUG main            d.u.i.k.p.i.AbstractProblemLoader Init config took 2.89s 
706519     INFO  main            d.u.i.k.p.i.AbstractProblemLoader Replaying proof Counter[java.lang.Object::<inv>()].JML accessible clause.0 
706531     DEBUG main            d.u.i.k.p.i.IntermediateProofReplayer Proof replay took 10.28ms 
706532     DEBUG main            d.u.i.k.p.r.p.TestFile    ... success: reloaded. 
706533     INFO  main            d.u.i.k.p.r.p.TestFile    Now processing file /home/runner/work/key/key/key.core/../key.ui/examples/heap/permissions/lockspec/Counter_inv_accessible2.key 
706533     INFO  main            d.u.i.k.p.i.AbstractProblemLoader Loading environment from /home/runner/work/key/key/key.core/../key.ui/examples/heap/permissions/lockspec/Counter_inv_accessible2.key 
706533     DEBUG main            d.u.i.k.p.i.AbstractProblemLoader Environment load took 123.5ns 
706534     INFO  main            d.u.i.k.p.i.AbstractProblemLoader Creating init config 
709423     DEBUG main            d.u.i.k.p.i.AbstractProblemLoader Init config took 2.89s 
709471     INFO  main            d.u.i.k.p.i.AbstractProblemLoader Replaying proof Counter[java.lang.Object::<inv>()].JML accessible clause.1 
709472     DEBUG main            d.u.i.k.p.i.IntermediateProofReplayer Proof replay took 2ns 
709573     INFO  main            d.u.i.k.p.r.p.TestFile    ... finished proof: closed. 
710174     INFO  main            d.u.i.k.p.i.AbstractProblemLoader Loading environment from /home/runner/work/key/key/key.core/../key.ui/examples/heap/permissions/lockspec/Counter_inv_accessible2.key.proof 
710174     DEBUG main            d.u.i.k.p.i.AbstractProblemLoader Environment load took 65.1ns 
710175     INFO  main            d.u.i.k.p.i.AbstractProblemLoader Creating init config 
713023     DEBUG main            d.u.i.k.p.i.AbstractProblemLoader Init config took 2.85s 
713078     INFO  main            d.u.i.k.p.i.AbstractProblemLoader Replaying proof Counter[java.lang.Object::<inv>()].JML accessible clause.1 
713090     DEBUG main            d.u.i.k.p.i.IntermediateProofReplayer Proof replay took 9.75ms 
713090     DEBUG main            d.u.i.k.p.r.p.TestFile    ... success: reloaded. 
713091     INFO  main            d.u.i.k.p.r.p.TestFile    Now processing file /home/runner/work/key/key/key.core/../key.ui/examples/heap/permissions/lockspec/Counter_lockRef_accessible.key 
713091     INFO  main            d.u.i.k.p.i.AbstractProblemLoader Loading environment from /home/runner/work/key/key/key.core/../key.ui/examples/heap/permissions/lockspec/Counter_lockRef_accessible.key 
713091     DEBUG main            d.u.i.k.p.i.AbstractProblemLoader Environment load took 129.5ns 
713092     INFO  main            d.u.i.k.p.i.AbstractProblemLoader Creating init config 
715971     DEBUG main            d.u.i.k.p.i.AbstractProblemLoader Init config took 2.88s 
716019     INFO  main            d.u.i.k.p.i.AbstractProblemLoader Replaying proof Counter[LockSpec::lockRef()].JML accessible clause.0 
716020     DEBUG main            d.u.i.k.p.i.IntermediateProofReplayer Proof replay took 2ns 
716222     INFO  main            d.u.i.k.p.r.p.TestFile    ... finished proof: closed. 
716822     INFO  main            d.u.i.k.p.i.AbstractProblemLoader Loading environment from /home/runner/work/key/key/key.core/../key.ui/examples/heap/permissions/lockspec/Counter_lockRef_accessible.key.proof 
716822     DEBUG main            d.u.i.k.p.i.AbstractProblemLoader Environment load took 63.9ns 
716823     INFO  main            d.u.i.k.p.i.AbstractProblemLoader Creating init config 
719634     DEBUG main            d.u.i.k.p.i.AbstractProblemLoader Init config took 2.81s 
719689     INFO  main            d.u.i.k.p.i.AbstractProblemLoader Replaying proof Counter[LockSpec::lockRef()].JML accessible clause.0 
719726     DEBUG main            d.u.i.k.p.i.IntermediateProofReplayer Proof replay took 34.6ms 
719727     DEBUG main            d.u.i.k.p.r.p.TestFile    ... success: reloaded. 
719727     INFO  main            d.u.i.k.p.r.p.TestFile    Now processing file /home/runner/work/key/key/key.core/../key.ui/examples/heap/permissions/lockspec/Counter_lockRef_contract1.key 
719728     INFO  main            d.u.i.k.p.i.AbstractProblemLoader Loading environment from /home/runner/work/key/key/key.core/../key.ui/examples/heap/permissions/lockspec/Counter_lockRef_contract1.key 
719729     DEBUG main            d.u.i.k.p.i.AbstractProblemLoader Environment load took 179.21ns 
719729     INFO  main            d.u.i.k.p.i.AbstractProblemLoader Creating init config 
722611     DEBUG main            d.u.i.k.p.i.AbstractProblemLoader Init config took 2.88s 
722659     INFO  main            d.u.i.k.p.i.AbstractProblemLoader Replaying proof Counter[LockSpec::lockRef()].JML model_behavior operation contract.0 
722660     DEBUG main            d.u.i.k.p.i.IntermediateProofReplayer Proof replay took 1.9ns 
722761     INFO  main            d.u.i.k.p.r.p.TestFile    ... finished proof: closed. 
723351     INFO  main            d.u.i.k.p.i.AbstractProblemLoader Loading environment from /home/runner/work/key/key/key.core/../key.ui/examples/heap/permissions/lockspec/Counter_lockRef_contract1.key.proof 
723351     DEBUG main            d.u.i.k.p.i.AbstractProblemLoader Environment load took 60.2ns 
723351     INFO  main            d.u.i.k.p.i.AbstractProblemLoader Creating init config 
726164     DEBUG main            d.u.i.k.p.i.AbstractProblemLoader Init config took 2.81s 
726218     INFO  main            d.u.i.k.p.i.AbstractProblemLoader Replaying proof Counter[LockSpec::lockRef()].JML model_behavior operation contract.0 
726228     DEBUG main            d.u.i.k.p.i.IntermediateProofReplayer Proof replay took 3.61ms 
726229     DEBUG main            d.u.i.k.p.r.p.TestFile    ... success: reloaded. 
726230     INFO  main            d.u.i.k.p.r.p.TestFile    Now processing file /home/runner/work/key/key/key.core/../key.ui/examples/heap/permissions/lockspec/Counter_lockRef_contract2.key 
726230     INFO  main            d.u.i.k.p.i.AbstractProblemLoader Loading environment from /home/runner/work/key/key/key.core/../key.ui/examples/heap/permissions/lockspec/Counter_lockRef_contract2.key 
726230     DEBUG main            d.u.i.k.p.i.AbstractProblemLoader Environment load took 130.8ns 
726231     INFO  main            d.u.i.k.p.i.AbstractProblemLoader Creating init config 
729127     DEBUG main            d.u.i.k.p.i.AbstractProblemLoader Init config took 2.9s 
729176     INFO  main            d.u.i.k.p.i.AbstractProblemLoader Replaying proof Counter[Counter::lockRef()].JML model_behavior operation contract.0 
729177     DEBUG main            d.u.i.k.p.i.IntermediateProofReplayer Proof replay took 2.1ns 
729278     INFO  main            d.u.i.k.p.r.p.TestFile    ... finished proof: closed. 
729874     INFO  main            d.u.i.k.p.i.AbstractProblemLoader Loading environment from /home/runner/work/key/key/key.core/../key.ui/examples/heap/permissions/lockspec/Counter_lockRef_contract2.key.proof 
729874     DEBUG main            d.u.i.k.p.i.AbstractProblemLoader Environment load took 61.1ns 
729874     INFO  main            d.u.i.k.p.i.AbstractProblemLoader Creating init config 
732698     DEBUG main            d.u.i.k.p.i.AbstractProblemLoader Init config took 2.82s 
732752     INFO  main            d.u.i.k.p.i.AbstractProblemLoader Replaying proof Counter[Counter::lockRef()].JML model_behavior operation contract.0 
732757     DEBUG main            d.u.i.k.p.i.IntermediateProofReplayer Proof replay took 3.67ms 
732758     DEBUG main            d.u.i.k.p.r.p.TestFile    ... success: reloaded. 
732758     INFO  main            d.u.i.k.p.r.p.TestFile    Now processing file /home/runner/work/key/key/key.core/../key.ui/examples/heap/permissions/lockspec/Counter_lockState_accessible.key 
732759     INFO  main            d.u.i.k.p.i.AbstractProblemLoader Loading environment from /home/runner/work/key/key/key.core/../key.ui/examples/heap/permissions/lockspec/Counter_lockState_accessible.key 
732759     DEBUG main            d.u.i.k.p.i.AbstractProblemLoader Environment load took 137.2ns 
732760     INFO  main            d.u.i.k.p.i.AbstractProblemLoader Creating init config 
735768     DEBUG main            d.u.i.k.p.i.AbstractProblemLoader Init config took 3.01s 
735817     INFO  main            d.u.i.k.p.i.AbstractProblemLoader Replaying proof Counter[LockSpec::lockState(boolean)].JML accessible clause.0 
735818     DEBUG main            d.u.i.k.p.i.IntermediateProofReplayer Proof replay took 2.7ns 
736120     INFO  main            d.u.i.k.p.r.p.TestFile    ... finished proof: closed. 
736736     INFO  main            d.u.i.k.p.i.AbstractProblemLoader Loading environment from /home/runner/work/key/key/key.core/../key.ui/examples/heap/permissions/lockspec/Counter_lockState_accessible.key.proof 
736736     DEBUG main            d.u.i.k.p.i.AbstractProblemLoader Environment load took 62ns 
736737     INFO  main            d.u.i.k.p.i.AbstractProblemLoader Creating init config 
739622     DEBUG main            d.u.i.k.p.i.AbstractProblemLoader Init config took 2.89s 
739676     INFO  main            d.u.i.k.p.i.AbstractProblemLoader Replaying proof Counter[LockSpec::lockState(boolean)].JML accessible clause.0 
739740     DEBUG main            d.u.i.k.p.i.IntermediateProofReplayer Proof replay took 60.83ms 
739741     DEBUG main            d.u.i.k.p.r.p.TestFile    ... success: reloaded. 
739741     INFO  main            d.u.i.k.p.r.p.TestFile    Now processing file /home/runner/work/key/key/key.core/../key.ui/examples/heap/permissions/lockspec/Counter_lockStatus_accessible.key 
739743     INFO  main            d.u.i.k.p.i.AbstractProblemLoader Loading environment from /home/runner/work/key/key/key.core/../key.ui/examples/heap/permissions/lockspec/Counter_lockStatus_accessible.key 
739743     DEBUG main            d.u.i.k.p.i.AbstractProblemLoader Environment load took 93.7ns 
739744     INFO  main            d.u.i.k.p.i.AbstractProblemLoader Creating init config 
742593     DEBUG main            d.u.i.k.p.i.AbstractProblemLoader Init config took 2.85s 
742670     INFO  main            d.u.i.k.p.i.AbstractProblemLoader Replaying proof Counter[LockSpec::lockStatus(boolean)].JML accessible clause.0 
742671     DEBUG main            d.u.i.k.p.i.IntermediateProofReplayer Proof replay took 3.3ns 
742773     INFO  main            d.u.i.k.p.r.p.TestFile    ... finished proof: closed. 
743384     INFO  main            d.u.i.k.p.i.AbstractProblemLoader Loading environment from /home/runner/work/key/key/key.core/../key.ui/examples/heap/permissions/lockspec/Counter_lockStatus_accessible.key.proof 
743384     DEBUG main            d.u.i.k.p.i.AbstractProblemLoader Environment load took 62.2ns 
743385     INFO  main            d.u.i.k.p.i.AbstractProblemLoader Creating init config 
746177     DEBUG main            d.u.i.k.p.i.AbstractProblemLoader Init config took 2.79s 
746231     INFO  main            d.u.i.k.p.i.AbstractProblemLoader Replaying proof Counter[LockSpec::lockStatus(boolean)].JML accessible clause.0 
746252     DEBUG main            d.u.i.k.p.i.IntermediateProofReplayer Proof replay took 18.91ms 
746253     DEBUG main            d.u.i.k.p.r.p.TestFile    ... success: reloaded. 
746253     INFO  main            d.u.i.k.p.r.p.TestFile    Now processing file /home/runner/work/key/key/key.core/../key.ui/examples/heap/permissions/lockspec/Counter_lockTransfer_accessible.key 
746253     INFO  main            d.u.i.k.p.i.AbstractProblemLoader Loading environment from /home/runner/work/key/key/key.core/../key.ui/examples/heap/permissions/lockspec/Counter_lockTransfer_accessible.key 
746253     DEBUG main            d.u.i.k.p.i.AbstractProblemLoader Environment load took 60.1ns 
746254     INFO  main            d.u.i.k.p.i.AbstractProblemLoader Creating init config 
749128     DEBUG main            d.u.i.k.p.i.AbstractProblemLoader Init config took 2.87s 
749176     INFO  main            d.u.i.k.p.i.AbstractProblemLoader Replaying proof Counter[LockSpec::lockTransfer()].JML accessible clause.0 
749177     DEBUG main            d.u.i.k.p.i.IntermediateProofReplayer Proof replay took 2.7ns 
749479     INFO  main            d.u.i.k.p.r.p.TestFile    ... finished proof: closed. 
750102     INFO  main            d.u.i.k.p.i.AbstractProblemLoader Loading environment from /home/runner/work/key/key/key.core/../key.ui/examples/heap/permissions/lockspec/Counter_lockTransfer_accessible.key.proof 
750102     DEBUG main            d.u.i.k.p.i.AbstractProblemLoader Environment load took 61.7ns 
750103     INFO  main            d.u.i.k.p.i.AbstractProblemLoader Creating init config 
752975     DEBUG main            d.u.i.k.p.i.AbstractProblemLoader Init config took 2.87s 
753029     INFO  main            d.u.i.k.p.i.AbstractProblemLoader Replaying proof Counter[LockSpec::lockTransfer()].JML accessible clause.0 
753085     DEBUG main            d.u.i.k.p.i.IntermediateProofReplayer Proof replay took 53.41ms 
753086     DEBUG main            d.u.i.k.p.r.p.TestFile    ... success: reloaded. 
753087     INFO  main            d.u.i.k.p.r.p.TestFile    Now processing file /home/runner/work/key/key/key.core/../key.ui/examples/heap/permissions/lockspec/Counter_unlockTransfer_accessible.key 
753088     INFO  main            d.u.i.k.p.i.AbstractProblemLoader Loading environment from /home/runner/work/key/key/key.core/../key.ui/examples/heap/permissions/lockspec/Counter_unlockTransfer_accessible.key 
753088     DEBUG main            d.u.i.k.p.i.AbstractProblemLoader Environment load took 149.6ns 
753088     INFO  main            d.u.i.k.p.i.AbstractProblemLoader Creating init config 
755972     DEBUG main            d.u.i.k.p.i.AbstractProblemLoader Init config took 2.88s 
756021     INFO  main            d.u.i.k.p.i.AbstractProblemLoader Replaying proof Counter[LockSpec::unlockTransfer()].JML accessible clause.0 
756022     DEBUG main            d.u.i.k.p.i.IntermediateProofReplayer Proof replay took 2.4ns 
756325     INFO  main            d.u.i.k.p.r.p.TestFile    ... finished proof: closed. 
756974     INFO  main            d.u.i.k.p.i.AbstractProblemLoader Loading environment from /home/runner/work/key/key/key.core/../key.ui/examples/heap/permissions/lockspec/Counter_unlockTransfer_accessible.key.proof 
756974     DEBUG main            d.u.i.k.p.i.AbstractProblemLoader Environment load took 61.9ns 
756975     INFO  main            d.u.i.k.p.i.AbstractProblemLoader Creating init config 
759797     DEBUG main            d.u.i.k.p.i.AbstractProblemLoader Init config took 2.82s 
759851     INFO  main            d.u.i.k.p.i.AbstractProblemLoader Replaying proof Counter[LockSpec::unlockTransfer()].JML accessible clause.0 
759910     DEBUG main            d.u.i.k.p.i.IntermediateProofReplayer Proof replay took 55.71ms 
759911     DEBUG main            d.u.i.k.p.r.p.TestFile    ... success: reloaded. 
759911     INFO  main            d.u.i.k.p.r.p.TestFile    Now processing file /home/runner/work/key/key/key.core/../key.ui/examples/heap/permissions/threads/Plotter_startTransfer_contract.proof 
759912     INFO  main            d.u.i.k.p.i.AbstractProblemLoader Loading environment from /home/runner/work/key/key/key.core/../key.ui/examples/heap/permissions/threads/Plotter_startTransfer_contract.proof 
759912     DEBUG main            d.u.i.k.p.i.AbstractProblemLoader Environment load took 131.2ns 
759913     INFO  main            d.u.i.k.p.i.AbstractProblemLoader Creating init config 
764255     DEBUG main            d.u.i.k.p.i.AbstractProblemLoader Init config took 4.34s 
764334     INFO  main            d.u.i.k.p.i.AbstractProblemLoader Replaying proof Plotter[ThreadSpec2::startTransfer()].JML model_behavior operation contract.0 
764422     DEBUG main            d.u.i.k.p.i.IntermediateProofReplayer Proof replay took 81.17ms 
764423     INFO  main            d.u.i.k.p.r.p.TestFile    ... success: loaded 
764424     INFO  main            d.u.i.k.p.r.p.TestFile    Now processing file /home/runner/work/key/key/key.core/../key.ui/examples/heap/permissions/threads/Plotter_startTransfer_accessible.proof 
764424     INFO  main            d.u.i.k.p.i.AbstractProblemLoader Loading environment from /home/runner/work/key/key/key.core/../key.ui/examples/heap/permissions/threads/Plotter_startTransfer_accessible.proof 
764425     DEBUG main            d.u.i.k.p.i.AbstractProblemLoader Environment load took 127.2ns 
764425     INFO  main            d.u.i.k.p.i.AbstractProblemLoader Creating init config 
768759     DEBUG main            d.u.i.k.p.i.AbstractProblemLoader Init config took 4.33s 
768837     INFO  main            d.u.i.k.p.i.AbstractProblemLoader Replaying proof Plotter[ThreadSpec2::startTransfer()].JML accessible clause.0 
768924     DEBUG main            d.u.i.k.p.i.IntermediateProofReplayer Proof replay took 80.27ms 
768925     INFO  main            d.u.i.k.p.r.p.TestFile    ... success: loaded 
768926     INFO  main            d.u.i.k.p.r.p.TestFile    Now processing file /home/runner/work/key/key/key.core/../key.ui/examples/heap/permissions/threads/Plotter_joinTransfer_accessible.proof 
768926     INFO  main            d.u.i.k.p.i.AbstractProblemLoader Loading environment from /home/runner/work/key/key/key.core/../key.ui/examples/heap/permissions/threads/Plotter_joinTransfer_accessible.proof 
768926     DEBUG main            d.u.i.k.p.i.AbstractProblemLoader Environment load took 66.2ns 
768927     INFO  main            d.u.i.k.p.i.AbstractProblemLoader Creating init config 
773248     DEBUG main            d.u.i.k.p.i.AbstractProblemLoader Init config took 4.32s 
773325     INFO  main            d.u.i.k.p.i.AbstractProblemLoader Replaying proof Plotter[ThreadSpec2::joinTransfer()].JML accessible clause.0 
773332     WARN  main            d.u.i.k.p.i.IntermediateProofReplayer Proof contains wrong number of \assumes instatiations for Definition_axiom_for_stateInv_in_Plotter 
773334     WARN  main            d.u.i.k.p.i.IntermediateProofReplayer Proof contains wrong number of \assumes instatiations for Definition_axiom_for_stateInv_in_Plotter 
773335     WARN  main            d.u.i.k.p.i.IntermediateProofReplayer Proof contains wrong number of \assumes instatiations for Definition_axiom_for_workingPermissions_in_Plotter 
773336     WARN  main            d.u.i.k.p.i.IntermediateProofReplayer Proof contains wrong number of \assumes instatiations for Definition_axiom_for_staticPermissions_in_Plotter 
773337     WARN  main            d.u.i.k.p.i.IntermediateProofReplayer Proof contains wrong number of \assumes instatiations for Definition_axiom_for_joinTransfer_in_Plotter 
773338     WARN  main            d.u.i.k.p.i.IntermediateProofReplayer Proof contains wrong number of \assumes instatiations for Definition_axiom_for_stateInv_in_BFilter 
773340     WARN  main            d.u.i.k.p.i.IntermediateProofReplayer Proof contains wrong number of \assumes instatiations for Definition_axiom_for_stateInv_in_AFilter 
773341     WARN  main            d.u.i.k.p.i.IntermediateProofReplayer Proof contains wrong number of \assumes instatiations for Definition_axiom_for_stateInv_in_BFilter 
773343     WARN  main            d.u.i.k.p.i.IntermediateProofReplayer Proof contains wrong number of \assumes instatiations for Definition_axiom_for_stateInv_in_AFilter 
773344     WARN  main            d.u.i.k.p.i.IntermediateProofReplayer Proof contains wrong number of \assumes instatiations for Definition_axiom_for_staticPermissions_in_AFilter 
773345     WARN  main            d.u.i.k.p.i.IntermediateProofReplayer Proof contains wrong number of \assumes instatiations for Definition_axiom_for_staticPermissions_in_Plotter 
773345     WARN  main            d.u.i.k.p.i.IntermediateProofReplayer Proof contains wrong number of \assumes instatiations for Definition_axiom_for_staticPermissions_in_BFilter 
773346     WARN  main            d.u.i.k.p.i.IntermediateProofReplayer Proof contains wrong number of \assumes instatiations for Definition_axiom_for_workingPermissions_in_Plotter 
773347     WARN  main            d.u.i.k.p.i.IntermediateProofReplayer Proof contains wrong number of \assumes instatiations for Definition_axiom_for_stateInv_in_Sampler 
773347     WARN  main            d.u.i.k.p.i.IntermediateProofReplayer Proof contains wrong number of \assumes instatiations for Definition_axiom_for_stateInv_in_Sampler 
773348     WARN  main            d.u.i.k.p.i.IntermediateProofReplayer Proof contains wrong number of \assumes instatiations for Definition_axiom_for_staticPermissions_in_Sampler 
773349     WARN  main            d.u.i.k.p.i.IntermediateProofReplayer Proof contains wrong number of \assumes instatiations for Definition_axiom_for_staticPermissions_in_BFilter 
773349     WARN  main            d.u.i.k.p.i.IntermediateProofReplayer Proof contains wrong number of \assumes instatiations for Definition_axiom_for_staticPermissions_in_AFilter 
773350     WARN  main            d.u.i.k.p.i.IntermediateProofReplayer Proof contains wrong number of \assumes instatiations for Definition_axiom_for_staticPermissions_in_Sampler 
773350     WARN  main            d.u.i.k.p.i.IntermediateProofReplayer Proof contains wrong number of \assumes instatiations for Definition_axiom_for_staticPermissions_in_Sampler 
773351     WARN  main            d.u.i.k.p.i.IntermediateProofReplayer Proof contains wrong number of \assumes instatiations for Definition_axiom_for_staticPermissions_in_Sampler 
773351     WARN  main            d.u.i.k.p.i.IntermediateProofReplayer Proof contains wrong number of \assumes instatiations for Definition_axiom_for_joinTransfer_in_Plotter 
773429     DEBUG main            d.u.i.k.p.i.IntermediateProofReplayer Proof replay took 100.86ms 
773430     INFO  main            d.u.i.k.p.r.p.TestFile    ... success: loaded 
4741513    INFO  Test worker     d.u.i.k.p.r.p.StatisticsFile Returning from test permissionHeap 
4741516    INFO  Test worker     d.u.i.k.p.r.p.StatisticsFile Running test completionScopes 
395        INFO  Timeout watchdog d.u.i.k.p.r.p.ForkedTestFileRunner Timeout watcher launched (2000 secs.) 
415        WARN  main            d.u.i.k.s.ProofSettings   The settings in /home/runner/.key/proof-settings.props are *not* read. 
466        INFO  main            d.u.i.k.p.r.p.TestFile    Now processing file /home/runner/work/key/key/key.core/../key.ui/examples/completionscopes/testCcatchReturnVal.key 
627        INFO  main            d.u.i.k.p.i.AbstractProblemLoader Loading environment from /home/runner/work/key/key/key.core/../key.ui/examples/completionscopes/testCcatchReturnVal.key 
649        DEBUG main            d.u.i.k.p.i.AbstractProblemLoader Environment load took 2.11ms 
890        INFO  main            d.u.i.k.p.i.AbstractProblemLoader Creating init config 
1782       DEBUG main            d.u.i.k.j.TypeConverter   No LDT found for Meta 
1783       DEBUG main            d.u.i.k.j.TypeConverter   No LDT found for Meta 
1786       DEBUG main            d.u.i.k.j.TypeConverter   No LDT found for Meta 
1786       DEBUG main            d.u.i.k.j.TypeConverter   No LDT found for Meta 
3228       DEBUG main            d.u.i.k.j.TypeConverter   No LDT found for JavaBigintExpression 
8578       DEBUG main            d.u.i.k.p.i.AbstractProblemLoader Init config took 7.69s 
8709       INFO  main            d.u.i.k.p.i.AbstractProblemLoader Replaying proof CompletionScopes[CompletionScopes::testCcatchReturnVal()].JML normal_behavior operation contract.0 
8739       DEBUG main            d.u.i.k.p.i.IntermediateProofReplayer Proof replay took 30.2ns 
9270       INFO  main            d.u.i.k.p.r.p.TestFile    ... finished proof: closed. 
9381       INFO  main            d.u.i.k.p.i.AbstractProblemLoader Loading environment from /home/runner/work/key/key/key.core/../key.ui/examples/completionscopes/testCcatchReturnVal.key.proof 
9381       DEBUG main            d.u.i.k.p.i.AbstractProblemLoader Environment load took 127.6ns 
9385       INFO  main            d.u.i.k.p.i.AbstractProblemLoader Creating init config 
12153      DEBUG main            d.u.i.k.p.i.AbstractProblemLoader Init config took 2.77s 
12229      INFO  main            d.u.i.k.p.i.AbstractProblemLoader Replaying proof CompletionScopes[CompletionScopes::testCcatchReturnVal()].JML normal_behavior operation contract.0 
12265      DEBUG main            d.u.i.k.p.i.IntermediateProofReplayer Proof replay took 31.34ms 
12271      DEBUG main            d.u.i.k.p.r.p.TestFile    ... success: reloaded. 
12273      INFO  main            d.u.i.k.p.r.p.TestFile    Now processing file /home/runner/work/key/key/key.core/../key.ui/examples/completionscopes/testMultCcatchClauses.key 
12273      INFO  main            d.u.i.k.p.i.AbstractProblemLoader Loading environment from /home/runner/work/key/key/key.core/../key.ui/examples/completionscopes/testMultCcatchClauses.key 
12273      DEBUG main            d.u.i.k.p.i.AbstractProblemLoader Environment load took 181.5ns 
12275      INFO  main            d.u.i.k.p.i.AbstractProblemLoader Creating init config 
14895      DEBUG main            d.u.i.k.p.i.AbstractProblemLoader Init config took 2.62s 
14952      INFO  main            d.u.i.k.p.i.AbstractProblemLoader Replaying proof CompletionScopes[CompletionScopes::testMultCcatchClauses()].JML normal_behavior operation contract.0 
14955      DEBUG main            d.u.i.k.p.i.IntermediateProofReplayer Proof replay took 7ns 
15259      INFO  main            d.u.i.k.p.r.p.TestFile    ... finished proof: closed. 
15389      INFO  main            d.u.i.k.p.i.AbstractProblemLoader Loading environment from /home/runner/work/key/key/key.core/../key.ui/examples/completionscopes/testMultCcatchClauses.key.proof 
15390      DEBUG main            d.u.i.k.p.i.AbstractProblemLoader Environment load took 1.76ms 
15392      INFO  main            d.u.i.k.p.i.AbstractProblemLoader Creating init config 
17967      DEBUG main            d.u.i.k.p.i.AbstractProblemLoader Init config took 2.57s 
18040      INFO  main            d.u.i.k.p.i.AbstractProblemLoader Replaying proof CompletionScopes[CompletionScopes::testMultCcatchClauses()].JML normal_behavior operation contract.0 
18168      DEBUG main            d.u.i.k.p.i.IntermediateProofReplayer Proof replay took 119.76ms 
18169      DEBUG main            d.u.i.k.p.r.p.TestFile    ... success: reloaded. 
18170      INFO  main            d.u.i.k.p.r.p.TestFile    Now processing file /home/runner/work/key/key/key.core/../key.ui/examples/completionscopes/testNestedExec.key 
18171      INFO  main            d.u.i.k.p.i.AbstractProblemLoader Loading environment from /home/runner/work/key/key/key.core/../key.ui/examples/completionscopes/testNestedExec.key 
18171      DEBUG main            d.u.i.k.p.i.AbstractProblemLoader Environment load took 171ns 
18172      INFO  main            d.u.i.k.p.i.AbstractProblemLoader Creating init config 
20776      DEBUG main            d.u.i.k.p.i.AbstractProblemLoader Init config took 2.6s 
20821      INFO  main            d.u.i.k.p.i.AbstractProblemLoader Replaying proof CompletionScopes[CompletionScopes::testMultCcatchClauses()].JML normal_behavior operation contract.0 
20823      DEBUG main            d.u.i.k.p.i.IntermediateProofReplayer Proof replay took 5.1ns 
21026      INFO  main            d.u.i.k.p.r.p.TestFile    ... finished proof: closed. 
21160      INFO  main            d.u.i.k.p.i.AbstractProblemLoader Loading environment from /home/runner/work/key/key/key.core/../key.ui/examples/completionscopes/testNestedExec.key.proof 
21160      DEBUG main            d.u.i.k.p.i.AbstractProblemLoader Environment load took 115.2ns 
21161      INFO  main            d.u.i.k.p.i.AbstractProblemLoader Creating init config 
23744      DEBUG main            d.u.i.k.p.i.AbstractProblemLoader Init config took 2.58s 
23788      INFO  main            d.u.i.k.p.i.AbstractProblemLoader Replaying proof CompletionScopes[CompletionScopes::testMultCcatchClauses()].JML normal_behavior operation contract.0 
23851      DEBUG main            d.u.i.k.p.i.IntermediateProofReplayer Proof replay took 59.81ms 
23852      DEBUG main            d.u.i.k.p.r.p.TestFile    ... success: reloaded. 
23853      INFO  main            d.u.i.k.p.r.p.TestFile    Now processing file /home/runner/work/key/key/key.core/../key.ui/examples/completionscopes/testCcatchBreakLabel.key 
23854      INFO  main            d.u.i.k.p.i.AbstractProblemLoader Loading environment from /home/runner/work/key/key/key.core/../key.ui/examples/completionscopes/testCcatchBreakLabel.key 
23854      DEBUG main            d.u.i.k.p.i.AbstractProblemLoader Environment load took 159.1ns 
23855      INFO  main            d.u.i.k.p.i.AbstractProblemLoader Creating init config 
26327      DEBUG main            d.u.i.k.p.i.AbstractProblemLoader Init config took 2.47s 
26370      INFO  main            d.u.i.k.p.i.AbstractProblemLoader Replaying proof CompletionScopes[CompletionScopes::testBreakLabel()].JML normal_behavior operation contract.0 
26372      DEBUG main            d.u.i.k.p.i.IntermediateProofReplayer Proof replay took 5.6ns 
26391      DEBUG Thread-10       d.u.i.k.l.o.ProgramSV     Match failed: Former match of  SchemaVariable incompatible with  the current match. 
26475      INFO  main            d.u.i.k.p.r.p.TestFile    ... finished proof: closed. 
26609      INFO  main            d.u.i.k.p.i.AbstractProblemLoader Loading environment from /home/runner/work/key/key/key.core/../key.ui/examples/completionscopes/testCcatchBreakLabel.key.proof 
26609      DEBUG main            d.u.i.k.p.i.AbstractProblemLoader Environment load took 111.2ns 
26610      INFO  main            d.u.i.k.p.i.AbstractProblemLoader Creating init config 
29074      DEBUG main            d.u.i.k.p.i.AbstractProblemLoader Init config took 2.46s 
29152      INFO  main            d.u.i.k.p.i.AbstractProblemLoader Replaying proof CompletionScopes[CompletionScopes::testBreakLabel()].JML normal_behavior operation contract.0 
29164      DEBUG main            d.u.i.k.p.i.IntermediateProofReplayer Proof replay took 8.08ms 
29165      DEBUG main            d.u.i.k.p.r.p.TestFile    ... success: reloaded. 
29166      INFO  main            d.u.i.k.p.r.p.TestFile    Now processing file /home/runner/work/key/key/key.core/../key.ui/examples/completionscopes/testCcatchContinueLabel.key 
29166      INFO  main            d.u.i.k.p.i.AbstractProblemLoader Loading environment from /home/runner/work/key/key/key.core/../key.ui/examples/completionscopes/testCcatchContinueLabel.key 
29167      DEBUG main            d.u.i.k.p.i.AbstractProblemLoader Environment load took 165.2ns 
29168      INFO  main            d.u.i.k.p.i.AbstractProblemLoader Creating init config 
31680      DEBUG main            d.u.i.k.p.i.AbstractProblemLoader Init config took 2.51s 
31733      INFO  main            d.u.i.k.p.i.AbstractProblemLoader Replaying proof CompletionScopes[CompletionScopes::testContinueLabel()].JML normal_behavior operation contract.0 
31735      DEBUG main            d.u.i.k.p.i.IntermediateProofReplayer Proof replay took 5.6ns 
31750      DEBUG Thread-13       d.u.i.k.l.o.ProgramSV     Match failed: Former match of  SchemaVariable incompatible with  the current match. 
31836      INFO  main            d.u.i.k.p.r.p.TestFile    ... finished proof: closed. 
32018      INFO  main            d.u.i.k.p.i.AbstractProblemLoader Loading environment from /home/runner/work/key/key/key.core/../key.ui/examples/completionscopes/testCcatchContinueLabel.key.proof 
32018      DEBUG main            d.u.i.k.p.i.AbstractProblemLoader Environment load took 125.8ns 
32019      INFO  main            d.u.i.k.p.i.AbstractProblemLoader Creating init config 
34429      DEBUG main            d.u.i.k.p.i.AbstractProblemLoader Init config took 2.41s 
34477      INFO  main            d.u.i.k.p.i.AbstractProblemLoader Replaying proof CompletionScopes[CompletionScopes::testContinueLabel()].JML normal_behavior operation contract.0 
34487      DEBUG main            d.u.i.k.p.i.IntermediateProofReplayer Proof replay took 7.42ms 
34487      DEBUG main            d.u.i.k.p.r.p.TestFile    ... success: reloaded. 
34489      INFO  main            d.u.i.k.p.r.p.TestFile    Now processing file /home/runner/work/key/key/key.core/../key.ui/examples/completionscopes/testCcatchBreakLabelWildcard.key 
34489      INFO  main            d.u.i.k.p.i.AbstractProblemLoader Loading environment from /home/runner/work/key/key/key.core/../key.ui/examples/completionscopes/testCcatchBreakLabelWildcard.key 
34489      DEBUG main            d.u.i.k.p.i.AbstractProblemLoader Environment load took 168.41ns 
34490      INFO  main            d.u.i.k.p.i.AbstractProblemLoader Creating init config 
36939      DEBUG main            d.u.i.k.p.i.AbstractProblemLoader Init config took 2.45s 
36981      INFO  main            d.u.i.k.p.i.AbstractProblemLoader Replaying proof CompletionScopes[CompletionScopes::testBreakLabelWildcard()].JML normal_behavior operation contract.0 
36983      DEBUG main            d.u.i.k.p.i.IntermediateProofReplayer Proof replay took 5.3ns 
37002      DEBUG Thread-16       d.u.i.k.l.o.ProgramSV     Match failed: Former match of  SchemaVariable incompatible with  the current match. 
37003      DEBUG Thread-16       d.u.i.k.l.o.ProgramSV     Match failed: Former match of  SchemaVariable incompatible with  the current match. 
37085      INFO  main            d.u.i.k.p.r.p.TestFile    ... finished proof: closed. 
37230      INFO  main            d.u.i.k.p.i.AbstractProblemLoader Loading environment from /home/runner/work/key/key/key.core/../key.ui/examples/completionscopes/testCcatchBreakLabelWildcard.key.proof 
37231      DEBUG main            d.u.i.k.p.i.AbstractProblemLoader Environment load took 430.51ns 
37232      INFO  main            d.u.i.k.p.i.AbstractProblemLoader Creating init config 
39671      DEBUG main            d.u.i.k.p.i.AbstractProblemLoader Init config took 2.44s 
39711      INFO  main            d.u.i.k.p.i.AbstractProblemLoader Replaying proof CompletionScopes[CompletionScopes::testBreakLabelWildcard()].JML normal_behavior operation contract.0 
39720      DEBUG main            d.u.i.k.p.i.IntermediateProofReplayer Proof replay took 6.72ms 
39721      DEBUG main            d.u.i.k.p.r.p.TestFile    ... success: reloaded. 
39722      INFO  main            d.u.i.k.p.r.p.TestFile    Now processing file /home/runner/work/key/key/key.core/../key.ui/examples/completionscopes/testCcatchContinueLabelWildcard.key 
39722      INFO  main            d.u.i.k.p.i.AbstractProblemLoader Loading environment from /home/runner/work/key/key/key.core/../key.ui/examples/completionscopes/testCcatchContinueLabelWildcard.key 
39722      DEBUG main            d.u.i.k.p.i.AbstractProblemLoader Environment load took 80.7ns 
39723      INFO  main            d.u.i.k.p.i.AbstractProblemLoader Creating init config 
42177      DEBUG main            d.u.i.k.p.i.AbstractProblemLoader Init config took 2.45s 
42225      INFO  main            d.u.i.k.p.i.AbstractProblemLoader Replaying proof CompletionScopes[CompletionScopes::testContinueLabelWildcard()].JML normal_behavior operation contract.0 
42227      DEBUG main            d.u.i.k.p.i.IntermediateProofReplayer Proof replay took 6.6ns 
42242      DEBUG Thread-19       d.u.i.k.l.o.ProgramSV     Match failed: Former match of  SchemaVariable incompatible with  the current match. 
42243      DEBUG Thread-19       d.u.i.k.l.o.ProgramSV     Match failed: Former match of  SchemaVariable incompatible with  the current match. 
42329      INFO  main            d.u.i.k.p.r.p.TestFile    ... finished proof: closed. 
42469      INFO  main            d.u.i.k.p.i.AbstractProblemLoader Loading environment from /home/runner/work/key/key/key.core/../key.ui/examples/completionscopes/testCcatchContinueLabelWildcard.key.proof 
42469      DEBUG main            d.u.i.k.p.i.AbstractProblemLoader Environment load took 108.4ns 
42470      INFO  main            d.u.i.k.p.i.AbstractProblemLoader Creating init config 
44857      DEBUG main            d.u.i.k.p.i.AbstractProblemLoader Init config took 2.39s 
44897      INFO  main            d.u.i.k.p.i.AbstractProblemLoader Replaying proof CompletionScopes[CompletionScopes::testContinueLabelWildcard()].JML normal_behavior operation contract.0 
44907      DEBUG main            d.u.i.k.p.i.IntermediateProofReplayer Proof replay took 7.45ms 
44908      DEBUG main            d.u.i.k.p.r.p.TestFile    ... success: reloaded. 
44909      INFO  main            d.u.i.k.p.r.p.TestFile    Now processing file /home/runner/work/key/key/key.core/../key.ui/examples/completionscopes/testCcatchBreakLabelNonmatchingNested.key 
44910      INFO  main            d.u.i.k.p.i.AbstractProblemLoader Loading environment from /home/runner/work/key/key/key.core/../key.ui/examples/completionscopes/testCcatchBreakLabelNonmatchingNested.key 
44910      DEBUG main            d.u.i.k.p.i.AbstractProblemLoader Environment load took 83.5ns 
44911      INFO  main            d.u.i.k.p.i.AbstractProblemLoader Creating init config 
47357      DEBUG main            d.u.i.k.p.i.AbstractProblemLoader Init config took 2.45s 
47394      INFO  main            d.u.i.k.p.i.AbstractProblemLoader Replaying proof CompletionScopes[CompletionScopes::testBreakLabelNonmatchingNested()].JML normal_behavior operation contract.0 
47396      DEBUG main            d.u.i.k.p.i.IntermediateProofReplayer Proof replay took 6.2ns 
47409      DEBUG Thread-22       d.u.i.k.l.o.ProgramSV     Match failed: Former match of  SchemaVariable incompatible with  the current match. 
47410      DEBUG Thread-22       d.u.i.k.l.o.ProgramSV     Match failed: Former match of  SchemaVariable incompatible with  the current match. 
47498      INFO  main            d.u.i.k.p.r.p.TestFile    ... finished proof: closed. 
47658      INFO  main            d.u.i.k.p.i.AbstractProblemLoader Loading environment from /home/runner/work/key/key/key.core/../key.ui/examples/completionscopes/testCcatchBreakLabelNonmatchingNested.key.proof 
47658      DEBUG main            d.u.i.k.p.i.AbstractProblemLoader Environment load took 121.4ns 
47659      INFO  main            d.u.i.k.p.i.AbstractProblemLoader Creating init config 
50033      DEBUG main            d.u.i.k.p.i.AbstractProblemLoader Init config took 2.37s 
50072      INFO  main            d.u.i.k.p.i.AbstractProblemLoader Replaying proof CompletionScopes[CompletionScopes::testBreakLabelNonmatchingNested()].JML normal_behavior operation contract.0 
50094      DEBUG main            d.u.i.k.p.i.IntermediateProofReplayer Proof replay took 19.33ms 
50096      DEBUG main            d.u.i.k.p.r.p.TestFile    ... success: reloaded. 
4791791    INFO  Test worker     d.u.i.k.p.r.p.StatisticsFile Returning from test completionScopes 
4791792    INFO  Test worker     d.u.i.k.p.r.p.StatisticsFile Running test reload_examples 
393        INFO  Timeout watchdog d.u.i.k.p.r.p.ForkedTestFileRunner Timeout watcher launched (2000 secs.) 
416        WARN  main            d.u.i.k.s.ProofSettings   The settings in /home/runner/.key/proof-settings.props are *not* read. 
442        INFO  main            d.u.i.k.p.r.p.TestFile    Now processing file /home/runner/work/key/key/key.core/../key.ui/examples/firstTouch/05-ReverseArray/reverseArray.key 
579        INFO  main            d.u.i.k.p.i.AbstractProblemLoader Loading environment from /home/runner/work/key/key/key.core/../key.ui/examples/firstTouch/05-ReverseArray/reverseArray.key 
596        DEBUG main            d.u.i.k.p.i.AbstractProblemLoader Environment load took 1.88ms 
821        INFO  main            d.u.i.k.p.i.AbstractProblemLoader Creating init config 
1734       DEBUG main            d.u.i.k.j.TypeConverter   No LDT found for Meta 
1735       DEBUG main            d.u.i.k.j.TypeConverter   No LDT found for Meta 
1738       DEBUG main            d.u.i.k.j.TypeConverter   No LDT found for Meta 
1738       DEBUG main            d.u.i.k.j.TypeConverter   No LDT found for Meta 
3205       DEBUG main            d.u.i.k.j.TypeConverter   No LDT found for JavaBigintExpression 
8120       DEBUG main            d.u.i.k.p.i.AbstractProblemLoader Init config took 7.3s 
8230       INFO  main            d.u.i.k.p.i.AbstractProblemLoader Replaying proof ReverseArray[ReverseArray::reverse()].JML normal_behavior operation contract.0 
8279       DEBUG main            d.u.i.k.p.i.IntermediateProofReplayer Proof replay took 29.5ns 
17605      INFO  main            d.u.i.k.p.r.p.TestFile    ... finished proof: closed. 
17840      INFO  main            d.u.i.k.p.i.AbstractProblemLoader Loading environment from /home/runner/work/key/key/key.core/../key.ui/examples/firstTouch/05-ReverseArray/reverseArray.key.proof 
17841      DEBUG main            d.u.i.k.p.i.AbstractProblemLoader Environment load took 350.41ns 
17844      INFO  main            d.u.i.k.p.i.AbstractProblemLoader Creating init config 
20475      DEBUG main            d.u.i.k.p.i.AbstractProblemLoader Init config took 2.63s 
20531      INFO  main            d.u.i.k.p.i.AbstractProblemLoader Replaying proof ReverseArray[ReverseArray::reverse()].JML normal_behavior operation contract.0 
21656      DEBUG main            d.u.i.k.p.i.IntermediateProofReplayer Proof replay took 1.07s 
21667      DEBUG main            d.u.i.k.p.r.p.TestFile    ... success: reloaded. 
21669      INFO  main            d.u.i.k.p.r.p.TestFile    Now processing file /home/runner/work/key/key/key.core/../key.ui/examples/standard_key/arith/saveProofTest.key.proof 
21670      INFO  main            d.u.i.k.p.i.AbstractProblemLoader Loading environment from /home/runner/work/key/key/key.core/../key.ui/examples/standard_key/arith/saveProofTest.key.proof 
21670      DEBUG main            d.u.i.k.p.i.AbstractProblemLoader Environment load took 188ns 
21672      INFO  main            d.u.i.k.p.i.AbstractProblemLoader Creating init config 
24071      DEBUG main            d.u.i.k.p.i.AbstractProblemLoader Init config took 2.4s 
24098      INFO  main            d.u.i.k.p.i.AbstractProblemLoader Replaying proof saveProofTest.key.proof 
24105      DEBUG main            d.u.i.k.p.i.IntermediateProofReplayer Proof replay took 2.83ms 
24105      INFO  main            d.u.i.k.p.r.p.TestFile    ... success: loaded 
24107      INFO  main            d.u.i.k.p.r.p.TestFile    Now processing file /home/runner/work/key/key/key.core/../key.ui/examples/heap/permutedSum/perm.proof 
24107      INFO  main            d.u.i.k.p.i.AbstractProblemLoader Loading environment from /home/runner/work/key/key/key.core/../key.ui/examples/heap/permutedSum/perm.proof 
24107      DEBUG main            d.u.i.k.p.i.AbstractProblemLoader Environment load took 186.21ns 
24110      INFO  main            d.u.i.k.p.i.AbstractProblemLoader Creating init config 
26623      DEBUG main            d.u.i.k.p.i.AbstractProblemLoader Init config took 2.51s 
26689      INFO  main            d.u.i.k.p.i.AbstractProblemLoader Replaying proof Perm[Perm::foo()].JML normal_behavior operation contract.0 
27776      DEBUG main            d.u.i.k.p.i.IntermediateProofReplayer Proof replay took 1.03s 
27778      INFO  main            d.u.i.k.p.r.p.TestFile    ... success: loaded 
27779      INFO  main            d.u.i.k.p.r.p.TestFile    Now processing file /home/runner/work/key/key/key.core/../key.ui/examples/firstTouch/05-ReverseArray/reverseArray.proof 
27780      INFO  main            d.u.i.k.p.i.AbstractProblemLoader Loading environment from /home/runner/work/key/key/key.core/../key.ui/examples/firstTouch/05-ReverseArray/reverseArray.proof 
27780      DEBUG main            d.u.i.k.p.i.AbstractProblemLoader Environment load took 170.31ns 
27782      INFO  main            d.u.i.k.p.i.AbstractProblemLoader Creating init config 
30291      DEBUG main            d.u.i.k.p.i.AbstractProblemLoader Init config took 2.51s 
30329      INFO  main            d.u.i.k.p.i.AbstractProblemLoader Replaying proof ReverseArray[ReverseArray::reverse()].JML normal_behavior operation contract.0 
31342      DEBUG main            d.u.i.k.p.i.IntermediateProofReplayer Proof replay took 974.52ms 
31345      INFO  main            d.u.i.k.p.r.p.TestFile    ... success: loaded 
31346      INFO  main            d.u.i.k.p.r.p.TestFile    Now processing file /home/runner/work/key/key/key.core/../key.ui/examples/heap/verifyThis15_1_RelaxedPrefix/relax.proof 
31346      INFO  main            d.u.i.k.p.i.AbstractProblemLoader Loading environment from /home/runner/work/key/key/key.core/../key.ui/examples/heap/verifyThis15_1_RelaxedPrefix/relax.proof 
31346      DEBUG main            d.u.i.k.p.i.AbstractProblemLoader Environment load took 211.41ns 
31348      INFO  main            d.u.i.k.p.i.AbstractProblemLoader Creating init config 
33777      DEBUG main            d.u.i.k.p.i.AbstractProblemLoader Init config took 2.43s 
33827      INFO  main            d.u.i.k.p.i.AbstractProblemLoader Replaying proof Relaxed[Relaxed::isRelaxedPrefix([I,[I)].JML operation contract.0 
34287      DEBUG main            d.u.i.k.p.i.IntermediateProofReplayer Proof replay took 439.25ms 
34288      INFO  main            d.u.i.k.p.r.p.TestFile    ... success: loaded 
34290      INFO  main            d.u.i.k.p.r.p.TestFile    Now processing file /home/runner/work/key/key/key.core/../key.ui/examples/heap/verifyThis15_3_DLL/doUndo.proof 
34290      INFO  main            d.u.i.k.p.i.AbstractProblemLoader Loading environment from /home/runner/work/key/key/key.core/../key.ui/examples/heap/verifyThis15_3_DLL/doUndo.proof 
34290      DEBUG main            d.u.i.k.p.i.AbstractProblemLoader Environment load took 167ns 
34292      INFO  main            d.u.i.k.p.i.AbstractProblemLoader Creating init config 
35189      DEBUG main            d.u.i.k.j.r.ClassPreparationMethodBuilder clPrepBuilder: Inner Class detected. Reject building class initialisation methods. 
36959      DEBUG main            d.u.i.k.p.i.AbstractProblemLoader Init config took 2.67s 
37034      INFO  main            d.u.i.k.p.i.AbstractProblemLoader Replaying proof DoubleLinkedList[DoubleLinkedList::doUndo(DoubleLinkedList.Node,int)].JML normal_behavior operation contract.0 
37728      DEBUG main            d.u.i.k.p.i.IntermediateProofReplayer Proof replay took 661.99ms 
37729      INFO  main            d.u.i.k.p.r.p.TestFile    ... success: loaded 
37731      INFO  main            d.u.i.k.p.r.p.TestFile    Now processing file /home/runner/work/key/key/key.core/../key.ui/examples/heap/verifyThis15_2_ParallelGcd/parallelGcd.proof 
37731      INFO  main            d.u.i.k.p.i.AbstractProblemLoader Loading environment from /home/runner/work/key/key/key.core/../key.ui/examples/heap/verifyThis15_2_ParallelGcd/parallelGcd.proof 
37731      DEBUG main            d.u.i.k.p.i.AbstractProblemLoader Environment load took 163.91ns 
37732      INFO  main            d.u.i.k.p.i.AbstractProblemLoader Creating init config 
40172      DEBUG main            d.u.i.k.p.i.AbstractProblemLoader Init config took 2.44s 
40246      INFO  main            d.u.i.k.p.i.AbstractProblemLoader Replaying proof ParallelGcd[ParallelGcd::parallelGcd(int,int,[Z)].JML behavior operation contract.0 
40801      DEBUG main            d.u.i.k.p.i.IntermediateProofReplayer Proof replay took 540.35ms 
40802      INFO  main            d.u.i.k.p.r.p.TestFile    ... success: loaded 
4832786    INFO  Test worker     d.u.i.k.p.r.p.StatisticsFile Returning from test reload_examples 
4832788    INFO  Test worker     d.u.i.k.p.r.p.StatisticsFile Running test proofLoadRepair 
385        INFO  Timeout watchdog d.u.i.k.p.r.p.ForkedTestFileRunner Timeout watcher launched (2000 secs.) 
401        WARN  main            d.u.i.k.s.ProofSettings   The settings in /home/runner/.key/proof-settings.props are *not* read. 
444        INFO  main            d.u.i.k.p.r.p.TestFile    Now processing file /home/runner/work/key/key/key.core/../key.ui/examples/proofLoadRepair/disjConj-manipulated.proof 
563        INFO  main            d.u.i.k.p.i.AbstractProblemLoader Loading environment from /home/runner/work/key/key/key.core/../key.ui/examples/proofLoadRepair/disjConj-manipulated.proof 
579        DEBUG main            d.u.i.k.p.i.AbstractProblemLoader Environment load took 1.92ms 
811        INFO  main            d.u.i.k.p.i.AbstractProblemLoader Creating init config 
1749       DEBUG main            d.u.i.k.j.TypeConverter   No LDT found for Meta 
1749       DEBUG main            d.u.i.k.j.TypeConverter   No LDT found for Meta 
1755       DEBUG main            d.u.i.k.j.TypeConverter   No LDT found for Meta 
1755       DEBUG main            d.u.i.k.j.TypeConverter   No LDT found for Meta 
3357       DEBUG main            d.u.i.k.j.TypeConverter   No LDT found for JavaBigintExpression 
7974       DEBUG main            d.u.i.k.p.i.AbstractProblemLoader Init config took 7.16s 
8031       INFO  main            d.u.i.k.p.i.AbstractProblemLoader Replaying proof disjConj-manipulated.proof 
8073       WARN  main            d.u.i.k.p.i.IntermediateProofReplayer Proof contains wrong number of \assumes instatiations for andLeft 
8074       WARN  main            d.u.i.k.p.i.IntermediateProofReplayer Proof contains wrong number of \assumes instatiations for replace_known_right 
8077       WARN  main            d.u.i.k.p.i.IntermediateProofReplayer Proof contains wrong number of \assumes instatiations for close 
8078       DEBUG main            d.u.i.k.p.i.IntermediateProofReplayer Proof replay took 15.75ms 
8082       INFO  main            d.u.i.k.p.r.p.TestFile    ... success: loaded 
8086       INFO  main            d.u.i.k.p.r.p.TestFile    Now processing file /home/runner/work/key/key/key.core/../key.ui/examples/proofLoadRepair/insufficient-manipulated.proof 
8086       INFO  main            d.u.i.k.p.i.AbstractProblemLoader Loading environment from /home/runner/work/key/key/key.core/../key.ui/examples/proofLoadRepair/insufficient-manipulated.proof 
8086       DEBUG main            d.u.i.k.p.i.AbstractProblemLoader Environment load took 245.61ns 
8090       INFO  main            d.u.i.k.p.i.AbstractProblemLoader Creating init config 
10716      DEBUG main            d.u.i.k.p.i.AbstractProblemLoader Init config took 2.63s 
10757      INFO  main            d.u.i.k.p.i.AbstractProblemLoader Replaying proof insufficient-manipulated.proof 
10785      WARN  main            d.u.i.k.p.i.IntermediateProofReplayer Proof contains wrong number of \assumes instatiations for applyEq 
10797      DEBUG main            d.u.i.k.p.i.IntermediateProofReplayer Proof replay took 18.17ms 
10800      INFO  main            d.u.i.k.p.r.p.TestFile    ... success: loading failed 
10802      INFO  main            d.u.i.k.p.r.p.TestFile    Now processing file /home/runner/work/key/key/key.core/../key.ui/examples/../../key.core/src/test/resources/testcase/issues/1716/incorrectPolarity.proof 
10802      INFO  main            d.u.i.k.p.i.AbstractProblemLoader Loading environment from /home/runner/work/key/key/key.core/../key.ui/examples/../../key.core/src/test/resources/testcase/issues/1716/incorrectPolarity.proof 
10802      DEBUG main            d.u.i.k.p.i.AbstractProblemLoader Environment load took 105.9ns 
10805      INFO  main            d.u.i.k.p.i.AbstractProblemLoader Creating init config 
13435      DEBUG main            d.u.i.k.p.i.AbstractProblemLoader Init config took 2.63s 
13464      INFO  main            d.u.i.k.p.i.AbstractProblemLoader Replaying proof incorrectPolarity.proof 
13466      DEBUG main            d.u.i.k.p.i.IntermediateProofReplayer Proof replay took 172.41ns 
13466      INFO  main            d.u.i.k.p.r.p.TestFile    ... success: loading failed 
13467      INFO  main            d.u.i.k.p.r.p.TestFile    Now processing file /home/runner/work/key/key/key.core/../key.ui/examples/../../key.core/src/test/resources/testcase/issues/1716/incorrectPolarity2.proof 
13468      INFO  main            d.u.i.k.p.i.AbstractProblemLoader Loading environment from /home/runner/work/key/key/key.core/../key.ui/examples/../../key.core/src/test/resources/testcase/issues/1716/incorrectPolarity2.proof 
13468      DEBUG main            d.u.i.k.p.i.AbstractProblemLoader Environment load took 165.31ns 
13469      INFO  main            d.u.i.k.p.i.AbstractProblemLoader Creating init config 
15755      DEBUG main            d.u.i.k.p.i.AbstractProblemLoader Init config took 2.29s 
15778      INFO  main            d.u.i.k.p.i.AbstractProblemLoader Replaying proof incorrectPolarity2.proof 
15780      DEBUG main            d.u.i.k.p.i.IntermediateProofReplayer Proof replay took 314.01ns 
15781      INFO  main            d.u.i.k.p.r.p.TestFile    ... success: loading failed 
15782      INFO  main            d.u.i.k.p.r.p.TestFile    Now processing file /home/runner/work/key/key/key.core/../key.ui/examples/../../key.core/src/test/resources/testcase/issues/1716/incorrectPolarity3.proof 
15782      INFO  main            d.u.i.k.p.i.AbstractProblemLoader Loading environment from /home/runner/work/key/key/key.core/../key.ui/examples/../../key.core/src/test/resources/testcase/issues/1716/incorrectPolarity3.proof 
15782      DEBUG main            d.u.i.k.p.i.AbstractProblemLoader Environment load took 157.6ns 
15783      INFO  main            d.u.i.k.p.i.AbstractProblemLoader Creating init config 
18126      DEBUG main            d.u.i.k.p.i.AbstractProblemLoader Init config took 2.34s 
18150      INFO  main            d.u.i.k.p.i.AbstractProblemLoader Replaying proof incorrectPolarity3.proof 
18158      DEBUG main            d.u.i.k.p.i.IntermediateProofReplayer Proof replay took 2.68ms 
18162      INFO  main            d.u.i.k.p.r.p.TestFile    ... success: loading failed 
4851115    INFO  Test worker     d.u.i.k.p.r.p.StatisticsFile Returning from test proofLoadRepair 
4851116    INFO  Test worker     d.u.i.k.p.r.p.StatisticsFile Running test switch 
323        INFO  Timeout watchdog d.u.i.k.p.r.p.ForkedTestFileRunner Timeout watcher launched (2000 secs.) 
333        WARN  main            d.u.i.k.s.ProofSettings   The settings in /home/runner/.key/proof-settings.props are *not* read. 
358        INFO  main            d.u.i.k.p.r.p.TestFile    Now processing file /home/runner/work/key/key/key.core/../key.ui/examples/standard_key/java_dl/switch/labeled_case.key 
464        INFO  main            d.u.i.k.p.i.AbstractProblemLoader Loading environment from /home/runner/work/key/key/key.core/../key.ui/examples/standard_key/java_dl/switch/labeled_case.key 
479        DEBUG main            d.u.i.k.p.i.AbstractProblemLoader Environment load took 1.76ms 
683        INFO  main            d.u.i.k.p.i.AbstractProblemLoader Creating init config 
1499       DEBUG main            d.u.i.k.j.TypeConverter   No LDT found for Meta 
1500       DEBUG main            d.u.i.k.j.TypeConverter   No LDT found for Meta 
1501       DEBUG main            d.u.i.k.j.TypeConverter   No LDT found for Meta 
1501       DEBUG main            d.u.i.k.j.TypeConverter   No LDT found for Meta 
2941       DEBUG main            d.u.i.k.j.TypeConverter   No LDT found for JavaBigintExpression 
8006       DEBUG main            d.u.i.k.p.i.AbstractProblemLoader Init config took 7.32s 
8161       INFO  main            d.u.i.k.p.i.AbstractProblemLoader Replaying proof LabeledCase[LabeledCase::m(int)].JML normal_behavior operation contract.0 
8195       DEBUG main            d.u.i.k.p.i.IntermediateProofReplayer Proof replay took 32.4ns 
8851       INFO  main            d.u.i.k.p.r.p.TestFile    ... finished proof: closed. 
8952       INFO  main            d.u.i.k.p.i.AbstractProblemLoader Loading environment from /home/runner/work/key/key/key.core/../key.ui/examples/standard_key/java_dl/switch/labeled_case.key.proof 
8952       DEBUG main            d.u.i.k.p.i.AbstractProblemLoader Environment load took 353.11ns 
8954       INFO  main            d.u.i.k.p.i.AbstractProblemLoader Creating init config 
11784      DEBUG main            d.u.i.k.p.i.AbstractProblemLoader Init config took 2.83s 
11845      INFO  main            d.u.i.k.p.i.AbstractProblemLoader Replaying proof LabeledCase[LabeledCase::m(int)].JML normal_behavior operation contract.0 
11949      DEBUG main            d.u.i.k.p.i.IntermediateProofReplayer Proof replay took 93ms 
11962      DEBUG main            d.u.i.k.p.r.p.TestFile    ... success: reloaded. 
11965      INFO  main            d.u.i.k.p.r.p.TestFile    Now processing file /home/runner/work/key/key/key.core/../key.ui/examples/standard_key/java_dl/switch/empty_switch.key 
11967      INFO  main            d.u.i.k.p.i.AbstractProblemLoader Loading environment from /home/runner/work/key/key/key.core/../key.ui/examples/standard_key/java_dl/switch/empty_switch.key 
11968      DEBUG main            d.u.i.k.p.i.AbstractProblemLoader Environment load took 198.31ns 
11969      INFO  main            d.u.i.k.p.i.AbstractProblemLoader Creating init config 
14581      DEBUG main            d.u.i.k.p.i.AbstractProblemLoader Init config took 2.61s 
14610      INFO  main            d.u.i.k.p.i.AbstractProblemLoader Replaying proof empty_switch.key 
14612      DEBUG main            d.u.i.k.p.i.IntermediateProofReplayer Proof replay took 6.5ns 
14715      INFO  main            d.u.i.k.p.r.p.TestFile    ... finished proof: closed. 
14833      INFO  main            d.u.i.k.p.i.AbstractProblemLoader Loading environment from /home/runner/work/key/key/key.core/../key.ui/examples/standard_key/java_dl/switch/empty_switch.key.proof 
14834      DEBUG main            d.u.i.k.p.i.AbstractProblemLoader Environment load took 119.4ns 
14835      INFO  main            d.u.i.k.p.i.AbstractProblemLoader Creating init config 
17475      DEBUG main            d.u.i.k.p.i.AbstractProblemLoader Init config took 2.64s 
17496      INFO  main            d.u.i.k.p.i.AbstractProblemLoader Replaying proof empty_switch.key.proof 
17500      DEBUG main            d.u.i.k.p.i.IntermediateProofReplayer Proof replay took 1.81ms 
17501      DEBUG main            d.u.i.k.p.r.p.TestFile    ... success: reloaded. 
17502      INFO  main            d.u.i.k.p.r.p.TestFile    Now processing file /home/runner/work/key/key/key.core/../key.ui/examples/standard_key/java_dl/switch/empty_switch_null.key 
17502      INFO  main            d.u.i.k.p.i.AbstractProblemLoader Loading environment from /home/runner/work/key/key/key.core/../key.ui/examples/standard_key/java_dl/switch/empty_switch_null.key 
17502      DEBUG main            d.u.i.k.p.i.AbstractProblemLoader Environment load took 166.31ns 
17503      INFO  main            d.u.i.k.p.i.AbstractProblemLoader Creating init config 
20069      DEBUG main            d.u.i.k.p.i.AbstractProblemLoader Init config took 2.57s 
20095      INFO  main            d.u.i.k.p.i.AbstractProblemLoader Replaying proof empty_switch_null.key 
20097      DEBUG main            d.u.i.k.p.i.IntermediateProofReplayer Proof replay took 5.1ns 
20303      INFO  main            d.u.i.k.p.r.p.TestFile    ... finished proof: closed. 
20428      INFO  main            d.u.i.k.p.i.AbstractProblemLoader Loading environment from /home/runner/work/key/key/key.core/../key.ui/examples/standard_key/java_dl/switch/empty_switch_null.key.proof 
20428      DEBUG main            d.u.i.k.p.i.AbstractProblemLoader Environment load took 127.4ns 
20429      INFO  main            d.u.i.k.p.i.AbstractProblemLoader Creating init config 
22961      DEBUG main            d.u.i.k.p.i.AbstractProblemLoader Init config took 2.53s 
22991      INFO  main            d.u.i.k.p.i.AbstractProblemLoader Replaying proof empty_switch_null.key.proof 
23020      DEBUG main            d.u.i.k.p.i.IntermediateProofReplayer Proof replay took 25.78ms 
23021      DEBUG main            d.u.i.k.p.r.p.TestFile    ... success: reloaded. 
23021      INFO  main            d.u.i.k.p.r.p.TestFile    Now processing file /home/runner/work/key/key/key.core/../key.ui/examples/standard_key/java_dl/switch/empty_switch_null_catch.key 
23022      INFO  main            d.u.i.k.p.i.AbstractProblemLoader Loading environment from /home/runner/work/key/key/key.core/../key.ui/examples/standard_key/java_dl/switch/empty_switch_null_catch.key 
23022      DEBUG main            d.u.i.k.p.i.AbstractProblemLoader Environment load took 162.5ns 
23023      INFO  main            d.u.i.k.p.i.AbstractProblemLoader Creating init config 
25518      DEBUG main            d.u.i.k.p.i.AbstractProblemLoader Init config took 2.5s 
25539      INFO  main            d.u.i.k.p.i.AbstractProblemLoader Replaying proof empty_switch_null_catch.key 
25541      DEBUG main            d.u.i.k.p.i.IntermediateProofReplayer Proof replay took 6.3ns 
25667      INFO  main            d.u.i.k.p.r.p.TestFile    ... finished proof: closed. 
25801      INFO  main            d.u.i.k.p.i.AbstractProblemLoader Loading environment from /home/runner/work/key/key/key.core/../key.ui/examples/standard_key/java_dl/switch/empty_switch_null_catch.key.proof 
25801      DEBUG main            d.u.i.k.p.i.AbstractProblemLoader Environment load took 465.71ns 
25802      INFO  main            d.u.i.k.p.i.AbstractProblemLoader Creating init config 
28267      DEBUG main            d.u.i.k.p.i.AbstractProblemLoader Init config took 2.46s 
28288      INFO  main            d.u.i.k.p.i.AbstractProblemLoader Replaying proof empty_switch_null_catch.key.proof 
28323      DEBUG main            d.u.i.k.p.i.IntermediateProofReplayer Proof replay took 32.39ms 
28324      DEBUG main            d.u.i.k.p.r.p.TestFile    ... success: reloaded. 
28329      INFO  main            d.u.i.k.p.r.p.TestFile    Now processing file /home/runner/work/key/key/key.core/../key.ui/examples/standard_key/java_dl/switch/empty_switch_array_out_of_bounds.key 
28329      INFO  main            d.u.i.k.p.i.AbstractProblemLoader Loading environment from /home/runner/work/key/key/key.core/../key.ui/examples/standard_key/java_dl/switch/empty_switch_array_out_of_bounds.key 
28330      DEBUG main            d.u.i.k.p.i.AbstractProblemLoader Environment load took 99.9ns 
28330      INFO  main            d.u.i.k.p.i.AbstractProblemLoader Creating init config 
30878      DEBUG main            d.u.i.k.p.i.AbstractProblemLoader Init config took 2.55s 
30897      INFO  main            d.u.i.k.p.i.AbstractProblemLoader Replaying proof empty_switch_array_out_of_bounds.key 
30900      DEBUG main            d.u.i.k.p.i.IntermediateProofReplayer Proof replay took 5.1ns 
31104      INFO  main            d.u.i.k.p.r.p.TestFile    ... finished proof: closed. 
31271      INFO  main            d.u.i.k.p.i.AbstractProblemLoader Loading environment from /home/runner/work/key/key/key.core/../key.ui/examples/standard_key/java_dl/switch/empty_switch_array_out_of_bounds.key.proof 
31272      DEBUG main            d.u.i.k.p.i.AbstractProblemLoader Environment load took 331.11ns 
31273      INFO  main            d.u.i.k.p.i.AbstractProblemLoader Creating init config 
33738      DEBUG main            d.u.i.k.p.i.AbstractProblemLoader Init config took 2.47s 
33757      INFO  main            d.u.i.k.p.i.AbstractProblemLoader Replaying proof empty_switch_array_out_of_bounds.key.proof 
33805      DEBUG main            d.u.i.k.p.i.IntermediateProofReplayer Proof replay took 44.98ms 
33806      DEBUG main            d.u.i.k.p.r.p.TestFile    ... success: reloaded. 
33807      INFO  main            d.u.i.k.p.r.p.TestFile    Now processing file /home/runner/work/key/key/key.core/../key.ui/examples/standard_key/java_dl/switch/empty_switch_array_out_of_bounds_catch.key 
33807      INFO  main            d.u.i.k.p.i.AbstractProblemLoader Loading environment from /home/runner/work/key/key/key.core/../key.ui/examples/standard_key/java_dl/switch/empty_switch_array_out_of_bounds_catch.key 
33808      DEBUG main            d.u.i.k.p.i.AbstractProblemLoader Environment load took 194.71ns 
33809      INFO  main            d.u.i.k.p.i.AbstractProblemLoader Creating init config 
36288      DEBUG main            d.u.i.k.p.i.AbstractProblemLoader Init config took 2.48s 
36308      INFO  main            d.u.i.k.p.i.AbstractProblemLoader Replaying proof empty_switch_array_out_of_bounds_catch.key 
36311      DEBUG main            d.u.i.k.p.i.IntermediateProofReplayer Proof replay took 5.6ns 
36515      INFO  main            d.u.i.k.p.r.p.TestFile    ... finished proof: closed. 
36746      INFO  main            d.u.i.k.p.i.AbstractProblemLoader Loading environment from /home/runner/work/key/key/key.core/../key.ui/examples/standard_key/java_dl/switch/empty_switch_array_out_of_bounds_catch.key.proof 
36746      DEBUG main            d.u.i.k.p.i.AbstractProblemLoader Environment load took 117.9ns 
36747      INFO  main            d.u.i.k.p.i.AbstractProblemLoader Creating init config 
39223      DEBUG main            d.u.i.k.p.i.AbstractProblemLoader Init config took 2.48s 
39243      INFO  main            d.u.i.k.p.i.AbstractProblemLoader Replaying proof empty_switch_array_out_of_bounds_catch.key.proof 
39277      DEBUG main            d.u.i.k.p.i.IntermediateProofReplayer Proof replay took 31.08ms 
39278      DEBUG main            d.u.i.k.p.r.p.TestFile    ... success: reloaded. 
39279      INFO  main            d.u.i.k.p.r.p.TestFile    Now processing file /home/runner/work/key/key/key.core/../key.ui/examples/standard_key/java_dl/switch/switch_in_switch.key 
39279      INFO  main            d.u.i.k.p.i.AbstractProblemLoader Loading environment from /home/runner/work/key/key/key.core/../key.ui/examples/standard_key/java_dl/switch/switch_in_switch.key 
39279      DEBUG main            d.u.i.k.p.i.AbstractProblemLoader Environment load took 82.2ns 
39280      INFO  main            d.u.i.k.p.i.AbstractProblemLoader Creating init config 
41863      DEBUG main            d.u.i.k.p.i.AbstractProblemLoader Init config took 2.58s 
41911      INFO  main            d.u.i.k.p.i.AbstractProblemLoader Replaying proof SwitchInSwitch[SwitchInSwitch::m(int)].JML normal_behavior operation contract.0 
41913      DEBUG main            d.u.i.k.p.i.IntermediateProofReplayer Proof replay took 6.3ns 
45555      INFO  main            d.u.i.k.p.r.p.TestFile    ... finished proof: closed. 
45792      INFO  main            d.u.i.k.p.i.AbstractProblemLoader Loading environment from /home/runner/work/key/key/key.core/../key.ui/examples/standard_key/java_dl/switch/switch_in_switch.key.proof 
45793      DEBUG main            d.u.i.k.p.i.AbstractProblemLoader Environment load took 1.14ms 
45795      INFO  main            d.u.i.k.p.i.AbstractProblemLoader Creating init config 
48295      DEBUG main            d.u.i.k.p.i.AbstractProblemLoader Init config took 2.5s 
48337      INFO  main            d.u.i.k.p.i.AbstractProblemLoader Replaying proof SwitchInSwitch[SwitchInSwitch::m(int)].JML normal_behavior operation contract.0 
48816      DEBUG main            d.u.i.k.p.i.IntermediateProofReplayer Proof replay took 447.85ms 
48817      DEBUG main            d.u.i.k.p.r.p.TestFile    ... success: reloaded. 
48818      INFO  main            d.u.i.k.p.r.p.TestFile    Now processing file /home/runner/work/key/key/key.core/../key.ui/examples/standard_key/java_dl/switch/while_and_switch.key 
48818      INFO  main            d.u.i.k.p.i.AbstractProblemLoader Loading environment from /home/runner/work/key/key/key.core/../key.ui/examples/standard_key/java_dl/switch/while_and_switch.key 
48819      DEBUG main            d.u.i.k.p.i.AbstractProblemLoader Environment load took 169.41ns 
48820      INFO  main            d.u.i.k.p.i.AbstractProblemLoader Creating init config 
51422      DEBUG main            d.u.i.k.p.i.AbstractProblemLoader Init config took 2.6s 
51467      INFO  main            d.u.i.k.p.i.AbstractProblemLoader Replaying proof WhileAndSwitch[WhileAndSwitch::m(int)].JML normal_behavior operation contract.0 
51471      DEBUG main            d.u.i.k.p.i.IntermediateProofReplayer Proof replay took 14.8ns 
52175      INFO  main            d.u.i.k.p.r.p.TestFile    ... finished proof: closed. 
52348      INFO  main            d.u.i.k.p.i.AbstractProblemLoader Loading environment from /home/runner/work/key/key/key.core/../key.ui/examples/standard_key/java_dl/switch/while_and_switch.key.proof 
52348      DEBUG main            d.u.i.k.p.i.AbstractProblemLoader Environment load took 122.4ns 
52349      INFO  main            d.u.i.k.p.i.AbstractProblemLoader Creating init config 
54853      DEBUG main            d.u.i.k.p.i.AbstractProblemLoader Init config took 2.5s 
54895      INFO  main            d.u.i.k.p.i.AbstractProblemLoader Replaying proof WhileAndSwitch[WhileAndSwitch::m(int)].JML normal_behavior operation contract.0 
55017      DEBUG main            d.u.i.k.p.i.IntermediateProofReplayer Proof replay took 114.78ms 
55018      DEBUG main            d.u.i.k.p.r.p.TestFile    ... success: reloaded. 
55019      INFO  main            d.u.i.k.p.r.p.TestFile    Now processing file /home/runner/work/key/key/key.core/../key.ui/examples/standard_key/java_dl/switch/large_switch.key 
55019      INFO  main            d.u.i.k.p.i.AbstractProblemLoader Loading environment from /home/runner/work/key/key/key.core/../key.ui/examples/standard_key/java_dl/switch/large_switch.key 
55019      DEBUG main            d.u.i.k.p.i.AbstractProblemLoader Environment load took 156.6ns 
55020      INFO  main            d.u.i.k.p.i.AbstractProblemLoader Creating init config 
57580      DEBUG main            d.u.i.k.p.i.AbstractProblemLoader Init config took 2.56s 
57617      INFO  main            d.u.i.k.p.i.AbstractProblemLoader Replaying proof LargeSwitch[LargeSwitch::m(int)].JML normal_behavior operation contract.0 
57618      DEBUG main            d.u.i.k.p.i.IntermediateProofReplayer Proof replay took 6.2ns 
58825      INFO  main            d.u.i.k.p.r.p.TestFile    ... finished proof: closed. 
59019      INFO  main            d.u.i.k.p.i.AbstractProblemLoader Loading environment from /home/runner/work/key/key/key.core/../key.ui/examples/standard_key/java_dl/switch/large_switch.key.proof 
59019      DEBUG main            d.u.i.k.p.i.AbstractProblemLoader Environment load took 345.21ns 
59021      INFO  main            d.u.i.k.p.i.AbstractProblemLoader Creating init config 
61507      DEBUG main            d.u.i.k.p.i.AbstractProblemLoader Init config took 2.49s 
61548      INFO  main            d.u.i.k.p.i.AbstractProblemLoader Replaying proof LargeSwitch[LargeSwitch::m(int)].JML normal_behavior operation contract.0 
61883      DEBUG main            d.u.i.k.p.i.IntermediateProofReplayer Proof replay took 316.21ms 
61884      DEBUG main            d.u.i.k.p.r.p.TestFile    ... success: reloaded. 
4913173    INFO  Test worker     d.u.i.k.p.r.p.StatisticsFile Returning from test switch 
4913176    INFO  Test worker     d.u.i.k.p.r.p.StatisticsFile Running test redux 
365        INFO  Timeout watchdog d.u.i.k.p.r.p.ForkedTestFileRunner Timeout watcher launched (2000 secs.) 
367        WARN  main            d.u.i.k.s.ProofSettings   The settings in /home/runner/.key/proof-settings.props are *not* read. 
410        INFO  main            d.u.i.k.p.r.p.TestFile    Now processing file /home/runner/work/key/key/key.core/../key.ui/examples/redux/arrays/Arrays.copyOf.key 
569        INFO  main            d.u.i.k.p.i.AbstractProblemLoader Loading environment from /home/runner/work/key/key/key.core/../key.ui/examples/redux/arrays/Arrays.copyOf.key 
587        DEBUG main            d.u.i.k.p.i.AbstractProblemLoader Environment load took 2.08ms 
796        INFO  main            d.u.i.k.p.i.AbstractProblemLoader Creating init config 
1752       DEBUG main            d.u.i.k.j.TypeConverter   No LDT found for Meta 
1752       DEBUG main            d.u.i.k.j.TypeConverter   No LDT found for Meta 
1754       DEBUG main            d.u.i.k.j.TypeConverter   No LDT found for Meta 
1754       DEBUG main            d.u.i.k.j.TypeConverter   No LDT found for Meta 
3276       DEBUG main            d.u.i.k.j.TypeConverter   No LDT found for JavaBigintExpression 
8399       DEBUG main            d.u.i.k.p.i.AbstractProblemLoader Init config took 7.6s 
8527       INFO  main            d.u.i.k.p.i.AbstractProblemLoader Replaying proof Arrays[Arrays::copyOf([I,int)].JML normal_behavior operation contract.0 
8558       DEBUG main            d.u.i.k.p.i.IntermediateProofReplayer Proof replay took 32.6ns 
13595      INFO  main            d.u.i.k.p.r.p.TestFile    ... finished proof: closed. 
13744      INFO  main            d.u.i.k.p.i.AbstractProblemLoader Loading environment from /home/runner/work/key/key/key.core/../key.ui/examples/redux/arrays/Arrays.copyOf.key.proof 
13744      DEBUG main            d.u.i.k.p.i.AbstractProblemLoader Environment load took 350.01ns 
13747      INFO  main            d.u.i.k.p.i.AbstractProblemLoader Creating init config 
16906      DEBUG main            d.u.i.k.p.i.AbstractProblemLoader Init config took 3.16s 
16968      INFO  main            d.u.i.k.p.i.AbstractProblemLoader Replaying proof Arrays[Arrays::copyOf([I,int)].JML normal_behavior operation contract.0 
17601      DEBUG main            d.u.i.k.p.i.IntermediateProofReplayer Proof replay took 610.24ms 
17609      DEBUG main            d.u.i.k.p.r.p.TestFile    ... success: reloaded. 
17612      INFO  main            d.u.i.k.p.r.p.TestFile    Now processing file /home/runner/work/key/key/key.core/../key.ui/examples/redux/arrays/Arrays.copyOf.float.key 
17612      INFO  main            d.u.i.k.p.i.AbstractProblemLoader Loading environment from /home/runner/work/key/key/key.core/../key.ui/examples/redux/arrays/Arrays.copyOf.float.key 
17612      DEBUG main            d.u.i.k.p.i.AbstractProblemLoader Environment load took 181.81ns 
17617      INFO  main            d.u.i.k.p.i.AbstractProblemLoader Creating init config 
20700      DEBUG main            d.u.i.k.p.i.AbstractProblemLoader Init config took 3.08s 
20754      INFO  main            d.u.i.k.p.i.AbstractProblemLoader Replaying proof Arrays[Arrays::copyOf([F,int)].JML normal_behavior operation contract.0 
20756      DEBUG main            d.u.i.k.p.i.IntermediateProofReplayer Proof replay took 6.4ns 
20780      DEBUG main            d.u.i.k.m.s.ProofScriptEngine 1: 'macro autopilot' 
25167      DEBUG main            d.u.i.k.m.s.ProofScriptEngine 2: 'smt solver=Z3' 
25243      INFO  main            d.u.i.k.m.s.SMTCommand    Finished run on goal 17 in 45ms, result is valid 
25244      DEBUG main            d.u.i.k.m.s.ProofScriptEngine 3: 'tryclose' 
26785      INFO  main            d.u.i.k.p.r.p.TestFile    ... finished proof: closed. 
26965      INFO  main            d.u.i.k.p.i.AbstractProblemLoader Loading environment from /home/runner/work/key/key/key.core/../key.ui/examples/redux/arrays/Arrays.copyOf.float.key.proof 
26965      DEBUG main            d.u.i.k.p.i.AbstractProblemLoader Environment load took 353.41ns 
26968      INFO  main            d.u.i.k.p.i.AbstractProblemLoader Creating init config 
29870      DEBUG main            d.u.i.k.p.i.AbstractProblemLoader Init config took 2.9s 
29920      INFO  main            d.u.i.k.p.i.AbstractProblemLoader Replaying proof Arrays[Arrays::copyOf([F,int)].JML normal_behavior operation contract.0 
29992      INFO  main            d.u.i.k.s.SMTFocusResults Analyzing unsat core: (L_6) 
30588      DEBUG main            d.u.i.k.p.i.IntermediateProofReplayer Proof replay took 647.03ms 
30590      DEBUG main            d.u.i.k.p.r.p.TestFile    ... success: reloaded. 
30596      INFO  main            d.u.i.k.p.r.p.TestFile    Now processing file /home/runner/work/key/key/key.core/../key.ui/examples/redux/arrays/Arrays.copyOfRange.key 
30596      INFO  main            d.u.i.k.p.i.AbstractProblemLoader Loading environment from /home/runner/work/key/key/key.core/../key.ui/examples/redux/arrays/Arrays.copyOfRange.key 
30597      DEBUG main            d.u.i.k.p.i.AbstractProblemLoader Environment load took 383.21ns 
30598      INFO  main            d.u.i.k.p.i.AbstractProblemLoader Creating init config 
33549      DEBUG main            d.u.i.k.p.i.AbstractProblemLoader Init config took 2.95s 
33593      INFO  main            d.u.i.k.p.i.AbstractProblemLoader Replaying proof Arrays[Arrays::copyOfRange([I,int,int)].JML normal_behavior operation contract.0 
33595      DEBUG main            d.u.i.k.p.i.IntermediateProofReplayer Proof replay took 5.2ns 
37712      INFO  main            d.u.i.k.p.r.p.TestFile    ... finished proof: closed. 
37951      INFO  main            d.u.i.k.p.i.AbstractProblemLoader Loading environment from /home/runner/work/key/key/key.core/../key.ui/examples/redux/arrays/Arrays.copyOfRange.key.proof 
37951      DEBUG main            d.u.i.k.p.i.AbstractProblemLoader Environment load took 371.71ns 
37955      INFO  main            d.u.i.k.p.i.AbstractProblemLoader Creating init config 
40770      DEBUG main            d.u.i.k.p.i.AbstractProblemLoader Init config took 2.82s 
40812      INFO  main            d.u.i.k.p.i.AbstractProblemLoader Replaying proof Arrays[Arrays::copyOfRange([I,int,int)].JML normal_behavior operation contract.0 
41305      DEBUG main            d.u.i.k.p.i.IntermediateProofReplayer Proof replay took 470.51ms 
41306      DEBUG main            d.u.i.k.p.r.p.TestFile    ... success: reloaded. 
41307      INFO  main            d.u.i.k.p.r.p.TestFile    Now processing file /home/runner/work/key/key/key.core/../key.ui/examples/redux/arrays/Arrays.copyOfRange.float.key 
41307      INFO  main            d.u.i.k.p.i.AbstractProblemLoader Loading environment from /home/runner/work/key/key/key.core/../key.ui/examples/redux/arrays/Arrays.copyOfRange.float.key 
41308      DEBUG main            d.u.i.k.p.i.AbstractProblemLoader Environment load took 169.6ns 
41308      INFO  main            d.u.i.k.p.i.AbstractProblemLoader Creating init config 
44177      DEBUG main            d.u.i.k.p.i.AbstractProblemLoader Init config took 2.87s 
44218      INFO  main            d.u.i.k.p.i.AbstractProblemLoader Replaying proof Arrays[Arrays::copyOfRange([F,int,int)].JML normal_behavior operation contract.0 
44220      DEBUG main            d.u.i.k.p.i.IntermediateProofReplayer Proof replay took 5.5ns 
44220      DEBUG main            d.u.i.k.m.s.ProofScriptEngine 1: 'macro autopilot' 
49534      DEBUG main            d.u.i.k.m.s.ProofScriptEngine 2: 'smt solver=Z3' 
49576      INFO  main            d.u.i.k.m.s.SMTCommand    Finished run on goal 27 in 38ms, result is valid 
49576      DEBUG main            d.u.i.k.m.s.ProofScriptEngine 3: 'tryclose' 
52740      INFO  main            d.u.i.k.p.r.p.TestFile    ... finished proof: closed. 
52976      INFO  main            d.u.i.k.p.i.AbstractProblemLoader Loading environment from /home/runner/work/key/key/key.core/../key.ui/examples/redux/arrays/Arrays.copyOfRange.float.key.proof 
52976      DEBUG main            d.u.i.k.p.i.AbstractProblemLoader Environment load took 177.5ns 
52978      INFO  main            d.u.i.k.p.i.AbstractProblemLoader Creating init config 
55819      DEBUG main            d.u.i.k.p.i.AbstractProblemLoader Init config took 2.84s 
55859      INFO  main            d.u.i.k.p.i.AbstractProblemLoader Replaying proof Arrays[Arrays::copyOfRange([F,int,int)].JML normal_behavior operation contract.0 
55933      INFO  main            d.u.i.k.s.SMTFocusResults Analyzing unsat core: (L_8) 
56853      DEBUG main            d.u.i.k.p.i.IntermediateProofReplayer Proof replay took 967.54ms 
56855      DEBUG main            d.u.i.k.p.r.p.TestFile    ... success: reloaded. 
56856      INFO  main            d.u.i.k.p.r.p.TestFile    Now processing file /home/runner/work/key/key/key.core/../key.ui/examples/redux/arrays/Arrays.equals.key 
56856      INFO  main            d.u.i.k.p.i.AbstractProblemLoader Loading environment from /home/runner/work/key/key/key.core/../key.ui/examples/redux/arrays/Arrays.equals.key 
56856      DEBUG main            d.u.i.k.p.i.AbstractProblemLoader Environment load took 172.1ns 
56857      INFO  main            d.u.i.k.p.i.AbstractProblemLoader Creating init config 
59732      DEBUG main            d.u.i.k.p.i.AbstractProblemLoader Init config took 2.87s 
59772      INFO  main            d.u.i.k.p.i.AbstractProblemLoader Replaying proof Arrays[Arrays::equals([B,[B)].JML normal_behavior operation contract.0 
59773      DEBUG main            d.u.i.k.p.i.IntermediateProofReplayer Proof replay took 5.9ns 
60290      INFO  main            d.u.i.k.p.r.p.TestFile    ... finished proof: closed. 
60506      INFO  main            d.u.i.k.p.i.AbstractProblemLoader Loading environment from /home/runner/work/key/key/key.core/../key.ui/examples/redux/arrays/Arrays.equals.key.proof 
60507      DEBUG main            d.u.i.k.p.i.AbstractProblemLoader Environment load took 431.61ns 
60508      INFO  main            d.u.i.k.p.i.AbstractProblemLoader Creating init config 
63310      DEBUG main            d.u.i.k.p.i.AbstractProblemLoader Init config took 2.8s 
63350      INFO  main            d.u.i.k.p.i.AbstractProblemLoader Replaying proof Arrays[Arrays::equals([B,[B)].JML normal_behavior operation contract.0 
63503      DEBUG main            d.u.i.k.p.i.IntermediateProofReplayer Proof replay took 148.93ms 
63504      DEBUG main            d.u.i.k.p.r.p.TestFile    ... success: reloaded. 
63504      INFO  main            d.u.i.k.p.r.p.TestFile    Now processing file /home/runner/work/key/key/key.core/../key.ui/examples/redux/arrays/Arrays.fill.key 
63505      INFO  main            d.u.i.k.p.i.AbstractProblemLoader Loading environment from /home/runner/work/key/key/key.core/../key.ui/examples/redux/arrays/Arrays.fill.key 
63505      DEBUG main            d.u.i.k.p.i.AbstractProblemLoader Environment load took 150.2ns 
63505      INFO  main            d.u.i.k.p.i.AbstractProblemLoader Creating init config 
66356      DEBUG main            d.u.i.k.p.i.AbstractProblemLoader Init config took 2.85s 
66394      INFO  main            d.u.i.k.p.i.AbstractProblemLoader Replaying proof Arrays[Arrays::fill([I,int)].JML normal_behavior operation contract.0 
66395      DEBUG main            d.u.i.k.p.i.IntermediateProofReplayer Proof replay took 5.9ns 
66501      INFO  main            d.u.i.k.p.r.p.TestFile    ... finished proof: closed. 
66667      INFO  main            d.u.i.k.p.i.AbstractProblemLoader Loading environment from /home/runner/work/key/key/key.core/../key.ui/examples/redux/arrays/Arrays.fill.key.proof 
66667      DEBUG main            d.u.i.k.p.i.AbstractProblemLoader Environment load took 115.6ns 
66668      INFO  main            d.u.i.k.p.i.AbstractProblemLoader Creating init config 
69452      DEBUG main            d.u.i.k.p.i.AbstractProblemLoader Init config took 2.78s 
69489      INFO  main            d.u.i.k.p.i.AbstractProblemLoader Replaying proof Arrays[Arrays::fill([I,int)].JML normal_behavior operation contract.0 
69519      DEBUG main            d.u.i.k.p.i.IntermediateProofReplayer Proof replay took 27.94ms 
69520      DEBUG main            d.u.i.k.p.r.p.TestFile    ... success: reloaded. 
69521      INFO  main            d.u.i.k.p.r.p.TestFile    Now processing file /home/runner/work/key/key/key.core/../key.ui/examples/redux/arrays/Arrays.fill.float.key 
69521      INFO  main            d.u.i.k.p.i.AbstractProblemLoader Loading environment from /home/runner/work/key/key/key.core/../key.ui/examples/redux/arrays/Arrays.fill.float.key 
69521      DEBUG main            d.u.i.k.p.i.AbstractProblemLoader Environment load took 82.5ns 
69522      INFO  main            d.u.i.k.p.i.AbstractProblemLoader Creating init config 
72306      DEBUG main            d.u.i.k.p.i.AbstractProblemLoader Init config took 2.78s 
72343      INFO  main            d.u.i.k.p.i.AbstractProblemLoader Replaying proof Arrays[Arrays::fill([F,float)].JML normal_behavior operation contract.0 
72344      DEBUG main            d.u.i.k.p.i.IntermediateProofReplayer Proof replay took 5.3ns 
72546      INFO  main            d.u.i.k.p.r.p.TestFile    ... finished proof: closed. 
72704      INFO  main            d.u.i.k.p.i.AbstractProblemLoader Loading environment from /home/runner/work/key/key/key.core/../key.ui/examples/redux/arrays/Arrays.fill.float.key.proof 
72704      DEBUG main            d.u.i.k.p.i.AbstractProblemLoader Environment load took 113.3ns 
72705      INFO  main            d.u.i.k.p.i.AbstractProblemLoader Creating init config 
75497      DEBUG main            d.u.i.k.p.i.AbstractProblemLoader Init config took 2.79s 
75540      INFO  main            d.u.i.k.p.i.AbstractProblemLoader Replaying proof Arrays[Arrays::fill([F,float)].JML normal_behavior operation contract.0 
75580      DEBUG main            d.u.i.k.p.i.IntermediateProofReplayer Proof replay took 37.41ms 
75581      DEBUG main            d.u.i.k.p.r.p.TestFile    ... success: reloaded. 
75581      INFO  main            d.u.i.k.p.r.p.TestFile    Now processing file /home/runner/work/key/key/key.core/../key.ui/examples/redux/arrays/Arrays.fillFromTo.key 
75582      INFO  main            d.u.i.k.p.i.AbstractProblemLoader Loading environment from /home/runner/work/key/key/key.core/../key.ui/examples/redux/arrays/Arrays.fillFromTo.key 
75582      DEBUG main            d.u.i.k.p.i.AbstractProblemLoader Environment load took 149.8ns 
75583      INFO  main            d.u.i.k.p.i.AbstractProblemLoader Creating init config 
78336      DEBUG main            d.u.i.k.p.i.AbstractProblemLoader Init config took 2.75s 
78372      INFO  main            d.u.i.k.p.i.AbstractProblemLoader Replaying proof Arrays[Arrays::fill([I,int,int,int)].JML normal_behavior operation contract.0 
78373      DEBUG main            d.u.i.k.p.i.IntermediateProofReplayer Proof replay took 5.7ns 
78876      INFO  main            d.u.i.k.p.r.p.TestFile    ... finished proof: closed. 
79050      INFO  main            d.u.i.k.p.i.AbstractProblemLoader Loading environment from /home/runner/work/key/key/key.core/../key.ui/examples/redux/arrays/Arrays.fillFromTo.key.proof 
79051      DEBUG main            d.u.i.k.p.i.AbstractProblemLoader Environment load took 448.91ns 
79052      INFO  main            d.u.i.k.p.i.AbstractProblemLoader Creating init config 
81821      DEBUG main            d.u.i.k.p.i.AbstractProblemLoader Init config took 2.77s 
81856      INFO  main            d.u.i.k.p.i.AbstractProblemLoader Replaying proof Arrays[Arrays::fill([I,int,int,int)].JML normal_behavior operation contract.0 
81976      DEBUG main            d.u.i.k.p.i.IntermediateProofReplayer Proof replay took 116.75ms 
81977      DEBUG main            d.u.i.k.p.r.p.TestFile    ... success: reloaded. 
81978      INFO  main            d.u.i.k.p.r.p.TestFile    Now processing file /home/runner/work/key/key/key.core/../key.ui/examples/redux/arrays/Arrays.fillFromTo.float.key 
81978      INFO  main            d.u.i.k.p.i.AbstractProblemLoader Loading environment from /home/runner/work/key/key/key.core/../key.ui/examples/redux/arrays/Arrays.fillFromTo.float.key 
81978      DEBUG main            d.u.i.k.p.i.AbstractProblemLoader Environment load took 83.8ns 
81979      INFO  main            d.u.i.k.p.i.AbstractProblemLoader Creating init config 
84800      DEBUG main            d.u.i.k.p.i.AbstractProblemLoader Init config took 2.82s 
84834      INFO  main            d.u.i.k.p.i.AbstractProblemLoader Replaying proof Arrays[Arrays::fill([F,int,int,float)].JML normal_behavior operation contract.0 
84835      DEBUG main            d.u.i.k.p.i.IntermediateProofReplayer Proof replay took 5.1ns 
85439      INFO  main            d.u.i.k.p.r.p.TestFile    ... finished proof: closed. 
85647      INFO  main            d.u.i.k.p.i.AbstractProblemLoader Loading environment from /home/runner/work/key/key/key.core/../key.ui/examples/redux/arrays/Arrays.fillFromTo.float.key.proof 
85648      DEBUG main            d.u.i.k.p.i.AbstractProblemLoader Environment load took 499.91ns 
85649      INFO  main            d.u.i.k.p.i.AbstractProblemLoader Creating init config 
88428      DEBUG main            d.u.i.k.p.i.AbstractProblemLoader Init config took 2.78s 
88472      INFO  main            d.u.i.k.p.i.AbstractProblemLoader Replaying proof Arrays[Arrays::fill([F,int,int,float)].JML normal_behavior operation contract.0 
88607      DEBUG main            d.u.i.k.p.i.IntermediateProofReplayer Proof replay took 129.91ms 
88608      DEBUG main            d.u.i.k.p.r.p.TestFile    ... success: reloaded. 
88608      INFO  main            d.u.i.k.p.r.p.TestFile    Now processing file /home/runner/work/key/key/key.core/../key.ui/examples/redux/arrays/ArrayCopy.arraycopy.normal.0.key 
88609      INFO  main            d.u.i.k.p.i.AbstractProblemLoader Loading environment from /home/runner/work/key/key/key.core/../key.ui/examples/redux/arrays/ArrayCopy.arraycopy.normal.0.key 
88609      DEBUG main            d.u.i.k.p.i.AbstractProblemLoader Environment load took 149.81ns 
88610      INFO  main            d.u.i.k.p.i.AbstractProblemLoader Creating init config 
91371      DEBUG main            d.u.i.k.p.i.AbstractProblemLoader Init config took 2.76s 
91405      INFO  main            d.u.i.k.p.i.AbstractProblemLoader Replaying proof ArrayCopy[ArrayCopy::arraycopy(java.lang.Object,int,java.lang.Object,int,int)].JML normal_behavior operation contract.0 
91406      DEBUG main            d.u.i.k.p.i.IntermediateProofReplayer Proof replay took 5.2ns 
97078      INFO  main            d.u.i.k.p.r.p.TestFile    ... finished proof: closed. 
97290      INFO  main            d.u.i.k.p.i.AbstractProblemLoader Loading environment from /home/runner/work/key/key/key.core/../key.ui/examples/redux/arrays/ArrayCopy.arraycopy.normal.0.key.proof 
97291      DEBUG main            d.u.i.k.p.i.AbstractProblemLoader Environment load took 323.41ns 
97292      INFO  main            d.u.i.k.p.i.AbstractProblemLoader Creating init config 
100060     DEBUG main            d.u.i.k.p.i.AbstractProblemLoader Init config took 2.77s 
100102     INFO  main            d.u.i.k.p.i.AbstractProblemLoader Replaying proof ArrayCopy[ArrayCopy::arraycopy(java.lang.Object,int,java.lang.Object,int,int)].JML normal_behavior operation contract.0 
101034     DEBUG main            d.u.i.k.p.i.IntermediateProofReplayer Proof replay took 914.73ms 
101036     DEBUG main            d.u.i.k.p.r.p.TestFile    ... success: reloaded. 
101037     INFO  main            d.u.i.k.p.r.p.TestFile    Now processing file /home/runner/work/key/key/key.core/../key.ui/examples/redux/arrays/ArrayCopy.arraycopy.exceptional.0.key 
101037     INFO  main            d.u.i.k.p.i.AbstractProblemLoader Loading environment from /home/runner/work/key/key/key.core/../key.ui/examples/redux/arrays/ArrayCopy.arraycopy.exceptional.0.key 
101037     DEBUG main            d.u.i.k.p.i.AbstractProblemLoader Environment load took 241.61ns 
101039     INFO  main            d.u.i.k.p.i.AbstractProblemLoader Creating init config 
103890     DEBUG main            d.u.i.k.p.i.AbstractProblemLoader Init config took 2.85s 
103923     INFO  main            d.u.i.k.p.i.AbstractProblemLoader Replaying proof ArrayCopy[ArrayCopy::arraycopy(java.lang.Object,int,java.lang.Object,int,int)].JML exceptional_behavior operation contract.0 
103924     DEBUG main            d.u.i.k.p.i.IntermediateProofReplayer Proof replay took 5.3ns 
104229     INFO  main            d.u.i.k.p.r.p.TestFile    ... finished proof: closed. 
104495     INFO  main            d.u.i.k.p.i.AbstractProblemLoader Loading environment from /home/runner/work/key/key/key.core/../key.ui/examples/redux/arrays/ArrayCopy.arraycopy.exceptional.0.key.proof 
104495     DEBUG main            d.u.i.k.p.i.AbstractProblemLoader Environment load took 112.2ns 
104498     INFO  main            d.u.i.k.p.i.AbstractProblemLoader Creating init config 
107243     DEBUG main            d.u.i.k.p.i.AbstractProblemLoader Init config took 2.75s 
107277     INFO  main            d.u.i.k.p.i.AbstractProblemLoader Replaying proof ArrayCopy[ArrayCopy::arraycopy(java.lang.Object,int,java.lang.Object,int,int)].JML exceptional_behavior operation contract.0 
107386     DEBUG main            d.u.i.k.p.i.IntermediateProofReplayer Proof replay took 106.88ms 
107387     DEBUG main            d.u.i.k.p.r.p.TestFile    ... success: reloaded. 
107388     INFO  main            d.u.i.k.p.r.p.TestFile    Now processing file /home/runner/work/key/key/key.core/../key.ui/examples/redux/arrays/ArrayCopy.arraycopy.exceptional.1.key 
107388     INFO  main            d.u.i.k.p.i.AbstractProblemLoader Loading environment from /home/runner/work/key/key/key.core/../key.ui/examples/redux/arrays/ArrayCopy.arraycopy.exceptional.1.key 
107388     DEBUG main            d.u.i.k.p.i.AbstractProblemLoader Environment load took 80.5ns 
107389     INFO  main            d.u.i.k.p.i.AbstractProblemLoader Creating init config 
110191     DEBUG main            d.u.i.k.p.i.AbstractProblemLoader Init config took 2.8s 
110223     INFO  main            d.u.i.k.p.i.AbstractProblemLoader Replaying proof ArrayCopy[ArrayCopy::arraycopy(java.lang.Object,int,java.lang.Object,int,int)].JML exceptional_behavior operation contract.1 
110225     DEBUG main            d.u.i.k.p.i.IntermediateProofReplayer Proof replay took 5ns 
115882     INFO  main            d.u.i.k.p.r.p.TestFile    ... finished proof: closed. 
116103     INFO  main            d.u.i.k.p.i.AbstractProblemLoader Loading environment from /home/runner/work/key/key/key.core/../key.ui/examples/redux/arrays/ArrayCopy.arraycopy.exceptional.1.key.proof 
116103     DEBUG main            d.u.i.k.p.i.AbstractProblemLoader Environment load took 409.11ns 
116105     INFO  main            d.u.i.k.p.i.AbstractProblemLoader Creating init config 
118822     DEBUG main            d.u.i.k.p.i.AbstractProblemLoader Init config took 2.72s 
118859     INFO  main            d.u.i.k.p.i.AbstractProblemLoader Replaying proof ArrayCopy[ArrayCopy::arraycopy(java.lang.Object,int,java.lang.Object,int,int)].JML exceptional_behavior operation contract.1 
120419     DEBUG main            d.u.i.k.p.i.IntermediateProofReplayer Proof replay took 1.54s 
120421     DEBUG main            d.u.i.k.p.r.p.TestFile    ... success: reloaded. 
5033758    INFO  Test worker     d.u.i.k.p.r.p.StatisticsFile Returning from test redux 
]]></system-out>
  <system-err><![CDATA[]]></system-err>
</testsuite>
