<?xml version="1.0" encoding="UTF-8"?>
<testsuite name="de.uka.ilkd.key.proof.TestProofTree" tests="1" skipped="0" failures="0" errors="0" timestamp="2023-02-06T17:47:55" hostname="fv-az572-633" time="0.015">
  <properties/>
  <testcase name="testLeaves()" classname="de.uka.ilkd.key.proof.TestProofTree" time="0.015"/>
  <system-out><![CDATA[]]></system-out>
  <system-err><![CDATA[]]></system-err>
</testsuite>
