<?xml version="1.0" encoding="UTF-8"?>
<testsuite name="de.uka.ilkd.key.macros.scripts.meta.ValueInjectorTest" tests="3" skipped="0" failures="0" errors="0" timestamp="2023-02-06T17:43:30" hostname="fv-az572-633" time="0.008">
  <properties/>
  <testcase name="testRequired()" classname="de.uka.ilkd.key.macros.scripts.meta.ValueInjectorTest" time="0.004"/>
  <testcase name="testInjectionSimple()" classname="de.uka.ilkd.key.macros.scripts.meta.ValueInjectorTest" time="0.001"/>
  <testcase name="testInferScriptArguments()" classname="de.uka.ilkd.key.macros.scripts.meta.ValueInjectorTest" time="0.001"/>
  <system-out><![CDATA[]]></system-out>
  <system-err><![CDATA[]]></system-err>
</testsuite>
