<?xml version="1.0" encoding="UTF-8"?>
<testsuite name="de.uka.ilkd.key.testcase.smt.testgen.TestTestgen" tests="1" skipped="0" failures="0" errors="0" timestamp="2023-05-11T00:06:51" hostname="fv-az1252-359" time="4.059">
  <properties/>
  <testcase name="testMiddle()" classname="de.uka.ilkd.key.testcase.smt.testgen.TestTestgen" time="4.059"/>
  <system-out><![CDATA[13781      WARN  Test worker     d.u.i.k.t.s.t.TestTestgen Warning: Z3_CE is not installed, tests skipped. 
13781      WARN  Test worker     d.u.i.k.t.s.t.TestTestgen Maybe use JVM system property "z3SolverPath" to define the path to the Z3 command. 
13781      INFO  Test worker     d.u.i.k.p.i.AbstractProblemLoader Loading environment from src\test\resources\testcase\smt\tg\middle.key 
13781      DEBUG Test worker     d.u.i.k.p.i.AbstractProblemLoader Environment load took 219.8ns 
13797      INFO  Test worker     d.u.i.k.p.i.AbstractProblemLoader Creating init config 
17172      DEBUG Test worker     d.u.i.k.p.i.AbstractProblemLoader Init config took 3.39s 
17265      INFO  Test worker     d.u.i.k.p.i.AbstractProblemLoader Replaying proof Middle[Middle::middle(int,int,int)].JML normal_behavior operation contract.0 
17281      DEBUG Test worker     d.u.i.k.p.i.IntermediateProofReplayer Proof replay took 18.9ns 
]]></system-out>
  <system-err><![CDATA[]]></system-err>
</testsuite>
