<?xml version="1.0" encoding="UTF-8"?>
<testsuite name="de.uka.ilkd.key.nparser.ParseLDTsTests" tests="2" skipped="0" failures="0" errors="0" timestamp="2023-04-13T13:23:26" hostname="fv-az268-336" time="0.786">
  <properties/>
  <testcase name="testLDT()" classname="de.uka.ilkd.key.nparser.ParseLDTsTests" time="0.014"/>
  <testcase name="testSR()" classname="de.uka.ilkd.key.nparser.ParseLDTsTests" time="0.771"/>
  <system-out><![CDATA[203565     INFO  Test worker     d.u.i.k.n.KeyIO           Parsing took 7 ms 
203566     INFO  Test worker     d.u.i.k.n.KeyIO           MODE: declarations took 1 ms 
203882     INFO  Test worker     d.u.i.k.n.KeyIO           Parsing took 309 ms 
203885     INFO  Test worker     d.u.i.k.n.KeyIO           MODE: declarations took 2 ms 
]]></system-out>
  <system-err><![CDATA[]]></system-err>
</testsuite>
