<?xml version="1.0" encoding="UTF-8"?>
<testsuite name="de.uka.ilkd.key.parser.TestTermParserHeap" tests="39" skipped="0" failures="0" errors="0" timestamp="2023-04-13T13:25:16" hostname="fv-az268-336" time="114.04">
  <properties/>
  <testcase name="testBracketHeapUpdate()" classname="de.uka.ilkd.key.parser.TestTermParserHeap" time="0.025"/>
  <testcase name="testStore()" classname="de.uka.ilkd.key.parser.TestTermParserHeap" time="0.007"/>
  <testcase name="testUnknownConstant()" classname="de.uka.ilkd.key.parser.TestTermParserHeap" time="0.002"/>
  <testcase name="testAllFieldsSelector()" classname="de.uka.ilkd.key.parser.TestTermParserHeap" time="0.001"/>
  <testcase name="testParsePrettyPrintedSelect()" classname="de.uka.ilkd.key.parser.TestTermParserHeap" time="0.001"/>
  <testcase name="testAccessStaticMembers()" classname="de.uka.ilkd.key.parser.TestTermParserHeap" time="0.003"/>
  <testcase name="testAtOperator_1()" classname="de.uka.ilkd.key.parser.TestTermParserHeap" time="0.001"/>
  <testcase name="testAtOperator_2()" classname="de.uka.ilkd.key.parser.TestTermParserHeap" time="0.001"/>
  <testcase name="testAtOperator_3()" classname="de.uka.ilkd.key.parser.TestTermParserHeap" time="0.002"/>
  <testcase name="testAtOperator_4()" classname="de.uka.ilkd.key.parser.TestTermParserHeap" time="0.004"/>
  <testcase name="testAtOperator_5()" classname="de.uka.ilkd.key.parser.TestTermParserHeap" time="0.001"/>
  <testcase name="testAtOperator_6()" classname="de.uka.ilkd.key.parser.TestTermParserHeap" time="0.002"/>
  <testcase name="testAtOperator_7()" classname="de.uka.ilkd.key.parser.TestTermParserHeap" time="0.001"/>
  <testcase name="testAtOperator_8()" classname="de.uka.ilkd.key.parser.TestTermParserHeap" time="0.002"/>
  <testcase name="testVerifyExceptionIfAtOperatorNotPreceededBySelectTerm()" classname="de.uka.ilkd.key.parser.TestTermParserHeap" time="0.001"/>
  <testcase name="testBugResettingCounter()" classname="de.uka.ilkd.key.parser.TestTermParserHeap" time="0.002"/>
  <testcase name="testLocationSets()" classname="de.uka.ilkd.key.parser.TestTermParserHeap" time="0.01"/>
  <testcase name="testQuantifiedSelect()" classname="de.uka.ilkd.key.parser.TestTermParserHeap" time="0.003"/>
  <testcase name="testGenericObjectProperties()" classname="de.uka.ilkd.key.parser.TestTermParserHeap" time="0.001"/>
  <testcase name="testQueryInheritance_1()" classname="de.uka.ilkd.key.parser.TestTermParserHeap" time="0.002"/>
  <testcase name="testQueryInheritance_2()" classname="de.uka.ilkd.key.parser.TestTermParserHeap" time="0.001"/>
  <testcase name="testQueryInheritance_3()" classname="de.uka.ilkd.key.parser.TestTermParserHeap" time="0.002"/>
  <testcase name="testQueryInheritance_4()" classname="de.uka.ilkd.key.parser.TestTermParserHeap" time="0.001"/>
  <testcase name="testQueryInheritance_5()" classname="de.uka.ilkd.key.parser.TestTermParserHeap" time="0.001"/>
  <testcase name="testQueryInheritance_6()" classname="de.uka.ilkd.key.parser.TestTermParserHeap" time="0.001"/>
  <testcase name="testQueryInheritance_7()" classname="de.uka.ilkd.key.parser.TestTermParserHeap" time="0.001"/>
  <testcase name="testQueryInheritance_8()" classname="de.uka.ilkd.key.parser.TestTermParserHeap" time="0.002"/>
  <testcase name="testQueryInheritance_9()" classname="de.uka.ilkd.key.parser.TestTermParserHeap" time="0.005"/>
  <testcase name="testQueryBasic_10()" classname="de.uka.ilkd.key.parser.TestTermParserHeap" time="0.001"/>
  <testcase name="testQueryBasic_11()" classname="de.uka.ilkd.key.parser.TestTermParserHeap" time="0.002"/>
  <testcase name="testQueryBasic_1()" classname="de.uka.ilkd.key.parser.TestTermParserHeap" time="0.001"/>
  <testcase name="testQueryBasic_2()" classname="de.uka.ilkd.key.parser.TestTermParserHeap" time="0.002"/>
  <testcase name="testQueryBasic_3()" classname="de.uka.ilkd.key.parser.TestTermParserHeap" time="0.002"/>
  <testcase name="testQueryBasic_4()" classname="de.uka.ilkd.key.parser.TestTermParserHeap" time="0.002"/>
  <testcase name="testQueryBasic_5()" classname="de.uka.ilkd.key.parser.TestTermParserHeap" time="0.002"/>
  <testcase name="testQueryBasic_6()" classname="de.uka.ilkd.key.parser.TestTermParserHeap" time="0.001"/>
  <testcase name="testQueryBasic_7()" classname="de.uka.ilkd.key.parser.TestTermParserHeap" time="0.001"/>
  <testcase name="testQueryBasic_8()" classname="de.uka.ilkd.key.parser.TestTermParserHeap" time="0.003"/>
  <testcase name="testQueryBasic_9()" classname="de.uka.ilkd.key.parser.TestTermParserHeap" time="0.003"/>
  <system-out><![CDATA[314007     INFO  Test worker     d.u.i.k.n.KeyIO           Parsing took 0 ms 
314010     INFO  Test worker     d.u.i.k.n.KeyIO           MODE: declarations took 0 ms 
314010     INFO  Test worker     d.u.i.k.n.KeyIO           Parsing took 0 ms 
314011     INFO  Test worker     d.u.i.k.n.KeyIO           MODE: declarations took 0 ms 
314011     INFO  Test worker     d.u.i.k.n.KeyIO           Parsing took 0 ms 
314011     INFO  Test worker     d.u.i.k.n.KeyIO           MODE: declarations took 0 ms 
314011     INFO  Test worker     d.u.i.k.n.KeyIO           Parsing took 0 ms 
314011     INFO  Test worker     d.u.i.k.n.KeyIO           MODE: declarations took 0 ms 
314012     INFO  Test worker     d.u.i.k.n.KeyIO           Parsing took 0 ms 
314012     INFO  Test worker     d.u.i.k.n.KeyIO           MODE: declarations took 0 ms 
317125     INFO  Test worker     d.u.i.k.n.KeyIO           Parsing took 0 ms 
317125     INFO  Test worker     d.u.i.k.n.KeyIO           MODE: declarations took 0 ms 
317125     INFO  Test worker     d.u.i.k.n.KeyIO           Parsing took 0 ms 
317125     INFO  Test worker     d.u.i.k.n.KeyIO           MODE: declarations took 0 ms 
317125     INFO  Test worker     d.u.i.k.n.KeyIO           Parsing took 0 ms 
317125     INFO  Test worker     d.u.i.k.n.KeyIO           MODE: declarations took 0 ms 
317125     INFO  Test worker     d.u.i.k.n.KeyIO           Parsing took 0 ms 
317125     INFO  Test worker     d.u.i.k.n.KeyIO           MODE: declarations took 0 ms 
317125     INFO  Test worker     d.u.i.k.n.KeyIO           Parsing took 0 ms 
317126     INFO  Test worker     d.u.i.k.n.KeyIO           MODE: declarations took 1 ms 
320248     INFO  Test worker     d.u.i.k.n.KeyIO           Parsing took 0 ms 
320248     INFO  Test worker     d.u.i.k.n.KeyIO           MODE: declarations took 0 ms 
320248     INFO  Test worker     d.u.i.k.n.KeyIO           Parsing took 0 ms 
320248     INFO  Test worker     d.u.i.k.n.KeyIO           MODE: declarations took 0 ms 
320248     INFO  Test worker     d.u.i.k.n.KeyIO           Parsing took 0 ms 
320248     INFO  Test worker     d.u.i.k.n.KeyIO           MODE: declarations took 0 ms 
320248     INFO  Test worker     d.u.i.k.n.KeyIO           Parsing took 0 ms 
320248     INFO  Test worker     d.u.i.k.n.KeyIO           MODE: declarations took 0 ms 
320248     INFO  Test worker     d.u.i.k.n.KeyIO           Parsing took 0 ms 
320248     INFO  Test worker     d.u.i.k.n.KeyIO           MODE: declarations took 0 ms 
320248     INFO  Test worker     d.u.i.k.n.KeyIO           Parsing took 0 ms 
320248     INFO  Test worker     d.u.i.k.n.KeyIO           MODE: declarations took 0 ms 
323320     INFO  Test worker     d.u.i.k.n.KeyIO           Parsing took 0 ms 
323320     INFO  Test worker     d.u.i.k.n.KeyIO           MODE: declarations took 0 ms 
323320     INFO  Test worker     d.u.i.k.n.KeyIO           Parsing took 0 ms 
323320     INFO  Test worker     d.u.i.k.n.KeyIO           MODE: declarations took 0 ms 
323320     INFO  Test worker     d.u.i.k.n.KeyIO           Parsing took 0 ms 
323320     INFO  Test worker     d.u.i.k.n.KeyIO           MODE: declarations took 0 ms 
323320     INFO  Test worker     d.u.i.k.n.KeyIO           Parsing took 0 ms 
323320     INFO  Test worker     d.u.i.k.n.KeyIO           MODE: declarations took 0 ms 
323320     INFO  Test worker     d.u.i.k.n.KeyIO           Parsing took 0 ms 
323320     INFO  Test worker     d.u.i.k.n.KeyIO           MODE: declarations took 0 ms 
326398     INFO  Test worker     d.u.i.k.n.KeyIO           Parsing took 0 ms 
326398     INFO  Test worker     d.u.i.k.n.KeyIO           MODE: declarations took 0 ms 
326398     INFO  Test worker     d.u.i.k.n.KeyIO           Parsing took 0 ms 
326398     INFO  Test worker     d.u.i.k.n.KeyIO           MODE: declarations took 0 ms 
326398     INFO  Test worker     d.u.i.k.n.KeyIO           Parsing took 0 ms 
326398     INFO  Test worker     d.u.i.k.n.KeyIO           MODE: declarations took 0 ms 
326399     INFO  Test worker     d.u.i.k.n.KeyIO           Parsing took 0 ms 
326399     INFO  Test worker     d.u.i.k.n.KeyIO           MODE: declarations took 0 ms 
326399     INFO  Test worker     d.u.i.k.n.KeyIO           Parsing took 0 ms 
326399     INFO  Test worker     d.u.i.k.n.KeyIO           MODE: declarations took 0 ms 
329420     INFO  Test worker     d.u.i.k.n.KeyIO           Parsing took 0 ms 
329420     INFO  Test worker     d.u.i.k.n.KeyIO           MODE: declarations took 0 ms 
329420     INFO  Test worker     d.u.i.k.n.KeyIO           Parsing took 0 ms 
329420     INFO  Test worker     d.u.i.k.n.KeyIO           MODE: declarations took 0 ms 
329420     INFO  Test worker     d.u.i.k.n.KeyIO           Parsing took 0 ms 
329420     INFO  Test worker     d.u.i.k.n.KeyIO           MODE: declarations took 0 ms 
329420     INFO  Test worker     d.u.i.k.n.KeyIO           Parsing took 0 ms 
329420     INFO  Test worker     d.u.i.k.n.KeyIO           MODE: declarations took 0 ms 
329420     INFO  Test worker     d.u.i.k.n.KeyIO           Parsing took 0 ms 
329420     INFO  Test worker     d.u.i.k.n.KeyIO           MODE: declarations took 0 ms 
332417     INFO  Test worker     d.u.i.k.n.KeyIO           Parsing took 0 ms 
332417     INFO  Test worker     d.u.i.k.n.KeyIO           MODE: declarations took 0 ms 
332417     INFO  Test worker     d.u.i.k.n.KeyIO           Parsing took 0 ms 
332417     INFO  Test worker     d.u.i.k.n.KeyIO           MODE: declarations took 0 ms 
332417     INFO  Test worker     d.u.i.k.n.KeyIO           Parsing took 0 ms 
332417     INFO  Test worker     d.u.i.k.n.KeyIO           MODE: declarations took 0 ms 
332417     INFO  Test worker     d.u.i.k.n.KeyIO           Parsing took 0 ms 
332417     INFO  Test worker     d.u.i.k.n.KeyIO           MODE: declarations took 0 ms 
332417     INFO  Test worker     d.u.i.k.n.KeyIO           Parsing took 0 ms 
332417     INFO  Test worker     d.u.i.k.n.KeyIO           MODE: declarations took 0 ms 
335415     INFO  Test worker     d.u.i.k.n.KeyIO           Parsing took 0 ms 
335416     INFO  Test worker     d.u.i.k.n.KeyIO           MODE: declarations took 1 ms 
335416     INFO  Test worker     d.u.i.k.n.KeyIO           Parsing took 0 ms 
335416     INFO  Test worker     d.u.i.k.n.KeyIO           MODE: declarations took 0 ms 
335416     INFO  Test worker     d.u.i.k.n.KeyIO           Parsing took 0 ms 
335416     INFO  Test worker     d.u.i.k.n.KeyIO           MODE: declarations took 0 ms 
335416     INFO  Test worker     d.u.i.k.n.KeyIO           Parsing took 0 ms 
335416     INFO  Test worker     d.u.i.k.n.KeyIO           MODE: declarations took 0 ms 
335416     INFO  Test worker     d.u.i.k.n.KeyIO           Parsing took 0 ms 
335416     INFO  Test worker     d.u.i.k.n.KeyIO           MODE: declarations took 0 ms 
338391     INFO  Test worker     d.u.i.k.n.KeyIO           Parsing took 0 ms 
338391     INFO  Test worker     d.u.i.k.n.KeyIO           MODE: declarations took 0 ms 
338391     INFO  Test worker     d.u.i.k.n.KeyIO           Parsing took 0 ms 
338391     INFO  Test worker     d.u.i.k.n.KeyIO           MODE: declarations took 0 ms 
338391     INFO  Test worker     d.u.i.k.n.KeyIO           Parsing took 0 ms 
338391     INFO  Test worker     d.u.i.k.n.KeyIO           MODE: declarations took 0 ms 
338391     INFO  Test worker     d.u.i.k.n.KeyIO           Parsing took 0 ms 
338391     INFO  Test worker     d.u.i.k.n.KeyIO           MODE: declarations took 0 ms 
338392     INFO  Test worker     d.u.i.k.n.KeyIO           Parsing took 1 ms 
338392     INFO  Test worker     d.u.i.k.n.KeyIO           MODE: declarations took 0 ms 
341378     INFO  Test worker     d.u.i.k.n.KeyIO           Parsing took 0 ms 
341378     INFO  Test worker     d.u.i.k.n.KeyIO           MODE: declarations took 0 ms 
341378     INFO  Test worker     d.u.i.k.n.KeyIO           Parsing took 0 ms 
341378     INFO  Test worker     d.u.i.k.n.KeyIO           MODE: declarations took 0 ms 
341378     INFO  Test worker     d.u.i.k.n.KeyIO           Parsing took 0 ms 
341378     INFO  Test worker     d.u.i.k.n.KeyIO           MODE: declarations took 0 ms 
341378     INFO  Test worker     d.u.i.k.n.KeyIO           Parsing took 0 ms 
341378     INFO  Test worker     d.u.i.k.n.KeyIO           MODE: declarations took 0 ms 
341378     INFO  Test worker     d.u.i.k.n.KeyIO           Parsing took 0 ms 
341378     INFO  Test worker     d.u.i.k.n.KeyIO           MODE: declarations took 0 ms 
344383     INFO  Test worker     d.u.i.k.n.KeyIO           Parsing took 0 ms 
344383     INFO  Test worker     d.u.i.k.n.KeyIO           MODE: declarations took 0 ms 
344383     INFO  Test worker     d.u.i.k.n.KeyIO           Parsing took 0 ms 
344383     INFO  Test worker     d.u.i.k.n.KeyIO           MODE: declarations took 0 ms 
344383     INFO  Test worker     d.u.i.k.n.KeyIO           Parsing took 0 ms 
344383     INFO  Test worker     d.u.i.k.n.KeyIO           MODE: declarations took 0 ms 
344383     INFO  Test worker     d.u.i.k.n.KeyIO           Parsing took 0 ms 
344383     INFO  Test worker     d.u.i.k.n.KeyIO           MODE: declarations took 0 ms 
344383     INFO  Test worker     d.u.i.k.n.KeyIO           Parsing took 0 ms 
344383     INFO  Test worker     d.u.i.k.n.KeyIO           MODE: declarations took 0 ms 
347557     INFO  Test worker     d.u.i.k.n.KeyIO           Parsing took 0 ms 
347557     INFO  Test worker     d.u.i.k.n.KeyIO           MODE: declarations took 0 ms 
347557     INFO  Test worker     d.u.i.k.n.KeyIO           Parsing took 0 ms 
347557     INFO  Test worker     d.u.i.k.n.KeyIO           MODE: declarations took 0 ms 
347557     INFO  Test worker     d.u.i.k.n.KeyIO           Parsing took 0 ms 
347557     INFO  Test worker     d.u.i.k.n.KeyIO           MODE: declarations took 0 ms 
347557     INFO  Test worker     d.u.i.k.n.KeyIO           Parsing took 0 ms 
347557     INFO  Test worker     d.u.i.k.n.KeyIO           MODE: declarations took 0 ms 
347557     INFO  Test worker     d.u.i.k.n.KeyIO           Parsing took 0 ms 
347557     INFO  Test worker     d.u.i.k.n.KeyIO           MODE: declarations took 0 ms 
350585     INFO  Test worker     d.u.i.k.n.KeyIO           Parsing took 0 ms 
350586     INFO  Test worker     d.u.i.k.n.KeyIO           MODE: declarations took 0 ms 
350586     INFO  Test worker     d.u.i.k.n.KeyIO           Parsing took 0 ms 
350586     INFO  Test worker     d.u.i.k.n.KeyIO           MODE: declarations took 0 ms 
350586     INFO  Test worker     d.u.i.k.n.KeyIO           Parsing took 0 ms 
350586     INFO  Test worker     d.u.i.k.n.KeyIO           MODE: declarations took 0 ms 
350586     INFO  Test worker     d.u.i.k.n.KeyIO           Parsing took 0 ms 
350586     INFO  Test worker     d.u.i.k.n.KeyIO           MODE: declarations took 0 ms 
350586     INFO  Test worker     d.u.i.k.n.KeyIO           Parsing took 0 ms 
350586     INFO  Test worker     d.u.i.k.n.KeyIO           MODE: declarations took 0 ms 
353555     INFO  Test worker     d.u.i.k.n.KeyIO           Parsing took 0 ms 
353555     INFO  Test worker     d.u.i.k.n.KeyIO           MODE: declarations took 0 ms 
353555     INFO  Test worker     d.u.i.k.n.KeyIO           Parsing took 0 ms 
353555     INFO  Test worker     d.u.i.k.n.KeyIO           MODE: declarations took 0 ms 
353555     INFO  Test worker     d.u.i.k.n.KeyIO           Parsing took 0 ms 
353555     INFO  Test worker     d.u.i.k.n.KeyIO           MODE: declarations took 0 ms 
353555     INFO  Test worker     d.u.i.k.n.KeyIO           Parsing took 0 ms 
353555     INFO  Test worker     d.u.i.k.n.KeyIO           MODE: declarations took 0 ms 
353555     INFO  Test worker     d.u.i.k.n.KeyIO           Parsing took 0 ms 
353555     INFO  Test worker     d.u.i.k.n.KeyIO           MODE: declarations took 0 ms 
356509     INFO  Test worker     d.u.i.k.n.KeyIO           Parsing took 0 ms 
356509     INFO  Test worker     d.u.i.k.n.KeyIO           MODE: declarations took 0 ms 
356510     INFO  Test worker     d.u.i.k.n.KeyIO           Parsing took 0 ms 
356510     INFO  Test worker     d.u.i.k.n.KeyIO           MODE: declarations took 0 ms 
356510     INFO  Test worker     d.u.i.k.n.KeyIO           Parsing took 0 ms 
356510     INFO  Test worker     d.u.i.k.n.KeyIO           MODE: declarations took 0 ms 
356510     INFO  Test worker     d.u.i.k.n.KeyIO           Parsing took 0 ms 
356510     INFO  Test worker     d.u.i.k.n.KeyIO           MODE: declarations took 0 ms 
356510     INFO  Test worker     d.u.i.k.n.KeyIO           Parsing took 0 ms 
356510     INFO  Test worker     d.u.i.k.n.KeyIO           MODE: declarations took 0 ms 
356511     WARN  Test worker     d.u.i.k.n.KeYParser       [syntax-error] <unknown>:1:11: mismatched input '@' expecting {'/', ':=', '.', '(', ')', '{', '[', '@', PARALLEL, OR, AND, IMP, '=', NOT_EQUALS, '%', '*', '-', '+', '>', GREATEREQUAL, '<', LESSEQUAL, LGUILLEMETS, EQV} [@11,11:11='@',<153>,1:11] (termEOF) 
359495     INFO  Test worker     d.u.i.k.n.KeyIO           Parsing took 0 ms 
359495     INFO  Test worker     d.u.i.k.n.KeyIO           MODE: declarations took 0 ms 
359495     INFO  Test worker     d.u.i.k.n.KeyIO           Parsing took 0 ms 
359495     INFO  Test worker     d.u.i.k.n.KeyIO           MODE: declarations took 0 ms 
359495     INFO  Test worker     d.u.i.k.n.KeyIO           Parsing took 0 ms 
359495     INFO  Test worker     d.u.i.k.n.KeyIO           MODE: declarations took 0 ms 
359495     INFO  Test worker     d.u.i.k.n.KeyIO           Parsing took 0 ms 
359495     INFO  Test worker     d.u.i.k.n.KeyIO           MODE: declarations took 0 ms 
359495     INFO  Test worker     d.u.i.k.n.KeyIO           Parsing took 0 ms 
359495     INFO  Test worker     d.u.i.k.n.KeyIO           MODE: declarations took 0 ms 
362456     INFO  Test worker     d.u.i.k.n.KeyIO           Parsing took 0 ms 
362457     INFO  Test worker     d.u.i.k.n.KeyIO           MODE: declarations took 1 ms 
362457     INFO  Test worker     d.u.i.k.n.KeyIO           Parsing took 0 ms 
362457     INFO  Test worker     d.u.i.k.n.KeyIO           MODE: declarations took 0 ms 
362457     INFO  Test worker     d.u.i.k.n.KeyIO           Parsing took 0 ms 
362457     INFO  Test worker     d.u.i.k.n.KeyIO           MODE: declarations took 0 ms 
362457     INFO  Test worker     d.u.i.k.n.KeyIO           Parsing took 0 ms 
362457     INFO  Test worker     d.u.i.k.n.KeyIO           MODE: declarations took 0 ms 
362457     INFO  Test worker     d.u.i.k.n.KeyIO           Parsing took 0 ms 
362457     INFO  Test worker     d.u.i.k.n.KeyIO           MODE: declarations took 0 ms 
365424     INFO  Test worker     d.u.i.k.n.KeyIO           Parsing took 0 ms 
365424     INFO  Test worker     d.u.i.k.n.KeyIO           MODE: declarations took 0 ms 
365424     INFO  Test worker     d.u.i.k.n.KeyIO           Parsing took 0 ms 
365424     INFO  Test worker     d.u.i.k.n.KeyIO           MODE: declarations took 0 ms 
365425     INFO  Test worker     d.u.i.k.n.KeyIO           Parsing took 1 ms 
365425     INFO  Test worker     d.u.i.k.n.KeyIO           MODE: declarations took 0 ms 
365425     INFO  Test worker     d.u.i.k.n.KeyIO           Parsing took 0 ms 
365425     INFO  Test worker     d.u.i.k.n.KeyIO           MODE: declarations took 0 ms 
365425     INFO  Test worker     d.u.i.k.n.KeyIO           Parsing took 0 ms 
365425     INFO  Test worker     d.u.i.k.n.KeyIO           MODE: declarations took 0 ms 
368377     INFO  Test worker     d.u.i.k.n.KeyIO           Parsing took 0 ms 
368377     INFO  Test worker     d.u.i.k.n.KeyIO           MODE: declarations took 0 ms 
368377     INFO  Test worker     d.u.i.k.n.KeyIO           Parsing took 0 ms 
368377     INFO  Test worker     d.u.i.k.n.KeyIO           MODE: declarations took 0 ms 
368378     INFO  Test worker     d.u.i.k.n.KeyIO           Parsing took 0 ms 
368378     INFO  Test worker     d.u.i.k.n.KeyIO           MODE: declarations took 0 ms 
368378     INFO  Test worker     d.u.i.k.n.KeyIO           Parsing took 0 ms 
368378     INFO  Test worker     d.u.i.k.n.KeyIO           MODE: declarations took 0 ms 
368378     INFO  Test worker     d.u.i.k.n.KeyIO           Parsing took 0 ms 
368378     INFO  Test worker     d.u.i.k.n.KeyIO           MODE: declarations took 0 ms 
371321     INFO  Test worker     d.u.i.k.n.KeyIO           Parsing took 0 ms 
371321     INFO  Test worker     d.u.i.k.n.KeyIO           MODE: declarations took 0 ms 
371321     INFO  Test worker     d.u.i.k.n.KeyIO           Parsing took 0 ms 
371321     INFO  Test worker     d.u.i.k.n.KeyIO           MODE: declarations took 0 ms 
371321     INFO  Test worker     d.u.i.k.n.KeyIO           Parsing took 0 ms 
371321     INFO  Test worker     d.u.i.k.n.KeyIO           MODE: declarations took 0 ms 
371321     INFO  Test worker     d.u.i.k.n.KeyIO           Parsing took 0 ms 
371321     INFO  Test worker     d.u.i.k.n.KeyIO           MODE: declarations took 0 ms 
371321     INFO  Test worker     d.u.i.k.n.KeyIO           Parsing took 0 ms 
371322     INFO  Test worker     d.u.i.k.n.KeyIO           MODE: declarations took 1 ms 
374296     INFO  Test worker     d.u.i.k.n.KeyIO           Parsing took 0 ms 
374296     INFO  Test worker     d.u.i.k.n.KeyIO           MODE: declarations took 0 ms 
374296     INFO  Test worker     d.u.i.k.n.KeyIO           Parsing took 0 ms 
374296     INFO  Test worker     d.u.i.k.n.KeyIO           MODE: declarations took 0 ms 
374296     INFO  Test worker     d.u.i.k.n.KeyIO           Parsing took 0 ms 
374296     INFO  Test worker     d.u.i.k.n.KeyIO           MODE: declarations took 0 ms 
374296     INFO  Test worker     d.u.i.k.n.KeyIO           Parsing took 0 ms 
374296     INFO  Test worker     d.u.i.k.n.KeyIO           MODE: declarations took 0 ms 
374296     INFO  Test worker     d.u.i.k.n.KeyIO           Parsing took 0 ms 
374296     INFO  Test worker     d.u.i.k.n.KeyIO           MODE: declarations took 0 ms 
377276     INFO  Test worker     d.u.i.k.n.KeyIO           Parsing took 0 ms 
377276     INFO  Test worker     d.u.i.k.n.KeyIO           MODE: declarations took 0 ms 
377277     INFO  Test worker     d.u.i.k.n.KeyIO           Parsing took 0 ms 
377277     INFO  Test worker     d.u.i.k.n.KeyIO           MODE: declarations took 0 ms 
377277     INFO  Test worker     d.u.i.k.n.KeyIO           Parsing took 0 ms 
377277     INFO  Test worker     d.u.i.k.n.KeyIO           MODE: declarations took 0 ms 
377277     INFO  Test worker     d.u.i.k.n.KeyIO           Parsing took 0 ms 
377277     INFO  Test worker     d.u.i.k.n.KeyIO           MODE: declarations took 0 ms 
377277     INFO  Test worker     d.u.i.k.n.KeyIO           Parsing took 0 ms 
377277     INFO  Test worker     d.u.i.k.n.KeyIO           MODE: declarations took 0 ms 
380267     INFO  Test worker     d.u.i.k.n.KeyIO           Parsing took 0 ms 
380267     INFO  Test worker     d.u.i.k.n.KeyIO           MODE: declarations took 0 ms 
380267     INFO  Test worker     d.u.i.k.n.KeyIO           Parsing took 0 ms 
380267     INFO  Test worker     d.u.i.k.n.KeyIO           MODE: declarations took 0 ms 
380267     INFO  Test worker     d.u.i.k.n.KeyIO           Parsing took 0 ms 
380267     INFO  Test worker     d.u.i.k.n.KeyIO           MODE: declarations took 0 ms 
380267     INFO  Test worker     d.u.i.k.n.KeyIO           Parsing took 0 ms 
380267     INFO  Test worker     d.u.i.k.n.KeyIO           MODE: declarations took 0 ms 
380267     INFO  Test worker     d.u.i.k.n.KeyIO           Parsing took 0 ms 
380267     INFO  Test worker     d.u.i.k.n.KeyIO           MODE: declarations took 0 ms 
383243     INFO  Test worker     d.u.i.k.n.KeyIO           Parsing took 0 ms 
383243     INFO  Test worker     d.u.i.k.n.KeyIO           MODE: declarations took 0 ms 
383243     INFO  Test worker     d.u.i.k.n.KeyIO           Parsing took 0 ms 
383243     INFO  Test worker     d.u.i.k.n.KeyIO           MODE: declarations took 0 ms 
383243     INFO  Test worker     d.u.i.k.n.KeyIO           Parsing took 0 ms 
383243     INFO  Test worker     d.u.i.k.n.KeyIO           MODE: declarations took 0 ms 
383243     INFO  Test worker     d.u.i.k.n.KeyIO           Parsing took 0 ms 
383243     INFO  Test worker     d.u.i.k.n.KeyIO           MODE: declarations took 0 ms 
383243     INFO  Test worker     d.u.i.k.n.KeyIO           Parsing took 0 ms 
383243     INFO  Test worker     d.u.i.k.n.KeyIO           MODE: declarations took 0 ms 
386195     INFO  Test worker     d.u.i.k.n.KeyIO           Parsing took 0 ms 
386195     INFO  Test worker     d.u.i.k.n.KeyIO           MODE: declarations took 0 ms 
386195     INFO  Test worker     d.u.i.k.n.KeyIO           Parsing took 0 ms 
386195     INFO  Test worker     d.u.i.k.n.KeyIO           MODE: declarations took 0 ms 
386195     INFO  Test worker     d.u.i.k.n.KeyIO           Parsing took 0 ms 
386195     INFO  Test worker     d.u.i.k.n.KeyIO           MODE: declarations took 0 ms 
386195     INFO  Test worker     d.u.i.k.n.KeyIO           Parsing took 0 ms 
386195     INFO  Test worker     d.u.i.k.n.KeyIO           MODE: declarations took 0 ms 
386195     INFO  Test worker     d.u.i.k.n.KeyIO           Parsing took 0 ms 
386195     INFO  Test worker     d.u.i.k.n.KeyIO           MODE: declarations took 0 ms 
389156     INFO  Test worker     d.u.i.k.n.KeyIO           Parsing took 0 ms 
389157     INFO  Test worker     d.u.i.k.n.KeyIO           MODE: declarations took 1 ms 
389157     INFO  Test worker     d.u.i.k.n.KeyIO           Parsing took 0 ms 
389157     INFO  Test worker     d.u.i.k.n.KeyIO           MODE: declarations took 0 ms 
389157     INFO  Test worker     d.u.i.k.n.KeyIO           Parsing took 0 ms 
389157     INFO  Test worker     d.u.i.k.n.KeyIO           MODE: declarations took 0 ms 
389157     INFO  Test worker     d.u.i.k.n.KeyIO           Parsing took 0 ms 
389157     INFO  Test worker     d.u.i.k.n.KeyIO           MODE: declarations took 0 ms 
389157     INFO  Test worker     d.u.i.k.n.KeyIO           Parsing took 0 ms 
389157     INFO  Test worker     d.u.i.k.n.KeyIO           MODE: declarations took 0 ms 
392158     INFO  Test worker     d.u.i.k.n.KeyIO           Parsing took 0 ms 
392159     INFO  Test worker     d.u.i.k.n.KeyIO           MODE: declarations took 1 ms 
392159     INFO  Test worker     d.u.i.k.n.KeyIO           Parsing took 0 ms 
392159     INFO  Test worker     d.u.i.k.n.KeyIO           MODE: declarations took 0 ms 
392159     INFO  Test worker     d.u.i.k.n.KeyIO           Parsing took 0 ms 
392159     INFO  Test worker     d.u.i.k.n.KeyIO           MODE: declarations took 0 ms 
392159     INFO  Test worker     d.u.i.k.n.KeyIO           Parsing took 0 ms 
392159     INFO  Test worker     d.u.i.k.n.KeyIO           MODE: declarations took 0 ms 
392159     INFO  Test worker     d.u.i.k.n.KeyIO           Parsing took 0 ms 
392159     INFO  Test worker     d.u.i.k.n.KeyIO           MODE: declarations took 0 ms 
395135     INFO  Test worker     d.u.i.k.n.KeyIO           Parsing took 0 ms 
395135     INFO  Test worker     d.u.i.k.n.KeyIO           MODE: declarations took 0 ms 
395135     INFO  Test worker     d.u.i.k.n.KeyIO           Parsing took 0 ms 
395136     INFO  Test worker     d.u.i.k.n.KeyIO           MODE: declarations took 0 ms 
395136     INFO  Test worker     d.u.i.k.n.KeyIO           Parsing took 0 ms 
395136     INFO  Test worker     d.u.i.k.n.KeyIO           MODE: declarations took 0 ms 
395136     INFO  Test worker     d.u.i.k.n.KeyIO           Parsing took 0 ms 
395136     INFO  Test worker     d.u.i.k.n.KeyIO           MODE: declarations took 0 ms 
395137     INFO  Test worker     d.u.i.k.n.KeyIO           Parsing took 0 ms 
395137     INFO  Test worker     d.u.i.k.n.KeyIO           MODE: declarations took 0 ms 
398102     INFO  Test worker     d.u.i.k.n.KeyIO           Parsing took 0 ms 
398102     INFO  Test worker     d.u.i.k.n.KeyIO           MODE: declarations took 0 ms 
398102     INFO  Test worker     d.u.i.k.n.KeyIO           Parsing took 0 ms 
398102     INFO  Test worker     d.u.i.k.n.KeyIO           MODE: declarations took 0 ms 
398102     INFO  Test worker     d.u.i.k.n.KeyIO           Parsing took 0 ms 
398102     INFO  Test worker     d.u.i.k.n.KeyIO           MODE: declarations took 0 ms 
398102     INFO  Test worker     d.u.i.k.n.KeyIO           Parsing took 0 ms 
398102     INFO  Test worker     d.u.i.k.n.KeyIO           MODE: declarations took 0 ms 
398102     INFO  Test worker     d.u.i.k.n.KeyIO           Parsing took 0 ms 
398102     INFO  Test worker     d.u.i.k.n.KeyIO           MODE: declarations took 0 ms 
401064     INFO  Test worker     d.u.i.k.n.KeyIO           Parsing took 0 ms 
401064     INFO  Test worker     d.u.i.k.n.KeyIO           MODE: declarations took 0 ms 
401064     INFO  Test worker     d.u.i.k.n.KeyIO           Parsing took 0 ms 
401065     INFO  Test worker     d.u.i.k.n.KeyIO           MODE: declarations took 1 ms 
401065     INFO  Test worker     d.u.i.k.n.KeyIO           Parsing took 0 ms 
401065     INFO  Test worker     d.u.i.k.n.KeyIO           MODE: declarations took 0 ms 
401065     INFO  Test worker     d.u.i.k.n.KeyIO           Parsing took 0 ms 
401065     INFO  Test worker     d.u.i.k.n.KeyIO           MODE: declarations took 0 ms 
401065     INFO  Test worker     d.u.i.k.n.KeyIO           Parsing took 0 ms 
401065     INFO  Test worker     d.u.i.k.n.KeyIO           MODE: declarations took 0 ms 
404074     INFO  Test worker     d.u.i.k.n.KeyIO           Parsing took 0 ms 
404074     INFO  Test worker     d.u.i.k.n.KeyIO           MODE: declarations took 0 ms 
404074     INFO  Test worker     d.u.i.k.n.KeyIO           Parsing took 0 ms 
404074     INFO  Test worker     d.u.i.k.n.KeyIO           MODE: declarations took 0 ms 
404074     INFO  Test worker     d.u.i.k.n.KeyIO           Parsing took 0 ms 
404074     INFO  Test worker     d.u.i.k.n.KeyIO           MODE: declarations took 0 ms 
404074     INFO  Test worker     d.u.i.k.n.KeyIO           Parsing took 0 ms 
404074     INFO  Test worker     d.u.i.k.n.KeyIO           MODE: declarations took 0 ms 
404074     INFO  Test worker     d.u.i.k.n.KeyIO           Parsing took 0 ms 
404074     INFO  Test worker     d.u.i.k.n.KeyIO           MODE: declarations took 0 ms 
407079     INFO  Test worker     d.u.i.k.n.KeyIO           Parsing took 0 ms 
407079     INFO  Test worker     d.u.i.k.n.KeyIO           MODE: declarations took 0 ms 
407079     INFO  Test worker     d.u.i.k.n.KeyIO           Parsing took 0 ms 
407079     INFO  Test worker     d.u.i.k.n.KeyIO           MODE: declarations took 0 ms 
407079     INFO  Test worker     d.u.i.k.n.KeyIO           Parsing took 0 ms 
407079     INFO  Test worker     d.u.i.k.n.KeyIO           MODE: declarations took 0 ms 
407080     INFO  Test worker     d.u.i.k.n.KeyIO           Parsing took 1 ms 
407080     INFO  Test worker     d.u.i.k.n.KeyIO           MODE: declarations took 0 ms 
407080     INFO  Test worker     d.u.i.k.n.KeyIO           Parsing took 0 ms 
407080     INFO  Test worker     d.u.i.k.n.KeyIO           MODE: declarations took 0 ms 
410061     INFO  Test worker     d.u.i.k.n.KeyIO           Parsing took 0 ms 
410061     INFO  Test worker     d.u.i.k.n.KeyIO           MODE: declarations took 0 ms 
410061     INFO  Test worker     d.u.i.k.n.KeyIO           Parsing took 0 ms 
410061     INFO  Test worker     d.u.i.k.n.KeyIO           MODE: declarations took 0 ms 
410061     INFO  Test worker     d.u.i.k.n.KeyIO           Parsing took 0 ms 
410061     INFO  Test worker     d.u.i.k.n.KeyIO           MODE: declarations took 0 ms 
410061     INFO  Test worker     d.u.i.k.n.KeyIO           Parsing took 0 ms 
410061     INFO  Test worker     d.u.i.k.n.KeyIO           MODE: declarations took 0 ms 
410061     INFO  Test worker     d.u.i.k.n.KeyIO           Parsing took 0 ms 
410061     INFO  Test worker     d.u.i.k.n.KeyIO           MODE: declarations took 0 ms 
413090     INFO  Test worker     d.u.i.k.n.KeyIO           Parsing took 0 ms 
413090     INFO  Test worker     d.u.i.k.n.KeyIO           MODE: declarations took 0 ms 
413090     INFO  Test worker     d.u.i.k.n.KeyIO           Parsing took 0 ms 
413090     INFO  Test worker     d.u.i.k.n.KeyIO           MODE: declarations took 0 ms 
413090     INFO  Test worker     d.u.i.k.n.KeyIO           Parsing took 0 ms 
413090     INFO  Test worker     d.u.i.k.n.KeyIO           MODE: declarations took 0 ms 
413090     INFO  Test worker     d.u.i.k.n.KeyIO           Parsing took 0 ms 
413090     INFO  Test worker     d.u.i.k.n.KeyIO           MODE: declarations took 0 ms 
413090     INFO  Test worker     d.u.i.k.n.KeyIO           Parsing took 0 ms 
413091     INFO  Test worker     d.u.i.k.n.KeyIO           MODE: declarations took 0 ms 
416066     INFO  Test worker     d.u.i.k.n.KeyIO           Parsing took 0 ms 
416066     INFO  Test worker     d.u.i.k.n.KeyIO           MODE: declarations took 0 ms 
416066     INFO  Test worker     d.u.i.k.n.KeyIO           Parsing took 0 ms 
416066     INFO  Test worker     d.u.i.k.n.KeyIO           MODE: declarations took 0 ms 
416066     INFO  Test worker     d.u.i.k.n.KeyIO           Parsing took 0 ms 
416066     INFO  Test worker     d.u.i.k.n.KeyIO           MODE: declarations took 0 ms 
416066     INFO  Test worker     d.u.i.k.n.KeyIO           Parsing took 0 ms 
416066     INFO  Test worker     d.u.i.k.n.KeyIO           MODE: declarations took 0 ms 
416066     INFO  Test worker     d.u.i.k.n.KeyIO           Parsing took 0 ms 
416066     INFO  Test worker     d.u.i.k.n.KeyIO           MODE: declarations took 0 ms 
419069     INFO  Test worker     d.u.i.k.n.KeyIO           Parsing took 0 ms 
419069     INFO  Test worker     d.u.i.k.n.KeyIO           MODE: declarations took 0 ms 
419069     INFO  Test worker     d.u.i.k.n.KeyIO           Parsing took 0 ms 
419069     INFO  Test worker     d.u.i.k.n.KeyIO           MODE: declarations took 0 ms 
419069     INFO  Test worker     d.u.i.k.n.KeyIO           Parsing took 0 ms 
419069     INFO  Test worker     d.u.i.k.n.KeyIO           MODE: declarations took 0 ms 
419069     INFO  Test worker     d.u.i.k.n.KeyIO           Parsing took 0 ms 
419069     INFO  Test worker     d.u.i.k.n.KeyIO           MODE: declarations took 0 ms 
419069     INFO  Test worker     d.u.i.k.n.KeyIO           Parsing took 0 ms 
419069     INFO  Test worker     d.u.i.k.n.KeyIO           MODE: declarations took 0 ms 
422081     INFO  Test worker     d.u.i.k.n.KeyIO           Parsing took 0 ms 
422081     INFO  Test worker     d.u.i.k.n.KeyIO           MODE: declarations took 0 ms 
422081     INFO  Test worker     d.u.i.k.n.KeyIO           Parsing took 0 ms 
422081     INFO  Test worker     d.u.i.k.n.KeyIO           MODE: declarations took 0 ms 
422081     INFO  Test worker     d.u.i.k.n.KeyIO           Parsing took 0 ms 
422081     INFO  Test worker     d.u.i.k.n.KeyIO           MODE: declarations took 0 ms 
422081     INFO  Test worker     d.u.i.k.n.KeyIO           Parsing took 0 ms 
422081     INFO  Test worker     d.u.i.k.n.KeyIO           MODE: declarations took 0 ms 
422081     INFO  Test worker     d.u.i.k.n.KeyIO           Parsing took 0 ms 
422081     INFO  Test worker     d.u.i.k.n.KeyIO           MODE: declarations took 0 ms 
425063     INFO  Test worker     d.u.i.k.n.KeyIO           Parsing took 0 ms 
425063     INFO  Test worker     d.u.i.k.n.KeyIO           MODE: declarations took 0 ms 
425063     INFO  Test worker     d.u.i.k.n.KeyIO           Parsing took 0 ms 
425063     INFO  Test worker     d.u.i.k.n.KeyIO           MODE: declarations took 0 ms 
425064     INFO  Test worker     d.u.i.k.n.KeyIO           Parsing took 0 ms 
425064     INFO  Test worker     d.u.i.k.n.KeyIO           MODE: declarations took 0 ms 
425064     INFO  Test worker     d.u.i.k.n.KeyIO           Parsing took 0 ms 
425064     INFO  Test worker     d.u.i.k.n.KeyIO           MODE: declarations took 0 ms 
425064     INFO  Test worker     d.u.i.k.n.KeyIO           Parsing took 0 ms 
425064     INFO  Test worker     d.u.i.k.n.KeyIO           MODE: declarations took 0 ms 
428044     INFO  Test worker     d.u.i.k.n.KeyIO           Parsing took 0 ms 
428046     INFO  Test worker     d.u.i.k.n.KeyIO           MODE: declarations took 1 ms 
428046     INFO  Test worker     d.u.i.k.n.KeyIO           Parsing took 0 ms 
428046     INFO  Test worker     d.u.i.k.n.KeyIO           MODE: declarations took 0 ms 
428046     INFO  Test worker     d.u.i.k.n.KeyIO           Parsing took 0 ms 
428047     INFO  Test worker     d.u.i.k.n.KeyIO           MODE: declarations took 1 ms 
428047     INFO  Test worker     d.u.i.k.n.KeyIO           Parsing took 0 ms 
428047     INFO  Test worker     d.u.i.k.n.KeyIO           MODE: declarations took 0 ms 
428047     INFO  Test worker     d.u.i.k.n.KeyIO           Parsing took 0 ms 
428047     INFO  Test worker     d.u.i.k.n.KeyIO           MODE: declarations took 0 ms 
]]></system-out>
  <system-err><![CDATA[]]></system-err>
</testsuite>
