<?xml version="1.0" encoding="UTF-8"?>
<testsuite name="de.uka.ilkd.key.parser.TestDeclParser" tests="14" skipped="2" failures="0" errors="0" timestamp="2023-04-13T13:23:35" hostname="fv-az268-336" time="11.631">
  <properties/>
  <testcase name="testGenericSortDecl1()" classname="de.uka.ilkd.key.parser.TestDeclParser" time="1.038"/>
  <testcase name="testGenericSortDecl2()" classname="de.uka.ilkd.key.parser.TestDeclParser" time="0.95"/>
  <testcase name="testGenericSortDecl3()" classname="de.uka.ilkd.key.parser.TestDeclParser" time="0.977"/>
  <testcase name="testGenericSortDecl4()" classname="de.uka.ilkd.key.parser.TestDeclParser" time="0.976"/>
  <testcase name="testGenericSortDecl5()" classname="de.uka.ilkd.key.parser.TestDeclParser" time="0.0">
    <skipped/>
  </testcase>
  <testcase name="testGenericSortDecl6()" classname="de.uka.ilkd.key.parser.TestDeclParser" time="0.978"/>
  <testcase name="testSortDecl()" classname="de.uka.ilkd.key.parser.TestDeclParser" time="0.907"/>
  <testcase name="testProxySortDecl()" classname="de.uka.ilkd.key.parser.TestDeclParser" time="0.975"/>
  <testcase name="testArrayDecl()" classname="de.uka.ilkd.key.parser.TestDeclParser" time="0.982"/>
  <testcase name="testAmbiguousDecls()" classname="de.uka.ilkd.key.parser.TestDeclParser" time="0.0">
    <skipped/>
  </testcase>
  <testcase name="testHeurDecl()" classname="de.uka.ilkd.key.parser.TestDeclParser" time="0.913"/>
  <testcase name="testFunctionDecl()" classname="de.uka.ilkd.key.parser.TestDeclParser" time="0.978"/>
  <testcase name="testPredicateDecl()" classname="de.uka.ilkd.key.parser.TestDeclParser" time="0.978"/>
  <testcase name="testSVDecl()" classname="de.uka.ilkd.key.parser.TestDeclParser" time="0.976"/>
  <system-out><![CDATA[214198     INFO  Test worker     d.u.i.k.n.KeyIO           Parsing took 0 ms 
214199     INFO  Test worker     d.u.i.k.n.KeyIO           MODE: declarations took 0 ms 
215149     INFO  Test worker     d.u.i.k.n.KeyIO           Parsing took 0 ms 
215150     INFO  Test worker     d.u.i.k.n.KeyIO           MODE: declarations took 0 ms 
216126     INFO  Test worker     d.u.i.k.n.KeyIO           Parsing took 0 ms 
216127     INFO  Test worker     d.u.i.k.n.KeyIO           MODE: declarations took 0 ms 
217103     INFO  Test worker     d.u.i.k.n.KeyIO           Parsing took 0 ms 
217104     INFO  Test worker     d.u.i.k.n.KeyIO           MODE: declarations took 1 ms 
218082     INFO  Test worker     d.u.i.k.n.KeyIO           Parsing took 0 ms 
218082     INFO  Test worker     d.u.i.k.n.KeyIO           MODE: declarations took 0 ms 
218987     INFO  Test worker     d.u.i.k.n.KeyIO           Parsing took 0 ms 
218987     INFO  Test worker     d.u.i.k.n.KeyIO           MODE: declarations took 0 ms 
219963     INFO  Test worker     d.u.i.k.n.KeyIO           Parsing took 0 ms 
219964     INFO  Test worker     d.u.i.k.n.KeyIO           MODE: declarations took 1 ms 
220946     INFO  Test worker     d.u.i.k.n.KeyIO           Parsing took 1 ms 
220946     INFO  Test worker     d.u.i.k.n.KeyIO           MODE: declarations took 0 ms 
221860     INFO  Test worker     d.u.i.k.n.KeyIO           Parsing took 0 ms 
221860     INFO  Test worker     d.u.i.k.n.KeyIO           MODE: declarations took 0 ms 
222837     INFO  Test worker     d.u.i.k.n.KeyIO           Parsing took 0 ms 
222838     INFO  Test worker     d.u.i.k.n.KeyIO           MODE: declarations took 0 ms 
223816     INFO  Test worker     d.u.i.k.n.KeyIO           Parsing took 0 ms 
223816     INFO  Test worker     d.u.i.k.n.KeyIO           MODE: declarations took 0 ms 
224792     INFO  Test worker     d.u.i.k.n.KeyIO           Parsing took 0 ms 
224792     INFO  Test worker     d.u.i.k.n.KeyIO           MODE: declarations took 0 ms 
]]></system-out>
  <system-err><![CDATA[]]></system-err>
</testsuite>
