<?xml version="1.0" encoding="UTF-8"?>
<testsuite name="de.uka.ilkd.key.logic.TestClashFreeSubst" tests="14" skipped="2" failures="0" errors="0" timestamp="2023-04-13T13:20:39" hostname="fv-az268-336" time="50.667">
  <properties/>
  <testcase name="testMultiShareBound()" classname="de.uka.ilkd.key.logic.TestClashFreeSubst" time="0.976"/>
  <testcase name="testClash()" classname="de.uka.ilkd.key.logic.TestClashFreeSubst" time="0.958"/>
  <testcase name="testShare()" classname="de.uka.ilkd.key.logic.TestClashFreeSubst" time="0.953"/>
  <testcase name="testSubst()" classname="de.uka.ilkd.key.logic.TestClashFreeSubst" time="0.935"/>
  <testcase name="testWary0()" classname="de.uka.ilkd.key.logic.TestClashFreeSubst" time="0.979"/>
  <testcase name="testWary1()" classname="de.uka.ilkd.key.logic.TestClashFreeSubst" time="0.936"/>
  <testcase name="testWary2()" classname="de.uka.ilkd.key.logic.TestClashFreeSubst" time="0.922"/>
  <testcase name="testClashInSubstTerm()" classname="de.uka.ilkd.key.logic.TestClashFreeSubst" time="0.935"/>
  <testcase name="testShareWary()" classname="de.uka.ilkd.key.logic.TestClashFreeSubst" time="0.92"/>
  <testcase name="testMultiSubst()" classname="de.uka.ilkd.key.logic.TestClashFreeSubst" time="0.925"/>
  <testcase name="xtestMultiClash()" classname="de.uka.ilkd.key.logic.TestClashFreeSubst" time="0.0">
    <skipped/>
  </testcase>
  <testcase name="testSubstInSubstTerm()" classname="de.uka.ilkd.key.logic.TestClashFreeSubst" time="0.937"/>
  <testcase name="testSubstWary()" classname="de.uka.ilkd.key.logic.TestClashFreeSubst" time="0.92"/>
  <testcase name="xtestMultiClash1()" classname="de.uka.ilkd.key.logic.TestClashFreeSubst" time="0.0">
    <skipped/>
  </testcase>
  <system-out><![CDATA[37057      INFO  Test worker     d.u.i.k.n.KeyIO           Parsing took 0 ms 
37058      INFO  Test worker     d.u.i.k.n.KeyIO           MODE: declarations took 1 ms 
38029      INFO  Test worker     d.u.i.k.n.KeyIO           Parsing took 0 ms 
38030      INFO  Test worker     d.u.i.k.n.KeyIO           MODE: declarations took 1 ms 
41159      INFO  Test worker     d.u.i.k.n.KeyIO           Parsing took 0 ms 
41159      INFO  Test worker     d.u.i.k.n.KeyIO           MODE: declarations took 0 ms 
42112      INFO  Test worker     d.u.i.k.n.KeyIO           Parsing took 0 ms 
42112      INFO  Test worker     d.u.i.k.n.KeyIO           MODE: declarations took 0 ms 
45182      INFO  Test worker     d.u.i.k.n.KeyIO           Parsing took 0 ms 
45182      INFO  Test worker     d.u.i.k.n.KeyIO           MODE: declarations took 0 ms 
46132      INFO  Test worker     d.u.i.k.n.KeyIO           Parsing took 0 ms 
46133      INFO  Test worker     d.u.i.k.n.KeyIO           MODE: declarations took 1 ms 
49199      INFO  Test worker     d.u.i.k.n.KeyIO           Parsing took 0 ms 
49200      INFO  Test worker     d.u.i.k.n.KeyIO           MODE: declarations took 0 ms 
50130      INFO  Test worker     d.u.i.k.n.KeyIO           Parsing took 0 ms 
50131      INFO  Test worker     d.u.i.k.n.KeyIO           MODE: declarations took 0 ms 
53161      INFO  Test worker     d.u.i.k.n.KeyIO           Parsing took 0 ms 
53162      INFO  Test worker     d.u.i.k.n.KeyIO           MODE: declarations took 1 ms 
54128      INFO  Test worker     d.u.i.k.n.KeyIO           Parsing took 0 ms 
54129      INFO  Test worker     d.u.i.k.n.KeyIO           MODE: declarations took 0 ms 
57159      INFO  Test worker     d.u.i.k.n.KeyIO           Parsing took 0 ms 
57160      INFO  Test worker     d.u.i.k.n.KeyIO           MODE: declarations took 1 ms 
58093      INFO  Test worker     d.u.i.k.n.KeyIO           Parsing took 0 ms 
58093      INFO  Test worker     d.u.i.k.n.KeyIO           MODE: declarations took 0 ms 
61110      INFO  Test worker     d.u.i.k.n.KeyIO           Parsing took 0 ms 
61115      INFO  Test worker     d.u.i.k.n.KeyIO           MODE: declarations took 1 ms 
62024      INFO  Test worker     d.u.i.k.n.KeyIO           Parsing took 0 ms 
62025      INFO  Test worker     d.u.i.k.n.KeyIO           MODE: declarations took 0 ms 
65035      INFO  Test worker     d.u.i.k.n.KeyIO           Parsing took 0 ms 
65036      INFO  Test worker     d.u.i.k.n.KeyIO           MODE: declarations took 0 ms 
65965      INFO  Test worker     d.u.i.k.n.KeyIO           Parsing took 0 ms 
65966      INFO  Test worker     d.u.i.k.n.KeyIO           MODE: declarations took 0 ms 
68971      INFO  Test worker     d.u.i.k.n.KeyIO           Parsing took 0 ms 
68971      INFO  Test worker     d.u.i.k.n.KeyIO           MODE: declarations took 0 ms 
69889      INFO  Test worker     d.u.i.k.n.KeyIO           Parsing took 0 ms 
69889      INFO  Test worker     d.u.i.k.n.KeyIO           MODE: declarations took 0 ms 
72985      INFO  Test worker     d.u.i.k.n.KeyIO           Parsing took 0 ms 
72986      INFO  Test worker     d.u.i.k.n.KeyIO           MODE: declarations took 0 ms 
73905      INFO  Test worker     d.u.i.k.n.KeyIO           Parsing took 0 ms 
73906      INFO  Test worker     d.u.i.k.n.KeyIO           MODE: declarations took 0 ms 
79869      INFO  Test worker     d.u.i.k.n.KeyIO           Parsing took 0 ms 
79870      INFO  Test worker     d.u.i.k.n.KeyIO           MODE: declarations took 0 ms 
80802      INFO  Test worker     d.u.i.k.n.KeyIO           Parsing took 0 ms 
80802      INFO  Test worker     d.u.i.k.n.KeyIO           MODE: declarations took 0 ms 
83811      INFO  Test worker     d.u.i.k.n.KeyIO           Parsing took 0 ms 
83812      INFO  Test worker     d.u.i.k.n.KeyIO           MODE: declarations took 1 ms 
84729      INFO  Test worker     d.u.i.k.n.KeyIO           Parsing took 0 ms 
84729      INFO  Test worker     d.u.i.k.n.KeyIO           MODE: declarations took 0 ms 
]]></system-out>
  <system-err><![CDATA[]]></system-err>
</testsuite>
