<?xml version="1.0" encoding="UTF-8"?>
<testsuite name="de.uka.ilkd.key.parser.TestTermParserSorts" tests="2" skipped="0" failures="0" errors="0" timestamp="2023-04-13T13:27:13" hostname="fv-az268-336" time="3.009">
  <properties/>
  <testcase name="testParseIntegerArgs()" classname="de.uka.ilkd.key.parser.TestTermParserSorts" time="0.017"/>
  <testcase name="testParseSequencePrettySyntax()" classname="de.uka.ilkd.key.parser.TestTermParserSorts" time="0.003"/>
  <system-out><![CDATA[431055     INFO  Test worker     d.u.i.k.n.KeyIO           Parsing took 0 ms 
431055     INFO  Test worker     d.u.i.k.n.KeyIO           MODE: declarations took 0 ms 
431055     INFO  Test worker     d.u.i.k.n.KeyIO           Parsing took 0 ms 
431055     INFO  Test worker     d.u.i.k.n.KeyIO           MODE: declarations took 0 ms 
431055     INFO  Test worker     d.u.i.k.n.KeyIO           Parsing took 0 ms 
431055     INFO  Test worker     d.u.i.k.n.KeyIO           MODE: declarations took 0 ms 
434062     INFO  Test worker     d.u.i.k.n.KeyIO           Parsing took 0 ms 
434062     INFO  Test worker     d.u.i.k.n.KeyIO           MODE: declarations took 0 ms 
434063     INFO  Test worker     d.u.i.k.n.KeyIO           Parsing took 0 ms 
434063     INFO  Test worker     d.u.i.k.n.KeyIO           MODE: declarations took 0 ms 
434063     INFO  Test worker     d.u.i.k.n.KeyIO           Parsing took 0 ms 
434063     INFO  Test worker     d.u.i.k.n.KeyIO           MODE: declarations took 0 ms 
]]></system-out>
  <system-err><![CDATA[]]></system-err>
</testsuite>
