<?xml version="1.0" encoding="UTF-8"?>
<testsuite name="de.uka.ilkd.key.nparser.ExprTest" tests="23" skipped="0" failures="0" errors="0" timestamp="2023-04-13T13:23:23" hostname="fv-az268-336" time="2.302">
  <properties/>
  <testcase name="[1] (bprod{int y;}(1, 2, y) = 0)" classname="de.uka.ilkd.key.nparser.ExprTest" time="0.017"/>
  <testcase name="[2] 1 = 1 -&gt; 2 = 2" classname="de.uka.ilkd.key.nparser.ExprTest" time="0.015"/>
  <testcase name="[3] \&lt; { int x = 1; } \&gt; x=1" classname="de.uka.ilkd.key.nparser.ExprTest" time="0.989"/>
  <testcase name="[4] \&lt;{ int x = 1; {int s = 2;} }\&gt; x=x" classname="de.uka.ilkd.key.nparser.ExprTest" time="1.0"/>
  <testcase name="[5] true" classname="de.uka.ilkd.key.nparser.ExprTest" time="0.012"/>
  <testcase name="[6] true &amp; false" classname="de.uka.ilkd.key.nparser.ExprTest" time="0.014"/>
  <testcase name="[7] 0" classname="de.uka.ilkd.key.nparser.ExprTest" time="0.011"/>
  <testcase name="[8] 1" classname="de.uka.ilkd.key.nparser.ExprTest" time="0.012"/>
  <testcase name="[9] 42" classname="de.uka.ilkd.key.nparser.ExprTest" time="0.013"/>
  <testcase name="[10] -5" classname="de.uka.ilkd.key.nparser.ExprTest" time="0.013"/>
  <testcase name="[11] 1 + 1 = 2" classname="de.uka.ilkd.key.nparser.ExprTest" time="0.02"/>
  <testcase name="[12] \if (3=4) \then (1) \else (2)" classname="de.uka.ilkd.key.nparser.ExprTest" time="0.016"/>
  <testcase name="[13] \if (3=4 &amp; 1=1) \then (\if (3=4) \then (1) \else (2)) \else (2)" classname="de.uka.ilkd.key.nparser.ExprTest" time="0.013"/>
  <testcase name="[14] aa + bb*cc" classname="de.uka.ilkd.key.nparser.ExprTest" time="0.013"/>
  <testcase name="[15] aa%bb*cc &lt; -123" classname="de.uka.ilkd.key.nparser.ExprTest" time="0.016"/>
  <testcase name="[16] \forall int x; true" classname="de.uka.ilkd.key.nparser.ExprTest" time="0.012"/>
  <testcase name="[17] \forall numbers x; x = x" classname="de.uka.ilkd.key.nparser.ExprTest" time="0.013"/>
  <testcase name="[18] (int)3+2" classname="de.uka.ilkd.key.nparser.ExprTest" time="0.012"/>
  <testcase name="[19] 1.f + 1f = 20e-1f * (2f-1f)" classname="de.uka.ilkd.key.nparser.ExprTest" time="0.014"/>
  <testcase name="[20] 1.d + 1d &lt;= 20e+1d * .01d" classname="de.uka.ilkd.key.nparser.ExprTest" time="0.014"/>
  <testcase name="[21] 1f &lt;= 2f" classname="de.uka.ilkd.key.nparser.ExprTest" time="0.014"/>
  <testcase name="[22] 2d &gt; 1d" classname="de.uka.ilkd.key.nparser.ExprTest" time="0.012"/>
  <testcase name="[23] seqEmpty + seqEmpty" classname="de.uka.ilkd.key.nparser.ExprTest" time="0.013"/>
  <system-out><![CDATA[201264     INFO  Test worker     d.u.i.k.n.KeyIO           Parsing took 9 ms 
201266     INFO  Test worker     d.u.i.k.n.KeyIO           MODE: declarations took 1 ms 
201269     INFO  Test worker     d.u.i.k.n.ExprTest        Term: equals(bprod{y:int}(Z(1(#)),Z(2(#)),y),Z(0(#))) 
201279     INFO  Test worker     d.u.i.k.n.KeyIO           Parsing took 7 ms 
201280     INFO  Test worker     d.u.i.k.n.KeyIO           MODE: declarations took 1 ms 
201285     INFO  Test worker     d.u.i.k.n.ExprTest        Term: imp(equals(Z(1(#)),Z(1(#))),equals(Z(2(#)),Z(2(#)))) 
201296     INFO  Test worker     d.u.i.k.n.KeyIO           Parsing took 7 ms 
201298     INFO  Test worker     d.u.i.k.n.KeyIO           MODE: declarations took 1 ms 
202274     INFO  Test worker     d.u.i.k.n.ExprTest        Term: \<{
  int x = 1;
}\> (equals(x,Z(1(#)))) 
202294     INFO  Test worker     d.u.i.k.n.KeyIO           Parsing took 15 ms 
202299     INFO  Test worker     d.u.i.k.n.KeyIO           MODE: declarations took 5 ms 
203278     INFO  Test worker     d.u.i.k.n.ExprTest        Term: \<{
  int x = 1;
  {
    int s = 2;
  }
}\> (equals(x,x)) 
203288     INFO  Test worker     d.u.i.k.n.KeyIO           Parsing took 7 ms 
203289     INFO  Test worker     d.u.i.k.n.KeyIO           MODE: declarations took 0 ms 
203292     INFO  Test worker     d.u.i.k.n.ExprTest        Term: true 
203303     INFO  Test worker     d.u.i.k.n.KeyIO           Parsing took 9 ms 
203304     INFO  Test worker     d.u.i.k.n.KeyIO           MODE: declarations took 1 ms 
203306     INFO  Test worker     d.u.i.k.n.ExprTest        Term: and(true,false) 
203315     INFO  Test worker     d.u.i.k.n.KeyIO           Parsing took 7 ms 
203316     INFO  Test worker     d.u.i.k.n.KeyIO           MODE: declarations took 1 ms 
203318     INFO  Test worker     d.u.i.k.n.ExprTest        Term: Z(0(#)) 
203327     INFO  Test worker     d.u.i.k.n.KeyIO           Parsing took 7 ms 
203328     INFO  Test worker     d.u.i.k.n.KeyIO           MODE: declarations took 1 ms 
203330     INFO  Test worker     d.u.i.k.n.ExprTest        Term: Z(1(#)) 
203339     INFO  Test worker     d.u.i.k.n.KeyIO           Parsing took 7 ms 
203340     INFO  Test worker     d.u.i.k.n.KeyIO           MODE: declarations took 0 ms 
203344     INFO  Test worker     d.u.i.k.n.ExprTest        Term: Z(2(4(#))) 
203354     INFO  Test worker     d.u.i.k.n.KeyIO           Parsing took 7 ms 
203355     INFO  Test worker     d.u.i.k.n.KeyIO           MODE: declarations took 1 ms 
203358     INFO  Test worker     d.u.i.k.n.ExprTest        Term: Z(neglit(5(#))) 
203369     INFO  Test worker     d.u.i.k.n.KeyIO           Parsing took 7 ms 
203376     INFO  Test worker     d.u.i.k.n.KeyIO           MODE: declarations took 1 ms 
203381     INFO  Test worker     d.u.i.k.n.ExprTest        Term: equals(add(Z(1(#)),Z(1(#))),Z(2(#))) 
203391     INFO  Test worker     d.u.i.k.n.KeyIO           Parsing took 7 ms 
203392     INFO  Test worker     d.u.i.k.n.KeyIO           MODE: declarations took 1 ms 
203397     INFO  Test worker     d.u.i.k.n.ExprTest        Term: if-then-else(equals(Z(3(#)),Z(4(#))),Z(1(#)),Z(2(#))) 
203407     INFO  Test worker     d.u.i.k.n.KeyIO           Parsing took 7 ms 
203408     INFO  Test worker     d.u.i.k.n.KeyIO           MODE: declarations took 1 ms 
203411     INFO  Test worker     d.u.i.k.n.ExprTest        Term: if-then-else(and(equals(Z(3(#)),Z(4(#))),equals(Z(1(#)),Z(1(#)))),if-then-else(equals(Z(3(#)),Z(4(#))),Z(1(#)),Z(2(#))),Z(2(#))) 
203420     INFO  Test worker     d.u.i.k.n.KeyIO           Parsing took 7 ms 
203421     INFO  Test worker     d.u.i.k.n.KeyIO           MODE: declarations took 1 ms 
203424     INFO  Test worker     d.u.i.k.n.ExprTest        Term: add(aa,mul(bb,cc)) 
203437     INFO  Test worker     d.u.i.k.n.KeyIO           Parsing took 7 ms 
203438     INFO  Test worker     d.u.i.k.n.KeyIO           MODE: declarations took 0 ms 
203442     INFO  Test worker     d.u.i.k.n.ExprTest        Term: lt(mul(mod(aa,bb),cc),Z(neglit(3(2(1(#)))))) 
203452     INFO  Test worker     d.u.i.k.n.KeyIO           Parsing took 7 ms 
203453     INFO  Test worker     d.u.i.k.n.KeyIO           MODE: declarations took 0 ms 
203456     INFO  Test worker     d.u.i.k.n.ExprTest        Term: all{x:int}(true) 
203465     INFO  Test worker     d.u.i.k.n.KeyIO           Parsing took 7 ms 
203466     INFO  Test worker     d.u.i.k.n.KeyIO           MODE: declarations took 0 ms 
203469     INFO  Test worker     d.u.i.k.n.ExprTest        Term: all{x:numbers}(equals(x,x)) 
203478     INFO  Test worker     d.u.i.k.n.KeyIO           Parsing took 6 ms 
203479     INFO  Test worker     d.u.i.k.n.KeyIO           MODE: declarations took 0 ms 
203482     INFO  Test worker     d.u.i.k.n.ExprTest        Term: add(int::cast(Z(3(#))),Z(2(#))) 
203494     INFO  Test worker     d.u.i.k.n.KeyIO           Parsing took 7 ms 
203495     INFO  Test worker     d.u.i.k.n.KeyIO           MODE: declarations took 1 ms 
203498     INFO  Test worker     d.u.i.k.n.ExprTest        Term: equals(addFloat(FP(6(1(2(3(5(3(5(6(0(1(#))))))))))),FP(6(1(2(3(5(3(5(6(0(1(#)))))))))))),mulFloat(FP(4(2(8(1(4(7(3(7(0(1(#))))))))))),subFloat(FP(4(2(8(1(4(7(3(7(0(1(#))))))))))),FP(6(1(2(3(5(3(5(6(0(1(#)))))))))))))) 
203507     INFO  Test worker     d.u.i.k.n.KeyIO           Parsing took 7 ms 
203509     INFO  Test worker     d.u.i.k.n.KeyIO           MODE: declarations took 1 ms 
203512     INFO  Test worker     d.u.i.k.n.ExprTest        Term: leqDouble(addDouble(DFP(8(0(4(7(1(0(0(0(8(8(1(4(2(8(1(7(0(6(4(#)))))))))))))))))))),DFP(8(0(4(7(1(0(0(0(8(8(1(4(2(8(1(7(0(6(4(#))))))))))))))))))))),mulDouble(DFP(4(8(7(6(0(0(2(8(9(0(9(8(0(4(2(1(4(6(4(#)))))))))))))))))))),DFP(5(7(6(7(8(0(4(0(3(9(2(2(8(1(9(6(7(5(4(#)))))))))))))))))))))) 
203522     INFO  Test worker     d.u.i.k.n.KeyIO           Parsing took 7 ms 
203524     INFO  Test worker     d.u.i.k.n.KeyIO           MODE: declarations took 1 ms 
203527     INFO  Test worker     d.u.i.k.n.ExprTest        Term: leqFloat(FP(6(1(2(3(5(3(5(6(0(1(#))))))))))),FP(4(2(8(1(4(7(3(7(0(1(#)))))))))))) 
203537     INFO  Test worker     d.u.i.k.n.KeyIO           Parsing took 7 ms 
203538     INFO  Test worker     d.u.i.k.n.KeyIO           MODE: declarations took 1 ms 
203540     INFO  Test worker     d.u.i.k.n.ExprTest        Term: gtDouble(DFP(4(0(9(7(8(3(7(2(4(8(1(0(6(8(6(1(1(6(4(#)))))))))))))))))))),DFP(8(0(4(7(1(0(0(0(8(8(1(4(2(8(1(7(0(6(4(#))))))))))))))))))))) 
203550     INFO  Test worker     d.u.i.k.n.KeyIO           Parsing took 7 ms 
203552     INFO  Test worker     d.u.i.k.n.KeyIO           MODE: declarations took 1 ms 
203554     INFO  Test worker     d.u.i.k.n.ExprTest        Term: seqConcat(seqEmpty,seqEmpty) 
]]></system-out>
  <system-err><![CDATA[]]></system-err>
</testsuite>
