<?xml version="1.0" encoding="UTF-8"?>
<testsuite name="de.uka.ilkd.key.taclettranslation.TestTacletTranslator" tests="5" skipped="0" failures="0" errors="0" timestamp="2023-04-13T13:33:42" hostname="fv-az268-336" time="0.007">
  <properties/>
  <testcase name="testPropositional1()" classname="de.uka.ilkd.key.taclettranslation.TestTacletTranslator" time="0.003"/>
  <testcase name="testPropositional2()" classname="de.uka.ilkd.key.taclettranslation.TestTacletTranslator" time="0.001"/>
  <testcase name="testNegativePolarity()" classname="de.uka.ilkd.key.taclettranslation.TestTacletTranslator" time="0.001"/>
  <testcase name="testNoPolarity()" classname="de.uka.ilkd.key.taclettranslation.TestTacletTranslator" time="0.001"/>
  <testcase name="testPositivePolarity()" classname="de.uka.ilkd.key.taclettranslation.TestTacletTranslator" time="0.001"/>
  <system-out><![CDATA[819570     INFO  Test worker     d.u.i.k.n.KeyIO           Parsing took 0 ms 
819570     INFO  Test worker     d.u.i.k.n.KeyIO           MODE: declarations took 0 ms 
819573     INFO  Test worker     d.u.i.k.n.KeyIO           Parsing took 0 ms 
819573     INFO  Test worker     d.u.i.k.n.KeyIO           MODE: declarations took 0 ms 
819574     INFO  Test worker     d.u.i.k.n.KeyIO           Parsing took 0 ms 
819575     INFO  Test worker     d.u.i.k.n.KeyIO           MODE: declarations took 1 ms 
819576     INFO  Test worker     d.u.i.k.n.KeyIO           Parsing took 0 ms 
819576     INFO  Test worker     d.u.i.k.n.KeyIO           MODE: declarations took 0 ms 
819577     INFO  Test worker     d.u.i.k.n.KeyIO           Parsing took 0 ms 
819577     INFO  Test worker     d.u.i.k.n.KeyIO           MODE: declarations took 0 ms 
]]></system-out>
  <system-err><![CDATA[]]></system-err>
</testsuite>
