<?xml version="1.0" encoding="UTF-8"?>
<testsuite name="de.uka.ilkd.key.testcase.smt.testgen.TestTestgen" tests="1" skipped="0" failures="0" errors="0" timestamp="2023-05-02T15:23:43" hostname="fv-az553-779" time="4.007">
  <properties/>
  <testcase name="testMiddle()" classname="de.uka.ilkd.key.testcase.smt.testgen.TestTestgen" time="4.007"/>
  <system-out><![CDATA[14305      WARN  Test worker     d.u.i.k.t.s.t.TestTestgen Warning: Z3_CE is not installed, tests skipped. 
14305      WARN  Test worker     d.u.i.k.t.s.t.TestTestgen Maybe use JVM system property "z3SolverPath" to define the path to the Z3 command. 
14305      INFO  Test worker     d.u.i.k.p.i.AbstractProblemLoader Loading environment from src\test\resources\testcase\smt\tg\middle.key 
14305      DEBUG Test worker     d.u.i.k.p.i.AbstractProblemLoader Environment load took 286.2ns 
14305      INFO  Test worker     d.u.i.k.p.i.AbstractProblemLoader Creating init config 
17666      DEBUG Test worker     d.u.i.k.p.i.AbstractProblemLoader Init config took 3.36s 
17791      INFO  Test worker     d.u.i.k.p.i.AbstractProblemLoader Replaying proof Middle[Middle::middle(int,int,int)].JML normal_behavior operation contract.0 
17791      DEBUG Test worker     d.u.i.k.p.i.IntermediateProofReplayer Proof replay took 17.9ns 
]]></system-out>
  <system-err><![CDATA[]]></system-err>
</testsuite>
