<?xml version="1.0" encoding="UTF-8"?>
<testsuite name="recoder.testsuite.basic.analysis.TypeXReferenceCompletenessTest" tests="1" skipped="0" failures="0" errors="0" timestamp="2023-04-05T13:46:04" hostname="fv-az440-149" time="0.004">
  <properties/>
  <testcase name="testTypeXReferenceCompleteness" classname="recoder.testsuite.basic.analysis.TypeXReferenceCompletenessTest" time="0.004"/>
  <system-out><![CDATA[]]></system-out>
  <system-err><![CDATA[]]></system-err>
</testsuite>
