<?xml version="1.0" encoding="UTF-8"?>
<testsuite name="recoder.testsuite.basic.analysis.PackageXReferenceCompletenessTest" tests="1" skipped="0" failures="0" errors="0" timestamp="2023-05-01T21:31:23" hostname="fv-az593-968" time="0.009">
  <properties/>
  <testcase name="testPackageXReferenceCompleteness" classname="recoder.testsuite.basic.analysis.PackageXReferenceCompletenessTest" time="0.009"/>
  <system-out><![CDATA[]]></system-out>
  <system-err><![CDATA[]]></system-err>
</testsuite>
