<?xml version="1.0" encoding="UTF-8"?>
<testsuite name="recoder.testsuite.basic.analysis.MemberXReferenceCompletenessTest" tests="1" skipped="0" failures="0" errors="0" timestamp="2023-04-05T09:37:10" hostname="fv-az842-22" time="0.001">
  <properties/>
  <testcase name="testMemberXReferenceCompletenessTest" classname="recoder.testsuite.basic.analysis.MemberXReferenceCompletenessTest" time="0.001"/>
  <system-out><![CDATA[]]></system-out>
  <system-err><![CDATA[]]></system-err>
</testsuite>
