<?xml version="1.0" encoding="UTF-8"?>
<testsuite name="de.uka.ilkd.key.util.removegenerics.TestTypeReference" tests="9" skipped="0" failures="0" errors="0" timestamp="2023-04-06T18:07:51" hostname="fv-az1028-301" time="0.045">
  <properties/>
  <testcase name="testTypeVariableArray()" classname="de.uka.ilkd.key.util.removegenerics.TestTypeReference" time="0.004"/>
  <testcase name="testQualifiedBound()" classname="de.uka.ilkd.key.util.removegenerics.TestTypeReference" time="0.004"/>
  <testcase name="testExtendsAndImplementsReference()" classname="de.uka.ilkd.key.util.removegenerics.TestTypeReference" time="0.003"/>
  <testcase name="testCastToTV()" classname="de.uka.ilkd.key.util.removegenerics.TestTypeReference" time="0.002"/>
  <testcase name="testTypeVariable()" classname="de.uka.ilkd.key.util.removegenerics.TestTypeReference" time="0.001"/>
  <testcase name="testLocVar()" classname="de.uka.ilkd.key.util.removegenerics.TestTypeReference" time="0.004"/>
  <testcase name="testVariableDeclaration()" classname="de.uka.ilkd.key.util.removegenerics.TestTypeReference" time="0.006"/>
  <testcase name="testFieldType()" classname="de.uka.ilkd.key.util.removegenerics.TestTypeReference" time="0.002"/>
  <testcase name="testConstructor()" classname="de.uka.ilkd.key.util.removegenerics.TestTypeReference" time="0.003"/>
  <system-out><![CDATA[]]></system-out>
  <system-err><![CDATA[]]></system-err>
</testsuite>
