<?xml version="1.0" encoding="UTF-8"?>
<testsuite name="de.uka.ilkd.key.testcase.smt.testgen.TestTestgen" tests="1" skipped="0" failures="0" errors="0" timestamp="2023-05-15T07:11:10" hostname="fv-az277-519" time="5.777">
  <properties/>
  <testcase name="testMiddle()" classname="de.uka.ilkd.key.testcase.smt.testgen.TestTestgen" time="5.777"/>
  <system-out><![CDATA[17806      WARN  Test worker     d.u.i.k.t.s.t.TestTestgen Warning: Z3_CE is not installed, tests skipped. 
17806      WARN  Test worker     d.u.i.k.t.s.t.TestTestgen Maybe use JVM system property "z3SolverPath" to define the path to the Z3 command. 
17806      INFO  Test worker     d.u.i.k.p.i.AbstractProblemLoader Loading environment from src\test\resources\testcase\smt\tg\middle.key 
17806      DEBUG Test worker     d.u.i.k.p.i.AbstractProblemLoader Environment load took 318.9ns 
17806      INFO  Test worker     d.u.i.k.p.i.AbstractProblemLoader Creating init config 
22689      DEBUG Test worker     d.u.i.k.p.i.AbstractProblemLoader Init config took 4.88s 
22845      INFO  Test worker     d.u.i.k.p.i.AbstractProblemLoader Replaying proof Middle[Middle::middle(int,int,int)].JML normal_behavior operation contract.0 
22845      DEBUG Test worker     d.u.i.k.p.i.IntermediateProofReplayer Proof replay took 18.7ns 
]]></system-out>
  <system-err><![CDATA[]]></system-err>
</testsuite>
