<?xml version="1.0" encoding="UTF-8"?>
<testsuite name="de.uka.ilkd.key.gui.plugins.javac.JavaCompilerCheckFacadeTest" tests="1" skipped="0" failures="0" errors="0" timestamp="2023-04-04T10:50:17" hostname="fv-az221-216" time="0.732">
  <properties/>
  <testcase name="compile1()" classname="de.uka.ilkd.key.gui.plugins.javac.JavaCompilerCheckFacadeTest" time="0.732"/>
  <system-out><![CDATA[/home/runner/work/key/key/key.ui/examples/firstTouch/06-BinarySearch/src
10:50:17,329 |-INFO in ch.qos.logback.classic.LoggerContext[default] - This is logback-classic version 1.4.6
10:50:17,343 |-INFO in ch.qos.logback.classic.LoggerContext[default] - Could NOT find resource [logback-test.xml]
10:50:17,346 |-INFO in ch.qos.logback.classic.LoggerContext[default] - Found resource [logback.xml] at [file:/home/runner/work/key/key/key.ui/build/resources/test/logback.xml]
10:50:17,346 |-WARN in ch.qos.logback.classic.util.DefaultJoranConfigurator@2d1dee39 - Resource [logback.xml] occurs multiple times on the classpath.
10:50:17,347 |-WARN in ch.qos.logback.classic.util.DefaultJoranConfigurator@2d1dee39 - Resource [logback.xml] occurs at [file:/home/runner/work/key/key/key.ui/build/resources/test/logback.xml]
10:50:17,347 |-WARN in ch.qos.logback.classic.util.DefaultJoranConfigurator@2d1dee39 - Resource [logback.xml] occurs at [jar:file:/home/runner/work/key/key/key.ui/build/libs/key.ui-2.11.0.jar!/logback.xml]
10:50:17,347 |-WARN in ch.qos.logback.classic.util.DefaultJoranConfigurator@2d1dee39 - Resource [logback.xml] occurs at [file:/home/runner/work/key/key/key.ui/build/resources/main/logback.xml]
10:50:17,414 |-INFO in ch.qos.logback.core.model.processor.AppenderModelHandler - Processing appender named [STDOUT]
10:50:17,414 |-INFO in ch.qos.logback.core.model.processor.AppenderModelHandler - About to instantiate appender of type [ch.qos.logback.core.ConsoleAppender]
10:50:17,419 |-WARN in ch.qos.logback.core.model.processor.ImplicitModelHandler - Ignoring unknown property [file] in [ch.qos.logback.core.ConsoleAppender]
10:50:17,419 |-WARN in ch.qos.logback.core.model.processor.ImplicitModelHandler - Ignoring unknown property [append] in [ch.qos.logback.core.ConsoleAppender]
10:50:17,419 |-INFO in ch.qos.logback.core.model.processor.ImplicitModelHandler - Assuming default type [ch.qos.logback.classic.encoder.PatternLayoutEncoder] for [encoder] property
10:50:17,431 |-INFO in ch.qos.logback.classic.model.processor.RootLoggerModelHandler - Setting level of ROOT logger to WARN
10:50:17,432 |-INFO in ch.qos.logback.core.model.processor.AppenderRefModelHandler - Attaching appender named [STDOUT] to Logger[ROOT]
10:50:17,432 |-INFO in ch.qos.logback.core.model.processor.DefaultProcessor@48d5f34e - End of configuration.
10:50:17,432 |-INFO in ch.qos.logback.classic.joran.JoranConfigurator@fc258b1 - Registering current configuration as safe fallback point

]]></system-out>
  <system-err><![CDATA[]]></system-err>
</testsuite>
