<?xml version="1.0" encoding="UTF-8"?>
<testsuite name="de.uka.ilkd.key.symbolic_execution.testcase.util.TestDefaultEntry" tests="1" skipped="0" failures="0" errors="0" timestamp="2023-01-31T08:00:34" hostname="fv-az461-729" time="0.0">
  <properties/>
  <testcase name="testGetterAndSetter()" classname="de.uka.ilkd.key.symbolic_execution.testcase.util.TestDefaultEntry" time="0.0"/>
  <system-out><![CDATA[]]></system-out>
  <system-err><![CDATA[]]></system-err>
</testsuite>
