<?xml version="1.0" encoding="UTF-8"?>
<testsuite name="de.uka.ilkd.key.symbolic_execution.testcase.strategy.TestLineBreakpointStopConditionSimpleWithHitCount" tests="1" skipped="0" failures="0" errors="0" timestamp="2023-01-31T07:58:24" hostname="fv-az461-729" time="3.91">
  <properties/>
  <testcase name="testBreakpointStopCondition()" classname="de.uka.ilkd.key.symbolic_execution.testcase.strategy.TestLineBreakpointStopConditionSimpleWithHitCount" time="3.91"/>
  <system-out><![CDATA[]]></system-out>
  <system-err><![CDATA[]]></system-err>
</testsuite>
