<?xml version="1.0" encoding="UTF-8"?>
<testsuite name="de.uka.ilkd.key.java.recoderext.TestEnumClassDeclaration" tests="3" skipped="0" failures="0" errors="0" timestamp="2023-03-03T21:16:10" hostname="fv-az445-226" time="0.015">
  <properties/>
  <testcase name="testTwo()" classname="de.uka.ilkd.key.java.recoderext.TestEnumClassDeclaration" time="0.007"/>
  <testcase name="test2Constr()" classname="de.uka.ilkd.key.java.recoderext.TestEnumClassDeclaration" time="0.003"/>
  <testcase name="testSimple()" classname="de.uka.ilkd.key.java.recoderext.TestEnumClassDeclaration" time="0.003"/>
  <system-out><![CDATA[]]></system-out>
  <system-err><![CDATA[]]></system-err>
</testsuite>
