<?xml version="1.0" encoding="UTF-8"?>
<testsuite name="de.uka.ilkd.key.testcase.smt.testgen.TestTestgen" tests="1" skipped="0" failures="0" errors="0" timestamp="2023-04-25T07:58:03" hostname="fv-az319-386" time="4.879">
  <properties/>
  <testcase name="testMiddle()" classname="de.uka.ilkd.key.testcase.smt.testgen.TestTestgen" time="4.879"/>
  <system-out><![CDATA[15833      WARN  Test worker     d.u.i.k.t.s.t.TestTestgen Warning: Z3_CE is not installed, tests skipped. 
15833      WARN  Test worker     d.u.i.k.t.s.t.TestTestgen Maybe use JVM system property "z3SolverPath" to define the path to the Z3 command. 
15833      INFO  Test worker     d.u.i.k.p.i.AbstractProblemLoader Loading environment from src\test\resources\testcase\smt\tg\middle.key 
15833      DEBUG Test worker     d.u.i.k.p.i.AbstractProblemLoader Environment load took 260.9ns 
15849      INFO  Test worker     d.u.i.k.p.i.AbstractProblemLoader Creating init config 
19929      DEBUG Test worker     d.u.i.k.p.i.AbstractProblemLoader Init config took 4.08s 
20069      INFO  Test worker     d.u.i.k.p.i.AbstractProblemLoader Replaying proof Middle[Middle::middle(int,int,int)].JML normal_behavior operation contract.0 
20085      DEBUG Test worker     d.u.i.k.p.i.IntermediateProofReplayer Proof replay took 17.7ns 
]]></system-out>
  <system-err><![CDATA[]]></system-err>
</testsuite>
