<?xml version="1.0" encoding="UTF-8"?>
<testsuite name="org.key_project.slicing.EndToEndTests" tests="11" skipped="0" failures="0" errors="0" timestamp="2023-04-03T10:45:58" hostname="fv-az166-968" time="203.75">
  <properties/>
  <testcase name="sliceIfThenElseSplit()" classname="org.key_project.slicing.EndToEndTests" time="45.128"/>
  <testcase name="deduplicateChecksMergabilityCorrectly()" classname="org.key_project.slicing.EndToEndTests" time="6.959"/>
  <testcase name="sliceDuplicatesAway()" classname="org.key_project.slicing.EndToEndTests" time="27.718"/>
  <testcase name="sliceMultipleIterations()" classname="org.key_project.slicing.EndToEndTests" time="51.7"/>
  <testcase name="sliceDuplicatesAwayOpenGoals()" classname="org.key_project.slicing.EndToEndTests" time="28.224"/>
  <testcase name="sliceCutExample()" classname="org.key_project.slicing.EndToEndTests" time="6.999"/>
  <testcase name="sliceAgathaWithOpenGoal()" classname="org.key_project.slicing.EndToEndTests" time="6.98"/>
  <testcase name="sliceSimpleSMT()" classname="org.key_project.slicing.EndToEndTests" time="0.001"/>
  <testcase name="sliceWithOpenGoal()" classname="org.key_project.slicing.EndToEndTests" time="13.974"/>
  <testcase name="sliceAgatha()" classname="org.key_project.slicing.EndToEndTests" time="6.978"/>
  <testcase name="sliceJavaProof()" classname="org.key_project.slicing.EndToEndTests" time="9.086"/>
  <system-out><![CDATA[loading /home/runner/work/key/key/keyext.slicing/src/test/resources/testcase/ifThenElseSplit.proof
[10:45:58.104] ?[31mWARN ?[0;39m ?[36mProofIndependentSettings?[0;39m - The settings in /home/runner/.key/proofIndependentSettings.props are *not* read due to flag 'key.disregardSettings'
[10:45:58.220] ?[31mWARN ?[0;39m ?[36mProofSettings?[0;39m - The settings in /home/runner/.key/proof-settings.props are *not* read.
[10:46:08.743] ?[34mINFO ?[0;39m ?[36mKeyStrokeSettings?[0;39m - Save keyboard shortcuts to: /home/runner/.key/keystrokes.properties
loading /home/runner/work/key/key/keyext.slicing/src/test/resources/testcase/ifThenElseSplit.proof
[10:46:16.911] ?[34mINFO ?[0;39m ?[36mDependencyAnalyzer?[0;39m - merging 2 and 3
loading /tmp/KeYslice14187978660439274702/ifThenElseSplit_slice1.proof
[10:46:24.306] ?[34mINFO ?[0;39m ?[36mDependencyAnalyzer?[0;39m - merging 3 and 4
loading /tmp/KeYslice10764314312362542015/ifThenElseSplit_slice2.proof
[10:46:31.469] ?[34mINFO ?[0;39m ?[36mDependencyAnalyzer?[0;39m - merging 4 and 5
loading /tmp/KeYslice9857403236011515954/ifThenElseSplit_slice3.proof
[10:46:38.459] ?[34mINFO ?[0;39m ?[36mDependencyAnalyzer?[0;39m - merging 5 and 6
loading /home/runner/work/key/key/keyext.slicing/src/test/resources/testcase/deduplicateCheck4.proof
loading /home/runner/work/key/key/keyext.slicing/src/test/resources/testcase/exampleDuplicate.proof
[10:46:52.423] ?[34mINFO ?[0;39m ?[36mDependencyAnalyzer?[0;39m - merging 2 and 3
loading /tmp/KeYslice15054432158527948119/exampleDuplicate_slice1.proof
[10:46:59.386] ?[34mINFO ?[0;39m ?[36mDependencyAnalyzer?[0;39m - merging 3 and 4
loading /tmp/KeYslice2718833724235216834/exampleDuplicate_slice2.proof
[10:47:06.269] ?[34mINFO ?[0;39m ?[36mDependencyAnalyzer?[0;39m - merging 4 and 5
loading /tmp/KeYslice4625570864291275337/exampleDuplicate_slice3.proof
loading /home/runner/work/key/key/keyext.slicing/src/test/resources/testcase/../../../../../key.ui/examples/firstTouch/05-ReverseArray/reverseArray.proof
[10:47:22.465] ?[34mINFO ?[0;39m ?[36mDependencyAnalyzer?[0;39m - merging 1354 and 4678
[10:47:22.475] ?[34mINFO ?[0;39m ?[36mDependencyAnalyzer?[0;39m - merging 1010 and 4663
[10:47:22.504] ?[34mINFO ?[0;39m ?[36mDependencyAnalyzer?[0;39m - merging 3958 and 4306
[10:47:22.505] ?[34mINFO ?[0;39m ?[36mDependencyAnalyzer?[0;39m - merging 2591 and 3795
loading /tmp/KeYslice17840882353873677744/reverseArray_slice1.proof
[10:47:33.162] ?[34mINFO ?[0;39m ?[36mDependencyAnalyzer?[0;39m - merging 880 and 3473
[10:47:33.164] ?[34mINFO ?[0;39m ?[36mDependencyAnalyzer?[0;39m - merging 2219 and 2914
[10:47:33.180] ?[34mINFO ?[0;39m ?[36mDependencyAnalyzer?[0;39m - merging 1281 and 3384
[10:47:33.189] ?[34mINFO ?[0;39m ?[36mDependencyAnalyzer?[0;39m - merging 2973 and 3148
[10:47:33.195] ?[34mINFO ?[0;39m ?[36mDependencyAnalyzer?[0;39m - merging 947 and 3782
[10:47:33.200] ?[34mINFO ?[0;39m ?[36mDependencyAnalyzer?[0;39m - merging 879 and 3479
[10:47:33.208] ?[34mINFO ?[0;39m ?[36mDependencyAnalyzer?[0;39m - merging 943 and 3370
loading /tmp/KeYslice11652536753991139272/reverseArray_slice2.proof
[10:47:43.396] ?[34mINFO ?[0;39m ?[36mDependencyAnalyzer?[0;39m - merging 2973 and 3147
[10:47:43.399] ?[34mINFO ?[0;39m ?[36mDependencyAnalyzer?[0;39m - merging 2220 and 2914
[10:47:43.404] ?[34mINFO ?[0;39m ?[36mDependencyAnalyzer?[0;39m - merging 1301 and 3381
[10:47:43.407] ?[34mINFO ?[0;39m ?[36mDependencyAnalyzer?[0;39m - merging 781 and 3554
[10:47:43.411] ?[34mINFO ?[0;39m ?[36mDependencyAnalyzer?[0;39m - merging 882 and 3474
[10:47:43.413] ?[34mINFO ?[0;39m ?[36mDependencyAnalyzer?[0;39m - merging 946 and 3368
[10:47:43.414] ?[34mINFO ?[0;39m ?[36mDependencyAnalyzer?[0;39m - merging 782 and 3569
[10:47:43.421] ?[34mINFO ?[0;39m ?[36mDependencyAnalyzer?[0;39m - merging 883 and 3469
[10:47:43.426] ?[34mINFO ?[0;39m ?[36mDependencyAnalyzer?[0;39m - merging 949 and 3776
loading /tmp/KeYslice16393818855808720878/reverseArray_slice3.proof
[10:47:53.238] ?[34mINFO ?[0;39m ?[36mDependencyAnalyzer?[0;39m - merging 885 and 3469
[10:47:53.241] ?[34mINFO ?[0;39m ?[36mDependencyAnalyzer?[0;39m - merging 2973 and 3146
[10:47:53.243] ?[34mINFO ?[0;39m ?[36mDependencyAnalyzer?[0;39m - merging 785 and 3548
[10:47:53.245] ?[34mINFO ?[0;39m ?[36mDependencyAnalyzer?[0;39m - merging 886 and 3465
[10:47:53.246] ?[34mINFO ?[0;39m ?[36mDependencyAnalyzer?[0;39m - merging 756 and 3651
[10:47:53.247] ?[34mINFO ?[0;39m ?[36mDependencyAnalyzer?[0;39m - merging 784 and 3562
[10:47:53.251] ?[34mINFO ?[0;39m ?[36mDependencyAnalyzer?[0;39m - merging 1302 and 3378
[10:47:53.253] ?[34mINFO ?[0;39m ?[36mDependencyAnalyzer?[0;39m - merging 1296 and 3803
[10:47:53.255] ?[34mINFO ?[0;39m ?[36mDependencyAnalyzer?[0;39m - merging 757 and 3657
[10:47:53.266] ?[34mINFO ?[0;39m ?[36mDependencyAnalyzer?[0;39m - merging 1285 and 3379
[10:47:53.267] ?[34mINFO ?[0;39m ?[36mDependencyAnalyzer?[0;39m - merging 2221 and 2914
loading /tmp/KeYslice6927289702595783684/reverseArray_slice4.proof
[10:48:03.054] ?[34mINFO ?[0;39m ?[36mDependencyAnalyzer?[0;39m - merging 1298 and 3793
[10:48:03.057] ?[34mINFO ?[0;39m ?[36mDependencyAnalyzer?[0;39m - merging 622 and 3786
[10:48:03.059] ?[34mINFO ?[0;39m ?[36mDependencyAnalyzer?[0;39m - merging 2973 and 3145
[10:48:03.063] ?[34mINFO ?[0;39m ?[36mDependencyAnalyzer?[0;39m - merging 787 and 3555
[10:48:03.066] ?[34mINFO ?[0;39m ?[36mDependencyAnalyzer?[0;39m - merging 1396 and 3388
[10:48:03.073] ?[34mINFO ?[0;39m ?[36mDependencyAnalyzer?[0;39m - merging 788 and 3542
[10:48:03.076] ?[34mINFO ?[0;39m ?[36mDependencyAnalyzer?[0;39m - merging 889 and 3465
[10:48:03.079] ?[34mINFO ?[0;39m ?[36mDependencyAnalyzer?[0;39m - merging 1288 and 3376
[10:48:03.084] ?[34mINFO ?[0;39m ?[36mDependencyAnalyzer?[0;39m - merging 888 and 3464
[10:48:03.088] ?[34mINFO ?[0;39m ?[36mDependencyAnalyzer?[0;39m - merging 2222 and 2914
[10:48:03.090] ?[34mINFO ?[0;39m ?[36mDependencyAnalyzer?[0;39m - merging 759 and 3643
[10:48:03.091] ?[34mINFO ?[0;39m ?[36mDependencyAnalyzer?[0;39m - merging 760 and 3648
loading /home/runner/work/key/key/keyext.slicing/src/test/resources/testcase/exampleDuplicateOpen.proof
[10:48:11.851] ?[34mINFO ?[0;39m ?[36mDependencyAnalyzer?[0;39m - merging 2 and 3
loading /tmp/KeYslice14848587866199672816/exampleDuplicateOpen_slice1.proof
[10:48:19.016] ?[34mINFO ?[0;39m ?[36mDependencyAnalyzer?[0;39m - merging 3 and 4
loading /tmp/KeYslice13225377466930240183/exampleDuplicateOpen_slice2.proof
[10:48:26.092] ?[34mINFO ?[0;39m ?[36mDependencyAnalyzer?[0;39m - merging 4 and 5
loading /tmp/KeYslice912296138599220936/exampleDuplicateOpen_slice3.proof
loading /home/runner/work/key/key/keyext.slicing/src/test/resources/testcase/cutExample.proof
loading /home/runner/work/key/key/keyext.slicing/src/test/resources/testcase/agathaOpenGoal.proof
loading /home/runner/work/key/key/keyext.slicing/src/test/resources/testcase/openGoal1.proof
loading /home/runner/work/key/key/keyext.slicing/src/test/resources/testcase/openGoal2.proof
loading /home/runner/work/key/key/keyext.slicing/src/test/resources/testcase/agatha.proof
loading /home/runner/work/key/key/keyext.slicing/src/test/resources/testcase/../../../../../key.ui/examples/heap/verifyThis15_2_ParallelGcd/parallelGcd.proof
]]></system-out>
  <system-err><![CDATA[]]></system-err>
</testsuite>
