<?xml version="1.0" encoding="UTF-8"?>
<testsuite name="de.uka.ilkd.key.testcase.smt.testgen.TestTestgen" tests="1" skipped="0" failures="0" errors="0" timestamp="2023-05-26T22:07:53" hostname="fv-az218-883" time="4.32">
  <properties/>
  <testcase name="testMiddle()" classname="de.uka.ilkd.key.testcase.smt.testgen.TestTestgen" time="4.32"/>
  <system-out><![CDATA[14078      WARN  Test worker     d.u.i.k.t.s.t.TestTestgen Warning: Z3_CE is not installed, tests skipped. 
14079      WARN  Test worker     d.u.i.k.t.s.t.TestTestgen Maybe use JVM system property "z3SolverPath" to define the path to the Z3 command. 
14080      INFO  Test worker     d.u.i.k.p.i.AbstractProblemLoader Loading environment from src/test/resources/testcase/smt/tg/middle.key 
14080      DEBUG Test worker     d.u.i.k.p.i.AbstractProblemLoader Environment load took 163.2ns 
14082      INFO  Test worker     d.u.i.k.p.i.AbstractProblemLoader Creating init config 
17641      DEBUG Test worker     d.u.i.k.p.i.AbstractProblemLoader Init config took 3.56s 
17719      INFO  Test worker     d.u.i.k.p.i.AbstractProblemLoader Replaying proof Middle[Middle::middle(int,int,int)].JML normal_behavior operation contract.0 
17722      DEBUG Test worker     d.u.i.k.p.i.IntermediateProofReplayer Proof replay took 13.3ns 
]]></system-out>
  <system-err><![CDATA[]]></system-err>
</testsuite>
