<?xml version="1.0" encoding="UTF-8"?>
<testsuite name="org.key_project.util.testcase.java.ArrayUtilTest" tests="24" skipped="0" failures="0" errors="0" timestamp="2023-02-08T22:43:16" hostname="fv-az363-679" time="0.04">
  <properties/>
  <testcase name="testIndexOf_Comparator()" classname="org.key_project.util.testcase.java.ArrayUtilTest" time="0.002"/>
  <testcase name="testToString_Object()" classname="org.key_project.util.testcase.java.ArrayUtilTest" time="0.0"/>
  <testcase name="testGetFirst()" classname="org.key_project.util.testcase.java.ArrayUtilTest" time="0.001"/>
  <testcase name="testAdd_int()" classname="org.key_project.util.testcase.java.ArrayUtilTest" time="0.001"/>
  <testcase name="testAddAll_newType()" classname="org.key_project.util.testcase.java.ArrayUtilTest" time="0.0"/>
  <testcase name="testGetLast()" classname="org.key_project.util.testcase.java.ArrayUtilTest" time="0.0"/>
  <testcase name="testGetPrevious()" classname="org.key_project.util.testcase.java.ArrayUtilTest" time="0.001"/>
  <testcase name="testContains()" classname="org.key_project.util.testcase.java.ArrayUtilTest" time="0.0"/>
  <testcase name="testToString_int_String()" classname="org.key_project.util.testcase.java.ArrayUtilTest" time="0.001"/>
  <testcase name="testAdd_Object()" classname="org.key_project.util.testcase.java.ArrayUtilTest" time="0.0"/>
  <testcase name="testRemove_Comparator()" classname="org.key_project.util.testcase.java.ArrayUtilTest" time="0.0"/>
  <testcase name="testAddAll()" classname="org.key_project.util.testcase.java.ArrayUtilTest" time="0.001"/>
  <testcase name="testIsLast_Comparator()" classname="org.key_project.util.testcase.java.ArrayUtilTest" time="0.0"/>
  <testcase name="testInsert()" classname="org.key_project.util.testcase.java.ArrayUtilTest" time="0.0"/>
  <testcase name="testIsLast()" classname="org.key_project.util.testcase.java.ArrayUtilTest" time="0.001"/>
  <testcase name="testIndexOf()" classname="org.key_project.util.testcase.java.ArrayUtilTest" time="0.005"/>
  <testcase name="testToString_int()" classname="org.key_project.util.testcase.java.ArrayUtilTest" time="0.0"/>
  <testcase name="testIsEmpty()" classname="org.key_project.util.testcase.java.ArrayUtilTest" time="0.0"/>
  <testcase name="testContains_Comparator()" classname="org.key_project.util.testcase.java.ArrayUtilTest" time="0.001"/>
  <testcase name="testRemove()" classname="org.key_project.util.testcase.java.ArrayUtilTest" time="0.006"/>
  <testcase name="testGeneratePermutations()" classname="org.key_project.util.testcase.java.ArrayUtilTest" time="0.001"/>
  <testcase name="testSearch()" classname="org.key_project.util.testcase.java.ArrayUtilTest" time="0.001"/>
  <testcase name="testToString_Object_String()" classname="org.key_project.util.testcase.java.ArrayUtilTest" time="0.0"/>
  <testcase name="testGetPrevious_Comparator()" classname="org.key_project.util.testcase.java.ArrayUtilTest" time="0.006"/>
  <system-out><![CDATA[]]></system-out>
  <system-err><![CDATA[]]></system-err>
</testsuite>
