<?xml version="1.0" encoding="UTF-8"?>
<testsuite name="org.key_project.util.testcase.java.ObjectUtilTest" tests="11" skipped="0" failures="0" errors="0" timestamp="2023-02-08T22:43:16" hostname="fv-az363-679" time="0.023">
  <properties/>
  <testcase name="testGetClass()" classname="org.key_project.util.testcase.java.ObjectUtilTest" time="0.0"/>
  <testcase name="testToString()" classname="org.key_project.util.testcase.java.ObjectUtilTest" time="0.0"/>
  <testcase name="testFindMethod()" classname="org.key_project.util.testcase.java.ObjectUtilTest" time="0.01"/>
  <testcase name="testGetAndSet_Object_Class_String()" classname="org.key_project.util.testcase.java.ObjectUtilTest" time="0.004"/>
  <testcase name="testHashCode()" classname="org.key_project.util.testcase.java.ObjectUtilTest" time="0.0"/>
  <testcase name="testFindField()" classname="org.key_project.util.testcase.java.ObjectUtilTest" time="0.0"/>
  <testcase name="testCreateEqualsComparator()" classname="org.key_project.util.testcase.java.ObjectUtilTest" time="0.0"/>
  <testcase name="testEquals()" classname="org.key_project.util.testcase.java.ObjectUtilTest" time="0.0"/>
  <testcase name="testInvoke()" classname="org.key_project.util.testcase.java.ObjectUtilTest" time="0.001"/>
  <testcase name="testGetAndSet_Object_String()" classname="org.key_project.util.testcase.java.ObjectUtilTest" time="0.003"/>
  <testcase name="testGetAndSet_Object_Field()" classname="org.key_project.util.testcase.java.ObjectUtilTest" time="0.002"/>
  <system-out><![CDATA[]]></system-out>
  <system-err><![CDATA[]]></system-err>
</testsuite>
