<?xml version="1.0" encoding="UTF-8"?>
<testsuite name="de.uka.ilkd.key.logic.TestClashFreeSubst" tests="14" skipped="2" failures="0" errors="0" timestamp="2023-02-23T22:21:27" hostname="fv-az555-652" time="43.667">
  <properties/>
  <testcase name="testMultiShareBound()" classname="de.uka.ilkd.key.logic.TestClashFreeSubst" time="0.831"/>
  <testcase name="testClash()" classname="de.uka.ilkd.key.logic.TestClashFreeSubst" time="0.818"/>
  <testcase name="testShare()" classname="de.uka.ilkd.key.logic.TestClashFreeSubst" time="0.821"/>
  <testcase name="testSubst()" classname="de.uka.ilkd.key.logic.TestClashFreeSubst" time="0.808"/>
  <testcase name="testWary0()" classname="de.uka.ilkd.key.logic.TestClashFreeSubst" time="0.814"/>
  <testcase name="testWary1()" classname="de.uka.ilkd.key.logic.TestClashFreeSubst" time="0.804"/>
  <testcase name="testWary2()" classname="de.uka.ilkd.key.logic.TestClashFreeSubst" time="0.795"/>
  <testcase name="testClashInSubstTerm()" classname="de.uka.ilkd.key.logic.TestClashFreeSubst" time="0.804"/>
  <testcase name="testShareWary()" classname="de.uka.ilkd.key.logic.TestClashFreeSubst" time="0.811"/>
  <testcase name="testMultiSubst()" classname="de.uka.ilkd.key.logic.TestClashFreeSubst" time="0.795"/>
  <testcase name="xtestMultiClash()" classname="de.uka.ilkd.key.logic.TestClashFreeSubst" time="0.0">
    <skipped/>
  </testcase>
  <testcase name="testSubstInSubstTerm()" classname="de.uka.ilkd.key.logic.TestClashFreeSubst" time="0.794"/>
  <testcase name="testSubstWary()" classname="de.uka.ilkd.key.logic.TestClashFreeSubst" time="0.805"/>
  <testcase name="xtestMultiClash1()" classname="de.uka.ilkd.key.logic.TestClashFreeSubst" time="0.0">
    <skipped/>
  </testcase>
  <system-out><![CDATA[]]></system-out>
  <system-err><![CDATA[]]></system-err>
</testsuite>
