<?xml version="1.0" encoding="UTF-8"?>
<testsuite name="de.uka.ilkd.key.testcase.smt.testgen.TestTestgen" tests="1" skipped="0" failures="0" errors="0" timestamp="2023-06-09T11:09:39" hostname="fv-az89-575" time="5.88">
  <properties/>
  <testcase name="testMiddle()" classname="de.uka.ilkd.key.testcase.smt.testgen.TestTestgen" time="5.88"/>
  <system-out><![CDATA[20470      WARN  Test worker     d.u.i.k.t.s.t.TestTestgen Warning: Z3_CE is not installed, tests skipped. 
20470      WARN  Test worker     d.u.i.k.t.s.t.TestTestgen Maybe use JVM system property "z3SolverPath" to define the path to the Z3 command. 
20470      INFO  Test worker     d.u.i.k.p.i.AbstractProblemLoader Loading environment from src\test\resources\testcase\smt\tg\middle.key 
20470      DEBUG Test worker     d.u.i.k.p.i.AbstractProblemLoader Environment load took 306.8ns 
20470      INFO  Test worker     d.u.i.k.p.i.AbstractProblemLoader Creating init config 
25543      DEBUG Test worker     d.u.i.k.p.i.AbstractProblemLoader Init config took 5.07s 
25660      INFO  Test worker     d.u.i.k.p.i.AbstractProblemLoader Replaying proof Middle[Middle::middle(int,int,int)].JML normal_behavior operation contract.0 
25660      DEBUG Test worker     d.u.i.k.p.i.IntermediateProofReplayer Proof replay took 23.5ns 
]]></system-out>
  <system-err><![CDATA[]]></system-err>
</testsuite>
