<?xml version="1.0" encoding="UTF-8"?>
<testsuite name="de.uka.ilkd.key.proof.runallproofs.RunAllProofsFunctional" tests="34" skipped="0" failures="0" errors="0" timestamp="2023-06-10T12:36:42" hostname="fv-az396-763" time="5042.357">
  <properties/>
  <testcase name="newBook" classname="de.uka.ilkd.key.proof.runallproofs.RunAllProofsFunctional" time="58.166"/>
  <testcase name="oldBook" classname="de.uka.ilkd.key.proof.runallproofs.RunAllProofsFunctional" time="16.283"/>
  <testcase name="comprehensions" classname="de.uka.ilkd.key.proof.runallproofs.RunAllProofsFunctional" time="63.062"/>
  <testcase name="performance" classname="de.uka.ilkd.key.proof.runallproofs.RunAllProofsFunctional" time="203.565"/>
  <testcase name="performancePOConstruction" classname="de.uka.ilkd.key.proof.runallproofs.RunAllProofsFunctional" time="67.759"/>
  <testcase name="applicationRestrictions" classname="de.uka.ilkd.key.proof.runallproofs.RunAllProofsFunctional" time="48.231"/>
  <testcase name="blockContracts" classname="de.uka.ilkd.key.proof.runallproofs.RunAllProofsFunctional" time="132.52"/>
  <testcase name="jmlAsserts" classname="de.uka.ilkd.key.proof.runallproofs.RunAllProofsFunctional" time="87.679"/>
  <testcase name="javaCard" classname="de.uka.ilkd.key.proof.runallproofs.RunAllProofsFunctional" time="128.866"/>
  <testcase name="list" classname="de.uka.ilkd.key.proof.runallproofs.RunAllProofsFunctional" time="249.377"/>
  <testcase name="list_ghost" classname="de.uka.ilkd.key.proof.runallproofs.RunAllProofsFunctional" time="62.201"/>
  <testcase name="list_recursive" classname="de.uka.ilkd.key.proof.runallproofs.RunAllProofsFunctional" time="20.738"/>
  <testcase name="list_seq" classname="de.uka.ilkd.key.proof.runallproofs.RunAllProofsFunctional" time="148.688"/>
  <testcase name="observer" classname="de.uka.ilkd.key.proof.runallproofs.RunAllProofsFunctional" time="96.176"/>
  <testcase name="removeDups" classname="de.uka.ilkd.key.proof.runallproofs.RunAllProofsFunctional" time="123.677"/>
  <testcase name="quicksort" classname="de.uka.ilkd.key.proof.runallproofs.RunAllProofsFunctional" time="100.484"/>
  <testcase name="simpleTests" classname="de.uka.ilkd.key.proof.runallproofs.RunAllProofsFunctional" time="146.112"/>
  <testcase name="SmansEtAl" classname="de.uka.ilkd.key.proof.runallproofs.RunAllProofsFunctional" time="186.713"/>
  <testcase name="VACID0" classname="de.uka.ilkd.key.proof.runallproofs.RunAllProofsFunctional" time="73.289"/>
  <testcase name="VSTTE10" classname="de.uka.ilkd.key.proof.runallproofs.RunAllProofsFunctional" time="175.606"/>
  <testcase name="WeideEtAl" classname="de.uka.ilkd.key.proof.runallproofs.RunAllProofsFunctional" time="27.619"/>
  <testcase name="arithmetic" classname="de.uka.ilkd.key.proof.runallproofs.RunAllProofsFunctional" time="484.778"/>
  <testcase name="arrays" classname="de.uka.ilkd.key.proof.runallproofs.RunAllProofsFunctional" time="56.744"/>
  <testcase name="javadl" classname="de.uka.ilkd.key.proof.runallproofs.RunAllProofsFunctional" time="567.144"/>
  <testcase name="FOL" classname="de.uka.ilkd.key.proof.runallproofs.RunAllProofsFunctional" time="272.812"/>
  <testcase name="strings" classname="de.uka.ilkd.key.proof.runallproofs.RunAllProofsFunctional" time="147.702"/>
  <testcase name="simple_info_flow" classname="de.uka.ilkd.key.proof.runallproofs.RunAllProofsFunctional" time="12.56"/>
  <testcase name="modelMethods" classname="de.uka.ilkd.key.proof.runallproofs.RunAllProofsFunctional" time="174.473"/>
  <testcase name="permissionHeap" classname="de.uka.ilkd.key.proof.runallproofs.RunAllProofsFunctional" time="821.635"/>
  <testcase name="completionScopes" classname="de.uka.ilkd.key.proof.runallproofs.RunAllProofsFunctional" time="50.812"/>
  <testcase name="reload_examples" classname="de.uka.ilkd.key.proof.runallproofs.RunAllProofsFunctional" time="38.702"/>
  <testcase name="proofLoadRepair" classname="de.uka.ilkd.key.proof.runallproofs.RunAllProofsFunctional" time="18.039"/>
  <testcase name="switch" classname="de.uka.ilkd.key.proof.runallproofs.RunAllProofsFunctional" time="59.682"/>
  <testcase name="redux" classname="de.uka.ilkd.key.proof.runallproofs.RunAllProofsFunctional" time="120.454"/>
  <system-out><![CDATA[291        INFO  Test worker     d.u.i.k.p.r.RunAllProofsTestUnit Running test newBook 
372        INFO  Timeout watchdog d.u.i.k.p.r.p.ForkedTestFileRunner Timeout watcher launched (2000 secs.) 
376        WARN  main            d.u.i.k.s.ProofSettings   No proof-settings could be loaded, using defaults java.io.FileNotFoundException: /home/runner/.key/proof-settings.props (No such file or directory)
	at java.base/java.io.FileInputStream.open0(Native Method)

410        INFO  main            d.u.i.k.p.r.p.TestFile    Now processing file /home/runner/work/key/key/key.core/../key.ui/examples/newBook/09.list_modelfield/ArrayList.add.key 
516        INFO  main            d.u.i.k.p.i.AbstractProblemLoader Loading environment from /home/runner/work/key/key/key.core/../key.ui/examples/newBook/09.list_modelfield/ArrayList.add.key 
536        DEBUG main            d.u.i.k.p.i.AbstractProblemLoader Environment load took 2.21ms 
753        INFO  main            d.u.i.k.p.i.AbstractProblemLoader Creating init config 
1600       DEBUG main            d.u.i.k.j.TypeConverter   No LDT found for Meta 
1601       DEBUG main            d.u.i.k.j.TypeConverter   No LDT found for Meta 
1603       DEBUG main            d.u.i.k.j.TypeConverter   No LDT found for Meta 
1604       DEBUG main            d.u.i.k.j.TypeConverter   No LDT found for Meta 
2888       DEBUG main            d.u.i.k.j.TypeConverter   No LDT found for JavaBigintExpression 
7884       DEBUG main            d.u.i.k.p.i.AbstractProblemLoader Init config took 7.13s 
8015       INFO  main            d.u.i.k.p.i.AbstractProblemLoader Replaying proof ArrayList[List::add(int)].JML normal_behavior operation contract.0 
8046       DEBUG main            d.u.i.k.p.i.IntermediateProofReplayer Proof replay took 31.2ns 
24847      INFO  main            d.u.i.k.p.r.p.TestFile    ... finished proof: closed. 
25117      INFO  main            d.u.i.k.p.i.AbstractProblemLoader Loading environment from /home/runner/work/key/key/key.core/../key.ui/examples/newBook/09.list_modelfield/ArrayList.add.key.proof 
25117      DEBUG main            d.u.i.k.p.i.AbstractProblemLoader Environment load took 511.8ns 
25127      INFO  main            d.u.i.k.p.i.AbstractProblemLoader Creating init config 
28027      DEBUG main            d.u.i.k.p.i.AbstractProblemLoader Init config took 2.9s 
28089      INFO  main            d.u.i.k.p.i.AbstractProblemLoader Replaying proof ArrayList[List::add(int)].JML normal_behavior operation contract.0 
28974      DEBUG main            d.u.i.k.p.i.IntermediateProofReplayer Proof replay took 814.48ms 
28986      DEBUG main            d.u.i.k.p.r.p.TestFile    ... success: reloaded. 
28989      INFO  main            d.u.i.k.p.r.p.TestFile    Now processing file /home/runner/work/key/key/key.core/../key.ui/examples/newBook/09.list_modelfield/ArrayList.remFirst.key 
28989      INFO  main            d.u.i.k.p.i.AbstractProblemLoader Loading environment from /home/runner/work/key/key/key.core/../key.ui/examples/newBook/09.list_modelfield/ArrayList.remFirst.key 
28995      DEBUG main            d.u.i.k.p.i.AbstractProblemLoader Environment load took 5.32ms 
29001      INFO  main            d.u.i.k.p.i.AbstractProblemLoader Creating init config 
31765      DEBUG main            d.u.i.k.p.i.AbstractProblemLoader Init config took 2.76s 
31826      INFO  main            d.u.i.k.p.i.AbstractProblemLoader Replaying proof ArrayList[List::remFirst()].JML normal_behavior operation contract.0 
31828      DEBUG main            d.u.i.k.p.i.IntermediateProofReplayer Proof replay took 5.5ns 
35798      INFO  main            d.u.i.k.p.r.p.TestFile    ... finished proof: closed. 
35966      INFO  main            d.u.i.k.p.i.AbstractProblemLoader Loading environment from /home/runner/work/key/key/key.core/../key.ui/examples/newBook/09.list_modelfield/ArrayList.remFirst.key.proof 
35967      DEBUG main            d.u.i.k.p.i.AbstractProblemLoader Environment load took 697.09ns 
35969      INFO  main            d.u.i.k.p.i.AbstractProblemLoader Creating init config 
38594      DEBUG main            d.u.i.k.p.i.AbstractProblemLoader Init config took 2.63s 
38645      INFO  main            d.u.i.k.p.i.AbstractProblemLoader Replaying proof ArrayList[List::remFirst()].JML normal_behavior operation contract.0 
38987      DEBUG main            d.u.i.k.p.i.IntermediateProofReplayer Proof replay took 323.28ms 
38989      DEBUG main            d.u.i.k.p.r.p.TestFile    ... success: reloaded. 
38989      INFO  main            d.u.i.k.p.r.p.TestFile    Now processing file /home/runner/work/key/key/key.core/../key.ui/examples/newBook/09.list_modelfield/ArrayList.empty.key 
38990      INFO  main            d.u.i.k.p.i.AbstractProblemLoader Loading environment from /home/runner/work/key/key/key.core/../key.ui/examples/newBook/09.list_modelfield/ArrayList.empty.key 
38990      DEBUG main            d.u.i.k.p.i.AbstractProblemLoader Environment load took 64.3ns 
38990      INFO  main            d.u.i.k.p.i.AbstractProblemLoader Creating init config 
41600      DEBUG main            d.u.i.k.p.i.AbstractProblemLoader Init config took 2.61s 
41658      INFO  main            d.u.i.k.p.i.AbstractProblemLoader Replaying proof ArrayList[List::empty()].JML normal_behavior operation contract.0 
41662      DEBUG main            d.u.i.k.p.i.IntermediateProofReplayer Proof replay took 5.8ns 
42587      INFO  main            d.u.i.k.p.r.p.TestFile    ... finished proof: closed. 
42768      INFO  main            d.u.i.k.p.i.AbstractProblemLoader Loading environment from /home/runner/work/key/key/key.core/../key.ui/examples/newBook/09.list_modelfield/ArrayList.empty.key.proof 
42768      DEBUG main            d.u.i.k.p.i.AbstractProblemLoader Environment load took 129.7ns 
42769      INFO  main            d.u.i.k.p.i.AbstractProblemLoader Creating init config 
45338      DEBUG main            d.u.i.k.p.i.AbstractProblemLoader Init config took 2.57s 
45398      INFO  main            d.u.i.k.p.i.AbstractProblemLoader Replaying proof ArrayList[List::empty()].JML normal_behavior operation contract.0 
45473      DEBUG main            d.u.i.k.p.i.IntermediateProofReplayer Proof replay took 69.18ms 
45475      DEBUG main            d.u.i.k.p.r.p.TestFile    ... success: reloaded. 
45476      INFO  main            d.u.i.k.p.r.p.TestFile    Now processing file /home/runner/work/key/key/key.core/../key.ui/examples/newBook/09.list_modelfield/ArrayList.size.key 
45476      INFO  main            d.u.i.k.p.i.AbstractProblemLoader Loading environment from /home/runner/work/key/key/key.core/../key.ui/examples/newBook/09.list_modelfield/ArrayList.size.key 
45477      DEBUG main            d.u.i.k.p.i.AbstractProblemLoader Environment load took 128.1ns 
45477      INFO  main            d.u.i.k.p.i.AbstractProblemLoader Creating init config 
48099      DEBUG main            d.u.i.k.p.i.AbstractProblemLoader Init config took 2.62s 
48144      INFO  main            d.u.i.k.p.i.AbstractProblemLoader Replaying proof ArrayList[List::size()].JML normal_behavior operation contract.0 
48145      DEBUG main            d.u.i.k.p.i.IntermediateProofReplayer Proof replay took 5.8ns 
48549      INFO  main            d.u.i.k.p.r.p.TestFile    ... finished proof: closed. 
48742      INFO  main            d.u.i.k.p.i.AbstractProblemLoader Loading environment from /home/runner/work/key/key/key.core/../key.ui/examples/newBook/09.list_modelfield/ArrayList.size.key.proof 
48742      DEBUG main            d.u.i.k.p.i.AbstractProblemLoader Environment load took 720.49ns 
48744      INFO  main            d.u.i.k.p.i.AbstractProblemLoader Creating init config 
51364      DEBUG main            d.u.i.k.p.i.AbstractProblemLoader Init config took 2.62s 
51408      INFO  main            d.u.i.k.p.i.AbstractProblemLoader Replaying proof ArrayList[List::size()].JML normal_behavior operation contract.0 
51439      DEBUG main            d.u.i.k.p.i.IntermediateProofReplayer Proof replay took 27.35ms 
51440      DEBUG main            d.u.i.k.p.r.p.TestFile    ... success: reloaded. 
51441      INFO  main            d.u.i.k.p.r.p.TestFile    Now processing file /home/runner/work/key/key/key.core/../key.ui/examples/newBook/09.list_modelfield/ArrayList.get.key 
51441      INFO  main            d.u.i.k.p.i.AbstractProblemLoader Loading environment from /home/runner/work/key/key/key.core/../key.ui/examples/newBook/09.list_modelfield/ArrayList.get.key 
51441      DEBUG main            d.u.i.k.p.i.AbstractProblemLoader Environment load took 62.6ns 
51442      INFO  main            d.u.i.k.p.i.AbstractProblemLoader Creating init config 
54056      DEBUG main            d.u.i.k.p.i.AbstractProblemLoader Init config took 2.61s 
54113      INFO  main            d.u.i.k.p.i.AbstractProblemLoader Replaying proof ArrayList[List::get(int)].JML normal_behavior operation contract.0 
54116      DEBUG main            d.u.i.k.p.i.IntermediateProofReplayer Proof replay took 5.9ns 
55124      INFO  main            d.u.i.k.p.r.p.TestFile    ... finished proof: closed. 
55299      INFO  main            d.u.i.k.p.i.AbstractProblemLoader Loading environment from /home/runner/work/key/key/key.core/../key.ui/examples/newBook/09.list_modelfield/ArrayList.get.key.proof 
55299      DEBUG main            d.u.i.k.p.i.AbstractProblemLoader Environment load took 126.8ns 
55300      INFO  main            d.u.i.k.p.i.AbstractProblemLoader Creating init config 
57822      DEBUG main            d.u.i.k.p.i.AbstractProblemLoader Init config took 2.52s 
57867      INFO  main            d.u.i.k.p.i.AbstractProblemLoader Replaying proof ArrayList[List::get(int)].JML normal_behavior operation contract.0 
57924      DEBUG main            d.u.i.k.p.i.IntermediateProofReplayer Proof replay took 52.26ms 
57925      DEBUG main            d.u.i.k.p.r.p.TestFile    ... success: reloaded. 
58450      INFO  Test worker     d.u.i.k.p.r.RunAllProofsTestUnit Returning from test newBook 
58454      INFO  Test worker     d.u.i.k.p.r.RunAllProofsTestUnit Running test oldBook 
343        INFO  Timeout watchdog d.u.i.k.p.r.p.ForkedTestFileRunner Timeout watcher launched (2000 secs.) 
349        WARN  main            d.u.i.k.s.ProofSettings   The settings in /home/runner/.key/proof-settings.props are *not* read. 
378        INFO  main            d.u.i.k.p.r.p.TestFile    Now processing file /home/runner/work/key/key/key.core/../key.ui/examples/standard_key/BookExamples/02FirstOrderLogic/Ex2.58.key 
477        INFO  main            d.u.i.k.p.i.AbstractProblemLoader Loading environment from /home/runner/work/key/key/key.core/../key.ui/examples/standard_key/BookExamples/02FirstOrderLogic/Ex2.58.key 
497        DEBUG main            d.u.i.k.p.i.AbstractProblemLoader Environment load took 2.06ms 
738        INFO  main            d.u.i.k.p.i.AbstractProblemLoader Creating init config 
1689       DEBUG main            d.u.i.k.j.TypeConverter   No LDT found for Meta 
1689       DEBUG main            d.u.i.k.j.TypeConverter   No LDT found for Meta 
1691       DEBUG main            d.u.i.k.j.TypeConverter   No LDT found for Meta 
1691       DEBUG main            d.u.i.k.j.TypeConverter   No LDT found for Meta 
3172       DEBUG main            d.u.i.k.j.TypeConverter   No LDT found for JavaBigintExpression 
7628       DEBUG main            d.u.i.k.p.i.AbstractProblemLoader Init config took 6.89s 
7709       INFO  main            d.u.i.k.p.i.AbstractProblemLoader Replaying proof Ex2.58.key 
7741       DEBUG main            d.u.i.k.p.i.IntermediateProofReplayer Proof replay took 32.1ns 
7901       INFO  main            d.u.i.k.p.r.p.TestFile    ... finished proof: closed. 
7996       INFO  main            d.u.i.k.p.i.AbstractProblemLoader Loading environment from /home/runner/work/key/key/key.core/../key.ui/examples/standard_key/BookExamples/02FirstOrderLogic/Ex2.58.key.proof 
7997       DEBUG main            d.u.i.k.p.i.AbstractProblemLoader Environment load took 144.9ns 
8001       INFO  main            d.u.i.k.p.i.AbstractProblemLoader Creating init config 
10527      DEBUG main            d.u.i.k.p.i.AbstractProblemLoader Init config took 2.53s 
10574      INFO  main            d.u.i.k.p.i.AbstractProblemLoader Replaying proof Ex2.58.key.proof 
10584      DEBUG main            d.u.i.k.p.i.IntermediateProofReplayer Proof replay took 3.7ms 
10600      DEBUG main            d.u.i.k.p.r.p.TestFile    ... success: reloaded. 
10606      INFO  main            d.u.i.k.p.r.p.TestFile    Now processing file /home/runner/work/key/key/key.core/../key.ui/examples/standard_key/BookExamples/03DynamicLogic/Sect3.3.1.key 
10607      INFO  main            d.u.i.k.p.i.AbstractProblemLoader Loading environment from /home/runner/work/key/key/key.core/../key.ui/examples/standard_key/BookExamples/03DynamicLogic/Sect3.3.1.key 
10607      DEBUG main            d.u.i.k.p.i.AbstractProblemLoader Environment load took 89.4ns 
10608      INFO  main            d.u.i.k.p.i.AbstractProblemLoader Creating init config 
13019      DEBUG main            d.u.i.k.p.i.AbstractProblemLoader Init config took 2.41s 
13052      INFO  main            d.u.i.k.p.i.AbstractProblemLoader Replaying proof Sect3.3.1.key 
13056      DEBUG main            d.u.i.k.p.i.IntermediateProofReplayer Proof replay took 6.7ns 
13562      INFO  main            d.u.i.k.p.r.p.TestFile    ... finished proof: closed. 
13689      INFO  main            d.u.i.k.p.i.AbstractProblemLoader Loading environment from /home/runner/work/key/key/key.core/../key.ui/examples/standard_key/BookExamples/03DynamicLogic/Sect3.3.1.key.proof 
13689      DEBUG main            d.u.i.k.p.i.AbstractProblemLoader Environment load took 120ns 
13691      INFO  main            d.u.i.k.p.i.AbstractProblemLoader Creating init config 
16029      DEBUG main            d.u.i.k.p.i.AbstractProblemLoader Init config took 2.34s 
16053      INFO  main            d.u.i.k.p.i.AbstractProblemLoader Replaying proof Sect3.3.1.key.proof 
16106      DEBUG main            d.u.i.k.p.i.IntermediateProofReplayer Proof replay took 46.71ms 
16108      DEBUG main            d.u.i.k.p.r.p.TestFile    ... success: reloaded. 
74736      INFO  Test worker     d.u.i.k.p.r.RunAllProofsTestUnit Returning from test oldBook 
74738      INFO  Test worker     d.u.i.k.p.r.RunAllProofsTestUnit Running test comprehensions 
396        INFO  Timeout watchdog d.u.i.k.p.r.p.ForkedTestFileRunner Timeout watcher launched (2000 secs.) 
415        WARN  main            d.u.i.k.s.ProofSettings   The settings in /home/runner/.key/proof-settings.props are *not* read. 
461        INFO  main            d.u.i.k.p.r.p.TestFile    Now processing file /home/runner/work/key/key/key.core/../key.ui/examples/heap/comprehensions/general_sum.key 
575        INFO  main            d.u.i.k.p.i.AbstractProblemLoader Loading environment from /home/runner/work/key/key/key.core/../key.ui/examples/heap/comprehensions/general_sum.key 
595        DEBUG main            d.u.i.k.p.i.AbstractProblemLoader Environment load took 2.29ms 
796        INFO  main            d.u.i.k.p.i.AbstractProblemLoader Creating init config 
1605       DEBUG main            d.u.i.k.j.TypeConverter   No LDT found for Meta 
1606       DEBUG main            d.u.i.k.j.TypeConverter   No LDT found for Meta 
1609       DEBUG main            d.u.i.k.j.TypeConverter   No LDT found for Meta 
1610       DEBUG main            d.u.i.k.j.TypeConverter   No LDT found for Meta 
2796       DEBUG main            d.u.i.k.j.TypeConverter   No LDT found for JavaBigintExpression 
7421       DEBUG main            d.u.i.k.p.i.AbstractProblemLoader Init config took 6.62s 
7620       INFO  main            d.u.i.k.p.i.AbstractProblemLoader Replaying proof GSum[GSum::doNothing()].JML operation contract.0 
7653       DEBUG main            d.u.i.k.p.i.IntermediateProofReplayer Proof replay took 31.5ns 
8031       INFO  main            d.u.i.k.p.r.p.TestFile    ... finished proof: closed. 
8120       INFO  main            d.u.i.k.p.i.AbstractProblemLoader Loading environment from /home/runner/work/key/key/key.core/../key.ui/examples/heap/comprehensions/general_sum.key.proof 
8121       DEBUG main            d.u.i.k.p.i.AbstractProblemLoader Environment load took 127.7ns 
8122       INFO  main            d.u.i.k.p.i.AbstractProblemLoader Creating init config 
10908      DEBUG main            d.u.i.k.p.i.AbstractProblemLoader Init config took 2.79s 
10985      INFO  main            d.u.i.k.p.i.AbstractProblemLoader Replaying proof GSum[GSum::doNothing()].JML operation contract.0 
11002      DEBUG main            d.u.i.k.p.i.IntermediateProofReplayer Proof replay took 11.32ms 
11008      DEBUG main            d.u.i.k.p.r.p.TestFile    ... success: reloaded. 
11009      INFO  main            d.u.i.k.p.r.p.TestFile    Now processing file /home/runner/work/key/key/key.core/../key.ui/examples/heap/comprehensions/sum0.key 
11010      INFO  main            d.u.i.k.p.i.AbstractProblemLoader Loading environment from /home/runner/work/key/key/key.core/../key.ui/examples/heap/comprehensions/sum0.key 
11010      DEBUG main            d.u.i.k.p.i.AbstractProblemLoader Environment load took 350.6ns 
11012      INFO  main            d.u.i.k.p.i.AbstractProblemLoader Creating init config 
13688      DEBUG main            d.u.i.k.p.i.AbstractProblemLoader Init config took 2.68s 
13745      INFO  main            d.u.i.k.p.i.AbstractProblemLoader Replaying proof Sum[Sum::sum0([I)].JML normal_behavior operation contract.0 
13748      DEBUG main            d.u.i.k.p.i.IntermediateProofReplayer Proof replay took 5.8ns 
13881      DEBUG Thread-4        d.u.i.k.l.l.OriginTermLabel commonFileName is null! 
13882      DEBUG Thread-4        d.u.i.k.l.l.OriginTermLabel commonFileName is null! 
14116      DEBUG Thread-4        d.u.i.k.l.l.OriginTermLabel commonFileName is null! 
14116      DEBUG Thread-4        d.u.i.k.l.l.OriginTermLabel commonFileName is null! 
14291      DEBUG Thread-4        d.u.i.k.l.l.OriginTermLabel commonFileName is null! 
14454      INFO  main            d.u.i.k.p.r.p.TestFile    ... finished proof: closed. 
14663      INFO  main            d.u.i.k.p.i.AbstractProblemLoader Loading environment from /home/runner/work/key/key/key.core/../key.ui/examples/heap/comprehensions/sum0.key.proof 
14663      DEBUG main            d.u.i.k.p.i.AbstractProblemLoader Environment load took 632.1ns 
14665      INFO  main            d.u.i.k.p.i.AbstractProblemLoader Creating init config 
17312      DEBUG main            d.u.i.k.p.i.AbstractProblemLoader Init config took 2.65s 
17360      INFO  main            d.u.i.k.p.i.AbstractProblemLoader Replaying proof Sum[Sum::sum0([I)].JML normal_behavior operation contract.0 
17406      DEBUG main            d.u.i.k.l.l.OriginTermLabel commonFileName is null! 
17406      DEBUG main            d.u.i.k.l.l.OriginTermLabel commonFileName is null! 
17449      DEBUG main            d.u.i.k.l.l.OriginTermLabel commonFileName is null! 
17475      DEBUG main            d.u.i.k.l.l.OriginTermLabel commonFileName is null! 
17476      DEBUG main            d.u.i.k.l.l.OriginTermLabel commonFileName is null! 
17478      DEBUG main            d.u.i.k.p.i.IntermediateProofReplayer Proof replay took 106.31ms 
17480      DEBUG main            d.u.i.k.p.r.p.TestFile    ... success: reloaded. 
17481      INFO  main            d.u.i.k.p.r.p.TestFile    Now processing file /home/runner/work/key/key/key.core/../key.ui/examples/heap/comprehensions/sum1.key 
17482      INFO  main            d.u.i.k.p.i.AbstractProblemLoader Loading environment from /home/runner/work/key/key/key.core/../key.ui/examples/heap/comprehensions/sum1.key 
17482      DEBUG main            d.u.i.k.p.i.AbstractProblemLoader Environment load took 345.8ns 
17484      INFO  main            d.u.i.k.p.i.AbstractProblemLoader Creating init config 
20025      DEBUG main            d.u.i.k.p.i.AbstractProblemLoader Init config took 2.54s 
20071      INFO  main            d.u.i.k.p.i.AbstractProblemLoader Replaying proof Sum[Sum::sum1([I)].JML normal_behavior operation contract.0 
20073      DEBUG main            d.u.i.k.p.i.IntermediateProofReplayer Proof replay took 5.1ns 
20126      DEBUG Thread-7        d.u.i.k.l.l.OriginTermLabel commonFileName is null! 
20127      DEBUG Thread-7        d.u.i.k.l.l.OriginTermLabel commonFileName is null! 
20258      DEBUG Thread-7        d.u.i.k.l.l.OriginTermLabel commonFileName is null! 
20259      DEBUG Thread-7        d.u.i.k.l.l.OriginTermLabel commonFileName is null! 
20373      DEBUG Thread-7        d.u.i.k.l.l.OriginTermLabel commonFileName is null! 
20578      INFO  main            d.u.i.k.p.r.p.TestFile    ... finished proof: closed. 
20726      INFO  main            d.u.i.k.p.i.AbstractProblemLoader Loading environment from /home/runner/work/key/key/key.core/../key.ui/examples/heap/comprehensions/sum1.key.proof 
20727      DEBUG main            d.u.i.k.p.i.AbstractProblemLoader Environment load took 798.29ns 
20728      INFO  main            d.u.i.k.p.i.AbstractProblemLoader Creating init config 
23216      DEBUG main            d.u.i.k.p.i.AbstractProblemLoader Init config took 2.49s 
23266      INFO  main            d.u.i.k.p.i.AbstractProblemLoader Replaying proof Sum[Sum::sum1([I)].JML normal_behavior operation contract.0 
23303      DEBUG main            d.u.i.k.l.l.OriginTermLabel commonFileName is null! 
23303      DEBUG main            d.u.i.k.l.l.OriginTermLabel commonFileName is null! 
23343      DEBUG main            d.u.i.k.l.l.OriginTermLabel commonFileName is null! 
23371      DEBUG main            d.u.i.k.l.l.OriginTermLabel commonFileName is null! 
23371      DEBUG main            d.u.i.k.l.l.OriginTermLabel commonFileName is null! 
23373      DEBUG main            d.u.i.k.p.i.IntermediateProofReplayer Proof replay took 99.22ms 
23374      DEBUG main            d.u.i.k.p.r.p.TestFile    ... success: reloaded. 
23375      INFO  main            d.u.i.k.p.r.p.TestFile    Now processing file /home/runner/work/key/key/key.core/../key.ui/examples/heap/comprehensions/sum2.key 
23376      INFO  main            d.u.i.k.p.i.AbstractProblemLoader Loading environment from /home/runner/work/key/key/key.core/../key.ui/examples/heap/comprehensions/sum2.key 
23376      DEBUG main            d.u.i.k.p.i.AbstractProblemLoader Environment load took 60.9ns 
23377      INFO  main            d.u.i.k.p.i.AbstractProblemLoader Creating init config 
25999      DEBUG main            d.u.i.k.p.i.AbstractProblemLoader Init config took 2.62s 
26051      INFO  main            d.u.i.k.p.i.AbstractProblemLoader Replaying proof Sum[Sum::sum2([I)].JML normal_behavior operation contract.0 
26055      DEBUG main            d.u.i.k.p.i.IntermediateProofReplayer Proof replay took 5.9ns 
26108      DEBUG Thread-10       d.u.i.k.l.l.OriginTermLabel commonFileName is null! 
26109      DEBUG Thread-10       d.u.i.k.l.l.OriginTermLabel commonFileName is null! 
26222      DEBUG Thread-10       d.u.i.k.l.l.OriginTermLabel commonFileName is null! 
26222      DEBUG Thread-10       d.u.i.k.l.l.OriginTermLabel commonFileName is null! 
26302      DEBUG Thread-10       d.u.i.k.l.l.OriginTermLabel commonFileName is null! 
26458      INFO  main            d.u.i.k.p.r.p.TestFile    ... finished proof: closed. 
26616      INFO  main            d.u.i.k.p.i.AbstractProblemLoader Loading environment from /home/runner/work/key/key/key.core/../key.ui/examples/heap/comprehensions/sum2.key.proof 
26616      DEBUG main            d.u.i.k.p.i.AbstractProblemLoader Environment load took 113.2ns 
26617      INFO  main            d.u.i.k.p.i.AbstractProblemLoader Creating init config 
29080      DEBUG main            d.u.i.k.p.i.AbstractProblemLoader Init config took 2.46s 
29138      INFO  main            d.u.i.k.p.i.AbstractProblemLoader Replaying proof Sum[Sum::sum2([I)].JML normal_behavior operation contract.0 
29167      DEBUG main            d.u.i.k.l.l.OriginTermLabel commonFileName is null! 
29168      DEBUG main            d.u.i.k.l.l.OriginTermLabel commonFileName is null! 
29198      DEBUG main            d.u.i.k.l.l.OriginTermLabel commonFileName is null! 
29221      DEBUG main            d.u.i.k.l.l.OriginTermLabel commonFileName is null! 
29222      DEBUG main            d.u.i.k.l.l.OriginTermLabel commonFileName is null! 
29224      DEBUG main            d.u.i.k.p.i.IntermediateProofReplayer Proof replay took 79.44ms 
29225      DEBUG main            d.u.i.k.p.r.p.TestFile    ... success: reloaded. 
29227      INFO  main            d.u.i.k.p.r.p.TestFile    Now processing file /home/runner/work/key/key/key.core/../key.ui/examples/heap/comprehensions/sum3.key 
29228      INFO  main            d.u.i.k.p.i.AbstractProblemLoader Loading environment from /home/runner/work/key/key/key.core/../key.ui/examples/heap/comprehensions/sum3.key 
29229      DEBUG main            d.u.i.k.p.i.AbstractProblemLoader Environment load took 998.39ns 
29230      INFO  main            d.u.i.k.p.i.AbstractProblemLoader Creating init config 
31728      DEBUG main            d.u.i.k.p.i.AbstractProblemLoader Init config took 2.5s 
31768      INFO  main            d.u.i.k.p.i.AbstractProblemLoader Replaying proof Sum[Sum::sum3([I)].JML normal_behavior operation contract.0 
31769      DEBUG main            d.u.i.k.p.i.IntermediateProofReplayer Proof replay took 5.7ns 
31816      DEBUG Thread-13       d.u.i.k.l.l.OriginTermLabel commonFileName is null! 
31816      DEBUG Thread-13       d.u.i.k.l.l.OriginTermLabel commonFileName is null! 
31937      DEBUG Thread-13       d.u.i.k.l.l.OriginTermLabel commonFileName is null! 
31938      DEBUG Thread-13       d.u.i.k.l.l.OriginTermLabel commonFileName is null! 
32013      DEBUG Thread-13       d.u.i.k.l.l.OriginTermLabel commonFileName is null! 
32177      INFO  main            d.u.i.k.p.r.p.TestFile    ... finished proof: closed. 
32316      INFO  main            d.u.i.k.p.i.AbstractProblemLoader Loading environment from /home/runner/work/key/key/key.core/../key.ui/examples/heap/comprehensions/sum3.key.proof 
32317      DEBUG main            d.u.i.k.p.i.AbstractProblemLoader Environment load took 113.8ns 
32318      INFO  main            d.u.i.k.p.i.AbstractProblemLoader Creating init config 
34770      DEBUG main            d.u.i.k.p.i.AbstractProblemLoader Init config took 2.45s 
34819      INFO  main            d.u.i.k.p.i.AbstractProblemLoader Replaying proof Sum[Sum::sum3([I)].JML normal_behavior operation contract.0 
34842      DEBUG main            d.u.i.k.l.l.OriginTermLabel commonFileName is null! 
34843      DEBUG main            d.u.i.k.l.l.OriginTermLabel commonFileName is null! 
34867      DEBUG main            d.u.i.k.l.l.OriginTermLabel commonFileName is null! 
34882      DEBUG main            d.u.i.k.l.l.OriginTermLabel commonFileName is null! 
34883      DEBUG main            d.u.i.k.l.l.OriginTermLabel commonFileName is null! 
34884      DEBUG main            d.u.i.k.p.i.IntermediateProofReplayer Proof replay took 61.79ms 
34885      DEBUG main            d.u.i.k.p.r.p.TestFile    ... success: reloaded. 
34886      INFO  main            d.u.i.k.p.r.p.TestFile    Now processing file /home/runner/work/key/key/key.core/../key.ui/examples/heap/comprehensions/segsum.key 
34886      INFO  main            d.u.i.k.p.i.AbstractProblemLoader Loading environment from /home/runner/work/key/key/key.core/../key.ui/examples/heap/comprehensions/segsum.key 
34886      DEBUG main            d.u.i.k.p.i.AbstractProblemLoader Environment load took 60.9ns 
34887      INFO  main            d.u.i.k.p.i.AbstractProblemLoader Creating init config 
37365      DEBUG main            d.u.i.k.p.i.AbstractProblemLoader Init config took 2.48s 
37403      INFO  main            d.u.i.k.p.i.AbstractProblemLoader Replaying proof SegSum[SegSum::segSum([I,int,int)].JML normal_behavior operation contract.0 
37404      DEBUG main            d.u.i.k.p.i.IntermediateProofReplayer Proof replay took 6.2ns 
37807      INFO  main            d.u.i.k.p.r.p.TestFile    ... finished proof: closed. 
37993      INFO  main            d.u.i.k.p.i.AbstractProblemLoader Loading environment from /home/runner/work/key/key/key.core/../key.ui/examples/heap/comprehensions/segsum.key.proof 
37993      DEBUG main            d.u.i.k.p.i.AbstractProblemLoader Environment load took 112.8ns 
37994      INFO  main            d.u.i.k.p.i.AbstractProblemLoader Creating init config 
40429      DEBUG main            d.u.i.k.p.i.AbstractProblemLoader Init config took 2.43s 
40469      INFO  main            d.u.i.k.p.i.AbstractProblemLoader Replaying proof SegSum[SegSum::segSum([I,int,int)].JML normal_behavior operation contract.0 
40535      DEBUG main            d.u.i.k.p.i.IntermediateProofReplayer Proof replay took 58.09ms 
40536      DEBUG main            d.u.i.k.p.r.p.TestFile    ... success: reloaded. 
40538      INFO  main            d.u.i.k.p.r.p.TestFile    Now processing file /home/runner/work/key/key/key.core/../key.ui/examples/heap/comprehensions/bsum_negative.key 
40538      INFO  main            d.u.i.k.p.i.AbstractProblemLoader Loading environment from /home/runner/work/key/key/key.core/../key.ui/examples/heap/comprehensions/bsum_negative.key 
40539      DEBUG main            d.u.i.k.p.i.AbstractProblemLoader Environment load took 960.99ns 
40541      INFO  main            d.u.i.k.p.i.AbstractProblemLoader Creating init config 
42868      DEBUG main            d.u.i.k.p.i.AbstractProblemLoader Init config took 2.33s 
42886      INFO  main            d.u.i.k.p.i.AbstractProblemLoader Replaying proof bsum_negative.key 
42887      DEBUG main            d.u.i.k.p.i.IntermediateProofReplayer Proof replay took 5.6ns 
42992      INFO  main            d.u.i.k.p.r.p.TestFile    ... finished proof: closed. 
43140      INFO  main            d.u.i.k.p.i.AbstractProblemLoader Loading environment from /home/runner/work/key/key/key.core/../key.ui/examples/heap/comprehensions/bsum_negative.key.proof 
43140      DEBUG main            d.u.i.k.p.i.AbstractProblemLoader Environment load took 107.6ns 
43141      INFO  main            d.u.i.k.p.i.AbstractProblemLoader Creating init config 
45436      DEBUG main            d.u.i.k.p.i.AbstractProblemLoader Init config took 2.29s 
45453      INFO  main            d.u.i.k.p.i.AbstractProblemLoader Replaying proof bsum_negative.key.proof 
45456      DEBUG main            d.u.i.k.p.i.IntermediateProofReplayer Proof replay took 989.79ns 
45456      DEBUG main            d.u.i.k.p.r.p.TestFile    ... success: reloaded. 
45457      INFO  main            d.u.i.k.p.r.p.TestFile    Now processing file /home/runner/work/key/key/key.core/../key.ui/examples/heap/comprehensions/bsum_neg2.key 
45457      INFO  main            d.u.i.k.p.i.AbstractProblemLoader Loading environment from /home/runner/work/key/key/key.core/../key.ui/examples/heap/comprehensions/bsum_neg2.key 
45457      DEBUG main            d.u.i.k.p.i.AbstractProblemLoader Environment load took 59.6ns 
45458      INFO  main            d.u.i.k.p.i.AbstractProblemLoader Creating init config 
47796      DEBUG main            d.u.i.k.p.i.AbstractProblemLoader Init config took 2.34s 
47811      INFO  main            d.u.i.k.p.i.AbstractProblemLoader Replaying proof bsum_neg2.key 
47812      DEBUG main            d.u.i.k.p.i.IntermediateProofReplayer Proof replay took 5.6ns 
47914      INFO  main            d.u.i.k.p.r.p.TestFile    ... finished proof: closed. 
48063      INFO  main            d.u.i.k.p.i.AbstractProblemLoader Loading environment from /home/runner/work/key/key/key.core/../key.ui/examples/heap/comprehensions/bsum_neg2.key.proof 
48063      DEBUG main            d.u.i.k.p.i.AbstractProblemLoader Environment load took 124ns 
48064      INFO  main            d.u.i.k.p.i.AbstractProblemLoader Creating init config 
50361      DEBUG main            d.u.i.k.p.i.AbstractProblemLoader Init config took 2.3s 
50377      INFO  main            d.u.i.k.p.i.AbstractProblemLoader Replaying proof bsum_neg2.key.proof 
50379      DEBUG main            d.u.i.k.p.i.IntermediateProofReplayer Proof replay took 604.2ns 
50379      DEBUG main            d.u.i.k.p.r.p.TestFile    ... success: reloaded. 
50380      INFO  main            d.u.i.k.p.r.p.TestFile    Now processing file /home/runner/work/key/key/key.core/../key.ui/examples/heap/comprehensions/bsumSplit.key 
50380      INFO  main            d.u.i.k.p.i.AbstractProblemLoader Loading environment from /home/runner/work/key/key/key.core/../key.ui/examples/heap/comprehensions/bsumSplit.key 
50380      DEBUG main            d.u.i.k.p.i.AbstractProblemLoader Environment load took 54.8ns 
50381      INFO  main            d.u.i.k.p.i.AbstractProblemLoader Creating init config 
52718      DEBUG main            d.u.i.k.p.i.AbstractProblemLoader Init config took 2.34s 
52733      INFO  main            d.u.i.k.p.i.AbstractProblemLoader Replaying proof bsumSplit.key 
52735      DEBUG main            d.u.i.k.p.i.IntermediateProofReplayer Proof replay took 5.7ns 
52836      INFO  main            d.u.i.k.p.r.p.TestFile    ... finished proof: closed. 
52993      INFO  main            d.u.i.k.p.i.AbstractProblemLoader Loading environment from /home/runner/work/key/key/key.core/../key.ui/examples/heap/comprehensions/bsumSplit.key.proof 
52993      DEBUG main            d.u.i.k.p.i.AbstractProblemLoader Environment load took 107.5ns 
52995      INFO  main            d.u.i.k.p.i.AbstractProblemLoader Creating init config 
55277      DEBUG main            d.u.i.k.p.i.AbstractProblemLoader Init config took 2.28s 
55293      INFO  main            d.u.i.k.p.i.AbstractProblemLoader Replaying proof bsumSplit.key.proof 
55300      DEBUG main            d.u.i.k.p.i.IntermediateProofReplayer Proof replay took 3.32ms 
55301      DEBUG main            d.u.i.k.p.r.p.TestFile    ... success: reloaded. 
55301      INFO  main            d.u.i.k.p.r.p.TestFile    Now processing file /home/runner/work/key/key/key.core/../key.ui/examples/heap/comprehensions/bprodSplit.key 
55302      INFO  main            d.u.i.k.p.i.AbstractProblemLoader Loading environment from /home/runner/work/key/key/key.core/../key.ui/examples/heap/comprehensions/bprodSplit.key 
55302      DEBUG main            d.u.i.k.p.i.AbstractProblemLoader Environment load took 103.3ns 
55303      INFO  main            d.u.i.k.p.i.AbstractProblemLoader Creating init config 
57673      DEBUG main            d.u.i.k.p.i.AbstractProblemLoader Init config took 2.37s 
57688      INFO  main            d.u.i.k.p.i.AbstractProblemLoader Replaying proof bprodSplit.key 
57689      DEBUG main            d.u.i.k.p.i.IntermediateProofReplayer Proof replay took 6.3ns 
57796      INFO  main            d.u.i.k.p.r.p.TestFile    ... finished proof: closed. 
57955      INFO  main            d.u.i.k.p.i.AbstractProblemLoader Loading environment from /home/runner/work/key/key/key.core/../key.ui/examples/heap/comprehensions/bprodSplit.key.proof 
57955      DEBUG main            d.u.i.k.p.i.AbstractProblemLoader Environment load took 100.7ns 
57956      INFO  main            d.u.i.k.p.i.AbstractProblemLoader Creating init config 
60238      DEBUG main            d.u.i.k.p.i.AbstractProblemLoader Init config took 2.28s 
60254      INFO  main            d.u.i.k.p.i.AbstractProblemLoader Replaying proof bprodSplit.key.proof 
60258      DEBUG main            d.u.i.k.p.i.IntermediateProofReplayer Proof replay took 2.03ms 
60259      DEBUG main            d.u.i.k.p.r.p.TestFile    ... success: reloaded. 
60260      INFO  main            d.u.i.k.p.r.p.TestFile    Now processing file /home/runner/work/key/key/key.core/../key.ui/examples/heap/comprehensions/bsumSplitInvalid.key 
60260      INFO  main            d.u.i.k.p.i.AbstractProblemLoader Loading environment from /home/runner/work/key/key/key.core/../key.ui/examples/heap/comprehensions/bsumSplitInvalid.key 
60261      DEBUG main            d.u.i.k.p.i.AbstractProblemLoader Environment load took 280.1ns 
60265      INFO  main            d.u.i.k.p.i.AbstractProblemLoader Creating init config 
62588      DEBUG main            d.u.i.k.p.i.AbstractProblemLoader Init config took 2.32s 
62604      INFO  main            d.u.i.k.p.i.AbstractProblemLoader Replaying proof bsumSplitInvalid.key 
62606      DEBUG main            d.u.i.k.p.i.IntermediateProofReplayer Proof replay took 6.3ns 
62709      INFO  main            d.u.i.k.p.r.p.TestFile    ... finished proof: open goal(s) 
137799     INFO  Test worker     d.u.i.k.p.r.RunAllProofsTestUnit Returning from test comprehensions 
137806     INFO  Test worker     d.u.i.k.p.r.RunAllProofsTestUnit Running test performance 
327        INFO  Timeout watchdog d.u.i.k.p.r.p.ForkedTestFileRunner Timeout watcher launched (2000 secs.) 
360        WARN  main            d.u.i.k.s.ProofSettings   The settings in /home/runner/.key/proof-settings.props are *not* read. 
395        INFO  main            d.u.i.k.p.r.p.TestFile    Now processing file /home/runner/work/key/key/key.core/../key.ui/examples/performance-test/Disjoint(Disjoint__disjoint_08()).JML_operation_contract.0.key 
498        INFO  main            d.u.i.k.p.i.AbstractProblemLoader Loading environment from /home/runner/work/key/key/key.core/../key.ui/examples/performance-test/Disjoint(Disjoint__disjoint_08()).JML_operation_contract.0.key 
517        DEBUG main            d.u.i.k.p.i.AbstractProblemLoader Environment load took 1.83ms 
737        INFO  main            d.u.i.k.p.i.AbstractProblemLoader Creating init config 
1666       DEBUG main            d.u.i.k.j.TypeConverter   No LDT found for Meta 
1675       DEBUG main            d.u.i.k.j.TypeConverter   No LDT found for Meta 
1676       DEBUG main            d.u.i.k.j.TypeConverter   No LDT found for Meta 
1677       DEBUG main            d.u.i.k.j.TypeConverter   No LDT found for Meta 
2880       DEBUG main            d.u.i.k.j.TypeConverter   No LDT found for JavaBigintExpression 
8149       DEBUG main            d.u.i.k.j.r.ClassPreparationMethodBuilder clPrepBuilder: Inner Class detected. Reject building class initialisation methods. 
15525      DEBUG main            d.u.i.k.p.i.AbstractProblemLoader Init config took 14.79s 
15708      INFO  main            d.u.i.k.p.i.AbstractProblemLoader Replaying proof Disjoint[Disjoint::disjoint_8()].JML operation contract.0 
15785      DEBUG main            d.u.i.k.p.i.IntermediateProofReplayer Proof replay took 330.7ns 
18438      INFO  main            d.u.i.k.p.r.p.TestFile    ... finished proof: closed. 
18634      INFO  main            d.u.i.k.p.i.AbstractProblemLoader Loading environment from /home/runner/work/key/key/key.core/../key.ui/examples/performance-test/Disjoint(Disjoint__disjoint_08()).JML_operation_contract.0.key.proof 
18636      DEBUG main            d.u.i.k.p.i.AbstractProblemLoader Environment load took 2.31ms 
18639      INFO  main            d.u.i.k.p.i.AbstractProblemLoader Creating init config 
21581      DEBUG main            d.u.i.k.j.r.ClassPreparationMethodBuilder clPrepBuilder: Inner Class detected. Reject building class initialisation methods. 
28113      DEBUG main            d.u.i.k.p.i.AbstractProblemLoader Init config took 9.47s 
28214      INFO  main            d.u.i.k.p.i.AbstractProblemLoader Replaying proof Disjoint[Disjoint::disjoint_8()].JML operation contract.0 
28493      DEBUG main            d.u.i.k.p.i.IntermediateProofReplayer Proof replay took 266.85ms 
28501      DEBUG main            d.u.i.k.p.r.p.TestFile    ... success: reloaded. 
28503      INFO  main            d.u.i.k.p.r.p.TestFile    Now processing file /home/runner/work/key/key/key.core/../key.ui/examples/performance-test/Disjoint(Disjoint__disjoint2_08()).JML_operation_contract.0.key 
28504      INFO  main            d.u.i.k.p.i.AbstractProblemLoader Loading environment from /home/runner/work/key/key/key.core/../key.ui/examples/performance-test/Disjoint(Disjoint__disjoint2_08()).JML_operation_contract.0.key 
28504      DEBUG main            d.u.i.k.p.i.AbstractProblemLoader Environment load took 306.5ns 
28507      INFO  main            d.u.i.k.p.i.AbstractProblemLoader Creating init config 
31354      DEBUG main            d.u.i.k.j.r.ClassPreparationMethodBuilder clPrepBuilder: Inner Class detected. Reject building class initialisation methods. 
37875      DEBUG main            d.u.i.k.p.i.AbstractProblemLoader Init config took 9.37s 
37972      INFO  main            d.u.i.k.p.i.AbstractProblemLoader Replaying proof Disjoint[Disjoint::disjoint2_8()].JML operation contract.0 
37975      DEBUG main            d.u.i.k.p.i.IntermediateProofReplayer Proof replay took 17.6ns 
38900      INFO  main            d.u.i.k.p.r.p.TestFile    ... finished proof: closed. 
39149      INFO  main            d.u.i.k.p.i.AbstractProblemLoader Loading environment from /home/runner/work/key/key/key.core/../key.ui/examples/performance-test/Disjoint(Disjoint__disjoint2_08()).JML_operation_contract.0.key.proof 
39149      DEBUG main            d.u.i.k.p.i.AbstractProblemLoader Environment load took 721.09ns 
39151      INFO  main            d.u.i.k.p.i.AbstractProblemLoader Creating init config 
41899      DEBUG main            d.u.i.k.j.r.ClassPreparationMethodBuilder clPrepBuilder: Inner Class detected. Reject building class initialisation methods. 
48305      DEBUG main            d.u.i.k.p.i.AbstractProblemLoader Init config took 9.15s 
48394      INFO  main            d.u.i.k.p.i.AbstractProblemLoader Replaying proof Disjoint[Disjoint::disjoint2_8()].JML operation contract.0 
48462      DEBUG main            d.u.i.k.p.i.IntermediateProofReplayer Proof replay took 63.5ms 
48463      DEBUG main            d.u.i.k.p.r.p.TestFile    ... success: reloaded. 
48468      INFO  main            d.u.i.k.p.r.p.TestFile    Now processing file /home/runner/work/key/key/key.core/../key.ui/examples/performance-test/AccessChain1(AccessChain1__foo_08()).JML_operation_contract.0.key 
48469      INFO  main            d.u.i.k.p.i.AbstractProblemLoader Loading environment from /home/runner/work/key/key/key.core/../key.ui/examples/performance-test/AccessChain1(AccessChain1__foo_08()).JML_operation_contract.0.key 
48469      DEBUG main            d.u.i.k.p.i.AbstractProblemLoader Environment load took 346.1ns 
48470      INFO  main            d.u.i.k.p.i.AbstractProblemLoader Creating init config 
51259      DEBUG main            d.u.i.k.j.r.ClassPreparationMethodBuilder clPrepBuilder: Inner Class detected. Reject building class initialisation methods. 
57621      DEBUG main            d.u.i.k.p.i.AbstractProblemLoader Init config took 9.15s 
57716      INFO  main            d.u.i.k.p.i.AbstractProblemLoader Replaying proof AccessChain1[AccessChain1::foo_8()].JML operation contract.0 
57718      DEBUG main            d.u.i.k.p.i.IntermediateProofReplayer Proof replay took 10.5ns 
60045      INFO  main            d.u.i.k.p.r.p.TestFile    ... finished proof: closed. 
60369      INFO  main            d.u.i.k.p.i.AbstractProblemLoader Loading environment from /home/runner/work/key/key/key.core/../key.ui/examples/performance-test/AccessChain1(AccessChain1__foo_08()).JML_operation_contract.0.key.proof 
60372      DEBUG main            d.u.i.k.p.i.AbstractProblemLoader Environment load took 3.56ms 
60378      INFO  main            d.u.i.k.p.i.AbstractProblemLoader Creating init config 
63084      DEBUG main            d.u.i.k.j.r.ClassPreparationMethodBuilder clPrepBuilder: Inner Class detected. Reject building class initialisation methods. 
69371      DEBUG main            d.u.i.k.p.i.AbstractProblemLoader Init config took 8.99s 
69455      INFO  main            d.u.i.k.p.i.AbstractProblemLoader Replaying proof AccessChain1[AccessChain1::foo_8()].JML operation contract.0 
69845      DEBUG main            d.u.i.k.p.i.IntermediateProofReplayer Proof replay took 375.6ms 
69848      DEBUG main            d.u.i.k.p.r.p.TestFile    ... success: reloaded. 
69850      INFO  main            d.u.i.k.p.r.p.TestFile    Now processing file /home/runner/work/key/key/key.core/../key.ui/examples/performance-test/AccessChain4(AccessChain4__foo_08()).JML_operation_contract.0.key 
69850      INFO  main            d.u.i.k.p.i.AbstractProblemLoader Loading environment from /home/runner/work/key/key/key.core/../key.ui/examples/performance-test/AccessChain4(AccessChain4__foo_08()).JML_operation_contract.0.key 
69851      DEBUG main            d.u.i.k.p.i.AbstractProblemLoader Environment load took 279.6ns 
69852      INFO  main            d.u.i.k.p.i.AbstractProblemLoader Creating init config 
72631      DEBUG main            d.u.i.k.j.r.ClassPreparationMethodBuilder clPrepBuilder: Inner Class detected. Reject building class initialisation methods. 
78913      DEBUG main            d.u.i.k.p.i.AbstractProblemLoader Init config took 9.06s 
79010      INFO  main            d.u.i.k.p.i.AbstractProblemLoader Replaying proof AccessChain4[AccessChain4::foo_8()].JML operation contract.0 
79013      DEBUG main            d.u.i.k.p.i.IntermediateProofReplayer Proof replay took 16.7ns 
84890      INFO  main            d.u.i.k.p.r.p.TestFile    ... finished proof: closed. 
85224      INFO  main            d.u.i.k.p.i.AbstractProblemLoader Loading environment from /home/runner/work/key/key/key.core/../key.ui/examples/performance-test/AccessChain4(AccessChain4__foo_08()).JML_operation_contract.0.key.proof 
85228      DEBUG main            d.u.i.k.p.i.AbstractProblemLoader Environment load took 4.41ms 
85230      INFO  main            d.u.i.k.p.i.AbstractProblemLoader Creating init config 
87932      DEBUG main            d.u.i.k.j.r.ClassPreparationMethodBuilder clPrepBuilder: Inner Class detected. Reject building class initialisation methods. 
94255      DEBUG main            d.u.i.k.p.i.AbstractProblemLoader Init config took 9.02s 
94348      INFO  main            d.u.i.k.p.i.AbstractProblemLoader Replaying proof AccessChain4[AccessChain4::foo_8()].JML operation contract.0 
95042      DEBUG main            d.u.i.k.p.i.IntermediateProofReplayer Proof replay took 658.12ms 
95045      DEBUG main            d.u.i.k.p.r.p.TestFile    ... success: reloaded. 
95047      INFO  main            d.u.i.k.p.r.p.TestFile    Now processing file /home/runner/work/key/key/key.core/../key.ui/examples/performance-test/Disjoint(Disjoint__xZero_08()).JML_operation_contract.0.key 
95047      INFO  main            d.u.i.k.p.i.AbstractProblemLoader Loading environment from /home/runner/work/key/key/key.core/../key.ui/examples/performance-test/Disjoint(Disjoint__xZero_08()).JML_operation_contract.0.key 
95051      DEBUG main            d.u.i.k.p.i.AbstractProblemLoader Environment load took 3.81ms 
95052      INFO  main            d.u.i.k.p.i.AbstractProblemLoader Creating init config 
97815      DEBUG main            d.u.i.k.j.r.ClassPreparationMethodBuilder clPrepBuilder: Inner Class detected. Reject building class initialisation methods. 
104119     DEBUG main            d.u.i.k.p.i.AbstractProblemLoader Init config took 9.07s 
104197     INFO  main            d.u.i.k.p.i.AbstractProblemLoader Replaying proof Disjoint[Disjoint::xZero_8()].JML operation contract.0 
104200     DEBUG main            d.u.i.k.p.i.IntermediateProofReplayer Proof replay took 11.1ns 
105132     INFO  main            d.u.i.k.p.r.p.TestFile    ... finished proof: closed. 
105464     INFO  main            d.u.i.k.p.i.AbstractProblemLoader Loading environment from /home/runner/work/key/key/key.core/../key.ui/examples/performance-test/Disjoint(Disjoint__xZero_08()).JML_operation_contract.0.key.proof 
105469     DEBUG main            d.u.i.k.p.i.AbstractProblemLoader Environment load took 5.13ms 
105470     INFO  main            d.u.i.k.p.i.AbstractProblemLoader Creating init config 
108131     DEBUG main            d.u.i.k.j.r.ClassPreparationMethodBuilder clPrepBuilder: Inner Class detected. Reject building class initialisation methods. 
114399     DEBUG main            d.u.i.k.p.i.AbstractProblemLoader Init config took 8.93s 
114477     INFO  main            d.u.i.k.p.i.AbstractProblemLoader Replaying proof Disjoint[Disjoint::xZero_8()].JML operation contract.0 
114663     DEBUG main            d.u.i.k.p.i.IntermediateProofReplayer Proof replay took 178.67ms 
114665     DEBUG main            d.u.i.k.p.r.p.TestFile    ... success: reloaded. 
114666     INFO  main            d.u.i.k.p.r.p.TestFile    Now processing file /home/runner/work/key/key/key.core/../key.ui/examples/performance-test/Dynamic(Dynamic__foo_08()).JML_operation_contract.0.key 
114666     INFO  main            d.u.i.k.p.i.AbstractProblemLoader Loading environment from /home/runner/work/key/key/key.core/../key.ui/examples/performance-test/Dynamic(Dynamic__foo_08()).JML_operation_contract.0.key 
114667     DEBUG main            d.u.i.k.p.i.AbstractProblemLoader Environment load took 94.1ns 
114667     INFO  main            d.u.i.k.p.i.AbstractProblemLoader Creating init config 
117385     DEBUG main            d.u.i.k.j.r.ClassPreparationMethodBuilder clPrepBuilder: Inner Class detected. Reject building class initialisation methods. 
123660     DEBUG main            d.u.i.k.p.i.AbstractProblemLoader Init config took 8.99s 
123742     INFO  main            d.u.i.k.p.i.AbstractProblemLoader Replaying proof Dynamic[Dynamic::foo_8()].JML operation contract.0 
123744     DEBUG main            d.u.i.k.p.i.IntermediateProofReplayer Proof replay took 10ns 
128481     INFO  main            d.u.i.k.p.r.p.TestFile    ... finished proof: closed. 
128831     INFO  main            d.u.i.k.p.i.AbstractProblemLoader Loading environment from /home/runner/work/key/key/key.core/../key.ui/examples/performance-test/Dynamic(Dynamic__foo_08()).JML_operation_contract.0.key.proof 
128831     DEBUG main            d.u.i.k.p.i.AbstractProblemLoader Environment load took 195.1ns 
128833     INFO  main            d.u.i.k.p.i.AbstractProblemLoader Creating init config 
131511     DEBUG main            d.u.i.k.j.r.ClassPreparationMethodBuilder clPrepBuilder: Inner Class detected. Reject building class initialisation methods. 
137792     DEBUG main            d.u.i.k.p.i.AbstractProblemLoader Init config took 8.96s 
137868     INFO  main            d.u.i.k.p.i.AbstractProblemLoader Replaying proof Dynamic[Dynamic::foo_8()].JML operation contract.0 
138278     DEBUG main            d.u.i.k.p.i.IntermediateProofReplayer Proof replay took 388ms 
138280     DEBUG main            d.u.i.k.p.r.p.TestFile    ... success: reloaded. 
138281     INFO  main            d.u.i.k.p.r.p.TestFile    Now processing file /home/runner/work/key/key/key.core/../key.ui/examples/performance-test/DynamicGhost(DynamicGhost__dynamicGhost_08()).JML_normal_behavior_operation_contract.0.key 
138282     INFO  main            d.u.i.k.p.i.AbstractProblemLoader Loading environment from /home/runner/work/key/key/key.core/../key.ui/examples/performance-test/DynamicGhost(DynamicGhost__dynamicGhost_08()).JML_normal_behavior_operation_contract.0.key 
138282     DEBUG main            d.u.i.k.p.i.AbstractProblemLoader Environment load took 219ns 
138283     INFO  main            d.u.i.k.p.i.AbstractProblemLoader Creating init config 
141093     DEBUG main            d.u.i.k.j.r.ClassPreparationMethodBuilder clPrepBuilder: Inner Class detected. Reject building class initialisation methods. 
147423     DEBUG main            d.u.i.k.p.i.AbstractProblemLoader Init config took 9.14s 
147513     INFO  main            d.u.i.k.p.i.AbstractProblemLoader Replaying proof DynamicGhost[DynamicGhost::dynamicGhost_8()].JML normal_behavior operation contract.0 
147516     DEBUG main            d.u.i.k.p.i.IntermediateProofReplayer Proof replay took 10.7ns 
151268     INFO  main            d.u.i.k.p.r.p.TestFile    ... finished proof: closed. 
151695     INFO  main            d.u.i.k.p.i.AbstractProblemLoader Loading environment from /home/runner/work/key/key/key.core/../key.ui/examples/performance-test/DynamicGhost(DynamicGhost__dynamicGhost_08()).JML_normal_behavior_operation_contract.0.key.proof 
151703     DEBUG main            d.u.i.k.p.i.AbstractProblemLoader Environment load took 8.2ms 
151705     INFO  main            d.u.i.k.p.i.AbstractProblemLoader Creating init config 
154364     DEBUG main            d.u.i.k.j.r.ClassPreparationMethodBuilder clPrepBuilder: Inner Class detected. Reject building class initialisation methods. 
160645     DEBUG main            d.u.i.k.p.i.AbstractProblemLoader Init config took 8.94s 
160747     INFO  main            d.u.i.k.p.i.AbstractProblemLoader Replaying proof DynamicGhost[DynamicGhost::dynamicGhost_8()].JML normal_behavior operation contract.0 
161173     DEBUG main            d.u.i.k.p.i.IntermediateProofReplayer Proof replay took 405.58ms 
161176     DEBUG main            d.u.i.k.p.r.p.TestFile    ... success: reloaded. 
161177     INFO  main            d.u.i.k.p.r.p.TestFile    Now processing file /home/runner/work/key/key/key.core/../key.ui/examples/performance-test/GhostFrame(GhostFrame__foo_08()).JML_operation_contract.0.key 
161177     INFO  main            d.u.i.k.p.i.AbstractProblemLoader Loading environment from /home/runner/work/key/key/key.core/../key.ui/examples/performance-test/GhostFrame(GhostFrame__foo_08()).JML_operation_contract.0.key 
161177     DEBUG main            d.u.i.k.p.i.AbstractProblemLoader Environment load took 130.8ns 
161178     INFO  main            d.u.i.k.p.i.AbstractProblemLoader Creating init config 
163937     DEBUG main            d.u.i.k.j.r.ClassPreparationMethodBuilder clPrepBuilder: Inner Class detected. Reject building class initialisation methods. 
170242     DEBUG main            d.u.i.k.p.i.AbstractProblemLoader Init config took 9.06s 
170317     INFO  main            d.u.i.k.p.i.AbstractProblemLoader Replaying proof GhostFrame[GhostFrame::foo_8()].JML operation contract.0 
170319     DEBUG main            d.u.i.k.p.i.IntermediateProofReplayer Proof replay took 11.8ns 
172159     INFO  main            d.u.i.k.p.r.p.TestFile    ... finished proof: closed. 
172538     INFO  main            d.u.i.k.p.i.AbstractProblemLoader Loading environment from /home/runner/work/key/key/key.core/../key.ui/examples/performance-test/GhostFrame(GhostFrame__foo_08()).JML_operation_contract.0.key.proof 
172540     DEBUG main            d.u.i.k.p.i.AbstractProblemLoader Environment load took 2.5ms 
172541     INFO  main            d.u.i.k.p.i.AbstractProblemLoader Creating init config 
175167     DEBUG main            d.u.i.k.j.r.ClassPreparationMethodBuilder clPrepBuilder: Inner Class detected. Reject building class initialisation methods. 
181436     DEBUG main            d.u.i.k.p.i.AbstractProblemLoader Init config took 8.89s 
181545     INFO  main            d.u.i.k.p.i.AbstractProblemLoader Replaying proof GhostFrame[GhostFrame::foo_8()].JML operation contract.0 
181789     DEBUG main            d.u.i.k.p.i.IntermediateProofReplayer Proof replay took 229.82ms 
181790     DEBUG main            d.u.i.k.p.r.p.TestFile    ... success: reloaded. 
181792     INFO  main            d.u.i.k.p.r.p.TestFile    Now processing file /home/runner/work/key/key/key.core/../key.ui/examples/performance-test/Modelfield(Modelfield__foo_08()).JML_operation_contract.0.key 
181792     INFO  main            d.u.i.k.p.i.AbstractProblemLoader Loading environment from /home/runner/work/key/key/key.core/../key.ui/examples/performance-test/Modelfield(Modelfield__foo_08()).JML_operation_contract.0.key 
181792     DEBUG main            d.u.i.k.p.i.AbstractProblemLoader Environment load took 102.6ns 
181793     INFO  main            d.u.i.k.p.i.AbstractProblemLoader Creating init config 
184515     DEBUG main            d.u.i.k.j.r.ClassPreparationMethodBuilder clPrepBuilder: Inner Class detected. Reject building class initialisation methods. 
190831     DEBUG main            d.u.i.k.p.i.AbstractProblemLoader Init config took 9.04s 
190906     INFO  main            d.u.i.k.p.i.AbstractProblemLoader Replaying proof Modelfield[Modelfield::foo_8()].JML operation contract.0 
190907     DEBUG main            d.u.i.k.p.i.IntermediateProofReplayer Proof replay took 5.8ns 
193727     INFO  main            d.u.i.k.p.r.p.TestFile    ... finished proof: closed. 
194142     INFO  main            d.u.i.k.p.i.AbstractProblemLoader Loading environment from /home/runner/work/key/key/key.core/../key.ui/examples/performance-test/Modelfield(Modelfield__foo_08()).JML_operation_contract.0.key.proof 
194142     DEBUG main            d.u.i.k.p.i.AbstractProblemLoader Environment load took 215.6ns 
194144     INFO  main            d.u.i.k.p.i.AbstractProblemLoader Creating init config 
196768     DEBUG main            d.u.i.k.j.r.ClassPreparationMethodBuilder clPrepBuilder: Inner Class detected. Reject building class initialisation methods. 
203024     DEBUG main            d.u.i.k.p.i.AbstractProblemLoader Init config took 8.88s 
203098     INFO  main            d.u.i.k.p.i.AbstractProblemLoader Replaying proof Modelfield[Modelfield::foo_8()].JML operation contract.0 
203389     DEBUG main            d.u.i.k.p.i.IntermediateProofReplayer Proof replay took 276.96ms 
203391     DEBUG main            d.u.i.k.p.r.p.TestFile    ... success: reloaded. 
341368     INFO  Test worker     d.u.i.k.p.r.RunAllProofsTestUnit Returning from test performance 
341369     INFO  Test worker     d.u.i.k.p.r.RunAllProofsTestUnit Running test performancePOConstruction 
352        INFO  Timeout watchdog d.u.i.k.p.r.p.ForkedTestFileRunner Timeout watcher launched (2000 secs.) 
365        WARN  main            d.u.i.k.s.ProofSettings   The settings in /home/runner/.key/proof-settings.props are *not* read. 
403        INFO  main            d.u.i.k.p.r.p.TestFile    Now processing file /home/runner/work/key/key/key.core/../key.ui/examples/performance-test/Test(Test__a0(int)).JML_normal_behavior_operation_contract.0.key 
530        INFO  main            d.u.i.k.p.i.AbstractProblemLoader Loading environment from /home/runner/work/key/key/key.core/../key.ui/examples/performance-test/Test(Test__a0(int)).JML_normal_behavior_operation_contract.0.key 
554        DEBUG main            d.u.i.k.p.i.AbstractProblemLoader Environment load took 2.41ms 
765        INFO  main            d.u.i.k.p.i.AbstractProblemLoader Creating init config 
1676       DEBUG main            d.u.i.k.j.TypeConverter   No LDT found for Meta 
1677       DEBUG main            d.u.i.k.j.TypeConverter   No LDT found for Meta 
1680       DEBUG main            d.u.i.k.j.TypeConverter   No LDT found for Meta 
1680       DEBUG main            d.u.i.k.j.TypeConverter   No LDT found for Meta 
3005       DEBUG main            d.u.i.k.j.TypeConverter   No LDT found for JavaBigintExpression 
7852       DEBUG main            d.u.i.k.j.r.ClassPreparationMethodBuilder clPrepBuilder: Inner Class detected. Reject building class initialisation methods. 
15332      DEBUG main            d.u.i.k.p.i.AbstractProblemLoader Init config took 14.57s 
16219      INFO  main            d.u.i.k.p.i.AbstractProblemLoader Replaying proof Test[Test::a0(int)].JML normal_behavior operation contract.0 
16270      DEBUG main            d.u.i.k.p.i.IntermediateProofReplayer Proof replay took 30.8ns 
16714      INFO  main            d.u.i.k.p.r.p.TestFile    ... finished proof: closed. 
16849      INFO  main            d.u.i.k.p.i.AbstractProblemLoader Loading environment from /home/runner/work/key/key/key.core/../key.ui/examples/performance-test/Test(Test__a0(int)).JML_normal_behavior_operation_contract.0.key.proof 
16849      DEBUG main            d.u.i.k.p.i.AbstractProblemLoader Environment load took 125.4ns 
16851      INFO  main            d.u.i.k.p.i.AbstractProblemLoader Creating init config 
19852      DEBUG main            d.u.i.k.j.r.ClassPreparationMethodBuilder clPrepBuilder: Inner Class detected. Reject building class initialisation methods. 
26371      DEBUG main            d.u.i.k.p.i.AbstractProblemLoader Init config took 9.52s 
27033      INFO  main            d.u.i.k.p.i.AbstractProblemLoader Replaying proof Test[Test::a0(int)].JML normal_behavior operation contract.0 
27060      DEBUG main            d.u.i.k.p.i.IntermediateProofReplayer Proof replay took 21.75ms 
27074      DEBUG main            d.u.i.k.p.r.p.TestFile    ... success: reloaded. 
27078      INFO  main            d.u.i.k.p.r.p.TestFile    Now processing file /home/runner/work/key/key/key.core/../key.ui/examples/performance-test/Test(Test__a1(int)).JML_normal_behavior_operation_contract.0.key 
27078      INFO  main            d.u.i.k.p.i.AbstractProblemLoader Loading environment from /home/runner/work/key/key/key.core/../key.ui/examples/performance-test/Test(Test__a1(int)).JML_normal_behavior_operation_contract.0.key 
27079      DEBUG main            d.u.i.k.p.i.AbstractProblemLoader Environment load took 251.6ns 
27081      INFO  main            d.u.i.k.p.i.AbstractProblemLoader Creating init config 
29915      DEBUG main            d.u.i.k.j.r.ClassPreparationMethodBuilder clPrepBuilder: Inner Class detected. Reject building class initialisation methods. 
36422      DEBUG main            d.u.i.k.p.i.AbstractProblemLoader Init config took 9.34s 
37068      INFO  main            d.u.i.k.p.i.AbstractProblemLoader Replaying proof Test[Test::a1(int)].JML normal_behavior operation contract.0 
37070      DEBUG main            d.u.i.k.p.i.IntermediateProofReplayer Proof replay took 5.9ns 
37375      INFO  main            d.u.i.k.p.r.p.TestFile    ... finished proof: closed. 
37651      INFO  main            d.u.i.k.p.i.AbstractProblemLoader Loading environment from /home/runner/work/key/key/key.core/../key.ui/examples/performance-test/Test(Test__a1(int)).JML_normal_behavior_operation_contract.0.key.proof 
37651      DEBUG main            d.u.i.k.p.i.AbstractProblemLoader Environment load took 153.1ns 
37652      INFO  main            d.u.i.k.p.i.AbstractProblemLoader Creating init config 
40516      DEBUG main            d.u.i.k.j.r.ClassPreparationMethodBuilder clPrepBuilder: Inner Class detected. Reject building class initialisation methods. 
46949      DEBUG main            d.u.i.k.p.i.AbstractProblemLoader Init config took 9.3s 
47603      INFO  main            d.u.i.k.p.i.AbstractProblemLoader Replaying proof Test[Test::a1(int)].JML normal_behavior operation contract.0 
47651      DEBUG main            d.u.i.k.p.i.IntermediateProofReplayer Proof replay took 45.08ms 
47653      DEBUG main            d.u.i.k.p.r.p.TestFile    ... success: reloaded. 
47654      INFO  main            d.u.i.k.p.r.p.TestFile    Now processing file /home/runner/work/key/key/key.core/../key.ui/examples/performance-test/Test(Test__f1(int)).JML_normal_behavior_operation_contract.0.key 
47655      INFO  main            d.u.i.k.p.i.AbstractProblemLoader Loading environment from /home/runner/work/key/key/key.core/../key.ui/examples/performance-test/Test(Test__f1(int)).JML_normal_behavior_operation_contract.0.key 
47655      DEBUG main            d.u.i.k.p.i.AbstractProblemLoader Environment load took 226.7ns 
47656      INFO  main            d.u.i.k.p.i.AbstractProblemLoader Creating init config 
50375      DEBUG main            d.u.i.k.j.r.ClassPreparationMethodBuilder clPrepBuilder: Inner Class detected. Reject building class initialisation methods. 
56781      DEBUG main            d.u.i.k.p.i.AbstractProblemLoader Init config took 9.13s 
57418      INFO  main            d.u.i.k.p.i.AbstractProblemLoader Replaying proof Test[Test::f1(int)].JML normal_behavior operation contract.0 
57419      DEBUG main            d.u.i.k.p.i.IntermediateProofReplayer Proof replay took 5.3ns 
57627      INFO  main            d.u.i.k.p.r.p.TestFile    ... finished proof: closed. 
57899      INFO  main            d.u.i.k.p.i.AbstractProblemLoader Loading environment from /home/runner/work/key/key/key.core/../key.ui/examples/performance-test/Test(Test__f1(int)).JML_normal_behavior_operation_contract.0.key.proof 
57899      DEBUG main            d.u.i.k.p.i.AbstractProblemLoader Environment load took 475.9ns 
57900      INFO  main            d.u.i.k.p.i.AbstractProblemLoader Creating init config 
60580      DEBUG main            d.u.i.k.j.r.ClassPreparationMethodBuilder clPrepBuilder: Inner Class detected. Reject building class initialisation methods. 
66926      DEBUG main            d.u.i.k.p.i.AbstractProblemLoader Init config took 9.03s 
67543      INFO  main            d.u.i.k.p.i.AbstractProblemLoader Replaying proof Test[Test::f1(int)].JML normal_behavior operation contract.0 
67583      DEBUG main            d.u.i.k.p.i.IntermediateProofReplayer Proof replay took 37.04ms 
67585      DEBUG main            d.u.i.k.p.r.p.TestFile    ... success: reloaded. 
409127     INFO  Test worker     d.u.i.k.p.r.RunAllProofsTestUnit Returning from test performancePOConstruction 
409129     INFO  Test worker     d.u.i.k.p.r.RunAllProofsTestUnit Running test applicationRestrictions 
328        INFO  Timeout watchdog d.u.i.k.p.r.p.ForkedTestFileRunner Timeout watcher launched (2000 secs.) 
337        WARN  main            d.u.i.k.s.ProofSettings   The settings in /home/runner/.key/proof-settings.props are *not* read. 
376        INFO  main            d.u.i.k.p.r.p.TestFile    Now processing file /home/runner/work/key/key/key.core/../key.ui/examples/heap/polarity_tests/wellformed1.key 
507        INFO  main            d.u.i.k.p.i.AbstractProblemLoader Loading environment from /home/runner/work/key/key/key.core/../key.ui/examples/heap/polarity_tests/wellformed1.key 
532        DEBUG main            d.u.i.k.p.i.AbstractProblemLoader Environment load took 2.2ms 
790        INFO  main            d.u.i.k.p.i.AbstractProblemLoader Creating init config 
1730       DEBUG main            d.u.i.k.j.TypeConverter   No LDT found for Meta 
1731       DEBUG main            d.u.i.k.j.TypeConverter   No LDT found for Meta 
1734       DEBUG main            d.u.i.k.j.TypeConverter   No LDT found for Meta 
1734       DEBUG main            d.u.i.k.j.TypeConverter   No LDT found for Meta 
3211       DEBUG main            d.u.i.k.j.TypeConverter   No LDT found for JavaBigintExpression 
8173       DEBUG main            d.u.i.k.p.i.AbstractProblemLoader Init config took 7.38s 
8246       INFO  main            d.u.i.k.p.i.AbstractProblemLoader Replaying proof wellformed1.key 
8279       DEBUG main            d.u.i.k.p.i.IntermediateProofReplayer Proof replay took 32ns 
8442       INFO  main            d.u.i.k.p.r.p.TestFile    ... finished proof: closed. 
8525       INFO  main            d.u.i.k.p.i.AbstractProblemLoader Loading environment from /home/runner/work/key/key/key.core/../key.ui/examples/heap/polarity_tests/wellformed1.key.proof 
8525       DEBUG main            d.u.i.k.p.i.AbstractProblemLoader Environment load took 126.1ns 
8529       INFO  main            d.u.i.k.p.i.AbstractProblemLoader Creating init config 
11182      DEBUG main            d.u.i.k.p.i.AbstractProblemLoader Init config took 2.65s 
11225      INFO  main            d.u.i.k.p.i.AbstractProblemLoader Replaying proof wellformed1.key.proof 
11232      DEBUG main            d.u.i.k.p.i.IntermediateProofReplayer Proof replay took 2.21ms 
11241      DEBUG main            d.u.i.k.p.r.p.TestFile    ... success: reloaded. 
11242      INFO  main            d.u.i.k.p.r.p.TestFile    Now processing file /home/runner/work/key/key/key.core/../key.ui/examples/heap/polarity_tests/wellformed2.key 
11242      INFO  main            d.u.i.k.p.i.AbstractProblemLoader Loading environment from /home/runner/work/key/key/key.core/../key.ui/examples/heap/polarity_tests/wellformed2.key 
11243      DEBUG main            d.u.i.k.p.i.AbstractProblemLoader Environment load took 239ns 
11244      INFO  main            d.u.i.k.p.i.AbstractProblemLoader Creating init config 
13790      DEBUG main            d.u.i.k.p.i.AbstractProblemLoader Init config took 2.55s 
13818      INFO  main            d.u.i.k.p.i.AbstractProblemLoader Replaying proof wellformed2.key 
13820      DEBUG main            d.u.i.k.p.i.IntermediateProofReplayer Proof replay took 5.7ns 
13925      INFO  main            d.u.i.k.p.r.p.TestFile    ... finished proof: open goal(s) 
14033      INFO  main            d.u.i.k.p.r.p.TestFile    Now processing file /home/runner/work/key/key/key.core/../key.ui/examples/heap/polarity_tests/wellformed3.key 
14033      INFO  main            d.u.i.k.p.i.AbstractProblemLoader Loading environment from /home/runner/work/key/key/key.core/../key.ui/examples/heap/polarity_tests/wellformed3.key 
14033      DEBUG main            d.u.i.k.p.i.AbstractProblemLoader Environment load took 77.4ns 
14035      INFO  main            d.u.i.k.p.i.AbstractProblemLoader Creating init config 
16528      DEBUG main            d.u.i.k.p.i.AbstractProblemLoader Init config took 2.49s 
16550      INFO  main            d.u.i.k.p.i.AbstractProblemLoader Replaying proof wellformed3.key 
16552      DEBUG main            d.u.i.k.p.i.IntermediateProofReplayer Proof replay took 5.8ns 
16657      INFO  main            d.u.i.k.p.r.p.TestFile    ... finished proof: closed. 
16790      INFO  main            d.u.i.k.p.i.AbstractProblemLoader Loading environment from /home/runner/work/key/key/key.core/../key.ui/examples/heap/polarity_tests/wellformed3.key.proof 
16791      DEBUG main            d.u.i.k.p.i.AbstractProblemLoader Environment load took 120.1ns 
16792      INFO  main            d.u.i.k.p.i.AbstractProblemLoader Creating init config 
19292      DEBUG main            d.u.i.k.p.i.AbstractProblemLoader Init config took 2.5s 
19311      INFO  main            d.u.i.k.p.i.AbstractProblemLoader Replaying proof wellformed3.key.proof 
19315      DEBUG main            d.u.i.k.p.i.IntermediateProofReplayer Proof replay took 1.83ms 
19316      DEBUG main            d.u.i.k.p.r.p.TestFile    ... success: reloaded. 
19317      INFO  main            d.u.i.k.p.r.p.TestFile    Now processing file /home/runner/work/key/key/key.core/../key.ui/examples/heap/polarity_tests/wellformed4.key 
19317      INFO  main            d.u.i.k.p.i.AbstractProblemLoader Loading environment from /home/runner/work/key/key/key.core/../key.ui/examples/heap/polarity_tests/wellformed4.key 
19318      DEBUG main            d.u.i.k.p.i.AbstractProblemLoader Environment load took 219.4ns 
19319      INFO  main            d.u.i.k.p.i.AbstractProblemLoader Creating init config 
21770      DEBUG main            d.u.i.k.p.i.AbstractProblemLoader Init config took 2.45s 
21790      INFO  main            d.u.i.k.p.i.AbstractProblemLoader Replaying proof wellformed4.key 
21793      DEBUG main            d.u.i.k.p.i.IntermediateProofReplayer Proof replay took 6.4ns 
21896      INFO  main            d.u.i.k.p.r.p.TestFile    ... finished proof: open goal(s) 
22014      INFO  main            d.u.i.k.p.r.p.TestFile    Now processing file /home/runner/work/key/key/key.core/../key.ui/examples/heap/polarity_tests/wellformed5.key 
22014      INFO  main            d.u.i.k.p.i.AbstractProblemLoader Loading environment from /home/runner/work/key/key/key.core/../key.ui/examples/heap/polarity_tests/wellformed5.key 
22015      DEBUG main            d.u.i.k.p.i.AbstractProblemLoader Environment load took 62.9ns 
22016      INFO  main            d.u.i.k.p.i.AbstractProblemLoader Creating init config 
24457      DEBUG main            d.u.i.k.p.i.AbstractProblemLoader Init config took 2.44s 
24476      INFO  main            d.u.i.k.p.i.AbstractProblemLoader Replaying proof wellformed5.key 
24478      DEBUG main            d.u.i.k.p.i.IntermediateProofReplayer Proof replay took 5.7ns 
24581      INFO  main            d.u.i.k.p.r.p.TestFile    ... finished proof: closed. 
24692      INFO  main            d.u.i.k.p.i.AbstractProblemLoader Loading environment from /home/runner/work/key/key/key.core/../key.ui/examples/heap/polarity_tests/wellformed5.key.proof 
24693      DEBUG main            d.u.i.k.p.i.AbstractProblemLoader Environment load took 111.9ns 
24694      INFO  main            d.u.i.k.p.i.AbstractProblemLoader Creating init config 
27093      DEBUG main            d.u.i.k.p.i.AbstractProblemLoader Init config took 2.4s 
27128      INFO  main            d.u.i.k.p.i.AbstractProblemLoader Replaying proof wellformed5.key.proof 
27135      DEBUG main            d.u.i.k.p.i.IntermediateProofReplayer Proof replay took 949.19ns 
27136      DEBUG main            d.u.i.k.p.r.p.TestFile    ... success: reloaded. 
27137      INFO  main            d.u.i.k.p.r.p.TestFile    Now processing file /home/runner/work/key/key/key.core/../key.ui/examples/heap/polarity_tests/wellformed6.key 
27137      INFO  main            d.u.i.k.p.i.AbstractProblemLoader Loading environment from /home/runner/work/key/key/key.core/../key.ui/examples/heap/polarity_tests/wellformed6.key 
27137      DEBUG main            d.u.i.k.p.i.AbstractProblemLoader Environment load took 209ns 
27140      INFO  main            d.u.i.k.p.i.AbstractProblemLoader Creating init config 
29566      DEBUG main            d.u.i.k.p.i.AbstractProblemLoader Init config took 2.43s 
29597      INFO  main            d.u.i.k.p.i.AbstractProblemLoader Replaying proof wellformed6.key 
29599      DEBUG main            d.u.i.k.p.i.IntermediateProofReplayer Proof replay took 6.7ns 
29701      INFO  main            d.u.i.k.p.r.p.TestFile    ... finished proof: open goal(s) 
29828      INFO  main            d.u.i.k.p.r.p.TestFile    Now processing file /home/runner/work/key/key/key.core/../key.ui/examples/heap/polarity_tests/wellformed7.key 
29828      INFO  main            d.u.i.k.p.i.AbstractProblemLoader Loading environment from /home/runner/work/key/key/key.core/../key.ui/examples/heap/polarity_tests/wellformed7.key 
29828      DEBUG main            d.u.i.k.p.i.AbstractProblemLoader Environment load took 98.2ns 
29829      INFO  main            d.u.i.k.p.i.AbstractProblemLoader Creating init config 
32189      DEBUG main            d.u.i.k.p.i.AbstractProblemLoader Init config took 2.36s 
32206      INFO  main            d.u.i.k.p.i.AbstractProblemLoader Replaying proof wellformed7.key 
32208      DEBUG main            d.u.i.k.p.i.IntermediateProofReplayer Proof replay took 7.3ns 
32311      INFO  main            d.u.i.k.p.r.p.TestFile    ... finished proof: closed. 
32433      INFO  main            d.u.i.k.p.i.AbstractProblemLoader Loading environment from /home/runner/work/key/key/key.core/../key.ui/examples/heap/polarity_tests/wellformed7.key.proof 
32433      DEBUG main            d.u.i.k.p.i.AbstractProblemLoader Environment load took 107.8ns 
32434      INFO  main            d.u.i.k.p.i.AbstractProblemLoader Creating init config 
34911      DEBUG main            d.u.i.k.p.i.AbstractProblemLoader Init config took 2.48s 
34931      INFO  main            d.u.i.k.p.i.AbstractProblemLoader Replaying proof wellformed7.key.proof 
34934      DEBUG main            d.u.i.k.p.i.IntermediateProofReplayer Proof replay took 1.34ms 
34935      DEBUG main            d.u.i.k.p.r.p.TestFile    ... success: reloaded. 
34936      INFO  main            d.u.i.k.p.r.p.TestFile    Now processing file /home/runner/work/key/key/key.core/../key.ui/examples/heap/polarity_tests/wellformed8.key 
34936      INFO  main            d.u.i.k.p.i.AbstractProblemLoader Loading environment from /home/runner/work/key/key/key.core/../key.ui/examples/heap/polarity_tests/wellformed8.key 
34936      DEBUG main            d.u.i.k.p.i.AbstractProblemLoader Environment load took 218.4ns 
34937      INFO  main            d.u.i.k.p.i.AbstractProblemLoader Creating init config 
37440      DEBUG main            d.u.i.k.p.i.AbstractProblemLoader Init config took 2.5s 
37455      INFO  main            d.u.i.k.p.i.AbstractProblemLoader Replaying proof wellformed8.key 
37457      DEBUG main            d.u.i.k.p.i.IntermediateProofReplayer Proof replay took 6.8ns 
37562      INFO  main            d.u.i.k.p.r.p.TestFile    ... finished proof: open goal(s) 
37699      INFO  main            d.u.i.k.p.r.p.TestFile    Now processing file /home/runner/work/key/key/key.core/../key.ui/examples/heap/polarity_tests/wellformed9.key 
37700      INFO  main            d.u.i.k.p.i.AbstractProblemLoader Loading environment from /home/runner/work/key/key/key.core/../key.ui/examples/heap/polarity_tests/wellformed9.key 
37700      DEBUG main            d.u.i.k.p.i.AbstractProblemLoader Environment load took 65.3ns 
37701      INFO  main            d.u.i.k.p.i.AbstractProblemLoader Creating init config 
40139      DEBUG main            d.u.i.k.p.i.AbstractProblemLoader Init config took 2.44s 
40162      INFO  main            d.u.i.k.p.i.AbstractProblemLoader Replaying proof wellformed9.key 
40163      DEBUG main            d.u.i.k.p.i.IntermediateProofReplayer Proof replay took 6ns 
40269      INFO  main            d.u.i.k.p.r.p.TestFile    ... finished proof: closed. 
40394      INFO  main            d.u.i.k.p.i.AbstractProblemLoader Loading environment from /home/runner/work/key/key/key.core/../key.ui/examples/heap/polarity_tests/wellformed9.key.proof 
40394      DEBUG main            d.u.i.k.p.i.AbstractProblemLoader Environment load took 114ns 
40396      INFO  main            d.u.i.k.p.i.AbstractProblemLoader Creating init config 
42748      DEBUG main            d.u.i.k.p.i.AbstractProblemLoader Init config took 2.35s 
42763      INFO  main            d.u.i.k.p.i.AbstractProblemLoader Replaying proof wellformed9.key.proof 
42767      DEBUG main            d.u.i.k.p.i.IntermediateProofReplayer Proof replay took 1.34ms 
42767      DEBUG main            d.u.i.k.p.r.p.TestFile    ... success: reloaded. 
42768      INFO  main            d.u.i.k.p.r.p.TestFile    Now processing file /home/runner/work/key/key/key.core/../key.ui/examples/heap/polarity_tests/wellformed10.key 
42768      INFO  main            d.u.i.k.p.i.AbstractProblemLoader Loading environment from /home/runner/work/key/key/key.core/../key.ui/examples/heap/polarity_tests/wellformed10.key 
42769      DEBUG main            d.u.i.k.p.i.AbstractProblemLoader Environment load took 100.8ns 
42770      INFO  main            d.u.i.k.p.i.AbstractProblemLoader Creating init config 
45187      DEBUG main            d.u.i.k.p.i.AbstractProblemLoader Init config took 2.42s 
45207      INFO  main            d.u.i.k.p.i.AbstractProblemLoader Replaying proof wellformed10.key 
45208      DEBUG main            d.u.i.k.p.i.IntermediateProofReplayer Proof replay took 6.3ns 
45313      INFO  main            d.u.i.k.p.r.p.TestFile    ... finished proof: open goal(s) 
45465      INFO  main            d.u.i.k.p.r.p.TestFile    Now processing file /home/runner/work/key/key/key.core/../key.ui/examples/heap/polarity_tests/wellformed11.key 
45466      INFO  main            d.u.i.k.p.i.AbstractProblemLoader Loading environment from /home/runner/work/key/key/key.core/../key.ui/examples/heap/polarity_tests/wellformed11.key 
45466      DEBUG main            d.u.i.k.p.i.AbstractProblemLoader Environment load took 67.9ns 
45467      INFO  main            d.u.i.k.p.i.AbstractProblemLoader Creating init config 
47811      DEBUG main            d.u.i.k.p.i.AbstractProblemLoader Init config took 2.34s 
47826      INFO  main            d.u.i.k.p.i.AbstractProblemLoader Replaying proof wellformed11.key 
47827      DEBUG main            d.u.i.k.p.i.IntermediateProofReplayer Proof replay took 6.5ns 
47930      INFO  main            d.u.i.k.p.r.p.TestFile    ... finished proof: open goal(s) 
457357     INFO  Test worker     d.u.i.k.p.r.RunAllProofsTestUnit Returning from test applicationRestrictions 
457359     INFO  Test worker     d.u.i.k.p.r.RunAllProofsTestUnit Running test blockContracts 
305        INFO  Timeout watchdog d.u.i.k.p.r.p.ForkedTestFileRunner Timeout watcher launched (2000 secs.) 
327        WARN  main            d.u.i.k.s.ProofSettings   The settings in /home/runner/.key/proof-settings.props are *not* read. 
365        INFO  main            d.u.i.k.p.r.p.TestFile    Now processing file /home/runner/work/key/key/key.core/../key.ui/examples/heap/block_contracts/Simple__add.key 
469        INFO  main            d.u.i.k.p.i.AbstractProblemLoader Loading environment from /home/runner/work/key/key/key.core/../key.ui/examples/heap/block_contracts/Simple__add.key 
494        DEBUG main            d.u.i.k.p.i.AbstractProblemLoader Environment load took 2.23ms 
701        INFO  main            d.u.i.k.p.i.AbstractProblemLoader Creating init config 
1585       DEBUG main            d.u.i.k.j.TypeConverter   No LDT found for Meta 
1585       DEBUG main            d.u.i.k.j.TypeConverter   No LDT found for Meta 
1586       DEBUG main            d.u.i.k.j.TypeConverter   No LDT found for Meta 
1587       DEBUG main            d.u.i.k.j.TypeConverter   No LDT found for Meta 
2791       DEBUG main            d.u.i.k.j.TypeConverter   No LDT found for JavaBigintExpression 
8490       DEBUG main            d.u.i.k.p.i.AbstractProblemLoader Init config took 7.79s 
8609       INFO  main            d.u.i.k.p.i.AbstractProblemLoader Replaying proof Simple[Simple::add(int,int)].JML operation contract.0 
8696       DEBUG main            d.u.i.k.p.i.IntermediateProofReplayer Proof replay took 303.4ns 
9431       INFO  main            d.u.i.k.p.r.p.TestFile    ... finished proof: closed. 
9534       INFO  main            d.u.i.k.p.i.AbstractProblemLoader Loading environment from /home/runner/work/key/key/key.core/../key.ui/examples/heap/block_contracts/Simple__add.key.proof 
9534       DEBUG main            d.u.i.k.p.i.AbstractProblemLoader Environment load took 134.3ns 
9539       INFO  main            d.u.i.k.p.i.AbstractProblemLoader Creating init config 
12757      DEBUG main            d.u.i.k.p.i.AbstractProblemLoader Init config took 3.22s 
12815      INFO  main            d.u.i.k.p.i.AbstractProblemLoader Replaying proof Simple[Simple::add(int,int)].JML operation contract.0 
12874      DEBUG main            d.u.i.k.p.i.IntermediateProofReplayer Proof replay took 54.25ms 
12880      DEBUG main            d.u.i.k.p.r.p.TestFile    ... success: reloaded. 
12881      INFO  main            d.u.i.k.p.r.p.TestFile    Now processing file /home/runner/work/key/key/key.core/../key.ui/examples/heap/block_contracts/Simple__addAbsoluteValues.key 
12882      INFO  main            d.u.i.k.p.i.AbstractProblemLoader Loading environment from /home/runner/work/key/key/key.core/../key.ui/examples/heap/block_contracts/Simple__addAbsoluteValues.key 
12882      DEBUG main            d.u.i.k.p.i.AbstractProblemLoader Environment load took 223.1ns 
12883      INFO  main            d.u.i.k.p.i.AbstractProblemLoader Creating init config 
16036      DEBUG main            d.u.i.k.p.i.AbstractProblemLoader Init config took 3.15s 
16109      INFO  main            d.u.i.k.p.i.AbstractProblemLoader Replaying proof Simple[Simple::addAbsoluteValues(int,int)].JML normal_behavior operation contract.0 
16112      DEBUG main            d.u.i.k.p.i.IntermediateProofReplayer Proof replay took 13.7ns 
17029      INFO  main            d.u.i.k.p.r.p.TestFile    ... finished proof: closed. 
17198      INFO  main            d.u.i.k.p.i.AbstractProblemLoader Loading environment from /home/runner/work/key/key/key.core/../key.ui/examples/heap/block_contracts/Simple__addAbsoluteValues.key.proof 
17201      DEBUG main            d.u.i.k.p.i.AbstractProblemLoader Environment load took 3.16ms 
17203      INFO  main            d.u.i.k.p.i.AbstractProblemLoader Creating init config 
20225      DEBUG main            d.u.i.k.p.i.AbstractProblemLoader Init config took 3.02s 
20305      INFO  main            d.u.i.k.p.i.AbstractProblemLoader Replaying proof Simple[Simple::addAbsoluteValues(int,int)].JML normal_behavior operation contract.0 
20491      DEBUG main            d.u.i.k.p.i.IntermediateProofReplayer Proof replay took 172.18ms 
20494      DEBUG main            d.u.i.k.p.r.p.TestFile    ... success: reloaded. 
20496      INFO  main            d.u.i.k.p.r.p.TestFile    Now processing file /home/runner/work/key/key/key.core/../key.ui/examples/heap/block_contracts/Simple__addWithJump.key 
20497      INFO  main            d.u.i.k.p.i.AbstractProblemLoader Loading environment from /home/runner/work/key/key/key.core/../key.ui/examples/heap/block_contracts/Simple__addWithJump.key 
20497      DEBUG main            d.u.i.k.p.i.AbstractProblemLoader Environment load took 266.3ns 
20499      INFO  main            d.u.i.k.p.i.AbstractProblemLoader Creating init config 
23523      DEBUG main            d.u.i.k.p.i.AbstractProblemLoader Init config took 3.02s 
23569      INFO  main            d.u.i.k.p.i.AbstractProblemLoader Replaying proof Simple[Simple::addWithJump(int,int,int)].JML operation contract.0 
23571      DEBUG main            d.u.i.k.p.i.IntermediateProofReplayer Proof replay took 9.2ns 
23777      INFO  main            d.u.i.k.p.r.p.TestFile    ... finished proof: closed. 
23977      INFO  main            d.u.i.k.p.i.AbstractProblemLoader Loading environment from /home/runner/work/key/key/key.core/../key.ui/examples/heap/block_contracts/Simple__addWithJump.key.proof 
23978      DEBUG main            d.u.i.k.p.i.AbstractProblemLoader Environment load took 115.3ns 
23979      INFO  main            d.u.i.k.p.i.AbstractProblemLoader Creating init config 
26907      DEBUG main            d.u.i.k.p.i.AbstractProblemLoader Init config took 2.93s 
26950      INFO  main            d.u.i.k.p.i.AbstractProblemLoader Replaying proof Simple[Simple::addWithJump(int,int,int)].JML operation contract.0 
26984      DEBUG main            d.u.i.k.p.i.IntermediateProofReplayer Proof replay took 31.3ms 
26985      DEBUG main            d.u.i.k.p.r.p.TestFile    ... success: reloaded. 
26987      INFO  main            d.u.i.k.p.r.p.TestFile    Now processing file /home/runner/work/key/key/key.core/../key.ui/examples/heap/block_contracts/Simple__addWithTwoBlockContracts.key 
26987      INFO  main            d.u.i.k.p.i.AbstractProblemLoader Loading environment from /home/runner/work/key/key/key.core/../key.ui/examples/heap/block_contracts/Simple__addWithTwoBlockContracts.key 
26987      DEBUG main            d.u.i.k.p.i.AbstractProblemLoader Environment load took 210.1ns 
26988      INFO  main            d.u.i.k.p.i.AbstractProblemLoader Creating init config 
29951      DEBUG main            d.u.i.k.p.i.AbstractProblemLoader Init config took 2.96s 
30008      INFO  main            d.u.i.k.p.i.AbstractProblemLoader Replaying proof Simple[Simple::addWithTwoBlockContracts(int,int,int)].JML operation contract.0 
30011      DEBUG main            d.u.i.k.p.i.IntermediateProofReplayer Proof replay took 9.7ns 
30214      INFO  main            d.u.i.k.p.r.p.TestFile    ... finished proof: closed. 
30388      INFO  main            d.u.i.k.p.i.AbstractProblemLoader Loading environment from /home/runner/work/key/key/key.core/../key.ui/examples/heap/block_contracts/Simple__addWithTwoBlockContracts.key.proof 
30388      DEBUG main            d.u.i.k.p.i.AbstractProblemLoader Environment load took 120.1ns 
30389      INFO  main            d.u.i.k.p.i.AbstractProblemLoader Creating init config 
33288      DEBUG main            d.u.i.k.p.i.AbstractProblemLoader Init config took 2.9s 
33330      INFO  main            d.u.i.k.p.i.AbstractProblemLoader Replaying proof Simple[Simple::addWithTwoBlockContracts(int,int,int)].JML operation contract.0 
33382      DEBUG main            d.u.i.k.p.i.IntermediateProofReplayer Proof replay took 46.99ms 
33383      DEBUG main            d.u.i.k.p.r.p.TestFile    ... success: reloaded. 
33385      INFO  main            d.u.i.k.p.r.p.TestFile    Now processing file /home/runner/work/key/key/key.core/../key.ui/examples/heap/block_contracts/Simple__generateByteArray.key 
33385      INFO  main            d.u.i.k.p.i.AbstractProblemLoader Loading environment from /home/runner/work/key/key/key.core/../key.ui/examples/heap/block_contracts/Simple__generateByteArray.key 
33386      DEBUG main            d.u.i.k.p.i.AbstractProblemLoader Environment load took 218.7ns 
33387      INFO  main            d.u.i.k.p.i.AbstractProblemLoader Creating init config 
36364      DEBUG main            d.u.i.k.p.i.AbstractProblemLoader Init config took 2.98s 
36415      INFO  main            d.u.i.k.p.i.AbstractProblemLoader Replaying proof Simple[Simple::generateByteArray()].JML normal_behavior operation contract.0 
36417      DEBUG main            d.u.i.k.p.i.IntermediateProofReplayer Proof replay took 9.1ns 
38124      INFO  main            d.u.i.k.p.r.p.TestFile    ... finished proof: closed. 
38317      INFO  main            d.u.i.k.p.i.AbstractProblemLoader Loading environment from /home/runner/work/key/key/key.core/../key.ui/examples/heap/block_contracts/Simple__generateByteArray.key.proof 
38317      DEBUG main            d.u.i.k.p.i.AbstractProblemLoader Environment load took 442.5ns 
38319      INFO  main            d.u.i.k.p.i.AbstractProblemLoader Creating init config 
41193      DEBUG main            d.u.i.k.p.i.AbstractProblemLoader Init config took 2.87s 
41233      INFO  main            d.u.i.k.p.i.AbstractProblemLoader Replaying proof Simple[Simple::generateByteArray()].JML normal_behavior operation contract.0 
41436      DEBUG main            d.u.i.k.p.i.IntermediateProofReplayer Proof replay took 188.56ms 
41437      DEBUG main            d.u.i.k.p.r.p.TestFile    ... success: reloaded. 
41438      INFO  main            d.u.i.k.p.r.p.TestFile    Now processing file /home/runner/work/key/key/key.core/../key.ui/examples/heap/block_contracts/Simple__getLength.key 
41439      INFO  main            d.u.i.k.p.i.AbstractProblemLoader Loading environment from /home/runner/work/key/key/key.core/../key.ui/examples/heap/block_contracts/Simple__getLength.key 
41439      DEBUG main            d.u.i.k.p.i.AbstractProblemLoader Environment load took 230.7ns 
41440      INFO  main            d.u.i.k.p.i.AbstractProblemLoader Creating init config 
44418      DEBUG main            d.u.i.k.p.i.AbstractProblemLoader Init config took 2.98s 
44458      INFO  main            d.u.i.k.p.i.AbstractProblemLoader Replaying proof Simple[Simple::getLength()].JML normal_behavior operation contract.0 
44461      DEBUG main            d.u.i.k.p.i.IntermediateProofReplayer Proof replay took 10.3ns 
44563      INFO  main            d.u.i.k.p.r.p.TestFile    ... finished proof: closed. 
44746      INFO  main            d.u.i.k.p.i.AbstractProblemLoader Loading environment from /home/runner/work/key/key/key.core/../key.ui/examples/heap/block_contracts/Simple__getLength.key.proof 
44746      DEBUG main            d.u.i.k.p.i.AbstractProblemLoader Environment load took 104.9ns 
44747      INFO  main            d.u.i.k.p.i.AbstractProblemLoader Creating init config 
47665      DEBUG main            d.u.i.k.p.i.AbstractProblemLoader Init config took 2.92s 
47706      INFO  main            d.u.i.k.p.i.AbstractProblemLoader Replaying proof Simple[Simple::getLength()].JML normal_behavior operation contract.0 
47714      DEBUG main            d.u.i.k.p.i.IntermediateProofReplayer Proof replay took 6.03ms 
47715      DEBUG main            d.u.i.k.p.r.p.TestFile    ... success: reloaded. 
47716      INFO  main            d.u.i.k.p.r.p.TestFile    Now processing file /home/runner/work/key/key/key.core/../key.ui/examples/heap/block_contracts/Simple__square.key 
47717      INFO  main            d.u.i.k.p.i.AbstractProblemLoader Loading environment from /home/runner/work/key/key/key.core/../key.ui/examples/heap/block_contracts/Simple__square.key 
47717      DEBUG main            d.u.i.k.p.i.AbstractProblemLoader Environment load took 216.3ns 
47718      INFO  main            d.u.i.k.p.i.AbstractProblemLoader Creating init config 
50752      DEBUG main            d.u.i.k.p.i.AbstractProblemLoader Init config took 3.03s 
50791      INFO  main            d.u.i.k.p.i.AbstractProblemLoader Replaying proof Simple[Simple::square(int)].JML operation contract.0 
50793      DEBUG main            d.u.i.k.p.i.IntermediateProofReplayer Proof replay took 10.3ns 
51198      INFO  main            d.u.i.k.p.r.p.TestFile    ... finished proof: closed. 
51385      INFO  main            d.u.i.k.p.i.AbstractProblemLoader Loading environment from /home/runner/work/key/key/key.core/../key.ui/examples/heap/block_contracts/Simple__square.key.proof 
51386      DEBUG main            d.u.i.k.p.i.AbstractProblemLoader Environment load took 105ns 
51386      INFO  main            d.u.i.k.p.i.AbstractProblemLoader Creating init config 
54303      DEBUG main            d.u.i.k.p.i.AbstractProblemLoader Init config took 2.92s 
54343      INFO  main            d.u.i.k.p.i.AbstractProblemLoader Replaying proof Simple[Simple::square(int)].JML operation contract.0 
54421      DEBUG main            d.u.i.k.p.i.IntermediateProofReplayer Proof replay took 74.1ms 
54422      DEBUG main            d.u.i.k.p.r.p.TestFile    ... success: reloaded. 
54423      INFO  main            d.u.i.k.p.r.p.TestFile    Now processing file /home/runner/work/key/key/key.core/../key.ui/examples/heap/block_contracts/Simple__unnecessaryBlockContract.key 
54424      INFO  main            d.u.i.k.p.i.AbstractProblemLoader Loading environment from /home/runner/work/key/key/key.core/../key.ui/examples/heap/block_contracts/Simple__unnecessaryBlockContract.key 
54424      DEBUG main            d.u.i.k.p.i.AbstractProblemLoader Environment load took 243.3ns 
54425      INFO  main            d.u.i.k.p.i.AbstractProblemLoader Creating init config 
57346      DEBUG main            d.u.i.k.p.i.AbstractProblemLoader Init config took 2.92s 
57384      INFO  main            d.u.i.k.p.i.AbstractProblemLoader Replaying proof Simple[Simple::unnecessaryBlockContract()].JML operation contract.0 
57386      DEBUG main            d.u.i.k.p.i.IntermediateProofReplayer Proof replay took 12.1ns 
57489      INFO  main            d.u.i.k.p.r.p.TestFile    ... finished proof: closed. 
57671      INFO  main            d.u.i.k.p.i.AbstractProblemLoader Loading environment from /home/runner/work/key/key/key.core/../key.ui/examples/heap/block_contracts/Simple__unnecessaryBlockContract.key.proof 
57671      DEBUG main            d.u.i.k.p.i.AbstractProblemLoader Environment load took 123.6ns 
57673      INFO  main            d.u.i.k.p.i.AbstractProblemLoader Creating init config 
60549      DEBUG main            d.u.i.k.p.i.AbstractProblemLoader Init config took 2.88s 
60586      INFO  main            d.u.i.k.p.i.AbstractProblemLoader Replaying proof Simple[Simple::unnecessaryBlockContract()].JML operation contract.0 
60603      DEBUG main            d.u.i.k.p.i.IntermediateProofReplayer Proof replay took 15.14ms 
60604      DEBUG main            d.u.i.k.p.r.p.TestFile    ... success: reloaded. 
60605      INFO  main            d.u.i.k.p.r.p.TestFile    Now processing file /home/runner/work/key/key/key.core/../key.ui/examples/heap/block_contracts/Simple__unnecessaryLoopInvariant.key 
60612      INFO  main            d.u.i.k.p.i.AbstractProblemLoader Loading environment from /home/runner/work/key/key/key.core/../key.ui/examples/heap/block_contracts/Simple__unnecessaryLoopInvariant.key 
60612      DEBUG main            d.u.i.k.p.i.AbstractProblemLoader Environment load took 65.8ns 
60613      INFO  main            d.u.i.k.p.i.AbstractProblemLoader Creating init config 
63481      DEBUG main            d.u.i.k.p.i.AbstractProblemLoader Init config took 2.87s 
63518      INFO  main            d.u.i.k.p.i.AbstractProblemLoader Replaying proof Simple[Simple::unnecessaryLoopInvariant()].JML operation contract.0 
63520      DEBUG main            d.u.i.k.p.i.IntermediateProofReplayer Proof replay took 9.4ns 
63621      INFO  main            d.u.i.k.p.r.p.TestFile    ... finished proof: closed. 
63799      INFO  main            d.u.i.k.p.i.AbstractProblemLoader Loading environment from /home/runner/work/key/key/key.core/../key.ui/examples/heap/block_contracts/Simple__unnecessaryLoopInvariant.key.proof 
63799      DEBUG main            d.u.i.k.p.i.AbstractProblemLoader Environment load took 110.3ns 
63800      INFO  main            d.u.i.k.p.i.AbstractProblemLoader Creating init config 
66656      DEBUG main            d.u.i.k.p.i.AbstractProblemLoader Init config took 2.86s 
66692      INFO  main            d.u.i.k.p.i.AbstractProblemLoader Replaying proof Simple[Simple::unnecessaryLoopInvariant()].JML operation contract.0 
66702      DEBUG main            d.u.i.k.p.i.IntermediateProofReplayer Proof replay took 8.11ms 
66703      DEBUG main            d.u.i.k.p.r.p.TestFile    ... success: reloaded. 
66704      INFO  main            d.u.i.k.p.r.p.TestFile    Now processing file /home/runner/work/key/key/key.core/../key.ui/examples/standard_key/java_dl/jml-assert/assert.key 
66704      INFO  main            d.u.i.k.p.i.AbstractProblemLoader Loading environment from /home/runner/work/key/key/key.core/../key.ui/examples/standard_key/java_dl/jml-assert/assert.key 
66704      DEBUG main            d.u.i.k.p.i.AbstractProblemLoader Environment load took 120.6ns 
66705      INFO  main            d.u.i.k.p.i.AbstractProblemLoader Creating init config 
69257      DEBUG main            d.u.i.k.p.i.AbstractProblemLoader Init config took 2.55s 
69294      INFO  main            d.u.i.k.p.i.AbstractProblemLoader Replaying proof Assert[Assert::createArray(int)].JML normal_behavior operation contract.0 
69295      DEBUG main            d.u.i.k.p.i.IntermediateProofReplayer Proof replay took 6ns 
69497      INFO  main            d.u.i.k.p.r.p.TestFile    ... finished proof: closed. 
69667      INFO  main            d.u.i.k.p.i.AbstractProblemLoader Loading environment from /home/runner/work/key/key/key.core/../key.ui/examples/standard_key/java_dl/jml-assert/assert.key.proof 
69667      DEBUG main            d.u.i.k.p.i.AbstractProblemLoader Environment load took 110ns 
69668      INFO  main            d.u.i.k.p.i.AbstractProblemLoader Creating init config 
72169      DEBUG main            d.u.i.k.p.i.AbstractProblemLoader Init config took 2.5s 
72204      INFO  main            d.u.i.k.p.i.AbstractProblemLoader Replaying proof Assert[Assert::createArray(int)].JML normal_behavior operation contract.0 
72251      DEBUG main            d.u.i.k.p.i.IntermediateProofReplayer Proof replay took 43.71ms 
72252      DEBUG main            d.u.i.k.p.r.p.TestFile    ... success: reloaded. 
72253      INFO  main            d.u.i.k.p.r.p.TestFile    Now processing file /home/runner/work/key/key/key.core/../key.ui/examples/standard_key/java_dl/jml-assert/assert_assume_order.key 
72253      INFO  main            d.u.i.k.p.i.AbstractProblemLoader Loading environment from /home/runner/work/key/key/key.core/../key.ui/examples/standard_key/java_dl/jml-assert/assert_assume_order.key 
72253      DEBUG main            d.u.i.k.p.i.AbstractProblemLoader Environment load took 54.2ns 
72254      INFO  main            d.u.i.k.p.i.AbstractProblemLoader Creating init config 
74814      DEBUG main            d.u.i.k.p.i.AbstractProblemLoader Init config took 2.56s 
74849      INFO  main            d.u.i.k.p.i.AbstractProblemLoader Replaying proof AssertAssume[AssertAssume::singleAssumeAssert(int)].JML normal_behavior operation contract.0 
74850      DEBUG main            d.u.i.k.p.i.IntermediateProofReplayer Proof replay took 7.8ns 
74953      INFO  main            d.u.i.k.p.r.p.TestFile    ... finished proof: closed. 
75147      INFO  main            d.u.i.k.p.i.AbstractProblemLoader Loading environment from /home/runner/work/key/key/key.core/../key.ui/examples/standard_key/java_dl/jml-assert/assert_assume_order.key.proof 
75147      DEBUG main            d.u.i.k.p.i.AbstractProblemLoader Environment load took 106.1ns 
75148      INFO  main            d.u.i.k.p.i.AbstractProblemLoader Creating init config 
77633      DEBUG main            d.u.i.k.p.i.AbstractProblemLoader Init config took 2.48s 
77678      INFO  main            d.u.i.k.p.i.AbstractProblemLoader Replaying proof AssertAssume[AssertAssume::singleAssumeAssert(int)].JML normal_behavior operation contract.0 
77685      DEBUG main            d.u.i.k.p.i.IntermediateProofReplayer Proof replay took 6.13ms 
77686      DEBUG main            d.u.i.k.p.r.p.TestFile    ... success: reloaded. 
77688      INFO  main            d.u.i.k.p.r.p.TestFile    Now processing file /home/runner/work/key/key/key.core/../key.ui/examples/heap/block_loop_contracts/SimpleVariants/sum_onBlock_external.key 
77688      INFO  main            d.u.i.k.p.i.AbstractProblemLoader Loading environment from /home/runner/work/key/key/key.core/../key.ui/examples/heap/block_loop_contracts/SimpleVariants/sum_onBlock_external.key 
77688      DEBUG main            d.u.i.k.p.i.AbstractProblemLoader Environment load took 92.9ns 
77689      INFO  main            d.u.i.k.p.i.AbstractProblemLoader Creating init config 
80502      DEBUG main            d.u.i.k.p.i.AbstractProblemLoader Init config took 2.81s 
80535      INFO  main            d.u.i.k.p.i.AbstractProblemLoader Replaying proof LoopContractExamplesAll[LoopContractExamplesAll::sum_loopContract_onBlock([I)].JML normal_behavior operation contract.0 
80537      DEBUG main            d.u.i.k.p.i.IntermediateProofReplayer Proof replay took 9.3ns 
80641      INFO  main            d.u.i.k.p.r.p.TestFile    ... finished proof: closed. 
80845      INFO  main            d.u.i.k.p.i.AbstractProblemLoader Loading environment from /home/runner/work/key/key/key.core/../key.ui/examples/heap/block_loop_contracts/SimpleVariants/sum_onBlock_external.key.proof 
80845      DEBUG main            d.u.i.k.p.i.AbstractProblemLoader Environment load took 104.7ns 
80846      INFO  main            d.u.i.k.p.i.AbstractProblemLoader Creating init config 
83538      DEBUG main            d.u.i.k.p.i.AbstractProblemLoader Init config took 2.69s 
83571      INFO  main            d.u.i.k.p.i.AbstractProblemLoader Replaying proof LoopContractExamplesAll[LoopContractExamplesAll::sum_loopContract_onBlock([I)].JML normal_behavior operation contract.0 
83597      DEBUG main            d.u.i.k.p.i.IntermediateProofReplayer Proof replay took 24.73ms 
83598      DEBUG main            d.u.i.k.p.r.p.TestFile    ... success: reloaded. 
83599      INFO  main            d.u.i.k.p.r.p.TestFile    Now processing file /home/runner/work/key/key/key.core/../key.ui/examples/heap/block_loop_contracts/SimpleVariants/sum_onBlock_internal.key 
83599      INFO  main            d.u.i.k.p.i.AbstractProblemLoader Loading environment from /home/runner/work/key/key/key.core/../key.ui/examples/heap/block_loop_contracts/SimpleVariants/sum_onBlock_internal.key 
83599      DEBUG main            d.u.i.k.p.i.AbstractProblemLoader Environment load took 71.4ns 
83600      INFO  main            d.u.i.k.p.i.AbstractProblemLoader Creating init config 
86371      DEBUG main            d.u.i.k.p.i.AbstractProblemLoader Init config took 2.77s 
86405      INFO  main            d.u.i.k.p.i.AbstractProblemLoader Replaying proof LoopContractExamplesAll[LoopContractExamplesAll::sum_loopContract_onBlock([I)].JML normal_behavior operation contract.0 
86407      DEBUG main            d.u.i.k.p.i.IntermediateProofReplayer Proof replay took 10.3ns 
87015      INFO  main            d.u.i.k.p.r.p.TestFile    ... finished proof: closed. 
87240      INFO  main            d.u.i.k.p.i.AbstractProblemLoader Loading environment from /home/runner/work/key/key/key.core/../key.ui/examples/heap/block_loop_contracts/SimpleVariants/sum_onBlock_internal.key.proof 
87240      DEBUG main            d.u.i.k.p.i.AbstractProblemLoader Environment load took 99.7ns 
87241      INFO  main            d.u.i.k.p.i.AbstractProblemLoader Creating init config 
89916      DEBUG main            d.u.i.k.p.i.AbstractProblemLoader Init config took 2.67s 
89949      INFO  main            d.u.i.k.p.i.AbstractProblemLoader Replaying proof LoopContractExamplesAll[LoopContractExamplesAll::sum_loopContract_onBlock([I)].JML normal_behavior operation contract.0 
90108      DEBUG main            d.u.i.k.p.i.IntermediateProofReplayer Proof replay took 155.67ms 
90109      DEBUG main            d.u.i.k.p.r.p.TestFile    ... success: reloaded. 
90110      INFO  main            d.u.i.k.p.r.p.TestFile    Now processing file /home/runner/work/key/key/key.core/../key.ui/examples/heap/block_loop_contracts/SimpleVariants/sum_onBlock_loop.key 
90111      INFO  main            d.u.i.k.p.i.AbstractProblemLoader Loading environment from /home/runner/work/key/key/key.core/../key.ui/examples/heap/block_loop_contracts/SimpleVariants/sum_onBlock_loop.key 
90111      DEBUG main            d.u.i.k.p.i.AbstractProblemLoader Environment load took 201.6ns 
90112      INFO  main            d.u.i.k.p.i.AbstractProblemLoader Creating init config 
92857      DEBUG main            d.u.i.k.p.i.AbstractProblemLoader Init config took 2.75s 
92892      INFO  main            d.u.i.k.p.i.AbstractProblemLoader Replaying proof LoopContractExamplesAll[LoopContractExamplesAll::sum_loopContract_onBlock([I)].JML normal_behavior loop contract.0 
92894      DEBUG main            d.u.i.k.p.i.IntermediateProofReplayer Proof replay took 21.2ns 
93598      INFO  main            d.u.i.k.p.r.p.TestFile    ... finished proof: closed. 
93838      INFO  main            d.u.i.k.p.i.AbstractProblemLoader Loading environment from /home/runner/work/key/key/key.core/../key.ui/examples/heap/block_loop_contracts/SimpleVariants/sum_onBlock_loop.key.proof 
93838      DEBUG main            d.u.i.k.p.i.AbstractProblemLoader Environment load took 102ns 
93839      INFO  main            d.u.i.k.p.i.AbstractProblemLoader Creating init config 
96516      DEBUG main            d.u.i.k.p.i.AbstractProblemLoader Init config took 2.68s 
96549      INFO  main            d.u.i.k.p.i.AbstractProblemLoader Replaying proof LoopContractExamplesAll[LoopContractExamplesAll::sum_loopContract_onBlock([I)].JML normal_behavior loop contract.0 
96715      DEBUG main            d.u.i.k.p.i.IntermediateProofReplayer Proof replay took 161.84ms 
96716      DEBUG main            d.u.i.k.p.r.p.TestFile    ... success: reloaded. 
96717      INFO  main            d.u.i.k.p.r.p.TestFile    Now processing file /home/runner/work/key/key/key.core/../key.ui/examples/heap/block_loop_contracts/SimpleVariants/sum_onLoop_external.key 
96718      INFO  main            d.u.i.k.p.i.AbstractProblemLoader Loading environment from /home/runner/work/key/key/key.core/../key.ui/examples/heap/block_loop_contracts/SimpleVariants/sum_onLoop_external.key 
96718      DEBUG main            d.u.i.k.p.i.AbstractProblemLoader Environment load took 203.8ns 
96719      INFO  main            d.u.i.k.p.i.AbstractProblemLoader Creating init config 
99431      DEBUG main            d.u.i.k.p.i.AbstractProblemLoader Init config took 2.71s 
99464      INFO  main            d.u.i.k.p.i.AbstractProblemLoader Replaying proof LoopContractExamplesAll[LoopContractExamplesAll::sum_loopContract_onLoop([I)].JML normal_behavior operation contract.0 
99466      DEBUG main            d.u.i.k.p.i.IntermediateProofReplayer Proof replay took 10.5ns 
99567      INFO  main            d.u.i.k.p.r.p.TestFile    ... finished proof: closed. 
99842      INFO  main            d.u.i.k.p.i.AbstractProblemLoader Loading environment from /home/runner/work/key/key/key.core/../key.ui/examples/heap/block_loop_contracts/SimpleVariants/sum_onLoop_external.key.proof 
99842      DEBUG main            d.u.i.k.p.i.AbstractProblemLoader Environment load took 103.2ns 
99844      INFO  main            d.u.i.k.p.i.AbstractProblemLoader Creating init config 
102497     DEBUG main            d.u.i.k.p.i.AbstractProblemLoader Init config took 2.65s 
102529     INFO  main            d.u.i.k.p.i.AbstractProblemLoader Replaying proof LoopContractExamplesAll[LoopContractExamplesAll::sum_loopContract_onLoop([I)].JML normal_behavior operation contract.0 
102556     DEBUG main            d.u.i.k.p.i.IntermediateProofReplayer Proof replay took 25.04ms 
102557     DEBUG main            d.u.i.k.p.r.p.TestFile    ... success: reloaded. 
102558     INFO  main            d.u.i.k.p.r.p.TestFile    Now processing file /home/runner/work/key/key/key.core/../key.ui/examples/heap/block_loop_contracts/SimpleVariants/sum_onLoop_internal.key 
102558     INFO  main            d.u.i.k.p.i.AbstractProblemLoader Loading environment from /home/runner/work/key/key/key.core/../key.ui/examples/heap/block_loop_contracts/SimpleVariants/sum_onLoop_internal.key 
102558     DEBUG main            d.u.i.k.p.i.AbstractProblemLoader Environment load took 87ns 
102559     INFO  main            d.u.i.k.p.i.AbstractProblemLoader Creating init config 
105313     DEBUG main            d.u.i.k.p.i.AbstractProblemLoader Init config took 2.75s 
105348     INFO  main            d.u.i.k.p.i.AbstractProblemLoader Replaying proof LoopContractExamplesAll[LoopContractExamplesAll::sum_loopContract_onLoop([I)].JML normal_behavior operation contract.0 
105350     DEBUG main            d.u.i.k.p.i.IntermediateProofReplayer Proof replay took 11.9ns 
105953     INFO  main            d.u.i.k.p.r.p.TestFile    ... finished proof: closed. 
106206     INFO  main            d.u.i.k.p.i.AbstractProblemLoader Loading environment from /home/runner/work/key/key/key.core/../key.ui/examples/heap/block_loop_contracts/SimpleVariants/sum_onLoop_internal.key.proof 
106206     DEBUG main            d.u.i.k.p.i.AbstractProblemLoader Environment load took 104.8ns 
106207     INFO  main            d.u.i.k.p.i.AbstractProblemLoader Creating init config 
108870     DEBUG main            d.u.i.k.p.i.AbstractProblemLoader Init config took 2.66s 
108906     INFO  main            d.u.i.k.p.i.AbstractProblemLoader Replaying proof LoopContractExamplesAll[LoopContractExamplesAll::sum_loopContract_onLoop([I)].JML normal_behavior operation contract.0 
109104     DEBUG main            d.u.i.k.p.i.IntermediateProofReplayer Proof replay took 191.81ms 
109105     DEBUG main            d.u.i.k.p.r.p.TestFile    ... success: reloaded. 
109109     INFO  main            d.u.i.k.p.r.p.TestFile    Now processing file /home/runner/work/key/key/key.core/../key.ui/examples/heap/block_loop_contracts/SimpleVariants/sum_onLoop_loop.key 
109109     INFO  main            d.u.i.k.p.i.AbstractProblemLoader Loading environment from /home/runner/work/key/key/key.core/../key.ui/examples/heap/block_loop_contracts/SimpleVariants/sum_onLoop_loop.key 
109109     DEBUG main            d.u.i.k.p.i.AbstractProblemLoader Environment load took 90.5ns 
109110     INFO  main            d.u.i.k.p.i.AbstractProblemLoader Creating init config 
111842     DEBUG main            d.u.i.k.p.i.AbstractProblemLoader Init config took 2.73s 
111876     INFO  main            d.u.i.k.p.i.AbstractProblemLoader Replaying proof LoopContractExamplesAll[LoopContractExamplesAll::sum_loopContract_onLoop([I)].JML normal_behavior loop contract.0 
111878     DEBUG main            d.u.i.k.p.i.IntermediateProofReplayer Proof replay took 11.7ns 
112482     INFO  main            d.u.i.k.p.r.p.TestFile    ... finished proof: closed. 
112774     INFO  main            d.u.i.k.p.i.AbstractProblemLoader Loading environment from /home/runner/work/key/key/key.core/../key.ui/examples/heap/block_loop_contracts/SimpleVariants/sum_onLoop_loop.key.proof 
112774     DEBUG main            d.u.i.k.p.i.AbstractProblemLoader Environment load took 123.6ns 
112775     INFO  main            d.u.i.k.p.i.AbstractProblemLoader Creating init config 
115468     DEBUG main            d.u.i.k.p.i.AbstractProblemLoader Init config took 2.69s 
115501     INFO  main            d.u.i.k.p.i.AbstractProblemLoader Replaying proof LoopContractExamplesAll[LoopContractExamplesAll::sum_loopContract_onLoop([I)].JML normal_behavior loop contract.0 
115660     DEBUG main            d.u.i.k.p.i.IntermediateProofReplayer Proof replay took 154.87ms 
115660     DEBUG main            d.u.i.k.p.r.p.TestFile    ... success: reloaded. 
115661     INFO  main            d.u.i.k.p.r.p.TestFile    Now processing file /home/runner/work/key/key/key.core/../key.ui/examples/heap/block_loop_contracts/Free/blockContracts0.key 
115662     INFO  main            d.u.i.k.p.i.AbstractProblemLoader Loading environment from /home/runner/work/key/key/key.core/../key.ui/examples/heap/block_loop_contracts/Free/blockContracts0.key 
115662     DEBUG main            d.u.i.k.p.i.AbstractProblemLoader Environment load took 89.7ns 
115662     INFO  main            d.u.i.k.p.i.AbstractProblemLoader Creating init config 
118055     DEBUG main            d.u.i.k.p.i.AbstractProblemLoader Init config took 2.39s 
118087     INFO  main            d.u.i.k.p.i.AbstractProblemLoader Replaying proof FreeConditions[FreeConditions::blockContract0()].JML normal_behavior operation contract.0 
118088     DEBUG main            d.u.i.k.p.i.IntermediateProofReplayer Proof replay took 10.2ns 
118191     INFO  main            d.u.i.k.p.r.p.TestFile    ... finished proof: closed. 
118445     INFO  main            d.u.i.k.p.i.AbstractProblemLoader Loading environment from /home/runner/work/key/key/key.core/../key.ui/examples/heap/block_loop_contracts/Free/blockContracts0.key.proof 
118445     DEBUG main            d.u.i.k.p.i.AbstractProblemLoader Environment load took 96.8ns 
118446     INFO  main            d.u.i.k.p.i.AbstractProblemLoader Creating init config 
120763     DEBUG main            d.u.i.k.p.i.AbstractProblemLoader Init config took 2.32s 
120794     INFO  main            d.u.i.k.p.i.AbstractProblemLoader Replaying proof FreeConditions[FreeConditions::blockContract0()].JML normal_behavior operation contract.0 
120810     DEBUG main            d.u.i.k.p.i.IntermediateProofReplayer Proof replay took 14.16ms 
120811     DEBUG main            d.u.i.k.p.r.p.TestFile    ... success: reloaded. 
120812     INFO  main            d.u.i.k.p.r.p.TestFile    Now processing file /home/runner/work/key/key/key.core/../key.ui/examples/heap/block_loop_contracts/Free/blockContracts1.key 
120812     INFO  main            d.u.i.k.p.i.AbstractProblemLoader Loading environment from /home/runner/work/key/key/key.core/../key.ui/examples/heap/block_loop_contracts/Free/blockContracts1.key 
120812     DEBUG main            d.u.i.k.p.i.AbstractProblemLoader Environment load took 78.2ns 
120813     INFO  main            d.u.i.k.p.i.AbstractProblemLoader Creating init config 
123159     DEBUG main            d.u.i.k.p.i.AbstractProblemLoader Init config took 2.35s 
123205     INFO  main            d.u.i.k.p.i.AbstractProblemLoader Replaying proof FreeConditions[FreeConditions::blockContract1()].JML normal_behavior operation contract.0 
123206     DEBUG main            d.u.i.k.p.i.IntermediateProofReplayer Proof replay took 10.3ns 
123309     INFO  main            d.u.i.k.p.r.p.TestFile    ... finished proof: closed. 
123545     INFO  main            d.u.i.k.p.i.AbstractProblemLoader Loading environment from /home/runner/work/key/key/key.core/../key.ui/examples/heap/block_loop_contracts/Free/blockContracts1.key.proof 
123545     DEBUG main            d.u.i.k.p.i.AbstractProblemLoader Environment load took 101.3ns 
123546     INFO  main            d.u.i.k.p.i.AbstractProblemLoader Creating init config 
125862     DEBUG main            d.u.i.k.p.i.AbstractProblemLoader Init config took 2.32s 
125894     INFO  main            d.u.i.k.p.i.AbstractProblemLoader Replaying proof FreeConditions[FreeConditions::blockContract1()].JML normal_behavior operation contract.0 
125907     DEBUG main            d.u.i.k.p.i.IntermediateProofReplayer Proof replay took 11.54ms 
125908     DEBUG main            d.u.i.k.p.r.p.TestFile    ... success: reloaded. 
125908     INFO  main            d.u.i.k.p.r.p.TestFile    Now processing file /home/runner/work/key/key/key.core/../key.ui/examples/heap/block_loop_contracts/Finally/block_finally.key 
125909     INFO  main            d.u.i.k.p.i.AbstractProblemLoader Loading environment from /home/runner/work/key/key/key.core/../key.ui/examples/heap/block_loop_contracts/Finally/block_finally.key 
125909     DEBUG main            d.u.i.k.p.i.AbstractProblemLoader Environment load took 83.8ns 
125910     INFO  main            d.u.i.k.p.i.AbstractProblemLoader Creating init config 
128301     DEBUG main            d.u.i.k.p.i.AbstractProblemLoader Init config took 2.39s 
128334     INFO  main            d.u.i.k.p.i.AbstractProblemLoader Replaying proof AuxiliaryContractsFinally[AuxiliaryContractsFinally::breakThrowContinueBlockContract(java.lang.Exception)].JML block contract.0 
128335     DEBUG main            d.u.i.k.p.i.IntermediateProofReplayer Proof replay took 10.6ns 
128840     INFO  main            d.u.i.k.p.r.p.TestFile    ... finished proof: open goal(s) 
129104     INFO  main            d.u.i.k.p.r.p.TestFile    Now processing file /home/runner/work/key/key/key.core/../key.ui/examples/heap/block_loop_contracts/Finally/loop_finally.key 
129104     INFO  main            d.u.i.k.p.i.AbstractProblemLoader Loading environment from /home/runner/work/key/key/key.core/../key.ui/examples/heap/block_loop_contracts/Finally/loop_finally.key 
129104     DEBUG main            d.u.i.k.p.i.AbstractProblemLoader Environment load took 104.1ns 
129105     INFO  main            d.u.i.k.p.i.AbstractProblemLoader Creating init config 
131440     DEBUG main            d.u.i.k.p.i.AbstractProblemLoader Init config took 2.33s 
131474     INFO  main            d.u.i.k.p.i.AbstractProblemLoader Replaying proof AuxiliaryContractsFinally[AuxiliaryContractsFinally::breakThrowContinueLoopContract(java.lang.Exception)].JML normal_behavior loop contract.0 
131476     DEBUG main            d.u.i.k.p.i.IntermediateProofReplayer Proof replay took 11.7ns 
132085     INFO  main            d.u.i.k.p.r.p.TestFile    ... finished proof: open goal(s) 
589878     INFO  Test worker     d.u.i.k.p.r.RunAllProofsTestUnit Returning from test blockContracts 
589879     INFO  Test worker     d.u.i.k.p.r.RunAllProofsTestUnit Running test jmlAsserts 
328        INFO  Timeout watchdog d.u.i.k.p.r.p.ForkedTestFileRunner Timeout watcher launched (2000 secs.) 
345        WARN  main            d.u.i.k.s.ProofSettings   The settings in /home/runner/.key/proof-settings.props are *not* read. 
371        INFO  main            d.u.i.k.p.r.p.TestFile    Now processing file /home/runner/work/key/key/key.core/../key.ui/examples/standard_key/java_dl/jml-assert/assert.key 
476        INFO  main            d.u.i.k.p.i.AbstractProblemLoader Loading environment from /home/runner/work/key/key/key.core/../key.ui/examples/standard_key/java_dl/jml-assert/assert.key 
492        DEBUG main            d.u.i.k.p.i.AbstractProblemLoader Environment load took 2.29ms 
704        INFO  main            d.u.i.k.p.i.AbstractProblemLoader Creating init config 
1599       DEBUG main            d.u.i.k.j.TypeConverter   No LDT found for Meta 
1599       DEBUG main            d.u.i.k.j.TypeConverter   No LDT found for Meta 
1602       DEBUG main            d.u.i.k.j.TypeConverter   No LDT found for Meta 
1602       DEBUG main            d.u.i.k.j.TypeConverter   No LDT found for Meta 
3222       DEBUG main            d.u.i.k.j.TypeConverter   No LDT found for JavaBigintExpression 
7829       DEBUG main            d.u.i.k.p.i.AbstractProblemLoader Init config took 7.12s 
7960       INFO  main            d.u.i.k.p.i.AbstractProblemLoader Replaying proof Assert[Assert::createArray(int)].JML normal_behavior operation contract.0 
7990       DEBUG main            d.u.i.k.p.i.IntermediateProofReplayer Proof replay took 30.6ns 
8817       INFO  main            d.u.i.k.p.r.p.TestFile    ... finished proof: closed. 
8930       INFO  main            d.u.i.k.p.i.AbstractProblemLoader Loading environment from /home/runner/work/key/key/key.core/../key.ui/examples/standard_key/java_dl/jml-assert/assert.key.proof 
8930       DEBUG main            d.u.i.k.p.i.AbstractProblemLoader Environment load took 152.4ns 
8934       INFO  main            d.u.i.k.p.i.AbstractProblemLoader Creating init config 
11772      DEBUG main            d.u.i.k.p.i.AbstractProblemLoader Init config took 2.84s 
11847      INFO  main            d.u.i.k.p.i.AbstractProblemLoader Replaying proof Assert[Assert::createArray(int)].JML normal_behavior operation contract.0 
11979      DEBUG main            d.u.i.k.p.i.IntermediateProofReplayer Proof replay took 118.9ms 
11986      DEBUG main            d.u.i.k.p.r.p.TestFile    ... success: reloaded. 
11991      INFO  main            d.u.i.k.p.r.p.TestFile    Now processing file /home/runner/work/key/key/key.core/../key.ui/examples/heap/block_loop_contracts/Free/assertions0.key 
11992      INFO  main            d.u.i.k.p.i.AbstractProblemLoader Loading environment from /home/runner/work/key/key/key.core/../key.ui/examples/heap/block_loop_contracts/Free/assertions0.key 
11992      DEBUG main            d.u.i.k.p.i.AbstractProblemLoader Environment load took 254.7ns 
11996      INFO  main            d.u.i.k.p.i.AbstractProblemLoader Creating init config 
14557      DEBUG main            d.u.i.k.p.i.AbstractProblemLoader Init config took 2.56s 
14623      INFO  main            d.u.i.k.p.i.AbstractProblemLoader Replaying proof FreeConditions[FreeConditions::assertions0()].JML normal_behavior operation contract.0 
14626      DEBUG main            d.u.i.k.p.i.IntermediateProofReplayer Proof replay took 12.1ns 
14729      INFO  main            d.u.i.k.p.r.p.TestFile    ... finished proof: closed. 
14843      INFO  main            d.u.i.k.p.i.AbstractProblemLoader Loading environment from /home/runner/work/key/key/key.core/../key.ui/examples/heap/block_loop_contracts/Free/assertions0.key.proof 
14843      DEBUG main            d.u.i.k.p.i.AbstractProblemLoader Environment load took 122.6ns 
14844      INFO  main            d.u.i.k.p.i.AbstractProblemLoader Creating init config 
17342      DEBUG main            d.u.i.k.p.i.AbstractProblemLoader Init config took 2.5s 
17391      INFO  main            d.u.i.k.p.i.AbstractProblemLoader Replaying proof FreeConditions[FreeConditions::assertions0()].JML normal_behavior operation contract.0 
17410      DEBUG main            d.u.i.k.p.i.IntermediateProofReplayer Proof replay took 17.26ms 
17412      DEBUG main            d.u.i.k.p.r.p.TestFile    ... success: reloaded. 
17413      INFO  main            d.u.i.k.p.r.p.TestFile    Now processing file /home/runner/work/key/key/key.core/../key.ui/examples/heap/block_loop_contracts/Free/assertions1.key 
17413      INFO  main            d.u.i.k.p.i.AbstractProblemLoader Loading environment from /home/runner/work/key/key/key.core/../key.ui/examples/heap/block_loop_contracts/Free/assertions1.key 
17414      DEBUG main            d.u.i.k.p.i.AbstractProblemLoader Environment load took 228.7ns 
17415      INFO  main            d.u.i.k.p.i.AbstractProblemLoader Creating init config 
19920      DEBUG main            d.u.i.k.p.i.AbstractProblemLoader Init config took 2.5s 
19964      INFO  main            d.u.i.k.p.i.AbstractProblemLoader Replaying proof FreeConditions[FreeConditions::assertions1()].JML normal_behavior operation contract.0 
19967      DEBUG main            d.u.i.k.p.i.IntermediateProofReplayer Proof replay took 18.8ns 
20069      INFO  main            d.u.i.k.p.r.p.TestFile    ... finished proof: closed. 
20240      INFO  main            d.u.i.k.p.i.AbstractProblemLoader Loading environment from /home/runner/work/key/key/key.core/../key.ui/examples/heap/block_loop_contracts/Free/assertions1.key.proof 
20240      DEBUG main            d.u.i.k.p.i.AbstractProblemLoader Environment load took 116.6ns 
20241      INFO  main            d.u.i.k.p.i.AbstractProblemLoader Creating init config 
22701      DEBUG main            d.u.i.k.p.i.AbstractProblemLoader Init config took 2.46s 
22743      INFO  main            d.u.i.k.p.i.AbstractProblemLoader Replaying proof FreeConditions[FreeConditions::assertions1()].JML normal_behavior operation contract.0 
22750      DEBUG main            d.u.i.k.p.i.IntermediateProofReplayer Proof replay took 4.25ms 
22751      DEBUG main            d.u.i.k.p.r.p.TestFile    ... success: reloaded. 
22752      INFO  main            d.u.i.k.p.r.p.TestFile    Now processing file /home/runner/work/key/key/key.core/../key.ui/examples/standard_key/java_dl/jml-assert/recursion-assert.key 
22752      INFO  main            d.u.i.k.p.i.AbstractProblemLoader Loading environment from /home/runner/work/key/key/key.core/../key.ui/examples/standard_key/java_dl/jml-assert/recursion-assert.key 
22752      DEBUG main            d.u.i.k.p.i.AbstractProblemLoader Environment load took 211.1ns 
22753      INFO  main            d.u.i.k.p.i.AbstractProblemLoader Creating init config 
25338      DEBUG main            d.u.i.k.p.i.AbstractProblemLoader Init config took 2.58s 
25398      INFO  main            d.u.i.k.p.i.AbstractProblemLoader Replaying proof RecursiveMethod[RecursiveMethod::fac1(int)].JML normal_behavior operation contract.0 
25401      DEBUG main            d.u.i.k.p.i.IntermediateProofReplayer Proof replay took 5.6ns 
25704      INFO  main            d.u.i.k.p.r.p.TestFile    ... finished proof: closed. 
25853      INFO  main            d.u.i.k.p.i.AbstractProblemLoader Loading environment from /home/runner/work/key/key/key.core/../key.ui/examples/standard_key/java_dl/jml-assert/recursion-assert.key.proof 
25854      DEBUG main            d.u.i.k.p.i.AbstractProblemLoader Environment load took 828.49ns 
25855      INFO  main            d.u.i.k.p.i.AbstractProblemLoader Creating init config 
28393      DEBUG main            d.u.i.k.p.i.AbstractProblemLoader Init config took 2.54s 
28435      INFO  main            d.u.i.k.p.i.AbstractProblemLoader Replaying proof RecursiveMethod[RecursiveMethod::fac1(int)].JML normal_behavior operation contract.0 
28471      DEBUG main            d.u.i.k.p.i.IntermediateProofReplayer Proof replay took 32.92ms 
28473      DEBUG main            d.u.i.k.p.r.p.TestFile    ... success: reloaded. 
28474      INFO  main            d.u.i.k.p.r.p.TestFile    Now processing file /home/runner/work/key/key/key.core/../key.ui/examples/standard_key/java_dl/jml-assert/recursion-assume.key 
28474      INFO  main            d.u.i.k.p.i.AbstractProblemLoader Loading environment from /home/runner/work/key/key/key.core/../key.ui/examples/standard_key/java_dl/jml-assert/recursion-assume.key 
28474      DEBUG main            d.u.i.k.p.i.AbstractProblemLoader Environment load took 218.6ns 
28475      INFO  main            d.u.i.k.p.i.AbstractProblemLoader Creating init config 
31115      DEBUG main            d.u.i.k.p.i.AbstractProblemLoader Init config took 2.64s 
31176      INFO  main            d.u.i.k.p.i.AbstractProblemLoader Replaying proof RecursiveMethod[RecursiveMethod::fac2(int)].JML normal_behavior operation contract.0 
31178      DEBUG main            d.u.i.k.p.i.IntermediateProofReplayer Proof replay took 5.2ns 
31380      INFO  main            d.u.i.k.p.r.p.TestFile    ... finished proof: closed. 
31536      INFO  main            d.u.i.k.p.i.AbstractProblemLoader Loading environment from /home/runner/work/key/key/key.core/../key.ui/examples/standard_key/java_dl/jml-assert/recursion-assume.key.proof 
31536      DEBUG main            d.u.i.k.p.i.AbstractProblemLoader Environment load took 112.4ns 
31537      INFO  main            d.u.i.k.p.i.AbstractProblemLoader Creating init config 
34076      DEBUG main            d.u.i.k.p.i.AbstractProblemLoader Init config took 2.54s 
34127      INFO  main            d.u.i.k.p.i.AbstractProblemLoader Replaying proof RecursiveMethod[RecursiveMethod::fac2(int)].JML normal_behavior operation contract.0 
34174      DEBUG main            d.u.i.k.p.i.IntermediateProofReplayer Proof replay took 44.08ms 
34176      DEBUG main            d.u.i.k.p.r.p.TestFile    ... success: reloaded. 
34177      INFO  main            d.u.i.k.p.r.p.TestFile    Now processing file /home/runner/work/key/key/key.core/../key.ui/examples/standard_key/java_dl/jml-assert/quantor-assert.key 
34177      INFO  main            d.u.i.k.p.i.AbstractProblemLoader Loading environment from /home/runner/work/key/key/key.core/../key.ui/examples/standard_key/java_dl/jml-assert/quantor-assert.key 
34178      DEBUG main            d.u.i.k.p.i.AbstractProblemLoader Environment load took 217ns 
34179      INFO  main            d.u.i.k.p.i.AbstractProblemLoader Creating init config 
36774      DEBUG main            d.u.i.k.p.i.AbstractProblemLoader Init config took 2.59s 
36814      INFO  main            d.u.i.k.p.i.AbstractProblemLoader Replaying proof Quantor[Quantor::square1(int)].JML normal_behavior operation contract.0 
36816      DEBUG main            d.u.i.k.p.i.IntermediateProofReplayer Proof replay took 6.2ns 
36919      INFO  main            d.u.i.k.p.r.p.TestFile    ... finished proof: closed. 
37078      INFO  main            d.u.i.k.p.i.AbstractProblemLoader Loading environment from /home/runner/work/key/key/key.core/../key.ui/examples/standard_key/java_dl/jml-assert/quantor-assert.key.proof 
37079      DEBUG main            d.u.i.k.p.i.AbstractProblemLoader Environment load took 106.2ns 
37079      INFO  main            d.u.i.k.p.i.AbstractProblemLoader Creating init config 
39609      DEBUG main            d.u.i.k.p.i.AbstractProblemLoader Init config took 2.53s 
39649      INFO  main            d.u.i.k.p.i.AbstractProblemLoader Replaying proof Quantor[Quantor::square1(int)].JML normal_behavior operation contract.0 
39667      DEBUG main            d.u.i.k.p.i.IntermediateProofReplayer Proof replay took 12.2ms 
39668      DEBUG main            d.u.i.k.p.r.p.TestFile    ... success: reloaded. 
39669      INFO  main            d.u.i.k.p.r.p.TestFile    Now processing file /home/runner/work/key/key/key.core/../key.ui/examples/standard_key/java_dl/jml-assert/quantor-assume.key 
39669      INFO  main            d.u.i.k.p.i.AbstractProblemLoader Loading environment from /home/runner/work/key/key/key.core/../key.ui/examples/standard_key/java_dl/jml-assert/quantor-assume.key 
39669      DEBUG main            d.u.i.k.p.i.AbstractProblemLoader Environment load took 95.5ns 
39670      INFO  main            d.u.i.k.p.i.AbstractProblemLoader Creating init config 
42190      DEBUG main            d.u.i.k.p.i.AbstractProblemLoader Init config took 2.52s 
42229      INFO  main            d.u.i.k.p.i.AbstractProblemLoader Replaying proof Quantor[Quantor::square2(int)].JML normal_behavior operation contract.0 
42231      DEBUG main            d.u.i.k.p.i.IntermediateProofReplayer Proof replay took 5.5ns 
42333      INFO  main            d.u.i.k.p.r.p.TestFile    ... finished proof: closed. 
42541      INFO  main            d.u.i.k.p.i.AbstractProblemLoader Loading environment from /home/runner/work/key/key/key.core/../key.ui/examples/standard_key/java_dl/jml-assert/quantor-assume.key.proof 
42541      DEBUG main            d.u.i.k.p.i.AbstractProblemLoader Environment load took 105.8ns 
42542      INFO  main            d.u.i.k.p.i.AbstractProblemLoader Creating init config 
45003      DEBUG main            d.u.i.k.p.i.AbstractProblemLoader Init config took 2.46s 
45048      INFO  main            d.u.i.k.p.i.AbstractProblemLoader Replaying proof Quantor[Quantor::square2(int)].JML normal_behavior operation contract.0 
45064      DEBUG main            d.u.i.k.p.i.IntermediateProofReplayer Proof replay took 13.78ms 
45065      DEBUG main            d.u.i.k.p.r.p.TestFile    ... success: reloaded. 
45067      INFO  main            d.u.i.k.p.r.p.TestFile    Now processing file /home/runner/work/key/key/key.core/../key.ui/examples/standard_key/java_dl/jml-assert/model-methods-static-static.key 
45067      INFO  main            d.u.i.k.p.i.AbstractProblemLoader Loading environment from /home/runner/work/key/key/key.core/../key.ui/examples/standard_key/java_dl/jml-assert/model-methods-static-static.key 
45067      DEBUG main            d.u.i.k.p.i.AbstractProblemLoader Environment load took 208.2ns 
45069      INFO  main            d.u.i.k.p.i.AbstractProblemLoader Creating init config 
47644      DEBUG main            d.u.i.k.p.i.AbstractProblemLoader Init config took 2.58s 
47679      INFO  main            d.u.i.k.p.i.AbstractProblemLoader Replaying proof ModelMethods[ModelMethods::test1()].JML normal_behavior operation contract.0 
47681      DEBUG main            d.u.i.k.p.i.IntermediateProofReplayer Proof replay took 5.1ns 
47785      INFO  main            d.u.i.k.p.r.p.TestFile    ... finished proof: closed. 
47956      INFO  main            d.u.i.k.p.i.AbstractProblemLoader Loading environment from /home/runner/work/key/key/key.core/../key.ui/examples/standard_key/java_dl/jml-assert/model-methods-static-static.key.proof 
47956      DEBUG main            d.u.i.k.p.i.AbstractProblemLoader Environment load took 114.8ns 
47957      INFO  main            d.u.i.k.p.i.AbstractProblemLoader Creating init config 
50443      DEBUG main            d.u.i.k.p.i.AbstractProblemLoader Init config took 2.49s 
50479      INFO  main            d.u.i.k.p.i.AbstractProblemLoader Replaying proof ModelMethods[ModelMethods::test1()].JML normal_behavior operation contract.0 
50486      DEBUG main            d.u.i.k.p.i.IntermediateProofReplayer Proof replay took 5.1ms 
50487      DEBUG main            d.u.i.k.p.r.p.TestFile    ... success: reloaded. 
50488      INFO  main            d.u.i.k.p.r.p.TestFile    Now processing file /home/runner/work/key/key/key.core/../key.ui/examples/standard_key/java_dl/jml-assert/model-methods-instance-static.key 
50488      INFO  main            d.u.i.k.p.i.AbstractProblemLoader Loading environment from /home/runner/work/key/key/key.core/../key.ui/examples/standard_key/java_dl/jml-assert/model-methods-instance-static.key 
50488      DEBUG main            d.u.i.k.p.i.AbstractProblemLoader Environment load took 220.8ns 
50489      INFO  main            d.u.i.k.p.i.AbstractProblemLoader Creating init config 
53007      DEBUG main            d.u.i.k.p.i.AbstractProblemLoader Init config took 2.52s 
53069      INFO  main            d.u.i.k.p.i.AbstractProblemLoader Replaying proof ModelMethods[ModelMethods::test2()].JML normal_behavior operation contract.0 
53071      DEBUG main            d.u.i.k.p.i.IntermediateProofReplayer Proof replay took 6ns 
53173      INFO  main            d.u.i.k.p.r.p.TestFile    ... finished proof: closed. 
53349      INFO  main            d.u.i.k.p.i.AbstractProblemLoader Loading environment from /home/runner/work/key/key/key.core/../key.ui/examples/standard_key/java_dl/jml-assert/model-methods-instance-static.key.proof 
53349      DEBUG main            d.u.i.k.p.i.AbstractProblemLoader Environment load took 111.4ns 
53350      INFO  main            d.u.i.k.p.i.AbstractProblemLoader Creating init config 
55851      DEBUG main            d.u.i.k.p.i.AbstractProblemLoader Init config took 2.5s 
55884      INFO  main            d.u.i.k.p.i.AbstractProblemLoader Replaying proof ModelMethods[ModelMethods::test2()].JML normal_behavior operation contract.0 
55893      DEBUG main            d.u.i.k.p.i.IntermediateProofReplayer Proof replay took 7.19ms 
55894      DEBUG main            d.u.i.k.p.r.p.TestFile    ... success: reloaded. 
55895      INFO  main            d.u.i.k.p.r.p.TestFile    Now processing file /home/runner/work/key/key/key.core/../key.ui/examples/standard_key/java_dl/jml-assert/model-methods-instance-instance.key 
55895      INFO  main            d.u.i.k.p.i.AbstractProblemLoader Loading environment from /home/runner/work/key/key/key.core/../key.ui/examples/standard_key/java_dl/jml-assert/model-methods-instance-instance.key 
55895      DEBUG main            d.u.i.k.p.i.AbstractProblemLoader Environment load took 73.4ns 
55896      INFO  main            d.u.i.k.p.i.AbstractProblemLoader Creating init config 
58453      DEBUG main            d.u.i.k.p.i.AbstractProblemLoader Init config took 2.56s 
58491      INFO  main            d.u.i.k.p.i.AbstractProblemLoader Replaying proof ModelMethods[ModelMethods::test3()].JML normal_behavior operation contract.0 
58494      DEBUG main            d.u.i.k.p.i.IntermediateProofReplayer Proof replay took 5.8ns 
58595      INFO  main            d.u.i.k.p.r.p.TestFile    ... finished proof: closed. 
58790      INFO  main            d.u.i.k.p.i.AbstractProblemLoader Loading environment from /home/runner/work/key/key/key.core/../key.ui/examples/standard_key/java_dl/jml-assert/model-methods-instance-instance.key.proof 
58790      DEBUG main            d.u.i.k.p.i.AbstractProblemLoader Environment load took 106.9ns 
58791      INFO  main            d.u.i.k.p.i.AbstractProblemLoader Creating init config 
61235      DEBUG main            d.u.i.k.p.i.AbstractProblemLoader Init config took 2.44s 
61270      INFO  main            d.u.i.k.p.i.AbstractProblemLoader Replaying proof ModelMethods[ModelMethods::test3()].JML normal_behavior operation contract.0 
61280      DEBUG main            d.u.i.k.p.i.IntermediateProofReplayer Proof replay took 8.35ms 
61281      DEBUG main            d.u.i.k.p.r.p.TestFile    ... success: reloaded. 
61282      INFO  main            d.u.i.k.p.r.p.TestFile    Now processing file /home/runner/work/key/key/key.core/../key.ui/examples/standard_key/java_dl/jml-assert/model-methods-static-instance.key 
61282      INFO  main            d.u.i.k.p.i.AbstractProblemLoader Loading environment from /home/runner/work/key/key/key.core/../key.ui/examples/standard_key/java_dl/jml-assert/model-methods-static-instance.key 
61282      DEBUG main            d.u.i.k.p.i.AbstractProblemLoader Environment load took 200.5ns 
61283      INFO  main            d.u.i.k.p.i.AbstractProblemLoader Creating init config 
63783      DEBUG main            d.u.i.k.p.i.AbstractProblemLoader Init config took 2.5s 
63834      INFO  main            d.u.i.k.p.i.AbstractProblemLoader Replaying proof ModelMethods[ModelMethods::test4()].JML normal_behavior operation contract.0 
63835      DEBUG main            d.u.i.k.p.i.IntermediateProofReplayer Proof replay took 5.3ns 
63937      INFO  main            d.u.i.k.p.r.p.TestFile    ... finished proof: closed. 
64122      INFO  main            d.u.i.k.p.i.AbstractProblemLoader Loading environment from /home/runner/work/key/key/key.core/../key.ui/examples/standard_key/java_dl/jml-assert/model-methods-static-instance.key.proof 
64122      DEBUG main            d.u.i.k.p.i.AbstractProblemLoader Environment load took 108.2ns 
64127      INFO  main            d.u.i.k.p.i.AbstractProblemLoader Creating init config 
66581      DEBUG main            d.u.i.k.p.i.AbstractProblemLoader Init config took 2.45s 
66618      INFO  main            d.u.i.k.p.i.AbstractProblemLoader Replaying proof ModelMethods[ModelMethods::test4()].JML normal_behavior operation contract.0 
66641      DEBUG main            d.u.i.k.p.i.IntermediateProofReplayer Proof replay took 21.01ms 
66642      DEBUG main            d.u.i.k.p.r.p.TestFile    ... success: reloaded. 
66642      INFO  main            d.u.i.k.p.r.p.TestFile    Now processing file /home/runner/work/key/key/key.core/../key.ui/examples/standard_key/java_dl/jml-assert/assert-old/inc-field.key 
66643      INFO  main            d.u.i.k.p.i.AbstractProblemLoader Loading environment from /home/runner/work/key/key/key.core/../key.ui/examples/standard_key/java_dl/jml-assert/assert-old/inc-field.key 
66643      DEBUG main            d.u.i.k.p.i.AbstractProblemLoader Environment load took 93.2ns 
66644      INFO  main            d.u.i.k.p.i.AbstractProblemLoader Creating init config 
69099      DEBUG main            d.u.i.k.p.i.AbstractProblemLoader Init config took 2.46s 
69131      INFO  main            d.u.i.k.p.i.AbstractProblemLoader Replaying proof Inc[Inc::inc_field()].JML normal_behavior operation contract.0 
69133      DEBUG main            d.u.i.k.p.i.IntermediateProofReplayer Proof replay took 6.1ns 
69237      INFO  main            d.u.i.k.p.r.p.TestFile    ... finished proof: closed. 
69438      INFO  main            d.u.i.k.p.i.AbstractProblemLoader Loading environment from /home/runner/work/key/key/key.core/../key.ui/examples/standard_key/java_dl/jml-assert/assert-old/inc-field.key.proof 
69438      DEBUG main            d.u.i.k.p.i.AbstractProblemLoader Environment load took 107ns 
69439      INFO  main            d.u.i.k.p.i.AbstractProblemLoader Creating init config 
71795      DEBUG main            d.u.i.k.p.i.AbstractProblemLoader Init config took 2.36s 
71828      INFO  main            d.u.i.k.p.i.AbstractProblemLoader Replaying proof Inc[Inc::inc_field()].JML normal_behavior operation contract.0 
71849      DEBUG main            d.u.i.k.p.i.IntermediateProofReplayer Proof replay took 19.78ms 
71850      DEBUG main            d.u.i.k.p.r.p.TestFile    ... success: reloaded. 
71851      INFO  main            d.u.i.k.p.r.p.TestFile    Now processing file /home/runner/work/key/key/key.core/../key.ui/examples/standard_key/java_dl/jml-assert/assert-old/inc-parameter.key 
71851      INFO  main            d.u.i.k.p.i.AbstractProblemLoader Loading environment from /home/runner/work/key/key/key.core/../key.ui/examples/standard_key/java_dl/jml-assert/assert-old/inc-parameter.key 
71851      DEBUG main            d.u.i.k.p.i.AbstractProblemLoader Environment load took 87.4ns 
71852      INFO  main            d.u.i.k.p.i.AbstractProblemLoader Creating init config 
74264      DEBUG main            d.u.i.k.p.i.AbstractProblemLoader Init config took 2.41s 
74295      INFO  main            d.u.i.k.p.i.AbstractProblemLoader Replaying proof Inc[Inc::inc_parameter(int)].JML normal_behavior operation contract.0 
74297      DEBUG main            d.u.i.k.p.i.IntermediateProofReplayer Proof replay took 5.7ns 
74401      INFO  main            d.u.i.k.p.r.p.TestFile    ... finished proof: closed. 
74601      INFO  main            d.u.i.k.p.i.AbstractProblemLoader Loading environment from /home/runner/work/key/key/key.core/../key.ui/examples/standard_key/java_dl/jml-assert/assert-old/inc-parameter.key.proof 
74602      DEBUG main            d.u.i.k.p.i.AbstractProblemLoader Environment load took 98.3ns 
74602      INFO  main            d.u.i.k.p.i.AbstractProblemLoader Creating init config 
76957      DEBUG main            d.u.i.k.p.i.AbstractProblemLoader Init config took 2.35s 
76991      INFO  main            d.u.i.k.p.i.AbstractProblemLoader Replaying proof Inc[Inc::inc_parameter(int)].JML normal_behavior operation contract.0 
77003      DEBUG main            d.u.i.k.p.i.IntermediateProofReplayer Proof replay took 10.58ms 
77004      DEBUG main            d.u.i.k.p.r.p.TestFile    ... success: reloaded. 
77005      INFO  main            d.u.i.k.p.r.p.TestFile    Now processing file /home/runner/work/key/key/key.core/../key.ui/examples/standard_key/java_dl/jml-assert/assert-old/inc-parameter-field.key 
77005      INFO  main            d.u.i.k.p.i.AbstractProblemLoader Loading environment from /home/runner/work/key/key/key.core/../key.ui/examples/standard_key/java_dl/jml-assert/assert-old/inc-parameter-field.key 
77006      DEBUG main            d.u.i.k.p.i.AbstractProblemLoader Environment load took 196.8ns 
77007      INFO  main            d.u.i.k.p.i.AbstractProblemLoader Creating init config 
79434      DEBUG main            d.u.i.k.p.i.AbstractProblemLoader Init config took 2.43s 
79470      INFO  main            d.u.i.k.p.i.AbstractProblemLoader Replaying proof Inc[Inc::inc_parameter_field(Inc)].JML normal_behavior operation contract.0 
79471      DEBUG main            d.u.i.k.p.i.IntermediateProofReplayer Proof replay took 5.7ns 
79674      INFO  main            d.u.i.k.p.r.p.TestFile    ... finished proof: closed. 
79883      INFO  main            d.u.i.k.p.i.AbstractProblemLoader Loading environment from /home/runner/work/key/key/key.core/../key.ui/examples/standard_key/java_dl/jml-assert/assert-old/inc-parameter-field.key.proof 
79883      DEBUG main            d.u.i.k.p.i.AbstractProblemLoader Environment load took 108.6ns 
79884      INFO  main            d.u.i.k.p.i.AbstractProblemLoader Creating init config 
82249      DEBUG main            d.u.i.k.p.i.AbstractProblemLoader Init config took 2.36s 
82281      INFO  main            d.u.i.k.p.i.AbstractProblemLoader Replaying proof Inc[Inc::inc_parameter_field(Inc)].JML normal_behavior operation contract.0 
82305      DEBUG main            d.u.i.k.p.i.IntermediateProofReplayer Proof replay took 21.76ms 
82305      DEBUG main            d.u.i.k.p.r.p.TestFile    ... success: reloaded. 
82306      INFO  main            d.u.i.k.p.r.p.TestFile    Now processing file /home/runner/work/key/key/key.core/../key.ui/examples/standard_key/java_dl/jml-assert/assert-old/inc-ghost-field.key 
82306      INFO  main            d.u.i.k.p.i.AbstractProblemLoader Loading environment from /home/runner/work/key/key/key.core/../key.ui/examples/standard_key/java_dl/jml-assert/assert-old/inc-ghost-field.key 
82306      DEBUG main            d.u.i.k.p.i.AbstractProblemLoader Environment load took 70.4ns 
82307      INFO  main            d.u.i.k.p.i.AbstractProblemLoader Creating init config 
84737      DEBUG main            d.u.i.k.p.i.AbstractProblemLoader Init config took 2.43s 
84770      INFO  main            d.u.i.k.p.i.AbstractProblemLoader Replaying proof Inc[Inc::inc_ghost_field()].JML normal_behavior operation contract.0 
84771      DEBUG main            d.u.i.k.p.i.IntermediateProofReplayer Proof replay took 5.8ns 
84877      INFO  main            d.u.i.k.p.r.p.TestFile    ... finished proof: closed. 
85116      INFO  main            d.u.i.k.p.i.AbstractProblemLoader Loading environment from /home/runner/work/key/key/key.core/../key.ui/examples/standard_key/java_dl/jml-assert/assert-old/inc-ghost-field.key.proof 
85116      DEBUG main            d.u.i.k.p.i.AbstractProblemLoader Environment load took 127.2ns 
85117      INFO  main            d.u.i.k.p.i.AbstractProblemLoader Creating init config 
87466      DEBUG main            d.u.i.k.p.i.AbstractProblemLoader Init config took 2.35s 
87498      INFO  main            d.u.i.k.p.i.AbstractProblemLoader Replaying proof Inc[Inc::inc_ghost_field()].JML normal_behavior operation contract.0 
87518      DEBUG main            d.u.i.k.p.i.IntermediateProofReplayer Proof replay took 18.06ms 
87519      DEBUG main            d.u.i.k.p.r.p.TestFile    ... success: reloaded. 
677556     INFO  Test worker     d.u.i.k.p.r.RunAllProofsTestUnit Returning from test jmlAsserts 
677557     INFO  Test worker     d.u.i.k.p.r.RunAllProofsTestUnit Running test javaCard 
320        INFO  Timeout watchdog d.u.i.k.p.r.p.ForkedTestFileRunner Timeout watcher launched (2000 secs.) 
330        WARN  main            d.u.i.k.s.ProofSettings   The settings in /home/runner/.key/proof-settings.props are *not* read. 
355        INFO  main            d.u.i.k.p.r.p.TestFile    Now processing file /home/runner/work/key/key/key.core/../key.ui/examples/heap/javacard/updateBalance0.key 
463        INFO  main            d.u.i.k.p.i.AbstractProblemLoader Loading environment from /home/runner/work/key/key/key.core/../key.ui/examples/heap/javacard/updateBalance0.key 
492        DEBUG main            d.u.i.k.p.i.AbstractProblemLoader Environment load took 1.91ms 
725        INFO  main            d.u.i.k.p.i.AbstractProblemLoader Creating init config 
1540       DEBUG main            d.u.i.k.j.TypeConverter   No LDT found for Meta 
1541       DEBUG main            d.u.i.k.j.TypeConverter   No LDT found for Meta 
1542       DEBUG main            d.u.i.k.j.TypeConverter   No LDT found for Meta 
1542       DEBUG main            d.u.i.k.j.TypeConverter   No LDT found for Meta 
2869       DEBUG main            d.u.i.k.j.TypeConverter   No LDT found for JavaBigintExpression 
6675       DEBUG main            d.u.i.k.p.i.AbstractProblemLoader Init config took 5.95s 
6812       INFO  main            d.u.i.k.p.i.AbstractProblemLoader Replaying proof Examples[Examples::updateBalance(short)].JML normal_behavior operation contract.0 
6842       DEBUG main            d.u.i.k.p.i.IntermediateProofReplayer Proof replay took 35.5ns 
8066       INFO  main            d.u.i.k.p.r.p.TestFile    ... finished proof: closed. 
8172       INFO  main            d.u.i.k.p.i.AbstractProblemLoader Loading environment from /home/runner/work/key/key/key.core/../key.ui/examples/heap/javacard/updateBalance0.key.proof 
8172       DEBUG main            d.u.i.k.p.i.AbstractProblemLoader Environment load took 448.9ns 
8175       INFO  main            d.u.i.k.p.i.AbstractProblemLoader Creating init config 
9995       DEBUG main            d.u.i.k.p.i.AbstractProblemLoader Init config took 1.82s 
10049      INFO  main            d.u.i.k.p.i.AbstractProblemLoader Replaying proof Examples[Examples::updateBalance(short)].JML normal_behavior operation contract.0 
10172      DEBUG main            d.u.i.k.p.i.IntermediateProofReplayer Proof replay took 114.78ms 
10179      DEBUG main            d.u.i.k.p.r.p.TestFile    ... success: reloaded. 
10182      INFO  main            d.u.i.k.p.r.p.TestFile    Now processing file /home/runner/work/key/key/key.core/../key.ui/examples/heap/javacard/updateBalance1.key 
10182      INFO  main            d.u.i.k.p.i.AbstractProblemLoader Loading environment from /home/runner/work/key/key/key.core/../key.ui/examples/heap/javacard/updateBalance1.key 
10183      DEBUG main            d.u.i.k.p.i.AbstractProblemLoader Environment load took 240.7ns 
10184      INFO  main            d.u.i.k.p.i.AbstractProblemLoader Creating init config 
11892      DEBUG main            d.u.i.k.p.i.AbstractProblemLoader Init config took 1.71s 
11941      INFO  main            d.u.i.k.p.i.AbstractProblemLoader Replaying proof Examples[Examples::updateBalance(short)].JML normal_behavior operation contract.1 
11944      DEBUG main            d.u.i.k.p.i.IntermediateProofReplayer Proof replay took 6.1ns 
12549      INFO  main            d.u.i.k.p.r.p.TestFile    ... finished proof: closed. 
12662      INFO  main            d.u.i.k.p.i.AbstractProblemLoader Loading environment from /home/runner/work/key/key/key.core/../key.ui/examples/heap/javacard/updateBalance1.key.proof 
12662      DEBUG main            d.u.i.k.p.i.AbstractProblemLoader Environment load took 440.7ns 
12664      INFO  main            d.u.i.k.p.i.AbstractProblemLoader Creating init config 
14308      DEBUG main            d.u.i.k.p.i.AbstractProblemLoader Init config took 1.64s 
14350      INFO  main            d.u.i.k.p.i.AbstractProblemLoader Replaying proof Examples[Examples::updateBalance(short)].JML normal_behavior operation contract.1 
14438      DEBUG main            d.u.i.k.p.i.IntermediateProofReplayer Proof replay took 83.34ms 
14440      DEBUG main            d.u.i.k.p.r.p.TestFile    ... success: reloaded. 
14442      INFO  main            d.u.i.k.p.r.p.TestFile    Now processing file /home/runner/work/key/key/key.core/../key.ui/examples/heap/javacard/setArray1.key 
14442      INFO  main            d.u.i.k.p.i.AbstractProblemLoader Loading environment from /home/runner/work/key/key/key.core/../key.ui/examples/heap/javacard/setArray1.key 
14443      DEBUG main            d.u.i.k.p.i.AbstractProblemLoader Environment load took 221.8ns 
14444      INFO  main            d.u.i.k.p.i.AbstractProblemLoader Creating init config 
16114      DEBUG main            d.u.i.k.p.i.AbstractProblemLoader Init config took 1.67s 
16152      INFO  main            d.u.i.k.p.i.AbstractProblemLoader Replaying proof Examples[Examples::setArray1([B)].JML normal_behavior operation contract.0 
16154      DEBUG main            d.u.i.k.p.i.IntermediateProofReplayer Proof replay took 5.6ns 
17260      INFO  main            d.u.i.k.p.r.p.TestFile    ... finished proof: closed. 
17373      INFO  main            d.u.i.k.p.i.AbstractProblemLoader Loading environment from /home/runner/work/key/key/key.core/../key.ui/examples/heap/javacard/setArray1.key.proof 
17378      DEBUG main            d.u.i.k.p.i.AbstractProblemLoader Environment load took 4.6ms 
17379      INFO  main            d.u.i.k.p.i.AbstractProblemLoader Creating init config 
19012      DEBUG main            d.u.i.k.p.i.AbstractProblemLoader Init config took 1.63s 
19065      INFO  main            d.u.i.k.p.i.AbstractProblemLoader Replaying proof Examples[Examples::setArray1([B)].JML normal_behavior operation contract.0 
19282      DEBUG main            d.u.i.k.p.i.IntermediateProofReplayer Proof replay took 209.48ms 
19285      DEBUG main            d.u.i.k.p.r.p.TestFile    ... success: reloaded. 
19290      INFO  main            d.u.i.k.p.r.p.TestFile    Now processing file /home/runner/work/key/key/key.core/../key.ui/examples/heap/javacard/setArray2.key 
19291      INFO  main            d.u.i.k.p.i.AbstractProblemLoader Loading environment from /home/runner/work/key/key/key.core/../key.ui/examples/heap/javacard/setArray2.key 
19291      DEBUG main            d.u.i.k.p.i.AbstractProblemLoader Environment load took 237.3ns 
19292      INFO  main            d.u.i.k.p.i.AbstractProblemLoader Creating init config 
20958      DEBUG main            d.u.i.k.p.i.AbstractProblemLoader Init config took 1.67s 
20995      INFO  main            d.u.i.k.p.i.AbstractProblemLoader Replaying proof Examples[Examples::setArray2([B)].JML normal_behavior operation contract.0 
20997      DEBUG main            d.u.i.k.p.i.IntermediateProofReplayer Proof replay took 5.9ns 
22103      INFO  main            d.u.i.k.p.r.p.TestFile    ... finished proof: closed. 
22223      INFO  main            d.u.i.k.p.i.AbstractProblemLoader Loading environment from /home/runner/work/key/key/key.core/../key.ui/examples/heap/javacard/setArray2.key.proof 
22224      DEBUG main            d.u.i.k.p.i.AbstractProblemLoader Environment load took 893.09ns 
22226      INFO  main            d.u.i.k.p.i.AbstractProblemLoader Creating init config 
23844      DEBUG main            d.u.i.k.p.i.AbstractProblemLoader Init config took 1.62s 
23880      INFO  main            d.u.i.k.p.i.AbstractProblemLoader Replaying proof Examples[Examples::setArray2([B)].JML normal_behavior operation contract.0 
24028      DEBUG main            d.u.i.k.p.i.IntermediateProofReplayer Proof replay took 141.69ms 
24030      DEBUG main            d.u.i.k.p.r.p.TestFile    ... success: reloaded. 
24032      INFO  main            d.u.i.k.p.r.p.TestFile    Now processing file /home/runner/work/key/key/key.core/../key.ui/examples/heap/javacard/arrayFillNonAtomic.key 
24033      INFO  main            d.u.i.k.p.i.AbstractProblemLoader Loading environment from /home/runner/work/key/key/key.core/../key.ui/examples/heap/javacard/arrayFillNonAtomic.key 
24033      DEBUG main            d.u.i.k.p.i.AbstractProblemLoader Environment load took 209.6ns 
24034      INFO  main            d.u.i.k.p.i.AbstractProblemLoader Creating init config 
25663      DEBUG main            d.u.i.k.p.i.AbstractProblemLoader Init config took 1.63s 
25715      INFO  main            d.u.i.k.p.i.AbstractProblemLoader Replaying proof javacard.framework.Util[javacard.framework.Util::arrayFillNonAtomic([B,short,short,byte)].JML behavior operation contract.0.transaction_inactive 
25717      DEBUG main            d.u.i.k.p.i.IntermediateProofReplayer Proof replay took 5.9ns 
26544      DEBUG Thread-13       d.u.i.k.l.o.ProgramSV     Match failed: Former match of  SchemaVariable incompatible with  the current match. 
26544      DEBUG Thread-13       d.u.i.k.l.o.ProgramSV     Match failed: Former match of  SchemaVariable incompatible with  the current match. 
27762      DEBUG Thread-13       d.u.i.k.l.o.ProgramSV     Match failed: Former match of  SchemaVariable incompatible with  the current match. 
27762      DEBUG Thread-13       d.u.i.k.l.o.ProgramSV     Match failed: Former match of  SchemaVariable incompatible with  the current match. 
29247      INFO  main            d.u.i.k.p.r.p.TestFile    ... finished proof: closed. 
29394      INFO  main            d.u.i.k.p.i.AbstractProblemLoader Loading environment from /home/runner/work/key/key/key.core/../key.ui/examples/heap/javacard/arrayFillNonAtomic.key.proof 
29394      DEBUG main            d.u.i.k.p.i.AbstractProblemLoader Environment load took 417ns 
29398      INFO  main            d.u.i.k.p.i.AbstractProblemLoader Creating init config 
30972      DEBUG main            d.u.i.k.p.i.AbstractProblemLoader Init config took 1.57s 
31031      INFO  main            d.u.i.k.p.i.AbstractProblemLoader Replaying proof javacard.framework.Util[javacard.framework.Util::arrayFillNonAtomic([B,short,short,byte)].JML behavior operation contract.0.transaction_inactive 
31679      DEBUG main            d.u.i.k.p.i.IntermediateProofReplayer Proof replay took 623.83ms 
31700      DEBUG main            d.u.i.k.p.r.p.TestFile    ... success: reloaded. 
31701      INFO  main            d.u.i.k.p.r.p.TestFile    Now processing file /home/runner/work/key/key/key.core/../key.ui/examples/heap/coincidence_count/project.key 
31701      INFO  main            d.u.i.k.p.i.AbstractProblemLoader Loading environment from /home/runner/work/key/key/key.core/../key.ui/examples/heap/coincidence_count/project.key 
31701      DEBUG main            d.u.i.k.p.i.AbstractProblemLoader Environment load took 68.4ns 
31702      INFO  main            d.u.i.k.p.i.AbstractProblemLoader Creating init config 
35058      DEBUG main            d.u.i.k.p.i.AbstractProblemLoader Init config took 3.36s 
35102      INFO  main            d.u.i.k.p.i.AbstractProblemLoader Replaying proof CC[CC::calcCoinIndex([I,[I)].JML normal_behavior operation contract.0 
35105      DEBUG main            d.u.i.k.p.i.IntermediateProofReplayer Proof replay took 5.8ns 
51803      INFO  main            d.u.i.k.p.r.p.TestFile    ... finished proof: closed. 
52067      INFO  main            d.u.i.k.p.i.AbstractProblemLoader Loading environment from /home/runner/work/key/key/key.core/../key.ui/examples/heap/coincidence_count/project.key.proof 
52068      DEBUG main            d.u.i.k.p.i.AbstractProblemLoader Environment load took 464.2ns 
52071      INFO  main            d.u.i.k.p.i.AbstractProblemLoader Creating init config 
54643      DEBUG main            d.u.i.k.p.i.AbstractProblemLoader Init config took 2.57s 
54685      INFO  main            d.u.i.k.p.i.AbstractProblemLoader Replaying proof CC[CC::calcCoinIndex([I,[I)].JML normal_behavior operation contract.0 
55370      DEBUG main            d.u.i.k.p.i.IntermediateProofReplayer Proof replay took 615.89ms 
55373      DEBUG main            d.u.i.k.p.r.p.TestFile    ... success: reloaded. 
55374      INFO  main            d.u.i.k.p.r.p.TestFile    Now processing file /home/runner/work/key/key/key.core/../key.ui/examples/heap/verifyThis11_1_Maximum/project.key 
55374      INFO  main            d.u.i.k.p.i.AbstractProblemLoader Loading environment from /home/runner/work/key/key/key.core/../key.ui/examples/heap/verifyThis11_1_Maximum/project.key 
55374      DEBUG main            d.u.i.k.p.i.AbstractProblemLoader Environment load took 93ns 
55376      INFO  main            d.u.i.k.p.i.AbstractProblemLoader Creating init config 
58020      DEBUG main            d.u.i.k.p.i.AbstractProblemLoader Init config took 2.64s 
58058      INFO  main            d.u.i.k.p.i.AbstractProblemLoader Replaying proof Maximum[Maximum::maxIndex([I)].JML normal_behavior operation contract.0 
58060      DEBUG main            d.u.i.k.p.i.IntermediateProofReplayer Proof replay took 5.8ns 
58964      INFO  main            d.u.i.k.p.r.p.TestFile    ... finished proof: closed. 
59204      INFO  main            d.u.i.k.p.i.AbstractProblemLoader Loading environment from /home/runner/work/key/key/key.core/../key.ui/examples/heap/verifyThis11_1_Maximum/project.key.proof 
59205      DEBUG main            d.u.i.k.p.i.AbstractProblemLoader Environment load took 122.8ns 
59206      INFO  main            d.u.i.k.p.i.AbstractProblemLoader Creating init config 
61755      DEBUG main            d.u.i.k.p.i.AbstractProblemLoader Init config took 2.55s 
61792      INFO  main            d.u.i.k.p.i.AbstractProblemLoader Replaying proof Maximum[Maximum::maxIndex([I)].JML normal_behavior operation contract.0 
61904      DEBUG main            d.u.i.k.p.i.IntermediateProofReplayer Proof replay took 105.23ms 
61905      DEBUG main            d.u.i.k.p.r.p.TestFile    ... success: reloaded. 
61906      INFO  main            d.u.i.k.p.r.p.TestFile    Now processing file /home/runner/work/key/key/key.core/../key.ui/examples/heap/fm12_01_LRS/lcp.key 
61907      INFO  main            d.u.i.k.p.i.AbstractProblemLoader Loading environment from /home/runner/work/key/key/key.core/../key.ui/examples/heap/fm12_01_LRS/lcp.key 
61907      DEBUG main            d.u.i.k.p.i.AbstractProblemLoader Environment load took 243.8ns 
61908      INFO  main            d.u.i.k.p.i.AbstractProblemLoader Creating init config 
65126      DEBUG main            d.u.i.k.p.i.AbstractProblemLoader Init config took 3.22s 
65183      INFO  main            d.u.i.k.p.i.AbstractProblemLoader Replaying proof LCP[LCP::lcp([I,int,int)].JML normal_behavior operation contract.0 
65186      DEBUG main            d.u.i.k.p.i.IntermediateProofReplayer Proof replay took 5.8ns 
66095      INFO  main            d.u.i.k.p.r.p.TestFile    ... finished proof: closed. 
66363      INFO  main            d.u.i.k.p.i.AbstractProblemLoader Loading environment from /home/runner/work/key/key/key.core/../key.ui/examples/heap/fm12_01_LRS/lcp.key.proof 
66364      DEBUG main            d.u.i.k.p.i.AbstractProblemLoader Environment load took 676.49ns 
66366      INFO  main            d.u.i.k.p.i.AbstractProblemLoader Creating init config 
69325      DEBUG main            d.u.i.k.p.i.AbstractProblemLoader Init config took 2.96s 
69382      INFO  main            d.u.i.k.p.i.AbstractProblemLoader Replaying proof LCP[LCP::lcp([I,int,int)].JML normal_behavior operation contract.0 
69522      DEBUG main            d.u.i.k.p.i.IntermediateProofReplayer Proof replay took 133.65ms 
69524      DEBUG main            d.u.i.k.p.r.p.TestFile    ... success: reloaded. 
69526      INFO  main            d.u.i.k.p.r.p.TestFile    Now processing file /home/runner/work/key/key/key.core/../key.ui/examples/heap/SemanticSlicing/project.key 
69526      INFO  main            d.u.i.k.p.i.AbstractProblemLoader Loading environment from /home/runner/work/key/key/key.core/../key.ui/examples/heap/SemanticSlicing/project.key 
69526      DEBUG main            d.u.i.k.p.i.AbstractProblemLoader Environment load took 228.7ns 
69527      INFO  main            d.u.i.k.p.i.AbstractProblemLoader Creating init config 
72211      DEBUG main            d.u.i.k.p.i.AbstractProblemLoader Init config took 2.68s 
72260      INFO  main            d.u.i.k.p.i.AbstractProblemLoader Replaying proof unsatcore_after.competition.postcond5.scope333.LRS[unsatcore_after.competition.postcond5.scope333.LRS::doLRS()].JML operation contract.0 
72262      DEBUG main            d.u.i.k.p.i.IntermediateProofReplayer Proof replay took 5.1ns 
75908      INFO  main            d.u.i.k.p.r.p.TestFile    ... finished proof: closed. 
76176      INFO  main            d.u.i.k.p.i.AbstractProblemLoader Loading environment from /home/runner/work/key/key/key.core/../key.ui/examples/heap/SemanticSlicing/project.key.proof 
76176      DEBUG main            d.u.i.k.p.i.AbstractProblemLoader Environment load took 463.6ns 
76177      INFO  main            d.u.i.k.p.i.AbstractProblemLoader Creating init config 
78811      DEBUG main            d.u.i.k.p.i.AbstractProblemLoader Init config took 2.63s 
78864      INFO  main            d.u.i.k.p.i.AbstractProblemLoader Replaying proof unsatcore_after.competition.postcond5.scope333.LRS[unsatcore_after.competition.postcond5.scope333.LRS::doLRS()].JML operation contract.0 
79439      DEBUG main            d.u.i.k.p.i.IntermediateProofReplayer Proof replay took 559.97ms 
79440      DEBUG main            d.u.i.k.p.r.p.TestFile    ... success: reloaded. 
79441      INFO  main            d.u.i.k.p.r.p.TestFile    Now processing file /home/runner/work/key/key/key.core/../key.ui/examples/heap/information_flow/ArrayList_contains.key 
79441      INFO  main            d.u.i.k.p.i.AbstractProblemLoader Loading environment from /home/runner/work/key/key/key.core/../key.ui/examples/heap/information_flow/ArrayList_contains.key 
79441      DEBUG main            d.u.i.k.p.i.AbstractProblemLoader Environment load took 71.6ns 
79442      INFO  main            d.u.i.k.p.i.AbstractProblemLoader Creating init config 
82225      DEBUG main            d.u.i.k.p.i.AbstractProblemLoader Init config took 2.78s 
82261      INFO  main            d.u.i.k.p.i.AbstractProblemLoader Replaying proof ArrayList[ArrayList::get(int)].JML normal_behavior operation contract.0 
82263      DEBUG main            d.u.i.k.p.i.IntermediateProofReplayer Proof replay took 5.3ns 
82566      INFO  main            d.u.i.k.p.r.p.TestFile    ... finished proof: closed. 
82813      INFO  main            d.u.i.k.p.i.AbstractProblemLoader Loading environment from /home/runner/work/key/key/key.core/../key.ui/examples/heap/information_flow/ArrayList_contains.key.proof 
82813      DEBUG main            d.u.i.k.p.i.AbstractProblemLoader Environment load took 107.2ns 
82814      INFO  main            d.u.i.k.p.i.AbstractProblemLoader Creating init config 
85489      DEBUG main            d.u.i.k.p.i.AbstractProblemLoader Init config took 2.67s 
85526      INFO  main            d.u.i.k.p.i.AbstractProblemLoader Replaying proof ArrayList[ArrayList::get(int)].JML normal_behavior operation contract.0 
85578      DEBUG main            d.u.i.k.p.i.IntermediateProofReplayer Proof replay took 48.63ms 
85579      DEBUG main            d.u.i.k.p.r.p.TestFile    ... success: reloaded. 
85580      INFO  main            d.u.i.k.p.r.p.TestFile    Now processing file /home/runner/work/key/key/key.core/../key.ui/examples/heap/information_flow/ArrayList_get.key 
85580      INFO  main            d.u.i.k.p.i.AbstractProblemLoader Loading environment from /home/runner/work/key/key/key.core/../key.ui/examples/heap/information_flow/ArrayList_get.key 
85580      DEBUG main            d.u.i.k.p.i.AbstractProblemLoader Environment load took 224.4ns 
85581      INFO  main            d.u.i.k.p.i.AbstractProblemLoader Creating init config 
88363      DEBUG main            d.u.i.k.p.i.AbstractProblemLoader Init config took 2.78s 
88399      INFO  main            d.u.i.k.p.i.AbstractProblemLoader Replaying proof ArrayList[ArrayList::contains(java.lang.Object)].JML normal_behavior operation contract.0 
88400      DEBUG main            d.u.i.k.p.i.IntermediateProofReplayer Proof replay took 5.8ns 
89207      INFO  main            d.u.i.k.p.r.p.TestFile    ... finished proof: closed. 
89497      INFO  main            d.u.i.k.p.i.AbstractProblemLoader Loading environment from /home/runner/work/key/key/key.core/../key.ui/examples/heap/information_flow/ArrayList_get.key.proof 
89500      DEBUG main            d.u.i.k.p.i.AbstractProblemLoader Environment load took 2.06ms 
89501      INFO  main            d.u.i.k.p.i.AbstractProblemLoader Creating init config 
92182      DEBUG main            d.u.i.k.p.i.AbstractProblemLoader Init config took 2.68s 
92222      INFO  main            d.u.i.k.p.i.AbstractProblemLoader Replaying proof ArrayList[ArrayList::contains(java.lang.Object)].JML normal_behavior operation contract.0 
92353      DEBUG main            d.u.i.k.p.i.IntermediateProofReplayer Proof replay took 117.26ms 
92355      DEBUG main            d.u.i.k.p.r.p.TestFile    ... success: reloaded. 
92356      INFO  main            d.u.i.k.p.r.p.TestFile    Now processing file /home/runner/work/key/key/key.core/../key.ui/examples/heap/information_flow/ArrayList_size.key 
92356      INFO  main            d.u.i.k.p.i.AbstractProblemLoader Loading environment from /home/runner/work/key/key/key.core/../key.ui/examples/heap/information_flow/ArrayList_size.key 
92356      DEBUG main            d.u.i.k.p.i.AbstractProblemLoader Environment load took 90.6ns 
92357      INFO  main            d.u.i.k.p.i.AbstractProblemLoader Creating init config 
95103      DEBUG main            d.u.i.k.p.i.AbstractProblemLoader Init config took 2.75s 
95140      INFO  main            d.u.i.k.p.i.AbstractProblemLoader Replaying proof ArrayList[ArrayList::size()].JML normal_behavior operation contract.0 
95141      DEBUG main            d.u.i.k.p.i.IntermediateProofReplayer Proof replay took 5.5ns 
95245      INFO  main            d.u.i.k.p.r.p.TestFile    ... finished proof: closed. 
95493      INFO  main            d.u.i.k.p.i.AbstractProblemLoader Loading environment from /home/runner/work/key/key/key.core/../key.ui/examples/heap/information_flow/ArrayList_size.key.proof 
95493      DEBUG main            d.u.i.k.p.i.AbstractProblemLoader Environment load took 103.8ns 
95494      INFO  main            d.u.i.k.p.i.AbstractProblemLoader Creating init config 
98165      DEBUG main            d.u.i.k.p.i.AbstractProblemLoader Init config took 2.67s 
98201      INFO  main            d.u.i.k.p.i.AbstractProblemLoader Replaying proof ArrayList[ArrayList::size()].JML normal_behavior operation contract.0 
98212      DEBUG main            d.u.i.k.p.i.IntermediateProofReplayer Proof replay took 9.7ms 
98213      DEBUG main            d.u.i.k.p.r.p.TestFile    ... success: reloaded. 
98213      INFO  main            d.u.i.k.p.r.p.TestFile    Now processing file /home/runner/work/key/key/key.core/../key.ui/examples/heap/information_flow/UpdateAbstraction_ex7_3_secure.key 
98215      INFO  main            d.u.i.k.p.i.AbstractProblemLoader Loading environment from /home/runner/work/key/key/key.core/../key.ui/examples/heap/information_flow/UpdateAbstraction_ex7_3_secure.key 
98215      DEBUG main            d.u.i.k.p.i.AbstractProblemLoader Environment load took 219.4ns 
98216      INFO  main            d.u.i.k.p.i.AbstractProblemLoader Creating init config 
100971     DEBUG main            d.u.i.k.p.i.AbstractProblemLoader Init config took 2.75s 
101006     INFO  main            d.u.i.k.p.i.AbstractProblemLoader Replaying proof UpdateAbstraction[UpdateAbstraction::ex7_3_secure()].JML operation contract.0 
101007     DEBUG main            d.u.i.k.p.i.IntermediateProofReplayer Proof replay took 5.7ns 
101111     INFO  main            d.u.i.k.p.r.p.TestFile    ... finished proof: closed. 
101357     INFO  main            d.u.i.k.p.i.AbstractProblemLoader Loading environment from /home/runner/work/key/key/key.core/../key.ui/examples/heap/information_flow/UpdateAbstraction_ex7_3_secure.key.proof 
101357     DEBUG main            d.u.i.k.p.i.AbstractProblemLoader Environment load took 105.7ns 
101358     INFO  main            d.u.i.k.p.i.AbstractProblemLoader Creating init config 
104038     DEBUG main            d.u.i.k.p.i.AbstractProblemLoader Init config took 2.68s 
104072     INFO  main            d.u.i.k.p.i.AbstractProblemLoader Replaying proof UpdateAbstraction[UpdateAbstraction::ex7_3_secure()].JML operation contract.0 
104094     DEBUG main            d.u.i.k.p.i.IntermediateProofReplayer Proof replay took 20.27ms 
104095     DEBUG main            d.u.i.k.p.r.p.TestFile    ... success: reloaded. 
104095     INFO  main            d.u.i.k.p.r.p.TestFile    Now processing file /home/runner/work/key/key/key.core/../key.ui/examples/heap/information_flow/UpdateAbstraction_ex7_4_secure.key 
104096     INFO  main            d.u.i.k.p.i.AbstractProblemLoader Loading environment from /home/runner/work/key/key/key.core/../key.ui/examples/heap/information_flow/UpdateAbstraction_ex7_4_secure.key 
104096     DEBUG main            d.u.i.k.p.i.AbstractProblemLoader Environment load took 72.8ns 
104096     INFO  main            d.u.i.k.p.i.AbstractProblemLoader Creating init config 
106812     DEBUG main            d.u.i.k.p.i.AbstractProblemLoader Init config took 2.72s 
106845     INFO  main            d.u.i.k.p.i.AbstractProblemLoader Replaying proof UpdateAbstraction[UpdateAbstraction::ex7_4_secure()].JML operation contract.0 
106847     DEBUG main            d.u.i.k.p.i.IntermediateProofReplayer Proof replay took 6ns 
107049     INFO  main            d.u.i.k.p.r.p.TestFile    ... finished proof: closed. 
107316     INFO  main            d.u.i.k.p.i.AbstractProblemLoader Loading environment from /home/runner/work/key/key/key.core/../key.ui/examples/heap/information_flow/UpdateAbstraction_ex7_4_secure.key.proof 
107316     DEBUG main            d.u.i.k.p.i.AbstractProblemLoader Environment load took 130ns 
107317     INFO  main            d.u.i.k.p.i.AbstractProblemLoader Creating init config 
109965     DEBUG main            d.u.i.k.p.i.AbstractProblemLoader Init config took 2.65s 
110015     INFO  main            d.u.i.k.p.i.AbstractProblemLoader Replaying proof UpdateAbstraction[UpdateAbstraction::ex7_4_secure()].JML operation contract.0 
110052     DEBUG main            d.u.i.k.p.i.IntermediateProofReplayer Proof replay took 34.84ms 
110053     DEBUG main            d.u.i.k.p.r.p.TestFile    ... success: reloaded. 
110053     INFO  main            d.u.i.k.p.r.p.TestFile    Now processing file /home/runner/work/key/key/key.core/../key.ui/examples/heap/information_flow/UpdateAbstraction_ex7_5_secure.key 
110054     INFO  main            d.u.i.k.p.i.AbstractProblemLoader Loading environment from /home/runner/work/key/key/key.core/../key.ui/examples/heap/information_flow/UpdateAbstraction_ex7_5_secure.key 
110054     DEBUG main            d.u.i.k.p.i.AbstractProblemLoader Environment load took 90.7ns 
110055     INFO  main            d.u.i.k.p.i.AbstractProblemLoader Creating init config 
112768     DEBUG main            d.u.i.k.p.i.AbstractProblemLoader Init config took 2.71s 
112801     INFO  main            d.u.i.k.p.i.AbstractProblemLoader Replaying proof UpdateAbstraction[UpdateAbstraction::ex7_5_secure()].JML operation contract.0 
112802     DEBUG main            d.u.i.k.p.i.IntermediateProofReplayer Proof replay took 6.2ns 
112905     INFO  main            d.u.i.k.p.r.p.TestFile    ... finished proof: closed. 
113159     INFO  main            d.u.i.k.p.i.AbstractProblemLoader Loading environment from /home/runner/work/key/key/key.core/../key.ui/examples/heap/information_flow/UpdateAbstraction_ex7_5_secure.key.proof 
113159     DEBUG main            d.u.i.k.p.i.AbstractProblemLoader Environment load took 103ns 
113160     INFO  main            d.u.i.k.p.i.AbstractProblemLoader Creating init config 
115803     DEBUG main            d.u.i.k.p.i.AbstractProblemLoader Init config took 2.64s 
115836     INFO  main            d.u.i.k.p.i.AbstractProblemLoader Replaying proof UpdateAbstraction[UpdateAbstraction::ex7_5_secure()].JML operation contract.0 
115851     DEBUG main            d.u.i.k.p.i.IntermediateProofReplayer Proof replay took 12.74ms 
115851     DEBUG main            d.u.i.k.p.r.p.TestFile    ... success: reloaded. 
115852     INFO  main            d.u.i.k.p.r.p.TestFile    Now processing file /home/runner/work/key/key/key.core/../key.ui/examples/heap/information_flow/UpdateAbstraction_ex7_6_secure.key 
115852     INFO  main            d.u.i.k.p.i.AbstractProblemLoader Loading environment from /home/runner/work/key/key/key.core/../key.ui/examples/heap/information_flow/UpdateAbstraction_ex7_6_secure.key 
115852     DEBUG main            d.u.i.k.p.i.AbstractProblemLoader Environment load took 100.4ns 
115853     INFO  main            d.u.i.k.p.i.AbstractProblemLoader Creating init config 
118567     DEBUG main            d.u.i.k.p.i.AbstractProblemLoader Init config took 2.71s 
118600     INFO  main            d.u.i.k.p.i.AbstractProblemLoader Replaying proof UpdateAbstraction[UpdateAbstraction::ex7_6_secure()].JML operation contract.0 
118601     DEBUG main            d.u.i.k.p.i.IntermediateProofReplayer Proof replay took 5.3ns 
118904     INFO  main            d.u.i.k.p.r.p.TestFile    ... finished proof: closed. 
119175     INFO  main            d.u.i.k.p.i.AbstractProblemLoader Loading environment from /home/runner/work/key/key/key.core/../key.ui/examples/heap/information_flow/UpdateAbstraction_ex7_6_secure.key.proof 
119175     DEBUG main            d.u.i.k.p.i.AbstractProblemLoader Environment load took 107.6ns 
119177     INFO  main            d.u.i.k.p.i.AbstractProblemLoader Creating init config 
121869     DEBUG main            d.u.i.k.p.i.AbstractProblemLoader Init config took 2.69s 
121901     INFO  main            d.u.i.k.p.i.AbstractProblemLoader Replaying proof UpdateAbstraction[UpdateAbstraction::ex7_6_secure()].JML operation contract.0 
121945     DEBUG main            d.u.i.k.p.i.IntermediateProofReplayer Proof replay took 41.04ms 
121946     DEBUG main            d.u.i.k.p.r.p.TestFile    ... success: reloaded. 
121947     INFO  main            d.u.i.k.p.r.p.TestFile    Now processing file /home/runner/work/key/key/key.core/../key.ui/examples/heap/information_flow/UpdateAbstraction_ex9_secure.key 
121947     INFO  main            d.u.i.k.p.i.AbstractProblemLoader Loading environment from /home/runner/work/key/key/key.core/../key.ui/examples/heap/information_flow/UpdateAbstraction_ex9_secure.key 
121948     DEBUG main            d.u.i.k.p.i.AbstractProblemLoader Environment load took 200.4ns 
121949     INFO  main            d.u.i.k.p.i.AbstractProblemLoader Creating init config 
124651     DEBUG main            d.u.i.k.p.i.AbstractProblemLoader Init config took 2.7s 
124684     INFO  main            d.u.i.k.p.i.AbstractProblemLoader Replaying proof UpdateAbstraction[UpdateAbstraction::ex9_secure()].JML operation contract.0 
124685     DEBUG main            d.u.i.k.p.i.IntermediateProofReplayer Proof replay took 5.4ns 
125522     INFO  main            d.u.i.k.p.r.p.TestFile    ... finished proof: closed. 
125841     INFO  main            d.u.i.k.p.i.AbstractProblemLoader Loading environment from /home/runner/work/key/key/key.core/../key.ui/examples/heap/information_flow/UpdateAbstraction_ex9_secure.key.proof 
125841     DEBUG main            d.u.i.k.p.i.AbstractProblemLoader Environment load took 112.8ns 
125842     INFO  main            d.u.i.k.p.i.AbstractProblemLoader Creating init config 
128516     DEBUG main            d.u.i.k.p.i.AbstractProblemLoader Init config took 2.67s 
128550     INFO  main            d.u.i.k.p.i.AbstractProblemLoader Replaying proof UpdateAbstraction[UpdateAbstraction::ex9_secure()].JML operation contract.0 
128678     DEBUG main            d.u.i.k.p.i.IntermediateProofReplayer Proof replay took 124.81ms 
128679     DEBUG main            d.u.i.k.p.r.p.TestFile    ... success: reloaded. 
806422     INFO  Test worker     d.u.i.k.p.r.RunAllProofsTestUnit Returning from test javaCard 
806423     INFO  Test worker     d.u.i.k.p.r.RunAllProofsTestUnit Running test list 
352        INFO  Timeout watchdog d.u.i.k.p.r.p.ForkedTestFileRunner Timeout watcher launched (2000 secs.) 
368        WARN  main            d.u.i.k.s.ProofSettings   The settings in /home/runner/.key/proof-settings.props are *not* read. 
400        INFO  main            d.u.i.k.p.r.p.TestFile    Now processing file /home/runner/work/key/key/key.core/../key.ui/examples/heap/list/ArrayList_add.key 
499        INFO  main            d.u.i.k.p.i.AbstractProblemLoader Loading environment from /home/runner/work/key/key/key.core/../key.ui/examples/heap/list/ArrayList_add.key 
519        DEBUG main            d.u.i.k.p.i.AbstractProblemLoader Environment load took 1.72ms 
725        INFO  main            d.u.i.k.p.i.AbstractProblemLoader Creating init config 
1673       DEBUG main            d.u.i.k.j.TypeConverter   No LDT found for Meta 
1673       DEBUG main            d.u.i.k.j.TypeConverter   No LDT found for Meta 
1676       DEBUG main            d.u.i.k.j.TypeConverter   No LDT found for Meta 
1676       DEBUG main            d.u.i.k.j.TypeConverter   No LDT found for Meta 
3060       DEBUG main            d.u.i.k.j.TypeConverter   No LDT found for JavaBigintExpression 
5952       DEBUG main            d.u.i.k.j.r.ClassPreparationMethodBuilder clPrepBuilder: Inner Class detected. Reject building class initialisation methods. 
8601       DEBUG main            d.u.i.k.p.i.AbstractProblemLoader Init config took 7.88s 
8750       INFO  main            d.u.i.k.p.i.AbstractProblemLoader Replaying proof ArrayList[List::add(java.lang.Object)].JML normal_behavior operation contract.0 
8780       DEBUG main            d.u.i.k.p.i.IntermediateProofReplayer Proof replay took 29.1ns 
14214      INFO  main            d.u.i.k.p.r.p.TestFile    ... finished proof: closed. 
14394      INFO  main            d.u.i.k.p.i.AbstractProblemLoader Loading environment from /home/runner/work/key/key/key.core/../key.ui/examples/heap/list/ArrayList_add.key.proof 
14394      DEBUG main            d.u.i.k.p.i.AbstractProblemLoader Environment load took 454.9ns 
14397      INFO  main            d.u.i.k.p.i.AbstractProblemLoader Creating init config 
15584      DEBUG main            d.u.i.k.j.r.ClassPreparationMethodBuilder clPrepBuilder: Inner Class detected. Reject building class initialisation methods. 
17762      DEBUG main            d.u.i.k.p.i.AbstractProblemLoader Init config took 3.36s 
17839      INFO  main            d.u.i.k.p.i.AbstractProblemLoader Replaying proof ArrayList[List::add(java.lang.Object)].JML normal_behavior operation contract.0 
18459      DEBUG main            d.u.i.k.p.i.IntermediateProofReplayer Proof replay took 569.34ms 
18468      DEBUG main            d.u.i.k.p.r.p.TestFile    ... success: reloaded. 
18474      INFO  main            d.u.i.k.p.r.p.TestFile    Now processing file /home/runner/work/key/key/key.core/../key.ui/examples/heap/list/ArrayList_ArrayList.key 
18474      INFO  main            d.u.i.k.p.i.AbstractProblemLoader Loading environment from /home/runner/work/key/key/key.core/../key.ui/examples/heap/list/ArrayList_ArrayList.key 
18475      DEBUG main            d.u.i.k.p.i.AbstractProblemLoader Environment load took 293.1ns 
18479      INFO  main            d.u.i.k.p.i.AbstractProblemLoader Creating init config 
19592      DEBUG main            d.u.i.k.j.r.ClassPreparationMethodBuilder clPrepBuilder: Inner Class detected. Reject building class initialisation methods. 
21699      DEBUG main            d.u.i.k.p.i.AbstractProblemLoader Init config took 3.22s 
21765      INFO  main            d.u.i.k.p.i.AbstractProblemLoader Replaying proof ArrayList[ArrayList::ArrayList()].JML normal_behavior operation contract.0 
21768      DEBUG main            d.u.i.k.p.i.IntermediateProofReplayer Proof replay took 5.4ns 
23194      INFO  main            d.u.i.k.p.r.p.TestFile    ... finished proof: closed. 
23394      INFO  main            d.u.i.k.p.i.AbstractProblemLoader Loading environment from /home/runner/work/key/key/key.core/../key.ui/examples/heap/list/ArrayList_ArrayList.key.proof 
23395      DEBUG main            d.u.i.k.p.i.AbstractProblemLoader Environment load took 901.29ns 
23398      INFO  main            d.u.i.k.p.i.AbstractProblemLoader Creating init config 
24421      DEBUG main            d.u.i.k.j.r.ClassPreparationMethodBuilder clPrepBuilder: Inner Class detected. Reject building class initialisation methods. 
26461      DEBUG main            d.u.i.k.p.i.AbstractProblemLoader Init config took 3.06s 
26519      INFO  main            d.u.i.k.p.i.AbstractProblemLoader Replaying proof ArrayList[ArrayList::ArrayList()].JML normal_behavior operation contract.0 
26701      DEBUG main            d.u.i.k.p.i.IntermediateProofReplayer Proof replay took 173.09ms 
26704      DEBUG main            d.u.i.k.p.r.p.TestFile    ... success: reloaded. 
26705      INFO  main            d.u.i.k.p.r.p.TestFile    Now processing file /home/runner/work/key/key/key.core/../key.ui/examples/heap/list/ArrayList_concatenate.key 
26706      INFO  main            d.u.i.k.p.i.AbstractProblemLoader Loading environment from /home/runner/work/key/key/key.core/../key.ui/examples/heap/list/ArrayList_concatenate.key 
26706      DEBUG main            d.u.i.k.p.i.AbstractProblemLoader Environment load took 211.1ns 
26707      INFO  main            d.u.i.k.p.i.AbstractProblemLoader Creating init config 
27765      DEBUG main            d.u.i.k.j.r.ClassPreparationMethodBuilder clPrepBuilder: Inner Class detected. Reject building class initialisation methods. 
29808      DEBUG main            d.u.i.k.p.i.AbstractProblemLoader Init config took 3.1s 
29865      INFO  main            d.u.i.k.p.i.AbstractProblemLoader Replaying proof ArrayList[List::concatenate(List)].JML normal_behavior operation contract.0 
29867      DEBUG main            d.u.i.k.p.i.IntermediateProofReplayer Proof replay took 5.9ns 
52630      INFO  main            d.u.i.k.p.r.p.TestFile    ... finished proof: closed. 
52874      INFO  main            d.u.i.k.p.i.AbstractProblemLoader Loading environment from /home/runner/work/key/key/key.core/../key.ui/examples/heap/list/ArrayList_concatenate.key.proof 
52874      DEBUG main            d.u.i.k.p.i.AbstractProblemLoader Environment load took 476.8ns 
52879      INFO  main            d.u.i.k.p.i.AbstractProblemLoader Creating init config 
53837      DEBUG main            d.u.i.k.j.r.ClassPreparationMethodBuilder clPrepBuilder: Inner Class detected. Reject building class initialisation methods. 
55819      DEBUG main            d.u.i.k.p.i.AbstractProblemLoader Init config took 2.94s 
55885      INFO  main            d.u.i.k.p.i.AbstractProblemLoader Replaying proof ArrayList[List::concatenate(List)].JML normal_behavior operation contract.0 
57301      DEBUG main            d.u.i.k.p.i.IntermediateProofReplayer Proof replay took 1.35s 
57305      DEBUG main            d.u.i.k.p.r.p.TestFile    ... success: reloaded. 
57306      INFO  main            d.u.i.k.p.r.p.TestFile    Now processing file /home/runner/work/key/key/key.core/../key.ui/examples/heap/list/ArrayList_contains_dep.key 
57307      INFO  main            d.u.i.k.p.i.AbstractProblemLoader Loading environment from /home/runner/work/key/key/key.core/../key.ui/examples/heap/list/ArrayList_contains_dep.key 
57307      DEBUG main            d.u.i.k.p.i.AbstractProblemLoader Environment load took 204.8ns 
57308      INFO  main            d.u.i.k.p.i.AbstractProblemLoader Creating init config 
58342      DEBUG main            d.u.i.k.j.r.ClassPreparationMethodBuilder clPrepBuilder: Inner Class detected. Reject building class initialisation methods. 
60384      DEBUG main            d.u.i.k.p.i.AbstractProblemLoader Init config took 3.08s 
60439      INFO  main            d.u.i.k.p.i.AbstractProblemLoader Replaying proof ArrayList[List::contains(java.lang.Object)].JML accessible clause.0 
60441      DEBUG main            d.u.i.k.p.i.IntermediateProofReplayer Proof replay took 4.9ns 
62949      INFO  main            d.u.i.k.p.r.p.TestFile    ... finished proof: closed. 
63152      INFO  main            d.u.i.k.p.i.AbstractProblemLoader Loading environment from /home/runner/work/key/key/key.core/../key.ui/examples/heap/list/ArrayList_contains_dep.key.proof 
63152      DEBUG main            d.u.i.k.p.i.AbstractProblemLoader Environment load took 435.9ns 
63154      INFO  main            d.u.i.k.p.i.AbstractProblemLoader Creating init config 
64080      DEBUG main            d.u.i.k.j.r.ClassPreparationMethodBuilder clPrepBuilder: Inner Class detected. Reject building class initialisation methods. 
66101      DEBUG main            d.u.i.k.p.i.AbstractProblemLoader Init config took 2.95s 
66154      INFO  main            d.u.i.k.p.i.AbstractProblemLoader Replaying proof ArrayList[List::contains(java.lang.Object)].JML accessible clause.0 
66450      DEBUG main            d.u.i.k.p.i.IntermediateProofReplayer Proof replay took 286.02ms 
66452      DEBUG main            d.u.i.k.p.r.p.TestFile    ... success: reloaded. 
66453      INFO  main            d.u.i.k.p.r.p.TestFile    Now processing file /home/runner/work/key/key/key.core/../key.ui/examples/heap/list/ArrayList_enlarge.key 
66453      INFO  main            d.u.i.k.p.i.AbstractProblemLoader Loading environment from /home/runner/work/key/key/key.core/../key.ui/examples/heap/list/ArrayList_enlarge.key 
66453      DEBUG main            d.u.i.k.p.i.AbstractProblemLoader Environment load took 221ns 
66454      INFO  main            d.u.i.k.p.i.AbstractProblemLoader Creating init config 
67401      DEBUG main            d.u.i.k.j.r.ClassPreparationMethodBuilder clPrepBuilder: Inner Class detected. Reject building class initialisation methods. 
69432      DEBUG main            d.u.i.k.p.i.AbstractProblemLoader Init config took 2.98s 
69482      INFO  main            d.u.i.k.p.i.AbstractProblemLoader Replaying proof ArrayList[ArrayList::enlarge()].JML normal_behavior operation contract.0 
69483      DEBUG main            d.u.i.k.p.i.IntermediateProofReplayer Proof replay took 4.2ns 
71690      INFO  main            d.u.i.k.p.r.p.TestFile    ... finished proof: closed. 
71961      INFO  main            d.u.i.k.p.i.AbstractProblemLoader Loading environment from /home/runner/work/key/key/key.core/../key.ui/examples/heap/list/ArrayList_enlarge.key.proof 
71963      DEBUG main            d.u.i.k.p.i.AbstractProblemLoader Environment load took 1.78ms 
71965      INFO  main            d.u.i.k.p.i.AbstractProblemLoader Creating init config 
72910      DEBUG main            d.u.i.k.j.r.ClassPreparationMethodBuilder clPrepBuilder: Inner Class detected. Reject building class initialisation methods. 
74869      DEBUG main            d.u.i.k.p.i.AbstractProblemLoader Init config took 2.9s 
74922      INFO  main            d.u.i.k.p.i.AbstractProblemLoader Replaying proof ArrayList[ArrayList::enlarge()].JML normal_behavior operation contract.0 
75212      DEBUG main            d.u.i.k.p.i.IntermediateProofReplayer Proof replay took 281.08ms 
75213      DEBUG main            d.u.i.k.p.r.p.TestFile    ... success: reloaded. 
75215      INFO  main            d.u.i.k.p.r.p.TestFile    Now processing file /home/runner/work/key/key/key.core/../key.ui/examples/heap/list/ArrayList_footprint.key 
75215      INFO  main            d.u.i.k.p.i.AbstractProblemLoader Loading environment from /home/runner/work/key/key/key.core/../key.ui/examples/heap/list/ArrayList_footprint.key 
75215      DEBUG main            d.u.i.k.p.i.AbstractProblemLoader Environment load took 213ns 
75216      INFO  main            d.u.i.k.p.i.AbstractProblemLoader Creating init config 
76173      DEBUG main            d.u.i.k.j.r.ClassPreparationMethodBuilder clPrepBuilder: Inner Class detected. Reject building class initialisation methods. 
78201      DEBUG main            d.u.i.k.p.i.AbstractProblemLoader Init config took 2.98s 
78244      INFO  main            d.u.i.k.p.i.AbstractProblemLoader Replaying proof List[List::$footprint()].JML accessible clause.0 
78246      DEBUG main            d.u.i.k.p.i.IntermediateProofReplayer Proof replay took 6.3ns 
78348      INFO  main            d.u.i.k.p.r.p.TestFile    ... finished proof: closed. 
78513      INFO  main            d.u.i.k.p.i.AbstractProblemLoader Loading environment from /home/runner/work/key/key/key.core/../key.ui/examples/heap/list/ArrayList_footprint.key.proof 
78513      DEBUG main            d.u.i.k.p.i.AbstractProblemLoader Environment load took 131.9ns 
78514      INFO  main            d.u.i.k.p.i.AbstractProblemLoader Creating init config 
79468      DEBUG main            d.u.i.k.j.r.ClassPreparationMethodBuilder clPrepBuilder: Inner Class detected. Reject building class initialisation methods. 
81431      DEBUG main            d.u.i.k.p.i.AbstractProblemLoader Init config took 2.92s 
81473      INFO  main            d.u.i.k.p.i.AbstractProblemLoader Replaying proof List[List::$footprint()].JML accessible clause.0 
81475      DEBUG main            d.u.i.k.p.i.IntermediateProofReplayer Proof replay took 829.29ns 
81476      DEBUG main            d.u.i.k.p.r.p.TestFile    ... success: reloaded. 
81477      INFO  main            d.u.i.k.p.r.p.TestFile    Now processing file /home/runner/work/key/key/key.core/../key.ui/examples/heap/list/ArrayList_get_dep.key 
81478      INFO  main            d.u.i.k.p.i.AbstractProblemLoader Loading environment from /home/runner/work/key/key/key.core/../key.ui/examples/heap/list/ArrayList_get_dep.key 
81478      DEBUG main            d.u.i.k.p.i.AbstractProblemLoader Environment load took 199.5ns 
81479      INFO  main            d.u.i.k.p.i.AbstractProblemLoader Creating init config 
82421      DEBUG main            d.u.i.k.j.r.ClassPreparationMethodBuilder clPrepBuilder: Inner Class detected. Reject building class initialisation methods. 
84415      DEBUG main            d.u.i.k.p.i.AbstractProblemLoader Init config took 2.94s 
84460      INFO  main            d.u.i.k.p.i.AbstractProblemLoader Replaying proof ArrayList[List::get(int)].JML accessible clause.0 
84462      DEBUG main            d.u.i.k.p.i.IntermediateProofReplayer Proof replay took 5ns 
84868      INFO  main            d.u.i.k.p.r.p.TestFile    ... finished proof: closed. 
85035      INFO  main            d.u.i.k.p.i.AbstractProblemLoader Loading environment from /home/runner/work/key/key/key.core/../key.ui/examples/heap/list/ArrayList_get_dep.key.proof 
85035      DEBUG main            d.u.i.k.p.i.AbstractProblemLoader Environment load took 112.9ns 
85036      INFO  main            d.u.i.k.p.i.AbstractProblemLoader Creating init config 
85964      DEBUG main            d.u.i.k.j.r.ClassPreparationMethodBuilder clPrepBuilder: Inner Class detected. Reject building class initialisation methods. 
87988      DEBUG main            d.u.i.k.p.i.AbstractProblemLoader Init config took 2.95s 
88034      INFO  main            d.u.i.k.p.i.AbstractProblemLoader Replaying proof ArrayList[List::get(int)].JML accessible clause.0 
88085      DEBUG main            d.u.i.k.p.i.IntermediateProofReplayer Proof replay took 48ms 
88086      DEBUG main            d.u.i.k.p.r.p.TestFile    ... success: reloaded. 
88087      INFO  main            d.u.i.k.p.r.p.TestFile    Now processing file /home/runner/work/key/key/key.core/../key.ui/examples/heap/list/ArrayList_get_exceptional.key 
88088      INFO  main            d.u.i.k.p.i.AbstractProblemLoader Loading environment from /home/runner/work/key/key/key.core/../key.ui/examples/heap/list/ArrayList_get_exceptional.key 
88088      DEBUG main            d.u.i.k.p.i.AbstractProblemLoader Environment load took 140.8ns 
88089      INFO  main            d.u.i.k.p.i.AbstractProblemLoader Creating init config 
89072      DEBUG main            d.u.i.k.j.r.ClassPreparationMethodBuilder clPrepBuilder: Inner Class detected. Reject building class initialisation methods. 
91115      DEBUG main            d.u.i.k.p.i.AbstractProblemLoader Init config took 3.03s 
91175      INFO  main            d.u.i.k.p.i.AbstractProblemLoader Replaying proof ArrayList[List::get(int)].JML exceptional_behavior operation contract.0 
91176      DEBUG main            d.u.i.k.p.i.IntermediateProofReplayer Proof replay took 5.4ns 
92280      INFO  main            d.u.i.k.p.r.p.TestFile    ... finished proof: closed. 
92464      INFO  main            d.u.i.k.p.i.AbstractProblemLoader Loading environment from /home/runner/work/key/key/key.core/../key.ui/examples/heap/list/ArrayList_get_exceptional.key.proof 
92464      DEBUG main            d.u.i.k.p.i.AbstractProblemLoader Environment load took 443.9ns 
92466      INFO  main            d.u.i.k.p.i.AbstractProblemLoader Creating init config 
93420      DEBUG main            d.u.i.k.j.r.ClassPreparationMethodBuilder clPrepBuilder: Inner Class detected. Reject building class initialisation methods. 
95362      DEBUG main            d.u.i.k.p.i.AbstractProblemLoader Init config took 2.89s 
95409      INFO  main            d.u.i.k.p.i.AbstractProblemLoader Replaying proof ArrayList[List::get(int)].JML exceptional_behavior operation contract.0 
95565      DEBUG main            d.u.i.k.p.i.IntermediateProofReplayer Proof replay took 145.99ms 
95566      DEBUG main            d.u.i.k.p.r.p.TestFile    ... success: reloaded. 
95567      INFO  main            d.u.i.k.p.r.p.TestFile    Now processing file /home/runner/work/key/key/key.core/../key.ui/examples/heap/list/ArrayList_get_normal.key 
95567      INFO  main            d.u.i.k.p.i.AbstractProblemLoader Loading environment from /home/runner/work/key/key/key.core/../key.ui/examples/heap/list/ArrayList_get_normal.key 
95568      DEBUG main            d.u.i.k.p.i.AbstractProblemLoader Environment load took 206.9ns 
95569      INFO  main            d.u.i.k.p.i.AbstractProblemLoader Creating init config 
96508      DEBUG main            d.u.i.k.j.r.ClassPreparationMethodBuilder clPrepBuilder: Inner Class detected. Reject building class initialisation methods. 
98504      DEBUG main            d.u.i.k.p.i.AbstractProblemLoader Init config took 2.93s 
98570      INFO  main            d.u.i.k.p.i.AbstractProblemLoader Replaying proof ArrayList[List::get(int)].JML normal_behavior operation contract.0 
98573      DEBUG main            d.u.i.k.p.i.IntermediateProofReplayer Proof replay took 5ns 
98976      INFO  main            d.u.i.k.p.r.p.TestFile    ... finished proof: closed. 
99171      INFO  main            d.u.i.k.p.i.AbstractProblemLoader Loading environment from /home/runner/work/key/key/key.core/../key.ui/examples/heap/list/ArrayList_get_normal.key.proof 
99171      DEBUG main            d.u.i.k.p.i.AbstractProblemLoader Environment load took 111.4ns 
99172      INFO  main            d.u.i.k.p.i.AbstractProblemLoader Creating init config 
100087     DEBUG main            d.u.i.k.j.r.ClassPreparationMethodBuilder clPrepBuilder: Inner Class detected. Reject building class initialisation methods. 
102065     DEBUG main            d.u.i.k.p.i.AbstractProblemLoader Init config took 2.89s 
102110     INFO  main            d.u.i.k.p.i.AbstractProblemLoader Replaying proof ArrayList[List::get(int)].JML normal_behavior operation contract.0 
102161     DEBUG main            d.u.i.k.p.i.IntermediateProofReplayer Proof replay took 47.33ms 
102162     DEBUG main            d.u.i.k.p.r.p.TestFile    ... success: reloaded. 
102163     INFO  main            d.u.i.k.p.r.p.TestFile    Now processing file /home/runner/work/key/key/key.core/../key.ui/examples/heap/list/ArrayList_inv.key 
102163     INFO  main            d.u.i.k.p.i.AbstractProblemLoader Loading environment from /home/runner/work/key/key/key.core/../key.ui/examples/heap/list/ArrayList_inv.key 
102163     DEBUG main            d.u.i.k.p.i.AbstractProblemLoader Environment load took 100.3ns 
102164     INFO  main            d.u.i.k.p.i.AbstractProblemLoader Creating init config 
103108     DEBUG main            d.u.i.k.j.r.ClassPreparationMethodBuilder clPrepBuilder: Inner Class detected. Reject building class initialisation methods. 
105076     DEBUG main            d.u.i.k.p.i.AbstractProblemLoader Init config took 2.91s 
105122     INFO  main            d.u.i.k.p.i.AbstractProblemLoader Replaying proof ArrayList[java.lang.Object::<inv>()].JML accessible clause.0 
105123     DEBUG main            d.u.i.k.p.i.IntermediateProofReplayer Proof replay took 5.5ns 
105544     INFO  main            d.u.i.k.p.r.p.TestFile    ... finished proof: closed. 
105735     INFO  main            d.u.i.k.p.i.AbstractProblemLoader Loading environment from /home/runner/work/key/key/key.core/../key.ui/examples/heap/list/ArrayList_inv.key.proof 
105735     DEBUG main            d.u.i.k.p.i.AbstractProblemLoader Environment load took 110.8ns 
105736     INFO  main            d.u.i.k.p.i.AbstractProblemLoader Creating init config 
106673     DEBUG main            d.u.i.k.j.r.ClassPreparationMethodBuilder clPrepBuilder: Inner Class detected. Reject building class initialisation methods. 
108589     DEBUG main            d.u.i.k.p.i.AbstractProblemLoader Init config took 2.85s 
108636     INFO  main            d.u.i.k.p.i.AbstractProblemLoader Replaying proof ArrayList[java.lang.Object::<inv>()].JML accessible clause.0 
108676     DEBUG main            d.u.i.k.p.i.IntermediateProofReplayer Proof replay took 28.76ms 
108677     DEBUG main            d.u.i.k.p.r.p.TestFile    ... success: reloaded. 
108678     INFO  main            d.u.i.k.p.r.p.TestFile    Now processing file /home/runner/work/key/key/key.core/../key.ui/examples/heap/list/ArrayList_iterator.key 
108679     INFO  main            d.u.i.k.p.i.AbstractProblemLoader Loading environment from /home/runner/work/key/key/key.core/../key.ui/examples/heap/list/ArrayList_iterator.key 
108679     DEBUG main            d.u.i.k.p.i.AbstractProblemLoader Environment load took 201.8ns 
108680     INFO  main            d.u.i.k.p.i.AbstractProblemLoader Creating init config 
109625     DEBUG main            d.u.i.k.j.r.ClassPreparationMethodBuilder clPrepBuilder: Inner Class detected. Reject building class initialisation methods. 
111583     DEBUG main            d.u.i.k.p.i.AbstractProblemLoader Init config took 2.9s 
111653     INFO  main            d.u.i.k.p.i.AbstractProblemLoader Replaying proof ArrayList[List::iterator()].JML normal_behavior operation contract.0 
111655     DEBUG main            d.u.i.k.p.i.IntermediateProofReplayer Proof replay took 5.6ns 
112157     INFO  main            d.u.i.k.p.r.p.TestFile    ... finished proof: closed. 
112398     INFO  main            d.u.i.k.p.i.AbstractProblemLoader Loading environment from /home/runner/work/key/key/key.core/../key.ui/examples/heap/list/ArrayList_iterator.key.proof 
112398     DEBUG main            d.u.i.k.p.i.AbstractProblemLoader Environment load took 434.3ns 
112400     INFO  main            d.u.i.k.p.i.AbstractProblemLoader Creating init config 
113334     DEBUG main            d.u.i.k.j.r.ClassPreparationMethodBuilder clPrepBuilder: Inner Class detected. Reject building class initialisation methods. 
115262     DEBUG main            d.u.i.k.p.i.AbstractProblemLoader Init config took 2.86s 
115306     INFO  main            d.u.i.k.p.i.AbstractProblemLoader Replaying proof ArrayList[List::iterator()].JML normal_behavior operation contract.0 
115369     DEBUG main            d.u.i.k.p.i.IntermediateProofReplayer Proof replay took 57.33ms 
115370     DEBUG main            d.u.i.k.p.r.p.TestFile    ... success: reloaded. 
115371     INFO  main            d.u.i.k.p.r.p.TestFile    Now processing file /home/runner/work/key/key/key.core/../key.ui/examples/heap/list/ArrayList_size_dep.key 
115371     INFO  main            d.u.i.k.p.i.AbstractProblemLoader Loading environment from /home/runner/work/key/key/key.core/../key.ui/examples/heap/list/ArrayList_size_dep.key 
115371     DEBUG main            d.u.i.k.p.i.AbstractProblemLoader Environment load took 97ns 
115372     INFO  main            d.u.i.k.p.i.AbstractProblemLoader Creating init config 
116315     DEBUG main            d.u.i.k.j.r.ClassPreparationMethodBuilder clPrepBuilder: Inner Class detected. Reject building class initialisation methods. 
118320     DEBUG main            d.u.i.k.p.i.AbstractProblemLoader Init config took 2.95s 
118364     INFO  main            d.u.i.k.p.i.AbstractProblemLoader Replaying proof ArrayList[List::size()].JML accessible clause.0 
118365     DEBUG main            d.u.i.k.p.i.IntermediateProofReplayer Proof replay took 4.9ns 
118567     INFO  main            d.u.i.k.p.r.p.TestFile    ... finished proof: closed. 
118768     INFO  main            d.u.i.k.p.i.AbstractProblemLoader Loading environment from /home/runner/work/key/key/key.core/../key.ui/examples/heap/list/ArrayList_size_dep.key.proof 
118768     DEBUG main            d.u.i.k.p.i.AbstractProblemLoader Environment load took 110ns 
118769     INFO  main            d.u.i.k.p.i.AbstractProblemLoader Creating init config 
119695     DEBUG main            d.u.i.k.j.r.ClassPreparationMethodBuilder clPrepBuilder: Inner Class detected. Reject building class initialisation methods. 
121634     DEBUG main            d.u.i.k.p.i.AbstractProblemLoader Init config took 2.86s 
121677     INFO  main            d.u.i.k.p.i.AbstractProblemLoader Replaying proof ArrayList[List::size()].JML accessible clause.0 
121694     DEBUG main            d.u.i.k.p.i.IntermediateProofReplayer Proof replay took 14.42ms 
121695     DEBUG main            d.u.i.k.p.r.p.TestFile    ... success: reloaded. 
121696     INFO  main            d.u.i.k.p.r.p.TestFile    Now processing file /home/runner/work/key/key/key.core/../key.ui/examples/heap/list/ArrayList_size.key 
121696     INFO  main            d.u.i.k.p.i.AbstractProblemLoader Loading environment from /home/runner/work/key/key/key.core/../key.ui/examples/heap/list/ArrayList_size.key 
121696     DEBUG main            d.u.i.k.p.i.AbstractProblemLoader Environment load took 75.2ns 
121697     INFO  main            d.u.i.k.p.i.AbstractProblemLoader Creating init config 
122637     DEBUG main            d.u.i.k.j.r.ClassPreparationMethodBuilder clPrepBuilder: Inner Class detected. Reject building class initialisation methods. 
124628     DEBUG main            d.u.i.k.p.i.AbstractProblemLoader Init config took 2.93s 
124671     INFO  main            d.u.i.k.p.i.AbstractProblemLoader Replaying proof ArrayList[List::size()].JML normal_behavior operation contract.0 
124673     DEBUG main            d.u.i.k.p.i.IntermediateProofReplayer Proof replay took 5.1ns 
124874     INFO  main            d.u.i.k.p.r.p.TestFile    ... finished proof: closed. 
125086     INFO  main            d.u.i.k.p.i.AbstractProblemLoader Loading environment from /home/runner/work/key/key/key.core/../key.ui/examples/heap/list/ArrayList_size.key.proof 
125086     DEBUG main            d.u.i.k.p.i.AbstractProblemLoader Environment load took 107.4ns 
125087     INFO  main            d.u.i.k.p.i.AbstractProblemLoader Creating init config 
125995     DEBUG main            d.u.i.k.j.r.ClassPreparationMethodBuilder clPrepBuilder: Inner Class detected. Reject building class initialisation methods. 
127952     DEBUG main            d.u.i.k.p.i.AbstractProblemLoader Init config took 2.86s 
128004     INFO  main            d.u.i.k.p.i.AbstractProblemLoader Replaying proof ArrayList[List::size()].JML normal_behavior operation contract.0 
128030     DEBUG main            d.u.i.k.p.i.IntermediateProofReplayer Proof replay took 23.1ms 
128031     DEBUG main            d.u.i.k.p.r.p.TestFile    ... success: reloaded. 
128032     INFO  main            d.u.i.k.p.r.p.TestFile    Now processing file /home/runner/work/key/key/key.core/../key.ui/examples/heap/list/ArrayList.ArrayListIterator_ArrayListIterator.key 
128032     INFO  main            d.u.i.k.p.i.AbstractProblemLoader Loading environment from /home/runner/work/key/key/key.core/../key.ui/examples/heap/list/ArrayList.ArrayListIterator_ArrayListIterator.key 
128032     DEBUG main            d.u.i.k.p.i.AbstractProblemLoader Environment load took 71.6ns 
128033     INFO  main            d.u.i.k.p.i.AbstractProblemLoader Creating init config 
128968     DEBUG main            d.u.i.k.j.r.ClassPreparationMethodBuilder clPrepBuilder: Inner Class detected. Reject building class initialisation methods. 
130954     DEBUG main            d.u.i.k.p.i.AbstractProblemLoader Init config took 2.92s 
131006     INFO  main            d.u.i.k.p.i.AbstractProblemLoader Replaying proof ArrayList.ArrayListIterator[ArrayList.ArrayListIterator::ArrayListIterator(ArrayList)].JML normal_behavior operation contract.0 
131008     DEBUG main            d.u.i.k.p.i.IntermediateProofReplayer Proof replay took 5.5ns 
131625     INFO  main            d.u.i.k.p.r.p.TestFile    ... finished proof: closed. 
131843     INFO  main            d.u.i.k.p.i.AbstractProblemLoader Loading environment from /home/runner/work/key/key/key.core/../key.ui/examples/heap/list/ArrayList.ArrayListIterator_ArrayListIterator.key.proof 
131843     DEBUG main            d.u.i.k.p.i.AbstractProblemLoader Environment load took 113ns 
131844     INFO  main            d.u.i.k.p.i.AbstractProblemLoader Creating init config 
132757     DEBUG main            d.u.i.k.j.r.ClassPreparationMethodBuilder clPrepBuilder: Inner Class detected. Reject building class initialisation methods. 
134712     DEBUG main            d.u.i.k.p.i.AbstractProblemLoader Init config took 2.87s 
134765     INFO  main            d.u.i.k.p.i.AbstractProblemLoader Replaying proof ArrayList.ArrayListIterator[ArrayList.ArrayListIterator::ArrayListIterator(ArrayList)].JML normal_behavior operation contract.0 
134834     DEBUG main            d.u.i.k.p.i.IntermediateProofReplayer Proof replay took 64.46ms 
134835     DEBUG main            d.u.i.k.p.r.p.TestFile    ... success: reloaded. 
134837     INFO  main            d.u.i.k.p.r.p.TestFile    Now processing file /home/runner/work/key/key/key.core/../key.ui/examples/heap/list/ArrayList.ArrayListIterator_hasNext_dep.key 
134837     INFO  main            d.u.i.k.p.i.AbstractProblemLoader Loading environment from /home/runner/work/key/key/key.core/../key.ui/examples/heap/list/ArrayList.ArrayListIterator_hasNext_dep.key 
134837     DEBUG main            d.u.i.k.p.i.AbstractProblemLoader Environment load took 201.1ns 
134838     INFO  main            d.u.i.k.p.i.AbstractProblemLoader Creating init config 
135783     DEBUG main            d.u.i.k.j.r.ClassPreparationMethodBuilder clPrepBuilder: Inner Class detected. Reject building class initialisation methods. 
137726     DEBUG main            d.u.i.k.p.i.AbstractProblemLoader Init config took 2.89s 
137780     INFO  main            d.u.i.k.p.i.AbstractProblemLoader Replaying proof ArrayList.ArrayListIterator[ListIterator::hasNext()].JML accessible clause.0 
137781     DEBUG main            d.u.i.k.p.i.IntermediateProofReplayer Proof replay took 5.5ns 
138084     INFO  main            d.u.i.k.p.r.p.TestFile    ... finished proof: closed. 
138310     INFO  main            d.u.i.k.p.i.AbstractProblemLoader Loading environment from /home/runner/work/key/key/key.core/../key.ui/examples/heap/list/ArrayList.ArrayListIterator_hasNext_dep.key.proof 
138310     DEBUG main            d.u.i.k.p.i.AbstractProblemLoader Environment load took 132.7ns 
138311     INFO  main            d.u.i.k.p.i.AbstractProblemLoader Creating init config 
139220     DEBUG main            d.u.i.k.j.r.ClassPreparationMethodBuilder clPrepBuilder: Inner Class detected. Reject building class initialisation methods. 
141162     DEBUG main            d.u.i.k.p.i.AbstractProblemLoader Init config took 2.85s 
141212     INFO  main            d.u.i.k.p.i.AbstractProblemLoader Replaying proof ArrayList.ArrayListIterator[ListIterator::hasNext()].JML accessible clause.0 
141246     DEBUG main            d.u.i.k.p.i.IntermediateProofReplayer Proof replay took 31.45ms 
141251     DEBUG main            d.u.i.k.p.r.p.TestFile    ... success: reloaded. 
141253     INFO  main            d.u.i.k.p.r.p.TestFile    Now processing file /home/runner/work/key/key/key.core/../key.ui/examples/heap/list/ArrayList.ArrayListIterator_hasNext.key 
141255     INFO  main            d.u.i.k.p.i.AbstractProblemLoader Loading environment from /home/runner/work/key/key/key.core/../key.ui/examples/heap/list/ArrayList.ArrayListIterator_hasNext.key 
141255     DEBUG main            d.u.i.k.p.i.AbstractProblemLoader Environment load took 264ns 
141256     INFO  main            d.u.i.k.p.i.AbstractProblemLoader Creating init config 
142189     DEBUG main            d.u.i.k.j.r.ClassPreparationMethodBuilder clPrepBuilder: Inner Class detected. Reject building class initialisation methods. 
144170     DEBUG main            d.u.i.k.p.i.AbstractProblemLoader Init config took 2.91s 
144220     INFO  main            d.u.i.k.p.i.AbstractProblemLoader Replaying proof ArrayList.ArrayListIterator[ListIterator::hasNext()].JML normal_behavior operation contract.0 
144221     DEBUG main            d.u.i.k.p.i.IntermediateProofReplayer Proof replay took 5.6ns 
144624     INFO  main            d.u.i.k.p.r.p.TestFile    ... finished proof: closed. 
144865     INFO  main            d.u.i.k.p.i.AbstractProblemLoader Loading environment from /home/runner/work/key/key/key.core/../key.ui/examples/heap/list/ArrayList.ArrayListIterator_hasNext.key.proof 
144865     DEBUG main            d.u.i.k.p.i.AbstractProblemLoader Environment load took 99ns 
144866     INFO  main            d.u.i.k.p.i.AbstractProblemLoader Creating init config 
145779     DEBUG main            d.u.i.k.j.r.ClassPreparationMethodBuilder clPrepBuilder: Inner Class detected. Reject building class initialisation methods. 
147700     DEBUG main            d.u.i.k.p.i.AbstractProblemLoader Init config took 2.83s 
147749     INFO  main            d.u.i.k.p.i.AbstractProblemLoader Replaying proof ArrayList.ArrayListIterator[ListIterator::hasNext()].JML normal_behavior operation contract.0 
147784     DEBUG main            d.u.i.k.p.i.IntermediateProofReplayer Proof replay took 32.55ms 
147785     DEBUG main            d.u.i.k.p.r.p.TestFile    ... success: reloaded. 
147786     INFO  main            d.u.i.k.p.r.p.TestFile    Now processing file /home/runner/work/key/key/key.core/../key.ui/examples/heap/list/ArrayList.ArrayListIterator_inv.key 
147786     INFO  main            d.u.i.k.p.i.AbstractProblemLoader Loading environment from /home/runner/work/key/key/key.core/../key.ui/examples/heap/list/ArrayList.ArrayListIterator_inv.key 
147786     DEBUG main            d.u.i.k.p.i.AbstractProblemLoader Environment load took 88.6ns 
147787     INFO  main            d.u.i.k.p.i.AbstractProblemLoader Creating init config 
148772     DEBUG main            d.u.i.k.j.r.ClassPreparationMethodBuilder clPrepBuilder: Inner Class detected. Reject building class initialisation methods. 
150716     DEBUG main            d.u.i.k.p.i.AbstractProblemLoader Init config took 2.93s 
150764     INFO  main            d.u.i.k.p.i.AbstractProblemLoader Replaying proof ArrayList.ArrayListIterator[java.lang.Object::<inv>()].JML accessible clause.0 
150765     DEBUG main            d.u.i.k.p.i.IntermediateProofReplayer Proof replay took 5.6ns 
151771     INFO  main            d.u.i.k.p.r.p.TestFile    ... finished proof: closed. 
152007     INFO  main            d.u.i.k.p.i.AbstractProblemLoader Loading environment from /home/runner/work/key/key/key.core/../key.ui/examples/heap/list/ArrayList.ArrayListIterator_inv.key.proof 
152007     DEBUG main            d.u.i.k.p.i.AbstractProblemLoader Environment load took 99.3ns 
152008     INFO  main            d.u.i.k.p.i.AbstractProblemLoader Creating init config 
152916     DEBUG main            d.u.i.k.j.r.ClassPreparationMethodBuilder clPrepBuilder: Inner Class detected. Reject building class initialisation methods. 
154836     DEBUG main            d.u.i.k.p.i.AbstractProblemLoader Init config took 2.83s 
154885     INFO  main            d.u.i.k.p.i.AbstractProblemLoader Replaying proof ArrayList.ArrayListIterator[java.lang.Object::<inv>()].JML accessible clause.0 
154953     DEBUG main            d.u.i.k.p.i.IntermediateProofReplayer Proof replay took 62.7ms 
154954     DEBUG main            d.u.i.k.p.r.p.TestFile    ... success: reloaded. 
154955     INFO  main            d.u.i.k.p.r.p.TestFile    Now processing file /home/runner/work/key/key/key.core/../key.ui/examples/heap/list/ArrayList.ArrayListIterator_list.key 
154955     INFO  main            d.u.i.k.p.i.AbstractProblemLoader Loading environment from /home/runner/work/key/key/key.core/../key.ui/examples/heap/list/ArrayList.ArrayListIterator_list.key 
154955     DEBUG main            d.u.i.k.p.i.AbstractProblemLoader Environment load took 68.9ns 
154956     INFO  main            d.u.i.k.p.i.AbstractProblemLoader Creating init config 
155918     DEBUG main            d.u.i.k.j.r.ClassPreparationMethodBuilder clPrepBuilder: Inner Class detected. Reject building class initialisation methods. 
157896     DEBUG main            d.u.i.k.p.i.AbstractProblemLoader Init config took 2.94s 
157936     INFO  main            d.u.i.k.p.i.AbstractProblemLoader Replaying proof ListIterator[ListIterator::$list()].JML accessible clause.0 
157937     DEBUG main            d.u.i.k.p.i.IntermediateProofReplayer Proof replay took 5.5ns 
158038     INFO  main            d.u.i.k.p.r.p.TestFile    ... finished proof: closed. 
158272     INFO  main            d.u.i.k.p.i.AbstractProblemLoader Loading environment from /home/runner/work/key/key/key.core/../key.ui/examples/heap/list/ArrayList.ArrayListIterator_list.key.proof 
158272     DEBUG main            d.u.i.k.p.i.AbstractProblemLoader Environment load took 97.8ns 
158273     INFO  main            d.u.i.k.p.i.AbstractProblemLoader Creating init config 
159182     DEBUG main            d.u.i.k.j.r.ClassPreparationMethodBuilder clPrepBuilder: Inner Class detected. Reject building class initialisation methods. 
161105     DEBUG main            d.u.i.k.p.i.AbstractProblemLoader Init config took 2.83s 
161143     INFO  main            d.u.i.k.p.i.AbstractProblemLoader Replaying proof ListIterator[ListIterator::$list()].JML accessible clause.0 
161145     DEBUG main            d.u.i.k.p.i.IntermediateProofReplayer Proof replay took 777.49ns 
161145     DEBUG main            d.u.i.k.p.r.p.TestFile    ... success: reloaded. 
161146     INFO  main            d.u.i.k.p.r.p.TestFile    Now processing file /home/runner/work/key/key/key.core/../key.ui/examples/heap/list/ArrayList.ArrayListIterator_next_exceptional.key 
161146     INFO  main            d.u.i.k.p.i.AbstractProblemLoader Loading environment from /home/runner/work/key/key/key.core/../key.ui/examples/heap/list/ArrayList.ArrayListIterator_next_exceptional.key 
161147     DEBUG main            d.u.i.k.p.i.AbstractProblemLoader Environment load took 76.2ns 
161147     INFO  main            d.u.i.k.p.i.AbstractProblemLoader Creating init config 
162111     DEBUG main            d.u.i.k.j.r.ClassPreparationMethodBuilder clPrepBuilder: Inner Class detected. Reject building class initialisation methods. 
164040     DEBUG main            d.u.i.k.p.i.AbstractProblemLoader Init config took 2.89s 
164089     INFO  main            d.u.i.k.p.i.AbstractProblemLoader Replaying proof ArrayList.ArrayListIterator[ListIterator::next()].JML exceptional_behavior operation contract.0 
164090     DEBUG main            d.u.i.k.p.i.IntermediateProofReplayer Proof replay took 5.1ns 
164895     INFO  main            d.u.i.k.p.r.p.TestFile    ... finished proof: closed. 
165149     INFO  main            d.u.i.k.p.i.AbstractProblemLoader Loading environment from /home/runner/work/key/key/key.core/../key.ui/examples/heap/list/ArrayList.ArrayListIterator_next_exceptional.key.proof 
165149     DEBUG main            d.u.i.k.p.i.AbstractProblemLoader Environment load took 101.3ns 
165150     INFO  main            d.u.i.k.p.i.AbstractProblemLoader Creating init config 
166057     DEBUG main            d.u.i.k.j.r.ClassPreparationMethodBuilder clPrepBuilder: Inner Class detected. Reject building class initialisation methods. 
167994     DEBUG main            d.u.i.k.p.i.AbstractProblemLoader Init config took 2.84s 
168043     INFO  main            d.u.i.k.p.i.AbstractProblemLoader Replaying proof ArrayList.ArrayListIterator[ListIterator::next()].JML exceptional_behavior operation contract.0 
168146     DEBUG main            d.u.i.k.p.i.IntermediateProofReplayer Proof replay took 98.71ms 
168148     DEBUG main            d.u.i.k.p.r.p.TestFile    ... success: reloaded. 
168149     INFO  main            d.u.i.k.p.r.p.TestFile    Now processing file /home/runner/work/key/key/key.core/../key.ui/examples/heap/list/ArrayList.ArrayListIterator_next_normal.key 
168149     INFO  main            d.u.i.k.p.i.AbstractProblemLoader Loading environment from /home/runner/work/key/key/key.core/../key.ui/examples/heap/list/ArrayList.ArrayListIterator_next_normal.key 
168149     DEBUG main            d.u.i.k.p.i.AbstractProblemLoader Environment load took 206ns 
168150     INFO  main            d.u.i.k.p.i.AbstractProblemLoader Creating init config 
169085     DEBUG main            d.u.i.k.j.r.ClassPreparationMethodBuilder clPrepBuilder: Inner Class detected. Reject building class initialisation methods. 
171016     DEBUG main            d.u.i.k.p.i.AbstractProblemLoader Init config took 2.87s 
171066     INFO  main            d.u.i.k.p.i.AbstractProblemLoader Replaying proof ArrayList.ArrayListIterator[ListIterator::next()].JML normal_behavior operation contract.0 
171067     DEBUG main            d.u.i.k.p.i.IntermediateProofReplayer Proof replay took 5.4ns 
171890     INFO  main            d.u.i.k.p.r.p.TestFile    ... finished proof: closed. 
172157     INFO  main            d.u.i.k.p.i.AbstractProblemLoader Loading environment from /home/runner/work/key/key/key.core/../key.ui/examples/heap/list/ArrayList.ArrayListIterator_next_normal.key.proof 
172157     DEBUG main            d.u.i.k.p.i.AbstractProblemLoader Environment load took 103.8ns 
172158     INFO  main            d.u.i.k.p.i.AbstractProblemLoader Creating init config 
173070     DEBUG main            d.u.i.k.j.r.ClassPreparationMethodBuilder clPrepBuilder: Inner Class detected. Reject building class initialisation methods. 
174971     DEBUG main            d.u.i.k.p.i.AbstractProblemLoader Init config took 2.81s 
175019     INFO  main            d.u.i.k.p.i.AbstractProblemLoader Replaying proof ArrayList.ArrayListIterator[ListIterator::next()].JML normal_behavior operation contract.0 
175126     DEBUG main            d.u.i.k.p.i.IntermediateProofReplayer Proof replay took 101.64ms 
175127     DEBUG main            d.u.i.k.p.r.p.TestFile    ... success: reloaded. 
175132     INFO  main            d.u.i.k.p.r.p.TestFile    Now processing file /home/runner/work/key/key/key.core/../key.ui/examples/heap/list/ArrayList.ArrayListIterator_pos.key 
175132     INFO  main            d.u.i.k.p.i.AbstractProblemLoader Loading environment from /home/runner/work/key/key/key.core/../key.ui/examples/heap/list/ArrayList.ArrayListIterator_pos.key 
175132     DEBUG main            d.u.i.k.p.i.AbstractProblemLoader Environment load took 197ns 
175133     INFO  main            d.u.i.k.p.i.AbstractProblemLoader Creating init config 
176065     DEBUG main            d.u.i.k.j.r.ClassPreparationMethodBuilder clPrepBuilder: Inner Class detected. Reject building class initialisation methods. 
178024     DEBUG main            d.u.i.k.p.i.AbstractProblemLoader Init config took 2.89s 
178061     INFO  main            d.u.i.k.p.i.AbstractProblemLoader Replaying proof ListIterator[ListIterator::$pos()].JML accessible clause.0 
178062     DEBUG main            d.u.i.k.p.i.IntermediateProofReplayer Proof replay took 5.9ns 
178165     INFO  main            d.u.i.k.p.r.p.TestFile    ... finished proof: closed. 
178443     INFO  main            d.u.i.k.p.i.AbstractProblemLoader Loading environment from /home/runner/work/key/key/key.core/../key.ui/examples/heap/list/ArrayList.ArrayListIterator_pos.key.proof 
178443     DEBUG main            d.u.i.k.p.i.AbstractProblemLoader Environment load took 95ns 
178444     INFO  main            d.u.i.k.p.i.AbstractProblemLoader Creating init config 
179352     DEBUG main            d.u.i.k.j.r.ClassPreparationMethodBuilder clPrepBuilder: Inner Class detected. Reject building class initialisation methods. 
181272     DEBUG main            d.u.i.k.p.i.AbstractProblemLoader Init config took 2.83s 
181309     INFO  main            d.u.i.k.p.i.AbstractProblemLoader Replaying proof ListIterator[ListIterator::$pos()].JML accessible clause.0 
181311     DEBUG main            d.u.i.k.p.i.IntermediateProofReplayer Proof replay took 734.89ns 
181312     DEBUG main            d.u.i.k.p.r.p.TestFile    ... success: reloaded. 
181313     INFO  main            d.u.i.k.p.r.p.TestFile    Now processing file /home/runner/work/key/key/key.core/../key.ui/examples/heap/list/Client_m.key 
181313     INFO  main            d.u.i.k.p.i.AbstractProblemLoader Loading environment from /home/runner/work/key/key/key.core/../key.ui/examples/heap/list/Client_m.key 
181313     DEBUG main            d.u.i.k.p.i.AbstractProblemLoader Environment load took 85.8ns 
181314     INFO  main            d.u.i.k.p.i.AbstractProblemLoader Creating init config 
182250     DEBUG main            d.u.i.k.j.r.ClassPreparationMethodBuilder clPrepBuilder: Inner Class detected. Reject building class initialisation methods. 
184215     DEBUG main            d.u.i.k.p.i.AbstractProblemLoader Init config took 2.9s 
184252     INFO  main            d.u.i.k.p.i.AbstractProblemLoader Replaying proof Client[Client::m(List)].JML normal_behavior operation contract.0 
184254     DEBUG main            d.u.i.k.p.i.IntermediateProofReplayer Proof replay took 5.7ns 
184556     INFO  main            d.u.i.k.p.r.p.TestFile    ... finished proof: closed. 
184821     INFO  main            d.u.i.k.p.i.AbstractProblemLoader Loading environment from /home/runner/work/key/key/key.core/../key.ui/examples/heap/list/Client_m.key.proof 
184821     DEBUG main            d.u.i.k.p.i.AbstractProblemLoader Environment load took 94.4ns 
184822     INFO  main            d.u.i.k.p.i.AbstractProblemLoader Creating init config 
185734     DEBUG main            d.u.i.k.j.r.ClassPreparationMethodBuilder clPrepBuilder: Inner Class detected. Reject building class initialisation methods. 
187664     DEBUG main            d.u.i.k.p.i.AbstractProblemLoader Init config took 2.84s 
187701     INFO  main            d.u.i.k.p.i.AbstractProblemLoader Replaying proof Client[Client::m(List)].JML normal_behavior operation contract.0 
187749     DEBUG main            d.u.i.k.p.i.IntermediateProofReplayer Proof replay took 44.66ms 
187750     DEBUG main            d.u.i.k.p.r.p.TestFile    ... success: reloaded. 
187750     INFO  main            d.u.i.k.p.r.p.TestFile    Now processing file /home/runner/work/key/key/key.core/../key.ui/examples/heap/list/Client_n.key 
187751     INFO  main            d.u.i.k.p.i.AbstractProblemLoader Loading environment from /home/runner/work/key/key/key.core/../key.ui/examples/heap/list/Client_n.key 
187751     DEBUG main            d.u.i.k.p.i.AbstractProblemLoader Environment load took 77.2ns 
187752     INFO  main            d.u.i.k.p.i.AbstractProblemLoader Creating init config 
188673     DEBUG main            d.u.i.k.j.r.ClassPreparationMethodBuilder clPrepBuilder: Inner Class detected. Reject building class initialisation methods. 
190625     DEBUG main            d.u.i.k.p.i.AbstractProblemLoader Init config took 2.87s 
190662     INFO  main            d.u.i.k.p.i.AbstractProblemLoader Replaying proof Client[Client::n(List)].JML normal_behavior operation contract.0 
190663     DEBUG main            d.u.i.k.p.i.IntermediateProofReplayer Proof replay took 5.9ns 
190770     INFO  main            d.u.i.k.p.r.p.TestFile    ... finished proof: closed. 
191172     INFO  main            d.u.i.k.p.i.AbstractProblemLoader Loading environment from /home/runner/work/key/key/key.core/../key.ui/examples/heap/list/Client_n.key.proof 
191172     DEBUG main            d.u.i.k.p.i.AbstractProblemLoader Environment load took 104.8ns 
191173     INFO  main            d.u.i.k.p.i.AbstractProblemLoader Creating init config 
192079     DEBUG main            d.u.i.k.j.r.ClassPreparationMethodBuilder clPrepBuilder: Inner Class detected. Reject building class initialisation methods. 
193982     DEBUG main            d.u.i.k.p.i.AbstractProblemLoader Init config took 2.81s 
194020     INFO  main            d.u.i.k.p.i.AbstractProblemLoader Replaying proof Client[Client::n(List)].JML normal_behavior operation contract.0 
194035     DEBUG main            d.u.i.k.p.i.IntermediateProofReplayer Proof replay took 14.07ms 
194036     DEBUG main            d.u.i.k.p.r.p.TestFile    ... success: reloaded. 
194037     INFO  main            d.u.i.k.p.r.p.TestFile    Now processing file /home/runner/work/key/key/key.core/../key.ui/examples/heap/list/LinkedList_get_exceptional.key 
194037     INFO  main            d.u.i.k.p.i.AbstractProblemLoader Loading environment from /home/runner/work/key/key/key.core/../key.ui/examples/heap/list/LinkedList_get_exceptional.key 
194037     DEBUG main            d.u.i.k.p.i.AbstractProblemLoader Environment load took 46ns 
194038     INFO  main            d.u.i.k.p.i.AbstractProblemLoader Creating init config 
194959     DEBUG main            d.u.i.k.j.r.ClassPreparationMethodBuilder clPrepBuilder: Inner Class detected. Reject building class initialisation methods. 
196913     DEBUG main            d.u.i.k.p.i.AbstractProblemLoader Init config took 2.88s 
196955     INFO  main            d.u.i.k.p.i.AbstractProblemLoader Replaying proof LinkedList[List::get(int)].JML exceptional_behavior operation contract.0 
196956     DEBUG main            d.u.i.k.p.i.IntermediateProofReplayer Proof replay took 5.9ns 
198966     INFO  main            d.u.i.k.p.r.p.TestFile    ... finished proof: closed. 
199302     INFO  main            d.u.i.k.p.i.AbstractProblemLoader Loading environment from /home/runner/work/key/key/key.core/../key.ui/examples/heap/list/LinkedList_get_exceptional.key.proof 
199305     DEBUG main            d.u.i.k.p.i.AbstractProblemLoader Environment load took 2.59ms 
199306     INFO  main            d.u.i.k.p.i.AbstractProblemLoader Creating init config 
200212     DEBUG main            d.u.i.k.j.r.ClassPreparationMethodBuilder clPrepBuilder: Inner Class detected. Reject building class initialisation methods. 
202108     DEBUG main            d.u.i.k.p.i.AbstractProblemLoader Init config took 2.8s 
202151     INFO  main            d.u.i.k.p.i.AbstractProblemLoader Replaying proof LinkedList[List::get(int)].JML exceptional_behavior operation contract.0 
202365     DEBUG main            d.u.i.k.p.i.IntermediateProofReplayer Proof replay took 206.35ms 
202366     DEBUG main            d.u.i.k.p.r.p.TestFile    ... success: reloaded. 
202367     INFO  main            d.u.i.k.p.r.p.TestFile    Now processing file /home/runner/work/key/key/key.core/../key.ui/examples/heap/list/LinkedList_get_normal.key 
202367     INFO  main            d.u.i.k.p.i.AbstractProblemLoader Loading environment from /home/runner/work/key/key/key.core/../key.ui/examples/heap/list/LinkedList_get_normal.key 
202367     DEBUG main            d.u.i.k.p.i.AbstractProblemLoader Environment load took 73.6ns 
202368     INFO  main            d.u.i.k.p.i.AbstractProblemLoader Creating init config 
203317     DEBUG main            d.u.i.k.j.r.ClassPreparationMethodBuilder clPrepBuilder: Inner Class detected. Reject building class initialisation methods. 
205245     DEBUG main            d.u.i.k.p.i.AbstractProblemLoader Init config took 2.88s 
205287     INFO  main            d.u.i.k.p.i.AbstractProblemLoader Replaying proof LinkedList[List::get(int)].JML normal_behavior operation contract.0 
205288     DEBUG main            d.u.i.k.p.i.IntermediateProofReplayer Proof replay took 6.1ns 
211049     INFO  main            d.u.i.k.p.r.p.TestFile    ... finished proof: closed. 
211393     INFO  main            d.u.i.k.p.i.AbstractProblemLoader Loading environment from /home/runner/work/key/key/key.core/../key.ui/examples/heap/list/LinkedList_get_normal.key.proof 
211393     DEBUG main            d.u.i.k.p.i.AbstractProblemLoader Environment load took 415ns 
211396     INFO  main            d.u.i.k.p.i.AbstractProblemLoader Creating init config 
212302     DEBUG main            d.u.i.k.j.r.ClassPreparationMethodBuilder clPrepBuilder: Inner Class detected. Reject building class initialisation methods. 
214193     DEBUG main            d.u.i.k.p.i.AbstractProblemLoader Init config took 2.8s 
214235     INFO  main            d.u.i.k.p.i.AbstractProblemLoader Replaying proof LinkedList[List::get(int)].JML normal_behavior operation contract.0 
214614     DEBUG main            d.u.i.k.p.i.IntermediateProofReplayer Proof replay took 354.67ms 
214616     DEBUG main            d.u.i.k.p.r.p.TestFile    ... success: reloaded. 
214617     INFO  main            d.u.i.k.p.r.p.TestFile    Now processing file /home/runner/work/key/key/key.core/../key.ui/examples/heap/list/LinkedList_LinkedList.key 
214617     INFO  main            d.u.i.k.p.i.AbstractProblemLoader Loading environment from /home/runner/work/key/key/key.core/../key.ui/examples/heap/list/LinkedList_LinkedList.key 
214617     DEBUG main            d.u.i.k.p.i.AbstractProblemLoader Environment load took 85ns 
214618     INFO  main            d.u.i.k.p.i.AbstractProblemLoader Creating init config 
215560     DEBUG main            d.u.i.k.j.r.ClassPreparationMethodBuilder clPrepBuilder: Inner Class detected. Reject building class initialisation methods. 
217508     DEBUG main            d.u.i.k.p.i.AbstractProblemLoader Init config took 2.89s 
217554     INFO  main            d.u.i.k.p.i.AbstractProblemLoader Replaying proof LinkedList[LinkedList::LinkedList()].JML normal_behavior operation contract.0 
217555     DEBUG main            d.u.i.k.p.i.IntermediateProofReplayer Proof replay took 5.3ns 
218058     INFO  main            d.u.i.k.p.r.p.TestFile    ... finished proof: closed. 
218339     INFO  main            d.u.i.k.p.i.AbstractProblemLoader Loading environment from /home/runner/work/key/key/key.core/../key.ui/examples/heap/list/LinkedList_LinkedList.key.proof 
218339     DEBUG main            d.u.i.k.p.i.AbstractProblemLoader Environment load took 86.9ns 
218340     INFO  main            d.u.i.k.p.i.AbstractProblemLoader Creating init config 
219249     DEBUG main            d.u.i.k.j.r.ClassPreparationMethodBuilder clPrepBuilder: Inner Class detected. Reject building class initialisation methods. 
221154     DEBUG main            d.u.i.k.p.i.AbstractProblemLoader Init config took 2.81s 
221196     INFO  main            d.u.i.k.p.i.AbstractProblemLoader Replaying proof LinkedList[LinkedList::LinkedList()].JML normal_behavior operation contract.0 
221256     DEBUG main            d.u.i.k.p.i.IntermediateProofReplayer Proof replay took 57.48ms 
221257     DEBUG main            d.u.i.k.p.r.p.TestFile    ... success: reloaded. 
221258     INFO  main            d.u.i.k.p.r.p.TestFile    Now processing file /home/runner/work/key/key/key.core/../key.ui/examples/heap/list/LinkedList_size_dep.key 
221258     INFO  main            d.u.i.k.p.i.AbstractProblemLoader Loading environment from /home/runner/work/key/key/key.core/../key.ui/examples/heap/list/LinkedList_size_dep.key 
221258     DEBUG main            d.u.i.k.p.i.AbstractProblemLoader Environment load took 70.1ns 
221259     INFO  main            d.u.i.k.p.i.AbstractProblemLoader Creating init config 
222193     DEBUG main            d.u.i.k.j.r.ClassPreparationMethodBuilder clPrepBuilder: Inner Class detected. Reject building class initialisation methods. 
224113     DEBUG main            d.u.i.k.p.i.AbstractProblemLoader Init config took 2.85s 
224171     INFO  main            d.u.i.k.p.i.AbstractProblemLoader Replaying proof LinkedList[List::size()].JML accessible clause.0 
224172     DEBUG main            d.u.i.k.p.i.IntermediateProofReplayer Proof replay took 6.6ns 
224675     INFO  main            d.u.i.k.p.r.p.TestFile    ... finished proof: closed. 
224968     INFO  main            d.u.i.k.p.i.AbstractProblemLoader Loading environment from /home/runner/work/key/key/key.core/../key.ui/examples/heap/list/LinkedList_size_dep.key.proof 
224968     DEBUG main            d.u.i.k.p.i.AbstractProblemLoader Environment load took 91.3ns 
224968     INFO  main            d.u.i.k.p.i.AbstractProblemLoader Creating init config 
225871     DEBUG main            d.u.i.k.j.r.ClassPreparationMethodBuilder clPrepBuilder: Inner Class detected. Reject building class initialisation methods. 
227763     DEBUG main            d.u.i.k.p.i.AbstractProblemLoader Init config took 2.79s 
227822     INFO  main            d.u.i.k.p.i.AbstractProblemLoader Replaying proof LinkedList[List::size()].JML accessible clause.0 
227853     DEBUG main            d.u.i.k.p.i.IntermediateProofReplayer Proof replay took 27.99ms 
227854     DEBUG main            d.u.i.k.p.r.p.TestFile    ... success: reloaded. 
227854     INFO  main            d.u.i.k.p.r.p.TestFile    Now processing file /home/runner/work/key/key/key.core/../key.ui/examples/heap/list/LinkedList_size.key 
227855     INFO  main            d.u.i.k.p.i.AbstractProblemLoader Loading environment from /home/runner/work/key/key/key.core/../key.ui/examples/heap/list/LinkedList_size.key 
227855     DEBUG main            d.u.i.k.p.i.AbstractProblemLoader Environment load took 85.8ns 
227855     INFO  main            d.u.i.k.p.i.AbstractProblemLoader Creating init config 
228782     DEBUG main            d.u.i.k.j.r.ClassPreparationMethodBuilder clPrepBuilder: Inner Class detected. Reject building class initialisation methods. 
230719     DEBUG main            d.u.i.k.p.i.AbstractProblemLoader Init config took 2.86s 
230761     INFO  main            d.u.i.k.p.i.AbstractProblemLoader Replaying proof LinkedList[List::size()].JML normal_behavior operation contract.0 
230762     DEBUG main            d.u.i.k.p.i.IntermediateProofReplayer Proof replay took 6ns 
231164     INFO  main            d.u.i.k.p.r.p.TestFile    ... finished proof: closed. 
231467     INFO  main            d.u.i.k.p.i.AbstractProblemLoader Loading environment from /home/runner/work/key/key/key.core/../key.ui/examples/heap/list/LinkedList_size.key.proof 
231467     DEBUG main            d.u.i.k.p.i.AbstractProblemLoader Environment load took 123.8ns 
231468     INFO  main            d.u.i.k.p.i.AbstractProblemLoader Creating init config 
232374     DEBUG main            d.u.i.k.j.r.ClassPreparationMethodBuilder clPrepBuilder: Inner Class detected. Reject building class initialisation methods. 
234270     DEBUG main            d.u.i.k.p.i.AbstractProblemLoader Init config took 2.8s 
234311     INFO  main            d.u.i.k.p.i.AbstractProblemLoader Replaying proof LinkedList[List::size()].JML normal_behavior operation contract.0 
234339     DEBUG main            d.u.i.k.p.i.IntermediateProofReplayer Proof replay took 24.95ms 
234340     DEBUG main            d.u.i.k.p.r.p.TestFile    ... success: reloaded. 
234340     INFO  main            d.u.i.k.p.r.p.TestFile    Now processing file /home/runner/work/key/key/key.core/../key.ui/examples/heap/list/MySet_footprint.key 
234341     INFO  main            d.u.i.k.p.i.AbstractProblemLoader Loading environment from /home/runner/work/key/key/key.core/../key.ui/examples/heap/list/MySet_footprint.key 
234341     DEBUG main            d.u.i.k.p.i.AbstractProblemLoader Environment load took 85ns 
234341     INFO  main            d.u.i.k.p.i.AbstractProblemLoader Creating init config 
235272     DEBUG main            d.u.i.k.j.r.ClassPreparationMethodBuilder clPrepBuilder: Inner Class detected. Reject building class initialisation methods. 
237206     DEBUG main            d.u.i.k.p.i.AbstractProblemLoader Init config took 2.86s 
237250     INFO  main            d.u.i.k.p.i.AbstractProblemLoader Replaying proof MySet[MySet::$footprint()].JML accessible clause.0 
237251     DEBUG main            d.u.i.k.p.i.IntermediateProofReplayer Proof replay took 5.9ns 
237453     INFO  main            d.u.i.k.p.r.p.TestFile    ... finished proof: closed. 
237753     INFO  main            d.u.i.k.p.i.AbstractProblemLoader Loading environment from /home/runner/work/key/key/key.core/../key.ui/examples/heap/list/MySet_footprint.key.proof 
237754     DEBUG main            d.u.i.k.p.i.AbstractProblemLoader Environment load took 90.9ns 
237754     INFO  main            d.u.i.k.p.i.AbstractProblemLoader Creating init config 
238662     DEBUG main            d.u.i.k.j.r.ClassPreparationMethodBuilder clPrepBuilder: Inner Class detected. Reject building class initialisation methods. 
240559     DEBUG main            d.u.i.k.p.i.AbstractProblemLoader Init config took 2.8s 
240603     INFO  main            d.u.i.k.p.i.AbstractProblemLoader Replaying proof MySet[MySet::$footprint()].JML accessible clause.0 
240624     DEBUG main            d.u.i.k.p.i.IntermediateProofReplayer Proof replay took 18.09ms 
240624     DEBUG main            d.u.i.k.p.r.p.TestFile    ... success: reloaded. 
240625     INFO  main            d.u.i.k.p.r.p.TestFile    Now processing file /home/runner/work/key/key/key.core/../key.ui/examples/heap/list/MySet_MySet.key 
240625     INFO  main            d.u.i.k.p.i.AbstractProblemLoader Loading environment from /home/runner/work/key/key/key.core/../key.ui/examples/heap/list/MySet_MySet.key 
240625     DEBUG main            d.u.i.k.p.i.AbstractProblemLoader Environment load took 47.6ns 
240626     INFO  main            d.u.i.k.p.i.AbstractProblemLoader Creating init config 
241554     DEBUG main            d.u.i.k.j.r.ClassPreparationMethodBuilder clPrepBuilder: Inner Class detected. Reject building class initialisation methods. 
243489     DEBUG main            d.u.i.k.p.i.AbstractProblemLoader Init config took 2.86s 
243533     INFO  main            d.u.i.k.p.i.AbstractProblemLoader Replaying proof MySet[MySet::MySet()].JML normal_behavior operation contract.0 
243535     DEBUG main            d.u.i.k.p.i.IntermediateProofReplayer Proof replay took 5.9ns 
245783     INFO  main            d.u.i.k.p.r.p.TestFile    ... finished proof: closed. 
246104     INFO  main            d.u.i.k.p.i.AbstractProblemLoader Loading environment from /home/runner/work/key/key/key.core/../key.ui/examples/heap/list/MySet_MySet.key.proof 
246105     DEBUG main            d.u.i.k.p.i.AbstractProblemLoader Environment load took 96.8ns 
246106     INFO  main            d.u.i.k.p.i.AbstractProblemLoader Creating init config 
247014     DEBUG main            d.u.i.k.j.r.ClassPreparationMethodBuilder clPrepBuilder: Inner Class detected. Reject building class initialisation methods. 
248910     DEBUG main            d.u.i.k.p.i.AbstractProblemLoader Init config took 2.8s 
248954     INFO  main            d.u.i.k.p.i.AbstractProblemLoader Replaying proof MySet[MySet::MySet()].JML normal_behavior operation contract.0 
249205     DEBUG main            d.u.i.k.p.i.IntermediateProofReplayer Proof replay took 238.9ms 
249207     DEBUG main            d.u.i.k.p.r.p.TestFile    ... success: reloaded. 
1055800    INFO  Test worker     d.u.i.k.p.r.RunAllProofsTestUnit Returning from test list 
1055801    INFO  Test worker     d.u.i.k.p.r.RunAllProofsTestUnit Running test list_ghost 
344        INFO  Timeout watchdog d.u.i.k.p.r.p.ForkedTestFileRunner Timeout watcher launched (2000 secs.) 
353        WARN  main            d.u.i.k.s.ProofSettings   The settings in /home/runner/.key/proof-settings.props are *not* read. 
384        INFO  main            d.u.i.k.p.r.p.TestFile    Now processing file /home/runner/work/key/key/key.core/../key.ui/examples/heap/list_ghost/ArrayList_add.key 
483        INFO  main            d.u.i.k.p.i.AbstractProblemLoader Loading environment from /home/runner/work/key/key/key.core/../key.ui/examples/heap/list_ghost/ArrayList_add.key 
499        DEBUG main            d.u.i.k.p.i.AbstractProblemLoader Environment load took 1.73ms 
702        INFO  main            d.u.i.k.p.i.AbstractProblemLoader Creating init config 
1665       DEBUG main            d.u.i.k.j.TypeConverter   No LDT found for Meta 
1666       DEBUG main            d.u.i.k.j.TypeConverter   No LDT found for Meta 
1667       DEBUG main            d.u.i.k.j.TypeConverter   No LDT found for Meta 
1667       DEBUG main            d.u.i.k.j.TypeConverter   No LDT found for Meta 
3138       DEBUG main            d.u.i.k.j.TypeConverter   No LDT found for JavaBigintExpression 
7848       DEBUG main            d.u.i.k.p.i.AbstractProblemLoader Init config took 7.15s 
8003       INFO  main            d.u.i.k.p.i.AbstractProblemLoader Replaying proof ArrayList[List::add(java.lang.Object)].JML normal_behavior operation contract.0 
8036       DEBUG main            d.u.i.k.p.i.IntermediateProofReplayer Proof replay took 29.6ns 
12790      INFO  main            d.u.i.k.p.r.p.TestFile    ... finished proof: closed. 
12963      INFO  main            d.u.i.k.p.i.AbstractProblemLoader Loading environment from /home/runner/work/key/key/key.core/../key.ui/examples/heap/list_ghost/ArrayList_add.key.proof 
12964      DEBUG main            d.u.i.k.p.i.AbstractProblemLoader Environment load took 897.49ns 
12969      INFO  main            d.u.i.k.p.i.AbstractProblemLoader Creating init config 
15782      DEBUG main            d.u.i.k.p.i.AbstractProblemLoader Init config took 2.81s 
15879      INFO  main            d.u.i.k.p.i.AbstractProblemLoader Replaying proof ArrayList[List::add(java.lang.Object)].JML normal_behavior operation contract.0 
16412      DEBUG main            d.u.i.k.p.i.IntermediateProofReplayer Proof replay took 492.23ms 
16419      DEBUG main            d.u.i.k.p.r.p.TestFile    ... success: reloaded. 
16421      INFO  main            d.u.i.k.p.r.p.TestFile    Now processing file /home/runner/work/key/key/key.core/../key.ui/examples/heap/list_ghost/ArrayList_ArrayList.key 
16421      INFO  main            d.u.i.k.p.i.AbstractProblemLoader Loading environment from /home/runner/work/key/key/key.core/../key.ui/examples/heap/list_ghost/ArrayList_ArrayList.key 
16421      DEBUG main            d.u.i.k.p.i.AbstractProblemLoader Environment load took 261.3ns 
16423      INFO  main            d.u.i.k.p.i.AbstractProblemLoader Creating init config 
18978      DEBUG main            d.u.i.k.p.i.AbstractProblemLoader Init config took 2.55s 
19035      INFO  main            d.u.i.k.p.i.AbstractProblemLoader Replaying proof ArrayList[ArrayList::ArrayList()].JML normal_behavior operation contract.0 
19040      DEBUG main            d.u.i.k.p.i.IntermediateProofReplayer Proof replay took 6.3ns 
19959      INFO  main            d.u.i.k.p.r.p.TestFile    ... finished proof: closed. 
20105      INFO  main            d.u.i.k.p.i.AbstractProblemLoader Loading environment from /home/runner/work/key/key/key.core/../key.ui/examples/heap/list_ghost/ArrayList_ArrayList.key.proof 
20106      DEBUG main            d.u.i.k.p.i.AbstractProblemLoader Environment load took 1.33ms 
20109      INFO  main            d.u.i.k.p.i.AbstractProblemLoader Creating init config 
22596      DEBUG main            d.u.i.k.p.i.AbstractProblemLoader Init config took 2.49s 
22654      INFO  main            d.u.i.k.p.i.AbstractProblemLoader Replaying proof ArrayList[ArrayList::ArrayList()].JML normal_behavior operation contract.0 
22778      DEBUG main            d.u.i.k.p.i.IntermediateProofReplayer Proof replay took 116.09ms 
22779      DEBUG main            d.u.i.k.p.r.p.TestFile    ... success: reloaded. 
22781      INFO  main            d.u.i.k.p.r.p.TestFile    Now processing file /home/runner/work/key/key/key.core/../key.ui/examples/heap/list_ghost/ArrayList_enlarge.key 
22781      INFO  main            d.u.i.k.p.i.AbstractProblemLoader Loading environment from /home/runner/work/key/key/key.core/../key.ui/examples/heap/list_ghost/ArrayList_enlarge.key 
22781      DEBUG main            d.u.i.k.p.i.AbstractProblemLoader Environment load took 224.5ns 
22782      INFO  main            d.u.i.k.p.i.AbstractProblemLoader Creating init config 
25252      DEBUG main            d.u.i.k.p.i.AbstractProblemLoader Init config took 2.47s 
25308      INFO  main            d.u.i.k.p.i.AbstractProblemLoader Replaying proof ArrayList[ArrayList::enlarge()].JML normal_behavior operation contract.0 
25311      DEBUG main            d.u.i.k.p.i.IntermediateProofReplayer Proof replay took 5.1ns 
27334      INFO  main            d.u.i.k.p.r.p.TestFile    ... finished proof: closed. 
27491      INFO  main            d.u.i.k.p.i.AbstractProblemLoader Loading environment from /home/runner/work/key/key/key.core/../key.ui/examples/heap/list_ghost/ArrayList_enlarge.key.proof 
27491      DEBUG main            d.u.i.k.p.i.AbstractProblemLoader Environment load took 124ns 
27500      INFO  main            d.u.i.k.p.i.AbstractProblemLoader Creating init config 
29912      DEBUG main            d.u.i.k.p.i.AbstractProblemLoader Init config took 2.41s 
29966      INFO  main            d.u.i.k.p.i.AbstractProblemLoader Replaying proof ArrayList[ArrayList::enlarge()].JML normal_behavior operation contract.0 
30246      DEBUG main            d.u.i.k.p.i.IntermediateProofReplayer Proof replay took 268.36ms 
30247      DEBUG main            d.u.i.k.p.r.p.TestFile    ... success: reloaded. 
30249      INFO  main            d.u.i.k.p.r.p.TestFile    Now processing file /home/runner/work/key/key/key.core/../key.ui/examples/heap/list_ghost/ArrayList_get_dep.key 
30249      INFO  main            d.u.i.k.p.i.AbstractProblemLoader Loading environment from /home/runner/work/key/key/key.core/../key.ui/examples/heap/list_ghost/ArrayList_get_dep.key 
30249      DEBUG main            d.u.i.k.p.i.AbstractProblemLoader Environment load took 64ns 
30251      INFO  main            d.u.i.k.p.i.AbstractProblemLoader Creating init config 
32679      DEBUG main            d.u.i.k.p.i.AbstractProblemLoader Init config took 2.43s 
32725      INFO  main            d.u.i.k.p.i.AbstractProblemLoader Replaying proof ArrayList[List::get(int)].JML accessible clause.0 
32727      DEBUG main            d.u.i.k.p.i.IntermediateProofReplayer Proof replay took 5.7ns 
33030      INFO  main            d.u.i.k.p.r.p.TestFile    ... finished proof: closed. 
33180      INFO  main            d.u.i.k.p.i.AbstractProblemLoader Loading environment from /home/runner/work/key/key/key.core/../key.ui/examples/heap/list_ghost/ArrayList_get_dep.key.proof 
33180      DEBUG main            d.u.i.k.p.i.AbstractProblemLoader Environment load took 418ns 
33182      INFO  main            d.u.i.k.p.i.AbstractProblemLoader Creating init config 
35600      DEBUG main            d.u.i.k.p.i.AbstractProblemLoader Init config took 2.42s 
35647      INFO  main            d.u.i.k.p.i.AbstractProblemLoader Replaying proof ArrayList[List::get(int)].JML accessible clause.0 
35692      DEBUG main            d.u.i.k.p.i.IntermediateProofReplayer Proof replay took 40.77ms 
35693      DEBUG main            d.u.i.k.p.r.p.TestFile    ... success: reloaded. 
35694      INFO  main            d.u.i.k.p.r.p.TestFile    Now processing file /home/runner/work/key/key/key.core/../key.ui/examples/heap/list_ghost/ArrayList_get_exceptional.key 
35695      INFO  main            d.u.i.k.p.i.AbstractProblemLoader Loading environment from /home/runner/work/key/key/key.core/../key.ui/examples/heap/list_ghost/ArrayList_get_exceptional.key 
35695      DEBUG main            d.u.i.k.p.i.AbstractProblemLoader Environment load took 217.4ns 
35696      INFO  main            d.u.i.k.p.i.AbstractProblemLoader Creating init config 
38110      DEBUG main            d.u.i.k.p.i.AbstractProblemLoader Init config took 2.41s 
38152      INFO  main            d.u.i.k.p.i.AbstractProblemLoader Replaying proof ArrayList[List::get(int)].JML exceptional_behavior operation contract.0 
38154      DEBUG main            d.u.i.k.p.i.IntermediateProofReplayer Proof replay took 5.5ns 
38858      INFO  main            d.u.i.k.p.r.p.TestFile    ... finished proof: closed. 
39030      INFO  main            d.u.i.k.p.i.AbstractProblemLoader Loading environment from /home/runner/work/key/key/key.core/../key.ui/examples/heap/list_ghost/ArrayList_get_exceptional.key.proof 
39030      DEBUG main            d.u.i.k.p.i.AbstractProblemLoader Environment load took 444.1ns 
39031      INFO  main            d.u.i.k.p.i.AbstractProblemLoader Creating init config 
41421      DEBUG main            d.u.i.k.p.i.AbstractProblemLoader Init config took 2.39s 
41477      INFO  main            d.u.i.k.p.i.AbstractProblemLoader Replaying proof ArrayList[List::get(int)].JML exceptional_behavior operation contract.0 
41589      DEBUG main            d.u.i.k.p.i.IntermediateProofReplayer Proof replay took 102.12ms 
41590      DEBUG main            d.u.i.k.p.r.p.TestFile    ... success: reloaded. 
41591      INFO  main            d.u.i.k.p.r.p.TestFile    Now processing file /home/runner/work/key/key/key.core/../key.ui/examples/heap/list_ghost/ArrayList_get_normal.key 
41591      INFO  main            d.u.i.k.p.i.AbstractProblemLoader Loading environment from /home/runner/work/key/key/key.core/../key.ui/examples/heap/list_ghost/ArrayList_get_normal.key 
41591      DEBUG main            d.u.i.k.p.i.AbstractProblemLoader Environment load took 280.6ns 
41592      INFO  main            d.u.i.k.p.i.AbstractProblemLoader Creating init config 
43953      DEBUG main            d.u.i.k.p.i.AbstractProblemLoader Init config took 2.36s 
43997      INFO  main            d.u.i.k.p.i.AbstractProblemLoader Replaying proof ArrayList[List::get(int)].JML normal_behavior operation contract.0 
43998      DEBUG main            d.u.i.k.p.i.IntermediateProofReplayer Proof replay took 6.3ns 
44201      INFO  main            d.u.i.k.p.r.p.TestFile    ... finished proof: closed. 
44415      INFO  main            d.u.i.k.p.i.AbstractProblemLoader Loading environment from /home/runner/work/key/key/key.core/../key.ui/examples/heap/list_ghost/ArrayList_get_normal.key.proof 
44415      DEBUG main            d.u.i.k.p.i.AbstractProblemLoader Environment load took 108.9ns 
44416      INFO  main            d.u.i.k.p.i.AbstractProblemLoader Creating init config 
46785      DEBUG main            d.u.i.k.p.i.AbstractProblemLoader Init config took 2.37s 
46824      INFO  main            d.u.i.k.p.i.AbstractProblemLoader Replaying proof ArrayList[List::get(int)].JML normal_behavior operation contract.0 
46859      DEBUG main            d.u.i.k.p.i.IntermediateProofReplayer Proof replay took 31.87ms 
46860      DEBUG main            d.u.i.k.p.r.p.TestFile    ... success: reloaded. 
46861      INFO  main            d.u.i.k.p.r.p.TestFile    Now processing file /home/runner/work/key/key/key.core/../key.ui/examples/heap/list_ghost/ArrayList_inv.key 
46861      INFO  main            d.u.i.k.p.i.AbstractProblemLoader Loading environment from /home/runner/work/key/key/key.core/../key.ui/examples/heap/list_ghost/ArrayList_inv.key 
46861      DEBUG main            d.u.i.k.p.i.AbstractProblemLoader Environment load took 86.7ns 
46862      INFO  main            d.u.i.k.p.i.AbstractProblemLoader Creating init config 
49233      DEBUG main            d.u.i.k.p.i.AbstractProblemLoader Init config took 2.37s 
49274      INFO  main            d.u.i.k.p.i.AbstractProblemLoader Replaying proof ArrayList[java.lang.Object::<inv>()].JML accessible clause.0 
49276      DEBUG main            d.u.i.k.p.i.IntermediateProofReplayer Proof replay took 6.3ns 
49378      INFO  main            d.u.i.k.p.r.p.TestFile    ... finished proof: closed. 
49534      INFO  main            d.u.i.k.p.i.AbstractProblemLoader Loading environment from /home/runner/work/key/key/key.core/../key.ui/examples/heap/list_ghost/ArrayList_inv.key.proof 
49534      DEBUG main            d.u.i.k.p.i.AbstractProblemLoader Environment load took 106.6ns 
49535      INFO  main            d.u.i.k.p.i.AbstractProblemLoader Creating init config 
51859      DEBUG main            d.u.i.k.p.i.AbstractProblemLoader Init config took 2.32s 
51902      INFO  main            d.u.i.k.p.i.AbstractProblemLoader Replaying proof ArrayList[java.lang.Object::<inv>()].JML accessible clause.0 
51913      DEBUG main            d.u.i.k.p.i.IntermediateProofReplayer Proof replay took 6.72ms 
51914      DEBUG main            d.u.i.k.p.r.p.TestFile    ... success: reloaded. 
51915      INFO  main            d.u.i.k.p.r.p.TestFile    Now processing file /home/runner/work/key/key/key.core/../key.ui/examples/heap/list_ghost/ArrayList_size_dep.key 
51915      INFO  main            d.u.i.k.p.i.AbstractProblemLoader Loading environment from /home/runner/work/key/key/key.core/../key.ui/examples/heap/list_ghost/ArrayList_size_dep.key 
51916      DEBUG main            d.u.i.k.p.i.AbstractProblemLoader Environment load took 248.2ns 
51917      INFO  main            d.u.i.k.p.i.AbstractProblemLoader Creating init config 
54304      DEBUG main            d.u.i.k.p.i.AbstractProblemLoader Init config took 2.39s 
54340      INFO  main            d.u.i.k.p.i.AbstractProblemLoader Replaying proof ArrayList[List::size()].JML accessible clause.0 
54342      DEBUG main            d.u.i.k.p.i.IntermediateProofReplayer Proof replay took 6.6ns 
54444      INFO  main            d.u.i.k.p.r.p.TestFile    ... finished proof: closed. 
54605      INFO  main            d.u.i.k.p.i.AbstractProblemLoader Loading environment from /home/runner/work/key/key/key.core/../key.ui/examples/heap/list_ghost/ArrayList_size_dep.key.proof 
54605      DEBUG main            d.u.i.k.p.i.AbstractProblemLoader Environment load took 109.6ns 
54606      INFO  main            d.u.i.k.p.i.AbstractProblemLoader Creating init config 
56960      DEBUG main            d.u.i.k.p.i.AbstractProblemLoader Init config took 2.35s 
56996      INFO  main            d.u.i.k.p.i.AbstractProblemLoader Replaying proof ArrayList[List::size()].JML accessible clause.0 
57007      DEBUG main            d.u.i.k.p.i.IntermediateProofReplayer Proof replay took 8.84ms 
57008      DEBUG main            d.u.i.k.p.r.p.TestFile    ... success: reloaded. 
57010      INFO  main            d.u.i.k.p.r.p.TestFile    Now processing file /home/runner/work/key/key/key.core/../key.ui/examples/heap/list_ghost/ArrayList_size.key 
57010      INFO  main            d.u.i.k.p.i.AbstractProblemLoader Loading environment from /home/runner/work/key/key/key.core/../key.ui/examples/heap/list_ghost/ArrayList_size.key 
57010      DEBUG main            d.u.i.k.p.i.AbstractProblemLoader Environment load took 208.9ns 
57011      INFO  main            d.u.i.k.p.i.AbstractProblemLoader Creating init config 
59331      DEBUG main            d.u.i.k.p.i.AbstractProblemLoader Init config took 2.32s 
59367      INFO  main            d.u.i.k.p.i.AbstractProblemLoader Replaying proof ArrayList[List::size()].JML normal_behavior operation contract.0 
59368      DEBUG main            d.u.i.k.p.i.IntermediateProofReplayer Proof replay took 6.1ns 
59473      INFO  main            d.u.i.k.p.r.p.TestFile    ... finished proof: closed. 
59640      INFO  main            d.u.i.k.p.i.AbstractProblemLoader Loading environment from /home/runner/work/key/key/key.core/../key.ui/examples/heap/list_ghost/ArrayList_size.key.proof 
59640      DEBUG main            d.u.i.k.p.i.AbstractProblemLoader Environment load took 105.9ns 
59641      INFO  main            d.u.i.k.p.i.AbstractProblemLoader Creating init config 
61972      DEBUG main            d.u.i.k.p.i.AbstractProblemLoader Init config took 2.33s 
62007      INFO  main            d.u.i.k.p.i.AbstractProblemLoader Replaying proof ArrayList[List::size()].JML normal_behavior operation contract.0 
62019      DEBUG main            d.u.i.k.p.i.IntermediateProofReplayer Proof replay took 9.86ms 
62020      DEBUG main            d.u.i.k.p.r.p.TestFile    ... success: reloaded. 
1118001    INFO  Test worker     d.u.i.k.p.r.RunAllProofsTestUnit Returning from test list_ghost 
1118002    INFO  Test worker     d.u.i.k.p.r.RunAllProofsTestUnit Running test list_recursive 
303        INFO  Timeout watchdog d.u.i.k.p.r.p.ForkedTestFileRunner Timeout watcher launched (2000 secs.) 
321        WARN  main            d.u.i.k.s.ProofSettings   The settings in /home/runner/.key/proof-settings.props are *not* read. 
367        INFO  main            d.u.i.k.p.r.p.TestFile    Now processing file /home/runner/work/key/key/key.core/../key.ui/examples/heap/list_recursiveSpec/ListOperationsNonNull_getNextNN_normal_behavior.key 
478        INFO  main            d.u.i.k.p.i.AbstractProblemLoader Loading environment from /home/runner/work/key/key/key.core/../key.ui/examples/heap/list_recursiveSpec/ListOperationsNonNull_getNextNN_normal_behavior.key 
506        DEBUG main            d.u.i.k.p.i.AbstractProblemLoader Environment load took 2.14ms 
719        INFO  main            d.u.i.k.p.i.AbstractProblemLoader Creating init config 
1727       DEBUG main            d.u.i.k.j.TypeConverter   No LDT found for Meta 
1727       DEBUG main            d.u.i.k.j.TypeConverter   No LDT found for Meta 
1728       DEBUG main            d.u.i.k.j.TypeConverter   No LDT found for Meta 
1728       DEBUG main            d.u.i.k.j.TypeConverter   No LDT found for Meta 
2850       DEBUG main            d.u.i.k.j.TypeConverter   No LDT found for JavaBigintExpression 
7750       DEBUG main            d.u.i.k.p.i.AbstractProblemLoader Init config took 7.03s 
7907       INFO  main            d.u.i.k.p.i.AbstractProblemLoader Replaying proof ListOperationsNonNull[ListOperationsNonNull::getNextNN(ListNN,int)].JML normal_behavior operation contract.0 
7945       DEBUG main            d.u.i.k.p.i.IntermediateProofReplayer Proof replay took 31.6ns 
9288       INFO  main            d.u.i.k.p.r.p.TestFile    ... finished proof: closed. 
9429       INFO  main            d.u.i.k.p.i.AbstractProblemLoader Loading environment from /home/runner/work/key/key/key.core/../key.ui/examples/heap/list_recursiveSpec/ListOperationsNonNull_getNextNN_normal_behavior.key.proof 
9433       DEBUG main            d.u.i.k.p.i.AbstractProblemLoader Environment load took 4.08ms 
9439       INFO  main            d.u.i.k.p.i.AbstractProblemLoader Creating init config 
12165      DEBUG main            d.u.i.k.p.i.AbstractProblemLoader Init config took 2.73s 
12246      INFO  main            d.u.i.k.p.i.AbstractProblemLoader Replaying proof ListOperationsNonNull[ListOperationsNonNull::getNextNN(ListNN,int)].JML normal_behavior operation contract.0 
12379      DEBUG main            d.u.i.k.p.i.IntermediateProofReplayer Proof replay took 124.41ms 
12386      DEBUG main            d.u.i.k.p.r.p.TestFile    ... success: reloaded. 
12387      INFO  main            d.u.i.k.p.r.p.TestFile    Now processing file /home/runner/work/key/key/key.core/../key.ui/examples/heap/list_recursiveSpec/ListOperationsNonNull_setValueAt_normal_behavior.key 
12388      INFO  main            d.u.i.k.p.i.AbstractProblemLoader Loading environment from /home/runner/work/key/key/key.core/../key.ui/examples/heap/list_recursiveSpec/ListOperationsNonNull_setValueAt_normal_behavior.key 
12388      DEBUG main            d.u.i.k.p.i.AbstractProblemLoader Environment load took 230ns 
12390      INFO  main            d.u.i.k.p.i.AbstractProblemLoader Creating init config 
15122      DEBUG main            d.u.i.k.p.i.AbstractProblemLoader Init config took 2.73s 
15184      INFO  main            d.u.i.k.p.i.AbstractProblemLoader Replaying proof ListOperationsNonNull[ListOperationsNonNull::setValueAt_NN(ListNN,int,int)].JML normal_behavior operation contract.0 
15187      DEBUG main            d.u.i.k.p.i.IntermediateProofReplayer Proof replay took 5.9ns 
15215      DEBUG main            d.u.i.k.m.s.ProofScriptEngine [1] goal: 0, source line: 51, command: 'macro autopilot' 
17450      DEBUG main            d.u.i.k.m.s.ProofScriptEngine [2] goal: 79, source line: 52, command: 'macro simp-upd' 
17459      DEBUG main            d.u.i.k.m.s.ProofScriptEngine [3] goal: 1451, source line: 53, command: 'rule observerDependencyEQ' 
17477      DEBUG main            d.u.i.k.m.s.ProofScriptEngine [4] goal: 1452, source line: 54, command: 'tryclose' 
17506      INFO  main            d.u.i.k.p.r.p.TestFile    ... finished proof: closed. 
17675      INFO  main            d.u.i.k.p.i.AbstractProblemLoader Loading environment from /home/runner/work/key/key/key.core/../key.ui/examples/heap/list_recursiveSpec/ListOperationsNonNull_setValueAt_normal_behavior.key.proof 
17675      DEBUG main            d.u.i.k.p.i.AbstractProblemLoader Environment load took 306ns 
17680      INFO  main            d.u.i.k.p.i.AbstractProblemLoader Creating init config 
20386      DEBUG main            d.u.i.k.p.i.AbstractProblemLoader Init config took 2.71s 
20461      INFO  main            d.u.i.k.p.i.AbstractProblemLoader Replaying proof ListOperationsNonNull[ListOperationsNonNull::setValueAt_NN(ListNN,int,int)].JML normal_behavior operation contract.0 
20565      DEBUG main            d.u.i.k.p.i.IntermediateProofReplayer Proof replay took 98.36ms 
20566      DEBUG main            d.u.i.k.p.r.p.TestFile    ... success: reloaded. 
1138738    INFO  Test worker     d.u.i.k.p.r.RunAllProofsTestUnit Returning from test list_recursive 
1138739    INFO  Test worker     d.u.i.k.p.r.RunAllProofsTestUnit Running test list_seq 
372        INFO  Timeout watchdog d.u.i.k.p.r.p.ForkedTestFileRunner Timeout watcher launched (2000 secs.) 
377        WARN  main            d.u.i.k.s.ProofSettings   The settings in /home/runner/.key/proof-settings.props are *not* read. 
408        INFO  main            d.u.i.k.p.r.p.TestFile    Now processing file /home/runner/work/key/key/key.core/../key.ui/examples/heap/list_seq/SimplifiedLinkedList.remove.key 
530        INFO  main            d.u.i.k.p.i.AbstractProblemLoader Loading environment from /home/runner/work/key/key/key.core/../key.ui/examples/heap/list_seq/SimplifiedLinkedList.remove.key 
548        DEBUG main            d.u.i.k.p.i.AbstractProblemLoader Environment load took 2.18ms 
777        INFO  main            d.u.i.k.p.i.AbstractProblemLoader Creating init config 
1620       DEBUG main            d.u.i.k.j.TypeConverter   No LDT found for Meta 
1620       DEBUG main            d.u.i.k.j.TypeConverter   No LDT found for Meta 
1622       DEBUG main            d.u.i.k.j.TypeConverter   No LDT found for Meta 
1622       DEBUG main            d.u.i.k.j.TypeConverter   No LDT found for Meta 
2952       DEBUG main            d.u.i.k.j.TypeConverter   No LDT found for JavaBigintExpression 
8466       DEBUG main            d.u.i.k.p.i.AbstractProblemLoader Init config took 7.69s 
8639       INFO  main            d.u.i.k.p.i.AbstractProblemLoader Replaying proof SimplifiedLinkedList[SimplifiedLinkedList::remove(int)].JML normal_behavior operation contract.0 
8693       DEBUG main            d.u.i.k.p.i.IntermediateProofReplayer Proof replay took 33.1ns 
72698      INFO  main            d.u.i.k.p.r.p.TestFile    ... finished proof: closed. 
73048      INFO  main            d.u.i.k.p.i.AbstractProblemLoader Loading environment from /home/runner/work/key/key/key.core/../key.ui/examples/heap/list_seq/SimplifiedLinkedList.remove.key.proof 
73048      DEBUG main            d.u.i.k.p.i.AbstractProblemLoader Environment load took 258.2ns 
73066      INFO  main            d.u.i.k.p.i.AbstractProblemLoader Creating init config 
76128      DEBUG main            d.u.i.k.p.i.AbstractProblemLoader Init config took 3.06s 
76217      INFO  main            d.u.i.k.p.i.AbstractProblemLoader Replaying proof SimplifiedLinkedList[SimplifiedLinkedList::remove(int)].JML normal_behavior operation contract.0 
78777      DEBUG main            d.u.i.k.p.i.IntermediateProofReplayer Proof replay took 2.29s 
78816      DEBUG main            d.u.i.k.p.r.p.TestFile    ... success: reloaded. 
78828      INFO  main            d.u.i.k.p.r.p.TestFile    Now processing file /home/runner/work/key/key/key.core/../key.ui/examples/heap/list_seq/ArrayList.ArrayList.key 
78828      INFO  main            d.u.i.k.p.i.AbstractProblemLoader Loading environment from /home/runner/work/key/key/key.core/../key.ui/examples/heap/list_seq/ArrayList.ArrayList.key 
78828      DEBUG main            d.u.i.k.p.i.AbstractProblemLoader Environment load took 124ns 
78832      INFO  main            d.u.i.k.p.i.AbstractProblemLoader Creating init config 
81911      DEBUG main            d.u.i.k.p.i.AbstractProblemLoader Init config took 3.08s 
82009      INFO  main            d.u.i.k.p.i.AbstractProblemLoader Replaying proof ArrayList[ArrayList::ArrayList()].JML normal_behavior operation contract.0 
82014      DEBUG main            d.u.i.k.p.i.IntermediateProofReplayer Proof replay took 5.6ns 
82817      INFO  main            d.u.i.k.p.r.p.TestFile    ... finished proof: closed. 
82980      INFO  main            d.u.i.k.p.i.AbstractProblemLoader Loading environment from /home/runner/work/key/key/key.core/../key.ui/examples/heap/list_seq/ArrayList.ArrayList.key.proof 
82981      DEBUG main            d.u.i.k.p.i.AbstractProblemLoader Environment load took 1.11ms 
82984      INFO  main            d.u.i.k.p.i.AbstractProblemLoader Creating init config 
85833      DEBUG main            d.u.i.k.p.i.AbstractProblemLoader Init config took 2.85s 
85932      INFO  main            d.u.i.k.p.i.AbstractProblemLoader Replaying proof ArrayList[ArrayList::ArrayList()].JML normal_behavior operation contract.0 
86024      DEBUG main            d.u.i.k.p.i.IntermediateProofReplayer Proof replay took 87.17ms 
86026      DEBUG main            d.u.i.k.p.r.p.TestFile    ... success: reloaded. 
86027      INFO  main            d.u.i.k.p.r.p.TestFile    Now processing file /home/runner/work/key/key/key.core/../key.ui/examples/heap/list_seq/ArrayList.add.key 
86027      INFO  main            d.u.i.k.p.i.AbstractProblemLoader Loading environment from /home/runner/work/key/key/key.core/../key.ui/examples/heap/list_seq/ArrayList.add.key 
86027      DEBUG main            d.u.i.k.p.i.AbstractProblemLoader Environment load took 210.9ns 
86029      INFO  main            d.u.i.k.p.i.AbstractProblemLoader Creating init config 
88867      DEBUG main            d.u.i.k.p.i.AbstractProblemLoader Init config took 2.84s 
88947      INFO  main            d.u.i.k.p.i.AbstractProblemLoader Replaying proof ArrayList[List::add(java.lang.Object)].JML normal_behavior operation contract.0 
88949      DEBUG main            d.u.i.k.p.i.IntermediateProofReplayer Proof replay took 5.7ns 
92104      INFO  main            d.u.i.k.p.r.p.TestFile    ... finished proof: closed. 
92279      INFO  main            d.u.i.k.p.i.AbstractProblemLoader Loading environment from /home/runner/work/key/key/key.core/../key.ui/examples/heap/list_seq/ArrayList.add.key.proof 
92280      DEBUG main            d.u.i.k.p.i.AbstractProblemLoader Environment load took 544.8ns 
92281      INFO  main            d.u.i.k.p.i.AbstractProblemLoader Creating init config 
95059      DEBUG main            d.u.i.k.p.i.AbstractProblemLoader Init config took 2.78s 
95157      INFO  main            d.u.i.k.p.i.AbstractProblemLoader Replaying proof ArrayList[List::add(java.lang.Object)].JML normal_behavior operation contract.0 
95394      DEBUG main            d.u.i.k.p.i.IntermediateProofReplayer Proof replay took 218.68ms 
95396      DEBUG main            d.u.i.k.p.r.p.TestFile    ... success: reloaded. 
95398      INFO  main            d.u.i.k.p.r.p.TestFile    Now processing file /home/runner/work/key/key/key.core/../key.ui/examples/heap/list_seq/ArrayList.contains.key 
95398      INFO  main            d.u.i.k.p.i.AbstractProblemLoader Loading environment from /home/runner/work/key/key/key.core/../key.ui/examples/heap/list_seq/ArrayList.contains.key 
95405      DEBUG main            d.u.i.k.p.i.AbstractProblemLoader Environment load took 7.05ms 
95407      INFO  main            d.u.i.k.p.i.AbstractProblemLoader Creating init config 
98198      DEBUG main            d.u.i.k.p.i.AbstractProblemLoader Init config took 2.79s 
98276      INFO  main            d.u.i.k.p.i.AbstractProblemLoader Replaying proof ArrayList[List::contains(java.lang.Object)].JML normal_behavior operation contract.0 
98278      DEBUG main            d.u.i.k.p.i.IntermediateProofReplayer Proof replay took 5.5ns 
99682      INFO  main            d.u.i.k.p.r.p.TestFile    ... finished proof: closed. 
99865      INFO  main            d.u.i.k.p.i.AbstractProblemLoader Loading environment from /home/runner/work/key/key/key.core/../key.ui/examples/heap/list_seq/ArrayList.contains.key.proof 
99866      DEBUG main            d.u.i.k.p.i.AbstractProblemLoader Environment load took 132.7ns 
99867      INFO  main            d.u.i.k.p.i.AbstractProblemLoader Creating init config 
102627     DEBUG main            d.u.i.k.p.i.AbstractProblemLoader Init config took 2.76s 
102705     INFO  main            d.u.i.k.p.i.AbstractProblemLoader Replaying proof ArrayList[List::contains(java.lang.Object)].JML normal_behavior operation contract.0 
102852     DEBUG main            d.u.i.k.p.i.IntermediateProofReplayer Proof replay took 139.13ms 
102853     DEBUG main            d.u.i.k.p.r.p.TestFile    ... success: reloaded. 
102854     INFO  main            d.u.i.k.p.r.p.TestFile    Now processing file /home/runner/work/key/key/key.core/../key.ui/examples/heap/list_seq/ArrayList.enlarge.key 
102855     INFO  main            d.u.i.k.p.i.AbstractProblemLoader Loading environment from /home/runner/work/key/key/key.core/../key.ui/examples/heap/list_seq/ArrayList.enlarge.key 
102855     DEBUG main            d.u.i.k.p.i.AbstractProblemLoader Environment load took 202.3ns 
102856     INFO  main            d.u.i.k.p.i.AbstractProblemLoader Creating init config 
105650     DEBUG main            d.u.i.k.p.i.AbstractProblemLoader Init config took 2.79s 
105728     INFO  main            d.u.i.k.p.i.AbstractProblemLoader Replaying proof ArrayList[ArrayList::enlarge()].JML normal_behavior operation contract.0 
105729     DEBUG main            d.u.i.k.p.i.IntermediateProofReplayer Proof replay took 5.6ns 
107635     INFO  main            d.u.i.k.p.r.p.TestFile    ... finished proof: closed. 
107811     INFO  main            d.u.i.k.p.i.AbstractProblemLoader Loading environment from /home/runner/work/key/key/key.core/../key.ui/examples/heap/list_seq/ArrayList.enlarge.key.proof 
107812     DEBUG main            d.u.i.k.p.i.AbstractProblemLoader Environment load took 453.2ns 
107813     INFO  main            d.u.i.k.p.i.AbstractProblemLoader Creating init config 
110521     DEBUG main            d.u.i.k.p.i.AbstractProblemLoader Init config took 2.71s 
110598     INFO  main            d.u.i.k.p.i.AbstractProblemLoader Replaying proof ArrayList[ArrayList::enlarge()].JML normal_behavior operation contract.0 
110809     DEBUG main            d.u.i.k.p.i.IntermediateProofReplayer Proof replay took 190.55ms 
110811     DEBUG main            d.u.i.k.p.r.p.TestFile    ... success: reloaded. 
110812     INFO  main            d.u.i.k.p.r.p.TestFile    Now processing file /home/runner/work/key/key/key.core/../key.ui/examples/heap/list_seq/ArrayList.get.key 
110812     INFO  main            d.u.i.k.p.i.AbstractProblemLoader Loading environment from /home/runner/work/key/key/key.core/../key.ui/examples/heap/list_seq/ArrayList.get.key 
110812     DEBUG main            d.u.i.k.p.i.AbstractProblemLoader Environment load took 213ns 
110813     INFO  main            d.u.i.k.p.i.AbstractProblemLoader Creating init config 
113608     DEBUG main            d.u.i.k.p.i.AbstractProblemLoader Init config took 2.79s 
113684     INFO  main            d.u.i.k.p.i.AbstractProblemLoader Replaying proof ArrayList[List::get(int)].JML normal_behavior operation contract.0 
113686     DEBUG main            d.u.i.k.p.i.IntermediateProofReplayer Proof replay took 19ns 
114189     INFO  main            d.u.i.k.p.r.p.TestFile    ... finished proof: closed. 
114381     INFO  main            d.u.i.k.p.i.AbstractProblemLoader Loading environment from /home/runner/work/key/key/key.core/../key.ui/examples/heap/list_seq/ArrayList.get.key.proof 
114381     DEBUG main            d.u.i.k.p.i.AbstractProblemLoader Environment load took 112.9ns 
114383     INFO  main            d.u.i.k.p.i.AbstractProblemLoader Creating init config 
117086     DEBUG main            d.u.i.k.p.i.AbstractProblemLoader Init config took 2.7s 
117163     INFO  main            d.u.i.k.p.i.AbstractProblemLoader Replaying proof ArrayList[List::get(int)].JML normal_behavior operation contract.0 
117200     DEBUG main            d.u.i.k.p.i.IntermediateProofReplayer Proof replay took 34ms 
117201     DEBUG main            d.u.i.k.p.r.p.TestFile    ... success: reloaded. 
117202     INFO  main            d.u.i.k.p.r.p.TestFile    Now processing file /home/runner/work/key/key/key.core/../key.ui/examples/heap/list_seq/ArrayList.newArray.key 
117203     INFO  main            d.u.i.k.p.i.AbstractProblemLoader Loading environment from /home/runner/work/key/key/key.core/../key.ui/examples/heap/list_seq/ArrayList.newArray.key 
117203     DEBUG main            d.u.i.k.p.i.AbstractProblemLoader Environment load took 210.4ns 
117204     INFO  main            d.u.i.k.p.i.AbstractProblemLoader Creating init config 
119949     DEBUG main            d.u.i.k.p.i.AbstractProblemLoader Init config took 2.75s 
120023     INFO  main            d.u.i.k.p.i.AbstractProblemLoader Replaying proof ArrayList[ArrayList::newArray(int)].JML normal_behavior operation contract.0 
120025     DEBUG main            d.u.i.k.p.i.IntermediateProofReplayer Proof replay took 5ns 
120327     INFO  main            d.u.i.k.p.r.p.TestFile    ... finished proof: closed. 
120503     INFO  main            d.u.i.k.p.i.AbstractProblemLoader Loading environment from /home/runner/work/key/key/key.core/../key.ui/examples/heap/list_seq/ArrayList.newArray.key.proof 
120503     DEBUG main            d.u.i.k.p.i.AbstractProblemLoader Environment load took 112.9ns 
120504     INFO  main            d.u.i.k.p.i.AbstractProblemLoader Creating init config 
123175     DEBUG main            d.u.i.k.p.i.AbstractProblemLoader Init config took 2.67s 
123256     INFO  main            d.u.i.k.p.i.AbstractProblemLoader Replaying proof ArrayList[ArrayList::newArray(int)].JML normal_behavior operation contract.0 
123295     DEBUG main            d.u.i.k.p.i.IntermediateProofReplayer Proof replay took 35.58ms 
123296     DEBUG main            d.u.i.k.p.r.p.TestFile    ... success: reloaded. 
123297     INFO  main            d.u.i.k.p.r.p.TestFile    Now processing file /home/runner/work/key/key/key.core/../key.ui/examples/heap/list_seq/ArrayList.remove.0.key 
123297     INFO  main            d.u.i.k.p.i.AbstractProblemLoader Loading environment from /home/runner/work/key/key/key.core/../key.ui/examples/heap/list_seq/ArrayList.remove.0.key 
123298     DEBUG main            d.u.i.k.p.i.AbstractProblemLoader Environment load took 203.2ns 
123299     INFO  main            d.u.i.k.p.i.AbstractProblemLoader Creating init config 
126089     DEBUG main            d.u.i.k.p.i.AbstractProblemLoader Init config took 2.79s 
126175     INFO  main            d.u.i.k.p.i.AbstractProblemLoader Replaying proof ArrayList[List::remove(java.lang.Object)].JML normal_behavior operation contract.0 
126176     DEBUG main            d.u.i.k.p.i.IntermediateProofReplayer Proof replay took 5ns 
127981     INFO  main            d.u.i.k.p.r.p.TestFile    ... finished proof: closed. 
128178     INFO  main            d.u.i.k.p.i.AbstractProblemLoader Loading environment from /home/runner/work/key/key/key.core/../key.ui/examples/heap/list_seq/ArrayList.remove.0.key.proof 
128178     DEBUG main            d.u.i.k.p.i.AbstractProblemLoader Environment load took 190.6ns 
128179     INFO  main            d.u.i.k.p.i.AbstractProblemLoader Creating init config 
130857     DEBUG main            d.u.i.k.p.i.AbstractProblemLoader Init config took 2.68s 
130929     INFO  main            d.u.i.k.p.i.AbstractProblemLoader Replaying proof ArrayList[List::remove(java.lang.Object)].JML normal_behavior operation contract.0 
131255     DEBUG main            d.u.i.k.p.i.IntermediateProofReplayer Proof replay took 319.16ms 
131256     DEBUG main            d.u.i.k.p.r.p.TestFile    ... success: reloaded. 
131257     INFO  main            d.u.i.k.p.r.p.TestFile    Now processing file /home/runner/work/key/key/key.core/../key.ui/examples/heap/list_seq/ArrayList.remove.1.key 
131257     INFO  main            d.u.i.k.p.i.AbstractProblemLoader Loading environment from /home/runner/work/key/key/key.core/../key.ui/examples/heap/list_seq/ArrayList.remove.1.key 
131257     DEBUG main            d.u.i.k.p.i.AbstractProblemLoader Environment load took 202.5ns 
131258     INFO  main            d.u.i.k.p.i.AbstractProblemLoader Creating init config 
134001     DEBUG main            d.u.i.k.p.i.AbstractProblemLoader Init config took 2.74s 
134075     INFO  main            d.u.i.k.p.i.AbstractProblemLoader Replaying proof ArrayList[List::remove(java.lang.Object)].JML normal_behavior operation contract.1 
134077     DEBUG main            d.u.i.k.p.i.IntermediateProofReplayer Proof replay took 5.9ns 
144746     INFO  main            d.u.i.k.p.r.p.TestFile    ... finished proof: closed. 
145012     INFO  main            d.u.i.k.p.i.AbstractProblemLoader Loading environment from /home/runner/work/key/key/key.core/../key.ui/examples/heap/list_seq/ArrayList.remove.1.key.proof 
145013     DEBUG main            d.u.i.k.p.i.AbstractProblemLoader Environment load took 413.4ns 
145015     INFO  main            d.u.i.k.p.i.AbstractProblemLoader Creating init config 
147657     DEBUG main            d.u.i.k.p.i.AbstractProblemLoader Init config took 2.64s 
147729     INFO  main            d.u.i.k.p.i.AbstractProblemLoader Replaying proof ArrayList[List::remove(java.lang.Object)].JML normal_behavior operation contract.1 
148512     DEBUG main            d.u.i.k.p.i.IntermediateProofReplayer Proof replay took 748.3ms 
148515     DEBUG main            d.u.i.k.p.r.p.TestFile    ... success: reloaded. 
1287426    INFO  Test worker     d.u.i.k.p.r.RunAllProofsTestUnit Returning from test list_seq 
1287428    INFO  Test worker     d.u.i.k.p.r.RunAllProofsTestUnit Running test observer 
384        INFO  Timeout watchdog d.u.i.k.p.r.p.ForkedTestFileRunner Timeout watcher launched (2000 secs.) 
404        WARN  main            d.u.i.k.s.ProofSettings   The settings in /home/runner/.key/proof-settings.props are *not* read. 
452        INFO  main            d.u.i.k.p.r.p.TestFile    Now processing file /home/runner/work/key/key/key.core/../key.ui/examples/heap/observer/ExampleObserver_ExampleObserver.key 
569        INFO  main            d.u.i.k.p.i.AbstractProblemLoader Loading environment from /home/runner/work/key/key/key.core/../key.ui/examples/heap/observer/ExampleObserver_ExampleObserver.key 
585        DEBUG main            d.u.i.k.p.i.AbstractProblemLoader Environment load took 1.79ms 
786        INFO  main            d.u.i.k.p.i.AbstractProblemLoader Creating init config 
1745       DEBUG main            d.u.i.k.j.TypeConverter   No LDT found for Meta 
1746       DEBUG main            d.u.i.k.j.TypeConverter   No LDT found for Meta 
1750       DEBUG main            d.u.i.k.j.TypeConverter   No LDT found for Meta 
1750       DEBUG main            d.u.i.k.j.TypeConverter   No LDT found for Meta 
3280       DEBUG main            d.u.i.k.j.TypeConverter   No LDT found for JavaBigintExpression 
8790       DEBUG main            d.u.i.k.p.i.AbstractProblemLoader Init config took 8s 
8913       INFO  main            d.u.i.k.p.i.AbstractProblemLoader Replaying proof ExampleObserver[ExampleObserver::ExampleObserver(ExampleSubject)].JML normal_behavior operation contract.0 
8943       DEBUG main            d.u.i.k.p.i.IntermediateProofReplayer Proof replay took 31ns 
9809       INFO  main            d.u.i.k.p.r.p.TestFile    ... finished proof: closed. 
9916       INFO  main            d.u.i.k.p.i.AbstractProblemLoader Loading environment from /home/runner/work/key/key/key.core/../key.ui/examples/heap/observer/ExampleObserver_ExampleObserver.key.proof 
9916       DEBUG main            d.u.i.k.p.i.AbstractProblemLoader Environment load took 444ns 
9918       INFO  main            d.u.i.k.p.i.AbstractProblemLoader Creating init config 
12920      DEBUG main            d.u.i.k.p.i.AbstractProblemLoader Init config took 3s 
12989      INFO  main            d.u.i.k.p.i.AbstractProblemLoader Replaying proof ExampleObserver[ExampleObserver::ExampleObserver(ExampleSubject)].JML normal_behavior operation contract.0 
13082      DEBUG main            d.u.i.k.p.i.IntermediateProofReplayer Proof replay took 86.21ms 
13088      DEBUG main            d.u.i.k.p.r.p.TestFile    ... success: reloaded. 
13090      INFO  main            d.u.i.k.p.r.p.TestFile    Now processing file /home/runner/work/key/key/key.core/../key.ui/examples/heap/observer/ExampleObserver_inv.key 
13090      INFO  main            d.u.i.k.p.i.AbstractProblemLoader Loading environment from /home/runner/work/key/key/key.core/../key.ui/examples/heap/observer/ExampleObserver_inv.key 
13091      DEBUG main            d.u.i.k.p.i.AbstractProblemLoader Environment load took 243.5ns 
13092      INFO  main            d.u.i.k.p.i.AbstractProblemLoader Creating init config 
15951      DEBUG main            d.u.i.k.p.i.AbstractProblemLoader Init config took 2.86s 
16017      INFO  main            d.u.i.k.p.i.AbstractProblemLoader Replaying proof ExampleObserver[java.lang.Object::<inv>()].JML accessible clause.0 
16020      DEBUG main            d.u.i.k.p.i.IntermediateProofReplayer Proof replay took 5.8ns 
16122      INFO  main            d.u.i.k.p.r.p.TestFile    ... finished proof: closed. 
16245      INFO  main            d.u.i.k.p.i.AbstractProblemLoader Loading environment from /home/runner/work/key/key/key.core/../key.ui/examples/heap/observer/ExampleObserver_inv.key.proof 
16245      DEBUG main            d.u.i.k.p.i.AbstractProblemLoader Environment load took 121ns 
16246      INFO  main            d.u.i.k.p.i.AbstractProblemLoader Creating init config 
19008      DEBUG main            d.u.i.k.p.i.AbstractProblemLoader Init config took 2.76s 
19069      INFO  main            d.u.i.k.p.i.AbstractProblemLoader Replaying proof ExampleObserver[java.lang.Object::<inv>()].JML accessible clause.0 
19085      DEBUG main            d.u.i.k.p.i.IntermediateProofReplayer Proof replay took 12.96ms 
19088      DEBUG main            d.u.i.k.p.r.p.TestFile    ... success: reloaded. 
19090      INFO  main            d.u.i.k.p.r.p.TestFile    Now processing file /home/runner/work/key/key/key.core/../key.ui/examples/heap/observer/ExampleObserver_subject.key 
19091      INFO  main            d.u.i.k.p.i.AbstractProblemLoader Loading environment from /home/runner/work/key/key/key.core/../key.ui/examples/heap/observer/ExampleObserver_subject.key 
19091      DEBUG main            d.u.i.k.p.i.AbstractProblemLoader Environment load took 215.1ns 
19093      INFO  main            d.u.i.k.p.i.AbstractProblemLoader Creating init config 
21888      DEBUG main            d.u.i.k.p.i.AbstractProblemLoader Init config took 2.8s 
21956      INFO  main            d.u.i.k.p.i.AbstractProblemLoader Replaying proof Observer[Observer::$subject()].JML accessible clause.0 
21959      DEBUG main            d.u.i.k.p.i.IntermediateProofReplayer Proof replay took 16ns 
22060      INFO  main            d.u.i.k.p.r.p.TestFile    ... finished proof: closed. 
22187      INFO  main            d.u.i.k.p.i.AbstractProblemLoader Loading environment from /home/runner/work/key/key/key.core/../key.ui/examples/heap/observer/ExampleObserver_subject.key.proof 
22187      DEBUG main            d.u.i.k.p.i.AbstractProblemLoader Environment load took 111.7ns 
22189      INFO  main            d.u.i.k.p.i.AbstractProblemLoader Creating init config 
24890      DEBUG main            d.u.i.k.p.i.AbstractProblemLoader Init config took 2.7s 
24937      INFO  main            d.u.i.k.p.i.AbstractProblemLoader Replaying proof Observer[Observer::$subject()].JML accessible clause.0 
24940      DEBUG main            d.u.i.k.p.i.IntermediateProofReplayer Proof replay took 1.5ms 
24941      DEBUG main            d.u.i.k.p.r.p.TestFile    ... success: reloaded. 
24942      INFO  main            d.u.i.k.p.r.p.TestFile    Now processing file /home/runner/work/key/key/key.core/../key.ui/examples/heap/observer/ExampleObserver_update.key 
24943      INFO  main            d.u.i.k.p.i.AbstractProblemLoader Loading environment from /home/runner/work/key/key/key.core/../key.ui/examples/heap/observer/ExampleObserver_update.key 
24943      DEBUG main            d.u.i.k.p.i.AbstractProblemLoader Environment load took 217.2ns 
24944      INFO  main            d.u.i.k.p.i.AbstractProblemLoader Creating init config 
27665      DEBUG main            d.u.i.k.p.i.AbstractProblemLoader Init config took 2.72s 
27737      INFO  main            d.u.i.k.p.i.AbstractProblemLoader Replaying proof ExampleObserver[Observer::update()].JML normal_behavior operation contract.0 
27740      DEBUG main            d.u.i.k.p.i.IntermediateProofReplayer Proof replay took 6.7ns 
28143      INFO  main            d.u.i.k.p.r.p.TestFile    ... finished proof: closed. 
28291      INFO  main            d.u.i.k.p.i.AbstractProblemLoader Loading environment from /home/runner/work/key/key/key.core/../key.ui/examples/heap/observer/ExampleObserver_update.key.proof 
28292      DEBUG main            d.u.i.k.p.i.AbstractProblemLoader Environment load took 303ns 
28293      INFO  main            d.u.i.k.p.i.AbstractProblemLoader Creating init config 
30952      DEBUG main            d.u.i.k.p.i.AbstractProblemLoader Init config took 2.66s 
31000      INFO  main            d.u.i.k.p.i.AbstractProblemLoader Replaying proof ExampleObserver[Observer::update()].JML normal_behavior operation contract.0 
31051      DEBUG main            d.u.i.k.p.i.IntermediateProofReplayer Proof replay took 48.22ms 
31052      DEBUG main            d.u.i.k.p.r.p.TestFile    ... success: reloaded. 
31054      INFO  main            d.u.i.k.p.r.p.TestFile    Now processing file /home/runner/work/key/key/key.core/../key.ui/examples/heap/observer/ExampleObserver_upToDate.key 
31054      INFO  main            d.u.i.k.p.i.AbstractProblemLoader Loading environment from /home/runner/work/key/key/key.core/../key.ui/examples/heap/observer/ExampleObserver_upToDate.key 
31054      DEBUG main            d.u.i.k.p.i.AbstractProblemLoader Environment load took 198.2ns 
31057      INFO  main            d.u.i.k.p.i.AbstractProblemLoader Creating init config 
33760      DEBUG main            d.u.i.k.p.i.AbstractProblemLoader Init config took 2.7s 
33805      INFO  main            d.u.i.k.p.i.AbstractProblemLoader Replaying proof ExampleObserver[Observer::$upToDate()].JML accessible clause.0 
33807      DEBUG main            d.u.i.k.p.i.IntermediateProofReplayer Proof replay took 5.8ns 
33909      INFO  main            d.u.i.k.p.r.p.TestFile    ... finished proof: closed. 
34097      INFO  main            d.u.i.k.p.i.AbstractProblemLoader Loading environment from /home/runner/work/key/key/key.core/../key.ui/examples/heap/observer/ExampleObserver_upToDate.key.proof 
34097      DEBUG main            d.u.i.k.p.i.AbstractProblemLoader Environment load took 109.5ns 
34098      INFO  main            d.u.i.k.p.i.AbstractProblemLoader Creating init config 
36742      DEBUG main            d.u.i.k.p.i.AbstractProblemLoader Init config took 2.64s 
36787      INFO  main            d.u.i.k.p.i.AbstractProblemLoader Replaying proof ExampleObserver[Observer::$upToDate()].JML accessible clause.0 
36804      DEBUG main            d.u.i.k.p.i.IntermediateProofReplayer Proof replay took 14.7ms 
36806      DEBUG main            d.u.i.k.p.r.p.TestFile    ... success: reloaded. 
36807      INFO  main            d.u.i.k.p.r.p.TestFile    Now processing file /home/runner/work/key/key/key.core/../key.ui/examples/heap/observer/ExampleObserver_value.key 
36807      INFO  main            d.u.i.k.p.i.AbstractProblemLoader Loading environment from /home/runner/work/key/key/key.core/../key.ui/examples/heap/observer/ExampleObserver_value.key 
36808      DEBUG main            d.u.i.k.p.i.AbstractProblemLoader Environment load took 221.4ns 
36809      INFO  main            d.u.i.k.p.i.AbstractProblemLoader Creating init config 
39473      DEBUG main            d.u.i.k.p.i.AbstractProblemLoader Init config took 2.66s 
39518      INFO  main            d.u.i.k.p.i.AbstractProblemLoader Replaying proof ExampleObserver[ExampleObserver::value()].JML normal_behavior operation contract.0 
39520      DEBUG main            d.u.i.k.p.i.IntermediateProofReplayer Proof replay took 6ns 
39622      INFO  main            d.u.i.k.p.r.p.TestFile    ... finished proof: closed. 
39773      INFO  main            d.u.i.k.p.i.AbstractProblemLoader Loading environment from /home/runner/work/key/key/key.core/../key.ui/examples/heap/observer/ExampleObserver_value.key.proof 
39773      DEBUG main            d.u.i.k.p.i.AbstractProblemLoader Environment load took 107.5ns 
39774      INFO  main            d.u.i.k.p.i.AbstractProblemLoader Creating init config 
42399      DEBUG main            d.u.i.k.p.i.AbstractProblemLoader Init config took 2.63s 
42442      INFO  main            d.u.i.k.p.i.AbstractProblemLoader Replaying proof ExampleObserver[ExampleObserver::value()].JML normal_behavior operation contract.0 
42458      DEBUG main            d.u.i.k.p.i.IntermediateProofReplayer Proof replay took 14.48ms 
42459      DEBUG main            d.u.i.k.p.r.p.TestFile    ... success: reloaded. 
42460      INFO  main            d.u.i.k.p.r.p.TestFile    Now processing file /home/runner/work/key/key/key.core/../key.ui/examples/heap/observer/ExampleSubject_addObserver.key 
42461      INFO  main            d.u.i.k.p.i.AbstractProblemLoader Loading environment from /home/runner/work/key/key/key.core/../key.ui/examples/heap/observer/ExampleSubject_addObserver.key 
42461      DEBUG main            d.u.i.k.p.i.AbstractProblemLoader Environment load took 90.1ns 
42461      INFO  main            d.u.i.k.p.i.AbstractProblemLoader Creating init config 
45130      DEBUG main            d.u.i.k.p.i.AbstractProblemLoader Init config took 2.67s 
45178      INFO  main            d.u.i.k.p.i.AbstractProblemLoader Replaying proof ExampleSubject[Subject::addObserver(Observer)].JML normal_behavior operation contract.0 
45180      DEBUG main            d.u.i.k.p.i.IntermediateProofReplayer Proof replay took 5.3ns 
50833      INFO  main            d.u.i.k.p.r.p.TestFile    ... finished proof: closed. 
51081      INFO  main            d.u.i.k.p.i.AbstractProblemLoader Loading environment from /home/runner/work/key/key/key.core/../key.ui/examples/heap/observer/ExampleSubject_addObserver.key.proof 
51082      DEBUG main            d.u.i.k.p.i.AbstractProblemLoader Environment load took 422.8ns 
51085      INFO  main            d.u.i.k.p.i.AbstractProblemLoader Creating init config 
53701      DEBUG main            d.u.i.k.p.i.AbstractProblemLoader Init config took 2.62s 
53748      INFO  main            d.u.i.k.p.i.AbstractProblemLoader Replaying proof ExampleSubject[Subject::addObserver(Observer)].JML normal_behavior operation contract.0 
54226      DEBUG main            d.u.i.k.p.i.IntermediateProofReplayer Proof replay took 457.1ms 
54229      DEBUG main            d.u.i.k.p.r.p.TestFile    ... success: reloaded. 
54230      INFO  main            d.u.i.k.p.r.p.TestFile    Now processing file /home/runner/work/key/key/key.core/../key.ui/examples/heap/observer/ExampleSubject_change.key 
54231      INFO  main            d.u.i.k.p.i.AbstractProblemLoader Loading environment from /home/runner/work/key/key/key.core/../key.ui/examples/heap/observer/ExampleSubject_change.key 
54231      DEBUG main            d.u.i.k.p.i.AbstractProblemLoader Environment load took 226.2ns 
54232      INFO  main            d.u.i.k.p.i.AbstractProblemLoader Creating init config 
56870      DEBUG main            d.u.i.k.p.i.AbstractProblemLoader Init config took 2.64s 
56915      INFO  main            d.u.i.k.p.i.AbstractProblemLoader Replaying proof ExampleSubject[ExampleSubject::change()].JML normal_behavior operation contract.0 
56917      DEBUG main            d.u.i.k.p.i.IntermediateProofReplayer Proof replay took 5.7ns 
57421      INFO  main            d.u.i.k.p.r.p.TestFile    ... finished proof: closed. 
57626      INFO  main            d.u.i.k.p.i.AbstractProblemLoader Loading environment from /home/runner/work/key/key/key.core/../key.ui/examples/heap/observer/ExampleSubject_change.key.proof 
57626      DEBUG main            d.u.i.k.p.i.AbstractProblemLoader Environment load took 535.6ns 
57627      INFO  main            d.u.i.k.p.i.AbstractProblemLoader Creating init config 
60268      DEBUG main            d.u.i.k.p.i.AbstractProblemLoader Init config took 2.64s 
60313      INFO  main            d.u.i.k.p.i.AbstractProblemLoader Replaying proof ExampleSubject[ExampleSubject::change()].JML normal_behavior operation contract.0 
60374      DEBUG main            d.u.i.k.p.i.IntermediateProofReplayer Proof replay took 56.54ms 
60376      DEBUG main            d.u.i.k.p.r.p.TestFile    ... success: reloaded. 
60377      INFO  main            d.u.i.k.p.r.p.TestFile    Now processing file /home/runner/work/key/key/key.core/../key.ui/examples/heap/observer/ExampleSubject_ExampleSubject.key 
60377      INFO  main            d.u.i.k.p.i.AbstractProblemLoader Loading environment from /home/runner/work/key/key/key.core/../key.ui/examples/heap/observer/ExampleSubject_ExampleSubject.key 
60378      DEBUG main            d.u.i.k.p.i.AbstractProblemLoader Environment load took 211.8ns 
60379      INFO  main            d.u.i.k.p.i.AbstractProblemLoader Creating init config 
62972      DEBUG main            d.u.i.k.p.i.AbstractProblemLoader Init config took 2.59s 
63032      INFO  main            d.u.i.k.p.i.AbstractProblemLoader Replaying proof ExampleSubject[ExampleSubject::ExampleSubject()].JML normal_behavior operation contract.0 
63034      DEBUG main            d.u.i.k.p.i.IntermediateProofReplayer Proof replay took 5.5ns 
64038      INFO  main            d.u.i.k.p.r.p.TestFile    ... finished proof: closed. 
64230      INFO  main            d.u.i.k.p.i.AbstractProblemLoader Loading environment from /home/runner/work/key/key/key.core/../key.ui/examples/heap/observer/ExampleSubject_ExampleSubject.key.proof 
64230      DEBUG main            d.u.i.k.p.i.AbstractProblemLoader Environment load took 476.7ns 
64232      INFO  main            d.u.i.k.p.i.AbstractProblemLoader Creating init config 
66817      DEBUG main            d.u.i.k.p.i.AbstractProblemLoader Init config took 2.58s 
66861      INFO  main            d.u.i.k.p.i.AbstractProblemLoader Replaying proof ExampleSubject[ExampleSubject::ExampleSubject()].JML normal_behavior operation contract.0 
66979      DEBUG main            d.u.i.k.p.i.IntermediateProofReplayer Proof replay took 111.59ms 
66981      DEBUG main            d.u.i.k.p.r.p.TestFile    ... success: reloaded. 
66982      INFO  main            d.u.i.k.p.r.p.TestFile    Now processing file /home/runner/work/key/key/key.core/../key.ui/examples/heap/observer/ExampleSubject_footprint.key 
66982      INFO  main            d.u.i.k.p.i.AbstractProblemLoader Loading environment from /home/runner/work/key/key/key.core/../key.ui/examples/heap/observer/ExampleSubject_footprint.key 
66982      DEBUG main            d.u.i.k.p.i.AbstractProblemLoader Environment load took 239.7ns 
66983      INFO  main            d.u.i.k.p.i.AbstractProblemLoader Creating init config 
69608      DEBUG main            d.u.i.k.p.i.AbstractProblemLoader Init config took 2.62s 
69650      INFO  main            d.u.i.k.p.i.AbstractProblemLoader Replaying proof ExampleSubject[Subject::$footprint()].JML accessible clause.0 
69652      DEBUG main            d.u.i.k.p.i.IntermediateProofReplayer Proof replay took 5.8ns 
69756      INFO  main            d.u.i.k.p.r.p.TestFile    ... finished proof: closed. 
69932      INFO  main            d.u.i.k.p.i.AbstractProblemLoader Loading environment from /home/runner/work/key/key/key.core/../key.ui/examples/heap/observer/ExampleSubject_footprint.key.proof 
69932      DEBUG main            d.u.i.k.p.i.AbstractProblemLoader Environment load took 110.2ns 
69933      INFO  main            d.u.i.k.p.i.AbstractProblemLoader Creating init config 
72509      DEBUG main            d.u.i.k.p.i.AbstractProblemLoader Init config took 2.58s 
72564      INFO  main            d.u.i.k.p.i.AbstractProblemLoader Replaying proof ExampleSubject[Subject::$footprint()].JML accessible clause.0 
72579      DEBUG main            d.u.i.k.p.i.IntermediateProofReplayer Proof replay took 10.07ms 
72581      DEBUG main            d.u.i.k.p.r.p.TestFile    ... success: reloaded. 
72583      INFO  main            d.u.i.k.p.r.p.TestFile    Now processing file /home/runner/work/key/key/key.core/../key.ui/examples/heap/observer/ExampleSubject_inv.key 
72584      INFO  main            d.u.i.k.p.i.AbstractProblemLoader Loading environment from /home/runner/work/key/key/key.core/../key.ui/examples/heap/observer/ExampleSubject_inv.key 
72584      DEBUG main            d.u.i.k.p.i.AbstractProblemLoader Environment load took 228.5ns 
72585      INFO  main            d.u.i.k.p.i.AbstractProblemLoader Creating init config 
75186      DEBUG main            d.u.i.k.p.i.AbstractProblemLoader Init config took 2.6s 
75229      INFO  main            d.u.i.k.p.i.AbstractProblemLoader Replaying proof ExampleSubject[java.lang.Object::<inv>()].JML accessible clause.0 
75230      DEBUG main            d.u.i.k.p.i.IntermediateProofReplayer Proof replay took 6.4ns 
76338      INFO  main            d.u.i.k.p.r.p.TestFile    ... finished proof: closed. 
76531      INFO  main            d.u.i.k.p.i.AbstractProblemLoader Loading environment from /home/runner/work/key/key/key.core/../key.ui/examples/heap/observer/ExampleSubject_inv.key.proof 
76532      DEBUG main            d.u.i.k.p.i.AbstractProblemLoader Environment load took 386.6ns 
76533      INFO  main            d.u.i.k.p.i.AbstractProblemLoader Creating init config 
79121      DEBUG main            d.u.i.k.p.i.AbstractProblemLoader Init config took 2.59s 
79164      INFO  main            d.u.i.k.p.i.AbstractProblemLoader Replaying proof ExampleSubject[java.lang.Object::<inv>()].JML accessible clause.0 
79226      DEBUG main            d.u.i.k.p.i.IntermediateProofReplayer Proof replay took 56.21ms 
79228      DEBUG main            d.u.i.k.p.r.p.TestFile    ... success: reloaded. 
79229      INFO  main            d.u.i.k.p.r.p.TestFile    Now processing file /home/runner/work/key/key/key.core/../key.ui/examples/heap/observer/ExampleSubject_notifyObservers.key 
79229      INFO  main            d.u.i.k.p.i.AbstractProblemLoader Loading environment from /home/runner/work/key/key/key.core/../key.ui/examples/heap/observer/ExampleSubject_notifyObservers.key 
79229      DEBUG main            d.u.i.k.p.i.AbstractProblemLoader Environment load took 201.2ns 
79230      INFO  main            d.u.i.k.p.i.AbstractProblemLoader Creating init config 
81824      DEBUG main            d.u.i.k.p.i.AbstractProblemLoader Init config took 2.59s 
81867      INFO  main            d.u.i.k.p.i.AbstractProblemLoader Replaying proof Subject[Subject::notifyObservers()].JML normal_behavior operation contract.0 
81868      DEBUG main            d.u.i.k.p.i.IntermediateProofReplayer Proof replay took 5.3ns 
81969      INFO  main            d.u.i.k.p.r.p.TestFile    ... finished proof: closed. 
82175      INFO  main            d.u.i.k.p.i.AbstractProblemLoader Loading environment from /home/runner/work/key/key/key.core/../key.ui/examples/heap/observer/ExampleSubject_notifyObservers.key.proof 
82175      DEBUG main            d.u.i.k.p.i.AbstractProblemLoader Environment load took 125.9ns 
82176      INFO  main            d.u.i.k.p.i.AbstractProblemLoader Creating init config 
84792      DEBUG main            d.u.i.k.p.i.AbstractProblemLoader Init config took 2.62s 
84835      INFO  main            d.u.i.k.p.i.AbstractProblemLoader Replaying proof Subject[Subject::notifyObservers()].JML normal_behavior operation contract.0 
84839      DEBUG main            d.u.i.k.p.i.IntermediateProofReplayer Proof replay took 2.09ms 
84840      DEBUG main            d.u.i.k.p.r.p.TestFile    ... success: reloaded. 
84841      INFO  main            d.u.i.k.p.r.p.TestFile    Now processing file /home/runner/work/key/key/key.core/../key.ui/examples/heap/observer/ExampleSubject_value_dep.key 
84841      INFO  main            d.u.i.k.p.i.AbstractProblemLoader Loading environment from /home/runner/work/key/key/key.core/../key.ui/examples/heap/observer/ExampleSubject_value_dep.key 
84841      DEBUG main            d.u.i.k.p.i.AbstractProblemLoader Environment load took 200.6ns 
84843      INFO  main            d.u.i.k.p.i.AbstractProblemLoader Creating init config 
87436      DEBUG main            d.u.i.k.p.i.AbstractProblemLoader Init config took 2.59s 
87477      INFO  main            d.u.i.k.p.i.AbstractProblemLoader Replaying proof ExampleSubject[ExampleSubject::value()].JML accessible clause.0 
87479      DEBUG main            d.u.i.k.p.i.IntermediateProofReplayer Proof replay took 5.9ns 
87584      INFO  main            d.u.i.k.p.r.p.TestFile    ... finished proof: closed. 
87803      INFO  main            d.u.i.k.p.i.AbstractProblemLoader Loading environment from /home/runner/work/key/key/key.core/../key.ui/examples/heap/observer/ExampleSubject_value_dep.key.proof 
87803      DEBUG main            d.u.i.k.p.i.AbstractProblemLoader Environment load took 100.9ns 
87804      INFO  main            d.u.i.k.p.i.AbstractProblemLoader Creating init config 
90390      DEBUG main            d.u.i.k.p.i.AbstractProblemLoader Init config took 2.59s 
90432      INFO  main            d.u.i.k.p.i.AbstractProblemLoader Replaying proof ExampleSubject[ExampleSubject::value()].JML accessible clause.0 
90442      DEBUG main            d.u.i.k.p.i.IntermediateProofReplayer Proof replay took 8.46ms 
90443      DEBUG main            d.u.i.k.p.r.p.TestFile    ... success: reloaded. 
90444      INFO  main            d.u.i.k.p.r.p.TestFile    Now processing file /home/runner/work/key/key/key.core/../key.ui/examples/heap/observer/ExampleSubject_value.key 
90444      INFO  main            d.u.i.k.p.i.AbstractProblemLoader Loading environment from /home/runner/work/key/key/key.core/../key.ui/examples/heap/observer/ExampleSubject_value.key 
90444      DEBUG main            d.u.i.k.p.i.AbstractProblemLoader Environment load took 99.9ns 
90445      INFO  main            d.u.i.k.p.i.AbstractProblemLoader Creating init config 
93032      DEBUG main            d.u.i.k.p.i.AbstractProblemLoader Init config took 2.59s 
93073      INFO  main            d.u.i.k.p.i.AbstractProblemLoader Replaying proof ExampleSubject[ExampleSubject::value()].JML normal_behavior operation contract.0 
93074      DEBUG main            d.u.i.k.p.i.IntermediateProofReplayer Proof replay took 5.8ns 
93176      INFO  main            d.u.i.k.p.r.p.TestFile    ... finished proof: closed. 
93376      INFO  main            d.u.i.k.p.i.AbstractProblemLoader Loading environment from /home/runner/work/key/key/key.core/../key.ui/examples/heap/observer/ExampleSubject_value.key.proof 
93376      DEBUG main            d.u.i.k.p.i.AbstractProblemLoader Environment load took 101.9ns 
93377      INFO  main            d.u.i.k.p.i.AbstractProblemLoader Creating init config 
95945      DEBUG main            d.u.i.k.p.i.AbstractProblemLoader Init config took 2.57s 
95986      INFO  main            d.u.i.k.p.i.AbstractProblemLoader Replaying proof ExampleSubject[ExampleSubject::value()].JML normal_behavior operation contract.0 
95996      DEBUG main            d.u.i.k.p.i.IntermediateProofReplayer Proof replay took 7.67ms 
95996      DEBUG main            d.u.i.k.p.r.p.TestFile    ... success: reloaded. 
1383602    INFO  Test worker     d.u.i.k.p.r.RunAllProofsTestUnit Returning from test observer 
1383603    INFO  Test worker     d.u.i.k.p.r.RunAllProofsTestUnit Running test removeDups 
396        INFO  Timeout watchdog d.u.i.k.p.r.p.ForkedTestFileRunner Timeout watcher launched (2000 secs.) 
403        WARN  main            d.u.i.k.s.ProofSettings   The settings in /home/runner/.key/proof-settings.props are *not* read. 
433        INFO  main            d.u.i.k.p.r.p.TestFile    Now processing file /home/runner/work/key/key/key.core/../key.ui/examples/heap/removeDups/arrayPart.key 
537        INFO  main            d.u.i.k.p.i.AbstractProblemLoader Loading environment from /home/runner/work/key/key/key.core/../key.ui/examples/heap/removeDups/arrayPart.key 
563        DEBUG main            d.u.i.k.p.i.AbstractProblemLoader Environment load took 4.11ms 
792        INFO  main            d.u.i.k.p.i.AbstractProblemLoader Creating init config 
1734       DEBUG main            d.u.i.k.j.TypeConverter   No LDT found for Meta 
1735       DEBUG main            d.u.i.k.j.TypeConverter   No LDT found for Meta 
1737       DEBUG main            d.u.i.k.j.TypeConverter   No LDT found for Meta 
1737       DEBUG main            d.u.i.k.j.TypeConverter   No LDT found for Meta 
3076       DEBUG main            d.u.i.k.j.TypeConverter   No LDT found for JavaBigintExpression 
7646       DEBUG main            d.u.i.k.p.i.AbstractProblemLoader Init config took 6.85s 
7799       INFO  main            d.u.i.k.p.i.AbstractProblemLoader Replaying proof RemoveDup[RemoveDup::arrayPart([I,int)].JML normal_behavior operation contract.0 
7832       DEBUG main            d.u.i.k.p.i.IntermediateProofReplayer Proof replay took 32.8ns 
10365      INFO  main            d.u.i.k.p.r.p.TestFile    ... finished proof: closed. 
10510      INFO  main            d.u.i.k.p.i.AbstractProblemLoader Loading environment from /home/runner/work/key/key/key.core/../key.ui/examples/heap/removeDups/arrayPart.key.proof 
10511      DEBUG main            d.u.i.k.p.i.AbstractProblemLoader Environment load took 685.79ns 
10513      INFO  main            d.u.i.k.p.i.AbstractProblemLoader Creating init config 
13175      DEBUG main            d.u.i.k.p.i.AbstractProblemLoader Init config took 2.66s 
13251      INFO  main            d.u.i.k.p.i.AbstractProblemLoader Replaying proof RemoveDup[RemoveDup::arrayPart([I,int)].JML normal_behavior operation contract.0 
13482      DEBUG main            d.u.i.k.p.i.IntermediateProofReplayer Proof replay took 215.6ms 
13489      DEBUG main            d.u.i.k.p.r.p.TestFile    ... success: reloaded. 
13490      INFO  main            d.u.i.k.p.r.p.TestFile    Now processing file /home/runner/work/key/key/key.core/../key.ui/examples/heap/removeDups/contains.key 
13490      INFO  main            d.u.i.k.p.i.AbstractProblemLoader Loading environment from /home/runner/work/key/key/key.core/../key.ui/examples/heap/removeDups/contains.key 
13490      DEBUG main            d.u.i.k.p.i.AbstractProblemLoader Environment load took 212.4ns 
13492      INFO  main            d.u.i.k.p.i.AbstractProblemLoader Creating init config 
16008      DEBUG main            d.u.i.k.p.i.AbstractProblemLoader Init config took 2.52s 
16061      INFO  main            d.u.i.k.p.i.AbstractProblemLoader Replaying proof RemoveDup[RemoveDup::contains([I,int,int)].JML normal_behavior operation contract.0 
16062      DEBUG main            d.u.i.k.p.i.IntermediateProofReplayer Proof replay took 5.4ns 
16566      INFO  main            d.u.i.k.p.r.p.TestFile    ... finished proof: closed. 
16702      INFO  main            d.u.i.k.p.i.AbstractProblemLoader Loading environment from /home/runner/work/key/key/key.core/../key.ui/examples/heap/removeDups/contains.key.proof 
16704      DEBUG main            d.u.i.k.p.i.AbstractProblemLoader Environment load took 1.64ms 
16707      INFO  main            d.u.i.k.p.i.AbstractProblemLoader Creating init config 
19182      DEBUG main            d.u.i.k.p.i.AbstractProblemLoader Init config took 2.48s 
19227      INFO  main            d.u.i.k.p.i.AbstractProblemLoader Replaying proof RemoveDup[RemoveDup::contains([I,int,int)].JML normal_behavior operation contract.0 
19308      DEBUG main            d.u.i.k.p.i.IntermediateProofReplayer Proof replay took 76.72ms 
19309      DEBUG main            d.u.i.k.p.r.p.TestFile    ... success: reloaded. 
19310      INFO  main            d.u.i.k.p.r.p.TestFile    Now processing file /home/runner/work/key/key/key.core/../key.ui/examples/heap/removeDups/removeDup.key 
19311      INFO  main            d.u.i.k.p.i.AbstractProblemLoader Loading environment from /home/runner/work/key/key/key.core/../key.ui/examples/heap/removeDups/removeDup.key 
19311      DEBUG main            d.u.i.k.p.i.AbstractProblemLoader Environment load took 205.9ns 
19312      INFO  main            d.u.i.k.p.i.AbstractProblemLoader Creating init config 
21830      DEBUG main            d.u.i.k.p.i.AbstractProblemLoader Init config took 2.52s 
21872      INFO  main            d.u.i.k.p.i.AbstractProblemLoader Replaying proof RemoveDup[RemoveDup::removeDup([I)].JML normal_behavior operation contract.0 
21874      DEBUG main            d.u.i.k.p.i.IntermediateProofReplayer Proof replay took 5.7ns 
40827      INFO  main            d.u.i.k.p.r.p.TestFile    ... finished proof: closed. 
41054      INFO  main            d.u.i.k.p.i.AbstractProblemLoader Loading environment from /home/runner/work/key/key/key.core/../key.ui/examples/heap/removeDups/removeDup.key.proof 
41055      DEBUG main            d.u.i.k.p.i.AbstractProblemLoader Environment load took 409.8ns 
41058      INFO  main            d.u.i.k.p.i.AbstractProblemLoader Creating init config 
43478      DEBUG main            d.u.i.k.p.i.AbstractProblemLoader Init config took 2.42s 
43521      INFO  main            d.u.i.k.p.i.AbstractProblemLoader Replaying proof RemoveDup[RemoveDup::removeDup([I)].JML normal_behavior operation contract.0 
44628      DEBUG main            d.u.i.k.p.i.IntermediateProofReplayer Proof replay took 1.05s 
44630      DEBUG main            d.u.i.k.p.r.p.TestFile    ... success: reloaded. 
44632      INFO  main            d.u.i.k.p.r.p.TestFile    Now processing file /home/runner/work/key/key/key.core/../key.ui/examples/heap/saddleback_search/Saddleback_search.key 
44632      INFO  main            d.u.i.k.p.i.AbstractProblemLoader Loading environment from /home/runner/work/key/key/key.core/../key.ui/examples/heap/saddleback_search/Saddleback_search.key 
44633      DEBUG main            d.u.i.k.p.i.AbstractProblemLoader Environment load took 222.3ns 
44634      INFO  main            d.u.i.k.p.i.AbstractProblemLoader Creating init config 
47180      DEBUG main            d.u.i.k.p.i.AbstractProblemLoader Init config took 2.55s 
47219      INFO  main            d.u.i.k.p.i.AbstractProblemLoader Replaying proof Saddleback[Saddleback::search([[I,int)].JML normal_behavior operation contract.0 
47227      DEBUG main            d.u.i.k.p.i.IntermediateProofReplayer Proof replay took 5.3ns 
119182     INFO  main            d.u.i.k.p.r.p.TestFile    ... finished proof: closed. 
119563     INFO  main            d.u.i.k.p.i.AbstractProblemLoader Loading environment from /home/runner/work/key/key/key.core/../key.ui/examples/heap/saddleback_search/Saddleback_search.key.proof 
119563     DEBUG main            d.u.i.k.p.i.AbstractProblemLoader Environment load took 203.3ns 
119573     INFO  main            d.u.i.k.p.i.AbstractProblemLoader Creating init config 
121920     DEBUG main            d.u.i.k.p.i.AbstractProblemLoader Init config took 2.35s 
121974     INFO  main            d.u.i.k.p.i.AbstractProblemLoader Replaying proof Saddleback[Saddleback::search([[I,int)].JML normal_behavior operation contract.0 
123502     DEBUG main            d.u.i.k.p.i.IntermediateProofReplayer Proof replay took 1.36s 
123511     DEBUG main            d.u.i.k.p.r.p.TestFile    ... success: reloaded. 
1507280    INFO  Test worker     d.u.i.k.p.r.RunAllProofsTestUnit Returning from test removeDups 
1507281    INFO  Test worker     d.u.i.k.p.r.RunAllProofsTestUnit Running test quicksort 
329        INFO  Timeout watchdog d.u.i.k.p.r.p.ForkedTestFileRunner Timeout watcher launched (2000 secs.) 
335        WARN  main            d.u.i.k.s.ProofSettings   The settings in /home/runner/.key/proof-settings.props are *not* read. 
371        INFO  main            d.u.i.k.p.r.p.TestFile    Now processing file /home/runner/work/key/key/key.core/../key.ui/examples/heap/quicksort/toplevel.key 
498        INFO  main            d.u.i.k.p.i.AbstractProblemLoader Loading environment from /home/runner/work/key/key/key.core/../key.ui/examples/heap/quicksort/toplevel.key 
514        DEBUG main            d.u.i.k.p.i.AbstractProblemLoader Environment load took 2.31ms 
729        INFO  main            d.u.i.k.p.i.AbstractProblemLoader Creating init config 
1610       DEBUG main            d.u.i.k.j.TypeConverter   No LDT found for Meta 
1612       DEBUG main            d.u.i.k.j.TypeConverter   No LDT found for Meta 
1615       DEBUG main            d.u.i.k.j.TypeConverter   No LDT found for Meta 
1616       DEBUG main            d.u.i.k.j.TypeConverter   No LDT found for Meta 
2927       DEBUG main            d.u.i.k.j.TypeConverter   No LDT found for JavaBigintExpression 
7938       DEBUG main            d.u.i.k.p.i.AbstractProblemLoader Init config took 7.21s 
8070       INFO  main            d.u.i.k.p.i.AbstractProblemLoader Replaying proof Quicksort[Quicksort::sort([I)].JML normal_behavior operation contract.0 
8101       DEBUG main            d.u.i.k.p.i.IntermediateProofReplayer Proof replay took 32.3ns 
9334       INFO  main            d.u.i.k.p.r.p.TestFile    ... finished proof: closed. 
9459       INFO  main            d.u.i.k.p.i.AbstractProblemLoader Loading environment from /home/runner/work/key/key/key.core/../key.ui/examples/heap/quicksort/toplevel.key.proof 
9459       DEBUG main            d.u.i.k.p.i.AbstractProblemLoader Environment load took 433.5ns 
9462       INFO  main            d.u.i.k.p.i.AbstractProblemLoader Creating init config 
12190      DEBUG main            d.u.i.k.p.i.AbstractProblemLoader Init config took 2.73s 
12250      INFO  main            d.u.i.k.p.i.AbstractProblemLoader Replaying proof Quicksort[Quicksort::sort([I)].JML normal_behavior operation contract.0 
12434      DEBUG main            d.u.i.k.p.i.IntermediateProofReplayer Proof replay took 176.09ms 
12441      DEBUG main            d.u.i.k.p.r.p.TestFile    ... success: reloaded. 
12446      INFO  main            d.u.i.k.p.r.p.TestFile    Now processing file /home/runner/work/key/key/key.core/../key.ui/examples/heap/quicksort/sort.key 
12446      INFO  main            d.u.i.k.p.i.AbstractProblemLoader Loading environment from /home/runner/work/key/key/key.core/../key.ui/examples/heap/quicksort/sort.key 
12447      DEBUG main            d.u.i.k.p.i.AbstractProblemLoader Environment load took 229.5ns 
12450      INFO  main            d.u.i.k.p.i.AbstractProblemLoader Creating init config 
15132      DEBUG main            d.u.i.k.p.i.AbstractProblemLoader Init config took 2.68s 
15190      INFO  main            d.u.i.k.p.i.AbstractProblemLoader Replaying proof Quicksort[Quicksort::sort([I,int,int)].JML normal_behavior operation contract.0 
15194      DEBUG main            d.u.i.k.p.i.IntermediateProofReplayer Proof replay took 5.1ns 
15220      DEBUG main            d.u.i.k.m.s.ProofScriptEngine [1] goal: 0, source line: 7, command: 'script 'sort.script'' 
15221      INFO  main            d.u.i.k.m.s.ProofScriptCommand Included script /home/runner/work/key/key/key.core/../key.ui/examples/heap/quicksort/sort.script 
15223      DEBUG main            d.u.i.k.m.s.ProofScriptEngine [1] goal: 0, source line: 1, command: 'macro autopilot-prep' 
16242      DEBUG main            d.u.i.k.m.s.ProofScriptEngine [2] goal: 358, source line: 3, command: 'select formula="{heapAtPre:=heap || exc:=null || heap:=heapAfter_sort_0}
   seq ...' 
16244      DEBUG main            d.u.i.k.m.s.ProofScriptEngine [3] goal: 358, source line: 9, command: 'macro simp-upd' 
16252      DEBUG main            d.u.i.k.m.s.ProofScriptEngine [4] goal: 369, source line: 11, command: 'let   @seqPre="seqDef{int u;}(0, array.length, array[u])"
    @seqSplit="seqDef ...' 
16255      DEBUG main            d.u.i.k.m.s.ProofScriptEngine [5] goal: 369, source line: 16, command: 'rule seqPermSym 
  formula="seqPerm(@seqSplit, @seqPre)"' 
16268      DEBUG main            d.u.i.k.m.s.ProofScriptEngine [6] goal: 370, source line: 19, command: 'rule seqPermSym
  formula="seqPerm(@seqSort, @seqSplit)"' 
16270      DEBUG main            d.u.i.k.m.s.ProofScriptEngine [7] goal: 371, source line: 22, command: 'rule seqPermSym
  formula="seqPerm(@seqSort0, @seqSort)"' 
16271      DEBUG main            d.u.i.k.m.s.ProofScriptEngine [8] goal: 372, source line: 25, command: 'rule seqPermTrans
  formula="seqPerm(@seqPre, @seqSplit)"' 
16273      DEBUG main            d.u.i.k.m.s.ProofScriptEngine [9] goal: 373, source line: 28, command: 'rule seqPermTrans
  formula="seqPerm(@seqPre, @seqSort)"' 
16273      DEBUG main            d.u.i.k.m.s.ProofScriptEngine [10] goal: 374, source line: 31, command: 'rule seqPermSym
  formula="seqPerm(@seqPre, @seqSort0)"' 
16281      DEBUG main            d.u.i.k.m.s.ProofScriptEngine [11] goal: 375, source line: 34, command: 'tryclose' 
40178      INFO  main            d.u.i.k.p.r.p.TestFile    ... finished proof: closed. 
40432      INFO  main            d.u.i.k.p.i.AbstractProblemLoader Loading environment from /home/runner/work/key/key/key.core/../key.ui/examples/heap/quicksort/sort.key.proof 
40432      DEBUG main            d.u.i.k.p.i.AbstractProblemLoader Environment load took 224.7ns 
40442      INFO  main            d.u.i.k.p.i.AbstractProblemLoader Creating init config 
43011      DEBUG main            d.u.i.k.p.i.AbstractProblemLoader Init config took 2.57s 
43059      INFO  main            d.u.i.k.p.i.AbstractProblemLoader Replaying proof Quicksort[Quicksort::sort([I,int,int)].JML normal_behavior operation contract.0 
44436      DEBUG main            d.u.i.k.p.i.IntermediateProofReplayer Proof replay took 1.24s 
44441      DEBUG main            d.u.i.k.p.r.p.TestFile    ... success: reloaded. 
44443      INFO  main            d.u.i.k.p.r.p.TestFile    Now processing file /home/runner/work/key/key/key.core/../key.ui/examples/heap/quicksort/split.key 
44452      INFO  main            d.u.i.k.p.i.AbstractProblemLoader Loading environment from /home/runner/work/key/key/key.core/../key.ui/examples/heap/quicksort/split.key 
44452      DEBUG main            d.u.i.k.p.i.AbstractProblemLoader Environment load took 256.4ns 
44453      INFO  main            d.u.i.k.p.i.AbstractProblemLoader Creating init config 
47142      DEBUG main            d.u.i.k.p.i.AbstractProblemLoader Init config took 2.69s 
47188      INFO  main            d.u.i.k.p.i.AbstractProblemLoader Replaying proof Quicksort[Quicksort::split([I,int,int)].JML normal_behavior operation contract.0 
47191      DEBUG main            d.u.i.k.p.i.IntermediateProofReplayer Proof replay took 5.2ns 
47192      DEBUG main            d.u.i.k.m.s.ProofScriptEngine [1] goal: 0, source line: 15, command: 'macro autopilot-prep' 
48456      DEBUG main            d.u.i.k.m.s.ProofScriptEngine [2] goal: 520, source line: 17, command: 'tryclose' 
83365      DEBUG main            d.u.i.k.m.s.ProofScriptEngine [3] goal: 495, source line: 20, command: 'macro simp-upd' 
83469      DEBUG main            d.u.i.k.m.s.ProofScriptEngine [4] goal: 495, source line: 25, command: 'rule seqPermFromSwap' 
83482      DEBUG main            d.u.i.k.m.s.ProofScriptEngine [5] goal: 40829, source line: 26, command: 'rule andRight' 
83493      DEBUG main            d.u.i.k.m.s.ProofScriptEngine [6] goal: 40830, source line: 27, command: 'auto' 
83522      DEBUG main            d.u.i.k.m.s.ProofScriptEngine [7] goal: 40831, source line: 29, command: 'instantiate hide var=iv with=i_0' 
83524      DEBUG main            d.u.i.k.m.s.ProofScriptEngine [8] goal: 40836, source line: 31, command: 'instantiate hide var=jv with=j_0' 
83526      DEBUG main            d.u.i.k.m.s.ProofScriptEngine [9] goal: 40837, source line: 32, command: 'auto' 
89398      DEBUG main            d.u.i.k.m.s.ProofScriptEngine [10] goal: 190, source line: 34, command: 'macro simp-upd' 
89471      DEBUG main            d.u.i.k.m.s.ProofScriptEngine [11] goal: 46168, source line: 36, command: 'rule seqPermFromSwap' 
89473      DEBUG main            d.u.i.k.m.s.ProofScriptEngine [12] goal: 46169, source line: 37, command: 'rule andRight' 
89476      DEBUG main            d.u.i.k.m.s.ProofScriptEngine [13] goal: 46170, source line: 38, command: 'auto' 
89491      DEBUG main            d.u.i.k.m.s.ProofScriptEngine [14] goal: 46171, source line: 40, command: 'instantiate hide var=iv with=i_0' 
89492      DEBUG main            d.u.i.k.m.s.ProofScriptEngine [15] goal: 46176, source line: 42, command: 'instantiate hide var=jv with=to' 
89495      DEBUG main            d.u.i.k.m.s.ProofScriptEngine [16] goal: 46177, source line: 43, command: 'auto' 
94103      INFO  main            d.u.i.k.p.r.p.TestFile    ... finished proof: closed. 
94602      INFO  main            d.u.i.k.p.i.AbstractProblemLoader Loading environment from /home/runner/work/key/key/key.core/../key.ui/examples/heap/quicksort/split.key.proof 
94602      DEBUG main            d.u.i.k.p.i.AbstractProblemLoader Environment load took 186.6ns 
94612      INFO  main            d.u.i.k.p.i.AbstractProblemLoader Creating init config 
97064      DEBUG main            d.u.i.k.p.i.AbstractProblemLoader Init config took 2.45s 
97109      INFO  main            d.u.i.k.p.i.AbstractProblemLoader Replaying proof Quicksort[Quicksort::split([I,int,int)].JML normal_behavior operation contract.0 
99469      DEBUG main            d.u.i.k.p.i.IntermediateProofReplayer Proof replay took 2.12s 
99549      DEBUG main            d.u.i.k.p.r.p.TestFile    ... success: reloaded. 
1607763    INFO  Test worker     d.u.i.k.p.r.RunAllProofsTestUnit Returning from test quicksort 
1607765    INFO  Test worker     d.u.i.k.p.r.RunAllProofsTestUnit Running test simpleTests 
400        INFO  Timeout watchdog d.u.i.k.p.r.p.ForkedTestFileRunner Timeout watcher launched (2000 secs.) 
406        WARN  main            d.u.i.k.s.ProofSettings   The settings in /home/runner/.key/proof-settings.props are *not* read. 
447        INFO  main            d.u.i.k.p.r.p.TestFile    Now processing file /home/runner/work/key/key/key.core/../key.ui/examples/heap/simple/anonymise_datagroup.key 
610        INFO  main            d.u.i.k.p.i.AbstractProblemLoader Loading environment from /home/runner/work/key/key/key.core/../key.ui/examples/heap/simple/anonymise_datagroup.key 
627        DEBUG main            d.u.i.k.p.i.AbstractProblemLoader Environment load took 1.92ms 
873        INFO  main            d.u.i.k.p.i.AbstractProblemLoader Creating init config 
1706       DEBUG main            d.u.i.k.j.TypeConverter   No LDT found for Meta 
1706       DEBUG main            d.u.i.k.j.TypeConverter   No LDT found for Meta 
1714       DEBUG main            d.u.i.k.j.TypeConverter   No LDT found for Meta 
1714       DEBUG main            d.u.i.k.j.TypeConverter   No LDT found for Meta 
3226       DEBUG main            d.u.i.k.j.TypeConverter   No LDT found for JavaBigintExpression 
7586       DEBUG main            d.u.i.k.p.i.AbstractProblemLoader Init config took 6.71s 
7641       INFO  main            d.u.i.k.p.i.AbstractProblemLoader Replaying proof anonymise_datagroup.key 
7671       DEBUG main            d.u.i.k.p.i.IntermediateProofReplayer Proof replay took 36.6ns 
7841       INFO  main            d.u.i.k.p.r.p.TestFile    ... finished proof: closed. 
7940       INFO  main            d.u.i.k.p.i.AbstractProblemLoader Loading environment from /home/runner/work/key/key/key.core/../key.ui/examples/heap/simple/anonymise_datagroup.key.proof 
7941       DEBUG main            d.u.i.k.p.i.AbstractProblemLoader Environment load took 891.49ns 
7948       INFO  main            d.u.i.k.p.i.AbstractProblemLoader Creating init config 
10487      DEBUG main            d.u.i.k.p.i.AbstractProblemLoader Init config took 2.54s 
10528      INFO  main            d.u.i.k.p.i.AbstractProblemLoader Replaying proof anonymise_datagroup.key.proof 
10557      DEBUG main            d.u.i.k.p.i.IntermediateProofReplayer Proof replay took 22.35ms 
10569      DEBUG main            d.u.i.k.p.r.p.TestFile    ... success: reloaded. 
10571      INFO  main            d.u.i.k.p.r.p.TestFile    Now processing file /home/runner/work/key/key/key.core/../key.ui/examples/heap/simple/array_creation.key 
10571      INFO  main            d.u.i.k.p.i.AbstractProblemLoader Loading environment from /home/runner/work/key/key/key.core/../key.ui/examples/heap/simple/array_creation.key 
10571      DEBUG main            d.u.i.k.p.i.AbstractProblemLoader Environment load took 224.4ns 
10577      INFO  main            d.u.i.k.p.i.AbstractProblemLoader Creating init config 
12999      DEBUG main            d.u.i.k.p.i.AbstractProblemLoader Init config took 2.42s 
13031      INFO  main            d.u.i.k.p.i.AbstractProblemLoader Replaying proof array_creation.key 
13035      DEBUG main            d.u.i.k.p.i.IntermediateProofReplayer Proof replay took 5.5ns 
13646      INFO  main            d.u.i.k.p.r.p.TestFile    ... finished proof: closed. 
13784      INFO  main            d.u.i.k.p.i.AbstractProblemLoader Loading environment from /home/runner/work/key/key/key.core/../key.ui/examples/heap/simple/array_creation.key.proof 
13787      DEBUG main            d.u.i.k.p.i.AbstractProblemLoader Environment load took 3.89ms 
13790      INFO  main            d.u.i.k.p.i.AbstractProblemLoader Creating init config 
16132      DEBUG main            d.u.i.k.p.i.AbstractProblemLoader Init config took 2.34s 
16158      INFO  main            d.u.i.k.p.i.AbstractProblemLoader Replaying proof array_creation.key.proof 
16248      DEBUG main            d.u.i.k.p.i.IntermediateProofReplayer Proof replay took 85.16ms 
16249      DEBUG main            d.u.i.k.p.r.p.TestFile    ... success: reloaded. 
16251      INFO  main            d.u.i.k.p.r.p.TestFile    Now processing file /home/runner/work/key/key/key.core/../key.ui/examples/heap/simple/arrays_with_disjoint_sorts.key 
16251      INFO  main            d.u.i.k.p.i.AbstractProblemLoader Loading environment from /home/runner/work/key/key/key.core/../key.ui/examples/heap/simple/arrays_with_disjoint_sorts.key 
16251      DEBUG main            d.u.i.k.p.i.AbstractProblemLoader Environment load took 197.4ns 
16253      INFO  main            d.u.i.k.p.i.AbstractProblemLoader Creating init config 
18655      DEBUG main            d.u.i.k.p.i.AbstractProblemLoader Init config took 2.4s 
18678      INFO  main            d.u.i.k.p.i.AbstractProblemLoader Replaying proof arrays_with_disjoint_sorts.key 
18680      DEBUG main            d.u.i.k.p.i.IntermediateProofReplayer Proof replay took 5.9ns 
18884      INFO  main            d.u.i.k.p.r.p.TestFile    ... finished proof: closed. 
19017      INFO  main            d.u.i.k.p.i.AbstractProblemLoader Loading environment from /home/runner/work/key/key/key.core/../key.ui/examples/heap/simple/arrays_with_disjoint_sorts.key.proof 
19022      DEBUG main            d.u.i.k.p.i.AbstractProblemLoader Environment load took 5.46ms 
19024      INFO  main            d.u.i.k.p.i.AbstractProblemLoader Creating init config 
21335      DEBUG main            d.u.i.k.p.i.AbstractProblemLoader Init config took 2.31s 
21356      INFO  main            d.u.i.k.p.i.AbstractProblemLoader Replaying proof arrays_with_disjoint_sorts.key.proof 
21376      DEBUG main            d.u.i.k.p.i.IntermediateProofReplayer Proof replay took 16.47ms 
21377      DEBUG main            d.u.i.k.p.r.p.TestFile    ... success: reloaded. 
21378      INFO  main            d.u.i.k.p.r.p.TestFile    Now processing file /home/runner/work/key/key/key.core/../key.ui/examples/heap/simple/arrays.key 
21378      INFO  main            d.u.i.k.p.i.AbstractProblemLoader Loading environment from /home/runner/work/key/key/key.core/../key.ui/examples/heap/simple/arrays.key 
21379      DEBUG main            d.u.i.k.p.i.AbstractProblemLoader Environment load took 186.9ns 
21380      INFO  main            d.u.i.k.p.i.AbstractProblemLoader Creating init config 
23667      DEBUG main            d.u.i.k.p.i.AbstractProblemLoader Init config took 2.29s 
23687      INFO  main            d.u.i.k.p.i.AbstractProblemLoader Replaying proof arrays.key 
23690      DEBUG main            d.u.i.k.p.i.IntermediateProofReplayer Proof replay took 13.2ns 
23792      INFO  main            d.u.i.k.p.r.p.TestFile    ... finished proof: closed. 
23940      INFO  main            d.u.i.k.p.i.AbstractProblemLoader Loading environment from /home/runner/work/key/key/key.core/../key.ui/examples/heap/simple/arrays.key.proof 
23941      DEBUG main            d.u.i.k.p.i.AbstractProblemLoader Environment load took 111.2ns 
23942      INFO  main            d.u.i.k.p.i.AbstractProblemLoader Creating init config 
26196      DEBUG main            d.u.i.k.p.i.AbstractProblemLoader Init config took 2.25s 
26222      INFO  main            d.u.i.k.p.i.AbstractProblemLoader Replaying proof arrays.key.proof 
26255      DEBUG main            d.u.i.k.p.i.IntermediateProofReplayer Proof replay took 26.35ms 
26257      DEBUG main            d.u.i.k.p.r.p.TestFile    ... success: reloaded. 
26259      INFO  main            d.u.i.k.p.r.p.TestFile    Now processing file /home/runner/work/key/key/key.core/../key.ui/examples/heap/simple/attributes.key 
26259      INFO  main            d.u.i.k.p.i.AbstractProblemLoader Loading environment from /home/runner/work/key/key/key.core/../key.ui/examples/heap/simple/attributes.key 
26259      DEBUG main            d.u.i.k.p.i.AbstractProblemLoader Environment load took 191.2ns 
26260      INFO  main            d.u.i.k.p.i.AbstractProblemLoader Creating init config 
28577      DEBUG main            d.u.i.k.p.i.AbstractProblemLoader Init config took 2.32s 
28598      INFO  main            d.u.i.k.p.i.AbstractProblemLoader Replaying proof attributes.key 
28599      DEBUG main            d.u.i.k.p.i.IntermediateProofReplayer Proof replay took 5ns 
28701      INFO  main            d.u.i.k.p.r.p.TestFile    ... finished proof: closed. 
28836      INFO  main            d.u.i.k.p.i.AbstractProblemLoader Loading environment from /home/runner/work/key/key/key.core/../key.ui/examples/heap/simple/attributes.key.proof 
28836      DEBUG main            d.u.i.k.p.i.AbstractProblemLoader Environment load took 115.8ns 
28837      INFO  main            d.u.i.k.p.i.AbstractProblemLoader Creating init config 
31070      DEBUG main            d.u.i.k.p.i.AbstractProblemLoader Init config took 2.23s 
31107      INFO  main            d.u.i.k.p.i.AbstractProblemLoader Replaying proof attributes.key.proof 
31110      DEBUG main            d.u.i.k.p.i.IntermediateProofReplayer Proof replay took 1.48ms 
31111      DEBUG main            d.u.i.k.p.r.p.TestFile    ... success: reloaded. 
31112      INFO  main            d.u.i.k.p.r.p.TestFile    Now processing file /home/runner/work/key/key/key.core/../key.ui/examples/heap/simple/constructor_contracts.key 
31112      INFO  main            d.u.i.k.p.i.AbstractProblemLoader Loading environment from /home/runner/work/key/key/key.core/../key.ui/examples/heap/simple/constructor_contracts.key 
31112      DEBUG main            d.u.i.k.p.i.AbstractProblemLoader Environment load took 197ns 
31115      INFO  main            d.u.i.k.p.i.AbstractProblemLoader Creating init config 
33720      DEBUG main            d.u.i.k.p.i.AbstractProblemLoader Init config took 2.61s 
33741      INFO  main            d.u.i.k.p.i.AbstractProblemLoader Replaying proof constructor_contracts.key 
33743      DEBUG main            d.u.i.k.p.i.IntermediateProofReplayer Proof replay took 6ns 
34250      INFO  main            d.u.i.k.p.r.p.TestFile    ... finished proof: closed. 
34434      INFO  main            d.u.i.k.p.i.AbstractProblemLoader Loading environment from /home/runner/work/key/key/key.core/../key.ui/examples/heap/simple/constructor_contracts.key.proof 
34435      DEBUG main            d.u.i.k.p.i.AbstractProblemLoader Environment load took 417.7ns 
34437      INFO  main            d.u.i.k.p.i.AbstractProblemLoader Creating init config 
36978      DEBUG main            d.u.i.k.p.i.AbstractProblemLoader Init config took 2.54s 
36999      INFO  main            d.u.i.k.p.i.AbstractProblemLoader Replaying proof constructor_contracts.key.proof 
37084      DEBUG main            d.u.i.k.p.i.IntermediateProofReplayer Proof replay took 80.99ms 
37086      DEBUG main            d.u.i.k.p.r.p.TestFile    ... success: reloaded. 
37088      INFO  main            d.u.i.k.p.r.p.TestFile    Now processing file /home/runner/work/key/key/key.core/../key.ui/examples/heap/simple/dependencies.key 
37088      INFO  main            d.u.i.k.p.i.AbstractProblemLoader Loading environment from /home/runner/work/key/key/key.core/../key.ui/examples/heap/simple/dependencies.key 
37088      DEBUG main            d.u.i.k.p.i.AbstractProblemLoader Environment load took 190.4ns 
37090      INFO  main            d.u.i.k.p.i.AbstractProblemLoader Creating init config 
39398      DEBUG main            d.u.i.k.p.i.AbstractProblemLoader Init config took 2.31s 
39416      INFO  main            d.u.i.k.p.i.AbstractProblemLoader Replaying proof dependencies.key 
39417      DEBUG main            d.u.i.k.p.i.IntermediateProofReplayer Proof replay took 6.5ns 
39519      INFO  main            d.u.i.k.p.r.p.TestFile    ... finished proof: closed. 
39692      INFO  main            d.u.i.k.p.i.AbstractProblemLoader Loading environment from /home/runner/work/key/key/key.core/../key.ui/examples/heap/simple/dependencies.key.proof 
39692      DEBUG main            d.u.i.k.p.i.AbstractProblemLoader Environment load took 112.7ns 
39694      INFO  main            d.u.i.k.p.i.AbstractProblemLoader Creating init config 
41898      DEBUG main            d.u.i.k.p.i.AbstractProblemLoader Init config took 2.2s 
41917      INFO  main            d.u.i.k.p.i.AbstractProblemLoader Replaying proof dependencies.key.proof 
41924      DEBUG main            d.u.i.k.p.i.IntermediateProofReplayer Proof replay took 4.95ms 
41925      DEBUG main            d.u.i.k.p.r.p.TestFile    ... success: reloaded. 
41926      INFO  main            d.u.i.k.p.r.p.TestFile    Now processing file /home/runner/work/key/key/key.core/../key.ui/examples/heap/simple/dependency_contracts.key 
41926      INFO  main            d.u.i.k.p.i.AbstractProblemLoader Loading environment from /home/runner/work/key/key/key.core/../key.ui/examples/heap/simple/dependency_contracts.key 
41927      DEBUG main            d.u.i.k.p.i.AbstractProblemLoader Environment load took 227.2ns 
41928      INFO  main            d.u.i.k.p.i.AbstractProblemLoader Creating init config 
44411      DEBUG main            d.u.i.k.p.i.AbstractProblemLoader Init config took 2.48s 
44431      INFO  main            d.u.i.k.p.i.AbstractProblemLoader Replaying proof dependency_contracts.key 
44433      DEBUG main            d.u.i.k.p.i.IntermediateProofReplayer Proof replay took 5.4ns 
45549      INFO  main            d.u.i.k.p.r.p.TestFile    ... finished proof: closed. 
45720      INFO  main            d.u.i.k.p.i.AbstractProblemLoader Loading environment from /home/runner/work/key/key/key.core/../key.ui/examples/heap/simple/dependency_contracts.key.proof 
45721      DEBUG main            d.u.i.k.p.i.AbstractProblemLoader Environment load took 435.4ns 
45723      INFO  main            d.u.i.k.p.i.AbstractProblemLoader Creating init config 
48177      DEBUG main            d.u.i.k.p.i.AbstractProblemLoader Init config took 2.45s 
48200      INFO  main            d.u.i.k.p.i.AbstractProblemLoader Replaying proof dependency_contracts.key.proof 
48382      DEBUG main            d.u.i.k.p.i.IntermediateProofReplayer Proof replay took 172.21ms 
48384      DEBUG main            d.u.i.k.p.r.p.TestFile    ... success: reloaded. 
48385      INFO  main            d.u.i.k.p.r.p.TestFile    Now processing file /home/runner/work/key/key/key.core/../key.ui/examples/heap/simple/invariant_preservation.key 
48386      INFO  main            d.u.i.k.p.i.AbstractProblemLoader Loading environment from /home/runner/work/key/key/key.core/../key.ui/examples/heap/simple/invariant_preservation.key 
48386      DEBUG main            d.u.i.k.p.i.AbstractProblemLoader Environment load took 214ns 
48388      INFO  main            d.u.i.k.p.i.AbstractProblemLoader Creating init config 
50861      DEBUG main            d.u.i.k.p.i.AbstractProblemLoader Init config took 2.47s 
50879      INFO  main            d.u.i.k.p.i.AbstractProblemLoader Replaying proof invariant_preservation.key 
50880      DEBUG main            d.u.i.k.p.i.IntermediateProofReplayer Proof replay took 6.8ns 
50983      INFO  main            d.u.i.k.p.r.p.TestFile    ... finished proof: closed. 
51200      INFO  main            d.u.i.k.p.i.AbstractProblemLoader Loading environment from /home/runner/work/key/key/key.core/../key.ui/examples/heap/simple/invariant_preservation.key.proof 
51200      DEBUG main            d.u.i.k.p.i.AbstractProblemLoader Environment load took 114.3ns 
51202      INFO  main            d.u.i.k.p.i.AbstractProblemLoader Creating init config 
53601      DEBUG main            d.u.i.k.p.i.AbstractProblemLoader Init config took 2.4s 
53619      INFO  main            d.u.i.k.p.i.AbstractProblemLoader Replaying proof invariant_preservation.key.proof 
53642      DEBUG main            d.u.i.k.p.i.IntermediateProofReplayer Proof replay took 20.88ms 
53644      DEBUG main            d.u.i.k.p.r.p.TestFile    ... success: reloaded. 
53645      INFO  main            d.u.i.k.p.r.p.TestFile    Now processing file /home/runner/work/key/key/key.core/../key.ui/examples/heap/simple/locsets.key 
53646      INFO  main            d.u.i.k.p.i.AbstractProblemLoader Loading environment from /home/runner/work/key/key/key.core/../key.ui/examples/heap/simple/locsets.key 
53646      DEBUG main            d.u.i.k.p.i.AbstractProblemLoader Environment load took 213.2ns 
53647      INFO  main            d.u.i.k.p.i.AbstractProblemLoader Creating init config 
55885      DEBUG main            d.u.i.k.p.i.AbstractProblemLoader Init config took 2.24s 
55900      INFO  main            d.u.i.k.p.i.AbstractProblemLoader Replaying proof locsets.key 
55901      DEBUG main            d.u.i.k.p.i.IntermediateProofReplayer Proof replay took 6.3ns 
56011      INFO  main            d.u.i.k.p.r.p.TestFile    ... finished proof: closed. 
56177      INFO  main            d.u.i.k.p.i.AbstractProblemLoader Loading environment from /home/runner/work/key/key/key.core/../key.ui/examples/heap/simple/locsets.key.proof 
56177      DEBUG main            d.u.i.k.p.i.AbstractProblemLoader Environment load took 109.5ns 
56179      INFO  main            d.u.i.k.p.i.AbstractProblemLoader Creating init config 
58380      DEBUG main            d.u.i.k.p.i.AbstractProblemLoader Init config took 2.2s 
58397      INFO  main            d.u.i.k.p.i.AbstractProblemLoader Replaying proof locsets.key.proof 
58399      DEBUG main            d.u.i.k.p.i.IntermediateProofReplayer Proof replay took 1.13ms 
58400      DEBUG main            d.u.i.k.p.r.p.TestFile    ... success: reloaded. 
58401      INFO  main            d.u.i.k.p.r.p.TestFile    Now processing file /home/runner/work/key/key/key.core/../key.ui/examples/heap/simple/loop1.key 
58401      INFO  main            d.u.i.k.p.i.AbstractProblemLoader Loading environment from /home/runner/work/key/key/key.core/../key.ui/examples/heap/simple/loop1.key 
58401      DEBUG main            d.u.i.k.p.i.AbstractProblemLoader Environment load took 93.7ns 
58403      INFO  main            d.u.i.k.p.i.AbstractProblemLoader Creating init config 
60817      DEBUG main            d.u.i.k.p.i.AbstractProblemLoader Init config took 2.41s 
60835      INFO  main            d.u.i.k.p.i.AbstractProblemLoader Replaying proof loop1.key 
60837      DEBUG main            d.u.i.k.p.i.IntermediateProofReplayer Proof replay took 7ns 
61039      INFO  main            d.u.i.k.p.r.p.TestFile    ... finished proof: closed. 
61197      INFO  main            d.u.i.k.p.i.AbstractProblemLoader Loading environment from /home/runner/work/key/key/key.core/../key.ui/examples/heap/simple/loop1.key.proof 
61197      DEBUG main            d.u.i.k.p.i.AbstractProblemLoader Environment load took 114ns 
61199      INFO  main            d.u.i.k.p.i.AbstractProblemLoader Creating init config 
63592      DEBUG main            d.u.i.k.p.i.AbstractProblemLoader Init config took 2.39s 
63608      INFO  main            d.u.i.k.p.i.AbstractProblemLoader Replaying proof loop1.key.proof 
63658      DEBUG main            d.u.i.k.p.i.IntermediateProofReplayer Proof replay took 47.32ms 
63659      DEBUG main            d.u.i.k.p.r.p.TestFile    ... success: reloaded. 
63660      INFO  main            d.u.i.k.p.r.p.TestFile    Now processing file /home/runner/work/key/key/key.core/../key.ui/examples/heap/simple/loop2.key 
63660      INFO  main            d.u.i.k.p.i.AbstractProblemLoader Loading environment from /home/runner/work/key/key/key.core/../key.ui/examples/heap/simple/loop2.key 
63660      DEBUG main            d.u.i.k.p.i.AbstractProblemLoader Environment load took 93ns 
63661      INFO  main            d.u.i.k.p.i.AbstractProblemLoader Creating init config 
66113      DEBUG main            d.u.i.k.p.i.AbstractProblemLoader Init config took 2.45s 
66129      INFO  main            d.u.i.k.p.i.AbstractProblemLoader Replaying proof loop2.key 
66131      DEBUG main            d.u.i.k.p.i.IntermediateProofReplayer Proof replay took 6.7ns 
66736      INFO  main            d.u.i.k.p.r.p.TestFile    ... finished proof: closed. 
66945      INFO  main            d.u.i.k.p.i.AbstractProblemLoader Loading environment from /home/runner/work/key/key/key.core/../key.ui/examples/heap/simple/loop2.key.proof 
66945      DEBUG main            d.u.i.k.p.i.AbstractProblemLoader Environment load took 244.7ns 
66947      INFO  main            d.u.i.k.p.i.AbstractProblemLoader Creating init config 
69330      DEBUG main            d.u.i.k.p.i.AbstractProblemLoader Init config took 2.38s 
69346      INFO  main            d.u.i.k.p.i.AbstractProblemLoader Replaying proof loop2.key.proof 
69421      DEBUG main            d.u.i.k.p.i.IntermediateProofReplayer Proof replay took 71.18ms 
69423      DEBUG main            d.u.i.k.p.r.p.TestFile    ... success: reloaded. 
69424      INFO  main            d.u.i.k.p.r.p.TestFile    Now processing file /home/runner/work/key/key/key.core/../key.ui/examples/heap/simple/modifies_datagroup.key 
69424      INFO  main            d.u.i.k.p.i.AbstractProblemLoader Loading environment from /home/runner/work/key/key/key.core/../key.ui/examples/heap/simple/modifies_datagroup.key 
69424      DEBUG main            d.u.i.k.p.i.AbstractProblemLoader Environment load took 112.4ns 
69425      INFO  main            d.u.i.k.p.i.AbstractProblemLoader Creating init config 
71631      DEBUG main            d.u.i.k.p.i.AbstractProblemLoader Init config took 2.21s 
71652      INFO  main            d.u.i.k.p.i.AbstractProblemLoader Replaying proof modifies_datagroup.key 
71654      DEBUG main            d.u.i.k.p.i.IntermediateProofReplayer Proof replay took 5.7ns 
71757      INFO  main            d.u.i.k.p.r.p.TestFile    ... finished proof: closed. 
71955      INFO  main            d.u.i.k.p.i.AbstractProblemLoader Loading environment from /home/runner/work/key/key/key.core/../key.ui/examples/heap/simple/modifies_datagroup.key.proof 
71955      DEBUG main            d.u.i.k.p.i.AbstractProblemLoader Environment load took 98.8ns 
71956      INFO  main            d.u.i.k.p.i.AbstractProblemLoader Creating init config 
74116      DEBUG main            d.u.i.k.p.i.AbstractProblemLoader Init config took 2.16s 
74130      INFO  main            d.u.i.k.p.i.AbstractProblemLoader Replaying proof modifies_datagroup.key.proof 
74134      DEBUG main            d.u.i.k.p.i.IntermediateProofReplayer Proof replay took 2.36ms 
74135      DEBUG main            d.u.i.k.p.r.p.TestFile    ... success: reloaded. 
74135      INFO  main            d.u.i.k.p.r.p.TestFile    Now processing file /home/runner/work/key/key/key.core/../key.ui/examples/heap/simple/modifies.key 
74136      INFO  main            d.u.i.k.p.i.AbstractProblemLoader Loading environment from /home/runner/work/key/key/key.core/../key.ui/examples/heap/simple/modifies.key 
74136      DEBUG main            d.u.i.k.p.i.AbstractProblemLoader Environment load took 85.6ns 
74137      INFO  main            d.u.i.k.p.i.AbstractProblemLoader Creating init config 
76350      DEBUG main            d.u.i.k.p.i.AbstractProblemLoader Init config took 2.21s 
76364      INFO  main            d.u.i.k.p.i.AbstractProblemLoader Replaying proof modifies.key 
76365      DEBUG main            d.u.i.k.p.i.IntermediateProofReplayer Proof replay took 6ns 
76471      INFO  main            d.u.i.k.p.r.p.TestFile    ... finished proof: closed. 
76659      INFO  main            d.u.i.k.p.i.AbstractProblemLoader Loading environment from /home/runner/work/key/key/key.core/../key.ui/examples/heap/simple/modifies.key.proof 
76659      DEBUG main            d.u.i.k.p.i.AbstractProblemLoader Environment load took 101.9ns 
76661      INFO  main            d.u.i.k.p.i.AbstractProblemLoader Creating init config 
78818      DEBUG main            d.u.i.k.p.i.AbstractProblemLoader Init config took 2.16s 
78834      INFO  main            d.u.i.k.p.i.AbstractProblemLoader Replaying proof modifies.key.proof 
78844      DEBUG main            d.u.i.k.p.i.IntermediateProofReplayer Proof replay took 8.39ms 
78845      DEBUG main            d.u.i.k.p.r.p.TestFile    ... success: reloaded. 
78846      INFO  main            d.u.i.k.p.r.p.TestFile    Now processing file /home/runner/work/key/key/key.core/../key.ui/examples/heap/simple/object_creation.key 
78846      INFO  main            d.u.i.k.p.i.AbstractProblemLoader Loading environment from /home/runner/work/key/key/key.core/../key.ui/examples/heap/simple/object_creation.key 
78846      DEBUG main            d.u.i.k.p.i.AbstractProblemLoader Environment load took 68.6ns 
78847      INFO  main            d.u.i.k.p.i.AbstractProblemLoader Creating init config 
81070      DEBUG main            d.u.i.k.p.i.AbstractProblemLoader Init config took 2.22s 
81085      INFO  main            d.u.i.k.p.i.AbstractProblemLoader Replaying proof object_creation.key 
81086      DEBUG main            d.u.i.k.p.i.IntermediateProofReplayer Proof replay took 6.1ns 
81291      INFO  main            d.u.i.k.p.r.p.TestFile    ... finished proof: closed. 
81498      INFO  main            d.u.i.k.p.i.AbstractProblemLoader Loading environment from /home/runner/work/key/key/key.core/../key.ui/examples/heap/simple/object_creation.key.proof 
81498      DEBUG main            d.u.i.k.p.i.AbstractProblemLoader Environment load took 105.6ns 
81499      INFO  main            d.u.i.k.p.i.AbstractProblemLoader Creating init config 
83686      DEBUG main            d.u.i.k.p.i.AbstractProblemLoader Init config took 2.19s 
83701      INFO  main            d.u.i.k.p.i.AbstractProblemLoader Replaying proof object_creation.key.proof 
83740      DEBUG main            d.u.i.k.p.i.IntermediateProofReplayer Proof replay took 36.58ms 
83741      DEBUG main            d.u.i.k.p.r.p.TestFile    ... success: reloaded. 
83742      INFO  main            d.u.i.k.p.r.p.TestFile    Now processing file /home/runner/work/key/key/key.core/../key.ui/examples/heap/simple/operation_contracts.key 
83742      INFO  main            d.u.i.k.p.i.AbstractProblemLoader Loading environment from /home/runner/work/key/key/key.core/../key.ui/examples/heap/simple/operation_contracts.key 
83743      DEBUG main            d.u.i.k.p.i.AbstractProblemLoader Environment load took 191.6ns 
83744      INFO  main            d.u.i.k.p.i.AbstractProblemLoader Creating init config 
86129      DEBUG main            d.u.i.k.p.i.AbstractProblemLoader Init config took 2.39s 
86145      INFO  main            d.u.i.k.p.i.AbstractProblemLoader Replaying proof operation_contracts.key 
86147      DEBUG main            d.u.i.k.p.i.IntermediateProofReplayer Proof replay took 6.5ns 
86853      INFO  main            d.u.i.k.p.r.p.TestFile    ... finished proof: closed. 
87076      INFO  main            d.u.i.k.p.i.AbstractProblemLoader Loading environment from /home/runner/work/key/key/key.core/../key.ui/examples/heap/simple/operation_contracts.key.proof 
87077      DEBUG main            d.u.i.k.p.i.AbstractProblemLoader Environment load took 1.02ms 
87079      INFO  main            d.u.i.k.p.i.AbstractProblemLoader Creating init config 
89484      DEBUG main            d.u.i.k.p.i.AbstractProblemLoader Init config took 2.41s 
89513      INFO  main            d.u.i.k.p.i.AbstractProblemLoader Replaying proof operation_contracts.key.proof 
89625      DEBUG main            d.u.i.k.p.i.IntermediateProofReplayer Proof replay took 105.4ms 
89628      DEBUG main            d.u.i.k.p.r.p.TestFile    ... success: reloaded. 
89629      INFO  main            d.u.i.k.p.r.p.TestFile    Now processing file /home/runner/work/key/key/key.core/../key.ui/examples/heap/simple/select_store.key 
89629      INFO  main            d.u.i.k.p.i.AbstractProblemLoader Loading environment from /home/runner/work/key/key/key.core/../key.ui/examples/heap/simple/select_store.key 
89629      DEBUG main            d.u.i.k.p.i.AbstractProblemLoader Environment load took 227.2ns 
89630      INFO  main            d.u.i.k.p.i.AbstractProblemLoader Creating init config 
91789      DEBUG main            d.u.i.k.p.i.AbstractProblemLoader Init config took 2.16s 
91803      INFO  main            d.u.i.k.p.i.AbstractProblemLoader Replaying proof select_store.key 
91804      DEBUG main            d.u.i.k.p.i.IntermediateProofReplayer Proof replay took 5.5ns 
91907      INFO  main            d.u.i.k.p.r.p.TestFile    ... finished proof: closed. 
92137      INFO  main            d.u.i.k.p.i.AbstractProblemLoader Loading environment from /home/runner/work/key/key/key.core/../key.ui/examples/heap/simple/select_store.key.proof 
92138      DEBUG main            d.u.i.k.p.i.AbstractProblemLoader Environment load took 132.7ns 
92139      INFO  main            d.u.i.k.p.i.AbstractProblemLoader Creating init config 
94281      DEBUG main            d.u.i.k.p.i.AbstractProblemLoader Init config took 2.14s 
94295      INFO  main            d.u.i.k.p.i.AbstractProblemLoader Replaying proof select_store.key.proof 
94298      DEBUG main            d.u.i.k.p.i.IntermediateProofReplayer Proof replay took 1.8ms 
94299      DEBUG main            d.u.i.k.p.r.p.TestFile    ... success: reloaded. 
94299      INFO  main            d.u.i.k.p.r.p.TestFile    Now processing file /home/runner/work/key/key/key.core/../key.ui/examples/heap/simple/selection_sort.key 
94299      INFO  main            d.u.i.k.p.i.AbstractProblemLoader Loading environment from /home/runner/work/key/key/key.core/../key.ui/examples/heap/simple/selection_sort.key 
94299      DEBUG main            d.u.i.k.p.i.AbstractProblemLoader Environment load took 79.5ns 
94301      INFO  main            d.u.i.k.p.i.AbstractProblemLoader Creating init config 
96723      DEBUG main            d.u.i.k.p.i.AbstractProblemLoader Init config took 2.42s 
96737      INFO  main            d.u.i.k.p.i.AbstractProblemLoader Replaying proof selection_sort.key 
96739      DEBUG main            d.u.i.k.p.i.IntermediateProofReplayer Proof replay took 6.8ns 
100025     INFO  main            d.u.i.k.p.r.p.TestFile    ... finished proof: closed. 
100270     INFO  main            d.u.i.k.p.i.AbstractProblemLoader Loading environment from /home/runner/work/key/key/key.core/../key.ui/examples/heap/simple/selection_sort.key.proof 
100271     DEBUG main            d.u.i.k.p.i.AbstractProblemLoader Environment load took 980.29ns 
100273     INFO  main            d.u.i.k.p.i.AbstractProblemLoader Creating init config 
102617     DEBUG main            d.u.i.k.p.i.AbstractProblemLoader Init config took 2.34s 
102632     INFO  main            d.u.i.k.p.i.AbstractProblemLoader Replaying proof selection_sort.key.proof 
103005     DEBUG main            d.u.i.k.p.i.IntermediateProofReplayer Proof replay took 350.92ms 
103007     DEBUG main            d.u.i.k.p.r.p.TestFile    ... success: reloaded. 
103008     INFO  main            d.u.i.k.p.r.p.TestFile    Now processing file /home/runner/work/key/key/key.core/../key.ui/examples/heap/simple/seq.key 
103009     INFO  main            d.u.i.k.p.i.AbstractProblemLoader Loading environment from /home/runner/work/key/key/key.core/../key.ui/examples/heap/simple/seq.key 
103009     DEBUG main            d.u.i.k.p.i.AbstractProblemLoader Environment load took 189.2ns 
103010     INFO  main            d.u.i.k.p.i.AbstractProblemLoader Creating init config 
105216     DEBUG main            d.u.i.k.p.i.AbstractProblemLoader Init config took 2.21s 
105230     INFO  main            d.u.i.k.p.i.AbstractProblemLoader Replaying proof seq.key 
105231     DEBUG main            d.u.i.k.p.i.IntermediateProofReplayer Proof replay took 5.7ns 
105635     INFO  main            d.u.i.k.p.r.p.TestFile    ... finished proof: closed. 
105921     INFO  main            d.u.i.k.p.i.AbstractProblemLoader Loading environment from /home/runner/work/key/key/key.core/../key.ui/examples/heap/simple/seq.key.proof 
105921     DEBUG main            d.u.i.k.p.i.AbstractProblemLoader Environment load took 97.8ns 
105923     INFO  main            d.u.i.k.p.i.AbstractProblemLoader Creating init config 
108030     DEBUG main            d.u.i.k.p.i.AbstractProblemLoader Init config took 2.11s 
108046     INFO  main            d.u.i.k.p.i.AbstractProblemLoader Replaying proof seq.key.proof 
108078     DEBUG main            d.u.i.k.p.i.IntermediateProofReplayer Proof replay took 26.94ms 
108079     DEBUG main            d.u.i.k.p.r.p.TestFile    ... success: reloaded. 
108079     INFO  main            d.u.i.k.p.r.p.TestFile    Now processing file /home/runner/work/key/key/key.core/../key.ui/examples/heap/simple/oldForParams.key 
108079     INFO  main            d.u.i.k.p.i.AbstractProblemLoader Loading environment from /home/runner/work/key/key/key.core/../key.ui/examples/heap/simple/oldForParams.key 
108080     DEBUG main            d.u.i.k.p.i.AbstractProblemLoader Environment load took 81.1ns 
108080     INFO  main            d.u.i.k.p.i.AbstractProblemLoader Creating init config 
110449     DEBUG main            d.u.i.k.p.i.AbstractProblemLoader Init config took 2.37s 
110507     INFO  main            d.u.i.k.p.i.AbstractProblemLoader Replaying proof OldForParameters[OldForParameters::method(int)].JML operation contract.0 
110510     DEBUG main            d.u.i.k.p.i.IntermediateProofReplayer Proof replay took 6.1ns 
110715     INFO  main            d.u.i.k.p.r.p.TestFile    ... finished proof: closed. 
110958     INFO  main            d.u.i.k.p.i.AbstractProblemLoader Loading environment from /home/runner/work/key/key/key.core/../key.ui/examples/heap/simple/oldForParams.key.proof 
110958     DEBUG main            d.u.i.k.p.i.AbstractProblemLoader Environment load took 97.5ns 
110959     INFO  main            d.u.i.k.p.i.AbstractProblemLoader Creating init config 
113291     DEBUG main            d.u.i.k.p.i.AbstractProblemLoader Init config took 2.33s 
113332     INFO  main            d.u.i.k.p.i.AbstractProblemLoader Replaying proof OldForParameters[OldForParameters::method(int)].JML operation contract.0 
113365     DEBUG main            d.u.i.k.p.i.IntermediateProofReplayer Proof replay took 30.78ms 
113366     DEBUG main            d.u.i.k.p.r.p.TestFile    ... success: reloaded. 
113367     INFO  main            d.u.i.k.p.r.p.TestFile    Now processing file /home/runner/work/key/key/key.core/../key.ui/examples/heap/simple/parse_lmtd.key 
113367     INFO  main            d.u.i.k.p.i.AbstractProblemLoader Loading environment from /home/runner/work/key/key/key.core/../key.ui/examples/heap/simple/parse_lmtd.key 
113367     DEBUG main            d.u.i.k.p.i.AbstractProblemLoader Environment load took 83.1ns 
113368     INFO  main            d.u.i.k.p.i.AbstractProblemLoader Creating init config 
115749     DEBUG main            d.u.i.k.p.i.AbstractProblemLoader Init config took 2.38s 
115789     INFO  main            d.u.i.k.p.i.AbstractProblemLoader Replaying proof ParseLmtd[ParseLmtd::simple(int)].JML normal_behavior operation contract.0 
115790     DEBUG main            d.u.i.k.p.i.IntermediateProofReplayer Proof replay took 5.3ns 
115892     INFO  main            d.u.i.k.p.r.p.TestFile    ... finished proof: closed. 
116128     INFO  main            d.u.i.k.p.i.AbstractProblemLoader Loading environment from /home/runner/work/key/key/key.core/../key.ui/examples/heap/simple/parse_lmtd.key.proof 
116128     DEBUG main            d.u.i.k.p.i.AbstractProblemLoader Environment load took 114.5ns 
116129     INFO  main            d.u.i.k.p.i.AbstractProblemLoader Creating init config 
118460     DEBUG main            d.u.i.k.p.i.AbstractProblemLoader Init config took 2.33s 
118508     INFO  main            d.u.i.k.p.i.AbstractProblemLoader Replaying proof ParseLmtd[ParseLmtd::simple(int)].JML normal_behavior operation contract.0 
118526     DEBUG main            d.u.i.k.p.i.IntermediateProofReplayer Proof replay took 16.33ms 
118528     DEBUG main            d.u.i.k.p.r.p.TestFile    ... success: reloaded. 
118529     INFO  main            d.u.i.k.p.r.p.TestFile    Now processing file /home/runner/work/key/key/key.core/../key.ui/examples/heap/strictly_pure/strictlyPureMethod.key 
118530     INFO  main            d.u.i.k.p.i.AbstractProblemLoader Loading environment from /home/runner/work/key/key/key.core/../key.ui/examples/heap/strictly_pure/strictlyPureMethod.key 
118530     DEBUG main            d.u.i.k.p.i.AbstractProblemLoader Environment load took 182.6ns 
118531     INFO  main            d.u.i.k.p.i.AbstractProblemLoader Creating init config 
120803     DEBUG main            d.u.i.k.p.i.AbstractProblemLoader Init config took 2.27s 
120839     INFO  main            d.u.i.k.p.i.AbstractProblemLoader Replaying proof StrictlyPure[StrictlyPure::strictlyPureMethod()].JML operation contract.0 
120840     DEBUG main            d.u.i.k.p.i.IntermediateProofReplayer Proof replay took 6.2ns 
121046     INFO  main            d.u.i.k.p.r.p.TestFile    ... finished proof: closed. 
121287     INFO  main            d.u.i.k.p.i.AbstractProblemLoader Loading environment from /home/runner/work/key/key/key.core/../key.ui/examples/heap/strictly_pure/strictlyPureMethod.key.proof 
121287     DEBUG main            d.u.i.k.p.i.AbstractProblemLoader Environment load took 108.2ns 
121288     INFO  main            d.u.i.k.p.i.AbstractProblemLoader Creating init config 
123495     DEBUG main            d.u.i.k.p.i.AbstractProblemLoader Init config took 2.21s 
123530     INFO  main            d.u.i.k.p.i.AbstractProblemLoader Replaying proof StrictlyPure[StrictlyPure::strictlyPureMethod()].JML operation contract.0 
123559     DEBUG main            d.u.i.k.p.i.IntermediateProofReplayer Proof replay took 27.43ms 
123560     DEBUG main            d.u.i.k.p.r.p.TestFile    ... success: reloaded. 
123561     INFO  main            d.u.i.k.p.r.p.TestFile    Now processing file /home/runner/work/key/key/key.core/../key.ui/examples/heap/strictly_pure/useStrictlyPureMethod.key 
123562     INFO  main            d.u.i.k.p.i.AbstractProblemLoader Loading environment from /home/runner/work/key/key/key.core/../key.ui/examples/heap/strictly_pure/useStrictlyPureMethod.key 
123562     DEBUG main            d.u.i.k.p.i.AbstractProblemLoader Environment load took 180.1ns 
123563     INFO  main            d.u.i.k.p.i.AbstractProblemLoader Creating init config 
125849     DEBUG main            d.u.i.k.p.i.AbstractProblemLoader Init config took 2.29s 
125884     INFO  main            d.u.i.k.p.i.AbstractProblemLoader Replaying proof StrictlyPure[StrictlyPure::useStrictlyPureMethod(StrictlyPureClass)].JML operation contract.0 
125885     DEBUG main            d.u.i.k.p.i.IntermediateProofReplayer Proof replay took 5.5ns 
126087     INFO  main            d.u.i.k.p.r.p.TestFile    ... finished proof: closed. 
126347     INFO  main            d.u.i.k.p.i.AbstractProblemLoader Loading environment from /home/runner/work/key/key/key.core/../key.ui/examples/heap/strictly_pure/useStrictlyPureMethod.key.proof 
126347     DEBUG main            d.u.i.k.p.i.AbstractProblemLoader Environment load took 99ns 
126348     INFO  main            d.u.i.k.p.i.AbstractProblemLoader Creating init config 
128548     DEBUG main            d.u.i.k.p.i.AbstractProblemLoader Init config took 2.2s 
128582     INFO  main            d.u.i.k.p.i.AbstractProblemLoader Replaying proof StrictlyPure[StrictlyPure::useStrictlyPureMethod(StrictlyPureClass)].JML operation contract.0 
128623     DEBUG main            d.u.i.k.p.i.IntermediateProofReplayer Proof replay took 38.26ms 
128624     DEBUG main            d.u.i.k.p.r.p.TestFile    ... success: reloaded. 
128624     INFO  main            d.u.i.k.p.r.p.TestFile    Now processing file /home/runner/work/key/key/key.core/../key.ui/examples/heap/Wellfounded/ackermann.key 
128625     INFO  main            d.u.i.k.p.i.AbstractProblemLoader Loading environment from /home/runner/work/key/key/key.core/../key.ui/examples/heap/Wellfounded/ackermann.key 
128625     DEBUG main            d.u.i.k.p.i.AbstractProblemLoader Environment load took 52.9ns 
128625     INFO  main            d.u.i.k.p.i.AbstractProblemLoader Creating init config 
130919     DEBUG main            d.u.i.k.p.i.AbstractProblemLoader Init config took 2.29s 
130971     INFO  main            d.u.i.k.p.i.AbstractProblemLoader Replaying proof Ackermann[Ackermann::a(int,int)].JML normal_behavior operation contract.0 
130973     DEBUG main            d.u.i.k.p.i.IntermediateProofReplayer Proof replay took 5.3ns 
131175     INFO  main            d.u.i.k.p.r.p.TestFile    ... finished proof: closed. 
131486     INFO  main            d.u.i.k.p.i.AbstractProblemLoader Loading environment from /home/runner/work/key/key/key.core/../key.ui/examples/heap/Wellfounded/ackermann.key.proof 
131487     DEBUG main            d.u.i.k.p.i.AbstractProblemLoader Environment load took 99.2ns 
131487     INFO  main            d.u.i.k.p.i.AbstractProblemLoader Creating init config 
133707     DEBUG main            d.u.i.k.p.i.AbstractProblemLoader Init config took 2.22s 
133746     INFO  main            d.u.i.k.p.i.AbstractProblemLoader Replaying proof Ackermann[Ackermann::a(int,int)].JML normal_behavior operation contract.0 
133793     DEBUG main            d.u.i.k.p.i.IntermediateProofReplayer Proof replay took 43.87ms 
133794     DEBUG main            d.u.i.k.p.r.p.TestFile    ... success: reloaded. 
133795     INFO  main            d.u.i.k.p.r.p.TestFile    Now processing file /home/runner/work/key/key/key.core/../key.ui/examples/standard_key/unicode_test.key 
133795     INFO  main            d.u.i.k.p.i.AbstractProblemLoader Loading environment from /home/runner/work/key/key/key.core/../key.ui/examples/standard_key/unicode_test.key 
133795     DEBUG main            d.u.i.k.p.i.AbstractProblemLoader Environment load took 82.3ns 
133797     INFO  main            d.u.i.k.p.i.AbstractProblemLoader Creating init config 
135952     DEBUG main            d.u.i.k.p.i.AbstractProblemLoader Init config took 2.16s 
135966     INFO  main            d.u.i.k.p.i.AbstractProblemLoader Replaying proof unicode_test.key 
135967     DEBUG main            d.u.i.k.p.i.IntermediateProofReplayer Proof replay took 6ns 
136069     INFO  main            d.u.i.k.p.r.p.TestFile    ... finished proof: closed. 
136315     INFO  main            d.u.i.k.p.i.AbstractProblemLoader Loading environment from /home/runner/work/key/key/key.core/../key.ui/examples/standard_key/unicode_test.key.proof 
136315     DEBUG main            d.u.i.k.p.i.AbstractProblemLoader Environment load took 94.8ns 
136316     INFO  main            d.u.i.k.p.i.AbstractProblemLoader Creating init config 
138434     DEBUG main            d.u.i.k.p.i.AbstractProblemLoader Init config took 2.12s 
138447     INFO  main            d.u.i.k.p.i.AbstractProblemLoader Replaying proof unicode_test.key.proof 
138449     DEBUG main            d.u.i.k.p.i.IntermediateProofReplayer Proof replay took 305.7ns 
138450     DEBUG main            d.u.i.k.p.r.p.TestFile    ... success: reloaded. 
138450     INFO  main            d.u.i.k.p.r.p.TestFile    Now processing file /home/runner/work/key/key/key.core/../key.ui/examples/heap/strictlyModular/mayExpand.key 
138451     INFO  main            d.u.i.k.p.i.AbstractProblemLoader Loading environment from /home/runner/work/key/key/key.core/../key.ui/examples/heap/strictlyModular/mayExpand.key 
138451     DEBUG main            d.u.i.k.p.i.AbstractProblemLoader Environment load took 294.2ns 
138452     INFO  main            d.u.i.k.p.i.AbstractProblemLoader Creating init config 
140692     DEBUG main            d.u.i.k.p.i.AbstractProblemLoader Init config took 2.24s 
140727     INFO  main            d.u.i.k.p.i.AbstractProblemLoader Replaying proof Modular[Modular::m()].JML operation contract.0 
140728     DEBUG main            d.u.i.k.p.i.IntermediateProofReplayer Proof replay took 5.9ns 
140831     INFO  main            d.u.i.k.p.r.p.TestFile    ... finished proof: closed. 
141084     INFO  main            d.u.i.k.p.i.AbstractProblemLoader Loading environment from /home/runner/work/key/key/key.core/../key.ui/examples/heap/strictlyModular/mayExpand.key.proof 
141084     DEBUG main            d.u.i.k.p.i.AbstractProblemLoader Environment load took 103.3ns 
141085     INFO  main            d.u.i.k.p.i.AbstractProblemLoader Creating init config 
143260     DEBUG main            d.u.i.k.p.i.AbstractProblemLoader Init config took 2.17s 
143295     INFO  main            d.u.i.k.p.i.AbstractProblemLoader Replaying proof Modular[Modular::m()].JML operation contract.0 
143307     DEBUG main            d.u.i.k.p.i.IntermediateProofReplayer Proof replay took 10.2ms 
143308     DEBUG main            d.u.i.k.p.r.p.TestFile    ... success: reloaded. 
143309     INFO  main            d.u.i.k.p.r.p.TestFile    Now processing file /home/runner/work/key/key/key.core/../key.ui/examples/heap/strictlyModular/modularOnly.key 
143309     INFO  main            d.u.i.k.p.i.AbstractProblemLoader Loading environment from /home/runner/work/key/key/key.core/../key.ui/examples/heap/strictlyModular/modularOnly.key 
143310     DEBUG main            d.u.i.k.p.i.AbstractProblemLoader Environment load took 169.8ns 
143311     INFO  main            d.u.i.k.p.i.AbstractProblemLoader Creating init config 
145542     DEBUG main            d.u.i.k.p.i.AbstractProblemLoader Init config took 2.23s 
145577     INFO  main            d.u.i.k.p.i.AbstractProblemLoader Replaying proof Modular[Modular::m()].JML operation contract.0 
145578     DEBUG main            d.u.i.k.p.i.IntermediateProofReplayer Proof replay took 5.6ns 
145680     INFO  main            d.u.i.k.p.r.p.TestFile    ... finished proof: open goal(s) 
1753877    INFO  Test worker     d.u.i.k.p.r.RunAllProofsTestUnit Returning from test simpleTests 
1753878    INFO  Test worker     d.u.i.k.p.r.RunAllProofsTestUnit Running test SmansEtAl 
311        INFO  Timeout watchdog d.u.i.k.p.r.p.ForkedTestFileRunner Timeout watcher launched (2000 secs.) 
321        WARN  main            d.u.i.k.s.ProofSettings   The settings in /home/runner/.key/proof-settings.props are *not* read. 
369        INFO  main            d.u.i.k.p.r.p.TestFile    Now processing file /home/runner/work/key/key/key.core/../key.ui/examples/heap/SmansEtAl/ArrayList_add.key 
503        INFO  main            d.u.i.k.p.i.AbstractProblemLoader Loading environment from /home/runner/work/key/key/key.core/../key.ui/examples/heap/SmansEtAl/ArrayList_add.key 
526        DEBUG main            d.u.i.k.p.i.AbstractProblemLoader Environment load took 2.12ms 
731        INFO  main            d.u.i.k.p.i.AbstractProblemLoader Creating init config 
1740       DEBUG main            d.u.i.k.j.TypeConverter   No LDT found for Meta 
1740       DEBUG main            d.u.i.k.j.TypeConverter   No LDT found for Meta 
1743       DEBUG main            d.u.i.k.j.TypeConverter   No LDT found for Meta 
1743       DEBUG main            d.u.i.k.j.TypeConverter   No LDT found for Meta 
3176       DEBUG main            d.u.i.k.j.TypeConverter   No LDT found for JavaBigintExpression 
8313       DEBUG main            d.u.i.k.p.i.AbstractProblemLoader Init config took 7.58s 
8440       INFO  main            d.u.i.k.p.i.AbstractProblemLoader Replaying proof ArrayList[ArrayList::add(java.lang.Object)].JML normal_behavior operation contract.0 
8470       DEBUG main            d.u.i.k.p.i.IntermediateProofReplayer Proof replay took 30.9ns 
15761      INFO  main            d.u.i.k.p.r.p.TestFile    ... finished proof: closed. 
15964      INFO  main            d.u.i.k.p.i.AbstractProblemLoader Loading environment from /home/runner/work/key/key/key.core/../key.ui/examples/heap/SmansEtAl/ArrayList_add.key.proof 
15964      DEBUG main            d.u.i.k.p.i.AbstractProblemLoader Environment load took 438.7ns 
15967      INFO  main            d.u.i.k.p.i.AbstractProblemLoader Creating init config 
18901      DEBUG main            d.u.i.k.p.i.AbstractProblemLoader Init config took 2.93s 
18975      INFO  main            d.u.i.k.p.i.AbstractProblemLoader Replaying proof ArrayList[ArrayList::add(java.lang.Object)].JML normal_behavior operation contract.0 
19643      DEBUG main            d.u.i.k.p.i.IntermediateProofReplayer Proof replay took 634.41ms 
19652      DEBUG main            d.u.i.k.p.r.p.TestFile    ... success: reloaded. 
19654      INFO  main            d.u.i.k.p.r.p.TestFile    Now processing file /home/runner/work/key/key/key.core/../key.ui/examples/heap/SmansEtAl/ArrayList_ArrayList.key 
19654      INFO  main            d.u.i.k.p.i.AbstractProblemLoader Loading environment from /home/runner/work/key/key/key.core/../key.ui/examples/heap/SmansEtAl/ArrayList_ArrayList.key 
19654      DEBUG main            d.u.i.k.p.i.AbstractProblemLoader Environment load took 210.1ns 
19656      INFO  main            d.u.i.k.p.i.AbstractProblemLoader Creating init config 
22476      DEBUG main            d.u.i.k.p.i.AbstractProblemLoader Init config took 2.82s 
22530      INFO  main            d.u.i.k.p.i.AbstractProblemLoader Replaying proof ArrayList[ArrayList::ArrayList()].JML normal_behavior operation contract.0 
22532      DEBUG main            d.u.i.k.p.i.IntermediateProofReplayer Proof replay took 5.9ns 
23552      INFO  main            d.u.i.k.p.r.p.TestFile    ... finished proof: closed. 
23702      INFO  main            d.u.i.k.p.i.AbstractProblemLoader Loading environment from /home/runner/work/key/key/key.core/../key.ui/examples/heap/SmansEtAl/ArrayList_ArrayList.key.proof 
23703      DEBUG main            d.u.i.k.p.i.AbstractProblemLoader Environment load took 400.4ns 
23704      INFO  main            d.u.i.k.p.i.AbstractProblemLoader Creating init config 
26405      DEBUG main            d.u.i.k.p.i.AbstractProblemLoader Init config took 2.7s 
26453      INFO  main            d.u.i.k.p.i.AbstractProblemLoader Replaying proof ArrayList[ArrayList::ArrayList()].JML normal_behavior operation contract.0 
26590      DEBUG main            d.u.i.k.p.i.IntermediateProofReplayer Proof replay took 127.82ms 
26591      DEBUG main            d.u.i.k.p.r.p.TestFile    ... success: reloaded. 
26592      INFO  main            d.u.i.k.p.r.p.TestFile    Now processing file /home/runner/work/key/key/key.core/../key.ui/examples/heap/SmansEtAl/ArrayList_footprint.key 
26593      INFO  main            d.u.i.k.p.i.AbstractProblemLoader Loading environment from /home/runner/work/key/key/key.core/../key.ui/examples/heap/SmansEtAl/ArrayList_footprint.key 
26593      DEBUG main            d.u.i.k.p.i.AbstractProblemLoader Environment load took 204.6ns 
26595      INFO  main            d.u.i.k.p.i.AbstractProblemLoader Creating init config 
29212      DEBUG main            d.u.i.k.p.i.AbstractProblemLoader Init config took 2.62s 
29266      INFO  main            d.u.i.k.p.i.AbstractProblemLoader Replaying proof ArrayList[ArrayList::$footprint()].JML accessible clause.0 
29269      DEBUG main            d.u.i.k.p.i.IntermediateProofReplayer Proof replay took 5.2ns 
29374      INFO  main            d.u.i.k.p.r.p.TestFile    ... finished proof: closed. 
29508      INFO  main            d.u.i.k.p.i.AbstractProblemLoader Loading environment from /home/runner/work/key/key/key.core/../key.ui/examples/heap/SmansEtAl/ArrayList_footprint.key.proof 
29508      DEBUG main            d.u.i.k.p.i.AbstractProblemLoader Environment load took 114.4ns 
29511      INFO  main            d.u.i.k.p.i.AbstractProblemLoader Creating init config 
32161      DEBUG main            d.u.i.k.p.i.AbstractProblemLoader Init config took 2.65s 
32222      INFO  main            d.u.i.k.p.i.AbstractProblemLoader Replaying proof ArrayList[ArrayList::$footprint()].JML accessible clause.0 
32232      DEBUG main            d.u.i.k.p.i.IntermediateProofReplayer Proof replay took 8.14ms 
32233      DEBUG main            d.u.i.k.p.r.p.TestFile    ... success: reloaded. 
32235      INFO  main            d.u.i.k.p.r.p.TestFile    Now processing file /home/runner/work/key/key/key.core/../key.ui/examples/heap/SmansEtAl/ArrayList_get_dep.key 
32235      INFO  main            d.u.i.k.p.i.AbstractProblemLoader Loading environment from /home/runner/work/key/key/key.core/../key.ui/examples/heap/SmansEtAl/ArrayList_get_dep.key 
32235      DEBUG main            d.u.i.k.p.i.AbstractProblemLoader Environment load took 237.8ns 
32236      INFO  main            d.u.i.k.p.i.AbstractProblemLoader Creating init config 
34853      DEBUG main            d.u.i.k.p.i.AbstractProblemLoader Init config took 2.62s 
34898      INFO  main            d.u.i.k.p.i.AbstractProblemLoader Replaying proof ArrayList[ArrayList::get(int)].JML accessible clause.0 
34900      DEBUG main            d.u.i.k.p.i.IntermediateProofReplayer Proof replay took 5.2ns 
35203      INFO  main            d.u.i.k.p.r.p.TestFile    ... finished proof: closed. 
35350      INFO  main            d.u.i.k.p.i.AbstractProblemLoader Loading environment from /home/runner/work/key/key/key.core/../key.ui/examples/heap/SmansEtAl/ArrayList_get_dep.key.proof 
35351      DEBUG main            d.u.i.k.p.i.AbstractProblemLoader Environment load took 114.5ns 
35352      INFO  main            d.u.i.k.p.i.AbstractProblemLoader Creating init config 
37916      DEBUG main            d.u.i.k.p.i.AbstractProblemLoader Init config took 2.56s 
37979      INFO  main            d.u.i.k.p.i.AbstractProblemLoader Replaying proof ArrayList[ArrayList::get(int)].JML accessible clause.0 
38031      DEBUG main            d.u.i.k.p.i.IntermediateProofReplayer Proof replay took 46.53ms 
38033      DEBUG main            d.u.i.k.p.r.p.TestFile    ... success: reloaded. 
38034      INFO  main            d.u.i.k.p.r.p.TestFile    Now processing file /home/runner/work/key/key/key.core/../key.ui/examples/heap/SmansEtAl/ArrayList_get.key 
38034      INFO  main            d.u.i.k.p.i.AbstractProblemLoader Loading environment from /home/runner/work/key/key/key.core/../key.ui/examples/heap/SmansEtAl/ArrayList_get.key 
38034      DEBUG main            d.u.i.k.p.i.AbstractProblemLoader Environment load took 206ns 
38035      INFO  main            d.u.i.k.p.i.AbstractProblemLoader Creating init config 
40695      DEBUG main            d.u.i.k.p.i.AbstractProblemLoader Init config took 2.66s 
40737      INFO  main            d.u.i.k.p.i.AbstractProblemLoader Replaying proof ArrayList[ArrayList::get(int)].JML normal_behavior operation contract.0 
40738      DEBUG main            d.u.i.k.p.i.IntermediateProofReplayer Proof replay took 5.1ns 
40940      INFO  main            d.u.i.k.p.r.p.TestFile    ... finished proof: closed. 
41094      INFO  main            d.u.i.k.p.i.AbstractProblemLoader Loading environment from /home/runner/work/key/key/key.core/../key.ui/examples/heap/SmansEtAl/ArrayList_get.key.proof 
41094      DEBUG main            d.u.i.k.p.i.AbstractProblemLoader Environment load took 109.4ns 
41095      INFO  main            d.u.i.k.p.i.AbstractProblemLoader Creating init config 
43640      DEBUG main            d.u.i.k.p.i.AbstractProblemLoader Init config took 2.55s 
43685      INFO  main            d.u.i.k.p.i.AbstractProblemLoader Replaying proof ArrayList[ArrayList::get(int)].JML normal_behavior operation contract.0 
43709      DEBUG main            d.u.i.k.p.i.IntermediateProofReplayer Proof replay took 21.59ms 
43710      DEBUG main            d.u.i.k.p.r.p.TestFile    ... success: reloaded. 
43711      INFO  main            d.u.i.k.p.r.p.TestFile    Now processing file /home/runner/work/key/key/key.core/../key.ui/examples/heap/SmansEtAl/ArrayList_inv.key 
43711      INFO  main            d.u.i.k.p.i.AbstractProblemLoader Loading environment from /home/runner/work/key/key/key.core/../key.ui/examples/heap/SmansEtAl/ArrayList_inv.key 
43712      DEBUG main            d.u.i.k.p.i.AbstractProblemLoader Environment load took 100.3ns 
43712      INFO  main            d.u.i.k.p.i.AbstractProblemLoader Creating init config 
46316      DEBUG main            d.u.i.k.p.i.AbstractProblemLoader Init config took 2.6s 
46364      INFO  main            d.u.i.k.p.i.AbstractProblemLoader Replaying proof ArrayList[java.lang.Object::<inv>()].JML accessible clause.0 
46366      DEBUG main            d.u.i.k.p.i.IntermediateProofReplayer Proof replay took 6.9ns 
46471      INFO  main            d.u.i.k.p.r.p.TestFile    ... finished proof: closed. 
46621      INFO  main            d.u.i.k.p.i.AbstractProblemLoader Loading environment from /home/runner/work/key/key/key.core/../key.ui/examples/heap/SmansEtAl/ArrayList_inv.key.proof 
46621      DEBUG main            d.u.i.k.p.i.AbstractProblemLoader Environment load took 106.8ns 
46622      INFO  main            d.u.i.k.p.i.AbstractProblemLoader Creating init config 
49165      DEBUG main            d.u.i.k.p.i.AbstractProblemLoader Init config took 2.54s 
49220      INFO  main            d.u.i.k.p.i.AbstractProblemLoader Replaying proof ArrayList[java.lang.Object::<inv>()].JML accessible clause.0 
49230      DEBUG main            d.u.i.k.p.i.IntermediateProofReplayer Proof replay took 8.25ms 
49231      DEBUG main            d.u.i.k.p.r.p.TestFile    ... success: reloaded. 
49232      INFO  main            d.u.i.k.p.r.p.TestFile    Now processing file /home/runner/work/key/key/key.core/../key.ui/examples/heap/SmansEtAl/ArrayList_size_dep.key 
49233      INFO  main            d.u.i.k.p.i.AbstractProblemLoader Loading environment from /home/runner/work/key/key/key.core/../key.ui/examples/heap/SmansEtAl/ArrayList_size_dep.key 
49233      DEBUG main            d.u.i.k.p.i.AbstractProblemLoader Environment load took 191.2ns 
49234      INFO  main            d.u.i.k.p.i.AbstractProblemLoader Creating init config 
51817      DEBUG main            d.u.i.k.p.i.AbstractProblemLoader Init config took 2.58s 
51856      INFO  main            d.u.i.k.p.i.AbstractProblemLoader Replaying proof ArrayList[ArrayList::size()].JML accessible clause.0 
51857      DEBUG main            d.u.i.k.p.i.IntermediateProofReplayer Proof replay took 5.9ns 
51962      INFO  main            d.u.i.k.p.r.p.TestFile    ... finished proof: closed. 
52118      INFO  main            d.u.i.k.p.i.AbstractProblemLoader Loading environment from /home/runner/work/key/key/key.core/../key.ui/examples/heap/SmansEtAl/ArrayList_size_dep.key.proof 
52118      DEBUG main            d.u.i.k.p.i.AbstractProblemLoader Environment load took 106.5ns 
52119      INFO  main            d.u.i.k.p.i.AbstractProblemLoader Creating init config 
54670      DEBUG main            d.u.i.k.p.i.AbstractProblemLoader Init config took 2.55s 
54708      INFO  main            d.u.i.k.p.i.AbstractProblemLoader Replaying proof ArrayList[ArrayList::size()].JML accessible clause.0 
54721      DEBUG main            d.u.i.k.p.i.IntermediateProofReplayer Proof replay took 10.65ms 
54722      DEBUG main            d.u.i.k.p.r.p.TestFile    ... success: reloaded. 
54723      INFO  main            d.u.i.k.p.r.p.TestFile    Now processing file /home/runner/work/key/key/key.core/../key.ui/examples/heap/SmansEtAl/ArrayList_size.key 
54723      INFO  main            d.u.i.k.p.i.AbstractProblemLoader Loading environment from /home/runner/work/key/key/key.core/../key.ui/examples/heap/SmansEtAl/ArrayList_size.key 
54724      DEBUG main            d.u.i.k.p.i.AbstractProblemLoader Environment load took 187.2ns 
54724      INFO  main            d.u.i.k.p.i.AbstractProblemLoader Creating init config 
57310      DEBUG main            d.u.i.k.p.i.AbstractProblemLoader Init config took 2.59s 
57348      INFO  main            d.u.i.k.p.i.AbstractProblemLoader Replaying proof ArrayList[ArrayList::size()].JML normal_behavior operation contract.0 
57350      DEBUG main            d.u.i.k.p.i.IntermediateProofReplayer Proof replay took 6.3ns 
57454      INFO  main            d.u.i.k.p.r.p.TestFile    ... finished proof: closed. 
57616      INFO  main            d.u.i.k.p.i.AbstractProblemLoader Loading environment from /home/runner/work/key/key/key.core/../key.ui/examples/heap/SmansEtAl/ArrayList_size.key.proof 
57617      DEBUG main            d.u.i.k.p.i.AbstractProblemLoader Environment load took 110ns 
57618      INFO  main            d.u.i.k.p.i.AbstractProblemLoader Creating init config 
60177      DEBUG main            d.u.i.k.p.i.AbstractProblemLoader Init config took 2.56s 
60214      INFO  main            d.u.i.k.p.i.AbstractProblemLoader Replaying proof ArrayList[ArrayList::size()].JML normal_behavior operation contract.0 
60227      DEBUG main            d.u.i.k.p.i.IntermediateProofReplayer Proof replay took 10.6ms 
60228      DEBUG main            d.u.i.k.p.r.p.TestFile    ... success: reloaded. 
60229      INFO  main            d.u.i.k.p.r.p.TestFile    Now processing file /home/runner/work/key/key/key.core/../key.ui/examples/heap/SmansEtAl/Cell_Cell.key 
60229      INFO  main            d.u.i.k.p.i.AbstractProblemLoader Loading environment from /home/runner/work/key/key/key.core/../key.ui/examples/heap/SmansEtAl/Cell_Cell.key 
60229      DEBUG main            d.u.i.k.p.i.AbstractProblemLoader Environment load took 87.4ns 
60230      INFO  main            d.u.i.k.p.i.AbstractProblemLoader Creating init config 
62763      DEBUG main            d.u.i.k.p.i.AbstractProblemLoader Init config took 2.53s 
62798      INFO  main            d.u.i.k.p.i.AbstractProblemLoader Replaying proof Cell[Cell::Cell()].JML normal_behavior operation contract.0 
62799      DEBUG main            d.u.i.k.p.i.IntermediateProofReplayer Proof replay took 5.5ns 
63001      INFO  main            d.u.i.k.p.r.p.TestFile    ... finished proof: closed. 
63176      INFO  main            d.u.i.k.p.i.AbstractProblemLoader Loading environment from /home/runner/work/key/key/key.core/../key.ui/examples/heap/SmansEtAl/Cell_Cell.key.proof 
63176      DEBUG main            d.u.i.k.p.i.AbstractProblemLoader Environment load took 119.7ns 
63177      INFO  main            d.u.i.k.p.i.AbstractProblemLoader Creating init config 
65690      DEBUG main            d.u.i.k.p.i.AbstractProblemLoader Init config took 2.51s 
65730      INFO  main            d.u.i.k.p.i.AbstractProblemLoader Replaying proof Cell[Cell::Cell()].JML normal_behavior operation contract.0 
65766      DEBUG main            d.u.i.k.p.i.IntermediateProofReplayer Proof replay took 31.3ms 
65768      DEBUG main            d.u.i.k.p.r.p.TestFile    ... success: reloaded. 
65770      INFO  main            d.u.i.k.p.r.p.TestFile    Now processing file /home/runner/work/key/key/key.core/../key.ui/examples/heap/SmansEtAl/Cell_footprint.key 
65770      INFO  main            d.u.i.k.p.i.AbstractProblemLoader Loading environment from /home/runner/work/key/key/key.core/../key.ui/examples/heap/SmansEtAl/Cell_footprint.key 
65770      DEBUG main            d.u.i.k.p.i.AbstractProblemLoader Environment load took 193.3ns 
65771      INFO  main            d.u.i.k.p.i.AbstractProblemLoader Creating init config 
68401      DEBUG main            d.u.i.k.p.i.AbstractProblemLoader Init config took 2.63s 
68435      INFO  main            d.u.i.k.p.i.AbstractProblemLoader Replaying proof Cell[Cell::$footprint()].JML accessible clause.0 
68437      DEBUG main            d.u.i.k.p.i.IntermediateProofReplayer Proof replay took 5.6ns 
68542      INFO  main            d.u.i.k.p.r.p.TestFile    ... finished proof: closed. 
68754      INFO  main            d.u.i.k.p.i.AbstractProblemLoader Loading environment from /home/runner/work/key/key/key.core/../key.ui/examples/heap/SmansEtAl/Cell_footprint.key.proof 
68754      DEBUG main            d.u.i.k.p.i.AbstractProblemLoader Environment load took 112.4ns 
68755      INFO  main            d.u.i.k.p.i.AbstractProblemLoader Creating init config 
71262      DEBUG main            d.u.i.k.p.i.AbstractProblemLoader Init config took 2.51s 
71295      INFO  main            d.u.i.k.p.i.AbstractProblemLoader Replaying proof Cell[Cell::$footprint()].JML accessible clause.0 
71300      DEBUG main            d.u.i.k.p.i.IntermediateProofReplayer Proof replay took 2.9ms 
71300      DEBUG main            d.u.i.k.p.r.p.TestFile    ... success: reloaded. 
71301      INFO  main            d.u.i.k.p.r.p.TestFile    Now processing file /home/runner/work/key/key/key.core/../key.ui/examples/heap/SmansEtAl/Cell_getX_dep.key 
71302      INFO  main            d.u.i.k.p.i.AbstractProblemLoader Loading environment from /home/runner/work/key/key/key.core/../key.ui/examples/heap/SmansEtAl/Cell_getX_dep.key 
71302      DEBUG main            d.u.i.k.p.i.AbstractProblemLoader Environment load took 93.4ns 
71303      INFO  main            d.u.i.k.p.i.AbstractProblemLoader Creating init config 
73910      DEBUG main            d.u.i.k.p.i.AbstractProblemLoader Init config took 2.61s 
73945      INFO  main            d.u.i.k.p.i.AbstractProblemLoader Replaying proof Cell[Cell::getX()].JML accessible clause.0 
73949      DEBUG main            d.u.i.k.p.i.IntermediateProofReplayer Proof replay took 6.2ns 
74051      INFO  main            d.u.i.k.p.r.p.TestFile    ... finished proof: closed. 
74235      INFO  main            d.u.i.k.p.i.AbstractProblemLoader Loading environment from /home/runner/work/key/key/key.core/../key.ui/examples/heap/SmansEtAl/Cell_getX_dep.key.proof 
74235      DEBUG main            d.u.i.k.p.i.AbstractProblemLoader Environment load took 109.4ns 
74236      INFO  main            d.u.i.k.p.i.AbstractProblemLoader Creating init config 
76753      DEBUG main            d.u.i.k.p.i.AbstractProblemLoader Init config took 2.52s 
76787      INFO  main            d.u.i.k.p.i.AbstractProblemLoader Replaying proof Cell[Cell::getX()].JML accessible clause.0 
76798      DEBUG main            d.u.i.k.p.i.IntermediateProofReplayer Proof replay took 9.17ms 
76799      DEBUG main            d.u.i.k.p.r.p.TestFile    ... success: reloaded. 
76800      INFO  main            d.u.i.k.p.r.p.TestFile    Now processing file /home/runner/work/key/key/key.core/../key.ui/examples/heap/SmansEtAl/Cell_getX.key 
76800      INFO  main            d.u.i.k.p.i.AbstractProblemLoader Loading environment from /home/runner/work/key/key/key.core/../key.ui/examples/heap/SmansEtAl/Cell_getX.key 
76801      DEBUG main            d.u.i.k.p.i.AbstractProblemLoader Environment load took 183.3ns 
76801      INFO  main            d.u.i.k.p.i.AbstractProblemLoader Creating init config 
79375      DEBUG main            d.u.i.k.p.i.AbstractProblemLoader Init config took 2.57s 
79409      INFO  main            d.u.i.k.p.i.AbstractProblemLoader Replaying proof Cell[Cell::getX()].JML normal_behavior operation contract.0 
79411      DEBUG main            d.u.i.k.p.i.IntermediateProofReplayer Proof replay took 5.9ns 
79514      INFO  main            d.u.i.k.p.r.p.TestFile    ... finished proof: closed. 
79701      INFO  main            d.u.i.k.p.i.AbstractProblemLoader Loading environment from /home/runner/work/key/key/key.core/../key.ui/examples/heap/SmansEtAl/Cell_getX.key.proof 
79701      DEBUG main            d.u.i.k.p.i.AbstractProblemLoader Environment load took 114ns 
79705      INFO  main            d.u.i.k.p.i.AbstractProblemLoader Creating init config 
82211      DEBUG main            d.u.i.k.p.i.AbstractProblemLoader Init config took 2.51s 
82257      INFO  main            d.u.i.k.p.i.AbstractProblemLoader Replaying proof Cell[Cell::getX()].JML normal_behavior operation contract.0 
82274      DEBUG main            d.u.i.k.p.i.IntermediateProofReplayer Proof replay took 14.17ms 
82275      DEBUG main            d.u.i.k.p.r.p.TestFile    ... success: reloaded. 
82277      INFO  main            d.u.i.k.p.r.p.TestFile    Now processing file /home/runner/work/key/key/key.core/../key.ui/examples/heap/SmansEtAl/Cell_inv.key 
82277      INFO  main            d.u.i.k.p.i.AbstractProblemLoader Loading environment from /home/runner/work/key/key/key.core/../key.ui/examples/heap/SmansEtAl/Cell_inv.key 
82277      DEBUG main            d.u.i.k.p.i.AbstractProblemLoader Environment load took 193.6ns 
82278      INFO  main            d.u.i.k.p.i.AbstractProblemLoader Creating init config 
84858      DEBUG main            d.u.i.k.p.i.AbstractProblemLoader Init config took 2.58s 
84895      INFO  main            d.u.i.k.p.i.AbstractProblemLoader Replaying proof Cell[java.lang.Object::<inv>()].JML accessible clause.0 
84898      DEBUG main            d.u.i.k.p.i.IntermediateProofReplayer Proof replay took 5.9ns 
84999      INFO  main            d.u.i.k.p.r.p.TestFile    ... finished proof: closed. 
85187      INFO  main            d.u.i.k.p.i.AbstractProblemLoader Loading environment from /home/runner/work/key/key/key.core/../key.ui/examples/heap/SmansEtAl/Cell_inv.key.proof 
85187      DEBUG main            d.u.i.k.p.i.AbstractProblemLoader Environment load took 116ns 
85188      INFO  main            d.u.i.k.p.i.AbstractProblemLoader Creating init config 
87683      DEBUG main            d.u.i.k.p.i.AbstractProblemLoader Init config took 2.5s 
87721      INFO  main            d.u.i.k.p.i.AbstractProblemLoader Replaying proof Cell[java.lang.Object::<inv>()].JML accessible clause.0 
87725      DEBUG main            d.u.i.k.p.i.IntermediateProofReplayer Proof replay took 1.42ms 
87726      DEBUG main            d.u.i.k.p.r.p.TestFile    ... success: reloaded. 
87727      INFO  main            d.u.i.k.p.r.p.TestFile    Now processing file /home/runner/work/key/key/key.core/../key.ui/examples/heap/SmansEtAl/Cell_setX.key 
87727      INFO  main            d.u.i.k.p.i.AbstractProblemLoader Loading environment from /home/runner/work/key/key/key.core/../key.ui/examples/heap/SmansEtAl/Cell_setX.key 
87727      DEBUG main            d.u.i.k.p.i.AbstractProblemLoader Environment load took 58.8ns 
87728      INFO  main            d.u.i.k.p.i.AbstractProblemLoader Creating init config 
90315      DEBUG main            d.u.i.k.p.i.AbstractProblemLoader Init config took 2.59s 
90348      INFO  main            d.u.i.k.p.i.AbstractProblemLoader Replaying proof Cell[Cell::setX(int)].JML normal_behavior operation contract.0 
90349      DEBUG main            d.u.i.k.p.i.IntermediateProofReplayer Proof replay took 6.1ns 
90451      INFO  main            d.u.i.k.p.r.p.TestFile    ... finished proof: closed. 
90654      INFO  main            d.u.i.k.p.i.AbstractProblemLoader Loading environment from /home/runner/work/key/key/key.core/../key.ui/examples/heap/SmansEtAl/Cell_setX.key.proof 
90654      DEBUG main            d.u.i.k.p.i.AbstractProblemLoader Environment load took 104ns 
90655      INFO  main            d.u.i.k.p.i.AbstractProblemLoader Creating init config 
93164      DEBUG main            d.u.i.k.p.i.AbstractProblemLoader Init config took 2.51s 
93202      INFO  main            d.u.i.k.p.i.AbstractProblemLoader Replaying proof Cell[Cell::setX(int)].JML normal_behavior operation contract.0 
93221      DEBUG main            d.u.i.k.p.i.IntermediateProofReplayer Proof replay took 16.92ms 
93222      DEBUG main            d.u.i.k.p.r.p.TestFile    ... success: reloaded. 
93223      INFO  main            d.u.i.k.p.r.p.TestFile    Now processing file /home/runner/work/key/key/key.core/../key.ui/examples/heap/SmansEtAl/CellClient_m.key 
93223      INFO  main            d.u.i.k.p.i.AbstractProblemLoader Loading environment from /home/runner/work/key/key/key.core/../key.ui/examples/heap/SmansEtAl/CellClient_m.key 
93223      DEBUG main            d.u.i.k.p.i.AbstractProblemLoader Environment load took 79.3ns 
93224      INFO  main            d.u.i.k.p.i.AbstractProblemLoader Creating init config 
95753      DEBUG main            d.u.i.k.p.i.AbstractProblemLoader Init config took 2.53s 
95786      INFO  main            d.u.i.k.p.i.AbstractProblemLoader Replaying proof CellClient[CellClient::m()].JML operation contract.0 
95787      DEBUG main            d.u.i.k.p.i.IntermediateProofReplayer Proof replay took 5.9ns 
96290      INFO  main            d.u.i.k.p.r.p.TestFile    ... finished proof: closed. 
96534      INFO  main            d.u.i.k.p.i.AbstractProblemLoader Loading environment from /home/runner/work/key/key/key.core/../key.ui/examples/heap/SmansEtAl/CellClient_m.key.proof 
96534      DEBUG main            d.u.i.k.p.i.AbstractProblemLoader Environment load took 107.1ns 
96535      INFO  main            d.u.i.k.p.i.AbstractProblemLoader Creating init config 
99021      DEBUG main            d.u.i.k.p.i.AbstractProblemLoader Init config took 2.49s 
99053      INFO  main            d.u.i.k.p.i.AbstractProblemLoader Replaying proof CellClient[CellClient::m()].JML operation contract.0 
99135      DEBUG main            d.u.i.k.p.i.IntermediateProofReplayer Proof replay took 78.09ms 
99135      DEBUG main            d.u.i.k.p.r.p.TestFile    ... success: reloaded. 
99136      INFO  main            d.u.i.k.p.r.p.TestFile    Now processing file /home/runner/work/key/key/key.core/../key.ui/examples/heap/SmansEtAl/Iterator_footprint.key 
99136      INFO  main            d.u.i.k.p.i.AbstractProblemLoader Loading environment from /home/runner/work/key/key/key.core/../key.ui/examples/heap/SmansEtAl/Iterator_footprint.key 
99136      DEBUG main            d.u.i.k.p.i.AbstractProblemLoader Environment load took 62.4ns 
99137      INFO  main            d.u.i.k.p.i.AbstractProblemLoader Creating init config 
101696     DEBUG main            d.u.i.k.p.i.AbstractProblemLoader Init config took 2.56s 
101731     INFO  main            d.u.i.k.p.i.AbstractProblemLoader Replaying proof Iterator[Iterator::$footprint()].JML accessible clause.0 
101732     DEBUG main            d.u.i.k.p.i.IntermediateProofReplayer Proof replay took 5.7ns 
101838     INFO  main            d.u.i.k.p.r.p.TestFile    ... finished proof: closed. 
102044     INFO  main            d.u.i.k.p.i.AbstractProblemLoader Loading environment from /home/runner/work/key/key/key.core/../key.ui/examples/heap/SmansEtAl/Iterator_footprint.key.proof 
102044     DEBUG main            d.u.i.k.p.i.AbstractProblemLoader Environment load took 107.8ns 
102045     INFO  main            d.u.i.k.p.i.AbstractProblemLoader Creating init config 
104529     DEBUG main            d.u.i.k.p.i.AbstractProblemLoader Init config took 2.48s 
104564     INFO  main            d.u.i.k.p.i.AbstractProblemLoader Replaying proof Iterator[Iterator::$footprint()].JML accessible clause.0 
104571     DEBUG main            d.u.i.k.p.i.IntermediateProofReplayer Proof replay took 4.75ms 
104572     DEBUG main            d.u.i.k.p.r.p.TestFile    ... success: reloaded. 
104573     INFO  main            d.u.i.k.p.r.p.TestFile    Now processing file /home/runner/work/key/key/key.core/../key.ui/examples/heap/SmansEtAl/Iterator_hasNext_dep.key 
104573     INFO  main            d.u.i.k.p.i.AbstractProblemLoader Loading environment from /home/runner/work/key/key/key.core/../key.ui/examples/heap/SmansEtAl/Iterator_hasNext_dep.key 
104573     DEBUG main            d.u.i.k.p.i.AbstractProblemLoader Environment load took 90.3ns 
104574     INFO  main            d.u.i.k.p.i.AbstractProblemLoader Creating init config 
107128     DEBUG main            d.u.i.k.p.i.AbstractProblemLoader Init config took 2.55s 
107163     INFO  main            d.u.i.k.p.i.AbstractProblemLoader Replaying proof Iterator[Iterator::hasNext()].JML accessible clause.0 
107165     DEBUG main            d.u.i.k.p.i.IntermediateProofReplayer Proof replay took 6.3ns 
107768     INFO  main            d.u.i.k.p.r.p.TestFile    ... finished proof: closed. 
107989     INFO  main            d.u.i.k.p.i.AbstractProblemLoader Loading environment from /home/runner/work/key/key/key.core/../key.ui/examples/heap/SmansEtAl/Iterator_hasNext_dep.key.proof 
107989     DEBUG main            d.u.i.k.p.i.AbstractProblemLoader Environment load took 130.8ns 
107990     INFO  main            d.u.i.k.p.i.AbstractProblemLoader Creating init config 
110508     DEBUG main            d.u.i.k.p.i.AbstractProblemLoader Init config took 2.52s 
110544     INFO  main            d.u.i.k.p.i.AbstractProblemLoader Replaying proof Iterator[Iterator::hasNext()].JML accessible clause.0 
110607     DEBUG main            d.u.i.k.p.i.IntermediateProofReplayer Proof replay took 57.61ms 
110608     DEBUG main            d.u.i.k.p.r.p.TestFile    ... success: reloaded. 
110609     INFO  main            d.u.i.k.p.r.p.TestFile    Now processing file /home/runner/work/key/key/key.core/../key.ui/examples/heap/SmansEtAl/Iterator_hasNext.key 
110609     INFO  main            d.u.i.k.p.i.AbstractProblemLoader Loading environment from /home/runner/work/key/key/key.core/../key.ui/examples/heap/SmansEtAl/Iterator_hasNext.key 
110609     DEBUG main            d.u.i.k.p.i.AbstractProblemLoader Environment load took 155.1ns 
110610     INFO  main            d.u.i.k.p.i.AbstractProblemLoader Creating init config 
113128     DEBUG main            d.u.i.k.p.i.AbstractProblemLoader Init config took 2.52s 
113163     INFO  main            d.u.i.k.p.i.AbstractProblemLoader Replaying proof Iterator[Iterator::hasNext()].JML normal_behavior operation contract.0 
113164     DEBUG main            d.u.i.k.p.i.IntermediateProofReplayer Proof replay took 5.2ns 
113668     INFO  main            d.u.i.k.p.r.p.TestFile    ... finished proof: closed. 
113900     INFO  main            d.u.i.k.p.i.AbstractProblemLoader Loading environment from /home/runner/work/key/key/key.core/../key.ui/examples/heap/SmansEtAl/Iterator_hasNext.key.proof 
113900     DEBUG main            d.u.i.k.p.i.AbstractProblemLoader Environment load took 401ns 
113901     INFO  main            d.u.i.k.p.i.AbstractProblemLoader Creating init config 
116387     DEBUG main            d.u.i.k.p.i.AbstractProblemLoader Init config took 2.49s 
116421     INFO  main            d.u.i.k.p.i.AbstractProblemLoader Replaying proof Iterator[Iterator::hasNext()].JML normal_behavior operation contract.0 
116495     DEBUG main            d.u.i.k.p.i.IntermediateProofReplayer Proof replay took 66.66ms 
116496     DEBUG main            d.u.i.k.p.r.p.TestFile    ... success: reloaded. 
116496     INFO  main            d.u.i.k.p.r.p.TestFile    Now processing file /home/runner/work/key/key/key.core/../key.ui/examples/heap/SmansEtAl/Iterator_inv.key 
116497     INFO  main            d.u.i.k.p.i.AbstractProblemLoader Loading environment from /home/runner/work/key/key/key.core/../key.ui/examples/heap/SmansEtAl/Iterator_inv.key 
116497     DEBUG main            d.u.i.k.p.i.AbstractProblemLoader Environment load took 104.9ns 
116497     INFO  main            d.u.i.k.p.i.AbstractProblemLoader Creating init config 
119032     DEBUG main            d.u.i.k.p.i.AbstractProblemLoader Init config took 2.53s 
119067     INFO  main            d.u.i.k.p.i.AbstractProblemLoader Replaying proof Iterator[java.lang.Object::<inv>()].JML accessible clause.0 
119068     DEBUG main            d.u.i.k.p.i.IntermediateProofReplayer Proof replay took 6.4ns 
119272     INFO  main            d.u.i.k.p.r.p.TestFile    ... finished proof: closed. 
119508     INFO  main            d.u.i.k.p.i.AbstractProblemLoader Loading environment from /home/runner/work/key/key/key.core/../key.ui/examples/heap/SmansEtAl/Iterator_inv.key.proof 
119508     DEBUG main            d.u.i.k.p.i.AbstractProblemLoader Environment load took 99.4ns 
119510     INFO  main            d.u.i.k.p.i.AbstractProblemLoader Creating init config 
121976     DEBUG main            d.u.i.k.p.i.AbstractProblemLoader Init config took 2.47s 
122011     INFO  main            d.u.i.k.p.i.AbstractProblemLoader Replaying proof Iterator[java.lang.Object::<inv>()].JML accessible clause.0 
122028     DEBUG main            d.u.i.k.p.i.IntermediateProofReplayer Proof replay took 15.03ms 
122029     DEBUG main            d.u.i.k.p.r.p.TestFile    ... success: reloaded. 
122030     INFO  main            d.u.i.k.p.r.p.TestFile    Now processing file /home/runner/work/key/key/key.core/../key.ui/examples/heap/SmansEtAl/Iterator_Iterator.key 
122030     INFO  main            d.u.i.k.p.i.AbstractProblemLoader Loading environment from /home/runner/work/key/key/key.core/../key.ui/examples/heap/SmansEtAl/Iterator_Iterator.key 
122030     DEBUG main            d.u.i.k.p.i.AbstractProblemLoader Environment load took 79.2ns 
122031     INFO  main            d.u.i.k.p.i.AbstractProblemLoader Creating init config 
124553     DEBUG main            d.u.i.k.p.i.AbstractProblemLoader Init config took 2.52s 
124588     INFO  main            d.u.i.k.p.i.AbstractProblemLoader Replaying proof Iterator[Iterator::Iterator(ArrayList)].JML normal_behavior operation contract.0 
124589     DEBUG main            d.u.i.k.p.i.IntermediateProofReplayer Proof replay took 5.3ns 
125796     INFO  main            d.u.i.k.p.r.p.TestFile    ... finished proof: closed. 
126035     INFO  main            d.u.i.k.p.i.AbstractProblemLoader Loading environment from /home/runner/work/key/key/key.core/../key.ui/examples/heap/SmansEtAl/Iterator_Iterator.key.proof 
126035     DEBUG main            d.u.i.k.p.i.AbstractProblemLoader Environment load took 111.3ns 
126037     INFO  main            d.u.i.k.p.i.AbstractProblemLoader Creating init config 
128519     DEBUG main            d.u.i.k.p.i.AbstractProblemLoader Init config took 2.48s 
128554     INFO  main            d.u.i.k.p.i.AbstractProblemLoader Replaying proof Iterator[Iterator::Iterator(ArrayList)].JML normal_behavior operation contract.0 
128691     DEBUG main            d.u.i.k.p.i.IntermediateProofReplayer Proof replay took 123.27ms 
128693     DEBUG main            d.u.i.k.p.r.p.TestFile    ... success: reloaded. 
128694     INFO  main            d.u.i.k.p.r.p.TestFile    Now processing file /home/runner/work/key/key/key.core/../key.ui/examples/heap/SmansEtAl/Iterator_list_dep.key 
128694     INFO  main            d.u.i.k.p.i.AbstractProblemLoader Loading environment from /home/runner/work/key/key/key.core/../key.ui/examples/heap/SmansEtAl/Iterator_list_dep.key 
128694     DEBUG main            d.u.i.k.p.i.AbstractProblemLoader Environment load took 202.6ns 
128695     INFO  main            d.u.i.k.p.i.AbstractProblemLoader Creating init config 
131242     DEBUG main            d.u.i.k.p.i.AbstractProblemLoader Init config took 2.55s 
131276     INFO  main            d.u.i.k.p.i.AbstractProblemLoader Replaying proof Iterator[Iterator::list()].JML accessible clause.0 
131277     DEBUG main            d.u.i.k.p.i.IntermediateProofReplayer Proof replay took 6ns 
131382     INFO  main            d.u.i.k.p.r.p.TestFile    ... finished proof: closed. 
131614     INFO  main            d.u.i.k.p.i.AbstractProblemLoader Loading environment from /home/runner/work/key/key/key.core/../key.ui/examples/heap/SmansEtAl/Iterator_list_dep.key.proof 
131614     DEBUG main            d.u.i.k.p.i.AbstractProblemLoader Environment load took 98.1ns 
131615     INFO  main            d.u.i.k.p.i.AbstractProblemLoader Creating init config 
134095     DEBUG main            d.u.i.k.p.i.AbstractProblemLoader Init config took 2.48s 
134128     INFO  main            d.u.i.k.p.i.AbstractProblemLoader Replaying proof Iterator[Iterator::list()].JML accessible clause.0 
134142     DEBUG main            d.u.i.k.p.i.IntermediateProofReplayer Proof replay took 11.87ms 
134143     DEBUG main            d.u.i.k.p.r.p.TestFile    ... success: reloaded. 
134144     INFO  main            d.u.i.k.p.r.p.TestFile    Now processing file /home/runner/work/key/key/key.core/../key.ui/examples/heap/SmansEtAl/Iterator_list.key 
134144     INFO  main            d.u.i.k.p.i.AbstractProblemLoader Loading environment from /home/runner/work/key/key/key.core/../key.ui/examples/heap/SmansEtAl/Iterator_list.key 
134144     DEBUG main            d.u.i.k.p.i.AbstractProblemLoader Environment load took 74.5ns 
134145     INFO  main            d.u.i.k.p.i.AbstractProblemLoader Creating init config 
136668     DEBUG main            d.u.i.k.p.i.AbstractProblemLoader Init config took 2.52s 
136712     INFO  main            d.u.i.k.p.i.AbstractProblemLoader Replaying proof Iterator[Iterator::list()].JML normal_behavior operation contract.0 
136714     DEBUG main            d.u.i.k.p.i.IntermediateProofReplayer Proof replay took 5.6ns 
136816     INFO  main            d.u.i.k.p.r.p.TestFile    ... finished proof: closed. 
137056     INFO  main            d.u.i.k.p.i.AbstractProblemLoader Loading environment from /home/runner/work/key/key/key.core/../key.ui/examples/heap/SmansEtAl/Iterator_list.key.proof 
137056     DEBUG main            d.u.i.k.p.i.AbstractProblemLoader Environment load took 106.3ns 
137057     INFO  main            d.u.i.k.p.i.AbstractProblemLoader Creating init config 
139547     DEBUG main            d.u.i.k.p.i.AbstractProblemLoader Init config took 2.49s 
139587     INFO  main            d.u.i.k.p.i.AbstractProblemLoader Replaying proof Iterator[Iterator::list()].JML normal_behavior operation contract.0 
139601     DEBUG main            d.u.i.k.p.i.IntermediateProofReplayer Proof replay took 12.07ms 
139602     DEBUG main            d.u.i.k.p.r.p.TestFile    ... success: reloaded. 
139603     INFO  main            d.u.i.k.p.r.p.TestFile    Now processing file /home/runner/work/key/key/key.core/../key.ui/examples/heap/SmansEtAl/Iterator_next.key 
139603     INFO  main            d.u.i.k.p.i.AbstractProblemLoader Loading environment from /home/runner/work/key/key/key.core/../key.ui/examples/heap/SmansEtAl/Iterator_next.key 
139603     DEBUG main            d.u.i.k.p.i.AbstractProblemLoader Environment load took 99ns 
139604     INFO  main            d.u.i.k.p.i.AbstractProblemLoader Creating init config 
142102     DEBUG main            d.u.i.k.p.i.AbstractProblemLoader Init config took 2.5s 
142137     INFO  main            d.u.i.k.p.i.AbstractProblemLoader Replaying proof Iterator[Iterator::next()].JML normal_behavior operation contract.0 
142139     DEBUG main            d.u.i.k.p.i.IntermediateProofReplayer Proof replay took 5.9ns 
144549     INFO  main            d.u.i.k.p.r.p.TestFile    ... finished proof: closed. 
144827     INFO  main            d.u.i.k.p.i.AbstractProblemLoader Loading environment from /home/runner/work/key/key/key.core/../key.ui/examples/heap/SmansEtAl/Iterator_next.key.proof 
144829     DEBUG main            d.u.i.k.p.i.AbstractProblemLoader Environment load took 1.54ms 
144830     INFO  main            d.u.i.k.p.i.AbstractProblemLoader Creating init config 
147298     DEBUG main            d.u.i.k.p.i.AbstractProblemLoader Init config took 2.47s 
147332     INFO  main            d.u.i.k.p.i.AbstractProblemLoader Replaying proof Iterator[Iterator::next()].JML normal_behavior operation contract.0 
147588     DEBUG main            d.u.i.k.p.i.IntermediateProofReplayer Proof replay took 235.46ms 
147590     DEBUG main            d.u.i.k.p.r.p.TestFile    ... success: reloaded. 
147591     INFO  main            d.u.i.k.p.r.p.TestFile    Now processing file /home/runner/work/key/key/key.core/../key.ui/examples/heap/SmansEtAl/Stack_footprint.key 
147591     INFO  main            d.u.i.k.p.i.AbstractProblemLoader Loading environment from /home/runner/work/key/key/key.core/../key.ui/examples/heap/SmansEtAl/Stack_footprint.key 
147592     DEBUG main            d.u.i.k.p.i.AbstractProblemLoader Environment load took 175.4ns 
147593     INFO  main            d.u.i.k.p.i.AbstractProblemLoader Creating init config 
150113     DEBUG main            d.u.i.k.p.i.AbstractProblemLoader Init config took 2.52s 
150162     INFO  main            d.u.i.k.p.i.AbstractProblemLoader Replaying proof Stack[Stack::$footprint()].JML accessible clause.0 
150163     DEBUG main            d.u.i.k.p.i.IntermediateProofReplayer Proof replay took 6.3ns 
150366     INFO  main            d.u.i.k.p.r.p.TestFile    ... finished proof: closed. 
150621     INFO  main            d.u.i.k.p.i.AbstractProblemLoader Loading environment from /home/runner/work/key/key/key.core/../key.ui/examples/heap/SmansEtAl/Stack_footprint.key.proof 
150621     DEBUG main            d.u.i.k.p.i.AbstractProblemLoader Environment load took 97.2ns 
150622     INFO  main            d.u.i.k.p.i.AbstractProblemLoader Creating init config 
153084     DEBUG main            d.u.i.k.p.i.AbstractProblemLoader Init config took 2.46s 
153116     INFO  main            d.u.i.k.p.i.AbstractProblemLoader Replaying proof Stack[Stack::$footprint()].JML accessible clause.0 
153135     DEBUG main            d.u.i.k.p.i.IntermediateProofReplayer Proof replay took 17.13ms 
153136     DEBUG main            d.u.i.k.p.r.p.TestFile    ... success: reloaded. 
153137     INFO  main            d.u.i.k.p.r.p.TestFile    Now processing file /home/runner/work/key/key/key.core/../key.ui/examples/heap/SmansEtAl/Stack_inv.key 
153138     INFO  main            d.u.i.k.p.i.AbstractProblemLoader Loading environment from /home/runner/work/key/key/key.core/../key.ui/examples/heap/SmansEtAl/Stack_inv.key 
153138     DEBUG main            d.u.i.k.p.i.AbstractProblemLoader Environment load took 175.9ns 
153139     INFO  main            d.u.i.k.p.i.AbstractProblemLoader Creating init config 
155665     DEBUG main            d.u.i.k.p.i.AbstractProblemLoader Init config took 2.53s 
155697     INFO  main            d.u.i.k.p.i.AbstractProblemLoader Replaying proof Stack[java.lang.Object::<inv>()].JML accessible clause.0 
155699     DEBUG main            d.u.i.k.p.i.IntermediateProofReplayer Proof replay took 5.9ns 
155800     INFO  main            d.u.i.k.p.r.p.TestFile    ... finished proof: closed. 
156063     INFO  main            d.u.i.k.p.i.AbstractProblemLoader Loading environment from /home/runner/work/key/key/key.core/../key.ui/examples/heap/SmansEtAl/Stack_inv.key.proof 
156063     DEBUG main            d.u.i.k.p.i.AbstractProblemLoader Environment load took 94.3ns 
156064     INFO  main            d.u.i.k.p.i.AbstractProblemLoader Creating init config 
158520     DEBUG main            d.u.i.k.p.i.AbstractProblemLoader Init config took 2.46s 
158552     INFO  main            d.u.i.k.p.i.AbstractProblemLoader Replaying proof Stack[java.lang.Object::<inv>()].JML accessible clause.0 
158561     DEBUG main            d.u.i.k.p.i.IntermediateProofReplayer Proof replay took 6.99ms 
158561     DEBUG main            d.u.i.k.p.r.p.TestFile    ... success: reloaded. 
158562     INFO  main            d.u.i.k.p.r.p.TestFile    Now processing file /home/runner/work/key/key/key.core/../key.ui/examples/heap/SmansEtAl/Stack_push.key 
158562     INFO  main            d.u.i.k.p.i.AbstractProblemLoader Loading environment from /home/runner/work/key/key/key.core/../key.ui/examples/heap/SmansEtAl/Stack_push.key 
158563     DEBUG main            d.u.i.k.p.i.AbstractProblemLoader Environment load took 183.7ns 
158563     INFO  main            d.u.i.k.p.i.AbstractProblemLoader Creating init config 
161073     DEBUG main            d.u.i.k.p.i.AbstractProblemLoader Init config took 2.51s 
161107     INFO  main            d.u.i.k.p.i.AbstractProblemLoader Replaying proof Stack[Stack::push(java.lang.Object)].JML normal_behavior operation contract.0 
161108     DEBUG main            d.u.i.k.p.i.IntermediateProofReplayer Proof replay took 4.9ns 
161811     INFO  main            d.u.i.k.p.r.p.TestFile    ... finished proof: closed. 
162073     INFO  main            d.u.i.k.p.i.AbstractProblemLoader Loading environment from /home/runner/work/key/key/key.core/../key.ui/examples/heap/SmansEtAl/Stack_push.key.proof 
162074     DEBUG main            d.u.i.k.p.i.AbstractProblemLoader Environment load took 1.11ms 
162075     INFO  main            d.u.i.k.p.i.AbstractProblemLoader Creating init config 
164537     DEBUG main            d.u.i.k.p.i.AbstractProblemLoader Init config took 2.46s 
164570     INFO  main            d.u.i.k.p.i.AbstractProblemLoader Replaying proof Stack[Stack::push(java.lang.Object)].JML normal_behavior operation contract.0 
164660     DEBUG main            d.u.i.k.p.i.IntermediateProofReplayer Proof replay took 84.7ms 
164662     DEBUG main            d.u.i.k.p.r.p.TestFile    ... success: reloaded. 
164665     INFO  main            d.u.i.k.p.r.p.TestFile    Now processing file /home/runner/work/key/key/key.core/../key.ui/examples/heap/SmansEtAl/Stack_size.key 
164665     INFO  main            d.u.i.k.p.i.AbstractProblemLoader Loading environment from /home/runner/work/key/key/key.core/../key.ui/examples/heap/SmansEtAl/Stack_size.key 
164666     DEBUG main            d.u.i.k.p.i.AbstractProblemLoader Environment load took 201.1ns 
164666     INFO  main            d.u.i.k.p.i.AbstractProblemLoader Creating init config 
167192     DEBUG main            d.u.i.k.p.i.AbstractProblemLoader Init config took 2.53s 
167242     INFO  main            d.u.i.k.p.i.AbstractProblemLoader Replaying proof Stack[Stack::size()].JML accessible clause.0 
167243     DEBUG main            d.u.i.k.p.i.IntermediateProofReplayer Proof replay took 5.8ns 
167445     INFO  main            d.u.i.k.p.r.p.TestFile    ... finished proof: closed. 
167719     INFO  main            d.u.i.k.p.i.AbstractProblemLoader Loading environment from /home/runner/work/key/key/key.core/../key.ui/examples/heap/SmansEtAl/Stack_size.key.proof 
167720     DEBUG main            d.u.i.k.p.i.AbstractProblemLoader Environment load took 103.2ns 
167720     INFO  main            d.u.i.k.p.i.AbstractProblemLoader Creating init config 
170180     DEBUG main            d.u.i.k.p.i.AbstractProblemLoader Init config took 2.46s 
170213     INFO  main            d.u.i.k.p.i.AbstractProblemLoader Replaying proof Stack[Stack::size()].JML accessible clause.0 
170243     DEBUG main            d.u.i.k.p.i.IntermediateProofReplayer Proof replay took 27.73ms 
170244     DEBUG main            d.u.i.k.p.r.p.TestFile    ... success: reloaded. 
170245     INFO  main            d.u.i.k.p.r.p.TestFile    Now processing file /home/runner/work/key/key/key.core/../key.ui/examples/heap/SmansEtAl/Stack_Stack.key 
170245     INFO  main            d.u.i.k.p.i.AbstractProblemLoader Loading environment from /home/runner/work/key/key/key.core/../key.ui/examples/heap/SmansEtAl/Stack_Stack.key 
170245     DEBUG main            d.u.i.k.p.i.AbstractProblemLoader Environment load took 158.5ns 
170246     INFO  main            d.u.i.k.p.i.AbstractProblemLoader Creating init config 
172768     DEBUG main            d.u.i.k.p.i.AbstractProblemLoader Init config took 2.52s 
172822     INFO  main            d.u.i.k.p.i.AbstractProblemLoader Replaying proof Stack[Stack::Stack()].JML normal_behavior operation contract.0 
172823     DEBUG main            d.u.i.k.p.i.IntermediateProofReplayer Proof replay took 6.1ns 
173728     INFO  main            d.u.i.k.p.r.p.TestFile    ... finished proof: closed. 
174044     INFO  main            d.u.i.k.p.i.AbstractProblemLoader Loading environment from /home/runner/work/key/key/key.core/../key.ui/examples/heap/SmansEtAl/Stack_Stack.key.proof 
174044     DEBUG main            d.u.i.k.p.i.AbstractProblemLoader Environment load took 380.1ns 
174045     INFO  main            d.u.i.k.p.i.AbstractProblemLoader Creating init config 
176530     DEBUG main            d.u.i.k.p.i.AbstractProblemLoader Init config took 2.48s 
176564     INFO  main            d.u.i.k.p.i.AbstractProblemLoader Replaying proof Stack[Stack::Stack()].JML normal_behavior operation contract.0 
176700     DEBUG main            d.u.i.k.p.i.IntermediateProofReplayer Proof replay took 129.47ms 
176701     DEBUG main            d.u.i.k.p.r.p.TestFile    ... success: reloaded. 
176702     INFO  main            d.u.i.k.p.r.p.TestFile    Now processing file /home/runner/work/key/key/key.core/../key.ui/examples/heap/SmansEtAl/Stack_switchContents.key 
176702     INFO  main            d.u.i.k.p.i.AbstractProblemLoader Loading environment from /home/runner/work/key/key/key.core/../key.ui/examples/heap/SmansEtAl/Stack_switchContents.key 
176702     DEBUG main            d.u.i.k.p.i.AbstractProblemLoader Environment load took 57.9ns 
176703     INFO  main            d.u.i.k.p.i.AbstractProblemLoader Creating init config 
179200     DEBUG main            d.u.i.k.p.i.AbstractProblemLoader Init config took 2.5s 
179233     INFO  main            d.u.i.k.p.i.AbstractProblemLoader Replaying proof Stack[Stack::switchContents(Stack)].JML normal_behavior operation contract.0 
179234     DEBUG main            d.u.i.k.p.i.IntermediateProofReplayer Proof replay took 5.5ns 
183466     INFO  main            d.u.i.k.p.r.p.TestFile    ... finished proof: closed. 
183777     INFO  main            d.u.i.k.p.i.AbstractProblemLoader Loading environment from /home/runner/work/key/key/key.core/../key.ui/examples/heap/SmansEtAl/Stack_switchContents.key.proof 
183777     DEBUG main            d.u.i.k.p.i.AbstractProblemLoader Environment load took 160.7ns 
183779     INFO  main            d.u.i.k.p.i.AbstractProblemLoader Creating init config 
186239     DEBUG main            d.u.i.k.p.i.AbstractProblemLoader Init config took 2.46s 
186272     INFO  main            d.u.i.k.p.i.AbstractProblemLoader Replaying proof Stack[Stack::switchContents(Stack)].JML normal_behavior operation contract.0 
186524     DEBUG main            d.u.i.k.p.i.IntermediateProofReplayer Proof replay took 236.82ms 
186526     DEBUG main            d.u.i.k.p.r.p.TestFile    ... success: reloaded. 
1940590    INFO  Test worker     d.u.i.k.p.r.RunAllProofsTestUnit Returning from test SmansEtAl 
1940591    INFO  Test worker     d.u.i.k.p.r.RunAllProofsTestUnit Running test VACID0 
376        INFO  Timeout watchdog d.u.i.k.p.r.p.ForkedTestFileRunner Timeout watcher launched (2000 secs.) 
395        WARN  main            d.u.i.k.s.ProofSettings   The settings in /home/runner/.key/proof-settings.props are *not* read. 
421        INFO  main            d.u.i.k.p.r.p.TestFile    Now processing file /home/runner/work/key/key/key.core/../key.ui/examples/heap/vacid0_01_SparseArray/Harness_sparseArrayTestHarness1.key 
519        INFO  main            d.u.i.k.p.i.AbstractProblemLoader Loading environment from /home/runner/work/key/key/key.core/../key.ui/examples/heap/vacid0_01_SparseArray/Harness_sparseArrayTestHarness1.key 
548        DEBUG main            d.u.i.k.p.i.AbstractProblemLoader Environment load took 2.05ms 
771        INFO  main            d.u.i.k.p.i.AbstractProblemLoader Creating init config 
1750       DEBUG main            d.u.i.k.j.TypeConverter   No LDT found for Meta 
1750       DEBUG main            d.u.i.k.j.TypeConverter   No LDT found for Meta 
1753       DEBUG main            d.u.i.k.j.TypeConverter   No LDT found for Meta 
1753       DEBUG main            d.u.i.k.j.TypeConverter   No LDT found for Meta 
3114       DEBUG main            d.u.i.k.j.TypeConverter   No LDT found for JavaBigintExpression 
7959       DEBUG main            d.u.i.k.p.i.AbstractProblemLoader Init config took 7.19s 
8086       INFO  main            d.u.i.k.p.i.AbstractProblemLoader Replaying proof Harness[Harness::sparseArrayTestHarness1()].JML normal_behavior operation contract.0 
8116       DEBUG main            d.u.i.k.p.i.IntermediateProofReplayer Proof replay took 30.2ns 
9438       INFO  main            d.u.i.k.p.r.p.TestFile    ... finished proof: closed. 
9564       INFO  main            d.u.i.k.p.i.AbstractProblemLoader Loading environment from /home/runner/work/key/key/key.core/../key.ui/examples/heap/vacid0_01_SparseArray/Harness_sparseArrayTestHarness1.key.proof 
9564       DEBUG main            d.u.i.k.p.i.AbstractProblemLoader Environment load took 433.6ns 
9566       INFO  main            d.u.i.k.p.i.AbstractProblemLoader Creating init config 
12356      DEBUG main            d.u.i.k.p.i.AbstractProblemLoader Init config took 2.79s 
12414      INFO  main            d.u.i.k.p.i.AbstractProblemLoader Replaying proof Harness[Harness::sparseArrayTestHarness1()].JML normal_behavior operation contract.0 
12557      DEBUG main            d.u.i.k.p.i.IntermediateProofReplayer Proof replay took 133.65ms 
12564      DEBUG main            d.u.i.k.p.r.p.TestFile    ... success: reloaded. 
12566      INFO  main            d.u.i.k.p.r.p.TestFile    Now processing file /home/runner/work/key/key/key.core/../key.ui/examples/heap/vacid0_01_SparseArray/Harness_sparseArrayTestHarness2.key 
12566      INFO  main            d.u.i.k.p.i.AbstractProblemLoader Loading environment from /home/runner/work/key/key/key.core/../key.ui/examples/heap/vacid0_01_SparseArray/Harness_sparseArrayTestHarness2.key 
12566      DEBUG main            d.u.i.k.p.i.AbstractProblemLoader Environment load took 223.7ns 
12568      INFO  main            d.u.i.k.p.i.AbstractProblemLoader Creating init config 
15236      DEBUG main            d.u.i.k.p.i.AbstractProblemLoader Init config took 2.67s 
15291      INFO  main            d.u.i.k.p.i.AbstractProblemLoader Replaying proof Harness[Harness::sparseArrayTestHarness2()].JML normal_behavior operation contract.0 
15294      DEBUG main            d.u.i.k.p.i.IntermediateProofReplayer Proof replay took 6.4ns 
26248      INFO  main            d.u.i.k.p.r.p.TestFile    ... finished proof: closed. 
26447      INFO  main            d.u.i.k.p.i.AbstractProblemLoader Loading environment from /home/runner/work/key/key/key.core/../key.ui/examples/heap/vacid0_01_SparseArray/Harness_sparseArrayTestHarness2.key.proof 
26454      DEBUG main            d.u.i.k.p.i.AbstractProblemLoader Environment load took 7.3ms 
26457      INFO  main            d.u.i.k.p.i.AbstractProblemLoader Creating init config 
28984      DEBUG main            d.u.i.k.p.i.AbstractProblemLoader Init config took 2.53s 
29046      INFO  main            d.u.i.k.p.i.AbstractProblemLoader Replaying proof Harness[Harness::sparseArrayTestHarness2()].JML normal_behavior operation contract.0 
29911      DEBUG main            d.u.i.k.p.i.IntermediateProofReplayer Proof replay took 814.53ms 
29914      DEBUG main            d.u.i.k.p.r.p.TestFile    ... success: reloaded. 
29915      INFO  main            d.u.i.k.p.r.p.TestFile    Now processing file /home/runner/work/key/key/key.core/../key.ui/examples/heap/vacid0_01_SparseArray/MemoryAllocator_alloc_unsigned.key 
29916      INFO  main            d.u.i.k.p.i.AbstractProblemLoader Loading environment from /home/runner/work/key/key/key.core/../key.ui/examples/heap/vacid0_01_SparseArray/MemoryAllocator_alloc_unsigned.key 
29916      DEBUG main            d.u.i.k.p.i.AbstractProblemLoader Environment load took 221.3ns 
29917      INFO  main            d.u.i.k.p.i.AbstractProblemLoader Creating init config 
32550      DEBUG main            d.u.i.k.p.i.AbstractProblemLoader Init config took 2.63s 
32593      INFO  main            d.u.i.k.p.i.AbstractProblemLoader Replaying proof MemoryAllocator[MemoryAllocator::alloc_unsigned(int)].JML normal_behavior operation contract.0 
32595      DEBUG main            d.u.i.k.p.i.IntermediateProofReplayer Proof replay took 4.9ns 
33504      INFO  main            d.u.i.k.p.r.p.TestFile    ... finished proof: closed. 
33665      INFO  main            d.u.i.k.p.i.AbstractProblemLoader Loading environment from /home/runner/work/key/key/key.core/../key.ui/examples/heap/vacid0_01_SparseArray/MemoryAllocator_alloc_unsigned.key.proof 
33665      DEBUG main            d.u.i.k.p.i.AbstractProblemLoader Environment load took 385ns 
33669      INFO  main            d.u.i.k.p.i.AbstractProblemLoader Creating init config 
36164      DEBUG main            d.u.i.k.p.i.AbstractProblemLoader Init config took 2.5s 
36214      INFO  main            d.u.i.k.p.i.AbstractProblemLoader Replaying proof MemoryAllocator[MemoryAllocator::alloc_unsigned(int)].JML normal_behavior operation contract.0 
36360      DEBUG main            d.u.i.k.p.i.IntermediateProofReplayer Proof replay took 136.84ms 
36362      DEBUG main            d.u.i.k.p.r.p.TestFile    ... success: reloaded. 
36363      INFO  main            d.u.i.k.p.r.p.TestFile    Now processing file /home/runner/work/key/key/key.core/../key.ui/examples/heap/vacid0_01_SparseArray/MemoryAllocator_alloc.key 
36363      INFO  main            d.u.i.k.p.i.AbstractProblemLoader Loading environment from /home/runner/work/key/key/key.core/../key.ui/examples/heap/vacid0_01_SparseArray/MemoryAllocator_alloc.key 
36364      DEBUG main            d.u.i.k.p.i.AbstractProblemLoader Environment load took 197ns 
36365      INFO  main            d.u.i.k.p.i.AbstractProblemLoader Creating init config 
38896      DEBUG main            d.u.i.k.p.i.AbstractProblemLoader Init config took 2.53s 
38936      INFO  main            d.u.i.k.p.i.AbstractProblemLoader Replaying proof MemoryAllocator[MemoryAllocator::alloc(int)].JML normal_behavior operation contract.0 
38938      DEBUG main            d.u.i.k.p.i.IntermediateProofReplayer Proof replay took 5.7ns 
39542      INFO  main            d.u.i.k.p.r.p.TestFile    ... finished proof: closed. 
39798      INFO  main            d.u.i.k.p.i.AbstractProblemLoader Loading environment from /home/runner/work/key/key/key.core/../key.ui/examples/heap/vacid0_01_SparseArray/MemoryAllocator_alloc.key.proof 
39799      DEBUG main            d.u.i.k.p.i.AbstractProblemLoader Environment load took 457.4ns 
39800      INFO  main            d.u.i.k.p.i.AbstractProblemLoader Creating init config 
42251      DEBUG main            d.u.i.k.p.i.AbstractProblemLoader Init config took 2.45s 
42292      INFO  main            d.u.i.k.p.i.AbstractProblemLoader Replaying proof MemoryAllocator[MemoryAllocator::alloc(int)].JML normal_behavior operation contract.0 
42389      DEBUG main            d.u.i.k.p.i.IntermediateProofReplayer Proof replay took 93.07ms 
42390      DEBUG main            d.u.i.k.p.r.p.TestFile    ... success: reloaded. 
42392      INFO  main            d.u.i.k.p.r.p.TestFile    Now processing file /home/runner/work/key/key/key.core/../key.ui/examples/heap/vacid0_01_SparseArray/SparseArray_get_dep.key 
42392      INFO  main            d.u.i.k.p.i.AbstractProblemLoader Loading environment from /home/runner/work/key/key/key.core/../key.ui/examples/heap/vacid0_01_SparseArray/SparseArray_get_dep.key 
42392      DEBUG main            d.u.i.k.p.i.AbstractProblemLoader Environment load took 198.4ns 
42393      INFO  main            d.u.i.k.p.i.AbstractProblemLoader Creating init config 
44938      DEBUG main            d.u.i.k.p.i.AbstractProblemLoader Init config took 2.54s 
45008      INFO  main            d.u.i.k.p.i.AbstractProblemLoader Replaying proof SparseArray[SparseArray::get(int)].JML accessible clause.0 
45009      DEBUG main            d.u.i.k.p.i.IntermediateProofReplayer Proof replay took 5.5ns 
47115      INFO  main            d.u.i.k.p.r.p.TestFile    ... finished proof: closed. 
47326      INFO  main            d.u.i.k.p.i.AbstractProblemLoader Loading environment from /home/runner/work/key/key/key.core/../key.ui/examples/heap/vacid0_01_SparseArray/SparseArray_get_dep.key.proof 
47327      DEBUG main            d.u.i.k.p.i.AbstractProblemLoader Environment load took 418.5ns 
47328      INFO  main            d.u.i.k.p.i.AbstractProblemLoader Creating init config 
49825      DEBUG main            d.u.i.k.p.i.AbstractProblemLoader Init config took 2.5s 
49883      INFO  main            d.u.i.k.p.i.AbstractProblemLoader Replaying proof SparseArray[SparseArray::get(int)].JML accessible clause.0 
50041      DEBUG main            d.u.i.k.p.i.IntermediateProofReplayer Proof replay took 147.41ms 
50042      DEBUG main            d.u.i.k.p.r.p.TestFile    ... success: reloaded. 
50043      INFO  main            d.u.i.k.p.r.p.TestFile    Now processing file /home/runner/work/key/key/key.core/../key.ui/examples/heap/vacid0_01_SparseArray/SparseArray_get.key 
50044      INFO  main            d.u.i.k.p.i.AbstractProblemLoader Loading environment from /home/runner/work/key/key/key.core/../key.ui/examples/heap/vacid0_01_SparseArray/SparseArray_get.key 
50044      DEBUG main            d.u.i.k.p.i.AbstractProblemLoader Environment load took 206.2ns 
50045      INFO  main            d.u.i.k.p.i.AbstractProblemLoader Creating init config 
52563      DEBUG main            d.u.i.k.p.i.AbstractProblemLoader Init config took 2.52s 
52626      INFO  main            d.u.i.k.p.i.AbstractProblemLoader Replaying proof SparseArray[SparseArray::get(int)].JML normal_behavior operation contract.0 
52627      DEBUG main            d.u.i.k.p.i.IntermediateProofReplayer Proof replay took 5.4ns 
54686      INFO  main            d.u.i.k.p.r.p.TestFile    ... finished proof: closed. 
54866      INFO  main            d.u.i.k.p.i.AbstractProblemLoader Loading environment from /home/runner/work/key/key/key.core/../key.ui/examples/heap/vacid0_01_SparseArray/SparseArray_get.key.proof 
54866      DEBUG main            d.u.i.k.p.i.AbstractProblemLoader Environment load took 112ns 
54867      INFO  main            d.u.i.k.p.i.AbstractProblemLoader Creating init config 
57310      DEBUG main            d.u.i.k.p.i.AbstractProblemLoader Init config took 2.44s 
57367      INFO  main            d.u.i.k.p.i.AbstractProblemLoader Replaying proof SparseArray[SparseArray::get(int)].JML normal_behavior operation contract.0 
57543      DEBUG main            d.u.i.k.p.i.IntermediateProofReplayer Proof replay took 168.13ms 
57544      DEBUG main            d.u.i.k.p.r.p.TestFile    ... success: reloaded. 
57545      INFO  main            d.u.i.k.p.r.p.TestFile    Now processing file /home/runner/work/key/key/key.core/../key.ui/examples/heap/vacid0_01_SparseArray/SparseArray_inv.key 
57546      INFO  main            d.u.i.k.p.i.AbstractProblemLoader Loading environment from /home/runner/work/key/key/key.core/../key.ui/examples/heap/vacid0_01_SparseArray/SparseArray_inv.key 
57546      DEBUG main            d.u.i.k.p.i.AbstractProblemLoader Environment load took 92.7ns 
57546      INFO  main            d.u.i.k.p.i.AbstractProblemLoader Creating init config 
60003      DEBUG main            d.u.i.k.p.i.AbstractProblemLoader Init config took 2.46s 
60059      INFO  main            d.u.i.k.p.i.AbstractProblemLoader Replaying proof SparseArray[java.lang.Object::<inv>()].JML accessible clause.0 
60060      DEBUG main            d.u.i.k.p.i.IntermediateProofReplayer Proof replay took 5.8ns 
61794      INFO  main            d.u.i.k.p.r.p.TestFile    ... finished proof: closed. 
61963      INFO  main            d.u.i.k.p.i.AbstractProblemLoader Loading environment from /home/runner/work/key/key/key.core/../key.ui/examples/heap/vacid0_01_SparseArray/SparseArray_inv.key.proof 
61964      DEBUG main            d.u.i.k.p.i.AbstractProblemLoader Environment load took 486.6ns 
61965      INFO  main            d.u.i.k.p.i.AbstractProblemLoader Creating init config 
64431      DEBUG main            d.u.i.k.p.i.AbstractProblemLoader Init config took 2.47s 
64486      INFO  main            d.u.i.k.p.i.AbstractProblemLoader Replaying proof SparseArray[java.lang.Object::<inv>()].JML accessible clause.0 
64547      DEBUG main            d.u.i.k.p.i.IntermediateProofReplayer Proof replay took 56.8ms 
64548      DEBUG main            d.u.i.k.p.r.p.TestFile    ... success: reloaded. 
64549      INFO  main            d.u.i.k.p.r.p.TestFile    Now processing file /home/runner/work/key/key/key.core/../key.ui/examples/heap/vacid0_01_SparseArray/SparseArray_SparseArray.key 
64550      INFO  main            d.u.i.k.p.i.AbstractProblemLoader Loading environment from /home/runner/work/key/key/key.core/../key.ui/examples/heap/vacid0_01_SparseArray/SparseArray_SparseArray.key 
64550      DEBUG main            d.u.i.k.p.i.AbstractProblemLoader Environment load took 127.2ns 
64551      INFO  main            d.u.i.k.p.i.AbstractProblemLoader Creating init config 
66998      DEBUG main            d.u.i.k.p.i.AbstractProblemLoader Init config took 2.45s 
67054      INFO  main            d.u.i.k.p.i.AbstractProblemLoader Replaying proof SparseArray[SparseArray::SparseArray(int)].JML normal_behavior operation contract.0 
67056      DEBUG main            d.u.i.k.p.i.IntermediateProofReplayer Proof replay took 6.3ns 
70084      INFO  main            d.u.i.k.p.r.p.TestFile    ... finished proof: closed. 
70305      INFO  main            d.u.i.k.p.i.AbstractProblemLoader Loading environment from /home/runner/work/key/key/key.core/../key.ui/examples/heap/vacid0_01_SparseArray/SparseArray_SparseArray.key.proof 
70306      DEBUG main            d.u.i.k.p.i.AbstractProblemLoader Environment load took 154.8ns 
70307      INFO  main            d.u.i.k.p.i.AbstractProblemLoader Creating init config 
72768      DEBUG main            d.u.i.k.p.i.AbstractProblemLoader Init config took 2.46s 
72825      INFO  main            d.u.i.k.p.i.AbstractProblemLoader Replaying proof SparseArray[SparseArray::SparseArray(int)].JML normal_behavior operation contract.0 
73113      DEBUG main            d.u.i.k.p.i.IntermediateProofReplayer Proof replay took 277.53ms 
73114      DEBUG main            d.u.i.k.p.r.p.TestFile    ... success: reloaded. 
2013878    INFO  Test worker     d.u.i.k.p.r.RunAllProofsTestUnit Returning from test VACID0 
2013879    INFO  Test worker     d.u.i.k.p.r.RunAllProofsTestUnit Running test VSTTE10 
331        INFO  Timeout watchdog d.u.i.k.p.r.p.ForkedTestFileRunner Timeout watcher launched (2000 secs.) 
336        WARN  main            d.u.i.k.s.ProofSettings   The settings in /home/runner/.key/proof-settings.props are *not* read. 
378        INFO  main            d.u.i.k.p.r.p.TestFile    Now processing file /home/runner/work/key/key/key.core/../key.ui/examples/heap/vstte10_01_SumAndMax/SumAndMax_sumAndMax.key 
492        INFO  main            d.u.i.k.p.i.AbstractProblemLoader Loading environment from /home/runner/work/key/key/key.core/../key.ui/examples/heap/vstte10_01_SumAndMax/SumAndMax_sumAndMax.key 
508        DEBUG main            d.u.i.k.p.i.AbstractProblemLoader Environment load took 2.16ms 
714        INFO  main            d.u.i.k.p.i.AbstractProblemLoader Creating init config 
1632       DEBUG main            d.u.i.k.j.TypeConverter   No LDT found for Meta 
1636       DEBUG main            d.u.i.k.j.TypeConverter   No LDT found for Meta 
1637       DEBUG main            d.u.i.k.j.TypeConverter   No LDT found for Meta 
1639       DEBUG main            d.u.i.k.j.TypeConverter   No LDT found for Meta 
2816       DEBUG main            d.u.i.k.j.TypeConverter   No LDT found for JavaBigintExpression 
7602       DEBUG main            d.u.i.k.p.i.AbstractProblemLoader Init config took 6.89s 
7723       INFO  main            d.u.i.k.p.i.AbstractProblemLoader Replaying proof SumAndMax[SumAndMax::sumAndMax([I)].JML normal_behavior operation contract.0 
7761       DEBUG main            d.u.i.k.p.i.IntermediateProofReplayer Proof replay took 30ns 
12492      INFO  main            d.u.i.k.p.r.p.TestFile    ... finished proof: closed. 
12667      INFO  main            d.u.i.k.p.i.AbstractProblemLoader Loading environment from /home/runner/work/key/key/key.core/../key.ui/examples/heap/vstte10_01_SumAndMax/SumAndMax_sumAndMax.key.proof 
12667      DEBUG main            d.u.i.k.p.i.AbstractProblemLoader Environment load took 442.1ns 
12670      INFO  main            d.u.i.k.p.i.AbstractProblemLoader Creating init config 
15473      DEBUG main            d.u.i.k.p.i.AbstractProblemLoader Init config took 2.8s 
15533      INFO  main            d.u.i.k.p.i.AbstractProblemLoader Replaying proof SumAndMax[SumAndMax::sumAndMax([I)].JML normal_behavior operation contract.0 
16018      DEBUG main            d.u.i.k.p.i.IntermediateProofReplayer Proof replay took 464.4ms 
16026      DEBUG main            d.u.i.k.p.r.p.TestFile    ... success: reloaded. 
16028      INFO  main            d.u.i.k.p.r.p.TestFile    Now processing file /home/runner/work/key/key/key.core/../key.ui/examples/heap/vstte10_03_LinkedList/Node_cons.key 
16028      INFO  main            d.u.i.k.p.i.AbstractProblemLoader Loading environment from /home/runner/work/key/key/key.core/../key.ui/examples/heap/vstte10_03_LinkedList/Node_cons.key 
16028      DEBUG main            d.u.i.k.p.i.AbstractProblemLoader Environment load took 218.5ns 
16030      INFO  main            d.u.i.k.p.i.AbstractProblemLoader Creating init config 
18954      DEBUG main            d.u.i.k.p.i.AbstractProblemLoader Init config took 2.92s 
19028      INFO  main            d.u.i.k.p.i.AbstractProblemLoader Replaying proof Node[Node::cons(int,Node)].JML normal_behavior operation contract.0 
19032      DEBUG main            d.u.i.k.p.i.IntermediateProofReplayer Proof replay took 5.8ns 
20663      INFO  main            d.u.i.k.p.r.p.TestFile    ... finished proof: closed. 
20814      INFO  main            d.u.i.k.p.i.AbstractProblemLoader Loading environment from /home/runner/work/key/key/key.core/../key.ui/examples/heap/vstte10_03_LinkedList/Node_cons.key.proof 
20816      DEBUG main            d.u.i.k.p.i.AbstractProblemLoader Environment load took 1.41ms 
20819      INFO  main            d.u.i.k.p.i.AbstractProblemLoader Creating init config 
23542      DEBUG main            d.u.i.k.p.i.AbstractProblemLoader Init config took 2.72s 
23596      INFO  main            d.u.i.k.p.i.AbstractProblemLoader Replaying proof Node[Node::cons(int,Node)].JML normal_behavior operation contract.0 
23783      DEBUG main            d.u.i.k.p.i.IntermediateProofReplayer Proof replay took 175.66ms 
23784      DEBUG main            d.u.i.k.p.r.p.TestFile    ... success: reloaded. 
23785      INFO  main            d.u.i.k.p.r.p.TestFile    Now processing file /home/runner/work/key/key/key.core/../key.ui/examples/heap/vstte10_03_LinkedList/Node_inv.key 
23786      INFO  main            d.u.i.k.p.i.AbstractProblemLoader Loading environment from /home/runner/work/key/key/key.core/../key.ui/examples/heap/vstte10_03_LinkedList/Node_inv.key 
23786      DEBUG main            d.u.i.k.p.i.AbstractProblemLoader Environment load took 198.6ns 
23787      INFO  main            d.u.i.k.p.i.AbstractProblemLoader Creating init config 
26464      DEBUG main            d.u.i.k.p.i.AbstractProblemLoader Init config took 2.68s 
26519      INFO  main            d.u.i.k.p.i.AbstractProblemLoader Replaying proof Node[java.lang.Object::<inv>()].JML accessible clause.0 
26521      DEBUG main            d.u.i.k.p.i.IntermediateProofReplayer Proof replay took 5.3ns 
26824      INFO  main            d.u.i.k.p.r.p.TestFile    ... finished proof: closed. 
26971      INFO  main            d.u.i.k.p.i.AbstractProblemLoader Loading environment from /home/runner/work/key/key/key.core/../key.ui/examples/heap/vstte10_03_LinkedList/Node_inv.key.proof 
26971      DEBUG main            d.u.i.k.p.i.AbstractProblemLoader Environment load took 120ns 
26972      INFO  main            d.u.i.k.p.i.AbstractProblemLoader Creating init config 
29640      DEBUG main            d.u.i.k.p.i.AbstractProblemLoader Init config took 2.67s 
29691      INFO  main            d.u.i.k.p.i.AbstractProblemLoader Replaying proof Node[java.lang.Object::<inv>()].JML accessible clause.0 
29717      DEBUG main            d.u.i.k.p.i.IntermediateProofReplayer Proof replay took 22.25ms 
29718      DEBUG main            d.u.i.k.p.r.p.TestFile    ... success: reloaded. 
29720      INFO  main            d.u.i.k.p.r.p.TestFile    Now processing file /home/runner/work/key/key/key.core/../key.ui/examples/heap/vstte10_03_LinkedList/Node_search.key 
29720      INFO  main            d.u.i.k.p.i.AbstractProblemLoader Loading environment from /home/runner/work/key/key/key.core/../key.ui/examples/heap/vstte10_03_LinkedList/Node_search.key 
29720      DEBUG main            d.u.i.k.p.i.AbstractProblemLoader Environment load took 225.7ns 
29721      INFO  main            d.u.i.k.p.i.AbstractProblemLoader Creating init config 
32410      DEBUG main            d.u.i.k.p.i.AbstractProblemLoader Init config took 2.69s 
32463      INFO  main            d.u.i.k.p.i.AbstractProblemLoader Replaying proof Node[Node::search()].JML normal_behavior operation contract.0 
32465      DEBUG main            d.u.i.k.p.i.IntermediateProofReplayer Proof replay took 5.6ns 
38696      INFO  main            d.u.i.k.p.r.p.TestFile    ... finished proof: closed. 
38880      INFO  main            d.u.i.k.p.i.AbstractProblemLoader Loading environment from /home/runner/work/key/key/key.core/../key.ui/examples/heap/vstte10_03_LinkedList/Node_search.key.proof 
38881      DEBUG main            d.u.i.k.p.i.AbstractProblemLoader Environment load took 400.5ns 
38883      INFO  main            d.u.i.k.p.i.AbstractProblemLoader Creating init config 
41531      DEBUG main            d.u.i.k.p.i.AbstractProblemLoader Init config took 2.65s 
41583      INFO  main            d.u.i.k.p.i.AbstractProblemLoader Replaying proof Node[Node::search()].JML normal_behavior operation contract.0 
42054      DEBUG main            d.u.i.k.p.i.IntermediateProofReplayer Proof replay took 410.93ms 
42056      DEBUG main            d.u.i.k.p.r.p.TestFile    ... success: reloaded. 
42058      INFO  main            d.u.i.k.p.r.p.TestFile    Now processing file /home/runner/work/key/key/key.core/../key.ui/examples/heap/vstte10_04_Queens/Queens_isConsistent.key 
42058      INFO  main            d.u.i.k.p.i.AbstractProblemLoader Loading environment from /home/runner/work/key/key/key.core/../key.ui/examples/heap/vstte10_04_Queens/Queens_isConsistent.key 
42058      DEBUG main            d.u.i.k.p.i.AbstractProblemLoader Environment load took 201.1ns 
42059      INFO  main            d.u.i.k.p.i.AbstractProblemLoader Creating init config 
45015      DEBUG main            d.u.i.k.p.i.AbstractProblemLoader Init config took 2.96s 
45087      INFO  main            d.u.i.k.p.i.AbstractProblemLoader Replaying proof Queens[Queens::isConsistent([I,int)].JML normal_behavior operation contract.0 
45088      DEBUG main            d.u.i.k.p.i.IntermediateProofReplayer Proof replay took 6.1ns 
46797      INFO  main            d.u.i.k.p.r.p.TestFile    ... finished proof: closed. 
47022      INFO  main            d.u.i.k.p.i.AbstractProblemLoader Loading environment from /home/runner/work/key/key/key.core/../key.ui/examples/heap/vstte10_04_Queens/Queens_isConsistent.key.proof 
47022      DEBUG main            d.u.i.k.p.i.AbstractProblemLoader Environment load took 393.7ns 
47024      INFO  main            d.u.i.k.p.i.AbstractProblemLoader Creating init config 
49828      DEBUG main            d.u.i.k.p.i.AbstractProblemLoader Init config took 2.8s 
49873      INFO  main            d.u.i.k.p.i.AbstractProblemLoader Replaying proof Queens[Queens::isConsistent([I,int)].JML normal_behavior operation contract.0 
50143      DEBUG main            d.u.i.k.p.i.IntermediateProofReplayer Proof replay took 259.83ms 
50144      DEBUG main            d.u.i.k.p.r.p.TestFile    ... success: reloaded. 
50145      INFO  main            d.u.i.k.p.r.p.TestFile    Now processing file /home/runner/work/key/key/key.core/../key.ui/examples/heap/vstte10_04_Queens/Queens_nQueens.key 
50145      INFO  main            d.u.i.k.p.i.AbstractProblemLoader Loading environment from /home/runner/work/key/key/key.core/../key.ui/examples/heap/vstte10_04_Queens/Queens_nQueens.key 
50146      DEBUG main            d.u.i.k.p.i.AbstractProblemLoader Environment load took 101.3ns 
50146      INFO  main            d.u.i.k.p.i.AbstractProblemLoader Creating init config 
52882      DEBUG main            d.u.i.k.p.i.AbstractProblemLoader Init config took 2.74s 
52923      INFO  main            d.u.i.k.p.i.AbstractProblemLoader Replaying proof Queens[Queens::nQueens(int)].JML normal_behavior operation contract.0 
52925      DEBUG main            d.u.i.k.p.i.IntermediateProofReplayer Proof replay took 5.2ns 
64680      INFO  main            d.u.i.k.p.r.p.TestFile    ... finished proof: closed. 
64899      INFO  main            d.u.i.k.p.i.AbstractProblemLoader Loading environment from /home/runner/work/key/key/key.core/../key.ui/examples/heap/vstte10_04_Queens/Queens_nQueens.key.proof 
64900      DEBUG main            d.u.i.k.p.i.AbstractProblemLoader Environment load took 392ns 
64901      INFO  main            d.u.i.k.p.i.AbstractProblemLoader Creating init config 
67551      DEBUG main            d.u.i.k.p.i.AbstractProblemLoader Init config took 2.65s 
67604      INFO  main            d.u.i.k.p.i.AbstractProblemLoader Replaying proof Queens[Queens::nQueens(int)].JML normal_behavior operation contract.0 
67977      DEBUG main            d.u.i.k.p.i.IntermediateProofReplayer Proof replay took 356.32ms 
67979      DEBUG main            d.u.i.k.p.r.p.TestFile    ... success: reloaded. 
67980      INFO  main            d.u.i.k.p.r.p.TestFile    Now processing file /home/runner/work/key/key/key.core/../key.ui/examples/heap/vstte10_05_Queue/AmortizedQueue_AmortizedQueue.key 
67980      INFO  main            d.u.i.k.p.i.AbstractProblemLoader Loading environment from /home/runner/work/key/key/key.core/../key.ui/examples/heap/vstte10_05_Queue/AmortizedQueue_AmortizedQueue.key 
67981      DEBUG main            d.u.i.k.p.i.AbstractProblemLoader Environment load took 187ns 
67982      INFO  main            d.u.i.k.p.i.AbstractProblemLoader Creating init config 
70819      DEBUG main            d.u.i.k.p.i.AbstractProblemLoader Init config took 2.84s 
70865      INFO  main            d.u.i.k.p.i.AbstractProblemLoader Replaying proof AmortizedQueue[AmortizedQueue::AmortizedQueue()].JML normal_behavior operation contract.0 
70867      DEBUG main            d.u.i.k.p.i.IntermediateProofReplayer Proof replay took 6ns 
72174      INFO  main            d.u.i.k.p.r.p.TestFile    ... finished proof: closed. 
72382      INFO  main            d.u.i.k.p.i.AbstractProblemLoader Loading environment from /home/runner/work/key/key/key.core/../key.ui/examples/heap/vstte10_05_Queue/AmortizedQueue_AmortizedQueue.key.proof 
72383      DEBUG main            d.u.i.k.p.i.AbstractProblemLoader Environment load took 657.49ns 
72384      INFO  main            d.u.i.k.p.i.AbstractProblemLoader Creating init config 
75051      DEBUG main            d.u.i.k.p.i.AbstractProblemLoader Init config took 2.67s 
75094      INFO  main            d.u.i.k.p.i.AbstractProblemLoader Replaying proof AmortizedQueue[AmortizedQueue::AmortizedQueue()].JML normal_behavior operation contract.0 
75259      DEBUG main            d.u.i.k.p.i.IntermediateProofReplayer Proof replay took 159.33ms 
75260      DEBUG main            d.u.i.k.p.r.p.TestFile    ... success: reloaded. 
75262      INFO  main            d.u.i.k.p.r.p.TestFile    Now processing file /home/runner/work/key/key/key.core/../key.ui/examples/heap/vstte10_05_Queue/AmortizedQueue_front.key 
75262      INFO  main            d.u.i.k.p.i.AbstractProblemLoader Loading environment from /home/runner/work/key/key/key.core/../key.ui/examples/heap/vstte10_05_Queue/AmortizedQueue_front.key 
75262      DEBUG main            d.u.i.k.p.i.AbstractProblemLoader Environment load took 198.1ns 
75263      INFO  main            d.u.i.k.p.i.AbstractProblemLoader Creating init config 
77992      DEBUG main            d.u.i.k.p.i.AbstractProblemLoader Init config took 2.73s 
78034      INFO  main            d.u.i.k.p.i.AbstractProblemLoader Replaying proof AmortizedQueue[AmortizedQueue::front()].JML normal_behavior operation contract.0 
78035      DEBUG main            d.u.i.k.p.i.IntermediateProofReplayer Proof replay took 5.7ns 
78541      INFO  main            d.u.i.k.p.r.p.TestFile    ... finished proof: closed. 
78717      INFO  main            d.u.i.k.p.i.AbstractProblemLoader Loading environment from /home/runner/work/key/key/key.core/../key.ui/examples/heap/vstte10_05_Queue/AmortizedQueue_front.key.proof 
78717      DEBUG main            d.u.i.k.p.i.AbstractProblemLoader Environment load took 111ns 
78718      INFO  main            d.u.i.k.p.i.AbstractProblemLoader Creating init config 
81387      DEBUG main            d.u.i.k.p.i.AbstractProblemLoader Init config took 2.67s 
81429      INFO  main            d.u.i.k.p.i.AbstractProblemLoader Replaying proof AmortizedQueue[AmortizedQueue::front()].JML normal_behavior operation contract.0 
81465      DEBUG main            d.u.i.k.p.i.IntermediateProofReplayer Proof replay took 32.64ms 
81466      DEBUG main            d.u.i.k.p.r.p.TestFile    ... success: reloaded. 
81467      INFO  main            d.u.i.k.p.r.p.TestFile    Now processing file /home/runner/work/key/key/key.core/../key.ui/examples/heap/vstte10_05_Queue/LinkedList_concat.key 
81467      INFO  main            d.u.i.k.p.i.AbstractProblemLoader Loading environment from /home/runner/work/key/key/key.core/../key.ui/examples/heap/vstte10_05_Queue/LinkedList_concat.key 
81467      DEBUG main            d.u.i.k.p.i.AbstractProblemLoader Environment load took 182.7ns 
81468      INFO  main            d.u.i.k.p.i.AbstractProblemLoader Creating init config 
84204      DEBUG main            d.u.i.k.p.i.AbstractProblemLoader Init config took 2.74s 
84249      INFO  main            d.u.i.k.p.i.AbstractProblemLoader Replaying proof LinkedList[LinkedList::concat(LinkedList)].JML normal_behavior operation contract.0 
84250      DEBUG main            d.u.i.k.p.i.IntermediateProofReplayer Proof replay took 5.7ns 
91710      INFO  main            d.u.i.k.p.r.p.TestFile    ... finished proof: closed. 
91955      INFO  main            d.u.i.k.p.i.AbstractProblemLoader Loading environment from /home/runner/work/key/key/key.core/../key.ui/examples/heap/vstte10_05_Queue/LinkedList_concat.key.proof 
91955      DEBUG main            d.u.i.k.p.i.AbstractProblemLoader Environment load took 409.4ns 
91957      INFO  main            d.u.i.k.p.i.AbstractProblemLoader Creating init config 
94613      DEBUG main            d.u.i.k.p.i.AbstractProblemLoader Init config took 2.66s 
94662      INFO  main            d.u.i.k.p.i.AbstractProblemLoader Replaying proof LinkedList[LinkedList::concat(LinkedList)].JML normal_behavior operation contract.0 
95103      DEBUG main            d.u.i.k.p.i.IntermediateProofReplayer Proof replay took 414.43ms 
95105      DEBUG main            d.u.i.k.p.r.p.TestFile    ... success: reloaded. 
95106      INFO  main            d.u.i.k.p.r.p.TestFile    Now processing file /home/runner/work/key/key/key.core/../key.ui/examples/heap/vstte10_05_Queue/LinkedList_cons.key 
95106      INFO  main            d.u.i.k.p.i.AbstractProblemLoader Loading environment from /home/runner/work/key/key/key.core/../key.ui/examples/heap/vstte10_05_Queue/LinkedList_cons.key 
95107      DEBUG main            d.u.i.k.p.i.AbstractProblemLoader Environment load took 87.8ns 
95107      INFO  main            d.u.i.k.p.i.AbstractProblemLoader Creating init config 
97827      DEBUG main            d.u.i.k.p.i.AbstractProblemLoader Init config took 2.72s 
97872      INFO  main            d.u.i.k.p.i.AbstractProblemLoader Replaying proof LinkedList[LinkedList::cons(int)].JML normal_behavior operation contract.0 
97873      DEBUG main            d.u.i.k.p.i.IntermediateProofReplayer Proof replay took 6.1ns 
99980      INFO  main            d.u.i.k.p.r.p.TestFile    ... finished proof: closed. 
100184     INFO  main            d.u.i.k.p.i.AbstractProblemLoader Loading environment from /home/runner/work/key/key/key.core/../key.ui/examples/heap/vstte10_05_Queue/LinkedList_cons.key.proof 
100185     DEBUG main            d.u.i.k.p.i.AbstractProblemLoader Environment load took 396.3ns 
100186     INFO  main            d.u.i.k.p.i.AbstractProblemLoader Creating init config 
102843     DEBUG main            d.u.i.k.p.i.AbstractProblemLoader Init config took 2.66s 
102888     INFO  main            d.u.i.k.p.i.AbstractProblemLoader Replaying proof LinkedList[LinkedList::cons(int)].JML normal_behavior operation contract.0 
103056     DEBUG main            d.u.i.k.p.i.IntermediateProofReplayer Proof replay took 159.2ms 
103057     DEBUG main            d.u.i.k.p.r.p.TestFile    ... success: reloaded. 
103058     INFO  main            d.u.i.k.p.r.p.TestFile    Now processing file /home/runner/work/key/key/key.core/../key.ui/examples/heap/vstte10_05_Queue/LinkedList_head.key 
103058     INFO  main            d.u.i.k.p.i.AbstractProblemLoader Loading environment from /home/runner/work/key/key/key.core/../key.ui/examples/heap/vstte10_05_Queue/LinkedList_head.key 
103058     DEBUG main            d.u.i.k.p.i.AbstractProblemLoader Environment load took 119.8ns 
103059     INFO  main            d.u.i.k.p.i.AbstractProblemLoader Creating init config 
105731     DEBUG main            d.u.i.k.p.i.AbstractProblemLoader Init config took 2.67s 
105790     INFO  main            d.u.i.k.p.i.AbstractProblemLoader Replaying proof LinkedList[LinkedList::head()].JML normal_behavior operation contract.0 
105791     DEBUG main            d.u.i.k.p.i.IntermediateProofReplayer Proof replay took 5.3ns 
105893     INFO  main            d.u.i.k.p.r.p.TestFile    ... finished proof: closed. 
106082     INFO  main            d.u.i.k.p.i.AbstractProblemLoader Loading environment from /home/runner/work/key/key/key.core/../key.ui/examples/heap/vstte10_05_Queue/LinkedList_head.key.proof 
106082     DEBUG main            d.u.i.k.p.i.AbstractProblemLoader Environment load took 111.3ns 
106083     INFO  main            d.u.i.k.p.i.AbstractProblemLoader Creating init config 
108772     DEBUG main            d.u.i.k.p.i.AbstractProblemLoader Init config took 2.69s 
108821     INFO  main            d.u.i.k.p.i.AbstractProblemLoader Replaying proof LinkedList[LinkedList::head()].JML normal_behavior operation contract.0 
108834     DEBUG main            d.u.i.k.p.i.IntermediateProofReplayer Proof replay took 10.29ms 
108835     DEBUG main            d.u.i.k.p.r.p.TestFile    ... success: reloaded. 
108836     INFO  main            d.u.i.k.p.r.p.TestFile    Now processing file /home/runner/work/key/key/key.core/../key.ui/examples/heap/vstte10_05_Queue/LinkedList_inv.key 
108837     INFO  main            d.u.i.k.p.i.AbstractProblemLoader Loading environment from /home/runner/work/key/key/key.core/../key.ui/examples/heap/vstte10_05_Queue/LinkedList_inv.key 
108837     DEBUG main            d.u.i.k.p.i.AbstractProblemLoader Environment load took 189.3ns 
108838     INFO  main            d.u.i.k.p.i.AbstractProblemLoader Creating init config 
111528     DEBUG main            d.u.i.k.p.i.AbstractProblemLoader Init config took 2.69s 
111570     INFO  main            d.u.i.k.p.i.AbstractProblemLoader Replaying proof LinkedList[java.lang.Object::<inv>()].JML accessible clause.0 
111571     DEBUG main            d.u.i.k.p.i.IntermediateProofReplayer Proof replay took 6.4ns 
111873     INFO  main            d.u.i.k.p.r.p.TestFile    ... finished proof: closed. 
112084     INFO  main            d.u.i.k.p.i.AbstractProblemLoader Loading environment from /home/runner/work/key/key/key.core/../key.ui/examples/heap/vstte10_05_Queue/LinkedList_inv.key.proof 
112084     DEBUG main            d.u.i.k.p.i.AbstractProblemLoader Environment load took 119.7ns 
112086     INFO  main            d.u.i.k.p.i.AbstractProblemLoader Creating init config 
114824     DEBUG main            d.u.i.k.p.i.AbstractProblemLoader Init config took 2.74s 
114879     INFO  main            d.u.i.k.p.i.AbstractProblemLoader Replaying proof LinkedList[java.lang.Object::<inv>()].JML accessible clause.0 
114899     DEBUG main            d.u.i.k.p.i.IntermediateProofReplayer Proof replay took 17.35ms 
114900     DEBUG main            d.u.i.k.p.r.p.TestFile    ... success: reloaded. 
114902     INFO  main            d.u.i.k.p.r.p.TestFile    Now processing file /home/runner/work/key/key/key.core/../key.ui/examples/heap/vstte10_05_Queue/LinkedList_length.key 
114902     INFO  main            d.u.i.k.p.i.AbstractProblemLoader Loading environment from /home/runner/work/key/key/key.core/../key.ui/examples/heap/vstte10_05_Queue/LinkedList_length.key 
114902     DEBUG main            d.u.i.k.p.i.AbstractProblemLoader Environment load took 494.8ns 
114903     INFO  main            d.u.i.k.p.i.AbstractProblemLoader Creating init config 
117559     DEBUG main            d.u.i.k.p.i.AbstractProblemLoader Init config took 2.66s 
117602     INFO  main            d.u.i.k.p.i.AbstractProblemLoader Replaying proof LinkedList[LinkedList::length()].JML normal_behavior operation contract.0 
117604     DEBUG main            d.u.i.k.p.i.IntermediateProofReplayer Proof replay took 6.9ns 
117705     INFO  main            d.u.i.k.p.r.p.TestFile    ... finished proof: closed. 
117912     INFO  main            d.u.i.k.p.i.AbstractProblemLoader Loading environment from /home/runner/work/key/key/key.core/../key.ui/examples/heap/vstte10_05_Queue/LinkedList_length.key.proof 
117912     DEBUG main            d.u.i.k.p.i.AbstractProblemLoader Environment load took 112.4ns 
117913     INFO  main            d.u.i.k.p.i.AbstractProblemLoader Creating init config 
120543     DEBUG main            d.u.i.k.p.i.AbstractProblemLoader Init config took 2.63s 
120585     INFO  main            d.u.i.k.p.i.AbstractProblemLoader Replaying proof LinkedList[LinkedList::length()].JML normal_behavior operation contract.0 
120596     DEBUG main            d.u.i.k.p.i.IntermediateProofReplayer Proof replay took 9.4ms 
120597     DEBUG main            d.u.i.k.p.r.p.TestFile    ... success: reloaded. 
120598     INFO  main            d.u.i.k.p.r.p.TestFile    Now processing file /home/runner/work/key/key/key.core/../key.ui/examples/heap/vstte10_05_Queue/LinkedList_LinkedList1.key 
120598     INFO  main            d.u.i.k.p.i.AbstractProblemLoader Loading environment from /home/runner/work/key/key/key.core/../key.ui/examples/heap/vstte10_05_Queue/LinkedList_LinkedList1.key 
120599     DEBUG main            d.u.i.k.p.i.AbstractProblemLoader Environment load took 90.8ns 
120599     INFO  main            d.u.i.k.p.i.AbstractProblemLoader Creating init config 
123290     DEBUG main            d.u.i.k.p.i.AbstractProblemLoader Init config took 2.69s 
123349     INFO  main            d.u.i.k.p.i.AbstractProblemLoader Replaying proof LinkedList[LinkedList::LinkedList(int,LinkedList)].JML normal_behavior operation contract.0 
123351     DEBUG main            d.u.i.k.p.i.IntermediateProofReplayer Proof replay took 6.1ns 
125059     INFO  main            d.u.i.k.p.r.p.TestFile    ... finished proof: closed. 
125295     INFO  main            d.u.i.k.p.i.AbstractProblemLoader Loading environment from /home/runner/work/key/key/key.core/../key.ui/examples/heap/vstte10_05_Queue/LinkedList_LinkedList1.key.proof 
125295     DEBUG main            d.u.i.k.p.i.AbstractProblemLoader Environment load took 373.1ns 
125296     INFO  main            d.u.i.k.p.i.AbstractProblemLoader Creating init config 
127928     DEBUG main            d.u.i.k.p.i.AbstractProblemLoader Init config took 2.63s 
127972     INFO  main            d.u.i.k.p.i.AbstractProblemLoader Replaying proof LinkedList[LinkedList::LinkedList(int,LinkedList)].JML normal_behavior operation contract.0 
128128     DEBUG main            d.u.i.k.p.i.IntermediateProofReplayer Proof replay took 148.88ms 
128129     DEBUG main            d.u.i.k.p.r.p.TestFile    ... success: reloaded. 
128130     INFO  main            d.u.i.k.p.r.p.TestFile    Now processing file /home/runner/work/key/key/key.core/../key.ui/examples/heap/vstte10_05_Queue/LinkedList_LinkedList2.key 
128130     INFO  main            d.u.i.k.p.i.AbstractProblemLoader Loading environment from /home/runner/work/key/key/key.core/../key.ui/examples/heap/vstte10_05_Queue/LinkedList_LinkedList2.key 
128130     DEBUG main            d.u.i.k.p.i.AbstractProblemLoader Environment load took 109.2ns 
128131     INFO  main            d.u.i.k.p.i.AbstractProblemLoader Creating init config 
130805     DEBUG main            d.u.i.k.p.i.AbstractProblemLoader Init config took 2.67s 
130847     INFO  main            d.u.i.k.p.i.AbstractProblemLoader Replaying proof LinkedList[LinkedList::LinkedList(int,LinkedList)].JML normal_behavior operation contract.0 
130848     DEBUG main            d.u.i.k.p.i.IntermediateProofReplayer Proof replay took 5.3ns 
132555     INFO  main            d.u.i.k.p.r.p.TestFile    ... finished proof: closed. 
132785     INFO  main            d.u.i.k.p.i.AbstractProblemLoader Loading environment from /home/runner/work/key/key/key.core/../key.ui/examples/heap/vstte10_05_Queue/LinkedList_LinkedList2.key.proof 
132786     DEBUG main            d.u.i.k.p.i.AbstractProblemLoader Environment load took 360.9ns 
132787     INFO  main            d.u.i.k.p.i.AbstractProblemLoader Creating init config 
135407     DEBUG main            d.u.i.k.p.i.AbstractProblemLoader Init config took 2.62s 
135450     INFO  main            d.u.i.k.p.i.AbstractProblemLoader Replaying proof LinkedList[LinkedList::LinkedList(int,LinkedList)].JML normal_behavior operation contract.0 
135612     DEBUG main            d.u.i.k.p.i.IntermediateProofReplayer Proof replay took 155.59ms 
135616     DEBUG main            d.u.i.k.p.r.p.TestFile    ... success: reloaded. 
135617     INFO  main            d.u.i.k.p.r.p.TestFile    Now processing file /home/runner/work/key/key/key.core/../key.ui/examples/heap/vstte10_05_Queue/LinkedList_LinkedList3.key 
135617     INFO  main            d.u.i.k.p.i.AbstractProblemLoader Loading environment from /home/runner/work/key/key/key.core/../key.ui/examples/heap/vstte10_05_Queue/LinkedList_LinkedList3.key 
135617     DEBUG main            d.u.i.k.p.i.AbstractProblemLoader Environment load took 195.4ns 
135618     INFO  main            d.u.i.k.p.i.AbstractProblemLoader Creating init config 
138322     DEBUG main            d.u.i.k.p.i.AbstractProblemLoader Init config took 2.7s 
138364     INFO  main            d.u.i.k.p.i.AbstractProblemLoader Replaying proof LinkedList[LinkedList::LinkedList(int,LinkedList)].JML normal_behavior operation contract.0 
138366     DEBUG main            d.u.i.k.p.i.IntermediateProofReplayer Proof replay took 4.9ns 
150704     INFO  main            d.u.i.k.p.r.p.TestFile    ... finished proof: closed. 
151014     INFO  main            d.u.i.k.p.i.AbstractProblemLoader Loading environment from /home/runner/work/key/key/key.core/../key.ui/examples/heap/vstte10_05_Queue/LinkedList_LinkedList3.key.proof 
151014     DEBUG main            d.u.i.k.p.i.AbstractProblemLoader Environment load took 396.4ns 
151019     INFO  main            d.u.i.k.p.i.AbstractProblemLoader Creating init config 
153646     DEBUG main            d.u.i.k.p.i.AbstractProblemLoader Init config took 2.63s 
153693     INFO  main            d.u.i.k.p.i.AbstractProblemLoader Replaying proof LinkedList[LinkedList::LinkedList(int,LinkedList)].JML normal_behavior operation contract.0 
154636     DEBUG main            d.u.i.k.p.i.IntermediateProofReplayer Proof replay took 860.33ms 
154641     DEBUG main            d.u.i.k.p.r.p.TestFile    ... success: reloaded. 
154642     INFO  main            d.u.i.k.p.r.p.TestFile    Now processing file /home/runner/work/key/key/key.core/../key.ui/examples/heap/vstte10_05_Queue/LinkedList_reverse.key 
154642     INFO  main            d.u.i.k.p.i.AbstractProblemLoader Loading environment from /home/runner/work/key/key/key.core/../key.ui/examples/heap/vstte10_05_Queue/LinkedList_reverse.key 
154643     DEBUG main            d.u.i.k.p.i.AbstractProblemLoader Environment load took 89ns 
154643     INFO  main            d.u.i.k.p.i.AbstractProblemLoader Creating init config 
157371     DEBUG main            d.u.i.k.p.i.AbstractProblemLoader Init config took 2.73s 
157423     INFO  main            d.u.i.k.p.i.AbstractProblemLoader Replaying proof LinkedList[LinkedList::reverse()].JML normal_behavior operation contract.0 
157424     DEBUG main            d.u.i.k.p.i.IntermediateProofReplayer Proof replay took 5.3ns 
165749     INFO  main            d.u.i.k.p.r.p.TestFile    ... finished proof: closed. 
166013     INFO  main            d.u.i.k.p.i.AbstractProblemLoader Loading environment from /home/runner/work/key/key/key.core/../key.ui/examples/heap/vstte10_05_Queue/LinkedList_reverse.key.proof 
166013     DEBUG main            d.u.i.k.p.i.AbstractProblemLoader Environment load took 249.5ns 
166015     INFO  main            d.u.i.k.p.i.AbstractProblemLoader Creating init config 
168624     DEBUG main            d.u.i.k.p.i.AbstractProblemLoader Init config took 2.61s 
168666     INFO  main            d.u.i.k.p.i.AbstractProblemLoader Replaying proof LinkedList[LinkedList::reverse()].JML normal_behavior operation contract.0 
169129     DEBUG main            d.u.i.k.p.i.IntermediateProofReplayer Proof replay took 434.29ms 
169132     DEBUG main            d.u.i.k.p.r.p.TestFile    ... success: reloaded. 
169133     INFO  main            d.u.i.k.p.r.p.TestFile    Now processing file /home/runner/work/key/key/key.core/../key.ui/examples/heap/vstte10_05_Queue/LinkedList_tail.key 
169133     INFO  main            d.u.i.k.p.i.AbstractProblemLoader Loading environment from /home/runner/work/key/key/key.core/../key.ui/examples/heap/vstte10_05_Queue/LinkedList_tail.key 
169133     DEBUG main            d.u.i.k.p.i.AbstractProblemLoader Environment load took 77.8ns 
169134     INFO  main            d.u.i.k.p.i.AbstractProblemLoader Creating init config 
171839     DEBUG main            d.u.i.k.p.i.AbstractProblemLoader Init config took 2.7s 
171880     INFO  main            d.u.i.k.p.i.AbstractProblemLoader Replaying proof LinkedList[LinkedList::tail()].JML normal_behavior operation contract.0 
171882     DEBUG main            d.u.i.k.p.i.IntermediateProofReplayer Proof replay took 39.9ns 
172385     INFO  main            d.u.i.k.p.r.p.TestFile    ... finished proof: closed. 
172633     INFO  main            d.u.i.k.p.i.AbstractProblemLoader Loading environment from /home/runner/work/key/key/key.core/../key.ui/examples/heap/vstte10_05_Queue/LinkedList_tail.key.proof 
172633     DEBUG main            d.u.i.k.p.i.AbstractProblemLoader Environment load took 110.8ns 
172634     INFO  main            d.u.i.k.p.i.AbstractProblemLoader Creating init config 
175298     DEBUG main            d.u.i.k.p.i.AbstractProblemLoader Init config took 2.66s 
175350     INFO  main            d.u.i.k.p.i.AbstractProblemLoader Replaying proof LinkedList[LinkedList::tail()].JML normal_behavior operation contract.0 
175423     DEBUG main            d.u.i.k.p.i.IntermediateProofReplayer Proof replay took 69.87ms 
175424     DEBUG main            d.u.i.k.p.r.p.TestFile    ... success: reloaded. 
2189485    INFO  Test worker     d.u.i.k.p.r.RunAllProofsTestUnit Returning from test VSTTE10 
2189486    INFO  Test worker     d.u.i.k.p.r.RunAllProofsTestUnit Running test WeideEtAl 
313        INFO  Timeout watchdog d.u.i.k.p.r.p.ForkedTestFileRunner Timeout watcher launched (2000 secs.) 
322        WARN  main            d.u.i.k.s.ProofSettings   The settings in /home/runner/.key/proof-settings.props are *not* read. 
348        INFO  main            d.u.i.k.p.r.p.TestFile    Now processing file /home/runner/work/key/key/key.core/../key.ui/examples/heap/WeideEtAl_01_AddAndMultiply/AddAndMultiply_add.key 
469        INFO  main            d.u.i.k.p.i.AbstractProblemLoader Loading environment from /home/runner/work/key/key/key.core/../key.ui/examples/heap/WeideEtAl_01_AddAndMultiply/AddAndMultiply_add.key 
486        DEBUG main            d.u.i.k.p.i.AbstractProblemLoader Environment load took 2.42ms 
697        INFO  main            d.u.i.k.p.i.AbstractProblemLoader Creating init config 
1539       DEBUG main            d.u.i.k.j.TypeConverter   No LDT found for Meta 
1540       DEBUG main            d.u.i.k.j.TypeConverter   No LDT found for Meta 
1542       DEBUG main            d.u.i.k.j.TypeConverter   No LDT found for Meta 
1542       DEBUG main            d.u.i.k.j.TypeConverter   No LDT found for Meta 
2754       DEBUG main            d.u.i.k.j.TypeConverter   No LDT found for JavaBigintExpression 
7619       DEBUG main            d.u.i.k.p.i.AbstractProblemLoader Init config took 6.92s 
7738       INFO  main            d.u.i.k.p.i.AbstractProblemLoader Replaying proof AddAndMultiply[AddAndMultiply::add(int,int)].JML normal_behavior operation contract.0 
7768       DEBUG main            d.u.i.k.p.i.IntermediateProofReplayer Proof replay took 30.7ns 
9407       INFO  main            d.u.i.k.p.r.p.TestFile    ... finished proof: closed. 
9534       INFO  main            d.u.i.k.p.i.AbstractProblemLoader Loading environment from /home/runner/work/key/key/key.core/../key.ui/examples/heap/WeideEtAl_01_AddAndMultiply/AddAndMultiply_add.key.proof 
9540       DEBUG main            d.u.i.k.p.i.AbstractProblemLoader Environment load took 5.2ms 
9542       INFO  main            d.u.i.k.p.i.AbstractProblemLoader Creating init config 
12346      DEBUG main            d.u.i.k.p.i.AbstractProblemLoader Init config took 2.8s 
12405      INFO  main            d.u.i.k.p.i.AbstractProblemLoader Replaying proof AddAndMultiply[AddAndMultiply::add(int,int)].JML normal_behavior operation contract.0 
12564      DEBUG main            d.u.i.k.p.i.IntermediateProofReplayer Proof replay took 149.98ms 
12571      DEBUG main            d.u.i.k.p.r.p.TestFile    ... success: reloaded. 
12573      INFO  main            d.u.i.k.p.r.p.TestFile    Now processing file /home/runner/work/key/key/key.core/../key.ui/examples/heap/WeideEtAl_01_AddAndMultiply/AddAndMultiply_mul.key 
12574      INFO  main            d.u.i.k.p.i.AbstractProblemLoader Loading environment from /home/runner/work/key/key/key.core/../key.ui/examples/heap/WeideEtAl_01_AddAndMultiply/AddAndMultiply_mul.key 
12574      DEBUG main            d.u.i.k.p.i.AbstractProblemLoader Environment load took 217.5ns 
12575      INFO  main            d.u.i.k.p.i.AbstractProblemLoader Creating init config 
15276      DEBUG main            d.u.i.k.p.i.AbstractProblemLoader Init config took 2.7s 
15332      INFO  main            d.u.i.k.p.i.AbstractProblemLoader Replaying proof AddAndMultiply[AddAndMultiply::mul(int,int)].JML normal_behavior operation contract.0 
15334      DEBUG main            d.u.i.k.p.i.IntermediateProofReplayer Proof replay took 5.8ns 
15839      INFO  main            d.u.i.k.p.r.p.TestFile    ... finished proof: closed. 
15980      INFO  main            d.u.i.k.p.i.AbstractProblemLoader Loading environment from /home/runner/work/key/key/key.core/../key.ui/examples/heap/WeideEtAl_01_AddAndMultiply/AddAndMultiply_mul.key.proof 
15980      DEBUG main            d.u.i.k.p.i.AbstractProblemLoader Environment load took 402.1ns 
15982      INFO  main            d.u.i.k.p.i.AbstractProblemLoader Creating init config 
18643      DEBUG main            d.u.i.k.p.i.AbstractProblemLoader Init config took 2.66s 
18716      INFO  main            d.u.i.k.p.i.AbstractProblemLoader Replaying proof AddAndMultiply[AddAndMultiply::mul(int,int)].JML normal_behavior operation contract.0 
18821      DEBUG main            d.u.i.k.p.i.IntermediateProofReplayer Proof replay took 98.02ms 
18823      DEBUG main            d.u.i.k.p.r.p.TestFile    ... success: reloaded. 
18825      INFO  main            d.u.i.k.p.r.p.TestFile    Now processing file /home/runner/work/key/key/key.core/../key.ui/examples/heap/WeideEtAl_02_BinarySearch/BinarySearch_search.key 
18825      INFO  main            d.u.i.k.p.i.AbstractProblemLoader Loading environment from /home/runner/work/key/key/key.core/../key.ui/examples/heap/WeideEtAl_02_BinarySearch/BinarySearch_search.key 
18826      DEBUG main            d.u.i.k.p.i.AbstractProblemLoader Environment load took 109.4ns 
18827      INFO  main            d.u.i.k.p.i.AbstractProblemLoader Creating init config 
21470      DEBUG main            d.u.i.k.p.i.AbstractProblemLoader Init config took 2.64s 
21514      INFO  main            d.u.i.k.p.i.AbstractProblemLoader Replaying proof BinarySearch[BinarySearch::search([I,int)].JML normal_behavior operation contract.0 
21517      DEBUG main            d.u.i.k.p.i.IntermediateProofReplayer Proof replay took 5.5ns 
24273      INFO  main            d.u.i.k.p.r.p.TestFile    ... finished proof: closed. 
24453      INFO  main            d.u.i.k.p.i.AbstractProblemLoader Loading environment from /home/runner/work/key/key/key.core/../key.ui/examples/heap/WeideEtAl_02_BinarySearch/BinarySearch_search.key.proof 
24454      DEBUG main            d.u.i.k.p.i.AbstractProblemLoader Environment load took 788.69ns 
24460      INFO  main            d.u.i.k.p.i.AbstractProblemLoader Creating init config 
27036      DEBUG main            d.u.i.k.p.i.AbstractProblemLoader Init config took 2.58s 
27079      INFO  main            d.u.i.k.p.i.AbstractProblemLoader Replaying proof BinarySearch[BinarySearch::search([I,int)].JML normal_behavior operation contract.0 
27440      DEBUG main            d.u.i.k.p.i.IntermediateProofReplayer Proof replay took 341.42ms 
27442      DEBUG main            d.u.i.k.p.r.p.TestFile    ... success: reloaded. 
2217103    INFO  Test worker     d.u.i.k.p.r.RunAllProofsTestUnit Returning from test WeideEtAl 
2217104    INFO  Test worker     d.u.i.k.p.r.RunAllProofsTestUnit Running test arithmetic 
359        INFO  Timeout watchdog d.u.i.k.p.r.p.ForkedTestFileRunner Timeout watcher launched (2000 secs.) 
362        WARN  main            d.u.i.k.s.ProofSettings   The settings in /home/runner/.key/proof-settings.props are *not* read. 
388        INFO  main            d.u.i.k.p.r.p.TestFile    Now processing file /home/runner/work/key/key/key.core/../key.ui/examples/standard_key/arith/binomial1.key 
503        INFO  main            d.u.i.k.p.i.AbstractProblemLoader Loading environment from /home/runner/work/key/key/key.core/../key.ui/examples/standard_key/arith/binomial1.key 
519        DEBUG main            d.u.i.k.p.i.AbstractProblemLoader Environment load took 1.91ms 
746        INFO  main            d.u.i.k.p.i.AbstractProblemLoader Creating init config 
1598       DEBUG main            d.u.i.k.j.TypeConverter   No LDT found for Meta 
1602       DEBUG main            d.u.i.k.j.TypeConverter   No LDT found for Meta 
1606       DEBUG main            d.u.i.k.j.TypeConverter   No LDT found for Meta 
1606       DEBUG main            d.u.i.k.j.TypeConverter   No LDT found for Meta 
2873       DEBUG main            d.u.i.k.j.TypeConverter   No LDT found for JavaBigintExpression 
7451       DEBUG main            d.u.i.k.p.i.AbstractProblemLoader Init config took 6.7s 
7509       INFO  main            d.u.i.k.p.i.AbstractProblemLoader Replaying proof binomial1.key 
7540       DEBUG main            d.u.i.k.p.i.IntermediateProofReplayer Proof replay took 33.8ns 
7792       INFO  main            d.u.i.k.p.r.p.TestFile    ... finished proof: closed. 
7892       INFO  main            d.u.i.k.p.i.AbstractProblemLoader Loading environment from /home/runner/work/key/key/key.core/../key.ui/examples/standard_key/arith/binomial1.key.proof 
7895       DEBUG main            d.u.i.k.p.i.AbstractProblemLoader Environment load took 3.11ms 
7899       INFO  main            d.u.i.k.p.i.AbstractProblemLoader Creating init config 
10572      DEBUG main            d.u.i.k.p.i.AbstractProblemLoader Init config took 2.67s 
10602      INFO  main            d.u.i.k.p.i.AbstractProblemLoader Replaying proof binomial1.key.proof 
10616      DEBUG main            d.u.i.k.p.i.IntermediateProofReplayer Proof replay took 8.72ms 
10630      DEBUG main            d.u.i.k.p.r.p.TestFile    ... success: reloaded. 
10632      INFO  main            d.u.i.k.p.r.p.TestFile    Now processing file /home/runner/work/key/key/key.core/../key.ui/examples/standard_key/arith/binomial2.key 
10633      INFO  main            d.u.i.k.p.i.AbstractProblemLoader Loading environment from /home/runner/work/key/key/key.core/../key.ui/examples/standard_key/arith/binomial2.key 
10633      DEBUG main            d.u.i.k.p.i.AbstractProblemLoader Environment load took 138.1ns 
10639      INFO  main            d.u.i.k.p.i.AbstractProblemLoader Creating init config 
13254      DEBUG main            d.u.i.k.p.i.AbstractProblemLoader Init config took 2.62s 
13296      INFO  main            d.u.i.k.p.i.AbstractProblemLoader Replaying proof binomial2.key 
13302      DEBUG main            d.u.i.k.p.i.IntermediateProofReplayer Proof replay took 6.4ns 
13407      INFO  main            d.u.i.k.p.r.p.TestFile    ... finished proof: closed. 
13526      INFO  main            d.u.i.k.p.i.AbstractProblemLoader Loading environment from /home/runner/work/key/key/key.core/../key.ui/examples/standard_key/arith/binomial2.key.proof 
13526      DEBUG main            d.u.i.k.p.i.AbstractProblemLoader Environment load took 145.6ns 
13527      INFO  main            d.u.i.k.p.i.AbstractProblemLoader Creating init config 
16042      DEBUG main            d.u.i.k.p.i.AbstractProblemLoader Init config took 2.51s 
16065      INFO  main            d.u.i.k.p.i.AbstractProblemLoader Replaying proof binomial2.key.proof 
16075      DEBUG main            d.u.i.k.p.i.IntermediateProofReplayer Proof replay took 7.12ms 
16076      DEBUG main            d.u.i.k.p.r.p.TestFile    ... success: reloaded. 
16077      INFO  main            d.u.i.k.p.r.p.TestFile    Now processing file /home/runner/work/key/key/key.core/../key.ui/examples/standard_key/arith/check_jdiv.key 
16077      INFO  main            d.u.i.k.p.i.AbstractProblemLoader Loading environment from /home/runner/work/key/key/key.core/../key.ui/examples/standard_key/arith/check_jdiv.key 
16077      DEBUG main            d.u.i.k.p.i.AbstractProblemLoader Environment load took 199.5ns 
16079      INFO  main            d.u.i.k.p.i.AbstractProblemLoader Creating init config 
18609      DEBUG main            d.u.i.k.p.i.AbstractProblemLoader Init config took 2.53s 
18631      INFO  main            d.u.i.k.p.i.AbstractProblemLoader Replaying proof check_jdiv.key 
18635      DEBUG main            d.u.i.k.p.i.IntermediateProofReplayer Proof replay took 6.1ns 
23696      INFO  main            d.u.i.k.p.r.p.TestFile    ... finished proof: closed. 
23903      INFO  main            d.u.i.k.p.i.AbstractProblemLoader Loading environment from /home/runner/work/key/key/key.core/../key.ui/examples/standard_key/arith/check_jdiv.key.proof 
23903      DEBUG main            d.u.i.k.p.i.AbstractProblemLoader Environment load took 523.4ns 
23910      INFO  main            d.u.i.k.p.i.AbstractProblemLoader Creating init config 
26390      DEBUG main            d.u.i.k.p.i.AbstractProblemLoader Init config took 2.48s 
26411      INFO  main            d.u.i.k.p.i.AbstractProblemLoader Replaying proof check_jdiv.key.proof 
26708      DEBUG main            d.u.i.k.p.i.IntermediateProofReplayer Proof replay took 244.2ms 
26710      DEBUG main            d.u.i.k.p.r.p.TestFile    ... success: reloaded. 
26712      INFO  main            d.u.i.k.p.r.p.TestFile    Now processing file /home/runner/work/key/key/key.core/../key.ui/examples/standard_key/arith/check_jdiv_concrete.key 
26712      INFO  main            d.u.i.k.p.i.AbstractProblemLoader Loading environment from /home/runner/work/key/key/key.core/../key.ui/examples/standard_key/arith/check_jdiv_concrete.key 
26712      DEBUG main            d.u.i.k.p.i.AbstractProblemLoader Environment load took 200.5ns 
26715      INFO  main            d.u.i.k.p.i.AbstractProblemLoader Creating init config 
29188      DEBUG main            d.u.i.k.p.i.AbstractProblemLoader Init config took 2.47s 
29208      INFO  main            d.u.i.k.p.i.AbstractProblemLoader Replaying proof check_jdiv_concrete.key 
29210      DEBUG main            d.u.i.k.p.i.IntermediateProofReplayer Proof replay took 13ns 
29316      INFO  main            d.u.i.k.p.r.p.TestFile    ... finished proof: closed. 
29512      INFO  main            d.u.i.k.p.i.AbstractProblemLoader Loading environment from /home/runner/work/key/key/key.core/../key.ui/examples/standard_key/arith/check_jdiv_concrete.key.proof 
29512      DEBUG main            d.u.i.k.p.i.AbstractProblemLoader Environment load took 111.8ns 
29514      INFO  main            d.u.i.k.p.i.AbstractProblemLoader Creating init config 
31929      DEBUG main            d.u.i.k.p.i.AbstractProblemLoader Init config took 2.42s 
31953      INFO  main            d.u.i.k.p.i.AbstractProblemLoader Replaying proof check_jdiv_concrete.key.proof 
31959      DEBUG main            d.u.i.k.p.i.IntermediateProofReplayer Proof replay took 2.04ms 
31961      DEBUG main            d.u.i.k.p.r.p.TestFile    ... success: reloaded. 
31962      INFO  main            d.u.i.k.p.r.p.TestFile    Now processing file /home/runner/work/key/key/key.core/../key.ui/examples/standard_key/arith/check_jdiv_instantiated.key 
31962      INFO  main            d.u.i.k.p.i.AbstractProblemLoader Loading environment from /home/runner/work/key/key/key.core/../key.ui/examples/standard_key/arith/check_jdiv_instantiated.key 
31962      DEBUG main            d.u.i.k.p.i.AbstractProblemLoader Environment load took 96.1ns 
31963      INFO  main            d.u.i.k.p.i.AbstractProblemLoader Creating init config 
34430      DEBUG main            d.u.i.k.p.i.AbstractProblemLoader Init config took 2.47s 
34449      INFO  main            d.u.i.k.p.i.AbstractProblemLoader Replaying proof check_jdiv_instantiated.key 
34451      DEBUG main            d.u.i.k.p.i.IntermediateProofReplayer Proof replay took 5.6ns 
37557      INFO  main            d.u.i.k.p.r.p.TestFile    ... finished proof: closed. 
37785      INFO  main            d.u.i.k.p.i.AbstractProblemLoader Loading environment from /home/runner/work/key/key/key.core/../key.ui/examples/standard_key/arith/check_jdiv_instantiated.key.proof 
37795      DEBUG main            d.u.i.k.p.i.AbstractProblemLoader Environment load took 10.01ms 
37797      INFO  main            d.u.i.k.p.i.AbstractProblemLoader Creating init config 
40210      DEBUG main            d.u.i.k.p.i.AbstractProblemLoader Init config took 2.41s 
40231      INFO  main            d.u.i.k.p.i.AbstractProblemLoader Replaying proof check_jdiv_instantiated.key.proof 
40369      DEBUG main            d.u.i.k.p.i.IntermediateProofReplayer Proof replay took 109.15ms 
40372      DEBUG main            d.u.i.k.p.r.p.TestFile    ... success: reloaded. 
40373      INFO  main            d.u.i.k.p.r.p.TestFile    Now processing file /home/runner/work/key/key/key.core/../key.ui/examples/standard_key/arith/check_jmod.key 
40374      INFO  main            d.u.i.k.p.i.AbstractProblemLoader Loading environment from /home/runner/work/key/key/key.core/../key.ui/examples/standard_key/arith/check_jmod.key 
40374      DEBUG main            d.u.i.k.p.i.AbstractProblemLoader Environment load took 237.9ns 
40376      INFO  main            d.u.i.k.p.i.AbstractProblemLoader Creating init config 
42761      DEBUG main            d.u.i.k.p.i.AbstractProblemLoader Init config took 2.39s 
42779      INFO  main            d.u.i.k.p.i.AbstractProblemLoader Replaying proof check_jmod.key 
42782      DEBUG main            d.u.i.k.p.i.IntermediateProofReplayer Proof replay took 5.7ns 
43286      INFO  main            d.u.i.k.p.r.p.TestFile    ... finished proof: closed. 
43484      INFO  main            d.u.i.k.p.i.AbstractProblemLoader Loading environment from /home/runner/work/key/key/key.core/../key.ui/examples/standard_key/arith/check_jmod.key.proof 
43484      DEBUG main            d.u.i.k.p.i.AbstractProblemLoader Environment load took 400.7ns 
43485      INFO  main            d.u.i.k.p.i.AbstractProblemLoader Creating init config 
45861      DEBUG main            d.u.i.k.p.i.AbstractProblemLoader Init config took 2.38s 
45878      INFO  main            d.u.i.k.p.i.AbstractProblemLoader Replaying proof check_jmod.key.proof 
45906      DEBUG main            d.u.i.k.p.i.IntermediateProofReplayer Proof replay took 22.74ms 
45907      DEBUG main            d.u.i.k.p.r.p.TestFile    ... success: reloaded. 
45908      INFO  main            d.u.i.k.p.r.p.TestFile    Now processing file /home/runner/work/key/key/key.core/../key.ui/examples/standard_key/arith/complexExpressions.key 
45909      INFO  main            d.u.i.k.p.i.AbstractProblemLoader Loading environment from /home/runner/work/key/key/key.core/../key.ui/examples/standard_key/arith/complexExpressions.key 
45909      DEBUG main            d.u.i.k.p.i.AbstractProblemLoader Environment load took 87.8ns 
45911      INFO  main            d.u.i.k.p.i.AbstractProblemLoader Creating init config 
48392      DEBUG main            d.u.i.k.p.i.AbstractProblemLoader Init config took 2.48s 
48414      INFO  main            d.u.i.k.p.i.AbstractProblemLoader Replaying proof complexExpressions.key 
48417      DEBUG main            d.u.i.k.p.i.IntermediateProofReplayer Proof replay took 5.9ns 
48623      INFO  main            d.u.i.k.p.r.p.TestFile    ... finished proof: closed. 
48828      INFO  main            d.u.i.k.p.i.AbstractProblemLoader Loading environment from /home/runner/work/key/key/key.core/../key.ui/examples/standard_key/arith/complexExpressions.key.proof 
48828      DEBUG main            d.u.i.k.p.i.AbstractProblemLoader Environment load took 115.9ns 
48830      INFO  main            d.u.i.k.p.i.AbstractProblemLoader Creating init config 
51213      DEBUG main            d.u.i.k.p.i.AbstractProblemLoader Init config took 2.38s 
51231      INFO  main            d.u.i.k.p.i.AbstractProblemLoader Replaying proof complexExpressions.key.proof 
51239      DEBUG main            d.u.i.k.p.i.IntermediateProofReplayer Proof replay took 6.32ms 
51240      DEBUG main            d.u.i.k.p.r.p.TestFile    ... success: reloaded. 
51240      INFO  main            d.u.i.k.p.r.p.TestFile    Now processing file /home/runner/work/key/key/key.core/../key.ui/examples/standard_key/arith/compound_unaryMinus.key 
51241      INFO  main            d.u.i.k.p.i.AbstractProblemLoader Loading environment from /home/runner/work/key/key/key.core/../key.ui/examples/standard_key/arith/compound_unaryMinus.key 
51241      DEBUG main            d.u.i.k.p.i.AbstractProblemLoader Environment load took 94.3ns 
51242      INFO  main            d.u.i.k.p.i.AbstractProblemLoader Creating init config 
53637      DEBUG main            d.u.i.k.p.i.AbstractProblemLoader Init config took 2.4s 
53653      INFO  main            d.u.i.k.p.i.AbstractProblemLoader Replaying proof compound_unaryMinus.key 
53654      DEBUG main            d.u.i.k.p.i.IntermediateProofReplayer Proof replay took 5.4ns 
53760      INFO  main            d.u.i.k.p.r.p.TestFile    ... finished proof: closed. 
53909      INFO  main            d.u.i.k.p.i.AbstractProblemLoader Loading environment from /home/runner/work/key/key/key.core/../key.ui/examples/standard_key/arith/compound_unaryMinus.key.proof 
53909      DEBUG main            d.u.i.k.p.i.AbstractProblemLoader Environment load took 106.9ns 
53910      INFO  main            d.u.i.k.p.i.AbstractProblemLoader Creating init config 
56300      DEBUG main            d.u.i.k.p.i.AbstractProblemLoader Init config took 2.39s 
56333      INFO  main            d.u.i.k.p.i.AbstractProblemLoader Replaying proof compound_unaryMinus.key.proof 
56343      DEBUG main            d.u.i.k.p.i.IntermediateProofReplayer Proof replay took 8.11ms 
56344      DEBUG main            d.u.i.k.p.r.p.TestFile    ... success: reloaded. 
56346      INFO  main            d.u.i.k.p.r.p.TestFile    Now processing file /home/runner/work/key/key/key.core/../key.ui/examples/standard_key/arith/computation.key 
56348      INFO  main            d.u.i.k.p.i.AbstractProblemLoader Loading environment from /home/runner/work/key/key/key.core/../key.ui/examples/standard_key/arith/computation.key 
56348      DEBUG main            d.u.i.k.p.i.AbstractProblemLoader Environment load took 223.4ns 
56350      INFO  main            d.u.i.k.p.i.AbstractProblemLoader Creating init config 
58729      DEBUG main            d.u.i.k.p.i.AbstractProblemLoader Init config took 2.38s 
58748      INFO  main            d.u.i.k.p.i.AbstractProblemLoader Replaying proof computation.key 
58750      DEBUG main            d.u.i.k.p.i.IntermediateProofReplayer Proof replay took 6.8ns 
60178      INFO  main            d.u.i.k.p.r.p.TestFile    ... finished proof: closed. 
60383      INFO  main            d.u.i.k.p.i.AbstractProblemLoader Loading environment from /home/runner/work/key/key/key.core/../key.ui/examples/standard_key/arith/computation.key.proof 
60384      DEBUG main            d.u.i.k.p.i.AbstractProblemLoader Environment load took 356.6ns 
60386      INFO  main            d.u.i.k.p.i.AbstractProblemLoader Creating init config 
62737      DEBUG main            d.u.i.k.p.i.AbstractProblemLoader Init config took 2.35s 
62754      INFO  main            d.u.i.k.p.i.AbstractProblemLoader Replaying proof computation.key.proof 
62812      DEBUG main            d.u.i.k.p.i.IntermediateProofReplayer Proof replay took 52.85ms 
62813      DEBUG main            d.u.i.k.p.r.p.TestFile    ... success: reloaded. 
62814      INFO  main            d.u.i.k.p.r.p.TestFile    Now processing file /home/runner/work/key/key/key.core/../key.ui/examples/standard_key/arith/cubicSum.key 
62814      INFO  main            d.u.i.k.p.i.AbstractProblemLoader Loading environment from /home/runner/work/key/key/key.core/../key.ui/examples/standard_key/arith/cubicSum.key 
62815      DEBUG main            d.u.i.k.p.i.AbstractProblemLoader Environment load took 203.4ns 
62816      INFO  main            d.u.i.k.p.i.AbstractProblemLoader Creating init config 
65420      DEBUG main            d.u.i.k.p.i.AbstractProblemLoader Init config took 2.6s 
65436      INFO  main            d.u.i.k.p.i.AbstractProblemLoader Replaying proof cubicSum.key 
65438      DEBUG main            d.u.i.k.p.i.IntermediateProofReplayer Proof replay took 5.3ns 
66444      INFO  main            d.u.i.k.p.r.p.TestFile    ... finished proof: closed. 
66790      INFO  main            d.u.i.k.p.i.AbstractProblemLoader Loading environment from /home/runner/work/key/key/key.core/../key.ui/examples/standard_key/arith/cubicSum.key.proof 
66791      DEBUG main            d.u.i.k.p.i.AbstractProblemLoader Environment load took 1.21ms 
66792      INFO  main            d.u.i.k.p.i.AbstractProblemLoader Creating init config 
69297      DEBUG main            d.u.i.k.p.i.AbstractProblemLoader Init config took 2.5s 
69316      INFO  main            d.u.i.k.p.i.AbstractProblemLoader Replaying proof cubicSum.key.proof 
69454      DEBUG main            d.u.i.k.p.i.IntermediateProofReplayer Proof replay took 133.73ms 
69456      DEBUG main            d.u.i.k.p.r.p.TestFile    ... success: reloaded. 
69457      INFO  main            d.u.i.k.p.r.p.TestFile    Now processing file /home/runner/work/key/key/key.core/../key.ui/examples/standard_key/arith/divByZero.key 
69457      INFO  main            d.u.i.k.p.i.AbstractProblemLoader Loading environment from /home/runner/work/key/key/key.core/../key.ui/examples/standard_key/arith/divByZero.key 
69457      DEBUG main            d.u.i.k.p.i.AbstractProblemLoader Environment load took 191.9ns 
69458      INFO  main            d.u.i.k.p.i.AbstractProblemLoader Creating init config 
71930      DEBUG main            d.u.i.k.p.i.AbstractProblemLoader Init config took 2.47s 
71945      INFO  main            d.u.i.k.p.i.AbstractProblemLoader Replaying proof divByZero.key 
71947      DEBUG main            d.u.i.k.p.i.IntermediateProofReplayer Proof replay took 6ns 
72149      INFO  main            d.u.i.k.p.r.p.TestFile    ... finished proof: closed. 
72343      INFO  main            d.u.i.k.p.i.AbstractProblemLoader Loading environment from /home/runner/work/key/key/key.core/../key.ui/examples/standard_key/arith/divByZero.key.proof 
72343      DEBUG main            d.u.i.k.p.i.AbstractProblemLoader Environment load took 124ns 
72344      INFO  main            d.u.i.k.p.i.AbstractProblemLoader Creating init config 
74696      DEBUG main            d.u.i.k.p.i.AbstractProblemLoader Init config took 2.35s 
74711      INFO  main            d.u.i.k.p.i.AbstractProblemLoader Replaying proof divByZero.key.proof 
74750      DEBUG main            d.u.i.k.p.i.IntermediateProofReplayer Proof replay took 33.15ms 
74751      DEBUG main            d.u.i.k.p.r.p.TestFile    ... success: reloaded. 
74752      INFO  main            d.u.i.k.p.r.p.TestFile    Now processing file /home/runner/work/key/key/key.core/../key.ui/examples/standard_key/arith/divisionAssoc.key 
74752      INFO  main            d.u.i.k.p.i.AbstractProblemLoader Loading environment from /home/runner/work/key/key/key.core/../key.ui/examples/standard_key/arith/divisionAssoc.key 
74752      DEBUG main            d.u.i.k.p.i.AbstractProblemLoader Environment load took 57.4ns 
74753      INFO  main            d.u.i.k.p.i.AbstractProblemLoader Creating init config 
77153      DEBUG main            d.u.i.k.p.i.AbstractProblemLoader Init config took 2.4s 
77166      INFO  main            d.u.i.k.p.i.AbstractProblemLoader Replaying proof divisionAssoc.key 
77168      DEBUG main            d.u.i.k.p.i.IntermediateProofReplayer Proof replay took 6ns 
77881      INFO  main            d.u.i.k.p.r.p.TestFile    ... finished proof: closed. 
78089      INFO  main            d.u.i.k.p.i.AbstractProblemLoader Loading environment from /home/runner/work/key/key/key.core/../key.ui/examples/standard_key/arith/divisionAssoc.key.proof 
78090      DEBUG main            d.u.i.k.p.i.AbstractProblemLoader Environment load took 434.3ns 
78091      INFO  main            d.u.i.k.p.i.AbstractProblemLoader Creating init config 
80431      DEBUG main            d.u.i.k.p.i.AbstractProblemLoader Init config took 2.34s 
80446      INFO  main            d.u.i.k.p.i.AbstractProblemLoader Replaying proof divisionAssoc.key.proof 
80474      DEBUG main            d.u.i.k.p.i.IntermediateProofReplayer Proof replay took 22.4ms 
80475      DEBUG main            d.u.i.k.p.r.p.TestFile    ... success: reloaded. 
80476      INFO  main            d.u.i.k.p.r.p.TestFile    Now processing file /home/runner/work/key/key/key.core/../key.ui/examples/standard_key/arith/divisionBy2.key 
80476      INFO  main            d.u.i.k.p.i.AbstractProblemLoader Loading environment from /home/runner/work/key/key/key.core/../key.ui/examples/standard_key/arith/divisionBy2.key 
80476      DEBUG main            d.u.i.k.p.i.AbstractProblemLoader Environment load took 184.2ns 
80477      INFO  main            d.u.i.k.p.i.AbstractProblemLoader Creating init config 
82896      DEBUG main            d.u.i.k.p.i.AbstractProblemLoader Init config took 2.42s 
82909      INFO  main            d.u.i.k.p.i.AbstractProblemLoader Replaying proof divisionBy2.key 
82910      DEBUG main            d.u.i.k.p.i.IntermediateProofReplayer Proof replay took 5.6ns 
83016      INFO  main            d.u.i.k.p.r.p.TestFile    ... finished proof: closed. 
83208      INFO  main            d.u.i.k.p.i.AbstractProblemLoader Loading environment from /home/runner/work/key/key/key.core/../key.ui/examples/standard_key/arith/divisionBy2.key.proof 
83208      DEBUG main            d.u.i.k.p.i.AbstractProblemLoader Environment load took 103.7ns 
83209      INFO  main            d.u.i.k.p.i.AbstractProblemLoader Creating init config 
85534      DEBUG main            d.u.i.k.p.i.AbstractProblemLoader Init config took 2.32s 
85547      INFO  main            d.u.i.k.p.i.AbstractProblemLoader Replaying proof divisionBy2.key.proof 
85553      DEBUG main            d.u.i.k.p.i.IntermediateProofReplayer Proof replay took 3.81ms 
85554      DEBUG main            d.u.i.k.p.r.p.TestFile    ... success: reloaded. 
85554      INFO  main            d.u.i.k.p.r.p.TestFile    Now processing file /home/runner/work/key/key/key.core/../key.ui/examples/standard_key/arith/euclidean/gcdHelp-post.key 
85555      INFO  main            d.u.i.k.p.i.AbstractProblemLoader Loading environment from /home/runner/work/key/key/key.core/../key.ui/examples/standard_key/arith/euclidean/gcdHelp-post.key 
85555      DEBUG main            d.u.i.k.p.i.AbstractProblemLoader Environment load took 182.2ns 
85556      INFO  main            d.u.i.k.p.i.AbstractProblemLoader Creating init config 
88064      DEBUG main            d.u.i.k.p.i.AbstractProblemLoader Init config took 2.51s 
88079      INFO  main            d.u.i.k.p.i.AbstractProblemLoader Replaying proof gcdHelp-post.key 
88081      DEBUG main            d.u.i.k.p.i.IntermediateProofReplayer Proof replay took 5.5ns 
91089      INFO  main            d.u.i.k.p.r.p.TestFile    ... finished proof: closed. 
91312      INFO  main            d.u.i.k.p.i.AbstractProblemLoader Loading environment from /home/runner/work/key/key/key.core/../key.ui/examples/standard_key/arith/euclidean/gcdHelp-post.key.proof 
91312      DEBUG main            d.u.i.k.p.i.AbstractProblemLoader Environment load took 382.3ns 
91314      INFO  main            d.u.i.k.p.i.AbstractProblemLoader Creating init config 
93733      DEBUG main            d.u.i.k.p.i.AbstractProblemLoader Init config took 2.42s 
93749      INFO  main            d.u.i.k.p.i.AbstractProblemLoader Replaying proof gcdHelp-post.key.proof 
93894      DEBUG main            d.u.i.k.p.i.IntermediateProofReplayer Proof replay took 134.29ms 
93895      DEBUG main            d.u.i.k.p.r.p.TestFile    ... success: reloaded. 
93896      INFO  main            d.u.i.k.p.r.p.TestFile    Now processing file /home/runner/work/key/key/key.core/../key.ui/examples/standard_key/arith/gemplusDecimal/add.key 
93897      INFO  main            d.u.i.k.p.i.AbstractProblemLoader Loading environment from /home/runner/work/key/key/key.core/../key.ui/examples/standard_key/arith/gemplusDecimal/add.key 
93897      DEBUG main            d.u.i.k.p.i.AbstractProblemLoader Environment load took 184.8ns 
93899      INFO  main            d.u.i.k.p.i.AbstractProblemLoader Creating init config 
96374      DEBUG main            d.u.i.k.p.i.AbstractProblemLoader Init config took 2.47s 
96389      INFO  main            d.u.i.k.p.i.AbstractProblemLoader Replaying proof add.key 
96391      DEBUG main            d.u.i.k.p.i.IntermediateProofReplayer Proof replay took 5.4ns 
137961     INFO  main            d.u.i.k.p.r.p.TestFile    ... finished proof: closed. 
138326     INFO  main            d.u.i.k.p.i.AbstractProblemLoader Loading environment from /home/runner/work/key/key/key.core/../key.ui/examples/standard_key/arith/gemplusDecimal/add.key.proof 
138326     DEBUG main            d.u.i.k.p.i.AbstractProblemLoader Environment load took 405.2ns 
138336     INFO  main            d.u.i.k.p.i.AbstractProblemLoader Creating init config 
140750     DEBUG main            d.u.i.k.p.i.AbstractProblemLoader Init config took 2.41s 
140770     INFO  main            d.u.i.k.p.i.AbstractProblemLoader Replaying proof add.key.proof 
142673     DEBUG main            d.u.i.k.p.i.IntermediateProofReplayer Proof replay took 1.77s 
142680     DEBUG main            d.u.i.k.p.r.p.TestFile    ... success: reloaded. 
142681     INFO  main            d.u.i.k.p.r.p.TestFile    Now processing file /home/runner/work/key/key/key.core/../key.ui/examples/standard_key/arith/jdivevenodd.key 
142681     INFO  main            d.u.i.k.p.i.AbstractProblemLoader Loading environment from /home/runner/work/key/key/key.core/../key.ui/examples/standard_key/arith/jdivevenodd.key 
142682     DEBUG main            d.u.i.k.p.i.AbstractProblemLoader Environment load took 194.3ns 
142683     INFO  main            d.u.i.k.p.i.AbstractProblemLoader Creating init config 
145080     DEBUG main            d.u.i.k.p.i.AbstractProblemLoader Init config took 2.4s 
145094     INFO  main            d.u.i.k.p.i.AbstractProblemLoader Replaying proof jdivevenodd.key 
145095     DEBUG main            d.u.i.k.p.i.IntermediateProofReplayer Proof replay took 5.3ns 
145301     INFO  main            d.u.i.k.p.r.p.TestFile    ... finished proof: closed. 
145634     INFO  main            d.u.i.k.p.i.AbstractProblemLoader Loading environment from /home/runner/work/key/key/key.core/../key.ui/examples/standard_key/arith/jdivevenodd.key.proof 
145634     DEBUG main            d.u.i.k.p.i.AbstractProblemLoader Environment load took 109.4ns 
145640     INFO  main            d.u.i.k.p.i.AbstractProblemLoader Creating init config 
147926     DEBUG main            d.u.i.k.p.i.AbstractProblemLoader Init config took 2.29s 
147939     INFO  main            d.u.i.k.p.i.AbstractProblemLoader Replaying proof jdivevenodd.key.proof 
147948     DEBUG main            d.u.i.k.p.i.IntermediateProofReplayer Proof replay took 6.99ms 
147949     DEBUG main            d.u.i.k.p.r.p.TestFile    ... success: reloaded. 
147950     INFO  main            d.u.i.k.p.r.p.TestFile    Now processing file /home/runner/work/key/key/key.core/../key.ui/examples/standard_key/arith/median.key 
147950     INFO  main            d.u.i.k.p.i.AbstractProblemLoader Loading environment from /home/runner/work/key/key/key.core/../key.ui/examples/standard_key/arith/median.key 
147950     DEBUG main            d.u.i.k.p.i.AbstractProblemLoader Environment load took 92.7ns 
147951     INFO  main            d.u.i.k.p.i.AbstractProblemLoader Creating init config 
150283     DEBUG main            d.u.i.k.p.i.AbstractProblemLoader Init config took 2.33s 
150299     INFO  main            d.u.i.k.p.i.AbstractProblemLoader Replaying proof median.key 
150301     DEBUG main            d.u.i.k.p.i.IntermediateProofReplayer Proof replay took 6.5ns 
164799     INFO  main            d.u.i.k.p.r.p.TestFile    ... finished proof: closed. 
165093     INFO  main            d.u.i.k.p.i.AbstractProblemLoader Loading environment from /home/runner/work/key/key/key.core/../key.ui/examples/standard_key/arith/median.key.proof 
165098     DEBUG main            d.u.i.k.p.i.AbstractProblemLoader Environment load took 5.89ms 
165102     INFO  main            d.u.i.k.p.i.AbstractProblemLoader Creating init config 
167455     DEBUG main            d.u.i.k.p.i.AbstractProblemLoader Init config took 2.35s 
167470     INFO  main            d.u.i.k.p.i.AbstractProblemLoader Replaying proof median.key.proof 
167982     DEBUG main            d.u.i.k.p.i.IntermediateProofReplayer Proof replay took 455.64ms 
167986     DEBUG main            d.u.i.k.p.r.p.TestFile    ... success: reloaded. 
167988     INFO  main            d.u.i.k.p.r.p.TestFile    Now processing file /home/runner/work/key/key/key.core/../key.ui/examples/standard_key/arith/mod1.key 
167988     INFO  main            d.u.i.k.p.i.AbstractProblemLoader Loading environment from /home/runner/work/key/key/key.core/../key.ui/examples/standard_key/arith/mod1.key 
167988     DEBUG main            d.u.i.k.p.i.AbstractProblemLoader Environment load took 192.2ns 
167989     INFO  main            d.u.i.k.p.i.AbstractProblemLoader Creating init config 
170423     DEBUG main            d.u.i.k.p.i.AbstractProblemLoader Init config took 2.43s 
170436     INFO  main            d.u.i.k.p.i.AbstractProblemLoader Replaying proof mod1.key 
170439     DEBUG main            d.u.i.k.p.i.IntermediateProofReplayer Proof replay took 6ns 
170540     INFO  main            d.u.i.k.p.r.p.TestFile    ... finished proof: closed. 
170812     INFO  main            d.u.i.k.p.i.AbstractProblemLoader Loading environment from /home/runner/work/key/key/key.core/../key.ui/examples/standard_key/arith/mod1.key.proof 
170812     DEBUG main            d.u.i.k.p.i.AbstractProblemLoader Environment load took 82.7ns 
170813     INFO  main            d.u.i.k.p.i.AbstractProblemLoader Creating init config 
173099     DEBUG main            d.u.i.k.p.i.AbstractProblemLoader Init config took 2.29s 
173115     INFO  main            d.u.i.k.p.i.AbstractProblemLoader Replaying proof mod1.key.proof 
173120     DEBUG main            d.u.i.k.p.i.IntermediateProofReplayer Proof replay took 1.42ms 
173121     DEBUG main            d.u.i.k.p.r.p.TestFile    ... success: reloaded. 
173121     INFO  main            d.u.i.k.p.r.p.TestFile    Now processing file /home/runner/work/key/key/key.core/../key.ui/examples/standard_key/arith/mod2.key 
173121     INFO  main            d.u.i.k.p.i.AbstractProblemLoader Loading environment from /home/runner/work/key/key/key.core/../key.ui/examples/standard_key/arith/mod2.key 
173122     DEBUG main            d.u.i.k.p.i.AbstractProblemLoader Environment load took 51.3ns 
173122     INFO  main            d.u.i.k.p.i.AbstractProblemLoader Creating init config 
175494     DEBUG main            d.u.i.k.p.i.AbstractProblemLoader Init config took 2.37s 
175507     INFO  main            d.u.i.k.p.i.AbstractProblemLoader Replaying proof mod2.key 
175508     DEBUG main            d.u.i.k.p.i.IntermediateProofReplayer Proof replay took 6.8ns 
175612     INFO  main            d.u.i.k.p.r.p.TestFile    ... finished proof: closed. 
175824     INFO  main            d.u.i.k.p.i.AbstractProblemLoader Loading environment from /home/runner/work/key/key/key.core/../key.ui/examples/standard_key/arith/mod2.key.proof 
175824     DEBUG main            d.u.i.k.p.i.AbstractProblemLoader Environment load took 85.9ns 
175825     INFO  main            d.u.i.k.p.i.AbstractProblemLoader Creating init config 
178151     DEBUG main            d.u.i.k.p.i.AbstractProblemLoader Init config took 2.33s 
178163     INFO  main            d.u.i.k.p.i.AbstractProblemLoader Replaying proof mod2.key.proof 
178165     DEBUG main            d.u.i.k.p.i.IntermediateProofReplayer Proof replay took 998.59ns 
178166     DEBUG main            d.u.i.k.p.r.p.TestFile    ... success: reloaded. 
178167     INFO  main            d.u.i.k.p.r.p.TestFile    Now processing file /home/runner/work/key/key/key.core/../key.ui/examples/standard_key/arith/mod7.key 
178167     INFO  main            d.u.i.k.p.i.AbstractProblemLoader Loading environment from /home/runner/work/key/key/key.core/../key.ui/examples/standard_key/arith/mod7.key 
178167     DEBUG main            d.u.i.k.p.i.AbstractProblemLoader Environment load took 72.2ns 
178168     INFO  main            d.u.i.k.p.i.AbstractProblemLoader Creating init config 
180519     DEBUG main            d.u.i.k.p.i.AbstractProblemLoader Init config took 2.35s 
180532     INFO  main            d.u.i.k.p.i.AbstractProblemLoader Replaying proof mod7.key 
180533     DEBUG main            d.u.i.k.p.i.IntermediateProofReplayer Proof replay took 6.1ns 
180635     INFO  main            d.u.i.k.p.r.p.TestFile    ... finished proof: closed. 
180857     INFO  main            d.u.i.k.p.i.AbstractProblemLoader Loading environment from /home/runner/work/key/key/key.core/../key.ui/examples/standard_key/arith/mod7.key.proof 
180857     DEBUG main            d.u.i.k.p.i.AbstractProblemLoader Environment load took 88.9ns 
180858     INFO  main            d.u.i.k.p.i.AbstractProblemLoader Creating init config 
183163     DEBUG main            d.u.i.k.p.i.AbstractProblemLoader Init config took 2.31s 
183178     INFO  main            d.u.i.k.p.i.AbstractProblemLoader Replaying proof mod7.key.proof 
183183     DEBUG main            d.u.i.k.p.i.IntermediateProofReplayer Proof replay took 2.88ms 
183183     DEBUG main            d.u.i.k.p.r.p.TestFile    ... success: reloaded. 
183184     INFO  main            d.u.i.k.p.r.p.TestFile    Now processing file /home/runner/work/key/key/key.core/../key.ui/examples/standard_key/arith/overflow_hija.key 
183184     INFO  main            d.u.i.k.p.i.AbstractProblemLoader Loading environment from /home/runner/work/key/key/key.core/../key.ui/examples/standard_key/arith/overflow_hija.key 
183184     DEBUG main            d.u.i.k.p.i.AbstractProblemLoader Environment load took 48.2ns 
183186     INFO  main            d.u.i.k.p.i.AbstractProblemLoader Creating init config 
185546     DEBUG main            d.u.i.k.p.i.AbstractProblemLoader Init config took 2.36s 
185562     INFO  main            d.u.i.k.p.i.AbstractProblemLoader Replaying proof overflow_hija.key 
185564     DEBUG main            d.u.i.k.p.i.IntermediateProofReplayer Proof replay took 5.9ns 
190097     INFO  main            d.u.i.k.p.r.p.TestFile    ... finished proof: closed. 
190361     INFO  main            d.u.i.k.p.i.AbstractProblemLoader Loading environment from /home/runner/work/key/key/key.core/../key.ui/examples/standard_key/arith/overflow_hija.key.proof 
190362     DEBUG main            d.u.i.k.p.i.AbstractProblemLoader Environment load took 840.49ns 
190364     INFO  main            d.u.i.k.p.i.AbstractProblemLoader Creating init config 
192678     DEBUG main            d.u.i.k.p.i.AbstractProblemLoader Init config took 2.31s 
192694     INFO  main            d.u.i.k.p.i.AbstractProblemLoader Replaying proof overflow_hija.key.proof 
192837     DEBUG main            d.u.i.k.p.i.IntermediateProofReplayer Proof replay took 132.99ms 
192839     DEBUG main            d.u.i.k.p.r.p.TestFile    ... success: reloaded. 
192839     INFO  main            d.u.i.k.p.r.p.TestFile    Now processing file /home/runner/work/key/key/key.core/../key.ui/examples/standard_key/arith/poly_division0.key 
192840     INFO  main            d.u.i.k.p.i.AbstractProblemLoader Loading environment from /home/runner/work/key/key/key.core/../key.ui/examples/standard_key/arith/poly_division0.key 
192840     DEBUG main            d.u.i.k.p.i.AbstractProblemLoader Environment load took 244.8ns 
192841     INFO  main            d.u.i.k.p.i.AbstractProblemLoader Creating init config 
195204     DEBUG main            d.u.i.k.p.i.AbstractProblemLoader Init config took 2.36s 
195217     INFO  main            d.u.i.k.p.i.AbstractProblemLoader Replaying proof poly_division0.key 
195219     DEBUG main            d.u.i.k.p.i.IntermediateProofReplayer Proof replay took 6.6ns 
195320     INFO  main            d.u.i.k.p.r.p.TestFile    ... finished proof: closed. 
195602     INFO  main            d.u.i.k.p.i.AbstractProblemLoader Loading environment from /home/runner/work/key/key/key.core/../key.ui/examples/standard_key/arith/poly_division0.key.proof 
195602     DEBUG main            d.u.i.k.p.i.AbstractProblemLoader Environment load took 99.2ns 
195603     INFO  main            d.u.i.k.p.i.AbstractProblemLoader Creating init config 
197886     DEBUG main            d.u.i.k.p.i.AbstractProblemLoader Init config took 2.28s 
197900     INFO  main            d.u.i.k.p.i.AbstractProblemLoader Replaying proof poly_division0.key.proof 
197905     DEBUG main            d.u.i.k.p.i.IntermediateProofReplayer Proof replay took 3.24ms 
197906     DEBUG main            d.u.i.k.p.r.p.TestFile    ... success: reloaded. 
197906     INFO  main            d.u.i.k.p.r.p.TestFile    Now processing file /home/runner/work/key/key/key.core/../key.ui/examples/standard_key/arith/poly_division1.key 
197906     INFO  main            d.u.i.k.p.i.AbstractProblemLoader Loading environment from /home/runner/work/key/key/key.core/../key.ui/examples/standard_key/arith/poly_division1.key 
197906     DEBUG main            d.u.i.k.p.i.AbstractProblemLoader Environment load took 65.6ns 
197907     INFO  main            d.u.i.k.p.i.AbstractProblemLoader Creating init config 
200231     DEBUG main            d.u.i.k.p.i.AbstractProblemLoader Init config took 2.32s 
200244     INFO  main            d.u.i.k.p.i.AbstractProblemLoader Replaying proof poly_division1.key 
200245     DEBUG main            d.u.i.k.p.i.IntermediateProofReplayer Proof replay took 6.8ns 
200347     INFO  main            d.u.i.k.p.r.p.TestFile    ... finished proof: closed. 
200578     INFO  main            d.u.i.k.p.i.AbstractProblemLoader Loading environment from /home/runner/work/key/key/key.core/../key.ui/examples/standard_key/arith/poly_division1.key.proof 
200578     DEBUG main            d.u.i.k.p.i.AbstractProblemLoader Environment load took 87.5ns 
200580     INFO  main            d.u.i.k.p.i.AbstractProblemLoader Creating init config 
202874     DEBUG main            d.u.i.k.p.i.AbstractProblemLoader Init config took 2.29s 
202886     INFO  main            d.u.i.k.p.i.AbstractProblemLoader Replaying proof poly_division1.key.proof 
202891     DEBUG main            d.u.i.k.p.i.IntermediateProofReplayer Proof replay took 2.75ms 
202891     DEBUG main            d.u.i.k.p.r.p.TestFile    ... success: reloaded. 
202892     INFO  main            d.u.i.k.p.r.p.TestFile    Now processing file /home/runner/work/key/key/key.core/../key.ui/examples/standard_key/inEqSimp/division.key 
202892     INFO  main            d.u.i.k.p.i.AbstractProblemLoader Loading environment from /home/runner/work/key/key/key.core/../key.ui/examples/standard_key/inEqSimp/division.key 
202892     DEBUG main            d.u.i.k.p.i.AbstractProblemLoader Environment load took 80.6ns 
202893     INFO  main            d.u.i.k.p.i.AbstractProblemLoader Creating init config 
205213     DEBUG main            d.u.i.k.p.i.AbstractProblemLoader Init config took 2.32s 
205226     INFO  main            d.u.i.k.p.i.AbstractProblemLoader Replaying proof division.key 
205227     DEBUG main            d.u.i.k.p.i.IntermediateProofReplayer Proof replay took 6ns 
207259     INFO  main            d.u.i.k.p.r.p.TestFile    ... finished proof: closed. 
207506     INFO  main            d.u.i.k.p.i.AbstractProblemLoader Loading environment from /home/runner/work/key/key/key.core/../key.ui/examples/standard_key/inEqSimp/division.key.proof 
207506     DEBUG main            d.u.i.k.p.i.AbstractProblemLoader Environment load took 95.2ns 
207508     INFO  main            d.u.i.k.p.i.AbstractProblemLoader Creating init config 
209803     DEBUG main            d.u.i.k.p.i.AbstractProblemLoader Init config took 2.3s 
209816     INFO  main            d.u.i.k.p.i.AbstractProblemLoader Replaying proof division.key.proof 
209894     DEBUG main            d.u.i.k.p.i.IntermediateProofReplayer Proof replay took 69.03ms 
209896     DEBUG main            d.u.i.k.p.r.p.TestFile    ... success: reloaded. 
209897     INFO  main            d.u.i.k.p.r.p.TestFile    Now processing file /home/runner/work/key/key/key.core/../key.ui/examples/standard_key/inEqSimp/inequations0.key 
209897     INFO  main            d.u.i.k.p.i.AbstractProblemLoader Loading environment from /home/runner/work/key/key/key.core/../key.ui/examples/standard_key/inEqSimp/inequations0.key 
209897     DEBUG main            d.u.i.k.p.i.AbstractProblemLoader Environment load took 171.6ns 
209898     INFO  main            d.u.i.k.p.i.AbstractProblemLoader Creating init config 
212227     DEBUG main            d.u.i.k.p.i.AbstractProblemLoader Init config took 2.33s 
212240     INFO  main            d.u.i.k.p.i.AbstractProblemLoader Replaying proof inequations0.key 
212241     DEBUG main            d.u.i.k.p.i.IntermediateProofReplayer Proof replay took 39.3ns 
212344     INFO  main            d.u.i.k.p.r.p.TestFile    ... finished proof: closed. 
212606     INFO  main            d.u.i.k.p.i.AbstractProblemLoader Loading environment from /home/runner/work/key/key/key.core/../key.ui/examples/standard_key/inEqSimp/inequations0.key.proof 
212606     DEBUG main            d.u.i.k.p.i.AbstractProblemLoader Environment load took 83.2ns 
212607     INFO  main            d.u.i.k.p.i.AbstractProblemLoader Creating init config 
214877     DEBUG main            d.u.i.k.p.i.AbstractProblemLoader Init config took 2.27s 
214889     INFO  main            d.u.i.k.p.i.AbstractProblemLoader Replaying proof inequations0.key.proof 
214892     DEBUG main            d.u.i.k.p.i.IntermediateProofReplayer Proof replay took 1.54ms 
214893     DEBUG main            d.u.i.k.p.r.p.TestFile    ... success: reloaded. 
214893     INFO  main            d.u.i.k.p.r.p.TestFile    Now processing file /home/runner/work/key/key/key.core/../key.ui/examples/standard_key/inEqSimp/inequations1.key 
214893     INFO  main            d.u.i.k.p.i.AbstractProblemLoader Loading environment from /home/runner/work/key/key/key.core/../key.ui/examples/standard_key/inEqSimp/inequations1.key 
214893     DEBUG main            d.u.i.k.p.i.AbstractProblemLoader Environment load took 64.9ns 
214894     INFO  main            d.u.i.k.p.i.AbstractProblemLoader Creating init config 
217236     DEBUG main            d.u.i.k.p.i.AbstractProblemLoader Init config took 2.34s 
217249     INFO  main            d.u.i.k.p.i.AbstractProblemLoader Replaying proof inequations1.key 
217251     DEBUG main            d.u.i.k.p.i.IntermediateProofReplayer Proof replay took 2.9ns 
217353     INFO  main            d.u.i.k.p.r.p.TestFile    ... finished proof: closed. 
217593     INFO  main            d.u.i.k.p.i.AbstractProblemLoader Loading environment from /home/runner/work/key/key/key.core/../key.ui/examples/standard_key/inEqSimp/inequations1.key.proof 
217593     DEBUG main            d.u.i.k.p.i.AbstractProblemLoader Environment load took 76.6ns 
217594     INFO  main            d.u.i.k.p.i.AbstractProblemLoader Creating init config 
219875     DEBUG main            d.u.i.k.p.i.AbstractProblemLoader Init config took 2.28s 
219887     INFO  main            d.u.i.k.p.i.AbstractProblemLoader Replaying proof inequations1.key.proof 
219889     DEBUG main            d.u.i.k.p.i.IntermediateProofReplayer Proof replay took 846.99ns 
219890     DEBUG main            d.u.i.k.p.r.p.TestFile    ... success: reloaded. 
219890     INFO  main            d.u.i.k.p.r.p.TestFile    Now processing file /home/runner/work/key/key/key.core/../key.ui/examples/standard_key/inEqSimp/inequations2.key 
219891     INFO  main            d.u.i.k.p.i.AbstractProblemLoader Loading environment from /home/runner/work/key/key/key.core/../key.ui/examples/standard_key/inEqSimp/inequations2.key 
219891     DEBUG main            d.u.i.k.p.i.AbstractProblemLoader Environment load took 88.1ns 
219891     INFO  main            d.u.i.k.p.i.AbstractProblemLoader Creating init config 
222235     DEBUG main            d.u.i.k.p.i.AbstractProblemLoader Init config took 2.34s 
222247     INFO  main            d.u.i.k.p.i.AbstractProblemLoader Replaying proof inequations2.key 
222248     DEBUG main            d.u.i.k.p.i.IntermediateProofReplayer Proof replay took 2.4ns 
222350     INFO  main            d.u.i.k.p.r.p.TestFile    ... finished proof: closed. 
222615     INFO  main            d.u.i.k.p.i.AbstractProblemLoader Loading environment from /home/runner/work/key/key/key.core/../key.ui/examples/standard_key/inEqSimp/inequations2.key.proof 
222616     DEBUG main            d.u.i.k.p.i.AbstractProblemLoader Environment load took 77ns 
222616     INFO  main            d.u.i.k.p.i.AbstractProblemLoader Creating init config 
224888     DEBUG main            d.u.i.k.p.i.AbstractProblemLoader Init config took 2.27s 
224900     INFO  main            d.u.i.k.p.i.AbstractProblemLoader Replaying proof inequations2.key.proof 
224903     DEBUG main            d.u.i.k.p.i.IntermediateProofReplayer Proof replay took 1.06ms 
224904     DEBUG main            d.u.i.k.p.r.p.TestFile    ... success: reloaded. 
224904     INFO  main            d.u.i.k.p.r.p.TestFile    Now processing file /home/runner/work/key/key/key.core/../key.ui/examples/standard_key/inEqSimp/linApprox.key 
224905     INFO  main            d.u.i.k.p.i.AbstractProblemLoader Loading environment from /home/runner/work/key/key/key.core/../key.ui/examples/standard_key/inEqSimp/linApprox.key 
224905     DEBUG main            d.u.i.k.p.i.AbstractProblemLoader Environment load took 72.8ns 
224906     INFO  main            d.u.i.k.p.i.AbstractProblemLoader Creating init config 
227249     DEBUG main            d.u.i.k.p.i.AbstractProblemLoader Init config took 2.34s 
227261     INFO  main            d.u.i.k.p.i.AbstractProblemLoader Replaying proof linApprox.key 
227263     DEBUG main            d.u.i.k.p.i.IntermediateProofReplayer Proof replay took 3.1ns 
227364     INFO  main            d.u.i.k.p.r.p.TestFile    ... finished proof: closed. 
227618     INFO  main            d.u.i.k.p.i.AbstractProblemLoader Loading environment from /home/runner/work/key/key/key.core/../key.ui/examples/standard_key/inEqSimp/linApprox.key.proof 
227619     DEBUG main            d.u.i.k.p.i.AbstractProblemLoader Environment load took 72.4ns 
227620     INFO  main            d.u.i.k.p.i.AbstractProblemLoader Creating init config 
229888     DEBUG main            d.u.i.k.p.i.AbstractProblemLoader Init config took 2.27s 
229901     INFO  main            d.u.i.k.p.i.AbstractProblemLoader Replaying proof linApprox.key.proof 
229903     DEBUG main            d.u.i.k.p.i.IntermediateProofReplayer Proof replay took 1.4ms 
229904     DEBUG main            d.u.i.k.p.r.p.TestFile    ... success: reloaded. 
229905     INFO  main            d.u.i.k.p.r.p.TestFile    Now processing file /home/runner/work/key/key/key.core/../key.ui/examples/standard_key/inEqSimp/nonLinInEqExample0.key 
229905     INFO  main            d.u.i.k.p.i.AbstractProblemLoader Loading environment from /home/runner/work/key/key/key.core/../key.ui/examples/standard_key/inEqSimp/nonLinInEqExample0.key 
229905     DEBUG main            d.u.i.k.p.i.AbstractProblemLoader Environment load took 72.1ns 
229906     INFO  main            d.u.i.k.p.i.AbstractProblemLoader Creating init config 
232218     DEBUG main            d.u.i.k.p.i.AbstractProblemLoader Init config took 2.31s 
232231     INFO  main            d.u.i.k.p.i.AbstractProblemLoader Replaying proof nonLinInEqExample0.key 
232232     DEBUG main            d.u.i.k.p.i.IntermediateProofReplayer Proof replay took 3.1ns 
232339     INFO  main            d.u.i.k.p.r.p.TestFile    ... finished proof: closed. 
232614     INFO  main            d.u.i.k.p.i.AbstractProblemLoader Loading environment from /home/runner/work/key/key/key.core/../key.ui/examples/standard_key/inEqSimp/nonLinInEqExample0.key.proof 
232614     DEBUG main            d.u.i.k.p.i.AbstractProblemLoader Environment load took 79.1ns 
232615     INFO  main            d.u.i.k.p.i.AbstractProblemLoader Creating init config 
234886     DEBUG main            d.u.i.k.p.i.AbstractProblemLoader Init config took 2.27s 
234898     INFO  main            d.u.i.k.p.i.AbstractProblemLoader Replaying proof nonLinInEqExample0.key.proof 
234900     DEBUG main            d.u.i.k.p.i.IntermediateProofReplayer Proof replay took 525.2ns 
234900     DEBUG main            d.u.i.k.p.r.p.TestFile    ... success: reloaded. 
234901     INFO  main            d.u.i.k.p.r.p.TestFile    Now processing file /home/runner/work/key/key/key.core/../key.ui/examples/standard_key/inEqSimp/nonLinInEqExample2.key 
234901     INFO  main            d.u.i.k.p.i.AbstractProblemLoader Loading environment from /home/runner/work/key/key/key.core/../key.ui/examples/standard_key/inEqSimp/nonLinInEqExample2.key 
234901     DEBUG main            d.u.i.k.p.i.AbstractProblemLoader Environment load took 92.8ns 
234902     INFO  main            d.u.i.k.p.i.AbstractProblemLoader Creating init config 
237210     DEBUG main            d.u.i.k.p.i.AbstractProblemLoader Init config took 2.31s 
237223     INFO  main            d.u.i.k.p.i.AbstractProblemLoader Replaying proof nonLinInEqExample2.key 
237224     DEBUG main            d.u.i.k.p.i.IntermediateProofReplayer Proof replay took 2.2ns 
237527     INFO  main            d.u.i.k.p.r.p.TestFile    ... finished proof: closed. 
237790     INFO  main            d.u.i.k.p.i.AbstractProblemLoader Loading environment from /home/runner/work/key/key/key.core/../key.ui/examples/standard_key/inEqSimp/nonLinInEqExample2.key.proof 
237790     DEBUG main            d.u.i.k.p.i.AbstractProblemLoader Environment load took 76.4ns 
237791     INFO  main            d.u.i.k.p.i.AbstractProblemLoader Creating init config 
240066     DEBUG main            d.u.i.k.p.i.AbstractProblemLoader Init config took 2.27s 
240086     INFO  main            d.u.i.k.p.i.AbstractProblemLoader Replaying proof nonLinInEqExample2.key.proof 
240107     DEBUG main            d.u.i.k.p.i.IntermediateProofReplayer Proof replay took 17.97ms 
240108     DEBUG main            d.u.i.k.p.r.p.TestFile    ... success: reloaded. 
240108     INFO  main            d.u.i.k.p.r.p.TestFile    Now processing file /home/runner/work/key/key/key.core/../key.ui/examples/standard_key/inEqSimp/nonLinInEqExample3.key 
240108     INFO  main            d.u.i.k.p.i.AbstractProblemLoader Loading environment from /home/runner/work/key/key/key.core/../key.ui/examples/standard_key/inEqSimp/nonLinInEqExample3.key 
240109     DEBUG main            d.u.i.k.p.i.AbstractProblemLoader Environment load took 75.7ns 
240109     INFO  main            d.u.i.k.p.i.AbstractProblemLoader Creating init config 
242441     DEBUG main            d.u.i.k.p.i.AbstractProblemLoader Init config took 2.33s 
242453     INFO  main            d.u.i.k.p.i.AbstractProblemLoader Replaying proof nonLinInEqExample3.key 
242454     DEBUG main            d.u.i.k.p.i.IntermediateProofReplayer Proof replay took 2.8ns 
242660     INFO  main            d.u.i.k.p.r.p.TestFile    ... finished proof: closed. 
242945     INFO  main            d.u.i.k.p.i.AbstractProblemLoader Loading environment from /home/runner/work/key/key/key.core/../key.ui/examples/standard_key/inEqSimp/nonLinInEqExample3.key.proof 
242945     DEBUG main            d.u.i.k.p.i.AbstractProblemLoader Environment load took 77ns 
242946     INFO  main            d.u.i.k.p.i.AbstractProblemLoader Creating init config 
245244     DEBUG main            d.u.i.k.p.i.AbstractProblemLoader Init config took 2.3s 
245256     INFO  main            d.u.i.k.p.i.AbstractProblemLoader Replaying proof nonLinInEqExample3.key.proof 
245268     DEBUG main            d.u.i.k.p.i.IntermediateProofReplayer Proof replay took 10.02ms 
245269     DEBUG main            d.u.i.k.p.r.p.TestFile    ... success: reloaded. 
245270     INFO  main            d.u.i.k.p.r.p.TestFile    Now processing file /home/runner/work/key/key/key.core/../key.ui/examples/standard_key/inEqSimp/nonLinInEqExample4.key 
245270     INFO  main            d.u.i.k.p.i.AbstractProblemLoader Loading environment from /home/runner/work/key/key/key.core/../key.ui/examples/standard_key/inEqSimp/nonLinInEqExample4.key 
245270     DEBUG main            d.u.i.k.p.i.AbstractProblemLoader Environment load took 81.8ns 
245271     INFO  main            d.u.i.k.p.i.AbstractProblemLoader Creating init config 
247591     DEBUG main            d.u.i.k.p.i.AbstractProblemLoader Init config took 2.32s 
247603     INFO  main            d.u.i.k.p.i.AbstractProblemLoader Replaying proof nonLinInEqExample4.key 
247605     DEBUG main            d.u.i.k.p.i.IntermediateProofReplayer Proof replay took 2.3ns 
247706     INFO  main            d.u.i.k.p.r.p.TestFile    ... finished proof: closed. 
247989     INFO  main            d.u.i.k.p.i.AbstractProblemLoader Loading environment from /home/runner/work/key/key/key.core/../key.ui/examples/standard_key/inEqSimp/nonLinInEqExample4.key.proof 
247989     DEBUG main            d.u.i.k.p.i.AbstractProblemLoader Environment load took 74.6ns 
247990     INFO  main            d.u.i.k.p.i.AbstractProblemLoader Creating init config 
250265     DEBUG main            d.u.i.k.p.i.AbstractProblemLoader Init config took 2.28s 
250277     INFO  main            d.u.i.k.p.i.AbstractProblemLoader Replaying proof nonLinInEqExample4.key.proof 
250285     DEBUG main            d.u.i.k.p.i.IntermediateProofReplayer Proof replay took 2.36ms 
250286     DEBUG main            d.u.i.k.p.r.p.TestFile    ... success: reloaded. 
250287     INFO  main            d.u.i.k.p.r.p.TestFile    Now processing file /home/runner/work/key/key/key.core/../key.ui/examples/standard_key/inEqSimp/quadraticInEq.key 
250287     INFO  main            d.u.i.k.p.i.AbstractProblemLoader Loading environment from /home/runner/work/key/key/key.core/../key.ui/examples/standard_key/inEqSimp/quadraticInEq.key 
250287     DEBUG main            d.u.i.k.p.i.AbstractProblemLoader Environment load took 69ns 
250288     INFO  main            d.u.i.k.p.i.AbstractProblemLoader Creating init config 
252604     DEBUG main            d.u.i.k.p.i.AbstractProblemLoader Init config took 2.32s 
252617     INFO  main            d.u.i.k.p.i.AbstractProblemLoader Replaying proof quadraticInEq.key 
252618     DEBUG main            d.u.i.k.p.i.IntermediateProofReplayer Proof replay took 2.5ns 
252922     INFO  main            d.u.i.k.p.r.p.TestFile    ... finished proof: closed. 
253226     INFO  main            d.u.i.k.p.i.AbstractProblemLoader Loading environment from /home/runner/work/key/key/key.core/../key.ui/examples/standard_key/inEqSimp/quadraticInEq.key.proof 
253229     DEBUG main            d.u.i.k.p.i.AbstractProblemLoader Environment load took 2.39ms 
253230     INFO  main            d.u.i.k.p.i.AbstractProblemLoader Creating init config 
255505     DEBUG main            d.u.i.k.p.i.AbstractProblemLoader Init config took 2.27s 
255518     INFO  main            d.u.i.k.p.i.AbstractProblemLoader Replaying proof quadraticInEq.key.proof 
255546     DEBUG main            d.u.i.k.p.i.IntermediateProofReplayer Proof replay took 23.54ms 
255547     DEBUG main            d.u.i.k.p.r.p.TestFile    ... success: reloaded. 
255548     INFO  main            d.u.i.k.p.r.p.TestFile    Now processing file /home/runner/work/key/key/key.core/../key.ui/examples/standard_key/inEqSimp/quadraticInEq10.key 
255548     INFO  main            d.u.i.k.p.i.AbstractProblemLoader Loading environment from /home/runner/work/key/key/key.core/../key.ui/examples/standard_key/inEqSimp/quadraticInEq10.key 
255548     DEBUG main            d.u.i.k.p.i.AbstractProblemLoader Environment load took 59.5ns 
255549     INFO  main            d.u.i.k.p.i.AbstractProblemLoader Creating init config 
257860     DEBUG main            d.u.i.k.p.i.AbstractProblemLoader Init config took 2.31s 
257872     INFO  main            d.u.i.k.p.i.AbstractProblemLoader Replaying proof quadraticInEq10.key 
257873     DEBUG main            d.u.i.k.p.i.IntermediateProofReplayer Proof replay took 2.6ns 
258095     INFO  main            d.u.i.k.p.r.p.TestFile    ... finished proof: closed. 
258380     INFO  main            d.u.i.k.p.i.AbstractProblemLoader Loading environment from /home/runner/work/key/key/key.core/../key.ui/examples/standard_key/inEqSimp/quadraticInEq10.key.proof 
258381     DEBUG main            d.u.i.k.p.i.AbstractProblemLoader Environment load took 117.7ns 
258382     INFO  main            d.u.i.k.p.i.AbstractProblemLoader Creating init config 
260658     DEBUG main            d.u.i.k.p.i.AbstractProblemLoader Init config took 2.28s 
260671     INFO  main            d.u.i.k.p.i.AbstractProblemLoader Replaying proof quadraticInEq10.key.proof 
260682     DEBUG main            d.u.i.k.p.i.IntermediateProofReplayer Proof replay took 7.02ms 
260685     DEBUG main            d.u.i.k.p.r.p.TestFile    ... success: reloaded. 
260685     INFO  main            d.u.i.k.p.r.p.TestFile    Now processing file /home/runner/work/key/key/key.core/../key.ui/examples/standard_key/inEqSimp/quadraticInEq13.key 
260685     INFO  main            d.u.i.k.p.i.AbstractProblemLoader Loading environment from /home/runner/work/key/key/key.core/../key.ui/examples/standard_key/inEqSimp/quadraticInEq13.key 
260685     DEBUG main            d.u.i.k.p.i.AbstractProblemLoader Environment load took 42.7ns 
260686     INFO  main            d.u.i.k.p.i.AbstractProblemLoader Creating init config 
263008     DEBUG main            d.u.i.k.p.i.AbstractProblemLoader Init config took 2.32s 
263020     INFO  main            d.u.i.k.p.i.AbstractProblemLoader Replaying proof quadraticInEq13.key 
263023     DEBUG main            d.u.i.k.p.i.IntermediateProofReplayer Proof replay took 3.3ns 
263226     INFO  main            d.u.i.k.p.r.p.TestFile    ... finished proof: closed. 
263532     INFO  main            d.u.i.k.p.i.AbstractProblemLoader Loading environment from /home/runner/work/key/key/key.core/../key.ui/examples/standard_key/inEqSimp/quadraticInEq13.key.proof 
263532     DEBUG main            d.u.i.k.p.i.AbstractProblemLoader Environment load took 73.1ns 
263534     INFO  main            d.u.i.k.p.i.AbstractProblemLoader Creating init config 
265815     DEBUG main            d.u.i.k.p.i.AbstractProblemLoader Init config took 2.28s 
265827     INFO  main            d.u.i.k.p.i.AbstractProblemLoader Replaying proof quadraticInEq13.key.proof 
265839     DEBUG main            d.u.i.k.p.i.IntermediateProofReplayer Proof replay took 9.91ms 
265840     DEBUG main            d.u.i.k.p.r.p.TestFile    ... success: reloaded. 
265841     INFO  main            d.u.i.k.p.r.p.TestFile    Now processing file /home/runner/work/key/key/key.core/../key.ui/examples/standard_key/inEqSimp/quadraticInEq14.key 
265841     INFO  main            d.u.i.k.p.i.AbstractProblemLoader Loading environment from /home/runner/work/key/key/key.core/../key.ui/examples/standard_key/inEqSimp/quadraticInEq14.key 
265841     DEBUG main            d.u.i.k.p.i.AbstractProblemLoader Environment load took 163.5ns 
265842     INFO  main            d.u.i.k.p.i.AbstractProblemLoader Creating init config 
268182     DEBUG main            d.u.i.k.p.i.AbstractProblemLoader Init config took 2.34s 
268194     INFO  main            d.u.i.k.p.i.AbstractProblemLoader Replaying proof quadraticInEq14.key 
268196     DEBUG main            d.u.i.k.p.i.IntermediateProofReplayer Proof replay took 2.4ns 
268499     INFO  main            d.u.i.k.p.r.p.TestFile    ... finished proof: closed. 
268826     INFO  main            d.u.i.k.p.i.AbstractProblemLoader Loading environment from /home/runner/work/key/key/key.core/../key.ui/examples/standard_key/inEqSimp/quadraticInEq14.key.proof 
268826     DEBUG main            d.u.i.k.p.i.AbstractProblemLoader Environment load took 75.2ns 
268827     INFO  main            d.u.i.k.p.i.AbstractProblemLoader Creating init config 
271100     DEBUG main            d.u.i.k.p.i.AbstractProblemLoader Init config took 2.27s 
271113     INFO  main            d.u.i.k.p.i.AbstractProblemLoader Replaying proof quadraticInEq14.key.proof 
271128     DEBUG main            d.u.i.k.p.i.IntermediateProofReplayer Proof replay took 12.52ms 
271129     DEBUG main            d.u.i.k.p.r.p.TestFile    ... success: reloaded. 
271134     INFO  main            d.u.i.k.p.r.p.TestFile    Now processing file /home/runner/work/key/key/key.core/../key.ui/examples/standard_key/inEqSimp/quadraticInEq2.key 
271136     INFO  main            d.u.i.k.p.i.AbstractProblemLoader Loading environment from /home/runner/work/key/key/key.core/../key.ui/examples/standard_key/inEqSimp/quadraticInEq2.key 
271137     DEBUG main            d.u.i.k.p.i.AbstractProblemLoader Environment load took 1.57ms 
271139     INFO  main            d.u.i.k.p.i.AbstractProblemLoader Creating init config 
273466     DEBUG main            d.u.i.k.p.i.AbstractProblemLoader Init config took 2.33s 
273479     INFO  main            d.u.i.k.p.i.AbstractProblemLoader Replaying proof quadraticInEq2.key 
273481     DEBUG main            d.u.i.k.p.i.IntermediateProofReplayer Proof replay took 2.5ns 
273584     INFO  main            d.u.i.k.p.r.p.TestFile    ... finished proof: closed. 
273901     INFO  main            d.u.i.k.p.i.AbstractProblemLoader Loading environment from /home/runner/work/key/key/key.core/../key.ui/examples/standard_key/inEqSimp/quadraticInEq2.key.proof 
273901     DEBUG main            d.u.i.k.p.i.AbstractProblemLoader Environment load took 67.6ns 
273902     INFO  main            d.u.i.k.p.i.AbstractProblemLoader Creating init config 
276183     DEBUG main            d.u.i.k.p.i.AbstractProblemLoader Init config took 2.28s 
276196     INFO  main            d.u.i.k.p.i.AbstractProblemLoader Replaying proof quadraticInEq2.key.proof 
276199     DEBUG main            d.u.i.k.p.i.IntermediateProofReplayer Proof replay took 1.58ms 
276200     DEBUG main            d.u.i.k.p.r.p.TestFile    ... success: reloaded. 
276200     INFO  main            d.u.i.k.p.r.p.TestFile    Now processing file /home/runner/work/key/key/key.core/../key.ui/examples/standard_key/inEqSimp/quadraticInEq3.key 
276200     INFO  main            d.u.i.k.p.i.AbstractProblemLoader Loading environment from /home/runner/work/key/key/key.core/../key.ui/examples/standard_key/inEqSimp/quadraticInEq3.key 
276200     DEBUG main            d.u.i.k.p.i.AbstractProblemLoader Environment load took 91.2ns 
276201     INFO  main            d.u.i.k.p.i.AbstractProblemLoader Creating init config 
278525     DEBUG main            d.u.i.k.p.i.AbstractProblemLoader Init config took 2.32s 
278537     INFO  main            d.u.i.k.p.i.AbstractProblemLoader Replaying proof quadraticInEq3.key 
278539     DEBUG main            d.u.i.k.p.i.IntermediateProofReplayer Proof replay took 17.3ns 
278640     INFO  main            d.u.i.k.p.r.p.TestFile    ... finished proof: closed. 
278945     INFO  main            d.u.i.k.p.i.AbstractProblemLoader Loading environment from /home/runner/work/key/key/key.core/../key.ui/examples/standard_key/inEqSimp/quadraticInEq3.key.proof 
278945     DEBUG main            d.u.i.k.p.i.AbstractProblemLoader Environment load took 73ns 
278946     INFO  main            d.u.i.k.p.i.AbstractProblemLoader Creating init config 
281212     DEBUG main            d.u.i.k.p.i.AbstractProblemLoader Init config took 2.27s 
281224     INFO  main            d.u.i.k.p.i.AbstractProblemLoader Replaying proof quadraticInEq3.key.proof 
281230     DEBUG main            d.u.i.k.p.i.IntermediateProofReplayer Proof replay took 3.94ms 
281230     DEBUG main            d.u.i.k.p.r.p.TestFile    ... success: reloaded. 
281231     INFO  main            d.u.i.k.p.r.p.TestFile    Now processing file /home/runner/work/key/key/key.core/../key.ui/examples/standard_key/inEqSimp/quadraticInEq4.key 
281232     INFO  main            d.u.i.k.p.i.AbstractProblemLoader Loading environment from /home/runner/work/key/key/key.core/../key.ui/examples/standard_key/inEqSimp/quadraticInEq4.key 
281232     DEBUG main            d.u.i.k.p.i.AbstractProblemLoader Environment load took 152ns 
281233     INFO  main            d.u.i.k.p.i.AbstractProblemLoader Creating init config 
283551     DEBUG main            d.u.i.k.p.i.AbstractProblemLoader Init config took 2.32s 
283563     INFO  main            d.u.i.k.p.i.AbstractProblemLoader Replaying proof quadraticInEq4.key 
283564     DEBUG main            d.u.i.k.p.i.IntermediateProofReplayer Proof replay took 2.1ns 
283665     INFO  main            d.u.i.k.p.r.p.TestFile    ... finished proof: closed. 
283967     INFO  main            d.u.i.k.p.i.AbstractProblemLoader Loading environment from /home/runner/work/key/key/key.core/../key.ui/examples/standard_key/inEqSimp/quadraticInEq4.key.proof 
283968     DEBUG main            d.u.i.k.p.i.AbstractProblemLoader Environment load took 72.5ns 
283968     INFO  main            d.u.i.k.p.i.AbstractProblemLoader Creating init config 
286234     DEBUG main            d.u.i.k.p.i.AbstractProblemLoader Init config took 2.27s 
286246     INFO  main            d.u.i.k.p.i.AbstractProblemLoader Replaying proof quadraticInEq4.key.proof 
286250     DEBUG main            d.u.i.k.p.i.IntermediateProofReplayer Proof replay took 2.35ms 
286251     DEBUG main            d.u.i.k.p.r.p.TestFile    ... success: reloaded. 
286251     INFO  main            d.u.i.k.p.r.p.TestFile    Now processing file /home/runner/work/key/key/key.core/../key.ui/examples/standard_key/inEqSimp/quadraticInEq5.key 
286252     INFO  main            d.u.i.k.p.i.AbstractProblemLoader Loading environment from /home/runner/work/key/key/key.core/../key.ui/examples/standard_key/inEqSimp/quadraticInEq5.key 
286252     DEBUG main            d.u.i.k.p.i.AbstractProblemLoader Environment load took 66.5ns 
286252     INFO  main            d.u.i.k.p.i.AbstractProblemLoader Creating init config 
288571     DEBUG main            d.u.i.k.p.i.AbstractProblemLoader Init config took 2.32s 
288583     INFO  main            d.u.i.k.p.i.AbstractProblemLoader Replaying proof quadraticInEq5.key 
288584     DEBUG main            d.u.i.k.p.i.IntermediateProofReplayer Proof replay took 2.7ns 
288686     INFO  main            d.u.i.k.p.r.p.TestFile    ... finished proof: closed. 
289003     INFO  main            d.u.i.k.p.i.AbstractProblemLoader Loading environment from /home/runner/work/key/key/key.core/../key.ui/examples/standard_key/inEqSimp/quadraticInEq5.key.proof 
289003     DEBUG main            d.u.i.k.p.i.AbstractProblemLoader Environment load took 65ns 
289004     INFO  main            d.u.i.k.p.i.AbstractProblemLoader Creating init config 
291274     DEBUG main            d.u.i.k.p.i.AbstractProblemLoader Init config took 2.27s 
291287     INFO  main            d.u.i.k.p.i.AbstractProblemLoader Replaying proof quadraticInEq5.key.proof 
291290     DEBUG main            d.u.i.k.p.i.IntermediateProofReplayer Proof replay took 2.44ms 
291291     DEBUG main            d.u.i.k.p.r.p.TestFile    ... success: reloaded. 
291292     INFO  main            d.u.i.k.p.r.p.TestFile    Now processing file /home/runner/work/key/key/key.core/../key.ui/examples/standard_key/inEqSimp/quadraticInEq6.key 
291292     INFO  main            d.u.i.k.p.i.AbstractProblemLoader Loading environment from /home/runner/work/key/key/key.core/../key.ui/examples/standard_key/inEqSimp/quadraticInEq6.key 
291292     DEBUG main            d.u.i.k.p.i.AbstractProblemLoader Environment load took 69.7ns 
291293     INFO  main            d.u.i.k.p.i.AbstractProblemLoader Creating init config 
293630     DEBUG main            d.u.i.k.p.i.AbstractProblemLoader Init config took 2.34s 
293642     INFO  main            d.u.i.k.p.i.AbstractProblemLoader Replaying proof quadraticInEq6.key 
293643     DEBUG main            d.u.i.k.p.i.IntermediateProofReplayer Proof replay took 3.3ns 
293746     INFO  main            d.u.i.k.p.r.p.TestFile    ... finished proof: closed. 
294060     INFO  main            d.u.i.k.p.i.AbstractProblemLoader Loading environment from /home/runner/work/key/key/key.core/../key.ui/examples/standard_key/inEqSimp/quadraticInEq6.key.proof 
294060     DEBUG main            d.u.i.k.p.i.AbstractProblemLoader Environment load took 74.3ns 
294061     INFO  main            d.u.i.k.p.i.AbstractProblemLoader Creating init config 
296327     DEBUG main            d.u.i.k.p.i.AbstractProblemLoader Init config took 2.27s 
296339     INFO  main            d.u.i.k.p.i.AbstractProblemLoader Replaying proof quadraticInEq6.key.proof 
296344     DEBUG main            d.u.i.k.p.i.IntermediateProofReplayer Proof replay took 2.9ms 
296344     DEBUG main            d.u.i.k.p.r.p.TestFile    ... success: reloaded. 
296345     INFO  main            d.u.i.k.p.r.p.TestFile    Now processing file /home/runner/work/key/key/key.core/../key.ui/examples/standard_key/inEqSimp/quadraticInEq7.key 
296346     INFO  main            d.u.i.k.p.i.AbstractProblemLoader Loading environment from /home/runner/work/key/key/key.core/../key.ui/examples/standard_key/inEqSimp/quadraticInEq7.key 
296346     DEBUG main            d.u.i.k.p.i.AbstractProblemLoader Environment load took 72.8ns 
296347     INFO  main            d.u.i.k.p.i.AbstractProblemLoader Creating init config 
298676     DEBUG main            d.u.i.k.p.i.AbstractProblemLoader Init config took 2.33s 
298688     INFO  main            d.u.i.k.p.i.AbstractProblemLoader Replaying proof quadraticInEq7.key 
298689     DEBUG main            d.u.i.k.p.i.IntermediateProofReplayer Proof replay took 2.3ns 
298791     INFO  main            d.u.i.k.p.r.p.TestFile    ... finished proof: closed. 
299111     INFO  main            d.u.i.k.p.i.AbstractProblemLoader Loading environment from /home/runner/work/key/key/key.core/../key.ui/examples/standard_key/inEqSimp/quadraticInEq7.key.proof 
299111     DEBUG main            d.u.i.k.p.i.AbstractProblemLoader Environment load took 68.4ns 
299112     INFO  main            d.u.i.k.p.i.AbstractProblemLoader Creating init config 
301396     DEBUG main            d.u.i.k.p.i.AbstractProblemLoader Init config took 2.28s 
301408     INFO  main            d.u.i.k.p.i.AbstractProblemLoader Replaying proof quadraticInEq7.key.proof 
301410     DEBUG main            d.u.i.k.p.i.IntermediateProofReplayer Proof replay took 1.27ms 
301411     DEBUG main            d.u.i.k.p.r.p.TestFile    ... success: reloaded. 
301412     INFO  main            d.u.i.k.p.r.p.TestFile    Now processing file /home/runner/work/key/key/key.core/../key.ui/examples/standard_key/inEqSimp/quadraticInEq8.key 
301412     INFO  main            d.u.i.k.p.i.AbstractProblemLoader Loading environment from /home/runner/work/key/key/key.core/../key.ui/examples/standard_key/inEqSimp/quadraticInEq8.key 
301412     DEBUG main            d.u.i.k.p.i.AbstractProblemLoader Environment load took 55.5ns 
301413     INFO  main            d.u.i.k.p.i.AbstractProblemLoader Creating init config 
303733     DEBUG main            d.u.i.k.p.i.AbstractProblemLoader Init config took 2.32s 
303745     INFO  main            d.u.i.k.p.i.AbstractProblemLoader Replaying proof quadraticInEq8.key 
303746     DEBUG main            d.u.i.k.p.i.IntermediateProofReplayer Proof replay took 2.1ns 
303848     INFO  main            d.u.i.k.p.r.p.TestFile    ... finished proof: closed. 
304171     INFO  main            d.u.i.k.p.i.AbstractProblemLoader Loading environment from /home/runner/work/key/key/key.core/../key.ui/examples/standard_key/inEqSimp/quadraticInEq8.key.proof 
304171     DEBUG main            d.u.i.k.p.i.AbstractProblemLoader Environment load took 71.2ns 
304172     INFO  main            d.u.i.k.p.i.AbstractProblemLoader Creating init config 
306454     DEBUG main            d.u.i.k.p.i.AbstractProblemLoader Init config took 2.28s 
306467     INFO  main            d.u.i.k.p.i.AbstractProblemLoader Replaying proof quadraticInEq8.key.proof 
306473     DEBUG main            d.u.i.k.p.i.IntermediateProofReplayer Proof replay took 3.81ms 
306473     DEBUG main            d.u.i.k.p.r.p.TestFile    ... success: reloaded. 
306474     INFO  main            d.u.i.k.p.r.p.TestFile    Now processing file /home/runner/work/key/key/key.core/../key.ui/examples/standard_key/inEqSimp/simplify0.key 
306474     INFO  main            d.u.i.k.p.i.AbstractProblemLoader Loading environment from /home/runner/work/key/key/key.core/../key.ui/examples/standard_key/inEqSimp/simplify0.key 
306474     DEBUG main            d.u.i.k.p.i.AbstractProblemLoader Environment load took 43.1ns 
306475     INFO  main            d.u.i.k.p.i.AbstractProblemLoader Creating init config 
308795     DEBUG main            d.u.i.k.p.i.AbstractProblemLoader Init config took 2.32s 
308808     INFO  main            d.u.i.k.p.i.AbstractProblemLoader Replaying proof simplify0.key 
308809     DEBUG main            d.u.i.k.p.i.IntermediateProofReplayer Proof replay took 2ns 
308910     INFO  main            d.u.i.k.p.r.p.TestFile    ... finished proof: closed. 
309251     INFO  main            d.u.i.k.p.i.AbstractProblemLoader Loading environment from /home/runner/work/key/key/key.core/../key.ui/examples/standard_key/inEqSimp/simplify0.key.proof 
309251     DEBUG main            d.u.i.k.p.i.AbstractProblemLoader Environment load took 101ns 
309252     INFO  main            d.u.i.k.p.i.AbstractProblemLoader Creating init config 
311535     DEBUG main            d.u.i.k.p.i.AbstractProblemLoader Init config took 2.28s 
311548     INFO  main            d.u.i.k.p.i.AbstractProblemLoader Replaying proof simplify0.key.proof 
311550     DEBUG main            d.u.i.k.p.i.IntermediateProofReplayer Proof replay took 723.79ns 
311551     DEBUG main            d.u.i.k.p.r.p.TestFile    ... success: reloaded. 
311551     INFO  main            d.u.i.k.p.r.p.TestFile    Now processing file /home/runner/work/key/key/key.core/../key.ui/examples/standard_key/inEqSimp/simplify1.key 
311551     INFO  main            d.u.i.k.p.i.AbstractProblemLoader Loading environment from /home/runner/work/key/key/key.core/../key.ui/examples/standard_key/inEqSimp/simplify1.key 
311551     DEBUG main            d.u.i.k.p.i.AbstractProblemLoader Environment load took 40.3ns 
311552     INFO  main            d.u.i.k.p.i.AbstractProblemLoader Creating init config 
313864     DEBUG main            d.u.i.k.p.i.AbstractProblemLoader Init config took 2.31s 
313876     INFO  main            d.u.i.k.p.i.AbstractProblemLoader Replaying proof simplify1.key 
313877     DEBUG main            d.u.i.k.p.i.IntermediateProofReplayer Proof replay took 3.4ns 
313979     INFO  main            d.u.i.k.p.r.p.TestFile    ... finished proof: closed. 
314322     INFO  main            d.u.i.k.p.i.AbstractProblemLoader Loading environment from /home/runner/work/key/key/key.core/../key.ui/examples/standard_key/inEqSimp/simplify1.key.proof 
314323     DEBUG main            d.u.i.k.p.i.AbstractProblemLoader Environment load took 67.2ns 
314323     INFO  main            d.u.i.k.p.i.AbstractProblemLoader Creating init config 
316605     DEBUG main            d.u.i.k.p.i.AbstractProblemLoader Init config took 2.28s 
316617     INFO  main            d.u.i.k.p.i.AbstractProblemLoader Replaying proof simplify1.key.proof 
316619     DEBUG main            d.u.i.k.p.i.IntermediateProofReplayer Proof replay took 768.19ns 
316620     DEBUG main            d.u.i.k.p.r.p.TestFile    ... success: reloaded. 
316621     INFO  main            d.u.i.k.p.r.p.TestFile    Now processing file /home/runner/work/key/key/key.core/../key.ui/examples/standard_key/inEqSimp/simplify2.key 
316621     INFO  main            d.u.i.k.p.i.AbstractProblemLoader Loading environment from /home/runner/work/key/key/key.core/../key.ui/examples/standard_key/inEqSimp/simplify2.key 
316621     DEBUG main            d.u.i.k.p.i.AbstractProblemLoader Environment load took 39.9ns 
316622     INFO  main            d.u.i.k.p.i.AbstractProblemLoader Creating init config 
318953     DEBUG main            d.u.i.k.p.i.AbstractProblemLoader Init config took 2.33s 
318965     INFO  main            d.u.i.k.p.i.AbstractProblemLoader Replaying proof simplify2.key 
318966     DEBUG main            d.u.i.k.p.i.IntermediateProofReplayer Proof replay took 3ns 
319068     INFO  main            d.u.i.k.p.r.p.TestFile    ... finished proof: closed. 
319400     INFO  main            d.u.i.k.p.i.AbstractProblemLoader Loading environment from /home/runner/work/key/key/key.core/../key.ui/examples/standard_key/inEqSimp/simplify2.key.proof 
319400     DEBUG main            d.u.i.k.p.i.AbstractProblemLoader Environment load took 70.9ns 
319401     INFO  main            d.u.i.k.p.i.AbstractProblemLoader Creating init config 
321675     DEBUG main            d.u.i.k.p.i.AbstractProblemLoader Init config took 2.27s 
321688     INFO  main            d.u.i.k.p.i.AbstractProblemLoader Replaying proof simplify2.key.proof 
321695     DEBUG main            d.u.i.k.p.i.IntermediateProofReplayer Proof replay took 5.66ms 
321696     DEBUG main            d.u.i.k.p.r.p.TestFile    ... success: reloaded. 
321696     INFO  main            d.u.i.k.p.r.p.TestFile    Now processing file /home/runner/work/key/key/key.core/../key.ui/examples/standard_key/inEqSimp/simplify3.key 
321696     INFO  main            d.u.i.k.p.i.AbstractProblemLoader Loading environment from /home/runner/work/key/key/key.core/../key.ui/examples/standard_key/inEqSimp/simplify3.key 
321697     DEBUG main            d.u.i.k.p.i.AbstractProblemLoader Environment load took 40ns 
321697     INFO  main            d.u.i.k.p.i.AbstractProblemLoader Creating init config 
324027     DEBUG main            d.u.i.k.p.i.AbstractProblemLoader Init config took 2.33s 
324039     INFO  main            d.u.i.k.p.i.AbstractProblemLoader Replaying proof simplify3.key 
324040     DEBUG main            d.u.i.k.p.i.IntermediateProofReplayer Proof replay took 2.5ns 
324141     INFO  main            d.u.i.k.p.r.p.TestFile    ... finished proof: closed. 
324489     INFO  main            d.u.i.k.p.i.AbstractProblemLoader Loading environment from /home/runner/work/key/key/key.core/../key.ui/examples/standard_key/inEqSimp/simplify3.key.proof 
324489     DEBUG main            d.u.i.k.p.i.AbstractProblemLoader Environment load took 67ns 
324489     INFO  main            d.u.i.k.p.i.AbstractProblemLoader Creating init config 
326775     DEBUG main            d.u.i.k.p.i.AbstractProblemLoader Init config took 2.29s 
326787     INFO  main            d.u.i.k.p.i.AbstractProblemLoader Replaying proof simplify3.key.proof 
326789     DEBUG main            d.u.i.k.p.i.IntermediateProofReplayer Proof replay took 1.24ms 
326790     DEBUG main            d.u.i.k.p.r.p.TestFile    ... success: reloaded. 
326790     INFO  main            d.u.i.k.p.r.p.TestFile    Now processing file /home/runner/work/key/key/key.core/../key.ui/examples/standard_key/inEqSimp/simplify4.key 
326790     INFO  main            d.u.i.k.p.i.AbstractProblemLoader Loading environment from /home/runner/work/key/key/key.core/../key.ui/examples/standard_key/inEqSimp/simplify4.key 
326790     DEBUG main            d.u.i.k.p.i.AbstractProblemLoader Environment load took 40.2ns 
326791     INFO  main            d.u.i.k.p.i.AbstractProblemLoader Creating init config 
329125     DEBUG main            d.u.i.k.p.i.AbstractProblemLoader Init config took 2.33s 
329138     INFO  main            d.u.i.k.p.i.AbstractProblemLoader Replaying proof simplify4.key 
329139     DEBUG main            d.u.i.k.p.i.IntermediateProofReplayer Proof replay took 2.7ns 
329241     INFO  main            d.u.i.k.p.r.p.TestFile    ... finished proof: closed. 
329612     INFO  main            d.u.i.k.p.i.AbstractProblemLoader Loading environment from /home/runner/work/key/key/key.core/../key.ui/examples/standard_key/inEqSimp/simplify4.key.proof 
329612     DEBUG main            d.u.i.k.p.i.AbstractProblemLoader Environment load took 70.2ns 
329613     INFO  main            d.u.i.k.p.i.AbstractProblemLoader Creating init config 
331886     DEBUG main            d.u.i.k.p.i.AbstractProblemLoader Init config took 2.27s 
331899     INFO  main            d.u.i.k.p.i.AbstractProblemLoader Replaying proof simplify4.key.proof 
331905     DEBUG main            d.u.i.k.p.i.IntermediateProofReplayer Proof replay took 4.58ms 
331906     DEBUG main            d.u.i.k.p.r.p.TestFile    ... success: reloaded. 
331906     INFO  main            d.u.i.k.p.r.p.TestFile    Now processing file /home/runner/work/key/key/key.core/../key.ui/examples/standard_key/inEqSimp/simplify5.key 
331906     INFO  main            d.u.i.k.p.i.AbstractProblemLoader Loading environment from /home/runner/work/key/key/key.core/../key.ui/examples/standard_key/inEqSimp/simplify5.key 
331906     DEBUG main            d.u.i.k.p.i.AbstractProblemLoader Environment load took 54.2ns 
331907     INFO  main            d.u.i.k.p.i.AbstractProblemLoader Creating init config 
334255     DEBUG main            d.u.i.k.p.i.AbstractProblemLoader Init config took 2.35s 
334267     INFO  main            d.u.i.k.p.i.AbstractProblemLoader Replaying proof simplify5.key 
334269     DEBUG main            d.u.i.k.p.i.IntermediateProofReplayer Proof replay took 2.6ns 
334783     INFO  main            d.u.i.k.p.r.p.TestFile    ... finished proof: closed. 
335155     INFO  main            d.u.i.k.p.i.AbstractProblemLoader Loading environment from /home/runner/work/key/key/key.core/../key.ui/examples/standard_key/inEqSimp/simplify5.key.proof 
335155     DEBUG main            d.u.i.k.p.i.AbstractProblemLoader Environment load took 80.9ns 
335156     INFO  main            d.u.i.k.p.i.AbstractProblemLoader Creating init config 
337538     DEBUG main            d.u.i.k.p.i.AbstractProblemLoader Init config took 2.38s 
337551     INFO  main            d.u.i.k.p.i.AbstractProblemLoader Replaying proof simplify5.key.proof 
337585     DEBUG main            d.u.i.k.p.i.IntermediateProofReplayer Proof replay took 29.65ms 
337586     DEBUG main            d.u.i.k.p.r.p.TestFile    ... success: reloaded. 
337587     INFO  main            d.u.i.k.p.r.p.TestFile    Now processing file /home/runner/work/key/key/key.core/../key.ui/examples/standard_key/inEqSimp/subsumptionExample.key 
337587     INFO  main            d.u.i.k.p.i.AbstractProblemLoader Loading environment from /home/runner/work/key/key/key.core/../key.ui/examples/standard_key/inEqSimp/subsumptionExample.key 
337587     DEBUG main            d.u.i.k.p.i.AbstractProblemLoader Environment load took 63.4ns 
337588     INFO  main            d.u.i.k.p.i.AbstractProblemLoader Creating init config 
339869     DEBUG main            d.u.i.k.p.i.AbstractProblemLoader Init config took 2.28s 
339881     INFO  main            d.u.i.k.p.i.AbstractProblemLoader Replaying proof subsumptionExample.key 
339882     DEBUG main            d.u.i.k.p.i.IntermediateProofReplayer Proof replay took 2.6ns 
339983     INFO  main            d.u.i.k.p.r.p.TestFile    ... finished proof: closed. 
340356     INFO  main            d.u.i.k.p.i.AbstractProblemLoader Loading environment from /home/runner/work/key/key/key.core/../key.ui/examples/standard_key/inEqSimp/subsumptionExample.key.proof 
340356     DEBUG main            d.u.i.k.p.i.AbstractProblemLoader Environment load took 69.9ns 
340357     INFO  main            d.u.i.k.p.i.AbstractProblemLoader Creating init config 
342614     DEBUG main            d.u.i.k.p.i.AbstractProblemLoader Init config took 2.26s 
342626     INFO  main            d.u.i.k.p.i.AbstractProblemLoader Replaying proof subsumptionExample.key.proof 
342628     DEBUG main            d.u.i.k.p.i.IntermediateProofReplayer Proof replay took 506.69ns 
342629     DEBUG main            d.u.i.k.p.r.p.TestFile    ... success: reloaded. 
342629     INFO  main            d.u.i.k.p.r.p.TestFile    Now processing file /home/runner/work/key/key/key.core/../key.ui/examples/standard_key/polySimp/simplify0.key 
342629     INFO  main            d.u.i.k.p.i.AbstractProblemLoader Loading environment from /home/runner/work/key/key/key.core/../key.ui/examples/standard_key/polySimp/simplify0.key 
342629     DEBUG main            d.u.i.k.p.i.AbstractProblemLoader Environment load took 41.1ns 
342630     INFO  main            d.u.i.k.p.i.AbstractProblemLoader Creating init config 
344913     DEBUG main            d.u.i.k.p.i.AbstractProblemLoader Init config took 2.28s 
344926     INFO  main            d.u.i.k.p.i.AbstractProblemLoader Replaying proof simplify0.key 
344927     DEBUG main            d.u.i.k.p.i.IntermediateProofReplayer Proof replay took 2.4ns 
345129     INFO  main            d.u.i.k.p.r.p.TestFile    ... finished proof: closed. 
345512     INFO  main            d.u.i.k.p.i.AbstractProblemLoader Loading environment from /home/runner/work/key/key/key.core/../key.ui/examples/standard_key/polySimp/simplify0.key.proof 
345512     DEBUG main            d.u.i.k.p.i.AbstractProblemLoader Environment load took 71.2ns 
345514     INFO  main            d.u.i.k.p.i.AbstractProblemLoader Creating init config 
347774     DEBUG main            d.u.i.k.p.i.AbstractProblemLoader Init config took 2.26s 
347788     INFO  main            d.u.i.k.p.i.AbstractProblemLoader Replaying proof simplify0.key.proof 
347797     DEBUG main            d.u.i.k.p.i.IntermediateProofReplayer Proof replay took 4.32ms 
347798     DEBUG main            d.u.i.k.p.r.p.TestFile    ... success: reloaded. 
347799     INFO  main            d.u.i.k.p.r.p.TestFile    Now processing file /home/runner/work/key/key/key.core/../key.ui/examples/standard_key/polySimp/simplify1.key 
347799     INFO  main            d.u.i.k.p.i.AbstractProblemLoader Loading environment from /home/runner/work/key/key/key.core/../key.ui/examples/standard_key/polySimp/simplify1.key 
347799     DEBUG main            d.u.i.k.p.i.AbstractProblemLoader Environment load took 87.9ns 
347800     INFO  main            d.u.i.k.p.i.AbstractProblemLoader Creating init config 
350084     DEBUG main            d.u.i.k.p.i.AbstractProblemLoader Init config took 2.28s 
350097     INFO  main            d.u.i.k.p.i.AbstractProblemLoader Replaying proof simplify1.key 
350098     DEBUG main            d.u.i.k.p.i.IntermediateProofReplayer Proof replay took 2.1ns 
350400     INFO  main            d.u.i.k.p.r.p.TestFile    ... finished proof: closed. 
350795     INFO  main            d.u.i.k.p.i.AbstractProblemLoader Loading environment from /home/runner/work/key/key/key.core/../key.ui/examples/standard_key/polySimp/simplify1.key.proof 
350795     DEBUG main            d.u.i.k.p.i.AbstractProblemLoader Environment load took 67.2ns 
350797     INFO  main            d.u.i.k.p.i.AbstractProblemLoader Creating init config 
353055     DEBUG main            d.u.i.k.p.i.AbstractProblemLoader Init config took 2.26s 
353068     INFO  main            d.u.i.k.p.i.AbstractProblemLoader Replaying proof simplify1.key.proof 
353076     DEBUG main            d.u.i.k.p.i.IntermediateProofReplayer Proof replay took 6.03ms 
353077     DEBUG main            d.u.i.k.p.r.p.TestFile    ... success: reloaded. 
353078     INFO  main            d.u.i.k.p.r.p.TestFile    Now processing file /home/runner/work/key/key/key.core/../key.ui/examples/standard_key/polySimp/simplify10.key 
353078     INFO  main            d.u.i.k.p.i.AbstractProblemLoader Loading environment from /home/runner/work/key/key/key.core/../key.ui/examples/standard_key/polySimp/simplify10.key 
353078     DEBUG main            d.u.i.k.p.i.AbstractProblemLoader Environment load took 163ns 
353080     INFO  main            d.u.i.k.p.i.AbstractProblemLoader Creating init config 
355369     DEBUG main            d.u.i.k.p.i.AbstractProblemLoader Init config took 2.29s 
355382     INFO  main            d.u.i.k.p.i.AbstractProblemLoader Replaying proof simplify10.key 
355383     DEBUG main            d.u.i.k.p.i.IntermediateProofReplayer Proof replay took 3.1ns 
355585     INFO  main            d.u.i.k.p.r.p.TestFile    ... finished proof: closed. 
355994     INFO  main            d.u.i.k.p.i.AbstractProblemLoader Loading environment from /home/runner/work/key/key/key.core/../key.ui/examples/standard_key/polySimp/simplify10.key.proof 
355994     DEBUG main            d.u.i.k.p.i.AbstractProblemLoader Environment load took 72.8ns 
355996     INFO  main            d.u.i.k.p.i.AbstractProblemLoader Creating init config 
358255     DEBUG main            d.u.i.k.p.i.AbstractProblemLoader Init config took 2.26s 
358270     INFO  main            d.u.i.k.p.i.AbstractProblemLoader Replaying proof simplify10.key.proof 
358280     DEBUG main            d.u.i.k.p.i.IntermediateProofReplayer Proof replay took 7.94ms 
358281     DEBUG main            d.u.i.k.p.r.p.TestFile    ... success: reloaded. 
358281     INFO  main            d.u.i.k.p.r.p.TestFile    Now processing file /home/runner/work/key/key/key.core/../key.ui/examples/standard_key/polySimp/simplify11.key 
358282     INFO  main            d.u.i.k.p.i.AbstractProblemLoader Loading environment from /home/runner/work/key/key/key.core/../key.ui/examples/standard_key/polySimp/simplify11.key 
358282     DEBUG main            d.u.i.k.p.i.AbstractProblemLoader Environment load took 42.9ns 
358282     INFO  main            d.u.i.k.p.i.AbstractProblemLoader Creating init config 
360566     DEBUG main            d.u.i.k.p.i.AbstractProblemLoader Init config took 2.28s 
360578     INFO  main            d.u.i.k.p.i.AbstractProblemLoader Replaying proof simplify11.key 
360579     DEBUG main            d.u.i.k.p.i.IntermediateProofReplayer Proof replay took 2.2ns 
360781     INFO  main            d.u.i.k.p.r.p.TestFile    ... finished proof: closed. 
361185     INFO  main            d.u.i.k.p.i.AbstractProblemLoader Loading environment from /home/runner/work/key/key/key.core/../key.ui/examples/standard_key/polySimp/simplify11.key.proof 
361185     DEBUG main            d.u.i.k.p.i.AbstractProblemLoader Environment load took 74ns 
361186     INFO  main            d.u.i.k.p.i.AbstractProblemLoader Creating init config 
363455     DEBUG main            d.u.i.k.p.i.AbstractProblemLoader Init config took 2.27s 
363468     INFO  main            d.u.i.k.p.i.AbstractProblemLoader Replaying proof simplify11.key.proof 
363477     DEBUG main            d.u.i.k.p.i.IntermediateProofReplayer Proof replay took 6.75ms 
363478     DEBUG main            d.u.i.k.p.r.p.TestFile    ... success: reloaded. 
363478     INFO  main            d.u.i.k.p.r.p.TestFile    Now processing file /home/runner/work/key/key/key.core/../key.ui/examples/standard_key/polySimp/simplify12.key 
363478     INFO  main            d.u.i.k.p.i.AbstractProblemLoader Loading environment from /home/runner/work/key/key/key.core/../key.ui/examples/standard_key/polySimp/simplify12.key 
363479     DEBUG main            d.u.i.k.p.i.AbstractProblemLoader Environment load took 42.1ns 
363479     INFO  main            d.u.i.k.p.i.AbstractProblemLoader Creating init config 
365762     DEBUG main            d.u.i.k.p.i.AbstractProblemLoader Init config took 2.28s 
365774     INFO  main            d.u.i.k.p.i.AbstractProblemLoader Replaying proof simplify12.key 
365775     DEBUG main            d.u.i.k.p.i.IntermediateProofReplayer Proof replay took 2.1ns 
365876     INFO  main            d.u.i.k.p.r.p.TestFile    ... finished proof: closed. 
366285     INFO  main            d.u.i.k.p.i.AbstractProblemLoader Loading environment from /home/runner/work/key/key/key.core/../key.ui/examples/standard_key/polySimp/simplify12.key.proof 
366285     DEBUG main            d.u.i.k.p.i.AbstractProblemLoader Environment load took 68.6ns 
366286     INFO  main            d.u.i.k.p.i.AbstractProblemLoader Creating init config 
368542     DEBUG main            d.u.i.k.p.i.AbstractProblemLoader Init config took 2.26s 
368555     INFO  main            d.u.i.k.p.i.AbstractProblemLoader Replaying proof simplify12.key.proof 
368559     DEBUG main            d.u.i.k.p.i.IntermediateProofReplayer Proof replay took 3.25ms 
368560     DEBUG main            d.u.i.k.p.r.p.TestFile    ... success: reloaded. 
368561     INFO  main            d.u.i.k.p.r.p.TestFile    Now processing file /home/runner/work/key/key/key.core/../key.ui/examples/standard_key/polySimp/simplify13.key 
368561     INFO  main            d.u.i.k.p.i.AbstractProblemLoader Loading environment from /home/runner/work/key/key/key.core/../key.ui/examples/standard_key/polySimp/simplify13.key 
368561     DEBUG main            d.u.i.k.p.i.AbstractProblemLoader Environment load took 42.2ns 
368562     INFO  main            d.u.i.k.p.i.AbstractProblemLoader Creating init config 
370852     DEBUG main            d.u.i.k.p.i.AbstractProblemLoader Init config took 2.29s 
370863     INFO  main            d.u.i.k.p.i.AbstractProblemLoader Replaying proof simplify13.key 
370864     DEBUG main            d.u.i.k.p.i.IntermediateProofReplayer Proof replay took 2ns 
370966     INFO  main            d.u.i.k.p.r.p.TestFile    ... finished proof: closed. 
371356     INFO  main            d.u.i.k.p.i.AbstractProblemLoader Loading environment from /home/runner/work/key/key/key.core/../key.ui/examples/standard_key/polySimp/simplify13.key.proof 
371356     DEBUG main            d.u.i.k.p.i.AbstractProblemLoader Environment load took 73.9ns 
371357     INFO  main            d.u.i.k.p.i.AbstractProblemLoader Creating init config 
373613     DEBUG main            d.u.i.k.p.i.AbstractProblemLoader Init config took 2.26s 
373626     INFO  main            d.u.i.k.p.i.AbstractProblemLoader Replaying proof simplify13.key.proof 
373629     DEBUG main            d.u.i.k.p.i.IntermediateProofReplayer Proof replay took 1.94ms 
373630     DEBUG main            d.u.i.k.p.r.p.TestFile    ... success: reloaded. 
373630     INFO  main            d.u.i.k.p.r.p.TestFile    Now processing file /home/runner/work/key/key/key.core/../key.ui/examples/standard_key/polySimp/simplify14.key 
373631     INFO  main            d.u.i.k.p.i.AbstractProblemLoader Loading environment from /home/runner/work/key/key/key.core/../key.ui/examples/standard_key/polySimp/simplify14.key 
373631     DEBUG main            d.u.i.k.p.i.AbstractProblemLoader Environment load took 40.5ns 
373631     INFO  main            d.u.i.k.p.i.AbstractProblemLoader Creating init config 
375910     DEBUG main            d.u.i.k.p.i.AbstractProblemLoader Init config took 2.28s 
375924     INFO  main            d.u.i.k.p.i.AbstractProblemLoader Replaying proof simplify14.key 
375925     DEBUG main            d.u.i.k.p.i.IntermediateProofReplayer Proof replay took 3.4ns 
376027     INFO  main            d.u.i.k.p.r.p.TestFile    ... finished proof: closed. 
376418     INFO  main            d.u.i.k.p.i.AbstractProblemLoader Loading environment from /home/runner/work/key/key/key.core/../key.ui/examples/standard_key/polySimp/simplify14.key.proof 
376418     DEBUG main            d.u.i.k.p.i.AbstractProblemLoader Environment load took 66.6ns 
376419     INFO  main            d.u.i.k.p.i.AbstractProblemLoader Creating init config 
378672     DEBUG main            d.u.i.k.p.i.AbstractProblemLoader Init config took 2.25s 
378685     INFO  main            d.u.i.k.p.i.AbstractProblemLoader Replaying proof simplify14.key.proof 
378687     DEBUG main            d.u.i.k.p.i.IntermediateProofReplayer Proof replay took 450.1ns 
378688     DEBUG main            d.u.i.k.p.r.p.TestFile    ... success: reloaded. 
378688     INFO  main            d.u.i.k.p.r.p.TestFile    Now processing file /home/runner/work/key/key/key.core/../key.ui/examples/standard_key/polySimp/simplify15.key 
378688     INFO  main            d.u.i.k.p.i.AbstractProblemLoader Loading environment from /home/runner/work/key/key/key.core/../key.ui/examples/standard_key/polySimp/simplify15.key 
378688     DEBUG main            d.u.i.k.p.i.AbstractProblemLoader Environment load took 41ns 
378689     INFO  main            d.u.i.k.p.i.AbstractProblemLoader Creating init config 
380973     DEBUG main            d.u.i.k.p.i.AbstractProblemLoader Init config took 2.28s 
380985     INFO  main            d.u.i.k.p.i.AbstractProblemLoader Replaying proof simplify15.key 
380987     DEBUG main            d.u.i.k.p.i.IntermediateProofReplayer Proof replay took 2.2ns 
381088     INFO  main            d.u.i.k.p.r.p.TestFile    ... finished proof: closed. 
381484     INFO  main            d.u.i.k.p.i.AbstractProblemLoader Loading environment from /home/runner/work/key/key/key.core/../key.ui/examples/standard_key/polySimp/simplify15.key.proof 
381484     DEBUG main            d.u.i.k.p.i.AbstractProblemLoader Environment load took 71.2ns 
381485     INFO  main            d.u.i.k.p.i.AbstractProblemLoader Creating init config 
383743     DEBUG main            d.u.i.k.p.i.AbstractProblemLoader Init config took 2.26s 
383755     INFO  main            d.u.i.k.p.i.AbstractProblemLoader Replaying proof simplify15.key.proof 
383756     DEBUG main            d.u.i.k.p.i.IntermediateProofReplayer Proof replay took 286.3ns 
383757     DEBUG main            d.u.i.k.p.r.p.TestFile    ... success: reloaded. 
383757     INFO  main            d.u.i.k.p.r.p.TestFile    Now processing file /home/runner/work/key/key/key.core/../key.ui/examples/standard_key/polySimp/simplify16.key 
383758     INFO  main            d.u.i.k.p.i.AbstractProblemLoader Loading environment from /home/runner/work/key/key/key.core/../key.ui/examples/standard_key/polySimp/simplify16.key 
383758     DEBUG main            d.u.i.k.p.i.AbstractProblemLoader Environment load took 55.4ns 
383758     INFO  main            d.u.i.k.p.i.AbstractProblemLoader Creating init config 
386038     DEBUG main            d.u.i.k.p.i.AbstractProblemLoader Init config took 2.28s 
386050     INFO  main            d.u.i.k.p.i.AbstractProblemLoader Replaying proof simplify16.key 
386051     DEBUG main            d.u.i.k.p.i.IntermediateProofReplayer Proof replay took 2.1ns 
386152     INFO  main            d.u.i.k.p.r.p.TestFile    ... finished proof: closed. 
386546     INFO  main            d.u.i.k.p.i.AbstractProblemLoader Loading environment from /home/runner/work/key/key/key.core/../key.ui/examples/standard_key/polySimp/simplify16.key.proof 
386546     DEBUG main            d.u.i.k.p.i.AbstractProblemLoader Environment load took 69.5ns 
386547     INFO  main            d.u.i.k.p.i.AbstractProblemLoader Creating init config 
388803     DEBUG main            d.u.i.k.p.i.AbstractProblemLoader Init config took 2.26s 
388816     INFO  main            d.u.i.k.p.i.AbstractProblemLoader Replaying proof simplify16.key.proof 
388817     DEBUG main            d.u.i.k.p.i.IntermediateProofReplayer Proof replay took 195.4ns 
388818     DEBUG main            d.u.i.k.p.r.p.TestFile    ... success: reloaded. 
388819     INFO  main            d.u.i.k.p.r.p.TestFile    Now processing file /home/runner/work/key/key/key.core/../key.ui/examples/standard_key/polySimp/simplify17.key 
388819     INFO  main            d.u.i.k.p.i.AbstractProblemLoader Loading environment from /home/runner/work/key/key/key.core/../key.ui/examples/standard_key/polySimp/simplify17.key 
388819     DEBUG main            d.u.i.k.p.i.AbstractProblemLoader Environment load took 153.1ns 
388820     INFO  main            d.u.i.k.p.i.AbstractProblemLoader Creating init config 
391097     DEBUG main            d.u.i.k.p.i.AbstractProblemLoader Init config took 2.28s 
391109     INFO  main            d.u.i.k.p.i.AbstractProblemLoader Replaying proof simplify17.key 
391110     DEBUG main            d.u.i.k.p.i.IntermediateProofReplayer Proof replay took 2.5ns 
391211     INFO  main            d.u.i.k.p.r.p.TestFile    ... finished proof: closed. 
391628     INFO  main            d.u.i.k.p.i.AbstractProblemLoader Loading environment from /home/runner/work/key/key/key.core/../key.ui/examples/standard_key/polySimp/simplify17.key.proof 
391628     DEBUG main            d.u.i.k.p.i.AbstractProblemLoader Environment load took 81.5ns 
391629     INFO  main            d.u.i.k.p.i.AbstractProblemLoader Creating init config 
393882     DEBUG main            d.u.i.k.p.i.AbstractProblemLoader Init config took 2.25s 
393895     INFO  main            d.u.i.k.p.i.AbstractProblemLoader Replaying proof simplify17.key.proof 
393899     DEBUG main            d.u.i.k.p.i.IntermediateProofReplayer Proof replay took 2.54ms 
393899     DEBUG main            d.u.i.k.p.r.p.TestFile    ... success: reloaded. 
393900     INFO  main            d.u.i.k.p.r.p.TestFile    Now processing file /home/runner/work/key/key/key.core/../key.ui/examples/standard_key/polySimp/simplify18.key 
393900     INFO  main            d.u.i.k.p.i.AbstractProblemLoader Loading environment from /home/runner/work/key/key/key.core/../key.ui/examples/standard_key/polySimp/simplify18.key 
393900     DEBUG main            d.u.i.k.p.i.AbstractProblemLoader Environment load took 45ns 
393901     INFO  main            d.u.i.k.p.i.AbstractProblemLoader Creating init config 
396207     DEBUG main            d.u.i.k.p.i.AbstractProblemLoader Init config took 2.31s 
396219     INFO  main            d.u.i.k.p.i.AbstractProblemLoader Replaying proof simplify18.key 
396220     DEBUG main            d.u.i.k.p.i.IntermediateProofReplayer Proof replay took 2.3ns 
396422     INFO  main            d.u.i.k.p.r.p.TestFile    ... finished proof: closed. 
396846     INFO  main            d.u.i.k.p.i.AbstractProblemLoader Loading environment from /home/runner/work/key/key/key.core/../key.ui/examples/standard_key/polySimp/simplify18.key.proof 
396847     DEBUG main            d.u.i.k.p.i.AbstractProblemLoader Environment load took 72.3ns 
396848     INFO  main            d.u.i.k.p.i.AbstractProblemLoader Creating init config 
399107     DEBUG main            d.u.i.k.p.i.AbstractProblemLoader Init config took 2.26s 
399120     INFO  main            d.u.i.k.p.i.AbstractProblemLoader Replaying proof simplify18.key.proof 
399127     DEBUG main            d.u.i.k.p.i.IntermediateProofReplayer Proof replay took 5.62ms 
399128     DEBUG main            d.u.i.k.p.r.p.TestFile    ... success: reloaded. 
399128     INFO  main            d.u.i.k.p.r.p.TestFile    Now processing file /home/runner/work/key/key/key.core/../key.ui/examples/standard_key/polySimp/simplify19.key 
399128     INFO  main            d.u.i.k.p.i.AbstractProblemLoader Loading environment from /home/runner/work/key/key/key.core/../key.ui/examples/standard_key/polySimp/simplify19.key 
399128     DEBUG main            d.u.i.k.p.i.AbstractProblemLoader Environment load took 58.2ns 
399129     INFO  main            d.u.i.k.p.i.AbstractProblemLoader Creating init config 
401431     DEBUG main            d.u.i.k.p.i.AbstractProblemLoader Init config took 2.3s 
401444     INFO  main            d.u.i.k.p.i.AbstractProblemLoader Replaying proof simplify19.key 
401445     DEBUG main            d.u.i.k.p.i.IntermediateProofReplayer Proof replay took 2.2ns 
404276     INFO  main            d.u.i.k.p.r.p.TestFile    ... finished proof: closed. 
404734     INFO  main            d.u.i.k.p.i.AbstractProblemLoader Loading environment from /home/runner/work/key/key/key.core/../key.ui/examples/standard_key/polySimp/simplify19.key.proof 
404734     DEBUG main            d.u.i.k.p.i.AbstractProblemLoader Environment load took 78.6ns 
404736     INFO  main            d.u.i.k.p.i.AbstractProblemLoader Creating init config 
406997     DEBUG main            d.u.i.k.p.i.AbstractProblemLoader Init config took 2.26s 
407010     INFO  main            d.u.i.k.p.i.AbstractProblemLoader Replaying proof simplify19.key.proof 
407104     DEBUG main            d.u.i.k.p.i.IntermediateProofReplayer Proof replay took 83.03ms 
407105     DEBUG main            d.u.i.k.p.r.p.TestFile    ... success: reloaded. 
407106     INFO  main            d.u.i.k.p.r.p.TestFile    Now processing file /home/runner/work/key/key/key.core/../key.ui/examples/standard_key/polySimp/simplify2.key 
407106     INFO  main            d.u.i.k.p.i.AbstractProblemLoader Loading environment from /home/runner/work/key/key/key.core/../key.ui/examples/standard_key/polySimp/simplify2.key 
407106     DEBUG main            d.u.i.k.p.i.AbstractProblemLoader Environment load took 54.2ns 
407107     INFO  main            d.u.i.k.p.i.AbstractProblemLoader Creating init config 
409415     DEBUG main            d.u.i.k.p.i.AbstractProblemLoader Init config took 2.31s 
409427     INFO  main            d.u.i.k.p.i.AbstractProblemLoader Replaying proof simplify2.key 
409428     DEBUG main            d.u.i.k.p.i.IntermediateProofReplayer Proof replay took 2.2ns 
409529     INFO  main            d.u.i.k.p.r.p.TestFile    ... finished proof: closed. 
409993     INFO  main            d.u.i.k.p.i.AbstractProblemLoader Loading environment from /home/runner/work/key/key/key.core/../key.ui/examples/standard_key/polySimp/simplify2.key.proof 
409993     DEBUG main            d.u.i.k.p.i.AbstractProblemLoader Environment load took 66.2ns 
409994     INFO  main            d.u.i.k.p.i.AbstractProblemLoader Creating init config 
412253     DEBUG main            d.u.i.k.p.i.AbstractProblemLoader Init config took 2.26s 
412265     INFO  main            d.u.i.k.p.i.AbstractProblemLoader Replaying proof simplify2.key.proof 
412266     DEBUG main            d.u.i.k.p.i.IntermediateProofReplayer Proof replay took 449.3ns 
412267     DEBUG main            d.u.i.k.p.r.p.TestFile    ... success: reloaded. 
412267     INFO  main            d.u.i.k.p.r.p.TestFile    Now processing file /home/runner/work/key/key/key.core/../key.ui/examples/standard_key/polySimp/simplify20.key 
412268     INFO  main            d.u.i.k.p.i.AbstractProblemLoader Loading environment from /home/runner/work/key/key/key.core/../key.ui/examples/standard_key/polySimp/simplify20.key 
412268     DEBUG main            d.u.i.k.p.i.AbstractProblemLoader Environment load took 38.9ns 
412268     INFO  main            d.u.i.k.p.i.AbstractProblemLoader Creating init config 
414558     DEBUG main            d.u.i.k.p.i.AbstractProblemLoader Init config took 2.29s 
414570     INFO  main            d.u.i.k.p.i.AbstractProblemLoader Replaying proof simplify20.key 
414587     DEBUG main            d.u.i.k.p.i.IntermediateProofReplayer Proof replay took 2.3ns 
415190     INFO  main            d.u.i.k.p.r.p.TestFile    ... finished proof: closed. 
415648     INFO  main            d.u.i.k.p.i.AbstractProblemLoader Loading environment from /home/runner/work/key/key/key.core/../key.ui/examples/standard_key/polySimp/simplify20.key.proof 
415648     DEBUG main            d.u.i.k.p.i.AbstractProblemLoader Environment load took 340.3ns 
415650     INFO  main            d.u.i.k.p.i.AbstractProblemLoader Creating init config 
417910     DEBUG main            d.u.i.k.p.i.AbstractProblemLoader Init config took 2.26s 
417923     INFO  main            d.u.i.k.p.i.AbstractProblemLoader Replaying proof simplify20.key.proof 
417951     DEBUG main            d.u.i.k.p.i.IntermediateProofReplayer Proof replay took 23.53ms 
417952     DEBUG main            d.u.i.k.p.r.p.TestFile    ... success: reloaded. 
417953     INFO  main            d.u.i.k.p.r.p.TestFile    Now processing file /home/runner/work/key/key/key.core/../key.ui/examples/standard_key/polySimp/simplify21.key 
417953     INFO  main            d.u.i.k.p.i.AbstractProblemLoader Loading environment from /home/runner/work/key/key/key.core/../key.ui/examples/standard_key/polySimp/simplify21.key 
417953     DEBUG main            d.u.i.k.p.i.AbstractProblemLoader Environment load took 66.8ns 
417956     INFO  main            d.u.i.k.p.i.AbstractProblemLoader Creating init config 
420262     DEBUG main            d.u.i.k.p.i.AbstractProblemLoader Init config took 2.31s 
420275     INFO  main            d.u.i.k.p.i.AbstractProblemLoader Replaying proof simplify21.key 
420276     DEBUG main            d.u.i.k.p.i.IntermediateProofReplayer Proof replay took 2.9ns 
420881     INFO  main            d.u.i.k.p.r.p.TestFile    ... finished proof: closed. 
421362     INFO  main            d.u.i.k.p.i.AbstractProblemLoader Loading environment from /home/runner/work/key/key/key.core/../key.ui/examples/standard_key/polySimp/simplify21.key.proof 
421362     DEBUG main            d.u.i.k.p.i.AbstractProblemLoader Environment load took 71.9ns 
421365     INFO  main            d.u.i.k.p.i.AbstractProblemLoader Creating init config 
423636     DEBUG main            d.u.i.k.p.i.AbstractProblemLoader Init config took 2.27s 
423651     INFO  main            d.u.i.k.p.i.AbstractProblemLoader Replaying proof simplify21.key.proof 
423672     DEBUG main            d.u.i.k.p.i.IntermediateProofReplayer Proof replay took 17.41ms 
423674     DEBUG main            d.u.i.k.p.r.p.TestFile    ... success: reloaded. 
423674     INFO  main            d.u.i.k.p.r.p.TestFile    Now processing file /home/runner/work/key/key/key.core/../key.ui/examples/standard_key/polySimp/simplify22.key 
423675     INFO  main            d.u.i.k.p.i.AbstractProblemLoader Loading environment from /home/runner/work/key/key/key.core/../key.ui/examples/standard_key/polySimp/simplify22.key 
423675     DEBUG main            d.u.i.k.p.i.AbstractProblemLoader Environment load took 41.8ns 
423675     INFO  main            d.u.i.k.p.i.AbstractProblemLoader Creating init config 
425967     DEBUG main            d.u.i.k.p.i.AbstractProblemLoader Init config took 2.29s 
425980     INFO  main            d.u.i.k.p.i.AbstractProblemLoader Replaying proof simplify22.key 
425981     DEBUG main            d.u.i.k.p.i.IntermediateProofReplayer Proof replay took 2.2ns 
426083     INFO  main            d.u.i.k.p.r.p.TestFile    ... finished proof: closed. 
426542     INFO  main            d.u.i.k.p.i.AbstractProblemLoader Loading environment from /home/runner/work/key/key/key.core/../key.ui/examples/standard_key/polySimp/simplify22.key.proof 
426542     DEBUG main            d.u.i.k.p.i.AbstractProblemLoader Environment load took 69.2ns 
426542     INFO  main            d.u.i.k.p.i.AbstractProblemLoader Creating init config 
428794     DEBUG main            d.u.i.k.p.i.AbstractProblemLoader Init config took 2.25s 
428816     INFO  main            d.u.i.k.p.i.AbstractProblemLoader Replaying proof simplify22.key.proof 
428819     DEBUG main            d.u.i.k.p.i.IntermediateProofReplayer Proof replay took 1.71ms 
428820     DEBUG main            d.u.i.k.p.r.p.TestFile    ... success: reloaded. 
428820     INFO  main            d.u.i.k.p.r.p.TestFile    Now processing file /home/runner/work/key/key/key.core/../key.ui/examples/standard_key/polySimp/simplify23.key 
428820     INFO  main            d.u.i.k.p.i.AbstractProblemLoader Loading environment from /home/runner/work/key/key/key.core/../key.ui/examples/standard_key/polySimp/simplify23.key 
428820     DEBUG main            d.u.i.k.p.i.AbstractProblemLoader Environment load took 53.3ns 
428821     INFO  main            d.u.i.k.p.i.AbstractProblemLoader Creating init config 
431141     DEBUG main            d.u.i.k.p.i.AbstractProblemLoader Init config took 2.32s 
431153     INFO  main            d.u.i.k.p.i.AbstractProblemLoader Replaying proof simplify23.key 
431154     DEBUG main            d.u.i.k.p.i.IntermediateProofReplayer Proof replay took 2.4ns 
431256     INFO  main            d.u.i.k.p.r.p.TestFile    ... finished proof: closed. 
431709     INFO  main            d.u.i.k.p.i.AbstractProblemLoader Loading environment from /home/runner/work/key/key/key.core/../key.ui/examples/standard_key/polySimp/simplify23.key.proof 
431709     DEBUG main            d.u.i.k.p.i.AbstractProblemLoader Environment load took 69.7ns 
431710     INFO  main            d.u.i.k.p.i.AbstractProblemLoader Creating init config 
433960     DEBUG main            d.u.i.k.p.i.AbstractProblemLoader Init config took 2.25s 
433972     INFO  main            d.u.i.k.p.i.AbstractProblemLoader Replaying proof simplify23.key.proof 
433979     DEBUG main            d.u.i.k.p.i.IntermediateProofReplayer Proof replay took 4.84ms 
433979     DEBUG main            d.u.i.k.p.r.p.TestFile    ... success: reloaded. 
433980     INFO  main            d.u.i.k.p.r.p.TestFile    Now processing file /home/runner/work/key/key/key.core/../key.ui/examples/standard_key/polySimp/simplify24.key 
433980     INFO  main            d.u.i.k.p.i.AbstractProblemLoader Loading environment from /home/runner/work/key/key/key.core/../key.ui/examples/standard_key/polySimp/simplify24.key 
433980     DEBUG main            d.u.i.k.p.i.AbstractProblemLoader Environment load took 39.2ns 
433981     INFO  main            d.u.i.k.p.i.AbstractProblemLoader Creating init config 
436274     DEBUG main            d.u.i.k.p.i.AbstractProblemLoader Init config took 2.29s 
436304     INFO  main            d.u.i.k.p.i.AbstractProblemLoader Replaying proof simplify24.key 
436305     DEBUG main            d.u.i.k.p.i.IntermediateProofReplayer Proof replay took 2.7ns 
436406     INFO  main            d.u.i.k.p.r.p.TestFile    ... finished proof: closed. 
436847     INFO  main            d.u.i.k.p.i.AbstractProblemLoader Loading environment from /home/runner/work/key/key/key.core/../key.ui/examples/standard_key/polySimp/simplify24.key.proof 
436847     DEBUG main            d.u.i.k.p.i.AbstractProblemLoader Environment load took 80.2ns 
436848     INFO  main            d.u.i.k.p.i.AbstractProblemLoader Creating init config 
439103     DEBUG main            d.u.i.k.p.i.AbstractProblemLoader Init config took 2.26s 
439115     INFO  main            d.u.i.k.p.i.AbstractProblemLoader Replaying proof simplify24.key.proof 
439118     DEBUG main            d.u.i.k.p.i.IntermediateProofReplayer Proof replay took 987.39ns 
439118     DEBUG main            d.u.i.k.p.r.p.TestFile    ... success: reloaded. 
439119     INFO  main            d.u.i.k.p.r.p.TestFile    Now processing file /home/runner/work/key/key/key.core/../key.ui/examples/standard_key/polySimp/simplify25.key 
439119     INFO  main            d.u.i.k.p.i.AbstractProblemLoader Loading environment from /home/runner/work/key/key/key.core/../key.ui/examples/standard_key/polySimp/simplify25.key 
439119     DEBUG main            d.u.i.k.p.i.AbstractProblemLoader Environment load took 62.1ns 
439120     INFO  main            d.u.i.k.p.i.AbstractProblemLoader Creating init config 
441409     DEBUG main            d.u.i.k.p.i.AbstractProblemLoader Init config took 2.29s 
441421     INFO  main            d.u.i.k.p.i.AbstractProblemLoader Replaying proof simplify25.key 
441422     DEBUG main            d.u.i.k.p.i.IntermediateProofReplayer Proof replay took 2.2ns 
441524     INFO  main            d.u.i.k.p.r.p.TestFile    ... finished proof: closed. 
441975     INFO  main            d.u.i.k.p.i.AbstractProblemLoader Loading environment from /home/runner/work/key/key/key.core/../key.ui/examples/standard_key/polySimp/simplify25.key.proof 
441975     DEBUG main            d.u.i.k.p.i.AbstractProblemLoader Environment load took 65.6ns 
441976     INFO  main            d.u.i.k.p.i.AbstractProblemLoader Creating init config 
444237     DEBUG main            d.u.i.k.p.i.AbstractProblemLoader Init config took 2.26s 
444249     INFO  main            d.u.i.k.p.i.AbstractProblemLoader Replaying proof simplify25.key.proof 
444252     DEBUG main            d.u.i.k.p.i.IntermediateProofReplayer Proof replay took 1.3ms 
444252     DEBUG main            d.u.i.k.p.r.p.TestFile    ... success: reloaded. 
444252     INFO  main            d.u.i.k.p.r.p.TestFile    Now processing file /home/runner/work/key/key/key.core/../key.ui/examples/standard_key/polySimp/simplify3.key 
444253     INFO  main            d.u.i.k.p.i.AbstractProblemLoader Loading environment from /home/runner/work/key/key/key.core/../key.ui/examples/standard_key/polySimp/simplify3.key 
444253     DEBUG main            d.u.i.k.p.i.AbstractProblemLoader Environment load took 39.1ns 
444253     INFO  main            d.u.i.k.p.i.AbstractProblemLoader Creating init config 
446548     DEBUG main            d.u.i.k.p.i.AbstractProblemLoader Init config took 2.29s 
446560     INFO  main            d.u.i.k.p.i.AbstractProblemLoader Replaying proof simplify3.key 
446561     DEBUG main            d.u.i.k.p.i.IntermediateProofReplayer Proof replay took 2.6ns 
446662     INFO  main            d.u.i.k.p.r.p.TestFile    ... finished proof: closed. 
447119     INFO  main            d.u.i.k.p.i.AbstractProblemLoader Loading environment from /home/runner/work/key/key/key.core/../key.ui/examples/standard_key/polySimp/simplify3.key.proof 
447119     DEBUG main            d.u.i.k.p.i.AbstractProblemLoader Environment load took 66.7ns 
447120     INFO  main            d.u.i.k.p.i.AbstractProblemLoader Creating init config 
449377     DEBUG main            d.u.i.k.p.i.AbstractProblemLoader Init config took 2.26s 
449389     INFO  main            d.u.i.k.p.i.AbstractProblemLoader Replaying proof simplify3.key.proof 
449393     DEBUG main            d.u.i.k.p.i.IntermediateProofReplayer Proof replay took 448.6ns 
449394     DEBUG main            d.u.i.k.p.r.p.TestFile    ... success: reloaded. 
449394     INFO  main            d.u.i.k.p.r.p.TestFile    Now processing file /home/runner/work/key/key/key.core/../key.ui/examples/standard_key/polySimp/simplify4.key 
449394     INFO  main            d.u.i.k.p.i.AbstractProblemLoader Loading environment from /home/runner/work/key/key/key.core/../key.ui/examples/standard_key/polySimp/simplify4.key 
449394     DEBUG main            d.u.i.k.p.i.AbstractProblemLoader Environment load took 39.3ns 
449395     INFO  main            d.u.i.k.p.i.AbstractProblemLoader Creating init config 
451689     DEBUG main            d.u.i.k.p.i.AbstractProblemLoader Init config took 2.29s 
451701     INFO  main            d.u.i.k.p.i.AbstractProblemLoader Replaying proof simplify4.key 
451702     DEBUG main            d.u.i.k.p.i.IntermediateProofReplayer Proof replay took 2.5ns 
451803     INFO  main            d.u.i.k.p.r.p.TestFile    ... finished proof: closed. 
452265     INFO  main            d.u.i.k.p.i.AbstractProblemLoader Loading environment from /home/runner/work/key/key/key.core/../key.ui/examples/standard_key/polySimp/simplify4.key.proof 
452265     DEBUG main            d.u.i.k.p.i.AbstractProblemLoader Environment load took 63.8ns 
452266     INFO  main            d.u.i.k.p.i.AbstractProblemLoader Creating init config 
454525     DEBUG main            d.u.i.k.p.i.AbstractProblemLoader Init config took 2.26s 
454537     INFO  main            d.u.i.k.p.i.AbstractProblemLoader Replaying proof simplify4.key.proof 
454539     DEBUG main            d.u.i.k.p.i.IntermediateProofReplayer Proof replay took 596.6ns 
454539     DEBUG main            d.u.i.k.p.r.p.TestFile    ... success: reloaded. 
454540     INFO  main            d.u.i.k.p.r.p.TestFile    Now processing file /home/runner/work/key/key/key.core/../key.ui/examples/standard_key/polySimp/simplify5.key 
454540     INFO  main            d.u.i.k.p.i.AbstractProblemLoader Loading environment from /home/runner/work/key/key/key.core/../key.ui/examples/standard_key/polySimp/simplify5.key 
454540     DEBUG main            d.u.i.k.p.i.AbstractProblemLoader Environment load took 54.3ns 
454541     INFO  main            d.u.i.k.p.i.AbstractProblemLoader Creating init config 
456833     DEBUG main            d.u.i.k.p.i.AbstractProblemLoader Init config took 2.29s 
456845     INFO  main            d.u.i.k.p.i.AbstractProblemLoader Replaying proof simplify5.key 
456846     DEBUG main            d.u.i.k.p.i.IntermediateProofReplayer Proof replay took 2ns 
456947     INFO  main            d.u.i.k.p.r.p.TestFile    ... finished proof: closed. 
457426     INFO  main            d.u.i.k.p.i.AbstractProblemLoader Loading environment from /home/runner/work/key/key/key.core/../key.ui/examples/standard_key/polySimp/simplify5.key.proof 
457426     DEBUG main            d.u.i.k.p.i.AbstractProblemLoader Environment load took 63.6ns 
457427     INFO  main            d.u.i.k.p.i.AbstractProblemLoader Creating init config 
459696     DEBUG main            d.u.i.k.p.i.AbstractProblemLoader Init config took 2.27s 
459708     INFO  main            d.u.i.k.p.i.AbstractProblemLoader Replaying proof simplify5.key.proof 
459711     DEBUG main            d.u.i.k.p.i.IntermediateProofReplayer Proof replay took 2.12ms 
459712     DEBUG main            d.u.i.k.p.r.p.TestFile    ... success: reloaded. 
459712     INFO  main            d.u.i.k.p.r.p.TestFile    Now processing file /home/runner/work/key/key/key.core/../key.ui/examples/standard_key/polySimp/simplify6.key 
459712     INFO  main            d.u.i.k.p.i.AbstractProblemLoader Loading environment from /home/runner/work/key/key/key.core/../key.ui/examples/standard_key/polySimp/simplify6.key 
459712     DEBUG main            d.u.i.k.p.i.AbstractProblemLoader Environment load took 39.1ns 
459713     INFO  main            d.u.i.k.p.i.AbstractProblemLoader Creating init config 
462005     DEBUG main            d.u.i.k.p.i.AbstractProblemLoader Init config took 2.29s 
462017     INFO  main            d.u.i.k.p.i.AbstractProblemLoader Replaying proof simplify6.key 
462018     DEBUG main            d.u.i.k.p.i.IntermediateProofReplayer Proof replay took 1.9ns 
462120     INFO  main            d.u.i.k.p.r.p.TestFile    ... finished proof: closed. 
462590     INFO  main            d.u.i.k.p.i.AbstractProblemLoader Loading environment from /home/runner/work/key/key/key.core/../key.ui/examples/standard_key/polySimp/simplify6.key.proof 
462590     DEBUG main            d.u.i.k.p.i.AbstractProblemLoader Environment load took 67.3ns 
462591     INFO  main            d.u.i.k.p.i.AbstractProblemLoader Creating init config 
464869     DEBUG main            d.u.i.k.p.i.AbstractProblemLoader Init config took 2.28s 
464881     INFO  main            d.u.i.k.p.i.AbstractProblemLoader Replaying proof simplify6.key.proof 
464883     DEBUG main            d.u.i.k.p.i.IntermediateProofReplayer Proof replay took 137ns 
464883     DEBUG main            d.u.i.k.p.r.p.TestFile    ... success: reloaded. 
464883     INFO  main            d.u.i.k.p.r.p.TestFile    Now processing file /home/runner/work/key/key/key.core/../key.ui/examples/standard_key/polySimp/simplify7.key 
464884     INFO  main            d.u.i.k.p.i.AbstractProblemLoader Loading environment from /home/runner/work/key/key/key.core/../key.ui/examples/standard_key/polySimp/simplify7.key 
464884     DEBUG main            d.u.i.k.p.i.AbstractProblemLoader Environment load took 47.8ns 
464884     INFO  main            d.u.i.k.p.i.AbstractProblemLoader Creating init config 
467184     DEBUG main            d.u.i.k.p.i.AbstractProblemLoader Init config took 2.3s 
467196     INFO  main            d.u.i.k.p.i.AbstractProblemLoader Replaying proof simplify7.key 
467197     DEBUG main            d.u.i.k.p.i.IntermediateProofReplayer Proof replay took 2.9ns 
467299     INFO  main            d.u.i.k.p.r.p.TestFile    ... finished proof: closed. 
467786     INFO  main            d.u.i.k.p.i.AbstractProblemLoader Loading environment from /home/runner/work/key/key/key.core/../key.ui/examples/standard_key/polySimp/simplify7.key.proof 
467786     DEBUG main            d.u.i.k.p.i.AbstractProblemLoader Environment load took 64.9ns 
467788     INFO  main            d.u.i.k.p.i.AbstractProblemLoader Creating init config 
470047     DEBUG main            d.u.i.k.p.i.AbstractProblemLoader Init config took 2.26s 
470060     INFO  main            d.u.i.k.p.i.AbstractProblemLoader Replaying proof simplify7.key.proof 
470061     DEBUG main            d.u.i.k.p.i.IntermediateProofReplayer Proof replay took 236.6ns 
470062     DEBUG main            d.u.i.k.p.r.p.TestFile    ... success: reloaded. 
470062     INFO  main            d.u.i.k.p.r.p.TestFile    Now processing file /home/runner/work/key/key/key.core/../key.ui/examples/standard_key/polySimp/simplify8.key 
470062     INFO  main            d.u.i.k.p.i.AbstractProblemLoader Loading environment from /home/runner/work/key/key/key.core/../key.ui/examples/standard_key/polySimp/simplify8.key 
470062     DEBUG main            d.u.i.k.p.i.AbstractProblemLoader Environment load took 37.8ns 
470065     INFO  main            d.u.i.k.p.i.AbstractProblemLoader Creating init config 
472355     DEBUG main            d.u.i.k.p.i.AbstractProblemLoader Init config took 2.29s 
472368     INFO  main            d.u.i.k.p.i.AbstractProblemLoader Replaying proof simplify8.key 
472369     DEBUG main            d.u.i.k.p.i.IntermediateProofReplayer Proof replay took 2.5ns 
476196     INFO  main            d.u.i.k.p.r.p.TestFile    ... finished proof: closed. 
476693     INFO  main            d.u.i.k.p.i.AbstractProblemLoader Loading environment from /home/runner/work/key/key/key.core/../key.ui/examples/standard_key/polySimp/simplify8.key.proof 
476693     DEBUG main            d.u.i.k.p.i.AbstractProblemLoader Environment load took 65.9ns 
476695     INFO  main            d.u.i.k.p.i.AbstractProblemLoader Creating init config 
479042     DEBUG main            d.u.i.k.p.i.AbstractProblemLoader Init config took 2.35s 
479066     INFO  main            d.u.i.k.p.i.AbstractProblemLoader Replaying proof simplify8.key.proof 
479118     DEBUG main            d.u.i.k.p.i.IntermediateProofReplayer Proof replay took 40.44ms 
479120     DEBUG main            d.u.i.k.p.r.p.TestFile    ... success: reloaded. 
479121     INFO  main            d.u.i.k.p.r.p.TestFile    Now processing file /home/runner/work/key/key/key.core/../key.ui/examples/standard_key/polySimp/simplify9.key 
479121     INFO  main            d.u.i.k.p.i.AbstractProblemLoader Loading environment from /home/runner/work/key/key/key.core/../key.ui/examples/standard_key/polySimp/simplify9.key 
479121     DEBUG main            d.u.i.k.p.i.AbstractProblemLoader Environment load took 64.4ns 
479122     INFO  main            d.u.i.k.p.i.AbstractProblemLoader Creating init config 
481576     DEBUG main            d.u.i.k.p.i.AbstractProblemLoader Init config took 2.45s 
481588     INFO  main            d.u.i.k.p.i.AbstractProblemLoader Replaying proof simplify9.key 
481589     DEBUG main            d.u.i.k.p.i.IntermediateProofReplayer Proof replay took 2.3ns 
481791     INFO  main            d.u.i.k.p.r.p.TestFile    ... finished proof: closed. 
482327     INFO  main            d.u.i.k.p.i.AbstractProblemLoader Loading environment from /home/runner/work/key/key/key.core/../key.ui/examples/standard_key/polySimp/simplify9.key.proof 
482327     DEBUG main            d.u.i.k.p.i.AbstractProblemLoader Environment load took 66.9ns 
482328     INFO  main            d.u.i.k.p.i.AbstractProblemLoader Creating init config 
484584     DEBUG main            d.u.i.k.p.i.AbstractProblemLoader Init config took 2.26s 
484597     INFO  main            d.u.i.k.p.i.AbstractProblemLoader Replaying proof simplify9.key.proof 
484602     DEBUG main            d.u.i.k.p.i.IntermediateProofReplayer Proof replay took 2.97ms 
484603     DEBUG main            d.u.i.k.p.r.p.TestFile    ... success: reloaded. 
2701881    INFO  Test worker     d.u.i.k.p.r.RunAllProofsTestUnit Returning from test arithmetic 
2701883    INFO  Test worker     d.u.i.k.p.r.RunAllProofsTestUnit Running test arrays 
379        INFO  Timeout watchdog d.u.i.k.p.r.p.ForkedTestFileRunner Timeout watcher launched (2000 secs.) 
397        WARN  main            d.u.i.k.s.ProofSettings   The settings in /home/runner/.key/proof-settings.props are *not* read. 
424        INFO  main            d.u.i.k.p.r.p.TestFile    Now processing file /home/runner/work/key/key/key.core/../key.ui/examples/standard_key/arrays/arrayStoreException/array2DimPrim.key 
545        INFO  main            d.u.i.k.p.i.AbstractProblemLoader Loading environment from /home/runner/work/key/key/key.core/../key.ui/examples/standard_key/arrays/arrayStoreException/array2DimPrim.key 
561        DEBUG main            d.u.i.k.p.i.AbstractProblemLoader Environment load took 2.08ms 
819        INFO  main            d.u.i.k.p.i.AbstractProblemLoader Creating init config 
1745       DEBUG main            d.u.i.k.j.TypeConverter   No LDT found for Meta 
1746       DEBUG main            d.u.i.k.j.TypeConverter   No LDT found for Meta 
1749       DEBUG main            d.u.i.k.j.TypeConverter   No LDT found for Meta 
1750       DEBUG main            d.u.i.k.j.TypeConverter   No LDT found for Meta 
3067       DEBUG main            d.u.i.k.j.TypeConverter   No LDT found for JavaBigintExpression 
8078       DEBUG main            d.u.i.k.p.i.AbstractProblemLoader Init config took 7.26s 
8185       INFO  main            d.u.i.k.p.i.AbstractProblemLoader Replaying proof array2DimPrim.key 
8219       DEBUG main            d.u.i.k.p.i.IntermediateProofReplayer Proof replay took 30.6ns 
12016      INFO  main            d.u.i.k.p.r.p.TestFile    ... finished proof: closed. 
12196      INFO  main            d.u.i.k.p.i.AbstractProblemLoader Loading environment from /home/runner/work/key/key/key.core/../key.ui/examples/standard_key/arrays/arrayStoreException/array2DimPrim.key.proof 
12199      DEBUG main            d.u.i.k.p.i.AbstractProblemLoader Environment load took 2.35ms 
12203      INFO  main            d.u.i.k.p.i.AbstractProblemLoader Creating init config 
15036      DEBUG main            d.u.i.k.p.i.AbstractProblemLoader Init config took 2.83s 
15095      INFO  main            d.u.i.k.p.i.AbstractProblemLoader Replaying proof array2DimPrim.key.proof 
15479      DEBUG main            d.u.i.k.p.i.IntermediateProofReplayer Proof replay took 354.29ms 
15491      DEBUG main            d.u.i.k.p.r.p.TestFile    ... success: reloaded. 
15493      INFO  main            d.u.i.k.p.r.p.TestFile    Now processing file /home/runner/work/key/key/key.core/../key.ui/examples/standard_key/arrays/arrayStoreException/arrayStoreKnownDynType.key 
15493      INFO  main            d.u.i.k.p.i.AbstractProblemLoader Loading environment from /home/runner/work/key/key/key.core/../key.ui/examples/standard_key/arrays/arrayStoreException/arrayStoreKnownDynType.key 
15494      DEBUG main            d.u.i.k.p.i.AbstractProblemLoader Environment load took 208.7ns 
15495      INFO  main            d.u.i.k.p.i.AbstractProblemLoader Creating init config 
18112      DEBUG main            d.u.i.k.p.i.AbstractProblemLoader Init config took 2.62s 
18141      INFO  main            d.u.i.k.p.i.AbstractProblemLoader Replaying proof arrayStoreKnownDynType.key 
18143      DEBUG main            d.u.i.k.p.i.IntermediateProofReplayer Proof replay took 5.7ns 
18346      INFO  main            d.u.i.k.p.r.p.TestFile    ... finished proof: closed. 
18587      INFO  main            d.u.i.k.p.i.AbstractProblemLoader Loading environment from /home/runner/work/key/key/key.core/../key.ui/examples/standard_key/arrays/arrayStoreException/arrayStoreKnownDynType.key.proof 
18587      DEBUG main            d.u.i.k.p.i.AbstractProblemLoader Environment load took 122.6ns 
18589      INFO  main            d.u.i.k.p.i.AbstractProblemLoader Creating init config 
21183      DEBUG main            d.u.i.k.p.i.AbstractProblemLoader Init config took 2.59s 
21219      INFO  main            d.u.i.k.p.i.AbstractProblemLoader Replaying proof arrayStoreKnownDynType.key.proof 
21260      DEBUG main            d.u.i.k.p.i.IntermediateProofReplayer Proof replay took 35.85ms 
21261      DEBUG main            d.u.i.k.p.r.p.TestFile    ... success: reloaded. 
21262      INFO  main            d.u.i.k.p.r.p.TestFile    Now processing file /home/runner/work/key/key/key.core/../key.ui/examples/standard_key/arrays/arrayStoreException/reverseArray.key 
21263      INFO  main            d.u.i.k.p.i.AbstractProblemLoader Loading environment from /home/runner/work/key/key/key.core/../key.ui/examples/standard_key/arrays/arrayStoreException/reverseArray.key 
21263      DEBUG main            d.u.i.k.p.i.AbstractProblemLoader Environment load took 200.1ns 
21272      INFO  main            d.u.i.k.p.i.AbstractProblemLoader Creating init config 
23846      DEBUG main            d.u.i.k.p.i.AbstractProblemLoader Init config took 2.57s 
23868      INFO  main            d.u.i.k.p.i.AbstractProblemLoader Replaying proof reverseArray.key 
23870      DEBUG main            d.u.i.k.p.i.IntermediateProofReplayer Proof replay took 5.8ns 
24475      INFO  main            d.u.i.k.p.r.p.TestFile    ... finished proof: closed. 
24643      INFO  main            d.u.i.k.p.i.AbstractProblemLoader Loading environment from /home/runner/work/key/key/key.core/../key.ui/examples/standard_key/arrays/arrayStoreException/reverseArray.key.proof 
24644      DEBUG main            d.u.i.k.p.i.AbstractProblemLoader Environment load took 526.7ns 
24645      INFO  main            d.u.i.k.p.i.AbstractProblemLoader Creating init config 
27251      DEBUG main            d.u.i.k.p.i.AbstractProblemLoader Init config took 2.61s 
27272      INFO  main            d.u.i.k.p.i.AbstractProblemLoader Replaying proof reverseArray.key.proof 
27365      DEBUG main            d.u.i.k.p.i.IntermediateProofReplayer Proof replay took 86.06ms 
27366      DEBUG main            d.u.i.k.p.r.p.TestFile    ... success: reloaded. 
27368      INFO  main            d.u.i.k.p.r.p.TestFile    Now processing file /home/runner/work/key/key/key.core/../key.ui/examples/standard_key/arrays/arrayStoreException/throwArrayStoreException.key 
27368      INFO  main            d.u.i.k.p.i.AbstractProblemLoader Loading environment from /home/runner/work/key/key/key.core/../key.ui/examples/standard_key/arrays/arrayStoreException/throwArrayStoreException.key 
27368      DEBUG main            d.u.i.k.p.i.AbstractProblemLoader Environment load took 215.1ns 
27369      INFO  main            d.u.i.k.p.i.AbstractProblemLoader Creating init config 
29915      DEBUG main            d.u.i.k.p.i.AbstractProblemLoader Init config took 2.55s 
29936      INFO  main            d.u.i.k.p.i.AbstractProblemLoader Replaying proof throwArrayStoreException.key 
29941      DEBUG main            d.u.i.k.p.i.IntermediateProofReplayer Proof replay took 5.6ns 
30346      INFO  main            d.u.i.k.p.r.p.TestFile    ... finished proof: closed. 
30518      INFO  main            d.u.i.k.p.i.AbstractProblemLoader Loading environment from /home/runner/work/key/key/key.core/../key.ui/examples/standard_key/arrays/arrayStoreException/throwArrayStoreException.key.proof 
30518      DEBUG main            d.u.i.k.p.i.AbstractProblemLoader Environment load took 382.7ns 
30519      INFO  main            d.u.i.k.p.i.AbstractProblemLoader Creating init config 
33090      DEBUG main            d.u.i.k.p.i.AbstractProblemLoader Init config took 2.57s 
33110      INFO  main            d.u.i.k.p.i.AbstractProblemLoader Replaying proof throwArrayStoreException.key.proof 
33173      DEBUG main            d.u.i.k.p.i.IntermediateProofReplayer Proof replay took 58.2ms 
33174      DEBUG main            d.u.i.k.p.r.p.TestFile    ... success: reloaded. 
33175      INFO  main            d.u.i.k.p.r.p.TestFile    Now processing file /home/runner/work/key/key/key.core/../key.ui/examples/standard_key/arrays/creation/arrayCreation1.key 
33176      INFO  main            d.u.i.k.p.i.AbstractProblemLoader Loading environment from /home/runner/work/key/key/key.core/../key.ui/examples/standard_key/arrays/creation/arrayCreation1.key 
33176      DEBUG main            d.u.i.k.p.i.AbstractProblemLoader Environment load took 181.1ns 
33177      INFO  main            d.u.i.k.p.i.AbstractProblemLoader Creating init config 
35652      DEBUG main            d.u.i.k.p.i.AbstractProblemLoader Init config took 2.48s 
35671      INFO  main            d.u.i.k.p.i.AbstractProblemLoader Replaying proof arrayCreation1.key 
35673      DEBUG main            d.u.i.k.p.i.IntermediateProofReplayer Proof replay took 6.3ns 
35876      INFO  main            d.u.i.k.p.r.p.TestFile    ... finished proof: closed. 
36045      INFO  main            d.u.i.k.p.i.AbstractProblemLoader Loading environment from /home/runner/work/key/key/key.core/../key.ui/examples/standard_key/arrays/creation/arrayCreation1.key.proof 
36045      DEBUG main            d.u.i.k.p.i.AbstractProblemLoader Environment load took 108.2ns 
36046      INFO  main            d.u.i.k.p.i.AbstractProblemLoader Creating init config 
38531      DEBUG main            d.u.i.k.p.i.AbstractProblemLoader Init config took 2.49s 
38550      INFO  main            d.u.i.k.p.i.AbstractProblemLoader Replaying proof arrayCreation1.key.proof 
38570      DEBUG main            d.u.i.k.p.i.IntermediateProofReplayer Proof replay took 17.28ms 
38571      DEBUG main            d.u.i.k.p.r.p.TestFile    ... success: reloaded. 
38572      INFO  main            d.u.i.k.p.r.p.TestFile    Now processing file /home/runner/work/key/key/key.core/../key.ui/examples/standard_key/arrays/arrayStoreException/array2Dim.key 
38572      INFO  main            d.u.i.k.p.i.AbstractProblemLoader Loading environment from /home/runner/work/key/key/key.core/../key.ui/examples/standard_key/arrays/arrayStoreException/array2Dim.key 
38573      DEBUG main            d.u.i.k.p.i.AbstractProblemLoader Environment load took 195ns 
38574      INFO  main            d.u.i.k.p.i.AbstractProblemLoader Creating init config 
41081      DEBUG main            d.u.i.k.p.i.AbstractProblemLoader Init config took 2.51s 
41112      INFO  main            d.u.i.k.p.i.AbstractProblemLoader Replaying proof array2Dim.key 
41114      DEBUG main            d.u.i.k.p.i.IntermediateProofReplayer Proof replay took 5.9ns 
44582      INFO  main            d.u.i.k.p.r.p.TestFile    ... finished proof: open goal(s) 
44829      INFO  main            d.u.i.k.p.r.p.TestFile    Now processing file /home/runner/work/key/key/key.core/../key.ui/examples/standard_key/arrays/arrayStoreException/array2DimClose.key 
44833      INFO  main            d.u.i.k.p.i.AbstractProblemLoader Loading environment from /home/runner/work/key/key/key.core/../key.ui/examples/standard_key/arrays/arrayStoreException/array2DimClose.key 
44833      DEBUG main            d.u.i.k.p.i.AbstractProblemLoader Environment load took 111.6ns 
44834      INFO  main            d.u.i.k.p.i.AbstractProblemLoader Creating init config 
47254      DEBUG main            d.u.i.k.p.i.AbstractProblemLoader Init config took 2.42s 
47281      INFO  main            d.u.i.k.p.i.AbstractProblemLoader Replaying proof array2DimClose.key 
47283      DEBUG main            d.u.i.k.p.i.IntermediateProofReplayer Proof replay took 11.6ns 
49438      INFO  main            d.u.i.k.p.r.p.TestFile    ... finished proof: open goal(s) 
49769      INFO  main            d.u.i.k.p.r.p.TestFile    Now processing file /home/runner/work/key/key/key.core/../key.ui/examples/standard_key/arrays/arrayStoreException/throwASEForPrim.key 
49769      INFO  main            d.u.i.k.p.i.AbstractProblemLoader Loading environment from /home/runner/work/key/key/key.core/../key.ui/examples/standard_key/arrays/arrayStoreException/throwASEForPrim.key 
49769      DEBUG main            d.u.i.k.p.i.AbstractProblemLoader Environment load took 360.9ns 
49771      INFO  main            d.u.i.k.p.i.AbstractProblemLoader Creating init config 
52198      DEBUG main            d.u.i.k.p.i.AbstractProblemLoader Init config took 2.43s 
52214      INFO  main            d.u.i.k.p.i.AbstractProblemLoader Replaying proof throwASEForPrim.key 
52216      DEBUG main            d.u.i.k.p.i.IntermediateProofReplayer Proof replay took 5.4ns 
56292      INFO  main            d.u.i.k.p.r.p.TestFile    ... finished proof: open goal(s) 
2758627    INFO  Test worker     d.u.i.k.p.r.RunAllProofsTestUnit Returning from test arrays 
2758627    INFO  Test worker     d.u.i.k.p.r.RunAllProofsTestUnit Running test javadl 
345        INFO  Timeout watchdog d.u.i.k.p.r.p.ForkedTestFileRunner Timeout watcher launched (2000 secs.) 
352        WARN  main            d.u.i.k.s.ProofSettings   The settings in /home/runner/.key/proof-settings.props are *not* read. 
404        INFO  main            d.u.i.k.p.r.p.TestFile    Now processing file /home/runner/work/key/key/key.core/../key.ui/examples/standard_key/instanceCreation/instanceCreation1.key 
543        INFO  main            d.u.i.k.p.i.AbstractProblemLoader Loading environment from /home/runner/work/key/key/key.core/../key.ui/examples/standard_key/instanceCreation/instanceCreation1.key 
560        DEBUG main            d.u.i.k.p.i.AbstractProblemLoader Environment load took 2.1ms 
804        INFO  main            d.u.i.k.p.i.AbstractProblemLoader Creating init config 
1704       DEBUG main            d.u.i.k.j.TypeConverter   No LDT found for Meta 
1705       DEBUG main            d.u.i.k.j.TypeConverter   No LDT found for Meta 
1706       DEBUG main            d.u.i.k.j.TypeConverter   No LDT found for Meta 
1706       DEBUG main            d.u.i.k.j.TypeConverter   No LDT found for Meta 
2911       DEBUG main            d.u.i.k.j.TypeConverter   No LDT found for JavaBigintExpression 
7539       DEBUG main            d.u.i.k.p.i.AbstractProblemLoader Init config took 6.73s 
7600       INFO  main            d.u.i.k.p.i.AbstractProblemLoader Replaying proof instanceCreation1.key 
7631       DEBUG main            d.u.i.k.p.i.IntermediateProofReplayer Proof replay took 33.9ns 
8567       INFO  main            d.u.i.k.p.r.p.TestFile    ... finished proof: closed. 
8687       INFO  main            d.u.i.k.p.i.AbstractProblemLoader Loading environment from /home/runner/work/key/key/key.core/../key.ui/examples/standard_key/instanceCreation/instanceCreation1.key.proof 
8687       DEBUG main            d.u.i.k.p.i.AbstractProblemLoader Environment load took 426.4ns 
8694       INFO  main            d.u.i.k.p.i.AbstractProblemLoader Creating init config 
11358      DEBUG main            d.u.i.k.p.i.AbstractProblemLoader Init config took 2.66s 
11403      INFO  main            d.u.i.k.p.i.AbstractProblemLoader Replaying proof instanceCreation1.key.proof 
11571      DEBUG main            d.u.i.k.p.i.IntermediateProofReplayer Proof replay took 152.16ms 
11583      DEBUG main            d.u.i.k.p.r.p.TestFile    ... success: reloaded. 
11588      INFO  main            d.u.i.k.p.r.p.TestFile    Now processing file /home/runner/work/key/key/key.core/../key.ui/examples/standard_key/instanceCreation/instanceCreation2.key 
11589      INFO  main            d.u.i.k.p.i.AbstractProblemLoader Loading environment from /home/runner/work/key/key/key.core/../key.ui/examples/standard_key/instanceCreation/instanceCreation2.key 
11589      DEBUG main            d.u.i.k.p.i.AbstractProblemLoader Environment load took 245.9ns 
11593      INFO  main            d.u.i.k.p.i.AbstractProblemLoader Creating init config 
14158      DEBUG main            d.u.i.k.p.i.AbstractProblemLoader Init config took 2.56s 
14190      INFO  main            d.u.i.k.p.i.AbstractProblemLoader Replaying proof instanceCreation2.key 
14193      DEBUG main            d.u.i.k.p.i.IntermediateProofReplayer Proof replay took 5.5ns 
14697      INFO  main            d.u.i.k.p.r.p.TestFile    ... finished proof: closed. 
14842      INFO  main            d.u.i.k.p.i.AbstractProblemLoader Loading environment from /home/runner/work/key/key/key.core/../key.ui/examples/standard_key/instanceCreation/instanceCreation2.key.proof 
14843      DEBUG main            d.u.i.k.p.i.AbstractProblemLoader Environment load took 131.2ns 
14844      INFO  main            d.u.i.k.p.i.AbstractProblemLoader Creating init config 
17264      DEBUG main            d.u.i.k.p.i.AbstractProblemLoader Init config took 2.42s 
17294      INFO  main            d.u.i.k.p.i.AbstractProblemLoader Replaying proof instanceCreation2.key.proof 
17400      DEBUG main            d.u.i.k.p.i.IntermediateProofReplayer Proof replay took 95.23ms 
17401      DEBUG main            d.u.i.k.p.r.p.TestFile    ... success: reloaded. 
17404      INFO  main            d.u.i.k.p.r.p.TestFile    Now processing file /home/runner/work/key/key/key.core/../key.ui/examples/standard_key/instanceCreation/interfacesAndAbstractClassesHaveNoInstances.key 
17404      INFO  main            d.u.i.k.p.i.AbstractProblemLoader Loading environment from /home/runner/work/key/key/key.core/../key.ui/examples/standard_key/instanceCreation/interfacesAndAbstractClassesHaveNoInstances.key 
17405      DEBUG main            d.u.i.k.p.i.AbstractProblemLoader Environment load took 192.8ns 
17407      INFO  main            d.u.i.k.p.i.AbstractProblemLoader Creating init config 
19855      DEBUG main            d.u.i.k.p.i.AbstractProblemLoader Init config took 2.45s 
19875      INFO  main            d.u.i.k.p.i.AbstractProblemLoader Replaying proof interfacesAndAbstractClassesHaveNoInstances.key 
19877      DEBUG main            d.u.i.k.p.i.IntermediateProofReplayer Proof replay took 5ns 
19979      INFO  main            d.u.i.k.p.r.p.TestFile    ... finished proof: closed. 
20117      INFO  main            d.u.i.k.p.i.AbstractProblemLoader Loading environment from /home/runner/work/key/key/key.core/../key.ui/examples/standard_key/instanceCreation/interfacesAndAbstractClassesHaveNoInstances.key.proof 
20117      DEBUG main            d.u.i.k.p.i.AbstractProblemLoader Environment load took 113ns 
20118      INFO  main            d.u.i.k.p.i.AbstractProblemLoader Creating init config 
22517      DEBUG main            d.u.i.k.p.i.AbstractProblemLoader Init config took 2.4s 
22537      INFO  main            d.u.i.k.p.i.AbstractProblemLoader Replaying proof interfacesAndAbstractClassesHaveNoInstances.key.proof 
22540      DEBUG main            d.u.i.k.p.i.IntermediateProofReplayer Proof replay took 1.12ms 
22541      DEBUG main            d.u.i.k.p.r.p.TestFile    ... success: reloaded. 
22542      INFO  main            d.u.i.k.p.r.p.TestFile    Now processing file /home/runner/work/key/key/key.core/../key.ui/examples/standard_key/instanceCreation/successiveCreatedObjectsAreDistinct.key 
22542      INFO  main            d.u.i.k.p.i.AbstractProblemLoader Loading environment from /home/runner/work/key/key/key.core/../key.ui/examples/standard_key/instanceCreation/successiveCreatedObjectsAreDistinct.key 
22543      DEBUG main            d.u.i.k.p.i.AbstractProblemLoader Environment load took 173.4ns 
22544      INFO  main            d.u.i.k.p.i.AbstractProblemLoader Creating init config 
24925      DEBUG main            d.u.i.k.p.i.AbstractProblemLoader Init config took 2.38s 
24947      INFO  main            d.u.i.k.p.i.AbstractProblemLoader Replaying proof successiveCreatedObjectsAreDistinct.key 
24949      DEBUG main            d.u.i.k.p.i.IntermediateProofReplayer Proof replay took 5.7ns 
25252      INFO  main            d.u.i.k.p.r.p.TestFile    ... finished proof: closed. 
25447      INFO  main            d.u.i.k.p.i.AbstractProblemLoader Loading environment from /home/runner/work/key/key/key.core/../key.ui/examples/standard_key/instanceCreation/successiveCreatedObjectsAreDistinct.key.proof 
25447      DEBUG main            d.u.i.k.p.i.AbstractProblemLoader Environment load took 111.6ns 
25448      INFO  main            d.u.i.k.p.i.AbstractProblemLoader Creating init config 
27830      DEBUG main            d.u.i.k.p.i.AbstractProblemLoader Init config took 2.38s 
27851      INFO  main            d.u.i.k.p.i.AbstractProblemLoader Replaying proof successiveCreatedObjectsAreDistinct.key.proof 
27906      DEBUG main            d.u.i.k.p.i.IntermediateProofReplayer Proof replay took 51.51ms 
27907      DEBUG main            d.u.i.k.p.r.p.TestFile    ... success: reloaded. 
27908      INFO  main            d.u.i.k.p.r.p.TestFile    Now processing file /home/runner/work/key/key/key.core/../key.ui/examples/standard_key/instanceCreation/testOverloadingConstructors.key 
27908      INFO  main            d.u.i.k.p.i.AbstractProblemLoader Loading environment from /home/runner/work/key/key/key.core/../key.ui/examples/standard_key/instanceCreation/testOverloadingConstructors.key 
27909      DEBUG main            d.u.i.k.p.i.AbstractProblemLoader Environment load took 178.8ns 
27910      INFO  main            d.u.i.k.p.i.AbstractProblemLoader Creating init config 
30339      DEBUG main            d.u.i.k.p.i.AbstractProblemLoader Init config took 2.43s 
30359      INFO  main            d.u.i.k.p.i.AbstractProblemLoader Replaying proof testOverloadingConstructors.key 
30361      DEBUG main            d.u.i.k.p.i.IntermediateProofReplayer Proof replay took 5.3ns 
30565      INFO  main            d.u.i.k.p.r.p.TestFile    ... finished proof: closed. 
30765      INFO  main            d.u.i.k.p.i.AbstractProblemLoader Loading environment from /home/runner/work/key/key/key.core/../key.ui/examples/standard_key/instanceCreation/testOverloadingConstructors.key.proof 
30765      DEBUG main            d.u.i.k.p.i.AbstractProblemLoader Environment load took 112.6ns 
30766      INFO  main            d.u.i.k.p.i.AbstractProblemLoader Creating init config 
33121      DEBUG main            d.u.i.k.p.i.AbstractProblemLoader Init config took 2.36s 
33141      INFO  main            d.u.i.k.p.i.AbstractProblemLoader Replaying proof testOverloadingConstructors.key.proof 
33183      DEBUG main            d.u.i.k.p.i.IntermediateProofReplayer Proof replay took 37.9ms 
33184      DEBUG main            d.u.i.k.p.r.p.TestFile    ... success: reloaded. 
33185      INFO  main            d.u.i.k.p.r.p.TestFile    Now processing file /home/runner/work/key/key/key.core/../key.ui/examples/standard_key/java_dl/SimpleAttributes.key 
33186      INFO  main            d.u.i.k.p.i.AbstractProblemLoader Loading environment from /home/runner/work/key/key/key.core/../key.ui/examples/standard_key/java_dl/SimpleAttributes.key 
33186      DEBUG main            d.u.i.k.p.i.AbstractProblemLoader Environment load took 204.1ns 
33187      INFO  main            d.u.i.k.p.i.AbstractProblemLoader Creating init config 
35550      DEBUG main            d.u.i.k.p.i.AbstractProblemLoader Init config took 2.36s 
35570      INFO  main            d.u.i.k.p.i.AbstractProblemLoader Replaying proof SimpleAttributes.key 
35572      DEBUG main            d.u.i.k.p.i.IntermediateProofReplayer Proof replay took 6.4ns 
35674      INFO  main            d.u.i.k.p.r.p.TestFile    ... finished proof: closed. 
35827      INFO  main            d.u.i.k.p.i.AbstractProblemLoader Loading environment from /home/runner/work/key/key/key.core/../key.ui/examples/standard_key/java_dl/SimpleAttributes.key.proof 
35827      DEBUG main            d.u.i.k.p.i.AbstractProblemLoader Environment load took 108.7ns 
35828      INFO  main            d.u.i.k.p.i.AbstractProblemLoader Creating init config 
38136      DEBUG main            d.u.i.k.p.i.AbstractProblemLoader Init config took 2.31s 
38157      INFO  main            d.u.i.k.p.i.AbstractProblemLoader Replaying proof SimpleAttributes.key.proof 
38177      DEBUG main            d.u.i.k.p.i.IntermediateProofReplayer Proof replay took 18.05ms 
38178      DEBUG main            d.u.i.k.p.r.p.TestFile    ... success: reloaded. 
38179      INFO  main            d.u.i.k.p.r.p.TestFile    Now processing file /home/runner/work/key/key/key.core/../key.ui/examples/standard_key/java_dl/arrayMax.key 
38179      INFO  main            d.u.i.k.p.i.AbstractProblemLoader Loading environment from /home/runner/work/key/key/key.core/../key.ui/examples/standard_key/java_dl/arrayMax.key 
38179      DEBUG main            d.u.i.k.p.i.AbstractProblemLoader Environment load took 109.7ns 
38183      INFO  main            d.u.i.k.p.i.AbstractProblemLoader Creating init config 
40616      DEBUG main            d.u.i.k.p.i.AbstractProblemLoader Init config took 2.43s 
40637      INFO  main            d.u.i.k.p.i.AbstractProblemLoader Replaying proof arrayMax.key 
40639      DEBUG main            d.u.i.k.p.i.IntermediateProofReplayer Proof replay took 5.4ns 
42044      INFO  main            d.u.i.k.p.r.p.TestFile    ... finished proof: closed. 
42234      INFO  main            d.u.i.k.p.i.AbstractProblemLoader Loading environment from /home/runner/work/key/key/key.core/../key.ui/examples/standard_key/java_dl/arrayMax.key.proof 
42235      DEBUG main            d.u.i.k.p.i.AbstractProblemLoader Environment load took 503.2ns 
42237      INFO  main            d.u.i.k.p.i.AbstractProblemLoader Creating init config 
44609      DEBUG main            d.u.i.k.p.i.AbstractProblemLoader Init config took 2.37s 
44631      INFO  main            d.u.i.k.p.i.AbstractProblemLoader Replaying proof arrayMax.key.proof 
44815      DEBUG main            d.u.i.k.p.i.IntermediateProofReplayer Proof replay took 174.04ms 
44817      DEBUG main            d.u.i.k.p.r.p.TestFile    ... success: reloaded. 
44818      INFO  main            d.u.i.k.p.r.p.TestFile    Now processing file /home/runner/work/key/key/key.core/../key.ui/examples/standard_key/java_dl/arrayUpdateSimp.key 
44818      INFO  main            d.u.i.k.p.i.AbstractProblemLoader Loading environment from /home/runner/work/key/key/key.core/../key.ui/examples/standard_key/java_dl/arrayUpdateSimp.key 
44818      DEBUG main            d.u.i.k.p.i.AbstractProblemLoader Environment load took 109.6ns 
44821      INFO  main            d.u.i.k.p.i.AbstractProblemLoader Creating init config 
44846      WARN  main            d.u.i.k.j.r.KeYCrossReferenceNameInfo Datatype java.io.PrintStream declared twice: Once in FILE:/home/runner/work/key/key/key.core/../key.ui/examples/standard_key/java_dl/./classpath/PrintStream.java and once in URL:file:/home/runner/work/key/key/key.core/build/resources/main/de/uka/ilkd/key/java/JavaRedux/java/io/PrintStream.java, Keeping one from URL:file:/home/runner/work/key/key/key.core/build/resources/main/de/uka/ilkd/key/java/JavaRedux/java/io/PrintStream.java 
44846      WARN  main            d.u.i.k.j.r.KeYCrossReferenceNameInfo Datatype java.lang.System declared twice: Once in FILE:/home/runner/work/key/key/key.core/../key.ui/examples/standard_key/java_dl/./classpath/System.java and once in URL:file:/home/runner/work/key/key/key.core/build/resources/main/de/uka/ilkd/key/java/JavaRedux/java/lang/System.java, Keeping one from URL:file:/home/runner/work/key/key/key.core/build/resources/main/de/uka/ilkd/key/java/JavaRedux/java/lang/System.java 
44846      WARN  main            d.u.i.k.j.r.KeYCrossReferenceNameInfo Datatype java.io.InputStream declared twice: Once in FILE:/home/runner/work/key/key/key.core/../key.ui/examples/standard_key/java_dl/./classpath/InputStream.java and once in URL:file:/home/runner/work/key/key/key.core/build/resources/main/de/uka/ilkd/key/java/JavaRedux/java/io/InputStream.java, Keeping one from URL:file:/home/runner/work/key/key/key.core/build/resources/main/de/uka/ilkd/key/java/JavaRedux/java/io/InputStream.java 
44852      DEBUG main            d.u.i.k.j.r.ClassFileDeclarationBuilder Parsing: package java.io; public class Closeable { } 
44852      DEBUG main            r.s.KeYCrossReferenceSourceInfo Dynamically created class: java.io.Closeable 
47192      DEBUG main            d.u.i.k.p.i.AbstractProblemLoader Init config took 2.37s 
47211      INFO  main            d.u.i.k.p.i.AbstractProblemLoader Replaying proof arrayUpdateSimp.key 
47212      DEBUG main            d.u.i.k.p.i.IntermediateProofReplayer Proof replay took 6.1ns 
47314      INFO  main            d.u.i.k.p.r.p.TestFile    ... finished proof: closed. 
47504      INFO  main            d.u.i.k.p.i.AbstractProblemLoader Loading environment from /home/runner/work/key/key/key.core/../key.ui/examples/standard_key/java_dl/arrayUpdateSimp.key.proof 
47504      DEBUG main            d.u.i.k.p.i.AbstractProblemLoader Environment load took 108.2ns 
47508      INFO  main            d.u.i.k.p.i.AbstractProblemLoader Creating init config 
47529      WARN  main            d.u.i.k.j.r.KeYCrossReferenceNameInfo Datatype java.io.PrintStream declared twice: Once in FILE:/home/runner/work/key/key/key.core/../key.ui/examples/standard_key/java_dl/classpath/PrintStream.java and once in URL:file:/home/runner/work/key/key/key.core/build/resources/main/de/uka/ilkd/key/java/JavaRedux/java/io/PrintStream.java, Keeping one from URL:file:/home/runner/work/key/key/key.core/build/resources/main/de/uka/ilkd/key/java/JavaRedux/java/io/PrintStream.java 
47530      WARN  main            d.u.i.k.j.r.KeYCrossReferenceNameInfo Datatype java.lang.System declared twice: Once in FILE:/home/runner/work/key/key/key.core/../key.ui/examples/standard_key/java_dl/classpath/System.java and once in URL:file:/home/runner/work/key/key/key.core/build/resources/main/de/uka/ilkd/key/java/JavaRedux/java/lang/System.java, Keeping one from URL:file:/home/runner/work/key/key/key.core/build/resources/main/de/uka/ilkd/key/java/JavaRedux/java/lang/System.java 
47530      WARN  main            d.u.i.k.j.r.KeYCrossReferenceNameInfo Datatype java.io.InputStream declared twice: Once in FILE:/home/runner/work/key/key/key.core/../key.ui/examples/standard_key/java_dl/classpath/InputStream.java and once in URL:file:/home/runner/work/key/key/key.core/build/resources/main/de/uka/ilkd/key/java/JavaRedux/java/io/InputStream.java, Keeping one from URL:file:/home/runner/work/key/key/key.core/build/resources/main/de/uka/ilkd/key/java/JavaRedux/java/io/InputStream.java 
47534      DEBUG main            d.u.i.k.j.r.ClassFileDeclarationBuilder Parsing: package java.io; public class Closeable { } 
47534      DEBUG main            r.s.KeYCrossReferenceSourceInfo Dynamically created class: java.io.Closeable 
49798      DEBUG main            d.u.i.k.p.i.AbstractProblemLoader Init config took 2.29s 
49819      INFO  main            d.u.i.k.p.i.AbstractProblemLoader Replaying proof arrayUpdateSimp.key.proof 
49821      DEBUG main            d.u.i.k.p.i.IntermediateProofReplayer Proof replay took 481.1ns 
49823      DEBUG main            d.u.i.k.p.r.p.TestFile    ... success: reloaded. 
49823      INFO  main            d.u.i.k.p.r.p.TestFile    Now processing file /home/runner/work/key/key/key.core/../key.ui/examples/standard_key/java_dl/attributes.key 
49824      INFO  main            d.u.i.k.p.i.AbstractProblemLoader Loading environment from /home/runner/work/key/key/key.core/../key.ui/examples/standard_key/java_dl/attributes.key 
49824      DEBUG main            d.u.i.k.p.i.AbstractProblemLoader Environment load took 170.4ns 
49825      INFO  main            d.u.i.k.p.i.AbstractProblemLoader Creating init config 
52131      DEBUG main            d.u.i.k.p.i.AbstractProblemLoader Init config took 2.31s 
52149      INFO  main            d.u.i.k.p.i.AbstractProblemLoader Replaying proof attributes.key 
52151      DEBUG main            d.u.i.k.p.i.IntermediateProofReplayer Proof replay took 5.6ns 
52353      INFO  main            d.u.i.k.p.r.p.TestFile    ... finished proof: closed. 
52554      INFO  main            d.u.i.k.p.i.AbstractProblemLoader Loading environment from /home/runner/work/key/key/key.core/../key.ui/examples/standard_key/java_dl/attributes.key.proof 
52554      DEBUG main            d.u.i.k.p.i.AbstractProblemLoader Environment load took 102.9ns 
52558      INFO  main            d.u.i.k.p.i.AbstractProblemLoader Creating init config 
54881      DEBUG main            d.u.i.k.p.i.AbstractProblemLoader Init config took 2.32s 
54897      INFO  main            d.u.i.k.p.i.AbstractProblemLoader Replaying proof attributes.key.proof 
54927      DEBUG main            d.u.i.k.p.i.IntermediateProofReplayer Proof replay took 27.44ms 
54928      DEBUG main            d.u.i.k.p.r.p.TestFile    ... success: reloaded. 
54929      INFO  main            d.u.i.k.p.r.p.TestFile    Now processing file /home/runner/work/key/key/key.core/../key.ui/examples/standard_key/java_dl/break.key 
54938      INFO  main            d.u.i.k.p.i.AbstractProblemLoader Loading environment from /home/runner/work/key/key/key.core/../key.ui/examples/standard_key/java_dl/break.key 
54938      DEBUG main            d.u.i.k.p.i.AbstractProblemLoader Environment load took 199.5ns 
54939      INFO  main            d.u.i.k.p.i.AbstractProblemLoader Creating init config 
54981      WARN  main            d.u.i.k.j.r.KeYCrossReferenceNameInfo Datatype java.io.PrintStream declared twice: Once in FILE:/home/runner/work/key/key/key.core/../key.ui/examples/standard_key/java_dl/classpath/PrintStream.java and once in URL:file:/home/runner/work/key/key/key.core/build/resources/main/de/uka/ilkd/key/java/JavaRedux/java/io/PrintStream.java, Keeping one from URL:file:/home/runner/work/key/key/key.core/build/resources/main/de/uka/ilkd/key/java/JavaRedux/java/io/PrintStream.java 
54981      WARN  main            d.u.i.k.j.r.KeYCrossReferenceNameInfo Datatype java.lang.System declared twice: Once in FILE:/home/runner/work/key/key/key.core/../key.ui/examples/standard_key/java_dl/classpath/System.java and once in URL:file:/home/runner/work/key/key/key.core/build/resources/main/de/uka/ilkd/key/java/JavaRedux/java/lang/System.java, Keeping one from URL:file:/home/runner/work/key/key/key.core/build/resources/main/de/uka/ilkd/key/java/JavaRedux/java/lang/System.java 
54981      WARN  main            d.u.i.k.j.r.KeYCrossReferenceNameInfo Datatype java.io.InputStream declared twice: Once in FILE:/home/runner/work/key/key/key.core/../key.ui/examples/standard_key/java_dl/classpath/InputStream.java and once in URL:file:/home/runner/work/key/key/key.core/build/resources/main/de/uka/ilkd/key/java/JavaRedux/java/io/InputStream.java, Keeping one from URL:file:/home/runner/work/key/key/key.core/build/resources/main/de/uka/ilkd/key/java/JavaRedux/java/io/InputStream.java 
54984      DEBUG main            d.u.i.k.j.r.ClassFileDeclarationBuilder Parsing: package java.io; public class Closeable { } 
54988      DEBUG main            r.s.KeYCrossReferenceSourceInfo Dynamically created class: java.io.Closeable 
57286      DEBUG main            d.u.i.k.p.i.AbstractProblemLoader Init config took 2.35s 
57302      INFO  main            d.u.i.k.p.i.AbstractProblemLoader Replaying proof break.key 
57304      DEBUG main            d.u.i.k.p.i.IntermediateProofReplayer Proof replay took 6ns 
57405      INFO  main            d.u.i.k.p.r.p.TestFile    ... finished proof: closed. 
57594      INFO  main            d.u.i.k.p.i.AbstractProblemLoader Loading environment from /home/runner/work/key/key/key.core/../key.ui/examples/standard_key/java_dl/break.key.proof 
57594      DEBUG main            d.u.i.k.p.i.AbstractProblemLoader Environment load took 102.1ns 
57595      INFO  main            d.u.i.k.p.i.AbstractProblemLoader Creating init config 
57617      WARN  main            d.u.i.k.j.r.KeYCrossReferenceNameInfo Datatype java.io.PrintStream declared twice: Once in FILE:/home/runner/work/key/key/key.core/../key.ui/examples/standard_key/java_dl/classpath/PrintStream.java and once in URL:file:/home/runner/work/key/key/key.core/build/resources/main/de/uka/ilkd/key/java/JavaRedux/java/io/PrintStream.java, Keeping one from URL:file:/home/runner/work/key/key/key.core/build/resources/main/de/uka/ilkd/key/java/JavaRedux/java/io/PrintStream.java 
57617      WARN  main            d.u.i.k.j.r.KeYCrossReferenceNameInfo Datatype java.lang.System declared twice: Once in FILE:/home/runner/work/key/key/key.core/../key.ui/examples/standard_key/java_dl/classpath/System.java and once in URL:file:/home/runner/work/key/key/key.core/build/resources/main/de/uka/ilkd/key/java/JavaRedux/java/lang/System.java, Keeping one from URL:file:/home/runner/work/key/key/key.core/build/resources/main/de/uka/ilkd/key/java/JavaRedux/java/lang/System.java 
57617      WARN  main            d.u.i.k.j.r.KeYCrossReferenceNameInfo Datatype java.io.InputStream declared twice: Once in FILE:/home/runner/work/key/key/key.core/../key.ui/examples/standard_key/java_dl/classpath/InputStream.java and once in URL:file:/home/runner/work/key/key/key.core/build/resources/main/de/uka/ilkd/key/java/JavaRedux/java/io/InputStream.java, Keeping one from URL:file:/home/runner/work/key/key/key.core/build/resources/main/de/uka/ilkd/key/java/JavaRedux/java/io/InputStream.java 
57620      DEBUG main            d.u.i.k.j.r.ClassFileDeclarationBuilder Parsing: package java.io; public class Closeable { } 
57621      DEBUG main            r.s.KeYCrossReferenceSourceInfo Dynamically created class: java.io.Closeable 
59912      DEBUG main            d.u.i.k.p.i.AbstractProblemLoader Init config took 2.32s 
59928      INFO  main            d.u.i.k.p.i.AbstractProblemLoader Replaying proof break.key.proof 
59936      DEBUG main            d.u.i.k.p.i.IntermediateProofReplayer Proof replay took 5.95ms 
59937      DEBUG main            d.u.i.k.p.r.p.TestFile    ... success: reloaded. 
59938      INFO  main            d.u.i.k.p.r.p.TestFile    Now processing file /home/runner/work/key/key/key.core/../key.ui/examples/standard_key/java_dl/char.key 
59938      INFO  main            d.u.i.k.p.i.AbstractProblemLoader Loading environment from /home/runner/work/key/key/key.core/../key.ui/examples/standard_key/java_dl/char.key 
59938      DEBUG main            d.u.i.k.p.i.AbstractProblemLoader Environment load took 167.1ns 
59939      INFO  main            d.u.i.k.p.i.AbstractProblemLoader Creating init config 
62214      DEBUG main            d.u.i.k.p.i.AbstractProblemLoader Init config took 2.27s 
62230      INFO  main            d.u.i.k.p.i.AbstractProblemLoader Replaying proof char.key 
62231      DEBUG main            d.u.i.k.p.i.IntermediateProofReplayer Proof replay took 5.9ns 
62341      INFO  main            d.u.i.k.p.r.p.TestFile    ... finished proof: closed. 
62547      INFO  main            d.u.i.k.p.i.AbstractProblemLoader Loading environment from /home/runner/work/key/key/key.core/../key.ui/examples/standard_key/java_dl/char.key.proof 
62548      DEBUG main            d.u.i.k.p.i.AbstractProblemLoader Environment load took 103.7ns 
62548      INFO  main            d.u.i.k.p.i.AbstractProblemLoader Creating init config 
64799      DEBUG main            d.u.i.k.p.i.AbstractProblemLoader Init config took 2.25s 
64813      INFO  main            d.u.i.k.p.i.AbstractProblemLoader Replaying proof char.key.proof 
64817      DEBUG main            d.u.i.k.p.i.IntermediateProofReplayer Proof replay took 2.18ms 
64818      DEBUG main            d.u.i.k.p.r.p.TestFile    ... success: reloaded. 
64819      INFO  main            d.u.i.k.p.r.p.TestFile    Now processing file /home/runner/work/key/key/key.core/../key.ui/examples/standard_key/java_dl/compileTimeConstants.key 
64819      INFO  main            d.u.i.k.p.i.AbstractProblemLoader Loading environment from /home/runner/work/key/key/key.core/../key.ui/examples/standard_key/java_dl/compileTimeConstants.key 
64819      DEBUG main            d.u.i.k.p.i.AbstractProblemLoader Environment load took 85.9ns 
64820      INFO  main            d.u.i.k.p.i.AbstractProblemLoader Creating init config 
67081      DEBUG main            d.u.i.k.p.i.AbstractProblemLoader Init config took 2.26s 
67096      INFO  main            d.u.i.k.p.i.AbstractProblemLoader Replaying proof compileTimeConstants.key 
67097      DEBUG main            d.u.i.k.p.i.IntermediateProofReplayer Proof replay took 6.3ns 
67202      INFO  main            d.u.i.k.p.r.p.TestFile    ... finished proof: closed. 
67394      INFO  main            d.u.i.k.p.i.AbstractProblemLoader Loading environment from /home/runner/work/key/key/key.core/../key.ui/examples/standard_key/java_dl/compileTimeConstants.key.proof 
67394      DEBUG main            d.u.i.k.p.i.AbstractProblemLoader Environment load took 109.5ns 
67395      INFO  main            d.u.i.k.p.i.AbstractProblemLoader Creating init config 
69639      DEBUG main            d.u.i.k.p.i.AbstractProblemLoader Init config took 2.24s 
69653      INFO  main            d.u.i.k.p.i.AbstractProblemLoader Replaying proof compileTimeConstants.key.proof 
69663      DEBUG main            d.u.i.k.p.i.IntermediateProofReplayer Proof replay took 8.56ms 
69664      DEBUG main            d.u.i.k.p.r.p.TestFile    ... success: reloaded. 
69665      INFO  main            d.u.i.k.p.r.p.TestFile    Now processing file /home/runner/work/key/key/key.core/../key.ui/examples/standard_key/java_dl/constructorException/test.key 
69665      INFO  main            d.u.i.k.p.i.AbstractProblemLoader Loading environment from /home/runner/work/key/key/key.core/../key.ui/examples/standard_key/java_dl/constructorException/test.key 
69665      DEBUG main            d.u.i.k.p.i.AbstractProblemLoader Environment load took 66.5ns 
69666      INFO  main            d.u.i.k.p.i.AbstractProblemLoader Creating init config 
72087      DEBUG main            d.u.i.k.p.i.AbstractProblemLoader Init config took 2.42s 
72156      INFO  main            d.u.i.k.p.i.AbstractProblemLoader Replaying proof Test[Test::Test(int)].JML operation contract.0 
72158      DEBUG main            d.u.i.k.p.i.IntermediateProofReplayer Proof replay took 6ns 
72360      INFO  main            d.u.i.k.p.r.p.TestFile    ... finished proof: closed. 
72613      INFO  main            d.u.i.k.p.i.AbstractProblemLoader Loading environment from /home/runner/work/key/key/key.core/../key.ui/examples/standard_key/java_dl/constructorException/test.key.proof 
72613      DEBUG main            d.u.i.k.p.i.AbstractProblemLoader Environment load took 105.9ns 
72614      INFO  main            d.u.i.k.p.i.AbstractProblemLoader Creating init config 
74890      DEBUG main            d.u.i.k.p.i.AbstractProblemLoader Init config took 2.28s 
74938      INFO  main            d.u.i.k.p.i.AbstractProblemLoader Replaying proof Test[Test::Test(int)].JML operation contract.0 
74983      DEBUG main            d.u.i.k.p.i.IntermediateProofReplayer Proof replay took 40.57ms 
74984      DEBUG main            d.u.i.k.p.r.p.TestFile    ... success: reloaded. 
74985      INFO  main            d.u.i.k.p.r.p.TestFile    Now processing file /home/runner/work/key/key/key.core/../key.ui/examples/standard_key/java_dl/constructorException/regressionTestBug1333.key 
74985      INFO  main            d.u.i.k.p.i.AbstractProblemLoader Loading environment from /home/runner/work/key/key/key.core/../key.ui/examples/standard_key/java_dl/constructorException/regressionTestBug1333.key 
74986      DEBUG main            d.u.i.k.p.i.AbstractProblemLoader Environment load took 168.2ns 
74986      INFO  main            d.u.i.k.p.i.AbstractProblemLoader Creating init config 
77297      DEBUG main            d.u.i.k.p.i.AbstractProblemLoader Init config took 2.31s 
77352      INFO  main            d.u.i.k.p.i.AbstractProblemLoader Replaying proof False[False::False()].JML normal_behavior operation contract.0 
77354      DEBUG main            d.u.i.k.p.i.IntermediateProofReplayer Proof replay took 5.8ns 
77457      INFO  main            d.u.i.k.p.r.p.TestFile    ... finished proof: open goal(s) 
77650      INFO  main            d.u.i.k.p.r.p.TestFile    Now processing file /home/runner/work/key/key/key.core/../key.ui/examples/standard_key/java_dl/continue1.key 
77650      INFO  main            d.u.i.k.p.i.AbstractProblemLoader Loading environment from /home/runner/work/key/key/key.core/../key.ui/examples/standard_key/java_dl/continue1.key 
77650      DEBUG main            d.u.i.k.p.i.AbstractProblemLoader Environment load took 55ns 
77652      INFO  main            d.u.i.k.p.i.AbstractProblemLoader Creating init config 
77697      WARN  main            d.u.i.k.j.r.KeYCrossReferenceNameInfo Datatype java.io.PrintStream declared twice: Once in FILE:/home/runner/work/key/key/key.core/../key.ui/examples/standard_key/java_dl/classpath/PrintStream.java and once in URL:file:/home/runner/work/key/key/key.core/build/resources/main/de/uka/ilkd/key/java/JavaRedux/java/io/PrintStream.java, Keeping one from URL:file:/home/runner/work/key/key/key.core/build/resources/main/de/uka/ilkd/key/java/JavaRedux/java/io/PrintStream.java 
77698      WARN  main            d.u.i.k.j.r.KeYCrossReferenceNameInfo Datatype java.lang.System declared twice: Once in FILE:/home/runner/work/key/key/key.core/../key.ui/examples/standard_key/java_dl/classpath/System.java and once in URL:file:/home/runner/work/key/key/key.core/build/resources/main/de/uka/ilkd/key/java/JavaRedux/java/lang/System.java, Keeping one from URL:file:/home/runner/work/key/key/key.core/build/resources/main/de/uka/ilkd/key/java/JavaRedux/java/lang/System.java 
77704      WARN  main            d.u.i.k.j.r.KeYCrossReferenceNameInfo Datatype java.io.InputStream declared twice: Once in FILE:/home/runner/work/key/key/key.core/../key.ui/examples/standard_key/java_dl/classpath/InputStream.java and once in URL:file:/home/runner/work/key/key/key.core/build/resources/main/de/uka/ilkd/key/java/JavaRedux/java/io/InputStream.java, Keeping one from URL:file:/home/runner/work/key/key/key.core/build/resources/main/de/uka/ilkd/key/java/JavaRedux/java/io/InputStream.java 
77708      DEBUG main            d.u.i.k.j.r.ClassFileDeclarationBuilder Parsing: package java.io; public class Closeable { } 
77715      DEBUG main            r.s.KeYCrossReferenceSourceInfo Dynamically created class: java.io.Closeable 
79963      DEBUG main            d.u.i.k.p.i.AbstractProblemLoader Init config took 2.31s 
79977      INFO  main            d.u.i.k.p.i.AbstractProblemLoader Replaying proof continue1.key 
79979      DEBUG main            d.u.i.k.p.i.IntermediateProofReplayer Proof replay took 6.3ns 
80081      INFO  main            d.u.i.k.p.r.p.TestFile    ... finished proof: closed. 
80262      INFO  main            d.u.i.k.p.i.AbstractProblemLoader Loading environment from /home/runner/work/key/key/key.core/../key.ui/examples/standard_key/java_dl/continue1.key.proof 
80262      DEBUG main            d.u.i.k.p.i.AbstractProblemLoader Environment load took 101.9ns 
80264      INFO  main            d.u.i.k.p.i.AbstractProblemLoader Creating init config 
80283      WARN  main            d.u.i.k.j.r.KeYCrossReferenceNameInfo Datatype java.io.PrintStream declared twice: Once in FILE:/home/runner/work/key/key/key.core/../key.ui/examples/standard_key/java_dl/classpath/PrintStream.java and once in URL:file:/home/runner/work/key/key/key.core/build/resources/main/de/uka/ilkd/key/java/JavaRedux/java/io/PrintStream.java, Keeping one from URL:file:/home/runner/work/key/key/key.core/build/resources/main/de/uka/ilkd/key/java/JavaRedux/java/io/PrintStream.java 
80283      WARN  main            d.u.i.k.j.r.KeYCrossReferenceNameInfo Datatype java.lang.System declared twice: Once in FILE:/home/runner/work/key/key/key.core/../key.ui/examples/standard_key/java_dl/classpath/System.java and once in URL:file:/home/runner/work/key/key/key.core/build/resources/main/de/uka/ilkd/key/java/JavaRedux/java/lang/System.java, Keeping one from URL:file:/home/runner/work/key/key/key.core/build/resources/main/de/uka/ilkd/key/java/JavaRedux/java/lang/System.java 
80283      WARN  main            d.u.i.k.j.r.KeYCrossReferenceNameInfo Datatype java.io.InputStream declared twice: Once in FILE:/home/runner/work/key/key/key.core/../key.ui/examples/standard_key/java_dl/classpath/InputStream.java and once in URL:file:/home/runner/work/key/key/key.core/build/resources/main/de/uka/ilkd/key/java/JavaRedux/java/io/InputStream.java, Keeping one from URL:file:/home/runner/work/key/key/key.core/build/resources/main/de/uka/ilkd/key/java/JavaRedux/java/io/InputStream.java 
80286      DEBUG main            d.u.i.k.j.r.ClassFileDeclarationBuilder Parsing: package java.io; public class Closeable { } 
80286      DEBUG main            r.s.KeYCrossReferenceSourceInfo Dynamically created class: java.io.Closeable 
82517      DEBUG main            d.u.i.k.p.i.AbstractProblemLoader Init config took 2.25s 
82535      INFO  main            d.u.i.k.p.i.AbstractProblemLoader Replaying proof continue1.key.proof 
82552      DEBUG main            d.u.i.k.p.i.IntermediateProofReplayer Proof replay took 13.81ms 
82553      DEBUG main            d.u.i.k.p.r.p.TestFile    ... success: reloaded. 
82554      INFO  main            d.u.i.k.p.r.p.TestFile    Now processing file /home/runner/work/key/key/key.core/../key.ui/examples/standard_key/java_dl/continue2.key 
82554      INFO  main            d.u.i.k.p.i.AbstractProblemLoader Loading environment from /home/runner/work/key/key/key.core/../key.ui/examples/standard_key/java_dl/continue2.key 
82555      DEBUG main            d.u.i.k.p.i.AbstractProblemLoader Environment load took 121.1ns 
82555      INFO  main            d.u.i.k.p.i.AbstractProblemLoader Creating init config 
82575      WARN  main            d.u.i.k.j.r.KeYCrossReferenceNameInfo Datatype java.io.PrintStream declared twice: Once in FILE:/home/runner/work/key/key/key.core/../key.ui/examples/standard_key/java_dl/classpath/PrintStream.java and once in URL:file:/home/runner/work/key/key/key.core/build/resources/main/de/uka/ilkd/key/java/JavaRedux/java/io/PrintStream.java, Keeping one from URL:file:/home/runner/work/key/key/key.core/build/resources/main/de/uka/ilkd/key/java/JavaRedux/java/io/PrintStream.java 
82575      WARN  main            d.u.i.k.j.r.KeYCrossReferenceNameInfo Datatype java.lang.System declared twice: Once in FILE:/home/runner/work/key/key/key.core/../key.ui/examples/standard_key/java_dl/classpath/System.java and once in URL:file:/home/runner/work/key/key/key.core/build/resources/main/de/uka/ilkd/key/java/JavaRedux/java/lang/System.java, Keeping one from URL:file:/home/runner/work/key/key/key.core/build/resources/main/de/uka/ilkd/key/java/JavaRedux/java/lang/System.java 
82575      WARN  main            d.u.i.k.j.r.KeYCrossReferenceNameInfo Datatype java.io.InputStream declared twice: Once in FILE:/home/runner/work/key/key/key.core/../key.ui/examples/standard_key/java_dl/classpath/InputStream.java and once in URL:file:/home/runner/work/key/key/key.core/build/resources/main/de/uka/ilkd/key/java/JavaRedux/java/io/InputStream.java, Keeping one from URL:file:/home/runner/work/key/key/key.core/build/resources/main/de/uka/ilkd/key/java/JavaRedux/java/io/InputStream.java 
82578      DEBUG main            d.u.i.k.j.r.ClassFileDeclarationBuilder Parsing: package java.io; public class Closeable { } 
82578      DEBUG main            r.s.KeYCrossReferenceSourceInfo Dynamically created class: java.io.Closeable 
84890      DEBUG main            d.u.i.k.p.i.AbstractProblemLoader Init config took 2.33s 
84904      INFO  main            d.u.i.k.p.i.AbstractProblemLoader Replaying proof continue2.key 
84905      DEBUG main            d.u.i.k.p.i.IntermediateProofReplayer Proof replay took 6.2ns 
85108      INFO  main            d.u.i.k.p.r.p.TestFile    ... finished proof: closed. 
85333      INFO  main            d.u.i.k.p.i.AbstractProblemLoader Loading environment from /home/runner/work/key/key/key.core/../key.ui/examples/standard_key/java_dl/continue2.key.proof 
85333      DEBUG main            d.u.i.k.p.i.AbstractProblemLoader Environment load took 100ns 
85334      INFO  main            d.u.i.k.p.i.AbstractProblemLoader Creating init config 
85354      WARN  main            d.u.i.k.j.r.KeYCrossReferenceNameInfo Datatype java.io.PrintStream declared twice: Once in FILE:/home/runner/work/key/key/key.core/../key.ui/examples/standard_key/java_dl/classpath/PrintStream.java and once in URL:file:/home/runner/work/key/key/key.core/build/resources/main/de/uka/ilkd/key/java/JavaRedux/java/io/PrintStream.java, Keeping one from URL:file:/home/runner/work/key/key/key.core/build/resources/main/de/uka/ilkd/key/java/JavaRedux/java/io/PrintStream.java 
85354      WARN  main            d.u.i.k.j.r.KeYCrossReferenceNameInfo Datatype java.lang.System declared twice: Once in FILE:/home/runner/work/key/key/key.core/../key.ui/examples/standard_key/java_dl/classpath/System.java and once in URL:file:/home/runner/work/key/key/key.core/build/resources/main/de/uka/ilkd/key/java/JavaRedux/java/lang/System.java, Keeping one from URL:file:/home/runner/work/key/key/key.core/build/resources/main/de/uka/ilkd/key/java/JavaRedux/java/lang/System.java 
85354      WARN  main            d.u.i.k.j.r.KeYCrossReferenceNameInfo Datatype java.io.InputStream declared twice: Once in FILE:/home/runner/work/key/key/key.core/../key.ui/examples/standard_key/java_dl/classpath/InputStream.java and once in URL:file:/home/runner/work/key/key/key.core/build/resources/main/de/uka/ilkd/key/java/JavaRedux/java/io/InputStream.java, Keeping one from URL:file:/home/runner/work/key/key/key.core/build/resources/main/de/uka/ilkd/key/java/JavaRedux/java/io/InputStream.java 
85357      DEBUG main            d.u.i.k.j.r.ClassFileDeclarationBuilder Parsing: package java.io; public class Closeable { } 
85357      DEBUG main            r.s.KeYCrossReferenceSourceInfo Dynamically created class: java.io.Closeable 
87563      DEBUG main            d.u.i.k.p.i.AbstractProblemLoader Init config took 2.23s 
87577      INFO  main            d.u.i.k.p.i.AbstractProblemLoader Replaying proof continue2.key.proof 
87631      DEBUG main            d.u.i.k.p.i.IntermediateProofReplayer Proof replay took 51.09ms 
87632      DEBUG main            d.u.i.k.p.r.p.TestFile    ... success: reloaded. 
87634      INFO  main            d.u.i.k.p.r.p.TestFile    Now processing file /home/runner/work/key/key/key.core/../key.ui/examples/standard_key/java_dl/complexAssignment.key 
87634      INFO  main            d.u.i.k.p.i.AbstractProblemLoader Loading environment from /home/runner/work/key/key/key.core/../key.ui/examples/standard_key/java_dl/complexAssignment.key 
87634      DEBUG main            d.u.i.k.p.i.AbstractProblemLoader Environment load took 181.8ns 
87635      INFO  main            d.u.i.k.p.i.AbstractProblemLoader Creating init config 
89884      DEBUG main            d.u.i.k.p.i.AbstractProblemLoader Init config took 2.25s 
89898      INFO  main            d.u.i.k.p.i.AbstractProblemLoader Replaying proof complexAssignment.key 
89900      DEBUG main            d.u.i.k.p.i.IntermediateProofReplayer Proof replay took 6.3ns 
90002      INFO  main            d.u.i.k.p.r.p.TestFile    ... finished proof: closed. 
90238      INFO  main            d.u.i.k.p.i.AbstractProblemLoader Loading environment from /home/runner/work/key/key/key.core/../key.ui/examples/standard_key/java_dl/complexAssignment.key.proof 
90238      DEBUG main            d.u.i.k.p.i.AbstractProblemLoader Environment load took 94.3ns 
90239      INFO  main            d.u.i.k.p.i.AbstractProblemLoader Creating init config 
92414      DEBUG main            d.u.i.k.p.i.AbstractProblemLoader Init config took 2.17s 
92428      INFO  main            d.u.i.k.p.i.AbstractProblemLoader Replaying proof complexAssignment.key.proof 
92435      DEBUG main            d.u.i.k.p.i.IntermediateProofReplayer Proof replay took 5ms 
92436      DEBUG main            d.u.i.k.p.r.p.TestFile    ... success: reloaded. 
92436      INFO  main            d.u.i.k.p.r.p.TestFile    Now processing file /home/runner/work/key/key/key.core/../key.ui/examples/standard_key/java_dl/danglingElseSolution1.key 
92437      INFO  main            d.u.i.k.p.i.AbstractProblemLoader Loading environment from /home/runner/work/key/key/key.core/../key.ui/examples/standard_key/java_dl/danglingElseSolution1.key 
92437      DEBUG main            d.u.i.k.p.i.AbstractProblemLoader Environment load took 169.1ns 
92438      INFO  main            d.u.i.k.p.i.AbstractProblemLoader Creating init config 
94682      DEBUG main            d.u.i.k.p.i.AbstractProblemLoader Init config took 2.24s 
94696      INFO  main            d.u.i.k.p.i.AbstractProblemLoader Replaying proof danglingElseSolution1.key 
94697      DEBUG main            d.u.i.k.p.i.IntermediateProofReplayer Proof replay took 7.2ns 
94800      INFO  main            d.u.i.k.p.r.p.TestFile    ... finished proof: closed. 
95010      INFO  main            d.u.i.k.p.i.AbstractProblemLoader Loading environment from /home/runner/work/key/key/key.core/../key.ui/examples/standard_key/java_dl/danglingElseSolution1.key.proof 
95010      DEBUG main            d.u.i.k.p.i.AbstractProblemLoader Environment load took 99ns 
95011      INFO  main            d.u.i.k.p.i.AbstractProblemLoader Creating init config 
97190      DEBUG main            d.u.i.k.p.i.AbstractProblemLoader Init config took 2.18s 
97205      INFO  main            d.u.i.k.p.i.AbstractProblemLoader Replaying proof danglingElseSolution1.key.proof 
97213      DEBUG main            d.u.i.k.p.i.IntermediateProofReplayer Proof replay took 6.21ms 
97214      DEBUG main            d.u.i.k.p.r.p.TestFile    ... success: reloaded. 
97214      INFO  main            d.u.i.k.p.r.p.TestFile    Now processing file /home/runner/work/key/key/key.core/../key.ui/examples/standard_key/java_dl/danglingElseSolution2.key 
97215      INFO  main            d.u.i.k.p.i.AbstractProblemLoader Loading environment from /home/runner/work/key/key/key.core/../key.ui/examples/standard_key/java_dl/danglingElseSolution2.key 
97215      DEBUG main            d.u.i.k.p.i.AbstractProblemLoader Environment load took 136ns 
97216      INFO  main            d.u.i.k.p.i.AbstractProblemLoader Creating init config 
99441      DEBUG main            d.u.i.k.p.i.AbstractProblemLoader Init config took 2.23s 
99456      INFO  main            d.u.i.k.p.i.AbstractProblemLoader Replaying proof danglingElseSolution2.key 
99457      DEBUG main            d.u.i.k.p.i.IntermediateProofReplayer Proof replay took 5.7ns 
99561      INFO  main            d.u.i.k.p.r.p.TestFile    ... finished proof: closed. 
99780      INFO  main            d.u.i.k.p.i.AbstractProblemLoader Loading environment from /home/runner/work/key/key/key.core/../key.ui/examples/standard_key/java_dl/danglingElseSolution2.key.proof 
99780      DEBUG main            d.u.i.k.p.i.AbstractProblemLoader Environment load took 101.2ns 
99781      INFO  main            d.u.i.k.p.i.AbstractProblemLoader Creating init config 
101955     DEBUG main            d.u.i.k.p.i.AbstractProblemLoader Init config took 2.17s 
101969     INFO  main            d.u.i.k.p.i.AbstractProblemLoader Replaying proof danglingElseSolution2.key.proof 
101982     DEBUG main            d.u.i.k.p.i.IntermediateProofReplayer Proof replay took 8.95ms 
101983     DEBUG main            d.u.i.k.p.r.p.TestFile    ... success: reloaded. 
101984     INFO  main            d.u.i.k.p.r.p.TestFile    Now processing file /home/runner/work/key/key/key.core/../key.ui/examples/standard_key/java_dl/deepNonNull/deepNonNull0.key 
101985     INFO  main            d.u.i.k.p.i.AbstractProblemLoader Loading environment from /home/runner/work/key/key/key.core/../key.ui/examples/standard_key/java_dl/deepNonNull/deepNonNull0.key 
101985     DEBUG main            d.u.i.k.p.i.AbstractProblemLoader Environment load took 103.1ns 
101986     INFO  main            d.u.i.k.p.i.AbstractProblemLoader Creating init config 
104263     DEBUG main            d.u.i.k.p.i.AbstractProblemLoader Init config took 2.28s 
104315     INFO  main            d.u.i.k.p.i.AbstractProblemLoader Replaying proof Arrays[Arrays::get()].JML operation contract.0 
104316     DEBUG main            d.u.i.k.p.i.IntermediateProofReplayer Proof replay took 5.1ns 
104518     INFO  main            d.u.i.k.p.r.p.TestFile    ... finished proof: closed. 
104733     INFO  main            d.u.i.k.p.i.AbstractProblemLoader Loading environment from /home/runner/work/key/key/key.core/../key.ui/examples/standard_key/java_dl/deepNonNull/deepNonNull0.key.proof 
104734     DEBUG main            d.u.i.k.p.i.AbstractProblemLoader Environment load took 102.6ns 
104735     INFO  main            d.u.i.k.p.i.AbstractProblemLoader Creating init config 
107054     DEBUG main            d.u.i.k.p.i.AbstractProblemLoader Init config took 2.32s 
107091     INFO  main            d.u.i.k.p.i.AbstractProblemLoader Replaying proof Arrays[Arrays::get()].JML operation contract.0 
107108     DEBUG main            d.u.i.k.p.i.IntermediateProofReplayer Proof replay took 14.93ms 
107109     DEBUG main            d.u.i.k.p.r.p.TestFile    ... success: reloaded. 
107110     INFO  main            d.u.i.k.p.r.p.TestFile    Now processing file /home/runner/work/key/key/key.core/../key.ui/examples/standard_key/java_dl/deepNonNull/deepNonNull1.key 
107110     INFO  main            d.u.i.k.p.i.AbstractProblemLoader Loading environment from /home/runner/work/key/key/key.core/../key.ui/examples/standard_key/java_dl/deepNonNull/deepNonNull1.key 
107110     DEBUG main            d.u.i.k.p.i.AbstractProblemLoader Environment load took 74.5ns 
107111     INFO  main            d.u.i.k.p.i.AbstractProblemLoader Creating init config 
109386     DEBUG main            d.u.i.k.p.i.AbstractProblemLoader Init config took 2.28s 
109422     INFO  main            d.u.i.k.p.i.AbstractProblemLoader Replaying proof Arrays[Arrays::head()].JML operation contract.0 
109423     DEBUG main            d.u.i.k.p.i.IntermediateProofReplayer Proof replay took 5.3ns 
109625     INFO  main            d.u.i.k.p.r.p.TestFile    ... finished proof: closed. 
109854     INFO  main            d.u.i.k.p.i.AbstractProblemLoader Loading environment from /home/runner/work/key/key/key.core/../key.ui/examples/standard_key/java_dl/deepNonNull/deepNonNull1.key.proof 
109854     DEBUG main            d.u.i.k.p.i.AbstractProblemLoader Environment load took 93ns 
109855     INFO  main            d.u.i.k.p.i.AbstractProblemLoader Creating init config 
112089     DEBUG main            d.u.i.k.p.i.AbstractProblemLoader Init config took 2.23s 
112123     INFO  main            d.u.i.k.p.i.AbstractProblemLoader Replaying proof Arrays[Arrays::head()].JML operation contract.0 
112142     DEBUG main            d.u.i.k.p.i.IntermediateProofReplayer Proof replay took 15.94ms 
112143     DEBUG main            d.u.i.k.p.r.p.TestFile    ... success: reloaded. 
112143     INFO  main            d.u.i.k.p.r.p.TestFile    Now processing file /home/runner/work/key/key/key.core/../key.ui/examples/standard_key/java_dl/deepNonNull/deepNonNull2.key 
112144     INFO  main            d.u.i.k.p.i.AbstractProblemLoader Loading environment from /home/runner/work/key/key/key.core/../key.ui/examples/standard_key/java_dl/deepNonNull/deepNonNull2.key 
112144     DEBUG main            d.u.i.k.p.i.AbstractProblemLoader Environment load took 163.2ns 
112145     INFO  main            d.u.i.k.p.i.AbstractProblemLoader Creating init config 
114486     DEBUG main            d.u.i.k.p.i.AbstractProblemLoader Init config took 2.34s 
114520     INFO  main            d.u.i.k.p.i.AbstractProblemLoader Replaying proof Arrays[Arrays::unprovable(java.lang.Object)].JML operation contract.0 
114521     DEBUG main            d.u.i.k.p.i.IntermediateProofReplayer Proof replay took 5.4ns 
114626     INFO  main            d.u.i.k.p.r.p.TestFile    ... finished proof: open goal(s) 
114854     INFO  main            d.u.i.k.p.r.p.TestFile    Now processing file /home/runner/work/key/key/key.core/../key.ui/examples/standard_key/java_dl/deepNonNull/deepNonNull3.key 
114854     INFO  main            d.u.i.k.p.i.AbstractProblemLoader Loading environment from /home/runner/work/key/key/key.core/../key.ui/examples/standard_key/java_dl/deepNonNull/deepNonNull3.key 
114854     DEBUG main            d.u.i.k.p.i.AbstractProblemLoader Environment load took 54.5ns 
114856     INFO  main            d.u.i.k.p.i.AbstractProblemLoader Creating init config 
117090     DEBUG main            d.u.i.k.p.i.AbstractProblemLoader Init config took 2.23s 
117125     INFO  main            d.u.i.k.p.i.AbstractProblemLoader Replaying proof Arrays[Arrays::head([[[[Ljava.lang.Object)].JML operation contract.0 
117126     DEBUG main            d.u.i.k.p.i.IntermediateProofReplayer Proof replay took 5.2ns 
117933     INFO  main            d.u.i.k.p.r.p.TestFile    ... finished proof: closed. 
118276     INFO  main            d.u.i.k.p.i.AbstractProblemLoader Loading environment from /home/runner/work/key/key/key.core/../key.ui/examples/standard_key/java_dl/deepNonNull/deepNonNull3.key.proof 
118278     DEBUG main            d.u.i.k.p.i.AbstractProblemLoader Environment load took 1.45ms 
118279     INFO  main            d.u.i.k.p.i.AbstractProblemLoader Creating init config 
120542     DEBUG main            d.u.i.k.p.i.AbstractProblemLoader Init config took 2.26s 
120579     INFO  main            d.u.i.k.p.i.AbstractProblemLoader Replaying proof Arrays[Arrays::head([[[[Ljava.lang.Object)].JML operation contract.0 
120642     DEBUG main            d.u.i.k.p.i.IntermediateProofReplayer Proof replay took 57.13ms 
120643     DEBUG main            d.u.i.k.p.r.p.TestFile    ... success: reloaded. 
120643     INFO  main            d.u.i.k.p.r.p.TestFile    Now processing file /home/runner/work/key/key/key.core/../key.ui/examples/standard_key/java_dl/exceptions.key 
120645     INFO  main            d.u.i.k.p.i.AbstractProblemLoader Loading environment from /home/runner/work/key/key/key.core/../key.ui/examples/standard_key/java_dl/exceptions.key 
120646     DEBUG main            d.u.i.k.p.i.AbstractProblemLoader Environment load took 980.79ns 
120647     INFO  main            d.u.i.k.p.i.AbstractProblemLoader Creating init config 
120667     WARN  main            d.u.i.k.j.r.KeYCrossReferenceNameInfo Datatype java.io.PrintStream declared twice: Once in FILE:/home/runner/work/key/key/key.core/../key.ui/examples/standard_key/java_dl/classpath/PrintStream.java and once in URL:file:/home/runner/work/key/key/key.core/build/resources/main/de/uka/ilkd/key/java/JavaRedux/java/io/PrintStream.java, Keeping one from URL:file:/home/runner/work/key/key/key.core/build/resources/main/de/uka/ilkd/key/java/JavaRedux/java/io/PrintStream.java 
120669     WARN  main            d.u.i.k.j.r.KeYCrossReferenceNameInfo Datatype java.lang.System declared twice: Once in FILE:/home/runner/work/key/key/key.core/../key.ui/examples/standard_key/java_dl/classpath/System.java and once in URL:file:/home/runner/work/key/key/key.core/build/resources/main/de/uka/ilkd/key/java/JavaRedux/java/lang/System.java, Keeping one from URL:file:/home/runner/work/key/key/key.core/build/resources/main/de/uka/ilkd/key/java/JavaRedux/java/lang/System.java 
120674     WARN  main            d.u.i.k.j.r.KeYCrossReferenceNameInfo Datatype java.io.InputStream declared twice: Once in FILE:/home/runner/work/key/key/key.core/../key.ui/examples/standard_key/java_dl/classpath/InputStream.java and once in URL:file:/home/runner/work/key/key/key.core/build/resources/main/de/uka/ilkd/key/java/JavaRedux/java/io/InputStream.java, Keeping one from URL:file:/home/runner/work/key/key/key.core/build/resources/main/de/uka/ilkd/key/java/JavaRedux/java/io/InputStream.java 
120678     DEBUG main            d.u.i.k.j.r.ClassFileDeclarationBuilder Parsing: package java.io; public class Closeable { } 
120678     DEBUG main            r.s.KeYCrossReferenceSourceInfo Dynamically created class: java.io.Closeable 
122958     DEBUG main            d.u.i.k.p.i.AbstractProblemLoader Init config took 2.31s 
122972     INFO  main            d.u.i.k.p.i.AbstractProblemLoader Replaying proof exceptions.key 
122973     DEBUG main            d.u.i.k.p.i.IntermediateProofReplayer Proof replay took 6.1ns 
123176     INFO  main            d.u.i.k.p.r.p.TestFile    ... finished proof: closed. 
123420     INFO  main            d.u.i.k.p.i.AbstractProblemLoader Loading environment from /home/runner/work/key/key/key.core/../key.ui/examples/standard_key/java_dl/exceptions.key.proof 
123420     DEBUG main            d.u.i.k.p.i.AbstractProblemLoader Environment load took 86.6ns 
123421     INFO  main            d.u.i.k.p.i.AbstractProblemLoader Creating init config 
123444     WARN  main            d.u.i.k.j.r.KeYCrossReferenceNameInfo Datatype java.io.PrintStream declared twice: Once in FILE:/home/runner/work/key/key/key.core/../key.ui/examples/standard_key/java_dl/classpath/PrintStream.java and once in URL:file:/home/runner/work/key/key/key.core/build/resources/main/de/uka/ilkd/key/java/JavaRedux/java/io/PrintStream.java, Keeping one from URL:file:/home/runner/work/key/key/key.core/build/resources/main/de/uka/ilkd/key/java/JavaRedux/java/io/PrintStream.java 
123445     WARN  main            d.u.i.k.j.r.KeYCrossReferenceNameInfo Datatype java.lang.System declared twice: Once in FILE:/home/runner/work/key/key/key.core/../key.ui/examples/standard_key/java_dl/classpath/System.java and once in URL:file:/home/runner/work/key/key/key.core/build/resources/main/de/uka/ilkd/key/java/JavaRedux/java/lang/System.java, Keeping one from URL:file:/home/runner/work/key/key/key.core/build/resources/main/de/uka/ilkd/key/java/JavaRedux/java/lang/System.java 
123445     WARN  main            d.u.i.k.j.r.KeYCrossReferenceNameInfo Datatype java.io.InputStream declared twice: Once in FILE:/home/runner/work/key/key/key.core/../key.ui/examples/standard_key/java_dl/classpath/InputStream.java and once in URL:file:/home/runner/work/key/key/key.core/build/resources/main/de/uka/ilkd/key/java/JavaRedux/java/io/InputStream.java, Keeping one from URL:file:/home/runner/work/key/key/key.core/build/resources/main/de/uka/ilkd/key/java/JavaRedux/java/io/InputStream.java 
123448     DEBUG main            d.u.i.k.j.r.ClassFileDeclarationBuilder Parsing: package java.io; public class Closeable { } 
123448     DEBUG main            r.s.KeYCrossReferenceSourceInfo Dynamically created class: java.io.Closeable 
125639     DEBUG main            d.u.i.k.p.i.AbstractProblemLoader Init config took 2.22s 
125652     INFO  main            d.u.i.k.p.i.AbstractProblemLoader Replaying proof exceptions.key.proof 
125683     DEBUG main            d.u.i.k.p.i.IntermediateProofReplayer Proof replay took 28.53ms 
125684     DEBUG main            d.u.i.k.p.r.p.TestFile    ... success: reloaded. 
125685     INFO  main            d.u.i.k.p.r.p.TestFile    Now processing file /home/runner/work/key/key/key.core/../key.ui/examples/standard_key/java_dl/exceptions1.key 
125685     INFO  main            d.u.i.k.p.i.AbstractProblemLoader Loading environment from /home/runner/work/key/key/key.core/../key.ui/examples/standard_key/java_dl/exceptions1.key 
125685     DEBUG main            d.u.i.k.p.i.AbstractProblemLoader Environment load took 69.8ns 
125686     INFO  main            d.u.i.k.p.i.AbstractProblemLoader Creating init config 
127895     DEBUG main            d.u.i.k.p.i.AbstractProblemLoader Init config took 2.21s 
127909     INFO  main            d.u.i.k.p.i.AbstractProblemLoader Replaying proof exceptions1.key 
127911     DEBUG main            d.u.i.k.p.i.IntermediateProofReplayer Proof replay took 6.1ns 
128013     INFO  main            d.u.i.k.p.r.p.TestFile    ... finished proof: closed. 
128262     INFO  main            d.u.i.k.p.i.AbstractProblemLoader Loading environment from /home/runner/work/key/key/key.core/../key.ui/examples/standard_key/java_dl/exceptions1.key.proof 
128262     DEBUG main            d.u.i.k.p.i.AbstractProblemLoader Environment load took 80.9ns 
128266     INFO  main            d.u.i.k.p.i.AbstractProblemLoader Creating init config 
130426     DEBUG main            d.u.i.k.p.i.AbstractProblemLoader Init config took 2.16s 
130440     INFO  main            d.u.i.k.p.i.AbstractProblemLoader Replaying proof exceptions1.key.proof 
130477     DEBUG main            d.u.i.k.p.i.IntermediateProofReplayer Proof replay took 32.32ms 
130477     DEBUG main            d.u.i.k.p.r.p.TestFile    ... success: reloaded. 
130478     INFO  main            d.u.i.k.p.r.p.TestFile    Now processing file /home/runner/work/key/key/key.core/../key.ui/examples/standard_key/java_dl/exceptions2.key 
130479     INFO  main            d.u.i.k.p.i.AbstractProblemLoader Loading environment from /home/runner/work/key/key/key.core/../key.ui/examples/standard_key/java_dl/exceptions2.key 
130479     DEBUG main            d.u.i.k.p.i.AbstractProblemLoader Environment load took 106.1ns 
130482     INFO  main            d.u.i.k.p.i.AbstractProblemLoader Creating init config 
132707     DEBUG main            d.u.i.k.p.i.AbstractProblemLoader Init config took 2.23s 
132721     INFO  main            d.u.i.k.p.i.AbstractProblemLoader Replaying proof exceptions2.key 
132723     DEBUG main            d.u.i.k.p.i.IntermediateProofReplayer Proof replay took 7ns 
132928     INFO  main            d.u.i.k.p.r.p.TestFile    ... finished proof: closed. 
133166     INFO  main            d.u.i.k.p.i.AbstractProblemLoader Loading environment from /home/runner/work/key/key/key.core/../key.ui/examples/standard_key/java_dl/exceptions2.key.proof 
133166     DEBUG main            d.u.i.k.p.i.AbstractProblemLoader Environment load took 87.7ns 
133170     INFO  main            d.u.i.k.p.i.AbstractProblemLoader Creating init config 
135326     DEBUG main            d.u.i.k.p.i.AbstractProblemLoader Init config took 2.16s 
135339     INFO  main            d.u.i.k.p.i.AbstractProblemLoader Replaying proof exceptions2.key.proof 
135366     DEBUG main            d.u.i.k.p.i.IntermediateProofReplayer Proof replay took 24.51ms 
135367     DEBUG main            d.u.i.k.p.r.p.TestFile    ... success: reloaded. 
135368     INFO  main            d.u.i.k.p.r.p.TestFile    Now processing file /home/runner/work/key/key/key.core/../key.ui/examples/standard_key/java_dl/exceptions3.key 
135368     INFO  main            d.u.i.k.p.i.AbstractProblemLoader Loading environment from /home/runner/work/key/key/key.core/../key.ui/examples/standard_key/java_dl/exceptions3.key 
135368     DEBUG main            d.u.i.k.p.i.AbstractProblemLoader Environment load took 68.1ns 
135369     INFO  main            d.u.i.k.p.i.AbstractProblemLoader Creating init config 
135395     WARN  main            d.u.i.k.j.r.KeYCrossReferenceNameInfo Datatype java.io.PrintStream declared twice: Once in FILE:/home/runner/work/key/key/key.core/../key.ui/examples/standard_key/java_dl/classpath/PrintStream.java and once in URL:file:/home/runner/work/key/key/key.core/build/resources/main/de/uka/ilkd/key/java/JavaRedux/java/io/PrintStream.java, Keeping one from URL:file:/home/runner/work/key/key/key.core/build/resources/main/de/uka/ilkd/key/java/JavaRedux/java/io/PrintStream.java 
135396     WARN  main            d.u.i.k.j.r.KeYCrossReferenceNameInfo Datatype java.lang.System declared twice: Once in FILE:/home/runner/work/key/key/key.core/../key.ui/examples/standard_key/java_dl/classpath/System.java and once in URL:file:/home/runner/work/key/key/key.core/build/resources/main/de/uka/ilkd/key/java/JavaRedux/java/lang/System.java, Keeping one from URL:file:/home/runner/work/key/key/key.core/build/resources/main/de/uka/ilkd/key/java/JavaRedux/java/lang/System.java 
135396     WARN  main            d.u.i.k.j.r.KeYCrossReferenceNameInfo Datatype java.io.InputStream declared twice: Once in FILE:/home/runner/work/key/key/key.core/../key.ui/examples/standard_key/java_dl/classpath/InputStream.java and once in URL:file:/home/runner/work/key/key/key.core/build/resources/main/de/uka/ilkd/key/java/JavaRedux/java/io/InputStream.java, Keeping one from URL:file:/home/runner/work/key/key/key.core/build/resources/main/de/uka/ilkd/key/java/JavaRedux/java/io/InputStream.java 
135399     DEBUG main            d.u.i.k.j.r.ClassFileDeclarationBuilder Parsing: package java.io; public class Closeable { } 
135399     DEBUG main            r.s.KeYCrossReferenceSourceInfo Dynamically created class: java.io.Closeable 
137702     DEBUG main            d.u.i.k.p.i.AbstractProblemLoader Init config took 2.33s 
137716     INFO  main            d.u.i.k.p.i.AbstractProblemLoader Replaying proof exceptions3.key 
137717     DEBUG main            d.u.i.k.p.i.IntermediateProofReplayer Proof replay took 5.9ns 
137820     INFO  main            d.u.i.k.p.r.p.TestFile    ... finished proof: closed. 
138075     INFO  main            d.u.i.k.p.i.AbstractProblemLoader Loading environment from /home/runner/work/key/key/key.core/../key.ui/examples/standard_key/java_dl/exceptions3.key.proof 
138075     DEBUG main            d.u.i.k.p.i.AbstractProblemLoader Environment load took 82.8ns 
138076     INFO  main            d.u.i.k.p.i.AbstractProblemLoader Creating init config 
138100     WARN  main            d.u.i.k.j.r.KeYCrossReferenceNameInfo Datatype java.io.PrintStream declared twice: Once in FILE:/home/runner/work/key/key/key.core/../key.ui/examples/standard_key/java_dl/classpath/PrintStream.java and once in URL:file:/home/runner/work/key/key/key.core/build/resources/main/de/uka/ilkd/key/java/JavaRedux/java/io/PrintStream.java, Keeping one from URL:file:/home/runner/work/key/key/key.core/build/resources/main/de/uka/ilkd/key/java/JavaRedux/java/io/PrintStream.java 
138101     WARN  main            d.u.i.k.j.r.KeYCrossReferenceNameInfo Datatype java.lang.System declared twice: Once in FILE:/home/runner/work/key/key/key.core/../key.ui/examples/standard_key/java_dl/classpath/System.java and once in URL:file:/home/runner/work/key/key/key.core/build/resources/main/de/uka/ilkd/key/java/JavaRedux/java/lang/System.java, Keeping one from URL:file:/home/runner/work/key/key/key.core/build/resources/main/de/uka/ilkd/key/java/JavaRedux/java/lang/System.java 
138101     WARN  main            d.u.i.k.j.r.KeYCrossReferenceNameInfo Datatype java.io.InputStream declared twice: Once in FILE:/home/runner/work/key/key/key.core/../key.ui/examples/standard_key/java_dl/classpath/InputStream.java and once in URL:file:/home/runner/work/key/key/key.core/build/resources/main/de/uka/ilkd/key/java/JavaRedux/java/io/InputStream.java, Keeping one from URL:file:/home/runner/work/key/key/key.core/build/resources/main/de/uka/ilkd/key/java/JavaRedux/java/io/InputStream.java 
138104     DEBUG main            d.u.i.k.j.r.ClassFileDeclarationBuilder Parsing: package java.io; public class Closeable { } 
138104     DEBUG main            r.s.KeYCrossReferenceSourceInfo Dynamically created class: java.io.Closeable 
140311     DEBUG main            d.u.i.k.p.i.AbstractProblemLoader Init config took 2.23s 
140325     INFO  main            d.u.i.k.p.i.AbstractProblemLoader Replaying proof exceptions3.key.proof 
140331     DEBUG main            d.u.i.k.p.i.IntermediateProofReplayer Proof replay took 2.78ms 
140332     DEBUG main            d.u.i.k.p.r.p.TestFile    ... success: reloaded. 
140334     INFO  main            d.u.i.k.p.r.p.TestFile    Now processing file /home/runner/work/key/key/key.core/../key.ui/examples/standard_key/java_dl/exchange.key 
140335     INFO  main            d.u.i.k.p.i.AbstractProblemLoader Loading environment from /home/runner/work/key/key/key.core/../key.ui/examples/standard_key/java_dl/exchange.key 
140335     DEBUG main            d.u.i.k.p.i.AbstractProblemLoader Environment load took 175.9ns 
140336     INFO  main            d.u.i.k.p.i.AbstractProblemLoader Creating init config 
142526     DEBUG main            d.u.i.k.p.i.AbstractProblemLoader Init config took 2.19s 
142540     INFO  main            d.u.i.k.p.i.AbstractProblemLoader Replaying proof exchange.key 
142541     DEBUG main            d.u.i.k.p.i.IntermediateProofReplayer Proof replay took 7.5ns 
142644     INFO  main            d.u.i.k.p.r.p.TestFile    ... finished proof: closed. 
142901     INFO  main            d.u.i.k.p.i.AbstractProblemLoader Loading environment from /home/runner/work/key/key/key.core/../key.ui/examples/standard_key/java_dl/exchange.key.proof 
142901     DEBUG main            d.u.i.k.p.i.AbstractProblemLoader Environment load took 98.1ns 
142902     INFO  main            d.u.i.k.p.i.AbstractProblemLoader Creating init config 
145043     DEBUG main            d.u.i.k.p.i.AbstractProblemLoader Init config took 2.14s 
145057     INFO  main            d.u.i.k.p.i.AbstractProblemLoader Replaying proof exchange.key.proof 
145061     DEBUG main            d.u.i.k.p.i.IntermediateProofReplayer Proof replay took 2.19ms 
145062     DEBUG main            d.u.i.k.p.r.p.TestFile    ... success: reloaded. 
145062     INFO  main            d.u.i.k.p.r.p.TestFile    Now processing file /home/runner/work/key/key/key.core/../key.ui/examples/standard_key/java_dl/if.key 
145063     INFO  main            d.u.i.k.p.i.AbstractProblemLoader Loading environment from /home/runner/work/key/key/key.core/../key.ui/examples/standard_key/java_dl/if.key 
145063     DEBUG main            d.u.i.k.p.i.AbstractProblemLoader Environment load took 150.8ns 
145064     INFO  main            d.u.i.k.p.i.AbstractProblemLoader Creating init config 
147258     DEBUG main            d.u.i.k.p.i.AbstractProblemLoader Init config took 2.19s 
147270     INFO  main            d.u.i.k.p.i.AbstractProblemLoader Replaying proof if.key 
147271     DEBUG main            d.u.i.k.p.i.IntermediateProofReplayer Proof replay took 6.1ns 
147374     INFO  main            d.u.i.k.p.r.p.TestFile    ... finished proof: closed. 
147716     INFO  main            d.u.i.k.p.i.AbstractProblemLoader Loading environment from /home/runner/work/key/key/key.core/../key.ui/examples/standard_key/java_dl/if.key.proof 
147716     DEBUG main            d.u.i.k.p.i.AbstractProblemLoader Environment load took 87.4ns 
147717     INFO  main            d.u.i.k.p.i.AbstractProblemLoader Creating init config 
149864     DEBUG main            d.u.i.k.p.i.AbstractProblemLoader Init config took 2.15s 
149878     INFO  main            d.u.i.k.p.i.AbstractProblemLoader Replaying proof if.key.proof 
149881     DEBUG main            d.u.i.k.p.i.IntermediateProofReplayer Proof replay took 2.16ms 
149882     DEBUG main            d.u.i.k.p.r.p.TestFile    ... success: reloaded. 
149882     INFO  main            d.u.i.k.p.r.p.TestFile    Now processing file /home/runner/work/key/key/key.core/../key.ui/examples/standard_key/java_dl/incrementcounter.key 
149883     INFO  main            d.u.i.k.p.i.AbstractProblemLoader Loading environment from /home/runner/work/key/key/key.core/../key.ui/examples/standard_key/java_dl/incrementcounter.key 
149883     DEBUG main            d.u.i.k.p.i.AbstractProblemLoader Environment load took 45.8ns 
149883     INFO  main            d.u.i.k.p.i.AbstractProblemLoader Creating init config 
152066     DEBUG main            d.u.i.k.p.i.AbstractProblemLoader Init config took 2.18s 
152079     INFO  main            d.u.i.k.p.i.AbstractProblemLoader Replaying proof incrementcounter.key 
152080     DEBUG main            d.u.i.k.p.i.IntermediateProofReplayer Proof replay took 6.6ns 
152182     INFO  main            d.u.i.k.p.r.p.TestFile    ... finished proof: closed. 
152453     INFO  main            d.u.i.k.p.i.AbstractProblemLoader Loading environment from /home/runner/work/key/key/key.core/../key.ui/examples/standard_key/java_dl/incrementcounter.key.proof 
152453     DEBUG main            d.u.i.k.p.i.AbstractProblemLoader Environment load took 80.2ns 
152454     INFO  main            d.u.i.k.p.i.AbstractProblemLoader Creating init config 
154604     DEBUG main            d.u.i.k.p.i.AbstractProblemLoader Init config took 2.15s 
154617     INFO  main            d.u.i.k.p.i.AbstractProblemLoader Replaying proof incrementcounter.key.proof 
154620     DEBUG main            d.u.i.k.p.i.IntermediateProofReplayer Proof replay took 1.38ms 
154621     DEBUG main            d.u.i.k.p.r.p.TestFile    ... success: reloaded. 
154621     INFO  main            d.u.i.k.p.r.p.TestFile    Now processing file /home/runner/work/key/key/key.core/../key.ui/examples/standard_key/java_dl/danglingElse.key 
154621     INFO  main            d.u.i.k.p.i.AbstractProblemLoader Loading environment from /home/runner/work/key/key/key.core/../key.ui/examples/standard_key/java_dl/danglingElse.key 
154621     DEBUG main            d.u.i.k.p.i.AbstractProblemLoader Environment load took 67.9ns 
154622     INFO  main            d.u.i.k.p.i.AbstractProblemLoader Creating init config 
156816     DEBUG main            d.u.i.k.p.i.AbstractProblemLoader Init config took 2.19s 
156829     INFO  main            d.u.i.k.p.i.AbstractProblemLoader Replaying proof danglingElse.key 
156831     DEBUG main            d.u.i.k.p.i.IntermediateProofReplayer Proof replay took 6.2ns 
156936     INFO  main            d.u.i.k.p.r.p.TestFile    ... finished proof: open goal(s) 
157211     INFO  main            d.u.i.k.p.r.p.TestFile    Now processing file /home/runner/work/key/key/key.core/../key.ui/examples/standard_key/java_dl/iteratedAssignment.key 
157211     INFO  main            d.u.i.k.p.i.AbstractProblemLoader Loading environment from /home/runner/work/key/key/key.core/../key.ui/examples/standard_key/java_dl/iteratedAssignment.key 
157211     DEBUG main            d.u.i.k.p.i.AbstractProblemLoader Environment load took 83.2ns 
157213     INFO  main            d.u.i.k.p.i.AbstractProblemLoader Creating init config 
159362     DEBUG main            d.u.i.k.p.i.AbstractProblemLoader Init config took 2.15s 
159376     INFO  main            d.u.i.k.p.i.AbstractProblemLoader Replaying proof iteratedAssignment.key 
159378     DEBUG main            d.u.i.k.p.i.IntermediateProofReplayer Proof replay took 6.6ns 
159681     INFO  main            d.u.i.k.p.r.p.TestFile    ... finished proof: closed. 
159960     INFO  main            d.u.i.k.p.i.AbstractProblemLoader Loading environment from /home/runner/work/key/key/key.core/../key.ui/examples/standard_key/java_dl/iteratedAssignment.key.proof 
159961     DEBUG main            d.u.i.k.p.i.AbstractProblemLoader Environment load took 102.4ns 
159962     INFO  main            d.u.i.k.p.i.AbstractProblemLoader Creating init config 
162121     DEBUG main            d.u.i.k.p.i.AbstractProblemLoader Init config took 2.16s 
162135     INFO  main            d.u.i.k.p.i.AbstractProblemLoader Replaying proof iteratedAssignment.key.proof 
162181     DEBUG main            d.u.i.k.p.i.IntermediateProofReplayer Proof replay took 43.03ms 
162182     DEBUG main            d.u.i.k.p.r.p.TestFile    ... success: reloaded. 
162183     INFO  main            d.u.i.k.p.r.p.TestFile    Now processing file /home/runner/work/key/key/key.core/../key.ui/examples/standard_key/java_dl/assert/assert1.key 
162183     INFO  main            d.u.i.k.p.i.AbstractProblemLoader Loading environment from /home/runner/work/key/key/key.core/../key.ui/examples/standard_key/java_dl/assert/assert1.key 
162183     DEBUG main            d.u.i.k.p.i.AbstractProblemLoader Environment load took 64.5ns 
162184     INFO  main            d.u.i.k.p.i.AbstractProblemLoader Creating init config 
164408     DEBUG main            d.u.i.k.p.i.AbstractProblemLoader Init config took 2.22s 
164441     INFO  main            d.u.i.k.p.i.AbstractProblemLoader Replaying proof C[C::foo()].JML normal_behavior operation contract.0 
164443     DEBUG main            d.u.i.k.p.i.IntermediateProofReplayer Proof replay took 6.4ns 
164548     INFO  main            d.u.i.k.p.r.p.TestFile    ... finished proof: open goal(s) 
164854     INFO  main            d.u.i.k.p.r.p.TestFile    Now processing file /home/runner/work/key/key/key.core/../key.ui/examples/standard_key/java_dl/assert/assert2.key 
164854     INFO  main            d.u.i.k.p.i.AbstractProblemLoader Loading environment from /home/runner/work/key/key/key.core/../key.ui/examples/standard_key/java_dl/assert/assert2.key 
164854     DEBUG main            d.u.i.k.p.i.AbstractProblemLoader Environment load took 44.6ns 
164856     INFO  main            d.u.i.k.p.i.AbstractProblemLoader Creating init config 
167052     DEBUG main            d.u.i.k.p.i.AbstractProblemLoader Init config took 2.2s 
167090     INFO  main            d.u.i.k.p.i.AbstractProblemLoader Replaying proof C[C::bar()].JML exceptional_behavior operation contract.0 
167092     DEBUG main            d.u.i.k.p.i.IntermediateProofReplayer Proof replay took 6ns 
167294     INFO  main            d.u.i.k.p.r.p.TestFile    ... finished proof: closed. 
167573     INFO  main            d.u.i.k.p.i.AbstractProblemLoader Loading environment from /home/runner/work/key/key/key.core/../key.ui/examples/standard_key/java_dl/assert/assert2.key.proof 
167573     DEBUG main            d.u.i.k.p.i.AbstractProblemLoader Environment load took 82.4ns 
167574     INFO  main            d.u.i.k.p.i.AbstractProblemLoader Creating init config 
169766     DEBUG main            d.u.i.k.p.i.AbstractProblemLoader Init config took 2.19s 
169798     INFO  main            d.u.i.k.p.i.AbstractProblemLoader Replaying proof C[C::bar()].JML exceptional_behavior operation contract.0 
169827     DEBUG main            d.u.i.k.p.i.IntermediateProofReplayer Proof replay took 26.34ms 
169827     DEBUG main            d.u.i.k.p.r.p.TestFile    ... success: reloaded. 
169828     INFO  main            d.u.i.k.p.r.p.TestFile    Now processing file /home/runner/work/key/key/key.core/../key.ui/examples/standard_key/java_dl/assert/assert3.key 
169828     INFO  main            d.u.i.k.p.i.AbstractProblemLoader Loading environment from /home/runner/work/key/key/key.core/../key.ui/examples/standard_key/java_dl/assert/assert3.key 
169828     DEBUG main            d.u.i.k.p.i.AbstractProblemLoader Environment load took 63.2ns 
169829     INFO  main            d.u.i.k.p.i.AbstractProblemLoader Creating init config 
172057     DEBUG main            d.u.i.k.p.i.AbstractProblemLoader Init config took 2.23s 
172110     INFO  main            d.u.i.k.p.i.AbstractProblemLoader Replaying proof C[C::foo()].JML normal_behavior operation contract.0 
172112     DEBUG main            d.u.i.k.p.i.IntermediateProofReplayer Proof replay took 6.1ns 
172214     INFO  main            d.u.i.k.p.r.p.TestFile    ... finished proof: open goal(s) 
172509     INFO  main            d.u.i.k.p.r.p.TestFile    Now processing file /home/runner/work/key/key/key.core/../key.ui/examples/standard_key/java_dl/java5/vararg.key 
172510     INFO  main            d.u.i.k.p.i.AbstractProblemLoader Loading environment from /home/runner/work/key/key/key.core/../key.ui/examples/standard_key/java_dl/java5/vararg.key 
172510     DEBUG main            d.u.i.k.p.i.AbstractProblemLoader Environment load took 49.9ns 
172511     INFO  main            d.u.i.k.p.i.AbstractProblemLoader Creating init config 
173320     DEBUG main            d.u.i.k.j.r.ClassPreparationMethodBuilder clPrepBuilder: Inner Class detected. Reject building class initialisation methods. 
174990     DEBUG main            d.u.i.k.p.i.AbstractProblemLoader Init config took 2.48s 
175014     INFO  main            d.u.i.k.p.i.AbstractProblemLoader Replaying proof vararg.key 
175015     DEBUG main            d.u.i.k.p.i.IntermediateProofReplayer Proof replay took 7.4ns 
176120     INFO  main            d.u.i.k.p.r.p.TestFile    ... finished proof: closed. 
176443     INFO  main            d.u.i.k.p.i.AbstractProblemLoader Loading environment from /home/runner/work/key/key/key.core/../key.ui/examples/standard_key/java_dl/java5/vararg.key.proof 
176443     DEBUG main            d.u.i.k.p.i.AbstractProblemLoader Environment load took 306.4ns 
176445     INFO  main            d.u.i.k.p.i.AbstractProblemLoader Creating init config 
177210     DEBUG main            d.u.i.k.j.r.ClassPreparationMethodBuilder clPrepBuilder: Inner Class detected. Reject building class initialisation methods. 
178887     DEBUG main            d.u.i.k.p.i.AbstractProblemLoader Init config took 2.44s 
178915     INFO  main            d.u.i.k.p.i.AbstractProblemLoader Replaying proof vararg.key.proof 
179161     DEBUG main            d.u.i.k.p.i.IntermediateProofReplayer Proof replay took 234.87ms 
179162     DEBUG main            d.u.i.k.p.r.p.TestFile    ... success: reloaded. 
179163     INFO  main            d.u.i.k.p.r.p.TestFile    Now processing file /home/runner/work/key/key/key.core/../key.ui/examples/standard_key/java_dl/java5/for_Array.key 
179164     INFO  main            d.u.i.k.p.i.AbstractProblemLoader Loading environment from /home/runner/work/key/key/key.core/../key.ui/examples/standard_key/java_dl/java5/for_Array.key 
179164     DEBUG main            d.u.i.k.p.i.AbstractProblemLoader Environment load took 148.2ns 
179164     INFO  main            d.u.i.k.p.i.AbstractProblemLoader Creating init config 
179977     DEBUG main            d.u.i.k.j.r.ClassPreparationMethodBuilder clPrepBuilder: Inner Class detected. Reject building class initialisation methods. 
181627     DEBUG main            d.u.i.k.p.i.AbstractProblemLoader Init config took 2.46s 
181675     INFO  main            d.u.i.k.p.i.AbstractProblemLoader Replaying proof For[For::sum([I)].JML operation contract.0 
181676     DEBUG main            d.u.i.k.p.i.IntermediateProofReplayer Proof replay took 6.7ns 
181979     INFO  main            d.u.i.k.p.r.p.TestFile    ... finished proof: closed. 
182338     INFO  main            d.u.i.k.p.i.AbstractProblemLoader Loading environment from /home/runner/work/key/key/key.core/../key.ui/examples/standard_key/java_dl/java5/for_Array.key.proof 
182338     DEBUG main            d.u.i.k.p.i.AbstractProblemLoader Environment load took 100.9ns 
182339     INFO  main            d.u.i.k.p.i.AbstractProblemLoader Creating init config 
183085     DEBUG main            d.u.i.k.j.r.ClassPreparationMethodBuilder clPrepBuilder: Inner Class detected. Reject building class initialisation methods. 
184688     DEBUG main            d.u.i.k.p.i.AbstractProblemLoader Init config took 2.35s 
184750     INFO  main            d.u.i.k.p.i.AbstractProblemLoader Replaying proof For[For::sum([I)].JML operation contract.0 
184811     DEBUG main            d.u.i.k.p.i.IntermediateProofReplayer Proof replay took 58.06ms 
184812     DEBUG main            d.u.i.k.p.r.p.TestFile    ... success: reloaded. 
184813     INFO  main            d.u.i.k.p.r.p.TestFile    Now processing file /home/runner/work/key/key/key.core/../key.ui/examples/standard_key/java_dl/java5/for_Iterable.key 
184813     INFO  main            d.u.i.k.p.i.AbstractProblemLoader Loading environment from /home/runner/work/key/key/key.core/../key.ui/examples/standard_key/java_dl/java5/for_Iterable.key 
184813     DEBUG main            d.u.i.k.p.i.AbstractProblemLoader Environment load took 150.4ns 
184814     INFO  main            d.u.i.k.p.i.AbstractProblemLoader Creating init config 
185568     DEBUG main            d.u.i.k.j.r.ClassPreparationMethodBuilder clPrepBuilder: Inner Class detected. Reject building class initialisation methods. 
187203     DEBUG main            d.u.i.k.p.i.AbstractProblemLoader Init config took 2.39s 
187252     INFO  main            d.u.i.k.p.i.AbstractProblemLoader Replaying proof For[For::infiniteLoop(For)].JML operation contract.0 
187254     DEBUG main            d.u.i.k.p.i.IntermediateProofReplayer Proof replay took 6.8ns 
187456     INFO  main            d.u.i.k.p.r.p.TestFile    ... finished proof: closed. 
187825     INFO  main            d.u.i.k.p.i.AbstractProblemLoader Loading environment from /home/runner/work/key/key/key.core/../key.ui/examples/standard_key/java_dl/java5/for_Iterable.key.proof 
187825     DEBUG main            d.u.i.k.p.i.AbstractProblemLoader Environment load took 81.1ns 
187826     INFO  main            d.u.i.k.p.i.AbstractProblemLoader Creating init config 
188577     DEBUG main            d.u.i.k.j.r.ClassPreparationMethodBuilder clPrepBuilder: Inner Class detected. Reject building class initialisation methods. 
190167     DEBUG main            d.u.i.k.p.i.AbstractProblemLoader Init config took 2.34s 
190213     INFO  main            d.u.i.k.p.i.AbstractProblemLoader Replaying proof For[For::infiniteLoop(For)].JML operation contract.0 
190264     DEBUG main            d.u.i.k.p.i.IntermediateProofReplayer Proof replay took 48.76ms 
190265     DEBUG main            d.u.i.k.p.r.p.TestFile    ... success: reloaded. 
190266     INFO  main            d.u.i.k.p.r.p.TestFile    Now processing file /home/runner/work/key/key/key.core/../key.ui/examples/standard_key/java_dl/java5/for_ReferenceArray.key 
190266     INFO  main            d.u.i.k.p.i.AbstractProblemLoader Loading environment from /home/runner/work/key/key/key.core/../key.ui/examples/standard_key/java_dl/java5/for_ReferenceArray.key 
190266     DEBUG main            d.u.i.k.p.i.AbstractProblemLoader Environment load took 66.3ns 
190267     INFO  main            d.u.i.k.p.i.AbstractProblemLoader Creating init config 
191018     DEBUG main            d.u.i.k.j.r.ClassPreparationMethodBuilder clPrepBuilder: Inner Class detected. Reject building class initialisation methods. 
192649     DEBUG main            d.u.i.k.p.i.AbstractProblemLoader Init config took 2.38s 
192696     INFO  main            d.u.i.k.p.i.AbstractProblemLoader Replaying proof ForReferenceArray[ForReferenceArray::foo([Ljava.lang.Object)].JML operation contract.0 
192697     DEBUG main            d.u.i.k.p.i.IntermediateProofReplayer Proof replay took 6.5ns 
192900     INFO  main            d.u.i.k.p.r.p.TestFile    ... finished proof: closed. 
193269     INFO  main            d.u.i.k.p.i.AbstractProblemLoader Loading environment from /home/runner/work/key/key/key.core/../key.ui/examples/standard_key/java_dl/java5/for_ReferenceArray.key.proof 
193270     DEBUG main            d.u.i.k.p.i.AbstractProblemLoader Environment load took 93.4ns 
193270     INFO  main            d.u.i.k.p.i.AbstractProblemLoader Creating init config 
194019     DEBUG main            d.u.i.k.j.r.ClassPreparationMethodBuilder clPrepBuilder: Inner Class detected. Reject building class initialisation methods. 
195618     DEBUG main            d.u.i.k.p.i.AbstractProblemLoader Init config took 2.35s 
195678     INFO  main            d.u.i.k.p.i.AbstractProblemLoader Replaying proof ForReferenceArray[ForReferenceArray::foo([Ljava.lang.Object)].JML operation contract.0 
195719     DEBUG main            d.u.i.k.p.i.IntermediateProofReplayer Proof replay took 37.46ms 
195719     DEBUG main            d.u.i.k.p.r.p.TestFile    ... success: reloaded. 
195720     INFO  main            d.u.i.k.p.r.p.TestFile    Now processing file /home/runner/work/key/key/key.core/../key.ui/examples/standard_key/java_dl/jml-bigint/cast.key 
195720     INFO  main            d.u.i.k.p.i.AbstractProblemLoader Loading environment from /home/runner/work/key/key/key.core/../key.ui/examples/standard_key/java_dl/jml-bigint/cast.key 
195720     DEBUG main            d.u.i.k.p.i.AbstractProblemLoader Environment load took 86.4ns 
195721     INFO  main            d.u.i.k.p.i.AbstractProblemLoader Creating init config 
198016     DEBUG main            d.u.i.k.p.i.AbstractProblemLoader Init config took 2.3s 
198049     INFO  main            d.u.i.k.p.i.AbstractProblemLoader Replaying proof Mult[Mult::cast()].JML operation contract.0 
198051     DEBUG main            d.u.i.k.p.i.IntermediateProofReplayer Proof replay took 7.3ns 
198153     INFO  main            d.u.i.k.p.r.p.TestFile    ... finished proof: closed. 
198470     INFO  main            d.u.i.k.p.i.AbstractProblemLoader Loading environment from /home/runner/work/key/key/key.core/../key.ui/examples/standard_key/java_dl/jml-bigint/cast.key.proof 
198470     DEBUG main            d.u.i.k.p.i.AbstractProblemLoader Environment load took 82.5ns 
198471     INFO  main            d.u.i.k.p.i.AbstractProblemLoader Creating init config 
200723     DEBUG main            d.u.i.k.p.i.AbstractProblemLoader Init config took 2.25s 
200755     INFO  main            d.u.i.k.p.i.AbstractProblemLoader Replaying proof Mult[Mult::cast()].JML operation contract.0 
200765     DEBUG main            d.u.i.k.p.i.IntermediateProofReplayer Proof replay took 8.4ms 
200765     DEBUG main            d.u.i.k.p.r.p.TestFile    ... success: reloaded. 
200766     INFO  main            d.u.i.k.p.r.p.TestFile    Now processing file /home/runner/work/key/key/key.core/../key.ui/examples/standard_key/java_dl/jml-free/loopInvFree.key 
200766     INFO  main            d.u.i.k.p.i.AbstractProblemLoader Loading environment from /home/runner/work/key/key/key.core/../key.ui/examples/standard_key/java_dl/jml-free/loopInvFree.key 
200767     DEBUG main            d.u.i.k.p.i.AbstractProblemLoader Environment load took 84.9ns 
200767     INFO  main            d.u.i.k.p.i.AbstractProblemLoader Creating init config 
203001     DEBUG main            d.u.i.k.p.i.AbstractProblemLoader Init config took 2.23s 
203033     INFO  main            d.u.i.k.p.i.AbstractProblemLoader Replaying proof LoopInvFree[LoopInvFree::test()].JML operation contract.0 
203034     DEBUG main            d.u.i.k.p.i.IntermediateProofReplayer Proof replay took 6.5ns 
203236     INFO  main            d.u.i.k.p.r.p.TestFile    ... finished proof: closed. 
203595     INFO  main            d.u.i.k.p.i.AbstractProblemLoader Loading environment from /home/runner/work/key/key/key.core/../key.ui/examples/standard_key/java_dl/jml-free/loopInvFree.key.proof 
203595     DEBUG main            d.u.i.k.p.i.AbstractProblemLoader Environment load took 71.1ns 
203596     INFO  main            d.u.i.k.p.i.AbstractProblemLoader Creating init config 
205818     DEBUG main            d.u.i.k.p.i.AbstractProblemLoader Init config took 2.22s 
205849     INFO  main            d.u.i.k.p.i.AbstractProblemLoader Replaying proof LoopInvFree[LoopInvFree::test()].JML operation contract.0 
205879     DEBUG main            d.u.i.k.p.i.IntermediateProofReplayer Proof replay took 27.83ms 
205879     DEBUG main            d.u.i.k.p.r.p.TestFile    ... success: reloaded. 
205880     INFO  main            d.u.i.k.p.r.p.TestFile    Now processing file /home/runner/work/key/key/key.core/../key.ui/examples/standard_key/java_dl/jml-free/ensuresFree.key 
205880     INFO  main            d.u.i.k.p.i.AbstractProblemLoader Loading environment from /home/runner/work/key/key/key.core/../key.ui/examples/standard_key/java_dl/jml-free/ensuresFree.key 
205880     DEBUG main            d.u.i.k.p.i.AbstractProblemLoader Environment load took 64.1ns 
205881     INFO  main            d.u.i.k.p.i.AbstractProblemLoader Creating init config 
208113     DEBUG main            d.u.i.k.p.i.AbstractProblemLoader Init config took 2.23s 
208144     INFO  main            d.u.i.k.p.i.AbstractProblemLoader Replaying proof EnsuresFree[EnsuresFree::test()].JML operation contract.0 
208145     DEBUG main            d.u.i.k.p.i.IntermediateProofReplayer Proof replay took 6.8ns 
208247     INFO  main            d.u.i.k.p.r.p.TestFile    ... finished proof: closed. 
208574     INFO  main            d.u.i.k.p.i.AbstractProblemLoader Loading environment from /home/runner/work/key/key/key.core/../key.ui/examples/standard_key/java_dl/jml-free/ensuresFree.key.proof 
208574     DEBUG main            d.u.i.k.p.i.AbstractProblemLoader Environment load took 72.5ns 
208575     INFO  main            d.u.i.k.p.i.AbstractProblemLoader Creating init config 
210777     DEBUG main            d.u.i.k.p.i.AbstractProblemLoader Init config took 2.2s 
210808     INFO  main            d.u.i.k.p.i.AbstractProblemLoader Replaying proof EnsuresFree[EnsuresFree::test()].JML operation contract.0 
210823     DEBUG main            d.u.i.k.p.i.IntermediateProofReplayer Proof replay took 12.91ms 
210823     DEBUG main            d.u.i.k.p.r.p.TestFile    ... success: reloaded. 
210824     INFO  main            d.u.i.k.p.r.p.TestFile    Now processing file /home/runner/work/key/key/key.core/../key.ui/examples/standard_key/java_dl/jml-information-flow.key 
210824     INFO  main            d.u.i.k.p.i.AbstractProblemLoader Loading environment from /home/runner/work/key/key/key.core/../key.ui/examples/standard_key/java_dl/jml-information-flow.key 
210824     DEBUG main            d.u.i.k.p.i.AbstractProblemLoader Environment load took 58.9ns 
210829     INFO  main            d.u.i.k.p.i.AbstractProblemLoader Creating init config 
213228     DEBUG main            d.u.i.k.p.i.AbstractProblemLoader Init config took 2.4s 
213244     INFO  main            d.u.i.k.p.i.AbstractProblemLoader Replaying proof jml-information-flow.key 
213245     DEBUG main            d.u.i.k.p.i.IntermediateProofReplayer Proof replay took 6.2ns 
319016     INFO  main            d.u.i.k.p.r.p.TestFile    ... finished proof: closed. 
319549     INFO  main            d.u.i.k.p.i.AbstractProblemLoader Loading environment from /home/runner/work/key/key/key.core/../key.ui/examples/standard_key/java_dl/jml-information-flow.key.proof 
319549     DEBUG main            d.u.i.k.p.i.AbstractProblemLoader Environment load took 285ns 
319556     INFO  main            d.u.i.k.p.i.AbstractProblemLoader Creating init config 
321877     DEBUG main            d.u.i.k.p.i.AbstractProblemLoader Init config took 2.32s 
321895     INFO  main            d.u.i.k.p.i.AbstractProblemLoader Replaying proof jml-information-flow.key.proof 
324399     DEBUG main            d.u.i.k.p.i.IntermediateProofReplayer Proof replay took 2.39s 
324408     DEBUG main            d.u.i.k.p.r.p.TestFile    ... success: reloaded. 
324408     INFO  main            d.u.i.k.p.r.p.TestFile    Now processing file /home/runner/work/key/key/key.core/../key.ui/examples/standard_key/java_dl/jml-min/min-unprovable1.key 
324409     INFO  main            d.u.i.k.p.i.AbstractProblemLoader Loading environment from /home/runner/work/key/key/key.core/../key.ui/examples/standard_key/java_dl/jml-min/min-unprovable1.key 
324409     DEBUG main            d.u.i.k.p.i.AbstractProblemLoader Environment load took 44.6ns 
324409     INFO  main            d.u.i.k.p.i.AbstractProblemLoader Creating init config 
326702     DEBUG main            d.u.i.k.p.i.AbstractProblemLoader Init config took 2.29s 
326733     INFO  main            d.u.i.k.p.i.AbstractProblemLoader Replaying proof Min[Min::foo()].JML operation contract.0 
326734     DEBUG main            d.u.i.k.p.i.IntermediateProofReplayer Proof replay took 5.9ns 
326836     INFO  main            d.u.i.k.p.r.p.TestFile    ... finished proof: open goal(s) 
327327     INFO  main            d.u.i.k.p.r.p.TestFile    Now processing file /home/runner/work/key/key/key.core/../key.ui/examples/standard_key/java_dl/jml-min/min-unprovable2.key 
327327     INFO  main            d.u.i.k.p.i.AbstractProblemLoader Loading environment from /home/runner/work/key/key/key.core/../key.ui/examples/standard_key/java_dl/jml-min/min-unprovable2.key 
327327     DEBUG main            d.u.i.k.p.i.AbstractProblemLoader Environment load took 41.8ns 
327328     INFO  main            d.u.i.k.p.i.AbstractProblemLoader Creating init config 
329537     DEBUG main            d.u.i.k.p.i.AbstractProblemLoader Init config took 2.21s 
329568     INFO  main            d.u.i.k.p.i.AbstractProblemLoader Replaying proof Min[Min::foo2()].JML operation contract.0 
329568     DEBUG main            d.u.i.k.p.i.IntermediateProofReplayer Proof replay took 6ns 
329670     INFO  main            d.u.i.k.p.r.p.TestFile    ... finished proof: open goal(s) 
330012     INFO  main            d.u.i.k.p.r.p.TestFile    Now processing file /home/runner/work/key/key/key.core/../key.ui/examples/standard_key/java_dl/methodCall.key 
330013     INFO  main            d.u.i.k.p.i.AbstractProblemLoader Loading environment from /home/runner/work/key/key/key.core/../key.ui/examples/standard_key/java_dl/methodCall.key 
330013     DEBUG main            d.u.i.k.p.i.AbstractProblemLoader Environment load took 41ns 
330013     INFO  main            d.u.i.k.p.i.AbstractProblemLoader Creating init config 
332236     DEBUG main            d.u.i.k.p.i.AbstractProblemLoader Init config took 2.22s 
332259     INFO  main            d.u.i.k.p.i.AbstractProblemLoader Replaying proof methodCall.key 
332260     DEBUG main            d.u.i.k.p.i.IntermediateProofReplayer Proof replay took 6.1ns 
332362     INFO  main            d.u.i.k.p.r.p.TestFile    ... finished proof: closed. 
332704     INFO  main            d.u.i.k.p.i.AbstractProblemLoader Loading environment from /home/runner/work/key/key/key.core/../key.ui/examples/standard_key/java_dl/methodCall.key.proof 
332704     DEBUG main            d.u.i.k.p.i.AbstractProblemLoader Environment load took 69.2ns 
332705     INFO  main            d.u.i.k.p.i.AbstractProblemLoader Creating init config 
334982     DEBUG main            d.u.i.k.p.i.AbstractProblemLoader Init config took 2.28s 
334995     INFO  main            d.u.i.k.p.i.AbstractProblemLoader Replaying proof methodCall.key.proof 
334998     DEBUG main            d.u.i.k.p.i.IntermediateProofReplayer Proof replay took 1.46ms 
334999     DEBUG main            d.u.i.k.p.r.p.TestFile    ... success: reloaded. 
335000     INFO  main            d.u.i.k.p.r.p.TestFile    Now processing file /home/runner/work/key/key/key.core/../key.ui/examples/standard_key/java_dl/methodCall1.key 
335000     INFO  main            d.u.i.k.p.i.AbstractProblemLoader Loading environment from /home/runner/work/key/key/key.core/../key.ui/examples/standard_key/java_dl/methodCall1.key 
335000     DEBUG main            d.u.i.k.p.i.AbstractProblemLoader Environment load took 46.9ns 
335001     INFO  main            d.u.i.k.p.i.AbstractProblemLoader Creating init config 
337215     DEBUG main            d.u.i.k.p.i.AbstractProblemLoader Init config took 2.21s 
337228     INFO  main            d.u.i.k.p.i.AbstractProblemLoader Replaying proof methodCall1.key 
337229     DEBUG main            d.u.i.k.p.i.IntermediateProofReplayer Proof replay took 5.7ns 
337331     INFO  main            d.u.i.k.p.r.p.TestFile    ... finished proof: closed. 
337698     INFO  main            d.u.i.k.p.i.AbstractProblemLoader Loading environment from /home/runner/work/key/key/key.core/../key.ui/examples/standard_key/java_dl/methodCall1.key.proof 
337698     DEBUG main            d.u.i.k.p.i.AbstractProblemLoader Environment load took 71.5ns 
337699     INFO  main            d.u.i.k.p.i.AbstractProblemLoader Creating init config 
339889     DEBUG main            d.u.i.k.p.i.AbstractProblemLoader Init config took 2.19s 
339902     INFO  main            d.u.i.k.p.i.AbstractProblemLoader Replaying proof methodCall1.key.proof 
339913     DEBUG main            d.u.i.k.p.i.IntermediateProofReplayer Proof replay took 8.69ms 
339914     DEBUG main            d.u.i.k.p.r.p.TestFile    ... success: reloaded. 
339914     INFO  main            d.u.i.k.p.r.p.TestFile    Now processing file /home/runner/work/key/key/key.core/../key.ui/examples/standard_key/java_dl/methodCall1box.key 
339914     INFO  main            d.u.i.k.p.i.AbstractProblemLoader Loading environment from /home/runner/work/key/key/key.core/../key.ui/examples/standard_key/java_dl/methodCall1box.key 
339914     DEBUG main            d.u.i.k.p.i.AbstractProblemLoader Environment load took 74ns 
339915     INFO  main            d.u.i.k.p.i.AbstractProblemLoader Creating init config 
342128     DEBUG main            d.u.i.k.p.i.AbstractProblemLoader Init config took 2.21s 
342141     INFO  main            d.u.i.k.p.i.AbstractProblemLoader Replaying proof methodCall1box.key 
342142     DEBUG main            d.u.i.k.p.i.IntermediateProofReplayer Proof replay took 7.5ns 
342243     INFO  main            d.u.i.k.p.r.p.TestFile    ... finished proof: closed. 
342605     INFO  main            d.u.i.k.p.i.AbstractProblemLoader Loading environment from /home/runner/work/key/key/key.core/../key.ui/examples/standard_key/java_dl/methodCall1box.key.proof 
342605     DEBUG main            d.u.i.k.p.i.AbstractProblemLoader Environment load took 70.9ns 
342606     INFO  main            d.u.i.k.p.i.AbstractProblemLoader Creating init config 
344788     DEBUG main            d.u.i.k.p.i.AbstractProblemLoader Init config took 2.18s 
344801     INFO  main            d.u.i.k.p.i.AbstractProblemLoader Replaying proof methodCall1box.key.proof 
344811     DEBUG main            d.u.i.k.p.i.IntermediateProofReplayer Proof replay took 8.98ms 
344812     DEBUG main            d.u.i.k.p.r.p.TestFile    ... success: reloaded. 
344813     INFO  main            d.u.i.k.p.r.p.TestFile    Now processing file /home/runner/work/key/key/key.core/../key.ui/examples/standard_key/java_dl/methodCall3.key 
344813     INFO  main            d.u.i.k.p.i.AbstractProblemLoader Loading environment from /home/runner/work/key/key/key.core/../key.ui/examples/standard_key/java_dl/methodCall3.key 
344813     DEBUG main            d.u.i.k.p.i.AbstractProblemLoader Environment load took 65.2ns 
344814     INFO  main            d.u.i.k.p.i.AbstractProblemLoader Creating init config 
347035     DEBUG main            d.u.i.k.p.i.AbstractProblemLoader Init config took 2.22s 
347048     INFO  main            d.u.i.k.p.i.AbstractProblemLoader Replaying proof methodCall3.key 
347050     DEBUG main            d.u.i.k.p.i.IntermediateProofReplayer Proof replay took 6.4ns 
347152     INFO  main            d.u.i.k.p.r.p.TestFile    ... finished proof: closed. 
347519     INFO  main            d.u.i.k.p.i.AbstractProblemLoader Loading environment from /home/runner/work/key/key/key.core/../key.ui/examples/standard_key/java_dl/methodCall3.key.proof 
347519     DEBUG main            d.u.i.k.p.i.AbstractProblemLoader Environment load took 69ns 
347520     INFO  main            d.u.i.k.p.i.AbstractProblemLoader Creating init config 
349705     DEBUG main            d.u.i.k.p.i.AbstractProblemLoader Init config took 2.18s 
349718     INFO  main            d.u.i.k.p.i.AbstractProblemLoader Replaying proof methodCall3.key.proof 
349725     DEBUG main            d.u.i.k.p.i.IntermediateProofReplayer Proof replay took 5.94ms 
349726     DEBUG main            d.u.i.k.p.r.p.TestFile    ... success: reloaded. 
349727     INFO  main            d.u.i.k.p.r.p.TestFile    Now processing file /home/runner/work/key/key/key.core/../key.ui/examples/standard_key/java_dl/polishFlagSort.key 
349727     INFO  main            d.u.i.k.p.i.AbstractProblemLoader Loading environment from /home/runner/work/key/key/key.core/../key.ui/examples/standard_key/java_dl/polishFlagSort.key 
349727     DEBUG main            d.u.i.k.p.i.AbstractProblemLoader Environment load took 40.2ns 
349728     INFO  main            d.u.i.k.p.i.AbstractProblemLoader Creating init config 
351984     DEBUG main            d.u.i.k.p.i.AbstractProblemLoader Init config took 2.26s 
351998     INFO  main            d.u.i.k.p.i.AbstractProblemLoader Replaying proof polishFlagSort.key 
351999     DEBUG main            d.u.i.k.p.i.IntermediateProofReplayer Proof replay took 6.6ns 
353941     INFO  main            d.u.i.k.p.r.p.TestFile    ... finished proof: closed. 
354352     INFO  main            d.u.i.k.p.i.AbstractProblemLoader Loading environment from /home/runner/work/key/key/key.core/../key.ui/examples/standard_key/java_dl/polishFlagSort.key.proof 
354353     DEBUG main            d.u.i.k.p.i.AbstractProblemLoader Environment load took 327.4ns 
354354     INFO  main            d.u.i.k.p.i.AbstractProblemLoader Creating init config 
356575     DEBUG main            d.u.i.k.p.i.AbstractProblemLoader Init config took 2.22s 
356589     INFO  main            d.u.i.k.p.i.AbstractProblemLoader Replaying proof polishFlagSort.key.proof 
356815     DEBUG main            d.u.i.k.p.i.IntermediateProofReplayer Proof replay took 214.55ms 
356817     DEBUG main            d.u.i.k.p.r.p.TestFile    ... success: reloaded. 
356818     INFO  main            d.u.i.k.p.r.p.TestFile    Now processing file /home/runner/work/key/key/key.core/../key.ui/examples/standard_key/java_dl/postConditionTaclets1.key 
356818     INFO  main            d.u.i.k.p.i.AbstractProblemLoader Loading environment from /home/runner/work/key/key/key.core/../key.ui/examples/standard_key/java_dl/postConditionTaclets1.key 
356818     DEBUG main            d.u.i.k.p.i.AbstractProblemLoader Environment load took 131.4ns 
356819     INFO  main            d.u.i.k.p.i.AbstractProblemLoader Creating init config 
359008     DEBUG main            d.u.i.k.p.i.AbstractProblemLoader Init config took 2.19s 
359021     INFO  main            d.u.i.k.p.i.AbstractProblemLoader Replaying proof postConditionTaclets1.key 
359022     DEBUG main            d.u.i.k.p.i.IntermediateProofReplayer Proof replay took 7.1ns 
359123     INFO  main            d.u.i.k.p.r.p.TestFile    ... finished proof: closed. 
359535     INFO  main            d.u.i.k.p.i.AbstractProblemLoader Loading environment from /home/runner/work/key/key/key.core/../key.ui/examples/standard_key/java_dl/postConditionTaclets1.key.proof 
359535     DEBUG main            d.u.i.k.p.i.AbstractProblemLoader Environment load took 67.1ns 
359536     INFO  main            d.u.i.k.p.i.AbstractProblemLoader Creating init config 
361664     DEBUG main            d.u.i.k.p.i.AbstractProblemLoader Init config took 2.13s 
361677     INFO  main            d.u.i.k.p.i.AbstractProblemLoader Replaying proof postConditionTaclets1.key.proof 
361679     DEBUG main            d.u.i.k.p.i.IntermediateProofReplayer Proof replay took 255.4ns 
361679     DEBUG main            d.u.i.k.p.r.p.TestFile    ... success: reloaded. 
361680     INFO  main            d.u.i.k.p.r.p.TestFile    Now processing file /home/runner/work/key/key/key.core/../key.ui/examples/standard_key/java_dl/postConditionTaclets2.key 
361680     INFO  main            d.u.i.k.p.i.AbstractProblemLoader Loading environment from /home/runner/work/key/key/key.core/../key.ui/examples/standard_key/java_dl/postConditionTaclets2.key 
361680     DEBUG main            d.u.i.k.p.i.AbstractProblemLoader Environment load took 40ns 
361681     INFO  main            d.u.i.k.p.i.AbstractProblemLoader Creating init config 
363845     DEBUG main            d.u.i.k.p.i.AbstractProblemLoader Init config took 2.16s 
363858     INFO  main            d.u.i.k.p.i.AbstractProblemLoader Replaying proof postConditionTaclets2.key 
363863     DEBUG main            d.u.i.k.p.i.IntermediateProofReplayer Proof replay took 7ns 
363964     INFO  main            d.u.i.k.p.r.p.TestFile    ... finished proof: closed. 
364344     INFO  main            d.u.i.k.p.i.AbstractProblemLoader Loading environment from /home/runner/work/key/key/key.core/../key.ui/examples/standard_key/java_dl/postConditionTaclets2.key.proof 
364344     DEBUG main            d.u.i.k.p.i.AbstractProblemLoader Environment load took 69.4ns 
364345     INFO  main            d.u.i.k.p.i.AbstractProblemLoader Creating init config 
366482     DEBUG main            d.u.i.k.p.i.AbstractProblemLoader Init config took 2.14s 
366495     INFO  main            d.u.i.k.p.i.AbstractProblemLoader Replaying proof postConditionTaclets2.key.proof 
366497     DEBUG main            d.u.i.k.p.i.IntermediateProofReplayer Proof replay took 417.8ns 
366497     DEBUG main            d.u.i.k.p.r.p.TestFile    ... success: reloaded. 
366498     INFO  main            d.u.i.k.p.r.p.TestFile    Now processing file /home/runner/work/key/key/key.core/../key.ui/examples/standard_key/java_dl/quantifiedQuery.key 
366498     INFO  main            d.u.i.k.p.i.AbstractProblemLoader Loading environment from /home/runner/work/key/key/key.core/../key.ui/examples/standard_key/java_dl/quantifiedQuery.key 
366498     DEBUG main            d.u.i.k.p.i.AbstractProblemLoader Environment load took 39.5ns 
366499     INFO  main            d.u.i.k.p.i.AbstractProblemLoader Creating init config 
368719     DEBUG main            d.u.i.k.p.i.AbstractProblemLoader Init config took 2.22s 
368732     INFO  main            d.u.i.k.p.i.AbstractProblemLoader Replaying proof quantifiedQuery.key 
368734     DEBUG main            d.u.i.k.p.i.IntermediateProofReplayer Proof replay took 6.5ns 
368836     INFO  main            d.u.i.k.p.r.p.TestFile    ... finished proof: closed. 
369220     INFO  main            d.u.i.k.p.i.AbstractProblemLoader Loading environment from /home/runner/work/key/key/key.core/../key.ui/examples/standard_key/java_dl/quantifiedQuery.key.proof 
369220     DEBUG main            d.u.i.k.p.i.AbstractProblemLoader Environment load took 69.5ns 
369221     INFO  main            d.u.i.k.p.i.AbstractProblemLoader Creating init config 
371422     DEBUG main            d.u.i.k.p.i.AbstractProblemLoader Init config took 2.2s 
371436     INFO  main            d.u.i.k.p.i.AbstractProblemLoader Replaying proof quantifiedQuery.key.proof 
371444     DEBUG main            d.u.i.k.p.i.IntermediateProofReplayer Proof replay took 6.44ms 
371445     DEBUG main            d.u.i.k.p.r.p.TestFile    ... success: reloaded. 
371445     INFO  main            d.u.i.k.p.r.p.TestFile    Now processing file /home/runner/work/key/key/key.core/../key.ui/examples/standard_key/java_dl/recursion/triangular.key 
371445     INFO  main            d.u.i.k.p.i.AbstractProblemLoader Loading environment from /home/runner/work/key/key/key.core/../key.ui/examples/standard_key/java_dl/recursion/triangular.key 
371445     DEBUG main            d.u.i.k.p.i.AbstractProblemLoader Environment load took 41ns 
371446     INFO  main            d.u.i.k.p.i.AbstractProblemLoader Creating init config 
373652     DEBUG main            d.u.i.k.p.i.AbstractProblemLoader Init config took 2.21s 
373684     INFO  main            d.u.i.k.p.i.AbstractProblemLoader Replaying proof Triangular[Triangular::tria(int)].JML normal_behavior operation contract.0 
373685     DEBUG main            d.u.i.k.p.i.IntermediateProofReplayer Proof replay took 5.8ns 
373888     INFO  main            d.u.i.k.p.r.p.TestFile    ... finished proof: closed. 
374294     INFO  main            d.u.i.k.p.i.AbstractProblemLoader Loading environment from /home/runner/work/key/key/key.core/../key.ui/examples/standard_key/java_dl/recursion/triangular.key.proof 
374294     DEBUG main            d.u.i.k.p.i.AbstractProblemLoader Environment load took 102.6ns 
374294     INFO  main            d.u.i.k.p.i.AbstractProblemLoader Creating init config 
376480     DEBUG main            d.u.i.k.p.i.AbstractProblemLoader Init config took 2.19s 
376511     INFO  main            d.u.i.k.p.i.AbstractProblemLoader Replaying proof Triangular[Triangular::tria(int)].JML normal_behavior operation contract.0 
376534     DEBUG main            d.u.i.k.p.i.IntermediateProofReplayer Proof replay took 20.75ms 
376534     DEBUG main            d.u.i.k.p.r.p.TestFile    ... success: reloaded. 
376535     INFO  main            d.u.i.k.p.r.p.TestFile    Now processing file /home/runner/work/key/key/key.core/../key.ui/examples/standard_key/java_dl/reverseArray.key 
376535     INFO  main            d.u.i.k.p.i.AbstractProblemLoader Loading environment from /home/runner/work/key/key/key.core/../key.ui/examples/standard_key/java_dl/reverseArray.key 
376535     DEBUG main            d.u.i.k.p.i.AbstractProblemLoader Environment load took 63.1ns 
376537     INFO  main            d.u.i.k.p.i.AbstractProblemLoader Creating init config 
376555     WARN  main            d.u.i.k.j.r.KeYCrossReferenceNameInfo Datatype java.io.PrintStream declared twice: Once in FILE:/home/runner/work/key/key/key.core/../key.ui/examples/standard_key/java_dl/./classpath/PrintStream.java and once in URL:file:/home/runner/work/key/key/key.core/build/resources/main/de/uka/ilkd/key/java/JavaRedux/java/io/PrintStream.java, Keeping one from URL:file:/home/runner/work/key/key/key.core/build/resources/main/de/uka/ilkd/key/java/JavaRedux/java/io/PrintStream.java 
376555     WARN  main            d.u.i.k.j.r.KeYCrossReferenceNameInfo Datatype java.lang.System declared twice: Once in FILE:/home/runner/work/key/key/key.core/../key.ui/examples/standard_key/java_dl/./classpath/System.java and once in URL:file:/home/runner/work/key/key/key.core/build/resources/main/de/uka/ilkd/key/java/JavaRedux/java/lang/System.java, Keeping one from URL:file:/home/runner/work/key/key/key.core/build/resources/main/de/uka/ilkd/key/java/JavaRedux/java/lang/System.java 
376555     WARN  main            d.u.i.k.j.r.KeYCrossReferenceNameInfo Datatype java.io.InputStream declared twice: Once in FILE:/home/runner/work/key/key/key.core/../key.ui/examples/standard_key/java_dl/./classpath/InputStream.java and once in URL:file:/home/runner/work/key/key/key.core/build/resources/main/de/uka/ilkd/key/java/JavaRedux/java/io/InputStream.java, Keeping one from URL:file:/home/runner/work/key/key/key.core/build/resources/main/de/uka/ilkd/key/java/JavaRedux/java/io/InputStream.java 
376558     DEBUG main            d.u.i.k.j.r.ClassFileDeclarationBuilder Parsing: package java.io; public class Closeable { } 
376558     DEBUG main            r.s.KeYCrossReferenceSourceInfo Dynamically created class: java.io.Closeable 
378847     DEBUG main            d.u.i.k.p.i.AbstractProblemLoader Init config took 2.31s 
378861     INFO  main            d.u.i.k.p.i.AbstractProblemLoader Replaying proof reverseArray.key 
378862     DEBUG main            d.u.i.k.p.i.IntermediateProofReplayer Proof replay took 6.5ns 
382836     INFO  main            d.u.i.k.p.r.p.TestFile    ... finished proof: closed. 
383283     INFO  main            d.u.i.k.p.i.AbstractProblemLoader Loading environment from /home/runner/work/key/key/key.core/../key.ui/examples/standard_key/java_dl/reverseArray.key.proof 
383284     DEBUG main            d.u.i.k.p.i.AbstractProblemLoader Environment load took 275.8ns 
383285     INFO  main            d.u.i.k.p.i.AbstractProblemLoader Creating init config 
383304     WARN  main            d.u.i.k.j.r.KeYCrossReferenceNameInfo Datatype java.io.PrintStream declared twice: Once in FILE:/home/runner/work/key/key/key.core/../key.ui/examples/standard_key/java_dl/classpath/PrintStream.java and once in URL:file:/home/runner/work/key/key/key.core/build/resources/main/de/uka/ilkd/key/java/JavaRedux/java/io/PrintStream.java, Keeping one from URL:file:/home/runner/work/key/key/key.core/build/resources/main/de/uka/ilkd/key/java/JavaRedux/java/io/PrintStream.java 
383304     WARN  main            d.u.i.k.j.r.KeYCrossReferenceNameInfo Datatype java.lang.System declared twice: Once in FILE:/home/runner/work/key/key/key.core/../key.ui/examples/standard_key/java_dl/classpath/System.java and once in URL:file:/home/runner/work/key/key/key.core/build/resources/main/de/uka/ilkd/key/java/JavaRedux/java/lang/System.java, Keeping one from URL:file:/home/runner/work/key/key/key.core/build/resources/main/de/uka/ilkd/key/java/JavaRedux/java/lang/System.java 
383304     WARN  main            d.u.i.k.j.r.KeYCrossReferenceNameInfo Datatype java.io.InputStream declared twice: Once in FILE:/home/runner/work/key/key/key.core/../key.ui/examples/standard_key/java_dl/classpath/InputStream.java and once in URL:file:/home/runner/work/key/key/key.core/build/resources/main/de/uka/ilkd/key/java/JavaRedux/java/io/InputStream.java, Keeping one from URL:file:/home/runner/work/key/key/key.core/build/resources/main/de/uka/ilkd/key/java/JavaRedux/java/io/InputStream.java 
383307     DEBUG main            d.u.i.k.j.r.ClassFileDeclarationBuilder Parsing: package java.io; public class Closeable { } 
383307     DEBUG main            r.s.KeYCrossReferenceSourceInfo Dynamically created class: java.io.Closeable 
385624     DEBUG main            d.u.i.k.p.i.AbstractProblemLoader Init config took 2.34s 
385641     INFO  main            d.u.i.k.p.i.AbstractProblemLoader Replaying proof reverseArray.key.proof 
386024     DEBUG main            d.u.i.k.p.i.IntermediateProofReplayer Proof replay took 371.7ms 
386026     DEBUG main            d.u.i.k.p.r.p.TestFile    ... success: reloaded. 
386027     INFO  main            d.u.i.k.p.r.p.TestFile    Now processing file /home/runner/work/key/key/key.core/../key.ui/examples/standard_key/java_dl/reverseArray2.key 
386028     INFO  main            d.u.i.k.p.i.AbstractProblemLoader Loading environment from /home/runner/work/key/key/key.core/../key.ui/examples/standard_key/java_dl/reverseArray2.key 
386028     DEBUG main            d.u.i.k.p.i.AbstractProblemLoader Environment load took 141.8ns 
386030     INFO  main            d.u.i.k.p.i.AbstractProblemLoader Creating init config 
386048     WARN  main            d.u.i.k.j.r.KeYCrossReferenceNameInfo Datatype java.io.PrintStream declared twice: Once in FILE:/home/runner/work/key/key/key.core/../key.ui/examples/standard_key/java_dl/classpath/PrintStream.java and once in URL:file:/home/runner/work/key/key/key.core/build/resources/main/de/uka/ilkd/key/java/JavaRedux/java/io/PrintStream.java, Keeping one from URL:file:/home/runner/work/key/key/key.core/build/resources/main/de/uka/ilkd/key/java/JavaRedux/java/io/PrintStream.java 
386048     WARN  main            d.u.i.k.j.r.KeYCrossReferenceNameInfo Datatype java.lang.System declared twice: Once in FILE:/home/runner/work/key/key/key.core/../key.ui/examples/standard_key/java_dl/classpath/System.java and once in URL:file:/home/runner/work/key/key/key.core/build/resources/main/de/uka/ilkd/key/java/JavaRedux/java/lang/System.java, Keeping one from URL:file:/home/runner/work/key/key/key.core/build/resources/main/de/uka/ilkd/key/java/JavaRedux/java/lang/System.java 
386048     WARN  main            d.u.i.k.j.r.KeYCrossReferenceNameInfo Datatype java.io.InputStream declared twice: Once in FILE:/home/runner/work/key/key/key.core/../key.ui/examples/standard_key/java_dl/classpath/InputStream.java and once in URL:file:/home/runner/work/key/key/key.core/build/resources/main/de/uka/ilkd/key/java/JavaRedux/java/io/InputStream.java, Keeping one from URL:file:/home/runner/work/key/key/key.core/build/resources/main/de/uka/ilkd/key/java/JavaRedux/java/io/InputStream.java 
386051     DEBUG main            d.u.i.k.j.r.ClassFileDeclarationBuilder Parsing: package java.io; public class Closeable { } 
386051     DEBUG main            r.s.KeYCrossReferenceSourceInfo Dynamically created class: java.io.Closeable 
388350     DEBUG main            d.u.i.k.p.i.AbstractProblemLoader Init config took 2.32s 
388364     INFO  main            d.u.i.k.p.i.AbstractProblemLoader Replaying proof reverseArray2.key 
388365     DEBUG main            d.u.i.k.p.i.IntermediateProofReplayer Proof replay took 32.1ns 
389569     INFO  main            d.u.i.k.p.r.p.TestFile    ... finished proof: closed. 
390073     INFO  main            d.u.i.k.p.i.AbstractProblemLoader Loading environment from /home/runner/work/key/key/key.core/../key.ui/examples/standard_key/java_dl/reverseArray2.key.proof 
390073     DEBUG main            d.u.i.k.p.i.AbstractProblemLoader Environment load took 325.3ns 
390075     INFO  main            d.u.i.k.p.i.AbstractProblemLoader Creating init config 
390093     WARN  main            d.u.i.k.j.r.KeYCrossReferenceNameInfo Datatype java.io.PrintStream declared twice: Once in FILE:/home/runner/work/key/key/key.core/../key.ui/examples/standard_key/java_dl/classpath/PrintStream.java and once in URL:file:/home/runner/work/key/key/key.core/build/resources/main/de/uka/ilkd/key/java/JavaRedux/java/io/PrintStream.java, Keeping one from URL:file:/home/runner/work/key/key/key.core/build/resources/main/de/uka/ilkd/key/java/JavaRedux/java/io/PrintStream.java 
390093     WARN  main            d.u.i.k.j.r.KeYCrossReferenceNameInfo Datatype java.lang.System declared twice: Once in FILE:/home/runner/work/key/key/key.core/../key.ui/examples/standard_key/java_dl/classpath/System.java and once in URL:file:/home/runner/work/key/key/key.core/build/resources/main/de/uka/ilkd/key/java/JavaRedux/java/lang/System.java, Keeping one from URL:file:/home/runner/work/key/key/key.core/build/resources/main/de/uka/ilkd/key/java/JavaRedux/java/lang/System.java 
390093     WARN  main            d.u.i.k.j.r.KeYCrossReferenceNameInfo Datatype java.io.InputStream declared twice: Once in FILE:/home/runner/work/key/key/key.core/../key.ui/examples/standard_key/java_dl/classpath/InputStream.java and once in URL:file:/home/runner/work/key/key/key.core/build/resources/main/de/uka/ilkd/key/java/JavaRedux/java/io/InputStream.java, Keeping one from URL:file:/home/runner/work/key/key/key.core/build/resources/main/de/uka/ilkd/key/java/JavaRedux/java/io/InputStream.java 
390096     DEBUG main            d.u.i.k.j.r.ClassFileDeclarationBuilder Parsing: package java.io; public class Closeable { } 
390097     DEBUG main            r.s.KeYCrossReferenceSourceInfo Dynamically created class: java.io.Closeable 
392321     DEBUG main            d.u.i.k.p.i.AbstractProblemLoader Init config took 2.25s 
392336     INFO  main            d.u.i.k.p.i.AbstractProblemLoader Replaying proof reverseArray2.key.proof 
392480     DEBUG main            d.u.i.k.p.i.IntermediateProofReplayer Proof replay took 139.66ms 
392481     DEBUG main            d.u.i.k.p.r.p.TestFile    ... success: reloaded. 
392482     INFO  main            d.u.i.k.p.r.p.TestFile    Now processing file /home/runner/work/key/key/key.core/../key.ui/examples/standard_key/java_dl/simpleAssignment.key 
392482     INFO  main            d.u.i.k.p.i.AbstractProblemLoader Loading environment from /home/runner/work/key/key/key.core/../key.ui/examples/standard_key/java_dl/simpleAssignment.key 
392482     DEBUG main            d.u.i.k.p.i.AbstractProblemLoader Environment load took 88.6ns 
392483     INFO  main            d.u.i.k.p.i.AbstractProblemLoader Creating init config 
394665     DEBUG main            d.u.i.k.p.i.AbstractProblemLoader Init config took 2.18s 
394678     INFO  main            d.u.i.k.p.i.AbstractProblemLoader Replaying proof simpleAssignment.key 
394679     DEBUG main            d.u.i.k.p.i.IntermediateProofReplayer Proof replay took 3ns 
394780     INFO  main            d.u.i.k.p.r.p.TestFile    ... finished proof: closed. 
395221     INFO  main            d.u.i.k.p.i.AbstractProblemLoader Loading environment from /home/runner/work/key/key/key.core/../key.ui/examples/standard_key/java_dl/simpleAssignment.key.proof 
395221     DEBUG main            d.u.i.k.p.i.AbstractProblemLoader Environment load took 68.4ns 
395222     INFO  main            d.u.i.k.p.i.AbstractProblemLoader Creating init config 
397358     DEBUG main            d.u.i.k.p.i.AbstractProblemLoader Init config took 2.14s 
397371     INFO  main            d.u.i.k.p.i.AbstractProblemLoader Replaying proof simpleAssignment.key.proof 
397372     DEBUG main            d.u.i.k.p.i.IntermediateProofReplayer Proof replay took 485.8ns 
397373     DEBUG main            d.u.i.k.p.r.p.TestFile    ... success: reloaded. 
397373     INFO  main            d.u.i.k.p.r.p.TestFile    Now processing file /home/runner/work/key/key/key.core/../key.ui/examples/standard_key/java_dl/simpleAssignment2.key 
397373     INFO  main            d.u.i.k.p.i.AbstractProblemLoader Loading environment from /home/runner/work/key/key/key.core/../key.ui/examples/standard_key/java_dl/simpleAssignment2.key 
397373     DEBUG main            d.u.i.k.p.i.AbstractProblemLoader Environment load took 43.4ns 
397374     INFO  main            d.u.i.k.p.i.AbstractProblemLoader Creating init config 
399531     DEBUG main            d.u.i.k.p.i.AbstractProblemLoader Init config took 2.16s 
399543     INFO  main            d.u.i.k.p.i.AbstractProblemLoader Replaying proof simpleAssignment2.key 
399544     DEBUG main            d.u.i.k.p.i.IntermediateProofReplayer Proof replay took 2.9ns 
399646     INFO  main            d.u.i.k.p.r.p.TestFile    ... finished proof: closed. 
400055     INFO  main            d.u.i.k.p.i.AbstractProblemLoader Loading environment from /home/runner/work/key/key/key.core/../key.ui/examples/standard_key/java_dl/simpleAssignment2.key.proof 
400055     DEBUG main            d.u.i.k.p.i.AbstractProblemLoader Environment load took 67.3ns 
400056     INFO  main            d.u.i.k.p.i.AbstractProblemLoader Creating init config 
402187     DEBUG main            d.u.i.k.p.i.AbstractProblemLoader Init config took 2.13s 
402199     INFO  main            d.u.i.k.p.i.AbstractProblemLoader Replaying proof simpleAssignment2.key.proof 
402201     DEBUG main            d.u.i.k.p.i.IntermediateProofReplayer Proof replay took 316.3ns 
402201     DEBUG main            d.u.i.k.p.r.p.TestFile    ... success: reloaded. 
402202     INFO  main            d.u.i.k.p.r.p.TestFile    Now processing file /home/runner/work/key/key/key.core/../key.ui/examples/standard_key/java_dl/splittingWithQueries.key 
402202     INFO  main            d.u.i.k.p.i.AbstractProblemLoader Loading environment from /home/runner/work/key/key/key.core/../key.ui/examples/standard_key/java_dl/splittingWithQueries.key 
402202     DEBUG main            d.u.i.k.p.i.AbstractProblemLoader Environment load took 40.2ns 
402203     INFO  main            d.u.i.k.p.i.AbstractProblemLoader Creating init config 
404421     DEBUG main            d.u.i.k.p.i.AbstractProblemLoader Init config took 2.22s 
404433     INFO  main            d.u.i.k.p.i.AbstractProblemLoader Replaying proof splittingWithQueries.key 
404435     DEBUG main            d.u.i.k.p.i.IntermediateProofReplayer Proof replay took 3.3ns 
404536     INFO  main            d.u.i.k.p.r.p.TestFile    ... finished proof: closed. 
404970     INFO  main            d.u.i.k.p.i.AbstractProblemLoader Loading environment from /home/runner/work/key/key/key.core/../key.ui/examples/standard_key/java_dl/splittingWithQueries.key.proof 
404970     DEBUG main            d.u.i.k.p.i.AbstractProblemLoader Environment load took 71ns 
404971     INFO  main            d.u.i.k.p.i.AbstractProblemLoader Creating init config 
407181     DEBUG main            d.u.i.k.p.i.AbstractProblemLoader Init config took 2.21s 
407193     INFO  main            d.u.i.k.p.i.AbstractProblemLoader Replaying proof splittingWithQueries.key.proof 
407196     DEBUG main            d.u.i.k.p.i.IntermediateProofReplayer Proof replay took 1.07ms 
407197     DEBUG main            d.u.i.k.p.r.p.TestFile    ... success: reloaded. 
407197     INFO  main            d.u.i.k.p.r.p.TestFile    Now processing file /home/runner/work/key/key/key.core/../key.ui/examples/standard_key/java_dl/strassen/strassen.key 
407198     INFO  main            d.u.i.k.p.i.AbstractProblemLoader Loading environment from /home/runner/work/key/key/key.core/../key.ui/examples/standard_key/java_dl/strassen/strassen.key 
407198     DEBUG main            d.u.i.k.p.i.AbstractProblemLoader Environment load took 177.2ns 
407198     INFO  main            d.u.i.k.p.i.AbstractProblemLoader Creating init config 
409511     DEBUG main            d.u.i.k.p.i.AbstractProblemLoader Init config took 2.31s 
409544     INFO  main            d.u.i.k.p.i.AbstractProblemLoader Replaying proof Matrix22[Matrix22::strassen(Matrix22,Matrix22)].JML normal_behavior operation contract.0 
409545     DEBUG main            d.u.i.k.p.i.IntermediateProofReplayer Proof replay took 3.2ns 
413900     INFO  main            d.u.i.k.p.r.p.TestFile    ... finished proof: closed. 
414452     INFO  main            d.u.i.k.p.i.AbstractProblemLoader Loading environment from /home/runner/work/key/key/key.core/../key.ui/examples/standard_key/java_dl/strassen/strassen.key.proof 
414453     DEBUG main            d.u.i.k.p.i.AbstractProblemLoader Environment load took 283.7ns 
414454     INFO  main            d.u.i.k.p.i.AbstractProblemLoader Creating init config 
416727     DEBUG main            d.u.i.k.p.i.AbstractProblemLoader Init config took 2.27s 
416770     INFO  main            d.u.i.k.p.i.AbstractProblemLoader Replaying proof Matrix22[Matrix22::strassen(Matrix22,Matrix22)].JML normal_behavior operation contract.0 
417126     DEBUG main            d.u.i.k.p.i.IntermediateProofReplayer Proof replay took 346.44ms 
417127     DEBUG main            d.u.i.k.p.r.p.TestFile    ... success: reloaded. 
417128     INFO  main            d.u.i.k.p.r.p.TestFile    Now processing file /home/runner/work/key/key/key.core/../key.ui/examples/standard_key/java_dl/symmArray.key 
417128     INFO  main            d.u.i.k.p.i.AbstractProblemLoader Loading environment from /home/runner/work/key/key/key.core/../key.ui/examples/standard_key/java_dl/symmArray.key 
417128     DEBUG main            d.u.i.k.p.i.AbstractProblemLoader Environment load took 84.6ns 
417131     INFO  main            d.u.i.k.p.i.AbstractProblemLoader Creating init config 
419433     DEBUG main            d.u.i.k.p.i.AbstractProblemLoader Init config took 2.3s 
419447     INFO  main            d.u.i.k.p.i.AbstractProblemLoader Replaying proof symmArray.key 
419448     DEBUG main            d.u.i.k.p.i.IntermediateProofReplayer Proof replay took 3.2ns 
492599     INFO  main            d.u.i.k.p.r.p.TestFile    ... finished proof: closed. 
493139     INFO  main            d.u.i.k.p.i.AbstractProblemLoader Loading environment from /home/runner/work/key/key/key.core/../key.ui/examples/standard_key/java_dl/symmArray.key.proof 
493139     DEBUG main            d.u.i.k.p.i.AbstractProblemLoader Environment load took 293.8ns 
493144     INFO  main            d.u.i.k.p.i.AbstractProblemLoader Creating init config 
495393     DEBUG main            d.u.i.k.p.i.AbstractProblemLoader Init config took 2.25s 
495408     INFO  main            d.u.i.k.p.i.AbstractProblemLoader Replaying proof symmArray.key.proof 
496184     DEBUG main            d.u.i.k.p.i.IntermediateProofReplayer Proof replay took 724.12ms 
496189     DEBUG main            d.u.i.k.p.r.p.TestFile    ... success: reloaded. 
496189     INFO  main            d.u.i.k.p.r.p.TestFile    Now processing file /home/runner/work/key/key/key.core/../key.ui/examples/standard_key/java_dl/testcontext.key 
496189     INFO  main            d.u.i.k.p.i.AbstractProblemLoader Loading environment from /home/runner/work/key/key/key.core/../key.ui/examples/standard_key/java_dl/testcontext.key 
496189     DEBUG main            d.u.i.k.p.i.AbstractProblemLoader Environment load took 42ns 
496190     INFO  main            d.u.i.k.p.i.AbstractProblemLoader Creating init config 
496208     WARN  main            d.u.i.k.j.r.KeYCrossReferenceNameInfo Datatype java.io.PrintStream declared twice: Once in FILE:/home/runner/work/key/key/key.core/../key.ui/examples/standard_key/java_dl/classpath/PrintStream.java and once in URL:file:/home/runner/work/key/key/key.core/build/resources/main/de/uka/ilkd/key/java/JavaRedux/java/io/PrintStream.java, Keeping one from URL:file:/home/runner/work/key/key/key.core/build/resources/main/de/uka/ilkd/key/java/JavaRedux/java/io/PrintStream.java 
496208     WARN  main            d.u.i.k.j.r.KeYCrossReferenceNameInfo Datatype java.lang.System declared twice: Once in FILE:/home/runner/work/key/key/key.core/../key.ui/examples/standard_key/java_dl/classpath/System.java and once in URL:file:/home/runner/work/key/key/key.core/build/resources/main/de/uka/ilkd/key/java/JavaRedux/java/lang/System.java, Keeping one from URL:file:/home/runner/work/key/key/key.core/build/resources/main/de/uka/ilkd/key/java/JavaRedux/java/lang/System.java 
496208     WARN  main            d.u.i.k.j.r.KeYCrossReferenceNameInfo Datatype java.io.InputStream declared twice: Once in FILE:/home/runner/work/key/key/key.core/../key.ui/examples/standard_key/java_dl/classpath/InputStream.java and once in URL:file:/home/runner/work/key/key/key.core/build/resources/main/de/uka/ilkd/key/java/JavaRedux/java/io/InputStream.java, Keeping one from URL:file:/home/runner/work/key/key/key.core/build/resources/main/de/uka/ilkd/key/java/JavaRedux/java/io/InputStream.java 
496211     DEBUG main            d.u.i.k.j.r.ClassFileDeclarationBuilder Parsing: package java.io; public class Closeable { } 
496211     DEBUG main            r.s.KeYCrossReferenceSourceInfo Dynamically created class: java.io.Closeable 
498474     DEBUG main            d.u.i.k.p.i.AbstractProblemLoader Init config took 2.28s 
498487     INFO  main            d.u.i.k.p.i.AbstractProblemLoader Replaying proof testcontext.key 
498488     DEBUG main            d.u.i.k.p.i.IntermediateProofReplayer Proof replay took 2.7ns 
498790     INFO  main            d.u.i.k.p.r.p.TestFile    ... finished proof: closed. 
499348     INFO  main            d.u.i.k.p.i.AbstractProblemLoader Loading environment from /home/runner/work/key/key/key.core/../key.ui/examples/standard_key/java_dl/testcontext.key.proof 
499348     DEBUG main            d.u.i.k.p.i.AbstractProblemLoader Environment load took 76.7ns 
499349     INFO  main            d.u.i.k.p.i.AbstractProblemLoader Creating init config 
499369     WARN  main            d.u.i.k.j.r.KeYCrossReferenceNameInfo Datatype java.io.PrintStream declared twice: Once in FILE:/home/runner/work/key/key/key.core/../key.ui/examples/standard_key/java_dl/classpath/PrintStream.java and once in URL:file:/home/runner/work/key/key/key.core/build/resources/main/de/uka/ilkd/key/java/JavaRedux/java/io/PrintStream.java, Keeping one from URL:file:/home/runner/work/key/key/key.core/build/resources/main/de/uka/ilkd/key/java/JavaRedux/java/io/PrintStream.java 
499370     WARN  main            d.u.i.k.j.r.KeYCrossReferenceNameInfo Datatype java.lang.System declared twice: Once in FILE:/home/runner/work/key/key/key.core/../key.ui/examples/standard_key/java_dl/classpath/System.java and once in URL:file:/home/runner/work/key/key/key.core/build/resources/main/de/uka/ilkd/key/java/JavaRedux/java/lang/System.java, Keeping one from URL:file:/home/runner/work/key/key/key.core/build/resources/main/de/uka/ilkd/key/java/JavaRedux/java/lang/System.java 
499370     WARN  main            d.u.i.k.j.r.KeYCrossReferenceNameInfo Datatype java.io.InputStream declared twice: Once in FILE:/home/runner/work/key/key/key.core/../key.ui/examples/standard_key/java_dl/classpath/InputStream.java and once in URL:file:/home/runner/work/key/key/key.core/build/resources/main/de/uka/ilkd/key/java/JavaRedux/java/io/InputStream.java, Keeping one from URL:file:/home/runner/work/key/key/key.core/build/resources/main/de/uka/ilkd/key/java/JavaRedux/java/io/InputStream.java 
499373     DEBUG main            d.u.i.k.j.r.ClassFileDeclarationBuilder Parsing: package java.io; public class Closeable { } 
499373     DEBUG main            r.s.KeYCrossReferenceSourceInfo Dynamically created class: java.io.Closeable 
501534     DEBUG main            d.u.i.k.p.i.AbstractProblemLoader Init config took 2.19s 
501547     INFO  main            d.u.i.k.p.i.AbstractProblemLoader Replaying proof testcontext.key.proof 
501585     DEBUG main            d.u.i.k.p.i.IntermediateProofReplayer Proof replay took 35.35ms 
501586     DEBUG main            d.u.i.k.p.r.p.TestFile    ... success: reloaded. 
501586     INFO  main            d.u.i.k.p.r.p.TestFile    Now processing file /home/runner/work/key/key/key.core/../key.ui/examples/standard_key/staticInitialisation/cascadeStaticInitialisation.key 
501587     INFO  main            d.u.i.k.p.i.AbstractProblemLoader Loading environment from /home/runner/work/key/key/key.core/../key.ui/examples/standard_key/staticInitialisation/cascadeStaticInitialisation.key 
501587     DEBUG main            d.u.i.k.p.i.AbstractProblemLoader Environment load took 43ns 
501589     INFO  main            d.u.i.k.p.i.AbstractProblemLoader Creating init config 
501608     WARN  main            d.u.i.k.j.r.KeYCrossReferenceNameInfo Datatype java.io.PrintStream declared twice: Once in FILE:/home/runner/work/key/key/key.core/../key.ui/examples/standard_key/staticInitialisation/classpath/PrintStream.java and once in URL:file:/home/runner/work/key/key/key.core/build/resources/main/de/uka/ilkd/key/java/JavaRedux/java/io/PrintStream.java, Keeping one from URL:file:/home/runner/work/key/key/key.core/build/resources/main/de/uka/ilkd/key/java/JavaRedux/java/io/PrintStream.java 
501608     WARN  main            d.u.i.k.j.r.KeYCrossReferenceNameInfo Datatype java.lang.System declared twice: Once in FILE:/home/runner/work/key/key/key.core/../key.ui/examples/standard_key/staticInitialisation/classpath/System.java and once in URL:file:/home/runner/work/key/key/key.core/build/resources/main/de/uka/ilkd/key/java/JavaRedux/java/lang/System.java, Keeping one from URL:file:/home/runner/work/key/key/key.core/build/resources/main/de/uka/ilkd/key/java/JavaRedux/java/lang/System.java 
503829     DEBUG main            d.u.i.k.p.i.AbstractProblemLoader Init config took 2.24s 
503843     INFO  main            d.u.i.k.p.i.AbstractProblemLoader Replaying proof cascadeStaticInitialisation.key 
503844     DEBUG main            d.u.i.k.p.i.IntermediateProofReplayer Proof replay took 2.6ns 
504470     INFO  main            d.u.i.k.p.r.p.TestFile    ... finished proof: closed. 
504945     INFO  main            d.u.i.k.p.i.AbstractProblemLoader Loading environment from /home/runner/work/key/key/key.core/../key.ui/examples/standard_key/staticInitialisation/cascadeStaticInitialisation.key.proof 
504945     DEBUG main            d.u.i.k.p.i.AbstractProblemLoader Environment load took 70.8ns 
504946     INFO  main            d.u.i.k.p.i.AbstractProblemLoader Creating init config 
504964     WARN  main            d.u.i.k.j.r.KeYCrossReferenceNameInfo Datatype java.io.PrintStream declared twice: Once in FILE:/home/runner/work/key/key/key.core/../key.ui/examples/standard_key/staticInitialisation/classpath/PrintStream.java and once in URL:file:/home/runner/work/key/key/key.core/build/resources/main/de/uka/ilkd/key/java/JavaRedux/java/io/PrintStream.java, Keeping one from URL:file:/home/runner/work/key/key/key.core/build/resources/main/de/uka/ilkd/key/java/JavaRedux/java/io/PrintStream.java 
504964     WARN  main            d.u.i.k.j.r.KeYCrossReferenceNameInfo Datatype java.lang.System declared twice: Once in FILE:/home/runner/work/key/key/key.core/../key.ui/examples/standard_key/staticInitialisation/classpath/System.java and once in URL:file:/home/runner/work/key/key/key.core/build/resources/main/de/uka/ilkd/key/java/JavaRedux/java/lang/System.java, Keeping one from URL:file:/home/runner/work/key/key/key.core/build/resources/main/de/uka/ilkd/key/java/JavaRedux/java/lang/System.java 
507212     DEBUG main            d.u.i.k.p.i.AbstractProblemLoader Init config took 2.27s 
507225     INFO  main            d.u.i.k.p.i.AbstractProblemLoader Replaying proof cascadeStaticInitialisation.key.proof 
507329     DEBUG main            d.u.i.k.p.i.IntermediateProofReplayer Proof replay took 100.81ms 
507330     DEBUG main            d.u.i.k.p.r.p.TestFile    ... success: reloaded. 
507330     INFO  main            d.u.i.k.p.r.p.TestFile    Now processing file /home/runner/work/key/key/key.core/../key.ui/examples/standard_key/staticInitialisation/erroneousClassImpliesErroneousSubclass.key 
507331     INFO  main            d.u.i.k.p.i.AbstractProblemLoader Loading environment from /home/runner/work/key/key/key.core/../key.ui/examples/standard_key/staticInitialisation/erroneousClassImpliesErroneousSubclass.key 
507331     DEBUG main            d.u.i.k.p.i.AbstractProblemLoader Environment load took 42ns 
507332     INFO  main            d.u.i.k.p.i.AbstractProblemLoader Creating init config 
507348     WARN  main            d.u.i.k.j.r.KeYCrossReferenceNameInfo Datatype java.io.PrintStream declared twice: Once in FILE:/home/runner/work/key/key/key.core/../key.ui/examples/standard_key/staticInitialisation/classpath/PrintStream.java and once in URL:file:/home/runner/work/key/key/key.core/build/resources/main/de/uka/ilkd/key/java/JavaRedux/java/io/PrintStream.java, Keeping one from URL:file:/home/runner/work/key/key/key.core/build/resources/main/de/uka/ilkd/key/java/JavaRedux/java/io/PrintStream.java 
507349     WARN  main            d.u.i.k.j.r.KeYCrossReferenceNameInfo Datatype java.lang.System declared twice: Once in FILE:/home/runner/work/key/key/key.core/../key.ui/examples/standard_key/staticInitialisation/classpath/System.java and once in URL:file:/home/runner/work/key/key/key.core/build/resources/main/de/uka/ilkd/key/java/JavaRedux/java/lang/System.java, Keeping one from URL:file:/home/runner/work/key/key/key.core/build/resources/main/de/uka/ilkd/key/java/JavaRedux/java/lang/System.java 
509577     DEBUG main            d.u.i.k.p.i.AbstractProblemLoader Init config took 2.25s 
509589     INFO  main            d.u.i.k.p.i.AbstractProblemLoader Replaying proof erroneousClassImpliesErroneousSubclass.key 
509591     DEBUG main            d.u.i.k.p.i.IntermediateProofReplayer Proof replay took 2.7ns 
509693     INFO  main            d.u.i.k.p.r.p.TestFile    ... finished proof: closed. 
510172     INFO  main            d.u.i.k.p.i.AbstractProblemLoader Loading environment from /home/runner/work/key/key/key.core/../key.ui/examples/standard_key/staticInitialisation/erroneousClassImpliesErroneousSubclass.key.proof 
510172     DEBUG main            d.u.i.k.p.i.AbstractProblemLoader Environment load took 69.6ns 
510173     INFO  main            d.u.i.k.p.i.AbstractProblemLoader Creating init config 
510193     WARN  main            d.u.i.k.j.r.KeYCrossReferenceNameInfo Datatype java.io.PrintStream declared twice: Once in FILE:/home/runner/work/key/key/key.core/../key.ui/examples/standard_key/staticInitialisation/classpath/PrintStream.java and once in URL:file:/home/runner/work/key/key/key.core/build/resources/main/de/uka/ilkd/key/java/JavaRedux/java/io/PrintStream.java, Keeping one from URL:file:/home/runner/work/key/key/key.core/build/resources/main/de/uka/ilkd/key/java/JavaRedux/java/io/PrintStream.java 
510194     WARN  main            d.u.i.k.j.r.KeYCrossReferenceNameInfo Datatype java.lang.System declared twice: Once in FILE:/home/runner/work/key/key/key.core/../key.ui/examples/standard_key/staticInitialisation/classpath/System.java and once in URL:file:/home/runner/work/key/key/key.core/build/resources/main/de/uka/ilkd/key/java/JavaRedux/java/lang/System.java, Keeping one from URL:file:/home/runner/work/key/key/key.core/build/resources/main/de/uka/ilkd/key/java/JavaRedux/java/lang/System.java 
512358     DEBUG main            d.u.i.k.p.i.AbstractProblemLoader Init config took 2.18s 
512370     INFO  main            d.u.i.k.p.i.AbstractProblemLoader Replaying proof erroneousClassImpliesErroneousSubclass.key.proof 
512371     DEBUG main            d.u.i.k.p.i.IntermediateProofReplayer Proof replay took 419ns 
512372     DEBUG main            d.u.i.k.p.r.p.TestFile    ... success: reloaded. 
512372     INFO  main            d.u.i.k.p.r.p.TestFile    Now processing file /home/runner/work/key/key/key.core/../key.ui/examples/standard_key/staticInitialisation/initializedSubclassImpliesInitializedSuperclass.key 
512373     INFO  main            d.u.i.k.p.i.AbstractProblemLoader Loading environment from /home/runner/work/key/key/key.core/../key.ui/examples/standard_key/staticInitialisation/initializedSubclassImpliesInitializedSuperclass.key 
512373     DEBUG main            d.u.i.k.p.i.AbstractProblemLoader Environment load took 52.2ns 
512376     INFO  main            d.u.i.k.p.i.AbstractProblemLoader Creating init config 
512392     WARN  main            d.u.i.k.j.r.KeYCrossReferenceNameInfo Datatype java.io.PrintStream declared twice: Once in FILE:/home/runner/work/key/key/key.core/../key.ui/examples/standard_key/staticInitialisation/classpath/PrintStream.java and once in URL:file:/home/runner/work/key/key/key.core/build/resources/main/de/uka/ilkd/key/java/JavaRedux/java/io/PrintStream.java, Keeping one from URL:file:/home/runner/work/key/key/key.core/build/resources/main/de/uka/ilkd/key/java/JavaRedux/java/io/PrintStream.java 
512393     WARN  main            d.u.i.k.j.r.KeYCrossReferenceNameInfo Datatype java.lang.System declared twice: Once in FILE:/home/runner/work/key/key/key.core/../key.ui/examples/standard_key/staticInitialisation/classpath/System.java and once in URL:file:/home/runner/work/key/key/key.core/build/resources/main/de/uka/ilkd/key/java/JavaRedux/java/lang/System.java, Keeping one from URL:file:/home/runner/work/key/key/key.core/build/resources/main/de/uka/ilkd/key/java/JavaRedux/java/lang/System.java 
514590     DEBUG main            d.u.i.k.p.i.AbstractProblemLoader Init config took 2.21s 
514602     INFO  main            d.u.i.k.p.i.AbstractProblemLoader Replaying proof initializedSubclassImpliesInitializedSuperclass.key 
514603     DEBUG main            d.u.i.k.p.i.IntermediateProofReplayer Proof replay took 2.7ns 
514705     INFO  main            d.u.i.k.p.r.p.TestFile    ... finished proof: closed. 
515154     INFO  main            d.u.i.k.p.i.AbstractProblemLoader Loading environment from /home/runner/work/key/key/key.core/../key.ui/examples/standard_key/staticInitialisation/initializedSubclassImpliesInitializedSuperclass.key.proof 
515154     DEBUG main            d.u.i.k.p.i.AbstractProblemLoader Environment load took 63ns 
515155     INFO  main            d.u.i.k.p.i.AbstractProblemLoader Creating init config 
515172     WARN  main            d.u.i.k.j.r.KeYCrossReferenceNameInfo Datatype java.io.PrintStream declared twice: Once in FILE:/home/runner/work/key/key/key.core/../key.ui/examples/standard_key/staticInitialisation/classpath/PrintStream.java and once in URL:file:/home/runner/work/key/key/key.core/build/resources/main/de/uka/ilkd/key/java/JavaRedux/java/io/PrintStream.java, Keeping one from URL:file:/home/runner/work/key/key/key.core/build/resources/main/de/uka/ilkd/key/java/JavaRedux/java/io/PrintStream.java 
515172     WARN  main            d.u.i.k.j.r.KeYCrossReferenceNameInfo Datatype java.lang.System declared twice: Once in FILE:/home/runner/work/key/key/key.core/../key.ui/examples/standard_key/staticInitialisation/classpath/System.java and once in URL:file:/home/runner/work/key/key/key.core/build/resources/main/de/uka/ilkd/key/java/JavaRedux/java/lang/System.java, Keeping one from URL:file:/home/runner/work/key/key/key.core/build/resources/main/de/uka/ilkd/key/java/JavaRedux/java/lang/System.java 
517329     DEBUG main            d.u.i.k.p.i.AbstractProblemLoader Init config took 2.17s 
517341     INFO  main            d.u.i.k.p.i.AbstractProblemLoader Replaying proof initializedSubclassImpliesInitializedSuperclass.key.proof 
517343     DEBUG main            d.u.i.k.p.i.IntermediateProofReplayer Proof replay took 289.4ns 
517344     DEBUG main            d.u.i.k.p.r.p.TestFile    ... success: reloaded. 
517344     INFO  main            d.u.i.k.p.r.p.TestFile    Now processing file /home/runner/work/key/key/key.core/../key.ui/examples/standard_key/staticInitialisation/localDeclared.key 
517344     INFO  main            d.u.i.k.p.i.AbstractProblemLoader Loading environment from /home/runner/work/key/key/key.core/../key.ui/examples/standard_key/staticInitialisation/localDeclared.key 
517344     DEBUG main            d.u.i.k.p.i.AbstractProblemLoader Environment load took 62.2ns 
517346     INFO  main            d.u.i.k.p.i.AbstractProblemLoader Creating init config 
517362     WARN  main            d.u.i.k.j.r.KeYCrossReferenceNameInfo Datatype java.io.PrintStream declared twice: Once in FILE:/home/runner/work/key/key/key.core/../key.ui/examples/standard_key/staticInitialisation/classpath/PrintStream.java and once in URL:file:/home/runner/work/key/key/key.core/build/resources/main/de/uka/ilkd/key/java/JavaRedux/java/io/PrintStream.java, Keeping one from URL:file:/home/runner/work/key/key/key.core/build/resources/main/de/uka/ilkd/key/java/JavaRedux/java/io/PrintStream.java 
517362     WARN  main            d.u.i.k.j.r.KeYCrossReferenceNameInfo Datatype java.lang.System declared twice: Once in FILE:/home/runner/work/key/key/key.core/../key.ui/examples/standard_key/staticInitialisation/classpath/System.java and once in URL:file:/home/runner/work/key/key/key.core/build/resources/main/de/uka/ilkd/key/java/JavaRedux/java/lang/System.java, Keeping one from URL:file:/home/runner/work/key/key/key.core/build/resources/main/de/uka/ilkd/key/java/JavaRedux/java/lang/System.java 
519622     DEBUG main            d.u.i.k.p.i.AbstractProblemLoader Init config took 2.28s 
519635     INFO  main            d.u.i.k.p.i.AbstractProblemLoader Replaying proof localDeclared.key 
519636     DEBUG main            d.u.i.k.p.i.IntermediateProofReplayer Proof replay took 3.1ns 
519939     INFO  main            d.u.i.k.p.r.p.TestFile    ... finished proof: closed. 
520404     INFO  main            d.u.i.k.p.i.AbstractProblemLoader Loading environment from /home/runner/work/key/key/key.core/../key.ui/examples/standard_key/staticInitialisation/localDeclared.key.proof 
520404     DEBUG main            d.u.i.k.p.i.AbstractProblemLoader Environment load took 76ns 
520405     INFO  main            d.u.i.k.p.i.AbstractProblemLoader Creating init config 
520422     WARN  main            d.u.i.k.j.r.KeYCrossReferenceNameInfo Datatype java.io.PrintStream declared twice: Once in FILE:/home/runner/work/key/key/key.core/../key.ui/examples/standard_key/staticInitialisation/classpath/PrintStream.java and once in URL:file:/home/runner/work/key/key/key.core/build/resources/main/de/uka/ilkd/key/java/JavaRedux/java/io/PrintStream.java, Keeping one from URL:file:/home/runner/work/key/key/key.core/build/resources/main/de/uka/ilkd/key/java/JavaRedux/java/io/PrintStream.java 
520422     WARN  main            d.u.i.k.j.r.KeYCrossReferenceNameInfo Datatype java.lang.System declared twice: Once in FILE:/home/runner/work/key/key/key.core/../key.ui/examples/standard_key/staticInitialisation/classpath/System.java and once in URL:file:/home/runner/work/key/key/key.core/build/resources/main/de/uka/ilkd/key/java/JavaRedux/java/lang/System.java, Keeping one from URL:file:/home/runner/work/key/key/key.core/build/resources/main/de/uka/ilkd/key/java/JavaRedux/java/lang/System.java 
522668     DEBUG main            d.u.i.k.p.i.AbstractProblemLoader Init config took 2.26s 
522681     INFO  main            d.u.i.k.p.i.AbstractProblemLoader Replaying proof localDeclared.key.proof 
522721     DEBUG main            d.u.i.k.p.i.IntermediateProofReplayer Proof replay took 38.94ms 
522722     DEBUG main            d.u.i.k.p.r.p.TestFile    ... success: reloaded. 
522723     INFO  main            d.u.i.k.p.r.p.TestFile    Now processing file /home/runner/work/key/key/key.core/../key.ui/examples/standard_key/staticInitialisation/localDeclaredMethod.key 
522723     INFO  main            d.u.i.k.p.i.AbstractProblemLoader Loading environment from /home/runner/work/key/key/key.core/../key.ui/examples/standard_key/staticInitialisation/localDeclaredMethod.key 
522723     DEBUG main            d.u.i.k.p.i.AbstractProblemLoader Environment load took 64.5ns 
522725     INFO  main            d.u.i.k.p.i.AbstractProblemLoader Creating init config 
522741     WARN  main            d.u.i.k.j.r.KeYCrossReferenceNameInfo Datatype java.io.PrintStream declared twice: Once in FILE:/home/runner/work/key/key/key.core/../key.ui/examples/standard_key/staticInitialisation/classpath/PrintStream.java and once in URL:file:/home/runner/work/key/key/key.core/build/resources/main/de/uka/ilkd/key/java/JavaRedux/java/io/PrintStream.java, Keeping one from URL:file:/home/runner/work/key/key/key.core/build/resources/main/de/uka/ilkd/key/java/JavaRedux/java/io/PrintStream.java 
522742     WARN  main            d.u.i.k.j.r.KeYCrossReferenceNameInfo Datatype java.lang.System declared twice: Once in FILE:/home/runner/work/key/key/key.core/../key.ui/examples/standard_key/staticInitialisation/classpath/System.java and once in URL:file:/home/runner/work/key/key/key.core/build/resources/main/de/uka/ilkd/key/java/JavaRedux/java/lang/System.java, Keeping one from URL:file:/home/runner/work/key/key/key.core/build/resources/main/de/uka/ilkd/key/java/JavaRedux/java/lang/System.java 
524941     DEBUG main            d.u.i.k.p.i.AbstractProblemLoader Init config took 2.22s 
524954     INFO  main            d.u.i.k.p.i.AbstractProblemLoader Replaying proof localDeclaredMethod.key 
524958     DEBUG main            d.u.i.k.p.i.IntermediateProofReplayer Proof replay took 3.4ns 
525162     INFO  main            d.u.i.k.p.r.p.TestFile    ... finished proof: closed. 
525645     INFO  main            d.u.i.k.p.i.AbstractProblemLoader Loading environment from /home/runner/work/key/key/key.core/../key.ui/examples/standard_key/staticInitialisation/localDeclaredMethod.key.proof 
525646     DEBUG main            d.u.i.k.p.i.AbstractProblemLoader Environment load took 82.3ns 
525647     INFO  main            d.u.i.k.p.i.AbstractProblemLoader Creating init config 
525663     WARN  main            d.u.i.k.j.r.KeYCrossReferenceNameInfo Datatype java.io.PrintStream declared twice: Once in FILE:/home/runner/work/key/key/key.core/../key.ui/examples/standard_key/staticInitialisation/classpath/PrintStream.java and once in URL:file:/home/runner/work/key/key/key.core/build/resources/main/de/uka/ilkd/key/java/JavaRedux/java/io/PrintStream.java, Keeping one from URL:file:/home/runner/work/key/key/key.core/build/resources/main/de/uka/ilkd/key/java/JavaRedux/java/io/PrintStream.java 
525664     WARN  main            d.u.i.k.j.r.KeYCrossReferenceNameInfo Datatype java.lang.System declared twice: Once in FILE:/home/runner/work/key/key/key.core/../key.ui/examples/standard_key/staticInitialisation/classpath/System.java and once in URL:file:/home/runner/work/key/key/key.core/build/resources/main/de/uka/ilkd/key/java/JavaRedux/java/lang/System.java, Keeping one from URL:file:/home/runner/work/key/key/key.core/build/resources/main/de/uka/ilkd/key/java/JavaRedux/java/lang/System.java 
527823     DEBUG main            d.u.i.k.p.i.AbstractProblemLoader Init config took 2.18s 
527836     INFO  main            d.u.i.k.p.i.AbstractProblemLoader Replaying proof localDeclaredMethod.key.proof 
527886     DEBUG main            d.u.i.k.p.i.IntermediateProofReplayer Proof replay took 47.61ms 
527887     DEBUG main            d.u.i.k.p.r.p.TestFile    ... success: reloaded. 
527887     INFO  main            d.u.i.k.p.r.p.TestFile    Now processing file /home/runner/work/key/key/key.core/../key.ui/examples/standard_key/staticInitialisation/objectOfErroneousClass.key 
527887     INFO  main            d.u.i.k.p.i.AbstractProblemLoader Loading environment from /home/runner/work/key/key/key.core/../key.ui/examples/standard_key/staticInitialisation/objectOfErroneousClass.key 
527887     DEBUG main            d.u.i.k.p.i.AbstractProblemLoader Environment load took 80.5ns 
527888     INFO  main            d.u.i.k.p.i.AbstractProblemLoader Creating init config 
527905     WARN  main            d.u.i.k.j.r.KeYCrossReferenceNameInfo Datatype java.io.PrintStream declared twice: Once in FILE:/home/runner/work/key/key/key.core/../key.ui/examples/standard_key/staticInitialisation/classpath/PrintStream.java and once in URL:file:/home/runner/work/key/key/key.core/build/resources/main/de/uka/ilkd/key/java/JavaRedux/java/io/PrintStream.java, Keeping one from URL:file:/home/runner/work/key/key/key.core/build/resources/main/de/uka/ilkd/key/java/JavaRedux/java/io/PrintStream.java 
527905     WARN  main            d.u.i.k.j.r.KeYCrossReferenceNameInfo Datatype java.lang.System declared twice: Once in FILE:/home/runner/work/key/key/key.core/../key.ui/examples/standard_key/staticInitialisation/classpath/System.java and once in URL:file:/home/runner/work/key/key/key.core/build/resources/main/de/uka/ilkd/key/java/JavaRedux/java/lang/System.java, Keeping one from URL:file:/home/runner/work/key/key/key.core/build/resources/main/de/uka/ilkd/key/java/JavaRedux/java/lang/System.java 
530114     DEBUG main            d.u.i.k.p.i.AbstractProblemLoader Init config took 2.23s 
530128     INFO  main            d.u.i.k.p.i.AbstractProblemLoader Replaying proof objectOfErroneousClass.key 
530140     DEBUG main            d.u.i.k.p.i.IntermediateProofReplayer Proof replay took 3.2ns 
541507     INFO  main            d.u.i.k.p.r.p.TestFile    ... finished proof: closed. 
542072     INFO  main            d.u.i.k.p.i.AbstractProblemLoader Loading environment from /home/runner/work/key/key/key.core/../key.ui/examples/standard_key/staticInitialisation/objectOfErroneousClass.key.proof 
542072     DEBUG main            d.u.i.k.p.i.AbstractProblemLoader Environment load took 130.3ns 
542075     INFO  main            d.u.i.k.p.i.AbstractProblemLoader Creating init config 
542092     WARN  main            d.u.i.k.j.r.KeYCrossReferenceNameInfo Datatype java.io.PrintStream declared twice: Once in FILE:/home/runner/work/key/key/key.core/../key.ui/examples/standard_key/staticInitialisation/classpath/PrintStream.java and once in URL:file:/home/runner/work/key/key/key.core/build/resources/main/de/uka/ilkd/key/java/JavaRedux/java/io/PrintStream.java, Keeping one from URL:file:/home/runner/work/key/key/key.core/build/resources/main/de/uka/ilkd/key/java/JavaRedux/java/io/PrintStream.java 
542092     WARN  main            d.u.i.k.j.r.KeYCrossReferenceNameInfo Datatype java.lang.System declared twice: Once in FILE:/home/runner/work/key/key/key.core/../key.ui/examples/standard_key/staticInitialisation/classpath/System.java and once in URL:file:/home/runner/work/key/key/key.core/build/resources/main/de/uka/ilkd/key/java/JavaRedux/java/lang/System.java, Keeping one from URL:file:/home/runner/work/key/key/key.core/build/resources/main/de/uka/ilkd/key/java/JavaRedux/java/lang/System.java 
544280     DEBUG main            d.u.i.k.p.i.AbstractProblemLoader Init config took 2.21s 
544295     INFO  main            d.u.i.k.p.i.AbstractProblemLoader Replaying proof objectOfErroneousClass.key.proof 
545650     DEBUG main            d.u.i.k.p.i.IntermediateProofReplayer Proof replay took 1.33s 
545653     DEBUG main            d.u.i.k.p.r.p.TestFile    ... success: reloaded. 
545654     INFO  main            d.u.i.k.p.r.p.TestFile    Now processing file /home/runner/work/key/key/key.core/../key.ui/examples/standard_key/staticInitialisation/staticInitialisersAreNonSimple.key 
545654     INFO  main            d.u.i.k.p.i.AbstractProblemLoader Loading environment from /home/runner/work/key/key/key.core/../key.ui/examples/standard_key/staticInitialisation/staticInitialisersAreNonSimple.key 
545654     DEBUG main            d.u.i.k.p.i.AbstractProblemLoader Environment load took 82ns 
545655     INFO  main            d.u.i.k.p.i.AbstractProblemLoader Creating init config 
545672     WARN  main            d.u.i.k.j.r.KeYCrossReferenceNameInfo Datatype java.io.PrintStream declared twice: Once in FILE:/home/runner/work/key/key/key.core/../key.ui/examples/standard_key/staticInitialisation/classpath/PrintStream.java and once in URL:file:/home/runner/work/key/key/key.core/build/resources/main/de/uka/ilkd/key/java/JavaRedux/java/io/PrintStream.java, Keeping one from URL:file:/home/runner/work/key/key/key.core/build/resources/main/de/uka/ilkd/key/java/JavaRedux/java/io/PrintStream.java 
545672     WARN  main            d.u.i.k.j.r.KeYCrossReferenceNameInfo Datatype java.lang.System declared twice: Once in FILE:/home/runner/work/key/key/key.core/../key.ui/examples/standard_key/staticInitialisation/classpath/System.java and once in URL:file:/home/runner/work/key/key/key.core/build/resources/main/de/uka/ilkd/key/java/JavaRedux/java/lang/System.java, Keeping one from URL:file:/home/runner/work/key/key/key.core/build/resources/main/de/uka/ilkd/key/java/JavaRedux/java/lang/System.java 
547894     DEBUG main            d.u.i.k.p.i.AbstractProblemLoader Init config took 2.24s 
547908     INFO  main            d.u.i.k.p.i.AbstractProblemLoader Replaying proof staticInitialisersAreNonSimple.key 
547909     DEBUG main            d.u.i.k.p.i.IntermediateProofReplayer Proof replay took 2.4ns 
548211     INFO  main            d.u.i.k.p.r.p.TestFile    ... finished proof: closed. 
548764     INFO  main            d.u.i.k.p.i.AbstractProblemLoader Loading environment from /home/runner/work/key/key/key.core/../key.ui/examples/standard_key/staticInitialisation/staticInitialisersAreNonSimple.key.proof 
548764     DEBUG main            d.u.i.k.p.i.AbstractProblemLoader Environment load took 70.6ns 
548766     INFO  main            d.u.i.k.p.i.AbstractProblemLoader Creating init config 
548783     WARN  main            d.u.i.k.j.r.KeYCrossReferenceNameInfo Datatype java.io.PrintStream declared twice: Once in FILE:/home/runner/work/key/key/key.core/../key.ui/examples/standard_key/staticInitialisation/classpath/PrintStream.java and once in URL:file:/home/runner/work/key/key/key.core/build/resources/main/de/uka/ilkd/key/java/JavaRedux/java/io/PrintStream.java, Keeping one from URL:file:/home/runner/work/key/key/key.core/build/resources/main/de/uka/ilkd/key/java/JavaRedux/java/io/PrintStream.java 
548783     WARN  main            d.u.i.k.j.r.KeYCrossReferenceNameInfo Datatype java.lang.System declared twice: Once in FILE:/home/runner/work/key/key/key.core/../key.ui/examples/standard_key/staticInitialisation/classpath/System.java and once in URL:file:/home/runner/work/key/key/key.core/build/resources/main/de/uka/ilkd/key/java/JavaRedux/java/lang/System.java, Keeping one from URL:file:/home/runner/work/key/key/key.core/build/resources/main/de/uka/ilkd/key/java/JavaRedux/java/lang/System.java 
550960     DEBUG main            d.u.i.k.p.i.AbstractProblemLoader Init config took 2.19s 
550974     INFO  main            d.u.i.k.p.i.AbstractProblemLoader Replaying proof staticInitialisersAreNonSimple.key.proof 
551029     DEBUG main            d.u.i.k.p.i.IntermediateProofReplayer Proof replay took 53.41ms 
551031     DEBUG main            d.u.i.k.p.r.p.TestFile    ... success: reloaded. 
551031     INFO  main            d.u.i.k.p.r.p.TestFile    Now processing file /home/runner/work/key/key/key.core/../key.ui/examples/standard_key/types/disjoint.key 
551031     INFO  main            d.u.i.k.p.i.AbstractProblemLoader Loading environment from /home/runner/work/key/key/key.core/../key.ui/examples/standard_key/types/disjoint.key 
551032     DEBUG main            d.u.i.k.p.i.AbstractProblemLoader Environment load took 59ns 
551032     INFO  main            d.u.i.k.p.i.AbstractProblemLoader Creating init config 
553195     DEBUG main            d.u.i.k.p.i.AbstractProblemLoader Init config took 2.16s 
553207     INFO  main            d.u.i.k.p.i.AbstractProblemLoader Replaying proof disjoint.key 
553208     DEBUG main            d.u.i.k.p.i.IntermediateProofReplayer Proof replay took 2.8ns 
553310     INFO  main            d.u.i.k.p.r.p.TestFile    ... finished proof: closed. 
553816     INFO  main            d.u.i.k.p.i.AbstractProblemLoader Loading environment from /home/runner/work/key/key/key.core/../key.ui/examples/standard_key/types/disjoint.key.proof 
553816     DEBUG main            d.u.i.k.p.i.AbstractProblemLoader Environment load took 70.6ns 
553817     INFO  main            d.u.i.k.p.i.AbstractProblemLoader Creating init config 
555945     DEBUG main            d.u.i.k.p.i.AbstractProblemLoader Init config took 2.13s 
555956     INFO  main            d.u.i.k.p.i.AbstractProblemLoader Replaying proof disjoint.key.proof 
555958     DEBUG main            d.u.i.k.p.i.IntermediateProofReplayer Proof replay took 247ns 
555958     DEBUG main            d.u.i.k.p.r.p.TestFile    ... success: reloaded. 
555959     INFO  main            d.u.i.k.p.r.p.TestFile    Now processing file /home/runner/work/key/key/key.core/../key.ui/examples/../../key.core/src/test/resources/testcase/classpath/classpath.key 
555959     INFO  main            d.u.i.k.p.i.AbstractProblemLoader Loading environment from /home/runner/work/key/key/key.core/../key.ui/examples/../../key.core/src/test/resources/testcase/classpath/classpath.key 
555959     DEBUG main            d.u.i.k.p.i.AbstractProblemLoader Environment load took 100.9ns 
555960     INFO  main            d.u.i.k.p.i.AbstractProblemLoader Creating init config 
555979     WARN  main            d.u.i.k.j.r.KeYCrossReferenceNameInfo Datatype cp.C declared twice: Once in FILE:/home/runner/work/key/key/key.core/../key.ui/examples/../../key.core/src/test/resources/testcase/classpath/classpath/C.class and once in FILE:/home/runner/work/key/key/key.core/../key.ui/examples/../../key.core/src/test/resources/testcase/classpath/classpath/C.jml, Keeping one from FILE:/home/runner/work/key/key/key.core/../key.ui/examples/../../key.core/src/test/resources/testcase/classpath/classpath/C.jml 
555982     DEBUG main            d.u.i.k.j.r.ClassFileDeclarationBuilder Parsing: package cp; public class Unresolved1 { } 
555982     DEBUG main            r.s.KeYCrossReferenceSourceInfo Dynamically created class: cp.Unresolved1 
555982     DEBUG main            d.u.i.k.j.r.ClassFileDeclarationBuilder Parsing: package cp; public class Unresolved2 { } 
555982     DEBUG main            r.s.KeYCrossReferenceSourceInfo Dynamically created class: cp.Unresolved2 
558279     DEBUG main            d.u.i.k.p.i.AbstractProblemLoader Init config took 2.32s 
558295     INFO  main            d.u.i.k.p.i.AbstractProblemLoader Replaying proof classpath.key 
558297     DEBUG main            d.u.i.k.p.i.IntermediateProofReplayer Proof replay took 3.1ns 
558399     INFO  main            d.u.i.k.p.r.p.TestFile    ... finished proof: closed. 
558898     INFO  main            d.u.i.k.p.i.AbstractProblemLoader Loading environment from /home/runner/work/key/key/key.core/../key.ui/examples/../../key.core/src/test/resources/testcase/classpath/classpath.key.proof 
558898     DEBUG main            d.u.i.k.p.i.AbstractProblemLoader Environment load took 71.3ns 
558899     INFO  main            d.u.i.k.p.i.AbstractProblemLoader Creating init config 
558922     WARN  main            d.u.i.k.j.r.KeYCrossReferenceNameInfo Datatype cp.C declared twice: Once in FILE:/home/runner/work/key/key/key.core/../key.ui/examples/../../key.core/src/test/resources/testcase/classpath/classpath/C.class and once in FILE:/home/runner/work/key/key/key.core/../key.ui/examples/../../key.core/src/test/resources/testcase/classpath/classpath/C.jml, Keeping one from FILE:/home/runner/work/key/key/key.core/../key.ui/examples/../../key.core/src/test/resources/testcase/classpath/classpath/C.jml 
558925     DEBUG main            d.u.i.k.j.r.ClassFileDeclarationBuilder Parsing: package cp; public class Unresolved1 { } 
558926     DEBUG main            r.s.KeYCrossReferenceSourceInfo Dynamically created class: cp.Unresolved1 
558926     DEBUG main            d.u.i.k.j.r.ClassFileDeclarationBuilder Parsing: package cp; public class Unresolved2 { } 
558926     DEBUG main            r.s.KeYCrossReferenceSourceInfo Dynamically created class: cp.Unresolved2 
561180     DEBUG main            d.u.i.k.p.i.AbstractProblemLoader Init config took 2.28s 
561194     INFO  main            d.u.i.k.p.i.AbstractProblemLoader Replaying proof classpath.key.proof 
561196     DEBUG main            d.u.i.k.p.i.IntermediateProofReplayer Proof replay took 389.5ns 
561196     DEBUG main            d.u.i.k.p.r.p.TestFile    ... success: reloaded. 
561197     INFO  main            d.u.i.k.p.r.p.TestFile    Now processing file /home/runner/work/key/key/key.core/../key.ui/examples/heap/inconsistent_represents/MyClass_m.key 
561197     INFO  main            d.u.i.k.p.i.AbstractProblemLoader Loading environment from /home/runner/work/key/key/key.core/../key.ui/examples/heap/inconsistent_represents/MyClass_m.key 
561197     DEBUG main            d.u.i.k.p.i.AbstractProblemLoader Environment load took 51ns 
561198     INFO  main            d.u.i.k.p.i.AbstractProblemLoader Creating init config 
563459     DEBUG main            d.u.i.k.p.i.AbstractProblemLoader Init config took 2.26s 
563493     INFO  main            d.u.i.k.p.i.AbstractProblemLoader Replaying proof MyClass[MyClass::m()].JML operation contract.0 
563494     DEBUG main            d.u.i.k.p.i.IntermediateProofReplayer Proof replay took 2.4ns 
563596     INFO  main            d.u.i.k.p.r.p.TestFile    ... finished proof: open goal(s) 
564114     INFO  main            d.u.i.k.p.r.p.TestFile    Now processing file /home/runner/work/key/key/key.core/../key.ui/examples/heap/inconsistent_represents/MyClass_n.key 
564114     INFO  main            d.u.i.k.p.i.AbstractProblemLoader Loading environment from /home/runner/work/key/key/key.core/../key.ui/examples/heap/inconsistent_represents/MyClass_n.key 
564114     DEBUG main            d.u.i.k.p.i.AbstractProblemLoader Environment load took 37.2ns 
564115     INFO  main            d.u.i.k.p.i.AbstractProblemLoader Creating init config 
566323     DEBUG main            d.u.i.k.p.i.AbstractProblemLoader Init config took 2.21s 
566355     INFO  main            d.u.i.k.p.i.AbstractProblemLoader Replaying proof MyClass[MyClass::n()].JML operation contract.0 
566356     DEBUG main            d.u.i.k.p.i.IntermediateProofReplayer Proof replay took 2.7ns 
566460     INFO  main            d.u.i.k.p.r.p.TestFile    ... finished proof: open goal(s) 
3325770    INFO  Test worker     d.u.i.k.p.r.RunAllProofsTestUnit Returning from test javadl 
3325771    INFO  Test worker     d.u.i.k.p.r.RunAllProofsTestUnit Running test FOL 
328        INFO  Timeout watchdog d.u.i.k.p.r.p.ForkedTestFileRunner Timeout watcher launched (2000 secs.) 
337        WARN  main            d.u.i.k.s.ProofSettings   The settings in /home/runner/.key/proof-settings.props are *not* read. 
363        INFO  main            d.u.i.k.p.r.p.TestFile    Now processing file /home/runner/work/key/key/key.core/../key.ui/examples/standard_key/pred_log/count.key 
471        INFO  main            d.u.i.k.p.i.AbstractProblemLoader Loading environment from /home/runner/work/key/key/key.core/../key.ui/examples/standard_key/pred_log/count.key 
486        DEBUG main            d.u.i.k.p.i.AbstractProblemLoader Environment load took 1.82ms 
722        INFO  main            d.u.i.k.p.i.AbstractProblemLoader Creating init config 
1765       DEBUG main            d.u.i.k.j.TypeConverter   No LDT found for Meta 
1766       DEBUG main            d.u.i.k.j.TypeConverter   No LDT found for Meta 
1769       DEBUG main            d.u.i.k.j.TypeConverter   No LDT found for Meta 
1769       DEBUG main            d.u.i.k.j.TypeConverter   No LDT found for Meta 
3089       DEBUG main            d.u.i.k.j.TypeConverter   No LDT found for JavaBigintExpression 
7817       DEBUG main            d.u.i.k.p.i.AbstractProblemLoader Init config took 7.09s 
7890       INFO  main            d.u.i.k.p.i.AbstractProblemLoader Replaying proof count.key 
7923       DEBUG main            d.u.i.k.p.i.IntermediateProofReplayer Proof replay took 35.1ns 
8185       INFO  main            d.u.i.k.p.r.p.TestFile    ... finished proof: closed. 
8279       INFO  main            d.u.i.k.p.i.AbstractProblemLoader Loading environment from /home/runner/work/key/key/key.core/../key.ui/examples/standard_key/pred_log/count.key.proof 
8281       DEBUG main            d.u.i.k.p.i.AbstractProblemLoader Environment load took 1.54ms 
8289       INFO  main            d.u.i.k.p.i.AbstractProblemLoader Creating init config 
10917      DEBUG main            d.u.i.k.p.i.AbstractProblemLoader Init config took 2.63s 
10965      INFO  main            d.u.i.k.p.i.AbstractProblemLoader Replaying proof count.key.proof 
10980      DEBUG main            d.u.i.k.p.i.IntermediateProofReplayer Proof replay took 8.09ms 
10993      DEBUG main            d.u.i.k.p.r.p.TestFile    ... success: reloaded. 
10996      INFO  main            d.u.i.k.p.r.p.TestFile    Now processing file /home/runner/work/key/key/key.core/../key.ui/examples/standard_key/pred_log/count2.key 
10996      INFO  main            d.u.i.k.p.i.AbstractProblemLoader Loading environment from /home/runner/work/key/key/key.core/../key.ui/examples/standard_key/pred_log/count2.key 
10996      DEBUG main            d.u.i.k.p.i.AbstractProblemLoader Environment load took 104.1ns 
11001      INFO  main            d.u.i.k.p.i.AbstractProblemLoader Creating init config 
13522      DEBUG main            d.u.i.k.p.i.AbstractProblemLoader Init config took 2.52s 
13550      INFO  main            d.u.i.k.p.i.AbstractProblemLoader Replaying proof count2.key 
13552      DEBUG main            d.u.i.k.p.i.IntermediateProofReplayer Proof replay took 6.2ns 
13655      INFO  main            d.u.i.k.p.r.p.TestFile    ... finished proof: closed. 
13772      INFO  main            d.u.i.k.p.i.AbstractProblemLoader Loading environment from /home/runner/work/key/key/key.core/../key.ui/examples/standard_key/pred_log/count2.key.proof 
13772      DEBUG main            d.u.i.k.p.i.AbstractProblemLoader Environment load took 145.4ns 
13781      INFO  main            d.u.i.k.p.i.AbstractProblemLoader Creating init config 
16258      DEBUG main            d.u.i.k.p.i.AbstractProblemLoader Init config took 2.48s 
16280      INFO  main            d.u.i.k.p.i.AbstractProblemLoader Replaying proof count2.key.proof 
16284      DEBUG main            d.u.i.k.p.i.IntermediateProofReplayer Proof replay took 2.15ms 
16285      DEBUG main            d.u.i.k.p.r.p.TestFile    ... success: reloaded. 
16286      INFO  main            d.u.i.k.p.r.p.TestFile    Now processing file /home/runner/work/key/key/key.core/../key.ui/examples/standard_key/pred_log/count3.key 
16286      INFO  main            d.u.i.k.p.i.AbstractProblemLoader Loading environment from /home/runner/work/key/key/key.core/../key.ui/examples/standard_key/pred_log/count3.key 
16286      DEBUG main            d.u.i.k.p.i.AbstractProblemLoader Environment load took 174.9ns 
16287      INFO  main            d.u.i.k.p.i.AbstractProblemLoader Creating init config 
18689      DEBUG main            d.u.i.k.p.i.AbstractProblemLoader Init config took 2.4s 
18709      INFO  main            d.u.i.k.p.i.AbstractProblemLoader Replaying proof count3.key 
18711      DEBUG main            d.u.i.k.p.i.IntermediateProofReplayer Proof replay took 6.1ns 
18815      INFO  main            d.u.i.k.p.r.p.TestFile    ... finished proof: closed. 
18929      INFO  main            d.u.i.k.p.i.AbstractProblemLoader Loading environment from /home/runner/work/key/key/key.core/../key.ui/examples/standard_key/pred_log/count3.key.proof 
18929      DEBUG main            d.u.i.k.p.i.AbstractProblemLoader Environment load took 109.4ns 
18930      INFO  main            d.u.i.k.p.i.AbstractProblemLoader Creating init config 
21323      DEBUG main            d.u.i.k.p.i.AbstractProblemLoader Init config took 2.39s 
21344      INFO  main            d.u.i.k.p.i.AbstractProblemLoader Replaying proof count3.key.proof 
21347      DEBUG main            d.u.i.k.p.i.IntermediateProofReplayer Proof replay took 1.89ms 
21348      DEBUG main            d.u.i.k.p.r.p.TestFile    ... success: reloaded. 
21354      INFO  main            d.u.i.k.p.r.p.TestFile    Now processing file /home/runner/work/key/key/key.core/../key.ui/examples/standard_key/pred_log/equalities.key 
21355      INFO  main            d.u.i.k.p.i.AbstractProblemLoader Loading environment from /home/runner/work/key/key/key.core/../key.ui/examples/standard_key/pred_log/equalities.key 
21356      DEBUG main            d.u.i.k.p.i.AbstractProblemLoader Environment load took 116.5ns 
21357      INFO  main            d.u.i.k.p.i.AbstractProblemLoader Creating init config 
23754      DEBUG main            d.u.i.k.p.i.AbstractProblemLoader Init config took 2.4s 
23773      INFO  main            d.u.i.k.p.i.AbstractProblemLoader Replaying proof equalities.key 
23779      DEBUG main            d.u.i.k.p.i.IntermediateProofReplayer Proof replay took 6.9ns 
23881      INFO  main            d.u.i.k.p.r.p.TestFile    ... finished proof: closed. 
24004      INFO  main            d.u.i.k.p.i.AbstractProblemLoader Loading environment from /home/runner/work/key/key/key.core/../key.ui/examples/standard_key/pred_log/equalities.key.proof 
24005      DEBUG main            d.u.i.k.p.i.AbstractProblemLoader Environment load took 109ns 
24005      INFO  main            d.u.i.k.p.i.AbstractProblemLoader Creating init config 
26365      DEBUG main            d.u.i.k.p.i.AbstractProblemLoader Init config took 2.36s 
26385      INFO  main            d.u.i.k.p.i.AbstractProblemLoader Replaying proof equalities.key.proof 
26388      DEBUG main            d.u.i.k.p.i.IntermediateProofReplayer Proof replay took 1.07ms 
26389      DEBUG main            d.u.i.k.p.r.p.TestFile    ... success: reloaded. 
26390      INFO  main            d.u.i.k.p.r.p.TestFile    Now processing file /home/runner/work/key/key/key.core/../key.ui/examples/standard_key/pred_log/equalities2.key 
26390      INFO  main            d.u.i.k.p.i.AbstractProblemLoader Loading environment from /home/runner/work/key/key/key.core/../key.ui/examples/standard_key/pred_log/equalities2.key 
26390      DEBUG main            d.u.i.k.p.i.AbstractProblemLoader Environment load took 117.2ns 
26391      INFO  main            d.u.i.k.p.i.AbstractProblemLoader Creating init config 
28765      DEBUG main            d.u.i.k.p.i.AbstractProblemLoader Init config took 2.37s 
28783      INFO  main            d.u.i.k.p.i.AbstractProblemLoader Replaying proof equalities2.key 
28784      DEBUG main            d.u.i.k.p.i.IntermediateProofReplayer Proof replay took 7.3ns 
28889      INFO  main            d.u.i.k.p.r.p.TestFile    ... finished proof: closed. 
29019      INFO  main            d.u.i.k.p.i.AbstractProblemLoader Loading environment from /home/runner/work/key/key/key.core/../key.ui/examples/standard_key/pred_log/equalities2.key.proof 
29019      DEBUG main            d.u.i.k.p.i.AbstractProblemLoader Environment load took 113.4ns 
29021      INFO  main            d.u.i.k.p.i.AbstractProblemLoader Creating init config 
31371      DEBUG main            d.u.i.k.p.i.AbstractProblemLoader Init config took 2.35s 
31389      INFO  main            d.u.i.k.p.i.AbstractProblemLoader Replaying proof equalities2.key.proof 
31393      DEBUG main            d.u.i.k.p.i.IntermediateProofReplayer Proof replay took 2.89ms 
31394      DEBUG main            d.u.i.k.p.r.p.TestFile    ... success: reloaded. 
31395      INFO  main            d.u.i.k.p.r.p.TestFile    Now processing file /home/runner/work/key/key/key.core/../key.ui/examples/standard_key/pred_log/equalities3.key 
31395      INFO  main            d.u.i.k.p.i.AbstractProblemLoader Loading environment from /home/runner/work/key/key/key.core/../key.ui/examples/standard_key/pred_log/equalities3.key 
31396      DEBUG main            d.u.i.k.p.i.AbstractProblemLoader Environment load took 172.9ns 
31396      INFO  main            d.u.i.k.p.i.AbstractProblemLoader Creating init config 
33779      DEBUG main            d.u.i.k.p.i.AbstractProblemLoader Init config took 2.38s 
33797      INFO  main            d.u.i.k.p.i.AbstractProblemLoader Replaying proof equalities3.key 
33798      DEBUG main            d.u.i.k.p.i.IntermediateProofReplayer Proof replay took 6.3ns 
33901      INFO  main            d.u.i.k.p.r.p.TestFile    ... finished proof: closed. 
34039      INFO  main            d.u.i.k.p.i.AbstractProblemLoader Loading environment from /home/runner/work/key/key/key.core/../key.ui/examples/standard_key/pred_log/equalities3.key.proof 
34039      DEBUG main            d.u.i.k.p.i.AbstractProblemLoader Environment load took 122.6ns 
34042      INFO  main            d.u.i.k.p.i.AbstractProblemLoader Creating init config 
36374      DEBUG main            d.u.i.k.p.i.AbstractProblemLoader Init config took 2.33s 
36391      INFO  main            d.u.i.k.p.i.AbstractProblemLoader Replaying proof equalities3.key.proof 
36397      DEBUG main            d.u.i.k.p.i.IntermediateProofReplayer Proof replay took 4.44ms 
36399      DEBUG main            d.u.i.k.p.r.p.TestFile    ... success: reloaded. 
36399      INFO  main            d.u.i.k.p.r.p.TestFile    Now processing file /home/runner/work/key/key/key.core/../key.ui/examples/standard_key/pred_log/functions.key 
36399      INFO  main            d.u.i.k.p.i.AbstractProblemLoader Loading environment from /home/runner/work/key/key/key.core/../key.ui/examples/standard_key/pred_log/functions.key 
36400      DEBUG main            d.u.i.k.p.i.AbstractProblemLoader Environment load took 196.6ns 
36401      INFO  main            d.u.i.k.p.i.AbstractProblemLoader Creating init config 
38755      DEBUG main            d.u.i.k.p.i.AbstractProblemLoader Init config took 2.35s 
38774      INFO  main            d.u.i.k.p.i.AbstractProblemLoader Replaying proof functions.key 
38777      DEBUG main            d.u.i.k.p.i.IntermediateProofReplayer Proof replay took 6.4ns 
38879      INFO  main            d.u.i.k.p.r.p.TestFile    ... finished proof: closed. 
39059      INFO  main            d.u.i.k.p.i.AbstractProblemLoader Loading environment from /home/runner/work/key/key/key.core/../key.ui/examples/standard_key/pred_log/functions.key.proof 
39060      DEBUG main            d.u.i.k.p.i.AbstractProblemLoader Environment load took 107.5ns 
39061      INFO  main            d.u.i.k.p.i.AbstractProblemLoader Creating init config 
41367      DEBUG main            d.u.i.k.p.i.AbstractProblemLoader Init config took 2.31s 
41382      INFO  main            d.u.i.k.p.i.AbstractProblemLoader Replaying proof functions.key.proof 
41386      DEBUG main            d.u.i.k.p.i.IntermediateProofReplayer Proof replay took 1.58ms 
41387      DEBUG main            d.u.i.k.p.r.p.TestFile    ... success: reloaded. 
41387      INFO  main            d.u.i.k.p.r.p.TestFile    Now processing file /home/runner/work/key/key/key.core/../key.ui/examples/standard_key/pred_log/mv1.key 
41388      INFO  main            d.u.i.k.p.i.AbstractProblemLoader Loading environment from /home/runner/work/key/key/key.core/../key.ui/examples/standard_key/pred_log/mv1.key 
41388      DEBUG main            d.u.i.k.p.i.AbstractProblemLoader Environment load took 162ns 
41389      INFO  main            d.u.i.k.p.i.AbstractProblemLoader Creating init config 
43749      DEBUG main            d.u.i.k.p.i.AbstractProblemLoader Init config took 2.36s 
43764      INFO  main            d.u.i.k.p.i.AbstractProblemLoader Replaying proof mv1.key 
43765      DEBUG main            d.u.i.k.p.i.IntermediateProofReplayer Proof replay took 6.3ns 
43869      INFO  main            d.u.i.k.p.r.p.TestFile    ... finished proof: closed. 
44012      INFO  main            d.u.i.k.p.i.AbstractProblemLoader Loading environment from /home/runner/work/key/key/key.core/../key.ui/examples/standard_key/pred_log/mv1.key.proof 
44012      DEBUG main            d.u.i.k.p.i.AbstractProblemLoader Environment load took 115.4ns 
44013      INFO  main            d.u.i.k.p.i.AbstractProblemLoader Creating init config 
46311      DEBUG main            d.u.i.k.p.i.AbstractProblemLoader Init config took 2.3s 
46325      INFO  main            d.u.i.k.p.i.AbstractProblemLoader Replaying proof mv1.key.proof 
46327      DEBUG main            d.u.i.k.p.i.IntermediateProofReplayer Proof replay took 649.5ns 
46328      DEBUG main            d.u.i.k.p.r.p.TestFile    ... success: reloaded. 
46328      INFO  main            d.u.i.k.p.r.p.TestFile    Now processing file /home/runner/work/key/key/key.core/../key.ui/examples/standard_key/pred_log/mv2.key 
46328      INFO  main            d.u.i.k.p.i.AbstractProblemLoader Loading environment from /home/runner/work/key/key/key.core/../key.ui/examples/standard_key/pred_log/mv2.key 
46328      DEBUG main            d.u.i.k.p.i.AbstractProblemLoader Environment load took 69.2ns 
46329      INFO  main            d.u.i.k.p.i.AbstractProblemLoader Creating init config 
48652      DEBUG main            d.u.i.k.p.i.AbstractProblemLoader Init config took 2.32s 
48666      INFO  main            d.u.i.k.p.i.AbstractProblemLoader Replaying proof mv2.key 
48667      DEBUG main            d.u.i.k.p.i.IntermediateProofReplayer Proof replay took 6ns 
48769      INFO  main            d.u.i.k.p.r.p.TestFile    ... finished proof: closed. 
48936      INFO  main            d.u.i.k.p.i.AbstractProblemLoader Loading environment from /home/runner/work/key/key/key.core/../key.ui/examples/standard_key/pred_log/mv2.key.proof 
48936      DEBUG main            d.u.i.k.p.i.AbstractProblemLoader Environment load took 136.5ns 
48937      INFO  main            d.u.i.k.p.i.AbstractProblemLoader Creating init config 
51227      DEBUG main            d.u.i.k.p.i.AbstractProblemLoader Init config took 2.29s 
51241      INFO  main            d.u.i.k.p.i.AbstractProblemLoader Replaying proof mv2.key.proof 
51243      DEBUG main            d.u.i.k.p.i.IntermediateProofReplayer Proof replay took 1.21ms 
51244      DEBUG main            d.u.i.k.p.r.p.TestFile    ... success: reloaded. 
51245      INFO  main            d.u.i.k.p.r.p.TestFile    Now processing file /home/runner/work/key/key/key.core/../key.ui/examples/standard_key/pred_log/quantifiers.key 
51245      INFO  main            d.u.i.k.p.i.AbstractProblemLoader Loading environment from /home/runner/work/key/key/key.core/../key.ui/examples/standard_key/pred_log/quantifiers.key 
51245      DEBUG main            d.u.i.k.p.i.AbstractProblemLoader Environment load took 153.6ns 
51246      INFO  main            d.u.i.k.p.i.AbstractProblemLoader Creating init config 
53576      DEBUG main            d.u.i.k.p.i.AbstractProblemLoader Init config took 2.33s 
53590      INFO  main            d.u.i.k.p.i.AbstractProblemLoader Replaying proof quantifiers.key 
53591      DEBUG main            d.u.i.k.p.i.IntermediateProofReplayer Proof replay took 6ns 
53693      INFO  main            d.u.i.k.p.r.p.TestFile    ... finished proof: closed. 
53881      INFO  main            d.u.i.k.p.i.AbstractProblemLoader Loading environment from /home/runner/work/key/key/key.core/../key.ui/examples/standard_key/pred_log/quantifiers.key.proof 
53881      DEBUG main            d.u.i.k.p.i.AbstractProblemLoader Environment load took 105.9ns 
53882      INFO  main            d.u.i.k.p.i.AbstractProblemLoader Creating init config 
56163      DEBUG main            d.u.i.k.p.i.AbstractProblemLoader Init config took 2.28s 
56177      INFO  main            d.u.i.k.p.i.AbstractProblemLoader Replaying proof quantifiers.key.proof 
56179      DEBUG main            d.u.i.k.p.i.IntermediateProofReplayer Proof replay took 1.31ms 
56180      DEBUG main            d.u.i.k.p.r.p.TestFile    ... success: reloaded. 
56181      INFO  main            d.u.i.k.p.r.p.TestFile    Now processing file /home/runner/work/key/key/key.core/../key.ui/examples/standard_key/pred_log/simpleEps.key 
56181      INFO  main            d.u.i.k.p.i.AbstractProblemLoader Loading environment from /home/runner/work/key/key/key.core/../key.ui/examples/standard_key/pred_log/simpleEps.key 
56181      DEBUG main            d.u.i.k.p.i.AbstractProblemLoader Environment load took 149.8ns 
56182      INFO  main            d.u.i.k.p.i.AbstractProblemLoader Creating init config 
58526      DEBUG main            d.u.i.k.p.i.AbstractProblemLoader Init config took 2.34s 
58539      INFO  main            d.u.i.k.p.i.AbstractProblemLoader Replaying proof simpleEps.key 
58541      DEBUG main            d.u.i.k.p.i.IntermediateProofReplayer Proof replay took 6.3ns 
58642      INFO  main            d.u.i.k.p.r.p.TestFile    ... finished proof: closed. 
58808      INFO  main            d.u.i.k.p.i.AbstractProblemLoader Loading environment from /home/runner/work/key/key/key.core/../key.ui/examples/standard_key/pred_log/simpleEps.key.proof 
58808      DEBUG main            d.u.i.k.p.i.AbstractProblemLoader Environment load took 105.4ns 
58809      INFO  main            d.u.i.k.p.i.AbstractProblemLoader Creating init config 
61099      DEBUG main            d.u.i.k.p.i.AbstractProblemLoader Init config took 2.29s 
61113      INFO  main            d.u.i.k.p.i.AbstractProblemLoader Replaying proof simpleEps.key.proof 
61115      DEBUG main            d.u.i.k.p.i.IntermediateProofReplayer Proof replay took 1.01ms 
61116      DEBUG main            d.u.i.k.p.r.p.TestFile    ... success: reloaded. 
61116      INFO  main            d.u.i.k.p.r.p.TestFile    Now processing file /home/runner/work/key/key/key.core/../key.ui/examples/standard_key/pred_log/steam1.key 
61116      INFO  main            d.u.i.k.p.i.AbstractProblemLoader Loading environment from /home/runner/work/key/key/key.core/../key.ui/examples/standard_key/pred_log/steam1.key 
61117      DEBUG main            d.u.i.k.p.i.AbstractProblemLoader Environment load took 81.4ns 
61118      INFO  main            d.u.i.k.p.i.AbstractProblemLoader Creating init config 
63510      DEBUG main            d.u.i.k.p.i.AbstractProblemLoader Init config took 2.39s 
63532      INFO  main            d.u.i.k.p.i.AbstractProblemLoader Replaying proof steam1.key 
63533      DEBUG main            d.u.i.k.p.i.IntermediateProofReplayer Proof replay took 7.2ns 
63840      INFO  main            d.u.i.k.p.r.p.TestFile    ... finished proof: closed. 
64008      INFO  main            d.u.i.k.p.i.AbstractProblemLoader Loading environment from /home/runner/work/key/key/key.core/../key.ui/examples/standard_key/pred_log/steam1.key.proof 
64008      DEBUG main            d.u.i.k.p.i.AbstractProblemLoader Environment load took 335.3ns 
64010      INFO  main            d.u.i.k.p.i.AbstractProblemLoader Creating init config 
66282      DEBUG main            d.u.i.k.p.i.AbstractProblemLoader Init config took 2.27s 
66300      INFO  main            d.u.i.k.p.i.AbstractProblemLoader Replaying proof steam1.key.proof 
66318      DEBUG main            d.u.i.k.p.i.IntermediateProofReplayer Proof replay took 14.88ms 
66320      DEBUG main            d.u.i.k.p.r.p.TestFile    ... success: reloaded. 
66321      INFO  main            d.u.i.k.p.r.p.TestFile    Now processing file /home/runner/work/key/key/key.core/../key.ui/examples/standard_key/pred_log/tptp/PUZ/PUZ001p1.key 
66321      INFO  main            d.u.i.k.p.i.AbstractProblemLoader Loading environment from /home/runner/work/key/key/key.core/../key.ui/examples/standard_key/pred_log/tptp/PUZ/PUZ001p1.key 
66321      DEBUG main            d.u.i.k.p.i.AbstractProblemLoader Environment load took 148ns 
66323      INFO  main            d.u.i.k.p.i.AbstractProblemLoader Creating init config 
68661      DEBUG main            d.u.i.k.p.i.AbstractProblemLoader Init config took 2.34s 
68676      INFO  main            d.u.i.k.p.i.AbstractProblemLoader Replaying proof PUZ001p1.key 
68678      DEBUG main            d.u.i.k.p.i.IntermediateProofReplayer Proof replay took 6ns 
71613      INFO  main            d.u.i.k.p.r.p.TestFile    ... finished proof: closed. 
71810      INFO  main            d.u.i.k.p.i.AbstractProblemLoader Loading environment from /home/runner/work/key/key/key.core/../key.ui/examples/standard_key/pred_log/tptp/PUZ/PUZ001p1.key.proof 
71810      DEBUG main            d.u.i.k.p.i.AbstractProblemLoader Environment load took 307.8ns 
71812      INFO  main            d.u.i.k.p.i.AbstractProblemLoader Creating init config 
74066      DEBUG main            d.u.i.k.p.i.AbstractProblemLoader Init config took 2.25s 
74081      INFO  main            d.u.i.k.p.i.AbstractProblemLoader Replaying proof PUZ001p1.key.proof 
74179      DEBUG main            d.u.i.k.p.i.IntermediateProofReplayer Proof replay took 89.21ms 
74180      DEBUG main            d.u.i.k.p.r.p.TestFile    ... success: reloaded. 
74181      INFO  main            d.u.i.k.p.r.p.TestFile    Now processing file /home/runner/work/key/key/key.core/../key.ui/examples/standard_key/pred_log/tptp/PUZ/PUZ001p1-eq.key 
74181      INFO  main            d.u.i.k.p.i.AbstractProblemLoader Loading environment from /home/runner/work/key/key/key.core/../key.ui/examples/standard_key/pred_log/tptp/PUZ/PUZ001p1-eq.key 
74181      DEBUG main            d.u.i.k.p.i.AbstractProblemLoader Environment load took 153.1ns 
74183      INFO  main            d.u.i.k.p.i.AbstractProblemLoader Creating init config 
76529      DEBUG main            d.u.i.k.p.i.AbstractProblemLoader Init config took 2.35s 
76544      INFO  main            d.u.i.k.p.i.AbstractProblemLoader Replaying proof PUZ001p1-eq.key 
76545      DEBUG main            d.u.i.k.p.i.IntermediateProofReplayer Proof replay took 6.2ns 
76647      INFO  main            d.u.i.k.p.r.p.TestFile    ... finished proof: closed. 
76850      INFO  main            d.u.i.k.p.i.AbstractProblemLoader Loading environment from /home/runner/work/key/key/key.core/../key.ui/examples/standard_key/pred_log/tptp/PUZ/PUZ001p1-eq.key.proof 
76850      DEBUG main            d.u.i.k.p.i.AbstractProblemLoader Environment load took 102.6ns 
76851      INFO  main            d.u.i.k.p.i.AbstractProblemLoader Creating init config 
79110      DEBUG main            d.u.i.k.p.i.AbstractProblemLoader Init config took 2.26s 
79123      INFO  main            d.u.i.k.p.i.AbstractProblemLoader Replaying proof PUZ001p1-eq.key.proof 
79133      DEBUG main            d.u.i.k.p.i.IntermediateProofReplayer Proof replay took 8.14ms 
79134      DEBUG main            d.u.i.k.p.r.p.TestFile    ... success: reloaded. 
79135      INFO  main            d.u.i.k.p.r.p.TestFile    Now processing file /home/runner/work/key/key/key.core/../key.ui/examples/standard_key/pred_log/tptp/PUZ/PUZ031p1.key 
79135      INFO  main            d.u.i.k.p.i.AbstractProblemLoader Loading environment from /home/runner/work/key/key/key.core/../key.ui/examples/standard_key/pred_log/tptp/PUZ/PUZ031p1.key 
79135      DEBUG main            d.u.i.k.p.i.AbstractProblemLoader Environment load took 79.6ns 
79136      INFO  main            d.u.i.k.p.i.AbstractProblemLoader Creating init config 
81416      DEBUG main            d.u.i.k.p.i.AbstractProblemLoader Init config took 2.28s 
81432      INFO  main            d.u.i.k.p.i.AbstractProblemLoader Replaying proof PUZ031p1.key 
81435      DEBUG main            d.u.i.k.p.i.IntermediateProofReplayer Proof replay took 6ns 
89360      INFO  main            d.u.i.k.p.r.p.TestFile    ... finished proof: closed. 
89552      INFO  main            d.u.i.k.p.i.AbstractProblemLoader Loading environment from /home/runner/work/key/key/key.core/../key.ui/examples/standard_key/pred_log/tptp/PUZ/PUZ031p1.key.proof 
89553      DEBUG main            d.u.i.k.p.i.AbstractProblemLoader Environment load took 1.43ms 
89555      INFO  main            d.u.i.k.p.i.AbstractProblemLoader Creating init config 
91825      DEBUG main            d.u.i.k.p.i.AbstractProblemLoader Init config took 2.27s 
91839      INFO  main            d.u.i.k.p.i.AbstractProblemLoader Replaying proof PUZ031p1.key.proof 
91879      DEBUG main            d.u.i.k.p.i.IntermediateProofReplayer Proof replay took 35.07ms 
91880      DEBUG main            d.u.i.k.p.r.p.TestFile    ... success: reloaded. 
91881      INFO  main            d.u.i.k.p.r.p.TestFile    Now processing file /home/runner/work/key/key/key.core/../key.ui/examples/standard_key/pred_log/tptp/SET/SET027p3.key 
91881      INFO  main            d.u.i.k.p.i.AbstractProblemLoader Loading environment from /home/runner/work/key/key/key.core/../key.ui/examples/standard_key/pred_log/tptp/SET/SET027p3.key 
91881      DEBUG main            d.u.i.k.p.i.AbstractProblemLoader Environment load took 85.5ns 
91882      INFO  main            d.u.i.k.p.i.AbstractProblemLoader Creating init config 
94197      DEBUG main            d.u.i.k.p.i.AbstractProblemLoader Init config took 2.31s 
94210      INFO  main            d.u.i.k.p.i.AbstractProblemLoader Replaying proof SET027p3.key 
94211      DEBUG main            d.u.i.k.p.i.IntermediateProofReplayer Proof replay took 6ns 
94313      INFO  main            d.u.i.k.p.r.p.TestFile    ... finished proof: closed. 
94511      INFO  main            d.u.i.k.p.i.AbstractProblemLoader Loading environment from /home/runner/work/key/key/key.core/../key.ui/examples/standard_key/pred_log/tptp/SET/SET027p3.key.proof 
94512      DEBUG main            d.u.i.k.p.i.AbstractProblemLoader Environment load took 103.7ns 
94513      INFO  main            d.u.i.k.p.i.AbstractProblemLoader Creating init config 
96772      DEBUG main            d.u.i.k.p.i.AbstractProblemLoader Init config took 2.26s 
96785      INFO  main            d.u.i.k.p.i.AbstractProblemLoader Replaying proof SET027p3.key.proof 
96795      DEBUG main            d.u.i.k.p.i.IntermediateProofReplayer Proof replay took 6.49ms 
96796      DEBUG main            d.u.i.k.p.r.p.TestFile    ... success: reloaded. 
96797      INFO  main            d.u.i.k.p.r.p.TestFile    Now processing file /home/runner/work/key/key/key.core/../key.ui/examples/standard_key/pred_log/tptp/SET/SET043p1.key 
96797      INFO  main            d.u.i.k.p.i.AbstractProblemLoader Loading environment from /home/runner/work/key/key/key.core/../key.ui/examples/standard_key/pred_log/tptp/SET/SET043p1.key 
96798      DEBUG main            d.u.i.k.p.i.AbstractProblemLoader Environment load took 148.8ns 
96798      INFO  main            d.u.i.k.p.i.AbstractProblemLoader Creating init config 
99107      DEBUG main            d.u.i.k.p.i.AbstractProblemLoader Init config took 2.31s 
99121      INFO  main            d.u.i.k.p.i.AbstractProblemLoader Replaying proof SET043p1.key 
99122      DEBUG main            d.u.i.k.p.i.IntermediateProofReplayer Proof replay took 5.8ns 
99224      INFO  main            d.u.i.k.p.r.p.TestFile    ... finished proof: closed. 
99410      INFO  main            d.u.i.k.p.i.AbstractProblemLoader Loading environment from /home/runner/work/key/key/key.core/../key.ui/examples/standard_key/pred_log/tptp/SET/SET043p1.key.proof 
99411      DEBUG main            d.u.i.k.p.i.AbstractProblemLoader Environment load took 311.7ns 
99412      INFO  main            d.u.i.k.p.i.AbstractProblemLoader Creating init config 
101651     DEBUG main            d.u.i.k.p.i.AbstractProblemLoader Init config took 2.24s 
101664     INFO  main            d.u.i.k.p.i.AbstractProblemLoader Replaying proof SET043p1.key.proof 
101666     DEBUG main            d.u.i.k.p.i.IntermediateProofReplayer Proof replay took 893.68ns 
101667     DEBUG main            d.u.i.k.p.r.p.TestFile    ... success: reloaded. 
101667     INFO  main            d.u.i.k.p.r.p.TestFile    Now processing file /home/runner/work/key/key/key.core/../key.ui/examples/standard_key/pred_log/tptp/SET/SET045p1.key 
101668     INFO  main            d.u.i.k.p.i.AbstractProblemLoader Loading environment from /home/runner/work/key/key/key.core/../key.ui/examples/standard_key/pred_log/tptp/SET/SET045p1.key 
101668     DEBUG main            d.u.i.k.p.i.AbstractProblemLoader Environment load took 84.1ns 
101669     INFO  main            d.u.i.k.p.i.AbstractProblemLoader Creating init config 
103973     DEBUG main            d.u.i.k.p.i.AbstractProblemLoader Init config took 2.3s 
103986     INFO  main            d.u.i.k.p.i.AbstractProblemLoader Replaying proof SET045p1.key 
103987     DEBUG main            d.u.i.k.p.i.IntermediateProofReplayer Proof replay took 5.9ns 
104088     INFO  main            d.u.i.k.p.r.p.TestFile    ... finished proof: closed. 
104279     INFO  main            d.u.i.k.p.i.AbstractProblemLoader Loading environment from /home/runner/work/key/key/key.core/../key.ui/examples/standard_key/pred_log/tptp/SET/SET045p1.key.proof 
104279     DEBUG main            d.u.i.k.p.i.AbstractProblemLoader Environment load took 94ns 
104281     INFO  main            d.u.i.k.p.i.AbstractProblemLoader Creating init config 
106524     DEBUG main            d.u.i.k.p.i.AbstractProblemLoader Init config took 2.24s 
106537     INFO  main            d.u.i.k.p.i.AbstractProblemLoader Replaying proof SET045p1.key.proof 
106541     DEBUG main            d.u.i.k.p.i.IntermediateProofReplayer Proof replay took 2.16ms 
106541     DEBUG main            d.u.i.k.p.r.p.TestFile    ... success: reloaded. 
106542     INFO  main            d.u.i.k.p.r.p.TestFile    Now processing file /home/runner/work/key/key/key.core/../key.ui/examples/standard_key/pred_log/tptp/SET/SET062p3.key 
106544     INFO  main            d.u.i.k.p.i.AbstractProblemLoader Loading environment from /home/runner/work/key/key/key.core/../key.ui/examples/standard_key/pred_log/tptp/SET/SET062p3.key 
106544     DEBUG main            d.u.i.k.p.i.AbstractProblemLoader Environment load took 168.9ns 
106545     INFO  main            d.u.i.k.p.i.AbstractProblemLoader Creating init config 
108856     DEBUG main            d.u.i.k.p.i.AbstractProblemLoader Init config took 2.31s 
108869     INFO  main            d.u.i.k.p.i.AbstractProblemLoader Replaying proof SET062p3.key 
108870     DEBUG main            d.u.i.k.p.i.IntermediateProofReplayer Proof replay took 6.5ns 
108973     INFO  main            d.u.i.k.p.r.p.TestFile    ... finished proof: closed. 
109217     INFO  main            d.u.i.k.p.i.AbstractProblemLoader Loading environment from /home/runner/work/key/key/key.core/../key.ui/examples/standard_key/pred_log/tptp/SET/SET062p3.key.proof 
109217     DEBUG main            d.u.i.k.p.i.AbstractProblemLoader Environment load took 95.2ns 
109218     INFO  main            d.u.i.k.p.i.AbstractProblemLoader Creating init config 
111468     DEBUG main            d.u.i.k.p.i.AbstractProblemLoader Init config took 2.25s 
111481     INFO  main            d.u.i.k.p.i.AbstractProblemLoader Replaying proof SET062p3.key.proof 
111490     DEBUG main            d.u.i.k.p.i.IntermediateProofReplayer Proof replay took 7.5ms 
111491     DEBUG main            d.u.i.k.p.r.p.TestFile    ... success: reloaded. 
111492     INFO  main            d.u.i.k.p.r.p.TestFile    Now processing file /home/runner/work/key/key/key.core/../key.ui/examples/standard_key/pred_log/tptp/SET/SET063p3.key 
111492     INFO  main            d.u.i.k.p.i.AbstractProblemLoader Loading environment from /home/runner/work/key/key/key.core/../key.ui/examples/standard_key/pred_log/tptp/SET/SET063p3.key 
111492     DEBUG main            d.u.i.k.p.i.AbstractProblemLoader Environment load took 66.2ns 
111493     INFO  main            d.u.i.k.p.i.AbstractProblemLoader Creating init config 
113807     DEBUG main            d.u.i.k.p.i.AbstractProblemLoader Init config took 2.31s 
113823     INFO  main            d.u.i.k.p.i.AbstractProblemLoader Replaying proof SET063p3.key 
113825     DEBUG main            d.u.i.k.p.i.IntermediateProofReplayer Proof replay took 6.4ns 
113927     INFO  main            d.u.i.k.p.r.p.TestFile    ... finished proof: closed. 
114144     INFO  main            d.u.i.k.p.i.AbstractProblemLoader Loading environment from /home/runner/work/key/key/key.core/../key.ui/examples/standard_key/pred_log/tptp/SET/SET063p3.key.proof 
114144     DEBUG main            d.u.i.k.p.i.AbstractProblemLoader Environment load took 116.4ns 
114145     INFO  main            d.u.i.k.p.i.AbstractProblemLoader Creating init config 
116378     DEBUG main            d.u.i.k.p.i.AbstractProblemLoader Init config took 2.23s 
116391     INFO  main            d.u.i.k.p.i.AbstractProblemLoader Replaying proof SET063p3.key.proof 
116395     DEBUG main            d.u.i.k.p.i.IntermediateProofReplayer Proof replay took 2.42ms 
116395     DEBUG main            d.u.i.k.p.r.p.TestFile    ... success: reloaded. 
116396     INFO  main            d.u.i.k.p.r.p.TestFile    Now processing file /home/runner/work/key/key/key.core/../key.ui/examples/standard_key/pred_log/tptp/SYN/SYN036p2.key 
116396     INFO  main            d.u.i.k.p.i.AbstractProblemLoader Loading environment from /home/runner/work/key/key/key.core/../key.ui/examples/standard_key/pred_log/tptp/SYN/SYN036p2.key 
116396     DEBUG main            d.u.i.k.p.i.AbstractProblemLoader Environment load took 74.2ns 
116397     INFO  main            d.u.i.k.p.i.AbstractProblemLoader Creating init config 
118700     DEBUG main            d.u.i.k.p.i.AbstractProblemLoader Init config took 2.3s 
118718     INFO  main            d.u.i.k.p.i.AbstractProblemLoader Replaying proof SYN036p2.key 
118719     DEBUG main            d.u.i.k.p.i.IntermediateProofReplayer Proof replay took 6.7ns 
119024     INFO  main            d.u.i.k.p.r.p.TestFile    ... finished proof: closed. 
119255     INFO  main            d.u.i.k.p.i.AbstractProblemLoader Loading environment from /home/runner/work/key/key/key.core/../key.ui/examples/standard_key/pred_log/tptp/SYN/SYN036p2.key.proof 
119255     DEBUG main            d.u.i.k.p.i.AbstractProblemLoader Environment load took 105ns 
119256     INFO  main            d.u.i.k.p.i.AbstractProblemLoader Creating init config 
121499     DEBUG main            d.u.i.k.p.i.AbstractProblemLoader Init config took 2.24s 
121520     INFO  main            d.u.i.k.p.i.AbstractProblemLoader Replaying proof SYN036p2.key.proof 
121576     DEBUG main            d.u.i.k.p.i.IntermediateProofReplayer Proof replay took 47.16ms 
121577     DEBUG main            d.u.i.k.p.r.p.TestFile    ... success: reloaded. 
121577     INFO  main            d.u.i.k.p.r.p.TestFile    Now processing file /home/runner/work/key/key/key.core/../key.ui/examples/standard_key/pred_log/tptp/SYN/SYN550p1.key 
121578     INFO  main            d.u.i.k.p.i.AbstractProblemLoader Loading environment from /home/runner/work/key/key/key.core/../key.ui/examples/standard_key/pred_log/tptp/SYN/SYN550p1.key 
121578     DEBUG main            d.u.i.k.p.i.AbstractProblemLoader Environment load took 155.6ns 
121579     INFO  main            d.u.i.k.p.i.AbstractProblemLoader Creating init config 
123869     DEBUG main            d.u.i.k.p.i.AbstractProblemLoader Init config took 2.29s 
123882     INFO  main            d.u.i.k.p.i.AbstractProblemLoader Replaying proof SYN550p1.key 
123884     DEBUG main            d.u.i.k.p.i.IntermediateProofReplayer Proof replay took 6.3ns 
126490     INFO  main            d.u.i.k.p.r.p.TestFile    ... finished proof: closed. 
126718     INFO  main            d.u.i.k.p.i.AbstractProblemLoader Loading environment from /home/runner/work/key/key/key.core/../key.ui/examples/standard_key/pred_log/tptp/SYN/SYN550p1.key.proof 
126718     DEBUG main            d.u.i.k.p.i.AbstractProblemLoader Environment load took 315.39ns 
126719     INFO  main            d.u.i.k.p.i.AbstractProblemLoader Creating init config 
128951     DEBUG main            d.u.i.k.p.i.AbstractProblemLoader Init config took 2.23s 
128964     INFO  main            d.u.i.k.p.i.AbstractProblemLoader Replaying proof SYN550p1.key.proof 
129029     DEBUG main            d.u.i.k.p.i.IntermediateProofReplayer Proof replay took 58.92ms 
129030     DEBUG main            d.u.i.k.p.r.p.TestFile    ... success: reloaded. 
129030     INFO  main            d.u.i.k.p.r.p.TestFile    Now processing file /home/runner/work/key/key/key.core/../key.ui/examples/standard_key/prop_log/reallySimple.key 
129030     INFO  main            d.u.i.k.p.i.AbstractProblemLoader Loading environment from /home/runner/work/key/key/key.core/../key.ui/examples/standard_key/prop_log/reallySimple.key 
129030     DEBUG main            d.u.i.k.p.i.AbstractProblemLoader Environment load took 63.7ns 
129031     INFO  main            d.u.i.k.p.i.AbstractProblemLoader Creating init config 
131314     DEBUG main            d.u.i.k.p.i.AbstractProblemLoader Init config took 2.28s 
131328     INFO  main            d.u.i.k.p.i.AbstractProblemLoader Replaying proof reallySimple.key 
131329     DEBUG main            d.u.i.k.p.i.IntermediateProofReplayer Proof replay took 6.3ns 
131430     INFO  main            d.u.i.k.p.r.p.TestFile    ... finished proof: open goal(s) 
131666     INFO  main            d.u.i.k.p.r.p.TestFile    Now processing file /home/runner/work/key/key/key.core/../key.ui/examples/standard_key/pred_log/sameName1.key 
131667     INFO  main            d.u.i.k.p.i.AbstractProblemLoader Loading environment from /home/runner/work/key/key/key.core/../key.ui/examples/standard_key/pred_log/sameName1.key 
131667     DEBUG main            d.u.i.k.p.i.AbstractProblemLoader Environment load took 52.5ns 
131668     INFO  main            d.u.i.k.p.i.AbstractProblemLoader Creating init config 
133899     DEBUG main            d.u.i.k.p.i.AbstractProblemLoader Init config took 2.23s 
133911     INFO  main            d.u.i.k.p.i.AbstractProblemLoader Replaying proof sameName1.key 
133912     DEBUG main            d.u.i.k.p.i.IntermediateProofReplayer Proof replay took 6.5ns 
134014     INFO  main            d.u.i.k.p.r.p.TestFile    ... finished proof: open goal(s) 
134228     INFO  main            d.u.i.k.p.r.p.TestFile    Now processing file /home/runner/work/key/key/key.core/../key.ui/examples/standard_key/pred_log/jbyteIfEx.key 
134228     INFO  main            d.u.i.k.p.i.AbstractProblemLoader Loading environment from /home/runner/work/key/key/key.core/../key.ui/examples/standard_key/pred_log/jbyteIfEx.key 
134228     DEBUG main            d.u.i.k.p.i.AbstractProblemLoader Environment load took 67.3ns 
134229     INFO  main            d.u.i.k.p.i.AbstractProblemLoader Creating init config 
136461     DEBUG main            d.u.i.k.p.i.AbstractProblemLoader Init config took 2.23s 
136473     INFO  main            d.u.i.k.p.i.AbstractProblemLoader Replaying proof jbyteIfEx.key 
136474     DEBUG main            d.u.i.k.p.i.IntermediateProofReplayer Proof replay took 6.2ns 
136576     INFO  main            d.u.i.k.p.r.p.TestFile    ... finished proof: closed. 
136797     INFO  main            d.u.i.k.p.i.AbstractProblemLoader Loading environment from /home/runner/work/key/key/key.core/../key.ui/examples/standard_key/pred_log/jbyteIfEx.key.proof 
136797     DEBUG main            d.u.i.k.p.i.AbstractProblemLoader Environment load took 99.8ns 
136798     INFO  main            d.u.i.k.p.i.AbstractProblemLoader Creating init config 
139029     DEBUG main            d.u.i.k.p.i.AbstractProblemLoader Init config took 2.23s 
139041     INFO  main            d.u.i.k.p.i.AbstractProblemLoader Replaying proof jbyteIfEx.key.proof 
139048     DEBUG main            d.u.i.k.p.i.IntermediateProofReplayer Proof replay took 4.97ms 
139049     DEBUG main            d.u.i.k.p.r.p.TestFile    ... success: reloaded. 
139049     INFO  main            d.u.i.k.p.r.p.TestFile    Now processing file /home/runner/work/key/key/key.core/../key.ui/examples/standard_key/prop_log/allClausesLength4.key 
139049     INFO  main            d.u.i.k.p.i.AbstractProblemLoader Loading environment from /home/runner/work/key/key/key.core/../key.ui/examples/standard_key/prop_log/allClausesLength4.key 
139049     DEBUG main            d.u.i.k.p.i.AbstractProblemLoader Environment load took 84.6ns 
139050     INFO  main            d.u.i.k.p.i.AbstractProblemLoader Creating init config 
141364     DEBUG main            d.u.i.k.p.i.AbstractProblemLoader Init config took 2.31s 
141376     INFO  main            d.u.i.k.p.i.AbstractProblemLoader Replaying proof allClausesLength4.key 
141377     DEBUG main            d.u.i.k.p.i.IntermediateProofReplayer Proof replay took 5.6ns 
141479     INFO  main            d.u.i.k.p.r.p.TestFile    ... finished proof: closed. 
141711     INFO  main            d.u.i.k.p.i.AbstractProblemLoader Loading environment from /home/runner/work/key/key/key.core/../key.ui/examples/standard_key/prop_log/allClausesLength4.key.proof 
141711     DEBUG main            d.u.i.k.p.i.AbstractProblemLoader Environment load took 92.8ns 
141713     INFO  main            d.u.i.k.p.i.AbstractProblemLoader Creating init config 
143947     DEBUG main            d.u.i.k.p.i.AbstractProblemLoader Init config took 2.23s 
143960     INFO  main            d.u.i.k.p.i.AbstractProblemLoader Replaying proof allClausesLength4.key.proof 
143987     DEBUG main            d.u.i.k.p.i.IntermediateProofReplayer Proof replay took 24.31ms 
143987     DEBUG main            d.u.i.k.p.r.p.TestFile    ... success: reloaded. 
143988     INFO  main            d.u.i.k.p.r.p.TestFile    Now processing file /home/runner/work/key/key/key.core/../key.ui/examples/standard_key/prop_log/allClausesLength5.key 
143988     INFO  main            d.u.i.k.p.i.AbstractProblemLoader Loading environment from /home/runner/work/key/key/key.core/../key.ui/examples/standard_key/prop_log/allClausesLength5.key 
143989     DEBUG main            d.u.i.k.p.i.AbstractProblemLoader Environment load took 150.9ns 
143990     INFO  main            d.u.i.k.p.i.AbstractProblemLoader Creating init config 
146251     DEBUG main            d.u.i.k.p.i.AbstractProblemLoader Init config took 2.26s 
146265     INFO  main            d.u.i.k.p.i.AbstractProblemLoader Replaying proof allClausesLength5.key 
146266     DEBUG main            d.u.i.k.p.i.IntermediateProofReplayer Proof replay took 6.2ns 
146469     INFO  main            d.u.i.k.p.r.p.TestFile    ... finished proof: closed. 
146734     INFO  main            d.u.i.k.p.i.AbstractProblemLoader Loading environment from /home/runner/work/key/key/key.core/../key.ui/examples/standard_key/prop_log/allClausesLength5.key.proof 
146735     DEBUG main            d.u.i.k.p.i.AbstractProblemLoader Environment load took 315.7ns 
146736     INFO  main            d.u.i.k.p.i.AbstractProblemLoader Creating init config 
148967     DEBUG main            d.u.i.k.p.i.AbstractProblemLoader Init config took 2.23s 
148980     INFO  main            d.u.i.k.p.i.AbstractProblemLoader Replaying proof allClausesLength5.key.proof 
149006     DEBUG main            d.u.i.k.p.i.IntermediateProofReplayer Proof replay took 22.17ms 
149007     DEBUG main            d.u.i.k.p.r.p.TestFile    ... success: reloaded. 
149008     INFO  main            d.u.i.k.p.r.p.TestFile    Now processing file /home/runner/work/key/key/key.core/../key.ui/examples/standard_key/prop_log/doubleNeg.key 
149008     INFO  main            d.u.i.k.p.i.AbstractProblemLoader Loading environment from /home/runner/work/key/key/key.core/../key.ui/examples/standard_key/prop_log/doubleNeg.key 
149008     DEBUG main            d.u.i.k.p.i.AbstractProblemLoader Environment load took 68.3ns 
149009     INFO  main            d.u.i.k.p.i.AbstractProblemLoader Creating init config 
151280     DEBUG main            d.u.i.k.p.i.AbstractProblemLoader Init config took 2.27s 
151294     INFO  main            d.u.i.k.p.i.AbstractProblemLoader Replaying proof doubleNeg.key 
151295     DEBUG main            d.u.i.k.p.i.IntermediateProofReplayer Proof replay took 6ns 
151396     INFO  main            d.u.i.k.p.r.p.TestFile    ... finished proof: closed. 
151632     INFO  main            d.u.i.k.p.i.AbstractProblemLoader Loading environment from /home/runner/work/key/key/key.core/../key.ui/examples/standard_key/prop_log/doubleNeg.key.proof 
151632     DEBUG main            d.u.i.k.p.i.AbstractProblemLoader Environment load took 87ns 
151633     INFO  main            d.u.i.k.p.i.AbstractProblemLoader Creating init config 
153872     DEBUG main            d.u.i.k.p.i.AbstractProblemLoader Init config took 2.24s 
153884     INFO  main            d.u.i.k.p.i.AbstractProblemLoader Replaying proof doubleNeg.key.proof 
153886     DEBUG main            d.u.i.k.p.i.IntermediateProofReplayer Proof replay took 303.6ns 
153886     DEBUG main            d.u.i.k.p.r.p.TestFile    ... success: reloaded. 
153887     INFO  main            d.u.i.k.p.r.p.TestFile    Now processing file /home/runner/work/key/key/key.core/../key.ui/examples/standard_key/prop_log/liarsville.key 
153887     INFO  main            d.u.i.k.p.i.AbstractProblemLoader Loading environment from /home/runner/work/key/key/key.core/../key.ui/examples/standard_key/prop_log/liarsville.key 
153887     DEBUG main            d.u.i.k.p.i.AbstractProblemLoader Environment load took 65.1ns 
153888     INFO  main            d.u.i.k.p.i.AbstractProblemLoader Creating init config 
156168     DEBUG main            d.u.i.k.p.i.AbstractProblemLoader Init config took 2.28s 
156180     INFO  main            d.u.i.k.p.i.AbstractProblemLoader Replaying proof liarsville.key 
156181     DEBUG main            d.u.i.k.p.i.IntermediateProofReplayer Proof replay took 5.4ns 
156283     INFO  main            d.u.i.k.p.r.p.TestFile    ... finished proof: closed. 
156518     INFO  main            d.u.i.k.p.i.AbstractProblemLoader Loading environment from /home/runner/work/key/key/key.core/../key.ui/examples/standard_key/prop_log/liarsville.key.proof 
156519     DEBUG main            d.u.i.k.p.i.AbstractProblemLoader Environment load took 85.3ns 
156519     INFO  main            d.u.i.k.p.i.AbstractProblemLoader Creating init config 
158749     DEBUG main            d.u.i.k.p.i.AbstractProblemLoader Init config took 2.23s 
158761     INFO  main            d.u.i.k.p.i.AbstractProblemLoader Replaying proof liarsville.key.proof 
158763     DEBUG main            d.u.i.k.p.i.IntermediateProofReplayer Proof replay took 843.69ns 
158763     DEBUG main            d.u.i.k.p.r.p.TestFile    ... success: reloaded. 
158764     INFO  main            d.u.i.k.p.r.p.TestFile    Now processing file /home/runner/work/key/key/key.core/../key.ui/examples/standard_key/prop_log/simplest.key 
158764     INFO  main            d.u.i.k.p.i.AbstractProblemLoader Loading environment from /home/runner/work/key/key/key.core/../key.ui/examples/standard_key/prop_log/simplest.key 
158764     DEBUG main            d.u.i.k.p.i.AbstractProblemLoader Environment load took 44.8ns 
158765     INFO  main            d.u.i.k.p.i.AbstractProblemLoader Creating init config 
161026     DEBUG main            d.u.i.k.p.i.AbstractProblemLoader Init config took 2.26s 
161056     INFO  main            d.u.i.k.p.i.AbstractProblemLoader Replaying proof simplest.key 
161057     DEBUG main            d.u.i.k.p.i.IntermediateProofReplayer Proof replay took 6.2ns 
161158     INFO  main            d.u.i.k.p.r.p.TestFile    ... finished proof: closed. 
161392     INFO  main            d.u.i.k.p.i.AbstractProblemLoader Loading environment from /home/runner/work/key/key/key.core/../key.ui/examples/standard_key/prop_log/simplest.key.proof 
161392     DEBUG main            d.u.i.k.p.i.AbstractProblemLoader Environment load took 110.6ns 
161393     INFO  main            d.u.i.k.p.i.AbstractProblemLoader Creating init config 
163614     DEBUG main            d.u.i.k.p.i.AbstractProblemLoader Init config took 2.22s 
163626     INFO  main            d.u.i.k.p.i.AbstractProblemLoader Replaying proof simplest.key.proof 
163627     DEBUG main            d.u.i.k.p.i.IntermediateProofReplayer Proof replay took 76.2ns 
163627     DEBUG main            d.u.i.k.p.r.p.TestFile    ... success: reloaded. 
163628     INFO  main            d.u.i.k.p.r.p.TestFile    Now processing file /home/runner/work/key/key/key.core/../key.ui/examples/standard_key/prop_log/contraposition.key 
163628     INFO  main            d.u.i.k.p.i.AbstractProblemLoader Loading environment from /home/runner/work/key/key/key.core/../key.ui/examples/standard_key/prop_log/contraposition.key 
163628     DEBUG main            d.u.i.k.p.i.AbstractProblemLoader Environment load took 43.6ns 
163630     INFO  main            d.u.i.k.p.i.AbstractProblemLoader Creating init config 
165886     DEBUG main            d.u.i.k.p.i.AbstractProblemLoader Init config took 2.26s 
165898     INFO  main            d.u.i.k.p.i.AbstractProblemLoader Replaying proof contraposition.key 
165899     DEBUG main            d.u.i.k.p.i.IntermediateProofReplayer Proof replay took 5.7ns 
166000     INFO  main            d.u.i.k.p.r.p.TestFile    ... finished proof: closed. 
166247     INFO  main            d.u.i.k.p.i.AbstractProblemLoader Loading environment from /home/runner/work/key/key/key.core/../key.ui/examples/standard_key/prop_log/contraposition.key.proof 
166247     DEBUG main            d.u.i.k.p.i.AbstractProblemLoader Environment load took 82.6ns 
166248     INFO  main            d.u.i.k.p.i.AbstractProblemLoader Creating init config 
168468     DEBUG main            d.u.i.k.p.i.AbstractProblemLoader Init config took 2.22s 
168480     INFO  main            d.u.i.k.p.i.AbstractProblemLoader Replaying proof contraposition.key.proof 
168481     DEBUG main            d.u.i.k.p.i.IntermediateProofReplayer Proof replay took 336.5ns 
168482     DEBUG main            d.u.i.k.p.r.p.TestFile    ... success: reloaded. 
168482     INFO  main            d.u.i.k.p.r.p.TestFile    Now processing file /home/runner/work/key/key/key.core/../key.ui/examples/standard_key/quantifiers/elimination0.key 
168482     INFO  main            d.u.i.k.p.i.AbstractProblemLoader Loading environment from /home/runner/work/key/key/key.core/../key.ui/examples/standard_key/quantifiers/elimination0.key 
168482     DEBUG main            d.u.i.k.p.i.AbstractProblemLoader Environment load took 45.8ns 
168483     INFO  main            d.u.i.k.p.i.AbstractProblemLoader Creating init config 
170753     DEBUG main            d.u.i.k.p.i.AbstractProblemLoader Init config took 2.27s 
170765     INFO  main            d.u.i.k.p.i.AbstractProblemLoader Replaying proof elimination0.key 
170767     DEBUG main            d.u.i.k.p.i.IntermediateProofReplayer Proof replay took 5.9ns 
170869     INFO  main            d.u.i.k.p.r.p.TestFile    ... finished proof: closed. 
171121     INFO  main            d.u.i.k.p.i.AbstractProblemLoader Loading environment from /home/runner/work/key/key/key.core/../key.ui/examples/standard_key/quantifiers/elimination0.key.proof 
171121     DEBUG main            d.u.i.k.p.i.AbstractProblemLoader Environment load took 83.3ns 
171122     INFO  main            d.u.i.k.p.i.AbstractProblemLoader Creating init config 
173350     DEBUG main            d.u.i.k.p.i.AbstractProblemLoader Init config took 2.23s 
173362     INFO  main            d.u.i.k.p.i.AbstractProblemLoader Replaying proof elimination0.key.proof 
173364     DEBUG main            d.u.i.k.p.i.IntermediateProofReplayer Proof replay took 781.39ns 
173364     DEBUG main            d.u.i.k.p.r.p.TestFile    ... success: reloaded. 
173365     INFO  main            d.u.i.k.p.r.p.TestFile    Now processing file /home/runner/work/key/key/key.core/../key.ui/examples/standard_key/quantifiers/heuristic_PUZ001p1-eq.key 
173365     INFO  main            d.u.i.k.p.i.AbstractProblemLoader Loading environment from /home/runner/work/key/key/key.core/../key.ui/examples/standard_key/quantifiers/heuristic_PUZ001p1-eq.key 
173365     DEBUG main            d.u.i.k.p.i.AbstractProblemLoader Environment load took 55.5ns 
173366     INFO  main            d.u.i.k.p.i.AbstractProblemLoader Creating init config 
175629     DEBUG main            d.u.i.k.p.i.AbstractProblemLoader Init config took 2.26s 
175642     INFO  main            d.u.i.k.p.i.AbstractProblemLoader Replaying proof heuristic_PUZ001p1-eq.key 
175644     DEBUG main            d.u.i.k.p.i.IntermediateProofReplayer Proof replay took 5.9ns 
175746     INFO  main            d.u.i.k.p.r.p.TestFile    ... finished proof: closed. 
176009     INFO  main            d.u.i.k.p.i.AbstractProblemLoader Loading environment from /home/runner/work/key/key/key.core/../key.ui/examples/standard_key/quantifiers/heuristic_PUZ001p1-eq.key.proof 
176009     DEBUG main            d.u.i.k.p.i.AbstractProblemLoader Environment load took 89.5ns 
176010     INFO  main            d.u.i.k.p.i.AbstractProblemLoader Creating init config 
178240     DEBUG main            d.u.i.k.p.i.AbstractProblemLoader Init config took 2.23s 
178252     INFO  main            d.u.i.k.p.i.AbstractProblemLoader Replaying proof heuristic_PUZ001p1-eq.key.proof 
178259     DEBUG main            d.u.i.k.p.i.IntermediateProofReplayer Proof replay took 5.24ms 
178260     DEBUG main            d.u.i.k.p.r.p.TestFile    ... success: reloaded. 
178261     INFO  main            d.u.i.k.p.r.p.TestFile    Now processing file /home/runner/work/key/key/key.core/../key.ui/examples/standard_key/quantifiers/heuristic_PUZ001p1.key 
178261     INFO  main            d.u.i.k.p.i.AbstractProblemLoader Loading environment from /home/runner/work/key/key/key.core/../key.ui/examples/standard_key/quantifiers/heuristic_PUZ001p1.key 
178261     DEBUG main            d.u.i.k.p.i.AbstractProblemLoader Environment load took 69ns 
178262     INFO  main            d.u.i.k.p.i.AbstractProblemLoader Creating init config 
180535     DEBUG main            d.u.i.k.p.i.AbstractProblemLoader Init config took 2.27s 
180552     INFO  main            d.u.i.k.p.i.AbstractProblemLoader Replaying proof heuristic_PUZ001p1.key 
180554     DEBUG main            d.u.i.k.p.i.IntermediateProofReplayer Proof replay took 6.5ns 
181858     INFO  main            d.u.i.k.p.r.p.TestFile    ... finished proof: closed. 
182138     INFO  main            d.u.i.k.p.i.AbstractProblemLoader Loading environment from /home/runner/work/key/key/key.core/../key.ui/examples/standard_key/quantifiers/heuristic_PUZ001p1.key.proof 
182138     DEBUG main            d.u.i.k.p.i.AbstractProblemLoader Environment load took 344.8ns 
182139     INFO  main            d.u.i.k.p.i.AbstractProblemLoader Creating init config 
184370     DEBUG main            d.u.i.k.p.i.AbstractProblemLoader Init config took 2.23s 
184383     INFO  main            d.u.i.k.p.i.AbstractProblemLoader Replaying proof heuristic_PUZ001p1.key.proof 
184411     DEBUG main            d.u.i.k.p.i.IntermediateProofReplayer Proof replay took 23.53ms 
184412     DEBUG main            d.u.i.k.p.r.p.TestFile    ... success: reloaded. 
184413     INFO  main            d.u.i.k.p.r.p.TestFile    Now processing file /home/runner/work/key/key/key.core/../key.ui/examples/standard_key/quantifiers/heuristic_PUZ031p1.key 
184413     INFO  main            d.u.i.k.p.i.AbstractProblemLoader Loading environment from /home/runner/work/key/key/key.core/../key.ui/examples/standard_key/quantifiers/heuristic_PUZ031p1.key 
184414     DEBUG main            d.u.i.k.p.i.AbstractProblemLoader Environment load took 153.5ns 
184415     INFO  main            d.u.i.k.p.i.AbstractProblemLoader Creating init config 
186703     DEBUG main            d.u.i.k.p.i.AbstractProblemLoader Init config took 2.29s 
186716     INFO  main            d.u.i.k.p.i.AbstractProblemLoader Replaying proof heuristic_PUZ031p1.key 
186718     DEBUG main            d.u.i.k.p.i.IntermediateProofReplayer Proof replay took 5.9ns 
191229     INFO  main            d.u.i.k.p.r.p.TestFile    ... finished proof: closed. 
191531     INFO  main            d.u.i.k.p.i.AbstractProblemLoader Loading environment from /home/runner/work/key/key/key.core/../key.ui/examples/standard_key/quantifiers/heuristic_PUZ031p1.key.proof 
191531     DEBUG main            d.u.i.k.p.i.AbstractProblemLoader Environment load took 449.5ns 
191533     INFO  main            d.u.i.k.p.i.AbstractProblemLoader Creating init config 
193752     DEBUG main            d.u.i.k.p.i.AbstractProblemLoader Init config took 2.22s 
193765     INFO  main            d.u.i.k.p.i.AbstractProblemLoader Replaying proof heuristic_PUZ031p1.key.proof 
193807     DEBUG main            d.u.i.k.p.i.IntermediateProofReplayer Proof replay took 37.79ms 
193808     DEBUG main            d.u.i.k.p.r.p.TestFile    ... success: reloaded. 
193809     INFO  main            d.u.i.k.p.r.p.TestFile    Now processing file /home/runner/work/key/key/key.core/../key.ui/examples/standard_key/quantifiers/heuristic_SYN036p2.key 
193809     INFO  main            d.u.i.k.p.i.AbstractProblemLoader Loading environment from /home/runner/work/key/key/key.core/../key.ui/examples/standard_key/quantifiers/heuristic_SYN036p2.key 
193809     DEBUG main            d.u.i.k.p.i.AbstractProblemLoader Environment load took 72.2ns 
193810     INFO  main            d.u.i.k.p.i.AbstractProblemLoader Creating init config 
196058     DEBUG main            d.u.i.k.p.i.AbstractProblemLoader Init config took 2.25s 
196070     INFO  main            d.u.i.k.p.i.AbstractProblemLoader Replaying proof heuristic_SYN036p2.key 
196071     DEBUG main            d.u.i.k.p.i.IntermediateProofReplayer Proof replay took 7ns 
196276     INFO  main            d.u.i.k.p.r.p.TestFile    ... finished proof: closed. 
196584     INFO  main            d.u.i.k.p.i.AbstractProblemLoader Loading environment from /home/runner/work/key/key/key.core/../key.ui/examples/standard_key/quantifiers/heuristic_SYN036p2.key.proof 
196584     DEBUG main            d.u.i.k.p.i.AbstractProblemLoader Environment load took 89.1ns 
196585     INFO  main            d.u.i.k.p.i.AbstractProblemLoader Creating init config 
198790     DEBUG main            d.u.i.k.p.i.AbstractProblemLoader Init config took 2.21s 
198802     INFO  main            d.u.i.k.p.i.AbstractProblemLoader Replaying proof heuristic_SYN036p2.key.proof 
198843     DEBUG main            d.u.i.k.p.i.IntermediateProofReplayer Proof replay took 33.55ms 
198843     DEBUG main            d.u.i.k.p.r.p.TestFile    ... success: reloaded. 
198844     INFO  main            d.u.i.k.p.r.p.TestFile    Now processing file /home/runner/work/key/key/key.core/../key.ui/examples/standard_key/quantifiers/injectivity.key 
198844     INFO  main            d.u.i.k.p.i.AbstractProblemLoader Loading environment from /home/runner/work/key/key/key.core/../key.ui/examples/standard_key/quantifiers/injectivity.key 
198844     DEBUG main            d.u.i.k.p.i.AbstractProblemLoader Environment load took 89.9ns 
198845     INFO  main            d.u.i.k.p.i.AbstractProblemLoader Creating init config 
201104     DEBUG main            d.u.i.k.p.i.AbstractProblemLoader Init config took 2.26s 
201116     INFO  main            d.u.i.k.p.i.AbstractProblemLoader Replaying proof injectivity.key 
201120     DEBUG main            d.u.i.k.p.i.IntermediateProofReplayer Proof replay took 5.8ns 
201222     INFO  main            d.u.i.k.p.r.p.TestFile    ... finished proof: closed. 
201505     INFO  main            d.u.i.k.p.i.AbstractProblemLoader Loading environment from /home/runner/work/key/key/key.core/../key.ui/examples/standard_key/quantifiers/injectivity.key.proof 
201505     DEBUG main            d.u.i.k.p.i.AbstractProblemLoader Environment load took 82ns 
201506     INFO  main            d.u.i.k.p.i.AbstractProblemLoader Creating init config 
203708     DEBUG main            d.u.i.k.p.i.AbstractProblemLoader Init config took 2.2s 
203720     INFO  main            d.u.i.k.p.i.AbstractProblemLoader Replaying proof injectivity.key.proof 
203723     DEBUG main            d.u.i.k.p.i.IntermediateProofReplayer Proof replay took 999.39ns 
203723     DEBUG main            d.u.i.k.p.r.p.TestFile    ... success: reloaded. 
203724     INFO  main            d.u.i.k.p.r.p.TestFile    Now processing file /home/runner/work/key/key/key.core/../key.ui/examples/standard_key/quantifiers/normalisation0.key 
203724     INFO  main            d.u.i.k.p.i.AbstractProblemLoader Loading environment from /home/runner/work/key/key/key.core/../key.ui/examples/standard_key/quantifiers/normalisation0.key 
203724     DEBUG main            d.u.i.k.p.i.AbstractProblemLoader Environment load took 71ns 
203725     INFO  main            d.u.i.k.p.i.AbstractProblemLoader Creating init config 
205962     DEBUG main            d.u.i.k.p.i.AbstractProblemLoader Init config took 2.24s 
205974     INFO  main            d.u.i.k.p.i.AbstractProblemLoader Replaying proof normalisation0.key 
205976     DEBUG main            d.u.i.k.p.i.IntermediateProofReplayer Proof replay took 6ns 
206077     INFO  main            d.u.i.k.p.r.p.TestFile    ... finished proof: closed. 
206357     INFO  main            d.u.i.k.p.i.AbstractProblemLoader Loading environment from /home/runner/work/key/key/key.core/../key.ui/examples/standard_key/quantifiers/normalisation0.key.proof 
206357     DEBUG main            d.u.i.k.p.i.AbstractProblemLoader Environment load took 80.9ns 
206358     INFO  main            d.u.i.k.p.i.AbstractProblemLoader Creating init config 
208564     DEBUG main            d.u.i.k.p.i.AbstractProblemLoader Init config took 2.21s 
208584     INFO  main            d.u.i.k.p.i.AbstractProblemLoader Replaying proof normalisation0.key.proof 
208587     DEBUG main            d.u.i.k.p.i.IntermediateProofReplayer Proof replay took 927.99ns 
208588     DEBUG main            d.u.i.k.p.r.p.TestFile    ... success: reloaded. 
208588     INFO  main            d.u.i.k.p.r.p.TestFile    Now processing file /home/runner/work/key/key/key.core/../key.ui/examples/standard_key/quantifiers/normalisation1.key 
208589     INFO  main            d.u.i.k.p.i.AbstractProblemLoader Loading environment from /home/runner/work/key/key/key.core/../key.ui/examples/standard_key/quantifiers/normalisation1.key 
208589     DEBUG main            d.u.i.k.p.i.AbstractProblemLoader Environment load took 61.4ns 
208589     INFO  main            d.u.i.k.p.i.AbstractProblemLoader Creating init config 
210827     DEBUG main            d.u.i.k.p.i.AbstractProblemLoader Init config took 2.24s 
210841     INFO  main            d.u.i.k.p.i.AbstractProblemLoader Replaying proof normalisation1.key 
210843     DEBUG main            d.u.i.k.p.i.IntermediateProofReplayer Proof replay took 7.1ns 
210947     INFO  main            d.u.i.k.p.r.p.TestFile    ... finished proof: closed. 
211250     INFO  main            d.u.i.k.p.i.AbstractProblemLoader Loading environment from /home/runner/work/key/key/key.core/../key.ui/examples/standard_key/quantifiers/normalisation1.key.proof 
211250     DEBUG main            d.u.i.k.p.i.AbstractProblemLoader Environment load took 75.7ns 
211251     INFO  main            d.u.i.k.p.i.AbstractProblemLoader Creating init config 
213464     DEBUG main            d.u.i.k.p.i.AbstractProblemLoader Init config took 2.21s 
213477     INFO  main            d.u.i.k.p.i.AbstractProblemLoader Replaying proof normalisation1.key.proof 
213479     DEBUG main            d.u.i.k.p.i.IntermediateProofReplayer Proof replay took 795.79ns 
213480     DEBUG main            d.u.i.k.p.r.p.TestFile    ... success: reloaded. 
213480     INFO  main            d.u.i.k.p.r.p.TestFile    Now processing file /home/runner/work/key/key/key.core/../key.ui/examples/standard_key/quantifiers/normalisation2.key 
213481     INFO  main            d.u.i.k.p.i.AbstractProblemLoader Loading environment from /home/runner/work/key/key/key.core/../key.ui/examples/standard_key/quantifiers/normalisation2.key 
213481     DEBUG main            d.u.i.k.p.i.AbstractProblemLoader Environment load took 52.9ns 
213481     INFO  main            d.u.i.k.p.i.AbstractProblemLoader Creating init config 
215734     DEBUG main            d.u.i.k.p.i.AbstractProblemLoader Init config took 2.25s 
215746     INFO  main            d.u.i.k.p.i.AbstractProblemLoader Replaying proof normalisation2.key 
215748     DEBUG main            d.u.i.k.p.i.IntermediateProofReplayer Proof replay took 5.5ns 
215849     INFO  main            d.u.i.k.p.r.p.TestFile    ... finished proof: closed. 
216141     INFO  main            d.u.i.k.p.i.AbstractProblemLoader Loading environment from /home/runner/work/key/key/key.core/../key.ui/examples/standard_key/quantifiers/normalisation2.key.proof 
216141     DEBUG main            d.u.i.k.p.i.AbstractProblemLoader Environment load took 95.6ns 
216142     INFO  main            d.u.i.k.p.i.AbstractProblemLoader Creating init config 
218354     DEBUG main            d.u.i.k.p.i.AbstractProblemLoader Init config took 2.21s 
218366     INFO  main            d.u.i.k.p.i.AbstractProblemLoader Replaying proof normalisation2.key.proof 
218369     DEBUG main            d.u.i.k.p.i.IntermediateProofReplayer Proof replay took 927.39ns 
218369     DEBUG main            d.u.i.k.p.r.p.TestFile    ... success: reloaded. 
218370     INFO  main            d.u.i.k.p.r.p.TestFile    Now processing file /home/runner/work/key/key/key.core/../key.ui/examples/standard_key/quantifiers/normalisation3.key 
218370     INFO  main            d.u.i.k.p.i.AbstractProblemLoader Loading environment from /home/runner/work/key/key/key.core/../key.ui/examples/standard_key/quantifiers/normalisation3.key 
218370     DEBUG main            d.u.i.k.p.i.AbstractProblemLoader Environment load took 63.4ns 
218371     INFO  main            d.u.i.k.p.i.AbstractProblemLoader Creating init config 
220610     DEBUG main            d.u.i.k.p.i.AbstractProblemLoader Init config took 2.24s 
220622     INFO  main            d.u.i.k.p.i.AbstractProblemLoader Replaying proof normalisation3.key 
220624     DEBUG main            d.u.i.k.p.i.IntermediateProofReplayer Proof replay took 5.9ns 
220726     INFO  main            d.u.i.k.p.r.p.TestFile    ... finished proof: closed. 
221029     INFO  main            d.u.i.k.p.i.AbstractProblemLoader Loading environment from /home/runner/work/key/key/key.core/../key.ui/examples/standard_key/quantifiers/normalisation3.key.proof 
221029     DEBUG main            d.u.i.k.p.i.AbstractProblemLoader Environment load took 80.7ns 
221030     INFO  main            d.u.i.k.p.i.AbstractProblemLoader Creating init config 
223242     DEBUG main            d.u.i.k.p.i.AbstractProblemLoader Init config took 2.21s 
223255     INFO  main            d.u.i.k.p.i.AbstractProblemLoader Replaying proof normalisation3.key.proof 
223257     DEBUG main            d.u.i.k.p.i.IntermediateProofReplayer Proof replay took 1.06ms 
223258     DEBUG main            d.u.i.k.p.r.p.TestFile    ... success: reloaded. 
223258     INFO  main            d.u.i.k.p.r.p.TestFile    Now processing file /home/runner/work/key/key/key.core/../key.ui/examples/standard_key/quantifiers/normalisation4.key 
223258     INFO  main            d.u.i.k.p.i.AbstractProblemLoader Loading environment from /home/runner/work/key/key/key.core/../key.ui/examples/standard_key/quantifiers/normalisation4.key 
223259     DEBUG main            d.u.i.k.p.i.AbstractProblemLoader Environment load took 112.7ns 
223259     INFO  main            d.u.i.k.p.i.AbstractProblemLoader Creating init config 
225511     DEBUG main            d.u.i.k.p.i.AbstractProblemLoader Init config took 2.25s 
225523     INFO  main            d.u.i.k.p.i.AbstractProblemLoader Replaying proof normalisation4.key 
225524     DEBUG main            d.u.i.k.p.i.IntermediateProofReplayer Proof replay took 5.2ns 
225626     INFO  main            d.u.i.k.p.r.p.TestFile    ... finished proof: closed. 
225933     INFO  main            d.u.i.k.p.i.AbstractProblemLoader Loading environment from /home/runner/work/key/key/key.core/../key.ui/examples/standard_key/quantifiers/normalisation4.key.proof 
225933     DEBUG main            d.u.i.k.p.i.AbstractProblemLoader Environment load took 81.9ns 
225934     INFO  main            d.u.i.k.p.i.AbstractProblemLoader Creating init config 
228151     DEBUG main            d.u.i.k.p.i.AbstractProblemLoader Init config took 2.22s 
228163     INFO  main            d.u.i.k.p.i.AbstractProblemLoader Replaying proof normalisation4.key.proof 
228166     DEBUG main            d.u.i.k.p.i.IntermediateProofReplayer Proof replay took 1.96ms 
228167     DEBUG main            d.u.i.k.p.r.p.TestFile    ... success: reloaded. 
228167     INFO  main            d.u.i.k.p.r.p.TestFile    Now processing file /home/runner/work/key/key/key.core/../key.ui/examples/standard_key/quantifiers/normalisation5.key 
228168     INFO  main            d.u.i.k.p.i.AbstractProblemLoader Loading environment from /home/runner/work/key/key/key.core/../key.ui/examples/standard_key/quantifiers/normalisation5.key 
228168     DEBUG main            d.u.i.k.p.i.AbstractProblemLoader Environment load took 60.1ns 
228169     INFO  main            d.u.i.k.p.i.AbstractProblemLoader Creating init config 
230412     DEBUG main            d.u.i.k.p.i.AbstractProblemLoader Init config took 2.24s 
230424     INFO  main            d.u.i.k.p.i.AbstractProblemLoader Replaying proof normalisation5.key 
230425     DEBUG main            d.u.i.k.p.i.IntermediateProofReplayer Proof replay took 5.8ns 
230527     INFO  main            d.u.i.k.p.r.p.TestFile    ... finished proof: closed. 
230850     INFO  main            d.u.i.k.p.i.AbstractProblemLoader Loading environment from /home/runner/work/key/key/key.core/../key.ui/examples/standard_key/quantifiers/normalisation5.key.proof 
230850     DEBUG main            d.u.i.k.p.i.AbstractProblemLoader Environment load took 80.6ns 
230851     INFO  main            d.u.i.k.p.i.AbstractProblemLoader Creating init config 
233064     DEBUG main            d.u.i.k.p.i.AbstractProblemLoader Init config took 2.21s 
233076     INFO  main            d.u.i.k.p.i.AbstractProblemLoader Replaying proof normalisation5.key.proof 
233079     DEBUG main            d.u.i.k.p.i.IntermediateProofReplayer Proof replay took 1.24ms 
233079     DEBUG main            d.u.i.k.p.r.p.TestFile    ... success: reloaded. 
233082     INFO  main            d.u.i.k.p.r.p.TestFile    Now processing file /home/runner/work/key/key/key.core/../key.ui/examples/standard_key/quantifiers/normalisation6.key 
233082     INFO  main            d.u.i.k.p.i.AbstractProblemLoader Loading environment from /home/runner/work/key/key/key.core/../key.ui/examples/standard_key/quantifiers/normalisation6.key 
233085     DEBUG main            d.u.i.k.p.i.AbstractProblemLoader Environment load took 3.31ms 
233086     INFO  main            d.u.i.k.p.i.AbstractProblemLoader Creating init config 
235322     DEBUG main            d.u.i.k.p.i.AbstractProblemLoader Init config took 2.24s 
235334     INFO  main            d.u.i.k.p.i.AbstractProblemLoader Replaying proof normalisation6.key 
235336     DEBUG main            d.u.i.k.p.i.IntermediateProofReplayer Proof replay took 6.2ns 
235437     INFO  main            d.u.i.k.p.r.p.TestFile    ... finished proof: closed. 
235749     INFO  main            d.u.i.k.p.i.AbstractProblemLoader Loading environment from /home/runner/work/key/key/key.core/../key.ui/examples/standard_key/quantifiers/normalisation6.key.proof 
235749     DEBUG main            d.u.i.k.p.i.AbstractProblemLoader Environment load took 69ns 
235750     INFO  main            d.u.i.k.p.i.AbstractProblemLoader Creating init config 
237961     DEBUG main            d.u.i.k.p.i.AbstractProblemLoader Init config took 2.21s 
237973     INFO  main            d.u.i.k.p.i.AbstractProblemLoader Replaying proof normalisation6.key.proof 
237975     DEBUG main            d.u.i.k.p.i.IntermediateProofReplayer Proof replay took 1.14ms 
237976     DEBUG main            d.u.i.k.p.r.p.TestFile    ... success: reloaded. 
237977     INFO  main            d.u.i.k.p.r.p.TestFile    Now processing file /home/runner/work/key/key/key.core/../key.ui/examples/standard_key/quantifiers/normalisation7.key 
237977     INFO  main            d.u.i.k.p.i.AbstractProblemLoader Loading environment from /home/runner/work/key/key/key.core/../key.ui/examples/standard_key/quantifiers/normalisation7.key 
237977     DEBUG main            d.u.i.k.p.i.AbstractProblemLoader Environment load took 62.1ns 
237978     INFO  main            d.u.i.k.p.i.AbstractProblemLoader Creating init config 
240222     DEBUG main            d.u.i.k.p.i.AbstractProblemLoader Init config took 2.24s 
240235     INFO  main            d.u.i.k.p.i.AbstractProblemLoader Replaying proof normalisation7.key 
240236     DEBUG main            d.u.i.k.p.i.IntermediateProofReplayer Proof replay took 6ns 
240338     INFO  main            d.u.i.k.p.r.p.TestFile    ... finished proof: closed. 
240655     INFO  main            d.u.i.k.p.i.AbstractProblemLoader Loading environment from /home/runner/work/key/key/key.core/../key.ui/examples/standard_key/quantifiers/normalisation7.key.proof 
240656     DEBUG main            d.u.i.k.p.i.AbstractProblemLoader Environment load took 83.5ns 
240657     INFO  main            d.u.i.k.p.i.AbstractProblemLoader Creating init config 
242876     DEBUG main            d.u.i.k.p.i.AbstractProblemLoader Init config took 2.22s 
242889     INFO  main            d.u.i.k.p.i.AbstractProblemLoader Replaying proof normalisation7.key.proof 
242892     DEBUG main            d.u.i.k.p.i.IntermediateProofReplayer Proof replay took 953.99ns 
242892     DEBUG main            d.u.i.k.p.r.p.TestFile    ... success: reloaded. 
242893     INFO  main            d.u.i.k.p.r.p.TestFile    Now processing file /home/runner/work/key/key/key.core/../key.ui/examples/standard_key/quantifiers/normalisation8.key 
242893     INFO  main            d.u.i.k.p.i.AbstractProblemLoader Loading environment from /home/runner/work/key/key/key.core/../key.ui/examples/standard_key/quantifiers/normalisation8.key 
242893     DEBUG main            d.u.i.k.p.i.AbstractProblemLoader Environment load took 61.6ns 
242894     INFO  main            d.u.i.k.p.i.AbstractProblemLoader Creating init config 
245135     DEBUG main            d.u.i.k.p.i.AbstractProblemLoader Init config took 2.24s 
245148     INFO  main            d.u.i.k.p.i.AbstractProblemLoader Replaying proof normalisation8.key 
245149     DEBUG main            d.u.i.k.p.i.IntermediateProofReplayer Proof replay took 6.6ns 
245251     INFO  main            d.u.i.k.p.r.p.TestFile    ... finished proof: closed. 
245577     INFO  main            d.u.i.k.p.i.AbstractProblemLoader Loading environment from /home/runner/work/key/key/key.core/../key.ui/examples/standard_key/quantifiers/normalisation8.key.proof 
245577     DEBUG main            d.u.i.k.p.i.AbstractProblemLoader Environment load took 77.8ns 
245578     INFO  main            d.u.i.k.p.i.AbstractProblemLoader Creating init config 
247806     DEBUG main            d.u.i.k.p.i.AbstractProblemLoader Init config took 2.23s 
247818     INFO  main            d.u.i.k.p.i.AbstractProblemLoader Replaying proof normalisation8.key.proof 
247822     DEBUG main            d.u.i.k.p.i.IntermediateProofReplayer Proof replay took 2.19ms 
247822     DEBUG main            d.u.i.k.p.r.p.TestFile    ... success: reloaded. 
247823     INFO  main            d.u.i.k.p.r.p.TestFile    Now processing file /home/runner/work/key/key/key.core/../key.ui/examples/standard_key/quantifiers/normalisation9.key 
247823     INFO  main            d.u.i.k.p.i.AbstractProblemLoader Loading environment from /home/runner/work/key/key/key.core/../key.ui/examples/standard_key/quantifiers/normalisation9.key 
247823     DEBUG main            d.u.i.k.p.i.AbstractProblemLoader Environment load took 59.2ns 
247824     INFO  main            d.u.i.k.p.i.AbstractProblemLoader Creating init config 
250083     DEBUG main            d.u.i.k.p.i.AbstractProblemLoader Init config took 2.26s 
250095     INFO  main            d.u.i.k.p.i.AbstractProblemLoader Replaying proof normalisation9.key 
250096     DEBUG main            d.u.i.k.p.i.IntermediateProofReplayer Proof replay took 6.1ns 
250198     INFO  main            d.u.i.k.p.r.p.TestFile    ... finished proof: closed. 
250532     INFO  main            d.u.i.k.p.i.AbstractProblemLoader Loading environment from /home/runner/work/key/key/key.core/../key.ui/examples/standard_key/quantifiers/normalisation9.key.proof 
250532     DEBUG main            d.u.i.k.p.i.AbstractProblemLoader Environment load took 71ns 
250533     INFO  main            d.u.i.k.p.i.AbstractProblemLoader Creating init config 
252750     DEBUG main            d.u.i.k.p.i.AbstractProblemLoader Init config took 2.22s 
252764     INFO  main            d.u.i.k.p.i.AbstractProblemLoader Replaying proof normalisation9.key.proof 
252768     DEBUG main            d.u.i.k.p.i.IntermediateProofReplayer Proof replay took 2.13ms 
252769     DEBUG main            d.u.i.k.p.r.p.TestFile    ... success: reloaded. 
252769     INFO  main            d.u.i.k.p.r.p.TestFile    Now processing file /home/runner/work/key/key/key.core/../key.ui/examples/standard_key/quantifiers/normalisation10.key 
252769     INFO  main            d.u.i.k.p.i.AbstractProblemLoader Loading environment from /home/runner/work/key/key/key.core/../key.ui/examples/standard_key/quantifiers/normalisation10.key 
252769     DEBUG main            d.u.i.k.p.i.AbstractProblemLoader Environment load took 43.1ns 
252770     INFO  main            d.u.i.k.p.i.AbstractProblemLoader Creating init config 
255032     DEBUG main            d.u.i.k.p.i.AbstractProblemLoader Init config took 2.26s 
255044     INFO  main            d.u.i.k.p.i.AbstractProblemLoader Replaying proof normalisation10.key 
255045     DEBUG main            d.u.i.k.p.i.IntermediateProofReplayer Proof replay took 5.9ns 
255147     INFO  main            d.u.i.k.p.r.p.TestFile    ... finished proof: closed. 
255483     INFO  main            d.u.i.k.p.i.AbstractProblemLoader Loading environment from /home/runner/work/key/key/key.core/../key.ui/examples/standard_key/quantifiers/normalisation10.key.proof 
255483     DEBUG main            d.u.i.k.p.i.AbstractProblemLoader Environment load took 71.5ns 
255484     INFO  main            d.u.i.k.p.i.AbstractProblemLoader Creating init config 
257709     DEBUG main            d.u.i.k.p.i.AbstractProblemLoader Init config took 2.22s 
257721     INFO  main            d.u.i.k.p.i.AbstractProblemLoader Replaying proof normalisation10.key.proof 
257725     DEBUG main            d.u.i.k.p.i.IntermediateProofReplayer Proof replay took 2.62ms 
257726     DEBUG main            d.u.i.k.p.r.p.TestFile    ... success: reloaded. 
257727     INFO  main            d.u.i.k.p.r.p.TestFile    Now processing file /home/runner/work/key/key/key.core/../key.ui/examples/standard_key/quantifiers/normalisation12.key 
257727     INFO  main            d.u.i.k.p.i.AbstractProblemLoader Loading environment from /home/runner/work/key/key/key.core/../key.ui/examples/standard_key/quantifiers/normalisation12.key 
257727     DEBUG main            d.u.i.k.p.i.AbstractProblemLoader Environment load took 79ns 
257728     INFO  main            d.u.i.k.p.i.AbstractProblemLoader Creating init config 
259991     DEBUG main            d.u.i.k.p.i.AbstractProblemLoader Init config took 2.26s 
260003     INFO  main            d.u.i.k.p.i.AbstractProblemLoader Replaying proof normalisation12.key 
260004     DEBUG main            d.u.i.k.p.i.IntermediateProofReplayer Proof replay took 6.4ns 
260105     INFO  main            d.u.i.k.p.r.p.TestFile    ... finished proof: closed. 
260450     INFO  main            d.u.i.k.p.i.AbstractProblemLoader Loading environment from /home/runner/work/key/key/key.core/../key.ui/examples/standard_key/quantifiers/normalisation12.key.proof 
260450     DEBUG main            d.u.i.k.p.i.AbstractProblemLoader Environment load took 73.9ns 
260451     INFO  main            d.u.i.k.p.i.AbstractProblemLoader Creating init config 
262669     DEBUG main            d.u.i.k.p.i.AbstractProblemLoader Init config took 2.22s 
262681     INFO  main            d.u.i.k.p.i.AbstractProblemLoader Replaying proof normalisation12.key.proof 
262688     DEBUG main            d.u.i.k.p.i.IntermediateProofReplayer Proof replay took 3.14ms 
262688     DEBUG main            d.u.i.k.p.r.p.TestFile    ... success: reloaded. 
262689     INFO  main            d.u.i.k.p.r.p.TestFile    Now processing file /home/runner/work/key/key/key.core/../key.ui/examples/standard_key/quantifiers/normalisation13.key 
262690     INFO  main            d.u.i.k.p.i.AbstractProblemLoader Loading environment from /home/runner/work/key/key/key.core/../key.ui/examples/standard_key/quantifiers/normalisation13.key 
262690     DEBUG main            d.u.i.k.p.i.AbstractProblemLoader Environment load took 130.8ns 
262691     INFO  main            d.u.i.k.p.i.AbstractProblemLoader Creating init config 
264948     DEBUG main            d.u.i.k.p.i.AbstractProblemLoader Init config took 2.26s 
264959     INFO  main            d.u.i.k.p.i.AbstractProblemLoader Replaying proof normalisation13.key 
264961     DEBUG main            d.u.i.k.p.i.IntermediateProofReplayer Proof replay took 5.8ns 
265062     INFO  main            d.u.i.k.p.r.p.TestFile    ... finished proof: closed. 
265410     INFO  main            d.u.i.k.p.i.AbstractProblemLoader Loading environment from /home/runner/work/key/key/key.core/../key.ui/examples/standard_key/quantifiers/normalisation13.key.proof 
265410     DEBUG main            d.u.i.k.p.i.AbstractProblemLoader Environment load took 74.1ns 
265410     INFO  main            d.u.i.k.p.i.AbstractProblemLoader Creating init config 
267631     DEBUG main            d.u.i.k.p.i.AbstractProblemLoader Init config took 2.22s 
267643     INFO  main            d.u.i.k.p.i.AbstractProblemLoader Replaying proof normalisation13.key.proof 
267647     DEBUG main            d.u.i.k.p.i.IntermediateProofReplayer Proof replay took 3.21ms 
267648     DEBUG main            d.u.i.k.p.r.p.TestFile    ... success: reloaded. 
267649     INFO  main            d.u.i.k.p.r.p.TestFile    Now processing file /home/runner/work/key/key/key.core/../key.ui/examples/standard_key/quantifiers/triggers0.key 
267649     INFO  main            d.u.i.k.p.i.AbstractProblemLoader Loading environment from /home/runner/work/key/key/key.core/../key.ui/examples/standard_key/quantifiers/triggers0.key 
267649     DEBUG main            d.u.i.k.p.i.AbstractProblemLoader Environment load took 132.2ns 
267650     INFO  main            d.u.i.k.p.i.AbstractProblemLoader Creating init config 
269898     DEBUG main            d.u.i.k.p.i.AbstractProblemLoader Init config took 2.25s 
269910     INFO  main            d.u.i.k.p.i.AbstractProblemLoader Replaying proof triggers0.key 
269911     DEBUG main            d.u.i.k.p.i.IntermediateProofReplayer Proof replay took 5.6ns 
270013     INFO  main            d.u.i.k.p.r.p.TestFile    ... finished proof: closed. 
270370     INFO  main            d.u.i.k.p.i.AbstractProblemLoader Loading environment from /home/runner/work/key/key/key.core/../key.ui/examples/standard_key/quantifiers/triggers0.key.proof 
270370     DEBUG main            d.u.i.k.p.i.AbstractProblemLoader Environment load took 72.3ns 
270371     INFO  main            d.u.i.k.p.i.AbstractProblemLoader Creating init config 
272604     DEBUG main            d.u.i.k.p.i.AbstractProblemLoader Init config took 2.23s 
272617     INFO  main            d.u.i.k.p.i.AbstractProblemLoader Replaying proof triggers0.key.proof 
272618     DEBUG main            d.u.i.k.p.i.IntermediateProofReplayer Proof replay took 759.19ns 
272619     DEBUG main            d.u.i.k.p.r.p.TestFile    ... success: reloaded. 
3598582    INFO  Test worker     d.u.i.k.p.r.RunAllProofsTestUnit Returning from test FOL 
3598583    INFO  Test worker     d.u.i.k.p.r.RunAllProofsTestUnit Running test strings 
342        INFO  Timeout watchdog d.u.i.k.p.r.p.ForkedTestFileRunner Timeout watcher launched (2000 secs.) 
342        WARN  main            d.u.i.k.s.ProofSettings   The settings in /home/runner/.key/proof-settings.props are *not* read. 
389        INFO  main            d.u.i.k.p.r.p.TestFile    Now processing file /home/runner/work/key/key/key.core/../key.ui/examples/standard_key/strings/charAt0.key 
519        INFO  main            d.u.i.k.p.i.AbstractProblemLoader Loading environment from /home/runner/work/key/key/key.core/../key.ui/examples/standard_key/strings/charAt0.key 
547        DEBUG main            d.u.i.k.p.i.AbstractProblemLoader Environment load took 2.06ms 
781        INFO  main            d.u.i.k.p.i.AbstractProblemLoader Creating init config 
1727       DEBUG main            d.u.i.k.j.TypeConverter   No LDT found for Meta 
1728       DEBUG main            d.u.i.k.j.TypeConverter   No LDT found for Meta 
1731       DEBUG main            d.u.i.k.j.TypeConverter   No LDT found for Meta 
1731       DEBUG main            d.u.i.k.j.TypeConverter   No LDT found for Meta 
3153       DEBUG main            d.u.i.k.j.TypeConverter   No LDT found for JavaBigintExpression 
7699       DEBUG main            d.u.i.k.p.i.AbstractProblemLoader Init config took 6.92s 
7756       INFO  main            d.u.i.k.p.i.AbstractProblemLoader Replaying proof charAt0.key 
7786       DEBUG main            d.u.i.k.p.i.IntermediateProofReplayer Proof replay took 33.6ns 
8143       INFO  main            d.u.i.k.p.r.p.TestFile    ... finished proof: closed. 
8240       INFO  main            d.u.i.k.p.i.AbstractProblemLoader Loading environment from /home/runner/work/key/key/key.core/../key.ui/examples/standard_key/strings/charAt0.key.proof 
8240       DEBUG main            d.u.i.k.p.i.AbstractProblemLoader Environment load took 386.9ns 
8247       INFO  main            d.u.i.k.p.i.AbstractProblemLoader Creating init config 
10892      DEBUG main            d.u.i.k.p.i.AbstractProblemLoader Init config took 2.65s 
10923      INFO  main            d.u.i.k.p.i.AbstractProblemLoader Replaying proof charAt0.key.proof 
10940      DEBUG main            d.u.i.k.p.i.IntermediateProofReplayer Proof replay took 12.62ms 
10950      DEBUG main            d.u.i.k.p.r.p.TestFile    ... success: reloaded. 
10951      INFO  main            d.u.i.k.p.r.p.TestFile    Now processing file /home/runner/work/key/key/key.core/../key.ui/examples/standard_key/strings/charAt1.key 
10951      INFO  main            d.u.i.k.p.i.AbstractProblemLoader Loading environment from /home/runner/work/key/key/key.core/../key.ui/examples/standard_key/strings/charAt1.key 
10952      DEBUG main            d.u.i.k.p.i.AbstractProblemLoader Environment load took 179.3ns 
10953      INFO  main            d.u.i.k.p.i.AbstractProblemLoader Creating init config 
13492      DEBUG main            d.u.i.k.p.i.AbstractProblemLoader Init config took 2.54s 
13521      INFO  main            d.u.i.k.p.i.AbstractProblemLoader Replaying proof charAt1.key 
13523      DEBUG main            d.u.i.k.p.i.IntermediateProofReplayer Proof replay took 6.7ns 
13730      INFO  main            d.u.i.k.p.r.p.TestFile    ... finished proof: closed. 
13854      INFO  main            d.u.i.k.p.i.AbstractProblemLoader Loading environment from /home/runner/work/key/key/key.core/../key.ui/examples/standard_key/strings/charAt1.key.proof 
13856      DEBUG main            d.u.i.k.p.i.AbstractProblemLoader Environment load took 1.78ms 
13858      INFO  main            d.u.i.k.p.i.AbstractProblemLoader Creating init config 
16351      DEBUG main            d.u.i.k.p.i.AbstractProblemLoader Init config took 2.49s 
16374      INFO  main            d.u.i.k.p.i.AbstractProblemLoader Replaying proof charAt1.key.proof 
16387      DEBUG main            d.u.i.k.p.i.IntermediateProofReplayer Proof replay took 10.01ms 
16389      DEBUG main            d.u.i.k.p.r.p.TestFile    ... success: reloaded. 
16389      INFO  main            d.u.i.k.p.r.p.TestFile    Now processing file /home/runner/work/key/key/key.core/../key.ui/examples/standard_key/strings/concat1.key 
16390      INFO  main            d.u.i.k.p.i.AbstractProblemLoader Loading environment from /home/runner/work/key/key/key.core/../key.ui/examples/standard_key/strings/concat1.key 
16390      DEBUG main            d.u.i.k.p.i.AbstractProblemLoader Environment load took 167.2ns 
16391      INFO  main            d.u.i.k.p.i.AbstractProblemLoader Creating init config 
18850      DEBUG main            d.u.i.k.p.i.AbstractProblemLoader Init config took 2.46s 
18869      INFO  main            d.u.i.k.p.i.AbstractProblemLoader Replaying proof concat1.key 
18870      DEBUG main            d.u.i.k.p.i.IntermediateProofReplayer Proof replay took 6.1ns 
18972      INFO  main            d.u.i.k.p.r.p.TestFile    ... finished proof: closed. 
19089      INFO  main            d.u.i.k.p.i.AbstractProblemLoader Loading environment from /home/runner/work/key/key/key.core/../key.ui/examples/standard_key/strings/concat1.key.proof 
19089      DEBUG main            d.u.i.k.p.i.AbstractProblemLoader Environment load took 114.7ns 
19091      INFO  main            d.u.i.k.p.i.AbstractProblemLoader Creating init config 
21525      DEBUG main            d.u.i.k.p.i.AbstractProblemLoader Init config took 2.43s 
21543      INFO  main            d.u.i.k.p.i.AbstractProblemLoader Replaying proof concat1.key.proof 
21546      DEBUG main            d.u.i.k.p.i.IntermediateProofReplayer Proof replay took 992.89ns 
21547      DEBUG main            d.u.i.k.p.r.p.TestFile    ... success: reloaded. 
21548      INFO  main            d.u.i.k.p.r.p.TestFile    Now processing file /home/runner/work/key/key/key.core/../key.ui/examples/standard_key/strings/concat2.key 
21548      INFO  main            d.u.i.k.p.i.AbstractProblemLoader Loading environment from /home/runner/work/key/key/key.core/../key.ui/examples/standard_key/strings/concat2.key 
21548      DEBUG main            d.u.i.k.p.i.AbstractProblemLoader Environment load took 189.9ns 
21550      INFO  main            d.u.i.k.p.i.AbstractProblemLoader Creating init config 
23942      DEBUG main            d.u.i.k.p.i.AbstractProblemLoader Init config took 2.39s 
23962      INFO  main            d.u.i.k.p.i.AbstractProblemLoader Replaying proof concat2.key 
23964      DEBUG main            d.u.i.k.p.i.IntermediateProofReplayer Proof replay took 5.2ns 
24067      INFO  main            d.u.i.k.p.r.p.TestFile    ... finished proof: closed. 
24191      INFO  main            d.u.i.k.p.i.AbstractProblemLoader Loading environment from /home/runner/work/key/key/key.core/../key.ui/examples/standard_key/strings/concat2.key.proof 
24191      DEBUG main            d.u.i.k.p.i.AbstractProblemLoader Environment load took 113.1ns 
24193      INFO  main            d.u.i.k.p.i.AbstractProblemLoader Creating init config 
26602      DEBUG main            d.u.i.k.p.i.AbstractProblemLoader Init config took 2.41s 
26621      INFO  main            d.u.i.k.p.i.AbstractProblemLoader Replaying proof concat2.key.proof 
26630      DEBUG main            d.u.i.k.p.i.IntermediateProofReplayer Proof replay took 6.28ms 
26630      DEBUG main            d.u.i.k.p.r.p.TestFile    ... success: reloaded. 
26631      INFO  main            d.u.i.k.p.r.p.TestFile    Now processing file /home/runner/work/key/key/key.core/../key.ui/examples/standard_key/strings/deriveLength1.key 
26631      INFO  main            d.u.i.k.p.i.AbstractProblemLoader Loading environment from /home/runner/work/key/key/key.core/../key.ui/examples/standard_key/strings/deriveLength1.key 
26631      DEBUG main            d.u.i.k.p.i.AbstractProblemLoader Environment load took 86.1ns 
26633      INFO  main            d.u.i.k.p.i.AbstractProblemLoader Creating init config 
29107      DEBUG main            d.u.i.k.p.i.AbstractProblemLoader Init config took 2.47s 
29124      INFO  main            d.u.i.k.p.i.AbstractProblemLoader Replaying proof deriveLength1.key 
29126      DEBUG main            d.u.i.k.p.i.IntermediateProofReplayer Proof replay took 5.8ns 
29230      INFO  main            d.u.i.k.p.r.p.TestFile    ... finished proof: closed. 
29367      INFO  main            d.u.i.k.p.i.AbstractProblemLoader Loading environment from /home/runner/work/key/key/key.core/../key.ui/examples/standard_key/strings/deriveLength1.key.proof 
29368      DEBUG main            d.u.i.k.p.i.AbstractProblemLoader Environment load took 110.9ns 
29369      INFO  main            d.u.i.k.p.i.AbstractProblemLoader Creating init config 
31752      DEBUG main            d.u.i.k.p.i.AbstractProblemLoader Init config took 2.38s 
31768      INFO  main            d.u.i.k.p.i.AbstractProblemLoader Replaying proof deriveLength1.key.proof 
31776      DEBUG main            d.u.i.k.p.i.IntermediateProofReplayer Proof replay took 5.93ms 
31777      DEBUG main            d.u.i.k.p.r.p.TestFile    ... success: reloaded. 
31778      INFO  main            d.u.i.k.p.r.p.TestFile    Now processing file /home/runner/work/key/key/key.core/../key.ui/examples/standard_key/strings/emptyStringLengthZero.key 
31778      INFO  main            d.u.i.k.p.i.AbstractProblemLoader Loading environment from /home/runner/work/key/key/key.core/../key.ui/examples/standard_key/strings/emptyStringLengthZero.key 
31778      DEBUG main            d.u.i.k.p.i.AbstractProblemLoader Environment load took 82.8ns 
31779      INFO  main            d.u.i.k.p.i.AbstractProblemLoader Creating init config 
34196      DEBUG main            d.u.i.k.p.i.AbstractProblemLoader Init config took 2.42s 
34213      INFO  main            d.u.i.k.p.i.AbstractProblemLoader Replaying proof emptyStringLengthZero.key 
34214      DEBUG main            d.u.i.k.p.i.IntermediateProofReplayer Proof replay took 12.5ns 
34319      INFO  main            d.u.i.k.p.r.p.TestFile    ... finished proof: closed. 
34452      INFO  main            d.u.i.k.p.i.AbstractProblemLoader Loading environment from /home/runner/work/key/key/key.core/../key.ui/examples/standard_key/strings/emptyStringLengthZero.key.proof 
34452      DEBUG main            d.u.i.k.p.i.AbstractProblemLoader Environment load took 114.6ns 
34453      INFO  main            d.u.i.k.p.i.AbstractProblemLoader Creating init config 
36817      DEBUG main            d.u.i.k.p.i.AbstractProblemLoader Init config took 2.36s 
36832      INFO  main            d.u.i.k.p.i.AbstractProblemLoader Replaying proof emptyStringLengthZero.key.proof 
36836      DEBUG main            d.u.i.k.p.i.IntermediateProofReplayer Proof replay took 2.63ms 
36837      DEBUG main            d.u.i.k.p.r.p.TestFile    ... success: reloaded. 
36837      INFO  main            d.u.i.k.p.r.p.TestFile    Now processing file /home/runner/work/key/key/key.core/../key.ui/examples/standard_key/strings/implicitBooleanStringConversion.key 
36838      INFO  main            d.u.i.k.p.i.AbstractProblemLoader Loading environment from /home/runner/work/key/key/key.core/../key.ui/examples/standard_key/strings/implicitBooleanStringConversion.key 
36838      DEBUG main            d.u.i.k.p.i.AbstractProblemLoader Environment load took 81.8ns 
36839      INFO  main            d.u.i.k.p.i.AbstractProblemLoader Creating init config 
39263      DEBUG main            d.u.i.k.p.i.AbstractProblemLoader Init config took 2.42s 
39281      INFO  main            d.u.i.k.p.i.AbstractProblemLoader Replaying proof implicitBooleanStringConversion.key 
39282      DEBUG main            d.u.i.k.p.i.IntermediateProofReplayer Proof replay took 6ns 
40193      INFO  main            d.u.i.k.p.r.p.TestFile    ... finished proof: closed. 
40369      INFO  main            d.u.i.k.p.i.AbstractProblemLoader Loading environment from /home/runner/work/key/key/key.core/../key.ui/examples/standard_key/strings/implicitBooleanStringConversion.key.proof 
40369      DEBUG main            d.u.i.k.p.i.AbstractProblemLoader Environment load took 123ns 
40370      INFO  main            d.u.i.k.p.i.AbstractProblemLoader Creating init config 
42778      DEBUG main            d.u.i.k.p.i.AbstractProblemLoader Init config took 2.41s 
42795      INFO  main            d.u.i.k.p.i.AbstractProblemLoader Replaying proof implicitBooleanStringConversion.key.proof 
42843      DEBUG main            d.u.i.k.p.i.IntermediateProofReplayer Proof replay took 43.06ms 
42845      DEBUG main            d.u.i.k.p.r.p.TestFile    ... success: reloaded. 
42845      INFO  main            d.u.i.k.p.r.p.TestFile    Now processing file /home/runner/work/key/key/key.core/../key.ui/examples/standard_key/strings/implicitBooleanStringConversion2.key 
42846      INFO  main            d.u.i.k.p.i.AbstractProblemLoader Loading environment from /home/runner/work/key/key/key.core/../key.ui/examples/standard_key/strings/implicitBooleanStringConversion2.key 
42846      DEBUG main            d.u.i.k.p.i.AbstractProblemLoader Environment load took 162.7ns 
42847      INFO  main            d.u.i.k.p.i.AbstractProblemLoader Creating init config 
45248      DEBUG main            d.u.i.k.p.i.AbstractProblemLoader Init config took 2.4s 
45264      INFO  main            d.u.i.k.p.i.AbstractProblemLoader Replaying proof implicitBooleanStringConversion2.key 
45266      DEBUG main            d.u.i.k.p.i.IntermediateProofReplayer Proof replay took 6.9ns 
45569      INFO  main            d.u.i.k.p.r.p.TestFile    ... finished proof: closed. 
45753      INFO  main            d.u.i.k.p.i.AbstractProblemLoader Loading environment from /home/runner/work/key/key/key.core/../key.ui/examples/standard_key/strings/implicitBooleanStringConversion2.key.proof 
45754      DEBUG main            d.u.i.k.p.i.AbstractProblemLoader Environment load took 318.6ns 
45755      INFO  main            d.u.i.k.p.i.AbstractProblemLoader Creating init config 
48096      DEBUG main            d.u.i.k.p.i.AbstractProblemLoader Init config took 2.34s 
48112      INFO  main            d.u.i.k.p.i.AbstractProblemLoader Replaying proof implicitBooleanStringConversion2.key.proof 
48132      DEBUG main            d.u.i.k.p.i.IntermediateProofReplayer Proof replay took 16.51ms 
48133      DEBUG main            d.u.i.k.p.r.p.TestFile    ... success: reloaded. 
48134      INFO  main            d.u.i.k.p.r.p.TestFile    Now processing file /home/runner/work/key/key/key.core/../key.ui/examples/standard_key/strings/implicitIntStringConversion.key 
48134      INFO  main            d.u.i.k.p.i.AbstractProblemLoader Loading environment from /home/runner/work/key/key/key.core/../key.ui/examples/standard_key/strings/implicitIntStringConversion.key 
48134      DEBUG main            d.u.i.k.p.i.AbstractProblemLoader Environment load took 158.2ns 
48135      INFO  main            d.u.i.k.p.i.AbstractProblemLoader Creating init config 
50537      DEBUG main            d.u.i.k.p.i.AbstractProblemLoader Init config took 2.4s 
50553      INFO  main            d.u.i.k.p.i.AbstractProblemLoader Replaying proof implicitIntStringConversion.key 
50554      DEBUG main            d.u.i.k.p.i.IntermediateProofReplayer Proof replay took 5.7ns 
51158      INFO  main            d.u.i.k.p.r.p.TestFile    ... finished proof: closed. 
51338      INFO  main            d.u.i.k.p.i.AbstractProblemLoader Loading environment from /home/runner/work/key/key/key.core/../key.ui/examples/standard_key/strings/implicitIntStringConversion.key.proof 
51339      DEBUG main            d.u.i.k.p.i.AbstractProblemLoader Environment load took 326.3ns 
51340      INFO  main            d.u.i.k.p.i.AbstractProblemLoader Creating init config 
53666      DEBUG main            d.u.i.k.p.i.AbstractProblemLoader Init config took 2.33s 
53683      INFO  main            d.u.i.k.p.i.AbstractProblemLoader Replaying proof implicitIntStringConversion.key.proof 
53723      DEBUG main            d.u.i.k.p.i.IntermediateProofReplayer Proof replay took 34.89ms 
53724      DEBUG main            d.u.i.k.p.r.p.TestFile    ... success: reloaded. 
53724      INFO  main            d.u.i.k.p.r.p.TestFile    Now processing file /home/runner/work/key/key/key.core/../key.ui/examples/standard_key/strings/implicitNullStringConversion.key 
53724      INFO  main            d.u.i.k.p.i.AbstractProblemLoader Loading environment from /home/runner/work/key/key/key.core/../key.ui/examples/standard_key/strings/implicitNullStringConversion.key 
53725      DEBUG main            d.u.i.k.p.i.AbstractProblemLoader Environment load took 79.6ns 
53725      INFO  main            d.u.i.k.p.i.AbstractProblemLoader Creating init config 
56117      DEBUG main            d.u.i.k.p.i.AbstractProblemLoader Init config took 2.39s 
56132      INFO  main            d.u.i.k.p.i.AbstractProblemLoader Replaying proof implicitNullStringConversion.key 
56134      DEBUG main            d.u.i.k.p.i.IntermediateProofReplayer Proof replay took 5.7ns 
56338      INFO  main            d.u.i.k.p.r.p.TestFile    ... finished proof: closed. 
56520      INFO  main            d.u.i.k.p.i.AbstractProblemLoader Loading environment from /home/runner/work/key/key/key.core/../key.ui/examples/standard_key/strings/implicitNullStringConversion.key.proof 
56520      DEBUG main            d.u.i.k.p.i.AbstractProblemLoader Environment load took 106.4ns 
56521      INFO  main            d.u.i.k.p.i.AbstractProblemLoader Creating init config 
58822      DEBUG main            d.u.i.k.p.i.AbstractProblemLoader Init config took 2.3s 
58837      INFO  main            d.u.i.k.p.i.AbstractProblemLoader Replaying proof implicitNullStringConversion.key.proof 
58878      DEBUG main            d.u.i.k.p.i.IntermediateProofReplayer Proof replay took 33.89ms 
58879      DEBUG main            d.u.i.k.p.r.p.TestFile    ... success: reloaded. 
58879      INFO  main            d.u.i.k.p.r.p.TestFile    Now processing file /home/runner/work/key/key/key.core/../key.ui/examples/standard_key/strings/implicitNullStringConversion2.key 
58881      INFO  main            d.u.i.k.p.i.AbstractProblemLoader Loading environment from /home/runner/work/key/key/key.core/../key.ui/examples/standard_key/strings/implicitNullStringConversion2.key 
58881      DEBUG main            d.u.i.k.p.i.AbstractProblemLoader Environment load took 100.4ns 
58882      INFO  main            d.u.i.k.p.i.AbstractProblemLoader Creating init config 
61251      DEBUG main            d.u.i.k.p.i.AbstractProblemLoader Init config took 2.37s 
61266      INFO  main            d.u.i.k.p.i.AbstractProblemLoader Replaying proof implicitNullStringConversion2.key 
61267      DEBUG main            d.u.i.k.p.i.IntermediateProofReplayer Proof replay took 6.1ns 
61476      INFO  main            d.u.i.k.p.r.p.TestFile    ... finished proof: closed. 
61654      INFO  main            d.u.i.k.p.i.AbstractProblemLoader Loading environment from /home/runner/work/key/key/key.core/../key.ui/examples/standard_key/strings/implicitNullStringConversion2.key.proof 
61654      DEBUG main            d.u.i.k.p.i.AbstractProblemLoader Environment load took 109.5ns 
61655      INFO  main            d.u.i.k.p.i.AbstractProblemLoader Creating init config 
63963      DEBUG main            d.u.i.k.p.i.AbstractProblemLoader Init config took 2.31s 
63979      INFO  main            d.u.i.k.p.i.AbstractProblemLoader Replaying proof implicitNullStringConversion2.key.proof 
63994      DEBUG main            d.u.i.k.p.i.IntermediateProofReplayer Proof replay took 11.89ms 
63995      DEBUG main            d.u.i.k.p.r.p.TestFile    ... success: reloaded. 
63995      INFO  main            d.u.i.k.p.r.p.TestFile    Now processing file /home/runner/work/key/key/key.core/../key.ui/examples/standard_key/strings/implicitObjectStringConversion.key 
63995      INFO  main            d.u.i.k.p.i.AbstractProblemLoader Loading environment from /home/runner/work/key/key/key.core/../key.ui/examples/standard_key/strings/implicitObjectStringConversion.key 
63995      DEBUG main            d.u.i.k.p.i.AbstractProblemLoader Environment load took 78.9ns 
63997      INFO  main            d.u.i.k.p.i.AbstractProblemLoader Creating init config 
66582      DEBUG main            d.u.i.k.p.i.AbstractProblemLoader Init config took 2.59s 
66597      INFO  main            d.u.i.k.p.i.AbstractProblemLoader Replaying proof implicitObjectStringConversion.key 
66599      DEBUG main            d.u.i.k.p.i.IntermediateProofReplayer Proof replay took 6ns 
67104      INFO  main            d.u.i.k.p.r.p.TestFile    ... finished proof: closed. 
67328      INFO  main            d.u.i.k.p.i.AbstractProblemLoader Loading environment from /home/runner/work/key/key/key.core/../key.ui/examples/standard_key/strings/implicitObjectStringConversion.key.proof 
67328      DEBUG main            d.u.i.k.p.i.AbstractProblemLoader Environment load took 323.6ns 
67330      INFO  main            d.u.i.k.p.i.AbstractProblemLoader Creating init config 
69820      DEBUG main            d.u.i.k.p.i.AbstractProblemLoader Init config took 2.49s 
69839      INFO  main            d.u.i.k.p.i.AbstractProblemLoader Replaying proof implicitObjectStringConversion.key.proof 
69877      DEBUG main            d.u.i.k.p.i.IntermediateProofReplayer Proof replay took 34.55ms 
69878      DEBUG main            d.u.i.k.p.r.p.TestFile    ... success: reloaded. 
69879      INFO  main            d.u.i.k.p.r.p.TestFile    Now processing file /home/runner/work/key/key/key.core/../key.ui/examples/standard_key/strings/literalEquality.key 
69879      INFO  main            d.u.i.k.p.i.AbstractProblemLoader Loading environment from /home/runner/work/key/key/key.core/../key.ui/examples/standard_key/strings/literalEquality.key 
69879      DEBUG main            d.u.i.k.p.i.AbstractProblemLoader Environment load took 149.1ns 
69880      INFO  main            d.u.i.k.p.i.AbstractProblemLoader Creating init config 
72247      DEBUG main            d.u.i.k.p.i.AbstractProblemLoader Init config took 2.37s 
72262      INFO  main            d.u.i.k.p.i.AbstractProblemLoader Replaying proof literalEquality.key 
72263      DEBUG main            d.u.i.k.p.i.IntermediateProofReplayer Proof replay took 5.7ns 
72365      INFO  main            d.u.i.k.p.r.p.TestFile    ... finished proof: closed. 
72551      INFO  main            d.u.i.k.p.i.AbstractProblemLoader Loading environment from /home/runner/work/key/key/key.core/../key.ui/examples/standard_key/strings/literalEquality.key.proof 
72551      DEBUG main            d.u.i.k.p.i.AbstractProblemLoader Environment load took 140.1ns 
72553      INFO  main            d.u.i.k.p.i.AbstractProblemLoader Creating init config 
74864      DEBUG main            d.u.i.k.p.i.AbstractProblemLoader Init config took 2.31s 
74879      INFO  main            d.u.i.k.p.i.AbstractProblemLoader Replaying proof literalEquality.key.proof 
74883      DEBUG main            d.u.i.k.p.i.IntermediateProofReplayer Proof replay took 1.67ms 
74884      DEBUG main            d.u.i.k.p.r.p.TestFile    ... success: reloaded. 
74885      INFO  main            d.u.i.k.p.r.p.TestFile    Now processing file /home/runner/work/key/key/key.core/../key.ui/examples/standard_key/strings/replace0.key 
74885      INFO  main            d.u.i.k.p.i.AbstractProblemLoader Loading environment from /home/runner/work/key/key/key.core/../key.ui/examples/standard_key/strings/replace0.key 
74885      DEBUG main            d.u.i.k.p.i.AbstractProblemLoader Environment load took 77.8ns 
74886      INFO  main            d.u.i.k.p.i.AbstractProblemLoader Creating init config 
77225      DEBUG main            d.u.i.k.p.i.AbstractProblemLoader Init config took 2.34s 
77238      INFO  main            d.u.i.k.p.i.AbstractProblemLoader Replaying proof replace0.key 
77239      DEBUG main            d.u.i.k.p.i.IntermediateProofReplayer Proof replay took 6ns 
77340      INFO  main            d.u.i.k.p.r.p.TestFile    ... finished proof: closed. 
77544      INFO  main            d.u.i.k.p.i.AbstractProblemLoader Loading environment from /home/runner/work/key/key/key.core/../key.ui/examples/standard_key/strings/replace0.key.proof 
77545      DEBUG main            d.u.i.k.p.i.AbstractProblemLoader Environment load took 100.6ns 
77546      INFO  main            d.u.i.k.p.i.AbstractProblemLoader Creating init config 
79834      DEBUG main            d.u.i.k.p.i.AbstractProblemLoader Init config took 2.29s 
79847      INFO  main            d.u.i.k.p.i.AbstractProblemLoader Replaying proof replace0.key.proof 
79851      DEBUG main            d.u.i.k.p.i.IntermediateProofReplayer Proof replay took 2.14ms 
79852      DEBUG main            d.u.i.k.p.r.p.TestFile    ... success: reloaded. 
79852      INFO  main            d.u.i.k.p.r.p.TestFile    Now processing file /home/runner/work/key/key/key.core/../key.ui/examples/standard_key/strings/replace1.key 
79853      INFO  main            d.u.i.k.p.i.AbstractProblemLoader Loading environment from /home/runner/work/key/key/key.core/../key.ui/examples/standard_key/strings/replace1.key 
79853      DEBUG main            d.u.i.k.p.i.AbstractProblemLoader Environment load took 77.1ns 
79854      INFO  main            d.u.i.k.p.i.AbstractProblemLoader Creating init config 
82205      DEBUG main            d.u.i.k.p.i.AbstractProblemLoader Init config took 2.35s 
82217      INFO  main            d.u.i.k.p.i.AbstractProblemLoader Replaying proof replace1.key 
82218      DEBUG main            d.u.i.k.p.i.IntermediateProofReplayer Proof replay took 6.4ns 
82321      INFO  main            d.u.i.k.p.r.p.TestFile    ... finished proof: closed. 
82506      INFO  main            d.u.i.k.p.i.AbstractProblemLoader Loading environment from /home/runner/work/key/key/key.core/../key.ui/examples/standard_key/strings/replace1.key.proof 
82506      DEBUG main            d.u.i.k.p.i.AbstractProblemLoader Environment load took 117.3ns 
82507      INFO  main            d.u.i.k.p.i.AbstractProblemLoader Creating init config 
84783      DEBUG main            d.u.i.k.p.i.AbstractProblemLoader Init config took 2.28s 
84795      INFO  main            d.u.i.k.p.i.AbstractProblemLoader Replaying proof replace1.key.proof 
84805      DEBUG main            d.u.i.k.p.i.IntermediateProofReplayer Proof replay took 8.04ms 
84806      DEBUG main            d.u.i.k.p.r.p.TestFile    ... success: reloaded. 
84806      INFO  main            d.u.i.k.p.r.p.TestFile    Now processing file /home/runner/work/key/key/key.core/../key.ui/examples/standard_key/strings/simpleAssignment.key 
84806      INFO  main            d.u.i.k.p.i.AbstractProblemLoader Loading environment from /home/runner/work/key/key/key.core/../key.ui/examples/standard_key/strings/simpleAssignment.key 
84806      DEBUG main            d.u.i.k.p.i.AbstractProblemLoader Environment load took 83.5ns 
84807      INFO  main            d.u.i.k.p.i.AbstractProblemLoader Creating init config 
87141      DEBUG main            d.u.i.k.p.i.AbstractProblemLoader Init config took 2.33s 
87154      INFO  main            d.u.i.k.p.i.AbstractProblemLoader Replaying proof simpleAssignment.key 
87155      DEBUG main            d.u.i.k.p.i.IntermediateProofReplayer Proof replay took 5.6ns 
87257      INFO  main            d.u.i.k.p.r.p.TestFile    ... finished proof: closed. 
87453      INFO  main            d.u.i.k.p.i.AbstractProblemLoader Loading environment from /home/runner/work/key/key/key.core/../key.ui/examples/standard_key/strings/simpleAssignment.key.proof 
87453      DEBUG main            d.u.i.k.p.i.AbstractProblemLoader Environment load took 117.2ns 
87454      INFO  main            d.u.i.k.p.i.AbstractProblemLoader Creating init config 
89739      DEBUG main            d.u.i.k.p.i.AbstractProblemLoader Init config took 2.29s 
89752      INFO  main            d.u.i.k.p.i.AbstractProblemLoader Replaying proof simpleAssignment.key.proof 
89755      DEBUG main            d.u.i.k.p.i.IntermediateProofReplayer Proof replay took 1.03ms 
89756      DEBUG main            d.u.i.k.p.r.p.TestFile    ... success: reloaded. 
89756      INFO  main            d.u.i.k.p.r.p.TestFile    Now processing file /home/runner/work/key/key/key.core/../key.ui/examples/standard_key/strings/simpleLengthComp.key 
89757      INFO  main            d.u.i.k.p.i.AbstractProblemLoader Loading environment from /home/runner/work/key/key/key.core/../key.ui/examples/standard_key/strings/simpleLengthComp.key 
89757      DEBUG main            d.u.i.k.p.i.AbstractProblemLoader Environment load took 82.6ns 
89758      INFO  main            d.u.i.k.p.i.AbstractProblemLoader Creating init config 
92095      DEBUG main            d.u.i.k.p.i.AbstractProblemLoader Init config took 2.34s 
92109      INFO  main            d.u.i.k.p.i.AbstractProblemLoader Replaying proof simpleLengthComp.key 
92112      DEBUG main            d.u.i.k.p.i.IntermediateProofReplayer Proof replay took 5.3ns 
92316      INFO  main            d.u.i.k.p.r.p.TestFile    ... finished proof: closed. 
92509      INFO  main            d.u.i.k.p.i.AbstractProblemLoader Loading environment from /home/runner/work/key/key/key.core/../key.ui/examples/standard_key/strings/simpleLengthComp.key.proof 
92510      DEBUG main            d.u.i.k.p.i.AbstractProblemLoader Environment load took 128.7ns 
92511      INFO  main            d.u.i.k.p.i.AbstractProblemLoader Creating init config 
94807      DEBUG main            d.u.i.k.p.i.AbstractProblemLoader Init config took 2.3s 
94820      INFO  main            d.u.i.k.p.i.AbstractProblemLoader Replaying proof simpleLengthComp.key.proof 
94840      DEBUG main            d.u.i.k.p.i.IntermediateProofReplayer Proof replay took 17.75ms 
94841      DEBUG main            d.u.i.k.p.r.p.TestFile    ... success: reloaded. 
94842      INFO  main            d.u.i.k.p.r.p.TestFile    Now processing file /home/runner/work/key/key/key.core/../key.ui/examples/standard_key/strings/stringCompileTimeConstant1.key 
94842      INFO  main            d.u.i.k.p.i.AbstractProblemLoader Loading environment from /home/runner/work/key/key/key.core/../key.ui/examples/standard_key/strings/stringCompileTimeConstant1.key 
94842      DEBUG main            d.u.i.k.p.i.AbstractProblemLoader Environment load took 73.5ns 
94843      INFO  main            d.u.i.k.p.i.AbstractProblemLoader Creating init config 
97179      DEBUG main            d.u.i.k.p.i.AbstractProblemLoader Init config took 2.34s 
97193      INFO  main            d.u.i.k.p.i.AbstractProblemLoader Replaying proof stringCompileTimeConstant1.key 
97195      DEBUG main            d.u.i.k.p.i.IntermediateProofReplayer Proof replay took 6.1ns 
97296      INFO  main            d.u.i.k.p.r.p.TestFile    ... finished proof: closed. 
97497      INFO  main            d.u.i.k.p.i.AbstractProblemLoader Loading environment from /home/runner/work/key/key/key.core/../key.ui/examples/standard_key/strings/stringCompileTimeConstant1.key.proof 
97497      DEBUG main            d.u.i.k.p.i.AbstractProblemLoader Environment load took 96.6ns 
97498      INFO  main            d.u.i.k.p.i.AbstractProblemLoader Creating init config 
99782      DEBUG main            d.u.i.k.p.i.AbstractProblemLoader Init config took 2.28s 
99795      INFO  main            d.u.i.k.p.i.AbstractProblemLoader Replaying proof stringCompileTimeConstant1.key.proof 
99800      DEBUG main            d.u.i.k.p.i.IntermediateProofReplayer Proof replay took 2.81ms 
99800      DEBUG main            d.u.i.k.p.r.p.TestFile    ... success: reloaded. 
99801      INFO  main            d.u.i.k.p.r.p.TestFile    Now processing file /home/runner/work/key/key/key.core/../key.ui/examples/standard_key/strings/stringCompileTimeConstant2.key 
99801      INFO  main            d.u.i.k.p.i.AbstractProblemLoader Loading environment from /home/runner/work/key/key/key.core/../key.ui/examples/standard_key/strings/stringCompileTimeConstant2.key 
99801      DEBUG main            d.u.i.k.p.i.AbstractProblemLoader Environment load took 78.8ns 
99802      INFO  main            d.u.i.k.p.i.AbstractProblemLoader Creating init config 
102280     DEBUG main            d.u.i.k.p.i.AbstractProblemLoader Init config took 2.48s 
102293     INFO  main            d.u.i.k.p.i.AbstractProblemLoader Replaying proof stringCompileTimeConstant2.key 
102295     DEBUG main            d.u.i.k.p.i.IntermediateProofReplayer Proof replay took 5.9ns 
104629     INFO  main            d.u.i.k.p.r.p.TestFile    ... finished proof: closed. 
104865     INFO  main            d.u.i.k.p.i.AbstractProblemLoader Loading environment from /home/runner/work/key/key/key.core/../key.ui/examples/standard_key/strings/stringCompileTimeConstant2.key.proof 
104865     DEBUG main            d.u.i.k.p.i.AbstractProblemLoader Environment load took 299.1ns 
104866     INFO  main            d.u.i.k.p.i.AbstractProblemLoader Creating init config 
107297     DEBUG main            d.u.i.k.p.i.AbstractProblemLoader Init config took 2.43s 
107310     INFO  main            d.u.i.k.p.i.AbstractProblemLoader Replaying proof stringCompileTimeConstant2.key.proof 
107548     DEBUG main            d.u.i.k.p.i.IntermediateProofReplayer Proof replay took 227.03ms 
107550     DEBUG main            d.u.i.k.p.r.p.TestFile    ... success: reloaded. 
107551     INFO  main            d.u.i.k.p.r.p.TestFile    Now processing file /home/runner/work/key/key/key.core/../key.ui/examples/standard_key/strings/stringEquality1.key 
107551     INFO  main            d.u.i.k.p.i.AbstractProblemLoader Loading environment from /home/runner/work/key/key/key.core/../key.ui/examples/standard_key/strings/stringEquality1.key 
107551     DEBUG main            d.u.i.k.p.i.AbstractProblemLoader Environment load took 145.3ns 
107552     INFO  main            d.u.i.k.p.i.AbstractProblemLoader Creating init config 
109865     DEBUG main            d.u.i.k.p.i.AbstractProblemLoader Init config took 2.31s 
109877     INFO  main            d.u.i.k.p.i.AbstractProblemLoader Replaying proof stringEquality1.key 
109878     DEBUG main            d.u.i.k.p.i.IntermediateProofReplayer Proof replay took 6.4ns 
109980     INFO  main            d.u.i.k.p.r.p.TestFile    ... finished proof: closed. 
110226     INFO  main            d.u.i.k.p.i.AbstractProblemLoader Loading environment from /home/runner/work/key/key/key.core/../key.ui/examples/standard_key/strings/stringEquality1.key.proof 
110226     DEBUG main            d.u.i.k.p.i.AbstractProblemLoader Environment load took 98.3ns 
110227     INFO  main            d.u.i.k.p.i.AbstractProblemLoader Creating init config 
112483     DEBUG main            d.u.i.k.p.i.AbstractProblemLoader Init config took 2.26s 
112496     INFO  main            d.u.i.k.p.i.AbstractProblemLoader Replaying proof stringEquality1.key.proof 
112502     DEBUG main            d.u.i.k.p.i.IntermediateProofReplayer Proof replay took 3.62ms 
112503     DEBUG main            d.u.i.k.p.r.p.TestFile    ... success: reloaded. 
112504     INFO  main            d.u.i.k.p.r.p.TestFile    Now processing file /home/runner/work/key/key/key.core/../key.ui/examples/standard_key/strings/stringEquality2.key 
112504     INFO  main            d.u.i.k.p.i.AbstractProblemLoader Loading environment from /home/runner/work/key/key/key.core/../key.ui/examples/standard_key/strings/stringEquality2.key 
112504     DEBUG main            d.u.i.k.p.i.AbstractProblemLoader Environment load took 141.3ns 
112506     INFO  main            d.u.i.k.p.i.AbstractProblemLoader Creating init config 
114829     DEBUG main            d.u.i.k.p.i.AbstractProblemLoader Init config took 2.32s 
114841     INFO  main            d.u.i.k.p.i.AbstractProblemLoader Replaying proof stringEquality2.key 
114842     DEBUG main            d.u.i.k.p.i.IntermediateProofReplayer Proof replay took 6.2ns 
115245     INFO  main            d.u.i.k.p.r.p.TestFile    ... finished proof: closed. 
115479     INFO  main            d.u.i.k.p.i.AbstractProblemLoader Loading environment from /home/runner/work/key/key/key.core/../key.ui/examples/standard_key/strings/stringEquality2.key.proof 
115480     DEBUG main            d.u.i.k.p.i.AbstractProblemLoader Environment load took 298.1ns 
115481     INFO  main            d.u.i.k.p.i.AbstractProblemLoader Creating init config 
117762     DEBUG main            d.u.i.k.p.i.AbstractProblemLoader Init config took 2.28s 
117774     INFO  main            d.u.i.k.p.i.AbstractProblemLoader Replaying proof stringEquality2.key.proof 
117794     DEBUG main            d.u.i.k.p.i.IntermediateProofReplayer Proof replay took 15.52ms 
117795     DEBUG main            d.u.i.k.p.r.p.TestFile    ... success: reloaded. 
117795     INFO  main            d.u.i.k.p.r.p.TestFile    Now processing file /home/runner/work/key/key/key.core/../key.ui/examples/standard_key/strings/substring0.key 
117796     INFO  main            d.u.i.k.p.i.AbstractProblemLoader Loading environment from /home/runner/work/key/key/key.core/../key.ui/examples/standard_key/strings/substring0.key 
117796     DEBUG main            d.u.i.k.p.i.AbstractProblemLoader Environment load took 75.4ns 
117797     INFO  main            d.u.i.k.p.i.AbstractProblemLoader Creating init config 
120105     DEBUG main            d.u.i.k.p.i.AbstractProblemLoader Init config took 2.31s 
120117     INFO  main            d.u.i.k.p.i.AbstractProblemLoader Replaying proof substring0.key 
120118     DEBUG main            d.u.i.k.p.i.IntermediateProofReplayer Proof replay took 6.7ns 
120224     INFO  main            d.u.i.k.p.r.p.TestFile    ... finished proof: closed. 
120453     INFO  main            d.u.i.k.p.i.AbstractProblemLoader Loading environment from /home/runner/work/key/key/key.core/../key.ui/examples/standard_key/strings/substring0.key.proof 
120453     DEBUG main            d.u.i.k.p.i.AbstractProblemLoader Environment load took 111.6ns 
120454     INFO  main            d.u.i.k.p.i.AbstractProblemLoader Creating init config 
122719     DEBUG main            d.u.i.k.p.i.AbstractProblemLoader Init config took 2.26s 
122732     INFO  main            d.u.i.k.p.i.AbstractProblemLoader Replaying proof substring0.key.proof 
122734     DEBUG main            d.u.i.k.p.i.IntermediateProofReplayer Proof replay took 448.2ns 
122735     DEBUG main            d.u.i.k.p.r.p.TestFile    ... success: reloaded. 
122736     INFO  main            d.u.i.k.p.r.p.TestFile    Now processing file /home/runner/work/key/key/key.core/../key.ui/examples/standard_key/strings/substring1.key 
122736     INFO  main            d.u.i.k.p.i.AbstractProblemLoader Loading environment from /home/runner/work/key/key/key.core/../key.ui/examples/standard_key/strings/substring1.key 
122736     DEBUG main            d.u.i.k.p.i.AbstractProblemLoader Environment load took 81.4ns 
122737     INFO  main            d.u.i.k.p.i.AbstractProblemLoader Creating init config 
125041     DEBUG main            d.u.i.k.p.i.AbstractProblemLoader Init config took 2.3s 
125067     INFO  main            d.u.i.k.p.i.AbstractProblemLoader Replaying proof substring1.key 
125068     DEBUG main            d.u.i.k.p.i.IntermediateProofReplayer Proof replay took 6.6ns 
125170     INFO  main            d.u.i.k.p.r.p.TestFile    ... finished proof: closed. 
125386     INFO  main            d.u.i.k.p.i.AbstractProblemLoader Loading environment from /home/runner/work/key/key/key.core/../key.ui/examples/standard_key/strings/substring1.key.proof 
125387     DEBUG main            d.u.i.k.p.i.AbstractProblemLoader Environment load took 90.7ns 
125387     INFO  main            d.u.i.k.p.i.AbstractProblemLoader Creating init config 
127647     DEBUG main            d.u.i.k.p.i.AbstractProblemLoader Init config took 2.26s 
127659     INFO  main            d.u.i.k.p.i.AbstractProblemLoader Replaying proof substring1.key.proof 
127661     DEBUG main            d.u.i.k.p.i.IntermediateProofReplayer Proof replay took 355.6ns 
127661     DEBUG main            d.u.i.k.p.r.p.TestFile    ... success: reloaded. 
127662     INFO  main            d.u.i.k.p.r.p.TestFile    Now processing file /home/runner/work/key/key/key.core/../key.ui/examples/standard_key/strings/substring2.key 
127662     INFO  main            d.u.i.k.p.i.AbstractProblemLoader Loading environment from /home/runner/work/key/key/key.core/../key.ui/examples/standard_key/strings/substring2.key 
127662     DEBUG main            d.u.i.k.p.i.AbstractProblemLoader Environment load took 51.1ns 
127663     INFO  main            d.u.i.k.p.i.AbstractProblemLoader Creating init config 
129956     DEBUG main            d.u.i.k.p.i.AbstractProblemLoader Init config took 2.29s 
129983     INFO  main            d.u.i.k.p.i.AbstractProblemLoader Replaying proof substring2.key 
129984     DEBUG main            d.u.i.k.p.i.IntermediateProofReplayer Proof replay took 6.2ns 
130087     INFO  main            d.u.i.k.p.r.p.TestFile    ... finished proof: closed. 
130307     INFO  main            d.u.i.k.p.i.AbstractProblemLoader Loading environment from /home/runner/work/key/key/key.core/../key.ui/examples/standard_key/strings/substring2.key.proof 
130308     DEBUG main            d.u.i.k.p.i.AbstractProblemLoader Environment load took 90.8ns 
130309     INFO  main            d.u.i.k.p.i.AbstractProblemLoader Creating init config 
132566     DEBUG main            d.u.i.k.p.i.AbstractProblemLoader Init config took 2.26s 
132578     INFO  main            d.u.i.k.p.i.AbstractProblemLoader Replaying proof substring2.key.proof 
132581     DEBUG main            d.u.i.k.p.i.IntermediateProofReplayer Proof replay took 792.79ns 
132581     DEBUG main            d.u.i.k.p.r.p.TestFile    ... success: reloaded. 
132582     INFO  main            d.u.i.k.p.r.p.TestFile    Now processing file /home/runner/work/key/key/key.core/../key.ui/examples/standard_key/strings/substring3.key 
132582     INFO  main            d.u.i.k.p.i.AbstractProblemLoader Loading environment from /home/runner/work/key/key/key.core/../key.ui/examples/standard_key/strings/substring3.key 
132582     DEBUG main            d.u.i.k.p.i.AbstractProblemLoader Environment load took 137.2ns 
132583     INFO  main            d.u.i.k.p.i.AbstractProblemLoader Creating init config 
134912     DEBUG main            d.u.i.k.p.i.AbstractProblemLoader Init config took 2.33s 
134924     INFO  main            d.u.i.k.p.i.AbstractProblemLoader Replaying proof substring3.key 
134925     DEBUG main            d.u.i.k.p.i.IntermediateProofReplayer Proof replay took 16ns 
135026     INFO  main            d.u.i.k.p.r.p.TestFile    ... finished proof: closed. 
135258     INFO  main            d.u.i.k.p.i.AbstractProblemLoader Loading environment from /home/runner/work/key/key/key.core/../key.ui/examples/standard_key/strings/substring3.key.proof 
135258     DEBUG main            d.u.i.k.p.i.AbstractProblemLoader Environment load took 97.1ns 
135259     INFO  main            d.u.i.k.p.i.AbstractProblemLoader Creating init config 
137508     DEBUG main            d.u.i.k.p.i.AbstractProblemLoader Init config took 2.25s 
137519     INFO  main            d.u.i.k.p.i.AbstractProblemLoader Replaying proof substring3.key.proof 
137522     DEBUG main            d.u.i.k.p.i.IntermediateProofReplayer Proof replay took 1.38ms 
137523     DEBUG main            d.u.i.k.p.r.p.TestFile    ... success: reloaded. 
137523     INFO  main            d.u.i.k.p.r.p.TestFile    Now processing file /home/runner/work/key/key/key.core/../key.ui/examples/standard_key/strings/substring4.key 
137524     INFO  main            d.u.i.k.p.i.AbstractProblemLoader Loading environment from /home/runner/work/key/key/key.core/../key.ui/examples/standard_key/strings/substring4.key 
137524     DEBUG main            d.u.i.k.p.i.AbstractProblemLoader Environment load took 88.1ns 
137524     INFO  main            d.u.i.k.p.i.AbstractProblemLoader Creating init config 
139814     DEBUG main            d.u.i.k.p.i.AbstractProblemLoader Init config took 2.29s 
139825     INFO  main            d.u.i.k.p.i.AbstractProblemLoader Replaying proof substring4.key 
139826     DEBUG main            d.u.i.k.p.i.IntermediateProofReplayer Proof replay took 6.3ns 
139930     INFO  main            d.u.i.k.p.r.p.TestFile    ... finished proof: closed. 
140176     INFO  main            d.u.i.k.p.i.AbstractProblemLoader Loading environment from /home/runner/work/key/key/key.core/../key.ui/examples/standard_key/strings/substring4.key.proof 
140176     DEBUG main            d.u.i.k.p.i.AbstractProblemLoader Environment load took 92.4ns 
140177     INFO  main            d.u.i.k.p.i.AbstractProblemLoader Creating init config 
142435     DEBUG main            d.u.i.k.p.i.AbstractProblemLoader Init config took 2.26s 
142446     INFO  main            d.u.i.k.p.i.AbstractProblemLoader Replaying proof substring4.key.proof 
142450     DEBUG main            d.u.i.k.p.i.IntermediateProofReplayer Proof replay took 1.82ms 
142451     DEBUG main            d.u.i.k.p.r.p.TestFile    ... success: reloaded. 
142451     INFO  main            d.u.i.k.p.r.p.TestFile    Now processing file /home/runner/work/key/key/key.core/../key.ui/examples/standard_key/strings/substring5.key 
142452     INFO  main            d.u.i.k.p.i.AbstractProblemLoader Loading environment from /home/runner/work/key/key/key.core/../key.ui/examples/standard_key/strings/substring5.key 
142452     DEBUG main            d.u.i.k.p.i.AbstractProblemLoader Environment load took 153.9ns 
142453     INFO  main            d.u.i.k.p.i.AbstractProblemLoader Creating init config 
144753     DEBUG main            d.u.i.k.p.i.AbstractProblemLoader Init config took 2.3s 
144765     INFO  main            d.u.i.k.p.i.AbstractProblemLoader Replaying proof substring5.key 
144766     DEBUG main            d.u.i.k.p.i.IntermediateProofReplayer Proof replay took 6.3ns 
144968     INFO  main            d.u.i.k.p.r.p.TestFile    ... finished proof: closed. 
145224     INFO  main            d.u.i.k.p.i.AbstractProblemLoader Loading environment from /home/runner/work/key/key/key.core/../key.ui/examples/standard_key/strings/substring5.key.proof 
145224     DEBUG main            d.u.i.k.p.i.AbstractProblemLoader Environment load took 217ns 
145225     INFO  main            d.u.i.k.p.i.AbstractProblemLoader Creating init config 
147481     DEBUG main            d.u.i.k.p.i.AbstractProblemLoader Init config took 2.26s 
147493     INFO  main            d.u.i.k.p.i.AbstractProblemLoader Replaying proof substring5.key.proof 
147509     DEBUG main            d.u.i.k.p.i.IntermediateProofReplayer Proof replay took 12.08ms 
147510     DEBUG main            d.u.i.k.p.r.p.TestFile    ... success: reloaded. 
3746285    INFO  Test worker     d.u.i.k.p.r.RunAllProofsTestUnit Returning from test strings 
3746286    INFO  Test worker     d.u.i.k.p.r.RunAllProofsTestUnit Running test simple_info_flow 
361        INFO  Timeout watchdog d.u.i.k.p.r.p.ForkedTestFileRunner Timeout watcher launched (2000 secs.) 
373        WARN  main            d.u.i.k.s.ProofSettings   The settings in /home/runner/.key/proof-settings.props are *not* read. 
399        INFO  main            d.u.i.k.p.r.p.TestFile    Now processing file /home/runner/work/key/key/key.core/../key.ui/examples/heap/information_flow/UpdateAbstraction_ex7_1_insecure.key 
556        INFO  main            d.u.i.k.p.i.AbstractProblemLoader Loading environment from /home/runner/work/key/key/key.core/../key.ui/examples/heap/information_flow/UpdateAbstraction_ex7_1_insecure.key 
572        DEBUG main            d.u.i.k.p.i.AbstractProblemLoader Environment load took 2.05ms 
766        INFO  main            d.u.i.k.p.i.AbstractProblemLoader Creating init config 
1805       DEBUG main            d.u.i.k.j.TypeConverter   No LDT found for Meta 
1805       DEBUG main            d.u.i.k.j.TypeConverter   No LDT found for Meta 
1808       DEBUG main            d.u.i.k.j.TypeConverter   No LDT found for Meta 
1808       DEBUG main            d.u.i.k.j.TypeConverter   No LDT found for Meta 
3227       DEBUG main            d.u.i.k.j.TypeConverter   No LDT found for JavaBigintExpression 
8049       DEBUG main            d.u.i.k.p.i.AbstractProblemLoader Init config took 7.28s 
8171       INFO  main            d.u.i.k.p.i.AbstractProblemLoader Replaying proof UpdateAbstraction[UpdateAbstraction::ex7_1_insecure()].JML operation contract.0 
8202       DEBUG main            d.u.i.k.p.i.IntermediateProofReplayer Proof replay took 29.4ns 
8768       INFO  main            d.u.i.k.p.r.p.TestFile    ... finished proof: open goal(s) 
8875       INFO  main            d.u.i.k.p.r.p.TestFile    Now processing file /home/runner/work/key/key/key.core/../key.ui/examples/heap/information_flow/UpdateAbstraction_ex7_2_insecure.key 
8877       INFO  main            d.u.i.k.p.i.AbstractProblemLoader Loading environment from /home/runner/work/key/key/key.core/../key.ui/examples/heap/information_flow/UpdateAbstraction_ex7_2_insecure.key 
8877       DEBUG main            d.u.i.k.p.i.AbstractProblemLoader Environment load took 145.8ns 
8879       INFO  main            d.u.i.k.p.i.AbstractProblemLoader Creating init config 
11746      DEBUG main            d.u.i.k.p.i.AbstractProblemLoader Init config took 2.87s 
11856      INFO  main            d.u.i.k.p.i.AbstractProblemLoader Replaying proof UpdateAbstraction[UpdateAbstraction::ex7_2_insecure()].JML operation contract.0 
11862      DEBUG main            d.u.i.k.p.i.IntermediateProofReplayer Proof replay took 5.5ns 
12267      INFO  main            d.u.i.k.p.r.p.TestFile    ... finished proof: open goal(s) 
3758845    INFO  Test worker     d.u.i.k.p.r.RunAllProofsTestUnit Returning from test simple_info_flow 
3758846    INFO  Test worker     d.u.i.k.p.r.RunAllProofsTestUnit Running test modelMethods 
345        WARN  main            d.u.i.k.s.ProofSettings   The settings in /home/runner/.key/proof-settings.props are *not* read. 
351        INFO  Timeout watchdog d.u.i.k.p.r.p.ForkedTestFileRunner Timeout watcher launched (2000 secs.) 
376        INFO  main            d.u.i.k.p.r.p.TestFile    Now processing file /home/runner/work/key/key/key.core/../key.ui/examples/heap/model_methods/Cell_footprint_acc.key 
474        INFO  main            d.u.i.k.p.i.AbstractProblemLoader Loading environment from /home/runner/work/key/key/key.core/../key.ui/examples/heap/model_methods/Cell_footprint_acc.key 
505        DEBUG main            d.u.i.k.p.i.AbstractProblemLoader Environment load took 1.96ms 
744        INFO  main            d.u.i.k.p.i.AbstractProblemLoader Creating init config 
1723       DEBUG main            d.u.i.k.j.TypeConverter   No LDT found for Meta 
1723       DEBUG main            d.u.i.k.j.TypeConverter   No LDT found for Meta 
1727       DEBUG main            d.u.i.k.j.TypeConverter   No LDT found for Meta 
1727       DEBUG main            d.u.i.k.j.TypeConverter   No LDT found for Meta 
3083       DEBUG main            d.u.i.k.j.TypeConverter   No LDT found for JavaBigintExpression 
8191       DEBUG main            d.u.i.k.p.i.AbstractProblemLoader Init config took 7.45s 
8381       INFO  main            d.u.i.k.p.i.AbstractProblemLoader Replaying proof Cell[Cell::footprint()].JML accessible clause.0 
8413       DEBUG main            d.u.i.k.p.i.IntermediateProofReplayer Proof replay took 32ns 
8853       INFO  main            d.u.i.k.p.r.p.TestFile    ... finished proof: closed. 
8948       INFO  main            d.u.i.k.p.i.AbstractProblemLoader Loading environment from /home/runner/work/key/key/key.core/../key.ui/examples/heap/model_methods/Cell_footprint_acc.key.proof 
8948       DEBUG main            d.u.i.k.p.i.AbstractProblemLoader Environment load took 135.1ns 
8950       INFO  main            d.u.i.k.p.i.AbstractProblemLoader Creating init config 
11822      DEBUG main            d.u.i.k.p.i.AbstractProblemLoader Init config took 2.87s 
11895      INFO  main            d.u.i.k.p.i.AbstractProblemLoader Replaying proof Cell[Cell::footprint()].JML accessible clause.0 
11914      DEBUG main            d.u.i.k.p.i.IntermediateProofReplayer Proof replay took 15.04ms 
11920      DEBUG main            d.u.i.k.p.r.p.TestFile    ... success: reloaded. 
11922      INFO  main            d.u.i.k.p.r.p.TestFile    Now processing file /home/runner/work/key/key/key.core/../key.ui/examples/heap/model_methods/Cell_footprint.key 
11923      INFO  main            d.u.i.k.p.i.AbstractProblemLoader Loading environment from /home/runner/work/key/key/key.core/../key.ui/examples/heap/model_methods/Cell_footprint.key 
11923      DEBUG main            d.u.i.k.p.i.AbstractProblemLoader Environment load took 191.7ns 
11924      INFO  main            d.u.i.k.p.i.AbstractProblemLoader Creating init config 
14662      DEBUG main            d.u.i.k.p.i.AbstractProblemLoader Init config took 2.74s 
14730      INFO  main            d.u.i.k.p.i.AbstractProblemLoader Replaying proof Cell[Cell::footprint()].JML model_behavior operation contract.0 
14732      DEBUG main            d.u.i.k.p.i.IntermediateProofReplayer Proof replay took 6.5ns 
14834      INFO  main            d.u.i.k.p.r.p.TestFile    ... finished proof: closed. 
14957      INFO  main            d.u.i.k.p.i.AbstractProblemLoader Loading environment from /home/runner/work/key/key/key.core/../key.ui/examples/heap/model_methods/Cell_footprint.key.proof 
14957      DEBUG main            d.u.i.k.p.i.AbstractProblemLoader Environment load took 116.5ns 
14958      INFO  main            d.u.i.k.p.i.AbstractProblemLoader Creating init config 
17631      DEBUG main            d.u.i.k.p.i.AbstractProblemLoader Init config took 2.67s 
17704      INFO  main            d.u.i.k.p.i.AbstractProblemLoader Replaying proof Cell[Cell::footprint()].JML model_behavior operation contract.0 
17723      DEBUG main            d.u.i.k.p.i.IntermediateProofReplayer Proof replay took 15.15ms 
17724      DEBUG main            d.u.i.k.p.r.p.TestFile    ... success: reloaded. 
17726      INFO  main            d.u.i.k.p.r.p.TestFile    Now processing file /home/runner/work/key/key/key.core/../key.ui/examples/heap/model_methods/Cell_get_acc.key 
17726      INFO  main            d.u.i.k.p.i.AbstractProblemLoader Loading environment from /home/runner/work/key/key/key.core/../key.ui/examples/heap/model_methods/Cell_get_acc.key 
17726      DEBUG main            d.u.i.k.p.i.AbstractProblemLoader Environment load took 175.7ns 
17730      INFO  main            d.u.i.k.p.i.AbstractProblemLoader Creating init config 
20373      DEBUG main            d.u.i.k.p.i.AbstractProblemLoader Init config took 2.64s 
20425      INFO  main            d.u.i.k.p.i.AbstractProblemLoader Replaying proof Cell[Cell::get()].JML accessible clause.0 
20426      DEBUG main            d.u.i.k.p.i.IntermediateProofReplayer Proof replay took 5.4ns 
20638      INFO  main            d.u.i.k.p.r.p.TestFile    ... finished proof: closed. 
20801      INFO  main            d.u.i.k.p.i.AbstractProblemLoader Loading environment from /home/runner/work/key/key/key.core/../key.ui/examples/heap/model_methods/Cell_get_acc.key.proof 
20801      DEBUG main            d.u.i.k.p.i.AbstractProblemLoader Environment load took 113.4ns 
20802      INFO  main            d.u.i.k.p.i.AbstractProblemLoader Creating init config 
23384      DEBUG main            d.u.i.k.p.i.AbstractProblemLoader Init config took 2.58s 
23434      INFO  main            d.u.i.k.p.i.AbstractProblemLoader Replaying proof Cell[Cell::get()].JML accessible clause.0 
23465      DEBUG main            d.u.i.k.p.i.IntermediateProofReplayer Proof replay took 28.08ms 
23466      DEBUG main            d.u.i.k.p.r.p.TestFile    ... success: reloaded. 
23467      INFO  main            d.u.i.k.p.r.p.TestFile    Now processing file /home/runner/work/key/key/key.core/../key.ui/examples/heap/model_methods/Cell_get.key 
23467      INFO  main            d.u.i.k.p.i.AbstractProblemLoader Loading environment from /home/runner/work/key/key/key.core/../key.ui/examples/heap/model_methods/Cell_get.key 
23468      DEBUG main            d.u.i.k.p.i.AbstractProblemLoader Environment load took 117.8ns 
23469      INFO  main            d.u.i.k.p.i.AbstractProblemLoader Creating init config 
26221      DEBUG main            d.u.i.k.p.i.AbstractProblemLoader Init config took 2.75s 
26272      INFO  main            d.u.i.k.p.i.AbstractProblemLoader Replaying proof Cell[Cell::get()].JML operation contract.0 
26274      DEBUG main            d.u.i.k.p.i.IntermediateProofReplayer Proof replay took 5.1ns 
26376      INFO  main            d.u.i.k.p.r.p.TestFile    ... finished proof: closed. 
26513      INFO  main            d.u.i.k.p.i.AbstractProblemLoader Loading environment from /home/runner/work/key/key/key.core/../key.ui/examples/heap/model_methods/Cell_get.key.proof 
26513      DEBUG main            d.u.i.k.p.i.AbstractProblemLoader Environment load took 110.7ns 
26514      INFO  main            d.u.i.k.p.i.AbstractProblemLoader Creating init config 
29106      DEBUG main            d.u.i.k.p.i.AbstractProblemLoader Init config took 2.59s 
29154      INFO  main            d.u.i.k.p.i.AbstractProblemLoader Replaying proof Cell[Cell::get()].JML operation contract.0 
29169      DEBUG main            d.u.i.k.p.i.IntermediateProofReplayer Proof replay took 13.12ms 
29170      DEBUG main            d.u.i.k.p.r.p.TestFile    ... success: reloaded. 
29171      INFO  main            d.u.i.k.p.r.p.TestFile    Now processing file /home/runner/work/key/key/key.core/../key.ui/examples/heap/model_methods/Cell_post_set.key 
29171      INFO  main            d.u.i.k.p.i.AbstractProblemLoader Loading environment from /home/runner/work/key/key/key.core/../key.ui/examples/heap/model_methods/Cell_post_set.key 
29171      DEBUG main            d.u.i.k.p.i.AbstractProblemLoader Environment load took 115.3ns 
29172      INFO  main            d.u.i.k.p.i.AbstractProblemLoader Creating init config 
31764      DEBUG main            d.u.i.k.p.i.AbstractProblemLoader Init config took 2.59s 
31811      INFO  main            d.u.i.k.p.i.AbstractProblemLoader Replaying proof Cell[Cell::post_set(int)].JML model_behavior operation contract.0 
31812      DEBUG main            d.u.i.k.p.i.IntermediateProofReplayer Proof replay took 5.5ns 
31914      INFO  main            d.u.i.k.p.r.p.TestFile    ... finished proof: closed. 
32052      INFO  main            d.u.i.k.p.i.AbstractProblemLoader Loading environment from /home/runner/work/key/key/key.core/../key.ui/examples/heap/model_methods/Cell_post_set.key.proof 
32052      DEBUG main            d.u.i.k.p.i.AbstractProblemLoader Environment load took 122.1ns 
32053      INFO  main            d.u.i.k.p.i.AbstractProblemLoader Creating init config 
34606      DEBUG main            d.u.i.k.p.i.AbstractProblemLoader Init config took 2.55s 
34659      INFO  main            d.u.i.k.p.i.AbstractProblemLoader Replaying proof Cell[Cell::post_set(int)].JML model_behavior operation contract.0 
34668      DEBUG main            d.u.i.k.p.i.IntermediateProofReplayer Proof replay took 7.7ms 
34669      DEBUG main            d.u.i.k.p.r.p.TestFile    ... success: reloaded. 
34670      INFO  main            d.u.i.k.p.r.p.TestFile    Now processing file /home/runner/work/key/key/key.core/../key.ui/examples/heap/model_methods/Cell_set.key 
34671      INFO  main            d.u.i.k.p.i.AbstractProblemLoader Loading environment from /home/runner/work/key/key/key.core/../key.ui/examples/heap/model_methods/Cell_set.key 
34671      DEBUG main            d.u.i.k.p.i.AbstractProblemLoader Environment load took 171.8ns 
34672      INFO  main            d.u.i.k.p.i.AbstractProblemLoader Creating init config 
37277      DEBUG main            d.u.i.k.p.i.AbstractProblemLoader Init config took 2.6s 
37331      INFO  main            d.u.i.k.p.i.AbstractProblemLoader Replaying proof Cell[Cell::set(int)].JML operation contract.0 
37335      DEBUG main            d.u.i.k.p.i.IntermediateProofReplayer Proof replay took 6.1ns 
43414      INFO  main            d.u.i.k.p.r.p.TestFile    ... finished proof: closed. 
43592      INFO  main            d.u.i.k.p.i.AbstractProblemLoader Loading environment from /home/runner/work/key/key/key.core/../key.ui/examples/heap/model_methods/Cell_set.key.proof 
43592      DEBUG main            d.u.i.k.p.i.AbstractProblemLoader Environment load took 322.4ns 
43593      INFO  main            d.u.i.k.p.i.AbstractProblemLoader Creating init config 
46129      DEBUG main            d.u.i.k.p.i.AbstractProblemLoader Init config took 2.54s 
46178      INFO  main            d.u.i.k.p.i.AbstractProblemLoader Replaying proof Cell[Cell::set(int)].JML operation contract.0 
46655      DEBUG main            d.u.i.k.p.i.IntermediateProofReplayer Proof replay took 461.12ms 
46657      DEBUG main            d.u.i.k.p.r.p.TestFile    ... success: reloaded. 
46659      INFO  main            d.u.i.k.p.r.p.TestFile    Now processing file /home/runner/work/key/key/key.core/../key.ui/examples/heap/model_methods/CellTest_callSet.key 
46659      INFO  main            d.u.i.k.p.i.AbstractProblemLoader Loading environment from /home/runner/work/key/key/key.core/../key.ui/examples/heap/model_methods/CellTest_callSet.key 
46659      DEBUG main            d.u.i.k.p.i.AbstractProblemLoader Environment load took 80ns 
46661      INFO  main            d.u.i.k.p.i.AbstractProblemLoader Creating init config 
49264      DEBUG main            d.u.i.k.p.i.AbstractProblemLoader Init config took 2.6s 
49306      INFO  main            d.u.i.k.p.i.AbstractProblemLoader Replaying proof CellTest[CellTest::callSet(Cell,int)].JML operation contract.0 
49307      DEBUG main            d.u.i.k.p.i.IntermediateProofReplayer Proof replay took 5.7ns 
49510      INFO  main            d.u.i.k.p.r.p.TestFile    ... finished proof: closed. 
49666      INFO  main            d.u.i.k.p.i.AbstractProblemLoader Loading environment from /home/runner/work/key/key/key.core/../key.ui/examples/heap/model_methods/CellTest_callSet.key.proof 
49666      DEBUG main            d.u.i.k.p.i.AbstractProblemLoader Environment load took 104.7ns 
49668      INFO  main            d.u.i.k.p.i.AbstractProblemLoader Creating init config 
52203      DEBUG main            d.u.i.k.p.i.AbstractProblemLoader Init config took 2.54s 
52251      INFO  main            d.u.i.k.p.i.AbstractProblemLoader Replaying proof CellTest[CellTest::callSet(Cell,int)].JML operation contract.0 
52298      DEBUG main            d.u.i.k.p.i.IntermediateProofReplayer Proof replay took 43.44ms 
52299      DEBUG main            d.u.i.k.p.r.p.TestFile    ... success: reloaded. 
52300      INFO  main            d.u.i.k.p.r.p.TestFile    Now processing file /home/runner/work/key/key/key.core/../key.ui/examples/heap/model_methods/CellTest_test2.key 
52301      INFO  main            d.u.i.k.p.i.AbstractProblemLoader Loading environment from /home/runner/work/key/key/key.core/../key.ui/examples/heap/model_methods/CellTest_test2.key 
52301      DEBUG main            d.u.i.k.p.i.AbstractProblemLoader Environment load took 152.6ns 
52302      INFO  main            d.u.i.k.p.i.AbstractProblemLoader Creating init config 
54865      DEBUG main            d.u.i.k.p.i.AbstractProblemLoader Init config took 2.56s 
54905      INFO  main            d.u.i.k.p.i.AbstractProblemLoader Replaying proof CellTest[CellTest::test2(Cell)].JML operation contract.0 
54907      DEBUG main            d.u.i.k.p.i.IntermediateProofReplayer Proof replay took 6.2ns 
55213      INFO  main            d.u.i.k.p.r.p.TestFile    ... finished proof: closed. 
55389      INFO  main            d.u.i.k.p.i.AbstractProblemLoader Loading environment from /home/runner/work/key/key/key.core/../key.ui/examples/heap/model_methods/CellTest_test2.key.proof 
55390      DEBUG main            d.u.i.k.p.i.AbstractProblemLoader Environment load took 941.09ns 
55391      INFO  main            d.u.i.k.p.i.AbstractProblemLoader Creating init config 
57933      DEBUG main            d.u.i.k.p.i.AbstractProblemLoader Init config took 2.54s 
57973      INFO  main            d.u.i.k.p.i.AbstractProblemLoader Replaying proof CellTest[CellTest::test2(Cell)].JML operation contract.0 
58033      DEBUG main            d.u.i.k.p.i.IntermediateProofReplayer Proof replay took 57.48ms 
58034      DEBUG main            d.u.i.k.p.r.p.TestFile    ... success: reloaded. 
58035      INFO  main            d.u.i.k.p.r.p.TestFile    Now processing file /home/runner/work/key/key/key.core/../key.ui/examples/heap/model_methods/CellTest_test.key 
58035      INFO  main            d.u.i.k.p.i.AbstractProblemLoader Loading environment from /home/runner/work/key/key/key.core/../key.ui/examples/heap/model_methods/CellTest_test.key 
58036      DEBUG main            d.u.i.k.p.i.AbstractProblemLoader Environment load took 159.1ns 
58036      INFO  main            d.u.i.k.p.i.AbstractProblemLoader Creating init config 
60565      DEBUG main            d.u.i.k.p.i.AbstractProblemLoader Init config took 2.53s 
60605      INFO  main            d.u.i.k.p.i.AbstractProblemLoader Replaying proof CellTest[CellTest::test(Recell)].JML operation contract.0 
60607      DEBUG main            d.u.i.k.p.i.IntermediateProofReplayer Proof replay took 6.7ns 
62233      INFO  main            d.u.i.k.p.r.p.TestFile    ... finished proof: closed. 
62460      INFO  main            d.u.i.k.p.i.AbstractProblemLoader Loading environment from /home/runner/work/key/key/key.core/../key.ui/examples/heap/model_methods/CellTest_test.key.proof 
62460      DEBUG main            d.u.i.k.p.i.AbstractProblemLoader Environment load took 315.9ns 
62461      INFO  main            d.u.i.k.p.i.AbstractProblemLoader Creating init config 
64954      DEBUG main            d.u.i.k.p.i.AbstractProblemLoader Init config took 2.49s 
64997      INFO  main            d.u.i.k.p.i.AbstractProblemLoader Replaying proof CellTest[CellTest::test(Recell)].JML operation contract.0 
65354      DEBUG main            d.u.i.k.p.i.IntermediateProofReplayer Proof replay took 326.92ms 
65355      DEBUG main            d.u.i.k.p.r.p.TestFile    ... success: reloaded. 
65357      INFO  main            d.u.i.k.p.r.p.TestFile    Now processing file /home/runner/work/key/key/key.core/../key.ui/examples/heap/model_methods/Coll1_add.key 
65357      INFO  main            d.u.i.k.p.i.AbstractProblemLoader Loading environment from /home/runner/work/key/key/key.core/../key.ui/examples/heap/model_methods/Coll1_add.key 
65357      DEBUG main            d.u.i.k.p.i.AbstractProblemLoader Environment load took 149.4ns 
65358      INFO  main            d.u.i.k.p.i.AbstractProblemLoader Creating init config 
67946      DEBUG main            d.u.i.k.p.i.AbstractProblemLoader Init config took 2.59s 
67985      INFO  main            d.u.i.k.p.i.AbstractProblemLoader Replaying proof Coll1[Coll::add(int)].JML operation contract.0 
67987      DEBUG main            d.u.i.k.p.i.IntermediateProofReplayer Proof replay took 6.1ns 
68089      INFO  main            d.u.i.k.p.r.p.TestFile    ... finished proof: closed. 
68259      INFO  main            d.u.i.k.p.i.AbstractProblemLoader Loading environment from /home/runner/work/key/key/key.core/../key.ui/examples/heap/model_methods/Coll1_add.key.proof 
68259      DEBUG main            d.u.i.k.p.i.AbstractProblemLoader Environment load took 106.2ns 
68260      INFO  main            d.u.i.k.p.i.AbstractProblemLoader Creating init config 
70751      DEBUG main            d.u.i.k.p.i.AbstractProblemLoader Init config took 2.49s 
70796      INFO  main            d.u.i.k.p.i.AbstractProblemLoader Replaying proof Coll1[Coll::add(int)].JML operation contract.0 
70805      DEBUG main            d.u.i.k.p.i.IntermediateProofReplayer Proof replay took 7.82ms 
70806      DEBUG main            d.u.i.k.p.r.p.TestFile    ... success: reloaded. 
70807      INFO  main            d.u.i.k.p.r.p.TestFile    Now processing file /home/runner/work/key/key/key.core/../key.ui/examples/heap/model_methods/Coll1_Coll1_add_pre.key 
70807      INFO  main            d.u.i.k.p.i.AbstractProblemLoader Loading environment from /home/runner/work/key/key/key.core/../key.ui/examples/heap/model_methods/Coll1_Coll1_add_pre.key 
70807      DEBUG main            d.u.i.k.p.i.AbstractProblemLoader Environment load took 82ns 
70808      INFO  main            d.u.i.k.p.i.AbstractProblemLoader Creating init config 
73363      DEBUG main            d.u.i.k.p.i.AbstractProblemLoader Init config took 2.55s 
73415      INFO  main            d.u.i.k.p.i.AbstractProblemLoader Replaying proof Coll1[Coll1::add_pre(int)].JML model_behavior operation contract.0 
73416      DEBUG main            d.u.i.k.p.i.IntermediateProofReplayer Proof replay took 5.8ns 
73520      INFO  main            d.u.i.k.p.r.p.TestFile    ... finished proof: closed. 
73688      INFO  main            d.u.i.k.p.i.AbstractProblemLoader Loading environment from /home/runner/work/key/key/key.core/../key.ui/examples/heap/model_methods/Coll1_Coll1_add_pre.key.proof 
73688      DEBUG main            d.u.i.k.p.i.AbstractProblemLoader Environment load took 102ns 
73689      INFO  main            d.u.i.k.p.i.AbstractProblemLoader Creating init config 
76193      DEBUG main            d.u.i.k.p.i.AbstractProblemLoader Init config took 2.5s 
76242      INFO  main            d.u.i.k.p.i.AbstractProblemLoader Replaying proof Coll1[Coll1::add_pre(int)].JML model_behavior operation contract.0 
76249      DEBUG main            d.u.i.k.p.i.IntermediateProofReplayer Proof replay took 1.22ms 
76251      DEBUG main            d.u.i.k.p.r.p.TestFile    ... success: reloaded. 
76255      INFO  main            d.u.i.k.p.r.p.TestFile    Now processing file /home/runner/work/key/key/key.core/../key.ui/examples/heap/model_methods/Coll1_Coll_add_pre.key 
76255      INFO  main            d.u.i.k.p.i.AbstractProblemLoader Loading environment from /home/runner/work/key/key/key.core/../key.ui/examples/heap/model_methods/Coll1_Coll_add_pre.key 
76255      DEBUG main            d.u.i.k.p.i.AbstractProblemLoader Environment load took 95.8ns 
76256      INFO  main            d.u.i.k.p.i.AbstractProblemLoader Creating init config 
78784      DEBUG main            d.u.i.k.p.i.AbstractProblemLoader Init config took 2.53s 
78823      INFO  main            d.u.i.k.p.i.AbstractProblemLoader Replaying proof Coll1[Coll::add_pre(int)].JML model_behavior operation contract.0 
78825      DEBUG main            d.u.i.k.p.i.IntermediateProofReplayer Proof replay took 5.6ns 
78932      INFO  main            d.u.i.k.p.r.p.TestFile    ... finished proof: closed. 
79115      INFO  main            d.u.i.k.p.i.AbstractProblemLoader Loading environment from /home/runner/work/key/key/key.core/../key.ui/examples/heap/model_methods/Coll1_Coll_add_pre.key.proof 
79115      DEBUG main            d.u.i.k.p.i.AbstractProblemLoader Environment load took 102ns 
79116      INFO  main            d.u.i.k.p.i.AbstractProblemLoader Creating init config 
81592      DEBUG main            d.u.i.k.p.i.AbstractProblemLoader Init config took 2.48s 
81631      INFO  main            d.u.i.k.p.i.AbstractProblemLoader Replaying proof Coll1[Coll::add_pre(int)].JML model_behavior operation contract.0 
81634      DEBUG main            d.u.i.k.p.i.IntermediateProofReplayer Proof replay took 1.85ms 
81635      DEBUG main            d.u.i.k.p.r.p.TestFile    ... success: reloaded. 
81636      INFO  main            d.u.i.k.p.r.p.TestFile    Now processing file /home/runner/work/key/key/key.core/../key.ui/examples/heap/model_methods/Coll2_add.key 
81636      INFO  main            d.u.i.k.p.i.AbstractProblemLoader Loading environment from /home/runner/work/key/key/key.core/../key.ui/examples/heap/model_methods/Coll2_add.key 
81636      DEBUG main            d.u.i.k.p.i.AbstractProblemLoader Environment load took 79.6ns 
81637      INFO  main            d.u.i.k.p.i.AbstractProblemLoader Creating init config 
84176      DEBUG main            d.u.i.k.p.i.AbstractProblemLoader Init config took 2.54s 
84215      INFO  main            d.u.i.k.p.i.AbstractProblemLoader Replaying proof Coll2[Coll::add(int)].JML operation contract.0 
84217      DEBUG main            d.u.i.k.p.i.IntermediateProofReplayer Proof replay took 6.1ns 
84320      INFO  main            d.u.i.k.p.r.p.TestFile    ... finished proof: closed. 
84513      INFO  main            d.u.i.k.p.i.AbstractProblemLoader Loading environment from /home/runner/work/key/key/key.core/../key.ui/examples/heap/model_methods/Coll2_add.key.proof 
84513      DEBUG main            d.u.i.k.p.i.AbstractProblemLoader Environment load took 102.8ns 
84514      INFO  main            d.u.i.k.p.i.AbstractProblemLoader Creating init config 
87071      DEBUG main            d.u.i.k.p.i.AbstractProblemLoader Init config took 2.56s 
87109      INFO  main            d.u.i.k.p.i.AbstractProblemLoader Replaying proof Coll2[Coll::add(int)].JML operation contract.0 
87116      DEBUG main            d.u.i.k.p.i.IntermediateProofReplayer Proof replay took 5.18ms 
87117      DEBUG main            d.u.i.k.p.r.p.TestFile    ... success: reloaded. 
87118      INFO  main            d.u.i.k.p.r.p.TestFile    Now processing file /home/runner/work/key/key/key.core/../key.ui/examples/heap/model_methods/Coll2_Coll2_add_pre.key 
87118      INFO  main            d.u.i.k.p.i.AbstractProblemLoader Loading environment from /home/runner/work/key/key/key.core/../key.ui/examples/heap/model_methods/Coll2_Coll2_add_pre.key 
87118      DEBUG main            d.u.i.k.p.i.AbstractProblemLoader Environment load took 76.7ns 
87119      INFO  main            d.u.i.k.p.i.AbstractProblemLoader Creating init config 
89613      DEBUG main            d.u.i.k.p.i.AbstractProblemLoader Init config took 2.49s 
89668      INFO  main            d.u.i.k.p.i.AbstractProblemLoader Replaying proof Coll2[Coll2::add_pre(int)].JML model_behavior operation contract.0 
89670      DEBUG main            d.u.i.k.p.i.IntermediateProofReplayer Proof replay took 5.3ns 
89771      INFO  main            d.u.i.k.p.r.p.TestFile    ... finished proof: closed. 
89959      INFO  main            d.u.i.k.p.i.AbstractProblemLoader Loading environment from /home/runner/work/key/key/key.core/../key.ui/examples/heap/model_methods/Coll2_Coll2_add_pre.key.proof 
89959      DEBUG main            d.u.i.k.p.i.AbstractProblemLoader Environment load took 98ns 
89960      INFO  main            d.u.i.k.p.i.AbstractProblemLoader Creating init config 
92425      DEBUG main            d.u.i.k.p.i.AbstractProblemLoader Init config took 2.46s 
92461      INFO  main            d.u.i.k.p.i.AbstractProblemLoader Replaying proof Coll2[Coll2::add_pre(int)].JML model_behavior operation contract.0 
92464      DEBUG main            d.u.i.k.p.i.IntermediateProofReplayer Proof replay took 1.25ms 
92465      DEBUG main            d.u.i.k.p.r.p.TestFile    ... success: reloaded. 
92466      INFO  main            d.u.i.k.p.r.p.TestFile    Now processing file /home/runner/work/key/key/key.core/../key.ui/examples/heap/model_methods/Coll2_Coll_add_pre.key 
92466      INFO  main            d.u.i.k.p.i.AbstractProblemLoader Loading environment from /home/runner/work/key/key/key.core/../key.ui/examples/heap/model_methods/Coll2_Coll_add_pre.key 
92466      DEBUG main            d.u.i.k.p.i.AbstractProblemLoader Environment load took 78.9ns 
92467      INFO  main            d.u.i.k.p.i.AbstractProblemLoader Creating init config 
95017      DEBUG main            d.u.i.k.p.i.AbstractProblemLoader Init config took 2.55s 
95054      INFO  main            d.u.i.k.p.i.AbstractProblemLoader Replaying proof Coll2[Coll::add_pre(int)].JML model_behavior operation contract.0 
95056      DEBUG main            d.u.i.k.p.i.IntermediateProofReplayer Proof replay took 6.2ns 
95157      INFO  main            d.u.i.k.p.r.p.TestFile    ... finished proof: closed. 
95349      INFO  main            d.u.i.k.p.i.AbstractProblemLoader Loading environment from /home/runner/work/key/key/key.core/../key.ui/examples/heap/model_methods/Coll2_Coll_add_pre.key.proof 
95349      DEBUG main            d.u.i.k.p.i.AbstractProblemLoader Environment load took 97.7ns 
95350      INFO  main            d.u.i.k.p.i.AbstractProblemLoader Creating init config 
97811      DEBUG main            d.u.i.k.p.i.AbstractProblemLoader Init config took 2.46s 
97849      INFO  main            d.u.i.k.p.i.AbstractProblemLoader Replaying proof Coll2[Coll::add_pre(int)].JML model_behavior operation contract.0 
97852      DEBUG main            d.u.i.k.p.i.IntermediateProofReplayer Proof replay took 1.77ms 
97852      DEBUG main            d.u.i.k.p.r.p.TestFile    ... success: reloaded. 
97853      INFO  main            d.u.i.k.p.r.p.TestFile    Now processing file /home/runner/work/key/key/key.core/../key.ui/examples/heap/model_methods/Coll_add.key 
97853      INFO  main            d.u.i.k.p.i.AbstractProblemLoader Loading environment from /home/runner/work/key/key/key.core/../key.ui/examples/heap/model_methods/Coll_add.key 
97854      DEBUG main            d.u.i.k.p.i.AbstractProblemLoader Environment load took 56ns 
97854      INFO  main            d.u.i.k.p.i.AbstractProblemLoader Creating init config 
100375     DEBUG main            d.u.i.k.p.i.AbstractProblemLoader Init config took 2.52s 
100413     INFO  main            d.u.i.k.p.i.AbstractProblemLoader Replaying proof Coll[Coll::add(int)].JML operation contract.0 
100415     DEBUG main            d.u.i.k.p.i.IntermediateProofReplayer Proof replay took 5.6ns 
100516     INFO  main            d.u.i.k.p.r.p.TestFile    ... finished proof: closed. 
100717     INFO  main            d.u.i.k.p.i.AbstractProblemLoader Loading environment from /home/runner/work/key/key/key.core/../key.ui/examples/heap/model_methods/Coll_add.key.proof 
100717     DEBUG main            d.u.i.k.p.i.AbstractProblemLoader Environment load took 123.6ns 
100718     INFO  main            d.u.i.k.p.i.AbstractProblemLoader Creating init config 
103182     DEBUG main            d.u.i.k.p.i.AbstractProblemLoader Init config took 2.46s 
103223     INFO  main            d.u.i.k.p.i.AbstractProblemLoader Replaying proof Coll[Coll::add(int)].JML operation contract.0 
103228     DEBUG main            d.u.i.k.p.i.IntermediateProofReplayer Proof replay took 1.68ms 
103229     DEBUG main            d.u.i.k.p.r.p.TestFile    ... success: reloaded. 
103230     INFO  main            d.u.i.k.p.r.p.TestFile    Now processing file /home/runner/work/key/key/key.core/../key.ui/examples/heap/model_methods/Coll_add_pre.key 
103230     INFO  main            d.u.i.k.p.i.AbstractProblemLoader Loading environment from /home/runner/work/key/key/key.core/../key.ui/examples/heap/model_methods/Coll_add_pre.key 
103230     DEBUG main            d.u.i.k.p.i.AbstractProblemLoader Environment load took 159.8ns 
103232     INFO  main            d.u.i.k.p.i.AbstractProblemLoader Creating init config 
105751     DEBUG main            d.u.i.k.p.i.AbstractProblemLoader Init config took 2.52s 
105804     INFO  main            d.u.i.k.p.i.AbstractProblemLoader Replaying proof Coll[Coll::add_pre(int)].JML model_behavior operation contract.0 
105806     DEBUG main            d.u.i.k.p.i.IntermediateProofReplayer Proof replay took 6ns 
105908     INFO  main            d.u.i.k.p.r.p.TestFile    ... finished proof: closed. 
106108     INFO  main            d.u.i.k.p.i.AbstractProblemLoader Loading environment from /home/runner/work/key/key/key.core/../key.ui/examples/heap/model_methods/Coll_add_pre.key.proof 
106108     DEBUG main            d.u.i.k.p.i.AbstractProblemLoader Environment load took 457.4ns 
106109     INFO  main            d.u.i.k.p.i.AbstractProblemLoader Creating init config 
108564     DEBUG main            d.u.i.k.p.i.AbstractProblemLoader Init config took 2.45s 
108600     INFO  main            d.u.i.k.p.i.AbstractProblemLoader Replaying proof Coll[Coll::add_pre(int)].JML model_behavior operation contract.0 
108604     DEBUG main            d.u.i.k.p.i.IntermediateProofReplayer Proof replay took 2.03ms 
108604     DEBUG main            d.u.i.k.p.r.p.TestFile    ... success: reloaded. 
108605     INFO  main            d.u.i.k.p.r.p.TestFile    Now processing file /home/runner/work/key/key/key.core/../key.ui/examples/heap/model_methods/Indirect_callAdd.key 
108606     INFO  main            d.u.i.k.p.i.AbstractProblemLoader Loading environment from /home/runner/work/key/key/key.core/../key.ui/examples/heap/model_methods/Indirect_callAdd.key 
108606     DEBUG main            d.u.i.k.p.i.AbstractProblemLoader Environment load took 68.2ns 
108606     INFO  main            d.u.i.k.p.i.AbstractProblemLoader Creating init config 
111113     DEBUG main            d.u.i.k.p.i.AbstractProblemLoader Init config took 2.51s 
111150     INFO  main            d.u.i.k.p.i.AbstractProblemLoader Replaying proof Indirect[Indirect::callAdd(Coll,int)].JML operation contract.0 
111152     DEBUG main            d.u.i.k.p.i.IntermediateProofReplayer Proof replay took 5.5ns 
111253     INFO  main            d.u.i.k.p.r.p.TestFile    ... finished proof: closed. 
111479     INFO  main            d.u.i.k.p.i.AbstractProblemLoader Loading environment from /home/runner/work/key/key/key.core/../key.ui/examples/heap/model_methods/Indirect_callAdd.key.proof 
111479     DEBUG main            d.u.i.k.p.i.AbstractProblemLoader Environment load took 93.3ns 
111480     INFO  main            d.u.i.k.p.i.AbstractProblemLoader Creating init config 
113921     DEBUG main            d.u.i.k.p.i.AbstractProblemLoader Init config took 2.44s 
113958     INFO  main            d.u.i.k.p.i.AbstractProblemLoader Replaying proof Indirect[Indirect::callAdd(Coll,int)].JML operation contract.0 
113978     DEBUG main            d.u.i.k.p.i.IntermediateProofReplayer Proof replay took 18.14ms 
113979     DEBUG main            d.u.i.k.p.r.p.TestFile    ... success: reloaded. 
113980     INFO  main            d.u.i.k.p.r.p.TestFile    Now processing file /home/runner/work/key/key/key.core/../key.ui/examples/heap/model_methods/Indirect_test.key 
113980     INFO  main            d.u.i.k.p.i.AbstractProblemLoader Loading environment from /home/runner/work/key/key/key.core/../key.ui/examples/heap/model_methods/Indirect_test.key 
113980     DEBUG main            d.u.i.k.p.i.AbstractProblemLoader Environment load took 62.4ns 
113981     INFO  main            d.u.i.k.p.i.AbstractProblemLoader Creating init config 
116500     DEBUG main            d.u.i.k.p.i.AbstractProblemLoader Init config took 2.52s 
116554     INFO  main            d.u.i.k.p.i.AbstractProblemLoader Replaying proof Indirect[Indirect::test(Coll1,Coll2)].JML operation contract.0 
116555     DEBUG main            d.u.i.k.p.i.IntermediateProofReplayer Proof replay took 6.5ns 
116760     INFO  main            d.u.i.k.p.r.p.TestFile    ... finished proof: closed. 
116984     INFO  main            d.u.i.k.p.i.AbstractProblemLoader Loading environment from /home/runner/work/key/key/key.core/../key.ui/examples/heap/model_methods/Indirect_test.key.proof 
116984     DEBUG main            d.u.i.k.p.i.AbstractProblemLoader Environment load took 97.3ns 
116985     INFO  main            d.u.i.k.p.i.AbstractProblemLoader Creating init config 
119438     DEBUG main            d.u.i.k.p.i.AbstractProblemLoader Init config took 2.45s 
119476     INFO  main            d.u.i.k.p.i.AbstractProblemLoader Replaying proof Indirect[Indirect::test(Coll1,Coll2)].JML operation contract.0 
119520     DEBUG main            d.u.i.k.p.i.IntermediateProofReplayer Proof replay took 42.09ms 
119522     DEBUG main            d.u.i.k.p.r.p.TestFile    ... success: reloaded. 
119523     INFO  main            d.u.i.k.p.r.p.TestFile    Now processing file /home/runner/work/key/key/key.core/../key.ui/examples/heap/model_methods/Recell_Cell_footprint.key 
119523     INFO  main            d.u.i.k.p.i.AbstractProblemLoader Loading environment from /home/runner/work/key/key/key.core/../key.ui/examples/heap/model_methods/Recell_Cell_footprint.key 
119523     DEBUG main            d.u.i.k.p.i.AbstractProblemLoader Environment load took 156.3ns 
119524     INFO  main            d.u.i.k.p.i.AbstractProblemLoader Creating init config 
122062     DEBUG main            d.u.i.k.p.i.AbstractProblemLoader Init config took 2.54s 
122098     INFO  main            d.u.i.k.p.i.AbstractProblemLoader Replaying proof Recell[Cell::footprint()].JML model_behavior operation contract.0 
122100     DEBUG main            d.u.i.k.p.i.IntermediateProofReplayer Proof replay took 6ns 
122204     INFO  main            d.u.i.k.p.r.p.TestFile    ... finished proof: closed. 
122424     INFO  main            d.u.i.k.p.i.AbstractProblemLoader Loading environment from /home/runner/work/key/key/key.core/../key.ui/examples/heap/model_methods/Recell_Cell_footprint.key.proof 
122424     DEBUG main            d.u.i.k.p.i.AbstractProblemLoader Environment load took 92ns 
122425     INFO  main            d.u.i.k.p.i.AbstractProblemLoader Creating init config 
124890     DEBUG main            d.u.i.k.p.i.AbstractProblemLoader Init config took 2.46s 
124931     INFO  main            d.u.i.k.p.i.AbstractProblemLoader Replaying proof Recell[Cell::footprint()].JML model_behavior operation contract.0 
124935     DEBUG main            d.u.i.k.p.i.IntermediateProofReplayer Proof replay took 2.66ms 
124936     DEBUG main            d.u.i.k.p.r.p.TestFile    ... success: reloaded. 
124936     INFO  main            d.u.i.k.p.r.p.TestFile    Now processing file /home/runner/work/key/key/key.core/../key.ui/examples/heap/model_methods/Recell_Cell_post_set.key 
124937     INFO  main            d.u.i.k.p.i.AbstractProblemLoader Loading environment from /home/runner/work/key/key/key.core/../key.ui/examples/heap/model_methods/Recell_Cell_post_set.key 
124937     DEBUG main            d.u.i.k.p.i.AbstractProblemLoader Environment load took 77.3ns 
124937     INFO  main            d.u.i.k.p.i.AbstractProblemLoader Creating init config 
127420     DEBUG main            d.u.i.k.p.i.AbstractProblemLoader Init config took 2.48s 
127473     INFO  main            d.u.i.k.p.i.AbstractProblemLoader Replaying proof Recell[Cell::post_set(int)].JML model_behavior operation contract.0 
127474     DEBUG main            d.u.i.k.p.i.IntermediateProofReplayer Proof replay took 5.4ns 
127576     INFO  main            d.u.i.k.p.r.p.TestFile    ... finished proof: closed. 
127804     INFO  main            d.u.i.k.p.i.AbstractProblemLoader Loading environment from /home/runner/work/key/key/key.core/../key.ui/examples/heap/model_methods/Recell_Cell_post_set.key.proof 
127804     DEBUG main            d.u.i.k.p.i.AbstractProblemLoader Environment load took 99.2ns 
127805     INFO  main            d.u.i.k.p.i.AbstractProblemLoader Creating init config 
130251     DEBUG main            d.u.i.k.p.i.AbstractProblemLoader Init config took 2.45s 
130286     INFO  main            d.u.i.k.p.i.AbstractProblemLoader Replaying proof Recell[Cell::post_set(int)].JML model_behavior operation contract.0 
130291     DEBUG main            d.u.i.k.p.i.IntermediateProofReplayer Proof replay took 3.07ms 
130291     DEBUG main            d.u.i.k.p.r.p.TestFile    ... success: reloaded. 
130292     INFO  main            d.u.i.k.p.r.p.TestFile    Now processing file /home/runner/work/key/key/key.core/../key.ui/examples/heap/model_methods/Recell_footprint_acc.key 
130292     INFO  main            d.u.i.k.p.i.AbstractProblemLoader Loading environment from /home/runner/work/key/key/key.core/../key.ui/examples/heap/model_methods/Recell_footprint_acc.key 
130292     DEBUG main            d.u.i.k.p.i.AbstractProblemLoader Environment load took 67ns 
130293     INFO  main            d.u.i.k.p.i.AbstractProblemLoader Creating init config 
132777     DEBUG main            d.u.i.k.p.i.AbstractProblemLoader Init config took 2.48s 
132813     INFO  main            d.u.i.k.p.i.AbstractProblemLoader Replaying proof Recell[Cell::footprint()].JML accessible clause.0 
132814     DEBUG main            d.u.i.k.p.i.IntermediateProofReplayer Proof replay took 5.8ns 
132920     INFO  main            d.u.i.k.p.r.p.TestFile    ... finished proof: closed. 
133154     INFO  main            d.u.i.k.p.i.AbstractProblemLoader Loading environment from /home/runner/work/key/key/key.core/../key.ui/examples/heap/model_methods/Recell_footprint_acc.key.proof 
133154     DEBUG main            d.u.i.k.p.i.AbstractProblemLoader Environment load took 94.1ns 
133155     INFO  main            d.u.i.k.p.i.AbstractProblemLoader Creating init config 
135600     DEBUG main            d.u.i.k.p.i.AbstractProblemLoader Init config took 2.45s 
135636     INFO  main            d.u.i.k.p.i.AbstractProblemLoader Replaying proof Recell[Cell::footprint()].JML accessible clause.0 
135651     DEBUG main            d.u.i.k.p.i.IntermediateProofReplayer Proof replay took 13.22ms 
135654     DEBUG main            d.u.i.k.p.r.p.TestFile    ... success: reloaded. 
135654     INFO  main            d.u.i.k.p.r.p.TestFile    Now processing file /home/runner/work/key/key/key.core/../key.ui/examples/heap/model_methods/Recell_get_acc.key 
135655     INFO  main            d.u.i.k.p.i.AbstractProblemLoader Loading environment from /home/runner/work/key/key/key.core/../key.ui/examples/heap/model_methods/Recell_get_acc.key 
135655     DEBUG main            d.u.i.k.p.i.AbstractProblemLoader Environment load took 97.8ns 
135655     INFO  main            d.u.i.k.p.i.AbstractProblemLoader Creating init config 
138144     DEBUG main            d.u.i.k.p.i.AbstractProblemLoader Init config took 2.49s 
138195     INFO  main            d.u.i.k.p.i.AbstractProblemLoader Replaying proof Recell[Cell::get()].JML accessible clause.0 
138197     DEBUG main            d.u.i.k.p.i.IntermediateProofReplayer Proof replay took 6.1ns 
138299     INFO  main            d.u.i.k.p.r.p.TestFile    ... finished proof: closed. 
138565     INFO  main            d.u.i.k.p.i.AbstractProblemLoader Loading environment from /home/runner/work/key/key/key.core/../key.ui/examples/heap/model_methods/Recell_get_acc.key.proof 
138565     DEBUG main            d.u.i.k.p.i.AbstractProblemLoader Environment load took 94.2ns 
138565     INFO  main            d.u.i.k.p.i.AbstractProblemLoader Creating init config 
141003     DEBUG main            d.u.i.k.p.i.AbstractProblemLoader Init config took 2.44s 
141039     INFO  main            d.u.i.k.p.i.AbstractProblemLoader Replaying proof Recell[Cell::get()].JML accessible clause.0 
141053     DEBUG main            d.u.i.k.p.i.IntermediateProofReplayer Proof replay took 12.36ms 
141054     DEBUG main            d.u.i.k.p.r.p.TestFile    ... success: reloaded. 
141055     INFO  main            d.u.i.k.p.r.p.TestFile    Now processing file /home/runner/work/key/key/key.core/../key.ui/examples/heap/model_methods/Recell_get.key 
141055     INFO  main            d.u.i.k.p.i.AbstractProblemLoader Loading environment from /home/runner/work/key/key/key.core/../key.ui/examples/heap/model_methods/Recell_get.key 
141055     DEBUG main            d.u.i.k.p.i.AbstractProblemLoader Environment load took 77.2ns 
141056     INFO  main            d.u.i.k.p.i.AbstractProblemLoader Creating init config 
143577     DEBUG main            d.u.i.k.p.i.AbstractProblemLoader Init config took 2.52s 
143614     INFO  main            d.u.i.k.p.i.AbstractProblemLoader Replaying proof Recell[Cell::get()].JML operation contract.0 
143616     DEBUG main            d.u.i.k.p.i.IntermediateProofReplayer Proof replay took 6.1ns 
143718     INFO  main            d.u.i.k.p.r.p.TestFile    ... finished proof: closed. 
143995     INFO  main            d.u.i.k.p.i.AbstractProblemLoader Loading environment from /home/runner/work/key/key/key.core/../key.ui/examples/heap/model_methods/Recell_get.key.proof 
143995     DEBUG main            d.u.i.k.p.i.AbstractProblemLoader Environment load took 95ns 
143996     INFO  main            d.u.i.k.p.i.AbstractProblemLoader Creating init config 
146438     DEBUG main            d.u.i.k.p.i.AbstractProblemLoader Init config took 2.44s 
146474     INFO  main            d.u.i.k.p.i.AbstractProblemLoader Replaying proof Recell[Cell::get()].JML operation contract.0 
146482     DEBUG main            d.u.i.k.p.i.IntermediateProofReplayer Proof replay took 6.2ms 
146483     DEBUG main            d.u.i.k.p.r.p.TestFile    ... success: reloaded. 
146483     INFO  main            d.u.i.k.p.r.p.TestFile    Now processing file /home/runner/work/key/key/key.core/../key.ui/examples/heap/model_methods/Recell_Recell_footprint.key 
146484     INFO  main            d.u.i.k.p.i.AbstractProblemLoader Loading environment from /home/runner/work/key/key/key.core/../key.ui/examples/heap/model_methods/Recell_Recell_footprint.key 
146484     DEBUG main            d.u.i.k.p.i.AbstractProblemLoader Environment load took 99.7ns 
146484     INFO  main            d.u.i.k.p.i.AbstractProblemLoader Creating init config 
148986     DEBUG main            d.u.i.k.p.i.AbstractProblemLoader Init config took 2.5s 
149022     INFO  main            d.u.i.k.p.i.AbstractProblemLoader Replaying proof Recell[Recell::footprint()].JML model_behavior operation contract.0 
149024     DEBUG main            d.u.i.k.p.i.IntermediateProofReplayer Proof replay took 6.4ns 
149125     INFO  main            d.u.i.k.p.r.p.TestFile    ... finished proof: closed. 
149396     INFO  main            d.u.i.k.p.i.AbstractProblemLoader Loading environment from /home/runner/work/key/key/key.core/../key.ui/examples/heap/model_methods/Recell_Recell_footprint.key.proof 
149396     DEBUG main            d.u.i.k.p.i.AbstractProblemLoader Environment load took 92.3ns 
149396     INFO  main            d.u.i.k.p.i.AbstractProblemLoader Creating init config 
151828     DEBUG main            d.u.i.k.p.i.AbstractProblemLoader Init config took 2.43s 
151864     INFO  main            d.u.i.k.p.i.AbstractProblemLoader Replaying proof Recell[Recell::footprint()].JML model_behavior operation contract.0 
151866     DEBUG main            d.u.i.k.p.i.IntermediateProofReplayer Proof replay took 1.11ms 
151867     DEBUG main            d.u.i.k.p.r.p.TestFile    ... success: reloaded. 
151868     INFO  main            d.u.i.k.p.r.p.TestFile    Now processing file /home/runner/work/key/key/key.core/../key.ui/examples/heap/model_methods/Recell_Recell_post_set.key 
151868     INFO  main            d.u.i.k.p.i.AbstractProblemLoader Loading environment from /home/runner/work/key/key/key.core/../key.ui/examples/heap/model_methods/Recell_Recell_post_set.key 
151868     DEBUG main            d.u.i.k.p.i.AbstractProblemLoader Environment load took 197.2ns 
151869     INFO  main            d.u.i.k.p.i.AbstractProblemLoader Creating init config 
154374     DEBUG main            d.u.i.k.p.i.AbstractProblemLoader Init config took 2.51s 
154410     INFO  main            d.u.i.k.p.i.AbstractProblemLoader Replaying proof Recell[Recell::post_set(int)].JML model_behavior operation contract.0 
154411     DEBUG main            d.u.i.k.p.i.IntermediateProofReplayer Proof replay took 6.2ns 
154513     INFO  main            d.u.i.k.p.r.p.TestFile    ... finished proof: closed. 
154767     INFO  main            d.u.i.k.p.i.AbstractProblemLoader Loading environment from /home/runner/work/key/key/key.core/../key.ui/examples/heap/model_methods/Recell_Recell_post_set.key.proof 
154767     DEBUG main            d.u.i.k.p.i.AbstractProblemLoader Environment load took 88.5ns 
154768     INFO  main            d.u.i.k.p.i.AbstractProblemLoader Creating init config 
157200     DEBUG main            d.u.i.k.p.i.AbstractProblemLoader Init config took 2.43s 
157236     INFO  main            d.u.i.k.p.i.AbstractProblemLoader Replaying proof Recell[Recell::post_set(int)].JML model_behavior operation contract.0 
157239     DEBUG main            d.u.i.k.p.i.IntermediateProofReplayer Proof replay took 1.92ms 
157240     DEBUG main            d.u.i.k.p.r.p.TestFile    ... success: reloaded. 
157240     INFO  main            d.u.i.k.p.r.p.TestFile    Now processing file /home/runner/work/key/key/key.core/../key.ui/examples/heap/model_methods/Recell_set.key 
157240     INFO  main            d.u.i.k.p.i.AbstractProblemLoader Loading environment from /home/runner/work/key/key/key.core/../key.ui/examples/heap/model_methods/Recell_set.key 
157241     DEBUG main            d.u.i.k.p.i.AbstractProblemLoader Environment load took 72ns 
157241     INFO  main            d.u.i.k.p.i.AbstractProblemLoader Creating init config 
159720     DEBUG main            d.u.i.k.p.i.AbstractProblemLoader Init config took 2.48s 
159756     INFO  main            d.u.i.k.p.i.AbstractProblemLoader Replaying proof Recell[Cell::set(int)].JML operation contract.0 
159758     DEBUG main            d.u.i.k.p.i.IntermediateProofReplayer Proof replay took 6.4ns 
165724     INFO  main            d.u.i.k.p.r.p.TestFile    ... finished proof: closed. 
166010     INFO  main            d.u.i.k.p.i.AbstractProblemLoader Loading environment from /home/runner/work/key/key/key.core/../key.ui/examples/heap/model_methods/Recell_set.key.proof 
166010     DEBUG main            d.u.i.k.p.i.AbstractProblemLoader Environment load took 297ns 
166011     INFO  main            d.u.i.k.p.i.AbstractProblemLoader Creating init config 
168476     DEBUG main            d.u.i.k.p.i.AbstractProblemLoader Init config took 2.46s 
168512     INFO  main            d.u.i.k.p.i.AbstractProblemLoader Replaying proof Recell[Cell::set(int)].JML operation contract.0 
168879     DEBUG main            d.u.i.k.p.i.IntermediateProofReplayer Proof replay took 345.93ms 
168880     DEBUG main            d.u.i.k.p.r.p.TestFile    ... success: reloaded. 
168881     INFO  main            d.u.i.k.p.r.p.TestFile    Now processing file /home/runner/work/key/key/key.core/../key.ui/examples/heap/model_methods/Recell_undo.key 
168881     INFO  main            d.u.i.k.p.i.AbstractProblemLoader Loading environment from /home/runner/work/key/key/key.core/../key.ui/examples/heap/model_methods/Recell_undo.key 
168882     DEBUG main            d.u.i.k.p.i.AbstractProblemLoader Environment load took 138.1ns 
168882     INFO  main            d.u.i.k.p.i.AbstractProblemLoader Creating init config 
171382     DEBUG main            d.u.i.k.p.i.AbstractProblemLoader Init config took 2.5s 
171418     INFO  main            d.u.i.k.p.i.AbstractProblemLoader Replaying proof Recell[Recell::undo()].JML operation contract.0 
171419     DEBUG main            d.u.i.k.p.i.IntermediateProofReplayer Proof replay took 7.2ns 
171521     INFO  main            d.u.i.k.p.r.p.TestFile    ... finished proof: closed. 
171791     INFO  main            d.u.i.k.p.i.AbstractProblemLoader Loading environment from /home/runner/work/key/key/key.core/../key.ui/examples/heap/model_methods/Recell_undo.key.proof 
171791     DEBUG main            d.u.i.k.p.i.AbstractProblemLoader Environment load took 94.8ns 
171792     INFO  main            d.u.i.k.p.i.AbstractProblemLoader Creating init config 
174222     DEBUG main            d.u.i.k.p.i.AbstractProblemLoader Init config took 2.43s 
174269     INFO  main            d.u.i.k.p.i.AbstractProblemLoader Replaying proof Recell[Recell::undo()].JML operation contract.0 
174293     DEBUG main            d.u.i.k.p.i.IntermediateProofReplayer Proof replay took 21.69ms 
174294     DEBUG main            d.u.i.k.p.r.p.TestFile    ... success: reloaded. 
3933317    INFO  Test worker     d.u.i.k.p.r.RunAllProofsTestUnit Returning from test modelMethods 
3933318    INFO  Test worker     d.u.i.k.p.r.RunAllProofsTestUnit Running test permissionHeap 
396        INFO  Timeout watchdog d.u.i.k.p.r.p.ForkedTestFileRunner Timeout watcher launched (2000 secs.) 
433        WARN  main            d.u.i.k.s.ProofSettings   The settings in /home/runner/.key/proof-settings.props are *not* read. 
460        INFO  main            d.u.i.k.p.r.p.TestFile    Now processing file /home/runner/work/key/key/key.core/../key.ui/examples/heap/permissions/permissions_method0.key 
576        INFO  main            d.u.i.k.p.i.AbstractProblemLoader Loading environment from /home/runner/work/key/key/key.core/../key.ui/examples/heap/permissions/permissions_method0.key 
592        DEBUG main            d.u.i.k.p.i.AbstractProblemLoader Environment load took 1.91ms 
800        INFO  main            d.u.i.k.p.i.AbstractProblemLoader Creating init config 
1618       DEBUG main            d.u.i.k.j.TypeConverter   No LDT found for Meta 
1619       DEBUG main            d.u.i.k.j.TypeConverter   No LDT found for Meta 
1620       DEBUG main            d.u.i.k.j.TypeConverter   No LDT found for Meta 
1620       DEBUG main            d.u.i.k.j.TypeConverter   No LDT found for Meta 
2904       DEBUG main            d.u.i.k.j.TypeConverter   No LDT found for JavaBigintExpression 
7757       DEBUG main            d.u.i.k.p.i.AbstractProblemLoader Init config took 6.96s 
7906       INFO  main            d.u.i.k.p.i.AbstractProblemLoader Replaying proof MyClass[MyClass::method0()].JML normal_behavior operation contract.0 
7937       DEBUG main            d.u.i.k.p.i.IntermediateProofReplayer Proof replay took 30.6ns 
8865       INFO  main            d.u.i.k.p.r.p.TestFile    ... finished proof: closed. 
8968       INFO  main            d.u.i.k.p.i.AbstractProblemLoader Loading environment from /home/runner/work/key/key/key.core/../key.ui/examples/heap/permissions/permissions_method0.key.proof 
8969       DEBUG main            d.u.i.k.p.i.AbstractProblemLoader Environment load took 424.9ns 
8970       INFO  main            d.u.i.k.p.i.AbstractProblemLoader Creating init config 
11750      DEBUG main            d.u.i.k.p.i.AbstractProblemLoader Init config took 2.78s 
11824      INFO  main            d.u.i.k.p.i.AbstractProblemLoader Replaying proof MyClass[MyClass::method0()].JML normal_behavior operation contract.0 
11964      DEBUG main            d.u.i.k.p.i.IntermediateProofReplayer Proof replay took 133.64ms 
11972      DEBUG main            d.u.i.k.p.r.p.TestFile    ... success: reloaded. 
11974      INFO  main            d.u.i.k.p.r.p.TestFile    Now processing file /home/runner/work/key/key/key.core/../key.ui/examples/heap/permissions/permissions_method1.key 
11974      INFO  main            d.u.i.k.p.i.AbstractProblemLoader Loading environment from /home/runner/work/key/key/key.core/../key.ui/examples/heap/permissions/permissions_method1.key 
11975      DEBUG main            d.u.i.k.p.i.AbstractProblemLoader Environment load took 109.9ns 
11977      INFO  main            d.u.i.k.p.i.AbstractProblemLoader Creating init config 
14695      DEBUG main            d.u.i.k.p.i.AbstractProblemLoader Init config took 2.72s 
14754      INFO  main            d.u.i.k.p.i.AbstractProblemLoader Replaying proof MyClass[MyClass::method1()].JML normal_behavior operation contract.0 
14757      DEBUG main            d.u.i.k.p.i.IntermediateProofReplayer Proof replay took 5.8ns 
15079      INFO  main            d.u.i.k.p.r.p.TestFile    ... finished proof: closed. 
15197      INFO  main            d.u.i.k.p.i.AbstractProblemLoader Loading environment from /home/runner/work/key/key/key.core/../key.ui/examples/heap/permissions/permissions_method1.key.proof 
15198      DEBUG main            d.u.i.k.p.i.AbstractProblemLoader Environment load took 125.1ns 
15199      INFO  main            d.u.i.k.p.i.AbstractProblemLoader Creating init config 
17842      DEBUG main            d.u.i.k.p.i.AbstractProblemLoader Init config took 2.64s 
17900      INFO  main            d.u.i.k.p.i.AbstractProblemLoader Replaying proof MyClass[MyClass::method1()].JML normal_behavior operation contract.0 
17962      DEBUG main            d.u.i.k.p.i.IntermediateProofReplayer Proof replay took 58.05ms 
17963      DEBUG main            d.u.i.k.p.r.p.TestFile    ... success: reloaded. 
17964      INFO  main            d.u.i.k.p.r.p.TestFile    Now processing file /home/runner/work/key/key/key.core/../key.ui/examples/heap/permissions/permissions_method3.key 
17965      INFO  main            d.u.i.k.p.i.AbstractProblemLoader Loading environment from /home/runner/work/key/key/key.core/../key.ui/examples/heap/permissions/permissions_method3.key 
17965      DEBUG main            d.u.i.k.p.i.AbstractProblemLoader Environment load took 199.6ns 
17966      INFO  main            d.u.i.k.p.i.AbstractProblemLoader Creating init config 
20609      DEBUG main            d.u.i.k.p.i.AbstractProblemLoader Init config took 2.64s 
20655      INFO  main            d.u.i.k.p.i.AbstractProblemLoader Replaying proof MyClass[MyClass::method3()].JML normal_behavior operation contract.0 
20658      DEBUG main            d.u.i.k.p.i.IntermediateProofReplayer Proof replay took 5.3ns 
21970      INFO  main            d.u.i.k.p.r.p.TestFile    ... finished proof: closed. 
22123      INFO  main            d.u.i.k.p.i.AbstractProblemLoader Loading environment from /home/runner/work/key/key/key.core/../key.ui/examples/heap/permissions/permissions_method3.key.proof 
22123      DEBUG main            d.u.i.k.p.i.AbstractProblemLoader Environment load took 327.1ns 
22126      INFO  main            d.u.i.k.p.i.AbstractProblemLoader Creating init config 
24724      DEBUG main            d.u.i.k.p.i.AbstractProblemLoader Init config took 2.6s 
24768      INFO  main            d.u.i.k.p.i.AbstractProblemLoader Replaying proof MyClass[MyClass::method3()].JML normal_behavior operation contract.0 
24982      DEBUG main            d.u.i.k.p.i.IntermediateProofReplayer Proof replay took 206.88ms 
24984      DEBUG main            d.u.i.k.p.r.p.TestFile    ... success: reloaded. 
24985      INFO  main            d.u.i.k.p.r.p.TestFile    Now processing file /home/runner/work/key/key/key.core/../key.ui/examples/heap/permissions/permissions_setAB.key 
24985      INFO  main            d.u.i.k.p.i.AbstractProblemLoader Loading environment from /home/runner/work/key/key/key.core/../key.ui/examples/heap/permissions/permissions_setAB.key 
24985      DEBUG main            d.u.i.k.p.i.AbstractProblemLoader Environment load took 152.1ns 
24986      INFO  main            d.u.i.k.p.i.AbstractProblemLoader Creating init config 
27568      DEBUG main            d.u.i.k.p.i.AbstractProblemLoader Init config took 2.58s 
27610      INFO  main            d.u.i.k.p.i.AbstractProblemLoader Replaying proof MyClass[MyClass::setAB()].JML normal_behavior operation contract.0 
27613      DEBUG main            d.u.i.k.p.i.IntermediateProofReplayer Proof replay took 5.7ns 
29028      INFO  main            d.u.i.k.p.r.p.TestFile    ... finished proof: closed. 
29202      INFO  main            d.u.i.k.p.i.AbstractProblemLoader Loading environment from /home/runner/work/key/key/key.core/../key.ui/examples/heap/permissions/permissions_setAB.key.proof 
29204      DEBUG main            d.u.i.k.p.i.AbstractProblemLoader Environment load took 2.44ms 
29205      INFO  main            d.u.i.k.p.i.AbstractProblemLoader Creating init config 
31745      DEBUG main            d.u.i.k.p.i.AbstractProblemLoader Init config took 2.54s 
31786      INFO  main            d.u.i.k.p.i.AbstractProblemLoader Replaying proof MyClass[MyClass::setAB()].JML normal_behavior operation contract.0 
31927      DEBUG main            d.u.i.k.p.i.IntermediateProofReplayer Proof replay took 134.72ms 
31928      DEBUG main            d.u.i.k.p.r.p.TestFile    ... success: reloaded. 
31929      INFO  main            d.u.i.k.p.r.p.TestFile    Now processing file /home/runner/work/key/key/key.core/../key.ui/examples/heap/permissions/permissionProperties.key 
31930      INFO  main            d.u.i.k.p.i.AbstractProblemLoader Loading environment from /home/runner/work/key/key/key.core/../key.ui/examples/heap/permissions/permissionProperties.key 
31930      DEBUG main            d.u.i.k.p.i.AbstractProblemLoader Environment load took 162.4ns 
31931      INFO  main            d.u.i.k.p.i.AbstractProblemLoader Creating init config 
32059      DEBUG main            d.u.i.k.j.TypeConverter   No LDT found for Meta 
32059      DEBUG main            d.u.i.k.j.TypeConverter   No LDT found for Meta 
32060      DEBUG main            d.u.i.k.j.TypeConverter   No LDT found for Meta 
32060      DEBUG main            d.u.i.k.j.TypeConverter   No LDT found for Meta 
32650      DEBUG main            d.u.i.k.j.TypeConverter   No LDT found for JavaBigintExpression 
35255      DEBUG main            d.u.i.k.p.i.AbstractProblemLoader Init config took 3.32s 
35277      INFO  main            d.u.i.k.p.i.AbstractProblemLoader Replaying proof permissionProperties.key 
35278      DEBUG main            d.u.i.k.p.i.IntermediateProofReplayer Proof replay took 5.6ns 
35381      INFO  main            d.u.i.k.p.r.p.TestFile    ... finished proof: closed. 
35532      INFO  main            d.u.i.k.p.i.AbstractProblemLoader Loading environment from /home/runner/work/key/key/key.core/../key.ui/examples/heap/permissions/permissionProperties.key.proof 
35532      DEBUG main            d.u.i.k.p.i.AbstractProblemLoader Environment load took 116.1ns 
35533      INFO  main            d.u.i.k.p.i.AbstractProblemLoader Creating init config 
37892      DEBUG main            d.u.i.k.p.i.AbstractProblemLoader Init config took 2.36s 
37915      INFO  main            d.u.i.k.p.i.AbstractProblemLoader Replaying proof permissionProperties.key.proof 
37932      DEBUG main            d.u.i.k.p.i.IntermediateProofReplayer Proof replay took 13.69ms 
37933      DEBUG main            d.u.i.k.p.r.p.TestFile    ... success: reloaded. 
37934      INFO  main            d.u.i.k.p.r.p.TestFile    Now processing file /home/runner/work/key/key/key.core/../key.ui/examples/heap/permissions/threads/AFilter_AFilter.key 
37934      INFO  main            d.u.i.k.p.i.AbstractProblemLoader Loading environment from /home/runner/work/key/key/key.core/../key.ui/examples/heap/permissions/threads/AFilter_AFilter.key 
37935      DEBUG main            d.u.i.k.p.i.AbstractProblemLoader Environment load took 347.6ns 
37936      INFO  main            d.u.i.k.p.i.AbstractProblemLoader Creating init config 
38070      DEBUG main            d.u.i.k.j.TypeConverter   No LDT found for Meta 
38071      DEBUG main            d.u.i.k.j.TypeConverter   No LDT found for Meta 
38072      DEBUG main            d.u.i.k.j.TypeConverter   No LDT found for Meta 
38072      DEBUG main            d.u.i.k.j.TypeConverter   No LDT found for Meta 
38628      DEBUG main            d.u.i.k.j.TypeConverter   No LDT found for JavaBigintExpression 
43782      DEBUG main            d.u.i.k.p.i.AbstractProblemLoader Init config took 5.84s 
43916      INFO  main            d.u.i.k.p.i.AbstractProblemLoader Replaying proof AFilter[AFilter::AFilter(Sampler,Buffer)].JML normal_behavior operation contract.0 
43919      DEBUG main            d.u.i.k.p.i.IntermediateProofReplayer Proof replay took 6.6ns 
44926      INFO  main            d.u.i.k.p.r.p.TestFile    ... finished proof: closed. 
45151      INFO  main            d.u.i.k.p.i.AbstractProblemLoader Loading environment from /home/runner/work/key/key/key.core/../key.ui/examples/heap/permissions/threads/AFilter_AFilter.key.proof 
45153      DEBUG main            d.u.i.k.p.i.AbstractProblemLoader Environment load took 1.9ms 
45154      INFO  main            d.u.i.k.p.i.AbstractProblemLoader Creating init config 
49724      DEBUG main            d.u.i.k.p.i.AbstractProblemLoader Init config took 4.57s 
49827      INFO  main            d.u.i.k.p.i.AbstractProblemLoader Replaying proof AFilter[AFilter::AFilter(Sampler,Buffer)].JML normal_behavior operation contract.0 
49960      DEBUG main            d.u.i.k.p.i.IntermediateProofReplayer Proof replay took 126.25ms 
49962      DEBUG main            d.u.i.k.p.r.p.TestFile    ... success: reloaded. 
49963      INFO  main            d.u.i.k.p.r.p.TestFile    Now processing file /home/runner/work/key/key/key.core/../key.ui/examples/heap/permissions/threads/AFilter_initPost_accessible.key 
49963      INFO  main            d.u.i.k.p.i.AbstractProblemLoader Loading environment from /home/runner/work/key/key/key.core/../key.ui/examples/heap/permissions/threads/AFilter_initPost_accessible.key 
49963      DEBUG main            d.u.i.k.p.i.AbstractProblemLoader Environment load took 163.2ns 
49964      INFO  main            d.u.i.k.p.i.AbstractProblemLoader Creating init config 
54581      DEBUG main            d.u.i.k.p.i.AbstractProblemLoader Init config took 4.62s 
54671      INFO  main            d.u.i.k.p.i.AbstractProblemLoader Replaying proof AFilter[ThreadSpec2::initPost()].JML accessible clause.0 
54672      DEBUG main            d.u.i.k.p.i.IntermediateProofReplayer Proof replay took 5.9ns 
54774      INFO  main            d.u.i.k.p.r.p.TestFile    ... finished proof: closed. 
54990      INFO  main            d.u.i.k.p.i.AbstractProblemLoader Loading environment from /home/runner/work/key/key/key.core/../key.ui/examples/heap/permissions/threads/AFilter_initPost_accessible.key.proof 
54990      DEBUG main            d.u.i.k.p.i.AbstractProblemLoader Environment load took 112.1ns 
54991      INFO  main            d.u.i.k.p.i.AbstractProblemLoader Creating init config 
59619      DEBUG main            d.u.i.k.p.i.AbstractProblemLoader Init config took 4.63s 
59731      INFO  main            d.u.i.k.p.i.AbstractProblemLoader Replaying proof AFilter[ThreadSpec2::initPost()].JML accessible clause.0 
59743      DEBUG main            d.u.i.k.p.i.IntermediateProofReplayer Proof replay took 9.19ms 
59744      DEBUG main            d.u.i.k.p.r.p.TestFile    ... success: reloaded. 
59745      INFO  main            d.u.i.k.p.r.p.TestFile    Now processing file /home/runner/work/key/key/key.core/../key.ui/examples/heap/permissions/threads/AFilter_inv_accessible1.key 
59745      INFO  main            d.u.i.k.p.i.AbstractProblemLoader Loading environment from /home/runner/work/key/key/key.core/../key.ui/examples/heap/permissions/threads/AFilter_inv_accessible1.key 
59746      DEBUG main            d.u.i.k.p.i.AbstractProblemLoader Environment load took 416.6ns 
59747      INFO  main            d.u.i.k.p.i.AbstractProblemLoader Creating init config 
64298      DEBUG main            d.u.i.k.p.i.AbstractProblemLoader Init config took 4.55s 
64395      INFO  main            d.u.i.k.p.i.AbstractProblemLoader Replaying proof AFilter[java.lang.Object::<inv>()].JML accessible clause.0 
64397      DEBUG main            d.u.i.k.p.i.IntermediateProofReplayer Proof replay took 6ns 
64498      INFO  main            d.u.i.k.p.r.p.TestFile    ... finished proof: closed. 
64684      INFO  main            d.u.i.k.p.i.AbstractProblemLoader Loading environment from /home/runner/work/key/key/key.core/../key.ui/examples/heap/permissions/threads/AFilter_inv_accessible1.key.proof 
64684      DEBUG main            d.u.i.k.p.i.AbstractProblemLoader Environment load took 123ns 
64685      INFO  main            d.u.i.k.p.i.AbstractProblemLoader Creating init config 
69199      DEBUG main            d.u.i.k.p.i.AbstractProblemLoader Init config took 4.51s 
69297      INFO  main            d.u.i.k.p.i.AbstractProblemLoader Replaying proof AFilter[java.lang.Object::<inv>()].JML accessible clause.0 
69302      DEBUG main            d.u.i.k.p.i.IntermediateProofReplayer Proof replay took 2.51ms 
69303      DEBUG main            d.u.i.k.p.r.p.TestFile    ... success: reloaded. 
69304      INFO  main            d.u.i.k.p.r.p.TestFile    Now processing file /home/runner/work/key/key/key.core/../key.ui/examples/heap/permissions/threads/AFilter_inv_accessible2.key 
69305      INFO  main            d.u.i.k.p.i.AbstractProblemLoader Loading environment from /home/runner/work/key/key/key.core/../key.ui/examples/heap/permissions/threads/AFilter_inv_accessible2.key 
69305      DEBUG main            d.u.i.k.p.i.AbstractProblemLoader Environment load took 163.2ns 
69306      INFO  main            d.u.i.k.p.i.AbstractProblemLoader Creating init config 
73866      DEBUG main            d.u.i.k.p.i.AbstractProblemLoader Init config took 4.56s 
73951      INFO  main            d.u.i.k.p.i.AbstractProblemLoader Replaying proof AFilter[java.lang.Object::<inv>()].JML accessible clause.1 
73953      DEBUG main            d.u.i.k.p.i.IntermediateProofReplayer Proof replay took 6.2ns 
74055      INFO  main            d.u.i.k.p.r.p.TestFile    ... finished proof: closed. 
74247      INFO  main            d.u.i.k.p.i.AbstractProblemLoader Loading environment from /home/runner/work/key/key/key.core/../key.ui/examples/heap/permissions/threads/AFilter_inv_accessible2.key.proof 
74247      DEBUG main            d.u.i.k.p.i.AbstractProblemLoader Environment load took 146.2ns 
74248      INFO  main            d.u.i.k.p.i.AbstractProblemLoader Creating init config 
78778      DEBUG main            d.u.i.k.p.i.AbstractProblemLoader Init config took 4.53s 
78863      INFO  main            d.u.i.k.p.i.AbstractProblemLoader Replaying proof AFilter[java.lang.Object::<inv>()].JML accessible clause.1 
78866      DEBUG main            d.u.i.k.p.i.IntermediateProofReplayer Proof replay took 1.7ms 
78867      DEBUG main            d.u.i.k.p.r.p.TestFile    ... success: reloaded. 
78868      INFO  main            d.u.i.k.p.r.p.TestFile    Now processing file /home/runner/work/key/key/key.core/../key.ui/examples/heap/permissions/threads/AFilter_joinTransfer_accessible.key 
78868      INFO  main            d.u.i.k.p.i.AbstractProblemLoader Loading environment from /home/runner/work/key/key/key.core/../key.ui/examples/heap/permissions/threads/AFilter_joinTransfer_accessible.key 
78868      DEBUG main            d.u.i.k.p.i.AbstractProblemLoader Environment load took 118.6ns 
78869      INFO  main            d.u.i.k.p.i.AbstractProblemLoader Creating init config 
83446      DEBUG main            d.u.i.k.p.i.AbstractProblemLoader Init config took 4.58s 
83528      INFO  main            d.u.i.k.p.i.AbstractProblemLoader Replaying proof AFilter[ThreadSpec2::joinTransfer()].JML accessible clause.0 
83530      DEBUG main            d.u.i.k.p.i.IntermediateProofReplayer Proof replay took 5.5ns 
86744      INFO  main            d.u.i.k.p.r.p.TestFile    ... finished proof: closed. 
86982      INFO  main            d.u.i.k.p.i.AbstractProblemLoader Loading environment from /home/runner/work/key/key/key.core/../key.ui/examples/heap/permissions/threads/AFilter_joinTransfer_accessible.key.proof 
86982      DEBUG main            d.u.i.k.p.i.AbstractProblemLoader Environment load took 321.8ns 
86983      INFO  main            d.u.i.k.p.i.AbstractProblemLoader Creating init config 
91489      DEBUG main            d.u.i.k.p.i.AbstractProblemLoader Init config took 4.51s 
91575      INFO  main            d.u.i.k.p.i.AbstractProblemLoader Replaying proof AFilter[ThreadSpec2::joinTransfer()].JML accessible clause.0 
91839      DEBUG main            d.u.i.k.p.i.IntermediateProofReplayer Proof replay took 252.61ms 
91840      DEBUG main            d.u.i.k.p.r.p.TestFile    ... success: reloaded. 
91842      INFO  main            d.u.i.k.p.r.p.TestFile    Now processing file /home/runner/work/key/key/key.core/../key.ui/examples/heap/permissions/threads/AFilter_joinTransfer_contract.key 
91842      INFO  main            d.u.i.k.p.i.AbstractProblemLoader Loading environment from /home/runner/work/key/key/key.core/../key.ui/examples/heap/permissions/threads/AFilter_joinTransfer_contract.key 
91842      DEBUG main            d.u.i.k.p.i.AbstractProblemLoader Environment load took 186.2ns 
91843      INFO  main            d.u.i.k.p.i.AbstractProblemLoader Creating init config 
96353      DEBUG main            d.u.i.k.p.i.AbstractProblemLoader Init config took 4.51s 
96436      INFO  main            d.u.i.k.p.i.AbstractProblemLoader Replaying proof AFilter[ThreadSpec2::joinTransfer()].JML model_behavior operation contract.0 
96437      DEBUG main            d.u.i.k.p.i.IntermediateProofReplayer Proof replay took 6.7ns 
96539      INFO  main            d.u.i.k.p.r.p.TestFile    ... finished proof: closed. 
96750      INFO  main            d.u.i.k.p.i.AbstractProblemLoader Loading environment from /home/runner/work/key/key/key.core/../key.ui/examples/heap/permissions/threads/AFilter_joinTransfer_contract.key.proof 
96750      DEBUG main            d.u.i.k.p.i.AbstractProblemLoader Environment load took 126.5ns 
96751      INFO  main            d.u.i.k.p.i.AbstractProblemLoader Creating init config 
101259     DEBUG main            d.u.i.k.p.i.AbstractProblemLoader Init config took 4.51s 
101341     INFO  main            d.u.i.k.p.i.AbstractProblemLoader Replaying proof AFilter[ThreadSpec2::joinTransfer()].JML model_behavior operation contract.0 
101349     DEBUG main            d.u.i.k.p.i.IntermediateProofReplayer Proof replay took 6.52ms 
101350     DEBUG main            d.u.i.k.p.r.p.TestFile    ... success: reloaded. 
101351     INFO  main            d.u.i.k.p.r.p.TestFile    Now processing file /home/runner/work/key/key/key.core/../key.ui/examples/heap/permissions/threads/AFilter_postJoin_accessible.key 
101351     INFO  main            d.u.i.k.p.i.AbstractProblemLoader Loading environment from /home/runner/work/key/key/key.core/../key.ui/examples/heap/permissions/threads/AFilter_postJoin_accessible.key 
101351     DEBUG main            d.u.i.k.p.i.AbstractProblemLoader Environment load took 80.5ns 
101352     INFO  main            d.u.i.k.p.i.AbstractProblemLoader Creating init config 
105920     DEBUG main            d.u.i.k.p.i.AbstractProblemLoader Init config took 4.57s 
106002     INFO  main            d.u.i.k.p.i.AbstractProblemLoader Replaying proof AFilter[ThreadSpec2::postJoin(java.lang.Object)].JML accessible clause.0 
106003     DEBUG main            d.u.i.k.p.i.IntermediateProofReplayer Proof replay took 7.2ns 
106105     INFO  main            d.u.i.k.p.r.p.TestFile    ... finished proof: closed. 
106321     INFO  main            d.u.i.k.p.i.AbstractProblemLoader Loading environment from /home/runner/work/key/key/key.core/../key.ui/examples/heap/permissions/threads/AFilter_postJoin_accessible.key.proof 
106321     DEBUG main            d.u.i.k.p.i.AbstractProblemLoader Environment load took 107.7ns 
106322     INFO  main            d.u.i.k.p.i.AbstractProblemLoader Creating init config 
110811     DEBUG main            d.u.i.k.p.i.AbstractProblemLoader Init config took 4.49s 
110890     INFO  main            d.u.i.k.p.i.AbstractProblemLoader Replaying proof AFilter[ThreadSpec2::postJoin(java.lang.Object)].JML accessible clause.0 
110897     DEBUG main            d.u.i.k.p.i.IntermediateProofReplayer Proof replay took 4.91ms 
110898     DEBUG main            d.u.i.k.p.r.p.TestFile    ... success: reloaded. 
110899     INFO  main            d.u.i.k.p.r.p.TestFile    Now processing file /home/runner/work/key/key/key.core/../key.ui/examples/heap/permissions/threads/AFilter_preStart_accessible.key 
110899     INFO  main            d.u.i.k.p.i.AbstractProblemLoader Loading environment from /home/runner/work/key/key/key.core/../key.ui/examples/heap/permissions/threads/AFilter_preStart_accessible.key 
110899     DEBUG main            d.u.i.k.p.i.AbstractProblemLoader Environment load took 77.2ns 
110900     INFO  main            d.u.i.k.p.i.AbstractProblemLoader Creating init config 
115484     DEBUG main            d.u.i.k.p.i.AbstractProblemLoader Init config took 4.58s 
115565     INFO  main            d.u.i.k.p.i.AbstractProblemLoader Replaying proof AFilter[ThreadSpec2::preStart(java.lang.Object)].JML accessible clause.0 
115566     DEBUG main            d.u.i.k.p.i.IntermediateProofReplayer Proof replay took 16.5ns 
115871     INFO  main            d.u.i.k.p.r.p.TestFile    ... finished proof: closed. 
116102     INFO  main            d.u.i.k.p.i.AbstractProblemLoader Loading environment from /home/runner/work/key/key/key.core/../key.ui/examples/heap/permissions/threads/AFilter_preStart_accessible.key.proof 
116102     DEBUG main            d.u.i.k.p.i.AbstractProblemLoader Environment load took 104.2ns 
116104     INFO  main            d.u.i.k.p.i.AbstractProblemLoader Creating init config 
120596     DEBUG main            d.u.i.k.p.i.AbstractProblemLoader Init config took 4.49s 
120677     INFO  main            d.u.i.k.p.i.AbstractProblemLoader Replaying proof AFilter[ThreadSpec2::preStart(java.lang.Object)].JML accessible clause.0 
120700     DEBUG main            d.u.i.k.p.i.IntermediateProofReplayer Proof replay took 20.63ms 
120701     DEBUG main            d.u.i.k.p.r.p.TestFile    ... success: reloaded. 
120702     INFO  main            d.u.i.k.p.r.p.TestFile    Now processing file /home/runner/work/key/key/key.core/../key.ui/examples/heap/permissions/threads/AFilter_startTransfer_accessible.key 
120703     INFO  main            d.u.i.k.p.i.AbstractProblemLoader Loading environment from /home/runner/work/key/key/key.core/../key.ui/examples/heap/permissions/threads/AFilter_startTransfer_accessible.key 
120703     DEBUG main            d.u.i.k.p.i.AbstractProblemLoader Environment load took 170.1ns 
120704     INFO  main            d.u.i.k.p.i.AbstractProblemLoader Creating init config 
125262     DEBUG main            d.u.i.k.p.i.AbstractProblemLoader Init config took 4.56s 
125343     INFO  main            d.u.i.k.p.i.AbstractProblemLoader Replaying proof AFilter[ThreadSpec2::startTransfer()].JML accessible clause.0 
125344     DEBUG main            d.u.i.k.p.i.IntermediateProofReplayer Proof replay took 7.1ns 
131087     INFO  main            d.u.i.k.p.r.p.TestFile    ... finished proof: closed. 
131345     INFO  main            d.u.i.k.p.i.AbstractProblemLoader Loading environment from /home/runner/work/key/key/key.core/../key.ui/examples/heap/permissions/threads/AFilter_startTransfer_accessible.key.proof 
131346     DEBUG main            d.u.i.k.p.i.AbstractProblemLoader Environment load took 308.6ns 
131347     INFO  main            d.u.i.k.p.i.AbstractProblemLoader Creating init config 
135804     DEBUG main            d.u.i.k.p.i.AbstractProblemLoader Init config took 4.46s 
135883     INFO  main            d.u.i.k.p.i.AbstractProblemLoader Replaying proof AFilter[ThreadSpec2::startTransfer()].JML accessible clause.0 
136204     DEBUG main            d.u.i.k.p.i.IntermediateProofReplayer Proof replay took 303.67ms 
136206     DEBUG main            d.u.i.k.p.r.p.TestFile    ... success: reloaded. 
136207     INFO  main            d.u.i.k.p.r.p.TestFile    Now processing file /home/runner/work/key/key/key.core/../key.ui/examples/heap/permissions/threads/AFilter_startTransfer_contract.key 
136207     INFO  main            d.u.i.k.p.i.AbstractProblemLoader Loading environment from /home/runner/work/key/key/key.core/../key.ui/examples/heap/permissions/threads/AFilter_startTransfer_contract.key 
136207     DEBUG main            d.u.i.k.p.i.AbstractProblemLoader Environment load took 81.6ns 
136208     INFO  main            d.u.i.k.p.i.AbstractProblemLoader Creating init config 
140740     DEBUG main            d.u.i.k.p.i.AbstractProblemLoader Init config took 4.53s 
140820     INFO  main            d.u.i.k.p.i.AbstractProblemLoader Replaying proof AFilter[ThreadSpec2::startTransfer()].JML model_behavior operation contract.0 
140822     DEBUG main            d.u.i.k.p.i.IntermediateProofReplayer Proof replay took 5.6ns 
141225     INFO  main            d.u.i.k.p.r.p.TestFile    ... finished proof: closed. 
141467     INFO  main            d.u.i.k.p.i.AbstractProblemLoader Loading environment from /home/runner/work/key/key/key.core/../key.ui/examples/heap/permissions/threads/AFilter_startTransfer_contract.key.proof 
141467     DEBUG main            d.u.i.k.p.i.AbstractProblemLoader Environment load took 103ns 
141468     INFO  main            d.u.i.k.p.i.AbstractProblemLoader Creating init config 
145935     DEBUG main            d.u.i.k.p.i.AbstractProblemLoader Init config took 4.47s 
146015     INFO  main            d.u.i.k.p.i.AbstractProblemLoader Replaying proof AFilter[ThreadSpec2::startTransfer()].JML model_behavior operation contract.0 
146056     DEBUG main            d.u.i.k.p.i.IntermediateProofReplayer Proof replay took 36.76ms 
146057     DEBUG main            d.u.i.k.p.r.p.TestFile    ... success: reloaded. 
146058     INFO  main            d.u.i.k.p.r.p.TestFile    Now processing file /home/runner/work/key/key/key.core/../key.ui/examples/heap/permissions/threads/AFilter_stateInv_accessible.key 
146059     INFO  main            d.u.i.k.p.i.AbstractProblemLoader Loading environment from /home/runner/work/key/key/key.core/../key.ui/examples/heap/permissions/threads/AFilter_stateInv_accessible.key 
146059     DEBUG main            d.u.i.k.p.i.AbstractProblemLoader Environment load took 87.9ns 
146060     INFO  main            d.u.i.k.p.i.AbstractProblemLoader Creating init config 
150651     DEBUG main            d.u.i.k.p.i.AbstractProblemLoader Init config took 4.59s 
150731     INFO  main            d.u.i.k.p.i.AbstractProblemLoader Replaying proof AFilter[ThreadSpec2::stateInv()].JML accessible clause.0 
150732     DEBUG main            d.u.i.k.p.i.IntermediateProofReplayer Proof replay took 4.9ns 
151034     INFO  main            d.u.i.k.p.r.p.TestFile    ... finished proof: closed. 
151283     INFO  main            d.u.i.k.p.i.AbstractProblemLoader Loading environment from /home/runner/work/key/key/key.core/../key.ui/examples/heap/permissions/threads/AFilter_stateInv_accessible.key.proof 
151283     DEBUG main            d.u.i.k.p.i.AbstractProblemLoader Environment load took 108.2ns 
151284     INFO  main            d.u.i.k.p.i.AbstractProblemLoader Creating init config 
155753     DEBUG main            d.u.i.k.p.i.AbstractProblemLoader Init config took 4.47s 
155836     INFO  main            d.u.i.k.p.i.AbstractProblemLoader Replaying proof AFilter[ThreadSpec2::stateInv()].JML accessible clause.0 
155864     DEBUG main            d.u.i.k.p.i.IntermediateProofReplayer Proof replay took 24.46ms 
155865     DEBUG main            d.u.i.k.p.r.p.TestFile    ... success: reloaded. 
155866     INFO  main            d.u.i.k.p.r.p.TestFile    Now processing file /home/runner/work/key/key/key.core/../key.ui/examples/heap/permissions/threads/AFilter_staticPermissions_accessible.key 
155867     INFO  main            d.u.i.k.p.i.AbstractProblemLoader Loading environment from /home/runner/work/key/key/key.core/../key.ui/examples/heap/permissions/threads/AFilter_staticPermissions_accessible.key 
155867     DEBUG main            d.u.i.k.p.i.AbstractProblemLoader Environment load took 182.7ns 
155868     INFO  main            d.u.i.k.p.i.AbstractProblemLoader Creating init config 
160523     DEBUG main            d.u.i.k.p.i.AbstractProblemLoader Init config took 4.66s 
160604     INFO  main            d.u.i.k.p.i.AbstractProblemLoader Replaying proof AFilter[ThreadSpec2::staticPermissions()].JML accessible clause.0 
160605     DEBUG main            d.u.i.k.p.i.IntermediateProofReplayer Proof replay took 5.5ns 
160710     INFO  main            d.u.i.k.p.r.p.TestFile    ... finished proof: closed. 
160969     INFO  main            d.u.i.k.p.i.AbstractProblemLoader Loading environment from /home/runner/work/key/key/key.core/../key.ui/examples/heap/permissions/threads/AFilter_staticPermissions_accessible.key.proof 
160969     DEBUG main            d.u.i.k.p.i.AbstractProblemLoader Environment load took 101.7ns 
160970     INFO  main            d.u.i.k.p.i.AbstractProblemLoader Creating init config 
165446     DEBUG main            d.u.i.k.p.i.AbstractProblemLoader Init config took 4.48s 
165525     INFO  main            d.u.i.k.p.i.AbstractProblemLoader Replaying proof AFilter[ThreadSpec2::staticPermissions()].JML accessible clause.0 
165533     DEBUG main            d.u.i.k.p.i.IntermediateProofReplayer Proof replay took 6.51ms 
165534     DEBUG main            d.u.i.k.p.r.p.TestFile    ... success: reloaded. 
165535     INFO  main            d.u.i.k.p.r.p.TestFile    Now processing file /home/runner/work/key/key/key.core/../key.ui/examples/heap/permissions/threads/AFilter_workingPermissions_accessible.key 
165535     INFO  main            d.u.i.k.p.i.AbstractProblemLoader Loading environment from /home/runner/work/key/key/key.core/../key.ui/examples/heap/permissions/threads/AFilter_workingPermissions_accessible.key 
165535     DEBUG main            d.u.i.k.p.i.AbstractProblemLoader Environment load took 89.9ns 
165536     INFO  main            d.u.i.k.p.i.AbstractProblemLoader Creating init config 
170063     DEBUG main            d.u.i.k.p.i.AbstractProblemLoader Init config took 4.53s 
170141     INFO  main            d.u.i.k.p.i.AbstractProblemLoader Replaying proof AFilter[ThreadSpec2::workingPermissions()].JML accessible clause.0 
170143     DEBUG main            d.u.i.k.p.i.IntermediateProofReplayer Proof replay took 5.8ns 
170244     INFO  main            d.u.i.k.p.r.p.TestFile    ... finished proof: closed. 
170498     INFO  main            d.u.i.k.p.i.AbstractProblemLoader Loading environment from /home/runner/work/key/key/key.core/../key.ui/examples/heap/permissions/threads/AFilter_workingPermissions_accessible.key.proof 
170498     DEBUG main            d.u.i.k.p.i.AbstractProblemLoader Environment load took 99.4ns 
170499     INFO  main            d.u.i.k.p.i.AbstractProblemLoader Creating init config 
174944     DEBUG main            d.u.i.k.p.i.AbstractProblemLoader Init config took 4.45s 
175023     INFO  main            d.u.i.k.p.i.AbstractProblemLoader Replaying proof AFilter[ThreadSpec2::workingPermissions()].JML accessible clause.0 
175030     DEBUG main            d.u.i.k.p.i.IntermediateProofReplayer Proof replay took 5.91ms 
175031     DEBUG main            d.u.i.k.p.r.p.TestFile    ... success: reloaded. 
175032     INFO  main            d.u.i.k.p.r.p.TestFile    Now processing file /home/runner/work/key/key/key.core/../key.ui/examples/heap/permissions/threads/BFilter_BFilter.key 
175032     INFO  main            d.u.i.k.p.i.AbstractProblemLoader Loading environment from /home/runner/work/key/key/key.core/../key.ui/examples/heap/permissions/threads/BFilter_BFilter.key 
175032     DEBUG main            d.u.i.k.p.i.AbstractProblemLoader Environment load took 75.4ns 
175033     INFO  main            d.u.i.k.p.i.AbstractProblemLoader Creating init config 
179544     DEBUG main            d.u.i.k.p.i.AbstractProblemLoader Init config took 4.51s 
179637     INFO  main            d.u.i.k.p.i.AbstractProblemLoader Replaying proof BFilter[BFilter::BFilter(Sampler,Buffer)].JML normal_behavior operation contract.0 
179638     DEBUG main            d.u.i.k.p.i.IntermediateProofReplayer Proof replay took 6ns 
180479     INFO  main            d.u.i.k.p.r.p.TestFile    ... finished proof: closed. 
180743     INFO  main            d.u.i.k.p.i.AbstractProblemLoader Loading environment from /home/runner/work/key/key/key.core/../key.ui/examples/heap/permissions/threads/BFilter_BFilter.key.proof 
180743     DEBUG main            d.u.i.k.p.i.AbstractProblemLoader Environment load took 99.3ns 
180744     INFO  main            d.u.i.k.p.i.AbstractProblemLoader Creating init config 
185201     DEBUG main            d.u.i.k.p.i.AbstractProblemLoader Init config took 4.46s 
185281     INFO  main            d.u.i.k.p.i.AbstractProblemLoader Replaying proof BFilter[BFilter::BFilter(Sampler,Buffer)].JML normal_behavior operation contract.0 
185382     DEBUG main            d.u.i.k.p.i.IntermediateProofReplayer Proof replay took 96.25ms 
185383     DEBUG main            d.u.i.k.p.r.p.TestFile    ... success: reloaded. 
185384     INFO  main            d.u.i.k.p.r.p.TestFile    Now processing file /home/runner/work/key/key/key.core/../key.ui/examples/heap/permissions/threads/BFilter_initPost_accessible.key 
185384     INFO  main            d.u.i.k.p.i.AbstractProblemLoader Loading environment from /home/runner/work/key/key/key.core/../key.ui/examples/heap/permissions/threads/BFilter_initPost_accessible.key 
185384     DEBUG main            d.u.i.k.p.i.AbstractProblemLoader Environment load took 101.3ns 
185385     INFO  main            d.u.i.k.p.i.AbstractProblemLoader Creating init config 
189913     DEBUG main            d.u.i.k.p.i.AbstractProblemLoader Init config took 4.53s 
189991     INFO  main            d.u.i.k.p.i.AbstractProblemLoader Replaying proof BFilter[ThreadSpec2::initPost()].JML accessible clause.0 
189993     DEBUG main            d.u.i.k.p.i.IntermediateProofReplayer Proof replay took 6.5ns 
190094     INFO  main            d.u.i.k.p.r.p.TestFile    ... finished proof: closed. 
190372     INFO  main            d.u.i.k.p.i.AbstractProblemLoader Loading environment from /home/runner/work/key/key/key.core/../key.ui/examples/heap/permissions/threads/BFilter_initPost_accessible.key.proof 
190372     DEBUG main            d.u.i.k.p.i.AbstractProblemLoader Environment load took 93.3ns 
190374     INFO  main            d.u.i.k.p.i.AbstractProblemLoader Creating init config 
194840     DEBUG main            d.u.i.k.p.i.AbstractProblemLoader Init config took 4.47s 
194930     INFO  main            d.u.i.k.p.i.AbstractProblemLoader Replaying proof BFilter[ThreadSpec2::initPost()].JML accessible clause.0 
194939     DEBUG main            d.u.i.k.p.i.IntermediateProofReplayer Proof replay took 6.98ms 
194940     DEBUG main            d.u.i.k.p.r.p.TestFile    ... success: reloaded. 
194941     INFO  main            d.u.i.k.p.r.p.TestFile    Now processing file /home/runner/work/key/key/key.core/../key.ui/examples/heap/permissions/threads/BFilter_inv_accessible1.key 
194941     INFO  main            d.u.i.k.p.i.AbstractProblemLoader Loading environment from /home/runner/work/key/key/key.core/../key.ui/examples/heap/permissions/threads/BFilter_inv_accessible1.key 
194941     DEBUG main            d.u.i.k.p.i.AbstractProblemLoader Environment load took 144.9ns 
194942     INFO  main            d.u.i.k.p.i.AbstractProblemLoader Creating init config 
199449     DEBUG main            d.u.i.k.p.i.AbstractProblemLoader Init config took 4.51s 
199541     INFO  main            d.u.i.k.p.i.AbstractProblemLoader Replaying proof BFilter[java.lang.Object::<inv>()].JML accessible clause.0 
199543     DEBUG main            d.u.i.k.p.i.IntermediateProofReplayer Proof replay took 5.7ns 
199644     INFO  main            d.u.i.k.p.r.p.TestFile    ... finished proof: closed. 
199905     INFO  main            d.u.i.k.p.i.AbstractProblemLoader Loading environment from /home/runner/work/key/key/key.core/../key.ui/examples/heap/permissions/threads/BFilter_inv_accessible1.key.proof 
199905     DEBUG main            d.u.i.k.p.i.AbstractProblemLoader Environment load took 107ns 
199906     INFO  main            d.u.i.k.p.i.AbstractProblemLoader Creating init config 
204358     DEBUG main            d.u.i.k.p.i.AbstractProblemLoader Init config took 4.45s 
204436     INFO  main            d.u.i.k.p.i.AbstractProblemLoader Replaying proof BFilter[java.lang.Object::<inv>()].JML accessible clause.0 
204439     DEBUG main            d.u.i.k.p.i.IntermediateProofReplayer Proof replay took 1.31ms 
204439     DEBUG main            d.u.i.k.p.r.p.TestFile    ... success: reloaded. 
204440     INFO  main            d.u.i.k.p.r.p.TestFile    Now processing file /home/runner/work/key/key/key.core/../key.ui/examples/heap/permissions/threads/BFilter_inv_accessible2.key 
204440     INFO  main            d.u.i.k.p.i.AbstractProblemLoader Loading environment from /home/runner/work/key/key/key.core/../key.ui/examples/heap/permissions/threads/BFilter_inv_accessible2.key 
204441     DEBUG main            d.u.i.k.p.i.AbstractProblemLoader Environment load took 66.3ns 
204441     INFO  main            d.u.i.k.p.i.AbstractProblemLoader Creating init config 
208971     DEBUG main            d.u.i.k.p.i.AbstractProblemLoader Init config took 4.53s 
209050     INFO  main            d.u.i.k.p.i.AbstractProblemLoader Replaying proof BFilter[java.lang.Object::<inv>()].JML accessible clause.1 
209051     DEBUG main            d.u.i.k.p.i.IntermediateProofReplayer Proof replay took 5.6ns 
209156     INFO  main            d.u.i.k.p.r.p.TestFile    ... finished proof: closed. 
209429     INFO  main            d.u.i.k.p.i.AbstractProblemLoader Loading environment from /home/runner/work/key/key/key.core/../key.ui/examples/heap/permissions/threads/BFilter_inv_accessible2.key.proof 
209429     DEBUG main            d.u.i.k.p.i.AbstractProblemLoader Environment load took 94.6ns 
209430     INFO  main            d.u.i.k.p.i.AbstractProblemLoader Creating init config 
213888     DEBUG main            d.u.i.k.p.i.AbstractProblemLoader Init config took 4.46s 
213966     INFO  main            d.u.i.k.p.i.AbstractProblemLoader Replaying proof BFilter[java.lang.Object::<inv>()].JML accessible clause.1 
213969     DEBUG main            d.u.i.k.p.i.IntermediateProofReplayer Proof replay took 1.38ms 
213970     DEBUG main            d.u.i.k.p.r.p.TestFile    ... success: reloaded. 
213970     INFO  main            d.u.i.k.p.r.p.TestFile    Now processing file /home/runner/work/key/key/key.core/../key.ui/examples/heap/permissions/threads/BFilter_joinTransfer_accessible.key 
213971     INFO  main            d.u.i.k.p.i.AbstractProblemLoader Loading environment from /home/runner/work/key/key/key.core/../key.ui/examples/heap/permissions/threads/BFilter_joinTransfer_accessible.key 
213971     DEBUG main            d.u.i.k.p.i.AbstractProblemLoader Environment load took 73.1ns 
213971     INFO  main            d.u.i.k.p.i.AbstractProblemLoader Creating init config 
218503     DEBUG main            d.u.i.k.p.i.AbstractProblemLoader Init config took 4.53s 
218580     INFO  main            d.u.i.k.p.i.AbstractProblemLoader Replaying proof BFilter[ThreadSpec2::joinTransfer()].JML accessible clause.0 
218582     DEBUG main            d.u.i.k.p.i.IntermediateProofReplayer Proof replay took 5.5ns 
221687     INFO  main            d.u.i.k.p.r.p.TestFile    ... finished proof: closed. 
221970     INFO  main            d.u.i.k.p.i.AbstractProblemLoader Loading environment from /home/runner/work/key/key/key.core/../key.ui/examples/heap/permissions/threads/BFilter_joinTransfer_accessible.key.proof 
221971     DEBUG main            d.u.i.k.p.i.AbstractProblemLoader Environment load took 303.5ns 
221972     INFO  main            d.u.i.k.p.i.AbstractProblemLoader Creating init config 
226426     DEBUG main            d.u.i.k.p.i.AbstractProblemLoader Init config took 4.45s 
226505     INFO  main            d.u.i.k.p.i.AbstractProblemLoader Replaying proof BFilter[ThreadSpec2::joinTransfer()].JML accessible clause.0 
226700     DEBUG main            d.u.i.k.p.i.IntermediateProofReplayer Proof replay took 185.27ms 
226702     DEBUG main            d.u.i.k.p.r.p.TestFile    ... success: reloaded. 
226703     INFO  main            d.u.i.k.p.r.p.TestFile    Now processing file /home/runner/work/key/key/key.core/../key.ui/examples/heap/permissions/threads/BFilter_joinTransfer_contract.key 
226703     INFO  main            d.u.i.k.p.i.AbstractProblemLoader Loading environment from /home/runner/work/key/key/key.core/../key.ui/examples/heap/permissions/threads/BFilter_joinTransfer_contract.key 
226703     DEBUG main            d.u.i.k.p.i.AbstractProblemLoader Environment load took 71.2ns 
226704     INFO  main            d.u.i.k.p.i.AbstractProblemLoader Creating init config 
231202     DEBUG main            d.u.i.k.p.i.AbstractProblemLoader Init config took 4.5s 
231299     INFO  main            d.u.i.k.p.i.AbstractProblemLoader Replaying proof BFilter[ThreadSpec2::joinTransfer()].JML model_behavior operation contract.0 
231300     DEBUG main            d.u.i.k.p.i.IntermediateProofReplayer Proof replay took 6.2ns 
231401     INFO  main            d.u.i.k.p.r.p.TestFile    ... finished proof: closed. 
231686     INFO  main            d.u.i.k.p.i.AbstractProblemLoader Loading environment from /home/runner/work/key/key/key.core/../key.ui/examples/heap/permissions/threads/BFilter_joinTransfer_contract.key.proof 
231686     DEBUG main            d.u.i.k.p.i.AbstractProblemLoader Environment load took 91.2ns 
231687     INFO  main            d.u.i.k.p.i.AbstractProblemLoader Creating init config 
236123     DEBUG main            d.u.i.k.p.i.AbstractProblemLoader Init config took 4.44s 
236203     INFO  main            d.u.i.k.p.i.AbstractProblemLoader Replaying proof BFilter[ThreadSpec2::joinTransfer()].JML model_behavior operation contract.0 
236211     DEBUG main            d.u.i.k.p.i.IntermediateProofReplayer Proof replay took 6.06ms 
236211     DEBUG main            d.u.i.k.p.r.p.TestFile    ... success: reloaded. 
236212     INFO  main            d.u.i.k.p.r.p.TestFile    Now processing file /home/runner/work/key/key/key.core/../key.ui/examples/heap/permissions/threads/BFilter_postJoin_accessible.key 
236212     INFO  main            d.u.i.k.p.i.AbstractProblemLoader Loading environment from /home/runner/work/key/key/key.core/../key.ui/examples/heap/permissions/threads/BFilter_postJoin_accessible.key 
236212     DEBUG main            d.u.i.k.p.i.AbstractProblemLoader Environment load took 48.6ns 
236213     INFO  main            d.u.i.k.p.i.AbstractProblemLoader Creating init config 
240722     DEBUG main            d.u.i.k.p.i.AbstractProblemLoader Init config took 4.51s 
240800     INFO  main            d.u.i.k.p.i.AbstractProblemLoader Replaying proof BFilter[ThreadSpec2::postJoin(java.lang.Object)].JML accessible clause.0 
240802     DEBUG main            d.u.i.k.p.i.IntermediateProofReplayer Proof replay took 6.3ns 
240906     INFO  main            d.u.i.k.p.r.p.TestFile    ... finished proof: closed. 
241258     INFO  main            d.u.i.k.p.i.AbstractProblemLoader Loading environment from /home/runner/work/key/key/key.core/../key.ui/examples/heap/permissions/threads/BFilter_postJoin_accessible.key.proof 
241258     DEBUG main            d.u.i.k.p.i.AbstractProblemLoader Environment load took 84.8ns 
241259     INFO  main            d.u.i.k.p.i.AbstractProblemLoader Creating init config 
245700     DEBUG main            d.u.i.k.p.i.AbstractProblemLoader Init config took 4.44s 
245777     INFO  main            d.u.i.k.p.i.AbstractProblemLoader Replaying proof BFilter[ThreadSpec2::postJoin(java.lang.Object)].JML accessible clause.0 
245784     DEBUG main            d.u.i.k.p.i.IntermediateProofReplayer Proof replay took 4.36ms 
245785     DEBUG main            d.u.i.k.p.r.p.TestFile    ... success: reloaded. 
245786     INFO  main            d.u.i.k.p.r.p.TestFile    Now processing file /home/runner/work/key/key/key.core/../key.ui/examples/heap/permissions/threads/BFilter_preStart_accessible.key 
245786     INFO  main            d.u.i.k.p.i.AbstractProblemLoader Loading environment from /home/runner/work/key/key/key.core/../key.ui/examples/heap/permissions/threads/BFilter_preStart_accessible.key 
245786     DEBUG main            d.u.i.k.p.i.AbstractProblemLoader Environment load took 71.6ns 
245787     INFO  main            d.u.i.k.p.i.AbstractProblemLoader Creating init config 
250291     DEBUG main            d.u.i.k.p.i.AbstractProblemLoader Init config took 4.5s 
250381     INFO  main            d.u.i.k.p.i.AbstractProblemLoader Replaying proof BFilter[ThreadSpec2::preStart(java.lang.Object)].JML accessible clause.0 
250382     DEBUG main            d.u.i.k.p.i.IntermediateProofReplayer Proof replay took 6ns 
250687     INFO  main            d.u.i.k.p.r.p.TestFile    ... finished proof: closed. 
250994     INFO  main            d.u.i.k.p.i.AbstractProblemLoader Loading environment from /home/runner/work/key/key/key.core/../key.ui/examples/heap/permissions/threads/BFilter_preStart_accessible.key.proof 
250994     DEBUG main            d.u.i.k.p.i.AbstractProblemLoader Environment load took 90.9ns 
250995     INFO  main            d.u.i.k.p.i.AbstractProblemLoader Creating init config 
255430     DEBUG main            d.u.i.k.p.i.AbstractProblemLoader Init config took 4.44s 
255520     INFO  main            d.u.i.k.p.i.AbstractProblemLoader Replaying proof BFilter[ThreadSpec2::preStart(java.lang.Object)].JML accessible clause.0 
255541     DEBUG main            d.u.i.k.p.i.IntermediateProofReplayer Proof replay took 17.55ms 
255542     DEBUG main            d.u.i.k.p.r.p.TestFile    ... success: reloaded. 
255543     INFO  main            d.u.i.k.p.r.p.TestFile    Now processing file /home/runner/work/key/key/key.core/../key.ui/examples/heap/permissions/threads/BFilter_startTransfer_accessible.key 
255543     INFO  main            d.u.i.k.p.i.AbstractProblemLoader Loading environment from /home/runner/work/key/key/key.core/../key.ui/examples/heap/permissions/threads/BFilter_startTransfer_accessible.key 
255543     DEBUG main            d.u.i.k.p.i.AbstractProblemLoader Environment load took 141.4ns 
255544     INFO  main            d.u.i.k.p.i.AbstractProblemLoader Creating init config 
260069     DEBUG main            d.u.i.k.p.i.AbstractProblemLoader Init config took 4.53s 
260147     INFO  main            d.u.i.k.p.i.AbstractProblemLoader Replaying proof BFilter[ThreadSpec2::startTransfer()].JML accessible clause.0 
260148     DEBUG main            d.u.i.k.p.i.IntermediateProofReplayer Proof replay took 5.7ns 
265661     INFO  main            d.u.i.k.p.r.p.TestFile    ... finished proof: closed. 
265984     INFO  main            d.u.i.k.p.i.AbstractProblemLoader Loading environment from /home/runner/work/key/key/key.core/../key.ui/examples/heap/permissions/threads/BFilter_startTransfer_accessible.key.proof 
265984     DEBUG main            d.u.i.k.p.i.AbstractProblemLoader Environment load took 355.7ns 
265985     INFO  main            d.u.i.k.p.i.AbstractProblemLoader Creating init config 
270440     DEBUG main            d.u.i.k.p.i.AbstractProblemLoader Init config took 4.45s 
270518     INFO  main            d.u.i.k.p.i.AbstractProblemLoader Replaying proof BFilter[ThreadSpec2::startTransfer()].JML accessible clause.0 
270795     DEBUG main            d.u.i.k.p.i.IntermediateProofReplayer Proof replay took 265.11ms 
270796     DEBUG main            d.u.i.k.p.r.p.TestFile    ... success: reloaded. 
270797     INFO  main            d.u.i.k.p.r.p.TestFile    Now processing file /home/runner/work/key/key/key.core/../key.ui/examples/heap/permissions/threads/BFilter_startTransfer_contract.key 
270797     INFO  main            d.u.i.k.p.i.AbstractProblemLoader Loading environment from /home/runner/work/key/key/key.core/../key.ui/examples/heap/permissions/threads/BFilter_startTransfer_contract.key 
270797     DEBUG main            d.u.i.k.p.i.AbstractProblemLoader Environment load took 138.3ns 
270798     INFO  main            d.u.i.k.p.i.AbstractProblemLoader Creating init config 
275294     DEBUG main            d.u.i.k.p.i.AbstractProblemLoader Init config took 4.5s 
275386     INFO  main            d.u.i.k.p.i.AbstractProblemLoader Replaying proof BFilter[ThreadSpec2::startTransfer()].JML model_behavior operation contract.0 
275387     DEBUG main            d.u.i.k.p.i.IntermediateProofReplayer Proof replay took 5.8ns 
276492     INFO  main            d.u.i.k.p.r.p.TestFile    ... finished proof: closed. 
276815     INFO  main            d.u.i.k.p.i.AbstractProblemLoader Loading environment from /home/runner/work/key/key/key.core/../key.ui/examples/heap/permissions/threads/BFilter_startTransfer_contract.key.proof 
276815     DEBUG main            d.u.i.k.p.i.AbstractProblemLoader Environment load took 295ns 
276816     INFO  main            d.u.i.k.p.i.AbstractProblemLoader Creating init config 
281243     DEBUG main            d.u.i.k.p.i.AbstractProblemLoader Init config took 4.43s 
281332     INFO  main            d.u.i.k.p.i.AbstractProblemLoader Replaying proof BFilter[ThreadSpec2::startTransfer()].JML model_behavior operation contract.0 
281430     DEBUG main            d.u.i.k.p.i.IntermediateProofReplayer Proof replay took 88.93ms 
281433     DEBUG main            d.u.i.k.p.r.p.TestFile    ... success: reloaded. 
281434     INFO  main            d.u.i.k.p.r.p.TestFile    Now processing file /home/runner/work/key/key/key.core/../key.ui/examples/heap/permissions/threads/BFilter_stateInv_accessible.key 
281434     INFO  main            d.u.i.k.p.i.AbstractProblemLoader Loading environment from /home/runner/work/key/key/key.core/../key.ui/examples/heap/permissions/threads/BFilter_stateInv_accessible.key 
281434     DEBUG main            d.u.i.k.p.i.AbstractProblemLoader Environment load took 146.7ns 
281435     INFO  main            d.u.i.k.p.i.AbstractProblemLoader Creating init config 
285949     DEBUG main            d.u.i.k.p.i.AbstractProblemLoader Init config took 4.51s 
286027     INFO  main            d.u.i.k.p.i.AbstractProblemLoader Replaying proof BFilter[ThreadSpec2::stateInv()].JML accessible clause.0 
286028     DEBUG main            d.u.i.k.p.i.IntermediateProofReplayer Proof replay took 5.9ns 
286330     INFO  main            d.u.i.k.p.r.p.TestFile    ... finished proof: closed. 
286720     INFO  main            d.u.i.k.p.i.AbstractProblemLoader Loading environment from /home/runner/work/key/key/key.core/../key.ui/examples/heap/permissions/threads/BFilter_stateInv_accessible.key.proof 
286720     DEBUG main            d.u.i.k.p.i.AbstractProblemLoader Environment load took 90.7ns 
286721     INFO  main            d.u.i.k.p.i.AbstractProblemLoader Creating init config 
291149     DEBUG main            d.u.i.k.p.i.AbstractProblemLoader Init config took 4.43s 
291249     INFO  main            d.u.i.k.p.i.AbstractProblemLoader Replaying proof BFilter[ThreadSpec2::stateInv()].JML accessible clause.0 
291275     DEBUG main            d.u.i.k.p.i.IntermediateProofReplayer Proof replay took 23ms 
291276     DEBUG main            d.u.i.k.p.r.p.TestFile    ... success: reloaded. 
291277     INFO  main            d.u.i.k.p.r.p.TestFile    Now processing file /home/runner/work/key/key/key.core/../key.ui/examples/heap/permissions/threads/BFilter_staticPermissions_accessible.key 
291277     INFO  main            d.u.i.k.p.i.AbstractProblemLoader Loading environment from /home/runner/work/key/key/key.core/../key.ui/examples/heap/permissions/threads/BFilter_staticPermissions_accessible.key 
291277     DEBUG main            d.u.i.k.p.i.AbstractProblemLoader Environment load took 130.1ns 
291278     INFO  main            d.u.i.k.p.i.AbstractProblemLoader Creating init config 
295781     DEBUG main            d.u.i.k.p.i.AbstractProblemLoader Init config took 4.5s 
295859     INFO  main            d.u.i.k.p.i.AbstractProblemLoader Replaying proof BFilter[ThreadSpec2::staticPermissions()].JML accessible clause.0 
295861     DEBUG main            d.u.i.k.p.i.IntermediateProofReplayer Proof replay took 6.6ns 
295962     INFO  main            d.u.i.k.p.r.p.TestFile    ... finished proof: closed. 
296280     INFO  main            d.u.i.k.p.i.AbstractProblemLoader Loading environment from /home/runner/work/key/key/key.core/../key.ui/examples/heap/permissions/threads/BFilter_staticPermissions_accessible.key.proof 
296280     DEBUG main            d.u.i.k.p.i.AbstractProblemLoader Environment load took 83.8ns 
296281     INFO  main            d.u.i.k.p.i.AbstractProblemLoader Creating init config 
300719     DEBUG main            d.u.i.k.p.i.AbstractProblemLoader Init config took 4.44s 
300798     INFO  main            d.u.i.k.p.i.AbstractProblemLoader Replaying proof BFilter[ThreadSpec2::staticPermissions()].JML accessible clause.0 
300806     DEBUG main            d.u.i.k.p.i.IntermediateProofReplayer Proof replay took 6.25ms 
300807     DEBUG main            d.u.i.k.p.r.p.TestFile    ... success: reloaded. 
300807     INFO  main            d.u.i.k.p.r.p.TestFile    Now processing file /home/runner/work/key/key/key.core/../key.ui/examples/heap/permissions/threads/BFilter_workingPermissions_accessible.key 
300808     INFO  main            d.u.i.k.p.i.AbstractProblemLoader Loading environment from /home/runner/work/key/key/key.core/../key.ui/examples/heap/permissions/threads/BFilter_workingPermissions_accessible.key 
300808     DEBUG main            d.u.i.k.p.i.AbstractProblemLoader Environment load took 81.3ns 
300808     INFO  main            d.u.i.k.p.i.AbstractProblemLoader Creating init config 
305312     DEBUG main            d.u.i.k.p.i.AbstractProblemLoader Init config took 4.5s 
305389     INFO  main            d.u.i.k.p.i.AbstractProblemLoader Replaying proof BFilter[ThreadSpec2::workingPermissions()].JML accessible clause.0 
305390     DEBUG main            d.u.i.k.p.i.IntermediateProofReplayer Proof replay took 6.3ns 
305491     INFO  main            d.u.i.k.p.r.p.TestFile    ... finished proof: closed. 
305812     INFO  main            d.u.i.k.p.i.AbstractProblemLoader Loading environment from /home/runner/work/key/key/key.core/../key.ui/examples/heap/permissions/threads/BFilter_workingPermissions_accessible.key.proof 
305812     DEBUG main            d.u.i.k.p.i.AbstractProblemLoader Environment load took 86.8ns 
305813     INFO  main            d.u.i.k.p.i.AbstractProblemLoader Creating init config 
310248     DEBUG main            d.u.i.k.p.i.AbstractProblemLoader Init config took 4.43s 
310325     INFO  main            d.u.i.k.p.i.AbstractProblemLoader Replaying proof BFilter[ThreadSpec2::workingPermissions()].JML accessible clause.0 
310332     DEBUG main            d.u.i.k.p.i.IntermediateProofReplayer Proof replay took 5.56ms 
310333     DEBUG main            d.u.i.k.p.r.p.TestFile    ... success: reloaded. 
310333     INFO  main            d.u.i.k.p.r.p.TestFile    Now processing file /home/runner/work/key/key/key.core/../key.ui/examples/heap/permissions/threads/Fib_Fib.key 
310333     INFO  main            d.u.i.k.p.i.AbstractProblemLoader Loading environment from /home/runner/work/key/key/key.core/../key.ui/examples/heap/permissions/threads/Fib_Fib.key 
310334     DEBUG main            d.u.i.k.p.i.AbstractProblemLoader Environment load took 45.4ns 
310334     INFO  main            d.u.i.k.p.i.AbstractProblemLoader Creating init config 
314834     DEBUG main            d.u.i.k.p.i.AbstractProblemLoader Init config took 4.5s 
314926     INFO  main            d.u.i.k.p.i.AbstractProblemLoader Replaying proof Fib[Fib::Fib(int)].JML normal_behavior operation contract.0 
314927     DEBUG main            d.u.i.k.p.i.IntermediateProofReplayer Proof replay took 7.4ns 
315531     INFO  main            d.u.i.k.p.r.p.TestFile    ... finished proof: closed. 
315898     INFO  main            d.u.i.k.p.i.AbstractProblemLoader Loading environment from /home/runner/work/key/key/key.core/../key.ui/examples/heap/permissions/threads/Fib_Fib.key.proof 
315898     DEBUG main            d.u.i.k.p.i.AbstractProblemLoader Environment load took 91.1ns 
315899     INFO  main            d.u.i.k.p.i.AbstractProblemLoader Creating init config 
320335     DEBUG main            d.u.i.k.p.i.AbstractProblemLoader Init config took 4.44s 
320412     INFO  main            d.u.i.k.p.i.AbstractProblemLoader Replaying proof Fib[Fib::Fib(int)].JML normal_behavior operation contract.0 
320479     DEBUG main            d.u.i.k.p.i.IntermediateProofReplayer Proof replay took 64.37ms 
320480     DEBUG main            d.u.i.k.p.r.p.TestFile    ... success: reloaded. 
320481     INFO  main            d.u.i.k.p.r.p.TestFile    Now processing file /home/runner/work/key/key/key.core/../key.ui/examples/heap/permissions/threads/Fib_initPost_accessible.key 
320481     INFO  main            d.u.i.k.p.i.AbstractProblemLoader Loading environment from /home/runner/work/key/key/key.core/../key.ui/examples/heap/permissions/threads/Fib_initPost_accessible.key 
320481     DEBUG main            d.u.i.k.p.i.AbstractProblemLoader Environment load took 44.8ns 
320482     INFO  main            d.u.i.k.p.i.AbstractProblemLoader Creating init config 
324987     DEBUG main            d.u.i.k.p.i.AbstractProblemLoader Init config took 4.5s 
325078     INFO  main            d.u.i.k.p.i.AbstractProblemLoader Replaying proof Fib[ThreadSpec::initPost()].JML accessible clause.0 
325079     DEBUG main            d.u.i.k.p.i.IntermediateProofReplayer Proof replay took 5.4ns 
325181     INFO  main            d.u.i.k.p.r.p.TestFile    ... finished proof: closed. 
325516     INFO  main            d.u.i.k.p.i.AbstractProblemLoader Loading environment from /home/runner/work/key/key/key.core/../key.ui/examples/heap/permissions/threads/Fib_initPost_accessible.key.proof 
325516     DEBUG main            d.u.i.k.p.i.AbstractProblemLoader Environment load took 83.9ns 
325517     INFO  main            d.u.i.k.p.i.AbstractProblemLoader Creating init config 
330062     DEBUG main            d.u.i.k.p.i.AbstractProblemLoader Init config took 4.55s 
330141     INFO  main            d.u.i.k.p.i.AbstractProblemLoader Replaying proof Fib[ThreadSpec::initPost()].JML accessible clause.0 
330146     DEBUG main            d.u.i.k.p.i.IntermediateProofReplayer Proof replay took 3.68ms 
330147     DEBUG main            d.u.i.k.p.r.p.TestFile    ... success: reloaded. 
330148     INFO  main            d.u.i.k.p.r.p.TestFile    Now processing file /home/runner/work/key/key/key.core/../key.ui/examples/heap/permissions/threads/Fib_inv1_accessible.key 
330148     INFO  main            d.u.i.k.p.i.AbstractProblemLoader Loading environment from /home/runner/work/key/key/key.core/../key.ui/examples/heap/permissions/threads/Fib_inv1_accessible.key 
330148     DEBUG main            d.u.i.k.p.i.AbstractProblemLoader Environment load took 116.3ns 
330149     INFO  main            d.u.i.k.p.i.AbstractProblemLoader Creating init config 
334716     DEBUG main            d.u.i.k.p.i.AbstractProblemLoader Init config took 4.57s 
334794     INFO  main            d.u.i.k.p.i.AbstractProblemLoader Replaying proof Fib[java.lang.Object::<inv>()].JML accessible clause.0 
334795     DEBUG main            d.u.i.k.p.i.IntermediateProofReplayer Proof replay took 7.7ns 
334897     INFO  main            d.u.i.k.p.r.p.TestFile    ... finished proof: closed. 
335236     INFO  main            d.u.i.k.p.i.AbstractProblemLoader Loading environment from /home/runner/work/key/key/key.core/../key.ui/examples/heap/permissions/threads/Fib_inv1_accessible.key.proof 
335237     DEBUG main            d.u.i.k.p.i.AbstractProblemLoader Environment load took 81.5ns 
335238     INFO  main            d.u.i.k.p.i.AbstractProblemLoader Creating init config 
339664     DEBUG main            d.u.i.k.p.i.AbstractProblemLoader Init config took 4.43s 
339741     INFO  main            d.u.i.k.p.i.AbstractProblemLoader Replaying proof Fib[java.lang.Object::<inv>()].JML accessible clause.0 
339743     DEBUG main            d.u.i.k.p.i.IntermediateProofReplayer Proof replay took 1.28ms 
339744     DEBUG main            d.u.i.k.p.r.p.TestFile    ... success: reloaded. 
339745     INFO  main            d.u.i.k.p.r.p.TestFile    Now processing file /home/runner/work/key/key/key.core/../key.ui/examples/heap/permissions/threads/Fib_inv2_accessible.key 
339745     INFO  main            d.u.i.k.p.i.AbstractProblemLoader Loading environment from /home/runner/work/key/key/key.core/../key.ui/examples/heap/permissions/threads/Fib_inv2_accessible.key 
339745     DEBUG main            d.u.i.k.p.i.AbstractProblemLoader Environment load took 57.1ns 
339746     INFO  main            d.u.i.k.p.i.AbstractProblemLoader Creating init config 
344250     DEBUG main            d.u.i.k.p.i.AbstractProblemLoader Init config took 4.5s 
344328     INFO  main            d.u.i.k.p.i.AbstractProblemLoader Replaying proof Fib[java.lang.Object::<inv>()].JML accessible clause.1 
344329     DEBUG main            d.u.i.k.p.i.IntermediateProofReplayer Proof replay took 6.2ns 
344430     INFO  main            d.u.i.k.p.r.p.TestFile    ... finished proof: closed. 
344791     INFO  main            d.u.i.k.p.i.AbstractProblemLoader Loading environment from /home/runner/work/key/key/key.core/../key.ui/examples/heap/permissions/threads/Fib_inv2_accessible.key.proof 
344791     DEBUG main            d.u.i.k.p.i.AbstractProblemLoader Environment load took 78.9ns 
344792     INFO  main            d.u.i.k.p.i.AbstractProblemLoader Creating init config 
349214     DEBUG main            d.u.i.k.p.i.AbstractProblemLoader Init config took 4.42s 
349291     INFO  main            d.u.i.k.p.i.AbstractProblemLoader Replaying proof Fib[java.lang.Object::<inv>()].JML accessible clause.1 
349293     DEBUG main            d.u.i.k.p.i.IntermediateProofReplayer Proof replay took 1.32ms 
349294     DEBUG main            d.u.i.k.p.r.p.TestFile    ... success: reloaded. 
349295     INFO  main            d.u.i.k.p.r.p.TestFile    Now processing file /home/runner/work/key/key/key.core/../key.ui/examples/heap/permissions/threads/Fib_joinTransfer_accessible.key 
349295     INFO  main            d.u.i.k.p.i.AbstractProblemLoader Loading environment from /home/runner/work/key/key/key.core/../key.ui/examples/heap/permissions/threads/Fib_joinTransfer_accessible.key 
349295     DEBUG main            d.u.i.k.p.i.AbstractProblemLoader Environment load took 43.8ns 
349296     INFO  main            d.u.i.k.p.i.AbstractProblemLoader Creating init config 
353793     DEBUG main            d.u.i.k.p.i.AbstractProblemLoader Init config took 4.5s 
353883     INFO  main            d.u.i.k.p.i.AbstractProblemLoader Replaying proof Fib[ThreadSpec::joinTransfer()].JML accessible clause.0 
353884     DEBUG main            d.u.i.k.p.i.IntermediateProofReplayer Proof replay took 5.9ns 
354086     INFO  main            d.u.i.k.p.r.p.TestFile    ... finished proof: closed. 
354442     INFO  main            d.u.i.k.p.i.AbstractProblemLoader Loading environment from /home/runner/work/key/key/key.core/../key.ui/examples/heap/permissions/threads/Fib_joinTransfer_accessible.key.proof 
354442     DEBUG main            d.u.i.k.p.i.AbstractProblemLoader Environment load took 83.4ns 
354443     INFO  main            d.u.i.k.p.i.AbstractProblemLoader Creating init config 
358870     DEBUG main            d.u.i.k.p.i.AbstractProblemLoader Init config took 4.43s 
358958     INFO  main            d.u.i.k.p.i.AbstractProblemLoader Replaying proof Fib[ThreadSpec::joinTransfer()].JML accessible clause.0 
358976     DEBUG main            d.u.i.k.p.i.IntermediateProofReplayer Proof replay took 15.76ms 
358976     DEBUG main            d.u.i.k.p.r.p.TestFile    ... success: reloaded. 
358977     INFO  main            d.u.i.k.p.r.p.TestFile    Now processing file /home/runner/work/key/key/key.core/../key.ui/examples/heap/permissions/threads/Fib_joinTransfer_contract.key 
358977     INFO  main            d.u.i.k.p.i.AbstractProblemLoader Loading environment from /home/runner/work/key/key/key.core/../key.ui/examples/heap/permissions/threads/Fib_joinTransfer_contract.key 
358978     DEBUG main            d.u.i.k.p.i.AbstractProblemLoader Environment load took 60.7ns 
358978     INFO  main            d.u.i.k.p.i.AbstractProblemLoader Creating init config 
363487     DEBUG main            d.u.i.k.p.i.AbstractProblemLoader Init config took 4.51s 
363563     INFO  main            d.u.i.k.p.i.AbstractProblemLoader Replaying proof Fib[ThreadSpec::joinTransfer()].JML model_behavior operation contract.0 
363564     DEBUG main            d.u.i.k.p.i.IntermediateProofReplayer Proof replay took 5.8ns 
363666     INFO  main            d.u.i.k.p.r.p.TestFile    ... finished proof: closed. 
364032     INFO  main            d.u.i.k.p.i.AbstractProblemLoader Loading environment from /home/runner/work/key/key/key.core/../key.ui/examples/heap/permissions/threads/Fib_joinTransfer_contract.key.proof 
364032     DEBUG main            d.u.i.k.p.i.AbstractProblemLoader Environment load took 92ns 
364033     INFO  main            d.u.i.k.p.i.AbstractProblemLoader Creating init config 
368462     DEBUG main            d.u.i.k.p.i.AbstractProblemLoader Init config took 4.43s 
368550     INFO  main            d.u.i.k.p.i.AbstractProblemLoader Replaying proof Fib[ThreadSpec::joinTransfer()].JML model_behavior operation contract.0 
368557     DEBUG main            d.u.i.k.p.i.IntermediateProofReplayer Proof replay took 5.53ms 
368558     DEBUG main            d.u.i.k.p.r.p.TestFile    ... success: reloaded. 
368559     INFO  main            d.u.i.k.p.r.p.TestFile    Now processing file /home/runner/work/key/key/key.core/../key.ui/examples/heap/permissions/threads/Fib_postJoin_accessible.key 
368559     INFO  main            d.u.i.k.p.i.AbstractProblemLoader Loading environment from /home/runner/work/key/key/key.core/../key.ui/examples/heap/permissions/threads/Fib_postJoin_accessible.key 
368559     DEBUG main            d.u.i.k.p.i.AbstractProblemLoader Environment load took 41.6ns 
368560     INFO  main            d.u.i.k.p.i.AbstractProblemLoader Creating init config 
373055     DEBUG main            d.u.i.k.p.i.AbstractProblemLoader Init config took 4.5s 
373131     INFO  main            d.u.i.k.p.i.AbstractProblemLoader Replaying proof Fib[ThreadSpec::postJoin(java.lang.Object)].JML accessible clause.0 
373133     DEBUG main            d.u.i.k.p.i.IntermediateProofReplayer Proof replay took 5.9ns 
373234     INFO  main            d.u.i.k.p.r.p.TestFile    ... finished proof: closed. 
373597     INFO  main            d.u.i.k.p.i.AbstractProblemLoader Loading environment from /home/runner/work/key/key/key.core/../key.ui/examples/heap/permissions/threads/Fib_postJoin_accessible.key.proof 
373597     DEBUG main            d.u.i.k.p.i.AbstractProblemLoader Environment load took 78.9ns 
373598     INFO  main            d.u.i.k.p.i.AbstractProblemLoader Creating init config 
378035     DEBUG main            d.u.i.k.p.i.AbstractProblemLoader Init config took 4.44s 
378112     INFO  main            d.u.i.k.p.i.AbstractProblemLoader Replaying proof Fib[ThreadSpec::postJoin(java.lang.Object)].JML accessible clause.0 
378117     DEBUG main            d.u.i.k.p.i.IntermediateProofReplayer Proof replay took 3.77ms 
378118     DEBUG main            d.u.i.k.p.r.p.TestFile    ... success: reloaded. 
378119     INFO  main            d.u.i.k.p.r.p.TestFile    Now processing file /home/runner/work/key/key/key.core/../key.ui/examples/heap/permissions/threads/Fib_preStart_accessible.key 
378119     INFO  main            d.u.i.k.p.i.AbstractProblemLoader Loading environment from /home/runner/work/key/key/key.core/../key.ui/examples/heap/permissions/threads/Fib_preStart_accessible.key 
378119     DEBUG main            d.u.i.k.p.i.AbstractProblemLoader Environment load took 83.6ns 
378120     INFO  main            d.u.i.k.p.i.AbstractProblemLoader Creating init config 
382618     DEBUG main            d.u.i.k.p.i.AbstractProblemLoader Init config took 4.5s 
382707     INFO  main            d.u.i.k.p.i.AbstractProblemLoader Replaying proof Fib[ThreadSpec::preStart(java.lang.Object)].JML accessible clause.0 
382708     DEBUG main            d.u.i.k.p.i.IntermediateProofReplayer Proof replay took 6.5ns 
382809     INFO  main            d.u.i.k.p.r.p.TestFile    ... finished proof: closed. 
383179     INFO  main            d.u.i.k.p.i.AbstractProblemLoader Loading environment from /home/runner/work/key/key/key.core/../key.ui/examples/heap/permissions/threads/Fib_preStart_accessible.key.proof 
383179     DEBUG main            d.u.i.k.p.i.AbstractProblemLoader Environment load took 83.6ns 
383180     INFO  main            d.u.i.k.p.i.AbstractProblemLoader Creating init config 
387633     DEBUG main            d.u.i.k.p.i.AbstractProblemLoader Init config took 4.45s 
387712     INFO  main            d.u.i.k.p.i.AbstractProblemLoader Replaying proof Fib[ThreadSpec::preStart(java.lang.Object)].JML accessible clause.0 
387717     DEBUG main            d.u.i.k.p.i.IntermediateProofReplayer Proof replay took 3.78ms 
387718     DEBUG main            d.u.i.k.p.r.p.TestFile    ... success: reloaded. 
387718     INFO  main            d.u.i.k.p.r.p.TestFile    Now processing file /home/runner/work/key/key/key.core/../key.ui/examples/heap/permissions/threads/Fib_startTransfer_accessible.key 
387719     INFO  main            d.u.i.k.p.i.AbstractProblemLoader Loading environment from /home/runner/work/key/key/key.core/../key.ui/examples/heap/permissions/threads/Fib_startTransfer_accessible.key 
387719     DEBUG main            d.u.i.k.p.i.AbstractProblemLoader Environment load took 82.7ns 
387719     INFO  main            d.u.i.k.p.i.AbstractProblemLoader Creating init config 
392320     DEBUG main            d.u.i.k.p.i.AbstractProblemLoader Init config took 4.6s 
392397     INFO  main            d.u.i.k.p.i.AbstractProblemLoader Replaying proof Fib[ThreadSpec::startTransfer()].JML accessible clause.0 
392398     DEBUG main            d.u.i.k.p.i.IntermediateProofReplayer Proof replay took 6.5ns 
392600     INFO  main            d.u.i.k.p.r.p.TestFile    ... finished proof: closed. 
392994     INFO  main            d.u.i.k.p.i.AbstractProblemLoader Loading environment from /home/runner/work/key/key/key.core/../key.ui/examples/heap/permissions/threads/Fib_startTransfer_accessible.key.proof 
392994     DEBUG main            d.u.i.k.p.i.AbstractProblemLoader Environment load took 84.3ns 
392995     INFO  main            d.u.i.k.p.i.AbstractProblemLoader Creating init config 
397426     DEBUG main            d.u.i.k.p.i.AbstractProblemLoader Init config took 4.43s 
397503     INFO  main            d.u.i.k.p.i.AbstractProblemLoader Replaying proof Fib[ThreadSpec::startTransfer()].JML accessible clause.0 
397521     DEBUG main            d.u.i.k.p.i.IntermediateProofReplayer Proof replay took 15.83ms 
397522     DEBUG main            d.u.i.k.p.r.p.TestFile    ... success: reloaded. 
397522     INFO  main            d.u.i.k.p.r.p.TestFile    Now processing file /home/runner/work/key/key/key.core/../key.ui/examples/heap/permissions/threads/Fib_startTransfer_contract.key 
397523     INFO  main            d.u.i.k.p.i.AbstractProblemLoader Loading environment from /home/runner/work/key/key/key.core/../key.ui/examples/heap/permissions/threads/Fib_startTransfer_contract.key 
397523     DEBUG main            d.u.i.k.p.i.AbstractProblemLoader Environment load took 67.1ns 
397523     INFO  main            d.u.i.k.p.i.AbstractProblemLoader Creating init config 
402029     DEBUG main            d.u.i.k.p.i.AbstractProblemLoader Init config took 4.51s 
402132     INFO  main            d.u.i.k.p.i.AbstractProblemLoader Replaying proof Fib[ThreadSpec::startTransfer()].JML model_behavior operation contract.0 
402133     DEBUG main            d.u.i.k.p.i.IntermediateProofReplayer Proof replay took 6.4ns 
402234     INFO  main            d.u.i.k.p.r.p.TestFile    ... finished proof: closed. 
402620     INFO  main            d.u.i.k.p.i.AbstractProblemLoader Loading environment from /home/runner/work/key/key/key.core/../key.ui/examples/heap/permissions/threads/Fib_startTransfer_contract.key.proof 
402620     DEBUG main            d.u.i.k.p.i.AbstractProblemLoader Environment load took 79.4ns 
402621     INFO  main            d.u.i.k.p.i.AbstractProblemLoader Creating init config 
407058     DEBUG main            d.u.i.k.p.i.AbstractProblemLoader Init config took 4.44s 
407136     INFO  main            d.u.i.k.p.i.AbstractProblemLoader Replaying proof Fib[ThreadSpec::startTransfer()].JML model_behavior operation contract.0 
407143     DEBUG main            d.u.i.k.p.i.IntermediateProofReplayer Proof replay took 5.67ms 
407143     DEBUG main            d.u.i.k.p.r.p.TestFile    ... success: reloaded. 
407144     INFO  main            d.u.i.k.p.r.p.TestFile    Now processing file /home/runner/work/key/key/key.core/../key.ui/examples/heap/permissions/threads/Fib_workingPermissions_accessible.key 
407144     INFO  main            d.u.i.k.p.i.AbstractProblemLoader Loading environment from /home/runner/work/key/key/key.core/../key.ui/examples/heap/permissions/threads/Fib_workingPermissions_accessible.key 
407144     DEBUG main            d.u.i.k.p.i.AbstractProblemLoader Environment load took 41.4ns 
407145     INFO  main            d.u.i.k.p.i.AbstractProblemLoader Creating init config 
411678     DEBUG main            d.u.i.k.p.i.AbstractProblemLoader Init config took 4.53s 
411757     INFO  main            d.u.i.k.p.i.AbstractProblemLoader Replaying proof Fib[ThreadSpec::workingPermissions()].JML accessible clause.0 
411758     DEBUG main            d.u.i.k.p.i.IntermediateProofReplayer Proof replay took 6.1ns 
411860     INFO  main            d.u.i.k.p.r.p.TestFile    ... finished proof: closed. 
412251     INFO  main            d.u.i.k.p.i.AbstractProblemLoader Loading environment from /home/runner/work/key/key/key.core/../key.ui/examples/heap/permissions/threads/Fib_workingPermissions_accessible.key.proof 
412251     DEBUG main            d.u.i.k.p.i.AbstractProblemLoader Environment load took 112.2ns 
412252     INFO  main            d.u.i.k.p.i.AbstractProblemLoader Creating init config 
416696     DEBUG main            d.u.i.k.p.i.AbstractProblemLoader Init config took 4.44s 
416784     INFO  main            d.u.i.k.p.i.AbstractProblemLoader Replaying proof Fib[ThreadSpec::workingPermissions()].JML accessible clause.0 
416787     DEBUG main            d.u.i.k.p.i.IntermediateProofReplayer Proof replay took 1.57ms 
416788     DEBUG main            d.u.i.k.p.r.p.TestFile    ... success: reloaded. 
416789     INFO  main            d.u.i.k.p.r.p.TestFile    Now processing file /home/runner/work/key/key/key.core/../key.ui/examples/heap/permissions/threads/Plotter_initPost_accessible.key 
416789     INFO  main            d.u.i.k.p.i.AbstractProblemLoader Loading environment from /home/runner/work/key/key/key.core/../key.ui/examples/heap/permissions/threads/Plotter_initPost_accessible.key 
416789     DEBUG main            d.u.i.k.p.i.AbstractProblemLoader Environment load took 59.7ns 
416790     INFO  main            d.u.i.k.p.i.AbstractProblemLoader Creating init config 
421291     DEBUG main            d.u.i.k.p.i.AbstractProblemLoader Init config took 4.5s 
421367     INFO  main            d.u.i.k.p.i.AbstractProblemLoader Replaying proof Plotter[ThreadSpec2::initPost()].JML accessible clause.0 
421369     DEBUG main            d.u.i.k.p.i.IntermediateProofReplayer Proof replay took 6.2ns 
421472     INFO  main            d.u.i.k.p.r.p.TestFile    ... finished proof: closed. 
421869     INFO  main            d.u.i.k.p.i.AbstractProblemLoader Loading environment from /home/runner/work/key/key/key.core/../key.ui/examples/heap/permissions/threads/Plotter_initPost_accessible.key.proof 
421869     DEBUG main            d.u.i.k.p.i.AbstractProblemLoader Environment load took 93.1ns 
421870     INFO  main            d.u.i.k.p.i.AbstractProblemLoader Creating init config 
426356     DEBUG main            d.u.i.k.p.i.AbstractProblemLoader Init config took 4.49s 
426433     INFO  main            d.u.i.k.p.i.AbstractProblemLoader Replaying proof Plotter[ThreadSpec2::initPost()].JML accessible clause.0 
426444     DEBUG main            d.u.i.k.p.i.IntermediateProofReplayer Proof replay took 8.15ms 
426445     DEBUG main            d.u.i.k.p.r.p.TestFile    ... success: reloaded. 
426446     INFO  main            d.u.i.k.p.r.p.TestFile    Now processing file /home/runner/work/key/key/key.core/../key.ui/examples/heap/permissions/threads/Plotter_inv_accessible1.key 
426446     INFO  main            d.u.i.k.p.i.AbstractProblemLoader Loading environment from /home/runner/work/key/key/key.core/../key.ui/examples/heap/permissions/threads/Plotter_inv_accessible1.key 
426446     DEBUG main            d.u.i.k.p.i.AbstractProblemLoader Environment load took 40.7ns 
426447     INFO  main            d.u.i.k.p.i.AbstractProblemLoader Creating init config 
430978     DEBUG main            d.u.i.k.p.i.AbstractProblemLoader Init config took 4.53s 
431067     INFO  main            d.u.i.k.p.i.AbstractProblemLoader Replaying proof Plotter[java.lang.Object::<inv>()].JML accessible clause.0 
431068     DEBUG main            d.u.i.k.p.i.IntermediateProofReplayer Proof replay took 6.6ns 
431169     INFO  main            d.u.i.k.p.r.p.TestFile    ... finished proof: closed. 
431574     INFO  main            d.u.i.k.p.i.AbstractProblemLoader Loading environment from /home/runner/work/key/key/key.core/../key.ui/examples/heap/permissions/threads/Plotter_inv_accessible1.key.proof 
431574     DEBUG main            d.u.i.k.p.i.AbstractProblemLoader Environment load took 73.1ns 
431575     INFO  main            d.u.i.k.p.i.AbstractProblemLoader Creating init config 
436014     DEBUG main            d.u.i.k.p.i.AbstractProblemLoader Init config took 4.44s 
436090     INFO  main            d.u.i.k.p.i.AbstractProblemLoader Replaying proof Plotter[java.lang.Object::<inv>()].JML accessible clause.0 
436093     DEBUG main            d.u.i.k.p.i.IntermediateProofReplayer Proof replay took 1.29ms 
436094     DEBUG main            d.u.i.k.p.r.p.TestFile    ... success: reloaded. 
436094     INFO  main            d.u.i.k.p.r.p.TestFile    Now processing file /home/runner/work/key/key/key.core/../key.ui/examples/heap/permissions/threads/Plotter_inv_accessible2.key 
436095     INFO  main            d.u.i.k.p.i.AbstractProblemLoader Loading environment from /home/runner/work/key/key/key.core/../key.ui/examples/heap/permissions/threads/Plotter_inv_accessible2.key 
436095     DEBUG main            d.u.i.k.p.i.AbstractProblemLoader Environment load took 41ns 
436095     INFO  main            d.u.i.k.p.i.AbstractProblemLoader Creating init config 
440607     DEBUG main            d.u.i.k.p.i.AbstractProblemLoader Init config took 4.51s 
440684     INFO  main            d.u.i.k.p.i.AbstractProblemLoader Replaying proof Plotter[java.lang.Object::<inv>()].JML accessible clause.1 
440685     DEBUG main            d.u.i.k.p.i.IntermediateProofReplayer Proof replay took 6.5ns 
440786     INFO  main            d.u.i.k.p.r.p.TestFile    ... finished proof: closed. 
441213     INFO  main            d.u.i.k.p.i.AbstractProblemLoader Loading environment from /home/runner/work/key/key/key.core/../key.ui/examples/heap/permissions/threads/Plotter_inv_accessible2.key.proof 
441213     DEBUG main            d.u.i.k.p.i.AbstractProblemLoader Environment load took 70.9ns 
441214     INFO  main            d.u.i.k.p.i.AbstractProblemLoader Creating init config 
445681     DEBUG main            d.u.i.k.p.i.AbstractProblemLoader Init config took 4.47s 
445757     INFO  main            d.u.i.k.p.i.AbstractProblemLoader Replaying proof Plotter[java.lang.Object::<inv>()].JML accessible clause.1 
445760     DEBUG main            d.u.i.k.p.i.IntermediateProofReplayer Proof replay took 1.25ms 
445760     DEBUG main            d.u.i.k.p.r.p.TestFile    ... success: reloaded. 
445761     INFO  main            d.u.i.k.p.r.p.TestFile    Now processing file /home/runner/work/key/key/key.core/../key.ui/examples/heap/permissions/threads/Plotter_joinTransfer_contract.key 
445761     INFO  main            d.u.i.k.p.i.AbstractProblemLoader Loading environment from /home/runner/work/key/key/key.core/../key.ui/examples/heap/permissions/threads/Plotter_joinTransfer_contract.key 
445761     DEBUG main            d.u.i.k.p.i.AbstractProblemLoader Environment load took 75.7ns 
445762     INFO  main            d.u.i.k.p.i.AbstractProblemLoader Creating init config 
450266     DEBUG main            d.u.i.k.p.i.AbstractProblemLoader Init config took 4.5s 
450343     INFO  main            d.u.i.k.p.i.AbstractProblemLoader Replaying proof Plotter[ThreadSpec2::joinTransfer()].JML model_behavior operation contract.0 
450345     DEBUG main            d.u.i.k.p.i.IntermediateProofReplayer Proof replay took 6.3ns 
450446     INFO  main            d.u.i.k.p.r.p.TestFile    ... finished proof: closed. 
450861     INFO  main            d.u.i.k.p.i.AbstractProblemLoader Loading environment from /home/runner/work/key/key/key.core/../key.ui/examples/heap/permissions/threads/Plotter_joinTransfer_contract.key.proof 
450861     DEBUG main            d.u.i.k.p.i.AbstractProblemLoader Environment load took 72ns 
450861     INFO  main            d.u.i.k.p.i.AbstractProblemLoader Creating init config 
455301     DEBUG main            d.u.i.k.p.i.AbstractProblemLoader Init config took 4.44s 
455378     INFO  main            d.u.i.k.p.i.AbstractProblemLoader Replaying proof Plotter[ThreadSpec2::joinTransfer()].JML model_behavior operation contract.0 
455385     DEBUG main            d.u.i.k.p.i.IntermediateProofReplayer Proof replay took 6.23ms 
455386     DEBUG main            d.u.i.k.p.r.p.TestFile    ... success: reloaded. 
455387     INFO  main            d.u.i.k.p.r.p.TestFile    Now processing file /home/runner/work/key/key/key.core/../key.ui/examples/heap/permissions/threads/Plotter_Plotter.key 
455387     INFO  main            d.u.i.k.p.i.AbstractProblemLoader Loading environment from /home/runner/work/key/key/key.core/../key.ui/examples/heap/permissions/threads/Plotter_Plotter.key 
455387     DEBUG main            d.u.i.k.p.i.AbstractProblemLoader Environment load took 40.5ns 
455388     INFO  main            d.u.i.k.p.i.AbstractProblemLoader Creating init config 
459983     DEBUG main            d.u.i.k.p.i.AbstractProblemLoader Init config took 4.6s 
460088     INFO  main            d.u.i.k.p.i.AbstractProblemLoader Replaying proof Plotter[Plotter::Plotter(AFilter,BFilter,Buffer)].JML normal_behavior operation contract.0 
460089     DEBUG main            d.u.i.k.p.i.IntermediateProofReplayer Proof replay took 6.2ns 
461820     INFO  main            d.u.i.k.p.r.p.TestFile    ... finished proof: closed. 
462235     INFO  main            d.u.i.k.p.i.AbstractProblemLoader Loading environment from /home/runner/work/key/key/key.core/../key.ui/examples/heap/permissions/threads/Plotter_Plotter.key.proof 
462235     DEBUG main            d.u.i.k.p.i.AbstractProblemLoader Environment load took 117ns 
462236     INFO  main            d.u.i.k.p.i.AbstractProblemLoader Creating init config 
466708     DEBUG main            d.u.i.k.p.i.AbstractProblemLoader Init config took 4.47s 
466786     INFO  main            d.u.i.k.p.i.AbstractProblemLoader Replaying proof Plotter[Plotter::Plotter(AFilter,BFilter,Buffer)].JML normal_behavior operation contract.0 
466931     DEBUG main            d.u.i.k.p.i.IntermediateProofReplayer Proof replay took 139.16ms 
466932     DEBUG main            d.u.i.k.p.r.p.TestFile    ... success: reloaded. 
466932     INFO  main            d.u.i.k.p.r.p.TestFile    Now processing file /home/runner/work/key/key/key.core/../key.ui/examples/heap/permissions/threads/Plotter_postJoin_accessible.key 
466932     INFO  main            d.u.i.k.p.i.AbstractProblemLoader Loading environment from /home/runner/work/key/key/key.core/../key.ui/examples/heap/permissions/threads/Plotter_postJoin_accessible.key 
466933     DEBUG main            d.u.i.k.p.i.AbstractProblemLoader Environment load took 66.1ns 
466933     INFO  main            d.u.i.k.p.i.AbstractProblemLoader Creating init config 
471418     DEBUG main            d.u.i.k.p.i.AbstractProblemLoader Init config took 4.48s 
471494     INFO  main            d.u.i.k.p.i.AbstractProblemLoader Replaying proof Plotter[ThreadSpec2::postJoin(java.lang.Object)].JML accessible clause.0 
471496     DEBUG main            d.u.i.k.p.i.IntermediateProofReplayer Proof replay took 6.1ns 
471597     INFO  main            d.u.i.k.p.r.p.TestFile    ... finished proof: closed. 
472029     INFO  main            d.u.i.k.p.i.AbstractProblemLoader Loading environment from /home/runner/work/key/key/key.core/../key.ui/examples/heap/permissions/threads/Plotter_postJoin_accessible.key.proof 
472029     DEBUG main            d.u.i.k.p.i.AbstractProblemLoader Environment load took 72.6ns 
472030     INFO  main            d.u.i.k.p.i.AbstractProblemLoader Creating init config 
476429     DEBUG main            d.u.i.k.p.i.AbstractProblemLoader Init config took 4.4s 
476516     INFO  main            d.u.i.k.p.i.AbstractProblemLoader Replaying proof Plotter[ThreadSpec2::postJoin(java.lang.Object)].JML accessible clause.0 
476532     DEBUG main            d.u.i.k.p.i.IntermediateProofReplayer Proof replay took 8.02ms 
476533     DEBUG main            d.u.i.k.p.r.p.TestFile    ... success: reloaded. 
476534     INFO  main            d.u.i.k.p.r.p.TestFile    Now processing file /home/runner/work/key/key/key.core/../key.ui/examples/heap/permissions/threads/Plotter_preStart_accessible.key 
476534     INFO  main            d.u.i.k.p.i.AbstractProblemLoader Loading environment from /home/runner/work/key/key/key.core/../key.ui/examples/heap/permissions/threads/Plotter_preStart_accessible.key 
476535     DEBUG main            d.u.i.k.p.i.AbstractProblemLoader Environment load took 146.9ns 
476535     INFO  main            d.u.i.k.p.i.AbstractProblemLoader Creating init config 
481034     DEBUG main            d.u.i.k.p.i.AbstractProblemLoader Init config took 4.5s 
481111     INFO  main            d.u.i.k.p.i.AbstractProblemLoader Replaying proof Plotter[ThreadSpec2::preStart(java.lang.Object)].JML accessible clause.0 
481112     DEBUG main            d.u.i.k.p.i.IntermediateProofReplayer Proof replay took 6.9ns 
482149     INFO  main            d.u.i.k.p.r.p.TestFile    ... finished proof: closed. 
482582     INFO  main            d.u.i.k.p.i.AbstractProblemLoader Loading environment from /home/runner/work/key/key/key.core/../key.ui/examples/heap/permissions/threads/Plotter_preStart_accessible.key.proof 
482583     DEBUG main            d.u.i.k.p.i.AbstractProblemLoader Environment load took 76.7ns 
482583     INFO  main            d.u.i.k.p.i.AbstractProblemLoader Creating init config 
486991     DEBUG main            d.u.i.k.p.i.AbstractProblemLoader Init config took 4.41s 
487068     INFO  main            d.u.i.k.p.i.AbstractProblemLoader Replaying proof Plotter[ThreadSpec2::preStart(java.lang.Object)].JML accessible clause.0 
487115     DEBUG main            d.u.i.k.p.i.IntermediateProofReplayer Proof replay took 43.2ms 
487116     DEBUG main            d.u.i.k.p.r.p.TestFile    ... success: reloaded. 
487116     INFO  main            d.u.i.k.p.r.p.TestFile    Now processing file /home/runner/work/key/key/key.core/../key.ui/examples/heap/permissions/threads/Plotter_stateInv_accessible.key 
487117     INFO  main            d.u.i.k.p.i.AbstractProblemLoader Loading environment from /home/runner/work/key/key/key.core/../key.ui/examples/heap/permissions/threads/Plotter_stateInv_accessible.key 
487117     DEBUG main            d.u.i.k.p.i.AbstractProblemLoader Environment load took 65.9ns 
487117     INFO  main            d.u.i.k.p.i.AbstractProblemLoader Creating init config 
491583     DEBUG main            d.u.i.k.p.i.AbstractProblemLoader Init config took 4.47s 
491659     INFO  main            d.u.i.k.p.i.AbstractProblemLoader Replaying proof Plotter[ThreadSpec2::stateInv()].JML accessible clause.0 
491660     DEBUG main            d.u.i.k.p.i.IntermediateProofReplayer Proof replay took 6.4ns 
498881     INFO  main            d.u.i.k.p.r.p.TestFile    ... finished proof: closed. 
499341     INFO  main            d.u.i.k.p.i.AbstractProblemLoader Loading environment from /home/runner/work/key/key/key.core/../key.ui/examples/heap/permissions/threads/Plotter_stateInv_accessible.key.proof 
499341     DEBUG main            d.u.i.k.p.i.AbstractProblemLoader Environment load took 80.1ns 
499342     INFO  main            d.u.i.k.p.i.AbstractProblemLoader Creating init config 
503761     DEBUG main            d.u.i.k.p.i.AbstractProblemLoader Init config took 4.42s 
503837     INFO  main            d.u.i.k.p.i.AbstractProblemLoader Replaying proof Plotter[ThreadSpec2::stateInv()].JML accessible clause.0 
504208     DEBUG main            d.u.i.k.p.i.IntermediateProofReplayer Proof replay took 355.46ms 
504209     DEBUG main            d.u.i.k.p.r.p.TestFile    ... success: reloaded. 
504210     INFO  main            d.u.i.k.p.r.p.TestFile    Now processing file /home/runner/work/key/key/key.core/../key.ui/examples/heap/permissions/threads/Plotter_staticPermissions_accessible.key 
504210     INFO  main            d.u.i.k.p.i.AbstractProblemLoader Loading environment from /home/runner/work/key/key/key.core/../key.ui/examples/heap/permissions/threads/Plotter_staticPermissions_accessible.key 
504210     DEBUG main            d.u.i.k.p.i.AbstractProblemLoader Environment load took 63.1ns 
504211     INFO  main            d.u.i.k.p.i.AbstractProblemLoader Creating init config 
508692     DEBUG main            d.u.i.k.p.i.AbstractProblemLoader Init config took 4.48s 
508783     INFO  main            d.u.i.k.p.i.AbstractProblemLoader Replaying proof Plotter[ThreadSpec2::staticPermissions()].JML accessible clause.0 
508785     DEBUG main            d.u.i.k.p.i.IntermediateProofReplayer Proof replay took 37.3ns 
509591     INFO  main            d.u.i.k.p.r.p.TestFile    ... finished proof: closed. 
510053     INFO  main            d.u.i.k.p.i.AbstractProblemLoader Loading environment from /home/runner/work/key/key/key.core/../key.ui/examples/heap/permissions/threads/Plotter_staticPermissions_accessible.key.proof 
510054     DEBUG main            d.u.i.k.p.i.AbstractProblemLoader Environment load took 69.3ns 
510054     INFO  main            d.u.i.k.p.i.AbstractProblemLoader Creating init config 
514457     DEBUG main            d.u.i.k.p.i.AbstractProblemLoader Init config took 4.4s 
514533     INFO  main            d.u.i.k.p.i.AbstractProblemLoader Replaying proof Plotter[ThreadSpec2::staticPermissions()].JML accessible clause.0 
514572     DEBUG main            d.u.i.k.p.i.IntermediateProofReplayer Proof replay took 35.93ms 
514572     DEBUG main            d.u.i.k.p.r.p.TestFile    ... success: reloaded. 
514573     INFO  main            d.u.i.k.p.r.p.TestFile    Now processing file /home/runner/work/key/key/key.core/../key.ui/examples/heap/permissions/threads/Plotter_workingPermissions_accessible.key 
514573     INFO  main            d.u.i.k.p.i.AbstractProblemLoader Loading environment from /home/runner/work/key/key/key.core/../key.ui/examples/heap/permissions/threads/Plotter_workingPermissions_accessible.key 
514573     DEBUG main            d.u.i.k.p.i.AbstractProblemLoader Environment load took 38.7ns 
514574     INFO  main            d.u.i.k.p.i.AbstractProblemLoader Creating init config 
519057     DEBUG main            d.u.i.k.p.i.AbstractProblemLoader Init config took 4.48s 
519135     INFO  main            d.u.i.k.p.i.AbstractProblemLoader Replaying proof Plotter[ThreadSpec2::workingPermissions()].JML accessible clause.0 
519136     DEBUG main            d.u.i.k.p.i.IntermediateProofReplayer Proof replay took 3ns 
519238     INFO  main            d.u.i.k.p.r.p.TestFile    ... finished proof: closed. 
519711     INFO  main            d.u.i.k.p.i.AbstractProblemLoader Loading environment from /home/runner/work/key/key/key.core/../key.ui/examples/heap/permissions/threads/Plotter_workingPermissions_accessible.key.proof 
519711     DEBUG main            d.u.i.k.p.i.AbstractProblemLoader Environment load took 68.6ns 
519711     INFO  main            d.u.i.k.p.i.AbstractProblemLoader Creating init config 
524111     DEBUG main            d.u.i.k.p.i.AbstractProblemLoader Init config took 4.4s 
524188     INFO  main            d.u.i.k.p.i.AbstractProblemLoader Replaying proof Plotter[ThreadSpec2::workingPermissions()].JML accessible clause.0 
524200     DEBUG main            d.u.i.k.p.i.IntermediateProofReplayer Proof replay took 10.17ms 
524201     DEBUG main            d.u.i.k.p.r.p.TestFile    ... success: reloaded. 
524201     INFO  main            d.u.i.k.p.r.p.TestFile    Now processing file /home/runner/work/key/key/key.core/../key.ui/examples/heap/permissions/threads/Sampler_initPost_accessible.key 
524202     INFO  main            d.u.i.k.p.i.AbstractProblemLoader Loading environment from /home/runner/work/key/key/key.core/../key.ui/examples/heap/permissions/threads/Sampler_initPost_accessible.key 
524202     DEBUG main            d.u.i.k.p.i.AbstractProblemLoader Environment load took 40.3ns 
524202     INFO  main            d.u.i.k.p.i.AbstractProblemLoader Creating init config 
528681     DEBUG main            d.u.i.k.p.i.AbstractProblemLoader Init config took 4.48s 
528757     INFO  main            d.u.i.k.p.i.AbstractProblemLoader Replaying proof Sampler[ThreadSpec2::initPost()].JML accessible clause.0 
528759     DEBUG main            d.u.i.k.p.i.IntermediateProofReplayer Proof replay took 2.6ns 
528860     INFO  main            d.u.i.k.p.r.p.TestFile    ... finished proof: closed. 
529316     INFO  main            d.u.i.k.p.i.AbstractProblemLoader Loading environment from /home/runner/work/key/key/key.core/../key.ui/examples/heap/permissions/threads/Sampler_initPost_accessible.key.proof 
529316     DEBUG main            d.u.i.k.p.i.AbstractProblemLoader Environment load took 67.6ns 
529317     INFO  main            d.u.i.k.p.i.AbstractProblemLoader Creating init config 
533722     DEBUG main            d.u.i.k.p.i.AbstractProblemLoader Init config took 4.41s 
533798     INFO  main            d.u.i.k.p.i.AbstractProblemLoader Replaying proof Sampler[ThreadSpec2::initPost()].JML accessible clause.0 
533803     DEBUG main            d.u.i.k.p.i.IntermediateProofReplayer Proof replay took 3.8ms 
533804     DEBUG main            d.u.i.k.p.r.p.TestFile    ... success: reloaded. 
533804     INFO  main            d.u.i.k.p.r.p.TestFile    Now processing file /home/runner/work/key/key/key.core/../key.ui/examples/heap/permissions/threads/Sampler_inv_accessible1.key 
533805     INFO  main            d.u.i.k.p.i.AbstractProblemLoader Loading environment from /home/runner/work/key/key/key.core/../key.ui/examples/heap/permissions/threads/Sampler_inv_accessible1.key 
533805     DEBUG main            d.u.i.k.p.i.AbstractProblemLoader Environment load took 39.5ns 
533805     INFO  main            d.u.i.k.p.i.AbstractProblemLoader Creating init config 
538279     DEBUG main            d.u.i.k.p.i.AbstractProblemLoader Init config took 4.47s 
538354     INFO  main            d.u.i.k.p.i.AbstractProblemLoader Replaying proof Sampler[java.lang.Object::<inv>()].JML accessible clause.0 
538356     DEBUG main            d.u.i.k.p.i.IntermediateProofReplayer Proof replay took 2.7ns 
538457     INFO  main            d.u.i.k.p.r.p.TestFile    ... finished proof: closed. 
538912     INFO  main            d.u.i.k.p.i.AbstractProblemLoader Loading environment from /home/runner/work/key/key/key.core/../key.ui/examples/heap/permissions/threads/Sampler_inv_accessible1.key.proof 
538912     DEBUG main            d.u.i.k.p.i.AbstractProblemLoader Environment load took 62.8ns 
538913     INFO  main            d.u.i.k.p.i.AbstractProblemLoader Creating init config 
543315     DEBUG main            d.u.i.k.p.i.AbstractProblemLoader Init config took 4.4s 
543391     INFO  main            d.u.i.k.p.i.AbstractProblemLoader Replaying proof Sampler[java.lang.Object::<inv>()].JML accessible clause.0 
543393     DEBUG main            d.u.i.k.p.i.IntermediateProofReplayer Proof replay took 1.22ms 
543394     DEBUG main            d.u.i.k.p.r.p.TestFile    ... success: reloaded. 
543394     INFO  main            d.u.i.k.p.r.p.TestFile    Now processing file /home/runner/work/key/key/key.core/../key.ui/examples/heap/permissions/threads/Sampler_inv_accessible2.key 
543394     INFO  main            d.u.i.k.p.i.AbstractProblemLoader Loading environment from /home/runner/work/key/key/key.core/../key.ui/examples/heap/permissions/threads/Sampler_inv_accessible2.key 
543394     DEBUG main            d.u.i.k.p.i.AbstractProblemLoader Environment load took 38.6ns 
543395     INFO  main            d.u.i.k.p.i.AbstractProblemLoader Creating init config 
547861     DEBUG main            d.u.i.k.p.i.AbstractProblemLoader Init config took 4.47s 
547936     INFO  main            d.u.i.k.p.i.AbstractProblemLoader Replaying proof Sampler[java.lang.Object::<inv>()].JML accessible clause.1 
547937     DEBUG main            d.u.i.k.p.i.IntermediateProofReplayer Proof replay took 2.5ns 
548039     INFO  main            d.u.i.k.p.r.p.TestFile    ... finished proof: closed. 
548503     INFO  main            d.u.i.k.p.i.AbstractProblemLoader Loading environment from /home/runner/work/key/key/key.core/../key.ui/examples/heap/permissions/threads/Sampler_inv_accessible2.key.proof 
548503     DEBUG main            d.u.i.k.p.i.AbstractProblemLoader Environment load took 62.5ns 
548503     INFO  main            d.u.i.k.p.i.AbstractProblemLoader Creating init config 
552888     DEBUG main            d.u.i.k.p.i.AbstractProblemLoader Init config took 4.38s 
552965     INFO  main            d.u.i.k.p.i.AbstractProblemLoader Replaying proof Sampler[java.lang.Object::<inv>()].JML accessible clause.1 
552967     DEBUG main            d.u.i.k.p.i.IntermediateProofReplayer Proof replay took 1.21ms 
552968     DEBUG main            d.u.i.k.p.r.p.TestFile    ... success: reloaded. 
552968     INFO  main            d.u.i.k.p.r.p.TestFile    Now processing file /home/runner/work/key/key/key.core/../key.ui/examples/heap/permissions/threads/Sampler_joinTransfer_accessible.key 
552968     INFO  main            d.u.i.k.p.i.AbstractProblemLoader Loading environment from /home/runner/work/key/key/key.core/../key.ui/examples/heap/permissions/threads/Sampler_joinTransfer_accessible.key 
552969     DEBUG main            d.u.i.k.p.i.AbstractProblemLoader Environment load took 35.5ns 
552969     INFO  main            d.u.i.k.p.i.AbstractProblemLoader Creating init config 
557419     DEBUG main            d.u.i.k.p.i.AbstractProblemLoader Init config took 4.45s 
557494     INFO  main            d.u.i.k.p.i.AbstractProblemLoader Replaying proof Sampler[ThreadSpec2::joinTransfer()].JML accessible clause.0 
557495     DEBUG main            d.u.i.k.p.i.IntermediateProofReplayer Proof replay took 2.2ns 
560402     INFO  main            d.u.i.k.p.r.p.TestFile    ... finished proof: closed. 
560890     INFO  main            d.u.i.k.p.i.AbstractProblemLoader Loading environment from /home/runner/work/key/key/key.core/../key.ui/examples/heap/permissions/threads/Sampler_joinTransfer_accessible.key.proof 
560890     DEBUG main            d.u.i.k.p.i.AbstractProblemLoader Environment load took 266ns 
560892     INFO  main            d.u.i.k.p.i.AbstractProblemLoader Creating init config 
565271     DEBUG main            d.u.i.k.p.i.AbstractProblemLoader Init config took 4.38s 
565360     INFO  main            d.u.i.k.p.i.AbstractProblemLoader Replaying proof Sampler[ThreadSpec2::joinTransfer()].JML accessible clause.0 
565737     DEBUG main            d.u.i.k.p.i.IntermediateProofReplayer Proof replay took 365.53ms 
565738     DEBUG main            d.u.i.k.p.r.p.TestFile    ... success: reloaded. 
565738     INFO  main            d.u.i.k.p.r.p.TestFile    Now processing file /home/runner/work/key/key/key.core/../key.ui/examples/heap/permissions/threads/Sampler_joinTransfer_contract.key 
565739     INFO  main            d.u.i.k.p.i.AbstractProblemLoader Loading environment from /home/runner/work/key/key/key.core/../key.ui/examples/heap/permissions/threads/Sampler_joinTransfer_contract.key 
565739     DEBUG main            d.u.i.k.p.i.AbstractProblemLoader Environment load took 63.7ns 
565739     INFO  main            d.u.i.k.p.i.AbstractProblemLoader Creating init config 
570199     DEBUG main            d.u.i.k.p.i.AbstractProblemLoader Init config took 4.46s 
570275     INFO  main            d.u.i.k.p.i.AbstractProblemLoader Replaying proof Sampler[ThreadSpec2::joinTransfer()].JML model_behavior operation contract.0 
570276     DEBUG main            d.u.i.k.p.i.IntermediateProofReplayer Proof replay took 3.3ns 
570378     INFO  main            d.u.i.k.p.r.p.TestFile    ... finished proof: closed. 
570857     INFO  main            d.u.i.k.p.i.AbstractProblemLoader Loading environment from /home/runner/work/key/key/key.core/../key.ui/examples/heap/permissions/threads/Sampler_joinTransfer_contract.key.proof 
570857     DEBUG main            d.u.i.k.p.i.AbstractProblemLoader Environment load took 79.2ns 
570857     INFO  main            d.u.i.k.p.i.AbstractProblemLoader Creating init config 
575286     DEBUG main            d.u.i.k.p.i.AbstractProblemLoader Init config took 4.43s 
575362     INFO  main            d.u.i.k.p.i.AbstractProblemLoader Replaying proof Sampler[ThreadSpec2::joinTransfer()].JML model_behavior operation contract.0 
575369     DEBUG main            d.u.i.k.p.i.IntermediateProofReplayer Proof replay took 5.52ms 
575369     DEBUG main            d.u.i.k.p.r.p.TestFile    ... success: reloaded. 
575370     INFO  main            d.u.i.k.p.r.p.TestFile    Now processing file /home/runner/work/key/key/key.core/../key.ui/examples/heap/permissions/threads/Sampler_postJoin_accessible.key 
575370     INFO  main            d.u.i.k.p.i.AbstractProblemLoader Loading environment from /home/runner/work/key/key/key.core/../key.ui/examples/heap/permissions/threads/Sampler_postJoin_accessible.key 
575370     DEBUG main            d.u.i.k.p.i.AbstractProblemLoader Environment load took 38.8ns 
575371     INFO  main            d.u.i.k.p.i.AbstractProblemLoader Creating init config 
579838     DEBUG main            d.u.i.k.p.i.AbstractProblemLoader Init config took 4.47s 
579930     INFO  main            d.u.i.k.p.i.AbstractProblemLoader Replaying proof Sampler[ThreadSpec2::postJoin(java.lang.Object)].JML accessible clause.0 
579931     DEBUG main            d.u.i.k.p.i.IntermediateProofReplayer Proof replay took 3.5ns 
580034     INFO  main            d.u.i.k.p.r.p.TestFile    ... finished proof: closed. 
580546     INFO  main            d.u.i.k.p.i.AbstractProblemLoader Loading environment from /home/runner/work/key/key/key.core/../key.ui/examples/heap/permissions/threads/Sampler_postJoin_accessible.key.proof 
580546     DEBUG main            d.u.i.k.p.i.AbstractProblemLoader Environment load took 89.4ns 
580547     INFO  main            d.u.i.k.p.i.AbstractProblemLoader Creating init config 
584957     DEBUG main            d.u.i.k.p.i.AbstractProblemLoader Init config took 4.41s 
585032     INFO  main            d.u.i.k.p.i.AbstractProblemLoader Replaying proof Sampler[ThreadSpec2::postJoin(java.lang.Object)].JML accessible clause.0 
585054     DEBUG main            d.u.i.k.p.i.IntermediateProofReplayer Proof replay took 20.69ms 
585055     DEBUG main            d.u.i.k.p.r.p.TestFile    ... success: reloaded. 
585056     INFO  main            d.u.i.k.p.r.p.TestFile    Now processing file /home/runner/work/key/key/key.core/../key.ui/examples/heap/permissions/threads/Sampler_preStart_accessible.key 
585056     INFO  main            d.u.i.k.p.i.AbstractProblemLoader Loading environment from /home/runner/work/key/key/key.core/../key.ui/examples/heap/permissions/threads/Sampler_preStart_accessible.key 
585056     DEBUG main            d.u.i.k.p.i.AbstractProblemLoader Environment load took 39.4ns 
585057     INFO  main            d.u.i.k.p.i.AbstractProblemLoader Creating init config 
589636     DEBUG main            d.u.i.k.p.i.AbstractProblemLoader Init config took 4.58s 
589711     INFO  main            d.u.i.k.p.i.AbstractProblemLoader Replaying proof Sampler[ThreadSpec2::preStart(java.lang.Object)].JML accessible clause.0 
589712     DEBUG main            d.u.i.k.p.i.IntermediateProofReplayer Proof replay took 2.6ns 
589814     INFO  main            d.u.i.k.p.r.p.TestFile    ... finished proof: closed. 
590301     INFO  main            d.u.i.k.p.i.AbstractProblemLoader Loading environment from /home/runner/work/key/key/key.core/../key.ui/examples/heap/permissions/threads/Sampler_preStart_accessible.key.proof 
590301     DEBUG main            d.u.i.k.p.i.AbstractProblemLoader Environment load took 67.6ns 
590301     INFO  main            d.u.i.k.p.i.AbstractProblemLoader Creating init config 
594692     DEBUG main            d.u.i.k.p.i.AbstractProblemLoader Init config took 4.39s 
594778     INFO  main            d.u.i.k.p.i.AbstractProblemLoader Replaying proof Sampler[ThreadSpec2::preStart(java.lang.Object)].JML accessible clause.0 
594785     DEBUG main            d.u.i.k.p.i.IntermediateProofReplayer Proof replay took 6.06ms 
594786     DEBUG main            d.u.i.k.p.r.p.TestFile    ... success: reloaded. 
594787     INFO  main            d.u.i.k.p.r.p.TestFile    Now processing file /home/runner/work/key/key/key.core/../key.ui/examples/heap/permissions/threads/Sampler_run.key 
594787     INFO  main            d.u.i.k.p.i.AbstractProblemLoader Loading environment from /home/runner/work/key/key/key.core/../key.ui/examples/heap/permissions/threads/Sampler_run.key 
594787     DEBUG main            d.u.i.k.p.i.AbstractProblemLoader Environment load took 77.9ns 
594788     INFO  main            d.u.i.k.p.i.AbstractProblemLoader Creating init config 
599250     DEBUG main            d.u.i.k.p.i.AbstractProblemLoader Init config took 4.46s 
599326     INFO  main            d.u.i.k.p.i.AbstractProblemLoader Replaying proof Sampler[ThreadSpec2::run()].JML normal_behavior operation contract.0 
599327     DEBUG main            d.u.i.k.p.i.IntermediateProofReplayer Proof replay took 3.3ns 
599428     INFO  main            d.u.i.k.p.r.p.TestFile    ... finished proof: closed. 
599931     INFO  main            d.u.i.k.p.i.AbstractProblemLoader Loading environment from /home/runner/work/key/key/key.core/../key.ui/examples/heap/permissions/threads/Sampler_run.key.proof 
599931     DEBUG main            d.u.i.k.p.i.AbstractProblemLoader Environment load took 65.6ns 
599932     INFO  main            d.u.i.k.p.i.AbstractProblemLoader Creating init config 
604337     DEBUG main            d.u.i.k.p.i.AbstractProblemLoader Init config took 4.4s 
604412     INFO  main            d.u.i.k.p.i.AbstractProblemLoader Replaying proof Sampler[ThreadSpec2::run()].JML normal_behavior operation contract.0 
604436     DEBUG main            d.u.i.k.p.i.IntermediateProofReplayer Proof replay took 22.07ms 
604437     DEBUG main            d.u.i.k.p.r.p.TestFile    ... success: reloaded. 
604437     INFO  main            d.u.i.k.p.r.p.TestFile    Now processing file /home/runner/work/key/key/key.core/../key.ui/examples/heap/permissions/threads/Sampler_Sampler.key 
604438     INFO  main            d.u.i.k.p.i.AbstractProblemLoader Loading environment from /home/runner/work/key/key/key.core/../key.ui/examples/heap/permissions/threads/Sampler_Sampler.key 
604438     DEBUG main            d.u.i.k.p.i.AbstractProblemLoader Environment load took 39.3ns 
604438     INFO  main            d.u.i.k.p.i.AbstractProblemLoader Creating init config 
608900     DEBUG main            d.u.i.k.p.i.AbstractProblemLoader Init config took 4.46s 
608975     INFO  main            d.u.i.k.p.i.AbstractProblemLoader Replaying proof Sampler[Sampler::Sampler(Buffer)].JML normal_behavior operation contract.0 
608976     DEBUG main            d.u.i.k.p.i.IntermediateProofReplayer Proof replay took 2.5ns 
609488     INFO  main            d.u.i.k.p.r.p.TestFile    ... finished proof: closed. 
609992     INFO  main            d.u.i.k.p.i.AbstractProblemLoader Loading environment from /home/runner/work/key/key/key.core/../key.ui/examples/heap/permissions/threads/Sampler_Sampler.key.proof 
609992     DEBUG main            d.u.i.k.p.i.AbstractProblemLoader Environment load took 63.3ns 
609993     INFO  main            d.u.i.k.p.i.AbstractProblemLoader Creating init config 
614397     DEBUG main            d.u.i.k.p.i.AbstractProblemLoader Init config took 4.4s 
614473     INFO  main            d.u.i.k.p.i.AbstractProblemLoader Replaying proof Sampler[Sampler::Sampler(Buffer)].JML normal_behavior operation contract.0 
614531     DEBUG main            d.u.i.k.p.i.IntermediateProofReplayer Proof replay took 55.59ms 
614532     DEBUG main            d.u.i.k.p.r.p.TestFile    ... success: reloaded. 
614533     INFO  main            d.u.i.k.p.r.p.TestFile    Now processing file /home/runner/work/key/key/key.core/../key.ui/examples/heap/permissions/threads/Sampler_startTransfer_accessible.key 
614533     INFO  main            d.u.i.k.p.i.AbstractProblemLoader Loading environment from /home/runner/work/key/key/key.core/../key.ui/examples/heap/permissions/threads/Sampler_startTransfer_accessible.key 
614533     DEBUG main            d.u.i.k.p.i.AbstractProblemLoader Environment load took 61.9ns 
614533     INFO  main            d.u.i.k.p.i.AbstractProblemLoader Creating init config 
619018     DEBUG main            d.u.i.k.p.i.AbstractProblemLoader Init config took 4.48s 
619093     INFO  main            d.u.i.k.p.i.AbstractProblemLoader Replaying proof Sampler[ThreadSpec2::startTransfer()].JML accessible clause.0 
619094     DEBUG main            d.u.i.k.p.i.IntermediateProofReplayer Proof replay took 3.1ns 
622200     INFO  main            d.u.i.k.p.r.p.TestFile    ... finished proof: closed. 
622726     INFO  main            d.u.i.k.p.i.AbstractProblemLoader Loading environment from /home/runner/work/key/key/key.core/../key.ui/examples/heap/permissions/threads/Sampler_startTransfer_accessible.key.proof 
622727     DEBUG main            d.u.i.k.p.i.AbstractProblemLoader Environment load took 260.1ns 
622728     INFO  main            d.u.i.k.p.i.AbstractProblemLoader Creating init config 
627141     DEBUG main            d.u.i.k.p.i.AbstractProblemLoader Init config took 4.41s 
627218     INFO  main            d.u.i.k.p.i.AbstractProblemLoader Replaying proof Sampler[ThreadSpec2::startTransfer()].JML accessible clause.0 
627552     DEBUG main            d.u.i.k.p.i.IntermediateProofReplayer Proof replay took 323.63ms 
627553     DEBUG main            d.u.i.k.p.r.p.TestFile    ... success: reloaded. 
627554     INFO  main            d.u.i.k.p.r.p.TestFile    Now processing file /home/runner/work/key/key/key.core/../key.ui/examples/heap/permissions/threads/Sampler_startTransfer_contract.key 
627554     INFO  main            d.u.i.k.p.i.AbstractProblemLoader Loading environment from /home/runner/work/key/key/key.core/../key.ui/examples/heap/permissions/threads/Sampler_startTransfer_contract.key 
627554     DEBUG main            d.u.i.k.p.i.AbstractProblemLoader Environment load took 39.2ns 
627555     INFO  main            d.u.i.k.p.i.AbstractProblemLoader Creating init config 
632092     DEBUG main            d.u.i.k.p.i.AbstractProblemLoader Init config took 4.54s 
632168     INFO  main            d.u.i.k.p.i.AbstractProblemLoader Replaying proof Sampler[ThreadSpec2::startTransfer()].JML model_behavior operation contract.0 
632169     DEBUG main            d.u.i.k.p.i.IntermediateProofReplayer Proof replay took 3ns 
632270     INFO  main            d.u.i.k.p.r.p.TestFile    ... finished proof: closed. 
632769     INFO  main            d.u.i.k.p.i.AbstractProblemLoader Loading environment from /home/runner/work/key/key/key.core/../key.ui/examples/heap/permissions/threads/Sampler_startTransfer_contract.key.proof 
632769     DEBUG main            d.u.i.k.p.i.AbstractProblemLoader Environment load took 61.8ns 
632770     INFO  main            d.u.i.k.p.i.AbstractProblemLoader Creating init config 
637160     DEBUG main            d.u.i.k.p.i.AbstractProblemLoader Init config took 4.39s 
637236     INFO  main            d.u.i.k.p.i.AbstractProblemLoader Replaying proof Sampler[ThreadSpec2::startTransfer()].JML model_behavior operation contract.0 
637242     DEBUG main            d.u.i.k.p.i.IntermediateProofReplayer Proof replay took 5.59ms 
637243     DEBUG main            d.u.i.k.p.r.p.TestFile    ... success: reloaded. 
637244     INFO  main            d.u.i.k.p.r.p.TestFile    Now processing file /home/runner/work/key/key/key.core/../key.ui/examples/heap/permissions/threads/Sampler_stateInv_accessible.key 
637244     INFO  main            d.u.i.k.p.i.AbstractProblemLoader Loading environment from /home/runner/work/key/key/key.core/../key.ui/examples/heap/permissions/threads/Sampler_stateInv_accessible.key 
637244     DEBUG main            d.u.i.k.p.i.AbstractProblemLoader Environment load took 39.4ns 
637245     INFO  main            d.u.i.k.p.i.AbstractProblemLoader Creating init config 
641718     DEBUG main            d.u.i.k.p.i.AbstractProblemLoader Init config took 4.47s 
641793     INFO  main            d.u.i.k.p.i.AbstractProblemLoader Replaying proof Sampler[ThreadSpec2::stateInv()].JML accessible clause.0 
641794     DEBUG main            d.u.i.k.p.i.IntermediateProofReplayer Proof replay took 3ns 
641895     INFO  main            d.u.i.k.p.r.p.TestFile    ... finished proof: closed. 
642413     INFO  main            d.u.i.k.p.i.AbstractProblemLoader Loading environment from /home/runner/work/key/key/key.core/../key.ui/examples/heap/permissions/threads/Sampler_stateInv_accessible.key.proof 
642413     DEBUG main            d.u.i.k.p.i.AbstractProblemLoader Environment load took 65.8ns 
642414     INFO  main            d.u.i.k.p.i.AbstractProblemLoader Creating init config 
646808     DEBUG main            d.u.i.k.p.i.AbstractProblemLoader Init config took 4.39s 
646883     INFO  main            d.u.i.k.p.i.AbstractProblemLoader Replaying proof Sampler[ThreadSpec2::stateInv()].JML accessible clause.0 
646889     DEBUG main            d.u.i.k.p.i.IntermediateProofReplayer Proof replay took 4.2ms 
646889     DEBUG main            d.u.i.k.p.r.p.TestFile    ... success: reloaded. 
646890     INFO  main            d.u.i.k.p.r.p.TestFile    Now processing file /home/runner/work/key/key/key.core/../key.ui/examples/heap/permissions/threads/Sampler_staticPermissions_accessible.key 
646890     INFO  main            d.u.i.k.p.i.AbstractProblemLoader Loading environment from /home/runner/work/key/key/key.core/../key.ui/examples/heap/permissions/threads/Sampler_staticPermissions_accessible.key 
646890     DEBUG main            d.u.i.k.p.i.AbstractProblemLoader Environment load took 38.4ns 
646891     INFO  main            d.u.i.k.p.i.AbstractProblemLoader Creating init config 
651365     DEBUG main            d.u.i.k.p.i.AbstractProblemLoader Init config took 4.47s 
651440     INFO  main            d.u.i.k.p.i.AbstractProblemLoader Replaying proof Sampler[ThreadSpec2::staticPermissions()].JML accessible clause.0 
651441     DEBUG main            d.u.i.k.p.i.IntermediateProofReplayer Proof replay took 3.1ns 
651545     INFO  main            d.u.i.k.p.r.p.TestFile    ... finished proof: closed. 
652062     INFO  main            d.u.i.k.p.i.AbstractProblemLoader Loading environment from /home/runner/work/key/key/key.core/../key.ui/examples/heap/permissions/threads/Sampler_staticPermissions_accessible.key.proof 
652062     DEBUG main            d.u.i.k.p.i.AbstractProblemLoader Environment load took 60.8ns 
652063     INFO  main            d.u.i.k.p.i.AbstractProblemLoader Creating init config 
656452     DEBUG main            d.u.i.k.p.i.AbstractProblemLoader Init config took 4.39s 
656527     INFO  main            d.u.i.k.p.i.AbstractProblemLoader Replaying proof Sampler[ThreadSpec2::staticPermissions()].JML accessible clause.0 
656531     DEBUG main            d.u.i.k.p.i.IntermediateProofReplayer Proof replay took 2.46ms 
656532     DEBUG main            d.u.i.k.p.r.p.TestFile    ... success: reloaded. 
656532     INFO  main            d.u.i.k.p.r.p.TestFile    Now processing file /home/runner/work/key/key/key.core/../key.ui/examples/heap/permissions/threads/Sampler_workingPermissions_accessible.key 
656533     INFO  main            d.u.i.k.p.i.AbstractProblemLoader Loading environment from /home/runner/work/key/key/key.core/../key.ui/examples/heap/permissions/threads/Sampler_workingPermissions_accessible.key 
656533     DEBUG main            d.u.i.k.p.i.AbstractProblemLoader Environment load took 48.2ns 
656533     INFO  main            d.u.i.k.p.i.AbstractProblemLoader Creating init config 
660993     DEBUG main            d.u.i.k.p.i.AbstractProblemLoader Init config took 4.46s 
661069     INFO  main            d.u.i.k.p.i.AbstractProblemLoader Replaying proof Sampler[ThreadSpec2::workingPermissions()].JML accessible clause.0 
661071     DEBUG main            d.u.i.k.p.i.IntermediateProofReplayer Proof replay took 2.3ns 
661172     INFO  main            d.u.i.k.p.r.p.TestFile    ... finished proof: closed. 
661703     INFO  main            d.u.i.k.p.i.AbstractProblemLoader Loading environment from /home/runner/work/key/key/key.core/../key.ui/examples/heap/permissions/threads/Sampler_workingPermissions_accessible.key.proof 
661703     DEBUG main            d.u.i.k.p.i.AbstractProblemLoader Environment load took 64.3ns 
661704     INFO  main            d.u.i.k.p.i.AbstractProblemLoader Creating init config 
666094     DEBUG main            d.u.i.k.p.i.AbstractProblemLoader Init config took 4.39s 
666169     INFO  main            d.u.i.k.p.i.AbstractProblemLoader Replaying proof Sampler[ThreadSpec2::workingPermissions()].JML accessible clause.0 
666173     DEBUG main            d.u.i.k.p.i.IntermediateProofReplayer Proof replay took 3.42ms 
666174     DEBUG main            d.u.i.k.p.r.p.TestFile    ... success: reloaded. 
666175     INFO  main            d.u.i.k.p.r.p.TestFile    Now processing file /home/runner/work/key/key/key.core/../key.ui/examples/heap/permissions/mulleretal/ReadWrite_doRead_contract.key 
666175     INFO  main            d.u.i.k.p.i.AbstractProblemLoader Loading environment from /home/runner/work/key/key/key.core/../key.ui/examples/heap/permissions/mulleretal/ReadWrite_doRead_contract.key 
666176     DEBUG main            d.u.i.k.p.i.AbstractProblemLoader Environment load took 38.9ns 
666176     INFO  main            d.u.i.k.p.i.AbstractProblemLoader Creating init config 
668723     DEBUG main            d.u.i.k.p.i.AbstractProblemLoader Init config took 2.55s 
668753     INFO  main            d.u.i.k.p.i.AbstractProblemLoader Replaying proof ReadWrite[ReadWrite::doRead()].JML normal_behavior operation contract.0 
668755     DEBUG main            d.u.i.k.p.i.IntermediateProofReplayer Proof replay took 2ns 
670160     INFO  main            d.u.i.k.p.r.p.TestFile    ... finished proof: closed. 
670729     INFO  main            d.u.i.k.p.i.AbstractProblemLoader Loading environment from /home/runner/work/key/key/key.core/../key.ui/examples/heap/permissions/mulleretal/ReadWrite_doRead_contract.key.proof 
670729     DEBUG main            d.u.i.k.p.i.AbstractProblemLoader Environment load took 263.5ns 
670730     INFO  main            d.u.i.k.p.i.AbstractProblemLoader Creating init config 
673305     DEBUG main            d.u.i.k.p.i.AbstractProblemLoader Init config took 2.58s 
673340     INFO  main            d.u.i.k.p.i.AbstractProblemLoader Replaying proof ReadWrite[ReadWrite::doRead()].JML normal_behavior operation contract.0 
673710     DEBUG main            d.u.i.k.p.i.IntermediateProofReplayer Proof replay took 359.82ms 
673711     DEBUG main            d.u.i.k.p.r.p.TestFile    ... success: reloaded. 
673712     INFO  main            d.u.i.k.p.r.p.TestFile    Now processing file /home/runner/work/key/key/key.core/../key.ui/examples/heap/permissions/mulleretal/ReadWrite_doWrite_contract.key 
673712     INFO  main            d.u.i.k.p.i.AbstractProblemLoader Loading environment from /home/runner/work/key/key/key.core/../key.ui/examples/heap/permissions/mulleretal/ReadWrite_doWrite_contract.key 
673712     DEBUG main            d.u.i.k.p.i.AbstractProblemLoader Environment load took 195ns 
673713     INFO  main            d.u.i.k.p.i.AbstractProblemLoader Creating init config 
676414     DEBUG main            d.u.i.k.p.i.AbstractProblemLoader Init config took 2.7s 
676445     INFO  main            d.u.i.k.p.i.AbstractProblemLoader Replaying proof ReadWrite[ReadWrite::doWrite()].JML normal_behavior operation contract.0 
676446     DEBUG main            d.u.i.k.p.i.IntermediateProofReplayer Proof replay took 3.3ns 
677950     INFO  main            d.u.i.k.p.r.p.TestFile    ... finished proof: closed. 
678513     INFO  main            d.u.i.k.p.i.AbstractProblemLoader Loading environment from /home/runner/work/key/key/key.core/../key.ui/examples/heap/permissions/mulleretal/ReadWrite_doWrite_contract.key.proof 
678513     DEBUG main            d.u.i.k.p.i.AbstractProblemLoader Environment load took 267.6ns 
678515     INFO  main            d.u.i.k.p.i.AbstractProblemLoader Creating init config 
681047     DEBUG main            d.u.i.k.p.i.AbstractProblemLoader Init config took 2.53s 
681078     INFO  main            d.u.i.k.p.i.AbstractProblemLoader Replaying proof ReadWrite[ReadWrite::doWrite()].JML normal_behavior operation contract.0 
681440     DEBUG main            d.u.i.k.p.i.IntermediateProofReplayer Proof replay took 356.54ms 
681441     DEBUG main            d.u.i.k.p.r.p.TestFile    ... success: reloaded. 
681442     INFO  main            d.u.i.k.p.r.p.TestFile    Now processing file /home/runner/work/key/key/key.core/../key.ui/examples/heap/permissions/mulleretal/ReadWrite_read_contract.key 
681442     INFO  main            d.u.i.k.p.i.AbstractProblemLoader Loading environment from /home/runner/work/key/key/key.core/../key.ui/examples/heap/permissions/mulleretal/ReadWrite_read_contract.key 
681442     DEBUG main            d.u.i.k.p.i.AbstractProblemLoader Environment load took 135.6ns 
681443     INFO  main            d.u.i.k.p.i.AbstractProblemLoader Creating init config 
684156     DEBUG main            d.u.i.k.p.i.AbstractProblemLoader Init config took 2.71s 
684187     INFO  main            d.u.i.k.p.i.AbstractProblemLoader Replaying proof ReadWrite[ReadWrite::read()].JML normal_behavior operation contract.0 
684189     DEBUG main            d.u.i.k.p.i.IntermediateProofReplayer Proof replay took 2.3ns 
684290     INFO  main            d.u.i.k.p.r.p.TestFile    ... finished proof: closed. 
684807     INFO  main            d.u.i.k.p.i.AbstractProblemLoader Loading environment from /home/runner/work/key/key/key.core/../key.ui/examples/heap/permissions/mulleretal/ReadWrite_read_contract.key.proof 
684807     DEBUG main            d.u.i.k.p.i.AbstractProblemLoader Environment load took 62.5ns 
684807     INFO  main            d.u.i.k.p.i.AbstractProblemLoader Creating init config 
687275     DEBUG main            d.u.i.k.p.i.AbstractProblemLoader Init config took 2.47s 
687305     INFO  main            d.u.i.k.p.i.AbstractProblemLoader Replaying proof ReadWrite[ReadWrite::read()].JML normal_behavior operation contract.0 
687311     DEBUG main            d.u.i.k.p.i.IntermediateProofReplayer Proof replay took 4.38ms 
687312     DEBUG main            d.u.i.k.p.r.p.TestFile    ... success: reloaded. 
687312     INFO  main            d.u.i.k.p.r.p.TestFile    Now processing file /home/runner/work/key/key/key.core/../key.ui/examples/heap/permissions/mulleretal/ReadWrite_write_contract.key 
687312     INFO  main            d.u.i.k.p.i.AbstractProblemLoader Loading environment from /home/runner/work/key/key/key.core/../key.ui/examples/heap/permissions/mulleretal/ReadWrite_write_contract.key 
687312     DEBUG main            d.u.i.k.p.i.AbstractProblemLoader Environment load took 47.8ns 
687313     INFO  main            d.u.i.k.p.i.AbstractProblemLoader Creating init config 
689825     DEBUG main            d.u.i.k.p.i.AbstractProblemLoader Init config took 2.51s 
689856     INFO  main            d.u.i.k.p.i.AbstractProblemLoader Replaying proof ReadWrite[ReadWrite::write()].JML normal_behavior operation contract.0 
689857     DEBUG main            d.u.i.k.p.i.IntermediateProofReplayer Proof replay took 2.2ns 
689962     INFO  main            d.u.i.k.p.r.p.TestFile    ... finished proof: closed. 
690508     INFO  main            d.u.i.k.p.i.AbstractProblemLoader Loading environment from /home/runner/work/key/key/key.core/../key.ui/examples/heap/permissions/mulleretal/ReadWrite_write_contract.key.proof 
690508     DEBUG main            d.u.i.k.p.i.AbstractProblemLoader Environment load took 63.3ns 
690509     INFO  main            d.u.i.k.p.i.AbstractProblemLoader Creating init config 
693111     DEBUG main            d.u.i.k.p.i.AbstractProblemLoader Init config took 2.6s 
693146     INFO  main            d.u.i.k.p.i.AbstractProblemLoader Replaying proof ReadWrite[ReadWrite::write()].JML normal_behavior operation contract.0 
693167     DEBUG main            d.u.i.k.p.i.IntermediateProofReplayer Proof replay took 19.15ms 
693168     DEBUG main            d.u.i.k.p.r.p.TestFile    ... success: reloaded. 
693168     INFO  main            d.u.i.k.p.r.p.TestFile    Now processing file /home/runner/work/key/key/key.core/../key.ui/examples/heap/permissions/mulleretal/ReadWrite_inv1_accessible.key 
693169     INFO  main            d.u.i.k.p.i.AbstractProblemLoader Loading environment from /home/runner/work/key/key/key.core/../key.ui/examples/heap/permissions/mulleretal/ReadWrite_inv1_accessible.key 
693169     DEBUG main            d.u.i.k.p.i.AbstractProblemLoader Environment load took 156.1ns 
693169     INFO  main            d.u.i.k.p.i.AbstractProblemLoader Creating init config 
695970     DEBUG main            d.u.i.k.p.i.AbstractProblemLoader Init config took 2.8s 
696001     INFO  main            d.u.i.k.p.i.AbstractProblemLoader Replaying proof ReadWrite[java.lang.Object::<inv>()].JML accessible clause.0 
696002     DEBUG main            d.u.i.k.p.i.IntermediateProofReplayer Proof replay took 2.5ns 
696103     INFO  main            d.u.i.k.p.r.p.TestFile    ... finished proof: closed. 
696649     INFO  main            d.u.i.k.p.i.AbstractProblemLoader Loading environment from /home/runner/work/key/key/key.core/../key.ui/examples/heap/permissions/mulleretal/ReadWrite_inv1_accessible.key.proof 
696649     DEBUG main            d.u.i.k.p.i.AbstractProblemLoader Environment load took 64.9ns 
696649     INFO  main            d.u.i.k.p.i.AbstractProblemLoader Creating init config 
699183     DEBUG main            d.u.i.k.p.i.AbstractProblemLoader Init config took 2.53s 
699213     INFO  main            d.u.i.k.p.i.AbstractProblemLoader Replaying proof ReadWrite[java.lang.Object::<inv>()].JML accessible clause.0 
699215     DEBUG main            d.u.i.k.p.i.IntermediateProofReplayer Proof replay took 1.17ms 
699216     DEBUG main            d.u.i.k.p.r.p.TestFile    ... success: reloaded. 
699216     INFO  main            d.u.i.k.p.r.p.TestFile    Now processing file /home/runner/work/key/key/key.core/../key.ui/examples/heap/permissions/mulleretal/ReadWrite_inv2_accessible.key 
699217     INFO  main            d.u.i.k.p.i.AbstractProblemLoader Loading environment from /home/runner/work/key/key/key.core/../key.ui/examples/heap/permissions/mulleretal/ReadWrite_inv2_accessible.key 
699217     DEBUG main            d.u.i.k.p.i.AbstractProblemLoader Environment load took 63ns 
699217     INFO  main            d.u.i.k.p.i.AbstractProblemLoader Creating init config 
701839     DEBUG main            d.u.i.k.p.i.AbstractProblemLoader Init config took 2.62s 
701874     INFO  main            d.u.i.k.p.i.AbstractProblemLoader Replaying proof ReadWrite[java.lang.Object::<inv>()].JML accessible clause.1 
701875     DEBUG main            d.u.i.k.p.i.IntermediateProofReplayer Proof replay took 2.9ns 
701989     INFO  main            d.u.i.k.p.r.p.TestFile    ... finished proof: closed. 
702531     INFO  main            d.u.i.k.p.i.AbstractProblemLoader Loading environment from /home/runner/work/key/key/key.core/../key.ui/examples/heap/permissions/mulleretal/ReadWrite_inv2_accessible.key.proof 
702531     DEBUG main            d.u.i.k.p.i.AbstractProblemLoader Environment load took 63.6ns 
702532     INFO  main            d.u.i.k.p.i.AbstractProblemLoader Creating init config 
705052     DEBUG main            d.u.i.k.p.i.AbstractProblemLoader Init config took 2.52s 
705082     INFO  main            d.u.i.k.p.i.AbstractProblemLoader Replaying proof ReadWrite[java.lang.Object::<inv>()].JML accessible clause.1 
705084     DEBUG main            d.u.i.k.p.i.IntermediateProofReplayer Proof replay took 1.13ms 
705084     DEBUG main            d.u.i.k.p.r.p.TestFile    ... success: reloaded. 
705085     INFO  main            d.u.i.k.p.r.p.TestFile    Now processing file /home/runner/work/key/key/key.core/../key.ui/examples/heap/permissions/lockspec/Counter_lockConsistent_contract.key 
705085     INFO  main            d.u.i.k.p.i.AbstractProblemLoader Loading environment from /home/runner/work/key/key/key.core/../key.ui/examples/heap/permissions/lockspec/Counter_lockConsistent_contract.key 
705085     DEBUG main            d.u.i.k.p.i.AbstractProblemLoader Environment load took 37.2ns 
705086     INFO  main            d.u.i.k.p.i.AbstractProblemLoader Creating init config 
708469     DEBUG main            d.u.i.k.p.i.AbstractProblemLoader Init config took 3.38s 
708519     INFO  main            d.u.i.k.p.i.AbstractProblemLoader Replaying proof Counter[LockSpec::lockConsistent()].JML model_behavior operation contract.0 
708520     DEBUG main            d.u.i.k.p.i.IntermediateProofReplayer Proof replay took 3.2ns 
709424     INFO  main            d.u.i.k.p.r.p.TestFile    ... finished proof: closed. 
709992     INFO  main            d.u.i.k.p.i.AbstractProblemLoader Loading environment from /home/runner/work/key/key/key.core/../key.ui/examples/heap/permissions/lockspec/Counter_lockConsistent_contract.key.proof 
709992     DEBUG main            d.u.i.k.p.i.AbstractProblemLoader Environment load took 67.9ns 
709993     INFO  main            d.u.i.k.p.i.AbstractProblemLoader Creating init config 
713015     DEBUG main            d.u.i.k.p.i.AbstractProblemLoader Init config took 3.02s 
713065     INFO  main            d.u.i.k.p.i.AbstractProblemLoader Replaying proof Counter[LockSpec::lockConsistent()].JML model_behavior operation contract.0 
713251     DEBUG main            d.u.i.k.p.i.IntermediateProofReplayer Proof replay took 178.98ms 
713259     DEBUG main            d.u.i.k.p.r.p.TestFile    ... success: reloaded. 
713259     INFO  main            d.u.i.k.p.r.p.TestFile    Now processing file /home/runner/work/key/key/key.core/../key.ui/examples/heap/permissions/lockspec/Counter_increase_contract.key 
713260     INFO  main            d.u.i.k.p.i.AbstractProblemLoader Loading environment from /home/runner/work/key/key/key.core/../key.ui/examples/heap/permissions/lockspec/Counter_increase_contract.key 
713260     DEBUG main            d.u.i.k.p.i.AbstractProblemLoader Environment load took 139ns 
713261     INFO  main            d.u.i.k.p.i.AbstractProblemLoader Creating init config 
716412     DEBUG main            d.u.i.k.p.i.AbstractProblemLoader Init config took 3.15s 
716482     INFO  main            d.u.i.k.p.i.AbstractProblemLoader Replaying proof Counter[Counter::increase()].JML normal_behavior operation contract.0 
716488     DEBUG main            d.u.i.k.p.i.IntermediateProofReplayer Proof replay took 3.2ns 
718024     INFO  main            d.u.i.k.p.r.p.TestFile    ... finished proof: closed. 
718592     INFO  main            d.u.i.k.p.i.AbstractProblemLoader Loading environment from /home/runner/work/key/key/key.core/../key.ui/examples/heap/permissions/lockspec/Counter_increase_contract.key.proof 
718592     DEBUG main            d.u.i.k.p.i.AbstractProblemLoader Environment load took 69.2ns 
718594     INFO  main            d.u.i.k.p.i.AbstractProblemLoader Creating init config 
721672     DEBUG main            d.u.i.k.p.i.AbstractProblemLoader Init config took 3.08s 
721718     INFO  main            d.u.i.k.p.i.AbstractProblemLoader Replaying proof Counter[Counter::increase()].JML normal_behavior operation contract.0 
721852     DEBUG main            d.u.i.k.p.i.IntermediateProofReplayer Proof replay took 119.55ms 
721854     DEBUG main            d.u.i.k.p.r.p.TestFile    ... success: reloaded. 
721854     INFO  main            d.u.i.k.p.r.p.TestFile    Now processing file /home/runner/work/key/key/key.core/../key.ui/examples/heap/permissions/lockspec/Counter_fp_accessible.key 
721855     INFO  main            d.u.i.k.p.i.AbstractProblemLoader Loading environment from /home/runner/work/key/key/key.core/../key.ui/examples/heap/permissions/lockspec/Counter_fp_accessible.key 
721855     DEBUG main            d.u.i.k.p.i.AbstractProblemLoader Environment load took 121.1ns 
721855     INFO  main            d.u.i.k.p.i.AbstractProblemLoader Creating init config 
725016     DEBUG main            d.u.i.k.p.i.AbstractProblemLoader Init config took 3.16s 
725070     INFO  main            d.u.i.k.p.i.AbstractProblemLoader Replaying proof Counter[LockSpec::fp()].JML accessible clause.0 
725071     DEBUG main            d.u.i.k.p.i.IntermediateProofReplayer Proof replay took 2.3ns 
725173     INFO  main            d.u.i.k.p.r.p.TestFile    ... finished proof: closed. 
725725     INFO  main            d.u.i.k.p.i.AbstractProblemLoader Loading environment from /home/runner/work/key/key/key.core/../key.ui/examples/heap/permissions/lockspec/Counter_fp_accessible.key.proof 
725725     DEBUG main            d.u.i.k.p.i.AbstractProblemLoader Environment load took 61.3ns 
725725     INFO  main            d.u.i.k.p.i.AbstractProblemLoader Creating init config 
728708     DEBUG main            d.u.i.k.p.i.AbstractProblemLoader Init config took 2.98s 
728762     INFO  main            d.u.i.k.p.i.AbstractProblemLoader Replaying proof Counter[LockSpec::fp()].JML accessible clause.0 
728771     DEBUG main            d.u.i.k.p.i.IntermediateProofReplayer Proof replay took 6.32ms 
728772     DEBUG main            d.u.i.k.p.r.p.TestFile    ... success: reloaded. 
728772     INFO  main            d.u.i.k.p.r.p.TestFile    Now processing file /home/runner/work/key/key/key.core/../key.ui/examples/heap/permissions/lockspec/Counter_fpLock_accessible.key 
728773     INFO  main            d.u.i.k.p.i.AbstractProblemLoader Loading environment from /home/runner/work/key/key/key.core/../key.ui/examples/heap/permissions/lockspec/Counter_fpLock_accessible.key 
728773     DEBUG main            d.u.i.k.p.i.AbstractProblemLoader Environment load took 141.7ns 
728774     INFO  main            d.u.i.k.p.i.AbstractProblemLoader Creating init config 
732078     DEBUG main            d.u.i.k.p.i.AbstractProblemLoader Init config took 3.3s 
732143     INFO  main            d.u.i.k.p.i.AbstractProblemLoader Replaying proof Counter[LockSpec::fpLock()].JML accessible clause.0 
732144     DEBUG main            d.u.i.k.p.i.IntermediateProofReplayer Proof replay took 3.2ns 
732245     INFO  main            d.u.i.k.p.r.p.TestFile    ... finished proof: closed. 
732805     INFO  main            d.u.i.k.p.i.AbstractProblemLoader Loading environment from /home/runner/work/key/key/key.core/../key.ui/examples/heap/permissions/lockspec/Counter_fpLock_accessible.key.proof 
732805     DEBUG main            d.u.i.k.p.i.AbstractProblemLoader Environment load took 58.5ns 
732806     INFO  main            d.u.i.k.p.i.AbstractProblemLoader Creating init config 
735857     DEBUG main            d.u.i.k.p.i.AbstractProblemLoader Init config took 3.05s 
735920     INFO  main            d.u.i.k.p.i.AbstractProblemLoader Replaying proof Counter[LockSpec::fpLock()].JML accessible clause.0 
735928     DEBUG main            d.u.i.k.p.i.IntermediateProofReplayer Proof replay took 6.32ms 
735928     DEBUG main            d.u.i.k.p.r.p.TestFile    ... success: reloaded. 
735929     INFO  main            d.u.i.k.p.r.p.TestFile    Now processing file /home/runner/work/key/key/key.core/../key.ui/examples/heap/permissions/lockspec/Counter_fpPerm_accessible.key 
735930     INFO  main            d.u.i.k.p.i.AbstractProblemLoader Loading environment from /home/runner/work/key/key/key.core/../key.ui/examples/heap/permissions/lockspec/Counter_fpPerm_accessible.key 
735930     DEBUG main            d.u.i.k.p.i.AbstractProblemLoader Environment load took 88.8ns 
735930     INFO  main            d.u.i.k.p.i.AbstractProblemLoader Creating init config 
739029     DEBUG main            d.u.i.k.p.i.AbstractProblemLoader Init config took 3.1s 
739082     INFO  main            d.u.i.k.p.i.AbstractProblemLoader Replaying proof Counter[LockSpec::fpPerm()].JML accessible clause.0 
739083     DEBUG main            d.u.i.k.p.i.IntermediateProofReplayer Proof replay took 2.4ns 
739189     INFO  main            d.u.i.k.p.r.p.TestFile    ... finished proof: closed. 
739760     INFO  main            d.u.i.k.p.i.AbstractProblemLoader Loading environment from /home/runner/work/key/key/key.core/../key.ui/examples/heap/permissions/lockspec/Counter_fpPerm_accessible.key.proof 
739760     DEBUG main            d.u.i.k.p.i.AbstractProblemLoader Environment load took 65.1ns 
739761     INFO  main            d.u.i.k.p.i.AbstractProblemLoader Creating init config 
742754     DEBUG main            d.u.i.k.p.i.AbstractProblemLoader Init config took 2.99s 
742808     INFO  main            d.u.i.k.p.i.AbstractProblemLoader Replaying proof Counter[LockSpec::fpPerm()].JML accessible clause.0 
742819     DEBUG main            d.u.i.k.p.i.IntermediateProofReplayer Proof replay took 8.67ms 
742820     DEBUG main            d.u.i.k.p.r.p.TestFile    ... success: reloaded. 
742820     INFO  main            d.u.i.k.p.r.p.TestFile    Now processing file /home/runner/work/key/key/key.core/../key.ui/examples/heap/permissions/lockspec/Counter_inv_accessible1.key 
742821     INFO  main            d.u.i.k.p.i.AbstractProblemLoader Loading environment from /home/runner/work/key/key/key.core/../key.ui/examples/heap/permissions/lockspec/Counter_inv_accessible1.key 
742821     DEBUG main            d.u.i.k.p.i.AbstractProblemLoader Environment load took 138.9ns 
742822     INFO  main            d.u.i.k.p.i.AbstractProblemLoader Creating init config 
745913     DEBUG main            d.u.i.k.p.i.AbstractProblemLoader Init config took 3.09s 
745966     INFO  main            d.u.i.k.p.i.AbstractProblemLoader Replaying proof Counter[java.lang.Object::<inv>()].JML accessible clause.0 
745968     DEBUG main            d.u.i.k.p.i.IntermediateProofReplayer Proof replay took 2.5ns 
746069     INFO  main            d.u.i.k.p.r.p.TestFile    ... finished proof: closed. 
746649     INFO  main            d.u.i.k.p.i.AbstractProblemLoader Loading environment from /home/runner/work/key/key/key.core/../key.ui/examples/heap/permissions/lockspec/Counter_inv_accessible1.key.proof 
746650     DEBUG main            d.u.i.k.p.i.AbstractProblemLoader Environment load took 60.3ns 
746650     INFO  main            d.u.i.k.p.i.AbstractProblemLoader Creating init config 
749647     DEBUG main            d.u.i.k.p.i.AbstractProblemLoader Init config took 3s 
749700     INFO  main            d.u.i.k.p.i.AbstractProblemLoader Replaying proof Counter[java.lang.Object::<inv>()].JML accessible clause.0 
749710     DEBUG main            d.u.i.k.p.i.IntermediateProofReplayer Proof replay took 7.84ms 
749710     DEBUG main            d.u.i.k.p.r.p.TestFile    ... success: reloaded. 
749711     INFO  main            d.u.i.k.p.r.p.TestFile    Now processing file /home/runner/work/key/key/key.core/../key.ui/examples/heap/permissions/lockspec/Counter_inv_accessible2.key 
749711     INFO  main            d.u.i.k.p.i.AbstractProblemLoader Loading environment from /home/runner/work/key/key/key.core/../key.ui/examples/heap/permissions/lockspec/Counter_inv_accessible2.key 
749712     DEBUG main            d.u.i.k.p.i.AbstractProblemLoader Environment load took 126.2ns 
749712     INFO  main            d.u.i.k.p.i.AbstractProblemLoader Creating init config 
752806     DEBUG main            d.u.i.k.p.i.AbstractProblemLoader Init config took 3.09s 
752854     INFO  main            d.u.i.k.p.i.AbstractProblemLoader Replaying proof Counter[java.lang.Object::<inv>()].JML accessible clause.1 
752857     DEBUG main            d.u.i.k.p.i.IntermediateProofReplayer Proof replay took 2.2ns 
752958     INFO  main            d.u.i.k.p.r.p.TestFile    ... finished proof: closed. 
753545     INFO  main            d.u.i.k.p.i.AbstractProblemLoader Loading environment from /home/runner/work/key/key/key.core/../key.ui/examples/heap/permissions/lockspec/Counter_inv_accessible2.key.proof 
753545     DEBUG main            d.u.i.k.p.i.AbstractProblemLoader Environment load took 60.5ns 
753546     INFO  main            d.u.i.k.p.i.AbstractProblemLoader Creating init config 
756642     DEBUG main            d.u.i.k.p.i.AbstractProblemLoader Init config took 3.1s 
756689     INFO  main            d.u.i.k.p.i.AbstractProblemLoader Replaying proof Counter[java.lang.Object::<inv>()].JML accessible clause.1 
756697     DEBUG main            d.u.i.k.p.i.IntermediateProofReplayer Proof replay took 6.58ms 
756698     DEBUG main            d.u.i.k.p.r.p.TestFile    ... success: reloaded. 
756699     INFO  main            d.u.i.k.p.r.p.TestFile    Now processing file /home/runner/work/key/key/key.core/../key.ui/examples/heap/permissions/lockspec/Counter_lockRef_accessible.key 
756699     INFO  main            d.u.i.k.p.i.AbstractProblemLoader Loading environment from /home/runner/work/key/key/key.core/../key.ui/examples/heap/permissions/lockspec/Counter_lockRef_accessible.key 
756699     DEBUG main            d.u.i.k.p.i.AbstractProblemLoader Environment load took 94.8ns 
756699     INFO  main            d.u.i.k.p.i.AbstractProblemLoader Creating init config 
759827     DEBUG main            d.u.i.k.p.i.AbstractProblemLoader Init config took 3.13s 
759892     INFO  main            d.u.i.k.p.i.AbstractProblemLoader Replaying proof Counter[LockSpec::lockRef()].JML accessible clause.0 
759894     DEBUG main            d.u.i.k.p.i.IntermediateProofReplayer Proof replay took 3.4ns 
760095     INFO  main            d.u.i.k.p.r.p.TestFile    ... finished proof: closed. 
760679     INFO  main            d.u.i.k.p.i.AbstractProblemLoader Loading environment from /home/runner/work/key/key/key.core/../key.ui/examples/heap/permissions/lockspec/Counter_lockRef_accessible.key.proof 
760679     DEBUG main            d.u.i.k.p.i.AbstractProblemLoader Environment load took 63.2ns 
760680     INFO  main            d.u.i.k.p.i.AbstractProblemLoader Creating init config 
763665     DEBUG main            d.u.i.k.p.i.AbstractProblemLoader Init config took 2.99s 
763719     INFO  main            d.u.i.k.p.i.AbstractProblemLoader Replaying proof Counter[LockSpec::lockRef()].JML accessible clause.0 
763745     DEBUG main            d.u.i.k.p.i.IntermediateProofReplayer Proof replay took 23.61ms 
763745     DEBUG main            d.u.i.k.p.r.p.TestFile    ... success: reloaded. 
763746     INFO  main            d.u.i.k.p.r.p.TestFile    Now processing file /home/runner/work/key/key/key.core/../key.ui/examples/heap/permissions/lockspec/Counter_lockRef_contract1.key 
763747     INFO  main            d.u.i.k.p.i.AbstractProblemLoader Loading environment from /home/runner/work/key/key/key.core/../key.ui/examples/heap/permissions/lockspec/Counter_lockRef_contract1.key 
763747     DEBUG main            d.u.i.k.p.i.AbstractProblemLoader Environment load took 139.5ns 
763748     INFO  main            d.u.i.k.p.i.AbstractProblemLoader Creating init config 
766890     DEBUG main            d.u.i.k.p.i.AbstractProblemLoader Init config took 3.14s 
766954     INFO  main            d.u.i.k.p.i.AbstractProblemLoader Replaying proof Counter[LockSpec::lockRef()].JML model_behavior operation contract.0 
766955     DEBUG main            d.u.i.k.p.i.IntermediateProofReplayer Proof replay took 2.9ns 
767056     INFO  main            d.u.i.k.p.r.p.TestFile    ... finished proof: closed. 
767640     INFO  main            d.u.i.k.p.i.AbstractProblemLoader Loading environment from /home/runner/work/key/key/key.core/../key.ui/examples/heap/permissions/lockspec/Counter_lockRef_contract1.key.proof 
767640     DEBUG main            d.u.i.k.p.i.AbstractProblemLoader Environment load took 65.1ns 
767641     INFO  main            d.u.i.k.p.i.AbstractProblemLoader Creating init config 
770679     DEBUG main            d.u.i.k.p.i.AbstractProblemLoader Init config took 3.04s 
770727     INFO  main            d.u.i.k.p.i.AbstractProblemLoader Replaying proof Counter[LockSpec::lockRef()].JML model_behavior operation contract.0 
770731     DEBUG main            d.u.i.k.p.i.IntermediateProofReplayer Proof replay took 2.87ms 
770732     DEBUG main            d.u.i.k.p.r.p.TestFile    ... success: reloaded. 
770732     INFO  main            d.u.i.k.p.r.p.TestFile    Now processing file /home/runner/work/key/key/key.core/../key.ui/examples/heap/permissions/lockspec/Counter_lockRef_contract2.key 
770733     INFO  main            d.u.i.k.p.i.AbstractProblemLoader Loading environment from /home/runner/work/key/key/key.core/../key.ui/examples/heap/permissions/lockspec/Counter_lockRef_contract2.key 
770733     DEBUG main            d.u.i.k.p.i.AbstractProblemLoader Environment load took 133.5ns 
770733     INFO  main            d.u.i.k.p.i.AbstractProblemLoader Creating init config 
773809     DEBUG main            d.u.i.k.p.i.AbstractProblemLoader Init config took 3.08s 
773861     INFO  main            d.u.i.k.p.i.AbstractProblemLoader Replaying proof Counter[Counter::lockRef()].JML model_behavior operation contract.0 
773863     DEBUG main            d.u.i.k.p.i.IntermediateProofReplayer Proof replay took 2.4ns 
773964     INFO  main            d.u.i.k.p.r.p.TestFile    ... finished proof: closed. 
774560     INFO  main            d.u.i.k.p.i.AbstractProblemLoader Loading environment from /home/runner/work/key/key/key.core/../key.ui/examples/heap/permissions/lockspec/Counter_lockRef_contract2.key.proof 
774560     DEBUG main            d.u.i.k.p.i.AbstractProblemLoader Environment load took 57.2ns 
774560     INFO  main            d.u.i.k.p.i.AbstractProblemLoader Creating init config 
777540     DEBUG main            d.u.i.k.p.i.AbstractProblemLoader Init config took 2.98s 
777594     INFO  main            d.u.i.k.p.i.AbstractProblemLoader Replaying proof Counter[Counter::lockRef()].JML model_behavior operation contract.0 
777599     DEBUG main            d.u.i.k.p.i.IntermediateProofReplayer Proof replay took 3.3ms 
777600     DEBUG main            d.u.i.k.p.r.p.TestFile    ... success: reloaded. 
777600     INFO  main            d.u.i.k.p.r.p.TestFile    Now processing file /home/runner/work/key/key/key.core/../key.ui/examples/heap/permissions/lockspec/Counter_lockState_accessible.key 
777601     INFO  main            d.u.i.k.p.i.AbstractProblemLoader Loading environment from /home/runner/work/key/key/key.core/../key.ui/examples/heap/permissions/lockspec/Counter_lockState_accessible.key 
777601     DEBUG main            d.u.i.k.p.i.AbstractProblemLoader Environment load took 160.5ns 
777602     INFO  main            d.u.i.k.p.i.AbstractProblemLoader Creating init config 
780688     DEBUG main            d.u.i.k.p.i.AbstractProblemLoader Init config took 3.09s 
780735     INFO  main            d.u.i.k.p.i.AbstractProblemLoader Replaying proof Counter[LockSpec::lockState(boolean)].JML accessible clause.0 
780737     DEBUG main            d.u.i.k.p.i.IntermediateProofReplayer Proof replay took 3.7ns 
780938     INFO  main            d.u.i.k.p.r.p.TestFile    ... finished proof: closed. 
781549     INFO  main            d.u.i.k.p.i.AbstractProblemLoader Loading environment from /home/runner/work/key/key/key.core/../key.ui/examples/heap/permissions/lockspec/Counter_lockState_accessible.key.proof 
781549     DEBUG main            d.u.i.k.p.i.AbstractProblemLoader Environment load took 63.7ns 
781550     INFO  main            d.u.i.k.p.i.AbstractProblemLoader Creating init config 
784617     DEBUG main            d.u.i.k.p.i.AbstractProblemLoader Init config took 3.07s 
784671     INFO  main            d.u.i.k.p.i.AbstractProblemLoader Replaying proof Counter[LockSpec::lockState(boolean)].JML accessible clause.0 
784712     DEBUG main            d.u.i.k.p.i.IntermediateProofReplayer Proof replay took 38.61ms 
784713     DEBUG main            d.u.i.k.p.r.p.TestFile    ... success: reloaded. 
784714     INFO  main            d.u.i.k.p.r.p.TestFile    Now processing file /home/runner/work/key/key/key.core/../key.ui/examples/heap/permissions/lockspec/Counter_lockStatus_accessible.key 
784716     INFO  main            d.u.i.k.p.i.AbstractProblemLoader Loading environment from /home/runner/work/key/key/key.core/../key.ui/examples/heap/permissions/lockspec/Counter_lockStatus_accessible.key 
784716     DEBUG main            d.u.i.k.p.i.AbstractProblemLoader Environment load took 170.4ns 
784717     INFO  main            d.u.i.k.p.i.AbstractProblemLoader Creating init config 
787829     DEBUG main            d.u.i.k.p.i.AbstractProblemLoader Init config took 3.11s 
787876     INFO  main            d.u.i.k.p.i.AbstractProblemLoader Replaying proof Counter[LockSpec::lockStatus(boolean)].JML accessible clause.0 
787877     DEBUG main            d.u.i.k.p.i.IntermediateProofReplayer Proof replay took 2.2ns 
787981     INFO  main            d.u.i.k.p.r.p.TestFile    ... finished proof: closed. 
788587     INFO  main            d.u.i.k.p.i.AbstractProblemLoader Loading environment from /home/runner/work/key/key/key.core/../key.ui/examples/heap/permissions/lockspec/Counter_lockStatus_accessible.key.proof 
788587     DEBUG main            d.u.i.k.p.i.AbstractProblemLoader Environment load took 66.4ns 
788587     INFO  main            d.u.i.k.p.i.AbstractProblemLoader Creating init config 
791598     DEBUG main            d.u.i.k.p.i.AbstractProblemLoader Init config took 3.01s 
791653     INFO  main            d.u.i.k.p.i.AbstractProblemLoader Replaying proof Counter[LockSpec::lockStatus(boolean)].JML accessible clause.0 
791670     DEBUG main            d.u.i.k.p.i.IntermediateProofReplayer Proof replay took 15.09ms 
791671     DEBUG main            d.u.i.k.p.r.p.TestFile    ... success: reloaded. 
791672     INFO  main            d.u.i.k.p.r.p.TestFile    Now processing file /home/runner/work/key/key/key.core/../key.ui/examples/heap/permissions/lockspec/Counter_lockTransfer_accessible.key 
791672     INFO  main            d.u.i.k.p.i.AbstractProblemLoader Loading environment from /home/runner/work/key/key/key.core/../key.ui/examples/heap/permissions/lockspec/Counter_lockTransfer_accessible.key 
791672     DEBUG main            d.u.i.k.p.i.AbstractProblemLoader Environment load took 132ns 
791673     INFO  main            d.u.i.k.p.i.AbstractProblemLoader Creating init config 
794805     DEBUG main            d.u.i.k.p.i.AbstractProblemLoader Init config took 3.13s 
794852     INFO  main            d.u.i.k.p.i.AbstractProblemLoader Replaying proof Counter[LockSpec::lockTransfer()].JML accessible clause.0 
794854     DEBUG main            d.u.i.k.p.i.IntermediateProofReplayer Proof replay took 2.7ns 
795256     INFO  main            d.u.i.k.p.r.p.TestFile    ... finished proof: closed. 
795869     INFO  main            d.u.i.k.p.i.AbstractProblemLoader Loading environment from /home/runner/work/key/key/key.core/../key.ui/examples/heap/permissions/lockspec/Counter_lockTransfer_accessible.key.proof 
795869     DEBUG main            d.u.i.k.p.i.AbstractProblemLoader Environment load took 65.9ns 
795870     INFO  main            d.u.i.k.p.i.AbstractProblemLoader Creating init config 
798856     DEBUG main            d.u.i.k.p.i.AbstractProblemLoader Init config took 2.99s 
798909     INFO  main            d.u.i.k.p.i.AbstractProblemLoader Replaying proof Counter[LockSpec::lockTransfer()].JML accessible clause.0 
798961     DEBUG main            d.u.i.k.p.i.IntermediateProofReplayer Proof replay took 49.03ms 
798962     DEBUG main            d.u.i.k.p.r.p.TestFile    ... success: reloaded. 
798963     INFO  main            d.u.i.k.p.r.p.TestFile    Now processing file /home/runner/work/key/key/key.core/../key.ui/examples/heap/permissions/lockspec/Counter_unlockTransfer_accessible.key 
798963     INFO  main            d.u.i.k.p.i.AbstractProblemLoader Loading environment from /home/runner/work/key/key/key.core/../key.ui/examples/heap/permissions/lockspec/Counter_unlockTransfer_accessible.key 
798963     DEBUG main            d.u.i.k.p.i.AbstractProblemLoader Environment load took 77.2ns 
798964     INFO  main            d.u.i.k.p.i.AbstractProblemLoader Creating init config 
802223     DEBUG main            d.u.i.k.p.i.AbstractProblemLoader Init config took 3.26s 
802272     INFO  main            d.u.i.k.p.i.AbstractProblemLoader Replaying proof Counter[LockSpec::unlockTransfer()].JML accessible clause.0 
802273     DEBUG main            d.u.i.k.p.i.IntermediateProofReplayer Proof replay took 2.5ns 
802575     INFO  main            d.u.i.k.p.r.p.TestFile    ... finished proof: closed. 
803207     INFO  main            d.u.i.k.p.i.AbstractProblemLoader Loading environment from /home/runner/work/key/key/key.core/../key.ui/examples/heap/permissions/lockspec/Counter_unlockTransfer_accessible.key.proof 
803207     DEBUG main            d.u.i.k.p.i.AbstractProblemLoader Environment load took 62.9ns 
803208     INFO  main            d.u.i.k.p.i.AbstractProblemLoader Creating init config 
806249     DEBUG main            d.u.i.k.p.i.AbstractProblemLoader Init config took 3.04s 
806323     INFO  main            d.u.i.k.p.i.AbstractProblemLoader Replaying proof Counter[LockSpec::unlockTransfer()].JML accessible clause.0 
806366     DEBUG main            d.u.i.k.p.i.IntermediateProofReplayer Proof replay took 39.78ms 
806367     DEBUG main            d.u.i.k.p.r.p.TestFile    ... success: reloaded. 
806367     INFO  main            d.u.i.k.p.r.p.TestFile    Now processing file /home/runner/work/key/key/key.core/../key.ui/examples/heap/permissions/threads/Plotter_startTransfer_contract.proof 
806368     INFO  main            d.u.i.k.p.i.AbstractProblemLoader Loading environment from /home/runner/work/key/key/key.core/../key.ui/examples/heap/permissions/threads/Plotter_startTransfer_contract.proof 
806368     DEBUG main            d.u.i.k.p.i.AbstractProblemLoader Environment load took 58.1ns 
806369     INFO  main            d.u.i.k.p.i.AbstractProblemLoader Creating init config 
810991     DEBUG main            d.u.i.k.p.i.AbstractProblemLoader Init config took 4.62s 
811096     INFO  main            d.u.i.k.p.i.AbstractProblemLoader Replaying proof Plotter[ThreadSpec2::startTransfer()].JML model_behavior operation contract.0 
811215     DEBUG main            d.u.i.k.p.i.IntermediateProofReplayer Proof replay took 109.41ms 
811215     INFO  main            d.u.i.k.p.r.p.TestFile    ... success: loaded 
811216     INFO  main            d.u.i.k.p.r.p.TestFile    Now processing file /home/runner/work/key/key/key.core/../key.ui/examples/heap/permissions/threads/Plotter_startTransfer_accessible.proof 
811216     INFO  main            d.u.i.k.p.i.AbstractProblemLoader Loading environment from /home/runner/work/key/key/key.core/../key.ui/examples/heap/permissions/threads/Plotter_startTransfer_accessible.proof 
811216     DEBUG main            d.u.i.k.p.i.AbstractProblemLoader Environment load took 40.3ns 
811217     INFO  main            d.u.i.k.p.i.AbstractProblemLoader Creating init config 
815939     DEBUG main            d.u.i.k.p.i.AbstractProblemLoader Init config took 4.72s 
816018     INFO  main            d.u.i.k.p.i.AbstractProblemLoader Replaying proof Plotter[ThreadSpec2::startTransfer()].JML accessible clause.0 
816100     DEBUG main            d.u.i.k.p.i.IntermediateProofReplayer Proof replay took 78.67ms 
816101     INFO  main            d.u.i.k.p.r.p.TestFile    ... success: loaded 
816102     INFO  main            d.u.i.k.p.r.p.TestFile    Now processing file /home/runner/work/key/key/key.core/../key.ui/examples/heap/permissions/threads/Plotter_joinTransfer_accessible.proof 
816105     INFO  main            d.u.i.k.p.i.AbstractProblemLoader Loading environment from /home/runner/work/key/key/key.core/../key.ui/examples/heap/permissions/threads/Plotter_joinTransfer_accessible.proof 
816105     DEBUG main            d.u.i.k.p.i.AbstractProblemLoader Environment load took 153.3ns 
816106     INFO  main            d.u.i.k.p.i.AbstractProblemLoader Creating init config 
820853     DEBUG main            d.u.i.k.p.i.AbstractProblemLoader Init config took 4.75s 
820953     INFO  main            d.u.i.k.p.i.AbstractProblemLoader Replaying proof Plotter[ThreadSpec2::joinTransfer()].JML accessible clause.0 
820967     WARN  main            d.u.i.k.p.i.IntermediateProofReplayer Proof contains wrong number of \assumes instatiations for Definition_axiom_for_stateInv_in_Plotter 
820969     WARN  main            d.u.i.k.p.i.IntermediateProofReplayer Proof contains wrong number of \assumes instatiations for Definition_axiom_for_stateInv_in_Plotter 
820970     WARN  main            d.u.i.k.p.i.IntermediateProofReplayer Proof contains wrong number of \assumes instatiations for Definition_axiom_for_workingPermissions_in_Plotter 
820971     WARN  main            d.u.i.k.p.i.IntermediateProofReplayer Proof contains wrong number of \assumes instatiations for Definition_axiom_for_staticPermissions_in_Plotter 
820972     WARN  main            d.u.i.k.p.i.IntermediateProofReplayer Proof contains wrong number of \assumes instatiations for Definition_axiom_for_joinTransfer_in_Plotter 
820972     WARN  main            d.u.i.k.p.i.IntermediateProofReplayer Proof contains wrong number of \assumes instatiations for Definition_axiom_for_stateInv_in_BFilter 
820974     WARN  main            d.u.i.k.p.i.IntermediateProofReplayer Proof contains wrong number of \assumes instatiations for Definition_axiom_for_stateInv_in_AFilter 
820978     WARN  main            d.u.i.k.p.i.IntermediateProofReplayer Proof contains wrong number of \assumes instatiations for Definition_axiom_for_stateInv_in_BFilter 
820979     WARN  main            d.u.i.k.p.i.IntermediateProofReplayer Proof contains wrong number of \assumes instatiations for Definition_axiom_for_stateInv_in_AFilter 
820980     WARN  main            d.u.i.k.p.i.IntermediateProofReplayer Proof contains wrong number of \assumes instatiations for Definition_axiom_for_staticPermissions_in_AFilter 
820981     WARN  main            d.u.i.k.p.i.IntermediateProofReplayer Proof contains wrong number of \assumes instatiations for Definition_axiom_for_staticPermissions_in_Plotter 
820981     WARN  main            d.u.i.k.p.i.IntermediateProofReplayer Proof contains wrong number of \assumes instatiations for Definition_axiom_for_staticPermissions_in_BFilter 
820981     WARN  main            d.u.i.k.p.i.IntermediateProofReplayer Proof contains wrong number of \assumes instatiations for Definition_axiom_for_workingPermissions_in_Plotter 
820982     WARN  main            d.u.i.k.p.i.IntermediateProofReplayer Proof contains wrong number of \assumes instatiations for Definition_axiom_for_stateInv_in_Sampler 
820982     WARN  main            d.u.i.k.p.i.IntermediateProofReplayer Proof contains wrong number of \assumes instatiations for Definition_axiom_for_stateInv_in_Sampler 
820983     WARN  main            d.u.i.k.p.i.IntermediateProofReplayer Proof contains wrong number of \assumes instatiations for Definition_axiom_for_staticPermissions_in_Sampler 
820983     WARN  main            d.u.i.k.p.i.IntermediateProofReplayer Proof contains wrong number of \assumes instatiations for Definition_axiom_for_staticPermissions_in_BFilter 
820984     WARN  main            d.u.i.k.p.i.IntermediateProofReplayer Proof contains wrong number of \assumes instatiations for Definition_axiom_for_staticPermissions_in_AFilter 
820984     WARN  main            d.u.i.k.p.i.IntermediateProofReplayer Proof contains wrong number of \assumes instatiations for Definition_axiom_for_staticPermissions_in_Sampler 
820984     WARN  main            d.u.i.k.p.i.IntermediateProofReplayer Proof contains wrong number of \assumes instatiations for Definition_axiom_for_staticPermissions_in_Sampler 
820985     WARN  main            d.u.i.k.p.i.IntermediateProofReplayer Proof contains wrong number of \assumes instatiations for Definition_axiom_for_staticPermissions_in_Sampler 
820985     WARN  main            d.u.i.k.p.i.IntermediateProofReplayer Proof contains wrong number of \assumes instatiations for Definition_axiom_for_joinTransfer_in_Plotter 
821030     DEBUG main            d.u.i.k.p.i.IntermediateProofReplayer Proof replay took 72.63ms 
821030     INFO  main            d.u.i.k.p.r.p.TestFile    ... success: loaded 
4754953    INFO  Test worker     d.u.i.k.p.r.RunAllProofsTestUnit Returning from test permissionHeap 
4754953    INFO  Test worker     d.u.i.k.p.r.RunAllProofsTestUnit Running test completionScopes 
383        INFO  Timeout watchdog d.u.i.k.p.r.p.ForkedTestFileRunner Timeout watcher launched (2000 secs.) 
398        WARN  main            d.u.i.k.s.ProofSettings   The settings in /home/runner/.key/proof-settings.props are *not* read. 
424        INFO  main            d.u.i.k.p.r.p.TestFile    Now processing file /home/runner/work/key/key/key.core/../key.ui/examples/completionscopes/testCcatchReturnVal.key 
525        INFO  main            d.u.i.k.p.i.AbstractProblemLoader Loading environment from /home/runner/work/key/key/key.core/../key.ui/examples/completionscopes/testCcatchReturnVal.key 
545        DEBUG main            d.u.i.k.p.i.AbstractProblemLoader Environment load took 2.02ms 
766        INFO  main            d.u.i.k.p.i.AbstractProblemLoader Creating init config 
1649       DEBUG main            d.u.i.k.j.TypeConverter   No LDT found for Meta 
1650       DEBUG main            d.u.i.k.j.TypeConverter   No LDT found for Meta 
1651       DEBUG main            d.u.i.k.j.TypeConverter   No LDT found for Meta 
1651       DEBUG main            d.u.i.k.j.TypeConverter   No LDT found for Meta 
3312       DEBUG main            d.u.i.k.j.TypeConverter   No LDT found for JavaBigintExpression 
8543       DEBUG main            d.u.i.k.p.i.AbstractProblemLoader Init config took 7.78s 
8672       INFO  main            d.u.i.k.p.i.AbstractProblemLoader Replaying proof CompletionScopes[CompletionScopes::testCcatchReturnVal()].JML normal_behavior operation contract.0 
8703       DEBUG main            d.u.i.k.p.i.IntermediateProofReplayer Proof replay took 32.5ns 
9234       INFO  main            d.u.i.k.p.r.p.TestFile    ... finished proof: closed. 
9344       INFO  main            d.u.i.k.p.i.AbstractProblemLoader Loading environment from /home/runner/work/key/key/key.core/../key.ui/examples/completionscopes/testCcatchReturnVal.key.proof 
9344       DEBUG main            d.u.i.k.p.i.AbstractProblemLoader Environment load took 125.7ns 
9348       INFO  main            d.u.i.k.p.i.AbstractProblemLoader Creating init config 
12190      DEBUG main            d.u.i.k.p.i.AbstractProblemLoader Init config took 2.84s 
12271      INFO  main            d.u.i.k.p.i.AbstractProblemLoader Replaying proof CompletionScopes[CompletionScopes::testCcatchReturnVal()].JML normal_behavior operation contract.0 
12301      DEBUG main            d.u.i.k.p.i.IntermediateProofReplayer Proof replay took 25.97ms 
12307      DEBUG main            d.u.i.k.p.r.p.TestFile    ... success: reloaded. 
12309      INFO  main            d.u.i.k.p.r.p.TestFile    Now processing file /home/runner/work/key/key/key.core/../key.ui/examples/completionscopes/testMultCcatchClauses.key 
12309      INFO  main            d.u.i.k.p.i.AbstractProblemLoader Loading environment from /home/runner/work/key/key/key.core/../key.ui/examples/completionscopes/testMultCcatchClauses.key 
12309      DEBUG main            d.u.i.k.p.i.AbstractProblemLoader Environment load took 182.5ns 
12311      INFO  main            d.u.i.k.p.i.AbstractProblemLoader Creating init config 
14971      DEBUG main            d.u.i.k.p.i.AbstractProblemLoader Init config took 2.66s 
15029      INFO  main            d.u.i.k.p.i.AbstractProblemLoader Replaying proof CompletionScopes[CompletionScopes::testMultCcatchClauses()].JML normal_behavior operation contract.0 
15032      DEBUG main            d.u.i.k.p.i.IntermediateProofReplayer Proof replay took 5.8ns 
15435      INFO  main            d.u.i.k.p.r.p.TestFile    ... finished proof: closed. 
15563      INFO  main            d.u.i.k.p.i.AbstractProblemLoader Loading environment from /home/runner/work/key/key/key.core/../key.ui/examples/completionscopes/testMultCcatchClauses.key.proof 
15564      DEBUG main            d.u.i.k.p.i.AbstractProblemLoader Environment load took 1.02ms 
15568      INFO  main            d.u.i.k.p.i.AbstractProblemLoader Creating init config 
18158      DEBUG main            d.u.i.k.p.i.AbstractProblemLoader Init config took 2.59s 
18208      INFO  main            d.u.i.k.p.i.AbstractProblemLoader Replaying proof CompletionScopes[CompletionScopes::testMultCcatchClauses()].JML normal_behavior operation contract.0 
18325      DEBUG main            d.u.i.k.p.i.IntermediateProofReplayer Proof replay took 112.8ms 
18327      DEBUG main            d.u.i.k.p.r.p.TestFile    ... success: reloaded. 
18329      INFO  main            d.u.i.k.p.r.p.TestFile    Now processing file /home/runner/work/key/key/key.core/../key.ui/examples/completionscopes/testNestedExec.key 
18330      INFO  main            d.u.i.k.p.i.AbstractProblemLoader Loading environment from /home/runner/work/key/key/key.core/../key.ui/examples/completionscopes/testNestedExec.key 
18330      DEBUG main            d.u.i.k.p.i.AbstractProblemLoader Environment load took 174ns 
18332      INFO  main            d.u.i.k.p.i.AbstractProblemLoader Creating init config 
20935      DEBUG main            d.u.i.k.p.i.AbstractProblemLoader Init config took 2.6s 
20981      INFO  main            d.u.i.k.p.i.AbstractProblemLoader Replaying proof CompletionScopes[CompletionScopes::testMultCcatchClauses()].JML normal_behavior operation contract.0 
20983      DEBUG main            d.u.i.k.p.i.IntermediateProofReplayer Proof replay took 5.3ns 
21286      INFO  main            d.u.i.k.p.r.p.TestFile    ... finished proof: closed. 
21425      INFO  main            d.u.i.k.p.i.AbstractProblemLoader Loading environment from /home/runner/work/key/key/key.core/../key.ui/examples/completionscopes/testNestedExec.key.proof 
21425      DEBUG main            d.u.i.k.p.i.AbstractProblemLoader Environment load took 113ns 
21426      INFO  main            d.u.i.k.p.i.AbstractProblemLoader Creating init config 
23965      DEBUG main            d.u.i.k.p.i.AbstractProblemLoader Init config took 2.54s 
24017      INFO  main            d.u.i.k.p.i.AbstractProblemLoader Replaying proof CompletionScopes[CompletionScopes::testMultCcatchClauses()].JML normal_behavior operation contract.0 
24075      DEBUG main            d.u.i.k.p.i.IntermediateProofReplayer Proof replay took 54.73ms 
24076      DEBUG main            d.u.i.k.p.r.p.TestFile    ... success: reloaded. 
24077      INFO  main            d.u.i.k.p.r.p.TestFile    Now processing file /home/runner/work/key/key/key.core/../key.ui/examples/completionscopes/testCcatchBreakLabel.key 
24077      INFO  main            d.u.i.k.p.i.AbstractProblemLoader Loading environment from /home/runner/work/key/key/key.core/../key.ui/examples/completionscopes/testCcatchBreakLabel.key 
24077      DEBUG main            d.u.i.k.p.i.AbstractProblemLoader Environment load took 160.3ns 
24079      INFO  main            d.u.i.k.p.i.AbstractProblemLoader Creating init config 
26586      DEBUG main            d.u.i.k.p.i.AbstractProblemLoader Init config took 2.51s 
26629      INFO  main            d.u.i.k.p.i.AbstractProblemLoader Replaying proof CompletionScopes[CompletionScopes::testBreakLabel()].JML normal_behavior operation contract.0 
26631      DEBUG main            d.u.i.k.p.i.IntermediateProofReplayer Proof replay took 5.7ns 
26651      DEBUG Thread-10       d.u.i.k.l.o.ProgramSV     Match failed: Former match of  SchemaVariable incompatible with  the current match. 
26738      INFO  main            d.u.i.k.p.r.p.TestFile    ... finished proof: closed. 
26867      INFO  main            d.u.i.k.p.i.AbstractProblemLoader Loading environment from /home/runner/work/key/key/key.core/../key.ui/examples/completionscopes/testCcatchBreakLabel.key.proof 
26868      DEBUG main            d.u.i.k.p.i.AbstractProblemLoader Environment load took 115.6ns 
26869      INFO  main            d.u.i.k.p.i.AbstractProblemLoader Creating init config 
29369      DEBUG main            d.u.i.k.p.i.AbstractProblemLoader Init config took 2.5s 
29411      INFO  main            d.u.i.k.p.i.AbstractProblemLoader Replaying proof CompletionScopes[CompletionScopes::testBreakLabel()].JML normal_behavior operation contract.0 
29420      DEBUG main            d.u.i.k.p.i.IntermediateProofReplayer Proof replay took 6.52ms 
29421      DEBUG main            d.u.i.k.p.r.p.TestFile    ... success: reloaded. 
29422      INFO  main            d.u.i.k.p.r.p.TestFile    Now processing file /home/runner/work/key/key/key.core/../key.ui/examples/completionscopes/testCcatchContinueLabel.key 
29422      INFO  main            d.u.i.k.p.i.AbstractProblemLoader Loading environment from /home/runner/work/key/key/key.core/../key.ui/examples/completionscopes/testCcatchContinueLabel.key 
29423      DEBUG main            d.u.i.k.p.i.AbstractProblemLoader Environment load took 155.6ns 
29424      INFO  main            d.u.i.k.p.i.AbstractProblemLoader Creating init config 
31923      DEBUG main            d.u.i.k.p.i.AbstractProblemLoader Init config took 2.5s 
31964      INFO  main            d.u.i.k.p.i.AbstractProblemLoader Replaying proof CompletionScopes[CompletionScopes::testContinueLabel()].JML normal_behavior operation contract.0 
31966      DEBUG main            d.u.i.k.p.i.IntermediateProofReplayer Proof replay took 5.6ns 
31984      DEBUG Thread-13       d.u.i.k.l.o.ProgramSV     Match failed: Former match of  SchemaVariable incompatible with  the current match. 
32070      INFO  main            d.u.i.k.p.r.p.TestFile    ... finished proof: closed. 
32217      INFO  main            d.u.i.k.p.i.AbstractProblemLoader Loading environment from /home/runner/work/key/key/key.core/../key.ui/examples/completionscopes/testCcatchContinueLabel.key.proof 
32217      DEBUG main            d.u.i.k.p.i.AbstractProblemLoader Environment load took 138.2ns 
32218      INFO  main            d.u.i.k.p.i.AbstractProblemLoader Creating init config 
34673      DEBUG main            d.u.i.k.p.i.AbstractProblemLoader Init config took 2.45s 
34719      INFO  main            d.u.i.k.p.i.AbstractProblemLoader Replaying proof CompletionScopes[CompletionScopes::testContinueLabel()].JML normal_behavior operation contract.0 
34728      DEBUG main            d.u.i.k.p.i.IntermediateProofReplayer Proof replay took 7.39ms 
34729      DEBUG main            d.u.i.k.p.r.p.TestFile    ... success: reloaded. 
34731      INFO  main            d.u.i.k.p.r.p.TestFile    Now processing file /home/runner/work/key/key/key.core/../key.ui/examples/completionscopes/testCcatchBreakLabelWildcard.key 
34731      INFO  main            d.u.i.k.p.i.AbstractProblemLoader Loading environment from /home/runner/work/key/key/key.core/../key.ui/examples/completionscopes/testCcatchBreakLabelWildcard.key 
34731      DEBUG main            d.u.i.k.p.i.AbstractProblemLoader Environment load took 178.8ns 
34732      INFO  main            d.u.i.k.p.i.AbstractProblemLoader Creating init config 
37248      DEBUG main            d.u.i.k.p.i.AbstractProblemLoader Init config took 2.52s 
37291      INFO  main            d.u.i.k.p.i.AbstractProblemLoader Replaying proof CompletionScopes[CompletionScopes::testBreakLabelWildcard()].JML normal_behavior operation contract.0 
37294      DEBUG main            d.u.i.k.p.i.IntermediateProofReplayer Proof replay took 5.7ns 
37313      DEBUG Thread-16       d.u.i.k.l.o.ProgramSV     Match failed: Former match of  SchemaVariable incompatible with  the current match. 
37314      DEBUG Thread-16       d.u.i.k.l.o.ProgramSV     Match failed: Former match of  SchemaVariable incompatible with  the current match. 
37401      INFO  main            d.u.i.k.p.r.p.TestFile    ... finished proof: closed. 
37611      INFO  main            d.u.i.k.p.i.AbstractProblemLoader Loading environment from /home/runner/work/key/key/key.core/../key.ui/examples/completionscopes/testCcatchBreakLabelWildcard.key.proof 
37611      DEBUG main            d.u.i.k.p.i.AbstractProblemLoader Environment load took 105.7ns 
37612      INFO  main            d.u.i.k.p.i.AbstractProblemLoader Creating init config 
40074      DEBUG main            d.u.i.k.p.i.AbstractProblemLoader Init config took 2.46s 
40115      INFO  main            d.u.i.k.p.i.AbstractProblemLoader Replaying proof CompletionScopes[CompletionScopes::testBreakLabelWildcard()].JML normal_behavior operation contract.0 
40122      DEBUG main            d.u.i.k.p.i.IntermediateProofReplayer Proof replay took 5.51ms 
40123      DEBUG main            d.u.i.k.p.r.p.TestFile    ... success: reloaded. 
40124      INFO  main            d.u.i.k.p.r.p.TestFile    Now processing file /home/runner/work/key/key/key.core/../key.ui/examples/completionscopes/testCcatchContinueLabelWildcard.key 
40124      INFO  main            d.u.i.k.p.i.AbstractProblemLoader Loading environment from /home/runner/work/key/key/key.core/../key.ui/examples/completionscopes/testCcatchContinueLabelWildcard.key 
40124      DEBUG main            d.u.i.k.p.i.AbstractProblemLoader Environment load took 87.7ns 
40125      INFO  main            d.u.i.k.p.i.AbstractProblemLoader Creating init config 
42592      DEBUG main            d.u.i.k.p.i.AbstractProblemLoader Init config took 2.47s 
42632      INFO  main            d.u.i.k.p.i.AbstractProblemLoader Replaying proof CompletionScopes[CompletionScopes::testContinueLabelWildcard()].JML normal_behavior operation contract.0 
42634      DEBUG main            d.u.i.k.p.i.IntermediateProofReplayer Proof replay took 5.3ns 
42651      DEBUG Thread-19       d.u.i.k.l.o.ProgramSV     Match failed: Former match of  SchemaVariable incompatible with  the current match. 
42652      DEBUG Thread-19       d.u.i.k.l.o.ProgramSV     Match failed: Former match of  SchemaVariable incompatible with  the current match. 
42738      INFO  main            d.u.i.k.p.r.p.TestFile    ... finished proof: closed. 
42893      INFO  main            d.u.i.k.p.i.AbstractProblemLoader Loading environment from /home/runner/work/key/key/key.core/../key.ui/examples/completionscopes/testCcatchContinueLabelWildcard.key.proof 
42893      DEBUG main            d.u.i.k.p.i.AbstractProblemLoader Environment load took 106ns 
42894      INFO  main            d.u.i.k.p.i.AbstractProblemLoader Creating init config 
45328      DEBUG main            d.u.i.k.p.i.AbstractProblemLoader Init config took 2.43s 
45369      INFO  main            d.u.i.k.p.i.AbstractProblemLoader Replaying proof CompletionScopes[CompletionScopes::testContinueLabelWildcard()].JML normal_behavior operation contract.0 
45377      DEBUG main            d.u.i.k.p.i.IntermediateProofReplayer Proof replay took 6.02ms 
45378      DEBUG main            d.u.i.k.p.r.p.TestFile    ... success: reloaded. 
45379      INFO  main            d.u.i.k.p.r.p.TestFile    Now processing file /home/runner/work/key/key/key.core/../key.ui/examples/completionscopes/testCcatchBreakLabelNonmatchingNested.key 
45379      INFO  main            d.u.i.k.p.i.AbstractProblemLoader Loading environment from /home/runner/work/key/key/key.core/../key.ui/examples/completionscopes/testCcatchBreakLabelNonmatchingNested.key 
45379      DEBUG main            d.u.i.k.p.i.AbstractProblemLoader Environment load took 88.1ns 
45380      INFO  main            d.u.i.k.p.i.AbstractProblemLoader Creating init config 
47865      DEBUG main            d.u.i.k.p.i.AbstractProblemLoader Init config took 2.49s 
47904      INFO  main            d.u.i.k.p.i.AbstractProblemLoader Replaying proof CompletionScopes[CompletionScopes::testBreakLabelNonmatchingNested()].JML normal_behavior operation contract.0 
47905      DEBUG main            d.u.i.k.p.i.IntermediateProofReplayer Proof replay took 5.5ns 
47921      DEBUG Thread-22       d.u.i.k.l.o.ProgramSV     Match failed: Former match of  SchemaVariable incompatible with  the current match. 
47922      DEBUG Thread-22       d.u.i.k.l.o.ProgramSV     Match failed: Former match of  SchemaVariable incompatible with  the current match. 
48010      INFO  main            d.u.i.k.p.r.p.TestFile    ... finished proof: closed. 
48161      INFO  main            d.u.i.k.p.i.AbstractProblemLoader Loading environment from /home/runner/work/key/key/key.core/../key.ui/examples/completionscopes/testCcatchBreakLabelNonmatchingNested.key.proof 
48161      DEBUG main            d.u.i.k.p.i.AbstractProblemLoader Environment load took 112.3ns 
48162      INFO  main            d.u.i.k.p.i.AbstractProblemLoader Creating init config 
50589      DEBUG main            d.u.i.k.p.i.AbstractProblemLoader Init config took 2.43s 
50627      INFO  main            d.u.i.k.p.i.AbstractProblemLoader Replaying proof CompletionScopes[CompletionScopes::testBreakLabelNonmatchingNested()].JML normal_behavior operation contract.0 
50634      DEBUG main            d.u.i.k.p.i.IntermediateProofReplayer Proof replay took 5.88ms 
50635      DEBUG main            d.u.i.k.p.r.p.TestFile    ... success: reloaded. 
4805765    INFO  Test worker     d.u.i.k.p.r.RunAllProofsTestUnit Returning from test completionScopes 
4805767    INFO  Test worker     d.u.i.k.p.r.RunAllProofsTestUnit Running test reload_examples 
317        INFO  Timeout watchdog d.u.i.k.p.r.p.ForkedTestFileRunner Timeout watcher launched (2000 secs.) 
332        WARN  main            d.u.i.k.s.ProofSettings   The settings in /home/runner/.key/proof-settings.props are *not* read. 
384        INFO  main            d.u.i.k.p.r.p.TestFile    Now processing file /home/runner/work/key/key/key.core/../key.ui/examples/firstTouch/05-ReverseArray/reverseArray.key 
545        INFO  main            d.u.i.k.p.i.AbstractProblemLoader Loading environment from /home/runner/work/key/key/key.core/../key.ui/examples/firstTouch/05-ReverseArray/reverseArray.key 
566        DEBUG main            d.u.i.k.p.i.AbstractProblemLoader Environment load took 1.82ms 
783        INFO  main            d.u.i.k.p.i.AbstractProblemLoader Creating init config 
1814       DEBUG main            d.u.i.k.j.TypeConverter   No LDT found for Meta 
1814       DEBUG main            d.u.i.k.j.TypeConverter   No LDT found for Meta 
1817       DEBUG main            d.u.i.k.j.TypeConverter   No LDT found for Meta 
1817       DEBUG main            d.u.i.k.j.TypeConverter   No LDT found for Meta 
3147       DEBUG main            d.u.i.k.j.TypeConverter   No LDT found for JavaBigintExpression 
7902       DEBUG main            d.u.i.k.p.i.AbstractProblemLoader Init config took 7.12s 
8001       INFO  main            d.u.i.k.p.i.AbstractProblemLoader Replaying proof ReverseArray[ReverseArray::reverse()].JML normal_behavior operation contract.0 
8048       DEBUG main            d.u.i.k.p.i.IntermediateProofReplayer Proof replay took 31.7ns 
17568      INFO  main            d.u.i.k.p.r.p.TestFile    ... finished proof: closed. 
17768      INFO  main            d.u.i.k.p.i.AbstractProblemLoader Loading environment from /home/runner/work/key/key/key.core/../key.ui/examples/firstTouch/05-ReverseArray/reverseArray.key.proof 
17769      DEBUG main            d.u.i.k.p.i.AbstractProblemLoader Environment load took 390.5ns 
17771      INFO  main            d.u.i.k.p.i.AbstractProblemLoader Creating init config 
20364      DEBUG main            d.u.i.k.p.i.AbstractProblemLoader Init config took 2.59s 
20416      INFO  main            d.u.i.k.p.i.AbstractProblemLoader Replaying proof ReverseArray[ReverseArray::reverse()].JML normal_behavior operation contract.0 
20921      DEBUG main            d.u.i.k.p.i.IntermediateProofReplayer Proof replay took 443.34ms 
20934      DEBUG main            d.u.i.k.p.r.p.TestFile    ... success: reloaded. 
20937      INFO  main            d.u.i.k.p.r.p.TestFile    Now processing file /home/runner/work/key/key/key.core/../key.ui/examples/standard_key/arith/saveProofTest.key.proof 
20937      INFO  main            d.u.i.k.p.i.AbstractProblemLoader Loading environment from /home/runner/work/key/key/key.core/../key.ui/examples/standard_key/arith/saveProofTest.key.proof 
20937      DEBUG main            d.u.i.k.p.i.AbstractProblemLoader Environment load took 182.1ns 
20941      INFO  main            d.u.i.k.p.i.AbstractProblemLoader Creating init config 
23344      DEBUG main            d.u.i.k.p.i.AbstractProblemLoader Init config took 2.4s 
23371      INFO  main            d.u.i.k.p.i.AbstractProblemLoader Replaying proof saveProofTest.key.proof 
23377      DEBUG main            d.u.i.k.p.i.IntermediateProofReplayer Proof replay took 2.26ms 
23377      INFO  main            d.u.i.k.p.r.p.TestFile    ... success: loaded 
23379      INFO  main            d.u.i.k.p.r.p.TestFile    Now processing file /home/runner/work/key/key/key.core/../key.ui/examples/heap/permutedSum/perm.proof 
23379      INFO  main            d.u.i.k.p.i.AbstractProblemLoader Loading environment from /home/runner/work/key/key/key.core/../key.ui/examples/heap/permutedSum/perm.proof 
23379      DEBUG main            d.u.i.k.p.i.AbstractProblemLoader Environment load took 222ns 
23381      INFO  main            d.u.i.k.p.i.AbstractProblemLoader Creating init config 
25946      DEBUG main            d.u.i.k.p.i.AbstractProblemLoader Init config took 2.56s 
26012      INFO  main            d.u.i.k.p.i.AbstractProblemLoader Replaying proof Perm[Perm::foo()].JML normal_behavior operation contract.0 
26806      DEBUG main            d.u.i.k.p.i.IntermediateProofReplayer Proof replay took 745.73ms 
26809      INFO  main            d.u.i.k.p.r.p.TestFile    ... success: loaded 
26810      INFO  main            d.u.i.k.p.r.p.TestFile    Now processing file /home/runner/work/key/key/key.core/../key.ui/examples/firstTouch/05-ReverseArray/reverseArray.proof 
26811      INFO  main            d.u.i.k.p.i.AbstractProblemLoader Loading environment from /home/runner/work/key/key/key.core/../key.ui/examples/firstTouch/05-ReverseArray/reverseArray.proof 
26811      DEBUG main            d.u.i.k.p.i.AbstractProblemLoader Environment load took 222.6ns 
26814      INFO  main            d.u.i.k.p.i.AbstractProblemLoader Creating init config 
29241      DEBUG main            d.u.i.k.p.i.AbstractProblemLoader Init config took 2.43s 
29278      INFO  main            d.u.i.k.p.i.AbstractProblemLoader Replaying proof ReverseArray[ReverseArray::reverse()].JML normal_behavior operation contract.0 
29711      DEBUG main            d.u.i.k.p.i.IntermediateProofReplayer Proof replay took 397.09ms 
29714      INFO  main            d.u.i.k.p.r.p.TestFile    ... success: loaded 
29715      INFO  main            d.u.i.k.p.r.p.TestFile    Now processing file /home/runner/work/key/key/key.core/../key.ui/examples/heap/verifyThis15_1_RelaxedPrefix/relax.proof 
29716      INFO  main            d.u.i.k.p.i.AbstractProblemLoader Loading environment from /home/runner/work/key/key/key.core/../key.ui/examples/heap/verifyThis15_1_RelaxedPrefix/relax.proof 
29716      DEBUG main            d.u.i.k.p.i.AbstractProblemLoader Environment load took 175.3ns 
29717      INFO  main            d.u.i.k.p.i.AbstractProblemLoader Creating init config 
32135      DEBUG main            d.u.i.k.p.i.AbstractProblemLoader Init config took 2.42s 
32179      INFO  main            d.u.i.k.p.i.AbstractProblemLoader Replaying proof Relaxed[Relaxed::isRelaxedPrefix([I,[I)].JML operation contract.0 
32527      DEBUG main            d.u.i.k.p.i.IntermediateProofReplayer Proof replay took 331.57ms 
32528      INFO  main            d.u.i.k.p.r.p.TestFile    ... success: loaded 
32530      INFO  main            d.u.i.k.p.r.p.TestFile    Now processing file /home/runner/work/key/key/key.core/../key.ui/examples/heap/verifyThis15_3_DLL/doUndo.proof 
32530      INFO  main            d.u.i.k.p.i.AbstractProblemLoader Loading environment from /home/runner/work/key/key/key.core/../key.ui/examples/heap/verifyThis15_3_DLL/doUndo.proof 
32530      DEBUG main            d.u.i.k.p.i.AbstractProblemLoader Environment load took 179.1ns 
32532      INFO  main            d.u.i.k.p.i.AbstractProblemLoader Creating init config 
33385      DEBUG main            d.u.i.k.j.r.ClassPreparationMethodBuilder clPrepBuilder: Inner Class detected. Reject building class initialisation methods. 
35109      DEBUG main            d.u.i.k.p.i.AbstractProblemLoader Init config took 2.58s 
35183      INFO  main            d.u.i.k.p.i.AbstractProblemLoader Replaying proof DoubleLinkedList[DoubleLinkedList::doUndo(DoubleLinkedList.Node,int)].JML normal_behavior operation contract.0 
35603      DEBUG main            d.u.i.k.p.i.IntermediateProofReplayer Proof replay took 369.35ms 
35605      INFO  main            d.u.i.k.p.r.p.TestFile    ... success: loaded 
35606      INFO  main            d.u.i.k.p.r.p.TestFile    Now processing file /home/runner/work/key/key/key.core/../key.ui/examples/heap/verifyThis15_2_ParallelGcd/parallelGcd.proof 
35607      INFO  main            d.u.i.k.p.i.AbstractProblemLoader Loading environment from /home/runner/work/key/key/key.core/../key.ui/examples/heap/verifyThis15_2_ParallelGcd/parallelGcd.proof 
35607      DEBUG main            d.u.i.k.p.i.AbstractProblemLoader Environment load took 179.4ns 
35608      INFO  main            d.u.i.k.p.i.AbstractProblemLoader Creating init config 
38078      DEBUG main            d.u.i.k.p.i.AbstractProblemLoader Init config took 2.47s 
38127      INFO  main            d.u.i.k.p.i.AbstractProblemLoader Replaying proof ParallelGcd[ParallelGcd::parallelGcd(int,int,[Z)].JML behavior operation contract.0 
38527      DEBUG main            d.u.i.k.p.i.IntermediateProofReplayer Proof replay took 386.8ms 
38528      INFO  main            d.u.i.k.p.r.p.TestFile    ... success: loaded 
4844468    INFO  Test worker     d.u.i.k.p.r.RunAllProofsTestUnit Returning from test reload_examples 
4844469    INFO  Test worker     d.u.i.k.p.r.RunAllProofsTestUnit Running test proofLoadRepair 
303        INFO  Timeout watchdog d.u.i.k.p.r.p.ForkedTestFileRunner Timeout watcher launched (2000 secs.) 
320        WARN  main            d.u.i.k.s.ProofSettings   The settings in /home/runner/.key/proof-settings.props are *not* read. 
363        INFO  main            d.u.i.k.p.r.p.TestFile    Now processing file /home/runner/work/key/key/key.core/../key.ui/examples/proofLoadRepair/disjConj-manipulated.proof 
498        INFO  main            d.u.i.k.p.i.AbstractProblemLoader Loading environment from /home/runner/work/key/key/key.core/../key.ui/examples/proofLoadRepair/disjConj-manipulated.proof 
518        DEBUG main            d.u.i.k.p.i.AbstractProblemLoader Environment load took 1.87ms 
738        INFO  main            d.u.i.k.p.i.AbstractProblemLoader Creating init config 
1722       DEBUG main            d.u.i.k.j.TypeConverter   No LDT found for Meta 
1723       DEBUG main            d.u.i.k.j.TypeConverter   No LDT found for Meta 
1725       DEBUG main            d.u.i.k.j.TypeConverter   No LDT found for Meta 
1726       DEBUG main            d.u.i.k.j.TypeConverter   No LDT found for Meta 
3040       DEBUG main            d.u.i.k.j.TypeConverter   No LDT found for JavaBigintExpression 
7738       DEBUG main            d.u.i.k.p.i.AbstractProblemLoader Init config took 7s 
7795       INFO  main            d.u.i.k.p.i.AbstractProblemLoader Replaying proof disjConj-manipulated.proof 
7835       WARN  main            d.u.i.k.p.i.IntermediateProofReplayer Proof contains wrong number of \assumes instatiations for andLeft 
7836       WARN  main            d.u.i.k.p.i.IntermediateProofReplayer Proof contains wrong number of \assumes instatiations for replace_known_right 
7839       WARN  main            d.u.i.k.p.i.IntermediateProofReplayer Proof contains wrong number of \assumes instatiations for close 
7839       DEBUG main            d.u.i.k.p.i.IntermediateProofReplayer Proof replay took 12.66ms 
7843       INFO  main            d.u.i.k.p.r.p.TestFile    ... success: loaded 
7847       INFO  main            d.u.i.k.p.r.p.TestFile    Now processing file /home/runner/work/key/key/key.core/../key.ui/examples/proofLoadRepair/insufficient-manipulated.proof 
7847       INFO  main            d.u.i.k.p.i.AbstractProblemLoader Loading environment from /home/runner/work/key/key/key.core/../key.ui/examples/proofLoadRepair/insufficient-manipulated.proof 
7848       DEBUG main            d.u.i.k.p.i.AbstractProblemLoader Environment load took 225.7ns 
7851       INFO  main            d.u.i.k.p.i.AbstractProblemLoader Creating init config 
10486      DEBUG main            d.u.i.k.p.i.AbstractProblemLoader Init config took 2.63s 
10516      INFO  main            d.u.i.k.p.i.AbstractProblemLoader Replaying proof insufficient-manipulated.proof 
10534      WARN  main            d.u.i.k.p.i.IntermediateProofReplayer Proof contains wrong number of \assumes instatiations for applyEq 
10542      DEBUG main            d.u.i.k.p.i.IntermediateProofReplayer Proof replay took 9.39ms 
10544      INFO  main            d.u.i.k.p.r.p.TestFile    ... success: loading failed 
10546      INFO  main            d.u.i.k.p.r.p.TestFile    Now processing file /home/runner/work/key/key/key.core/../key.ui/examples/../../key.core/src/test/resources/testcase/issues/1716/incorrectPolarity.proof 
10546      INFO  main            d.u.i.k.p.i.AbstractProblemLoader Loading environment from /home/runner/work/key/key/key.core/../key.ui/examples/../../key.core/src/test/resources/testcase/issues/1716/incorrectPolarity.proof 
10546      DEBUG main            d.u.i.k.p.i.AbstractProblemLoader Environment load took 185.2ns 
10548      INFO  main            d.u.i.k.p.i.AbstractProblemLoader Creating init config 
13070      DEBUG main            d.u.i.k.p.i.AbstractProblemLoader Init config took 2.52s 
13098      INFO  main            d.u.i.k.p.i.AbstractProblemLoader Replaying proof incorrectPolarity.proof 
13101      DEBUG main            d.u.i.k.p.i.IntermediateProofReplayer Proof replay took 189.4ns 
13102      INFO  main            d.u.i.k.p.r.p.TestFile    ... success: loading failed 
13102      INFO  main            d.u.i.k.p.r.p.TestFile    Now processing file /home/runner/work/key/key/key.core/../key.ui/examples/../../key.core/src/test/resources/testcase/issues/1716/incorrectPolarity2.proof 
13103      INFO  main            d.u.i.k.p.i.AbstractProblemLoader Loading environment from /home/runner/work/key/key/key.core/../key.ui/examples/../../key.core/src/test/resources/testcase/issues/1716/incorrectPolarity2.proof 
13103      DEBUG main            d.u.i.k.p.i.AbstractProblemLoader Environment load took 206.1ns 
13104      INFO  main            d.u.i.k.p.i.AbstractProblemLoader Creating init config 
15484      DEBUG main            d.u.i.k.p.i.AbstractProblemLoader Init config took 2.38s 
15516      INFO  main            d.u.i.k.p.i.AbstractProblemLoader Replaying proof incorrectPolarity2.proof 
15520      DEBUG main            d.u.i.k.p.i.IntermediateProofReplayer Proof replay took 327.4ns 
15521      INFO  main            d.u.i.k.p.r.p.TestFile    ... success: loading failed 
15522      INFO  main            d.u.i.k.p.r.p.TestFile    Now processing file /home/runner/work/key/key/key.core/../key.ui/examples/../../key.core/src/test/resources/testcase/issues/1716/incorrectPolarity3.proof 
15522      INFO  main            d.u.i.k.p.i.AbstractProblemLoader Loading environment from /home/runner/work/key/key/key.core/../key.ui/examples/../../key.core/src/test/resources/testcase/issues/1716/incorrectPolarity3.proof 
15522      DEBUG main            d.u.i.k.p.i.AbstractProblemLoader Environment load took 105.2ns 
15525      INFO  main            d.u.i.k.p.i.AbstractProblemLoader Creating init config 
17834      DEBUG main            d.u.i.k.p.i.AbstractProblemLoader Init config took 2.31s 
17863      INFO  main            d.u.i.k.p.i.AbstractProblemLoader Replaying proof incorrectPolarity3.proof 
17869      DEBUG main            d.u.i.k.p.i.IntermediateProofReplayer Proof replay took 1.29ms 
17874      INFO  main            d.u.i.k.p.r.p.TestFile    ... success: loading failed 
4862507    INFO  Test worker     d.u.i.k.p.r.RunAllProofsTestUnit Returning from test proofLoadRepair 
4862508    INFO  Test worker     d.u.i.k.p.r.RunAllProofsTestUnit Running test switch 
340        INFO  Timeout watchdog d.u.i.k.p.r.p.ForkedTestFileRunner Timeout watcher launched (2000 secs.) 
354        WARN  main            d.u.i.k.s.ProofSettings   The settings in /home/runner/.key/proof-settings.props are *not* read. 
380        INFO  main            d.u.i.k.p.r.p.TestFile    Now processing file /home/runner/work/key/key/key.core/../key.ui/examples/standard_key/java_dl/switch/labeled_case.key 
483        INFO  main            d.u.i.k.p.i.AbstractProblemLoader Loading environment from /home/runner/work/key/key/key.core/../key.ui/examples/standard_key/java_dl/switch/labeled_case.key 
503        DEBUG main            d.u.i.k.p.i.AbstractProblemLoader Environment load took 1.82ms 
710        INFO  main            d.u.i.k.p.i.AbstractProblemLoader Creating init config 
1638       DEBUG main            d.u.i.k.j.TypeConverter   No LDT found for Meta 
1639       DEBUG main            d.u.i.k.j.TypeConverter   No LDT found for Meta 
1642       DEBUG main            d.u.i.k.j.TypeConverter   No LDT found for Meta 
1642       DEBUG main            d.u.i.k.j.TypeConverter   No LDT found for Meta 
3337       DEBUG main            d.u.i.k.j.TypeConverter   No LDT found for JavaBigintExpression 
8009       DEBUG main            d.u.i.k.p.i.AbstractProblemLoader Init config took 7.3s 
8129       INFO  main            d.u.i.k.p.i.AbstractProblemLoader Replaying proof LabeledCase[LabeledCase::m(int)].JML normal_behavior operation contract.0 
8158       DEBUG main            d.u.i.k.p.i.IntermediateProofReplayer Proof replay took 32.1ns 
8790       INFO  main            d.u.i.k.p.r.p.TestFile    ... finished proof: closed. 
8891       INFO  main            d.u.i.k.p.i.AbstractProblemLoader Loading environment from /home/runner/work/key/key/key.core/../key.ui/examples/standard_key/java_dl/switch/labeled_case.key.proof 
8891       DEBUG main            d.u.i.k.p.i.AbstractProblemLoader Environment load took 338.3ns 
8893       INFO  main            d.u.i.k.p.i.AbstractProblemLoader Creating init config 
11706      DEBUG main            d.u.i.k.p.i.AbstractProblemLoader Init config took 2.81s 
11766      INFO  main            d.u.i.k.p.i.AbstractProblemLoader Replaying proof LabeledCase[LabeledCase::m(int)].JML normal_behavior operation contract.0 
11813      DEBUG main            d.u.i.k.p.i.IntermediateProofReplayer Proof replay took 42.01ms 
11820      DEBUG main            d.u.i.k.p.r.p.TestFile    ... success: reloaded. 
11821      INFO  main            d.u.i.k.p.r.p.TestFile    Now processing file /home/runner/work/key/key/key.core/../key.ui/examples/standard_key/java_dl/switch/empty_switch.key 
11821      INFO  main            d.u.i.k.p.i.AbstractProblemLoader Loading environment from /home/runner/work/key/key/key.core/../key.ui/examples/standard_key/java_dl/switch/empty_switch.key 
11821      DEBUG main            d.u.i.k.p.i.AbstractProblemLoader Environment load took 174.5ns 
11823      INFO  main            d.u.i.k.p.i.AbstractProblemLoader Creating init config 
14247      DEBUG main            d.u.i.k.p.i.AbstractProblemLoader Init config took 2.42s 
14276      INFO  main            d.u.i.k.p.i.AbstractProblemLoader Replaying proof empty_switch.key 
14279      DEBUG main            d.u.i.k.p.i.IntermediateProofReplayer Proof replay took 6.7ns 
14381      INFO  main            d.u.i.k.p.r.p.TestFile    ... finished proof: closed. 
14499      INFO  main            d.u.i.k.p.i.AbstractProblemLoader Loading environment from /home/runner/work/key/key/key.core/../key.ui/examples/standard_key/java_dl/switch/empty_switch.key.proof 
14499      DEBUG main            d.u.i.k.p.i.AbstractProblemLoader Environment load took 126.3ns 
14502      INFO  main            d.u.i.k.p.i.AbstractProblemLoader Creating init config 
16916      DEBUG main            d.u.i.k.p.i.AbstractProblemLoader Init config took 2.41s 
16940      INFO  main            d.u.i.k.p.i.AbstractProblemLoader Replaying proof empty_switch.key.proof 
16944      DEBUG main            d.u.i.k.p.i.IntermediateProofReplayer Proof replay took 1.66ms 
16945      DEBUG main            d.u.i.k.p.r.p.TestFile    ... success: reloaded. 
16946      INFO  main            d.u.i.k.p.r.p.TestFile    Now processing file /home/runner/work/key/key/key.core/../key.ui/examples/standard_key/java_dl/switch/empty_switch_null.key 
16946      INFO  main            d.u.i.k.p.i.AbstractProblemLoader Loading environment from /home/runner/work/key/key/key.core/../key.ui/examples/standard_key/java_dl/switch/empty_switch_null.key 
16947      DEBUG main            d.u.i.k.p.i.AbstractProblemLoader Environment load took 163.2ns 
16948      INFO  main            d.u.i.k.p.i.AbstractProblemLoader Creating init config 
19293      DEBUG main            d.u.i.k.p.i.AbstractProblemLoader Init config took 2.34s 
19314      INFO  main            d.u.i.k.p.i.AbstractProblemLoader Replaying proof empty_switch_null.key 
19316      DEBUG main            d.u.i.k.p.i.IntermediateProofReplayer Proof replay took 5.6ns 
19520      INFO  main            d.u.i.k.p.r.p.TestFile    ... finished proof: closed. 
19669      INFO  main            d.u.i.k.p.i.AbstractProblemLoader Loading environment from /home/runner/work/key/key/key.core/../key.ui/examples/standard_key/java_dl/switch/empty_switch_null.key.proof 
19669      DEBUG main            d.u.i.k.p.i.AbstractProblemLoader Environment load took 120.9ns 
19670      INFO  main            d.u.i.k.p.i.AbstractProblemLoader Creating init config 
21966      DEBUG main            d.u.i.k.p.i.AbstractProblemLoader Init config took 2.3s 
21986      INFO  main            d.u.i.k.p.i.AbstractProblemLoader Replaying proof empty_switch_null.key.proof 
22014      DEBUG main            d.u.i.k.p.i.IntermediateProofReplayer Proof replay took 25.38ms 
22015      DEBUG main            d.u.i.k.p.r.p.TestFile    ... success: reloaded. 
22016      INFO  main            d.u.i.k.p.r.p.TestFile    Now processing file /home/runner/work/key/key/key.core/../key.ui/examples/standard_key/java_dl/switch/empty_switch_null_catch.key 
22016      INFO  main            d.u.i.k.p.i.AbstractProblemLoader Loading environment from /home/runner/work/key/key/key.core/../key.ui/examples/standard_key/java_dl/switch/empty_switch_null_catch.key 
22017      DEBUG main            d.u.i.k.p.i.AbstractProblemLoader Environment load took 161.2ns 
22018      INFO  main            d.u.i.k.p.i.AbstractProblemLoader Creating init config 
24368      DEBUG main            d.u.i.k.p.i.AbstractProblemLoader Init config took 2.35s 
24389      INFO  main            d.u.i.k.p.i.AbstractProblemLoader Replaying proof empty_switch_null_catch.key 
24390      DEBUG main            d.u.i.k.p.i.IntermediateProofReplayer Proof replay took 6.1ns 
24597      INFO  main            d.u.i.k.p.r.p.TestFile    ... finished proof: closed. 
24748      INFO  main            d.u.i.k.p.i.AbstractProblemLoader Loading environment from /home/runner/work/key/key/key.core/../key.ui/examples/standard_key/java_dl/switch/empty_switch_null_catch.key.proof 
24748      DEBUG main            d.u.i.k.p.i.AbstractProblemLoader Environment load took 112ns 
24749      INFO  main            d.u.i.k.p.i.AbstractProblemLoader Creating init config 
27087      DEBUG main            d.u.i.k.p.i.AbstractProblemLoader Init config took 2.34s 
27110      INFO  main            d.u.i.k.p.i.AbstractProblemLoader Replaying proof empty_switch_null_catch.key.proof 
27164      DEBUG main            d.u.i.k.p.i.IntermediateProofReplayer Proof replay took 49.01ms 
27165      DEBUG main            d.u.i.k.p.r.p.TestFile    ... success: reloaded. 
27166      INFO  main            d.u.i.k.p.r.p.TestFile    Now processing file /home/runner/work/key/key/key.core/../key.ui/examples/standard_key/java_dl/switch/empty_switch_array_out_of_bounds.key 
27166      INFO  main            d.u.i.k.p.i.AbstractProblemLoader Loading environment from /home/runner/work/key/key/key.core/../key.ui/examples/standard_key/java_dl/switch/empty_switch_array_out_of_bounds.key 
27166      DEBUG main            d.u.i.k.p.i.AbstractProblemLoader Environment load took 87ns 
27167      INFO  main            d.u.i.k.p.i.AbstractProblemLoader Creating init config 
29500      DEBUG main            d.u.i.k.p.i.AbstractProblemLoader Init config took 2.33s 
29519      INFO  main            d.u.i.k.p.i.AbstractProblemLoader Replaying proof empty_switch_array_out_of_bounds.key 
29522      DEBUG main            d.u.i.k.p.i.IntermediateProofReplayer Proof replay took 5.9ns 
29728      INFO  main            d.u.i.k.p.r.p.TestFile    ... finished proof: closed. 
29880      INFO  main            d.u.i.k.p.i.AbstractProblemLoader Loading environment from /home/runner/work/key/key/key.core/../key.ui/examples/standard_key/java_dl/switch/empty_switch_array_out_of_bounds.key.proof 
29880      DEBUG main            d.u.i.k.p.i.AbstractProblemLoader Environment load took 338.7ns 
29882      INFO  main            d.u.i.k.p.i.AbstractProblemLoader Creating init config 
32169      DEBUG main            d.u.i.k.p.i.AbstractProblemLoader Init config took 2.29s 
32189      INFO  main            d.u.i.k.p.i.AbstractProblemLoader Replaying proof empty_switch_array_out_of_bounds.key.proof 
32237      DEBUG main            d.u.i.k.p.i.IntermediateProofReplayer Proof replay took 44.82ms 
32238      DEBUG main            d.u.i.k.p.r.p.TestFile    ... success: reloaded. 
32239      INFO  main            d.u.i.k.p.r.p.TestFile    Now processing file /home/runner/work/key/key/key.core/../key.ui/examples/standard_key/java_dl/switch/empty_switch_array_out_of_bounds_catch.key 
32239      INFO  main            d.u.i.k.p.i.AbstractProblemLoader Loading environment from /home/runner/work/key/key/key.core/../key.ui/examples/standard_key/java_dl/switch/empty_switch_array_out_of_bounds_catch.key 
32239      DEBUG main            d.u.i.k.p.i.AbstractProblemLoader Environment load took 159.9ns 
32240      INFO  main            d.u.i.k.p.i.AbstractProblemLoader Creating init config 
34567      DEBUG main            d.u.i.k.p.i.AbstractProblemLoader Init config took 2.33s 
34587      INFO  main            d.u.i.k.p.i.AbstractProblemLoader Replaying proof empty_switch_array_out_of_bounds_catch.key 
34590      DEBUG main            d.u.i.k.p.i.IntermediateProofReplayer Proof replay took 5.7ns 
34797      INFO  main            d.u.i.k.p.r.p.TestFile    ... finished proof: closed. 
35018      INFO  main            d.u.i.k.p.i.AbstractProblemLoader Loading environment from /home/runner/work/key/key/key.core/../key.ui/examples/standard_key/java_dl/switch/empty_switch_array_out_of_bounds_catch.key.proof 
35018      DEBUG main            d.u.i.k.p.i.AbstractProblemLoader Environment load took 113.9ns 
35019      INFO  main            d.u.i.k.p.i.AbstractProblemLoader Creating init config 
37294      DEBUG main            d.u.i.k.p.i.AbstractProblemLoader Init config took 2.27s 
37313      INFO  main            d.u.i.k.p.i.AbstractProblemLoader Replaying proof empty_switch_array_out_of_bounds_catch.key.proof 
37362      DEBUG main            d.u.i.k.p.i.IntermediateProofReplayer Proof replay took 46.67ms 
37363      DEBUG main            d.u.i.k.p.r.p.TestFile    ... success: reloaded. 
37364      INFO  main            d.u.i.k.p.r.p.TestFile    Now processing file /home/runner/work/key/key/key.core/../key.ui/examples/standard_key/java_dl/switch/switch_in_switch.key 
37364      INFO  main            d.u.i.k.p.i.AbstractProblemLoader Loading environment from /home/runner/work/key/key/key.core/../key.ui/examples/standard_key/java_dl/switch/switch_in_switch.key 
37365      DEBUG main            d.u.i.k.p.i.AbstractProblemLoader Environment load took 62.1ns 
37365      INFO  main            d.u.i.k.p.i.AbstractProblemLoader Creating init config 
39761      DEBUG main            d.u.i.k.p.i.AbstractProblemLoader Init config took 2.4s 
39804      INFO  main            d.u.i.k.p.i.AbstractProblemLoader Replaying proof SwitchInSwitch[SwitchInSwitch::m(int)].JML normal_behavior operation contract.0 
39805      DEBUG main            d.u.i.k.p.i.IntermediateProofReplayer Proof replay took 5.7ns 
44124      INFO  main            d.u.i.k.p.r.p.TestFile    ... finished proof: closed. 
44352      INFO  main            d.u.i.k.p.i.AbstractProblemLoader Loading environment from /home/runner/work/key/key/key.core/../key.ui/examples/standard_key/java_dl/switch/switch_in_switch.key.proof 
44353      DEBUG main            d.u.i.k.p.i.AbstractProblemLoader Environment load took 1.36ms 
44360      INFO  main            d.u.i.k.p.i.AbstractProblemLoader Creating init config 
46690      DEBUG main            d.u.i.k.p.i.AbstractProblemLoader Init config took 2.33s 
46730      INFO  main            d.u.i.k.p.i.AbstractProblemLoader Replaying proof SwitchInSwitch[SwitchInSwitch::m(int)].JML normal_behavior operation contract.0 
47075      DEBUG main            d.u.i.k.p.i.IntermediateProofReplayer Proof replay took 316.06ms 
47077      DEBUG main            d.u.i.k.p.r.p.TestFile    ... success: reloaded. 
47078      INFO  main            d.u.i.k.p.r.p.TestFile    Now processing file /home/runner/work/key/key/key.core/../key.ui/examples/standard_key/java_dl/switch/while_and_switch.key 
47078      INFO  main            d.u.i.k.p.i.AbstractProblemLoader Loading environment from /home/runner/work/key/key/key.core/../key.ui/examples/standard_key/java_dl/switch/while_and_switch.key 
47078      DEBUG main            d.u.i.k.p.i.AbstractProblemLoader Environment load took 172.2ns 
47079      INFO  main            d.u.i.k.p.i.AbstractProblemLoader Creating init config 
49445      DEBUG main            d.u.i.k.p.i.AbstractProblemLoader Init config took 2.37s 
49484      INFO  main            d.u.i.k.p.i.AbstractProblemLoader Replaying proof WhileAndSwitch[WhileAndSwitch::m(int)].JML normal_behavior operation contract.0 
49487      DEBUG main            d.u.i.k.p.i.IntermediateProofReplayer Proof replay took 6.6ns 
50293      INFO  main            d.u.i.k.p.r.p.TestFile    ... finished proof: closed. 
50464      INFO  main            d.u.i.k.p.i.AbstractProblemLoader Loading environment from /home/runner/work/key/key/key.core/../key.ui/examples/standard_key/java_dl/switch/while_and_switch.key.proof 
50465      DEBUG main            d.u.i.k.p.i.AbstractProblemLoader Environment load took 316.9ns 
50466      INFO  main            d.u.i.k.p.i.AbstractProblemLoader Creating init config 
52790      DEBUG main            d.u.i.k.p.i.AbstractProblemLoader Init config took 2.32s 
52840      INFO  main            d.u.i.k.p.i.AbstractProblemLoader Replaying proof WhileAndSwitch[WhileAndSwitch::m(int)].JML normal_behavior operation contract.0 
52944      DEBUG main            d.u.i.k.p.i.IntermediateProofReplayer Proof replay took 94.99ms 
52947      DEBUG main            d.u.i.k.p.r.p.TestFile    ... success: reloaded. 
52949      INFO  main            d.u.i.k.p.r.p.TestFile    Now processing file /home/runner/work/key/key/key.core/../key.ui/examples/standard_key/java_dl/switch/large_switch.key 
52951      INFO  main            d.u.i.k.p.i.AbstractProblemLoader Loading environment from /home/runner/work/key/key/key.core/../key.ui/examples/standard_key/java_dl/switch/large_switch.key 
52951      DEBUG main            d.u.i.k.p.i.AbstractProblemLoader Environment load took 392.6ns 
52952      INFO  main            d.u.i.k.p.i.AbstractProblemLoader Creating init config 
55358      DEBUG main            d.u.i.k.p.i.AbstractProblemLoader Init config took 2.41s 
55395      INFO  main            d.u.i.k.p.i.AbstractProblemLoader Replaying proof LargeSwitch[LargeSwitch::m(int)].JML normal_behavior operation contract.0 
55396      DEBUG main            d.u.i.k.p.i.IntermediateProofReplayer Proof replay took 15.4ns 
56706      INFO  main            d.u.i.k.p.r.p.TestFile    ... finished proof: closed. 
56888      INFO  main            d.u.i.k.p.i.AbstractProblemLoader Loading environment from /home/runner/work/key/key/key.core/../key.ui/examples/standard_key/java_dl/switch/large_switch.key.proof 
56888      DEBUG main            d.u.i.k.p.i.AbstractProblemLoader Environment load took 316.4ns 
56890      INFO  main            d.u.i.k.p.i.AbstractProblemLoader Creating init config 
59197      DEBUG main            d.u.i.k.p.i.AbstractProblemLoader Init config took 2.31s 
59241      INFO  main            d.u.i.k.p.i.AbstractProblemLoader Replaying proof LargeSwitch[LargeSwitch::m(int)].JML normal_behavior operation contract.0 
59493      DEBUG main            d.u.i.k.p.i.IntermediateProofReplayer Proof replay took 234.87ms 
59495      DEBUG main            d.u.i.k.p.r.p.TestFile    ... success: reloaded. 
4922188    INFO  Test worker     d.u.i.k.p.r.RunAllProofsTestUnit Returning from test switch 
4922190    INFO  Test worker     d.u.i.k.p.r.RunAllProofsTestUnit Running test redux 
349        INFO  Timeout watchdog d.u.i.k.p.r.p.ForkedTestFileRunner Timeout watcher launched (2000 secs.) 
378        WARN  main            d.u.i.k.s.ProofSettings   The settings in /home/runner/.key/proof-settings.props are *not* read. 
418        INFO  main            d.u.i.k.p.r.p.TestFile    Now processing file /home/runner/work/key/key/key.core/../key.ui/examples/redux/arrays/Arrays.copyOf.key 
541        INFO  main            d.u.i.k.p.i.AbstractProblemLoader Loading environment from /home/runner/work/key/key/key.core/../key.ui/examples/redux/arrays/Arrays.copyOf.key 
561        DEBUG main            d.u.i.k.p.i.AbstractProblemLoader Environment load took 2.11ms 
763        INFO  main            d.u.i.k.p.i.AbstractProblemLoader Creating init config 
1602       DEBUG main            d.u.i.k.j.TypeConverter   No LDT found for Meta 
1603       DEBUG main            d.u.i.k.j.TypeConverter   No LDT found for Meta 
1604       DEBUG main            d.u.i.k.j.TypeConverter   No LDT found for Meta 
1605       DEBUG main            d.u.i.k.j.TypeConverter   No LDT found for Meta 
3053       DEBUG main            d.u.i.k.j.TypeConverter   No LDT found for JavaBigintExpression 
8651       DEBUG main            d.u.i.k.p.i.AbstractProblemLoader Init config took 7.89s 
8801       INFO  main            d.u.i.k.p.i.AbstractProblemLoader Replaying proof Arrays[Arrays::copyOf([I,int)].JML normal_behavior operation contract.0 
8830       DEBUG main            d.u.i.k.p.i.IntermediateProofReplayer Proof replay took 32.4ns 
13763      INFO  main            d.u.i.k.p.r.p.TestFile    ... finished proof: closed. 
13916      INFO  main            d.u.i.k.p.i.AbstractProblemLoader Loading environment from /home/runner/work/key/key/key.core/../key.ui/examples/redux/arrays/Arrays.copyOf.key.proof 
13917      DEBUG main            d.u.i.k.p.i.AbstractProblemLoader Environment load took 365.1ns 
13920      INFO  main            d.u.i.k.p.i.AbstractProblemLoader Creating init config 
17202      DEBUG main            d.u.i.k.p.i.AbstractProblemLoader Init config took 3.28s 
17259      INFO  main            d.u.i.k.p.i.AbstractProblemLoader Replaying proof Arrays[Arrays::copyOf([I,int)].JML normal_behavior operation contract.0 
17624      DEBUG main            d.u.i.k.p.i.IntermediateProofReplayer Proof replay took 344.16ms 
17631      DEBUG main            d.u.i.k.p.r.p.TestFile    ... success: reloaded. 
17633      INFO  main            d.u.i.k.p.r.p.TestFile    Now processing file /home/runner/work/key/key/key.core/../key.ui/examples/redux/arrays/Arrays.copyOf.float.key 
17633      INFO  main            d.u.i.k.p.i.AbstractProblemLoader Loading environment from /home/runner/work/key/key/key.core/../key.ui/examples/redux/arrays/Arrays.copyOf.float.key 
17633      DEBUG main            d.u.i.k.p.i.AbstractProblemLoader Environment load took 196.1ns 
17635      INFO  main            d.u.i.k.p.i.AbstractProblemLoader Creating init config 
20763      DEBUG main            d.u.i.k.p.i.AbstractProblemLoader Init config took 3.13s 
20844      INFO  main            d.u.i.k.p.i.AbstractProblemLoader Replaying proof Arrays[Arrays::copyOf([F,int)].JML normal_behavior operation contract.0 
20848      DEBUG main            d.u.i.k.p.i.IntermediateProofReplayer Proof replay took 5.6ns 
20880      DEBUG main            d.u.i.k.m.s.ProofScriptEngine [1] goal: 0, source line: 6, command: 'macro autopilot' 
24862      DEBUG main            d.u.i.k.m.s.ProofScriptEngine [2] goal: 17, source line: 7, command: 'smt solver=Z3' 
24953      INFO  main            d.u.i.k.m.s.SMTCommand    Finished run on goal 17 in 63ms, result is valid 
24954      DEBUG main            d.u.i.k.m.s.ProofScriptEngine [3] goal: 309, source line: 8, command: 'tryclose' 
26561      INFO  main            d.u.i.k.p.r.p.TestFile    ... finished proof: closed. 
26731      INFO  main            d.u.i.k.p.i.AbstractProblemLoader Loading environment from /home/runner/work/key/key/key.core/../key.ui/examples/redux/arrays/Arrays.copyOf.float.key.proof 
26731      DEBUG main            d.u.i.k.p.i.AbstractProblemLoader Environment load took 328.2ns 
26735      INFO  main            d.u.i.k.p.i.AbstractProblemLoader Creating init config 
29774      DEBUG main            d.u.i.k.p.i.AbstractProblemLoader Init config took 3.04s 
29826      INFO  main            d.u.i.k.p.i.AbstractProblemLoader Replaying proof Arrays[Arrays::copyOf([F,int)].JML normal_behavior operation contract.0 
29909      INFO  main            d.u.i.k.s.SMTFocusResults Analyzing unsat core: (L_6) 
30435      DEBUG main            d.u.i.k.p.i.IntermediateProofReplayer Proof replay took 588.47ms 
30436      DEBUG main            d.u.i.k.p.r.p.TestFile    ... success: reloaded. 
30437      INFO  main            d.u.i.k.p.r.p.TestFile    Now processing file /home/runner/work/key/key/key.core/../key.ui/examples/redux/arrays/Arrays.copyOfRange.key 
30438      INFO  main            d.u.i.k.p.i.AbstractProblemLoader Loading environment from /home/runner/work/key/key/key.core/../key.ui/examples/redux/arrays/Arrays.copyOfRange.key 
30438      DEBUG main            d.u.i.k.p.i.AbstractProblemLoader Environment load took 172.1ns 
30439      INFO  main            d.u.i.k.p.i.AbstractProblemLoader Creating init config 
33555      DEBUG main            d.u.i.k.p.i.AbstractProblemLoader Init config took 3.12s 
33598      INFO  main            d.u.i.k.p.i.AbstractProblemLoader Replaying proof Arrays[Arrays::copyOfRange([I,int,int)].JML normal_behavior operation contract.0 
33600      DEBUG main            d.u.i.k.p.i.IntermediateProofReplayer Proof replay took 5ns 
37642      INFO  main            d.u.i.k.p.r.p.TestFile    ... finished proof: closed. 
37880      INFO  main            d.u.i.k.p.i.AbstractProblemLoader Loading environment from /home/runner/work/key/key/key.core/../key.ui/examples/redux/arrays/Arrays.copyOfRange.key.proof 
37880      DEBUG main            d.u.i.k.p.i.AbstractProblemLoader Environment load took 331.4ns 
37882      INFO  main            d.u.i.k.p.i.AbstractProblemLoader Creating init config 
40831      DEBUG main            d.u.i.k.p.i.AbstractProblemLoader Init config took 2.95s 
40892      INFO  main            d.u.i.k.p.i.AbstractProblemLoader Replaying proof Arrays[Arrays::copyOfRange([I,int,int)].JML normal_behavior operation contract.0 
41220      DEBUG main            d.u.i.k.p.i.IntermediateProofReplayer Proof replay took 307.96ms 
41222      DEBUG main            d.u.i.k.p.r.p.TestFile    ... success: reloaded. 
41223      INFO  main            d.u.i.k.p.r.p.TestFile    Now processing file /home/runner/work/key/key/key.core/../key.ui/examples/redux/arrays/Arrays.copyOfRange.float.key 
41223      INFO  main            d.u.i.k.p.i.AbstractProblemLoader Loading environment from /home/runner/work/key/key/key.core/../key.ui/examples/redux/arrays/Arrays.copyOfRange.float.key 
41223      DEBUG main            d.u.i.k.p.i.AbstractProblemLoader Environment load took 161.2ns 
41224      INFO  main            d.u.i.k.p.i.AbstractProblemLoader Creating init config 
44192      DEBUG main            d.u.i.k.p.i.AbstractProblemLoader Init config took 2.97s 
44233      INFO  main            d.u.i.k.p.i.AbstractProblemLoader Replaying proof Arrays[Arrays::copyOfRange([F,int,int)].JML normal_behavior operation contract.0 
44235      DEBUG main            d.u.i.k.p.i.IntermediateProofReplayer Proof replay took 5.6ns 
44235      DEBUG main            d.u.i.k.m.s.ProofScriptEngine [1] goal: 0, source line: 6, command: 'macro autopilot' 
49591      DEBUG main            d.u.i.k.m.s.ProofScriptEngine [2] goal: 27, source line: 7, command: 'smt solver=Z3' 
49635      INFO  main            d.u.i.k.m.s.SMTCommand    Finished run on goal 27 in 40ms, result is valid 
49636      DEBUG main            d.u.i.k.m.s.ProofScriptEngine [3] goal: 375, source line: 8, command: 'tryclose' 
52650      INFO  main            d.u.i.k.p.r.p.TestFile    ... finished proof: closed. 
52845      INFO  main            d.u.i.k.p.i.AbstractProblemLoader Loading environment from /home/runner/work/key/key/key.core/../key.ui/examples/redux/arrays/Arrays.copyOfRange.float.key.proof 
52846      DEBUG main            d.u.i.k.p.i.AbstractProblemLoader Environment load took 326.7ns 
52848      INFO  main            d.u.i.k.p.i.AbstractProblemLoader Creating init config 
55825      DEBUG main            d.u.i.k.p.i.AbstractProblemLoader Init config took 2.98s 
55867      INFO  main            d.u.i.k.p.i.AbstractProblemLoader Replaying proof Arrays[Arrays::copyOfRange([F,int,int)].JML normal_behavior operation contract.0 
55936      INFO  main            d.u.i.k.s.SMTFocusResults Analyzing unsat core: (L_8) 
56524      DEBUG main            d.u.i.k.p.i.IntermediateProofReplayer Proof replay took 633.67ms 
56526      DEBUG main            d.u.i.k.p.r.p.TestFile    ... success: reloaded. 
56527      INFO  main            d.u.i.k.p.r.p.TestFile    Now processing file /home/runner/work/key/key/key.core/../key.ui/examples/redux/arrays/Arrays.equals.key 
56527      INFO  main            d.u.i.k.p.i.AbstractProblemLoader Loading environment from /home/runner/work/key/key/key.core/../key.ui/examples/redux/arrays/Arrays.equals.key 
56528      DEBUG main            d.u.i.k.p.i.AbstractProblemLoader Environment load took 163.3ns 
56528      INFO  main            d.u.i.k.p.i.AbstractProblemLoader Creating init config 
59529      DEBUG main            d.u.i.k.p.i.AbstractProblemLoader Init config took 3s 
59568      INFO  main            d.u.i.k.p.i.AbstractProblemLoader Replaying proof Arrays[Arrays::equals([B,[B)].JML normal_behavior operation contract.0 
59570      DEBUG main            d.u.i.k.p.i.IntermediateProofReplayer Proof replay took 4.9ns 
60077      INFO  main            d.u.i.k.p.r.p.TestFile    ... finished proof: closed. 
60300      INFO  main            d.u.i.k.p.i.AbstractProblemLoader Loading environment from /home/runner/work/key/key/key.core/../key.ui/examples/redux/arrays/Arrays.equals.key.proof 
60300      DEBUG main            d.u.i.k.p.i.AbstractProblemLoader Environment load took 369.9ns 
60301      INFO  main            d.u.i.k.p.i.AbstractProblemLoader Creating init config 
63229      DEBUG main            d.u.i.k.p.i.AbstractProblemLoader Init config took 2.93s 
63268      INFO  main            d.u.i.k.p.i.AbstractProblemLoader Replaying proof Arrays[Arrays::equals([B,[B)].JML normal_behavior operation contract.0 
63370      DEBUG main            d.u.i.k.p.i.IntermediateProofReplayer Proof replay took 97.66ms 
63371      DEBUG main            d.u.i.k.p.r.p.TestFile    ... success: reloaded. 
63371      INFO  main            d.u.i.k.p.r.p.TestFile    Now processing file /home/runner/work/key/key/key.core/../key.ui/examples/redux/arrays/Arrays.fill.key 
63372      INFO  main            d.u.i.k.p.i.AbstractProblemLoader Loading environment from /home/runner/work/key/key/key.core/../key.ui/examples/redux/arrays/Arrays.fill.key 
63372      DEBUG main            d.u.i.k.p.i.AbstractProblemLoader Environment load took 157.3ns 
63373      INFO  main            d.u.i.k.p.i.AbstractProblemLoader Creating init config 
66277      DEBUG main            d.u.i.k.p.i.AbstractProblemLoader Init config took 2.9s 
66316      INFO  main            d.u.i.k.p.i.AbstractProblemLoader Replaying proof Arrays[Arrays::fill([I,int)].JML normal_behavior operation contract.0 
66317      DEBUG main            d.u.i.k.p.i.IntermediateProofReplayer Proof replay took 5.1ns 
66422      INFO  main            d.u.i.k.p.r.p.TestFile    ... finished proof: closed. 
66580      INFO  main            d.u.i.k.p.i.AbstractProblemLoader Loading environment from /home/runner/work/key/key/key.core/../key.ui/examples/redux/arrays/Arrays.fill.key.proof 
66580      DEBUG main            d.u.i.k.p.i.AbstractProblemLoader Environment load took 110.6ns 
66581      INFO  main            d.u.i.k.p.i.AbstractProblemLoader Creating init config 
69469      DEBUG main            d.u.i.k.p.i.AbstractProblemLoader Init config took 2.89s 
69508      INFO  main            d.u.i.k.p.i.AbstractProblemLoader Replaying proof Arrays[Arrays::fill([I,int)].JML normal_behavior operation contract.0 
69544      DEBUG main            d.u.i.k.p.i.IntermediateProofReplayer Proof replay took 33.28ms 
69545      DEBUG main            d.u.i.k.p.r.p.TestFile    ... success: reloaded. 
69545      INFO  main            d.u.i.k.p.r.p.TestFile    Now processing file /home/runner/work/key/key/key.core/../key.ui/examples/redux/arrays/Arrays.fill.float.key 
69546      INFO  main            d.u.i.k.p.i.AbstractProblemLoader Loading environment from /home/runner/work/key/key/key.core/../key.ui/examples/redux/arrays/Arrays.fill.float.key 
69546      DEBUG main            d.u.i.k.p.i.AbstractProblemLoader Environment load took 184ns 
69547      INFO  main            d.u.i.k.p.i.AbstractProblemLoader Creating init config 
72428      DEBUG main            d.u.i.k.p.i.AbstractProblemLoader Init config took 2.88s 
72463      INFO  main            d.u.i.k.p.i.AbstractProblemLoader Replaying proof Arrays[Arrays::fill([F,float)].JML normal_behavior operation contract.0 
72464      DEBUG main            d.u.i.k.p.i.IntermediateProofReplayer Proof replay took 5.7ns 
72670      INFO  main            d.u.i.k.p.r.p.TestFile    ... finished proof: closed. 
72847      INFO  main            d.u.i.k.p.i.AbstractProblemLoader Loading environment from /home/runner/work/key/key/key.core/../key.ui/examples/redux/arrays/Arrays.fill.float.key.proof 
72847      DEBUG main            d.u.i.k.p.i.AbstractProblemLoader Environment load took 117.2ns 
72848      INFO  main            d.u.i.k.p.i.AbstractProblemLoader Creating init config 
75695      DEBUG main            d.u.i.k.p.i.AbstractProblemLoader Init config took 2.85s 
75732      INFO  main            d.u.i.k.p.i.AbstractProblemLoader Replaying proof Arrays[Arrays::fill([F,float)].JML normal_behavior operation contract.0 
75763      DEBUG main            d.u.i.k.p.i.IntermediateProofReplayer Proof replay took 29.28ms 
75764      DEBUG main            d.u.i.k.p.r.p.TestFile    ... success: reloaded. 
75765      INFO  main            d.u.i.k.p.r.p.TestFile    Now processing file /home/runner/work/key/key/key.core/../key.ui/examples/redux/arrays/Arrays.fillFromTo.key 
75765      INFO  main            d.u.i.k.p.i.AbstractProblemLoader Loading environment from /home/runner/work/key/key/key.core/../key.ui/examples/redux/arrays/Arrays.fillFromTo.key 
75765      DEBUG main            d.u.i.k.p.i.AbstractProblemLoader Environment load took 82ns 
75766      INFO  main            d.u.i.k.p.i.AbstractProblemLoader Creating init config 
78683      DEBUG main            d.u.i.k.p.i.AbstractProblemLoader Init config took 2.92s 
78718      INFO  main            d.u.i.k.p.i.AbstractProblemLoader Replaying proof Arrays[Arrays::fill([I,int,int,int)].JML normal_behavior operation contract.0 
78719      DEBUG main            d.u.i.k.p.i.IntermediateProofReplayer Proof replay took 5.3ns 
79227      INFO  main            d.u.i.k.p.r.p.TestFile    ... finished proof: closed. 
79446      INFO  main            d.u.i.k.p.i.AbstractProblemLoader Loading environment from /home/runner/work/key/key/key.core/../key.ui/examples/redux/arrays/Arrays.fillFromTo.key.proof 
79446      DEBUG main            d.u.i.k.p.i.AbstractProblemLoader Environment load took 328.3ns 
79447      INFO  main            d.u.i.k.p.i.AbstractProblemLoader Creating init config 
82336      DEBUG main            d.u.i.k.p.i.AbstractProblemLoader Init config took 2.89s 
82371      INFO  main            d.u.i.k.p.i.AbstractProblemLoader Replaying proof Arrays[Arrays::fill([I,int,int,int)].JML normal_behavior operation contract.0 
82443      DEBUG main            d.u.i.k.p.i.IntermediateProofReplayer Proof replay took 67.77ms 
82444      DEBUG main            d.u.i.k.p.r.p.TestFile    ... success: reloaded. 
82445      INFO  main            d.u.i.k.p.r.p.TestFile    Now processing file /home/runner/work/key/key/key.core/../key.ui/examples/redux/arrays/Arrays.fillFromTo.float.key 
82445      INFO  main            d.u.i.k.p.i.AbstractProblemLoader Loading environment from /home/runner/work/key/key/key.core/../key.ui/examples/redux/arrays/Arrays.fillFromTo.float.key 
82445      DEBUG main            d.u.i.k.p.i.AbstractProblemLoader Environment load took 151.7ns 
82446      INFO  main            d.u.i.k.p.i.AbstractProblemLoader Creating init config 
85323      DEBUG main            d.u.i.k.p.i.AbstractProblemLoader Init config took 2.88s 
85358      INFO  main            d.u.i.k.p.i.AbstractProblemLoader Replaying proof Arrays[Arrays::fill([F,int,int,float)].JML normal_behavior operation contract.0 
85359      DEBUG main            d.u.i.k.p.i.IntermediateProofReplayer Proof replay took 5.2ns 
85963      INFO  main            d.u.i.k.p.r.p.TestFile    ... finished proof: closed. 
86148      INFO  main            d.u.i.k.p.i.AbstractProblemLoader Loading environment from /home/runner/work/key/key/key.core/../key.ui/examples/redux/arrays/Arrays.fillFromTo.float.key.proof 
86148      DEBUG main            d.u.i.k.p.i.AbstractProblemLoader Environment load took 113.4ns 
86150      INFO  main            d.u.i.k.p.i.AbstractProblemLoader Creating init config 
89013      DEBUG main            d.u.i.k.p.i.AbstractProblemLoader Init config took 2.86s 
89048      INFO  main            d.u.i.k.p.i.AbstractProblemLoader Replaying proof Arrays[Arrays::fill([F,int,int,float)].JML normal_behavior operation contract.0 
89143      DEBUG main            d.u.i.k.p.i.IntermediateProofReplayer Proof replay took 90.51ms 
89145      DEBUG main            d.u.i.k.p.r.p.TestFile    ... success: reloaded. 
89145      INFO  main            d.u.i.k.p.r.p.TestFile    Now processing file /home/runner/work/key/key/key.core/../key.ui/examples/redux/arrays/ArrayCopy.arraycopy.normal.0.key 
89146      INFO  main            d.u.i.k.p.i.AbstractProblemLoader Loading environment from /home/runner/work/key/key/key.core/../key.ui/examples/redux/arrays/ArrayCopy.arraycopy.normal.0.key 
89146      DEBUG main            d.u.i.k.p.i.AbstractProblemLoader Environment load took 160.3ns 
89147      INFO  main            d.u.i.k.p.i.AbstractProblemLoader Creating init config 
92073      DEBUG main            d.u.i.k.p.i.AbstractProblemLoader Init config took 2.93s 
92107      INFO  main            d.u.i.k.p.i.AbstractProblemLoader Replaying proof ArrayCopy[ArrayCopy::arraycopy(java.lang.Object,int,java.lang.Object,int,int)].JML normal_behavior operation contract.0 
92108      DEBUG main            d.u.i.k.p.i.IntermediateProofReplayer Proof replay took 5.2ns 
97556      INFO  main            d.u.i.k.p.r.p.TestFile    ... finished proof: closed. 
97807      INFO  main            d.u.i.k.p.i.AbstractProblemLoader Loading environment from /home/runner/work/key/key/key.core/../key.ui/examples/redux/arrays/ArrayCopy.arraycopy.normal.0.key.proof 
97807      DEBUG main            d.u.i.k.p.i.AbstractProblemLoader Environment load took 315.5ns 
97809      INFO  main            d.u.i.k.p.i.AbstractProblemLoader Creating init config 
100646     DEBUG main            d.u.i.k.p.i.AbstractProblemLoader Init config took 2.84s 
100684     INFO  main            d.u.i.k.p.i.AbstractProblemLoader Replaying proof ArrayCopy[ArrayCopy::arraycopy(java.lang.Object,int,java.lang.Object,int,int)].JML normal_behavior operation contract.0 
101267     DEBUG main            d.u.i.k.p.i.IntermediateProofReplayer Proof replay took 565.76ms 
101268     DEBUG main            d.u.i.k.p.r.p.TestFile    ... success: reloaded. 
101269     INFO  main            d.u.i.k.p.r.p.TestFile    Now processing file /home/runner/work/key/key/key.core/../key.ui/examples/redux/arrays/ArrayCopy.arraycopy.exceptional.0.key 
101269     INFO  main            d.u.i.k.p.i.AbstractProblemLoader Loading environment from /home/runner/work/key/key/key.core/../key.ui/examples/redux/arrays/ArrayCopy.arraycopy.exceptional.0.key 
101270     DEBUG main            d.u.i.k.p.i.AbstractProblemLoader Environment load took 161.7ns 
101270     INFO  main            d.u.i.k.p.i.AbstractProblemLoader Creating init config 
104140     DEBUG main            d.u.i.k.p.i.AbstractProblemLoader Init config took 2.87s 
104190     INFO  main            d.u.i.k.p.i.AbstractProblemLoader Replaying proof ArrayCopy[ArrayCopy::arraycopy(java.lang.Object,int,java.lang.Object,int,int)].JML exceptional_behavior operation contract.0 
104191     DEBUG main            d.u.i.k.p.i.IntermediateProofReplayer Proof replay took 5.4ns 
104494     INFO  main            d.u.i.k.p.r.p.TestFile    ... finished proof: closed. 
104711     INFO  main            d.u.i.k.p.i.AbstractProblemLoader Loading environment from /home/runner/work/key/key/key.core/../key.ui/examples/redux/arrays/ArrayCopy.arraycopy.exceptional.0.key.proof 
104711     DEBUG main            d.u.i.k.p.i.AbstractProblemLoader Environment load took 105.6ns 
104712     INFO  main            d.u.i.k.p.i.AbstractProblemLoader Creating init config 
107552     DEBUG main            d.u.i.k.p.i.AbstractProblemLoader Init config took 2.84s 
107584     INFO  main            d.u.i.k.p.i.AbstractProblemLoader Replaying proof ArrayCopy[ArrayCopy::arraycopy(java.lang.Object,int,java.lang.Object,int,int)].JML exceptional_behavior operation contract.0 
107687     DEBUG main            d.u.i.k.p.i.IntermediateProofReplayer Proof replay took 99.69ms 
107688     DEBUG main            d.u.i.k.p.r.p.TestFile    ... success: reloaded. 
107689     INFO  main            d.u.i.k.p.r.p.TestFile    Now processing file /home/runner/work/key/key/key.core/../key.ui/examples/redux/arrays/ArrayCopy.arraycopy.exceptional.1.key 
107689     INFO  main            d.u.i.k.p.i.AbstractProblemLoader Loading environment from /home/runner/work/key/key/key.core/../key.ui/examples/redux/arrays/ArrayCopy.arraycopy.exceptional.1.key 
107689     DEBUG main            d.u.i.k.p.i.AbstractProblemLoader Environment load took 169ns 
107690     INFO  main            d.u.i.k.p.i.AbstractProblemLoader Creating init config 
110533     DEBUG main            d.u.i.k.p.i.AbstractProblemLoader Init config took 2.84s 
110565     INFO  main            d.u.i.k.p.i.AbstractProblemLoader Replaying proof ArrayCopy[ArrayCopy::arraycopy(java.lang.Object,int,java.lang.Object,int,int)].JML exceptional_behavior operation contract.1 
110566     DEBUG main            d.u.i.k.p.i.IntermediateProofReplayer Proof replay took 6ns 
116139     INFO  main            d.u.i.k.p.r.p.TestFile    ... finished proof: closed. 
116362     INFO  main            d.u.i.k.p.i.AbstractProblemLoader Loading environment from /home/runner/work/key/key/key.core/../key.ui/examples/redux/arrays/ArrayCopy.arraycopy.exceptional.1.key.proof 
116363     DEBUG main            d.u.i.k.p.i.AbstractProblemLoader Environment load took 371.8ns 
116366     INFO  main            d.u.i.k.p.i.AbstractProblemLoader Creating init config 
119190     DEBUG main            d.u.i.k.p.i.AbstractProblemLoader Init config took 2.82s 
119222     INFO  main            d.u.i.k.p.i.AbstractProblemLoader Replaying proof ArrayCopy[ArrayCopy::arraycopy(java.lang.Object,int,java.lang.Object,int,int)].JML exceptional_behavior operation contract.1 
120293     DEBUG main            d.u.i.k.p.i.IntermediateProofReplayer Proof replay took 1.05s 
120295     DEBUG main            d.u.i.k.p.r.p.TestFile    ... success: reloaded. 
5042644    INFO  Test worker     d.u.i.k.p.r.RunAllProofsTestUnit Returning from test redux 
]]></system-out>
  <system-err><![CDATA[]]></system-err>
</testsuite>
