<?xml version="1.0" encoding="UTF-8"?>
<testsuite name="de.uka.ilkd.key.rule.TestSchemaModalOperators" tests="4" skipped="0" failures="0" errors="0" timestamp="2023-05-26T21:59:17" hostname="fv-az218-883" time="1.432">
  <properties/>
  <testcase name="testSchemaModalities1()" classname="de.uka.ilkd.key.rule.TestSchemaModalOperators" time="1.378"/>
  <testcase name="testSchemaModalities2()" classname="de.uka.ilkd.key.rule.TestSchemaModalOperators" time="0.02"/>
  <testcase name="testSchemaModalities3()" classname="de.uka.ilkd.key.rule.TestSchemaModalOperators" time="0.018"/>
  <testcase name="testSchemaModalities4()" classname="de.uka.ilkd.key.rule.TestSchemaModalOperators" time="0.015"/>
  <system-out><![CDATA[521370     INFO  Test worker     d.u.i.k.n.KeyIO           Parsing took 3 ms 
521371     DEBUG Test worker     d.u.i.k.n.KeyIO           Load declarations of de.uka.ilkd.key.nparser.KeyAst$File:  /home/runner/work/key/key/key.core/src/test/resources/testcase/testrules.key:9#1 
521371     INFO  Test worker     d.u.i.k.n.KeyIO           MODE: declarations took 0 ms 
521371     DEBUG Test worker     d.u.i.k.n.KeyIO           MODE: 2nd degree decls took 0 
521431     DEBUG Test worker     d.u.i.k.n.KeyIO           MODE: taclets took 59ms 
]]></system-out>
  <system-err><![CDATA[]]></system-err>
</testsuite>
