<?xml version="1.0" encoding="UTF-8"?>
<testsuite name="de.uka.ilkd.key.rule.match.legacy.TestLegacyTacletMatch" tests="4" skipped="0" failures="0" errors="0" timestamp="2023-05-26T21:59:24" hostname="fv-az218-883" time="1.11">
  <properties/>
  <testcase name="testProgramMatch0()" classname="de.uka.ilkd.key.rule.match.legacy.TestLegacyTacletMatch" time="1.106"/>
  <testcase name="testProgramMatch1()" classname="de.uka.ilkd.key.rule.match.legacy.TestLegacyTacletMatch" time="0.001"/>
  <testcase name="testProgramMatch2()" classname="de.uka.ilkd.key.rule.match.legacy.TestLegacyTacletMatch" time="0.002"/>
  <testcase name="testStatementListMatch()" classname="de.uka.ilkd.key.rule.match.legacy.TestLegacyTacletMatch" time="0.001"/>
  <system-out><![CDATA[528378     INFO  Test worker     d.u.i.k.n.KeyIO           Parsing took 1 ms 
528378     DEBUG Test worker     d.u.i.k.n.KeyIO           Load declarations of de.uka.ilkd.key.nparser.KeyAst$File:  /home/runner/work/key/key/key.core/src/test/resources/testcase/../de/uka/ilkd/key/rule/testRuleMatch.txt:8#1 
528379     INFO  Test worker     d.u.i.k.n.KeyIO           MODE: declarations took 1 ms 
528379     DEBUG Test worker     d.u.i.k.n.KeyIO           MODE: 2nd degree decls took 0 
528396     DEBUG Test worker     d.u.i.k.n.KeyIO           MODE: taclets took 17ms 
528401     DEBUG Test worker     d.u.i.k.l.o.ProgramSV     Match failed: Former match of  SchemaVariable incompatible with  the current match. 
528402     DEBUG Test worker     d.u.i.k.r.m.l.TestLegacyTacletMatch %%%%%%%%%%%% 
]]></system-out>
  <system-err><![CDATA[]]></system-err>
</testsuite>
