<?xml version="1.0" encoding="UTF-8"?>
<testsuite name="de.uka.ilkd.key.parser.TestTacletParser" tests="20" skipped="0" failures="0" errors="0" timestamp="2023-05-26T21:56:24" hostname="fv-az218-883" time="0.2">
  <properties/>
  <testcase name="testAllRight()" classname="de.uka.ilkd.key.parser.TestTacletParser" time="0.012"/>
  <testcase name="testSchemaJava0()" classname="de.uka.ilkd.key.parser.TestTacletParser" time="0.002"/>
  <testcase name="testSchemaJava1()" classname="de.uka.ilkd.key.parser.TestTacletParser" time="0.013"/>
  <testcase name="testSchemaJava2()" classname="de.uka.ilkd.key.parser.TestTacletParser" time="0.023"/>
  <testcase name="testSchemaJava4()" classname="de.uka.ilkd.key.parser.TestTacletParser" time="0.019"/>
  <testcase name="testSchemaJava6()" classname="de.uka.ilkd.key.parser.TestTacletParser" time="0.007"/>
  <testcase name="testSchemaJava8()" classname="de.uka.ilkd.key.parser.TestTacletParser" time="0.005"/>
  <testcase name="testCut()" classname="de.uka.ilkd.key.parser.TestTacletParser" time="0.004"/>
  <testcase name="testMakeInsertEq()" classname="de.uka.ilkd.key.parser.TestTacletParser" time="0.006"/>
  <testcase name="testAllLeft()" classname="de.uka.ilkd.key.parser.TestTacletParser" time="0.026"/>
  <testcase name="testClose()" classname="de.uka.ilkd.key.parser.TestTacletParser" time="0.004"/>
  <testcase name="testSchemaJava10()" classname="de.uka.ilkd.key.parser.TestTacletParser" time="0.004"/>
  <testcase name="testSchemaJava11()" classname="de.uka.ilkd.key.parser.TestTacletParser" time="0.02"/>
  <testcase name="testFIdempotent()" classname="de.uka.ilkd.key.parser.TestTacletParser" time="0.011"/>
  <testcase name="testImpRight()" classname="de.uka.ilkd.key.parser.TestTacletParser" time="0.005"/>
  <testcase name="testVarcondNew()" classname="de.uka.ilkd.key.parser.TestTacletParser" time="0.011"/>
  <testcase name="testFreeReplacewithVariables()" classname="de.uka.ilkd.key.parser.TestTacletParser" time="0.005"/>
  <testcase name="testImpLeft()" classname="de.uka.ilkd.key.parser.TestTacletParser" time="0.004"/>
  <testcase name="testContraposition()" classname="de.uka.ilkd.key.parser.TestTacletParser" time="0.005"/>
  <testcase name="testExConjSplit()" classname="de.uka.ilkd.key.parser.TestTacletParser" time="0.004"/>
  <system-out><![CDATA[347123     INFO  Test worker     d.u.i.k.n.KeyIO           Parsing took 0 ms 
347123     DEBUG Test worker     d.u.i.k.n.KeyIO           Load declarations of de.uka.ilkd.key.nparser.KeyAst$File:  <unknown>:1#1 
347124     INFO  Test worker     d.u.i.k.n.KeyIO           MODE: declarations took 1 ms 
347124     DEBUG Test worker     d.u.i.k.n.KeyIO           MODE: 2nd degree decls took 0 
347134     DEBUG Test worker     d.u.i.k.n.KeyIO           MODE: taclets took 10ms 
347135     INFO  Test worker     d.u.i.k.n.KeyIO           Parsing took 0 ms 
347135     DEBUG Test worker     d.u.i.k.n.KeyIO           Load declarations of de.uka.ilkd.key.nparser.KeyAst$File:  <unknown>:2#1 
347135     INFO  Test worker     d.u.i.k.n.KeyIO           MODE: declarations took 0 ms 
347135     DEBUG Test worker     d.u.i.k.n.KeyIO           MODE: 2nd degree decls took 0 
347136     DEBUG Test worker     d.u.i.k.n.KeyIO           MODE: taclets took 1ms 
347136     INFO  Test worker     d.u.i.k.n.KeyIO           Parsing took 0 ms 
347136     DEBUG Test worker     d.u.i.k.n.KeyIO           Load declarations of de.uka.ilkd.key.nparser.KeyAst$File:  <unknown>:1#1 
347136     INFO  Test worker     d.u.i.k.n.KeyIO           MODE: declarations took 0 ms 
347136     DEBUG Test worker     d.u.i.k.n.KeyIO           MODE: 2nd degree decls took 0 
347137     DEBUG Test worker     d.u.i.k.n.KeyIO           MODE: taclets took 0ms 
347137     INFO  Test worker     d.u.i.k.n.KeyIO           Parsing took 0 ms 
347137     DEBUG Test worker     d.u.i.k.n.KeyIO           Load declarations of de.uka.ilkd.key.nparser.KeyAst$File:  <unknown>:2#1 
347137     INFO  Test worker     d.u.i.k.n.KeyIO           MODE: declarations took 0 ms 
347137     DEBUG Test worker     d.u.i.k.n.KeyIO           MODE: 2nd degree decls took 0 
347138     DEBUG Test worker     d.u.i.k.n.KeyIO           MODE: taclets took 1ms 
347139     INFO  Test worker     d.u.i.k.n.KeyIO           Parsing took 0 ms 
347139     DEBUG Test worker     d.u.i.k.n.KeyIO           Load declarations of de.uka.ilkd.key.nparser.KeyAst$File:  <unknown>:1#1 
347139     INFO  Test worker     d.u.i.k.n.KeyIO           MODE: declarations took 0 ms 
347139     DEBUG Test worker     d.u.i.k.n.KeyIO           MODE: 2nd degree decls took 0 
347139     DEBUG Test worker     d.u.i.k.n.KeyIO           MODE: taclets took 0ms 
347140     WARN  Test worker     d.u.i.k.n.KeYParser       [syntax-error] <unknown>:2:21: extraneous input '<' expecting {MODALITY, FORALL, EXISTS, '\if', '\ifEx', 'true', 'false', '(', ')', '{', '@', NOT, '-', STRING_LITERAL, CHAR_LITERAL, BIN_LITERAL, HEX_LITERAL, IDENT, INT_LITERAL, FLOAT_LITERAL, DOUBLE_LITERAL, REAL_LITERAL} [@12,22:22='<',<173>,2:21] (argument_list, call, accessterm, primitive_term, primitive_labeled_term, bracket_term, atom_prefix, strong_arith_term_2, strong_arith_term_1, weak_arith_term, comparison_term, equality_term, term60, conjunction_term, disjunction_term, implication_term, equivalence_term, elementary_update_term, parallel_term, term, taclet, rulesOrAxioms, decls, file) 
347143     WARN  Test worker     d.u.i.k.n.KeYParser       [syntax-error] <unknown>:2:23: no viable alternative at input '{..' [@14,24:25='..',<144>,2:23] (atom_prefix, strong_arith_term_2, strong_arith_term_1, weak_arith_term, comparison_term, equality_term, term60, conjunction_term, disjunction_term, implication_term, equivalence_term, elementary_update_term, parallel_term, term, argument_list, call, accessterm, primitive_term, primitive_labeled_term, bracket_term, atom_prefix, strong_arith_term_2, strong_arith_term_1, weak_arith_term, comparison_term, equality_term, term60, conjunction_term, disjunction_term, implication_term, equivalence_term, elementary_update_term, parallel_term, term, taclet, rulesOrAxioms, decls, file) 
347148     WARN  Test worker     d.u.i.k.n.KeYParser       [syntax-error] <unknown>:2:33: mismatched input ';' expecting {',', ')'} [@21,34:34=';',<138>,2:33] (argument_list, call, accessterm, primitive_term, primitive_labeled_term, bracket_term, atom_prefix, strong_arith_term_2, strong_arith_term_1, weak_arith_term, comparison_term, equality_term, term60, conjunction_term, disjunction_term, implication_term, equivalence_term, elementary_update_term, parallel_term, term, taclet, rulesOrAxioms, decls, file) 
347149     WARN  Test worker     d.u.i.k.n.KeYParser       [syntax-error] <unknown>:2:41: no viable alternative at input '#i;' [@26,42:42=';',<138>,2:41] (option_list, taclet, rulesOrAxioms, decls, file) 
347149     WARN  Test worker     d.u.i.k.n.KeYParser       [syntax-error] <unknown>:2:43: mismatched input '<' expecting {'(', '{'} [@28,44:44='<',<173>,2:43] (taclet, rulesOrAxioms, decls, file) 
347150     WARN  Test worker     d.u.i.k.n.KeYParser       [syntax-error] <unknown>:2:47: mismatched input '+' expecting {'(', '{'} [@32,48:48='+',<167>,2:47] (taclet, rulesOrAxioms, decls, file) 
347150     WARN  Test worker     d.u.i.k.n.KeYParser       [syntax-error] <unknown>:2:52: extraneous input '..' expecting {'\lemma', '}', IDENT, '/*!'} [@37,53:54='..',<144>,2:52] (rulesOrAxioms, decls, file) 
347151     WARN  Test worker     d.u.i.k.n.KeYParser       [syntax-error] <unknown>:2:56: mismatched input '>' expecting {<EOF>, '\problem', '\chooseContract', '\proofObligation', '\proof'} [@40,57:57='>',<168>,2:56] (file) 
347157     INFO  Test worker     d.u.i.k.n.KeyIO           Parsing took 5 ms 
347157     DEBUG Test worker     d.u.i.k.n.KeyIO           Load declarations of de.uka.ilkd.key.nparser.KeyAst$File:  <unknown>:1#1 
347165     INFO  Test worker     d.u.i.k.n.KeyIO           MODE: declarations took 8 ms 
347165     DEBUG Test worker     d.u.i.k.n.KeyIO           MODE: 2nd degree decls took 0 
347166     DEBUG Test worker     d.u.i.k.n.KeyIO           MODE: taclets took 0ms 
347167     WARN  Test worker     d.u.i.k.n.KeYParser       [syntax-error] <unknown>:2:21: extraneous input '<' expecting {MODALITY, FORALL, EXISTS, '\if', '\ifEx', 'true', 'false', '(', ')', '{', '@', NOT, '-', STRING_LITERAL, CHAR_LITERAL, BIN_LITERAL, HEX_LITERAL, IDENT, INT_LITERAL, FLOAT_LITERAL, DOUBLE_LITERAL, REAL_LITERAL} [@12,22:22='<',<173>,2:21] (argument_list, call, accessterm, primitive_term, primitive_labeled_term, bracket_term, atom_prefix, strong_arith_term_2, strong_arith_term_1, weak_arith_term, comparison_term, equality_term, term60, conjunction_term, disjunction_term, implication_term, equivalence_term, elementary_update_term, parallel_term, term, taclet, rulesOrAxioms, decls, file) 
347167     WARN  Test worker     d.u.i.k.n.KeYParser       [syntax-error] <unknown>:2:23: no viable alternative at input '{..' [@14,24:25='..',<144>,2:23] (atom_prefix, strong_arith_term_2, strong_arith_term_1, weak_arith_term, comparison_term, equality_term, term60, conjunction_term, disjunction_term, implication_term, equivalence_term, elementary_update_term, parallel_term, term, argument_list, call, accessterm, primitive_term, primitive_labeled_term, bracket_term, atom_prefix, strong_arith_term_2, strong_arith_term_1, weak_arith_term, comparison_term, equality_term, term60, conjunction_term, disjunction_term, implication_term, equivalence_term, elementary_update_term, parallel_term, term, taclet, rulesOrAxioms, decls, file) 
347168     WARN  Test worker     d.u.i.k.n.KeYParser       [syntax-error] <unknown>:2:33: mismatched input ';' expecting {',', ')'} [@21,34:34=';',<138>,2:33] (argument_list, call, accessterm, primitive_term, primitive_labeled_term, bracket_term, atom_prefix, strong_arith_term_2, strong_arith_term_1, weak_arith_term, comparison_term, equality_term, term60, conjunction_term, disjunction_term, implication_term, equivalence_term, elementary_update_term, parallel_term, term, taclet, rulesOrAxioms, decls, file) 
347173     WARN  Test worker     d.u.i.k.n.KeYParser       [syntax-error] <unknown>:2:43: no viable alternative at input '#lab;' [@26,44:44=';',<138>,2:43] (option_list, taclet, rulesOrAxioms, decls, file) 
347173     WARN  Test worker     d.u.i.k.n.KeYParser       [syntax-error] <unknown>:2:45: mismatched input '<' expecting {'(', '{'} [@28,46:46='<',<173>,2:45] (taclet, rulesOrAxioms, decls, file) 
347174     WARN  Test worker     d.u.i.k.n.KeYParser       [syntax-error] <unknown>:2:50: mismatched input '+' expecting {'(', '{'} [@32,51:51='+',<167>,2:50] (taclet, rulesOrAxioms, decls, file) 
347174     WARN  Test worker     d.u.i.k.n.KeYParser       [syntax-error] <unknown>:2:56: extraneous input '..' expecting {'\lemma', '}', IDENT, '/*!'} [@38,57:58='..',<144>,2:56] (rulesOrAxioms, decls, file) 
347174     WARN  Test worker     d.u.i.k.n.KeYParser       [syntax-error] <unknown>:2:60: mismatched input '>' expecting {<EOF>, '\problem', '\chooseContract', '\proofObligation', '\proof'} [@41,61:61='>',<168>,2:60] (file) 
347176     INFO  Test worker     d.u.i.k.n.KeyIO           Parsing took 1 ms 
347176     DEBUG Test worker     d.u.i.k.n.KeyIO           Load declarations of de.uka.ilkd.key.nparser.KeyAst$File:  <unknown>:1#1 
347176     INFO  Test worker     d.u.i.k.n.KeyIO           MODE: declarations took 0 ms 
347177     DEBUG Test worker     d.u.i.k.n.KeyIO           MODE: 2nd degree decls took 0 
347177     DEBUG Test worker     d.u.i.k.n.KeyIO           MODE: taclets took 0ms 
347178     INFO  Test worker     d.u.i.k.n.KeyIO           Parsing took 0 ms 
347178     DEBUG Test worker     d.u.i.k.n.KeyIO           Load declarations of de.uka.ilkd.key.nparser.KeyAst$File:  <unknown>:2#1 
347179     INFO  Test worker     d.u.i.k.n.KeyIO           MODE: declarations took 1 ms 
347179     DEBUG Test worker     d.u.i.k.n.KeyIO           MODE: 2nd degree decls took 0 
347194     DEBUG Test worker     d.u.i.k.n.KeyIO           MODE: taclets took 10ms 
347196     INFO  Test worker     d.u.i.k.n.KeyIO           Parsing took 0 ms 
347196     DEBUG Test worker     d.u.i.k.n.KeyIO           Load declarations of de.uka.ilkd.key.nparser.KeyAst$File:  <unknown>:1#1 
347196     INFO  Test worker     d.u.i.k.n.KeyIO           MODE: declarations took 0 ms 
347197     DEBUG Test worker     d.u.i.k.n.KeyIO           MODE: 2nd degree decls took 0 
347198     DEBUG Test worker     d.u.i.k.n.KeyIO           MODE: taclets took 1ms 
347199     INFO  Test worker     d.u.i.k.n.KeyIO           Parsing took 0 ms 
347199     DEBUG Test worker     d.u.i.k.n.KeyIO           Load declarations of de.uka.ilkd.key.nparser.KeyAst$File:  <unknown>:2#1 
347200     INFO  Test worker     d.u.i.k.n.KeyIO           MODE: declarations took 1 ms 
347200     DEBUG Test worker     d.u.i.k.n.KeyIO           MODE: 2nd degree decls took 0 
347202     DEBUG Test worker     d.u.i.k.n.KeyIO           MODE: taclets took 2ms 
347203     INFO  Test worker     d.u.i.k.n.KeyIO           Parsing took 0 ms 
347203     DEBUG Test worker     d.u.i.k.n.KeyIO           Load declarations of de.uka.ilkd.key.nparser.KeyAst$File:  <unknown>:1#1 
347204     INFO  Test worker     d.u.i.k.n.KeyIO           MODE: declarations took 1 ms 
347204     DEBUG Test worker     d.u.i.k.n.KeyIO           MODE: 2nd degree decls took 0 
347205     DEBUG Test worker     d.u.i.k.n.KeyIO           MODE: taclets took 0ms 
347205     INFO  Test worker     d.u.i.k.n.KeyIO           Parsing took 0 ms 
347205     DEBUG Test worker     d.u.i.k.n.KeyIO           Load declarations of de.uka.ilkd.key.nparser.KeyAst$File:  <unknown>:2#1 
347205     INFO  Test worker     d.u.i.k.n.KeyIO           MODE: declarations took 0 ms 
347206     DEBUG Test worker     d.u.i.k.n.KeyIO           MODE: 2nd degree decls took 0 
347207     DEBUG Test worker     d.u.i.k.n.KeyIO           MODE: taclets took 1ms 
347208     INFO  Test worker     d.u.i.k.n.KeyIO           Parsing took 0 ms 
347208     DEBUG Test worker     d.u.i.k.n.KeyIO           Load declarations of de.uka.ilkd.key.nparser.KeyAst$File:  <unknown>:1#1 
347208     INFO  Test worker     d.u.i.k.n.KeyIO           MODE: declarations took 0 ms 
347209     DEBUG Test worker     d.u.i.k.n.KeyIO           MODE: 2nd degree decls took 0 
347209     DEBUG Test worker     d.u.i.k.n.KeyIO           MODE: taclets took 0ms 
347210     INFO  Test worker     d.u.i.k.n.KeyIO           Parsing took 0 ms 
347210     DEBUG Test worker     d.u.i.k.n.KeyIO           Load declarations of de.uka.ilkd.key.nparser.KeyAst$File:  <unknown>:2#1 
347210     INFO  Test worker     d.u.i.k.n.KeyIO           MODE: declarations took 0 ms 
347210     DEBUG Test worker     d.u.i.k.n.KeyIO           MODE: 2nd degree decls took 0 
347211     DEBUG Test worker     d.u.i.k.n.KeyIO           MODE: taclets took 0ms 
347213     INFO  Test worker     d.u.i.k.n.KeyIO           Parsing took 0 ms 
347214     DEBUG Test worker     d.u.i.k.n.KeyIO           Load declarations of de.uka.ilkd.key.nparser.KeyAst$File:  <unknown>:1#1 
347214     INFO  Test worker     d.u.i.k.n.KeyIO           MODE: declarations took 0 ms 
347214     DEBUG Test worker     d.u.i.k.n.KeyIO           MODE: 2nd degree decls took 0 
347215     DEBUG Test worker     d.u.i.k.n.KeyIO           MODE: taclets took 0ms 
347216     INFO  Test worker     d.u.i.k.n.KeyIO           Parsing took 0 ms 
347216     DEBUG Test worker     d.u.i.k.n.KeyIO           Load declarations of de.uka.ilkd.key.nparser.KeyAst$File:  <unknown>:2#1 
347217     INFO  Test worker     d.u.i.k.n.KeyIO           MODE: declarations took 1 ms 
347217     DEBUG Test worker     d.u.i.k.n.KeyIO           MODE: 2nd degree decls took 0 
347218     DEBUG Test worker     d.u.i.k.n.KeyIO           MODE: taclets took 0ms 
347219     INFO  Test worker     d.u.i.k.n.KeyIO           Parsing took 0 ms 
347219     DEBUG Test worker     d.u.i.k.n.KeyIO           Load declarations of de.uka.ilkd.key.nparser.KeyAst$File:  <unknown>:1#1 
347220     INFO  Test worker     d.u.i.k.n.KeyIO           MODE: declarations took 1 ms 
347220     DEBUG Test worker     d.u.i.k.n.KeyIO           MODE: 2nd degree decls took 0 
347220     DEBUG Test worker     d.u.i.k.n.KeyIO           MODE: taclets took 0ms 
347221     INFO  Test worker     d.u.i.k.n.KeyIO           Parsing took 0 ms 
347221     DEBUG Test worker     d.u.i.k.n.KeyIO           Load declarations of de.uka.ilkd.key.nparser.KeyAst$File:  <unknown>:2#1 
347221     INFO  Test worker     d.u.i.k.n.KeyIO           MODE: declarations took 0 ms 
347222     DEBUG Test worker     d.u.i.k.n.KeyIO           MODE: 2nd degree decls took 0 
347238     DEBUG Test worker     d.u.i.k.n.KeyIO           MODE: taclets took 0ms 
347246     INFO  Test worker     d.u.i.k.n.KeyIO           Parsing took 1 ms 
347246     DEBUG Test worker     d.u.i.k.n.KeyIO           Load declarations of de.uka.ilkd.key.nparser.KeyAst$File:  <unknown>:1#1 
347246     INFO  Test worker     d.u.i.k.n.KeyIO           MODE: declarations took 0 ms 
347246     DEBUG Test worker     d.u.i.k.n.KeyIO           MODE: 2nd degree decls took 0 
347247     DEBUG Test worker     d.u.i.k.n.KeyIO           MODE: taclets took 0ms 
347248     INFO  Test worker     d.u.i.k.n.KeyIO           Parsing took 0 ms 
347248     DEBUG Test worker     d.u.i.k.n.KeyIO           Load declarations of de.uka.ilkd.key.nparser.KeyAst$File:  <unknown>:2#1 
347248     INFO  Test worker     d.u.i.k.n.KeyIO           MODE: declarations took 0 ms 
347248     DEBUG Test worker     d.u.i.k.n.KeyIO           MODE: 2nd degree decls took 0 
347249     DEBUG Test worker     d.u.i.k.n.KeyIO           MODE: taclets took 0ms 
347250     INFO  Test worker     d.u.i.k.n.KeyIO           Parsing took 0 ms 
347250     DEBUG Test worker     d.u.i.k.n.KeyIO           Load declarations of de.uka.ilkd.key.nparser.KeyAst$File:  <unknown>:1#1 
347251     INFO  Test worker     d.u.i.k.n.KeyIO           MODE: declarations took 1 ms 
347251     DEBUG Test worker     d.u.i.k.n.KeyIO           MODE: 2nd degree decls took 0 
347251     DEBUG Test worker     d.u.i.k.n.KeyIO           MODE: taclets took 0ms 
347252     INFO  Test worker     d.u.i.k.n.KeyIO           Parsing took 0 ms 
347252     DEBUG Test worker     d.u.i.k.n.KeyIO           Load declarations of de.uka.ilkd.key.nparser.KeyAst$File:  <unknown>:2#1 
347252     INFO  Test worker     d.u.i.k.n.KeyIO           MODE: declarations took 0 ms 
347252     DEBUG Test worker     d.u.i.k.n.KeyIO           MODE: 2nd degree decls took 0 
347253     DEBUG Test worker     d.u.i.k.n.KeyIO           MODE: taclets took 0ms 
347255     INFO  Test worker     d.u.i.k.n.KeyIO           Parsing took 1 ms 
347255     DEBUG Test worker     d.u.i.k.n.KeyIO           Load declarations of de.uka.ilkd.key.nparser.KeyAst$File:  <unknown>:1#1 
347256     INFO  Test worker     d.u.i.k.n.KeyIO           MODE: declarations took 1 ms 
347256     DEBUG Test worker     d.u.i.k.n.KeyIO           MODE: 2nd degree decls took 0 
347257     DEBUG Test worker     d.u.i.k.n.KeyIO           MODE: taclets took 0ms 
347265     INFO  Test worker     d.u.i.k.n.KeyIO           Parsing took 8 ms 
347265     DEBUG Test worker     d.u.i.k.n.KeyIO           Load declarations of de.uka.ilkd.key.nparser.KeyAst$File:  <unknown>:2#1 
347266     INFO  Test worker     d.u.i.k.n.KeyIO           MODE: declarations took 1 ms 
347266     DEBUG Test worker     d.u.i.k.n.KeyIO           MODE: 2nd degree decls took 0 
347274     DEBUG Test worker     d.u.i.k.n.KeyIO           MODE: taclets took 8ms 
347276     INFO  Test worker     d.u.i.k.n.KeyIO           Parsing took 0 ms 
347277     DEBUG Test worker     d.u.i.k.n.KeyIO           Load declarations of de.uka.ilkd.key.nparser.KeyAst$File:  <unknown>:1#1 
347278     INFO  Test worker     d.u.i.k.n.KeyIO           MODE: declarations took 1 ms 
347278     DEBUG Test worker     d.u.i.k.n.KeyIO           MODE: 2nd degree decls took 0 
347279     DEBUG Test worker     d.u.i.k.n.KeyIO           MODE: taclets took 0ms 
347279     INFO  Test worker     d.u.i.k.n.KeyIO           Parsing took 0 ms 
347280     DEBUG Test worker     d.u.i.k.n.KeyIO           Load declarations of de.uka.ilkd.key.nparser.KeyAst$File:  <unknown>:2#1 
347285     INFO  Test worker     d.u.i.k.n.KeyIO           MODE: declarations took 5 ms 
347285     DEBUG Test worker     d.u.i.k.n.KeyIO           MODE: 2nd degree decls took 0 
347286     DEBUG Test worker     d.u.i.k.n.KeyIO           MODE: taclets took 0ms 
347287     INFO  Test worker     d.u.i.k.n.KeyIO           Parsing took 0 ms 
347288     DEBUG Test worker     d.u.i.k.n.KeyIO           Load declarations of de.uka.ilkd.key.nparser.KeyAst$File:  <unknown>:1#1 
347288     INFO  Test worker     d.u.i.k.n.KeyIO           MODE: declarations took 0 ms 
347288     DEBUG Test worker     d.u.i.k.n.KeyIO           MODE: 2nd degree decls took 0 
347289     DEBUG Test worker     d.u.i.k.n.KeyIO           MODE: taclets took 0ms 
347290     INFO  Test worker     d.u.i.k.n.KeyIO           Parsing took 1 ms 
347290     DEBUG Test worker     d.u.i.k.n.KeyIO           Load declarations of de.uka.ilkd.key.nparser.KeyAst$File:  <unknown>:2#1 
347290     INFO  Test worker     d.u.i.k.n.KeyIO           MODE: declarations took 0 ms 
347290     DEBUG Test worker     d.u.i.k.n.KeyIO           MODE: 2nd degree decls took 0 
347291     DEBUG Test worker     d.u.i.k.n.KeyIO           MODE: taclets took 0ms 
347294     INFO  Test worker     d.u.i.k.n.KeyIO           Parsing took 1 ms 
347295     DEBUG Test worker     d.u.i.k.n.KeyIO           Load declarations of de.uka.ilkd.key.nparser.KeyAst$File:  <unknown>:1#1 
347295     INFO  Test worker     d.u.i.k.n.KeyIO           MODE: declarations took 0 ms 
347295     DEBUG Test worker     d.u.i.k.n.KeyIO           MODE: 2nd degree decls took 0 
347296     DEBUG Test worker     d.u.i.k.n.KeyIO           MODE: taclets took 0ms 
347296     INFO  Test worker     d.u.i.k.n.KeyIO           Parsing took 0 ms 
347297     DEBUG Test worker     d.u.i.k.n.KeyIO           Load declarations of de.uka.ilkd.key.nparser.KeyAst$File:  <unknown>:2#1 
347297     INFO  Test worker     d.u.i.k.n.KeyIO           MODE: declarations took 0 ms 
347297     DEBUG Test worker     d.u.i.k.n.KeyIO           MODE: 2nd degree decls took 0 
347298     DEBUG Test worker     d.u.i.k.n.KeyIO           MODE: taclets took 1ms 
347298     INFO  Test worker     d.u.i.k.n.KeyIO           Parsing took 0 ms 
347298     DEBUG Test worker     d.u.i.k.n.KeyIO           Load declarations of de.uka.ilkd.key.nparser.KeyAst$File:  <unknown>:2#1 
347301     INFO  Test worker     d.u.i.k.n.KeyIO           MODE: declarations took 3 ms 
347301     DEBUG Test worker     d.u.i.k.n.KeyIO           MODE: 2nd degree decls took 0 
347302     DEBUG Test worker     d.u.i.k.n.KeyIO           MODE: taclets took 1ms 
347305     INFO  Test worker     d.u.i.k.n.KeyIO           Parsing took 0 ms 
347305     DEBUG Test worker     d.u.i.k.n.KeyIO           Load declarations of de.uka.ilkd.key.nparser.KeyAst$File:  <unknown>:1#1 
347305     INFO  Test worker     d.u.i.k.n.KeyIO           MODE: declarations took 0 ms 
347306     DEBUG Test worker     d.u.i.k.n.KeyIO           MODE: 2nd degree decls took 0 
347306     DEBUG Test worker     d.u.i.k.n.KeyIO           MODE: taclets took 0ms 
347307     INFO  Test worker     d.u.i.k.n.KeyIO           Parsing took 1 ms 
347307     DEBUG Test worker     d.u.i.k.n.KeyIO           Load declarations of de.uka.ilkd.key.nparser.KeyAst$File:  <unknown>:2#1 
347307     INFO  Test worker     d.u.i.k.n.KeyIO           MODE: declarations took 0 ms 
347307     DEBUG Test worker     d.u.i.k.n.KeyIO           MODE: 2nd degree decls took 0 
347311     INFO  Test worker     d.u.i.k.n.KeyIO           Parsing took 1 ms 
347311     DEBUG Test worker     d.u.i.k.n.KeyIO           Load declarations of de.uka.ilkd.key.nparser.KeyAst$File:  <unknown>:1#1 
347311     INFO  Test worker     d.u.i.k.n.KeyIO           MODE: declarations took 0 ms 
347311     DEBUG Test worker     d.u.i.k.n.KeyIO           MODE: 2nd degree decls took 0 
347312     DEBUG Test worker     d.u.i.k.n.KeyIO           MODE: taclets took 0ms 
347313     INFO  Test worker     d.u.i.k.n.KeyIO           Parsing took 1 ms 
347313     DEBUG Test worker     d.u.i.k.n.KeyIO           Load declarations of de.uka.ilkd.key.nparser.KeyAst$File:  <unknown>:2#1 
347313     INFO  Test worker     d.u.i.k.n.KeyIO           MODE: declarations took 0 ms 
347313     DEBUG Test worker     d.u.i.k.n.KeyIO           MODE: 2nd degree decls took 0 
347314     DEBUG Test worker     d.u.i.k.n.KeyIO           MODE: taclets took 0ms 
347315     INFO  Test worker     d.u.i.k.n.KeyIO           Parsing took 0 ms 
347315     DEBUG Test worker     d.u.i.k.n.KeyIO           Load declarations of de.uka.ilkd.key.nparser.KeyAst$File:  <unknown>:1#1 
347316     INFO  Test worker     d.u.i.k.n.KeyIO           MODE: declarations took 1 ms 
347316     DEBUG Test worker     d.u.i.k.n.KeyIO           MODE: 2nd degree decls took 0 
347317     DEBUG Test worker     d.u.i.k.n.KeyIO           MODE: taclets took 1ms 
347317     INFO  Test worker     d.u.i.k.n.KeyIO           Parsing took 0 ms 
347318     DEBUG Test worker     d.u.i.k.n.KeyIO           Load declarations of de.uka.ilkd.key.nparser.KeyAst$File:  <unknown>:2#1 
347318     INFO  Test worker     d.u.i.k.n.KeyIO           MODE: declarations took 0 ms 
347318     DEBUG Test worker     d.u.i.k.n.KeyIO           MODE: 2nd degree decls took 0 
347319     DEBUG Test worker     d.u.i.k.n.KeyIO           MODE: taclets took 1ms 
347320     INFO  Test worker     d.u.i.k.n.KeyIO           Parsing took 0 ms 
347320     DEBUG Test worker     d.u.i.k.n.KeyIO           Load declarations of de.uka.ilkd.key.nparser.KeyAst$File:  <unknown>:1#1 
347320     INFO  Test worker     d.u.i.k.n.KeyIO           MODE: declarations took 0 ms 
347321     DEBUG Test worker     d.u.i.k.n.KeyIO           MODE: 2nd degree decls took 0 
347321     DEBUG Test worker     d.u.i.k.n.KeyIO           MODE: taclets took 0ms 
347322     INFO  Test worker     d.u.i.k.n.KeyIO           Parsing took 0 ms 
347322     DEBUG Test worker     d.u.i.k.n.KeyIO           Load declarations of de.uka.ilkd.key.nparser.KeyAst$File:  <unknown>:2#1 
347323     INFO  Test worker     d.u.i.k.n.KeyIO           MODE: declarations took 1 ms 
347323     DEBUG Test worker     d.u.i.k.n.KeyIO           MODE: 2nd degree decls took 0 
347323     DEBUG Test worker     d.u.i.k.n.KeyIO           MODE: taclets took 0ms 
]]></system-out>
  <system-err><![CDATA[]]></system-err>
</testsuite>
