<?xml version="1.0" encoding="UTF-8"?>
<testsuite name="de.uka.ilkd.key.java.TestContextStatementBlock" tests="1" skipped="0" failures="0" errors="0" timestamp="2023-05-26T21:51:02" hostname="fv-az218-883" time="1.401">
  <properties/>
  <testcase name="testContextTermInstantiation()" classname="de.uka.ilkd.key.java.TestContextStatementBlock" time="1.401"/>
  <system-out><![CDATA[26322      INFO  Test worker     d.u.i.k.n.KeyIO           Parsing took 4 ms 
26322      DEBUG Test worker     d.u.i.k.n.KeyIO           Load declarations of de.uka.ilkd.key.nparser.KeyAst$File:  /home/runner/work/key/key/key.core/src/test/resources/testcase/testrules.key:9#1 
26324      INFO  Test worker     d.u.i.k.n.KeyIO           MODE: declarations took 2 ms 
26324      DEBUG Test worker     d.u.i.k.n.KeyIO           MODE: 2nd degree decls took 0 
26449      DEBUG Test worker     d.u.i.k.n.KeyIO           MODE: taclets took 124ms 
]]></system-out>
  <system-err><![CDATA[]]></system-err>
</testsuite>
