<?xml version="1.0" encoding="UTF-8"?>
<testsuite name="de.uka.ilkd.key.parser.TestDeclParser" tests="14" skipped="2" failures="0" errors="0" timestamp="2023-05-26T21:54:37" hostname="fv-az218-883" time="12.864">
  <properties/>
  <testcase name="testGenericSortDecl1()" classname="de.uka.ilkd.key.parser.TestDeclParser" time="1.108"/>
  <testcase name="testGenericSortDecl2()" classname="de.uka.ilkd.key.parser.TestDeclParser" time="1.007"/>
  <testcase name="testGenericSortDecl3()" classname="de.uka.ilkd.key.parser.TestDeclParser" time="1.073"/>
  <testcase name="testGenericSortDecl4()" classname="de.uka.ilkd.key.parser.TestDeclParser" time="1.119"/>
  <testcase name="testGenericSortDecl5()" classname="de.uka.ilkd.key.parser.TestDeclParser" time="0.0">
    <skipped/>
  </testcase>
  <testcase name="testGenericSortDecl6()" classname="de.uka.ilkd.key.parser.TestDeclParser" time="1.107"/>
  <testcase name="testSortDecl()" classname="de.uka.ilkd.key.parser.TestDeclParser" time="1.044"/>
  <testcase name="testProxySortDecl()" classname="de.uka.ilkd.key.parser.TestDeclParser" time="1.077"/>
  <testcase name="testArrayDecl()" classname="de.uka.ilkd.key.parser.TestDeclParser" time="1.098"/>
  <testcase name="testAmbiguousDecls()" classname="de.uka.ilkd.key.parser.TestDeclParser" time="0.0">
    <skipped/>
  </testcase>
  <testcase name="testHeurDecl()" classname="de.uka.ilkd.key.parser.TestDeclParser" time="1.081"/>
  <testcase name="testFunctionDecl()" classname="de.uka.ilkd.key.parser.TestDeclParser" time="1.072"/>
  <testcase name="testPredicateDecl()" classname="de.uka.ilkd.key.parser.TestDeclParser" time="0.996"/>
  <testcase name="testSVDecl()" classname="de.uka.ilkd.key.parser.TestDeclParser" time="1.081"/>
  <system-out><![CDATA[241549     INFO  Test worker     d.u.i.k.n.KeyIO           Parsing took 0 ms 
241549     DEBUG Test worker     d.u.i.k.n.KeyIO           Load declarations of de.uka.ilkd.key.nparser.KeyAst$File:  <unknown>:1#1 
241549     INFO  Test worker     d.u.i.k.n.KeyIO           MODE: declarations took 0 ms 
241549     DEBUG Test worker     d.u.i.k.n.KeyIO           MODE: 2nd degree decls took 0 
241550     DEBUG Test worker     d.u.i.k.n.KeyIO           MODE: taclets took 0ms 
242557     INFO  Test worker     d.u.i.k.n.KeyIO           Parsing took 0 ms 
242557     DEBUG Test worker     d.u.i.k.n.KeyIO           Load declarations of de.uka.ilkd.key.nparser.KeyAst$File:  <unknown>:1#1 
242557     INFO  Test worker     d.u.i.k.n.KeyIO           MODE: declarations took 0 ms 
242557     DEBUG Test worker     d.u.i.k.n.KeyIO           MODE: 2nd degree decls took 0 
242557     DEBUG Test worker     d.u.i.k.n.KeyIO           MODE: taclets took 0ms 
243630     INFO  Test worker     d.u.i.k.n.KeyIO           Parsing took 0 ms 
243630     DEBUG Test worker     d.u.i.k.n.KeyIO           Load declarations of de.uka.ilkd.key.nparser.KeyAst$File:  <unknown>:1#1 
243630     INFO  Test worker     d.u.i.k.n.KeyIO           MODE: declarations took 0 ms 
243630     DEBUG Test worker     d.u.i.k.n.KeyIO           MODE: 2nd degree decls took 0 
243630     DEBUG Test worker     d.u.i.k.n.KeyIO           MODE: taclets took 0ms 
244749     INFO  Test worker     d.u.i.k.n.KeyIO           Parsing took 0 ms 
244749     DEBUG Test worker     d.u.i.k.n.KeyIO           Load declarations of de.uka.ilkd.key.nparser.KeyAst$File:  <unknown>:1#1 
244750     INFO  Test worker     d.u.i.k.n.KeyIO           MODE: declarations took 1 ms 
244750     DEBUG Test worker     d.u.i.k.n.KeyIO           MODE: 2nd degree decls took 0 
244750     DEBUG Test worker     d.u.i.k.n.KeyIO           MODE: taclets took 0ms 
245856     INFO  Test worker     d.u.i.k.n.KeyIO           Parsing took 0 ms 
245857     DEBUG Test worker     d.u.i.k.n.KeyIO           Load declarations of de.uka.ilkd.key.nparser.KeyAst$File:  <unknown>:1#1 
245857     INFO  Test worker     d.u.i.k.n.KeyIO           MODE: declarations took 0 ms 
245857     DEBUG Test worker     d.u.i.k.n.KeyIO           MODE: 2nd degree decls took 0 
245857     DEBUG Test worker     d.u.i.k.n.KeyIO           MODE: taclets took 0ms 
246899     INFO  Test worker     d.u.i.k.n.KeyIO           Parsing took 0 ms 
246899     DEBUG Test worker     d.u.i.k.n.KeyIO           Load declarations of de.uka.ilkd.key.nparser.KeyAst$File:  <unknown>:1#1 
246899     INFO  Test worker     d.u.i.k.n.KeyIO           MODE: declarations took 0 ms 
246899     DEBUG Test worker     d.u.i.k.n.KeyIO           MODE: 2nd degree decls took 0 
246899     DEBUG Test worker     d.u.i.k.n.KeyIO           MODE: taclets took 0ms 
247977     INFO  Test worker     d.u.i.k.n.KeyIO           Parsing took 0 ms 
247977     DEBUG Test worker     d.u.i.k.n.KeyIO           Load declarations of de.uka.ilkd.key.nparser.KeyAst$File:  <unknown>:1#1 
247977     INFO  Test worker     d.u.i.k.n.KeyIO           MODE: declarations took 0 ms 
247977     DEBUG Test worker     d.u.i.k.n.KeyIO           MODE: 2nd degree decls took 0 
247977     DEBUG Test worker     d.u.i.k.n.KeyIO           MODE: taclets took 0ms 
249074     INFO  Test worker     d.u.i.k.n.KeyIO           Parsing took 0 ms 
249074     DEBUG Test worker     d.u.i.k.n.KeyIO           Load declarations of de.uka.ilkd.key.nparser.KeyAst$File:  <unknown>:1#1 
249075     INFO  Test worker     d.u.i.k.n.KeyIO           MODE: declarations took 1 ms 
249075     DEBUG Test worker     d.u.i.k.n.KeyIO           MODE: 2nd degree decls took 0 
249075     DEBUG Test worker     d.u.i.k.n.KeyIO           MODE: taclets took 0ms 
250156     INFO  Test worker     d.u.i.k.n.KeyIO           Parsing took 0 ms 
250156     DEBUG Test worker     d.u.i.k.n.KeyIO           Load declarations of de.uka.ilkd.key.nparser.KeyAst$File:  <unknown>:1#1 
250156     INFO  Test worker     d.u.i.k.n.KeyIO           MODE: declarations took 0 ms 
250156     DEBUG Test worker     d.u.i.k.n.KeyIO           MODE: 2nd degree decls took 0 
250156     DEBUG Test worker     d.u.i.k.n.KeyIO           MODE: taclets took 0ms 
251228     INFO  Test worker     d.u.i.k.n.KeyIO           Parsing took 0 ms 
251228     DEBUG Test worker     d.u.i.k.n.KeyIO           Load declarations of de.uka.ilkd.key.nparser.KeyAst$File:  <unknown>:1#1 
251228     INFO  Test worker     d.u.i.k.n.KeyIO           MODE: declarations took 0 ms 
251229     DEBUG Test worker     d.u.i.k.n.KeyIO           MODE: 2nd degree decls took 1 
251229     DEBUG Test worker     d.u.i.k.n.KeyIO           MODE: taclets took 0ms 
252224     INFO  Test worker     d.u.i.k.n.KeyIO           Parsing took 0 ms 
252224     DEBUG Test worker     d.u.i.k.n.KeyIO           Load declarations of de.uka.ilkd.key.nparser.KeyAst$File:  <unknown>:1#1 
252224     INFO  Test worker     d.u.i.k.n.KeyIO           MODE: declarations took 0 ms 
252225     DEBUG Test worker     d.u.i.k.n.KeyIO           MODE: 2nd degree decls took 0 
252225     DEBUG Test worker     d.u.i.k.n.KeyIO           MODE: taclets took 0ms 
253305     INFO  Test worker     d.u.i.k.n.KeyIO           Parsing took 0 ms 
253305     DEBUG Test worker     d.u.i.k.n.KeyIO           Load declarations of de.uka.ilkd.key.nparser.KeyAst$File:  <unknown>:1#1 
253305     INFO  Test worker     d.u.i.k.n.KeyIO           MODE: declarations took 0 ms 
253305     DEBUG Test worker     d.u.i.k.n.KeyIO           MODE: 2nd degree decls took 0 
253305     DEBUG Test worker     d.u.i.k.n.KeyIO           MODE: taclets took 0ms 
]]></system-out>
  <system-err><![CDATA[]]></system-err>
</testsuite>
