<?xml version="1.0" encoding="UTF-8"?>
<testsuite name="de.uka.ilkd.key.parser.TestTermParserSorts" tests="2" skipped="0" failures="0" errors="0" timestamp="2023-05-26T21:58:46" hostname="fv-az218-883" time="3.384">
  <properties/>
  <testcase name="testParseIntegerArgs()" classname="de.uka.ilkd.key.parser.TestTermParserSorts" time="0.031"/>
  <testcase name="testParseSequencePrettySyntax()" classname="de.uka.ilkd.key.parser.TestTermParserSorts" time="0.004"/>
  <system-out><![CDATA[489260     INFO  Test worker     d.u.i.k.n.KeyIO           Parsing took 0 ms 
489260     DEBUG Test worker     d.u.i.k.n.KeyIO           Load declarations of de.uka.ilkd.key.nparser.KeyAst$File:  <unknown>:1#1 
489260     INFO  Test worker     d.u.i.k.n.KeyIO           MODE: declarations took 0 ms 
489260     DEBUG Test worker     d.u.i.k.n.KeyIO           MODE: 2nd degree decls took 0 
489260     INFO  Test worker     d.u.i.k.n.KeyIO           Parsing took 0 ms 
489260     DEBUG Test worker     d.u.i.k.n.KeyIO           Load declarations of de.uka.ilkd.key.nparser.KeyAst$File:  <unknown>:1#1 
489261     INFO  Test worker     d.u.i.k.n.KeyIO           MODE: declarations took 1 ms 
489261     DEBUG Test worker     d.u.i.k.n.KeyIO           MODE: 2nd degree decls took 0 
489261     INFO  Test worker     d.u.i.k.n.KeyIO           Parsing took 0 ms 
489261     DEBUG Test worker     d.u.i.k.n.KeyIO           Load declarations of de.uka.ilkd.key.nparser.KeyAst$File:  <unknown>:1#1 
489262     INFO  Test worker     d.u.i.k.n.KeyIO           MODE: declarations took 1 ms 
489262     DEBUG Test worker     d.u.i.k.n.KeyIO           MODE: 2nd degree decls took 0 
492640     INFO  Test worker     d.u.i.k.n.KeyIO           Parsing took 0 ms 
492640     DEBUG Test worker     d.u.i.k.n.KeyIO           Load declarations of de.uka.ilkd.key.nparser.KeyAst$File:  <unknown>:1#1 
492640     INFO  Test worker     d.u.i.k.n.KeyIO           MODE: declarations took 0 ms 
492641     DEBUG Test worker     d.u.i.k.n.KeyIO           MODE: 2nd degree decls took 0 
492641     INFO  Test worker     d.u.i.k.n.KeyIO           Parsing took 0 ms 
492641     DEBUG Test worker     d.u.i.k.n.KeyIO           Load declarations of de.uka.ilkd.key.nparser.KeyAst$File:  <unknown>:1#1 
492641     INFO  Test worker     d.u.i.k.n.KeyIO           MODE: declarations took 0 ms 
492641     DEBUG Test worker     d.u.i.k.n.KeyIO           MODE: 2nd degree decls took 0 
492642     INFO  Test worker     d.u.i.k.n.KeyIO           Parsing took 0 ms 
492642     DEBUG Test worker     d.u.i.k.n.KeyIO           Load declarations of de.uka.ilkd.key.nparser.KeyAst$File:  <unknown>:1#1 
492642     INFO  Test worker     d.u.i.k.n.KeyIO           MODE: declarations took 0 ms 
492642     DEBUG Test worker     d.u.i.k.n.KeyIO           MODE: 2nd degree decls took 0 
]]></system-out>
  <system-err><![CDATA[]]></system-err>
</testsuite>
