<?xml version="1.0" encoding="UTF-8"?>
<testsuite name="de.uka.ilkd.key.rule.loop.LoopScopeInvRuleTests" tests="1" skipped="0" failures="0" errors="0" timestamp="2023-05-26T21:59:18" hostname="fv-az218-883" time="5.707">
  <properties/>
  <testcase name="testDoAutomaticProofOfBenchmarkWithLabeledBreaksAndContinues()" classname="de.uka.ilkd.key.rule.loop.LoopScopeInvRuleTests" time="5.707"/>
  <system-out><![CDATA[521590     INFO  Test worker     d.u.i.k.p.i.AbstractProblemLoader Loading environment from src/test/resources/testcase/loopScopeInvRule/Test.key 
521590     DEBUG Test worker     d.u.i.k.p.i.AbstractProblemLoader Environment load took 123.2ns 
521598     INFO  Test worker     d.u.i.k.p.i.AbstractProblemLoader Creating init config 
521883     DEBUG Test worker     d.u.i.k.j.TypeConverter   No LDT found for Meta 
521883     DEBUG Test worker     d.u.i.k.j.TypeConverter   No LDT found for Meta 
521884     DEBUG Test worker     d.u.i.k.j.TypeConverter   No LDT found for Meta 
521884     DEBUG Test worker     d.u.i.k.j.TypeConverter   No LDT found for Meta 
522703     DEBUG Test worker     d.u.i.k.j.TypeConverter   No LDT found for JavaBigintExpression 
526620     DEBUG Test worker     d.u.i.k.p.i.AbstractProblemLoader Init config took 5.02s 
526665     INFO  Test worker     d.u.i.k.p.i.AbstractProblemLoader Replaying proof Test[Test::loopScopeRuleBenchmark(int,boolean)].JML normal_behavior operation contract.0 
526668     DEBUG Test worker     d.u.i.k.p.i.IntermediateProofReplayer Proof replay took 13.5ns 
]]></system-out>
  <system-err><![CDATA[]]></system-err>
</testsuite>
