<?xml version="1.0" encoding="UTF-8"?>
<testsuite name="de.uka.ilkd.key.taclettranslation.TestTacletTranslator" tests="5" skipped="0" failures="0" errors="0" timestamp="2023-05-26T22:06:19" hostname="fv-az218-883" time="0.009">
  <properties/>
  <testcase name="testPropositional1()" classname="de.uka.ilkd.key.taclettranslation.TestTacletTranslator" time="0.003"/>
  <testcase name="testPropositional2()" classname="de.uka.ilkd.key.taclettranslation.TestTacletTranslator" time="0.002"/>
  <testcase name="testNegativePolarity()" classname="de.uka.ilkd.key.taclettranslation.TestTacletTranslator" time="0.001"/>
  <testcase name="testNoPolarity()" classname="de.uka.ilkd.key.taclettranslation.TestTacletTranslator" time="0.001"/>
  <testcase name="testPositivePolarity()" classname="de.uka.ilkd.key.taclettranslation.TestTacletTranslator" time="0.002"/>
  <system-out><![CDATA[942409     INFO  Test worker     d.u.i.k.n.KeyIO           Parsing took 0 ms 
942409     DEBUG Test worker     d.u.i.k.n.KeyIO           Load declarations of de.uka.ilkd.key.nparser.KeyAst$File:  <unknown>:1#1 
942409     INFO  Test worker     d.u.i.k.n.KeyIO           MODE: declarations took 0 ms 
942409     DEBUG Test worker     d.u.i.k.n.KeyIO           MODE: 2nd degree decls took 0 
942409     DEBUG Test worker     d.u.i.k.n.KeyIO           MODE: taclets took 0ms 
942412     INFO  Test worker     d.u.i.k.n.KeyIO           Parsing took 0 ms 
942412     DEBUG Test worker     d.u.i.k.n.KeyIO           Load declarations of de.uka.ilkd.key.nparser.KeyAst$File:  <unknown>:1#1 
942412     INFO  Test worker     d.u.i.k.n.KeyIO           MODE: declarations took 0 ms 
942412     DEBUG Test worker     d.u.i.k.n.KeyIO           MODE: 2nd degree decls took 0 
942412     DEBUG Test worker     d.u.i.k.n.KeyIO           MODE: taclets took 0ms 
942413     INFO  Test worker     d.u.i.k.n.KeyIO           Parsing took 0 ms 
942413     DEBUG Test worker     d.u.i.k.n.KeyIO           Load declarations of de.uka.ilkd.key.nparser.KeyAst$File:  <unknown>:1#1 
942413     INFO  Test worker     d.u.i.k.n.KeyIO           MODE: declarations took 0 ms 
942413     DEBUG Test worker     d.u.i.k.n.KeyIO           MODE: 2nd degree decls took 0 
942413     DEBUG Test worker     d.u.i.k.n.KeyIO           MODE: taclets took 0ms 
942415     INFO  Test worker     d.u.i.k.n.KeyIO           Parsing took 0 ms 
942415     DEBUG Test worker     d.u.i.k.n.KeyIO           Load declarations of de.uka.ilkd.key.nparser.KeyAst$File:  <unknown>:1#1 
942415     INFO  Test worker     d.u.i.k.n.KeyIO           MODE: declarations took 0 ms 
942415     DEBUG Test worker     d.u.i.k.n.KeyIO           MODE: 2nd degree decls took 0 
942415     DEBUG Test worker     d.u.i.k.n.KeyIO           MODE: taclets took 0ms 
942416     INFO  Test worker     d.u.i.k.n.KeyIO           Parsing took 0 ms 
942416     DEBUG Test worker     d.u.i.k.n.KeyIO           Load declarations of de.uka.ilkd.key.nparser.KeyAst$File:  <unknown>:1#1 
942416     INFO  Test worker     d.u.i.k.n.KeyIO           MODE: declarations took 0 ms 
942416     DEBUG Test worker     d.u.i.k.n.KeyIO           MODE: 2nd degree decls took 0 
942416     DEBUG Test worker     d.u.i.k.n.KeyIO           MODE: taclets took 0ms 
]]></system-out>
  <system-err><![CDATA[]]></system-err>
</testsuite>
