<?xml version="1.0" encoding="UTF-8"?>
<testsuite name="de.uka.ilkd.key.proof.TestOneStepSimplifier" tests="1" skipped="0" failures="0" errors="0" timestamp="2023-05-26T21:58:50" hostname="fv-az218-883" time="4.487">
  <properties/>
  <testcase name="loadWithRestriction()" classname="de.uka.ilkd.key.proof.TestOneStepSimplifier" time="4.487"/>
  <system-out><![CDATA[492683     INFO  Test worker     d.u.i.k.p.i.AbstractProblemLoader Loading environment from src/test/resources/testcase/ossRestriction.proof 
492684     DEBUG Test worker     d.u.i.k.p.i.AbstractProblemLoader Environment load took 90.1ns 
492684     INFO  Test worker     d.u.i.k.p.i.AbstractProblemLoader Creating init config 
492831     DEBUG Test worker     d.u.i.k.j.TypeConverter   No LDT found for Meta 
492832     DEBUG Test worker     d.u.i.k.j.TypeConverter   No LDT found for Meta 
492833     DEBUG Test worker     d.u.i.k.j.TypeConverter   No LDT found for Meta 
492833     DEBUG Test worker     d.u.i.k.j.TypeConverter   No LDT found for Meta 
493514     DEBUG Test worker     d.u.i.k.j.TypeConverter   No LDT found for JavaBigintExpression 
497128     DEBUG Test worker     d.u.i.k.p.i.AbstractProblemLoader Init config took 4.44s 
497159     INFO  Test worker     d.u.i.k.p.i.AbstractProblemLoader Replaying proof ossRestriction.proof 
497163     DEBUG Test worker     d.u.i.k.p.i.IntermediateProofReplayer Proof replay took 1.11ms 
]]></system-out>
  <system-err><![CDATA[]]></system-err>
</testsuite>
