<?xml version="1.0" encoding="UTF-8"?>
<testsuite name="de.uka.ilkd.key.symbolic_execution.testcase.strategy.TestStepReturnSymbolicExecutionTreeNodesStopCondition" tests="1" skipped="0" failures="0" errors="0" timestamp="2023-02-02T15:46:07" hostname="fv-az309-517" time="4.571">
  <properties/>
  <testcase name="testStepReturn()" classname="de.uka.ilkd.key.symbolic_execution.testcase.strategy.TestStepReturnSymbolicExecutionTreeNodesStopCondition" time="4.571"/>
  <system-out><![CDATA[]]></system-out>
  <system-err><![CDATA[]]></system-err>
</testsuite>
