<?xml version="1.0" encoding="UTF-8"?>
<testsuite name="de.uka.ilkd.key.testcase.smt.testgen.TestTestgen" tests="1" skipped="0" failures="0" errors="0" timestamp="2023-05-19T08:25:12" hostname="fv-az283-299" time="4.45">
  <properties/>
  <testcase name="testMiddle()" classname="de.uka.ilkd.key.testcase.smt.testgen.TestTestgen" time="4.45"/>
  <system-out><![CDATA[14754      WARN  Test worker     d.u.i.k.t.s.t.TestTestgen Warning: Z3_CE is not installed, tests skipped. 
14755      WARN  Test worker     d.u.i.k.t.s.t.TestTestgen Maybe use JVM system property "z3SolverPath" to define the path to the Z3 command. 
14757      INFO  Test worker     d.u.i.k.p.i.AbstractProblemLoader Loading environment from src/test/resources/testcase/smt/tg/middle.key 
14758      DEBUG Test worker     d.u.i.k.p.i.AbstractProblemLoader Environment load took 625.5ns 
14761      INFO  Test worker     d.u.i.k.p.i.AbstractProblemLoader Creating init config 
18501      DEBUG Test worker     d.u.i.k.p.i.AbstractProblemLoader Init config took 3.74s 
18584      INFO  Test worker     d.u.i.k.p.i.AbstractProblemLoader Replaying proof Middle[Middle::middle(int,int,int)].JML normal_behavior operation contract.0 
18587      DEBUG Test worker     d.u.i.k.p.i.IntermediateProofReplayer Proof replay took 13.3ns 
]]></system-out>
  <system-err><![CDATA[]]></system-err>
</testsuite>
