<?xml version="1.0" encoding="UTF-8"?>
<testsuite name="org.key_project.util.testcase.collection.TestSLListOfString" tests="8" skipped="0" failures="0" errors="0" timestamp="2023-03-20T13:14:52" hostname="fv-az577-468" time="0.03">
  <properties/>
  <testcase name="testToString()" classname="org.key_project.util.testcase.collection.TestSLListOfString" time="0.001"/>
  <testcase name="testRemoveFirst()" classname="org.key_project.util.testcase.collection.TestSLListOfString" time="0.006"/>
  <testcase name="testPrepend()" classname="org.key_project.util.testcase.collection.TestSLListOfString" time="0.0"/>
  <testcase name="testHeadTail()" classname="org.key_project.util.testcase.collection.TestSLListOfString" time="0.001"/>
  <testcase name="testContains()" classname="org.key_project.util.testcase.collection.TestSLListOfString" time="0.0"/>
  <testcase name="testAppend()" classname="org.key_project.util.testcase.collection.TestSLListOfString" time="0.0"/>
  <testcase name="testEquals()" classname="org.key_project.util.testcase.collection.TestSLListOfString" time="0.009"/>
  <testcase name="testRemoveAll()" classname="org.key_project.util.testcase.collection.TestSLListOfString" time="0.001"/>
  <system-out><![CDATA[13:14:52,523 |-INFO in ch.qos.logback.classic.LoggerContext[default] - This is logback-classic version 1.4.5
13:14:52,548 |-INFO in ch.qos.logback.classic.LoggerContext[default] - Could NOT find resource [logback-test.xml]
13:14:52,549 |-INFO in ch.qos.logback.classic.LoggerContext[default] - Found resource [logback.xml] at [file:/home/runner/work/key/key/key.util/build/resources/test/logback.xml]
13:14:52,653 |-INFO in ch.qos.logback.core.model.processor.AppenderModelHandler - Processing appender named [STDOUT]
13:14:52,654 |-INFO in ch.qos.logback.core.model.processor.AppenderModelHandler - About to instantiate appender of type [ch.qos.logback.core.ConsoleAppender]
13:14:52,669 |-WARN in ch.qos.logback.core.model.processor.ImplicitModelHandler - Ignoring unknown property [file] in [ch.qos.logback.core.ConsoleAppender]
13:14:52,669 |-WARN in ch.qos.logback.core.model.processor.ImplicitModelHandler - Ignoring unknown property [append] in [ch.qos.logback.core.ConsoleAppender]
13:14:52,670 |-INFO in ch.qos.logback.core.model.processor.ImplicitModelHandler - Assuming default type [ch.qos.logback.classic.encoder.PatternLayoutEncoder] for [encoder] property
13:14:52,689 |-INFO in ch.qos.logback.classic.model.processor.RootLoggerModelHandler - Setting level of ROOT logger to WARN
13:14:52,694 |-INFO in ch.qos.logback.core.model.processor.AppenderRefModelHandler - Attaching appender named [STDOUT] to Logger[ROOT]
13:14:52,695 |-INFO in ch.qos.logback.core.model.processor.DefaultProcessor@5f7f2382 - End of configuration.
13:14:52,695 |-INFO in ch.qos.logback.classic.joran.JoranConfigurator@407cf41 - Registering current configuration as safe fallback point

]]></system-out>
  <system-err><![CDATA[]]></system-err>
</testsuite>
