<?xml version="1.0" encoding="UTF-8"?>
<testsuite name="de.uka.ilkd.key.proof.runallproofs.RunAllProofsFunctional" tests="47" skipped="0" failures="8" errors="0" timestamp="2023-02-21T16:53:17" hostname="fv-az986-462" time="5446.457">
  <properties/>
  <testcase name="newBook" classname="de.uka.ilkd.key.proof.runallproofs.RunAllProofsFunctional" time="56.526"/>
  <testcase name="oldBook" classname="de.uka.ilkd.key.proof.runallproofs.RunAllProofsFunctional" time="17.349"/>
  <testcase name="comprehensions" classname="de.uka.ilkd.key.proof.runallproofs.RunAllProofsFunctional" time="69.138"/>
  <testcase name="performance" classname="de.uka.ilkd.key.proof.runallproofs.RunAllProofsFunctional" time="227.613"/>
  <testcase name="performancePOConstruction" classname="de.uka.ilkd.key.proof.runallproofs.RunAllProofsFunctional" time="75.899"/>
  <testcase name="applicationRestrictions" classname="de.uka.ilkd.key.proof.runallproofs.RunAllProofsFunctional" time="52.554"/>
  <testcase name="blockContracts" classname="de.uka.ilkd.key.proof.runallproofs.RunAllProofsFunctional" time="137.734">
    <failure message="org.opentest4j.AssertionFailedError: group blockContracts:&#10;pass: Verifying property &quot;provable&quot; was successful for file: /home/runner/work/key/key/key.core/../key.ui/examples/index/.././heap/block_contracts/Simple__add.key&#10;pass: Verifying property &quot;provable&quot; was successful for file: /home/runner/work/key/key/key.core/../key.ui/examples/index/.././heap/block_contracts/Simple__addAbsoluteValues.key&#10;pass: Verifying property &quot;provable&quot; was successful for file: /home/runner/work/key/key/key.core/../key.ui/examples/index/.././heap/block_contracts/Simple__addWithJump.key&#10;pass: Verifying property &quot;provable&quot; was successful for file: /home/runner/work/key/key/key.core/../key.ui/examples/index/.././heap/block_contracts/Simple__addWithTwoBlockContracts.key&#10;pass: Verifying property &quot;provable&quot; was successful for file: /home/runner/work/key/key/key.core/../key.ui/examples/index/.././heap/block_contracts/Simple__generateByteArray.key&#10;pass: Verifying property &quot;provable&quot; was successful for file: /home/runner/work/key/key/key.core/../key.ui/examples/index/.././heap/block_contracts/Simple__getLength.key&#10;pass: Verifying property &quot;provable&quot; was successful for file: /home/runner/work/key/key/key.core/../key.ui/examples/index/.././heap/block_contracts/Simple__square.key&#10;pass: Verifying property &quot;provable&quot; was successful for file: /home/runner/work/key/key/key.core/../key.ui/examples/index/.././heap/block_contracts/Simple__unnecessaryBlockContract.key&#10;FAIL: Verifying property &quot;provable&quot; failed for file: /home/runner/work/key/key/key.core/../key.ui/examples/index/.././heap/block_contracts/Simple__unnecessaryLoopInvariant.key&#10;pass: Verifying property &quot;provable&quot; was successful for file: /home/runner/work/key/key/key.core/../key.ui/examples/index/.././standard_key/java_dl/jml-assert/assert.key&#10;pass: Verifying property &quot;provable&quot; was successful for file: /home/runner/work/key/key/key.core/../key.ui/examples/index/.././standard_key/java_dl/jml-assert/assert_assume_order.key&#10;pass: Verifying property &quot;provable&quot; was successful for file: /home/runner/work/key/key/key.core/../key.ui/examples/index/.././heap/block_loop_contracts/SimpleVariants/sum_onBlock_external.key&#10;pass: Verifying property &quot;provable&quot; was successful for file: /home/runner/work/key/key/key.core/../key.ui/examples/index/.././heap/block_loop_contracts/SimpleVariants/sum_onBlock_internal.key&#10;pass: Verifying property &quot;provable&quot; was successful for file: /home/runner/work/key/key/key.core/../key.ui/examples/index/.././heap/block_loop_contracts/SimpleVariants/sum_onBlock_loop.key&#10;pass: Verifying property &quot;provable&quot; was successful for file: /home/runner/work/key/key/key.core/../key.ui/examples/index/.././heap/block_loop_contracts/SimpleVariants/sum_onLoop_external.key&#10;pass: Verifying property &quot;provable&quot; was successful for file: /home/runner/work/key/key/key.core/../key.ui/examples/index/.././heap/block_loop_contracts/SimpleVariants/sum_onLoop_internal.key&#10;pass: Verifying property &quot;provable&quot; was successful for file: /home/runner/work/key/key/key.core/../key.ui/examples/index/.././heap/block_loop_contracts/SimpleVariants/sum_onLoop_loop.key&#10;pass: Verifying property &quot;provable&quot; was successful for file: /home/runner/work/key/key/key.core/../key.ui/examples/index/.././heap/block_loop_contracts/Free/blockContracts0.key&#10;pass: Verifying property &quot;provable&quot; was successful for file: /home/runner/work/key/key/key.core/../key.ui/examples/index/.././heap/block_loop_contracts/Free/blockContracts1.key&#10;pass: Verifying property &quot;notprovable&quot; was successful for file: /home/runner/work/key/key/key.core/../key.ui/examples/index/.././heap/block_loop_contracts/Finally/block_finally.key&#10;pass: Verifying property &quot;notprovable&quot; was successful for file: /home/runner/work/key/key/key.core/../key.ui/examples/index/.././heap/block_loop_contracts/Finally/loop_finally.key&#10; ==&gt; expected: &lt;true&gt; but was: &lt;false&gt;" type="org.opentest4j.AssertionFailedError">org.opentest4j.AssertionFailedError: group blockContracts:
pass: Verifying property &quot;provable&quot; was successful for file: /home/runner/work/key/key/key.core/../key.ui/examples/index/.././heap/block_contracts/Simple__add.key
pass: Verifying property &quot;provable&quot; was successful for file: /home/runner/work/key/key/key.core/../key.ui/examples/index/.././heap/block_contracts/Simple__addAbsoluteValues.key
pass: Verifying property &quot;provable&quot; was successful for file: /home/runner/work/key/key/key.core/../key.ui/examples/index/.././heap/block_contracts/Simple__addWithJump.key
pass: Verifying property &quot;provable&quot; was successful for file: /home/runner/work/key/key/key.core/../key.ui/examples/index/.././heap/block_contracts/Simple__addWithTwoBlockContracts.key
pass: Verifying property &quot;provable&quot; was successful for file: /home/runner/work/key/key/key.core/../key.ui/examples/index/.././heap/block_contracts/Simple__generateByteArray.key
pass: Verifying property &quot;provable&quot; was successful for file: /home/runner/work/key/key/key.core/../key.ui/examples/index/.././heap/block_contracts/Simple__getLength.key
pass: Verifying property &quot;provable&quot; was successful for file: /home/runner/work/key/key/key.core/../key.ui/examples/index/.././heap/block_contracts/Simple__square.key
pass: Verifying property &quot;provable&quot; was successful for file: /home/runner/work/key/key/key.core/../key.ui/examples/index/.././heap/block_contracts/Simple__unnecessaryBlockContract.key
FAIL: Verifying property &quot;provable&quot; failed for file: /home/runner/work/key/key/key.core/../key.ui/examples/index/.././heap/block_contracts/Simple__unnecessaryLoopInvariant.key
pass: Verifying property &quot;provable&quot; was successful for file: /home/runner/work/key/key/key.core/../key.ui/examples/index/.././standard_key/java_dl/jml-assert/assert.key
pass: Verifying property &quot;provable&quot; was successful for file: /home/runner/work/key/key/key.core/../key.ui/examples/index/.././standard_key/java_dl/jml-assert/assert_assume_order.key
pass: Verifying property &quot;provable&quot; was successful for file: /home/runner/work/key/key/key.core/../key.ui/examples/index/.././heap/block_loop_contracts/SimpleVariants/sum_onBlock_external.key
pass: Verifying property &quot;provable&quot; was successful for file: /home/runner/work/key/key/key.core/../key.ui/examples/index/.././heap/block_loop_contracts/SimpleVariants/sum_onBlock_internal.key
pass: Verifying property &quot;provable&quot; was successful for file: /home/runner/work/key/key/key.core/../key.ui/examples/index/.././heap/block_loop_contracts/SimpleVariants/sum_onBlock_loop.key
pass: Verifying property &quot;provable&quot; was successful for file: /home/runner/work/key/key/key.core/../key.ui/examples/index/.././heap/block_loop_contracts/SimpleVariants/sum_onLoop_external.key
pass: Verifying property &quot;provable&quot; was successful for file: /home/runner/work/key/key/key.core/../key.ui/examples/index/.././heap/block_loop_contracts/SimpleVariants/sum_onLoop_internal.key
pass: Verifying property &quot;provable&quot; was successful for file: /home/runner/work/key/key/key.core/../key.ui/examples/index/.././heap/block_loop_contracts/SimpleVariants/sum_onLoop_loop.key
pass: Verifying property &quot;provable&quot; was successful for file: /home/runner/work/key/key/key.core/../key.ui/examples/index/.././heap/block_loop_contracts/Free/blockContracts0.key
pass: Verifying property &quot;provable&quot; was successful for file: /home/runner/work/key/key/key.core/../key.ui/examples/index/.././heap/block_loop_contracts/Free/blockContracts1.key
pass: Verifying property &quot;notprovable&quot; was successful for file: /home/runner/work/key/key/key.core/../key.ui/examples/index/.././heap/block_loop_contracts/Finally/block_finally.key
pass: Verifying property &quot;notprovable&quot; was successful for file: /home/runner/work/key/key/key.core/../key.ui/examples/index/.././heap/block_loop_contracts/Finally/loop_finally.key
 ==&gt; expected: &lt;true&gt; but was: &lt;false&gt;
	at app//org.junit.jupiter.api.AssertionUtils.fail(AssertionUtils.java:55)
	at app//org.junit.jupiter.api.AssertTrue.assertTrue(AssertTrue.java:40)
	at app//org.junit.jupiter.api.Assertions.assertTrue(Assertions.java:210)
	at app//de.uka.ilkd.key.proof.runallproofs.RunAllProofsTest.lambda$data$0(RunAllProofsTest.java:84)
	at app//org.junit.jupiter.engine.descriptor.DynamicTestTestDescriptor.lambda$execute$0(DynamicTestTestDescriptor.java:53)
	at app//org.junit.jupiter.engine.execution.InvocationInterceptorChain$ValidatingInvocation.proceed(InvocationInterceptorChain.java:131)
	at app//org.junit.jupiter.api.extension.InvocationInterceptor.interceptDynamicTest(InvocationInterceptor.java:167)
	at app//org.junit.jupiter.api.extension.InvocationInterceptor.interceptDynamicTest(InvocationInterceptor.java:184)
	at app//org.junit.jupiter.engine.descriptor.DynamicTestTestDescriptor.lambda$execute$1(DynamicTestTestDescriptor.java:61)
	at app//org.junit.jupiter.engine.execution.InvocationInterceptorChain$InterceptorCall.lambda$ofVoid$0(InvocationInterceptorChain.java:78)
	at app//org.junit.jupiter.engine.execution.InvocationInterceptorChain$InterceptedInvocation.proceed(InvocationInterceptorChain.java:106)
	at app//org.junit.jupiter.engine.execution.InvocationInterceptorChain.proceed(InvocationInterceptorChain.java:64)
	at app//org.junit.jupiter.engine.execution.InvocationInterceptorChain.chainAndInvoke(InvocationInterceptorChain.java:45)
	at app//org.junit.jupiter.engine.execution.InvocationInterceptorChain.invoke(InvocationInterceptorChain.java:37)
	at app//org.junit.jupiter.engine.descriptor.DynamicTestTestDescriptor.execute(DynamicTestTestDescriptor.java:60)
	at app//org.junit.jupiter.engine.descriptor.DynamicTestTestDescriptor.execute(DynamicTestTestDescriptor.java:32)
	at app//org.junit.platform.engine.support.hierarchical.NodeTestTask.lambda$executeRecursively$6(NodeTestTask.java:151)
	at app//org.junit.platform.engine.support.hierarchical.ThrowableCollector.execute(ThrowableCollector.java:73)
	at app//org.junit.platform.engine.support.hierarchical.NodeTestTask.lambda$executeRecursively$8(NodeTestTask.java:141)
	at app//org.junit.platform.engine.support.hierarchical.Node.around(Node.java:137)
	at app//org.junit.platform.engine.support.hierarchical.NodeTestTask.lambda$executeRecursively$9(NodeTestTask.java:139)
	at app//org.junit.platform.engine.support.hierarchical.ThrowableCollector.execute(ThrowableCollector.java:73)
	at app//org.junit.platform.engine.support.hierarchical.NodeTestTask.executeRecursively(NodeTestTask.java:138)
	at app//org.junit.platform.engine.support.hierarchical.NodeTestTask.execute(NodeTestTask.java:95)
	at app//org.junit.platform.engine.support.hierarchical.SameThreadHierarchicalTestExecutorService.submit(SameThreadHierarchicalTestExecutorService.java:35)
	at app//org.junit.platform.engine.support.hierarchical.NodeTestTask$DefaultDynamicTestExecutor.execute(NodeTestTask.java:226)
	at app//org.junit.platform.engine.support.hierarchical.NodeTestTask$DefaultDynamicTestExecutor.execute(NodeTestTask.java:204)
	at java.base@11.0.18/java.util.Optional.ifPresent(Optional.java:183)
	at app//org.junit.jupiter.engine.descriptor.TestFactoryTestDescriptor.lambda$invokeTestMethod$1(TestFactoryTestDescriptor.java:108)
	at app//org.junit.platform.engine.support.hierarchical.ThrowableCollector.execute(ThrowableCollector.java:73)
	at app//org.junit.jupiter.engine.descriptor.TestFactoryTestDescriptor.invokeTestMethod(TestFactoryTestDescriptor.java:95)
	at app//org.junit.jupiter.engine.descriptor.TestMethodTestDescriptor.execute(TestMethodTestDescriptor.java:135)
	at app//org.junit.jupiter.engine.descriptor.TestMethodTestDescriptor.execute(TestMethodTestDescriptor.java:66)
	at app//org.junit.platform.engine.support.hierarchical.NodeTestTask.lambda$executeRecursively$6(NodeTestTask.java:151)
	at app//org.junit.platform.engine.support.hierarchical.ThrowableCollector.execute(ThrowableCollector.java:73)
	at app//org.junit.platform.engine.support.hierarchical.NodeTestTask.lambda$executeRecursively$8(NodeTestTask.java:141)
	at app//org.junit.platform.engine.support.hierarchical.Node.around(Node.java:137)
	at app//org.junit.platform.engine.support.hierarchical.NodeTestTask.lambda$executeRecursively$9(NodeTestTask.java:139)
	at app//org.junit.platform.engine.support.hierarchical.ThrowableCollector.execute(ThrowableCollector.java:73)
	at app//org.junit.platform.engine.support.hierarchical.NodeTestTask.executeRecursively(NodeTestTask.java:138)
	at app//org.junit.platform.engine.support.hierarchical.NodeTestTask.execute(NodeTestTask.java:95)
	at java.base@11.0.18/java.util.ArrayList.forEach(ArrayList.java:1541)
	at app//org.junit.platform.engine.support.hierarchical.SameThreadHierarchicalTestExecutorService.invokeAll(SameThreadHierarchicalTestExecutorService.java:41)
	at app//org.junit.platform.engine.support.hierarchical.NodeTestTask.lambda$executeRecursively$6(NodeTestTask.java:155)
	at app//org.junit.platform.engine.support.hierarchical.ThrowableCollector.execute(ThrowableCollector.java:73)
	at app//org.junit.platform.engine.support.hierarchical.NodeTestTask.lambda$executeRecursively$8(NodeTestTask.java:141)
	at app//org.junit.platform.engine.support.hierarchical.Node.around(Node.java:137)
	at app//org.junit.platform.engine.support.hierarchical.NodeTestTask.lambda$executeRecursively$9(NodeTestTask.java:139)
	at app//org.junit.platform.engine.support.hierarchical.ThrowableCollector.execute(ThrowableCollector.java:73)
	at app//org.junit.platform.engine.support.hierarchical.NodeTestTask.executeRecursively(NodeTestTask.java:138)
	at app//org.junit.platform.engine.support.hierarchical.NodeTestTask.execute(NodeTestTask.java:95)
	at java.base@11.0.18/java.util.ArrayList.forEach(ArrayList.java:1541)
	at app//org.junit.platform.engine.support.hierarchical.SameThreadHierarchicalTestExecutorService.invokeAll(SameThreadHierarchicalTestExecutorService.java:41)
	at app//org.junit.platform.engine.support.hierarchical.NodeTestTask.lambda$executeRecursively$6(NodeTestTask.java:155)
	at app//org.junit.platform.engine.support.hierarchical.ThrowableCollector.execute(ThrowableCollector.java:73)
	at app//org.junit.platform.engine.support.hierarchical.NodeTestTask.lambda$executeRecursively$8(NodeTestTask.java:141)
	at app//org.junit.platform.engine.support.hierarchical.Node.around(Node.java:137)
	at app//org.junit.platform.engine.support.hierarchical.NodeTestTask.lambda$executeRecursively$9(NodeTestTask.java:139)
	at app//org.junit.platform.engine.support.hierarchical.ThrowableCollector.execute(ThrowableCollector.java:73)
	at app//org.junit.platform.engine.support.hierarchical.NodeTestTask.executeRecursively(NodeTestTask.java:138)
	at app//org.junit.platform.engine.support.hierarchical.NodeTestTask.execute(NodeTestTask.java:95)
	at app//org.junit.platform.engine.support.hierarchical.SameThreadHierarchicalTestExecutorService.submit(SameThreadHierarchicalTestExecutorService.java:35)
	at app//org.junit.platform.engine.support.hierarchical.HierarchicalTestExecutor.execute(HierarchicalTestExecutor.java:57)
	at app//org.junit.platform.engine.support.hierarchical.HierarchicalTestEngine.execute(HierarchicalTestEngine.java:54)
	at org.junit.platform.launcher.core.EngineExecutionOrchestrator.execute(EngineExecutionOrchestrator.java:107)
	at org.junit.platform.launcher.core.EngineExecutionOrchestrator.execute(EngineExecutionOrchestrator.java:88)
	at org.junit.platform.launcher.core.EngineExecutionOrchestrator.lambda$execute$0(EngineExecutionOrchestrator.java:54)
	at org.junit.platform.launcher.core.EngineExecutionOrchestrator.withInterceptedStreams(EngineExecutionOrchestrator.java:67)
	at org.junit.platform.launcher.core.EngineExecutionOrchestrator.execute(EngineExecutionOrchestrator.java:52)
	at org.junit.platform.launcher.core.DefaultLauncher.execute(DefaultLauncher.java:114)
	at org.junit.platform.launcher.core.DefaultLauncher.execute(DefaultLauncher.java:86)
	at org.junit.platform.launcher.core.DefaultLauncherSession$DelegatingLauncher.execute(DefaultLauncherSession.java:86)
	at org.junit.platform.launcher.core.SessionPerRequestLauncher.execute(SessionPerRequestLauncher.java:53)
	at org.gradle.api.internal.tasks.testing.junitplatform.JUnitPlatformTestClassProcessor$CollectAllTestClassesExecutor.processAllTestClasses(JUnitPlatformTestClassProcessor.java:99)
	at org.gradle.api.internal.tasks.testing.junitplatform.JUnitPlatformTestClassProcessor$CollectAllTestClassesExecutor.access$000(JUnitPlatformTestClassProcessor.java:79)
	at org.gradle.api.internal.tasks.testing.junitplatform.JUnitPlatformTestClassProcessor.stop(JUnitPlatformTestClassProcessor.java:75)
	at org.gradle.api.internal.tasks.testing.SuiteTestClassProcessor.stop(SuiteTestClassProcessor.java:62)
	at java.base@11.0.18/jdk.internal.reflect.NativeMethodAccessorImpl.invoke0(Native Method)
	at java.base@11.0.18/jdk.internal.reflect.NativeMethodAccessorImpl.invoke(NativeMethodAccessorImpl.java:62)
	at java.base@11.0.18/jdk.internal.reflect.DelegatingMethodAccessorImpl.invoke(DelegatingMethodAccessorImpl.java:43)
	at java.base@11.0.18/java.lang.reflect.Method.invoke(Method.java:566)
	at org.gradle.internal.dispatch.ReflectionDispatch.dispatch(ReflectionDispatch.java:36)
	at org.gradle.internal.dispatch.ReflectionDispatch.dispatch(ReflectionDispatch.java:24)
	at org.gradle.internal.dispatch.ContextClassLoaderDispatch.dispatch(ContextClassLoaderDispatch.java:33)
	at org.gradle.internal.dispatch.ProxyDispatchAdapter$DispatchingInvocationHandler.invoke(ProxyDispatchAdapter.java:94)
	at com.sun.proxy.$Proxy2.stop(Unknown Source)
	at org.gradle.api.internal.tasks.testing.worker.TestWorker$3.run(TestWorker.java:193)
	at org.gradle.api.internal.tasks.testing.worker.TestWorker.executeAndMaintainThreadName(TestWorker.java:129)
	at org.gradle.api.internal.tasks.testing.worker.TestWorker.execute(TestWorker.java:100)
	at org.gradle.api.internal.tasks.testing.worker.TestWorker.execute(TestWorker.java:60)
	at org.gradle.process.internal.worker.child.ActionExecutionWorker.execute(ActionExecutionWorker.java:56)
	at org.gradle.process.internal.worker.child.SystemApplicationClassLoaderWorker.call(SystemApplicationClassLoaderWorker.java:113)
	at org.gradle.process.internal.worker.child.SystemApplicationClassLoaderWorker.call(SystemApplicationClassLoaderWorker.java:65)
	at app//worker.org.gradle.process.internal.worker.GradleWorkerMain.run(GradleWorkerMain.java:69)
	at app//worker.org.gradle.process.internal.worker.GradleWorkerMain.main(GradleWorkerMain.java:74)
</failure>
  </testcase>
  <testcase name="jmlAsserts" classname="de.uka.ilkd.key.proof.runallproofs.RunAllProofsFunctional" time="93.852"/>
  <testcase name="javaCard" classname="de.uka.ilkd.key.proof.runallproofs.RunAllProofsFunctional" time="32.97"/>
  <testcase name="project.key" classname="de.uka.ilkd.key.proof.runallproofs.RunAllProofsFunctional" time="34.644"/>
  <testcase name="project.key#1" classname="de.uka.ilkd.key.proof.runallproofs.RunAllProofsFunctional" time="14.803"/>
  <testcase name="lcp.key" classname="de.uka.ilkd.key.proof.runallproofs.RunAllProofsFunctional" time="15.796"/>
  <testcase name="project.key#2" classname="de.uka.ilkd.key.proof.runallproofs.RunAllProofsFunctional" time="18.613"/>
  <testcase name="ArrayList_contains.key" classname="de.uka.ilkd.key.proof.runallproofs.RunAllProofsFunctional" time="14.931"/>
  <testcase name="ArrayList_get.key" classname="de.uka.ilkd.key.proof.runallproofs.RunAllProofsFunctional" time="15.601"/>
  <testcase name="ArrayList_size.key" classname="de.uka.ilkd.key.proof.runallproofs.RunAllProofsFunctional" time="14.379"/>
  <testcase name="UpdateAbstraction_ex7_3_secure.key" classname="de.uka.ilkd.key.proof.runallproofs.RunAllProofsFunctional" time="12.988"/>
  <testcase name="UpdateAbstraction_ex7_4_secure.key" classname="de.uka.ilkd.key.proof.runallproofs.RunAllProofsFunctional" time="13.228"/>
  <testcase name="UpdateAbstraction_ex7_5_secure.key" classname="de.uka.ilkd.key.proof.runallproofs.RunAllProofsFunctional" time="12.875"/>
  <testcase name="UpdateAbstraction_ex7_6_secure.key" classname="de.uka.ilkd.key.proof.runallproofs.RunAllProofsFunctional" time="13.957"/>
  <testcase name="UpdateAbstraction_ex9_secure.key" classname="de.uka.ilkd.key.proof.runallproofs.RunAllProofsFunctional" time="9.986">
    <failure message="org.opentest4j.AssertionFailedError: FAIL: Verifying property &quot;provable&quot; failed for file: /home/runner/work/key/key/key.core/../key.ui/examples/index/.././heap/information_flow/UpdateAbstraction_ex9_secure.key ==&gt; expected: &lt;true&gt; but was: &lt;false&gt;" type="org.opentest4j.AssertionFailedError">org.opentest4j.AssertionFailedError: FAIL: Verifying property &quot;provable&quot; failed for file: /home/runner/work/key/key/key.core/../key.ui/examples/index/.././heap/information_flow/UpdateAbstraction_ex9_secure.key ==&gt; expected: &lt;true&gt; but was: &lt;false&gt;
	at app//org.junit.jupiter.api.AssertionUtils.fail(AssertionUtils.java:55)
	at app//org.junit.jupiter.api.AssertTrue.assertTrue(AssertTrue.java:40)
	at app//org.junit.jupiter.api.Assertions.assertTrue(Assertions.java:210)
	at app//de.uka.ilkd.key.proof.runallproofs.RunAllProofsTest.lambda$data$0(RunAllProofsTest.java:84)
	at app//org.junit.jupiter.engine.descriptor.DynamicTestTestDescriptor.lambda$execute$0(DynamicTestTestDescriptor.java:53)
	at app//org.junit.jupiter.engine.execution.InvocationInterceptorChain$ValidatingInvocation.proceed(InvocationInterceptorChain.java:131)
	at app//org.junit.jupiter.api.extension.InvocationInterceptor.interceptDynamicTest(InvocationInterceptor.java:167)
	at app//org.junit.jupiter.api.extension.InvocationInterceptor.interceptDynamicTest(InvocationInterceptor.java:184)
	at app//org.junit.jupiter.engine.descriptor.DynamicTestTestDescriptor.lambda$execute$1(DynamicTestTestDescriptor.java:61)
	at app//org.junit.jupiter.engine.execution.InvocationInterceptorChain$InterceptorCall.lambda$ofVoid$0(InvocationInterceptorChain.java:78)
	at app//org.junit.jupiter.engine.execution.InvocationInterceptorChain$InterceptedInvocation.proceed(InvocationInterceptorChain.java:106)
	at app//org.junit.jupiter.engine.execution.InvocationInterceptorChain.proceed(InvocationInterceptorChain.java:64)
	at app//org.junit.jupiter.engine.execution.InvocationInterceptorChain.chainAndInvoke(InvocationInterceptorChain.java:45)
	at app//org.junit.jupiter.engine.execution.InvocationInterceptorChain.invoke(InvocationInterceptorChain.java:37)
	at app//org.junit.jupiter.engine.descriptor.DynamicTestTestDescriptor.execute(DynamicTestTestDescriptor.java:60)
	at app//org.junit.jupiter.engine.descriptor.DynamicTestTestDescriptor.execute(DynamicTestTestDescriptor.java:32)
	at app//org.junit.platform.engine.support.hierarchical.NodeTestTask.lambda$executeRecursively$6(NodeTestTask.java:151)
	at app//org.junit.platform.engine.support.hierarchical.ThrowableCollector.execute(ThrowableCollector.java:73)
	at app//org.junit.platform.engine.support.hierarchical.NodeTestTask.lambda$executeRecursively$8(NodeTestTask.java:141)
	at app//org.junit.platform.engine.support.hierarchical.Node.around(Node.java:137)
	at app//org.junit.platform.engine.support.hierarchical.NodeTestTask.lambda$executeRecursively$9(NodeTestTask.java:139)
	at app//org.junit.platform.engine.support.hierarchical.ThrowableCollector.execute(ThrowableCollector.java:73)
	at app//org.junit.platform.engine.support.hierarchical.NodeTestTask.executeRecursively(NodeTestTask.java:138)
	at app//org.junit.platform.engine.support.hierarchical.NodeTestTask.execute(NodeTestTask.java:95)
	at app//org.junit.platform.engine.support.hierarchical.SameThreadHierarchicalTestExecutorService.submit(SameThreadHierarchicalTestExecutorService.java:35)
	at app//org.junit.platform.engine.support.hierarchical.NodeTestTask$DefaultDynamicTestExecutor.execute(NodeTestTask.java:226)
	at app//org.junit.platform.engine.support.hierarchical.NodeTestTask$DefaultDynamicTestExecutor.execute(NodeTestTask.java:204)
	at java.base@11.0.18/java.util.Optional.ifPresent(Optional.java:183)
	at app//org.junit.jupiter.engine.descriptor.TestFactoryTestDescriptor.lambda$invokeTestMethod$1(TestFactoryTestDescriptor.java:108)
	at app//org.junit.platform.engine.support.hierarchical.ThrowableCollector.execute(ThrowableCollector.java:73)
	at app//org.junit.jupiter.engine.descriptor.TestFactoryTestDescriptor.invokeTestMethod(TestFactoryTestDescriptor.java:95)
	at app//org.junit.jupiter.engine.descriptor.TestMethodTestDescriptor.execute(TestMethodTestDescriptor.java:135)
	at app//org.junit.jupiter.engine.descriptor.TestMethodTestDescriptor.execute(TestMethodTestDescriptor.java:66)
	at app//org.junit.platform.engine.support.hierarchical.NodeTestTask.lambda$executeRecursively$6(NodeTestTask.java:151)
	at app//org.junit.platform.engine.support.hierarchical.ThrowableCollector.execute(ThrowableCollector.java:73)
	at app//org.junit.platform.engine.support.hierarchical.NodeTestTask.lambda$executeRecursively$8(NodeTestTask.java:141)
	at app//org.junit.platform.engine.support.hierarchical.Node.around(Node.java:137)
	at app//org.junit.platform.engine.support.hierarchical.NodeTestTask.lambda$executeRecursively$9(NodeTestTask.java:139)
	at app//org.junit.platform.engine.support.hierarchical.ThrowableCollector.execute(ThrowableCollector.java:73)
	at app//org.junit.platform.engine.support.hierarchical.NodeTestTask.executeRecursively(NodeTestTask.java:138)
	at app//org.junit.platform.engine.support.hierarchical.NodeTestTask.execute(NodeTestTask.java:95)
	at java.base@11.0.18/java.util.ArrayList.forEach(ArrayList.java:1541)
	at app//org.junit.platform.engine.support.hierarchical.SameThreadHierarchicalTestExecutorService.invokeAll(SameThreadHierarchicalTestExecutorService.java:41)
	at app//org.junit.platform.engine.support.hierarchical.NodeTestTask.lambda$executeRecursively$6(NodeTestTask.java:155)
	at app//org.junit.platform.engine.support.hierarchical.ThrowableCollector.execute(ThrowableCollector.java:73)
	at app//org.junit.platform.engine.support.hierarchical.NodeTestTask.lambda$executeRecursively$8(NodeTestTask.java:141)
	at app//org.junit.platform.engine.support.hierarchical.Node.around(Node.java:137)
	at app//org.junit.platform.engine.support.hierarchical.NodeTestTask.lambda$executeRecursively$9(NodeTestTask.java:139)
	at app//org.junit.platform.engine.support.hierarchical.ThrowableCollector.execute(ThrowableCollector.java:73)
	at app//org.junit.platform.engine.support.hierarchical.NodeTestTask.executeRecursively(NodeTestTask.java:138)
	at app//org.junit.platform.engine.support.hierarchical.NodeTestTask.execute(NodeTestTask.java:95)
	at java.base@11.0.18/java.util.ArrayList.forEach(ArrayList.java:1541)
	at app//org.junit.platform.engine.support.hierarchical.SameThreadHierarchicalTestExecutorService.invokeAll(SameThreadHierarchicalTestExecutorService.java:41)
	at app//org.junit.platform.engine.support.hierarchical.NodeTestTask.lambda$executeRecursively$6(NodeTestTask.java:155)
	at app//org.junit.platform.engine.support.hierarchical.ThrowableCollector.execute(ThrowableCollector.java:73)
	at app//org.junit.platform.engine.support.hierarchical.NodeTestTask.lambda$executeRecursively$8(NodeTestTask.java:141)
	at app//org.junit.platform.engine.support.hierarchical.Node.around(Node.java:137)
	at app//org.junit.platform.engine.support.hierarchical.NodeTestTask.lambda$executeRecursively$9(NodeTestTask.java:139)
	at app//org.junit.platform.engine.support.hierarchical.ThrowableCollector.execute(ThrowableCollector.java:73)
	at app//org.junit.platform.engine.support.hierarchical.NodeTestTask.executeRecursively(NodeTestTask.java:138)
	at app//org.junit.platform.engine.support.hierarchical.NodeTestTask.execute(NodeTestTask.java:95)
	at app//org.junit.platform.engine.support.hierarchical.SameThreadHierarchicalTestExecutorService.submit(SameThreadHierarchicalTestExecutorService.java:35)
	at app//org.junit.platform.engine.support.hierarchical.HierarchicalTestExecutor.execute(HierarchicalTestExecutor.java:57)
	at app//org.junit.platform.engine.support.hierarchical.HierarchicalTestEngine.execute(HierarchicalTestEngine.java:54)
	at org.junit.platform.launcher.core.EngineExecutionOrchestrator.execute(EngineExecutionOrchestrator.java:107)
	at org.junit.platform.launcher.core.EngineExecutionOrchestrator.execute(EngineExecutionOrchestrator.java:88)
	at org.junit.platform.launcher.core.EngineExecutionOrchestrator.lambda$execute$0(EngineExecutionOrchestrator.java:54)
	at org.junit.platform.launcher.core.EngineExecutionOrchestrator.withInterceptedStreams(EngineExecutionOrchestrator.java:67)
	at org.junit.platform.launcher.core.EngineExecutionOrchestrator.execute(EngineExecutionOrchestrator.java:52)
	at org.junit.platform.launcher.core.DefaultLauncher.execute(DefaultLauncher.java:114)
	at org.junit.platform.launcher.core.DefaultLauncher.execute(DefaultLauncher.java:86)
	at org.junit.platform.launcher.core.DefaultLauncherSession$DelegatingLauncher.execute(DefaultLauncherSession.java:86)
	at org.junit.platform.launcher.core.SessionPerRequestLauncher.execute(SessionPerRequestLauncher.java:53)
	at org.gradle.api.internal.tasks.testing.junitplatform.JUnitPlatformTestClassProcessor$CollectAllTestClassesExecutor.processAllTestClasses(JUnitPlatformTestClassProcessor.java:99)
	at org.gradle.api.internal.tasks.testing.junitplatform.JUnitPlatformTestClassProcessor$CollectAllTestClassesExecutor.access$000(JUnitPlatformTestClassProcessor.java:79)
	at org.gradle.api.internal.tasks.testing.junitplatform.JUnitPlatformTestClassProcessor.stop(JUnitPlatformTestClassProcessor.java:75)
	at org.gradle.api.internal.tasks.testing.SuiteTestClassProcessor.stop(SuiteTestClassProcessor.java:62)
	at java.base@11.0.18/jdk.internal.reflect.NativeMethodAccessorImpl.invoke0(Native Method)
	at java.base@11.0.18/jdk.internal.reflect.NativeMethodAccessorImpl.invoke(NativeMethodAccessorImpl.java:62)
	at java.base@11.0.18/jdk.internal.reflect.DelegatingMethodAccessorImpl.invoke(DelegatingMethodAccessorImpl.java:43)
	at java.base@11.0.18/java.lang.reflect.Method.invoke(Method.java:566)
	at org.gradle.internal.dispatch.ReflectionDispatch.dispatch(ReflectionDispatch.java:36)
	at org.gradle.internal.dispatch.ReflectionDispatch.dispatch(ReflectionDispatch.java:24)
	at org.gradle.internal.dispatch.ContextClassLoaderDispatch.dispatch(ContextClassLoaderDispatch.java:33)
	at org.gradle.internal.dispatch.ProxyDispatchAdapter$DispatchingInvocationHandler.invoke(ProxyDispatchAdapter.java:94)
	at com.sun.proxy.$Proxy2.stop(Unknown Source)
	at org.gradle.api.internal.tasks.testing.worker.TestWorker$3.run(TestWorker.java:193)
	at org.gradle.api.internal.tasks.testing.worker.TestWorker.executeAndMaintainThreadName(TestWorker.java:129)
	at org.gradle.api.internal.tasks.testing.worker.TestWorker.execute(TestWorker.java:100)
	at org.gradle.api.internal.tasks.testing.worker.TestWorker.execute(TestWorker.java:60)
	at org.gradle.process.internal.worker.child.ActionExecutionWorker.execute(ActionExecutionWorker.java:56)
	at org.gradle.process.internal.worker.child.SystemApplicationClassLoaderWorker.call(SystemApplicationClassLoaderWorker.java:113)
	at org.gradle.process.internal.worker.child.SystemApplicationClassLoaderWorker.call(SystemApplicationClassLoaderWorker.java:65)
	at app//worker.org.gradle.process.internal.worker.GradleWorkerMain.run(GradleWorkerMain.java:69)
	at app//worker.org.gradle.process.internal.worker.GradleWorkerMain.main(GradleWorkerMain.java:74)
</failure>
  </testcase>
  <testcase name="list" classname="de.uka.ilkd.key.proof.runallproofs.RunAllProofsFunctional" time="261.788"/>
  <testcase name="list_ghost" classname="de.uka.ilkd.key.proof.runallproofs.RunAllProofsFunctional" time="68.034"/>
  <testcase name="list_recursive" classname="de.uka.ilkd.key.proof.runallproofs.RunAllProofsFunctional" time="22.382"/>
  <testcase name="list_seq" classname="de.uka.ilkd.key.proof.runallproofs.RunAllProofsFunctional" time="151.029"/>
  <testcase name="observer" classname="de.uka.ilkd.key.proof.runallproofs.RunAllProofsFunctional" time="102.336"/>
  <testcase name="removeDups" classname="de.uka.ilkd.key.proof.runallproofs.RunAllProofsFunctional" time="40.9"/>
  <testcase name="Saddleback_search.key" classname="de.uka.ilkd.key.proof.runallproofs.RunAllProofsFunctional" time="88.418"/>
  <testcase name="quicksort" classname="de.uka.ilkd.key.proof.runallproofs.RunAllProofsFunctional" time="103.358"/>
  <testcase name="simpleTests" classname="de.uka.ilkd.key.proof.runallproofs.RunAllProofsFunctional" time="166.82">
    <failure message="org.opentest4j.AssertionFailedError: group simpleTests:&#10;pass: Verifying property &quot;provable&quot; was successful for file: /home/runner/work/key/key/key.core/../key.ui/examples/index/.././heap/simple/anonymise_datagroup.key&#10;pass: Verifying property &quot;provable&quot; was successful for file: /home/runner/work/key/key/key.core/../key.ui/examples/index/.././heap/simple/array_creation.key&#10;pass: Verifying property &quot;provable&quot; was successful for file: /home/runner/work/key/key/key.core/../key.ui/examples/index/.././heap/simple/arrays_with_disjoint_sorts.key&#10;pass: Verifying property &quot;provable&quot; was successful for file: /home/runner/work/key/key/key.core/../key.ui/examples/index/.././heap/simple/arrays.key&#10;pass: Verifying property &quot;provable&quot; was successful for file: /home/runner/work/key/key/key.core/../key.ui/examples/index/.././heap/simple/attributes.key&#10;pass: Verifying property &quot;provable&quot; was successful for file: /home/runner/work/key/key/key.core/../key.ui/examples/index/.././heap/simple/constructor_contracts.key&#10;pass: Verifying property &quot;provable&quot; was successful for file: /home/runner/work/key/key/key.core/../key.ui/examples/index/.././heap/simple/dependencies.key&#10;pass: Verifying property &quot;provable&quot; was successful for file: /home/runner/work/key/key/key.core/../key.ui/examples/index/.././heap/simple/dependency_contracts.key&#10;pass: Verifying property &quot;provable&quot; was successful for file: /home/runner/work/key/key/key.core/../key.ui/examples/index/.././heap/simple/invariant_preservation.key&#10;pass: Verifying property &quot;provable&quot; was successful for file: /home/runner/work/key/key/key.core/../key.ui/examples/index/.././heap/simple/locsets.key&#10;pass: Verifying property &quot;provable&quot; was successful for file: /home/runner/work/key/key/key.core/../key.ui/examples/index/.././heap/simple/loop1.key&#10;pass: Verifying property &quot;provable&quot; was successful for file: /home/runner/work/key/key/key.core/../key.ui/examples/index/.././heap/simple/loop2.key&#10;pass: Verifying property &quot;provable&quot; was successful for file: /home/runner/work/key/key/key.core/../key.ui/examples/index/.././heap/simple/modifies_datagroup.key&#10;pass: Verifying property &quot;provable&quot; was successful for file: /home/runner/work/key/key/key.core/../key.ui/examples/index/.././heap/simple/modifies.key&#10;pass: Verifying property &quot;provable&quot; was successful for file: /home/runner/work/key/key/key.core/../key.ui/examples/index/.././heap/simple/object_creation.key&#10;pass: Verifying property &quot;provable&quot; was successful for file: /home/runner/work/key/key/key.core/../key.ui/examples/index/.././heap/simple/operation_contracts.key&#10;pass: Verifying property &quot;provable&quot; was successful for file: /home/runner/work/key/key/key.core/../key.ui/examples/index/.././heap/simple/select_store.key&#10;FAIL: Verifying property &quot;provable&quot; failed for file: /home/runner/work/key/key/key.core/../key.ui/examples/index/.././heap/simple/selection_sort.key&#10;pass: Verifying property &quot;provable&quot; was successful for file: /home/runner/work/key/key/key.core/../key.ui/examples/index/.././heap/simple/seq.key&#10;pass: Verifying property &quot;provable&quot; was successful for file: /home/runner/work/key/key/key.core/../key.ui/examples/index/.././heap/simple/oldForParams.key&#10;pass: Verifying property &quot;provable&quot; was successful for file: /home/runner/work/key/key/key.core/../key.ui/examples/index/.././heap/simple/parse_lmtd.key&#10;pass: Verifying property &quot;provable&quot; was successful for file: /home/runner/work/key/key/key.core/../key.ui/examples/index/.././heap/strictly_pure/strictlyPureMethod.key&#10;pass: Verifying property &quot;provable&quot; was successful for file: /home/runner/work/key/key/key.core/../key.ui/examples/index/.././heap/strictly_pure/useStrictlyPureMethod.key&#10;pass: Verifying property &quot;provable&quot; was successful for file: /home/runner/work/key/key/key.core/../key.ui/examples/index/.././heap/Wellfounded/ackermann.key&#10;pass: Verifying property &quot;provable&quot; was successful for file: /home/runner/work/key/key/key.core/../key.ui/examples/index/.././standard_key/unicode_test.key&#10;pass: Verifying property &quot;provable&quot; was successful for file: /home/runner/work/key/key/key.core/../key.ui/examples/index/.././heap/strictlyModular/mayExpand.key&#10;pass: Verifying property &quot;notprovable&quot; was successful for file: /home/runner/work/key/key/key.core/../key.ui/examples/index/.././heap/strictlyModular/modularOnly.key&#10; ==&gt; expected: &lt;true&gt; but was: &lt;false&gt;" type="org.opentest4j.AssertionFailedError">org.opentest4j.AssertionFailedError: group simpleTests:
pass: Verifying property &quot;provable&quot; was successful for file: /home/runner/work/key/key/key.core/../key.ui/examples/index/.././heap/simple/anonymise_datagroup.key
pass: Verifying property &quot;provable&quot; was successful for file: /home/runner/work/key/key/key.core/../key.ui/examples/index/.././heap/simple/array_creation.key
pass: Verifying property &quot;provable&quot; was successful for file: /home/runner/work/key/key/key.core/../key.ui/examples/index/.././heap/simple/arrays_with_disjoint_sorts.key
pass: Verifying property &quot;provable&quot; was successful for file: /home/runner/work/key/key/key.core/../key.ui/examples/index/.././heap/simple/arrays.key
pass: Verifying property &quot;provable&quot; was successful for file: /home/runner/work/key/key/key.core/../key.ui/examples/index/.././heap/simple/attributes.key
pass: Verifying property &quot;provable&quot; was successful for file: /home/runner/work/key/key/key.core/../key.ui/examples/index/.././heap/simple/constructor_contracts.key
pass: Verifying property &quot;provable&quot; was successful for file: /home/runner/work/key/key/key.core/../key.ui/examples/index/.././heap/simple/dependencies.key
pass: Verifying property &quot;provable&quot; was successful for file: /home/runner/work/key/key/key.core/../key.ui/examples/index/.././heap/simple/dependency_contracts.key
pass: Verifying property &quot;provable&quot; was successful for file: /home/runner/work/key/key/key.core/../key.ui/examples/index/.././heap/simple/invariant_preservation.key
pass: Verifying property &quot;provable&quot; was successful for file: /home/runner/work/key/key/key.core/../key.ui/examples/index/.././heap/simple/locsets.key
pass: Verifying property &quot;provable&quot; was successful for file: /home/runner/work/key/key/key.core/../key.ui/examples/index/.././heap/simple/loop1.key
pass: Verifying property &quot;provable&quot; was successful for file: /home/runner/work/key/key/key.core/../key.ui/examples/index/.././heap/simple/loop2.key
pass: Verifying property &quot;provable&quot; was successful for file: /home/runner/work/key/key/key.core/../key.ui/examples/index/.././heap/simple/modifies_datagroup.key
pass: Verifying property &quot;provable&quot; was successful for file: /home/runner/work/key/key/key.core/../key.ui/examples/index/.././heap/simple/modifies.key
pass: Verifying property &quot;provable&quot; was successful for file: /home/runner/work/key/key/key.core/../key.ui/examples/index/.././heap/simple/object_creation.key
pass: Verifying property &quot;provable&quot; was successful for file: /home/runner/work/key/key/key.core/../key.ui/examples/index/.././heap/simple/operation_contracts.key
pass: Verifying property &quot;provable&quot; was successful for file: /home/runner/work/key/key/key.core/../key.ui/examples/index/.././heap/simple/select_store.key
FAIL: Verifying property &quot;provable&quot; failed for file: /home/runner/work/key/key/key.core/../key.ui/examples/index/.././heap/simple/selection_sort.key
pass: Verifying property &quot;provable&quot; was successful for file: /home/runner/work/key/key/key.core/../key.ui/examples/index/.././heap/simple/seq.key
pass: Verifying property &quot;provable&quot; was successful for file: /home/runner/work/key/key/key.core/../key.ui/examples/index/.././heap/simple/oldForParams.key
pass: Verifying property &quot;provable&quot; was successful for file: /home/runner/work/key/key/key.core/../key.ui/examples/index/.././heap/simple/parse_lmtd.key
pass: Verifying property &quot;provable&quot; was successful for file: /home/runner/work/key/key/key.core/../key.ui/examples/index/.././heap/strictly_pure/strictlyPureMethod.key
pass: Verifying property &quot;provable&quot; was successful for file: /home/runner/work/key/key/key.core/../key.ui/examples/index/.././heap/strictly_pure/useStrictlyPureMethod.key
pass: Verifying property &quot;provable&quot; was successful for file: /home/runner/work/key/key/key.core/../key.ui/examples/index/.././heap/Wellfounded/ackermann.key
pass: Verifying property &quot;provable&quot; was successful for file: /home/runner/work/key/key/key.core/../key.ui/examples/index/.././standard_key/unicode_test.key
pass: Verifying property &quot;provable&quot; was successful for file: /home/runner/work/key/key/key.core/../key.ui/examples/index/.././heap/strictlyModular/mayExpand.key
pass: Verifying property &quot;notprovable&quot; was successful for file: /home/runner/work/key/key/key.core/../key.ui/examples/index/.././heap/strictlyModular/modularOnly.key
 ==&gt; expected: &lt;true&gt; but was: &lt;false&gt;
	at app//org.junit.jupiter.api.AssertionUtils.fail(AssertionUtils.java:55)
	at app//org.junit.jupiter.api.AssertTrue.assertTrue(AssertTrue.java:40)
	at app//org.junit.jupiter.api.Assertions.assertTrue(Assertions.java:210)
	at app//de.uka.ilkd.key.proof.runallproofs.RunAllProofsTest.lambda$data$0(RunAllProofsTest.java:84)
	at app//org.junit.jupiter.engine.descriptor.DynamicTestTestDescriptor.lambda$execute$0(DynamicTestTestDescriptor.java:53)
	at app//org.junit.jupiter.engine.execution.InvocationInterceptorChain$ValidatingInvocation.proceed(InvocationInterceptorChain.java:131)
	at app//org.junit.jupiter.api.extension.InvocationInterceptor.interceptDynamicTest(InvocationInterceptor.java:167)
	at app//org.junit.jupiter.api.extension.InvocationInterceptor.interceptDynamicTest(InvocationInterceptor.java:184)
	at app//org.junit.jupiter.engine.descriptor.DynamicTestTestDescriptor.lambda$execute$1(DynamicTestTestDescriptor.java:61)
	at app//org.junit.jupiter.engine.execution.InvocationInterceptorChain$InterceptorCall.lambda$ofVoid$0(InvocationInterceptorChain.java:78)
	at app//org.junit.jupiter.engine.execution.InvocationInterceptorChain$InterceptedInvocation.proceed(InvocationInterceptorChain.java:106)
	at app//org.junit.jupiter.engine.execution.InvocationInterceptorChain.proceed(InvocationInterceptorChain.java:64)
	at app//org.junit.jupiter.engine.execution.InvocationInterceptorChain.chainAndInvoke(InvocationInterceptorChain.java:45)
	at app//org.junit.jupiter.engine.execution.InvocationInterceptorChain.invoke(InvocationInterceptorChain.java:37)
	at app//org.junit.jupiter.engine.descriptor.DynamicTestTestDescriptor.execute(DynamicTestTestDescriptor.java:60)
	at app//org.junit.jupiter.engine.descriptor.DynamicTestTestDescriptor.execute(DynamicTestTestDescriptor.java:32)
	at app//org.junit.platform.engine.support.hierarchical.NodeTestTask.lambda$executeRecursively$6(NodeTestTask.java:151)
	at app//org.junit.platform.engine.support.hierarchical.ThrowableCollector.execute(ThrowableCollector.java:73)
	at app//org.junit.platform.engine.support.hierarchical.NodeTestTask.lambda$executeRecursively$8(NodeTestTask.java:141)
	at app//org.junit.platform.engine.support.hierarchical.Node.around(Node.java:137)
	at app//org.junit.platform.engine.support.hierarchical.NodeTestTask.lambda$executeRecursively$9(NodeTestTask.java:139)
	at app//org.junit.platform.engine.support.hierarchical.ThrowableCollector.execute(ThrowableCollector.java:73)
	at app//org.junit.platform.engine.support.hierarchical.NodeTestTask.executeRecursively(NodeTestTask.java:138)
	at app//org.junit.platform.engine.support.hierarchical.NodeTestTask.execute(NodeTestTask.java:95)
	at app//org.junit.platform.engine.support.hierarchical.SameThreadHierarchicalTestExecutorService.submit(SameThreadHierarchicalTestExecutorService.java:35)
	at app//org.junit.platform.engine.support.hierarchical.NodeTestTask$DefaultDynamicTestExecutor.execute(NodeTestTask.java:226)
	at app//org.junit.platform.engine.support.hierarchical.NodeTestTask$DefaultDynamicTestExecutor.execute(NodeTestTask.java:204)
	at java.base@11.0.18/java.util.Optional.ifPresent(Optional.java:183)
	at app//org.junit.jupiter.engine.descriptor.TestFactoryTestDescriptor.lambda$invokeTestMethod$1(TestFactoryTestDescriptor.java:108)
	at app//org.junit.platform.engine.support.hierarchical.ThrowableCollector.execute(ThrowableCollector.java:73)
	at app//org.junit.jupiter.engine.descriptor.TestFactoryTestDescriptor.invokeTestMethod(TestFactoryTestDescriptor.java:95)
	at app//org.junit.jupiter.engine.descriptor.TestMethodTestDescriptor.execute(TestMethodTestDescriptor.java:135)
	at app//org.junit.jupiter.engine.descriptor.TestMethodTestDescriptor.execute(TestMethodTestDescriptor.java:66)
	at app//org.junit.platform.engine.support.hierarchical.NodeTestTask.lambda$executeRecursively$6(NodeTestTask.java:151)
	at app//org.junit.platform.engine.support.hierarchical.ThrowableCollector.execute(ThrowableCollector.java:73)
	at app//org.junit.platform.engine.support.hierarchical.NodeTestTask.lambda$executeRecursively$8(NodeTestTask.java:141)
	at app//org.junit.platform.engine.support.hierarchical.Node.around(Node.java:137)
	at app//org.junit.platform.engine.support.hierarchical.NodeTestTask.lambda$executeRecursively$9(NodeTestTask.java:139)
	at app//org.junit.platform.engine.support.hierarchical.ThrowableCollector.execute(ThrowableCollector.java:73)
	at app//org.junit.platform.engine.support.hierarchical.NodeTestTask.executeRecursively(NodeTestTask.java:138)
	at app//org.junit.platform.engine.support.hierarchical.NodeTestTask.execute(NodeTestTask.java:95)
	at java.base@11.0.18/java.util.ArrayList.forEach(ArrayList.java:1541)
	at app//org.junit.platform.engine.support.hierarchical.SameThreadHierarchicalTestExecutorService.invokeAll(SameThreadHierarchicalTestExecutorService.java:41)
	at app//org.junit.platform.engine.support.hierarchical.NodeTestTask.lambda$executeRecursively$6(NodeTestTask.java:155)
	at app//org.junit.platform.engine.support.hierarchical.ThrowableCollector.execute(ThrowableCollector.java:73)
	at app//org.junit.platform.engine.support.hierarchical.NodeTestTask.lambda$executeRecursively$8(NodeTestTask.java:141)
	at app//org.junit.platform.engine.support.hierarchical.Node.around(Node.java:137)
	at app//org.junit.platform.engine.support.hierarchical.NodeTestTask.lambda$executeRecursively$9(NodeTestTask.java:139)
	at app//org.junit.platform.engine.support.hierarchical.ThrowableCollector.execute(ThrowableCollector.java:73)
	at app//org.junit.platform.engine.support.hierarchical.NodeTestTask.executeRecursively(NodeTestTask.java:138)
	at app//org.junit.platform.engine.support.hierarchical.NodeTestTask.execute(NodeTestTask.java:95)
	at java.base@11.0.18/java.util.ArrayList.forEach(ArrayList.java:1541)
	at app//org.junit.platform.engine.support.hierarchical.SameThreadHierarchicalTestExecutorService.invokeAll(SameThreadHierarchicalTestExecutorService.java:41)
	at app//org.junit.platform.engine.support.hierarchical.NodeTestTask.lambda$executeRecursively$6(NodeTestTask.java:155)
	at app//org.junit.platform.engine.support.hierarchical.ThrowableCollector.execute(ThrowableCollector.java:73)
	at app//org.junit.platform.engine.support.hierarchical.NodeTestTask.lambda$executeRecursively$8(NodeTestTask.java:141)
	at app//org.junit.platform.engine.support.hierarchical.Node.around(Node.java:137)
	at app//org.junit.platform.engine.support.hierarchical.NodeTestTask.lambda$executeRecursively$9(NodeTestTask.java:139)
	at app//org.junit.platform.engine.support.hierarchical.ThrowableCollector.execute(ThrowableCollector.java:73)
	at app//org.junit.platform.engine.support.hierarchical.NodeTestTask.executeRecursively(NodeTestTask.java:138)
	at app//org.junit.platform.engine.support.hierarchical.NodeTestTask.execute(NodeTestTask.java:95)
	at app//org.junit.platform.engine.support.hierarchical.SameThreadHierarchicalTestExecutorService.submit(SameThreadHierarchicalTestExecutorService.java:35)
	at app//org.junit.platform.engine.support.hierarchical.HierarchicalTestExecutor.execute(HierarchicalTestExecutor.java:57)
	at app//org.junit.platform.engine.support.hierarchical.HierarchicalTestEngine.execute(HierarchicalTestEngine.java:54)
	at org.junit.platform.launcher.core.EngineExecutionOrchestrator.execute(EngineExecutionOrchestrator.java:107)
	at org.junit.platform.launcher.core.EngineExecutionOrchestrator.execute(EngineExecutionOrchestrator.java:88)
	at org.junit.platform.launcher.core.EngineExecutionOrchestrator.lambda$execute$0(EngineExecutionOrchestrator.java:54)
	at org.junit.platform.launcher.core.EngineExecutionOrchestrator.withInterceptedStreams(EngineExecutionOrchestrator.java:67)
	at org.junit.platform.launcher.core.EngineExecutionOrchestrator.execute(EngineExecutionOrchestrator.java:52)
	at org.junit.platform.launcher.core.DefaultLauncher.execute(DefaultLauncher.java:114)
	at org.junit.platform.launcher.core.DefaultLauncher.execute(DefaultLauncher.java:86)
	at org.junit.platform.launcher.core.DefaultLauncherSession$DelegatingLauncher.execute(DefaultLauncherSession.java:86)
	at org.junit.platform.launcher.core.SessionPerRequestLauncher.execute(SessionPerRequestLauncher.java:53)
	at org.gradle.api.internal.tasks.testing.junitplatform.JUnitPlatformTestClassProcessor$CollectAllTestClassesExecutor.processAllTestClasses(JUnitPlatformTestClassProcessor.java:99)
	at org.gradle.api.internal.tasks.testing.junitplatform.JUnitPlatformTestClassProcessor$CollectAllTestClassesExecutor.access$000(JUnitPlatformTestClassProcessor.java:79)
	at org.gradle.api.internal.tasks.testing.junitplatform.JUnitPlatformTestClassProcessor.stop(JUnitPlatformTestClassProcessor.java:75)
	at org.gradle.api.internal.tasks.testing.SuiteTestClassProcessor.stop(SuiteTestClassProcessor.java:62)
	at java.base@11.0.18/jdk.internal.reflect.NativeMethodAccessorImpl.invoke0(Native Method)
	at java.base@11.0.18/jdk.internal.reflect.NativeMethodAccessorImpl.invoke(NativeMethodAccessorImpl.java:62)
	at java.base@11.0.18/jdk.internal.reflect.DelegatingMethodAccessorImpl.invoke(DelegatingMethodAccessorImpl.java:43)
	at java.base@11.0.18/java.lang.reflect.Method.invoke(Method.java:566)
	at org.gradle.internal.dispatch.ReflectionDispatch.dispatch(ReflectionDispatch.java:36)
	at org.gradle.internal.dispatch.ReflectionDispatch.dispatch(ReflectionDispatch.java:24)
	at org.gradle.internal.dispatch.ContextClassLoaderDispatch.dispatch(ContextClassLoaderDispatch.java:33)
	at org.gradle.internal.dispatch.ProxyDispatchAdapter$DispatchingInvocationHandler.invoke(ProxyDispatchAdapter.java:94)
	at com.sun.proxy.$Proxy2.stop(Unknown Source)
	at org.gradle.api.internal.tasks.testing.worker.TestWorker$3.run(TestWorker.java:193)
	at org.gradle.api.internal.tasks.testing.worker.TestWorker.executeAndMaintainThreadName(TestWorker.java:129)
	at org.gradle.api.internal.tasks.testing.worker.TestWorker.execute(TestWorker.java:100)
	at org.gradle.api.internal.tasks.testing.worker.TestWorker.execute(TestWorker.java:60)
	at org.gradle.process.internal.worker.child.ActionExecutionWorker.execute(ActionExecutionWorker.java:56)
	at org.gradle.process.internal.worker.child.SystemApplicationClassLoaderWorker.call(SystemApplicationClassLoaderWorker.java:113)
	at org.gradle.process.internal.worker.child.SystemApplicationClassLoaderWorker.call(SystemApplicationClassLoaderWorker.java:65)
	at app//worker.org.gradle.process.internal.worker.GradleWorkerMain.run(GradleWorkerMain.java:69)
	at app//worker.org.gradle.process.internal.worker.GradleWorkerMain.main(GradleWorkerMain.java:74)
</failure>
  </testcase>
  <testcase name="SmansEtAl" classname="de.uka.ilkd.key.proof.runallproofs.RunAllProofsFunctional" time="186.424">
    <failure message="org.opentest4j.AssertionFailedError: group SmansEtAl:&#10;FAIL: Verifying property &quot;provable&quot; failed for file: /home/runner/work/key/key/key.core/../key.ui/examples/index/.././heap/SmansEtAl/ArrayList_add.key&#10;pass: Verifying property &quot;provable&quot; was successful for file: /home/runner/work/key/key/key.core/../key.ui/examples/index/.././heap/SmansEtAl/ArrayList_ArrayList.key&#10;pass: Verifying property &quot;provable&quot; was successful for file: /home/runner/work/key/key/key.core/../key.ui/examples/index/.././heap/SmansEtAl/ArrayList_footprint.key&#10;pass: Verifying property &quot;provable&quot; was successful for file: /home/runner/work/key/key/key.core/../key.ui/examples/index/.././heap/SmansEtAl/ArrayList_get_dep.key&#10;pass: Verifying property &quot;provable&quot; was successful for file: /home/runner/work/key/key/key.core/../key.ui/examples/index/.././heap/SmansEtAl/ArrayList_get.key&#10;pass: Verifying property &quot;provable&quot; was successful for file: /home/runner/work/key/key/key.core/../key.ui/examples/index/.././heap/SmansEtAl/ArrayList_inv.key&#10;pass: Verifying property &quot;provable&quot; was successful for file: /home/runner/work/key/key/key.core/../key.ui/examples/index/.././heap/SmansEtAl/ArrayList_size_dep.key&#10;pass: Verifying property &quot;provable&quot; was successful for file: /home/runner/work/key/key/key.core/../key.ui/examples/index/.././heap/SmansEtAl/ArrayList_size.key&#10;pass: Verifying property &quot;provable&quot; was successful for file: /home/runner/work/key/key/key.core/../key.ui/examples/index/.././heap/SmansEtAl/Cell_Cell.key&#10;pass: Verifying property &quot;provable&quot; was successful for file: /home/runner/work/key/key/key.core/../key.ui/examples/index/.././heap/SmansEtAl/Cell_footprint.key&#10;pass: Verifying property &quot;provable&quot; was successful for file: /home/runner/work/key/key/key.core/../key.ui/examples/index/.././heap/SmansEtAl/Cell_getX_dep.key&#10;pass: Verifying property &quot;provable&quot; was successful for file: /home/runner/work/key/key/key.core/../key.ui/examples/index/.././heap/SmansEtAl/Cell_getX.key&#10;pass: Verifying property &quot;provable&quot; was successful for file: /home/runner/work/key/key/key.core/../key.ui/examples/index/.././heap/SmansEtAl/Cell_inv.key&#10;pass: Verifying property &quot;provable&quot; was successful for file: /home/runner/work/key/key/key.core/../key.ui/examples/index/.././heap/SmansEtAl/Cell_setX.key&#10;pass: Verifying property &quot;provable&quot; was successful for file: /home/runner/work/key/key/key.core/../key.ui/examples/index/.././heap/SmansEtAl/CellClient_m.key&#10;pass: Verifying property &quot;provable&quot; was successful for file: /home/runner/work/key/key/key.core/../key.ui/examples/index/.././heap/SmansEtAl/Iterator_footprint.key&#10;pass: Verifying property &quot;provable&quot; was successful for file: /home/runner/work/key/key/key.core/../key.ui/examples/index/.././heap/SmansEtAl/Iterator_hasNext_dep.key&#10;pass: Verifying property &quot;provable&quot; was successful for file: /home/runner/work/key/key/key.core/../key.ui/examples/index/.././heap/SmansEtAl/Iterator_hasNext.key&#10;pass: Verifying property &quot;provable&quot; was successful for file: /home/runner/work/key/key/key.core/../key.ui/examples/index/.././heap/SmansEtAl/Iterator_inv.key&#10;pass: Verifying property &quot;provable&quot; was successful for file: /home/runner/work/key/key/key.core/../key.ui/examples/index/.././heap/SmansEtAl/Iterator_Iterator.key&#10;pass: Verifying property &quot;provable&quot; was successful for file: /home/runner/work/key/key/key.core/../key.ui/examples/index/.././heap/SmansEtAl/Iterator_list_dep.key&#10;pass: Verifying property &quot;provable&quot; was successful for file: /home/runner/work/key/key/key.core/../key.ui/examples/index/.././heap/SmansEtAl/Iterator_list.key&#10;pass: Verifying property &quot;provable&quot; was successful for file: /home/runner/work/key/key/key.core/../key.ui/examples/index/.././heap/SmansEtAl/Iterator_next.key&#10;pass: Verifying property &quot;provable&quot; was successful for file: /home/runner/work/key/key/key.core/../key.ui/examples/index/.././heap/SmansEtAl/Stack_footprint.key&#10;pass: Verifying property &quot;provable&quot; was successful for file: /home/runner/work/key/key/key.core/../key.ui/examples/index/.././heap/SmansEtAl/Stack_inv.key&#10;pass: Verifying property &quot;provable&quot; was successful for file: /home/runner/work/key/key/key.core/../key.ui/examples/index/.././heap/SmansEtAl/Stack_push.key&#10;pass: Verifying property &quot;provable&quot; was successful for file: /home/runner/work/key/key/key.core/../key.ui/examples/index/.././heap/SmansEtAl/Stack_size.key&#10;pass: Verifying property &quot;provable&quot; was successful for file: /home/runner/work/key/key/key.core/../key.ui/examples/index/.././heap/SmansEtAl/Stack_Stack.key&#10;pass: Verifying property &quot;provable&quot; was successful for file: /home/runner/work/key/key/key.core/../key.ui/examples/index/.././heap/SmansEtAl/Stack_switchContents.key&#10; ==&gt; expected: &lt;true&gt; but was: &lt;false&gt;" type="org.opentest4j.AssertionFailedError">org.opentest4j.AssertionFailedError: group SmansEtAl:
FAIL: Verifying property &quot;provable&quot; failed for file: /home/runner/work/key/key/key.core/../key.ui/examples/index/.././heap/SmansEtAl/ArrayList_add.key
pass: Verifying property &quot;provable&quot; was successful for file: /home/runner/work/key/key/key.core/../key.ui/examples/index/.././heap/SmansEtAl/ArrayList_ArrayList.key
pass: Verifying property &quot;provable&quot; was successful for file: /home/runner/work/key/key/key.core/../key.ui/examples/index/.././heap/SmansEtAl/ArrayList_footprint.key
pass: Verifying property &quot;provable&quot; was successful for file: /home/runner/work/key/key/key.core/../key.ui/examples/index/.././heap/SmansEtAl/ArrayList_get_dep.key
pass: Verifying property &quot;provable&quot; was successful for file: /home/runner/work/key/key/key.core/../key.ui/examples/index/.././heap/SmansEtAl/ArrayList_get.key
pass: Verifying property &quot;provable&quot; was successful for file: /home/runner/work/key/key/key.core/../key.ui/examples/index/.././heap/SmansEtAl/ArrayList_inv.key
pass: Verifying property &quot;provable&quot; was successful for file: /home/runner/work/key/key/key.core/../key.ui/examples/index/.././heap/SmansEtAl/ArrayList_size_dep.key
pass: Verifying property &quot;provable&quot; was successful for file: /home/runner/work/key/key/key.core/../key.ui/examples/index/.././heap/SmansEtAl/ArrayList_size.key
pass: Verifying property &quot;provable&quot; was successful for file: /home/runner/work/key/key/key.core/../key.ui/examples/index/.././heap/SmansEtAl/Cell_Cell.key
pass: Verifying property &quot;provable&quot; was successful for file: /home/runner/work/key/key/key.core/../key.ui/examples/index/.././heap/SmansEtAl/Cell_footprint.key
pass: Verifying property &quot;provable&quot; was successful for file: /home/runner/work/key/key/key.core/../key.ui/examples/index/.././heap/SmansEtAl/Cell_getX_dep.key
pass: Verifying property &quot;provable&quot; was successful for file: /home/runner/work/key/key/key.core/../key.ui/examples/index/.././heap/SmansEtAl/Cell_getX.key
pass: Verifying property &quot;provable&quot; was successful for file: /home/runner/work/key/key/key.core/../key.ui/examples/index/.././heap/SmansEtAl/Cell_inv.key
pass: Verifying property &quot;provable&quot; was successful for file: /home/runner/work/key/key/key.core/../key.ui/examples/index/.././heap/SmansEtAl/Cell_setX.key
pass: Verifying property &quot;provable&quot; was successful for file: /home/runner/work/key/key/key.core/../key.ui/examples/index/.././heap/SmansEtAl/CellClient_m.key
pass: Verifying property &quot;provable&quot; was successful for file: /home/runner/work/key/key/key.core/../key.ui/examples/index/.././heap/SmansEtAl/Iterator_footprint.key
pass: Verifying property &quot;provable&quot; was successful for file: /home/runner/work/key/key/key.core/../key.ui/examples/index/.././heap/SmansEtAl/Iterator_hasNext_dep.key
pass: Verifying property &quot;provable&quot; was successful for file: /home/runner/work/key/key/key.core/../key.ui/examples/index/.././heap/SmansEtAl/Iterator_hasNext.key
pass: Verifying property &quot;provable&quot; was successful for file: /home/runner/work/key/key/key.core/../key.ui/examples/index/.././heap/SmansEtAl/Iterator_inv.key
pass: Verifying property &quot;provable&quot; was successful for file: /home/runner/work/key/key/key.core/../key.ui/examples/index/.././heap/SmansEtAl/Iterator_Iterator.key
pass: Verifying property &quot;provable&quot; was successful for file: /home/runner/work/key/key/key.core/../key.ui/examples/index/.././heap/SmansEtAl/Iterator_list_dep.key
pass: Verifying property &quot;provable&quot; was successful for file: /home/runner/work/key/key/key.core/../key.ui/examples/index/.././heap/SmansEtAl/Iterator_list.key
pass: Verifying property &quot;provable&quot; was successful for file: /home/runner/work/key/key/key.core/../key.ui/examples/index/.././heap/SmansEtAl/Iterator_next.key
pass: Verifying property &quot;provable&quot; was successful for file: /home/runner/work/key/key/key.core/../key.ui/examples/index/.././heap/SmansEtAl/Stack_footprint.key
pass: Verifying property &quot;provable&quot; was successful for file: /home/runner/work/key/key/key.core/../key.ui/examples/index/.././heap/SmansEtAl/Stack_inv.key
pass: Verifying property &quot;provable&quot; was successful for file: /home/runner/work/key/key/key.core/../key.ui/examples/index/.././heap/SmansEtAl/Stack_push.key
pass: Verifying property &quot;provable&quot; was successful for file: /home/runner/work/key/key/key.core/../key.ui/examples/index/.././heap/SmansEtAl/Stack_size.key
pass: Verifying property &quot;provable&quot; was successful for file: /home/runner/work/key/key/key.core/../key.ui/examples/index/.././heap/SmansEtAl/Stack_Stack.key
pass: Verifying property &quot;provable&quot; was successful for file: /home/runner/work/key/key/key.core/../key.ui/examples/index/.././heap/SmansEtAl/Stack_switchContents.key
 ==&gt; expected: &lt;true&gt; but was: &lt;false&gt;
	at app//org.junit.jupiter.api.AssertionUtils.fail(AssertionUtils.java:55)
	at app//org.junit.jupiter.api.AssertTrue.assertTrue(AssertTrue.java:40)
	at app//org.junit.jupiter.api.Assertions.assertTrue(Assertions.java:210)
	at app//de.uka.ilkd.key.proof.runallproofs.RunAllProofsTest.lambda$data$0(RunAllProofsTest.java:84)
	at app//org.junit.jupiter.engine.descriptor.DynamicTestTestDescriptor.lambda$execute$0(DynamicTestTestDescriptor.java:53)
	at app//org.junit.jupiter.engine.execution.InvocationInterceptorChain$ValidatingInvocation.proceed(InvocationInterceptorChain.java:131)
	at app//org.junit.jupiter.api.extension.InvocationInterceptor.interceptDynamicTest(InvocationInterceptor.java:167)
	at app//org.junit.jupiter.api.extension.InvocationInterceptor.interceptDynamicTest(InvocationInterceptor.java:184)
	at app//org.junit.jupiter.engine.descriptor.DynamicTestTestDescriptor.lambda$execute$1(DynamicTestTestDescriptor.java:61)
	at app//org.junit.jupiter.engine.execution.InvocationInterceptorChain$InterceptorCall.lambda$ofVoid$0(InvocationInterceptorChain.java:78)
	at app//org.junit.jupiter.engine.execution.InvocationInterceptorChain$InterceptedInvocation.proceed(InvocationInterceptorChain.java:106)
	at app//org.junit.jupiter.engine.execution.InvocationInterceptorChain.proceed(InvocationInterceptorChain.java:64)
	at app//org.junit.jupiter.engine.execution.InvocationInterceptorChain.chainAndInvoke(InvocationInterceptorChain.java:45)
	at app//org.junit.jupiter.engine.execution.InvocationInterceptorChain.invoke(InvocationInterceptorChain.java:37)
	at app//org.junit.jupiter.engine.descriptor.DynamicTestTestDescriptor.execute(DynamicTestTestDescriptor.java:60)
	at app//org.junit.jupiter.engine.descriptor.DynamicTestTestDescriptor.execute(DynamicTestTestDescriptor.java:32)
	at app//org.junit.platform.engine.support.hierarchical.NodeTestTask.lambda$executeRecursively$6(NodeTestTask.java:151)
	at app//org.junit.platform.engine.support.hierarchical.ThrowableCollector.execute(ThrowableCollector.java:73)
	at app//org.junit.platform.engine.support.hierarchical.NodeTestTask.lambda$executeRecursively$8(NodeTestTask.java:141)
	at app//org.junit.platform.engine.support.hierarchical.Node.around(Node.java:137)
	at app//org.junit.platform.engine.support.hierarchical.NodeTestTask.lambda$executeRecursively$9(NodeTestTask.java:139)
	at app//org.junit.platform.engine.support.hierarchical.ThrowableCollector.execute(ThrowableCollector.java:73)
	at app//org.junit.platform.engine.support.hierarchical.NodeTestTask.executeRecursively(NodeTestTask.java:138)
	at app//org.junit.platform.engine.support.hierarchical.NodeTestTask.execute(NodeTestTask.java:95)
	at app//org.junit.platform.engine.support.hierarchical.SameThreadHierarchicalTestExecutorService.submit(SameThreadHierarchicalTestExecutorService.java:35)
	at app//org.junit.platform.engine.support.hierarchical.NodeTestTask$DefaultDynamicTestExecutor.execute(NodeTestTask.java:226)
	at app//org.junit.platform.engine.support.hierarchical.NodeTestTask$DefaultDynamicTestExecutor.execute(NodeTestTask.java:204)
	at java.base@11.0.18/java.util.Optional.ifPresent(Optional.java:183)
	at app//org.junit.jupiter.engine.descriptor.TestFactoryTestDescriptor.lambda$invokeTestMethod$1(TestFactoryTestDescriptor.java:108)
	at app//org.junit.platform.engine.support.hierarchical.ThrowableCollector.execute(ThrowableCollector.java:73)
	at app//org.junit.jupiter.engine.descriptor.TestFactoryTestDescriptor.invokeTestMethod(TestFactoryTestDescriptor.java:95)
	at app//org.junit.jupiter.engine.descriptor.TestMethodTestDescriptor.execute(TestMethodTestDescriptor.java:135)
	at app//org.junit.jupiter.engine.descriptor.TestMethodTestDescriptor.execute(TestMethodTestDescriptor.java:66)
	at app//org.junit.platform.engine.support.hierarchical.NodeTestTask.lambda$executeRecursively$6(NodeTestTask.java:151)
	at app//org.junit.platform.engine.support.hierarchical.ThrowableCollector.execute(ThrowableCollector.java:73)
	at app//org.junit.platform.engine.support.hierarchical.NodeTestTask.lambda$executeRecursively$8(NodeTestTask.java:141)
	at app//org.junit.platform.engine.support.hierarchical.Node.around(Node.java:137)
	at app//org.junit.platform.engine.support.hierarchical.NodeTestTask.lambda$executeRecursively$9(NodeTestTask.java:139)
	at app//org.junit.platform.engine.support.hierarchical.ThrowableCollector.execute(ThrowableCollector.java:73)
	at app//org.junit.platform.engine.support.hierarchical.NodeTestTask.executeRecursively(NodeTestTask.java:138)
	at app//org.junit.platform.engine.support.hierarchical.NodeTestTask.execute(NodeTestTask.java:95)
	at java.base@11.0.18/java.util.ArrayList.forEach(ArrayList.java:1541)
	at app//org.junit.platform.engine.support.hierarchical.SameThreadHierarchicalTestExecutorService.invokeAll(SameThreadHierarchicalTestExecutorService.java:41)
	at app//org.junit.platform.engine.support.hierarchical.NodeTestTask.lambda$executeRecursively$6(NodeTestTask.java:155)
	at app//org.junit.platform.engine.support.hierarchical.ThrowableCollector.execute(ThrowableCollector.java:73)
	at app//org.junit.platform.engine.support.hierarchical.NodeTestTask.lambda$executeRecursively$8(NodeTestTask.java:141)
	at app//org.junit.platform.engine.support.hierarchical.Node.around(Node.java:137)
	at app//org.junit.platform.engine.support.hierarchical.NodeTestTask.lambda$executeRecursively$9(NodeTestTask.java:139)
	at app//org.junit.platform.engine.support.hierarchical.ThrowableCollector.execute(ThrowableCollector.java:73)
	at app//org.junit.platform.engine.support.hierarchical.NodeTestTask.executeRecursively(NodeTestTask.java:138)
	at app//org.junit.platform.engine.support.hierarchical.NodeTestTask.execute(NodeTestTask.java:95)
	at java.base@11.0.18/java.util.ArrayList.forEach(ArrayList.java:1541)
	at app//org.junit.platform.engine.support.hierarchical.SameThreadHierarchicalTestExecutorService.invokeAll(SameThreadHierarchicalTestExecutorService.java:41)
	at app//org.junit.platform.engine.support.hierarchical.NodeTestTask.lambda$executeRecursively$6(NodeTestTask.java:155)
	at app//org.junit.platform.engine.support.hierarchical.ThrowableCollector.execute(ThrowableCollector.java:73)
	at app//org.junit.platform.engine.support.hierarchical.NodeTestTask.lambda$executeRecursively$8(NodeTestTask.java:141)
	at app//org.junit.platform.engine.support.hierarchical.Node.around(Node.java:137)
	at app//org.junit.platform.engine.support.hierarchical.NodeTestTask.lambda$executeRecursively$9(NodeTestTask.java:139)
	at app//org.junit.platform.engine.support.hierarchical.ThrowableCollector.execute(ThrowableCollector.java:73)
	at app//org.junit.platform.engine.support.hierarchical.NodeTestTask.executeRecursively(NodeTestTask.java:138)
	at app//org.junit.platform.engine.support.hierarchical.NodeTestTask.execute(NodeTestTask.java:95)
	at app//org.junit.platform.engine.support.hierarchical.SameThreadHierarchicalTestExecutorService.submit(SameThreadHierarchicalTestExecutorService.java:35)
	at app//org.junit.platform.engine.support.hierarchical.HierarchicalTestExecutor.execute(HierarchicalTestExecutor.java:57)
	at app//org.junit.platform.engine.support.hierarchical.HierarchicalTestEngine.execute(HierarchicalTestEngine.java:54)
	at org.junit.platform.launcher.core.EngineExecutionOrchestrator.execute(EngineExecutionOrchestrator.java:107)
	at org.junit.platform.launcher.core.EngineExecutionOrchestrator.execute(EngineExecutionOrchestrator.java:88)
	at org.junit.platform.launcher.core.EngineExecutionOrchestrator.lambda$execute$0(EngineExecutionOrchestrator.java:54)
	at org.junit.platform.launcher.core.EngineExecutionOrchestrator.withInterceptedStreams(EngineExecutionOrchestrator.java:67)
	at org.junit.platform.launcher.core.EngineExecutionOrchestrator.execute(EngineExecutionOrchestrator.java:52)
	at org.junit.platform.launcher.core.DefaultLauncher.execute(DefaultLauncher.java:114)
	at org.junit.platform.launcher.core.DefaultLauncher.execute(DefaultLauncher.java:86)
	at org.junit.platform.launcher.core.DefaultLauncherSession$DelegatingLauncher.execute(DefaultLauncherSession.java:86)
	at org.junit.platform.launcher.core.SessionPerRequestLauncher.execute(SessionPerRequestLauncher.java:53)
	at org.gradle.api.internal.tasks.testing.junitplatform.JUnitPlatformTestClassProcessor$CollectAllTestClassesExecutor.processAllTestClasses(JUnitPlatformTestClassProcessor.java:99)
	at org.gradle.api.internal.tasks.testing.junitplatform.JUnitPlatformTestClassProcessor$CollectAllTestClassesExecutor.access$000(JUnitPlatformTestClassProcessor.java:79)
	at org.gradle.api.internal.tasks.testing.junitplatform.JUnitPlatformTestClassProcessor.stop(JUnitPlatformTestClassProcessor.java:75)
	at org.gradle.api.internal.tasks.testing.SuiteTestClassProcessor.stop(SuiteTestClassProcessor.java:62)
	at java.base@11.0.18/jdk.internal.reflect.NativeMethodAccessorImpl.invoke0(Native Method)
	at java.base@11.0.18/jdk.internal.reflect.NativeMethodAccessorImpl.invoke(NativeMethodAccessorImpl.java:62)
	at java.base@11.0.18/jdk.internal.reflect.DelegatingMethodAccessorImpl.invoke(DelegatingMethodAccessorImpl.java:43)
	at java.base@11.0.18/java.lang.reflect.Method.invoke(Method.java:566)
	at org.gradle.internal.dispatch.ReflectionDispatch.dispatch(ReflectionDispatch.java:36)
	at org.gradle.internal.dispatch.ReflectionDispatch.dispatch(ReflectionDispatch.java:24)
	at org.gradle.internal.dispatch.ContextClassLoaderDispatch.dispatch(ContextClassLoaderDispatch.java:33)
	at org.gradle.internal.dispatch.ProxyDispatchAdapter$DispatchingInvocationHandler.invoke(ProxyDispatchAdapter.java:94)
	at com.sun.proxy.$Proxy2.stop(Unknown Source)
	at org.gradle.api.internal.tasks.testing.worker.TestWorker$3.run(TestWorker.java:193)
	at org.gradle.api.internal.tasks.testing.worker.TestWorker.executeAndMaintainThreadName(TestWorker.java:129)
	at org.gradle.api.internal.tasks.testing.worker.TestWorker.execute(TestWorker.java:100)
	at org.gradle.api.internal.tasks.testing.worker.TestWorker.execute(TestWorker.java:60)
	at org.gradle.process.internal.worker.child.ActionExecutionWorker.execute(ActionExecutionWorker.java:56)
	at org.gradle.process.internal.worker.child.SystemApplicationClassLoaderWorker.call(SystemApplicationClassLoaderWorker.java:113)
	at org.gradle.process.internal.worker.child.SystemApplicationClassLoaderWorker.call(SystemApplicationClassLoaderWorker.java:65)
	at app//worker.org.gradle.process.internal.worker.GradleWorkerMain.run(GradleWorkerMain.java:69)
	at app//worker.org.gradle.process.internal.worker.GradleWorkerMain.main(GradleWorkerMain.java:74)
</failure>
  </testcase>
  <testcase name="VACID0" classname="de.uka.ilkd.key.proof.runallproofs.RunAllProofsFunctional" time="79.471"/>
  <testcase name="VSTTE10" classname="de.uka.ilkd.key.proof.runallproofs.RunAllProofsFunctional" time="180.338"/>
  <testcase name="WeideEtAl" classname="de.uka.ilkd.key.proof.runallproofs.RunAllProofsFunctional" time="30.059"/>
  <testcase name="arithmetic" classname="de.uka.ilkd.key.proof.runallproofs.RunAllProofsFunctional" time="507.963">
    <failure message="org.opentest4j.AssertionFailedError: group arithmetic:&#10;pass: Verifying property &quot;provable&quot; was successful for file: /home/runner/work/key/key/key.core/../key.ui/examples/index/.././standard_key/arith/binomial1.key&#10;pass: Verifying property &quot;provable&quot; was successful for file: /home/runner/work/key/key/key.core/../key.ui/examples/index/.././standard_key/arith/binomial2.key&#10;pass: Verifying property &quot;provable&quot; was successful for file: /home/runner/work/key/key/key.core/../key.ui/examples/index/.././standard_key/arith/check_jdiv.key&#10;pass: Verifying property &quot;provable&quot; was successful for file: /home/runner/work/key/key/key.core/../key.ui/examples/index/.././standard_key/arith/check_jdiv_concrete.key&#10;pass: Verifying property &quot;provable&quot; was successful for file: /home/runner/work/key/key/key.core/../key.ui/examples/index/.././standard_key/arith/check_jdiv_instantiated.key&#10;pass: Verifying property &quot;provable&quot; was successful for file: /home/runner/work/key/key/key.core/../key.ui/examples/index/.././standard_key/arith/check_jmod.key&#10;pass: Verifying property &quot;provable&quot; was successful for file: /home/runner/work/key/key/key.core/../key.ui/examples/index/.././standard_key/arith/complexExpressions.key&#10;pass: Verifying property &quot;provable&quot; was successful for file: /home/runner/work/key/key/key.core/../key.ui/examples/index/.././standard_key/arith/compound_unaryMinus.key&#10;pass: Verifying property &quot;provable&quot; was successful for file: /home/runner/work/key/key/key.core/../key.ui/examples/index/.././standard_key/arith/computation.key&#10;FAIL: Verifying property &quot;provable&quot; failed for file: /home/runner/work/key/key/key.core/../key.ui/examples/index/.././standard_key/arith/cubicSum.key&#10;pass: Verifying property &quot;provable&quot; was successful for file: /home/runner/work/key/key/key.core/../key.ui/examples/index/.././standard_key/arith/divByZero.key&#10;pass: Verifying property &quot;provable&quot; was successful for file: /home/runner/work/key/key/key.core/../key.ui/examples/index/.././standard_key/arith/divisionAssoc.key&#10;pass: Verifying property &quot;provable&quot; was successful for file: /home/runner/work/key/key/key.core/../key.ui/examples/index/.././standard_key/arith/divisionBy2.key&#10;pass: Verifying property &quot;provable&quot; was successful for file: /home/runner/work/key/key/key.core/../key.ui/examples/index/.././standard_key/arith/euclidean/gcdHelp-post.key&#10;pass: Verifying property &quot;provable&quot; was successful for file: /home/runner/work/key/key/key.core/../key.ui/examples/index/.././standard_key/arith/gemplusDecimal/add.key&#10;pass: Verifying property &quot;provable&quot; was successful for file: /home/runner/work/key/key/key.core/../key.ui/examples/index/.././standard_key/arith/jdivevenodd.key&#10;pass: Verifying property &quot;provable&quot; was successful for file: /home/runner/work/key/key/key.core/../key.ui/examples/index/.././standard_key/arith/median.key&#10;pass: Verifying property &quot;provable&quot; was successful for file: /home/runner/work/key/key/key.core/../key.ui/examples/index/.././standard_key/arith/mod1.key&#10;pass: Verifying property &quot;provable&quot; was successful for file: /home/runner/work/key/key/key.core/../key.ui/examples/index/.././standard_key/arith/mod2.key&#10;pass: Verifying property &quot;provable&quot; was successful for file: /home/runner/work/key/key/key.core/../key.ui/examples/index/.././standard_key/arith/mod7.key&#10;pass: Verifying property &quot;provable&quot; was successful for file: /home/runner/work/key/key/key.core/../key.ui/examples/index/.././standard_key/arith/overflow_hija.key&#10;pass: Verifying property &quot;provable&quot; was successful for file: /home/runner/work/key/key/key.core/../key.ui/examples/index/.././standard_key/arith/poly_division0.key&#10;pass: Verifying property &quot;provable&quot; was successful for file: /home/runner/work/key/key/key.core/../key.ui/examples/index/.././standard_key/arith/poly_division1.key&#10;pass: Verifying property &quot;provable&quot; was successful for file: /home/runner/work/key/key/key.core/../key.ui/examples/index/.././standard_key/inEqSimp/division.key&#10;pass: Verifying property &quot;provable&quot; was successful for file: /home/runner/work/key/key/key.core/../key.ui/examples/index/.././standard_key/inEqSimp/inequations0.key&#10;pass: Verifying property &quot;provable&quot; was successful for file: /home/runner/work/key/key/key.core/../key.ui/examples/index/.././standard_key/inEqSimp/inequations1.key&#10;pass: Verifying property &quot;provable&quot; was successful for file: /home/runner/work/key/key/key.core/../key.ui/examples/index/.././standard_key/inEqSimp/inequations2.key&#10;pass: Verifying property &quot;provable&quot; was successful for file: /home/runner/work/key/key/key.core/../key.ui/examples/index/.././standard_key/inEqSimp/linApprox.key&#10;pass: Verifying property &quot;provable&quot; was successful for file: /home/runner/work/key/key/key.core/../key.ui/examples/index/.././standard_key/inEqSimp/nonLinInEqExample0.key&#10;pass: Verifying property &quot;provable&quot; was successful for file: /home/runner/work/key/key/key.core/../key.ui/examples/index/.././standard_key/inEqSimp/nonLinInEqExample2.key&#10;pass: Verifying property &quot;provable&quot; was successful for file: /home/runner/work/key/key/key.core/../key.ui/examples/index/.././standard_key/inEqSimp/nonLinInEqExample3.key&#10;pass: Verifying property &quot;provable&quot; was successful for file: /home/runner/work/key/key/key.core/../key.ui/examples/index/.././standard_key/inEqSimp/nonLinInEqExample4.key&#10;pass: Verifying property &quot;provable&quot; was successful for file: /home/runner/work/key/key/key.core/../key.ui/examples/index/.././standard_key/inEqSimp/quadraticInEq.key&#10;pass: Verifying property &quot;provable&quot; was successful for file: /home/runner/work/key/key/key.core/../key.ui/examples/index/.././standard_key/inEqSimp/quadraticInEq10.key&#10;pass: Verifying property &quot;provable&quot; was successful for file: /home/runner/work/key/key/key.core/../key.ui/examples/index/.././standard_key/inEqSimp/quadraticInEq13.key&#10;pass: Verifying property &quot;provable&quot; was successful for file: /home/runner/work/key/key/key.core/../key.ui/examples/index/.././standard_key/inEqSimp/quadraticInEq14.key&#10;pass: Verifying property &quot;provable&quot; was successful for file: /home/runner/work/key/key/key.core/../key.ui/examples/index/.././standard_key/inEqSimp/quadraticInEq2.key&#10;pass: Verifying property &quot;provable&quot; was successful for file: /home/runner/work/key/key/key.core/../key.ui/examples/index/.././standard_key/inEqSimp/quadraticInEq3.key&#10;pass: Verifying property &quot;provable&quot; was successful for file: /home/runner/work/key/key/key.core/../key.ui/examples/index/.././standard_key/inEqSimp/quadraticInEq4.key&#10;pass: Verifying property &quot;provable&quot; was successful for file: /home/runner/work/key/key/key.core/../key.ui/examples/index/.././standard_key/inEqSimp/quadraticInEq5.key&#10;pass: Verifying property &quot;provable&quot; was successful for file: /home/runner/work/key/key/key.core/../key.ui/examples/index/.././standard_key/inEqSimp/quadraticInEq6.key&#10;pass: Verifying property &quot;provable&quot; was successful for file: /home/runner/work/key/key/key.core/../key.ui/examples/index/.././standard_key/inEqSimp/quadraticInEq7.key&#10;pass: Verifying property &quot;provable&quot; was successful for file: /home/runner/work/key/key/key.core/../key.ui/examples/index/.././standard_key/inEqSimp/quadraticInEq8.key&#10;pass: Verifying property &quot;provable&quot; was successful for file: /home/runner/work/key/key/key.core/../key.ui/examples/index/.././standard_key/inEqSimp/simplify0.key&#10;pass: Verifying property &quot;provable&quot; was successful for file: /home/runner/work/key/key/key.core/../key.ui/examples/index/.././standard_key/inEqSimp/simplify1.key&#10;pass: Verifying property &quot;provable&quot; was successful for file: /home/runner/work/key/key/key.core/../key.ui/examples/index/.././standard_key/inEqSimp/simplify2.key&#10;pass: Verifying property &quot;provable&quot; was successful for file: /home/runner/work/key/key/key.core/../key.ui/examples/index/.././standard_key/inEqSimp/simplify3.key&#10;pass: Verifying property &quot;provable&quot; was successful for file: /home/runner/work/key/key/key.core/../key.ui/examples/index/.././standard_key/inEqSimp/simplify4.key&#10;pass: Verifying property &quot;provable&quot; was successful for file: /home/runner/work/key/key/key.core/../key.ui/examples/index/.././standard_key/inEqSimp/simplify5.key&#10;pass: Verifying property &quot;provable&quot; was successful for file: /home/runner/work/key/key/key.core/../key.ui/examples/index/.././standard_key/inEqSimp/subsumptionExample.key&#10;pass: Verifying property &quot;provable&quot; was successful for file: /home/runner/work/key/key/key.core/../key.ui/examples/index/.././standard_key/polySimp/simplify0.key&#10;pass: Verifying property &quot;provable&quot; was successful for file: /home/runner/work/key/key/key.core/../key.ui/examples/index/.././standard_key/polySimp/simplify1.key&#10;pass: Verifying property &quot;provable&quot; was successful for file: /home/runner/work/key/key/key.core/../key.ui/examples/index/.././standard_key/polySimp/simplify10.key&#10;pass: Verifying property &quot;provable&quot; was successful for file: /home/runner/work/key/key/key.core/../key.ui/examples/index/.././standard_key/polySimp/simplify11.key&#10;pass: Verifying property &quot;provable&quot; was successful for file: /home/runner/work/key/key/key.core/../key.ui/examples/index/.././standard_key/polySimp/simplify12.key&#10;pass: Verifying property &quot;provable&quot; was successful for file: /home/runner/work/key/key/key.core/../key.ui/examples/index/.././standard_key/polySimp/simplify13.key&#10;pass: Verifying property &quot;provable&quot; was successful for file: /home/runner/work/key/key/key.core/../key.ui/examples/index/.././standard_key/polySimp/simplify14.key&#10;pass: Verifying property &quot;provable&quot; was successful for file: /home/runner/work/key/key/key.core/../key.ui/examples/index/.././standard_key/polySimp/simplify15.key&#10;pass: Verifying property &quot;provable&quot; was successful for file: /home/runner/work/key/key/key.core/../key.ui/examples/index/.././standard_key/polySimp/simplify16.key&#10;pass: Verifying property &quot;provable&quot; was successful for file: /home/runner/work/key/key/key.core/../key.ui/examples/index/.././standard_key/polySimp/simplify17.key&#10;pass: Verifying property &quot;provable&quot; was successful for file: /home/runner/work/key/key/key.core/../key.ui/examples/index/.././standard_key/polySimp/simplify18.key&#10;pass: Verifying property &quot;provable&quot; was successful for file: /home/runner/work/key/key/key.core/../key.ui/examples/index/.././standard_key/polySimp/simplify19.key&#10;pass: Verifying property &quot;provable&quot; was successful for file: /home/runner/work/key/key/key.core/../key.ui/examples/index/.././standard_key/polySimp/simplify2.key&#10;pass: Verifying property &quot;provable&quot; was successful for file: /home/runner/work/key/key/key.core/../key.ui/examples/index/.././standard_key/polySimp/simplify20.key&#10;pass: Verifying property &quot;provable&quot; was successful for file: /home/runner/work/key/key/key.core/../key.ui/examples/index/.././standard_key/polySimp/simplify21.key&#10;pass: Verifying property &quot;provable&quot; was successful for file: /home/runner/work/key/key/key.core/../key.ui/examples/index/.././standard_key/polySimp/simplify22.key&#10;pass: Verifying property &quot;provable&quot; was successful for file: /home/runner/work/key/key/key.core/../key.ui/examples/index/.././standard_key/polySimp/simplify23.key&#10;pass: Verifying property &quot;provable&quot; was successful for file: /home/runner/work/key/key/key.core/../key.ui/examples/index/.././standard_key/polySimp/simplify24.key&#10;pass: Verifying property &quot;provable&quot; was successful for file: /home/runner/work/key/key/key.core/../key.ui/examples/index/.././standard_key/polySimp/simplify25.key&#10;pass: Verifying property &quot;provable&quot; was successful for file: /home/runner/work/key/key/key.core/../key.ui/examples/index/.././standard_key/polySimp/simplify3.key&#10;pass: Verifying property &quot;provable&quot; was successful for file: /home/runner/work/key/key/key.core/../key.ui/examples/index/.././standard_key/polySimp/simplify4.key&#10;pass: Verifying property &quot;provable&quot; was successful for file: /home/runner/work/key/key/key.core/../key.ui/examples/index/.././standard_key/polySimp/simplify5.key&#10;pass: Verifying property &quot;provable&quot; was successful for file: /home/runner/work/key/key/key.core/../key.ui/examples/index/.././standard_key/polySimp/simplify6.key&#10;pass: Verifying property &quot;provable&quot; was successful for file: /home/runner/work/key/key/key.core/../key.ui/examples/index/.././standard_key/polySimp/simplify7.key&#10;pass: Verifying property &quot;provable&quot; was successful for file: /home/runner/work/key/key/key.core/../key.ui/examples/index/.././standard_key/polySimp/simplify8.key&#10;pass: Verifying property &quot;provable&quot; was successful for file: /home/runner/work/key/key/key.core/../key.ui/examples/index/.././standard_key/polySimp/simplify9.key&#10; ==&gt; expected: &lt;true&gt; but was: &lt;false&gt;" type="org.opentest4j.AssertionFailedError">org.opentest4j.AssertionFailedError: group arithmetic:
pass: Verifying property &quot;provable&quot; was successful for file: /home/runner/work/key/key/key.core/../key.ui/examples/index/.././standard_key/arith/binomial1.key
pass: Verifying property &quot;provable&quot; was successful for file: /home/runner/work/key/key/key.core/../key.ui/examples/index/.././standard_key/arith/binomial2.key
pass: Verifying property &quot;provable&quot; was successful for file: /home/runner/work/key/key/key.core/../key.ui/examples/index/.././standard_key/arith/check_jdiv.key
pass: Verifying property &quot;provable&quot; was successful for file: /home/runner/work/key/key/key.core/../key.ui/examples/index/.././standard_key/arith/check_jdiv_concrete.key
pass: Verifying property &quot;provable&quot; was successful for file: /home/runner/work/key/key/key.core/../key.ui/examples/index/.././standard_key/arith/check_jdiv_instantiated.key
pass: Verifying property &quot;provable&quot; was successful for file: /home/runner/work/key/key/key.core/../key.ui/examples/index/.././standard_key/arith/check_jmod.key
pass: Verifying property &quot;provable&quot; was successful for file: /home/runner/work/key/key/key.core/../key.ui/examples/index/.././standard_key/arith/complexExpressions.key
pass: Verifying property &quot;provable&quot; was successful for file: /home/runner/work/key/key/key.core/../key.ui/examples/index/.././standard_key/arith/compound_unaryMinus.key
pass: Verifying property &quot;provable&quot; was successful for file: /home/runner/work/key/key/key.core/../key.ui/examples/index/.././standard_key/arith/computation.key
FAIL: Verifying property &quot;provable&quot; failed for file: /home/runner/work/key/key/key.core/../key.ui/examples/index/.././standard_key/arith/cubicSum.key
pass: Verifying property &quot;provable&quot; was successful for file: /home/runner/work/key/key/key.core/../key.ui/examples/index/.././standard_key/arith/divByZero.key
pass: Verifying property &quot;provable&quot; was successful for file: /home/runner/work/key/key/key.core/../key.ui/examples/index/.././standard_key/arith/divisionAssoc.key
pass: Verifying property &quot;provable&quot; was successful for file: /home/runner/work/key/key/key.core/../key.ui/examples/index/.././standard_key/arith/divisionBy2.key
pass: Verifying property &quot;provable&quot; was successful for file: /home/runner/work/key/key/key.core/../key.ui/examples/index/.././standard_key/arith/euclidean/gcdHelp-post.key
pass: Verifying property &quot;provable&quot; was successful for file: /home/runner/work/key/key/key.core/../key.ui/examples/index/.././standard_key/arith/gemplusDecimal/add.key
pass: Verifying property &quot;provable&quot; was successful for file: /home/runner/work/key/key/key.core/../key.ui/examples/index/.././standard_key/arith/jdivevenodd.key
pass: Verifying property &quot;provable&quot; was successful for file: /home/runner/work/key/key/key.core/../key.ui/examples/index/.././standard_key/arith/median.key
pass: Verifying property &quot;provable&quot; was successful for file: /home/runner/work/key/key/key.core/../key.ui/examples/index/.././standard_key/arith/mod1.key
pass: Verifying property &quot;provable&quot; was successful for file: /home/runner/work/key/key/key.core/../key.ui/examples/index/.././standard_key/arith/mod2.key
pass: Verifying property &quot;provable&quot; was successful for file: /home/runner/work/key/key/key.core/../key.ui/examples/index/.././standard_key/arith/mod7.key
pass: Verifying property &quot;provable&quot; was successful for file: /home/runner/work/key/key/key.core/../key.ui/examples/index/.././standard_key/arith/overflow_hija.key
pass: Verifying property &quot;provable&quot; was successful for file: /home/runner/work/key/key/key.core/../key.ui/examples/index/.././standard_key/arith/poly_division0.key
pass: Verifying property &quot;provable&quot; was successful for file: /home/runner/work/key/key/key.core/../key.ui/examples/index/.././standard_key/arith/poly_division1.key
pass: Verifying property &quot;provable&quot; was successful for file: /home/runner/work/key/key/key.core/../key.ui/examples/index/.././standard_key/inEqSimp/division.key
pass: Verifying property &quot;provable&quot; was successful for file: /home/runner/work/key/key/key.core/../key.ui/examples/index/.././standard_key/inEqSimp/inequations0.key
pass: Verifying property &quot;provable&quot; was successful for file: /home/runner/work/key/key/key.core/../key.ui/examples/index/.././standard_key/inEqSimp/inequations1.key
pass: Verifying property &quot;provable&quot; was successful for file: /home/runner/work/key/key/key.core/../key.ui/examples/index/.././standard_key/inEqSimp/inequations2.key
pass: Verifying property &quot;provable&quot; was successful for file: /home/runner/work/key/key/key.core/../key.ui/examples/index/.././standard_key/inEqSimp/linApprox.key
pass: Verifying property &quot;provable&quot; was successful for file: /home/runner/work/key/key/key.core/../key.ui/examples/index/.././standard_key/inEqSimp/nonLinInEqExample0.key
pass: Verifying property &quot;provable&quot; was successful for file: /home/runner/work/key/key/key.core/../key.ui/examples/index/.././standard_key/inEqSimp/nonLinInEqExample2.key
pass: Verifying property &quot;provable&quot; was successful for file: /home/runner/work/key/key/key.core/../key.ui/examples/index/.././standard_key/inEqSimp/nonLinInEqExample3.key
pass: Verifying property &quot;provable&quot; was successful for file: /home/runner/work/key/key/key.core/../key.ui/examples/index/.././standard_key/inEqSimp/nonLinInEqExample4.key
pass: Verifying property &quot;provable&quot; was successful for file: /home/runner/work/key/key/key.core/../key.ui/examples/index/.././standard_key/inEqSimp/quadraticInEq.key
pass: Verifying property &quot;provable&quot; was successful for file: /home/runner/work/key/key/key.core/../key.ui/examples/index/.././standard_key/inEqSimp/quadraticInEq10.key
pass: Verifying property &quot;provable&quot; was successful for file: /home/runner/work/key/key/key.core/../key.ui/examples/index/.././standard_key/inEqSimp/quadraticInEq13.key
pass: Verifying property &quot;provable&quot; was successful for file: /home/runner/work/key/key/key.core/../key.ui/examples/index/.././standard_key/inEqSimp/quadraticInEq14.key
pass: Verifying property &quot;provable&quot; was successful for file: /home/runner/work/key/key/key.core/../key.ui/examples/index/.././standard_key/inEqSimp/quadraticInEq2.key
pass: Verifying property &quot;provable&quot; was successful for file: /home/runner/work/key/key/key.core/../key.ui/examples/index/.././standard_key/inEqSimp/quadraticInEq3.key
pass: Verifying property &quot;provable&quot; was successful for file: /home/runner/work/key/key/key.core/../key.ui/examples/index/.././standard_key/inEqSimp/quadraticInEq4.key
pass: Verifying property &quot;provable&quot; was successful for file: /home/runner/work/key/key/key.core/../key.ui/examples/index/.././standard_key/inEqSimp/quadraticInEq5.key
pass: Verifying property &quot;provable&quot; was successful for file: /home/runner/work/key/key/key.core/../key.ui/examples/index/.././standard_key/inEqSimp/quadraticInEq6.key
pass: Verifying property &quot;provable&quot; was successful for file: /home/runner/work/key/key/key.core/../key.ui/examples/index/.././standard_key/inEqSimp/quadraticInEq7.key
pass: Verifying property &quot;provable&quot; was successful for file: /home/runner/work/key/key/key.core/../key.ui/examples/index/.././standard_key/inEqSimp/quadraticInEq8.key
pass: Verifying property &quot;provable&quot; was successful for file: /home/runner/work/key/key/key.core/../key.ui/examples/index/.././standard_key/inEqSimp/simplify0.key
pass: Verifying property &quot;provable&quot; was successful for file: /home/runner/work/key/key/key.core/../key.ui/examples/index/.././standard_key/inEqSimp/simplify1.key
pass: Verifying property &quot;provable&quot; was successful for file: /home/runner/work/key/key/key.core/../key.ui/examples/index/.././standard_key/inEqSimp/simplify2.key
pass: Verifying property &quot;provable&quot; was successful for file: /home/runner/work/key/key/key.core/../key.ui/examples/index/.././standard_key/inEqSimp/simplify3.key
pass: Verifying property &quot;provable&quot; was successful for file: /home/runner/work/key/key/key.core/../key.ui/examples/index/.././standard_key/inEqSimp/simplify4.key
pass: Verifying property &quot;provable&quot; was successful for file: /home/runner/work/key/key/key.core/../key.ui/examples/index/.././standard_key/inEqSimp/simplify5.key
pass: Verifying property &quot;provable&quot; was successful for file: /home/runner/work/key/key/key.core/../key.ui/examples/index/.././standard_key/inEqSimp/subsumptionExample.key
pass: Verifying property &quot;provable&quot; was successful for file: /home/runner/work/key/key/key.core/../key.ui/examples/index/.././standard_key/polySimp/simplify0.key
pass: Verifying property &quot;provable&quot; was successful for file: /home/runner/work/key/key/key.core/../key.ui/examples/index/.././standard_key/polySimp/simplify1.key
pass: Verifying property &quot;provable&quot; was successful for file: /home/runner/work/key/key/key.core/../key.ui/examples/index/.././standard_key/polySimp/simplify10.key
pass: Verifying property &quot;provable&quot; was successful for file: /home/runner/work/key/key/key.core/../key.ui/examples/index/.././standard_key/polySimp/simplify11.key
pass: Verifying property &quot;provable&quot; was successful for file: /home/runner/work/key/key/key.core/../key.ui/examples/index/.././standard_key/polySimp/simplify12.key
pass: Verifying property &quot;provable&quot; was successful for file: /home/runner/work/key/key/key.core/../key.ui/examples/index/.././standard_key/polySimp/simplify13.key
pass: Verifying property &quot;provable&quot; was successful for file: /home/runner/work/key/key/key.core/../key.ui/examples/index/.././standard_key/polySimp/simplify14.key
pass: Verifying property &quot;provable&quot; was successful for file: /home/runner/work/key/key/key.core/../key.ui/examples/index/.././standard_key/polySimp/simplify15.key
pass: Verifying property &quot;provable&quot; was successful for file: /home/runner/work/key/key/key.core/../key.ui/examples/index/.././standard_key/polySimp/simplify16.key
pass: Verifying property &quot;provable&quot; was successful for file: /home/runner/work/key/key/key.core/../key.ui/examples/index/.././standard_key/polySimp/simplify17.key
pass: Verifying property &quot;provable&quot; was successful for file: /home/runner/work/key/key/key.core/../key.ui/examples/index/.././standard_key/polySimp/simplify18.key
pass: Verifying property &quot;provable&quot; was successful for file: /home/runner/work/key/key/key.core/../key.ui/examples/index/.././standard_key/polySimp/simplify19.key
pass: Verifying property &quot;provable&quot; was successful for file: /home/runner/work/key/key/key.core/../key.ui/examples/index/.././standard_key/polySimp/simplify2.key
pass: Verifying property &quot;provable&quot; was successful for file: /home/runner/work/key/key/key.core/../key.ui/examples/index/.././standard_key/polySimp/simplify20.key
pass: Verifying property &quot;provable&quot; was successful for file: /home/runner/work/key/key/key.core/../key.ui/examples/index/.././standard_key/polySimp/simplify21.key
pass: Verifying property &quot;provable&quot; was successful for file: /home/runner/work/key/key/key.core/../key.ui/examples/index/.././standard_key/polySimp/simplify22.key
pass: Verifying property &quot;provable&quot; was successful for file: /home/runner/work/key/key/key.core/../key.ui/examples/index/.././standard_key/polySimp/simplify23.key
pass: Verifying property &quot;provable&quot; was successful for file: /home/runner/work/key/key/key.core/../key.ui/examples/index/.././standard_key/polySimp/simplify24.key
pass: Verifying property &quot;provable&quot; was successful for file: /home/runner/work/key/key/key.core/../key.ui/examples/index/.././standard_key/polySimp/simplify25.key
pass: Verifying property &quot;provable&quot; was successful for file: /home/runner/work/key/key/key.core/../key.ui/examples/index/.././standard_key/polySimp/simplify3.key
pass: Verifying property &quot;provable&quot; was successful for file: /home/runner/work/key/key/key.core/../key.ui/examples/index/.././standard_key/polySimp/simplify4.key
pass: Verifying property &quot;provable&quot; was successful for file: /home/runner/work/key/key/key.core/../key.ui/examples/index/.././standard_key/polySimp/simplify5.key
pass: Verifying property &quot;provable&quot; was successful for file: /home/runner/work/key/key/key.core/../key.ui/examples/index/.././standard_key/polySimp/simplify6.key
pass: Verifying property &quot;provable&quot; was successful for file: /home/runner/work/key/key/key.core/../key.ui/examples/index/.././standard_key/polySimp/simplify7.key
pass: Verifying property &quot;provable&quot; was successful for file: /home/runner/work/key/key/key.core/../key.ui/examples/index/.././standard_key/polySimp/simplify8.key
pass: Verifying property &quot;provable&quot; was successful for file: /home/runner/work/key/key/key.core/../key.ui/examples/index/.././standard_key/polySimp/simplify9.key
 ==&gt; expected: &lt;true&gt; but was: &lt;false&gt;
	at app//org.junit.jupiter.api.AssertionUtils.fail(AssertionUtils.java:55)
	at app//org.junit.jupiter.api.AssertTrue.assertTrue(AssertTrue.java:40)
	at app//org.junit.jupiter.api.Assertions.assertTrue(Assertions.java:210)
	at app//de.uka.ilkd.key.proof.runallproofs.RunAllProofsTest.lambda$data$0(RunAllProofsTest.java:84)
	at app//org.junit.jupiter.engine.descriptor.DynamicTestTestDescriptor.lambda$execute$0(DynamicTestTestDescriptor.java:53)
	at app//org.junit.jupiter.engine.execution.InvocationInterceptorChain$ValidatingInvocation.proceed(InvocationInterceptorChain.java:131)
	at app//org.junit.jupiter.api.extension.InvocationInterceptor.interceptDynamicTest(InvocationInterceptor.java:167)
	at app//org.junit.jupiter.api.extension.InvocationInterceptor.interceptDynamicTest(InvocationInterceptor.java:184)
	at app//org.junit.jupiter.engine.descriptor.DynamicTestTestDescriptor.lambda$execute$1(DynamicTestTestDescriptor.java:61)
	at app//org.junit.jupiter.engine.execution.InvocationInterceptorChain$InterceptorCall.lambda$ofVoid$0(InvocationInterceptorChain.java:78)
	at app//org.junit.jupiter.engine.execution.InvocationInterceptorChain$InterceptedInvocation.proceed(InvocationInterceptorChain.java:106)
	at app//org.junit.jupiter.engine.execution.InvocationInterceptorChain.proceed(InvocationInterceptorChain.java:64)
	at app//org.junit.jupiter.engine.execution.InvocationInterceptorChain.chainAndInvoke(InvocationInterceptorChain.java:45)
	at app//org.junit.jupiter.engine.execution.InvocationInterceptorChain.invoke(InvocationInterceptorChain.java:37)
	at app//org.junit.jupiter.engine.descriptor.DynamicTestTestDescriptor.execute(DynamicTestTestDescriptor.java:60)
	at app//org.junit.jupiter.engine.descriptor.DynamicTestTestDescriptor.execute(DynamicTestTestDescriptor.java:32)
	at app//org.junit.platform.engine.support.hierarchical.NodeTestTask.lambda$executeRecursively$6(NodeTestTask.java:151)
	at app//org.junit.platform.engine.support.hierarchical.ThrowableCollector.execute(ThrowableCollector.java:73)
	at app//org.junit.platform.engine.support.hierarchical.NodeTestTask.lambda$executeRecursively$8(NodeTestTask.java:141)
	at app//org.junit.platform.engine.support.hierarchical.Node.around(Node.java:137)
	at app//org.junit.platform.engine.support.hierarchical.NodeTestTask.lambda$executeRecursively$9(NodeTestTask.java:139)
	at app//org.junit.platform.engine.support.hierarchical.ThrowableCollector.execute(ThrowableCollector.java:73)
	at app//org.junit.platform.engine.support.hierarchical.NodeTestTask.executeRecursively(NodeTestTask.java:138)
	at app//org.junit.platform.engine.support.hierarchical.NodeTestTask.execute(NodeTestTask.java:95)
	at app//org.junit.platform.engine.support.hierarchical.SameThreadHierarchicalTestExecutorService.submit(SameThreadHierarchicalTestExecutorService.java:35)
	at app//org.junit.platform.engine.support.hierarchical.NodeTestTask$DefaultDynamicTestExecutor.execute(NodeTestTask.java:226)
	at app//org.junit.platform.engine.support.hierarchical.NodeTestTask$DefaultDynamicTestExecutor.execute(NodeTestTask.java:204)
	at java.base@11.0.18/java.util.Optional.ifPresent(Optional.java:183)
	at app//org.junit.jupiter.engine.descriptor.TestFactoryTestDescriptor.lambda$invokeTestMethod$1(TestFactoryTestDescriptor.java:108)
	at app//org.junit.platform.engine.support.hierarchical.ThrowableCollector.execute(ThrowableCollector.java:73)
	at app//org.junit.jupiter.engine.descriptor.TestFactoryTestDescriptor.invokeTestMethod(TestFactoryTestDescriptor.java:95)
	at app//org.junit.jupiter.engine.descriptor.TestMethodTestDescriptor.execute(TestMethodTestDescriptor.java:135)
	at app//org.junit.jupiter.engine.descriptor.TestMethodTestDescriptor.execute(TestMethodTestDescriptor.java:66)
	at app//org.junit.platform.engine.support.hierarchical.NodeTestTask.lambda$executeRecursively$6(NodeTestTask.java:151)
	at app//org.junit.platform.engine.support.hierarchical.ThrowableCollector.execute(ThrowableCollector.java:73)
	at app//org.junit.platform.engine.support.hierarchical.NodeTestTask.lambda$executeRecursively$8(NodeTestTask.java:141)
	at app//org.junit.platform.engine.support.hierarchical.Node.around(Node.java:137)
	at app//org.junit.platform.engine.support.hierarchical.NodeTestTask.lambda$executeRecursively$9(NodeTestTask.java:139)
	at app//org.junit.platform.engine.support.hierarchical.ThrowableCollector.execute(ThrowableCollector.java:73)
	at app//org.junit.platform.engine.support.hierarchical.NodeTestTask.executeRecursively(NodeTestTask.java:138)
	at app//org.junit.platform.engine.support.hierarchical.NodeTestTask.execute(NodeTestTask.java:95)
	at java.base@11.0.18/java.util.ArrayList.forEach(ArrayList.java:1541)
	at app//org.junit.platform.engine.support.hierarchical.SameThreadHierarchicalTestExecutorService.invokeAll(SameThreadHierarchicalTestExecutorService.java:41)
	at app//org.junit.platform.engine.support.hierarchical.NodeTestTask.lambda$executeRecursively$6(NodeTestTask.java:155)
	at app//org.junit.platform.engine.support.hierarchical.ThrowableCollector.execute(ThrowableCollector.java:73)
	at app//org.junit.platform.engine.support.hierarchical.NodeTestTask.lambda$executeRecursively$8(NodeTestTask.java:141)
	at app//org.junit.platform.engine.support.hierarchical.Node.around(Node.java:137)
	at app//org.junit.platform.engine.support.hierarchical.NodeTestTask.lambda$executeRecursively$9(NodeTestTask.java:139)
	at app//org.junit.platform.engine.support.hierarchical.ThrowableCollector.execute(ThrowableCollector.java:73)
	at app//org.junit.platform.engine.support.hierarchical.NodeTestTask.executeRecursively(NodeTestTask.java:138)
	at app//org.junit.platform.engine.support.hierarchical.NodeTestTask.execute(NodeTestTask.java:95)
	at java.base@11.0.18/java.util.ArrayList.forEach(ArrayList.java:1541)
	at app//org.junit.platform.engine.support.hierarchical.SameThreadHierarchicalTestExecutorService.invokeAll(SameThreadHierarchicalTestExecutorService.java:41)
	at app//org.junit.platform.engine.support.hierarchical.NodeTestTask.lambda$executeRecursively$6(NodeTestTask.java:155)
	at app//org.junit.platform.engine.support.hierarchical.ThrowableCollector.execute(ThrowableCollector.java:73)
	at app//org.junit.platform.engine.support.hierarchical.NodeTestTask.lambda$executeRecursively$8(NodeTestTask.java:141)
	at app//org.junit.platform.engine.support.hierarchical.Node.around(Node.java:137)
	at app//org.junit.platform.engine.support.hierarchical.NodeTestTask.lambda$executeRecursively$9(NodeTestTask.java:139)
	at app//org.junit.platform.engine.support.hierarchical.ThrowableCollector.execute(ThrowableCollector.java:73)
	at app//org.junit.platform.engine.support.hierarchical.NodeTestTask.executeRecursively(NodeTestTask.java:138)
	at app//org.junit.platform.engine.support.hierarchical.NodeTestTask.execute(NodeTestTask.java:95)
	at app//org.junit.platform.engine.support.hierarchical.SameThreadHierarchicalTestExecutorService.submit(SameThreadHierarchicalTestExecutorService.java:35)
	at app//org.junit.platform.engine.support.hierarchical.HierarchicalTestExecutor.execute(HierarchicalTestExecutor.java:57)
	at app//org.junit.platform.engine.support.hierarchical.HierarchicalTestEngine.execute(HierarchicalTestEngine.java:54)
	at org.junit.platform.launcher.core.EngineExecutionOrchestrator.execute(EngineExecutionOrchestrator.java:107)
	at org.junit.platform.launcher.core.EngineExecutionOrchestrator.execute(EngineExecutionOrchestrator.java:88)
	at org.junit.platform.launcher.core.EngineExecutionOrchestrator.lambda$execute$0(EngineExecutionOrchestrator.java:54)
	at org.junit.platform.launcher.core.EngineExecutionOrchestrator.withInterceptedStreams(EngineExecutionOrchestrator.java:67)
	at org.junit.platform.launcher.core.EngineExecutionOrchestrator.execute(EngineExecutionOrchestrator.java:52)
	at org.junit.platform.launcher.core.DefaultLauncher.execute(DefaultLauncher.java:114)
	at org.junit.platform.launcher.core.DefaultLauncher.execute(DefaultLauncher.java:86)
	at org.junit.platform.launcher.core.DefaultLauncherSession$DelegatingLauncher.execute(DefaultLauncherSession.java:86)
	at org.junit.platform.launcher.core.SessionPerRequestLauncher.execute(SessionPerRequestLauncher.java:53)
	at org.gradle.api.internal.tasks.testing.junitplatform.JUnitPlatformTestClassProcessor$CollectAllTestClassesExecutor.processAllTestClasses(JUnitPlatformTestClassProcessor.java:99)
	at org.gradle.api.internal.tasks.testing.junitplatform.JUnitPlatformTestClassProcessor$CollectAllTestClassesExecutor.access$000(JUnitPlatformTestClassProcessor.java:79)
	at org.gradle.api.internal.tasks.testing.junitplatform.JUnitPlatformTestClassProcessor.stop(JUnitPlatformTestClassProcessor.java:75)
	at org.gradle.api.internal.tasks.testing.SuiteTestClassProcessor.stop(SuiteTestClassProcessor.java:62)
	at java.base@11.0.18/jdk.internal.reflect.NativeMethodAccessorImpl.invoke0(Native Method)
	at java.base@11.0.18/jdk.internal.reflect.NativeMethodAccessorImpl.invoke(NativeMethodAccessorImpl.java:62)
	at java.base@11.0.18/jdk.internal.reflect.DelegatingMethodAccessorImpl.invoke(DelegatingMethodAccessorImpl.java:43)
	at java.base@11.0.18/java.lang.reflect.Method.invoke(Method.java:566)
	at org.gradle.internal.dispatch.ReflectionDispatch.dispatch(ReflectionDispatch.java:36)
	at org.gradle.internal.dispatch.ReflectionDispatch.dispatch(ReflectionDispatch.java:24)
	at org.gradle.internal.dispatch.ContextClassLoaderDispatch.dispatch(ContextClassLoaderDispatch.java:33)
	at org.gradle.internal.dispatch.ProxyDispatchAdapter$DispatchingInvocationHandler.invoke(ProxyDispatchAdapter.java:94)
	at com.sun.proxy.$Proxy2.stop(Unknown Source)
	at org.gradle.api.internal.tasks.testing.worker.TestWorker$3.run(TestWorker.java:193)
	at org.gradle.api.internal.tasks.testing.worker.TestWorker.executeAndMaintainThreadName(TestWorker.java:129)
	at org.gradle.api.internal.tasks.testing.worker.TestWorker.execute(TestWorker.java:100)
	at org.gradle.api.internal.tasks.testing.worker.TestWorker.execute(TestWorker.java:60)
	at org.gradle.process.internal.worker.child.ActionExecutionWorker.execute(ActionExecutionWorker.java:56)
	at org.gradle.process.internal.worker.child.SystemApplicationClassLoaderWorker.call(SystemApplicationClassLoaderWorker.java:113)
	at org.gradle.process.internal.worker.child.SystemApplicationClassLoaderWorker.call(SystemApplicationClassLoaderWorker.java:65)
	at app//worker.org.gradle.process.internal.worker.GradleWorkerMain.run(GradleWorkerMain.java:69)
	at app//worker.org.gradle.process.internal.worker.GradleWorkerMain.main(GradleWorkerMain.java:74)
</failure>
  </testcase>
  <testcase name="arrays" classname="de.uka.ilkd.key.proof.runallproofs.RunAllProofsFunctional" time="59.697"/>
  <testcase name="javadl" classname="de.uka.ilkd.key.proof.runallproofs.RunAllProofsFunctional" time="575.204">
    <failure message="org.opentest4j.AssertionFailedError: Executed process terminated with non-zero exit value. ==&gt; expected: &lt;0&gt; but was: &lt;1&gt;" type="org.opentest4j.AssertionFailedError">org.opentest4j.AssertionFailedError: Executed process terminated with non-zero exit value. ==&gt; expected: &lt;0&gt; but was: &lt;1&gt;
	at app//org.junit.jupiter.api.AssertionUtils.fail(AssertionUtils.java:55)
	at app//org.junit.jupiter.api.AssertionUtils.failNotEqual(AssertionUtils.java:62)
	at app//org.junit.jupiter.api.AssertEquals.assertEquals(AssertEquals.java:150)
	at app//org.junit.jupiter.api.Assertions.assertEquals(Assertions.java:559)
	at app//de.uka.ilkd.key.proof.runallproofs.proofcollection.ForkedTestFileRunner.processTestFiles(ForkedTestFileRunner.java:129)
	at app//de.uka.ilkd.key.proof.runallproofs.RunAllProofsTestUnit.runTest(RunAllProofsTestUnit.java:85)
	at app//de.uka.ilkd.key.proof.runallproofs.RunAllProofsTest.lambda$data$0(RunAllProofsTest.java:83)
	at app//org.junit.jupiter.engine.descriptor.DynamicTestTestDescriptor.lambda$execute$0(DynamicTestTestDescriptor.java:53)
	at app//org.junit.jupiter.engine.execution.InvocationInterceptorChain$ValidatingInvocation.proceed(InvocationInterceptorChain.java:131)
	at app//org.junit.jupiter.api.extension.InvocationInterceptor.interceptDynamicTest(InvocationInterceptor.java:167)
	at app//org.junit.jupiter.api.extension.InvocationInterceptor.interceptDynamicTest(InvocationInterceptor.java:184)
	at app//org.junit.jupiter.engine.descriptor.DynamicTestTestDescriptor.lambda$execute$1(DynamicTestTestDescriptor.java:61)
	at app//org.junit.jupiter.engine.execution.InvocationInterceptorChain$InterceptorCall.lambda$ofVoid$0(InvocationInterceptorChain.java:78)
	at app//org.junit.jupiter.engine.execution.InvocationInterceptorChain$InterceptedInvocation.proceed(InvocationInterceptorChain.java:106)
	at app//org.junit.jupiter.engine.execution.InvocationInterceptorChain.proceed(InvocationInterceptorChain.java:64)
	at app//org.junit.jupiter.engine.execution.InvocationInterceptorChain.chainAndInvoke(InvocationInterceptorChain.java:45)
	at app//org.junit.jupiter.engine.execution.InvocationInterceptorChain.invoke(InvocationInterceptorChain.java:37)
	at app//org.junit.jupiter.engine.descriptor.DynamicTestTestDescriptor.execute(DynamicTestTestDescriptor.java:60)
	at app//org.junit.jupiter.engine.descriptor.DynamicTestTestDescriptor.execute(DynamicTestTestDescriptor.java:32)
	at app//org.junit.platform.engine.support.hierarchical.NodeTestTask.lambda$executeRecursively$6(NodeTestTask.java:151)
	at app//org.junit.platform.engine.support.hierarchical.ThrowableCollector.execute(ThrowableCollector.java:73)
	at app//org.junit.platform.engine.support.hierarchical.NodeTestTask.lambda$executeRecursively$8(NodeTestTask.java:141)
	at app//org.junit.platform.engine.support.hierarchical.Node.around(Node.java:137)
	at app//org.junit.platform.engine.support.hierarchical.NodeTestTask.lambda$executeRecursively$9(NodeTestTask.java:139)
	at app//org.junit.platform.engine.support.hierarchical.ThrowableCollector.execute(ThrowableCollector.java:73)
	at app//org.junit.platform.engine.support.hierarchical.NodeTestTask.executeRecursively(NodeTestTask.java:138)
	at app//org.junit.platform.engine.support.hierarchical.NodeTestTask.execute(NodeTestTask.java:95)
	at app//org.junit.platform.engine.support.hierarchical.SameThreadHierarchicalTestExecutorService.submit(SameThreadHierarchicalTestExecutorService.java:35)
	at app//org.junit.platform.engine.support.hierarchical.NodeTestTask$DefaultDynamicTestExecutor.execute(NodeTestTask.java:226)
	at app//org.junit.platform.engine.support.hierarchical.NodeTestTask$DefaultDynamicTestExecutor.execute(NodeTestTask.java:204)
	at java.base@11.0.18/java.util.Optional.ifPresent(Optional.java:183)
	at app//org.junit.jupiter.engine.descriptor.TestFactoryTestDescriptor.lambda$invokeTestMethod$1(TestFactoryTestDescriptor.java:108)
	at app//org.junit.platform.engine.support.hierarchical.ThrowableCollector.execute(ThrowableCollector.java:73)
	at app//org.junit.jupiter.engine.descriptor.TestFactoryTestDescriptor.invokeTestMethod(TestFactoryTestDescriptor.java:95)
	at app//org.junit.jupiter.engine.descriptor.TestMethodTestDescriptor.execute(TestMethodTestDescriptor.java:135)
	at app//org.junit.jupiter.engine.descriptor.TestMethodTestDescriptor.execute(TestMethodTestDescriptor.java:66)
	at app//org.junit.platform.engine.support.hierarchical.NodeTestTask.lambda$executeRecursively$6(NodeTestTask.java:151)
	at app//org.junit.platform.engine.support.hierarchical.ThrowableCollector.execute(ThrowableCollector.java:73)
	at app//org.junit.platform.engine.support.hierarchical.NodeTestTask.lambda$executeRecursively$8(NodeTestTask.java:141)
	at app//org.junit.platform.engine.support.hierarchical.Node.around(Node.java:137)
	at app//org.junit.platform.engine.support.hierarchical.NodeTestTask.lambda$executeRecursively$9(NodeTestTask.java:139)
	at app//org.junit.platform.engine.support.hierarchical.ThrowableCollector.execute(ThrowableCollector.java:73)
	at app//org.junit.platform.engine.support.hierarchical.NodeTestTask.executeRecursively(NodeTestTask.java:138)
	at app//org.junit.platform.engine.support.hierarchical.NodeTestTask.execute(NodeTestTask.java:95)
	at java.base@11.0.18/java.util.ArrayList.forEach(ArrayList.java:1541)
	at app//org.junit.platform.engine.support.hierarchical.SameThreadHierarchicalTestExecutorService.invokeAll(SameThreadHierarchicalTestExecutorService.java:41)
	at app//org.junit.platform.engine.support.hierarchical.NodeTestTask.lambda$executeRecursively$6(NodeTestTask.java:155)
	at app//org.junit.platform.engine.support.hierarchical.ThrowableCollector.execute(ThrowableCollector.java:73)
	at app//org.junit.platform.engine.support.hierarchical.NodeTestTask.lambda$executeRecursively$8(NodeTestTask.java:141)
	at app//org.junit.platform.engine.support.hierarchical.Node.around(Node.java:137)
	at app//org.junit.platform.engine.support.hierarchical.NodeTestTask.lambda$executeRecursively$9(NodeTestTask.java:139)
	at app//org.junit.platform.engine.support.hierarchical.ThrowableCollector.execute(ThrowableCollector.java:73)
	at app//org.junit.platform.engine.support.hierarchical.NodeTestTask.executeRecursively(NodeTestTask.java:138)
	at app//org.junit.platform.engine.support.hierarchical.NodeTestTask.execute(NodeTestTask.java:95)
	at java.base@11.0.18/java.util.ArrayList.forEach(ArrayList.java:1541)
	at app//org.junit.platform.engine.support.hierarchical.SameThreadHierarchicalTestExecutorService.invokeAll(SameThreadHierarchicalTestExecutorService.java:41)
	at app//org.junit.platform.engine.support.hierarchical.NodeTestTask.lambda$executeRecursively$6(NodeTestTask.java:155)
	at app//org.junit.platform.engine.support.hierarchical.ThrowableCollector.execute(ThrowableCollector.java:73)
	at app//org.junit.platform.engine.support.hierarchical.NodeTestTask.lambda$executeRecursively$8(NodeTestTask.java:141)
	at app//org.junit.platform.engine.support.hierarchical.Node.around(Node.java:137)
	at app//org.junit.platform.engine.support.hierarchical.NodeTestTask.lambda$executeRecursively$9(NodeTestTask.java:139)
	at app//org.junit.platform.engine.support.hierarchical.ThrowableCollector.execute(ThrowableCollector.java:73)
	at app//org.junit.platform.engine.support.hierarchical.NodeTestTask.executeRecursively(NodeTestTask.java:138)
	at app//org.junit.platform.engine.support.hierarchical.NodeTestTask.execute(NodeTestTask.java:95)
	at app//org.junit.platform.engine.support.hierarchical.SameThreadHierarchicalTestExecutorService.submit(SameThreadHierarchicalTestExecutorService.java:35)
	at app//org.junit.platform.engine.support.hierarchical.HierarchicalTestExecutor.execute(HierarchicalTestExecutor.java:57)
	at app//org.junit.platform.engine.support.hierarchical.HierarchicalTestEngine.execute(HierarchicalTestEngine.java:54)
	at org.junit.platform.launcher.core.EngineExecutionOrchestrator.execute(EngineExecutionOrchestrator.java:107)
	at org.junit.platform.launcher.core.EngineExecutionOrchestrator.execute(EngineExecutionOrchestrator.java:88)
	at org.junit.platform.launcher.core.EngineExecutionOrchestrator.lambda$execute$0(EngineExecutionOrchestrator.java:54)
	at org.junit.platform.launcher.core.EngineExecutionOrchestrator.withInterceptedStreams(EngineExecutionOrchestrator.java:67)
	at org.junit.platform.launcher.core.EngineExecutionOrchestrator.execute(EngineExecutionOrchestrator.java:52)
	at org.junit.platform.launcher.core.DefaultLauncher.execute(DefaultLauncher.java:114)
	at org.junit.platform.launcher.core.DefaultLauncher.execute(DefaultLauncher.java:86)
	at org.junit.platform.launcher.core.DefaultLauncherSession$DelegatingLauncher.execute(DefaultLauncherSession.java:86)
	at org.junit.platform.launcher.core.SessionPerRequestLauncher.execute(SessionPerRequestLauncher.java:53)
	at org.gradle.api.internal.tasks.testing.junitplatform.JUnitPlatformTestClassProcessor$CollectAllTestClassesExecutor.processAllTestClasses(JUnitPlatformTestClassProcessor.java:99)
	at org.gradle.api.internal.tasks.testing.junitplatform.JUnitPlatformTestClassProcessor$CollectAllTestClassesExecutor.access$000(JUnitPlatformTestClassProcessor.java:79)
	at org.gradle.api.internal.tasks.testing.junitplatform.JUnitPlatformTestClassProcessor.stop(JUnitPlatformTestClassProcessor.java:75)
	at org.gradle.api.internal.tasks.testing.SuiteTestClassProcessor.stop(SuiteTestClassProcessor.java:62)
	at java.base@11.0.18/jdk.internal.reflect.NativeMethodAccessorImpl.invoke0(Native Method)
	at java.base@11.0.18/jdk.internal.reflect.NativeMethodAccessorImpl.invoke(NativeMethodAccessorImpl.java:62)
	at java.base@11.0.18/jdk.internal.reflect.DelegatingMethodAccessorImpl.invoke(DelegatingMethodAccessorImpl.java:43)
	at java.base@11.0.18/java.lang.reflect.Method.invoke(Method.java:566)
	at org.gradle.internal.dispatch.ReflectionDispatch.dispatch(ReflectionDispatch.java:36)
	at org.gradle.internal.dispatch.ReflectionDispatch.dispatch(ReflectionDispatch.java:24)
	at org.gradle.internal.dispatch.ContextClassLoaderDispatch.dispatch(ContextClassLoaderDispatch.java:33)
	at org.gradle.internal.dispatch.ProxyDispatchAdapter$DispatchingInvocationHandler.invoke(ProxyDispatchAdapter.java:94)
	at com.sun.proxy.$Proxy2.stop(Unknown Source)
	at org.gradle.api.internal.tasks.testing.worker.TestWorker$3.run(TestWorker.java:193)
	at org.gradle.api.internal.tasks.testing.worker.TestWorker.executeAndMaintainThreadName(TestWorker.java:129)
	at org.gradle.api.internal.tasks.testing.worker.TestWorker.execute(TestWorker.java:100)
	at org.gradle.api.internal.tasks.testing.worker.TestWorker.execute(TestWorker.java:60)
	at org.gradle.process.internal.worker.child.ActionExecutionWorker.execute(ActionExecutionWorker.java:56)
	at org.gradle.process.internal.worker.child.SystemApplicationClassLoaderWorker.call(SystemApplicationClassLoaderWorker.java:113)
	at org.gradle.process.internal.worker.child.SystemApplicationClassLoaderWorker.call(SystemApplicationClassLoaderWorker.java:65)
	at app//worker.org.gradle.process.internal.worker.GradleWorkerMain.run(GradleWorkerMain.java:69)
	at app//worker.org.gradle.process.internal.worker.GradleWorkerMain.main(GradleWorkerMain.java:74)
</failure>
  </testcase>
  <testcase name="FOL" classname="de.uka.ilkd.key.proof.runallproofs.RunAllProofsFunctional" time="286.216"/>
  <testcase name="strings" classname="de.uka.ilkd.key.proof.runallproofs.RunAllProofsFunctional" time="159.389"/>
  <testcase name="simple_info_flow" classname="de.uka.ilkd.key.proof.runallproofs.RunAllProofsFunctional" time="14.83"/>
  <testcase name="modelMethods" classname="de.uka.ilkd.key.proof.runallproofs.RunAllProofsFunctional" time="188.185"/>
  <testcase name="permissionHeap" classname="de.uka.ilkd.key.proof.runallproofs.RunAllProofsFunctional" time="905.392">
    <failure message="org.opentest4j.AssertionFailedError: group permissionHeap:&#10;pass: Verifying property &quot;provable&quot; was successful for file: /home/runner/work/key/key/key.core/../key.ui/examples/index/.././heap/permissions/permissions_method0.key&#10;pass: Verifying property &quot;provable&quot; was successful for file: /home/runner/work/key/key/key.core/../key.ui/examples/index/.././heap/permissions/permissions_method1.key&#10;pass: Verifying property &quot;provable&quot; was successful for file: /home/runner/work/key/key/key.core/../key.ui/examples/index/.././heap/permissions/permissions_method3.key&#10;pass: Verifying property &quot;provable&quot; was successful for file: /home/runner/work/key/key/key.core/../key.ui/examples/index/.././heap/permissions/permissions_setAB.key&#10;pass: Verifying property &quot;provable&quot; was successful for file: /home/runner/work/key/key/key.core/../key.ui/examples/index/.././heap/permissions/permissionProperties.key&#10;pass: Verifying property &quot;provable&quot; was successful for file: /home/runner/work/key/key/key.core/../key.ui/examples/index/.././heap/permissions/threads/AFilter_AFilter.key&#10;pass: Verifying property &quot;provable&quot; was successful for file: /home/runner/work/key/key/key.core/../key.ui/examples/index/.././heap/permissions/threads/AFilter_initPost_accessible.key&#10;pass: Verifying property &quot;provable&quot; was successful for file: /home/runner/work/key/key/key.core/../key.ui/examples/index/.././heap/permissions/threads/AFilter_inv_accessible1.key&#10;pass: Verifying property &quot;provable&quot; was successful for file: /home/runner/work/key/key/key.core/../key.ui/examples/index/.././heap/permissions/threads/AFilter_inv_accessible2.key&#10;pass: Verifying property &quot;provable&quot; was successful for file: /home/runner/work/key/key/key.core/../key.ui/examples/index/.././heap/permissions/threads/AFilter_joinTransfer_accessible.key&#10;pass: Verifying property &quot;provable&quot; was successful for file: /home/runner/work/key/key/key.core/../key.ui/examples/index/.././heap/permissions/threads/AFilter_joinTransfer_contract.key&#10;pass: Verifying property &quot;provable&quot; was successful for file: /home/runner/work/key/key/key.core/../key.ui/examples/index/.././heap/permissions/threads/AFilter_postJoin_accessible.key&#10;pass: Verifying property &quot;provable&quot; was successful for file: /home/runner/work/key/key/key.core/../key.ui/examples/index/.././heap/permissions/threads/AFilter_preStart_accessible.key&#10;pass: Verifying property &quot;provable&quot; was successful for file: /home/runner/work/key/key/key.core/../key.ui/examples/index/.././heap/permissions/threads/AFilter_startTransfer_accessible.key&#10;pass: Verifying property &quot;provable&quot; was successful for file: /home/runner/work/key/key/key.core/../key.ui/examples/index/.././heap/permissions/threads/AFilter_startTransfer_contract.key&#10;pass: Verifying property &quot;provable&quot; was successful for file: /home/runner/work/key/key/key.core/../key.ui/examples/index/.././heap/permissions/threads/AFilter_stateInv_accessible.key&#10;pass: Verifying property &quot;provable&quot; was successful for file: /home/runner/work/key/key/key.core/../key.ui/examples/index/.././heap/permissions/threads/AFilter_staticPermissions_accessible.key&#10;pass: Verifying property &quot;provable&quot; was successful for file: /home/runner/work/key/key/key.core/../key.ui/examples/index/.././heap/permissions/threads/AFilter_workingPermissions_accessible.key&#10;pass: Verifying property &quot;provable&quot; was successful for file: /home/runner/work/key/key/key.core/../key.ui/examples/index/.././heap/permissions/threads/BFilter_BFilter.key&#10;pass: Verifying property &quot;provable&quot; was successful for file: /home/runner/work/key/key/key.core/../key.ui/examples/index/.././heap/permissions/threads/BFilter_initPost_accessible.key&#10;pass: Verifying property &quot;provable&quot; was successful for file: /home/runner/work/key/key/key.core/../key.ui/examples/index/.././heap/permissions/threads/BFilter_inv_accessible1.key&#10;pass: Verifying property &quot;provable&quot; was successful for file: /home/runner/work/key/key/key.core/../key.ui/examples/index/.././heap/permissions/threads/BFilter_inv_accessible2.key&#10;pass: Verifying property &quot;provable&quot; was successful for file: /home/runner/work/key/key/key.core/../key.ui/examples/index/.././heap/permissions/threads/BFilter_joinTransfer_accessible.key&#10;pass: Verifying property &quot;provable&quot; was successful for file: /home/runner/work/key/key/key.core/../key.ui/examples/index/.././heap/permissions/threads/BFilter_joinTransfer_contract.key&#10;pass: Verifying property &quot;provable&quot; was successful for file: /home/runner/work/key/key/key.core/../key.ui/examples/index/.././heap/permissions/threads/BFilter_postJoin_accessible.key&#10;pass: Verifying property &quot;provable&quot; was successful for file: /home/runner/work/key/key/key.core/../key.ui/examples/index/.././heap/permissions/threads/BFilter_preStart_accessible.key&#10;pass: Verifying property &quot;provable&quot; was successful for file: /home/runner/work/key/key/key.core/../key.ui/examples/index/.././heap/permissions/threads/BFilter_startTransfer_accessible.key&#10;pass: Verifying property &quot;provable&quot; was successful for file: /home/runner/work/key/key/key.core/../key.ui/examples/index/.././heap/permissions/threads/BFilter_startTransfer_contract.key&#10;pass: Verifying property &quot;provable&quot; was successful for file: /home/runner/work/key/key/key.core/../key.ui/examples/index/.././heap/permissions/threads/BFilter_stateInv_accessible.key&#10;pass: Verifying property &quot;provable&quot; was successful for file: /home/runner/work/key/key/key.core/../key.ui/examples/index/.././heap/permissions/threads/BFilter_staticPermissions_accessible.key&#10;pass: Verifying property &quot;provable&quot; was successful for file: /home/runner/work/key/key/key.core/../key.ui/examples/index/.././heap/permissions/threads/BFilter_workingPermissions_accessible.key&#10;pass: Verifying property &quot;provable&quot; was successful for file: /home/runner/work/key/key/key.core/../key.ui/examples/index/.././heap/permissions/threads/Fib_Fib.key&#10;pass: Verifying property &quot;provable&quot; was successful for file: /home/runner/work/key/key/key.core/../key.ui/examples/index/.././heap/permissions/threads/Fib_initPost_accessible.key&#10;pass: Verifying property &quot;provable&quot; was successful for file: /home/runner/work/key/key/key.core/../key.ui/examples/index/.././heap/permissions/threads/Fib_inv1_accessible.key&#10;pass: Verifying property &quot;provable&quot; was successful for file: /home/runner/work/key/key/key.core/../key.ui/examples/index/.././heap/permissions/threads/Fib_inv2_accessible.key&#10;pass: Verifying property &quot;provable&quot; was successful for file: /home/runner/work/key/key/key.core/../key.ui/examples/index/.././heap/permissions/threads/Fib_joinTransfer_accessible.key&#10;pass: Verifying property &quot;provable&quot; was successful for file: /home/runner/work/key/key/key.core/../key.ui/examples/index/.././heap/permissions/threads/Fib_joinTransfer_contract.key&#10;pass: Verifying property &quot;provable&quot; was successful for file: /home/runner/work/key/key/key.core/../key.ui/examples/index/.././heap/permissions/threads/Fib_postJoin_accessible.key&#10;pass: Verifying property &quot;provable&quot; was successful for file: /home/runner/work/key/key/key.core/../key.ui/examples/index/.././heap/permissions/threads/Fib_preStart_accessible.key&#10;pass: Verifying property &quot;provable&quot; was successful for file: /home/runner/work/key/key/key.core/../key.ui/examples/index/.././heap/permissions/threads/Fib_startTransfer_accessible.key&#10;pass: Verifying property &quot;provable&quot; was successful for file: /home/runner/work/key/key/key.core/../key.ui/examples/index/.././heap/permissions/threads/Fib_startTransfer_contract.key&#10;pass: Verifying property &quot;provable&quot; was successful for file: /home/runner/work/key/key/key.core/../key.ui/examples/index/.././heap/permissions/threads/Fib_workingPermissions_accessible.key&#10;pass: Verifying property &quot;provable&quot; was successful for file: /home/runner/work/key/key/key.core/../key.ui/examples/index/.././heap/permissions/threads/Plotter_initPost_accessible.key&#10;pass: Verifying property &quot;provable&quot; was successful for file: /home/runner/work/key/key/key.core/../key.ui/examples/index/.././heap/permissions/threads/Plotter_inv_accessible1.key&#10;pass: Verifying property &quot;provable&quot; was successful for file: /home/runner/work/key/key/key.core/../key.ui/examples/index/.././heap/permissions/threads/Plotter_inv_accessible2.key&#10;pass: Verifying property &quot;provable&quot; was successful for file: /home/runner/work/key/key/key.core/../key.ui/examples/index/.././heap/permissions/threads/Plotter_joinTransfer_contract.key&#10;pass: Verifying property &quot;provable&quot; was successful for file: /home/runner/work/key/key/key.core/../key.ui/examples/index/.././heap/permissions/threads/Plotter_Plotter.key&#10;pass: Verifying property &quot;provable&quot; was successful for file: /home/runner/work/key/key/key.core/../key.ui/examples/index/.././heap/permissions/threads/Plotter_postJoin_accessible.key&#10;pass: Verifying property &quot;provable&quot; was successful for file: /home/runner/work/key/key/key.core/../key.ui/examples/index/.././heap/permissions/threads/Plotter_preStart_accessible.key&#10;pass: Verifying property &quot;provable&quot; was successful for file: /home/runner/work/key/key/key.core/../key.ui/examples/index/.././heap/permissions/threads/Plotter_stateInv_accessible.key&#10;pass: Verifying property &quot;provable&quot; was successful for file: /home/runner/work/key/key/key.core/../key.ui/examples/index/.././heap/permissions/threads/Plotter_staticPermissions_accessible.key&#10;pass: Verifying property &quot;provable&quot; was successful for file: /home/runner/work/key/key/key.core/../key.ui/examples/index/.././heap/permissions/threads/Plotter_workingPermissions_accessible.key&#10;pass: Verifying property &quot;provable&quot; was successful for file: /home/runner/work/key/key/key.core/../key.ui/examples/index/.././heap/permissions/threads/Sampler_initPost_accessible.key&#10;pass: Verifying property &quot;provable&quot; was successful for file: /home/runner/work/key/key/key.core/../key.ui/examples/index/.././heap/permissions/threads/Sampler_inv_accessible1.key&#10;pass: Verifying property &quot;provable&quot; was successful for file: /home/runner/work/key/key/key.core/../key.ui/examples/index/.././heap/permissions/threads/Sampler_inv_accessible2.key&#10;pass: Verifying property &quot;provable&quot; was successful for file: /home/runner/work/key/key/key.core/../key.ui/examples/index/.././heap/permissions/threads/Sampler_joinTransfer_accessible.key&#10;pass: Verifying property &quot;provable&quot; was successful for file: /home/runner/work/key/key/key.core/../key.ui/examples/index/.././heap/permissions/threads/Sampler_joinTransfer_contract.key&#10;pass: Verifying property &quot;provable&quot; was successful for file: /home/runner/work/key/key/key.core/../key.ui/examples/index/.././heap/permissions/threads/Sampler_postJoin_accessible.key&#10;pass: Verifying property &quot;provable&quot; was successful for file: /home/runner/work/key/key/key.core/../key.ui/examples/index/.././heap/permissions/threads/Sampler_preStart_accessible.key&#10;pass: Verifying property &quot;provable&quot; was successful for file: /home/runner/work/key/key/key.core/../key.ui/examples/index/.././heap/permissions/threads/Sampler_run.key&#10;pass: Verifying property &quot;provable&quot; was successful for file: /home/runner/work/key/key/key.core/../key.ui/examples/index/.././heap/permissions/threads/Sampler_Sampler.key&#10;pass: Verifying property &quot;provable&quot; was successful for file: /home/runner/work/key/key/key.core/../key.ui/examples/index/.././heap/permissions/threads/Sampler_startTransfer_accessible.key&#10;pass: Verifying property &quot;provable&quot; was successful for file: /home/runner/work/key/key/key.core/../key.ui/examples/index/.././heap/permissions/threads/Sampler_startTransfer_contract.key&#10;pass: Verifying property &quot;provable&quot; was successful for file: /home/runner/work/key/key/key.core/../key.ui/examples/index/.././heap/permissions/threads/Sampler_stateInv_accessible.key&#10;pass: Verifying property &quot;provable&quot; was successful for file: /home/runner/work/key/key/key.core/../key.ui/examples/index/.././heap/permissions/threads/Sampler_staticPermissions_accessible.key&#10;pass: Verifying property &quot;provable&quot; was successful for file: /home/runner/work/key/key/key.core/../key.ui/examples/index/.././heap/permissions/threads/Sampler_workingPermissions_accessible.key&#10;pass: Verifying property &quot;provable&quot; was successful for file: /home/runner/work/key/key/key.core/../key.ui/examples/index/.././heap/permissions/mulleretal/ReadWrite_doRead_contract.key&#10;FAIL: Verifying property &quot;provable&quot; failed for file: /home/runner/work/key/key/key.core/../key.ui/examples/index/.././heap/permissions/mulleretal/ReadWrite_doWrite_contract.key&#10;pass: Verifying property &quot;provable&quot; was successful for file: /home/runner/work/key/key/key.core/../key.ui/examples/index/.././heap/permissions/mulleretal/ReadWrite_read_contract.key&#10;pass: Verifying property &quot;provable&quot; was successful for file: /home/runner/work/key/key/key.core/../key.ui/examples/index/.././heap/permissions/mulleretal/ReadWrite_write_contract.key&#10;pass: Verifying property &quot;provable&quot; was successful for file: /home/runner/work/key/key/key.core/../key.ui/examples/index/.././heap/permissions/mulleretal/ReadWrite_inv1_accessible.key&#10;pass: Verifying property &quot;provable&quot; was successful for file: /home/runner/work/key/key/key.core/../key.ui/examples/index/.././heap/permissions/mulleretal/ReadWrite_inv2_accessible.key&#10;pass: Verifying property &quot;provable&quot; was successful for file: /home/runner/work/key/key/key.core/../key.ui/examples/index/.././heap/permissions/lockspec/Counter_lockConsistent_contract.key&#10;pass: Verifying property &quot;provable&quot; was successful for file: /home/runner/work/key/key/key.core/../key.ui/examples/index/.././heap/permissions/lockspec/Counter_increase_contract.key&#10;pass: Verifying property &quot;provable&quot; was successful for file: /home/runner/work/key/key/key.core/../key.ui/examples/index/.././heap/permissions/lockspec/Counter_fp_accessible.key&#10;pass: Verifying property &quot;provable&quot; was successful for file: /home/runner/work/key/key/key.core/../key.ui/examples/index/.././heap/permissions/lockspec/Counter_fpLock_accessible.key&#10;pass: Verifying property &quot;provable&quot; was successful for file: /home/runner/work/key/key/key.core/../key.ui/examples/index/.././heap/permissions/lockspec/Counter_fpPerm_accessible.key&#10;pass: Verifying property &quot;provable&quot; was successful for file: /home/runner/work/key/key/key.core/../key.ui/examples/index/.././heap/permissions/lockspec/Counter_inv_accessible1.key&#10;pass: Verifying property &quot;provable&quot; was successful for file: /home/runner/work/key/key/key.core/../key.ui/examples/index/.././heap/permissions/lockspec/Counter_inv_accessible2.key&#10;pass: Verifying property &quot;provable&quot; was successful for file: /home/runner/work/key/key/key.core/../key.ui/examples/index/.././heap/permissions/lockspec/Counter_lockRef_accessible.key&#10;pass: Verifying property &quot;provable&quot; was successful for file: /home/runner/work/key/key/key.core/../key.ui/examples/index/.././heap/permissions/lockspec/Counter_lockRef_contract1.key&#10;pass: Verifying property &quot;provable&quot; was successful for file: /home/runner/work/key/key/key.core/../key.ui/examples/index/.././heap/permissions/lockspec/Counter_lockRef_contract2.key&#10;pass: Verifying property &quot;provable&quot; was successful for file: /home/runner/work/key/key/key.core/../key.ui/examples/index/.././heap/permissions/lockspec/Counter_lockState_accessible.key&#10;pass: Verifying property &quot;provable&quot; was successful for file: /home/runner/work/key/key/key.core/../key.ui/examples/index/.././heap/permissions/lockspec/Counter_lockStatus_accessible.key&#10;pass: Verifying property &quot;provable&quot; was successful for file: /home/runner/work/key/key/key.core/../key.ui/examples/index/.././heap/permissions/lockspec/Counter_lockTransfer_accessible.key&#10;pass: Verifying property &quot;provable&quot; was successful for file: /home/runner/work/key/key/key.core/../key.ui/examples/index/.././heap/permissions/lockspec/Counter_unlockTransfer_accessible.key&#10;pass: Verifying property &quot;loadable&quot; was successful for file: /home/runner/work/key/key/key.core/../key.ui/examples/index/.././heap/permissions/threads/Plotter_startTransfer_contract.proof&#10;pass: Verifying property &quot;loadable&quot; was successful for file: /home/runner/work/key/key/key.core/../key.ui/examples/index/.././heap/permissions/threads/Plotter_startTransfer_accessible.proof&#10;pass: Verifying property &quot;loadable&quot; was successful for file: /home/runner/work/key/key/key.core/../key.ui/examples/index/.././heap/permissions/threads/Plotter_joinTransfer_accessible.proof&#10; ==&gt; expected: &lt;true&gt; but was: &lt;false&gt;" type="org.opentest4j.AssertionFailedError">org.opentest4j.AssertionFailedError: group permissionHeap:
pass: Verifying property &quot;provable&quot; was successful for file: /home/runner/work/key/key/key.core/../key.ui/examples/index/.././heap/permissions/permissions_method0.key
pass: Verifying property &quot;provable&quot; was successful for file: /home/runner/work/key/key/key.core/../key.ui/examples/index/.././heap/permissions/permissions_method1.key
pass: Verifying property &quot;provable&quot; was successful for file: /home/runner/work/key/key/key.core/../key.ui/examples/index/.././heap/permissions/permissions_method3.key
pass: Verifying property &quot;provable&quot; was successful for file: /home/runner/work/key/key/key.core/../key.ui/examples/index/.././heap/permissions/permissions_setAB.key
pass: Verifying property &quot;provable&quot; was successful for file: /home/runner/work/key/key/key.core/../key.ui/examples/index/.././heap/permissions/permissionProperties.key
pass: Verifying property &quot;provable&quot; was successful for file: /home/runner/work/key/key/key.core/../key.ui/examples/index/.././heap/permissions/threads/AFilter_AFilter.key
pass: Verifying property &quot;provable&quot; was successful for file: /home/runner/work/key/key/key.core/../key.ui/examples/index/.././heap/permissions/threads/AFilter_initPost_accessible.key
pass: Verifying property &quot;provable&quot; was successful for file: /home/runner/work/key/key/key.core/../key.ui/examples/index/.././heap/permissions/threads/AFilter_inv_accessible1.key
pass: Verifying property &quot;provable&quot; was successful for file: /home/runner/work/key/key/key.core/../key.ui/examples/index/.././heap/permissions/threads/AFilter_inv_accessible2.key
pass: Verifying property &quot;provable&quot; was successful for file: /home/runner/work/key/key/key.core/../key.ui/examples/index/.././heap/permissions/threads/AFilter_joinTransfer_accessible.key
pass: Verifying property &quot;provable&quot; was successful for file: /home/runner/work/key/key/key.core/../key.ui/examples/index/.././heap/permissions/threads/AFilter_joinTransfer_contract.key
pass: Verifying property &quot;provable&quot; was successful for file: /home/runner/work/key/key/key.core/../key.ui/examples/index/.././heap/permissions/threads/AFilter_postJoin_accessible.key
pass: Verifying property &quot;provable&quot; was successful for file: /home/runner/work/key/key/key.core/../key.ui/examples/index/.././heap/permissions/threads/AFilter_preStart_accessible.key
pass: Verifying property &quot;provable&quot; was successful for file: /home/runner/work/key/key/key.core/../key.ui/examples/index/.././heap/permissions/threads/AFilter_startTransfer_accessible.key
pass: Verifying property &quot;provable&quot; was successful for file: /home/runner/work/key/key/key.core/../key.ui/examples/index/.././heap/permissions/threads/AFilter_startTransfer_contract.key
pass: Verifying property &quot;provable&quot; was successful for file: /home/runner/work/key/key/key.core/../key.ui/examples/index/.././heap/permissions/threads/AFilter_stateInv_accessible.key
pass: Verifying property &quot;provable&quot; was successful for file: /home/runner/work/key/key/key.core/../key.ui/examples/index/.././heap/permissions/threads/AFilter_staticPermissions_accessible.key
pass: Verifying property &quot;provable&quot; was successful for file: /home/runner/work/key/key/key.core/../key.ui/examples/index/.././heap/permissions/threads/AFilter_workingPermissions_accessible.key
pass: Verifying property &quot;provable&quot; was successful for file: /home/runner/work/key/key/key.core/../key.ui/examples/index/.././heap/permissions/threads/BFilter_BFilter.key
pass: Verifying property &quot;provable&quot; was successful for file: /home/runner/work/key/key/key.core/../key.ui/examples/index/.././heap/permissions/threads/BFilter_initPost_accessible.key
pass: Verifying property &quot;provable&quot; was successful for file: /home/runner/work/key/key/key.core/../key.ui/examples/index/.././heap/permissions/threads/BFilter_inv_accessible1.key
pass: Verifying property &quot;provable&quot; was successful for file: /home/runner/work/key/key/key.core/../key.ui/examples/index/.././heap/permissions/threads/BFilter_inv_accessible2.key
pass: Verifying property &quot;provable&quot; was successful for file: /home/runner/work/key/key/key.core/../key.ui/examples/index/.././heap/permissions/threads/BFilter_joinTransfer_accessible.key
pass: Verifying property &quot;provable&quot; was successful for file: /home/runner/work/key/key/key.core/../key.ui/examples/index/.././heap/permissions/threads/BFilter_joinTransfer_contract.key
pass: Verifying property &quot;provable&quot; was successful for file: /home/runner/work/key/key/key.core/../key.ui/examples/index/.././heap/permissions/threads/BFilter_postJoin_accessible.key
pass: Verifying property &quot;provable&quot; was successful for file: /home/runner/work/key/key/key.core/../key.ui/examples/index/.././heap/permissions/threads/BFilter_preStart_accessible.key
pass: Verifying property &quot;provable&quot; was successful for file: /home/runner/work/key/key/key.core/../key.ui/examples/index/.././heap/permissions/threads/BFilter_startTransfer_accessible.key
pass: Verifying property &quot;provable&quot; was successful for file: /home/runner/work/key/key/key.core/../key.ui/examples/index/.././heap/permissions/threads/BFilter_startTransfer_contract.key
pass: Verifying property &quot;provable&quot; was successful for file: /home/runner/work/key/key/key.core/../key.ui/examples/index/.././heap/permissions/threads/BFilter_stateInv_accessible.key
pass: Verifying property &quot;provable&quot; was successful for file: /home/runner/work/key/key/key.core/../key.ui/examples/index/.././heap/permissions/threads/BFilter_staticPermissions_accessible.key
pass: Verifying property &quot;provable&quot; was successful for file: /home/runner/work/key/key/key.core/../key.ui/examples/index/.././heap/permissions/threads/BFilter_workingPermissions_accessible.key
pass: Verifying property &quot;provable&quot; was successful for file: /home/runner/work/key/key/key.core/../key.ui/examples/index/.././heap/permissions/threads/Fib_Fib.key
pass: Verifying property &quot;provable&quot; was successful for file: /home/runner/work/key/key/key.core/../key.ui/examples/index/.././heap/permissions/threads/Fib_initPost_accessible.key
pass: Verifying property &quot;provable&quot; was successful for file: /home/runner/work/key/key/key.core/../key.ui/examples/index/.././heap/permissions/threads/Fib_inv1_accessible.key
pass: Verifying property &quot;provable&quot; was successful for file: /home/runner/work/key/key/key.core/../key.ui/examples/index/.././heap/permissions/threads/Fib_inv2_accessible.key
pass: Verifying property &quot;provable&quot; was successful for file: /home/runner/work/key/key/key.core/../key.ui/examples/index/.././heap/permissions/threads/Fib_joinTransfer_accessible.key
pass: Verifying property &quot;provable&quot; was successful for file: /home/runner/work/key/key/key.core/../key.ui/examples/index/.././heap/permissions/threads/Fib_joinTransfer_contract.key
pass: Verifying property &quot;provable&quot; was successful for file: /home/runner/work/key/key/key.core/../key.ui/examples/index/.././heap/permissions/threads/Fib_postJoin_accessible.key
pass: Verifying property &quot;provable&quot; was successful for file: /home/runner/work/key/key/key.core/../key.ui/examples/index/.././heap/permissions/threads/Fib_preStart_accessible.key
pass: Verifying property &quot;provable&quot; was successful for file: /home/runner/work/key/key/key.core/../key.ui/examples/index/.././heap/permissions/threads/Fib_startTransfer_accessible.key
pass: Verifying property &quot;provable&quot; was successful for file: /home/runner/work/key/key/key.core/../key.ui/examples/index/.././heap/permissions/threads/Fib_startTransfer_contract.key
pass: Verifying property &quot;provable&quot; was successful for file: /home/runner/work/key/key/key.core/../key.ui/examples/index/.././heap/permissions/threads/Fib_workingPermissions_accessible.key
pass: Verifying property &quot;provable&quot; was successful for file: /home/runner/work/key/key/key.core/../key.ui/examples/index/.././heap/permissions/threads/Plotter_initPost_accessible.key
pass: Verifying property &quot;provable&quot; was successful for file: /home/runner/work/key/key/key.core/../key.ui/examples/index/.././heap/permissions/threads/Plotter_inv_accessible1.key
pass: Verifying property &quot;provable&quot; was successful for file: /home/runner/work/key/key/key.core/../key.ui/examples/index/.././heap/permissions/threads/Plotter_inv_accessible2.key
pass: Verifying property &quot;provable&quot; was successful for file: /home/runner/work/key/key/key.core/../key.ui/examples/index/.././heap/permissions/threads/Plotter_joinTransfer_contract.key
pass: Verifying property &quot;provable&quot; was successful for file: /home/runner/work/key/key/key.core/../key.ui/examples/index/.././heap/permissions/threads/Plotter_Plotter.key
pass: Verifying property &quot;provable&quot; was successful for file: /home/runner/work/key/key/key.core/../key.ui/examples/index/.././heap/permissions/threads/Plotter_postJoin_accessible.key
pass: Verifying property &quot;provable&quot; was successful for file: /home/runner/work/key/key/key.core/../key.ui/examples/index/.././heap/permissions/threads/Plotter_preStart_accessible.key
pass: Verifying property &quot;provable&quot; was successful for file: /home/runner/work/key/key/key.core/../key.ui/examples/index/.././heap/permissions/threads/Plotter_stateInv_accessible.key
pass: Verifying property &quot;provable&quot; was successful for file: /home/runner/work/key/key/key.core/../key.ui/examples/index/.././heap/permissions/threads/Plotter_staticPermissions_accessible.key
pass: Verifying property &quot;provable&quot; was successful for file: /home/runner/work/key/key/key.core/../key.ui/examples/index/.././heap/permissions/threads/Plotter_workingPermissions_accessible.key
pass: Verifying property &quot;provable&quot; was successful for file: /home/runner/work/key/key/key.core/../key.ui/examples/index/.././heap/permissions/threads/Sampler_initPost_accessible.key
pass: Verifying property &quot;provable&quot; was successful for file: /home/runner/work/key/key/key.core/../key.ui/examples/index/.././heap/permissions/threads/Sampler_inv_accessible1.key
pass: Verifying property &quot;provable&quot; was successful for file: /home/runner/work/key/key/key.core/../key.ui/examples/index/.././heap/permissions/threads/Sampler_inv_accessible2.key
pass: Verifying property &quot;provable&quot; was successful for file: /home/runner/work/key/key/key.core/../key.ui/examples/index/.././heap/permissions/threads/Sampler_joinTransfer_accessible.key
pass: Verifying property &quot;provable&quot; was successful for file: /home/runner/work/key/key/key.core/../key.ui/examples/index/.././heap/permissions/threads/Sampler_joinTransfer_contract.key
pass: Verifying property &quot;provable&quot; was successful for file: /home/runner/work/key/key/key.core/../key.ui/examples/index/.././heap/permissions/threads/Sampler_postJoin_accessible.key
pass: Verifying property &quot;provable&quot; was successful for file: /home/runner/work/key/key/key.core/../key.ui/examples/index/.././heap/permissions/threads/Sampler_preStart_accessible.key
pass: Verifying property &quot;provable&quot; was successful for file: /home/runner/work/key/key/key.core/../key.ui/examples/index/.././heap/permissions/threads/Sampler_run.key
pass: Verifying property &quot;provable&quot; was successful for file: /home/runner/work/key/key/key.core/../key.ui/examples/index/.././heap/permissions/threads/Sampler_Sampler.key
pass: Verifying property &quot;provable&quot; was successful for file: /home/runner/work/key/key/key.core/../key.ui/examples/index/.././heap/permissions/threads/Sampler_startTransfer_accessible.key
pass: Verifying property &quot;provable&quot; was successful for file: /home/runner/work/key/key/key.core/../key.ui/examples/index/.././heap/permissions/threads/Sampler_startTransfer_contract.key
pass: Verifying property &quot;provable&quot; was successful for file: /home/runner/work/key/key/key.core/../key.ui/examples/index/.././heap/permissions/threads/Sampler_stateInv_accessible.key
pass: Verifying property &quot;provable&quot; was successful for file: /home/runner/work/key/key/key.core/../key.ui/examples/index/.././heap/permissions/threads/Sampler_staticPermissions_accessible.key
pass: Verifying property &quot;provable&quot; was successful for file: /home/runner/work/key/key/key.core/../key.ui/examples/index/.././heap/permissions/threads/Sampler_workingPermissions_accessible.key
pass: Verifying property &quot;provable&quot; was successful for file: /home/runner/work/key/key/key.core/../key.ui/examples/index/.././heap/permissions/mulleretal/ReadWrite_doRead_contract.key
FAIL: Verifying property &quot;provable&quot; failed for file: /home/runner/work/key/key/key.core/../key.ui/examples/index/.././heap/permissions/mulleretal/ReadWrite_doWrite_contract.key
pass: Verifying property &quot;provable&quot; was successful for file: /home/runner/work/key/key/key.core/../key.ui/examples/index/.././heap/permissions/mulleretal/ReadWrite_read_contract.key
pass: Verifying property &quot;provable&quot; was successful for file: /home/runner/work/key/key/key.core/../key.ui/examples/index/.././heap/permissions/mulleretal/ReadWrite_write_contract.key
pass: Verifying property &quot;provable&quot; was successful for file: /home/runner/work/key/key/key.core/../key.ui/examples/index/.././heap/permissions/mulleretal/ReadWrite_inv1_accessible.key
pass: Verifying property &quot;provable&quot; was successful for file: /home/runner/work/key/key/key.core/../key.ui/examples/index/.././heap/permissions/mulleretal/ReadWrite_inv2_accessible.key
pass: Verifying property &quot;provable&quot; was successful for file: /home/runner/work/key/key/key.core/../key.ui/examples/index/.././heap/permissions/lockspec/Counter_lockConsistent_contract.key
pass: Verifying property &quot;provable&quot; was successful for file: /home/runner/work/key/key/key.core/../key.ui/examples/index/.././heap/permissions/lockspec/Counter_increase_contract.key
pass: Verifying property &quot;provable&quot; was successful for file: /home/runner/work/key/key/key.core/../key.ui/examples/index/.././heap/permissions/lockspec/Counter_fp_accessible.key
pass: Verifying property &quot;provable&quot; was successful for file: /home/runner/work/key/key/key.core/../key.ui/examples/index/.././heap/permissions/lockspec/Counter_fpLock_accessible.key
pass: Verifying property &quot;provable&quot; was successful for file: /home/runner/work/key/key/key.core/../key.ui/examples/index/.././heap/permissions/lockspec/Counter_fpPerm_accessible.key
pass: Verifying property &quot;provable&quot; was successful for file: /home/runner/work/key/key/key.core/../key.ui/examples/index/.././heap/permissions/lockspec/Counter_inv_accessible1.key
pass: Verifying property &quot;provable&quot; was successful for file: /home/runner/work/key/key/key.core/../key.ui/examples/index/.././heap/permissions/lockspec/Counter_inv_accessible2.key
pass: Verifying property &quot;provable&quot; was successful for file: /home/runner/work/key/key/key.core/../key.ui/examples/index/.././heap/permissions/lockspec/Counter_lockRef_accessible.key
pass: Verifying property &quot;provable&quot; was successful for file: /home/runner/work/key/key/key.core/../key.ui/examples/index/.././heap/permissions/lockspec/Counter_lockRef_contract1.key
pass: Verifying property &quot;provable&quot; was successful for file: /home/runner/work/key/key/key.core/../key.ui/examples/index/.././heap/permissions/lockspec/Counter_lockRef_contract2.key
pass: Verifying property &quot;provable&quot; was successful for file: /home/runner/work/key/key/key.core/../key.ui/examples/index/.././heap/permissions/lockspec/Counter_lockState_accessible.key
pass: Verifying property &quot;provable&quot; was successful for file: /home/runner/work/key/key/key.core/../key.ui/examples/index/.././heap/permissions/lockspec/Counter_lockStatus_accessible.key
pass: Verifying property &quot;provable&quot; was successful for file: /home/runner/work/key/key/key.core/../key.ui/examples/index/.././heap/permissions/lockspec/Counter_lockTransfer_accessible.key
pass: Verifying property &quot;provable&quot; was successful for file: /home/runner/work/key/key/key.core/../key.ui/examples/index/.././heap/permissions/lockspec/Counter_unlockTransfer_accessible.key
pass: Verifying property &quot;loadable&quot; was successful for file: /home/runner/work/key/key/key.core/../key.ui/examples/index/.././heap/permissions/threads/Plotter_startTransfer_contract.proof
pass: Verifying property &quot;loadable&quot; was successful for file: /home/runner/work/key/key/key.core/../key.ui/examples/index/.././heap/permissions/threads/Plotter_startTransfer_accessible.proof
pass: Verifying property &quot;loadable&quot; was successful for file: /home/runner/work/key/key/key.core/../key.ui/examples/index/.././heap/permissions/threads/Plotter_joinTransfer_accessible.proof
 ==&gt; expected: &lt;true&gt; but was: &lt;false&gt;
	at app//org.junit.jupiter.api.AssertionUtils.fail(AssertionUtils.java:55)
	at app//org.junit.jupiter.api.AssertTrue.assertTrue(AssertTrue.java:40)
	at app//org.junit.jupiter.api.Assertions.assertTrue(Assertions.java:210)
	at app//de.uka.ilkd.key.proof.runallproofs.RunAllProofsTest.lambda$data$0(RunAllProofsTest.java:84)
	at app//org.junit.jupiter.engine.descriptor.DynamicTestTestDescriptor.lambda$execute$0(DynamicTestTestDescriptor.java:53)
	at app//org.junit.jupiter.engine.execution.InvocationInterceptorChain$ValidatingInvocation.proceed(InvocationInterceptorChain.java:131)
	at app//org.junit.jupiter.api.extension.InvocationInterceptor.interceptDynamicTest(InvocationInterceptor.java:167)
	at app//org.junit.jupiter.api.extension.InvocationInterceptor.interceptDynamicTest(InvocationInterceptor.java:184)
	at app//org.junit.jupiter.engine.descriptor.DynamicTestTestDescriptor.lambda$execute$1(DynamicTestTestDescriptor.java:61)
	at app//org.junit.jupiter.engine.execution.InvocationInterceptorChain$InterceptorCall.lambda$ofVoid$0(InvocationInterceptorChain.java:78)
	at app//org.junit.jupiter.engine.execution.InvocationInterceptorChain$InterceptedInvocation.proceed(InvocationInterceptorChain.java:106)
	at app//org.junit.jupiter.engine.execution.InvocationInterceptorChain.proceed(InvocationInterceptorChain.java:64)
	at app//org.junit.jupiter.engine.execution.InvocationInterceptorChain.chainAndInvoke(InvocationInterceptorChain.java:45)
	at app//org.junit.jupiter.engine.execution.InvocationInterceptorChain.invoke(InvocationInterceptorChain.java:37)
	at app//org.junit.jupiter.engine.descriptor.DynamicTestTestDescriptor.execute(DynamicTestTestDescriptor.java:60)
	at app//org.junit.jupiter.engine.descriptor.DynamicTestTestDescriptor.execute(DynamicTestTestDescriptor.java:32)
	at app//org.junit.platform.engine.support.hierarchical.NodeTestTask.lambda$executeRecursively$6(NodeTestTask.java:151)
	at app//org.junit.platform.engine.support.hierarchical.ThrowableCollector.execute(ThrowableCollector.java:73)
	at app//org.junit.platform.engine.support.hierarchical.NodeTestTask.lambda$executeRecursively$8(NodeTestTask.java:141)
	at app//org.junit.platform.engine.support.hierarchical.Node.around(Node.java:137)
	at app//org.junit.platform.engine.support.hierarchical.NodeTestTask.lambda$executeRecursively$9(NodeTestTask.java:139)
	at app//org.junit.platform.engine.support.hierarchical.ThrowableCollector.execute(ThrowableCollector.java:73)
	at app//org.junit.platform.engine.support.hierarchical.NodeTestTask.executeRecursively(NodeTestTask.java:138)
	at app//org.junit.platform.engine.support.hierarchical.NodeTestTask.execute(NodeTestTask.java:95)
	at app//org.junit.platform.engine.support.hierarchical.SameThreadHierarchicalTestExecutorService.submit(SameThreadHierarchicalTestExecutorService.java:35)
	at app//org.junit.platform.engine.support.hierarchical.NodeTestTask$DefaultDynamicTestExecutor.execute(NodeTestTask.java:226)
	at app//org.junit.platform.engine.support.hierarchical.NodeTestTask$DefaultDynamicTestExecutor.execute(NodeTestTask.java:204)
	at java.base@11.0.18/java.util.Optional.ifPresent(Optional.java:183)
	at app//org.junit.jupiter.engine.descriptor.TestFactoryTestDescriptor.lambda$invokeTestMethod$1(TestFactoryTestDescriptor.java:108)
	at app//org.junit.platform.engine.support.hierarchical.ThrowableCollector.execute(ThrowableCollector.java:73)
	at app//org.junit.jupiter.engine.descriptor.TestFactoryTestDescriptor.invokeTestMethod(TestFactoryTestDescriptor.java:95)
	at app//org.junit.jupiter.engine.descriptor.TestMethodTestDescriptor.execute(TestMethodTestDescriptor.java:135)
	at app//org.junit.jupiter.engine.descriptor.TestMethodTestDescriptor.execute(TestMethodTestDescriptor.java:66)
	at app//org.junit.platform.engine.support.hierarchical.NodeTestTask.lambda$executeRecursively$6(NodeTestTask.java:151)
	at app//org.junit.platform.engine.support.hierarchical.ThrowableCollector.execute(ThrowableCollector.java:73)
	at app//org.junit.platform.engine.support.hierarchical.NodeTestTask.lambda$executeRecursively$8(NodeTestTask.java:141)
	at app//org.junit.platform.engine.support.hierarchical.Node.around(Node.java:137)
	at app//org.junit.platform.engine.support.hierarchical.NodeTestTask.lambda$executeRecursively$9(NodeTestTask.java:139)
	at app//org.junit.platform.engine.support.hierarchical.ThrowableCollector.execute(ThrowableCollector.java:73)
	at app//org.junit.platform.engine.support.hierarchical.NodeTestTask.executeRecursively(NodeTestTask.java:138)
	at app//org.junit.platform.engine.support.hierarchical.NodeTestTask.execute(NodeTestTask.java:95)
	at java.base@11.0.18/java.util.ArrayList.forEach(ArrayList.java:1541)
	at app//org.junit.platform.engine.support.hierarchical.SameThreadHierarchicalTestExecutorService.invokeAll(SameThreadHierarchicalTestExecutorService.java:41)
	at app//org.junit.platform.engine.support.hierarchical.NodeTestTask.lambda$executeRecursively$6(NodeTestTask.java:155)
	at app//org.junit.platform.engine.support.hierarchical.ThrowableCollector.execute(ThrowableCollector.java:73)
	at app//org.junit.platform.engine.support.hierarchical.NodeTestTask.lambda$executeRecursively$8(NodeTestTask.java:141)
	at app//org.junit.platform.engine.support.hierarchical.Node.around(Node.java:137)
	at app//org.junit.platform.engine.support.hierarchical.NodeTestTask.lambda$executeRecursively$9(NodeTestTask.java:139)
	at app//org.junit.platform.engine.support.hierarchical.ThrowableCollector.execute(ThrowableCollector.java:73)
	at app//org.junit.platform.engine.support.hierarchical.NodeTestTask.executeRecursively(NodeTestTask.java:138)
	at app//org.junit.platform.engine.support.hierarchical.NodeTestTask.execute(NodeTestTask.java:95)
	at java.base@11.0.18/java.util.ArrayList.forEach(ArrayList.java:1541)
	at app//org.junit.platform.engine.support.hierarchical.SameThreadHierarchicalTestExecutorService.invokeAll(SameThreadHierarchicalTestExecutorService.java:41)
	at app//org.junit.platform.engine.support.hierarchical.NodeTestTask.lambda$executeRecursively$6(NodeTestTask.java:155)
	at app//org.junit.platform.engine.support.hierarchical.ThrowableCollector.execute(ThrowableCollector.java:73)
	at app//org.junit.platform.engine.support.hierarchical.NodeTestTask.lambda$executeRecursively$8(NodeTestTask.java:141)
	at app//org.junit.platform.engine.support.hierarchical.Node.around(Node.java:137)
	at app//org.junit.platform.engine.support.hierarchical.NodeTestTask.lambda$executeRecursively$9(NodeTestTask.java:139)
	at app//org.junit.platform.engine.support.hierarchical.ThrowableCollector.execute(ThrowableCollector.java:73)
	at app//org.junit.platform.engine.support.hierarchical.NodeTestTask.executeRecursively(NodeTestTask.java:138)
	at app//org.junit.platform.engine.support.hierarchical.NodeTestTask.execute(NodeTestTask.java:95)
	at app//org.junit.platform.engine.support.hierarchical.SameThreadHierarchicalTestExecutorService.submit(SameThreadHierarchicalTestExecutorService.java:35)
	at app//org.junit.platform.engine.support.hierarchical.HierarchicalTestExecutor.execute(HierarchicalTestExecutor.java:57)
	at app//org.junit.platform.engine.support.hierarchical.HierarchicalTestEngine.execute(HierarchicalTestEngine.java:54)
	at org.junit.platform.launcher.core.EngineExecutionOrchestrator.execute(EngineExecutionOrchestrator.java:107)
	at org.junit.platform.launcher.core.EngineExecutionOrchestrator.execute(EngineExecutionOrchestrator.java:88)
	at org.junit.platform.launcher.core.EngineExecutionOrchestrator.lambda$execute$0(EngineExecutionOrchestrator.java:54)
	at org.junit.platform.launcher.core.EngineExecutionOrchestrator.withInterceptedStreams(EngineExecutionOrchestrator.java:67)
	at org.junit.platform.launcher.core.EngineExecutionOrchestrator.execute(EngineExecutionOrchestrator.java:52)
	at org.junit.platform.launcher.core.DefaultLauncher.execute(DefaultLauncher.java:114)
	at org.junit.platform.launcher.core.DefaultLauncher.execute(DefaultLauncher.java:86)
	at org.junit.platform.launcher.core.DefaultLauncherSession$DelegatingLauncher.execute(DefaultLauncherSession.java:86)
	at org.junit.platform.launcher.core.SessionPerRequestLauncher.execute(SessionPerRequestLauncher.java:53)
	at org.gradle.api.internal.tasks.testing.junitplatform.JUnitPlatformTestClassProcessor$CollectAllTestClassesExecutor.processAllTestClasses(JUnitPlatformTestClassProcessor.java:99)
	at org.gradle.api.internal.tasks.testing.junitplatform.JUnitPlatformTestClassProcessor$CollectAllTestClassesExecutor.access$000(JUnitPlatformTestClassProcessor.java:79)
	at org.gradle.api.internal.tasks.testing.junitplatform.JUnitPlatformTestClassProcessor.stop(JUnitPlatformTestClassProcessor.java:75)
	at org.gradle.api.internal.tasks.testing.SuiteTestClassProcessor.stop(SuiteTestClassProcessor.java:62)
	at java.base@11.0.18/jdk.internal.reflect.NativeMethodAccessorImpl.invoke0(Native Method)
	at java.base@11.0.18/jdk.internal.reflect.NativeMethodAccessorImpl.invoke(NativeMethodAccessorImpl.java:62)
	at java.base@11.0.18/jdk.internal.reflect.DelegatingMethodAccessorImpl.invoke(DelegatingMethodAccessorImpl.java:43)
	at java.base@11.0.18/java.lang.reflect.Method.invoke(Method.java:566)
	at org.gradle.internal.dispatch.ReflectionDispatch.dispatch(ReflectionDispatch.java:36)
	at org.gradle.internal.dispatch.ReflectionDispatch.dispatch(ReflectionDispatch.java:24)
	at org.gradle.internal.dispatch.ContextClassLoaderDispatch.dispatch(ContextClassLoaderDispatch.java:33)
	at org.gradle.internal.dispatch.ProxyDispatchAdapter$DispatchingInvocationHandler.invoke(ProxyDispatchAdapter.java:94)
	at com.sun.proxy.$Proxy2.stop(Unknown Source)
	at org.gradle.api.internal.tasks.testing.worker.TestWorker$3.run(TestWorker.java:193)
	at org.gradle.api.internal.tasks.testing.worker.TestWorker.executeAndMaintainThreadName(TestWorker.java:129)
	at org.gradle.api.internal.tasks.testing.worker.TestWorker.execute(TestWorker.java:100)
	at org.gradle.api.internal.tasks.testing.worker.TestWorker.execute(TestWorker.java:60)
	at org.gradle.process.internal.worker.child.ActionExecutionWorker.execute(ActionExecutionWorker.java:56)
	at org.gradle.process.internal.worker.child.SystemApplicationClassLoaderWorker.call(SystemApplicationClassLoaderWorker.java:113)
	at org.gradle.process.internal.worker.child.SystemApplicationClassLoaderWorker.call(SystemApplicationClassLoaderWorker.java:65)
	at app//worker.org.gradle.process.internal.worker.GradleWorkerMain.run(GradleWorkerMain.java:69)
	at app//worker.org.gradle.process.internal.worker.GradleWorkerMain.main(GradleWorkerMain.java:74)
</failure>
  </testcase>
  <testcase name="completionScopes" classname="de.uka.ilkd.key.proof.runallproofs.RunAllProofsFunctional" time="54.073"/>
  <testcase name="reload_examples" classname="de.uka.ilkd.key.proof.runallproofs.RunAllProofsFunctional" time="43.819"/>
  <testcase name="proofLoadRepair" classname="de.uka.ilkd.key.proof.runallproofs.RunAllProofsFunctional" time="19.345"/>
  <testcase name="switch" classname="de.uka.ilkd.key.proof.runallproofs.RunAllProofsFunctional" time="64.12"/>
  <testcase name="redux" classname="de.uka.ilkd.key.proof.runallproofs.RunAllProofsFunctional" time="131.421">
    <failure message="org.opentest4j.AssertionFailedError: Executed process terminated with non-zero exit value. ==&gt; expected: &lt;0&gt; but was: &lt;1&gt;" type="org.opentest4j.AssertionFailedError">org.opentest4j.AssertionFailedError: Executed process terminated with non-zero exit value. ==&gt; expected: &lt;0&gt; but was: &lt;1&gt;
	at app//org.junit.jupiter.api.AssertionUtils.fail(AssertionUtils.java:55)
	at app//org.junit.jupiter.api.AssertionUtils.failNotEqual(AssertionUtils.java:62)
	at app//org.junit.jupiter.api.AssertEquals.assertEquals(AssertEquals.java:150)
	at app//org.junit.jupiter.api.Assertions.assertEquals(Assertions.java:559)
	at app//de.uka.ilkd.key.proof.runallproofs.proofcollection.ForkedTestFileRunner.processTestFiles(ForkedTestFileRunner.java:129)
	at app//de.uka.ilkd.key.proof.runallproofs.RunAllProofsTestUnit.runTest(RunAllProofsTestUnit.java:85)
	at app//de.uka.ilkd.key.proof.runallproofs.RunAllProofsTest.lambda$data$0(RunAllProofsTest.java:83)
	at app//org.junit.jupiter.engine.descriptor.DynamicTestTestDescriptor.lambda$execute$0(DynamicTestTestDescriptor.java:53)
	at app//org.junit.jupiter.engine.execution.InvocationInterceptorChain$ValidatingInvocation.proceed(InvocationInterceptorChain.java:131)
	at app//org.junit.jupiter.api.extension.InvocationInterceptor.interceptDynamicTest(InvocationInterceptor.java:167)
	at app//org.junit.jupiter.api.extension.InvocationInterceptor.interceptDynamicTest(InvocationInterceptor.java:184)
	at app//org.junit.jupiter.engine.descriptor.DynamicTestTestDescriptor.lambda$execute$1(DynamicTestTestDescriptor.java:61)
	at app//org.junit.jupiter.engine.execution.InvocationInterceptorChain$InterceptorCall.lambda$ofVoid$0(InvocationInterceptorChain.java:78)
	at app//org.junit.jupiter.engine.execution.InvocationInterceptorChain$InterceptedInvocation.proceed(InvocationInterceptorChain.java:106)
	at app//org.junit.jupiter.engine.execution.InvocationInterceptorChain.proceed(InvocationInterceptorChain.java:64)
	at app//org.junit.jupiter.engine.execution.InvocationInterceptorChain.chainAndInvoke(InvocationInterceptorChain.java:45)
	at app//org.junit.jupiter.engine.execution.InvocationInterceptorChain.invoke(InvocationInterceptorChain.java:37)
	at app//org.junit.jupiter.engine.descriptor.DynamicTestTestDescriptor.execute(DynamicTestTestDescriptor.java:60)
	at app//org.junit.jupiter.engine.descriptor.DynamicTestTestDescriptor.execute(DynamicTestTestDescriptor.java:32)
	at app//org.junit.platform.engine.support.hierarchical.NodeTestTask.lambda$executeRecursively$6(NodeTestTask.java:151)
	at app//org.junit.platform.engine.support.hierarchical.ThrowableCollector.execute(ThrowableCollector.java:73)
	at app//org.junit.platform.engine.support.hierarchical.NodeTestTask.lambda$executeRecursively$8(NodeTestTask.java:141)
	at app//org.junit.platform.engine.support.hierarchical.Node.around(Node.java:137)
	at app//org.junit.platform.engine.support.hierarchical.NodeTestTask.lambda$executeRecursively$9(NodeTestTask.java:139)
	at app//org.junit.platform.engine.support.hierarchical.ThrowableCollector.execute(ThrowableCollector.java:73)
	at app//org.junit.platform.engine.support.hierarchical.NodeTestTask.executeRecursively(NodeTestTask.java:138)
	at app//org.junit.platform.engine.support.hierarchical.NodeTestTask.execute(NodeTestTask.java:95)
	at app//org.junit.platform.engine.support.hierarchical.SameThreadHierarchicalTestExecutorService.submit(SameThreadHierarchicalTestExecutorService.java:35)
	at app//org.junit.platform.engine.support.hierarchical.NodeTestTask$DefaultDynamicTestExecutor.execute(NodeTestTask.java:226)
	at app//org.junit.platform.engine.support.hierarchical.NodeTestTask$DefaultDynamicTestExecutor.execute(NodeTestTask.java:204)
	at java.base@11.0.18/java.util.Optional.ifPresent(Optional.java:183)
	at app//org.junit.jupiter.engine.descriptor.TestFactoryTestDescriptor.lambda$invokeTestMethod$1(TestFactoryTestDescriptor.java:108)
	at app//org.junit.platform.engine.support.hierarchical.ThrowableCollector.execute(ThrowableCollector.java:73)
	at app//org.junit.jupiter.engine.descriptor.TestFactoryTestDescriptor.invokeTestMethod(TestFactoryTestDescriptor.java:95)
	at app//org.junit.jupiter.engine.descriptor.TestMethodTestDescriptor.execute(TestMethodTestDescriptor.java:135)
	at app//org.junit.jupiter.engine.descriptor.TestMethodTestDescriptor.execute(TestMethodTestDescriptor.java:66)
	at app//org.junit.platform.engine.support.hierarchical.NodeTestTask.lambda$executeRecursively$6(NodeTestTask.java:151)
	at app//org.junit.platform.engine.support.hierarchical.ThrowableCollector.execute(ThrowableCollector.java:73)
	at app//org.junit.platform.engine.support.hierarchical.NodeTestTask.lambda$executeRecursively$8(NodeTestTask.java:141)
	at app//org.junit.platform.engine.support.hierarchical.Node.around(Node.java:137)
	at app//org.junit.platform.engine.support.hierarchical.NodeTestTask.lambda$executeRecursively$9(NodeTestTask.java:139)
	at app//org.junit.platform.engine.support.hierarchical.ThrowableCollector.execute(ThrowableCollector.java:73)
	at app//org.junit.platform.engine.support.hierarchical.NodeTestTask.executeRecursively(NodeTestTask.java:138)
	at app//org.junit.platform.engine.support.hierarchical.NodeTestTask.execute(NodeTestTask.java:95)
	at java.base@11.0.18/java.util.ArrayList.forEach(ArrayList.java:1541)
	at app//org.junit.platform.engine.support.hierarchical.SameThreadHierarchicalTestExecutorService.invokeAll(SameThreadHierarchicalTestExecutorService.java:41)
	at app//org.junit.platform.engine.support.hierarchical.NodeTestTask.lambda$executeRecursively$6(NodeTestTask.java:155)
	at app//org.junit.platform.engine.support.hierarchical.ThrowableCollector.execute(ThrowableCollector.java:73)
	at app//org.junit.platform.engine.support.hierarchical.NodeTestTask.lambda$executeRecursively$8(NodeTestTask.java:141)
	at app//org.junit.platform.engine.support.hierarchical.Node.around(Node.java:137)
	at app//org.junit.platform.engine.support.hierarchical.NodeTestTask.lambda$executeRecursively$9(NodeTestTask.java:139)
	at app//org.junit.platform.engine.support.hierarchical.ThrowableCollector.execute(ThrowableCollector.java:73)
	at app//org.junit.platform.engine.support.hierarchical.NodeTestTask.executeRecursively(NodeTestTask.java:138)
	at app//org.junit.platform.engine.support.hierarchical.NodeTestTask.execute(NodeTestTask.java:95)
	at java.base@11.0.18/java.util.ArrayList.forEach(ArrayList.java:1541)
	at app//org.junit.platform.engine.support.hierarchical.SameThreadHierarchicalTestExecutorService.invokeAll(SameThreadHierarchicalTestExecutorService.java:41)
	at app//org.junit.platform.engine.support.hierarchical.NodeTestTask.lambda$executeRecursively$6(NodeTestTask.java:155)
	at app//org.junit.platform.engine.support.hierarchical.ThrowableCollector.execute(ThrowableCollector.java:73)
	at app//org.junit.platform.engine.support.hierarchical.NodeTestTask.lambda$executeRecursively$8(NodeTestTask.java:141)
	at app//org.junit.platform.engine.support.hierarchical.Node.around(Node.java:137)
	at app//org.junit.platform.engine.support.hierarchical.NodeTestTask.lambda$executeRecursively$9(NodeTestTask.java:139)
	at app//org.junit.platform.engine.support.hierarchical.ThrowableCollector.execute(ThrowableCollector.java:73)
	at app//org.junit.platform.engine.support.hierarchical.NodeTestTask.executeRecursively(NodeTestTask.java:138)
	at app//org.junit.platform.engine.support.hierarchical.NodeTestTask.execute(NodeTestTask.java:95)
	at app//org.junit.platform.engine.support.hierarchical.SameThreadHierarchicalTestExecutorService.submit(SameThreadHierarchicalTestExecutorService.java:35)
	at app//org.junit.platform.engine.support.hierarchical.HierarchicalTestExecutor.execute(HierarchicalTestExecutor.java:57)
	at app//org.junit.platform.engine.support.hierarchical.HierarchicalTestEngine.execute(HierarchicalTestEngine.java:54)
	at org.junit.platform.launcher.core.EngineExecutionOrchestrator.execute(EngineExecutionOrchestrator.java:107)
	at org.junit.platform.launcher.core.EngineExecutionOrchestrator.execute(EngineExecutionOrchestrator.java:88)
	at org.junit.platform.launcher.core.EngineExecutionOrchestrator.lambda$execute$0(EngineExecutionOrchestrator.java:54)
	at org.junit.platform.launcher.core.EngineExecutionOrchestrator.withInterceptedStreams(EngineExecutionOrchestrator.java:67)
	at org.junit.platform.launcher.core.EngineExecutionOrchestrator.execute(EngineExecutionOrchestrator.java:52)
	at org.junit.platform.launcher.core.DefaultLauncher.execute(DefaultLauncher.java:114)
	at org.junit.platform.launcher.core.DefaultLauncher.execute(DefaultLauncher.java:86)
	at org.junit.platform.launcher.core.DefaultLauncherSession$DelegatingLauncher.execute(DefaultLauncherSession.java:86)
	at org.junit.platform.launcher.core.SessionPerRequestLauncher.execute(SessionPerRequestLauncher.java:53)
	at org.gradle.api.internal.tasks.testing.junitplatform.JUnitPlatformTestClassProcessor$CollectAllTestClassesExecutor.processAllTestClasses(JUnitPlatformTestClassProcessor.java:99)
	at org.gradle.api.internal.tasks.testing.junitplatform.JUnitPlatformTestClassProcessor$CollectAllTestClassesExecutor.access$000(JUnitPlatformTestClassProcessor.java:79)
	at org.gradle.api.internal.tasks.testing.junitplatform.JUnitPlatformTestClassProcessor.stop(JUnitPlatformTestClassProcessor.java:75)
	at org.gradle.api.internal.tasks.testing.SuiteTestClassProcessor.stop(SuiteTestClassProcessor.java:62)
	at java.base@11.0.18/jdk.internal.reflect.NativeMethodAccessorImpl.invoke0(Native Method)
	at java.base@11.0.18/jdk.internal.reflect.NativeMethodAccessorImpl.invoke(NativeMethodAccessorImpl.java:62)
	at java.base@11.0.18/jdk.internal.reflect.DelegatingMethodAccessorImpl.invoke(DelegatingMethodAccessorImpl.java:43)
	at java.base@11.0.18/java.lang.reflect.Method.invoke(Method.java:566)
	at org.gradle.internal.dispatch.ReflectionDispatch.dispatch(ReflectionDispatch.java:36)
	at org.gradle.internal.dispatch.ReflectionDispatch.dispatch(ReflectionDispatch.java:24)
	at org.gradle.internal.dispatch.ContextClassLoaderDispatch.dispatch(ContextClassLoaderDispatch.java:33)
	at org.gradle.internal.dispatch.ProxyDispatchAdapter$DispatchingInvocationHandler.invoke(ProxyDispatchAdapter.java:94)
	at com.sun.proxy.$Proxy2.stop(Unknown Source)
	at org.gradle.api.internal.tasks.testing.worker.TestWorker$3.run(TestWorker.java:193)
	at org.gradle.api.internal.tasks.testing.worker.TestWorker.executeAndMaintainThreadName(TestWorker.java:129)
	at org.gradle.api.internal.tasks.testing.worker.TestWorker.execute(TestWorker.java:100)
	at org.gradle.api.internal.tasks.testing.worker.TestWorker.execute(TestWorker.java:60)
	at org.gradle.process.internal.worker.child.ActionExecutionWorker.execute(ActionExecutionWorker.java:56)
	at org.gradle.process.internal.worker.child.SystemApplicationClassLoaderWorker.call(SystemApplicationClassLoaderWorker.java:113)
	at org.gradle.process.internal.worker.child.SystemApplicationClassLoaderWorker.call(SystemApplicationClassLoaderWorker.java:65)
	at app//worker.org.gradle.process.internal.worker.GradleWorkerMain.run(GradleWorkerMain.java:69)
	at app//worker.org.gradle.process.internal.worker.GradleWorkerMain.main(GradleWorkerMain.java:74)
</failure>
  </testcase>
  <system-out><![CDATA[16:53:17,487 |-INFO in ch.qos.logback.classic.LoggerContext[default] - Could NOT find resource [logback-test.xml]
16:53:17,487 |-INFO in ch.qos.logback.classic.LoggerContext[default] - Found resource [logback.xml] at [file:/home/runner/work/key/key/key.core/build/resources/test/logback.xml]
16:53:17,572 |-INFO in ch.qos.logback.classic.joran.action.ConfigurationAction - debug attribute not set
16:53:17,572 |-INFO in ch.qos.logback.core.joran.action.AppenderAction - About to instantiate appender of type [ch.qos.logback.core.ConsoleAppender]
16:53:17,577 |-INFO in ch.qos.logback.core.joran.action.AppenderAction - Naming appender as [STDOUT]
16:53:17,583 |-ERROR in ch.qos.logback.core.joran.spi.Interpreter@3:15 - no applicable action for [file], current ElementPath  is [[configuration][appender][file]]
16:53:17,583 |-ERROR in ch.qos.logback.core.joran.spi.Interpreter@4:17 - no applicable action for [append], current ElementPath  is [[configuration][appender][append]]
16:53:17,585 |-INFO in ch.qos.logback.core.joran.action.NestedComplexPropertyIA - Assuming default type [ch.qos.logback.classic.encoder.PatternLayoutEncoder] for [encoder] property
16:53:17,598 |-INFO in ch.qos.logback.classic.joran.action.RootLoggerAction - Setting level of ROOT logger to WARN
16:53:17,598 |-INFO in ch.qos.logback.core.joran.action.AppenderRefAction - Attaching appender named [STDOUT] to Logger[ROOT]
16:53:17,598 |-INFO in ch.qos.logback.classic.joran.action.ConfigurationAction - End of configuration.
16:53:17,599 |-INFO in ch.qos.logback.classic.joran.JoranConfigurator@19fb8826 - Registering current configuration as safe fallback point

Running test newBook
16:53:17,947 |-INFO in ch.qos.logback.classic.LoggerContext[default] - Could NOT find resource [logback-test.xml]
16:53:17,948 |-INFO in ch.qos.logback.classic.LoggerContext[default] - Found resource [logback.xml] at [file:/home/runner/work/key/key/key.core/build/resources/test/logback.xml]
16:53:18,062 |-INFO in ch.qos.logback.classic.joran.action.ConfigurationAction - debug attribute not set
16:53:18,062 |-INFO in ch.qos.logback.core.joran.action.AppenderAction - About to instantiate appender of type [ch.qos.logback.core.ConsoleAppender]
16:53:18,078 |-INFO in ch.qos.logback.core.joran.action.AppenderAction - Naming appender as [STDOUT]
16:53:18,082 |-ERROR in ch.qos.logback.core.joran.spi.Interpreter@3:15 - no applicable action for [file], current ElementPath  is [[configuration][appender][file]]
16:53:18,082 |-ERROR in ch.qos.logback.core.joran.spi.Interpreter@4:17 - no applicable action for [append], current ElementPath  is [[configuration][appender][append]]
16:53:18,083 |-INFO in ch.qos.logback.core.joran.action.NestedComplexPropertyIA - Assuming default type [ch.qos.logback.classic.encoder.PatternLayoutEncoder] for [encoder] property
16:53:18,110 |-INFO in ch.qos.logback.classic.joran.action.RootLoggerAction - Setting level of ROOT logger to WARN
16:53:18,110 |-INFO in ch.qos.logback.core.joran.action.AppenderRefAction - Attaching appender named [STDOUT] to Logger[ROOT]
16:53:18,110 |-INFO in ch.qos.logback.classic.joran.action.ConfigurationAction - End of configuration.
16:53:18,112 |-INFO in ch.qos.logback.classic.joran.JoranConfigurator@2f177a4b - Registering current configuration as safe fallback point

316        WARN  main            d.u.i.k.s.ProofSettings   No proof-settings could be loaded, using defaults java.io.FileNotFoundException: /home/runner/.key/proof-settings.props (No such file or directory)
	at java.base/java.io.FileInputStream.open0(Native Method)

Returning from test newBook
Running test oldBook
16:54:14,373 |-INFO in ch.qos.logback.classic.LoggerContext[default] - Could NOT find resource [logback-test.xml]
16:54:14,374 |-INFO in ch.qos.logback.classic.LoggerContext[default] - Found resource [logback.xml] at [file:/home/runner/work/key/key/key.core/build/resources/test/logback.xml]
16:54:14,480 |-INFO in ch.qos.logback.classic.joran.action.ConfigurationAction - debug attribute not set
16:54:14,481 |-INFO in ch.qos.logback.core.joran.action.AppenderAction - About to instantiate appender of type [ch.qos.logback.core.ConsoleAppender]
16:54:14,494 |-INFO in ch.qos.logback.core.joran.action.AppenderAction - Naming appender as [STDOUT]
16:54:14,498 |-ERROR in ch.qos.logback.core.joran.spi.Interpreter@3:15 - no applicable action for [file], current ElementPath  is [[configuration][appender][file]]
16:54:14,498 |-ERROR in ch.qos.logback.core.joran.spi.Interpreter@4:17 - no applicable action for [append], current ElementPath  is [[configuration][appender][append]]
16:54:14,499 |-INFO in ch.qos.logback.core.joran.action.NestedComplexPropertyIA - Assuming default type [ch.qos.logback.classic.encoder.PatternLayoutEncoder] for [encoder] property
16:54:14,518 |-INFO in ch.qos.logback.classic.joran.action.RootLoggerAction - Setting level of ROOT logger to WARN
16:54:14,518 |-INFO in ch.qos.logback.core.joran.action.AppenderRefAction - Attaching appender named [STDOUT] to Logger[ROOT]
16:54:14,519 |-INFO in ch.qos.logback.classic.joran.action.ConfigurationAction - End of configuration.
16:54:14,520 |-INFO in ch.qos.logback.classic.joran.JoranConfigurator@29176cc1 - Registering current configuration as safe fallback point

265        WARN  main            d.u.i.k.s.ProofSettings   The settings in /home/runner/.key/proof-settings.props are *not* read. 
Returning from test oldBook
Running test comprehensions
16:54:31,729 |-INFO in ch.qos.logback.classic.LoggerContext[default] - Could NOT find resource [logback-test.xml]
16:54:31,730 |-INFO in ch.qos.logback.classic.LoggerContext[default] - Found resource [logback.xml] at [file:/home/runner/work/key/key/key.core/build/resources/test/logback.xml]
16:54:31,837 |-INFO in ch.qos.logback.classic.joran.action.ConfigurationAction - debug attribute not set
16:54:31,837 |-INFO in ch.qos.logback.core.joran.action.AppenderAction - About to instantiate appender of type [ch.qos.logback.core.ConsoleAppender]
16:54:31,849 |-INFO in ch.qos.logback.core.joran.action.AppenderAction - Naming appender as [STDOUT]
16:54:31,854 |-ERROR in ch.qos.logback.core.joran.spi.Interpreter@3:15 - no applicable action for [file], current ElementPath  is [[configuration][appender][file]]
16:54:31,854 |-ERROR in ch.qos.logback.core.joran.spi.Interpreter@4:17 - no applicable action for [append], current ElementPath  is [[configuration][appender][append]]
16:54:31,855 |-INFO in ch.qos.logback.core.joran.action.NestedComplexPropertyIA - Assuming default type [ch.qos.logback.classic.encoder.PatternLayoutEncoder] for [encoder] property
16:54:31,885 |-INFO in ch.qos.logback.classic.joran.action.RootLoggerAction - Setting level of ROOT logger to WARN
16:54:31,885 |-INFO in ch.qos.logback.core.joran.action.AppenderRefAction - Attaching appender named [STDOUT] to Logger[ROOT]
16:54:31,885 |-INFO in ch.qos.logback.classic.joran.action.ConfigurationAction - End of configuration.
16:54:31,887 |-INFO in ch.qos.logback.classic.joran.JoranConfigurator@29176cc1 - Registering current configuration as safe fallback point

289        WARN  main            d.u.i.k.s.ProofSettings   The settings in /home/runner/.key/proof-settings.props are *not* read. 
Returning from test comprehensions
Running test performance
16:55:40,871 |-INFO in ch.qos.logback.classic.LoggerContext[default] - Could NOT find resource [logback-test.xml]
16:55:40,872 |-INFO in ch.qos.logback.classic.LoggerContext[default] - Found resource [logback.xml] at [file:/home/runner/work/key/key/key.core/build/resources/test/logback.xml]
16:55:40,971 |-INFO in ch.qos.logback.classic.joran.action.ConfigurationAction - debug attribute not set
16:55:40,972 |-INFO in ch.qos.logback.core.joran.action.AppenderAction - About to instantiate appender of type [ch.qos.logback.core.ConsoleAppender]
16:55:40,987 |-INFO in ch.qos.logback.core.joran.action.AppenderAction - Naming appender as [STDOUT]
16:55:40,996 |-ERROR in ch.qos.logback.core.joran.spi.Interpreter@3:15 - no applicable action for [file], current ElementPath  is [[configuration][appender][file]]
16:55:40,996 |-ERROR in ch.qos.logback.core.joran.spi.Interpreter@4:17 - no applicable action for [append], current ElementPath  is [[configuration][appender][append]]
16:55:40,999 |-INFO in ch.qos.logback.core.joran.action.NestedComplexPropertyIA - Assuming default type [ch.qos.logback.classic.encoder.PatternLayoutEncoder] for [encoder] property
16:55:41,022 |-INFO in ch.qos.logback.classic.joran.action.RootLoggerAction - Setting level of ROOT logger to WARN
16:55:41,022 |-INFO in ch.qos.logback.core.joran.action.AppenderRefAction - Attaching appender named [STDOUT] to Logger[ROOT]
16:55:41,023 |-INFO in ch.qos.logback.classic.joran.action.ConfigurationAction - End of configuration.
16:55:41,024 |-INFO in ch.qos.logback.classic.joran.JoranConfigurator@29176cc1 - Registering current configuration as safe fallback point

291        WARN  main            d.u.i.k.s.ProofSettings   The settings in /home/runner/.key/proof-settings.props are *not* read. 
Returning from test performance
Running test performancePOConstruction
16:59:28,483 |-INFO in ch.qos.logback.classic.LoggerContext[default] - Could NOT find resource [logback-test.xml]
16:59:28,484 |-INFO in ch.qos.logback.classic.LoggerContext[default] - Found resource [logback.xml] at [file:/home/runner/work/key/key/key.core/build/resources/test/logback.xml]
16:59:28,597 |-INFO in ch.qos.logback.classic.joran.action.ConfigurationAction - debug attribute not set
16:59:28,597 |-INFO in ch.qos.logback.core.joran.action.AppenderAction - About to instantiate appender of type [ch.qos.logback.core.ConsoleAppender]
16:59:28,608 |-INFO in ch.qos.logback.core.joran.action.AppenderAction - Naming appender as [STDOUT]
16:59:28,612 |-ERROR in ch.qos.logback.core.joran.spi.Interpreter@3:15 - no applicable action for [file], current ElementPath  is [[configuration][appender][file]]
16:59:28,613 |-ERROR in ch.qos.logback.core.joran.spi.Interpreter@4:17 - no applicable action for [append], current ElementPath  is [[configuration][appender][append]]
16:59:28,614 |-INFO in ch.qos.logback.core.joran.action.NestedComplexPropertyIA - Assuming default type [ch.qos.logback.classic.encoder.PatternLayoutEncoder] for [encoder] property
16:59:28,633 |-INFO in ch.qos.logback.classic.joran.action.RootLoggerAction - Setting level of ROOT logger to WARN
16:59:28,633 |-INFO in ch.qos.logback.core.joran.action.AppenderRefAction - Attaching appender named [STDOUT] to Logger[ROOT]
16:59:28,634 |-INFO in ch.qos.logback.classic.joran.action.ConfigurationAction - End of configuration.
16:59:28,635 |-INFO in ch.qos.logback.classic.joran.JoranConfigurator@29176cc1 - Registering current configuration as safe fallback point

272        WARN  main            d.u.i.k.s.ProofSettings   The settings in /home/runner/.key/proof-settings.props are *not* read. 
Returning from test performancePOConstruction
Running test applicationRestrictions
17:00:44,386 |-INFO in ch.qos.logback.classic.LoggerContext[default] - Could NOT find resource [logback-test.xml]
17:00:44,386 |-INFO in ch.qos.logback.classic.LoggerContext[default] - Found resource [logback.xml] at [file:/home/runner/work/key/key/key.core/build/resources/test/logback.xml]
17:00:44,515 |-INFO in ch.qos.logback.classic.joran.action.ConfigurationAction - debug attribute not set
17:00:44,517 |-INFO in ch.qos.logback.core.joran.action.AppenderAction - About to instantiate appender of type [ch.qos.logback.core.ConsoleAppender]
17:00:44,529 |-INFO in ch.qos.logback.core.joran.action.AppenderAction - Naming appender as [STDOUT]
17:00:44,533 |-ERROR in ch.qos.logback.core.joran.spi.Interpreter@3:15 - no applicable action for [file], current ElementPath  is [[configuration][appender][file]]
17:00:44,533 |-ERROR in ch.qos.logback.core.joran.spi.Interpreter@4:17 - no applicable action for [append], current ElementPath  is [[configuration][appender][append]]
17:00:44,536 |-INFO in ch.qos.logback.core.joran.action.NestedComplexPropertyIA - Assuming default type [ch.qos.logback.classic.encoder.PatternLayoutEncoder] for [encoder] property
17:00:44,566 |-INFO in ch.qos.logback.classic.joran.action.RootLoggerAction - Setting level of ROOT logger to WARN
17:00:44,566 |-INFO in ch.qos.logback.core.joran.action.AppenderRefAction - Attaching appender named [STDOUT] to Logger[ROOT]
17:00:44,567 |-INFO in ch.qos.logback.classic.joran.action.ConfigurationAction - End of configuration.
17:00:44,569 |-INFO in ch.qos.logback.classic.joran.JoranConfigurator@29176cc1 - Registering current configuration as safe fallback point

333        WARN  main            d.u.i.k.s.ProofSettings   The settings in /home/runner/.key/proof-settings.props are *not* read. 
Returning from test applicationRestrictions
Running test blockContracts
17:01:36,936 |-INFO in ch.qos.logback.classic.LoggerContext[default] - Could NOT find resource [logback-test.xml]
17:01:36,937 |-INFO in ch.qos.logback.classic.LoggerContext[default] - Found resource [logback.xml] at [file:/home/runner/work/key/key/key.core/build/resources/test/logback.xml]
17:01:37,034 |-INFO in ch.qos.logback.classic.joran.action.ConfigurationAction - debug attribute not set
17:01:37,034 |-INFO in ch.qos.logback.core.joran.action.AppenderAction - About to instantiate appender of type [ch.qos.logback.core.ConsoleAppender]
17:01:37,046 |-INFO in ch.qos.logback.core.joran.action.AppenderAction - Naming appender as [STDOUT]
17:01:37,050 |-ERROR in ch.qos.logback.core.joran.spi.Interpreter@3:15 - no applicable action for [file], current ElementPath  is [[configuration][appender][file]]
17:01:37,050 |-ERROR in ch.qos.logback.core.joran.spi.Interpreter@4:17 - no applicable action for [append], current ElementPath  is [[configuration][appender][append]]
17:01:37,052 |-INFO in ch.qos.logback.core.joran.action.NestedComplexPropertyIA - Assuming default type [ch.qos.logback.classic.encoder.PatternLayoutEncoder] for [encoder] property
17:01:37,087 |-INFO in ch.qos.logback.classic.joran.action.RootLoggerAction - Setting level of ROOT logger to WARN
17:01:37,087 |-INFO in ch.qos.logback.core.joran.action.AppenderRefAction - Attaching appender named [STDOUT] to Logger[ROOT]
17:01:37,088 |-INFO in ch.qos.logback.classic.joran.action.ConfigurationAction - End of configuration.
17:01:37,090 |-INFO in ch.qos.logback.classic.joran.JoranConfigurator@29176cc1 - Registering current configuration as safe fallback point

310        WARN  main            d.u.i.k.s.ProofSettings   The settings in /home/runner/.key/proof-settings.props are *not* read. 
Returning from test blockContracts
Running test jmlAsserts
17:03:54,778 |-INFO in ch.qos.logback.classic.LoggerContext[default] - Could NOT find resource [logback-test.xml]
17:03:54,779 |-INFO in ch.qos.logback.classic.LoggerContext[default] - Found resource [logback.xml] at [file:/home/runner/work/key/key/key.core/build/resources/test/logback.xml]
17:03:54,893 |-INFO in ch.qos.logback.classic.joran.action.ConfigurationAction - debug attribute not set
17:03:54,893 |-INFO in ch.qos.logback.core.joran.action.AppenderAction - About to instantiate appender of type [ch.qos.logback.core.ConsoleAppender]
17:03:54,905 |-INFO in ch.qos.logback.core.joran.action.AppenderAction - Naming appender as [STDOUT]
17:03:54,909 |-ERROR in ch.qos.logback.core.joran.spi.Interpreter@3:15 - no applicable action for [file], current ElementPath  is [[configuration][appender][file]]
17:03:54,909 |-ERROR in ch.qos.logback.core.joran.spi.Interpreter@4:17 - no applicable action for [append], current ElementPath  is [[configuration][appender][append]]
17:03:54,911 |-INFO in ch.qos.logback.core.joran.action.NestedComplexPropertyIA - Assuming default type [ch.qos.logback.classic.encoder.PatternLayoutEncoder] for [encoder] property
17:03:54,931 |-INFO in ch.qos.logback.classic.joran.action.RootLoggerAction - Setting level of ROOT logger to WARN
17:03:54,931 |-INFO in ch.qos.logback.core.joran.action.AppenderRefAction - Attaching appender named [STDOUT] to Logger[ROOT]
17:03:54,931 |-INFO in ch.qos.logback.classic.joran.action.ConfigurationAction - End of configuration.
17:03:54,933 |-INFO in ch.qos.logback.classic.joran.JoranConfigurator@2f177a4b - Registering current configuration as safe fallback point

317        WARN  main            d.u.i.k.s.ProofSettings   The settings in /home/runner/.key/proof-settings.props are *not* read. 
Returning from test jmlAsserts
Running test javaCard
17:05:28,524 |-INFO in ch.qos.logback.classic.LoggerContext[default] - Could NOT find resource [logback-test.xml]
17:05:28,524 |-INFO in ch.qos.logback.classic.LoggerContext[default] - Found resource [logback.xml] at [file:/home/runner/work/key/key/key.core/build/resources/test/logback.xml]
17:05:28,630 |-INFO in ch.qos.logback.classic.joran.action.ConfigurationAction - debug attribute not set
17:05:28,630 |-INFO in ch.qos.logback.core.joran.action.AppenderAction - About to instantiate appender of type [ch.qos.logback.core.ConsoleAppender]
17:05:28,641 |-INFO in ch.qos.logback.core.joran.action.AppenderAction - Naming appender as [STDOUT]
17:05:28,645 |-ERROR in ch.qos.logback.core.joran.spi.Interpreter@3:15 - no applicable action for [file], current ElementPath  is [[configuration][appender][file]]
17:05:28,645 |-ERROR in ch.qos.logback.core.joran.spi.Interpreter@4:17 - no applicable action for [append], current ElementPath  is [[configuration][appender][append]]
17:05:28,646 |-INFO in ch.qos.logback.core.joran.action.NestedComplexPropertyIA - Assuming default type [ch.qos.logback.classic.encoder.PatternLayoutEncoder] for [encoder] property
17:05:28,665 |-INFO in ch.qos.logback.classic.joran.action.RootLoggerAction - Setting level of ROOT logger to WARN
17:05:28,665 |-INFO in ch.qos.logback.core.joran.action.AppenderRefAction - Attaching appender named [STDOUT] to Logger[ROOT]
17:05:28,666 |-INFO in ch.qos.logback.classic.joran.action.ConfigurationAction - End of configuration.
17:05:28,667 |-INFO in ch.qos.logback.classic.joran.JoranConfigurator@29176cc1 - Registering current configuration as safe fallback point

276        WARN  main            d.u.i.k.s.ProofSettings   The settings in /home/runner/.key/proof-settings.props are *not* read. 
Returning from test javaCard
Running test project.key
17:06:01,487 |-INFO in ch.qos.logback.classic.LoggerContext[default] - Could NOT find resource [logback-test.xml]
17:06:01,487 |-INFO in ch.qos.logback.classic.LoggerContext[default] - Found resource [logback.xml] at [file:/home/runner/work/key/key/key.core/build/resources/test/logback.xml]
17:06:01,619 |-INFO in ch.qos.logback.classic.joran.action.ConfigurationAction - debug attribute not set
17:06:01,620 |-INFO in ch.qos.logback.core.joran.action.AppenderAction - About to instantiate appender of type [ch.qos.logback.core.ConsoleAppender]
17:06:01,629 |-INFO in ch.qos.logback.core.joran.action.AppenderAction - Naming appender as [STDOUT]
17:06:01,633 |-ERROR in ch.qos.logback.core.joran.spi.Interpreter@3:15 - no applicable action for [file], current ElementPath  is [[configuration][appender][file]]
17:06:01,634 |-ERROR in ch.qos.logback.core.joran.spi.Interpreter@4:17 - no applicable action for [append], current ElementPath  is [[configuration][appender][append]]
17:06:01,635 |-INFO in ch.qos.logback.core.joran.action.NestedComplexPropertyIA - Assuming default type [ch.qos.logback.classic.encoder.PatternLayoutEncoder] for [encoder] property
17:06:01,654 |-INFO in ch.qos.logback.classic.joran.action.RootLoggerAction - Setting level of ROOT logger to WARN
17:06:01,654 |-INFO in ch.qos.logback.core.joran.action.AppenderRefAction - Attaching appender named [STDOUT] to Logger[ROOT]
17:06:01,655 |-INFO in ch.qos.logback.classic.joran.action.ConfigurationAction - End of configuration.
17:06:01,656 |-INFO in ch.qos.logback.classic.joran.JoranConfigurator@29176cc1 - Registering current configuration as safe fallback point

309        WARN  main            d.u.i.k.s.ProofSettings   The settings in /home/runner/.key/proof-settings.props are *not* read. 
Returning from test project.key
Running test project.key#1
17:06:36,143 |-INFO in ch.qos.logback.classic.LoggerContext[default] - Could NOT find resource [logback-test.xml]
17:06:36,143 |-INFO in ch.qos.logback.classic.LoggerContext[default] - Found resource [logback.xml] at [file:/home/runner/work/key/key/key.core/build/resources/test/logback.xml]
17:06:36,248 |-INFO in ch.qos.logback.classic.joran.action.ConfigurationAction - debug attribute not set
17:06:36,248 |-INFO in ch.qos.logback.core.joran.action.AppenderAction - About to instantiate appender of type [ch.qos.logback.core.ConsoleAppender]
17:06:36,258 |-INFO in ch.qos.logback.core.joran.action.AppenderAction - Naming appender as [STDOUT]
17:06:36,263 |-ERROR in ch.qos.logback.core.joran.spi.Interpreter@3:15 - no applicable action for [file], current ElementPath  is [[configuration][appender][file]]
17:06:36,263 |-ERROR in ch.qos.logback.core.joran.spi.Interpreter@4:17 - no applicable action for [append], current ElementPath  is [[configuration][appender][append]]
17:06:36,264 |-INFO in ch.qos.logback.core.joran.action.NestedComplexPropertyIA - Assuming default type [ch.qos.logback.classic.encoder.PatternLayoutEncoder] for [encoder] property
17:06:36,284 |-INFO in ch.qos.logback.classic.joran.action.RootLoggerAction - Setting level of ROOT logger to WARN
17:06:36,284 |-INFO in ch.qos.logback.core.joran.action.AppenderRefAction - Attaching appender named [STDOUT] to Logger[ROOT]
17:06:36,284 |-INFO in ch.qos.logback.classic.joran.action.ConfigurationAction - End of configuration.
17:06:36,286 |-INFO in ch.qos.logback.classic.joran.JoranConfigurator@29176cc1 - Registering current configuration as safe fallback point

295        WARN  main            d.u.i.k.s.ProofSettings   The settings in /home/runner/.key/proof-settings.props are *not* read. 
Returning from test project.key#1
Running test lcp.key
17:06:50,934 |-INFO in ch.qos.logback.classic.LoggerContext[default] - Could NOT find resource [logback-test.xml]
17:06:50,934 |-INFO in ch.qos.logback.classic.LoggerContext[default] - Found resource [logback.xml] at [file:/home/runner/work/key/key/key.core/build/resources/test/logback.xml]
17:06:51,039 |-INFO in ch.qos.logback.classic.joran.action.ConfigurationAction - debug attribute not set
17:06:51,040 |-INFO in ch.qos.logback.core.joran.action.AppenderAction - About to instantiate appender of type [ch.qos.logback.core.ConsoleAppender]
17:06:51,060 |-INFO in ch.qos.logback.core.joran.action.AppenderAction - Naming appender as [STDOUT]
17:06:51,067 |-ERROR in ch.qos.logback.core.joran.spi.Interpreter@3:15 - no applicable action for [file], current ElementPath  is [[configuration][appender][file]]
17:06:51,067 |-ERROR in ch.qos.logback.core.joran.spi.Interpreter@4:17 - no applicable action for [append], current ElementPath  is [[configuration][appender][append]]
17:06:51,068 |-INFO in ch.qos.logback.core.joran.action.NestedComplexPropertyIA - Assuming default type [ch.qos.logback.classic.encoder.PatternLayoutEncoder] for [encoder] property
17:06:51,088 |-INFO in ch.qos.logback.classic.joran.action.RootLoggerAction - Setting level of ROOT logger to WARN
17:06:51,088 |-INFO in ch.qos.logback.core.joran.action.AppenderRefAction - Attaching appender named [STDOUT] to Logger[ROOT]
17:06:51,089 |-INFO in ch.qos.logback.classic.joran.action.ConfigurationAction - End of configuration.
17:06:51,090 |-INFO in ch.qos.logback.classic.joran.JoranConfigurator@29176cc1 - Registering current configuration as safe fallback point

292        WARN  main            d.u.i.k.s.ProofSettings   The settings in /home/runner/.key/proof-settings.props are *not* read. 
Returning from test lcp.key
Running test project.key#2
17:07:06,730 |-INFO in ch.qos.logback.classic.LoggerContext[default] - Could NOT find resource [logback-test.xml]
17:07:06,731 |-INFO in ch.qos.logback.classic.LoggerContext[default] - Found resource [logback.xml] at [file:/home/runner/work/key/key/key.core/build/resources/test/logback.xml]
17:07:06,826 |-INFO in ch.qos.logback.classic.joran.action.ConfigurationAction - debug attribute not set
17:07:06,827 |-INFO in ch.qos.logback.core.joran.action.AppenderAction - About to instantiate appender of type [ch.qos.logback.core.ConsoleAppender]
17:07:06,837 |-INFO in ch.qos.logback.core.joran.action.AppenderAction - Naming appender as [STDOUT]
17:07:06,841 |-ERROR in ch.qos.logback.core.joran.spi.Interpreter@3:15 - no applicable action for [file], current ElementPath  is [[configuration][appender][file]]
17:07:06,841 |-ERROR in ch.qos.logback.core.joran.spi.Interpreter@4:17 - no applicable action for [append], current ElementPath  is [[configuration][appender][append]]
17:07:06,842 |-INFO in ch.qos.logback.core.joran.action.NestedComplexPropertyIA - Assuming default type [ch.qos.logback.classic.encoder.PatternLayoutEncoder] for [encoder] property
17:07:06,862 |-INFO in ch.qos.logback.classic.joran.action.RootLoggerAction - Setting level of ROOT logger to WARN
17:07:06,862 |-INFO in ch.qos.logback.core.joran.action.AppenderRefAction - Attaching appender named [STDOUT] to Logger[ROOT]
17:07:06,863 |-INFO in ch.qos.logback.classic.joran.action.ConfigurationAction - End of configuration.
17:07:06,864 |-INFO in ch.qos.logback.classic.joran.JoranConfigurator@29176cc1 - Registering current configuration as safe fallback point

274        WARN  main            d.u.i.k.s.ProofSettings   The settings in /home/runner/.key/proof-settings.props are *not* read. 
Returning from test project.key#2
Running test ArrayList_contains.key
17:07:25,344 |-INFO in ch.qos.logback.classic.LoggerContext[default] - Could NOT find resource [logback-test.xml]
17:07:25,345 |-INFO in ch.qos.logback.classic.LoggerContext[default] - Found resource [logback.xml] at [file:/home/runner/work/key/key/key.core/build/resources/test/logback.xml]
17:07:25,444 |-INFO in ch.qos.logback.classic.joran.action.ConfigurationAction - debug attribute not set
17:07:25,444 |-INFO in ch.qos.logback.core.joran.action.AppenderAction - About to instantiate appender of type [ch.qos.logback.core.ConsoleAppender]
17:07:25,454 |-INFO in ch.qos.logback.core.joran.action.AppenderAction - Naming appender as [STDOUT]
17:07:25,459 |-ERROR in ch.qos.logback.core.joran.spi.Interpreter@3:15 - no applicable action for [file], current ElementPath  is [[configuration][appender][file]]
17:07:25,459 |-ERROR in ch.qos.logback.core.joran.spi.Interpreter@4:17 - no applicable action for [append], current ElementPath  is [[configuration][appender][append]]
17:07:25,463 |-INFO in ch.qos.logback.core.joran.action.NestedComplexPropertyIA - Assuming default type [ch.qos.logback.classic.encoder.PatternLayoutEncoder] for [encoder] property
17:07:25,505 |-INFO in ch.qos.logback.classic.joran.action.RootLoggerAction - Setting level of ROOT logger to WARN
17:07:25,505 |-INFO in ch.qos.logback.core.joran.action.AppenderRefAction - Attaching appender named [STDOUT] to Logger[ROOT]
17:07:25,506 |-INFO in ch.qos.logback.classic.joran.action.ConfigurationAction - End of configuration.
17:07:25,508 |-INFO in ch.qos.logback.classic.joran.JoranConfigurator@29176cc1 - Registering current configuration as safe fallback point

314        WARN  main            d.u.i.k.s.ProofSettings   The settings in /home/runner/.key/proof-settings.props are *not* read. 
Returning from test ArrayList_contains.key
Running test ArrayList_get.key
17:07:40,269 |-INFO in ch.qos.logback.classic.LoggerContext[default] - Could NOT find resource [logback-test.xml]
17:07:40,269 |-INFO in ch.qos.logback.classic.LoggerContext[default] - Found resource [logback.xml] at [file:/home/runner/work/key/key/key.core/build/resources/test/logback.xml]
17:07:40,374 |-INFO in ch.qos.logback.classic.joran.action.ConfigurationAction - debug attribute not set
17:07:40,375 |-INFO in ch.qos.logback.core.joran.action.AppenderAction - About to instantiate appender of type [ch.qos.logback.core.ConsoleAppender]
17:07:40,390 |-INFO in ch.qos.logback.core.joran.action.AppenderAction - Naming appender as [STDOUT]
17:07:40,396 |-ERROR in ch.qos.logback.core.joran.spi.Interpreter@3:15 - no applicable action for [file], current ElementPath  is [[configuration][appender][file]]
17:07:40,397 |-ERROR in ch.qos.logback.core.joran.spi.Interpreter@4:17 - no applicable action for [append], current ElementPath  is [[configuration][appender][append]]
17:07:40,398 |-INFO in ch.qos.logback.core.joran.action.NestedComplexPropertyIA - Assuming default type [ch.qos.logback.classic.encoder.PatternLayoutEncoder] for [encoder] property
17:07:40,417 |-INFO in ch.qos.logback.classic.joran.action.RootLoggerAction - Setting level of ROOT logger to WARN
17:07:40,417 |-INFO in ch.qos.logback.core.joran.action.AppenderRefAction - Attaching appender named [STDOUT] to Logger[ROOT]
17:07:40,418 |-INFO in ch.qos.logback.classic.joran.action.ConfigurationAction - End of configuration.
17:07:40,419 |-INFO in ch.qos.logback.classic.joran.JoranConfigurator@29176cc1 - Registering current configuration as safe fallback point

284        WARN  main            d.u.i.k.s.ProofSettings   The settings in /home/runner/.key/proof-settings.props are *not* read. 
Returning from test ArrayList_get.key
Running test ArrayList_size.key
17:07:55,896 |-INFO in ch.qos.logback.classic.LoggerContext[default] - Could NOT find resource [logback-test.xml]
17:07:55,896 |-INFO in ch.qos.logback.classic.LoggerContext[default] - Found resource [logback.xml] at [file:/home/runner/work/key/key/key.core/build/resources/test/logback.xml]
17:07:55,998 |-INFO in ch.qos.logback.classic.joran.action.ConfigurationAction - debug attribute not set
17:07:55,998 |-INFO in ch.qos.logback.core.joran.action.AppenderAction - About to instantiate appender of type [ch.qos.logback.core.ConsoleAppender]
17:07:56,011 |-INFO in ch.qos.logback.core.joran.action.AppenderAction - Naming appender as [STDOUT]
17:07:56,015 |-ERROR in ch.qos.logback.core.joran.spi.Interpreter@3:15 - no applicable action for [file], current ElementPath  is [[configuration][appender][file]]
17:07:56,015 |-ERROR in ch.qos.logback.core.joran.spi.Interpreter@4:17 - no applicable action for [append], current ElementPath  is [[configuration][appender][append]]
17:07:56,017 |-INFO in ch.qos.logback.core.joran.action.NestedComplexPropertyIA - Assuming default type [ch.qos.logback.classic.encoder.PatternLayoutEncoder] for [encoder] property
17:07:56,036 |-INFO in ch.qos.logback.classic.joran.action.RootLoggerAction - Setting level of ROOT logger to WARN
17:07:56,036 |-INFO in ch.qos.logback.core.joran.action.AppenderRefAction - Attaching appender named [STDOUT] to Logger[ROOT]
17:07:56,036 |-INFO in ch.qos.logback.classic.joran.action.ConfigurationAction - End of configuration.
17:07:56,037 |-INFO in ch.qos.logback.classic.joran.JoranConfigurator@29176cc1 - Registering current configuration as safe fallback point

280        WARN  main            d.u.i.k.s.ProofSettings   The settings in /home/runner/.key/proof-settings.props are *not* read. 
Returning from test ArrayList_size.key
Running test UpdateAbstraction_ex7_3_secure.key
17:08:10,265 |-INFO in ch.qos.logback.classic.LoggerContext[default] - Could NOT find resource [logback-test.xml]
17:08:10,265 |-INFO in ch.qos.logback.classic.LoggerContext[default] - Found resource [logback.xml] at [file:/home/runner/work/key/key/key.core/build/resources/test/logback.xml]
17:08:10,372 |-INFO in ch.qos.logback.classic.joran.action.ConfigurationAction - debug attribute not set
17:08:10,374 |-INFO in ch.qos.logback.core.joran.action.AppenderAction - About to instantiate appender of type [ch.qos.logback.core.ConsoleAppender]
17:08:10,387 |-INFO in ch.qos.logback.core.joran.action.AppenderAction - Naming appender as [STDOUT]
17:08:10,391 |-ERROR in ch.qos.logback.core.joran.spi.Interpreter@3:15 - no applicable action for [file], current ElementPath  is [[configuration][appender][file]]
17:08:10,391 |-ERROR in ch.qos.logback.core.joran.spi.Interpreter@4:17 - no applicable action for [append], current ElementPath  is [[configuration][appender][append]]
17:08:10,392 |-INFO in ch.qos.logback.core.joran.action.NestedComplexPropertyIA - Assuming default type [ch.qos.logback.classic.encoder.PatternLayoutEncoder] for [encoder] property
17:08:10,412 |-INFO in ch.qos.logback.classic.joran.action.RootLoggerAction - Setting level of ROOT logger to WARN
17:08:10,412 |-INFO in ch.qos.logback.core.joran.action.AppenderRefAction - Attaching appender named [STDOUT] to Logger[ROOT]
17:08:10,413 |-INFO in ch.qos.logback.classic.joran.action.ConfigurationAction - End of configuration.
17:08:10,414 |-INFO in ch.qos.logback.classic.joran.JoranConfigurator@29176cc1 - Registering current configuration as safe fallback point

296        WARN  main            d.u.i.k.s.ProofSettings   The settings in /home/runner/.key/proof-settings.props are *not* read. 
Returning from test UpdateAbstraction_ex7_3_secure.key
Running test UpdateAbstraction_ex7_4_secure.key
17:08:23,234 |-INFO in ch.qos.logback.classic.LoggerContext[default] - Could NOT find resource [logback-test.xml]
17:08:23,234 |-INFO in ch.qos.logback.classic.LoggerContext[default] - Found resource [logback.xml] at [file:/home/runner/work/key/key/key.core/build/resources/test/logback.xml]
17:08:23,352 |-INFO in ch.qos.logback.classic.joran.action.ConfigurationAction - debug attribute not set
17:08:23,352 |-INFO in ch.qos.logback.core.joran.action.AppenderAction - About to instantiate appender of type [ch.qos.logback.core.ConsoleAppender]
17:08:23,365 |-INFO in ch.qos.logback.core.joran.action.AppenderAction - Naming appender as [STDOUT]
17:08:23,374 |-ERROR in ch.qos.logback.core.joran.spi.Interpreter@3:15 - no applicable action for [file], current ElementPath  is [[configuration][appender][file]]
17:08:23,374 |-ERROR in ch.qos.logback.core.joran.spi.Interpreter@4:17 - no applicable action for [append], current ElementPath  is [[configuration][appender][append]]
17:08:23,377 |-INFO in ch.qos.logback.core.joran.action.NestedComplexPropertyIA - Assuming default type [ch.qos.logback.classic.encoder.PatternLayoutEncoder] for [encoder] property
17:08:23,401 |-INFO in ch.qos.logback.classic.joran.action.RootLoggerAction - Setting level of ROOT logger to WARN
17:08:23,401 |-INFO in ch.qos.logback.core.joran.action.AppenderRefAction - Attaching appender named [STDOUT] to Logger[ROOT]
17:08:23,401 |-INFO in ch.qos.logback.classic.joran.action.ConfigurationAction - End of configuration.
17:08:23,402 |-INFO in ch.qos.logback.classic.joran.JoranConfigurator@29176cc1 - Registering current configuration as safe fallback point

296        WARN  main            d.u.i.k.s.ProofSettings   The settings in /home/runner/.key/proof-settings.props are *not* read. 
Returning from test UpdateAbstraction_ex7_4_secure.key
Running test UpdateAbstraction_ex7_5_secure.key
17:08:36,467 |-INFO in ch.qos.logback.classic.LoggerContext[default] - Could NOT find resource [logback-test.xml]
17:08:36,468 |-INFO in ch.qos.logback.classic.LoggerContext[default] - Found resource [logback.xml] at [file:/home/runner/work/key/key/key.core/build/resources/test/logback.xml]
17:08:36,585 |-INFO in ch.qos.logback.classic.joran.action.ConfigurationAction - debug attribute not set
17:08:36,586 |-INFO in ch.qos.logback.core.joran.action.AppenderAction - About to instantiate appender of type [ch.qos.logback.core.ConsoleAppender]
17:08:36,603 |-INFO in ch.qos.logback.core.joran.action.AppenderAction - Naming appender as [STDOUT]
17:08:36,610 |-ERROR in ch.qos.logback.core.joran.spi.Interpreter@3:15 - no applicable action for [file], current ElementPath  is [[configuration][appender][file]]
17:08:36,610 |-ERROR in ch.qos.logback.core.joran.spi.Interpreter@4:17 - no applicable action for [append], current ElementPath  is [[configuration][appender][append]]
17:08:36,611 |-INFO in ch.qos.logback.core.joran.action.NestedComplexPropertyIA - Assuming default type [ch.qos.logback.classic.encoder.PatternLayoutEncoder] for [encoder] property
17:08:36,629 |-INFO in ch.qos.logback.classic.joran.action.RootLoggerAction - Setting level of ROOT logger to WARN
17:08:36,629 |-INFO in ch.qos.logback.core.joran.action.AppenderRefAction - Attaching appender named [STDOUT] to Logger[ROOT]
17:08:36,630 |-INFO in ch.qos.logback.classic.joran.action.ConfigurationAction - End of configuration.
17:08:36,631 |-INFO in ch.qos.logback.classic.joran.JoranConfigurator@29176cc1 - Registering current configuration as safe fallback point

300        WARN  main            d.u.i.k.s.ProofSettings   The settings in /home/runner/.key/proof-settings.props are *not* read. 
Returning from test UpdateAbstraction_ex7_5_secure.key
Running test UpdateAbstraction_ex7_6_secure.key
17:08:49,351 |-INFO in ch.qos.logback.classic.LoggerContext[default] - Could NOT find resource [logback-test.xml]
17:08:49,353 |-INFO in ch.qos.logback.classic.LoggerContext[default] - Found resource [logback.xml] at [file:/home/runner/work/key/key/key.core/build/resources/test/logback.xml]
17:08:49,455 |-INFO in ch.qos.logback.classic.joran.action.ConfigurationAction - debug attribute not set
17:08:49,455 |-INFO in ch.qos.logback.core.joran.action.AppenderAction - About to instantiate appender of type [ch.qos.logback.core.ConsoleAppender]
17:08:49,466 |-INFO in ch.qos.logback.core.joran.action.AppenderAction - Naming appender as [STDOUT]
17:08:49,470 |-ERROR in ch.qos.logback.core.joran.spi.Interpreter@3:15 - no applicable action for [file], current ElementPath  is [[configuration][appender][file]]
17:08:49,470 |-ERROR in ch.qos.logback.core.joran.spi.Interpreter@4:17 - no applicable action for [append], current ElementPath  is [[configuration][appender][append]]
17:08:49,471 |-INFO in ch.qos.logback.core.joran.action.NestedComplexPropertyIA - Assuming default type [ch.qos.logback.classic.encoder.PatternLayoutEncoder] for [encoder] property
17:08:49,491 |-INFO in ch.qos.logback.classic.joran.action.RootLoggerAction - Setting level of ROOT logger to WARN
17:08:49,491 |-INFO in ch.qos.logback.core.joran.action.AppenderRefAction - Attaching appender named [STDOUT] to Logger[ROOT]
17:08:49,491 |-INFO in ch.qos.logback.classic.joran.action.ConfigurationAction - End of configuration.
17:08:49,493 |-INFO in ch.qos.logback.classic.joran.JoranConfigurator@29176cc1 - Registering current configuration as safe fallback point

291        WARN  main            d.u.i.k.s.ProofSettings   The settings in /home/runner/.key/proof-settings.props are *not* read. 
Returning from test UpdateAbstraction_ex7_6_secure.key
Running test UpdateAbstraction_ex9_secure.key
17:09:03,307 |-INFO in ch.qos.logback.classic.LoggerContext[default] - Could NOT find resource [logback-test.xml]
17:09:03,308 |-INFO in ch.qos.logback.classic.LoggerContext[default] - Found resource [logback.xml] at [file:/home/runner/work/key/key/key.core/build/resources/test/logback.xml]
17:09:03,424 |-INFO in ch.qos.logback.classic.joran.action.ConfigurationAction - debug attribute not set
17:09:03,425 |-INFO in ch.qos.logback.core.joran.action.AppenderAction - About to instantiate appender of type [ch.qos.logback.core.ConsoleAppender]
17:09:03,438 |-INFO in ch.qos.logback.core.joran.action.AppenderAction - Naming appender as [STDOUT]
17:09:03,447 |-ERROR in ch.qos.logback.core.joran.spi.Interpreter@3:15 - no applicable action for [file], current ElementPath  is [[configuration][appender][file]]
17:09:03,447 |-ERROR in ch.qos.logback.core.joran.spi.Interpreter@4:17 - no applicable action for [append], current ElementPath  is [[configuration][appender][append]]
17:09:03,448 |-INFO in ch.qos.logback.core.joran.action.NestedComplexPropertyIA - Assuming default type [ch.qos.logback.classic.encoder.PatternLayoutEncoder] for [encoder] property
17:09:03,473 |-INFO in ch.qos.logback.classic.joran.action.RootLoggerAction - Setting level of ROOT logger to WARN
17:09:03,473 |-INFO in ch.qos.logback.core.joran.action.AppenderRefAction - Attaching appender named [STDOUT] to Logger[ROOT]
17:09:03,473 |-INFO in ch.qos.logback.classic.joran.action.ConfigurationAction - End of configuration.
17:09:03,475 |-INFO in ch.qos.logback.classic.joran.JoranConfigurator@29176cc1 - Registering current configuration as safe fallback point

295        WARN  main            d.u.i.k.s.ProofSettings   The settings in /home/runner/.key/proof-settings.props are *not* read. 
Returning from test UpdateAbstraction_ex9_secure.key
Running test list
17:09:13,294 |-INFO in ch.qos.logback.classic.LoggerContext[default] - Could NOT find resource [logback-test.xml]
17:09:13,294 |-INFO in ch.qos.logback.classic.LoggerContext[default] - Found resource [logback.xml] at [file:/home/runner/work/key/key/key.core/build/resources/test/logback.xml]
17:09:13,399 |-INFO in ch.qos.logback.classic.joran.action.ConfigurationAction - debug attribute not set
17:09:13,400 |-INFO in ch.qos.logback.core.joran.action.AppenderAction - About to instantiate appender of type [ch.qos.logback.core.ConsoleAppender]
17:09:13,417 |-INFO in ch.qos.logback.core.joran.action.AppenderAction - Naming appender as [STDOUT]
17:09:13,421 |-ERROR in ch.qos.logback.core.joran.spi.Interpreter@3:15 - no applicable action for [file], current ElementPath  is [[configuration][appender][file]]
17:09:13,421 |-ERROR in ch.qos.logback.core.joran.spi.Interpreter@4:17 - no applicable action for [append], current ElementPath  is [[configuration][appender][append]]
17:09:13,422 |-INFO in ch.qos.logback.core.joran.action.NestedComplexPropertyIA - Assuming default type [ch.qos.logback.classic.encoder.PatternLayoutEncoder] for [encoder] property
17:09:13,451 |-INFO in ch.qos.logback.classic.joran.action.RootLoggerAction - Setting level of ROOT logger to WARN
17:09:13,451 |-INFO in ch.qos.logback.core.joran.action.AppenderRefAction - Attaching appender named [STDOUT] to Logger[ROOT]
17:09:13,451 |-INFO in ch.qos.logback.classic.joran.action.ConfigurationAction - End of configuration.
17:09:13,453 |-INFO in ch.qos.logback.classic.joran.JoranConfigurator@29176cc1 - Registering current configuration as safe fallback point

305        WARN  main            d.u.i.k.s.ProofSettings   The settings in /home/runner/.key/proof-settings.props are *not* read. 
Returning from test list
Running test list_ghost
17:13:35,079 |-INFO in ch.qos.logback.classic.LoggerContext[default] - Could NOT find resource [logback-test.xml]
17:13:35,080 |-INFO in ch.qos.logback.classic.LoggerContext[default] - Found resource [logback.xml] at [file:/home/runner/work/key/key/key.core/build/resources/test/logback.xml]
17:13:35,183 |-INFO in ch.qos.logback.classic.joran.action.ConfigurationAction - debug attribute not set
17:13:35,183 |-INFO in ch.qos.logback.core.joran.action.AppenderAction - About to instantiate appender of type [ch.qos.logback.core.ConsoleAppender]
17:13:35,197 |-INFO in ch.qos.logback.core.joran.action.AppenderAction - Naming appender as [STDOUT]
17:13:35,202 |-ERROR in ch.qos.logback.core.joran.spi.Interpreter@3:15 - no applicable action for [file], current ElementPath  is [[configuration][appender][file]]
17:13:35,202 |-ERROR in ch.qos.logback.core.joran.spi.Interpreter@4:17 - no applicable action for [append], current ElementPath  is [[configuration][appender][append]]
17:13:35,203 |-INFO in ch.qos.logback.core.joran.action.NestedComplexPropertyIA - Assuming default type [ch.qos.logback.classic.encoder.PatternLayoutEncoder] for [encoder] property
17:13:35,224 |-INFO in ch.qos.logback.classic.joran.action.RootLoggerAction - Setting level of ROOT logger to WARN
17:13:35,224 |-INFO in ch.qos.logback.core.joran.action.AppenderRefAction - Attaching appender named [STDOUT] to Logger[ROOT]
17:13:35,224 |-INFO in ch.qos.logback.classic.joran.action.ConfigurationAction - End of configuration.
17:13:35,226 |-INFO in ch.qos.logback.classic.joran.JoranConfigurator@29176cc1 - Registering current configuration as safe fallback point

281        WARN  main            d.u.i.k.s.ProofSettings   The settings in /home/runner/.key/proof-settings.props are *not* read. 
Returning from test list_ghost
Running test list_recursive
17:14:43,115 |-INFO in ch.qos.logback.classic.LoggerContext[default] - Could NOT find resource [logback-test.xml]
17:14:43,115 |-INFO in ch.qos.logback.classic.LoggerContext[default] - Found resource [logback.xml] at [file:/home/runner/work/key/key/key.core/build/resources/test/logback.xml]
17:14:43,220 |-INFO in ch.qos.logback.classic.joran.action.ConfigurationAction - debug attribute not set
17:14:43,220 |-INFO in ch.qos.logback.core.joran.action.AppenderAction - About to instantiate appender of type [ch.qos.logback.core.ConsoleAppender]
17:14:43,230 |-INFO in ch.qos.logback.core.joran.action.AppenderAction - Naming appender as [STDOUT]
17:14:43,234 |-ERROR in ch.qos.logback.core.joran.spi.Interpreter@3:15 - no applicable action for [file], current ElementPath  is [[configuration][appender][file]]
17:14:43,235 |-ERROR in ch.qos.logback.core.joran.spi.Interpreter@4:17 - no applicable action for [append], current ElementPath  is [[configuration][appender][append]]
17:14:43,236 |-INFO in ch.qos.logback.core.joran.action.NestedComplexPropertyIA - Assuming default type [ch.qos.logback.classic.encoder.PatternLayoutEncoder] for [encoder] property
17:14:43,256 |-INFO in ch.qos.logback.classic.joran.action.RootLoggerAction - Setting level of ROOT logger to WARN
17:14:43,256 |-INFO in ch.qos.logback.core.joran.action.AppenderRefAction - Attaching appender named [STDOUT] to Logger[ROOT]
17:14:43,256 |-INFO in ch.qos.logback.classic.joran.action.ConfigurationAction - End of configuration.
17:14:43,258 |-INFO in ch.qos.logback.classic.joran.JoranConfigurator@29176cc1 - Registering current configuration as safe fallback point

286        WARN  main            d.u.i.k.s.ProofSettings   The settings in /home/runner/.key/proof-settings.props are *not* read. 
Returning from test list_recursive
Running test list_seq
17:15:05,495 |-INFO in ch.qos.logback.classic.LoggerContext[default] - Could NOT find resource [logback-test.xml]
17:15:05,495 |-INFO in ch.qos.logback.classic.LoggerContext[default] - Found resource [logback.xml] at [file:/home/runner/work/key/key/key.core/build/resources/test/logback.xml]
17:15:05,611 |-INFO in ch.qos.logback.classic.joran.action.ConfigurationAction - debug attribute not set
17:15:05,612 |-INFO in ch.qos.logback.core.joran.action.AppenderAction - About to instantiate appender of type [ch.qos.logback.core.ConsoleAppender]
17:15:05,623 |-INFO in ch.qos.logback.core.joran.action.AppenderAction - Naming appender as [STDOUT]
17:15:05,627 |-ERROR in ch.qos.logback.core.joran.spi.Interpreter@3:15 - no applicable action for [file], current ElementPath  is [[configuration][appender][file]]
17:15:05,627 |-ERROR in ch.qos.logback.core.joran.spi.Interpreter@4:17 - no applicable action for [append], current ElementPath  is [[configuration][appender][append]]
17:15:05,628 |-INFO in ch.qos.logback.core.joran.action.NestedComplexPropertyIA - Assuming default type [ch.qos.logback.classic.encoder.PatternLayoutEncoder] for [encoder] property
17:15:05,648 |-INFO in ch.qos.logback.classic.joran.action.RootLoggerAction - Setting level of ROOT logger to WARN
17:15:05,648 |-INFO in ch.qos.logback.core.joran.action.AppenderRefAction - Attaching appender named [STDOUT] to Logger[ROOT]
17:15:05,649 |-INFO in ch.qos.logback.classic.joran.action.ConfigurationAction - End of configuration.
17:15:05,650 |-INFO in ch.qos.logback.classic.joran.JoranConfigurator@29176cc1 - Registering current configuration as safe fallback point

279        WARN  main            d.u.i.k.s.ProofSettings   The settings in /home/runner/.key/proof-settings.props are *not* read. 
Returning from test list_seq
Running test observer
17:17:36,523 |-INFO in ch.qos.logback.classic.LoggerContext[default] - Could NOT find resource [logback-test.xml]
17:17:36,524 |-INFO in ch.qos.logback.classic.LoggerContext[default] - Found resource [logback.xml] at [file:/home/runner/work/key/key/key.core/build/resources/test/logback.xml]
17:17:36,622 |-INFO in ch.qos.logback.classic.joran.action.ConfigurationAction - debug attribute not set
17:17:36,623 |-INFO in ch.qos.logback.core.joran.action.AppenderAction - About to instantiate appender of type [ch.qos.logback.core.ConsoleAppender]
17:17:36,637 |-INFO in ch.qos.logback.core.joran.action.AppenderAction - Naming appender as [STDOUT]
17:17:36,642 |-ERROR in ch.qos.logback.core.joran.spi.Interpreter@3:15 - no applicable action for [file], current ElementPath  is [[configuration][appender][file]]
17:17:36,642 |-ERROR in ch.qos.logback.core.joran.spi.Interpreter@4:17 - no applicable action for [append], current ElementPath  is [[configuration][appender][append]]
17:17:36,643 |-INFO in ch.qos.logback.core.joran.action.NestedComplexPropertyIA - Assuming default type [ch.qos.logback.classic.encoder.PatternLayoutEncoder] for [encoder] property
17:17:36,663 |-INFO in ch.qos.logback.classic.joran.action.RootLoggerAction - Setting level of ROOT logger to WARN
17:17:36,663 |-INFO in ch.qos.logback.core.joran.action.AppenderRefAction - Attaching appender named [STDOUT] to Logger[ROOT]
17:17:36,663 |-INFO in ch.qos.logback.classic.joran.action.ConfigurationAction - End of configuration.
17:17:36,665 |-INFO in ch.qos.logback.classic.joran.JoranConfigurator@29176cc1 - Registering current configuration as safe fallback point

278        WARN  main            d.u.i.k.s.ProofSettings   The settings in /home/runner/.key/proof-settings.props are *not* read. 
Returning from test observer
Running test removeDups
17:19:18,859 |-INFO in ch.qos.logback.classic.LoggerContext[default] - Could NOT find resource [logback-test.xml]
17:19:18,860 |-INFO in ch.qos.logback.classic.LoggerContext[default] - Found resource [logback.xml] at [file:/home/runner/work/key/key/key.core/build/resources/test/logback.xml]
17:19:18,959 |-INFO in ch.qos.logback.classic.joran.action.ConfigurationAction - debug attribute not set
17:19:18,959 |-INFO in ch.qos.logback.core.joran.action.AppenderAction - About to instantiate appender of type [ch.qos.logback.core.ConsoleAppender]
17:19:18,978 |-INFO in ch.qos.logback.core.joran.action.AppenderAction - Naming appender as [STDOUT]
17:19:18,982 |-ERROR in ch.qos.logback.core.joran.spi.Interpreter@3:15 - no applicable action for [file], current ElementPath  is [[configuration][appender][file]]
17:19:18,983 |-ERROR in ch.qos.logback.core.joran.spi.Interpreter@4:17 - no applicable action for [append], current ElementPath  is [[configuration][appender][append]]
17:19:18,984 |-INFO in ch.qos.logback.core.joran.action.NestedComplexPropertyIA - Assuming default type [ch.qos.logback.classic.encoder.PatternLayoutEncoder] for [encoder] property
17:19:19,007 |-INFO in ch.qos.logback.classic.joran.action.RootLoggerAction - Setting level of ROOT logger to WARN
17:19:19,007 |-INFO in ch.qos.logback.core.joran.action.AppenderRefAction - Attaching appender named [STDOUT] to Logger[ROOT]
17:19:19,007 |-INFO in ch.qos.logback.classic.joran.action.ConfigurationAction - End of configuration.
17:19:19,009 |-INFO in ch.qos.logback.classic.joran.JoranConfigurator@29176cc1 - Registering current configuration as safe fallback point

289        WARN  main            d.u.i.k.s.ProofSettings   The settings in /home/runner/.key/proof-settings.props are *not* read. 
Returning from test removeDups
Running test Saddleback_search.key
17:19:59,766 |-INFO in ch.qos.logback.classic.LoggerContext[default] - Could NOT find resource [logback-test.xml]
17:19:59,767 |-INFO in ch.qos.logback.classic.LoggerContext[default] - Found resource [logback.xml] at [file:/home/runner/work/key/key/key.core/build/resources/test/logback.xml]
17:19:59,860 |-INFO in ch.qos.logback.classic.joran.action.ConfigurationAction - debug attribute not set
17:19:59,860 |-INFO in ch.qos.logback.core.joran.action.AppenderAction - About to instantiate appender of type [ch.qos.logback.core.ConsoleAppender]
17:19:59,869 |-INFO in ch.qos.logback.core.joran.action.AppenderAction - Naming appender as [STDOUT]
17:19:59,873 |-ERROR in ch.qos.logback.core.joran.spi.Interpreter@3:15 - no applicable action for [file], current ElementPath  is [[configuration][appender][file]]
17:19:59,874 |-ERROR in ch.qos.logback.core.joran.spi.Interpreter@4:17 - no applicable action for [append], current ElementPath  is [[configuration][appender][append]]
17:19:59,875 |-INFO in ch.qos.logback.core.joran.action.NestedComplexPropertyIA - Assuming default type [ch.qos.logback.classic.encoder.PatternLayoutEncoder] for [encoder] property
17:19:59,894 |-INFO in ch.qos.logback.classic.joran.action.RootLoggerAction - Setting level of ROOT logger to WARN
17:19:59,895 |-INFO in ch.qos.logback.core.joran.action.AppenderRefAction - Attaching appender named [STDOUT] to Logger[ROOT]
17:19:59,895 |-INFO in ch.qos.logback.classic.joran.action.ConfigurationAction - End of configuration.
17:19:59,896 |-INFO in ch.qos.logback.classic.joran.JoranConfigurator@2f177a4b - Registering current configuration as safe fallback point

273        WARN  main            d.u.i.k.s.ProofSettings   The settings in /home/runner/.key/proof-settings.props are *not* read. 
Returning from test Saddleback_search.key
Running test quicksort
17:21:28,175 |-INFO in ch.qos.logback.classic.LoggerContext[default] - Could NOT find resource [logback-test.xml]
17:21:28,176 |-INFO in ch.qos.logback.classic.LoggerContext[default] - Found resource [logback.xml] at [file:/home/runner/work/key/key/key.core/build/resources/test/logback.xml]
17:21:28,277 |-INFO in ch.qos.logback.classic.joran.action.ConfigurationAction - debug attribute not set
17:21:28,278 |-INFO in ch.qos.logback.core.joran.action.AppenderAction - About to instantiate appender of type [ch.qos.logback.core.ConsoleAppender]
17:21:28,294 |-INFO in ch.qos.logback.core.joran.action.AppenderAction - Naming appender as [STDOUT]
17:21:28,303 |-ERROR in ch.qos.logback.core.joran.spi.Interpreter@3:15 - no applicable action for [file], current ElementPath  is [[configuration][appender][file]]
17:21:28,303 |-ERROR in ch.qos.logback.core.joran.spi.Interpreter@4:17 - no applicable action for [append], current ElementPath  is [[configuration][appender][append]]
17:21:28,304 |-INFO in ch.qos.logback.core.joran.action.NestedComplexPropertyIA - Assuming default type [ch.qos.logback.classic.encoder.PatternLayoutEncoder] for [encoder] property
17:21:28,334 |-INFO in ch.qos.logback.classic.joran.action.RootLoggerAction - Setting level of ROOT logger to WARN
17:21:28,334 |-INFO in ch.qos.logback.core.joran.action.AppenderRefAction - Attaching appender named [STDOUT] to Logger[ROOT]
17:21:28,335 |-INFO in ch.qos.logback.classic.joran.action.ConfigurationAction - End of configuration.
17:21:28,336 |-INFO in ch.qos.logback.classic.joran.JoranConfigurator@29176cc1 - Registering current configuration as safe fallback point

306        WARN  main            d.u.i.k.s.ProofSettings   The settings in /home/runner/.key/proof-settings.props are *not* read. 
Returning from test quicksort
Running test simpleTests
17:23:11,531 |-INFO in ch.qos.logback.classic.LoggerContext[default] - Could NOT find resource [logback-test.xml]
17:23:11,532 |-INFO in ch.qos.logback.classic.LoggerContext[default] - Found resource [logback.xml] at [file:/home/runner/work/key/key/key.core/build/resources/test/logback.xml]
17:23:11,648 |-INFO in ch.qos.logback.classic.joran.action.ConfigurationAction - debug attribute not set
17:23:11,648 |-INFO in ch.qos.logback.core.joran.action.AppenderAction - About to instantiate appender of type [ch.qos.logback.core.ConsoleAppender]
17:23:11,668 |-INFO in ch.qos.logback.core.joran.action.AppenderAction - Naming appender as [STDOUT]
17:23:11,678 |-ERROR in ch.qos.logback.core.joran.spi.Interpreter@3:15 - no applicable action for [file], current ElementPath  is [[configuration][appender][file]]
17:23:11,678 |-ERROR in ch.qos.logback.core.joran.spi.Interpreter@4:17 - no applicable action for [append], current ElementPath  is [[configuration][appender][append]]
17:23:11,679 |-INFO in ch.qos.logback.core.joran.action.NestedComplexPropertyIA - Assuming default type [ch.qos.logback.classic.encoder.PatternLayoutEncoder] for [encoder] property
17:23:11,715 |-INFO in ch.qos.logback.classic.joran.action.RootLoggerAction - Setting level of ROOT logger to WARN
17:23:11,715 |-INFO in ch.qos.logback.core.joran.action.AppenderRefAction - Attaching appender named [STDOUT] to Logger[ROOT]
17:23:11,715 |-INFO in ch.qos.logback.classic.joran.action.ConfigurationAction - End of configuration.
17:23:11,717 |-INFO in ch.qos.logback.classic.joran.JoranConfigurator@29176cc1 - Registering current configuration as safe fallback point

311        WARN  main            d.u.i.k.s.ProofSettings   The settings in /home/runner/.key/proof-settings.props are *not* read. 
Returning from test simpleTests
Running test SmansEtAl
17:25:58,398 |-INFO in ch.qos.logback.classic.LoggerContext[default] - Could NOT find resource [logback-test.xml]
17:25:58,399 |-INFO in ch.qos.logback.classic.LoggerContext[default] - Found resource [logback.xml] at [file:/home/runner/work/key/key/key.core/build/resources/test/logback.xml]
17:25:58,567 |-INFO in ch.qos.logback.classic.joran.action.ConfigurationAction - debug attribute not set
17:25:58,568 |-INFO in ch.qos.logback.core.joran.action.AppenderAction - About to instantiate appender of type [ch.qos.logback.core.ConsoleAppender]
17:25:58,585 |-INFO in ch.qos.logback.core.joran.action.AppenderAction - Naming appender as [STDOUT]
17:25:58,589 |-ERROR in ch.qos.logback.core.joran.spi.Interpreter@3:15 - no applicable action for [file], current ElementPath  is [[configuration][appender][file]]
17:25:58,589 |-ERROR in ch.qos.logback.core.joran.spi.Interpreter@4:17 - no applicable action for [append], current ElementPath  is [[configuration][appender][append]]
17:25:58,590 |-INFO in ch.qos.logback.core.joran.action.NestedComplexPropertyIA - Assuming default type [ch.qos.logback.classic.encoder.PatternLayoutEncoder] for [encoder] property
17:25:58,632 |-INFO in ch.qos.logback.classic.joran.action.RootLoggerAction - Setting level of ROOT logger to WARN
17:25:58,632 |-INFO in ch.qos.logback.core.joran.action.AppenderRefAction - Attaching appender named [STDOUT] to Logger[ROOT]
17:25:58,632 |-INFO in ch.qos.logback.classic.joran.action.ConfigurationAction - End of configuration.
17:25:58,641 |-INFO in ch.qos.logback.classic.joran.JoranConfigurator@29176cc1 - Registering current configuration as safe fallback point

429        WARN  main            d.u.i.k.s.ProofSettings   The settings in /home/runner/.key/proof-settings.props are *not* read. 
Returning from test SmansEtAl
Running test VACID0
17:29:04,899 |-INFO in ch.qos.logback.classic.LoggerContext[default] - Could NOT find resource [logback-test.xml]
17:29:04,900 |-INFO in ch.qos.logback.classic.LoggerContext[default] - Found resource [logback.xml] at [file:/home/runner/work/key/key/key.core/build/resources/test/logback.xml]
17:29:05,010 |-INFO in ch.qos.logback.classic.joran.action.ConfigurationAction - debug attribute not set
17:29:05,010 |-INFO in ch.qos.logback.core.joran.action.AppenderAction - About to instantiate appender of type [ch.qos.logback.core.ConsoleAppender]
17:29:05,023 |-INFO in ch.qos.logback.core.joran.action.AppenderAction - Naming appender as [STDOUT]
17:29:05,028 |-ERROR in ch.qos.logback.core.joran.spi.Interpreter@3:15 - no applicable action for [file], current ElementPath  is [[configuration][appender][file]]
17:29:05,028 |-ERROR in ch.qos.logback.core.joran.spi.Interpreter@4:17 - no applicable action for [append], current ElementPath  is [[configuration][appender][append]]
17:29:05,030 |-INFO in ch.qos.logback.core.joran.action.NestedComplexPropertyIA - Assuming default type [ch.qos.logback.classic.encoder.PatternLayoutEncoder] for [encoder] property
17:29:05,049 |-INFO in ch.qos.logback.classic.joran.action.RootLoggerAction - Setting level of ROOT logger to WARN
17:29:05,049 |-INFO in ch.qos.logback.core.joran.action.AppenderRefAction - Attaching appender named [STDOUT] to Logger[ROOT]
17:29:05,049 |-INFO in ch.qos.logback.classic.joran.action.ConfigurationAction - End of configuration.
17:29:05,051 |-INFO in ch.qos.logback.classic.joran.JoranConfigurator@2f177a4b - Registering current configuration as safe fallback point

326        WARN  main            d.u.i.k.s.ProofSettings   The settings in /home/runner/.key/proof-settings.props are *not* read. 
Returning from test VACID0
Running test VSTTE10
17:30:24,258 |-INFO in ch.qos.logback.classic.LoggerContext[default] - Could NOT find resource [logback-test.xml]
17:30:24,258 |-INFO in ch.qos.logback.classic.LoggerContext[default] - Found resource [logback.xml] at [file:/home/runner/work/key/key/key.core/build/resources/test/logback.xml]
17:30:24,377 |-INFO in ch.qos.logback.classic.joran.action.ConfigurationAction - debug attribute not set
17:30:24,378 |-INFO in ch.qos.logback.core.joran.action.AppenderAction - About to instantiate appender of type [ch.qos.logback.core.ConsoleAppender]
17:30:24,389 |-INFO in ch.qos.logback.core.joran.action.AppenderAction - Naming appender as [STDOUT]
17:30:24,393 |-ERROR in ch.qos.logback.core.joran.spi.Interpreter@3:15 - no applicable action for [file], current ElementPath  is [[configuration][appender][file]]
17:30:24,393 |-ERROR in ch.qos.logback.core.joran.spi.Interpreter@4:17 - no applicable action for [append], current ElementPath  is [[configuration][appender][append]]
17:30:24,395 |-INFO in ch.qos.logback.core.joran.action.NestedComplexPropertyIA - Assuming default type [ch.qos.logback.classic.encoder.PatternLayoutEncoder] for [encoder] property
17:30:24,414 |-INFO in ch.qos.logback.classic.joran.action.RootLoggerAction - Setting level of ROOT logger to WARN
17:30:24,414 |-INFO in ch.qos.logback.core.joran.action.AppenderRefAction - Attaching appender named [STDOUT] to Logger[ROOT]
17:30:24,414 |-INFO in ch.qos.logback.classic.joran.action.ConfigurationAction - End of configuration.
17:30:24,416 |-INFO in ch.qos.logback.classic.joran.JoranConfigurator@29176cc1 - Registering current configuration as safe fallback point

315        WARN  main            d.u.i.k.s.ProofSettings   The settings in /home/runner/.key/proof-settings.props are *not* read. 
Returning from test VSTTE10
Running test WeideEtAl
17:33:24,595 |-INFO in ch.qos.logback.classic.LoggerContext[default] - Could NOT find resource [logback-test.xml]
17:33:24,596 |-INFO in ch.qos.logback.classic.LoggerContext[default] - Found resource [logback.xml] at [file:/home/runner/work/key/key/key.core/build/resources/test/logback.xml]
17:33:24,686 |-INFO in ch.qos.logback.classic.joran.action.ConfigurationAction - debug attribute not set
17:33:24,686 |-INFO in ch.qos.logback.core.joran.action.AppenderAction - About to instantiate appender of type [ch.qos.logback.core.ConsoleAppender]
17:33:24,700 |-INFO in ch.qos.logback.core.joran.action.AppenderAction - Naming appender as [STDOUT]
17:33:24,706 |-ERROR in ch.qos.logback.core.joran.spi.Interpreter@3:15 - no applicable action for [file], current ElementPath  is [[configuration][appender][file]]
17:33:24,706 |-ERROR in ch.qos.logback.core.joran.spi.Interpreter@4:17 - no applicable action for [append], current ElementPath  is [[configuration][appender][append]]
17:33:24,708 |-INFO in ch.qos.logback.core.joran.action.NestedComplexPropertyIA - Assuming default type [ch.qos.logback.classic.encoder.PatternLayoutEncoder] for [encoder] property
17:33:24,741 |-INFO in ch.qos.logback.classic.joran.action.RootLoggerAction - Setting level of ROOT logger to WARN
17:33:24,742 |-INFO in ch.qos.logback.core.joran.action.AppenderRefAction - Attaching appender named [STDOUT] to Logger[ROOT]
17:33:24,742 |-INFO in ch.qos.logback.classic.joran.action.ConfigurationAction - End of configuration.
17:33:24,743 |-INFO in ch.qos.logback.classic.joran.JoranConfigurator@29176cc1 - Registering current configuration as safe fallback point

295        WARN  main            d.u.i.k.s.ProofSettings   The settings in /home/runner/.key/proof-settings.props are *not* read. 
Returning from test WeideEtAl
Running test arithmetic
17:33:54,646 |-INFO in ch.qos.logback.classic.LoggerContext[default] - Could NOT find resource [logback-test.xml]
17:33:54,647 |-INFO in ch.qos.logback.classic.LoggerContext[default] - Found resource [logback.xml] at [file:/home/runner/work/key/key/key.core/build/resources/test/logback.xml]
17:33:54,750 |-INFO in ch.qos.logback.classic.joran.action.ConfigurationAction - debug attribute not set
17:33:54,750 |-INFO in ch.qos.logback.core.joran.action.AppenderAction - About to instantiate appender of type [ch.qos.logback.core.ConsoleAppender]
17:33:54,765 |-INFO in ch.qos.logback.core.joran.action.AppenderAction - Naming appender as [STDOUT]
17:33:54,769 |-ERROR in ch.qos.logback.core.joran.spi.Interpreter@3:15 - no applicable action for [file], current ElementPath  is [[configuration][appender][file]]
17:33:54,771 |-ERROR in ch.qos.logback.core.joran.spi.Interpreter@4:17 - no applicable action for [append], current ElementPath  is [[configuration][appender][append]]
17:33:54,775 |-INFO in ch.qos.logback.core.joran.action.NestedComplexPropertyIA - Assuming default type [ch.qos.logback.classic.encoder.PatternLayoutEncoder] for [encoder] property
17:33:54,800 |-INFO in ch.qos.logback.classic.joran.action.RootLoggerAction - Setting level of ROOT logger to WARN
17:33:54,800 |-INFO in ch.qos.logback.core.joran.action.AppenderRefAction - Attaching appender named [STDOUT] to Logger[ROOT]
17:33:54,801 |-INFO in ch.qos.logback.classic.joran.action.ConfigurationAction - End of configuration.
17:33:54,802 |-INFO in ch.qos.logback.classic.joran.JoranConfigurator@29176cc1 - Registering current configuration as safe fallback point

294        WARN  main            d.u.i.k.s.ProofSettings   The settings in /home/runner/.key/proof-settings.props are *not* read. 
Returning from test arithmetic
Running test arrays
17:42:22,620 |-INFO in ch.qos.logback.classic.LoggerContext[default] - Could NOT find resource [logback-test.xml]
17:42:22,621 |-INFO in ch.qos.logback.classic.LoggerContext[default] - Found resource [logback.xml] at [file:/home/runner/work/key/key/key.core/build/resources/test/logback.xml]
17:42:22,735 |-INFO in ch.qos.logback.classic.joran.action.ConfigurationAction - debug attribute not set
17:42:22,736 |-INFO in ch.qos.logback.core.joran.action.AppenderAction - About to instantiate appender of type [ch.qos.logback.core.ConsoleAppender]
17:42:22,750 |-INFO in ch.qos.logback.core.joran.action.AppenderAction - Naming appender as [STDOUT]
17:42:22,758 |-ERROR in ch.qos.logback.core.joran.spi.Interpreter@3:15 - no applicable action for [file], current ElementPath  is [[configuration][appender][file]]
17:42:22,758 |-ERROR in ch.qos.logback.core.joran.spi.Interpreter@4:17 - no applicable action for [append], current ElementPath  is [[configuration][appender][append]]
17:42:22,759 |-INFO in ch.qos.logback.core.joran.action.NestedComplexPropertyIA - Assuming default type [ch.qos.logback.classic.encoder.PatternLayoutEncoder] for [encoder] property
17:42:22,785 |-INFO in ch.qos.logback.classic.joran.action.RootLoggerAction - Setting level of ROOT logger to WARN
17:42:22,785 |-INFO in ch.qos.logback.core.joran.action.AppenderRefAction - Attaching appender named [STDOUT] to Logger[ROOT]
17:42:22,786 |-INFO in ch.qos.logback.classic.joran.action.ConfigurationAction - End of configuration.
17:42:22,787 |-INFO in ch.qos.logback.classic.joran.JoranConfigurator@29176cc1 - Registering current configuration as safe fallback point

295        WARN  main            d.u.i.k.s.ProofSettings   The settings in /home/runner/.key/proof-settings.props are *not* read. 
Returning from test arrays
Running test javadl
17:43:22,306 |-INFO in ch.qos.logback.classic.LoggerContext[default] - Could NOT find resource [logback-test.xml]
17:43:22,307 |-INFO in ch.qos.logback.classic.LoggerContext[default] - Found resource [logback.xml] at [file:/home/runner/work/key/key/key.core/build/resources/test/logback.xml]
17:43:22,428 |-INFO in ch.qos.logback.classic.joran.action.ConfigurationAction - debug attribute not set
17:43:22,429 |-INFO in ch.qos.logback.core.joran.action.AppenderAction - About to instantiate appender of type [ch.qos.logback.core.ConsoleAppender]
17:43:22,444 |-INFO in ch.qos.logback.core.joran.action.AppenderAction - Naming appender as [STDOUT]
17:43:22,449 |-ERROR in ch.qos.logback.core.joran.spi.Interpreter@3:15 - no applicable action for [file], current ElementPath  is [[configuration][appender][file]]
17:43:22,449 |-ERROR in ch.qos.logback.core.joran.spi.Interpreter@4:17 - no applicable action for [append], current ElementPath  is [[configuration][appender][append]]
17:43:22,450 |-INFO in ch.qos.logback.core.joran.action.NestedComplexPropertyIA - Assuming default type [ch.qos.logback.classic.encoder.PatternLayoutEncoder] for [encoder] property
17:43:22,470 |-INFO in ch.qos.logback.classic.joran.action.RootLoggerAction - Setting level of ROOT logger to WARN
17:43:22,470 |-INFO in ch.qos.logback.core.joran.action.AppenderRefAction - Attaching appender named [STDOUT] to Logger[ROOT]
17:43:22,470 |-INFO in ch.qos.logback.classic.joran.action.ConfigurationAction - End of configuration.
17:43:22,472 |-INFO in ch.qos.logback.classic.joran.JoranConfigurator@29176cc1 - Registering current configuration as safe fallback point

295        WARN  main            d.u.i.k.s.ProofSettings   The settings in /home/runner/.key/proof-settings.props are *not* read. 
50172      WARN  main            d.u.i.k.j.r.KeYCrossReferenceNameInfo Datatype java.lang.System declared twice: Once in FILE:/home/runner/work/key/key/key.core/../key.ui/examples/index/.././standard_key/java_dl/./classpath/System.java and once in URL:file:/home/runner/work/key/key/key.core/build/resources/main/de/uka/ilkd/key/java/JavaRedux/java/lang/System.java, Keeping one from URL:file:/home/runner/work/key/key/key.core/build/resources/main/de/uka/ilkd/key/java/JavaRedux/java/lang/System.java 
50173      WARN  main            d.u.i.k.j.r.KeYCrossReferenceNameInfo Datatype java.io.InputStream declared twice: Once in FILE:/home/runner/work/key/key/key.core/../key.ui/examples/index/.././standard_key/java_dl/./classpath/InputStream.java and once in URL:file:/home/runner/work/key/key/key.core/build/resources/main/de/uka/ilkd/key/java/JavaRedux/java/io/InputStream.java, Keeping one from URL:file:/home/runner/work/key/key/key.core/build/resources/main/de/uka/ilkd/key/java/JavaRedux/java/io/InputStream.java 
50173      WARN  main            d.u.i.k.j.r.KeYCrossReferenceNameInfo Datatype java.io.PrintStream declared twice: Once in FILE:/home/runner/work/key/key/key.core/../key.ui/examples/index/.././standard_key/java_dl/./classpath/PrintStream.java and once in URL:file:/home/runner/work/key/key/key.core/build/resources/main/de/uka/ilkd/key/java/JavaRedux/java/io/PrintStream.java, Keeping one from URL:file:/home/runner/work/key/key/key.core/build/resources/main/de/uka/ilkd/key/java/JavaRedux/java/io/PrintStream.java 
53081      WARN  main            d.u.i.k.j.r.KeYCrossReferenceNameInfo Datatype java.lang.System declared twice: Once in FILE:/home/runner/work/key/key/key.core/../key.ui/examples/index/.././standard_key/java_dl/classpath/System.java and once in URL:file:/home/runner/work/key/key/key.core/build/resources/main/de/uka/ilkd/key/java/JavaRedux/java/lang/System.java, Keeping one from URL:file:/home/runner/work/key/key/key.core/build/resources/main/de/uka/ilkd/key/java/JavaRedux/java/lang/System.java 
53081      WARN  main            d.u.i.k.j.r.KeYCrossReferenceNameInfo Datatype java.io.InputStream declared twice: Once in FILE:/home/runner/work/key/key/key.core/../key.ui/examples/index/.././standard_key/java_dl/classpath/InputStream.java and once in URL:file:/home/runner/work/key/key/key.core/build/resources/main/de/uka/ilkd/key/java/JavaRedux/java/io/InputStream.java, Keeping one from URL:file:/home/runner/work/key/key/key.core/build/resources/main/de/uka/ilkd/key/java/JavaRedux/java/io/InputStream.java 
53082      WARN  main            d.u.i.k.j.r.KeYCrossReferenceNameInfo Datatype java.io.PrintStream declared twice: Once in FILE:/home/runner/work/key/key/key.core/../key.ui/examples/index/.././standard_key/java_dl/classpath/PrintStream.java and once in URL:file:/home/runner/work/key/key/key.core/build/resources/main/de/uka/ilkd/key/java/JavaRedux/java/io/PrintStream.java, Keeping one from URL:file:/home/runner/work/key/key/key.core/build/resources/main/de/uka/ilkd/key/java/JavaRedux/java/io/PrintStream.java 
61216      WARN  main            d.u.i.k.j.r.KeYCrossReferenceNameInfo Datatype java.lang.System declared twice: Once in FILE:/home/runner/work/key/key/key.core/../key.ui/examples/index/.././standard_key/java_dl/classpath/System.java and once in URL:file:/home/runner/work/key/key/key.core/build/resources/main/de/uka/ilkd/key/java/JavaRedux/java/lang/System.java, Keeping one from URL:file:/home/runner/work/key/key/key.core/build/resources/main/de/uka/ilkd/key/java/JavaRedux/java/lang/System.java 
61217      WARN  main            d.u.i.k.j.r.KeYCrossReferenceNameInfo Datatype java.io.InputStream declared twice: Once in FILE:/home/runner/work/key/key/key.core/../key.ui/examples/index/.././standard_key/java_dl/classpath/InputStream.java and once in URL:file:/home/runner/work/key/key/key.core/build/resources/main/de/uka/ilkd/key/java/JavaRedux/java/io/InputStream.java, Keeping one from URL:file:/home/runner/work/key/key/key.core/build/resources/main/de/uka/ilkd/key/java/JavaRedux/java/io/InputStream.java 
61218      WARN  main            d.u.i.k.j.r.KeYCrossReferenceNameInfo Datatype java.io.PrintStream declared twice: Once in FILE:/home/runner/work/key/key/key.core/../key.ui/examples/index/.././standard_key/java_dl/classpath/PrintStream.java and once in URL:file:/home/runner/work/key/key/key.core/build/resources/main/de/uka/ilkd/key/java/JavaRedux/java/io/PrintStream.java, Keeping one from URL:file:/home/runner/work/key/key/key.core/build/resources/main/de/uka/ilkd/key/java/JavaRedux/java/io/PrintStream.java 
64090      WARN  main            d.u.i.k.j.r.KeYCrossReferenceNameInfo Datatype java.lang.System declared twice: Once in FILE:/home/runner/work/key/key/key.core/../key.ui/examples/index/.././standard_key/java_dl/classpath/System.java and once in URL:file:/home/runner/work/key/key/key.core/build/resources/main/de/uka/ilkd/key/java/JavaRedux/java/lang/System.java, Keeping one from URL:file:/home/runner/work/key/key/key.core/build/resources/main/de/uka/ilkd/key/java/JavaRedux/java/lang/System.java 
64091      WARN  main            d.u.i.k.j.r.KeYCrossReferenceNameInfo Datatype java.io.InputStream declared twice: Once in FILE:/home/runner/work/key/key/key.core/../key.ui/examples/index/.././standard_key/java_dl/classpath/InputStream.java and once in URL:file:/home/runner/work/key/key/key.core/build/resources/main/de/uka/ilkd/key/java/JavaRedux/java/io/InputStream.java, Keeping one from URL:file:/home/runner/work/key/key/key.core/build/resources/main/de/uka/ilkd/key/java/JavaRedux/java/io/InputStream.java 
64098      WARN  main            d.u.i.k.j.r.KeYCrossReferenceNameInfo Datatype java.io.PrintStream declared twice: Once in FILE:/home/runner/work/key/key/key.core/../key.ui/examples/index/.././standard_key/java_dl/classpath/PrintStream.java and once in URL:file:/home/runner/work/key/key/key.core/build/resources/main/de/uka/ilkd/key/java/JavaRedux/java/io/PrintStream.java, Keeping one from URL:file:/home/runner/work/key/key/key.core/build/resources/main/de/uka/ilkd/key/java/JavaRedux/java/io/PrintStream.java 
85961      WARN  main            d.u.i.k.j.r.KeYCrossReferenceNameInfo Datatype java.lang.System declared twice: Once in FILE:/home/runner/work/key/key/key.core/../key.ui/examples/index/.././standard_key/java_dl/classpath/System.java and once in URL:file:/home/runner/work/key/key/key.core/build/resources/main/de/uka/ilkd/key/java/JavaRedux/java/lang/System.java, Keeping one from URL:file:/home/runner/work/key/key/key.core/build/resources/main/de/uka/ilkd/key/java/JavaRedux/java/lang/System.java 
85961      WARN  main            d.u.i.k.j.r.KeYCrossReferenceNameInfo Datatype java.io.InputStream declared twice: Once in FILE:/home/runner/work/key/key/key.core/../key.ui/examples/index/.././standard_key/java_dl/classpath/InputStream.java and once in URL:file:/home/runner/work/key/key/key.core/build/resources/main/de/uka/ilkd/key/java/JavaRedux/java/io/InputStream.java, Keeping one from URL:file:/home/runner/work/key/key/key.core/build/resources/main/de/uka/ilkd/key/java/JavaRedux/java/io/InputStream.java 
85961      WARN  main            d.u.i.k.j.r.KeYCrossReferenceNameInfo Datatype java.io.PrintStream declared twice: Once in FILE:/home/runner/work/key/key/key.core/../key.ui/examples/index/.././standard_key/java_dl/classpath/PrintStream.java and once in URL:file:/home/runner/work/key/key/key.core/build/resources/main/de/uka/ilkd/key/java/JavaRedux/java/io/PrintStream.java, Keeping one from URL:file:/home/runner/work/key/key/key.core/build/resources/main/de/uka/ilkd/key/java/JavaRedux/java/io/PrintStream.java 
88851      WARN  main            d.u.i.k.j.r.KeYCrossReferenceNameInfo Datatype java.lang.System declared twice: Once in FILE:/home/runner/work/key/key/key.core/../key.ui/examples/index/.././standard_key/java_dl/classpath/System.java and once in URL:file:/home/runner/work/key/key/key.core/build/resources/main/de/uka/ilkd/key/java/JavaRedux/java/lang/System.java, Keeping one from URL:file:/home/runner/work/key/key/key.core/build/resources/main/de/uka/ilkd/key/java/JavaRedux/java/lang/System.java 
88851      WARN  main            d.u.i.k.j.r.KeYCrossReferenceNameInfo Datatype java.io.InputStream declared twice: Once in FILE:/home/runner/work/key/key/key.core/../key.ui/examples/index/.././standard_key/java_dl/classpath/InputStream.java and once in URL:file:/home/runner/work/key/key/key.core/build/resources/main/de/uka/ilkd/key/java/JavaRedux/java/io/InputStream.java, Keeping one from URL:file:/home/runner/work/key/key/key.core/build/resources/main/de/uka/ilkd/key/java/JavaRedux/java/io/InputStream.java 
88851      WARN  main            d.u.i.k.j.r.KeYCrossReferenceNameInfo Datatype java.io.PrintStream declared twice: Once in FILE:/home/runner/work/key/key/key.core/../key.ui/examples/index/.././standard_key/java_dl/classpath/PrintStream.java and once in URL:file:/home/runner/work/key/key/key.core/build/resources/main/de/uka/ilkd/key/java/JavaRedux/java/io/PrintStream.java, Keeping one from URL:file:/home/runner/work/key/key/key.core/build/resources/main/de/uka/ilkd/key/java/JavaRedux/java/io/PrintStream.java 
91485      WARN  main            d.u.i.k.j.r.KeYCrossReferenceNameInfo Datatype java.lang.System declared twice: Once in FILE:/home/runner/work/key/key/key.core/../key.ui/examples/index/.././standard_key/java_dl/classpath/System.java and once in URL:file:/home/runner/work/key/key/key.core/build/resources/main/de/uka/ilkd/key/java/JavaRedux/java/lang/System.java, Keeping one from URL:file:/home/runner/work/key/key/key.core/build/resources/main/de/uka/ilkd/key/java/JavaRedux/java/lang/System.java 
91485      WARN  main            d.u.i.k.j.r.KeYCrossReferenceNameInfo Datatype java.io.InputStream declared twice: Once in FILE:/home/runner/work/key/key/key.core/../key.ui/examples/index/.././standard_key/java_dl/classpath/InputStream.java and once in URL:file:/home/runner/work/key/key/key.core/build/resources/main/de/uka/ilkd/key/java/JavaRedux/java/io/InputStream.java, Keeping one from URL:file:/home/runner/work/key/key/key.core/build/resources/main/de/uka/ilkd/key/java/JavaRedux/java/io/InputStream.java 
91486      WARN  main            d.u.i.k.j.r.KeYCrossReferenceNameInfo Datatype java.io.PrintStream declared twice: Once in FILE:/home/runner/work/key/key/key.core/../key.ui/examples/index/.././standard_key/java_dl/classpath/PrintStream.java and once in URL:file:/home/runner/work/key/key/key.core/build/resources/main/de/uka/ilkd/key/java/JavaRedux/java/io/PrintStream.java, Keeping one from URL:file:/home/runner/work/key/key/key.core/build/resources/main/de/uka/ilkd/key/java/JavaRedux/java/io/PrintStream.java 
94502      WARN  main            d.u.i.k.j.r.KeYCrossReferenceNameInfo Datatype java.lang.System declared twice: Once in FILE:/home/runner/work/key/key/key.core/../key.ui/examples/index/.././standard_key/java_dl/classpath/System.java and once in URL:file:/home/runner/work/key/key/key.core/build/resources/main/de/uka/ilkd/key/java/JavaRedux/java/lang/System.java, Keeping one from URL:file:/home/runner/work/key/key/key.core/build/resources/main/de/uka/ilkd/key/java/JavaRedux/java/lang/System.java 
94502      WARN  main            d.u.i.k.j.r.KeYCrossReferenceNameInfo Datatype java.io.InputStream declared twice: Once in FILE:/home/runner/work/key/key/key.core/../key.ui/examples/index/.././standard_key/java_dl/classpath/InputStream.java and once in URL:file:/home/runner/work/key/key/key.core/build/resources/main/de/uka/ilkd/key/java/JavaRedux/java/io/InputStream.java, Keeping one from URL:file:/home/runner/work/key/key/key.core/build/resources/main/de/uka/ilkd/key/java/JavaRedux/java/io/InputStream.java 
94502      WARN  main            d.u.i.k.j.r.KeYCrossReferenceNameInfo Datatype java.io.PrintStream declared twice: Once in FILE:/home/runner/work/key/key/key.core/../key.ui/examples/index/.././standard_key/java_dl/classpath/PrintStream.java and once in URL:file:/home/runner/work/key/key/key.core/build/resources/main/de/uka/ilkd/key/java/JavaRedux/java/io/PrintStream.java, Keeping one from URL:file:/home/runner/work/key/key/key.core/build/resources/main/de/uka/ilkd/key/java/JavaRedux/java/io/PrintStream.java 
133169     WARN  main            d.u.i.k.j.r.KeYCrossReferenceNameInfo Datatype java.lang.System declared twice: Once in FILE:/home/runner/work/key/key/key.core/../key.ui/examples/index/.././standard_key/java_dl/classpath/System.java and once in URL:file:/home/runner/work/key/key/key.core/build/resources/main/de/uka/ilkd/key/java/JavaRedux/java/lang/System.java, Keeping one from URL:file:/home/runner/work/key/key/key.core/build/resources/main/de/uka/ilkd/key/java/JavaRedux/java/lang/System.java 
133169     WARN  main            d.u.i.k.j.r.KeYCrossReferenceNameInfo Datatype java.io.InputStream declared twice: Once in FILE:/home/runner/work/key/key/key.core/../key.ui/examples/index/.././standard_key/java_dl/classpath/InputStream.java and once in URL:file:/home/runner/work/key/key/key.core/build/resources/main/de/uka/ilkd/key/java/JavaRedux/java/io/InputStream.java, Keeping one from URL:file:/home/runner/work/key/key/key.core/build/resources/main/de/uka/ilkd/key/java/JavaRedux/java/io/InputStream.java 
133169     WARN  main            d.u.i.k.j.r.KeYCrossReferenceNameInfo Datatype java.io.PrintStream declared twice: Once in FILE:/home/runner/work/key/key/key.core/../key.ui/examples/index/.././standard_key/java_dl/classpath/PrintStream.java and once in URL:file:/home/runner/work/key/key/key.core/build/resources/main/de/uka/ilkd/key/java/JavaRedux/java/io/PrintStream.java, Keeping one from URL:file:/home/runner/work/key/key/key.core/build/resources/main/de/uka/ilkd/key/java/JavaRedux/java/io/PrintStream.java 
136191     WARN  main            d.u.i.k.j.r.KeYCrossReferenceNameInfo Datatype java.lang.System declared twice: Once in FILE:/home/runner/work/key/key/key.core/../key.ui/examples/index/.././standard_key/java_dl/classpath/System.java and once in URL:file:/home/runner/work/key/key/key.core/build/resources/main/de/uka/ilkd/key/java/JavaRedux/java/lang/System.java, Keeping one from URL:file:/home/runner/work/key/key/key.core/build/resources/main/de/uka/ilkd/key/java/JavaRedux/java/lang/System.java 
136191     WARN  main            d.u.i.k.j.r.KeYCrossReferenceNameInfo Datatype java.io.InputStream declared twice: Once in FILE:/home/runner/work/key/key/key.core/../key.ui/examples/index/.././standard_key/java_dl/classpath/InputStream.java and once in URL:file:/home/runner/work/key/key/key.core/build/resources/main/de/uka/ilkd/key/java/JavaRedux/java/io/InputStream.java, Keeping one from URL:file:/home/runner/work/key/key/key.core/build/resources/main/de/uka/ilkd/key/java/JavaRedux/java/io/InputStream.java 
136192     WARN  main            d.u.i.k.j.r.KeYCrossReferenceNameInfo Datatype java.io.PrintStream declared twice: Once in FILE:/home/runner/work/key/key/key.core/../key.ui/examples/index/.././standard_key/java_dl/classpath/PrintStream.java and once in URL:file:/home/runner/work/key/key/key.core/build/resources/main/de/uka/ilkd/key/java/JavaRedux/java/io/PrintStream.java, Keeping one from URL:file:/home/runner/work/key/key/key.core/build/resources/main/de/uka/ilkd/key/java/JavaRedux/java/io/PrintStream.java 
149459     WARN  main            d.u.i.k.j.r.KeYCrossReferenceNameInfo Datatype java.lang.System declared twice: Once in FILE:/home/runner/work/key/key/key.core/../key.ui/examples/index/.././standard_key/java_dl/classpath/System.java and once in URL:file:/home/runner/work/key/key/key.core/build/resources/main/de/uka/ilkd/key/java/JavaRedux/java/lang/System.java, Keeping one from URL:file:/home/runner/work/key/key/key.core/build/resources/main/de/uka/ilkd/key/java/JavaRedux/java/lang/System.java 
149460     WARN  main            d.u.i.k.j.r.KeYCrossReferenceNameInfo Datatype java.io.InputStream declared twice: Once in FILE:/home/runner/work/key/key/key.core/../key.ui/examples/index/.././standard_key/java_dl/classpath/InputStream.java and once in URL:file:/home/runner/work/key/key/key.core/build/resources/main/de/uka/ilkd/key/java/JavaRedux/java/io/InputStream.java, Keeping one from URL:file:/home/runner/work/key/key/key.core/build/resources/main/de/uka/ilkd/key/java/JavaRedux/java/io/InputStream.java 
149460     WARN  main            d.u.i.k.j.r.KeYCrossReferenceNameInfo Datatype java.io.PrintStream declared twice: Once in FILE:/home/runner/work/key/key/key.core/../key.ui/examples/index/.././standard_key/java_dl/classpath/PrintStream.java and once in URL:file:/home/runner/work/key/key/key.core/build/resources/main/de/uka/ilkd/key/java/JavaRedux/java/io/PrintStream.java, Keeping one from URL:file:/home/runner/work/key/key/key.core/build/resources/main/de/uka/ilkd/key/java/JavaRedux/java/io/PrintStream.java 
152321     WARN  main            d.u.i.k.j.r.KeYCrossReferenceNameInfo Datatype java.lang.System declared twice: Once in FILE:/home/runner/work/key/key/key.core/../key.ui/examples/index/.././standard_key/java_dl/classpath/System.java and once in URL:file:/home/runner/work/key/key/key.core/build/resources/main/de/uka/ilkd/key/java/JavaRedux/java/lang/System.java, Keeping one from URL:file:/home/runner/work/key/key/key.core/build/resources/main/de/uka/ilkd/key/java/JavaRedux/java/lang/System.java 
152321     WARN  main            d.u.i.k.j.r.KeYCrossReferenceNameInfo Datatype java.io.InputStream declared twice: Once in FILE:/home/runner/work/key/key/key.core/../key.ui/examples/index/.././standard_key/java_dl/classpath/InputStream.java and once in URL:file:/home/runner/work/key/key/key.core/build/resources/main/de/uka/ilkd/key/java/JavaRedux/java/io/InputStream.java, Keeping one from URL:file:/home/runner/work/key/key/key.core/build/resources/main/de/uka/ilkd/key/java/JavaRedux/java/io/InputStream.java 
152322     WARN  main            d.u.i.k.j.r.KeYCrossReferenceNameInfo Datatype java.io.PrintStream declared twice: Once in FILE:/home/runner/work/key/key/key.core/../key.ui/examples/index/.././standard_key/java_dl/classpath/PrintStream.java and once in URL:file:/home/runner/work/key/key/key.core/build/resources/main/de/uka/ilkd/key/java/JavaRedux/java/io/PrintStream.java, Keeping one from URL:file:/home/runner/work/key/key/key.core/build/resources/main/de/uka/ilkd/key/java/JavaRedux/java/io/PrintStream.java 
361453     WARN  main            d.u.i.k.j.r.KeYCrossReferenceNameInfo Datatype java.lang.System declared twice: Once in FILE:/home/runner/work/key/key/key.core/../key.ui/examples/index/.././standard_key/java_dl/./classpath/System.java and once in URL:file:/home/runner/work/key/key/key.core/build/resources/main/de/uka/ilkd/key/java/JavaRedux/java/lang/System.java, Keeping one from URL:file:/home/runner/work/key/key/key.core/build/resources/main/de/uka/ilkd/key/java/JavaRedux/java/lang/System.java 
361454     WARN  main            d.u.i.k.j.r.KeYCrossReferenceNameInfo Datatype java.io.InputStream declared twice: Once in FILE:/home/runner/work/key/key/key.core/../key.ui/examples/index/.././standard_key/java_dl/./classpath/InputStream.java and once in URL:file:/home/runner/work/key/key/key.core/build/resources/main/de/uka/ilkd/key/java/JavaRedux/java/io/InputStream.java, Keeping one from URL:file:/home/runner/work/key/key/key.core/build/resources/main/de/uka/ilkd/key/java/JavaRedux/java/io/InputStream.java 
361454     WARN  main            d.u.i.k.j.r.KeYCrossReferenceNameInfo Datatype java.io.PrintStream declared twice: Once in FILE:/home/runner/work/key/key/key.core/../key.ui/examples/index/.././standard_key/java_dl/./classpath/PrintStream.java and once in URL:file:/home/runner/work/key/key/key.core/build/resources/main/de/uka/ilkd/key/java/JavaRedux/java/io/PrintStream.java, Keeping one from URL:file:/home/runner/work/key/key/key.core/build/resources/main/de/uka/ilkd/key/java/JavaRedux/java/io/PrintStream.java 
364623     WARN  main            d.u.i.k.j.r.KeYCrossReferenceNameInfo Datatype java.lang.System declared twice: Once in FILE:/home/runner/work/key/key/key.core/../key.ui/examples/index/.././standard_key/java_dl/classpath/System.java and once in URL:file:/home/runner/work/key/key/key.core/build/resources/main/de/uka/ilkd/key/java/JavaRedux/java/lang/System.java, Keeping one from URL:file:/home/runner/work/key/key/key.core/build/resources/main/de/uka/ilkd/key/java/JavaRedux/java/lang/System.java 
364623     WARN  main            d.u.i.k.j.r.KeYCrossReferenceNameInfo Datatype java.io.InputStream declared twice: Once in FILE:/home/runner/work/key/key/key.core/../key.ui/examples/index/.././standard_key/java_dl/classpath/InputStream.java and once in URL:file:/home/runner/work/key/key/key.core/build/resources/main/de/uka/ilkd/key/java/JavaRedux/java/io/InputStream.java, Keeping one from URL:file:/home/runner/work/key/key/key.core/build/resources/main/de/uka/ilkd/key/java/JavaRedux/java/io/InputStream.java 
364623     WARN  main            d.u.i.k.j.r.KeYCrossReferenceNameInfo Datatype java.io.PrintStream declared twice: Once in FILE:/home/runner/work/key/key/key.core/../key.ui/examples/index/.././standard_key/java_dl/classpath/PrintStream.java and once in URL:file:/home/runner/work/key/key/key.core/build/resources/main/de/uka/ilkd/key/java/JavaRedux/java/io/PrintStream.java, Keeping one from URL:file:/home/runner/work/key/key/key.core/build/resources/main/de/uka/ilkd/key/java/JavaRedux/java/io/PrintStream.java 
497026     WARN  main            d.u.i.k.j.r.KeYCrossReferenceNameInfo Datatype java.lang.System declared twice: Once in FILE:/home/runner/work/key/key/key.core/../key.ui/examples/index/.././standard_key/java_dl/classpath/System.java and once in URL:file:/home/runner/work/key/key/key.core/build/resources/main/de/uka/ilkd/key/java/JavaRedux/java/lang/System.java, Keeping one from URL:file:/home/runner/work/key/key/key.core/build/resources/main/de/uka/ilkd/key/java/JavaRedux/java/lang/System.java 
497026     WARN  main            d.u.i.k.j.r.KeYCrossReferenceNameInfo Datatype java.io.InputStream declared twice: Once in FILE:/home/runner/work/key/key/key.core/../key.ui/examples/index/.././standard_key/java_dl/classpath/InputStream.java and once in URL:file:/home/runner/work/key/key/key.core/build/resources/main/de/uka/ilkd/key/java/JavaRedux/java/io/InputStream.java, Keeping one from URL:file:/home/runner/work/key/key/key.core/build/resources/main/de/uka/ilkd/key/java/JavaRedux/java/io/InputStream.java 
497026     WARN  main            d.u.i.k.j.r.KeYCrossReferenceNameInfo Datatype java.io.PrintStream declared twice: Once in FILE:/home/runner/work/key/key/key.core/../key.ui/examples/index/.././standard_key/java_dl/classpath/PrintStream.java and once in URL:file:/home/runner/work/key/key/key.core/build/resources/main/de/uka/ilkd/key/java/JavaRedux/java/io/PrintStream.java, Keeping one from URL:file:/home/runner/work/key/key/key.core/build/resources/main/de/uka/ilkd/key/java/JavaRedux/java/io/PrintStream.java 
500480     WARN  main            d.u.i.k.j.r.KeYCrossReferenceNameInfo Datatype java.lang.System declared twice: Once in FILE:/home/runner/work/key/key/key.core/../key.ui/examples/index/.././standard_key/java_dl/classpath/System.java and once in URL:file:/home/runner/work/key/key/key.core/build/resources/main/de/uka/ilkd/key/java/JavaRedux/java/lang/System.java, Keeping one from URL:file:/home/runner/work/key/key/key.core/build/resources/main/de/uka/ilkd/key/java/JavaRedux/java/lang/System.java 
500480     WARN  main            d.u.i.k.j.r.KeYCrossReferenceNameInfo Datatype java.io.InputStream declared twice: Once in FILE:/home/runner/work/key/key/key.core/../key.ui/examples/index/.././standard_key/java_dl/classpath/InputStream.java and once in URL:file:/home/runner/work/key/key/key.core/build/resources/main/de/uka/ilkd/key/java/JavaRedux/java/io/InputStream.java, Keeping one from URL:file:/home/runner/work/key/key/key.core/build/resources/main/de/uka/ilkd/key/java/JavaRedux/java/io/InputStream.java 
500480     WARN  main            d.u.i.k.j.r.KeYCrossReferenceNameInfo Datatype java.io.PrintStream declared twice: Once in FILE:/home/runner/work/key/key/key.core/../key.ui/examples/index/.././standard_key/java_dl/classpath/PrintStream.java and once in URL:file:/home/runner/work/key/key/key.core/build/resources/main/de/uka/ilkd/key/java/JavaRedux/java/io/PrintStream.java, Keeping one from URL:file:/home/runner/work/key/key/key.core/build/resources/main/de/uka/ilkd/key/java/JavaRedux/java/io/PrintStream.java 
503007     WARN  main            d.u.i.k.j.r.KeYCrossReferenceNameInfo Datatype java.lang.System declared twice: Once in FILE:/home/runner/work/key/key/key.core/../key.ui/examples/index/.././standard_key/staticInitialisation/classpath/System.java and once in URL:file:/home/runner/work/key/key/key.core/build/resources/main/de/uka/ilkd/key/java/JavaRedux/java/lang/System.java, Keeping one from URL:file:/home/runner/work/key/key/key.core/build/resources/main/de/uka/ilkd/key/java/JavaRedux/java/lang/System.java 
503008     WARN  main            d.u.i.k.j.r.KeYCrossReferenceNameInfo Datatype java.io.PrintStream declared twice: Once in FILE:/home/runner/work/key/key/key.core/../key.ui/examples/index/.././standard_key/staticInitialisation/classpath/PrintStream.java and once in URL:file:/home/runner/work/key/key/key.core/build/resources/main/de/uka/ilkd/key/java/JavaRedux/java/io/PrintStream.java, Keeping one from URL:file:/home/runner/work/key/key/key.core/build/resources/main/de/uka/ilkd/key/java/JavaRedux/java/io/PrintStream.java 
506612     WARN  main            d.u.i.k.j.r.KeYCrossReferenceNameInfo Datatype java.lang.System declared twice: Once in FILE:/home/runner/work/key/key/key.core/../key.ui/examples/index/.././standard_key/staticInitialisation/classpath/System.java and once in URL:file:/home/runner/work/key/key/key.core/build/resources/main/de/uka/ilkd/key/java/JavaRedux/java/lang/System.java, Keeping one from URL:file:/home/runner/work/key/key/key.core/build/resources/main/de/uka/ilkd/key/java/JavaRedux/java/lang/System.java 
506612     WARN  main            d.u.i.k.j.r.KeYCrossReferenceNameInfo Datatype java.io.PrintStream declared twice: Once in FILE:/home/runner/work/key/key/key.core/../key.ui/examples/index/.././standard_key/staticInitialisation/classpath/PrintStream.java and once in URL:file:/home/runner/work/key/key/key.core/build/resources/main/de/uka/ilkd/key/java/JavaRedux/java/io/PrintStream.java, Keeping one from URL:file:/home/runner/work/key/key/key.core/build/resources/main/de/uka/ilkd/key/java/JavaRedux/java/io/PrintStream.java 
509222     WARN  main            d.u.i.k.j.r.KeYCrossReferenceNameInfo Datatype java.lang.System declared twice: Once in FILE:/home/runner/work/key/key/key.core/../key.ui/examples/index/.././standard_key/staticInitialisation/classpath/System.java and once in URL:file:/home/runner/work/key/key/key.core/build/resources/main/de/uka/ilkd/key/java/JavaRedux/java/lang/System.java, Keeping one from URL:file:/home/runner/work/key/key/key.core/build/resources/main/de/uka/ilkd/key/java/JavaRedux/java/lang/System.java 
509222     WARN  main            d.u.i.k.j.r.KeYCrossReferenceNameInfo Datatype java.io.PrintStream declared twice: Once in FILE:/home/runner/work/key/key/key.core/../key.ui/examples/index/.././standard_key/staticInitialisation/classpath/PrintStream.java and once in URL:file:/home/runner/work/key/key/key.core/build/resources/main/de/uka/ilkd/key/java/JavaRedux/java/io/PrintStream.java, Keeping one from URL:file:/home/runner/work/key/key/key.core/build/resources/main/de/uka/ilkd/key/java/JavaRedux/java/io/PrintStream.java 
512300     WARN  main            d.u.i.k.j.r.KeYCrossReferenceNameInfo Datatype java.lang.System declared twice: Once in FILE:/home/runner/work/key/key/key.core/../key.ui/examples/index/.././standard_key/staticInitialisation/classpath/System.java and once in URL:file:/home/runner/work/key/key/key.core/build/resources/main/de/uka/ilkd/key/java/JavaRedux/java/lang/System.java, Keeping one from URL:file:/home/runner/work/key/key/key.core/build/resources/main/de/uka/ilkd/key/java/JavaRedux/java/lang/System.java 
512300     WARN  main            d.u.i.k.j.r.KeYCrossReferenceNameInfo Datatype java.io.PrintStream declared twice: Once in FILE:/home/runner/work/key/key/key.core/../key.ui/examples/index/.././standard_key/staticInitialisation/classpath/PrintStream.java and once in URL:file:/home/runner/work/key/key/key.core/build/resources/main/de/uka/ilkd/key/java/JavaRedux/java/io/PrintStream.java, Keeping one from URL:file:/home/runner/work/key/key/key.core/build/resources/main/de/uka/ilkd/key/java/JavaRedux/java/io/PrintStream.java 
514776     WARN  main            d.u.i.k.j.r.KeYCrossReferenceNameInfo Datatype java.lang.System declared twice: Once in FILE:/home/runner/work/key/key/key.core/../key.ui/examples/index/.././standard_key/staticInitialisation/classpath/System.java and once in URL:file:/home/runner/work/key/key/key.core/build/resources/main/de/uka/ilkd/key/java/JavaRedux/java/lang/System.java, Keeping one from URL:file:/home/runner/work/key/key/key.core/build/resources/main/de/uka/ilkd/key/java/JavaRedux/java/lang/System.java 
514777     WARN  main            d.u.i.k.j.r.KeYCrossReferenceNameInfo Datatype java.io.PrintStream declared twice: Once in FILE:/home/runner/work/key/key/key.core/../key.ui/examples/index/.././standard_key/staticInitialisation/classpath/PrintStream.java and once in URL:file:/home/runner/work/key/key/key.core/build/resources/main/de/uka/ilkd/key/java/JavaRedux/java/io/PrintStream.java, Keeping one from URL:file:/home/runner/work/key/key/key.core/build/resources/main/de/uka/ilkd/key/java/JavaRedux/java/io/PrintStream.java 
517819     WARN  main            d.u.i.k.j.r.KeYCrossReferenceNameInfo Datatype java.lang.System declared twice: Once in FILE:/home/runner/work/key/key/key.core/../key.ui/examples/index/.././standard_key/staticInitialisation/classpath/System.java and once in URL:file:/home/runner/work/key/key/key.core/build/resources/main/de/uka/ilkd/key/java/JavaRedux/java/lang/System.java, Keeping one from URL:file:/home/runner/work/key/key/key.core/build/resources/main/de/uka/ilkd/key/java/JavaRedux/java/lang/System.java 
517819     WARN  main            d.u.i.k.j.r.KeYCrossReferenceNameInfo Datatype java.io.PrintStream declared twice: Once in FILE:/home/runner/work/key/key/key.core/../key.ui/examples/index/.././standard_key/staticInitialisation/classpath/PrintStream.java and once in URL:file:/home/runner/work/key/key/key.core/build/resources/main/de/uka/ilkd/key/java/JavaRedux/java/io/PrintStream.java, Keeping one from URL:file:/home/runner/work/key/key/key.core/build/resources/main/de/uka/ilkd/key/java/JavaRedux/java/io/PrintStream.java 
520291     WARN  main            d.u.i.k.j.r.KeYCrossReferenceNameInfo Datatype java.lang.System declared twice: Once in FILE:/home/runner/work/key/key/key.core/../key.ui/examples/index/.././standard_key/staticInitialisation/classpath/System.java and once in URL:file:/home/runner/work/key/key/key.core/build/resources/main/de/uka/ilkd/key/java/JavaRedux/java/lang/System.java, Keeping one from URL:file:/home/runner/work/key/key/key.core/build/resources/main/de/uka/ilkd/key/java/JavaRedux/java/lang/System.java 
520291     WARN  main            d.u.i.k.j.r.KeYCrossReferenceNameInfo Datatype java.io.PrintStream declared twice: Once in FILE:/home/runner/work/key/key/key.core/../key.ui/examples/index/.././standard_key/staticInitialisation/classpath/PrintStream.java and once in URL:file:/home/runner/work/key/key/key.core/build/resources/main/de/uka/ilkd/key/java/JavaRedux/java/io/PrintStream.java, Keeping one from URL:file:/home/runner/work/key/key/key.core/build/resources/main/de/uka/ilkd/key/java/JavaRedux/java/io/PrintStream.java 
523453     WARN  main            d.u.i.k.j.r.KeYCrossReferenceNameInfo Datatype java.lang.System declared twice: Once in FILE:/home/runner/work/key/key/key.core/../key.ui/examples/index/.././standard_key/staticInitialisation/classpath/System.java and once in URL:file:/home/runner/work/key/key/key.core/build/resources/main/de/uka/ilkd/key/java/JavaRedux/java/lang/System.java, Keeping one from URL:file:/home/runner/work/key/key/key.core/build/resources/main/de/uka/ilkd/key/java/JavaRedux/java/lang/System.java 
523453     WARN  main            d.u.i.k.j.r.KeYCrossReferenceNameInfo Datatype java.io.PrintStream declared twice: Once in FILE:/home/runner/work/key/key/key.core/../key.ui/examples/index/.././standard_key/staticInitialisation/classpath/PrintStream.java and once in URL:file:/home/runner/work/key/key/key.core/build/resources/main/de/uka/ilkd/key/java/JavaRedux/java/io/PrintStream.java, Keeping one from URL:file:/home/runner/work/key/key/key.core/build/resources/main/de/uka/ilkd/key/java/JavaRedux/java/io/PrintStream.java 
525981     WARN  main            d.u.i.k.j.r.KeYCrossReferenceNameInfo Datatype java.lang.System declared twice: Once in FILE:/home/runner/work/key/key/key.core/../key.ui/examples/index/.././standard_key/staticInitialisation/classpath/System.java and once in URL:file:/home/runner/work/key/key/key.core/build/resources/main/de/uka/ilkd/key/java/JavaRedux/java/lang/System.java, Keeping one from URL:file:/home/runner/work/key/key/key.core/build/resources/main/de/uka/ilkd/key/java/JavaRedux/java/lang/System.java 
525982     WARN  main            d.u.i.k.j.r.KeYCrossReferenceNameInfo Datatype java.io.PrintStream declared twice: Once in FILE:/home/runner/work/key/key/key.core/../key.ui/examples/index/.././standard_key/staticInitialisation/classpath/PrintStream.java and once in URL:file:/home/runner/work/key/key/key.core/build/resources/main/de/uka/ilkd/key/java/JavaRedux/java/io/PrintStream.java, Keeping one from URL:file:/home/runner/work/key/key/key.core/build/resources/main/de/uka/ilkd/key/java/JavaRedux/java/io/PrintStream.java 
529144     WARN  main            d.u.i.k.j.r.KeYCrossReferenceNameInfo Datatype java.lang.System declared twice: Once in FILE:/home/runner/work/key/key/key.core/../key.ui/examples/index/.././standard_key/staticInitialisation/classpath/System.java and once in URL:file:/home/runner/work/key/key/key.core/build/resources/main/de/uka/ilkd/key/java/JavaRedux/java/lang/System.java, Keeping one from URL:file:/home/runner/work/key/key/key.core/build/resources/main/de/uka/ilkd/key/java/JavaRedux/java/lang/System.java 
529144     WARN  main            d.u.i.k.j.r.KeYCrossReferenceNameInfo Datatype java.io.PrintStream declared twice: Once in FILE:/home/runner/work/key/key/key.core/../key.ui/examples/index/.././standard_key/staticInitialisation/classpath/PrintStream.java and once in URL:file:/home/runner/work/key/key/key.core/build/resources/main/de/uka/ilkd/key/java/JavaRedux/java/io/PrintStream.java, Keeping one from URL:file:/home/runner/work/key/key/key.core/build/resources/main/de/uka/ilkd/key/java/JavaRedux/java/io/PrintStream.java 
531672     WARN  main            d.u.i.k.j.r.KeYCrossReferenceNameInfo Datatype java.lang.System declared twice: Once in FILE:/home/runner/work/key/key/key.core/../key.ui/examples/index/.././standard_key/staticInitialisation/classpath/System.java and once in URL:file:/home/runner/work/key/key/key.core/build/resources/main/de/uka/ilkd/key/java/JavaRedux/java/lang/System.java, Keeping one from URL:file:/home/runner/work/key/key/key.core/build/resources/main/de/uka/ilkd/key/java/JavaRedux/java/lang/System.java 
531672     WARN  main            d.u.i.k.j.r.KeYCrossReferenceNameInfo Datatype java.io.PrintStream declared twice: Once in FILE:/home/runner/work/key/key/key.core/../key.ui/examples/index/.././standard_key/staticInitialisation/classpath/PrintStream.java and once in URL:file:/home/runner/work/key/key/key.core/build/resources/main/de/uka/ilkd/key/java/JavaRedux/java/io/PrintStream.java, Keeping one from URL:file:/home/runner/work/key/key/key.core/build/resources/main/de/uka/ilkd/key/java/JavaRedux/java/io/PrintStream.java 
546643     WARN  main            d.u.i.k.j.r.KeYCrossReferenceNameInfo Datatype java.lang.System declared twice: Once in FILE:/home/runner/work/key/key/key.core/../key.ui/examples/index/.././standard_key/staticInitialisation/classpath/System.java and once in URL:file:/home/runner/work/key/key/key.core/build/resources/main/de/uka/ilkd/key/java/JavaRedux/java/lang/System.java, Keeping one from URL:file:/home/runner/work/key/key/key.core/build/resources/main/de/uka/ilkd/key/java/JavaRedux/java/lang/System.java 
546644     WARN  main            d.u.i.k.j.r.KeYCrossReferenceNameInfo Datatype java.io.PrintStream declared twice: Once in FILE:/home/runner/work/key/key/key.core/../key.ui/examples/index/.././standard_key/staticInitialisation/classpath/PrintStream.java and once in URL:file:/home/runner/work/key/key/key.core/build/resources/main/de/uka/ilkd/key/java/JavaRedux/java/io/PrintStream.java, Keeping one from URL:file:/home/runner/work/key/key/key.core/build/resources/main/de/uka/ilkd/key/java/JavaRedux/java/io/PrintStream.java 
551530     WARN  main            d.u.i.k.j.r.KeYCrossReferenceNameInfo Datatype java.lang.System declared twice: Once in FILE:/home/runner/work/key/key/key.core/../key.ui/examples/index/.././standard_key/staticInitialisation/classpath/System.java and once in URL:file:/home/runner/work/key/key/key.core/build/resources/main/de/uka/ilkd/key/java/JavaRedux/java/lang/System.java, Keeping one from URL:file:/home/runner/work/key/key/key.core/build/resources/main/de/uka/ilkd/key/java/JavaRedux/java/lang/System.java 
551530     WARN  main            d.u.i.k.j.r.KeYCrossReferenceNameInfo Datatype java.io.PrintStream declared twice: Once in FILE:/home/runner/work/key/key/key.core/../key.ui/examples/index/.././standard_key/staticInitialisation/classpath/PrintStream.java and once in URL:file:/home/runner/work/key/key/key.core/build/resources/main/de/uka/ilkd/key/java/JavaRedux/java/io/PrintStream.java, Keeping one from URL:file:/home/runner/work/key/key/key.core/build/resources/main/de/uka/ilkd/key/java/JavaRedux/java/io/PrintStream.java 
555028     WARN  main            d.u.i.k.j.r.KeYCrossReferenceNameInfo Datatype java.lang.System declared twice: Once in FILE:/home/runner/work/key/key/key.core/../key.ui/examples/index/.././standard_key/staticInitialisation/classpath/System.java and once in URL:file:/home/runner/work/key/key/key.core/build/resources/main/de/uka/ilkd/key/java/JavaRedux/java/lang/System.java, Keeping one from URL:file:/home/runner/work/key/key/key.core/build/resources/main/de/uka/ilkd/key/java/JavaRedux/java/lang/System.java 
555028     WARN  main            d.u.i.k.j.r.KeYCrossReferenceNameInfo Datatype java.io.PrintStream declared twice: Once in FILE:/home/runner/work/key/key/key.core/../key.ui/examples/index/.././standard_key/staticInitialisation/classpath/PrintStream.java and once in URL:file:/home/runner/work/key/key/key.core/build/resources/main/de/uka/ilkd/key/java/JavaRedux/java/io/PrintStream.java, Keeping one from URL:file:/home/runner/work/key/key/key.core/build/resources/main/de/uka/ilkd/key/java/JavaRedux/java/io/PrintStream.java 
563014     WARN  main            d.u.i.k.j.r.KeYCrossReferenceNameInfo Datatype cp.C declared twice: Once in FILE:/home/runner/work/key/key/key.core/../key.ui/examples/index/../../../key.core/src/test/resources/testcase/classpath/classpath/C.class and once in FILE:/home/runner/work/key/key/key.core/../key.ui/examples/index/../../../key.core/src/test/resources/testcase/classpath/classpath/C.jml, Keeping one from FILE:/home/runner/work/key/key/key.core/../key.ui/examples/index/../../../key.core/src/test/resources/testcase/classpath/classpath/C.jml 
566189     WARN  main            d.u.i.k.j.r.KeYCrossReferenceNameInfo Datatype cp.C declared twice: Once in FILE:/home/runner/work/key/key/key.core/../key.ui/examples/index/../../../key.core/src/test/resources/testcase/classpath/classpath/C.class and once in FILE:/home/runner/work/key/key/key.core/../key.ui/examples/index/../../../key.core/src/test/resources/testcase/classpath/classpath/C.jml, Keeping one from FILE:/home/runner/work/key/key/key.core/../key.ui/examples/index/../../../key.core/src/test/resources/testcase/classpath/classpath/C.jml 
Running test FOL
17:52:57,517 |-INFO in ch.qos.logback.classic.LoggerContext[default] - Could NOT find resource [logback-test.xml]
17:52:57,518 |-INFO in ch.qos.logback.classic.LoggerContext[default] - Found resource [logback.xml] at [file:/home/runner/work/key/key/key.core/build/resources/test/logback.xml]
17:52:57,614 |-INFO in ch.qos.logback.classic.joran.action.ConfigurationAction - debug attribute not set
17:52:57,614 |-INFO in ch.qos.logback.core.joran.action.AppenderAction - About to instantiate appender of type [ch.qos.logback.core.ConsoleAppender]
17:52:57,623 |-INFO in ch.qos.logback.core.joran.action.AppenderAction - Naming appender as [STDOUT]
17:52:57,628 |-ERROR in ch.qos.logback.core.joran.spi.Interpreter@3:15 - no applicable action for [file], current ElementPath  is [[configuration][appender][file]]
17:52:57,628 |-ERROR in ch.qos.logback.core.joran.spi.Interpreter@4:17 - no applicable action for [append], current ElementPath  is [[configuration][appender][append]]
17:52:57,629 |-INFO in ch.qos.logback.core.joran.action.NestedComplexPropertyIA - Assuming default type [ch.qos.logback.classic.encoder.PatternLayoutEncoder] for [encoder] property
17:52:57,650 |-INFO in ch.qos.logback.classic.joran.action.RootLoggerAction - Setting level of ROOT logger to WARN
17:52:57,650 |-INFO in ch.qos.logback.core.joran.action.AppenderRefAction - Attaching appender named [STDOUT] to Logger[ROOT]
17:52:57,651 |-INFO in ch.qos.logback.classic.joran.action.ConfigurationAction - End of configuration.
17:52:57,652 |-INFO in ch.qos.logback.classic.joran.JoranConfigurator@2f177a4b - Registering current configuration as safe fallback point

269        WARN  main            d.u.i.k.s.ProofSettings   The settings in /home/runner/.key/proof-settings.props are *not* read. 
Returning from test FOL
Running test strings
17:57:43,721 |-INFO in ch.qos.logback.classic.LoggerContext[default] - Could NOT find resource [logback-test.xml]
17:57:43,722 |-INFO in ch.qos.logback.classic.LoggerContext[default] - Found resource [logback.xml] at [file:/home/runner/work/key/key/key.core/build/resources/test/logback.xml]
17:57:43,846 |-INFO in ch.qos.logback.classic.joran.action.ConfigurationAction - debug attribute not set
17:57:43,847 |-INFO in ch.qos.logback.core.joran.action.AppenderAction - About to instantiate appender of type [ch.qos.logback.core.ConsoleAppender]
17:57:43,859 |-INFO in ch.qos.logback.core.joran.action.AppenderAction - Naming appender as [STDOUT]
17:57:43,863 |-ERROR in ch.qos.logback.core.joran.spi.Interpreter@3:15 - no applicable action for [file], current ElementPath  is [[configuration][appender][file]]
17:57:43,863 |-ERROR in ch.qos.logback.core.joran.spi.Interpreter@4:17 - no applicable action for [append], current ElementPath  is [[configuration][appender][append]]
17:57:43,864 |-INFO in ch.qos.logback.core.joran.action.NestedComplexPropertyIA - Assuming default type [ch.qos.logback.classic.encoder.PatternLayoutEncoder] for [encoder] property
17:57:43,885 |-INFO in ch.qos.logback.classic.joran.action.RootLoggerAction - Setting level of ROOT logger to WARN
17:57:43,885 |-INFO in ch.qos.logback.core.joran.action.AppenderRefAction - Attaching appender named [STDOUT] to Logger[ROOT]
17:57:43,885 |-INFO in ch.qos.logback.classic.joran.action.ConfigurationAction - End of configuration.
17:57:43,887 |-INFO in ch.qos.logback.classic.joran.JoranConfigurator@29176cc1 - Registering current configuration as safe fallback point

296        WARN  main            d.u.i.k.s.ProofSettings   The settings in /home/runner/.key/proof-settings.props are *not* read. 
Returning from test strings
Running test simple_info_flow
18:00:23,114 |-INFO in ch.qos.logback.classic.LoggerContext[default] - Could NOT find resource [logback-test.xml]
18:00:23,115 |-INFO in ch.qos.logback.classic.LoggerContext[default] - Found resource [logback.xml] at [file:/home/runner/work/key/key/key.core/build/resources/test/logback.xml]
18:00:23,212 |-INFO in ch.qos.logback.classic.joran.action.ConfigurationAction - debug attribute not set
18:00:23,212 |-INFO in ch.qos.logback.core.joran.action.AppenderAction - About to instantiate appender of type [ch.qos.logback.core.ConsoleAppender]
18:00:23,221 |-INFO in ch.qos.logback.core.joran.action.AppenderAction - Naming appender as [STDOUT]
18:00:23,230 |-ERROR in ch.qos.logback.core.joran.spi.Interpreter@3:15 - no applicable action for [file], current ElementPath  is [[configuration][appender][file]]
18:00:23,230 |-ERROR in ch.qos.logback.core.joran.spi.Interpreter@4:17 - no applicable action for [append], current ElementPath  is [[configuration][appender][append]]
18:00:23,231 |-INFO in ch.qos.logback.core.joran.action.NestedComplexPropertyIA - Assuming default type [ch.qos.logback.classic.encoder.PatternLayoutEncoder] for [encoder] property
18:00:23,251 |-INFO in ch.qos.logback.classic.joran.action.RootLoggerAction - Setting level of ROOT logger to WARN
18:00:23,251 |-INFO in ch.qos.logback.core.joran.action.AppenderRefAction - Attaching appender named [STDOUT] to Logger[ROOT]
18:00:23,252 |-INFO in ch.qos.logback.classic.joran.action.ConfigurationAction - End of configuration.
18:00:23,253 |-INFO in ch.qos.logback.classic.joran.JoranConfigurator@29176cc1 - Registering current configuration as safe fallback point

263        WARN  main            d.u.i.k.s.ProofSettings   The settings in /home/runner/.key/proof-settings.props are *not* read. 
Returning from test simple_info_flow
Running test modelMethods
18:00:37,937 |-INFO in ch.qos.logback.classic.LoggerContext[default] - Could NOT find resource [logback-test.xml]
18:00:37,938 |-INFO in ch.qos.logback.classic.LoggerContext[default] - Found resource [logback.xml] at [file:/home/runner/work/key/key/key.core/build/resources/test/logback.xml]
18:00:38,041 |-INFO in ch.qos.logback.classic.joran.action.ConfigurationAction - debug attribute not set
18:00:38,042 |-INFO in ch.qos.logback.core.joran.action.AppenderAction - About to instantiate appender of type [ch.qos.logback.core.ConsoleAppender]
18:00:38,053 |-INFO in ch.qos.logback.core.joran.action.AppenderAction - Naming appender as [STDOUT]
18:00:38,057 |-ERROR in ch.qos.logback.core.joran.spi.Interpreter@3:15 - no applicable action for [file], current ElementPath  is [[configuration][appender][file]]
18:00:38,057 |-ERROR in ch.qos.logback.core.joran.spi.Interpreter@4:17 - no applicable action for [append], current ElementPath  is [[configuration][appender][append]]
18:00:38,058 |-INFO in ch.qos.logback.core.joran.action.NestedComplexPropertyIA - Assuming default type [ch.qos.logback.classic.encoder.PatternLayoutEncoder] for [encoder] property
18:00:38,078 |-INFO in ch.qos.logback.classic.joran.action.RootLoggerAction - Setting level of ROOT logger to WARN
18:00:38,078 |-INFO in ch.qos.logback.core.joran.action.AppenderRefAction - Attaching appender named [STDOUT] to Logger[ROOT]
18:00:38,078 |-INFO in ch.qos.logback.classic.joran.action.ConfigurationAction - End of configuration.
18:00:38,080 |-INFO in ch.qos.logback.classic.joran.JoranConfigurator@29176cc1 - Registering current configuration as safe fallback point

273        WARN  main            d.u.i.k.s.ProofSettings   The settings in /home/runner/.key/proof-settings.props are *not* read. 
Returning from test modelMethods
Running test permissionHeap
18:03:46,133 |-INFO in ch.qos.logback.classic.LoggerContext[default] - Could NOT find resource [logback-test.xml]
18:03:46,134 |-INFO in ch.qos.logback.classic.LoggerContext[default] - Found resource [logback.xml] at [file:/home/runner/work/key/key/key.core/build/resources/test/logback.xml]
18:03:46,254 |-INFO in ch.qos.logback.classic.joran.action.ConfigurationAction - debug attribute not set
18:03:46,254 |-INFO in ch.qos.logback.core.joran.action.AppenderAction - About to instantiate appender of type [ch.qos.logback.core.ConsoleAppender]
18:03:46,265 |-INFO in ch.qos.logback.core.joran.action.AppenderAction - Naming appender as [STDOUT]
18:03:46,273 |-ERROR in ch.qos.logback.core.joran.spi.Interpreter@3:15 - no applicable action for [file], current ElementPath  is [[configuration][appender][file]]
18:03:46,273 |-ERROR in ch.qos.logback.core.joran.spi.Interpreter@4:17 - no applicable action for [append], current ElementPath  is [[configuration][appender][append]]
18:03:46,276 |-INFO in ch.qos.logback.core.joran.action.NestedComplexPropertyIA - Assuming default type [ch.qos.logback.classic.encoder.PatternLayoutEncoder] for [encoder] property
18:03:46,318 |-INFO in ch.qos.logback.classic.joran.action.RootLoggerAction - Setting level of ROOT logger to WARN
18:03:46,318 |-INFO in ch.qos.logback.core.joran.action.AppenderRefAction - Attaching appender named [STDOUT] to Logger[ROOT]
18:03:46,318 |-INFO in ch.qos.logback.classic.joran.action.ConfigurationAction - End of configuration.
18:03:46,320 |-INFO in ch.qos.logback.classic.joran.JoranConfigurator@29176cc1 - Registering current configuration as safe fallback point

322        WARN  main            d.u.i.k.s.ProofSettings   The settings in /home/runner/.key/proof-settings.props are *not* read. 
905037     WARN  main            d.u.i.k.p.i.IntermediateProofReplayer Proof contains wrong number of \assumes instatiations for Definition_axiom_for_stateInv_in_Plotter 
905039     WARN  main            d.u.i.k.p.i.IntermediateProofReplayer Proof contains wrong number of \assumes instatiations for Definition_axiom_for_stateInv_in_Plotter 
905041     WARN  main            d.u.i.k.p.i.IntermediateProofReplayer Proof contains wrong number of \assumes instatiations for Definition_axiom_for_workingPermissions_in_Plotter 
905042     WARN  main            d.u.i.k.p.i.IntermediateProofReplayer Proof contains wrong number of \assumes instatiations for Definition_axiom_for_staticPermissions_in_Plotter 
905043     WARN  main            d.u.i.k.p.i.IntermediateProofReplayer Proof contains wrong number of \assumes instatiations for Definition_axiom_for_joinTransfer_in_Plotter 
905044     WARN  main            d.u.i.k.p.i.IntermediateProofReplayer Proof contains wrong number of \assumes instatiations for Definition_axiom_for_stateInv_in_BFilter 
905046     WARN  main            d.u.i.k.p.i.IntermediateProofReplayer Proof contains wrong number of \assumes instatiations for Definition_axiom_for_stateInv_in_AFilter 
905048     WARN  main            d.u.i.k.p.i.IntermediateProofReplayer Proof contains wrong number of \assumes instatiations for Definition_axiom_for_stateInv_in_BFilter 
905053     WARN  main            d.u.i.k.p.i.IntermediateProofReplayer Proof contains wrong number of \assumes instatiations for Definition_axiom_for_stateInv_in_AFilter 
905055     WARN  main            d.u.i.k.p.i.IntermediateProofReplayer Proof contains wrong number of \assumes instatiations for Definition_axiom_for_staticPermissions_in_AFilter 
905056     WARN  main            d.u.i.k.p.i.IntermediateProofReplayer Proof contains wrong number of \assumes instatiations for Definition_axiom_for_staticPermissions_in_Plotter 
905057     WARN  main            d.u.i.k.p.i.IntermediateProofReplayer Proof contains wrong number of \assumes instatiations for Definition_axiom_for_staticPermissions_in_BFilter 
905058     WARN  main            d.u.i.k.p.i.IntermediateProofReplayer Proof contains wrong number of \assumes instatiations for Definition_axiom_for_workingPermissions_in_Plotter 
905059     WARN  main            d.u.i.k.p.i.IntermediateProofReplayer Proof contains wrong number of \assumes instatiations for Definition_axiom_for_stateInv_in_Sampler 
905060     WARN  main            d.u.i.k.p.i.IntermediateProofReplayer Proof contains wrong number of \assumes instatiations for Definition_axiom_for_stateInv_in_Sampler 
905061     WARN  main            d.u.i.k.p.i.IntermediateProofReplayer Proof contains wrong number of \assumes instatiations for Definition_axiom_for_staticPermissions_in_Sampler 
905061     WARN  main            d.u.i.k.p.i.IntermediateProofReplayer Proof contains wrong number of \assumes instatiations for Definition_axiom_for_staticPermissions_in_BFilter 
905062     WARN  main            d.u.i.k.p.i.IntermediateProofReplayer Proof contains wrong number of \assumes instatiations for Definition_axiom_for_staticPermissions_in_AFilter 
905063     WARN  main            d.u.i.k.p.i.IntermediateProofReplayer Proof contains wrong number of \assumes instatiations for Definition_axiom_for_staticPermissions_in_Sampler 
905064     WARN  main            d.u.i.k.p.i.IntermediateProofReplayer Proof contains wrong number of \assumes instatiations for Definition_axiom_for_staticPermissions_in_Sampler 
905064     WARN  main            d.u.i.k.p.i.IntermediateProofReplayer Proof contains wrong number of \assumes instatiations for Definition_axiom_for_staticPermissions_in_Sampler 
905065     WARN  main            d.u.i.k.p.i.IntermediateProofReplayer Proof contains wrong number of \assumes instatiations for Definition_axiom_for_joinTransfer_in_Plotter 
Returning from test permissionHeap
Running test completionScopes
18:18:51,651 |-INFO in ch.qos.logback.classic.LoggerContext[default] - Could NOT find resource [logback-test.xml]
18:18:51,652 |-INFO in ch.qos.logback.classic.LoggerContext[default] - Found resource [logback.xml] at [file:/home/runner/work/key/key/key.core/build/resources/test/logback.xml]
18:18:51,864 |-INFO in ch.qos.logback.classic.joran.action.ConfigurationAction - debug attribute not set
18:18:51,864 |-INFO in ch.qos.logback.core.joran.action.AppenderAction - About to instantiate appender of type [ch.qos.logback.core.ConsoleAppender]
18:18:51,885 |-INFO in ch.qos.logback.core.joran.action.AppenderAction - Naming appender as [STDOUT]
18:18:51,894 |-ERROR in ch.qos.logback.core.joran.spi.Interpreter@3:15 - no applicable action for [file], current ElementPath  is [[configuration][appender][file]]
18:18:51,896 |-ERROR in ch.qos.logback.core.joran.spi.Interpreter@4:17 - no applicable action for [append], current ElementPath  is [[configuration][appender][append]]
18:18:51,897 |-INFO in ch.qos.logback.core.joran.action.NestedComplexPropertyIA - Assuming default type [ch.qos.logback.classic.encoder.PatternLayoutEncoder] for [encoder] property
18:18:51,939 |-INFO in ch.qos.logback.classic.joran.action.RootLoggerAction - Setting level of ROOT logger to WARN
18:18:51,939 |-INFO in ch.qos.logback.core.joran.action.AppenderRefAction - Attaching appender named [STDOUT] to Logger[ROOT]
18:18:51,940 |-INFO in ch.qos.logback.classic.joran.action.ConfigurationAction - End of configuration.
18:18:51,941 |-INFO in ch.qos.logback.classic.joran.JoranConfigurator@2f177a4b - Registering current configuration as safe fallback point

540        WARN  main            d.u.i.k.s.ProofSettings   The settings in /home/runner/.key/proof-settings.props are *not* read. 
Returning from test completionScopes
Running test reload_examples
18:19:45,605 |-INFO in ch.qos.logback.classic.LoggerContext[default] - Could NOT find resource [logback-test.xml]
18:19:45,606 |-INFO in ch.qos.logback.classic.LoggerContext[default] - Found resource [logback.xml] at [file:/home/runner/work/key/key/key.core/build/resources/test/logback.xml]
18:19:45,714 |-INFO in ch.qos.logback.classic.joran.action.ConfigurationAction - debug attribute not set
18:19:45,714 |-INFO in ch.qos.logback.core.joran.action.AppenderAction - About to instantiate appender of type [ch.qos.logback.core.ConsoleAppender]
18:19:45,725 |-INFO in ch.qos.logback.core.joran.action.AppenderAction - Naming appender as [STDOUT]
18:19:45,729 |-ERROR in ch.qos.logback.core.joran.spi.Interpreter@3:15 - no applicable action for [file], current ElementPath  is [[configuration][appender][file]]
18:19:45,730 |-ERROR in ch.qos.logback.core.joran.spi.Interpreter@4:17 - no applicable action for [append], current ElementPath  is [[configuration][appender][append]]
18:19:45,731 |-INFO in ch.qos.logback.core.joran.action.NestedComplexPropertyIA - Assuming default type [ch.qos.logback.classic.encoder.PatternLayoutEncoder] for [encoder] property
18:19:45,749 |-INFO in ch.qos.logback.classic.joran.action.RootLoggerAction - Setting level of ROOT logger to WARN
18:19:45,749 |-INFO in ch.qos.logback.core.joran.action.AppenderRefAction - Attaching appender named [STDOUT] to Logger[ROOT]
18:19:45,750 |-INFO in ch.qos.logback.classic.joran.action.ConfigurationAction - End of configuration.
18:19:45,751 |-INFO in ch.qos.logback.classic.joran.JoranConfigurator@29176cc1 - Registering current configuration as safe fallback point

274        WARN  main            d.u.i.k.s.ProofSettings   The settings in /home/runner/.key/proof-settings.props are *not* read. 
Returning from test reload_examples
Running test proofLoadRepair
18:20:29,428 |-INFO in ch.qos.logback.classic.LoggerContext[default] - Could NOT find resource [logback-test.xml]
18:20:29,429 |-INFO in ch.qos.logback.classic.LoggerContext[default] - Found resource [logback.xml] at [file:/home/runner/work/key/key/key.core/build/resources/test/logback.xml]
18:20:29,526 |-INFO in ch.qos.logback.classic.joran.action.ConfigurationAction - debug attribute not set
18:20:29,526 |-INFO in ch.qos.logback.core.joran.action.AppenderAction - About to instantiate appender of type [ch.qos.logback.core.ConsoleAppender]
18:20:29,538 |-INFO in ch.qos.logback.core.joran.action.AppenderAction - Naming appender as [STDOUT]
18:20:29,543 |-ERROR in ch.qos.logback.core.joran.spi.Interpreter@3:15 - no applicable action for [file], current ElementPath  is [[configuration][appender][file]]
18:20:29,543 |-ERROR in ch.qos.logback.core.joran.spi.Interpreter@4:17 - no applicable action for [append], current ElementPath  is [[configuration][appender][append]]
18:20:29,544 |-INFO in ch.qos.logback.core.joran.action.NestedComplexPropertyIA - Assuming default type [ch.qos.logback.classic.encoder.PatternLayoutEncoder] for [encoder] property
18:20:29,565 |-INFO in ch.qos.logback.classic.joran.action.RootLoggerAction - Setting level of ROOT logger to WARN
18:20:29,565 |-INFO in ch.qos.logback.core.joran.action.AppenderRefAction - Attaching appender named [STDOUT] to Logger[ROOT]
18:20:29,566 |-INFO in ch.qos.logback.classic.joran.action.ConfigurationAction - End of configuration.
18:20:29,567 |-INFO in ch.qos.logback.classic.joran.JoranConfigurator@29176cc1 - Registering current configuration as safe fallback point

286        WARN  main            d.u.i.k.s.ProofSettings   The settings in /home/runner/.key/proof-settings.props are *not* read. 
7995       WARN  main            d.u.i.k.p.i.IntermediateProofReplayer Proof contains wrong number of \assumes instatiations for andLeft 
7996       WARN  main            d.u.i.k.p.i.IntermediateProofReplayer Proof contains wrong number of \assumes instatiations for replace_known_right 
8000       WARN  main            d.u.i.k.p.i.IntermediateProofReplayer Proof contains wrong number of \assumes instatiations for close 
11036      WARN  main            d.u.i.k.p.i.IntermediateProofReplayer Proof contains wrong number of \assumes instatiations for applyEq 
Returning from test proofLoadRepair
Running test switch
18:20:48,759 |-INFO in ch.qos.logback.classic.LoggerContext[default] - Could NOT find resource [logback-test.xml]
18:20:48,765 |-INFO in ch.qos.logback.classic.LoggerContext[default] - Found resource [logback.xml] at [file:/home/runner/work/key/key/key.core/build/resources/test/logback.xml]
18:20:48,881 |-INFO in ch.qos.logback.classic.joran.action.ConfigurationAction - debug attribute not set
18:20:48,882 |-INFO in ch.qos.logback.core.joran.action.AppenderAction - About to instantiate appender of type [ch.qos.logback.core.ConsoleAppender]
18:20:48,892 |-INFO in ch.qos.logback.core.joran.action.AppenderAction - Naming appender as [STDOUT]
18:20:48,896 |-ERROR in ch.qos.logback.core.joran.spi.Interpreter@3:15 - no applicable action for [file], current ElementPath  is [[configuration][appender][file]]
18:20:48,896 |-ERROR in ch.qos.logback.core.joran.spi.Interpreter@4:17 - no applicable action for [append], current ElementPath  is [[configuration][appender][append]]
18:20:48,901 |-INFO in ch.qos.logback.core.joran.action.NestedComplexPropertyIA - Assuming default type [ch.qos.logback.classic.encoder.PatternLayoutEncoder] for [encoder] property
18:20:48,921 |-INFO in ch.qos.logback.classic.joran.action.RootLoggerAction - Setting level of ROOT logger to WARN
18:20:48,921 |-INFO in ch.qos.logback.core.joran.action.AppenderRefAction - Attaching appender named [STDOUT] to Logger[ROOT]
18:20:48,921 |-INFO in ch.qos.logback.classic.joran.action.ConfigurationAction - End of configuration.
18:20:48,923 |-INFO in ch.qos.logback.classic.joran.JoranConfigurator@29176cc1 - Registering current configuration as safe fallback point

298        WARN  main            d.u.i.k.s.ProofSettings   The settings in /home/runner/.key/proof-settings.props are *not* read. 
Returning from test switch
Running test redux
18:21:52,881 |-INFO in ch.qos.logback.classic.LoggerContext[default] - Could NOT find resource [logback-test.xml]
18:21:52,882 |-INFO in ch.qos.logback.classic.LoggerContext[default] - Found resource [logback.xml] at [file:/home/runner/work/key/key/key.core/build/resources/test/logback.xml]
18:21:52,986 |-INFO in ch.qos.logback.classic.joran.action.ConfigurationAction - debug attribute not set
18:21:52,986 |-INFO in ch.qos.logback.core.joran.action.AppenderAction - About to instantiate appender of type [ch.qos.logback.core.ConsoleAppender]
18:21:52,998 |-INFO in ch.qos.logback.core.joran.action.AppenderAction - Naming appender as [STDOUT]
18:21:53,002 |-ERROR in ch.qos.logback.core.joran.spi.Interpreter@3:15 - no applicable action for [file], current ElementPath  is [[configuration][appender][file]]
18:21:53,002 |-ERROR in ch.qos.logback.core.joran.spi.Interpreter@4:17 - no applicable action for [append], current ElementPath  is [[configuration][appender][append]]
18:21:53,004 |-INFO in ch.qos.logback.core.joran.action.NestedComplexPropertyIA - Assuming default type [ch.qos.logback.classic.encoder.PatternLayoutEncoder] for [encoder] property
18:21:53,023 |-INFO in ch.qos.logback.classic.joran.action.RootLoggerAction - Setting level of ROOT logger to WARN
18:21:53,024 |-INFO in ch.qos.logback.core.joran.action.AppenderRefAction - Attaching appender named [STDOUT] to Logger[ROOT]
18:21:53,024 |-INFO in ch.qos.logback.classic.joran.action.ConfigurationAction - End of configuration.
18:21:53,026 |-INFO in ch.qos.logback.classic.joran.JoranConfigurator@29176cc1 - Registering current configuration as safe fallback point

276        WARN  main            d.u.i.k.s.ProofSettings   The settings in /home/runner/.key/proof-settings.props are *not* read. 
]]></system-out>
  <system-err><![CDATA[Timeout watcher launched (2000 secs.)
Timeout watcher launched (2000 secs.)
Timeout watcher launched (2000 secs.)
Timeout watcher launched (2000 secs.)
Timeout watcher launched (2000 secs.)
Timeout watcher launched (2000 secs.)
Timeout watcher launched (2000 secs.)
Timeout watcher launched (2000 secs.)
Timeout watcher launched (2000 secs.)
Timeout watcher launched (2000 secs.)
Timeout watcher launched (2000 secs.)
Timeout watcher launched (2000 secs.)
Timeout watcher launched (2000 secs.)
Timeout watcher launched (2000 secs.)
Timeout watcher launched (2000 secs.)
Timeout watcher launched (2000 secs.)
Timeout watcher launched (2000 secs.)
Timeout watcher launched (2000 secs.)
Timeout watcher launched (2000 secs.)
Timeout watcher launched (2000 secs.)
Timeout watcher launched (2000 secs.)
Timeout watcher launched (2000 secs.)
Timeout watcher launched (2000 secs.)
Timeout watcher launched (2000 secs.)
Timeout watcher launched (2000 secs.)
Timeout watcher launched (2000 secs.)
Timeout watcher launched (2000 secs.)
Timeout watcher launched (2000 secs.)
Timeout watcher launched (2000 secs.)
Feb 21, 2023 5:21:44 PM de.uka.ilkd.key.macros.scripts.ScriptCommand execute
INFO: Included script /home/runner/work/key/key/key.core/../key.ui/examples/index/.././heap/quicksort/sort.script
Timeout watcher launched (2000 secs.)
Timeout watcher launched (2000 secs.)
Timeout watcher launched (2000 secs.)
Timeout watcher launched (2000 secs.)
Timeout watcher launched (2000 secs.)
Timeout watcher launched (2000 secs.)
Timeout watcher launched (2000 secs.)
Timeout watcher launched (2000 secs.)
Error loading proof.
Line 101, goal 35, rule emptyModality not available or not applicable in this context. (file: /home/runner/work/key/key/key.core/../key.ui/examples/index/.././standard_key/java_dl/danglingElseSolution1.key.proof; caused by: de.uka.ilkd.key.proof.io.IntermediateProofReplayer$TacletAppConstructionException: Wrong position information: Term subterm: [1] of update-application(elem-update(a)(Z(0(#))),\<{;}\> (imp(geq(i,Z(1(1(#)))),and(imp(leq(j,Z(neglit(1(#)))),equals(a,Z(0(#)))),imp(geq(j,Z(0(#))),equals(a,Z(1(#)))))))))
	at de.uka.ilkd.key.proof.io.IntermediateProofReplayer.reportError(IntermediateProofReplayer.java:767)
	at de.uka.ilkd.key.proof.io.IntermediateProofReplayer.replay(IntermediateProofReplayer.java:204)
	at de.uka.ilkd.key.proof.io.AbstractProblemLoader.replayProof(AbstractProblemLoader.java:708)
	at de.uka.ilkd.key.proof.io.AbstractProblemLoader.loadSelectedProof(AbstractProblemLoader.java:323)
	at de.uka.ilkd.key.proof.io.AbstractProblemLoader.load(AbstractProblemLoader.java:264)
	at de.uka.ilkd.key.control.AbstractUserInterfaceControl.load(AbstractUserInterfaceControl.java:209)
	at de.uka.ilkd.key.control.KeYEnvironment.load(KeYEnvironment.java:251)
	at de.uka.ilkd.key.control.KeYEnvironment.load(KeYEnvironment.java:224)
	at de.uka.ilkd.key.control.KeYEnvironment.load(KeYEnvironment.java:184)
	at de.uka.ilkd.key.control.KeYEnvironment.load(KeYEnvironment.java:261)
	at de.uka.ilkd.key.proof.runallproofs.proofcollection.TestFile.reloadProof(TestFile.java:288)
	at de.uka.ilkd.key.proof.runallproofs.proofcollection.TestFile.reload(TestFile.java:241)
	at de.uka.ilkd.key.proof.runallproofs.proofcollection.TestFile.runKey(TestFile.java:215)
	at de.uka.ilkd.key.proof.runallproofs.proofcollection.ForkedTestFileRunner.main(ForkedTestFileRunner.java:171)
Caused by: de.uka.ilkd.key.proof.io.IntermediateProofReplayer$TacletAppConstructionException: Wrong position information: Term subterm: [1] of update-application(elem-update(a)(Z(0(#))),\<{;}\> (imp(geq(i,Z(1(1(#)))),and(imp(leq(j,Z(neglit(1(#)))),equals(a,Z(0(#)))),imp(geq(j,Z(0(#))),equals(a,Z(1(#))))))))
	at de.uka.ilkd.key.proof.io.IntermediateProofReplayer.constructTacletApp(IntermediateProofReplayer.java:442)
	at de.uka.ilkd.key.proof.io.IntermediateProofReplayer.replay(IntermediateProofReplayer.java:183)
	... 12 more
Caused by: java.lang.NullPointerException
	at de.uka.ilkd.key.proof.io.IntermediateProofReplayer.constructTacletApp(IntermediateProofReplayer.java:440)
	... 13 more
Error loading proof.
Line 120, goal 43, rule emptyModality not available or not applicable in this context. (file: /home/runner/work/key/key/key.core/../key.ui/examples/index/.././standard_key/java_dl/danglingElseSolution1.key.proof; caused by: de.uka.ilkd.key.proof.io.IntermediateProofReplayer$TacletAppConstructionException: Wrong position information: Term subterm: [1] of update-application(elem-update(a)(Z(1(#))),\<{ {};}\> (imp(geq(i,Z(1(1(#)))),and(imp(leq(j,Z(neglit(1(#)))),equals(a,Z(0(#)))),imp(geq(j,Z(0(#))),equals(a,Z(1(#)))))))))
	at de.uka.ilkd.key.proof.io.IntermediateProofReplayer.reportError(IntermediateProofReplayer.java:767)
	at de.uka.ilkd.key.proof.io.IntermediateProofReplayer.replay(IntermediateProofReplayer.java:204)
	at de.uka.ilkd.key.proof.io.AbstractProblemLoader.replayProof(AbstractProblemLoader.java:708)
	at de.uka.ilkd.key.proof.io.AbstractProblemLoader.loadSelectedProof(AbstractProblemLoader.java:323)
	at de.uka.ilkd.key.proof.io.AbstractProblemLoader.load(AbstractProblemLoader.java:264)
	at de.uka.ilkd.key.control.AbstractUserInterfaceControl.load(AbstractUserInterfaceControl.java:209)
	at de.uka.ilkd.key.control.KeYEnvironment.load(KeYEnvironment.java:251)
	at de.uka.ilkd.key.control.KeYEnvironment.load(KeYEnvironment.java:224)
	at de.uka.ilkd.key.control.KeYEnvironment.load(KeYEnvironment.java:184)
	at de.uka.ilkd.key.control.KeYEnvironment.load(KeYEnvironment.java:261)
	at de.uka.ilkd.key.proof.runallproofs.proofcollection.TestFile.reloadProof(TestFile.java:288)
	at de.uka.ilkd.key.proof.runallproofs.proofcollection.TestFile.reload(TestFile.java:241)
	at de.uka.ilkd.key.proof.runallproofs.proofcollection.TestFile.runKey(TestFile.java:215)
	at de.uka.ilkd.key.proof.runallproofs.proofcollection.ForkedTestFileRunner.main(ForkedTestFileRunner.java:171)
Caused by: de.uka.ilkd.key.proof.io.IntermediateProofReplayer$TacletAppConstructionException: Wrong position information: Term subterm: [1] of update-application(elem-update(a)(Z(1(#))),\<{ {};}\> (imp(geq(i,Z(1(1(#)))),and(imp(leq(j,Z(neglit(1(#)))),equals(a,Z(0(#)))),imp(geq(j,Z(0(#))),equals(a,Z(1(#))))))))
	at de.uka.ilkd.key.proof.io.IntermediateProofReplayer.constructTacletApp(IntermediateProofReplayer.java:442)
	at de.uka.ilkd.key.proof.io.IntermediateProofReplayer.replay(IntermediateProofReplayer.java:183)
	... 12 more
Caused by: java.lang.NullPointerException
	at de.uka.ilkd.key.proof.io.IntermediateProofReplayer.constructTacletApp(IntermediateProofReplayer.java:440)
	... 13 more
Error loading proof.
Line 140, goal 51, rule emptyModality not available or not applicable in this context. (file: /home/runner/work/key/key/key.core/../key.ui/examples/index/.././standard_key/java_dl/danglingElseSolution1.key.proof; caused by: de.uka.ilkd.key.proof.io.IntermediateProofReplayer$TacletAppConstructionException: Wrong position information: Term top level of \<{;}\> (imp(geq(i,Z(1(1(#)))),and(imp(leq(j,Z(neglit(1(#)))),equals(a,Z(0(#)))),imp(geq(j,Z(0(#))),equals(a,Z(1(#))))))))
	at de.uka.ilkd.key.proof.io.IntermediateProofReplayer.reportError(IntermediateProofReplayer.java:767)
	at de.uka.ilkd.key.proof.io.IntermediateProofReplayer.replay(IntermediateProofReplayer.java:204)
	at de.uka.ilkd.key.proof.io.AbstractProblemLoader.replayProof(AbstractProblemLoader.java:708)
	at de.uka.ilkd.key.proof.io.AbstractProblemLoader.loadSelectedProof(AbstractProblemLoader.java:323)
	at de.uka.ilkd.key.proof.io.AbstractProblemLoader.load(AbstractProblemLoader.java:264)
	at de.uka.ilkd.key.control.AbstractUserInterfaceControl.load(AbstractUserInterfaceControl.java:209)
	at de.uka.ilkd.key.control.KeYEnvironment.load(KeYEnvironment.java:251)
	at de.uka.ilkd.key.control.KeYEnvironment.load(KeYEnvironment.java:224)
	at de.uka.ilkd.key.control.KeYEnvironment.load(KeYEnvironment.java:184)
	at de.uka.ilkd.key.control.KeYEnvironment.load(KeYEnvironment.java:261)
	at de.uka.ilkd.key.proof.runallproofs.proofcollection.TestFile.reloadProof(TestFile.java:288)
	at de.uka.ilkd.key.proof.runallproofs.proofcollection.TestFile.reload(TestFile.java:241)
	at de.uka.ilkd.key.proof.runallproofs.proofcollection.TestFile.runKey(TestFile.java:215)
	at de.uka.ilkd.key.proof.runallproofs.proofcollection.ForkedTestFileRunner.main(ForkedTestFileRunner.java:171)
Caused by: de.uka.ilkd.key.proof.io.IntermediateProofReplayer$TacletAppConstructionException: Wrong position information: Term top level of \<{;}\> (imp(geq(i,Z(1(1(#)))),and(imp(leq(j,Z(neglit(1(#)))),equals(a,Z(0(#)))),imp(geq(j,Z(0(#))),equals(a,Z(1(#)))))))
	at de.uka.ilkd.key.proof.io.IntermediateProofReplayer.constructTacletApp(IntermediateProofReplayer.java:442)
	at de.uka.ilkd.key.proof.io.IntermediateProofReplayer.replay(IntermediateProofReplayer.java:183)
	... 12 more
Caused by: java.lang.NullPointerException
	at de.uka.ilkd.key.proof.io.IntermediateProofReplayer.constructTacletApp(IntermediateProofReplayer.java:440)
	... 13 more
java.lang.Exception: Exception while loading proof (see cause for details): /home/runner/work/key/key/key.core/../key.ui/examples/index/.././standard_key/java_dl/danglingElseSolution1.key.proof
	at de.uka.ilkd.key.proof.runallproofs.proofcollection.TestFile.reloadProof(TestFile.java:311)
	at de.uka.ilkd.key.proof.runallproofs.proofcollection.TestFile.reload(TestFile.java:241)
	at de.uka.ilkd.key.proof.runallproofs.proofcollection.TestFile.runKey(TestFile.java:215)
	at de.uka.ilkd.key.proof.runallproofs.proofcollection.ForkedTestFileRunner.main(ForkedTestFileRunner.java:171)
Caused by: Error loading proof.
Line 101, goal 35, rule emptyModality not available or not applicable in this context. (file: /home/runner/work/key/key/key.core/../key.ui/examples/index/.././standard_key/java_dl/danglingElseSolution1.key.proof; caused by: de.uka.ilkd.key.proof.io.IntermediateProofReplayer$TacletAppConstructionException: Wrong position information: Term subterm: [1] of update-application(elem-update(a)(Z(0(#))),\<{;}\> (imp(geq(i,Z(1(1(#)))),and(imp(leq(j,Z(neglit(1(#)))),equals(a,Z(0(#)))),imp(geq(j,Z(0(#))),equals(a,Z(1(#)))))))))
	at de.uka.ilkd.key.proof.io.IntermediateProofReplayer.reportError(IntermediateProofReplayer.java:767)
	at de.uka.ilkd.key.proof.io.IntermediateProofReplayer.replay(IntermediateProofReplayer.java:204)
	at de.uka.ilkd.key.proof.io.AbstractProblemLoader.replayProof(AbstractProblemLoader.java:708)
	at de.uka.ilkd.key.proof.io.AbstractProblemLoader.loadSelectedProof(AbstractProblemLoader.java:323)
	at de.uka.ilkd.key.proof.io.AbstractProblemLoader.load(AbstractProblemLoader.java:264)
	at de.uka.ilkd.key.control.AbstractUserInterfaceControl.load(AbstractUserInterfaceControl.java:209)
	at de.uka.ilkd.key.control.KeYEnvironment.load(KeYEnvironment.java:251)
	at de.uka.ilkd.key.control.KeYEnvironment.load(KeYEnvironment.java:224)
	at de.uka.ilkd.key.control.KeYEnvironment.load(KeYEnvironment.java:184)
	at de.uka.ilkd.key.control.KeYEnvironment.load(KeYEnvironment.java:261)
	at de.uka.ilkd.key.proof.runallproofs.proofcollection.TestFile.reloadProof(TestFile.java:288)
	... 3 more
Caused by: de.uka.ilkd.key.proof.io.IntermediateProofReplayer$TacletAppConstructionException: Wrong position information: Term subterm: [1] of update-application(elem-update(a)(Z(0(#))),\<{;}\> (imp(geq(i,Z(1(1(#)))),and(imp(leq(j,Z(neglit(1(#)))),equals(a,Z(0(#)))),imp(geq(j,Z(0(#))),equals(a,Z(1(#))))))))
	at de.uka.ilkd.key.proof.io.IntermediateProofReplayer.constructTacletApp(IntermediateProofReplayer.java:442)
	at de.uka.ilkd.key.proof.io.IntermediateProofReplayer.replay(IntermediateProofReplayer.java:183)
	... 12 more
Caused by: java.lang.NullPointerException
	at de.uka.ilkd.key.proof.io.IntermediateProofReplayer.constructTacletApp(IntermediateProofReplayer.java:440)
	... 13 more
Exception in thread "main" org.opentest4j.AssertionFailedError: Exception during the execution of proofs. See log for more details.
	at org.junit.jupiter.api.AssertionUtils.fail(AssertionUtils.java:39)
	at org.junit.jupiter.api.Assertions.fail(Assertions.java:134)
	at de.uka.ilkd.key.proof.runallproofs.proofcollection.ForkedTestFileRunner.main(ForkedTestFileRunner.java:192)
Timeout watcher launched (2000 secs.)
Timeout watcher launched (2000 secs.)
Timeout watcher launched (2000 secs.)
Timeout watcher launched (2000 secs.)
Timeout watcher launched (2000 secs.)
Timeout watcher launched (2000 secs.)
Timeout watcher launched (2000 secs.)
Timeout watcher launched (2000 secs.)
Timeout watcher launched (2000 secs.)
Timeout watcher launched (2000 secs.)
SMT Runtime, goal 17: 42 ms; valid
java.lang.Exception: Exception while loading proof (see cause for details): /home/runner/work/key/key/key.core/../key.ui/examples/index/.././redux/arrays/Arrays.copyOf.float.key.proof
	at de.uka.ilkd.key.proof.runallproofs.proofcollection.TestFile.reloadProof(TestFile.java:311)
	at de.uka.ilkd.key.proof.runallproofs.proofcollection.TestFile.reload(TestFile.java:241)
	at de.uka.ilkd.key.proof.runallproofs.proofcollection.TestFile.runKey(TestFile.java:215)
	at de.uka.ilkd.key.proof.runallproofs.proofcollection.ForkedTestFileRunner.main(ForkedTestFileRunner.java:171)
Caused by: org.opentest4j.AssertionFailedError: Reloaded proof did not close: /home/runner/work/key/key/key.core/../key.ui/examples/index/.././redux/arrays/Arrays.copyOf.float.key.proof, open goals were [17] ==> expected: <true> but was: <false>
	at org.junit.jupiter.api.AssertionUtils.fail(AssertionUtils.java:55)
	at org.junit.jupiter.api.AssertTrue.assertTrue(AssertTrue.java:40)
	at org.junit.jupiter.api.Assertions.assertTrue(Assertions.java:210)
	at de.uka.ilkd.key.proof.runallproofs.proofcollection.TestFile.reloadProof(TestFile.java:308)
	... 3 more
SMT Runtime, goal 27: 30 ms; valid
java.lang.Exception: Exception while loading proof (see cause for details): /home/runner/work/key/key/key.core/../key.ui/examples/index/.././redux/arrays/Arrays.copyOfRange.float.key.proof
	at de.uka.ilkd.key.proof.runallproofs.proofcollection.TestFile.reloadProof(TestFile.java:311)
	at de.uka.ilkd.key.proof.runallproofs.proofcollection.TestFile.reload(TestFile.java:241)
	at de.uka.ilkd.key.proof.runallproofs.proofcollection.TestFile.runKey(TestFile.java:215)
	at de.uka.ilkd.key.proof.runallproofs.proofcollection.ForkedTestFileRunner.main(ForkedTestFileRunner.java:171)
Caused by: org.opentest4j.AssertionFailedError: Reloaded proof did not close: /home/runner/work/key/key/key.core/../key.ui/examples/index/.././redux/arrays/Arrays.copyOfRange.float.key.proof, open goals were [27] ==> expected: <true> but was: <false>
	at org.junit.jupiter.api.AssertionUtils.fail(AssertionUtils.java:55)
	at org.junit.jupiter.api.AssertTrue.assertTrue(AssertTrue.java:40)
	at org.junit.jupiter.api.Assertions.assertTrue(Assertions.java:210)
	at de.uka.ilkd.key.proof.runallproofs.proofcollection.TestFile.reloadProof(TestFile.java:308)
	... 3 more
Exception in thread "main" org.opentest4j.AssertionFailedError: Exception during the execution of proofs. See log for more details.
	at org.junit.jupiter.api.AssertionUtils.fail(AssertionUtils.java:39)
	at org.junit.jupiter.api.Assertions.fail(Assertions.java:134)
	at de.uka.ilkd.key.proof.runallproofs.proofcollection.ForkedTestFileRunner.main(ForkedTestFileRunner.java:192)
]]></system-err>
</testsuite>
