<?xml version="1.0" encoding="UTF-8"?>
<testsuite name="de.uka.ilkd.key.logic.TestSyntacticalReplaceVisitor" tests="2" skipped="0" failures="0" errors="0" timestamp="2023-06-12T17:32:54" hostname="fv-az397-12" time="0.015">
  <properties/>
  <testcase name="testSubstitutionReplacement()" classname="de.uka.ilkd.key.logic.TestSyntacticalReplaceVisitor" time="0.005"/>
  <testcase name="test1()" classname="de.uka.ilkd.key.logic.TestSyntacticalReplaceVisitor" time="0.001"/>
  <system-out><![CDATA[]]></system-out>
  <system-err><![CDATA[]]></system-err>
</testsuite>
