<?xml version="1.0" encoding="UTF-8"?>
<testsuite name="de.uka.ilkd.key.logic.TestClashFreeSubst" tests="14" skipped="2" failures="0" errors="0" timestamp="2023-06-12T17:28:10" hostname="fv-az397-12" time="5.208">
  <properties/>
  <testcase name="testMultiShareBound()" classname="de.uka.ilkd.key.logic.TestClashFreeSubst" time="0.016"/>
  <testcase name="testClash()" classname="de.uka.ilkd.key.logic.TestClashFreeSubst" time="0.014"/>
  <testcase name="testShare()" classname="de.uka.ilkd.key.logic.TestClashFreeSubst" time="0.01"/>
  <testcase name="testSubst()" classname="de.uka.ilkd.key.logic.TestClashFreeSubst" time="0.01"/>
  <testcase name="testWary0()" classname="de.uka.ilkd.key.logic.TestClashFreeSubst" time="0.012"/>
  <testcase name="testWary1()" classname="de.uka.ilkd.key.logic.TestClashFreeSubst" time="0.026"/>
  <testcase name="testWary2()" classname="de.uka.ilkd.key.logic.TestClashFreeSubst" time="0.015"/>
  <testcase name="testClashInSubstTerm()" classname="de.uka.ilkd.key.logic.TestClashFreeSubst" time="0.019"/>
  <testcase name="testShareWary()" classname="de.uka.ilkd.key.logic.TestClashFreeSubst" time="0.009"/>
  <testcase name="testMultiSubst()" classname="de.uka.ilkd.key.logic.TestClashFreeSubst" time="0.009"/>
  <testcase name="xtestMultiClash()" classname="de.uka.ilkd.key.logic.TestClashFreeSubst" time="0.0">
    <skipped/>
  </testcase>
  <testcase name="testSubstInSubstTerm()" classname="de.uka.ilkd.key.logic.TestClashFreeSubst" time="0.015"/>
  <testcase name="testSubstWary()" classname="de.uka.ilkd.key.logic.TestClashFreeSubst" time="0.015"/>
  <testcase name="xtestMultiClash1()" classname="de.uka.ilkd.key.logic.TestClashFreeSubst" time="0.003">
    <skipped/>
  </testcase>
  <system-out><![CDATA[]]></system-out>
  <system-err><![CDATA[35830      ERROR Test worker     d.u.i.k.j.KeYJPMapping    Duplicate registration of node: boolean, formerNode: /*@ pure @*/
boolean 
35891      ERROR Test worker     d.u.i.k.j.KeYJPMapping    Duplicate registration of node: /*@pure*/
int, formerNode: int 
35895      ERROR Test worker     d.u.i.k.j.KeYJPMapping    Duplicate registration of node: /*@ helper */
int, formerNode: int 
35896      ERROR Test worker     d.u.i.k.j.KeYJPMapping    Duplicate registration of node: /*@ helper */
boolean, formerNode: /*@ pure @*/
boolean 
35897      ERROR Test worker     d.u.i.k.j.KeYJPMapping    Duplicate registration of node: /*@ helper */
char, formerNode: char 
35899      ERROR Test worker     d.u.i.k.j.KeYJPMapping    Duplicate registration of node: byte[], formerNode: byte[] 
35904      ERROR Test worker     d.u.i.k.j.KeYJPMapping    Duplicate registration of node: /*@ helper */
java.lang.String, formerNode: java.lang.String 
35929      ERROR Test worker     d.u.i.k.j.KeYJPMapping    Duplicate registration of node: /*@strictly_pure*/
java.lang.String, formerNode: java.lang.String 
35936      ERROR Test worker     d.u.i.k.j.KeYJPMapping    Duplicate registration of node: /*@nullable@*/
Object, formerNode: Object 
35986      ERROR Test worker     d.u.i.k.j.KeYJPMapping    Duplicate registration of node: /*@pure@*/
String, formerNode: String 
35989      ERROR Test worker     d.u.i.k.j.KeYJPMapping    Duplicate registration of node: char[], formerNode: char[] 
35990      ERROR Test worker     d.u.i.k.j.KeYJPMapping    Duplicate registration of node: int[], formerNode: int[] 
36004      ERROR Test worker     d.u.i.k.j.KeYJPMapping    Duplicate registration of value: testTermParserHeap.A::next;, formerValue: testTermParserHeap.A::next; 
36005      ERROR Test worker     d.u.i.k.j.KeYJPMapping    Duplicate registration of value: A testTermParserHeap.A::next;, formerValue: A testTermParserHeap.A::next; 
36116      INFO  Test worker     d.u.i.k.n.KeyIO           Parsing took 0 ms 
36117      DEBUG Test worker     d.u.i.k.n.KeyIO           Load declarations of de.uka.ilkd.key.nparser.KeyAst$File:  <unknown>:1#1 
36118      INFO  Test worker     d.u.i.k.n.KeyIO           MODE: declarations took 1 ms 
36118      DEBUG Test worker     d.u.i.k.n.KeyIO           MODE: 2nd degree decls took 0 
36118      INFO  Test worker     d.u.i.k.n.KeyIO           Parsing took 0 ms 
36118      DEBUG Test worker     d.u.i.k.n.KeyIO           Load declarations of de.uka.ilkd.key.nparser.KeyAst$File:  <unknown>:1#1 
36119      INFO  Test worker     d.u.i.k.n.KeyIO           MODE: declarations took 1 ms 
36120      DEBUG Test worker     d.u.i.k.n.KeyIO           MODE: 2nd degree decls took 1 
36361      ERROR Test worker     d.u.i.k.j.KeYJPMapping    Duplicate registration of node: boolean, formerNode: /*@ pure @*/
boolean 
36422      ERROR Test worker     d.u.i.k.j.KeYJPMapping    Duplicate registration of node: /*@pure*/
int, formerNode: int 
36426      ERROR Test worker     d.u.i.k.j.KeYJPMapping    Duplicate registration of node: /*@ helper */
int, formerNode: int 
36427      ERROR Test worker     d.u.i.k.j.KeYJPMapping    Duplicate registration of node: /*@ helper */
boolean, formerNode: /*@ pure @*/
boolean 
36428      ERROR Test worker     d.u.i.k.j.KeYJPMapping    Duplicate registration of node: /*@ helper */
char, formerNode: char 
36429      ERROR Test worker     d.u.i.k.j.KeYJPMapping    Duplicate registration of node: byte[], formerNode: byte[] 
36442      ERROR Test worker     d.u.i.k.j.KeYJPMapping    Duplicate registration of node: /*@ helper */
java.lang.String, formerNode: java.lang.String 
36481      ERROR Test worker     d.u.i.k.j.KeYJPMapping    Duplicate registration of node: /*@strictly_pure*/
java.lang.String, formerNode: java.lang.String 
36487      ERROR Test worker     d.u.i.k.j.KeYJPMapping    Duplicate registration of node: /*@nullable@*/
Object, formerNode: Object 
36536      ERROR Test worker     d.u.i.k.j.KeYJPMapping    Duplicate registration of node: /*@pure@*/
String, formerNode: String 
36547      ERROR Test worker     d.u.i.k.j.KeYJPMapping    Duplicate registration of node: char[], formerNode: char[] 
36548      ERROR Test worker     d.u.i.k.j.KeYJPMapping    Duplicate registration of node: int[], formerNode: int[] 
36574      ERROR Test worker     d.u.i.k.j.KeYJPMapping    Duplicate registration of value: testTermParserHeap.A::next;, formerValue: testTermParserHeap.A::next; 
36575      ERROR Test worker     d.u.i.k.j.KeYJPMapping    Duplicate registration of value: A testTermParserHeap.A::next;, formerValue: A testTermParserHeap.A::next; 
36662      INFO  Test worker     d.u.i.k.n.KeyIO           Parsing took 0 ms 
36662      DEBUG Test worker     d.u.i.k.n.KeyIO           Load declarations of de.uka.ilkd.key.nparser.KeyAst$File:  <unknown>:1#1 
36663      INFO  Test worker     d.u.i.k.n.KeyIO           MODE: declarations took 1 ms 
36663      DEBUG Test worker     d.u.i.k.n.KeyIO           MODE: 2nd degree decls took 0 
36664      INFO  Test worker     d.u.i.k.n.KeyIO           Parsing took 0 ms 
36664      DEBUG Test worker     d.u.i.k.n.KeyIO           Load declarations of de.uka.ilkd.key.nparser.KeyAst$File:  <unknown>:1#1 
36664      INFO  Test worker     d.u.i.k.n.KeyIO           MODE: declarations took 0 ms 
36665      DEBUG Test worker     d.u.i.k.n.KeyIO           MODE: 2nd degree decls took 0 
36796      ERROR Test worker     d.u.i.k.j.KeYJPMapping    Duplicate registration of node: boolean, formerNode: /*@ pure @*/
boolean 
36858      ERROR Test worker     d.u.i.k.j.KeYJPMapping    Duplicate registration of node: /*@pure*/
int, formerNode: int 
36862      ERROR Test worker     d.u.i.k.j.KeYJPMapping    Duplicate registration of node: /*@ helper */
int, formerNode: int 
36868      ERROR Test worker     d.u.i.k.j.KeYJPMapping    Duplicate registration of node: /*@ helper */
boolean, formerNode: /*@ pure @*/
boolean 
36869      ERROR Test worker     d.u.i.k.j.KeYJPMapping    Duplicate registration of node: /*@ helper */
char, formerNode: char 
36871      ERROR Test worker     d.u.i.k.j.KeYJPMapping    Duplicate registration of node: byte[], formerNode: byte[] 
36878      ERROR Test worker     d.u.i.k.j.KeYJPMapping    Duplicate registration of node: /*@ helper */
java.lang.String, formerNode: java.lang.String 
36904      ERROR Test worker     d.u.i.k.j.KeYJPMapping    Duplicate registration of node: /*@strictly_pure*/
java.lang.String, formerNode: java.lang.String 
36910      ERROR Test worker     d.u.i.k.j.KeYJPMapping    Duplicate registration of node: /*@nullable@*/
Object, formerNode: Object 
36958      ERROR Test worker     d.u.i.k.j.KeYJPMapping    Duplicate registration of node: /*@pure@*/
String, formerNode: String 
36961      ERROR Test worker     d.u.i.k.j.KeYJPMapping    Duplicate registration of node: char[], formerNode: char[] 
36961      ERROR Test worker     d.u.i.k.j.KeYJPMapping    Duplicate registration of node: int[], formerNode: int[] 
36974      ERROR Test worker     d.u.i.k.j.KeYJPMapping    Duplicate registration of value: testTermParserHeap.A::next;, formerValue: testTermParserHeap.A::next; 
36975      ERROR Test worker     d.u.i.k.j.KeYJPMapping    Duplicate registration of value: A testTermParserHeap.A::next;, formerValue: A testTermParserHeap.A::next; 
37054      INFO  Test worker     d.u.i.k.n.KeyIO           Parsing took 1 ms 
37054      DEBUG Test worker     d.u.i.k.n.KeyIO           Load declarations of de.uka.ilkd.key.nparser.KeyAst$File:  <unknown>:1#1 
37054      INFO  Test worker     d.u.i.k.n.KeyIO           MODE: declarations took 0 ms 
37055      DEBUG Test worker     d.u.i.k.n.KeyIO           MODE: 2nd degree decls took 0 
37055      INFO  Test worker     d.u.i.k.n.KeyIO           Parsing took 0 ms 
37055      DEBUG Test worker     d.u.i.k.n.KeyIO           Load declarations of de.uka.ilkd.key.nparser.KeyAst$File:  <unknown>:1#1 
37055      INFO  Test worker     d.u.i.k.n.KeyIO           MODE: declarations took 0 ms 
37056      DEBUG Test worker     d.u.i.k.n.KeyIO           MODE: 2nd degree decls took 0 
37196      ERROR Test worker     d.u.i.k.j.KeYJPMapping    Duplicate registration of node: boolean, formerNode: /*@ pure @*/
boolean 
37255      ERROR Test worker     d.u.i.k.j.KeYJPMapping    Duplicate registration of node: /*@pure*/
int, formerNode: int 
37258      ERROR Test worker     d.u.i.k.j.KeYJPMapping    Duplicate registration of node: /*@ helper */
int, formerNode: int 
37260      ERROR Test worker     d.u.i.k.j.KeYJPMapping    Duplicate registration of node: /*@ helper */
boolean, formerNode: /*@ pure @*/
boolean 
37261      ERROR Test worker     d.u.i.k.j.KeYJPMapping    Duplicate registration of node: /*@ helper */
char, formerNode: char 
37263      ERROR Test worker     d.u.i.k.j.KeYJPMapping    Duplicate registration of node: byte[], formerNode: byte[] 
37268      ERROR Test worker     d.u.i.k.j.KeYJPMapping    Duplicate registration of node: /*@ helper */
java.lang.String, formerNode: java.lang.String 
37292      ERROR Test worker     d.u.i.k.j.KeYJPMapping    Duplicate registration of node: /*@strictly_pure*/
java.lang.String, formerNode: java.lang.String 
37299      ERROR Test worker     d.u.i.k.j.KeYJPMapping    Duplicate registration of node: /*@nullable@*/
Object, formerNode: Object 
37356      ERROR Test worker     d.u.i.k.j.KeYJPMapping    Duplicate registration of node: /*@pure@*/
String, formerNode: String 
37360      ERROR Test worker     d.u.i.k.j.KeYJPMapping    Duplicate registration of node: char[], formerNode: char[] 
37362      ERROR Test worker     d.u.i.k.j.KeYJPMapping    Duplicate registration of node: int[], formerNode: int[] 
37447      ERROR Test worker     d.u.i.k.j.KeYJPMapping    Duplicate registration of value: testTermParserHeap.A::next;, formerValue: testTermParserHeap.A::next; 
37448      ERROR Test worker     d.u.i.k.j.KeYJPMapping    Duplicate registration of value: A testTermParserHeap.A::next;, formerValue: A testTermParserHeap.A::next; 
37517      INFO  Test worker     d.u.i.k.n.KeyIO           Parsing took 1 ms 
37518      DEBUG Test worker     d.u.i.k.n.KeyIO           Load declarations of de.uka.ilkd.key.nparser.KeyAst$File:  <unknown>:1#1 
37519      INFO  Test worker     d.u.i.k.n.KeyIO           MODE: declarations took 1 ms 
37519      DEBUG Test worker     d.u.i.k.n.KeyIO           MODE: 2nd degree decls took 0 
37519      INFO  Test worker     d.u.i.k.n.KeyIO           Parsing took 0 ms 
37520      DEBUG Test worker     d.u.i.k.n.KeyIO           Load declarations of de.uka.ilkd.key.nparser.KeyAst$File:  <unknown>:1#1 
37520      INFO  Test worker     d.u.i.k.n.KeyIO           MODE: declarations took 0 ms 
37520      DEBUG Test worker     d.u.i.k.n.KeyIO           MODE: 2nd degree decls took 0 
37643      ERROR Test worker     d.u.i.k.j.KeYJPMapping    Duplicate registration of node: boolean, formerNode: /*@ pure @*/
boolean 
37697      ERROR Test worker     d.u.i.k.j.KeYJPMapping    Duplicate registration of node: /*@pure*/
int, formerNode: int 
37700      ERROR Test worker     d.u.i.k.j.KeYJPMapping    Duplicate registration of node: /*@ helper */
int, formerNode: int 
37701      ERROR Test worker     d.u.i.k.j.KeYJPMapping    Duplicate registration of node: /*@ helper */
boolean, formerNode: /*@ pure @*/
boolean 
37702      ERROR Test worker     d.u.i.k.j.KeYJPMapping    Duplicate registration of node: /*@ helper */
char, formerNode: char 
37704      ERROR Test worker     d.u.i.k.j.KeYJPMapping    Duplicate registration of node: byte[], formerNode: byte[] 
37708      ERROR Test worker     d.u.i.k.j.KeYJPMapping    Duplicate registration of node: /*@ helper */
java.lang.String, formerNode: java.lang.String 
37731      ERROR Test worker     d.u.i.k.j.KeYJPMapping    Duplicate registration of node: /*@strictly_pure*/
java.lang.String, formerNode: java.lang.String 
37736      ERROR Test worker     d.u.i.k.j.KeYJPMapping    Duplicate registration of node: /*@nullable@*/
Object, formerNode: Object 
37779      ERROR Test worker     d.u.i.k.j.KeYJPMapping    Duplicate registration of node: /*@pure@*/
String, formerNode: String 
37781      ERROR Test worker     d.u.i.k.j.KeYJPMapping    Duplicate registration of node: char[], formerNode: char[] 
37781      ERROR Test worker     d.u.i.k.j.KeYJPMapping    Duplicate registration of node: int[], formerNode: int[] 
37792      ERROR Test worker     d.u.i.k.j.KeYJPMapping    Duplicate registration of value: testTermParserHeap.A::next;, formerValue: testTermParserHeap.A::next; 
37793      ERROR Test worker     d.u.i.k.j.KeYJPMapping    Duplicate registration of value: A testTermParserHeap.A::next;, formerValue: A testTermParserHeap.A::next; 
37858      INFO  Test worker     d.u.i.k.n.KeyIO           Parsing took 0 ms 
37860      DEBUG Test worker     d.u.i.k.n.KeyIO           Load declarations of de.uka.ilkd.key.nparser.KeyAst$File:  <unknown>:1#1 
37861      INFO  Test worker     d.u.i.k.n.KeyIO           MODE: declarations took 1 ms 
37861      DEBUG Test worker     d.u.i.k.n.KeyIO           MODE: 2nd degree decls took 0 
37861      INFO  Test worker     d.u.i.k.n.KeyIO           Parsing took 0 ms 
37862      DEBUG Test worker     d.u.i.k.n.KeyIO           Load declarations of de.uka.ilkd.key.nparser.KeyAst$File:  <unknown>:1#1 
37862      INFO  Test worker     d.u.i.k.n.KeyIO           MODE: declarations took 0 ms 
37862      DEBUG Test worker     d.u.i.k.n.KeyIO           MODE: 2nd degree decls took 0 
37989      ERROR Test worker     d.u.i.k.j.KeYJPMapping    Duplicate registration of node: boolean, formerNode: /*@ pure @*/
boolean 
38043      ERROR Test worker     d.u.i.k.j.KeYJPMapping    Duplicate registration of node: /*@pure*/
int, formerNode: int 
38049      ERROR Test worker     d.u.i.k.j.KeYJPMapping    Duplicate registration of node: /*@ helper */
int, formerNode: int 
38051      ERROR Test worker     d.u.i.k.j.KeYJPMapping    Duplicate registration of node: /*@ helper */
boolean, formerNode: /*@ pure @*/
boolean 
38052      ERROR Test worker     d.u.i.k.j.KeYJPMapping    Duplicate registration of node: /*@ helper */
char, formerNode: char 
38054      ERROR Test worker     d.u.i.k.j.KeYJPMapping    Duplicate registration of node: byte[], formerNode: byte[] 
38058      ERROR Test worker     d.u.i.k.j.KeYJPMapping    Duplicate registration of node: /*@ helper */
java.lang.String, formerNode: java.lang.String 
38080      ERROR Test worker     d.u.i.k.j.KeYJPMapping    Duplicate registration of node: /*@strictly_pure*/
java.lang.String, formerNode: java.lang.String 
38085      ERROR Test worker     d.u.i.k.j.KeYJPMapping    Duplicate registration of node: /*@nullable@*/
Object, formerNode: Object 
38127      ERROR Test worker     d.u.i.k.j.KeYJPMapping    Duplicate registration of node: /*@pure@*/
String, formerNode: String 
38129      ERROR Test worker     d.u.i.k.j.KeYJPMapping    Duplicate registration of node: char[], formerNode: char[] 
38129      ERROR Test worker     d.u.i.k.j.KeYJPMapping    Duplicate registration of node: int[], formerNode: int[] 
38140      ERROR Test worker     d.u.i.k.j.KeYJPMapping    Duplicate registration of value: testTermParserHeap.A::next;, formerValue: testTermParserHeap.A::next; 
38141      ERROR Test worker     d.u.i.k.j.KeYJPMapping    Duplicate registration of value: A testTermParserHeap.A::next;, formerValue: A testTermParserHeap.A::next; 
38215      INFO  Test worker     d.u.i.k.n.KeyIO           Parsing took 0 ms 
38216      DEBUG Test worker     d.u.i.k.n.KeyIO           Load declarations of de.uka.ilkd.key.nparser.KeyAst$File:  <unknown>:1#1 
38217      INFO  Test worker     d.u.i.k.n.KeyIO           MODE: declarations took 1 ms 
38217      DEBUG Test worker     d.u.i.k.n.KeyIO           MODE: 2nd degree decls took 0 
38217      INFO  Test worker     d.u.i.k.n.KeyIO           Parsing took 0 ms 
38217      DEBUG Test worker     d.u.i.k.n.KeyIO           Load declarations of de.uka.ilkd.key.nparser.KeyAst$File:  <unknown>:1#1 
38218      INFO  Test worker     d.u.i.k.n.KeyIO           MODE: declarations took 1 ms 
38218      DEBUG Test worker     d.u.i.k.n.KeyIO           MODE: 2nd degree decls took 0 
38394      ERROR Test worker     d.u.i.k.j.KeYJPMapping    Duplicate registration of node: boolean, formerNode: /*@ pure @*/
boolean 
38443      ERROR Test worker     d.u.i.k.j.KeYJPMapping    Duplicate registration of node: /*@pure*/
int, formerNode: int 
38446      ERROR Test worker     d.u.i.k.j.KeYJPMapping    Duplicate registration of node: /*@ helper */
int, formerNode: int 
38447      ERROR Test worker     d.u.i.k.j.KeYJPMapping    Duplicate registration of node: /*@ helper */
boolean, formerNode: /*@ pure @*/
boolean 
38448      ERROR Test worker     d.u.i.k.j.KeYJPMapping    Duplicate registration of node: /*@ helper */
char, formerNode: char 
38449      ERROR Test worker     d.u.i.k.j.KeYJPMapping    Duplicate registration of node: byte[], formerNode: byte[] 
38453      ERROR Test worker     d.u.i.k.j.KeYJPMapping    Duplicate registration of node: /*@ helper */
java.lang.String, formerNode: java.lang.String 
38475      ERROR Test worker     d.u.i.k.j.KeYJPMapping    Duplicate registration of node: /*@strictly_pure*/
java.lang.String, formerNode: java.lang.String 
38480      ERROR Test worker     d.u.i.k.j.KeYJPMapping    Duplicate registration of node: /*@nullable@*/
Object, formerNode: Object 
38519      ERROR Test worker     d.u.i.k.j.KeYJPMapping    Duplicate registration of node: /*@pure@*/
String, formerNode: String 
38521      ERROR Test worker     d.u.i.k.j.KeYJPMapping    Duplicate registration of node: char[], formerNode: char[] 
38521      ERROR Test worker     d.u.i.k.j.KeYJPMapping    Duplicate registration of node: int[], formerNode: int[] 
38532      ERROR Test worker     d.u.i.k.j.KeYJPMapping    Duplicate registration of value: testTermParserHeap.A::next;, formerValue: testTermParserHeap.A::next; 
38532      ERROR Test worker     d.u.i.k.j.KeYJPMapping    Duplicate registration of value: A testTermParserHeap.A::next;, formerValue: A testTermParserHeap.A::next; 
38594      INFO  Test worker     d.u.i.k.n.KeyIO           Parsing took 0 ms 
38594      DEBUG Test worker     d.u.i.k.n.KeyIO           Load declarations of de.uka.ilkd.key.nparser.KeyAst$File:  <unknown>:1#1 
38594      INFO  Test worker     d.u.i.k.n.KeyIO           MODE: declarations took 0 ms 
38594      DEBUG Test worker     d.u.i.k.n.KeyIO           MODE: 2nd degree decls took 0 
38595      INFO  Test worker     d.u.i.k.n.KeyIO           Parsing took 0 ms 
38595      DEBUG Test worker     d.u.i.k.n.KeyIO           Load declarations of de.uka.ilkd.key.nparser.KeyAst$File:  <unknown>:1#1 
38595      INFO  Test worker     d.u.i.k.n.KeyIO           MODE: declarations took 0 ms 
38595      DEBUG Test worker     d.u.i.k.n.KeyIO           MODE: 2nd degree decls took 0 
38722      ERROR Test worker     d.u.i.k.j.KeYJPMapping    Duplicate registration of node: boolean, formerNode: /*@ pure @*/
boolean 
38771      ERROR Test worker     d.u.i.k.j.KeYJPMapping    Duplicate registration of node: /*@pure*/
int, formerNode: int 
38775      ERROR Test worker     d.u.i.k.j.KeYJPMapping    Duplicate registration of node: /*@ helper */
int, formerNode: int 
38775      ERROR Test worker     d.u.i.k.j.KeYJPMapping    Duplicate registration of node: /*@ helper */
boolean, formerNode: /*@ pure @*/
boolean 
38776      ERROR Test worker     d.u.i.k.j.KeYJPMapping    Duplicate registration of node: /*@ helper */
char, formerNode: char 
38777      ERROR Test worker     d.u.i.k.j.KeYJPMapping    Duplicate registration of node: byte[], formerNode: byte[] 
38781      ERROR Test worker     d.u.i.k.j.KeYJPMapping    Duplicate registration of node: /*@ helper */
java.lang.String, formerNode: java.lang.String 
38804      ERROR Test worker     d.u.i.k.j.KeYJPMapping    Duplicate registration of node: /*@strictly_pure*/
java.lang.String, formerNode: java.lang.String 
38822      ERROR Test worker     d.u.i.k.j.KeYJPMapping    Duplicate registration of node: /*@nullable@*/
Object, formerNode: Object 
38897      ERROR Test worker     d.u.i.k.j.KeYJPMapping    Duplicate registration of node: /*@pure@*/
String, formerNode: String 
38903      ERROR Test worker     d.u.i.k.j.KeYJPMapping    Duplicate registration of node: char[], formerNode: char[] 
38904      ERROR Test worker     d.u.i.k.j.KeYJPMapping    Duplicate registration of node: int[], formerNode: int[] 
38915      ERROR Test worker     d.u.i.k.j.KeYJPMapping    Duplicate registration of value: testTermParserHeap.A::next;, formerValue: testTermParserHeap.A::next; 
38915      ERROR Test worker     d.u.i.k.j.KeYJPMapping    Duplicate registration of value: A testTermParserHeap.A::next;, formerValue: A testTermParserHeap.A::next; 
38985      INFO  Test worker     d.u.i.k.n.KeyIO           Parsing took 0 ms 
38985      DEBUG Test worker     d.u.i.k.n.KeyIO           Load declarations of de.uka.ilkd.key.nparser.KeyAst$File:  <unknown>:1#1 
38985      INFO  Test worker     d.u.i.k.n.KeyIO           MODE: declarations took 0 ms 
38985      DEBUG Test worker     d.u.i.k.n.KeyIO           MODE: 2nd degree decls took 0 
38986      INFO  Test worker     d.u.i.k.n.KeyIO           Parsing took 1 ms 
38986      DEBUG Test worker     d.u.i.k.n.KeyIO           Load declarations of de.uka.ilkd.key.nparser.KeyAst$File:  <unknown>:1#1 
38986      INFO  Test worker     d.u.i.k.n.KeyIO           MODE: declarations took 0 ms 
38986      DEBUG Test worker     d.u.i.k.n.KeyIO           MODE: 2nd degree decls took 0 
39175      ERROR Test worker     d.u.i.k.j.KeYJPMapping    Duplicate registration of node: boolean, formerNode: /*@ pure @*/
boolean 
39223      ERROR Test worker     d.u.i.k.j.KeYJPMapping    Duplicate registration of node: /*@pure*/
int, formerNode: int 
39226      ERROR Test worker     d.u.i.k.j.KeYJPMapping    Duplicate registration of node: /*@ helper */
int, formerNode: int 
39226      ERROR Test worker     d.u.i.k.j.KeYJPMapping    Duplicate registration of node: /*@ helper */
boolean, formerNode: /*@ pure @*/
boolean 
39227      ERROR Test worker     d.u.i.k.j.KeYJPMapping    Duplicate registration of node: /*@ helper */
char, formerNode: char 
39228      ERROR Test worker     d.u.i.k.j.KeYJPMapping    Duplicate registration of node: byte[], formerNode: byte[] 
39232      ERROR Test worker     d.u.i.k.j.KeYJPMapping    Duplicate registration of node: /*@ helper */
java.lang.String, formerNode: java.lang.String 
39253      ERROR Test worker     d.u.i.k.j.KeYJPMapping    Duplicate registration of node: /*@strictly_pure*/
java.lang.String, formerNode: java.lang.String 
39258      ERROR Test worker     d.u.i.k.j.KeYJPMapping    Duplicate registration of node: /*@nullable@*/
Object, formerNode: Object 
39296      ERROR Test worker     d.u.i.k.j.KeYJPMapping    Duplicate registration of node: /*@pure@*/
String, formerNode: String 
39298      ERROR Test worker     d.u.i.k.j.KeYJPMapping    Duplicate registration of node: char[], formerNode: char[] 
39298      ERROR Test worker     d.u.i.k.j.KeYJPMapping    Duplicate registration of node: int[], formerNode: int[] 
39309      ERROR Test worker     d.u.i.k.j.KeYJPMapping    Duplicate registration of value: testTermParserHeap.A::next;, formerValue: testTermParserHeap.A::next; 
39309      ERROR Test worker     d.u.i.k.j.KeYJPMapping    Duplicate registration of value: A testTermParserHeap.A::next;, formerValue: A testTermParserHeap.A::next; 
39420      INFO  Test worker     d.u.i.k.n.KeyIO           Parsing took 0 ms 
39420      DEBUG Test worker     d.u.i.k.n.KeyIO           Load declarations of de.uka.ilkd.key.nparser.KeyAst$File:  <unknown>:1#1 
39422      INFO  Test worker     d.u.i.k.n.KeyIO           MODE: declarations took 2 ms 
39422      DEBUG Test worker     d.u.i.k.n.KeyIO           MODE: 2nd degree decls took 0 
39422      INFO  Test worker     d.u.i.k.n.KeyIO           Parsing took 0 ms 
39423      DEBUG Test worker     d.u.i.k.n.KeyIO           Load declarations of de.uka.ilkd.key.nparser.KeyAst$File:  <unknown>:1#1 
39423      INFO  Test worker     d.u.i.k.n.KeyIO           MODE: declarations took 0 ms 
39423      DEBUG Test worker     d.u.i.k.n.KeyIO           MODE: 2nd degree decls took 0 
39542      ERROR Test worker     d.u.i.k.j.KeYJPMapping    Duplicate registration of node: boolean, formerNode: /*@ pure @*/
boolean 
39587      ERROR Test worker     d.u.i.k.j.KeYJPMapping    Duplicate registration of node: /*@pure*/
int, formerNode: int 
39590      ERROR Test worker     d.u.i.k.j.KeYJPMapping    Duplicate registration of node: /*@ helper */
int, formerNode: int 
39590      ERROR Test worker     d.u.i.k.j.KeYJPMapping    Duplicate registration of node: /*@ helper */
boolean, formerNode: /*@ pure @*/
boolean 
39598      ERROR Test worker     d.u.i.k.j.KeYJPMapping    Duplicate registration of node: /*@ helper */
char, formerNode: char 
39600      ERROR Test worker     d.u.i.k.j.KeYJPMapping    Duplicate registration of node: byte[], formerNode: byte[] 
39613      ERROR Test worker     d.u.i.k.j.KeYJPMapping    Duplicate registration of node: /*@ helper */
java.lang.String, formerNode: java.lang.String 
39658      ERROR Test worker     d.u.i.k.j.KeYJPMapping    Duplicate registration of node: /*@strictly_pure*/
java.lang.String, formerNode: java.lang.String 
39663      ERROR Test worker     d.u.i.k.j.KeYJPMapping    Duplicate registration of node: /*@nullable@*/
Object, formerNode: Object 
39731      ERROR Test worker     d.u.i.k.j.KeYJPMapping    Duplicate registration of node: /*@pure@*/
String, formerNode: String 
39733      ERROR Test worker     d.u.i.k.j.KeYJPMapping    Duplicate registration of node: char[], formerNode: char[] 
39733      ERROR Test worker     d.u.i.k.j.KeYJPMapping    Duplicate registration of node: int[], formerNode: int[] 
39743      ERROR Test worker     d.u.i.k.j.KeYJPMapping    Duplicate registration of value: testTermParserHeap.A::next;, formerValue: testTermParserHeap.A::next; 
39743      ERROR Test worker     d.u.i.k.j.KeYJPMapping    Duplicate registration of value: A testTermParserHeap.A::next;, formerValue: A testTermParserHeap.A::next; 
39802      INFO  Test worker     d.u.i.k.n.KeyIO           Parsing took 0 ms 
39803      DEBUG Test worker     d.u.i.k.n.KeyIO           Load declarations of de.uka.ilkd.key.nparser.KeyAst$File:  <unknown>:1#1 
39803      INFO  Test worker     d.u.i.k.n.KeyIO           MODE: declarations took 0 ms 
39803      DEBUG Test worker     d.u.i.k.n.KeyIO           MODE: 2nd degree decls took 0 
39804      INFO  Test worker     d.u.i.k.n.KeyIO           Parsing took 1 ms 
39804      DEBUG Test worker     d.u.i.k.n.KeyIO           Load declarations of de.uka.ilkd.key.nparser.KeyAst$File:  <unknown>:1#1 
39804      INFO  Test worker     d.u.i.k.n.KeyIO           MODE: declarations took 0 ms 
39804      DEBUG Test worker     d.u.i.k.n.KeyIO           MODE: 2nd degree decls took 0 
39927      ERROR Test worker     d.u.i.k.j.KeYJPMapping    Duplicate registration of node: boolean, formerNode: /*@ pure @*/
boolean 
39973      ERROR Test worker     d.u.i.k.j.KeYJPMapping    Duplicate registration of node: /*@pure*/
int, formerNode: int 
39975      ERROR Test worker     d.u.i.k.j.KeYJPMapping    Duplicate registration of node: /*@ helper */
int, formerNode: int 
39976      ERROR Test worker     d.u.i.k.j.KeYJPMapping    Duplicate registration of node: /*@ helper */
boolean, formerNode: /*@ pure @*/
boolean 
39976      ERROR Test worker     d.u.i.k.j.KeYJPMapping    Duplicate registration of node: /*@ helper */
char, formerNode: char 
39977      ERROR Test worker     d.u.i.k.j.KeYJPMapping    Duplicate registration of node: byte[], formerNode: byte[] 
39981      ERROR Test worker     d.u.i.k.j.KeYJPMapping    Duplicate registration of node: /*@ helper */
java.lang.String, formerNode: java.lang.String 
40022      ERROR Test worker     d.u.i.k.j.KeYJPMapping    Duplicate registration of node: /*@strictly_pure*/
java.lang.String, formerNode: java.lang.String 
40027      ERROR Test worker     d.u.i.k.j.KeYJPMapping    Duplicate registration of node: /*@nullable@*/
Object, formerNode: Object 
40064      ERROR Test worker     d.u.i.k.j.KeYJPMapping    Duplicate registration of node: /*@pure@*/
String, formerNode: String 
40065      ERROR Test worker     d.u.i.k.j.KeYJPMapping    Duplicate registration of node: char[], formerNode: char[] 
40065      ERROR Test worker     d.u.i.k.j.KeYJPMapping    Duplicate registration of node: int[], formerNode: int[] 
40076      ERROR Test worker     d.u.i.k.j.KeYJPMapping    Duplicate registration of value: testTermParserHeap.A::next;, formerValue: testTermParserHeap.A::next; 
40076      ERROR Test worker     d.u.i.k.j.KeYJPMapping    Duplicate registration of value: A testTermParserHeap.A::next;, formerValue: A testTermParserHeap.A::next; 
40354      ERROR Test worker     d.u.i.k.j.KeYJPMapping    Duplicate registration of node: boolean, formerNode: /*@ pure @*/
boolean 
40494      ERROR Test worker     d.u.i.k.j.KeYJPMapping    Duplicate registration of node: /*@pure*/
int, formerNode: int 
40497      ERROR Test worker     d.u.i.k.j.KeYJPMapping    Duplicate registration of node: /*@ helper */
int, formerNode: int 
40498      ERROR Test worker     d.u.i.k.j.KeYJPMapping    Duplicate registration of node: /*@ helper */
boolean, formerNode: /*@ pure @*/
boolean 
40499      ERROR Test worker     d.u.i.k.j.KeYJPMapping    Duplicate registration of node: /*@ helper */
char, formerNode: char 
40500      ERROR Test worker     d.u.i.k.j.KeYJPMapping    Duplicate registration of node: byte[], formerNode: byte[] 
40504      ERROR Test worker     d.u.i.k.j.KeYJPMapping    Duplicate registration of node: /*@ helper */
java.lang.String, formerNode: java.lang.String 
40526      ERROR Test worker     d.u.i.k.j.KeYJPMapping    Duplicate registration of node: /*@strictly_pure*/
java.lang.String, formerNode: java.lang.String 
40531      ERROR Test worker     d.u.i.k.j.KeYJPMapping    Duplicate registration of node: /*@nullable@*/
Object, formerNode: Object 
40572      ERROR Test worker     d.u.i.k.j.KeYJPMapping    Duplicate registration of node: /*@pure@*/
String, formerNode: String 
40574      ERROR Test worker     d.u.i.k.j.KeYJPMapping    Duplicate registration of node: char[], formerNode: char[] 
40574      ERROR Test worker     d.u.i.k.j.KeYJPMapping    Duplicate registration of node: int[], formerNode: int[] 
40585      ERROR Test worker     d.u.i.k.j.KeYJPMapping    Duplicate registration of value: testTermParserHeap.A::next;, formerValue: testTermParserHeap.A::next; 
40586      ERROR Test worker     d.u.i.k.j.KeYJPMapping    Duplicate registration of value: A testTermParserHeap.A::next;, formerValue: A testTermParserHeap.A::next; 
40651      INFO  Test worker     d.u.i.k.n.KeyIO           Parsing took 0 ms 
40651      DEBUG Test worker     d.u.i.k.n.KeyIO           Load declarations of de.uka.ilkd.key.nparser.KeyAst$File:  <unknown>:1#1 
40652      INFO  Test worker     d.u.i.k.n.KeyIO           MODE: declarations took 1 ms 
40652      DEBUG Test worker     d.u.i.k.n.KeyIO           MODE: 2nd degree decls took 0 
40652      INFO  Test worker     d.u.i.k.n.KeyIO           Parsing took 0 ms 
40653      DEBUG Test worker     d.u.i.k.n.KeyIO           Load declarations of de.uka.ilkd.key.nparser.KeyAst$File:  <unknown>:1#1 
40653      INFO  Test worker     d.u.i.k.n.KeyIO           MODE: declarations took 0 ms 
40653      DEBUG Test worker     d.u.i.k.n.KeyIO           MODE: 2nd degree decls took 0 
40781      ERROR Test worker     d.u.i.k.j.KeYJPMapping    Duplicate registration of node: boolean, formerNode: /*@ pure @*/
boolean 
40831      ERROR Test worker     d.u.i.k.j.KeYJPMapping    Duplicate registration of node: /*@pure*/
int, formerNode: int 
40834      ERROR Test worker     d.u.i.k.j.KeYJPMapping    Duplicate registration of node: /*@ helper */
int, formerNode: int 
40835      ERROR Test worker     d.u.i.k.j.KeYJPMapping    Duplicate registration of node: /*@ helper */
boolean, formerNode: /*@ pure @*/
boolean 
40836      ERROR Test worker     d.u.i.k.j.KeYJPMapping    Duplicate registration of node: /*@ helper */
char, formerNode: char 
40838      ERROR Test worker     d.u.i.k.j.KeYJPMapping    Duplicate registration of node: byte[], formerNode: byte[] 
40842      ERROR Test worker     d.u.i.k.j.KeYJPMapping    Duplicate registration of node: /*@ helper */
java.lang.String, formerNode: java.lang.String 
40867      ERROR Test worker     d.u.i.k.j.KeYJPMapping    Duplicate registration of node: /*@strictly_pure*/
java.lang.String, formerNode: java.lang.String 
40872      ERROR Test worker     d.u.i.k.j.KeYJPMapping    Duplicate registration of node: /*@nullable@*/
Object, formerNode: Object 
40911      ERROR Test worker     d.u.i.k.j.KeYJPMapping    Duplicate registration of node: /*@pure@*/
String, formerNode: String 
40913      ERROR Test worker     d.u.i.k.j.KeYJPMapping    Duplicate registration of node: char[], formerNode: char[] 
40913      ERROR Test worker     d.u.i.k.j.KeYJPMapping    Duplicate registration of node: int[], formerNode: int[] 
40924      ERROR Test worker     d.u.i.k.j.KeYJPMapping    Duplicate registration of value: testTermParserHeap.A::next;, formerValue: testTermParserHeap.A::next; 
40925      ERROR Test worker     d.u.i.k.j.KeYJPMapping    Duplicate registration of value: A testTermParserHeap.A::next;, formerValue: A testTermParserHeap.A::next; 
40991      INFO  Test worker     d.u.i.k.n.KeyIO           Parsing took 1 ms 
40991      DEBUG Test worker     d.u.i.k.n.KeyIO           Load declarations of de.uka.ilkd.key.nparser.KeyAst$File:  <unknown>:1#1 
40992      INFO  Test worker     d.u.i.k.n.KeyIO           MODE: declarations took 1 ms 
40996      DEBUG Test worker     d.u.i.k.n.KeyIO           MODE: 2nd degree decls took 0 
40998      INFO  Test worker     d.u.i.k.n.KeyIO           Parsing took 0 ms 
40998      DEBUG Test worker     d.u.i.k.n.KeyIO           Load declarations of de.uka.ilkd.key.nparser.KeyAst$File:  <unknown>:1#1 
40998      INFO  Test worker     d.u.i.k.n.KeyIO           MODE: declarations took 0 ms 
40999      DEBUG Test worker     d.u.i.k.n.KeyIO           MODE: 2nd degree decls took 0 
41115      ERROR Test worker     d.u.i.k.j.KeYJPMapping    Duplicate registration of node: boolean, formerNode: /*@ pure @*/
boolean 
41161      ERROR Test worker     d.u.i.k.j.KeYJPMapping    Duplicate registration of node: /*@pure*/
int, formerNode: int 
41164      ERROR Test worker     d.u.i.k.j.KeYJPMapping    Duplicate registration of node: /*@ helper */
int, formerNode: int 
41165      ERROR Test worker     d.u.i.k.j.KeYJPMapping    Duplicate registration of node: /*@ helper */
boolean, formerNode: /*@ pure @*/
boolean 
41165      ERROR Test worker     d.u.i.k.j.KeYJPMapping    Duplicate registration of node: /*@ helper */
char, formerNode: char 
41167      ERROR Test worker     d.u.i.k.j.KeYJPMapping    Duplicate registration of node: byte[], formerNode: byte[] 
41170      ERROR Test worker     d.u.i.k.j.KeYJPMapping    Duplicate registration of node: /*@ helper */
java.lang.String, formerNode: java.lang.String 
41190      ERROR Test worker     d.u.i.k.j.KeYJPMapping    Duplicate registration of node: /*@strictly_pure*/
java.lang.String, formerNode: java.lang.String 
41195      ERROR Test worker     d.u.i.k.j.KeYJPMapping    Duplicate registration of node: /*@nullable@*/
Object, formerNode: Object 
41238      ERROR Test worker     d.u.i.k.j.KeYJPMapping    Duplicate registration of node: /*@pure@*/
String, formerNode: String 
41240      ERROR Test worker     d.u.i.k.j.KeYJPMapping    Duplicate registration of node: char[], formerNode: char[] 
41240      ERROR Test worker     d.u.i.k.j.KeYJPMapping    Duplicate registration of node: int[], formerNode: int[] 
41251      ERROR Test worker     d.u.i.k.j.KeYJPMapping    Duplicate registration of value: testTermParserHeap.A::next;, formerValue: testTermParserHeap.A::next; 
41252      ERROR Test worker     d.u.i.k.j.KeYJPMapping    Duplicate registration of value: A testTermParserHeap.A::next;, formerValue: A testTermParserHeap.A::next; 
]]></system-err>
</testsuite>
