<?xml version="1.0" encoding="UTF-8"?>
<testsuite name="org.key_project.exploration.ProofExplorationServiceTest" tests="3" skipped="0" failures="0" errors="0" timestamp="2023-05-31T07:55:54" hostname="fv-az282-56" time="17.395">
  <properties/>
  <testcase name="testAdditionAntec()" classname="org.key_project.exploration.ProofExplorationServiceTest" time="10.814"/>
  <testcase name="testChangeFormula()" classname="org.key_project.exploration.ProofExplorationServiceTest" time="3.484"/>
  <testcase name="testAdditionSucc()" classname="org.key_project.exploration.ProofExplorationServiceTest" time="3.094"/>
  <system-out><![CDATA[[07:55:54.982] ?[31mWARN ?[0;39m ?[36mProofIndependentSettings?[0;39m - The settings in C:\Users\runneradmin\.key\proofIndependentSettings.props are *not* read due to flag 'key.disregardSettings'
[07:55:54.997] ?[34mINFO ?[0;39m ?[36mAbstractProblemLoader?[0;39m - Loading environment from src\test\resources\org\key_project\exploration\testAdditions.key
[07:55:55.372] ?[34mINFO ?[0;39m ?[36mAbstractProblemLoader?[0;39m - Creating init config
[07:55:55.388] ?[31mWARN ?[0;39m ?[36mProofSettings?[0;39m - The settings in C:\Users\runneradmin\.key\proof-settings.props are *not* read.
[07:56:05.174] ?[34mINFO ?[0;39m ?[36mAbstractProblemLoader?[0;39m - Replaying proof testAdditions.key
[07:56:05.299] ?[34mINFO ?[0;39m ?[36mAbstractProblemLoader?[0;39m - Loading environment from src\test\resources\org\key_project\exploration\testAdditions.key
[07:56:05.315] ?[34mINFO ?[0;39m ?[36mAbstractProblemLoader?[0;39m - Creating init config
[07:56:08.644] ?[34mINFO ?[0;39m ?[36mAbstractProblemLoader?[0;39m - Replaying proof testAdditions.key
[07:56:08.770] ?[34mINFO ?[0;39m ?[36mAbstractProblemLoader?[0;39m - Loading environment from src\test\resources\org\key_project\exploration\testAdditions.key
[07:56:08.770] ?[34mINFO ?[0;39m ?[36mAbstractProblemLoader?[0;39m - Creating init config
[07:56:11.849] ?[34mINFO ?[0;39m ?[36mAbstractProblemLoader?[0;39m - Replaying proof testAdditions.key
]]></system-out>
  <system-err><![CDATA[]]></system-err>
</testsuite>
