<?xml version="1.0" encoding="UTF-8"?>
<testsuite name="de.uka.ilkd.key.testcase.smt.ce.TestCE" tests="12" skipped="0" failures="0" errors="0" timestamp="2023-04-17T21:41:07" hostname="fv-az1252-212" time="17.03">
  <properties/>
  <testcase name="testOverFlow1()" classname="de.uka.ilkd.key.testcase.smt.ce.TestCE" time="0.17"/>
  <testcase name="testOverFlow2()" classname="de.uka.ilkd.key.testcase.smt.ce.TestCE" time="0.003"/>
  <testcase name="testMiddle()" classname="de.uka.ilkd.key.testcase.smt.ce.TestCE" time="16.813"/>
  <testcase name="testTypes1()" classname="de.uka.ilkd.key.testcase.smt.ce.TestCE" time="0.002"/>
  <testcase name="testTypes2()" classname="de.uka.ilkd.key.testcase.smt.ce.TestCE" time="0.0"/>
  <testcase name="testTypes3()" classname="de.uka.ilkd.key.testcase.smt.ce.TestCE" time="0.001"/>
  <testcase name="testTypes4()" classname="de.uka.ilkd.key.testcase.smt.ce.TestCE" time="0.003"/>
  <testcase name="testTypes5()" classname="de.uka.ilkd.key.testcase.smt.ce.TestCE" time="0.001"/>
  <testcase name="testTypes6()" classname="de.uka.ilkd.key.testcase.smt.ce.TestCE" time="0.001"/>
  <testcase name="testTypes7()" classname="de.uka.ilkd.key.testcase.smt.ce.TestCE" time="0.004"/>
  <testcase name="testTypes8()" classname="de.uka.ilkd.key.testcase.smt.ce.TestCE" time="0.001"/>
  <testcase name="testTypes9()" classname="de.uka.ilkd.key.testcase.smt.ce.TestCE" time="0.001"/>
  <system-out><![CDATA[21:41:06,792 |-INFO in ch.qos.logback.classic.LoggerContext[default] - This is logback-classic version 1.4.6
21:41:06,823 |-INFO in ch.qos.logback.classic.LoggerContext[default] - Could NOT find resource [logback-test.xml]
21:41:06,839 |-INFO in ch.qos.logback.classic.LoggerContext[default] - Found resource [logback.xml] at [file:/D:/a/key/key/key.core.testgen/build/resources/test/logback.xml]
21:41:07,058 |-INFO in ch.qos.logback.core.model.processor.AppenderModelHandler - Processing appender named [STDOUT]
21:41:07,058 |-INFO in ch.qos.logback.core.model.processor.AppenderModelHandler - About to instantiate appender of type [ch.qos.logback.core.ConsoleAppender]
21:41:07,073 |-WARN in ch.qos.logback.core.model.processor.ImplicitModelHandler - Ignoring unknown property [file] in [ch.qos.logback.core.ConsoleAppender]
21:41:07,073 |-WARN in ch.qos.logback.core.model.processor.ImplicitModelHandler - Ignoring unknown property [append] in [ch.qos.logback.core.ConsoleAppender]
21:41:07,073 |-INFO in ch.qos.logback.core.model.processor.ImplicitModelHandler - Assuming default type [ch.qos.logback.classic.encoder.PatternLayoutEncoder] for [encoder] property
21:41:07,120 |-INFO in ch.qos.logback.classic.model.processor.RootLoggerModelHandler - Setting level of ROOT logger to DEBUG
21:41:07,136 |-INFO in ch.qos.logback.core.model.processor.AppenderRefModelHandler - Attaching appender named [STDOUT] to Logger[ROOT]
21:41:07,136 |-INFO in ch.qos.logback.core.model.processor.DefaultProcessor@6bea52d4 - End of configuration.
21:41:07,136 |-INFO in ch.qos.logback.classic.joran.JoranConfigurator@11981797 - Registering current configuration as safe fallback point

611        WARN  Test worker     d.u.i.k.t.s.c.TestCE      Warning: Z3_CE is not installed, tests skipped. 
611        WARN  Test worker     d.u.i.k.t.s.c.TestCE      Maybe use JVM system property "z3SolverPath" to define the path to the Z3 command. 
700        WARN  Test worker     d.u.i.k.s.ProofIndependentSettings The settings in C:\Users\runneradmin\.key\proofIndependentSettings.props are *not* read due to flag 'key.disregardSettings' 
700        DEBUG Test worker     d.u.i.k.p.i.KeYFile       Reading KeY file src\test\resources\testcase\smt\ce\middle.key 
1153       WARN  Test worker     d.u.i.k.s.ProofSettings   The settings in C:\Users\runneradmin\.key\proof-settings.props are *not* read. 
1153       DEBUG Test worker     d.u.i.k.p.i.KeYFile       Reading KeY file jar:file:/D:/a/key/key/key.core/build/libs/key.core-2.11.0.jar!/de/uka/ilkd/key/proof/rules/standardRules.key 
1372       DEBUG Test worker     d.u.i.k.p.i.KeYFile       Reading KeY file jar:file:/D:/a/key/key/key.core/build/libs/key.core-2.11.0.jar!/de/uka/ilkd/key/proof/rules/ldt.key 
1388       DEBUG Test worker     d.u.i.k.p.i.KeYFile       Reading KeY file jar:file:/D:/a/key/key/key.core/build/libs/key.core-2.11.0.jar!/de/uka/ilkd/key/proof/rules/boolean.key 
1417       DEBUG Test worker     d.u.i.k.p.i.KeYFile       Reading KeY file jar:file:/D:/a/key/key/key.core/build/libs/key.core-2.11.0.jar!/de/uka/ilkd/key/proof/rules/ruleSetsDeclarations.key 
1500       DEBUG Test worker     d.u.i.k.p.i.KeYFile       Reading KeY file jar:file:/D:/a/key/key/key.core/build/libs/key.core-2.11.0.jar!/de/uka/ilkd/key/proof/rules/integerHeader.key 
1517       DEBUG Test worker     d.u.i.k.p.i.KeYFile       Reading KeY file jar:file:/D:/a/key/key/key.core/build/libs/key.core-2.11.0.jar!/de/uka/ilkd/key/proof/rules/floatHeader.key 
1517       DEBUG Test worker     d.u.i.k.p.i.KeYFile       Reading KeY file jar:file:/D:/a/key/key/key.core/build/libs/key.core-2.11.0.jar!/de/uka/ilkd/key/proof/rules/heap.key 
1531       DEBUG Test worker     d.u.i.k.p.i.KeYFile       Reading KeY file jar:file:/D:/a/key/key/key.core/build/libs/key.core-2.11.0.jar!/de/uka/ilkd/key/proof/rules/locSets.key 
1531       DEBUG Test worker     d.u.i.k.p.i.KeYFile       Reading KeY file jar:file:/D:/a/key/key/key.core/build/libs/key.core-2.11.0.jar!/de/uka/ilkd/key/proof/rules/permission.key 
1531       DEBUG Test worker     d.u.i.k.p.i.KeYFile       Reading KeY file jar:file:/D:/a/key/key/key.core/build/libs/key.core-2.11.0.jar!/de/uka/ilkd/key/proof/rules/reach.key 
1531       DEBUG Test worker     d.u.i.k.p.i.KeYFile       Reading KeY file jar:file:/D:/a/key/key/key.core/build/libs/key.core-2.11.0.jar!/de/uka/ilkd/key/proof/rules/seq.key 
1531       DEBUG Test worker     d.u.i.k.p.i.KeYFile       Reading KeY file jar:file:/D:/a/key/key/key.core/build/libs/key.core-2.11.0.jar!/de/uka/ilkd/key/proof/rules/map.key 
1640       DEBUG Test worker     d.u.i.k.p.i.KeYFile       Reading KeY file jar:file:/D:/a/key/key/key.core/build/libs/key.core-2.11.0.jar!/de/uka/ilkd/key/proof/rules/freeADT.key 
1640       DEBUG Test worker     d.u.i.k.p.i.KeYFile       Reading KeY file jar:file:/D:/a/key/key/key.core/build/libs/key.core-2.11.0.jar!/de/uka/ilkd/key/proof/rules/wellfound.key 
1640       DEBUG Test worker     d.u.i.k.p.i.KeYFile       Reading KeY file jar:file:/D:/a/key/key/key.core/build/libs/key.core-2.11.0.jar!/de/uka/ilkd/key/proof/rules/charListHeader.key 
1938       DEBUG Test worker     d.u.i.k.p.i.KeYFile       Reading KeY file jar:file:/D:/a/key/key/key.core/build/libs/key.core-2.11.0.jar!/de/uka/ilkd/key/proof/rules/propRule.key 
2016       DEBUG Test worker     d.u.i.k.p.i.KeYFile       Reading KeY file jar:file:/D:/a/key/key/key.core/build/libs/key.core-2.11.0.jar!/de/uka/ilkd/key/proof/rules/firstOrderRules.key 
2047       DEBUG Test worker     d.u.i.k.p.i.KeYFile       Reading KeY file jar:file:/D:/a/key/key/key.core/build/libs/key.core-2.11.0.jar!/de/uka/ilkd/key/proof/rules/ifThenElseRules.key 
2125       DEBUG Test worker     d.u.i.k.p.i.KeYFile       Reading KeY file jar:file:/D:/a/key/key/key.core/build/libs/key.core-2.11.0.jar!/de/uka/ilkd/key/proof/rules/formulaNormalisationRules.key 
2328       DEBUG Test worker     d.u.i.k.p.i.KeYFile       Reading KeY file jar:file:/D:/a/key/key/key.core/build/libs/key.core-2.11.0.jar!/de/uka/ilkd/key/proof/rules/updateRules.key 
2375       DEBUG Test worker     d.u.i.k.p.i.KeYFile       Reading KeY file jar:file:/D:/a/key/key/key.core/build/libs/key.core-2.11.0.jar!/de/uka/ilkd/key/proof/rules/integerRulesCommon.key 
2563       DEBUG Test worker     d.u.i.k.p.i.KeYFile       Reading KeY file jar:file:/D:/a/key/key/key.core/build/libs/key.core-2.11.0.jar!/de/uka/ilkd/key/proof/rules/intRules.key 
2626       DEBUG Test worker     d.u.i.k.p.i.KeYFile       Reading KeY file jar:file:/D:/a/key/key/key.core/build/libs/key.core-2.11.0.jar!/de/uka/ilkd/key/proof/rules/intRulesUncheckedSemantics.key 
2672       DEBUG Test worker     d.u.i.k.p.i.KeYFile       Reading KeY file jar:file:/D:/a/key/key/key.core/build/libs/key.core-2.11.0.jar!/de/uka/ilkd/key/proof/rules/intRulesCheckedSemantics.key 
2688       DEBUG Test worker     d.u.i.k.p.i.KeYFile       Reading KeY file jar:file:/D:/a/key/key/key.core/build/libs/key.core-2.11.0.jar!/de/uka/ilkd/key/proof/rules/intRulesJavaSemantics.key 
2735       DEBUG Test worker     d.u.i.k.p.i.KeYFile       Reading KeY file jar:file:/D:/a/key/key/key.core/build/libs/key.core-2.11.0.jar!/de/uka/ilkd/key/proof/rules/integerSimplificationRules.key 
3157       DEBUG Test worker     d.u.i.k.j.TypeConverter   No LDT found for Meta 
3157       DEBUG Test worker     d.u.i.k.j.TypeConverter   No LDT found for Meta 
3157       DEBUG Test worker     d.u.i.k.j.TypeConverter   No LDT found for Meta 
3157       DEBUG Test worker     d.u.i.k.j.TypeConverter   No LDT found for Meta 
3251       DEBUG Test worker     d.u.i.k.p.i.KeYFile       Reading KeY file jar:file:/D:/a/key/key/key.core/build/libs/key.core-2.11.0.jar!/de/uka/ilkd/key/proof/rules/intDiv.key 
3344       DEBUG Test worker     d.u.i.k.p.i.KeYFile       Reading KeY file jar:file:/D:/a/key/key/key.core/build/libs/key.core-2.11.0.jar!/de/uka/ilkd/key/proof/rules/bsum.key 
3689       DEBUG Test worker     d.u.i.k.p.i.KeYFile       Reading KeY file jar:file:/D:/a/key/key/key.core/build/libs/key.core-2.11.0.jar!/de/uka/ilkd/key/proof/rules/bprod.key 
3782       DEBUG Test worker     d.u.i.k.p.i.KeYFile       Reading KeY file jar:file:/D:/a/key/key/key.core/build/libs/key.core-2.11.0.jar!/de/uka/ilkd/key/proof/rules/binaryAxioms.key 
3782       DEBUG Test worker     d.u.i.k.p.i.KeYFile       Reading KeY file jar:file:/D:/a/key/key/key.core/build/libs/key.core-2.11.0.jar!/de/uka/ilkd/key/proof/rules/binaryLemmas.key 
3798       DEBUG Test worker     d.u.i.k.p.i.KeYFile       Reading KeY file jar:file:/D:/a/key/key/key.core/build/libs/key.core-2.11.0.jar!/de/uka/ilkd/key/proof/rules/intPow.key 
3829       DEBUG Test worker     d.u.i.k.p.i.KeYFile       Reading KeY file jar:file:/D:/a/key/key/key.core/build/libs/key.core-2.11.0.jar!/de/uka/ilkd/key/proof/rules/floatRulesCommon.key 
3861       DEBUG Test worker     d.u.i.k.p.i.KeYFile       Reading KeY file jar:file:/D:/a/key/key/key.core/build/libs/key.core-2.11.0.jar!/de/uka/ilkd/key/proof/rules/floatRules.key 
3876       DEBUG Test worker     d.u.i.k.p.i.KeYFile       Reading KeY file jar:file:/D:/a/key/key/key.core/build/libs/key.core-2.11.0.jar!/de/uka/ilkd/key/proof/rules/floatRulesVerifyNormal.key 
3876       DEBUG Test worker     d.u.i.k.p.i.KeYFile       Reading KeY file jar:file:/D:/a/key/key/key.core/build/libs/key.core-2.11.0.jar!/de/uka/ilkd/key/proof/rules/floatRulesAssumeStrictfp.key 
3923       DEBUG Test worker     d.u.i.k.p.i.KeYFile       Reading KeY file jar:file:/D:/a/key/key/key.core/build/libs/key.core-2.11.0.jar!/de/uka/ilkd/key/proof/rules/genericRules.key 
3970       DEBUG Test worker     d.u.i.k.p.i.KeYFile       Reading KeY file jar:file:/D:/a/key/key/key.core/build/libs/key.core-2.11.0.jar!/de/uka/ilkd/key/proof/rules/booleanRules.key 
3970       DEBUG Test worker     d.u.i.k.p.i.KeYFile       Reading KeY file jar:file:/D:/a/key/key/key.core/build/libs/key.core-2.11.0.jar!/de/uka/ilkd/key/proof/rules/epsilon.key 
3986       DEBUG Test worker     d.u.i.k.p.i.KeYFile       Reading KeY file jar:file:/D:/a/key/key/key.core/build/libs/key.core-2.11.0.jar!/de/uka/ilkd/key/proof/rules/locSetsRules.key 
4095       DEBUG Test worker     d.u.i.k.p.i.KeYFile       Reading KeY file jar:file:/D:/a/key/key/key.core/build/libs/key.core-2.11.0.jar!/de/uka/ilkd/key/proof/rules/heapRules.key 
4314       DEBUG Test worker     d.u.i.k.p.i.KeYFile       Reading KeY file jar:file:/D:/a/key/key/key.core/build/libs/key.core-2.11.0.jar!/de/uka/ilkd/key/proof/rules/permissionRules.key 
4361       DEBUG Test worker     d.u.i.k.p.i.KeYFile       Reading KeY file jar:file:/D:/a/key/key/key.core/build/libs/key.core-2.11.0.jar!/de/uka/ilkd/key/proof/rules/reachRules.key 
4423       DEBUG Test worker     d.u.i.k.p.i.KeYFile       Reading KeY file jar:file:/D:/a/key/key/key.core/build/libs/key.core-2.11.0.jar!/de/uka/ilkd/key/proof/rules/seqCoreRules.key 
4423       DEBUG Test worker     d.u.i.k.p.i.KeYFile       Reading KeY file jar:file:/D:/a/key/key/key.core/build/libs/key.core-2.11.0.jar!/de/uka/ilkd/key/proof/rules/seqRules.key 
4501       DEBUG Test worker     d.u.i.k.p.i.KeYFile       Reading KeY file jar:file:/D:/a/key/key/key.core/build/libs/key.core-2.11.0.jar!/de/uka/ilkd/key/proof/rules/seqPerm.key 
4579       DEBUG Test worker     d.u.i.k.p.i.KeYFile       Reading KeY file jar:file:/D:/a/key/key/key.core/build/libs/key.core-2.11.0.jar!/de/uka/ilkd/key/proof/rules/seqPerm2.key 
4595       DEBUG Test worker     d.u.i.k.p.i.KeYFile       Reading KeY file jar:file:/D:/a/key/key/key.core/build/libs/key.core-2.11.0.jar!/de/uka/ilkd/key/proof/rules/javaRules.key 
4782       DEBUG Test worker     d.u.i.k.p.i.KeYFile       Reading KeY file jar:file:/D:/a/key/key/key.core/build/libs/key.core-2.11.0.jar!/de/uka/ilkd/key/proof/rules/assertions.key 
5673       DEBUG Test worker     d.u.i.k.p.i.KeYFile       Reading KeY file jar:file:/D:/a/key/key/key.core/build/libs/key.core-2.11.0.jar!/de/uka/ilkd/key/proof/rules/loopRules.key 
5690       DEBUG Test worker     d.u.i.k.p.i.KeYFile       Reading KeY file jar:file:/D:/a/key/key/key.core/build/libs/key.core-2.11.0.jar!/de/uka/ilkd/key/proof/rules/activeUse.key 
5783       DEBUG Test worker     d.u.i.k.p.i.KeYFile       Reading KeY file jar:file:/D:/a/key/key/key.core/build/libs/key.core-2.11.0.jar!/de/uka/ilkd/key/proof/rules/instanceAllocation.key 
5829       DEBUG Test worker     d.u.i.k.p.i.KeYFile       Reading KeY file jar:file:/D:/a/key/key/key.core/build/libs/key.core-2.11.0.jar!/de/uka/ilkd/key/proof/rules/java5.key 
5829       DEBUG Test worker     d.u.i.k.p.i.KeYFile       Reading KeY file jar:file:/D:/a/key/key/key.core/build/libs/key.core-2.11.0.jar!/de/uka/ilkd/key/proof/rules/integerAssignment2UpdateRules.key 
5908       DEBUG Test worker     d.u.i.k.p.i.KeYFile       Reading KeY file jar:file:/D:/a/key/key/key.core/build/libs/key.core-2.11.0.jar!/de/uka/ilkd/key/proof/rules/floatAssignment2UpdateRules.key 
5970       DEBUG Test worker     d.u.i.k.p.i.KeYFile       Reading KeY file jar:file:/D:/a/key/key/key.core/build/libs/key.core-2.11.0.jar!/de/uka/ilkd/key/proof/rules/bigint.key 
6001       DEBUG Test worker     d.u.i.k.j.TypeConverter   No LDT found for JavaBigintExpression 
6001       DEBUG Test worker     d.u.i.k.p.i.KeYFile       Reading KeY file jar:file:/D:/a/key/key/key.core/build/libs/key.core-2.11.0.jar!/de/uka/ilkd/key/proof/rules/adtProgramDecompositionRules.key 
6033       DEBUG Test worker     d.u.i.k.p.i.KeYFile       Reading KeY file jar:file:/D:/a/key/key/key.core/build/libs/key.core-2.11.0.jar!/de/uka/ilkd/key/proof/rules/precRules.key 
6048       DEBUG Test worker     d.u.i.k.p.i.KeYFile       Reading KeY file jar:file:/D:/a/key/key/key.core/build/libs/key.core-2.11.0.jar!/de/uka/ilkd/key/proof/rules/charListRules.key 
6079       DEBUG Test worker     d.u.i.k.p.i.KeYFile       Reading KeY file jar:file:/D:/a/key/key/key.core/build/libs/key.core-2.11.0.jar!/de/uka/ilkd/key/proof/rules/regExTheory.key 
6079       DEBUG Test worker     d.u.i.k.p.i.KeYFile       Reading KeY file jar:file:/D:/a/key/key/key.core/build/libs/key.core-2.11.0.jar!/de/uka/ilkd/key/proof/rules/regExHeader.key 
6079       DEBUG Test worker     d.u.i.k.p.i.KeYFile       Reading KeY file jar:file:/D:/a/key/key/key.core/build/libs/key.core-2.11.0.jar!/de/uka/ilkd/key/proof/rules/regExAxioms.key 
6095       DEBUG Test worker     d.u.i.k.p.i.KeYFile       Reading KeY file jar:file:/D:/a/key/key/key.core/build/libs/key.core-2.11.0.jar!/de/uka/ilkd/key/proof/rules/regExLemmaProven.key 
6111       DEBUG Test worker     d.u.i.k.p.i.KeYFile       Reading KeY file jar:file:/D:/a/key/key/key.core/build/libs/key.core-2.11.0.jar!/de/uka/ilkd/key/proof/rules/seqEq.key 
6158       DEBUG Test worker     d.u.i.k.p.i.KeYFile       Reading KeY file jar:file:/D:/a/key/key/key.core/build/libs/key.core-2.11.0.jar!/de/uka/ilkd/key/proof/rules/infFlow.key 
6158       DEBUG Test worker     d.u.i.k.p.i.KeYFile       Reading KeY file jar:file:/D:/a/key/key/key.core/build/libs/key.core-2.11.0.jar!/de/uka/ilkd/key/proof/rules/mapSize.key 
6173       DEBUG Test worker     d.u.i.k.p.i.KeYFile       Reading KeY file jar:file:/D:/a/key/key/key.core/build/libs/key.core-2.11.0.jar!/de/uka/ilkd/key/proof/rules/wd.key 
6189       DEBUG Test worker     d.u.i.k.p.i.KeYFile       Reading KeY file jar:file:/D:/a/key/key/key.core/build/libs/key.core-2.11.0.jar!/de/uka/ilkd/key/proof/rules/wdHeader.key 
6189       DEBUG Test worker     d.u.i.k.p.i.KeYFile       Reading KeY file jar:file:/D:/a/key/key/key.core/build/libs/key.core-2.11.0.jar!/de/uka/ilkd/key/proof/rules/wdGeneralRules.key 
6204       DEBUG Test worker     d.u.i.k.p.i.KeYFile       Reading KeY file jar:file:/D:/a/key/key/key.core/build/libs/key.core-2.11.0.jar!/de/uka/ilkd/key/proof/rules/wdNumericalRules.key 
6236       DEBUG Test worker     d.u.i.k.p.i.KeYFile       Reading KeY file jar:file:/D:/a/key/key/key.core/build/libs/key.core-2.11.0.jar!/de/uka/ilkd/key/proof/rules/wdLocSetRules.key 
6251       DEBUG Test worker     d.u.i.k.p.i.KeYFile       Reading KeY file jar:file:/D:/a/key/key/key.core/build/libs/key.core-2.11.0.jar!/de/uka/ilkd/key/proof/rules/wdHeapRules.key 
6267       DEBUG Test worker     d.u.i.k.p.i.KeYFile       Reading KeY file jar:file:/D:/a/key/key/key.core/build/libs/key.core-2.11.0.jar!/de/uka/ilkd/key/proof/rules/wdReachRules.key 
6267       DEBUG Test worker     d.u.i.k.p.i.KeYFile       Reading KeY file jar:file:/D:/a/key/key/key.core/build/libs/key.core-2.11.0.jar!/de/uka/ilkd/key/proof/rules/wdSeqRules.key 
6267       DEBUG Test worker     d.u.i.k.p.i.KeYFile       Reading KeY file jar:file:/D:/a/key/key/key.core/build/libs/key.core-2.11.0.jar!/de/uka/ilkd/key/proof/rules/wdStringRules.key 
6283       DEBUG Test worker     d.u.i.k.p.i.KeYFile       Reading KeY file jar:file:/D:/a/key/key/key.core/build/libs/key.core-2.11.0.jar!/de/uka/ilkd/key/proof/rules/wdRegExRules.key 
6283       DEBUG Test worker     d.u.i.k.p.i.KeYFile       Reading KeY file jar:file:/D:/a/key/key/key.core/build/libs/key.core-2.11.0.jar!/de/uka/ilkd/key/proof/rules/wdFormulaRules.key 
6314       DEBUG Test worker     d.u.i.k.p.i.KeYFile       Reading KeY file jar:file:/D:/a/key/key/key.core/build/libs/key.core-2.11.0.jar!/de/uka/ilkd/key/proof/rules/loopInvariantRules.key 
6314       DEBUG Test worker     d.u.i.k.p.i.KeYFile       Reading KeY file jar:file:/D:/a/key/key/key.core/build/libs/key.core-2.11.0.jar!/de/uka/ilkd/key/proof/rules/forLoopRules.key 
6330       DEBUG Test worker     d.u.i.k.p.i.KeYFile       Reading KeY file jar:file:/D:/a/key/key/key.core/build/libs/key.core-2.11.0.jar!/de/uka/ilkd/key/proof/rules/execRules.key 
6470       DEBUG Test worker     d.u.i.k.p.i.KeYFile       Reading KeY file jar:file:/D:/a/key/key/key.core/build/libs/key.core-2.11.0.jar!/de/uka/ilkd/key/proof/rules/loopScopeRules.key 
10353      DEBUG Test worker     d.u.i.k.j.Recoder2KeY     converting now D:\a\key\key\key.core.testgen\src\test\resources\testcase\smt\ce\src\Middle.java 
10353      DEBUG Test worker     d.u.i.k.j.Recoder2KeY     converting now D:\a\key\key\key.core.testgen\src\test\resources\testcase\smt\ce\src\Test.java 
10416      DEBUG Test worker     d.u.i.k.s.TermLabelSettings TermLabelSettings: Failure while reading the setting "UseOriginLabels".Using the default value: true.The string read was: null 
10431      DEBUG Test worker     d.u.i.k.p.i.KeYFile       Reading KeY file jar:file:/D:/a/key/key/key.core/build/libs/key.core-2.11.0.jar!/de/uka/ilkd/key/java/JavaRedux/java/lang/String.key 
13952      DEBUG Test worker     d.u.i.k.p.i.IntermediateProofReplayer Proof replay took 181.7ns 
13952      DEBUG Test worker     d.u.i.k.p.i.KeYFile       Reading KeY file src\test\resources\testcase\smt\ce\middle.key 
]]></system-out>
  <system-err><![CDATA[]]></system-err>
</testsuite>
