<?xml version="1.0" encoding="UTF-8"?>
<testsuite name="de.uka.ilkd.key.testcase.smt.testgen.TestTestgen" tests="1" skipped="0" failures="0" errors="0" timestamp="2023-04-20T23:57:40" hostname="fv-az790-985" time="4.541">
  <properties/>
  <testcase name="testMiddle()" classname="de.uka.ilkd.key.testcase.smt.testgen.TestTestgen" time="4.541"/>
  <system-out><![CDATA[15115      WARN  Test worker     d.u.i.k.t.s.t.TestTestgen Warning: Z3_CE is not installed, tests skipped. 
15116      WARN  Test worker     d.u.i.k.t.s.t.TestTestgen Maybe use JVM system property "z3SolverPath" to define the path to the Z3 command. 
15117      INFO  Test worker     d.u.i.k.p.i.AbstractProblemLoader Loading environment from src/test/resources/testcase/smt/tg/middle.key 
15127      DEBUG Test worker     d.u.i.k.p.i.AbstractProblemLoader Environment load took 9.78ms 
15130      INFO  Test worker     d.u.i.k.p.i.AbstractProblemLoader Creating init config 
19018      DEBUG Test worker     d.u.i.k.p.i.AbstractProblemLoader Init config took 3.89s 
19096      INFO  Test worker     d.u.i.k.p.i.AbstractProblemLoader Replaying proof Middle[Middle::middle(int,int,int)].JML normal_behavior operation contract.0 
19099      DEBUG Test worker     d.u.i.k.p.i.IntermediateProofReplayer Proof replay took 12.8ns 
]]></system-out>
  <system-err><![CDATA[]]></system-err>
</testsuite>
