<?xml version="1.0" encoding="UTF-8"?>
<testsuite name="org.key_project.util.testcase.collection.TestSetAsListOfString" tests="7" skipped="0" failures="0" errors="0" timestamp="2023-04-19T12:49:15" hostname="fv-az319-602" time="0.02">
  <properties/>
  <testcase name="testAdd()" classname="org.key_project.util.testcase.collection.TestSetAsListOfString" time="0.001"/>
  <testcase name="testUnion()" classname="org.key_project.util.testcase.collection.TestSetAsListOfString" time="0.0"/>
  <testcase name="testToString()" classname="org.key_project.util.testcase.collection.TestSetAsListOfString" time="0.0"/>
  <testcase name="testUnionRemoveDuplicates()" classname="org.key_project.util.testcase.collection.TestSetAsListOfString" time="0.0"/>
  <testcase name="testRemove()" classname="org.key_project.util.testcase.collection.TestSetAsListOfString" time="0.0"/>
  <testcase name="testSubset()" classname="org.key_project.util.testcase.collection.TestSetAsListOfString" time="0.013"/>
  <testcase name="testUnionEmptyWithNonEmptySet()" classname="org.key_project.util.testcase.collection.TestSetAsListOfString" time="0.0"/>
  <system-out><![CDATA[]]></system-out>
  <system-err><![CDATA[]]></system-err>
</testsuite>
