<?xml version="1.0" encoding="UTF-8"?>
<testsuite name="de.uka.ilkd.key.parser.TestDeclParser" tests="14" skipped="2" failures="0" errors="0" timestamp="2023-05-30T16:42:04" hostname="fv-az1230-476" time="14.382">
  <properties/>
  <testcase name="testGenericSortDecl1()" classname="de.uka.ilkd.key.parser.TestDeclParser" time="1.235"/>
  <testcase name="testGenericSortDecl2()" classname="de.uka.ilkd.key.parser.TestDeclParser" time="1.227"/>
  <testcase name="testGenericSortDecl3()" classname="de.uka.ilkd.key.parser.TestDeclParser" time="1.249"/>
  <testcase name="testGenericSortDecl4()" classname="de.uka.ilkd.key.parser.TestDeclParser" time="1.256"/>
  <testcase name="testGenericSortDecl5()" classname="de.uka.ilkd.key.parser.TestDeclParser" time="0.0">
    <skipped/>
  </testcase>
  <testcase name="testGenericSortDecl6()" classname="de.uka.ilkd.key.parser.TestDeclParser" time="1.135"/>
  <testcase name="testSortDecl()" classname="de.uka.ilkd.key.parser.TestDeclParser" time="1.196"/>
  <testcase name="testProxySortDecl()" classname="de.uka.ilkd.key.parser.TestDeclParser" time="1.186"/>
  <testcase name="testArrayDecl()" classname="de.uka.ilkd.key.parser.TestDeclParser" time="1.12"/>
  <testcase name="testAmbiguousDecls()" classname="de.uka.ilkd.key.parser.TestDeclParser" time="0.0">
    <skipped/>
  </testcase>
  <testcase name="testHeurDecl()" classname="de.uka.ilkd.key.parser.TestDeclParser" time="1.202"/>
  <testcase name="testFunctionDecl()" classname="de.uka.ilkd.key.parser.TestDeclParser" time="1.121"/>
  <testcase name="testPredicateDecl()" classname="de.uka.ilkd.key.parser.TestDeclParser" time="1.206"/>
  <testcase name="testSVDecl()" classname="de.uka.ilkd.key.parser.TestDeclParser" time="1.243"/>
  <system-out><![CDATA[282596     INFO  Test worker     d.u.i.k.n.KeyIO           Parsing took 0 ms 
282596     DEBUG Test worker     d.u.i.k.n.KeyIO           Load declarations of de.uka.ilkd.key.nparser.KeyAst$File:  <unknown>:1#1 
282596     INFO  Test worker     d.u.i.k.n.KeyIO           MODE: declarations took 0 ms 
282596     DEBUG Test worker     d.u.i.k.n.KeyIO           MODE: 2nd degree decls took 0 
282596     DEBUG Test worker     d.u.i.k.n.KeyIO           MODE: taclets took 0ms 
283816     INFO  Test worker     d.u.i.k.n.KeyIO           Parsing took 0 ms 
283816     DEBUG Test worker     d.u.i.k.n.KeyIO           Load declarations of de.uka.ilkd.key.nparser.KeyAst$File:  <unknown>:1#1 
283816     INFO  Test worker     d.u.i.k.n.KeyIO           MODE: declarations took 0 ms 
283816     DEBUG Test worker     d.u.i.k.n.KeyIO           MODE: 2nd degree decls took 0 
283816     DEBUG Test worker     d.u.i.k.n.KeyIO           MODE: taclets took 0ms 
285066     INFO  Test worker     d.u.i.k.n.KeyIO           Parsing took 0 ms 
285066     DEBUG Test worker     d.u.i.k.n.KeyIO           Load declarations of de.uka.ilkd.key.nparser.KeyAst$File:  <unknown>:1#1 
285066     INFO  Test worker     d.u.i.k.n.KeyIO           MODE: declarations took 0 ms 
285066     DEBUG Test worker     d.u.i.k.n.KeyIO           MODE: 2nd degree decls took 0 
285066     DEBUG Test worker     d.u.i.k.n.KeyIO           MODE: taclets took 0ms 
286333     INFO  Test worker     d.u.i.k.n.KeyIO           Parsing took 0 ms 
286333     DEBUG Test worker     d.u.i.k.n.KeyIO           Load declarations of de.uka.ilkd.key.nparser.KeyAst$File:  <unknown>:1#1 
286333     INFO  Test worker     d.u.i.k.n.KeyIO           MODE: declarations took 0 ms 
286333     DEBUG Test worker     d.u.i.k.n.KeyIO           MODE: 2nd degree decls took 0 
286333     DEBUG Test worker     d.u.i.k.n.KeyIO           MODE: taclets took 0ms 
287458     INFO  Test worker     d.u.i.k.n.KeyIO           Parsing took 0 ms 
287458     DEBUG Test worker     d.u.i.k.n.KeyIO           Load declarations of de.uka.ilkd.key.nparser.KeyAst$File:  <unknown>:1#1 
287458     INFO  Test worker     d.u.i.k.n.KeyIO           MODE: declarations took 0 ms 
287458     DEBUG Test worker     d.u.i.k.n.KeyIO           MODE: 2nd degree decls took 0 
287458     DEBUG Test worker     d.u.i.k.n.KeyIO           MODE: taclets took 0ms 
288646     INFO  Test worker     d.u.i.k.n.KeyIO           Parsing took 0 ms 
288646     DEBUG Test worker     d.u.i.k.n.KeyIO           Load declarations of de.uka.ilkd.key.nparser.KeyAst$File:  <unknown>:1#1 
288663     INFO  Test worker     d.u.i.k.n.KeyIO           MODE: declarations took 17 ms 
288663     DEBUG Test worker     d.u.i.k.n.KeyIO           MODE: 2nd degree decls took 0 
288663     DEBUG Test worker     d.u.i.k.n.KeyIO           MODE: taclets took 0ms 
289834     INFO  Test worker     d.u.i.k.n.KeyIO           Parsing took 0 ms 
289834     DEBUG Test worker     d.u.i.k.n.KeyIO           Load declarations of de.uka.ilkd.key.nparser.KeyAst$File:  <unknown>:1#1 
289834     INFO  Test worker     d.u.i.k.n.KeyIO           MODE: declarations took 0 ms 
289834     DEBUG Test worker     d.u.i.k.n.KeyIO           MODE: 2nd degree decls took 0 
289834     DEBUG Test worker     d.u.i.k.n.KeyIO           MODE: taclets took 0ms 
290960     INFO  Test worker     d.u.i.k.n.KeyIO           Parsing took 0 ms 
290960     DEBUG Test worker     d.u.i.k.n.KeyIO           Load declarations of de.uka.ilkd.key.nparser.KeyAst$File:  <unknown>:1#1 
290960     INFO  Test worker     d.u.i.k.n.KeyIO           MODE: declarations took 0 ms 
290960     DEBUG Test worker     d.u.i.k.n.KeyIO           MODE: 2nd degree decls took 0 
290960     DEBUG Test worker     d.u.i.k.n.KeyIO           MODE: taclets took 0ms 
292163     INFO  Test worker     d.u.i.k.n.KeyIO           Parsing took 0 ms 
292163     DEBUG Test worker     d.u.i.k.n.KeyIO           Load declarations of de.uka.ilkd.key.nparser.KeyAst$File:  <unknown>:1#1 
292163     INFO  Test worker     d.u.i.k.n.KeyIO           MODE: declarations took 0 ms 
292163     DEBUG Test worker     d.u.i.k.n.KeyIO           MODE: 2nd degree decls took 0 
292163     DEBUG Test worker     d.u.i.k.n.KeyIO           MODE: taclets took 0ms 
293289     INFO  Test worker     d.u.i.k.n.KeyIO           Parsing took 0 ms 
293289     DEBUG Test worker     d.u.i.k.n.KeyIO           Load declarations of de.uka.ilkd.key.nparser.KeyAst$File:  <unknown>:1#1 
293289     INFO  Test worker     d.u.i.k.n.KeyIO           MODE: declarations took 0 ms 
293289     DEBUG Test worker     d.u.i.k.n.KeyIO           MODE: 2nd degree decls took 0 
293289     DEBUG Test worker     d.u.i.k.n.KeyIO           MODE: taclets took 0ms 
294492     INFO  Test worker     d.u.i.k.n.KeyIO           Parsing took 0 ms 
294492     DEBUG Test worker     d.u.i.k.n.KeyIO           Load declarations of de.uka.ilkd.key.nparser.KeyAst$File:  <unknown>:1#1 
294492     INFO  Test worker     d.u.i.k.n.KeyIO           MODE: declarations took 0 ms 
294492     DEBUG Test worker     d.u.i.k.n.KeyIO           MODE: 2nd degree decls took 0 
294492     DEBUG Test worker     d.u.i.k.n.KeyIO           MODE: taclets took 0ms 
295727     INFO  Test worker     d.u.i.k.n.KeyIO           Parsing took 0 ms 
295727     DEBUG Test worker     d.u.i.k.n.KeyIO           Load declarations of de.uka.ilkd.key.nparser.KeyAst$File:  <unknown>:1#1 
295727     INFO  Test worker     d.u.i.k.n.KeyIO           MODE: declarations took 0 ms 
295727     DEBUG Test worker     d.u.i.k.n.KeyIO           MODE: 2nd degree decls took 0 
295743     DEBUG Test worker     d.u.i.k.n.KeyIO           MODE: taclets took 16ms 
]]></system-out>
  <system-err><![CDATA[]]></system-err>
</testsuite>
