<?xml version="1.0" encoding="UTF-8"?>
<testsuite name="de.uka.ilkd.key.parser.TestTermParserHeap" tests="39" skipped="0" failures="0" errors="0" timestamp="2023-05-30T16:44:08" hostname="fv-az1230-476" time="143.276">
  <properties/>
  <testcase name="testBracketHeapUpdate()" classname="de.uka.ilkd.key.parser.TestTermParserHeap" time="0.033"/>
  <testcase name="testStore()" classname="de.uka.ilkd.key.parser.TestTermParserHeap" time="0.011"/>
  <testcase name="testUnknownConstant()" classname="de.uka.ilkd.key.parser.TestTermParserHeap" time="0.009"/>
  <testcase name="testAllFieldsSelector()" classname="de.uka.ilkd.key.parser.TestTermParserHeap" time="0.004"/>
  <testcase name="testParsePrettyPrintedSelect()" classname="de.uka.ilkd.key.parser.TestTermParserHeap" time="0.005"/>
  <testcase name="testAccessStaticMembers()" classname="de.uka.ilkd.key.parser.TestTermParserHeap" time="0.008"/>
  <testcase name="testAtOperator_1()" classname="de.uka.ilkd.key.parser.TestTermParserHeap" time="0.006"/>
  <testcase name="testAtOperator_2()" classname="de.uka.ilkd.key.parser.TestTermParserHeap" time="0.004"/>
  <testcase name="testAtOperator_3()" classname="de.uka.ilkd.key.parser.TestTermParserHeap" time="0.009"/>
  <testcase name="testAtOperator_4()" classname="de.uka.ilkd.key.parser.TestTermParserHeap" time="0.008"/>
  <testcase name="testAtOperator_5()" classname="de.uka.ilkd.key.parser.TestTermParserHeap" time="0.008"/>
  <testcase name="testAtOperator_6()" classname="de.uka.ilkd.key.parser.TestTermParserHeap" time="0.002"/>
  <testcase name="testAtOperator_7()" classname="de.uka.ilkd.key.parser.TestTermParserHeap" time="0.004"/>
  <testcase name="testAtOperator_8()" classname="de.uka.ilkd.key.parser.TestTermParserHeap" time="0.009"/>
  <testcase name="testVerifyExceptionIfAtOperatorNotPreceededBySelectTerm()" classname="de.uka.ilkd.key.parser.TestTermParserHeap" time="0.007"/>
  <testcase name="testBugResettingCounter()" classname="de.uka.ilkd.key.parser.TestTermParserHeap" time="0.008"/>
  <testcase name="testLocationSets()" classname="de.uka.ilkd.key.parser.TestTermParserHeap" time="0.003"/>
  <testcase name="testQuantifiedSelect()" classname="de.uka.ilkd.key.parser.TestTermParserHeap" time="0.005"/>
  <testcase name="testGenericObjectProperties()" classname="de.uka.ilkd.key.parser.TestTermParserHeap" time="0.006"/>
  <testcase name="testQueryInheritance_1()" classname="de.uka.ilkd.key.parser.TestTermParserHeap" time="0.005"/>
  <testcase name="testQueryInheritance_2()" classname="de.uka.ilkd.key.parser.TestTermParserHeap" time="0.009"/>
  <testcase name="testQueryInheritance_3()" classname="de.uka.ilkd.key.parser.TestTermParserHeap" time="0.006"/>
  <testcase name="testQueryInheritance_4()" classname="de.uka.ilkd.key.parser.TestTermParserHeap" time="0.004"/>
  <testcase name="testQueryInheritance_5()" classname="de.uka.ilkd.key.parser.TestTermParserHeap" time="0.001"/>
  <testcase name="testQueryInheritance_6()" classname="de.uka.ilkd.key.parser.TestTermParserHeap" time="0.004"/>
  <testcase name="testQueryInheritance_7()" classname="de.uka.ilkd.key.parser.TestTermParserHeap" time="0.004"/>
  <testcase name="testQueryInheritance_8()" classname="de.uka.ilkd.key.parser.TestTermParserHeap" time="0.005"/>
  <testcase name="testQueryInheritance_9()" classname="de.uka.ilkd.key.parser.TestTermParserHeap" time="0.007"/>
  <testcase name="testQueryBasic_10()" classname="de.uka.ilkd.key.parser.TestTermParserHeap" time="0.004"/>
  <testcase name="testQueryBasic_11()" classname="de.uka.ilkd.key.parser.TestTermParserHeap" time="0.004"/>
  <testcase name="testQueryBasic_1()" classname="de.uka.ilkd.key.parser.TestTermParserHeap" time="0.015"/>
  <testcase name="testQueryBasic_2()" classname="de.uka.ilkd.key.parser.TestTermParserHeap" time="0.004"/>
  <testcase name="testQueryBasic_3()" classname="de.uka.ilkd.key.parser.TestTermParserHeap" time="0.005"/>
  <testcase name="testQueryBasic_4()" classname="de.uka.ilkd.key.parser.TestTermParserHeap" time="0.005"/>
  <testcase name="testQueryBasic_5()" classname="de.uka.ilkd.key.parser.TestTermParserHeap" time="0.004"/>
  <testcase name="testQueryBasic_6()" classname="de.uka.ilkd.key.parser.TestTermParserHeap" time="0.006"/>
  <testcase name="testQueryBasic_7()" classname="de.uka.ilkd.key.parser.TestTermParserHeap" time="0.003"/>
  <testcase name="testQueryBasic_8()" classname="de.uka.ilkd.key.parser.TestTermParserHeap" time="0.004"/>
  <testcase name="testQueryBasic_9()" classname="de.uka.ilkd.key.parser.TestTermParserHeap" time="0.004"/>
  <system-out><![CDATA[404842     INFO  Test worker     d.u.i.k.n.KeyIO           Parsing took 0 ms 
404842     DEBUG Test worker     d.u.i.k.n.KeyIO           Load declarations of de.uka.ilkd.key.nparser.KeyAst$File:  <unknown>:1#1 
404842     INFO  Test worker     d.u.i.k.n.KeyIO           MODE: declarations took 0 ms 
404842     DEBUG Test worker     d.u.i.k.n.KeyIO           MODE: 2nd degree decls took 0 
404842     INFO  Test worker     d.u.i.k.n.KeyIO           Parsing took 0 ms 
404842     DEBUG Test worker     d.u.i.k.n.KeyIO           Load declarations of de.uka.ilkd.key.nparser.KeyAst$File:  <unknown>:1#1 
404842     INFO  Test worker     d.u.i.k.n.KeyIO           MODE: declarations took 0 ms 
404842     DEBUG Test worker     d.u.i.k.n.KeyIO           MODE: 2nd degree decls took 0 
404842     INFO  Test worker     d.u.i.k.n.KeyIO           Parsing took 0 ms 
404842     DEBUG Test worker     d.u.i.k.n.KeyIO           Load declarations of de.uka.ilkd.key.nparser.KeyAst$File:  <unknown>:1#1 
404842     INFO  Test worker     d.u.i.k.n.KeyIO           MODE: declarations took 0 ms 
404842     DEBUG Test worker     d.u.i.k.n.KeyIO           MODE: 2nd degree decls took 0 
404842     INFO  Test worker     d.u.i.k.n.KeyIO           Parsing took 0 ms 
404842     DEBUG Test worker     d.u.i.k.n.KeyIO           Load declarations of de.uka.ilkd.key.nparser.KeyAst$File:  <unknown>:1#1 
404842     INFO  Test worker     d.u.i.k.n.KeyIO           MODE: declarations took 0 ms 
404842     DEBUG Test worker     d.u.i.k.n.KeyIO           MODE: 2nd degree decls took 0 
404842     INFO  Test worker     d.u.i.k.n.KeyIO           Parsing took 0 ms 
404842     DEBUG Test worker     d.u.i.k.n.KeyIO           Load declarations of de.uka.ilkd.key.nparser.KeyAst$File:  <unknown>:1#1 
404842     INFO  Test worker     d.u.i.k.n.KeyIO           MODE: declarations took 0 ms 
404842     DEBUG Test worker     d.u.i.k.n.KeyIO           MODE: 2nd degree decls took 0 
408641     INFO  Test worker     d.u.i.k.n.KeyIO           Parsing took 0 ms 
408641     DEBUG Test worker     d.u.i.k.n.KeyIO           Load declarations of de.uka.ilkd.key.nparser.KeyAst$File:  <unknown>:1#1 
408641     INFO  Test worker     d.u.i.k.n.KeyIO           MODE: declarations took 0 ms 
408641     DEBUG Test worker     d.u.i.k.n.KeyIO           MODE: 2nd degree decls took 0 
408641     INFO  Test worker     d.u.i.k.n.KeyIO           Parsing took 0 ms 
408641     DEBUG Test worker     d.u.i.k.n.KeyIO           Load declarations of de.uka.ilkd.key.nparser.KeyAst$File:  <unknown>:1#1 
408641     INFO  Test worker     d.u.i.k.n.KeyIO           MODE: declarations took 0 ms 
408641     DEBUG Test worker     d.u.i.k.n.KeyIO           MODE: 2nd degree decls took 0 
408641     INFO  Test worker     d.u.i.k.n.KeyIO           Parsing took 0 ms 
408641     DEBUG Test worker     d.u.i.k.n.KeyIO           Load declarations of de.uka.ilkd.key.nparser.KeyAst$File:  <unknown>:1#1 
408641     INFO  Test worker     d.u.i.k.n.KeyIO           MODE: declarations took 0 ms 
408641     DEBUG Test worker     d.u.i.k.n.KeyIO           MODE: 2nd degree decls took 0 
408641     INFO  Test worker     d.u.i.k.n.KeyIO           Parsing took 0 ms 
408641     DEBUG Test worker     d.u.i.k.n.KeyIO           Load declarations of de.uka.ilkd.key.nparser.KeyAst$File:  <unknown>:1#1 
408641     INFO  Test worker     d.u.i.k.n.KeyIO           MODE: declarations took 0 ms 
408641     DEBUG Test worker     d.u.i.k.n.KeyIO           MODE: 2nd degree decls took 0 
408641     INFO  Test worker     d.u.i.k.n.KeyIO           Parsing took 0 ms 
408641     DEBUG Test worker     d.u.i.k.n.KeyIO           Load declarations of de.uka.ilkd.key.nparser.KeyAst$File:  <unknown>:1#1 
408641     INFO  Test worker     d.u.i.k.n.KeyIO           MODE: declarations took 0 ms 
408641     DEBUG Test worker     d.u.i.k.n.KeyIO           MODE: 2nd degree decls took 0 
412565     INFO  Test worker     d.u.i.k.n.KeyIO           Parsing took 0 ms 
412565     DEBUG Test worker     d.u.i.k.n.KeyIO           Load declarations of de.uka.ilkd.key.nparser.KeyAst$File:  <unknown>:1#1 
412565     INFO  Test worker     d.u.i.k.n.KeyIO           MODE: declarations took 0 ms 
412565     DEBUG Test worker     d.u.i.k.n.KeyIO           MODE: 2nd degree decls took 0 
412565     INFO  Test worker     d.u.i.k.n.KeyIO           Parsing took 0 ms 
412565     DEBUG Test worker     d.u.i.k.n.KeyIO           Load declarations of de.uka.ilkd.key.nparser.KeyAst$File:  <unknown>:1#1 
412565     INFO  Test worker     d.u.i.k.n.KeyIO           MODE: declarations took 0 ms 
412565     DEBUG Test worker     d.u.i.k.n.KeyIO           MODE: 2nd degree decls took 0 
412565     INFO  Test worker     d.u.i.k.n.KeyIO           Parsing took 0 ms 
412565     DEBUG Test worker     d.u.i.k.n.KeyIO           Load declarations of de.uka.ilkd.key.nparser.KeyAst$File:  <unknown>:1#1 
412565     INFO  Test worker     d.u.i.k.n.KeyIO           MODE: declarations took 0 ms 
412565     DEBUG Test worker     d.u.i.k.n.KeyIO           MODE: 2nd degree decls took 0 
412565     INFO  Test worker     d.u.i.k.n.KeyIO           Parsing took 0 ms 
412565     DEBUG Test worker     d.u.i.k.n.KeyIO           Load declarations of de.uka.ilkd.key.nparser.KeyAst$File:  <unknown>:1#1 
412565     INFO  Test worker     d.u.i.k.n.KeyIO           MODE: declarations took 0 ms 
412565     DEBUG Test worker     d.u.i.k.n.KeyIO           MODE: 2nd degree decls took 0 
412565     INFO  Test worker     d.u.i.k.n.KeyIO           Parsing took 0 ms 
412581     DEBUG Test worker     d.u.i.k.n.KeyIO           Load declarations of de.uka.ilkd.key.nparser.KeyAst$File:  <unknown>:1#1 
412581     INFO  Test worker     d.u.i.k.n.KeyIO           MODE: declarations took 0 ms 
412581     DEBUG Test worker     d.u.i.k.n.KeyIO           MODE: 2nd degree decls took 0 
412581     INFO  Test worker     d.u.i.k.n.KeyIO           Parsing took 0 ms 
412581     DEBUG Test worker     d.u.i.k.n.KeyIO           Load declarations of de.uka.ilkd.key.nparser.KeyAst$File:  <unknown>:1#1 
412581     INFO  Test worker     d.u.i.k.n.KeyIO           MODE: declarations took 0 ms 
412581     DEBUG Test worker     d.u.i.k.n.KeyIO           MODE: 2nd degree decls took 0 
416396     INFO  Test worker     d.u.i.k.n.KeyIO           Parsing took 0 ms 
416396     DEBUG Test worker     d.u.i.k.n.KeyIO           Load declarations of de.uka.ilkd.key.nparser.KeyAst$File:  <unknown>:1#1 
416396     INFO  Test worker     d.u.i.k.n.KeyIO           MODE: declarations took 0 ms 
416396     DEBUG Test worker     d.u.i.k.n.KeyIO           MODE: 2nd degree decls took 0 
416396     INFO  Test worker     d.u.i.k.n.KeyIO           Parsing took 0 ms 
416396     DEBUG Test worker     d.u.i.k.n.KeyIO           Load declarations of de.uka.ilkd.key.nparser.KeyAst$File:  <unknown>:1#1 
416396     INFO  Test worker     d.u.i.k.n.KeyIO           MODE: declarations took 0 ms 
416396     DEBUG Test worker     d.u.i.k.n.KeyIO           MODE: 2nd degree decls took 0 
416396     INFO  Test worker     d.u.i.k.n.KeyIO           Parsing took 0 ms 
416396     DEBUG Test worker     d.u.i.k.n.KeyIO           Load declarations of de.uka.ilkd.key.nparser.KeyAst$File:  <unknown>:1#1 
416396     INFO  Test worker     d.u.i.k.n.KeyIO           MODE: declarations took 0 ms 
416396     DEBUG Test worker     d.u.i.k.n.KeyIO           MODE: 2nd degree decls took 0 
416396     INFO  Test worker     d.u.i.k.n.KeyIO           Parsing took 0 ms 
416396     DEBUG Test worker     d.u.i.k.n.KeyIO           Load declarations of de.uka.ilkd.key.nparser.KeyAst$File:  <unknown>:1#1 
416396     INFO  Test worker     d.u.i.k.n.KeyIO           MODE: declarations took 0 ms 
416396     DEBUG Test worker     d.u.i.k.n.KeyIO           MODE: 2nd degree decls took 0 
416396     INFO  Test worker     d.u.i.k.n.KeyIO           Parsing took 0 ms 
416396     DEBUG Test worker     d.u.i.k.n.KeyIO           Load declarations of de.uka.ilkd.key.nparser.KeyAst$File:  <unknown>:1#1 
416396     INFO  Test worker     d.u.i.k.n.KeyIO           MODE: declarations took 0 ms 
416396     DEBUG Test worker     d.u.i.k.n.KeyIO           MODE: 2nd degree decls took 0 
420258     INFO  Test worker     d.u.i.k.n.KeyIO           Parsing took 0 ms 
420258     DEBUG Test worker     d.u.i.k.n.KeyIO           Load declarations of de.uka.ilkd.key.nparser.KeyAst$File:  <unknown>:1#1 
420258     INFO  Test worker     d.u.i.k.n.KeyIO           MODE: declarations took 0 ms 
420258     DEBUG Test worker     d.u.i.k.n.KeyIO           MODE: 2nd degree decls took 0 
420258     INFO  Test worker     d.u.i.k.n.KeyIO           Parsing took 0 ms 
420258     DEBUG Test worker     d.u.i.k.n.KeyIO           Load declarations of de.uka.ilkd.key.nparser.KeyAst$File:  <unknown>:1#1 
420258     INFO  Test worker     d.u.i.k.n.KeyIO           MODE: declarations took 0 ms 
420258     DEBUG Test worker     d.u.i.k.n.KeyIO           MODE: 2nd degree decls took 0 
420258     INFO  Test worker     d.u.i.k.n.KeyIO           Parsing took 0 ms 
420258     DEBUG Test worker     d.u.i.k.n.KeyIO           Load declarations of de.uka.ilkd.key.nparser.KeyAst$File:  <unknown>:1#1 
420258     INFO  Test worker     d.u.i.k.n.KeyIO           MODE: declarations took 0 ms 
420258     DEBUG Test worker     d.u.i.k.n.KeyIO           MODE: 2nd degree decls took 0 
420258     INFO  Test worker     d.u.i.k.n.KeyIO           Parsing took 0 ms 
420258     DEBUG Test worker     d.u.i.k.n.KeyIO           Load declarations of de.uka.ilkd.key.nparser.KeyAst$File:  <unknown>:1#1 
420258     INFO  Test worker     d.u.i.k.n.KeyIO           MODE: declarations took 0 ms 
420258     DEBUG Test worker     d.u.i.k.n.KeyIO           MODE: 2nd degree decls took 0 
420258     INFO  Test worker     d.u.i.k.n.KeyIO           Parsing took 0 ms 
420258     DEBUG Test worker     d.u.i.k.n.KeyIO           Load declarations of de.uka.ilkd.key.nparser.KeyAst$File:  <unknown>:1#1 
420258     INFO  Test worker     d.u.i.k.n.KeyIO           MODE: declarations took 0 ms 
420258     DEBUG Test worker     d.u.i.k.n.KeyIO           MODE: 2nd degree decls took 0 
424326     INFO  Test worker     d.u.i.k.n.KeyIO           Parsing took 0 ms 
424326     DEBUG Test worker     d.u.i.k.n.KeyIO           Load declarations of de.uka.ilkd.key.nparser.KeyAst$File:  <unknown>:1#1 
424326     INFO  Test worker     d.u.i.k.n.KeyIO           MODE: declarations took 0 ms 
424326     DEBUG Test worker     d.u.i.k.n.KeyIO           MODE: 2nd degree decls took 0 
424326     INFO  Test worker     d.u.i.k.n.KeyIO           Parsing took 0 ms 
424326     DEBUG Test worker     d.u.i.k.n.KeyIO           Load declarations of de.uka.ilkd.key.nparser.KeyAst$File:  <unknown>:1#1 
424326     INFO  Test worker     d.u.i.k.n.KeyIO           MODE: declarations took 0 ms 
424326     DEBUG Test worker     d.u.i.k.n.KeyIO           MODE: 2nd degree decls took 0 
424326     INFO  Test worker     d.u.i.k.n.KeyIO           Parsing took 0 ms 
424326     DEBUG Test worker     d.u.i.k.n.KeyIO           Load declarations of de.uka.ilkd.key.nparser.KeyAst$File:  <unknown>:1#1 
424326     INFO  Test worker     d.u.i.k.n.KeyIO           MODE: declarations took 0 ms 
424326     DEBUG Test worker     d.u.i.k.n.KeyIO           MODE: 2nd degree decls took 0 
424326     INFO  Test worker     d.u.i.k.n.KeyIO           Parsing took 0 ms 
424326     DEBUG Test worker     d.u.i.k.n.KeyIO           Load declarations of de.uka.ilkd.key.nparser.KeyAst$File:  <unknown>:1#1 
424326     INFO  Test worker     d.u.i.k.n.KeyIO           MODE: declarations took 0 ms 
424326     DEBUG Test worker     d.u.i.k.n.KeyIO           MODE: 2nd degree decls took 0 
424326     INFO  Test worker     d.u.i.k.n.KeyIO           Parsing took 0 ms 
424326     DEBUG Test worker     d.u.i.k.n.KeyIO           Load declarations of de.uka.ilkd.key.nparser.KeyAst$File:  <unknown>:1#1 
424326     INFO  Test worker     d.u.i.k.n.KeyIO           MODE: declarations took 0 ms 
424326     DEBUG Test worker     d.u.i.k.n.KeyIO           MODE: 2nd degree decls took 0 
428156     INFO  Test worker     d.u.i.k.n.KeyIO           Parsing took 0 ms 
428156     DEBUG Test worker     d.u.i.k.n.KeyIO           Load declarations of de.uka.ilkd.key.nparser.KeyAst$File:  <unknown>:1#1 
428156     INFO  Test worker     d.u.i.k.n.KeyIO           MODE: declarations took 0 ms 
428156     DEBUG Test worker     d.u.i.k.n.KeyIO           MODE: 2nd degree decls took 0 
428156     INFO  Test worker     d.u.i.k.n.KeyIO           Parsing took 0 ms 
428171     DEBUG Test worker     d.u.i.k.n.KeyIO           Load declarations of de.uka.ilkd.key.nparser.KeyAst$File:  <unknown>:1#1 
428171     INFO  Test worker     d.u.i.k.n.KeyIO           MODE: declarations took 15 ms 
428171     DEBUG Test worker     d.u.i.k.n.KeyIO           MODE: 2nd degree decls took 0 
428171     INFO  Test worker     d.u.i.k.n.KeyIO           Parsing took 0 ms 
428171     DEBUG Test worker     d.u.i.k.n.KeyIO           Load declarations of de.uka.ilkd.key.nparser.KeyAst$File:  <unknown>:1#1 
428171     INFO  Test worker     d.u.i.k.n.KeyIO           MODE: declarations took 0 ms 
428171     DEBUG Test worker     d.u.i.k.n.KeyIO           MODE: 2nd degree decls took 0 
428171     INFO  Test worker     d.u.i.k.n.KeyIO           Parsing took 0 ms 
428171     DEBUG Test worker     d.u.i.k.n.KeyIO           Load declarations of de.uka.ilkd.key.nparser.KeyAst$File:  <unknown>:1#1 
428171     INFO  Test worker     d.u.i.k.n.KeyIO           MODE: declarations took 0 ms 
428171     DEBUG Test worker     d.u.i.k.n.KeyIO           MODE: 2nd degree decls took 0 
428171     INFO  Test worker     d.u.i.k.n.KeyIO           Parsing took 0 ms 
428171     DEBUG Test worker     d.u.i.k.n.KeyIO           Load declarations of de.uka.ilkd.key.nparser.KeyAst$File:  <unknown>:1#1 
428171     INFO  Test worker     d.u.i.k.n.KeyIO           MODE: declarations took 0 ms 
428171     DEBUG Test worker     d.u.i.k.n.KeyIO           MODE: 2nd degree decls took 0 
431940     INFO  Test worker     d.u.i.k.n.KeyIO           Parsing took 0 ms 
431940     DEBUG Test worker     d.u.i.k.n.KeyIO           Load declarations of de.uka.ilkd.key.nparser.KeyAst$File:  <unknown>:1#1 
431940     INFO  Test worker     d.u.i.k.n.KeyIO           MODE: declarations took 0 ms 
431940     DEBUG Test worker     d.u.i.k.n.KeyIO           MODE: 2nd degree decls took 0 
431940     INFO  Test worker     d.u.i.k.n.KeyIO           Parsing took 0 ms 
431940     DEBUG Test worker     d.u.i.k.n.KeyIO           Load declarations of de.uka.ilkd.key.nparser.KeyAst$File:  <unknown>:1#1 
431940     INFO  Test worker     d.u.i.k.n.KeyIO           MODE: declarations took 0 ms 
431940     DEBUG Test worker     d.u.i.k.n.KeyIO           MODE: 2nd degree decls took 0 
431940     INFO  Test worker     d.u.i.k.n.KeyIO           Parsing took 0 ms 
431940     DEBUG Test worker     d.u.i.k.n.KeyIO           Load declarations of de.uka.ilkd.key.nparser.KeyAst$File:  <unknown>:1#1 
431940     INFO  Test worker     d.u.i.k.n.KeyIO           MODE: declarations took 0 ms 
431940     DEBUG Test worker     d.u.i.k.n.KeyIO           MODE: 2nd degree decls took 0 
431940     INFO  Test worker     d.u.i.k.n.KeyIO           Parsing took 0 ms 
431940     DEBUG Test worker     d.u.i.k.n.KeyIO           Load declarations of de.uka.ilkd.key.nparser.KeyAst$File:  <unknown>:1#1 
431940     INFO  Test worker     d.u.i.k.n.KeyIO           MODE: declarations took 0 ms 
431940     DEBUG Test worker     d.u.i.k.n.KeyIO           MODE: 2nd degree decls took 0 
431940     INFO  Test worker     d.u.i.k.n.KeyIO           Parsing took 0 ms 
431940     DEBUG Test worker     d.u.i.k.n.KeyIO           Load declarations of de.uka.ilkd.key.nparser.KeyAst$File:  <unknown>:1#1 
431940     INFO  Test worker     d.u.i.k.n.KeyIO           MODE: declarations took 0 ms 
431940     DEBUG Test worker     d.u.i.k.n.KeyIO           MODE: 2nd degree decls took 0 
435536     INFO  Test worker     d.u.i.k.n.KeyIO           Parsing took 0 ms 
435536     DEBUG Test worker     d.u.i.k.n.KeyIO           Load declarations of de.uka.ilkd.key.nparser.KeyAst$File:  <unknown>:1#1 
435536     INFO  Test worker     d.u.i.k.n.KeyIO           MODE: declarations took 0 ms 
435536     DEBUG Test worker     d.u.i.k.n.KeyIO           MODE: 2nd degree decls took 0 
435536     INFO  Test worker     d.u.i.k.n.KeyIO           Parsing took 0 ms 
435552     DEBUG Test worker     d.u.i.k.n.KeyIO           Load declarations of de.uka.ilkd.key.nparser.KeyAst$File:  <unknown>:1#1 
435552     INFO  Test worker     d.u.i.k.n.KeyIO           MODE: declarations took 0 ms 
435552     DEBUG Test worker     d.u.i.k.n.KeyIO           MODE: 2nd degree decls took 0 
435552     INFO  Test worker     d.u.i.k.n.KeyIO           Parsing took 0 ms 
435552     DEBUG Test worker     d.u.i.k.n.KeyIO           Load declarations of de.uka.ilkd.key.nparser.KeyAst$File:  <unknown>:1#1 
435552     INFO  Test worker     d.u.i.k.n.KeyIO           MODE: declarations took 0 ms 
435552     DEBUG Test worker     d.u.i.k.n.KeyIO           MODE: 2nd degree decls took 0 
435552     INFO  Test worker     d.u.i.k.n.KeyIO           Parsing took 0 ms 
435552     DEBUG Test worker     d.u.i.k.n.KeyIO           Load declarations of de.uka.ilkd.key.nparser.KeyAst$File:  <unknown>:1#1 
435552     INFO  Test worker     d.u.i.k.n.KeyIO           MODE: declarations took 0 ms 
435552     DEBUG Test worker     d.u.i.k.n.KeyIO           MODE: 2nd degree decls took 0 
435552     INFO  Test worker     d.u.i.k.n.KeyIO           Parsing took 0 ms 
435552     DEBUG Test worker     d.u.i.k.n.KeyIO           Load declarations of de.uka.ilkd.key.nparser.KeyAst$File:  <unknown>:1#1 
435552     INFO  Test worker     d.u.i.k.n.KeyIO           MODE: declarations took 0 ms 
435552     DEBUG Test worker     d.u.i.k.n.KeyIO           MODE: 2nd degree decls took 0 
439273     INFO  Test worker     d.u.i.k.n.KeyIO           Parsing took 0 ms 
439273     DEBUG Test worker     d.u.i.k.n.KeyIO           Load declarations of de.uka.ilkd.key.nparser.KeyAst$File:  <unknown>:1#1 
439273     INFO  Test worker     d.u.i.k.n.KeyIO           MODE: declarations took 0 ms 
439273     DEBUG Test worker     d.u.i.k.n.KeyIO           MODE: 2nd degree decls took 0 
439273     INFO  Test worker     d.u.i.k.n.KeyIO           Parsing took 0 ms 
439273     DEBUG Test worker     d.u.i.k.n.KeyIO           Load declarations of de.uka.ilkd.key.nparser.KeyAst$File:  <unknown>:1#1 
439273     INFO  Test worker     d.u.i.k.n.KeyIO           MODE: declarations took 0 ms 
439273     DEBUG Test worker     d.u.i.k.n.KeyIO           MODE: 2nd degree decls took 0 
439273     INFO  Test worker     d.u.i.k.n.KeyIO           Parsing took 0 ms 
439273     DEBUG Test worker     d.u.i.k.n.KeyIO           Load declarations of de.uka.ilkd.key.nparser.KeyAst$File:  <unknown>:1#1 
439273     INFO  Test worker     d.u.i.k.n.KeyIO           MODE: declarations took 0 ms 
439273     DEBUG Test worker     d.u.i.k.n.KeyIO           MODE: 2nd degree decls took 0 
439273     INFO  Test worker     d.u.i.k.n.KeyIO           Parsing took 0 ms 
439273     DEBUG Test worker     d.u.i.k.n.KeyIO           Load declarations of de.uka.ilkd.key.nparser.KeyAst$File:  <unknown>:1#1 
439273     INFO  Test worker     d.u.i.k.n.KeyIO           MODE: declarations took 0 ms 
439273     DEBUG Test worker     d.u.i.k.n.KeyIO           MODE: 2nd degree decls took 0 
439273     INFO  Test worker     d.u.i.k.n.KeyIO           Parsing took 0 ms 
439273     DEBUG Test worker     d.u.i.k.n.KeyIO           Load declarations of de.uka.ilkd.key.nparser.KeyAst$File:  <unknown>:1#1 
439273     INFO  Test worker     d.u.i.k.n.KeyIO           MODE: declarations took 0 ms 
439273     DEBUG Test worker     d.u.i.k.n.KeyIO           MODE: 2nd degree decls took 0 
443040     INFO  Test worker     d.u.i.k.n.KeyIO           Parsing took 0 ms 
443040     DEBUG Test worker     d.u.i.k.n.KeyIO           Load declarations of de.uka.ilkd.key.nparser.KeyAst$File:  <unknown>:1#1 
443040     INFO  Test worker     d.u.i.k.n.KeyIO           MODE: declarations took 0 ms 
443040     DEBUG Test worker     d.u.i.k.n.KeyIO           MODE: 2nd degree decls took 0 
443040     INFO  Test worker     d.u.i.k.n.KeyIO           Parsing took 0 ms 
443040     DEBUG Test worker     d.u.i.k.n.KeyIO           Load declarations of de.uka.ilkd.key.nparser.KeyAst$File:  <unknown>:1#1 
443040     INFO  Test worker     d.u.i.k.n.KeyIO           MODE: declarations took 0 ms 
443040     DEBUG Test worker     d.u.i.k.n.KeyIO           MODE: 2nd degree decls took 0 
443040     INFO  Test worker     d.u.i.k.n.KeyIO           Parsing took 0 ms 
443040     DEBUG Test worker     d.u.i.k.n.KeyIO           Load declarations of de.uka.ilkd.key.nparser.KeyAst$File:  <unknown>:1#1 
443040     INFO  Test worker     d.u.i.k.n.KeyIO           MODE: declarations took 0 ms 
443040     DEBUG Test worker     d.u.i.k.n.KeyIO           MODE: 2nd degree decls took 0 
443040     INFO  Test worker     d.u.i.k.n.KeyIO           Parsing took 0 ms 
443040     DEBUG Test worker     d.u.i.k.n.KeyIO           Load declarations of de.uka.ilkd.key.nparser.KeyAst$File:  <unknown>:1#1 
443040     INFO  Test worker     d.u.i.k.n.KeyIO           MODE: declarations took 0 ms 
443040     DEBUG Test worker     d.u.i.k.n.KeyIO           MODE: 2nd degree decls took 0 
443040     INFO  Test worker     d.u.i.k.n.KeyIO           Parsing took 0 ms 
443040     DEBUG Test worker     d.u.i.k.n.KeyIO           Load declarations of de.uka.ilkd.key.nparser.KeyAst$File:  <unknown>:1#1 
443056     INFO  Test worker     d.u.i.k.n.KeyIO           MODE: declarations took 16 ms 
443056     DEBUG Test worker     d.u.i.k.n.KeyIO           MODE: 2nd degree decls took 0 
447465     INFO  Test worker     d.u.i.k.n.KeyIO           Parsing took 0 ms 
447465     DEBUG Test worker     d.u.i.k.n.KeyIO           Load declarations of de.uka.ilkd.key.nparser.KeyAst$File:  <unknown>:1#1 
447465     INFO  Test worker     d.u.i.k.n.KeyIO           MODE: declarations took 0 ms 
447465     DEBUG Test worker     d.u.i.k.n.KeyIO           MODE: 2nd degree decls took 0 
447465     INFO  Test worker     d.u.i.k.n.KeyIO           Parsing took 0 ms 
447465     DEBUG Test worker     d.u.i.k.n.KeyIO           Load declarations of de.uka.ilkd.key.nparser.KeyAst$File:  <unknown>:1#1 
447465     INFO  Test worker     d.u.i.k.n.KeyIO           MODE: declarations took 0 ms 
447465     DEBUG Test worker     d.u.i.k.n.KeyIO           MODE: 2nd degree decls took 0 
447465     INFO  Test worker     d.u.i.k.n.KeyIO           Parsing took 0 ms 
447465     DEBUG Test worker     d.u.i.k.n.KeyIO           Load declarations of de.uka.ilkd.key.nparser.KeyAst$File:  <unknown>:1#1 
447465     INFO  Test worker     d.u.i.k.n.KeyIO           MODE: declarations took 0 ms 
447465     DEBUG Test worker     d.u.i.k.n.KeyIO           MODE: 2nd degree decls took 0 
447465     INFO  Test worker     d.u.i.k.n.KeyIO           Parsing took 0 ms 
447465     DEBUG Test worker     d.u.i.k.n.KeyIO           Load declarations of de.uka.ilkd.key.nparser.KeyAst$File:  <unknown>:1#1 
447465     INFO  Test worker     d.u.i.k.n.KeyIO           MODE: declarations took 0 ms 
447465     DEBUG Test worker     d.u.i.k.n.KeyIO           MODE: 2nd degree decls took 0 
447465     INFO  Test worker     d.u.i.k.n.KeyIO           Parsing took 0 ms 
447465     DEBUG Test worker     d.u.i.k.n.KeyIO           Load declarations of de.uka.ilkd.key.nparser.KeyAst$File:  <unknown>:1#1 
447465     INFO  Test worker     d.u.i.k.n.KeyIO           MODE: declarations took 0 ms 
447465     DEBUG Test worker     d.u.i.k.n.KeyIO           MODE: 2nd degree decls took 0 
451296     INFO  Test worker     d.u.i.k.n.KeyIO           Parsing took 0 ms 
451296     DEBUG Test worker     d.u.i.k.n.KeyIO           Load declarations of de.uka.ilkd.key.nparser.KeyAst$File:  <unknown>:1#1 
451296     INFO  Test worker     d.u.i.k.n.KeyIO           MODE: declarations took 0 ms 
451296     DEBUG Test worker     d.u.i.k.n.KeyIO           MODE: 2nd degree decls took 0 
451296     INFO  Test worker     d.u.i.k.n.KeyIO           Parsing took 0 ms 
451296     DEBUG Test worker     d.u.i.k.n.KeyIO           Load declarations of de.uka.ilkd.key.nparser.KeyAst$File:  <unknown>:1#1 
451296     INFO  Test worker     d.u.i.k.n.KeyIO           MODE: declarations took 0 ms 
451296     DEBUG Test worker     d.u.i.k.n.KeyIO           MODE: 2nd degree decls took 0 
451296     INFO  Test worker     d.u.i.k.n.KeyIO           Parsing took 0 ms 
451296     DEBUG Test worker     d.u.i.k.n.KeyIO           Load declarations of de.uka.ilkd.key.nparser.KeyAst$File:  <unknown>:1#1 
451296     INFO  Test worker     d.u.i.k.n.KeyIO           MODE: declarations took 0 ms 
451296     DEBUG Test worker     d.u.i.k.n.KeyIO           MODE: 2nd degree decls took 0 
451296     INFO  Test worker     d.u.i.k.n.KeyIO           Parsing took 0 ms 
451296     DEBUG Test worker     d.u.i.k.n.KeyIO           Load declarations of de.uka.ilkd.key.nparser.KeyAst$File:  <unknown>:1#1 
451296     INFO  Test worker     d.u.i.k.n.KeyIO           MODE: declarations took 0 ms 
451296     DEBUG Test worker     d.u.i.k.n.KeyIO           MODE: 2nd degree decls took 0 
451296     INFO  Test worker     d.u.i.k.n.KeyIO           Parsing took 0 ms 
451296     DEBUG Test worker     d.u.i.k.n.KeyIO           Load declarations of de.uka.ilkd.key.nparser.KeyAst$File:  <unknown>:1#1 
451296     INFO  Test worker     d.u.i.k.n.KeyIO           MODE: declarations took 0 ms 
451296     DEBUG Test worker     d.u.i.k.n.KeyIO           MODE: 2nd degree decls took 0 
455018     INFO  Test worker     d.u.i.k.n.KeyIO           Parsing took 0 ms 
455018     DEBUG Test worker     d.u.i.k.n.KeyIO           Load declarations of de.uka.ilkd.key.nparser.KeyAst$File:  <unknown>:1#1 
455018     INFO  Test worker     d.u.i.k.n.KeyIO           MODE: declarations took 0 ms 
455018     DEBUG Test worker     d.u.i.k.n.KeyIO           MODE: 2nd degree decls took 0 
455018     INFO  Test worker     d.u.i.k.n.KeyIO           Parsing took 0 ms 
455018     DEBUG Test worker     d.u.i.k.n.KeyIO           Load declarations of de.uka.ilkd.key.nparser.KeyAst$File:  <unknown>:1#1 
455018     INFO  Test worker     d.u.i.k.n.KeyIO           MODE: declarations took 0 ms 
455018     DEBUG Test worker     d.u.i.k.n.KeyIO           MODE: 2nd degree decls took 0 
455018     INFO  Test worker     d.u.i.k.n.KeyIO           Parsing took 0 ms 
455018     DEBUG Test worker     d.u.i.k.n.KeyIO           Load declarations of de.uka.ilkd.key.nparser.KeyAst$File:  <unknown>:1#1 
455018     INFO  Test worker     d.u.i.k.n.KeyIO           MODE: declarations took 0 ms 
455018     DEBUG Test worker     d.u.i.k.n.KeyIO           MODE: 2nd degree decls took 0 
455018     INFO  Test worker     d.u.i.k.n.KeyIO           Parsing took 0 ms 
455018     DEBUG Test worker     d.u.i.k.n.KeyIO           Load declarations of de.uka.ilkd.key.nparser.KeyAst$File:  <unknown>:1#1 
455018     INFO  Test worker     d.u.i.k.n.KeyIO           MODE: declarations took 0 ms 
455018     DEBUG Test worker     d.u.i.k.n.KeyIO           MODE: 2nd degree decls took 0 
455018     INFO  Test worker     d.u.i.k.n.KeyIO           Parsing took 0 ms 
455018     DEBUG Test worker     d.u.i.k.n.KeyIO           Load declarations of de.uka.ilkd.key.nparser.KeyAst$File:  <unknown>:1#1 
455018     INFO  Test worker     d.u.i.k.n.KeyIO           MODE: declarations took 0 ms 
455018     DEBUG Test worker     d.u.i.k.n.KeyIO           MODE: 2nd degree decls took 0 
458770     INFO  Test worker     d.u.i.k.n.KeyIO           Parsing took 0 ms 
458770     DEBUG Test worker     d.u.i.k.n.KeyIO           Load declarations of de.uka.ilkd.key.nparser.KeyAst$File:  <unknown>:1#1 
458770     INFO  Test worker     d.u.i.k.n.KeyIO           MODE: declarations took 0 ms 
458770     DEBUG Test worker     d.u.i.k.n.KeyIO           MODE: 2nd degree decls took 0 
458770     INFO  Test worker     d.u.i.k.n.KeyIO           Parsing took 0 ms 
458770     DEBUG Test worker     d.u.i.k.n.KeyIO           Load declarations of de.uka.ilkd.key.nparser.KeyAst$File:  <unknown>:1#1 
458770     INFO  Test worker     d.u.i.k.n.KeyIO           MODE: declarations took 0 ms 
458770     DEBUG Test worker     d.u.i.k.n.KeyIO           MODE: 2nd degree decls took 0 
458770     INFO  Test worker     d.u.i.k.n.KeyIO           Parsing took 0 ms 
458770     DEBUG Test worker     d.u.i.k.n.KeyIO           Load declarations of de.uka.ilkd.key.nparser.KeyAst$File:  <unknown>:1#1 
458770     INFO  Test worker     d.u.i.k.n.KeyIO           MODE: declarations took 0 ms 
458770     DEBUG Test worker     d.u.i.k.n.KeyIO           MODE: 2nd degree decls took 0 
458770     INFO  Test worker     d.u.i.k.n.KeyIO           Parsing took 0 ms 
458770     DEBUG Test worker     d.u.i.k.n.KeyIO           Load declarations of de.uka.ilkd.key.nparser.KeyAst$File:  <unknown>:1#1 
458770     INFO  Test worker     d.u.i.k.n.KeyIO           MODE: declarations took 0 ms 
458770     DEBUG Test worker     d.u.i.k.n.KeyIO           MODE: 2nd degree decls took 0 
458770     INFO  Test worker     d.u.i.k.n.KeyIO           Parsing took 0 ms 
458770     DEBUG Test worker     d.u.i.k.n.KeyIO           Load declarations of de.uka.ilkd.key.nparser.KeyAst$File:  <unknown>:1#1 
458770     INFO  Test worker     d.u.i.k.n.KeyIO           MODE: declarations took 0 ms 
458770     DEBUG Test worker     d.u.i.k.n.KeyIO           MODE: 2nd degree decls took 0 
458770     WARN  Test worker     d.u.i.k.n.KeYParser       [syntax-error] <unknown>:1:11: mismatched input '@' expecting {'/', ':=', '.', '(', ')', '{', '[', '@', PARALLEL, OR, AND, IMP, '=', NOT_EQUALS, '%', '*', '-', '+', '>', GREATEREQUAL, '<', LESSEQUAL, LGUILLEMETS, EQV} [@11,11:11='@',<153>,1:11] (termEOF) 
462493     INFO  Test worker     d.u.i.k.n.KeyIO           Parsing took 0 ms 
462493     DEBUG Test worker     d.u.i.k.n.KeyIO           Load declarations of de.uka.ilkd.key.nparser.KeyAst$File:  <unknown>:1#1 
462493     INFO  Test worker     d.u.i.k.n.KeyIO           MODE: declarations took 0 ms 
462493     DEBUG Test worker     d.u.i.k.n.KeyIO           MODE: 2nd degree decls took 0 
462493     INFO  Test worker     d.u.i.k.n.KeyIO           Parsing took 0 ms 
462493     DEBUG Test worker     d.u.i.k.n.KeyIO           Load declarations of de.uka.ilkd.key.nparser.KeyAst$File:  <unknown>:1#1 
462493     INFO  Test worker     d.u.i.k.n.KeyIO           MODE: declarations took 0 ms 
462493     DEBUG Test worker     d.u.i.k.n.KeyIO           MODE: 2nd degree decls took 0 
462493     INFO  Test worker     d.u.i.k.n.KeyIO           Parsing took 0 ms 
462493     DEBUG Test worker     d.u.i.k.n.KeyIO           Load declarations of de.uka.ilkd.key.nparser.KeyAst$File:  <unknown>:1#1 
462493     INFO  Test worker     d.u.i.k.n.KeyIO           MODE: declarations took 0 ms 
462493     DEBUG Test worker     d.u.i.k.n.KeyIO           MODE: 2nd degree decls took 0 
462493     INFO  Test worker     d.u.i.k.n.KeyIO           Parsing took 0 ms 
462493     DEBUG Test worker     d.u.i.k.n.KeyIO           Load declarations of de.uka.ilkd.key.nparser.KeyAst$File:  <unknown>:1#1 
462508     INFO  Test worker     d.u.i.k.n.KeyIO           MODE: declarations took 15 ms 
462508     DEBUG Test worker     d.u.i.k.n.KeyIO           MODE: 2nd degree decls took 0 
462508     INFO  Test worker     d.u.i.k.n.KeyIO           Parsing took 0 ms 
462508     DEBUG Test worker     d.u.i.k.n.KeyIO           Load declarations of de.uka.ilkd.key.nparser.KeyAst$File:  <unknown>:1#1 
462508     INFO  Test worker     d.u.i.k.n.KeyIO           MODE: declarations took 0 ms 
462508     DEBUG Test worker     d.u.i.k.n.KeyIO           MODE: 2nd degree decls took 0 
466214     INFO  Test worker     d.u.i.k.n.KeyIO           Parsing took 0 ms 
466214     DEBUG Test worker     d.u.i.k.n.KeyIO           Load declarations of de.uka.ilkd.key.nparser.KeyAst$File:  <unknown>:1#1 
466229     INFO  Test worker     d.u.i.k.n.KeyIO           MODE: declarations took 15 ms 
466229     DEBUG Test worker     d.u.i.k.n.KeyIO           MODE: 2nd degree decls took 0 
466229     INFO  Test worker     d.u.i.k.n.KeyIO           Parsing took 0 ms 
466229     DEBUG Test worker     d.u.i.k.n.KeyIO           Load declarations of de.uka.ilkd.key.nparser.KeyAst$File:  <unknown>:1#1 
466229     INFO  Test worker     d.u.i.k.n.KeyIO           MODE: declarations took 0 ms 
466229     DEBUG Test worker     d.u.i.k.n.KeyIO           MODE: 2nd degree decls took 0 
466229     INFO  Test worker     d.u.i.k.n.KeyIO           Parsing took 0 ms 
466229     DEBUG Test worker     d.u.i.k.n.KeyIO           Load declarations of de.uka.ilkd.key.nparser.KeyAst$File:  <unknown>:1#1 
466229     INFO  Test worker     d.u.i.k.n.KeyIO           MODE: declarations took 0 ms 
466229     DEBUG Test worker     d.u.i.k.n.KeyIO           MODE: 2nd degree decls took 0 
466229     INFO  Test worker     d.u.i.k.n.KeyIO           Parsing took 0 ms 
466229     DEBUG Test worker     d.u.i.k.n.KeyIO           Load declarations of de.uka.ilkd.key.nparser.KeyAst$File:  <unknown>:1#1 
466229     INFO  Test worker     d.u.i.k.n.KeyIO           MODE: declarations took 0 ms 
466229     DEBUG Test worker     d.u.i.k.n.KeyIO           MODE: 2nd degree decls took 0 
466229     INFO  Test worker     d.u.i.k.n.KeyIO           Parsing took 0 ms 
466229     DEBUG Test worker     d.u.i.k.n.KeyIO           Load declarations of de.uka.ilkd.key.nparser.KeyAst$File:  <unknown>:1#1 
466229     INFO  Test worker     d.u.i.k.n.KeyIO           MODE: declarations took 0 ms 
466229     DEBUG Test worker     d.u.i.k.n.KeyIO           MODE: 2nd degree decls took 0 
469966     INFO  Test worker     d.u.i.k.n.KeyIO           Parsing took 0 ms 
469966     DEBUG Test worker     d.u.i.k.n.KeyIO           Load declarations of de.uka.ilkd.key.nparser.KeyAst$File:  <unknown>:1#1 
469966     INFO  Test worker     d.u.i.k.n.KeyIO           MODE: declarations took 0 ms 
469966     DEBUG Test worker     d.u.i.k.n.KeyIO           MODE: 2nd degree decls took 0 
469966     INFO  Test worker     d.u.i.k.n.KeyIO           Parsing took 0 ms 
469966     DEBUG Test worker     d.u.i.k.n.KeyIO           Load declarations of de.uka.ilkd.key.nparser.KeyAst$File:  <unknown>:1#1 
469966     INFO  Test worker     d.u.i.k.n.KeyIO           MODE: declarations took 0 ms 
469966     DEBUG Test worker     d.u.i.k.n.KeyIO           MODE: 2nd degree decls took 0 
469966     INFO  Test worker     d.u.i.k.n.KeyIO           Parsing took 0 ms 
469966     DEBUG Test worker     d.u.i.k.n.KeyIO           Load declarations of de.uka.ilkd.key.nparser.KeyAst$File:  <unknown>:1#1 
469966     INFO  Test worker     d.u.i.k.n.KeyIO           MODE: declarations took 0 ms 
469966     DEBUG Test worker     d.u.i.k.n.KeyIO           MODE: 2nd degree decls took 0 
469966     INFO  Test worker     d.u.i.k.n.KeyIO           Parsing took 0 ms 
469966     DEBUG Test worker     d.u.i.k.n.KeyIO           Load declarations of de.uka.ilkd.key.nparser.KeyAst$File:  <unknown>:1#1 
469966     INFO  Test worker     d.u.i.k.n.KeyIO           MODE: declarations took 0 ms 
469966     DEBUG Test worker     d.u.i.k.n.KeyIO           MODE: 2nd degree decls took 0 
469966     INFO  Test worker     d.u.i.k.n.KeyIO           Parsing took 0 ms 
469966     DEBUG Test worker     d.u.i.k.n.KeyIO           Load declarations of de.uka.ilkd.key.nparser.KeyAst$File:  <unknown>:1#1 
469966     INFO  Test worker     d.u.i.k.n.KeyIO           MODE: declarations took 0 ms 
469966     DEBUG Test worker     d.u.i.k.n.KeyIO           MODE: 2nd degree decls took 0 
473734     INFO  Test worker     d.u.i.k.n.KeyIO           Parsing took 0 ms 
473734     DEBUG Test worker     d.u.i.k.n.KeyIO           Load declarations of de.uka.ilkd.key.nparser.KeyAst$File:  <unknown>:1#1 
473734     INFO  Test worker     d.u.i.k.n.KeyIO           MODE: declarations took 0 ms 
473734     DEBUG Test worker     d.u.i.k.n.KeyIO           MODE: 2nd degree decls took 0 
473734     INFO  Test worker     d.u.i.k.n.KeyIO           Parsing took 0 ms 
473734     DEBUG Test worker     d.u.i.k.n.KeyIO           Load declarations of de.uka.ilkd.key.nparser.KeyAst$File:  <unknown>:1#1 
473734     INFO  Test worker     d.u.i.k.n.KeyIO           MODE: declarations took 0 ms 
473734     DEBUG Test worker     d.u.i.k.n.KeyIO           MODE: 2nd degree decls took 0 
473734     INFO  Test worker     d.u.i.k.n.KeyIO           Parsing took 0 ms 
473734     DEBUG Test worker     d.u.i.k.n.KeyIO           Load declarations of de.uka.ilkd.key.nparser.KeyAst$File:  <unknown>:1#1 
473734     INFO  Test worker     d.u.i.k.n.KeyIO           MODE: declarations took 0 ms 
473734     DEBUG Test worker     d.u.i.k.n.KeyIO           MODE: 2nd degree decls took 0 
473734     INFO  Test worker     d.u.i.k.n.KeyIO           Parsing took 0 ms 
473734     DEBUG Test worker     d.u.i.k.n.KeyIO           Load declarations of de.uka.ilkd.key.nparser.KeyAst$File:  <unknown>:1#1 
473734     INFO  Test worker     d.u.i.k.n.KeyIO           MODE: declarations took 0 ms 
473734     DEBUG Test worker     d.u.i.k.n.KeyIO           MODE: 2nd degree decls took 0 
473734     INFO  Test worker     d.u.i.k.n.KeyIO           Parsing took 0 ms 
473734     DEBUG Test worker     d.u.i.k.n.KeyIO           Load declarations of de.uka.ilkd.key.nparser.KeyAst$File:  <unknown>:1#1 
473734     INFO  Test worker     d.u.i.k.n.KeyIO           MODE: declarations took 0 ms 
473734     DEBUG Test worker     d.u.i.k.n.KeyIO           MODE: 2nd degree decls took 0 
477423     INFO  Test worker     d.u.i.k.n.KeyIO           Parsing took 0 ms 
477423     DEBUG Test worker     d.u.i.k.n.KeyIO           Load declarations of de.uka.ilkd.key.nparser.KeyAst$File:  <unknown>:1#1 
477423     INFO  Test worker     d.u.i.k.n.KeyIO           MODE: declarations took 0 ms 
477423     DEBUG Test worker     d.u.i.k.n.KeyIO           MODE: 2nd degree decls took 0 
477423     INFO  Test worker     d.u.i.k.n.KeyIO           Parsing took 0 ms 
477423     DEBUG Test worker     d.u.i.k.n.KeyIO           Load declarations of de.uka.ilkd.key.nparser.KeyAst$File:  <unknown>:1#1 
477423     INFO  Test worker     d.u.i.k.n.KeyIO           MODE: declarations took 0 ms 
477423     DEBUG Test worker     d.u.i.k.n.KeyIO           MODE: 2nd degree decls took 0 
477423     INFO  Test worker     d.u.i.k.n.KeyIO           Parsing took 0 ms 
477423     DEBUG Test worker     d.u.i.k.n.KeyIO           Load declarations of de.uka.ilkd.key.nparser.KeyAst$File:  <unknown>:1#1 
477423     INFO  Test worker     d.u.i.k.n.KeyIO           MODE: declarations took 0 ms 
477423     DEBUG Test worker     d.u.i.k.n.KeyIO           MODE: 2nd degree decls took 0 
477423     INFO  Test worker     d.u.i.k.n.KeyIO           Parsing took 0 ms 
477423     DEBUG Test worker     d.u.i.k.n.KeyIO           Load declarations of de.uka.ilkd.key.nparser.KeyAst$File:  <unknown>:1#1 
477423     INFO  Test worker     d.u.i.k.n.KeyIO           MODE: declarations took 0 ms 
477423     DEBUG Test worker     d.u.i.k.n.KeyIO           MODE: 2nd degree decls took 0 
477423     INFO  Test worker     d.u.i.k.n.KeyIO           Parsing took 0 ms 
477423     DEBUG Test worker     d.u.i.k.n.KeyIO           Load declarations of de.uka.ilkd.key.nparser.KeyAst$File:  <unknown>:1#1 
477423     INFO  Test worker     d.u.i.k.n.KeyIO           MODE: declarations took 0 ms 
477423     DEBUG Test worker     d.u.i.k.n.KeyIO           MODE: 2nd degree decls took 0 
481176     INFO  Test worker     d.u.i.k.n.KeyIO           Parsing took 0 ms 
481176     DEBUG Test worker     d.u.i.k.n.KeyIO           Load declarations of de.uka.ilkd.key.nparser.KeyAst$File:  <unknown>:1#1 
481176     INFO  Test worker     d.u.i.k.n.KeyIO           MODE: declarations took 0 ms 
481176     DEBUG Test worker     d.u.i.k.n.KeyIO           MODE: 2nd degree decls took 0 
481176     INFO  Test worker     d.u.i.k.n.KeyIO           Parsing took 0 ms 
481176     DEBUG Test worker     d.u.i.k.n.KeyIO           Load declarations of de.uka.ilkd.key.nparser.KeyAst$File:  <unknown>:1#1 
481176     INFO  Test worker     d.u.i.k.n.KeyIO           MODE: declarations took 0 ms 
481176     DEBUG Test worker     d.u.i.k.n.KeyIO           MODE: 2nd degree decls took 0 
481176     INFO  Test worker     d.u.i.k.n.KeyIO           Parsing took 0 ms 
481176     DEBUG Test worker     d.u.i.k.n.KeyIO           Load declarations of de.uka.ilkd.key.nparser.KeyAst$File:  <unknown>:1#1 
481176     INFO  Test worker     d.u.i.k.n.KeyIO           MODE: declarations took 0 ms 
481176     DEBUG Test worker     d.u.i.k.n.KeyIO           MODE: 2nd degree decls took 0 
481192     INFO  Test worker     d.u.i.k.n.KeyIO           Parsing took 16 ms 
481192     DEBUG Test worker     d.u.i.k.n.KeyIO           Load declarations of de.uka.ilkd.key.nparser.KeyAst$File:  <unknown>:1#1 
481192     INFO  Test worker     d.u.i.k.n.KeyIO           MODE: declarations took 0 ms 
481192     DEBUG Test worker     d.u.i.k.n.KeyIO           MODE: 2nd degree decls took 0 
481192     INFO  Test worker     d.u.i.k.n.KeyIO           Parsing took 0 ms 
481192     DEBUG Test worker     d.u.i.k.n.KeyIO           Load declarations of de.uka.ilkd.key.nparser.KeyAst$File:  <unknown>:1#1 
481192     INFO  Test worker     d.u.i.k.n.KeyIO           MODE: declarations took 0 ms 
481192     DEBUG Test worker     d.u.i.k.n.KeyIO           MODE: 2nd degree decls took 0 
485179     INFO  Test worker     d.u.i.k.n.KeyIO           Parsing took 0 ms 
485179     DEBUG Test worker     d.u.i.k.n.KeyIO           Load declarations of de.uka.ilkd.key.nparser.KeyAst$File:  <unknown>:1#1 
485179     INFO  Test worker     d.u.i.k.n.KeyIO           MODE: declarations took 0 ms 
485179     DEBUG Test worker     d.u.i.k.n.KeyIO           MODE: 2nd degree decls took 0 
485179     INFO  Test worker     d.u.i.k.n.KeyIO           Parsing took 0 ms 
485179     DEBUG Test worker     d.u.i.k.n.KeyIO           Load declarations of de.uka.ilkd.key.nparser.KeyAst$File:  <unknown>:1#1 
485179     INFO  Test worker     d.u.i.k.n.KeyIO           MODE: declarations took 0 ms 
485179     DEBUG Test worker     d.u.i.k.n.KeyIO           MODE: 2nd degree decls took 0 
485179     INFO  Test worker     d.u.i.k.n.KeyIO           Parsing took 0 ms 
485179     DEBUG Test worker     d.u.i.k.n.KeyIO           Load declarations of de.uka.ilkd.key.nparser.KeyAst$File:  <unknown>:1#1 
485179     INFO  Test worker     d.u.i.k.n.KeyIO           MODE: declarations took 0 ms 
485179     DEBUG Test worker     d.u.i.k.n.KeyIO           MODE: 2nd degree decls took 0 
485179     INFO  Test worker     d.u.i.k.n.KeyIO           Parsing took 0 ms 
485179     DEBUG Test worker     d.u.i.k.n.KeyIO           Load declarations of de.uka.ilkd.key.nparser.KeyAst$File:  <unknown>:1#1 
485179     INFO  Test worker     d.u.i.k.n.KeyIO           MODE: declarations took 0 ms 
485179     DEBUG Test worker     d.u.i.k.n.KeyIO           MODE: 2nd degree decls took 0 
485179     INFO  Test worker     d.u.i.k.n.KeyIO           Parsing took 0 ms 
485179     DEBUG Test worker     d.u.i.k.n.KeyIO           Load declarations of de.uka.ilkd.key.nparser.KeyAst$File:  <unknown>:1#1 
485179     INFO  Test worker     d.u.i.k.n.KeyIO           MODE: declarations took 0 ms 
485179     DEBUG Test worker     d.u.i.k.n.KeyIO           MODE: 2nd degree decls took 0 
488947     INFO  Test worker     d.u.i.k.n.KeyIO           Parsing took 0 ms 
488947     DEBUG Test worker     d.u.i.k.n.KeyIO           Load declarations of de.uka.ilkd.key.nparser.KeyAst$File:  <unknown>:1#1 
488947     INFO  Test worker     d.u.i.k.n.KeyIO           MODE: declarations took 0 ms 
488947     DEBUG Test worker     d.u.i.k.n.KeyIO           MODE: 2nd degree decls took 0 
488947     INFO  Test worker     d.u.i.k.n.KeyIO           Parsing took 0 ms 
488947     DEBUG Test worker     d.u.i.k.n.KeyIO           Load declarations of de.uka.ilkd.key.nparser.KeyAst$File:  <unknown>:1#1 
488947     INFO  Test worker     d.u.i.k.n.KeyIO           MODE: declarations took 0 ms 
488947     DEBUG Test worker     d.u.i.k.n.KeyIO           MODE: 2nd degree decls took 0 
488947     INFO  Test worker     d.u.i.k.n.KeyIO           Parsing took 0 ms 
488947     DEBUG Test worker     d.u.i.k.n.KeyIO           Load declarations of de.uka.ilkd.key.nparser.KeyAst$File:  <unknown>:1#1 
488947     INFO  Test worker     d.u.i.k.n.KeyIO           MODE: declarations took 0 ms 
488947     DEBUG Test worker     d.u.i.k.n.KeyIO           MODE: 2nd degree decls took 0 
488947     INFO  Test worker     d.u.i.k.n.KeyIO           Parsing took 0 ms 
488947     DEBUG Test worker     d.u.i.k.n.KeyIO           Load declarations of de.uka.ilkd.key.nparser.KeyAst$File:  <unknown>:1#1 
488947     INFO  Test worker     d.u.i.k.n.KeyIO           MODE: declarations took 0 ms 
488947     DEBUG Test worker     d.u.i.k.n.KeyIO           MODE: 2nd degree decls took 0 
488947     INFO  Test worker     d.u.i.k.n.KeyIO           Parsing took 0 ms 
488947     DEBUG Test worker     d.u.i.k.n.KeyIO           Load declarations of de.uka.ilkd.key.nparser.KeyAst$File:  <unknown>:1#1 
488947     INFO  Test worker     d.u.i.k.n.KeyIO           MODE: declarations took 0 ms 
488947     DEBUG Test worker     d.u.i.k.n.KeyIO           MODE: 2nd degree decls took 0 
492575     INFO  Test worker     d.u.i.k.n.KeyIO           Parsing took 0 ms 
492575     DEBUG Test worker     d.u.i.k.n.KeyIO           Load declarations of de.uka.ilkd.key.nparser.KeyAst$File:  <unknown>:1#1 
492575     INFO  Test worker     d.u.i.k.n.KeyIO           MODE: declarations took 0 ms 
492575     DEBUG Test worker     d.u.i.k.n.KeyIO           MODE: 2nd degree decls took 0 
492575     INFO  Test worker     d.u.i.k.n.KeyIO           Parsing took 0 ms 
492575     DEBUG Test worker     d.u.i.k.n.KeyIO           Load declarations of de.uka.ilkd.key.nparser.KeyAst$File:  <unknown>:1#1 
492575     INFO  Test worker     d.u.i.k.n.KeyIO           MODE: declarations took 0 ms 
492575     DEBUG Test worker     d.u.i.k.n.KeyIO           MODE: 2nd degree decls took 0 
492575     INFO  Test worker     d.u.i.k.n.KeyIO           Parsing took 0 ms 
492575     DEBUG Test worker     d.u.i.k.n.KeyIO           Load declarations of de.uka.ilkd.key.nparser.KeyAst$File:  <unknown>:1#1 
492575     INFO  Test worker     d.u.i.k.n.KeyIO           MODE: declarations took 0 ms 
492575     DEBUG Test worker     d.u.i.k.n.KeyIO           MODE: 2nd degree decls took 0 
492575     INFO  Test worker     d.u.i.k.n.KeyIO           Parsing took 0 ms 
492575     DEBUG Test worker     d.u.i.k.n.KeyIO           Load declarations of de.uka.ilkd.key.nparser.KeyAst$File:  <unknown>:1#1 
492575     INFO  Test worker     d.u.i.k.n.KeyIO           MODE: declarations took 0 ms 
492575     DEBUG Test worker     d.u.i.k.n.KeyIO           MODE: 2nd degree decls took 0 
492575     INFO  Test worker     d.u.i.k.n.KeyIO           Parsing took 0 ms 
492575     DEBUG Test worker     d.u.i.k.n.KeyIO           Load declarations of de.uka.ilkd.key.nparser.KeyAst$File:  <unknown>:1#1 
492575     INFO  Test worker     d.u.i.k.n.KeyIO           MODE: declarations took 0 ms 
492575     DEBUG Test worker     d.u.i.k.n.KeyIO           MODE: 2nd degree decls took 0 
496296     INFO  Test worker     d.u.i.k.n.KeyIO           Parsing took 0 ms 
496296     DEBUG Test worker     d.u.i.k.n.KeyIO           Load declarations of de.uka.ilkd.key.nparser.KeyAst$File:  <unknown>:1#1 
496296     INFO  Test worker     d.u.i.k.n.KeyIO           MODE: declarations took 0 ms 
496296     DEBUG Test worker     d.u.i.k.n.KeyIO           MODE: 2nd degree decls took 0 
496296     INFO  Test worker     d.u.i.k.n.KeyIO           Parsing took 0 ms 
496296     DEBUG Test worker     d.u.i.k.n.KeyIO           Load declarations of de.uka.ilkd.key.nparser.KeyAst$File:  <unknown>:1#1 
496296     INFO  Test worker     d.u.i.k.n.KeyIO           MODE: declarations took 0 ms 
496296     DEBUG Test worker     d.u.i.k.n.KeyIO           MODE: 2nd degree decls took 0 
496296     INFO  Test worker     d.u.i.k.n.KeyIO           Parsing took 0 ms 
496296     DEBUG Test worker     d.u.i.k.n.KeyIO           Load declarations of de.uka.ilkd.key.nparser.KeyAst$File:  <unknown>:1#1 
496296     INFO  Test worker     d.u.i.k.n.KeyIO           MODE: declarations took 0 ms 
496296     DEBUG Test worker     d.u.i.k.n.KeyIO           MODE: 2nd degree decls took 0 
496296     INFO  Test worker     d.u.i.k.n.KeyIO           Parsing took 0 ms 
496296     DEBUG Test worker     d.u.i.k.n.KeyIO           Load declarations of de.uka.ilkd.key.nparser.KeyAst$File:  <unknown>:1#1 
496296     INFO  Test worker     d.u.i.k.n.KeyIO           MODE: declarations took 0 ms 
496296     DEBUG Test worker     d.u.i.k.n.KeyIO           MODE: 2nd degree decls took 0 
496296     INFO  Test worker     d.u.i.k.n.KeyIO           Parsing took 0 ms 
496296     DEBUG Test worker     d.u.i.k.n.KeyIO           Load declarations of de.uka.ilkd.key.nparser.KeyAst$File:  <unknown>:1#1 
496296     INFO  Test worker     d.u.i.k.n.KeyIO           MODE: declarations took 0 ms 
496296     DEBUG Test worker     d.u.i.k.n.KeyIO           MODE: 2nd degree decls took 0 
500063     INFO  Test worker     d.u.i.k.n.KeyIO           Parsing took 0 ms 
500063     DEBUG Test worker     d.u.i.k.n.KeyIO           Load declarations of de.uka.ilkd.key.nparser.KeyAst$File:  <unknown>:1#1 
500063     INFO  Test worker     d.u.i.k.n.KeyIO           MODE: declarations took 0 ms 
500063     DEBUG Test worker     d.u.i.k.n.KeyIO           MODE: 2nd degree decls took 0 
500063     INFO  Test worker     d.u.i.k.n.KeyIO           Parsing took 0 ms 
500063     DEBUG Test worker     d.u.i.k.n.KeyIO           Load declarations of de.uka.ilkd.key.nparser.KeyAst$File:  <unknown>:1#1 
500063     INFO  Test worker     d.u.i.k.n.KeyIO           MODE: declarations took 0 ms 
500063     DEBUG Test worker     d.u.i.k.n.KeyIO           MODE: 2nd degree decls took 0 
500063     INFO  Test worker     d.u.i.k.n.KeyIO           Parsing took 0 ms 
500063     DEBUG Test worker     d.u.i.k.n.KeyIO           Load declarations of de.uka.ilkd.key.nparser.KeyAst$File:  <unknown>:1#1 
500063     INFO  Test worker     d.u.i.k.n.KeyIO           MODE: declarations took 0 ms 
500063     DEBUG Test worker     d.u.i.k.n.KeyIO           MODE: 2nd degree decls took 0 
500063     INFO  Test worker     d.u.i.k.n.KeyIO           Parsing took 0 ms 
500063     DEBUG Test worker     d.u.i.k.n.KeyIO           Load declarations of de.uka.ilkd.key.nparser.KeyAst$File:  <unknown>:1#1 
500063     INFO  Test worker     d.u.i.k.n.KeyIO           MODE: declarations took 0 ms 
500063     DEBUG Test worker     d.u.i.k.n.KeyIO           MODE: 2nd degree decls took 0 
500063     INFO  Test worker     d.u.i.k.n.KeyIO           Parsing took 0 ms 
500063     DEBUG Test worker     d.u.i.k.n.KeyIO           Load declarations of de.uka.ilkd.key.nparser.KeyAst$File:  <unknown>:1#1 
500063     INFO  Test worker     d.u.i.k.n.KeyIO           MODE: declarations took 0 ms 
500063     DEBUG Test worker     d.u.i.k.n.KeyIO           MODE: 2nd degree decls took 0 
503910     INFO  Test worker     d.u.i.k.n.KeyIO           Parsing took 0 ms 
503910     DEBUG Test worker     d.u.i.k.n.KeyIO           Load declarations of de.uka.ilkd.key.nparser.KeyAst$File:  <unknown>:1#1 
503910     INFO  Test worker     d.u.i.k.n.KeyIO           MODE: declarations took 0 ms 
503910     DEBUG Test worker     d.u.i.k.n.KeyIO           MODE: 2nd degree decls took 0 
503910     INFO  Test worker     d.u.i.k.n.KeyIO           Parsing took 0 ms 
503910     DEBUG Test worker     d.u.i.k.n.KeyIO           Load declarations of de.uka.ilkd.key.nparser.KeyAst$File:  <unknown>:1#1 
503910     INFO  Test worker     d.u.i.k.n.KeyIO           MODE: declarations took 0 ms 
503910     DEBUG Test worker     d.u.i.k.n.KeyIO           MODE: 2nd degree decls took 0 
503910     INFO  Test worker     d.u.i.k.n.KeyIO           Parsing took 0 ms 
503910     DEBUG Test worker     d.u.i.k.n.KeyIO           Load declarations of de.uka.ilkd.key.nparser.KeyAst$File:  <unknown>:1#1 
503910     INFO  Test worker     d.u.i.k.n.KeyIO           MODE: declarations took 0 ms 
503910     DEBUG Test worker     d.u.i.k.n.KeyIO           MODE: 2nd degree decls took 0 
503910     INFO  Test worker     d.u.i.k.n.KeyIO           Parsing took 0 ms 
503910     DEBUG Test worker     d.u.i.k.n.KeyIO           Load declarations of de.uka.ilkd.key.nparser.KeyAst$File:  <unknown>:1#1 
503910     INFO  Test worker     d.u.i.k.n.KeyIO           MODE: declarations took 0 ms 
503910     DEBUG Test worker     d.u.i.k.n.KeyIO           MODE: 2nd degree decls took 0 
503910     INFO  Test worker     d.u.i.k.n.KeyIO           Parsing took 0 ms 
503910     DEBUG Test worker     d.u.i.k.n.KeyIO           Load declarations of de.uka.ilkd.key.nparser.KeyAst$File:  <unknown>:1#1 
503910     INFO  Test worker     d.u.i.k.n.KeyIO           MODE: declarations took 0 ms 
503910     DEBUG Test worker     d.u.i.k.n.KeyIO           MODE: 2nd degree decls took 0 
507662     INFO  Test worker     d.u.i.k.n.KeyIO           Parsing took 0 ms 
507662     DEBUG Test worker     d.u.i.k.n.KeyIO           Load declarations of de.uka.ilkd.key.nparser.KeyAst$File:  <unknown>:1#1 
507662     INFO  Test worker     d.u.i.k.n.KeyIO           MODE: declarations took 0 ms 
507662     DEBUG Test worker     d.u.i.k.n.KeyIO           MODE: 2nd degree decls took 0 
507662     INFO  Test worker     d.u.i.k.n.KeyIO           Parsing took 0 ms 
507662     DEBUG Test worker     d.u.i.k.n.KeyIO           Load declarations of de.uka.ilkd.key.nparser.KeyAst$File:  <unknown>:1#1 
507662     INFO  Test worker     d.u.i.k.n.KeyIO           MODE: declarations took 0 ms 
507662     DEBUG Test worker     d.u.i.k.n.KeyIO           MODE: 2nd degree decls took 0 
507662     INFO  Test worker     d.u.i.k.n.KeyIO           Parsing took 0 ms 
507662     DEBUG Test worker     d.u.i.k.n.KeyIO           Load declarations of de.uka.ilkd.key.nparser.KeyAst$File:  <unknown>:1#1 
507662     INFO  Test worker     d.u.i.k.n.KeyIO           MODE: declarations took 0 ms 
507662     DEBUG Test worker     d.u.i.k.n.KeyIO           MODE: 2nd degree decls took 0 
507662     INFO  Test worker     d.u.i.k.n.KeyIO           Parsing took 0 ms 
507662     DEBUG Test worker     d.u.i.k.n.KeyIO           Load declarations of de.uka.ilkd.key.nparser.KeyAst$File:  <unknown>:1#1 
507662     INFO  Test worker     d.u.i.k.n.KeyIO           MODE: declarations took 0 ms 
507662     DEBUG Test worker     d.u.i.k.n.KeyIO           MODE: 2nd degree decls took 0 
507662     INFO  Test worker     d.u.i.k.n.KeyIO           Parsing took 0 ms 
507662     DEBUG Test worker     d.u.i.k.n.KeyIO           Load declarations of de.uka.ilkd.key.nparser.KeyAst$File:  <unknown>:1#1 
507662     INFO  Test worker     d.u.i.k.n.KeyIO           MODE: declarations took 0 ms 
507662     DEBUG Test worker     d.u.i.k.n.KeyIO           MODE: 2nd degree decls took 0 
511383     INFO  Test worker     d.u.i.k.n.KeyIO           Parsing took 0 ms 
511383     DEBUG Test worker     d.u.i.k.n.KeyIO           Load declarations of de.uka.ilkd.key.nparser.KeyAst$File:  <unknown>:1#1 
511383     INFO  Test worker     d.u.i.k.n.KeyIO           MODE: declarations took 0 ms 
511383     DEBUG Test worker     d.u.i.k.n.KeyIO           MODE: 2nd degree decls took 0 
511383     INFO  Test worker     d.u.i.k.n.KeyIO           Parsing took 0 ms 
511383     DEBUG Test worker     d.u.i.k.n.KeyIO           Load declarations of de.uka.ilkd.key.nparser.KeyAst$File:  <unknown>:1#1 
511383     INFO  Test worker     d.u.i.k.n.KeyIO           MODE: declarations took 0 ms 
511383     DEBUG Test worker     d.u.i.k.n.KeyIO           MODE: 2nd degree decls took 0 
511399     INFO  Test worker     d.u.i.k.n.KeyIO           Parsing took 16 ms 
511399     DEBUG Test worker     d.u.i.k.n.KeyIO           Load declarations of de.uka.ilkd.key.nparser.KeyAst$File:  <unknown>:1#1 
511399     INFO  Test worker     d.u.i.k.n.KeyIO           MODE: declarations took 0 ms 
511399     DEBUG Test worker     d.u.i.k.n.KeyIO           MODE: 2nd degree decls took 0 
511399     INFO  Test worker     d.u.i.k.n.KeyIO           Parsing took 0 ms 
511399     DEBUG Test worker     d.u.i.k.n.KeyIO           Load declarations of de.uka.ilkd.key.nparser.KeyAst$File:  <unknown>:1#1 
511399     INFO  Test worker     d.u.i.k.n.KeyIO           MODE: declarations took 0 ms 
511399     DEBUG Test worker     d.u.i.k.n.KeyIO           MODE: 2nd degree decls took 0 
511399     INFO  Test worker     d.u.i.k.n.KeyIO           Parsing took 0 ms 
511399     DEBUG Test worker     d.u.i.k.n.KeyIO           Load declarations of de.uka.ilkd.key.nparser.KeyAst$File:  <unknown>:1#1 
511399     INFO  Test worker     d.u.i.k.n.KeyIO           MODE: declarations took 0 ms 
511399     DEBUG Test worker     d.u.i.k.n.KeyIO           MODE: 2nd degree decls took 0 
515152     INFO  Test worker     d.u.i.k.n.KeyIO           Parsing took 0 ms 
515152     DEBUG Test worker     d.u.i.k.n.KeyIO           Load declarations of de.uka.ilkd.key.nparser.KeyAst$File:  <unknown>:1#1 
515152     INFO  Test worker     d.u.i.k.n.KeyIO           MODE: declarations took 0 ms 
515152     DEBUG Test worker     d.u.i.k.n.KeyIO           MODE: 2nd degree decls took 0 
515152     INFO  Test worker     d.u.i.k.n.KeyIO           Parsing took 0 ms 
515152     DEBUG Test worker     d.u.i.k.n.KeyIO           Load declarations of de.uka.ilkd.key.nparser.KeyAst$File:  <unknown>:1#1 
515152     INFO  Test worker     d.u.i.k.n.KeyIO           MODE: declarations took 0 ms 
515152     DEBUG Test worker     d.u.i.k.n.KeyIO           MODE: 2nd degree decls took 0 
515152     INFO  Test worker     d.u.i.k.n.KeyIO           Parsing took 0 ms 
515152     DEBUG Test worker     d.u.i.k.n.KeyIO           Load declarations of de.uka.ilkd.key.nparser.KeyAst$File:  <unknown>:1#1 
515152     INFO  Test worker     d.u.i.k.n.KeyIO           MODE: declarations took 0 ms 
515152     DEBUG Test worker     d.u.i.k.n.KeyIO           MODE: 2nd degree decls took 0 
515152     INFO  Test worker     d.u.i.k.n.KeyIO           Parsing took 0 ms 
515152     DEBUG Test worker     d.u.i.k.n.KeyIO           Load declarations of de.uka.ilkd.key.nparser.KeyAst$File:  <unknown>:1#1 
515152     INFO  Test worker     d.u.i.k.n.KeyIO           MODE: declarations took 0 ms 
515152     DEBUG Test worker     d.u.i.k.n.KeyIO           MODE: 2nd degree decls took 0 
515152     INFO  Test worker     d.u.i.k.n.KeyIO           Parsing took 0 ms 
515152     DEBUG Test worker     d.u.i.k.n.KeyIO           Load declarations of de.uka.ilkd.key.nparser.KeyAst$File:  <unknown>:1#1 
515152     INFO  Test worker     d.u.i.k.n.KeyIO           MODE: declarations took 0 ms 
515152     DEBUG Test worker     d.u.i.k.n.KeyIO           MODE: 2nd degree decls took 0 
518748     INFO  Test worker     d.u.i.k.n.KeyIO           Parsing took 0 ms 
518748     DEBUG Test worker     d.u.i.k.n.KeyIO           Load declarations of de.uka.ilkd.key.nparser.KeyAst$File:  <unknown>:1#1 
518748     INFO  Test worker     d.u.i.k.n.KeyIO           MODE: declarations took 0 ms 
518748     DEBUG Test worker     d.u.i.k.n.KeyIO           MODE: 2nd degree decls took 0 
518748     INFO  Test worker     d.u.i.k.n.KeyIO           Parsing took 0 ms 
518748     DEBUG Test worker     d.u.i.k.n.KeyIO           Load declarations of de.uka.ilkd.key.nparser.KeyAst$File:  <unknown>:1#1 
518748     INFO  Test worker     d.u.i.k.n.KeyIO           MODE: declarations took 0 ms 
518748     DEBUG Test worker     d.u.i.k.n.KeyIO           MODE: 2nd degree decls took 0 
518748     INFO  Test worker     d.u.i.k.n.KeyIO           Parsing took 0 ms 
518748     DEBUG Test worker     d.u.i.k.n.KeyIO           Load declarations of de.uka.ilkd.key.nparser.KeyAst$File:  <unknown>:1#1 
518748     INFO  Test worker     d.u.i.k.n.KeyIO           MODE: declarations took 0 ms 
518748     DEBUG Test worker     d.u.i.k.n.KeyIO           MODE: 2nd degree decls took 0 
518748     INFO  Test worker     d.u.i.k.n.KeyIO           Parsing took 0 ms 
518748     DEBUG Test worker     d.u.i.k.n.KeyIO           Load declarations of de.uka.ilkd.key.nparser.KeyAst$File:  <unknown>:1#1 
518748     INFO  Test worker     d.u.i.k.n.KeyIO           MODE: declarations took 0 ms 
518748     DEBUG Test worker     d.u.i.k.n.KeyIO           MODE: 2nd degree decls took 0 
518748     INFO  Test worker     d.u.i.k.n.KeyIO           Parsing took 0 ms 
518748     DEBUG Test worker     d.u.i.k.n.KeyIO           Load declarations of de.uka.ilkd.key.nparser.KeyAst$File:  <unknown>:1#1 
518748     INFO  Test worker     d.u.i.k.n.KeyIO           MODE: declarations took 0 ms 
518748     DEBUG Test worker     d.u.i.k.n.KeyIO           MODE: 2nd degree decls took 0 
522345     INFO  Test worker     d.u.i.k.n.KeyIO           Parsing took 0 ms 
522345     DEBUG Test worker     d.u.i.k.n.KeyIO           Load declarations of de.uka.ilkd.key.nparser.KeyAst$File:  <unknown>:1#1 
522345     INFO  Test worker     d.u.i.k.n.KeyIO           MODE: declarations took 0 ms 
522345     DEBUG Test worker     d.u.i.k.n.KeyIO           MODE: 2nd degree decls took 0 
522345     INFO  Test worker     d.u.i.k.n.KeyIO           Parsing took 0 ms 
522345     DEBUG Test worker     d.u.i.k.n.KeyIO           Load declarations of de.uka.ilkd.key.nparser.KeyAst$File:  <unknown>:1#1 
522345     INFO  Test worker     d.u.i.k.n.KeyIO           MODE: declarations took 0 ms 
522345     DEBUG Test worker     d.u.i.k.n.KeyIO           MODE: 2nd degree decls took 0 
522345     INFO  Test worker     d.u.i.k.n.KeyIO           Parsing took 0 ms 
522345     DEBUG Test worker     d.u.i.k.n.KeyIO           Load declarations of de.uka.ilkd.key.nparser.KeyAst$File:  <unknown>:1#1 
522345     INFO  Test worker     d.u.i.k.n.KeyIO           MODE: declarations took 0 ms 
522345     DEBUG Test worker     d.u.i.k.n.KeyIO           MODE: 2nd degree decls took 0 
522345     INFO  Test worker     d.u.i.k.n.KeyIO           Parsing took 0 ms 
522345     DEBUG Test worker     d.u.i.k.n.KeyIO           Load declarations of de.uka.ilkd.key.nparser.KeyAst$File:  <unknown>:1#1 
522345     INFO  Test worker     d.u.i.k.n.KeyIO           MODE: declarations took 0 ms 
522345     DEBUG Test worker     d.u.i.k.n.KeyIO           MODE: 2nd degree decls took 0 
522345     INFO  Test worker     d.u.i.k.n.KeyIO           Parsing took 0 ms 
522345     DEBUG Test worker     d.u.i.k.n.KeyIO           Load declarations of de.uka.ilkd.key.nparser.KeyAst$File:  <unknown>:1#1 
522345     INFO  Test worker     d.u.i.k.n.KeyIO           MODE: declarations took 0 ms 
522345     DEBUG Test worker     d.u.i.k.n.KeyIO           MODE: 2nd degree decls took 0 
525941     INFO  Test worker     d.u.i.k.n.KeyIO           Parsing took 0 ms 
525941     DEBUG Test worker     d.u.i.k.n.KeyIO           Load declarations of de.uka.ilkd.key.nparser.KeyAst$File:  <unknown>:1#1 
525941     INFO  Test worker     d.u.i.k.n.KeyIO           MODE: declarations took 0 ms 
525941     DEBUG Test worker     d.u.i.k.n.KeyIO           MODE: 2nd degree decls took 0 
525941     INFO  Test worker     d.u.i.k.n.KeyIO           Parsing took 0 ms 
525941     DEBUG Test worker     d.u.i.k.n.KeyIO           Load declarations of de.uka.ilkd.key.nparser.KeyAst$File:  <unknown>:1#1 
525941     INFO  Test worker     d.u.i.k.n.KeyIO           MODE: declarations took 0 ms 
525941     DEBUG Test worker     d.u.i.k.n.KeyIO           MODE: 2nd degree decls took 0 
525941     INFO  Test worker     d.u.i.k.n.KeyIO           Parsing took 0 ms 
525941     DEBUG Test worker     d.u.i.k.n.KeyIO           Load declarations of de.uka.ilkd.key.nparser.KeyAst$File:  <unknown>:1#1 
525941     INFO  Test worker     d.u.i.k.n.KeyIO           MODE: declarations took 0 ms 
525941     DEBUG Test worker     d.u.i.k.n.KeyIO           MODE: 2nd degree decls took 0 
525941     INFO  Test worker     d.u.i.k.n.KeyIO           Parsing took 0 ms 
525941     DEBUG Test worker     d.u.i.k.n.KeyIO           Load declarations of de.uka.ilkd.key.nparser.KeyAst$File:  <unknown>:1#1 
525941     INFO  Test worker     d.u.i.k.n.KeyIO           MODE: declarations took 0 ms 
525941     DEBUG Test worker     d.u.i.k.n.KeyIO           MODE: 2nd degree decls took 0 
525941     INFO  Test worker     d.u.i.k.n.KeyIO           Parsing took 0 ms 
525941     DEBUG Test worker     d.u.i.k.n.KeyIO           Load declarations of de.uka.ilkd.key.nparser.KeyAst$File:  <unknown>:1#1 
525941     INFO  Test worker     d.u.i.k.n.KeyIO           MODE: declarations took 0 ms 
525941     DEBUG Test worker     d.u.i.k.n.KeyIO           MODE: 2nd degree decls took 0 
529521     INFO  Test worker     d.u.i.k.n.KeyIO           Parsing took 0 ms 
529521     DEBUG Test worker     d.u.i.k.n.KeyIO           Load declarations of de.uka.ilkd.key.nparser.KeyAst$File:  <unknown>:1#1 
529521     INFO  Test worker     d.u.i.k.n.KeyIO           MODE: declarations took 0 ms 
529521     DEBUG Test worker     d.u.i.k.n.KeyIO           MODE: 2nd degree decls took 0 
529521     INFO  Test worker     d.u.i.k.n.KeyIO           Parsing took 0 ms 
529521     DEBUG Test worker     d.u.i.k.n.KeyIO           Load declarations of de.uka.ilkd.key.nparser.KeyAst$File:  <unknown>:1#1 
529521     INFO  Test worker     d.u.i.k.n.KeyIO           MODE: declarations took 0 ms 
529521     DEBUG Test worker     d.u.i.k.n.KeyIO           MODE: 2nd degree decls took 0 
529521     INFO  Test worker     d.u.i.k.n.KeyIO           Parsing took 0 ms 
529521     DEBUG Test worker     d.u.i.k.n.KeyIO           Load declarations of de.uka.ilkd.key.nparser.KeyAst$File:  <unknown>:1#1 
529521     INFO  Test worker     d.u.i.k.n.KeyIO           MODE: declarations took 0 ms 
529521     DEBUG Test worker     d.u.i.k.n.KeyIO           MODE: 2nd degree decls took 0 
529521     INFO  Test worker     d.u.i.k.n.KeyIO           Parsing took 0 ms 
529521     DEBUG Test worker     d.u.i.k.n.KeyIO           Load declarations of de.uka.ilkd.key.nparser.KeyAst$File:  <unknown>:1#1 
529521     INFO  Test worker     d.u.i.k.n.KeyIO           MODE: declarations took 0 ms 
529521     DEBUG Test worker     d.u.i.k.n.KeyIO           MODE: 2nd degree decls took 0 
529521     INFO  Test worker     d.u.i.k.n.KeyIO           Parsing took 0 ms 
529521     DEBUG Test worker     d.u.i.k.n.KeyIO           Load declarations of de.uka.ilkd.key.nparser.KeyAst$File:  <unknown>:1#1 
529521     INFO  Test worker     d.u.i.k.n.KeyIO           MODE: declarations took 0 ms 
529521     DEBUG Test worker     d.u.i.k.n.KeyIO           MODE: 2nd degree decls took 0 
533166     INFO  Test worker     d.u.i.k.n.KeyIO           Parsing took 0 ms 
533166     DEBUG Test worker     d.u.i.k.n.KeyIO           Load declarations of de.uka.ilkd.key.nparser.KeyAst$File:  <unknown>:1#1 
533166     INFO  Test worker     d.u.i.k.n.KeyIO           MODE: declarations took 0 ms 
533166     DEBUG Test worker     d.u.i.k.n.KeyIO           MODE: 2nd degree decls took 0 
533182     INFO  Test worker     d.u.i.k.n.KeyIO           Parsing took 16 ms 
533182     DEBUG Test worker     d.u.i.k.n.KeyIO           Load declarations of de.uka.ilkd.key.nparser.KeyAst$File:  <unknown>:1#1 
533182     INFO  Test worker     d.u.i.k.n.KeyIO           MODE: declarations took 0 ms 
533182     DEBUG Test worker     d.u.i.k.n.KeyIO           MODE: 2nd degree decls took 0 
533182     INFO  Test worker     d.u.i.k.n.KeyIO           Parsing took 0 ms 
533182     DEBUG Test worker     d.u.i.k.n.KeyIO           Load declarations of de.uka.ilkd.key.nparser.KeyAst$File:  <unknown>:1#1 
533182     INFO  Test worker     d.u.i.k.n.KeyIO           MODE: declarations took 0 ms 
533182     DEBUG Test worker     d.u.i.k.n.KeyIO           MODE: 2nd degree decls took 0 
533182     INFO  Test worker     d.u.i.k.n.KeyIO           Parsing took 0 ms 
533182     DEBUG Test worker     d.u.i.k.n.KeyIO           Load declarations of de.uka.ilkd.key.nparser.KeyAst$File:  <unknown>:1#1 
533182     INFO  Test worker     d.u.i.k.n.KeyIO           MODE: declarations took 0 ms 
533182     DEBUG Test worker     d.u.i.k.n.KeyIO           MODE: 2nd degree decls took 0 
533182     INFO  Test worker     d.u.i.k.n.KeyIO           Parsing took 0 ms 
533182     DEBUG Test worker     d.u.i.k.n.KeyIO           Load declarations of de.uka.ilkd.key.nparser.KeyAst$File:  <unknown>:1#1 
533182     INFO  Test worker     d.u.i.k.n.KeyIO           MODE: declarations took 0 ms 
533182     DEBUG Test worker     d.u.i.k.n.KeyIO           MODE: 2nd degree decls took 0 
536919     INFO  Test worker     d.u.i.k.n.KeyIO           Parsing took 0 ms 
536919     DEBUG Test worker     d.u.i.k.n.KeyIO           Load declarations of de.uka.ilkd.key.nparser.KeyAst$File:  <unknown>:1#1 
536919     INFO  Test worker     d.u.i.k.n.KeyIO           MODE: declarations took 0 ms 
536919     DEBUG Test worker     d.u.i.k.n.KeyIO           MODE: 2nd degree decls took 0 
536919     INFO  Test worker     d.u.i.k.n.KeyIO           Parsing took 0 ms 
536919     DEBUG Test worker     d.u.i.k.n.KeyIO           Load declarations of de.uka.ilkd.key.nparser.KeyAst$File:  <unknown>:1#1 
536919     INFO  Test worker     d.u.i.k.n.KeyIO           MODE: declarations took 0 ms 
536919     DEBUG Test worker     d.u.i.k.n.KeyIO           MODE: 2nd degree decls took 0 
536919     INFO  Test worker     d.u.i.k.n.KeyIO           Parsing took 0 ms 
536919     DEBUG Test worker     d.u.i.k.n.KeyIO           Load declarations of de.uka.ilkd.key.nparser.KeyAst$File:  <unknown>:1#1 
536919     INFO  Test worker     d.u.i.k.n.KeyIO           MODE: declarations took 0 ms 
536919     DEBUG Test worker     d.u.i.k.n.KeyIO           MODE: 2nd degree decls took 0 
536919     INFO  Test worker     d.u.i.k.n.KeyIO           Parsing took 0 ms 
536919     DEBUG Test worker     d.u.i.k.n.KeyIO           Load declarations of de.uka.ilkd.key.nparser.KeyAst$File:  <unknown>:1#1 
536919     INFO  Test worker     d.u.i.k.n.KeyIO           MODE: declarations took 0 ms 
536919     DEBUG Test worker     d.u.i.k.n.KeyIO           MODE: 2nd degree decls took 0 
536919     INFO  Test worker     d.u.i.k.n.KeyIO           Parsing took 0 ms 
536919     DEBUG Test worker     d.u.i.k.n.KeyIO           Load declarations of de.uka.ilkd.key.nparser.KeyAst$File:  <unknown>:1#1 
536919     INFO  Test worker     d.u.i.k.n.KeyIO           MODE: declarations took 0 ms 
536919     DEBUG Test worker     d.u.i.k.n.KeyIO           MODE: 2nd degree decls took 0 
540656     INFO  Test worker     d.u.i.k.n.KeyIO           Parsing took 0 ms 
540656     DEBUG Test worker     d.u.i.k.n.KeyIO           Load declarations of de.uka.ilkd.key.nparser.KeyAst$File:  <unknown>:1#1 
540656     INFO  Test worker     d.u.i.k.n.KeyIO           MODE: declarations took 0 ms 
540656     DEBUG Test worker     d.u.i.k.n.KeyIO           MODE: 2nd degree decls took 0 
540656     INFO  Test worker     d.u.i.k.n.KeyIO           Parsing took 0 ms 
540656     DEBUG Test worker     d.u.i.k.n.KeyIO           Load declarations of de.uka.ilkd.key.nparser.KeyAst$File:  <unknown>:1#1 
540656     INFO  Test worker     d.u.i.k.n.KeyIO           MODE: declarations took 0 ms 
540656     DEBUG Test worker     d.u.i.k.n.KeyIO           MODE: 2nd degree decls took 0 
540656     INFO  Test worker     d.u.i.k.n.KeyIO           Parsing took 0 ms 
540656     DEBUG Test worker     d.u.i.k.n.KeyIO           Load declarations of de.uka.ilkd.key.nparser.KeyAst$File:  <unknown>:1#1 
540656     INFO  Test worker     d.u.i.k.n.KeyIO           MODE: declarations took 0 ms 
540656     DEBUG Test worker     d.u.i.k.n.KeyIO           MODE: 2nd degree decls took 0 
540656     INFO  Test worker     d.u.i.k.n.KeyIO           Parsing took 0 ms 
540656     DEBUG Test worker     d.u.i.k.n.KeyIO           Load declarations of de.uka.ilkd.key.nparser.KeyAst$File:  <unknown>:1#1 
540656     INFO  Test worker     d.u.i.k.n.KeyIO           MODE: declarations took 0 ms 
540656     DEBUG Test worker     d.u.i.k.n.KeyIO           MODE: 2nd degree decls took 0 
540656     INFO  Test worker     d.u.i.k.n.KeyIO           Parsing took 0 ms 
540656     DEBUG Test worker     d.u.i.k.n.KeyIO           Load declarations of de.uka.ilkd.key.nparser.KeyAst$File:  <unknown>:1#1 
540656     INFO  Test worker     d.u.i.k.n.KeyIO           MODE: declarations took 0 ms 
540656     DEBUG Test worker     d.u.i.k.n.KeyIO           MODE: 2nd degree decls took 0 
544361     INFO  Test worker     d.u.i.k.n.KeyIO           Parsing took 0 ms 
544361     DEBUG Test worker     d.u.i.k.n.KeyIO           Load declarations of de.uka.ilkd.key.nparser.KeyAst$File:  <unknown>:1#1 
544361     INFO  Test worker     d.u.i.k.n.KeyIO           MODE: declarations took 0 ms 
544361     DEBUG Test worker     d.u.i.k.n.KeyIO           MODE: 2nd degree decls took 0 
544361     INFO  Test worker     d.u.i.k.n.KeyIO           Parsing took 0 ms 
544361     DEBUG Test worker     d.u.i.k.n.KeyIO           Load declarations of de.uka.ilkd.key.nparser.KeyAst$File:  <unknown>:1#1 
544361     INFO  Test worker     d.u.i.k.n.KeyIO           MODE: declarations took 0 ms 
544361     DEBUG Test worker     d.u.i.k.n.KeyIO           MODE: 2nd degree decls took 0 
544361     INFO  Test worker     d.u.i.k.n.KeyIO           Parsing took 0 ms 
544361     DEBUG Test worker     d.u.i.k.n.KeyIO           Load declarations of de.uka.ilkd.key.nparser.KeyAst$File:  <unknown>:1#1 
544361     INFO  Test worker     d.u.i.k.n.KeyIO           MODE: declarations took 0 ms 
544361     DEBUG Test worker     d.u.i.k.n.KeyIO           MODE: 2nd degree decls took 0 
544361     INFO  Test worker     d.u.i.k.n.KeyIO           Parsing took 0 ms 
544361     DEBUG Test worker     d.u.i.k.n.KeyIO           Load declarations of de.uka.ilkd.key.nparser.KeyAst$File:  <unknown>:1#1 
544361     INFO  Test worker     d.u.i.k.n.KeyIO           MODE: declarations took 0 ms 
544361     DEBUG Test worker     d.u.i.k.n.KeyIO           MODE: 2nd degree decls took 0 
544361     INFO  Test worker     d.u.i.k.n.KeyIO           Parsing took 0 ms 
544361     DEBUG Test worker     d.u.i.k.n.KeyIO           Load declarations of de.uka.ilkd.key.nparser.KeyAst$File:  <unknown>:1#1 
544361     INFO  Test worker     d.u.i.k.n.KeyIO           MODE: declarations took 0 ms 
544361     DEBUG Test worker     d.u.i.k.n.KeyIO           MODE: 2nd degree decls took 0 
548114     INFO  Test worker     d.u.i.k.n.KeyIO           Parsing took 0 ms 
548114     DEBUG Test worker     d.u.i.k.n.KeyIO           Load declarations of de.uka.ilkd.key.nparser.KeyAst$File:  <unknown>:1#1 
548114     INFO  Test worker     d.u.i.k.n.KeyIO           MODE: declarations took 0 ms 
548114     DEBUG Test worker     d.u.i.k.n.KeyIO           MODE: 2nd degree decls took 0 
548114     INFO  Test worker     d.u.i.k.n.KeyIO           Parsing took 0 ms 
548114     DEBUG Test worker     d.u.i.k.n.KeyIO           Load declarations of de.uka.ilkd.key.nparser.KeyAst$File:  <unknown>:1#1 
548114     INFO  Test worker     d.u.i.k.n.KeyIO           MODE: declarations took 0 ms 
548114     DEBUG Test worker     d.u.i.k.n.KeyIO           MODE: 2nd degree decls took 0 
548114     INFO  Test worker     d.u.i.k.n.KeyIO           Parsing took 0 ms 
548114     DEBUG Test worker     d.u.i.k.n.KeyIO           Load declarations of de.uka.ilkd.key.nparser.KeyAst$File:  <unknown>:1#1 
548114     INFO  Test worker     d.u.i.k.n.KeyIO           MODE: declarations took 0 ms 
548114     DEBUG Test worker     d.u.i.k.n.KeyIO           MODE: 2nd degree decls took 0 
548114     INFO  Test worker     d.u.i.k.n.KeyIO           Parsing took 0 ms 
548114     DEBUG Test worker     d.u.i.k.n.KeyIO           Load declarations of de.uka.ilkd.key.nparser.KeyAst$File:  <unknown>:1#1 
548114     INFO  Test worker     d.u.i.k.n.KeyIO           MODE: declarations took 0 ms 
548114     DEBUG Test worker     d.u.i.k.n.KeyIO           MODE: 2nd degree decls took 0 
548114     INFO  Test worker     d.u.i.k.n.KeyIO           Parsing took 0 ms 
548114     DEBUG Test worker     d.u.i.k.n.KeyIO           Load declarations of de.uka.ilkd.key.nparser.KeyAst$File:  <unknown>:1#1 
548114     INFO  Test worker     d.u.i.k.n.KeyIO           MODE: declarations took 0 ms 
548114     DEBUG Test worker     d.u.i.k.n.KeyIO           MODE: 2nd degree decls took 0 
]]></system-out>
  <system-err><![CDATA[]]></system-err>
</testsuite>
