<?xml version="1.0" encoding="UTF-8"?>
<testsuite name="de.uka.ilkd.key.util.DesignTests" tests="3" skipped="1" failures="0" errors="0" timestamp="2023-05-30T16:54:52" hostname="fv-az1230-476" time="1.16">
  <properties/>
  <testcase name="testHashCodeImplemented()" classname="de.uka.ilkd.key.util.DesignTests" time="1.034"/>
  <testcase name="xtestTermSubclassVisibility()" classname="de.uka.ilkd.key.util.DesignTests" time="0.001">
    <skipped/>
  </testcase>
  <testcase name="testGuiSep()" classname="de.uka.ilkd.key.util.DesignTests" time="0.125"/>
  <system-out><![CDATA[]]></system-out>
  <system-err><![CDATA[]]></system-err>
</testsuite>
