<?xml version="1.0" encoding="UTF-8"?>
<testsuite name="de.uka.ilkd.key.parser.TestTermParserSorts" tests="2" skipped="0" failures="0" errors="0" timestamp="2023-05-30T16:46:35" hostname="fv-az1230-476" time="3.68">
  <properties/>
  <testcase name="testParseIntegerArgs()" classname="de.uka.ilkd.key.parser.TestTermParserSorts" time="0.022"/>
  <testcase name="testParseSequencePrettySyntax()" classname="de.uka.ilkd.key.parser.TestTermParserSorts" time="0.006"/>
  <system-out><![CDATA[551741     INFO  Test worker     d.u.i.k.n.KeyIO           Parsing took 0 ms 
551741     DEBUG Test worker     d.u.i.k.n.KeyIO           Load declarations of de.uka.ilkd.key.nparser.KeyAst$File:  <unknown>:1#1 
551741     INFO  Test worker     d.u.i.k.n.KeyIO           MODE: declarations took 0 ms 
551741     DEBUG Test worker     d.u.i.k.n.KeyIO           MODE: 2nd degree decls took 0 
551741     INFO  Test worker     d.u.i.k.n.KeyIO           Parsing took 0 ms 
551741     DEBUG Test worker     d.u.i.k.n.KeyIO           Load declarations of de.uka.ilkd.key.nparser.KeyAst$File:  <unknown>:1#1 
551741     INFO  Test worker     d.u.i.k.n.KeyIO           MODE: declarations took 0 ms 
551741     DEBUG Test worker     d.u.i.k.n.KeyIO           MODE: 2nd degree decls took 0 
551741     INFO  Test worker     d.u.i.k.n.KeyIO           Parsing took 0 ms 
551741     DEBUG Test worker     d.u.i.k.n.KeyIO           Load declarations of de.uka.ilkd.key.nparser.KeyAst$File:  <unknown>:1#1 
551741     INFO  Test worker     d.u.i.k.n.KeyIO           MODE: declarations took 0 ms 
551741     DEBUG Test worker     d.u.i.k.n.KeyIO           MODE: 2nd degree decls took 0 
555415     INFO  Test worker     d.u.i.k.n.KeyIO           Parsing took 0 ms 
555415     DEBUG Test worker     d.u.i.k.n.KeyIO           Load declarations of de.uka.ilkd.key.nparser.KeyAst$File:  <unknown>:1#1 
555415     INFO  Test worker     d.u.i.k.n.KeyIO           MODE: declarations took 0 ms 
555415     DEBUG Test worker     d.u.i.k.n.KeyIO           MODE: 2nd degree decls took 0 
555415     INFO  Test worker     d.u.i.k.n.KeyIO           Parsing took 0 ms 
555415     DEBUG Test worker     d.u.i.k.n.KeyIO           Load declarations of de.uka.ilkd.key.nparser.KeyAst$File:  <unknown>:1#1 
555415     INFO  Test worker     d.u.i.k.n.KeyIO           MODE: declarations took 0 ms 
555415     DEBUG Test worker     d.u.i.k.n.KeyIO           MODE: 2nd degree decls took 0 
555415     INFO  Test worker     d.u.i.k.n.KeyIO           Parsing took 0 ms 
555415     DEBUG Test worker     d.u.i.k.n.KeyIO           Load declarations of de.uka.ilkd.key.nparser.KeyAst$File:  <unknown>:1#1 
555415     INFO  Test worker     d.u.i.k.n.KeyIO           MODE: declarations took 0 ms 
555415     DEBUG Test worker     d.u.i.k.n.KeyIO           MODE: 2nd degree decls took 0 
]]></system-out>
  <system-err><![CDATA[]]></system-err>
</testsuite>
