<?xml version="1.0" encoding="UTF-8"?>
<testsuite name="de.uka.ilkd.key.rule.loop.LoopScopeInvRuleTests" tests="1" skipped="0" failures="0" errors="0" timestamp="2023-05-30T16:47:12" hostname="fv-az1230-476" time="7.027">
  <properties/>
  <testcase name="testDoAutomaticProofOfBenchmarkWithLabeledBreaksAndContinues()" classname="de.uka.ilkd.key.rule.loop.LoopScopeInvRuleTests" time="7.027"/>
  <system-out><![CDATA[589249     INFO  Test worker     d.u.i.k.p.i.AbstractProblemLoader Loading environment from src\test\resources\testcase\loopScopeInvRule\Test.key 
589249     DEBUG Test worker     d.u.i.k.p.i.AbstractProblemLoader Environment load took 175.5ns 
589265     INFO  Test worker     d.u.i.k.p.i.AbstractProblemLoader Creating init config 
589546     DEBUG Test worker     d.u.i.k.j.TypeConverter   No LDT found for Meta 
589546     DEBUG Test worker     d.u.i.k.j.TypeConverter   No LDT found for Meta 
589562     DEBUG Test worker     d.u.i.k.j.TypeConverter   No LDT found for Meta 
589562     DEBUG Test worker     d.u.i.k.j.TypeConverter   No LDT found for Meta 
590501     DEBUG Test worker     d.u.i.k.j.TypeConverter   No LDT found for JavaBigintExpression 
595253     DEBUG Test worker     d.u.i.k.p.i.AbstractProblemLoader Init config took 5.99s 
595331     INFO  Test worker     d.u.i.k.p.i.AbstractProblemLoader Replaying proof Test[Test::loopScopeRuleBenchmark(int,boolean)].JML normal_behavior operation contract.0 
595331     DEBUG Test worker     d.u.i.k.p.i.IntermediateProofReplayer Proof replay took 20.9ns 
]]></system-out>
  <system-err><![CDATA[]]></system-err>
</testsuite>
