<?xml version="1.0" encoding="UTF-8"?>
<testsuite name="de.uka.ilkd.key.rule.merge.PredicateAbstractionLatticeTests" tests="3" skipped="0" failures="0" errors="0" timestamp="2023-05-30T16:49:06" hostname="fv-az1230-476" time="7.86">
  <properties/>
  <testcase name="testToAndFromString()" classname="de.uka.ilkd.key.rule.merge.PredicateAbstractionLatticeTests" time="3.996"/>
  <testcase name="testCreateSignLatticeWithPredicates()" classname="de.uka.ilkd.key.rule.merge.PredicateAbstractionLatticeTests" time="3.864"/>
  <testcase name="testTrivialPredicatesLattice()" classname="de.uka.ilkd.key.rule.merge.PredicateAbstractionLatticeTests" time="0.0"/>
  <system-out><![CDATA[703041     INFO  Test worker     d.u.i.k.p.i.AbstractProblemLoader Loading environment from src\test\resources\testcase\merge\dummy.key 
703041     DEBUG Test worker     d.u.i.k.p.i.AbstractProblemLoader Environment load took 139ns 
703041     INFO  Test worker     d.u.i.k.p.i.AbstractProblemLoader Creating init config 
707011     DEBUG Test worker     d.u.i.k.p.i.AbstractProblemLoader Init config took 3.97s 
707027     INFO  Test worker     d.u.i.k.p.i.AbstractProblemLoader Replaying proof dummy.key 
707042     DEBUG Test worker     d.u.i.k.p.i.IntermediateProofReplayer Proof replay took 10.4ns 
707042     INFO  Test worker     d.u.i.k.p.i.AbstractProblemLoader Loading environment from src\test\resources\testcase\merge\dummy.key 
707042     DEBUG Test worker     d.u.i.k.p.i.AbstractProblemLoader Environment load took 468.4ns 
707042     INFO  Test worker     d.u.i.k.p.i.AbstractProblemLoader Creating init config 
710874     DEBUG Test worker     d.u.i.k.p.i.AbstractProblemLoader Init config took 3.84s 
710906     INFO  Test worker     d.u.i.k.p.i.AbstractProblemLoader Replaying proof dummy.key 
710906     DEBUG Test worker     d.u.i.k.p.i.IntermediateProofReplayer Proof replay took 10.4ns 
]]></system-out>
  <system-err><![CDATA[]]></system-err>
</testsuite>
