<?xml version="1.0" encoding="UTF-8"?>
<testsuite name="de.uka.ilkd.key.util.TestProofStarter" tests="2" skipped="0" failures="0" errors="0" timestamp="2023-05-30T16:55:05" hostname="fv-az1230-476" time="70.644">
  <properties/>
  <testcase name="testDirectProofWithOneStepSimplification()" classname="de.uka.ilkd.key.util.TestProofStarter" time="36.87"/>
  <testcase name="testDirectProof()" classname="de.uka.ilkd.key.util.TestProofStarter" time="33.774"/>
  <system-out><![CDATA[1062206    INFO  Test worker     d.u.i.k.p.i.AbstractProblemLoader Loading environment from src\test\resources\testcase\proofStarter\CC\project.key 
1062206    DEBUG Test worker     d.u.i.k.p.i.AbstractProblemLoader Environment load took 169ns 
1062206    INFO  Test worker     d.u.i.k.p.i.AbstractProblemLoader Creating init config 
1066146    DEBUG Test worker     d.u.i.k.p.i.AbstractProblemLoader Init config took 3.93s 
1066208    INFO  Test worker     d.u.i.k.p.i.AbstractProblemLoader Replaying proof CC[CC::calcCoinIndex([I,[I)].JML normal_behavior operation contract.0 
1066208    DEBUG Test worker     d.u.i.k.p.i.IntermediateProofReplayer Proof replay took 2.2ns 
1099041    INFO  Test worker     d.u.i.k.p.i.AbstractProblemLoader Loading environment from src\test\resources\testcase\proofStarter\CC\project.key 
1099041    DEBUG Test worker     d.u.i.k.p.i.AbstractProblemLoader Environment load took 203.1ns 
1099057    INFO  Test worker     d.u.i.k.p.i.AbstractProblemLoader Creating init config 
1102872    DEBUG Test worker     d.u.i.k.p.i.AbstractProblemLoader Init config took 3.82s 
1102934    INFO  Test worker     d.u.i.k.p.i.AbstractProblemLoader Replaying proof CC[CC::calcCoinIndex([I,[I)].JML normal_behavior operation contract.0 
1102934    DEBUG Test worker     d.u.i.k.p.i.IntermediateProofReplayer Proof replay took 3ns 
]]></system-out>
  <system-err><![CDATA[]]></system-err>
</testsuite>
