<?xml version="1.0" encoding="UTF-8"?>
<testsuite name="de.uka.ilkd.key.logic.TestTermLabelManager" tests="21" skipped="0" failures="0" errors="0" timestamp="2023-05-30T16:39:50" hostname="fv-az1230-476" time="73.86">
  <properties/>
  <testcase name="testInstantiateLabels_directChildPolicies_allRules()" classname="de.uka.ilkd.key.logic.TestTermLabelManager" time="5.583"/>
  <testcase name="testInstantiateLabels_childAndGrandchildPolicies_ruleSpecific()" classname="de.uka.ilkd.key.logic.TestTermLabelManager" time="3.781"/>
  <testcase name="testParseLabel()" classname="de.uka.ilkd.key.logic.TestTermLabelManager" time="3.753"/>
  <testcase name="testrefactorGoal_childrenAndGrandchildren_ruleSpecific()" classname="de.uka.ilkd.key.logic.TestTermLabelManager" time="3.882"/>
  <testcase name="testrefactorGoal_directChildren_allRules()" classname="de.uka.ilkd.key.logic.TestTermLabelManager" time="3.779"/>
  <testcase name="testInstantiateLabels_childAndGrandchildPolicies_allRules()" classname="de.uka.ilkd.key.logic.TestTermLabelManager" time="3.704"/>
  <testcase name="testInstantiateLabels_taclet()" classname="de.uka.ilkd.key.logic.TestTermLabelManager" time="3.735"/>
  <testcase name="testrefactorGoal_none_ruleSpecific()" classname="de.uka.ilkd.key.logic.TestTermLabelManager" time="3.768"/>
  <testcase name="testInstantiateLabels_updates_ruleSpecific()" classname="de.uka.ilkd.key.logic.TestTermLabelManager" time="3.799"/>
  <testcase name="testrefactorGoal_sequent_ruleSpecific()" classname="de.uka.ilkd.key.logic.TestTermLabelManager" time="3.751"/>
  <testcase name="testInstantiateLabels_updates_allRules()" classname="de.uka.ilkd.key.logic.TestTermLabelManager" time="3.768"/>
  <testcase name="testrefactorGoal_sequent_allRules()" classname="de.uka.ilkd.key.logic.TestTermLabelManager" time="3.69"/>
  <testcase name="testrefactorGoal_childrenAndGrandchildren_allRules()" classname="de.uka.ilkd.key.logic.TestTermLabelManager" time="3.72"/>
  <testcase name="testGetTermLabelManager()" classname="de.uka.ilkd.key.logic.TestTermLabelManager" time="0.003"/>
  <testcase name="testInstantiateLabels_applicationTermPolicies()" classname="de.uka.ilkd.key.logic.TestTermLabelManager" time="3.872"/>
  <testcase name="testInstantiateLabels_modalityTermPolicies()" classname="de.uka.ilkd.key.logic.TestTermLabelManager" time="3.94"/>
  <testcase name="testrefactorGoal_none_allRules()" classname="de.uka.ilkd.key.logic.TestTermLabelManager" time="3.909"/>
  <testcase name="testInstantiateLabels_null()" classname="de.uka.ilkd.key.logic.TestTermLabelManager" time="0.001"/>
  <testcase name="testrefactorGoal_directChildren_ruleSpecific()" classname="de.uka.ilkd.key.logic.TestTermLabelManager" time="3.766"/>
  <testcase name="testInstantiateLabels_directChildPolicies_ruleSpecific()" classname="de.uka.ilkd.key.logic.TestTermLabelManager" time="3.861"/>
  <testcase name="testGetSupportedTermLabelNames()" classname="de.uka.ilkd.key.logic.TestTermLabelManager" time="3.785"/>
  <system-out><![CDATA[146821     INFO  Test worker     d.u.i.k.p.i.AbstractProblemLoader Loading environment from src\test\resources\testcase\termLabels\flatSteps\FlatSteps.java 
146821     DEBUG Test worker     d.u.i.k.p.i.AbstractProblemLoader Environment load took 1.2ms 
146837     INFO  Test worker     d.u.i.k.p.i.AbstractProblemLoader Creating init config 
147088     DEBUG Test worker     d.u.i.k.j.TypeConverter   No LDT found for Meta 
147088     DEBUG Test worker     d.u.i.k.j.TypeConverter   No LDT found for Meta 
147088     DEBUG Test worker     d.u.i.k.j.TypeConverter   No LDT found for Meta 
147088     DEBUG Test worker     d.u.i.k.j.TypeConverter   No LDT found for Meta 
148087     DEBUG Test worker     d.u.i.k.j.TypeConverter   No LDT found for JavaBigintExpression 
152389     DEBUG Test worker     d.u.i.k.p.i.AbstractProblemLoader Init config took 5.56s 
152405     INFO  Test worker     d.u.i.k.p.i.AbstractProblemLoader Loading environment from src\test\resources\testcase\termLabels\flatSteps\FlatSteps.java 
152405     DEBUG Test worker     d.u.i.k.p.i.AbstractProblemLoader Environment load took 644.8ns 
152405     INFO  Test worker     d.u.i.k.p.i.AbstractProblemLoader Creating init config 
156171     DEBUG Test worker     d.u.i.k.p.i.AbstractProblemLoader Init config took 3.76s 
156171     INFO  Test worker     d.u.i.k.p.i.AbstractProblemLoader Loading environment from src\test\resources\testcase\termLabels\flatSteps\FlatSteps.java 
156171     DEBUG Test worker     d.u.i.k.p.i.AbstractProblemLoader Environment load took 283.5ns 
156171     INFO  Test worker     d.u.i.k.p.i.AbstractProblemLoader Creating init config 
159924     DEBUG Test worker     d.u.i.k.p.i.AbstractProblemLoader Init config took 3.74s 
159924     INFO  Test worker     d.u.i.k.p.i.AbstractProblemLoader Loading environment from src\test\resources\testcase\termLabels\flatSteps\FlatSteps.java 
159924     DEBUG Test worker     d.u.i.k.p.i.AbstractProblemLoader Environment load took 334.8ns 
159924     INFO  Test worker     d.u.i.k.p.i.AbstractProblemLoader Creating init config 
163787     DEBUG Test worker     d.u.i.k.p.i.AbstractProblemLoader Init config took 3.86s 
163806     INFO  Test worker     d.u.i.k.p.i.AbstractProblemLoader Loading environment from src\test\resources\testcase\termLabels\flatSteps\FlatSteps.java 
163806     DEBUG Test worker     d.u.i.k.p.i.AbstractProblemLoader Environment load took 230.6ns 
163806     INFO  Test worker     d.u.i.k.p.i.AbstractProblemLoader Creating init config 
167571     DEBUG Test worker     d.u.i.k.p.i.AbstractProblemLoader Init config took 3.76s 
167586     INFO  Test worker     d.u.i.k.p.i.AbstractProblemLoader Loading environment from src\test\resources\testcase\termLabels\flatSteps\FlatSteps.java 
167586     DEBUG Test worker     d.u.i.k.p.i.AbstractProblemLoader Environment load took 575.5ns 
167586     INFO  Test worker     d.u.i.k.p.i.AbstractProblemLoader Creating init config 
171276     DEBUG Test worker     d.u.i.k.p.i.AbstractProblemLoader Init config took 3.69s 
171291     INFO  Test worker     d.u.i.k.p.i.AbstractProblemLoader Loading environment from src\test\resources\testcase\termLabels\flatSteps\FlatSteps.java 
171291     DEBUG Test worker     d.u.i.k.p.i.AbstractProblemLoader Environment load took 615.5ns 
171291     INFO  Test worker     d.u.i.k.p.i.AbstractProblemLoader Creating init config 
175012     DEBUG Test worker     d.u.i.k.p.i.AbstractProblemLoader Init config took 3.72s 
175027     INFO  Test worker     d.u.i.k.p.i.AbstractProblemLoader Loading environment from src\test\resources\testcase\termLabels\flatSteps\FlatSteps.java 
175027     DEBUG Test worker     d.u.i.k.p.i.AbstractProblemLoader Environment load took 509ns 
175027     INFO  Test worker     d.u.i.k.p.i.AbstractProblemLoader Creating init config 
178779     DEBUG Test worker     d.u.i.k.p.i.AbstractProblemLoader Init config took 3.75s 
178795     INFO  Test worker     d.u.i.k.p.i.AbstractProblemLoader Loading environment from src\test\resources\testcase\termLabels\flatSteps\FlatSteps.java 
178795     DEBUG Test worker     d.u.i.k.p.i.AbstractProblemLoader Environment load took 284.2ns 
178795     INFO  Test worker     d.u.i.k.p.i.AbstractProblemLoader Creating init config 
182595     DEBUG Test worker     d.u.i.k.p.i.AbstractProblemLoader Init config took 3.8s 
182595     INFO  Test worker     d.u.i.k.p.i.AbstractProblemLoader Loading environment from src\test\resources\testcase\termLabels\flatSteps\FlatSteps.java 
182595     DEBUG Test worker     d.u.i.k.p.i.AbstractProblemLoader Environment load took 169.8ns 
182610     INFO  Test worker     d.u.i.k.p.i.AbstractProblemLoader Creating init config 
186330     DEBUG Test worker     d.u.i.k.p.i.AbstractProblemLoader Init config took 3.73s 
186346     INFO  Test worker     d.u.i.k.p.i.AbstractProblemLoader Loading environment from src\test\resources\testcase\termLabels\flatSteps\FlatSteps.java 
186346     DEBUG Test worker     d.u.i.k.p.i.AbstractProblemLoader Environment load took 333.1ns 
186346     INFO  Test worker     d.u.i.k.p.i.AbstractProblemLoader Creating init config 
190115     DEBUG Test worker     d.u.i.k.p.i.AbstractProblemLoader Init config took 3.76s 
190115     INFO  Test worker     d.u.i.k.p.i.AbstractProblemLoader Loading environment from src\test\resources\testcase\termLabels\flatSteps\FlatSteps.java 
190115     DEBUG Test worker     d.u.i.k.p.i.AbstractProblemLoader Environment load took 587.1ns 
190115     INFO  Test worker     d.u.i.k.p.i.AbstractProblemLoader Creating init config 
193789     DEBUG Test worker     d.u.i.k.p.i.AbstractProblemLoader Init config took 3.67s 
193805     INFO  Test worker     d.u.i.k.p.i.AbstractProblemLoader Loading environment from src\test\resources\testcase\termLabels\flatSteps\FlatSteps.java 
193805     DEBUG Test worker     d.u.i.k.p.i.AbstractProblemLoader Environment load took 252.7ns 
193805     INFO  Test worker     d.u.i.k.p.i.AbstractProblemLoader Creating init config 
197525     DEBUG Test worker     d.u.i.k.p.i.AbstractProblemLoader Init config took 3.71s 
197541     INFO  Test worker     d.u.i.k.p.i.AbstractProblemLoader Loading environment from src\test\resources\testcase\termLabels\flatSteps\FlatSteps.java 
197541     DEBUG Test worker     d.u.i.k.p.i.AbstractProblemLoader Environment load took 642.1ns 
197541     INFO  Test worker     d.u.i.k.p.i.AbstractProblemLoader Creating init config 
201402     DEBUG Test worker     d.u.i.k.p.i.AbstractProblemLoader Init config took 3.86s 
201402     INFO  Test worker     d.u.i.k.p.i.AbstractProblemLoader Loading environment from src\test\resources\testcase\termLabels\flatSteps\FlatSteps.java 
201402     DEBUG Test worker     d.u.i.k.p.i.AbstractProblemLoader Environment load took 197.4ns 
201418     INFO  Test worker     d.u.i.k.p.i.AbstractProblemLoader Creating init config 
205342     DEBUG Test worker     d.u.i.k.p.i.AbstractProblemLoader Init config took 3.92s 
205342     INFO  Test worker     d.u.i.k.p.i.AbstractProblemLoader Loading environment from src\test\resources\testcase\termLabels\flatSteps\FlatSteps.java 
205342     DEBUG Test worker     d.u.i.k.p.i.AbstractProblemLoader Environment load took 538.4ns 
205342     INFO  Test worker     d.u.i.k.p.i.AbstractProblemLoader Creating init config 
209251     DEBUG Test worker     d.u.i.k.p.i.AbstractProblemLoader Init config took 3.9s 
209266     INFO  Test worker     d.u.i.k.p.i.AbstractProblemLoader Loading environment from src\test\resources\testcase\termLabels\flatSteps\FlatSteps.java 
209266     DEBUG Test worker     d.u.i.k.p.i.AbstractProblemLoader Environment load took 686.7ns 
209266     INFO  Test worker     d.u.i.k.p.i.AbstractProblemLoader Creating init config 
213005     DEBUG Test worker     d.u.i.k.p.i.AbstractProblemLoader Init config took 3.74s 
213020     INFO  Test worker     d.u.i.k.p.i.AbstractProblemLoader Loading environment from src\test\resources\testcase\termLabels\flatSteps\FlatSteps.java 
213020     DEBUG Test worker     d.u.i.k.p.i.AbstractProblemLoader Environment load took 331.4ns 
213020     INFO  Test worker     d.u.i.k.p.i.AbstractProblemLoader Creating init config 
216881     DEBUG Test worker     d.u.i.k.p.i.AbstractProblemLoader Init config took 3.85s 
216881     INFO  Test worker     d.u.i.k.p.i.AbstractProblemLoader Loading environment from src\test\resources\testcase\termLabels\flatSteps\FlatSteps.java 
216881     DEBUG Test worker     d.u.i.k.p.i.AbstractProblemLoader Environment load took 275.5ns 
216897     INFO  Test worker     d.u.i.k.p.i.AbstractProblemLoader Creating init config 
220666     DEBUG Test worker     d.u.i.k.p.i.AbstractProblemLoader Init config took 3.77s 
]]></system-out>
  <system-err><![CDATA[]]></system-err>
</testsuite>
