<?xml version="1.0" encoding="UTF-8"?>
<testsuite name="de.uka.ilkd.key.logic.TestClashFreeSubst" tests="14" skipped="2" failures="0" errors="0" timestamp="2023-05-30T16:38:16" hostname="fv-az1230-476" time="64.454">
  <properties/>
  <testcase name="testMultiShareBound()" classname="de.uka.ilkd.key.logic.TestClashFreeSubst" time="1.249"/>
  <testcase name="testClash()" classname="de.uka.ilkd.key.logic.TestClashFreeSubst" time="1.283"/>
  <testcase name="testShare()" classname="de.uka.ilkd.key.logic.TestClashFreeSubst" time="1.235"/>
  <testcase name="testSubst()" classname="de.uka.ilkd.key.logic.TestClashFreeSubst" time="1.159"/>
  <testcase name="testWary0()" classname="de.uka.ilkd.key.logic.TestClashFreeSubst" time="1.177"/>
  <testcase name="testWary1()" classname="de.uka.ilkd.key.logic.TestClashFreeSubst" time="1.164"/>
  <testcase name="testWary2()" classname="de.uka.ilkd.key.logic.TestClashFreeSubst" time="1.169"/>
  <testcase name="testClashInSubstTerm()" classname="de.uka.ilkd.key.logic.TestClashFreeSubst" time="1.182"/>
  <testcase name="testShareWary()" classname="de.uka.ilkd.key.logic.TestClashFreeSubst" time="1.153"/>
  <testcase name="testMultiSubst()" classname="de.uka.ilkd.key.logic.TestClashFreeSubst" time="1.179"/>
  <testcase name="xtestMultiClash()" classname="de.uka.ilkd.key.logic.TestClashFreeSubst" time="0.0">
    <skipped/>
  </testcase>
  <testcase name="testSubstInSubstTerm()" classname="de.uka.ilkd.key.logic.TestClashFreeSubst" time="1.181"/>
  <testcase name="testSubstWary()" classname="de.uka.ilkd.key.logic.TestClashFreeSubst" time="1.171"/>
  <testcase name="xtestMultiClash1()" classname="de.uka.ilkd.key.logic.TestClashFreeSubst" time="0.0">
    <skipped/>
  </testcase>
  <system-out><![CDATA[52879      INFO  Test worker     d.u.i.k.n.KeyIO           Parsing took 0 ms 
52879      DEBUG Test worker     d.u.i.k.n.KeyIO           Load declarations of de.uka.ilkd.key.nparser.KeyAst$File:  <unknown>:1#1 
52879      INFO  Test worker     d.u.i.k.n.KeyIO           MODE: declarations took 0 ms 
52879      DEBUG Test worker     d.u.i.k.n.KeyIO           MODE: 2nd degree decls took 0 
54114      INFO  Test worker     d.u.i.k.n.KeyIO           Parsing took 0 ms 
54114      DEBUG Test worker     d.u.i.k.n.KeyIO           Load declarations of de.uka.ilkd.key.nparser.KeyAst$File:  <unknown>:1#1 
54114      INFO  Test worker     d.u.i.k.n.KeyIO           MODE: declarations took 0 ms 
54130      DEBUG Test worker     d.u.i.k.n.KeyIO           MODE: 2nd degree decls took 0 
58162      INFO  Test worker     d.u.i.k.n.KeyIO           Parsing took 0 ms 
58162      DEBUG Test worker     d.u.i.k.n.KeyIO           Load declarations of de.uka.ilkd.key.nparser.KeyAst$File:  <unknown>:1#1 
58162      INFO  Test worker     d.u.i.k.n.KeyIO           MODE: declarations took 0 ms 
58162      DEBUG Test worker     d.u.i.k.n.KeyIO           MODE: 2nd degree decls took 0 
59429      INFO  Test worker     d.u.i.k.n.KeyIO           Parsing took 0 ms 
59429      DEBUG Test worker     d.u.i.k.n.KeyIO           Load declarations of de.uka.ilkd.key.nparser.KeyAst$File:  <unknown>:1#1 
59429      INFO  Test worker     d.u.i.k.n.KeyIO           MODE: declarations took 0 ms 
59429      DEBUG Test worker     d.u.i.k.n.KeyIO           MODE: 2nd degree decls took 0 
63324      INFO  Test worker     d.u.i.k.n.KeyIO           Parsing took 0 ms 
63324      DEBUG Test worker     d.u.i.k.n.KeyIO           Load declarations of de.uka.ilkd.key.nparser.KeyAst$File:  <unknown>:1#1 
63324      INFO  Test worker     d.u.i.k.n.KeyIO           MODE: declarations took 0 ms 
63324      DEBUG Test worker     d.u.i.k.n.KeyIO           MODE: 2nd degree decls took 0 
64558      INFO  Test worker     d.u.i.k.n.KeyIO           Parsing took 0 ms 
64558      DEBUG Test worker     d.u.i.k.n.KeyIO           Load declarations of de.uka.ilkd.key.nparser.KeyAst$File:  <unknown>:1#1 
64558      INFO  Test worker     d.u.i.k.n.KeyIO           MODE: declarations took 0 ms 
64558      DEBUG Test worker     d.u.i.k.n.KeyIO           MODE: 2nd degree decls took 0 
68514      INFO  Test worker     d.u.i.k.n.KeyIO           Parsing took 0 ms 
68514      DEBUG Test worker     d.u.i.k.n.KeyIO           Load declarations of de.uka.ilkd.key.nparser.KeyAst$File:  <unknown>:1#1 
68514      INFO  Test worker     d.u.i.k.n.KeyIO           MODE: declarations took 0 ms 
68514      DEBUG Test worker     d.u.i.k.n.KeyIO           MODE: 2nd degree decls took 0 
69671      INFO  Test worker     d.u.i.k.n.KeyIO           Parsing took 0 ms 
69671      DEBUG Test worker     d.u.i.k.n.KeyIO           Load declarations of de.uka.ilkd.key.nparser.KeyAst$File:  <unknown>:1#1 
69671      INFO  Test worker     d.u.i.k.n.KeyIO           MODE: declarations took 0 ms 
69671      DEBUG Test worker     d.u.i.k.n.KeyIO           MODE: 2nd degree decls took 0 
73519      INFO  Test worker     d.u.i.k.n.KeyIO           Parsing took 0 ms 
73519      DEBUG Test worker     d.u.i.k.n.KeyIO           Load declarations of de.uka.ilkd.key.nparser.KeyAst$File:  <unknown>:1#1 
73519      INFO  Test worker     d.u.i.k.n.KeyIO           MODE: declarations took 0 ms 
73519      DEBUG Test worker     d.u.i.k.n.KeyIO           MODE: 2nd degree decls took 0 
74692      INFO  Test worker     d.u.i.k.n.KeyIO           Parsing took 0 ms 
74692      DEBUG Test worker     d.u.i.k.n.KeyIO           Load declarations of de.uka.ilkd.key.nparser.KeyAst$File:  <unknown>:1#1 
74692      INFO  Test worker     d.u.i.k.n.KeyIO           MODE: declarations took 0 ms 
74692      DEBUG Test worker     d.u.i.k.n.KeyIO           MODE: 2nd degree decls took 0 
78600      INFO  Test worker     d.u.i.k.n.KeyIO           Parsing took 0 ms 
78600      DEBUG Test worker     d.u.i.k.n.KeyIO           Load declarations of de.uka.ilkd.key.nparser.KeyAst$File:  <unknown>:1#1 
78600      INFO  Test worker     d.u.i.k.n.KeyIO           MODE: declarations took 0 ms 
78600      DEBUG Test worker     d.u.i.k.n.KeyIO           MODE: 2nd degree decls took 0 
79757      INFO  Test worker     d.u.i.k.n.KeyIO           Parsing took 0 ms 
79757      DEBUG Test worker     d.u.i.k.n.KeyIO           Load declarations of de.uka.ilkd.key.nparser.KeyAst$File:  <unknown>:1#1 
79757      INFO  Test worker     d.u.i.k.n.KeyIO           MODE: declarations took 0 ms 
79757      DEBUG Test worker     d.u.i.k.n.KeyIO           MODE: 2nd degree decls took 0 
83650      INFO  Test worker     d.u.i.k.n.KeyIO           Parsing took 0 ms 
83650      DEBUG Test worker     d.u.i.k.n.KeyIO           Load declarations of de.uka.ilkd.key.nparser.KeyAst$File:  <unknown>:1#1 
83650      INFO  Test worker     d.u.i.k.n.KeyIO           MODE: declarations took 0 ms 
83650      DEBUG Test worker     d.u.i.k.n.KeyIO           MODE: 2nd degree decls took 0 
84823      INFO  Test worker     d.u.i.k.n.KeyIO           Parsing took 0 ms 
84823      DEBUG Test worker     d.u.i.k.n.KeyIO           Load declarations of de.uka.ilkd.key.nparser.KeyAst$File:  <unknown>:1#1 
84823      INFO  Test worker     d.u.i.k.n.KeyIO           MODE: declarations took 0 ms 
84823      DEBUG Test worker     d.u.i.k.n.KeyIO           MODE: 2nd degree decls took 0 
88668      INFO  Test worker     d.u.i.k.n.KeyIO           Parsing took 0 ms 
88668      DEBUG Test worker     d.u.i.k.n.KeyIO           Load declarations of de.uka.ilkd.key.nparser.KeyAst$File:  <unknown>:1#1 
88668      INFO  Test worker     d.u.i.k.n.KeyIO           MODE: declarations took 0 ms 
88699      DEBUG Test worker     d.u.i.k.n.KeyIO           MODE: 2nd degree decls took 0 
89843      INFO  Test worker     d.u.i.k.n.KeyIO           Parsing took 0 ms 
89843      DEBUG Test worker     d.u.i.k.n.KeyIO           Load declarations of de.uka.ilkd.key.nparser.KeyAst$File:  <unknown>:1#1 
89843      INFO  Test worker     d.u.i.k.n.KeyIO           MODE: declarations took 0 ms 
89843      DEBUG Test worker     d.u.i.k.n.KeyIO           MODE: 2nd degree decls took 0 
93704      INFO  Test worker     d.u.i.k.n.KeyIO           Parsing took 0 ms 
93704      DEBUG Test worker     d.u.i.k.n.KeyIO           Load declarations of de.uka.ilkd.key.nparser.KeyAst$File:  <unknown>:1#1 
93704      INFO  Test worker     d.u.i.k.n.KeyIO           MODE: declarations took 0 ms 
93704      DEBUG Test worker     d.u.i.k.n.KeyIO           MODE: 2nd degree decls took 0 
94845      INFO  Test worker     d.u.i.k.n.KeyIO           Parsing took 0 ms 
94845      DEBUG Test worker     d.u.i.k.n.KeyIO           Load declarations of de.uka.ilkd.key.nparser.KeyAst$File:  <unknown>:1#1 
94845      INFO  Test worker     d.u.i.k.n.KeyIO           MODE: declarations took 0 ms 
94845      DEBUG Test worker     d.u.i.k.n.KeyIO           MODE: 2nd degree decls took 0 
98694      INFO  Test worker     d.u.i.k.n.KeyIO           Parsing took 0 ms 
98694      DEBUG Test worker     d.u.i.k.n.KeyIO           Load declarations of de.uka.ilkd.key.nparser.KeyAst$File:  <unknown>:1#1 
98694      INFO  Test worker     d.u.i.k.n.KeyIO           MODE: declarations took 0 ms 
98694      DEBUG Test worker     d.u.i.k.n.KeyIO           MODE: 2nd degree decls took 0 
99850      INFO  Test worker     d.u.i.k.n.KeyIO           Parsing took 0 ms 
99850      DEBUG Test worker     d.u.i.k.n.KeyIO           Load declarations of de.uka.ilkd.key.nparser.KeyAst$File:  <unknown>:1#1 
99850      INFO  Test worker     d.u.i.k.n.KeyIO           MODE: declarations took 0 ms 
99850      DEBUG Test worker     d.u.i.k.n.KeyIO           MODE: 2nd degree decls took 0 
107421     INFO  Test worker     d.u.i.k.n.KeyIO           Parsing took 0 ms 
107437     DEBUG Test worker     d.u.i.k.n.KeyIO           Load declarations of de.uka.ilkd.key.nparser.KeyAst$File:  <unknown>:1#1 
107437     INFO  Test worker     d.u.i.k.n.KeyIO           MODE: declarations took 0 ms 
107437     DEBUG Test worker     d.u.i.k.n.KeyIO           MODE: 2nd degree decls took 0 
108609     INFO  Test worker     d.u.i.k.n.KeyIO           Parsing took 0 ms 
108609     DEBUG Test worker     d.u.i.k.n.KeyIO           Load declarations of de.uka.ilkd.key.nparser.KeyAst$File:  <unknown>:1#1 
108609     INFO  Test worker     d.u.i.k.n.KeyIO           MODE: declarations took 0 ms 
108609     DEBUG Test worker     d.u.i.k.n.KeyIO           MODE: 2nd degree decls took 0 
112346     INFO  Test worker     d.u.i.k.n.KeyIO           Parsing took 0 ms 
112346     DEBUG Test worker     d.u.i.k.n.KeyIO           Load declarations of de.uka.ilkd.key.nparser.KeyAst$File:  <unknown>:1#1 
112346     INFO  Test worker     d.u.i.k.n.KeyIO           MODE: declarations took 0 ms 
112346     DEBUG Test worker     d.u.i.k.n.KeyIO           MODE: 2nd degree decls took 0 
113503     INFO  Test worker     d.u.i.k.n.KeyIO           Parsing took 0 ms 
113503     DEBUG Test worker     d.u.i.k.n.KeyIO           Load declarations of de.uka.ilkd.key.nparser.KeyAst$File:  <unknown>:1#1 
113503     INFO  Test worker     d.u.i.k.n.KeyIO           MODE: declarations took 0 ms 
113503     DEBUG Test worker     d.u.i.k.n.KeyIO           MODE: 2nd degree decls took 0 
]]></system-out>
  <system-err><![CDATA[]]></system-err>
</testsuite>
