<?xml version="1.0" encoding="UTF-8"?>
<testsuite name="de.uka.ilkd.key.testcase.smt.testgen.TestTestgen" tests="1" skipped="0" failures="0" errors="0" timestamp="2023-04-19T10:07:52" hostname="fv-az559-422" time="4.885">
  <properties/>
  <testcase name="testMiddle()" classname="de.uka.ilkd.key.testcase.smt.testgen.TestTestgen" time="4.885"/>
  <system-out><![CDATA[14899      WARN  Test worker     d.u.i.k.t.s.t.TestTestgen Warning: Z3_CE is not installed, tests skipped. 
14899      WARN  Test worker     d.u.i.k.t.s.t.TestTestgen Maybe use JVM system property "z3SolverPath" to define the path to the Z3 command. 
14902      INFO  Test worker     d.u.i.k.p.i.AbstractProblemLoader Loading environment from src/test/resources/testcase/smt/tg/middle.key 
14902      DEBUG Test worker     d.u.i.k.p.i.AbstractProblemLoader Environment load took 159.4ns 
14906      INFO  Test worker     d.u.i.k.p.i.AbstractProblemLoader Creating init config 
18871      DEBUG Test worker     d.u.i.k.p.i.AbstractProblemLoader Init config took 3.97s 
18956      INFO  Test worker     d.u.i.k.p.i.AbstractProblemLoader Replaying proof Middle[Middle::middle(int,int,int)].JML normal_behavior operation contract.0 
18960      DEBUG Test worker     d.u.i.k.p.i.IntermediateProofReplayer Proof replay took 14.6ns 
]]></system-out>
  <system-err><![CDATA[]]></system-err>
</testsuite>
