<?xml version="1.0" encoding="UTF-8"?>
<testsuite name="de.uka.ilkd.key.util.DesignTests" tests="3" skipped="1" failures="0" errors="0" timestamp="2023-01-31T14:26:43" hostname="fv-az470-859" time="0.368">
  <properties/>
  <testcase name="testHashCodeImplemented()" classname="de.uka.ilkd.key.util.DesignTests" time="0.292"/>
  <testcase name="xtestTermSubclassVisibility()" classname="de.uka.ilkd.key.util.DesignTests" time="0.0">
    <skipped/>
  </testcase>
  <testcase name="testGuiSep()" classname="de.uka.ilkd.key.util.DesignTests" time="0.076"/>
  <system-out><![CDATA[]]></system-out>
  <system-err><![CDATA[]]></system-err>
</testsuite>
