<?xml version="1.0" encoding="UTF-8"?>
<testsuite name="de.uka.ilkd.key.gui.ShortUniqueFileNamesTest" tests="1" skipped="0" failures="0" errors="0" timestamp="2023-05-30T17:00:20" hostname="fv-az319-950" time="0.038">
  <properties/>
  <testcase name="uniqueFileNamesTest()" classname="de.uka.ilkd.key.gui.ShortUniqueFileNamesTest" time="0.038"/>
  <system-out><![CDATA[]]></system-out>
  <system-err><![CDATA[]]></system-err>
</testsuite>
