<?xml version="1.0" encoding="UTF-8"?>
<testsuite name="de.uka.ilkd.key.proof.runallproofs.RunAllProofsFunctional" tests="34" skipped="0" failures="0" errors="0" timestamp="2023-04-20T21:01:05" hostname="fv-az175-635" time="6895.571">
  <properties/>
  <testcase name="newBook" classname="de.uka.ilkd.key.proof.runallproofs.RunAllProofsFunctional" time="78.967"/>
  <testcase name="oldBook" classname="de.uka.ilkd.key.proof.runallproofs.RunAllProofsFunctional" time="22.567"/>
  <testcase name="comprehensions" classname="de.uka.ilkd.key.proof.runallproofs.RunAllProofsFunctional" time="82.904"/>
  <testcase name="performance" classname="de.uka.ilkd.key.proof.runallproofs.RunAllProofsFunctional" time="275.027"/>
  <testcase name="performancePOConstruction" classname="de.uka.ilkd.key.proof.runallproofs.RunAllProofsFunctional" time="91.549"/>
  <testcase name="applicationRestrictions" classname="de.uka.ilkd.key.proof.runallproofs.RunAllProofsFunctional" time="58.387"/>
  <testcase name="blockContracts" classname="de.uka.ilkd.key.proof.runallproofs.RunAllProofsFunctional" time="163.995"/>
  <testcase name="jmlAsserts" classname="de.uka.ilkd.key.proof.runallproofs.RunAllProofsFunctional" time="115.614"/>
  <testcase name="javaCard" classname="de.uka.ilkd.key.proof.runallproofs.RunAllProofsFunctional" time="167.753"/>
  <testcase name="list" classname="de.uka.ilkd.key.proof.runallproofs.RunAllProofsFunctional" time="345.539"/>
  <testcase name="list_ghost" classname="de.uka.ilkd.key.proof.runallproofs.RunAllProofsFunctional" time="90.375"/>
  <testcase name="list_recursive" classname="de.uka.ilkd.key.proof.runallproofs.RunAllProofsFunctional" time="32.846"/>
  <testcase name="list_seq" classname="de.uka.ilkd.key.proof.runallproofs.RunAllProofsFunctional" time="253.402"/>
  <testcase name="observer" classname="de.uka.ilkd.key.proof.runallproofs.RunAllProofsFunctional" time="131.423"/>
  <testcase name="removeDups" classname="de.uka.ilkd.key.proof.runallproofs.RunAllProofsFunctional" time="210.914"/>
  <testcase name="quicksort" classname="de.uka.ilkd.key.proof.runallproofs.RunAllProofsFunctional" time="149.793"/>
  <testcase name="simpleTests" classname="de.uka.ilkd.key.proof.runallproofs.RunAllProofsFunctional" time="186.149"/>
  <testcase name="SmansEtAl" classname="de.uka.ilkd.key.proof.runallproofs.RunAllProofsFunctional" time="238.9"/>
  <testcase name="VACID0" classname="de.uka.ilkd.key.proof.runallproofs.RunAllProofsFunctional" time="99.461"/>
  <testcase name="VSTTE10" classname="de.uka.ilkd.key.proof.runallproofs.RunAllProofsFunctional" time="244.194"/>
  <testcase name="WeideEtAl" classname="de.uka.ilkd.key.proof.runallproofs.RunAllProofsFunctional" time="37.427"/>
  <testcase name="arithmetic" classname="de.uka.ilkd.key.proof.runallproofs.RunAllProofsFunctional" time="619.749"/>
  <testcase name="arrays" classname="de.uka.ilkd.key.proof.runallproofs.RunAllProofsFunctional" time="74.984"/>
  <testcase name="javadl" classname="de.uka.ilkd.key.proof.runallproofs.RunAllProofsFunctional" time="829.814"/>
  <testcase name="FOL" classname="de.uka.ilkd.key.proof.runallproofs.RunAllProofsFunctional" time="358.457"/>
  <testcase name="strings" classname="de.uka.ilkd.key.proof.runallproofs.RunAllProofsFunctional" time="188.939"/>
  <testcase name="simple_info_flow" classname="de.uka.ilkd.key.proof.runallproofs.RunAllProofsFunctional" time="16.824"/>
  <testcase name="modelMethods" classname="de.uka.ilkd.key.proof.runallproofs.RunAllProofsFunctional" time="236.222"/>
  <testcase name="permissionHeap" classname="de.uka.ilkd.key.proof.runallproofs.RunAllProofsFunctional" time="1097.349"/>
  <testcase name="completionScopes" classname="de.uka.ilkd.key.proof.runallproofs.RunAllProofsFunctional" time="65.149"/>
  <testcase name="reload_examples" classname="de.uka.ilkd.key.proof.runallproofs.RunAllProofsFunctional" time="58.988"/>
  <testcase name="proofLoadRepair" classname="de.uka.ilkd.key.proof.runallproofs.RunAllProofsFunctional" time="24.962"/>
  <testcase name="switch" classname="de.uka.ilkd.key.proof.runallproofs.RunAllProofsFunctional" time="80.433"/>
  <testcase name="redux" classname="de.uka.ilkd.key.proof.runallproofs.RunAllProofsFunctional" time="166.477"/>
  <system-out><![CDATA[377        INFO  Test worker     d.u.i.k.p.r.RunAllProofsTestUnit Running test newBook 
419        INFO  Timeout watchdog d.u.i.k.p.r.p.ForkedTestFileRunner Timeout watcher launched (2000 secs.) 
440        WARN  main            d.u.i.k.s.ProofSettings   No proof-settings could be loaded, using defaults java.io.FileNotFoundException: /home/runner/.key/proof-settings.props (No such file or directory)
	at java.base/java.io.FileInputStream.open0(Native Method)

494        INFO  main            d.u.i.k.p.r.p.TestFile    Now processing file /home/runner/work/key/key/key.core/../key.ui/examples/newBook/09.list_modelfield/ArrayList.add.key 
648        INFO  main            d.u.i.k.p.i.AbstractProblemLoader Loading environment from /home/runner/work/key/key/key.core/../key.ui/examples/newBook/09.list_modelfield/ArrayList.add.key 
667        DEBUG main            d.u.i.k.p.i.AbstractProblemLoader Environment load took 2.41ms 
953        INFO  main            d.u.i.k.p.i.AbstractProblemLoader Creating init config 
2187       DEBUG main            d.u.i.k.j.TypeConverter   No LDT found for Meta 
2188       DEBUG main            d.u.i.k.j.TypeConverter   No LDT found for Meta 
2192       DEBUG main            d.u.i.k.j.TypeConverter   No LDT found for Meta 
2192       DEBUG main            d.u.i.k.j.TypeConverter   No LDT found for Meta 
3780       DEBUG main            d.u.i.k.j.TypeConverter   No LDT found for JavaBigintExpression 
10273      DEBUG main            d.u.i.k.p.i.AbstractProblemLoader Init config took 9.32s 
10512      INFO  main            d.u.i.k.p.i.AbstractProblemLoader Replaying proof ArrayList[List::add(int)].JML normal_behavior operation contract.0 
10562      DEBUG main            d.u.i.k.p.i.IntermediateProofReplayer Proof replay took 39.3ns 
33821      INFO  main            d.u.i.k.p.r.p.TestFile    ... finished proof: closed. 
34221      INFO  main            d.u.i.k.p.i.AbstractProblemLoader Loading environment from /home/runner/work/key/key/key.core/../key.ui/examples/newBook/09.list_modelfield/ArrayList.add.key.proof 
34221      DEBUG main            d.u.i.k.p.i.AbstractProblemLoader Environment load took 229ns 
34233      INFO  main            d.u.i.k.p.i.AbstractProblemLoader Creating init config 
37867      DEBUG main            d.u.i.k.p.i.AbstractProblemLoader Init config took 3.63s 
37963      INFO  main            d.u.i.k.p.i.AbstractProblemLoader Replaying proof ArrayList[List::add(int)].JML normal_behavior operation contract.0 
39986      DEBUG main            d.u.i.k.p.i.IntermediateProofReplayer Proof replay took 1.94s 
40001      DEBUG main            d.u.i.k.p.r.p.TestFile    ... success: reloaded. 
40004      INFO  main            d.u.i.k.p.r.p.TestFile    Now processing file /home/runner/work/key/key/key.core/../key.ui/examples/newBook/09.list_modelfield/ArrayList.remFirst.key 
40005      INFO  main            d.u.i.k.p.i.AbstractProblemLoader Loading environment from /home/runner/work/key/key/key.core/../key.ui/examples/newBook/09.list_modelfield/ArrayList.remFirst.key 
40006      DEBUG main            d.u.i.k.p.i.AbstractProblemLoader Environment load took 482.2ns 
40010      INFO  main            d.u.i.k.p.i.AbstractProblemLoader Creating init config 
43772      DEBUG main            d.u.i.k.p.i.AbstractProblemLoader Init config took 3.76s 
43913      INFO  main            d.u.i.k.p.i.AbstractProblemLoader Replaying proof ArrayList[List::remFirst()].JML normal_behavior operation contract.0 
43915      DEBUG main            d.u.i.k.p.i.IntermediateProofReplayer Proof replay took 7.2ns 
49523      INFO  main            d.u.i.k.p.r.p.TestFile    ... finished proof: closed. 
49876      INFO  main            d.u.i.k.p.i.AbstractProblemLoader Loading environment from /home/runner/work/key/key/key.core/../key.ui/examples/newBook/09.list_modelfield/ArrayList.remFirst.key.proof 
49876      DEBUG main            d.u.i.k.p.i.AbstractProblemLoader Environment load took 163ns 
49881      INFO  main            d.u.i.k.p.i.AbstractProblemLoader Creating init config 
53328      DEBUG main            d.u.i.k.p.i.AbstractProblemLoader Init config took 3.45s 
53393      INFO  main            d.u.i.k.p.i.AbstractProblemLoader Replaying proof ArrayList[List::remFirst()].JML normal_behavior operation contract.0 
54290      DEBUG main            d.u.i.k.p.i.IntermediateProofReplayer Proof replay took 872.9ms 
54293      DEBUG main            d.u.i.k.p.r.p.TestFile    ... success: reloaded. 
54294      INFO  main            d.u.i.k.p.r.p.TestFile    Now processing file /home/runner/work/key/key/key.core/../key.ui/examples/newBook/09.list_modelfield/ArrayList.empty.key 
54295      INFO  main            d.u.i.k.p.i.AbstractProblemLoader Loading environment from /home/runner/work/key/key/key.core/../key.ui/examples/newBook/09.list_modelfield/ArrayList.empty.key 
54296      DEBUG main            d.u.i.k.p.i.AbstractProblemLoader Environment load took 483ns 
54298      INFO  main            d.u.i.k.p.i.AbstractProblemLoader Creating init config 
57701      DEBUG main            d.u.i.k.p.i.AbstractProblemLoader Init config took 3.4s 
57764      INFO  main            d.u.i.k.p.i.AbstractProblemLoader Replaying proof ArrayList[List::empty()].JML normal_behavior operation contract.0 
57767      DEBUG main            d.u.i.k.p.i.IntermediateProofReplayer Proof replay took 6.2ns 
59074      INFO  main            d.u.i.k.p.r.p.TestFile    ... finished proof: closed. 
59347      INFO  main            d.u.i.k.p.i.AbstractProblemLoader Loading environment from /home/runner/work/key/key/key.core/../key.ui/examples/newBook/09.list_modelfield/ArrayList.empty.key.proof 
59348      DEBUG main            d.u.i.k.p.i.AbstractProblemLoader Environment load took 1.15ms 
59350      INFO  main            d.u.i.k.p.i.AbstractProblemLoader Creating init config 
62639      DEBUG main            d.u.i.k.p.i.AbstractProblemLoader Init config took 3.29s 
62699      INFO  main            d.u.i.k.p.i.AbstractProblemLoader Replaying proof ArrayList[List::empty()].JML normal_behavior operation contract.0 
62895      DEBUG main            d.u.i.k.p.i.IntermediateProofReplayer Proof replay took 188.51ms 
62896      DEBUG main            d.u.i.k.p.r.p.TestFile    ... success: reloaded. 
62897      INFO  main            d.u.i.k.p.r.p.TestFile    Now processing file /home/runner/work/key/key/key.core/../key.ui/examples/newBook/09.list_modelfield/ArrayList.size.key 
62897      INFO  main            d.u.i.k.p.i.AbstractProblemLoader Loading environment from /home/runner/work/key/key/key.core/../key.ui/examples/newBook/09.list_modelfield/ArrayList.size.key 
62897      DEBUG main            d.u.i.k.p.i.AbstractProblemLoader Environment load took 97ns 
62899      INFO  main            d.u.i.k.p.i.AbstractProblemLoader Creating init config 
66204      DEBUG main            d.u.i.k.p.i.AbstractProblemLoader Init config took 3.31s 
66263      INFO  main            d.u.i.k.p.i.AbstractProblemLoader Replaying proof ArrayList[List::size()].JML normal_behavior operation contract.0 
66266      DEBUG main            d.u.i.k.p.i.IntermediateProofReplayer Proof replay took 5.9ns 
66772      INFO  main            d.u.i.k.p.r.p.TestFile    ... finished proof: closed. 
67051      INFO  main            d.u.i.k.p.i.AbstractProblemLoader Loading environment from /home/runner/work/key/key/key.core/../key.ui/examples/newBook/09.list_modelfield/ArrayList.size.key.proof 
67052      DEBUG main            d.u.i.k.p.i.AbstractProblemLoader Environment load took 879.5ns 
67055      INFO  main            d.u.i.k.p.i.AbstractProblemLoader Creating init config 
70298      DEBUG main            d.u.i.k.p.i.AbstractProblemLoader Init config took 3.24s 
70353      INFO  main            d.u.i.k.p.i.AbstractProblemLoader Replaying proof ArrayList[List::size()].JML normal_behavior operation contract.0 
70450      DEBUG main            d.u.i.k.p.i.IntermediateProofReplayer Proof replay took 91.34ms 
70452      DEBUG main            d.u.i.k.p.r.p.TestFile    ... success: reloaded. 
70453      INFO  main            d.u.i.k.p.r.p.TestFile    Now processing file /home/runner/work/key/key/key.core/../key.ui/examples/newBook/09.list_modelfield/ArrayList.get.key 
70454      INFO  main            d.u.i.k.p.i.AbstractProblemLoader Loading environment from /home/runner/work/key/key/key.core/../key.ui/examples/newBook/09.list_modelfield/ArrayList.get.key 
70454      DEBUG main            d.u.i.k.p.i.AbstractProblemLoader Environment load took 448.2ns 
70456      INFO  main            d.u.i.k.p.i.AbstractProblemLoader Creating init config 
73710      DEBUG main            d.u.i.k.p.i.AbstractProblemLoader Init config took 3.25s 
73776      INFO  main            d.u.i.k.p.i.AbstractProblemLoader Replaying proof ArrayList[List::get(int)].JML normal_behavior operation contract.0 
73779      DEBUG main            d.u.i.k.p.i.IntermediateProofReplayer Proof replay took 5.6ns 
75113      INFO  main            d.u.i.k.p.r.p.TestFile    ... finished proof: closed. 
75365      INFO  main            d.u.i.k.p.i.AbstractProblemLoader Loading environment from /home/runner/work/key/key/key.core/../key.ui/examples/newBook/09.list_modelfield/ArrayList.get.key.proof 
75365      DEBUG main            d.u.i.k.p.i.AbstractProblemLoader Environment load took 156.9ns 
75366      INFO  main            d.u.i.k.p.i.AbstractProblemLoader Creating init config 
78472      DEBUG main            d.u.i.k.p.i.AbstractProblemLoader Init config took 3.11s 
78526      INFO  main            d.u.i.k.p.i.AbstractProblemLoader Replaying proof ArrayList[List::get(int)].JML normal_behavior operation contract.0 
78682      DEBUG main            d.u.i.k.p.i.IntermediateProofReplayer Proof replay took 150.28ms 
78683      DEBUG main            d.u.i.k.p.r.p.TestFile    ... success: reloaded. 
79311      INFO  Test worker     d.u.i.k.p.r.RunAllProofsTestUnit Returning from test newBook 
79339      INFO  Test worker     d.u.i.k.p.r.RunAllProofsTestUnit Running test oldBook 
435        INFO  Timeout watchdog d.u.i.k.p.r.p.ForkedTestFileRunner Timeout watcher launched (2000 secs.) 
458        WARN  main            d.u.i.k.s.ProofSettings   The settings in /home/runner/.key/proof-settings.props are *not* read. 
523        INFO  main            d.u.i.k.p.r.p.TestFile    Now processing file /home/runner/work/key/key/key.core/../key.ui/examples/standard_key/BookExamples/02FirstOrderLogic/Ex2.58.key 
717        INFO  main            d.u.i.k.p.i.AbstractProblemLoader Loading environment from /home/runner/work/key/key/key.core/../key.ui/examples/standard_key/BookExamples/02FirstOrderLogic/Ex2.58.key 
737        DEBUG main            d.u.i.k.p.i.AbstractProblemLoader Environment load took 2.74ms 
1057       INFO  main            d.u.i.k.p.i.AbstractProblemLoader Creating init config 
2307       DEBUG main            d.u.i.k.j.TypeConverter   No LDT found for Meta 
2308       DEBUG main            d.u.i.k.j.TypeConverter   No LDT found for Meta 
2310       DEBUG main            d.u.i.k.j.TypeConverter   No LDT found for Meta 
2310       DEBUG main            d.u.i.k.j.TypeConverter   No LDT found for Meta 
4518       DEBUG main            d.u.i.k.j.TypeConverter   No LDT found for JavaBigintExpression 
10601      DEBUG main            d.u.i.k.p.i.AbstractProblemLoader Init config took 9.54s 
10672      INFO  main            d.u.i.k.p.i.AbstractProblemLoader Replaying proof Ex2.58.key 
10723      DEBUG main            d.u.i.k.p.i.IntermediateProofReplayer Proof replay took 40.1ns 
10897      INFO  main            d.u.i.k.p.r.p.TestFile    ... finished proof: closed. 
11041      INFO  main            d.u.i.k.p.i.AbstractProblemLoader Loading environment from /home/runner/work/key/key/key.core/../key.ui/examples/standard_key/BookExamples/02FirstOrderLogic/Ex2.58.key.proof 
11042      DEBUG main            d.u.i.k.p.i.AbstractProblemLoader Environment load took 1.52ms 
11048      INFO  main            d.u.i.k.p.i.AbstractProblemLoader Creating init config 
14502      DEBUG main            d.u.i.k.p.i.AbstractProblemLoader Init config took 3.45s 
14558      INFO  main            d.u.i.k.p.i.AbstractProblemLoader Replaying proof Ex2.58.key.proof 
14574      DEBUG main            d.u.i.k.p.i.IntermediateProofReplayer Proof replay took 8.48ms 
14590      DEBUG main            d.u.i.k.p.r.p.TestFile    ... success: reloaded. 
14593      INFO  main            d.u.i.k.p.r.p.TestFile    Now processing file /home/runner/work/key/key/key.core/../key.ui/examples/standard_key/BookExamples/03DynamicLogic/Sect3.3.1.key 
14593      INFO  main            d.u.i.k.p.i.AbstractProblemLoader Loading environment from /home/runner/work/key/key/key.core/../key.ui/examples/standard_key/BookExamples/03DynamicLogic/Sect3.3.1.key 
14595      DEBUG main            d.u.i.k.p.i.AbstractProblemLoader Environment load took 1.79ms 
14600      INFO  main            d.u.i.k.p.i.AbstractProblemLoader Creating init config 
17924      DEBUG main            d.u.i.k.p.i.AbstractProblemLoader Init config took 3.32s 
17963      INFO  main            d.u.i.k.p.i.AbstractProblemLoader Replaying proof Sect3.3.1.key 
17968      DEBUG main            d.u.i.k.p.i.IntermediateProofReplayer Proof replay took 7.7ns 
18678      INFO  main            d.u.i.k.p.r.p.TestFile    ... finished proof: closed. 
18854      INFO  main            d.u.i.k.p.i.AbstractProblemLoader Loading environment from /home/runner/work/key/key/key.core/../key.ui/examples/standard_key/BookExamples/03DynamicLogic/Sect3.3.1.key.proof 
18855      DEBUG main            d.u.i.k.p.i.AbstractProblemLoader Environment load took 1.33ms 
18860      INFO  main            d.u.i.k.p.i.AbstractProblemLoader Creating init config 
22076      DEBUG main            d.u.i.k.p.i.AbstractProblemLoader Init config took 3.22s 
22113      INFO  main            d.u.i.k.p.i.AbstractProblemLoader Replaying proof Sect3.3.1.key.proof 
22328      DEBUG main            d.u.i.k.p.i.IntermediateProofReplayer Proof replay took 194.16ms 
22329      DEBUG main            d.u.i.k.p.r.p.TestFile    ... success: reloaded. 
101905     INFO  Test worker     d.u.i.k.p.r.RunAllProofsTestUnit Returning from test oldBook 
101908     INFO  Test worker     d.u.i.k.p.r.RunAllProofsTestUnit Running test comprehensions 
510        INFO  Timeout watchdog d.u.i.k.p.r.p.ForkedTestFileRunner Timeout watcher launched (2000 secs.) 
544        WARN  main            d.u.i.k.s.ProofSettings   The settings in /home/runner/.key/proof-settings.props are *not* read. 
586        INFO  main            d.u.i.k.p.r.p.TestFile    Now processing file /home/runner/work/key/key/key.core/../key.ui/examples/heap/comprehensions/general_sum.key 
734        INFO  main            d.u.i.k.p.i.AbstractProblemLoader Loading environment from /home/runner/work/key/key/key.core/../key.ui/examples/heap/comprehensions/general_sum.key 
756        DEBUG main            d.u.i.k.p.i.AbstractProblemLoader Environment load took 4.44ms 
1038       INFO  main            d.u.i.k.p.i.AbstractProblemLoader Creating init config 
2397       DEBUG main            d.u.i.k.j.TypeConverter   No LDT found for Meta 
2398       DEBUG main            d.u.i.k.j.TypeConverter   No LDT found for Meta 
2402       DEBUG main            d.u.i.k.j.TypeConverter   No LDT found for Meta 
2403       DEBUG main            d.u.i.k.j.TypeConverter   No LDT found for Meta 
4585       DEBUG main            d.u.i.k.j.TypeConverter   No LDT found for JavaBigintExpression 
11109      DEBUG main            d.u.i.k.p.i.AbstractProblemLoader Init config took 10.07s 
11298      INFO  main            d.u.i.k.p.i.AbstractProblemLoader Replaying proof GSum[GSum::doNothing()].JML operation contract.0 
11346      DEBUG main            d.u.i.k.p.i.IntermediateProofReplayer Proof replay took 39.5ns 
11797      INFO  main            d.u.i.k.p.r.p.TestFile    ... finished proof: closed. 
11937      INFO  main            d.u.i.k.p.i.AbstractProblemLoader Loading environment from /home/runner/work/key/key/key.core/../key.ui/examples/heap/comprehensions/general_sum.key.proof 
11938      DEBUG main            d.u.i.k.p.i.AbstractProblemLoader Environment load took 1.04ms 
11941      INFO  main            d.u.i.k.p.i.AbstractProblemLoader Creating init config 
15872      DEBUG main            d.u.i.k.p.i.AbstractProblemLoader Init config took 3.93s 
15950      INFO  main            d.u.i.k.p.i.AbstractProblemLoader Replaying proof GSum[GSum::doNothing()].JML operation contract.0 
15972      DEBUG main            d.u.i.k.p.i.IntermediateProofReplayer Proof replay took 16.27ms 
15981      DEBUG main            d.u.i.k.p.r.p.TestFile    ... success: reloaded. 
15983      INFO  main            d.u.i.k.p.r.p.TestFile    Now processing file /home/runner/work/key/key/key.core/../key.ui/examples/heap/comprehensions/sum0.key 
15984      INFO  main            d.u.i.k.p.i.AbstractProblemLoader Loading environment from /home/runner/work/key/key/key.core/../key.ui/examples/heap/comprehensions/sum0.key 
15984      DEBUG main            d.u.i.k.p.i.AbstractProblemLoader Environment load took 179.8ns 
15989      INFO  main            d.u.i.k.p.i.AbstractProblemLoader Creating init config 
19545      DEBUG main            d.u.i.k.p.i.AbstractProblemLoader Init config took 3.56s 
19615      INFO  main            d.u.i.k.p.i.AbstractProblemLoader Replaying proof Sum[Sum::sum0([I)].JML normal_behavior operation contract.0 
19619      DEBUG main            d.u.i.k.p.i.IntermediateProofReplayer Proof replay took 7.6ns 
19735      DEBUG Thread-4        d.u.i.k.l.l.OriginTermLabel commonFileName is null! 
19736      DEBUG Thread-4        d.u.i.k.l.l.OriginTermLabel commonFileName is null! 
19970      DEBUG Thread-4        d.u.i.k.l.l.OriginTermLabel commonFileName is null! 
19971      DEBUG Thread-4        d.u.i.k.l.l.OriginTermLabel commonFileName is null! 
20234      DEBUG Thread-4        d.u.i.k.l.l.OriginTermLabel commonFileName is null! 
20633      INFO  main            d.u.i.k.p.r.p.TestFile    ... finished proof: closed. 
20794      INFO  main            d.u.i.k.p.i.AbstractProblemLoader Loading environment from /home/runner/work/key/key/key.core/../key.ui/examples/heap/comprehensions/sum0.key.proof 
20799      DEBUG main            d.u.i.k.p.i.AbstractProblemLoader Environment load took 4.24ms 
20804      INFO  main            d.u.i.k.p.i.AbstractProblemLoader Creating init config 
24309      DEBUG main            d.u.i.k.p.i.AbstractProblemLoader Init config took 3.5s 
24376      INFO  main            d.u.i.k.p.i.AbstractProblemLoader Replaying proof Sum[Sum::sum0([I)].JML normal_behavior operation contract.0 
24421      DEBUG main            d.u.i.k.l.l.OriginTermLabel commonFileName is null! 
24422      DEBUG main            d.u.i.k.l.l.OriginTermLabel commonFileName is null! 
24501      DEBUG main            d.u.i.k.l.l.OriginTermLabel commonFileName is null! 
24559      DEBUG main            d.u.i.k.l.l.OriginTermLabel commonFileName is null! 
24560      DEBUG main            d.u.i.k.l.l.OriginTermLabel commonFileName is null! 
24565      DEBUG main            d.u.i.k.p.i.IntermediateProofReplayer Proof replay took 182.41ms 
24567      DEBUG main            d.u.i.k.p.r.p.TestFile    ... success: reloaded. 
24569      INFO  main            d.u.i.k.p.r.p.TestFile    Now processing file /home/runner/work/key/key/key.core/../key.ui/examples/heap/comprehensions/sum1.key 
24569      INFO  main            d.u.i.k.p.i.AbstractProblemLoader Loading environment from /home/runner/work/key/key/key.core/../key.ui/examples/heap/comprehensions/sum1.key 
24570      DEBUG main            d.u.i.k.p.i.AbstractProblemLoader Environment load took 373.6ns 
24571      INFO  main            d.u.i.k.p.i.AbstractProblemLoader Creating init config 
27885      DEBUG main            d.u.i.k.p.i.AbstractProblemLoader Init config took 3.31s 
27971      INFO  main            d.u.i.k.p.i.AbstractProblemLoader Replaying proof Sum[Sum::sum1([I)].JML normal_behavior operation contract.0 
27974      DEBUG main            d.u.i.k.p.i.IntermediateProofReplayer Proof replay took 5.6ns 
28054      DEBUG Thread-7        d.u.i.k.l.l.OriginTermLabel commonFileName is null! 
28055      DEBUG Thread-7        d.u.i.k.l.l.OriginTermLabel commonFileName is null! 
28297      DEBUG Thread-7        d.u.i.k.l.l.OriginTermLabel commonFileName is null! 
28298      DEBUG Thread-7        d.u.i.k.l.l.OriginTermLabel commonFileName is null! 
28493      DEBUG Thread-7        d.u.i.k.l.l.OriginTermLabel commonFileName is null! 
28784      INFO  main            d.u.i.k.p.r.p.TestFile    ... finished proof: closed. 
29016      INFO  main            d.u.i.k.p.i.AbstractProblemLoader Loading environment from /home/runner/work/key/key/key.core/../key.ui/examples/heap/comprehensions/sum1.key.proof 
29018      DEBUG main            d.u.i.k.p.i.AbstractProblemLoader Environment load took 2.54ms 
29021      INFO  main            d.u.i.k.p.i.AbstractProblemLoader Creating init config 
32264      DEBUG main            d.u.i.k.p.i.AbstractProblemLoader Init config took 3.24s 
32319      INFO  main            d.u.i.k.p.i.AbstractProblemLoader Replaying proof Sum[Sum::sum1([I)].JML normal_behavior operation contract.0 
32360      DEBUG main            d.u.i.k.l.l.OriginTermLabel commonFileName is null! 
32360      DEBUG main            d.u.i.k.l.l.OriginTermLabel commonFileName is null! 
32451      DEBUG main            d.u.i.k.l.l.OriginTermLabel commonFileName is null! 
32497      DEBUG main            d.u.i.k.l.l.OriginTermLabel commonFileName is null! 
32498      DEBUG main            d.u.i.k.l.l.OriginTermLabel commonFileName is null! 
32501      DEBUG main            d.u.i.k.p.i.IntermediateProofReplayer Proof replay took 176.91ms 
32502      DEBUG main            d.u.i.k.p.r.p.TestFile    ... success: reloaded. 
32503      INFO  main            d.u.i.k.p.r.p.TestFile    Now processing file /home/runner/work/key/key/key.core/../key.ui/examples/heap/comprehensions/sum2.key 
32504      INFO  main            d.u.i.k.p.i.AbstractProblemLoader Loading environment from /home/runner/work/key/key/key.core/../key.ui/examples/heap/comprehensions/sum2.key 
32504      DEBUG main            d.u.i.k.p.i.AbstractProblemLoader Environment load took 82.4ns 
32505      INFO  main            d.u.i.k.p.i.AbstractProblemLoader Creating init config 
35841      DEBUG main            d.u.i.k.p.i.AbstractProblemLoader Init config took 3.34s 
35895      INFO  main            d.u.i.k.p.i.AbstractProblemLoader Replaying proof Sum[Sum::sum2([I)].JML normal_behavior operation contract.0 
35899      DEBUG main            d.u.i.k.p.i.IntermediateProofReplayer Proof replay took 7.1ns 
35970      DEBUG Thread-10       d.u.i.k.l.l.OriginTermLabel commonFileName is null! 
35970      DEBUG Thread-10       d.u.i.k.l.l.OriginTermLabel commonFileName is null! 
36122      DEBUG Thread-10       d.u.i.k.l.l.OriginTermLabel commonFileName is null! 
36124      DEBUG Thread-10       d.u.i.k.l.l.OriginTermLabel commonFileName is null! 
36238      DEBUG Thread-10       d.u.i.k.l.l.OriginTermLabel commonFileName is null! 
36403      INFO  main            d.u.i.k.p.r.p.TestFile    ... finished proof: closed. 
36613      INFO  main            d.u.i.k.p.i.AbstractProblemLoader Loading environment from /home/runner/work/key/key/key.core/../key.ui/examples/heap/comprehensions/sum2.key.proof 
36613      DEBUG main            d.u.i.k.p.i.AbstractProblemLoader Environment load took 205.2ns 
36615      INFO  main            d.u.i.k.p.i.AbstractProblemLoader Creating init config 
39811      DEBUG main            d.u.i.k.p.i.AbstractProblemLoader Init config took 3.2s 
39870      INFO  main            d.u.i.k.p.i.AbstractProblemLoader Replaying proof Sum[Sum::sum2([I)].JML normal_behavior operation contract.0 
39920      DEBUG main            d.u.i.k.l.l.OriginTermLabel commonFileName is null! 
39920      DEBUG main            d.u.i.k.l.l.OriginTermLabel commonFileName is null! 
39969      DEBUG main            d.u.i.k.l.l.OriginTermLabel commonFileName is null! 
40004      DEBUG main            d.u.i.k.l.l.OriginTermLabel commonFileName is null! 
40005      DEBUG main            d.u.i.k.l.l.OriginTermLabel commonFileName is null! 
40008      DEBUG main            d.u.i.k.p.i.IntermediateProofReplayer Proof replay took 132.82ms 
40009      DEBUG main            d.u.i.k.p.r.p.TestFile    ... success: reloaded. 
40010      INFO  main            d.u.i.k.p.r.p.TestFile    Now processing file /home/runner/work/key/key/key.core/../key.ui/examples/heap/comprehensions/sum3.key 
40011      INFO  main            d.u.i.k.p.i.AbstractProblemLoader Loading environment from /home/runner/work/key/key/key.core/../key.ui/examples/heap/comprehensions/sum3.key 
40012      DEBUG main            d.u.i.k.p.i.AbstractProblemLoader Environment load took 491.7ns 
40013      INFO  main            d.u.i.k.p.i.AbstractProblemLoader Creating init config 
43187      DEBUG main            d.u.i.k.p.i.AbstractProblemLoader Init config took 3.17s 
43238      INFO  main            d.u.i.k.p.i.AbstractProblemLoader Replaying proof Sum[Sum::sum3([I)].JML normal_behavior operation contract.0 
43239      DEBUG main            d.u.i.k.p.i.IntermediateProofReplayer Proof replay took 6.6ns 
43302      DEBUG Thread-13       d.u.i.k.l.l.OriginTermLabel commonFileName is null! 
43302      DEBUG Thread-13       d.u.i.k.l.l.OriginTermLabel commonFileName is null! 
43447      DEBUG Thread-13       d.u.i.k.l.l.OriginTermLabel commonFileName is null! 
43447      DEBUG Thread-13       d.u.i.k.l.l.OriginTermLabel commonFileName is null! 
43543      DEBUG Thread-13       d.u.i.k.l.l.OriginTermLabel commonFileName is null! 
43743      INFO  main            d.u.i.k.p.r.p.TestFile    ... finished proof: closed. 
43964      INFO  main            d.u.i.k.p.i.AbstractProblemLoader Loading environment from /home/runner/work/key/key/key.core/../key.ui/examples/heap/comprehensions/sum3.key.proof 
43964      DEBUG main            d.u.i.k.p.i.AbstractProblemLoader Environment load took 195.8ns 
43965      INFO  main            d.u.i.k.p.i.AbstractProblemLoader Creating init config 
47110      DEBUG main            d.u.i.k.p.i.AbstractProblemLoader Init config took 3.14s 
47171      INFO  main            d.u.i.k.p.i.AbstractProblemLoader Replaying proof Sum[Sum::sum3([I)].JML normal_behavior operation contract.0 
47209      DEBUG main            d.u.i.k.l.l.OriginTermLabel commonFileName is null! 
47210      DEBUG main            d.u.i.k.l.l.OriginTermLabel commonFileName is null! 
47262      DEBUG main            d.u.i.k.l.l.OriginTermLabel commonFileName is null! 
47297      DEBUG main            d.u.i.k.l.l.OriginTermLabel commonFileName is null! 
47298      DEBUG main            d.u.i.k.l.l.OriginTermLabel commonFileName is null! 
47302      DEBUG main            d.u.i.k.p.i.IntermediateProofReplayer Proof replay took 127.19ms 
47304      DEBUG main            d.u.i.k.p.r.p.TestFile    ... success: reloaded. 
47307      INFO  main            d.u.i.k.p.r.p.TestFile    Now processing file /home/runner/work/key/key/key.core/../key.ui/examples/heap/comprehensions/segsum.key 
47308      INFO  main            d.u.i.k.p.i.AbstractProblemLoader Loading environment from /home/runner/work/key/key/key.core/../key.ui/examples/heap/comprehensions/segsum.key 
47308      DEBUG main            d.u.i.k.p.i.AbstractProblemLoader Environment load took 359.8ns 
47311      INFO  main            d.u.i.k.p.i.AbstractProblemLoader Creating init config 
50493      DEBUG main            d.u.i.k.p.i.AbstractProblemLoader Init config took 3.18s 
50542      INFO  main            d.u.i.k.p.i.AbstractProblemLoader Replaying proof SegSum[SegSum::segSum([I,int,int)].JML normal_behavior operation contract.0 
50545      DEBUG main            d.u.i.k.p.i.IntermediateProofReplayer Proof replay took 6.7ns 
51049      INFO  main            d.u.i.k.p.r.p.TestFile    ... finished proof: closed. 
51281      INFO  main            d.u.i.k.p.i.AbstractProblemLoader Loading environment from /home/runner/work/key/key/key.core/../key.ui/examples/heap/comprehensions/segsum.key.proof 
51283      DEBUG main            d.u.i.k.p.i.AbstractProblemLoader Environment load took 1.55ms 
51284      INFO  main            d.u.i.k.p.i.AbstractProblemLoader Creating init config 
54436      DEBUG main            d.u.i.k.p.i.AbstractProblemLoader Init config took 3.15s 
54487      INFO  main            d.u.i.k.p.i.AbstractProblemLoader Replaying proof SegSum[SegSum::segSum([I,int,int)].JML normal_behavior operation contract.0 
54614      DEBUG main            d.u.i.k.p.i.IntermediateProofReplayer Proof replay took 123.31ms 
54615      DEBUG main            d.u.i.k.p.r.p.TestFile    ... success: reloaded. 
54616      INFO  main            d.u.i.k.p.r.p.TestFile    Now processing file /home/runner/work/key/key/key.core/../key.ui/examples/heap/comprehensions/bsum_negative.key 
54616      INFO  main            d.u.i.k.p.i.AbstractProblemLoader Loading environment from /home/runner/work/key/key/key.core/../key.ui/examples/heap/comprehensions/bsum_negative.key 
54616      DEBUG main            d.u.i.k.p.i.AbstractProblemLoader Environment load took 74.2ns 
54618      INFO  main            d.u.i.k.p.i.AbstractProblemLoader Creating init config 
57484      DEBUG main            d.u.i.k.p.i.AbstractProblemLoader Init config took 2.87s 
57504      INFO  main            d.u.i.k.p.i.AbstractProblemLoader Replaying proof bsum_negative.key 
57506      DEBUG main            d.u.i.k.p.i.IntermediateProofReplayer Proof replay took 7ns 
57612      INFO  main            d.u.i.k.p.r.p.TestFile    ... finished proof: closed. 
57804      INFO  main            d.u.i.k.p.i.AbstractProblemLoader Loading environment from /home/runner/work/key/key/key.core/../key.ui/examples/heap/comprehensions/bsum_negative.key.proof 
57804      DEBUG main            d.u.i.k.p.i.AbstractProblemLoader Environment load took 117.3ns 
57805      INFO  main            d.u.i.k.p.i.AbstractProblemLoader Creating init config 
60696      DEBUG main            d.u.i.k.p.i.AbstractProblemLoader Init config took 2.89s 
60721      INFO  main            d.u.i.k.p.i.AbstractProblemLoader Replaying proof bsum_negative.key.proof 
60726      DEBUG main            d.u.i.k.p.i.IntermediateProofReplayer Proof replay took 2.48ms 
60727      DEBUG main            d.u.i.k.p.r.p.TestFile    ... success: reloaded. 
60727      INFO  main            d.u.i.k.p.r.p.TestFile    Now processing file /home/runner/work/key/key/key.core/../key.ui/examples/heap/comprehensions/bsum_neg2.key 
60728      INFO  main            d.u.i.k.p.i.AbstractProblemLoader Loading environment from /home/runner/work/key/key/key.core/../key.ui/examples/heap/comprehensions/bsum_neg2.key 
60728      DEBUG main            d.u.i.k.p.i.AbstractProblemLoader Environment load took 90.4ns 
60729      INFO  main            d.u.i.k.p.i.AbstractProblemLoader Creating init config 
63623      DEBUG main            d.u.i.k.p.i.AbstractProblemLoader Init config took 2.89s 
63644      INFO  main            d.u.i.k.p.i.AbstractProblemLoader Replaying proof bsum_neg2.key 
63645      DEBUG main            d.u.i.k.p.i.IntermediateProofReplayer Proof replay took 6.6ns 
63748      INFO  main            d.u.i.k.p.r.p.TestFile    ... finished proof: closed. 
63955      INFO  main            d.u.i.k.p.i.AbstractProblemLoader Loading environment from /home/runner/work/key/key/key.core/../key.ui/examples/heap/comprehensions/bsum_neg2.key.proof 
63955      DEBUG main            d.u.i.k.p.i.AbstractProblemLoader Environment load took 142.6ns 
63957      INFO  main            d.u.i.k.p.i.AbstractProblemLoader Creating init config 
66841      DEBUG main            d.u.i.k.p.i.AbstractProblemLoader Init config took 2.88s 
66861      INFO  main            d.u.i.k.p.i.AbstractProblemLoader Replaying proof bsum_neg2.key.proof 
66864      DEBUG main            d.u.i.k.p.i.IntermediateProofReplayer Proof replay took 1.01ms 
66865      DEBUG main            d.u.i.k.p.r.p.TestFile    ... success: reloaded. 
66865      INFO  main            d.u.i.k.p.r.p.TestFile    Now processing file /home/runner/work/key/key/key.core/../key.ui/examples/heap/comprehensions/bsumSplit.key 
66866      INFO  main            d.u.i.k.p.i.AbstractProblemLoader Loading environment from /home/runner/work/key/key/key.core/../key.ui/examples/heap/comprehensions/bsumSplit.key 
66866      DEBUG main            d.u.i.k.p.i.AbstractProblemLoader Environment load took 137.3ns 
66867      INFO  main            d.u.i.k.p.i.AbstractProblemLoader Creating init config 
69824      DEBUG main            d.u.i.k.p.i.AbstractProblemLoader Init config took 2.96s 
69845      INFO  main            d.u.i.k.p.i.AbstractProblemLoader Replaying proof bsumSplit.key 
69848      DEBUG main            d.u.i.k.p.i.IntermediateProofReplayer Proof replay took 8.5ns 
69951      INFO  main            d.u.i.k.p.r.p.TestFile    ... finished proof: closed. 
70159      INFO  main            d.u.i.k.p.i.AbstractProblemLoader Loading environment from /home/runner/work/key/key/key.core/../key.ui/examples/heap/comprehensions/bsumSplit.key.proof 
70159      DEBUG main            d.u.i.k.p.i.AbstractProblemLoader Environment load took 133.2ns 
70161      INFO  main            d.u.i.k.p.i.AbstractProblemLoader Creating init config 
73003      DEBUG main            d.u.i.k.p.i.AbstractProblemLoader Init config took 2.84s 
73036      INFO  main            d.u.i.k.p.i.AbstractProblemLoader Replaying proof bsumSplit.key.proof 
73053      DEBUG main            d.u.i.k.p.i.IntermediateProofReplayer Proof replay took 4.86ms 
73054      DEBUG main            d.u.i.k.p.r.p.TestFile    ... success: reloaded. 
73055      INFO  main            d.u.i.k.p.r.p.TestFile    Now processing file /home/runner/work/key/key/key.core/../key.ui/examples/heap/comprehensions/bprodSplit.key 
73056      INFO  main            d.u.i.k.p.i.AbstractProblemLoader Loading environment from /home/runner/work/key/key/key.core/../key.ui/examples/heap/comprehensions/bprodSplit.key 
73056      DEBUG main            d.u.i.k.p.i.AbstractProblemLoader Environment load took 426.4ns 
73058      INFO  main            d.u.i.k.p.i.AbstractProblemLoader Creating init config 
76000      DEBUG main            d.u.i.k.p.i.AbstractProblemLoader Init config took 2.94s 
76019      INFO  main            d.u.i.k.p.i.AbstractProblemLoader Replaying proof bprodSplit.key 
76022      DEBUG main            d.u.i.k.p.i.IntermediateProofReplayer Proof replay took 8.3ns 
76125      INFO  main            d.u.i.k.p.r.p.TestFile    ... finished proof: closed. 
76358      INFO  main            d.u.i.k.p.i.AbstractProblemLoader Loading environment from /home/runner/work/key/key/key.core/../key.ui/examples/heap/comprehensions/bprodSplit.key.proof 
76358      DEBUG main            d.u.i.k.p.i.AbstractProblemLoader Environment load took 123.4ns 
76363      INFO  main            d.u.i.k.p.i.AbstractProblemLoader Creating init config 
79269      DEBUG main            d.u.i.k.p.i.AbstractProblemLoader Init config took 2.91s 
79288      INFO  main            d.u.i.k.p.i.AbstractProblemLoader Replaying proof bprodSplit.key.proof 
79293      DEBUG main            d.u.i.k.p.i.IntermediateProofReplayer Proof replay took 3.02ms 
79294      DEBUG main            d.u.i.k.p.r.p.TestFile    ... success: reloaded. 
79296      INFO  main            d.u.i.k.p.r.p.TestFile    Now processing file /home/runner/work/key/key/key.core/../key.ui/examples/heap/comprehensions/bsumSplitInvalid.key 
79296      INFO  main            d.u.i.k.p.i.AbstractProblemLoader Loading environment from /home/runner/work/key/key/key.core/../key.ui/examples/heap/comprehensions/bsumSplitInvalid.key 
79297      DEBUG main            d.u.i.k.p.i.AbstractProblemLoader Environment load took 424.3ns 
79298      INFO  main            d.u.i.k.p.i.AbstractProblemLoader Creating init config 
82327      DEBUG main            d.u.i.k.p.i.AbstractProblemLoader Init config took 3.03s 
82345      INFO  main            d.u.i.k.p.i.AbstractProblemLoader Replaying proof bsumSplitInvalid.key 
82347      DEBUG main            d.u.i.k.p.i.IntermediateProofReplayer Proof replay took 7.8ns 
82450      INFO  main            d.u.i.k.p.r.p.TestFile    ... finished proof: open goal(s) 
184811     INFO  Test worker     d.u.i.k.p.r.RunAllProofsTestUnit Returning from test comprehensions 
184812     INFO  Test worker     d.u.i.k.p.r.RunAllProofsTestUnit Running test performance 
512        INFO  Timeout watchdog d.u.i.k.p.r.p.ForkedTestFileRunner Timeout watcher launched (2000 secs.) 
546        WARN  main            d.u.i.k.s.ProofSettings   The settings in /home/runner/.key/proof-settings.props are *not* read. 
586        INFO  main            d.u.i.k.p.r.p.TestFile    Now processing file /home/runner/work/key/key/key.core/../key.ui/examples/performance-test/Disjoint(Disjoint__disjoint_08()).JML_operation_contract.0.key 
747        INFO  main            d.u.i.k.p.i.AbstractProblemLoader Loading environment from /home/runner/work/key/key/key.core/../key.ui/examples/performance-test/Disjoint(Disjoint__disjoint_08()).JML_operation_contract.0.key 
766        DEBUG main            d.u.i.k.p.i.AbstractProblemLoader Environment load took 2.13ms 
1058       INFO  main            d.u.i.k.p.i.AbstractProblemLoader Creating init config 
2190       DEBUG main            d.u.i.k.j.TypeConverter   No LDT found for Meta 
2191       DEBUG main            d.u.i.k.j.TypeConverter   No LDT found for Meta 
2195       DEBUG main            d.u.i.k.j.TypeConverter   No LDT found for Meta 
2195       DEBUG main            d.u.i.k.j.TypeConverter   No LDT found for Meta 
3955       DEBUG main            d.u.i.k.j.TypeConverter   No LDT found for JavaBigintExpression 
10477      DEBUG main            d.u.i.k.j.r.ClassPreparationMethodBuilder clPrepBuilder: Inner Class detected. Reject building class initialisation methods. 
20602      DEBUG main            d.u.i.k.p.i.AbstractProblemLoader Init config took 19.54s 
20853      INFO  main            d.u.i.k.p.i.AbstractProblemLoader Replaying proof Disjoint[Disjoint::disjoint_8()].JML operation contract.0 
20923      DEBUG main            d.u.i.k.p.i.IntermediateProofReplayer Proof replay took 449ns 
24196      INFO  main            d.u.i.k.p.r.p.TestFile    ... finished proof: closed. 
24455      INFO  main            d.u.i.k.p.i.AbstractProblemLoader Loading environment from /home/runner/work/key/key/key.core/../key.ui/examples/performance-test/Disjoint(Disjoint__disjoint_08()).JML_operation_contract.0.key.proof 
24458      DEBUG main            d.u.i.k.p.i.AbstractProblemLoader Environment load took 2.78ms 
24461      INFO  main            d.u.i.k.p.i.AbstractProblemLoader Creating init config 
28305      DEBUG main            d.u.i.k.j.r.ClassPreparationMethodBuilder clPrepBuilder: Inner Class detected. Reject building class initialisation methods. 
37200      DEBUG main            d.u.i.k.p.i.AbstractProblemLoader Init config took 12.74s 
37345      INFO  main            d.u.i.k.p.i.AbstractProblemLoader Replaying proof Disjoint[Disjoint::disjoint_8()].JML operation contract.0 
37819      DEBUG main            d.u.i.k.p.i.IntermediateProofReplayer Proof replay took 459.87ms 
37830      DEBUG main            d.u.i.k.p.r.p.TestFile    ... success: reloaded. 
37833      INFO  main            d.u.i.k.p.r.p.TestFile    Now processing file /home/runner/work/key/key/key.core/../key.ui/examples/performance-test/Disjoint(Disjoint__disjoint2_08()).JML_operation_contract.0.key 
37833      INFO  main            d.u.i.k.p.i.AbstractProblemLoader Loading environment from /home/runner/work/key/key/key.core/../key.ui/examples/performance-test/Disjoint(Disjoint__disjoint2_08()).JML_operation_contract.0.key 
37834      DEBUG main            d.u.i.k.p.i.AbstractProblemLoader Environment load took 492.3ns 
37836      INFO  main            d.u.i.k.p.i.AbstractProblemLoader Creating init config 
41721      DEBUG main            d.u.i.k.j.r.ClassPreparationMethodBuilder clPrepBuilder: Inner Class detected. Reject building class initialisation methods. 
50261      DEBUG main            d.u.i.k.p.i.AbstractProblemLoader Init config took 12.43s 
50404      INFO  main            d.u.i.k.p.i.AbstractProblemLoader Replaying proof Disjoint[Disjoint::disjoint2_8()].JML operation contract.0 
50408      DEBUG main            d.u.i.k.p.i.IntermediateProofReplayer Proof replay took 23ns 
51615      INFO  main            d.u.i.k.p.r.p.TestFile    ... finished proof: closed. 
51987      INFO  main            d.u.i.k.p.i.AbstractProblemLoader Loading environment from /home/runner/work/key/key/key.core/../key.ui/examples/performance-test/Disjoint(Disjoint__disjoint2_08()).JML_operation_contract.0.key.proof 
51988      DEBUG main            d.u.i.k.p.i.AbstractProblemLoader Environment load took 1.44ms 
51992      INFO  main            d.u.i.k.p.i.AbstractProblemLoader Creating init config 
55664      DEBUG main            d.u.i.k.j.r.ClassPreparationMethodBuilder clPrepBuilder: Inner Class detected. Reject building class initialisation methods. 
64100      DEBUG main            d.u.i.k.p.i.AbstractProblemLoader Init config took 12.11s 
64222      INFO  main            d.u.i.k.p.i.AbstractProblemLoader Replaying proof Disjoint[Disjoint::disjoint2_8()].JML operation contract.0 
64373      DEBUG main            d.u.i.k.p.i.IntermediateProofReplayer Proof replay took 146.44ms 
64377      DEBUG main            d.u.i.k.p.r.p.TestFile    ... success: reloaded. 
64381      INFO  main            d.u.i.k.p.r.p.TestFile    Now processing file /home/runner/work/key/key/key.core/../key.ui/examples/performance-test/AccessChain1(AccessChain1__foo_08()).JML_operation_contract.0.key 
64381      INFO  main            d.u.i.k.p.i.AbstractProblemLoader Loading environment from /home/runner/work/key/key/key.core/../key.ui/examples/performance-test/AccessChain1(AccessChain1__foo_08()).JML_operation_contract.0.key 
64381      DEBUG main            d.u.i.k.p.i.AbstractProblemLoader Environment load took 95.6ns 
64383      INFO  main            d.u.i.k.p.i.AbstractProblemLoader Creating init config 
67995      DEBUG main            d.u.i.k.j.r.ClassPreparationMethodBuilder clPrepBuilder: Inner Class detected. Reject building class initialisation methods. 
76695      DEBUG main            d.u.i.k.p.i.AbstractProblemLoader Init config took 12.31s 
76825      INFO  main            d.u.i.k.p.i.AbstractProblemLoader Replaying proof AccessChain1[AccessChain1::foo_8()].JML operation contract.0 
76829      DEBUG main            d.u.i.k.p.i.IntermediateProofReplayer Proof replay took 13.1ns 
80152      INFO  main            d.u.i.k.p.r.p.TestFile    ... finished proof: closed. 
80590      INFO  main            d.u.i.k.p.i.AbstractProblemLoader Loading environment from /home/runner/work/key/key/key.core/../key.ui/examples/performance-test/AccessChain1(AccessChain1__foo_08()).JML_operation_contract.0.key.proof 
80590      DEBUG main            d.u.i.k.p.i.AbstractProblemLoader Environment load took 166.7ns 
80594      INFO  main            d.u.i.k.p.i.AbstractProblemLoader Creating init config 
84162      DEBUG main            d.u.i.k.j.r.ClassPreparationMethodBuilder clPrepBuilder: Inner Class detected. Reject building class initialisation methods. 
92432      DEBUG main            d.u.i.k.p.i.AbstractProblemLoader Init config took 11.84s 
92565      INFO  main            d.u.i.k.p.i.AbstractProblemLoader Replaying proof AccessChain1[AccessChain1::foo_8()].JML operation contract.0 
93217      DEBUG main            d.u.i.k.p.i.IntermediateProofReplayer Proof replay took 634.46ms 
93219      DEBUG main            d.u.i.k.p.r.p.TestFile    ... success: reloaded. 
93222      INFO  main            d.u.i.k.p.r.p.TestFile    Now processing file /home/runner/work/key/key/key.core/../key.ui/examples/performance-test/AccessChain4(AccessChain4__foo_08()).JML_operation_contract.0.key 
93222      INFO  main            d.u.i.k.p.i.AbstractProblemLoader Loading environment from /home/runner/work/key/key/key.core/../key.ui/examples/performance-test/AccessChain4(AccessChain4__foo_08()).JML_operation_contract.0.key 
93223      DEBUG main            d.u.i.k.p.i.AbstractProblemLoader Environment load took 334.5ns 
93227      INFO  main            d.u.i.k.p.i.AbstractProblemLoader Creating init config 
96893      DEBUG main            d.u.i.k.j.r.ClassPreparationMethodBuilder clPrepBuilder: Inner Class detected. Reject building class initialisation methods. 
105232     DEBUG main            d.u.i.k.p.i.AbstractProblemLoader Init config took 12.01s 
105364     INFO  main            d.u.i.k.p.i.AbstractProblemLoader Replaying proof AccessChain4[AccessChain4::foo_8()].JML operation contract.0 
105370     DEBUG main            d.u.i.k.p.i.IntermediateProofReplayer Proof replay took 10.6ns 
113574     INFO  main            d.u.i.k.p.r.p.TestFile    ... finished proof: closed. 
114036     INFO  main            d.u.i.k.p.i.AbstractProblemLoader Loading environment from /home/runner/work/key/key/key.core/../key.ui/examples/performance-test/AccessChain4(AccessChain4__foo_08()).JML_operation_contract.0.key.proof 
114046     DEBUG main            d.u.i.k.p.i.AbstractProblemLoader Environment load took 9.43ms 
114049     INFO  main            d.u.i.k.p.i.AbstractProblemLoader Creating init config 
117606     DEBUG main            d.u.i.k.j.r.ClassPreparationMethodBuilder clPrepBuilder: Inner Class detected. Reject building class initialisation methods. 
126066     DEBUG main            d.u.i.k.p.i.AbstractProblemLoader Init config took 12.02s 
126184     INFO  main            d.u.i.k.p.i.AbstractProblemLoader Replaying proof AccessChain4[AccessChain4::foo_8()].JML operation contract.0 
127511     DEBUG main            d.u.i.k.p.i.IntermediateProofReplayer Proof replay took 1.29s 
127514     DEBUG main            d.u.i.k.p.r.p.TestFile    ... success: reloaded. 
127516     INFO  main            d.u.i.k.p.r.p.TestFile    Now processing file /home/runner/work/key/key/key.core/../key.ui/examples/performance-test/Disjoint(Disjoint__xZero_08()).JML_operation_contract.0.key 
127517     INFO  main            d.u.i.k.p.i.AbstractProblemLoader Loading environment from /home/runner/work/key/key/key.core/../key.ui/examples/performance-test/Disjoint(Disjoint__xZero_08()).JML_operation_contract.0.key 
127517     DEBUG main            d.u.i.k.p.i.AbstractProblemLoader Environment load took 314.4ns 
127518     INFO  main            d.u.i.k.p.i.AbstractProblemLoader Creating init config 
131199     DEBUG main            d.u.i.k.j.r.ClassPreparationMethodBuilder clPrepBuilder: Inner Class detected. Reject building class initialisation methods. 
139790     DEBUG main            d.u.i.k.p.i.AbstractProblemLoader Init config took 12.27s 
139906     INFO  main            d.u.i.k.p.i.AbstractProblemLoader Replaying proof Disjoint[Disjoint::xZero_8()].JML operation contract.0 
139908     DEBUG main            d.u.i.k.p.i.IntermediateProofReplayer Proof replay took 12.7ns 
141217     INFO  main            d.u.i.k.p.r.p.TestFile    ... finished proof: closed. 
141693     INFO  main            d.u.i.k.p.i.AbstractProblemLoader Loading environment from /home/runner/work/key/key/key.core/../key.ui/examples/performance-test/Disjoint(Disjoint__xZero_08()).JML_operation_contract.0.key.proof 
141694     DEBUG main            d.u.i.k.p.i.AbstractProblemLoader Environment load took 829.6ns 
141695     INFO  main            d.u.i.k.p.i.AbstractProblemLoader Creating init config 
145190     DEBUG main            d.u.i.k.j.r.ClassPreparationMethodBuilder clPrepBuilder: Inner Class detected. Reject building class initialisation methods. 
153521     DEBUG main            d.u.i.k.p.i.AbstractProblemLoader Init config took 11.83s 
153632     INFO  main            d.u.i.k.p.i.AbstractProblemLoader Replaying proof Disjoint[Disjoint::xZero_8()].JML operation contract.0 
153899     DEBUG main            d.u.i.k.p.i.IntermediateProofReplayer Proof replay took 257.92ms 
153901     DEBUG main            d.u.i.k.p.r.p.TestFile    ... success: reloaded. 
153903     INFO  main            d.u.i.k.p.r.p.TestFile    Now processing file /home/runner/work/key/key/key.core/../key.ui/examples/performance-test/Dynamic(Dynamic__foo_08()).JML_operation_contract.0.key 
153903     INFO  main            d.u.i.k.p.i.AbstractProblemLoader Loading environment from /home/runner/work/key/key/key.core/../key.ui/examples/performance-test/Dynamic(Dynamic__foo_08()).JML_operation_contract.0.key 
153904     DEBUG main            d.u.i.k.p.i.AbstractProblemLoader Environment load took 321.9ns 
153905     INFO  main            d.u.i.k.p.i.AbstractProblemLoader Creating init config 
157413     DEBUG main            d.u.i.k.j.r.ClassPreparationMethodBuilder clPrepBuilder: Inner Class detected. Reject building class initialisation methods. 
165775     DEBUG main            d.u.i.k.p.i.AbstractProblemLoader Init config took 11.87s 
165881     INFO  main            d.u.i.k.p.i.AbstractProblemLoader Replaying proof Dynamic[Dynamic::foo_8()].JML operation contract.0 
165884     DEBUG main            d.u.i.k.p.i.IntermediateProofReplayer Proof replay took 10.9ns 
172971     INFO  main            d.u.i.k.p.r.p.TestFile    ... finished proof: closed. 
173471     INFO  main            d.u.i.k.p.i.AbstractProblemLoader Loading environment from /home/runner/work/key/key/key.core/../key.ui/examples/performance-test/Dynamic(Dynamic__foo_08()).JML_operation_contract.0.key.proof 
173472     DEBUG main            d.u.i.k.p.i.AbstractProblemLoader Environment load took 748.6ns 
173475     INFO  main            d.u.i.k.p.i.AbstractProblemLoader Creating init config 
176996     DEBUG main            d.u.i.k.j.r.ClassPreparationMethodBuilder clPrepBuilder: Inner Class detected. Reject building class initialisation methods. 
185429     DEBUG main            d.u.i.k.p.i.AbstractProblemLoader Init config took 11.95s 
185536     INFO  main            d.u.i.k.p.i.AbstractProblemLoader Replaying proof Dynamic[Dynamic::foo_8()].JML operation contract.0 
186422     DEBUG main            d.u.i.k.p.i.IntermediateProofReplayer Proof replay took 859.05ms 
186425     DEBUG main            d.u.i.k.p.r.p.TestFile    ... success: reloaded. 
186427     INFO  main            d.u.i.k.p.r.p.TestFile    Now processing file /home/runner/work/key/key/key.core/../key.ui/examples/performance-test/DynamicGhost(DynamicGhost__dynamicGhost_08()).JML_normal_behavior_operation_contract.0.key 
186428     INFO  main            d.u.i.k.p.i.AbstractProblemLoader Loading environment from /home/runner/work/key/key/key.core/../key.ui/examples/performance-test/DynamicGhost(DynamicGhost__dynamicGhost_08()).JML_normal_behavior_operation_contract.0.key 
186428     DEBUG main            d.u.i.k.p.i.AbstractProblemLoader Environment load took 345.3ns 
186430     INFO  main            d.u.i.k.p.i.AbstractProblemLoader Creating init config 
190185     DEBUG main            d.u.i.k.j.r.ClassPreparationMethodBuilder clPrepBuilder: Inner Class detected. Reject building class initialisation methods. 
198708     DEBUG main            d.u.i.k.p.i.AbstractProblemLoader Init config took 12.28s 
198828     INFO  main            d.u.i.k.p.i.AbstractProblemLoader Replaying proof DynamicGhost[DynamicGhost::dynamicGhost_8()].JML normal_behavior operation contract.0 
198830     DEBUG main            d.u.i.k.p.i.IntermediateProofReplayer Proof replay took 12.2ns 
204633     INFO  main            d.u.i.k.p.r.p.TestFile    ... finished proof: closed. 
205157     INFO  main            d.u.i.k.p.i.AbstractProblemLoader Loading environment from /home/runner/work/key/key/key.core/../key.ui/examples/performance-test/DynamicGhost(DynamicGhost__dynamicGhost_08()).JML_normal_behavior_operation_contract.0.key.proof 
205158     DEBUG main            d.u.i.k.p.i.AbstractProblemLoader Environment load took 723.2ns 
205161     INFO  main            d.u.i.k.p.i.AbstractProblemLoader Creating init config 
208530     DEBUG main            d.u.i.k.j.r.ClassPreparationMethodBuilder clPrepBuilder: Inner Class detected. Reject building class initialisation methods. 
216894     DEBUG main            d.u.i.k.p.i.AbstractProblemLoader Init config took 11.73s 
217010     INFO  main            d.u.i.k.p.i.AbstractProblemLoader Replaying proof DynamicGhost[DynamicGhost::dynamicGhost_8()].JML normal_behavior operation contract.0 
217847     DEBUG main            d.u.i.k.p.i.IntermediateProofReplayer Proof replay took 812.29ms 
217850     DEBUG main            d.u.i.k.p.r.p.TestFile    ... success: reloaded. 
217852     INFO  main            d.u.i.k.p.r.p.TestFile    Now processing file /home/runner/work/key/key/key.core/../key.ui/examples/performance-test/GhostFrame(GhostFrame__foo_08()).JML_operation_contract.0.key 
217853     INFO  main            d.u.i.k.p.i.AbstractProblemLoader Loading environment from /home/runner/work/key/key/key.core/../key.ui/examples/performance-test/GhostFrame(GhostFrame__foo_08()).JML_operation_contract.0.key 
217853     DEBUG main            d.u.i.k.p.i.AbstractProblemLoader Environment load took 362.5ns 
217864     INFO  main            d.u.i.k.p.i.AbstractProblemLoader Creating init config 
221452     DEBUG main            d.u.i.k.j.r.ClassPreparationMethodBuilder clPrepBuilder: Inner Class detected. Reject building class initialisation methods. 
229577     DEBUG main            d.u.i.k.p.i.AbstractProblemLoader Init config took 11.71s 
229684     INFO  main            d.u.i.k.p.i.AbstractProblemLoader Replaying proof GhostFrame[GhostFrame::foo_8()].JML operation contract.0 
229686     DEBUG main            d.u.i.k.p.i.IntermediateProofReplayer Proof replay took 13.2ns 
232223     INFO  main            d.u.i.k.p.r.p.TestFile    ... finished proof: closed. 
232758     INFO  main            d.u.i.k.p.i.AbstractProblemLoader Loading environment from /home/runner/work/key/key/key.core/../key.ui/examples/performance-test/GhostFrame(GhostFrame__foo_08()).JML_operation_contract.0.key.proof 
232759     DEBUG main            d.u.i.k.p.i.AbstractProblemLoader Environment load took 1.14ms 
232761     INFO  main            d.u.i.k.p.i.AbstractProblemLoader Creating init config 
236330     DEBUG main            d.u.i.k.j.r.ClassPreparationMethodBuilder clPrepBuilder: Inner Class detected. Reject building class initialisation methods. 
244807     DEBUG main            d.u.i.k.p.i.AbstractProblemLoader Init config took 12.05s 
244915     INFO  main            d.u.i.k.p.i.AbstractProblemLoader Replaying proof GhostFrame[GhostFrame::foo_8()].JML operation contract.0 
245426     DEBUG main            d.u.i.k.p.i.IntermediateProofReplayer Proof replay took 501.09ms 
245428     DEBUG main            d.u.i.k.p.r.p.TestFile    ... success: reloaded. 
245430     INFO  main            d.u.i.k.p.r.p.TestFile    Now processing file /home/runner/work/key/key/key.core/../key.ui/examples/performance-test/Modelfield(Modelfield__foo_08()).JML_operation_contract.0.key 
245430     INFO  main            d.u.i.k.p.i.AbstractProblemLoader Loading environment from /home/runner/work/key/key/key.core/../key.ui/examples/performance-test/Modelfield(Modelfield__foo_08()).JML_operation_contract.0.key 
245430     DEBUG main            d.u.i.k.p.i.AbstractProblemLoader Environment load took 142.2ns 
245431     INFO  main            d.u.i.k.p.i.AbstractProblemLoader Creating init config 
249127     DEBUG main            d.u.i.k.j.r.ClassPreparationMethodBuilder clPrepBuilder: Inner Class detected. Reject building class initialisation methods. 
257716     DEBUG main            d.u.i.k.p.i.AbstractProblemLoader Init config took 12.28s 
257823     INFO  main            d.u.i.k.p.i.AbstractProblemLoader Replaying proof Modelfield[Modelfield::foo_8()].JML operation contract.0 
257825     DEBUG main            d.u.i.k.p.i.IntermediateProofReplayer Proof replay took 5.8ns 
261747     INFO  main            d.u.i.k.p.r.p.TestFile    ... finished proof: closed. 
262301     INFO  main            d.u.i.k.p.i.AbstractProblemLoader Loading environment from /home/runner/work/key/key/key.core/../key.ui/examples/performance-test/Modelfield(Modelfield__foo_08()).JML_operation_contract.0.key.proof 
262302     DEBUG main            d.u.i.k.p.i.AbstractProblemLoader Environment load took 268.2ns 
262304     INFO  main            d.u.i.k.p.i.AbstractProblemLoader Creating init config 
265816     DEBUG main            d.u.i.k.j.r.ClassPreparationMethodBuilder clPrepBuilder: Inner Class detected. Reject building class initialisation methods. 
274163     DEBUG main            d.u.i.k.p.i.AbstractProblemLoader Init config took 11.86s 
274269     INFO  main            d.u.i.k.p.i.AbstractProblemLoader Replaying proof Modelfield[Modelfield::foo_8()].JML operation contract.0 
274813     DEBUG main            d.u.i.k.p.i.IntermediateProofReplayer Proof replay took 527.44ms 
274816     DEBUG main            d.u.i.k.p.r.p.TestFile    ... success: reloaded. 
459839     INFO  Test worker     d.u.i.k.p.r.RunAllProofsTestUnit Returning from test performance 
459842     INFO  Test worker     d.u.i.k.p.r.RunAllProofsTestUnit Running test performancePOConstruction 
407        INFO  Timeout watchdog d.u.i.k.p.r.p.ForkedTestFileRunner Timeout watcher launched (2000 secs.) 
424        WARN  main            d.u.i.k.s.ProofSettings   The settings in /home/runner/.key/proof-settings.props are *not* read. 
461        INFO  main            d.u.i.k.p.r.p.TestFile    Now processing file /home/runner/work/key/key/key.core/../key.ui/examples/performance-test/Test(Test__a0(int)).JML_normal_behavior_operation_contract.0.key 
606        INFO  main            d.u.i.k.p.i.AbstractProblemLoader Loading environment from /home/runner/work/key/key/key.core/../key.ui/examples/performance-test/Test(Test__a0(int)).JML_normal_behavior_operation_contract.0.key 
630        DEBUG main            d.u.i.k.p.i.AbstractProblemLoader Environment load took 3.23ms 
932        INFO  main            d.u.i.k.p.i.AbstractProblemLoader Creating init config 
2117       DEBUG main            d.u.i.k.j.TypeConverter   No LDT found for Meta 
2118       DEBUG main            d.u.i.k.j.TypeConverter   No LDT found for Meta 
2122       DEBUG main            d.u.i.k.j.TypeConverter   No LDT found for Meta 
2124       DEBUG main            d.u.i.k.j.TypeConverter   No LDT found for Meta 
3697       DEBUG main            d.u.i.k.j.TypeConverter   No LDT found for JavaBigintExpression 
10544      DEBUG main            d.u.i.k.j.r.ClassPreparationMethodBuilder clPrepBuilder: Inner Class detected. Reject building class initialisation methods. 
20142      DEBUG main            d.u.i.k.p.i.AbstractProblemLoader Init config took 19.21s 
21827      INFO  main            d.u.i.k.p.i.AbstractProblemLoader Replaying proof Test[Test::a0(int)].JML normal_behavior operation contract.0 
21894      DEBUG main            d.u.i.k.p.i.IntermediateProofReplayer Proof replay took 36.6ns 
22442      INFO  main            d.u.i.k.p.r.p.TestFile    ... finished proof: closed. 
22643      INFO  main            d.u.i.k.p.i.AbstractProblemLoader Loading environment from /home/runner/work/key/key/key.core/../key.ui/examples/performance-test/Test(Test__a0(int)).JML_normal_behavior_operation_contract.0.key.proof 
22643      DEBUG main            d.u.i.k.p.i.AbstractProblemLoader Environment load took 197.2ns 
22650      INFO  main            d.u.i.k.p.i.AbstractProblemLoader Creating init config 
26666      DEBUG main            d.u.i.k.j.r.ClassPreparationMethodBuilder clPrepBuilder: Inner Class detected. Reject building class initialisation methods. 
35371      DEBUG main            d.u.i.k.p.i.AbstractProblemLoader Init config took 12.72s 
36687      INFO  main            d.u.i.k.p.i.AbstractProblemLoader Replaying proof Test[Test::a0(int)].JML normal_behavior operation contract.0 
36730      DEBUG main            d.u.i.k.p.i.IntermediateProofReplayer Proof replay took 36.11ms 
36747      DEBUG main            d.u.i.k.p.r.p.TestFile    ... success: reloaded. 
36751      INFO  main            d.u.i.k.p.r.p.TestFile    Now processing file /home/runner/work/key/key/key.core/../key.ui/examples/performance-test/Test(Test__a1(int)).JML_normal_behavior_operation_contract.0.key 
36752      INFO  main            d.u.i.k.p.i.AbstractProblemLoader Loading environment from /home/runner/work/key/key/key.core/../key.ui/examples/performance-test/Test(Test__a1(int)).JML_normal_behavior_operation_contract.0.key 
36753      DEBUG main            d.u.i.k.p.i.AbstractProblemLoader Environment load took 409.6ns 
36754      INFO  main            d.u.i.k.p.i.AbstractProblemLoader Creating init config 
40567      DEBUG main            d.u.i.k.j.r.ClassPreparationMethodBuilder clPrepBuilder: Inner Class detected. Reject building class initialisation methods. 
48974      DEBUG main            d.u.i.k.p.i.AbstractProblemLoader Init config took 12.22s 
50212      INFO  main            d.u.i.k.p.i.AbstractProblemLoader Replaying proof Test[Test::a1(int)].JML normal_behavior operation contract.0 
50216      DEBUG main            d.u.i.k.p.i.IntermediateProofReplayer Proof replay took 8.6ns 
50721      INFO  main            d.u.i.k.p.r.p.TestFile    ... finished proof: closed. 
51047      INFO  main            d.u.i.k.p.i.AbstractProblemLoader Loading environment from /home/runner/work/key/key/key.core/../key.ui/examples/performance-test/Test(Test__a1(int)).JML_normal_behavior_operation_contract.0.key.proof 
51048      DEBUG main            d.u.i.k.p.i.AbstractProblemLoader Environment load took 899.1ns 
51050      INFO  main            d.u.i.k.p.i.AbstractProblemLoader Creating init config 
54672      DEBUG main            d.u.i.k.j.r.ClassPreparationMethodBuilder clPrepBuilder: Inner Class detected. Reject building class initialisation methods. 
62824      DEBUG main            d.u.i.k.p.i.AbstractProblemLoader Init config took 11.77s 
64124      INFO  main            d.u.i.k.p.i.AbstractProblemLoader Replaying proof Test[Test::a1(int)].JML normal_behavior operation contract.0 
64261      DEBUG main            d.u.i.k.p.i.IntermediateProofReplayer Proof replay took 124.31ms 
64267      DEBUG main            d.u.i.k.p.r.p.TestFile    ... success: reloaded. 
64271      INFO  main            d.u.i.k.p.r.p.TestFile    Now processing file /home/runner/work/key/key/key.core/../key.ui/examples/performance-test/Test(Test__f1(int)).JML_normal_behavior_operation_contract.0.key 
64272      INFO  main            d.u.i.k.p.i.AbstractProblemLoader Loading environment from /home/runner/work/key/key/key.core/../key.ui/examples/performance-test/Test(Test__f1(int)).JML_normal_behavior_operation_contract.0.key 
64272      DEBUG main            d.u.i.k.p.i.AbstractProblemLoader Environment load took 508.5ns 
64276      INFO  main            d.u.i.k.p.i.AbstractProblemLoader Creating init config 
67941      DEBUG main            d.u.i.k.j.r.ClassPreparationMethodBuilder clPrepBuilder: Inner Class detected. Reject building class initialisation methods. 
76055      DEBUG main            d.u.i.k.p.i.AbstractProblemLoader Init config took 11.78s 
77344      INFO  main            d.u.i.k.p.i.AbstractProblemLoader Replaying proof Test[Test::f1(int)].JML normal_behavior operation contract.0 
77349      DEBUG main            d.u.i.k.p.i.IntermediateProofReplayer Proof replay took 6.6ns 
77654      INFO  main            d.u.i.k.p.r.p.TestFile    ... finished proof: closed. 
77985      INFO  main            d.u.i.k.p.i.AbstractProblemLoader Loading environment from /home/runner/work/key/key/key.core/../key.ui/examples/performance-test/Test(Test__f1(int)).JML_normal_behavior_operation_contract.0.key.proof 
77985      DEBUG main            d.u.i.k.p.i.AbstractProblemLoader Environment load took 563.5ns 
77987      INFO  main            d.u.i.k.p.i.AbstractProblemLoader Creating init config 
81605      DEBUG main            d.u.i.k.j.r.ClassPreparationMethodBuilder clPrepBuilder: Inner Class detected. Reject building class initialisation methods. 
90046      DEBUG main            d.u.i.k.p.i.AbstractProblemLoader Init config took 12.06s 
91262      INFO  main            d.u.i.k.p.i.AbstractProblemLoader Replaying proof Test[Test::f1(int)].JML normal_behavior operation contract.0 
91328      DEBUG main            d.u.i.k.p.i.IntermediateProofReplayer Proof replay took 62.2ms 
91330      DEBUG main            d.u.i.k.p.r.p.TestFile    ... success: reloaded. 
551390     INFO  Test worker     d.u.i.k.p.r.RunAllProofsTestUnit Returning from test performancePOConstruction 
551393     INFO  Test worker     d.u.i.k.p.r.RunAllProofsTestUnit Running test applicationRestrictions 
427        INFO  Timeout watchdog d.u.i.k.p.r.p.ForkedTestFileRunner Timeout watcher launched (2000 secs.) 
450        WARN  main            d.u.i.k.s.ProofSettings   The settings in /home/runner/.key/proof-settings.props are *not* read. 
489        INFO  main            d.u.i.k.p.r.p.TestFile    Now processing file /home/runner/work/key/key/key.core/../key.ui/examples/heap/polarity_tests/wellformed1.key 
650        INFO  main            d.u.i.k.p.i.AbstractProblemLoader Loading environment from /home/runner/work/key/key/key.core/../key.ui/examples/heap/polarity_tests/wellformed1.key 
686        DEBUG main            d.u.i.k.p.i.AbstractProblemLoader Environment load took 2.59ms 
996        INFO  main            d.u.i.k.p.i.AbstractProblemLoader Creating init config 
2077       DEBUG main            d.u.i.k.j.TypeConverter   No LDT found for Meta 
2078       DEBUG main            d.u.i.k.j.TypeConverter   No LDT found for Meta 
2079       DEBUG main            d.u.i.k.j.TypeConverter   No LDT found for Meta 
2080       DEBUG main            d.u.i.k.j.TypeConverter   No LDT found for Meta 
3870       DEBUG main            d.u.i.k.j.TypeConverter   No LDT found for JavaBigintExpression 
9761       DEBUG main            d.u.i.k.p.i.AbstractProblemLoader Init config took 8.77s 
9860       INFO  main            d.u.i.k.p.i.AbstractProblemLoader Replaying proof wellformed1.key 
9908       DEBUG main            d.u.i.k.p.i.IntermediateProofReplayer Proof replay took 35.1ns 
10094      INFO  main            d.u.i.k.p.r.p.TestFile    ... finished proof: closed. 
10233      INFO  main            d.u.i.k.p.i.AbstractProblemLoader Loading environment from /home/runner/work/key/key/key.core/../key.ui/examples/heap/polarity_tests/wellformed1.key.proof 
10233      DEBUG main            d.u.i.k.p.i.AbstractProblemLoader Environment load took 248.9ns 
10239      INFO  main            d.u.i.k.p.i.AbstractProblemLoader Creating init config 
13650      DEBUG main            d.u.i.k.p.i.AbstractProblemLoader Init config took 3.41s 
13697      INFO  main            d.u.i.k.p.i.AbstractProblemLoader Replaying proof wellformed1.key.proof 
13706      DEBUG main            d.u.i.k.p.i.IntermediateProofReplayer Proof replay took 2.82ms 
13721      DEBUG main            d.u.i.k.p.r.p.TestFile    ... success: reloaded. 
13723      INFO  main            d.u.i.k.p.r.p.TestFile    Now processing file /home/runner/work/key/key/key.core/../key.ui/examples/heap/polarity_tests/wellformed2.key 
13723      INFO  main            d.u.i.k.p.i.AbstractProblemLoader Loading environment from /home/runner/work/key/key/key.core/../key.ui/examples/heap/polarity_tests/wellformed2.key 
13724      DEBUG main            d.u.i.k.p.i.AbstractProblemLoader Environment load took 311.8ns 
13726      INFO  main            d.u.i.k.p.i.AbstractProblemLoader Creating init config 
16842      DEBUG main            d.u.i.k.p.i.AbstractProblemLoader Init config took 3.12s 
16885      INFO  main            d.u.i.k.p.i.AbstractProblemLoader Replaying proof wellformed2.key 
16890      DEBUG main            d.u.i.k.p.i.IntermediateProofReplayer Proof replay took 7.4ns 
16995      INFO  main            d.u.i.k.p.r.p.TestFile    ... finished proof: open goal(s) 
17148      INFO  main            d.u.i.k.p.r.p.TestFile    Now processing file /home/runner/work/key/key/key.core/../key.ui/examples/heap/polarity_tests/wellformed3.key 
17148      INFO  main            d.u.i.k.p.i.AbstractProblemLoader Loading environment from /home/runner/work/key/key/key.core/../key.ui/examples/heap/polarity_tests/wellformed3.key 
17148      DEBUG main            d.u.i.k.p.i.AbstractProblemLoader Environment load took 120.8ns 
17150      INFO  main            d.u.i.k.p.i.AbstractProblemLoader Creating init config 
20244      DEBUG main            d.u.i.k.p.i.AbstractProblemLoader Init config took 3.09s 
20270      INFO  main            d.u.i.k.p.i.AbstractProblemLoader Replaying proof wellformed3.key 
20272      DEBUG main            d.u.i.k.p.i.IntermediateProofReplayer Proof replay took 6.1ns 
20377      INFO  main            d.u.i.k.p.r.p.TestFile    ... finished proof: closed. 
20557      INFO  main            d.u.i.k.p.i.AbstractProblemLoader Loading environment from /home/runner/work/key/key/key.core/../key.ui/examples/heap/polarity_tests/wellformed3.key.proof 
20558      DEBUG main            d.u.i.k.p.i.AbstractProblemLoader Environment load took 784.8ns 
20560      INFO  main            d.u.i.k.p.i.AbstractProblemLoader Creating init config 
23602      DEBUG main            d.u.i.k.p.i.AbstractProblemLoader Init config took 3.04s 
23628      INFO  main            d.u.i.k.p.i.AbstractProblemLoader Replaying proof wellformed3.key.proof 
23633      DEBUG main            d.u.i.k.p.i.IntermediateProofReplayer Proof replay took 3.05ms 
23635      DEBUG main            d.u.i.k.p.r.p.TestFile    ... success: reloaded. 
23636      INFO  main            d.u.i.k.p.r.p.TestFile    Now processing file /home/runner/work/key/key/key.core/../key.ui/examples/heap/polarity_tests/wellformed4.key 
23637      INFO  main            d.u.i.k.p.i.AbstractProblemLoader Loading environment from /home/runner/work/key/key/key.core/../key.ui/examples/heap/polarity_tests/wellformed4.key 
23637      DEBUG main            d.u.i.k.p.i.AbstractProblemLoader Environment load took 171.7ns 
23638      INFO  main            d.u.i.k.p.i.AbstractProblemLoader Creating init config 
26694      DEBUG main            d.u.i.k.p.i.AbstractProblemLoader Init config took 3.06s 
26717      INFO  main            d.u.i.k.p.i.AbstractProblemLoader Replaying proof wellformed4.key 
26722      DEBUG main            d.u.i.k.p.i.IntermediateProofReplayer Proof replay took 6.4ns 
26829      INFO  main            d.u.i.k.p.r.p.TestFile    ... finished proof: open goal(s) 
26983      INFO  main            d.u.i.k.p.r.p.TestFile    Now processing file /home/runner/work/key/key/key.core/../key.ui/examples/heap/polarity_tests/wellformed5.key 
26984      INFO  main            d.u.i.k.p.i.AbstractProblemLoader Loading environment from /home/runner/work/key/key/key.core/../key.ui/examples/heap/polarity_tests/wellformed5.key 
26984      DEBUG main            d.u.i.k.p.i.AbstractProblemLoader Environment load took 71.9ns 
26985      INFO  main            d.u.i.k.p.i.AbstractProblemLoader Creating init config 
29957      DEBUG main            d.u.i.k.p.i.AbstractProblemLoader Init config took 2.97s 
29982      INFO  main            d.u.i.k.p.i.AbstractProblemLoader Replaying proof wellformed5.key 
29987      DEBUG main            d.u.i.k.p.i.IntermediateProofReplayer Proof replay took 8.3ns 
30090      INFO  main            d.u.i.k.p.r.p.TestFile    ... finished proof: closed. 
30238      INFO  main            d.u.i.k.p.i.AbstractProblemLoader Loading environment from /home/runner/work/key/key/key.core/../key.ui/examples/heap/polarity_tests/wellformed5.key.proof 
30238      DEBUG main            d.u.i.k.p.i.AbstractProblemLoader Environment load took 160.4ns 
30241      INFO  main            d.u.i.k.p.i.AbstractProblemLoader Creating init config 
33148      DEBUG main            d.u.i.k.p.i.AbstractProblemLoader Init config took 2.91s 
33168      INFO  main            d.u.i.k.p.i.AbstractProblemLoader Replaying proof wellformed5.key.proof 
33179      DEBUG main            d.u.i.k.p.i.IntermediateProofReplayer Proof replay took 5.49ms 
33180      DEBUG main            d.u.i.k.p.r.p.TestFile    ... success: reloaded. 
33181      INFO  main            d.u.i.k.p.r.p.TestFile    Now processing file /home/runner/work/key/key/key.core/../key.ui/examples/heap/polarity_tests/wellformed6.key 
33182      INFO  main            d.u.i.k.p.i.AbstractProblemLoader Loading environment from /home/runner/work/key/key/key.core/../key.ui/examples/heap/polarity_tests/wellformed6.key 
33182      DEBUG main            d.u.i.k.p.i.AbstractProblemLoader Environment load took 344.9ns 
33183      INFO  main            d.u.i.k.p.i.AbstractProblemLoader Creating init config 
36087      DEBUG main            d.u.i.k.p.i.AbstractProblemLoader Init config took 2.9s 
36106      INFO  main            d.u.i.k.p.i.AbstractProblemLoader Replaying proof wellformed6.key 
36108      DEBUG main            d.u.i.k.p.i.IntermediateProofReplayer Proof replay took 6.7ns 
36211      INFO  main            d.u.i.k.p.r.p.TestFile    ... finished proof: open goal(s) 
36382      INFO  main            d.u.i.k.p.r.p.TestFile    Now processing file /home/runner/work/key/key/key.core/../key.ui/examples/heap/polarity_tests/wellformed7.key 
36382      INFO  main            d.u.i.k.p.i.AbstractProblemLoader Loading environment from /home/runner/work/key/key/key.core/../key.ui/examples/heap/polarity_tests/wellformed7.key 
36383      DEBUG main            d.u.i.k.p.i.AbstractProblemLoader Environment load took 92.7ns 
36384      INFO  main            d.u.i.k.p.i.AbstractProblemLoader Creating init config 
39196      DEBUG main            d.u.i.k.p.i.AbstractProblemLoader Init config took 2.81s 
39217      INFO  main            d.u.i.k.p.i.AbstractProblemLoader Replaying proof wellformed7.key 
39219      DEBUG main            d.u.i.k.p.i.IntermediateProofReplayer Proof replay took 6.2ns 
39323      INFO  main            d.u.i.k.p.r.p.TestFile    ... finished proof: closed. 
39478      INFO  main            d.u.i.k.p.i.AbstractProblemLoader Loading environment from /home/runner/work/key/key/key.core/../key.ui/examples/heap/polarity_tests/wellformed7.key.proof 
39478      DEBUG main            d.u.i.k.p.i.AbstractProblemLoader Environment load took 127.1ns 
39481      INFO  main            d.u.i.k.p.i.AbstractProblemLoader Creating init config 
42341      DEBUG main            d.u.i.k.p.i.AbstractProblemLoader Init config took 2.86s 
42361      INFO  main            d.u.i.k.p.i.AbstractProblemLoader Replaying proof wellformed7.key.proof 
42366      DEBUG main            d.u.i.k.p.i.IntermediateProofReplayer Proof replay took 3.27ms 
42368      DEBUG main            d.u.i.k.p.r.p.TestFile    ... success: reloaded. 
42369      INFO  main            d.u.i.k.p.r.p.TestFile    Now processing file /home/runner/work/key/key/key.core/../key.ui/examples/heap/polarity_tests/wellformed8.key 
42369      INFO  main            d.u.i.k.p.i.AbstractProblemLoader Loading environment from /home/runner/work/key/key/key.core/../key.ui/examples/heap/polarity_tests/wellformed8.key 
42370      DEBUG main            d.u.i.k.p.i.AbstractProblemLoader Environment load took 259.2ns 
42371      INFO  main            d.u.i.k.p.i.AbstractProblemLoader Creating init config 
45307      DEBUG main            d.u.i.k.p.i.AbstractProblemLoader Init config took 2.94s 
45344      INFO  main            d.u.i.k.p.i.AbstractProblemLoader Replaying proof wellformed8.key 
45346      DEBUG main            d.u.i.k.p.i.IntermediateProofReplayer Proof replay took 25.4ns 
45449      INFO  main            d.u.i.k.p.r.p.TestFile    ... finished proof: open goal(s) 
45628      INFO  main            d.u.i.k.p.r.p.TestFile    Now processing file /home/runner/work/key/key/key.core/../key.ui/examples/heap/polarity_tests/wellformed9.key 
45628      INFO  main            d.u.i.k.p.i.AbstractProblemLoader Loading environment from /home/runner/work/key/key/key.core/../key.ui/examples/heap/polarity_tests/wellformed9.key 
45628      DEBUG main            d.u.i.k.p.i.AbstractProblemLoader Environment load took 96.2ns 
45630      INFO  main            d.u.i.k.p.i.AbstractProblemLoader Creating init config 
48540      DEBUG main            d.u.i.k.p.i.AbstractProblemLoader Init config took 2.91s 
48561      INFO  main            d.u.i.k.p.i.AbstractProblemLoader Replaying proof wellformed9.key 
48564      DEBUG main            d.u.i.k.p.i.IntermediateProofReplayer Proof replay took 7.5ns 
48667      INFO  main            d.u.i.k.p.r.p.TestFile    ... finished proof: closed. 
48868      INFO  main            d.u.i.k.p.i.AbstractProblemLoader Loading environment from /home/runner/work/key/key/key.core/../key.ui/examples/heap/polarity_tests/wellformed9.key.proof 
48868      DEBUG main            d.u.i.k.p.i.AbstractProblemLoader Environment load took 129.3ns 
48869      INFO  main            d.u.i.k.p.i.AbstractProblemLoader Creating init config 
51729      DEBUG main            d.u.i.k.p.i.AbstractProblemLoader Init config took 2.86s 
51746      INFO  main            d.u.i.k.p.i.AbstractProblemLoader Replaying proof wellformed9.key.proof 
51750      DEBUG main            d.u.i.k.p.i.IntermediateProofReplayer Proof replay took 1.48ms 
51751      DEBUG main            d.u.i.k.p.r.p.TestFile    ... success: reloaded. 
51752      INFO  main            d.u.i.k.p.r.p.TestFile    Now processing file /home/runner/work/key/key/key.core/../key.ui/examples/heap/polarity_tests/wellformed10.key 
51752      INFO  main            d.u.i.k.p.i.AbstractProblemLoader Loading environment from /home/runner/work/key/key/key.core/../key.ui/examples/heap/polarity_tests/wellformed10.key 
51753      DEBUG main            d.u.i.k.p.i.AbstractProblemLoader Environment load took 269.8ns 
51754      INFO  main            d.u.i.k.p.i.AbstractProblemLoader Creating init config 
54671      DEBUG main            d.u.i.k.p.i.AbstractProblemLoader Init config took 2.92s 
54689      INFO  main            d.u.i.k.p.i.AbstractProblemLoader Replaying proof wellformed10.key 
54691      DEBUG main            d.u.i.k.p.i.IntermediateProofReplayer Proof replay took 6.6ns 
54798      INFO  main            d.u.i.k.p.r.p.TestFile    ... finished proof: open goal(s) 
54988      INFO  main            d.u.i.k.p.r.p.TestFile    Now processing file /home/runner/work/key/key/key.core/../key.ui/examples/heap/polarity_tests/wellformed11.key 
54988      INFO  main            d.u.i.k.p.i.AbstractProblemLoader Loading environment from /home/runner/work/key/key/key.core/../key.ui/examples/heap/polarity_tests/wellformed11.key 
54988      DEBUG main            d.u.i.k.p.i.AbstractProblemLoader Environment load took 82.1ns 
54989      INFO  main            d.u.i.k.p.i.AbstractProblemLoader Creating init config 
57868      DEBUG main            d.u.i.k.p.i.AbstractProblemLoader Init config took 2.88s 
57888      INFO  main            d.u.i.k.p.i.AbstractProblemLoader Replaying proof wellformed11.key 
57890      DEBUG main            d.u.i.k.p.i.IntermediateProofReplayer Proof replay took 7.4ns 
57997      INFO  main            d.u.i.k.p.r.p.TestFile    ... finished proof: open goal(s) 
609777     INFO  Test worker     d.u.i.k.p.r.RunAllProofsTestUnit Returning from test applicationRestrictions 
609781     INFO  Test worker     d.u.i.k.p.r.RunAllProofsTestUnit Running test blockContracts 
434        INFO  Timeout watchdog d.u.i.k.p.r.p.ForkedTestFileRunner Timeout watcher launched (2000 secs.) 
465        WARN  main            d.u.i.k.s.ProofSettings   The settings in /home/runner/.key/proof-settings.props are *not* read. 
500        INFO  main            d.u.i.k.p.r.p.TestFile    Now processing file /home/runner/work/key/key/key.core/../key.ui/examples/heap/block_contracts/Simple__add.key 
643        INFO  main            d.u.i.k.p.i.AbstractProblemLoader Loading environment from /home/runner/work/key/key/key.core/../key.ui/examples/heap/block_contracts/Simple__add.key 
663        DEBUG main            d.u.i.k.p.i.AbstractProblemLoader Environment load took 2.9ms 
960        INFO  main            d.u.i.k.p.i.AbstractProblemLoader Creating init config 
2332       DEBUG main            d.u.i.k.j.TypeConverter   No LDT found for Meta 
2333       DEBUG main            d.u.i.k.j.TypeConverter   No LDT found for Meta 
2337       DEBUG main            d.u.i.k.j.TypeConverter   No LDT found for Meta 
2338       DEBUG main            d.u.i.k.j.TypeConverter   No LDT found for Meta 
4392       DEBUG main            d.u.i.k.j.TypeConverter   No LDT found for JavaBigintExpression 
11598      DEBUG main            d.u.i.k.p.i.AbstractProblemLoader Init config took 10.64s 
11822      INFO  main            d.u.i.k.p.i.AbstractProblemLoader Replaying proof Simple[Simple::add(int,int)].JML operation contract.0 
11947      DEBUG main            d.u.i.k.p.i.IntermediateProofReplayer Proof replay took 8.48ms 
12783      INFO  main            d.u.i.k.p.r.p.TestFile    ... finished proof: closed. 
12918      INFO  main            d.u.i.k.p.i.AbstractProblemLoader Loading environment from /home/runner/work/key/key/key.core/../key.ui/examples/heap/block_contracts/Simple__add.key.proof 
12921      DEBUG main            d.u.i.k.p.i.AbstractProblemLoader Environment load took 2.4ms 
12925      INFO  main            d.u.i.k.p.i.AbstractProblemLoader Creating init config 
16962      DEBUG main            d.u.i.k.p.i.AbstractProblemLoader Init config took 4.04s 
17058      INFO  main            d.u.i.k.p.i.AbstractProblemLoader Replaying proof Simple[Simple::add(int,int)].JML operation contract.0 
17156      DEBUG main            d.u.i.k.p.i.IntermediateProofReplayer Proof replay took 92.34ms 
17166      DEBUG main            d.u.i.k.p.r.p.TestFile    ... success: reloaded. 
17168      INFO  main            d.u.i.k.p.r.p.TestFile    Now processing file /home/runner/work/key/key/key.core/../key.ui/examples/heap/block_contracts/Simple__addAbsoluteValues.key 
17168      INFO  main            d.u.i.k.p.i.AbstractProblemLoader Loading environment from /home/runner/work/key/key/key.core/../key.ui/examples/heap/block_contracts/Simple__addAbsoluteValues.key 
17169      DEBUG main            d.u.i.k.p.i.AbstractProblemLoader Environment load took 372.6ns 
17170      INFO  main            d.u.i.k.p.i.AbstractProblemLoader Creating init config 
20913      DEBUG main            d.u.i.k.p.i.AbstractProblemLoader Init config took 3.74s 
20983      INFO  main            d.u.i.k.p.i.AbstractProblemLoader Replaying proof Simple[Simple::addAbsoluteValues(int,int)].JML normal_behavior operation contract.0 
20987      DEBUG main            d.u.i.k.p.i.IntermediateProofReplayer Proof replay took 15.7ns 
22403      INFO  main            d.u.i.k.p.r.p.TestFile    ... finished proof: closed. 
22642      INFO  main            d.u.i.k.p.i.AbstractProblemLoader Loading environment from /home/runner/work/key/key/key.core/../key.ui/examples/heap/block_contracts/Simple__addAbsoluteValues.key.proof 
22644      DEBUG main            d.u.i.k.p.i.AbstractProblemLoader Environment load took 1.5ms 
22648      INFO  main            d.u.i.k.p.i.AbstractProblemLoader Creating init config 
26277      DEBUG main            d.u.i.k.p.i.AbstractProblemLoader Init config took 3.63s 
26344      INFO  main            d.u.i.k.p.i.AbstractProblemLoader Replaying proof Simple[Simple::addAbsoluteValues(int,int)].JML normal_behavior operation contract.0 
26631      DEBUG main            d.u.i.k.p.i.IntermediateProofReplayer Proof replay took 277.09ms 
26635      DEBUG main            d.u.i.k.p.r.p.TestFile    ... success: reloaded. 
26638      INFO  main            d.u.i.k.p.r.p.TestFile    Now processing file /home/runner/work/key/key/key.core/../key.ui/examples/heap/block_contracts/Simple__addWithJump.key 
26638      INFO  main            d.u.i.k.p.i.AbstractProblemLoader Loading environment from /home/runner/work/key/key/key.core/../key.ui/examples/heap/block_contracts/Simple__addWithJump.key 
26639      DEBUG main            d.u.i.k.p.i.AbstractProblemLoader Environment load took 372.2ns 
26641      INFO  main            d.u.i.k.p.i.AbstractProblemLoader Creating init config 
30328      DEBUG main            d.u.i.k.p.i.AbstractProblemLoader Init config took 3.69s 
30391      INFO  main            d.u.i.k.p.i.AbstractProblemLoader Replaying proof Simple[Simple::addWithJump(int,int,int)].JML operation contract.0 
30394      DEBUG main            d.u.i.k.p.i.IntermediateProofReplayer Proof replay took 25.3ns 
30597      INFO  main            d.u.i.k.p.r.p.TestFile    ... finished proof: closed. 
30822      INFO  main            d.u.i.k.p.i.AbstractProblemLoader Loading environment from /home/runner/work/key/key/key.core/../key.ui/examples/heap/block_contracts/Simple__addWithJump.key.proof 
30822      DEBUG main            d.u.i.k.p.i.AbstractProblemLoader Environment load took 146.1ns 
30823      INFO  main            d.u.i.k.p.i.AbstractProblemLoader Creating init config 
34422      DEBUG main            d.u.i.k.p.i.AbstractProblemLoader Init config took 3.6s 
34480      INFO  main            d.u.i.k.p.i.AbstractProblemLoader Replaying proof Simple[Simple::addWithJump(int,int,int)].JML operation contract.0 
34541      DEBUG main            d.u.i.k.p.i.IntermediateProofReplayer Proof replay took 57.45ms 
34542      DEBUG main            d.u.i.k.p.r.p.TestFile    ... success: reloaded. 
34544      INFO  main            d.u.i.k.p.r.p.TestFile    Now processing file /home/runner/work/key/key/key.core/../key.ui/examples/heap/block_contracts/Simple__addWithTwoBlockContracts.key 
34545      INFO  main            d.u.i.k.p.i.AbstractProblemLoader Loading environment from /home/runner/work/key/key/key.core/../key.ui/examples/heap/block_contracts/Simple__addWithTwoBlockContracts.key 
34545      DEBUG main            d.u.i.k.p.i.AbstractProblemLoader Environment load took 424.7ns 
34547      INFO  main            d.u.i.k.p.i.AbstractProblemLoader Creating init config 
38188      DEBUG main            d.u.i.k.p.i.AbstractProblemLoader Init config took 3.64s 
38248      INFO  main            d.u.i.k.p.i.AbstractProblemLoader Replaying proof Simple[Simple::addWithTwoBlockContracts(int,int,int)].JML operation contract.0 
38251      DEBUG main            d.u.i.k.p.i.IntermediateProofReplayer Proof replay took 14.5ns 
38555      INFO  main            d.u.i.k.p.r.p.TestFile    ... finished proof: closed. 
38784      INFO  main            d.u.i.k.p.i.AbstractProblemLoader Loading environment from /home/runner/work/key/key/key.core/../key.ui/examples/heap/block_contracts/Simple__addWithTwoBlockContracts.key.proof 
38785      DEBUG main            d.u.i.k.p.i.AbstractProblemLoader Environment load took 621.1ns 
38786      INFO  main            d.u.i.k.p.i.AbstractProblemLoader Creating init config 
42227      DEBUG main            d.u.i.k.p.i.AbstractProblemLoader Init config took 3.44s 
42326      INFO  main            d.u.i.k.p.i.AbstractProblemLoader Replaying proof Simple[Simple::addWithTwoBlockContracts(int,int,int)].JML operation contract.0 
42413      DEBUG main            d.u.i.k.p.i.IntermediateProofReplayer Proof replay took 80.77ms 
42415      DEBUG main            d.u.i.k.p.r.p.TestFile    ... success: reloaded. 
42416      INFO  main            d.u.i.k.p.r.p.TestFile    Now processing file /home/runner/work/key/key/key.core/../key.ui/examples/heap/block_contracts/Simple__generateByteArray.key 
42417      INFO  main            d.u.i.k.p.i.AbstractProblemLoader Loading environment from /home/runner/work/key/key/key.core/../key.ui/examples/heap/block_contracts/Simple__generateByteArray.key 
42418      DEBUG main            d.u.i.k.p.i.AbstractProblemLoader Environment load took 486.5ns 
42419      INFO  main            d.u.i.k.p.i.AbstractProblemLoader Creating init config 
45895      DEBUG main            d.u.i.k.p.i.AbstractProblemLoader Init config took 3.48s 
45949      INFO  main            d.u.i.k.p.i.AbstractProblemLoader Replaying proof Simple[Simple::generateByteArray()].JML normal_behavior operation contract.0 
45952      DEBUG main            d.u.i.k.p.i.IntermediateProofReplayer Proof replay took 12.5ns 
48609      INFO  main            d.u.i.k.p.r.p.TestFile    ... finished proof: closed. 
48873      INFO  main            d.u.i.k.p.i.AbstractProblemLoader Loading environment from /home/runner/work/key/key/key.core/../key.ui/examples/heap/block_contracts/Simple__generateByteArray.key.proof 
48874      DEBUG main            d.u.i.k.p.i.AbstractProblemLoader Environment load took 696.5ns 
48876      INFO  main            d.u.i.k.p.i.AbstractProblemLoader Creating init config 
52257      DEBUG main            d.u.i.k.p.i.AbstractProblemLoader Init config took 3.38s 
52323      INFO  main            d.u.i.k.p.i.AbstractProblemLoader Replaying proof Simple[Simple::generateByteArray()].JML normal_behavior operation contract.0 
52724      DEBUG main            d.u.i.k.p.i.IntermediateProofReplayer Proof replay took 384.25ms 
52726      DEBUG main            d.u.i.k.p.r.p.TestFile    ... success: reloaded. 
52728      INFO  main            d.u.i.k.p.r.p.TestFile    Now processing file /home/runner/work/key/key/key.core/../key.ui/examples/heap/block_contracts/Simple__getLength.key 
52729      INFO  main            d.u.i.k.p.i.AbstractProblemLoader Loading environment from /home/runner/work/key/key/key.core/../key.ui/examples/heap/block_contracts/Simple__getLength.key 
52729      DEBUG main            d.u.i.k.p.i.AbstractProblemLoader Environment load took 296.8ns 
52730      INFO  main            d.u.i.k.p.i.AbstractProblemLoader Creating init config 
56279      DEBUG main            d.u.i.k.p.i.AbstractProblemLoader Init config took 3.55s 
56360      INFO  main            d.u.i.k.p.i.AbstractProblemLoader Replaying proof Simple[Simple::getLength()].JML normal_behavior operation contract.0 
56363      DEBUG main            d.u.i.k.p.i.IntermediateProofReplayer Proof replay took 15.9ns 
56466      INFO  main            d.u.i.k.p.r.p.TestFile    ... finished proof: closed. 
56714      INFO  main            d.u.i.k.p.i.AbstractProblemLoader Loading environment from /home/runner/work/key/key/key.core/../key.ui/examples/heap/block_contracts/Simple__getLength.key.proof 
56714      DEBUG main            d.u.i.k.p.i.AbstractProblemLoader Environment load took 133.8ns 
56715      INFO  main            d.u.i.k.p.i.AbstractProblemLoader Creating init config 
60162      DEBUG main            d.u.i.k.p.i.AbstractProblemLoader Init config took 3.45s 
60215      INFO  main            d.u.i.k.p.i.AbstractProblemLoader Replaying proof Simple[Simple::getLength()].JML normal_behavior operation contract.0 
60228      DEBUG main            d.u.i.k.p.i.IntermediateProofReplayer Proof replay took 10.48ms 
60229      DEBUG main            d.u.i.k.p.r.p.TestFile    ... success: reloaded. 
60231      INFO  main            d.u.i.k.p.r.p.TestFile    Now processing file /home/runner/work/key/key/key.core/../key.ui/examples/heap/block_contracts/Simple__square.key 
60232      INFO  main            d.u.i.k.p.i.AbstractProblemLoader Loading environment from /home/runner/work/key/key/key.core/../key.ui/examples/heap/block_contracts/Simple__square.key 
60232      DEBUG main            d.u.i.k.p.i.AbstractProblemLoader Environment load took 267.2ns 
60233      INFO  main            d.u.i.k.p.i.AbstractProblemLoader Creating init config 
63712      DEBUG main            d.u.i.k.p.i.AbstractProblemLoader Init config took 3.48s 
63764      INFO  main            d.u.i.k.p.i.AbstractProblemLoader Replaying proof Simple[Simple::square(int)].JML operation contract.0 
63767      DEBUG main            d.u.i.k.p.i.IntermediateProofReplayer Proof replay took 30.5ns 
64173      INFO  main            d.u.i.k.p.r.p.TestFile    ... finished proof: closed. 
64416      INFO  main            d.u.i.k.p.i.AbstractProblemLoader Loading environment from /home/runner/work/key/key/key.core/../key.ui/examples/heap/block_contracts/Simple__square.key.proof 
64417      DEBUG main            d.u.i.k.p.i.AbstractProblemLoader Environment load took 677.9ns 
64418      INFO  main            d.u.i.k.p.i.AbstractProblemLoader Creating init config 
67839      DEBUG main            d.u.i.k.p.i.AbstractProblemLoader Init config took 3.42s 
67904      INFO  main            d.u.i.k.p.i.AbstractProblemLoader Replaying proof Simple[Simple::square(int)].JML operation contract.0 
68044      DEBUG main            d.u.i.k.p.i.IntermediateProofReplayer Proof replay took 136.25ms 
68046      DEBUG main            d.u.i.k.p.r.p.TestFile    ... success: reloaded. 
68048      INFO  main            d.u.i.k.p.r.p.TestFile    Now processing file /home/runner/work/key/key/key.core/../key.ui/examples/heap/block_contracts/Simple__unnecessaryBlockContract.key 
68049      INFO  main            d.u.i.k.p.i.AbstractProblemLoader Loading environment from /home/runner/work/key/key/key.core/../key.ui/examples/heap/block_contracts/Simple__unnecessaryBlockContract.key 
68050      DEBUG main            d.u.i.k.p.i.AbstractProblemLoader Environment load took 236.8ns 
68052      INFO  main            d.u.i.k.p.i.AbstractProblemLoader Creating init config 
71513      DEBUG main            d.u.i.k.p.i.AbstractProblemLoader Init config took 3.46s 
71563      INFO  main            d.u.i.k.p.i.AbstractProblemLoader Replaying proof Simple[Simple::unnecessaryBlockContract()].JML operation contract.0 
71565      DEBUG main            d.u.i.k.p.i.IntermediateProofReplayer Proof replay took 13.9ns 
71667      INFO  main            d.u.i.k.p.r.p.TestFile    ... finished proof: closed. 
71936      INFO  main            d.u.i.k.p.i.AbstractProblemLoader Loading environment from /home/runner/work/key/key/key.core/../key.ui/examples/heap/block_contracts/Simple__unnecessaryBlockContract.key.proof 
71936      DEBUG main            d.u.i.k.p.i.AbstractProblemLoader Environment load took 253.8ns 
71938      INFO  main            d.u.i.k.p.i.AbstractProblemLoader Creating init config 
75293      DEBUG main            d.u.i.k.p.i.AbstractProblemLoader Init config took 3.35s 
75341      INFO  main            d.u.i.k.p.i.AbstractProblemLoader Replaying proof Simple[Simple::unnecessaryBlockContract()].JML operation contract.0 
75370      DEBUG main            d.u.i.k.p.i.IntermediateProofReplayer Proof replay took 27.2ms 
75371      DEBUG main            d.u.i.k.p.r.p.TestFile    ... success: reloaded. 
75373      INFO  main            d.u.i.k.p.r.p.TestFile    Now processing file /home/runner/work/key/key/key.core/../key.ui/examples/heap/block_contracts/Simple__unnecessaryLoopInvariant.key 
75373      INFO  main            d.u.i.k.p.i.AbstractProblemLoader Loading environment from /home/runner/work/key/key/key.core/../key.ui/examples/heap/block_contracts/Simple__unnecessaryLoopInvariant.key 
75373      DEBUG main            d.u.i.k.p.i.AbstractProblemLoader Environment load took 195.2ns 
75374      INFO  main            d.u.i.k.p.i.AbstractProblemLoader Creating init config 
78727      DEBUG main            d.u.i.k.p.i.AbstractProblemLoader Init config took 3.35s 
78771      INFO  main            d.u.i.k.p.i.AbstractProblemLoader Replaying proof Simple[Simple::unnecessaryLoopInvariant()].JML operation contract.0 
78773      DEBUG main            d.u.i.k.p.i.IntermediateProofReplayer Proof replay took 12ns 
78876      INFO  main            d.u.i.k.p.r.p.TestFile    ... finished proof: closed. 
79126      INFO  main            d.u.i.k.p.i.AbstractProblemLoader Loading environment from /home/runner/work/key/key/key.core/../key.ui/examples/heap/block_contracts/Simple__unnecessaryLoopInvariant.key.proof 
79126      DEBUG main            d.u.i.k.p.i.AbstractProblemLoader Environment load took 129.8ns 
79127      INFO  main            d.u.i.k.p.i.AbstractProblemLoader Creating init config 
82515      DEBUG main            d.u.i.k.p.i.AbstractProblemLoader Init config took 3.39s 
82566      INFO  main            d.u.i.k.p.i.AbstractProblemLoader Replaying proof Simple[Simple::unnecessaryLoopInvariant()].JML operation contract.0 
82588      DEBUG main            d.u.i.k.p.i.IntermediateProofReplayer Proof replay took 18.64ms 
82590      DEBUG main            d.u.i.k.p.r.p.TestFile    ... success: reloaded. 
82592      INFO  main            d.u.i.k.p.r.p.TestFile    Now processing file /home/runner/work/key/key/key.core/../key.ui/examples/standard_key/java_dl/jml-assert/assert.key 
82592      INFO  main            d.u.i.k.p.i.AbstractProblemLoader Loading environment from /home/runner/work/key/key/key.core/../key.ui/examples/standard_key/java_dl/jml-assert/assert.key 
82593      DEBUG main            d.u.i.k.p.i.AbstractProblemLoader Environment load took 328.7ns 
82594      INFO  main            d.u.i.k.p.i.AbstractProblemLoader Creating init config 
85705      DEBUG main            d.u.i.k.p.i.AbstractProblemLoader Init config took 3.11s 
85754      INFO  main            d.u.i.k.p.i.AbstractProblemLoader Replaying proof Assert[Assert::createArray(int)].JML normal_behavior operation contract.0 
85756      DEBUG main            d.u.i.k.p.i.IntermediateProofReplayer Proof replay took 7ns 
86061      INFO  main            d.u.i.k.p.r.p.TestFile    ... finished proof: closed. 
86318      INFO  main            d.u.i.k.p.i.AbstractProblemLoader Loading environment from /home/runner/work/key/key/key.core/../key.ui/examples/standard_key/java_dl/jml-assert/assert.key.proof 
86319      DEBUG main            d.u.i.k.p.i.AbstractProblemLoader Environment load took 740ns 
86321      INFO  main            d.u.i.k.p.i.AbstractProblemLoader Creating init config 
89352      DEBUG main            d.u.i.k.p.i.AbstractProblemLoader Init config took 3.03s 
89405      INFO  main            d.u.i.k.p.i.AbstractProblemLoader Replaying proof Assert[Assert::createArray(int)].JML normal_behavior operation contract.0 
89478      DEBUG main            d.u.i.k.p.i.IntermediateProofReplayer Proof replay took 69.61ms 
89479      DEBUG main            d.u.i.k.p.r.p.TestFile    ... success: reloaded. 
89481      INFO  main            d.u.i.k.p.r.p.TestFile    Now processing file /home/runner/work/key/key/key.core/../key.ui/examples/standard_key/java_dl/jml-assert/assert_assume_order.key 
89481      INFO  main            d.u.i.k.p.i.AbstractProblemLoader Loading environment from /home/runner/work/key/key/key.core/../key.ui/examples/standard_key/java_dl/jml-assert/assert_assume_order.key 
89482      DEBUG main            d.u.i.k.p.i.AbstractProblemLoader Environment load took 338.9ns 
89483      INFO  main            d.u.i.k.p.i.AbstractProblemLoader Creating init config 
92537      DEBUG main            d.u.i.k.p.i.AbstractProblemLoader Init config took 3.05s 
92588      INFO  main            d.u.i.k.p.i.AbstractProblemLoader Replaying proof AssertAssume[AssertAssume::singleAssumeAssert(int)].JML normal_behavior operation contract.0 
92591      DEBUG main            d.u.i.k.p.i.IntermediateProofReplayer Proof replay took 7.3ns 
92694      INFO  main            d.u.i.k.p.r.p.TestFile    ... finished proof: closed. 
92940      INFO  main            d.u.i.k.p.i.AbstractProblemLoader Loading environment from /home/runner/work/key/key/key.core/../key.ui/examples/standard_key/java_dl/jml-assert/assert_assume_order.key.proof 
92940      DEBUG main            d.u.i.k.p.i.AbstractProblemLoader Environment load took 166.4ns 
92941      INFO  main            d.u.i.k.p.i.AbstractProblemLoader Creating init config 
96025      DEBUG main            d.u.i.k.p.i.AbstractProblemLoader Init config took 3.08s 
96074      INFO  main            d.u.i.k.p.i.AbstractProblemLoader Replaying proof AssertAssume[AssertAssume::singleAssumeAssert(int)].JML normal_behavior operation contract.0 
96096      DEBUG main            d.u.i.k.p.i.IntermediateProofReplayer Proof replay took 14.16ms 
96100      DEBUG main            d.u.i.k.p.r.p.TestFile    ... success: reloaded. 
96103      INFO  main            d.u.i.k.p.r.p.TestFile    Now processing file /home/runner/work/key/key/key.core/../key.ui/examples/heap/block_loop_contracts/SimpleVariants/sum_onBlock_external.key 
96103      INFO  main            d.u.i.k.p.i.AbstractProblemLoader Loading environment from /home/runner/work/key/key/key.core/../key.ui/examples/heap/block_loop_contracts/SimpleVariants/sum_onBlock_external.key 
96104      DEBUG main            d.u.i.k.p.i.AbstractProblemLoader Environment load took 145.8ns 
96108      INFO  main            d.u.i.k.p.i.AbstractProblemLoader Creating init config 
99594      DEBUG main            d.u.i.k.p.i.AbstractProblemLoader Init config took 3.49s 
99638      INFO  main            d.u.i.k.p.i.AbstractProblemLoader Replaying proof LoopContractExamplesAll[LoopContractExamplesAll::sum_loopContract_onBlock([I)].JML normal_behavior operation contract.0 
99643      DEBUG main            d.u.i.k.p.i.IntermediateProofReplayer Proof replay took 13.9ns 
99846      INFO  main            d.u.i.k.p.r.p.TestFile    ... finished proof: closed. 
100140     INFO  main            d.u.i.k.p.i.AbstractProblemLoader Loading environment from /home/runner/work/key/key/key.core/../key.ui/examples/heap/block_loop_contracts/SimpleVariants/sum_onBlock_external.key.proof 
100141     DEBUG main            d.u.i.k.p.i.AbstractProblemLoader Environment load took 555.7ns 
100143     INFO  main            d.u.i.k.p.i.AbstractProblemLoader Creating init config 
103378     DEBUG main            d.u.i.k.p.i.AbstractProblemLoader Init config took 3.24s 
103419     INFO  main            d.u.i.k.p.i.AbstractProblemLoader Replaying proof LoopContractExamplesAll[LoopContractExamplesAll::sum_loopContract_onBlock([I)].JML normal_behavior operation contract.0 
103463     DEBUG main            d.u.i.k.p.i.IntermediateProofReplayer Proof replay took 41.5ms 
103464     DEBUG main            d.u.i.k.p.r.p.TestFile    ... success: reloaded. 
103465     INFO  main            d.u.i.k.p.r.p.TestFile    Now processing file /home/runner/work/key/key/key.core/../key.ui/examples/heap/block_loop_contracts/SimpleVariants/sum_onBlock_internal.key 
103465     INFO  main            d.u.i.k.p.i.AbstractProblemLoader Loading environment from /home/runner/work/key/key/key.core/../key.ui/examples/heap/block_loop_contracts/SimpleVariants/sum_onBlock_internal.key 
103466     DEBUG main            d.u.i.k.p.i.AbstractProblemLoader Environment load took 204ns 
103467     INFO  main            d.u.i.k.p.i.AbstractProblemLoader Creating init config 
106690     DEBUG main            d.u.i.k.p.i.AbstractProblemLoader Init config took 3.22s 
106737     INFO  main            d.u.i.k.p.i.AbstractProblemLoader Replaying proof LoopContractExamplesAll[LoopContractExamplesAll::sum_loopContract_onBlock([I)].JML normal_behavior operation contract.0 
106746     DEBUG main            d.u.i.k.p.i.IntermediateProofReplayer Proof replay took 12.4ns 
107650     INFO  main            d.u.i.k.p.r.p.TestFile    ... finished proof: closed. 
107964     INFO  main            d.u.i.k.p.i.AbstractProblemLoader Loading environment from /home/runner/work/key/key/key.core/../key.ui/examples/heap/block_loop_contracts/SimpleVariants/sum_onBlock_internal.key.proof 
107965     DEBUG main            d.u.i.k.p.i.AbstractProblemLoader Environment load took 724.7ns 
107966     INFO  main            d.u.i.k.p.i.AbstractProblemLoader Creating init config 
111326     DEBUG main            d.u.i.k.p.i.AbstractProblemLoader Init config took 3.36s 
111368     INFO  main            d.u.i.k.p.i.AbstractProblemLoader Replaying proof LoopContractExamplesAll[LoopContractExamplesAll::sum_loopContract_onBlock([I)].JML normal_behavior operation contract.0 
111716     DEBUG main            d.u.i.k.p.i.IntermediateProofReplayer Proof replay took 343.43ms 
111717     DEBUG main            d.u.i.k.p.r.p.TestFile    ... success: reloaded. 
111719     INFO  main            d.u.i.k.p.r.p.TestFile    Now processing file /home/runner/work/key/key/key.core/../key.ui/examples/heap/block_loop_contracts/SimpleVariants/sum_onBlock_loop.key 
111719     INFO  main            d.u.i.k.p.i.AbstractProblemLoader Loading environment from /home/runner/work/key/key/key.core/../key.ui/examples/heap/block_loop_contracts/SimpleVariants/sum_onBlock_loop.key 
111720     DEBUG main            d.u.i.k.p.i.AbstractProblemLoader Environment load took 263.4ns 
111721     INFO  main            d.u.i.k.p.i.AbstractProblemLoader Creating init config 
115152     DEBUG main            d.u.i.k.p.i.AbstractProblemLoader Init config took 3.43s 
115197     INFO  main            d.u.i.k.p.i.AbstractProblemLoader Replaying proof LoopContractExamplesAll[LoopContractExamplesAll::sum_loopContract_onBlock([I)].JML normal_behavior loop contract.0 
115200     DEBUG main            d.u.i.k.p.i.IntermediateProofReplayer Proof replay took 27.9ns 
116304     INFO  main            d.u.i.k.p.r.p.TestFile    ... finished proof: closed. 
116659     INFO  main            d.u.i.k.p.i.AbstractProblemLoader Loading environment from /home/runner/work/key/key/key.core/../key.ui/examples/heap/block_loop_contracts/SimpleVariants/sum_onBlock_loop.key.proof 
116659     DEBUG main            d.u.i.k.p.i.AbstractProblemLoader Environment load took 139.1ns 
116660     INFO  main            d.u.i.k.p.i.AbstractProblemLoader Creating init config 
119972     DEBUG main            d.u.i.k.p.i.AbstractProblemLoader Init config took 3.31s 
120018     INFO  main            d.u.i.k.p.i.AbstractProblemLoader Replaying proof LoopContractExamplesAll[LoopContractExamplesAll::sum_loopContract_onBlock([I)].JML normal_behavior loop contract.0 
120365     DEBUG main            d.u.i.k.p.i.IntermediateProofReplayer Proof replay took 341.83ms 
120367     DEBUG main            d.u.i.k.p.r.p.TestFile    ... success: reloaded. 
120368     INFO  main            d.u.i.k.p.r.p.TestFile    Now processing file /home/runner/work/key/key/key.core/../key.ui/examples/heap/block_loop_contracts/SimpleVariants/sum_onLoop_external.key 
120368     INFO  main            d.u.i.k.p.i.AbstractProblemLoader Loading environment from /home/runner/work/key/key/key.core/../key.ui/examples/heap/block_loop_contracts/SimpleVariants/sum_onLoop_external.key 
120369     DEBUG main            d.u.i.k.p.i.AbstractProblemLoader Environment load took 279.4ns 
120370     INFO  main            d.u.i.k.p.i.AbstractProblemLoader Creating init config 
123754     DEBUG main            d.u.i.k.p.i.AbstractProblemLoader Init config took 3.38s 
123795     INFO  main            d.u.i.k.p.i.AbstractProblemLoader Replaying proof LoopContractExamplesAll[LoopContractExamplesAll::sum_loopContract_onLoop([I)].JML normal_behavior operation contract.0 
123797     DEBUG main            d.u.i.k.p.i.IntermediateProofReplayer Proof replay took 14.6ns 
123900     INFO  main            d.u.i.k.p.r.p.TestFile    ... finished proof: closed. 
124257     INFO  main            d.u.i.k.p.i.AbstractProblemLoader Loading environment from /home/runner/work/key/key/key.core/../key.ui/examples/heap/block_loop_contracts/SimpleVariants/sum_onLoop_external.key.proof 
124257     DEBUG main            d.u.i.k.p.i.AbstractProblemLoader Environment load took 135.6ns 
124258     INFO  main            d.u.i.k.p.i.AbstractProblemLoader Creating init config 
127521     DEBUG main            d.u.i.k.p.i.AbstractProblemLoader Init config took 3.26s 
127564     INFO  main            d.u.i.k.p.i.AbstractProblemLoader Replaying proof LoopContractExamplesAll[LoopContractExamplesAll::sum_loopContract_onLoop([I)].JML normal_behavior operation contract.0 
127607     DEBUG main            d.u.i.k.p.i.IntermediateProofReplayer Proof replay took 40.86ms 
127609     DEBUG main            d.u.i.k.p.r.p.TestFile    ... success: reloaded. 
127610     INFO  main            d.u.i.k.p.r.p.TestFile    Now processing file /home/runner/work/key/key/key.core/../key.ui/examples/heap/block_loop_contracts/SimpleVariants/sum_onLoop_internal.key 
127610     INFO  main            d.u.i.k.p.i.AbstractProblemLoader Loading environment from /home/runner/work/key/key/key.core/../key.ui/examples/heap/block_loop_contracts/SimpleVariants/sum_onLoop_internal.key 
127610     DEBUG main            d.u.i.k.p.i.AbstractProblemLoader Environment load took 214.8ns 
127612     INFO  main            d.u.i.k.p.i.AbstractProblemLoader Creating init config 
131088     DEBUG main            d.u.i.k.p.i.AbstractProblemLoader Init config took 3.48s 
131128     INFO  main            d.u.i.k.p.i.AbstractProblemLoader Replaying proof LoopContractExamplesAll[LoopContractExamplesAll::sum_loopContract_onLoop([I)].JML normal_behavior operation contract.0 
131131     DEBUG main            d.u.i.k.p.i.IntermediateProofReplayer Proof replay took 15.1ns 
131935     INFO  main            d.u.i.k.p.r.p.TestFile    ... finished proof: closed. 
132301     INFO  main            d.u.i.k.p.i.AbstractProblemLoader Loading environment from /home/runner/work/key/key/key.core/../key.ui/examples/heap/block_loop_contracts/SimpleVariants/sum_onLoop_internal.key.proof 
132301     DEBUG main            d.u.i.k.p.i.AbstractProblemLoader Environment load took 169.6ns 
132302     INFO  main            d.u.i.k.p.i.AbstractProblemLoader Creating init config 
135548     DEBUG main            d.u.i.k.p.i.AbstractProblemLoader Init config took 3.25s 
135593     INFO  main            d.u.i.k.p.i.AbstractProblemLoader Replaying proof LoopContractExamplesAll[LoopContractExamplesAll::sum_loopContract_onLoop([I)].JML normal_behavior operation contract.0 
135902     DEBUG main            d.u.i.k.p.i.IntermediateProofReplayer Proof replay took 303.35ms 
135904     DEBUG main            d.u.i.k.p.r.p.TestFile    ... success: reloaded. 
135905     INFO  main            d.u.i.k.p.r.p.TestFile    Now processing file /home/runner/work/key/key/key.core/../key.ui/examples/heap/block_loop_contracts/SimpleVariants/sum_onLoop_loop.key 
135906     INFO  main            d.u.i.k.p.i.AbstractProblemLoader Loading environment from /home/runner/work/key/key/key.core/../key.ui/examples/heap/block_loop_contracts/SimpleVariants/sum_onLoop_loop.key 
135906     DEBUG main            d.u.i.k.p.i.AbstractProblemLoader Environment load took 297.4ns 
135907     INFO  main            d.u.i.k.p.i.AbstractProblemLoader Creating init config 
139179     DEBUG main            d.u.i.k.p.i.AbstractProblemLoader Init config took 3.27s 
139228     INFO  main            d.u.i.k.p.i.AbstractProblemLoader Replaying proof LoopContractExamplesAll[LoopContractExamplesAll::sum_loopContract_onLoop([I)].JML normal_behavior loop contract.0 
139232     DEBUG main            d.u.i.k.p.i.IntermediateProofReplayer Proof replay took 13.8ns 
140137     INFO  main            d.u.i.k.p.r.p.TestFile    ... finished proof: closed. 
140530     INFO  main            d.u.i.k.p.i.AbstractProblemLoader Loading environment from /home/runner/work/key/key/key.core/../key.ui/examples/heap/block_loop_contracts/SimpleVariants/sum_onLoop_loop.key.proof 
140531     DEBUG main            d.u.i.k.p.i.AbstractProblemLoader Environment load took 1.42ms 
140533     INFO  main            d.u.i.k.p.i.AbstractProblemLoader Creating init config 
143717     DEBUG main            d.u.i.k.p.i.AbstractProblemLoader Init config took 3.18s 
143760     INFO  main            d.u.i.k.p.i.AbstractProblemLoader Replaying proof LoopContractExamplesAll[LoopContractExamplesAll::sum_loopContract_onLoop([I)].JML normal_behavior loop contract.0 
144076     DEBUG main            d.u.i.k.p.i.IntermediateProofReplayer Proof replay took 310.6ms 
144077     DEBUG main            d.u.i.k.p.r.p.TestFile    ... success: reloaded. 
144078     INFO  main            d.u.i.k.p.r.p.TestFile    Now processing file /home/runner/work/key/key/key.core/../key.ui/examples/heap/block_loop_contracts/Free/blockContracts0.key 
144078     INFO  main            d.u.i.k.p.i.AbstractProblemLoader Loading environment from /home/runner/work/key/key/key.core/../key.ui/examples/heap/block_loop_contracts/Free/blockContracts0.key 
144079     DEBUG main            d.u.i.k.p.i.AbstractProblemLoader Environment load took 148.3ns 
144080     INFO  main            d.u.i.k.p.i.AbstractProblemLoader Creating init config 
146913     DEBUG main            d.u.i.k.p.i.AbstractProblemLoader Init config took 2.83s 
146954     INFO  main            d.u.i.k.p.i.AbstractProblemLoader Replaying proof FreeConditions[FreeConditions::blockContract0()].JML normal_behavior operation contract.0 
146956     DEBUG main            d.u.i.k.p.i.IntermediateProofReplayer Proof replay took 61.3ns 
147058     INFO  main            d.u.i.k.p.r.p.TestFile    ... finished proof: closed. 
147410     INFO  main            d.u.i.k.p.i.AbstractProblemLoader Loading environment from /home/runner/work/key/key/key.core/../key.ui/examples/heap/block_loop_contracts/Free/blockContracts0.key.proof 
147410     DEBUG main            d.u.i.k.p.i.AbstractProblemLoader Environment load took 119.6ns 
147412     INFO  main            d.u.i.k.p.i.AbstractProblemLoader Creating init config 
150086     DEBUG main            d.u.i.k.p.i.AbstractProblemLoader Init config took 2.67s 
150124     INFO  main            d.u.i.k.p.i.AbstractProblemLoader Replaying proof FreeConditions[FreeConditions::blockContract0()].JML normal_behavior operation contract.0 
150153     DEBUG main            d.u.i.k.p.i.IntermediateProofReplayer Proof replay took 26.75ms 
150154     DEBUG main            d.u.i.k.p.r.p.TestFile    ... success: reloaded. 
150155     INFO  main            d.u.i.k.p.r.p.TestFile    Now processing file /home/runner/work/key/key/key.core/../key.ui/examples/heap/block_loop_contracts/Free/blockContracts1.key 
150156     INFO  main            d.u.i.k.p.i.AbstractProblemLoader Loading environment from /home/runner/work/key/key/key.core/../key.ui/examples/heap/block_loop_contracts/Free/blockContracts1.key 
150156     DEBUG main            d.u.i.k.p.i.AbstractProblemLoader Environment load took 73ns 
150157     INFO  main            d.u.i.k.p.i.AbstractProblemLoader Creating init config 
152896     DEBUG main            d.u.i.k.p.i.AbstractProblemLoader Init config took 2.74s 
152932     INFO  main            d.u.i.k.p.i.AbstractProblemLoader Replaying proof FreeConditions[FreeConditions::blockContract1()].JML normal_behavior operation contract.0 
152934     DEBUG main            d.u.i.k.p.i.IntermediateProofReplayer Proof replay took 14.5ns 
153039     INFO  main            d.u.i.k.p.r.p.TestFile    ... finished proof: closed. 
153373     INFO  main            d.u.i.k.p.i.AbstractProblemLoader Loading environment from /home/runner/work/key/key/key.core/../key.ui/examples/heap/block_loop_contracts/Free/blockContracts1.key.proof 
153373     DEBUG main            d.u.i.k.p.i.AbstractProblemLoader Environment load took 158ns 
153375     INFO  main            d.u.i.k.p.i.AbstractProblemLoader Creating init config 
156057     DEBUG main            d.u.i.k.p.i.AbstractProblemLoader Init config took 2.68s 
156096     INFO  main            d.u.i.k.p.i.AbstractProblemLoader Replaying proof FreeConditions[FreeConditions::blockContract1()].JML normal_behavior operation contract.0 
156118     DEBUG main            d.u.i.k.p.i.IntermediateProofReplayer Proof replay took 20.53ms 
156119     DEBUG main            d.u.i.k.p.r.p.TestFile    ... success: reloaded. 
156120     INFO  main            d.u.i.k.p.r.p.TestFile    Now processing file /home/runner/work/key/key/key.core/../key.ui/examples/heap/block_loop_contracts/Finally/block_finally.key 
156120     INFO  main            d.u.i.k.p.i.AbstractProblemLoader Loading environment from /home/runner/work/key/key/key.core/../key.ui/examples/heap/block_loop_contracts/Finally/block_finally.key 
156121     DEBUG main            d.u.i.k.p.i.AbstractProblemLoader Environment load took 157.3ns 
156122     INFO  main            d.u.i.k.p.i.AbstractProblemLoader Creating init config 
158886     DEBUG main            d.u.i.k.p.i.AbstractProblemLoader Init config took 2.76s 
158928     INFO  main            d.u.i.k.p.i.AbstractProblemLoader Replaying proof AuxiliaryContractsFinally[AuxiliaryContractsFinally::breakThrowContinueBlockContract(java.lang.Exception)].JML block contract.0 
158930     DEBUG main            d.u.i.k.p.i.IntermediateProofReplayer Proof replay took 13ns 
159636     INFO  main            d.u.i.k.p.r.p.TestFile    ... finished proof: open goal(s) 
159992     INFO  main            d.u.i.k.p.r.p.TestFile    Now processing file /home/runner/work/key/key/key.core/../key.ui/examples/heap/block_loop_contracts/Finally/loop_finally.key 
159992     INFO  main            d.u.i.k.p.i.AbstractProblemLoader Loading environment from /home/runner/work/key/key/key.core/../key.ui/examples/heap/block_loop_contracts/Finally/loop_finally.key 
159992     DEBUG main            d.u.i.k.p.i.AbstractProblemLoader Environment load took 77.7ns 
159994     INFO  main            d.u.i.k.p.i.AbstractProblemLoader Creating init config 
162674     DEBUG main            d.u.i.k.p.i.AbstractProblemLoader Init config took 2.68s 
162714     INFO  main            d.u.i.k.p.i.AbstractProblemLoader Replaying proof AuxiliaryContractsFinally[AuxiliaryContractsFinally::breakThrowContinueLoopContract(java.lang.Exception)].JML normal_behavior loop contract.0 
162716     DEBUG main            d.u.i.k.p.i.IntermediateProofReplayer Proof replay took 12.9ns 
163438     INFO  main            d.u.i.k.p.r.p.TestFile    ... finished proof: open goal(s) 
773774     INFO  Test worker     d.u.i.k.p.r.RunAllProofsTestUnit Returning from test blockContracts 
773777     INFO  Test worker     d.u.i.k.p.r.RunAllProofsTestUnit Running test jmlAsserts 
463        INFO  Timeout watchdog d.u.i.k.p.r.p.ForkedTestFileRunner Timeout watcher launched (2000 secs.) 
494        WARN  main            d.u.i.k.s.ProofSettings   The settings in /home/runner/.key/proof-settings.props are *not* read. 
535        INFO  main            d.u.i.k.p.r.p.TestFile    Now processing file /home/runner/work/key/key/key.core/../key.ui/examples/standard_key/java_dl/jml-assert/assert.key 
662        INFO  main            d.u.i.k.p.i.AbstractProblemLoader Loading environment from /home/runner/work/key/key/key.core/../key.ui/examples/standard_key/java_dl/jml-assert/assert.key 
683        DEBUG main            d.u.i.k.p.i.AbstractProblemLoader Environment load took 2.39ms 
976        INFO  main            d.u.i.k.p.i.AbstractProblemLoader Creating init config 
2109       DEBUG main            d.u.i.k.j.TypeConverter   No LDT found for Meta 
2112       DEBUG main            d.u.i.k.j.TypeConverter   No LDT found for Meta 
2116       DEBUG main            d.u.i.k.j.TypeConverter   No LDT found for Meta 
2117       DEBUG main            d.u.i.k.j.TypeConverter   No LDT found for Meta 
4039       DEBUG main            d.u.i.k.j.TypeConverter   No LDT found for JavaBigintExpression 
10787      DEBUG main            d.u.i.k.p.i.AbstractProblemLoader Init config took 9.81s 
11015      INFO  main            d.u.i.k.p.i.AbstractProblemLoader Replaying proof Assert[Assert::createArray(int)].JML normal_behavior operation contract.0 
11065      DEBUG main            d.u.i.k.p.i.IntermediateProofReplayer Proof replay took 35.6ns 
12270      INFO  main            d.u.i.k.p.r.p.TestFile    ... finished proof: closed. 
12417      INFO  main            d.u.i.k.p.i.AbstractProblemLoader Loading environment from /home/runner/work/key/key/key.core/../key.ui/examples/standard_key/java_dl/jml-assert/assert.key.proof 
12422      DEBUG main            d.u.i.k.p.i.AbstractProblemLoader Environment load took 5.07ms 
12424      INFO  main            d.u.i.k.p.i.AbstractProblemLoader Creating init config 
16519      DEBUG main            d.u.i.k.p.i.AbstractProblemLoader Init config took 4.09s 
16601      INFO  main            d.u.i.k.p.i.AbstractProblemLoader Replaying proof Assert[Assert::createArray(int)].JML normal_behavior operation contract.0 
16743      DEBUG main            d.u.i.k.p.i.IntermediateProofReplayer Proof replay took 133.49ms 
16752      DEBUG main            d.u.i.k.p.r.p.TestFile    ... success: reloaded. 
16755      INFO  main            d.u.i.k.p.r.p.TestFile    Now processing file /home/runner/work/key/key/key.core/../key.ui/examples/heap/block_loop_contracts/Free/assertions0.key 
16755      INFO  main            d.u.i.k.p.i.AbstractProblemLoader Loading environment from /home/runner/work/key/key/key.core/../key.ui/examples/heap/block_loop_contracts/Free/assertions0.key 
16756      DEBUG main            d.u.i.k.p.i.AbstractProblemLoader Environment load took 310.7ns 
16758      INFO  main            d.u.i.k.p.i.AbstractProblemLoader Creating init config 
20346      DEBUG main            d.u.i.k.p.i.AbstractProblemLoader Init config took 3.59s 
20419      INFO  main            d.u.i.k.p.i.AbstractProblemLoader Replaying proof FreeConditions[FreeConditions::assertions0()].JML normal_behavior operation contract.0 
20424      DEBUG main            d.u.i.k.p.i.IntermediateProofReplayer Proof replay took 15.2ns 
20628      INFO  main            d.u.i.k.p.r.p.TestFile    ... finished proof: closed. 
20810      INFO  main            d.u.i.k.p.i.AbstractProblemLoader Loading environment from /home/runner/work/key/key/key.core/../key.ui/examples/heap/block_loop_contracts/Free/assertions0.key.proof 
20810      DEBUG main            d.u.i.k.p.i.AbstractProblemLoader Environment load took 632ns 
20813      INFO  main            d.u.i.k.p.i.AbstractProblemLoader Creating init config 
24133      DEBUG main            d.u.i.k.p.i.AbstractProblemLoader Init config took 3.32s 
24208      INFO  main            d.u.i.k.p.i.AbstractProblemLoader Replaying proof FreeConditions[FreeConditions::assertions0()].JML normal_behavior operation contract.0 
24246      DEBUG main            d.u.i.k.p.i.IntermediateProofReplayer Proof replay took 33.69ms 
24248      DEBUG main            d.u.i.k.p.r.p.TestFile    ... success: reloaded. 
24249      INFO  main            d.u.i.k.p.r.p.TestFile    Now processing file /home/runner/work/key/key/key.core/../key.ui/examples/heap/block_loop_contracts/Free/assertions1.key 
24249      INFO  main            d.u.i.k.p.i.AbstractProblemLoader Loading environment from /home/runner/work/key/key/key.core/../key.ui/examples/heap/block_loop_contracts/Free/assertions1.key 
24250      DEBUG main            d.u.i.k.p.i.AbstractProblemLoader Environment load took 313.5ns 
24251      INFO  main            d.u.i.k.p.i.AbstractProblemLoader Creating init config 
27636      DEBUG main            d.u.i.k.p.i.AbstractProblemLoader Init config took 3.38s 
27697      INFO  main            d.u.i.k.p.i.AbstractProblemLoader Replaying proof FreeConditions[FreeConditions::assertions1()].JML normal_behavior operation contract.0 
27700      DEBUG main            d.u.i.k.p.i.IntermediateProofReplayer Proof replay took 14.2ns 
27803      INFO  main            d.u.i.k.p.r.p.TestFile    ... finished proof: closed. 
27994      INFO  main            d.u.i.k.p.i.AbstractProblemLoader Loading environment from /home/runner/work/key/key/key.core/../key.ui/examples/heap/block_loop_contracts/Free/assertions1.key.proof 
27994      DEBUG main            d.u.i.k.p.i.AbstractProblemLoader Environment load took 161.5ns 
27996      INFO  main            d.u.i.k.p.i.AbstractProblemLoader Creating init config 
31351      DEBUG main            d.u.i.k.p.i.AbstractProblemLoader Init config took 3.36s 
31426      INFO  main            d.u.i.k.p.i.AbstractProblemLoader Replaying proof FreeConditions[FreeConditions::assertions1()].JML normal_behavior operation contract.0 
31436      DEBUG main            d.u.i.k.p.i.IntermediateProofReplayer Proof replay took 7.79ms 
31440      DEBUG main            d.u.i.k.p.r.p.TestFile    ... success: reloaded. 
31442      INFO  main            d.u.i.k.p.r.p.TestFile    Now processing file /home/runner/work/key/key/key.core/../key.ui/examples/standard_key/java_dl/jml-assert/recursion-assert.key 
31443      INFO  main            d.u.i.k.p.i.AbstractProblemLoader Loading environment from /home/runner/work/key/key/key.core/../key.ui/examples/standard_key/java_dl/jml-assert/recursion-assert.key 
31443      DEBUG main            d.u.i.k.p.i.AbstractProblemLoader Environment load took 268.3ns 
31446      INFO  main            d.u.i.k.p.i.AbstractProblemLoader Creating init config 
34864      DEBUG main            d.u.i.k.p.i.AbstractProblemLoader Init config took 3.42s 
34920      INFO  main            d.u.i.k.p.i.AbstractProblemLoader Replaying proof RecursiveMethod[RecursiveMethod::fac1(int)].JML normal_behavior operation contract.0 
34923      DEBUG main            d.u.i.k.p.i.IntermediateProofReplayer Proof replay took 7.7ns 
35130      INFO  main            d.u.i.k.p.r.p.TestFile    ... finished proof: closed. 
35397      INFO  main            d.u.i.k.p.i.AbstractProblemLoader Loading environment from /home/runner/work/key/key/key.core/../key.ui/examples/standard_key/java_dl/jml-assert/recursion-assert.key.proof 
35399      DEBUG main            d.u.i.k.p.i.AbstractProblemLoader Environment load took 1.34ms 
35400      INFO  main            d.u.i.k.p.i.AbstractProblemLoader Creating init config 
38752      DEBUG main            d.u.i.k.p.i.AbstractProblemLoader Init config took 3.35s 
38807      INFO  main            d.u.i.k.p.i.AbstractProblemLoader Replaying proof RecursiveMethod[RecursiveMethod::fac1(int)].JML normal_behavior operation contract.0 
38896      DEBUG main            d.u.i.k.p.i.IntermediateProofReplayer Proof replay took 85.14ms 
38905      DEBUG main            d.u.i.k.p.r.p.TestFile    ... success: reloaded. 
38906      INFO  main            d.u.i.k.p.r.p.TestFile    Now processing file /home/runner/work/key/key/key.core/../key.ui/examples/standard_key/java_dl/jml-assert/recursion-assume.key 
38908      INFO  main            d.u.i.k.p.i.AbstractProblemLoader Loading environment from /home/runner/work/key/key/key.core/../key.ui/examples/standard_key/java_dl/jml-assert/recursion-assume.key 
38909      DEBUG main            d.u.i.k.p.i.AbstractProblemLoader Environment load took 277ns 
38910      INFO  main            d.u.i.k.p.i.AbstractProblemLoader Creating init config 
42358      DEBUG main            d.u.i.k.p.i.AbstractProblemLoader Init config took 3.45s 
42412      INFO  main            d.u.i.k.p.i.AbstractProblemLoader Replaying proof RecursiveMethod[RecursiveMethod::fac2(int)].JML normal_behavior operation contract.0 
42414      DEBUG main            d.u.i.k.p.i.IntermediateProofReplayer Proof replay took 6.8ns 
42617      INFO  main            d.u.i.k.p.r.p.TestFile    ... finished proof: closed. 
42833      INFO  main            d.u.i.k.p.i.AbstractProblemLoader Loading environment from /home/runner/work/key/key/key.core/../key.ui/examples/standard_key/java_dl/jml-assert/recursion-assume.key.proof 
42834      DEBUG main            d.u.i.k.p.i.AbstractProblemLoader Environment load took 574.6ns 
42835      INFO  main            d.u.i.k.p.i.AbstractProblemLoader Creating init config 
46164      DEBUG main            d.u.i.k.p.i.AbstractProblemLoader Init config took 3.33s 
46219      INFO  main            d.u.i.k.p.i.AbstractProblemLoader Replaying proof RecursiveMethod[RecursiveMethod::fac2(int)].JML normal_behavior operation contract.0 
46276      DEBUG main            d.u.i.k.p.i.IntermediateProofReplayer Proof replay took 53.91ms 
46278      DEBUG main            d.u.i.k.p.r.p.TestFile    ... success: reloaded. 
46279      INFO  main            d.u.i.k.p.r.p.TestFile    Now processing file /home/runner/work/key/key/key.core/../key.ui/examples/standard_key/java_dl/jml-assert/quantor-assert.key 
46280      INFO  main            d.u.i.k.p.i.AbstractProblemLoader Loading environment from /home/runner/work/key/key/key.core/../key.ui/examples/standard_key/java_dl/jml-assert/quantor-assert.key 
46281      DEBUG main            d.u.i.k.p.i.AbstractProblemLoader Environment load took 402.5ns 
46282      INFO  main            d.u.i.k.p.i.AbstractProblemLoader Creating init config 
49647      DEBUG main            d.u.i.k.p.i.AbstractProblemLoader Init config took 3.37s 
49703      INFO  main            d.u.i.k.p.i.AbstractProblemLoader Replaying proof Quantor[Quantor::square1(int)].JML normal_behavior operation contract.0 
49705      DEBUG main            d.u.i.k.p.i.IntermediateProofReplayer Proof replay took 24.3ns 
49808      INFO  main            d.u.i.k.p.r.p.TestFile    ... finished proof: closed. 
50098      INFO  main            d.u.i.k.p.i.AbstractProblemLoader Loading environment from /home/runner/work/key/key/key.core/../key.ui/examples/standard_key/java_dl/jml-assert/quantor-assert.key.proof 
50099      DEBUG main            d.u.i.k.p.i.AbstractProblemLoader Environment load took 196.2ns 
50100      INFO  main            d.u.i.k.p.i.AbstractProblemLoader Creating init config 
53338      DEBUG main            d.u.i.k.p.i.AbstractProblemLoader Init config took 3.24s 
53385      INFO  main            d.u.i.k.p.i.AbstractProblemLoader Replaying proof Quantor[Quantor::square1(int)].JML normal_behavior operation contract.0 
53408      DEBUG main            d.u.i.k.p.i.IntermediateProofReplayer Proof replay took 20.61ms 
53409      DEBUG main            d.u.i.k.p.r.p.TestFile    ... success: reloaded. 
53410      INFO  main            d.u.i.k.p.r.p.TestFile    Now processing file /home/runner/work/key/key/key.core/../key.ui/examples/standard_key/java_dl/jml-assert/quantor-assume.key 
53411      INFO  main            d.u.i.k.p.i.AbstractProblemLoader Loading environment from /home/runner/work/key/key/key.core/../key.ui/examples/standard_key/java_dl/jml-assert/quantor-assume.key 
53412      DEBUG main            d.u.i.k.p.i.AbstractProblemLoader Environment load took 358.2ns 
53413      INFO  main            d.u.i.k.p.i.AbstractProblemLoader Creating init config 
56593      DEBUG main            d.u.i.k.p.i.AbstractProblemLoader Init config took 3.18s 
56643      INFO  main            d.u.i.k.p.i.AbstractProblemLoader Replaying proof Quantor[Quantor::square2(int)].JML normal_behavior operation contract.0 
56645      DEBUG main            d.u.i.k.p.i.IntermediateProofReplayer Proof replay took 8.9ns 
56747      INFO  main            d.u.i.k.p.r.p.TestFile    ... finished proof: closed. 
56964      INFO  main            d.u.i.k.p.i.AbstractProblemLoader Loading environment from /home/runner/work/key/key/key.core/../key.ui/examples/standard_key/java_dl/jml-assert/quantor-assume.key.proof 
56964      DEBUG main            d.u.i.k.p.i.AbstractProblemLoader Environment load took 162.4ns 
56966      INFO  main            d.u.i.k.p.i.AbstractProblemLoader Creating init config 
60052      DEBUG main            d.u.i.k.p.i.AbstractProblemLoader Init config took 3.09s 
60099      INFO  main            d.u.i.k.p.i.AbstractProblemLoader Replaying proof Quantor[Quantor::square2(int)].JML normal_behavior operation contract.0 
60118      DEBUG main            d.u.i.k.p.i.IntermediateProofReplayer Proof replay took 17.54ms 
60119      DEBUG main            d.u.i.k.p.r.p.TestFile    ... success: reloaded. 
60121      INFO  main            d.u.i.k.p.r.p.TestFile    Now processing file /home/runner/work/key/key/key.core/../key.ui/examples/standard_key/java_dl/jml-assert/model-methods-static-static.key 
60121      INFO  main            d.u.i.k.p.i.AbstractProblemLoader Loading environment from /home/runner/work/key/key/key.core/../key.ui/examples/standard_key/java_dl/jml-assert/model-methods-static-static.key 
60121      DEBUG main            d.u.i.k.p.i.AbstractProblemLoader Environment load took 161.6ns 
60122      INFO  main            d.u.i.k.p.i.AbstractProblemLoader Creating init config 
63308      DEBUG main            d.u.i.k.p.i.AbstractProblemLoader Init config took 3.19s 
63359      INFO  main            d.u.i.k.p.i.AbstractProblemLoader Replaying proof ModelMethods[ModelMethods::test1()].JML normal_behavior operation contract.0 
63360      DEBUG main            d.u.i.k.p.i.IntermediateProofReplayer Proof replay took 7.5ns 
63462      INFO  main            d.u.i.k.p.r.p.TestFile    ... finished proof: closed. 
63718      INFO  main            d.u.i.k.p.i.AbstractProblemLoader Loading environment from /home/runner/work/key/key/key.core/../key.ui/examples/standard_key/java_dl/jml-assert/model-methods-static-static.key.proof 
63719      DEBUG main            d.u.i.k.p.i.AbstractProblemLoader Environment load took 1.27ms 
63720      INFO  main            d.u.i.k.p.i.AbstractProblemLoader Creating init config 
66793      DEBUG main            d.u.i.k.p.i.AbstractProblemLoader Init config took 3.07s 
66845      INFO  main            d.u.i.k.p.i.AbstractProblemLoader Replaying proof ModelMethods[ModelMethods::test1()].JML normal_behavior operation contract.0 
66855      DEBUG main            d.u.i.k.p.i.IntermediateProofReplayer Proof replay took 7.5ms 
66856      DEBUG main            d.u.i.k.p.r.p.TestFile    ... success: reloaded. 
66857      INFO  main            d.u.i.k.p.r.p.TestFile    Now processing file /home/runner/work/key/key/key.core/../key.ui/examples/standard_key/java_dl/jml-assert/model-methods-instance-static.key 
66857      INFO  main            d.u.i.k.p.i.AbstractProblemLoader Loading environment from /home/runner/work/key/key/key.core/../key.ui/examples/standard_key/java_dl/jml-assert/model-methods-instance-static.key 
66857      DEBUG main            d.u.i.k.p.i.AbstractProblemLoader Environment load took 124.1ns 
66859      INFO  main            d.u.i.k.p.i.AbstractProblemLoader Creating init config 
70049      DEBUG main            d.u.i.k.p.i.AbstractProblemLoader Init config took 3.19s 
70094      INFO  main            d.u.i.k.p.i.AbstractProblemLoader Replaying proof ModelMethods[ModelMethods::test2()].JML normal_behavior operation contract.0 
70095      DEBUG main            d.u.i.k.p.i.IntermediateProofReplayer Proof replay took 7.5ns 
70201      INFO  main            d.u.i.k.p.r.p.TestFile    ... finished proof: closed. 
70457      INFO  main            d.u.i.k.p.i.AbstractProblemLoader Loading environment from /home/runner/work/key/key/key.core/../key.ui/examples/standard_key/java_dl/jml-assert/model-methods-instance-static.key.proof 
70457      DEBUG main            d.u.i.k.p.i.AbstractProblemLoader Environment load took 131.6ns 
70459      INFO  main            d.u.i.k.p.i.AbstractProblemLoader Creating init config 
73642      DEBUG main            d.u.i.k.p.i.AbstractProblemLoader Init config took 3.18s 
73690      INFO  main            d.u.i.k.p.i.AbstractProblemLoader Replaying proof ModelMethods[ModelMethods::test2()].JML normal_behavior operation contract.0 
73703      DEBUG main            d.u.i.k.p.i.IntermediateProofReplayer Proof replay took 10.93ms 
73705      DEBUG main            d.u.i.k.p.r.p.TestFile    ... success: reloaded. 
73706      INFO  main            d.u.i.k.p.r.p.TestFile    Now processing file /home/runner/work/key/key/key.core/../key.ui/examples/standard_key/java_dl/jml-assert/model-methods-instance-instance.key 
73706      INFO  main            d.u.i.k.p.i.AbstractProblemLoader Loading environment from /home/runner/work/key/key/key.core/../key.ui/examples/standard_key/java_dl/jml-assert/model-methods-instance-instance.key 
73707      DEBUG main            d.u.i.k.p.i.AbstractProblemLoader Environment load took 244.5ns 
73708      INFO  main            d.u.i.k.p.i.AbstractProblemLoader Creating init config 
76943      DEBUG main            d.u.i.k.p.i.AbstractProblemLoader Init config took 3.23s 
76991      INFO  main            d.u.i.k.p.i.AbstractProblemLoader Replaying proof ModelMethods[ModelMethods::test3()].JML normal_behavior operation contract.0 
76993      DEBUG main            d.u.i.k.p.i.IntermediateProofReplayer Proof replay took 7.2ns 
77097      INFO  main            d.u.i.k.p.r.p.TestFile    ... finished proof: closed. 
77377      INFO  main            d.u.i.k.p.i.AbstractProblemLoader Loading environment from /home/runner/work/key/key/key.core/../key.ui/examples/standard_key/java_dl/jml-assert/model-methods-instance-instance.key.proof 
77377      DEBUG main            d.u.i.k.p.i.AbstractProblemLoader Environment load took 158.5ns 
77378      INFO  main            d.u.i.k.p.i.AbstractProblemLoader Creating init config 
80521      DEBUG main            d.u.i.k.p.i.AbstractProblemLoader Init config took 3.14s 
80574      INFO  main            d.u.i.k.p.i.AbstractProblemLoader Replaying proof ModelMethods[ModelMethods::test3()].JML normal_behavior operation contract.0 
80608      DEBUG main            d.u.i.k.p.i.IntermediateProofReplayer Proof replay took 24.72ms 
80611      DEBUG main            d.u.i.k.p.r.p.TestFile    ... success: reloaded. 
80613      INFO  main            d.u.i.k.p.r.p.TestFile    Now processing file /home/runner/work/key/key/key.core/../key.ui/examples/standard_key/java_dl/jml-assert/model-methods-static-instance.key 
80613      INFO  main            d.u.i.k.p.i.AbstractProblemLoader Loading environment from /home/runner/work/key/key/key.core/../key.ui/examples/standard_key/java_dl/jml-assert/model-methods-static-instance.key 
80613      DEBUG main            d.u.i.k.p.i.AbstractProblemLoader Environment load took 139.5ns 
80614      INFO  main            d.u.i.k.p.i.AbstractProblemLoader Creating init config 
83836      DEBUG main            d.u.i.k.p.i.AbstractProblemLoader Init config took 3.22s 
83883      INFO  main            d.u.i.k.p.i.AbstractProblemLoader Replaying proof ModelMethods[ModelMethods::test4()].JML normal_behavior operation contract.0 
83885      DEBUG main            d.u.i.k.p.i.IntermediateProofReplayer Proof replay took 23.4ns 
84089      INFO  main            d.u.i.k.p.r.p.TestFile    ... finished proof: closed. 
84342      INFO  main            d.u.i.k.p.i.AbstractProblemLoader Loading environment from /home/runner/work/key/key/key.core/../key.ui/examples/standard_key/java_dl/jml-assert/model-methods-static-instance.key.proof 
84342      DEBUG main            d.u.i.k.p.i.AbstractProblemLoader Environment load took 184.9ns 
84344      INFO  main            d.u.i.k.p.i.AbstractProblemLoader Creating init config 
87519      DEBUG main            d.u.i.k.p.i.AbstractProblemLoader Init config took 3.17s 
87574      INFO  main            d.u.i.k.p.i.AbstractProblemLoader Replaying proof ModelMethods[ModelMethods::test4()].JML normal_behavior operation contract.0 
87622      DEBUG main            d.u.i.k.p.i.IntermediateProofReplayer Proof replay took 41.89ms 
87624      DEBUG main            d.u.i.k.p.r.p.TestFile    ... success: reloaded. 
87625      INFO  main            d.u.i.k.p.r.p.TestFile    Now processing file /home/runner/work/key/key/key.core/../key.ui/examples/standard_key/java_dl/jml-assert/assert-old/inc-field.key 
87625      INFO  main            d.u.i.k.p.i.AbstractProblemLoader Loading environment from /home/runner/work/key/key/key.core/../key.ui/examples/standard_key/java_dl/jml-assert/assert-old/inc-field.key 
87625      DEBUG main            d.u.i.k.p.i.AbstractProblemLoader Environment load took 98.2ns 
87626      INFO  main            d.u.i.k.p.i.AbstractProblemLoader Creating init config 
90849      DEBUG main            d.u.i.k.p.i.AbstractProblemLoader Init config took 3.22s 
90899      INFO  main            d.u.i.k.p.i.AbstractProblemLoader Replaying proof Inc[Inc::inc_field()].JML normal_behavior operation contract.0 
90901      DEBUG main            d.u.i.k.p.i.IntermediateProofReplayer Proof replay took 8.1ns 
91103      INFO  main            d.u.i.k.p.r.p.TestFile    ... finished proof: closed. 
91388      INFO  main            d.u.i.k.p.i.AbstractProblemLoader Loading environment from /home/runner/work/key/key/key.core/../key.ui/examples/standard_key/java_dl/jml-assert/assert-old/inc-field.key.proof 
91389      DEBUG main            d.u.i.k.p.i.AbstractProblemLoader Environment load took 786ns 
91390      INFO  main            d.u.i.k.p.i.AbstractProblemLoader Creating init config 
94677      DEBUG main            d.u.i.k.p.i.AbstractProblemLoader Init config took 3.29s 
94723      INFO  main            d.u.i.k.p.i.AbstractProblemLoader Replaying proof Inc[Inc::inc_field()].JML normal_behavior operation contract.0 
94766      DEBUG main            d.u.i.k.p.i.IntermediateProofReplayer Proof replay took 40.4ms 
94767      DEBUG main            d.u.i.k.p.r.p.TestFile    ... success: reloaded. 
94768      INFO  main            d.u.i.k.p.r.p.TestFile    Now processing file /home/runner/work/key/key/key.core/../key.ui/examples/standard_key/java_dl/jml-assert/assert-old/inc-parameter.key 
94768      INFO  main            d.u.i.k.p.i.AbstractProblemLoader Loading environment from /home/runner/work/key/key/key.core/../key.ui/examples/standard_key/java_dl/jml-assert/assert-old/inc-parameter.key 
94768      DEBUG main            d.u.i.k.p.i.AbstractProblemLoader Environment load took 69.5ns 
94769      INFO  main            d.u.i.k.p.i.AbstractProblemLoader Creating init config 
98145      DEBUG main            d.u.i.k.p.i.AbstractProblemLoader Init config took 3.38s 
98189      INFO  main            d.u.i.k.p.i.AbstractProblemLoader Replaying proof Inc[Inc::inc_parameter(int)].JML normal_behavior operation contract.0 
98191      DEBUG main            d.u.i.k.p.i.IntermediateProofReplayer Proof replay took 8.3ns 
98296      INFO  main            d.u.i.k.p.r.p.TestFile    ... finished proof: closed. 
98607      INFO  main            d.u.i.k.p.i.AbstractProblemLoader Loading environment from /home/runner/work/key/key/key.core/../key.ui/examples/standard_key/java_dl/jml-assert/assert-old/inc-parameter.key.proof 
98607      DEBUG main            d.u.i.k.p.i.AbstractProblemLoader Environment load took 127ns 
98608      INFO  main            d.u.i.k.p.i.AbstractProblemLoader Creating init config 
101790     DEBUG main            d.u.i.k.p.i.AbstractProblemLoader Init config took 3.18s 
101833     INFO  main            d.u.i.k.p.i.AbstractProblemLoader Replaying proof Inc[Inc::inc_parameter(int)].JML normal_behavior operation contract.0 
101855     DEBUG main            d.u.i.k.p.i.IntermediateProofReplayer Proof replay took 19.03ms 
101856     DEBUG main            d.u.i.k.p.r.p.TestFile    ... success: reloaded. 
101857     INFO  main            d.u.i.k.p.r.p.TestFile    Now processing file /home/runner/work/key/key/key.core/../key.ui/examples/standard_key/java_dl/jml-assert/assert-old/inc-parameter-field.key 
101857     INFO  main            d.u.i.k.p.i.AbstractProblemLoader Loading environment from /home/runner/work/key/key/key.core/../key.ui/examples/standard_key/java_dl/jml-assert/assert-old/inc-parameter-field.key 
101857     DEBUG main            d.u.i.k.p.i.AbstractProblemLoader Environment load took 177.3ns 
101859     INFO  main            d.u.i.k.p.i.AbstractProblemLoader Creating init config 
104984     DEBUG main            d.u.i.k.p.i.AbstractProblemLoader Init config took 3.13s 
105028     INFO  main            d.u.i.k.p.i.AbstractProblemLoader Replaying proof Inc[Inc::inc_parameter_field(Inc)].JML normal_behavior operation contract.0 
105029     DEBUG main            d.u.i.k.p.i.IntermediateProofReplayer Proof replay took 7.9ns 
105231     INFO  main            d.u.i.k.p.r.p.TestFile    ... finished proof: closed. 
105524     INFO  main            d.u.i.k.p.i.AbstractProblemLoader Loading environment from /home/runner/work/key/key/key.core/../key.ui/examples/standard_key/java_dl/jml-assert/assert-old/inc-parameter-field.key.proof 
105524     DEBUG main            d.u.i.k.p.i.AbstractProblemLoader Environment load took 600.8ns 
105526     INFO  main            d.u.i.k.p.i.AbstractProblemLoader Creating init config 
108537     DEBUG main            d.u.i.k.p.i.AbstractProblemLoader Init config took 3.01s 
108588     INFO  main            d.u.i.k.p.i.AbstractProblemLoader Replaying proof Inc[Inc::inc_parameter_field(Inc)].JML normal_behavior operation contract.0 
108634     DEBUG main            d.u.i.k.p.i.IntermediateProofReplayer Proof replay took 43.77ms 
108635     DEBUG main            d.u.i.k.p.r.p.TestFile    ... success: reloaded. 
108636     INFO  main            d.u.i.k.p.r.p.TestFile    Now processing file /home/runner/work/key/key/key.core/../key.ui/examples/standard_key/java_dl/jml-assert/assert-old/inc-ghost-field.key 
108636     INFO  main            d.u.i.k.p.i.AbstractProblemLoader Loading environment from /home/runner/work/key/key/key.core/../key.ui/examples/standard_key/java_dl/jml-assert/assert-old/inc-ghost-field.key 
108637     DEBUG main            d.u.i.k.p.i.AbstractProblemLoader Environment load took 368.9ns 
108638     INFO  main            d.u.i.k.p.i.AbstractProblemLoader Creating init config 
111709     DEBUG main            d.u.i.k.p.i.AbstractProblemLoader Init config took 3.07s 
111749     INFO  main            d.u.i.k.p.i.AbstractProblemLoader Replaying proof Inc[Inc::inc_ghost_field()].JML normal_behavior operation contract.0 
111750     DEBUG main            d.u.i.k.p.i.IntermediateProofReplayer Proof replay took 7.4ns 
111954     INFO  main            d.u.i.k.p.r.p.TestFile    ... finished proof: closed. 
112259     INFO  main            d.u.i.k.p.i.AbstractProblemLoader Loading environment from /home/runner/work/key/key/key.core/../key.ui/examples/standard_key/java_dl/jml-assert/assert-old/inc-ghost-field.key.proof 
112259     DEBUG main            d.u.i.k.p.i.AbstractProblemLoader Environment load took 128.2ns 
112262     INFO  main            d.u.i.k.p.i.AbstractProblemLoader Creating init config 
115317     DEBUG main            d.u.i.k.p.i.AbstractProblemLoader Init config took 3.06s 
115365     INFO  main            d.u.i.k.p.i.AbstractProblemLoader Replaying proof Inc[Inc::inc_ghost_field()].JML normal_behavior operation contract.0 
115405     DEBUG main            d.u.i.k.p.i.IntermediateProofReplayer Proof replay took 37.24ms 
115407     DEBUG main            d.u.i.k.p.r.p.TestFile    ... success: reloaded. 
889389     INFO  Test worker     d.u.i.k.p.r.RunAllProofsTestUnit Returning from test jmlAsserts 
889391     INFO  Test worker     d.u.i.k.p.r.RunAllProofsTestUnit Running test javaCard 
556        INFO  Timeout watchdog d.u.i.k.p.r.p.ForkedTestFileRunner Timeout watcher launched (2000 secs.) 
582        WARN  main            d.u.i.k.s.ProofSettings   The settings in /home/runner/.key/proof-settings.props are *not* read. 
647        INFO  main            d.u.i.k.p.r.p.TestFile    Now processing file /home/runner/work/key/key/key.core/../key.ui/examples/heap/javacard/updateBalance0.key 
805        INFO  main            d.u.i.k.p.i.AbstractProblemLoader Loading environment from /home/runner/work/key/key/key.core/../key.ui/examples/heap/javacard/updateBalance0.key 
824        DEBUG main            d.u.i.k.p.i.AbstractProblemLoader Environment load took 2.59ms 
1126       INFO  main            d.u.i.k.p.i.AbstractProblemLoader Creating init config 
2540       DEBUG main            d.u.i.k.j.TypeConverter   No LDT found for Meta 
2541       DEBUG main            d.u.i.k.j.TypeConverter   No LDT found for Meta 
2546       DEBUG main            d.u.i.k.j.TypeConverter   No LDT found for Meta 
2546       DEBUG main            d.u.i.k.j.TypeConverter   No LDT found for Meta 
4755       DEBUG main            d.u.i.k.j.TypeConverter   No LDT found for JavaBigintExpression 
8998       DEBUG main            d.u.i.k.p.i.AbstractProblemLoader Init config took 7.87s 
9213       INFO  main            d.u.i.k.p.i.AbstractProblemLoader Replaying proof Examples[Examples::updateBalance(short)].JML normal_behavior operation contract.0 
9265       DEBUG main            d.u.i.k.p.i.IntermediateProofReplayer Proof replay took 41.8ns 
11214      INFO  main            d.u.i.k.p.r.p.TestFile    ... finished proof: closed. 
11365      INFO  main            d.u.i.k.p.i.AbstractProblemLoader Loading environment from /home/runner/work/key/key/key.core/../key.ui/examples/heap/javacard/updateBalance0.key.proof 
11365      DEBUG main            d.u.i.k.p.i.AbstractProblemLoader Environment load took 176.5ns 
11367      INFO  main            d.u.i.k.p.i.AbstractProblemLoader Creating init config 
13689      DEBUG main            d.u.i.k.p.i.AbstractProblemLoader Init config took 2.32s 
13780      INFO  main            d.u.i.k.p.i.AbstractProblemLoader Replaying proof Examples[Examples::updateBalance(short)].JML normal_behavior operation contract.0 
14083      DEBUG main            d.u.i.k.p.i.IntermediateProofReplayer Proof replay took 291.07ms 
14094      DEBUG main            d.u.i.k.p.r.p.TestFile    ... success: reloaded. 
14102      INFO  main            d.u.i.k.p.r.p.TestFile    Now processing file /home/runner/work/key/key/key.core/../key.ui/examples/heap/javacard/updateBalance1.key 
14102      INFO  main            d.u.i.k.p.i.AbstractProblemLoader Loading environment from /home/runner/work/key/key/key.core/../key.ui/examples/heap/javacard/updateBalance1.key 
14102      DEBUG main            d.u.i.k.p.i.AbstractProblemLoader Environment load took 153.4ns 
14106      INFO  main            d.u.i.k.p.i.AbstractProblemLoader Creating init config 
16209      DEBUG main            d.u.i.k.p.i.AbstractProblemLoader Init config took 2.1s 
16277      INFO  main            d.u.i.k.p.i.AbstractProblemLoader Replaying proof Examples[Examples::updateBalance(short)].JML normal_behavior operation contract.1 
16281      DEBUG main            d.u.i.k.p.i.IntermediateProofReplayer Proof replay took 7.5ns 
17087      INFO  main            d.u.i.k.p.r.p.TestFile    ... finished proof: closed. 
17273      INFO  main            d.u.i.k.p.i.AbstractProblemLoader Loading environment from /home/runner/work/key/key/key.core/../key.ui/examples/heap/javacard/updateBalance1.key.proof 
17274      DEBUG main            d.u.i.k.p.i.AbstractProblemLoader Environment load took 825.3ns 
17276      INFO  main            d.u.i.k.p.i.AbstractProblemLoader Creating init config 
19352      DEBUG main            d.u.i.k.p.i.AbstractProblemLoader Init config took 2.08s 
19427      INFO  main            d.u.i.k.p.i.AbstractProblemLoader Replaying proof Examples[Examples::updateBalance(short)].JML normal_behavior operation contract.1 
19656      DEBUG main            d.u.i.k.p.i.IntermediateProofReplayer Proof replay took 217.96ms 
19660      DEBUG main            d.u.i.k.p.r.p.TestFile    ... success: reloaded. 
19666      INFO  main            d.u.i.k.p.r.p.TestFile    Now processing file /home/runner/work/key/key/key.core/../key.ui/examples/heap/javacard/setArray1.key 
19666      INFO  main            d.u.i.k.p.i.AbstractProblemLoader Loading environment from /home/runner/work/key/key/key.core/../key.ui/examples/heap/javacard/setArray1.key 
19666      DEBUG main            d.u.i.k.p.i.AbstractProblemLoader Environment load took 158.3ns 
19669      INFO  main            d.u.i.k.p.i.AbstractProblemLoader Creating init config 
21658      DEBUG main            d.u.i.k.p.i.AbstractProblemLoader Init config took 1.99s 
21728      INFO  main            d.u.i.k.p.i.AbstractProblemLoader Replaying proof Examples[Examples::setArray1([B)].JML normal_behavior operation contract.0 
21733      DEBUG main            d.u.i.k.p.i.IntermediateProofReplayer Proof replay took 6.2ns 
23144      INFO  main            d.u.i.k.p.r.p.TestFile    ... finished proof: closed. 
23286      INFO  main            d.u.i.k.p.i.AbstractProblemLoader Loading environment from /home/runner/work/key/key/key.core/../key.ui/examples/heap/javacard/setArray1.key.proof 
23286      DEBUG main            d.u.i.k.p.i.AbstractProblemLoader Environment load took 149.1ns 
23291      INFO  main            d.u.i.k.p.i.AbstractProblemLoader Creating init config 
25218      DEBUG main            d.u.i.k.p.i.AbstractProblemLoader Init config took 1.93s 
25274      INFO  main            d.u.i.k.p.i.AbstractProblemLoader Replaying proof Examples[Examples::setArray1([B)].JML normal_behavior operation contract.0 
25555      DEBUG main            d.u.i.k.p.i.IntermediateProofReplayer Proof replay took 274.01ms 
25558      DEBUG main            d.u.i.k.p.r.p.TestFile    ... success: reloaded. 
25561      INFO  main            d.u.i.k.p.r.p.TestFile    Now processing file /home/runner/work/key/key/key.core/../key.ui/examples/heap/javacard/setArray2.key 
25561      INFO  main            d.u.i.k.p.i.AbstractProblemLoader Loading environment from /home/runner/work/key/key/key.core/../key.ui/examples/heap/javacard/setArray2.key 
25562      DEBUG main            d.u.i.k.p.i.AbstractProblemLoader Environment load took 284.6ns 
25563      INFO  main            d.u.i.k.p.i.AbstractProblemLoader Creating init config 
27469      DEBUG main            d.u.i.k.p.i.AbstractProblemLoader Init config took 1.91s 
27549      INFO  main            d.u.i.k.p.i.AbstractProblemLoader Replaying proof Examples[Examples::setArray2([B)].JML normal_behavior operation contract.0 
27552      DEBUG main            d.u.i.k.p.i.IntermediateProofReplayer Proof replay took 7.8ns 
28890      INFO  main            d.u.i.k.p.r.p.TestFile    ... finished proof: closed. 
29075      INFO  main            d.u.i.k.p.i.AbstractProblemLoader Loading environment from /home/runner/work/key/key/key.core/../key.ui/examples/heap/javacard/setArray2.key.proof 
29076      DEBUG main            d.u.i.k.p.i.AbstractProblemLoader Environment load took 1.47ms 
29078      INFO  main            d.u.i.k.p.i.AbstractProblemLoader Creating init config 
31046      DEBUG main            d.u.i.k.p.i.AbstractProblemLoader Init config took 1.97s 
31103      INFO  main            d.u.i.k.p.i.AbstractProblemLoader Replaying proof Examples[Examples::setArray2([B)].JML normal_behavior operation contract.0 
31422      DEBUG main            d.u.i.k.p.i.IntermediateProofReplayer Proof replay took 307.67ms 
31433      DEBUG main            d.u.i.k.p.r.p.TestFile    ... success: reloaded. 
31436      INFO  main            d.u.i.k.p.r.p.TestFile    Now processing file /home/runner/work/key/key/key.core/../key.ui/examples/heap/javacard/arrayFillNonAtomic.key 
31437      INFO  main            d.u.i.k.p.i.AbstractProblemLoader Loading environment from /home/runner/work/key/key/key.core/../key.ui/examples/heap/javacard/arrayFillNonAtomic.key 
31437      DEBUG main            d.u.i.k.p.i.AbstractProblemLoader Environment load took 290.4ns 
31438      INFO  main            d.u.i.k.p.i.AbstractProblemLoader Creating init config 
33302      DEBUG main            d.u.i.k.p.i.AbstractProblemLoader Init config took 1.86s 
33371      INFO  main            d.u.i.k.p.i.AbstractProblemLoader Replaying proof javacard.framework.Util[javacard.framework.Util::arrayFillNonAtomic([B,short,short,byte)].JML behavior operation contract.0.transaction_inactive 
33373      DEBUG main            d.u.i.k.p.i.IntermediateProofReplayer Proof replay took 6.8ns 
34414      DEBUG Thread-13       d.u.i.k.l.o.ProgramSV     Match failed: Former match of  SchemaVariable incompatible with  the current match. 
34415      DEBUG Thread-13       d.u.i.k.l.o.ProgramSV     Match failed: Former match of  SchemaVariable incompatible with  the current match. 
36242      DEBUG Thread-13       d.u.i.k.l.o.ProgramSV     Match failed: Former match of  SchemaVariable incompatible with  the current match. 
36242      DEBUG Thread-13       d.u.i.k.l.o.ProgramSV     Match failed: Former match of  SchemaVariable incompatible with  the current match. 
38207      INFO  main            d.u.i.k.p.r.p.TestFile    ... finished proof: closed. 
38464      INFO  main            d.u.i.k.p.i.AbstractProblemLoader Loading environment from /home/runner/work/key/key/key.core/../key.ui/examples/heap/javacard/arrayFillNonAtomic.key.proof 
38465      DEBUG main            d.u.i.k.p.i.AbstractProblemLoader Environment load took 680.8ns 
38467      INFO  main            d.u.i.k.p.i.AbstractProblemLoader Creating init config 
40309      DEBUG main            d.u.i.k.p.i.AbstractProblemLoader Init config took 1.84s 
40383      INFO  main            d.u.i.k.p.i.AbstractProblemLoader Replaying proof javacard.framework.Util[javacard.framework.Util::arrayFillNonAtomic([B,short,short,byte)].JML behavior operation contract.0.transaction_inactive 
41749      DEBUG main            d.u.i.k.p.i.IntermediateProofReplayer Proof replay took 1.32s 
41751      DEBUG main            d.u.i.k.p.r.p.TestFile    ... success: reloaded. 
41752      INFO  main            d.u.i.k.p.r.p.TestFile    Now processing file /home/runner/work/key/key/key.core/../key.ui/examples/heap/coincidence_count/project.key 
41754      INFO  main            d.u.i.k.p.i.AbstractProblemLoader Loading environment from /home/runner/work/key/key/key.core/../key.ui/examples/heap/coincidence_count/project.key 
41754      DEBUG main            d.u.i.k.p.i.AbstractProblemLoader Environment load took 343.5ns 
41756      INFO  main            d.u.i.k.p.i.AbstractProblemLoader Creating init config 
46032      DEBUG main            d.u.i.k.p.i.AbstractProblemLoader Init config took 4.28s 
46148      INFO  main            d.u.i.k.p.i.AbstractProblemLoader Replaying proof CC[CC::calcCoinIndex([I,[I)].JML normal_behavior operation contract.0 
46157      DEBUG main            d.u.i.k.p.i.IntermediateProofReplayer Proof replay took 40ns 
69999      INFO  main            d.u.i.k.p.r.p.TestFile    ... finished proof: closed. 
70390      INFO  main            d.u.i.k.p.i.AbstractProblemLoader Loading environment from /home/runner/work/key/key/key.core/../key.ui/examples/heap/coincidence_count/project.key.proof 
70390      DEBUG main            d.u.i.k.p.i.AbstractProblemLoader Environment load took 400.1ns 
70394      INFO  main            d.u.i.k.p.i.AbstractProblemLoader Creating init config 
73661      DEBUG main            d.u.i.k.p.i.AbstractProblemLoader Init config took 3.27s 
73738      INFO  main            d.u.i.k.p.i.AbstractProblemLoader Replaying proof CC[CC::calcCoinIndex([I,[I)].JML normal_behavior operation contract.0 
75257      DEBUG main            d.u.i.k.p.i.IntermediateProofReplayer Proof replay took 1.44s 
75263      DEBUG main            d.u.i.k.p.r.p.TestFile    ... success: reloaded. 
75265      INFO  main            d.u.i.k.p.r.p.TestFile    Now processing file /home/runner/work/key/key/key.core/../key.ui/examples/heap/verifyThis11_1_Maximum/project.key 
75266      INFO  main            d.u.i.k.p.i.AbstractProblemLoader Loading environment from /home/runner/work/key/key/key.core/../key.ui/examples/heap/verifyThis11_1_Maximum/project.key 
75266      DEBUG main            d.u.i.k.p.i.AbstractProblemLoader Environment load took 311.5ns 
75267      INFO  main            d.u.i.k.p.i.AbstractProblemLoader Creating init config 
78579      DEBUG main            d.u.i.k.p.i.AbstractProblemLoader Init config took 3.31s 
78630      INFO  main            d.u.i.k.p.i.AbstractProblemLoader Replaying proof Maximum[Maximum::maxIndex([I)].JML normal_behavior operation contract.0 
78631      DEBUG main            d.u.i.k.p.i.IntermediateProofReplayer Proof replay took 7.6ns 
79839      INFO  main            d.u.i.k.p.r.p.TestFile    ... finished proof: closed. 
80168      INFO  main            d.u.i.k.p.i.AbstractProblemLoader Loading environment from /home/runner/work/key/key/key.core/../key.ui/examples/heap/verifyThis11_1_Maximum/project.key.proof 
80168      DEBUG main            d.u.i.k.p.i.AbstractProblemLoader Environment load took 190.2ns 
80169      INFO  main            d.u.i.k.p.i.AbstractProblemLoader Creating init config 
83245      DEBUG main            d.u.i.k.p.i.AbstractProblemLoader Init config took 3.08s 
83297      INFO  main            d.u.i.k.p.i.AbstractProblemLoader Replaying proof Maximum[Maximum::maxIndex([I)].JML normal_behavior operation contract.0 
83559      DEBUG main            d.u.i.k.p.i.IntermediateProofReplayer Proof replay took 254.88ms 
83561      DEBUG main            d.u.i.k.p.r.p.TestFile    ... success: reloaded. 
83562      INFO  main            d.u.i.k.p.r.p.TestFile    Now processing file /home/runner/work/key/key/key.core/../key.ui/examples/heap/fm12_01_LRS/lcp.key 
83563      INFO  main            d.u.i.k.p.i.AbstractProblemLoader Loading environment from /home/runner/work/key/key/key.core/../key.ui/examples/heap/fm12_01_LRS/lcp.key 
83563      DEBUG main            d.u.i.k.p.i.AbstractProblemLoader Environment load took 280.1ns 
83564      INFO  main            d.u.i.k.p.i.AbstractProblemLoader Creating init config 
87496      DEBUG main            d.u.i.k.p.i.AbstractProblemLoader Init config took 3.93s 
87566      INFO  main            d.u.i.k.p.i.AbstractProblemLoader Replaying proof LCP[LCP::lcp([I,int,int)].JML normal_behavior operation contract.0 
87569      DEBUG main            d.u.i.k.p.i.IntermediateProofReplayer Proof replay took 7.1ns 
88775      INFO  main            d.u.i.k.p.r.p.TestFile    ... finished proof: closed. 
89127      INFO  main            d.u.i.k.p.i.AbstractProblemLoader Loading environment from /home/runner/work/key/key/key.core/../key.ui/examples/heap/fm12_01_LRS/lcp.key.proof 
89128      DEBUG main            d.u.i.k.p.i.AbstractProblemLoader Environment load took 675.9ns 
89130      INFO  main            d.u.i.k.p.i.AbstractProblemLoader Creating init config 
92725      DEBUG main            d.u.i.k.p.i.AbstractProblemLoader Init config took 3.59s 
92804      INFO  main            d.u.i.k.p.i.AbstractProblemLoader Replaying proof LCP[LCP::lcp([I,int,int)].JML normal_behavior operation contract.0 
93095      DEBUG main            d.u.i.k.p.i.IntermediateProofReplayer Proof replay took 284.82ms 
93097      DEBUG main            d.u.i.k.p.r.p.TestFile    ... success: reloaded. 
93098      INFO  main            d.u.i.k.p.r.p.TestFile    Now processing file /home/runner/work/key/key/key.core/../key.ui/examples/heap/SemanticSlicing/project.key 
93099      INFO  main            d.u.i.k.p.i.AbstractProblemLoader Loading environment from /home/runner/work/key/key/key.core/../key.ui/examples/heap/SemanticSlicing/project.key 
93099      DEBUG main            d.u.i.k.p.i.AbstractProblemLoader Environment load took 372.8ns 
93101      INFO  main            d.u.i.k.p.i.AbstractProblemLoader Creating init config 
96365      DEBUG main            d.u.i.k.p.i.AbstractProblemLoader Init config took 3.26s 
96426      INFO  main            d.u.i.k.p.i.AbstractProblemLoader Replaying proof unsatcore_after.competition.postcond5.scope333.LRS[unsatcore_after.competition.postcond5.scope333.LRS::doLRS()].JML operation contract.0 
96428      DEBUG main            d.u.i.k.p.i.IntermediateProofReplayer Proof replay took 6.7ns 
101549     INFO  main            d.u.i.k.p.r.p.TestFile    ... finished proof: closed. 
101926     INFO  main            d.u.i.k.p.i.AbstractProblemLoader Loading environment from /home/runner/work/key/key/key.core/../key.ui/examples/heap/SemanticSlicing/project.key.proof 
101927     DEBUG main            d.u.i.k.p.i.AbstractProblemLoader Environment load took 546.9ns 
101930     INFO  main            d.u.i.k.p.i.AbstractProblemLoader Creating init config 
105045     DEBUG main            d.u.i.k.p.i.AbstractProblemLoader Init config took 3.11s 
105119     INFO  main            d.u.i.k.p.i.AbstractProblemLoader Replaying proof unsatcore_after.competition.postcond5.scope333.LRS[unsatcore_after.competition.postcond5.scope333.LRS::doLRS()].JML operation contract.0 
106193     DEBUG main            d.u.i.k.p.i.IntermediateProofReplayer Proof replay took 1.06s 
106194     DEBUG main            d.u.i.k.p.r.p.TestFile    ... success: reloaded. 
106196     INFO  main            d.u.i.k.p.r.p.TestFile    Now processing file /home/runner/work/key/key/key.core/../key.ui/examples/heap/information_flow/ArrayList_contains.key 
106196     INFO  main            d.u.i.k.p.i.AbstractProblemLoader Loading environment from /home/runner/work/key/key/key.core/../key.ui/examples/heap/information_flow/ArrayList_contains.key 
106196     DEBUG main            d.u.i.k.p.i.AbstractProblemLoader Environment load took 188.3ns 
106197     INFO  main            d.u.i.k.p.i.AbstractProblemLoader Creating init config 
109653     DEBUG main            d.u.i.k.p.i.AbstractProblemLoader Init config took 3.46s 
109700     INFO  main            d.u.i.k.p.i.AbstractProblemLoader Replaying proof ArrayList[ArrayList::get(int)].JML normal_behavior operation contract.0 
109701     DEBUG main            d.u.i.k.p.i.IntermediateProofReplayer Proof replay took 7.2ns 
110106     INFO  main            d.u.i.k.p.r.p.TestFile    ... finished proof: closed. 
110433     INFO  main            d.u.i.k.p.i.AbstractProblemLoader Loading environment from /home/runner/work/key/key/key.core/../key.ui/examples/heap/information_flow/ArrayList_contains.key.proof 
110433     DEBUG main            d.u.i.k.p.i.AbstractProblemLoader Environment load took 144.4ns 
110435     INFO  main            d.u.i.k.p.i.AbstractProblemLoader Creating init config 
113714     DEBUG main            d.u.i.k.p.i.AbstractProblemLoader Init config took 3.28s 
113762     INFO  main            d.u.i.k.p.i.AbstractProblemLoader Replaying proof ArrayList[ArrayList::get(int)].JML normal_behavior operation contract.0 
113852     DEBUG main            d.u.i.k.p.i.IntermediateProofReplayer Proof replay took 85.26ms 
113853     DEBUG main            d.u.i.k.p.r.p.TestFile    ... success: reloaded. 
113854     INFO  main            d.u.i.k.p.r.p.TestFile    Now processing file /home/runner/work/key/key/key.core/../key.ui/examples/heap/information_flow/ArrayList_get.key 
113855     INFO  main            d.u.i.k.p.i.AbstractProblemLoader Loading environment from /home/runner/work/key/key/key.core/../key.ui/examples/heap/information_flow/ArrayList_get.key 
113855     DEBUG main            d.u.i.k.p.i.AbstractProblemLoader Environment load took 134.8ns 
113856     INFO  main            d.u.i.k.p.i.AbstractProblemLoader Creating init config 
117239     DEBUG main            d.u.i.k.p.i.AbstractProblemLoader Init config took 3.38s 
117286     INFO  main            d.u.i.k.p.i.AbstractProblemLoader Replaying proof ArrayList[ArrayList::contains(java.lang.Object)].JML normal_behavior operation contract.0 
117287     DEBUG main            d.u.i.k.p.i.IntermediateProofReplayer Proof replay took 7.3ns 
118395     INFO  main            d.u.i.k.p.r.p.TestFile    ... finished proof: closed. 
118725     INFO  main            d.u.i.k.p.i.AbstractProblemLoader Loading environment from /home/runner/work/key/key/key.core/../key.ui/examples/heap/information_flow/ArrayList_get.key.proof 
118726     DEBUG main            d.u.i.k.p.i.AbstractProblemLoader Environment load took 148.6ns 
118727     INFO  main            d.u.i.k.p.i.AbstractProblemLoader Creating init config 
122098     DEBUG main            d.u.i.k.p.i.AbstractProblemLoader Init config took 3.37s 
122145     INFO  main            d.u.i.k.p.i.AbstractProblemLoader Replaying proof ArrayList[ArrayList::contains(java.lang.Object)].JML normal_behavior operation contract.0 
122380     DEBUG main            d.u.i.k.p.i.IntermediateProofReplayer Proof replay took 229.26ms 
122381     DEBUG main            d.u.i.k.p.r.p.TestFile    ... success: reloaded. 
122382     INFO  main            d.u.i.k.p.r.p.TestFile    Now processing file /home/runner/work/key/key/key.core/../key.ui/examples/heap/information_flow/ArrayList_size.key 
122383     INFO  main            d.u.i.k.p.i.AbstractProblemLoader Loading environment from /home/runner/work/key/key/key.core/../key.ui/examples/heap/information_flow/ArrayList_size.key 
122383     DEBUG main            d.u.i.k.p.i.AbstractProblemLoader Environment load took 122ns 
122384     INFO  main            d.u.i.k.p.i.AbstractProblemLoader Creating init config 
125863     DEBUG main            d.u.i.k.p.i.AbstractProblemLoader Init config took 3.48s 
125921     INFO  main            d.u.i.k.p.i.AbstractProblemLoader Replaying proof ArrayList[ArrayList::size()].JML normal_behavior operation contract.0 
125923     DEBUG main            d.u.i.k.p.i.IntermediateProofReplayer Proof replay took 7.3ns 
126025     INFO  main            d.u.i.k.p.r.p.TestFile    ... finished proof: closed. 
126382     INFO  main            d.u.i.k.p.i.AbstractProblemLoader Loading environment from /home/runner/work/key/key/key.core/../key.ui/examples/heap/information_flow/ArrayList_size.key.proof 
126382     DEBUG main            d.u.i.k.p.i.AbstractProblemLoader Environment load took 144.5ns 
126384     INFO  main            d.u.i.k.p.i.AbstractProblemLoader Creating init config 
129653     DEBUG main            d.u.i.k.p.i.AbstractProblemLoader Init config took 3.27s 
129696     INFO  main            d.u.i.k.p.i.AbstractProblemLoader Replaying proof ArrayList[ArrayList::size()].JML normal_behavior operation contract.0 
129716     DEBUG main            d.u.i.k.p.i.IntermediateProofReplayer Proof replay took 17.02ms 
129717     DEBUG main            d.u.i.k.p.r.p.TestFile    ... success: reloaded. 
129717     INFO  main            d.u.i.k.p.r.p.TestFile    Now processing file /home/runner/work/key/key/key.core/../key.ui/examples/heap/information_flow/UpdateAbstraction_ex7_3_secure.key 
129718     INFO  main            d.u.i.k.p.i.AbstractProblemLoader Loading environment from /home/runner/work/key/key/key.core/../key.ui/examples/heap/information_flow/UpdateAbstraction_ex7_3_secure.key 
129718     DEBUG main            d.u.i.k.p.i.AbstractProblemLoader Environment load took 104.3ns 
129719     INFO  main            d.u.i.k.p.i.AbstractProblemLoader Creating init config 
133048     DEBUG main            d.u.i.k.p.i.AbstractProblemLoader Init config took 3.33s 
133091     INFO  main            d.u.i.k.p.i.AbstractProblemLoader Replaying proof UpdateAbstraction[UpdateAbstraction::ex7_3_secure()].JML operation contract.0 
133093     DEBUG main            d.u.i.k.p.i.IntermediateProofReplayer Proof replay took 8.4ns 
133295     INFO  main            d.u.i.k.p.r.p.TestFile    ... finished proof: closed. 
133638     INFO  main            d.u.i.k.p.i.AbstractProblemLoader Loading environment from /home/runner/work/key/key/key.core/../key.ui/examples/heap/information_flow/UpdateAbstraction_ex7_3_secure.key.proof 
133638     DEBUG main            d.u.i.k.p.i.AbstractProblemLoader Environment load took 208.1ns 
133639     INFO  main            d.u.i.k.p.i.AbstractProblemLoader Creating init config 
136872     DEBUG main            d.u.i.k.p.i.AbstractProblemLoader Init config took 3.23s 
136919     INFO  main            d.u.i.k.p.i.AbstractProblemLoader Replaying proof UpdateAbstraction[UpdateAbstraction::ex7_3_secure()].JML operation contract.0 
136964     DEBUG main            d.u.i.k.p.i.IntermediateProofReplayer Proof replay took 41.83ms 
136970     DEBUG main            d.u.i.k.p.r.p.TestFile    ... success: reloaded. 
136971     INFO  main            d.u.i.k.p.r.p.TestFile    Now processing file /home/runner/work/key/key/key.core/../key.ui/examples/heap/information_flow/UpdateAbstraction_ex7_4_secure.key 
136972     INFO  main            d.u.i.k.p.i.AbstractProblemLoader Loading environment from /home/runner/work/key/key/key.core/../key.ui/examples/heap/information_flow/UpdateAbstraction_ex7_4_secure.key 
136972     DEBUG main            d.u.i.k.p.i.AbstractProblemLoader Environment load took 316.3ns 
136973     INFO  main            d.u.i.k.p.i.AbstractProblemLoader Creating init config 
140304     DEBUG main            d.u.i.k.p.i.AbstractProblemLoader Init config took 3.33s 
140348     INFO  main            d.u.i.k.p.i.AbstractProblemLoader Replaying proof UpdateAbstraction[UpdateAbstraction::ex7_4_secure()].JML operation contract.0 
140350     DEBUG main            d.u.i.k.p.i.IntermediateProofReplayer Proof replay took 7.3ns 
140665     INFO  main            d.u.i.k.p.r.p.TestFile    ... finished proof: closed. 
141004     INFO  main            d.u.i.k.p.i.AbstractProblemLoader Loading environment from /home/runner/work/key/key/key.core/../key.ui/examples/heap/information_flow/UpdateAbstraction_ex7_4_secure.key.proof 
141004     DEBUG main            d.u.i.k.p.i.AbstractProblemLoader Environment load took 124.2ns 
141005     INFO  main            d.u.i.k.p.i.AbstractProblemLoader Creating init config 
144214     DEBUG main            d.u.i.k.p.i.AbstractProblemLoader Init config took 3.21s 
144261     INFO  main            d.u.i.k.p.i.AbstractProblemLoader Replaying proof UpdateAbstraction[UpdateAbstraction::ex7_4_secure()].JML operation contract.0 
144328     DEBUG main            d.u.i.k.p.i.IntermediateProofReplayer Proof replay took 63.25ms 
144329     DEBUG main            d.u.i.k.p.r.p.TestFile    ... success: reloaded. 
144330     INFO  main            d.u.i.k.p.r.p.TestFile    Now processing file /home/runner/work/key/key/key.core/../key.ui/examples/heap/information_flow/UpdateAbstraction_ex7_5_secure.key 
144330     INFO  main            d.u.i.k.p.i.AbstractProblemLoader Loading environment from /home/runner/work/key/key/key.core/../key.ui/examples/heap/information_flow/UpdateAbstraction_ex7_5_secure.key 
144331     DEBUG main            d.u.i.k.p.i.AbstractProblemLoader Environment load took 242.1ns 
144332     INFO  main            d.u.i.k.p.i.AbstractProblemLoader Creating init config 
147704     DEBUG main            d.u.i.k.p.i.AbstractProblemLoader Init config took 3.37s 
147750     INFO  main            d.u.i.k.p.i.AbstractProblemLoader Replaying proof UpdateAbstraction[UpdateAbstraction::ex7_5_secure()].JML operation contract.0 
147751     DEBUG main            d.u.i.k.p.i.IntermediateProofReplayer Proof replay took 7.4ns 
147854     INFO  main            d.u.i.k.p.r.p.TestFile    ... finished proof: closed. 
148233     INFO  main            d.u.i.k.p.i.AbstractProblemLoader Loading environment from /home/runner/work/key/key/key.core/../key.ui/examples/heap/information_flow/UpdateAbstraction_ex7_5_secure.key.proof 
148233     DEBUG main            d.u.i.k.p.i.AbstractProblemLoader Environment load took 203.7ns 
148235     INFO  main            d.u.i.k.p.i.AbstractProblemLoader Creating init config 
151550     DEBUG main            d.u.i.k.p.i.AbstractProblemLoader Init config took 3.32s 
151591     INFO  main            d.u.i.k.p.i.AbstractProblemLoader Replaying proof UpdateAbstraction[UpdateAbstraction::ex7_5_secure()].JML operation contract.0 
151618     DEBUG main            d.u.i.k.p.i.IntermediateProofReplayer Proof replay took 24.72ms 
151619     DEBUG main            d.u.i.k.p.r.p.TestFile    ... success: reloaded. 
151620     INFO  main            d.u.i.k.p.r.p.TestFile    Now processing file /home/runner/work/key/key/key.core/../key.ui/examples/heap/information_flow/UpdateAbstraction_ex7_6_secure.key 
151620     INFO  main            d.u.i.k.p.i.AbstractProblemLoader Loading environment from /home/runner/work/key/key/key.core/../key.ui/examples/heap/information_flow/UpdateAbstraction_ex7_6_secure.key 
151620     DEBUG main            d.u.i.k.p.i.AbstractProblemLoader Environment load took 121ns 
151621     INFO  main            d.u.i.k.p.i.AbstractProblemLoader Creating init config 
154920     DEBUG main            d.u.i.k.p.i.AbstractProblemLoader Init config took 3.3s 
154999     INFO  main            d.u.i.k.p.i.AbstractProblemLoader Replaying proof UpdateAbstraction[UpdateAbstraction::ex7_6_secure()].JML operation contract.0 
155001     DEBUG main            d.u.i.k.p.i.IntermediateProofReplayer Proof replay took 7.4ns 
155404     INFO  main            d.u.i.k.p.r.p.TestFile    ... finished proof: closed. 
155805     INFO  main            d.u.i.k.p.i.AbstractProblemLoader Loading environment from /home/runner/work/key/key/key.core/../key.ui/examples/heap/information_flow/UpdateAbstraction_ex7_6_secure.key.proof 
155806     DEBUG main            d.u.i.k.p.i.AbstractProblemLoader Environment load took 694.3ns 
155807     INFO  main            d.u.i.k.p.i.AbstractProblemLoader Creating init config 
159049     DEBUG main            d.u.i.k.p.i.AbstractProblemLoader Init config took 3.24s 
159088     INFO  main            d.u.i.k.p.i.AbstractProblemLoader Replaying proof UpdateAbstraction[UpdateAbstraction::ex7_6_secure()].JML operation contract.0 
159176     DEBUG main            d.u.i.k.p.i.IntermediateProofReplayer Proof replay took 85.59ms 
159177     DEBUG main            d.u.i.k.p.r.p.TestFile    ... success: reloaded. 
159178     INFO  main            d.u.i.k.p.r.p.TestFile    Now processing file /home/runner/work/key/key/key.core/../key.ui/examples/heap/information_flow/UpdateAbstraction_ex9_secure.key 
159179     INFO  main            d.u.i.k.p.i.AbstractProblemLoader Loading environment from /home/runner/work/key/key/key.core/../key.ui/examples/heap/information_flow/UpdateAbstraction_ex9_secure.key 
159179     DEBUG main            d.u.i.k.p.i.AbstractProblemLoader Environment load took 141.2ns 
159180     INFO  main            d.u.i.k.p.i.AbstractProblemLoader Creating init config 
162412     DEBUG main            d.u.i.k.p.i.AbstractProblemLoader Init config took 3.23s 
162454     INFO  main            d.u.i.k.p.i.AbstractProblemLoader Replaying proof UpdateAbstraction[UpdateAbstraction::ex9_secure()].JML operation contract.0 
162456     DEBUG main            d.u.i.k.p.i.IntermediateProofReplayer Proof replay took 8ns 
163561     INFO  main            d.u.i.k.p.r.p.TestFile    ... finished proof: closed. 
163987     INFO  main            d.u.i.k.p.i.AbstractProblemLoader Loading environment from /home/runner/work/key/key/key.core/../key.ui/examples/heap/information_flow/UpdateAbstraction_ex9_secure.key.proof 
163987     DEBUG main            d.u.i.k.p.i.AbstractProblemLoader Environment load took 354.2ns 
163990     INFO  main            d.u.i.k.p.i.AbstractProblemLoader Creating init config 
167190     DEBUG main            d.u.i.k.p.i.AbstractProblemLoader Init config took 3.2s 
167233     INFO  main            d.u.i.k.p.i.AbstractProblemLoader Replaying proof UpdateAbstraction[UpdateAbstraction::ex9_secure()].JML operation contract.0 
167510     DEBUG main            d.u.i.k.p.i.IntermediateProofReplayer Proof replay took 271.35ms 
167512     DEBUG main            d.u.i.k.p.r.p.TestFile    ... success: reloaded. 
1057143    INFO  Test worker     d.u.i.k.p.r.RunAllProofsTestUnit Returning from test javaCard 
1057145    INFO  Test worker     d.u.i.k.p.r.RunAllProofsTestUnit Running test list 
536        INFO  Timeout watchdog d.u.i.k.p.r.p.ForkedTestFileRunner Timeout watcher launched (2000 secs.) 
543        WARN  main            d.u.i.k.s.ProofSettings   The settings in /home/runner/.key/proof-settings.props are *not* read. 
602        INFO  main            d.u.i.k.p.r.p.TestFile    Now processing file /home/runner/work/key/key/key.core/../key.ui/examples/heap/list/ArrayList_add.key 
747        INFO  main            d.u.i.k.p.i.AbstractProblemLoader Loading environment from /home/runner/work/key/key/key.core/../key.ui/examples/heap/list/ArrayList_add.key 
769        DEBUG main            d.u.i.k.p.i.AbstractProblemLoader Environment load took 2.46ms 
1056       INFO  main            d.u.i.k.p.i.AbstractProblemLoader Creating init config 
2403       DEBUG main            d.u.i.k.j.TypeConverter   No LDT found for Meta 
2404       DEBUG main            d.u.i.k.j.TypeConverter   No LDT found for Meta 
2408       DEBUG main            d.u.i.k.j.TypeConverter   No LDT found for Meta 
2408       DEBUG main            d.u.i.k.j.TypeConverter   No LDT found for Meta 
4663       DEBUG main            d.u.i.k.j.TypeConverter   No LDT found for JavaBigintExpression 
8614       DEBUG main            d.u.i.k.j.r.ClassPreparationMethodBuilder clPrepBuilder: Inner Class detected. Reject building class initialisation methods. 
12039      DEBUG main            d.u.i.k.p.i.AbstractProblemLoader Init config took 10.98s 
12283      INFO  main            d.u.i.k.p.i.AbstractProblemLoader Replaying proof ArrayList[List::add(java.lang.Object)].JML normal_behavior operation contract.0 
12337      DEBUG main            d.u.i.k.p.i.IntermediateProofReplayer Proof replay took 42.4ns 
20013      INFO  main            d.u.i.k.p.r.p.TestFile    ... finished proof: closed. 
20253      INFO  main            d.u.i.k.p.i.AbstractProblemLoader Loading environment from /home/runner/work/key/key/key.core/../key.ui/examples/heap/list/ArrayList_add.key.proof 
20253      DEBUG main            d.u.i.k.p.i.AbstractProblemLoader Environment load took 272.7ns 
20257      INFO  main            d.u.i.k.p.i.AbstractProblemLoader Creating init config 
21713      DEBUG main            d.u.i.k.j.r.ClassPreparationMethodBuilder clPrepBuilder: Inner Class detected. Reject building class initialisation methods. 
24474      DEBUG main            d.u.i.k.p.i.AbstractProblemLoader Init config took 4.22s 
24564      INFO  main            d.u.i.k.p.i.AbstractProblemLoader Replaying proof ArrayList[List::add(java.lang.Object)].JML normal_behavior operation contract.0 
25919      DEBUG main            d.u.i.k.p.i.IntermediateProofReplayer Proof replay took 1.32s 
25930      DEBUG main            d.u.i.k.p.r.p.TestFile    ... success: reloaded. 
25932      INFO  main            d.u.i.k.p.r.p.TestFile    Now processing file /home/runner/work/key/key/key.core/../key.ui/examples/heap/list/ArrayList_ArrayList.key 
25933      INFO  main            d.u.i.k.p.i.AbstractProblemLoader Loading environment from /home/runner/work/key/key/key.core/../key.ui/examples/heap/list/ArrayList_ArrayList.key 
25933      DEBUG main            d.u.i.k.p.i.AbstractProblemLoader Environment load took 299.8ns 
25935      INFO  main            d.u.i.k.p.i.AbstractProblemLoader Creating init config 
27285      DEBUG main            d.u.i.k.j.r.ClassPreparationMethodBuilder clPrepBuilder: Inner Class detected. Reject building class initialisation methods. 
29952      DEBUG main            d.u.i.k.p.i.AbstractProblemLoader Init config took 4.02s 
30048      INFO  main            d.u.i.k.p.i.AbstractProblemLoader Replaying proof ArrayList[ArrayList::ArrayList()].JML normal_behavior operation contract.0 
30056      DEBUG main            d.u.i.k.p.i.IntermediateProofReplayer Proof replay took 7.7ns 
31973      INFO  main            d.u.i.k.p.r.p.TestFile    ... finished proof: closed. 
32232      INFO  main            d.u.i.k.p.i.AbstractProblemLoader Loading environment from /home/runner/work/key/key/key.core/../key.ui/examples/heap/list/ArrayList_ArrayList.key.proof 
32233      DEBUG main            d.u.i.k.p.i.AbstractProblemLoader Environment load took 802ns 
32235      INFO  main            d.u.i.k.p.i.AbstractProblemLoader Creating init config 
33525      DEBUG main            d.u.i.k.j.r.ClassPreparationMethodBuilder clPrepBuilder: Inner Class detected. Reject building class initialisation methods. 
36104      DEBUG main            d.u.i.k.p.i.AbstractProblemLoader Init config took 3.87s 
36184      INFO  main            d.u.i.k.p.i.AbstractProblemLoader Replaying proof ArrayList[ArrayList::ArrayList()].JML normal_behavior operation contract.0 
36572      DEBUG main            d.u.i.k.p.i.IntermediateProofReplayer Proof replay took 375.05ms 
36576      DEBUG main            d.u.i.k.p.r.p.TestFile    ... success: reloaded. 
36578      INFO  main            d.u.i.k.p.r.p.TestFile    Now processing file /home/runner/work/key/key/key.core/../key.ui/examples/heap/list/ArrayList_concatenate.key 
36579      INFO  main            d.u.i.k.p.i.AbstractProblemLoader Loading environment from /home/runner/work/key/key/key.core/../key.ui/examples/heap/list/ArrayList_concatenate.key 
36579      DEBUG main            d.u.i.k.p.i.AbstractProblemLoader Environment load took 266.3ns 
36585      INFO  main            d.u.i.k.p.i.AbstractProblemLoader Creating init config 
37833      DEBUG main            d.u.i.k.j.r.ClassPreparationMethodBuilder clPrepBuilder: Inner Class detected. Reject building class initialisation methods. 
40564      DEBUG main            d.u.i.k.p.i.AbstractProblemLoader Init config took 3.98s 
40642      INFO  main            d.u.i.k.p.i.AbstractProblemLoader Replaying proof ArrayList[List::concatenate(List)].JML normal_behavior operation contract.0 
40645      DEBUG main            d.u.i.k.p.i.IntermediateProofReplayer Proof replay took 17.2ns 
74874      INFO  main            d.u.i.k.p.r.p.TestFile    ... finished proof: closed. 
75219      INFO  main            d.u.i.k.p.i.AbstractProblemLoader Loading environment from /home/runner/work/key/key/key.core/../key.ui/examples/heap/list/ArrayList_concatenate.key.proof 
75220      DEBUG main            d.u.i.k.p.i.AbstractProblemLoader Environment load took 692.1ns 
75231      INFO  main            d.u.i.k.p.i.AbstractProblemLoader Creating init config 
76553      DEBUG main            d.u.i.k.j.r.ClassPreparationMethodBuilder clPrepBuilder: Inner Class detected. Reject building class initialisation methods. 
79315      DEBUG main            d.u.i.k.p.i.AbstractProblemLoader Init config took 4.08s 
79402      INFO  main            d.u.i.k.p.i.AbstractProblemLoader Replaying proof ArrayList[List::concatenate(List)].JML normal_behavior operation contract.0 
82689      DEBUG main            d.u.i.k.p.i.IntermediateProofReplayer Proof replay took 3.2s 
82695      DEBUG main            d.u.i.k.p.r.p.TestFile    ... success: reloaded. 
82697      INFO  main            d.u.i.k.p.r.p.TestFile    Now processing file /home/runner/work/key/key/key.core/../key.ui/examples/heap/list/ArrayList_contains_dep.key 
82697      INFO  main            d.u.i.k.p.i.AbstractProblemLoader Loading environment from /home/runner/work/key/key/key.core/../key.ui/examples/heap/list/ArrayList_contains_dep.key 
82698      DEBUG main            d.u.i.k.p.i.AbstractProblemLoader Environment load took 335.6ns 
82703      INFO  main            d.u.i.k.p.i.AbstractProblemLoader Creating init config 
84209      DEBUG main            d.u.i.k.j.r.ClassPreparationMethodBuilder clPrepBuilder: Inner Class detected. Reject building class initialisation methods. 
87021      DEBUG main            d.u.i.k.p.i.AbstractProblemLoader Init config took 4.32s 
87121      INFO  main            d.u.i.k.p.i.AbstractProblemLoader Replaying proof ArrayList[List::contains(java.lang.Object)].JML accessible clause.0 
87125      DEBUG main            d.u.i.k.p.i.IntermediateProofReplayer Proof replay took 8ns 
91239      INFO  main            d.u.i.k.p.r.p.TestFile    ... finished proof: closed. 
91663      INFO  main            d.u.i.k.p.i.AbstractProblemLoader Loading environment from /home/runner/work/key/key/key.core/../key.ui/examples/heap/list/ArrayList_contains_dep.key.proof 
91663      DEBUG main            d.u.i.k.p.i.AbstractProblemLoader Environment load took 180.1ns 
91665      INFO  main            d.u.i.k.p.i.AbstractProblemLoader Creating init config 
93040      DEBUG main            d.u.i.k.j.r.ClassPreparationMethodBuilder clPrepBuilder: Inner Class detected. Reject building class initialisation methods. 
95798      DEBUG main            d.u.i.k.p.i.AbstractProblemLoader Init config took 4.13s 
95873      INFO  main            d.u.i.k.p.i.AbstractProblemLoader Replaying proof ArrayList[List::contains(java.lang.Object)].JML accessible clause.0 
96549      DEBUG main            d.u.i.k.p.i.IntermediateProofReplayer Proof replay took 660.75ms 
96557      DEBUG main            d.u.i.k.p.r.p.TestFile    ... success: reloaded. 
96559      INFO  main            d.u.i.k.p.r.p.TestFile    Now processing file /home/runner/work/key/key/key.core/../key.ui/examples/heap/list/ArrayList_enlarge.key 
96560      INFO  main            d.u.i.k.p.i.AbstractProblemLoader Loading environment from /home/runner/work/key/key/key.core/../key.ui/examples/heap/list/ArrayList_enlarge.key 
96560      DEBUG main            d.u.i.k.p.i.AbstractProblemLoader Environment load took 348.1ns 
96562      INFO  main            d.u.i.k.p.i.AbstractProblemLoader Creating init config 
97891      DEBUG main            d.u.i.k.j.r.ClassPreparationMethodBuilder clPrepBuilder: Inner Class detected. Reject building class initialisation methods. 
100693     DEBUG main            d.u.i.k.p.i.AbstractProblemLoader Init config took 4.13s 
100764     INFO  main            d.u.i.k.p.i.AbstractProblemLoader Replaying proof ArrayList[ArrayList::enlarge()].JML normal_behavior operation contract.0 
100767     DEBUG main            d.u.i.k.p.i.IntermediateProofReplayer Proof replay took 8.5ns 
104198     INFO  main            d.u.i.k.p.r.p.TestFile    ... finished proof: closed. 
104447     INFO  main            d.u.i.k.p.i.AbstractProblemLoader Loading environment from /home/runner/work/key/key/key.core/../key.ui/examples/heap/list/ArrayList_enlarge.key.proof 
104450     DEBUG main            d.u.i.k.p.i.AbstractProblemLoader Environment load took 3.1ms 
104452     INFO  main            d.u.i.k.p.i.AbstractProblemLoader Creating init config 
105712     DEBUG main            d.u.i.k.j.r.ClassPreparationMethodBuilder clPrepBuilder: Inner Class detected. Reject building class initialisation methods. 
108509     DEBUG main            d.u.i.k.p.i.AbstractProblemLoader Init config took 4.06s 
108582     INFO  main            d.u.i.k.p.i.AbstractProblemLoader Replaying proof ArrayList[ArrayList::enlarge()].JML normal_behavior operation contract.0 
109200     DEBUG main            d.u.i.k.p.i.IntermediateProofReplayer Proof replay took 582.4ms 
109203     DEBUG main            d.u.i.k.p.r.p.TestFile    ... success: reloaded. 
109205     INFO  main            d.u.i.k.p.r.p.TestFile    Now processing file /home/runner/work/key/key/key.core/../key.ui/examples/heap/list/ArrayList_footprint.key 
109205     INFO  main            d.u.i.k.p.i.AbstractProblemLoader Loading environment from /home/runner/work/key/key/key.core/../key.ui/examples/heap/list/ArrayList_footprint.key 
109205     DEBUG main            d.u.i.k.p.i.AbstractProblemLoader Environment load took 275ns 
109207     INFO  main            d.u.i.k.p.i.AbstractProblemLoader Creating init config 
110512     DEBUG main            d.u.i.k.j.r.ClassPreparationMethodBuilder clPrepBuilder: Inner Class detected. Reject building class initialisation methods. 
113281     DEBUG main            d.u.i.k.p.i.AbstractProblemLoader Init config took 4.07s 
113341     INFO  main            d.u.i.k.p.i.AbstractProblemLoader Replaying proof List[List::$footprint()].JML accessible clause.0 
113343     DEBUG main            d.u.i.k.p.i.IntermediateProofReplayer Proof replay took 7ns 
113445     INFO  main            d.u.i.k.p.r.p.TestFile    ... finished proof: closed. 
113697     INFO  main            d.u.i.k.p.i.AbstractProblemLoader Loading environment from /home/runner/work/key/key/key.core/../key.ui/examples/heap/list/ArrayList_footprint.key.proof 
113698     DEBUG main            d.u.i.k.p.i.AbstractProblemLoader Environment load took 183.1ns 
113699     INFO  main            d.u.i.k.p.i.AbstractProblemLoader Creating init config 
114969     DEBUG main            d.u.i.k.j.r.ClassPreparationMethodBuilder clPrepBuilder: Inner Class detected. Reject building class initialisation methods. 
117679     DEBUG main            d.u.i.k.p.i.AbstractProblemLoader Init config took 3.98s 
117752     INFO  main            d.u.i.k.p.i.AbstractProblemLoader Replaying proof List[List::$footprint()].JML accessible clause.0 
117758     DEBUG main            d.u.i.k.p.i.IntermediateProofReplayer Proof replay took 1.81ms 
117759     DEBUG main            d.u.i.k.p.r.p.TestFile    ... success: reloaded. 
117761     INFO  main            d.u.i.k.p.r.p.TestFile    Now processing file /home/runner/work/key/key/key.core/../key.ui/examples/heap/list/ArrayList_get_dep.key 
117762     INFO  main            d.u.i.k.p.i.AbstractProblemLoader Loading environment from /home/runner/work/key/key/key.core/../key.ui/examples/heap/list/ArrayList_get_dep.key 
117762     DEBUG main            d.u.i.k.p.i.AbstractProblemLoader Environment load took 153.5ns 
117763     INFO  main            d.u.i.k.p.i.AbstractProblemLoader Creating init config 
119023     DEBUG main            d.u.i.k.j.r.ClassPreparationMethodBuilder clPrepBuilder: Inner Class detected. Reject building class initialisation methods. 
121747     DEBUG main            d.u.i.k.p.i.AbstractProblemLoader Init config took 3.98s 
121811     INFO  main            d.u.i.k.p.i.AbstractProblemLoader Replaying proof ArrayList[List::get(int)].JML accessible clause.0 
121813     DEBUG main            d.u.i.k.p.i.IntermediateProofReplayer Proof replay took 7.4ns 
122426     INFO  main            d.u.i.k.p.r.p.TestFile    ... finished proof: closed. 
122696     INFO  main            d.u.i.k.p.i.AbstractProblemLoader Loading environment from /home/runner/work/key/key/key.core/../key.ui/examples/heap/list/ArrayList_get_dep.key.proof 
122697     DEBUG main            d.u.i.k.p.i.AbstractProblemLoader Environment load took 750ns 
122698     INFO  main            d.u.i.k.p.i.AbstractProblemLoader Creating init config 
123893     DEBUG main            d.u.i.k.j.r.ClassPreparationMethodBuilder clPrepBuilder: Inner Class detected. Reject building class initialisation methods. 
126514     DEBUG main            d.u.i.k.p.i.AbstractProblemLoader Init config took 3.82s 
126581     INFO  main            d.u.i.k.p.i.AbstractProblemLoader Replaying proof ArrayList[List::get(int)].JML accessible clause.0 
126707     DEBUG main            d.u.i.k.p.i.IntermediateProofReplayer Proof replay took 121.52ms 
126710     DEBUG main            d.u.i.k.p.r.p.TestFile    ... success: reloaded. 
126713     INFO  main            d.u.i.k.p.r.p.TestFile    Now processing file /home/runner/work/key/key/key.core/../key.ui/examples/heap/list/ArrayList_get_exceptional.key 
126714     INFO  main            d.u.i.k.p.i.AbstractProblemLoader Loading environment from /home/runner/work/key/key/key.core/../key.ui/examples/heap/list/ArrayList_get_exceptional.key 
126714     DEBUG main            d.u.i.k.p.i.AbstractProblemLoader Environment load took 357.2ns 
126715     INFO  main            d.u.i.k.p.i.AbstractProblemLoader Creating init config 
127960     DEBUG main            d.u.i.k.j.r.ClassPreparationMethodBuilder clPrepBuilder: Inner Class detected. Reject building class initialisation methods. 
130620     DEBUG main            d.u.i.k.p.i.AbstractProblemLoader Init config took 3.9s 
130683     INFO  main            d.u.i.k.p.i.AbstractProblemLoader Replaying proof ArrayList[List::get(int)].JML exceptional_behavior operation contract.0 
130685     DEBUG main            d.u.i.k.p.i.IntermediateProofReplayer Proof replay took 7.8ns 
132309     INFO  main            d.u.i.k.p.r.p.TestFile    ... finished proof: closed. 
132562     INFO  main            d.u.i.k.p.i.AbstractProblemLoader Loading environment from /home/runner/work/key/key/key.core/../key.ui/examples/heap/list/ArrayList_get_exceptional.key.proof 
132563     DEBUG main            d.u.i.k.p.i.AbstractProblemLoader Environment load took 581.1ns 
132565     INFO  main            d.u.i.k.p.i.AbstractProblemLoader Creating init config 
133739     DEBUG main            d.u.i.k.j.r.ClassPreparationMethodBuilder clPrepBuilder: Inner Class detected. Reject building class initialisation methods. 
136353     DEBUG main            d.u.i.k.p.i.AbstractProblemLoader Init config took 3.79s 
136413     INFO  main            d.u.i.k.p.i.AbstractProblemLoader Replaying proof ArrayList[List::get(int)].JML exceptional_behavior operation contract.0 
136749     DEBUG main            d.u.i.k.p.i.IntermediateProofReplayer Proof replay took 326.7ms 
136751     DEBUG main            d.u.i.k.p.r.p.TestFile    ... success: reloaded. 
136755     INFO  main            d.u.i.k.p.r.p.TestFile    Now processing file /home/runner/work/key/key/key.core/../key.ui/examples/heap/list/ArrayList_get_normal.key 
136755     INFO  main            d.u.i.k.p.i.AbstractProblemLoader Loading environment from /home/runner/work/key/key/key.core/../key.ui/examples/heap/list/ArrayList_get_normal.key 
136755     DEBUG main            d.u.i.k.p.i.AbstractProblemLoader Environment load took 284ns 
136757     INFO  main            d.u.i.k.p.i.AbstractProblemLoader Creating init config 
137967     DEBUG main            d.u.i.k.j.r.ClassPreparationMethodBuilder clPrepBuilder: Inner Class detected. Reject building class initialisation methods. 
140581     DEBUG main            d.u.i.k.p.i.AbstractProblemLoader Init config took 3.82s 
140643     INFO  main            d.u.i.k.p.i.AbstractProblemLoader Replaying proof ArrayList[List::get(int)].JML normal_behavior operation contract.0 
140645     DEBUG main            d.u.i.k.p.i.IntermediateProofReplayer Proof replay took 8.1ns 
141253     INFO  main            d.u.i.k.p.r.p.TestFile    ... finished proof: closed. 
141535     INFO  main            d.u.i.k.p.i.AbstractProblemLoader Loading environment from /home/runner/work/key/key/key.core/../key.ui/examples/heap/list/ArrayList_get_normal.key.proof 
141535     DEBUG main            d.u.i.k.p.i.AbstractProblemLoader Environment load took 153.8ns 
141537     INFO  main            d.u.i.k.p.i.AbstractProblemLoader Creating init config 
142757     DEBUG main            d.u.i.k.j.r.ClassPreparationMethodBuilder clPrepBuilder: Inner Class detected. Reject building class initialisation methods. 
145373     DEBUG main            d.u.i.k.p.i.AbstractProblemLoader Init config took 3.84s 
145437     INFO  main            d.u.i.k.p.i.AbstractProblemLoader Replaying proof ArrayList[List::get(int)].JML normal_behavior operation contract.0 
145554     DEBUG main            d.u.i.k.p.i.IntermediateProofReplayer Proof replay took 112.26ms 
145555     DEBUG main            d.u.i.k.p.r.p.TestFile    ... success: reloaded. 
145557     INFO  main            d.u.i.k.p.r.p.TestFile    Now processing file /home/runner/work/key/key/key.core/../key.ui/examples/heap/list/ArrayList_inv.key 
145557     INFO  main            d.u.i.k.p.i.AbstractProblemLoader Loading environment from /home/runner/work/key/key/key.core/../key.ui/examples/heap/list/ArrayList_inv.key 
145557     DEBUG main            d.u.i.k.p.i.AbstractProblemLoader Environment load took 136ns 
145558     INFO  main            d.u.i.k.p.i.AbstractProblemLoader Creating init config 
146861     DEBUG main            d.u.i.k.j.r.ClassPreparationMethodBuilder clPrepBuilder: Inner Class detected. Reject building class initialisation methods. 
149649     DEBUG main            d.u.i.k.p.i.AbstractProblemLoader Init config took 4.09s 
149733     INFO  main            d.u.i.k.p.i.AbstractProblemLoader Replaying proof ArrayList[java.lang.Object::<inv>()].JML accessible clause.0 
149735     DEBUG main            d.u.i.k.p.i.IntermediateProofReplayer Proof replay took 8.5ns 
150240     INFO  main            d.u.i.k.p.r.p.TestFile    ... finished proof: closed. 
150544     INFO  main            d.u.i.k.p.i.AbstractProblemLoader Loading environment from /home/runner/work/key/key/key.core/../key.ui/examples/heap/list/ArrayList_inv.key.proof 
150545     DEBUG main            d.u.i.k.p.i.AbstractProblemLoader Environment load took 1.4ms 
150547     INFO  main            d.u.i.k.p.i.AbstractProblemLoader Creating init config 
151779     DEBUG main            d.u.i.k.j.r.ClassPreparationMethodBuilder clPrepBuilder: Inner Class detected. Reject building class initialisation methods. 
154504     DEBUG main            d.u.i.k.p.i.AbstractProblemLoader Init config took 3.96s 
154581     INFO  main            d.u.i.k.p.i.AbstractProblemLoader Replaying proof ArrayList[java.lang.Object::<inv>()].JML accessible clause.0 
154650     DEBUG main            d.u.i.k.p.i.IntermediateProofReplayer Proof replay took 63.76ms 
154652     DEBUG main            d.u.i.k.p.r.p.TestFile    ... success: reloaded. 
154653     INFO  main            d.u.i.k.p.r.p.TestFile    Now processing file /home/runner/work/key/key/key.core/../key.ui/examples/heap/list/ArrayList_iterator.key 
154654     INFO  main            d.u.i.k.p.i.AbstractProblemLoader Loading environment from /home/runner/work/key/key/key.core/../key.ui/examples/heap/list/ArrayList_iterator.key 
154654     DEBUG main            d.u.i.k.p.i.AbstractProblemLoader Environment load took 289.6ns 
154655     INFO  main            d.u.i.k.p.i.AbstractProblemLoader Creating init config 
155880     DEBUG main            d.u.i.k.j.r.ClassPreparationMethodBuilder clPrepBuilder: Inner Class detected. Reject building class initialisation methods. 
158548     DEBUG main            d.u.i.k.p.i.AbstractProblemLoader Init config took 3.89s 
158631     INFO  main            d.u.i.k.p.i.AbstractProblemLoader Replaying proof ArrayList[List::iterator()].JML normal_behavior operation contract.0 
158633     DEBUG main            d.u.i.k.p.i.IntermediateProofReplayer Proof replay took 7.4ns 
159338     INFO  main            d.u.i.k.p.r.p.TestFile    ... finished proof: closed. 
159647     INFO  main            d.u.i.k.p.i.AbstractProblemLoader Loading environment from /home/runner/work/key/key/key.core/../key.ui/examples/heap/list/ArrayList_iterator.key.proof 
159647     DEBUG main            d.u.i.k.p.i.AbstractProblemLoader Environment load took 262.2ns 
159649     INFO  main            d.u.i.k.p.i.AbstractProblemLoader Creating init config 
160837     DEBUG main            d.u.i.k.j.r.ClassPreparationMethodBuilder clPrepBuilder: Inner Class detected. Reject building class initialisation methods. 
163455     DEBUG main            d.u.i.k.p.i.AbstractProblemLoader Init config took 3.81s 
163518     INFO  main            d.u.i.k.p.i.AbstractProblemLoader Replaying proof ArrayList[List::iterator()].JML normal_behavior operation contract.0 
163641     DEBUG main            d.u.i.k.p.i.IntermediateProofReplayer Proof replay took 117.81ms 
163642     DEBUG main            d.u.i.k.p.r.p.TestFile    ... success: reloaded. 
163644     INFO  main            d.u.i.k.p.r.p.TestFile    Now processing file /home/runner/work/key/key/key.core/../key.ui/examples/heap/list/ArrayList_size_dep.key 
163644     INFO  main            d.u.i.k.p.i.AbstractProblemLoader Loading environment from /home/runner/work/key/key/key.core/../key.ui/examples/heap/list/ArrayList_size_dep.key 
163645     DEBUG main            d.u.i.k.p.i.AbstractProblemLoader Environment load took 199.9ns 
163646     INFO  main            d.u.i.k.p.i.AbstractProblemLoader Creating init config 
164886     DEBUG main            d.u.i.k.j.r.ClassPreparationMethodBuilder clPrepBuilder: Inner Class detected. Reject building class initialisation methods. 
167575     DEBUG main            d.u.i.k.p.i.AbstractProblemLoader Init config took 3.93s 
167638     INFO  main            d.u.i.k.p.i.AbstractProblemLoader Replaying proof ArrayList[List::size()].JML accessible clause.0 
167641     DEBUG main            d.u.i.k.p.i.IntermediateProofReplayer Proof replay took 7.6ns 
167843     INFO  main            d.u.i.k.p.r.p.TestFile    ... finished proof: closed. 
168151     INFO  main            d.u.i.k.p.i.AbstractProblemLoader Loading environment from /home/runner/work/key/key/key.core/../key.ui/examples/heap/list/ArrayList_size_dep.key.proof 
168151     DEBUG main            d.u.i.k.p.i.AbstractProblemLoader Environment load took 150.4ns 
168153     INFO  main            d.u.i.k.p.i.AbstractProblemLoader Creating init config 
169401     DEBUG main            d.u.i.k.j.r.ClassPreparationMethodBuilder clPrepBuilder: Inner Class detected. Reject building class initialisation methods. 
171990     DEBUG main            d.u.i.k.p.i.AbstractProblemLoader Init config took 3.84s 
172053     INFO  main            d.u.i.k.p.i.AbstractProblemLoader Replaying proof ArrayList[List::size()].JML accessible clause.0 
172094     DEBUG main            d.u.i.k.p.i.IntermediateProofReplayer Proof replay took 38.32ms 
172095     DEBUG main            d.u.i.k.p.r.p.TestFile    ... success: reloaded. 
172097     INFO  main            d.u.i.k.p.r.p.TestFile    Now processing file /home/runner/work/key/key/key.core/../key.ui/examples/heap/list/ArrayList_size.key 
172097     INFO  main            d.u.i.k.p.i.AbstractProblemLoader Loading environment from /home/runner/work/key/key/key.core/../key.ui/examples/heap/list/ArrayList_size.key 
172097     DEBUG main            d.u.i.k.p.i.AbstractProblemLoader Environment load took 145.5ns 
172098     INFO  main            d.u.i.k.p.i.AbstractProblemLoader Creating init config 
173329     DEBUG main            d.u.i.k.j.r.ClassPreparationMethodBuilder clPrepBuilder: Inner Class detected. Reject building class initialisation methods. 
176014     DEBUG main            d.u.i.k.p.i.AbstractProblemLoader Init config took 3.92s 
176073     INFO  main            d.u.i.k.p.i.AbstractProblemLoader Replaying proof ArrayList[List::size()].JML normal_behavior operation contract.0 
176076     DEBUG main            d.u.i.k.p.i.IntermediateProofReplayer Proof replay took 7.8ns 
176379     INFO  main            d.u.i.k.p.r.p.TestFile    ... finished proof: closed. 
176677     INFO  main            d.u.i.k.p.i.AbstractProblemLoader Loading environment from /home/runner/work/key/key/key.core/../key.ui/examples/heap/list/ArrayList_size.key.proof 
176677     DEBUG main            d.u.i.k.p.i.AbstractProblemLoader Environment load took 143.7ns 
176678     INFO  main            d.u.i.k.p.i.AbstractProblemLoader Creating init config 
177850     DEBUG main            d.u.i.k.j.r.ClassPreparationMethodBuilder clPrepBuilder: Inner Class detected. Reject building class initialisation methods. 
180483     DEBUG main            d.u.i.k.p.i.AbstractProblemLoader Init config took 3.8s 
180559     INFO  main            d.u.i.k.p.i.AbstractProblemLoader Replaying proof ArrayList[List::size()].JML normal_behavior operation contract.0 
180614     DEBUG main            d.u.i.k.p.i.IntermediateProofReplayer Proof replay took 51.96ms 
180616     DEBUG main            d.u.i.k.p.r.p.TestFile    ... success: reloaded. 
180617     INFO  main            d.u.i.k.p.r.p.TestFile    Now processing file /home/runner/work/key/key/key.core/../key.ui/examples/heap/list/ArrayList.ArrayListIterator_ArrayListIterator.key 
180617     INFO  main            d.u.i.k.p.i.AbstractProblemLoader Loading environment from /home/runner/work/key/key/key.core/../key.ui/examples/heap/list/ArrayList.ArrayListIterator_ArrayListIterator.key 
180617     DEBUG main            d.u.i.k.p.i.AbstractProblemLoader Environment load took 143.9ns 
180618     INFO  main            d.u.i.k.p.i.AbstractProblemLoader Creating init config 
181878     DEBUG main            d.u.i.k.j.r.ClassPreparationMethodBuilder clPrepBuilder: Inner Class detected. Reject building class initialisation methods. 
184558     DEBUG main            d.u.i.k.p.i.AbstractProblemLoader Init config took 3.94s 
184632     INFO  main            d.u.i.k.p.i.AbstractProblemLoader Replaying proof ArrayList.ArrayListIterator[ArrayList.ArrayListIterator::ArrayListIterator(ArrayList)].JML normal_behavior operation contract.0 
184634     DEBUG main            d.u.i.k.p.i.IntermediateProofReplayer Proof replay took 7.6ns 
185541     INFO  main            d.u.i.k.p.r.p.TestFile    ... finished proof: closed. 
185880     INFO  main            d.u.i.k.p.i.AbstractProblemLoader Loading environment from /home/runner/work/key/key/key.core/../key.ui/examples/heap/list/ArrayList.ArrayListIterator_ArrayListIterator.key.proof 
185881     DEBUG main            d.u.i.k.p.i.AbstractProblemLoader Environment load took 152.4ns 
185882     INFO  main            d.u.i.k.p.i.AbstractProblemLoader Creating init config 
187079     DEBUG main            d.u.i.k.j.r.ClassPreparationMethodBuilder clPrepBuilder: Inner Class detected. Reject building class initialisation methods. 
189722     DEBUG main            d.u.i.k.p.i.AbstractProblemLoader Init config took 3.84s 
189793     INFO  main            d.u.i.k.p.i.AbstractProblemLoader Replaying proof ArrayList.ArrayListIterator[ArrayList.ArrayListIterator::ArrayListIterator(ArrayList)].JML normal_behavior operation contract.0 
189962     DEBUG main            d.u.i.k.p.i.IntermediateProofReplayer Proof replay took 163.66ms 
189964     DEBUG main            d.u.i.k.p.r.p.TestFile    ... success: reloaded. 
189965     INFO  main            d.u.i.k.p.r.p.TestFile    Now processing file /home/runner/work/key/key/key.core/../key.ui/examples/heap/list/ArrayList.ArrayListIterator_hasNext_dep.key 
189966     INFO  main            d.u.i.k.p.i.AbstractProblemLoader Loading environment from /home/runner/work/key/key/key.core/../key.ui/examples/heap/list/ArrayList.ArrayListIterator_hasNext_dep.key 
189966     DEBUG main            d.u.i.k.p.i.AbstractProblemLoader Environment load took 124.1ns 
189967     INFO  main            d.u.i.k.p.i.AbstractProblemLoader Creating init config 
191172     DEBUG main            d.u.i.k.j.r.ClassPreparationMethodBuilder clPrepBuilder: Inner Class detected. Reject building class initialisation methods. 
193786     DEBUG main            d.u.i.k.p.i.AbstractProblemLoader Init config took 3.82s 
193892     INFO  main            d.u.i.k.p.i.AbstractProblemLoader Replaying proof ArrayList.ArrayListIterator[ListIterator::hasNext()].JML accessible clause.0 
193895     DEBUG main            d.u.i.k.p.i.IntermediateProofReplayer Proof replay took 7.7ns 
194399     INFO  main            d.u.i.k.p.r.p.TestFile    ... finished proof: closed. 
194735     INFO  main            d.u.i.k.p.i.AbstractProblemLoader Loading environment from /home/runner/work/key/key/key.core/../key.ui/examples/heap/list/ArrayList.ArrayListIterator_hasNext_dep.key.proof 
194735     DEBUG main            d.u.i.k.p.i.AbstractProblemLoader Environment load took 651.6ns 
194737     INFO  main            d.u.i.k.p.i.AbstractProblemLoader Creating init config 
195960     DEBUG main            d.u.i.k.j.r.ClassPreparationMethodBuilder clPrepBuilder: Inner Class detected. Reject building class initialisation methods. 
198586     DEBUG main            d.u.i.k.p.i.AbstractProblemLoader Init config took 3.85s 
198656     INFO  main            d.u.i.k.p.i.AbstractProblemLoader Replaying proof ArrayList.ArrayListIterator[ListIterator::hasNext()].JML accessible clause.0 
198736     DEBUG main            d.u.i.k.p.i.IntermediateProofReplayer Proof replay took 76.66ms 
198737     DEBUG main            d.u.i.k.p.r.p.TestFile    ... success: reloaded. 
198739     INFO  main            d.u.i.k.p.r.p.TestFile    Now processing file /home/runner/work/key/key/key.core/../key.ui/examples/heap/list/ArrayList.ArrayListIterator_hasNext.key 
198739     INFO  main            d.u.i.k.p.i.AbstractProblemLoader Loading environment from /home/runner/work/key/key/key.core/../key.ui/examples/heap/list/ArrayList.ArrayListIterator_hasNext.key 
198739     DEBUG main            d.u.i.k.p.i.AbstractProblemLoader Environment load took 141.2ns 
198740     INFO  main            d.u.i.k.p.i.AbstractProblemLoader Creating init config 
200011     DEBUG main            d.u.i.k.j.r.ClassPreparationMethodBuilder clPrepBuilder: Inner Class detected. Reject building class initialisation methods. 
202799     DEBUG main            d.u.i.k.p.i.AbstractProblemLoader Init config took 4.06s 
202872     INFO  main            d.u.i.k.p.i.AbstractProblemLoader Replaying proof ArrayList.ArrayListIterator[ListIterator::hasNext()].JML normal_behavior operation contract.0 
202874     DEBUG main            d.u.i.k.p.i.IntermediateProofReplayer Proof replay took 8.2ns 
203480     INFO  main            d.u.i.k.p.r.p.TestFile    ... finished proof: closed. 
203791     INFO  main            d.u.i.k.p.i.AbstractProblemLoader Loading environment from /home/runner/work/key/key/key.core/../key.ui/examples/heap/list/ArrayList.ArrayListIterator_hasNext.key.proof 
203792     DEBUG main            d.u.i.k.p.i.AbstractProblemLoader Environment load took 615.2ns 
203794     INFO  main            d.u.i.k.p.i.AbstractProblemLoader Creating init config 
205035     DEBUG main            d.u.i.k.j.r.ClassPreparationMethodBuilder clPrepBuilder: Inner Class detected. Reject building class initialisation methods. 
207609     DEBUG main            d.u.i.k.p.i.AbstractProblemLoader Init config took 3.82s 
207679     INFO  main            d.u.i.k.p.i.AbstractProblemLoader Replaying proof ArrayList.ArrayListIterator[ListIterator::hasNext()].JML normal_behavior operation contract.0 
207764     DEBUG main            d.u.i.k.p.i.IntermediateProofReplayer Proof replay took 78.99ms 
207767     DEBUG main            d.u.i.k.p.r.p.TestFile    ... success: reloaded. 
207770     INFO  main            d.u.i.k.p.r.p.TestFile    Now processing file /home/runner/work/key/key/key.core/../key.ui/examples/heap/list/ArrayList.ArrayListIterator_inv.key 
207770     INFO  main            d.u.i.k.p.i.AbstractProblemLoader Loading environment from /home/runner/work/key/key/key.core/../key.ui/examples/heap/list/ArrayList.ArrayListIterator_inv.key 
207770     DEBUG main            d.u.i.k.p.i.AbstractProblemLoader Environment load took 261.2ns 
207772     INFO  main            d.u.i.k.p.i.AbstractProblemLoader Creating init config 
209006     DEBUG main            d.u.i.k.j.r.ClassPreparationMethodBuilder clPrepBuilder: Inner Class detected. Reject building class initialisation methods. 
211659     DEBUG main            d.u.i.k.p.i.AbstractProblemLoader Init config took 3.89s 
211726     INFO  main            d.u.i.k.p.i.AbstractProblemLoader Replaying proof ArrayList.ArrayListIterator[java.lang.Object::<inv>()].JML accessible clause.0 
211728     DEBUG main            d.u.i.k.p.i.IntermediateProofReplayer Proof replay took 8ns 
213032     INFO  main            d.u.i.k.p.r.p.TestFile    ... finished proof: closed. 
213502     INFO  main            d.u.i.k.p.i.AbstractProblemLoader Loading environment from /home/runner/work/key/key/key.core/../key.ui/examples/heap/list/ArrayList.ArrayListIterator_inv.key.proof 
213502     DEBUG main            d.u.i.k.p.i.AbstractProblemLoader Environment load took 158.7ns 
213504     INFO  main            d.u.i.k.p.i.AbstractProblemLoader Creating init config 
214746     DEBUG main            d.u.i.k.j.r.ClassPreparationMethodBuilder clPrepBuilder: Inner Class detected. Reject building class initialisation methods. 
217294     DEBUG main            d.u.i.k.p.i.AbstractProblemLoader Init config took 3.79s 
217369     INFO  main            d.u.i.k.p.i.AbstractProblemLoader Replaying proof ArrayList.ArrayListIterator[java.lang.Object::<inv>()].JML accessible clause.0 
217524     DEBUG main            d.u.i.k.p.i.IntermediateProofReplayer Proof replay took 144.87ms 
217527     DEBUG main            d.u.i.k.p.r.p.TestFile    ... success: reloaded. 
217530     INFO  main            d.u.i.k.p.r.p.TestFile    Now processing file /home/runner/work/key/key/key.core/../key.ui/examples/heap/list/ArrayList.ArrayListIterator_list.key 
217530     INFO  main            d.u.i.k.p.i.AbstractProblemLoader Loading environment from /home/runner/work/key/key/key.core/../key.ui/examples/heap/list/ArrayList.ArrayListIterator_list.key 
217531     DEBUG main            d.u.i.k.p.i.AbstractProblemLoader Environment load took 135.1ns 
217532     INFO  main            d.u.i.k.p.i.AbstractProblemLoader Creating init config 
218780     DEBUG main            d.u.i.k.j.r.ClassPreparationMethodBuilder clPrepBuilder: Inner Class detected. Reject building class initialisation methods. 
221401     DEBUG main            d.u.i.k.p.i.AbstractProblemLoader Init config took 3.87s 
221453     INFO  main            d.u.i.k.p.i.AbstractProblemLoader Replaying proof ListIterator[ListIterator::$list()].JML accessible clause.0 
221455     DEBUG main            d.u.i.k.p.i.IntermediateProofReplayer Proof replay took 8.6ns 
221557     INFO  main            d.u.i.k.p.r.p.TestFile    ... finished proof: closed. 
221891     INFO  main            d.u.i.k.p.i.AbstractProblemLoader Loading environment from /home/runner/work/key/key/key.core/../key.ui/examples/heap/list/ArrayList.ArrayListIterator_list.key.proof 
221891     DEBUG main            d.u.i.k.p.i.AbstractProblemLoader Environment load took 157.6ns 
221892     INFO  main            d.u.i.k.p.i.AbstractProblemLoader Creating init config 
223076     DEBUG main            d.u.i.k.j.r.ClassPreparationMethodBuilder clPrepBuilder: Inner Class detected. Reject building class initialisation methods. 
225645     DEBUG main            d.u.i.k.p.i.AbstractProblemLoader Init config took 3.75s 
225699     INFO  main            d.u.i.k.p.i.AbstractProblemLoader Replaying proof ListIterator[ListIterator::$list()].JML accessible clause.0 
225703     DEBUG main            d.u.i.k.p.i.IntermediateProofReplayer Proof replay took 1.62ms 
225704     DEBUG main            d.u.i.k.p.r.p.TestFile    ... success: reloaded. 
225705     INFO  main            d.u.i.k.p.r.p.TestFile    Now processing file /home/runner/work/key/key/key.core/../key.ui/examples/heap/list/ArrayList.ArrayListIterator_next_exceptional.key 
225705     INFO  main            d.u.i.k.p.i.AbstractProblemLoader Loading environment from /home/runner/work/key/key/key.core/../key.ui/examples/heap/list/ArrayList.ArrayListIterator_next_exceptional.key 
225705     DEBUG main            d.u.i.k.p.i.AbstractProblemLoader Environment load took 107.8ns 
225707     INFO  main            d.u.i.k.p.i.AbstractProblemLoader Creating init config 
226934     DEBUG main            d.u.i.k.j.r.ClassPreparationMethodBuilder clPrepBuilder: Inner Class detected. Reject building class initialisation methods. 
229602     DEBUG main            d.u.i.k.p.i.AbstractProblemLoader Init config took 3.9s 
229669     INFO  main            d.u.i.k.p.i.AbstractProblemLoader Replaying proof ArrayList.ArrayListIterator[ListIterator::next()].JML exceptional_behavior operation contract.0 
229670     DEBUG main            d.u.i.k.p.i.IntermediateProofReplayer Proof replay took 7.9ns 
230805     INFO  main            d.u.i.k.p.r.p.TestFile    ... finished proof: closed. 
231172     INFO  main            d.u.i.k.p.i.AbstractProblemLoader Loading environment from /home/runner/work/key/key/key.core/../key.ui/examples/heap/list/ArrayList.ArrayListIterator_next_exceptional.key.proof 
231173     DEBUG main            d.u.i.k.p.i.AbstractProblemLoader Environment load took 640.9ns 
231175     INFO  main            d.u.i.k.p.i.AbstractProblemLoader Creating init config 
232384     DEBUG main            d.u.i.k.j.r.ClassPreparationMethodBuilder clPrepBuilder: Inner Class detected. Reject building class initialisation methods. 
234956     DEBUG main            d.u.i.k.p.i.AbstractProblemLoader Init config took 3.78s 
235022     INFO  main            d.u.i.k.p.i.AbstractProblemLoader Replaying proof ArrayList.ArrayListIterator[ListIterator::next()].JML exceptional_behavior operation contract.0 
235234     DEBUG main            d.u.i.k.p.i.IntermediateProofReplayer Proof replay took 205.96ms 
235236     DEBUG main            d.u.i.k.p.r.p.TestFile    ... success: reloaded. 
235237     INFO  main            d.u.i.k.p.r.p.TestFile    Now processing file /home/runner/work/key/key/key.core/../key.ui/examples/heap/list/ArrayList.ArrayListIterator_next_normal.key 
235238     INFO  main            d.u.i.k.p.i.AbstractProblemLoader Loading environment from /home/runner/work/key/key/key.core/../key.ui/examples/heap/list/ArrayList.ArrayListIterator_next_normal.key 
235238     DEBUG main            d.u.i.k.p.i.AbstractProblemLoader Environment load took 238.1ns 
235239     INFO  main            d.u.i.k.p.i.AbstractProblemLoader Creating init config 
236469     DEBUG main            d.u.i.k.j.r.ClassPreparationMethodBuilder clPrepBuilder: Inner Class detected. Reject building class initialisation methods. 
239095     DEBUG main            d.u.i.k.p.i.AbstractProblemLoader Init config took 3.86s 
239161     INFO  main            d.u.i.k.p.i.AbstractProblemLoader Replaying proof ArrayList.ArrayListIterator[ListIterator::next()].JML normal_behavior operation contract.0 
239163     DEBUG main            d.u.i.k.p.i.IntermediateProofReplayer Proof replay took 8.6ns 
240474     INFO  main            d.u.i.k.p.r.p.TestFile    ... finished proof: closed. 
240869     INFO  main            d.u.i.k.p.i.AbstractProblemLoader Loading environment from /home/runner/work/key/key/key.core/../key.ui/examples/heap/list/ArrayList.ArrayListIterator_next_normal.key.proof 
240869     DEBUG main            d.u.i.k.p.i.AbstractProblemLoader Environment load took 685.7ns 
240874     INFO  main            d.u.i.k.p.i.AbstractProblemLoader Creating init config 
242056     DEBUG main            d.u.i.k.j.r.ClassPreparationMethodBuilder clPrepBuilder: Inner Class detected. Reject building class initialisation methods. 
244618     DEBUG main            d.u.i.k.p.i.AbstractProblemLoader Init config took 3.74s 
244699     INFO  main            d.u.i.k.p.i.AbstractProblemLoader Replaying proof ArrayList.ArrayListIterator[ListIterator::next()].JML normal_behavior operation contract.0 
244956     DEBUG main            d.u.i.k.p.i.IntermediateProofReplayer Proof replay took 251.56ms 
244958     DEBUG main            d.u.i.k.p.r.p.TestFile    ... success: reloaded. 
244959     INFO  main            d.u.i.k.p.r.p.TestFile    Now processing file /home/runner/work/key/key/key.core/../key.ui/examples/heap/list/ArrayList.ArrayListIterator_pos.key 
244959     INFO  main            d.u.i.k.p.i.AbstractProblemLoader Loading environment from /home/runner/work/key/key/key.core/../key.ui/examples/heap/list/ArrayList.ArrayListIterator_pos.key 
244959     DEBUG main            d.u.i.k.p.i.AbstractProblemLoader Environment load took 106.2ns 
244961     INFO  main            d.u.i.k.p.i.AbstractProblemLoader Creating init config 
246158     DEBUG main            d.u.i.k.j.r.ClassPreparationMethodBuilder clPrepBuilder: Inner Class detected. Reject building class initialisation methods. 
248818     DEBUG main            d.u.i.k.p.i.AbstractProblemLoader Init config took 3.86s 
248868     INFO  main            d.u.i.k.p.i.AbstractProblemLoader Replaying proof ListIterator[ListIterator::$pos()].JML accessible clause.0 
248871     DEBUG main            d.u.i.k.p.i.IntermediateProofReplayer Proof replay took 8.7ns 
248974     INFO  main            d.u.i.k.p.r.p.TestFile    ... finished proof: closed. 
249350     INFO  main            d.u.i.k.p.i.AbstractProblemLoader Loading environment from /home/runner/work/key/key/key.core/../key.ui/examples/heap/list/ArrayList.ArrayListIterator_pos.key.proof 
249350     DEBUG main            d.u.i.k.p.i.AbstractProblemLoader Environment load took 138.2ns 
249351     INFO  main            d.u.i.k.p.i.AbstractProblemLoader Creating init config 
250543     DEBUG main            d.u.i.k.j.r.ClassPreparationMethodBuilder clPrepBuilder: Inner Class detected. Reject building class initialisation methods. 
253124     DEBUG main            d.u.i.k.p.i.AbstractProblemLoader Init config took 3.77s 
253189     INFO  main            d.u.i.k.p.i.AbstractProblemLoader Replaying proof ListIterator[ListIterator::$pos()].JML accessible clause.0 
253192     DEBUG main            d.u.i.k.p.i.IntermediateProofReplayer Proof replay took 1.43ms 
253194     DEBUG main            d.u.i.k.p.r.p.TestFile    ... success: reloaded. 
253195     INFO  main            d.u.i.k.p.r.p.TestFile    Now processing file /home/runner/work/key/key/key.core/../key.ui/examples/heap/list/Client_m.key 
253195     INFO  main            d.u.i.k.p.i.AbstractProblemLoader Loading environment from /home/runner/work/key/key/key.core/../key.ui/examples/heap/list/Client_m.key 
253196     DEBUG main            d.u.i.k.p.i.AbstractProblemLoader Environment load took 193.5ns 
253197     INFO  main            d.u.i.k.p.i.AbstractProblemLoader Creating init config 
254462     DEBUG main            d.u.i.k.j.r.ClassPreparationMethodBuilder clPrepBuilder: Inner Class detected. Reject building class initialisation methods. 
257059     DEBUG main            d.u.i.k.p.i.AbstractProblemLoader Init config took 3.86s 
257110     INFO  main            d.u.i.k.p.i.AbstractProblemLoader Replaying proof Client[Client::m(List)].JML normal_behavior operation contract.0 
257112     DEBUG main            d.u.i.k.p.i.IntermediateProofReplayer Proof replay took 8.9ns 
257516     INFO  main            d.u.i.k.p.r.p.TestFile    ... finished proof: closed. 
257901     INFO  main            d.u.i.k.p.i.AbstractProblemLoader Loading environment from /home/runner/work/key/key/key.core/../key.ui/examples/heap/list/Client_m.key.proof 
257902     DEBUG main            d.u.i.k.p.i.AbstractProblemLoader Environment load took 281.1ns 
257903     INFO  main            d.u.i.k.p.i.AbstractProblemLoader Creating init config 
259071     DEBUG main            d.u.i.k.j.r.ClassPreparationMethodBuilder clPrepBuilder: Inner Class detected. Reject building class initialisation methods. 
261645     DEBUG main            d.u.i.k.p.i.AbstractProblemLoader Init config took 3.74s 
261695     INFO  main            d.u.i.k.p.i.AbstractProblemLoader Replaying proof Client[Client::m(List)].JML normal_behavior operation contract.0 
261784     DEBUG main            d.u.i.k.p.i.IntermediateProofReplayer Proof replay took 84.82ms 
261786     DEBUG main            d.u.i.k.p.r.p.TestFile    ... success: reloaded. 
261787     INFO  main            d.u.i.k.p.r.p.TestFile    Now processing file /home/runner/work/key/key/key.core/../key.ui/examples/heap/list/Client_n.key 
261788     INFO  main            d.u.i.k.p.i.AbstractProblemLoader Loading environment from /home/runner/work/key/key/key.core/../key.ui/examples/heap/list/Client_n.key 
261788     DEBUG main            d.u.i.k.p.i.AbstractProblemLoader Environment load took 263.5ns 
261789     INFO  main            d.u.i.k.p.i.AbstractProblemLoader Creating init config 
263004     DEBUG main            d.u.i.k.j.r.ClassPreparationMethodBuilder clPrepBuilder: Inner Class detected. Reject building class initialisation methods. 
265634     DEBUG main            d.u.i.k.p.i.AbstractProblemLoader Init config took 3.84s 
265685     INFO  main            d.u.i.k.p.i.AbstractProblemLoader Replaying proof Client[Client::n(List)].JML normal_behavior operation contract.0 
265688     DEBUG main            d.u.i.k.p.i.IntermediateProofReplayer Proof replay took 8.6ns 
265790     INFO  main            d.u.i.k.p.r.p.TestFile    ... finished proof: closed. 
266183     INFO  main            d.u.i.k.p.i.AbstractProblemLoader Loading environment from /home/runner/work/key/key/key.core/../key.ui/examples/heap/list/Client_n.key.proof 
266183     DEBUG main            d.u.i.k.p.i.AbstractProblemLoader Environment load took 143.3ns 
266184     INFO  main            d.u.i.k.p.i.AbstractProblemLoader Creating init config 
267369     DEBUG main            d.u.i.k.j.r.ClassPreparationMethodBuilder clPrepBuilder: Inner Class detected. Reject building class initialisation methods. 
269928     DEBUG main            d.u.i.k.p.i.AbstractProblemLoader Init config took 3.74s 
269978     INFO  main            d.u.i.k.p.i.AbstractProblemLoader Replaying proof Client[Client::n(List)].JML normal_behavior operation contract.0 
270007     DEBUG main            d.u.i.k.p.i.IntermediateProofReplayer Proof replay took 27.11ms 
270008     DEBUG main            d.u.i.k.p.r.p.TestFile    ... success: reloaded. 
270010     INFO  main            d.u.i.k.p.r.p.TestFile    Now processing file /home/runner/work/key/key/key.core/../key.ui/examples/heap/list/LinkedList_get_exceptional.key 
270010     INFO  main            d.u.i.k.p.i.AbstractProblemLoader Loading environment from /home/runner/work/key/key/key.core/../key.ui/examples/heap/list/LinkedList_get_exceptional.key 
270010     DEBUG main            d.u.i.k.p.i.AbstractProblemLoader Environment load took 105.7ns 
270011     INFO  main            d.u.i.k.p.i.AbstractProblemLoader Creating init config 
271209     DEBUG main            d.u.i.k.j.r.ClassPreparationMethodBuilder clPrepBuilder: Inner Class detected. Reject building class initialisation methods. 
273833     DEBUG main            d.u.i.k.p.i.AbstractProblemLoader Init config took 3.82s 
273902     INFO  main            d.u.i.k.p.i.AbstractProblemLoader Replaying proof LinkedList[List::get(int)].JML exceptional_behavior operation contract.0 
273905     DEBUG main            d.u.i.k.p.i.IntermediateProofReplayer Proof replay took 8.8ns 
276820     INFO  main            d.u.i.k.p.r.p.TestFile    ... finished proof: closed. 
277224     INFO  main            d.u.i.k.p.i.AbstractProblemLoader Loading environment from /home/runner/work/key/key/key.core/../key.ui/examples/heap/list/LinkedList_get_exceptional.key.proof 
277224     DEBUG main            d.u.i.k.p.i.AbstractProblemLoader Environment load took 559.3ns 
277226     INFO  main            d.u.i.k.p.i.AbstractProblemLoader Creating init config 
278403     DEBUG main            d.u.i.k.j.r.ClassPreparationMethodBuilder clPrepBuilder: Inner Class detected. Reject building class initialisation methods. 
280959     DEBUG main            d.u.i.k.p.i.AbstractProblemLoader Init config took 3.73s 
281018     INFO  main            d.u.i.k.p.i.AbstractProblemLoader Replaying proof LinkedList[List::get(int)].JML exceptional_behavior operation contract.0 
281486     DEBUG main            d.u.i.k.p.i.IntermediateProofReplayer Proof replay took 455.79ms 
281488     DEBUG main            d.u.i.k.p.r.p.TestFile    ... success: reloaded. 
281489     INFO  main            d.u.i.k.p.r.p.TestFile    Now processing file /home/runner/work/key/key/key.core/../key.ui/examples/heap/list/LinkedList_get_normal.key 
281489     INFO  main            d.u.i.k.p.i.AbstractProblemLoader Loading environment from /home/runner/work/key/key/key.core/../key.ui/examples/heap/list/LinkedList_get_normal.key 
281489     DEBUG main            d.u.i.k.p.i.AbstractProblemLoader Environment load took 101.3ns 
281490     INFO  main            d.u.i.k.p.i.AbstractProblemLoader Creating init config 
282731     DEBUG main            d.u.i.k.j.r.ClassPreparationMethodBuilder clPrepBuilder: Inner Class detected. Reject building class initialisation methods. 
285391     DEBUG main            d.u.i.k.p.i.AbstractProblemLoader Init config took 3.9s 
285453     INFO  main            d.u.i.k.p.i.AbstractProblemLoader Replaying proof LinkedList[List::get(int)].JML normal_behavior operation contract.0 
285455     DEBUG main            d.u.i.k.p.i.IntermediateProofReplayer Proof replay took 8.4ns 
292871     INFO  main            d.u.i.k.p.r.p.TestFile    ... finished proof: closed. 
293388     INFO  main            d.u.i.k.p.i.AbstractProblemLoader Loading environment from /home/runner/work/key/key/key.core/../key.ui/examples/heap/list/LinkedList_get_normal.key.proof 
293388     DEBUG main            d.u.i.k.p.i.AbstractProblemLoader Environment load took 564.6ns 
293391     INFO  main            d.u.i.k.p.i.AbstractProblemLoader Creating init config 
294540     DEBUG main            d.u.i.k.j.r.ClassPreparationMethodBuilder clPrepBuilder: Inner Class detected. Reject building class initialisation methods. 
297049     DEBUG main            d.u.i.k.p.i.AbstractProblemLoader Init config took 3.66s 
297106     INFO  main            d.u.i.k.p.i.AbstractProblemLoader Replaying proof LinkedList[List::get(int)].JML normal_behavior operation contract.0 
297771     DEBUG main            d.u.i.k.p.i.IntermediateProofReplayer Proof replay took 635.59ms 
297774     DEBUG main            d.u.i.k.p.r.p.TestFile    ... success: reloaded. 
297775     INFO  main            d.u.i.k.p.r.p.TestFile    Now processing file /home/runner/work/key/key/key.core/../key.ui/examples/heap/list/LinkedList_LinkedList.key 
297775     INFO  main            d.u.i.k.p.i.AbstractProblemLoader Loading environment from /home/runner/work/key/key/key.core/../key.ui/examples/heap/list/LinkedList_LinkedList.key 
297776     DEBUG main            d.u.i.k.p.i.AbstractProblemLoader Environment load took 253.3ns 
297777     INFO  main            d.u.i.k.p.i.AbstractProblemLoader Creating init config 
298993     DEBUG main            d.u.i.k.j.r.ClassPreparationMethodBuilder clPrepBuilder: Inner Class detected. Reject building class initialisation methods. 
301511     DEBUG main            d.u.i.k.p.i.AbstractProblemLoader Init config took 3.73s 
301567     INFO  main            d.u.i.k.p.i.AbstractProblemLoader Replaying proof LinkedList[LinkedList::LinkedList()].JML normal_behavior operation contract.0 
301569     DEBUG main            d.u.i.k.p.i.IntermediateProofReplayer Proof replay took 7.1ns 
302281     INFO  main            d.u.i.k.p.r.p.TestFile    ... finished proof: closed. 
302695     INFO  main            d.u.i.k.p.i.AbstractProblemLoader Loading environment from /home/runner/work/key/key/key.core/../key.ui/examples/heap/list/LinkedList_LinkedList.key.proof 
302695     DEBUG main            d.u.i.k.p.i.AbstractProblemLoader Environment load took 135.3ns 
302696     INFO  main            d.u.i.k.p.i.AbstractProblemLoader Creating init config 
303842     DEBUG main            d.u.i.k.j.r.ClassPreparationMethodBuilder clPrepBuilder: Inner Class detected. Reject building class initialisation methods. 
306355     DEBUG main            d.u.i.k.p.i.AbstractProblemLoader Init config took 3.66s 
306412     INFO  main            d.u.i.k.p.i.AbstractProblemLoader Replaying proof LinkedList[LinkedList::LinkedList()].JML normal_behavior operation contract.0 
306573     DEBUG main            d.u.i.k.p.i.IntermediateProofReplayer Proof replay took 155.71ms 
306575     DEBUG main            d.u.i.k.p.r.p.TestFile    ... success: reloaded. 
306577     INFO  main            d.u.i.k.p.r.p.TestFile    Now processing file /home/runner/work/key/key/key.core/../key.ui/examples/heap/list/LinkedList_size_dep.key 
306577     INFO  main            d.u.i.k.p.i.AbstractProblemLoader Loading environment from /home/runner/work/key/key/key.core/../key.ui/examples/heap/list/LinkedList_size_dep.key 
306577     DEBUG main            d.u.i.k.p.i.AbstractProblemLoader Environment load took 66.5ns 
306578     INFO  main            d.u.i.k.p.i.AbstractProblemLoader Creating init config 
307770     DEBUG main            d.u.i.k.j.r.ClassPreparationMethodBuilder clPrepBuilder: Inner Class detected. Reject building class initialisation methods. 
310361     DEBUG main            d.u.i.k.p.i.AbstractProblemLoader Init config took 3.78s 
310415     INFO  main            d.u.i.k.p.i.AbstractProblemLoader Replaying proof LinkedList[List::size()].JML accessible clause.0 
310417     DEBUG main            d.u.i.k.p.i.IntermediateProofReplayer Proof replay took 8.4ns 
311120     INFO  main            d.u.i.k.p.r.p.TestFile    ... finished proof: closed. 
311538     INFO  main            d.u.i.k.p.i.AbstractProblemLoader Loading environment from /home/runner/work/key/key/key.core/../key.ui/examples/heap/list/LinkedList_size_dep.key.proof 
311539     DEBUG main            d.u.i.k.p.i.AbstractProblemLoader Environment load took 206.7ns 
311540     INFO  main            d.u.i.k.p.i.AbstractProblemLoader Creating init config 
312709     DEBUG main            d.u.i.k.j.r.ClassPreparationMethodBuilder clPrepBuilder: Inner Class detected. Reject building class initialisation methods. 
315252     DEBUG main            d.u.i.k.p.i.AbstractProblemLoader Init config took 3.71s 
315329     INFO  main            d.u.i.k.p.i.AbstractProblemLoader Replaying proof LinkedList[List::size()].JML accessible clause.0 
315399     DEBUG main            d.u.i.k.p.i.IntermediateProofReplayer Proof replay took 64.99ms 
315400     DEBUG main            d.u.i.k.p.r.p.TestFile    ... success: reloaded. 
315402     INFO  main            d.u.i.k.p.r.p.TestFile    Now processing file /home/runner/work/key/key/key.core/../key.ui/examples/heap/list/LinkedList_size.key 
315402     INFO  main            d.u.i.k.p.i.AbstractProblemLoader Loading environment from /home/runner/work/key/key/key.core/../key.ui/examples/heap/list/LinkedList_size.key 
315402     DEBUG main            d.u.i.k.p.i.AbstractProblemLoader Environment load took 247ns 
315403     INFO  main            d.u.i.k.p.i.AbstractProblemLoader Creating init config 
316613     DEBUG main            d.u.i.k.j.r.ClassPreparationMethodBuilder clPrepBuilder: Inner Class detected. Reject building class initialisation methods. 
319181     DEBUG main            d.u.i.k.p.i.AbstractProblemLoader Init config took 3.78s 
319235     INFO  main            d.u.i.k.p.i.AbstractProblemLoader Replaying proof LinkedList[List::size()].JML normal_behavior operation contract.0 
319237     DEBUG main            d.u.i.k.p.i.IntermediateProofReplayer Proof replay took 8ns 
319844     INFO  main            d.u.i.k.p.r.p.TestFile    ... finished proof: closed. 
320263     INFO  main            d.u.i.k.p.i.AbstractProblemLoader Loading environment from /home/runner/work/key/key/key.core/../key.ui/examples/heap/list/LinkedList_size.key.proof 
320263     DEBUG main            d.u.i.k.p.i.AbstractProblemLoader Environment load took 305.9ns 
320264     INFO  main            d.u.i.k.p.i.AbstractProblemLoader Creating init config 
321440     DEBUG main            d.u.i.k.j.r.ClassPreparationMethodBuilder clPrepBuilder: Inner Class detected. Reject building class initialisation methods. 
323994     DEBUG main            d.u.i.k.p.i.AbstractProblemLoader Init config took 3.73s 
324050     INFO  main            d.u.i.k.p.i.AbstractProblemLoader Replaying proof LinkedList[List::size()].JML normal_behavior operation contract.0 
324119     DEBUG main            d.u.i.k.p.i.IntermediateProofReplayer Proof replay took 65.1ms 
324120     DEBUG main            d.u.i.k.p.r.p.TestFile    ... success: reloaded. 
324121     INFO  main            d.u.i.k.p.r.p.TestFile    Now processing file /home/runner/work/key/key/key.core/../key.ui/examples/heap/list/MySet_footprint.key 
324121     INFO  main            d.u.i.k.p.i.AbstractProblemLoader Loading environment from /home/runner/work/key/key/key.core/../key.ui/examples/heap/list/MySet_footprint.key 
324121     DEBUG main            d.u.i.k.p.i.AbstractProblemLoader Environment load took 149.9ns 
324122     INFO  main            d.u.i.k.p.i.AbstractProblemLoader Creating init config 
325353     DEBUG main            d.u.i.k.j.r.ClassPreparationMethodBuilder clPrepBuilder: Inner Class detected. Reject building class initialisation methods. 
327959     DEBUG main            d.u.i.k.p.i.AbstractProblemLoader Init config took 3.84s 
328022     INFO  main            d.u.i.k.p.i.AbstractProblemLoader Replaying proof MySet[MySet::$footprint()].JML accessible clause.0 
328023     DEBUG main            d.u.i.k.p.i.IntermediateProofReplayer Proof replay took 8.5ns 
328428     INFO  main            d.u.i.k.p.r.p.TestFile    ... finished proof: closed. 
328904     INFO  main            d.u.i.k.p.i.AbstractProblemLoader Loading environment from /home/runner/work/key/key/key.core/../key.ui/examples/heap/list/MySet_footprint.key.proof 
328905     DEBUG main            d.u.i.k.p.i.AbstractProblemLoader Environment load took 766.1ns 
328906     INFO  main            d.u.i.k.p.i.AbstractProblemLoader Creating init config 
330121     DEBUG main            d.u.i.k.j.r.ClassPreparationMethodBuilder clPrepBuilder: Inner Class detected. Reject building class initialisation methods. 
332765     DEBUG main            d.u.i.k.p.i.AbstractProblemLoader Init config took 3.86s 
332825     INFO  main            d.u.i.k.p.i.AbstractProblemLoader Replaying proof MySet[MySet::$footprint()].JML accessible clause.0 
332874     DEBUG main            d.u.i.k.p.i.IntermediateProofReplayer Proof replay took 45.09ms 
332875     DEBUG main            d.u.i.k.p.r.p.TestFile    ... success: reloaded. 
332877     INFO  main            d.u.i.k.p.r.p.TestFile    Now processing file /home/runner/work/key/key/key.core/../key.ui/examples/heap/list/MySet_MySet.key 
332877     INFO  main            d.u.i.k.p.i.AbstractProblemLoader Loading environment from /home/runner/work/key/key/key.core/../key.ui/examples/heap/list/MySet_MySet.key 
332877     DEBUG main            d.u.i.k.p.i.AbstractProblemLoader Environment load took 101.4ns 
332881     INFO  main            d.u.i.k.p.i.AbstractProblemLoader Creating init config 
334110     DEBUG main            d.u.i.k.j.r.ClassPreparationMethodBuilder clPrepBuilder: Inner Class detected. Reject building class initialisation methods. 
336794     DEBUG main            d.u.i.k.p.i.AbstractProblemLoader Init config took 3.91s 
336868     INFO  main            d.u.i.k.p.i.AbstractProblemLoader Replaying proof MySet[MySet::MySet()].JML normal_behavior operation contract.0 
336870     DEBUG main            d.u.i.k.p.i.IntermediateProofReplayer Proof replay took 9ns 
340288     INFO  main            d.u.i.k.p.r.p.TestFile    ... finished proof: closed. 
340766     INFO  main            d.u.i.k.p.i.AbstractProblemLoader Loading environment from /home/runner/work/key/key/key.core/../key.ui/examples/heap/list/MySet_MySet.key.proof 
340767     DEBUG main            d.u.i.k.p.i.AbstractProblemLoader Environment load took 257.2ns 
340768     INFO  main            d.u.i.k.p.i.AbstractProblemLoader Creating init config 
341980     DEBUG main            d.u.i.k.j.r.ClassPreparationMethodBuilder clPrepBuilder: Inner Class detected. Reject building class initialisation methods. 
344615     DEBUG main            d.u.i.k.p.i.AbstractProblemLoader Init config took 3.85s 
344679     INFO  main            d.u.i.k.p.i.AbstractProblemLoader Replaying proof MySet[MySet::MySet()].JML normal_behavior operation contract.0 
345267     DEBUG main            d.u.i.k.p.i.IntermediateProofReplayer Proof replay took 571.25ms 
345269     DEBUG main            d.u.i.k.p.r.p.TestFile    ... success: reloaded. 
1402682    INFO  Test worker     d.u.i.k.p.r.RunAllProofsTestUnit Returning from test list 
1402688    INFO  Test worker     d.u.i.k.p.r.RunAllProofsTestUnit Running test list_ghost 
534        INFO  Timeout watchdog d.u.i.k.p.r.p.ForkedTestFileRunner Timeout watcher launched (2000 secs.) 
570        WARN  main            d.u.i.k.s.ProofSettings   The settings in /home/runner/.key/proof-settings.props are *not* read. 
612        INFO  main            d.u.i.k.p.r.p.TestFile    Now processing file /home/runner/work/key/key/key.core/../key.ui/examples/heap/list_ghost/ArrayList_add.key 
777        INFO  main            d.u.i.k.p.i.AbstractProblemLoader Loading environment from /home/runner/work/key/key/key.core/../key.ui/examples/heap/list_ghost/ArrayList_add.key 
809        DEBUG main            d.u.i.k.p.i.AbstractProblemLoader Environment load took 3.02ms 
1136       INFO  main            d.u.i.k.p.i.AbstractProblemLoader Creating init config 
2627       DEBUG main            d.u.i.k.j.TypeConverter   No LDT found for Meta 
2628       DEBUG main            d.u.i.k.j.TypeConverter   No LDT found for Meta 
2632       DEBUG main            d.u.i.k.j.TypeConverter   No LDT found for Meta 
2632       DEBUG main            d.u.i.k.j.TypeConverter   No LDT found for Meta 
4879       DEBUG main            d.u.i.k.j.TypeConverter   No LDT found for JavaBigintExpression 
11660      DEBUG main            d.u.i.k.p.i.AbstractProblemLoader Init config took 10.52s 
11853      INFO  main            d.u.i.k.p.i.AbstractProblemLoader Replaying proof ArrayList[List::add(java.lang.Object)].JML normal_behavior operation contract.0 
11902      DEBUG main            d.u.i.k.p.i.IntermediateProofReplayer Proof replay took 46.8ns 
19064      INFO  main            d.u.i.k.p.r.p.TestFile    ... finished proof: closed. 
19314      INFO  main            d.u.i.k.p.i.AbstractProblemLoader Loading environment from /home/runner/work/key/key/key.core/../key.ui/examples/heap/list_ghost/ArrayList_add.key.proof 
19314      DEBUG main            d.u.i.k.p.i.AbstractProblemLoader Environment load took 362.7ns 
19318      INFO  main            d.u.i.k.p.i.AbstractProblemLoader Creating init config 
23219      DEBUG main            d.u.i.k.p.i.AbstractProblemLoader Init config took 3.9s 
23335      INFO  main            d.u.i.k.p.i.AbstractProblemLoader Replaying proof ArrayList[List::add(java.lang.Object)].JML normal_behavior operation contract.0 
24539      DEBUG main            d.u.i.k.p.i.IntermediateProofReplayer Proof replay took 1.16s 
24552      DEBUG main            d.u.i.k.p.r.p.TestFile    ... success: reloaded. 
24559      INFO  main            d.u.i.k.p.r.p.TestFile    Now processing file /home/runner/work/key/key/key.core/../key.ui/examples/heap/list_ghost/ArrayList_ArrayList.key 
24560      INFO  main            d.u.i.k.p.i.AbstractProblemLoader Loading environment from /home/runner/work/key/key/key.core/../key.ui/examples/heap/list_ghost/ArrayList_ArrayList.key 
24560      DEBUG main            d.u.i.k.p.i.AbstractProblemLoader Environment load took 145.3ns 
24565      INFO  main            d.u.i.k.p.i.AbstractProblemLoader Creating init config 
28302      DEBUG main            d.u.i.k.p.i.AbstractProblemLoader Init config took 3.74s 
28379      INFO  main            d.u.i.k.p.i.AbstractProblemLoader Replaying proof ArrayList[ArrayList::ArrayList()].JML normal_behavior operation contract.0 
28382      DEBUG main            d.u.i.k.p.i.IntermediateProofReplayer Proof replay took 7.8ns 
29892      INFO  main            d.u.i.k.p.r.p.TestFile    ... finished proof: closed. 
30118      INFO  main            d.u.i.k.p.i.AbstractProblemLoader Loading environment from /home/runner/work/key/key/key.core/../key.ui/examples/heap/list_ghost/ArrayList_ArrayList.key.proof 
30119      DEBUG main            d.u.i.k.p.i.AbstractProblemLoader Environment load took 893.3ns 
30124      INFO  main            d.u.i.k.p.i.AbstractProblemLoader Creating init config 
33722      DEBUG main            d.u.i.k.p.i.AbstractProblemLoader Init config took 3.6s 
33792      INFO  main            d.u.i.k.p.i.AbstractProblemLoader Replaying proof ArrayList[ArrayList::ArrayList()].JML normal_behavior operation contract.0 
34143      DEBUG main            d.u.i.k.p.i.IntermediateProofReplayer Proof replay took 341.74ms 
34145      DEBUG main            d.u.i.k.p.r.p.TestFile    ... success: reloaded. 
34147      INFO  main            d.u.i.k.p.r.p.TestFile    Now processing file /home/runner/work/key/key/key.core/../key.ui/examples/heap/list_ghost/ArrayList_enlarge.key 
34148      INFO  main            d.u.i.k.p.i.AbstractProblemLoader Loading environment from /home/runner/work/key/key/key.core/../key.ui/examples/heap/list_ghost/ArrayList_enlarge.key 
34148      DEBUG main            d.u.i.k.p.i.AbstractProblemLoader Environment load took 354.4ns 
34150      INFO  main            d.u.i.k.p.i.AbstractProblemLoader Creating init config 
37784      DEBUG main            d.u.i.k.p.i.AbstractProblemLoader Init config took 3.63s 
37848      INFO  main            d.u.i.k.p.i.AbstractProblemLoader Replaying proof ArrayList[ArrayList::enlarge()].JML normal_behavior operation contract.0 
37851      DEBUG main            d.u.i.k.p.i.IntermediateProofReplayer Proof replay took 9ns 
40785      INFO  main            d.u.i.k.p.r.p.TestFile    ... finished proof: closed. 
41019      INFO  main            d.u.i.k.p.i.AbstractProblemLoader Loading environment from /home/runner/work/key/key/key.core/../key.ui/examples/heap/list_ghost/ArrayList_enlarge.key.proof 
41020      DEBUG main            d.u.i.k.p.i.AbstractProblemLoader Environment load took 750.1ns 
41023      INFO  main            d.u.i.k.p.i.AbstractProblemLoader Creating init config 
44475      DEBUG main            d.u.i.k.p.i.AbstractProblemLoader Init config took 3.45s 
44536      INFO  main            d.u.i.k.p.i.AbstractProblemLoader Replaying proof ArrayList[ArrayList::enlarge()].JML normal_behavior operation contract.0 
45130      DEBUG main            d.u.i.k.p.i.IntermediateProofReplayer Proof replay took 581.67ms 
45132      DEBUG main            d.u.i.k.p.r.p.TestFile    ... success: reloaded. 
45134      INFO  main            d.u.i.k.p.r.p.TestFile    Now processing file /home/runner/work/key/key/key.core/../key.ui/examples/heap/list_ghost/ArrayList_get_dep.key 
45134      INFO  main            d.u.i.k.p.i.AbstractProblemLoader Loading environment from /home/runner/work/key/key/key.core/../key.ui/examples/heap/list_ghost/ArrayList_get_dep.key 
45135      DEBUG main            d.u.i.k.p.i.AbstractProblemLoader Environment load took 275.6ns 
45136      INFO  main            d.u.i.k.p.i.AbstractProblemLoader Creating init config 
48586      DEBUG main            d.u.i.k.p.i.AbstractProblemLoader Init config took 3.45s 
48653      INFO  main            d.u.i.k.p.i.AbstractProblemLoader Replaying proof ArrayList[List::get(int)].JML accessible clause.0 
48656      DEBUG main            d.u.i.k.p.i.IntermediateProofReplayer Proof replay took 8.7ns 
49163      INFO  main            d.u.i.k.p.r.p.TestFile    ... finished proof: closed. 
49381      INFO  main            d.u.i.k.p.i.AbstractProblemLoader Loading environment from /home/runner/work/key/key/key.core/../key.ui/examples/heap/list_ghost/ArrayList_get_dep.key.proof 
49382      DEBUG main            d.u.i.k.p.i.AbstractProblemLoader Environment load took 563.1ns 
49383      INFO  main            d.u.i.k.p.i.AbstractProblemLoader Creating init config 
52722      DEBUG main            d.u.i.k.p.i.AbstractProblemLoader Init config took 3.34s 
52818      INFO  main            d.u.i.k.p.i.AbstractProblemLoader Replaying proof ArrayList[List::get(int)].JML accessible clause.0 
52919      DEBUG main            d.u.i.k.p.i.IntermediateProofReplayer Proof replay took 95.7ms 
52920      DEBUG main            d.u.i.k.p.r.p.TestFile    ... success: reloaded. 
52922      INFO  main            d.u.i.k.p.r.p.TestFile    Now processing file /home/runner/work/key/key/key.core/../key.ui/examples/heap/list_ghost/ArrayList_get_exceptional.key 
52922      INFO  main            d.u.i.k.p.i.AbstractProblemLoader Loading environment from /home/runner/work/key/key/key.core/../key.ui/examples/heap/list_ghost/ArrayList_get_exceptional.key 
52922      DEBUG main            d.u.i.k.p.i.AbstractProblemLoader Environment load took 276.1ns 
52924      INFO  main            d.u.i.k.p.i.AbstractProblemLoader Creating init config 
56310      DEBUG main            d.u.i.k.p.i.AbstractProblemLoader Init config took 3.39s 
56400      INFO  main            d.u.i.k.p.i.AbstractProblemLoader Replaying proof ArrayList[List::get(int)].JML exceptional_behavior operation contract.0 
56405      DEBUG main            d.u.i.k.p.i.IntermediateProofReplayer Proof replay took 8ns 
57411      INFO  main            d.u.i.k.p.r.p.TestFile    ... finished proof: closed. 
57736      INFO  main            d.u.i.k.p.i.AbstractProblemLoader Loading environment from /home/runner/work/key/key/key.core/../key.ui/examples/heap/list_ghost/ArrayList_get_exceptional.key.proof 
57736      DEBUG main            d.u.i.k.p.i.AbstractProblemLoader Environment load took 705.8ns 
57738      INFO  main            d.u.i.k.p.i.AbstractProblemLoader Creating init config 
61051      DEBUG main            d.u.i.k.p.i.AbstractProblemLoader Init config took 3.31s 
61106      INFO  main            d.u.i.k.p.i.AbstractProblemLoader Replaying proof ArrayList[List::get(int)].JML exceptional_behavior operation contract.0 
61334      DEBUG main            d.u.i.k.p.i.IntermediateProofReplayer Proof replay took 220.33ms 
61337      DEBUG main            d.u.i.k.p.r.p.TestFile    ... success: reloaded. 
61342      INFO  main            d.u.i.k.p.r.p.TestFile    Now processing file /home/runner/work/key/key/key.core/../key.ui/examples/heap/list_ghost/ArrayList_get_normal.key 
61343      INFO  main            d.u.i.k.p.i.AbstractProblemLoader Loading environment from /home/runner/work/key/key/key.core/../key.ui/examples/heap/list_ghost/ArrayList_get_normal.key 
61343      DEBUG main            d.u.i.k.p.i.AbstractProblemLoader Environment load took 316.3ns 
61345      INFO  main            d.u.i.k.p.i.AbstractProblemLoader Creating init config 
64653      DEBUG main            d.u.i.k.p.i.AbstractProblemLoader Init config took 3.31s 
64742      INFO  main            d.u.i.k.p.i.AbstractProblemLoader Replaying proof ArrayList[List::get(int)].JML normal_behavior operation contract.0 
64746      DEBUG main            d.u.i.k.p.i.IntermediateProofReplayer Proof replay took 7.4ns 
65052      INFO  main            d.u.i.k.p.r.p.TestFile    ... finished proof: closed. 
65398      INFO  main            d.u.i.k.p.i.AbstractProblemLoader Loading environment from /home/runner/work/key/key/key.core/../key.ui/examples/heap/list_ghost/ArrayList_get_normal.key.proof 
65399      DEBUG main            d.u.i.k.p.i.AbstractProblemLoader Environment load took 1.06ms 
65401      INFO  main            d.u.i.k.p.i.AbstractProblemLoader Creating init config 
68660      DEBUG main            d.u.i.k.p.i.AbstractProblemLoader Init config took 3.26s 
68714      INFO  main            d.u.i.k.p.i.AbstractProblemLoader Replaying proof ArrayList[List::get(int)].JML normal_behavior operation contract.0 
68818      DEBUG main            d.u.i.k.p.i.IntermediateProofReplayer Proof replay took 99.56ms 
68820      DEBUG main            d.u.i.k.p.r.p.TestFile    ... success: reloaded. 
68824      INFO  main            d.u.i.k.p.r.p.TestFile    Now processing file /home/runner/work/key/key/key.core/../key.ui/examples/heap/list_ghost/ArrayList_inv.key 
68825      INFO  main            d.u.i.k.p.i.AbstractProblemLoader Loading environment from /home/runner/work/key/key/key.core/../key.ui/examples/heap/list_ghost/ArrayList_inv.key 
68825      DEBUG main            d.u.i.k.p.i.AbstractProblemLoader Environment load took 292.9ns 
68826      INFO  main            d.u.i.k.p.i.AbstractProblemLoader Creating init config 
72145      DEBUG main            d.u.i.k.p.i.AbstractProblemLoader Init config took 3.32s 
72199      INFO  main            d.u.i.k.p.i.AbstractProblemLoader Replaying proof ArrayList[java.lang.Object::<inv>()].JML accessible clause.0 
72201      DEBUG main            d.u.i.k.p.i.IntermediateProofReplayer Proof replay took 9ns 
72305      INFO  main            d.u.i.k.p.r.p.TestFile    ... finished proof: closed. 
72530      INFO  main            d.u.i.k.p.i.AbstractProblemLoader Loading environment from /home/runner/work/key/key/key.core/../key.ui/examples/heap/list_ghost/ArrayList_inv.key.proof 
72530      DEBUG main            d.u.i.k.p.i.AbstractProblemLoader Environment load took 151.5ns 
72531      INFO  main            d.u.i.k.p.i.AbstractProblemLoader Creating init config 
75855      DEBUG main            d.u.i.k.p.i.AbstractProblemLoader Init config took 3.32s 
75907      INFO  main            d.u.i.k.p.i.AbstractProblemLoader Replaying proof ArrayList[java.lang.Object::<inv>()].JML accessible clause.0 
75939      DEBUG main            d.u.i.k.p.i.IntermediateProofReplayer Proof replay took 29.93ms 
75941      DEBUG main            d.u.i.k.p.r.p.TestFile    ... success: reloaded. 
75942      INFO  main            d.u.i.k.p.r.p.TestFile    Now processing file /home/runner/work/key/key/key.core/../key.ui/examples/heap/list_ghost/ArrayList_size_dep.key 
75943      INFO  main            d.u.i.k.p.i.AbstractProblemLoader Loading environment from /home/runner/work/key/key/key.core/../key.ui/examples/heap/list_ghost/ArrayList_size_dep.key 
75943      DEBUG main            d.u.i.k.p.i.AbstractProblemLoader Environment load took 140.7ns 
75944      INFO  main            d.u.i.k.p.i.AbstractProblemLoader Creating init config 
79262      DEBUG main            d.u.i.k.p.i.AbstractProblemLoader Init config took 3.32s 
79314      INFO  main            d.u.i.k.p.i.AbstractProblemLoader Replaying proof ArrayList[List::size()].JML accessible clause.0 
79316      DEBUG main            d.u.i.k.p.i.IntermediateProofReplayer Proof replay took 8.6ns 
79421      INFO  main            d.u.i.k.p.r.p.TestFile    ... finished proof: closed. 
79655      INFO  main            d.u.i.k.p.i.AbstractProblemLoader Loading environment from /home/runner/work/key/key/key.core/../key.ui/examples/heap/list_ghost/ArrayList_size_dep.key.proof 
79655      DEBUG main            d.u.i.k.p.i.AbstractProblemLoader Environment load took 151.2ns 
79656      INFO  main            d.u.i.k.p.i.AbstractProblemLoader Creating init config 
82972      DEBUG main            d.u.i.k.p.i.AbstractProblemLoader Init config took 3.32s 
83023      INFO  main            d.u.i.k.p.i.AbstractProblemLoader Replaying proof ArrayList[List::size()].JML accessible clause.0 
83044      DEBUG main            d.u.i.k.p.i.IntermediateProofReplayer Proof replay took 18.39ms 
83046      DEBUG main            d.u.i.k.p.r.p.TestFile    ... success: reloaded. 
83047      INFO  main            d.u.i.k.p.r.p.TestFile    Now processing file /home/runner/work/key/key/key.core/../key.ui/examples/heap/list_ghost/ArrayList_size.key 
83047      INFO  main            d.u.i.k.p.i.AbstractProblemLoader Loading environment from /home/runner/work/key/key/key.core/../key.ui/examples/heap/list_ghost/ArrayList_size.key 
83048      DEBUG main            d.u.i.k.p.i.AbstractProblemLoader Environment load took 152.5ns 
83049      INFO  main            d.u.i.k.p.i.AbstractProblemLoader Creating init config 
86395      DEBUG main            d.u.i.k.p.i.AbstractProblemLoader Init config took 3.35s 
86445      INFO  main            d.u.i.k.p.i.AbstractProblemLoader Replaying proof ArrayList[List::size()].JML normal_behavior operation contract.0 
86447      DEBUG main            d.u.i.k.p.i.IntermediateProofReplayer Proof replay took 8.5ns 
86561      INFO  main            d.u.i.k.p.r.p.TestFile    ... finished proof: closed. 
86806      INFO  main            d.u.i.k.p.i.AbstractProblemLoader Loading environment from /home/runner/work/key/key/key.core/../key.ui/examples/heap/list_ghost/ArrayList_size.key.proof 
86807      DEBUG main            d.u.i.k.p.i.AbstractProblemLoader Environment load took 153.3ns 
86808      INFO  main            d.u.i.k.p.i.AbstractProblemLoader Creating init config 
90061      DEBUG main            d.u.i.k.p.i.AbstractProblemLoader Init config took 3.25s 
90112      INFO  main            d.u.i.k.p.i.AbstractProblemLoader Replaying proof ArrayList[List::size()].JML normal_behavior operation contract.0 
90134      DEBUG main            d.u.i.k.p.i.IntermediateProofReplayer Proof replay took 19.51ms 
90136      DEBUG main            d.u.i.k.p.r.p.TestFile    ... success: reloaded. 
1493061    INFO  Test worker     d.u.i.k.p.r.RunAllProofsTestUnit Returning from test list_ghost 
1493063    INFO  Test worker     d.u.i.k.p.r.RunAllProofsTestUnit Running test list_recursive 
514        INFO  Timeout watchdog d.u.i.k.p.r.p.ForkedTestFileRunner Timeout watcher launched (2000 secs.) 
549        WARN  main            d.u.i.k.s.ProofSettings   The settings in /home/runner/.key/proof-settings.props are *not* read. 
607        INFO  main            d.u.i.k.p.r.p.TestFile    Now processing file /home/runner/work/key/key/key.core/../key.ui/examples/heap/list_recursiveSpec/ListOperationsNonNull_getNextNN_normal_behavior.key 
752        INFO  main            d.u.i.k.p.i.AbstractProblemLoader Loading environment from /home/runner/work/key/key/key.core/../key.ui/examples/heap/list_recursiveSpec/ListOperationsNonNull_getNextNN_normal_behavior.key 
774        DEBUG main            d.u.i.k.p.i.AbstractProblemLoader Environment load took 2.49ms 
1091       INFO  main            d.u.i.k.p.i.AbstractProblemLoader Creating init config 
2392       DEBUG main            d.u.i.k.j.TypeConverter   No LDT found for Meta 
2393       DEBUG main            d.u.i.k.j.TypeConverter   No LDT found for Meta 
2397       DEBUG main            d.u.i.k.j.TypeConverter   No LDT found for Meta 
2397       DEBUG main            d.u.i.k.j.TypeConverter   No LDT found for Meta 
4326       DEBUG main            d.u.i.k.j.TypeConverter   No LDT found for JavaBigintExpression 
11825      DEBUG main            d.u.i.k.p.i.AbstractProblemLoader Init config took 10.73s 
12000      INFO  main            d.u.i.k.p.i.AbstractProblemLoader Replaying proof ListOperationsNonNull[ListOperationsNonNull::getNextNN(ListNN,int)].JML normal_behavior operation contract.0 
12046      DEBUG main            d.u.i.k.p.i.IntermediateProofReplayer Proof replay took 46.1ns 
14104      INFO  main            d.u.i.k.p.r.p.TestFile    ... finished proof: closed. 
14365      INFO  main            d.u.i.k.p.i.AbstractProblemLoader Loading environment from /home/runner/work/key/key/key.core/../key.ui/examples/heap/list_recursiveSpec/ListOperationsNonNull_getNextNN_normal_behavior.key.proof 
14369      DEBUG main            d.u.i.k.p.i.AbstractProblemLoader Environment load took 3.38ms 
14372      INFO  main            d.u.i.k.p.i.AbstractProblemLoader Creating init config 
19111      DEBUG main            d.u.i.k.p.i.AbstractProblemLoader Init config took 4.74s 
19485      INFO  main            d.u.i.k.p.i.AbstractProblemLoader Replaying proof ListOperationsNonNull[ListOperationsNonNull::getNextNN(ListNN,int)].JML normal_behavior operation contract.0 
19946      DEBUG main            d.u.i.k.p.i.IntermediateProofReplayer Proof replay took 443.54ms 
19958      DEBUG main            d.u.i.k.p.r.p.TestFile    ... success: reloaded. 
19961      INFO  main            d.u.i.k.p.r.p.TestFile    Now processing file /home/runner/work/key/key/key.core/../key.ui/examples/heap/list_recursiveSpec/ListOperationsNonNull_setValueAt_normal_behavior.key 
19961      INFO  main            d.u.i.k.p.i.AbstractProblemLoader Loading environment from /home/runner/work/key/key/key.core/../key.ui/examples/heap/list_recursiveSpec/ListOperationsNonNull_setValueAt_normal_behavior.key 
19962      DEBUG main            d.u.i.k.p.i.AbstractProblemLoader Environment load took 291.5ns 
19964      INFO  main            d.u.i.k.p.i.AbstractProblemLoader Creating init config 
24149      DEBUG main            d.u.i.k.p.i.AbstractProblemLoader Init config took 4.19s 
24229      INFO  main            d.u.i.k.p.i.AbstractProblemLoader Replaying proof ListOperationsNonNull[ListOperationsNonNull::setValueAt_NN(ListNN,int,int)].JML normal_behavior operation contract.0 
24233      DEBUG main            d.u.i.k.p.i.IntermediateProofReplayer Proof replay took 8.3ns 
24272      DEBUG main            d.u.i.k.m.s.ProofScriptEngine 1: 'macro autopilot' 
28111      DEBUG main            d.u.i.k.m.s.ProofScriptEngine 2: 'macro simp-upd' 
28123      DEBUG main            d.u.i.k.m.s.ProofScriptEngine 3: 'rule observerDependencyEQ' 
28151      DEBUG main            d.u.i.k.m.s.ProofScriptEngine 4: 'tryclose' 
28195      INFO  main            d.u.i.k.p.r.p.TestFile    ... finished proof: closed. 
28419      INFO  main            d.u.i.k.p.i.AbstractProblemLoader Loading environment from /home/runner/work/key/key/key.core/../key.ui/examples/heap/list_recursiveSpec/ListOperationsNonNull_setValueAt_normal_behavior.key.proof 
28422      DEBUG main            d.u.i.k.p.i.AbstractProblemLoader Environment load took 2.47ms 
28424      INFO  main            d.u.i.k.p.i.AbstractProblemLoader Creating init config 
32320      DEBUG main            d.u.i.k.p.i.AbstractProblemLoader Init config took 3.9s 
32395      INFO  main            d.u.i.k.p.i.AbstractProblemLoader Replaying proof ListOperationsNonNull[ListOperationsNonNull::setValueAt_NN(ListNN,int,int)].JML normal_behavior operation contract.0 
32591      DEBUG main            d.u.i.k.p.i.IntermediateProofReplayer Proof replay took 189.56ms 
32593      DEBUG main            d.u.i.k.p.r.p.TestFile    ... success: reloaded. 
1525908    INFO  Test worker     d.u.i.k.p.r.RunAllProofsTestUnit Returning from test list_recursive 
1525912    INFO  Test worker     d.u.i.k.p.r.RunAllProofsTestUnit Running test list_seq 
481        INFO  Timeout watchdog d.u.i.k.p.r.p.ForkedTestFileRunner Timeout watcher launched (2000 secs.) 
505        WARN  main            d.u.i.k.s.ProofSettings   The settings in /home/runner/.key/proof-settings.props are *not* read. 
573        INFO  main            d.u.i.k.p.r.p.TestFile    Now processing file /home/runner/work/key/key/key.core/../key.ui/examples/heap/list_seq/SimplifiedLinkedList.remove.key 
724        INFO  main            d.u.i.k.p.i.AbstractProblemLoader Loading environment from /home/runner/work/key/key/key.core/../key.ui/examples/heap/list_seq/SimplifiedLinkedList.remove.key 
749        DEBUG main            d.u.i.k.p.i.AbstractProblemLoader Environment load took 2.56ms 
1040       INFO  main            d.u.i.k.p.i.AbstractProblemLoader Creating init config 
2380       DEBUG main            d.u.i.k.j.TypeConverter   No LDT found for Meta 
2381       DEBUG main            d.u.i.k.j.TypeConverter   No LDT found for Meta 
2383       DEBUG main            d.u.i.k.j.TypeConverter   No LDT found for Meta 
2384       DEBUG main            d.u.i.k.j.TypeConverter   No LDT found for Meta 
4288       DEBUG main            d.u.i.k.j.TypeConverter   No LDT found for JavaBigintExpression 
11902      DEBUG main            d.u.i.k.p.i.AbstractProblemLoader Init config took 10.86s 
12203      INFO  main            d.u.i.k.p.i.AbstractProblemLoader Replaying proof SimplifiedLinkedList[SimplifiedLinkedList::remove(int)].JML normal_behavior operation contract.0 
12318      DEBUG main            d.u.i.k.p.i.IntermediateProofReplayer Proof replay took 46.9ns 
139200     INFO  main            d.u.i.k.p.r.p.TestFile    ... finished proof: closed. 
139742     INFO  main            d.u.i.k.p.i.AbstractProblemLoader Loading environment from /home/runner/work/key/key/key.core/../key.ui/examples/heap/list_seq/SimplifiedLinkedList.remove.key.proof 
139742     DEBUG main            d.u.i.k.p.i.AbstractProblemLoader Environment load took 291.5ns 
139760     INFO  main            d.u.i.k.p.i.AbstractProblemLoader Creating init config 
143939     DEBUG main            d.u.i.k.p.i.AbstractProblemLoader Init config took 4.18s 
144094     INFO  main            d.u.i.k.p.i.AbstractProblemLoader Replaying proof SimplifiedLinkedList[SimplifiedLinkedList::remove(int)].JML normal_behavior operation contract.0 
150354     DEBUG main            d.u.i.k.p.i.IntermediateProofReplayer Proof replay took 5.89s 
150377     DEBUG main            d.u.i.k.p.r.p.TestFile    ... success: reloaded. 
150380     INFO  main            d.u.i.k.p.r.p.TestFile    Now processing file /home/runner/work/key/key/key.core/../key.ui/examples/heap/list_seq/ArrayList.ArrayList.key 
150380     INFO  main            d.u.i.k.p.i.AbstractProblemLoader Loading environment from /home/runner/work/key/key/key.core/../key.ui/examples/heap/list_seq/ArrayList.ArrayList.key 
150381     DEBUG main            d.u.i.k.p.i.AbstractProblemLoader Environment load took 302ns 
150383     INFO  main            d.u.i.k.p.i.AbstractProblemLoader Creating init config 
154584     DEBUG main            d.u.i.k.p.i.AbstractProblemLoader Init config took 4.2s 
154700     INFO  main            d.u.i.k.p.i.AbstractProblemLoader Replaying proof ArrayList[ArrayList::ArrayList()].JML normal_behavior operation contract.0 
154703     DEBUG main            d.u.i.k.p.i.IntermediateProofReplayer Proof replay took 6.1ns 
156011     INFO  main            d.u.i.k.p.r.p.TestFile    ... finished proof: closed. 
156369     INFO  main            d.u.i.k.p.i.AbstractProblemLoader Loading environment from /home/runner/work/key/key/key.core/../key.ui/examples/heap/list_seq/ArrayList.ArrayList.key.proof 
156369     DEBUG main            d.u.i.k.p.i.AbstractProblemLoader Environment load took 567ns 
156373     INFO  main            d.u.i.k.p.i.AbstractProblemLoader Creating init config 
160396     DEBUG main            d.u.i.k.p.i.AbstractProblemLoader Init config took 4.02s 
160512     INFO  main            d.u.i.k.p.i.AbstractProblemLoader Replaying proof ArrayList[ArrayList::ArrayList()].JML normal_behavior operation contract.0 
160705     DEBUG main            d.u.i.k.p.i.IntermediateProofReplayer Proof replay took 186.19ms 
160707     DEBUG main            d.u.i.k.p.r.p.TestFile    ... success: reloaded. 
160708     INFO  main            d.u.i.k.p.r.p.TestFile    Now processing file /home/runner/work/key/key/key.core/../key.ui/examples/heap/list_seq/ArrayList.add.key 
160708     INFO  main            d.u.i.k.p.i.AbstractProblemLoader Loading environment from /home/runner/work/key/key/key.core/../key.ui/examples/heap/list_seq/ArrayList.add.key 
160709     DEBUG main            d.u.i.k.p.i.AbstractProblemLoader Environment load took 279.6ns 
160710     INFO  main            d.u.i.k.p.i.AbstractProblemLoader Creating init config 
164807     DEBUG main            d.u.i.k.p.i.AbstractProblemLoader Init config took 4.1s 
164941     INFO  main            d.u.i.k.p.i.AbstractProblemLoader Replaying proof ArrayList[List::add(java.lang.Object)].JML normal_behavior operation contract.0 
164946     DEBUG main            d.u.i.k.p.i.IntermediateProofReplayer Proof replay took 7.1ns 
169516     INFO  main            d.u.i.k.p.r.p.TestFile    ... finished proof: closed. 
169743     INFO  main            d.u.i.k.p.i.AbstractProblemLoader Loading environment from /home/runner/work/key/key/key.core/../key.ui/examples/heap/list_seq/ArrayList.add.key.proof 
169744     DEBUG main            d.u.i.k.p.i.AbstractProblemLoader Environment load took 593.8ns 
169746     INFO  main            d.u.i.k.p.i.AbstractProblemLoader Creating init config 
173686     DEBUG main            d.u.i.k.p.i.AbstractProblemLoader Init config took 3.94s 
173802     INFO  main            d.u.i.k.p.i.AbstractProblemLoader Replaying proof ArrayList[List::add(java.lang.Object)].JML normal_behavior operation contract.0 
174503     DEBUG main            d.u.i.k.p.i.IntermediateProofReplayer Proof replay took 682.82ms 
174505     DEBUG main            d.u.i.k.p.r.p.TestFile    ... success: reloaded. 
174508     INFO  main            d.u.i.k.p.r.p.TestFile    Now processing file /home/runner/work/key/key/key.core/../key.ui/examples/heap/list_seq/ArrayList.contains.key 
174509     INFO  main            d.u.i.k.p.i.AbstractProblemLoader Loading environment from /home/runner/work/key/key/key.core/../key.ui/examples/heap/list_seq/ArrayList.contains.key 
174510     DEBUG main            d.u.i.k.p.i.AbstractProblemLoader Environment load took 481.3ns 
174512     INFO  main            d.u.i.k.p.i.AbstractProblemLoader Creating init config 
178525     DEBUG main            d.u.i.k.p.i.AbstractProblemLoader Init config took 4.01s 
178627     INFO  main            d.u.i.k.p.i.AbstractProblemLoader Replaying proof ArrayList[List::contains(java.lang.Object)].JML normal_behavior operation contract.0 
178629     DEBUG main            d.u.i.k.p.i.IntermediateProofReplayer Proof replay took 7.5ns 
180644     INFO  main            d.u.i.k.p.r.p.TestFile    ... finished proof: closed. 
180928     INFO  main            d.u.i.k.p.i.AbstractProblemLoader Loading environment from /home/runner/work/key/key/key.core/../key.ui/examples/heap/list_seq/ArrayList.contains.key.proof 
180929     DEBUG main            d.u.i.k.p.i.AbstractProblemLoader Environment load took 1.12ms 
180931     INFO  main            d.u.i.k.p.i.AbstractProblemLoader Creating init config 
184850     DEBUG main            d.u.i.k.p.i.AbstractProblemLoader Init config took 3.92s 
184949     INFO  main            d.u.i.k.p.i.AbstractProblemLoader Replaying proof ArrayList[List::contains(java.lang.Object)].JML normal_behavior operation contract.0 
185342     DEBUG main            d.u.i.k.p.i.IntermediateProofReplayer Proof replay took 384.58ms 
185345     DEBUG main            d.u.i.k.p.r.p.TestFile    ... success: reloaded. 
185346     INFO  main            d.u.i.k.p.r.p.TestFile    Now processing file /home/runner/work/key/key/key.core/../key.ui/examples/heap/list_seq/ArrayList.enlarge.key 
185347     INFO  main            d.u.i.k.p.i.AbstractProblemLoader Loading environment from /home/runner/work/key/key/key.core/../key.ui/examples/heap/list_seq/ArrayList.enlarge.key 
185347     DEBUG main            d.u.i.k.p.i.AbstractProblemLoader Environment load took 278.7ns 
185348     INFO  main            d.u.i.k.p.i.AbstractProblemLoader Creating init config 
189459     DEBUG main            d.u.i.k.p.i.AbstractProblemLoader Init config took 4.11s 
189583     INFO  main            d.u.i.k.p.i.AbstractProblemLoader Replaying proof ArrayList[ArrayList::enlarge()].JML normal_behavior operation contract.0 
189585     DEBUG main            d.u.i.k.p.i.IntermediateProofReplayer Proof replay took 7.2ns 
192418     INFO  main            d.u.i.k.p.r.p.TestFile    ... finished proof: closed. 
192673     INFO  main            d.u.i.k.p.i.AbstractProblemLoader Loading environment from /home/runner/work/key/key/key.core/../key.ui/examples/heap/list_seq/ArrayList.enlarge.key.proof 
192673     DEBUG main            d.u.i.k.p.i.AbstractProblemLoader Environment load took 171.1ns 
192675     INFO  main            d.u.i.k.p.i.AbstractProblemLoader Creating init config 
196587     DEBUG main            d.u.i.k.p.i.AbstractProblemLoader Init config took 3.91s 
196720     INFO  main            d.u.i.k.p.i.AbstractProblemLoader Replaying proof ArrayList[ArrayList::enlarge()].JML normal_behavior operation contract.0 
197182     DEBUG main            d.u.i.k.p.i.IntermediateProofReplayer Proof replay took 452.71ms 
197184     DEBUG main            d.u.i.k.p.r.p.TestFile    ... success: reloaded. 
197186     INFO  main            d.u.i.k.p.r.p.TestFile    Now processing file /home/runner/work/key/key/key.core/../key.ui/examples/heap/list_seq/ArrayList.get.key 
197186     INFO  main            d.u.i.k.p.i.AbstractProblemLoader Loading environment from /home/runner/work/key/key/key.core/../key.ui/examples/heap/list_seq/ArrayList.get.key 
197186     DEBUG main            d.u.i.k.p.i.AbstractProblemLoader Environment load took 299.6ns 
197188     INFO  main            d.u.i.k.p.i.AbstractProblemLoader Creating init config 
201236     DEBUG main            d.u.i.k.p.i.AbstractProblemLoader Init config took 4.05s 
201332     INFO  main            d.u.i.k.p.i.AbstractProblemLoader Replaying proof ArrayList[List::get(int)].JML normal_behavior operation contract.0 
201334     DEBUG main            d.u.i.k.p.i.IntermediateProofReplayer Proof replay took 7.6ns 
202056     INFO  main            d.u.i.k.p.r.p.TestFile    ... finished proof: closed. 
202333     INFO  main            d.u.i.k.p.i.AbstractProblemLoader Loading environment from /home/runner/work/key/key/key.core/../key.ui/examples/heap/list_seq/ArrayList.get.key.proof 
202334     DEBUG main            d.u.i.k.p.i.AbstractProblemLoader Environment load took 611.8ns 
202336     INFO  main            d.u.i.k.p.i.AbstractProblemLoader Creating init config 
206284     DEBUG main            d.u.i.k.p.i.AbstractProblemLoader Init config took 3.95s 
206392     INFO  main            d.u.i.k.p.i.AbstractProblemLoader Replaying proof ArrayList[List::get(int)].JML normal_behavior operation contract.0 
206489     DEBUG main            d.u.i.k.p.i.IntermediateProofReplayer Proof replay took 92.08ms 
206490     DEBUG main            d.u.i.k.p.r.p.TestFile    ... success: reloaded. 
206491     INFO  main            d.u.i.k.p.r.p.TestFile    Now processing file /home/runner/work/key/key/key.core/../key.ui/examples/heap/list_seq/ArrayList.newArray.key 
206491     INFO  main            d.u.i.k.p.i.AbstractProblemLoader Loading environment from /home/runner/work/key/key/key.core/../key.ui/examples/heap/list_seq/ArrayList.newArray.key 
206492     DEBUG main            d.u.i.k.p.i.AbstractProblemLoader Environment load took 138.2ns 
206493     INFO  main            d.u.i.k.p.i.AbstractProblemLoader Creating init config 
210361     DEBUG main            d.u.i.k.p.i.AbstractProblemLoader Init config took 3.87s 
210454     INFO  main            d.u.i.k.p.i.AbstractProblemLoader Replaying proof ArrayList[ArrayList::newArray(int)].JML normal_behavior operation contract.0 
210457     DEBUG main            d.u.i.k.p.i.IntermediateProofReplayer Proof replay took 8.4ns 
210860     INFO  main            d.u.i.k.p.r.p.TestFile    ... finished proof: closed. 
211119     INFO  main            d.u.i.k.p.i.AbstractProblemLoader Loading environment from /home/runner/work/key/key/key.core/../key.ui/examples/heap/list_seq/ArrayList.newArray.key.proof 
211120     DEBUG main            d.u.i.k.p.i.AbstractProblemLoader Environment load took 563.6ns 
211121     INFO  main            d.u.i.k.p.i.AbstractProblemLoader Creating init config 
215010     DEBUG main            d.u.i.k.p.i.AbstractProblemLoader Init config took 3.89s 
215106     INFO  main            d.u.i.k.p.i.AbstractProblemLoader Replaying proof ArrayList[ArrayList::newArray(int)].JML normal_behavior operation contract.0 
215184     DEBUG main            d.u.i.k.p.i.IntermediateProofReplayer Proof replay took 73.32ms 
215185     DEBUG main            d.u.i.k.p.r.p.TestFile    ... success: reloaded. 
215186     INFO  main            d.u.i.k.p.r.p.TestFile    Now processing file /home/runner/work/key/key/key.core/../key.ui/examples/heap/list_seq/ArrayList.remove.0.key 
215186     INFO  main            d.u.i.k.p.i.AbstractProblemLoader Loading environment from /home/runner/work/key/key/key.core/../key.ui/examples/heap/list_seq/ArrayList.remove.0.key 
215187     DEBUG main            d.u.i.k.p.i.AbstractProblemLoader Environment load took 164.2ns 
215188     INFO  main            d.u.i.k.p.i.AbstractProblemLoader Creating init config 
219032     DEBUG main            d.u.i.k.p.i.AbstractProblemLoader Init config took 3.84s 
219161     INFO  main            d.u.i.k.p.i.AbstractProblemLoader Replaying proof ArrayList[List::remove(java.lang.Object)].JML normal_behavior operation contract.0 
219163     DEBUG main            d.u.i.k.p.i.IntermediateProofReplayer Proof replay took 8.4ns 
221801     INFO  main            d.u.i.k.p.r.p.TestFile    ... finished proof: closed. 
222093     INFO  main            d.u.i.k.p.i.AbstractProblemLoader Loading environment from /home/runner/work/key/key/key.core/../key.ui/examples/heap/list_seq/ArrayList.remove.0.key.proof 
222093     DEBUG main            d.u.i.k.p.i.AbstractProblemLoader Environment load took 585.4ns 
222095     INFO  main            d.u.i.k.p.i.AbstractProblemLoader Creating init config 
225941     DEBUG main            d.u.i.k.p.i.AbstractProblemLoader Init config took 3.85s 
226032     INFO  main            d.u.i.k.p.i.AbstractProblemLoader Replaying proof ArrayList[List::remove(java.lang.Object)].JML normal_behavior operation contract.0 
226719     DEBUG main            d.u.i.k.p.i.IntermediateProofReplayer Proof replay took 677.79ms 
226721     DEBUG main            d.u.i.k.p.r.p.TestFile    ... success: reloaded. 
226722     INFO  main            d.u.i.k.p.r.p.TestFile    Now processing file /home/runner/work/key/key/key.core/../key.ui/examples/heap/list_seq/ArrayList.remove.1.key 
226723     INFO  main            d.u.i.k.p.i.AbstractProblemLoader Loading environment from /home/runner/work/key/key/key.core/../key.ui/examples/heap/list_seq/ArrayList.remove.1.key 
226723     DEBUG main            d.u.i.k.p.i.AbstractProblemLoader Environment load took 316.4ns 
226725     INFO  main            d.u.i.k.p.i.AbstractProblemLoader Creating init config 
230678     DEBUG main            d.u.i.k.p.i.AbstractProblemLoader Init config took 3.95s 
230809     INFO  main            d.u.i.k.p.i.AbstractProblemLoader Replaying proof ArrayList[List::remove(java.lang.Object)].JML normal_behavior operation contract.1 
230812     DEBUG main            d.u.i.k.p.i.IntermediateProofReplayer Proof replay took 8ns 
246956     INFO  main            d.u.i.k.p.r.p.TestFile    ... finished proof: closed. 
247314     INFO  main            d.u.i.k.p.i.AbstractProblemLoader Loading environment from /home/runner/work/key/key/key.core/../key.ui/examples/heap/list_seq/ArrayList.remove.1.key.proof 
247315     DEBUG main            d.u.i.k.p.i.AbstractProblemLoader Environment load took 608.59ns 
247319     INFO  main            d.u.i.k.p.i.AbstractProblemLoader Creating init config 
251100     DEBUG main            d.u.i.k.p.i.AbstractProblemLoader Init config took 3.78s 
251195     INFO  main            d.u.i.k.p.i.AbstractProblemLoader Replaying proof ArrayList[List::remove(java.lang.Object)].JML normal_behavior operation contract.1 
253185     DEBUG main            d.u.i.k.p.i.IntermediateProofReplayer Proof replay took 1.95s 
253188     DEBUG main            d.u.i.k.p.r.p.TestFile    ... success: reloaded. 
1779313    INFO  Test worker     d.u.i.k.p.r.RunAllProofsTestUnit Returning from test list_seq 
1779316    INFO  Test worker     d.u.i.k.p.r.RunAllProofsTestUnit Running test observer 
480        INFO  Timeout watchdog d.u.i.k.p.r.p.ForkedTestFileRunner Timeout watcher launched (2000 secs.) 
493        WARN  main            d.u.i.k.s.ProofSettings   The settings in /home/runner/.key/proof-settings.props are *not* read. 
550        INFO  main            d.u.i.k.p.r.p.TestFile    Now processing file /home/runner/work/key/key/key.core/../key.ui/examples/heap/observer/ExampleObserver_ExampleObserver.key 
691        INFO  main            d.u.i.k.p.i.AbstractProblemLoader Loading environment from /home/runner/work/key/key/key.core/../key.ui/examples/heap/observer/ExampleObserver_ExampleObserver.key 
716        DEBUG main            d.u.i.k.p.i.AbstractProblemLoader Environment load took 2.88ms 
1029       INFO  main            d.u.i.k.p.i.AbstractProblemLoader Creating init config 
2238       DEBUG main            d.u.i.k.j.TypeConverter   No LDT found for Meta 
2239       DEBUG main            d.u.i.k.j.TypeConverter   No LDT found for Meta 
2241       DEBUG main            d.u.i.k.j.TypeConverter   No LDT found for Meta 
2241       DEBUG main            d.u.i.k.j.TypeConverter   No LDT found for Meta 
4351       DEBUG main            d.u.i.k.j.TypeConverter   No LDT found for JavaBigintExpression 
12096      DEBUG main            d.u.i.k.p.i.AbstractProblemLoader Init config took 11.07s 
12272      INFO  main            d.u.i.k.p.i.AbstractProblemLoader Replaying proof ExampleObserver[ExampleObserver::ExampleObserver(ExampleSubject)].JML normal_behavior operation contract.0 
12320      DEBUG main            d.u.i.k.p.i.IntermediateProofReplayer Proof replay took 50.1ns 
13758      INFO  main            d.u.i.k.p.r.p.TestFile    ... finished proof: closed. 
13932      INFO  main            d.u.i.k.p.i.AbstractProblemLoader Loading environment from /home/runner/work/key/key/key.core/../key.ui/examples/heap/observer/ExampleObserver_ExampleObserver.key.proof 
13936      DEBUG main            d.u.i.k.p.i.AbstractProblemLoader Environment load took 4ms 
13939      INFO  main            d.u.i.k.p.i.AbstractProblemLoader Creating init config 
17924      DEBUG main            d.u.i.k.p.i.AbstractProblemLoader Init config took 3.98s 
18045      INFO  main            d.u.i.k.p.i.AbstractProblemLoader Replaying proof ExampleObserver[ExampleObserver::ExampleObserver(ExampleSubject)].JML normal_behavior operation contract.0 
18238      DEBUG main            d.u.i.k.p.i.IntermediateProofReplayer Proof replay took 181.1ms 
18260      DEBUG main            d.u.i.k.p.r.p.TestFile    ... success: reloaded. 
18264      INFO  main            d.u.i.k.p.r.p.TestFile    Now processing file /home/runner/work/key/key/key.core/../key.ui/examples/heap/observer/ExampleObserver_inv.key 
18265      INFO  main            d.u.i.k.p.i.AbstractProblemLoader Loading environment from /home/runner/work/key/key/key.core/../key.ui/examples/heap/observer/ExampleObserver_inv.key 
18265      DEBUG main            d.u.i.k.p.i.AbstractProblemLoader Environment load took 212.8ns 
18271      INFO  main            d.u.i.k.p.i.AbstractProblemLoader Creating init config 
22301      DEBUG main            d.u.i.k.p.i.AbstractProblemLoader Init config took 4.03s 
22418      INFO  main            d.u.i.k.p.i.AbstractProblemLoader Replaying proof ExampleObserver[java.lang.Object::<inv>()].JML accessible clause.0 
22425      DEBUG main            d.u.i.k.p.i.IntermediateProofReplayer Proof replay took 8.7ns 
22631      INFO  main            d.u.i.k.p.r.p.TestFile    ... finished proof: closed. 
22816      INFO  main            d.u.i.k.p.i.AbstractProblemLoader Loading environment from /home/runner/work/key/key/key.core/../key.ui/examples/heap/observer/ExampleObserver_inv.key.proof 
22817      DEBUG main            d.u.i.k.p.i.AbstractProblemLoader Environment load took 1.45ms 
22820      INFO  main            d.u.i.k.p.i.AbstractProblemLoader Creating init config 
26604      DEBUG main            d.u.i.k.p.i.AbstractProblemLoader Init config took 3.78s 
26699      INFO  main            d.u.i.k.p.i.AbstractProblemLoader Replaying proof ExampleObserver[java.lang.Object::<inv>()].JML accessible clause.0 
26723      DEBUG main            d.u.i.k.p.i.IntermediateProofReplayer Proof replay took 20.64ms 
26725      DEBUG main            d.u.i.k.p.r.p.TestFile    ... success: reloaded. 
26727      INFO  main            d.u.i.k.p.r.p.TestFile    Now processing file /home/runner/work/key/key/key.core/../key.ui/examples/heap/observer/ExampleObserver_subject.key 
26727      INFO  main            d.u.i.k.p.i.AbstractProblemLoader Loading environment from /home/runner/work/key/key/key.core/../key.ui/examples/heap/observer/ExampleObserver_subject.key 
26728      DEBUG main            d.u.i.k.p.i.AbstractProblemLoader Environment load took 282ns 
26730      INFO  main            d.u.i.k.p.i.AbstractProblemLoader Creating init config 
30484      DEBUG main            d.u.i.k.p.i.AbstractProblemLoader Init config took 3.75s 
30555      INFO  main            d.u.i.k.p.i.AbstractProblemLoader Replaying proof Observer[Observer::$subject()].JML accessible clause.0 
30558      DEBUG main            d.u.i.k.p.i.IntermediateProofReplayer Proof replay took 9.1ns 
30661      INFO  main            d.u.i.k.p.r.p.TestFile    ... finished proof: closed. 
30852      INFO  main            d.u.i.k.p.i.AbstractProblemLoader Loading environment from /home/runner/work/key/key/key.core/../key.ui/examples/heap/observer/ExampleObserver_subject.key.proof 
30852      DEBUG main            d.u.i.k.p.i.AbstractProblemLoader Environment load took 155.4ns 
30854      INFO  main            d.u.i.k.p.i.AbstractProblemLoader Creating init config 
34537      DEBUG main            d.u.i.k.p.i.AbstractProblemLoader Init config took 3.68s 
34600      INFO  main            d.u.i.k.p.i.AbstractProblemLoader Replaying proof Observer[Observer::$subject()].JML accessible clause.0 
34605      DEBUG main            d.u.i.k.p.i.IntermediateProofReplayer Proof replay took 2.83ms 
34607      DEBUG main            d.u.i.k.p.r.p.TestFile    ... success: reloaded. 
34608      INFO  main            d.u.i.k.p.r.p.TestFile    Now processing file /home/runner/work/key/key/key.core/../key.ui/examples/heap/observer/ExampleObserver_update.key 
34609      INFO  main            d.u.i.k.p.i.AbstractProblemLoader Loading environment from /home/runner/work/key/key/key.core/../key.ui/examples/heap/observer/ExampleObserver_update.key 
34609      DEBUG main            d.u.i.k.p.i.AbstractProblemLoader Environment load took 280.5ns 
34611      INFO  main            d.u.i.k.p.i.AbstractProblemLoader Creating init config 
38312      DEBUG main            d.u.i.k.p.i.AbstractProblemLoader Init config took 3.7s 
38373      INFO  main            d.u.i.k.p.i.AbstractProblemLoader Replaying proof ExampleObserver[Observer::update()].JML normal_behavior operation contract.0 
38376      DEBUG main            d.u.i.k.p.i.IntermediateProofReplayer Proof replay took 8.1ns 
38781      INFO  main            d.u.i.k.p.r.p.TestFile    ... finished proof: closed. 
38996      INFO  main            d.u.i.k.p.i.AbstractProblemLoader Loading environment from /home/runner/work/key/key/key.core/../key.ui/examples/heap/observer/ExampleObserver_update.key.proof 
38998      DEBUG main            d.u.i.k.p.i.AbstractProblemLoader Environment load took 1.37ms 
39000      INFO  main            d.u.i.k.p.i.AbstractProblemLoader Creating init config 
42681      DEBUG main            d.u.i.k.p.i.AbstractProblemLoader Init config took 3.68s 
42741      INFO  main            d.u.i.k.p.i.AbstractProblemLoader Replaying proof ExampleObserver[Observer::update()].JML normal_behavior operation contract.0 
42839      DEBUG main            d.u.i.k.p.i.IntermediateProofReplayer Proof replay took 92.99ms 
42841      DEBUG main            d.u.i.k.p.r.p.TestFile    ... success: reloaded. 
42843      INFO  main            d.u.i.k.p.r.p.TestFile    Now processing file /home/runner/work/key/key/key.core/../key.ui/examples/heap/observer/ExampleObserver_upToDate.key 
42843      INFO  main            d.u.i.k.p.i.AbstractProblemLoader Loading environment from /home/runner/work/key/key/key.core/../key.ui/examples/heap/observer/ExampleObserver_upToDate.key 
42843      DEBUG main            d.u.i.k.p.i.AbstractProblemLoader Environment load took 302.9ns 
42845      INFO  main            d.u.i.k.p.i.AbstractProblemLoader Creating init config 
46512      DEBUG main            d.u.i.k.p.i.AbstractProblemLoader Init config took 3.67s 
46571      INFO  main            d.u.i.k.p.i.AbstractProblemLoader Replaying proof ExampleObserver[Observer::$upToDate()].JML accessible clause.0 
46574      DEBUG main            d.u.i.k.p.i.IntermediateProofReplayer Proof replay took 9.8ns 
46778      INFO  main            d.u.i.k.p.r.p.TestFile    ... finished proof: closed. 
46988      INFO  main            d.u.i.k.p.i.AbstractProblemLoader Loading environment from /home/runner/work/key/key/key.core/../key.ui/examples/heap/observer/ExampleObserver_upToDate.key.proof 
46988      DEBUG main            d.u.i.k.p.i.AbstractProblemLoader Environment load took 168.4ns 
46989      INFO  main            d.u.i.k.p.i.AbstractProblemLoader Creating init config 
50559      DEBUG main            d.u.i.k.p.i.AbstractProblemLoader Init config took 3.57s 
50616      INFO  main            d.u.i.k.p.i.AbstractProblemLoader Replaying proof ExampleObserver[Observer::$upToDate()].JML accessible clause.0 
50646      DEBUG main            d.u.i.k.p.i.IntermediateProofReplayer Proof replay took 26.27ms 
50647      DEBUG main            d.u.i.k.p.r.p.TestFile    ... success: reloaded. 
50649      INFO  main            d.u.i.k.p.r.p.TestFile    Now processing file /home/runner/work/key/key/key.core/../key.ui/examples/heap/observer/ExampleObserver_value.key 
50650      INFO  main            d.u.i.k.p.i.AbstractProblemLoader Loading environment from /home/runner/work/key/key/key.core/../key.ui/examples/heap/observer/ExampleObserver_value.key 
50650      DEBUG main            d.u.i.k.p.i.AbstractProblemLoader Environment load took 301.1ns 
50651      INFO  main            d.u.i.k.p.i.AbstractProblemLoader Creating init config 
54222      DEBUG main            d.u.i.k.p.i.AbstractProblemLoader Init config took 3.57s 
54281      INFO  main            d.u.i.k.p.i.AbstractProblemLoader Replaying proof ExampleObserver[ExampleObserver::value()].JML normal_behavior operation contract.0 
54284      DEBUG main            d.u.i.k.p.i.IntermediateProofReplayer Proof replay took 8.1ns 
54389      INFO  main            d.u.i.k.p.r.p.TestFile    ... finished proof: closed. 
54598      INFO  main            d.u.i.k.p.i.AbstractProblemLoader Loading environment from /home/runner/work/key/key/key.core/../key.ui/examples/heap/observer/ExampleObserver_value.key.proof 
54598      DEBUG main            d.u.i.k.p.i.AbstractProblemLoader Environment load took 156.5ns 
54599      INFO  main            d.u.i.k.p.i.AbstractProblemLoader Creating init config 
58100      DEBUG main            d.u.i.k.p.i.AbstractProblemLoader Init config took 3.5s 
58155      INFO  main            d.u.i.k.p.i.AbstractProblemLoader Replaying proof ExampleObserver[ExampleObserver::value()].JML normal_behavior operation contract.0 
58183      DEBUG main            d.u.i.k.p.i.IntermediateProofReplayer Proof replay took 25.26ms 
58185      DEBUG main            d.u.i.k.p.r.p.TestFile    ... success: reloaded. 
58187      INFO  main            d.u.i.k.p.r.p.TestFile    Now processing file /home/runner/work/key/key/key.core/../key.ui/examples/heap/observer/ExampleSubject_addObserver.key 
58187      INFO  main            d.u.i.k.p.i.AbstractProblemLoader Loading environment from /home/runner/work/key/key/key.core/../key.ui/examples/heap/observer/ExampleSubject_addObserver.key 
58188      DEBUG main            d.u.i.k.p.i.AbstractProblemLoader Environment load took 352.4ns 
58189      INFO  main            d.u.i.k.p.i.AbstractProblemLoader Creating init config 
61684      DEBUG main            d.u.i.k.p.i.AbstractProblemLoader Init config took 3.5s 
61748      INFO  main            d.u.i.k.p.i.AbstractProblemLoader Replaying proof ExampleSubject[Subject::addObserver(Observer)].JML normal_behavior operation contract.0 
61751      DEBUG main            d.u.i.k.p.i.IntermediateProofReplayer Proof replay took 8.5ns 
69241      INFO  main            d.u.i.k.p.r.p.TestFile    ... finished proof: closed. 
69529      INFO  main            d.u.i.k.p.i.AbstractProblemLoader Loading environment from /home/runner/work/key/key/key.core/../key.ui/examples/heap/observer/ExampleSubject_addObserver.key.proof 
69529      DEBUG main            d.u.i.k.p.i.AbstractProblemLoader Environment load took 321.8ns 
69531      INFO  main            d.u.i.k.p.i.AbstractProblemLoader Creating init config 
73006      DEBUG main            d.u.i.k.p.i.AbstractProblemLoader Init config took 3.48s 
73070      INFO  main            d.u.i.k.p.i.AbstractProblemLoader Replaying proof ExampleSubject[Subject::addObserver(Observer)].JML normal_behavior operation contract.0 
74134      DEBUG main            d.u.i.k.p.i.IntermediateProofReplayer Proof replay took 1.04s 
74137      DEBUG main            d.u.i.k.p.r.p.TestFile    ... success: reloaded. 
74139      INFO  main            d.u.i.k.p.r.p.TestFile    Now processing file /home/runner/work/key/key/key.core/../key.ui/examples/heap/observer/ExampleSubject_change.key 
74139      INFO  main            d.u.i.k.p.i.AbstractProblemLoader Loading environment from /home/runner/work/key/key/key.core/../key.ui/examples/heap/observer/ExampleSubject_change.key 
74139      DEBUG main            d.u.i.k.p.i.AbstractProblemLoader Environment load took 268.8ns 
74141      INFO  main            d.u.i.k.p.i.AbstractProblemLoader Creating init config 
77738      DEBUG main            d.u.i.k.p.i.AbstractProblemLoader Init config took 3.6s 
77799      INFO  main            d.u.i.k.p.i.AbstractProblemLoader Replaying proof ExampleSubject[ExampleSubject::change()].JML normal_behavior operation contract.0 
77801      DEBUG main            d.u.i.k.p.i.IntermediateProofReplayer Proof replay took 24.9ns 
78510      INFO  main            d.u.i.k.p.r.p.TestFile    ... finished proof: closed. 
78778      INFO  main            d.u.i.k.p.i.AbstractProblemLoader Loading environment from /home/runner/work/key/key/key.core/../key.ui/examples/heap/observer/ExampleSubject_change.key.proof 
78781      DEBUG main            d.u.i.k.p.i.AbstractProblemLoader Environment load took 2.89ms 
78783      INFO  main            d.u.i.k.p.i.AbstractProblemLoader Creating init config 
82283      DEBUG main            d.u.i.k.p.i.AbstractProblemLoader Init config took 3.5s 
82349      INFO  main            d.u.i.k.p.i.AbstractProblemLoader Replaying proof ExampleSubject[ExampleSubject::change()].JML normal_behavior operation contract.0 
82479      DEBUG main            d.u.i.k.p.i.IntermediateProofReplayer Proof replay took 123.14ms 
82481      DEBUG main            d.u.i.k.p.r.p.TestFile    ... success: reloaded. 
82483      INFO  main            d.u.i.k.p.r.p.TestFile    Now processing file /home/runner/work/key/key/key.core/../key.ui/examples/heap/observer/ExampleSubject_ExampleSubject.key 
82483      INFO  main            d.u.i.k.p.i.AbstractProblemLoader Loading environment from /home/runner/work/key/key/key.core/../key.ui/examples/heap/observer/ExampleSubject_ExampleSubject.key 
82484      DEBUG main            d.u.i.k.p.i.AbstractProblemLoader Environment load took 278.6ns 
82485      INFO  main            d.u.i.k.p.i.AbstractProblemLoader Creating init config 
85995      DEBUG main            d.u.i.k.p.i.AbstractProblemLoader Init config took 3.51s 
86051      INFO  main            d.u.i.k.p.i.AbstractProblemLoader Replaying proof ExampleSubject[ExampleSubject::ExampleSubject()].JML normal_behavior operation contract.0 
86054      DEBUG main            d.u.i.k.p.i.IntermediateProofReplayer Proof replay took 8.7ns 
87460      INFO  main            d.u.i.k.p.r.p.TestFile    ... finished proof: closed. 
87745      INFO  main            d.u.i.k.p.i.AbstractProblemLoader Loading environment from /home/runner/work/key/key/key.core/../key.ui/examples/heap/observer/ExampleSubject_ExampleSubject.key.proof 
87746      DEBUG main            d.u.i.k.p.i.AbstractProblemLoader Environment load took 1.44ms 
87748      INFO  main            d.u.i.k.p.i.AbstractProblemLoader Creating init config 
91183      DEBUG main            d.u.i.k.p.i.AbstractProblemLoader Init config took 3.44s 
91238      INFO  main            d.u.i.k.p.i.AbstractProblemLoader Replaying proof ExampleSubject[ExampleSubject::ExampleSubject()].JML normal_behavior operation contract.0 
91535      DEBUG main            d.u.i.k.p.i.IntermediateProofReplayer Proof replay took 286.76ms 
91536      DEBUG main            d.u.i.k.p.r.p.TestFile    ... success: reloaded. 
91538      INFO  main            d.u.i.k.p.r.p.TestFile    Now processing file /home/runner/work/key/key/key.core/../key.ui/examples/heap/observer/ExampleSubject_footprint.key 
91539      INFO  main            d.u.i.k.p.i.AbstractProblemLoader Loading environment from /home/runner/work/key/key/key.core/../key.ui/examples/heap/observer/ExampleSubject_footprint.key 
91539      DEBUG main            d.u.i.k.p.i.AbstractProblemLoader Environment load took 271.4ns 
91540      INFO  main            d.u.i.k.p.i.AbstractProblemLoader Creating init config 
95073      DEBUG main            d.u.i.k.p.i.AbstractProblemLoader Init config took 3.53s 
95141      INFO  main            d.u.i.k.p.i.AbstractProblemLoader Replaying proof ExampleSubject[Subject::$footprint()].JML accessible clause.0 
95144      DEBUG main            d.u.i.k.p.i.IntermediateProofReplayer Proof replay took 7.8ns 
95351      INFO  main            d.u.i.k.p.r.p.TestFile    ... finished proof: closed. 
95636      INFO  main            d.u.i.k.p.i.AbstractProblemLoader Loading environment from /home/runner/work/key/key/key.core/../key.ui/examples/heap/observer/ExampleSubject_footprint.key.proof 
95637      DEBUG main            d.u.i.k.p.i.AbstractProblemLoader Environment load took 153.7ns 
95638      INFO  main            d.u.i.k.p.i.AbstractProblemLoader Creating init config 
99236      DEBUG main            d.u.i.k.p.i.AbstractProblemLoader Init config took 3.6s 
99295      INFO  main            d.u.i.k.p.i.AbstractProblemLoader Replaying proof ExampleSubject[Subject::$footprint()].JML accessible clause.0 
99323      DEBUG main            d.u.i.k.p.i.IntermediateProofReplayer Proof replay took 23.66ms 
99326      DEBUG main            d.u.i.k.p.r.p.TestFile    ... success: reloaded. 
99327      INFO  main            d.u.i.k.p.r.p.TestFile    Now processing file /home/runner/work/key/key/key.core/../key.ui/examples/heap/observer/ExampleSubject_inv.key 
99327      INFO  main            d.u.i.k.p.i.AbstractProblemLoader Loading environment from /home/runner/work/key/key/key.core/../key.ui/examples/heap/observer/ExampleSubject_inv.key 
99328      DEBUG main            d.u.i.k.p.i.AbstractProblemLoader Environment load took 135.8ns 
99329      INFO  main            d.u.i.k.p.i.AbstractProblemLoader Creating init config 
102909     DEBUG main            d.u.i.k.p.i.AbstractProblemLoader Init config took 3.58s 
102969     INFO  main            d.u.i.k.p.i.AbstractProblemLoader Replaying proof ExampleSubject[java.lang.Object::<inv>()].JML accessible clause.0 
102971     DEBUG main            d.u.i.k.p.i.IntermediateProofReplayer Proof replay took 8.5ns 
104585     INFO  main            d.u.i.k.p.r.p.TestFile    ... finished proof: closed. 
104917     INFO  main            d.u.i.k.p.i.AbstractProblemLoader Loading environment from /home/runner/work/key/key/key.core/../key.ui/examples/heap/observer/ExampleSubject_inv.key.proof 
104918     DEBUG main            d.u.i.k.p.i.AbstractProblemLoader Environment load took 634.7ns 
104920     INFO  main            d.u.i.k.p.i.AbstractProblemLoader Creating init config 
108355     DEBUG main            d.u.i.k.p.i.AbstractProblemLoader Init config took 3.44s 
108451     INFO  main            d.u.i.k.p.i.AbstractProblemLoader Replaying proof ExampleSubject[java.lang.Object::<inv>()].JML accessible clause.0 
108634     DEBUG main            d.u.i.k.p.i.IntermediateProofReplayer Proof replay took 174.49ms 
108636     DEBUG main            d.u.i.k.p.r.p.TestFile    ... success: reloaded. 
108637     INFO  main            d.u.i.k.p.r.p.TestFile    Now processing file /home/runner/work/key/key/key.core/../key.ui/examples/heap/observer/ExampleSubject_notifyObservers.key 
108638     INFO  main            d.u.i.k.p.i.AbstractProblemLoader Loading environment from /home/runner/work/key/key/key.core/../key.ui/examples/heap/observer/ExampleSubject_notifyObservers.key 
108638     DEBUG main            d.u.i.k.p.i.AbstractProblemLoader Environment load took 271.2ns 
108639     INFO  main            d.u.i.k.p.i.AbstractProblemLoader Creating init config 
112186     DEBUG main            d.u.i.k.p.i.AbstractProblemLoader Init config took 3.55s 
112240     INFO  main            d.u.i.k.p.i.AbstractProblemLoader Replaying proof Subject[Subject::notifyObservers()].JML normal_behavior operation contract.0 
112243     DEBUG main            d.u.i.k.p.i.IntermediateProofReplayer Proof replay took 9ns 
112347     INFO  main            d.u.i.k.p.r.p.TestFile    ... finished proof: closed. 
112618     INFO  main            d.u.i.k.p.i.AbstractProblemLoader Loading environment from /home/runner/work/key/key/key.core/../key.ui/examples/heap/observer/ExampleSubject_notifyObservers.key.proof 
112618     DEBUG main            d.u.i.k.p.i.AbstractProblemLoader Environment load took 157.1ns 
112619     INFO  main            d.u.i.k.p.i.AbstractProblemLoader Creating init config 
116128     DEBUG main            d.u.i.k.p.i.AbstractProblemLoader Init config took 3.51s 
116181     INFO  main            d.u.i.k.p.i.AbstractProblemLoader Replaying proof Subject[Subject::notifyObservers()].JML normal_behavior operation contract.0 
116187     DEBUG main            d.u.i.k.p.i.IntermediateProofReplayer Proof replay took 3.93ms 
116188     DEBUG main            d.u.i.k.p.r.p.TestFile    ... success: reloaded. 
116189     INFO  main            d.u.i.k.p.r.p.TestFile    Now processing file /home/runner/work/key/key/key.core/../key.ui/examples/heap/observer/ExampleSubject_value_dep.key 
116190     INFO  main            d.u.i.k.p.i.AbstractProblemLoader Loading environment from /home/runner/work/key/key/key.core/../key.ui/examples/heap/observer/ExampleSubject_value_dep.key 
116190     DEBUG main            d.u.i.k.p.i.AbstractProblemLoader Environment load took 312.7ns 
116192     INFO  main            d.u.i.k.p.i.AbstractProblemLoader Creating init config 
119643     DEBUG main            d.u.i.k.p.i.AbstractProblemLoader Init config took 3.45s 
119697     INFO  main            d.u.i.k.p.i.AbstractProblemLoader Replaying proof ExampleSubject[ExampleSubject::value()].JML accessible clause.0 
119699     DEBUG main            d.u.i.k.p.i.IntermediateProofReplayer Proof replay took 8.2ns 
119802     INFO  main            d.u.i.k.p.r.p.TestFile    ... finished proof: closed. 
120113     INFO  main            d.u.i.k.p.i.AbstractProblemLoader Loading environment from /home/runner/work/key/key/key.core/../key.ui/examples/heap/observer/ExampleSubject_value_dep.key.proof 
120114     DEBUG main            d.u.i.k.p.i.AbstractProblemLoader Environment load took 586ns 
120116     INFO  main            d.u.i.k.p.i.AbstractProblemLoader Creating init config 
123579     DEBUG main            d.u.i.k.p.i.AbstractProblemLoader Init config took 3.46s 
123632     INFO  main            d.u.i.k.p.i.AbstractProblemLoader Replaying proof ExampleSubject[ExampleSubject::value()].JML accessible clause.0 
123654     DEBUG main            d.u.i.k.p.i.IntermediateProofReplayer Proof replay took 19.4ms 
123655     DEBUG main            d.u.i.k.p.r.p.TestFile    ... success: reloaded. 
123656     INFO  main            d.u.i.k.p.r.p.TestFile    Now processing file /home/runner/work/key/key/key.core/../key.ui/examples/heap/observer/ExampleSubject_value.key 
123656     INFO  main            d.u.i.k.p.i.AbstractProblemLoader Loading environment from /home/runner/work/key/key/key.core/../key.ui/examples/heap/observer/ExampleSubject_value.key 
123660     DEBUG main            d.u.i.k.p.i.AbstractProblemLoader Environment load took 3.62ms 
123661     INFO  main            d.u.i.k.p.i.AbstractProblemLoader Creating init config 
127229     DEBUG main            d.u.i.k.p.i.AbstractProblemLoader Init config took 3.57s 
127281     INFO  main            d.u.i.k.p.i.AbstractProblemLoader Replaying proof ExampleSubject[ExampleSubject::value()].JML normal_behavior operation contract.0 
127283     DEBUG main            d.u.i.k.p.i.IntermediateProofReplayer Proof replay took 7.9ns 
127387     INFO  main            d.u.i.k.p.r.p.TestFile    ... finished proof: closed. 
127653     INFO  main            d.u.i.k.p.i.AbstractProblemLoader Loading environment from /home/runner/work/key/key/key.core/../key.ui/examples/heap/observer/ExampleSubject_value.key.proof 
127653     DEBUG main            d.u.i.k.p.i.AbstractProblemLoader Environment load took 161.6ns 
127655     INFO  main            d.u.i.k.p.i.AbstractProblemLoader Creating init config 
131123     DEBUG main            d.u.i.k.p.i.AbstractProblemLoader Init config took 3.47s 
131176     INFO  main            d.u.i.k.p.i.AbstractProblemLoader Replaying proof ExampleSubject[ExampleSubject::value()].JML normal_behavior operation contract.0 
131194     DEBUG main            d.u.i.k.p.i.IntermediateProofReplayer Proof replay took 15.6ms 
131196     DEBUG main            d.u.i.k.p.r.p.TestFile    ... success: reloaded. 
1910736    INFO  Test worker     d.u.i.k.p.r.RunAllProofsTestUnit Returning from test observer 
1910738    INFO  Test worker     d.u.i.k.p.r.RunAllProofsTestUnit Running test removeDups 
508        INFO  Timeout watchdog d.u.i.k.p.r.p.ForkedTestFileRunner Timeout watcher launched (2000 secs.) 
540        WARN  main            d.u.i.k.s.ProofSettings   The settings in /home/runner/.key/proof-settings.props are *not* read. 
584        INFO  main            d.u.i.k.p.r.p.TestFile    Now processing file /home/runner/work/key/key/key.core/../key.ui/examples/heap/removeDups/arrayPart.key 
735        INFO  main            d.u.i.k.p.i.AbstractProblemLoader Loading environment from /home/runner/work/key/key/key.core/../key.ui/examples/heap/removeDups/arrayPart.key 
757        DEBUG main            d.u.i.k.p.i.AbstractProblemLoader Environment load took 2.54ms 
1060       INFO  main            d.u.i.k.p.i.AbstractProblemLoader Creating init config 
2515       DEBUG main            d.u.i.k.j.TypeConverter   No LDT found for Meta 
2515       DEBUG main            d.u.i.k.j.TypeConverter   No LDT found for Meta 
2519       DEBUG main            d.u.i.k.j.TypeConverter   No LDT found for Meta 
2519       DEBUG main            d.u.i.k.j.TypeConverter   No LDT found for Meta 
4529       DEBUG main            d.u.i.k.j.TypeConverter   No LDT found for JavaBigintExpression 
11131      DEBUG main            d.u.i.k.p.i.AbstractProblemLoader Init config took 10.07s 
11347      INFO  main            d.u.i.k.p.i.AbstractProblemLoader Replaying proof RemoveDup[RemoveDup::arrayPart([I,int)].JML normal_behavior operation contract.0 
11399      DEBUG main            d.u.i.k.p.i.IntermediateProofReplayer Proof replay took 44.7ns 
15269      INFO  main            d.u.i.k.p.r.p.TestFile    ... finished proof: closed. 
15465      INFO  main            d.u.i.k.p.i.AbstractProblemLoader Loading environment from /home/runner/work/key/key/key.core/../key.ui/examples/heap/removeDups/arrayPart.key.proof 
15466      DEBUG main            d.u.i.k.p.i.AbstractProblemLoader Environment load took 668.5ns 
15469      INFO  main            d.u.i.k.p.i.AbstractProblemLoader Creating init config 
19270      DEBUG main            d.u.i.k.p.i.AbstractProblemLoader Init config took 3.8s 
19371      INFO  main            d.u.i.k.p.i.AbstractProblemLoader Replaying proof RemoveDup[RemoveDup::arrayPart([I,int)].JML normal_behavior operation contract.0 
19802      DEBUG main            d.u.i.k.p.i.IntermediateProofReplayer Proof replay took 415.75ms 
19814      DEBUG main            d.u.i.k.p.r.p.TestFile    ... success: reloaded. 
19816      INFO  main            d.u.i.k.p.r.p.TestFile    Now processing file /home/runner/work/key/key/key.core/../key.ui/examples/heap/removeDups/contains.key 
19816      INFO  main            d.u.i.k.p.i.AbstractProblemLoader Loading environment from /home/runner/work/key/key/key.core/../key.ui/examples/heap/removeDups/contains.key 
19817      DEBUG main            d.u.i.k.p.i.AbstractProblemLoader Environment load took 336.2ns 
19819      INFO  main            d.u.i.k.p.i.AbstractProblemLoader Creating init config 
23420      DEBUG main            d.u.i.k.p.i.AbstractProblemLoader Init config took 3.6s 
23504      INFO  main            d.u.i.k.p.i.AbstractProblemLoader Replaying proof RemoveDup[RemoveDup::contains([I,int,int)].JML normal_behavior operation contract.0 
23507      DEBUG main            d.u.i.k.p.i.IntermediateProofReplayer Proof replay took 8.6ns 
24213      INFO  main            d.u.i.k.p.r.p.TestFile    ... finished proof: closed. 
24432      INFO  main            d.u.i.k.p.i.AbstractProblemLoader Loading environment from /home/runner/work/key/key/key.core/../key.ui/examples/heap/removeDups/contains.key.proof 
24437      DEBUG main            d.u.i.k.p.i.AbstractProblemLoader Environment load took 5.19ms 
24440      INFO  main            d.u.i.k.p.i.AbstractProblemLoader Creating init config 
27940      DEBUG main            d.u.i.k.p.i.AbstractProblemLoader Init config took 3.5s 
28003      INFO  main            d.u.i.k.p.i.AbstractProblemLoader Replaying proof RemoveDup[RemoveDup::contains([I,int,int)].JML normal_behavior operation contract.0 
28155      DEBUG main            d.u.i.k.p.i.IntermediateProofReplayer Proof replay took 145.44ms 
28157      DEBUG main            d.u.i.k.p.r.p.TestFile    ... success: reloaded. 
28158      INFO  main            d.u.i.k.p.r.p.TestFile    Now processing file /home/runner/work/key/key/key.core/../key.ui/examples/heap/removeDups/removeDup.key 
28159      INFO  main            d.u.i.k.p.i.AbstractProblemLoader Loading environment from /home/runner/work/key/key/key.core/../key.ui/examples/heap/removeDups/removeDup.key 
28159      DEBUG main            d.u.i.k.p.i.AbstractProblemLoader Environment load took 281ns 
28160      INFO  main            d.u.i.k.p.i.AbstractProblemLoader Creating init config 
31519      DEBUG main            d.u.i.k.p.i.AbstractProblemLoader Init config took 3.36s 
31580      INFO  main            d.u.i.k.p.i.AbstractProblemLoader Replaying proof RemoveDup[RemoveDup::removeDup([I)].JML normal_behavior operation contract.0 
31584      DEBUG main            d.u.i.k.p.i.IntermediateProofReplayer Proof replay took 7.5ns 
38497      DEBUG Thread-7        d.u.i.k.j.d.VariableSpecification Program match. Variables have different dimension (template #v0 = #vi;, source a#11[] = var;) 
69791      INFO  main            d.u.i.k.p.r.p.TestFile    ... finished proof: closed. 
70127      INFO  main            d.u.i.k.p.i.AbstractProblemLoader Loading environment from /home/runner/work/key/key/key.core/../key.ui/examples/heap/removeDups/removeDup.key.proof 
70128      DEBUG main            d.u.i.k.p.i.AbstractProblemLoader Environment load took 594.6ns 
70142      INFO  main            d.u.i.k.p.i.AbstractProblemLoader Creating init config 
73371      DEBUG main            d.u.i.k.p.i.AbstractProblemLoader Init config took 3.23s 
73454      INFO  main            d.u.i.k.p.i.AbstractProblemLoader Replaying proof RemoveDup[RemoveDup::removeDup([I)].JML normal_behavior operation contract.0 
76185      DEBUG main            d.u.i.k.p.i.IntermediateProofReplayer Proof replay took 2.64s 
76190      DEBUG main            d.u.i.k.p.r.p.TestFile    ... success: reloaded. 
76192      INFO  main            d.u.i.k.p.r.p.TestFile    Now processing file /home/runner/work/key/key/key.core/../key.ui/examples/heap/saddleback_search/Saddleback_search.key 
76192      INFO  main            d.u.i.k.p.i.AbstractProblemLoader Loading environment from /home/runner/work/key/key/key.core/../key.ui/examples/heap/saddleback_search/Saddleback_search.key 
76193      DEBUG main            d.u.i.k.p.i.AbstractProblemLoader Environment load took 308.6ns 
76194      INFO  main            d.u.i.k.p.i.AbstractProblemLoader Creating init config 
79647      DEBUG main            d.u.i.k.p.i.AbstractProblemLoader Init config took 3.45s 
79700      INFO  main            d.u.i.k.p.i.AbstractProblemLoader Replaying proof Saddleback[Saddleback::search([[I,int)].JML normal_behavior operation contract.0 
79711      DEBUG main            d.u.i.k.p.i.IntermediateProofReplayer Proof replay took 8ns 
202907     INFO  main            d.u.i.k.p.r.p.TestFile    ... finished proof: closed. 
203436     INFO  main            d.u.i.k.p.i.AbstractProblemLoader Loading environment from /home/runner/work/key/key/key.core/../key.ui/examples/heap/saddleback_search/Saddleback_search.key.proof 
203436     DEBUG main            d.u.i.k.p.i.AbstractProblemLoader Environment load took 580.1ns 
203447     INFO  main            d.u.i.k.p.i.AbstractProblemLoader Creating init config 
206648     DEBUG main            d.u.i.k.p.i.AbstractProblemLoader Init config took 3.2s 
206704     INFO  main            d.u.i.k.p.i.AbstractProblemLoader Replaying proof Saddleback[Saddleback::search([[I,int)].JML normal_behavior operation contract.0 
210670     DEBUG main            d.u.i.k.p.i.IntermediateProofReplayer Proof replay took 3.72s 
210682     DEBUG main            d.u.i.k.p.r.p.TestFile    ... success: reloaded. 
2121652    INFO  Test worker     d.u.i.k.p.r.RunAllProofsTestUnit Returning from test removeDups 
2121653    INFO  Test worker     d.u.i.k.p.r.RunAllProofsTestUnit Running test quicksort 
550        INFO  Timeout watchdog d.u.i.k.p.r.p.ForkedTestFileRunner Timeout watcher launched (2000 secs.) 
567        WARN  main            d.u.i.k.s.ProofSettings   The settings in /home/runner/.key/proof-settings.props are *not* read. 
606        INFO  main            d.u.i.k.p.r.p.TestFile    Now processing file /home/runner/work/key/key/key.core/../key.ui/examples/heap/quicksort/toplevel.key 
765        INFO  main            d.u.i.k.p.i.AbstractProblemLoader Loading environment from /home/runner/work/key/key/key.core/../key.ui/examples/heap/quicksort/toplevel.key 
787        DEBUG main            d.u.i.k.p.i.AbstractProblemLoader Environment load took 3.76ms 
1109       INFO  main            d.u.i.k.p.i.AbstractProblemLoader Creating init config 
2457       DEBUG main            d.u.i.k.j.TypeConverter   No LDT found for Meta 
2458       DEBUG main            d.u.i.k.j.TypeConverter   No LDT found for Meta 
2459       DEBUG main            d.u.i.k.j.TypeConverter   No LDT found for Meta 
2459       DEBUG main            d.u.i.k.j.TypeConverter   No LDT found for Meta 
4840       DEBUG main            d.u.i.k.j.TypeConverter   No LDT found for JavaBigintExpression 
11761      DEBUG main            d.u.i.k.p.i.AbstractProblemLoader Init config took 10.65s 
11968      INFO  main            d.u.i.k.p.i.AbstractProblemLoader Replaying proof Quicksort[Quicksort::sort([I)].JML normal_behavior operation contract.0 
12016      DEBUG main            d.u.i.k.p.i.IntermediateProofReplayer Proof replay took 47.2ns 
13862      INFO  main            d.u.i.k.p.r.p.TestFile    ... finished proof: closed. 
14047      INFO  main            d.u.i.k.p.i.AbstractProblemLoader Loading environment from /home/runner/work/key/key/key.core/../key.ui/examples/heap/quicksort/toplevel.key.proof 
14047      DEBUG main            d.u.i.k.p.i.AbstractProblemLoader Environment load took 191.9ns 
14050      INFO  main            d.u.i.k.p.i.AbstractProblemLoader Creating init config 
18132      DEBUG main            d.u.i.k.p.i.AbstractProblemLoader Init config took 4.08s 
18223      INFO  main            d.u.i.k.p.i.AbstractProblemLoader Replaying proof Quicksort[Quicksort::sort([I)].JML normal_behavior operation contract.0 
18485      DEBUG main            d.u.i.k.p.i.IntermediateProofReplayer Proof replay took 251.57ms 
18496      DEBUG main            d.u.i.k.p.r.p.TestFile    ... success: reloaded. 
18499      INFO  main            d.u.i.k.p.r.p.TestFile    Now processing file /home/runner/work/key/key/key.core/../key.ui/examples/heap/quicksort/sort.key 
18500      INFO  main            d.u.i.k.p.i.AbstractProblemLoader Loading environment from /home/runner/work/key/key/key.core/../key.ui/examples/heap/quicksort/sort.key 
18500      DEBUG main            d.u.i.k.p.i.AbstractProblemLoader Environment load took 290.2ns 
18504      INFO  main            d.u.i.k.p.i.AbstractProblemLoader Creating init config 
22379      DEBUG main            d.u.i.k.p.i.AbstractProblemLoader Init config took 3.87s 
22481      INFO  main            d.u.i.k.p.i.AbstractProblemLoader Replaying proof Quicksort[Quicksort::sort([I,int,int)].JML normal_behavior operation contract.0 
22486      DEBUG main            d.u.i.k.p.i.IntermediateProofReplayer Proof replay took 9.5ns 
22523      DEBUG main            d.u.i.k.m.s.ProofScriptEngine 1: 'script 'sort.script'' 
22528      INFO  main            d.u.i.k.m.s.ProofScriptCommand Included script /home/runner/work/key/key/key.core/../key.ui/examples/heap/quicksort/sort.script 
22529      DEBUG main            d.u.i.k.m.s.ProofScriptEngine 1: 'macro autopilot-prep' 
24013      DEBUG main            d.u.i.k.m.s.ProofScriptEngine 2: 'select formula="{heapAtPre:=heap || exc:=null || heap:=heapAfter_sort_0}
   seq ...' 
24018      DEBUG main            d.u.i.k.m.s.ProofScriptEngine 3: 'macro simp-upd' 
24032      DEBUG main            d.u.i.k.m.s.ProofScriptEngine 4: 'let   @seqPre="seqDef{int u;}(0, array.length, array[u])"
    @seqSplit="seqDef ...' 
24036      DEBUG main            d.u.i.k.m.s.ProofScriptEngine 5: 'rule seqPermSym 
  formula="seqPerm(@seqSplit, @seqPre)"' 
24057      DEBUG main            d.u.i.k.m.s.ProofScriptEngine 6: 'rule seqPermSym
  formula="seqPerm(@seqSort, @seqSplit)"' 
24069      DEBUG main            d.u.i.k.m.s.ProofScriptEngine 7: 'rule seqPermSym
  formula="seqPerm(@seqSort0, @seqSort)"' 
24078      DEBUG main            d.u.i.k.m.s.ProofScriptEngine 8: 'rule seqPermTrans
  formula="seqPerm(@seqPre, @seqSplit)"' 
24088      DEBUG main            d.u.i.k.m.s.ProofScriptEngine 9: 'rule seqPermTrans
  formula="seqPerm(@seqPre, @seqSort)"' 
24089      DEBUG main            d.u.i.k.m.s.ProofScriptEngine 10: 'rule seqPermSym
  formula="seqPerm(@seqPre, @seqSort0)"' 
24098      DEBUG main            d.u.i.k.m.s.ProofScriptEngine 11: 'tryclose' 
60347      INFO  main            d.u.i.k.p.r.p.TestFile    ... finished proof: closed. 
60700      INFO  main            d.u.i.k.p.i.AbstractProblemLoader Loading environment from /home/runner/work/key/key/key.core/../key.ui/examples/heap/quicksort/sort.key.proof 
60701      DEBUG main            d.u.i.k.p.i.AbstractProblemLoader Environment load took 679.1ns 
60709      INFO  main            d.u.i.k.p.i.AbstractProblemLoader Creating init config 
64298      DEBUG main            d.u.i.k.p.i.AbstractProblemLoader Init config took 3.59s 
64364      INFO  main            d.u.i.k.p.i.AbstractProblemLoader Replaying proof Quicksort[Quicksort::sort([I,int,int)].JML normal_behavior operation contract.0 
67480      DEBUG main            d.u.i.k.p.i.IntermediateProofReplayer Proof replay took 2.97s 
67487      DEBUG main            d.u.i.k.p.r.p.TestFile    ... success: reloaded. 
67502      INFO  main            d.u.i.k.p.r.p.TestFile    Now processing file /home/runner/work/key/key/key.core/../key.ui/examples/heap/quicksort/split.key 
67503      INFO  main            d.u.i.k.p.i.AbstractProblemLoader Loading environment from /home/runner/work/key/key/key.core/../key.ui/examples/heap/quicksort/split.key 
67503      DEBUG main            d.u.i.k.p.i.AbstractProblemLoader Environment load took 325.5ns 
67505      INFO  main            d.u.i.k.p.i.AbstractProblemLoader Creating init config 
71297      DEBUG main            d.u.i.k.p.i.AbstractProblemLoader Init config took 3.79s 
71398      INFO  main            d.u.i.k.p.i.AbstractProblemLoader Replaying proof Quicksort[Quicksort::split([I,int,int)].JML normal_behavior operation contract.0 
71407      DEBUG main            d.u.i.k.p.i.IntermediateProofReplayer Proof replay took 8ns 
71408      DEBUG main            d.u.i.k.m.s.ProofScriptEngine 1: 'macro autopilot-prep' 
73206      DEBUG main            d.u.i.k.m.s.ProofScriptEngine 2: 'tryclose' 
124179     DEBUG main            d.u.i.k.m.s.ProofScriptEngine 3: 'macro simp-upd' 
124311     DEBUG main            d.u.i.k.m.s.ProofScriptEngine 4: 'rule seqPermFromSwap' 
124336     DEBUG main            d.u.i.k.m.s.ProofScriptEngine 5: 'rule andRight' 
124346     DEBUG main            d.u.i.k.m.s.ProofScriptEngine 6: 'auto' 
124385     DEBUG main            d.u.i.k.m.s.ProofScriptEngine 7: 'instantiate hide var=iv with=i_0' 
124391     DEBUG main            d.u.i.k.m.s.ProofScriptEngine 8: 'instantiate hide var=jv with=j_0' 
124399     DEBUG main            d.u.i.k.m.s.ProofScriptEngine 9: 'auto' 
133249     DEBUG main            d.u.i.k.m.s.ProofScriptEngine 10: 'macro simp-upd' 
133404     DEBUG main            d.u.i.k.m.s.ProofScriptEngine 11: 'rule seqPermFromSwap' 
133409     DEBUG main            d.u.i.k.m.s.ProofScriptEngine 12: 'rule andRight' 
133412     DEBUG main            d.u.i.k.m.s.ProofScriptEngine 13: 'auto' 
133431     DEBUG main            d.u.i.k.m.s.ProofScriptEngine 14: 'instantiate hide var=iv with=i_0' 
133435     DEBUG main            d.u.i.k.m.s.ProofScriptEngine 15: 'instantiate hide var=jv with=to' 
133437     DEBUG main            d.u.i.k.m.s.ProofScriptEngine 16: 'auto' 
140019     INFO  main            d.u.i.k.p.r.p.TestFile    ... finished proof: closed. 
140714     INFO  main            d.u.i.k.p.i.AbstractProblemLoader Loading environment from /home/runner/work/key/key/key.core/../key.ui/examples/heap/quicksort/split.key.proof 
140714     DEBUG main            d.u.i.k.p.i.AbstractProblemLoader Environment load took 271.6ns 
140727     INFO  main            d.u.i.k.p.i.AbstractProblemLoader Creating init config 
144002     DEBUG main            d.u.i.k.p.i.AbstractProblemLoader Init config took 3.27s 
144076     INFO  main            d.u.i.k.p.i.AbstractProblemLoader Replaying proof Quicksort[Quicksort::split([I,int,int)].JML normal_behavior operation contract.0 
149529     DEBUG main            d.u.i.k.p.i.IntermediateProofReplayer Proof replay took 5.21s 
149560     DEBUG main            d.u.i.k.p.r.p.TestFile    ... success: reloaded. 
2271444    INFO  Test worker     d.u.i.k.p.r.RunAllProofsTestUnit Returning from test quicksort 
2271456    INFO  Test worker     d.u.i.k.p.r.RunAllProofsTestUnit Running test simpleTests 
474        INFO  Timeout watchdog d.u.i.k.p.r.p.ForkedTestFileRunner Timeout watcher launched (2000 secs.) 
501        WARN  main            d.u.i.k.s.ProofSettings   The settings in /home/runner/.key/proof-settings.props are *not* read. 
542        INFO  main            d.u.i.k.p.r.p.TestFile    Now processing file /home/runner/work/key/key/key.core/../key.ui/examples/heap/simple/anonymise_datagroup.key 
693        INFO  main            d.u.i.k.p.i.AbstractProblemLoader Loading environment from /home/runner/work/key/key/key.core/../key.ui/examples/heap/simple/anonymise_datagroup.key 
715        DEBUG main            d.u.i.k.p.i.AbstractProblemLoader Environment load took 3.27ms 
1092       INFO  main            d.u.i.k.p.i.AbstractProblemLoader Creating init config 
2373       DEBUG main            d.u.i.k.j.TypeConverter   No LDT found for Meta 
2374       DEBUG main            d.u.i.k.j.TypeConverter   No LDT found for Meta 
2378       DEBUG main            d.u.i.k.j.TypeConverter   No LDT found for Meta 
2378       DEBUG main            d.u.i.k.j.TypeConverter   No LDT found for Meta 
4208       DEBUG main            d.u.i.k.j.TypeConverter   No LDT found for JavaBigintExpression 
9868       DEBUG main            d.u.i.k.p.i.AbstractProblemLoader Init config took 8.78s 
9945       INFO  main            d.u.i.k.p.i.AbstractProblemLoader Replaying proof anonymise_datagroup.key 
9992       DEBUG main            d.u.i.k.p.i.IntermediateProofReplayer Proof replay took 48.1ns 
10283      INFO  main            d.u.i.k.p.r.p.TestFile    ... finished proof: closed. 
10419      INFO  main            d.u.i.k.p.i.AbstractProblemLoader Loading environment from /home/runner/work/key/key/key.core/../key.ui/examples/heap/simple/anonymise_datagroup.key.proof 
10420      DEBUG main            d.u.i.k.p.i.AbstractProblemLoader Environment load took 413.1ns 
10430      INFO  main            d.u.i.k.p.i.AbstractProblemLoader Creating init config 
13614      DEBUG main            d.u.i.k.p.i.AbstractProblemLoader Init config took 3.18s 
13653      INFO  main            d.u.i.k.p.i.AbstractProblemLoader Replaying proof anonymise_datagroup.key.proof 
13675      DEBUG main            d.u.i.k.p.i.IntermediateProofReplayer Proof replay took 13.03ms 
13693      DEBUG main            d.u.i.k.p.r.p.TestFile    ... success: reloaded. 
13694      INFO  main            d.u.i.k.p.r.p.TestFile    Now processing file /home/runner/work/key/key/key.core/../key.ui/examples/heap/simple/array_creation.key 
13695      INFO  main            d.u.i.k.p.i.AbstractProblemLoader Loading environment from /home/runner/work/key/key/key.core/../key.ui/examples/heap/simple/array_creation.key 
13695      DEBUG main            d.u.i.k.p.i.AbstractProblemLoader Environment load took 312.4ns 
13699      INFO  main            d.u.i.k.p.i.AbstractProblemLoader Creating init config 
16725      DEBUG main            d.u.i.k.p.i.AbstractProblemLoader Init config took 3.03s 
16762      INFO  main            d.u.i.k.p.i.AbstractProblemLoader Replaying proof array_creation.key 
16766      DEBUG main            d.u.i.k.p.i.IntermediateProofReplayer Proof replay took 7.2ns 
17682      INFO  main            d.u.i.k.p.r.p.TestFile    ... finished proof: closed. 
17864      INFO  main            d.u.i.k.p.i.AbstractProblemLoader Loading environment from /home/runner/work/key/key/key.core/../key.ui/examples/heap/simple/array_creation.key.proof 
17865      DEBUG main            d.u.i.k.p.i.AbstractProblemLoader Environment load took 509.7ns 
17870      INFO  main            d.u.i.k.p.i.AbstractProblemLoader Creating init config 
20876      DEBUG main            d.u.i.k.p.i.AbstractProblemLoader Init config took 3.01s 
20907      INFO  main            d.u.i.k.p.i.AbstractProblemLoader Replaying proof array_creation.key.proof 
21060      DEBUG main            d.u.i.k.p.i.IntermediateProofReplayer Proof replay took 145.88ms 
21062      DEBUG main            d.u.i.k.p.r.p.TestFile    ... success: reloaded. 
21064      INFO  main            d.u.i.k.p.r.p.TestFile    Now processing file /home/runner/work/key/key/key.core/../key.ui/examples/heap/simple/arrays_with_disjoint_sorts.key 
21064      INFO  main            d.u.i.k.p.i.AbstractProblemLoader Loading environment from /home/runner/work/key/key/key.core/../key.ui/examples/heap/simple/arrays_with_disjoint_sorts.key 
21066      DEBUG main            d.u.i.k.p.i.AbstractProblemLoader Environment load took 1.06ms 
21068      INFO  main            d.u.i.k.p.i.AbstractProblemLoader Creating init config 
23910      DEBUG main            d.u.i.k.p.i.AbstractProblemLoader Init config took 2.84s 
23937      INFO  main            d.u.i.k.p.i.AbstractProblemLoader Replaying proof arrays_with_disjoint_sorts.key 
23940      DEBUG main            d.u.i.k.p.i.IntermediateProofReplayer Proof replay took 6.3ns 
24145      INFO  main            d.u.i.k.p.r.p.TestFile    ... finished proof: closed. 
24319      INFO  main            d.u.i.k.p.i.AbstractProblemLoader Loading environment from /home/runner/work/key/key/key.core/../key.ui/examples/heap/simple/arrays_with_disjoint_sorts.key.proof 
24324      DEBUG main            d.u.i.k.p.i.AbstractProblemLoader Environment load took 4.74ms 
24326      INFO  main            d.u.i.k.p.i.AbstractProblemLoader Creating init config 
27286      DEBUG main            d.u.i.k.p.i.AbstractProblemLoader Init config took 2.96s 
27310      INFO  main            d.u.i.k.p.i.AbstractProblemLoader Replaying proof arrays_with_disjoint_sorts.key.proof 
27339      DEBUG main            d.u.i.k.p.i.IntermediateProofReplayer Proof replay took 25.7ms 
27340      DEBUG main            d.u.i.k.p.r.p.TestFile    ... success: reloaded. 
27341      INFO  main            d.u.i.k.p.r.p.TestFile    Now processing file /home/runner/work/key/key/key.core/../key.ui/examples/heap/simple/arrays.key 
27342      INFO  main            d.u.i.k.p.i.AbstractProblemLoader Loading environment from /home/runner/work/key/key/key.core/../key.ui/examples/heap/simple/arrays.key 
27342      DEBUG main            d.u.i.k.p.i.AbstractProblemLoader Environment load took 155.8ns 
27343      INFO  main            d.u.i.k.p.i.AbstractProblemLoader Creating init config 
30275      DEBUG main            d.u.i.k.p.i.AbstractProblemLoader Init config took 2.93s 
30301      INFO  main            d.u.i.k.p.i.AbstractProblemLoader Replaying proof arrays.key 
30305      DEBUG main            d.u.i.k.p.i.IntermediateProofReplayer Proof replay took 17.4ns 
30509      INFO  main            d.u.i.k.p.r.p.TestFile    ... finished proof: closed. 
30699      INFO  main            d.u.i.k.p.i.AbstractProblemLoader Loading environment from /home/runner/work/key/key/key.core/../key.ui/examples/heap/simple/arrays.key.proof 
30700      DEBUG main            d.u.i.k.p.i.AbstractProblemLoader Environment load took 787.4ns 
30701      INFO  main            d.u.i.k.p.i.AbstractProblemLoader Creating init config 
33495      DEBUG main            d.u.i.k.p.i.AbstractProblemLoader Init config took 2.79s 
33517      INFO  main            d.u.i.k.p.i.AbstractProblemLoader Replaying proof arrays.key.proof 
33544      DEBUG main            d.u.i.k.p.i.IntermediateProofReplayer Proof replay took 22.89ms 
33546      DEBUG main            d.u.i.k.p.r.p.TestFile    ... success: reloaded. 
33547      INFO  main            d.u.i.k.p.r.p.TestFile    Now processing file /home/runner/work/key/key/key.core/../key.ui/examples/heap/simple/attributes.key 
33548      INFO  main            d.u.i.k.p.i.AbstractProblemLoader Loading environment from /home/runner/work/key/key/key.core/../key.ui/examples/heap/simple/attributes.key 
33548      DEBUG main            d.u.i.k.p.i.AbstractProblemLoader Environment load took 292.5ns 
33550      INFO  main            d.u.i.k.p.i.AbstractProblemLoader Creating init config 
36374      DEBUG main            d.u.i.k.p.i.AbstractProblemLoader Init config took 2.82s 
36400      INFO  main            d.u.i.k.p.i.AbstractProblemLoader Replaying proof attributes.key 
36402      DEBUG main            d.u.i.k.p.i.IntermediateProofReplayer Proof replay took 6.8ns 
36505      INFO  main            d.u.i.k.p.r.p.TestFile    ... finished proof: closed. 
36683      INFO  main            d.u.i.k.p.i.AbstractProblemLoader Loading environment from /home/runner/work/key/key/key.core/../key.ui/examples/heap/simple/attributes.key.proof 
36683      DEBUG main            d.u.i.k.p.i.AbstractProblemLoader Environment load took 169.1ns 
36684      INFO  main            d.u.i.k.p.i.AbstractProblemLoader Creating init config 
39456      DEBUG main            d.u.i.k.p.i.AbstractProblemLoader Init config took 2.77s 
39480      INFO  main            d.u.i.k.p.i.AbstractProblemLoader Replaying proof attributes.key.proof 
39484      DEBUG main            d.u.i.k.p.i.IntermediateProofReplayer Proof replay took 1.81ms 
39485      DEBUG main            d.u.i.k.p.r.p.TestFile    ... success: reloaded. 
39485      INFO  main            d.u.i.k.p.r.p.TestFile    Now processing file /home/runner/work/key/key/key.core/../key.ui/examples/heap/simple/constructor_contracts.key 
39486      INFO  main            d.u.i.k.p.i.AbstractProblemLoader Loading environment from /home/runner/work/key/key/key.core/../key.ui/examples/heap/simple/constructor_contracts.key 
39486      DEBUG main            d.u.i.k.p.i.AbstractProblemLoader Environment load took 413.8ns 
39491      INFO  main            d.u.i.k.p.i.AbstractProblemLoader Creating init config 
42783      DEBUG main            d.u.i.k.p.i.AbstractProblemLoader Init config took 3.29s 
42807      INFO  main            d.u.i.k.p.i.AbstractProblemLoader Replaying proof constructor_contracts.key 
42810      DEBUG main            d.u.i.k.p.i.IntermediateProofReplayer Proof replay took 6.3ns 
43527      INFO  main            d.u.i.k.p.r.p.TestFile    ... finished proof: closed. 
43796      INFO  main            d.u.i.k.p.i.AbstractProblemLoader Loading environment from /home/runner/work/key/key/key.core/../key.ui/examples/heap/simple/constructor_contracts.key.proof 
43796      DEBUG main            d.u.i.k.p.i.AbstractProblemLoader Environment load took 149.6ns 
43798      INFO  main            d.u.i.k.p.i.AbstractProblemLoader Creating init config 
46951      DEBUG main            d.u.i.k.p.i.AbstractProblemLoader Init config took 3.15s 
46975      INFO  main            d.u.i.k.p.i.AbstractProblemLoader Replaying proof constructor_contracts.key.proof 
47123      DEBUG main            d.u.i.k.p.i.IntermediateProofReplayer Proof replay took 141.44ms 
47125      DEBUG main            d.u.i.k.p.r.p.TestFile    ... success: reloaded. 
47127      INFO  main            d.u.i.k.p.r.p.TestFile    Now processing file /home/runner/work/key/key/key.core/../key.ui/examples/heap/simple/dependencies.key 
47127      INFO  main            d.u.i.k.p.i.AbstractProblemLoader Loading environment from /home/runner/work/key/key/key.core/../key.ui/examples/heap/simple/dependencies.key 
47128      DEBUG main            d.u.i.k.p.i.AbstractProblemLoader Environment load took 273.9ns 
47129      INFO  main            d.u.i.k.p.i.AbstractProblemLoader Creating init config 
49926      DEBUG main            d.u.i.k.p.i.AbstractProblemLoader Init config took 2.8s 
49947      INFO  main            d.u.i.k.p.i.AbstractProblemLoader Replaying proof dependencies.key 
49949      DEBUG main            d.u.i.k.p.i.IntermediateProofReplayer Proof replay took 9ns 
50052      INFO  main            d.u.i.k.p.r.p.TestFile    ... finished proof: closed. 
50265      INFO  main            d.u.i.k.p.i.AbstractProblemLoader Loading environment from /home/runner/work/key/key/key.core/../key.ui/examples/heap/simple/dependencies.key.proof 
50268      DEBUG main            d.u.i.k.p.i.AbstractProblemLoader Environment load took 3.01ms 
50271      INFO  main            d.u.i.k.p.i.AbstractProblemLoader Creating init config 
53024      DEBUG main            d.u.i.k.p.i.AbstractProblemLoader Init config took 2.75s 
53045      INFO  main            d.u.i.k.p.i.AbstractProblemLoader Replaying proof dependencies.key.proof 
53058      DEBUG main            d.u.i.k.p.i.IntermediateProofReplayer Proof replay took 11.2ms 
53061      DEBUG main            d.u.i.k.p.r.p.TestFile    ... success: reloaded. 
53061      INFO  main            d.u.i.k.p.r.p.TestFile    Now processing file /home/runner/work/key/key/key.core/../key.ui/examples/heap/simple/dependency_contracts.key 
53062      INFO  main            d.u.i.k.p.i.AbstractProblemLoader Loading environment from /home/runner/work/key/key/key.core/../key.ui/examples/heap/simple/dependency_contracts.key 
53062      DEBUG main            d.u.i.k.p.i.AbstractProblemLoader Environment load took 121ns 
53064      INFO  main            d.u.i.k.p.i.AbstractProblemLoader Creating init config 
56110      DEBUG main            d.u.i.k.p.i.AbstractProblemLoader Init config took 3.05s 
56135      INFO  main            d.u.i.k.p.i.AbstractProblemLoader Replaying proof dependency_contracts.key 
56138      DEBUG main            d.u.i.k.p.i.IntermediateProofReplayer Proof replay took 8.1ns 
57749      INFO  main            d.u.i.k.p.r.p.TestFile    ... finished proof: closed. 
58003      INFO  main            d.u.i.k.p.i.AbstractProblemLoader Loading environment from /home/runner/work/key/key/key.core/../key.ui/examples/heap/simple/dependency_contracts.key.proof 
58006      DEBUG main            d.u.i.k.p.i.AbstractProblemLoader Environment load took 3.41ms 
58009      INFO  main            d.u.i.k.p.i.AbstractProblemLoader Creating init config 
60989      DEBUG main            d.u.i.k.p.i.AbstractProblemLoader Init config took 2.98s 
61010      INFO  main            d.u.i.k.p.i.AbstractProblemLoader Replaying proof dependency_contracts.key.proof 
61244      DEBUG main            d.u.i.k.p.i.IntermediateProofReplayer Proof replay took 225.09ms 
61247      DEBUG main            d.u.i.k.p.r.p.TestFile    ... success: reloaded. 
61250      INFO  main            d.u.i.k.p.r.p.TestFile    Now processing file /home/runner/work/key/key/key.core/../key.ui/examples/heap/simple/invariant_preservation.key 
61251      INFO  main            d.u.i.k.p.i.AbstractProblemLoader Loading environment from /home/runner/work/key/key/key.core/../key.ui/examples/heap/simple/invariant_preservation.key 
61251      DEBUG main            d.u.i.k.p.i.AbstractProblemLoader Environment load took 208.1ns 
61253      INFO  main            d.u.i.k.p.i.AbstractProblemLoader Creating init config 
64273      DEBUG main            d.u.i.k.p.i.AbstractProblemLoader Init config took 3.02s 
64299      INFO  main            d.u.i.k.p.i.AbstractProblemLoader Replaying proof invariant_preservation.key 
64302      DEBUG main            d.u.i.k.p.i.IntermediateProofReplayer Proof replay took 7.3ns 
64506      INFO  main            d.u.i.k.p.r.p.TestFile    ... finished proof: closed. 
64772      INFO  main            d.u.i.k.p.i.AbstractProblemLoader Loading environment from /home/runner/work/key/key/key.core/../key.ui/examples/heap/simple/invariant_preservation.key.proof 
64773      DEBUG main            d.u.i.k.p.i.AbstractProblemLoader Environment load took 484.2ns 
64775      INFO  main            d.u.i.k.p.i.AbstractProblemLoader Creating init config 
67838      DEBUG main            d.u.i.k.p.i.AbstractProblemLoader Init config took 3.06s 
67864      INFO  main            d.u.i.k.p.i.AbstractProblemLoader Replaying proof invariant_preservation.key.proof 
67911      DEBUG main            d.u.i.k.p.i.IntermediateProofReplayer Proof replay took 43.04ms 
67914      DEBUG main            d.u.i.k.p.r.p.TestFile    ... success: reloaded. 
67916      INFO  main            d.u.i.k.p.r.p.TestFile    Now processing file /home/runner/work/key/key/key.core/../key.ui/examples/heap/simple/locsets.key 
67916      INFO  main            d.u.i.k.p.i.AbstractProblemLoader Loading environment from /home/runner/work/key/key/key.core/../key.ui/examples/heap/simple/locsets.key 
67916      DEBUG main            d.u.i.k.p.i.AbstractProblemLoader Environment load took 265.8ns 
67918      INFO  main            d.u.i.k.p.i.AbstractProblemLoader Creating init config 
70602      DEBUG main            d.u.i.k.p.i.AbstractProblemLoader Init config took 2.68s 
70620      INFO  main            d.u.i.k.p.i.AbstractProblemLoader Replaying proof locsets.key 
70622      DEBUG main            d.u.i.k.p.i.IntermediateProofReplayer Proof replay took 7ns 
70729      INFO  main            d.u.i.k.p.r.p.TestFile    ... finished proof: closed. 
70960      INFO  main            d.u.i.k.p.i.AbstractProblemLoader Loading environment from /home/runner/work/key/key/key.core/../key.ui/examples/heap/simple/locsets.key.proof 
70960      DEBUG main            d.u.i.k.p.i.AbstractProblemLoader Environment load took 145.5ns 
70962      INFO  main            d.u.i.k.p.i.AbstractProblemLoader Creating init config 
73671      DEBUG main            d.u.i.k.p.i.AbstractProblemLoader Init config took 2.71s 
73707      INFO  main            d.u.i.k.p.i.AbstractProblemLoader Replaying proof locsets.key.proof 
73712      DEBUG main            d.u.i.k.p.i.IntermediateProofReplayer Proof replay took 2.76ms 
73713      DEBUG main            d.u.i.k.p.r.p.TestFile    ... success: reloaded. 
73715      INFO  main            d.u.i.k.p.r.p.TestFile    Now processing file /home/runner/work/key/key/key.core/../key.ui/examples/heap/simple/loop1.key 
73715      INFO  main            d.u.i.k.p.i.AbstractProblemLoader Loading environment from /home/runner/work/key/key/key.core/../key.ui/examples/heap/simple/loop1.key 
73716      DEBUG main            d.u.i.k.p.i.AbstractProblemLoader Environment load took 238.3ns 
73717      INFO  main            d.u.i.k.p.i.AbstractProblemLoader Creating init config 
76757      DEBUG main            d.u.i.k.p.i.AbstractProblemLoader Init config took 3.04s 
76777      INFO  main            d.u.i.k.p.i.AbstractProblemLoader Replaying proof loop1.key 
76779      DEBUG main            d.u.i.k.p.i.IntermediateProofReplayer Proof replay took 6.8ns 
77083      INFO  main            d.u.i.k.p.r.p.TestFile    ... finished proof: closed. 
77320      INFO  main            d.u.i.k.p.i.AbstractProblemLoader Loading environment from /home/runner/work/key/key/key.core/../key.ui/examples/heap/simple/loop1.key.proof 
77320      DEBUG main            d.u.i.k.p.i.AbstractProblemLoader Environment load took 157.7ns 
77321      INFO  main            d.u.i.k.p.i.AbstractProblemLoader Creating init config 
80295      DEBUG main            d.u.i.k.p.i.AbstractProblemLoader Init config took 2.97s 
80314      INFO  main            d.u.i.k.p.i.AbstractProblemLoader Replaying proof loop1.key.proof 
80394      DEBUG main            d.u.i.k.p.i.IntermediateProofReplayer Proof replay took 77.5ms 
80395      DEBUG main            d.u.i.k.p.r.p.TestFile    ... success: reloaded. 
80396      INFO  main            d.u.i.k.p.r.p.TestFile    Now processing file /home/runner/work/key/key/key.core/../key.ui/examples/heap/simple/loop2.key 
80397      INFO  main            d.u.i.k.p.i.AbstractProblemLoader Loading environment from /home/runner/work/key/key/key.core/../key.ui/examples/heap/simple/loop2.key 
80397      DEBUG main            d.u.i.k.p.i.AbstractProblemLoader Environment load took 132ns 
80399      INFO  main            d.u.i.k.p.i.AbstractProblemLoader Creating init config 
83467      DEBUG main            d.u.i.k.p.i.AbstractProblemLoader Init config took 3.07s 
83485      INFO  main            d.u.i.k.p.i.AbstractProblemLoader Replaying proof loop2.key 
83488      DEBUG main            d.u.i.k.p.i.IntermediateProofReplayer Proof replay took 6.1ns 
84397      INFO  main            d.u.i.k.p.r.p.TestFile    ... finished proof: closed. 
84774      INFO  main            d.u.i.k.p.i.AbstractProblemLoader Loading environment from /home/runner/work/key/key/key.core/../key.ui/examples/heap/simple/loop2.key.proof 
84774      DEBUG main            d.u.i.k.p.i.AbstractProblemLoader Environment load took 175.3ns 
84776      INFO  main            d.u.i.k.p.i.AbstractProblemLoader Creating init config 
87720      DEBUG main            d.u.i.k.p.i.AbstractProblemLoader Init config took 2.94s 
87739      INFO  main            d.u.i.k.p.i.AbstractProblemLoader Replaying proof loop2.key.proof 
87895      DEBUG main            d.u.i.k.p.i.IntermediateProofReplayer Proof replay took 150.38ms 
87897      DEBUG main            d.u.i.k.p.r.p.TestFile    ... success: reloaded. 
87898      INFO  main            d.u.i.k.p.r.p.TestFile    Now processing file /home/runner/work/key/key/key.core/../key.ui/examples/heap/simple/modifies_datagroup.key 
87899      INFO  main            d.u.i.k.p.i.AbstractProblemLoader Loading environment from /home/runner/work/key/key/key.core/../key.ui/examples/heap/simple/modifies_datagroup.key 
87899      DEBUG main            d.u.i.k.p.i.AbstractProblemLoader Environment load took 210.8ns 
87900      INFO  main            d.u.i.k.p.i.AbstractProblemLoader Creating init config 
90652      DEBUG main            d.u.i.k.p.i.AbstractProblemLoader Init config took 2.75s 
90670      INFO  main            d.u.i.k.p.i.AbstractProblemLoader Replaying proof modifies_datagroup.key 
90672      DEBUG main            d.u.i.k.p.i.IntermediateProofReplayer Proof replay took 6.8ns 
90778      INFO  main            d.u.i.k.p.r.p.TestFile    ... finished proof: closed. 
91103      INFO  main            d.u.i.k.p.i.AbstractProblemLoader Loading environment from /home/runner/work/key/key/key.core/../key.ui/examples/heap/simple/modifies_datagroup.key.proof 
91105      DEBUG main            d.u.i.k.p.i.AbstractProblemLoader Environment load took 1.33ms 
91106      INFO  main            d.u.i.k.p.i.AbstractProblemLoader Creating init config 
93812      DEBUG main            d.u.i.k.p.i.AbstractProblemLoader Init config took 2.71s 
93831      INFO  main            d.u.i.k.p.i.AbstractProblemLoader Replaying proof modifies_datagroup.key.proof 
93839      DEBUG main            d.u.i.k.p.i.IntermediateProofReplayer Proof replay took 5.13ms 
93840      DEBUG main            d.u.i.k.p.r.p.TestFile    ... success: reloaded. 
93841      INFO  main            d.u.i.k.p.r.p.TestFile    Now processing file /home/runner/work/key/key/key.core/../key.ui/examples/heap/simple/modifies.key 
93841      INFO  main            d.u.i.k.p.i.AbstractProblemLoader Loading environment from /home/runner/work/key/key/key.core/../key.ui/examples/heap/simple/modifies.key 
93841      DEBUG main            d.u.i.k.p.i.AbstractProblemLoader Environment load took 134.6ns 
93844      INFO  main            d.u.i.k.p.i.AbstractProblemLoader Creating init config 
96606      DEBUG main            d.u.i.k.p.i.AbstractProblemLoader Init config took 2.76s 
96625      INFO  main            d.u.i.k.p.i.AbstractProblemLoader Replaying proof modifies.key 
96626      DEBUG main            d.u.i.k.p.i.IntermediateProofReplayer Proof replay took 7.4ns 
96730      INFO  main            d.u.i.k.p.r.p.TestFile    ... finished proof: closed. 
97024      INFO  main            d.u.i.k.p.i.AbstractProblemLoader Loading environment from /home/runner/work/key/key/key.core/../key.ui/examples/heap/simple/modifies.key.proof 
97025      DEBUG main            d.u.i.k.p.i.AbstractProblemLoader Environment load took 574.8ns 
97028      INFO  main            d.u.i.k.p.i.AbstractProblemLoader Creating init config 
99870      DEBUG main            d.u.i.k.p.i.AbstractProblemLoader Init config took 2.84s 
99888      INFO  main            d.u.i.k.p.i.AbstractProblemLoader Replaying proof modifies.key.proof 
99907      DEBUG main            d.u.i.k.p.i.IntermediateProofReplayer Proof replay took 16.95ms 
99908      DEBUG main            d.u.i.k.p.r.p.TestFile    ... success: reloaded. 
99909      INFO  main            d.u.i.k.p.r.p.TestFile    Now processing file /home/runner/work/key/key/key.core/../key.ui/examples/heap/simple/object_creation.key 
99909      INFO  main            d.u.i.k.p.i.AbstractProblemLoader Loading environment from /home/runner/work/key/key/key.core/../key.ui/examples/heap/simple/object_creation.key 
99910      DEBUG main            d.u.i.k.p.i.AbstractProblemLoader Environment load took 98.5ns 
99911      INFO  main            d.u.i.k.p.i.AbstractProblemLoader Creating init config 
102728     DEBUG main            d.u.i.k.p.i.AbstractProblemLoader Init config took 2.82s 
102747     INFO  main            d.u.i.k.p.i.AbstractProblemLoader Replaying proof object_creation.key 
102748     DEBUG main            d.u.i.k.p.i.IntermediateProofReplayer Proof replay took 7.2ns 
103054     INFO  main            d.u.i.k.p.r.p.TestFile    ... finished proof: closed. 
103363     INFO  main            d.u.i.k.p.i.AbstractProblemLoader Loading environment from /home/runner/work/key/key/key.core/../key.ui/examples/heap/simple/object_creation.key.proof 
103364     DEBUG main            d.u.i.k.p.i.AbstractProblemLoader Environment load took 280ns 
103365     INFO  main            d.u.i.k.p.i.AbstractProblemLoader Creating init config 
106246     DEBUG main            d.u.i.k.p.i.AbstractProblemLoader Init config took 2.88s 
106264     INFO  main            d.u.i.k.p.i.AbstractProblemLoader Replaying proof object_creation.key.proof 
106328     DEBUG main            d.u.i.k.p.i.IntermediateProofReplayer Proof replay took 60.4ms 
106329     DEBUG main            d.u.i.k.p.r.p.TestFile    ... success: reloaded. 
106330     INFO  main            d.u.i.k.p.r.p.TestFile    Now processing file /home/runner/work/key/key/key.core/../key.ui/examples/heap/simple/operation_contracts.key 
106330     INFO  main            d.u.i.k.p.i.AbstractProblemLoader Loading environment from /home/runner/work/key/key/key.core/../key.ui/examples/heap/simple/operation_contracts.key 
106330     DEBUG main            d.u.i.k.p.i.AbstractProblemLoader Environment load took 170.4ns 
106332     INFO  main            d.u.i.k.p.i.AbstractProblemLoader Creating init config 
109334     DEBUG main            d.u.i.k.p.i.AbstractProblemLoader Init config took 3s 
109353     INFO  main            d.u.i.k.p.i.AbstractProblemLoader Replaying proof operation_contracts.key 
109355     DEBUG main            d.u.i.k.p.i.IntermediateProofReplayer Proof replay took 7.4ns 
110433     INFO  main            d.u.i.k.p.r.p.TestFile    ... finished proof: closed. 
110757     INFO  main            d.u.i.k.p.i.AbstractProblemLoader Loading environment from /home/runner/work/key/key/key.core/../key.ui/examples/heap/simple/operation_contracts.key.proof 
110757     DEBUG main            d.u.i.k.p.i.AbstractProblemLoader Environment load took 243.3ns 
110759     INFO  main            d.u.i.k.p.i.AbstractProblemLoader Creating init config 
113749     DEBUG main            d.u.i.k.p.i.AbstractProblemLoader Init config took 2.99s 
113767     INFO  main            d.u.i.k.p.i.AbstractProblemLoader Replaying proof operation_contracts.key.proof 
113937     DEBUG main            d.u.i.k.p.i.IntermediateProofReplayer Proof replay took 163.2ms 
113939     DEBUG main            d.u.i.k.p.r.p.TestFile    ... success: reloaded. 
113941     INFO  main            d.u.i.k.p.r.p.TestFile    Now processing file /home/runner/work/key/key/key.core/../key.ui/examples/heap/simple/select_store.key 
113942     INFO  main            d.u.i.k.p.i.AbstractProblemLoader Loading environment from /home/runner/work/key/key/key.core/../key.ui/examples/heap/simple/select_store.key 
113942     DEBUG main            d.u.i.k.p.i.AbstractProblemLoader Environment load took 243.4ns 
113943     INFO  main            d.u.i.k.p.i.AbstractProblemLoader Creating init config 
116702     DEBUG main            d.u.i.k.p.i.AbstractProblemLoader Init config took 2.76s 
116726     INFO  main            d.u.i.k.p.i.AbstractProblemLoader Replaying proof select_store.key 
116728     DEBUG main            d.u.i.k.p.i.IntermediateProofReplayer Proof replay took 8.3ns 
116832     INFO  main            d.u.i.k.p.r.p.TestFile    ... finished proof: closed. 
117161     INFO  main            d.u.i.k.p.i.AbstractProblemLoader Loading environment from /home/runner/work/key/key/key.core/../key.ui/examples/heap/simple/select_store.key.proof 
117162     DEBUG main            d.u.i.k.p.i.AbstractProblemLoader Environment load took 159.8ns 
117163     INFO  main            d.u.i.k.p.i.AbstractProblemLoader Creating init config 
119824     DEBUG main            d.u.i.k.p.i.AbstractProblemLoader Init config took 2.66s 
119840     INFO  main            d.u.i.k.p.i.AbstractProblemLoader Replaying proof select_store.key.proof 
119845     DEBUG main            d.u.i.k.p.i.IntermediateProofReplayer Proof replay took 2.64ms 
119846     DEBUG main            d.u.i.k.p.r.p.TestFile    ... success: reloaded. 
119847     INFO  main            d.u.i.k.p.r.p.TestFile    Now processing file /home/runner/work/key/key/key.core/../key.ui/examples/heap/simple/selection_sort.key 
119847     INFO  main            d.u.i.k.p.i.AbstractProblemLoader Loading environment from /home/runner/work/key/key/key.core/../key.ui/examples/heap/simple/selection_sort.key 
119847     DEBUG main            d.u.i.k.p.i.AbstractProblemLoader Environment load took 91.5ns 
119849     INFO  main            d.u.i.k.p.i.AbstractProblemLoader Creating init config 
122857     DEBUG main            d.u.i.k.p.i.AbstractProblemLoader Init config took 3.01s 
122873     INFO  main            d.u.i.k.p.i.AbstractProblemLoader Replaying proof selection_sort.key 
122876     DEBUG main            d.u.i.k.p.i.IntermediateProofReplayer Proof replay took 6.4ns 
127653     INFO  main            d.u.i.k.p.r.p.TestFile    ... finished proof: closed. 
128015     INFO  main            d.u.i.k.p.i.AbstractProblemLoader Loading environment from /home/runner/work/key/key/key.core/../key.ui/examples/heap/simple/selection_sort.key.proof 
128018     DEBUG main            d.u.i.k.p.i.AbstractProblemLoader Environment load took 3.05ms 
128023     INFO  main            d.u.i.k.p.i.AbstractProblemLoader Creating init config 
130942     DEBUG main            d.u.i.k.p.i.AbstractProblemLoader Init config took 2.92s 
130957     INFO  main            d.u.i.k.p.i.AbstractProblemLoader Replaying proof selection_sort.key.proof 
131834     DEBUG main            d.u.i.k.p.i.IntermediateProofReplayer Proof replay took 849.22ms 
131836     DEBUG main            d.u.i.k.p.r.p.TestFile    ... success: reloaded. 
131838     INFO  main            d.u.i.k.p.r.p.TestFile    Now processing file /home/runner/work/key/key/key.core/../key.ui/examples/heap/simple/seq.key 
131838     INFO  main            d.u.i.k.p.i.AbstractProblemLoader Loading environment from /home/runner/work/key/key/key.core/../key.ui/examples/heap/simple/seq.key 
131838     DEBUG main            d.u.i.k.p.i.AbstractProblemLoader Environment load took 243.2ns 
131840     INFO  main            d.u.i.k.p.i.AbstractProblemLoader Creating init config 
134623     DEBUG main            d.u.i.k.p.i.AbstractProblemLoader Init config took 2.78s 
134642     INFO  main            d.u.i.k.p.i.AbstractProblemLoader Replaying proof seq.key 
134643     DEBUG main            d.u.i.k.p.i.IntermediateProofReplayer Proof replay took 9ns 
135154     INFO  main            d.u.i.k.p.r.p.TestFile    ... finished proof: closed. 
135534     INFO  main            d.u.i.k.p.i.AbstractProblemLoader Loading environment from /home/runner/work/key/key/key.core/../key.ui/examples/heap/simple/seq.key.proof 
135535     DEBUG main            d.u.i.k.p.i.AbstractProblemLoader Environment load took 719.2ns 
135537     INFO  main            d.u.i.k.p.i.AbstractProblemLoader Creating init config 
138148     DEBUG main            d.u.i.k.p.i.AbstractProblemLoader Init config took 2.61s 
138165     INFO  main            d.u.i.k.p.i.AbstractProblemLoader Replaying proof seq.key.proof 
138243     DEBUG main            d.u.i.k.p.i.IntermediateProofReplayer Proof replay took 71.89ms 
138245     DEBUG main            d.u.i.k.p.r.p.TestFile    ... success: reloaded. 
138245     INFO  main            d.u.i.k.p.r.p.TestFile    Now processing file /home/runner/work/key/key/key.core/../key.ui/examples/heap/simple/oldForParams.key 
138246     INFO  main            d.u.i.k.p.i.AbstractProblemLoader Loading environment from /home/runner/work/key/key/key.core/../key.ui/examples/heap/simple/oldForParams.key 
138246     DEBUG main            d.u.i.k.p.i.AbstractProblemLoader Environment load took 164.4ns 
138247     INFO  main            d.u.i.k.p.i.AbstractProblemLoader Creating init config 
141199     DEBUG main            d.u.i.k.p.i.AbstractProblemLoader Init config took 2.95s 
141276     INFO  main            d.u.i.k.p.i.AbstractProblemLoader Replaying proof OldForParameters[OldForParameters::method(int)].JML operation contract.0 
141278     DEBUG main            d.u.i.k.p.i.IntermediateProofReplayer Proof replay took 5.8ns 
141583     INFO  main            d.u.i.k.p.r.p.TestFile    ... finished proof: closed. 
141933     INFO  main            d.u.i.k.p.i.AbstractProblemLoader Loading environment from /home/runner/work/key/key/key.core/../key.ui/examples/heap/simple/oldForParams.key.proof 
141933     DEBUG main            d.u.i.k.p.i.AbstractProblemLoader Environment load took 183.7ns 
141935     INFO  main            d.u.i.k.p.i.AbstractProblemLoader Creating init config 
144816     DEBUG main            d.u.i.k.p.i.AbstractProblemLoader Init config took 2.88s 
144862     INFO  main            d.u.i.k.p.i.AbstractProblemLoader Replaying proof OldForParameters[OldForParameters::method(int)].JML operation contract.0 
144925     DEBUG main            d.u.i.k.p.i.IntermediateProofReplayer Proof replay took 59.97ms 
144926     DEBUG main            d.u.i.k.p.r.p.TestFile    ... success: reloaded. 
144927     INFO  main            d.u.i.k.p.r.p.TestFile    Now processing file /home/runner/work/key/key/key.core/../key.ui/examples/heap/simple/parse_lmtd.key 
144928     INFO  main            d.u.i.k.p.i.AbstractProblemLoader Loading environment from /home/runner/work/key/key/key.core/../key.ui/examples/heap/simple/parse_lmtd.key 
144928     DEBUG main            d.u.i.k.p.i.AbstractProblemLoader Environment load took 134.9ns 
144929     INFO  main            d.u.i.k.p.i.AbstractProblemLoader Creating init config 
147836     DEBUG main            d.u.i.k.p.i.AbstractProblemLoader Init config took 2.91s 
147884     INFO  main            d.u.i.k.p.i.AbstractProblemLoader Replaying proof ParseLmtd[ParseLmtd::simple(int)].JML normal_behavior operation contract.0 
147886     DEBUG main            d.u.i.k.p.i.IntermediateProofReplayer Proof replay took 6.2ns 
148089     INFO  main            d.u.i.k.p.r.p.TestFile    ... finished proof: closed. 
148441     INFO  main            d.u.i.k.p.i.AbstractProblemLoader Loading environment from /home/runner/work/key/key/key.core/../key.ui/examples/heap/simple/parse_lmtd.key.proof 
148441     DEBUG main            d.u.i.k.p.i.AbstractProblemLoader Environment load took 119.8ns 
148442     INFO  main            d.u.i.k.p.i.AbstractProblemLoader Creating init config 
151448     DEBUG main            d.u.i.k.p.i.AbstractProblemLoader Init config took 3.01s 
151497     INFO  main            d.u.i.k.p.i.AbstractProblemLoader Replaying proof ParseLmtd[ParseLmtd::simple(int)].JML normal_behavior operation contract.0 
151532     DEBUG main            d.u.i.k.p.i.IntermediateProofReplayer Proof replay took 32.22ms 
151533     DEBUG main            d.u.i.k.p.r.p.TestFile    ... success: reloaded. 
151534     INFO  main            d.u.i.k.p.r.p.TestFile    Now processing file /home/runner/work/key/key/key.core/../key.ui/examples/heap/strictly_pure/strictlyPureMethod.key 
151535     INFO  main            d.u.i.k.p.i.AbstractProblemLoader Loading environment from /home/runner/work/key/key/key.core/../key.ui/examples/heap/strictly_pure/strictlyPureMethod.key 
151535     DEBUG main            d.u.i.k.p.i.AbstractProblemLoader Environment load took 232.2ns 
151536     INFO  main            d.u.i.k.p.i.AbstractProblemLoader Creating init config 
154412     DEBUG main            d.u.i.k.p.i.AbstractProblemLoader Init config took 2.88s 
154459     INFO  main            d.u.i.k.p.i.AbstractProblemLoader Replaying proof StrictlyPure[StrictlyPure::strictlyPureMethod()].JML operation contract.0 
154460     DEBUG main            d.u.i.k.p.i.IntermediateProofReplayer Proof replay took 7.3ns 
154667     INFO  main            d.u.i.k.p.r.p.TestFile    ... finished proof: closed. 
155029     INFO  main            d.u.i.k.p.i.AbstractProblemLoader Loading environment from /home/runner/work/key/key/key.core/../key.ui/examples/heap/strictly_pure/strictlyPureMethod.key.proof 
155029     DEBUG main            d.u.i.k.p.i.AbstractProblemLoader Environment load took 240.2ns 
155031     INFO  main            d.u.i.k.p.i.AbstractProblemLoader Creating init config 
157883     DEBUG main            d.u.i.k.p.i.AbstractProblemLoader Init config took 2.85s 
157926     INFO  main            d.u.i.k.p.i.AbstractProblemLoader Replaying proof StrictlyPure[StrictlyPure::strictlyPureMethod()].JML operation contract.0 
157979     DEBUG main            d.u.i.k.p.i.IntermediateProofReplayer Proof replay took 50.1ms 
157980     DEBUG main            d.u.i.k.p.r.p.TestFile    ... success: reloaded. 
157981     INFO  main            d.u.i.k.p.r.p.TestFile    Now processing file /home/runner/work/key/key/key.core/../key.ui/examples/heap/strictly_pure/useStrictlyPureMethod.key 
157981     INFO  main            d.u.i.k.p.i.AbstractProblemLoader Loading environment from /home/runner/work/key/key/key.core/../key.ui/examples/heap/strictly_pure/useStrictlyPureMethod.key 
157981     DEBUG main            d.u.i.k.p.i.AbstractProblemLoader Environment load took 192.1ns 
157982     INFO  main            d.u.i.k.p.i.AbstractProblemLoader Creating init config 
160684     DEBUG main            d.u.i.k.p.i.AbstractProblemLoader Init config took 2.7s 
160725     INFO  main            d.u.i.k.p.i.AbstractProblemLoader Replaying proof StrictlyPure[StrictlyPure::useStrictlyPureMethod(StrictlyPureClass)].JML operation contract.0 
160727     DEBUG main            d.u.i.k.p.i.IntermediateProofReplayer Proof replay took 6.8ns 
161030     INFO  main            d.u.i.k.p.r.p.TestFile    ... finished proof: closed. 
161382     INFO  main            d.u.i.k.p.i.AbstractProblemLoader Loading environment from /home/runner/work/key/key/key.core/../key.ui/examples/heap/strictly_pure/useStrictlyPureMethod.key.proof 
161382     DEBUG main            d.u.i.k.p.i.AbstractProblemLoader Environment load took 662.6ns 
161384     INFO  main            d.u.i.k.p.i.AbstractProblemLoader Creating init config 
164152     DEBUG main            d.u.i.k.p.i.AbstractProblemLoader Init config took 2.77s 
164198     INFO  main            d.u.i.k.p.i.AbstractProblemLoader Replaying proof StrictlyPure[StrictlyPure::useStrictlyPureMethod(StrictlyPureClass)].JML operation contract.0 
164302     DEBUG main            d.u.i.k.p.i.IntermediateProofReplayer Proof replay took 100.53ms 
164303     DEBUG main            d.u.i.k.p.r.p.TestFile    ... success: reloaded. 
164305     INFO  main            d.u.i.k.p.r.p.TestFile    Now processing file /home/runner/work/key/key/key.core/../key.ui/examples/heap/Wellfounded/ackermann.key 
164305     INFO  main            d.u.i.k.p.i.AbstractProblemLoader Loading environment from /home/runner/work/key/key/key.core/../key.ui/examples/heap/Wellfounded/ackermann.key 
164306     DEBUG main            d.u.i.k.p.i.AbstractProblemLoader Environment load took 269.3ns 
164308     INFO  main            d.u.i.k.p.i.AbstractProblemLoader Creating init config 
167141     DEBUG main            d.u.i.k.p.i.AbstractProblemLoader Init config took 2.83s 
167181     INFO  main            d.u.i.k.p.i.AbstractProblemLoader Replaying proof Ackermann[Ackermann::a(int,int)].JML normal_behavior operation contract.0 
167184     DEBUG main            d.u.i.k.p.i.IntermediateProofReplayer Proof replay took 6.3ns 
167488     INFO  main            d.u.i.k.p.r.p.TestFile    ... finished proof: closed. 
167895     INFO  main            d.u.i.k.p.i.AbstractProblemLoader Loading environment from /home/runner/work/key/key/key.core/../key.ui/examples/heap/Wellfounded/ackermann.key.proof 
167895     DEBUG main            d.u.i.k.p.i.AbstractProblemLoader Environment load took 110.2ns 
167897     INFO  main            d.u.i.k.p.i.AbstractProblemLoader Creating init config 
170740     DEBUG main            d.u.i.k.p.i.AbstractProblemLoader Init config took 2.84s 
170781     INFO  main            d.u.i.k.p.i.AbstractProblemLoader Replaying proof Ackermann[Ackermann::a(int,int)].JML normal_behavior operation contract.0 
170869     DEBUG main            d.u.i.k.p.i.IntermediateProofReplayer Proof replay took 83.65ms 
170870     DEBUG main            d.u.i.k.p.r.p.TestFile    ... success: reloaded. 
170872     INFO  main            d.u.i.k.p.r.p.TestFile    Now processing file /home/runner/work/key/key/key.core/../key.ui/examples/standard_key/unicode_test.key 
170872     INFO  main            d.u.i.k.p.i.AbstractProblemLoader Loading environment from /home/runner/work/key/key/key.core/../key.ui/examples/standard_key/unicode_test.key 
170872     DEBUG main            d.u.i.k.p.i.AbstractProblemLoader Environment load took 119.8ns 
170875     INFO  main            d.u.i.k.p.i.AbstractProblemLoader Creating init config 
173611     DEBUG main            d.u.i.k.p.i.AbstractProblemLoader Init config took 2.74s 
173626     INFO  main            d.u.i.k.p.i.AbstractProblemLoader Replaying proof unicode_test.key 
173628     DEBUG main            d.u.i.k.p.i.IntermediateProofReplayer Proof replay took 8.5ns 
173730     INFO  main            d.u.i.k.p.r.p.TestFile    ... finished proof: closed. 
174085     INFO  main            d.u.i.k.p.i.AbstractProblemLoader Loading environment from /home/runner/work/key/key/key.core/../key.ui/examples/standard_key/unicode_test.key.proof 
174085     DEBUG main            d.u.i.k.p.i.AbstractProblemLoader Environment load took 135.9ns 
174086     INFO  main            d.u.i.k.p.i.AbstractProblemLoader Creating init config 
176667     DEBUG main            d.u.i.k.p.i.AbstractProblemLoader Init config took 2.58s 
176683     INFO  main            d.u.i.k.p.i.AbstractProblemLoader Replaying proof unicode_test.key.proof 
176685     DEBUG main            d.u.i.k.p.i.IntermediateProofReplayer Proof replay took 431.4ns 
176686     DEBUG main            d.u.i.k.p.r.p.TestFile    ... success: reloaded. 
176686     INFO  main            d.u.i.k.p.r.p.TestFile    Now processing file /home/runner/work/key/key/key.core/../key.ui/examples/heap/strictlyModular/mayExpand.key 
176689     INFO  main            d.u.i.k.p.i.AbstractProblemLoader Loading environment from /home/runner/work/key/key/key.core/../key.ui/examples/heap/strictlyModular/mayExpand.key 
176691     DEBUG main            d.u.i.k.p.i.AbstractProblemLoader Environment load took 4.07ms 
176692     INFO  main            d.u.i.k.p.i.AbstractProblemLoader Creating init config 
179414     DEBUG main            d.u.i.k.p.i.AbstractProblemLoader Init config took 2.72s 
179457     INFO  main            d.u.i.k.p.i.AbstractProblemLoader Replaying proof Modular[Modular::m()].JML operation contract.0 
179459     DEBUG main            d.u.i.k.p.i.IntermediateProofReplayer Proof replay took 6.4ns 
179561     INFO  main            d.u.i.k.p.r.p.TestFile    ... finished proof: closed. 
179925     INFO  main            d.u.i.k.p.i.AbstractProblemLoader Loading environment from /home/runner/work/key/key/key.core/../key.ui/examples/heap/strictlyModular/mayExpand.key.proof 
179925     DEBUG main            d.u.i.k.p.i.AbstractProblemLoader Environment load took 115ns 
179927     INFO  main            d.u.i.k.p.i.AbstractProblemLoader Creating init config 
182594     DEBUG main            d.u.i.k.p.i.AbstractProblemLoader Init config took 2.67s 
182636     INFO  main            d.u.i.k.p.i.AbstractProblemLoader Replaying proof Modular[Modular::m()].JML operation contract.0 
182660     DEBUG main            d.u.i.k.p.i.IntermediateProofReplayer Proof replay took 21.38ms 
182661     DEBUG main            d.u.i.k.p.r.p.TestFile    ... success: reloaded. 
182662     INFO  main            d.u.i.k.p.r.p.TestFile    Now processing file /home/runner/work/key/key/key.core/../key.ui/examples/heap/strictlyModular/modularOnly.key 
182663     INFO  main            d.u.i.k.p.i.AbstractProblemLoader Loading environment from /home/runner/work/key/key/key.core/../key.ui/examples/heap/strictlyModular/modularOnly.key 
182663     DEBUG main            d.u.i.k.p.i.AbstractProblemLoader Environment load took 207.4ns 
182664     INFO  main            d.u.i.k.p.i.AbstractProblemLoader Creating init config 
185395     DEBUG main            d.u.i.k.p.i.AbstractProblemLoader Init config took 2.73s 
185436     INFO  main            d.u.i.k.p.i.AbstractProblemLoader Replaying proof Modular[Modular::m()].JML operation contract.0 
185437     DEBUG main            d.u.i.k.p.i.IntermediateProofReplayer Proof replay took 7.1ns 
185540     INFO  main            d.u.i.k.p.r.p.TestFile    ... finished proof: open goal(s) 
2457597    INFO  Test worker     d.u.i.k.p.r.RunAllProofsTestUnit Returning from test simpleTests 
2457598    INFO  Test worker     d.u.i.k.p.r.RunAllProofsTestUnit Running test SmansEtAl 
432        INFO  Timeout watchdog d.u.i.k.p.r.p.ForkedTestFileRunner Timeout watcher launched (2000 secs.) 
453        WARN  main            d.u.i.k.s.ProofSettings   The settings in /home/runner/.key/proof-settings.props are *not* read. 
483        INFO  main            d.u.i.k.p.r.p.TestFile    Now processing file /home/runner/work/key/key/key.core/../key.ui/examples/heap/SmansEtAl/ArrayList_add.key 
650        INFO  main            d.u.i.k.p.i.AbstractProblemLoader Loading environment from /home/runner/work/key/key/key.core/../key.ui/examples/heap/SmansEtAl/ArrayList_add.key 
670        DEBUG main            d.u.i.k.p.i.AbstractProblemLoader Environment load took 2.03ms 
937        INFO  main            d.u.i.k.p.i.AbstractProblemLoader Creating init config 
2037       DEBUG main            d.u.i.k.j.TypeConverter   No LDT found for Meta 
2038       DEBUG main            d.u.i.k.j.TypeConverter   No LDT found for Meta 
2042       DEBUG main            d.u.i.k.j.TypeConverter   No LDT found for Meta 
2042       DEBUG main            d.u.i.k.j.TypeConverter   No LDT found for Meta 
3749       DEBUG main            d.u.i.k.j.TypeConverter   No LDT found for JavaBigintExpression 
10378      DEBUG main            d.u.i.k.p.i.AbstractProblemLoader Init config took 9.44s 
10591      INFO  main            d.u.i.k.p.i.AbstractProblemLoader Replaying proof ArrayList[ArrayList::add(java.lang.Object)].JML normal_behavior operation contract.0 
10638      DEBUG main            d.u.i.k.p.i.IntermediateProofReplayer Proof replay took 52.1ns 
19524      INFO  main            d.u.i.k.p.r.p.TestFile    ... finished proof: closed. 
19825      INFO  main            d.u.i.k.p.i.AbstractProblemLoader Loading environment from /home/runner/work/key/key/key.core/../key.ui/examples/heap/SmansEtAl/ArrayList_add.key.proof 
19825      DEBUG main            d.u.i.k.p.i.AbstractProblemLoader Environment load took 284ns 
19829      INFO  main            d.u.i.k.p.i.AbstractProblemLoader Creating init config 
23515      DEBUG main            d.u.i.k.p.i.AbstractProblemLoader Init config took 3.69s 
23605      INFO  main            d.u.i.k.p.i.AbstractProblemLoader Replaying proof ArrayList[ArrayList::add(java.lang.Object)].JML normal_behavior operation contract.0 
25197      DEBUG main            d.u.i.k.p.i.IntermediateProofReplayer Proof replay took 1.54s 
25208      DEBUG main            d.u.i.k.p.r.p.TestFile    ... success: reloaded. 
25210      INFO  main            d.u.i.k.p.r.p.TestFile    Now processing file /home/runner/work/key/key/key.core/../key.ui/examples/heap/SmansEtAl/ArrayList_ArrayList.key 
25211      INFO  main            d.u.i.k.p.i.AbstractProblemLoader Loading environment from /home/runner/work/key/key/key.core/../key.ui/examples/heap/SmansEtAl/ArrayList_ArrayList.key 
25211      DEBUG main            d.u.i.k.p.i.AbstractProblemLoader Environment load took 302.3ns 
25213      INFO  main            d.u.i.k.p.i.AbstractProblemLoader Creating init config 
28676      DEBUG main            d.u.i.k.p.i.AbstractProblemLoader Init config took 3.46s 
28744      INFO  main            d.u.i.k.p.i.AbstractProblemLoader Replaying proof ArrayList[ArrayList::ArrayList()].JML normal_behavior operation contract.0 
28747      DEBUG main            d.u.i.k.p.i.IntermediateProofReplayer Proof replay took 28.8ns 
29990      INFO  main            d.u.i.k.p.r.p.TestFile    ... finished proof: closed. 
30174      INFO  main            d.u.i.k.p.i.AbstractProblemLoader Loading environment from /home/runner/work/key/key/key.core/../key.ui/examples/heap/SmansEtAl/ArrayList_ArrayList.key.proof 
30174      DEBUG main            d.u.i.k.p.i.AbstractProblemLoader Environment load took 715.7ns 
30179      INFO  main            d.u.i.k.p.i.AbstractProblemLoader Creating init config 
33694      DEBUG main            d.u.i.k.p.i.AbstractProblemLoader Init config took 3.52s 
33756      INFO  main            d.u.i.k.p.i.AbstractProblemLoader Replaying proof ArrayList[ArrayList::ArrayList()].JML normal_behavior operation contract.0 
33975      DEBUG main            d.u.i.k.p.i.IntermediateProofReplayer Proof replay took 209.82ms 
33977      DEBUG main            d.u.i.k.p.r.p.TestFile    ... success: reloaded. 
33979      INFO  main            d.u.i.k.p.r.p.TestFile    Now processing file /home/runner/work/key/key/key.core/../key.ui/examples/heap/SmansEtAl/ArrayList_footprint.key 
33979      INFO  main            d.u.i.k.p.i.AbstractProblemLoader Loading environment from /home/runner/work/key/key/key.core/../key.ui/examples/heap/SmansEtAl/ArrayList_footprint.key 
33980      DEBUG main            d.u.i.k.p.i.AbstractProblemLoader Environment load took 386.9ns 
33981      INFO  main            d.u.i.k.p.i.AbstractProblemLoader Creating init config 
37414      DEBUG main            d.u.i.k.p.i.AbstractProblemLoader Init config took 3.43s 
37495      INFO  main            d.u.i.k.p.i.AbstractProblemLoader Replaying proof ArrayList[ArrayList::$footprint()].JML accessible clause.0 
37498      DEBUG main            d.u.i.k.p.i.IntermediateProofReplayer Proof replay took 6.2ns 
37601      INFO  main            d.u.i.k.p.r.p.TestFile    ... finished proof: closed. 
37806      INFO  main            d.u.i.k.p.i.AbstractProblemLoader Loading environment from /home/runner/work/key/key/key.core/../key.ui/examples/heap/SmansEtAl/ArrayList_footprint.key.proof 
37807      DEBUG main            d.u.i.k.p.i.AbstractProblemLoader Environment load took 147.9ns 
37809      INFO  main            d.u.i.k.p.i.AbstractProblemLoader Creating init config 
41155      DEBUG main            d.u.i.k.p.i.AbstractProblemLoader Init config took 3.35s 
41212      INFO  main            d.u.i.k.p.i.AbstractProblemLoader Replaying proof ArrayList[ArrayList::$footprint()].JML accessible clause.0 
41228      DEBUG main            d.u.i.k.p.i.IntermediateProofReplayer Proof replay took 12.79ms 
41229      DEBUG main            d.u.i.k.p.r.p.TestFile    ... success: reloaded. 
41231      INFO  main            d.u.i.k.p.r.p.TestFile    Now processing file /home/runner/work/key/key/key.core/../key.ui/examples/heap/SmansEtAl/ArrayList_get_dep.key 
41232      INFO  main            d.u.i.k.p.i.AbstractProblemLoader Loading environment from /home/runner/work/key/key/key.core/../key.ui/examples/heap/SmansEtAl/ArrayList_get_dep.key 
41232      DEBUG main            d.u.i.k.p.i.AbstractProblemLoader Environment load took 382.7ns 
41233      INFO  main            d.u.i.k.p.i.AbstractProblemLoader Creating init config 
44617      DEBUG main            d.u.i.k.p.i.AbstractProblemLoader Init config took 3.38s 
44679      INFO  main            d.u.i.k.p.i.AbstractProblemLoader Replaying proof ArrayList[ArrayList::get(int)].JML accessible clause.0 
44683      DEBUG main            d.u.i.k.p.i.IntermediateProofReplayer Proof replay took 5.6ns 
45088      INFO  main            d.u.i.k.p.r.p.TestFile    ... finished proof: closed. 
45320      INFO  main            d.u.i.k.p.i.AbstractProblemLoader Loading environment from /home/runner/work/key/key/key.core/../key.ui/examples/heap/SmansEtAl/ArrayList_get_dep.key.proof 
45320      DEBUG main            d.u.i.k.p.i.AbstractProblemLoader Environment load took 551.7ns 
45322      INFO  main            d.u.i.k.p.i.AbstractProblemLoader Creating init config 
48676      DEBUG main            d.u.i.k.p.i.AbstractProblemLoader Init config took 3.35s 
48732      INFO  main            d.u.i.k.p.i.AbstractProblemLoader Replaying proof ArrayList[ArrayList::get(int)].JML accessible clause.0 
48816      DEBUG main            d.u.i.k.p.i.IntermediateProofReplayer Proof replay took 78.83ms 
48817      DEBUG main            d.u.i.k.p.r.p.TestFile    ... success: reloaded. 
48819      INFO  main            d.u.i.k.p.r.p.TestFile    Now processing file /home/runner/work/key/key/key.core/../key.ui/examples/heap/SmansEtAl/ArrayList_get.key 
48819      INFO  main            d.u.i.k.p.i.AbstractProblemLoader Loading environment from /home/runner/work/key/key/key.core/../key.ui/examples/heap/SmansEtAl/ArrayList_get.key 
48819      DEBUG main            d.u.i.k.p.i.AbstractProblemLoader Environment load took 158.6ns 
48828      INFO  main            d.u.i.k.p.i.AbstractProblemLoader Creating init config 
52247      DEBUG main            d.u.i.k.p.i.AbstractProblemLoader Init config took 3.42s 
52306      INFO  main            d.u.i.k.p.i.AbstractProblemLoader Replaying proof ArrayList[ArrayList::get(int)].JML normal_behavior operation contract.0 
52309      DEBUG main            d.u.i.k.p.i.IntermediateProofReplayer Proof replay took 8.1ns 
52512      INFO  main            d.u.i.k.p.r.p.TestFile    ... finished proof: closed. 
52701      INFO  main            d.u.i.k.p.i.AbstractProblemLoader Loading environment from /home/runner/work/key/key/key.core/../key.ui/examples/heap/SmansEtAl/ArrayList_get.key.proof 
52702      DEBUG main            d.u.i.k.p.i.AbstractProblemLoader Environment load took 153.6ns 
52703      INFO  main            d.u.i.k.p.i.AbstractProblemLoader Creating init config 
56047      DEBUG main            d.u.i.k.p.i.AbstractProblemLoader Init config took 3.34s 
56102      INFO  main            d.u.i.k.p.i.AbstractProblemLoader Replaying proof ArrayList[ArrayList::get(int)].JML normal_behavior operation contract.0 
56152      DEBUG main            d.u.i.k.p.i.IntermediateProofReplayer Proof replay took 45.78ms 
56153      DEBUG main            d.u.i.k.p.r.p.TestFile    ... success: reloaded. 
56155      INFO  main            d.u.i.k.p.r.p.TestFile    Now processing file /home/runner/work/key/key/key.core/../key.ui/examples/heap/SmansEtAl/ArrayList_inv.key 
56156      INFO  main            d.u.i.k.p.i.AbstractProblemLoader Loading environment from /home/runner/work/key/key/key.core/../key.ui/examples/heap/SmansEtAl/ArrayList_inv.key 
56156      DEBUG main            d.u.i.k.p.i.AbstractProblemLoader Environment load took 887.3ns 
56158      INFO  main            d.u.i.k.p.i.AbstractProblemLoader Creating init config 
59438      DEBUG main            d.u.i.k.p.i.AbstractProblemLoader Init config took 3.28s 
59487      INFO  main            d.u.i.k.p.i.AbstractProblemLoader Replaying proof ArrayList[java.lang.Object::<inv>()].JML accessible clause.0 
59490      DEBUG main            d.u.i.k.p.i.IntermediateProofReplayer Proof replay took 7ns 
59593      INFO  main            d.u.i.k.p.r.p.TestFile    ... finished proof: closed. 
59783      INFO  main            d.u.i.k.p.i.AbstractProblemLoader Loading environment from /home/runner/work/key/key/key.core/../key.ui/examples/heap/SmansEtAl/ArrayList_inv.key.proof 
59783      DEBUG main            d.u.i.k.p.i.AbstractProblemLoader Environment load took 148.5ns 
59784      INFO  main            d.u.i.k.p.i.AbstractProblemLoader Creating init config 
63028      DEBUG main            d.u.i.k.p.i.AbstractProblemLoader Init config took 3.24s 
63080      INFO  main            d.u.i.k.p.i.AbstractProblemLoader Replaying proof ArrayList[java.lang.Object::<inv>()].JML accessible clause.0 
63114      DEBUG main            d.u.i.k.p.i.IntermediateProofReplayer Proof replay took 27.87ms 
63116      DEBUG main            d.u.i.k.p.r.p.TestFile    ... success: reloaded. 
63117      INFO  main            d.u.i.k.p.r.p.TestFile    Now processing file /home/runner/work/key/key/key.core/../key.ui/examples/heap/SmansEtAl/ArrayList_size_dep.key 
63118      INFO  main            d.u.i.k.p.i.AbstractProblemLoader Loading environment from /home/runner/work/key/key/key.core/../key.ui/examples/heap/SmansEtAl/ArrayList_size_dep.key 
63118      DEBUG main            d.u.i.k.p.i.AbstractProblemLoader Environment load took 234.3ns 
63119      INFO  main            d.u.i.k.p.i.AbstractProblemLoader Creating init config 
66376      DEBUG main            d.u.i.k.p.i.AbstractProblemLoader Init config took 3.26s 
66427      INFO  main            d.u.i.k.p.i.AbstractProblemLoader Replaying proof ArrayList[ArrayList::size()].JML accessible clause.0 
66429      DEBUG main            d.u.i.k.p.i.IntermediateProofReplayer Proof replay took 5.9ns 
66531      INFO  main            d.u.i.k.p.r.p.TestFile    ... finished proof: closed. 
66753      INFO  main            d.u.i.k.p.i.AbstractProblemLoader Loading environment from /home/runner/work/key/key/key.core/../key.ui/examples/heap/SmansEtAl/ArrayList_size_dep.key.proof 
66753      DEBUG main            d.u.i.k.p.i.AbstractProblemLoader Environment load took 197.9ns 
66754      INFO  main            d.u.i.k.p.i.AbstractProblemLoader Creating init config 
69993      DEBUG main            d.u.i.k.p.i.AbstractProblemLoader Init config took 3.24s 
70046      INFO  main            d.u.i.k.p.i.AbstractProblemLoader Replaying proof ArrayList[ArrayList::size()].JML accessible clause.0 
70071      DEBUG main            d.u.i.k.p.i.IntermediateProofReplayer Proof replay took 22.3ms 
70072      DEBUG main            d.u.i.k.p.r.p.TestFile    ... success: reloaded. 
70073      INFO  main            d.u.i.k.p.r.p.TestFile    Now processing file /home/runner/work/key/key/key.core/../key.ui/examples/heap/SmansEtAl/ArrayList_size.key 
70074      INFO  main            d.u.i.k.p.i.AbstractProblemLoader Loading environment from /home/runner/work/key/key/key.core/../key.ui/examples/heap/SmansEtAl/ArrayList_size.key 
70074      DEBUG main            d.u.i.k.p.i.AbstractProblemLoader Environment load took 182ns 
70075      INFO  main            d.u.i.k.p.i.AbstractProblemLoader Creating init config 
73281      DEBUG main            d.u.i.k.p.i.AbstractProblemLoader Init config took 3.21s 
73333      INFO  main            d.u.i.k.p.i.AbstractProblemLoader Replaying proof ArrayList[ArrayList::size()].JML normal_behavior operation contract.0 
73336      DEBUG main            d.u.i.k.p.i.IntermediateProofReplayer Proof replay took 7.8ns 
73452      INFO  main            d.u.i.k.p.r.p.TestFile    ... finished proof: closed. 
73687      INFO  main            d.u.i.k.p.i.AbstractProblemLoader Loading environment from /home/runner/work/key/key/key.core/../key.ui/examples/heap/SmansEtAl/ArrayList_size.key.proof 
73687      DEBUG main            d.u.i.k.p.i.AbstractProblemLoader Environment load took 169.6ns 
73689      INFO  main            d.u.i.k.p.i.AbstractProblemLoader Creating init config 
76986      DEBUG main            d.u.i.k.p.i.AbstractProblemLoader Init config took 3.3s 
77034      INFO  main            d.u.i.k.p.i.AbstractProblemLoader Replaying proof ArrayList[ArrayList::size()].JML normal_behavior operation contract.0 
77054      DEBUG main            d.u.i.k.p.i.IntermediateProofReplayer Proof replay took 17.73ms 
77055      DEBUG main            d.u.i.k.p.r.p.TestFile    ... success: reloaded. 
77057      INFO  main            d.u.i.k.p.r.p.TestFile    Now processing file /home/runner/work/key/key/key.core/../key.ui/examples/heap/SmansEtAl/Cell_Cell.key 
77057      INFO  main            d.u.i.k.p.i.AbstractProblemLoader Loading environment from /home/runner/work/key/key/key.core/../key.ui/examples/heap/SmansEtAl/Cell_Cell.key 
77057      DEBUG main            d.u.i.k.p.i.AbstractProblemLoader Environment load took 210.7ns 
77058      INFO  main            d.u.i.k.p.i.AbstractProblemLoader Creating init config 
80378      DEBUG main            d.u.i.k.p.i.AbstractProblemLoader Init config took 3.32s 
80421      INFO  main            d.u.i.k.p.i.AbstractProblemLoader Replaying proof Cell[Cell::Cell()].JML normal_behavior operation contract.0 
80423      DEBUG main            d.u.i.k.p.i.IntermediateProofReplayer Proof replay took 40.9ns 
80630      INFO  main            d.u.i.k.p.r.p.TestFile    ... finished proof: closed. 
80871      INFO  main            d.u.i.k.p.i.AbstractProblemLoader Loading environment from /home/runner/work/key/key/key.core/../key.ui/examples/heap/SmansEtAl/Cell_Cell.key.proof 
80871      DEBUG main            d.u.i.k.p.i.AbstractProblemLoader Environment load took 209.7ns 
80875      INFO  main            d.u.i.k.p.i.AbstractProblemLoader Creating init config 
84102      DEBUG main            d.u.i.k.p.i.AbstractProblemLoader Init config took 3.23s 
84153      INFO  main            d.u.i.k.p.i.AbstractProblemLoader Replaying proof Cell[Cell::Cell()].JML normal_behavior operation contract.0 
84232      DEBUG main            d.u.i.k.p.i.IntermediateProofReplayer Proof replay took 70.01ms 
84233      DEBUG main            d.u.i.k.p.r.p.TestFile    ... success: reloaded. 
84235      INFO  main            d.u.i.k.p.r.p.TestFile    Now processing file /home/runner/work/key/key/key.core/../key.ui/examples/heap/SmansEtAl/Cell_footprint.key 
84235      INFO  main            d.u.i.k.p.i.AbstractProblemLoader Loading environment from /home/runner/work/key/key/key.core/../key.ui/examples/heap/SmansEtAl/Cell_footprint.key 
84235      DEBUG main            d.u.i.k.p.i.AbstractProblemLoader Environment load took 138.7ns 
84236      INFO  main            d.u.i.k.p.i.AbstractProblemLoader Creating init config 
87465      DEBUG main            d.u.i.k.p.i.AbstractProblemLoader Init config took 3.23s 
87533      INFO  main            d.u.i.k.p.i.AbstractProblemLoader Replaying proof Cell[Cell::$footprint()].JML accessible clause.0 
87536      DEBUG main            d.u.i.k.p.i.IntermediateProofReplayer Proof replay took 7.3ns 
87638      INFO  main            d.u.i.k.p.r.p.TestFile    ... finished proof: closed. 
87867      INFO  main            d.u.i.k.p.i.AbstractProblemLoader Loading environment from /home/runner/work/key/key/key.core/../key.ui/examples/heap/SmansEtAl/Cell_footprint.key.proof 
87867      DEBUG main            d.u.i.k.p.i.AbstractProblemLoader Environment load took 135.8ns 
87868      INFO  main            d.u.i.k.p.i.AbstractProblemLoader Creating init config 
90947      DEBUG main            d.u.i.k.p.i.AbstractProblemLoader Init config took 3.08s 
90988      INFO  main            d.u.i.k.p.i.AbstractProblemLoader Replaying proof Cell[Cell::$footprint()].JML accessible clause.0 
90994      DEBUG main            d.u.i.k.p.i.IntermediateProofReplayer Proof replay took 4.29ms 
90995      DEBUG main            d.u.i.k.p.r.p.TestFile    ... success: reloaded. 
90997      INFO  main            d.u.i.k.p.r.p.TestFile    Now processing file /home/runner/work/key/key/key.core/../key.ui/examples/heap/SmansEtAl/Cell_getX_dep.key 
90997      INFO  main            d.u.i.k.p.i.AbstractProblemLoader Loading environment from /home/runner/work/key/key/key.core/../key.ui/examples/heap/SmansEtAl/Cell_getX_dep.key 
90997      DEBUG main            d.u.i.k.p.i.AbstractProblemLoader Environment load took 173.3ns 
90999      INFO  main            d.u.i.k.p.i.AbstractProblemLoader Creating init config 
94103      DEBUG main            d.u.i.k.p.i.AbstractProblemLoader Init config took 3.1s 
94144      INFO  main            d.u.i.k.p.i.AbstractProblemLoader Replaying proof Cell[Cell::getX()].JML accessible clause.0 
94147      DEBUG main            d.u.i.k.p.i.IntermediateProofReplayer Proof replay took 7.8ns 
94253      INFO  main            d.u.i.k.p.r.p.TestFile    ... finished proof: closed. 
94524      INFO  main            d.u.i.k.p.i.AbstractProblemLoader Loading environment from /home/runner/work/key/key/key.core/../key.ui/examples/heap/SmansEtAl/Cell_getX_dep.key.proof 
94524      DEBUG main            d.u.i.k.p.i.AbstractProblemLoader Environment load took 124.7ns 
94525      INFO  main            d.u.i.k.p.i.AbstractProblemLoader Creating init config 
97644      DEBUG main            d.u.i.k.p.i.AbstractProblemLoader Init config took 3.12s 
97694      INFO  main            d.u.i.k.p.i.AbstractProblemLoader Replaying proof Cell[Cell::getX()].JML accessible clause.0 
97727      DEBUG main            d.u.i.k.p.i.IntermediateProofReplayer Proof replay took 24.25ms 
97730      DEBUG main            d.u.i.k.p.r.p.TestFile    ... success: reloaded. 
97734      INFO  main            d.u.i.k.p.r.p.TestFile    Now processing file /home/runner/work/key/key/key.core/../key.ui/examples/heap/SmansEtAl/Cell_getX.key 
97735      INFO  main            d.u.i.k.p.i.AbstractProblemLoader Loading environment from /home/runner/work/key/key/key.core/../key.ui/examples/heap/SmansEtAl/Cell_getX.key 
97735      DEBUG main            d.u.i.k.p.i.AbstractProblemLoader Environment load took 90.8ns 
97736      INFO  main            d.u.i.k.p.i.AbstractProblemLoader Creating init config 
100853     DEBUG main            d.u.i.k.p.i.AbstractProblemLoader Init config took 3.12s 
100894     INFO  main            d.u.i.k.p.i.AbstractProblemLoader Replaying proof Cell[Cell::getX()].JML normal_behavior operation contract.0 
100896     DEBUG main            d.u.i.k.p.i.IntermediateProofReplayer Proof replay took 6.8ns 
101001     INFO  main            d.u.i.k.p.r.p.TestFile    ... finished proof: closed. 
101254     INFO  main            d.u.i.k.p.i.AbstractProblemLoader Loading environment from /home/runner/work/key/key/key.core/../key.ui/examples/heap/SmansEtAl/Cell_getX.key.proof 
101254     DEBUG main            d.u.i.k.p.i.AbstractProblemLoader Environment load took 166.6ns 
101255     INFO  main            d.u.i.k.p.i.AbstractProblemLoader Creating init config 
104236     DEBUG main            d.u.i.k.p.i.AbstractProblemLoader Init config took 2.98s 
104278     INFO  main            d.u.i.k.p.i.AbstractProblemLoader Replaying proof Cell[Cell::getX()].JML normal_behavior operation contract.0 
104297     DEBUG main            d.u.i.k.p.i.IntermediateProofReplayer Proof replay took 17.44ms 
104299     DEBUG main            d.u.i.k.p.r.p.TestFile    ... success: reloaded. 
104300     INFO  main            d.u.i.k.p.r.p.TestFile    Now processing file /home/runner/work/key/key/key.core/../key.ui/examples/heap/SmansEtAl/Cell_inv.key 
104300     INFO  main            d.u.i.k.p.i.AbstractProblemLoader Loading environment from /home/runner/work/key/key/key.core/../key.ui/examples/heap/SmansEtAl/Cell_inv.key 
104300     DEBUG main            d.u.i.k.p.i.AbstractProblemLoader Environment load took 217ns 
104301     INFO  main            d.u.i.k.p.i.AbstractProblemLoader Creating init config 
107382     DEBUG main            d.u.i.k.p.i.AbstractProblemLoader Init config took 3.08s 
107429     INFO  main            d.u.i.k.p.i.AbstractProblemLoader Replaying proof Cell[java.lang.Object::<inv>()].JML accessible clause.0 
107431     DEBUG main            d.u.i.k.p.i.IntermediateProofReplayer Proof replay took 6.6ns 
107540     INFO  main            d.u.i.k.p.r.p.TestFile    ... finished proof: closed. 
107796     INFO  main            d.u.i.k.p.i.AbstractProblemLoader Loading environment from /home/runner/work/key/key/key.core/../key.ui/examples/heap/SmansEtAl/Cell_inv.key.proof 
107796     DEBUG main            d.u.i.k.p.i.AbstractProblemLoader Environment load took 188.1ns 
107797     INFO  main            d.u.i.k.p.i.AbstractProblemLoader Creating init config 
110913     DEBUG main            d.u.i.k.p.i.AbstractProblemLoader Init config took 3.12s 
110956     INFO  main            d.u.i.k.p.i.AbstractProblemLoader Replaying proof Cell[java.lang.Object::<inv>()].JML accessible clause.0 
110960     DEBUG main            d.u.i.k.p.i.IntermediateProofReplayer Proof replay took 1.96ms 
110960     DEBUG main            d.u.i.k.p.r.p.TestFile    ... success: reloaded. 
110962     INFO  main            d.u.i.k.p.r.p.TestFile    Now processing file /home/runner/work/key/key/key.core/../key.ui/examples/heap/SmansEtAl/Cell_setX.key 
110962     INFO  main            d.u.i.k.p.i.AbstractProblemLoader Loading environment from /home/runner/work/key/key/key.core/../key.ui/examples/heap/SmansEtAl/Cell_setX.key 
110962     DEBUG main            d.u.i.k.p.i.AbstractProblemLoader Environment load took 111.2ns 
110963     INFO  main            d.u.i.k.p.i.AbstractProblemLoader Creating init config 
114072     DEBUG main            d.u.i.k.p.i.AbstractProblemLoader Init config took 3.11s 
114114     INFO  main            d.u.i.k.p.i.AbstractProblemLoader Replaying proof Cell[Cell::setX(int)].JML normal_behavior operation contract.0 
114116     DEBUG main            d.u.i.k.p.i.IntermediateProofReplayer Proof replay took 7.2ns 
114221     INFO  main            d.u.i.k.p.r.p.TestFile    ... finished proof: closed. 
114496     INFO  main            d.u.i.k.p.i.AbstractProblemLoader Loading environment from /home/runner/work/key/key/key.core/../key.ui/examples/heap/SmansEtAl/Cell_setX.key.proof 
114496     DEBUG main            d.u.i.k.p.i.AbstractProblemLoader Environment load took 133.5ns 
114497     INFO  main            d.u.i.k.p.i.AbstractProblemLoader Creating init config 
117555     DEBUG main            d.u.i.k.p.i.AbstractProblemLoader Init config took 3.06s 
117593     INFO  main            d.u.i.k.p.i.AbstractProblemLoader Replaying proof Cell[Cell::setX(int)].JML normal_behavior operation contract.0 
117620     DEBUG main            d.u.i.k.p.i.IntermediateProofReplayer Proof replay took 24.64ms 
117621     DEBUG main            d.u.i.k.p.r.p.TestFile    ... success: reloaded. 
117622     INFO  main            d.u.i.k.p.r.p.TestFile    Now processing file /home/runner/work/key/key/key.core/../key.ui/examples/heap/SmansEtAl/CellClient_m.key 
117622     INFO  main            d.u.i.k.p.i.AbstractProblemLoader Loading environment from /home/runner/work/key/key/key.core/../key.ui/examples/heap/SmansEtAl/CellClient_m.key 
117623     DEBUG main            d.u.i.k.p.i.AbstractProblemLoader Environment load took 162.3ns 
117624     INFO  main            d.u.i.k.p.i.AbstractProblemLoader Creating init config 
120717     DEBUG main            d.u.i.k.p.i.AbstractProblemLoader Init config took 3.09s 
120758     INFO  main            d.u.i.k.p.i.AbstractProblemLoader Replaying proof CellClient[CellClient::m()].JML operation contract.0 
120759     DEBUG main            d.u.i.k.p.i.IntermediateProofReplayer Proof replay took 7.6ns 
121364     INFO  main            d.u.i.k.p.r.p.TestFile    ... finished proof: closed. 
121698     INFO  main            d.u.i.k.p.i.AbstractProblemLoader Loading environment from /home/runner/work/key/key/key.core/../key.ui/examples/heap/SmansEtAl/CellClient_m.key.proof 
121699     DEBUG main            d.u.i.k.p.i.AbstractProblemLoader Environment load took 779.7ns 
121701     INFO  main            d.u.i.k.p.i.AbstractProblemLoader Creating init config 
124775     DEBUG main            d.u.i.k.p.i.AbstractProblemLoader Init config took 3.07s 
124831     INFO  main            d.u.i.k.p.i.AbstractProblemLoader Replaying proof CellClient[CellClient::m()].JML operation contract.0 
124964     DEBUG main            d.u.i.k.p.i.IntermediateProofReplayer Proof replay took 126.58ms 
124966     DEBUG main            d.u.i.k.p.r.p.TestFile    ... success: reloaded. 
124967     INFO  main            d.u.i.k.p.r.p.TestFile    Now processing file /home/runner/work/key/key/key.core/../key.ui/examples/heap/SmansEtAl/Iterator_footprint.key 
124968     INFO  main            d.u.i.k.p.i.AbstractProblemLoader Loading environment from /home/runner/work/key/key/key.core/../key.ui/examples/heap/SmansEtAl/Iterator_footprint.key 
124968     DEBUG main            d.u.i.k.p.i.AbstractProblemLoader Environment load took 275.9ns 
124969     INFO  main            d.u.i.k.p.i.AbstractProblemLoader Creating init config 
128171     DEBUG main            d.u.i.k.p.i.AbstractProblemLoader Init config took 3.2s 
128244     INFO  main            d.u.i.k.p.i.AbstractProblemLoader Replaying proof Iterator[Iterator::$footprint()].JML accessible clause.0 
128246     DEBUG main            d.u.i.k.p.i.IntermediateProofReplayer Proof replay took 6.4ns 
128348     INFO  main            d.u.i.k.p.r.p.TestFile    ... finished proof: closed. 
128632     INFO  main            d.u.i.k.p.i.AbstractProblemLoader Loading environment from /home/runner/work/key/key/key.core/../key.ui/examples/heap/SmansEtAl/Iterator_footprint.key.proof 
128632     DEBUG main            d.u.i.k.p.i.AbstractProblemLoader Environment load took 162.5ns 
128633     INFO  main            d.u.i.k.p.i.AbstractProblemLoader Creating init config 
131701     DEBUG main            d.u.i.k.p.i.AbstractProblemLoader Init config took 3.07s 
131744     INFO  main            d.u.i.k.p.i.AbstractProblemLoader Replaying proof Iterator[Iterator::$footprint()].JML accessible clause.0 
131754     DEBUG main            d.u.i.k.p.i.IntermediateProofReplayer Proof replay took 7.62ms 
131755     DEBUG main            d.u.i.k.p.r.p.TestFile    ... success: reloaded. 
131757     INFO  main            d.u.i.k.p.r.p.TestFile    Now processing file /home/runner/work/key/key/key.core/../key.ui/examples/heap/SmansEtAl/Iterator_hasNext_dep.key 
131757     INFO  main            d.u.i.k.p.i.AbstractProblemLoader Loading environment from /home/runner/work/key/key/key.core/../key.ui/examples/heap/SmansEtAl/Iterator_hasNext_dep.key 
131757     DEBUG main            d.u.i.k.p.i.AbstractProblemLoader Environment load took 266.9ns 
131758     INFO  main            d.u.i.k.p.i.AbstractProblemLoader Creating init config 
134928     DEBUG main            d.u.i.k.p.i.AbstractProblemLoader Init config took 3.17s 
134976     INFO  main            d.u.i.k.p.i.AbstractProblemLoader Replaying proof Iterator[Iterator::hasNext()].JML accessible clause.0 
134978     DEBUG main            d.u.i.k.p.i.IntermediateProofReplayer Proof replay took 7ns 
135785     INFO  main            d.u.i.k.p.r.p.TestFile    ... finished proof: closed. 
136203     INFO  main            d.u.i.k.p.i.AbstractProblemLoader Loading environment from /home/runner/work/key/key/key.core/../key.ui/examples/heap/SmansEtAl/Iterator_hasNext_dep.key.proof 
136205     DEBUG main            d.u.i.k.p.i.AbstractProblemLoader Environment load took 2.02ms 
136210     INFO  main            d.u.i.k.p.i.AbstractProblemLoader Creating init config 
139289     DEBUG main            d.u.i.k.p.i.AbstractProblemLoader Init config took 3.08s 
139333     INFO  main            d.u.i.k.p.i.AbstractProblemLoader Replaying proof Iterator[Iterator::hasNext()].JML accessible clause.0 
139460     DEBUG main            d.u.i.k.p.i.IntermediateProofReplayer Proof replay took 120.87ms 
139462     DEBUG main            d.u.i.k.p.r.p.TestFile    ... success: reloaded. 
139464     INFO  main            d.u.i.k.p.r.p.TestFile    Now processing file /home/runner/work/key/key/key.core/../key.ui/examples/heap/SmansEtAl/Iterator_hasNext.key 
139464     INFO  main            d.u.i.k.p.i.AbstractProblemLoader Loading environment from /home/runner/work/key/key/key.core/../key.ui/examples/heap/SmansEtAl/Iterator_hasNext.key 
139464     DEBUG main            d.u.i.k.p.i.AbstractProblemLoader Environment load took 251ns 
139466     INFO  main            d.u.i.k.p.i.AbstractProblemLoader Creating init config 
142668     DEBUG main            d.u.i.k.p.i.AbstractProblemLoader Init config took 3.2s 
142713     INFO  main            d.u.i.k.p.i.AbstractProblemLoader Replaying proof Iterator[Iterator::hasNext()].JML normal_behavior operation contract.0 
142716     DEBUG main            d.u.i.k.p.i.IntermediateProofReplayer Proof replay took 24.4ns 
143422     INFO  main            d.u.i.k.p.r.p.TestFile    ... finished proof: closed. 
143748     INFO  main            d.u.i.k.p.i.AbstractProblemLoader Loading environment from /home/runner/work/key/key/key.core/../key.ui/examples/heap/SmansEtAl/Iterator_hasNext.key.proof 
143748     DEBUG main            d.u.i.k.p.i.AbstractProblemLoader Environment load took 540.6ns 
143750     INFO  main            d.u.i.k.p.i.AbstractProblemLoader Creating init config 
146868     DEBUG main            d.u.i.k.p.i.AbstractProblemLoader Init config took 3.12s 
146910     INFO  main            d.u.i.k.p.i.AbstractProblemLoader Replaying proof Iterator[Iterator::hasNext()].JML normal_behavior operation contract.0 
147047     DEBUG main            d.u.i.k.p.i.IntermediateProofReplayer Proof replay took 131.73ms 
147049     DEBUG main            d.u.i.k.p.r.p.TestFile    ... success: reloaded. 
147050     INFO  main            d.u.i.k.p.r.p.TestFile    Now processing file /home/runner/work/key/key/key.core/../key.ui/examples/heap/SmansEtAl/Iterator_inv.key 
147051     INFO  main            d.u.i.k.p.i.AbstractProblemLoader Loading environment from /home/runner/work/key/key/key.core/../key.ui/examples/heap/SmansEtAl/Iterator_inv.key 
147051     DEBUG main            d.u.i.k.p.i.AbstractProblemLoader Environment load took 400.5ns 
147052     INFO  main            d.u.i.k.p.i.AbstractProblemLoader Creating init config 
150172     DEBUG main            d.u.i.k.p.i.AbstractProblemLoader Init config took 3.12s 
150215     INFO  main            d.u.i.k.p.i.AbstractProblemLoader Replaying proof Iterator[java.lang.Object::<inv>()].JML accessible clause.0 
150217     DEBUG main            d.u.i.k.p.i.IntermediateProofReplayer Proof replay took 7.1ns 
150526     INFO  main            d.u.i.k.p.r.p.TestFile    ... finished proof: closed. 
150854     INFO  main            d.u.i.k.p.i.AbstractProblemLoader Loading environment from /home/runner/work/key/key/key.core/../key.ui/examples/heap/SmansEtAl/Iterator_inv.key.proof 
150855     DEBUG main            d.u.i.k.p.i.AbstractProblemLoader Environment load took 114.2ns 
150856     INFO  main            d.u.i.k.p.i.AbstractProblemLoader Creating init config 
153927     DEBUG main            d.u.i.k.p.i.AbstractProblemLoader Init config took 3.07s 
153971     INFO  main            d.u.i.k.p.i.AbstractProblemLoader Replaying proof Iterator[java.lang.Object::<inv>()].JML accessible clause.0 
154006     DEBUG main            d.u.i.k.p.i.IntermediateProofReplayer Proof replay took 31.21ms 
154007     DEBUG main            d.u.i.k.p.r.p.TestFile    ... success: reloaded. 
154008     INFO  main            d.u.i.k.p.r.p.TestFile    Now processing file /home/runner/work/key/key/key.core/../key.ui/examples/heap/SmansEtAl/Iterator_Iterator.key 
154008     INFO  main            d.u.i.k.p.i.AbstractProblemLoader Loading environment from /home/runner/work/key/key/key.core/../key.ui/examples/heap/SmansEtAl/Iterator_Iterator.key 
154008     DEBUG main            d.u.i.k.p.i.AbstractProblemLoader Environment load took 122.3ns 
154009     INFO  main            d.u.i.k.p.i.AbstractProblemLoader Creating init config 
157078     DEBUG main            d.u.i.k.p.i.AbstractProblemLoader Init config took 3.07s 
157124     INFO  main            d.u.i.k.p.i.AbstractProblemLoader Replaying proof Iterator[Iterator::Iterator(ArrayList)].JML normal_behavior operation contract.0 
157126     DEBUG main            d.u.i.k.p.i.IntermediateProofReplayer Proof replay took 7.8ns 
158840     INFO  main            d.u.i.k.p.r.p.TestFile    ... finished proof: closed. 
159174     INFO  main            d.u.i.k.p.i.AbstractProblemLoader Loading environment from /home/runner/work/key/key/key.core/../key.ui/examples/heap/SmansEtAl/Iterator_Iterator.key.proof 
159174     DEBUG main            d.u.i.k.p.i.AbstractProblemLoader Environment load took 231.3ns 
159176     INFO  main            d.u.i.k.p.i.AbstractProblemLoader Creating init config 
162118     DEBUG main            d.u.i.k.p.i.AbstractProblemLoader Init config took 2.94s 
162161     INFO  main            d.u.i.k.p.i.AbstractProblemLoader Replaying proof Iterator[Iterator::Iterator(ArrayList)].JML normal_behavior operation contract.0 
162406     DEBUG main            d.u.i.k.p.i.IntermediateProofReplayer Proof replay took 231.11ms 
162408     DEBUG main            d.u.i.k.p.r.p.TestFile    ... success: reloaded. 
162409     INFO  main            d.u.i.k.p.r.p.TestFile    Now processing file /home/runner/work/key/key/key.core/../key.ui/examples/heap/SmansEtAl/Iterator_list_dep.key 
162410     INFO  main            d.u.i.k.p.i.AbstractProblemLoader Loading environment from /home/runner/work/key/key/key.core/../key.ui/examples/heap/SmansEtAl/Iterator_list_dep.key 
162410     DEBUG main            d.u.i.k.p.i.AbstractProblemLoader Environment load took 248.8ns 
162411     INFO  main            d.u.i.k.p.i.AbstractProblemLoader Creating init config 
165492     DEBUG main            d.u.i.k.p.i.AbstractProblemLoader Init config took 3.08s 
165537     INFO  main            d.u.i.k.p.i.AbstractProblemLoader Replaying proof Iterator[Iterator::list()].JML accessible clause.0 
165539     DEBUG main            d.u.i.k.p.i.IntermediateProofReplayer Proof replay took 7.5ns 
165641     INFO  main            d.u.i.k.p.r.p.TestFile    ... finished proof: closed. 
165970     INFO  main            d.u.i.k.p.i.AbstractProblemLoader Loading environment from /home/runner/work/key/key/key.core/../key.ui/examples/heap/SmansEtAl/Iterator_list_dep.key.proof 
165970     DEBUG main            d.u.i.k.p.i.AbstractProblemLoader Environment load took 128.5ns 
165971     INFO  main            d.u.i.k.p.i.AbstractProblemLoader Creating init config 
168999     DEBUG main            d.u.i.k.p.i.AbstractProblemLoader Init config took 3.03s 
169043     INFO  main            d.u.i.k.p.i.AbstractProblemLoader Replaying proof Iterator[Iterator::list()].JML accessible clause.0 
169069     DEBUG main            d.u.i.k.p.i.IntermediateProofReplayer Proof replay took 23.45ms 
169070     DEBUG main            d.u.i.k.p.r.p.TestFile    ... success: reloaded. 
169072     INFO  main            d.u.i.k.p.r.p.TestFile    Now processing file /home/runner/work/key/key/key.core/../key.ui/examples/heap/SmansEtAl/Iterator_list.key 
169072     INFO  main            d.u.i.k.p.i.AbstractProblemLoader Loading environment from /home/runner/work/key/key/key.core/../key.ui/examples/heap/SmansEtAl/Iterator_list.key 
169072     DEBUG main            d.u.i.k.p.i.AbstractProblemLoader Environment load took 120.7ns 
169073     INFO  main            d.u.i.k.p.i.AbstractProblemLoader Creating init config 
172329     DEBUG main            d.u.i.k.p.i.AbstractProblemLoader Init config took 3.26s 
172374     INFO  main            d.u.i.k.p.i.AbstractProblemLoader Replaying proof Iterator[Iterator::list()].JML normal_behavior operation contract.0 
172376     DEBUG main            d.u.i.k.p.i.IntermediateProofReplayer Proof replay took 7ns 
172478     INFO  main            d.u.i.k.p.r.p.TestFile    ... finished proof: closed. 
172842     INFO  main            d.u.i.k.p.i.AbstractProblemLoader Loading environment from /home/runner/work/key/key/key.core/../key.ui/examples/heap/SmansEtAl/Iterator_list.key.proof 
172842     DEBUG main            d.u.i.k.p.i.AbstractProblemLoader Environment load took 128ns 
172844     INFO  main            d.u.i.k.p.i.AbstractProblemLoader Creating init config 
175860     DEBUG main            d.u.i.k.p.i.AbstractProblemLoader Init config took 3.02s 
175904     INFO  main            d.u.i.k.p.i.AbstractProblemLoader Replaying proof Iterator[Iterator::list()].JML normal_behavior operation contract.0 
175925     DEBUG main            d.u.i.k.p.i.IntermediateProofReplayer Proof replay took 18.78ms 
175926     DEBUG main            d.u.i.k.p.r.p.TestFile    ... success: reloaded. 
175928     INFO  main            d.u.i.k.p.r.p.TestFile    Now processing file /home/runner/work/key/key/key.core/../key.ui/examples/heap/SmansEtAl/Iterator_next.key 
175928     INFO  main            d.u.i.k.p.i.AbstractProblemLoader Loading environment from /home/runner/work/key/key/key.core/../key.ui/examples/heap/SmansEtAl/Iterator_next.key 
175928     DEBUG main            d.u.i.k.p.i.AbstractProblemLoader Environment load took 169.8ns 
175929     INFO  main            d.u.i.k.p.i.AbstractProblemLoader Creating init config 
179004     DEBUG main            d.u.i.k.p.i.AbstractProblemLoader Init config took 3.08s 
179047     INFO  main            d.u.i.k.p.i.AbstractProblemLoader Replaying proof Iterator[Iterator::next()].JML normal_behavior operation contract.0 
179049     DEBUG main            d.u.i.k.p.i.IntermediateProofReplayer Proof replay took 7ns 
182679     INFO  main            d.u.i.k.p.r.p.TestFile    ... finished proof: closed. 
183062     INFO  main            d.u.i.k.p.i.AbstractProblemLoader Loading environment from /home/runner/work/key/key/key.core/../key.ui/examples/heap/SmansEtAl/Iterator_next.key.proof 
183063     DEBUG main            d.u.i.k.p.i.AbstractProblemLoader Environment load took 489.3ns 
183065     INFO  main            d.u.i.k.p.i.AbstractProblemLoader Creating init config 
186152     DEBUG main            d.u.i.k.p.i.AbstractProblemLoader Init config took 3.09s 
186193     INFO  main            d.u.i.k.p.i.AbstractProblemLoader Replaying proof Iterator[Iterator::next()].JML normal_behavior operation contract.0 
186614     DEBUG main            d.u.i.k.p.i.IntermediateProofReplayer Proof replay took 402.22ms 
186616     DEBUG main            d.u.i.k.p.r.p.TestFile    ... success: reloaded. 
186617     INFO  main            d.u.i.k.p.r.p.TestFile    Now processing file /home/runner/work/key/key/key.core/../key.ui/examples/heap/SmansEtAl/Stack_footprint.key 
186617     INFO  main            d.u.i.k.p.i.AbstractProblemLoader Loading environment from /home/runner/work/key/key/key.core/../key.ui/examples/heap/SmansEtAl/Stack_footprint.key 
186618     DEBUG main            d.u.i.k.p.i.AbstractProblemLoader Environment load took 319.9ns 
186619     INFO  main            d.u.i.k.p.i.AbstractProblemLoader Creating init config 
189872     DEBUG main            d.u.i.k.p.i.AbstractProblemLoader Init config took 3.25s 
189917     INFO  main            d.u.i.k.p.i.AbstractProblemLoader Replaying proof Stack[Stack::$footprint()].JML accessible clause.0 
189919     DEBUG main            d.u.i.k.p.i.IntermediateProofReplayer Proof replay took 7ns 
190222     INFO  main            d.u.i.k.p.r.p.TestFile    ... finished proof: closed. 
190580     INFO  main            d.u.i.k.p.i.AbstractProblemLoader Loading environment from /home/runner/work/key/key/key.core/../key.ui/examples/heap/SmansEtAl/Stack_footprint.key.proof 
190580     DEBUG main            d.u.i.k.p.i.AbstractProblemLoader Environment load took 131.5ns 
190581     INFO  main            d.u.i.k.p.i.AbstractProblemLoader Creating init config 
193765     DEBUG main            d.u.i.k.p.i.AbstractProblemLoader Init config took 3.18s 
193810     INFO  main            d.u.i.k.p.i.AbstractProblemLoader Replaying proof Stack[Stack::$footprint()].JML accessible clause.0 
193852     DEBUG main            d.u.i.k.p.i.IntermediateProofReplayer Proof replay took 36.33ms 
193854     DEBUG main            d.u.i.k.p.r.p.TestFile    ... success: reloaded. 
193855     INFO  main            d.u.i.k.p.r.p.TestFile    Now processing file /home/runner/work/key/key/key.core/../key.ui/examples/heap/SmansEtAl/Stack_inv.key 
193855     INFO  main            d.u.i.k.p.i.AbstractProblemLoader Loading environment from /home/runner/work/key/key/key.core/../key.ui/examples/heap/SmansEtAl/Stack_inv.key 
193856     DEBUG main            d.u.i.k.p.i.AbstractProblemLoader Environment load took 229.1ns 
193858     INFO  main            d.u.i.k.p.i.AbstractProblemLoader Creating init config 
197141     DEBUG main            d.u.i.k.p.i.AbstractProblemLoader Init config took 3.28s 
197182     INFO  main            d.u.i.k.p.i.AbstractProblemLoader Replaying proof Stack[java.lang.Object::<inv>()].JML accessible clause.0 
197184     DEBUG main            d.u.i.k.p.i.IntermediateProofReplayer Proof replay took 6.4ns 
197286     INFO  main            d.u.i.k.p.r.p.TestFile    ... finished proof: closed. 
197657     INFO  main            d.u.i.k.p.i.AbstractProblemLoader Loading environment from /home/runner/work/key/key/key.core/../key.ui/examples/heap/SmansEtAl/Stack_inv.key.proof 
197657     DEBUG main            d.u.i.k.p.i.AbstractProblemLoader Environment load took 144.5ns 
197658     INFO  main            d.u.i.k.p.i.AbstractProblemLoader Creating init config 
200934     DEBUG main            d.u.i.k.p.i.AbstractProblemLoader Init config took 3.28s 
200975     INFO  main            d.u.i.k.p.i.AbstractProblemLoader Replaying proof Stack[java.lang.Object::<inv>()].JML accessible clause.0 
200992     DEBUG main            d.u.i.k.p.i.IntermediateProofReplayer Proof replay took 13.98ms 
200993     DEBUG main            d.u.i.k.p.r.p.TestFile    ... success: reloaded. 
200994     INFO  main            d.u.i.k.p.r.p.TestFile    Now processing file /home/runner/work/key/key/key.core/../key.ui/examples/heap/SmansEtAl/Stack_push.key 
200994     INFO  main            d.u.i.k.p.i.AbstractProblemLoader Loading environment from /home/runner/work/key/key/key.core/../key.ui/examples/heap/SmansEtAl/Stack_push.key 
200994     DEBUG main            d.u.i.k.p.i.AbstractProblemLoader Environment load took 134ns 
200995     INFO  main            d.u.i.k.p.i.AbstractProblemLoader Creating init config 
204383     DEBUG main            d.u.i.k.p.i.AbstractProblemLoader Init config took 3.39s 
204456     INFO  main            d.u.i.k.p.i.AbstractProblemLoader Replaying proof Stack[Stack::push(java.lang.Object)].JML normal_behavior operation contract.0 
204458     DEBUG main            d.u.i.k.p.i.IntermediateProofReplayer Proof replay took 9.3ns 
205364     INFO  main            d.u.i.k.p.r.p.TestFile    ... finished proof: closed. 
205790     INFO  main            d.u.i.k.p.i.AbstractProblemLoader Loading environment from /home/runner/work/key/key/key.core/../key.ui/examples/heap/SmansEtAl/Stack_push.key.proof 
205791     DEBUG main            d.u.i.k.p.i.AbstractProblemLoader Environment load took 703ns 
205793     INFO  main            d.u.i.k.p.i.AbstractProblemLoader Creating init config 
208970     DEBUG main            d.u.i.k.p.i.AbstractProblemLoader Init config took 3.18s 
209015     INFO  main            d.u.i.k.p.i.AbstractProblemLoader Replaying proof Stack[Stack::push(java.lang.Object)].JML normal_behavior operation contract.0 
209170     DEBUG main            d.u.i.k.p.i.IntermediateProofReplayer Proof replay took 149.66ms 
209172     DEBUG main            d.u.i.k.p.r.p.TestFile    ... success: reloaded. 
209173     INFO  main            d.u.i.k.p.r.p.TestFile    Now processing file /home/runner/work/key/key/key.core/../key.ui/examples/heap/SmansEtAl/Stack_size.key 
209173     INFO  main            d.u.i.k.p.i.AbstractProblemLoader Loading environment from /home/runner/work/key/key/key.core/../key.ui/examples/heap/SmansEtAl/Stack_size.key 
209174     DEBUG main            d.u.i.k.p.i.AbstractProblemLoader Environment load took 210.8ns 
209175     INFO  main            d.u.i.k.p.i.AbstractProblemLoader Creating init config 
212344     DEBUG main            d.u.i.k.p.i.AbstractProblemLoader Init config took 3.17s 
212387     INFO  main            d.u.i.k.p.i.AbstractProblemLoader Replaying proof Stack[Stack::size()].JML accessible clause.0 
212389     DEBUG main            d.u.i.k.p.i.IntermediateProofReplayer Proof replay took 7.5ns 
212691     INFO  main            d.u.i.k.p.r.p.TestFile    ... finished proof: closed. 
213075     INFO  main            d.u.i.k.p.i.AbstractProblemLoader Loading environment from /home/runner/work/key/key/key.core/../key.ui/examples/heap/SmansEtAl/Stack_size.key.proof 
213076     DEBUG main            d.u.i.k.p.i.AbstractProblemLoader Environment load took 827.6ns 
213077     INFO  main            d.u.i.k.p.i.AbstractProblemLoader Creating init config 
216172     DEBUG main            d.u.i.k.p.i.AbstractProblemLoader Init config took 3.09s 
216216     INFO  main            d.u.i.k.p.i.AbstractProblemLoader Replaying proof Stack[Stack::size()].JML accessible clause.0 
216277     DEBUG main            d.u.i.k.p.i.IntermediateProofReplayer Proof replay took 57.59ms 
216278     DEBUG main            d.u.i.k.p.r.p.TestFile    ... success: reloaded. 
216279     INFO  main            d.u.i.k.p.r.p.TestFile    Now processing file /home/runner/work/key/key/key.core/../key.ui/examples/heap/SmansEtAl/Stack_Stack.key 
216280     INFO  main            d.u.i.k.p.i.AbstractProblemLoader Loading environment from /home/runner/work/key/key/key.core/../key.ui/examples/heap/SmansEtAl/Stack_Stack.key 
216280     DEBUG main            d.u.i.k.p.i.AbstractProblemLoader Environment load took 156.3ns 
216281     INFO  main            d.u.i.k.p.i.AbstractProblemLoader Creating init config 
219509     DEBUG main            d.u.i.k.p.i.AbstractProblemLoader Init config took 3.23s 
219552     INFO  main            d.u.i.k.p.i.AbstractProblemLoader Replaying proof Stack[Stack::Stack()].JML normal_behavior operation contract.0 
219555     DEBUG main            d.u.i.k.p.i.IntermediateProofReplayer Proof replay took 7.5ns 
220989     INFO  main            d.u.i.k.p.r.p.TestFile    ... finished proof: closed. 
221402     INFO  main            d.u.i.k.p.i.AbstractProblemLoader Loading environment from /home/runner/work/key/key/key.core/../key.ui/examples/heap/SmansEtAl/Stack_Stack.key.proof 
221402     DEBUG main            d.u.i.k.p.i.AbstractProblemLoader Environment load took 242.7ns 
221410     INFO  main            d.u.i.k.p.i.AbstractProblemLoader Creating init config 
224796     DEBUG main            d.u.i.k.p.i.AbstractProblemLoader Init config took 3.39s 
224843     INFO  main            d.u.i.k.p.i.AbstractProblemLoader Replaying proof Stack[Stack::Stack()].JML normal_behavior operation contract.0 
225094     DEBUG main            d.u.i.k.p.i.IntermediateProofReplayer Proof replay took 243.33ms 
225096     DEBUG main            d.u.i.k.p.r.p.TestFile    ... success: reloaded. 
225098     INFO  main            d.u.i.k.p.r.p.TestFile    Now processing file /home/runner/work/key/key/key.core/../key.ui/examples/heap/SmansEtAl/Stack_switchContents.key 
225098     INFO  main            d.u.i.k.p.i.AbstractProblemLoader Loading environment from /home/runner/work/key/key/key.core/../key.ui/examples/heap/SmansEtAl/Stack_switchContents.key 
225099     DEBUG main            d.u.i.k.p.i.AbstractProblemLoader Environment load took 291.4ns 
225100     INFO  main            d.u.i.k.p.i.AbstractProblemLoader Creating init config 
228370     DEBUG main            d.u.i.k.p.i.AbstractProblemLoader Init config took 3.27s 
228415     INFO  main            d.u.i.k.p.i.AbstractProblemLoader Replaying proof Stack[Stack::switchContents(Stack)].JML normal_behavior operation contract.0 
228417     DEBUG main            d.u.i.k.p.i.IntermediateProofReplayer Proof replay took 7.6ns 
234347     INFO  main            d.u.i.k.p.r.p.TestFile    ... finished proof: closed. 
234797     INFO  main            d.u.i.k.p.i.AbstractProblemLoader Loading environment from /home/runner/work/key/key/key.core/../key.ui/examples/heap/SmansEtAl/Stack_switchContents.key.proof 
234798     DEBUG main            d.u.i.k.p.i.AbstractProblemLoader Environment load took 471ns 
234800     INFO  main            d.u.i.k.p.i.AbstractProblemLoader Creating init config 
237991     DEBUG main            d.u.i.k.p.i.AbstractProblemLoader Init config took 3.19s 
238037     INFO  main            d.u.i.k.p.i.AbstractProblemLoader Replaying proof Stack[Stack::switchContents(Stack)].JML normal_behavior operation contract.0 
238653     DEBUG main            d.u.i.k.p.i.IntermediateProofReplayer Proof replay took 599.62ms 
238656     DEBUG main            d.u.i.k.p.r.p.TestFile    ... success: reloaded. 
2696497    INFO  Test worker     d.u.i.k.p.r.RunAllProofsTestUnit Returning from test SmansEtAl 
2696499    INFO  Test worker     d.u.i.k.p.r.RunAllProofsTestUnit Running test VACID0 
425        INFO  Timeout watchdog d.u.i.k.p.r.p.ForkedTestFileRunner Timeout watcher launched (2000 secs.) 
443        WARN  main            d.u.i.k.s.ProofSettings   The settings in /home/runner/.key/proof-settings.props are *not* read. 
505        INFO  main            d.u.i.k.p.r.p.TestFile    Now processing file /home/runner/work/key/key/key.core/../key.ui/examples/heap/vacid0_01_SparseArray/Harness_sparseArrayTestHarness1.key 
670        INFO  main            d.u.i.k.p.i.AbstractProblemLoader Loading environment from /home/runner/work/key/key/key.core/../key.ui/examples/heap/vacid0_01_SparseArray/Harness_sparseArrayTestHarness1.key 
692        DEBUG main            d.u.i.k.p.i.AbstractProblemLoader Environment load took 3.03ms 
982        INFO  main            d.u.i.k.p.i.AbstractProblemLoader Creating init config 
2068       DEBUG main            d.u.i.k.j.TypeConverter   No LDT found for Meta 
2070       DEBUG main            d.u.i.k.j.TypeConverter   No LDT found for Meta 
2074       DEBUG main            d.u.i.k.j.TypeConverter   No LDT found for Meta 
2074       DEBUG main            d.u.i.k.j.TypeConverter   No LDT found for Meta 
4219       DEBUG main            d.u.i.k.j.TypeConverter   No LDT found for JavaBigintExpression 
10935      DEBUG main            d.u.i.k.p.i.AbstractProblemLoader Init config took 9.95s 
11184      INFO  main            d.u.i.k.p.i.AbstractProblemLoader Replaying proof Harness[Harness::sparseArrayTestHarness1()].JML normal_behavior operation contract.0 
11239      DEBUG main            d.u.i.k.p.i.IntermediateProofReplayer Proof replay took 44.3ns 
13391      INFO  main            d.u.i.k.p.r.p.TestFile    ... finished proof: closed. 
13588      INFO  main            d.u.i.k.p.i.AbstractProblemLoader Loading environment from /home/runner/work/key/key/key.core/../key.ui/examples/heap/vacid0_01_SparseArray/Harness_sparseArrayTestHarness1.key.proof 
13588      DEBUG main            d.u.i.k.p.i.AbstractProblemLoader Environment load took 180.4ns 
13594      INFO  main            d.u.i.k.p.i.AbstractProblemLoader Creating init config 
17465      DEBUG main            d.u.i.k.p.i.AbstractProblemLoader Init config took 3.87s 
17565      INFO  main            d.u.i.k.p.i.AbstractProblemLoader Replaying proof Harness[Harness::sparseArrayTestHarness1()].JML normal_behavior operation contract.0 
17965      DEBUG main            d.u.i.k.p.i.IntermediateProofReplayer Proof replay took 385.14ms 
17976      DEBUG main            d.u.i.k.p.r.p.TestFile    ... success: reloaded. 
17979      INFO  main            d.u.i.k.p.r.p.TestFile    Now processing file /home/runner/work/key/key/key.core/../key.ui/examples/heap/vacid0_01_SparseArray/Harness_sparseArrayTestHarness2.key 
17980      INFO  main            d.u.i.k.p.i.AbstractProblemLoader Loading environment from /home/runner/work/key/key/key.core/../key.ui/examples/heap/vacid0_01_SparseArray/Harness_sparseArrayTestHarness2.key 
17980      DEBUG main            d.u.i.k.p.i.AbstractProblemLoader Environment load took 302ns 
17982      INFO  main            d.u.i.k.p.i.AbstractProblemLoader Creating init config 
21765      DEBUG main            d.u.i.k.p.i.AbstractProblemLoader Init config took 3.78s 
21839      INFO  main            d.u.i.k.p.i.AbstractProblemLoader Replaying proof Harness[Harness::sparseArrayTestHarness2()].JML normal_behavior operation contract.0 
21843      DEBUG main            d.u.i.k.p.i.IntermediateProofReplayer Proof replay took 6.7ns 
34457      INFO  main            d.u.i.k.p.r.p.TestFile    ... finished proof: closed. 
34754      INFO  main            d.u.i.k.p.i.AbstractProblemLoader Loading environment from /home/runner/work/key/key/key.core/../key.ui/examples/heap/vacid0_01_SparseArray/Harness_sparseArrayTestHarness2.key.proof 
34754      DEBUG main            d.u.i.k.p.i.AbstractProblemLoader Environment load took 271.7ns 
34762      INFO  main            d.u.i.k.p.i.AbstractProblemLoader Creating init config 
38369      DEBUG main            d.u.i.k.p.i.AbstractProblemLoader Init config took 3.61s 
38432      INFO  main            d.u.i.k.p.i.AbstractProblemLoader Replaying proof Harness[Harness::sparseArrayTestHarness2()].JML normal_behavior operation contract.0 
39902      DEBUG main            d.u.i.k.p.i.IntermediateProofReplayer Proof replay took 1.42s 
39905      DEBUG main            d.u.i.k.p.r.p.TestFile    ... success: reloaded. 
39907      INFO  main            d.u.i.k.p.r.p.TestFile    Now processing file /home/runner/work/key/key/key.core/../key.ui/examples/heap/vacid0_01_SparseArray/MemoryAllocator_alloc_unsigned.key 
39908      INFO  main            d.u.i.k.p.i.AbstractProblemLoader Loading environment from /home/runner/work/key/key/key.core/../key.ui/examples/heap/vacid0_01_SparseArray/MemoryAllocator_alloc_unsigned.key 
39908      DEBUG main            d.u.i.k.p.i.AbstractProblemLoader Environment load took 279.2ns 
39910      INFO  main            d.u.i.k.p.i.AbstractProblemLoader Creating init config 
43384      DEBUG main            d.u.i.k.p.i.AbstractProblemLoader Init config took 3.47s 
43447      INFO  main            d.u.i.k.p.i.AbstractProblemLoader Replaying proof MemoryAllocator[MemoryAllocator::alloc_unsigned(int)].JML normal_behavior operation contract.0 
43451      DEBUG main            d.u.i.k.p.i.IntermediateProofReplayer Proof replay took 6.9ns 
44773      INFO  main            d.u.i.k.p.r.p.TestFile    ... finished proof: closed. 
45021      INFO  main            d.u.i.k.p.i.AbstractProblemLoader Loading environment from /home/runner/work/key/key/key.core/../key.ui/examples/heap/vacid0_01_SparseArray/MemoryAllocator_alloc_unsigned.key.proof 
45022      DEBUG main            d.u.i.k.p.i.AbstractProblemLoader Environment load took 571.7ns 
45028      INFO  main            d.u.i.k.p.i.AbstractProblemLoader Creating init config 
48598      DEBUG main            d.u.i.k.p.i.AbstractProblemLoader Init config took 3.57s 
48652      INFO  main            d.u.i.k.p.i.AbstractProblemLoader Replaying proof MemoryAllocator[MemoryAllocator::alloc_unsigned(int)].JML normal_behavior operation contract.0 
48959      DEBUG main            d.u.i.k.p.i.IntermediateProofReplayer Proof replay took 299.59ms 
48961      DEBUG main            d.u.i.k.p.r.p.TestFile    ... success: reloaded. 
48963      INFO  main            d.u.i.k.p.r.p.TestFile    Now processing file /home/runner/work/key/key/key.core/../key.ui/examples/heap/vacid0_01_SparseArray/MemoryAllocator_alloc.key 
48963      INFO  main            d.u.i.k.p.i.AbstractProblemLoader Loading environment from /home/runner/work/key/key/key.core/../key.ui/examples/heap/vacid0_01_SparseArray/MemoryAllocator_alloc.key 
48963      DEBUG main            d.u.i.k.p.i.AbstractProblemLoader Environment load took 254.5ns 
48965      INFO  main            d.u.i.k.p.i.AbstractProblemLoader Creating init config 
52426      DEBUG main            d.u.i.k.p.i.AbstractProblemLoader Init config took 3.46s 
52481      INFO  main            d.u.i.k.p.i.AbstractProblemLoader Replaying proof MemoryAllocator[MemoryAllocator::alloc(int)].JML normal_behavior operation contract.0 
52484      DEBUG main            d.u.i.k.p.i.IntermediateProofReplayer Proof replay took 6.8ns 
53205      INFO  main            d.u.i.k.p.r.p.TestFile    ... finished proof: closed. 
53440      INFO  main            d.u.i.k.p.i.AbstractProblemLoader Loading environment from /home/runner/work/key/key/key.core/../key.ui/examples/heap/vacid0_01_SparseArray/MemoryAllocator_alloc.key.proof 
53441      DEBUG main            d.u.i.k.p.i.AbstractProblemLoader Environment load took 786.4ns 
53442      INFO  main            d.u.i.k.p.i.AbstractProblemLoader Creating init config 
56735      DEBUG main            d.u.i.k.p.i.AbstractProblemLoader Init config took 3.29s 
56806      INFO  main            d.u.i.k.p.i.AbstractProblemLoader Replaying proof MemoryAllocator[MemoryAllocator::alloc(int)].JML normal_behavior operation contract.0 
57017      DEBUG main            d.u.i.k.p.i.IntermediateProofReplayer Proof replay took 201.43ms 
57019      DEBUG main            d.u.i.k.p.r.p.TestFile    ... success: reloaded. 
57021      INFO  main            d.u.i.k.p.r.p.TestFile    Now processing file /home/runner/work/key/key/key.core/../key.ui/examples/heap/vacid0_01_SparseArray/SparseArray_get_dep.key 
57021      INFO  main            d.u.i.k.p.i.AbstractProblemLoader Loading environment from /home/runner/work/key/key/key.core/../key.ui/examples/heap/vacid0_01_SparseArray/SparseArray_get_dep.key 
57022      DEBUG main            d.u.i.k.p.i.AbstractProblemLoader Environment load took 261ns 
57023      INFO  main            d.u.i.k.p.i.AbstractProblemLoader Creating init config 
60145      DEBUG main            d.u.i.k.p.i.AbstractProblemLoader Init config took 3.12s 
60246      INFO  main            d.u.i.k.p.i.AbstractProblemLoader Replaying proof SparseArray[SparseArray::get(int)].JML accessible clause.0 
60249      DEBUG main            d.u.i.k.p.i.IntermediateProofReplayer Proof replay took 21.1ns 
64190      INFO  main            d.u.i.k.p.r.p.TestFile    ... finished proof: closed. 
64423      INFO  main            d.u.i.k.p.i.AbstractProblemLoader Loading environment from /home/runner/work/key/key/key.core/../key.ui/examples/heap/vacid0_01_SparseArray/SparseArray_get_dep.key.proof 
64423      DEBUG main            d.u.i.k.p.i.AbstractProblemLoader Environment load took 134.8ns 
64425      INFO  main            d.u.i.k.p.i.AbstractProblemLoader Creating init config 
67607      DEBUG main            d.u.i.k.p.i.AbstractProblemLoader Init config took 3.18s 
67673      INFO  main            d.u.i.k.p.i.AbstractProblemLoader Replaying proof SparseArray[SparseArray::get(int)].JML accessible clause.0 
68122      DEBUG main            d.u.i.k.p.i.IntermediateProofReplayer Proof replay took 433.7ms 
68123      DEBUG main            d.u.i.k.p.r.p.TestFile    ... success: reloaded. 
68125      INFO  main            d.u.i.k.p.r.p.TestFile    Now processing file /home/runner/work/key/key/key.core/../key.ui/examples/heap/vacid0_01_SparseArray/SparseArray_get.key 
68133      INFO  main            d.u.i.k.p.i.AbstractProblemLoader Loading environment from /home/runner/work/key/key/key.core/../key.ui/examples/heap/vacid0_01_SparseArray/SparseArray_get.key 
68133      DEBUG main            d.u.i.k.p.i.AbstractProblemLoader Environment load took 188.4ns 
68134      INFO  main            d.u.i.k.p.i.AbstractProblemLoader Creating init config 
71407      DEBUG main            d.u.i.k.p.i.AbstractProblemLoader Init config took 3.27s 
71473      INFO  main            d.u.i.k.p.i.AbstractProblemLoader Replaying proof SparseArray[SparseArray::get(int)].JML normal_behavior operation contract.0 
71475      DEBUG main            d.u.i.k.p.i.IntermediateProofReplayer Proof replay took 6.2ns 
74298      INFO  main            d.u.i.k.p.r.p.TestFile    ... finished proof: closed. 
74559      INFO  main            d.u.i.k.p.i.AbstractProblemLoader Loading environment from /home/runner/work/key/key/key.core/../key.ui/examples/heap/vacid0_01_SparseArray/SparseArray_get.key.proof 
74559      DEBUG main            d.u.i.k.p.i.AbstractProblemLoader Environment load took 244.9ns 
74561      INFO  main            d.u.i.k.p.i.AbstractProblemLoader Creating init config 
77707      DEBUG main            d.u.i.k.p.i.AbstractProblemLoader Init config took 3.15s 
77778      INFO  main            d.u.i.k.p.i.AbstractProblemLoader Replaying proof SparseArray[SparseArray::get(int)].JML normal_behavior operation contract.0 
78205      DEBUG main            d.u.i.k.p.i.IntermediateProofReplayer Proof replay took 413.33ms 
78207      DEBUG main            d.u.i.k.p.r.p.TestFile    ... success: reloaded. 
78208      INFO  main            d.u.i.k.p.r.p.TestFile    Now processing file /home/runner/work/key/key/key.core/../key.ui/examples/heap/vacid0_01_SparseArray/SparseArray_inv.key 
78209      INFO  main            d.u.i.k.p.i.AbstractProblemLoader Loading environment from /home/runner/work/key/key/key.core/../key.ui/examples/heap/vacid0_01_SparseArray/SparseArray_inv.key 
78209      DEBUG main            d.u.i.k.p.i.AbstractProblemLoader Environment load took 143.2ns 
78210      INFO  main            d.u.i.k.p.i.AbstractProblemLoader Creating init config 
81386      DEBUG main            d.u.i.k.p.i.AbstractProblemLoader Init config took 3.18s 
81472      INFO  main            d.u.i.k.p.i.AbstractProblemLoader Replaying proof SparseArray[java.lang.Object::<inv>()].JML accessible clause.0 
81474      DEBUG main            d.u.i.k.p.i.IntermediateProofReplayer Proof replay took 5.7ns 
83782      INFO  main            d.u.i.k.p.r.p.TestFile    ... finished proof: closed. 
84026      INFO  main            d.u.i.k.p.i.AbstractProblemLoader Loading environment from /home/runner/work/key/key/key.core/../key.ui/examples/heap/vacid0_01_SparseArray/SparseArray_inv.key.proof 
84027      DEBUG main            d.u.i.k.p.i.AbstractProblemLoader Environment load took 1.09ms 
84029      INFO  main            d.u.i.k.p.i.AbstractProblemLoader Creating init config 
87272      DEBUG main            d.u.i.k.p.i.AbstractProblemLoader Init config took 3.24s 
87347      INFO  main            d.u.i.k.p.i.AbstractProblemLoader Replaying proof SparseArray[java.lang.Object::<inv>()].JML accessible clause.0 
87519      DEBUG main            d.u.i.k.p.i.IntermediateProofReplayer Proof replay took 165.75ms 
87521      DEBUG main            d.u.i.k.p.r.p.TestFile    ... success: reloaded. 
87523      INFO  main            d.u.i.k.p.r.p.TestFile    Now processing file /home/runner/work/key/key/key.core/../key.ui/examples/heap/vacid0_01_SparseArray/SparseArray_SparseArray.key 
87523      INFO  main            d.u.i.k.p.i.AbstractProblemLoader Loading environment from /home/runner/work/key/key/key.core/../key.ui/examples/heap/vacid0_01_SparseArray/SparseArray_SparseArray.key 
87524      DEBUG main            d.u.i.k.p.i.AbstractProblemLoader Environment load took 232.9ns 
87525      INFO  main            d.u.i.k.p.i.AbstractProblemLoader Creating init config 
90718      DEBUG main            d.u.i.k.p.i.AbstractProblemLoader Init config took 3.19s 
90823      INFO  main            d.u.i.k.p.i.AbstractProblemLoader Replaying proof SparseArray[SparseArray::SparseArray(int)].JML normal_behavior operation contract.0 
90825      DEBUG main            d.u.i.k.p.i.IntermediateProofReplayer Proof replay took 6.8ns 
95073      INFO  main            d.u.i.k.p.r.p.TestFile    ... finished proof: closed. 
95347      INFO  main            d.u.i.k.p.i.AbstractProblemLoader Loading environment from /home/runner/work/key/key/key.core/../key.ui/examples/heap/vacid0_01_SparseArray/SparseArray_SparseArray.key.proof 
95348      DEBUG main            d.u.i.k.p.i.AbstractProblemLoader Environment load took 540.1ns 
95350      INFO  main            d.u.i.k.p.i.AbstractProblemLoader Creating init config 
98560      DEBUG main            d.u.i.k.p.i.AbstractProblemLoader Init config took 3.21s 
98625      INFO  main            d.u.i.k.p.i.AbstractProblemLoader Replaying proof SparseArray[SparseArray::SparseArray(int)].JML normal_behavior operation contract.0 
99249      DEBUG main            d.u.i.k.p.i.IntermediateProofReplayer Proof replay took 612.2ms 
99250      DEBUG main            d.u.i.k.p.r.p.TestFile    ... success: reloaded. 
2795958    INFO  Test worker     d.u.i.k.p.r.RunAllProofsTestUnit Returning from test VACID0 
2795960    INFO  Test worker     d.u.i.k.p.r.RunAllProofsTestUnit Running test VSTTE10 
459        INFO  Timeout watchdog d.u.i.k.p.r.p.ForkedTestFileRunner Timeout watcher launched (2000 secs.) 
487        WARN  main            d.u.i.k.s.ProofSettings   The settings in /home/runner/.key/proof-settings.props are *not* read. 
563        INFO  main            d.u.i.k.p.r.p.TestFile    Now processing file /home/runner/work/key/key/key.core/../key.ui/examples/heap/vstte10_01_SumAndMax/SumAndMax_sumAndMax.key 
726        INFO  main            d.u.i.k.p.i.AbstractProblemLoader Loading environment from /home/runner/work/key/key/key.core/../key.ui/examples/heap/vstte10_01_SumAndMax/SumAndMax_sumAndMax.key 
749        DEBUG main            d.u.i.k.p.i.AbstractProblemLoader Environment load took 2.68ms 
1052       INFO  main            d.u.i.k.p.i.AbstractProblemLoader Creating init config 
2137       DEBUG main            d.u.i.k.j.TypeConverter   No LDT found for Meta 
2138       DEBUG main            d.u.i.k.j.TypeConverter   No LDT found for Meta 
2140       DEBUG main            d.u.i.k.j.TypeConverter   No LDT found for Meta 
2140       DEBUG main            d.u.i.k.j.TypeConverter   No LDT found for Meta 
3810       DEBUG main            d.u.i.k.j.TypeConverter   No LDT found for JavaBigintExpression 
10271      DEBUG main            d.u.i.k.p.i.AbstractProblemLoader Init config took 9.22s 
10465      INFO  main            d.u.i.k.p.i.AbstractProblemLoader Replaying proof SumAndMax[SumAndMax::sumAndMax([I)].JML normal_behavior operation contract.0 
10518      DEBUG main            d.u.i.k.p.i.IntermediateProofReplayer Proof replay took 58.6ns 
17162      INFO  main            d.u.i.k.p.r.p.TestFile    ... finished proof: closed. 
17384      INFO  main            d.u.i.k.p.i.AbstractProblemLoader Loading environment from /home/runner/work/key/key/key.core/../key.ui/examples/heap/vstte10_01_SumAndMax/SumAndMax_sumAndMax.key.proof 
17384      DEBUG main            d.u.i.k.p.i.AbstractProblemLoader Environment load took 179.1ns 
17391      INFO  main            d.u.i.k.p.i.AbstractProblemLoader Creating init config 
20977      DEBUG main            d.u.i.k.p.i.AbstractProblemLoader Init config took 3.59s 
21065      INFO  main            d.u.i.k.p.i.AbstractProblemLoader Replaying proof SumAndMax[SumAndMax::sumAndMax([I)].JML normal_behavior operation contract.0 
21954      DEBUG main            d.u.i.k.p.i.IntermediateProofReplayer Proof replay took 862.2ms 
21963      DEBUG main            d.u.i.k.p.r.p.TestFile    ... success: reloaded. 
21965      INFO  main            d.u.i.k.p.r.p.TestFile    Now processing file /home/runner/work/key/key/key.core/../key.ui/examples/heap/vstte10_03_LinkedList/Node_cons.key 
21966      INFO  main            d.u.i.k.p.i.AbstractProblemLoader Loading environment from /home/runner/work/key/key/key.core/../key.ui/examples/heap/vstte10_03_LinkedList/Node_cons.key 
21966      DEBUG main            d.u.i.k.p.i.AbstractProblemLoader Environment load took 276.3ns 
21968      INFO  main            d.u.i.k.p.i.AbstractProblemLoader Creating init config 
25663      DEBUG main            d.u.i.k.p.i.AbstractProblemLoader Init config took 3.69s 
25741      INFO  main            d.u.i.k.p.i.AbstractProblemLoader Replaying proof Node[Node::cons(int,Node)].JML normal_behavior operation contract.0 
25747      DEBUG main            d.u.i.k.p.i.IntermediateProofReplayer Proof replay took 7.7ns 
27962      INFO  main            d.u.i.k.p.r.p.TestFile    ... finished proof: closed. 
28183      INFO  main            d.u.i.k.p.i.AbstractProblemLoader Loading environment from /home/runner/work/key/key/key.core/../key.ui/examples/heap/vstte10_03_LinkedList/Node_cons.key.proof 
28186      DEBUG main            d.u.i.k.p.i.AbstractProblemLoader Environment load took 2.97ms 
28190      INFO  main            d.u.i.k.p.i.AbstractProblemLoader Creating init config 
31671      DEBUG main            d.u.i.k.p.i.AbstractProblemLoader Init config took 3.48s 
31739      INFO  main            d.u.i.k.p.i.AbstractProblemLoader Replaying proof Node[Node::cons(int,Node)].JML normal_behavior operation contract.0 
32181      DEBUG main            d.u.i.k.p.i.IntermediateProofReplayer Proof replay took 426.48ms 
32183      DEBUG main            d.u.i.k.p.r.p.TestFile    ... success: reloaded. 
32185      INFO  main            d.u.i.k.p.r.p.TestFile    Now processing file /home/runner/work/key/key/key.core/../key.ui/examples/heap/vstte10_03_LinkedList/Node_inv.key 
32185      INFO  main            d.u.i.k.p.i.AbstractProblemLoader Loading environment from /home/runner/work/key/key/key.core/../key.ui/examples/heap/vstte10_03_LinkedList/Node_inv.key 
32185      DEBUG main            d.u.i.k.p.i.AbstractProblemLoader Environment load took 265.7ns 
32187      INFO  main            d.u.i.k.p.i.AbstractProblemLoader Creating init config 
35665      DEBUG main            d.u.i.k.p.i.AbstractProblemLoader Init config took 3.48s 
35742      INFO  main            d.u.i.k.p.i.AbstractProblemLoader Replaying proof Node[java.lang.Object::<inv>()].JML accessible clause.0 
35745      DEBUG main            d.u.i.k.p.i.IntermediateProofReplayer Proof replay took 7.5ns 
36250      INFO  main            d.u.i.k.p.r.p.TestFile    ... finished proof: closed. 
36442      INFO  main            d.u.i.k.p.i.AbstractProblemLoader Loading environment from /home/runner/work/key/key/key.core/../key.ui/examples/heap/vstte10_03_LinkedList/Node_inv.key.proof 
36442      DEBUG main            d.u.i.k.p.i.AbstractProblemLoader Environment load took 533.5ns 
36444      INFO  main            d.u.i.k.p.i.AbstractProblemLoader Creating init config 
39990      DEBUG main            d.u.i.k.p.i.AbstractProblemLoader Init config took 3.55s 
40072      INFO  main            d.u.i.k.p.i.AbstractProblemLoader Replaying proof Node[java.lang.Object::<inv>()].JML accessible clause.0 
40129      DEBUG main            d.u.i.k.p.i.IntermediateProofReplayer Proof replay took 52.15ms 
40131      DEBUG main            d.u.i.k.p.r.p.TestFile    ... success: reloaded. 
40133      INFO  main            d.u.i.k.p.r.p.TestFile    Now processing file /home/runner/work/key/key/key.core/../key.ui/examples/heap/vstte10_03_LinkedList/Node_search.key 
40133      INFO  main            d.u.i.k.p.i.AbstractProblemLoader Loading environment from /home/runner/work/key/key/key.core/../key.ui/examples/heap/vstte10_03_LinkedList/Node_search.key 
40133      DEBUG main            d.u.i.k.p.i.AbstractProblemLoader Environment load took 271.2ns 
40135      INFO  main            d.u.i.k.p.i.AbstractProblemLoader Creating init config 
43682      DEBUG main            d.u.i.k.p.i.AbstractProblemLoader Init config took 3.55s 
43817      INFO  main            d.u.i.k.p.i.AbstractProblemLoader Replaying proof Node[Node::search()].JML normal_behavior operation contract.0 
43820      DEBUG main            d.u.i.k.p.i.IntermediateProofReplayer Proof replay took 8.3ns 
52488      INFO  main            d.u.i.k.p.r.p.TestFile    ... finished proof: closed. 
52852      INFO  main            d.u.i.k.p.i.AbstractProblemLoader Loading environment from /home/runner/work/key/key/key.core/../key.ui/examples/heap/vstte10_03_LinkedList/Node_search.key.proof 
52853      DEBUG main            d.u.i.k.p.i.AbstractProblemLoader Environment load took 554.2ns 
52856      INFO  main            d.u.i.k.p.i.AbstractProblemLoader Creating init config 
56256      DEBUG main            d.u.i.k.p.i.AbstractProblemLoader Init config took 3.4s 
56318      INFO  main            d.u.i.k.p.i.AbstractProblemLoader Replaying proof Node[Node::search()].JML normal_behavior operation contract.0 
57397      DEBUG main            d.u.i.k.p.i.IntermediateProofReplayer Proof replay took 1.02s 
57400      DEBUG main            d.u.i.k.p.r.p.TestFile    ... success: reloaded. 
57402      INFO  main            d.u.i.k.p.r.p.TestFile    Now processing file /home/runner/work/key/key/key.core/../key.ui/examples/heap/vstte10_04_Queens/Queens_isConsistent.key 
57402      INFO  main            d.u.i.k.p.i.AbstractProblemLoader Loading environment from /home/runner/work/key/key/key.core/../key.ui/examples/heap/vstte10_04_Queens/Queens_isConsistent.key 
57403      DEBUG main            d.u.i.k.p.i.AbstractProblemLoader Environment load took 268.1ns 
57404      INFO  main            d.u.i.k.p.i.AbstractProblemLoader Creating init config 
61348      DEBUG main            d.u.i.k.p.i.AbstractProblemLoader Init config took 3.94s 
61402      INFO  main            d.u.i.k.p.i.AbstractProblemLoader Replaying proof Queens[Queens::isConsistent([I,int)].JML normal_behavior operation contract.0 
61404      DEBUG main            d.u.i.k.p.i.IntermediateProofReplayer Proof replay took 6.8ns 
63915      INFO  main            d.u.i.k.p.r.p.TestFile    ... finished proof: closed. 
64236      INFO  main            d.u.i.k.p.i.AbstractProblemLoader Loading environment from /home/runner/work/key/key/key.core/../key.ui/examples/heap/vstte10_04_Queens/Queens_isConsistent.key.proof 
64236      DEBUG main            d.u.i.k.p.i.AbstractProblemLoader Environment load took 262.5ns 
64238      INFO  main            d.u.i.k.p.i.AbstractProblemLoader Creating init config 
67788      DEBUG main            d.u.i.k.p.i.AbstractProblemLoader Init config took 3.55s 
67841      INFO  main            d.u.i.k.p.i.AbstractProblemLoader Replaying proof Queens[Queens::isConsistent([I,int)].JML normal_behavior operation contract.0 
68372      DEBUG main            d.u.i.k.p.i.IntermediateProofReplayer Proof replay took 518.47ms 
68374      DEBUG main            d.u.i.k.p.r.p.TestFile    ... success: reloaded. 
68375      INFO  main            d.u.i.k.p.r.p.TestFile    Now processing file /home/runner/work/key/key/key.core/../key.ui/examples/heap/vstte10_04_Queens/Queens_nQueens.key 
68376      INFO  main            d.u.i.k.p.i.AbstractProblemLoader Loading environment from /home/runner/work/key/key/key.core/../key.ui/examples/heap/vstte10_04_Queens/Queens_nQueens.key 
68376      DEBUG main            d.u.i.k.p.i.AbstractProblemLoader Environment load took 285.9ns 
68377      INFO  main            d.u.i.k.p.i.AbstractProblemLoader Creating init config 
71885      DEBUG main            d.u.i.k.p.i.AbstractProblemLoader Init config took 3.51s 
71938      INFO  main            d.u.i.k.p.i.AbstractProblemLoader Replaying proof Queens[Queens::nQueens(int)].JML normal_behavior operation contract.0 
71940      DEBUG main            d.u.i.k.p.i.IntermediateProofReplayer Proof replay took 6.9ns 
88870      INFO  main            d.u.i.k.p.r.p.TestFile    ... finished proof: closed. 
89156      INFO  main            d.u.i.k.p.i.AbstractProblemLoader Loading environment from /home/runner/work/key/key/key.core/../key.ui/examples/heap/vstte10_04_Queens/Queens_nQueens.key.proof 
89157      DEBUG main            d.u.i.k.p.i.AbstractProblemLoader Environment load took 560.7ns 
89160      INFO  main            d.u.i.k.p.i.AbstractProblemLoader Creating init config 
92656      DEBUG main            d.u.i.k.p.i.AbstractProblemLoader Init config took 3.5s 
92724      INFO  main            d.u.i.k.p.i.AbstractProblemLoader Replaying proof Queens[Queens::nQueens(int)].JML normal_behavior operation contract.0 
94054      DEBUG main            d.u.i.k.p.i.IntermediateProofReplayer Proof replay took 1.31s 
94056      DEBUG main            d.u.i.k.p.r.p.TestFile    ... success: reloaded. 
94058      INFO  main            d.u.i.k.p.r.p.TestFile    Now processing file /home/runner/work/key/key/key.core/../key.ui/examples/heap/vstte10_05_Queue/AmortizedQueue_AmortizedQueue.key 
94058      INFO  main            d.u.i.k.p.i.AbstractProblemLoader Loading environment from /home/runner/work/key/key/key.core/../key.ui/examples/heap/vstte10_05_Queue/AmortizedQueue_AmortizedQueue.key 
94058      DEBUG main            d.u.i.k.p.i.AbstractProblemLoader Environment load took 139ns 
94059      INFO  main            d.u.i.k.p.i.AbstractProblemLoader Creating init config 
97707      DEBUG main            d.u.i.k.p.i.AbstractProblemLoader Init config took 3.65s 
97763      INFO  main            d.u.i.k.p.i.AbstractProblemLoader Replaying proof AmortizedQueue[AmortizedQueue::AmortizedQueue()].JML normal_behavior operation contract.0 
97765      DEBUG main            d.u.i.k.p.i.IntermediateProofReplayer Proof replay took 7.7ns 
99703      INFO  main            d.u.i.k.p.r.p.TestFile    ... finished proof: closed. 
100059     INFO  main            d.u.i.k.p.i.AbstractProblemLoader Loading environment from /home/runner/work/key/key/key.core/../key.ui/examples/heap/vstte10_05_Queue/AmortizedQueue_AmortizedQueue.key.proof 
100060     DEBUG main            d.u.i.k.p.i.AbstractProblemLoader Environment load took 534.5ns 
100062     INFO  main            d.u.i.k.p.i.AbstractProblemLoader Creating init config 
103603     DEBUG main            d.u.i.k.p.i.AbstractProblemLoader Init config took 3.54s 
103653     INFO  main            d.u.i.k.p.i.AbstractProblemLoader Replaying proof AmortizedQueue[AmortizedQueue::AmortizedQueue()].JML normal_behavior operation contract.0 
103968     DEBUG main            d.u.i.k.p.i.IntermediateProofReplayer Proof replay took 305.76ms 
103969     DEBUG main            d.u.i.k.p.r.p.TestFile    ... success: reloaded. 
103971     INFO  main            d.u.i.k.p.r.p.TestFile    Now processing file /home/runner/work/key/key/key.core/../key.ui/examples/heap/vstte10_05_Queue/AmortizedQueue_front.key 
103971     INFO  main            d.u.i.k.p.i.AbstractProblemLoader Loading environment from /home/runner/work/key/key/key.core/../key.ui/examples/heap/vstte10_05_Queue/AmortizedQueue_front.key 
103971     DEBUG main            d.u.i.k.p.i.AbstractProblemLoader Environment load took 128.3ns 
103972     INFO  main            d.u.i.k.p.i.AbstractProblemLoader Creating init config 
107443     DEBUG main            d.u.i.k.p.i.AbstractProblemLoader Init config took 3.47s 
107498     INFO  main            d.u.i.k.p.i.AbstractProblemLoader Replaying proof AmortizedQueue[AmortizedQueue::front()].JML normal_behavior operation contract.0 
107501     DEBUG main            d.u.i.k.p.i.IntermediateProofReplayer Proof replay took 47.1ns 
108109     INFO  main            d.u.i.k.p.r.p.TestFile    ... finished proof: closed. 
108411     INFO  main            d.u.i.k.p.i.AbstractProblemLoader Loading environment from /home/runner/work/key/key/key.core/../key.ui/examples/heap/vstte10_05_Queue/AmortizedQueue_front.key.proof 
108411     DEBUG main            d.u.i.k.p.i.AbstractProblemLoader Environment load took 151.7ns 
108412     INFO  main            d.u.i.k.p.i.AbstractProblemLoader Creating init config 
111915     DEBUG main            d.u.i.k.p.i.AbstractProblemLoader Init config took 3.5s 
111994     INFO  main            d.u.i.k.p.i.AbstractProblemLoader Replaying proof AmortizedQueue[AmortizedQueue::front()].JML normal_behavior operation contract.0 
112069     DEBUG main            d.u.i.k.p.i.IntermediateProofReplayer Proof replay took 71ms 
112071     DEBUG main            d.u.i.k.p.r.p.TestFile    ... success: reloaded. 
112072     INFO  main            d.u.i.k.p.r.p.TestFile    Now processing file /home/runner/work/key/key/key.core/../key.ui/examples/heap/vstte10_05_Queue/LinkedList_concat.key 
112073     INFO  main            d.u.i.k.p.i.AbstractProblemLoader Loading environment from /home/runner/work/key/key/key.core/../key.ui/examples/heap/vstte10_05_Queue/LinkedList_concat.key 
112073     DEBUG main            d.u.i.k.p.i.AbstractProblemLoader Environment load took 267.9ns 
112074     INFO  main            d.u.i.k.p.i.AbstractProblemLoader Creating init config 
115567     DEBUG main            d.u.i.k.p.i.AbstractProblemLoader Init config took 3.49s 
115624     INFO  main            d.u.i.k.p.i.AbstractProblemLoader Replaying proof LinkedList[LinkedList::concat(LinkedList)].JML normal_behavior operation contract.0 
115626     DEBUG main            d.u.i.k.p.i.IntermediateProofReplayer Proof replay took 6.7ns 
127321     INFO  main            d.u.i.k.p.r.p.TestFile    ... finished proof: closed. 
127681     INFO  main            d.u.i.k.p.i.AbstractProblemLoader Loading environment from /home/runner/work/key/key/key.core/../key.ui/examples/heap/vstte10_05_Queue/LinkedList_concat.key.proof 
127681     DEBUG main            d.u.i.k.p.i.AbstractProblemLoader Environment load took 552.3ns 
127684     INFO  main            d.u.i.k.p.i.AbstractProblemLoader Creating init config 
131156     DEBUG main            d.u.i.k.p.i.AbstractProblemLoader Init config took 3.47s 
131209     INFO  main            d.u.i.k.p.i.AbstractProblemLoader Replaying proof LinkedList[LinkedList::concat(LinkedList)].JML normal_behavior operation contract.0 
132355     DEBUG main            d.u.i.k.p.i.IntermediateProofReplayer Proof replay took 1.09s 
132362     DEBUG main            d.u.i.k.p.r.p.TestFile    ... success: reloaded. 
132364     INFO  main            d.u.i.k.p.r.p.TestFile    Now processing file /home/runner/work/key/key/key.core/../key.ui/examples/heap/vstte10_05_Queue/LinkedList_cons.key 
132364     INFO  main            d.u.i.k.p.i.AbstractProblemLoader Loading environment from /home/runner/work/key/key/key.core/../key.ui/examples/heap/vstte10_05_Queue/LinkedList_cons.key 
132365     DEBUG main            d.u.i.k.p.i.AbstractProblemLoader Environment load took 290.6ns 
132366     INFO  main            d.u.i.k.p.i.AbstractProblemLoader Creating init config 
135884     DEBUG main            d.u.i.k.p.i.AbstractProblemLoader Init config took 3.52s 
135938     INFO  main            d.u.i.k.p.i.AbstractProblemLoader Replaying proof LinkedList[LinkedList::cons(int)].JML normal_behavior operation contract.0 
135940     DEBUG main            d.u.i.k.p.i.IntermediateProofReplayer Proof replay took 7.8ns 
139109     INFO  main            d.u.i.k.p.r.p.TestFile    ... finished proof: closed. 
139417     INFO  main            d.u.i.k.p.i.AbstractProblemLoader Loading environment from /home/runner/work/key/key/key.core/../key.ui/examples/heap/vstte10_05_Queue/LinkedList_cons.key.proof 
139418     DEBUG main            d.u.i.k.p.i.AbstractProblemLoader Environment load took 518ns 
139420     INFO  main            d.u.i.k.p.i.AbstractProblemLoader Creating init config 
142893     DEBUG main            d.u.i.k.p.i.AbstractProblemLoader Init config took 3.47s 
142946     INFO  main            d.u.i.k.p.i.AbstractProblemLoader Replaying proof LinkedList[LinkedList::cons(int)].JML normal_behavior operation contract.0 
143349     DEBUG main            d.u.i.k.p.i.IntermediateProofReplayer Proof replay took 389.02ms 
143351     DEBUG main            d.u.i.k.p.r.p.TestFile    ... success: reloaded. 
143352     INFO  main            d.u.i.k.p.r.p.TestFile    Now processing file /home/runner/work/key/key/key.core/../key.ui/examples/heap/vstte10_05_Queue/LinkedList_head.key 
143352     INFO  main            d.u.i.k.p.i.AbstractProblemLoader Loading environment from /home/runner/work/key/key/key.core/../key.ui/examples/heap/vstte10_05_Queue/LinkedList_head.key 
143352     DEBUG main            d.u.i.k.p.i.AbstractProblemLoader Environment load took 135.4ns 
143354     INFO  main            d.u.i.k.p.i.AbstractProblemLoader Creating init config 
146934     DEBUG main            d.u.i.k.p.i.AbstractProblemLoader Init config took 3.58s 
146985     INFO  main            d.u.i.k.p.i.AbstractProblemLoader Replaying proof LinkedList[LinkedList::head()].JML normal_behavior operation contract.0 
146987     DEBUG main            d.u.i.k.p.i.IntermediateProofReplayer Proof replay took 7.8ns 
147191     INFO  main            d.u.i.k.p.r.p.TestFile    ... finished proof: closed. 
147446     INFO  main            d.u.i.k.p.i.AbstractProblemLoader Loading environment from /home/runner/work/key/key/key.core/../key.ui/examples/heap/vstte10_05_Queue/LinkedList_head.key.proof 
147447     DEBUG main            d.u.i.k.p.i.AbstractProblemLoader Environment load took 159.2ns 
147448     INFO  main            d.u.i.k.p.i.AbstractProblemLoader Creating init config 
150893     DEBUG main            d.u.i.k.p.i.AbstractProblemLoader Init config took 3.44s 
150945     INFO  main            d.u.i.k.p.i.AbstractProblemLoader Replaying proof LinkedList[LinkedList::head()].JML normal_behavior operation contract.0 
150966     DEBUG main            d.u.i.k.p.i.IntermediateProofReplayer Proof replay took 18.46ms 
150968     DEBUG main            d.u.i.k.p.r.p.TestFile    ... success: reloaded. 
150970     INFO  main            d.u.i.k.p.r.p.TestFile    Now processing file /home/runner/work/key/key/key.core/../key.ui/examples/heap/vstte10_05_Queue/LinkedList_inv.key 
150970     INFO  main            d.u.i.k.p.i.AbstractProblemLoader Loading environment from /home/runner/work/key/key/key.core/../key.ui/examples/heap/vstte10_05_Queue/LinkedList_inv.key 
150970     DEBUG main            d.u.i.k.p.i.AbstractProblemLoader Environment load took 282.3ns 
150972     INFO  main            d.u.i.k.p.i.AbstractProblemLoader Creating init config 
154517     DEBUG main            d.u.i.k.p.i.AbstractProblemLoader Init config took 3.55s 
154568     INFO  main            d.u.i.k.p.i.AbstractProblemLoader Replaying proof LinkedList[java.lang.Object::<inv>()].JML accessible clause.0 
154570     DEBUG main            d.u.i.k.p.i.IntermediateProofReplayer Proof replay took 6.9ns 
154975     INFO  main            d.u.i.k.p.r.p.TestFile    ... finished proof: closed. 
155268     INFO  main            d.u.i.k.p.i.AbstractProblemLoader Loading environment from /home/runner/work/key/key/key.core/../key.ui/examples/heap/vstte10_05_Queue/LinkedList_inv.key.proof 
155269     DEBUG main            d.u.i.k.p.i.AbstractProblemLoader Environment load took 545.1ns 
155270     INFO  main            d.u.i.k.p.i.AbstractProblemLoader Creating init config 
158775     DEBUG main            d.u.i.k.p.i.AbstractProblemLoader Init config took 3.5s 
158824     INFO  main            d.u.i.k.p.i.AbstractProblemLoader Replaying proof LinkedList[java.lang.Object::<inv>()].JML accessible clause.0 
158863     DEBUG main            d.u.i.k.p.i.IntermediateProofReplayer Proof replay took 35.84ms 
158865     DEBUG main            d.u.i.k.p.r.p.TestFile    ... success: reloaded. 
158866     INFO  main            d.u.i.k.p.r.p.TestFile    Now processing file /home/runner/work/key/key/key.core/../key.ui/examples/heap/vstte10_05_Queue/LinkedList_length.key 
158866     INFO  main            d.u.i.k.p.i.AbstractProblemLoader Loading environment from /home/runner/work/key/key/key.core/../key.ui/examples/heap/vstte10_05_Queue/LinkedList_length.key 
158866     DEBUG main            d.u.i.k.p.i.AbstractProblemLoader Environment load took 146.1ns 
158867     INFO  main            d.u.i.k.p.i.AbstractProblemLoader Creating init config 
162437     DEBUG main            d.u.i.k.p.i.AbstractProblemLoader Init config took 3.57s 
162488     INFO  main            d.u.i.k.p.i.AbstractProblemLoader Replaying proof LinkedList[LinkedList::length()].JML normal_behavior operation contract.0 
162490     DEBUG main            d.u.i.k.p.i.IntermediateProofReplayer Proof replay took 7.6ns 
162592     INFO  main            d.u.i.k.p.r.p.TestFile    ... finished proof: closed. 
162886     INFO  main            d.u.i.k.p.i.AbstractProblemLoader Loading environment from /home/runner/work/key/key/key.core/../key.ui/examples/heap/vstte10_05_Queue/LinkedList_length.key.proof 
162886     DEBUG main            d.u.i.k.p.i.AbstractProblemLoader Environment load took 256ns 
162888     INFO  main            d.u.i.k.p.i.AbstractProblemLoader Creating init config 
166346     DEBUG main            d.u.i.k.p.i.AbstractProblemLoader Init config took 3.46s 
166397     INFO  main            d.u.i.k.p.i.AbstractProblemLoader Replaying proof LinkedList[LinkedList::length()].JML normal_behavior operation contract.0 
166416     DEBUG main            d.u.i.k.p.i.IntermediateProofReplayer Proof replay took 16.63ms 
166418     DEBUG main            d.u.i.k.p.r.p.TestFile    ... success: reloaded. 
166419     INFO  main            d.u.i.k.p.r.p.TestFile    Now processing file /home/runner/work/key/key/key.core/../key.ui/examples/heap/vstte10_05_Queue/LinkedList_LinkedList1.key 
166419     INFO  main            d.u.i.k.p.i.AbstractProblemLoader Loading environment from /home/runner/work/key/key/key.core/../key.ui/examples/heap/vstte10_05_Queue/LinkedList_LinkedList1.key 
166419     DEBUG main            d.u.i.k.p.i.AbstractProblemLoader Environment load took 130.5ns 
166420     INFO  main            d.u.i.k.p.i.AbstractProblemLoader Creating init config 
169986     DEBUG main            d.u.i.k.p.i.AbstractProblemLoader Init config took 3.57s 
170037     INFO  main            d.u.i.k.p.i.AbstractProblemLoader Replaying proof LinkedList[LinkedList::LinkedList(int,LinkedList)].JML normal_behavior operation contract.0 
170039     DEBUG main            d.u.i.k.p.i.IntermediateProofReplayer Proof replay took 7.9ns 
172547     INFO  main            d.u.i.k.p.r.p.TestFile    ... finished proof: closed. 
172891     INFO  main            d.u.i.k.p.i.AbstractProblemLoader Loading environment from /home/runner/work/key/key/key.core/../key.ui/examples/heap/vstte10_05_Queue/LinkedList_LinkedList1.key.proof 
172891     DEBUG main            d.u.i.k.p.i.AbstractProblemLoader Environment load took 574.2ns 
172893     INFO  main            d.u.i.k.p.i.AbstractProblemLoader Creating init config 
176323     DEBUG main            d.u.i.k.p.i.AbstractProblemLoader Init config took 3.43s 
176397     INFO  main            d.u.i.k.p.i.AbstractProblemLoader Replaying proof LinkedList[LinkedList::LinkedList(int,LinkedList)].JML normal_behavior operation contract.0 
176757     DEBUG main            d.u.i.k.p.i.IntermediateProofReplayer Proof replay took 350.33ms 
176759     DEBUG main            d.u.i.k.p.r.p.TestFile    ... success: reloaded. 
176760     INFO  main            d.u.i.k.p.r.p.TestFile    Now processing file /home/runner/work/key/key/key.core/../key.ui/examples/heap/vstte10_05_Queue/LinkedList_LinkedList2.key 
176761     INFO  main            d.u.i.k.p.i.AbstractProblemLoader Loading environment from /home/runner/work/key/key/key.core/../key.ui/examples/heap/vstte10_05_Queue/LinkedList_LinkedList2.key 
176761     DEBUG main            d.u.i.k.p.i.AbstractProblemLoader Environment load took 97.1ns 
176762     INFO  main            d.u.i.k.p.i.AbstractProblemLoader Creating init config 
180222     DEBUG main            d.u.i.k.p.i.AbstractProblemLoader Init config took 3.46s 
180274     INFO  main            d.u.i.k.p.i.AbstractProblemLoader Replaying proof LinkedList[LinkedList::LinkedList(int,LinkedList)].JML normal_behavior operation contract.0 
180276     DEBUG main            d.u.i.k.p.i.IntermediateProofReplayer Proof replay took 7.3ns 
182688     INFO  main            d.u.i.k.p.r.p.TestFile    ... finished proof: closed. 
183028     INFO  main            d.u.i.k.p.i.AbstractProblemLoader Loading environment from /home/runner/work/key/key/key.core/../key.ui/examples/heap/vstte10_05_Queue/LinkedList_LinkedList2.key.proof 
183031     DEBUG main            d.u.i.k.p.i.AbstractProblemLoader Environment load took 2.8ms 
183032     INFO  main            d.u.i.k.p.i.AbstractProblemLoader Creating init config 
186431     DEBUG main            d.u.i.k.p.i.AbstractProblemLoader Init config took 3.4s 
186483     INFO  main            d.u.i.k.p.i.AbstractProblemLoader Replaying proof LinkedList[LinkedList::LinkedList(int,LinkedList)].JML normal_behavior operation contract.0 
186836     DEBUG main            d.u.i.k.p.i.IntermediateProofReplayer Proof replay took 341.79ms 
186837     DEBUG main            d.u.i.k.p.r.p.TestFile    ... success: reloaded. 
186838     INFO  main            d.u.i.k.p.r.p.TestFile    Now processing file /home/runner/work/key/key/key.core/../key.ui/examples/heap/vstte10_05_Queue/LinkedList_LinkedList3.key 
186839     INFO  main            d.u.i.k.p.i.AbstractProblemLoader Loading environment from /home/runner/work/key/key/key.core/../key.ui/examples/heap/vstte10_05_Queue/LinkedList_LinkedList3.key 
186839     DEBUG main            d.u.i.k.p.i.AbstractProblemLoader Environment load took 94.7ns 
186840     INFO  main            d.u.i.k.p.i.AbstractProblemLoader Creating init config 
190359     DEBUG main            d.u.i.k.p.i.AbstractProblemLoader Init config took 3.52s 
190413     INFO  main            d.u.i.k.p.i.AbstractProblemLoader Replaying proof LinkedList[LinkedList::LinkedList(int,LinkedList)].JML normal_behavior operation contract.0 
190415     DEBUG main            d.u.i.k.p.i.IntermediateProofReplayer Proof replay took 7.2ns 
209141     INFO  main            d.u.i.k.p.r.p.TestFile    ... finished proof: closed. 
209603     INFO  main            d.u.i.k.p.i.AbstractProblemLoader Loading environment from /home/runner/work/key/key/key.core/../key.ui/examples/heap/vstte10_05_Queue/LinkedList_LinkedList3.key.proof 
209603     DEBUG main            d.u.i.k.p.i.AbstractProblemLoader Environment load took 275.3ns 
209610     INFO  main            d.u.i.k.p.i.AbstractProblemLoader Creating init config 
212999     DEBUG main            d.u.i.k.p.i.AbstractProblemLoader Init config took 3.39s 
213051     INFO  main            d.u.i.k.p.i.AbstractProblemLoader Replaying proof LinkedList[LinkedList::LinkedList(int,LinkedList)].JML normal_behavior operation contract.0 
214851     DEBUG main            d.u.i.k.p.i.IntermediateProofReplayer Proof replay took 1.67s 
214859     DEBUG main            d.u.i.k.p.r.p.TestFile    ... success: reloaded. 
214861     INFO  main            d.u.i.k.p.r.p.TestFile    Now processing file /home/runner/work/key/key/key.core/../key.ui/examples/heap/vstte10_05_Queue/LinkedList_reverse.key 
214861     INFO  main            d.u.i.k.p.i.AbstractProblemLoader Loading environment from /home/runner/work/key/key/key.core/../key.ui/examples/heap/vstte10_05_Queue/LinkedList_reverse.key 
214862     DEBUG main            d.u.i.k.p.i.AbstractProblemLoader Environment load took 273.1ns 
214863     INFO  main            d.u.i.k.p.i.AbstractProblemLoader Creating init config 
218431     DEBUG main            d.u.i.k.p.i.AbstractProblemLoader Init config took 3.57s 
218483     INFO  main            d.u.i.k.p.i.AbstractProblemLoader Replaying proof LinkedList[LinkedList::reverse()].JML normal_behavior operation contract.0 
218485     DEBUG main            d.u.i.k.p.i.IntermediateProofReplayer Proof replay took 6.9ns 
230925     INFO  main            d.u.i.k.p.r.p.TestFile    ... finished proof: closed. 
231336     INFO  main            d.u.i.k.p.i.AbstractProblemLoader Loading environment from /home/runner/work/key/key/key.core/../key.ui/examples/heap/vstte10_05_Queue/LinkedList_reverse.key.proof 
231337     DEBUG main            d.u.i.k.p.i.AbstractProblemLoader Environment load took 405.8ns 
231339     INFO  main            d.u.i.k.p.i.AbstractProblemLoader Creating init config 
234765     DEBUG main            d.u.i.k.p.i.AbstractProblemLoader Init config took 3.43s 
234827     INFO  main            d.u.i.k.p.i.AbstractProblemLoader Replaying proof LinkedList[LinkedList::reverse()].JML normal_behavior operation contract.0 
235893     DEBUG main            d.u.i.k.p.i.IntermediateProofReplayer Proof replay took 1.03s 
235895     DEBUG main            d.u.i.k.p.r.p.TestFile    ... success: reloaded. 
235896     INFO  main            d.u.i.k.p.r.p.TestFile    Now processing file /home/runner/work/key/key/key.core/../key.ui/examples/heap/vstte10_05_Queue/LinkedList_tail.key 
235897     INFO  main            d.u.i.k.p.i.AbstractProblemLoader Loading environment from /home/runner/work/key/key/key.core/../key.ui/examples/heap/vstte10_05_Queue/LinkedList_tail.key 
235897     DEBUG main            d.u.i.k.p.i.AbstractProblemLoader Environment load took 132.2ns 
235898     INFO  main            d.u.i.k.p.i.AbstractProblemLoader Creating init config 
239335     DEBUG main            d.u.i.k.p.i.AbstractProblemLoader Init config took 3.44s 
239389     INFO  main            d.u.i.k.p.i.AbstractProblemLoader Replaying proof LinkedList[LinkedList::tail()].JML normal_behavior operation contract.0 
239391     DEBUG main            d.u.i.k.p.i.IntermediateProofReplayer Proof replay took 48ns 
240095     INFO  main            d.u.i.k.p.r.p.TestFile    ... finished proof: closed. 
240430     INFO  main            d.u.i.k.p.i.AbstractProblemLoader Loading environment from /home/runner/work/key/key/key.core/../key.ui/examples/heap/vstte10_05_Queue/LinkedList_tail.key.proof 
240430     DEBUG main            d.u.i.k.p.i.AbstractProblemLoader Environment load took 230.1ns 
240432     INFO  main            d.u.i.k.p.i.AbstractProblemLoader Creating init config 
243813     DEBUG main            d.u.i.k.p.i.AbstractProblemLoader Init config took 3.38s 
243863     INFO  main            d.u.i.k.p.i.AbstractProblemLoader Replaying proof LinkedList[LinkedList::tail()].JML normal_behavior operation contract.0 
243990     DEBUG main            d.u.i.k.p.i.IntermediateProofReplayer Proof replay took 121.92ms 
243991     DEBUG main            d.u.i.k.p.r.p.TestFile    ... success: reloaded. 
3040153    INFO  Test worker     d.u.i.k.p.r.RunAllProofsTestUnit Returning from test VSTTE10 
3040154    INFO  Test worker     d.u.i.k.p.r.RunAllProofsTestUnit Running test WeideEtAl 
448        INFO  Timeout watchdog d.u.i.k.p.r.p.ForkedTestFileRunner Timeout watcher launched (2000 secs.) 
469        WARN  main            d.u.i.k.s.ProofSettings   The settings in /home/runner/.key/proof-settings.props are *not* read. 
545        INFO  main            d.u.i.k.p.r.p.TestFile    Now processing file /home/runner/work/key/key/key.core/../key.ui/examples/heap/WeideEtAl_01_AddAndMultiply/AddAndMultiply_add.key 
699        INFO  main            d.u.i.k.p.i.AbstractProblemLoader Loading environment from /home/runner/work/key/key/key.core/../key.ui/examples/heap/WeideEtAl_01_AddAndMultiply/AddAndMultiply_add.key 
720        DEBUG main            d.u.i.k.p.i.AbstractProblemLoader Environment load took 2.75ms 
1054       INFO  main            d.u.i.k.p.i.AbstractProblemLoader Creating init config 
2211       DEBUG main            d.u.i.k.j.TypeConverter   No LDT found for Meta 
2216       DEBUG main            d.u.i.k.j.TypeConverter   No LDT found for Meta 
2218       DEBUG main            d.u.i.k.j.TypeConverter   No LDT found for Meta 
2219       DEBUG main            d.u.i.k.j.TypeConverter   No LDT found for Meta 
4002       DEBUG main            d.u.i.k.j.TypeConverter   No LDT found for JavaBigintExpression 
10194      DEBUG main            d.u.i.k.p.i.AbstractProblemLoader Init config took 9.14s 
10359      INFO  main            d.u.i.k.p.i.AbstractProblemLoader Replaying proof AddAndMultiply[AddAndMultiply::add(int,int)].JML normal_behavior operation contract.0 
10407      DEBUG main            d.u.i.k.p.i.IntermediateProofReplayer Proof replay took 50.8ns 
12368      INFO  main            d.u.i.k.p.r.p.TestFile    ... finished proof: closed. 
12563      INFO  main            d.u.i.k.p.i.AbstractProblemLoader Loading environment from /home/runner/work/key/key/key.core/../key.ui/examples/heap/WeideEtAl_01_AddAndMultiply/AddAndMultiply_add.key.proof 
12563      DEBUG main            d.u.i.k.p.i.AbstractProblemLoader Environment load took 189.6ns 
12566      INFO  main            d.u.i.k.p.i.AbstractProblemLoader Creating init config 
16218      DEBUG main            d.u.i.k.p.i.AbstractProblemLoader Init config took 3.65s 
16301      INFO  main            d.u.i.k.p.i.AbstractProblemLoader Replaying proof AddAndMultiply[AddAndMultiply::add(int,int)].JML normal_behavior operation contract.0 
16676      DEBUG main            d.u.i.k.p.i.IntermediateProofReplayer Proof replay took 362.1ms 
16688      DEBUG main            d.u.i.k.p.r.p.TestFile    ... success: reloaded. 
16692      INFO  main            d.u.i.k.p.r.p.TestFile    Now processing file /home/runner/work/key/key/key.core/../key.ui/examples/heap/WeideEtAl_01_AddAndMultiply/AddAndMultiply_mul.key 
16692      INFO  main            d.u.i.k.p.i.AbstractProblemLoader Loading environment from /home/runner/work/key/key/key.core/../key.ui/examples/heap/WeideEtAl_01_AddAndMultiply/AddAndMultiply_mul.key 
16693      DEBUG main            d.u.i.k.p.i.AbstractProblemLoader Environment load took 155.9ns 
16697      INFO  main            d.u.i.k.p.i.AbstractProblemLoader Creating init config 
20189      DEBUG main            d.u.i.k.p.i.AbstractProblemLoader Init config took 3.49s 
20260      INFO  main            d.u.i.k.p.i.AbstractProblemLoader Replaying proof AddAndMultiply[AddAndMultiply::mul(int,int)].JML normal_behavior operation contract.0 
20264      DEBUG main            d.u.i.k.p.i.IntermediateProofReplayer Proof replay took 7.5ns 
20974      INFO  main            d.u.i.k.p.r.p.TestFile    ... finished proof: closed. 
21152      INFO  main            d.u.i.k.p.i.AbstractProblemLoader Loading environment from /home/runner/work/key/key/key.core/../key.ui/examples/heap/WeideEtAl_01_AddAndMultiply/AddAndMultiply_mul.key.proof 
21153      DEBUG main            d.u.i.k.p.i.AbstractProblemLoader Environment load took 662.1ns 
21155      INFO  main            d.u.i.k.p.i.AbstractProblemLoader Creating init config 
24593      DEBUG main            d.u.i.k.p.i.AbstractProblemLoader Init config took 3.44s 
24709      INFO  main            d.u.i.k.p.i.AbstractProblemLoader Replaying proof AddAndMultiply[AddAndMultiply::mul(int,int)].JML normal_behavior operation contract.0 
24903      DEBUG main            d.u.i.k.p.i.IntermediateProofReplayer Proof replay took 184.66ms 
24906      DEBUG main            d.u.i.k.p.r.p.TestFile    ... success: reloaded. 
24908      INFO  main            d.u.i.k.p.r.p.TestFile    Now processing file /home/runner/work/key/key/key.core/../key.ui/examples/heap/WeideEtAl_02_BinarySearch/BinarySearch_search.key 
24909      INFO  main            d.u.i.k.p.i.AbstractProblemLoader Loading environment from /home/runner/work/key/key/key.core/../key.ui/examples/heap/WeideEtAl_02_BinarySearch/BinarySearch_search.key 
24909      DEBUG main            d.u.i.k.p.i.AbstractProblemLoader Environment load took 288.6ns 
24911      INFO  main            d.u.i.k.p.i.AbstractProblemLoader Creating init config 
28311      DEBUG main            d.u.i.k.p.i.AbstractProblemLoader Init config took 3.4s 
28372      INFO  main            d.u.i.k.p.i.AbstractProblemLoader Replaying proof BinarySearch[BinarySearch::search([I,int)].JML normal_behavior operation contract.0 
28380      DEBUG main            d.u.i.k.p.i.IntermediateProofReplayer Proof replay took 8.3ns 
32678      INFO  main            d.u.i.k.p.r.p.TestFile    ... finished proof: closed. 
32929      INFO  main            d.u.i.k.p.i.AbstractProblemLoader Loading environment from /home/runner/work/key/key/key.core/../key.ui/examples/heap/WeideEtAl_02_BinarySearch/BinarySearch_search.key.proof 
32929      DEBUG main            d.u.i.k.p.i.AbstractProblemLoader Environment load took 281.7ns 
32931      INFO  main            d.u.i.k.p.i.AbstractProblemLoader Creating init config 
36298      DEBUG main            d.u.i.k.p.i.AbstractProblemLoader Init config took 3.37s 
36368      INFO  main            d.u.i.k.p.i.AbstractProblemLoader Replaying proof BinarySearch[BinarySearch::search([I,int)].JML normal_behavior operation contract.0 
37205      DEBUG main            d.u.i.k.p.i.IntermediateProofReplayer Proof replay took 810.46ms 
37211      DEBUG main            d.u.i.k.p.r.p.TestFile    ... success: reloaded. 
3077581    INFO  Test worker     d.u.i.k.p.r.RunAllProofsTestUnit Returning from test WeideEtAl 
3077582    INFO  Test worker     d.u.i.k.p.r.RunAllProofsTestUnit Running test arithmetic 
510        INFO  Timeout watchdog d.u.i.k.p.r.p.ForkedTestFileRunner Timeout watcher launched (2000 secs.) 
529        WARN  main            d.u.i.k.s.ProofSettings   The settings in /home/runner/.key/proof-settings.props are *not* read. 
566        INFO  main            d.u.i.k.p.r.p.TestFile    Now processing file /home/runner/work/key/key/key.core/../key.ui/examples/standard_key/arith/binomial1.key 
743        INFO  main            d.u.i.k.p.i.AbstractProblemLoader Loading environment from /home/runner/work/key/key/key.core/../key.ui/examples/standard_key/arith/binomial1.key 
763        DEBUG main            d.u.i.k.p.i.AbstractProblemLoader Environment load took 2.4ms 
1094       INFO  main            d.u.i.k.p.i.AbstractProblemLoader Creating init config 
2486       DEBUG main            d.u.i.k.j.TypeConverter   No LDT found for Meta 
2486       DEBUG main            d.u.i.k.j.TypeConverter   No LDT found for Meta 
2488       DEBUG main            d.u.i.k.j.TypeConverter   No LDT found for Meta 
2488       DEBUG main            d.u.i.k.j.TypeConverter   No LDT found for Meta 
4559       DEBUG main            d.u.i.k.j.TypeConverter   No LDT found for JavaBigintExpression 
11006      DEBUG main            d.u.i.k.p.i.AbstractProblemLoader Init config took 9.91s 
11109      INFO  main            d.u.i.k.p.i.AbstractProblemLoader Replaying proof binomial1.key 
11161      DEBUG main            d.u.i.k.p.i.IntermediateProofReplayer Proof replay took 44.7ns 
11564      INFO  main            d.u.i.k.p.r.p.TestFile    ... finished proof: closed. 
11730      INFO  main            d.u.i.k.p.i.AbstractProblemLoader Loading environment from /home/runner/work/key/key/key.core/../key.ui/examples/standard_key/arith/binomial1.key.proof 
11735      DEBUG main            d.u.i.k.p.i.AbstractProblemLoader Environment load took 5.01ms 
11741      INFO  main            d.u.i.k.p.i.AbstractProblemLoader Creating init config 
15218      DEBUG main            d.u.i.k.p.i.AbstractProblemLoader Init config took 3.48s 
15276      INFO  main            d.u.i.k.p.i.AbstractProblemLoader Replaying proof binomial1.key.proof 
15308      DEBUG main            d.u.i.k.p.i.IntermediateProofReplayer Proof replay took 26.22ms 
15328      DEBUG main            d.u.i.k.p.r.p.TestFile    ... success: reloaded. 
15334      INFO  main            d.u.i.k.p.r.p.TestFile    Now processing file /home/runner/work/key/key/key.core/../key.ui/examples/standard_key/arith/binomial2.key 
15334      INFO  main            d.u.i.k.p.i.AbstractProblemLoader Loading environment from /home/runner/work/key/key/key.core/../key.ui/examples/standard_key/arith/binomial2.key 
15335      DEBUG main            d.u.i.k.p.i.AbstractProblemLoader Environment load took 281.7ns 
15339      INFO  main            d.u.i.k.p.i.AbstractProblemLoader Creating init config 
18527      DEBUG main            d.u.i.k.p.i.AbstractProblemLoader Init config took 3.19s 
18562      INFO  main            d.u.i.k.p.i.AbstractProblemLoader Replaying proof binomial2.key 
18566      DEBUG main            d.u.i.k.p.i.IntermediateProofReplayer Proof replay took 8.3ns 
18670      INFO  main            d.u.i.k.p.r.p.TestFile    ... finished proof: closed. 
18845      INFO  main            d.u.i.k.p.i.AbstractProblemLoader Loading environment from /home/runner/work/key/key/key.core/../key.ui/examples/standard_key/arith/binomial2.key.proof 
18848      DEBUG main            d.u.i.k.p.i.AbstractProblemLoader Environment load took 2.6ms 
18851      INFO  main            d.u.i.k.p.i.AbstractProblemLoader Creating init config 
22001      DEBUG main            d.u.i.k.p.i.AbstractProblemLoader Init config took 3.15s 
22030      INFO  main            d.u.i.k.p.i.AbstractProblemLoader Replaying proof binomial2.key.proof 
22060      DEBUG main            d.u.i.k.p.i.IntermediateProofReplayer Proof replay took 27.09ms 
22062      DEBUG main            d.u.i.k.p.r.p.TestFile    ... success: reloaded. 
22064      INFO  main            d.u.i.k.p.r.p.TestFile    Now processing file /home/runner/work/key/key/key.core/../key.ui/examples/standard_key/arith/check_jdiv.key 
22064      INFO  main            d.u.i.k.p.i.AbstractProblemLoader Loading environment from /home/runner/work/key/key/key.core/../key.ui/examples/standard_key/arith/check_jdiv.key 
22065      DEBUG main            d.u.i.k.p.i.AbstractProblemLoader Environment load took 263.7ns 
22067      INFO  main            d.u.i.k.p.i.AbstractProblemLoader Creating init config 
25144      DEBUG main            d.u.i.k.p.i.AbstractProblemLoader Init config took 3.08s 
25170      INFO  main            d.u.i.k.p.i.AbstractProblemLoader Replaying proof check_jdiv.key 
25182      DEBUG main            d.u.i.k.p.i.IntermediateProofReplayer Proof replay took 11.3ns 
32220      INFO  main            d.u.i.k.p.r.p.TestFile    ... finished proof: closed. 
32485      INFO  main            d.u.i.k.p.i.AbstractProblemLoader Loading environment from /home/runner/work/key/key/key.core/../key.ui/examples/standard_key/arith/check_jdiv.key.proof 
32486      DEBUG main            d.u.i.k.p.i.AbstractProblemLoader Environment load took 332.8ns 
32489      INFO  main            d.u.i.k.p.i.AbstractProblemLoader Creating init config 
35590      DEBUG main            d.u.i.k.p.i.AbstractProblemLoader Init config took 3.1s 
35616      INFO  main            d.u.i.k.p.i.AbstractProblemLoader Replaying proof check_jdiv.key.proof 
36224      DEBUG main            d.u.i.k.p.i.IntermediateProofReplayer Proof replay took 546.28ms 
36227      DEBUG main            d.u.i.k.p.r.p.TestFile    ... success: reloaded. 
36229      INFO  main            d.u.i.k.p.r.p.TestFile    Now processing file /home/runner/work/key/key/key.core/../key.ui/examples/standard_key/arith/check_jdiv_concrete.key 
36230      INFO  main            d.u.i.k.p.i.AbstractProblemLoader Loading environment from /home/runner/work/key/key/key.core/../key.ui/examples/standard_key/arith/check_jdiv_concrete.key 
36230      DEBUG main            d.u.i.k.p.i.AbstractProblemLoader Environment load took 289.3ns 
36233      INFO  main            d.u.i.k.p.i.AbstractProblemLoader Creating init config 
39270      DEBUG main            d.u.i.k.p.i.AbstractProblemLoader Init config took 3.04s 
39296      INFO  main            d.u.i.k.p.i.AbstractProblemLoader Replaying proof check_jdiv_concrete.key 
39300      DEBUG main            d.u.i.k.p.i.IntermediateProofReplayer Proof replay took 7.6ns 
39405      INFO  main            d.u.i.k.p.r.p.TestFile    ... finished proof: closed. 
39657      INFO  main            d.u.i.k.p.i.AbstractProblemLoader Loading environment from /home/runner/work/key/key/key.core/../key.ui/examples/standard_key/arith/check_jdiv_concrete.key.proof 
39657      DEBUG main            d.u.i.k.p.i.AbstractProblemLoader Environment load took 421.8ns 
39659      INFO  main            d.u.i.k.p.i.AbstractProblemLoader Creating init config 
42639      DEBUG main            d.u.i.k.p.i.AbstractProblemLoader Init config took 2.98s 
42664      INFO  main            d.u.i.k.p.i.AbstractProblemLoader Replaying proof check_jdiv_concrete.key.proof 
42671      DEBUG main            d.u.i.k.p.i.IntermediateProofReplayer Proof replay took 4.86ms 
42672      DEBUG main            d.u.i.k.p.r.p.TestFile    ... success: reloaded. 
42673      INFO  main            d.u.i.k.p.r.p.TestFile    Now processing file /home/runner/work/key/key/key.core/../key.ui/examples/standard_key/arith/check_jdiv_instantiated.key 
42674      INFO  main            d.u.i.k.p.i.AbstractProblemLoader Loading environment from /home/runner/work/key/key/key.core/../key.ui/examples/standard_key/arith/check_jdiv_instantiated.key 
42674      DEBUG main            d.u.i.k.p.i.AbstractProblemLoader Environment load took 259.2ns 
42676      INFO  main            d.u.i.k.p.i.AbstractProblemLoader Creating init config 
45765      DEBUG main            d.u.i.k.p.i.AbstractProblemLoader Init config took 3.09s 
45793      INFO  main            d.u.i.k.p.i.AbstractProblemLoader Replaying proof check_jdiv_instantiated.key 
45795      DEBUG main            d.u.i.k.p.i.IntermediateProofReplayer Proof replay took 8.5ns 
50322      INFO  main            d.u.i.k.p.r.p.TestFile    ... finished proof: closed. 
50612      INFO  main            d.u.i.k.p.i.AbstractProblemLoader Loading environment from /home/runner/work/key/key/key.core/../key.ui/examples/standard_key/arith/check_jdiv_instantiated.key.proof 
50613      DEBUG main            d.u.i.k.p.i.AbstractProblemLoader Environment load took 572.3ns 
50616      INFO  main            d.u.i.k.p.i.AbstractProblemLoader Creating init config 
53579      DEBUG main            d.u.i.k.p.i.AbstractProblemLoader Init config took 2.96s 
53605      INFO  main            d.u.i.k.p.i.AbstractProblemLoader Replaying proof check_jdiv_instantiated.key.proof 
53946      DEBUG main            d.u.i.k.p.i.IntermediateProofReplayer Proof replay took 311.48ms 
53948      DEBUG main            d.u.i.k.p.r.p.TestFile    ... success: reloaded. 
53950      INFO  main            d.u.i.k.p.r.p.TestFile    Now processing file /home/runner/work/key/key/key.core/../key.ui/examples/standard_key/arith/check_jmod.key 
53950      INFO  main            d.u.i.k.p.i.AbstractProblemLoader Loading environment from /home/runner/work/key/key/key.core/../key.ui/examples/standard_key/arith/check_jmod.key 
53951      DEBUG main            d.u.i.k.p.i.AbstractProblemLoader Environment load took 311.6ns 
53953      INFO  main            d.u.i.k.p.i.AbstractProblemLoader Creating init config 
57007      DEBUG main            d.u.i.k.p.i.AbstractProblemLoader Init config took 3.05s 
57032      INFO  main            d.u.i.k.p.i.AbstractProblemLoader Replaying proof check_jmod.key 
57035      DEBUG main            d.u.i.k.p.i.IntermediateProofReplayer Proof replay took 19.5ns 
57743      INFO  main            d.u.i.k.p.r.p.TestFile    ... finished proof: closed. 
58052      INFO  main            d.u.i.k.p.i.AbstractProblemLoader Loading environment from /home/runner/work/key/key/key.core/../key.ui/examples/standard_key/arith/check_jmod.key.proof 
58053      DEBUG main            d.u.i.k.p.i.AbstractProblemLoader Environment load took 545.4ns 
58054      INFO  main            d.u.i.k.p.i.AbstractProblemLoader Creating init config 
60952      DEBUG main            d.u.i.k.p.i.AbstractProblemLoader Init config took 2.9s 
60974      INFO  main            d.u.i.k.p.i.AbstractProblemLoader Replaying proof check_jmod.key.proof 
61038      DEBUG main            d.u.i.k.p.i.IntermediateProofReplayer Proof replay took 57.65ms 
61040      DEBUG main            d.u.i.k.p.r.p.TestFile    ... success: reloaded. 
61042      INFO  main            d.u.i.k.p.r.p.TestFile    Now processing file /home/runner/work/key/key/key.core/../key.ui/examples/standard_key/arith/complexExpressions.key 
61042      INFO  main            d.u.i.k.p.i.AbstractProblemLoader Loading environment from /home/runner/work/key/key/key.core/../key.ui/examples/standard_key/arith/complexExpressions.key 
61043      DEBUG main            d.u.i.k.p.i.AbstractProblemLoader Environment load took 268.2ns 
61044      INFO  main            d.u.i.k.p.i.AbstractProblemLoader Creating init config 
64070      DEBUG main            d.u.i.k.p.i.AbstractProblemLoader Init config took 3.03s 
64119      INFO  main            d.u.i.k.p.i.AbstractProblemLoader Replaying proof complexExpressions.key 
64122      DEBUG main            d.u.i.k.p.i.IntermediateProofReplayer Proof replay took 8.4ns 
64330      INFO  main            d.u.i.k.p.r.p.TestFile    ... finished proof: closed. 
64545      INFO  main            d.u.i.k.p.i.AbstractProblemLoader Loading environment from /home/runner/work/key/key/key.core/../key.ui/examples/standard_key/arith/complexExpressions.key.proof 
64545      DEBUG main            d.u.i.k.p.i.AbstractProblemLoader Environment load took 147ns 
64547      INFO  main            d.u.i.k.p.i.AbstractProblemLoader Creating init config 
67570      DEBUG main            d.u.i.k.p.i.AbstractProblemLoader Init config took 3.02s 
67594      INFO  main            d.u.i.k.p.i.AbstractProblemLoader Replaying proof complexExpressions.key.proof 
67608      DEBUG main            d.u.i.k.p.i.IntermediateProofReplayer Proof replay took 11.15ms 
67610      DEBUG main            d.u.i.k.p.r.p.TestFile    ... success: reloaded. 
67610      INFO  main            d.u.i.k.p.r.p.TestFile    Now processing file /home/runner/work/key/key/key.core/../key.ui/examples/standard_key/arith/compound_unaryMinus.key 
67611      INFO  main            d.u.i.k.p.i.AbstractProblemLoader Loading environment from /home/runner/work/key/key/key.core/../key.ui/examples/standard_key/arith/compound_unaryMinus.key 
67611      DEBUG main            d.u.i.k.p.i.AbstractProblemLoader Environment load took 287.6ns 
67612      INFO  main            d.u.i.k.p.i.AbstractProblemLoader Creating init config 
70639      DEBUG main            d.u.i.k.p.i.AbstractProblemLoader Init config took 3.03s 
70662      INFO  main            d.u.i.k.p.i.AbstractProblemLoader Replaying proof compound_unaryMinus.key 
70664      DEBUG main            d.u.i.k.p.i.IntermediateProofReplayer Proof replay took 8.5ns 
70769      INFO  main            d.u.i.k.p.r.p.TestFile    ... finished proof: closed. 
70973      INFO  main            d.u.i.k.p.i.AbstractProblemLoader Loading environment from /home/runner/work/key/key/key.core/../key.ui/examples/standard_key/arith/compound_unaryMinus.key.proof 
70973      DEBUG main            d.u.i.k.p.i.AbstractProblemLoader Environment load took 149.9ns 
70975      INFO  main            d.u.i.k.p.i.AbstractProblemLoader Creating init config 
73933      DEBUG main            d.u.i.k.p.i.AbstractProblemLoader Init config took 2.96s 
73957      INFO  main            d.u.i.k.p.i.AbstractProblemLoader Replaying proof compound_unaryMinus.key.proof 
73964      DEBUG main            d.u.i.k.p.i.IntermediateProofReplayer Proof replay took 4.95ms 
73966      DEBUG main            d.u.i.k.p.r.p.TestFile    ... success: reloaded. 
73967      INFO  main            d.u.i.k.p.r.p.TestFile    Now processing file /home/runner/work/key/key/key.core/../key.ui/examples/standard_key/arith/computation.key 
73968      INFO  main            d.u.i.k.p.i.AbstractProblemLoader Loading environment from /home/runner/work/key/key/key.core/../key.ui/examples/standard_key/arith/computation.key 
73968      DEBUG main            d.u.i.k.p.i.AbstractProblemLoader Environment load took 367.2ns 
73970      INFO  main            d.u.i.k.p.i.AbstractProblemLoader Creating init config 
76970      DEBUG main            d.u.i.k.p.i.AbstractProblemLoader Init config took 3s 
76997      INFO  main            d.u.i.k.p.i.AbstractProblemLoader Replaying proof computation.key 
77001      DEBUG main            d.u.i.k.p.i.IntermediateProofReplayer Proof replay took 8.5ns 
78935      INFO  main            d.u.i.k.p.r.p.TestFile    ... finished proof: closed. 
79236      INFO  main            d.u.i.k.p.i.AbstractProblemLoader Loading environment from /home/runner/work/key/key/key.core/../key.ui/examples/standard_key/arith/computation.key.proof 
79237      DEBUG main            d.u.i.k.p.i.AbstractProblemLoader Environment load took 540.5ns 
79238      INFO  main            d.u.i.k.p.i.AbstractProblemLoader Creating init config 
82105      DEBUG main            d.u.i.k.p.i.AbstractProblemLoader Init config took 2.87s 
82129      INFO  main            d.u.i.k.p.i.AbstractProblemLoader Replaying proof computation.key.proof 
82324      DEBUG main            d.u.i.k.p.i.IntermediateProofReplayer Proof replay took 189.41ms 
82326      DEBUG main            d.u.i.k.p.r.p.TestFile    ... success: reloaded. 
82327      INFO  main            d.u.i.k.p.r.p.TestFile    Now processing file /home/runner/work/key/key/key.core/../key.ui/examples/standard_key/arith/cubicSum.key 
82328      INFO  main            d.u.i.k.p.i.AbstractProblemLoader Loading environment from /home/runner/work/key/key/key.core/../key.ui/examples/standard_key/arith/cubicSum.key 
82328      DEBUG main            d.u.i.k.p.i.AbstractProblemLoader Environment load took 283.3ns 
82330      INFO  main            d.u.i.k.p.i.AbstractProblemLoader Creating init config 
85533      DEBUG main            d.u.i.k.p.i.AbstractProblemLoader Init config took 3.2s 
85555      INFO  main            d.u.i.k.p.i.AbstractProblemLoader Replaying proof cubicSum.key 
85557      DEBUG main            d.u.i.k.p.i.IntermediateProofReplayer Proof replay took 8.2ns 
86667      INFO  main            d.u.i.k.p.r.p.TestFile    ... finished proof: closed. 
87065      INFO  main            d.u.i.k.p.i.AbstractProblemLoader Loading environment from /home/runner/work/key/key/key.core/../key.ui/examples/standard_key/arith/cubicSum.key.proof 
87065      DEBUG main            d.u.i.k.p.i.AbstractProblemLoader Environment load took 586.7ns 
87067      INFO  main            d.u.i.k.p.i.AbstractProblemLoader Creating init config 
90035      DEBUG main            d.u.i.k.p.i.AbstractProblemLoader Init config took 2.97s 
90056      INFO  main            d.u.i.k.p.i.AbstractProblemLoader Replaying proof cubicSum.key.proof 
90229      DEBUG main            d.u.i.k.p.i.IntermediateProofReplayer Proof replay took 168.32ms 
90231      DEBUG main            d.u.i.k.p.r.p.TestFile    ... success: reloaded. 
90232      INFO  main            d.u.i.k.p.r.p.TestFile    Now processing file /home/runner/work/key/key/key.core/../key.ui/examples/standard_key/arith/divByZero.key 
90233      INFO  main            d.u.i.k.p.i.AbstractProblemLoader Loading environment from /home/runner/work/key/key/key.core/../key.ui/examples/standard_key/arith/divByZero.key 
90233      DEBUG main            d.u.i.k.p.i.AbstractProblemLoader Environment load took 254.1ns 
90234      INFO  main            d.u.i.k.p.i.AbstractProblemLoader Creating init config 
93201      DEBUG main            d.u.i.k.p.i.AbstractProblemLoader Init config took 2.97s 
93221      INFO  main            d.u.i.k.p.i.AbstractProblemLoader Replaying proof divByZero.key 
93224      DEBUG main            d.u.i.k.p.i.IntermediateProofReplayer Proof replay took 9.3ns 
93427      INFO  main            d.u.i.k.p.r.p.TestFile    ... finished proof: closed. 
93815      INFO  main            d.u.i.k.p.i.AbstractProblemLoader Loading environment from /home/runner/work/key/key/key.core/../key.ui/examples/standard_key/arith/divByZero.key.proof 
93816      DEBUG main            d.u.i.k.p.i.AbstractProblemLoader Environment load took 1.02ms 
93817      INFO  main            d.u.i.k.p.i.AbstractProblemLoader Creating init config 
96788      DEBUG main            d.u.i.k.p.i.AbstractProblemLoader Init config took 2.97s 
96811      INFO  main            d.u.i.k.p.i.AbstractProblemLoader Replaying proof divByZero.key.proof 
96864      DEBUG main            d.u.i.k.p.i.IntermediateProofReplayer Proof replay took 49.69ms 
96866      DEBUG main            d.u.i.k.p.r.p.TestFile    ... success: reloaded. 
96868      INFO  main            d.u.i.k.p.r.p.TestFile    Now processing file /home/runner/work/key/key/key.core/../key.ui/examples/standard_key/arith/divisionAssoc.key 
96868      INFO  main            d.u.i.k.p.i.AbstractProblemLoader Loading environment from /home/runner/work/key/key/key.core/../key.ui/examples/standard_key/arith/divisionAssoc.key 
96869      DEBUG main            d.u.i.k.p.i.AbstractProblemLoader Environment load took 319.9ns 
96870      INFO  main            d.u.i.k.p.i.AbstractProblemLoader Creating init config 
99802      DEBUG main            d.u.i.k.p.i.AbstractProblemLoader Init config took 2.93s 
99820      INFO  main            d.u.i.k.p.i.AbstractProblemLoader Replaying proof divisionAssoc.key 
99823      DEBUG main            d.u.i.k.p.i.IntermediateProofReplayer Proof replay took 8.1ns 
100858     INFO  main            d.u.i.k.p.r.p.TestFile    ... finished proof: closed. 
101168     INFO  main            d.u.i.k.p.i.AbstractProblemLoader Loading environment from /home/runner/work/key/key/key.core/../key.ui/examples/standard_key/arith/divisionAssoc.key.proof 
101169     DEBUG main            d.u.i.k.p.i.AbstractProblemLoader Environment load took 595.9ns 
101170     INFO  main            d.u.i.k.p.i.AbstractProblemLoader Creating init config 
104069     DEBUG main            d.u.i.k.p.i.AbstractProblemLoader Init config took 2.9s 
104087     INFO  main            d.u.i.k.p.i.AbstractProblemLoader Replaying proof divisionAssoc.key.proof 
104157     DEBUG main            d.u.i.k.p.i.IntermediateProofReplayer Proof replay took 64.18ms 
104158     DEBUG main            d.u.i.k.p.r.p.TestFile    ... success: reloaded. 
104159     INFO  main            d.u.i.k.p.r.p.TestFile    Now processing file /home/runner/work/key/key/key.core/../key.ui/examples/standard_key/arith/divisionBy2.key 
104159     INFO  main            d.u.i.k.p.i.AbstractProblemLoader Loading environment from /home/runner/work/key/key/key.core/../key.ui/examples/standard_key/arith/divisionBy2.key 
104160     DEBUG main            d.u.i.k.p.i.AbstractProblemLoader Environment load took 177.5ns 
104161     INFO  main            d.u.i.k.p.i.AbstractProblemLoader Creating init config 
107039     DEBUG main            d.u.i.k.p.i.AbstractProblemLoader Init config took 2.88s 
107057     INFO  main            d.u.i.k.p.i.AbstractProblemLoader Replaying proof divisionBy2.key 
107059     DEBUG main            d.u.i.k.p.i.IntermediateProofReplayer Proof replay took 8.3ns 
107166     INFO  main            d.u.i.k.p.r.p.TestFile    ... finished proof: closed. 
107421     INFO  main            d.u.i.k.p.i.AbstractProblemLoader Loading environment from /home/runner/work/key/key/key.core/../key.ui/examples/standard_key/arith/divisionBy2.key.proof 
107421     DEBUG main            d.u.i.k.p.i.AbstractProblemLoader Environment load took 138.6ns 
107422     INFO  main            d.u.i.k.p.i.AbstractProblemLoader Creating init config 
110312     DEBUG main            d.u.i.k.p.i.AbstractProblemLoader Init config took 2.89s 
110330     INFO  main            d.u.i.k.p.i.AbstractProblemLoader Replaying proof divisionBy2.key.proof 
110341     DEBUG main            d.u.i.k.p.i.IntermediateProofReplayer Proof replay took 8.36ms 
110342     DEBUG main            d.u.i.k.p.r.p.TestFile    ... success: reloaded. 
110343     INFO  main            d.u.i.k.p.r.p.TestFile    Now processing file /home/runner/work/key/key/key.core/../key.ui/examples/standard_key/arith/euclidean/gcdHelp-post.key 
110343     INFO  main            d.u.i.k.p.i.AbstractProblemLoader Loading environment from /home/runner/work/key/key/key.core/../key.ui/examples/standard_key/arith/euclidean/gcdHelp-post.key 
110343     DEBUG main            d.u.i.k.p.i.AbstractProblemLoader Environment load took 123.9ns 
110345     INFO  main            d.u.i.k.p.i.AbstractProblemLoader Creating init config 
113471     DEBUG main            d.u.i.k.p.i.AbstractProblemLoader Init config took 3.13s 
113491     INFO  main            d.u.i.k.p.i.AbstractProblemLoader Replaying proof gcdHelp-post.key 
113494     DEBUG main            d.u.i.k.p.i.IntermediateProofReplayer Proof replay took 8.2ns 
118069     INFO  main            d.u.i.k.p.r.p.TestFile    ... finished proof: closed. 
118390     INFO  main            d.u.i.k.p.i.AbstractProblemLoader Loading environment from /home/runner/work/key/key/key.core/../key.ui/examples/standard_key/arith/euclidean/gcdHelp-post.key.proof 
118390     DEBUG main            d.u.i.k.p.i.AbstractProblemLoader Environment load took 604.8ns 
118393     INFO  main            d.u.i.k.p.i.AbstractProblemLoader Creating init config 
121372     DEBUG main            d.u.i.k.p.i.AbstractProblemLoader Init config took 2.98s 
121392     INFO  main            d.u.i.k.p.i.AbstractProblemLoader Replaying proof gcdHelp-post.key.proof 
121703     DEBUG main            d.u.i.k.p.i.IntermediateProofReplayer Proof replay took 299.95ms 
121705     DEBUG main            d.u.i.k.p.r.p.TestFile    ... success: reloaded. 
121707     INFO  main            d.u.i.k.p.r.p.TestFile    Now processing file /home/runner/work/key/key/key.core/../key.ui/examples/standard_key/arith/gemplusDecimal/add.key 
121707     INFO  main            d.u.i.k.p.i.AbstractProblemLoader Loading environment from /home/runner/work/key/key/key.core/../key.ui/examples/standard_key/arith/gemplusDecimal/add.key 
121708     DEBUG main            d.u.i.k.p.i.AbstractProblemLoader Environment load took 300.4ns 
121710     INFO  main            d.u.i.k.p.i.AbstractProblemLoader Creating init config 
124780     DEBUG main            d.u.i.k.p.i.AbstractProblemLoader Init config took 3.07s 
124801     INFO  main            d.u.i.k.p.i.AbstractProblemLoader Replaying proof add.key 
124803     DEBUG main            d.u.i.k.p.i.IntermediateProofReplayer Proof replay took 7.7ns 
181456     INFO  main            d.u.i.k.p.r.p.TestFile    ... finished proof: closed. 
181930     INFO  main            d.u.i.k.p.i.AbstractProblemLoader Loading environment from /home/runner/work/key/key/key.core/../key.ui/examples/standard_key/arith/gemplusDecimal/add.key.proof 
181930     DEBUG main            d.u.i.k.p.i.AbstractProblemLoader Environment load took 548.2ns 
181942     INFO  main            d.u.i.k.p.i.AbstractProblemLoader Creating init config 
184888     DEBUG main            d.u.i.k.p.i.AbstractProblemLoader Init config took 2.95s 
184909     INFO  main            d.u.i.k.p.i.AbstractProblemLoader Replaying proof add.key.proof 
190394     DEBUG main            d.u.i.k.p.i.IntermediateProofReplayer Proof replay took 5.32s 
190403     DEBUG main            d.u.i.k.p.r.p.TestFile    ... success: reloaded. 
190404     INFO  main            d.u.i.k.p.r.p.TestFile    Now processing file /home/runner/work/key/key/key.core/../key.ui/examples/standard_key/arith/jdivevenodd.key 
190405     INFO  main            d.u.i.k.p.i.AbstractProblemLoader Loading environment from /home/runner/work/key/key/key.core/../key.ui/examples/standard_key/arith/jdivevenodd.key 
190405     DEBUG main            d.u.i.k.p.i.AbstractProblemLoader Environment load took 120.5ns 
190406     INFO  main            d.u.i.k.p.i.AbstractProblemLoader Creating init config 
193375     DEBUG main            d.u.i.k.p.i.AbstractProblemLoader Init config took 2.97s 
193392     INFO  main            d.u.i.k.p.i.AbstractProblemLoader Replaying proof jdivevenodd.key 
193394     DEBUG main            d.u.i.k.p.i.IntermediateProofReplayer Proof replay took 7.1ns 
193597     INFO  main            d.u.i.k.p.r.p.TestFile    ... finished proof: closed. 
194037     INFO  main            d.u.i.k.p.i.AbstractProblemLoader Loading environment from /home/runner/work/key/key/key.core/../key.ui/examples/standard_key/arith/jdivevenodd.key.proof 
194037     DEBUG main            d.u.i.k.p.i.AbstractProblemLoader Environment load took 160.8ns 
194040     INFO  main            d.u.i.k.p.i.AbstractProblemLoader Creating init config 
196935     DEBUG main            d.u.i.k.p.i.AbstractProblemLoader Init config took 2.9s 
196953     INFO  main            d.u.i.k.p.i.AbstractProblemLoader Replaying proof jdivevenodd.key.proof 
196978     DEBUG main            d.u.i.k.p.i.IntermediateProofReplayer Proof replay took 21.59ms 
196980     DEBUG main            d.u.i.k.p.r.p.TestFile    ... success: reloaded. 
196981     INFO  main            d.u.i.k.p.r.p.TestFile    Now processing file /home/runner/work/key/key/key.core/../key.ui/examples/standard_key/arith/median.key 
196981     INFO  main            d.u.i.k.p.i.AbstractProblemLoader Loading environment from /home/runner/work/key/key/key.core/../key.ui/examples/standard_key/arith/median.key 
196982     DEBUG main            d.u.i.k.p.i.AbstractProblemLoader Environment load took 321.1ns 
196983     INFO  main            d.u.i.k.p.i.AbstractProblemLoader Creating init config 
199809     DEBUG main            d.u.i.k.p.i.AbstractProblemLoader Init config took 2.83s 
199864     INFO  main            d.u.i.k.p.i.AbstractProblemLoader Replaying proof median.key 
199866     DEBUG main            d.u.i.k.p.i.IntermediateProofReplayer Proof replay took 8ns 
220413     INFO  main            d.u.i.k.p.r.p.TestFile    ... finished proof: closed. 
220834     INFO  main            d.u.i.k.p.i.AbstractProblemLoader Loading environment from /home/runner/work/key/key/key.core/../key.ui/examples/standard_key/arith/median.key.proof 
220838     DEBUG main            d.u.i.k.p.i.AbstractProblemLoader Environment load took 5.63ms 
220843     INFO  main            d.u.i.k.p.i.AbstractProblemLoader Creating init config 
223692     DEBUG main            d.u.i.k.p.i.AbstractProblemLoader Init config took 2.85s 
223712     INFO  main            d.u.i.k.p.i.AbstractProblemLoader Replaying proof median.key.proof 
225367     DEBUG main            d.u.i.k.p.i.IntermediateProofReplayer Proof replay took 1.59s 
225371     DEBUG main            d.u.i.k.p.r.p.TestFile    ... success: reloaded. 
225372     INFO  main            d.u.i.k.p.r.p.TestFile    Now processing file /home/runner/work/key/key/key.core/../key.ui/examples/standard_key/arith/mod1.key 
225372     INFO  main            d.u.i.k.p.i.AbstractProblemLoader Loading environment from /home/runner/work/key/key/key.core/../key.ui/examples/standard_key/arith/mod1.key 
225372     DEBUG main            d.u.i.k.p.i.AbstractProblemLoader Environment load took 108.4ns 
225375     INFO  main            d.u.i.k.p.i.AbstractProblemLoader Creating init config 
228292     DEBUG main            d.u.i.k.p.i.AbstractProblemLoader Init config took 2.92s 
228308     INFO  main            d.u.i.k.p.i.AbstractProblemLoader Replaying proof mod1.key 
228310     DEBUG main            d.u.i.k.p.i.IntermediateProofReplayer Proof replay took 7.5ns 
228413     INFO  main            d.u.i.k.p.r.p.TestFile    ... finished proof: closed. 
228804     INFO  main            d.u.i.k.p.i.AbstractProblemLoader Loading environment from /home/runner/work/key/key/key.core/../key.ui/examples/standard_key/arith/mod1.key.proof 
228804     DEBUG main            d.u.i.k.p.i.AbstractProblemLoader Environment load took 122.2ns 
228806     INFO  main            d.u.i.k.p.i.AbstractProblemLoader Creating init config 
231655     DEBUG main            d.u.i.k.p.i.AbstractProblemLoader Init config took 2.85s 
231671     INFO  main            d.u.i.k.p.i.AbstractProblemLoader Replaying proof mod1.key.proof 
231677     DEBUG main            d.u.i.k.p.i.IntermediateProofReplayer Proof replay took 3.39ms 
231678     DEBUG main            d.u.i.k.p.r.p.TestFile    ... success: reloaded. 
231679     INFO  main            d.u.i.k.p.r.p.TestFile    Now processing file /home/runner/work/key/key/key.core/../key.ui/examples/standard_key/arith/mod2.key 
231679     INFO  main            d.u.i.k.p.i.AbstractProblemLoader Loading environment from /home/runner/work/key/key/key.core/../key.ui/examples/standard_key/arith/mod2.key 
231679     DEBUG main            d.u.i.k.p.i.AbstractProblemLoader Environment load took 127.9ns 
231680     INFO  main            d.u.i.k.p.i.AbstractProblemLoader Creating init config 
234517     DEBUG main            d.u.i.k.p.i.AbstractProblemLoader Init config took 2.84s 
234533     INFO  main            d.u.i.k.p.i.AbstractProblemLoader Replaying proof mod2.key 
234535     DEBUG main            d.u.i.k.p.i.IntermediateProofReplayer Proof replay took 8.8ns 
234639     INFO  main            d.u.i.k.p.r.p.TestFile    ... finished proof: closed. 
234934     INFO  main            d.u.i.k.p.i.AbstractProblemLoader Loading environment from /home/runner/work/key/key/key.core/../key.ui/examples/standard_key/arith/mod2.key.proof 
234934     DEBUG main            d.u.i.k.p.i.AbstractProblemLoader Environment load took 131.9ns 
234936     INFO  main            d.u.i.k.p.i.AbstractProblemLoader Creating init config 
237735     DEBUG main            d.u.i.k.p.i.AbstractProblemLoader Init config took 2.8s 
237751     INFO  main            d.u.i.k.p.i.AbstractProblemLoader Replaying proof mod2.key.proof 
237755     DEBUG main            d.u.i.k.p.i.IntermediateProofReplayer Proof replay took 2.31ms 
237756     DEBUG main            d.u.i.k.p.r.p.TestFile    ... success: reloaded. 
237758     INFO  main            d.u.i.k.p.r.p.TestFile    Now processing file /home/runner/work/key/key/key.core/../key.ui/examples/standard_key/arith/mod7.key 
237758     INFO  main            d.u.i.k.p.i.AbstractProblemLoader Loading environment from /home/runner/work/key/key/key.core/../key.ui/examples/standard_key/arith/mod7.key 
237758     DEBUG main            d.u.i.k.p.i.AbstractProblemLoader Environment load took 101.4ns 
237759     INFO  main            d.u.i.k.p.i.AbstractProblemLoader Creating init config 
240667     DEBUG main            d.u.i.k.p.i.AbstractProblemLoader Init config took 2.91s 
240683     INFO  main            d.u.i.k.p.i.AbstractProblemLoader Replaying proof mod7.key 
240686     DEBUG main            d.u.i.k.p.i.IntermediateProofReplayer Proof replay took 8.4ns 
240888     INFO  main            d.u.i.k.p.r.p.TestFile    ... finished proof: closed. 
241180     INFO  main            d.u.i.k.p.i.AbstractProblemLoader Loading environment from /home/runner/work/key/key/key.core/../key.ui/examples/standard_key/arith/mod7.key.proof 
241180     DEBUG main            d.u.i.k.p.i.AbstractProblemLoader Environment load took 117.7ns 
241182     INFO  main            d.u.i.k.p.i.AbstractProblemLoader Creating init config 
244014     DEBUG main            d.u.i.k.p.i.AbstractProblemLoader Init config took 2.83s 
244033     INFO  main            d.u.i.k.p.i.AbstractProblemLoader Replaying proof mod7.key.proof 
244044     DEBUG main            d.u.i.k.p.i.IntermediateProofReplayer Proof replay took 7.92ms 
244046     DEBUG main            d.u.i.k.p.r.p.TestFile    ... success: reloaded. 
244046     INFO  main            d.u.i.k.p.r.p.TestFile    Now processing file /home/runner/work/key/key/key.core/../key.ui/examples/standard_key/arith/overflow_hija.key 
244047     INFO  main            d.u.i.k.p.i.AbstractProblemLoader Loading environment from /home/runner/work/key/key/key.core/../key.ui/examples/standard_key/arith/overflow_hija.key 
244047     DEBUG main            d.u.i.k.p.i.AbstractProblemLoader Environment load took 239.4ns 
244051     INFO  main            d.u.i.k.p.i.AbstractProblemLoader Creating init config 
246991     DEBUG main            d.u.i.k.p.i.AbstractProblemLoader Init config took 2.94s 
247015     INFO  main            d.u.i.k.p.i.AbstractProblemLoader Replaying proof overflow_hija.key 
247019     DEBUG main            d.u.i.k.p.i.IntermediateProofReplayer Proof replay took 8.2ns 
253018     INFO  main            d.u.i.k.p.r.p.TestFile    ... finished proof: closed. 
253401     INFO  main            d.u.i.k.p.i.AbstractProblemLoader Loading environment from /home/runner/work/key/key/key.core/../key.ui/examples/standard_key/arith/overflow_hija.key.proof 
253401     DEBUG main            d.u.i.k.p.i.AbstractProblemLoader Environment load took 128.9ns 
253406     INFO  main            d.u.i.k.p.i.AbstractProblemLoader Creating init config 
256234     DEBUG main            d.u.i.k.p.i.AbstractProblemLoader Init config took 2.83s 
256255     INFO  main            d.u.i.k.p.i.AbstractProblemLoader Replaying proof overflow_hija.key.proof 
256738     DEBUG main            d.u.i.k.p.i.IntermediateProofReplayer Proof replay took 472.6ms 
256741     DEBUG main            d.u.i.k.p.r.p.TestFile    ... success: reloaded. 
256742     INFO  main            d.u.i.k.p.r.p.TestFile    Now processing file /home/runner/work/key/key/key.core/../key.ui/examples/standard_key/arith/poly_division0.key 
256743     INFO  main            d.u.i.k.p.i.AbstractProblemLoader Loading environment from /home/runner/work/key/key/key.core/../key.ui/examples/standard_key/arith/poly_division0.key 
256743     DEBUG main            d.u.i.k.p.i.AbstractProblemLoader Environment load took 114.1ns 
256744     INFO  main            d.u.i.k.p.i.AbstractProblemLoader Creating init config 
259654     DEBUG main            d.u.i.k.p.i.AbstractProblemLoader Init config took 2.91s 
259670     INFO  main            d.u.i.k.p.i.AbstractProblemLoader Replaying proof poly_division0.key 
259672     DEBUG main            d.u.i.k.p.i.IntermediateProofReplayer Proof replay took 8.9ns 
259777     INFO  main            d.u.i.k.p.r.p.TestFile    ... finished proof: closed. 
260170     INFO  main            d.u.i.k.p.i.AbstractProblemLoader Loading environment from /home/runner/work/key/key/key.core/../key.ui/examples/standard_key/arith/poly_division0.key.proof 
260170     DEBUG main            d.u.i.k.p.i.AbstractProblemLoader Environment load took 133.8ns 
260171     INFO  main            d.u.i.k.p.i.AbstractProblemLoader Creating init config 
262967     DEBUG main            d.u.i.k.p.i.AbstractProblemLoader Init config took 2.8s 
262984     INFO  main            d.u.i.k.p.i.AbstractProblemLoader Replaying proof poly_division0.key.proof 
262999     DEBUG main            d.u.i.k.p.i.IntermediateProofReplayer Proof replay took 11.48ms 
263000     DEBUG main            d.u.i.k.p.r.p.TestFile    ... success: reloaded. 
263001     INFO  main            d.u.i.k.p.r.p.TestFile    Now processing file /home/runner/work/key/key/key.core/../key.ui/examples/standard_key/arith/poly_division1.key 
263001     INFO  main            d.u.i.k.p.i.AbstractProblemLoader Loading environment from /home/runner/work/key/key/key.core/../key.ui/examples/standard_key/arith/poly_division1.key 
263001     DEBUG main            d.u.i.k.p.i.AbstractProblemLoader Environment load took 103.8ns 
263002     INFO  main            d.u.i.k.p.i.AbstractProblemLoader Creating init config 
265854     DEBUG main            d.u.i.k.p.i.AbstractProblemLoader Init config took 2.85s 
265870     INFO  main            d.u.i.k.p.i.AbstractProblemLoader Replaying proof poly_division1.key 
265871     DEBUG main            d.u.i.k.p.i.IntermediateProofReplayer Proof replay took 9.6ns 
265974     INFO  main            d.u.i.k.p.r.p.TestFile    ... finished proof: closed. 
266292     INFO  main            d.u.i.k.p.i.AbstractProblemLoader Loading environment from /home/runner/work/key/key/key.core/../key.ui/examples/standard_key/arith/poly_division1.key.proof 
266292     DEBUG main            d.u.i.k.p.i.AbstractProblemLoader Environment load took 148.7ns 
266293     INFO  main            d.u.i.k.p.i.AbstractProblemLoader Creating init config 
269101     DEBUG main            d.u.i.k.p.i.AbstractProblemLoader Init config took 2.81s 
269117     INFO  main            d.u.i.k.p.i.AbstractProblemLoader Replaying proof poly_division1.key.proof 
269128     DEBUG main            d.u.i.k.p.i.IntermediateProofReplayer Proof replay took 8.96ms 
269129     DEBUG main            d.u.i.k.p.r.p.TestFile    ... success: reloaded. 
269129     INFO  main            d.u.i.k.p.r.p.TestFile    Now processing file /home/runner/work/key/key/key.core/../key.ui/examples/standard_key/inEqSimp/division.key 
269130     INFO  main            d.u.i.k.p.i.AbstractProblemLoader Loading environment from /home/runner/work/key/key/key.core/../key.ui/examples/standard_key/inEqSimp/division.key 
269130     DEBUG main            d.u.i.k.p.i.AbstractProblemLoader Environment load took 68.6ns 
269131     INFO  main            d.u.i.k.p.i.AbstractProblemLoader Creating init config 
271995     DEBUG main            d.u.i.k.p.i.AbstractProblemLoader Init config took 2.86s 
272012     INFO  main            d.u.i.k.p.i.AbstractProblemLoader Replaying proof division.key 
272014     DEBUG main            d.u.i.k.p.i.IntermediateProofReplayer Proof replay took 8.7ns 
274622     INFO  main            d.u.i.k.p.r.p.TestFile    ... finished proof: closed. 
274987     INFO  main            d.u.i.k.p.i.AbstractProblemLoader Loading environment from /home/runner/work/key/key/key.core/../key.ui/examples/standard_key/inEqSimp/division.key.proof 
274988     DEBUG main            d.u.i.k.p.i.AbstractProblemLoader Environment load took 495.7ns 
274990     INFO  main            d.u.i.k.p.i.AbstractProblemLoader Creating init config 
277821     DEBUG main            d.u.i.k.p.i.AbstractProblemLoader Init config took 2.83s 
277837     INFO  main            d.u.i.k.p.i.AbstractProblemLoader Replaying proof division.key.proof 
277973     DEBUG main            d.u.i.k.p.i.IntermediateProofReplayer Proof replay took 121.72ms 
277974     DEBUG main            d.u.i.k.p.r.p.TestFile    ... success: reloaded. 
277975     INFO  main            d.u.i.k.p.r.p.TestFile    Now processing file /home/runner/work/key/key/key.core/../key.ui/examples/standard_key/inEqSimp/inequations0.key 
277976     INFO  main            d.u.i.k.p.i.AbstractProblemLoader Loading environment from /home/runner/work/key/key/key.core/../key.ui/examples/standard_key/inEqSimp/inequations0.key 
277976     DEBUG main            d.u.i.k.p.i.AbstractProblemLoader Environment load took 123.2ns 
277977     INFO  main            d.u.i.k.p.i.AbstractProblemLoader Creating init config 
280862     DEBUG main            d.u.i.k.p.i.AbstractProblemLoader Init config took 2.88s 
280901     INFO  main            d.u.i.k.p.i.AbstractProblemLoader Replaying proof inequations0.key 
280903     DEBUG main            d.u.i.k.p.i.IntermediateProofReplayer Proof replay took 42.3ns 
281005     INFO  main            d.u.i.k.p.r.p.TestFile    ... finished proof: closed. 
281389     INFO  main            d.u.i.k.p.i.AbstractProblemLoader Loading environment from /home/runner/work/key/key/key.core/../key.ui/examples/standard_key/inEqSimp/inequations0.key.proof 
281389     DEBUG main            d.u.i.k.p.i.AbstractProblemLoader Environment load took 124.3ns 
281390     INFO  main            d.u.i.k.p.i.AbstractProblemLoader Creating init config 
284203     DEBUG main            d.u.i.k.p.i.AbstractProblemLoader Init config took 2.81s 
284222     INFO  main            d.u.i.k.p.i.AbstractProblemLoader Replaying proof inequations0.key.proof 
284227     DEBUG main            d.u.i.k.p.i.IntermediateProofReplayer Proof replay took 3.22ms 
284228     DEBUG main            d.u.i.k.p.r.p.TestFile    ... success: reloaded. 
284229     INFO  main            d.u.i.k.p.r.p.TestFile    Now processing file /home/runner/work/key/key/key.core/../key.ui/examples/standard_key/inEqSimp/inequations1.key 
284229     INFO  main            d.u.i.k.p.i.AbstractProblemLoader Loading environment from /home/runner/work/key/key/key.core/../key.ui/examples/standard_key/inEqSimp/inequations1.key 
284229     DEBUG main            d.u.i.k.p.i.AbstractProblemLoader Environment load took 107.6ns 
284231     INFO  main            d.u.i.k.p.i.AbstractProblemLoader Creating init config 
287078     DEBUG main            d.u.i.k.p.i.AbstractProblemLoader Init config took 2.85s 
287094     INFO  main            d.u.i.k.p.i.AbstractProblemLoader Replaying proof inequations1.key 
287096     DEBUG main            d.u.i.k.p.i.IntermediateProofReplayer Proof replay took 3.5ns 
287201     INFO  main            d.u.i.k.p.r.p.TestFile    ... finished proof: closed. 
287552     INFO  main            d.u.i.k.p.i.AbstractProblemLoader Loading environment from /home/runner/work/key/key/key.core/../key.ui/examples/standard_key/inEqSimp/inequations1.key.proof 
287552     DEBUG main            d.u.i.k.p.i.AbstractProblemLoader Environment load took 106.5ns 
287553     INFO  main            d.u.i.k.p.i.AbstractProblemLoader Creating init config 
290379     DEBUG main            d.u.i.k.p.i.AbstractProblemLoader Init config took 2.83s 
290395     INFO  main            d.u.i.k.p.i.AbstractProblemLoader Replaying proof inequations1.key.proof 
290399     DEBUG main            d.u.i.k.p.i.IntermediateProofReplayer Proof replay took 1.98ms 
290399     DEBUG main            d.u.i.k.p.r.p.TestFile    ... success: reloaded. 
290400     INFO  main            d.u.i.k.p.r.p.TestFile    Now processing file /home/runner/work/key/key/key.core/../key.ui/examples/standard_key/inEqSimp/inequations2.key 
290400     INFO  main            d.u.i.k.p.i.AbstractProblemLoader Loading environment from /home/runner/work/key/key/key.core/../key.ui/examples/standard_key/inEqSimp/inequations2.key 
290400     DEBUG main            d.u.i.k.p.i.AbstractProblemLoader Environment load took 85.8ns 
290401     INFO  main            d.u.i.k.p.i.AbstractProblemLoader Creating init config 
293264     DEBUG main            d.u.i.k.p.i.AbstractProblemLoader Init config took 2.86s 
293279     INFO  main            d.u.i.k.p.i.AbstractProblemLoader Replaying proof inequations2.key 
293280     DEBUG main            d.u.i.k.p.i.IntermediateProofReplayer Proof replay took 3.5ns 
293382     INFO  main            d.u.i.k.p.r.p.TestFile    ... finished proof: closed. 
293731     INFO  main            d.u.i.k.p.i.AbstractProblemLoader Loading environment from /home/runner/work/key/key/key.core/../key.ui/examples/standard_key/inEqSimp/inequations2.key.proof 
293732     DEBUG main            d.u.i.k.p.i.AbstractProblemLoader Environment load took 605.1ns 
293733     INFO  main            d.u.i.k.p.i.AbstractProblemLoader Creating init config 
296530     DEBUG main            d.u.i.k.p.i.AbstractProblemLoader Init config took 2.8s 
296545     INFO  main            d.u.i.k.p.i.AbstractProblemLoader Replaying proof inequations2.key.proof 
296550     DEBUG main            d.u.i.k.p.i.IntermediateProofReplayer Proof replay took 2.07ms 
296550     DEBUG main            d.u.i.k.p.r.p.TestFile    ... success: reloaded. 
296551     INFO  main            d.u.i.k.p.r.p.TestFile    Now processing file /home/runner/work/key/key/key.core/../key.ui/examples/standard_key/inEqSimp/linApprox.key 
296552     INFO  main            d.u.i.k.p.i.AbstractProblemLoader Loading environment from /home/runner/work/key/key/key.core/../key.ui/examples/standard_key/inEqSimp/linApprox.key 
296552     DEBUG main            d.u.i.k.p.i.AbstractProblemLoader Environment load took 228ns 
296553     INFO  main            d.u.i.k.p.i.AbstractProblemLoader Creating init config 
299404     DEBUG main            d.u.i.k.p.i.AbstractProblemLoader Init config took 2.85s 
299420     INFO  main            d.u.i.k.p.i.AbstractProblemLoader Replaying proof linApprox.key 
299422     DEBUG main            d.u.i.k.p.i.IntermediateProofReplayer Proof replay took 4.1ns 
299524     INFO  main            d.u.i.k.p.r.p.TestFile    ... finished proof: closed. 
299882     INFO  main            d.u.i.k.p.i.AbstractProblemLoader Loading environment from /home/runner/work/key/key/key.core/../key.ui/examples/standard_key/inEqSimp/linApprox.key.proof 
299882     DEBUG main            d.u.i.k.p.i.AbstractProblemLoader Environment load took 114.3ns 
299883     INFO  main            d.u.i.k.p.i.AbstractProblemLoader Creating init config 
302697     DEBUG main            d.u.i.k.p.i.AbstractProblemLoader Init config took 2.81s 
302712     INFO  main            d.u.i.k.p.i.AbstractProblemLoader Replaying proof linApprox.key.proof 
302718     DEBUG main            d.u.i.k.p.i.IntermediateProofReplayer Proof replay took 4.02ms 
302719     DEBUG main            d.u.i.k.p.r.p.TestFile    ... success: reloaded. 
302720     INFO  main            d.u.i.k.p.r.p.TestFile    Now processing file /home/runner/work/key/key/key.core/../key.ui/examples/standard_key/inEqSimp/nonLinInEqExample0.key 
302720     INFO  main            d.u.i.k.p.i.AbstractProblemLoader Loading environment from /home/runner/work/key/key/key.core/../key.ui/examples/standard_key/inEqSimp/nonLinInEqExample0.key 
302720     DEBUG main            d.u.i.k.p.i.AbstractProblemLoader Environment load took 108.2ns 
302721     INFO  main            d.u.i.k.p.i.AbstractProblemLoader Creating init config 
305554     DEBUG main            d.u.i.k.p.i.AbstractProblemLoader Init config took 2.83s 
305570     INFO  main            d.u.i.k.p.i.AbstractProblemLoader Replaying proof nonLinInEqExample0.key 
305572     DEBUG main            d.u.i.k.p.i.IntermediateProofReplayer Proof replay took 3.9ns 
305674     INFO  main            d.u.i.k.p.r.p.TestFile    ... finished proof: closed. 
306043     INFO  main            d.u.i.k.p.i.AbstractProblemLoader Loading environment from /home/runner/work/key/key/key.core/../key.ui/examples/standard_key/inEqSimp/nonLinInEqExample0.key.proof 
306043     DEBUG main            d.u.i.k.p.i.AbstractProblemLoader Environment load took 114.1ns 
306044     INFO  main            d.u.i.k.p.i.AbstractProblemLoader Creating init config 
308869     DEBUG main            d.u.i.k.p.i.AbstractProblemLoader Init config took 2.82s 
308885     INFO  main            d.u.i.k.p.i.AbstractProblemLoader Replaying proof nonLinInEqExample0.key.proof 
308888     DEBUG main            d.u.i.k.p.i.IntermediateProofReplayer Proof replay took 1.38ms 
308889     DEBUG main            d.u.i.k.p.r.p.TestFile    ... success: reloaded. 
308890     INFO  main            d.u.i.k.p.r.p.TestFile    Now processing file /home/runner/work/key/key/key.core/../key.ui/examples/standard_key/inEqSimp/nonLinInEqExample2.key 
308890     INFO  main            d.u.i.k.p.i.AbstractProblemLoader Loading environment from /home/runner/work/key/key/key.core/../key.ui/examples/standard_key/inEqSimp/nonLinInEqExample2.key 
308890     DEBUG main            d.u.i.k.p.i.AbstractProblemLoader Environment load took 66.2ns 
308891     INFO  main            d.u.i.k.p.i.AbstractProblemLoader Creating init config 
311732     DEBUG main            d.u.i.k.p.i.AbstractProblemLoader Init config took 2.84s 
311749     INFO  main            d.u.i.k.p.i.AbstractProblemLoader Replaying proof nonLinInEqExample2.key 
311751     DEBUG main            d.u.i.k.p.i.IntermediateProofReplayer Proof replay took 3.4ns 
312155     INFO  main            d.u.i.k.p.r.p.TestFile    ... finished proof: closed. 
312528     INFO  main            d.u.i.k.p.i.AbstractProblemLoader Loading environment from /home/runner/work/key/key/key.core/../key.ui/examples/standard_key/inEqSimp/nonLinInEqExample2.key.proof 
312529     DEBUG main            d.u.i.k.p.i.AbstractProblemLoader Environment load took 746.4ns 
312531     INFO  main            d.u.i.k.p.i.AbstractProblemLoader Creating init config 
315359     DEBUG main            d.u.i.k.p.i.AbstractProblemLoader Init config took 2.83s 
315376     INFO  main            d.u.i.k.p.i.AbstractProblemLoader Replaying proof nonLinInEqExample2.key.proof 
315419     DEBUG main            d.u.i.k.p.i.IntermediateProofReplayer Proof replay took 39.24ms 
315420     DEBUG main            d.u.i.k.p.r.p.TestFile    ... success: reloaded. 
315421     INFO  main            d.u.i.k.p.r.p.TestFile    Now processing file /home/runner/work/key/key/key.core/../key.ui/examples/standard_key/inEqSimp/nonLinInEqExample3.key 
315421     INFO  main            d.u.i.k.p.i.AbstractProblemLoader Loading environment from /home/runner/work/key/key/key.core/../key.ui/examples/standard_key/inEqSimp/nonLinInEqExample3.key 
315421     DEBUG main            d.u.i.k.p.i.AbstractProblemLoader Environment load took 94ns 
315422     INFO  main            d.u.i.k.p.i.AbstractProblemLoader Creating init config 
318313     DEBUG main            d.u.i.k.p.i.AbstractProblemLoader Init config took 2.89s 
318330     INFO  main            d.u.i.k.p.i.AbstractProblemLoader Replaying proof nonLinInEqExample3.key 
318332     DEBUG main            d.u.i.k.p.i.IntermediateProofReplayer Proof replay took 4ns 
318636     INFO  main            d.u.i.k.p.r.p.TestFile    ... finished proof: closed. 
319050     INFO  main            d.u.i.k.p.i.AbstractProblemLoader Loading environment from /home/runner/work/key/key/key.core/../key.ui/examples/standard_key/inEqSimp/nonLinInEqExample3.key.proof 
319050     DEBUG main            d.u.i.k.p.i.AbstractProblemLoader Environment load took 118.1ns 
319052     INFO  main            d.u.i.k.p.i.AbstractProblemLoader Creating init config 
321878     DEBUG main            d.u.i.k.p.i.AbstractProblemLoader Init config took 2.83s 
321893     INFO  main            d.u.i.k.p.i.AbstractProblemLoader Replaying proof nonLinInEqExample3.key.proof 
321919     DEBUG main            d.u.i.k.p.i.IntermediateProofReplayer Proof replay took 22.82ms 
321921     DEBUG main            d.u.i.k.p.r.p.TestFile    ... success: reloaded. 
321922     INFO  main            d.u.i.k.p.r.p.TestFile    Now processing file /home/runner/work/key/key/key.core/../key.ui/examples/standard_key/inEqSimp/nonLinInEqExample4.key 
321922     INFO  main            d.u.i.k.p.i.AbstractProblemLoader Loading environment from /home/runner/work/key/key/key.core/../key.ui/examples/standard_key/inEqSimp/nonLinInEqExample4.key 
321922     DEBUG main            d.u.i.k.p.i.AbstractProblemLoader Environment load took 203.1ns 
321923     INFO  main            d.u.i.k.p.i.AbstractProblemLoader Creating init config 
324769     DEBUG main            d.u.i.k.p.i.AbstractProblemLoader Init config took 2.85s 
324785     INFO  main            d.u.i.k.p.i.AbstractProblemLoader Replaying proof nonLinInEqExample4.key 
324787     DEBUG main            d.u.i.k.p.i.IntermediateProofReplayer Proof replay took 3.2ns 
324893     INFO  main            d.u.i.k.p.r.p.TestFile    ... finished proof: closed. 
325297     INFO  main            d.u.i.k.p.i.AbstractProblemLoader Loading environment from /home/runner/work/key/key/key.core/../key.ui/examples/standard_key/inEqSimp/nonLinInEqExample4.key.proof 
325297     DEBUG main            d.u.i.k.p.i.AbstractProblemLoader Environment load took 111.5ns 
325298     INFO  main            d.u.i.k.p.i.AbstractProblemLoader Creating init config 
328154     DEBUG main            d.u.i.k.p.i.AbstractProblemLoader Init config took 2.86s 
328170     INFO  main            d.u.i.k.p.i.AbstractProblemLoader Replaying proof nonLinInEqExample4.key.proof 
328177     DEBUG main            d.u.i.k.p.i.IntermediateProofReplayer Proof replay took 5.21ms 
328178     DEBUG main            d.u.i.k.p.r.p.TestFile    ... success: reloaded. 
328179     INFO  main            d.u.i.k.p.r.p.TestFile    Now processing file /home/runner/work/key/key/key.core/../key.ui/examples/standard_key/inEqSimp/quadraticInEq.key 
328179     INFO  main            d.u.i.k.p.i.AbstractProblemLoader Loading environment from /home/runner/work/key/key/key.core/../key.ui/examples/standard_key/inEqSimp/quadraticInEq.key 
328180     DEBUG main            d.u.i.k.p.i.AbstractProblemLoader Environment load took 123.8ns 
328181     INFO  main            d.u.i.k.p.i.AbstractProblemLoader Creating init config 
330967     DEBUG main            d.u.i.k.p.i.AbstractProblemLoader Init config took 2.79s 
330987     INFO  main            d.u.i.k.p.i.AbstractProblemLoader Replaying proof quadraticInEq.key 
330988     DEBUG main            d.u.i.k.p.i.IntermediateProofReplayer Proof replay took 4.1ns 
331393     INFO  main            d.u.i.k.p.r.p.TestFile    ... finished proof: closed. 
331830     INFO  main            d.u.i.k.p.i.AbstractProblemLoader Loading environment from /home/runner/work/key/key/key.core/../key.ui/examples/standard_key/inEqSimp/quadraticInEq.key.proof 
331830     DEBUG main            d.u.i.k.p.i.AbstractProblemLoader Environment load took 141.5ns 
331832     INFO  main            d.u.i.k.p.i.AbstractProblemLoader Creating init config 
334652     DEBUG main            d.u.i.k.p.i.AbstractProblemLoader Init config took 2.82s 
334669     INFO  main            d.u.i.k.p.i.AbstractProblemLoader Replaying proof quadraticInEq.key.proof 
334729     DEBUG main            d.u.i.k.p.i.IntermediateProofReplayer Proof replay took 54.46ms 
334730     DEBUG main            d.u.i.k.p.r.p.TestFile    ... success: reloaded. 
334731     INFO  main            d.u.i.k.p.r.p.TestFile    Now processing file /home/runner/work/key/key/key.core/../key.ui/examples/standard_key/inEqSimp/quadraticInEq10.key 
334732     INFO  main            d.u.i.k.p.i.AbstractProblemLoader Loading environment from /home/runner/work/key/key/key.core/../key.ui/examples/standard_key/inEqSimp/quadraticInEq10.key 
334732     DEBUG main            d.u.i.k.p.i.AbstractProblemLoader Environment load took 116.4ns 
334733     INFO  main            d.u.i.k.p.i.AbstractProblemLoader Creating init config 
337574     DEBUG main            d.u.i.k.p.i.AbstractProblemLoader Init config took 2.84s 
337592     INFO  main            d.u.i.k.p.i.AbstractProblemLoader Replaying proof quadraticInEq10.key 
337593     DEBUG main            d.u.i.k.p.i.IntermediateProofReplayer Proof replay took 3.3ns 
337796     INFO  main            d.u.i.k.p.r.p.TestFile    ... finished proof: closed. 
338213     INFO  main            d.u.i.k.p.i.AbstractProblemLoader Loading environment from /home/runner/work/key/key/key.core/../key.ui/examples/standard_key/inEqSimp/quadraticInEq10.key.proof 
338213     DEBUG main            d.u.i.k.p.i.AbstractProblemLoader Environment load took 129.2ns 
338214     INFO  main            d.u.i.k.p.i.AbstractProblemLoader Creating init config 
341021     DEBUG main            d.u.i.k.p.i.AbstractProblemLoader Init config took 2.81s 
341037     INFO  main            d.u.i.k.p.i.AbstractProblemLoader Replaying proof quadraticInEq10.key.proof 
341058     DEBUG main            d.u.i.k.p.i.IntermediateProofReplayer Proof replay took 18.5ms 
341059     DEBUG main            d.u.i.k.p.r.p.TestFile    ... success: reloaded. 
341060     INFO  main            d.u.i.k.p.r.p.TestFile    Now processing file /home/runner/work/key/key/key.core/../key.ui/examples/standard_key/inEqSimp/quadraticInEq13.key 
341060     INFO  main            d.u.i.k.p.i.AbstractProblemLoader Loading environment from /home/runner/work/key/key/key.core/../key.ui/examples/standard_key/inEqSimp/quadraticInEq13.key 
341060     DEBUG main            d.u.i.k.p.i.AbstractProblemLoader Environment load took 134.3ns 
341062     INFO  main            d.u.i.k.p.i.AbstractProblemLoader Creating init config 
343889     DEBUG main            d.u.i.k.p.i.AbstractProblemLoader Init config took 2.83s 
343904     INFO  main            d.u.i.k.p.i.AbstractProblemLoader Replaying proof quadraticInEq13.key 
343906     DEBUG main            d.u.i.k.p.i.IntermediateProofReplayer Proof replay took 3.2ns 
344209     INFO  main            d.u.i.k.p.r.p.TestFile    ... finished proof: closed. 
344636     INFO  main            d.u.i.k.p.i.AbstractProblemLoader Loading environment from /home/runner/work/key/key/key.core/../key.ui/examples/standard_key/inEqSimp/quadraticInEq13.key.proof 
344637     DEBUG main            d.u.i.k.p.i.AbstractProblemLoader Environment load took 488.2ns 
344638     INFO  main            d.u.i.k.p.i.AbstractProblemLoader Creating init config 
347416     DEBUG main            d.u.i.k.p.i.AbstractProblemLoader Init config took 2.78s 
347431     INFO  main            d.u.i.k.p.i.AbstractProblemLoader Replaying proof quadraticInEq13.key.proof 
347460     DEBUG main            d.u.i.k.p.i.IntermediateProofReplayer Proof replay took 24.54ms 
347461     DEBUG main            d.u.i.k.p.r.p.TestFile    ... success: reloaded. 
347462     INFO  main            d.u.i.k.p.r.p.TestFile    Now processing file /home/runner/work/key/key/key.core/../key.ui/examples/standard_key/inEqSimp/quadraticInEq14.key 
347462     INFO  main            d.u.i.k.p.i.AbstractProblemLoader Loading environment from /home/runner/work/key/key/key.core/../key.ui/examples/standard_key/inEqSimp/quadraticInEq14.key 
347462     DEBUG main            d.u.i.k.p.i.AbstractProblemLoader Environment load took 93.7ns 
347463     INFO  main            d.u.i.k.p.i.AbstractProblemLoader Creating init config 
350269     DEBUG main            d.u.i.k.p.i.AbstractProblemLoader Init config took 2.81s 
350285     INFO  main            d.u.i.k.p.i.AbstractProblemLoader Replaying proof quadraticInEq14.key 
350287     DEBUG main            d.u.i.k.p.i.IntermediateProofReplayer Proof replay took 3.5ns 
350589     INFO  main            d.u.i.k.p.r.p.TestFile    ... finished proof: closed. 
351048     INFO  main            d.u.i.k.p.i.AbstractProblemLoader Loading environment from /home/runner/work/key/key/key.core/../key.ui/examples/standard_key/inEqSimp/quadraticInEq14.key.proof 
351048     DEBUG main            d.u.i.k.p.i.AbstractProblemLoader Environment load took 511.2ns 
351049     INFO  main            d.u.i.k.p.i.AbstractProblemLoader Creating init config 
353813     DEBUG main            d.u.i.k.p.i.AbstractProblemLoader Init config took 2.76s 
353829     INFO  main            d.u.i.k.p.i.AbstractProblemLoader Replaying proof quadraticInEq14.key.proof 
353862     DEBUG main            d.u.i.k.p.i.IntermediateProofReplayer Proof replay took 29.94ms 
353863     DEBUG main            d.u.i.k.p.r.p.TestFile    ... success: reloaded. 
353864     INFO  main            d.u.i.k.p.r.p.TestFile    Now processing file /home/runner/work/key/key/key.core/../key.ui/examples/standard_key/inEqSimp/quadraticInEq2.key 
353864     INFO  main            d.u.i.k.p.i.AbstractProblemLoader Loading environment from /home/runner/work/key/key/key.core/../key.ui/examples/standard_key/inEqSimp/quadraticInEq2.key 
353865     DEBUG main            d.u.i.k.p.i.AbstractProblemLoader Environment load took 102.3ns 
353866     INFO  main            d.u.i.k.p.i.AbstractProblemLoader Creating init config 
356670     DEBUG main            d.u.i.k.p.i.AbstractProblemLoader Init config took 2.8s 
356686     INFO  main            d.u.i.k.p.i.AbstractProblemLoader Replaying proof quadraticInEq2.key 
356690     DEBUG main            d.u.i.k.p.i.IntermediateProofReplayer Proof replay took 3.4ns 
356793     INFO  main            d.u.i.k.p.r.p.TestFile    ... finished proof: closed. 
357240     INFO  main            d.u.i.k.p.i.AbstractProblemLoader Loading environment from /home/runner/work/key/key/key.core/../key.ui/examples/standard_key/inEqSimp/quadraticInEq2.key.proof 
357240     DEBUG main            d.u.i.k.p.i.AbstractProblemLoader Environment load took 111.2ns 
357242     INFO  main            d.u.i.k.p.i.AbstractProblemLoader Creating init config 
360037     DEBUG main            d.u.i.k.p.i.AbstractProblemLoader Init config took 2.8s 
360054     INFO  main            d.u.i.k.p.i.AbstractProblemLoader Replaying proof quadraticInEq2.key.proof 
360059     DEBUG main            d.u.i.k.p.i.IntermediateProofReplayer Proof replay took 2.81ms 
360060     DEBUG main            d.u.i.k.p.r.p.TestFile    ... success: reloaded. 
360061     INFO  main            d.u.i.k.p.r.p.TestFile    Now processing file /home/runner/work/key/key/key.core/../key.ui/examples/standard_key/inEqSimp/quadraticInEq3.key 
360061     INFO  main            d.u.i.k.p.i.AbstractProblemLoader Loading environment from /home/runner/work/key/key/key.core/../key.ui/examples/standard_key/inEqSimp/quadraticInEq3.key 
360061     DEBUG main            d.u.i.k.p.i.AbstractProblemLoader Environment load took 119.5ns 
360062     INFO  main            d.u.i.k.p.i.AbstractProblemLoader Creating init config 
362864     DEBUG main            d.u.i.k.p.i.AbstractProblemLoader Init config took 2.8s 
362881     INFO  main            d.u.i.k.p.i.AbstractProblemLoader Replaying proof quadraticInEq3.key 
362883     DEBUG main            d.u.i.k.p.i.IntermediateProofReplayer Proof replay took 3.1ns 
362986     INFO  main            d.u.i.k.p.r.p.TestFile    ... finished proof: closed. 
363413     INFO  main            d.u.i.k.p.i.AbstractProblemLoader Loading environment from /home/runner/work/key/key/key.core/../key.ui/examples/standard_key/inEqSimp/quadraticInEq3.key.proof 
363413     DEBUG main            d.u.i.k.p.i.AbstractProblemLoader Environment load took 115.4ns 
363415     INFO  main            d.u.i.k.p.i.AbstractProblemLoader Creating init config 
366208     DEBUG main            d.u.i.k.p.i.AbstractProblemLoader Init config took 2.79s 
366225     INFO  main            d.u.i.k.p.i.AbstractProblemLoader Replaying proof quadraticInEq3.key.proof 
366235     DEBUG main            d.u.i.k.p.i.IntermediateProofReplayer Proof replay took 7.9ms 
366236     DEBUG main            d.u.i.k.p.r.p.TestFile    ... success: reloaded. 
366237     INFO  main            d.u.i.k.p.r.p.TestFile    Now processing file /home/runner/work/key/key/key.core/../key.ui/examples/standard_key/inEqSimp/quadraticInEq4.key 
366238     INFO  main            d.u.i.k.p.i.AbstractProblemLoader Loading environment from /home/runner/work/key/key/key.core/../key.ui/examples/standard_key/inEqSimp/quadraticInEq4.key 
366238     DEBUG main            d.u.i.k.p.i.AbstractProblemLoader Environment load took 92.9ns 
366239     INFO  main            d.u.i.k.p.i.AbstractProblemLoader Creating init config 
369056     DEBUG main            d.u.i.k.p.i.AbstractProblemLoader Init config took 2.82s 
369071     INFO  main            d.u.i.k.p.i.AbstractProblemLoader Replaying proof quadraticInEq4.key 
369073     DEBUG main            d.u.i.k.p.i.IntermediateProofReplayer Proof replay took 4.1ns 
369175     INFO  main            d.u.i.k.p.r.p.TestFile    ... finished proof: closed. 
369642     INFO  main            d.u.i.k.p.i.AbstractProblemLoader Loading environment from /home/runner/work/key/key/key.core/../key.ui/examples/standard_key/inEqSimp/quadraticInEq4.key.proof 
369642     DEBUG main            d.u.i.k.p.i.AbstractProblemLoader Environment load took 105.6ns 
369643     INFO  main            d.u.i.k.p.i.AbstractProblemLoader Creating init config 
372427     DEBUG main            d.u.i.k.p.i.AbstractProblemLoader Init config took 2.78s 
372443     INFO  main            d.u.i.k.p.i.AbstractProblemLoader Replaying proof quadraticInEq4.key.proof 
372453     DEBUG main            d.u.i.k.p.i.IntermediateProofReplayer Proof replay took 7.57ms 
372454     DEBUG main            d.u.i.k.p.r.p.TestFile    ... success: reloaded. 
372455     INFO  main            d.u.i.k.p.r.p.TestFile    Now processing file /home/runner/work/key/key/key.core/../key.ui/examples/standard_key/inEqSimp/quadraticInEq5.key 
372455     INFO  main            d.u.i.k.p.i.AbstractProblemLoader Loading environment from /home/runner/work/key/key/key.core/../key.ui/examples/standard_key/inEqSimp/quadraticInEq5.key 
372456     DEBUG main            d.u.i.k.p.i.AbstractProblemLoader Environment load took 71.2ns 
372457     INFO  main            d.u.i.k.p.i.AbstractProblemLoader Creating init config 
375289     DEBUG main            d.u.i.k.p.i.AbstractProblemLoader Init config took 2.83s 
375304     INFO  main            d.u.i.k.p.i.AbstractProblemLoader Replaying proof quadraticInEq5.key 
375306     DEBUG main            d.u.i.k.p.i.IntermediateProofReplayer Proof replay took 3.5ns 
375408     INFO  main            d.u.i.k.p.r.p.TestFile    ... finished proof: closed. 
375872     INFO  main            d.u.i.k.p.i.AbstractProblemLoader Loading environment from /home/runner/work/key/key/key.core/../key.ui/examples/standard_key/inEqSimp/quadraticInEq5.key.proof 
375872     DEBUG main            d.u.i.k.p.i.AbstractProblemLoader Environment load took 108.9ns 
375873     INFO  main            d.u.i.k.p.i.AbstractProblemLoader Creating init config 
378662     DEBUG main            d.u.i.k.p.i.AbstractProblemLoader Init config took 2.79s 
378678     INFO  main            d.u.i.k.p.i.AbstractProblemLoader Replaying proof quadraticInEq5.key.proof 
378686     DEBUG main            d.u.i.k.p.i.IntermediateProofReplayer Proof replay took 6.14ms 
378687     DEBUG main            d.u.i.k.p.r.p.TestFile    ... success: reloaded. 
378688     INFO  main            d.u.i.k.p.r.p.TestFile    Now processing file /home/runner/work/key/key/key.core/../key.ui/examples/standard_key/inEqSimp/quadraticInEq6.key 
378688     INFO  main            d.u.i.k.p.i.AbstractProblemLoader Loading environment from /home/runner/work/key/key/key.core/../key.ui/examples/standard_key/inEqSimp/quadraticInEq6.key 
378688     DEBUG main            d.u.i.k.p.i.AbstractProblemLoader Environment load took 83ns 
378689     INFO  main            d.u.i.k.p.i.AbstractProblemLoader Creating init config 
381509     DEBUG main            d.u.i.k.p.i.AbstractProblemLoader Init config took 2.82s 
381526     INFO  main            d.u.i.k.p.i.AbstractProblemLoader Replaying proof quadraticInEq6.key 
381528     DEBUG main            d.u.i.k.p.i.IntermediateProofReplayer Proof replay took 3.2ns 
381631     INFO  main            d.u.i.k.p.r.p.TestFile    ... finished proof: closed. 
382078     INFO  main            d.u.i.k.p.i.AbstractProblemLoader Loading environment from /home/runner/work/key/key/key.core/../key.ui/examples/standard_key/inEqSimp/quadraticInEq6.key.proof 
382078     DEBUG main            d.u.i.k.p.i.AbstractProblemLoader Environment load took 111.3ns 
382080     INFO  main            d.u.i.k.p.i.AbstractProblemLoader Creating init config 
384868     DEBUG main            d.u.i.k.p.i.AbstractProblemLoader Init config took 2.79s 
384884     INFO  main            d.u.i.k.p.i.AbstractProblemLoader Replaying proof quadraticInEq6.key.proof 
384892     DEBUG main            d.u.i.k.p.i.IntermediateProofReplayer Proof replay took 6.08ms 
384893     DEBUG main            d.u.i.k.p.r.p.TestFile    ... success: reloaded. 
384894     INFO  main            d.u.i.k.p.r.p.TestFile    Now processing file /home/runner/work/key/key/key.core/../key.ui/examples/standard_key/inEqSimp/quadraticInEq7.key 
384894     INFO  main            d.u.i.k.p.i.AbstractProblemLoader Loading environment from /home/runner/work/key/key/key.core/../key.ui/examples/standard_key/inEqSimp/quadraticInEq7.key 
384895     DEBUG main            d.u.i.k.p.i.AbstractProblemLoader Environment load took 118.4ns 
384896     INFO  main            d.u.i.k.p.i.AbstractProblemLoader Creating init config 
387719     DEBUG main            d.u.i.k.p.i.AbstractProblemLoader Init config took 2.82s 
387738     INFO  main            d.u.i.k.p.i.AbstractProblemLoader Replaying proof quadraticInEq7.key 
387739     DEBUG main            d.u.i.k.p.i.IntermediateProofReplayer Proof replay took 3.7ns 
387841     INFO  main            d.u.i.k.p.r.p.TestFile    ... finished proof: closed. 
388300     INFO  main            d.u.i.k.p.i.AbstractProblemLoader Loading environment from /home/runner/work/key/key/key.core/../key.ui/examples/standard_key/inEqSimp/quadraticInEq7.key.proof 
388301     DEBUG main            d.u.i.k.p.i.AbstractProblemLoader Environment load took 107.2ns 
388302     INFO  main            d.u.i.k.p.i.AbstractProblemLoader Creating init config 
391082     DEBUG main            d.u.i.k.p.i.AbstractProblemLoader Init config took 2.78s 
391097     INFO  main            d.u.i.k.p.i.AbstractProblemLoader Replaying proof quadraticInEq7.key.proof 
391102     DEBUG main            d.u.i.k.p.i.IntermediateProofReplayer Proof replay took 3.36ms 
391103     DEBUG main            d.u.i.k.p.r.p.TestFile    ... success: reloaded. 
391104     INFO  main            d.u.i.k.p.r.p.TestFile    Now processing file /home/runner/work/key/key/key.core/../key.ui/examples/standard_key/inEqSimp/quadraticInEq8.key 
391104     INFO  main            d.u.i.k.p.i.AbstractProblemLoader Loading environment from /home/runner/work/key/key/key.core/../key.ui/examples/standard_key/inEqSimp/quadraticInEq8.key 
391104     DEBUG main            d.u.i.k.p.i.AbstractProblemLoader Environment load took 87.3ns 
391105     INFO  main            d.u.i.k.p.i.AbstractProblemLoader Creating init config 
393907     DEBUG main            d.u.i.k.p.i.AbstractProblemLoader Init config took 2.8s 
393923     INFO  main            d.u.i.k.p.i.AbstractProblemLoader Replaying proof quadraticInEq8.key 
393925     DEBUG main            d.u.i.k.p.i.IntermediateProofReplayer Proof replay took 3.4ns 
394127     INFO  main            d.u.i.k.p.r.p.TestFile    ... finished proof: closed. 
394608     INFO  main            d.u.i.k.p.i.AbstractProblemLoader Loading environment from /home/runner/work/key/key/key.core/../key.ui/examples/standard_key/inEqSimp/quadraticInEq8.key.proof 
394609     DEBUG main            d.u.i.k.p.i.AbstractProblemLoader Environment load took 128.1ns 
394610     INFO  main            d.u.i.k.p.i.AbstractProblemLoader Creating init config 
397377     DEBUG main            d.u.i.k.p.i.AbstractProblemLoader Init config took 2.77s 
397393     INFO  main            d.u.i.k.p.i.AbstractProblemLoader Replaying proof quadraticInEq8.key.proof 
397405     DEBUG main            d.u.i.k.p.i.IntermediateProofReplayer Proof replay took 9.89ms 
397406     DEBUG main            d.u.i.k.p.r.p.TestFile    ... success: reloaded. 
397407     INFO  main            d.u.i.k.p.r.p.TestFile    Now processing file /home/runner/work/key/key/key.core/../key.ui/examples/standard_key/inEqSimp/simplify0.key 
397407     INFO  main            d.u.i.k.p.i.AbstractProblemLoader Loading environment from /home/runner/work/key/key/key.core/../key.ui/examples/standard_key/inEqSimp/simplify0.key 
397407     DEBUG main            d.u.i.k.p.i.AbstractProblemLoader Environment load took 131ns 
397408     INFO  main            d.u.i.k.p.i.AbstractProblemLoader Creating init config 
400247     DEBUG main            d.u.i.k.p.i.AbstractProblemLoader Init config took 2.84s 
400264     INFO  main            d.u.i.k.p.i.AbstractProblemLoader Replaying proof simplify0.key 
400265     DEBUG main            d.u.i.k.p.i.IntermediateProofReplayer Proof replay took 3ns 
400368     INFO  main            d.u.i.k.p.r.p.TestFile    ... finished proof: closed. 
400856     INFO  main            d.u.i.k.p.i.AbstractProblemLoader Loading environment from /home/runner/work/key/key/key.core/../key.ui/examples/standard_key/inEqSimp/simplify0.key.proof 
400856     DEBUG main            d.u.i.k.p.i.AbstractProblemLoader Environment load took 117.5ns 
400857     INFO  main            d.u.i.k.p.i.AbstractProblemLoader Creating init config 
403640     DEBUG main            d.u.i.k.p.i.AbstractProblemLoader Init config took 2.78s 
403657     INFO  main            d.u.i.k.p.i.AbstractProblemLoader Replaying proof simplify0.key.proof 
403662     DEBUG main            d.u.i.k.p.i.IntermediateProofReplayer Proof replay took 3.24ms 
403663     DEBUG main            d.u.i.k.p.r.p.TestFile    ... success: reloaded. 
403664     INFO  main            d.u.i.k.p.r.p.TestFile    Now processing file /home/runner/work/key/key/key.core/../key.ui/examples/standard_key/inEqSimp/simplify1.key 
403664     INFO  main            d.u.i.k.p.i.AbstractProblemLoader Loading environment from /home/runner/work/key/key/key.core/../key.ui/examples/standard_key/inEqSimp/simplify1.key 
403664     DEBUG main            d.u.i.k.p.i.AbstractProblemLoader Environment load took 109.7ns 
403665     INFO  main            d.u.i.k.p.i.AbstractProblemLoader Creating init config 
406499     DEBUG main            d.u.i.k.p.i.AbstractProblemLoader Init config took 2.83s 
406514     INFO  main            d.u.i.k.p.i.AbstractProblemLoader Replaying proof simplify1.key 
406516     DEBUG main            d.u.i.k.p.i.IntermediateProofReplayer Proof replay took 3.8ns 
406618     INFO  main            d.u.i.k.p.r.p.TestFile    ... finished proof: closed. 
407091     INFO  main            d.u.i.k.p.i.AbstractProblemLoader Loading environment from /home/runner/work/key/key/key.core/../key.ui/examples/standard_key/inEqSimp/simplify1.key.proof 
407091     DEBUG main            d.u.i.k.p.i.AbstractProblemLoader Environment load took 95.7ns 
407092     INFO  main            d.u.i.k.p.i.AbstractProblemLoader Creating init config 
409856     DEBUG main            d.u.i.k.p.i.AbstractProblemLoader Init config took 2.76s 
409872     INFO  main            d.u.i.k.p.i.AbstractProblemLoader Replaying proof simplify1.key.proof 
409875     DEBUG main            d.u.i.k.p.i.IntermediateProofReplayer Proof replay took 1.66ms 
409876     DEBUG main            d.u.i.k.p.r.p.TestFile    ... success: reloaded. 
409876     INFO  main            d.u.i.k.p.r.p.TestFile    Now processing file /home/runner/work/key/key/key.core/../key.ui/examples/standard_key/inEqSimp/simplify2.key 
409877     INFO  main            d.u.i.k.p.i.AbstractProblemLoader Loading environment from /home/runner/work/key/key/key.core/../key.ui/examples/standard_key/inEqSimp/simplify2.key 
409877     DEBUG main            d.u.i.k.p.i.AbstractProblemLoader Environment load took 58.9ns 
409878     INFO  main            d.u.i.k.p.i.AbstractProblemLoader Creating init config 
412713     DEBUG main            d.u.i.k.p.i.AbstractProblemLoader Init config took 2.84s 
412731     INFO  main            d.u.i.k.p.i.AbstractProblemLoader Replaying proof simplify2.key 
412732     DEBUG main            d.u.i.k.p.i.IntermediateProofReplayer Proof replay took 4.2ns 
412935     INFO  main            d.u.i.k.p.r.p.TestFile    ... finished proof: closed. 
413473     INFO  main            d.u.i.k.p.i.AbstractProblemLoader Loading environment from /home/runner/work/key/key/key.core/../key.ui/examples/standard_key/inEqSimp/simplify2.key.proof 
413474     DEBUG main            d.u.i.k.p.i.AbstractProblemLoader Environment load took 93.8ns 
413475     INFO  main            d.u.i.k.p.i.AbstractProblemLoader Creating init config 
416327     DEBUG main            d.u.i.k.p.i.AbstractProblemLoader Init config took 2.85s 
416342     INFO  main            d.u.i.k.p.i.AbstractProblemLoader Replaying proof simplify2.key.proof 
416359     DEBUG main            d.u.i.k.p.i.IntermediateProofReplayer Proof replay took 14.4ms 
416360     DEBUG main            d.u.i.k.p.r.p.TestFile    ... success: reloaded. 
416360     INFO  main            d.u.i.k.p.r.p.TestFile    Now processing file /home/runner/work/key/key/key.core/../key.ui/examples/standard_key/inEqSimp/simplify3.key 
416361     INFO  main            d.u.i.k.p.i.AbstractProblemLoader Loading environment from /home/runner/work/key/key/key.core/../key.ui/examples/standard_key/inEqSimp/simplify3.key 
416361     DEBUG main            d.u.i.k.p.i.AbstractProblemLoader Environment load took 84.7ns 
416362     INFO  main            d.u.i.k.p.i.AbstractProblemLoader Creating init config 
419169     DEBUG main            d.u.i.k.p.i.AbstractProblemLoader Init config took 2.81s 
419185     INFO  main            d.u.i.k.p.i.AbstractProblemLoader Replaying proof simplify3.key 
419187     DEBUG main            d.u.i.k.p.i.IntermediateProofReplayer Proof replay took 3.5ns 
419288     INFO  main            d.u.i.k.p.r.p.TestFile    ... finished proof: closed. 
419792     INFO  main            d.u.i.k.p.i.AbstractProblemLoader Loading environment from /home/runner/work/key/key/key.core/../key.ui/examples/standard_key/inEqSimp/simplify3.key.proof 
419792     DEBUG main            d.u.i.k.p.i.AbstractProblemLoader Environment load took 89.4ns 
419794     INFO  main            d.u.i.k.p.i.AbstractProblemLoader Creating init config 
422600     DEBUG main            d.u.i.k.p.i.AbstractProblemLoader Init config took 2.81s 
422615     INFO  main            d.u.i.k.p.i.AbstractProblemLoader Replaying proof simplify3.key.proof 
422620     DEBUG main            d.u.i.k.p.i.IntermediateProofReplayer Proof replay took 2.65ms 
422621     DEBUG main            d.u.i.k.p.r.p.TestFile    ... success: reloaded. 
422621     INFO  main            d.u.i.k.p.r.p.TestFile    Now processing file /home/runner/work/key/key/key.core/../key.ui/examples/standard_key/inEqSimp/simplify4.key 
422621     INFO  main            d.u.i.k.p.i.AbstractProblemLoader Loading environment from /home/runner/work/key/key/key.core/../key.ui/examples/standard_key/inEqSimp/simplify4.key 
422621     DEBUG main            d.u.i.k.p.i.AbstractProblemLoader Environment load took 58.7ns 
422622     INFO  main            d.u.i.k.p.i.AbstractProblemLoader Creating init config 
425507     DEBUG main            d.u.i.k.p.i.AbstractProblemLoader Init config took 2.88s 
425524     INFO  main            d.u.i.k.p.i.AbstractProblemLoader Replaying proof simplify4.key 
425525     DEBUG main            d.u.i.k.p.i.IntermediateProofReplayer Proof replay took 3.8ns 
425629     INFO  main            d.u.i.k.p.r.p.TestFile    ... finished proof: closed. 
426150     INFO  main            d.u.i.k.p.i.AbstractProblemLoader Loading environment from /home/runner/work/key/key/key.core/../key.ui/examples/standard_key/inEqSimp/simplify4.key.proof 
426150     DEBUG main            d.u.i.k.p.i.AbstractProblemLoader Environment load took 93.2ns 
426151     INFO  main            d.u.i.k.p.i.AbstractProblemLoader Creating init config 
428938     DEBUG main            d.u.i.k.p.i.AbstractProblemLoader Init config took 2.79s 
428956     INFO  main            d.u.i.k.p.i.AbstractProblemLoader Replaying proof simplify4.key.proof 
428977     DEBUG main            d.u.i.k.p.i.IntermediateProofReplayer Proof replay took 18.62ms 
428978     DEBUG main            d.u.i.k.p.r.p.TestFile    ... success: reloaded. 
428978     INFO  main            d.u.i.k.p.r.p.TestFile    Now processing file /home/runner/work/key/key/key.core/../key.ui/examples/standard_key/inEqSimp/simplify5.key 
428978     INFO  main            d.u.i.k.p.i.AbstractProblemLoader Loading environment from /home/runner/work/key/key/key.core/../key.ui/examples/standard_key/inEqSimp/simplify5.key 
428979     DEBUG main            d.u.i.k.p.i.AbstractProblemLoader Environment load took 82.2ns 
428980     INFO  main            d.u.i.k.p.i.AbstractProblemLoader Creating init config 
431877     DEBUG main            d.u.i.k.p.i.AbstractProblemLoader Init config took 2.9s 
431893     INFO  main            d.u.i.k.p.i.AbstractProblemLoader Replaying proof simplify5.key 
431895     DEBUG main            d.u.i.k.p.i.IntermediateProofReplayer Proof replay took 3.6ns 
432602     INFO  main            d.u.i.k.p.r.p.TestFile    ... finished proof: closed. 
433157     INFO  main            d.u.i.k.p.i.AbstractProblemLoader Loading environment from /home/runner/work/key/key/key.core/../key.ui/examples/standard_key/inEqSimp/simplify5.key.proof 
433157     DEBUG main            d.u.i.k.p.i.AbstractProblemLoader Environment load took 114.3ns 
433158     INFO  main            d.u.i.k.p.i.AbstractProblemLoader Creating init config 
435959     DEBUG main            d.u.i.k.p.i.AbstractProblemLoader Init config took 2.8s 
435975     INFO  main            d.u.i.k.p.i.AbstractProblemLoader Replaying proof simplify5.key.proof 
436051     DEBUG main            d.u.i.k.p.i.IntermediateProofReplayer Proof replay took 70.5ms 
436052     DEBUG main            d.u.i.k.p.r.p.TestFile    ... success: reloaded. 
436056     INFO  main            d.u.i.k.p.r.p.TestFile    Now processing file /home/runner/work/key/key/key.core/../key.ui/examples/standard_key/inEqSimp/subsumptionExample.key 
436056     INFO  main            d.u.i.k.p.i.AbstractProblemLoader Loading environment from /home/runner/work/key/key/key.core/../key.ui/examples/standard_key/inEqSimp/subsumptionExample.key 
436056     DEBUG main            d.u.i.k.p.i.AbstractProblemLoader Environment load took 58.5ns 
436057     INFO  main            d.u.i.k.p.i.AbstractProblemLoader Creating init config 
438900     DEBUG main            d.u.i.k.p.i.AbstractProblemLoader Init config took 2.84s 
438915     INFO  main            d.u.i.k.p.i.AbstractProblemLoader Replaying proof subsumptionExample.key 
438916     DEBUG main            d.u.i.k.p.i.IntermediateProofReplayer Proof replay took 3.5ns 
439018     INFO  main            d.u.i.k.p.r.p.TestFile    ... finished proof: closed. 
439547     INFO  main            d.u.i.k.p.i.AbstractProblemLoader Loading environment from /home/runner/work/key/key/key.core/../key.ui/examples/standard_key/inEqSimp/subsumptionExample.key.proof 
439547     DEBUG main            d.u.i.k.p.i.AbstractProblemLoader Environment load took 93.3ns 
439548     INFO  main            d.u.i.k.p.i.AbstractProblemLoader Creating init config 
442345     DEBUG main            d.u.i.k.p.i.AbstractProblemLoader Init config took 2.8s 
442362     INFO  main            d.u.i.k.p.i.AbstractProblemLoader Replaying proof subsumptionExample.key.proof 
442365     DEBUG main            d.u.i.k.p.i.IntermediateProofReplayer Proof replay took 1.06ms 
442365     DEBUG main            d.u.i.k.p.r.p.TestFile    ... success: reloaded. 
442366     INFO  main            d.u.i.k.p.r.p.TestFile    Now processing file /home/runner/work/key/key/key.core/../key.ui/examples/standard_key/polySimp/simplify0.key 
442366     INFO  main            d.u.i.k.p.i.AbstractProblemLoader Loading environment from /home/runner/work/key/key/key.core/../key.ui/examples/standard_key/polySimp/simplify0.key 
442366     DEBUG main            d.u.i.k.p.i.AbstractProblemLoader Environment load took 58.2ns 
442367     INFO  main            d.u.i.k.p.i.AbstractProblemLoader Creating init config 
445171     DEBUG main            d.u.i.k.p.i.AbstractProblemLoader Init config took 2.8s 
445187     INFO  main            d.u.i.k.p.i.AbstractProblemLoader Replaying proof simplify0.key 
445188     DEBUG main            d.u.i.k.p.i.IntermediateProofReplayer Proof replay took 3.6ns 
445393     INFO  main            d.u.i.k.p.r.p.TestFile    ... finished proof: closed. 
445948     INFO  main            d.u.i.k.p.i.AbstractProblemLoader Loading environment from /home/runner/work/key/key/key.core/../key.ui/examples/standard_key/polySimp/simplify0.key.proof 
445948     DEBUG main            d.u.i.k.p.i.AbstractProblemLoader Environment load took 93.5ns 
445950     INFO  main            d.u.i.k.p.i.AbstractProblemLoader Creating init config 
448709     DEBUG main            d.u.i.k.p.i.AbstractProblemLoader Init config took 2.76s 
448726     INFO  main            d.u.i.k.p.i.AbstractProblemLoader Replaying proof simplify0.key.proof 
448750     DEBUG main            d.u.i.k.p.i.IntermediateProofReplayer Proof replay took 20.75ms 
448751     DEBUG main            d.u.i.k.p.r.p.TestFile    ... success: reloaded. 
448752     INFO  main            d.u.i.k.p.r.p.TestFile    Now processing file /home/runner/work/key/key/key.core/../key.ui/examples/standard_key/polySimp/simplify1.key 
448752     INFO  main            d.u.i.k.p.i.AbstractProblemLoader Loading environment from /home/runner/work/key/key/key.core/../key.ui/examples/standard_key/polySimp/simplify1.key 
448752     DEBUG main            d.u.i.k.p.i.AbstractProblemLoader Environment load took 54.6ns 
448753     INFO  main            d.u.i.k.p.i.AbstractProblemLoader Creating init config 
451569     DEBUG main            d.u.i.k.p.i.AbstractProblemLoader Init config took 2.82s 
451586     INFO  main            d.u.i.k.p.i.AbstractProblemLoader Replaying proof simplify1.key 
451588     DEBUG main            d.u.i.k.p.i.IntermediateProofReplayer Proof replay took 3.2ns 
451993     INFO  main            d.u.i.k.p.r.p.TestFile    ... finished proof: closed. 
452522     INFO  main            d.u.i.k.p.i.AbstractProblemLoader Loading environment from /home/runner/work/key/key/key.core/../key.ui/examples/standard_key/polySimp/simplify1.key.proof 
452522     DEBUG main            d.u.i.k.p.i.AbstractProblemLoader Environment load took 110.7ns 
452523     INFO  main            d.u.i.k.p.i.AbstractProblemLoader Creating init config 
455323     DEBUG main            d.u.i.k.p.i.AbstractProblemLoader Init config took 2.8s 
455340     INFO  main            d.u.i.k.p.i.AbstractProblemLoader Replaying proof simplify1.key.proof 
455372     DEBUG main            d.u.i.k.p.i.IntermediateProofReplayer Proof replay took 29.74ms 
455373     DEBUG main            d.u.i.k.p.r.p.TestFile    ... success: reloaded. 
455374     INFO  main            d.u.i.k.p.r.p.TestFile    Now processing file /home/runner/work/key/key/key.core/../key.ui/examples/standard_key/polySimp/simplify10.key 
455374     INFO  main            d.u.i.k.p.i.AbstractProblemLoader Loading environment from /home/runner/work/key/key/key.core/../key.ui/examples/standard_key/polySimp/simplify10.key 
455374     DEBUG main            d.u.i.k.p.i.AbstractProblemLoader Environment load took 60.2ns 
455376     INFO  main            d.u.i.k.p.i.AbstractProblemLoader Creating init config 
458222     DEBUG main            d.u.i.k.p.i.AbstractProblemLoader Init config took 2.85s 
458238     INFO  main            d.u.i.k.p.i.AbstractProblemLoader Replaying proof simplify10.key 
458239     DEBUG main            d.u.i.k.p.i.IntermediateProofReplayer Proof replay took 3.4ns 
458545     INFO  main            d.u.i.k.p.r.p.TestFile    ... finished proof: closed. 
459126     INFO  main            d.u.i.k.p.i.AbstractProblemLoader Loading environment from /home/runner/work/key/key/key.core/../key.ui/examples/standard_key/polySimp/simplify10.key.proof 
459126     DEBUG main            d.u.i.k.p.i.AbstractProblemLoader Environment load took 93.1ns 
459127     INFO  main            d.u.i.k.p.i.AbstractProblemLoader Creating init config 
461937     DEBUG main            d.u.i.k.p.i.AbstractProblemLoader Init config took 2.81s 
461954     INFO  main            d.u.i.k.p.i.AbstractProblemLoader Replaying proof simplify10.key.proof 
461997     DEBUG main            d.u.i.k.p.i.IntermediateProofReplayer Proof replay took 39.95ms 
461999     DEBUG main            d.u.i.k.p.r.p.TestFile    ... success: reloaded. 
461999     INFO  main            d.u.i.k.p.r.p.TestFile    Now processing file /home/runner/work/key/key/key.core/../key.ui/examples/standard_key/polySimp/simplify11.key 
462000     INFO  main            d.u.i.k.p.i.AbstractProblemLoader Loading environment from /home/runner/work/key/key/key.core/../key.ui/examples/standard_key/polySimp/simplify11.key 
462000     DEBUG main            d.u.i.k.p.i.AbstractProblemLoader Environment load took 64.3ns 
462001     INFO  main            d.u.i.k.p.i.AbstractProblemLoader Creating init config 
464823     DEBUG main            d.u.i.k.p.i.AbstractProblemLoader Init config took 2.82s 
464838     INFO  main            d.u.i.k.p.i.AbstractProblemLoader Replaying proof simplify11.key 
464840     DEBUG main            d.u.i.k.p.i.IntermediateProofReplayer Proof replay took 4.1ns 
465143     INFO  main            d.u.i.k.p.r.p.TestFile    ... finished proof: closed. 
465708     INFO  main            d.u.i.k.p.i.AbstractProblemLoader Loading environment from /home/runner/work/key/key/key.core/../key.ui/examples/standard_key/polySimp/simplify11.key.proof 
465708     DEBUG main            d.u.i.k.p.i.AbstractProblemLoader Environment load took 93.7ns 
465709     INFO  main            d.u.i.k.p.i.AbstractProblemLoader Creating init config 
468480     DEBUG main            d.u.i.k.p.i.AbstractProblemLoader Init config took 2.77s 
468497     INFO  main            d.u.i.k.p.i.AbstractProblemLoader Replaying proof simplify11.key.proof 
468526     DEBUG main            d.u.i.k.p.i.IntermediateProofReplayer Proof replay took 26.58ms 
468528     DEBUG main            d.u.i.k.p.r.p.TestFile    ... success: reloaded. 
468528     INFO  main            d.u.i.k.p.r.p.TestFile    Now processing file /home/runner/work/key/key/key.core/../key.ui/examples/standard_key/polySimp/simplify12.key 
468528     INFO  main            d.u.i.k.p.i.AbstractProblemLoader Loading environment from /home/runner/work/key/key/key.core/../key.ui/examples/standard_key/polySimp/simplify12.key 
468528     DEBUG main            d.u.i.k.p.i.AbstractProblemLoader Environment load took 59.3ns 
468529     INFO  main            d.u.i.k.p.i.AbstractProblemLoader Creating init config 
471361     DEBUG main            d.u.i.k.p.i.AbstractProblemLoader Init config took 2.83s 
471377     INFO  main            d.u.i.k.p.i.AbstractProblemLoader Replaying proof simplify12.key 
471378     DEBUG main            d.u.i.k.p.i.IntermediateProofReplayer Proof replay took 3.8ns 
471480     INFO  main            d.u.i.k.p.r.p.TestFile    ... finished proof: closed. 
472057     INFO  main            d.u.i.k.p.i.AbstractProblemLoader Loading environment from /home/runner/work/key/key/key.core/../key.ui/examples/standard_key/polySimp/simplify12.key.proof 
472057     DEBUG main            d.u.i.k.p.i.AbstractProblemLoader Environment load took 98.6ns 
472058     INFO  main            d.u.i.k.p.i.AbstractProblemLoader Creating init config 
474831     DEBUG main            d.u.i.k.p.i.AbstractProblemLoader Init config took 2.77s 
474846     INFO  main            d.u.i.k.p.i.AbstractProblemLoader Replaying proof simplify12.key.proof 
474861     DEBUG main            d.u.i.k.p.i.IntermediateProofReplayer Proof replay took 12.58ms 
474862     DEBUG main            d.u.i.k.p.r.p.TestFile    ... success: reloaded. 
474862     INFO  main            d.u.i.k.p.r.p.TestFile    Now processing file /home/runner/work/key/key/key.core/../key.ui/examples/standard_key/polySimp/simplify13.key 
474863     INFO  main            d.u.i.k.p.i.AbstractProblemLoader Loading environment from /home/runner/work/key/key/key.core/../key.ui/examples/standard_key/polySimp/simplify13.key 
474863     DEBUG main            d.u.i.k.p.i.AbstractProblemLoader Environment load took 64.5ns 
474864     INFO  main            d.u.i.k.p.i.AbstractProblemLoader Creating init config 
477709     DEBUG main            d.u.i.k.p.i.AbstractProblemLoader Init config took 2.85s 
477724     INFO  main            d.u.i.k.p.i.AbstractProblemLoader Replaying proof simplify13.key 
477725     DEBUG main            d.u.i.k.p.i.IntermediateProofReplayer Proof replay took 3.5ns 
477827     INFO  main            d.u.i.k.p.r.p.TestFile    ... finished proof: closed. 
478385     INFO  main            d.u.i.k.p.i.AbstractProblemLoader Loading environment from /home/runner/work/key/key/key.core/../key.ui/examples/standard_key/polySimp/simplify13.key.proof 
478385     DEBUG main            d.u.i.k.p.i.AbstractProblemLoader Environment load took 89.2ns 
478386     INFO  main            d.u.i.k.p.i.AbstractProblemLoader Creating init config 
481134     DEBUG main            d.u.i.k.p.i.AbstractProblemLoader Init config took 2.75s 
481152     INFO  main            d.u.i.k.p.i.AbstractProblemLoader Replaying proof simplify13.key.proof 
481162     DEBUG main            d.u.i.k.p.i.IntermediateProofReplayer Proof replay took 7.58ms 
481163     DEBUG main            d.u.i.k.p.r.p.TestFile    ... success: reloaded. 
481163     INFO  main            d.u.i.k.p.r.p.TestFile    Now processing file /home/runner/work/key/key/key.core/../key.ui/examples/standard_key/polySimp/simplify14.key 
481163     INFO  main            d.u.i.k.p.i.AbstractProblemLoader Loading environment from /home/runner/work/key/key/key.core/../key.ui/examples/standard_key/polySimp/simplify14.key 
481164     DEBUG main            d.u.i.k.p.i.AbstractProblemLoader Environment load took 59.4ns 
481165     INFO  main            d.u.i.k.p.i.AbstractProblemLoader Creating init config 
484004     DEBUG main            d.u.i.k.p.i.AbstractProblemLoader Init config took 2.84s 
484019     INFO  main            d.u.i.k.p.i.AbstractProblemLoader Replaying proof simplify14.key 
484021     DEBUG main            d.u.i.k.p.i.IntermediateProofReplayer Proof replay took 3ns 
484123     INFO  main            d.u.i.k.p.r.p.TestFile    ... finished proof: closed. 
484684     INFO  main            d.u.i.k.p.i.AbstractProblemLoader Loading environment from /home/runner/work/key/key/key.core/../key.ui/examples/standard_key/polySimp/simplify14.key.proof 
484684     DEBUG main            d.u.i.k.p.i.AbstractProblemLoader Environment load took 92.2ns 
484686     INFO  main            d.u.i.k.p.i.AbstractProblemLoader Creating init config 
487479     DEBUG main            d.u.i.k.p.i.AbstractProblemLoader Init config took 2.79s 
487495     INFO  main            d.u.i.k.p.i.AbstractProblemLoader Replaying proof simplify14.key.proof 
487498     DEBUG main            d.u.i.k.p.i.IntermediateProofReplayer Proof replay took 1.9ms 
487499     DEBUG main            d.u.i.k.p.r.p.TestFile    ... success: reloaded. 
487500     INFO  main            d.u.i.k.p.r.p.TestFile    Now processing file /home/runner/work/key/key/key.core/../key.ui/examples/standard_key/polySimp/simplify15.key 
487500     INFO  main            d.u.i.k.p.i.AbstractProblemLoader Loading environment from /home/runner/work/key/key/key.core/../key.ui/examples/standard_key/polySimp/simplify15.key 
487500     DEBUG main            d.u.i.k.p.i.AbstractProblemLoader Environment load took 56.3ns 
487501     INFO  main            d.u.i.k.p.i.AbstractProblemLoader Creating init config 
490379     DEBUG main            d.u.i.k.p.i.AbstractProblemLoader Init config took 2.88s 
490394     INFO  main            d.u.i.k.p.i.AbstractProblemLoader Replaying proof simplify15.key 
490400     DEBUG main            d.u.i.k.p.i.IntermediateProofReplayer Proof replay took 3.5ns 
490504     INFO  main            d.u.i.k.p.r.p.TestFile    ... finished proof: closed. 
491059     INFO  main            d.u.i.k.p.i.AbstractProblemLoader Loading environment from /home/runner/work/key/key/key.core/../key.ui/examples/standard_key/polySimp/simplify15.key.proof 
491059     DEBUG main            d.u.i.k.p.i.AbstractProblemLoader Environment load took 105.1ns 
491060     INFO  main            d.u.i.k.p.i.AbstractProblemLoader Creating init config 
493836     DEBUG main            d.u.i.k.p.i.AbstractProblemLoader Init config took 2.78s 
493851     INFO  main            d.u.i.k.p.i.AbstractProblemLoader Replaying proof simplify15.key.proof 
493854     DEBUG main            d.u.i.k.p.i.IntermediateProofReplayer Proof replay took 930.6ns 
493855     DEBUG main            d.u.i.k.p.r.p.TestFile    ... success: reloaded. 
493855     INFO  main            d.u.i.k.p.r.p.TestFile    Now processing file /home/runner/work/key/key/key.core/../key.ui/examples/standard_key/polySimp/simplify16.key 
493856     INFO  main            d.u.i.k.p.i.AbstractProblemLoader Loading environment from /home/runner/work/key/key/key.core/../key.ui/examples/standard_key/polySimp/simplify16.key 
493856     DEBUG main            d.u.i.k.p.i.AbstractProblemLoader Environment load took 58.1ns 
493858     INFO  main            d.u.i.k.p.i.AbstractProblemLoader Creating init config 
496707     DEBUG main            d.u.i.k.p.i.AbstractProblemLoader Init config took 2.85s 
496722     INFO  main            d.u.i.k.p.i.AbstractProblemLoader Replaying proof simplify16.key 
496723     DEBUG main            d.u.i.k.p.i.IntermediateProofReplayer Proof replay took 3.3ns 
496825     INFO  main            d.u.i.k.p.r.p.TestFile    ... finished proof: closed. 
497386     INFO  main            d.u.i.k.p.i.AbstractProblemLoader Loading environment from /home/runner/work/key/key/key.core/../key.ui/examples/standard_key/polySimp/simplify16.key.proof 
497386     DEBUG main            d.u.i.k.p.i.AbstractProblemLoader Environment load took 92.9ns 
497388     INFO  main            d.u.i.k.p.i.AbstractProblemLoader Creating init config 
500336     DEBUG main            d.u.i.k.p.i.AbstractProblemLoader Init config took 2.95s 
500351     INFO  main            d.u.i.k.p.i.AbstractProblemLoader Replaying proof simplify16.key.proof 
500353     DEBUG main            d.u.i.k.p.i.IntermediateProofReplayer Proof replay took 604.3ns 
500354     DEBUG main            d.u.i.k.p.r.p.TestFile    ... success: reloaded. 
500354     INFO  main            d.u.i.k.p.r.p.TestFile    Now processing file /home/runner/work/key/key/key.core/../key.ui/examples/standard_key/polySimp/simplify17.key 
500354     INFO  main            d.u.i.k.p.i.AbstractProblemLoader Loading environment from /home/runner/work/key/key/key.core/../key.ui/examples/standard_key/polySimp/simplify17.key 
500354     DEBUG main            d.u.i.k.p.i.AbstractProblemLoader Environment load took 53.2ns 
500355     INFO  main            d.u.i.k.p.i.AbstractProblemLoader Creating init config 
503242     DEBUG main            d.u.i.k.p.i.AbstractProblemLoader Init config took 2.89s 
503259     INFO  main            d.u.i.k.p.i.AbstractProblemLoader Replaying proof simplify17.key 
503261     DEBUG main            d.u.i.k.p.i.IntermediateProofReplayer Proof replay took 4.2ns 
503363     INFO  main            d.u.i.k.p.r.p.TestFile    ... finished proof: closed. 
503948     INFO  main            d.u.i.k.p.i.AbstractProblemLoader Loading environment from /home/runner/work/key/key/key.core/../key.ui/examples/standard_key/polySimp/simplify17.key.proof 
503948     DEBUG main            d.u.i.k.p.i.AbstractProblemLoader Environment load took 87.8ns 
503949     INFO  main            d.u.i.k.p.i.AbstractProblemLoader Creating init config 
506681     DEBUG main            d.u.i.k.p.i.AbstractProblemLoader Init config took 2.73s 
506697     INFO  main            d.u.i.k.p.i.AbstractProblemLoader Replaying proof simplify17.key.proof 
506707     DEBUG main            d.u.i.k.p.i.IntermediateProofReplayer Proof replay took 7.55ms 
506708     DEBUG main            d.u.i.k.p.r.p.TestFile    ... success: reloaded. 
506709     INFO  main            d.u.i.k.p.r.p.TestFile    Now processing file /home/runner/work/key/key/key.core/../key.ui/examples/standard_key/polySimp/simplify18.key 
506709     INFO  main            d.u.i.k.p.i.AbstractProblemLoader Loading environment from /home/runner/work/key/key/key.core/../key.ui/examples/standard_key/polySimp/simplify18.key 
506709     DEBUG main            d.u.i.k.p.i.AbstractProblemLoader Environment load took 72.9ns 
506710     INFO  main            d.u.i.k.p.i.AbstractProblemLoader Creating init config 
509572     DEBUG main            d.u.i.k.p.i.AbstractProblemLoader Init config took 2.86s 
509588     INFO  main            d.u.i.k.p.i.AbstractProblemLoader Replaying proof simplify18.key 
509589     DEBUG main            d.u.i.k.p.i.IntermediateProofReplayer Proof replay took 3.5ns 
509792     INFO  main            d.u.i.k.p.r.p.TestFile    ... finished proof: closed. 
510419     INFO  main            d.u.i.k.p.i.AbstractProblemLoader Loading environment from /home/runner/work/key/key/key.core/../key.ui/examples/standard_key/polySimp/simplify18.key.proof 
510420     DEBUG main            d.u.i.k.p.i.AbstractProblemLoader Environment load took 125.1ns 
510421     INFO  main            d.u.i.k.p.i.AbstractProblemLoader Creating init config 
513192     DEBUG main            d.u.i.k.p.i.AbstractProblemLoader Init config took 2.77s 
513208     INFO  main            d.u.i.k.p.i.AbstractProblemLoader Replaying proof simplify18.key.proof 
513230     DEBUG main            d.u.i.k.p.i.IntermediateProofReplayer Proof replay took 19.7ms 
513231     DEBUG main            d.u.i.k.p.r.p.TestFile    ... success: reloaded. 
513231     INFO  main            d.u.i.k.p.r.p.TestFile    Now processing file /home/runner/work/key/key/key.core/../key.ui/examples/standard_key/polySimp/simplify19.key 
513231     INFO  main            d.u.i.k.p.i.AbstractProblemLoader Loading environment from /home/runner/work/key/key/key.core/../key.ui/examples/standard_key/polySimp/simplify19.key 
513231     DEBUG main            d.u.i.k.p.i.AbstractProblemLoader Environment load took 52ns 
513233     INFO  main            d.u.i.k.p.i.AbstractProblemLoader Creating init config 
516032     DEBUG main            d.u.i.k.p.i.AbstractProblemLoader Init config took 2.8s 
516049     INFO  main            d.u.i.k.p.i.AbstractProblemLoader Replaying proof simplify19.key 
516050     DEBUG main            d.u.i.k.p.i.IntermediateProofReplayer Proof replay took 3.1ns 
519894     INFO  main            d.u.i.k.p.r.p.TestFile    ... finished proof: closed. 
520560     INFO  main            d.u.i.k.p.i.AbstractProblemLoader Loading environment from /home/runner/work/key/key/key.core/../key.ui/examples/standard_key/polySimp/simplify19.key.proof 
520561     DEBUG main            d.u.i.k.p.i.AbstractProblemLoader Environment load took 464.6ns 
520563     INFO  main            d.u.i.k.p.i.AbstractProblemLoader Creating init config 
523316     DEBUG main            d.u.i.k.p.i.AbstractProblemLoader Init config took 2.75s 
523334     INFO  main            d.u.i.k.p.i.AbstractProblemLoader Replaying proof simplify19.key.proof 
523678     DEBUG main            d.u.i.k.p.i.IntermediateProofReplayer Proof replay took 331.04ms 
523679     DEBUG main            d.u.i.k.p.r.p.TestFile    ... success: reloaded. 
523680     INFO  main            d.u.i.k.p.r.p.TestFile    Now processing file /home/runner/work/key/key/key.core/../key.ui/examples/standard_key/polySimp/simplify2.key 
523680     INFO  main            d.u.i.k.p.i.AbstractProblemLoader Loading environment from /home/runner/work/key/key/key.core/../key.ui/examples/standard_key/polySimp/simplify2.key 
523680     DEBUG main            d.u.i.k.p.i.AbstractProblemLoader Environment load took 76.7ns 
523681     INFO  main            d.u.i.k.p.i.AbstractProblemLoader Creating init config 
526540     DEBUG main            d.u.i.k.p.i.AbstractProblemLoader Init config took 2.86s 
526556     INFO  main            d.u.i.k.p.i.AbstractProblemLoader Replaying proof simplify2.key 
526557     DEBUG main            d.u.i.k.p.i.IntermediateProofReplayer Proof replay took 3.5ns 
526659     INFO  main            d.u.i.k.p.r.p.TestFile    ... finished proof: closed. 
527298     INFO  main            d.u.i.k.p.i.AbstractProblemLoader Loading environment from /home/runner/work/key/key/key.core/../key.ui/examples/standard_key/polySimp/simplify2.key.proof 
527298     DEBUG main            d.u.i.k.p.i.AbstractProblemLoader Environment load took 91.9ns 
527299     INFO  main            d.u.i.k.p.i.AbstractProblemLoader Creating init config 
530051     DEBUG main            d.u.i.k.p.i.AbstractProblemLoader Init config took 2.75s 
530066     INFO  main            d.u.i.k.p.i.AbstractProblemLoader Replaying proof simplify2.key.proof 
530069     DEBUG main            d.u.i.k.p.i.IntermediateProofReplayer Proof replay took 1.13ms 
530070     DEBUG main            d.u.i.k.p.r.p.TestFile    ... success: reloaded. 
530070     INFO  main            d.u.i.k.p.r.p.TestFile    Now processing file /home/runner/work/key/key/key.core/../key.ui/examples/standard_key/polySimp/simplify20.key 
530071     INFO  main            d.u.i.k.p.i.AbstractProblemLoader Loading environment from /home/runner/work/key/key/key.core/../key.ui/examples/standard_key/polySimp/simplify20.key 
530071     DEBUG main            d.u.i.k.p.i.AbstractProblemLoader Environment load took 69.8ns 
530072     INFO  main            d.u.i.k.p.i.AbstractProblemLoader Creating init config 
532850     DEBUG main            d.u.i.k.p.i.AbstractProblemLoader Init config took 2.78s 
532865     INFO  main            d.u.i.k.p.i.AbstractProblemLoader Replaying proof simplify20.key 
532868     DEBUG main            d.u.i.k.p.i.IntermediateProofReplayer Proof replay took 4.5ns 
533707     INFO  main            d.u.i.k.p.r.p.TestFile    ... finished proof: closed. 
534363     INFO  main            d.u.i.k.p.i.AbstractProblemLoader Loading environment from /home/runner/work/key/key/key.core/../key.ui/examples/standard_key/polySimp/simplify20.key.proof 
534364     DEBUG main            d.u.i.k.p.i.AbstractProblemLoader Environment load took 611.9ns 
534366     INFO  main            d.u.i.k.p.i.AbstractProblemLoader Creating init config 
537088     DEBUG main            d.u.i.k.p.i.AbstractProblemLoader Init config took 2.72s 
537104     INFO  main            d.u.i.k.p.i.AbstractProblemLoader Replaying proof simplify20.key.proof 
537195     DEBUG main            d.u.i.k.p.i.IntermediateProofReplayer Proof replay took 85.68ms 
537197     DEBUG main            d.u.i.k.p.r.p.TestFile    ... success: reloaded. 
537197     INFO  main            d.u.i.k.p.r.p.TestFile    Now processing file /home/runner/work/key/key/key.core/../key.ui/examples/standard_key/polySimp/simplify21.key 
537198     INFO  main            d.u.i.k.p.i.AbstractProblemLoader Loading environment from /home/runner/work/key/key/key.core/../key.ui/examples/standard_key/polySimp/simplify21.key 
537198     DEBUG main            d.u.i.k.p.i.AbstractProblemLoader Environment load took 103.1ns 
537201     INFO  main            d.u.i.k.p.i.AbstractProblemLoader Creating init config 
540003     DEBUG main            d.u.i.k.p.i.AbstractProblemLoader Init config took 2.8s 
540020     INFO  main            d.u.i.k.p.i.AbstractProblemLoader Replaying proof simplify21.key 
540021     DEBUG main            d.u.i.k.p.i.IntermediateProofReplayer Proof replay took 3.4ns 
540853     INFO  main            d.u.i.k.p.r.p.TestFile    ... finished proof: closed. 
541523     INFO  main            d.u.i.k.p.i.AbstractProblemLoader Loading environment from /home/runner/work/key/key/key.core/../key.ui/examples/standard_key/polySimp/simplify21.key.proof 
541523     DEBUG main            d.u.i.k.p.i.AbstractProblemLoader Environment load took 99.6ns 
541526     INFO  main            d.u.i.k.p.i.AbstractProblemLoader Creating init config 
544330     DEBUG main            d.u.i.k.p.i.AbstractProblemLoader Init config took 2.8s 
544349     INFO  main            d.u.i.k.p.i.AbstractProblemLoader Replaying proof simplify21.key.proof 
544420     DEBUG main            d.u.i.k.p.i.IntermediateProofReplayer Proof replay took 67.1ms 
544422     DEBUG main            d.u.i.k.p.r.p.TestFile    ... success: reloaded. 
544423     INFO  main            d.u.i.k.p.r.p.TestFile    Now processing file /home/runner/work/key/key/key.core/../key.ui/examples/standard_key/polySimp/simplify22.key 
544423     INFO  main            d.u.i.k.p.i.AbstractProblemLoader Loading environment from /home/runner/work/key/key/key.core/../key.ui/examples/standard_key/polySimp/simplify22.key 
544423     DEBUG main            d.u.i.k.p.i.AbstractProblemLoader Environment load took 55.9ns 
544424     INFO  main            d.u.i.k.p.i.AbstractProblemLoader Creating init config 
547263     DEBUG main            d.u.i.k.p.i.AbstractProblemLoader Init config took 2.84s 
547278     INFO  main            d.u.i.k.p.i.AbstractProblemLoader Replaying proof simplify22.key 
547279     DEBUG main            d.u.i.k.p.i.IntermediateProofReplayer Proof replay took 3.2ns 
547381     INFO  main            d.u.i.k.p.r.p.TestFile    ... finished proof: closed. 
548052     INFO  main            d.u.i.k.p.i.AbstractProblemLoader Loading environment from /home/runner/work/key/key/key.core/../key.ui/examples/standard_key/polySimp/simplify22.key.proof 
548053     DEBUG main            d.u.i.k.p.i.AbstractProblemLoader Environment load took 106.5ns 
548054     INFO  main            d.u.i.k.p.i.AbstractProblemLoader Creating init config 
550835     DEBUG main            d.u.i.k.p.i.AbstractProblemLoader Init config took 2.78s 
550851     INFO  main            d.u.i.k.p.i.AbstractProblemLoader Replaying proof simplify22.key.proof 
550856     DEBUG main            d.u.i.k.p.i.IntermediateProofReplayer Proof replay took 3.28ms 
550857     DEBUG main            d.u.i.k.p.r.p.TestFile    ... success: reloaded. 
550858     INFO  main            d.u.i.k.p.r.p.TestFile    Now processing file /home/runner/work/key/key/key.core/../key.ui/examples/standard_key/polySimp/simplify23.key 
550858     INFO  main            d.u.i.k.p.i.AbstractProblemLoader Loading environment from /home/runner/work/key/key/key.core/../key.ui/examples/standard_key/polySimp/simplify23.key 
550858     DEBUG main            d.u.i.k.p.i.AbstractProblemLoader Environment load took 97.8ns 
550859     INFO  main            d.u.i.k.p.i.AbstractProblemLoader Creating init config 
553637     DEBUG main            d.u.i.k.p.i.AbstractProblemLoader Init config took 2.78s 
553652     INFO  main            d.u.i.k.p.i.AbstractProblemLoader Replaying proof simplify23.key 
553654     DEBUG main            d.u.i.k.p.i.IntermediateProofReplayer Proof replay took 3.8ns 
553856     INFO  main            d.u.i.k.p.r.p.TestFile    ... finished proof: closed. 
554491     INFO  main            d.u.i.k.p.i.AbstractProblemLoader Loading environment from /home/runner/work/key/key/key.core/../key.ui/examples/standard_key/polySimp/simplify23.key.proof 
554491     DEBUG main            d.u.i.k.p.i.AbstractProblemLoader Environment load took 92.6ns 
554492     INFO  main            d.u.i.k.p.i.AbstractProblemLoader Creating init config 
557267     DEBUG main            d.u.i.k.p.i.AbstractProblemLoader Init config took 2.78s 
557283     INFO  main            d.u.i.k.p.i.AbstractProblemLoader Replaying proof simplify23.key.proof 
557302     DEBUG main            d.u.i.k.p.i.IntermediateProofReplayer Proof replay took 16.17ms 
557303     DEBUG main            d.u.i.k.p.r.p.TestFile    ... success: reloaded. 
557304     INFO  main            d.u.i.k.p.r.p.TestFile    Now processing file /home/runner/work/key/key/key.core/../key.ui/examples/standard_key/polySimp/simplify24.key 
557305     INFO  main            d.u.i.k.p.i.AbstractProblemLoader Loading environment from /home/runner/work/key/key/key.core/../key.ui/examples/standard_key/polySimp/simplify24.key 
557305     DEBUG main            d.u.i.k.p.i.AbstractProblemLoader Environment load took 234.7ns 
557306     INFO  main            d.u.i.k.p.i.AbstractProblemLoader Creating init config 
560098     DEBUG main            d.u.i.k.p.i.AbstractProblemLoader Init config took 2.79s 
560114     INFO  main            d.u.i.k.p.i.AbstractProblemLoader Replaying proof simplify24.key 
560115     DEBUG main            d.u.i.k.p.i.IntermediateProofReplayer Proof replay took 3.4ns 
560217     INFO  main            d.u.i.k.p.r.p.TestFile    ... finished proof: closed. 
560870     INFO  main            d.u.i.k.p.i.AbstractProblemLoader Loading environment from /home/runner/work/key/key/key.core/../key.ui/examples/standard_key/polySimp/simplify24.key.proof 
560870     DEBUG main            d.u.i.k.p.i.AbstractProblemLoader Environment load took 87.1ns 
560871     INFO  main            d.u.i.k.p.i.AbstractProblemLoader Creating init config 
563626     DEBUG main            d.u.i.k.p.i.AbstractProblemLoader Init config took 2.76s 
563642     INFO  main            d.u.i.k.p.i.AbstractProblemLoader Replaying proof simplify24.key.proof 
563647     DEBUG main            d.u.i.k.p.i.IntermediateProofReplayer Proof replay took 3.53ms 
563648     DEBUG main            d.u.i.k.p.r.p.TestFile    ... success: reloaded. 
563649     INFO  main            d.u.i.k.p.r.p.TestFile    Now processing file /home/runner/work/key/key/key.core/../key.ui/examples/standard_key/polySimp/simplify25.key 
563649     INFO  main            d.u.i.k.p.i.AbstractProblemLoader Loading environment from /home/runner/work/key/key/key.core/../key.ui/examples/standard_key/polySimp/simplify25.key 
563649     DEBUG main            d.u.i.k.p.i.AbstractProblemLoader Environment load took 75.3ns 
563650     INFO  main            d.u.i.k.p.i.AbstractProblemLoader Creating init config 
566443     DEBUG main            d.u.i.k.p.i.AbstractProblemLoader Init config took 2.79s 
566458     INFO  main            d.u.i.k.p.i.AbstractProblemLoader Replaying proof simplify25.key 
566460     DEBUG main            d.u.i.k.p.i.IntermediateProofReplayer Proof replay took 3.2ns 
566561     INFO  main            d.u.i.k.p.r.p.TestFile    ... finished proof: closed. 
567207     INFO  main            d.u.i.k.p.i.AbstractProblemLoader Loading environment from /home/runner/work/key/key/key.core/../key.ui/examples/standard_key/polySimp/simplify25.key.proof 
567207     DEBUG main            d.u.i.k.p.i.AbstractProblemLoader Environment load took 112.9ns 
567208     INFO  main            d.u.i.k.p.i.AbstractProblemLoader Creating init config 
569942     DEBUG main            d.u.i.k.p.i.AbstractProblemLoader Init config took 2.73s 
569958     INFO  main            d.u.i.k.p.i.AbstractProblemLoader Replaying proof simplify25.key.proof 
569963     DEBUG main            d.u.i.k.p.i.IntermediateProofReplayer Proof replay took 3.37ms 
569963     DEBUG main            d.u.i.k.p.r.p.TestFile    ... success: reloaded. 
569964     INFO  main            d.u.i.k.p.r.p.TestFile    Now processing file /home/runner/work/key/key/key.core/../key.ui/examples/standard_key/polySimp/simplify3.key 
569964     INFO  main            d.u.i.k.p.i.AbstractProblemLoader Loading environment from /home/runner/work/key/key/key.core/../key.ui/examples/standard_key/polySimp/simplify3.key 
569964     DEBUG main            d.u.i.k.p.i.AbstractProblemLoader Environment load took 53.2ns 
569965     INFO  main            d.u.i.k.p.i.AbstractProblemLoader Creating init config 
572753     DEBUG main            d.u.i.k.p.i.AbstractProblemLoader Init config took 2.79s 
572768     INFO  main            d.u.i.k.p.i.AbstractProblemLoader Replaying proof simplify3.key 
572770     DEBUG main            d.u.i.k.p.i.IntermediateProofReplayer Proof replay took 3.5ns 
572871     INFO  main            d.u.i.k.p.r.p.TestFile    ... finished proof: closed. 
573519     INFO  main            d.u.i.k.p.i.AbstractProblemLoader Loading environment from /home/runner/work/key/key/key.core/../key.ui/examples/standard_key/polySimp/simplify3.key.proof 
573519     DEBUG main            d.u.i.k.p.i.AbstractProblemLoader Environment load took 87.4ns 
573520     INFO  main            d.u.i.k.p.i.AbstractProblemLoader Creating init config 
576273     DEBUG main            d.u.i.k.p.i.AbstractProblemLoader Init config took 2.75s 
576289     INFO  main            d.u.i.k.p.i.AbstractProblemLoader Replaying proof simplify3.key.proof 
576292     DEBUG main            d.u.i.k.p.i.IntermediateProofReplayer Proof replay took 1.23ms 
576293     DEBUG main            d.u.i.k.p.r.p.TestFile    ... success: reloaded. 
576293     INFO  main            d.u.i.k.p.r.p.TestFile    Now processing file /home/runner/work/key/key/key.core/../key.ui/examples/standard_key/polySimp/simplify4.key 
576293     INFO  main            d.u.i.k.p.i.AbstractProblemLoader Loading environment from /home/runner/work/key/key/key.core/../key.ui/examples/standard_key/polySimp/simplify4.key 
576293     DEBUG main            d.u.i.k.p.i.AbstractProblemLoader Environment load took 53.8ns 
576294     INFO  main            d.u.i.k.p.i.AbstractProblemLoader Creating init config 
579072     DEBUG main            d.u.i.k.p.i.AbstractProblemLoader Init config took 2.78s 
579088     INFO  main            d.u.i.k.p.i.AbstractProblemLoader Replaying proof simplify4.key 
579089     DEBUG main            d.u.i.k.p.i.IntermediateProofReplayer Proof replay took 3.4ns 
579191     INFO  main            d.u.i.k.p.r.p.TestFile    ... finished proof: closed. 
579868     INFO  main            d.u.i.k.p.i.AbstractProblemLoader Loading environment from /home/runner/work/key/key/key.core/../key.ui/examples/standard_key/polySimp/simplify4.key.proof 
579868     DEBUG main            d.u.i.k.p.i.AbstractProblemLoader Environment load took 93.5ns 
579869     INFO  main            d.u.i.k.p.i.AbstractProblemLoader Creating init config 
582606     DEBUG main            d.u.i.k.p.i.AbstractProblemLoader Init config took 2.74s 
582622     INFO  main            d.u.i.k.p.i.AbstractProblemLoader Replaying proof simplify4.key.proof 
582625     DEBUG main            d.u.i.k.p.i.IntermediateProofReplayer Proof replay took 1.72ms 
582626     DEBUG main            d.u.i.k.p.r.p.TestFile    ... success: reloaded. 
582627     INFO  main            d.u.i.k.p.r.p.TestFile    Now processing file /home/runner/work/key/key/key.core/../key.ui/examples/standard_key/polySimp/simplify5.key 
582628     INFO  main            d.u.i.k.p.i.AbstractProblemLoader Loading environment from /home/runner/work/key/key/key.core/../key.ui/examples/standard_key/polySimp/simplify5.key 
582628     DEBUG main            d.u.i.k.p.i.AbstractProblemLoader Environment load took 93.2ns 
582629     INFO  main            d.u.i.k.p.i.AbstractProblemLoader Creating init config 
585412     DEBUG main            d.u.i.k.p.i.AbstractProblemLoader Init config took 2.78s 
585428     INFO  main            d.u.i.k.p.i.AbstractProblemLoader Replaying proof simplify5.key 
585429     DEBUG main            d.u.i.k.p.i.IntermediateProofReplayer Proof replay took 3ns 
585531     INFO  main            d.u.i.k.p.r.p.TestFile    ... finished proof: closed. 
586214     INFO  main            d.u.i.k.p.i.AbstractProblemLoader Loading environment from /home/runner/work/key/key/key.core/../key.ui/examples/standard_key/polySimp/simplify5.key.proof 
586214     DEBUG main            d.u.i.k.p.i.AbstractProblemLoader Environment load took 91.5ns 
586216     INFO  main            d.u.i.k.p.i.AbstractProblemLoader Creating init config 
588957     DEBUG main            d.u.i.k.p.i.AbstractProblemLoader Init config took 2.74s 
588974     INFO  main            d.u.i.k.p.i.AbstractProblemLoader Replaying proof simplify5.key.proof 
588984     DEBUG main            d.u.i.k.p.i.IntermediateProofReplayer Proof replay took 8.47ms 
588985     DEBUG main            d.u.i.k.p.r.p.TestFile    ... success: reloaded. 
588986     INFO  main            d.u.i.k.p.r.p.TestFile    Now processing file /home/runner/work/key/key/key.core/../key.ui/examples/standard_key/polySimp/simplify6.key 
588986     INFO  main            d.u.i.k.p.i.AbstractProblemLoader Loading environment from /home/runner/work/key/key/key.core/../key.ui/examples/standard_key/polySimp/simplify6.key 
588986     DEBUG main            d.u.i.k.p.i.AbstractProblemLoader Environment load took 52.3ns 
588987     INFO  main            d.u.i.k.p.i.AbstractProblemLoader Creating init config 
591770     DEBUG main            d.u.i.k.p.i.AbstractProblemLoader Init config took 2.78s 
591785     INFO  main            d.u.i.k.p.i.AbstractProblemLoader Replaying proof simplify6.key 
591787     DEBUG main            d.u.i.k.p.i.IntermediateProofReplayer Proof replay took 3.1ns 
591888     INFO  main            d.u.i.k.p.r.p.TestFile    ... finished proof: closed. 
592558     INFO  main            d.u.i.k.p.i.AbstractProblemLoader Loading environment from /home/runner/work/key/key/key.core/../key.ui/examples/standard_key/polySimp/simplify6.key.proof 
592558     DEBUG main            d.u.i.k.p.i.AbstractProblemLoader Environment load took 88.6ns 
592559     INFO  main            d.u.i.k.p.i.AbstractProblemLoader Creating init config 
595315     DEBUG main            d.u.i.k.p.i.AbstractProblemLoader Init config took 2.76s 
595331     INFO  main            d.u.i.k.p.i.AbstractProblemLoader Replaying proof simplify6.key.proof 
595333     DEBUG main            d.u.i.k.p.i.IntermediateProofReplayer Proof replay took 497.6ns 
595334     DEBUG main            d.u.i.k.p.r.p.TestFile    ... success: reloaded. 
595334     INFO  main            d.u.i.k.p.r.p.TestFile    Now processing file /home/runner/work/key/key/key.core/../key.ui/examples/standard_key/polySimp/simplify7.key 
595335     INFO  main            d.u.i.k.p.i.AbstractProblemLoader Loading environment from /home/runner/work/key/key/key.core/../key.ui/examples/standard_key/polySimp/simplify7.key 
595335     DEBUG main            d.u.i.k.p.i.AbstractProblemLoader Environment load took 53.9ns 
595336     INFO  main            d.u.i.k.p.i.AbstractProblemLoader Creating init config 
598179     DEBUG main            d.u.i.k.p.i.AbstractProblemLoader Init config took 2.84s 
598195     INFO  main            d.u.i.k.p.i.AbstractProblemLoader Replaying proof simplify7.key 
598196     DEBUG main            d.u.i.k.p.i.IntermediateProofReplayer Proof replay took 3.2ns 
598298     INFO  main            d.u.i.k.p.r.p.TestFile    ... finished proof: closed. 
598982     INFO  main            d.u.i.k.p.i.AbstractProblemLoader Loading environment from /home/runner/work/key/key/key.core/../key.ui/examples/standard_key/polySimp/simplify7.key.proof 
598982     DEBUG main            d.u.i.k.p.i.AbstractProblemLoader Environment load took 90.6ns 
598983     INFO  main            d.u.i.k.p.i.AbstractProblemLoader Creating init config 
601747     DEBUG main            d.u.i.k.p.i.AbstractProblemLoader Init config took 2.76s 
601763     INFO  main            d.u.i.k.p.i.AbstractProblemLoader Replaying proof simplify7.key.proof 
601766     DEBUG main            d.u.i.k.p.i.IntermediateProofReplayer Proof replay took 829ns 
601766     DEBUG main            d.u.i.k.p.r.p.TestFile    ... success: reloaded. 
601767     INFO  main            d.u.i.k.p.r.p.TestFile    Now processing file /home/runner/work/key/key/key.core/../key.ui/examples/standard_key/polySimp/simplify8.key 
601767     INFO  main            d.u.i.k.p.i.AbstractProblemLoader Loading environment from /home/runner/work/key/key/key.core/../key.ui/examples/standard_key/polySimp/simplify8.key 
601767     DEBUG main            d.u.i.k.p.i.AbstractProblemLoader Environment load took 99.5ns 
601771     INFO  main            d.u.i.k.p.i.AbstractProblemLoader Creating init config 
604597     DEBUG main            d.u.i.k.p.i.AbstractProblemLoader Init config took 2.83s 
604613     INFO  main            d.u.i.k.p.i.AbstractProblemLoader Replaying proof simplify8.key 
604615     DEBUG main            d.u.i.k.p.i.IntermediateProofReplayer Proof replay took 3.3ns 
609114     INFO  main            d.u.i.k.p.r.p.TestFile    ... finished proof: closed. 
609838     INFO  main            d.u.i.k.p.i.AbstractProblemLoader Loading environment from /home/runner/work/key/key/key.core/../key.ui/examples/standard_key/polySimp/simplify8.key.proof 
609838     DEBUG main            d.u.i.k.p.i.AbstractProblemLoader Environment load took 109.7ns 
609841     INFO  main            d.u.i.k.p.i.AbstractProblemLoader Creating init config 
612625     DEBUG main            d.u.i.k.p.i.AbstractProblemLoader Init config took 2.78s 
612644     INFO  main            d.u.i.k.p.i.AbstractProblemLoader Replaying proof simplify8.key.proof 
612893     DEBUG main            d.u.i.k.p.i.IntermediateProofReplayer Proof replay took 244.93ms 
612896     DEBUG main            d.u.i.k.p.r.p.TestFile    ... success: reloaded. 
612896     INFO  main            d.u.i.k.p.r.p.TestFile    Now processing file /home/runner/work/key/key/key.core/../key.ui/examples/standard_key/polySimp/simplify9.key 
612897     INFO  main            d.u.i.k.p.i.AbstractProblemLoader Loading environment from /home/runner/work/key/key/key.core/../key.ui/examples/standard_key/polySimp/simplify9.key 
612897     DEBUG main            d.u.i.k.p.i.AbstractProblemLoader Environment load took 56.6ns 
612898     INFO  main            d.u.i.k.p.i.AbstractProblemLoader Creating init config 
615754     DEBUG main            d.u.i.k.p.i.AbstractProblemLoader Init config took 2.86s 
615769     INFO  main            d.u.i.k.p.i.AbstractProblemLoader Replaying proof simplify9.key 
615771     DEBUG main            d.u.i.k.p.i.IntermediateProofReplayer Proof replay took 3.6ns 
615974     INFO  main            d.u.i.k.p.r.p.TestFile    ... finished proof: closed. 
616731     INFO  main            d.u.i.k.p.i.AbstractProblemLoader Loading environment from /home/runner/work/key/key/key.core/../key.ui/examples/standard_key/polySimp/simplify9.key.proof 
616731     DEBUG main            d.u.i.k.p.i.AbstractProblemLoader Environment load took 107.9ns 
616733     INFO  main            d.u.i.k.p.i.AbstractProblemLoader Creating init config 
619476     DEBUG main            d.u.i.k.p.i.AbstractProblemLoader Init config took 2.74s 
619493     INFO  main            d.u.i.k.p.i.AbstractProblemLoader Replaying proof simplify9.key.proof 
619508     DEBUG main            d.u.i.k.p.i.IntermediateProofReplayer Proof replay took 13ms 
619510     DEBUG main            d.u.i.k.p.r.p.TestFile    ... success: reloaded. 
3697323    INFO  Test worker     d.u.i.k.p.r.RunAllProofsTestUnit Returning from test arithmetic 
3697331    INFO  Test worker     d.u.i.k.p.r.RunAllProofsTestUnit Running test arrays 
426        INFO  Timeout watchdog d.u.i.k.p.r.p.ForkedTestFileRunner Timeout watcher launched (2000 secs.) 
453        WARN  main            d.u.i.k.s.ProofSettings   The settings in /home/runner/.key/proof-settings.props are *not* read. 
502        INFO  main            d.u.i.k.p.r.p.TestFile    Now processing file /home/runner/work/key/key/key.core/../key.ui/examples/standard_key/arrays/arrayStoreException/array2DimPrim.key 
645        INFO  main            d.u.i.k.p.i.AbstractProblemLoader Loading environment from /home/runner/work/key/key/key.core/../key.ui/examples/standard_key/arrays/arrayStoreException/array2DimPrim.key 
669        DEBUG main            d.u.i.k.p.i.AbstractProblemLoader Environment load took 4.06ms 
1046       INFO  main            d.u.i.k.p.i.AbstractProblemLoader Creating init config 
2378       DEBUG main            d.u.i.k.j.TypeConverter   No LDT found for Meta 
2378       DEBUG main            d.u.i.k.j.TypeConverter   No LDT found for Meta 
2380       DEBUG main            d.u.i.k.j.TypeConverter   No LDT found for Meta 
2380       DEBUG main            d.u.i.k.j.TypeConverter   No LDT found for Meta 
4304       DEBUG main            d.u.i.k.j.TypeConverter   No LDT found for JavaBigintExpression 
10642      DEBUG main            d.u.i.k.p.i.AbstractProblemLoader Init config took 9.6s 
10740      INFO  main            d.u.i.k.p.i.AbstractProblemLoader Replaying proof array2DimPrim.key 
10795      DEBUG main            d.u.i.k.p.i.IntermediateProofReplayer Proof replay took 42.5ns 
16212      INFO  main            d.u.i.k.p.r.p.TestFile    ... finished proof: closed. 
16457      INFO  main            d.u.i.k.p.i.AbstractProblemLoader Loading environment from /home/runner/work/key/key/key.core/../key.ui/examples/standard_key/arrays/arrayStoreException/array2DimPrim.key.proof 
16458      DEBUG main            d.u.i.k.p.i.AbstractProblemLoader Environment load took 592.1ns 
16465      INFO  main            d.u.i.k.p.i.AbstractProblemLoader Creating init config 
19954      DEBUG main            d.u.i.k.p.i.AbstractProblemLoader Init config took 3.49s 
19999      INFO  main            d.u.i.k.p.i.AbstractProblemLoader Replaying proof array2DimPrim.key.proof 
20810      DEBUG main            d.u.i.k.p.i.IntermediateProofReplayer Proof replay took 767.5ms 
20840      DEBUG main            d.u.i.k.p.r.p.TestFile    ... success: reloaded. 
20847      INFO  main            d.u.i.k.p.r.p.TestFile    Now processing file /home/runner/work/key/key/key.core/../key.ui/examples/standard_key/arrays/arrayStoreException/arrayStoreKnownDynType.key 
20848      INFO  main            d.u.i.k.p.i.AbstractProblemLoader Loading environment from /home/runner/work/key/key/key.core/../key.ui/examples/standard_key/arrays/arrayStoreException/arrayStoreKnownDynType.key 
20849      DEBUG main            d.u.i.k.p.i.AbstractProblemLoader Environment load took 278.1ns 
20854      INFO  main            d.u.i.k.p.i.AbstractProblemLoader Creating init config 
24265      DEBUG main            d.u.i.k.p.i.AbstractProblemLoader Init config took 3.41s 
24301      INFO  main            d.u.i.k.p.i.AbstractProblemLoader Replaying proof arrayStoreKnownDynType.key 
24304      DEBUG main            d.u.i.k.p.i.IntermediateProofReplayer Proof replay took 8.8ns 
24608      INFO  main            d.u.i.k.p.r.p.TestFile    ... finished proof: closed. 
24927      INFO  main            d.u.i.k.p.i.AbstractProblemLoader Loading environment from /home/runner/work/key/key/key.core/../key.ui/examples/standard_key/arrays/arrayStoreException/arrayStoreKnownDynType.key.proof 
24927      DEBUG main            d.u.i.k.p.i.AbstractProblemLoader Environment load took 529ns 
24929      INFO  main            d.u.i.k.p.i.AbstractProblemLoader Creating init config 
28227      DEBUG main            d.u.i.k.p.i.AbstractProblemLoader Init config took 3.3s 
28261      INFO  main            d.u.i.k.p.i.AbstractProblemLoader Replaying proof arrayStoreKnownDynType.key.proof 
28330      DEBUG main            d.u.i.k.p.i.IntermediateProofReplayer Proof replay took 63.81ms 
28332      DEBUG main            d.u.i.k.p.r.p.TestFile    ... success: reloaded. 
28334      INFO  main            d.u.i.k.p.r.p.TestFile    Now processing file /home/runner/work/key/key/key.core/../key.ui/examples/standard_key/arrays/arrayStoreException/reverseArray.key 
28334      INFO  main            d.u.i.k.p.i.AbstractProblemLoader Loading environment from /home/runner/work/key/key/key.core/../key.ui/examples/standard_key/arrays/arrayStoreException/reverseArray.key 
28335      DEBUG main            d.u.i.k.p.i.AbstractProblemLoader Environment load took 287.1ns 
28336      INFO  main            d.u.i.k.p.i.AbstractProblemLoader Creating init config 
31529      DEBUG main            d.u.i.k.p.i.AbstractProblemLoader Init config took 3.19s 
31558      INFO  main            d.u.i.k.p.i.AbstractProblemLoader Replaying proof reverseArray.key 
31562      DEBUG main            d.u.i.k.p.i.IntermediateProofReplayer Proof replay took 8.4ns 
32368      INFO  main            d.u.i.k.p.r.p.TestFile    ... finished proof: closed. 
32599      INFO  main            d.u.i.k.p.i.AbstractProblemLoader Loading environment from /home/runner/work/key/key/key.core/../key.ui/examples/standard_key/arrays/arrayStoreException/reverseArray.key.proof 
32599      DEBUG main            d.u.i.k.p.i.AbstractProblemLoader Environment load took 718.4ns 
32602      INFO  main            d.u.i.k.p.i.AbstractProblemLoader Creating init config 
35826      DEBUG main            d.u.i.k.p.i.AbstractProblemLoader Init config took 3.22s 
35856      INFO  main            d.u.i.k.p.i.AbstractProblemLoader Replaying proof reverseArray.key.proof 
36061      DEBUG main            d.u.i.k.p.i.IntermediateProofReplayer Proof replay took 197.96ms 
36063      DEBUG main            d.u.i.k.p.r.p.TestFile    ... success: reloaded. 
36065      INFO  main            d.u.i.k.p.r.p.TestFile    Now processing file /home/runner/work/key/key/key.core/../key.ui/examples/standard_key/arrays/arrayStoreException/throwArrayStoreException.key 
36072      INFO  main            d.u.i.k.p.i.AbstractProblemLoader Loading environment from /home/runner/work/key/key/key.core/../key.ui/examples/standard_key/arrays/arrayStoreException/throwArrayStoreException.key 
36073      DEBUG main            d.u.i.k.p.i.AbstractProblemLoader Environment load took 299.8ns 
36075      INFO  main            d.u.i.k.p.i.AbstractProblemLoader Creating init config 
39258      DEBUG main            d.u.i.k.p.i.AbstractProblemLoader Init config took 3.18s 
39285      INFO  main            d.u.i.k.p.i.AbstractProblemLoader Replaying proof throwArrayStoreException.key 
39288      DEBUG main            d.u.i.k.p.i.IntermediateProofReplayer Proof replay took 9ns 
39793      INFO  main            d.u.i.k.p.r.p.TestFile    ... finished proof: closed. 
40039      INFO  main            d.u.i.k.p.i.AbstractProblemLoader Loading environment from /home/runner/work/key/key/key.core/../key.ui/examples/standard_key/arrays/arrayStoreException/throwArrayStoreException.key.proof 
40040      DEBUG main            d.u.i.k.p.i.AbstractProblemLoader Environment load took 746.5ns 
40042      INFO  main            d.u.i.k.p.i.AbstractProblemLoader Creating init config 
43227      DEBUG main            d.u.i.k.p.i.AbstractProblemLoader Init config took 3.19s 
43255      INFO  main            d.u.i.k.p.i.AbstractProblemLoader Replaying proof throwArrayStoreException.key.proof 
43381      DEBUG main            d.u.i.k.p.i.IntermediateProofReplayer Proof replay took 120.4ms 
43383      DEBUG main            d.u.i.k.p.r.p.TestFile    ... success: reloaded. 
43385      INFO  main            d.u.i.k.p.r.p.TestFile    Now processing file /home/runner/work/key/key/key.core/../key.ui/examples/standard_key/arrays/creation/arrayCreation1.key 
43385      INFO  main            d.u.i.k.p.i.AbstractProblemLoader Loading environment from /home/runner/work/key/key/key.core/../key.ui/examples/standard_key/arrays/creation/arrayCreation1.key 
43385      DEBUG main            d.u.i.k.p.i.AbstractProblemLoader Environment load took 263.1ns 
43387      INFO  main            d.u.i.k.p.i.AbstractProblemLoader Creating init config 
46595      DEBUG main            d.u.i.k.p.i.AbstractProblemLoader Init config took 3.21s 
46620      INFO  main            d.u.i.k.p.i.AbstractProblemLoader Replaying proof arrayCreation1.key 
46623      DEBUG main            d.u.i.k.p.i.IntermediateProofReplayer Proof replay took 7.4ns 
46826      INFO  main            d.u.i.k.p.r.p.TestFile    ... finished proof: closed. 
47104      INFO  main            d.u.i.k.p.i.AbstractProblemLoader Loading environment from /home/runner/work/key/key/key.core/../key.ui/examples/standard_key/arrays/creation/arrayCreation1.key.proof 
47107      DEBUG main            d.u.i.k.p.i.AbstractProblemLoader Environment load took 3.32ms 
47110      INFO  main            d.u.i.k.p.i.AbstractProblemLoader Creating init config 
50261      DEBUG main            d.u.i.k.p.i.AbstractProblemLoader Init config took 3.15s 
50286      INFO  main            d.u.i.k.p.i.AbstractProblemLoader Replaying proof arrayCreation1.key.proof 
50323      DEBUG main            d.u.i.k.p.i.IntermediateProofReplayer Proof replay took 32.67ms 
50324      DEBUG main            d.u.i.k.p.r.p.TestFile    ... success: reloaded. 
50325      INFO  main            d.u.i.k.p.r.p.TestFile    Now processing file /home/runner/work/key/key/key.core/../key.ui/examples/standard_key/arrays/arrayStoreException/array2Dim.key 
50325      INFO  main            d.u.i.k.p.i.AbstractProblemLoader Loading environment from /home/runner/work/key/key/key.core/../key.ui/examples/standard_key/arrays/arrayStoreException/array2Dim.key 
50326      DEBUG main            d.u.i.k.p.i.AbstractProblemLoader Environment load took 162.2ns 
50327      INFO  main            d.u.i.k.p.i.AbstractProblemLoader Creating init config 
53577      DEBUG main            d.u.i.k.p.i.AbstractProblemLoader Init config took 3.25s 
53604      INFO  main            d.u.i.k.p.i.AbstractProblemLoader Replaying proof array2Dim.key 
53608      DEBUG main            d.u.i.k.p.i.IntermediateProofReplayer Proof replay took 23.8ns 
58224      INFO  main            d.u.i.k.p.r.p.TestFile    ... finished proof: open goal(s) 
58555      INFO  main            d.u.i.k.p.r.p.TestFile    Now processing file /home/runner/work/key/key/key.core/../key.ui/examples/standard_key/arrays/arrayStoreException/array2DimClose.key 
58555      INFO  main            d.u.i.k.p.i.AbstractProblemLoader Loading environment from /home/runner/work/key/key/key.core/../key.ui/examples/standard_key/arrays/arrayStoreException/array2DimClose.key 
58555      DEBUG main            d.u.i.k.p.i.AbstractProblemLoader Environment load took 86.7ns 
58557      INFO  main            d.u.i.k.p.i.AbstractProblemLoader Creating init config 
61648      DEBUG main            d.u.i.k.p.i.AbstractProblemLoader Init config took 3.09s 
61688      INFO  main            d.u.i.k.p.i.AbstractProblemLoader Replaying proof array2DimClose.key 
61691      DEBUG main            d.u.i.k.p.i.IntermediateProofReplayer Proof replay took 13.7ns 
64833      INFO  main            d.u.i.k.p.r.p.TestFile    ... finished proof: open goal(s) 
65312      INFO  main            d.u.i.k.p.r.p.TestFile    Now processing file /home/runner/work/key/key/key.core/../key.ui/examples/standard_key/arrays/arrayStoreException/throwASEForPrim.key 
65312      INFO  main            d.u.i.k.p.i.AbstractProblemLoader Loading environment from /home/runner/work/key/key/key.core/../key.ui/examples/standard_key/arrays/arrayStoreException/throwASEForPrim.key 
65313      DEBUG main            d.u.i.k.p.i.AbstractProblemLoader Environment load took 263.3ns 
65314      INFO  main            d.u.i.k.p.i.AbstractProblemLoader Creating init config 
68325      DEBUG main            d.u.i.k.p.i.AbstractProblemLoader Init config took 3.01s 
68347      INFO  main            d.u.i.k.p.i.AbstractProblemLoader Replaying proof throwASEForPrim.key 
68349      DEBUG main            d.u.i.k.p.i.IntermediateProofReplayer Proof replay took 9.3ns 
74348      INFO  main            d.u.i.k.p.r.p.TestFile    ... finished proof: open goal(s) 
3772314    INFO  Test worker     d.u.i.k.p.r.RunAllProofsTestUnit Returning from test arrays 
3772316    INFO  Test worker     d.u.i.k.p.r.RunAllProofsTestUnit Running test javadl 
461        INFO  Timeout watchdog d.u.i.k.p.r.p.ForkedTestFileRunner Timeout watcher launched (2000 secs.) 
510        WARN  main            d.u.i.k.s.ProofSettings   The settings in /home/runner/.key/proof-settings.props are *not* read. 
593        INFO  main            d.u.i.k.p.r.p.TestFile    Now processing file /home/runner/work/key/key/key.core/../key.ui/examples/standard_key/instanceCreation/instanceCreation1.key 
783        INFO  main            d.u.i.k.p.i.AbstractProblemLoader Loading environment from /home/runner/work/key/key/key.core/../key.ui/examples/standard_key/instanceCreation/instanceCreation1.key 
803        DEBUG main            d.u.i.k.p.i.AbstractProblemLoader Environment load took 2.34ms 
1143       INFO  main            d.u.i.k.p.i.AbstractProblemLoader Creating init config 
2521       DEBUG main            d.u.i.k.j.TypeConverter   No LDT found for Meta 
2522       DEBUG main            d.u.i.k.j.TypeConverter   No LDT found for Meta 
2525       DEBUG main            d.u.i.k.j.TypeConverter   No LDT found for Meta 
2525       DEBUG main            d.u.i.k.j.TypeConverter   No LDT found for Meta 
4700       DEBUG main            d.u.i.k.j.TypeConverter   No LDT found for JavaBigintExpression 
11114      DEBUG main            d.u.i.k.p.i.AbstractProblemLoader Init config took 9.97s 
11230      INFO  main            d.u.i.k.p.i.AbstractProblemLoader Replaying proof instanceCreation1.key 
11280      DEBUG main            d.u.i.k.p.i.IntermediateProofReplayer Proof replay took 45.9ns 
12678      INFO  main            d.u.i.k.p.r.p.TestFile    ... finished proof: closed. 
12838      INFO  main            d.u.i.k.p.i.AbstractProblemLoader Loading environment from /home/runner/work/key/key/key.core/../key.ui/examples/standard_key/instanceCreation/instanceCreation1.key.proof 
12838      DEBUG main            d.u.i.k.p.i.AbstractProblemLoader Environment load took 180.2ns 
12844      INFO  main            d.u.i.k.p.i.AbstractProblemLoader Creating init config 
16348      DEBUG main            d.u.i.k.p.i.AbstractProblemLoader Init config took 3.5s 
16421      INFO  main            d.u.i.k.p.i.AbstractProblemLoader Replaying proof instanceCreation1.key.proof 
16582      DEBUG main            d.u.i.k.p.i.IntermediateProofReplayer Proof replay took 145.11ms 
16598      DEBUG main            d.u.i.k.p.r.p.TestFile    ... success: reloaded. 
16604      INFO  main            d.u.i.k.p.r.p.TestFile    Now processing file /home/runner/work/key/key/key.core/../key.ui/examples/standard_key/instanceCreation/instanceCreation2.key 
16604      INFO  main            d.u.i.k.p.i.AbstractProblemLoader Loading environment from /home/runner/work/key/key/key.core/../key.ui/examples/standard_key/instanceCreation/instanceCreation2.key 
16605      DEBUG main            d.u.i.k.p.i.AbstractProblemLoader Environment load took 307.5ns 
16608      INFO  main            d.u.i.k.p.i.AbstractProblemLoader Creating init config 
20057      DEBUG main            d.u.i.k.p.i.AbstractProblemLoader Init config took 3.45s 
20144      INFO  main            d.u.i.k.p.i.AbstractProblemLoader Replaying proof instanceCreation2.key 
20150      DEBUG main            d.u.i.k.p.i.IntermediateProofReplayer Proof replay took 8.4ns 
21057      INFO  main            d.u.i.k.p.r.p.TestFile    ... finished proof: closed. 
21286      INFO  main            d.u.i.k.p.i.AbstractProblemLoader Loading environment from /home/runner/work/key/key/key.core/../key.ui/examples/standard_key/instanceCreation/instanceCreation2.key.proof 
21286      DEBUG main            d.u.i.k.p.i.AbstractProblemLoader Environment load took 172.4ns 
21288      INFO  main            d.u.i.k.p.i.AbstractProblemLoader Creating init config 
24564      DEBUG main            d.u.i.k.p.i.AbstractProblemLoader Init config took 3.28s 
24593      INFO  main            d.u.i.k.p.i.AbstractProblemLoader Replaying proof instanceCreation2.key.proof 
24731      DEBUG main            d.u.i.k.p.i.IntermediateProofReplayer Proof replay took 132.43ms 
24733      DEBUG main            d.u.i.k.p.r.p.TestFile    ... success: reloaded. 
24735      INFO  main            d.u.i.k.p.r.p.TestFile    Now processing file /home/runner/work/key/key/key.core/../key.ui/examples/standard_key/instanceCreation/interfacesAndAbstractClassesHaveNoInstances.key 
24735      INFO  main            d.u.i.k.p.i.AbstractProblemLoader Loading environment from /home/runner/work/key/key/key.core/../key.ui/examples/standard_key/instanceCreation/interfacesAndAbstractClassesHaveNoInstances.key 
24735      DEBUG main            d.u.i.k.p.i.AbstractProblemLoader Environment load took 261.2ns 
24737      INFO  main            d.u.i.k.p.i.AbstractProblemLoader Creating init config 
28013      DEBUG main            d.u.i.k.p.i.AbstractProblemLoader Init config took 3.28s 
28038      INFO  main            d.u.i.k.p.i.AbstractProblemLoader Replaying proof interfacesAndAbstractClassesHaveNoInstances.key 
28040      DEBUG main            d.u.i.k.p.i.IntermediateProofReplayer Proof replay took 9.1ns 
28143      INFO  main            d.u.i.k.p.r.p.TestFile    ... finished proof: closed. 
28335      INFO  main            d.u.i.k.p.i.AbstractProblemLoader Loading environment from /home/runner/work/key/key/key.core/../key.ui/examples/standard_key/instanceCreation/interfacesAndAbstractClassesHaveNoInstances.key.proof 
28335      DEBUG main            d.u.i.k.p.i.AbstractProblemLoader Environment load took 228.1ns 
28337      INFO  main            d.u.i.k.p.i.AbstractProblemLoader Creating init config 
31497      DEBUG main            d.u.i.k.p.i.AbstractProblemLoader Init config took 3.16s 
31522      INFO  main            d.u.i.k.p.i.AbstractProblemLoader Replaying proof interfacesAndAbstractClassesHaveNoInstances.key.proof 
31527      DEBUG main            d.u.i.k.p.i.IntermediateProofReplayer Proof replay took 1.73ms 
31528      DEBUG main            d.u.i.k.p.r.p.TestFile    ... success: reloaded. 
31530      INFO  main            d.u.i.k.p.r.p.TestFile    Now processing file /home/runner/work/key/key/key.core/../key.ui/examples/standard_key/instanceCreation/successiveCreatedObjectsAreDistinct.key 
31530      INFO  main            d.u.i.k.p.i.AbstractProblemLoader Loading environment from /home/runner/work/key/key/key.core/../key.ui/examples/standard_key/instanceCreation/successiveCreatedObjectsAreDistinct.key 
31530      DEBUG main            d.u.i.k.p.i.AbstractProblemLoader Environment load took 253.8ns 
31532      INFO  main            d.u.i.k.p.i.AbstractProblemLoader Creating init config 
34685      DEBUG main            d.u.i.k.p.i.AbstractProblemLoader Init config took 3.15s 
34713      INFO  main            d.u.i.k.p.i.AbstractProblemLoader Replaying proof successiveCreatedObjectsAreDistinct.key 
34716      DEBUG main            d.u.i.k.p.i.IntermediateProofReplayer Proof replay took 8.8ns 
35120      INFO  main            d.u.i.k.p.r.p.TestFile    ... finished proof: closed. 
35323      INFO  main            d.u.i.k.p.i.AbstractProblemLoader Loading environment from /home/runner/work/key/key/key.core/../key.ui/examples/standard_key/instanceCreation/successiveCreatedObjectsAreDistinct.key.proof 
35323      DEBUG main            d.u.i.k.p.i.AbstractProblemLoader Environment load took 535.4ns 
35325      INFO  main            d.u.i.k.p.i.AbstractProblemLoader Creating init config 
38438      DEBUG main            d.u.i.k.p.i.AbstractProblemLoader Init config took 3.11s 
38465      INFO  main            d.u.i.k.p.i.AbstractProblemLoader Replaying proof successiveCreatedObjectsAreDistinct.key.proof 
38542      DEBUG main            d.u.i.k.p.i.IntermediateProofReplayer Proof replay took 73.16ms 
38544      DEBUG main            d.u.i.k.p.r.p.TestFile    ... success: reloaded. 
38545      INFO  main            d.u.i.k.p.r.p.TestFile    Now processing file /home/runner/work/key/key/key.core/../key.ui/examples/standard_key/instanceCreation/testOverloadingConstructors.key 
38545      INFO  main            d.u.i.k.p.i.AbstractProblemLoader Loading environment from /home/runner/work/key/key/key.core/../key.ui/examples/standard_key/instanceCreation/testOverloadingConstructors.key 
38546      DEBUG main            d.u.i.k.p.i.AbstractProblemLoader Environment load took 244.8ns 
38547      INFO  main            d.u.i.k.p.i.AbstractProblemLoader Creating init config 
41641      DEBUG main            d.u.i.k.p.i.AbstractProblemLoader Init config took 3.09s 
41681      INFO  main            d.u.i.k.p.i.AbstractProblemLoader Replaying proof testOverloadingConstructors.key 
41684      DEBUG main            d.u.i.k.p.i.IntermediateProofReplayer Proof replay took 7.8ns 
42090      INFO  main            d.u.i.k.p.r.p.TestFile    ... finished proof: closed. 
42301      INFO  main            d.u.i.k.p.i.AbstractProblemLoader Loading environment from /home/runner/work/key/key/key.core/../key.ui/examples/standard_key/instanceCreation/testOverloadingConstructors.key.proof 
42302      DEBUG main            d.u.i.k.p.i.AbstractProblemLoader Environment load took 1.2ms 
42304      INFO  main            d.u.i.k.p.i.AbstractProblemLoader Creating init config 
45429      DEBUG main            d.u.i.k.p.i.AbstractProblemLoader Init config took 3.13s 
45455      INFO  main            d.u.i.k.p.i.AbstractProblemLoader Replaying proof testOverloadingConstructors.key.proof 
45537      DEBUG main            d.u.i.k.p.i.IntermediateProofReplayer Proof replay took 77.68ms 
45539      DEBUG main            d.u.i.k.p.r.p.TestFile    ... success: reloaded. 
45541      INFO  main            d.u.i.k.p.r.p.TestFile    Now processing file /home/runner/work/key/key/key.core/../key.ui/examples/standard_key/java_dl/SimpleAttributes.key 
45541      INFO  main            d.u.i.k.p.i.AbstractProblemLoader Loading environment from /home/runner/work/key/key/key.core/../key.ui/examples/standard_key/java_dl/SimpleAttributes.key 
45541      DEBUG main            d.u.i.k.p.i.AbstractProblemLoader Environment load took 269.1ns 
45543      INFO  main            d.u.i.k.p.i.AbstractProblemLoader Creating init config 
48630      DEBUG main            d.u.i.k.p.i.AbstractProblemLoader Init config took 3.09s 
48656      INFO  main            d.u.i.k.p.i.AbstractProblemLoader Replaying proof SimpleAttributes.key 
48658      DEBUG main            d.u.i.k.p.i.IntermediateProofReplayer Proof replay took 8.4ns 
48862      INFO  main            d.u.i.k.p.r.p.TestFile    ... finished proof: closed. 
49067      INFO  main            d.u.i.k.p.i.AbstractProblemLoader Loading environment from /home/runner/work/key/key/key.core/../key.ui/examples/standard_key/java_dl/SimpleAttributes.key.proof 
49069      DEBUG main            d.u.i.k.p.i.AbstractProblemLoader Environment load took 1.94ms 
49071      INFO  main            d.u.i.k.p.i.AbstractProblemLoader Creating init config 
52043      DEBUG main            d.u.i.k.p.i.AbstractProblemLoader Init config took 2.97s 
52088      INFO  main            d.u.i.k.p.i.AbstractProblemLoader Replaying proof SimpleAttributes.key.proof 
52138      DEBUG main            d.u.i.k.p.i.IntermediateProofReplayer Proof replay took 37.95ms 
52140      DEBUG main            d.u.i.k.p.r.p.TestFile    ... success: reloaded. 
52141      INFO  main            d.u.i.k.p.r.p.TestFile    Now processing file /home/runner/work/key/key/key.core/../key.ui/examples/standard_key/java_dl/arrayMax.key 
52141      INFO  main            d.u.i.k.p.i.AbstractProblemLoader Loading environment from /home/runner/work/key/key/key.core/../key.ui/examples/standard_key/java_dl/arrayMax.key 
52141      DEBUG main            d.u.i.k.p.i.AbstractProblemLoader Environment load took 126.2ns 
52144      INFO  main            d.u.i.k.p.i.AbstractProblemLoader Creating init config 
55360      DEBUG main            d.u.i.k.p.i.AbstractProblemLoader Init config took 3.22s 
55387      INFO  main            d.u.i.k.p.i.AbstractProblemLoader Replaying proof arrayMax.key 
55390      DEBUG main            d.u.i.k.p.i.IntermediateProofReplayer Proof replay took 8.6ns 
57322      INFO  main            d.u.i.k.p.r.p.TestFile    ... finished proof: closed. 
57684      INFO  main            d.u.i.k.p.i.AbstractProblemLoader Loading environment from /home/runner/work/key/key/key.core/../key.ui/examples/standard_key/java_dl/arrayMax.key.proof 
57684      DEBUG main            d.u.i.k.p.i.AbstractProblemLoader Environment load took 751.6ns 
57687      INFO  main            d.u.i.k.p.i.AbstractProblemLoader Creating init config 
60803      DEBUG main            d.u.i.k.p.i.AbstractProblemLoader Init config took 3.12s 
60829      INFO  main            d.u.i.k.p.i.AbstractProblemLoader Replaying proof arrayMax.key.proof 
61179      DEBUG main            d.u.i.k.p.i.IntermediateProofReplayer Proof replay took 341.56ms 
61181      DEBUG main            d.u.i.k.p.r.p.TestFile    ... success: reloaded. 
61182      INFO  main            d.u.i.k.p.r.p.TestFile    Now processing file /home/runner/work/key/key/key.core/../key.ui/examples/standard_key/java_dl/arrayUpdateSimp.key 
61183      INFO  main            d.u.i.k.p.i.AbstractProblemLoader Loading environment from /home/runner/work/key/key/key.core/../key.ui/examples/standard_key/java_dl/arrayUpdateSimp.key 
61183      DEBUG main            d.u.i.k.p.i.AbstractProblemLoader Environment load took 240.6ns 
61186      INFO  main            d.u.i.k.p.i.AbstractProblemLoader Creating init config 
61217      WARN  main            d.u.i.k.j.r.KeYCrossReferenceNameInfo Datatype java.io.PrintStream declared twice: Once in FILE:/home/runner/work/key/key/key.core/../key.ui/examples/standard_key/java_dl/./classpath/PrintStream.java and once in URL:file:/home/runner/work/key/key/key.core/build/resources/main/de/uka/ilkd/key/java/JavaRedux/java/io/PrintStream.java, Keeping one from URL:file:/home/runner/work/key/key/key.core/build/resources/main/de/uka/ilkd/key/java/JavaRedux/java/io/PrintStream.java 
61217      WARN  main            d.u.i.k.j.r.KeYCrossReferenceNameInfo Datatype java.io.InputStream declared twice: Once in FILE:/home/runner/work/key/key/key.core/../key.ui/examples/standard_key/java_dl/./classpath/InputStream.java and once in URL:file:/home/runner/work/key/key/key.core/build/resources/main/de/uka/ilkd/key/java/JavaRedux/java/io/InputStream.java, Keeping one from URL:file:/home/runner/work/key/key/key.core/build/resources/main/de/uka/ilkd/key/java/JavaRedux/java/io/InputStream.java 
61218      WARN  main            d.u.i.k.j.r.KeYCrossReferenceNameInfo Datatype java.lang.System declared twice: Once in FILE:/home/runner/work/key/key/key.core/../key.ui/examples/standard_key/java_dl/./classpath/System.java and once in URL:file:/home/runner/work/key/key/key.core/build/resources/main/de/uka/ilkd/key/java/JavaRedux/java/lang/System.java, Keeping one from URL:file:/home/runner/work/key/key/key.core/build/resources/main/de/uka/ilkd/key/java/JavaRedux/java/lang/System.java 
61224      DEBUG main            d.u.i.k.j.r.ClassFileDeclarationBuilder Parsing: package java.io; public class Closeable { } 
61225      DEBUG main            r.s.KeYCrossReferenceSourceInfo Dynamically created class: java.io.Closeable 
64467      DEBUG main            d.u.i.k.p.i.AbstractProblemLoader Init config took 3.28s 
64492      INFO  main            d.u.i.k.p.i.AbstractProblemLoader Replaying proof arrayUpdateSimp.key 
64494      DEBUG main            d.u.i.k.p.i.IntermediateProofReplayer Proof replay took 9.3ns 
64599      INFO  main            d.u.i.k.p.r.p.TestFile    ... finished proof: closed. 
64867      INFO  main            d.u.i.k.p.i.AbstractProblemLoader Loading environment from /home/runner/work/key/key/key.core/../key.ui/examples/standard_key/java_dl/arrayUpdateSimp.key.proof 
64867      DEBUG main            d.u.i.k.p.i.AbstractProblemLoader Environment load took 163.5ns 
64873      INFO  main            d.u.i.k.p.i.AbstractProblemLoader Creating init config 
64902      WARN  main            d.u.i.k.j.r.KeYCrossReferenceNameInfo Datatype java.io.PrintStream declared twice: Once in FILE:/home/runner/work/key/key/key.core/../key.ui/examples/standard_key/java_dl/classpath/PrintStream.java and once in URL:file:/home/runner/work/key/key/key.core/build/resources/main/de/uka/ilkd/key/java/JavaRedux/java/io/PrintStream.java, Keeping one from URL:file:/home/runner/work/key/key/key.core/build/resources/main/de/uka/ilkd/key/java/JavaRedux/java/io/PrintStream.java 
64903      WARN  main            d.u.i.k.j.r.KeYCrossReferenceNameInfo Datatype java.io.InputStream declared twice: Once in FILE:/home/runner/work/key/key/key.core/../key.ui/examples/standard_key/java_dl/classpath/InputStream.java and once in URL:file:/home/runner/work/key/key/key.core/build/resources/main/de/uka/ilkd/key/java/JavaRedux/java/io/InputStream.java, Keeping one from URL:file:/home/runner/work/key/key/key.core/build/resources/main/de/uka/ilkd/key/java/JavaRedux/java/io/InputStream.java 
64903      WARN  main            d.u.i.k.j.r.KeYCrossReferenceNameInfo Datatype java.lang.System declared twice: Once in FILE:/home/runner/work/key/key/key.core/../key.ui/examples/standard_key/java_dl/classpath/System.java and once in URL:file:/home/runner/work/key/key/key.core/build/resources/main/de/uka/ilkd/key/java/JavaRedux/java/lang/System.java, Keeping one from URL:file:/home/runner/work/key/key/key.core/build/resources/main/de/uka/ilkd/key/java/JavaRedux/java/lang/System.java 
64907      DEBUG main            d.u.i.k.j.r.ClassFileDeclarationBuilder Parsing: package java.io; public class Closeable { } 
64907      DEBUG main            r.s.KeYCrossReferenceSourceInfo Dynamically created class: java.io.Closeable 
68063      DEBUG main            d.u.i.k.p.i.AbstractProblemLoader Init config took 3.19s 
68088      INFO  main            d.u.i.k.p.i.AbstractProblemLoader Replaying proof arrayUpdateSimp.key.proof 
68091      DEBUG main            d.u.i.k.p.i.IntermediateProofReplayer Proof replay took 822.2ns 
68097      DEBUG main            d.u.i.k.p.r.p.TestFile    ... success: reloaded. 
68098      INFO  main            d.u.i.k.p.r.p.TestFile    Now processing file /home/runner/work/key/key/key.core/../key.ui/examples/standard_key/java_dl/attributes.key 
68098      INFO  main            d.u.i.k.p.i.AbstractProblemLoader Loading environment from /home/runner/work/key/key/key.core/../key.ui/examples/standard_key/java_dl/attributes.key 
68099      DEBUG main            d.u.i.k.p.i.AbstractProblemLoader Environment load took 265.1ns 
68100      INFO  main            d.u.i.k.p.i.AbstractProblemLoader Creating init config 
71168      DEBUG main            d.u.i.k.p.i.AbstractProblemLoader Init config took 3.07s 
71191      INFO  main            d.u.i.k.p.i.AbstractProblemLoader Replaying proof attributes.key 
71193      DEBUG main            d.u.i.k.p.i.IntermediateProofReplayer Proof replay took 9.4ns 
71396      INFO  main            d.u.i.k.p.r.p.TestFile    ... finished proof: closed. 
71753      INFO  main            d.u.i.k.p.i.AbstractProblemLoader Loading environment from /home/runner/work/key/key/key.core/../key.ui/examples/standard_key/java_dl/attributes.key.proof 
71755      DEBUG main            d.u.i.k.p.i.AbstractProblemLoader Environment load took 1.16ms 
71756      INFO  main            d.u.i.k.p.i.AbstractProblemLoader Creating init config 
74806      DEBUG main            d.u.i.k.p.i.AbstractProblemLoader Init config took 3.05s 
74827      INFO  main            d.u.i.k.p.i.AbstractProblemLoader Replaying proof attributes.key.proof 
74878      DEBUG main            d.u.i.k.p.i.IntermediateProofReplayer Proof replay took 47.98ms 
74879      DEBUG main            d.u.i.k.p.r.p.TestFile    ... success: reloaded. 
74888      INFO  main            d.u.i.k.p.r.p.TestFile    Now processing file /home/runner/work/key/key/key.core/../key.ui/examples/standard_key/java_dl/break.key 
74889      INFO  main            d.u.i.k.p.i.AbstractProblemLoader Loading environment from /home/runner/work/key/key/key.core/../key.ui/examples/standard_key/java_dl/break.key 
74889      DEBUG main            d.u.i.k.p.i.AbstractProblemLoader Environment load took 122.5ns 
74890      INFO  main            d.u.i.k.p.i.AbstractProblemLoader Creating init config 
74940      WARN  main            d.u.i.k.j.r.KeYCrossReferenceNameInfo Datatype java.io.PrintStream declared twice: Once in FILE:/home/runner/work/key/key/key.core/../key.ui/examples/standard_key/java_dl/classpath/PrintStream.java and once in URL:file:/home/runner/work/key/key/key.core/build/resources/main/de/uka/ilkd/key/java/JavaRedux/java/io/PrintStream.java, Keeping one from URL:file:/home/runner/work/key/key/key.core/build/resources/main/de/uka/ilkd/key/java/JavaRedux/java/io/PrintStream.java 
74940      WARN  main            d.u.i.k.j.r.KeYCrossReferenceNameInfo Datatype java.io.InputStream declared twice: Once in FILE:/home/runner/work/key/key/key.core/../key.ui/examples/standard_key/java_dl/classpath/InputStream.java and once in URL:file:/home/runner/work/key/key/key.core/build/resources/main/de/uka/ilkd/key/java/JavaRedux/java/io/InputStream.java, Keeping one from URL:file:/home/runner/work/key/key/key.core/build/resources/main/de/uka/ilkd/key/java/JavaRedux/java/io/InputStream.java 
74940      WARN  main            d.u.i.k.j.r.KeYCrossReferenceNameInfo Datatype java.lang.System declared twice: Once in FILE:/home/runner/work/key/key/key.core/../key.ui/examples/standard_key/java_dl/classpath/System.java and once in URL:file:/home/runner/work/key/key/key.core/build/resources/main/de/uka/ilkd/key/java/JavaRedux/java/lang/System.java, Keeping one from URL:file:/home/runner/work/key/key/key.core/build/resources/main/de/uka/ilkd/key/java/JavaRedux/java/lang/System.java 
74944      DEBUG main            d.u.i.k.j.r.ClassFileDeclarationBuilder Parsing: package java.io; public class Closeable { } 
74945      DEBUG main            r.s.KeYCrossReferenceSourceInfo Dynamically created class: java.io.Closeable 
78047      DEBUG main            d.u.i.k.p.i.AbstractProblemLoader Init config took 3.16s 
78068      INFO  main            d.u.i.k.p.i.AbstractProblemLoader Replaying proof break.key 
78070      DEBUG main            d.u.i.k.p.i.IntermediateProofReplayer Proof replay took 8.9ns 
78172      INFO  main            d.u.i.k.p.r.p.TestFile    ... finished proof: closed. 
78442      INFO  main            d.u.i.k.p.i.AbstractProblemLoader Loading environment from /home/runner/work/key/key/key.core/../key.ui/examples/standard_key/java_dl/break.key.proof 
78442      DEBUG main            d.u.i.k.p.i.AbstractProblemLoader Environment load took 137.2ns 
78445      INFO  main            d.u.i.k.p.i.AbstractProblemLoader Creating init config 
78474      WARN  main            d.u.i.k.j.r.KeYCrossReferenceNameInfo Datatype java.io.PrintStream declared twice: Once in FILE:/home/runner/work/key/key/key.core/../key.ui/examples/standard_key/java_dl/classpath/PrintStream.java and once in URL:file:/home/runner/work/key/key/key.core/build/resources/main/de/uka/ilkd/key/java/JavaRedux/java/io/PrintStream.java, Keeping one from URL:file:/home/runner/work/key/key/key.core/build/resources/main/de/uka/ilkd/key/java/JavaRedux/java/io/PrintStream.java 
78475      WARN  main            d.u.i.k.j.r.KeYCrossReferenceNameInfo Datatype java.io.InputStream declared twice: Once in FILE:/home/runner/work/key/key/key.core/../key.ui/examples/standard_key/java_dl/classpath/InputStream.java and once in URL:file:/home/runner/work/key/key/key.core/build/resources/main/de/uka/ilkd/key/java/JavaRedux/java/io/InputStream.java, Keeping one from URL:file:/home/runner/work/key/key/key.core/build/resources/main/de/uka/ilkd/key/java/JavaRedux/java/io/InputStream.java 
78475      WARN  main            d.u.i.k.j.r.KeYCrossReferenceNameInfo Datatype java.lang.System declared twice: Once in FILE:/home/runner/work/key/key/key.core/../key.ui/examples/standard_key/java_dl/classpath/System.java and once in URL:file:/home/runner/work/key/key/key.core/build/resources/main/de/uka/ilkd/key/java/JavaRedux/java/lang/System.java, Keeping one from URL:file:/home/runner/work/key/key/key.core/build/resources/main/de/uka/ilkd/key/java/JavaRedux/java/lang/System.java 
78479      DEBUG main            d.u.i.k.j.r.ClassFileDeclarationBuilder Parsing: package java.io; public class Closeable { } 
78480      DEBUG main            r.s.KeYCrossReferenceSourceInfo Dynamically created class: java.io.Closeable 
81505      DEBUG main            d.u.i.k.p.i.AbstractProblemLoader Init config took 3.06s 
81526      INFO  main            d.u.i.k.p.i.AbstractProblemLoader Replaying proof break.key.proof 
81543      DEBUG main            d.u.i.k.p.i.IntermediateProofReplayer Proof replay took 14.34ms 
81545      DEBUG main            d.u.i.k.p.r.p.TestFile    ... success: reloaded. 
81546      INFO  main            d.u.i.k.p.r.p.TestFile    Now processing file /home/runner/work/key/key/key.core/../key.ui/examples/standard_key/java_dl/char.key 
81547      INFO  main            d.u.i.k.p.i.AbstractProblemLoader Loading environment from /home/runner/work/key/key/key.core/../key.ui/examples/standard_key/java_dl/char.key 
81547      DEBUG main            d.u.i.k.p.i.AbstractProblemLoader Environment load took 240.9ns 
81549      INFO  main            d.u.i.k.p.i.AbstractProblemLoader Creating init config 
84529      DEBUG main            d.u.i.k.p.i.AbstractProblemLoader Init config took 2.98s 
84549      INFO  main            d.u.i.k.p.i.AbstractProblemLoader Replaying proof char.key 
84551      DEBUG main            d.u.i.k.p.i.IntermediateProofReplayer Proof replay took 8ns 
84658      INFO  main            d.u.i.k.p.r.p.TestFile    ... finished proof: closed. 
84915      INFO  main            d.u.i.k.p.i.AbstractProblemLoader Loading environment from /home/runner/work/key/key/key.core/../key.ui/examples/standard_key/java_dl/char.key.proof 
84915      DEBUG main            d.u.i.k.p.i.AbstractProblemLoader Environment load took 170.7ns 
84917      INFO  main            d.u.i.k.p.i.AbstractProblemLoader Creating init config 
87995      DEBUG main            d.u.i.k.p.i.AbstractProblemLoader Init config took 3.08s 
88017      INFO  main            d.u.i.k.p.i.AbstractProblemLoader Replaying proof char.key.proof 
88028      DEBUG main            d.u.i.k.p.i.IntermediateProofReplayer Proof replay took 4.92ms 
88030      DEBUG main            d.u.i.k.p.r.p.TestFile    ... success: reloaded. 
88032      INFO  main            d.u.i.k.p.r.p.TestFile    Now processing file /home/runner/work/key/key/key.core/../key.ui/examples/standard_key/java_dl/compileTimeConstants.key 
88033      INFO  main            d.u.i.k.p.i.AbstractProblemLoader Loading environment from /home/runner/work/key/key/key.core/../key.ui/examples/standard_key/java_dl/compileTimeConstants.key 
88033      DEBUG main            d.u.i.k.p.i.AbstractProblemLoader Environment load took 270.2ns 
88035      INFO  main            d.u.i.k.p.i.AbstractProblemLoader Creating init config 
91069      DEBUG main            d.u.i.k.p.i.AbstractProblemLoader Init config took 3.03s 
91091      INFO  main            d.u.i.k.p.i.AbstractProblemLoader Replaying proof compileTimeConstants.key 
91094      DEBUG main            d.u.i.k.p.i.IntermediateProofReplayer Proof replay took 9ns 
91196      INFO  main            d.u.i.k.p.r.p.TestFile    ... finished proof: closed. 
91464      INFO  main            d.u.i.k.p.i.AbstractProblemLoader Loading environment from /home/runner/work/key/key/key.core/../key.ui/examples/standard_key/java_dl/compileTimeConstants.key.proof 
91464      DEBUG main            d.u.i.k.p.i.AbstractProblemLoader Environment load took 147.9ns 
91466      INFO  main            d.u.i.k.p.i.AbstractProblemLoader Creating init config 
94523      DEBUG main            d.u.i.k.p.i.AbstractProblemLoader Init config took 3.06s 
94546      INFO  main            d.u.i.k.p.i.AbstractProblemLoader Replaying proof compileTimeConstants.key.proof 
94575      DEBUG main            d.u.i.k.p.i.IntermediateProofReplayer Proof replay took 20.73ms 
94578      DEBUG main            d.u.i.k.p.r.p.TestFile    ... success: reloaded. 
94579      INFO  main            d.u.i.k.p.r.p.TestFile    Now processing file /home/runner/work/key/key/key.core/../key.ui/examples/standard_key/java_dl/constructorException/test.key 
94580      INFO  main            d.u.i.k.p.i.AbstractProblemLoader Loading environment from /home/runner/work/key/key/key.core/../key.ui/examples/standard_key/java_dl/constructorException/test.key 
94581      DEBUG main            d.u.i.k.p.i.AbstractProblemLoader Environment load took 492.6ns 
94582      INFO  main            d.u.i.k.p.i.AbstractProblemLoader Creating init config 
97649      DEBUG main            d.u.i.k.p.i.AbstractProblemLoader Init config took 3.07s 
97735      INFO  main            d.u.i.k.p.i.AbstractProblemLoader Replaying proof Test[Test::Test(int)].JML operation contract.0 
97737      DEBUG main            d.u.i.k.p.i.IntermediateProofReplayer Proof replay took 8.6ns 
98040      INFO  main            d.u.i.k.p.r.p.TestFile    ... finished proof: closed. 
98412      INFO  main            d.u.i.k.p.i.AbstractProblemLoader Loading environment from /home/runner/work/key/key/key.core/../key.ui/examples/standard_key/java_dl/constructorException/test.key.proof 
98413      DEBUG main            d.u.i.k.p.i.AbstractProblemLoader Environment load took 853.4ns 
98414      INFO  main            d.u.i.k.p.i.AbstractProblemLoader Creating init config 
101438     DEBUG main            d.u.i.k.p.i.AbstractProblemLoader Init config took 3.02s 
101490     INFO  main            d.u.i.k.p.i.AbstractProblemLoader Replaying proof Test[Test::Test(int)].JML operation contract.0 
101565     DEBUG main            d.u.i.k.p.i.IntermediateProofReplayer Proof replay took 71.51ms 
101566     DEBUG main            d.u.i.k.p.r.p.TestFile    ... success: reloaded. 
101567     INFO  main            d.u.i.k.p.r.p.TestFile    Now processing file /home/runner/work/key/key/key.core/../key.ui/examples/standard_key/java_dl/constructorException/regressionTestBug1333.key 
101568     INFO  main            d.u.i.k.p.i.AbstractProblemLoader Loading environment from /home/runner/work/key/key/key.core/../key.ui/examples/standard_key/java_dl/constructorException/regressionTestBug1333.key 
101568     DEBUG main            d.u.i.k.p.i.AbstractProblemLoader Environment load took 262.1ns 
101569     INFO  main            d.u.i.k.p.i.AbstractProblemLoader Creating init config 
104688     DEBUG main            d.u.i.k.p.i.AbstractProblemLoader Init config took 3.12s 
104772     INFO  main            d.u.i.k.p.i.AbstractProblemLoader Replaying proof False[False::False()].JML normal_behavior operation contract.0 
104776     DEBUG main            d.u.i.k.p.i.IntermediateProofReplayer Proof replay took 8.1ns 
104882     INFO  main            d.u.i.k.p.r.p.TestFile    ... finished proof: open goal(s) 
105155     INFO  main            d.u.i.k.p.r.p.TestFile    Now processing file /home/runner/work/key/key/key.core/../key.ui/examples/standard_key/java_dl/continue1.key 
105156     INFO  main            d.u.i.k.p.i.AbstractProblemLoader Loading environment from /home/runner/work/key/key/key.core/../key.ui/examples/standard_key/java_dl/continue1.key 
105156     DEBUG main            d.u.i.k.p.i.AbstractProblemLoader Environment load took 90.6ns 
105157     INFO  main            d.u.i.k.p.i.AbstractProblemLoader Creating init config 
105188     WARN  main            d.u.i.k.j.r.KeYCrossReferenceNameInfo Datatype java.io.PrintStream declared twice: Once in FILE:/home/runner/work/key/key/key.core/../key.ui/examples/standard_key/java_dl/classpath/PrintStream.java and once in URL:file:/home/runner/work/key/key/key.core/build/resources/main/de/uka/ilkd/key/java/JavaRedux/java/io/PrintStream.java, Keeping one from URL:file:/home/runner/work/key/key/key.core/build/resources/main/de/uka/ilkd/key/java/JavaRedux/java/io/PrintStream.java 
105188     WARN  main            d.u.i.k.j.r.KeYCrossReferenceNameInfo Datatype java.io.InputStream declared twice: Once in FILE:/home/runner/work/key/key/key.core/../key.ui/examples/standard_key/java_dl/classpath/InputStream.java and once in URL:file:/home/runner/work/key/key/key.core/build/resources/main/de/uka/ilkd/key/java/JavaRedux/java/io/InputStream.java, Keeping one from URL:file:/home/runner/work/key/key/key.core/build/resources/main/de/uka/ilkd/key/java/JavaRedux/java/io/InputStream.java 
105189     WARN  main            d.u.i.k.j.r.KeYCrossReferenceNameInfo Datatype java.lang.System declared twice: Once in FILE:/home/runner/work/key/key/key.core/../key.ui/examples/standard_key/java_dl/classpath/System.java and once in URL:file:/home/runner/work/key/key/key.core/build/resources/main/de/uka/ilkd/key/java/JavaRedux/java/lang/System.java, Keeping one from URL:file:/home/runner/work/key/key/key.core/build/resources/main/de/uka/ilkd/key/java/JavaRedux/java/lang/System.java 
105192     DEBUG main            d.u.i.k.j.r.ClassFileDeclarationBuilder Parsing: package java.io; public class Closeable { } 
105192     DEBUG main            r.s.KeYCrossReferenceSourceInfo Dynamically created class: java.io.Closeable 
108169     DEBUG main            d.u.i.k.p.i.AbstractProblemLoader Init config took 3.01s 
108186     INFO  main            d.u.i.k.p.i.AbstractProblemLoader Replaying proof continue1.key 
108189     DEBUG main            d.u.i.k.p.i.IntermediateProofReplayer Proof replay took 8ns 
108294     INFO  main            d.u.i.k.p.r.p.TestFile    ... finished proof: closed. 
108553     INFO  main            d.u.i.k.p.i.AbstractProblemLoader Loading environment from /home/runner/work/key/key/key.core/../key.ui/examples/standard_key/java_dl/continue1.key.proof 
108553     DEBUG main            d.u.i.k.p.i.AbstractProblemLoader Environment load took 134ns 
108554     INFO  main            d.u.i.k.p.i.AbstractProblemLoader Creating init config 
108585     WARN  main            d.u.i.k.j.r.KeYCrossReferenceNameInfo Datatype java.io.PrintStream declared twice: Once in FILE:/home/runner/work/key/key/key.core/../key.ui/examples/standard_key/java_dl/classpath/PrintStream.java and once in URL:file:/home/runner/work/key/key/key.core/build/resources/main/de/uka/ilkd/key/java/JavaRedux/java/io/PrintStream.java, Keeping one from URL:file:/home/runner/work/key/key/key.core/build/resources/main/de/uka/ilkd/key/java/JavaRedux/java/io/PrintStream.java 
108586     WARN  main            d.u.i.k.j.r.KeYCrossReferenceNameInfo Datatype java.io.InputStream declared twice: Once in FILE:/home/runner/work/key/key/key.core/../key.ui/examples/standard_key/java_dl/classpath/InputStream.java and once in URL:file:/home/runner/work/key/key/key.core/build/resources/main/de/uka/ilkd/key/java/JavaRedux/java/io/InputStream.java, Keeping one from URL:file:/home/runner/work/key/key/key.core/build/resources/main/de/uka/ilkd/key/java/JavaRedux/java/io/InputStream.java 
108586     WARN  main            d.u.i.k.j.r.KeYCrossReferenceNameInfo Datatype java.lang.System declared twice: Once in FILE:/home/runner/work/key/key/key.core/../key.ui/examples/standard_key/java_dl/classpath/System.java and once in URL:file:/home/runner/work/key/key/key.core/build/resources/main/de/uka/ilkd/key/java/JavaRedux/java/lang/System.java, Keeping one from URL:file:/home/runner/work/key/key/key.core/build/resources/main/de/uka/ilkd/key/java/JavaRedux/java/lang/System.java 
108590     DEBUG main            d.u.i.k.j.r.ClassFileDeclarationBuilder Parsing: package java.io; public class Closeable { } 
108590     DEBUG main            r.s.KeYCrossReferenceSourceInfo Dynamically created class: java.io.Closeable 
111561     DEBUG main            d.u.i.k.p.i.AbstractProblemLoader Init config took 3.01s 
111579     INFO  main            d.u.i.k.p.i.AbstractProblemLoader Replaying proof continue1.key.proof 
111609     DEBUG main            d.u.i.k.p.i.IntermediateProofReplayer Proof replay took 26.83ms 
111611     DEBUG main            d.u.i.k.p.r.p.TestFile    ... success: reloaded. 
111613     INFO  main            d.u.i.k.p.r.p.TestFile    Now processing file /home/runner/work/key/key/key.core/../key.ui/examples/standard_key/java_dl/continue2.key 
111614     INFO  main            d.u.i.k.p.i.AbstractProblemLoader Loading environment from /home/runner/work/key/key/key.core/../key.ui/examples/standard_key/java_dl/continue2.key 
111614     DEBUG main            d.u.i.k.p.i.AbstractProblemLoader Environment load took 231.5ns 
111615     INFO  main            d.u.i.k.p.i.AbstractProblemLoader Creating init config 
111644     WARN  main            d.u.i.k.j.r.KeYCrossReferenceNameInfo Datatype java.io.PrintStream declared twice: Once in FILE:/home/runner/work/key/key/key.core/../key.ui/examples/standard_key/java_dl/classpath/PrintStream.java and once in URL:file:/home/runner/work/key/key/key.core/build/resources/main/de/uka/ilkd/key/java/JavaRedux/java/io/PrintStream.java, Keeping one from URL:file:/home/runner/work/key/key/key.core/build/resources/main/de/uka/ilkd/key/java/JavaRedux/java/io/PrintStream.java 
111645     WARN  main            d.u.i.k.j.r.KeYCrossReferenceNameInfo Datatype java.io.InputStream declared twice: Once in FILE:/home/runner/work/key/key/key.core/../key.ui/examples/standard_key/java_dl/classpath/InputStream.java and once in URL:file:/home/runner/work/key/key/key.core/build/resources/main/de/uka/ilkd/key/java/JavaRedux/java/io/InputStream.java, Keeping one from URL:file:/home/runner/work/key/key/key.core/build/resources/main/de/uka/ilkd/key/java/JavaRedux/java/io/InputStream.java 
111645     WARN  main            d.u.i.k.j.r.KeYCrossReferenceNameInfo Datatype java.lang.System declared twice: Once in FILE:/home/runner/work/key/key/key.core/../key.ui/examples/standard_key/java_dl/classpath/System.java and once in URL:file:/home/runner/work/key/key/key.core/build/resources/main/de/uka/ilkd/key/java/JavaRedux/java/lang/System.java, Keeping one from URL:file:/home/runner/work/key/key/key.core/build/resources/main/de/uka/ilkd/key/java/JavaRedux/java/lang/System.java 
111649     DEBUG main            d.u.i.k.j.r.ClassFileDeclarationBuilder Parsing: package java.io; public class Closeable { } 
111649     DEBUG main            r.s.KeYCrossReferenceSourceInfo Dynamically created class: java.io.Closeable 
114598     DEBUG main            d.u.i.k.p.i.AbstractProblemLoader Init config took 2.98s 
114620     INFO  main            d.u.i.k.p.i.AbstractProblemLoader Replaying proof continue2.key 
114624     DEBUG main            d.u.i.k.p.i.IntermediateProofReplayer Proof replay took 8.3ns 
114927     INFO  main            d.u.i.k.p.r.p.TestFile    ... finished proof: closed. 
115311     INFO  main            d.u.i.k.p.i.AbstractProblemLoader Loading environment from /home/runner/work/key/key/key.core/../key.ui/examples/standard_key/java_dl/continue2.key.proof 
115312     DEBUG main            d.u.i.k.p.i.AbstractProblemLoader Environment load took 782.3ns 
115313     INFO  main            d.u.i.k.p.i.AbstractProblemLoader Creating init config 
115343     WARN  main            d.u.i.k.j.r.KeYCrossReferenceNameInfo Datatype java.io.PrintStream declared twice: Once in FILE:/home/runner/work/key/key/key.core/../key.ui/examples/standard_key/java_dl/classpath/PrintStream.java and once in URL:file:/home/runner/work/key/key/key.core/build/resources/main/de/uka/ilkd/key/java/JavaRedux/java/io/PrintStream.java, Keeping one from URL:file:/home/runner/work/key/key/key.core/build/resources/main/de/uka/ilkd/key/java/JavaRedux/java/io/PrintStream.java 
115344     WARN  main            d.u.i.k.j.r.KeYCrossReferenceNameInfo Datatype java.io.InputStream declared twice: Once in FILE:/home/runner/work/key/key/key.core/../key.ui/examples/standard_key/java_dl/classpath/InputStream.java and once in URL:file:/home/runner/work/key/key/key.core/build/resources/main/de/uka/ilkd/key/java/JavaRedux/java/io/InputStream.java, Keeping one from URL:file:/home/runner/work/key/key/key.core/build/resources/main/de/uka/ilkd/key/java/JavaRedux/java/io/InputStream.java 
115344     WARN  main            d.u.i.k.j.r.KeYCrossReferenceNameInfo Datatype java.lang.System declared twice: Once in FILE:/home/runner/work/key/key/key.core/../key.ui/examples/standard_key/java_dl/classpath/System.java and once in URL:file:/home/runner/work/key/key/key.core/build/resources/main/de/uka/ilkd/key/java/JavaRedux/java/lang/System.java, Keeping one from URL:file:/home/runner/work/key/key/key.core/build/resources/main/de/uka/ilkd/key/java/JavaRedux/java/lang/System.java 
115347     DEBUG main            d.u.i.k.j.r.ClassFileDeclarationBuilder Parsing: package java.io; public class Closeable { } 
115348     DEBUG main            r.s.KeYCrossReferenceSourceInfo Dynamically created class: java.io.Closeable 
118313     DEBUG main            d.u.i.k.p.i.AbstractProblemLoader Init config took 3s 
118330     INFO  main            d.u.i.k.p.i.AbstractProblemLoader Replaying proof continue2.key.proof 
118439     DEBUG main            d.u.i.k.p.i.IntermediateProofReplayer Proof replay took 106.06ms 
118444     DEBUG main            d.u.i.k.p.r.p.TestFile    ... success: reloaded. 
118447     INFO  main            d.u.i.k.p.r.p.TestFile    Now processing file /home/runner/work/key/key/key.core/../key.ui/examples/standard_key/java_dl/complexAssignment.key 
118447     INFO  main            d.u.i.k.p.i.AbstractProblemLoader Loading environment from /home/runner/work/key/key/key.core/../key.ui/examples/standard_key/java_dl/complexAssignment.key 
118460     DEBUG main            d.u.i.k.p.i.AbstractProblemLoader Environment load took 12.26ms 
118470     INFO  main            d.u.i.k.p.i.AbstractProblemLoader Creating init config 
121485     DEBUG main            d.u.i.k.p.i.AbstractProblemLoader Init config took 3.02s 
121503     INFO  main            d.u.i.k.p.i.AbstractProblemLoader Replaying proof complexAssignment.key 
121505     DEBUG main            d.u.i.k.p.i.IntermediateProofReplayer Proof replay took 8.4ns 
121607     INFO  main            d.u.i.k.p.r.p.TestFile    ... finished proof: closed. 
121909     INFO  main            d.u.i.k.p.i.AbstractProblemLoader Loading environment from /home/runner/work/key/key/key.core/../key.ui/examples/standard_key/java_dl/complexAssignment.key.proof 
121910     DEBUG main            d.u.i.k.p.i.AbstractProblemLoader Environment load took 120.7ns 
121911     INFO  main            d.u.i.k.p.i.AbstractProblemLoader Creating init config 
124805     DEBUG main            d.u.i.k.p.i.AbstractProblemLoader Init config took 2.89s 
124822     INFO  main            d.u.i.k.p.i.AbstractProblemLoader Replaying proof complexAssignment.key.proof 
124833     DEBUG main            d.u.i.k.p.i.IntermediateProofReplayer Proof replay took 8.41ms 
124834     DEBUG main            d.u.i.k.p.r.p.TestFile    ... success: reloaded. 
124834     INFO  main            d.u.i.k.p.r.p.TestFile    Now processing file /home/runner/work/key/key/key.core/../key.ui/examples/standard_key/java_dl/danglingElseSolution1.key 
124835     INFO  main            d.u.i.k.p.i.AbstractProblemLoader Loading environment from /home/runner/work/key/key/key.core/../key.ui/examples/standard_key/java_dl/danglingElseSolution1.key 
124835     DEBUG main            d.u.i.k.p.i.AbstractProblemLoader Environment load took 109.6ns 
124836     INFO  main            d.u.i.k.p.i.AbstractProblemLoader Creating init config 
127852     DEBUG main            d.u.i.k.p.i.AbstractProblemLoader Init config took 3.02s 
127877     INFO  main            d.u.i.k.p.i.AbstractProblemLoader Replaying proof danglingElseSolution1.key 
127879     DEBUG main            d.u.i.k.p.i.IntermediateProofReplayer Proof replay took 9.6ns 
127982     INFO  main            d.u.i.k.p.r.p.TestFile    ... finished proof: closed. 
128281     INFO  main            d.u.i.k.p.i.AbstractProblemLoader Loading environment from /home/runner/work/key/key/key.core/../key.ui/examples/standard_key/java_dl/danglingElseSolution1.key.proof 
128281     DEBUG main            d.u.i.k.p.i.AbstractProblemLoader Environment load took 129.2ns 
128283     INFO  main            d.u.i.k.p.i.AbstractProblemLoader Creating init config 
131196     DEBUG main            d.u.i.k.p.i.AbstractProblemLoader Init config took 2.91s 
131216     INFO  main            d.u.i.k.p.i.AbstractProblemLoader Replaying proof danglingElseSolution1.key.proof 
131231     DEBUG main            d.u.i.k.p.i.IntermediateProofReplayer Proof replay took 12.14ms 
131232     DEBUG main            d.u.i.k.p.r.p.TestFile    ... success: reloaded. 
131233     INFO  main            d.u.i.k.p.r.p.TestFile    Now processing file /home/runner/work/key/key/key.core/../key.ui/examples/standard_key/java_dl/danglingElseSolution2.key 
131233     INFO  main            d.u.i.k.p.i.AbstractProblemLoader Loading environment from /home/runner/work/key/key/key.core/../key.ui/examples/standard_key/java_dl/danglingElseSolution2.key 
131234     DEBUG main            d.u.i.k.p.i.AbstractProblemLoader Environment load took 227.1ns 
131238     INFO  main            d.u.i.k.p.i.AbstractProblemLoader Creating init config 
134260     DEBUG main            d.u.i.k.p.i.AbstractProblemLoader Init config took 3.02s 
134280     INFO  main            d.u.i.k.p.i.AbstractProblemLoader Replaying proof danglingElseSolution2.key 
134282     DEBUG main            d.u.i.k.p.i.IntermediateProofReplayer Proof replay took 9ns 
134384     INFO  main            d.u.i.k.p.r.p.TestFile    ... finished proof: closed. 
134696     INFO  main            d.u.i.k.p.i.AbstractProblemLoader Loading environment from /home/runner/work/key/key/key.core/../key.ui/examples/standard_key/java_dl/danglingElseSolution2.key.proof 
134696     DEBUG main            d.u.i.k.p.i.AbstractProblemLoader Environment load took 131.6ns 
134697     INFO  main            d.u.i.k.p.i.AbstractProblemLoader Creating init config 
137615     DEBUG main            d.u.i.k.p.i.AbstractProblemLoader Init config took 2.92s 
137632     INFO  main            d.u.i.k.p.i.AbstractProblemLoader Replaying proof danglingElseSolution2.key.proof 
137647     DEBUG main            d.u.i.k.p.i.IntermediateProofReplayer Proof replay took 11.96ms 
137649     DEBUG main            d.u.i.k.p.r.p.TestFile    ... success: reloaded. 
137650     INFO  main            d.u.i.k.p.r.p.TestFile    Now processing file /home/runner/work/key/key/key.core/../key.ui/examples/standard_key/java_dl/deepNonNull/deepNonNull0.key 
137650     INFO  main            d.u.i.k.p.i.AbstractProblemLoader Loading environment from /home/runner/work/key/key/key.core/../key.ui/examples/standard_key/java_dl/deepNonNull/deepNonNull0.key 
137651     DEBUG main            d.u.i.k.p.i.AbstractProblemLoader Environment load took 225.2ns 
137652     INFO  main            d.u.i.k.p.i.AbstractProblemLoader Creating init config 
140714     DEBUG main            d.u.i.k.p.i.AbstractProblemLoader Init config took 3.06s 
140763     INFO  main            d.u.i.k.p.i.AbstractProblemLoader Replaying proof Arrays[Arrays::get()].JML operation contract.0 
140766     DEBUG main            d.u.i.k.p.i.IntermediateProofReplayer Proof replay took 8.1ns 
140968     INFO  main            d.u.i.k.p.r.p.TestFile    ... finished proof: closed. 
141297     INFO  main            d.u.i.k.p.i.AbstractProblemLoader Loading environment from /home/runner/work/key/key/key.core/../key.ui/examples/standard_key/java_dl/deepNonNull/deepNonNull0.key.proof 
141297     DEBUG main            d.u.i.k.p.i.AbstractProblemLoader Environment load took 126.4ns 
141298     INFO  main            d.u.i.k.p.i.AbstractProblemLoader Creating init config 
144340     DEBUG main            d.u.i.k.p.i.AbstractProblemLoader Init config took 3.04s 
144392     INFO  main            d.u.i.k.p.i.AbstractProblemLoader Replaying proof Arrays[Arrays::get()].JML operation contract.0 
144435     DEBUG main            d.u.i.k.p.i.IntermediateProofReplayer Proof replay took 40.58ms 
144437     DEBUG main            d.u.i.k.p.r.p.TestFile    ... success: reloaded. 
144437     INFO  main            d.u.i.k.p.r.p.TestFile    Now processing file /home/runner/work/key/key/key.core/../key.ui/examples/standard_key/java_dl/deepNonNull/deepNonNull1.key 
144438     INFO  main            d.u.i.k.p.i.AbstractProblemLoader Loading environment from /home/runner/work/key/key/key.core/../key.ui/examples/standard_key/java_dl/deepNonNull/deepNonNull1.key 
144438     DEBUG main            d.u.i.k.p.i.AbstractProblemLoader Environment load took 228.3ns 
144439     INFO  main            d.u.i.k.p.i.AbstractProblemLoader Creating init config 
147463     DEBUG main            d.u.i.k.p.i.AbstractProblemLoader Init config took 3.02s 
147508     INFO  main            d.u.i.k.p.i.AbstractProblemLoader Replaying proof Arrays[Arrays::head()].JML operation contract.0 
147514     DEBUG main            d.u.i.k.p.i.IntermediateProofReplayer Proof replay took 13.6ns 
147716     INFO  main            d.u.i.k.p.r.p.TestFile    ... finished proof: closed. 
148092     INFO  main            d.u.i.k.p.i.AbstractProblemLoader Loading environment from /home/runner/work/key/key/key.core/../key.ui/examples/standard_key/java_dl/deepNonNull/deepNonNull1.key.proof 
148093     DEBUG main            d.u.i.k.p.i.AbstractProblemLoader Environment load took 128.2ns 
148094     INFO  main            d.u.i.k.p.i.AbstractProblemLoader Creating init config 
151215     DEBUG main            d.u.i.k.p.i.AbstractProblemLoader Init config took 3.12s 
151276     INFO  main            d.u.i.k.p.i.AbstractProblemLoader Replaying proof Arrays[Arrays::head()].JML operation contract.0 
151320     DEBUG main            d.u.i.k.p.i.IntermediateProofReplayer Proof replay took 40.76ms 
151322     DEBUG main            d.u.i.k.p.r.p.TestFile    ... success: reloaded. 
151322     INFO  main            d.u.i.k.p.r.p.TestFile    Now processing file /home/runner/work/key/key/key.core/../key.ui/examples/standard_key/java_dl/deepNonNull/deepNonNull2.key 
151323     INFO  main            d.u.i.k.p.i.AbstractProblemLoader Loading environment from /home/runner/work/key/key/key.core/../key.ui/examples/standard_key/java_dl/deepNonNull/deepNonNull2.key 
151323     DEBUG main            d.u.i.k.p.i.AbstractProblemLoader Environment load took 304.7ns 
151324     INFO  main            d.u.i.k.p.i.AbstractProblemLoader Creating init config 
154369     DEBUG main            d.u.i.k.p.i.AbstractProblemLoader Init config took 3.04s 
154419     INFO  main            d.u.i.k.p.i.AbstractProblemLoader Replaying proof Arrays[Arrays::unprovable(java.lang.Object)].JML operation contract.0 
154421     DEBUG main            d.u.i.k.p.i.IntermediateProofReplayer Proof replay took 9ns 
154528     INFO  main            d.u.i.k.p.r.p.TestFile    ... finished proof: open goal(s) 
154873     INFO  main            d.u.i.k.p.r.p.TestFile    Now processing file /home/runner/work/key/key/key.core/../key.ui/examples/standard_key/java_dl/deepNonNull/deepNonNull3.key 
154874     INFO  main            d.u.i.k.p.i.AbstractProblemLoader Loading environment from /home/runner/work/key/key/key.core/../key.ui/examples/standard_key/java_dl/deepNonNull/deepNonNull3.key 
154874     DEBUG main            d.u.i.k.p.i.AbstractProblemLoader Environment load took 76.3ns 
154875     INFO  main            d.u.i.k.p.i.AbstractProblemLoader Creating init config 
157875     DEBUG main            d.u.i.k.p.i.AbstractProblemLoader Init config took 3s 
157925     INFO  main            d.u.i.k.p.i.AbstractProblemLoader Replaying proof Arrays[Arrays::head([[[[Ljava.lang.Object)].JML operation contract.0 
157927     DEBUG main            d.u.i.k.p.i.IntermediateProofReplayer Proof replay took 8.5ns 
158937     INFO  main            d.u.i.k.p.r.p.TestFile    ... finished proof: closed. 
159350     INFO  main            d.u.i.k.p.i.AbstractProblemLoader Loading environment from /home/runner/work/key/key/key.core/../key.ui/examples/standard_key/java_dl/deepNonNull/deepNonNull3.key.proof 
159352     DEBUG main            d.u.i.k.p.i.AbstractProblemLoader Environment load took 2.18ms 
159354     INFO  main            d.u.i.k.p.i.AbstractProblemLoader Creating init config 
162324     DEBUG main            d.u.i.k.p.i.AbstractProblemLoader Init config took 2.97s 
162383     INFO  main            d.u.i.k.p.i.AbstractProblemLoader Replaying proof Arrays[Arrays::head([[[[Ljava.lang.Object)].JML operation contract.0 
162534     DEBUG main            d.u.i.k.p.i.IntermediateProofReplayer Proof replay took 143.4ms 
162535     DEBUG main            d.u.i.k.p.r.p.TestFile    ... success: reloaded. 
162536     INFO  main            d.u.i.k.p.r.p.TestFile    Now processing file /home/runner/work/key/key/key.core/../key.ui/examples/standard_key/java_dl/exceptions.key 
162536     INFO  main            d.u.i.k.p.i.AbstractProblemLoader Loading environment from /home/runner/work/key/key/key.core/../key.ui/examples/standard_key/java_dl/exceptions.key 
162537     DEBUG main            d.u.i.k.p.i.AbstractProblemLoader Environment load took 248.1ns 
162538     INFO  main            d.u.i.k.p.i.AbstractProblemLoader Creating init config 
162592     WARN  main            d.u.i.k.j.r.KeYCrossReferenceNameInfo Datatype java.io.PrintStream declared twice: Once in FILE:/home/runner/work/key/key/key.core/../key.ui/examples/standard_key/java_dl/classpath/PrintStream.java and once in URL:file:/home/runner/work/key/key/key.core/build/resources/main/de/uka/ilkd/key/java/JavaRedux/java/io/PrintStream.java, Keeping one from URL:file:/home/runner/work/key/key/key.core/build/resources/main/de/uka/ilkd/key/java/JavaRedux/java/io/PrintStream.java 
162592     WARN  main            d.u.i.k.j.r.KeYCrossReferenceNameInfo Datatype java.io.InputStream declared twice: Once in FILE:/home/runner/work/key/key/key.core/../key.ui/examples/standard_key/java_dl/classpath/InputStream.java and once in URL:file:/home/runner/work/key/key/key.core/build/resources/main/de/uka/ilkd/key/java/JavaRedux/java/io/InputStream.java, Keeping one from URL:file:/home/runner/work/key/key/key.core/build/resources/main/de/uka/ilkd/key/java/JavaRedux/java/io/InputStream.java 
162593     WARN  main            d.u.i.k.j.r.KeYCrossReferenceNameInfo Datatype java.lang.System declared twice: Once in FILE:/home/runner/work/key/key/key.core/../key.ui/examples/standard_key/java_dl/classpath/System.java and once in URL:file:/home/runner/work/key/key/key.core/build/resources/main/de/uka/ilkd/key/java/JavaRedux/java/lang/System.java, Keeping one from URL:file:/home/runner/work/key/key/key.core/build/resources/main/de/uka/ilkd/key/java/JavaRedux/java/lang/System.java 
162597     DEBUG main            d.u.i.k.j.r.ClassFileDeclarationBuilder Parsing: package java.io; public class Closeable { } 
162597     DEBUG main            r.s.KeYCrossReferenceSourceInfo Dynamically created class: java.io.Closeable 
165568     DEBUG main            d.u.i.k.p.i.AbstractProblemLoader Init config took 3.03s 
165587     INFO  main            d.u.i.k.p.i.AbstractProblemLoader Replaying proof exceptions.key 
165589     DEBUG main            d.u.i.k.p.i.IntermediateProofReplayer Proof replay took 9.2ns 
165795     INFO  main            d.u.i.k.p.r.p.TestFile    ... finished proof: closed. 
166133     INFO  main            d.u.i.k.p.i.AbstractProblemLoader Loading environment from /home/runner/work/key/key/key.core/../key.ui/examples/standard_key/java_dl/exceptions.key.proof 
166133     DEBUG main            d.u.i.k.p.i.AbstractProblemLoader Environment load took 106.8ns 
166135     INFO  main            d.u.i.k.p.i.AbstractProblemLoader Creating init config 
166178     WARN  main            d.u.i.k.j.r.KeYCrossReferenceNameInfo Datatype java.io.PrintStream declared twice: Once in FILE:/home/runner/work/key/key/key.core/../key.ui/examples/standard_key/java_dl/classpath/PrintStream.java and once in URL:file:/home/runner/work/key/key/key.core/build/resources/main/de/uka/ilkd/key/java/JavaRedux/java/io/PrintStream.java, Keeping one from URL:file:/home/runner/work/key/key/key.core/build/resources/main/de/uka/ilkd/key/java/JavaRedux/java/io/PrintStream.java 
166178     WARN  main            d.u.i.k.j.r.KeYCrossReferenceNameInfo Datatype java.io.InputStream declared twice: Once in FILE:/home/runner/work/key/key/key.core/../key.ui/examples/standard_key/java_dl/classpath/InputStream.java and once in URL:file:/home/runner/work/key/key/key.core/build/resources/main/de/uka/ilkd/key/java/JavaRedux/java/io/InputStream.java, Keeping one from URL:file:/home/runner/work/key/key/key.core/build/resources/main/de/uka/ilkd/key/java/JavaRedux/java/io/InputStream.java 
166178     WARN  main            d.u.i.k.j.r.KeYCrossReferenceNameInfo Datatype java.lang.System declared twice: Once in FILE:/home/runner/work/key/key/key.core/../key.ui/examples/standard_key/java_dl/classpath/System.java and once in URL:file:/home/runner/work/key/key/key.core/build/resources/main/de/uka/ilkd/key/java/JavaRedux/java/lang/System.java, Keeping one from URL:file:/home/runner/work/key/key/key.core/build/resources/main/de/uka/ilkd/key/java/JavaRedux/java/lang/System.java 
166182     DEBUG main            d.u.i.k.j.r.ClassFileDeclarationBuilder Parsing: package java.io; public class Closeable { } 
166182     DEBUG main            r.s.KeYCrossReferenceSourceInfo Dynamically created class: java.io.Closeable 
169091     DEBUG main            d.u.i.k.p.i.AbstractProblemLoader Init config took 2.96s 
169108     INFO  main            d.u.i.k.p.i.AbstractProblemLoader Replaying proof exceptions.key.proof 
169169     DEBUG main            d.u.i.k.p.i.IntermediateProofReplayer Proof replay took 56.95ms 
169171     DEBUG main            d.u.i.k.p.r.p.TestFile    ... success: reloaded. 
169171     INFO  main            d.u.i.k.p.r.p.TestFile    Now processing file /home/runner/work/key/key/key.core/../key.ui/examples/standard_key/java_dl/exceptions1.key 
169172     INFO  main            d.u.i.k.p.i.AbstractProblemLoader Loading environment from /home/runner/work/key/key/key.core/../key.ui/examples/standard_key/java_dl/exceptions1.key 
169172     DEBUG main            d.u.i.k.p.i.AbstractProblemLoader Environment load took 108.3ns 
169173     INFO  main            d.u.i.k.p.i.AbstractProblemLoader Creating init config 
172117     DEBUG main            d.u.i.k.p.i.AbstractProblemLoader Init config took 2.94s 
172136     INFO  main            d.u.i.k.p.i.AbstractProblemLoader Replaying proof exceptions1.key 
172139     DEBUG main            d.u.i.k.p.i.IntermediateProofReplayer Proof replay took 8.6ns 
172342     INFO  main            d.u.i.k.p.r.p.TestFile    ... finished proof: closed. 
172696     INFO  main            d.u.i.k.p.i.AbstractProblemLoader Loading environment from /home/runner/work/key/key/key.core/../key.ui/examples/standard_key/java_dl/exceptions1.key.proof 
172696     DEBUG main            d.u.i.k.p.i.AbstractProblemLoader Environment load took 104.2ns 
172697     INFO  main            d.u.i.k.p.i.AbstractProblemLoader Creating init config 
175591     DEBUG main            d.u.i.k.p.i.AbstractProblemLoader Init config took 2.89s 
175608     INFO  main            d.u.i.k.p.i.AbstractProblemLoader Replaying proof exceptions1.key.proof 
175649     DEBUG main            d.u.i.k.p.i.IntermediateProofReplayer Proof replay took 38.5ms 
175650     DEBUG main            d.u.i.k.p.r.p.TestFile    ... success: reloaded. 
175652     INFO  main            d.u.i.k.p.r.p.TestFile    Now processing file /home/runner/work/key/key/key.core/../key.ui/examples/standard_key/java_dl/exceptions2.key 
175652     INFO  main            d.u.i.k.p.i.AbstractProblemLoader Loading environment from /home/runner/work/key/key/key.core/../key.ui/examples/standard_key/java_dl/exceptions2.key 
175652     DEBUG main            d.u.i.k.p.i.AbstractProblemLoader Environment load took 94.4ns 
175653     INFO  main            d.u.i.k.p.i.AbstractProblemLoader Creating init config 
178670     DEBUG main            d.u.i.k.p.i.AbstractProblemLoader Init config took 3.02s 
178693     INFO  main            d.u.i.k.p.i.AbstractProblemLoader Replaying proof exceptions2.key 
178696     DEBUG main            d.u.i.k.p.i.IntermediateProofReplayer Proof replay took 8.9ns 
178899     INFO  main            d.u.i.k.p.r.p.TestFile    ... finished proof: closed. 
179264     INFO  main            d.u.i.k.p.i.AbstractProblemLoader Loading environment from /home/runner/work/key/key/key.core/../key.ui/examples/standard_key/java_dl/exceptions2.key.proof 
179265     DEBUG main            d.u.i.k.p.i.AbstractProblemLoader Environment load took 111.3ns 
179267     INFO  main            d.u.i.k.p.i.AbstractProblemLoader Creating init config 
182186     DEBUG main            d.u.i.k.p.i.AbstractProblemLoader Init config took 2.92s 
182208     INFO  main            d.u.i.k.p.i.AbstractProblemLoader Replaying proof exceptions2.key.proof 
182257     DEBUG main            d.u.i.k.p.i.IntermediateProofReplayer Proof replay took 44.46ms 
182262     DEBUG main            d.u.i.k.p.r.p.TestFile    ... success: reloaded. 
182264     INFO  main            d.u.i.k.p.r.p.TestFile    Now processing file /home/runner/work/key/key/key.core/../key.ui/examples/standard_key/java_dl/exceptions3.key 
182264     INFO  main            d.u.i.k.p.i.AbstractProblemLoader Loading environment from /home/runner/work/key/key/key.core/../key.ui/examples/standard_key/java_dl/exceptions3.key 
182265     DEBUG main            d.u.i.k.p.i.AbstractProblemLoader Environment load took 209.2ns 
182266     INFO  main            d.u.i.k.p.i.AbstractProblemLoader Creating init config 
182297     WARN  main            d.u.i.k.j.r.KeYCrossReferenceNameInfo Datatype java.io.PrintStream declared twice: Once in FILE:/home/runner/work/key/key/key.core/../key.ui/examples/standard_key/java_dl/classpath/PrintStream.java and once in URL:file:/home/runner/work/key/key/key.core/build/resources/main/de/uka/ilkd/key/java/JavaRedux/java/io/PrintStream.java, Keeping one from URL:file:/home/runner/work/key/key/key.core/build/resources/main/de/uka/ilkd/key/java/JavaRedux/java/io/PrintStream.java 
182297     WARN  main            d.u.i.k.j.r.KeYCrossReferenceNameInfo Datatype java.io.InputStream declared twice: Once in FILE:/home/runner/work/key/key/key.core/../key.ui/examples/standard_key/java_dl/classpath/InputStream.java and once in URL:file:/home/runner/work/key/key/key.core/build/resources/main/de/uka/ilkd/key/java/JavaRedux/java/io/InputStream.java, Keeping one from URL:file:/home/runner/work/key/key/key.core/build/resources/main/de/uka/ilkd/key/java/JavaRedux/java/io/InputStream.java 
182297     WARN  main            d.u.i.k.j.r.KeYCrossReferenceNameInfo Datatype java.lang.System declared twice: Once in FILE:/home/runner/work/key/key/key.core/../key.ui/examples/standard_key/java_dl/classpath/System.java and once in URL:file:/home/runner/work/key/key/key.core/build/resources/main/de/uka/ilkd/key/java/JavaRedux/java/lang/System.java, Keeping one from URL:file:/home/runner/work/key/key/key.core/build/resources/main/de/uka/ilkd/key/java/JavaRedux/java/lang/System.java 
182301     DEBUG main            d.u.i.k.j.r.ClassFileDeclarationBuilder Parsing: package java.io; public class Closeable { } 
182301     DEBUG main            r.s.KeYCrossReferenceSourceInfo Dynamically created class: java.io.Closeable 
185345     DEBUG main            d.u.i.k.p.i.AbstractProblemLoader Init config took 3.08s 
185362     INFO  main            d.u.i.k.p.i.AbstractProblemLoader Replaying proof exceptions3.key 
185363     DEBUG main            d.u.i.k.p.i.IntermediateProofReplayer Proof replay took 9.7ns 
185466     INFO  main            d.u.i.k.p.r.p.TestFile    ... finished proof: closed. 
185830     INFO  main            d.u.i.k.p.i.AbstractProblemLoader Loading environment from /home/runner/work/key/key/key.core/../key.ui/examples/standard_key/java_dl/exceptions3.key.proof 
185830     DEBUG main            d.u.i.k.p.i.AbstractProblemLoader Environment load took 108.4ns 
185831     INFO  main            d.u.i.k.p.i.AbstractProblemLoader Creating init config 
185866     WARN  main            d.u.i.k.j.r.KeYCrossReferenceNameInfo Datatype java.io.PrintStream declared twice: Once in FILE:/home/runner/work/key/key/key.core/../key.ui/examples/standard_key/java_dl/classpath/PrintStream.java and once in URL:file:/home/runner/work/key/key/key.core/build/resources/main/de/uka/ilkd/key/java/JavaRedux/java/io/PrintStream.java, Keeping one from URL:file:/home/runner/work/key/key/key.core/build/resources/main/de/uka/ilkd/key/java/JavaRedux/java/io/PrintStream.java 
185866     WARN  main            d.u.i.k.j.r.KeYCrossReferenceNameInfo Datatype java.io.InputStream declared twice: Once in FILE:/home/runner/work/key/key/key.core/../key.ui/examples/standard_key/java_dl/classpath/InputStream.java and once in URL:file:/home/runner/work/key/key/key.core/build/resources/main/de/uka/ilkd/key/java/JavaRedux/java/io/InputStream.java, Keeping one from URL:file:/home/runner/work/key/key/key.core/build/resources/main/de/uka/ilkd/key/java/JavaRedux/java/io/InputStream.java 
185866     WARN  main            d.u.i.k.j.r.KeYCrossReferenceNameInfo Datatype java.lang.System declared twice: Once in FILE:/home/runner/work/key/key/key.core/../key.ui/examples/standard_key/java_dl/classpath/System.java and once in URL:file:/home/runner/work/key/key/key.core/build/resources/main/de/uka/ilkd/key/java/JavaRedux/java/lang/System.java, Keeping one from URL:file:/home/runner/work/key/key/key.core/build/resources/main/de/uka/ilkd/key/java/JavaRedux/java/lang/System.java 
185870     DEBUG main            d.u.i.k.j.r.ClassFileDeclarationBuilder Parsing: package java.io; public class Closeable { } 
185870     DEBUG main            r.s.KeYCrossReferenceSourceInfo Dynamically created class: java.io.Closeable 
188815     DEBUG main            d.u.i.k.p.i.AbstractProblemLoader Init config took 2.98s 
188834     INFO  main            d.u.i.k.p.i.AbstractProblemLoader Replaying proof exceptions3.key.proof 
188845     DEBUG main            d.u.i.k.p.i.IntermediateProofReplayer Proof replay took 7.32ms 
188847     DEBUG main            d.u.i.k.p.r.p.TestFile    ... success: reloaded. 
188849     INFO  main            d.u.i.k.p.r.p.TestFile    Now processing file /home/runner/work/key/key/key.core/../key.ui/examples/standard_key/java_dl/exchange.key 
188849     INFO  main            d.u.i.k.p.i.AbstractProblemLoader Loading environment from /home/runner/work/key/key/key.core/../key.ui/examples/standard_key/java_dl/exchange.key 
188849     DEBUG main            d.u.i.k.p.i.AbstractProblemLoader Environment load took 105.3ns 
188850     INFO  main            d.u.i.k.p.i.AbstractProblemLoader Creating init config 
191777     DEBUG main            d.u.i.k.p.i.AbstractProblemLoader Init config took 2.93s 
191794     INFO  main            d.u.i.k.p.i.AbstractProblemLoader Replaying proof exchange.key 
191796     DEBUG main            d.u.i.k.p.i.IntermediateProofReplayer Proof replay took 10.1ns 
191899     INFO  main            d.u.i.k.p.r.p.TestFile    ... finished proof: closed. 
192270     INFO  main            d.u.i.k.p.i.AbstractProblemLoader Loading environment from /home/runner/work/key/key/key.core/../key.ui/examples/standard_key/java_dl/exchange.key.proof 
192270     DEBUG main            d.u.i.k.p.i.AbstractProblemLoader Environment load took 119.7ns 
192273     INFO  main            d.u.i.k.p.i.AbstractProblemLoader Creating init config 
195166     DEBUG main            d.u.i.k.p.i.AbstractProblemLoader Init config took 2.89s 
195183     INFO  main            d.u.i.k.p.i.AbstractProblemLoader Replaying proof exchange.key.proof 
195189     DEBUG main            d.u.i.k.p.i.IntermediateProofReplayer Proof replay took 4.15ms 
195190     DEBUG main            d.u.i.k.p.r.p.TestFile    ... success: reloaded. 
195191     INFO  main            d.u.i.k.p.r.p.TestFile    Now processing file /home/runner/work/key/key/key.core/../key.ui/examples/standard_key/java_dl/if.key 
195192     INFO  main            d.u.i.k.p.i.AbstractProblemLoader Loading environment from /home/runner/work/key/key/key.core/../key.ui/examples/standard_key/java_dl/if.key 
195192     DEBUG main            d.u.i.k.p.i.AbstractProblemLoader Environment load took 201.5ns 
195193     INFO  main            d.u.i.k.p.i.AbstractProblemLoader Creating init config 
198144     DEBUG main            d.u.i.k.p.i.AbstractProblemLoader Init config took 2.95s 
198159     INFO  main            d.u.i.k.p.i.AbstractProblemLoader Replaying proof if.key 
198161     DEBUG main            d.u.i.k.p.i.IntermediateProofReplayer Proof replay took 21.4ns 
198263     INFO  main            d.u.i.k.p.r.p.TestFile    ... finished proof: closed. 
198639     INFO  main            d.u.i.k.p.i.AbstractProblemLoader Loading environment from /home/runner/work/key/key/key.core/../key.ui/examples/standard_key/java_dl/if.key.proof 
198639     DEBUG main            d.u.i.k.p.i.AbstractProblemLoader Environment load took 109.1ns 
198640     INFO  main            d.u.i.k.p.i.AbstractProblemLoader Creating init config 
201509     DEBUG main            d.u.i.k.p.i.AbstractProblemLoader Init config took 2.87s 
201525     INFO  main            d.u.i.k.p.i.AbstractProblemLoader Replaying proof if.key.proof 
201531     DEBUG main            d.u.i.k.p.i.IntermediateProofReplayer Proof replay took 3.91ms 
201532     DEBUG main            d.u.i.k.p.r.p.TestFile    ... success: reloaded. 
201533     INFO  main            d.u.i.k.p.r.p.TestFile    Now processing file /home/runner/work/key/key/key.core/../key.ui/examples/standard_key/java_dl/incrementcounter.key 
201533     INFO  main            d.u.i.k.p.i.AbstractProblemLoader Loading environment from /home/runner/work/key/key/key.core/../key.ui/examples/standard_key/java_dl/incrementcounter.key 
201533     DEBUG main            d.u.i.k.p.i.AbstractProblemLoader Environment load took 103.8ns 
201534     INFO  main            d.u.i.k.p.i.AbstractProblemLoader Creating init config 
204450     DEBUG main            d.u.i.k.p.i.AbstractProblemLoader Init config took 2.92s 
204466     INFO  main            d.u.i.k.p.i.AbstractProblemLoader Replaying proof incrementcounter.key 
204467     DEBUG main            d.u.i.k.p.i.IntermediateProofReplayer Proof replay took 8.2ns 
204570     INFO  main            d.u.i.k.p.r.p.TestFile    ... finished proof: closed. 
204965     INFO  main            d.u.i.k.p.i.AbstractProblemLoader Loading environment from /home/runner/work/key/key/key.core/../key.ui/examples/standard_key/java_dl/incrementcounter.key.proof 
204965     DEBUG main            d.u.i.k.p.i.AbstractProblemLoader Environment load took 108.4ns 
204967     INFO  main            d.u.i.k.p.i.AbstractProblemLoader Creating init config 
207862     DEBUG main            d.u.i.k.p.i.AbstractProblemLoader Init config took 2.9s 
207880     INFO  main            d.u.i.k.p.i.AbstractProblemLoader Replaying proof incrementcounter.key.proof 
207884     DEBUG main            d.u.i.k.p.i.IntermediateProofReplayer Proof replay took 2.7ms 
207885     DEBUG main            d.u.i.k.p.r.p.TestFile    ... success: reloaded. 
207886     INFO  main            d.u.i.k.p.r.p.TestFile    Now processing file /home/runner/work/key/key/key.core/../key.ui/examples/standard_key/java_dl/danglingElse.key 
207886     INFO  main            d.u.i.k.p.i.AbstractProblemLoader Loading environment from /home/runner/work/key/key/key.core/../key.ui/examples/standard_key/java_dl/danglingElse.key 
207886     DEBUG main            d.u.i.k.p.i.AbstractProblemLoader Environment load took 99ns 
207888     INFO  main            d.u.i.k.p.i.AbstractProblemLoader Creating init config 
210846     DEBUG main            d.u.i.k.p.i.AbstractProblemLoader Init config took 2.96s 
210863     INFO  main            d.u.i.k.p.i.AbstractProblemLoader Replaying proof danglingElse.key 
210865     DEBUG main            d.u.i.k.p.i.IntermediateProofReplayer Proof replay took 8.6ns 
210969     INFO  main            d.u.i.k.p.r.p.TestFile    ... finished proof: open goal(s) 
211374     INFO  main            d.u.i.k.p.r.p.TestFile    Now processing file /home/runner/work/key/key/key.core/../key.ui/examples/standard_key/java_dl/iteratedAssignment.key 
211376     INFO  main            d.u.i.k.p.i.AbstractProblemLoader Loading environment from /home/runner/work/key/key/key.core/../key.ui/examples/standard_key/java_dl/iteratedAssignment.key 
211376     DEBUG main            d.u.i.k.p.i.AbstractProblemLoader Environment load took 110.9ns 
211379     INFO  main            d.u.i.k.p.i.AbstractProblemLoader Creating init config 
214247     DEBUG main            d.u.i.k.p.i.AbstractProblemLoader Init config took 2.87s 
214274     INFO  main            d.u.i.k.p.i.AbstractProblemLoader Replaying proof iteratedAssignment.key 
214278     DEBUG main            d.u.i.k.p.i.IntermediateProofReplayer Proof replay took 9.8ns 
214682     INFO  main            d.u.i.k.p.r.p.TestFile    ... finished proof: closed. 
215257     INFO  main            d.u.i.k.p.i.AbstractProblemLoader Loading environment from /home/runner/work/key/key/key.core/../key.ui/examples/standard_key/java_dl/iteratedAssignment.key.proof 
215257     DEBUG main            d.u.i.k.p.i.AbstractProblemLoader Environment load took 177.7ns 
215259     INFO  main            d.u.i.k.p.i.AbstractProblemLoader Creating init config 
218137     DEBUG main            d.u.i.k.p.i.AbstractProblemLoader Init config took 2.88s 
218154     INFO  main            d.u.i.k.p.i.AbstractProblemLoader Replaying proof iteratedAssignment.key.proof 
218243     DEBUG main            d.u.i.k.p.i.IntermediateProofReplayer Proof replay took 84.53ms 
218246     DEBUG main            d.u.i.k.p.r.p.TestFile    ... success: reloaded. 
218247     INFO  main            d.u.i.k.p.r.p.TestFile    Now processing file /home/runner/work/key/key/key.core/../key.ui/examples/standard_key/java_dl/assert/assert1.key 
218248     INFO  main            d.u.i.k.p.i.AbstractProblemLoader Loading environment from /home/runner/work/key/key/key.core/../key.ui/examples/standard_key/java_dl/assert/assert1.key 
218248     DEBUG main            d.u.i.k.p.i.AbstractProblemLoader Environment load took 207.9ns 
218249     INFO  main            d.u.i.k.p.i.AbstractProblemLoader Creating init config 
221213     DEBUG main            d.u.i.k.p.i.AbstractProblemLoader Init config took 2.96s 
221256     INFO  main            d.u.i.k.p.i.AbstractProblemLoader Replaying proof C[C::foo()].JML normal_behavior operation contract.0 
221259     DEBUG main            d.u.i.k.p.i.IntermediateProofReplayer Proof replay took 8.4ns 
221462     INFO  main            d.u.i.k.p.r.p.TestFile    ... finished proof: open goal(s) 
221889     INFO  main            d.u.i.k.p.r.p.TestFile    Now processing file /home/runner/work/key/key/key.core/../key.ui/examples/standard_key/java_dl/assert/assert2.key 
221889     INFO  main            d.u.i.k.p.i.AbstractProblemLoader Loading environment from /home/runner/work/key/key/key.core/../key.ui/examples/standard_key/java_dl/assert/assert2.key 
221889     DEBUG main            d.u.i.k.p.i.AbstractProblemLoader Environment load took 58.5ns 
221890     INFO  main            d.u.i.k.p.i.AbstractProblemLoader Creating init config 
224790     DEBUG main            d.u.i.k.p.i.AbstractProblemLoader Init config took 2.9s 
224845     INFO  main            d.u.i.k.p.i.AbstractProblemLoader Replaying proof C[C::bar()].JML exceptional_behavior operation contract.0 
224848     DEBUG main            d.u.i.k.p.i.IntermediateProofReplayer Proof replay took 8.4ns 
225051     INFO  main            d.u.i.k.p.r.p.TestFile    ... finished proof: closed. 
225437     INFO  main            d.u.i.k.p.i.AbstractProblemLoader Loading environment from /home/runner/work/key/key/key.core/../key.ui/examples/standard_key/java_dl/assert/assert2.key.proof 
225437     DEBUG main            d.u.i.k.p.i.AbstractProblemLoader Environment load took 104.7ns 
225438     INFO  main            d.u.i.k.p.i.AbstractProblemLoader Creating init config 
228349     DEBUG main            d.u.i.k.p.i.AbstractProblemLoader Init config took 2.91s 
228390     INFO  main            d.u.i.k.p.i.AbstractProblemLoader Replaying proof C[C::bar()].JML exceptional_behavior operation contract.0 
228448     DEBUG main            d.u.i.k.p.i.IntermediateProofReplayer Proof replay took 55.17ms 
228449     DEBUG main            d.u.i.k.p.r.p.TestFile    ... success: reloaded. 
228450     INFO  main            d.u.i.k.p.r.p.TestFile    Now processing file /home/runner/work/key/key/key.core/../key.ui/examples/standard_key/java_dl/assert/assert3.key 
228450     INFO  main            d.u.i.k.p.i.AbstractProblemLoader Loading environment from /home/runner/work/key/key/key.core/../key.ui/examples/standard_key/java_dl/assert/assert3.key 
228450     DEBUG main            d.u.i.k.p.i.AbstractProblemLoader Environment load took 101.9ns 
228451     INFO  main            d.u.i.k.p.i.AbstractProblemLoader Creating init config 
231428     DEBUG main            d.u.i.k.p.i.AbstractProblemLoader Init config took 2.98s 
231471     INFO  main            d.u.i.k.p.i.AbstractProblemLoader Replaying proof C[C::foo()].JML normal_behavior operation contract.0 
231477     DEBUG main            d.u.i.k.p.i.IntermediateProofReplayer Proof replay took 9.7ns 
231579     INFO  main            d.u.i.k.p.r.p.TestFile    ... finished proof: open goal(s) 
231981     INFO  main            d.u.i.k.p.r.p.TestFile    Now processing file /home/runner/work/key/key/key.core/../key.ui/examples/standard_key/java_dl/java5/vararg.key 
231981     INFO  main            d.u.i.k.p.i.AbstractProblemLoader Loading environment from /home/runner/work/key/key/key.core/../key.ui/examples/standard_key/java_dl/java5/vararg.key 
231981     DEBUG main            d.u.i.k.p.i.AbstractProblemLoader Environment load took 153.3ns 
231983     INFO  main            d.u.i.k.p.i.AbstractProblemLoader Creating init config 
232998     DEBUG main            d.u.i.k.j.r.ClassPreparationMethodBuilder clPrepBuilder: Inner Class detected. Reject building class initialisation methods. 
235221     DEBUG main            d.u.i.k.p.i.AbstractProblemLoader Init config took 3.24s 
235270     INFO  main            d.u.i.k.p.i.AbstractProblemLoader Replaying proof vararg.key 
235272     DEBUG main            d.u.i.k.p.i.IntermediateProofReplayer Proof replay took 9ns 
235637     DEBUG Thread-101      d.u.i.k.j.d.VariableSpecification Program match. Variables have different dimension (template #v0 = #vi;, source var#17[] = new java.lang.Object[]{d1, d2};) 
235830     DEBUG Thread-101      d.u.i.k.j.d.VariableSpecification Program match. Variables have different dimension (template #v0 = #vi;, source var#24[] = new java.lang.Object[]{d1, d2};) 
236028     DEBUG Thread-101      d.u.i.k.j.d.VariableSpecification Program match. Variables have different dimension (template #v0 = #vi;, source var#33[] = new java.lang.Object[]{var_1};) 
236030     DEBUG Thread-101      d.u.i.k.j.d.VariableSpecification Program match. Variables have different dimension (template #v0 = #vi;, source var#33[] = new java.lang.Object[]{var_1};) 
236182     DEBUG Thread-101      d.u.i.k.j.d.VariableSpecification Program match. Variables have different dimension (template #v0 = #vi;, source var#39[] = new java.lang.Object[]{null, null};) 
236425     DEBUG Thread-101      d.u.i.k.j.d.VariableSpecification Program match. Variables have different dimension (template #v0 = #vi;, source var#46[] = new java.lang.Object[]{};) 
236923     INFO  main            d.u.i.k.p.r.p.TestFile    ... finished proof: closed. 
237447     INFO  main            d.u.i.k.p.i.AbstractProblemLoader Loading environment from /home/runner/work/key/key/key.core/../key.ui/examples/standard_key/java_dl/java5/vararg.key.proof 
237447     DEBUG main            d.u.i.k.p.i.AbstractProblemLoader Environment load took 425.6ns 
237449     INFO  main            d.u.i.k.p.i.AbstractProblemLoader Creating init config 
238444     DEBUG main            d.u.i.k.j.r.ClassPreparationMethodBuilder clPrepBuilder: Inner Class detected. Reject building class initialisation methods. 
240642     DEBUG main            d.u.i.k.p.i.AbstractProblemLoader Init config took 3.19s 
240673     INFO  main            d.u.i.k.p.i.AbstractProblemLoader Replaying proof vararg.key.proof 
241154     DEBUG main            d.u.i.k.p.i.IntermediateProofReplayer Proof replay took 467.25ms 
241156     DEBUG main            d.u.i.k.p.r.p.TestFile    ... success: reloaded. 
241156     INFO  main            d.u.i.k.p.r.p.TestFile    Now processing file /home/runner/work/key/key/key.core/../key.ui/examples/standard_key/java_dl/java5/for_Array.key 
241157     INFO  main            d.u.i.k.p.i.AbstractProblemLoader Loading environment from /home/runner/work/key/key/key.core/../key.ui/examples/standard_key/java_dl/java5/for_Array.key 
241157     DEBUG main            d.u.i.k.p.i.AbstractProblemLoader Environment load took 208.9ns 
241158     INFO  main            d.u.i.k.p.i.AbstractProblemLoader Creating init config 
242177     DEBUG main            d.u.i.k.j.r.ClassPreparationMethodBuilder clPrepBuilder: Inner Class detected. Reject building class initialisation methods. 
244429     DEBUG main            d.u.i.k.p.i.AbstractProblemLoader Init config took 3.27s 
244493     INFO  main            d.u.i.k.p.i.AbstractProblemLoader Replaying proof For[For::sum([I)].JML operation contract.0 
244495     DEBUG main            d.u.i.k.p.i.IntermediateProofReplayer Proof replay took 8.6ns 
244998     INFO  main            d.u.i.k.p.r.p.TestFile    ... finished proof: closed. 
245496     INFO  main            d.u.i.k.p.i.AbstractProblemLoader Loading environment from /home/runner/work/key/key/key.core/../key.ui/examples/standard_key/java_dl/java5/for_Array.key.proof 
245496     DEBUG main            d.u.i.k.p.i.AbstractProblemLoader Environment load took 425.7ns 
245497     INFO  main            d.u.i.k.p.i.AbstractProblemLoader Creating init config 
246491     DEBUG main            d.u.i.k.j.r.ClassPreparationMethodBuilder clPrepBuilder: Inner Class detected. Reject building class initialisation methods. 
248641     DEBUG main            d.u.i.k.p.i.AbstractProblemLoader Init config took 3.14s 
248731     INFO  main            d.u.i.k.p.i.AbstractProblemLoader Replaying proof For[For::sum([I)].JML operation contract.0 
248891     DEBUG main            d.u.i.k.p.i.IntermediateProofReplayer Proof replay took 156.17ms 
248892     DEBUG main            d.u.i.k.p.r.p.TestFile    ... success: reloaded. 
248894     INFO  main            d.u.i.k.p.r.p.TestFile    Now processing file /home/runner/work/key/key/key.core/../key.ui/examples/standard_key/java_dl/java5/for_Iterable.key 
248894     INFO  main            d.u.i.k.p.i.AbstractProblemLoader Loading environment from /home/runner/work/key/key/key.core/../key.ui/examples/standard_key/java_dl/java5/for_Iterable.key 
248894     DEBUG main            d.u.i.k.p.i.AbstractProblemLoader Environment load took 196.8ns 
248895     INFO  main            d.u.i.k.p.i.AbstractProblemLoader Creating init config 
249928     DEBUG main            d.u.i.k.j.r.ClassPreparationMethodBuilder clPrepBuilder: Inner Class detected. Reject building class initialisation methods. 
252096     DEBUG main            d.u.i.k.p.i.AbstractProblemLoader Init config took 3.2s 
252170     INFO  main            d.u.i.k.p.i.AbstractProblemLoader Replaying proof For[For::infiniteLoop(For)].JML operation contract.0 
252173     DEBUG main            d.u.i.k.p.i.IntermediateProofReplayer Proof replay took 9.9ns 
252375     INFO  main            d.u.i.k.p.r.p.TestFile    ... finished proof: closed. 
252944     INFO  main            d.u.i.k.p.i.AbstractProblemLoader Loading environment from /home/runner/work/key/key/key.core/../key.ui/examples/standard_key/java_dl/java5/for_Iterable.key.proof 
252944     DEBUG main            d.u.i.k.p.i.AbstractProblemLoader Environment load took 99.5ns 
252945     INFO  main            d.u.i.k.p.i.AbstractProblemLoader Creating init config 
253933     DEBUG main            d.u.i.k.j.r.ClassPreparationMethodBuilder clPrepBuilder: Inner Class detected. Reject building class initialisation methods. 
256073     DEBUG main            d.u.i.k.p.i.AbstractProblemLoader Init config took 3.13s 
256145     INFO  main            d.u.i.k.p.i.AbstractProblemLoader Replaying proof For[For::infiniteLoop(For)].JML operation contract.0 
256213     DEBUG main            d.u.i.k.p.i.IntermediateProofReplayer Proof replay took 64.53ms 
256214     DEBUG main            d.u.i.k.p.r.p.TestFile    ... success: reloaded. 
256216     INFO  main            d.u.i.k.p.r.p.TestFile    Now processing file /home/runner/work/key/key/key.core/../key.ui/examples/standard_key/java_dl/java5/for_ReferenceArray.key 
256216     INFO  main            d.u.i.k.p.i.AbstractProblemLoader Loading environment from /home/runner/work/key/key/key.core/../key.ui/examples/standard_key/java_dl/java5/for_ReferenceArray.key 
256216     DEBUG main            d.u.i.k.p.i.AbstractProblemLoader Environment load took 196.2ns 
256217     INFO  main            d.u.i.k.p.i.AbstractProblemLoader Creating init config 
257211     DEBUG main            d.u.i.k.j.r.ClassPreparationMethodBuilder clPrepBuilder: Inner Class detected. Reject building class initialisation methods. 
259428     DEBUG main            d.u.i.k.p.i.AbstractProblemLoader Init config took 3.21s 
259491     INFO  main            d.u.i.k.p.i.AbstractProblemLoader Replaying proof ForReferenceArray[ForReferenceArray::foo([Ljava.lang.Object)].JML operation contract.0 
259494     DEBUG main            d.u.i.k.p.i.IntermediateProofReplayer Proof replay took 22.3ns 
259798     INFO  main            d.u.i.k.p.r.p.TestFile    ... finished proof: closed. 
260267     INFO  main            d.u.i.k.p.i.AbstractProblemLoader Loading environment from /home/runner/work/key/key/key.core/../key.ui/examples/standard_key/java_dl/java5/for_ReferenceArray.key.proof 
260267     DEBUG main            d.u.i.k.p.i.AbstractProblemLoader Environment load took 128.8ns 
260268     INFO  main            d.u.i.k.p.i.AbstractProblemLoader Creating init config 
261251     DEBUG main            d.u.i.k.j.r.ClassPreparationMethodBuilder clPrepBuilder: Inner Class detected. Reject building class initialisation methods. 
263404     DEBUG main            d.u.i.k.p.i.AbstractProblemLoader Init config took 3.14s 
263480     INFO  main            d.u.i.k.p.i.AbstractProblemLoader Replaying proof ForReferenceArray[ForReferenceArray::foo([Ljava.lang.Object)].JML operation contract.0 
263563     DEBUG main            d.u.i.k.p.i.IntermediateProofReplayer Proof replay took 79.96ms 
263564     DEBUG main            d.u.i.k.p.r.p.TestFile    ... success: reloaded. 
263565     INFO  main            d.u.i.k.p.r.p.TestFile    Now processing file /home/runner/work/key/key/key.core/../key.ui/examples/standard_key/java_dl/jml-bigint/cast.key 
263566     INFO  main            d.u.i.k.p.i.AbstractProblemLoader Loading environment from /home/runner/work/key/key/key.core/../key.ui/examples/standard_key/java_dl/jml-bigint/cast.key 
263566     DEBUG main            d.u.i.k.p.i.AbstractProblemLoader Environment load took 92.7ns 
263567     INFO  main            d.u.i.k.p.i.AbstractProblemLoader Creating init config 
266630     DEBUG main            d.u.i.k.p.i.AbstractProblemLoader Init config took 3.06s 
266671     INFO  main            d.u.i.k.p.i.AbstractProblemLoader Replaying proof Mult[Mult::cast()].JML operation contract.0 
266674     DEBUG main            d.u.i.k.p.i.IntermediateProofReplayer Proof replay took 10ns 
266777     INFO  main            d.u.i.k.p.r.p.TestFile    ... finished proof: closed. 
267243     INFO  main            d.u.i.k.p.i.AbstractProblemLoader Loading environment from /home/runner/work/key/key/key.core/../key.ui/examples/standard_key/java_dl/jml-bigint/cast.key.proof 
267243     DEBUG main            d.u.i.k.p.i.AbstractProblemLoader Environment load took 127.3ns 
267247     INFO  main            d.u.i.k.p.i.AbstractProblemLoader Creating init config 
270259     DEBUG main            d.u.i.k.p.i.AbstractProblemLoader Init config took 3.01s 
270306     INFO  main            d.u.i.k.p.i.AbstractProblemLoader Replaying proof Mult[Mult::cast()].JML operation contract.0 
270325     DEBUG main            d.u.i.k.p.i.IntermediateProofReplayer Proof replay took 16.9ms 
270326     DEBUG main            d.u.i.k.p.r.p.TestFile    ... success: reloaded. 
270327     INFO  main            d.u.i.k.p.r.p.TestFile    Now processing file /home/runner/work/key/key/key.core/../key.ui/examples/standard_key/java_dl/jml-free/loopInvFree.key 
270327     INFO  main            d.u.i.k.p.i.AbstractProblemLoader Loading environment from /home/runner/work/key/key/key.core/../key.ui/examples/standard_key/java_dl/jml-free/loopInvFree.key 
270327     DEBUG main            d.u.i.k.p.i.AbstractProblemLoader Environment load took 124.7ns 
270328     INFO  main            d.u.i.k.p.i.AbstractProblemLoader Creating init config 
273342     DEBUG main            d.u.i.k.p.i.AbstractProblemLoader Init config took 3.01s 
273384     INFO  main            d.u.i.k.p.i.AbstractProblemLoader Replaying proof LoopInvFree[LoopInvFree::test()].JML operation contract.0 
273386     DEBUG main            d.u.i.k.p.i.IntermediateProofReplayer Proof replay took 8.7ns 
273588     INFO  main            d.u.i.k.p.r.p.TestFile    ... finished proof: closed. 
274117     INFO  main            d.u.i.k.p.i.AbstractProblemLoader Loading environment from /home/runner/work/key/key/key.core/../key.ui/examples/standard_key/java_dl/jml-free/loopInvFree.key.proof 
274117     DEBUG main            d.u.i.k.p.i.AbstractProblemLoader Environment load took 98.4ns 
274118     INFO  main            d.u.i.k.p.i.AbstractProblemLoader Creating init config 
277055     DEBUG main            d.u.i.k.p.i.AbstractProblemLoader Init config took 2.94s 
277097     INFO  main            d.u.i.k.p.i.AbstractProblemLoader Replaying proof LoopInvFree[LoopInvFree::test()].JML operation contract.0 
277165     DEBUG main            d.u.i.k.p.i.IntermediateProofReplayer Proof replay took 65.4ms 
277165     DEBUG main            d.u.i.k.p.r.p.TestFile    ... success: reloaded. 
277166     INFO  main            d.u.i.k.p.r.p.TestFile    Now processing file /home/runner/work/key/key/key.core/../key.ui/examples/standard_key/java_dl/jml-free/ensuresFree.key 
277167     INFO  main            d.u.i.k.p.i.AbstractProblemLoader Loading environment from /home/runner/work/key/key/key.core/../key.ui/examples/standard_key/java_dl/jml-free/ensuresFree.key 
277167     DEBUG main            d.u.i.k.p.i.AbstractProblemLoader Environment load took 102.8ns 
277168     INFO  main            d.u.i.k.p.i.AbstractProblemLoader Creating init config 
280125     DEBUG main            d.u.i.k.p.i.AbstractProblemLoader Init config took 2.96s 
280166     INFO  main            d.u.i.k.p.i.AbstractProblemLoader Replaying proof EnsuresFree[EnsuresFree::test()].JML operation contract.0 
280168     DEBUG main            d.u.i.k.p.i.IntermediateProofReplayer Proof replay took 8.7ns 
280270     INFO  main            d.u.i.k.p.r.p.TestFile    ... finished proof: closed. 
280748     INFO  main            d.u.i.k.p.i.AbstractProblemLoader Loading environment from /home/runner/work/key/key/key.core/../key.ui/examples/standard_key/java_dl/jml-free/ensuresFree.key.proof 
280748     DEBUG main            d.u.i.k.p.i.AbstractProblemLoader Environment load took 103.2ns 
280749     INFO  main            d.u.i.k.p.i.AbstractProblemLoader Creating init config 
283649     DEBUG main            d.u.i.k.p.i.AbstractProblemLoader Init config took 2.9s 
283689     INFO  main            d.u.i.k.p.i.AbstractProblemLoader Replaying proof EnsuresFree[EnsuresFree::test()].JML operation contract.0 
283716     DEBUG main            d.u.i.k.p.i.IntermediateProofReplayer Proof replay took 25.06ms 
283718     DEBUG main            d.u.i.k.p.r.p.TestFile    ... success: reloaded. 
283719     INFO  main            d.u.i.k.p.r.p.TestFile    Now processing file /home/runner/work/key/key/key.core/../key.ui/examples/standard_key/java_dl/jml-information-flow.key 
283719     INFO  main            d.u.i.k.p.i.AbstractProblemLoader Loading environment from /home/runner/work/key/key/key.core/../key.ui/examples/standard_key/java_dl/jml-information-flow.key 
283719     DEBUG main            d.u.i.k.p.i.AbstractProblemLoader Environment load took 85.5ns 
283728     INFO  main            d.u.i.k.p.i.AbstractProblemLoader Creating init config 
286940     DEBUG main            d.u.i.k.p.i.AbstractProblemLoader Init config took 3.21s 
286962     INFO  main            d.u.i.k.p.i.AbstractProblemLoader Replaying proof jml-information-flow.key 
286964     DEBUG main            d.u.i.k.p.i.IntermediateProofReplayer Proof replay took 28.3ns 
450558     INFO  main            d.u.i.k.p.r.p.TestFile    ... finished proof: closed. 
451289     INFO  main            d.u.i.k.p.i.AbstractProblemLoader Loading environment from /home/runner/work/key/key/key.core/../key.ui/examples/standard_key/java_dl/jml-information-flow.key.proof 
451290     DEBUG main            d.u.i.k.p.i.AbstractProblemLoader Environment load took 431.6ns 
451299     INFO  main            d.u.i.k.p.i.AbstractProblemLoader Creating init config 
454406     DEBUG main            d.u.i.k.p.i.AbstractProblemLoader Init config took 3.11s 
454429     INFO  main            d.u.i.k.p.i.AbstractProblemLoader Replaying proof jml-information-flow.key.proof 
459445     DEBUG main            d.u.i.k.p.i.IntermediateProofReplayer Proof replay took 4.89s 
459454     DEBUG main            d.u.i.k.p.r.p.TestFile    ... success: reloaded. 
459455     INFO  main            d.u.i.k.p.r.p.TestFile    Now processing file /home/runner/work/key/key/key.core/../key.ui/examples/standard_key/java_dl/jml-min/min-unprovable1.key 
459455     INFO  main            d.u.i.k.p.i.AbstractProblemLoader Loading environment from /home/runner/work/key/key/key.core/../key.ui/examples/standard_key/java_dl/jml-min/min-unprovable1.key 
459456     DEBUG main            d.u.i.k.p.i.AbstractProblemLoader Environment load took 106.6ns 
459456     INFO  main            d.u.i.k.p.i.AbstractProblemLoader Creating init config 
462577     DEBUG main            d.u.i.k.p.i.AbstractProblemLoader Init config took 3.12s 
462617     INFO  main            d.u.i.k.p.i.AbstractProblemLoader Replaying proof Min[Min::foo()].JML operation contract.0 
462618     DEBUG main            d.u.i.k.p.i.IntermediateProofReplayer Proof replay took 8.5ns 
462721     INFO  main            d.u.i.k.p.r.p.TestFile    ... finished proof: open goal(s) 
463393     INFO  main            d.u.i.k.p.r.p.TestFile    Now processing file /home/runner/work/key/key/key.core/../key.ui/examples/standard_key/java_dl/jml-min/min-unprovable2.key 
463393     INFO  main            d.u.i.k.p.i.AbstractProblemLoader Loading environment from /home/runner/work/key/key/key.core/../key.ui/examples/standard_key/java_dl/jml-min/min-unprovable2.key 
463394     DEBUG main            d.u.i.k.p.i.AbstractProblemLoader Environment load took 67.8ns 
463394     INFO  main            d.u.i.k.p.i.AbstractProblemLoader Creating init config 
466411     DEBUG main            d.u.i.k.p.i.AbstractProblemLoader Init config took 3.02s 
466450     INFO  main            d.u.i.k.p.i.AbstractProblemLoader Replaying proof Min[Min::foo2()].JML operation contract.0 
466452     DEBUG main            d.u.i.k.p.i.IntermediateProofReplayer Proof replay took 7.7ns 
466554     INFO  main            d.u.i.k.p.r.p.TestFile    ... finished proof: open goal(s) 
467042     INFO  main            d.u.i.k.p.r.p.TestFile    Now processing file /home/runner/work/key/key/key.core/../key.ui/examples/standard_key/java_dl/methodCall.key 
467042     INFO  main            d.u.i.k.p.i.AbstractProblemLoader Loading environment from /home/runner/work/key/key/key.core/../key.ui/examples/standard_key/java_dl/methodCall.key 
467042     DEBUG main            d.u.i.k.p.i.AbstractProblemLoader Environment load took 67.2ns 
467043     INFO  main            d.u.i.k.p.i.AbstractProblemLoader Creating init config 
470230     DEBUG main            d.u.i.k.p.i.AbstractProblemLoader Init config took 3.19s 
470249     INFO  main            d.u.i.k.p.i.AbstractProblemLoader Replaying proof methodCall.key 
470252     DEBUG main            d.u.i.k.p.i.IntermediateProofReplayer Proof replay took 8.9ns 
470355     INFO  main            d.u.i.k.p.r.p.TestFile    ... finished proof: closed. 
470875     INFO  main            d.u.i.k.p.i.AbstractProblemLoader Loading environment from /home/runner/work/key/key/key.core/../key.ui/examples/standard_key/java_dl/methodCall.key.proof 
470875     DEBUG main            d.u.i.k.p.i.AbstractProblemLoader Environment load took 100ns 
470876     INFO  main            d.u.i.k.p.i.AbstractProblemLoader Creating init config 
473889     DEBUG main            d.u.i.k.p.i.AbstractProblemLoader Init config took 3.01s 
473905     INFO  main            d.u.i.k.p.i.AbstractProblemLoader Replaying proof methodCall.key.proof 
473910     DEBUG main            d.u.i.k.p.i.IntermediateProofReplayer Proof replay took 2.69ms 
473911     DEBUG main            d.u.i.k.p.r.p.TestFile    ... success: reloaded. 
473912     INFO  main            d.u.i.k.p.r.p.TestFile    Now processing file /home/runner/work/key/key/key.core/../key.ui/examples/standard_key/java_dl/methodCall1.key 
473912     INFO  main            d.u.i.k.p.i.AbstractProblemLoader Loading environment from /home/runner/work/key/key/key.core/../key.ui/examples/standard_key/java_dl/methodCall1.key 
473912     DEBUG main            d.u.i.k.p.i.AbstractProblemLoader Environment load took 101ns 
473913     INFO  main            d.u.i.k.p.i.AbstractProblemLoader Creating init config 
476897     DEBUG main            d.u.i.k.p.i.AbstractProblemLoader Init config took 2.98s 
476913     INFO  main            d.u.i.k.p.i.AbstractProblemLoader Replaying proof methodCall1.key 
476915     DEBUG main            d.u.i.k.p.i.IntermediateProofReplayer Proof replay took 7.9ns 
477019     INFO  main            d.u.i.k.p.r.p.TestFile    ... finished proof: closed. 
477530     INFO  main            d.u.i.k.p.i.AbstractProblemLoader Loading environment from /home/runner/work/key/key/key.core/../key.ui/examples/standard_key/java_dl/methodCall1.key.proof 
477531     DEBUG main            d.u.i.k.p.i.AbstractProblemLoader Environment load took 100.9ns 
477532     INFO  main            d.u.i.k.p.i.AbstractProblemLoader Creating init config 
480439     DEBUG main            d.u.i.k.p.i.AbstractProblemLoader Init config took 2.91s 
480455     INFO  main            d.u.i.k.p.i.AbstractProblemLoader Replaying proof methodCall1.key.proof 
480475     DEBUG main            d.u.i.k.p.i.IntermediateProofReplayer Proof replay took 18.04ms 
480477     DEBUG main            d.u.i.k.p.r.p.TestFile    ... success: reloaded. 
480477     INFO  main            d.u.i.k.p.r.p.TestFile    Now processing file /home/runner/work/key/key/key.core/../key.ui/examples/standard_key/java_dl/methodCall1box.key 
480478     INFO  main            d.u.i.k.p.i.AbstractProblemLoader Loading environment from /home/runner/work/key/key/key.core/../key.ui/examples/standard_key/java_dl/methodCall1box.key 
480478     DEBUG main            d.u.i.k.p.i.AbstractProblemLoader Environment load took 120.6ns 
480479     INFO  main            d.u.i.k.p.i.AbstractProblemLoader Creating init config 
483406     DEBUG main            d.u.i.k.p.i.AbstractProblemLoader Init config took 2.93s 
483424     INFO  main            d.u.i.k.p.i.AbstractProblemLoader Replaying proof methodCall1box.key 
483426     DEBUG main            d.u.i.k.p.i.IntermediateProofReplayer Proof replay took 10ns 
483528     INFO  main            d.u.i.k.p.r.p.TestFile    ... finished proof: closed. 
484059     INFO  main            d.u.i.k.p.i.AbstractProblemLoader Loading environment from /home/runner/work/key/key/key.core/../key.ui/examples/standard_key/java_dl/methodCall1box.key.proof 
484059     DEBUG main            d.u.i.k.p.i.AbstractProblemLoader Environment load took 100.4ns 
484060     INFO  main            d.u.i.k.p.i.AbstractProblemLoader Creating init config 
487025     DEBUG main            d.u.i.k.p.i.AbstractProblemLoader Init config took 2.97s 
487042     INFO  main            d.u.i.k.p.i.AbstractProblemLoader Replaying proof methodCall1box.key.proof 
487061     DEBUG main            d.u.i.k.p.i.IntermediateProofReplayer Proof replay took 17.41ms 
487062     DEBUG main            d.u.i.k.p.r.p.TestFile    ... success: reloaded. 
487063     INFO  main            d.u.i.k.p.r.p.TestFile    Now processing file /home/runner/work/key/key/key.core/../key.ui/examples/standard_key/java_dl/methodCall3.key 
487063     INFO  main            d.u.i.k.p.i.AbstractProblemLoader Loading environment from /home/runner/work/key/key/key.core/../key.ui/examples/standard_key/java_dl/methodCall3.key 
487064     DEBUG main            d.u.i.k.p.i.AbstractProblemLoader Environment load took 123.4ns 
487065     INFO  main            d.u.i.k.p.i.AbstractProblemLoader Creating init config 
490038     DEBUG main            d.u.i.k.p.i.AbstractProblemLoader Init config took 2.97s 
490058     INFO  main            d.u.i.k.p.i.AbstractProblemLoader Replaying proof methodCall3.key 
490059     DEBUG main            d.u.i.k.p.i.IntermediateProofReplayer Proof replay took 8.4ns 
490161     INFO  main            d.u.i.k.p.r.p.TestFile    ... finished proof: closed. 
490690     INFO  main            d.u.i.k.p.i.AbstractProblemLoader Loading environment from /home/runner/work/key/key/key.core/../key.ui/examples/standard_key/java_dl/methodCall3.key.proof 
490690     DEBUG main            d.u.i.k.p.i.AbstractProblemLoader Environment load took 101.6ns 
490691     INFO  main            d.u.i.k.p.i.AbstractProblemLoader Creating init config 
493631     DEBUG main            d.u.i.k.p.i.AbstractProblemLoader Init config took 2.94s 
493648     INFO  main            d.u.i.k.p.i.AbstractProblemLoader Replaying proof methodCall3.key.proof 
493661     DEBUG main            d.u.i.k.p.i.IntermediateProofReplayer Proof replay took 11.25ms 
493662     DEBUG main            d.u.i.k.p.r.p.TestFile    ... success: reloaded. 
493663     INFO  main            d.u.i.k.p.r.p.TestFile    Now processing file /home/runner/work/key/key/key.core/../key.ui/examples/standard_key/java_dl/polishFlagSort.key 
493664     INFO  main            d.u.i.k.p.i.AbstractProblemLoader Loading environment from /home/runner/work/key/key/key.core/../key.ui/examples/standard_key/java_dl/polishFlagSort.key 
493664     DEBUG main            d.u.i.k.p.i.AbstractProblemLoader Environment load took 101.3ns 
493666     INFO  main            d.u.i.k.p.i.AbstractProblemLoader Creating init config 
496650     DEBUG main            d.u.i.k.p.i.AbstractProblemLoader Init config took 2.98s 
496668     INFO  main            d.u.i.k.p.i.AbstractProblemLoader Replaying proof polishFlagSort.key 
496670     DEBUG main            d.u.i.k.p.i.IntermediateProofReplayer Proof replay took 8.7ns 
499583     INFO  main            d.u.i.k.p.r.p.TestFile    ... finished proof: closed. 
500180     INFO  main            d.u.i.k.p.i.AbstractProblemLoader Loading environment from /home/runner/work/key/key/key.core/../key.ui/examples/standard_key/java_dl/polishFlagSort.key.proof 
500180     DEBUG main            d.u.i.k.p.i.AbstractProblemLoader Environment load took 423.2ns 
500183     INFO  main            d.u.i.k.p.i.AbstractProblemLoader Creating init config 
503161     DEBUG main            d.u.i.k.p.i.AbstractProblemLoader Init config took 2.98s 
503180     INFO  main            d.u.i.k.p.i.AbstractProblemLoader Replaying proof polishFlagSort.key.proof 
503673     DEBUG main            d.u.i.k.p.i.IntermediateProofReplayer Proof replay took 480.96ms 
503675     DEBUG main            d.u.i.k.p.r.p.TestFile    ... success: reloaded. 
503676     INFO  main            d.u.i.k.p.r.p.TestFile    Now processing file /home/runner/work/key/key/key.core/../key.ui/examples/standard_key/java_dl/postConditionTaclets1.key 
503677     INFO  main            d.u.i.k.p.i.AbstractProblemLoader Loading environment from /home/runner/work/key/key/key.core/../key.ui/examples/standard_key/java_dl/postConditionTaclets1.key 
503677     DEBUG main            d.u.i.k.p.i.AbstractProblemLoader Environment load took 197.3ns 
503678     INFO  main            d.u.i.k.p.i.AbstractProblemLoader Creating init config 
506584     DEBUG main            d.u.i.k.p.i.AbstractProblemLoader Init config took 2.91s 
506600     INFO  main            d.u.i.k.p.i.AbstractProblemLoader Replaying proof postConditionTaclets1.key 
506602     DEBUG main            d.u.i.k.p.i.IntermediateProofReplayer Proof replay took 8ns 
506705     INFO  main            d.u.i.k.p.r.p.TestFile    ... finished proof: closed. 
507314     INFO  main            d.u.i.k.p.i.AbstractProblemLoader Loading environment from /home/runner/work/key/key/key.core/../key.ui/examples/standard_key/java_dl/postConditionTaclets1.key.proof 
507314     DEBUG main            d.u.i.k.p.i.AbstractProblemLoader Environment load took 94.2ns 
507315     INFO  main            d.u.i.k.p.i.AbstractProblemLoader Creating init config 
510157     DEBUG main            d.u.i.k.p.i.AbstractProblemLoader Init config took 2.84s 
510176     INFO  main            d.u.i.k.p.i.AbstractProblemLoader Replaying proof postConditionTaclets1.key.proof 
510178     DEBUG main            d.u.i.k.p.i.IntermediateProofReplayer Proof replay took 551ns 
510179     DEBUG main            d.u.i.k.p.r.p.TestFile    ... success: reloaded. 
510180     INFO  main            d.u.i.k.p.r.p.TestFile    Now processing file /home/runner/work/key/key/key.core/../key.ui/examples/standard_key/java_dl/postConditionTaclets2.key 
510180     INFO  main            d.u.i.k.p.i.AbstractProblemLoader Loading environment from /home/runner/work/key/key/key.core/../key.ui/examples/standard_key/java_dl/postConditionTaclets2.key 
510180     DEBUG main            d.u.i.k.p.i.AbstractProblemLoader Environment load took 57ns 
510181     INFO  main            d.u.i.k.p.i.AbstractProblemLoader Creating init config 
513088     DEBUG main            d.u.i.k.p.i.AbstractProblemLoader Init config took 2.91s 
513106     INFO  main            d.u.i.k.p.i.AbstractProblemLoader Replaying proof postConditionTaclets2.key 
513115     DEBUG main            d.u.i.k.p.i.IntermediateProofReplayer Proof replay took 10.1ns 
513217     INFO  main            d.u.i.k.p.r.p.TestFile    ... finished proof: closed. 
513779     INFO  main            d.u.i.k.p.i.AbstractProblemLoader Loading environment from /home/runner/work/key/key/key.core/../key.ui/examples/standard_key/java_dl/postConditionTaclets2.key.proof 
513779     DEBUG main            d.u.i.k.p.i.AbstractProblemLoader Environment load took 117.5ns 
513781     INFO  main            d.u.i.k.p.i.AbstractProblemLoader Creating init config 
516655     DEBUG main            d.u.i.k.p.i.AbstractProblemLoader Init config took 2.87s 
516675     INFO  main            d.u.i.k.p.i.AbstractProblemLoader Replaying proof postConditionTaclets2.key.proof 
516678     DEBUG main            d.u.i.k.p.i.IntermediateProofReplayer Proof replay took 857.5ns 
516679     DEBUG main            d.u.i.k.p.r.p.TestFile    ... success: reloaded. 
516680     INFO  main            d.u.i.k.p.r.p.TestFile    Now processing file /home/runner/work/key/key/key.core/../key.ui/examples/standard_key/java_dl/quantifiedQuery.key 
516680     INFO  main            d.u.i.k.p.i.AbstractProblemLoader Loading environment from /home/runner/work/key/key/key.core/../key.ui/examples/standard_key/java_dl/quantifiedQuery.key 
516680     DEBUG main            d.u.i.k.p.i.AbstractProblemLoader Environment load took 65.5ns 
516682     INFO  main            d.u.i.k.p.i.AbstractProblemLoader Creating init config 
519664     DEBUG main            d.u.i.k.p.i.AbstractProblemLoader Init config took 2.98s 
519682     INFO  main            d.u.i.k.p.i.AbstractProblemLoader Replaying proof quantifiedQuery.key 
519684     DEBUG main            d.u.i.k.p.i.IntermediateProofReplayer Proof replay took 7.2ns 
519787     INFO  main            d.u.i.k.p.r.p.TestFile    ... finished proof: closed. 
520348     INFO  main            d.u.i.k.p.i.AbstractProblemLoader Loading environment from /home/runner/work/key/key/key.core/../key.ui/examples/standard_key/java_dl/quantifiedQuery.key.proof 
520348     DEBUG main            d.u.i.k.p.i.AbstractProblemLoader Environment load took 104.1ns 
520350     INFO  main            d.u.i.k.p.i.AbstractProblemLoader Creating init config 
523288     DEBUG main            d.u.i.k.p.i.AbstractProblemLoader Init config took 2.94s 
523305     INFO  main            d.u.i.k.p.i.AbstractProblemLoader Replaying proof quantifiedQuery.key.proof 
523320     DEBUG main            d.u.i.k.p.i.IntermediateProofReplayer Proof replay took 13.42ms 
523322     DEBUG main            d.u.i.k.p.r.p.TestFile    ... success: reloaded. 
523323     INFO  main            d.u.i.k.p.r.p.TestFile    Now processing file /home/runner/work/key/key/key.core/../key.ui/examples/standard_key/java_dl/recursion/triangular.key 
523323     INFO  main            d.u.i.k.p.i.AbstractProblemLoader Loading environment from /home/runner/work/key/key/key.core/../key.ui/examples/standard_key/java_dl/recursion/triangular.key 
523323     DEBUG main            d.u.i.k.p.i.AbstractProblemLoader Environment load took 81.2ns 
523324     INFO  main            d.u.i.k.p.i.AbstractProblemLoader Creating init config 
526288     DEBUG main            d.u.i.k.p.i.AbstractProblemLoader Init config took 2.96s 
526329     INFO  main            d.u.i.k.p.i.AbstractProblemLoader Replaying proof Triangular[Triangular::tria(int)].JML normal_behavior operation contract.0 
526330     DEBUG main            d.u.i.k.p.i.IntermediateProofReplayer Proof replay took 7.7ns 
526533     INFO  main            d.u.i.k.p.r.p.TestFile    ... finished proof: closed. 
527181     INFO  main            d.u.i.k.p.i.AbstractProblemLoader Loading environment from /home/runner/work/key/key/key.core/../key.ui/examples/standard_key/java_dl/recursion/triangular.key.proof 
527181     DEBUG main            d.u.i.k.p.i.AbstractProblemLoader Environment load took 98.2ns 
527182     INFO  main            d.u.i.k.p.i.AbstractProblemLoader Creating init config 
530109     DEBUG main            d.u.i.k.p.i.AbstractProblemLoader Init config took 2.93s 
530150     INFO  main            d.u.i.k.p.i.AbstractProblemLoader Replaying proof Triangular[Triangular::tria(int)].JML normal_behavior operation contract.0 
530194     DEBUG main            d.u.i.k.p.i.IntermediateProofReplayer Proof replay took 42.16ms 
530196     DEBUG main            d.u.i.k.p.r.p.TestFile    ... success: reloaded. 
530196     INFO  main            d.u.i.k.p.r.p.TestFile    Now processing file /home/runner/work/key/key/key.core/../key.ui/examples/standard_key/java_dl/reverseArray.key 
530196     INFO  main            d.u.i.k.p.i.AbstractProblemLoader Loading environment from /home/runner/work/key/key/key.core/../key.ui/examples/standard_key/java_dl/reverseArray.key 
530196     DEBUG main            d.u.i.k.p.i.AbstractProblemLoader Environment load took 94.7ns 
530199     INFO  main            d.u.i.k.p.i.AbstractProblemLoader Creating init config 
530225     WARN  main            d.u.i.k.j.r.KeYCrossReferenceNameInfo Datatype java.io.PrintStream declared twice: Once in FILE:/home/runner/work/key/key/key.core/../key.ui/examples/standard_key/java_dl/./classpath/PrintStream.java and once in URL:file:/home/runner/work/key/key/key.core/build/resources/main/de/uka/ilkd/key/java/JavaRedux/java/io/PrintStream.java, Keeping one from URL:file:/home/runner/work/key/key/key.core/build/resources/main/de/uka/ilkd/key/java/JavaRedux/java/io/PrintStream.java 
530225     WARN  main            d.u.i.k.j.r.KeYCrossReferenceNameInfo Datatype java.io.InputStream declared twice: Once in FILE:/home/runner/work/key/key/key.core/../key.ui/examples/standard_key/java_dl/./classpath/InputStream.java and once in URL:file:/home/runner/work/key/key/key.core/build/resources/main/de/uka/ilkd/key/java/JavaRedux/java/io/InputStream.java, Keeping one from URL:file:/home/runner/work/key/key/key.core/build/resources/main/de/uka/ilkd/key/java/JavaRedux/java/io/InputStream.java 
530225     WARN  main            d.u.i.k.j.r.KeYCrossReferenceNameInfo Datatype java.lang.System declared twice: Once in FILE:/home/runner/work/key/key/key.core/../key.ui/examples/standard_key/java_dl/./classpath/System.java and once in URL:file:/home/runner/work/key/key/key.core/build/resources/main/de/uka/ilkd/key/java/JavaRedux/java/lang/System.java, Keeping one from URL:file:/home/runner/work/key/key/key.core/build/resources/main/de/uka/ilkd/key/java/JavaRedux/java/lang/System.java 
530229     DEBUG main            d.u.i.k.j.r.ClassFileDeclarationBuilder Parsing: package java.io; public class Closeable { } 
530229     DEBUG main            r.s.KeYCrossReferenceSourceInfo Dynamically created class: java.io.Closeable 
533292     DEBUG main            d.u.i.k.p.i.AbstractProblemLoader Init config took 3.09s 
533310     INFO  main            d.u.i.k.p.i.AbstractProblemLoader Replaying proof reverseArray.key 
533312     DEBUG main            d.u.i.k.p.i.IntermediateProofReplayer Proof replay took 9.7ns 
539083     INFO  main            d.u.i.k.p.r.p.TestFile    ... finished proof: closed. 
539705     INFO  main            d.u.i.k.p.i.AbstractProblemLoader Loading environment from /home/runner/work/key/key/key.core/../key.ui/examples/standard_key/java_dl/reverseArray.key.proof 
539705     DEBUG main            d.u.i.k.p.i.AbstractProblemLoader Environment load took 170ns 
539707     INFO  main            d.u.i.k.p.i.AbstractProblemLoader Creating init config 
539734     WARN  main            d.u.i.k.j.r.KeYCrossReferenceNameInfo Datatype java.io.PrintStream declared twice: Once in FILE:/home/runner/work/key/key/key.core/../key.ui/examples/standard_key/java_dl/classpath/PrintStream.java and once in URL:file:/home/runner/work/key/key/key.core/build/resources/main/de/uka/ilkd/key/java/JavaRedux/java/io/PrintStream.java, Keeping one from URL:file:/home/runner/work/key/key/key.core/build/resources/main/de/uka/ilkd/key/java/JavaRedux/java/io/PrintStream.java 
539735     WARN  main            d.u.i.k.j.r.KeYCrossReferenceNameInfo Datatype java.io.InputStream declared twice: Once in FILE:/home/runner/work/key/key/key.core/../key.ui/examples/standard_key/java_dl/classpath/InputStream.java and once in URL:file:/home/runner/work/key/key/key.core/build/resources/main/de/uka/ilkd/key/java/JavaRedux/java/io/InputStream.java, Keeping one from URL:file:/home/runner/work/key/key/key.core/build/resources/main/de/uka/ilkd/key/java/JavaRedux/java/io/InputStream.java 
539735     WARN  main            d.u.i.k.j.r.KeYCrossReferenceNameInfo Datatype java.lang.System declared twice: Once in FILE:/home/runner/work/key/key/key.core/../key.ui/examples/standard_key/java_dl/classpath/System.java and once in URL:file:/home/runner/work/key/key/key.core/build/resources/main/de/uka/ilkd/key/java/JavaRedux/java/lang/System.java, Keeping one from URL:file:/home/runner/work/key/key/key.core/build/resources/main/de/uka/ilkd/key/java/JavaRedux/java/lang/System.java 
539738     DEBUG main            d.u.i.k.j.r.ClassFileDeclarationBuilder Parsing: package java.io; public class Closeable { } 
539738     DEBUG main            r.s.KeYCrossReferenceSourceInfo Dynamically created class: java.io.Closeable 
542685     DEBUG main            d.u.i.k.p.i.AbstractProblemLoader Init config took 2.98s 
542710     INFO  main            d.u.i.k.p.i.AbstractProblemLoader Replaying proof reverseArray.key.proof 
543605     DEBUG main            d.u.i.k.p.i.IntermediateProofReplayer Proof replay took 879.45ms 
543607     DEBUG main            d.u.i.k.p.r.p.TestFile    ... success: reloaded. 
543609     INFO  main            d.u.i.k.p.r.p.TestFile    Now processing file /home/runner/work/key/key/key.core/../key.ui/examples/standard_key/java_dl/reverseArray2.key 
543609     INFO  main            d.u.i.k.p.i.AbstractProblemLoader Loading environment from /home/runner/work/key/key/key.core/../key.ui/examples/standard_key/java_dl/reverseArray2.key 
543609     DEBUG main            d.u.i.k.p.i.AbstractProblemLoader Environment load took 200.8ns 
543612     INFO  main            d.u.i.k.p.i.AbstractProblemLoader Creating init config 
543639     WARN  main            d.u.i.k.j.r.KeYCrossReferenceNameInfo Datatype java.io.PrintStream declared twice: Once in FILE:/home/runner/work/key/key/key.core/../key.ui/examples/standard_key/java_dl/classpath/PrintStream.java and once in URL:file:/home/runner/work/key/key/key.core/build/resources/main/de/uka/ilkd/key/java/JavaRedux/java/io/PrintStream.java, Keeping one from URL:file:/home/runner/work/key/key/key.core/build/resources/main/de/uka/ilkd/key/java/JavaRedux/java/io/PrintStream.java 
543639     WARN  main            d.u.i.k.j.r.KeYCrossReferenceNameInfo Datatype java.io.InputStream declared twice: Once in FILE:/home/runner/work/key/key/key.core/../key.ui/examples/standard_key/java_dl/classpath/InputStream.java and once in URL:file:/home/runner/work/key/key/key.core/build/resources/main/de/uka/ilkd/key/java/JavaRedux/java/io/InputStream.java, Keeping one from URL:file:/home/runner/work/key/key/key.core/build/resources/main/de/uka/ilkd/key/java/JavaRedux/java/io/InputStream.java 
543639     WARN  main            d.u.i.k.j.r.KeYCrossReferenceNameInfo Datatype java.lang.System declared twice: Once in FILE:/home/runner/work/key/key/key.core/../key.ui/examples/standard_key/java_dl/classpath/System.java and once in URL:file:/home/runner/work/key/key/key.core/build/resources/main/de/uka/ilkd/key/java/JavaRedux/java/lang/System.java, Keeping one from URL:file:/home/runner/work/key/key/key.core/build/resources/main/de/uka/ilkd/key/java/JavaRedux/java/lang/System.java 
543643     DEBUG main            d.u.i.k.j.r.ClassFileDeclarationBuilder Parsing: package java.io; public class Closeable { } 
543643     DEBUG main            r.s.KeYCrossReferenceSourceInfo Dynamically created class: java.io.Closeable 
546780     DEBUG main            d.u.i.k.p.i.AbstractProblemLoader Init config took 3.17s 
546799     INFO  main            d.u.i.k.p.i.AbstractProblemLoader Replaying proof reverseArray2.key 
546800     DEBUG main            d.u.i.k.p.i.IntermediateProofReplayer Proof replay took 65.6ns 
548612     INFO  main            d.u.i.k.p.r.p.TestFile    ... finished proof: closed. 
549363     INFO  main            d.u.i.k.p.i.AbstractProblemLoader Loading environment from /home/runner/work/key/key/key.core/../key.ui/examples/standard_key/java_dl/reverseArray2.key.proof 
549363     DEBUG main            d.u.i.k.p.i.AbstractProblemLoader Environment load took 367.2ns 
549365     INFO  main            d.u.i.k.p.i.AbstractProblemLoader Creating init config 
549391     WARN  main            d.u.i.k.j.r.KeYCrossReferenceNameInfo Datatype java.io.PrintStream declared twice: Once in FILE:/home/runner/work/key/key/key.core/../key.ui/examples/standard_key/java_dl/classpath/PrintStream.java and once in URL:file:/home/runner/work/key/key/key.core/build/resources/main/de/uka/ilkd/key/java/JavaRedux/java/io/PrintStream.java, Keeping one from URL:file:/home/runner/work/key/key/key.core/build/resources/main/de/uka/ilkd/key/java/JavaRedux/java/io/PrintStream.java 
549391     WARN  main            d.u.i.k.j.r.KeYCrossReferenceNameInfo Datatype java.io.InputStream declared twice: Once in FILE:/home/runner/work/key/key/key.core/../key.ui/examples/standard_key/java_dl/classpath/InputStream.java and once in URL:file:/home/runner/work/key/key/key.core/build/resources/main/de/uka/ilkd/key/java/JavaRedux/java/io/InputStream.java, Keeping one from URL:file:/home/runner/work/key/key/key.core/build/resources/main/de/uka/ilkd/key/java/JavaRedux/java/io/InputStream.java 
549392     WARN  main            d.u.i.k.j.r.KeYCrossReferenceNameInfo Datatype java.lang.System declared twice: Once in FILE:/home/runner/work/key/key/key.core/../key.ui/examples/standard_key/java_dl/classpath/System.java and once in URL:file:/home/runner/work/key/key/key.core/build/resources/main/de/uka/ilkd/key/java/JavaRedux/java/lang/System.java, Keeping one from URL:file:/home/runner/work/key/key/key.core/build/resources/main/de/uka/ilkd/key/java/JavaRedux/java/lang/System.java 
549395     DEBUG main            d.u.i.k.j.r.ClassFileDeclarationBuilder Parsing: package java.io; public class Closeable { } 
549395     DEBUG main            r.s.KeYCrossReferenceSourceInfo Dynamically created class: java.io.Closeable 
552355     DEBUG main            d.u.i.k.p.i.AbstractProblemLoader Init config took 2.99s 
552374     INFO  main            d.u.i.k.p.i.AbstractProblemLoader Replaying proof reverseArray2.key.proof 
552679     DEBUG main            d.u.i.k.p.i.IntermediateProofReplayer Proof replay took 299.7ms 
552680     DEBUG main            d.u.i.k.p.r.p.TestFile    ... success: reloaded. 
552681     INFO  main            d.u.i.k.p.r.p.TestFile    Now processing file /home/runner/work/key/key/key.core/../key.ui/examples/standard_key/java_dl/simpleAssignment.key 
552682     INFO  main            d.u.i.k.p.i.AbstractProblemLoader Loading environment from /home/runner/work/key/key/key.core/../key.ui/examples/standard_key/java_dl/simpleAssignment.key 
552682     DEBUG main            d.u.i.k.p.i.AbstractProblemLoader Environment load took 61.6ns 
552683     INFO  main            d.u.i.k.p.i.AbstractProblemLoader Creating init config 
555560     DEBUG main            d.u.i.k.p.i.AbstractProblemLoader Init config took 2.88s 
555577     INFO  main            d.u.i.k.p.i.AbstractProblemLoader Replaying proof simpleAssignment.key 
555578     DEBUG main            d.u.i.k.p.i.IntermediateProofReplayer Proof replay took 3.9ns 
555680     INFO  main            d.u.i.k.p.r.p.TestFile    ... finished proof: closed. 
556335     INFO  main            d.u.i.k.p.i.AbstractProblemLoader Loading environment from /home/runner/work/key/key/key.core/../key.ui/examples/standard_key/java_dl/simpleAssignment.key.proof 
556335     DEBUG main            d.u.i.k.p.i.AbstractProblemLoader Environment load took 115.9ns 
556337     INFO  main            d.u.i.k.p.i.AbstractProblemLoader Creating init config 
559203     DEBUG main            d.u.i.k.p.i.AbstractProblemLoader Init config took 2.87s 
559219     INFO  main            d.u.i.k.p.i.AbstractProblemLoader Replaying proof simpleAssignment.key.proof 
559222     DEBUG main            d.u.i.k.p.i.IntermediateProofReplayer Proof replay took 856.5ns 
559223     DEBUG main            d.u.i.k.p.r.p.TestFile    ... success: reloaded. 
559223     INFO  main            d.u.i.k.p.r.p.TestFile    Now processing file /home/runner/work/key/key/key.core/../key.ui/examples/standard_key/java_dl/simpleAssignment2.key 
559223     INFO  main            d.u.i.k.p.i.AbstractProblemLoader Loading environment from /home/runner/work/key/key/key.core/../key.ui/examples/standard_key/java_dl/simpleAssignment2.key 
559223     DEBUG main            d.u.i.k.p.i.AbstractProblemLoader Environment load took 119.6ns 
559224     INFO  main            d.u.i.k.p.i.AbstractProblemLoader Creating init config 
562134     DEBUG main            d.u.i.k.p.i.AbstractProblemLoader Init config took 2.91s 
562150     INFO  main            d.u.i.k.p.i.AbstractProblemLoader Replaying proof simpleAssignment2.key 
562152     DEBUG main            d.u.i.k.p.i.IntermediateProofReplayer Proof replay took 4ns 
562257     INFO  main            d.u.i.k.p.r.p.TestFile    ... finished proof: closed. 
562856     INFO  main            d.u.i.k.p.i.AbstractProblemLoader Loading environment from /home/runner/work/key/key/key.core/../key.ui/examples/standard_key/java_dl/simpleAssignment2.key.proof 
562856     DEBUG main            d.u.i.k.p.i.AbstractProblemLoader Environment load took 87.1ns 
562857     INFO  main            d.u.i.k.p.i.AbstractProblemLoader Creating init config 
565654     DEBUG main            d.u.i.k.p.i.AbstractProblemLoader Init config took 2.8s 
565670     INFO  main            d.u.i.k.p.i.AbstractProblemLoader Replaying proof simpleAssignment2.key.proof 
565672     DEBUG main            d.u.i.k.p.i.IntermediateProofReplayer Proof replay took 498.7ns 
565673     DEBUG main            d.u.i.k.p.r.p.TestFile    ... success: reloaded. 
565673     INFO  main            d.u.i.k.p.r.p.TestFile    Now processing file /home/runner/work/key/key/key.core/../key.ui/examples/standard_key/java_dl/splittingWithQueries.key 
565673     INFO  main            d.u.i.k.p.i.AbstractProblemLoader Loading environment from /home/runner/work/key/key/key.core/../key.ui/examples/standard_key/java_dl/splittingWithQueries.key 
565673     DEBUG main            d.u.i.k.p.i.AbstractProblemLoader Environment load took 60ns 
565675     INFO  main            d.u.i.k.p.i.AbstractProblemLoader Creating init config 
568624     DEBUG main            d.u.i.k.p.i.AbstractProblemLoader Init config took 2.95s 
568639     INFO  main            d.u.i.k.p.i.AbstractProblemLoader Replaying proof splittingWithQueries.key 
568641     DEBUG main            d.u.i.k.p.i.IntermediateProofReplayer Proof replay took 3.6ns 
568743     INFO  main            d.u.i.k.p.r.p.TestFile    ... finished proof: closed. 
569342     INFO  main            d.u.i.k.p.i.AbstractProblemLoader Loading environment from /home/runner/work/key/key/key.core/../key.ui/examples/standard_key/java_dl/splittingWithQueries.key.proof 
569342     DEBUG main            d.u.i.k.p.i.AbstractProblemLoader Environment load took 95.4ns 
569343     INFO  main            d.u.i.k.p.i.AbstractProblemLoader Creating init config 
572229     DEBUG main            d.u.i.k.p.i.AbstractProblemLoader Init config took 2.89s 
572251     INFO  main            d.u.i.k.p.i.AbstractProblemLoader Replaying proof splittingWithQueries.key.proof 
572256     DEBUG main            d.u.i.k.p.i.IntermediateProofReplayer Proof replay took 2.53ms 
572257     DEBUG main            d.u.i.k.p.r.p.TestFile    ... success: reloaded. 
572257     INFO  main            d.u.i.k.p.r.p.TestFile    Now processing file /home/runner/work/key/key/key.core/../key.ui/examples/standard_key/java_dl/strassen/strassen.key 
572258     INFO  main            d.u.i.k.p.i.AbstractProblemLoader Loading environment from /home/runner/work/key/key/key.core/../key.ui/examples/standard_key/java_dl/strassen/strassen.key 
572258     DEBUG main            d.u.i.k.p.i.AbstractProblemLoader Environment load took 107.3ns 
572259     INFO  main            d.u.i.k.p.i.AbstractProblemLoader Creating init config 
575308     DEBUG main            d.u.i.k.p.i.AbstractProblemLoader Init config took 3.05s 
575350     INFO  main            d.u.i.k.p.i.AbstractProblemLoader Replaying proof Matrix22[Matrix22::strassen(Matrix22,Matrix22)].JML normal_behavior operation contract.0 
575352     DEBUG main            d.u.i.k.p.i.IntermediateProofReplayer Proof replay took 3.7ns 
581763     INFO  main            d.u.i.k.p.r.p.TestFile    ... finished proof: closed. 
582539     INFO  main            d.u.i.k.p.i.AbstractProblemLoader Loading environment from /home/runner/work/key/key/key.core/../key.ui/examples/standard_key/java_dl/strassen/strassen.key.proof 
582539     DEBUG main            d.u.i.k.p.i.AbstractProblemLoader Environment load took 398.1ns 
582541     INFO  main            d.u.i.k.p.i.AbstractProblemLoader Creating init config 
585531     DEBUG main            d.u.i.k.p.i.AbstractProblemLoader Init config took 2.99s 
585574     INFO  main            d.u.i.k.p.i.AbstractProblemLoader Replaying proof Matrix22[Matrix22::strassen(Matrix22,Matrix22)].JML normal_behavior operation contract.0 
586573     DEBUG main            d.u.i.k.p.i.IntermediateProofReplayer Proof replay took 985.88ms 
586575     DEBUG main            d.u.i.k.p.r.p.TestFile    ... success: reloaded. 
586576     INFO  main            d.u.i.k.p.r.p.TestFile    Now processing file /home/runner/work/key/key/key.core/../key.ui/examples/standard_key/java_dl/symmArray.key 
586576     INFO  main            d.u.i.k.p.i.AbstractProblemLoader Loading environment from /home/runner/work/key/key/key.core/../key.ui/examples/standard_key/java_dl/symmArray.key 
586576     DEBUG main            d.u.i.k.p.i.AbstractProblemLoader Environment load took 196.5ns 
586581     INFO  main            d.u.i.k.p.i.AbstractProblemLoader Creating init config 
589671     DEBUG main            d.u.i.k.p.i.AbstractProblemLoader Init config took 3.09s 
589688     INFO  main            d.u.i.k.p.i.AbstractProblemLoader Replaying proof symmArray.key 
589690     DEBUG main            d.u.i.k.p.i.IntermediateProofReplayer Proof replay took 3.9ns 
725936     INFO  main            d.u.i.k.p.r.p.TestFile    ... finished proof: closed. 
726735     INFO  main            d.u.i.k.p.i.AbstractProblemLoader Loading environment from /home/runner/work/key/key/key.core/../key.ui/examples/standard_key/java_dl/symmArray.key.proof 
726735     DEBUG main            d.u.i.k.p.i.AbstractProblemLoader Environment load took 414.4ns 
726743     INFO  main            d.u.i.k.p.i.AbstractProblemLoader Creating init config 
729723     DEBUG main            d.u.i.k.p.i.AbstractProblemLoader Init config took 2.98s 
729742     INFO  main            d.u.i.k.p.i.AbstractProblemLoader Replaying proof symmArray.key.proof 
731303     DEBUG main            d.u.i.k.p.i.IntermediateProofReplayer Proof replay took 1.47s 
731309     DEBUG main            d.u.i.k.p.r.p.TestFile    ... success: reloaded. 
731310     INFO  main            d.u.i.k.p.r.p.TestFile    Now processing file /home/runner/work/key/key/key.core/../key.ui/examples/standard_key/java_dl/testcontext.key 
731310     INFO  main            d.u.i.k.p.i.AbstractProblemLoader Loading environment from /home/runner/work/key/key/key.core/../key.ui/examples/standard_key/java_dl/testcontext.key 
731310     DEBUG main            d.u.i.k.p.i.AbstractProblemLoader Environment load took 91.2ns 
731312     INFO  main            d.u.i.k.p.i.AbstractProblemLoader Creating init config 
731338     WARN  main            d.u.i.k.j.r.KeYCrossReferenceNameInfo Datatype java.io.PrintStream declared twice: Once in FILE:/home/runner/work/key/key/key.core/../key.ui/examples/standard_key/java_dl/classpath/PrintStream.java and once in URL:file:/home/runner/work/key/key/key.core/build/resources/main/de/uka/ilkd/key/java/JavaRedux/java/io/PrintStream.java, Keeping one from URL:file:/home/runner/work/key/key/key.core/build/resources/main/de/uka/ilkd/key/java/JavaRedux/java/io/PrintStream.java 
731339     WARN  main            d.u.i.k.j.r.KeYCrossReferenceNameInfo Datatype java.io.InputStream declared twice: Once in FILE:/home/runner/work/key/key/key.core/../key.ui/examples/standard_key/java_dl/classpath/InputStream.java and once in URL:file:/home/runner/work/key/key/key.core/build/resources/main/de/uka/ilkd/key/java/JavaRedux/java/io/InputStream.java, Keeping one from URL:file:/home/runner/work/key/key/key.core/build/resources/main/de/uka/ilkd/key/java/JavaRedux/java/io/InputStream.java 
731339     WARN  main            d.u.i.k.j.r.KeYCrossReferenceNameInfo Datatype java.lang.System declared twice: Once in FILE:/home/runner/work/key/key/key.core/../key.ui/examples/standard_key/java_dl/classpath/System.java and once in URL:file:/home/runner/work/key/key/key.core/build/resources/main/de/uka/ilkd/key/java/JavaRedux/java/lang/System.java, Keeping one from URL:file:/home/runner/work/key/key/key.core/build/resources/main/de/uka/ilkd/key/java/JavaRedux/java/lang/System.java 
731342     DEBUG main            d.u.i.k.j.r.ClassFileDeclarationBuilder Parsing: package java.io; public class Closeable { } 
731342     DEBUG main            r.s.KeYCrossReferenceSourceInfo Dynamically created class: java.io.Closeable 
734352     DEBUG main            d.u.i.k.p.i.AbstractProblemLoader Init config took 3.04s 
734369     INFO  main            d.u.i.k.p.i.AbstractProblemLoader Replaying proof testcontext.key 
734371     DEBUG main            d.u.i.k.p.i.IntermediateProofReplayer Proof replay took 3.6ns 
734774     INFO  main            d.u.i.k.p.r.p.TestFile    ... finished proof: closed. 
735544     INFO  main            d.u.i.k.p.i.AbstractProblemLoader Loading environment from /home/runner/work/key/key/key.core/../key.ui/examples/standard_key/java_dl/testcontext.key.proof 
735544     DEBUG main            d.u.i.k.p.i.AbstractProblemLoader Environment load took 97.5ns 
735546     INFO  main            d.u.i.k.p.i.AbstractProblemLoader Creating init config 
735572     WARN  main            d.u.i.k.j.r.KeYCrossReferenceNameInfo Datatype java.io.PrintStream declared twice: Once in FILE:/home/runner/work/key/key/key.core/../key.ui/examples/standard_key/java_dl/classpath/PrintStream.java and once in URL:file:/home/runner/work/key/key/key.core/build/resources/main/de/uka/ilkd/key/java/JavaRedux/java/io/PrintStream.java, Keeping one from URL:file:/home/runner/work/key/key/key.core/build/resources/main/de/uka/ilkd/key/java/JavaRedux/java/io/PrintStream.java 
735573     WARN  main            d.u.i.k.j.r.KeYCrossReferenceNameInfo Datatype java.io.InputStream declared twice: Once in FILE:/home/runner/work/key/key/key.core/../key.ui/examples/standard_key/java_dl/classpath/InputStream.java and once in URL:file:/home/runner/work/key/key/key.core/build/resources/main/de/uka/ilkd/key/java/JavaRedux/java/io/InputStream.java, Keeping one from URL:file:/home/runner/work/key/key/key.core/build/resources/main/de/uka/ilkd/key/java/JavaRedux/java/io/InputStream.java 
735573     WARN  main            d.u.i.k.j.r.KeYCrossReferenceNameInfo Datatype java.lang.System declared twice: Once in FILE:/home/runner/work/key/key/key.core/../key.ui/examples/standard_key/java_dl/classpath/System.java and once in URL:file:/home/runner/work/key/key/key.core/build/resources/main/de/uka/ilkd/key/java/JavaRedux/java/lang/System.java, Keeping one from URL:file:/home/runner/work/key/key/key.core/build/resources/main/de/uka/ilkd/key/java/JavaRedux/java/lang/System.java 
735576     DEBUG main            d.u.i.k.j.r.ClassFileDeclarationBuilder Parsing: package java.io; public class Closeable { } 
735577     DEBUG main            r.s.KeYCrossReferenceSourceInfo Dynamically created class: java.io.Closeable 
738555     DEBUG main            d.u.i.k.p.i.AbstractProblemLoader Init config took 3.01s 
738572     INFO  main            d.u.i.k.p.i.AbstractProblemLoader Replaying proof testcontext.key.proof 
738651     DEBUG main            d.u.i.k.p.i.IntermediateProofReplayer Proof replay took 75.57ms 
738652     DEBUG main            d.u.i.k.p.r.p.TestFile    ... success: reloaded. 
738653     INFO  main            d.u.i.k.p.r.p.TestFile    Now processing file /home/runner/work/key/key/key.core/../key.ui/examples/standard_key/staticInitialisation/cascadeStaticInitialisation.key 
738653     INFO  main            d.u.i.k.p.i.AbstractProblemLoader Loading environment from /home/runner/work/key/key/key.core/../key.ui/examples/standard_key/staticInitialisation/cascadeStaticInitialisation.key 
738653     DEBUG main            d.u.i.k.p.i.AbstractProblemLoader Environment load took 84.4ns 
738656     INFO  main            d.u.i.k.p.i.AbstractProblemLoader Creating init config 
738681     WARN  main            d.u.i.k.j.r.KeYCrossReferenceNameInfo Datatype java.io.PrintStream declared twice: Once in FILE:/home/runner/work/key/key/key.core/../key.ui/examples/standard_key/staticInitialisation/classpath/PrintStream.java and once in URL:file:/home/runner/work/key/key/key.core/build/resources/main/de/uka/ilkd/key/java/JavaRedux/java/io/PrintStream.java, Keeping one from URL:file:/home/runner/work/key/key/key.core/build/resources/main/de/uka/ilkd/key/java/JavaRedux/java/io/PrintStream.java 
738681     WARN  main            d.u.i.k.j.r.KeYCrossReferenceNameInfo Datatype java.lang.System declared twice: Once in FILE:/home/runner/work/key/key/key.core/../key.ui/examples/standard_key/staticInitialisation/classpath/System.java and once in URL:file:/home/runner/work/key/key/key.core/build/resources/main/de/uka/ilkd/key/java/JavaRedux/java/lang/System.java, Keeping one from URL:file:/home/runner/work/key/key/key.core/build/resources/main/de/uka/ilkd/key/java/JavaRedux/java/lang/System.java 
741714     DEBUG main            d.u.i.k.p.i.AbstractProblemLoader Init config took 3.06s 
741732     INFO  main            d.u.i.k.p.i.AbstractProblemLoader Replaying proof cascadeStaticInitialisation.key 
741733     DEBUG main            d.u.i.k.p.i.IntermediateProofReplayer Proof replay took 4ns 
742639     INFO  main            d.u.i.k.p.r.p.TestFile    ... finished proof: closed. 
743327     INFO  main            d.u.i.k.p.i.AbstractProblemLoader Loading environment from /home/runner/work/key/key/key.core/../key.ui/examples/standard_key/staticInitialisation/cascadeStaticInitialisation.key.proof 
743327     DEBUG main            d.u.i.k.p.i.AbstractProblemLoader Environment load took 91.3ns 
743328     INFO  main            d.u.i.k.p.i.AbstractProblemLoader Creating init config 
743362     WARN  main            d.u.i.k.j.r.KeYCrossReferenceNameInfo Datatype java.io.PrintStream declared twice: Once in FILE:/home/runner/work/key/key/key.core/../key.ui/examples/standard_key/staticInitialisation/classpath/PrintStream.java and once in URL:file:/home/runner/work/key/key/key.core/build/resources/main/de/uka/ilkd/key/java/JavaRedux/java/io/PrintStream.java, Keeping one from URL:file:/home/runner/work/key/key/key.core/build/resources/main/de/uka/ilkd/key/java/JavaRedux/java/io/PrintStream.java 
743362     WARN  main            d.u.i.k.j.r.KeYCrossReferenceNameInfo Datatype java.lang.System declared twice: Once in FILE:/home/runner/work/key/key/key.core/../key.ui/examples/standard_key/staticInitialisation/classpath/System.java and once in URL:file:/home/runner/work/key/key/key.core/build/resources/main/de/uka/ilkd/key/java/JavaRedux/java/lang/System.java, Keeping one from URL:file:/home/runner/work/key/key/key.core/build/resources/main/de/uka/ilkd/key/java/JavaRedux/java/lang/System.java 
746351     DEBUG main            d.u.i.k.p.i.AbstractProblemLoader Init config took 3.02s 
746368     INFO  main            d.u.i.k.p.i.AbstractProblemLoader Replaying proof cascadeStaticInitialisation.key.proof 
746570     DEBUG main            d.u.i.k.p.i.IntermediateProofReplayer Proof replay took 198.84ms 
746571     DEBUG main            d.u.i.k.p.r.p.TestFile    ... success: reloaded. 
746572     INFO  main            d.u.i.k.p.r.p.TestFile    Now processing file /home/runner/work/key/key/key.core/../key.ui/examples/standard_key/staticInitialisation/erroneousClassImpliesErroneousSubclass.key 
746572     INFO  main            d.u.i.k.p.i.AbstractProblemLoader Loading environment from /home/runner/work/key/key/key.core/../key.ui/examples/standard_key/staticInitialisation/erroneousClassImpliesErroneousSubclass.key 
746572     DEBUG main            d.u.i.k.p.i.AbstractProblemLoader Environment load took 62.9ns 
746573     INFO  main            d.u.i.k.p.i.AbstractProblemLoader Creating init config 
746599     WARN  main            d.u.i.k.j.r.KeYCrossReferenceNameInfo Datatype java.io.PrintStream declared twice: Once in FILE:/home/runner/work/key/key/key.core/../key.ui/examples/standard_key/staticInitialisation/classpath/PrintStream.java and once in URL:file:/home/runner/work/key/key/key.core/build/resources/main/de/uka/ilkd/key/java/JavaRedux/java/io/PrintStream.java, Keeping one from URL:file:/home/runner/work/key/key/key.core/build/resources/main/de/uka/ilkd/key/java/JavaRedux/java/io/PrintStream.java 
746599     WARN  main            d.u.i.k.j.r.KeYCrossReferenceNameInfo Datatype java.lang.System declared twice: Once in FILE:/home/runner/work/key/key/key.core/../key.ui/examples/standard_key/staticInitialisation/classpath/System.java and once in URL:file:/home/runner/work/key/key/key.core/build/resources/main/de/uka/ilkd/key/java/JavaRedux/java/lang/System.java, Keeping one from URL:file:/home/runner/work/key/key/key.core/build/resources/main/de/uka/ilkd/key/java/JavaRedux/java/lang/System.java 
749517     DEBUG main            d.u.i.k.p.i.AbstractProblemLoader Init config took 2.94s 
749533     INFO  main            d.u.i.k.p.i.AbstractProblemLoader Replaying proof erroneousClassImpliesErroneousSubclass.key 
749534     DEBUG main            d.u.i.k.p.i.IntermediateProofReplayer Proof replay took 4ns 
749636     INFO  main            d.u.i.k.p.r.p.TestFile    ... finished proof: closed. 
750319     INFO  main            d.u.i.k.p.i.AbstractProblemLoader Loading environment from /home/runner/work/key/key/key.core/../key.ui/examples/standard_key/staticInitialisation/erroneousClassImpliesErroneousSubclass.key.proof 
750319     DEBUG main            d.u.i.k.p.i.AbstractProblemLoader Environment load took 91.2ns 
750320     INFO  main            d.u.i.k.p.i.AbstractProblemLoader Creating init config 
750345     WARN  main            d.u.i.k.j.r.KeYCrossReferenceNameInfo Datatype java.io.PrintStream declared twice: Once in FILE:/home/runner/work/key/key/key.core/../key.ui/examples/standard_key/staticInitialisation/classpath/PrintStream.java and once in URL:file:/home/runner/work/key/key/key.core/build/resources/main/de/uka/ilkd/key/java/JavaRedux/java/io/PrintStream.java, Keeping one from URL:file:/home/runner/work/key/key/key.core/build/resources/main/de/uka/ilkd/key/java/JavaRedux/java/io/PrintStream.java 
750345     WARN  main            d.u.i.k.j.r.KeYCrossReferenceNameInfo Datatype java.lang.System declared twice: Once in FILE:/home/runner/work/key/key/key.core/../key.ui/examples/standard_key/staticInitialisation/classpath/System.java and once in URL:file:/home/runner/work/key/key/key.core/build/resources/main/de/uka/ilkd/key/java/JavaRedux/java/lang/System.java, Keeping one from URL:file:/home/runner/work/key/key/key.core/build/resources/main/de/uka/ilkd/key/java/JavaRedux/java/lang/System.java 
753260     DEBUG main            d.u.i.k.p.i.AbstractProblemLoader Init config took 2.94s 
753276     INFO  main            d.u.i.k.p.i.AbstractProblemLoader Replaying proof erroneousClassImpliesErroneousSubclass.key.proof 
753278     DEBUG main            d.u.i.k.p.i.IntermediateProofReplayer Proof replay took 650.5ns 
753279     DEBUG main            d.u.i.k.p.r.p.TestFile    ... success: reloaded. 
753279     INFO  main            d.u.i.k.p.r.p.TestFile    Now processing file /home/runner/work/key/key/key.core/../key.ui/examples/standard_key/staticInitialisation/initializedSubclassImpliesInitializedSuperclass.key 
753280     INFO  main            d.u.i.k.p.i.AbstractProblemLoader Loading environment from /home/runner/work/key/key/key.core/../key.ui/examples/standard_key/staticInitialisation/initializedSubclassImpliesInitializedSuperclass.key 
753280     DEBUG main            d.u.i.k.p.i.AbstractProblemLoader Environment load took 76.4ns 
753281     INFO  main            d.u.i.k.p.i.AbstractProblemLoader Creating init config 
753305     WARN  main            d.u.i.k.j.r.KeYCrossReferenceNameInfo Datatype java.io.PrintStream declared twice: Once in FILE:/home/runner/work/key/key/key.core/../key.ui/examples/standard_key/staticInitialisation/classpath/PrintStream.java and once in URL:file:/home/runner/work/key/key/key.core/build/resources/main/de/uka/ilkd/key/java/JavaRedux/java/io/PrintStream.java, Keeping one from URL:file:/home/runner/work/key/key/key.core/build/resources/main/de/uka/ilkd/key/java/JavaRedux/java/io/PrintStream.java 
753305     WARN  main            d.u.i.k.j.r.KeYCrossReferenceNameInfo Datatype java.lang.System declared twice: Once in FILE:/home/runner/work/key/key/key.core/../key.ui/examples/standard_key/staticInitialisation/classpath/System.java and once in URL:file:/home/runner/work/key/key/key.core/build/resources/main/de/uka/ilkd/key/java/JavaRedux/java/lang/System.java, Keeping one from URL:file:/home/runner/work/key/key/key.core/build/resources/main/de/uka/ilkd/key/java/JavaRedux/java/lang/System.java 
756230     DEBUG main            d.u.i.k.p.i.AbstractProblemLoader Init config took 2.95s 
756246     INFO  main            d.u.i.k.p.i.AbstractProblemLoader Replaying proof initializedSubclassImpliesInitializedSuperclass.key 
756247     DEBUG main            d.u.i.k.p.i.IntermediateProofReplayer Proof replay took 3.5ns 
756349     INFO  main            d.u.i.k.p.r.p.TestFile    ... finished proof: closed. 
757019     INFO  main            d.u.i.k.p.i.AbstractProblemLoader Loading environment from /home/runner/work/key/key/key.core/../key.ui/examples/standard_key/staticInitialisation/initializedSubclassImpliesInitializedSuperclass.key.proof 
757019     DEBUG main            d.u.i.k.p.i.AbstractProblemLoader Environment load took 90.8ns 
757020     INFO  main            d.u.i.k.p.i.AbstractProblemLoader Creating init config 
757044     WARN  main            d.u.i.k.j.r.KeYCrossReferenceNameInfo Datatype java.io.PrintStream declared twice: Once in FILE:/home/runner/work/key/key/key.core/../key.ui/examples/standard_key/staticInitialisation/classpath/PrintStream.java and once in URL:file:/home/runner/work/key/key/key.core/build/resources/main/de/uka/ilkd/key/java/JavaRedux/java/io/PrintStream.java, Keeping one from URL:file:/home/runner/work/key/key/key.core/build/resources/main/de/uka/ilkd/key/java/JavaRedux/java/io/PrintStream.java 
757045     WARN  main            d.u.i.k.j.r.KeYCrossReferenceNameInfo Datatype java.lang.System declared twice: Once in FILE:/home/runner/work/key/key/key.core/../key.ui/examples/standard_key/staticInitialisation/classpath/System.java and once in URL:file:/home/runner/work/key/key/key.core/build/resources/main/de/uka/ilkd/key/java/JavaRedux/java/lang/System.java, Keeping one from URL:file:/home/runner/work/key/key/key.core/build/resources/main/de/uka/ilkd/key/java/JavaRedux/java/lang/System.java 
759940     DEBUG main            d.u.i.k.p.i.AbstractProblemLoader Init config took 2.92s 
759956     INFO  main            d.u.i.k.p.i.AbstractProblemLoader Replaying proof initializedSubclassImpliesInitializedSuperclass.key.proof 
759960     DEBUG main            d.u.i.k.p.i.IntermediateProofReplayer Proof replay took 568.2ns 
759963     DEBUG main            d.u.i.k.p.r.p.TestFile    ... success: reloaded. 
759964     INFO  main            d.u.i.k.p.r.p.TestFile    Now processing file /home/runner/work/key/key/key.core/../key.ui/examples/standard_key/staticInitialisation/localDeclared.key 
759964     INFO  main            d.u.i.k.p.i.AbstractProblemLoader Loading environment from /home/runner/work/key/key/key.core/../key.ui/examples/standard_key/staticInitialisation/localDeclared.key 
759964     DEBUG main            d.u.i.k.p.i.AbstractProblemLoader Environment load took 62.1ns 
759966     INFO  main            d.u.i.k.p.i.AbstractProblemLoader Creating init config 
759991     WARN  main            d.u.i.k.j.r.KeYCrossReferenceNameInfo Datatype java.io.PrintStream declared twice: Once in FILE:/home/runner/work/key/key/key.core/../key.ui/examples/standard_key/staticInitialisation/classpath/PrintStream.java and once in URL:file:/home/runner/work/key/key/key.core/build/resources/main/de/uka/ilkd/key/java/JavaRedux/java/io/PrintStream.java, Keeping one from URL:file:/home/runner/work/key/key/key.core/build/resources/main/de/uka/ilkd/key/java/JavaRedux/java/io/PrintStream.java 
759991     WARN  main            d.u.i.k.j.r.KeYCrossReferenceNameInfo Datatype java.lang.System declared twice: Once in FILE:/home/runner/work/key/key/key.core/../key.ui/examples/standard_key/staticInitialisation/classpath/System.java and once in URL:file:/home/runner/work/key/key/key.core/build/resources/main/de/uka/ilkd/key/java/JavaRedux/java/lang/System.java, Keeping one from URL:file:/home/runner/work/key/key/key.core/build/resources/main/de/uka/ilkd/key/java/JavaRedux/java/lang/System.java 
762923     DEBUG main            d.u.i.k.p.i.AbstractProblemLoader Init config took 2.96s 
762939     INFO  main            d.u.i.k.p.i.AbstractProblemLoader Replaying proof localDeclared.key 
762941     DEBUG main            d.u.i.k.p.i.IntermediateProofReplayer Proof replay took 4ns 
763244     INFO  main            d.u.i.k.p.r.p.TestFile    ... finished proof: closed. 
763928     INFO  main            d.u.i.k.p.i.AbstractProblemLoader Loading environment from /home/runner/work/key/key/key.core/../key.ui/examples/standard_key/staticInitialisation/localDeclared.key.proof 
763928     DEBUG main            d.u.i.k.p.i.AbstractProblemLoader Environment load took 96.6ns 
763930     INFO  main            d.u.i.k.p.i.AbstractProblemLoader Creating init config 
763954     WARN  main            d.u.i.k.j.r.KeYCrossReferenceNameInfo Datatype java.io.PrintStream declared twice: Once in FILE:/home/runner/work/key/key/key.core/../key.ui/examples/standard_key/staticInitialisation/classpath/PrintStream.java and once in URL:file:/home/runner/work/key/key/key.core/build/resources/main/de/uka/ilkd/key/java/JavaRedux/java/io/PrintStream.java, Keeping one from URL:file:/home/runner/work/key/key/key.core/build/resources/main/de/uka/ilkd/key/java/JavaRedux/java/io/PrintStream.java 
763954     WARN  main            d.u.i.k.j.r.KeYCrossReferenceNameInfo Datatype java.lang.System declared twice: Once in FILE:/home/runner/work/key/key/key.core/../key.ui/examples/standard_key/staticInitialisation/classpath/System.java and once in URL:file:/home/runner/work/key/key/key.core/build/resources/main/de/uka/ilkd/key/java/JavaRedux/java/lang/System.java, Keeping one from URL:file:/home/runner/work/key/key/key.core/build/resources/main/de/uka/ilkd/key/java/JavaRedux/java/lang/System.java 
766818     DEBUG main            d.u.i.k.p.i.AbstractProblemLoader Init config took 2.89s 
766836     INFO  main            d.u.i.k.p.i.AbstractProblemLoader Replaying proof localDeclared.key.proof 
766914     DEBUG main            d.u.i.k.p.i.IntermediateProofReplayer Proof replay took 74.89ms 
766915     DEBUG main            d.u.i.k.p.r.p.TestFile    ... success: reloaded. 
766916     INFO  main            d.u.i.k.p.r.p.TestFile    Now processing file /home/runner/work/key/key/key.core/../key.ui/examples/standard_key/staticInitialisation/localDeclaredMethod.key 
766916     INFO  main            d.u.i.k.p.i.AbstractProblemLoader Loading environment from /home/runner/work/key/key/key.core/../key.ui/examples/standard_key/staticInitialisation/localDeclaredMethod.key 
766916     DEBUG main            d.u.i.k.p.i.AbstractProblemLoader Environment load took 94.8ns 
766918     INFO  main            d.u.i.k.p.i.AbstractProblemLoader Creating init config 
766943     WARN  main            d.u.i.k.j.r.KeYCrossReferenceNameInfo Datatype java.io.PrintStream declared twice: Once in FILE:/home/runner/work/key/key/key.core/../key.ui/examples/standard_key/staticInitialisation/classpath/PrintStream.java and once in URL:file:/home/runner/work/key/key/key.core/build/resources/main/de/uka/ilkd/key/java/JavaRedux/java/io/PrintStream.java, Keeping one from URL:file:/home/runner/work/key/key/key.core/build/resources/main/de/uka/ilkd/key/java/JavaRedux/java/io/PrintStream.java 
766943     WARN  main            d.u.i.k.j.r.KeYCrossReferenceNameInfo Datatype java.lang.System declared twice: Once in FILE:/home/runner/work/key/key/key.core/../key.ui/examples/standard_key/staticInitialisation/classpath/System.java and once in URL:file:/home/runner/work/key/key/key.core/build/resources/main/de/uka/ilkd/key/java/JavaRedux/java/lang/System.java, Keeping one from URL:file:/home/runner/work/key/key/key.core/build/resources/main/de/uka/ilkd/key/java/JavaRedux/java/lang/System.java 
769844     DEBUG main            d.u.i.k.p.i.AbstractProblemLoader Init config took 2.93s 
769860     INFO  main            d.u.i.k.p.i.AbstractProblemLoader Replaying proof localDeclaredMethod.key 
769861     DEBUG main            d.u.i.k.p.i.IntermediateProofReplayer Proof replay took 3.8ns 
770265     INFO  main            d.u.i.k.p.r.p.TestFile    ... finished proof: closed. 
770959     INFO  main            d.u.i.k.p.i.AbstractProblemLoader Loading environment from /home/runner/work/key/key/key.core/../key.ui/examples/standard_key/staticInitialisation/localDeclaredMethod.key.proof 
770959     DEBUG main            d.u.i.k.p.i.AbstractProblemLoader Environment load took 105ns 
770960     INFO  main            d.u.i.k.p.i.AbstractProblemLoader Creating init config 
770991     WARN  main            d.u.i.k.j.r.KeYCrossReferenceNameInfo Datatype java.io.PrintStream declared twice: Once in FILE:/home/runner/work/key/key/key.core/../key.ui/examples/standard_key/staticInitialisation/classpath/PrintStream.java and once in URL:file:/home/runner/work/key/key/key.core/build/resources/main/de/uka/ilkd/key/java/JavaRedux/java/io/PrintStream.java, Keeping one from URL:file:/home/runner/work/key/key/key.core/build/resources/main/de/uka/ilkd/key/java/JavaRedux/java/io/PrintStream.java 
770991     WARN  main            d.u.i.k.j.r.KeYCrossReferenceNameInfo Datatype java.lang.System declared twice: Once in FILE:/home/runner/work/key/key/key.core/../key.ui/examples/standard_key/staticInitialisation/classpath/System.java and once in URL:file:/home/runner/work/key/key/key.core/build/resources/main/de/uka/ilkd/key/java/JavaRedux/java/lang/System.java, Keeping one from URL:file:/home/runner/work/key/key/key.core/build/resources/main/de/uka/ilkd/key/java/JavaRedux/java/lang/System.java 
773876     DEBUG main            d.u.i.k.p.i.AbstractProblemLoader Init config took 2.92s 
773892     INFO  main            d.u.i.k.p.i.AbstractProblemLoader Replaying proof localDeclaredMethod.key.proof 
773965     DEBUG main            d.u.i.k.p.i.IntermediateProofReplayer Proof replay took 70.96ms 
773967     DEBUG main            d.u.i.k.p.r.p.TestFile    ... success: reloaded. 
773968     INFO  main            d.u.i.k.p.r.p.TestFile    Now processing file /home/runner/work/key/key/key.core/../key.ui/examples/standard_key/staticInitialisation/objectOfErroneousClass.key 
773968     INFO  main            d.u.i.k.p.i.AbstractProblemLoader Loading environment from /home/runner/work/key/key/key.core/../key.ui/examples/standard_key/staticInitialisation/objectOfErroneousClass.key 
773968     DEBUG main            d.u.i.k.p.i.AbstractProblemLoader Environment load took 88.4ns 
773969     INFO  main            d.u.i.k.p.i.AbstractProblemLoader Creating init config 
773994     WARN  main            d.u.i.k.j.r.KeYCrossReferenceNameInfo Datatype java.io.PrintStream declared twice: Once in FILE:/home/runner/work/key/key/key.core/../key.ui/examples/standard_key/staticInitialisation/classpath/PrintStream.java and once in URL:file:/home/runner/work/key/key/key.core/build/resources/main/de/uka/ilkd/key/java/JavaRedux/java/io/PrintStream.java, Keeping one from URL:file:/home/runner/work/key/key/key.core/build/resources/main/de/uka/ilkd/key/java/JavaRedux/java/io/PrintStream.java 
773994     WARN  main            d.u.i.k.j.r.KeYCrossReferenceNameInfo Datatype java.lang.System declared twice: Once in FILE:/home/runner/work/key/key/key.core/../key.ui/examples/standard_key/staticInitialisation/classpath/System.java and once in URL:file:/home/runner/work/key/key/key.core/build/resources/main/de/uka/ilkd/key/java/JavaRedux/java/lang/System.java, Keeping one from URL:file:/home/runner/work/key/key/key.core/build/resources/main/de/uka/ilkd/key/java/JavaRedux/java/lang/System.java 
777022     DEBUG main            d.u.i.k.p.i.AbstractProblemLoader Init config took 3.05s 
777039     INFO  main            d.u.i.k.p.i.AbstractProblemLoader Replaying proof objectOfErroneousClass.key 
777043     DEBUG main            d.u.i.k.p.i.IntermediateProofReplayer Proof replay took 4.2ns 
794210     INFO  main            d.u.i.k.p.r.p.TestFile    ... finished proof: closed. 
795005     INFO  main            d.u.i.k.p.i.AbstractProblemLoader Loading environment from /home/runner/work/key/key/key.core/../key.ui/examples/standard_key/staticInitialisation/objectOfErroneousClass.key.proof 
795005     DEBUG main            d.u.i.k.p.i.AbstractProblemLoader Environment load took 415.6ns 
795009     INFO  main            d.u.i.k.p.i.AbstractProblemLoader Creating init config 
795034     WARN  main            d.u.i.k.j.r.KeYCrossReferenceNameInfo Datatype java.io.PrintStream declared twice: Once in FILE:/home/runner/work/key/key/key.core/../key.ui/examples/standard_key/staticInitialisation/classpath/PrintStream.java and once in URL:file:/home/runner/work/key/key/key.core/build/resources/main/de/uka/ilkd/key/java/JavaRedux/java/io/PrintStream.java, Keeping one from URL:file:/home/runner/work/key/key/key.core/build/resources/main/de/uka/ilkd/key/java/JavaRedux/java/io/PrintStream.java 
795035     WARN  main            d.u.i.k.j.r.KeYCrossReferenceNameInfo Datatype java.lang.System declared twice: Once in FILE:/home/runner/work/key/key/key.core/../key.ui/examples/standard_key/staticInitialisation/classpath/System.java and once in URL:file:/home/runner/work/key/key/key.core/build/resources/main/de/uka/ilkd/key/java/JavaRedux/java/lang/System.java, Keeping one from URL:file:/home/runner/work/key/key/key.core/build/resources/main/de/uka/ilkd/key/java/JavaRedux/java/lang/System.java 
797929     DEBUG main            d.u.i.k.p.i.AbstractProblemLoader Init config took 2.92s 
797947     INFO  main            d.u.i.k.p.i.AbstractProblemLoader Replaying proof objectOfErroneousClass.key.proof 
800876     DEBUG main            d.u.i.k.p.i.IntermediateProofReplayer Proof replay took 2.9s 
800880     DEBUG main            d.u.i.k.p.r.p.TestFile    ... success: reloaded. 
800881     INFO  main            d.u.i.k.p.r.p.TestFile    Now processing file /home/runner/work/key/key/key.core/../key.ui/examples/standard_key/staticInitialisation/staticInitialisersAreNonSimple.key 
800881     INFO  main            d.u.i.k.p.i.AbstractProblemLoader Loading environment from /home/runner/work/key/key/key.core/../key.ui/examples/standard_key/staticInitialisation/staticInitialisersAreNonSimple.key 
800881     DEBUG main            d.u.i.k.p.i.AbstractProblemLoader Environment load took 120.4ns 
800883     INFO  main            d.u.i.k.p.i.AbstractProblemLoader Creating init config 
800907     WARN  main            d.u.i.k.j.r.KeYCrossReferenceNameInfo Datatype java.io.PrintStream declared twice: Once in FILE:/home/runner/work/key/key/key.core/../key.ui/examples/standard_key/staticInitialisation/classpath/PrintStream.java and once in URL:file:/home/runner/work/key/key/key.core/build/resources/main/de/uka/ilkd/key/java/JavaRedux/java/io/PrintStream.java, Keeping one from URL:file:/home/runner/work/key/key/key.core/build/resources/main/de/uka/ilkd/key/java/JavaRedux/java/io/PrintStream.java 
800907     WARN  main            d.u.i.k.j.r.KeYCrossReferenceNameInfo Datatype java.lang.System declared twice: Once in FILE:/home/runner/work/key/key/key.core/../key.ui/examples/standard_key/staticInitialisation/classpath/System.java and once in URL:file:/home/runner/work/key/key/key.core/build/resources/main/de/uka/ilkd/key/java/JavaRedux/java/lang/System.java, Keeping one from URL:file:/home/runner/work/key/key/key.core/build/resources/main/de/uka/ilkd/key/java/JavaRedux/java/lang/System.java 
803910     DEBUG main            d.u.i.k.p.i.AbstractProblemLoader Init config took 3.03s 
803926     INFO  main            d.u.i.k.p.i.AbstractProblemLoader Replaying proof staticInitialisersAreNonSimple.key 
803927     DEBUG main            d.u.i.k.p.i.IntermediateProofReplayer Proof replay took 3.3ns 
804334     INFO  main            d.u.i.k.p.r.p.TestFile    ... finished proof: closed. 
805147     INFO  main            d.u.i.k.p.i.AbstractProblemLoader Loading environment from /home/runner/work/key/key/key.core/../key.ui/examples/standard_key/staticInitialisation/staticInitialisersAreNonSimple.key.proof 
805147     DEBUG main            d.u.i.k.p.i.AbstractProblemLoader Environment load took 109.1ns 
805149     INFO  main            d.u.i.k.p.i.AbstractProblemLoader Creating init config 
805178     WARN  main            d.u.i.k.j.r.KeYCrossReferenceNameInfo Datatype java.io.PrintStream declared twice: Once in FILE:/home/runner/work/key/key/key.core/../key.ui/examples/standard_key/staticInitialisation/classpath/PrintStream.java and once in URL:file:/home/runner/work/key/key/key.core/build/resources/main/de/uka/ilkd/key/java/JavaRedux/java/io/PrintStream.java, Keeping one from URL:file:/home/runner/work/key/key/key.core/build/resources/main/de/uka/ilkd/key/java/JavaRedux/java/io/PrintStream.java 
805178     WARN  main            d.u.i.k.j.r.KeYCrossReferenceNameInfo Datatype java.lang.System declared twice: Once in FILE:/home/runner/work/key/key/key.core/../key.ui/examples/standard_key/staticInitialisation/classpath/System.java and once in URL:file:/home/runner/work/key/key/key.core/build/resources/main/de/uka/ilkd/key/java/JavaRedux/java/lang/System.java, Keeping one from URL:file:/home/runner/work/key/key/key.core/build/resources/main/de/uka/ilkd/key/java/JavaRedux/java/lang/System.java 
808098     DEBUG main            d.u.i.k.p.i.AbstractProblemLoader Init config took 2.95s 
808115     INFO  main            d.u.i.k.p.i.AbstractProblemLoader Replaying proof staticInitialisersAreNonSimple.key.proof 
808220     DEBUG main            d.u.i.k.p.i.IntermediateProofReplayer Proof replay took 102.04ms 
808222     DEBUG main            d.u.i.k.p.r.p.TestFile    ... success: reloaded. 
808223     INFO  main            d.u.i.k.p.r.p.TestFile    Now processing file /home/runner/work/key/key/key.core/../key.ui/examples/standard_key/types/disjoint.key 
808223     INFO  main            d.u.i.k.p.i.AbstractProblemLoader Loading environment from /home/runner/work/key/key/key.core/../key.ui/examples/standard_key/types/disjoint.key 
808223     DEBUG main            d.u.i.k.p.i.AbstractProblemLoader Environment load took 113.2ns 
808224     INFO  main            d.u.i.k.p.i.AbstractProblemLoader Creating init config 
811163     DEBUG main            d.u.i.k.p.i.AbstractProblemLoader Init config took 2.94s 
811177     INFO  main            d.u.i.k.p.i.AbstractProblemLoader Replaying proof disjoint.key 
811179     DEBUG main            d.u.i.k.p.i.IntermediateProofReplayer Proof replay took 4.2ns 
811281     INFO  main            d.u.i.k.p.r.p.TestFile    ... finished proof: closed. 
811988     INFO  main            d.u.i.k.p.i.AbstractProblemLoader Loading environment from /home/runner/work/key/key/key.core/../key.ui/examples/standard_key/types/disjoint.key.proof 
811988     DEBUG main            d.u.i.k.p.i.AbstractProblemLoader Environment load took 101.8ns 
811989     INFO  main            d.u.i.k.p.i.AbstractProblemLoader Creating init config 
814865     DEBUG main            d.u.i.k.p.i.AbstractProblemLoader Init config took 2.88s 
814880     INFO  main            d.u.i.k.p.i.AbstractProblemLoader Replaying proof disjoint.key.proof 
814882     DEBUG main            d.u.i.k.p.i.IntermediateProofReplayer Proof replay took 628.4ns 
814883     DEBUG main            d.u.i.k.p.r.p.TestFile    ... success: reloaded. 
814883     INFO  main            d.u.i.k.p.r.p.TestFile    Now processing file /home/runner/work/key/key/key.core/../key.ui/examples/../../key.core/src/test/resources/testcase/classpath/classpath.key 
814883     INFO  main            d.u.i.k.p.i.AbstractProblemLoader Loading environment from /home/runner/work/key/key/key.core/../key.ui/examples/../../key.core/src/test/resources/testcase/classpath/classpath.key 
814884     DEBUG main            d.u.i.k.p.i.AbstractProblemLoader Environment load took 167.5ns 
814884     INFO  main            d.u.i.k.p.i.AbstractProblemLoader Creating init config 
814912     WARN  main            d.u.i.k.j.r.KeYCrossReferenceNameInfo Datatype cp.C declared twice: Once in FILE:/home/runner/work/key/key/key.core/../key.ui/examples/../../key.core/src/test/resources/testcase/classpath/classpath/C.class and once in FILE:/home/runner/work/key/key/key.core/../key.ui/examples/../../key.core/src/test/resources/testcase/classpath/classpath/C.jml, Keeping one from FILE:/home/runner/work/key/key/key.core/../key.ui/examples/../../key.core/src/test/resources/testcase/classpath/classpath/C.jml 
814916     DEBUG main            d.u.i.k.j.r.ClassFileDeclarationBuilder Parsing: package cp; public class Unresolved1 { } 
814916     DEBUG main            r.s.KeYCrossReferenceSourceInfo Dynamically created class: cp.Unresolved1 
814916     DEBUG main            d.u.i.k.j.r.ClassFileDeclarationBuilder Parsing: package cp; public class Unresolved2 { } 
814916     DEBUG main            r.s.KeYCrossReferenceSourceInfo Dynamically created class: cp.Unresolved2 
818004     DEBUG main            d.u.i.k.p.i.AbstractProblemLoader Init config took 3.12s 
818022     INFO  main            d.u.i.k.p.i.AbstractProblemLoader Replaying proof classpath.key 
818024     DEBUG main            d.u.i.k.p.i.IntermediateProofReplayer Proof replay took 3.9ns 
818126     INFO  main            d.u.i.k.p.r.p.TestFile    ... finished proof: closed. 
818840     INFO  main            d.u.i.k.p.i.AbstractProblemLoader Loading environment from /home/runner/work/key/key/key.core/../key.ui/examples/../../key.core/src/test/resources/testcase/classpath/classpath.key.proof 
818840     DEBUG main            d.u.i.k.p.i.AbstractProblemLoader Environment load took 92ns 
818841     INFO  main            d.u.i.k.p.i.AbstractProblemLoader Creating init config 
818872     WARN  main            d.u.i.k.j.r.KeYCrossReferenceNameInfo Datatype cp.C declared twice: Once in FILE:/home/runner/work/key/key/key.core/../key.ui/examples/../../key.core/src/test/resources/testcase/classpath/classpath/C.class and once in FILE:/home/runner/work/key/key/key.core/../key.ui/examples/../../key.core/src/test/resources/testcase/classpath/classpath/C.jml, Keeping one from FILE:/home/runner/work/key/key/key.core/../key.ui/examples/../../key.core/src/test/resources/testcase/classpath/classpath/C.jml 
818876     DEBUG main            d.u.i.k.j.r.ClassFileDeclarationBuilder Parsing: package cp; public class Unresolved1 { } 
818877     DEBUG main            r.s.KeYCrossReferenceSourceInfo Dynamically created class: cp.Unresolved1 
818877     DEBUG main            d.u.i.k.j.r.ClassFileDeclarationBuilder Parsing: package cp; public class Unresolved2 { } 
818877     DEBUG main            r.s.KeYCrossReferenceSourceInfo Dynamically created class: cp.Unresolved2 
821866     DEBUG main            d.u.i.k.p.i.AbstractProblemLoader Init config took 3.02s 
821885     INFO  main            d.u.i.k.p.i.AbstractProblemLoader Replaying proof classpath.key.proof 
821888     DEBUG main            d.u.i.k.p.i.IntermediateProofReplayer Proof replay took 901ns 
821888     DEBUG main            d.u.i.k.p.r.p.TestFile    ... success: reloaded. 
821889     INFO  main            d.u.i.k.p.r.p.TestFile    Now processing file /home/runner/work/key/key/key.core/../key.ui/examples/heap/inconsistent_represents/MyClass_m.key 
821889     INFO  main            d.u.i.k.p.i.AbstractProblemLoader Loading environment from /home/runner/work/key/key/key.core/../key.ui/examples/heap/inconsistent_represents/MyClass_m.key 
821890     DEBUG main            d.u.i.k.p.i.AbstractProblemLoader Environment load took 58.2ns 
821890     INFO  main            d.u.i.k.p.i.AbstractProblemLoader Creating init config 
824929     DEBUG main            d.u.i.k.p.i.AbstractProblemLoader Init config took 3.04s 
824973     INFO  main            d.u.i.k.p.i.AbstractProblemLoader Replaying proof MyClass[MyClass::m()].JML operation contract.0 
824974     DEBUG main            d.u.i.k.p.i.IntermediateProofReplayer Proof replay took 3.4ns 
825077     INFO  main            d.u.i.k.p.r.p.TestFile    ... finished proof: open goal(s) 
825789     INFO  main            d.u.i.k.p.r.p.TestFile    Now processing file /home/runner/work/key/key/key.core/../key.ui/examples/heap/inconsistent_represents/MyClass_n.key 
825789     INFO  main            d.u.i.k.p.i.AbstractProblemLoader Loading environment from /home/runner/work/key/key/key.core/../key.ui/examples/heap/inconsistent_represents/MyClass_n.key 
825789     DEBUG main            d.u.i.k.p.i.AbstractProblemLoader Environment load took 60.4ns 
825790     INFO  main            d.u.i.k.p.i.AbstractProblemLoader Creating init config 
828707     DEBUG main            d.u.i.k.p.i.AbstractProblemLoader Init config took 2.92s 
828749     INFO  main            d.u.i.k.p.i.AbstractProblemLoader Replaying proof MyClass[MyClass::n()].JML operation contract.0 
828750     DEBUG main            d.u.i.k.p.i.IntermediateProofReplayer Proof replay took 3.7ns 
828853     INFO  main            d.u.i.k.p.r.p.TestFile    ... finished proof: open goal(s) 
4602128    INFO  Test worker     d.u.i.k.p.r.RunAllProofsTestUnit Returning from test javadl 
4602138    INFO  Test worker     d.u.i.k.p.r.RunAllProofsTestUnit Running test FOL 
441        INFO  Timeout watchdog d.u.i.k.p.r.p.ForkedTestFileRunner Timeout watcher launched (2000 secs.) 
467        WARN  main            d.u.i.k.s.ProofSettings   The settings in /home/runner/.key/proof-settings.props are *not* read. 
518        INFO  main            d.u.i.k.p.r.p.TestFile    Now processing file /home/runner/work/key/key/key.core/../key.ui/examples/standard_key/pred_log/count.key 
653        INFO  main            d.u.i.k.p.i.AbstractProblemLoader Loading environment from /home/runner/work/key/key/key.core/../key.ui/examples/standard_key/pred_log/count.key 
674        DEBUG main            d.u.i.k.p.i.AbstractProblemLoader Environment load took 2.33ms 
1013       INFO  main            d.u.i.k.p.i.AbstractProblemLoader Creating init config 
2215       DEBUG main            d.u.i.k.j.TypeConverter   No LDT found for Meta 
2218       DEBUG main            d.u.i.k.j.TypeConverter   No LDT found for Meta 
2223       DEBUG main            d.u.i.k.j.TypeConverter   No LDT found for Meta 
2223       DEBUG main            d.u.i.k.j.TypeConverter   No LDT found for Meta 
3823       DEBUG main            d.u.i.k.j.TypeConverter   No LDT found for JavaBigintExpression 
9962       DEBUG main            d.u.i.k.p.i.AbstractProblemLoader Init config took 8.95s 
10058      INFO  main            d.u.i.k.p.i.AbstractProblemLoader Replaying proof count.key 
10117      DEBUG main            d.u.i.k.p.i.IntermediateProofReplayer Proof replay took 42.8ns 
10415      INFO  main            d.u.i.k.p.r.p.TestFile    ... finished proof: closed. 
10561      INFO  main            d.u.i.k.p.i.AbstractProblemLoader Loading environment from /home/runner/work/key/key/key.core/../key.ui/examples/standard_key/pred_log/count.key.proof 
10563      DEBUG main            d.u.i.k.p.i.AbstractProblemLoader Environment load took 2.03ms 
10569      INFO  main            d.u.i.k.p.i.AbstractProblemLoader Creating init config 
14109      DEBUG main            d.u.i.k.p.i.AbstractProblemLoader Init config took 3.54s 
14172      INFO  main            d.u.i.k.p.i.AbstractProblemLoader Replaying proof count.key.proof 
14187      DEBUG main            d.u.i.k.p.i.IntermediateProofReplayer Proof replay took 9.15ms 
14203      DEBUG main            d.u.i.k.p.r.p.TestFile    ... success: reloaded. 
14204      INFO  main            d.u.i.k.p.r.p.TestFile    Now processing file /home/runner/work/key/key/key.core/../key.ui/examples/standard_key/pred_log/count2.key 
14204      INFO  main            d.u.i.k.p.i.AbstractProblemLoader Loading environment from /home/runner/work/key/key/key.core/../key.ui/examples/standard_key/pred_log/count2.key 
14205      DEBUG main            d.u.i.k.p.i.AbstractProblemLoader Environment load took 261.2ns 
14209      INFO  main            d.u.i.k.p.i.AbstractProblemLoader Creating init config 
17544      DEBUG main            d.u.i.k.p.i.AbstractProblemLoader Init config took 3.33s 
17581      INFO  main            d.u.i.k.p.i.AbstractProblemLoader Replaying proof count2.key 
17584      DEBUG main            d.u.i.k.p.i.IntermediateProofReplayer Proof replay took 7.8ns 
17689      INFO  main            d.u.i.k.p.r.p.TestFile    ... finished proof: closed. 
17849      INFO  main            d.u.i.k.p.i.AbstractProblemLoader Loading environment from /home/runner/work/key/key/key.core/../key.ui/examples/standard_key/pred_log/count2.key.proof 
17858      DEBUG main            d.u.i.k.p.i.AbstractProblemLoader Environment load took 8.03ms 
17861      INFO  main            d.u.i.k.p.i.AbstractProblemLoader Creating init config 
21170      DEBUG main            d.u.i.k.p.i.AbstractProblemLoader Init config took 3.31s 
21199      INFO  main            d.u.i.k.p.i.AbstractProblemLoader Replaying proof count2.key.proof 
21207      DEBUG main            d.u.i.k.p.i.IntermediateProofReplayer Proof replay took 4.46ms 
21208      DEBUG main            d.u.i.k.p.r.p.TestFile    ... success: reloaded. 
21209      INFO  main            d.u.i.k.p.r.p.TestFile    Now processing file /home/runner/work/key/key/key.core/../key.ui/examples/standard_key/pred_log/count3.key 
21209      INFO  main            d.u.i.k.p.i.AbstractProblemLoader Loading environment from /home/runner/work/key/key/key.core/../key.ui/examples/standard_key/pred_log/count3.key 
21210      DEBUG main            d.u.i.k.p.i.AbstractProblemLoader Environment load took 224.4ns 
21211      INFO  main            d.u.i.k.p.i.AbstractProblemLoader Creating init config 
24363      DEBUG main            d.u.i.k.p.i.AbstractProblemLoader Init config took 3.15s 
24389      INFO  main            d.u.i.k.p.i.AbstractProblemLoader Replaying proof count3.key 
24391      DEBUG main            d.u.i.k.p.i.IntermediateProofReplayer Proof replay took 7.8ns 
24495      INFO  main            d.u.i.k.p.r.p.TestFile    ... finished proof: closed. 
24667      INFO  main            d.u.i.k.p.i.AbstractProblemLoader Loading environment from /home/runner/work/key/key/key.core/../key.ui/examples/standard_key/pred_log/count3.key.proof 
24669      DEBUG main            d.u.i.k.p.i.AbstractProblemLoader Environment load took 1.19ms 
24671      INFO  main            d.u.i.k.p.i.AbstractProblemLoader Creating init config 
27842      DEBUG main            d.u.i.k.p.i.AbstractProblemLoader Init config took 3.17s 
27871      INFO  main            d.u.i.k.p.i.AbstractProblemLoader Replaying proof count3.key.proof 
27878      DEBUG main            d.u.i.k.p.i.IntermediateProofReplayer Proof replay took 3.8ms 
27879      DEBUG main            d.u.i.k.p.r.p.TestFile    ... success: reloaded. 
27880      INFO  main            d.u.i.k.p.r.p.TestFile    Now processing file /home/runner/work/key/key/key.core/../key.ui/examples/standard_key/pred_log/equalities.key 
27880      INFO  main            d.u.i.k.p.i.AbstractProblemLoader Loading environment from /home/runner/work/key/key/key.core/../key.ui/examples/standard_key/pred_log/equalities.key 
27880      DEBUG main            d.u.i.k.p.i.AbstractProblemLoader Environment load took 109.5ns 
27881      INFO  main            d.u.i.k.p.i.AbstractProblemLoader Creating init config 
31070      DEBUG main            d.u.i.k.p.i.AbstractProblemLoader Init config took 3.19s 
31095      INFO  main            d.u.i.k.p.i.AbstractProblemLoader Replaying proof equalities.key 
31097      DEBUG main            d.u.i.k.p.i.IntermediateProofReplayer Proof replay took 8.6ns 
31203      INFO  main            d.u.i.k.p.r.p.TestFile    ... finished proof: closed. 
31378      INFO  main            d.u.i.k.p.i.AbstractProblemLoader Loading environment from /home/runner/work/key/key/key.core/../key.ui/examples/standard_key/pred_log/equalities.key.proof 
31378      DEBUG main            d.u.i.k.p.i.AbstractProblemLoader Environment load took 163.3ns 
31380      INFO  main            d.u.i.k.p.i.AbstractProblemLoader Creating init config 
34467      DEBUG main            d.u.i.k.p.i.AbstractProblemLoader Init config took 3.09s 
34495      INFO  main            d.u.i.k.p.i.AbstractProblemLoader Replaying proof equalities.key.proof 
34504      DEBUG main            d.u.i.k.p.i.IntermediateProofReplayer Proof replay took 4.26ms 
34506      DEBUG main            d.u.i.k.p.r.p.TestFile    ... success: reloaded. 
34507      INFO  main            d.u.i.k.p.r.p.TestFile    Now processing file /home/runner/work/key/key/key.core/../key.ui/examples/standard_key/pred_log/equalities2.key 
34507      INFO  main            d.u.i.k.p.i.AbstractProblemLoader Loading environment from /home/runner/work/key/key/key.core/../key.ui/examples/standard_key/pred_log/equalities2.key 
34507      DEBUG main            d.u.i.k.p.i.AbstractProblemLoader Environment load took 127.1ns 
34509      INFO  main            d.u.i.k.p.i.AbstractProblemLoader Creating init config 
37666      DEBUG main            d.u.i.k.p.i.AbstractProblemLoader Init config took 3.16s 
37689      INFO  main            d.u.i.k.p.i.AbstractProblemLoader Replaying proof equalities2.key 
37691      DEBUG main            d.u.i.k.p.i.IntermediateProofReplayer Proof replay took 9ns 
37795      INFO  main            d.u.i.k.p.r.p.TestFile    ... finished proof: closed. 
37988      INFO  main            d.u.i.k.p.i.AbstractProblemLoader Loading environment from /home/runner/work/key/key/key.core/../key.ui/examples/standard_key/pred_log/equalities2.key.proof 
37989      DEBUG main            d.u.i.k.p.i.AbstractProblemLoader Environment load took 569.7ns 
37990      INFO  main            d.u.i.k.p.i.AbstractProblemLoader Creating init config 
41125      DEBUG main            d.u.i.k.p.i.AbstractProblemLoader Init config took 3.13s 
41149      INFO  main            d.u.i.k.p.i.AbstractProblemLoader Replaying proof equalities2.key.proof 
41156      DEBUG main            d.u.i.k.p.i.IntermediateProofReplayer Proof replay took 5.27ms 
41158      DEBUG main            d.u.i.k.p.r.p.TestFile    ... success: reloaded. 
41159      INFO  main            d.u.i.k.p.r.p.TestFile    Now processing file /home/runner/work/key/key/key.core/../key.ui/examples/standard_key/pred_log/equalities3.key 
41159      INFO  main            d.u.i.k.p.i.AbstractProblemLoader Loading environment from /home/runner/work/key/key/key.core/../key.ui/examples/standard_key/pred_log/equalities3.key 
41159      DEBUG main            d.u.i.k.p.i.AbstractProblemLoader Environment load took 218.4ns 
41161      INFO  main            d.u.i.k.p.i.AbstractProblemLoader Creating init config 
44245      DEBUG main            d.u.i.k.p.i.AbstractProblemLoader Init config took 3.08s 
44267      INFO  main            d.u.i.k.p.i.AbstractProblemLoader Replaying proof equalities3.key 
44271      DEBUG main            d.u.i.k.p.i.IntermediateProofReplayer Proof replay took 10.1ns 
44378      INFO  main            d.u.i.k.p.r.p.TestFile    ... finished proof: closed. 
44575      INFO  main            d.u.i.k.p.i.AbstractProblemLoader Loading environment from /home/runner/work/key/key/key.core/../key.ui/examples/standard_key/pred_log/equalities3.key.proof 
44578      DEBUG main            d.u.i.k.p.i.AbstractProblemLoader Environment load took 2.84ms 
44580      INFO  main            d.u.i.k.p.i.AbstractProblemLoader Creating init config 
47656      DEBUG main            d.u.i.k.p.i.AbstractProblemLoader Init config took 3.08s 
47679      INFO  main            d.u.i.k.p.i.AbstractProblemLoader Replaying proof equalities3.key.proof 
47690      DEBUG main            d.u.i.k.p.i.IntermediateProofReplayer Proof replay took 8.45ms 
47691      DEBUG main            d.u.i.k.p.r.p.TestFile    ... success: reloaded. 
47692      INFO  main            d.u.i.k.p.r.p.TestFile    Now processing file /home/runner/work/key/key/key.core/../key.ui/examples/standard_key/pred_log/functions.key 
47692      INFO  main            d.u.i.k.p.i.AbstractProblemLoader Loading environment from /home/runner/work/key/key/key.core/../key.ui/examples/standard_key/pred_log/functions.key 
47693      DEBUG main            d.u.i.k.p.i.AbstractProblemLoader Environment load took 225.3ns 
47694      INFO  main            d.u.i.k.p.i.AbstractProblemLoader Creating init config 
50759      DEBUG main            d.u.i.k.p.i.AbstractProblemLoader Init config took 3.06s 
50782      INFO  main            d.u.i.k.p.i.AbstractProblemLoader Replaying proof functions.key 
50784      DEBUG main            d.u.i.k.p.i.IntermediateProofReplayer Proof replay took 8.8ns 
50887      INFO  main            d.u.i.k.p.r.p.TestFile    ... finished proof: closed. 
51181      INFO  main            d.u.i.k.p.i.AbstractProblemLoader Loading environment from /home/runner/work/key/key/key.core/../key.ui/examples/standard_key/pred_log/functions.key.proof 
51181      DEBUG main            d.u.i.k.p.i.AbstractProblemLoader Environment load took 147.6ns 
51183      INFO  main            d.u.i.k.p.i.AbstractProblemLoader Creating init config 
54201      DEBUG main            d.u.i.k.p.i.AbstractProblemLoader Init config took 3.02s 
54222      INFO  main            d.u.i.k.p.i.AbstractProblemLoader Replaying proof functions.key.proof 
54228      DEBUG main            d.u.i.k.p.i.IntermediateProofReplayer Proof replay took 3.12ms 
54229      DEBUG main            d.u.i.k.p.r.p.TestFile    ... success: reloaded. 
54230      INFO  main            d.u.i.k.p.r.p.TestFile    Now processing file /home/runner/work/key/key/key.core/../key.ui/examples/standard_key/pred_log/mv1.key 
54230      INFO  main            d.u.i.k.p.i.AbstractProblemLoader Loading environment from /home/runner/work/key/key/key.core/../key.ui/examples/standard_key/pred_log/mv1.key 
54230      DEBUG main            d.u.i.k.p.i.AbstractProblemLoader Environment load took 259.7ns 
54231      INFO  main            d.u.i.k.p.i.AbstractProblemLoader Creating init config 
57323      DEBUG main            d.u.i.k.p.i.AbstractProblemLoader Init config took 3.09s 
57343      INFO  main            d.u.i.k.p.i.AbstractProblemLoader Replaying proof mv1.key 
57345      DEBUG main            d.u.i.k.p.i.IntermediateProofReplayer Proof replay took 8.4ns 
57448      INFO  main            d.u.i.k.p.r.p.TestFile    ... finished proof: closed. 
57651      INFO  main            d.u.i.k.p.i.AbstractProblemLoader Loading environment from /home/runner/work/key/key/key.core/../key.ui/examples/standard_key/pred_log/mv1.key.proof 
57652      DEBUG main            d.u.i.k.p.i.AbstractProblemLoader Environment load took 149ns 
57653      INFO  main            d.u.i.k.p.i.AbstractProblemLoader Creating init config 
60690      DEBUG main            d.u.i.k.p.i.AbstractProblemLoader Init config took 3.04s 
60720      INFO  main            d.u.i.k.p.i.AbstractProblemLoader Replaying proof mv1.key.proof 
60723      DEBUG main            d.u.i.k.p.i.IntermediateProofReplayer Proof replay took 1.19ms 
60724      DEBUG main            d.u.i.k.p.r.p.TestFile    ... success: reloaded. 
60725      INFO  main            d.u.i.k.p.r.p.TestFile    Now processing file /home/runner/work/key/key/key.core/../key.ui/examples/standard_key/pred_log/mv2.key 
60725      INFO  main            d.u.i.k.p.i.AbstractProblemLoader Loading environment from /home/runner/work/key/key/key.core/../key.ui/examples/standard_key/pred_log/mv2.key 
60726      DEBUG main            d.u.i.k.p.i.AbstractProblemLoader Environment load took 221.1ns 
60727      INFO  main            d.u.i.k.p.i.AbstractProblemLoader Creating init config 
63742      DEBUG main            d.u.i.k.p.i.AbstractProblemLoader Init config took 3.02s 
63762      INFO  main            d.u.i.k.p.i.AbstractProblemLoader Replaying proof mv2.key 
63764      DEBUG main            d.u.i.k.p.i.IntermediateProofReplayer Proof replay took 9.5ns 
63870      INFO  main            d.u.i.k.p.r.p.TestFile    ... finished proof: closed. 
64092      INFO  main            d.u.i.k.p.i.AbstractProblemLoader Loading environment from /home/runner/work/key/key/key.core/../key.ui/examples/standard_key/pred_log/mv2.key.proof 
64092      DEBUG main            d.u.i.k.p.i.AbstractProblemLoader Environment load took 145.5ns 
64094      INFO  main            d.u.i.k.p.i.AbstractProblemLoader Creating init config 
67110      DEBUG main            d.u.i.k.p.i.AbstractProblemLoader Init config took 3.02s 
67129      INFO  main            d.u.i.k.p.i.AbstractProblemLoader Replaying proof mv2.key.proof 
67133      DEBUG main            d.u.i.k.p.i.IntermediateProofReplayer Proof replay took 1.98ms 
67134      DEBUG main            d.u.i.k.p.r.p.TestFile    ... success: reloaded. 
67135      INFO  main            d.u.i.k.p.r.p.TestFile    Now processing file /home/runner/work/key/key/key.core/../key.ui/examples/standard_key/pred_log/quantifiers.key 
67135      INFO  main            d.u.i.k.p.i.AbstractProblemLoader Loading environment from /home/runner/work/key/key/key.core/../key.ui/examples/standard_key/pred_log/quantifiers.key 
67136      DEBUG main            d.u.i.k.p.i.AbstractProblemLoader Environment load took 214.8ns 
67137      INFO  main            d.u.i.k.p.i.AbstractProblemLoader Creating init config 
70197      DEBUG main            d.u.i.k.p.i.AbstractProblemLoader Init config took 3.06s 
70215      INFO  main            d.u.i.k.p.i.AbstractProblemLoader Replaying proof quantifiers.key 
70217      DEBUG main            d.u.i.k.p.i.IntermediateProofReplayer Proof replay took 8.7ns 
70320      INFO  main            d.u.i.k.p.r.p.TestFile    ... finished proof: closed. 
70560      INFO  main            d.u.i.k.p.i.AbstractProblemLoader Loading environment from /home/runner/work/key/key/key.core/../key.ui/examples/standard_key/pred_log/quantifiers.key.proof 
70560      DEBUG main            d.u.i.k.p.i.AbstractProblemLoader Environment load took 151.8ns 
70562      INFO  main            d.u.i.k.p.i.AbstractProblemLoader Creating init config 
73527      DEBUG main            d.u.i.k.p.i.AbstractProblemLoader Init config took 2.97s 
73545      INFO  main            d.u.i.k.p.i.AbstractProblemLoader Replaying proof quantifiers.key.proof 
73549      DEBUG main            d.u.i.k.p.i.IntermediateProofReplayer Proof replay took 2.87ms 
73550      DEBUG main            d.u.i.k.p.r.p.TestFile    ... success: reloaded. 
73551      INFO  main            d.u.i.k.p.r.p.TestFile    Now processing file /home/runner/work/key/key/key.core/../key.ui/examples/standard_key/pred_log/simpleEps.key 
73551      INFO  main            d.u.i.k.p.i.AbstractProblemLoader Loading environment from /home/runner/work/key/key/key.core/../key.ui/examples/standard_key/pred_log/simpleEps.key 
73551      DEBUG main            d.u.i.k.p.i.AbstractProblemLoader Environment load took 99.3ns 
73552      INFO  main            d.u.i.k.p.i.AbstractProblemLoader Creating init config 
76619      DEBUG main            d.u.i.k.p.i.AbstractProblemLoader Init config took 3.07s 
76637      INFO  main            d.u.i.k.p.i.AbstractProblemLoader Replaying proof simpleEps.key 
76638      DEBUG main            d.u.i.k.p.i.IntermediateProofReplayer Proof replay took 8.4ns 
76741      INFO  main            d.u.i.k.p.r.p.TestFile    ... finished proof: closed. 
76970      INFO  main            d.u.i.k.p.i.AbstractProblemLoader Loading environment from /home/runner/work/key/key/key.core/../key.ui/examples/standard_key/pred_log/simpleEps.key.proof 
76971      DEBUG main            d.u.i.k.p.i.AbstractProblemLoader Environment load took 142.7ns 
76972      INFO  main            d.u.i.k.p.i.AbstractProblemLoader Creating init config 
79947      DEBUG main            d.u.i.k.p.i.AbstractProblemLoader Init config took 2.98s 
79965      INFO  main            d.u.i.k.p.i.AbstractProblemLoader Replaying proof simpleEps.key.proof 
79975      DEBUG main            d.u.i.k.p.i.IntermediateProofReplayer Proof replay took 6.66ms 
79976      DEBUG main            d.u.i.k.p.r.p.TestFile    ... success: reloaded. 
79977      INFO  main            d.u.i.k.p.r.p.TestFile    Now processing file /home/runner/work/key/key/key.core/../key.ui/examples/standard_key/pred_log/steam1.key 
79977      INFO  main            d.u.i.k.p.i.AbstractProblemLoader Loading environment from /home/runner/work/key/key/key.core/../key.ui/examples/standard_key/pred_log/steam1.key 
79977      DEBUG main            d.u.i.k.p.i.AbstractProblemLoader Environment load took 121.6ns 
79980      INFO  main            d.u.i.k.p.i.AbstractProblemLoader Creating init config 
83030      DEBUG main            d.u.i.k.p.i.AbstractProblemLoader Init config took 3.05s 
83056      INFO  main            d.u.i.k.p.i.AbstractProblemLoader Replaying proof steam1.key 
83058      DEBUG main            d.u.i.k.p.i.IntermediateProofReplayer Proof replay took 8.8ns 
83472      INFO  main            d.u.i.k.p.r.p.TestFile    ... finished proof: closed. 
83726      INFO  main            d.u.i.k.p.i.AbstractProblemLoader Loading environment from /home/runner/work/key/key/key.core/../key.ui/examples/standard_key/pred_log/steam1.key.proof 
83733      DEBUG main            d.u.i.k.p.i.AbstractProblemLoader Environment load took 7.52ms 
83736      INFO  main            d.u.i.k.p.i.AbstractProblemLoader Creating init config 
86822      DEBUG main            d.u.i.k.p.i.AbstractProblemLoader Init config took 3.09s 
86853      INFO  main            d.u.i.k.p.i.AbstractProblemLoader Replaying proof steam1.key.proof 
86890      DEBUG main            d.u.i.k.p.i.IntermediateProofReplayer Proof replay took 32.6ms 
86892      DEBUG main            d.u.i.k.p.r.p.TestFile    ... success: reloaded. 
86893      INFO  main            d.u.i.k.p.r.p.TestFile    Now processing file /home/runner/work/key/key/key.core/../key.ui/examples/standard_key/pred_log/tptp/PUZ/PUZ001p1.key 
86894      INFO  main            d.u.i.k.p.i.AbstractProblemLoader Loading environment from /home/runner/work/key/key/key.core/../key.ui/examples/standard_key/pred_log/tptp/PUZ/PUZ001p1.key 
86894      DEBUG main            d.u.i.k.p.i.AbstractProblemLoader Environment load took 222ns 
86896      INFO  main            d.u.i.k.p.i.AbstractProblemLoader Creating init config 
89927      DEBUG main            d.u.i.k.p.i.AbstractProblemLoader Init config took 3.03s 
89950      INFO  main            d.u.i.k.p.i.AbstractProblemLoader Replaying proof PUZ001p1.key 
89952      DEBUG main            d.u.i.k.p.i.IntermediateProofReplayer Proof replay took 8ns 
93872      INFO  main            d.u.i.k.p.r.p.TestFile    ... finished proof: closed. 
94290      INFO  main            d.u.i.k.p.i.AbstractProblemLoader Loading environment from /home/runner/work/key/key/key.core/../key.ui/examples/standard_key/pred_log/tptp/PUZ/PUZ001p1.key.proof 
94293      DEBUG main            d.u.i.k.p.i.AbstractProblemLoader Environment load took 2.61ms 
94295      INFO  main            d.u.i.k.p.i.AbstractProblemLoader Creating init config 
97293      DEBUG main            d.u.i.k.p.i.AbstractProblemLoader Init config took 3s 
97314      INFO  main            d.u.i.k.p.i.AbstractProblemLoader Replaying proof PUZ001p1.key.proof 
97500      DEBUG main            d.u.i.k.p.i.IntermediateProofReplayer Proof replay took 175.81ms 
97502      DEBUG main            d.u.i.k.p.r.p.TestFile    ... success: reloaded. 
97503      INFO  main            d.u.i.k.p.r.p.TestFile    Now processing file /home/runner/work/key/key/key.core/../key.ui/examples/standard_key/pred_log/tptp/PUZ/PUZ001p1-eq.key 
97504      INFO  main            d.u.i.k.p.i.AbstractProblemLoader Loading environment from /home/runner/work/key/key/key.core/../key.ui/examples/standard_key/pred_log/tptp/PUZ/PUZ001p1-eq.key 
97504      DEBUG main            d.u.i.k.p.i.AbstractProblemLoader Environment load took 220.5ns 
97506      INFO  main            d.u.i.k.p.i.AbstractProblemLoader Creating init config 
100546     DEBUG main            d.u.i.k.p.i.AbstractProblemLoader Init config took 3.04s 
100564     INFO  main            d.u.i.k.p.i.AbstractProblemLoader Replaying proof PUZ001p1-eq.key 
100565     DEBUG main            d.u.i.k.p.i.IntermediateProofReplayer Proof replay took 8.1ns 
100769     INFO  main            d.u.i.k.p.r.p.TestFile    ... finished proof: closed. 
101108     INFO  main            d.u.i.k.p.i.AbstractProblemLoader Loading environment from /home/runner/work/key/key/key.core/../key.ui/examples/standard_key/pred_log/tptp/PUZ/PUZ001p1-eq.key.proof 
101108     DEBUG main            d.u.i.k.p.i.AbstractProblemLoader Environment load took 439.2ns 
101110     INFO  main            d.u.i.k.p.i.AbstractProblemLoader Creating init config 
104064     DEBUG main            d.u.i.k.p.i.AbstractProblemLoader Init config took 2.95s 
104082     INFO  main            d.u.i.k.p.i.AbstractProblemLoader Replaying proof PUZ001p1-eq.key.proof 
104104     DEBUG main            d.u.i.k.p.i.IntermediateProofReplayer Proof replay took 19.07ms 
104106     DEBUG main            d.u.i.k.p.r.p.TestFile    ... success: reloaded. 
104107     INFO  main            d.u.i.k.p.r.p.TestFile    Now processing file /home/runner/work/key/key/key.core/../key.ui/examples/standard_key/pred_log/tptp/PUZ/PUZ031p1.key 
104107     INFO  main            d.u.i.k.p.i.AbstractProblemLoader Loading environment from /home/runner/work/key/key/key.core/../key.ui/examples/standard_key/pred_log/tptp/PUZ/PUZ031p1.key 
104107     DEBUG main            d.u.i.k.p.i.AbstractProblemLoader Environment load took 205.3ns 
104109     INFO  main            d.u.i.k.p.i.AbstractProblemLoader Creating init config 
107107     DEBUG main            d.u.i.k.p.i.AbstractProblemLoader Init config took 3s 
107127     INFO  main            d.u.i.k.p.i.AbstractProblemLoader Replaying proof PUZ031p1.key 
107128     DEBUG main            d.u.i.k.p.i.IntermediateProofReplayer Proof replay took 8.2ns 
117573     INFO  main            d.u.i.k.p.r.p.TestFile    ... finished proof: closed. 
117859     INFO  main            d.u.i.k.p.i.AbstractProblemLoader Loading environment from /home/runner/work/key/key/key.core/../key.ui/examples/standard_key/pred_log/tptp/PUZ/PUZ031p1.key.proof 
117859     DEBUG main            d.u.i.k.p.i.AbstractProblemLoader Environment load took 161.9ns 
117861     INFO  main            d.u.i.k.p.i.AbstractProblemLoader Creating init config 
120882     DEBUG main            d.u.i.k.p.i.AbstractProblemLoader Init config took 3.02s 
120908     INFO  main            d.u.i.k.p.i.AbstractProblemLoader Replaying proof PUZ031p1.key.proof 
121025     DEBUG main            d.u.i.k.p.i.IntermediateProofReplayer Proof replay took 109.11ms 
121027     DEBUG main            d.u.i.k.p.r.p.TestFile    ... success: reloaded. 
121028     INFO  main            d.u.i.k.p.r.p.TestFile    Now processing file /home/runner/work/key/key/key.core/../key.ui/examples/standard_key/pred_log/tptp/SET/SET027p3.key 
121028     INFO  main            d.u.i.k.p.i.AbstractProblemLoader Loading environment from /home/runner/work/key/key/key.core/../key.ui/examples/standard_key/pred_log/tptp/SET/SET027p3.key 
121028     DEBUG main            d.u.i.k.p.i.AbstractProblemLoader Environment load took 210.9ns 
121030     INFO  main            d.u.i.k.p.i.AbstractProblemLoader Creating init config 
124075     DEBUG main            d.u.i.k.p.i.AbstractProblemLoader Init config took 3.04s 
124092     INFO  main            d.u.i.k.p.i.AbstractProblemLoader Replaying proof SET027p3.key 
124094     DEBUG main            d.u.i.k.p.i.IntermediateProofReplayer Proof replay took 8.5ns 
124199     INFO  main            d.u.i.k.p.r.p.TestFile    ... finished proof: closed. 
124503     INFO  main            d.u.i.k.p.i.AbstractProblemLoader Loading environment from /home/runner/work/key/key/key.core/../key.ui/examples/standard_key/pred_log/tptp/SET/SET027p3.key.proof 
124503     DEBUG main            d.u.i.k.p.i.AbstractProblemLoader Environment load took 225.2ns 
124504     INFO  main            d.u.i.k.p.i.AbstractProblemLoader Creating init config 
127463     DEBUG main            d.u.i.k.p.i.AbstractProblemLoader Init config took 2.96s 
127481     INFO  main            d.u.i.k.p.i.AbstractProblemLoader Replaying proof SET027p3.key.proof 
127492     DEBUG main            d.u.i.k.p.i.IntermediateProofReplayer Proof replay took 7.27ms 
127494     DEBUG main            d.u.i.k.p.r.p.TestFile    ... success: reloaded. 
127495     INFO  main            d.u.i.k.p.r.p.TestFile    Now processing file /home/runner/work/key/key/key.core/../key.ui/examples/standard_key/pred_log/tptp/SET/SET043p1.key 
127495     INFO  main            d.u.i.k.p.i.AbstractProblemLoader Loading environment from /home/runner/work/key/key/key.core/../key.ui/examples/standard_key/pred_log/tptp/SET/SET043p1.key 
127495     DEBUG main            d.u.i.k.p.i.AbstractProblemLoader Environment load took 160.9ns 
127497     INFO  main            d.u.i.k.p.i.AbstractProblemLoader Creating init config 
130549     DEBUG main            d.u.i.k.p.i.AbstractProblemLoader Init config took 3.05s 
130565     INFO  main            d.u.i.k.p.i.AbstractProblemLoader Replaying proof SET043p1.key 
130567     DEBUG main            d.u.i.k.p.i.IntermediateProofReplayer Proof replay took 9.4ns 
130671     INFO  main            d.u.i.k.p.r.p.TestFile    ... finished proof: closed. 
130950     INFO  main            d.u.i.k.p.i.AbstractProblemLoader Loading environment from /home/runner/work/key/key/key.core/../key.ui/examples/standard_key/pred_log/tptp/SET/SET043p1.key.proof 
130950     DEBUG main            d.u.i.k.p.i.AbstractProblemLoader Environment load took 210.6ns 
130952     INFO  main            d.u.i.k.p.i.AbstractProblemLoader Creating init config 
133971     DEBUG main            d.u.i.k.p.i.AbstractProblemLoader Init config took 3.02s 
133988     INFO  main            d.u.i.k.p.i.AbstractProblemLoader Replaying proof SET043p1.key.proof 
133992     DEBUG main            d.u.i.k.p.i.IntermediateProofReplayer Proof replay took 1.78ms 
133992     DEBUG main            d.u.i.k.p.r.p.TestFile    ... success: reloaded. 
133993     INFO  main            d.u.i.k.p.r.p.TestFile    Now processing file /home/runner/work/key/key/key.core/../key.ui/examples/standard_key/pred_log/tptp/SET/SET045p1.key 
133994     INFO  main            d.u.i.k.p.i.AbstractProblemLoader Loading environment from /home/runner/work/key/key/key.core/../key.ui/examples/standard_key/pred_log/tptp/SET/SET045p1.key 
133994     DEBUG main            d.u.i.k.p.i.AbstractProblemLoader Environment load took 207.3ns 
133995     INFO  main            d.u.i.k.p.i.AbstractProblemLoader Creating init config 
137049     DEBUG main            d.u.i.k.p.i.AbstractProblemLoader Init config took 3.05s 
137066     INFO  main            d.u.i.k.p.i.AbstractProblemLoader Replaying proof SET045p1.key 
137068     DEBUG main            d.u.i.k.p.i.IntermediateProofReplayer Proof replay took 8.6ns 
137171     INFO  main            d.u.i.k.p.r.p.TestFile    ... finished proof: closed. 
137452     INFO  main            d.u.i.k.p.i.AbstractProblemLoader Loading environment from /home/runner/work/key/key/key.core/../key.ui/examples/standard_key/pred_log/tptp/SET/SET045p1.key.proof 
137452     DEBUG main            d.u.i.k.p.i.AbstractProblemLoader Environment load took 150.7ns 
137454     INFO  main            d.u.i.k.p.i.AbstractProblemLoader Creating init config 
140480     DEBUG main            d.u.i.k.p.i.AbstractProblemLoader Init config took 3.03s 
140498     INFO  main            d.u.i.k.p.i.AbstractProblemLoader Replaying proof SET045p1.key.proof 
140511     DEBUG main            d.u.i.k.p.i.IntermediateProofReplayer Proof replay took 8.92ms 
140512     DEBUG main            d.u.i.k.p.r.p.TestFile    ... success: reloaded. 
140513     INFO  main            d.u.i.k.p.r.p.TestFile    Now processing file /home/runner/work/key/key/key.core/../key.ui/examples/standard_key/pred_log/tptp/SET/SET062p3.key 
140513     INFO  main            d.u.i.k.p.i.AbstractProblemLoader Loading environment from /home/runner/work/key/key/key.core/../key.ui/examples/standard_key/pred_log/tptp/SET/SET062p3.key 
140513     DEBUG main            d.u.i.k.p.i.AbstractProblemLoader Environment load took 253.2ns 
140516     INFO  main            d.u.i.k.p.i.AbstractProblemLoader Creating init config 
143586     DEBUG main            d.u.i.k.p.i.AbstractProblemLoader Init config took 3.07s 
143603     INFO  main            d.u.i.k.p.i.AbstractProblemLoader Replaying proof SET062p3.key 
143604     DEBUG main            d.u.i.k.p.i.IntermediateProofReplayer Proof replay took 9.2ns 
143707     INFO  main            d.u.i.k.p.r.p.TestFile    ... finished proof: closed. 
144031     INFO  main            d.u.i.k.p.i.AbstractProblemLoader Loading environment from /home/runner/work/key/key/key.core/../key.ui/examples/standard_key/pred_log/tptp/SET/SET062p3.key.proof 
144032     DEBUG main            d.u.i.k.p.i.AbstractProblemLoader Environment load took 126.4ns 
144033     INFO  main            d.u.i.k.p.i.AbstractProblemLoader Creating init config 
147017     DEBUG main            d.u.i.k.p.i.AbstractProblemLoader Init config took 2.98s 
147033     INFO  main            d.u.i.k.p.i.AbstractProblemLoader Replaying proof SET062p3.key.proof 
147041     DEBUG main            d.u.i.k.p.i.IntermediateProofReplayer Proof replay took 5.61ms 
147042     DEBUG main            d.u.i.k.p.r.p.TestFile    ... success: reloaded. 
147043     INFO  main            d.u.i.k.p.r.p.TestFile    Now processing file /home/runner/work/key/key/key.core/../key.ui/examples/standard_key/pred_log/tptp/SET/SET063p3.key 
147043     INFO  main            d.u.i.k.p.i.AbstractProblemLoader Loading environment from /home/runner/work/key/key/key.core/../key.ui/examples/standard_key/pred_log/tptp/SET/SET063p3.key 
147043     DEBUG main            d.u.i.k.p.i.AbstractProblemLoader Environment load took 98.5ns 
147044     INFO  main            d.u.i.k.p.i.AbstractProblemLoader Creating init config 
150069     DEBUG main            d.u.i.k.p.i.AbstractProblemLoader Init config took 3.02s 
150086     INFO  main            d.u.i.k.p.i.AbstractProblemLoader Replaying proof SET063p3.key 
150088     DEBUG main            d.u.i.k.p.i.IntermediateProofReplayer Proof replay took 9.2ns 
150193     INFO  main            d.u.i.k.p.r.p.TestFile    ... finished proof: closed. 
150599     INFO  main            d.u.i.k.p.i.AbstractProblemLoader Loading environment from /home/runner/work/key/key/key.core/../key.ui/examples/standard_key/pred_log/tptp/SET/SET063p3.key.proof 
150599     DEBUG main            d.u.i.k.p.i.AbstractProblemLoader Environment load took 129.3ns 
150600     INFO  main            d.u.i.k.p.i.AbstractProblemLoader Creating init config 
153537     DEBUG main            d.u.i.k.p.i.AbstractProblemLoader Init config took 2.94s 
153555     INFO  main            d.u.i.k.p.i.AbstractProblemLoader Replaying proof SET063p3.key.proof 
153565     DEBUG main            d.u.i.k.p.i.IntermediateProofReplayer Proof replay took 8.62ms 
153567     DEBUG main            d.u.i.k.p.r.p.TestFile    ... success: reloaded. 
153567     INFO  main            d.u.i.k.p.r.p.TestFile    Now processing file /home/runner/work/key/key/key.core/../key.ui/examples/standard_key/pred_log/tptp/SYN/SYN036p2.key 
153568     INFO  main            d.u.i.k.p.i.AbstractProblemLoader Loading environment from /home/runner/work/key/key/key.core/../key.ui/examples/standard_key/pred_log/tptp/SYN/SYN036p2.key 
153568     DEBUG main            d.u.i.k.p.i.AbstractProblemLoader Environment load took 123.3ns 
153569     INFO  main            d.u.i.k.p.i.AbstractProblemLoader Creating init config 
156594     DEBUG main            d.u.i.k.p.i.AbstractProblemLoader Init config took 3.03s 
156610     INFO  main            d.u.i.k.p.i.AbstractProblemLoader Replaying proof SYN036p2.key 
156612     DEBUG main            d.u.i.k.p.i.IntermediateProofReplayer Proof replay took 8.3ns 
156919     INFO  main            d.u.i.k.p.r.p.TestFile    ... finished proof: closed. 
157253     INFO  main            d.u.i.k.p.i.AbstractProblemLoader Loading environment from /home/runner/work/key/key/key.core/../key.ui/examples/standard_key/pred_log/tptp/SYN/SYN036p2.key.proof 
157257     DEBUG main            d.u.i.k.p.i.AbstractProblemLoader Environment load took 3.97ms 
157258     INFO  main            d.u.i.k.p.i.AbstractProblemLoader Creating init config 
160221     DEBUG main            d.u.i.k.p.i.AbstractProblemLoader Init config took 2.96s 
160238     INFO  main            d.u.i.k.p.i.AbstractProblemLoader Replaying proof SYN036p2.key.proof 
160352     DEBUG main            d.u.i.k.p.i.IntermediateProofReplayer Proof replay took 102.92ms 
160353     DEBUG main            d.u.i.k.p.r.p.TestFile    ... success: reloaded. 
160354     INFO  main            d.u.i.k.p.r.p.TestFile    Now processing file /home/runner/work/key/key/key.core/../key.ui/examples/standard_key/pred_log/tptp/SYN/SYN550p1.key 
160354     INFO  main            d.u.i.k.p.i.AbstractProblemLoader Loading environment from /home/runner/work/key/key/key.core/../key.ui/examples/standard_key/pred_log/tptp/SYN/SYN550p1.key 
160354     DEBUG main            d.u.i.k.p.i.AbstractProblemLoader Environment load took 226.5ns 
160356     INFO  main            d.u.i.k.p.i.AbstractProblemLoader Creating init config 
163377     DEBUG main            d.u.i.k.p.i.AbstractProblemLoader Init config took 3.02s 
163394     INFO  main            d.u.i.k.p.i.AbstractProblemLoader Replaying proof SYN550p1.key 
163396     DEBUG main            d.u.i.k.p.i.IntermediateProofReplayer Proof replay took 9.3ns 
167013     INFO  main            d.u.i.k.p.r.p.TestFile    ... finished proof: closed. 
167342     INFO  main            d.u.i.k.p.i.AbstractProblemLoader Loading environment from /home/runner/work/key/key/key.core/../key.ui/examples/standard_key/pred_log/tptp/SYN/SYN550p1.key.proof 
167343     DEBUG main            d.u.i.k.p.i.AbstractProblemLoader Environment load took 440.4ns 
167345     INFO  main            d.u.i.k.p.i.AbstractProblemLoader Creating init config 
170231     DEBUG main            d.u.i.k.p.i.AbstractProblemLoader Init config took 2.89s 
170248     INFO  main            d.u.i.k.p.i.AbstractProblemLoader Replaying proof SYN550p1.key.proof 
170372     DEBUG main            d.u.i.k.p.i.IntermediateProofReplayer Proof replay took 116.43ms 
170374     DEBUG main            d.u.i.k.p.r.p.TestFile    ... success: reloaded. 
170375     INFO  main            d.u.i.k.p.r.p.TestFile    Now processing file /home/runner/work/key/key/key.core/../key.ui/examples/standard_key/prop_log/reallySimple.key 
170375     INFO  main            d.u.i.k.p.i.AbstractProblemLoader Loading environment from /home/runner/work/key/key/key.core/../key.ui/examples/standard_key/prop_log/reallySimple.key 
170375     DEBUG main            d.u.i.k.p.i.AbstractProblemLoader Environment load took 212.1ns 
170376     INFO  main            d.u.i.k.p.i.AbstractProblemLoader Creating init config 
173343     DEBUG main            d.u.i.k.p.i.AbstractProblemLoader Init config took 2.97s 
173359     INFO  main            d.u.i.k.p.i.AbstractProblemLoader Replaying proof reallySimple.key 
173361     DEBUG main            d.u.i.k.p.i.IntermediateProofReplayer Proof replay took 7.9ns 
173463     INFO  main            d.u.i.k.p.r.p.TestFile    ... finished proof: open goal(s) 
173785     INFO  main            d.u.i.k.p.r.p.TestFile    Now processing file /home/runner/work/key/key/key.core/../key.ui/examples/standard_key/pred_log/sameName1.key 
173786     INFO  main            d.u.i.k.p.i.AbstractProblemLoader Loading environment from /home/runner/work/key/key/key.core/../key.ui/examples/standard_key/pred_log/sameName1.key 
173786     DEBUG main            d.u.i.k.p.i.AbstractProblemLoader Environment load took 78.3ns 
173787     INFO  main            d.u.i.k.p.i.AbstractProblemLoader Creating init config 
176696     DEBUG main            d.u.i.k.p.i.AbstractProblemLoader Init config took 2.91s 
176715     INFO  main            d.u.i.k.p.i.AbstractProblemLoader Replaying proof sameName1.key 
176717     DEBUG main            d.u.i.k.p.i.IntermediateProofReplayer Proof replay took 7.5ns 
176822     INFO  main            d.u.i.k.p.r.p.TestFile    ... finished proof: open goal(s) 
177128     INFO  main            d.u.i.k.p.r.p.TestFile    Now processing file /home/runner/work/key/key/key.core/../key.ui/examples/standard_key/pred_log/jbyteIfEx.key 
177128     INFO  main            d.u.i.k.p.i.AbstractProblemLoader Loading environment from /home/runner/work/key/key/key.core/../key.ui/examples/standard_key/pred_log/jbyteIfEx.key 
177128     DEBUG main            d.u.i.k.p.i.AbstractProblemLoader Environment load took 71.4ns 
177129     INFO  main            d.u.i.k.p.i.AbstractProblemLoader Creating init config 
180048     DEBUG main            d.u.i.k.p.i.AbstractProblemLoader Init config took 2.92s 
180064     INFO  main            d.u.i.k.p.i.AbstractProblemLoader Replaying proof jbyteIfEx.key 
180066     DEBUG main            d.u.i.k.p.i.IntermediateProofReplayer Proof replay took 8.5ns 
180171     INFO  main            d.u.i.k.p.r.p.TestFile    ... finished proof: closed. 
180484     INFO  main            d.u.i.k.p.i.AbstractProblemLoader Loading environment from /home/runner/work/key/key/key.core/../key.ui/examples/standard_key/pred_log/jbyteIfEx.key.proof 
180485     DEBUG main            d.u.i.k.p.i.AbstractProblemLoader Environment load took 127.9ns 
180486     INFO  main            d.u.i.k.p.i.AbstractProblemLoader Creating init config 
183377     DEBUG main            d.u.i.k.p.i.AbstractProblemLoader Init config took 2.89s 
183393     INFO  main            d.u.i.k.p.i.AbstractProblemLoader Replaying proof jbyteIfEx.key.proof 
183403     DEBUG main            d.u.i.k.p.i.IntermediateProofReplayer Proof replay took 8.25ms 
183404     DEBUG main            d.u.i.k.p.r.p.TestFile    ... success: reloaded. 
183405     INFO  main            d.u.i.k.p.r.p.TestFile    Now processing file /home/runner/work/key/key/key.core/../key.ui/examples/standard_key/prop_log/allClausesLength4.key 
183405     INFO  main            d.u.i.k.p.i.AbstractProblemLoader Loading environment from /home/runner/work/key/key/key.core/../key.ui/examples/standard_key/prop_log/allClausesLength4.key 
183406     DEBUG main            d.u.i.k.p.i.AbstractProblemLoader Environment load took 139.1ns 
183407     INFO  main            d.u.i.k.p.i.AbstractProblemLoader Creating init config 
186382     DEBUG main            d.u.i.k.p.i.AbstractProblemLoader Init config took 2.98s 
186401     INFO  main            d.u.i.k.p.i.AbstractProblemLoader Replaying proof allClausesLength4.key 
186403     DEBUG main            d.u.i.k.p.i.IntermediateProofReplayer Proof replay took 7.9ns 
186507     INFO  main            d.u.i.k.p.r.p.TestFile    ... finished proof: closed. 
186848     INFO  main            d.u.i.k.p.i.AbstractProblemLoader Loading environment from /home/runner/work/key/key/key.core/../key.ui/examples/standard_key/prop_log/allClausesLength4.key.proof 
186848     DEBUG main            d.u.i.k.p.i.AbstractProblemLoader Environment load took 131.5ns 
186850     INFO  main            d.u.i.k.p.i.AbstractProblemLoader Creating init config 
189767     DEBUG main            d.u.i.k.p.i.AbstractProblemLoader Init config took 2.92s 
189787     INFO  main            d.u.i.k.p.i.AbstractProblemLoader Replaying proof allClausesLength4.key.proof 
189806     DEBUG main            d.u.i.k.p.i.IntermediateProofReplayer Proof replay took 16.15ms 
189807     DEBUG main            d.u.i.k.p.r.p.TestFile    ... success: reloaded. 
189808     INFO  main            d.u.i.k.p.r.p.TestFile    Now processing file /home/runner/work/key/key/key.core/../key.ui/examples/standard_key/prop_log/allClausesLength5.key 
189808     INFO  main            d.u.i.k.p.i.AbstractProblemLoader Loading environment from /home/runner/work/key/key/key.core/../key.ui/examples/standard_key/prop_log/allClausesLength5.key 
189808     DEBUG main            d.u.i.k.p.i.AbstractProblemLoader Environment load took 98.2ns 
189810     INFO  main            d.u.i.k.p.i.AbstractProblemLoader Creating init config 
192779     DEBUG main            d.u.i.k.p.i.AbstractProblemLoader Init config took 2.97s 
192796     INFO  main            d.u.i.k.p.i.AbstractProblemLoader Replaying proof allClausesLength5.key 
192798     DEBUG main            d.u.i.k.p.i.IntermediateProofReplayer Proof replay took 7.7ns 
193103     INFO  main            d.u.i.k.p.r.p.TestFile    ... finished proof: closed. 
193445     INFO  main            d.u.i.k.p.i.AbstractProblemLoader Loading environment from /home/runner/work/key/key/key.core/../key.ui/examples/standard_key/prop_log/allClausesLength5.key.proof 
193447     DEBUG main            d.u.i.k.p.i.AbstractProblemLoader Environment load took 2.45ms 
193450     INFO  main            d.u.i.k.p.i.AbstractProblemLoader Creating init config 
196335     DEBUG main            d.u.i.k.p.i.AbstractProblemLoader Init config took 2.88s 
196352     INFO  main            d.u.i.k.p.i.AbstractProblemLoader Replaying proof allClausesLength5.key.proof 
196404     DEBUG main            d.u.i.k.p.i.IntermediateProofReplayer Proof replay took 45.41ms 
196406     DEBUG main            d.u.i.k.p.r.p.TestFile    ... success: reloaded. 
196407     INFO  main            d.u.i.k.p.r.p.TestFile    Now processing file /home/runner/work/key/key/key.core/../key.ui/examples/standard_key/prop_log/doubleNeg.key 
196407     INFO  main            d.u.i.k.p.i.AbstractProblemLoader Loading environment from /home/runner/work/key/key/key.core/../key.ui/examples/standard_key/prop_log/doubleNeg.key 
196407     DEBUG main            d.u.i.k.p.i.AbstractProblemLoader Environment load took 202.1ns 
196408     INFO  main            d.u.i.k.p.i.AbstractProblemLoader Creating init config 
199403     DEBUG main            d.u.i.k.p.i.AbstractProblemLoader Init config took 2.99s 
199418     INFO  main            d.u.i.k.p.i.AbstractProblemLoader Replaying proof doubleNeg.key 
199420     DEBUG main            d.u.i.k.p.i.IntermediateProofReplayer Proof replay took 8.4ns 
199522     INFO  main            d.u.i.k.p.r.p.TestFile    ... finished proof: closed. 
199870     INFO  main            d.u.i.k.p.i.AbstractProblemLoader Loading environment from /home/runner/work/key/key/key.core/../key.ui/examples/standard_key/prop_log/doubleNeg.key.proof 
199870     DEBUG main            d.u.i.k.p.i.AbstractProblemLoader Environment load took 116.5ns 
199871     INFO  main            d.u.i.k.p.i.AbstractProblemLoader Creating init config 
202748     DEBUG main            d.u.i.k.p.i.AbstractProblemLoader Init config took 2.88s 
202764     INFO  main            d.u.i.k.p.i.AbstractProblemLoader Replaying proof doubleNeg.key.proof 
202767     DEBUG main            d.u.i.k.p.i.IntermediateProofReplayer Proof replay took 459.7ns 
202768     DEBUG main            d.u.i.k.p.r.p.TestFile    ... success: reloaded. 
202769     INFO  main            d.u.i.k.p.r.p.TestFile    Now processing file /home/runner/work/key/key/key.core/../key.ui/examples/standard_key/prop_log/liarsville.key 
202769     INFO  main            d.u.i.k.p.i.AbstractProblemLoader Loading environment from /home/runner/work/key/key/key.core/../key.ui/examples/standard_key/prop_log/liarsville.key 
202769     DEBUG main            d.u.i.k.p.i.AbstractProblemLoader Environment load took 201.4ns 
202770     INFO  main            d.u.i.k.p.i.AbstractProblemLoader Creating init config 
205731     DEBUG main            d.u.i.k.p.i.AbstractProblemLoader Init config took 2.96s 
205747     INFO  main            d.u.i.k.p.i.AbstractProblemLoader Replaying proof liarsville.key 
205748     DEBUG main            d.u.i.k.p.i.IntermediateProofReplayer Proof replay took 7.2ns 
205852     INFO  main            d.u.i.k.p.r.p.TestFile    ... finished proof: closed. 
206197     INFO  main            d.u.i.k.p.i.AbstractProblemLoader Loading environment from /home/runner/work/key/key/key.core/../key.ui/examples/standard_key/prop_log/liarsville.key.proof 
206197     DEBUG main            d.u.i.k.p.i.AbstractProblemLoader Environment load took 116.1ns 
206199     INFO  main            d.u.i.k.p.i.AbstractProblemLoader Creating init config 
209087     DEBUG main            d.u.i.k.p.i.AbstractProblemLoader Init config took 2.89s 
209105     INFO  main            d.u.i.k.p.i.AbstractProblemLoader Replaying proof liarsville.key.proof 
209112     DEBUG main            d.u.i.k.p.i.IntermediateProofReplayer Proof replay took 5.3ms 
209113     DEBUG main            d.u.i.k.p.r.p.TestFile    ... success: reloaded. 
209113     INFO  main            d.u.i.k.p.r.p.TestFile    Now processing file /home/runner/work/key/key/key.core/../key.ui/examples/standard_key/prop_log/simplest.key 
209114     INFO  main            d.u.i.k.p.i.AbstractProblemLoader Loading environment from /home/runner/work/key/key/key.core/../key.ui/examples/standard_key/prop_log/simplest.key 
209114     DEBUG main            d.u.i.k.p.i.AbstractProblemLoader Environment load took 117.8ns 
209115     INFO  main            d.u.i.k.p.i.AbstractProblemLoader Creating init config 
212028     DEBUG main            d.u.i.k.p.i.AbstractProblemLoader Init config took 2.91s 
212044     INFO  main            d.u.i.k.p.i.AbstractProblemLoader Replaying proof simplest.key 
212045     DEBUG main            d.u.i.k.p.i.IntermediateProofReplayer Proof replay took 8.9ns 
212147     INFO  main            d.u.i.k.p.r.p.TestFile    ... finished proof: closed. 
212496     INFO  main            d.u.i.k.p.i.AbstractProblemLoader Loading environment from /home/runner/work/key/key/key.core/../key.ui/examples/standard_key/prop_log/simplest.key.proof 
212496     DEBUG main            d.u.i.k.p.i.AbstractProblemLoader Environment load took 116.6ns 
212497     INFO  main            d.u.i.k.p.i.AbstractProblemLoader Creating init config 
215380     DEBUG main            d.u.i.k.p.i.AbstractProblemLoader Init config took 2.88s 
215395     INFO  main            d.u.i.k.p.i.AbstractProblemLoader Replaying proof simplest.key.proof 
215397     DEBUG main            d.u.i.k.p.i.IntermediateProofReplayer Proof replay took 120.8ns 
215398     DEBUG main            d.u.i.k.p.r.p.TestFile    ... success: reloaded. 
215398     INFO  main            d.u.i.k.p.r.p.TestFile    Now processing file /home/runner/work/key/key/key.core/../key.ui/examples/standard_key/prop_log/contraposition.key 
215398     INFO  main            d.u.i.k.p.i.AbstractProblemLoader Loading environment from /home/runner/work/key/key/key.core/../key.ui/examples/standard_key/prop_log/contraposition.key 
215398     DEBUG main            d.u.i.k.p.i.AbstractProblemLoader Environment load took 86.1ns 
215399     INFO  main            d.u.i.k.p.i.AbstractProblemLoader Creating init config 
218370     DEBUG main            d.u.i.k.p.i.AbstractProblemLoader Init config took 2.97s 
218386     INFO  main            d.u.i.k.p.i.AbstractProblemLoader Replaying proof contraposition.key 
218388     DEBUG main            d.u.i.k.p.i.IntermediateProofReplayer Proof replay took 8ns 
218491     INFO  main            d.u.i.k.p.r.p.TestFile    ... finished proof: closed. 
218848     INFO  main            d.u.i.k.p.i.AbstractProblemLoader Loading environment from /home/runner/work/key/key/key.core/../key.ui/examples/standard_key/prop_log/contraposition.key.proof 
218848     DEBUG main            d.u.i.k.p.i.AbstractProblemLoader Environment load took 121.5ns 
218850     INFO  main            d.u.i.k.p.i.AbstractProblemLoader Creating init config 
221780     DEBUG main            d.u.i.k.p.i.AbstractProblemLoader Init config took 2.93s 
221796     INFO  main            d.u.i.k.p.i.AbstractProblemLoader Replaying proof contraposition.key.proof 
221798     DEBUG main            d.u.i.k.p.i.IntermediateProofReplayer Proof replay took 667.6ns 
221799     DEBUG main            d.u.i.k.p.r.p.TestFile    ... success: reloaded. 
221800     INFO  main            d.u.i.k.p.r.p.TestFile    Now processing file /home/runner/work/key/key/key.core/../key.ui/examples/standard_key/quantifiers/elimination0.key 
221800     INFO  main            d.u.i.k.p.i.AbstractProblemLoader Loading environment from /home/runner/work/key/key/key.core/../key.ui/examples/standard_key/quantifiers/elimination0.key 
221800     DEBUG main            d.u.i.k.p.i.AbstractProblemLoader Environment load took 112.5ns 
221801     INFO  main            d.u.i.k.p.i.AbstractProblemLoader Creating init config 
224766     DEBUG main            d.u.i.k.p.i.AbstractProblemLoader Init config took 2.96s 
224782     INFO  main            d.u.i.k.p.i.AbstractProblemLoader Replaying proof elimination0.key 
224785     DEBUG main            d.u.i.k.p.i.IntermediateProofReplayer Proof replay took 9.3ns 
224887     INFO  main            d.u.i.k.p.r.p.TestFile    ... finished proof: closed. 
225253     INFO  main            d.u.i.k.p.i.AbstractProblemLoader Loading environment from /home/runner/work/key/key/key.core/../key.ui/examples/standard_key/quantifiers/elimination0.key.proof 
225253     DEBUG main            d.u.i.k.p.i.AbstractProblemLoader Environment load took 118ns 
225254     INFO  main            d.u.i.k.p.i.AbstractProblemLoader Creating init config 
228186     DEBUG main            d.u.i.k.p.i.AbstractProblemLoader Init config took 2.93s 
228202     INFO  main            d.u.i.k.p.i.AbstractProblemLoader Replaying proof elimination0.key.proof 
228205     DEBUG main            d.u.i.k.p.i.IntermediateProofReplayer Proof replay took 1.63ms 
228206     DEBUG main            d.u.i.k.p.r.p.TestFile    ... success: reloaded. 
228207     INFO  main            d.u.i.k.p.r.p.TestFile    Now processing file /home/runner/work/key/key/key.core/../key.ui/examples/standard_key/quantifiers/heuristic_PUZ001p1-eq.key 
228207     INFO  main            d.u.i.k.p.i.AbstractProblemLoader Loading environment from /home/runner/work/key/key/key.core/../key.ui/examples/standard_key/quantifiers/heuristic_PUZ001p1-eq.key 
228207     DEBUG main            d.u.i.k.p.i.AbstractProblemLoader Environment load took 107ns 
228209     INFO  main            d.u.i.k.p.i.AbstractProblemLoader Creating init config 
231307     DEBUG main            d.u.i.k.p.i.AbstractProblemLoader Init config took 3.1s 
231324     INFO  main            d.u.i.k.p.i.AbstractProblemLoader Replaying proof heuristic_PUZ001p1-eq.key 
231326     DEBUG main            d.u.i.k.p.i.IntermediateProofReplayer Proof replay took 7.9ns 
231431     INFO  main            d.u.i.k.p.r.p.TestFile    ... finished proof: closed. 
231796     INFO  main            d.u.i.k.p.i.AbstractProblemLoader Loading environment from /home/runner/work/key/key/key.core/../key.ui/examples/standard_key/quantifiers/heuristic_PUZ001p1-eq.key.proof 
231798     DEBUG main            d.u.i.k.p.i.AbstractProblemLoader Environment load took 1.64ms 
231800     INFO  main            d.u.i.k.p.i.AbstractProblemLoader Creating init config 
234728     DEBUG main            d.u.i.k.p.i.AbstractProblemLoader Init config took 2.93s 
234745     INFO  main            d.u.i.k.p.i.AbstractProblemLoader Replaying proof heuristic_PUZ001p1-eq.key.proof 
234761     DEBUG main            d.u.i.k.p.i.IntermediateProofReplayer Proof replay took 13.69ms 
234763     DEBUG main            d.u.i.k.p.r.p.TestFile    ... success: reloaded. 
234764     INFO  main            d.u.i.k.p.r.p.TestFile    Now processing file /home/runner/work/key/key/key.core/../key.ui/examples/standard_key/quantifiers/heuristic_PUZ001p1.key 
234764     INFO  main            d.u.i.k.p.i.AbstractProblemLoader Loading environment from /home/runner/work/key/key/key.core/../key.ui/examples/standard_key/quantifiers/heuristic_PUZ001p1.key 
234764     DEBUG main            d.u.i.k.p.i.AbstractProblemLoader Environment load took 119.8ns 
234768     INFO  main            d.u.i.k.p.i.AbstractProblemLoader Creating init config 
237759     DEBUG main            d.u.i.k.p.i.AbstractProblemLoader Init config took 2.99s 
237776     INFO  main            d.u.i.k.p.i.AbstractProblemLoader Replaying proof heuristic_PUZ001p1.key 
237778     DEBUG main            d.u.i.k.p.i.IntermediateProofReplayer Proof replay took 8.8ns 
239493     INFO  main            d.u.i.k.p.r.p.TestFile    ... finished proof: closed. 
239899     INFO  main            d.u.i.k.p.i.AbstractProblemLoader Loading environment from /home/runner/work/key/key/key.core/../key.ui/examples/standard_key/quantifiers/heuristic_PUZ001p1.key.proof 
239899     DEBUG main            d.u.i.k.p.i.AbstractProblemLoader Environment load took 480.3ns 
239901     INFO  main            d.u.i.k.p.i.AbstractProblemLoader Creating init config 
242789     DEBUG main            d.u.i.k.p.i.AbstractProblemLoader Init config took 2.89s 
242808     INFO  main            d.u.i.k.p.i.AbstractProblemLoader Replaying proof heuristic_PUZ001p1.key.proof 
242874     DEBUG main            d.u.i.k.p.i.IntermediateProofReplayer Proof replay took 61.48ms 
242876     DEBUG main            d.u.i.k.p.r.p.TestFile    ... success: reloaded. 
242876     INFO  main            d.u.i.k.p.r.p.TestFile    Now processing file /home/runner/work/key/key/key.core/../key.ui/examples/standard_key/quantifiers/heuristic_PUZ031p1.key 
242877     INFO  main            d.u.i.k.p.i.AbstractProblemLoader Loading environment from /home/runner/work/key/key/key.core/../key.ui/examples/standard_key/quantifiers/heuristic_PUZ031p1.key 
242877     DEBUG main            d.u.i.k.p.i.AbstractProblemLoader Environment load took 120.4ns 
242878     INFO  main            d.u.i.k.p.i.AbstractProblemLoader Creating init config 
245799     DEBUG main            d.u.i.k.p.i.AbstractProblemLoader Init config took 2.92s 
245817     INFO  main            d.u.i.k.p.i.AbstractProblemLoader Replaying proof heuristic_PUZ031p1.key 
245819     DEBUG main            d.u.i.k.p.i.IntermediateProofReplayer Proof replay took 8.4ns 
251797     INFO  main            d.u.i.k.p.r.p.TestFile    ... finished proof: closed. 
252233     INFO  main            d.u.i.k.p.i.AbstractProblemLoader Loading environment from /home/runner/work/key/key/key.core/../key.ui/examples/standard_key/quantifiers/heuristic_PUZ031p1.key.proof 
252237     DEBUG main            d.u.i.k.p.i.AbstractProblemLoader Environment load took 3.79ms 
252239     INFO  main            d.u.i.k.p.i.AbstractProblemLoader Creating init config 
255165     DEBUG main            d.u.i.k.p.i.AbstractProblemLoader Init config took 2.93s 
255183     INFO  main            d.u.i.k.p.i.AbstractProblemLoader Replaying proof heuristic_PUZ031p1.key.proof 
255254     DEBUG main            d.u.i.k.p.i.IntermediateProofReplayer Proof replay took 65.97ms 
255255     DEBUG main            d.u.i.k.p.r.p.TestFile    ... success: reloaded. 
255256     INFO  main            d.u.i.k.p.r.p.TestFile    Now processing file /home/runner/work/key/key/key.core/../key.ui/examples/standard_key/quantifiers/heuristic_SYN036p2.key 
255257     INFO  main            d.u.i.k.p.i.AbstractProblemLoader Loading environment from /home/runner/work/key/key/key.core/../key.ui/examples/standard_key/quantifiers/heuristic_SYN036p2.key 
255257     DEBUG main            d.u.i.k.p.i.AbstractProblemLoader Environment load took 106.8ns 
255258     INFO  main            d.u.i.k.p.i.AbstractProblemLoader Creating init config 
258187     DEBUG main            d.u.i.k.p.i.AbstractProblemLoader Init config took 2.93s 
258202     INFO  main            d.u.i.k.p.i.AbstractProblemLoader Replaying proof heuristic_SYN036p2.key 
258204     DEBUG main            d.u.i.k.p.i.IntermediateProofReplayer Proof replay took 8.1ns 
258515     INFO  main            d.u.i.k.p.r.p.TestFile    ... finished proof: closed. 
258946     INFO  main            d.u.i.k.p.i.AbstractProblemLoader Loading environment from /home/runner/work/key/key/key.core/../key.ui/examples/standard_key/quantifiers/heuristic_SYN036p2.key.proof 
258946     DEBUG main            d.u.i.k.p.i.AbstractProblemLoader Environment load took 392.6ns 
258948     INFO  main            d.u.i.k.p.i.AbstractProblemLoader Creating init config 
261805     DEBUG main            d.u.i.k.p.i.AbstractProblemLoader Init config took 2.86s 
261820     INFO  main            d.u.i.k.p.i.AbstractProblemLoader Replaying proof heuristic_SYN036p2.key.proof 
261904     DEBUG main            d.u.i.k.p.i.IntermediateProofReplayer Proof replay took 75.52ms 
261906     DEBUG main            d.u.i.k.p.r.p.TestFile    ... success: reloaded. 
261907     INFO  main            d.u.i.k.p.r.p.TestFile    Now processing file /home/runner/work/key/key/key.core/../key.ui/examples/standard_key/quantifiers/injectivity.key 
261907     INFO  main            d.u.i.k.p.i.AbstractProblemLoader Loading environment from /home/runner/work/key/key/key.core/../key.ui/examples/standard_key/quantifiers/injectivity.key 
261907     DEBUG main            d.u.i.k.p.i.AbstractProblemLoader Environment load took 108.6ns 
261908     INFO  main            d.u.i.k.p.i.AbstractProblemLoader Creating init config 
264825     DEBUG main            d.u.i.k.p.i.AbstractProblemLoader Init config took 2.92s 
264841     INFO  main            d.u.i.k.p.i.AbstractProblemLoader Replaying proof injectivity.key 
264842     DEBUG main            d.u.i.k.p.i.IntermediateProofReplayer Proof replay took 14ns 
264945     INFO  main            d.u.i.k.p.r.p.TestFile    ... finished proof: closed. 
265374     INFO  main            d.u.i.k.p.i.AbstractProblemLoader Loading environment from /home/runner/work/key/key/key.core/../key.ui/examples/standard_key/quantifiers/injectivity.key.proof 
265374     DEBUG main            d.u.i.k.p.i.AbstractProblemLoader Environment load took 121.7ns 
265377     INFO  main            d.u.i.k.p.i.AbstractProblemLoader Creating init config 
268271     DEBUG main            d.u.i.k.p.i.AbstractProblemLoader Init config took 2.89s 
268287     INFO  main            d.u.i.k.p.i.AbstractProblemLoader Replaying proof injectivity.key.proof 
268291     DEBUG main            d.u.i.k.p.i.IntermediateProofReplayer Proof replay took 2.41ms 
268292     DEBUG main            d.u.i.k.p.r.p.TestFile    ... success: reloaded. 
268293     INFO  main            d.u.i.k.p.r.p.TestFile    Now processing file /home/runner/work/key/key/key.core/../key.ui/examples/standard_key/quantifiers/normalisation0.key 
268293     INFO  main            d.u.i.k.p.i.AbstractProblemLoader Loading environment from /home/runner/work/key/key/key.core/../key.ui/examples/standard_key/quantifiers/normalisation0.key 
268294     DEBUG main            d.u.i.k.p.i.AbstractProblemLoader Environment load took 180.8ns 
268295     INFO  main            d.u.i.k.p.i.AbstractProblemLoader Creating init config 
271215     DEBUG main            d.u.i.k.p.i.AbstractProblemLoader Init config took 2.92s 
271230     INFO  main            d.u.i.k.p.i.AbstractProblemLoader Replaying proof normalisation0.key 
271232     DEBUG main            d.u.i.k.p.i.IntermediateProofReplayer Proof replay took 7.9ns 
271335     INFO  main            d.u.i.k.p.r.p.TestFile    ... finished proof: closed. 
271754     INFO  main            d.u.i.k.p.i.AbstractProblemLoader Loading environment from /home/runner/work/key/key/key.core/../key.ui/examples/standard_key/quantifiers/normalisation0.key.proof 
271754     DEBUG main            d.u.i.k.p.i.AbstractProblemLoader Environment load took 111.9ns 
271755     INFO  main            d.u.i.k.p.i.AbstractProblemLoader Creating init config 
274635     DEBUG main            d.u.i.k.p.i.AbstractProblemLoader Init config took 2.88s 
274651     INFO  main            d.u.i.k.p.i.AbstractProblemLoader Replaying proof normalisation0.key.proof 
274656     DEBUG main            d.u.i.k.p.i.IntermediateProofReplayer Proof replay took 2.78ms 
274657     DEBUG main            d.u.i.k.p.r.p.TestFile    ... success: reloaded. 
274658     INFO  main            d.u.i.k.p.r.p.TestFile    Now processing file /home/runner/work/key/key/key.core/../key.ui/examples/standard_key/quantifiers/normalisation1.key 
274658     INFO  main            d.u.i.k.p.i.AbstractProblemLoader Loading environment from /home/runner/work/key/key/key.core/../key.ui/examples/standard_key/quantifiers/normalisation1.key 
274658     DEBUG main            d.u.i.k.p.i.AbstractProblemLoader Environment load took 68.7ns 
274660     INFO  main            d.u.i.k.p.i.AbstractProblemLoader Creating init config 
277578     DEBUG main            d.u.i.k.p.i.AbstractProblemLoader Init config took 2.92s 
277617     INFO  main            d.u.i.k.p.i.AbstractProblemLoader Replaying proof normalisation1.key 
277619     DEBUG main            d.u.i.k.p.i.IntermediateProofReplayer Proof replay took 7.9ns 
277727     INFO  main            d.u.i.k.p.r.p.TestFile    ... finished proof: closed. 
278149     INFO  main            d.u.i.k.p.i.AbstractProblemLoader Loading environment from /home/runner/work/key/key/key.core/../key.ui/examples/standard_key/quantifiers/normalisation1.key.proof 
278150     DEBUG main            d.u.i.k.p.i.AbstractProblemLoader Environment load took 132.7ns 
278152     INFO  main            d.u.i.k.p.i.AbstractProblemLoader Creating init config 
281030     DEBUG main            d.u.i.k.p.i.AbstractProblemLoader Init config took 2.88s 
281061     INFO  main            d.u.i.k.p.i.AbstractProblemLoader Replaying proof normalisation1.key.proof 
281067     DEBUG main            d.u.i.k.p.i.IntermediateProofReplayer Proof replay took 4.19ms 
281068     DEBUG main            d.u.i.k.p.r.p.TestFile    ... success: reloaded. 
281069     INFO  main            d.u.i.k.p.r.p.TestFile    Now processing file /home/runner/work/key/key/key.core/../key.ui/examples/standard_key/quantifiers/normalisation2.key 
281069     INFO  main            d.u.i.k.p.i.AbstractProblemLoader Loading environment from /home/runner/work/key/key/key.core/../key.ui/examples/standard_key/quantifiers/normalisation2.key 
281069     DEBUG main            d.u.i.k.p.i.AbstractProblemLoader Environment load took 97.6ns 
281070     INFO  main            d.u.i.k.p.i.AbstractProblemLoader Creating init config 
283994     DEBUG main            d.u.i.k.p.i.AbstractProblemLoader Init config took 2.92s 
284018     INFO  main            d.u.i.k.p.i.AbstractProblemLoader Replaying proof normalisation2.key 
284020     DEBUG main            d.u.i.k.p.i.IntermediateProofReplayer Proof replay took 9.5ns 
284122     INFO  main            d.u.i.k.p.r.p.TestFile    ... finished proof: closed. 
284556     INFO  main            d.u.i.k.p.i.AbstractProblemLoader Loading environment from /home/runner/work/key/key/key.core/../key.ui/examples/standard_key/quantifiers/normalisation2.key.proof 
284556     DEBUG main            d.u.i.k.p.i.AbstractProblemLoader Environment load took 98.6ns 
284557     INFO  main            d.u.i.k.p.i.AbstractProblemLoader Creating init config 
287459     DEBUG main            d.u.i.k.p.i.AbstractProblemLoader Init config took 2.9s 
287475     INFO  main            d.u.i.k.p.i.AbstractProblemLoader Replaying proof normalisation2.key.proof 
287480     DEBUG main            d.u.i.k.p.i.IntermediateProofReplayer Proof replay took 2.84ms 
287481     DEBUG main            d.u.i.k.p.r.p.TestFile    ... success: reloaded. 
287482     INFO  main            d.u.i.k.p.r.p.TestFile    Now processing file /home/runner/work/key/key/key.core/../key.ui/examples/standard_key/quantifiers/normalisation3.key 
287483     INFO  main            d.u.i.k.p.i.AbstractProblemLoader Loading environment from /home/runner/work/key/key/key.core/../key.ui/examples/standard_key/quantifiers/normalisation3.key 
287483     DEBUG main            d.u.i.k.p.i.AbstractProblemLoader Environment load took 201.2ns 
287484     INFO  main            d.u.i.k.p.i.AbstractProblemLoader Creating init config 
290388     DEBUG main            d.u.i.k.p.i.AbstractProblemLoader Init config took 2.9s 
290406     INFO  main            d.u.i.k.p.i.AbstractProblemLoader Replaying proof normalisation3.key 
290408     DEBUG main            d.u.i.k.p.i.IntermediateProofReplayer Proof replay took 9.1ns 
290515     INFO  main            d.u.i.k.p.r.p.TestFile    ... finished proof: closed. 
290939     INFO  main            d.u.i.k.p.i.AbstractProblemLoader Loading environment from /home/runner/work/key/key/key.core/../key.ui/examples/standard_key/quantifiers/normalisation3.key.proof 
290939     DEBUG main            d.u.i.k.p.i.AbstractProblemLoader Environment load took 106.4ns 
290940     INFO  main            d.u.i.k.p.i.AbstractProblemLoader Creating init config 
293813     DEBUG main            d.u.i.k.p.i.AbstractProblemLoader Init config took 2.87s 
293829     INFO  main            d.u.i.k.p.i.AbstractProblemLoader Replaying proof normalisation3.key.proof 
293834     DEBUG main            d.u.i.k.p.i.IntermediateProofReplayer Proof replay took 2.93ms 
293835     DEBUG main            d.u.i.k.p.r.p.TestFile    ... success: reloaded. 
293836     INFO  main            d.u.i.k.p.r.p.TestFile    Now processing file /home/runner/work/key/key/key.core/../key.ui/examples/standard_key/quantifiers/normalisation4.key 
293836     INFO  main            d.u.i.k.p.i.AbstractProblemLoader Loading environment from /home/runner/work/key/key/key.core/../key.ui/examples/standard_key/quantifiers/normalisation4.key 
293836     DEBUG main            d.u.i.k.p.i.AbstractProblemLoader Environment load took 117.2ns 
293837     INFO  main            d.u.i.k.p.i.AbstractProblemLoader Creating init config 
296759     DEBUG main            d.u.i.k.p.i.AbstractProblemLoader Init config took 2.92s 
296774     INFO  main            d.u.i.k.p.i.AbstractProblemLoader Replaying proof normalisation4.key 
296776     DEBUG main            d.u.i.k.p.i.IntermediateProofReplayer Proof replay took 8.6ns 
296879     INFO  main            d.u.i.k.p.r.p.TestFile    ... finished proof: closed. 
297340     INFO  main            d.u.i.k.p.i.AbstractProblemLoader Loading environment from /home/runner/work/key/key/key.core/../key.ui/examples/standard_key/quantifiers/normalisation4.key.proof 
297340     DEBUG main            d.u.i.k.p.i.AbstractProblemLoader Environment load took 107.3ns 
297341     INFO  main            d.u.i.k.p.i.AbstractProblemLoader Creating init config 
300220     DEBUG main            d.u.i.k.p.i.AbstractProblemLoader Init config took 2.88s 
300235     INFO  main            d.u.i.k.p.i.AbstractProblemLoader Replaying proof normalisation4.key.proof 
300243     DEBUG main            d.u.i.k.p.i.IntermediateProofReplayer Proof replay took 5.79ms 
300244     DEBUG main            d.u.i.k.p.r.p.TestFile    ... success: reloaded. 
300245     INFO  main            d.u.i.k.p.r.p.TestFile    Now processing file /home/runner/work/key/key/key.core/../key.ui/examples/standard_key/quantifiers/normalisation5.key 
300245     INFO  main            d.u.i.k.p.i.AbstractProblemLoader Loading environment from /home/runner/work/key/key/key.core/../key.ui/examples/standard_key/quantifiers/normalisation5.key 
300245     DEBUG main            d.u.i.k.p.i.AbstractProblemLoader Environment load took 64.1ns 
300247     INFO  main            d.u.i.k.p.i.AbstractProblemLoader Creating init config 
303184     DEBUG main            d.u.i.k.p.i.AbstractProblemLoader Init config took 2.94s 
303200     INFO  main            d.u.i.k.p.i.AbstractProblemLoader Replaying proof normalisation5.key 
303201     DEBUG main            d.u.i.k.p.i.IntermediateProofReplayer Proof replay took 8.7ns 
303304     INFO  main            d.u.i.k.p.r.p.TestFile    ... finished proof: closed. 
303756     INFO  main            d.u.i.k.p.i.AbstractProblemLoader Loading environment from /home/runner/work/key/key/key.core/../key.ui/examples/standard_key/quantifiers/normalisation5.key.proof 
303756     DEBUG main            d.u.i.k.p.i.AbstractProblemLoader Environment load took 111.5ns 
303757     INFO  main            d.u.i.k.p.i.AbstractProblemLoader Creating init config 
306634     DEBUG main            d.u.i.k.p.i.AbstractProblemLoader Init config took 2.88s 
306650     INFO  main            d.u.i.k.p.i.AbstractProblemLoader Replaying proof normalisation5.key.proof 
306657     DEBUG main            d.u.i.k.p.i.IntermediateProofReplayer Proof replay took 4.94ms 
306658     DEBUG main            d.u.i.k.p.r.p.TestFile    ... success: reloaded. 
306659     INFO  main            d.u.i.k.p.r.p.TestFile    Now processing file /home/runner/work/key/key/key.core/../key.ui/examples/standard_key/quantifiers/normalisation6.key 
306659     INFO  main            d.u.i.k.p.i.AbstractProblemLoader Loading environment from /home/runner/work/key/key/key.core/../key.ui/examples/standard_key/quantifiers/normalisation6.key 
306660     DEBUG main            d.u.i.k.p.i.AbstractProblemLoader Environment load took 674.8ns 
306661     INFO  main            d.u.i.k.p.i.AbstractProblemLoader Creating init config 
309566     DEBUG main            d.u.i.k.p.i.AbstractProblemLoader Init config took 2.91s 
309582     INFO  main            d.u.i.k.p.i.AbstractProblemLoader Replaying proof normalisation6.key 
309584     DEBUG main            d.u.i.k.p.i.IntermediateProofReplayer Proof replay took 8.4ns 
309686     INFO  main            d.u.i.k.p.r.p.TestFile    ... finished proof: closed. 
310163     INFO  main            d.u.i.k.p.i.AbstractProblemLoader Loading environment from /home/runner/work/key/key/key.core/../key.ui/examples/standard_key/quantifiers/normalisation6.key.proof 
310164     DEBUG main            d.u.i.k.p.i.AbstractProblemLoader Environment load took 113.3ns 
310165     INFO  main            d.u.i.k.p.i.AbstractProblemLoader Creating init config 
313058     DEBUG main            d.u.i.k.p.i.AbstractProblemLoader Init config took 2.89s 
313074     INFO  main            d.u.i.k.p.i.AbstractProblemLoader Replaying proof normalisation6.key.proof 
313079     DEBUG main            d.u.i.k.p.i.IntermediateProofReplayer Proof replay took 3.11ms 
313080     DEBUG main            d.u.i.k.p.r.p.TestFile    ... success: reloaded. 
313081     INFO  main            d.u.i.k.p.r.p.TestFile    Now processing file /home/runner/work/key/key/key.core/../key.ui/examples/standard_key/quantifiers/normalisation7.key 
313082     INFO  main            d.u.i.k.p.i.AbstractProblemLoader Loading environment from /home/runner/work/key/key/key.core/../key.ui/examples/standard_key/quantifiers/normalisation7.key 
313082     DEBUG main            d.u.i.k.p.i.AbstractProblemLoader Environment load took 82.7ns 
313083     INFO  main            d.u.i.k.p.i.AbstractProblemLoader Creating init config 
316010     DEBUG main            d.u.i.k.p.i.AbstractProblemLoader Init config took 2.93s 
316025     INFO  main            d.u.i.k.p.i.AbstractProblemLoader Replaying proof normalisation7.key 
316027     DEBUG main            d.u.i.k.p.i.IntermediateProofReplayer Proof replay took 8.3ns 
316129     INFO  main            d.u.i.k.p.r.p.TestFile    ... finished proof: closed. 
316590     INFO  main            d.u.i.k.p.i.AbstractProblemLoader Loading environment from /home/runner/work/key/key/key.core/../key.ui/examples/standard_key/quantifiers/normalisation7.key.proof 
316590     DEBUG main            d.u.i.k.p.i.AbstractProblemLoader Environment load took 136.9ns 
316591     INFO  main            d.u.i.k.p.i.AbstractProblemLoader Creating init config 
319491     DEBUG main            d.u.i.k.p.i.AbstractProblemLoader Init config took 2.9s 
319512     INFO  main            d.u.i.k.p.i.AbstractProblemLoader Replaying proof normalisation7.key.proof 
319516     DEBUG main            d.u.i.k.p.i.IntermediateProofReplayer Proof replay took 2.58ms 
319517     DEBUG main            d.u.i.k.p.r.p.TestFile    ... success: reloaded. 
319518     INFO  main            d.u.i.k.p.r.p.TestFile    Now processing file /home/runner/work/key/key/key.core/../key.ui/examples/standard_key/quantifiers/normalisation8.key 
319519     INFO  main            d.u.i.k.p.i.AbstractProblemLoader Loading environment from /home/runner/work/key/key/key.core/../key.ui/examples/standard_key/quantifiers/normalisation8.key 
319519     DEBUG main            d.u.i.k.p.i.AbstractProblemLoader Environment load took 204.1ns 
319520     INFO  main            d.u.i.k.p.i.AbstractProblemLoader Creating init config 
322453     DEBUG main            d.u.i.k.p.i.AbstractProblemLoader Init config took 2.93s 
322469     INFO  main            d.u.i.k.p.i.AbstractProblemLoader Replaying proof normalisation8.key 
322471     DEBUG main            d.u.i.k.p.i.IntermediateProofReplayer Proof replay took 8ns 
322573     INFO  main            d.u.i.k.p.r.p.TestFile    ... finished proof: closed. 
323044     INFO  main            d.u.i.k.p.i.AbstractProblemLoader Loading environment from /home/runner/work/key/key/key.core/../key.ui/examples/standard_key/quantifiers/normalisation8.key.proof 
323044     DEBUG main            d.u.i.k.p.i.AbstractProblemLoader Environment load took 145.5ns 
323045     INFO  main            d.u.i.k.p.i.AbstractProblemLoader Creating init config 
325957     DEBUG main            d.u.i.k.p.i.AbstractProblemLoader Init config took 2.91s 
325973     INFO  main            d.u.i.k.p.i.AbstractProblemLoader Replaying proof normalisation8.key.proof 
325982     DEBUG main            d.u.i.k.p.i.IntermediateProofReplayer Proof replay took 7.39ms 
325983     DEBUG main            d.u.i.k.p.r.p.TestFile    ... success: reloaded. 
325984     INFO  main            d.u.i.k.p.r.p.TestFile    Now processing file /home/runner/work/key/key/key.core/../key.ui/examples/standard_key/quantifiers/normalisation9.key 
325985     INFO  main            d.u.i.k.p.i.AbstractProblemLoader Loading environment from /home/runner/work/key/key/key.core/../key.ui/examples/standard_key/quantifiers/normalisation9.key 
325985     DEBUG main            d.u.i.k.p.i.AbstractProblemLoader Environment load took 78.5ns 
325986     INFO  main            d.u.i.k.p.i.AbstractProblemLoader Creating init config 
328892     DEBUG main            d.u.i.k.p.i.AbstractProblemLoader Init config took 2.91s 
328910     INFO  main            d.u.i.k.p.i.AbstractProblemLoader Replaying proof normalisation9.key 
328911     DEBUG main            d.u.i.k.p.i.IntermediateProofReplayer Proof replay took 9.1ns 
329014     INFO  main            d.u.i.k.p.r.p.TestFile    ... finished proof: closed. 
329518     INFO  main            d.u.i.k.p.i.AbstractProblemLoader Loading environment from /home/runner/work/key/key/key.core/../key.ui/examples/standard_key/quantifiers/normalisation9.key.proof 
329518     DEBUG main            d.u.i.k.p.i.AbstractProblemLoader Environment load took 138.4ns 
329519     INFO  main            d.u.i.k.p.i.AbstractProblemLoader Creating init config 
332415     DEBUG main            d.u.i.k.p.i.AbstractProblemLoader Init config took 2.9s 
332432     INFO  main            d.u.i.k.p.i.AbstractProblemLoader Replaying proof normalisation9.key.proof 
332442     DEBUG main            d.u.i.k.p.i.IntermediateProofReplayer Proof replay took 8.07ms 
332444     DEBUG main            d.u.i.k.p.r.p.TestFile    ... success: reloaded. 
332444     INFO  main            d.u.i.k.p.r.p.TestFile    Now processing file /home/runner/work/key/key/key.core/../key.ui/examples/standard_key/quantifiers/normalisation10.key 
332445     INFO  main            d.u.i.k.p.i.AbstractProblemLoader Loading environment from /home/runner/work/key/key/key.core/../key.ui/examples/standard_key/quantifiers/normalisation10.key 
332445     DEBUG main            d.u.i.k.p.i.AbstractProblemLoader Environment load took 66.9ns 
332446     INFO  main            d.u.i.k.p.i.AbstractProblemLoader Creating init config 
335390     DEBUG main            d.u.i.k.p.i.AbstractProblemLoader Init config took 2.94s 
335405     INFO  main            d.u.i.k.p.i.AbstractProblemLoader Replaying proof normalisation10.key 
335407     DEBUG main            d.u.i.k.p.i.IntermediateProofReplayer Proof replay took 7.6ns 
335511     INFO  main            d.u.i.k.p.r.p.TestFile    ... finished proof: closed. 
336010     INFO  main            d.u.i.k.p.i.AbstractProblemLoader Loading environment from /home/runner/work/key/key/key.core/../key.ui/examples/standard_key/quantifiers/normalisation10.key.proof 
336011     DEBUG main            d.u.i.k.p.i.AbstractProblemLoader Environment load took 97.2ns 
336012     INFO  main            d.u.i.k.p.i.AbstractProblemLoader Creating init config 
338904     DEBUG main            d.u.i.k.p.i.AbstractProblemLoader Init config took 2.89s 
338921     INFO  main            d.u.i.k.p.i.AbstractProblemLoader Replaying proof normalisation10.key.proof 
338933     DEBUG main            d.u.i.k.p.i.IntermediateProofReplayer Proof replay took 6.6ms 
338934     DEBUG main            d.u.i.k.p.r.p.TestFile    ... success: reloaded. 
338935     INFO  main            d.u.i.k.p.r.p.TestFile    Now processing file /home/runner/work/key/key/key.core/../key.ui/examples/standard_key/quantifiers/normalisation12.key 
338935     INFO  main            d.u.i.k.p.i.AbstractProblemLoader Loading environment from /home/runner/work/key/key/key.core/../key.ui/examples/standard_key/quantifiers/normalisation12.key 
338935     DEBUG main            d.u.i.k.p.i.AbstractProblemLoader Environment load took 108.5ns 
338936     INFO  main            d.u.i.k.p.i.AbstractProblemLoader Creating init config 
341862     DEBUG main            d.u.i.k.p.i.AbstractProblemLoader Init config took 2.93s 
341877     INFO  main            d.u.i.k.p.i.AbstractProblemLoader Replaying proof normalisation12.key 
341879     DEBUG main            d.u.i.k.p.i.IntermediateProofReplayer Proof replay took 8.7ns 
341981     INFO  main            d.u.i.k.p.r.p.TestFile    ... finished proof: closed. 
342470     INFO  main            d.u.i.k.p.i.AbstractProblemLoader Loading environment from /home/runner/work/key/key/key.core/../key.ui/examples/standard_key/quantifiers/normalisation12.key.proof 
342470     DEBUG main            d.u.i.k.p.i.AbstractProblemLoader Environment load took 106.1ns 
342471     INFO  main            d.u.i.k.p.i.AbstractProblemLoader Creating init config 
345355     DEBUG main            d.u.i.k.p.i.AbstractProblemLoader Init config took 2.88s 
345371     INFO  main            d.u.i.k.p.i.AbstractProblemLoader Replaying proof normalisation12.key.proof 
345374     DEBUG main            d.u.i.k.p.i.IntermediateProofReplayer Proof replay took 1.56ms 
345375     DEBUG main            d.u.i.k.p.r.p.TestFile    ... success: reloaded. 
345376     INFO  main            d.u.i.k.p.r.p.TestFile    Now processing file /home/runner/work/key/key/key.core/../key.ui/examples/standard_key/quantifiers/normalisation13.key 
345376     INFO  main            d.u.i.k.p.i.AbstractProblemLoader Loading environment from /home/runner/work/key/key/key.core/../key.ui/examples/standard_key/quantifiers/normalisation13.key 
345376     DEBUG main            d.u.i.k.p.i.AbstractProblemLoader Environment load took 85.6ns 
345377     INFO  main            d.u.i.k.p.i.AbstractProblemLoader Creating init config 
348281     DEBUG main            d.u.i.k.p.i.AbstractProblemLoader Init config took 2.9s 
348297     INFO  main            d.u.i.k.p.i.AbstractProblemLoader Replaying proof normalisation13.key 
348299     DEBUG main            d.u.i.k.p.i.IntermediateProofReplayer Proof replay took 8.8ns 
348401     INFO  main            d.u.i.k.p.r.p.TestFile    ... finished proof: closed. 
348890     INFO  main            d.u.i.k.p.i.AbstractProblemLoader Loading environment from /home/runner/work/key/key/key.core/../key.ui/examples/standard_key/quantifiers/normalisation13.key.proof 
348890     DEBUG main            d.u.i.k.p.i.AbstractProblemLoader Environment load took 119.9ns 
348892     INFO  main            d.u.i.k.p.i.AbstractProblemLoader Creating init config 
351764     DEBUG main            d.u.i.k.p.i.AbstractProblemLoader Init config took 2.87s 
351780     INFO  main            d.u.i.k.p.i.AbstractProblemLoader Replaying proof normalisation13.key.proof 
351782     DEBUG main            d.u.i.k.p.i.IntermediateProofReplayer Proof replay took 740.5ns 
351783     DEBUG main            d.u.i.k.p.r.p.TestFile    ... success: reloaded. 
351785     INFO  main            d.u.i.k.p.r.p.TestFile    Now processing file /home/runner/work/key/key/key.core/../key.ui/examples/standard_key/quantifiers/triggers0.key 
351785     INFO  main            d.u.i.k.p.i.AbstractProblemLoader Loading environment from /home/runner/work/key/key/key.core/../key.ui/examples/standard_key/quantifiers/triggers0.key 
351785     DEBUG main            d.u.i.k.p.i.AbstractProblemLoader Environment load took 101.4ns 
351786     INFO  main            d.u.i.k.p.i.AbstractProblemLoader Creating init config 
354682     DEBUG main            d.u.i.k.p.i.AbstractProblemLoader Init config took 2.9s 
354698     INFO  main            d.u.i.k.p.i.AbstractProblemLoader Replaying proof triggers0.key 
354700     DEBUG main            d.u.i.k.p.i.IntermediateProofReplayer Proof replay took 8ns 
354802     INFO  main            d.u.i.k.p.r.p.TestFile    ... finished proof: closed. 
355306     INFO  main            d.u.i.k.p.i.AbstractProblemLoader Loading environment from /home/runner/work/key/key/key.core/../key.ui/examples/standard_key/quantifiers/triggers0.key.proof 
355306     DEBUG main            d.u.i.k.p.i.AbstractProblemLoader Environment load took 102.4ns 
355307     INFO  main            d.u.i.k.p.i.AbstractProblemLoader Creating init config 
358191     DEBUG main            d.u.i.k.p.i.AbstractProblemLoader Init config took 2.88s 
358206     INFO  main            d.u.i.k.p.i.AbstractProblemLoader Replaying proof triggers0.key.proof 
358210     DEBUG main            d.u.i.k.p.i.IntermediateProofReplayer Proof replay took 1.99ms 
358211     DEBUG main            d.u.i.k.p.r.p.TestFile    ... success: reloaded. 
4960593    INFO  Test worker     d.u.i.k.p.r.RunAllProofsTestUnit Returning from test FOL 
4960596    INFO  Test worker     d.u.i.k.p.r.RunAllProofsTestUnit Running test strings 
458        INFO  Timeout watchdog d.u.i.k.p.r.p.ForkedTestFileRunner Timeout watcher launched (2000 secs.) 
481        WARN  main            d.u.i.k.s.ProofSettings   The settings in /home/runner/.key/proof-settings.props are *not* read. 
527        INFO  main            d.u.i.k.p.r.p.TestFile    Now processing file /home/runner/work/key/key/key.core/../key.ui/examples/standard_key/strings/charAt0.key 
667        INFO  main            d.u.i.k.p.i.AbstractProblemLoader Loading environment from /home/runner/work/key/key/key.core/../key.ui/examples/standard_key/strings/charAt0.key 
688        DEBUG main            d.u.i.k.p.i.AbstractProblemLoader Environment load took 2.61ms 
1047       INFO  main            d.u.i.k.p.i.AbstractProblemLoader Creating init config 
2400       DEBUG main            d.u.i.k.j.TypeConverter   No LDT found for Meta 
2400       DEBUG main            d.u.i.k.j.TypeConverter   No LDT found for Meta 
2405       DEBUG main            d.u.i.k.j.TypeConverter   No LDT found for Meta 
2406       DEBUG main            d.u.i.k.j.TypeConverter   No LDT found for Meta 
4188       DEBUG main            d.u.i.k.j.TypeConverter   No LDT found for JavaBigintExpression 
10166      DEBUG main            d.u.i.k.p.i.AbstractProblemLoader Init config took 9.12s 
10272      INFO  main            d.u.i.k.p.i.AbstractProblemLoader Replaying proof charAt0.key 
10325      DEBUG main            d.u.i.k.p.i.IntermediateProofReplayer Proof replay took 45.3ns 
10818      INFO  main            d.u.i.k.p.r.p.TestFile    ... finished proof: closed. 
10943      INFO  main            d.u.i.k.p.i.AbstractProblemLoader Loading environment from /home/runner/work/key/key/key.core/../key.ui/examples/standard_key/strings/charAt0.key.proof 
10944      DEBUG main            d.u.i.k.p.i.AbstractProblemLoader Environment load took 457ns 
10950      INFO  main            d.u.i.k.p.i.AbstractProblemLoader Creating init config 
14397      DEBUG main            d.u.i.k.p.i.AbstractProblemLoader Init config took 3.45s 
14452      INFO  main            d.u.i.k.p.i.AbstractProblemLoader Replaying proof charAt0.key.proof 
14481      DEBUG main            d.u.i.k.p.i.IntermediateProofReplayer Proof replay took 22.75ms 
14496      DEBUG main            d.u.i.k.p.r.p.TestFile    ... success: reloaded. 
14497      INFO  main            d.u.i.k.p.r.p.TestFile    Now processing file /home/runner/work/key/key/key.core/../key.ui/examples/standard_key/strings/charAt1.key 
14498      INFO  main            d.u.i.k.p.i.AbstractProblemLoader Loading environment from /home/runner/work/key/key/key.core/../key.ui/examples/standard_key/strings/charAt1.key 
14498      DEBUG main            d.u.i.k.p.i.AbstractProblemLoader Environment load took 235.4ns 
14500      INFO  main            d.u.i.k.p.i.AbstractProblemLoader Creating init config 
17730      DEBUG main            d.u.i.k.p.i.AbstractProblemLoader Init config took 3.23s 
17770      INFO  main            d.u.i.k.p.i.AbstractProblemLoader Replaying proof charAt1.key 
17772      DEBUG main            d.u.i.k.p.i.IntermediateProofReplayer Proof replay took 9.1ns 
17980      INFO  main            d.u.i.k.p.r.p.TestFile    ... finished proof: closed. 
18145      INFO  main            d.u.i.k.p.i.AbstractProblemLoader Loading environment from /home/runner/work/key/key/key.core/../key.ui/examples/standard_key/strings/charAt1.key.proof 
18148      DEBUG main            d.u.i.k.p.i.AbstractProblemLoader Environment load took 2.43ms 
18151      INFO  main            d.u.i.k.p.i.AbstractProblemLoader Creating init config 
21269      DEBUG main            d.u.i.k.p.i.AbstractProblemLoader Init config took 3.12s 
21307      INFO  main            d.u.i.k.p.i.AbstractProblemLoader Replaying proof charAt1.key.proof 
21334      DEBUG main            d.u.i.k.p.i.IntermediateProofReplayer Proof replay took 22.87ms 
21336      DEBUG main            d.u.i.k.p.r.p.TestFile    ... success: reloaded. 
21337      INFO  main            d.u.i.k.p.r.p.TestFile    Now processing file /home/runner/work/key/key/key.core/../key.ui/examples/standard_key/strings/concat1.key 
21337      INFO  main            d.u.i.k.p.i.AbstractProblemLoader Loading environment from /home/runner/work/key/key/key.core/../key.ui/examples/standard_key/strings/concat1.key 
21338      DEBUG main            d.u.i.k.p.i.AbstractProblemLoader Environment load took 229.8ns 
21339      INFO  main            d.u.i.k.p.i.AbstractProblemLoader Creating init config 
24459      DEBUG main            d.u.i.k.p.i.AbstractProblemLoader Init config took 3.12s 
24487      INFO  main            d.u.i.k.p.i.AbstractProblemLoader Replaying proof concat1.key 
24490      DEBUG main            d.u.i.k.p.i.IntermediateProofReplayer Proof replay took 7.3ns 
24594      INFO  main            d.u.i.k.p.r.p.TestFile    ... finished proof: closed. 
24767      INFO  main            d.u.i.k.p.i.AbstractProblemLoader Loading environment from /home/runner/work/key/key/key.core/../key.ui/examples/standard_key/strings/concat1.key.proof 
24767      DEBUG main            d.u.i.k.p.i.AbstractProblemLoader Environment load took 429.7ns 
24772      INFO  main            d.u.i.k.p.i.AbstractProblemLoader Creating init config 
27831      DEBUG main            d.u.i.k.p.i.AbstractProblemLoader Init config took 3.06s 
27857      INFO  main            d.u.i.k.p.i.AbstractProblemLoader Replaying proof concat1.key.proof 
27862      DEBUG main            d.u.i.k.p.i.IntermediateProofReplayer Proof replay took 1.96ms 
27863      DEBUG main            d.u.i.k.p.r.p.TestFile    ... success: reloaded. 
27864      INFO  main            d.u.i.k.p.r.p.TestFile    Now processing file /home/runner/work/key/key/key.core/../key.ui/examples/standard_key/strings/concat2.key 
27864      INFO  main            d.u.i.k.p.i.AbstractProblemLoader Loading environment from /home/runner/work/key/key/key.core/../key.ui/examples/standard_key/strings/concat2.key 
27864      DEBUG main            d.u.i.k.p.i.AbstractProblemLoader Environment load took 127.6ns 
27865      INFO  main            d.u.i.k.p.i.AbstractProblemLoader Creating init config 
30983      DEBUG main            d.u.i.k.p.i.AbstractProblemLoader Init config took 3.12s 
31008      INFO  main            d.u.i.k.p.i.AbstractProblemLoader Replaying proof concat2.key 
31010      DEBUG main            d.u.i.k.p.i.IntermediateProofReplayer Proof replay took 20.3ns 
31113      INFO  main            d.u.i.k.p.r.p.TestFile    ... finished proof: closed. 
31284      INFO  main            d.u.i.k.p.i.AbstractProblemLoader Loading environment from /home/runner/work/key/key/key.core/../key.ui/examples/standard_key/strings/concat2.key.proof 
31284      DEBUG main            d.u.i.k.p.i.AbstractProblemLoader Environment load took 160ns 
31285      INFO  main            d.u.i.k.p.i.AbstractProblemLoader Creating init config 
34332      DEBUG main            d.u.i.k.p.i.AbstractProblemLoader Init config took 3.05s 
34356      INFO  main            d.u.i.k.p.i.AbstractProblemLoader Replaying proof concat2.key.proof 
34372      DEBUG main            d.u.i.k.p.i.IntermediateProofReplayer Proof replay took 13.67ms 
34374      DEBUG main            d.u.i.k.p.r.p.TestFile    ... success: reloaded. 
34374      INFO  main            d.u.i.k.p.r.p.TestFile    Now processing file /home/runner/work/key/key/key.core/../key.ui/examples/standard_key/strings/deriveLength1.key 
34375      INFO  main            d.u.i.k.p.i.AbstractProblemLoader Loading environment from /home/runner/work/key/key/key.core/../key.ui/examples/standard_key/strings/deriveLength1.key 
34375      DEBUG main            d.u.i.k.p.i.AbstractProblemLoader Environment load took 129.4ns 
34376      INFO  main            d.u.i.k.p.i.AbstractProblemLoader Creating init config 
37427      DEBUG main            d.u.i.k.p.i.AbstractProblemLoader Init config took 3.05s 
37455      INFO  main            d.u.i.k.p.i.AbstractProblemLoader Replaying proof deriveLength1.key 
37457      DEBUG main            d.u.i.k.p.i.IntermediateProofReplayer Proof replay took 9ns 
37563      INFO  main            d.u.i.k.p.r.p.TestFile    ... finished proof: closed. 
37755      INFO  main            d.u.i.k.p.i.AbstractProblemLoader Loading environment from /home/runner/work/key/key/key.core/../key.ui/examples/standard_key/strings/deriveLength1.key.proof 
37755      DEBUG main            d.u.i.k.p.i.AbstractProblemLoader Environment load took 537.8ns 
37758      INFO  main            d.u.i.k.p.i.AbstractProblemLoader Creating init config 
40753      DEBUG main            d.u.i.k.p.i.AbstractProblemLoader Init config took 3s 
40778      INFO  main            d.u.i.k.p.i.AbstractProblemLoader Replaying proof deriveLength1.key.proof 
40801      DEBUG main            d.u.i.k.p.i.IntermediateProofReplayer Proof replay took 18.82ms 
40805      DEBUG main            d.u.i.k.p.r.p.TestFile    ... success: reloaded. 
40807      INFO  main            d.u.i.k.p.r.p.TestFile    Now processing file /home/runner/work/key/key/key.core/../key.ui/examples/standard_key/strings/emptyStringLengthZero.key 
40808      INFO  main            d.u.i.k.p.i.AbstractProblemLoader Loading environment from /home/runner/work/key/key/key.core/../key.ui/examples/standard_key/strings/emptyStringLengthZero.key 
40808      DEBUG main            d.u.i.k.p.i.AbstractProblemLoader Environment load took 582.4ns 
40810      INFO  main            d.u.i.k.p.i.AbstractProblemLoader Creating init config 
43854      DEBUG main            d.u.i.k.p.i.AbstractProblemLoader Init config took 3.04s 
43877      INFO  main            d.u.i.k.p.i.AbstractProblemLoader Replaying proof emptyStringLengthZero.key 
43879      DEBUG main            d.u.i.k.p.i.IntermediateProofReplayer Proof replay took 8.8ns 
43983      INFO  main            d.u.i.k.p.r.p.TestFile    ... finished proof: closed. 
44186      INFO  main            d.u.i.k.p.i.AbstractProblemLoader Loading environment from /home/runner/work/key/key/key.core/../key.ui/examples/standard_key/strings/emptyStringLengthZero.key.proof 
44186      DEBUG main            d.u.i.k.p.i.AbstractProblemLoader Environment load took 558.2ns 
44188      INFO  main            d.u.i.k.p.i.AbstractProblemLoader Creating init config 
47203      DEBUG main            d.u.i.k.p.i.AbstractProblemLoader Init config took 3.01s 
47224      INFO  main            d.u.i.k.p.i.AbstractProblemLoader Replaying proof emptyStringLengthZero.key.proof 
47231      DEBUG main            d.u.i.k.p.i.IntermediateProofReplayer Proof replay took 4.6ms 
47232      DEBUG main            d.u.i.k.p.r.p.TestFile    ... success: reloaded. 
47233      INFO  main            d.u.i.k.p.r.p.TestFile    Now processing file /home/runner/work/key/key/key.core/../key.ui/examples/standard_key/strings/implicitBooleanStringConversion.key 
47233      INFO  main            d.u.i.k.p.i.AbstractProblemLoader Loading environment from /home/runner/work/key/key/key.core/../key.ui/examples/standard_key/strings/implicitBooleanStringConversion.key 
47233      DEBUG main            d.u.i.k.p.i.AbstractProblemLoader Environment load took 213.5ns 
47235      INFO  main            d.u.i.k.p.i.AbstractProblemLoader Creating init config 
50237      DEBUG main            d.u.i.k.p.i.AbstractProblemLoader Init config took 3s 
50262      INFO  main            d.u.i.k.p.i.AbstractProblemLoader Replaying proof implicitBooleanStringConversion.key 
50264      DEBUG main            d.u.i.k.p.i.IntermediateProofReplayer Proof replay took 8.7ns 
51502      INFO  main            d.u.i.k.p.r.p.TestFile    ... finished proof: closed. 
51736      INFO  main            d.u.i.k.p.i.AbstractProblemLoader Loading environment from /home/runner/work/key/key/key.core/../key.ui/examples/standard_key/strings/implicitBooleanStringConversion.key.proof 
51737      DEBUG main            d.u.i.k.p.i.AbstractProblemLoader Environment load took 706.3ns 
51739      INFO  main            d.u.i.k.p.i.AbstractProblemLoader Creating init config 
54749      DEBUG main            d.u.i.k.p.i.AbstractProblemLoader Init config took 3.01s 
54773      INFO  main            d.u.i.k.p.i.AbstractProblemLoader Replaying proof implicitBooleanStringConversion.key.proof 
54930      DEBUG main            d.u.i.k.p.i.IntermediateProofReplayer Proof replay took 150.41ms 
54931      DEBUG main            d.u.i.k.p.r.p.TestFile    ... success: reloaded. 
54932      INFO  main            d.u.i.k.p.r.p.TestFile    Now processing file /home/runner/work/key/key/key.core/../key.ui/examples/standard_key/strings/implicitBooleanStringConversion2.key 
54933      INFO  main            d.u.i.k.p.i.AbstractProblemLoader Loading environment from /home/runner/work/key/key/key.core/../key.ui/examples/standard_key/strings/implicitBooleanStringConversion2.key 
54933      DEBUG main            d.u.i.k.p.i.AbstractProblemLoader Environment load took 215.9ns 
54934      INFO  main            d.u.i.k.p.i.AbstractProblemLoader Creating init config 
57951      DEBUG main            d.u.i.k.p.i.AbstractProblemLoader Init config took 3.02s 
57974      INFO  main            d.u.i.k.p.i.AbstractProblemLoader Replaying proof implicitBooleanStringConversion2.key 
57977      DEBUG main            d.u.i.k.p.i.IntermediateProofReplayer Proof replay took 7.4ns 
58480      INFO  main            d.u.i.k.p.r.p.TestFile    ... finished proof: closed. 
58802      INFO  main            d.u.i.k.p.i.AbstractProblemLoader Loading environment from /home/runner/work/key/key/key.core/../key.ui/examples/standard_key/strings/implicitBooleanStringConversion2.key.proof 
58802      DEBUG main            d.u.i.k.p.i.AbstractProblemLoader Environment load took 415.7ns 
58804      INFO  main            d.u.i.k.p.i.AbstractProblemLoader Creating init config 
61750      DEBUG main            d.u.i.k.p.i.AbstractProblemLoader Init config took 2.95s 
61776      INFO  main            d.u.i.k.p.i.AbstractProblemLoader Replaying proof implicitBooleanStringConversion2.key.proof 
61836      DEBUG main            d.u.i.k.p.i.IntermediateProofReplayer Proof replay took 56.18ms 
61838      DEBUG main            d.u.i.k.p.r.p.TestFile    ... success: reloaded. 
61839      INFO  main            d.u.i.k.p.r.p.TestFile    Now processing file /home/runner/work/key/key/key.core/../key.ui/examples/standard_key/strings/implicitIntStringConversion.key 
61842      INFO  main            d.u.i.k.p.i.AbstractProblemLoader Loading environment from /home/runner/work/key/key/key.core/../key.ui/examples/standard_key/strings/implicitIntStringConversion.key 
61842      DEBUG main            d.u.i.k.p.i.AbstractProblemLoader Environment load took 156.7ns 
61843      INFO  main            d.u.i.k.p.i.AbstractProblemLoader Creating init config 
64836      DEBUG main            d.u.i.k.p.i.AbstractProblemLoader Init config took 2.99s 
64857      INFO  main            d.u.i.k.p.i.AbstractProblemLoader Replaying proof implicitIntStringConversion.key 
64859      DEBUG main            d.u.i.k.p.i.IntermediateProofReplayer Proof replay took 9.1ns 
65864      INFO  main            d.u.i.k.p.r.p.TestFile    ... finished proof: closed. 
66104      INFO  main            d.u.i.k.p.i.AbstractProblemLoader Loading environment from /home/runner/work/key/key/key.core/../key.ui/examples/standard_key/strings/implicitIntStringConversion.key.proof 
66104      DEBUG main            d.u.i.k.p.i.AbstractProblemLoader Environment load took 143.4ns 
66105      INFO  main            d.u.i.k.p.i.AbstractProblemLoader Creating init config 
69020      DEBUG main            d.u.i.k.p.i.AbstractProblemLoader Init config took 2.92s 
69050      INFO  main            d.u.i.k.p.i.AbstractProblemLoader Replaying proof implicitIntStringConversion.key.proof 
69150      DEBUG main            d.u.i.k.p.i.IntermediateProofReplayer Proof replay took 93.49ms 
69151      DEBUG main            d.u.i.k.p.r.p.TestFile    ... success: reloaded. 
69152      INFO  main            d.u.i.k.p.r.p.TestFile    Now processing file /home/runner/work/key/key/key.core/../key.ui/examples/standard_key/strings/implicitNullStringConversion.key 
69153      INFO  main            d.u.i.k.p.i.AbstractProblemLoader Loading environment from /home/runner/work/key/key/key.core/../key.ui/examples/standard_key/strings/implicitNullStringConversion.key 
69153      DEBUG main            d.u.i.k.p.i.AbstractProblemLoader Environment load took 181.1ns 
69154      INFO  main            d.u.i.k.p.i.AbstractProblemLoader Creating init config 
72192      DEBUG main            d.u.i.k.p.i.AbstractProblemLoader Init config took 3.04s 
72215      INFO  main            d.u.i.k.p.i.AbstractProblemLoader Replaying proof implicitNullStringConversion.key 
72217      DEBUG main            d.u.i.k.p.i.IntermediateProofReplayer Proof replay took 8.3ns 
72623      INFO  main            d.u.i.k.p.r.p.TestFile    ... finished proof: closed. 
72879      INFO  main            d.u.i.k.p.i.AbstractProblemLoader Loading environment from /home/runner/work/key/key/key.core/../key.ui/examples/standard_key/strings/implicitNullStringConversion.key.proof 
72880      DEBUG main            d.u.i.k.p.i.AbstractProblemLoader Environment load took 1.21ms 
72882      INFO  main            d.u.i.k.p.i.AbstractProblemLoader Creating init config 
75803      DEBUG main            d.u.i.k.p.i.AbstractProblemLoader Init config took 2.92s 
75826      INFO  main            d.u.i.k.p.i.AbstractProblemLoader Replaying proof implicitNullStringConversion.key.proof 
75875      DEBUG main            d.u.i.k.p.i.IntermediateProofReplayer Proof replay took 45.48ms 
75877      DEBUG main            d.u.i.k.p.r.p.TestFile    ... success: reloaded. 
75878      INFO  main            d.u.i.k.p.r.p.TestFile    Now processing file /home/runner/work/key/key/key.core/../key.ui/examples/standard_key/strings/implicitNullStringConversion2.key 
75878      INFO  main            d.u.i.k.p.i.AbstractProblemLoader Loading environment from /home/runner/work/key/key/key.core/../key.ui/examples/standard_key/strings/implicitNullStringConversion2.key 
75878      DEBUG main            d.u.i.k.p.i.AbstractProblemLoader Environment load took 219.7ns 
75880      INFO  main            d.u.i.k.p.i.AbstractProblemLoader Creating init config 
78900      DEBUG main            d.u.i.k.p.i.AbstractProblemLoader Init config took 3.02s 
78923      INFO  main            d.u.i.k.p.i.AbstractProblemLoader Replaying proof implicitNullStringConversion2.key 
78925      DEBUG main            d.u.i.k.p.i.IntermediateProofReplayer Proof replay took 8.6ns 
79131      INFO  main            d.u.i.k.p.r.p.TestFile    ... finished proof: closed. 
79396      INFO  main            d.u.i.k.p.i.AbstractProblemLoader Loading environment from /home/runner/work/key/key/key.core/../key.ui/examples/standard_key/strings/implicitNullStringConversion2.key.proof 
79397      DEBUG main            d.u.i.k.p.i.AbstractProblemLoader Environment load took 1.21ms 
79399      INFO  main            d.u.i.k.p.i.AbstractProblemLoader Creating init config 
82286      DEBUG main            d.u.i.k.p.i.AbstractProblemLoader Init config took 2.89s 
82306      INFO  main            d.u.i.k.p.i.AbstractProblemLoader Replaying proof implicitNullStringConversion2.key.proof 
82341      DEBUG main            d.u.i.k.p.i.IntermediateProofReplayer Proof replay took 31.29ms 
82342      DEBUG main            d.u.i.k.p.r.p.TestFile    ... success: reloaded. 
82343      INFO  main            d.u.i.k.p.r.p.TestFile    Now processing file /home/runner/work/key/key/key.core/../key.ui/examples/standard_key/strings/implicitObjectStringConversion.key 
82343      INFO  main            d.u.i.k.p.i.AbstractProblemLoader Loading environment from /home/runner/work/key/key/key.core/../key.ui/examples/standard_key/strings/implicitObjectStringConversion.key 
82343      DEBUG main            d.u.i.k.p.i.AbstractProblemLoader Environment load took 119.6ns 
82345      INFO  main            d.u.i.k.p.i.AbstractProblemLoader Creating init config 
85584      DEBUG main            d.u.i.k.p.i.AbstractProblemLoader Init config took 3.24s 
85603      INFO  main            d.u.i.k.p.i.AbstractProblemLoader Replaying proof implicitObjectStringConversion.key 
85606      DEBUG main            d.u.i.k.p.i.IntermediateProofReplayer Proof replay took 8.6ns 
86217      INFO  main            d.u.i.k.p.r.p.TestFile    ... finished proof: closed. 
86519      INFO  main            d.u.i.k.p.i.AbstractProblemLoader Loading environment from /home/runner/work/key/key/key.core/../key.ui/examples/standard_key/strings/implicitObjectStringConversion.key.proof 
86519      DEBUG main            d.u.i.k.p.i.AbstractProblemLoader Environment load took 163.4ns 
86521      INFO  main            d.u.i.k.p.i.AbstractProblemLoader Creating init config 
89636      DEBUG main            d.u.i.k.p.i.AbstractProblemLoader Init config took 3.11s 
89662      INFO  main            d.u.i.k.p.i.AbstractProblemLoader Replaying proof implicitObjectStringConversion.key.proof 
89768      DEBUG main            d.u.i.k.p.i.IntermediateProofReplayer Proof replay took 102.21ms 
89770      DEBUG main            d.u.i.k.p.r.p.TestFile    ... success: reloaded. 
89771      INFO  main            d.u.i.k.p.r.p.TestFile    Now processing file /home/runner/work/key/key/key.core/../key.ui/examples/standard_key/strings/literalEquality.key 
89771      INFO  main            d.u.i.k.p.i.AbstractProblemLoader Loading environment from /home/runner/work/key/key/key.core/../key.ui/examples/standard_key/strings/literalEquality.key 
89772      DEBUG main            d.u.i.k.p.i.AbstractProblemLoader Environment load took 127.2ns 
89773      INFO  main            d.u.i.k.p.i.AbstractProblemLoader Creating init config 
92775      DEBUG main            d.u.i.k.p.i.AbstractProblemLoader Init config took 3s 
92793      INFO  main            d.u.i.k.p.i.AbstractProblemLoader Replaying proof literalEquality.key 
92795      DEBUG main            d.u.i.k.p.i.IntermediateProofReplayer Proof replay took 8.1ns 
92897      INFO  main            d.u.i.k.p.r.p.TestFile    ... finished proof: closed. 
93199      INFO  main            d.u.i.k.p.i.AbstractProblemLoader Loading environment from /home/runner/work/key/key/key.core/../key.ui/examples/standard_key/strings/literalEquality.key.proof 
93199      DEBUG main            d.u.i.k.p.i.AbstractProblemLoader Environment load took 137.2ns 
93201      INFO  main            d.u.i.k.p.i.AbstractProblemLoader Creating init config 
96114      DEBUG main            d.u.i.k.p.i.AbstractProblemLoader Init config took 2.91s 
96133      INFO  main            d.u.i.k.p.i.AbstractProblemLoader Replaying proof literalEquality.key.proof 
96139      DEBUG main            d.u.i.k.p.i.IntermediateProofReplayer Proof replay took 3.4ms 
96140      DEBUG main            d.u.i.k.p.r.p.TestFile    ... success: reloaded. 
96141      INFO  main            d.u.i.k.p.r.p.TestFile    Now processing file /home/runner/work/key/key/key.core/../key.ui/examples/standard_key/strings/replace0.key 
96141      INFO  main            d.u.i.k.p.i.AbstractProblemLoader Loading environment from /home/runner/work/key/key/key.core/../key.ui/examples/standard_key/strings/replace0.key 
96141      DEBUG main            d.u.i.k.p.i.AbstractProblemLoader Environment load took 208.6ns 
96142      INFO  main            d.u.i.k.p.i.AbstractProblemLoader Creating init config 
99106      DEBUG main            d.u.i.k.p.i.AbstractProblemLoader Init config took 2.96s 
99122      INFO  main            d.u.i.k.p.i.AbstractProblemLoader Replaying proof replace0.key 
99124      DEBUG main            d.u.i.k.p.i.IntermediateProofReplayer Proof replay took 8ns 
99230      INFO  main            d.u.i.k.p.r.p.TestFile    ... finished proof: closed. 
99489      INFO  main            d.u.i.k.p.i.AbstractProblemLoader Loading environment from /home/runner/work/key/key/key.core/../key.ui/examples/standard_key/strings/replace0.key.proof 
99489      DEBUG main            d.u.i.k.p.i.AbstractProblemLoader Environment load took 139.7ns 
99490      INFO  main            d.u.i.k.p.i.AbstractProblemLoader Creating init config 
102351     DEBUG main            d.u.i.k.p.i.AbstractProblemLoader Init config took 2.86s 
102369     INFO  main            d.u.i.k.p.i.AbstractProblemLoader Replaying proof replace0.key.proof 
102377     DEBUG main            d.u.i.k.p.i.IntermediateProofReplayer Proof replay took 6.13ms 
102378     DEBUG main            d.u.i.k.p.r.p.TestFile    ... success: reloaded. 
102379     INFO  main            d.u.i.k.p.r.p.TestFile    Now processing file /home/runner/work/key/key/key.core/../key.ui/examples/standard_key/strings/replace1.key 
102379     INFO  main            d.u.i.k.p.i.AbstractProblemLoader Loading environment from /home/runner/work/key/key/key.core/../key.ui/examples/standard_key/strings/replace1.key 
102379     DEBUG main            d.u.i.k.p.i.AbstractProblemLoader Environment load took 114.4ns 
102380     INFO  main            d.u.i.k.p.i.AbstractProblemLoader Creating init config 
105387     DEBUG main            d.u.i.k.p.i.AbstractProblemLoader Init config took 3.01s 
105403     INFO  main            d.u.i.k.p.i.AbstractProblemLoader Replaying proof replace1.key 
105405     DEBUG main            d.u.i.k.p.i.IntermediateProofReplayer Proof replay took 9.1ns 
105508     INFO  main            d.u.i.k.p.r.p.TestFile    ... finished proof: closed. 
105767     INFO  main            d.u.i.k.p.i.AbstractProblemLoader Loading environment from /home/runner/work/key/key/key.core/../key.ui/examples/standard_key/strings/replace1.key.proof 
105767     DEBUG main            d.u.i.k.p.i.AbstractProblemLoader Environment load took 142.2ns 
105768     INFO  main            d.u.i.k.p.i.AbstractProblemLoader Creating init config 
108676     DEBUG main            d.u.i.k.p.i.AbstractProblemLoader Init config took 2.91s 
108699     INFO  main            d.u.i.k.p.i.AbstractProblemLoader Replaying proof replace1.key.proof 
108716     DEBUG main            d.u.i.k.p.i.IntermediateProofReplayer Proof replay took 12.2ms 
108718     DEBUG main            d.u.i.k.p.r.p.TestFile    ... success: reloaded. 
108719     INFO  main            d.u.i.k.p.r.p.TestFile    Now processing file /home/runner/work/key/key/key.core/../key.ui/examples/standard_key/strings/simpleAssignment.key 
108719     INFO  main            d.u.i.k.p.i.AbstractProblemLoader Loading environment from /home/runner/work/key/key/key.core/../key.ui/examples/standard_key/strings/simpleAssignment.key 
108719     DEBUG main            d.u.i.k.p.i.AbstractProblemLoader Environment load took 301.8ns 
108721     INFO  main            d.u.i.k.p.i.AbstractProblemLoader Creating init config 
111704     DEBUG main            d.u.i.k.p.i.AbstractProblemLoader Init config took 2.98s 
111721     INFO  main            d.u.i.k.p.i.AbstractProblemLoader Replaying proof simpleAssignment.key 
111723     DEBUG main            d.u.i.k.p.i.IntermediateProofReplayer Proof replay took 7.6ns 
111825     INFO  main            d.u.i.k.p.r.p.TestFile    ... finished proof: closed. 
112092     INFO  main            d.u.i.k.p.i.AbstractProblemLoader Loading environment from /home/runner/work/key/key/key.core/../key.ui/examples/standard_key/strings/simpleAssignment.key.proof 
112092     DEBUG main            d.u.i.k.p.i.AbstractProblemLoader Environment load took 129.2ns 
112094     INFO  main            d.u.i.k.p.i.AbstractProblemLoader Creating init config 
114960     DEBUG main            d.u.i.k.p.i.AbstractProblemLoader Init config took 2.87s 
114978     INFO  main            d.u.i.k.p.i.AbstractProblemLoader Replaying proof simpleAssignment.key.proof 
114986     DEBUG main            d.u.i.k.p.i.IntermediateProofReplayer Proof replay took 3.33ms 
114987     DEBUG main            d.u.i.k.p.r.p.TestFile    ... success: reloaded. 
114988     INFO  main            d.u.i.k.p.r.p.TestFile    Now processing file /home/runner/work/key/key/key.core/../key.ui/examples/standard_key/strings/simpleLengthComp.key 
114988     INFO  main            d.u.i.k.p.i.AbstractProblemLoader Loading environment from /home/runner/work/key/key/key.core/../key.ui/examples/standard_key/strings/simpleLengthComp.key 
114988     DEBUG main            d.u.i.k.p.i.AbstractProblemLoader Environment load took 123.1ns 
114990     INFO  main            d.u.i.k.p.i.AbstractProblemLoader Creating init config 
117977     DEBUG main            d.u.i.k.p.i.AbstractProblemLoader Init config took 2.99s 
117996     INFO  main            d.u.i.k.p.i.AbstractProblemLoader Replaying proof simpleLengthComp.key 
118000     DEBUG main            d.u.i.k.p.i.IntermediateProofReplayer Proof replay took 8.8ns 
118203     INFO  main            d.u.i.k.p.r.p.TestFile    ... finished proof: closed. 
118478     INFO  main            d.u.i.k.p.i.AbstractProblemLoader Loading environment from /home/runner/work/key/key/key.core/../key.ui/examples/standard_key/strings/simpleLengthComp.key.proof 
118478     DEBUG main            d.u.i.k.p.i.AbstractProblemLoader Environment load took 153ns 
118480     INFO  main            d.u.i.k.p.i.AbstractProblemLoader Creating init config 
121365     DEBUG main            d.u.i.k.p.i.AbstractProblemLoader Init config took 2.89s 
121384     INFO  main            d.u.i.k.p.i.AbstractProblemLoader Replaying proof simpleLengthComp.key.proof 
121423     DEBUG main            d.u.i.k.p.i.IntermediateProofReplayer Proof replay took 36.51ms 
121427     DEBUG main            d.u.i.k.p.r.p.TestFile    ... success: reloaded. 
121429     INFO  main            d.u.i.k.p.r.p.TestFile    Now processing file /home/runner/work/key/key/key.core/../key.ui/examples/standard_key/strings/stringCompileTimeConstant1.key 
121429     INFO  main            d.u.i.k.p.i.AbstractProblemLoader Loading environment from /home/runner/work/key/key/key.core/../key.ui/examples/standard_key/strings/stringCompileTimeConstant1.key 
121429     DEBUG main            d.u.i.k.p.i.AbstractProblemLoader Environment load took 128.6ns 
121430     INFO  main            d.u.i.k.p.i.AbstractProblemLoader Creating init config 
124384     DEBUG main            d.u.i.k.p.i.AbstractProblemLoader Init config took 2.95s 
124402     INFO  main            d.u.i.k.p.i.AbstractProblemLoader Replaying proof stringCompileTimeConstant1.key 
124403     DEBUG main            d.u.i.k.p.i.IntermediateProofReplayer Proof replay took 8.8ns 
124506     INFO  main            d.u.i.k.p.r.p.TestFile    ... finished proof: closed. 
124789     INFO  main            d.u.i.k.p.i.AbstractProblemLoader Loading environment from /home/runner/work/key/key/key.core/../key.ui/examples/standard_key/strings/stringCompileTimeConstant1.key.proof 
124789     DEBUG main            d.u.i.k.p.i.AbstractProblemLoader Environment load took 124ns 
124790     INFO  main            d.u.i.k.p.i.AbstractProblemLoader Creating init config 
127643     DEBUG main            d.u.i.k.p.i.AbstractProblemLoader Init config took 2.85s 
127661     INFO  main            d.u.i.k.p.i.AbstractProblemLoader Replaying proof stringCompileTimeConstant1.key.proof 
127668     DEBUG main            d.u.i.k.p.i.IntermediateProofReplayer Proof replay took 4.22ms 
127669     DEBUG main            d.u.i.k.p.r.p.TestFile    ... success: reloaded. 
127670     INFO  main            d.u.i.k.p.r.p.TestFile    Now processing file /home/runner/work/key/key/key.core/../key.ui/examples/standard_key/strings/stringCompileTimeConstant2.key 
127670     INFO  main            d.u.i.k.p.i.AbstractProblemLoader Loading environment from /home/runner/work/key/key/key.core/../key.ui/examples/standard_key/strings/stringCompileTimeConstant2.key 
127670     DEBUG main            d.u.i.k.p.i.AbstractProblemLoader Environment load took 116.9ns 
127671     INFO  main            d.u.i.k.p.i.AbstractProblemLoader Creating init config 
130766     DEBUG main            d.u.i.k.p.i.AbstractProblemLoader Init config took 3.1s 
130784     INFO  main            d.u.i.k.p.i.AbstractProblemLoader Replaying proof stringCompileTimeConstant2.key 
130786     DEBUG main            d.u.i.k.p.i.IntermediateProofReplayer Proof replay took 8.2ns 
134300     INFO  main            d.u.i.k.p.r.p.TestFile    ... finished proof: closed. 
134619     INFO  main            d.u.i.k.p.i.AbstractProblemLoader Loading environment from /home/runner/work/key/key/key.core/../key.ui/examples/standard_key/strings/stringCompileTimeConstant2.key.proof 
134624     DEBUG main            d.u.i.k.p.i.AbstractProblemLoader Environment load took 5.61ms 
134626     INFO  main            d.u.i.k.p.i.AbstractProblemLoader Creating init config 
137684     DEBUG main            d.u.i.k.p.i.AbstractProblemLoader Init config took 3.06s 
137701     INFO  main            d.u.i.k.p.i.AbstractProblemLoader Replaying proof stringCompileTimeConstant2.key.proof 
138148     DEBUG main            d.u.i.k.p.i.IntermediateProofReplayer Proof replay took 434.91ms 
138150     DEBUG main            d.u.i.k.p.r.p.TestFile    ... success: reloaded. 
138152     INFO  main            d.u.i.k.p.r.p.TestFile    Now processing file /home/runner/work/key/key/key.core/../key.ui/examples/standard_key/strings/stringEquality1.key 
138152     INFO  main            d.u.i.k.p.i.AbstractProblemLoader Loading environment from /home/runner/work/key/key/key.core/../key.ui/examples/standard_key/strings/stringEquality1.key 
138152     DEBUG main            d.u.i.k.p.i.AbstractProblemLoader Environment load took 110.9ns 
138153     INFO  main            d.u.i.k.p.i.AbstractProblemLoader Creating init config 
141011     DEBUG main            d.u.i.k.p.i.AbstractProblemLoader Init config took 2.86s 
141028     INFO  main            d.u.i.k.p.i.AbstractProblemLoader Replaying proof stringEquality1.key 
141029     DEBUG main            d.u.i.k.p.i.IntermediateProofReplayer Proof replay took 8.8ns 
141134     INFO  main            d.u.i.k.p.r.p.TestFile    ... finished proof: closed. 
141486     INFO  main            d.u.i.k.p.i.AbstractProblemLoader Loading environment from /home/runner/work/key/key/key.core/../key.ui/examples/standard_key/strings/stringEquality1.key.proof 
141486     DEBUG main            d.u.i.k.p.i.AbstractProblemLoader Environment load took 134.6ns 
141487     INFO  main            d.u.i.k.p.i.AbstractProblemLoader Creating init config 
144315     DEBUG main            d.u.i.k.p.i.AbstractProblemLoader Init config took 2.83s 
144332     INFO  main            d.u.i.k.p.i.AbstractProblemLoader Replaying proof stringEquality1.key.proof 
144345     DEBUG main            d.u.i.k.p.i.IntermediateProofReplayer Proof replay took 10.35ms 
144346     DEBUG main            d.u.i.k.p.r.p.TestFile    ... success: reloaded. 
144347     INFO  main            d.u.i.k.p.r.p.TestFile    Now processing file /home/runner/work/key/key/key.core/../key.ui/examples/standard_key/strings/stringEquality2.key 
144347     INFO  main            d.u.i.k.p.i.AbstractProblemLoader Loading environment from /home/runner/work/key/key/key.core/../key.ui/examples/standard_key/strings/stringEquality2.key 
144347     DEBUG main            d.u.i.k.p.i.AbstractProblemLoader Environment load took 112.8ns 
144348     INFO  main            d.u.i.k.p.i.AbstractProblemLoader Creating init config 
147217     DEBUG main            d.u.i.k.p.i.AbstractProblemLoader Init config took 2.87s 
147233     INFO  main            d.u.i.k.p.i.AbstractProblemLoader Replaying proof stringEquality2.key 
147235     DEBUG main            d.u.i.k.p.i.IntermediateProofReplayer Proof replay took 9.6ns 
147739     INFO  main            d.u.i.k.p.r.p.TestFile    ... finished proof: closed. 
148071     INFO  main            d.u.i.k.p.i.AbstractProblemLoader Loading environment from /home/runner/work/key/key/key.core/../key.ui/examples/standard_key/strings/stringEquality2.key.proof 
148072     DEBUG main            d.u.i.k.p.i.AbstractProblemLoader Environment load took 582.6ns 
148073     INFO  main            d.u.i.k.p.i.AbstractProblemLoader Creating init config 
150939     DEBUG main            d.u.i.k.p.i.AbstractProblemLoader Init config took 2.87s 
150955     INFO  main            d.u.i.k.p.i.AbstractProblemLoader Replaying proof stringEquality2.key.proof 
151040     DEBUG main            d.u.i.k.p.i.IntermediateProofReplayer Proof replay took 79ms 
151041     DEBUG main            d.u.i.k.p.r.p.TestFile    ... success: reloaded. 
151042     INFO  main            d.u.i.k.p.r.p.TestFile    Now processing file /home/runner/work/key/key/key.core/../key.ui/examples/standard_key/strings/substring0.key 
151042     INFO  main            d.u.i.k.p.i.AbstractProblemLoader Loading environment from /home/runner/work/key/key/key.core/../key.ui/examples/standard_key/strings/substring0.key 
151042     DEBUG main            d.u.i.k.p.i.AbstractProblemLoader Environment load took 105.5ns 
151043     INFO  main            d.u.i.k.p.i.AbstractProblemLoader Creating init config 
153932     DEBUG main            d.u.i.k.p.i.AbstractProblemLoader Init config took 2.89s 
153948     INFO  main            d.u.i.k.p.i.AbstractProblemLoader Replaying proof substring0.key 
153950     DEBUG main            d.u.i.k.p.i.IntermediateProofReplayer Proof replay took 9.2ns 
154058     INFO  main            d.u.i.k.p.r.p.TestFile    ... finished proof: closed. 
154376     INFO  main            d.u.i.k.p.i.AbstractProblemLoader Loading environment from /home/runner/work/key/key/key.core/../key.ui/examples/standard_key/strings/substring0.key.proof 
154376     DEBUG main            d.u.i.k.p.i.AbstractProblemLoader Environment load took 123.7ns 
154381     INFO  main            d.u.i.k.p.i.AbstractProblemLoader Creating init config 
157243     DEBUG main            d.u.i.k.p.i.AbstractProblemLoader Init config took 2.86s 
157261     INFO  main            d.u.i.k.p.i.AbstractProblemLoader Replaying proof substring0.key.proof 
157264     DEBUG main            d.u.i.k.p.i.IntermediateProofReplayer Proof replay took 538ns 
157265     DEBUG main            d.u.i.k.p.r.p.TestFile    ... success: reloaded. 
157266     INFO  main            d.u.i.k.p.r.p.TestFile    Now processing file /home/runner/work/key/key/key.core/../key.ui/examples/standard_key/strings/substring1.key 
157266     INFO  main            d.u.i.k.p.i.AbstractProblemLoader Loading environment from /home/runner/work/key/key/key.core/../key.ui/examples/standard_key/strings/substring1.key 
157266     DEBUG main            d.u.i.k.p.i.AbstractProblemLoader Environment load took 281.4ns 
157267     INFO  main            d.u.i.k.p.i.AbstractProblemLoader Creating init config 
160232     DEBUG main            d.u.i.k.p.i.AbstractProblemLoader Init config took 2.96s 
160250     INFO  main            d.u.i.k.p.i.AbstractProblemLoader Replaying proof substring1.key 
160252     DEBUG main            d.u.i.k.p.i.IntermediateProofReplayer Proof replay took 8.8ns 
160354     INFO  main            d.u.i.k.p.r.p.TestFile    ... finished proof: closed. 
160680     INFO  main            d.u.i.k.p.i.AbstractProblemLoader Loading environment from /home/runner/work/key/key/key.core/../key.ui/examples/standard_key/strings/substring1.key.proof 
160680     DEBUG main            d.u.i.k.p.i.AbstractProblemLoader Environment load took 125.1ns 
160685     INFO  main            d.u.i.k.p.i.AbstractProblemLoader Creating init config 
163542     DEBUG main            d.u.i.k.p.i.AbstractProblemLoader Init config took 2.86s 
163560     INFO  main            d.u.i.k.p.i.AbstractProblemLoader Replaying proof substring1.key.proof 
163562     DEBUG main            d.u.i.k.p.i.IntermediateProofReplayer Proof replay took 551.2ns 
163563     DEBUG main            d.u.i.k.p.r.p.TestFile    ... success: reloaded. 
163563     INFO  main            d.u.i.k.p.r.p.TestFile    Now processing file /home/runner/work/key/key/key.core/../key.ui/examples/standard_key/strings/substring2.key 
163564     INFO  main            d.u.i.k.p.i.AbstractProblemLoader Loading environment from /home/runner/work/key/key/key.core/../key.ui/examples/standard_key/strings/substring2.key 
163564     DEBUG main            d.u.i.k.p.i.AbstractProblemLoader Environment load took 71.5ns 
163565     INFO  main            d.u.i.k.p.i.AbstractProblemLoader Creating init config 
166452     DEBUG main            d.u.i.k.p.i.AbstractProblemLoader Init config took 2.89s 
166469     INFO  main            d.u.i.k.p.i.AbstractProblemLoader Replaying proof substring2.key 
166471     DEBUG main            d.u.i.k.p.i.IntermediateProofReplayer Proof replay took 10.3ns 
166573     INFO  main            d.u.i.k.p.r.p.TestFile    ... finished proof: closed. 
166889     INFO  main            d.u.i.k.p.i.AbstractProblemLoader Loading environment from /home/runner/work/key/key/key.core/../key.ui/examples/standard_key/strings/substring2.key.proof 
166889     DEBUG main            d.u.i.k.p.i.AbstractProblemLoader Environment load took 118.9ns 
166891     INFO  main            d.u.i.k.p.i.AbstractProblemLoader Creating init config 
169703     DEBUG main            d.u.i.k.p.i.AbstractProblemLoader Init config took 2.81s 
169719     INFO  main            d.u.i.k.p.i.AbstractProblemLoader Replaying proof substring2.key.proof 
169723     DEBUG main            d.u.i.k.p.i.IntermediateProofReplayer Proof replay took 1.24ms 
169724     DEBUG main            d.u.i.k.p.r.p.TestFile    ... success: reloaded. 
169724     INFO  main            d.u.i.k.p.r.p.TestFile    Now processing file /home/runner/work/key/key/key.core/../key.ui/examples/standard_key/strings/substring3.key 
169725     INFO  main            d.u.i.k.p.i.AbstractProblemLoader Loading environment from /home/runner/work/key/key/key.core/../key.ui/examples/standard_key/strings/substring3.key 
169725     DEBUG main            d.u.i.k.p.i.AbstractProblemLoader Environment load took 93.8ns 
169726     INFO  main            d.u.i.k.p.i.AbstractProblemLoader Creating init config 
172699     DEBUG main            d.u.i.k.p.i.AbstractProblemLoader Init config took 2.97s 
172716     INFO  main            d.u.i.k.p.i.AbstractProblemLoader Replaying proof substring3.key 
172717     DEBUG main            d.u.i.k.p.i.IntermediateProofReplayer Proof replay took 8.5ns 
172820     INFO  main            d.u.i.k.p.r.p.TestFile    ... finished proof: closed. 
173153     INFO  main            d.u.i.k.p.i.AbstractProblemLoader Loading environment from /home/runner/work/key/key/key.core/../key.ui/examples/standard_key/strings/substring3.key.proof 
173153     DEBUG main            d.u.i.k.p.i.AbstractProblemLoader Environment load took 128.4ns 
173154     INFO  main            d.u.i.k.p.i.AbstractProblemLoader Creating init config 
175994     DEBUG main            d.u.i.k.p.i.AbstractProblemLoader Init config took 2.84s 
176009     INFO  main            d.u.i.k.p.i.AbstractProblemLoader Replaying proof substring3.key.proof 
176015     DEBUG main            d.u.i.k.p.i.IntermediateProofReplayer Proof replay took 3.44ms 
176016     DEBUG main            d.u.i.k.p.r.p.TestFile    ... success: reloaded. 
176017     INFO  main            d.u.i.k.p.r.p.TestFile    Now processing file /home/runner/work/key/key/key.core/../key.ui/examples/standard_key/strings/substring4.key 
176017     INFO  main            d.u.i.k.p.i.AbstractProblemLoader Loading environment from /home/runner/work/key/key/key.core/../key.ui/examples/standard_key/strings/substring4.key 
176018     DEBUG main            d.u.i.k.p.i.AbstractProblemLoader Environment load took 354.8ns 
176019     INFO  main            d.u.i.k.p.i.AbstractProblemLoader Creating init config 
178920     DEBUG main            d.u.i.k.p.i.AbstractProblemLoader Init config took 2.9s 
178935     INFO  main            d.u.i.k.p.i.AbstractProblemLoader Replaying proof substring4.key 
178936     DEBUG main            d.u.i.k.p.i.IntermediateProofReplayer Proof replay took 29.8ns 
179039     INFO  main            d.u.i.k.p.r.p.TestFile    ... finished proof: closed. 
179395     INFO  main            d.u.i.k.p.i.AbstractProblemLoader Loading environment from /home/runner/work/key/key/key.core/../key.ui/examples/standard_key/strings/substring4.key.proof 
179395     DEBUG main            d.u.i.k.p.i.AbstractProblemLoader Environment load took 238.8ns 
179397     INFO  main            d.u.i.k.p.i.AbstractProblemLoader Creating init config 
182218     DEBUG main            d.u.i.k.p.i.AbstractProblemLoader Init config took 2.82s 
182237     INFO  main            d.u.i.k.p.i.AbstractProblemLoader Replaying proof substring4.key.proof 
182247     DEBUG main            d.u.i.k.p.i.IntermediateProofReplayer Proof replay took 5.42ms 
182248     DEBUG main            d.u.i.k.p.r.p.TestFile    ... success: reloaded. 
182250     INFO  main            d.u.i.k.p.r.p.TestFile    Now processing file /home/runner/work/key/key/key.core/../key.ui/examples/standard_key/strings/substring5.key 
182250     INFO  main            d.u.i.k.p.i.AbstractProblemLoader Loading environment from /home/runner/work/key/key/key.core/../key.ui/examples/standard_key/strings/substring5.key 
182251     DEBUG main            d.u.i.k.p.i.AbstractProblemLoader Environment load took 264.3ns 
182252     INFO  main            d.u.i.k.p.i.AbstractProblemLoader Creating init config 
185131     DEBUG main            d.u.i.k.p.i.AbstractProblemLoader Init config took 2.88s 
185148     INFO  main            d.u.i.k.p.i.AbstractProblemLoader Replaying proof substring5.key 
185149     DEBUG main            d.u.i.k.p.i.IntermediateProofReplayer Proof replay took 9.2ns 
185459     INFO  main            d.u.i.k.p.r.p.TestFile    ... finished proof: closed. 
185817     INFO  main            d.u.i.k.p.i.AbstractProblemLoader Loading environment from /home/runner/work/key/key/key.core/../key.ui/examples/standard_key/strings/substring5.key.proof 
185817     DEBUG main            d.u.i.k.p.i.AbstractProblemLoader Environment load took 388.9ns 
185819     INFO  main            d.u.i.k.p.i.AbstractProblemLoader Creating init config 
188647     DEBUG main            d.u.i.k.p.i.AbstractProblemLoader Init config took 2.83s 
188663     INFO  main            d.u.i.k.p.i.AbstractProblemLoader Replaying proof substring5.key.proof 
188706     DEBUG main            d.u.i.k.p.i.IntermediateProofReplayer Proof replay took 39.12ms 
188708     DEBUG main            d.u.i.k.p.r.p.TestFile    ... success: reloaded. 
5149535    INFO  Test worker     d.u.i.k.p.r.RunAllProofsTestUnit Returning from test strings 
5149536    INFO  Test worker     d.u.i.k.p.r.RunAllProofsTestUnit Running test simple_info_flow 
461        INFO  Timeout watchdog d.u.i.k.p.r.p.ForkedTestFileRunner Timeout watcher launched (2000 secs.) 
482        WARN  main            d.u.i.k.s.ProofSettings   The settings in /home/runner/.key/proof-settings.props are *not* read. 
537        INFO  main            d.u.i.k.p.r.p.TestFile    Now processing file /home/runner/work/key/key/key.core/../key.ui/examples/heap/information_flow/UpdateAbstraction_ex7_1_insecure.key 
687        INFO  main            d.u.i.k.p.i.AbstractProblemLoader Loading environment from /home/runner/work/key/key/key.core/../key.ui/examples/heap/information_flow/UpdateAbstraction_ex7_1_insecure.key 
708        DEBUG main            d.u.i.k.p.i.AbstractProblemLoader Environment load took 2.28ms 
992        INFO  main            d.u.i.k.p.i.AbstractProblemLoader Creating init config 
2198       DEBUG main            d.u.i.k.j.TypeConverter   No LDT found for Meta 
2198       DEBUG main            d.u.i.k.j.TypeConverter   No LDT found for Meta 
2200       DEBUG main            d.u.i.k.j.TypeConverter   No LDT found for Meta 
2200       DEBUG main            d.u.i.k.j.TypeConverter   No LDT found for Meta 
3782       DEBUG main            d.u.i.k.j.TypeConverter   No LDT found for JavaBigintExpression 
10725      DEBUG main            d.u.i.k.p.i.AbstractProblemLoader Init config took 9.73s 
10886      INFO  main            d.u.i.k.p.i.AbstractProblemLoader Replaying proof UpdateAbstraction[UpdateAbstraction::ex7_1_insecure()].JML operation contract.0 
10932      DEBUG main            d.u.i.k.p.i.IntermediateProofReplayer Proof replay took 43ns 
11632      INFO  main            d.u.i.k.p.r.p.TestFile    ... finished proof: open goal(s) 
11781      INFO  main            d.u.i.k.p.r.p.TestFile    Now processing file /home/runner/work/key/key/key.core/../key.ui/examples/heap/information_flow/UpdateAbstraction_ex7_2_insecure.key 
11788      INFO  main            d.u.i.k.p.i.AbstractProblemLoader Loading environment from /home/runner/work/key/key/key.core/../key.ui/examples/heap/information_flow/UpdateAbstraction_ex7_2_insecure.key 
11788      DEBUG main            d.u.i.k.p.i.AbstractProblemLoader Environment load took 295.8ns 
11790      INFO  main            d.u.i.k.p.i.AbstractProblemLoader Creating init config 
15943      DEBUG main            d.u.i.k.p.i.AbstractProblemLoader Init config took 4.15s 
16033      INFO  main            d.u.i.k.p.i.AbstractProblemLoader Replaying proof UpdateAbstraction[UpdateAbstraction::ex7_2_insecure()].JML operation contract.0 
16036      DEBUG main            d.u.i.k.p.i.IntermediateProofReplayer Proof replay took 8.7ns 
16444      INFO  main            d.u.i.k.p.r.p.TestFile    ... finished proof: open goal(s) 
5166359    INFO  Test worker     d.u.i.k.p.r.RunAllProofsTestUnit Returning from test simple_info_flow 
5166360    INFO  Test worker     d.u.i.k.p.r.RunAllProofsTestUnit Running test modelMethods 
452        INFO  Timeout watchdog d.u.i.k.p.r.p.ForkedTestFileRunner Timeout watcher launched (2000 secs.) 
481        WARN  main            d.u.i.k.s.ProofSettings   The settings in /home/runner/.key/proof-settings.props are *not* read. 
540        INFO  main            d.u.i.k.p.r.p.TestFile    Now processing file /home/runner/work/key/key/key.core/../key.ui/examples/heap/model_methods/Cell_footprint_acc.key 
705        INFO  main            d.u.i.k.p.i.AbstractProblemLoader Loading environment from /home/runner/work/key/key/key.core/../key.ui/examples/heap/model_methods/Cell_footprint_acc.key 
730        DEBUG main            d.u.i.k.p.i.AbstractProblemLoader Environment load took 2.32ms 
1075       INFO  main            d.u.i.k.p.i.AbstractProblemLoader Creating init config 
2276       DEBUG main            d.u.i.k.j.TypeConverter   No LDT found for Meta 
2277       DEBUG main            d.u.i.k.j.TypeConverter   No LDT found for Meta 
2281       DEBUG main            d.u.i.k.j.TypeConverter   No LDT found for Meta 
2281       DEBUG main            d.u.i.k.j.TypeConverter   No LDT found for Meta 
4187       DEBUG main            d.u.i.k.j.TypeConverter   No LDT found for JavaBigintExpression 
11205      DEBUG main            d.u.i.k.p.i.AbstractProblemLoader Init config took 10.13s 
11438      INFO  main            d.u.i.k.p.i.AbstractProblemLoader Replaying proof Cell[Cell::footprint()].JML accessible clause.0 
11488      DEBUG main            d.u.i.k.p.i.IntermediateProofReplayer Proof replay took 43.2ns 
12227      INFO  main            d.u.i.k.p.r.p.TestFile    ... finished proof: closed. 
12375      INFO  main            d.u.i.k.p.i.AbstractProblemLoader Loading environment from /home/runner/work/key/key/key.core/../key.ui/examples/heap/model_methods/Cell_footprint_acc.key.proof 
12376      DEBUG main            d.u.i.k.p.i.AbstractProblemLoader Environment load took 505.9ns 
12381      INFO  main            d.u.i.k.p.i.AbstractProblemLoader Creating init config 
16325      DEBUG main            d.u.i.k.p.i.AbstractProblemLoader Init config took 3.94s 
16466      INFO  main            d.u.i.k.p.i.AbstractProblemLoader Replaying proof Cell[Cell::footprint()].JML accessible clause.0 
16569      DEBUG main            d.u.i.k.p.i.IntermediateProofReplayer Proof replay took 90.15ms 
16581      DEBUG main            d.u.i.k.p.r.p.TestFile    ... success: reloaded. 
16589      INFO  main            d.u.i.k.p.r.p.TestFile    Now processing file /home/runner/work/key/key/key.core/../key.ui/examples/heap/model_methods/Cell_footprint.key 
16590      INFO  main            d.u.i.k.p.i.AbstractProblemLoader Loading environment from /home/runner/work/key/key/key.core/../key.ui/examples/heap/model_methods/Cell_footprint.key 
16590      DEBUG main            d.u.i.k.p.i.AbstractProblemLoader Environment load took 250.1ns 
16594      INFO  main            d.u.i.k.p.i.AbstractProblemLoader Creating init config 
20373      DEBUG main            d.u.i.k.p.i.AbstractProblemLoader Init config took 3.78s 
20463      INFO  main            d.u.i.k.p.i.AbstractProblemLoader Replaying proof Cell[Cell::footprint()].JML model_behavior operation contract.0 
20466      DEBUG main            d.u.i.k.p.i.IntermediateProofReplayer Proof replay took 8.2ns 
20569      INFO  main            d.u.i.k.p.r.p.TestFile    ... finished proof: closed. 
20733      INFO  main            d.u.i.k.p.i.AbstractProblemLoader Loading environment from /home/runner/work/key/key/key.core/../key.ui/examples/heap/model_methods/Cell_footprint.key.proof 
20733      DEBUG main            d.u.i.k.p.i.AbstractProblemLoader Environment load took 166.7ns 
20735      INFO  main            d.u.i.k.p.i.AbstractProblemLoader Creating init config 
24320      DEBUG main            d.u.i.k.p.i.AbstractProblemLoader Init config took 3.59s 
24408      INFO  main            d.u.i.k.p.i.AbstractProblemLoader Replaying proof Cell[Cell::footprint()].JML model_behavior operation contract.0 
24421      DEBUG main            d.u.i.k.p.i.IntermediateProofReplayer Proof replay took 10.11ms 
24423      DEBUG main            d.u.i.k.p.r.p.TestFile    ... success: reloaded. 
24425      INFO  main            d.u.i.k.p.r.p.TestFile    Now processing file /home/runner/work/key/key/key.core/../key.ui/examples/heap/model_methods/Cell_get_acc.key 
24425      INFO  main            d.u.i.k.p.i.AbstractProblemLoader Loading environment from /home/runner/work/key/key/key.core/../key.ui/examples/heap/model_methods/Cell_get_acc.key 
24426      DEBUG main            d.u.i.k.p.i.AbstractProblemLoader Environment load took 246.1ns 
24427      INFO  main            d.u.i.k.p.i.AbstractProblemLoader Creating init config 
27963      DEBUG main            d.u.i.k.p.i.AbstractProblemLoader Init config took 3.54s 
28034      INFO  main            d.u.i.k.p.i.AbstractProblemLoader Replaying proof Cell[Cell::get()].JML accessible clause.0 
28037      DEBUG main            d.u.i.k.p.i.IntermediateProofReplayer Proof replay took 9.6ns 
28345      INFO  main            d.u.i.k.p.r.p.TestFile    ... finished proof: closed. 
28526      INFO  main            d.u.i.k.p.i.AbstractProblemLoader Loading environment from /home/runner/work/key/key/key.core/../key.ui/examples/heap/model_methods/Cell_get_acc.key.proof 
28526      DEBUG main            d.u.i.k.p.i.AbstractProblemLoader Environment load took 655.6ns 
28528      INFO  main            d.u.i.k.p.i.AbstractProblemLoader Creating init config 
32114      DEBUG main            d.u.i.k.p.i.AbstractProblemLoader Init config took 3.59s 
32182      INFO  main            d.u.i.k.p.i.AbstractProblemLoader Replaying proof Cell[Cell::get()].JML accessible clause.0 
32279      DEBUG main            d.u.i.k.p.i.IntermediateProofReplayer Proof replay took 91.99ms 
32283      DEBUG main            d.u.i.k.p.r.p.TestFile    ... success: reloaded. 
32285      INFO  main            d.u.i.k.p.r.p.TestFile    Now processing file /home/runner/work/key/key/key.core/../key.ui/examples/heap/model_methods/Cell_get.key 
32285      INFO  main            d.u.i.k.p.i.AbstractProblemLoader Loading environment from /home/runner/work/key/key/key.core/../key.ui/examples/heap/model_methods/Cell_get.key 
32285      DEBUG main            d.u.i.k.p.i.AbstractProblemLoader Environment load took 136.9ns 
32286      INFO  main            d.u.i.k.p.i.AbstractProblemLoader Creating init config 
35802      DEBUG main            d.u.i.k.p.i.AbstractProblemLoader Init config took 3.52s 
35871      INFO  main            d.u.i.k.p.i.AbstractProblemLoader Replaying proof Cell[Cell::get()].JML operation contract.0 
35874      DEBUG main            d.u.i.k.p.i.IntermediateProofReplayer Proof replay took 62.4ns 
35977      INFO  main            d.u.i.k.p.r.p.TestFile    ... finished proof: closed. 
36165      INFO  main            d.u.i.k.p.i.AbstractProblemLoader Loading environment from /home/runner/work/key/key/key.core/../key.ui/examples/heap/model_methods/Cell_get.key.proof 
36165      DEBUG main            d.u.i.k.p.i.AbstractProblemLoader Environment load took 147.1ns 
36167      INFO  main            d.u.i.k.p.i.AbstractProblemLoader Creating init config 
39595      DEBUG main            d.u.i.k.p.i.AbstractProblemLoader Init config took 3.43s 
39657      INFO  main            d.u.i.k.p.i.AbstractProblemLoader Replaying proof Cell[Cell::get()].JML operation contract.0 
39682      DEBUG main            d.u.i.k.p.i.IntermediateProofReplayer Proof replay took 22.64ms 
39684      DEBUG main            d.u.i.k.p.r.p.TestFile    ... success: reloaded. 
39685      INFO  main            d.u.i.k.p.r.p.TestFile    Now processing file /home/runner/work/key/key/key.core/../key.ui/examples/heap/model_methods/Cell_post_set.key 
39686      INFO  main            d.u.i.k.p.i.AbstractProblemLoader Loading environment from /home/runner/work/key/key/key.core/../key.ui/examples/heap/model_methods/Cell_post_set.key 
39686      DEBUG main            d.u.i.k.p.i.AbstractProblemLoader Environment load took 222.7ns 
39687      INFO  main            d.u.i.k.p.i.AbstractProblemLoader Creating init config 
43150      DEBUG main            d.u.i.k.p.i.AbstractProblemLoader Init config took 3.46s 
43209      INFO  main            d.u.i.k.p.i.AbstractProblemLoader Replaying proof Cell[Cell::post_set(int)].JML model_behavior operation contract.0 
43211      DEBUG main            d.u.i.k.p.i.IntermediateProofReplayer Proof replay took 7.3ns 
43314      INFO  main            d.u.i.k.p.r.p.TestFile    ... finished proof: closed. 
43569      INFO  main            d.u.i.k.p.i.AbstractProblemLoader Loading environment from /home/runner/work/key/key/key.core/../key.ui/examples/heap/model_methods/Cell_post_set.key.proof 
43569      DEBUG main            d.u.i.k.p.i.AbstractProblemLoader Environment load took 151.6ns 
43570      INFO  main            d.u.i.k.p.i.AbstractProblemLoader Creating init config 
47009      DEBUG main            d.u.i.k.p.i.AbstractProblemLoader Init config took 3.44s 
47073      INFO  main            d.u.i.k.p.i.AbstractProblemLoader Replaying proof Cell[Cell::post_set(int)].JML model_behavior operation contract.0 
47086      DEBUG main            d.u.i.k.p.i.IntermediateProofReplayer Proof replay took 10.51ms 
47087      DEBUG main            d.u.i.k.p.r.p.TestFile    ... success: reloaded. 
47089      INFO  main            d.u.i.k.p.r.p.TestFile    Now processing file /home/runner/work/key/key/key.core/../key.ui/examples/heap/model_methods/Cell_set.key 
47089      INFO  main            d.u.i.k.p.i.AbstractProblemLoader Loading environment from /home/runner/work/key/key/key.core/../key.ui/examples/heap/model_methods/Cell_set.key 
47089      DEBUG main            d.u.i.k.p.i.AbstractProblemLoader Environment load took 543ns 
47091      INFO  main            d.u.i.k.p.i.AbstractProblemLoader Creating init config 
50544      DEBUG main            d.u.i.k.p.i.AbstractProblemLoader Init config took 3.45s 
50604      INFO  main            d.u.i.k.p.i.AbstractProblemLoader Replaying proof Cell[Cell::set(int)].JML operation contract.0 
50606      DEBUG main            d.u.i.k.p.i.IntermediateProofReplayer Proof replay took 8ns 
58780      INFO  main            d.u.i.k.p.r.p.TestFile    ... finished proof: closed. 
59071      INFO  main            d.u.i.k.p.i.AbstractProblemLoader Loading environment from /home/runner/work/key/key/key.core/../key.ui/examples/heap/model_methods/Cell_set.key.proof 
59071      DEBUG main            d.u.i.k.p.i.AbstractProblemLoader Environment load took 260.9ns 
59074      INFO  main            d.u.i.k.p.i.AbstractProblemLoader Creating init config 
62449      DEBUG main            d.u.i.k.p.i.AbstractProblemLoader Init config took 3.38s 
62509      INFO  main            d.u.i.k.p.i.AbstractProblemLoader Replaying proof Cell[Cell::set(int)].JML operation contract.0 
63302      DEBUG main            d.u.i.k.p.i.IntermediateProofReplayer Proof replay took 773.42ms 
63307      DEBUG main            d.u.i.k.p.r.p.TestFile    ... success: reloaded. 
63308      INFO  main            d.u.i.k.p.r.p.TestFile    Now processing file /home/runner/work/key/key/key.core/../key.ui/examples/heap/model_methods/CellTest_callSet.key 
63309      INFO  main            d.u.i.k.p.i.AbstractProblemLoader Loading environment from /home/runner/work/key/key/key.core/../key.ui/examples/heap/model_methods/CellTest_callSet.key 
63309      DEBUG main            d.u.i.k.p.i.AbstractProblemLoader Environment load took 137.6ns 
63310      INFO  main            d.u.i.k.p.i.AbstractProblemLoader Creating init config 
66804      DEBUG main            d.u.i.k.p.i.AbstractProblemLoader Init config took 3.49s 
66864      INFO  main            d.u.i.k.p.i.AbstractProblemLoader Replaying proof CellTest[CellTest::callSet(Cell,int)].JML operation contract.0 
66866      DEBUG main            d.u.i.k.p.i.IntermediateProofReplayer Proof replay took 8.1ns 
67170      INFO  main            d.u.i.k.p.r.p.TestFile    ... finished proof: closed. 
67418      INFO  main            d.u.i.k.p.i.AbstractProblemLoader Loading environment from /home/runner/work/key/key/key.core/../key.ui/examples/heap/model_methods/CellTest_callSet.key.proof 
67418      DEBUG main            d.u.i.k.p.i.AbstractProblemLoader Environment load took 422.9ns 
67419      INFO  main            d.u.i.k.p.i.AbstractProblemLoader Creating init config 
70808      DEBUG main            d.u.i.k.p.i.AbstractProblemLoader Init config took 3.39s 
70880      INFO  main            d.u.i.k.p.i.AbstractProblemLoader Replaying proof CellTest[CellTest::callSet(Cell,int)].JML operation contract.0 
70939      DEBUG main            d.u.i.k.p.i.IntermediateProofReplayer Proof replay took 56.5ms 
70941      DEBUG main            d.u.i.k.p.r.p.TestFile    ... success: reloaded. 
70943      INFO  main            d.u.i.k.p.r.p.TestFile    Now processing file /home/runner/work/key/key/key.core/../key.ui/examples/heap/model_methods/CellTest_test2.key 
70943      INFO  main            d.u.i.k.p.i.AbstractProblemLoader Loading environment from /home/runner/work/key/key/key.core/../key.ui/examples/heap/model_methods/CellTest_test2.key 
70943      DEBUG main            d.u.i.k.p.i.AbstractProblemLoader Environment load took 271.1ns 
70944      INFO  main            d.u.i.k.p.i.AbstractProblemLoader Creating init config 
74375      DEBUG main            d.u.i.k.p.i.AbstractProblemLoader Init config took 3.43s 
74429      INFO  main            d.u.i.k.p.i.AbstractProblemLoader Replaying proof CellTest[CellTest::test2(Cell)].JML operation contract.0 
74431      DEBUG main            d.u.i.k.p.i.IntermediateProofReplayer Proof replay took 8.2ns 
74835      INFO  main            d.u.i.k.p.r.p.TestFile    ... finished proof: closed. 
75125      INFO  main            d.u.i.k.p.i.AbstractProblemLoader Loading environment from /home/runner/work/key/key/key.core/../key.ui/examples/heap/model_methods/CellTest_test2.key.proof 
75125      DEBUG main            d.u.i.k.p.i.AbstractProblemLoader Environment load took 274.3ns 
75127      INFO  main            d.u.i.k.p.i.AbstractProblemLoader Creating init config 
78476      DEBUG main            d.u.i.k.p.i.AbstractProblemLoader Init config took 3.35s 
78530      INFO  main            d.u.i.k.p.i.AbstractProblemLoader Replaying proof CellTest[CellTest::test2(Cell)].JML operation contract.0 
78652      DEBUG main            d.u.i.k.p.i.IntermediateProofReplayer Proof replay took 118.44ms 
78654      DEBUG main            d.u.i.k.p.r.p.TestFile    ... success: reloaded. 
78655      INFO  main            d.u.i.k.p.r.p.TestFile    Now processing file /home/runner/work/key/key/key.core/../key.ui/examples/heap/model_methods/CellTest_test.key 
78656      INFO  main            d.u.i.k.p.i.AbstractProblemLoader Loading environment from /home/runner/work/key/key/key.core/../key.ui/examples/heap/model_methods/CellTest_test.key 
78656      DEBUG main            d.u.i.k.p.i.AbstractProblemLoader Environment load took 232.6ns 
78657      INFO  main            d.u.i.k.p.i.AbstractProblemLoader Creating init config 
82093      DEBUG main            d.u.i.k.p.i.AbstractProblemLoader Init config took 3.44s 
82154      INFO  main            d.u.i.k.p.i.AbstractProblemLoader Replaying proof CellTest[CellTest::test(Recell)].JML operation contract.0 
82156      DEBUG main            d.u.i.k.p.i.IntermediateProofReplayer Proof replay took 8.9ns 
85678      INFO  main            d.u.i.k.p.r.p.TestFile    ... finished proof: closed. 
85982      INFO  main            d.u.i.k.p.i.AbstractProblemLoader Loading environment from /home/runner/work/key/key/key.core/../key.ui/examples/heap/model_methods/CellTest_test.key.proof 
85988      DEBUG main            d.u.i.k.p.i.AbstractProblemLoader Environment load took 5.5ms 
85990      INFO  main            d.u.i.k.p.i.AbstractProblemLoader Creating init config 
89263      DEBUG main            d.u.i.k.p.i.AbstractProblemLoader Init config took 3.27s 
89337      INFO  main            d.u.i.k.p.i.AbstractProblemLoader Replaying proof CellTest[CellTest::test(Recell)].JML operation contract.0 
90077      DEBUG main            d.u.i.k.p.i.IntermediateProofReplayer Proof replay took 716.41ms 
90079      DEBUG main            d.u.i.k.p.r.p.TestFile    ... success: reloaded. 
90080      INFO  main            d.u.i.k.p.r.p.TestFile    Now processing file /home/runner/work/key/key/key.core/../key.ui/examples/heap/model_methods/Coll1_add.key 
90081      INFO  main            d.u.i.k.p.i.AbstractProblemLoader Loading environment from /home/runner/work/key/key/key.core/../key.ui/examples/heap/model_methods/Coll1_add.key 
90081      DEBUG main            d.u.i.k.p.i.AbstractProblemLoader Environment load took 218ns 
90082      INFO  main            d.u.i.k.p.i.AbstractProblemLoader Creating init config 
93425      DEBUG main            d.u.i.k.p.i.AbstractProblemLoader Init config took 3.34s 
93478      INFO  main            d.u.i.k.p.i.AbstractProblemLoader Replaying proof Coll1[Coll::add(int)].JML operation contract.0 
93480      DEBUG main            d.u.i.k.p.i.IntermediateProofReplayer Proof replay took 7.2ns 
93583      INFO  main            d.u.i.k.p.r.p.TestFile    ... finished proof: closed. 
93829      INFO  main            d.u.i.k.p.i.AbstractProblemLoader Loading environment from /home/runner/work/key/key/key.core/../key.ui/examples/heap/model_methods/Coll1_add.key.proof 
93829      DEBUG main            d.u.i.k.p.i.AbstractProblemLoader Environment load took 142.7ns 
93830      INFO  main            d.u.i.k.p.i.AbstractProblemLoader Creating init config 
97117      DEBUG main            d.u.i.k.p.i.AbstractProblemLoader Init config took 3.29s 
97171      INFO  main            d.u.i.k.p.i.AbstractProblemLoader Replaying proof Coll1[Coll::add(int)].JML operation contract.0 
97183      DEBUG main            d.u.i.k.p.i.IntermediateProofReplayer Proof replay took 9.66ms 
97184      DEBUG main            d.u.i.k.p.r.p.TestFile    ... success: reloaded. 
97185      INFO  main            d.u.i.k.p.r.p.TestFile    Now processing file /home/runner/work/key/key/key.core/../key.ui/examples/heap/model_methods/Coll1_Coll1_add_pre.key 
97186      INFO  main            d.u.i.k.p.i.AbstractProblemLoader Loading environment from /home/runner/work/key/key/key.core/../key.ui/examples/heap/model_methods/Coll1_Coll1_add_pre.key 
97186      DEBUG main            d.u.i.k.p.i.AbstractProblemLoader Environment load took 269.4ns 
97187      INFO  main            d.u.i.k.p.i.AbstractProblemLoader Creating init config 
100632     DEBUG main            d.u.i.k.p.i.AbstractProblemLoader Init config took 3.44s 
100683     INFO  main            d.u.i.k.p.i.AbstractProblemLoader Replaying proof Coll1[Coll1::add_pre(int)].JML model_behavior operation contract.0 
100685     DEBUG main            d.u.i.k.p.i.IntermediateProofReplayer Proof replay took 8ns 
100789     INFO  main            d.u.i.k.p.r.p.TestFile    ... finished proof: closed. 
101041     INFO  main            d.u.i.k.p.i.AbstractProblemLoader Loading environment from /home/runner/work/key/key/key.core/../key.ui/examples/heap/model_methods/Coll1_Coll1_add_pre.key.proof 
101041     DEBUG main            d.u.i.k.p.i.AbstractProblemLoader Environment load took 153.5ns 
101042     INFO  main            d.u.i.k.p.i.AbstractProblemLoader Creating init config 
104353     DEBUG main            d.u.i.k.p.i.AbstractProblemLoader Init config took 3.31s 
104405     INFO  main            d.u.i.k.p.i.AbstractProblemLoader Replaying proof Coll1[Coll1::add_pre(int)].JML model_behavior operation contract.0 
104409     DEBUG main            d.u.i.k.p.i.IntermediateProofReplayer Proof replay took 2ms 
104410     DEBUG main            d.u.i.k.p.r.p.TestFile    ... success: reloaded. 
104411     INFO  main            d.u.i.k.p.r.p.TestFile    Now processing file /home/runner/work/key/key/key.core/../key.ui/examples/heap/model_methods/Coll1_Coll_add_pre.key 
104412     INFO  main            d.u.i.k.p.i.AbstractProblemLoader Loading environment from /home/runner/work/key/key/key.core/../key.ui/examples/heap/model_methods/Coll1_Coll_add_pre.key 
104412     DEBUG main            d.u.i.k.p.i.AbstractProblemLoader Environment load took 215.2ns 
104413     INFO  main            d.u.i.k.p.i.AbstractProblemLoader Creating init config 
107794     DEBUG main            d.u.i.k.p.i.AbstractProblemLoader Init config took 3.38s 
107863     INFO  main            d.u.i.k.p.i.AbstractProblemLoader Replaying proof Coll1[Coll::add_pre(int)].JML model_behavior operation contract.0 
107865     DEBUG main            d.u.i.k.p.i.IntermediateProofReplayer Proof replay took 8.6ns 
107967     INFO  main            d.u.i.k.p.r.p.TestFile    ... finished proof: closed. 
108212     INFO  main            d.u.i.k.p.i.AbstractProblemLoader Loading environment from /home/runner/work/key/key/key.core/../key.ui/examples/heap/model_methods/Coll1_Coll_add_pre.key.proof 
108212     DEBUG main            d.u.i.k.p.i.AbstractProblemLoader Environment load took 147.6ns 
108214     INFO  main            d.u.i.k.p.i.AbstractProblemLoader Creating init config 
111524     DEBUG main            d.u.i.k.p.i.AbstractProblemLoader Init config took 3.31s 
111574     INFO  main            d.u.i.k.p.i.AbstractProblemLoader Replaying proof Coll1[Coll::add_pre(int)].JML model_behavior operation contract.0 
111579     DEBUG main            d.u.i.k.p.i.IntermediateProofReplayer Proof replay took 2.78ms 
111580     DEBUG main            d.u.i.k.p.r.p.TestFile    ... success: reloaded. 
111581     INFO  main            d.u.i.k.p.r.p.TestFile    Now processing file /home/runner/work/key/key/key.core/../key.ui/examples/heap/model_methods/Coll2_add.key 
111581     INFO  main            d.u.i.k.p.i.AbstractProblemLoader Loading environment from /home/runner/work/key/key/key.core/../key.ui/examples/heap/model_methods/Coll2_add.key 
111581     DEBUG main            d.u.i.k.p.i.AbstractProblemLoader Environment load took 132.5ns 
111582     INFO  main            d.u.i.k.p.i.AbstractProblemLoader Creating init config 
114963     DEBUG main            d.u.i.k.p.i.AbstractProblemLoader Init config took 3.38s 
115022     INFO  main            d.u.i.k.p.i.AbstractProblemLoader Replaying proof Coll2[Coll::add(int)].JML operation contract.0 
115024     DEBUG main            d.u.i.k.p.i.IntermediateProofReplayer Proof replay took 11ns 
115126     INFO  main            d.u.i.k.p.r.p.TestFile    ... finished proof: closed. 
115374     INFO  main            d.u.i.k.p.i.AbstractProblemLoader Loading environment from /home/runner/work/key/key/key.core/../key.ui/examples/heap/model_methods/Coll2_add.key.proof 
115374     DEBUG main            d.u.i.k.p.i.AbstractProblemLoader Environment load took 144.6ns 
115376     INFO  main            d.u.i.k.p.i.AbstractProblemLoader Creating init config 
118670     DEBUG main            d.u.i.k.p.i.AbstractProblemLoader Init config took 3.29s 
118745     INFO  main            d.u.i.k.p.i.AbstractProblemLoader Replaying proof Coll2[Coll::add(int)].JML operation contract.0 
118759     DEBUG main            d.u.i.k.p.i.IntermediateProofReplayer Proof replay took 9.28ms 
118760     DEBUG main            d.u.i.k.p.r.p.TestFile    ... success: reloaded. 
118761     INFO  main            d.u.i.k.p.r.p.TestFile    Now processing file /home/runner/work/key/key/key.core/../key.ui/examples/heap/model_methods/Coll2_Coll2_add_pre.key 
118762     INFO  main            d.u.i.k.p.i.AbstractProblemLoader Loading environment from /home/runner/work/key/key/key.core/../key.ui/examples/heap/model_methods/Coll2_Coll2_add_pre.key 
118762     DEBUG main            d.u.i.k.p.i.AbstractProblemLoader Environment load took 209.9ns 
118763     INFO  main            d.u.i.k.p.i.AbstractProblemLoader Creating init config 
122164     DEBUG main            d.u.i.k.p.i.AbstractProblemLoader Init config took 3.4s 
122212     INFO  main            d.u.i.k.p.i.AbstractProblemLoader Replaying proof Coll2[Coll2::add_pre(int)].JML model_behavior operation contract.0 
122214     DEBUG main            d.u.i.k.p.i.IntermediateProofReplayer Proof replay took 8.5ns 
122316     INFO  main            d.u.i.k.p.r.p.TestFile    ... finished proof: closed. 
122603     INFO  main            d.u.i.k.p.i.AbstractProblemLoader Loading environment from /home/runner/work/key/key/key.core/../key.ui/examples/heap/model_methods/Coll2_Coll2_add_pre.key.proof 
122604     DEBUG main            d.u.i.k.p.i.AbstractProblemLoader Environment load took 144.3ns 
122605     INFO  main            d.u.i.k.p.i.AbstractProblemLoader Creating init config 
125921     DEBUG main            d.u.i.k.p.i.AbstractProblemLoader Init config took 3.32s 
125970     INFO  main            d.u.i.k.p.i.AbstractProblemLoader Replaying proof Coll2[Coll2::add_pre(int)].JML model_behavior operation contract.0 
125974     DEBUG main            d.u.i.k.p.i.IntermediateProofReplayer Proof replay took 1.97ms 
125975     DEBUG main            d.u.i.k.p.r.p.TestFile    ... success: reloaded. 
125976     INFO  main            d.u.i.k.p.r.p.TestFile    Now processing file /home/runner/work/key/key/key.core/../key.ui/examples/heap/model_methods/Coll2_Coll_add_pre.key 
125977     INFO  main            d.u.i.k.p.i.AbstractProblemLoader Loading environment from /home/runner/work/key/key/key.core/../key.ui/examples/heap/model_methods/Coll2_Coll_add_pre.key 
125977     DEBUG main            d.u.i.k.p.i.AbstractProblemLoader Environment load took 136.4ns 
125978     INFO  main            d.u.i.k.p.i.AbstractProblemLoader Creating init config 
129352     DEBUG main            d.u.i.k.p.i.AbstractProblemLoader Init config took 3.37s 
129401     INFO  main            d.u.i.k.p.i.AbstractProblemLoader Replaying proof Coll2[Coll::add_pre(int)].JML model_behavior operation contract.0 
129403     DEBUG main            d.u.i.k.p.i.IntermediateProofReplayer Proof replay took 7.9ns 
129508     INFO  main            d.u.i.k.p.r.p.TestFile    ... finished proof: closed. 
129789     INFO  main            d.u.i.k.p.i.AbstractProblemLoader Loading environment from /home/runner/work/key/key/key.core/../key.ui/examples/heap/model_methods/Coll2_Coll_add_pre.key.proof 
129789     DEBUG main            d.u.i.k.p.i.AbstractProblemLoader Environment load took 142.6ns 
129790     INFO  main            d.u.i.k.p.i.AbstractProblemLoader Creating init config 
133080     DEBUG main            d.u.i.k.p.i.AbstractProblemLoader Init config took 3.29s 
133136     INFO  main            d.u.i.k.p.i.AbstractProblemLoader Replaying proof Coll2[Coll::add_pre(int)].JML model_behavior operation contract.0 
133141     DEBUG main            d.u.i.k.p.i.IntermediateProofReplayer Proof replay took 2.72ms 
133142     DEBUG main            d.u.i.k.p.r.p.TestFile    ... success: reloaded. 
133143     INFO  main            d.u.i.k.p.r.p.TestFile    Now processing file /home/runner/work/key/key/key.core/../key.ui/examples/heap/model_methods/Coll_add.key 
133143     INFO  main            d.u.i.k.p.i.AbstractProblemLoader Loading environment from /home/runner/work/key/key/key.core/../key.ui/examples/heap/model_methods/Coll_add.key 
133144     DEBUG main            d.u.i.k.p.i.AbstractProblemLoader Environment load took 123ns 
133145     INFO  main            d.u.i.k.p.i.AbstractProblemLoader Creating init config 
136471     DEBUG main            d.u.i.k.p.i.AbstractProblemLoader Init config took 3.33s 
136522     INFO  main            d.u.i.k.p.i.AbstractProblemLoader Replaying proof Coll[Coll::add(int)].JML operation contract.0 
136524     DEBUG main            d.u.i.k.p.i.IntermediateProofReplayer Proof replay took 8.8ns 
136629     INFO  main            d.u.i.k.p.r.p.TestFile    ... finished proof: closed. 
136927     INFO  main            d.u.i.k.p.i.AbstractProblemLoader Loading environment from /home/runner/work/key/key/key.core/../key.ui/examples/heap/model_methods/Coll_add.key.proof 
136927     DEBUG main            d.u.i.k.p.i.AbstractProblemLoader Environment load took 166.2ns 
136928     INFO  main            d.u.i.k.p.i.AbstractProblemLoader Creating init config 
140184     DEBUG main            d.u.i.k.p.i.AbstractProblemLoader Init config took 3.26s 
140234     INFO  main            d.u.i.k.p.i.AbstractProblemLoader Replaying proof Coll[Coll::add(int)].JML operation contract.0 
140238     DEBUG main            d.u.i.k.p.i.IntermediateProofReplayer Proof replay took 2.73ms 
140239     DEBUG main            d.u.i.k.p.r.p.TestFile    ... success: reloaded. 
140240     INFO  main            d.u.i.k.p.r.p.TestFile    Now processing file /home/runner/work/key/key/key.core/../key.ui/examples/heap/model_methods/Coll_add_pre.key 
140241     INFO  main            d.u.i.k.p.i.AbstractProblemLoader Loading environment from /home/runner/work/key/key/key.core/../key.ui/examples/heap/model_methods/Coll_add_pre.key 
140241     DEBUG main            d.u.i.k.p.i.AbstractProblemLoader Environment load took 263.3ns 
140242     INFO  main            d.u.i.k.p.i.AbstractProblemLoader Creating init config 
143602     DEBUG main            d.u.i.k.p.i.AbstractProblemLoader Init config took 3.36s 
143650     INFO  main            d.u.i.k.p.i.AbstractProblemLoader Replaying proof Coll[Coll::add_pre(int)].JML model_behavior operation contract.0 
143652     DEBUG main            d.u.i.k.p.i.IntermediateProofReplayer Proof replay took 8ns 
143757     INFO  main            d.u.i.k.p.r.p.TestFile    ... finished proof: closed. 
144048     INFO  main            d.u.i.k.p.i.AbstractProblemLoader Loading environment from /home/runner/work/key/key/key.core/../key.ui/examples/heap/model_methods/Coll_add_pre.key.proof 
144048     DEBUG main            d.u.i.k.p.i.AbstractProblemLoader Environment load took 553.9ns 
144049     INFO  main            d.u.i.k.p.i.AbstractProblemLoader Creating init config 
147290     DEBUG main            d.u.i.k.p.i.AbstractProblemLoader Init config took 3.24s 
147342     INFO  main            d.u.i.k.p.i.AbstractProblemLoader Replaying proof Coll[Coll::add_pre(int)].JML model_behavior operation contract.0 
147348     DEBUG main            d.u.i.k.p.i.IntermediateProofReplayer Proof replay took 4.41ms 
147349     DEBUG main            d.u.i.k.p.r.p.TestFile    ... success: reloaded. 
147351     INFO  main            d.u.i.k.p.r.p.TestFile    Now processing file /home/runner/work/key/key/key.core/../key.ui/examples/heap/model_methods/Indirect_callAdd.key 
147351     INFO  main            d.u.i.k.p.i.AbstractProblemLoader Loading environment from /home/runner/work/key/key/key.core/../key.ui/examples/heap/model_methods/Indirect_callAdd.key 
147351     DEBUG main            d.u.i.k.p.i.AbstractProblemLoader Environment load took 217.7ns 
147353     INFO  main            d.u.i.k.p.i.AbstractProblemLoader Creating init config 
150669     DEBUG main            d.u.i.k.p.i.AbstractProblemLoader Init config took 3.32s 
150717     INFO  main            d.u.i.k.p.i.AbstractProblemLoader Replaying proof Indirect[Indirect::callAdd(Coll,int)].JML operation contract.0 
150719     DEBUG main            d.u.i.k.p.i.IntermediateProofReplayer Proof replay took 7.7ns 
150821     INFO  main            d.u.i.k.p.r.p.TestFile    ... finished proof: closed. 
151157     INFO  main            d.u.i.k.p.i.AbstractProblemLoader Loading environment from /home/runner/work/key/key/key.core/../key.ui/examples/heap/model_methods/Indirect_callAdd.key.proof 
151157     DEBUG main            d.u.i.k.p.i.AbstractProblemLoader Environment load took 174.5ns 
151158     INFO  main            d.u.i.k.p.i.AbstractProblemLoader Creating init config 
154404     DEBUG main            d.u.i.k.p.i.AbstractProblemLoader Init config took 3.25s 
154451     INFO  main            d.u.i.k.p.i.AbstractProblemLoader Replaying proof Indirect[Indirect::callAdd(Coll,int)].JML operation contract.0 
154484     DEBUG main            d.u.i.k.p.i.IntermediateProofReplayer Proof replay took 30.56ms 
154485     DEBUG main            d.u.i.k.p.r.p.TestFile    ... success: reloaded. 
154487     INFO  main            d.u.i.k.p.r.p.TestFile    Now processing file /home/runner/work/key/key/key.core/../key.ui/examples/heap/model_methods/Indirect_test.key 
154487     INFO  main            d.u.i.k.p.i.AbstractProblemLoader Loading environment from /home/runner/work/key/key/key.core/../key.ui/examples/heap/model_methods/Indirect_test.key 
154487     DEBUG main            d.u.i.k.p.i.AbstractProblemLoader Environment load took 96.8ns 
154488     INFO  main            d.u.i.k.p.i.AbstractProblemLoader Creating init config 
157833     DEBUG main            d.u.i.k.p.i.AbstractProblemLoader Init config took 3.34s 
157905     INFO  main            d.u.i.k.p.i.AbstractProblemLoader Replaying proof Indirect[Indirect::test(Coll1,Coll2)].JML operation contract.0 
157907     DEBUG main            d.u.i.k.p.i.IntermediateProofReplayer Proof replay took 7.8ns 
158214     INFO  main            d.u.i.k.p.r.p.TestFile    ... finished proof: closed. 
158552     INFO  main            d.u.i.k.p.i.AbstractProblemLoader Loading environment from /home/runner/work/key/key/key.core/../key.ui/examples/heap/model_methods/Indirect_test.key.proof 
158552     DEBUG main            d.u.i.k.p.i.AbstractProblemLoader Environment load took 148ns 
158553     INFO  main            d.u.i.k.p.i.AbstractProblemLoader Creating init config 
161801     DEBUG main            d.u.i.k.p.i.AbstractProblemLoader Init config took 3.25s 
161853     INFO  main            d.u.i.k.p.i.AbstractProblemLoader Replaying proof Indirect[Indirect::test(Coll1,Coll2)].JML operation contract.0 
161929     DEBUG main            d.u.i.k.p.i.IntermediateProofReplayer Proof replay took 72.25ms 
161930     DEBUG main            d.u.i.k.p.r.p.TestFile    ... success: reloaded. 
161931     INFO  main            d.u.i.k.p.r.p.TestFile    Now processing file /home/runner/work/key/key/key.core/../key.ui/examples/heap/model_methods/Recell_Cell_footprint.key 
161932     INFO  main            d.u.i.k.p.i.AbstractProblemLoader Loading environment from /home/runner/work/key/key/key.core/../key.ui/examples/heap/model_methods/Recell_Cell_footprint.key 
161932     DEBUG main            d.u.i.k.p.i.AbstractProblemLoader Environment load took 98.2ns 
161933     INFO  main            d.u.i.k.p.i.AbstractProblemLoader Creating init config 
165290     DEBUG main            d.u.i.k.p.i.AbstractProblemLoader Init config took 3.36s 
165337     INFO  main            d.u.i.k.p.i.AbstractProblemLoader Replaying proof Recell[Cell::footprint()].JML model_behavior operation contract.0 
165339     DEBUG main            d.u.i.k.p.i.IntermediateProofReplayer Proof replay took 8.3ns 
165445     INFO  main            d.u.i.k.p.r.p.TestFile    ... finished proof: closed. 
165760     INFO  main            d.u.i.k.p.i.AbstractProblemLoader Loading environment from /home/runner/work/key/key/key.core/../key.ui/examples/heap/model_methods/Recell_Cell_footprint.key.proof 
165760     DEBUG main            d.u.i.k.p.i.AbstractProblemLoader Environment load took 139.9ns 
165761     INFO  main            d.u.i.k.p.i.AbstractProblemLoader Creating init config 
169059     DEBUG main            d.u.i.k.p.i.AbstractProblemLoader Init config took 3.3s 
169108     INFO  main            d.u.i.k.p.i.AbstractProblemLoader Replaying proof Recell[Cell::footprint()].JML model_behavior operation contract.0 
169113     DEBUG main            d.u.i.k.p.i.IntermediateProofReplayer Proof replay took 3.78ms 
169114     DEBUG main            d.u.i.k.p.r.p.TestFile    ... success: reloaded. 
169116     INFO  main            d.u.i.k.p.r.p.TestFile    Now processing file /home/runner/work/key/key/key.core/../key.ui/examples/heap/model_methods/Recell_Cell_post_set.key 
169116     INFO  main            d.u.i.k.p.i.AbstractProblemLoader Loading environment from /home/runner/work/key/key/key.core/../key.ui/examples/heap/model_methods/Recell_Cell_post_set.key 
169116     DEBUG main            d.u.i.k.p.i.AbstractProblemLoader Environment load took 77.1ns 
169117     INFO  main            d.u.i.k.p.i.AbstractProblemLoader Creating init config 
172456     DEBUG main            d.u.i.k.p.i.AbstractProblemLoader Init config took 3.34s 
172502     INFO  main            d.u.i.k.p.i.AbstractProblemLoader Replaying proof Recell[Cell::post_set(int)].JML model_behavior operation contract.0 
172504     DEBUG main            d.u.i.k.p.i.IntermediateProofReplayer Proof replay took 7.9ns 
172606     INFO  main            d.u.i.k.p.r.p.TestFile    ... finished proof: closed. 
172936     INFO  main            d.u.i.k.p.i.AbstractProblemLoader Loading environment from /home/runner/work/key/key/key.core/../key.ui/examples/heap/model_methods/Recell_Cell_post_set.key.proof 
172936     DEBUG main            d.u.i.k.p.i.AbstractProblemLoader Environment load took 134.3ns 
172938     INFO  main            d.u.i.k.p.i.AbstractProblemLoader Creating init config 
176206     DEBUG main            d.u.i.k.p.i.AbstractProblemLoader Init config took 3.27s 
176252     INFO  main            d.u.i.k.p.i.AbstractProblemLoader Replaying proof Recell[Cell::post_set(int)].JML model_behavior operation contract.0 
176259     DEBUG main            d.u.i.k.p.i.IntermediateProofReplayer Proof replay took 4.88ms 
176260     DEBUG main            d.u.i.k.p.r.p.TestFile    ... success: reloaded. 
176261     INFO  main            d.u.i.k.p.r.p.TestFile    Now processing file /home/runner/work/key/key/key.core/../key.ui/examples/heap/model_methods/Recell_footprint_acc.key 
176262     INFO  main            d.u.i.k.p.i.AbstractProblemLoader Loading environment from /home/runner/work/key/key/key.core/../key.ui/examples/heap/model_methods/Recell_footprint_acc.key 
176262     DEBUG main            d.u.i.k.p.i.AbstractProblemLoader Environment load took 112.9ns 
176263     INFO  main            d.u.i.k.p.i.AbstractProblemLoader Creating init config 
179516     DEBUG main            d.u.i.k.p.i.AbstractProblemLoader Init config took 3.25s 
179588     INFO  main            d.u.i.k.p.i.AbstractProblemLoader Replaying proof Recell[Cell::footprint()].JML accessible clause.0 
179590     DEBUG main            d.u.i.k.p.i.IntermediateProofReplayer Proof replay took 20ns 
179693     INFO  main            d.u.i.k.p.r.p.TestFile    ... finished proof: closed. 
180037     INFO  main            d.u.i.k.p.i.AbstractProblemLoader Loading environment from /home/runner/work/key/key/key.core/../key.ui/examples/heap/model_methods/Recell_footprint_acc.key.proof 
180037     DEBUG main            d.u.i.k.p.i.AbstractProblemLoader Environment load took 147ns 
180039     INFO  main            d.u.i.k.p.i.AbstractProblemLoader Creating init config 
183282     DEBUG main            d.u.i.k.p.i.AbstractProblemLoader Init config took 3.24s 
183328     INFO  main            d.u.i.k.p.i.AbstractProblemLoader Replaying proof Recell[Cell::footprint()].JML accessible clause.0 
183356     DEBUG main            d.u.i.k.p.i.IntermediateProofReplayer Proof replay took 25.12ms 
183362     DEBUG main            d.u.i.k.p.r.p.TestFile    ... success: reloaded. 
183364     INFO  main            d.u.i.k.p.r.p.TestFile    Now processing file /home/runner/work/key/key/key.core/../key.ui/examples/heap/model_methods/Recell_get_acc.key 
183364     INFO  main            d.u.i.k.p.i.AbstractProblemLoader Loading environment from /home/runner/work/key/key/key.core/../key.ui/examples/heap/model_methods/Recell_get_acc.key 
183364     DEBUG main            d.u.i.k.p.i.AbstractProblemLoader Environment load took 260.7ns 
183366     INFO  main            d.u.i.k.p.i.AbstractProblemLoader Creating init config 
186686     DEBUG main            d.u.i.k.p.i.AbstractProblemLoader Init config took 3.32s 
186738     INFO  main            d.u.i.k.p.i.AbstractProblemLoader Replaying proof Recell[Cell::get()].JML accessible clause.0 
186740     DEBUG main            d.u.i.k.p.i.IntermediateProofReplayer Proof replay took 8.6ns 
186943     INFO  main            d.u.i.k.p.r.p.TestFile    ... finished proof: closed. 
187378     INFO  main            d.u.i.k.p.i.AbstractProblemLoader Loading environment from /home/runner/work/key/key/key.core/../key.ui/examples/heap/model_methods/Recell_get_acc.key.proof 
187378     DEBUG main            d.u.i.k.p.i.AbstractProblemLoader Environment load took 128.2ns 
187380     INFO  main            d.u.i.k.p.i.AbstractProblemLoader Creating init config 
190625     DEBUG main            d.u.i.k.p.i.AbstractProblemLoader Init config took 3.24s 
190673     INFO  main            d.u.i.k.p.i.AbstractProblemLoader Replaying proof Recell[Cell::get()].JML accessible clause.0 
190701     DEBUG main            d.u.i.k.p.i.IntermediateProofReplayer Proof replay took 24.72ms 
190702     DEBUG main            d.u.i.k.p.r.p.TestFile    ... success: reloaded. 
190704     INFO  main            d.u.i.k.p.r.p.TestFile    Now processing file /home/runner/work/key/key/key.core/../key.ui/examples/heap/model_methods/Recell_get.key 
190704     INFO  main            d.u.i.k.p.i.AbstractProblemLoader Loading environment from /home/runner/work/key/key/key.core/../key.ui/examples/heap/model_methods/Recell_get.key 
190704     DEBUG main            d.u.i.k.p.i.AbstractProblemLoader Environment load took 205.7ns 
190705     INFO  main            d.u.i.k.p.i.AbstractProblemLoader Creating init config 
194031     DEBUG main            d.u.i.k.p.i.AbstractProblemLoader Init config took 3.33s 
194079     INFO  main            d.u.i.k.p.i.AbstractProblemLoader Replaying proof Recell[Cell::get()].JML operation contract.0 
194081     DEBUG main            d.u.i.k.p.i.IntermediateProofReplayer Proof replay took 9ns 
194183     INFO  main            d.u.i.k.p.r.p.TestFile    ... finished proof: closed. 
194581     INFO  main            d.u.i.k.p.i.AbstractProblemLoader Loading environment from /home/runner/work/key/key/key.core/../key.ui/examples/heap/model_methods/Recell_get.key.proof 
194581     DEBUG main            d.u.i.k.p.i.AbstractProblemLoader Environment load took 121.9ns 
194582     INFO  main            d.u.i.k.p.i.AbstractProblemLoader Creating init config 
197812     DEBUG main            d.u.i.k.p.i.AbstractProblemLoader Init config took 3.23s 
197859     INFO  main            d.u.i.k.p.i.AbstractProblemLoader Replaying proof Recell[Cell::get()].JML operation contract.0 
197873     DEBUG main            d.u.i.k.p.i.IntermediateProofReplayer Proof replay took 11.9ms 
197875     DEBUG main            d.u.i.k.p.r.p.TestFile    ... success: reloaded. 
197876     INFO  main            d.u.i.k.p.r.p.TestFile    Now processing file /home/runner/work/key/key/key.core/../key.ui/examples/heap/model_methods/Recell_Recell_footprint.key 
197877     INFO  main            d.u.i.k.p.i.AbstractProblemLoader Loading environment from /home/runner/work/key/key/key.core/../key.ui/examples/heap/model_methods/Recell_Recell_footprint.key 
197877     DEBUG main            d.u.i.k.p.i.AbstractProblemLoader Environment load took 207.5ns 
197878     INFO  main            d.u.i.k.p.i.AbstractProblemLoader Creating init config 
201194     DEBUG main            d.u.i.k.p.i.AbstractProblemLoader Init config took 3.32s 
201241     INFO  main            d.u.i.k.p.i.AbstractProblemLoader Replaying proof Recell[Recell::footprint()].JML model_behavior operation contract.0 
201243     DEBUG main            d.u.i.k.p.i.IntermediateProofReplayer Proof replay took 9ns 
201349     INFO  main            d.u.i.k.p.r.p.TestFile    ... finished proof: closed. 
201733     INFO  main            d.u.i.k.p.i.AbstractProblemLoader Loading environment from /home/runner/work/key/key/key.core/../key.ui/examples/heap/model_methods/Recell_Recell_footprint.key.proof 
201733     DEBUG main            d.u.i.k.p.i.AbstractProblemLoader Environment load took 145.4ns 
201734     INFO  main            d.u.i.k.p.i.AbstractProblemLoader Creating init config 
204942     DEBUG main            d.u.i.k.p.i.AbstractProblemLoader Init config took 3.21s 
204988     INFO  main            d.u.i.k.p.i.AbstractProblemLoader Replaying proof Recell[Recell::footprint()].JML model_behavior operation contract.0 
204992     DEBUG main            d.u.i.k.p.i.IntermediateProofReplayer Proof replay took 1.96ms 
204993     DEBUG main            d.u.i.k.p.r.p.TestFile    ... success: reloaded. 
204994     INFO  main            d.u.i.k.p.r.p.TestFile    Now processing file /home/runner/work/key/key/key.core/../key.ui/examples/heap/model_methods/Recell_Recell_post_set.key 
204994     INFO  main            d.u.i.k.p.i.AbstractProblemLoader Loading environment from /home/runner/work/key/key/key.core/../key.ui/examples/heap/model_methods/Recell_Recell_post_set.key 
204996     DEBUG main            d.u.i.k.p.i.AbstractProblemLoader Environment load took 1.53ms 
204997     INFO  main            d.u.i.k.p.i.AbstractProblemLoader Creating init config 
208286     DEBUG main            d.u.i.k.p.i.AbstractProblemLoader Init config took 3.29s 
208338     INFO  main            d.u.i.k.p.i.AbstractProblemLoader Replaying proof Recell[Recell::post_set(int)].JML model_behavior operation contract.0 
208342     DEBUG main            d.u.i.k.p.i.IntermediateProofReplayer Proof replay took 9.4ns 
208445     INFO  main            d.u.i.k.p.r.p.TestFile    ... finished proof: closed. 
208813     INFO  main            d.u.i.k.p.i.AbstractProblemLoader Loading environment from /home/runner/work/key/key/key.core/../key.ui/examples/heap/model_methods/Recell_Recell_post_set.key.proof 
208813     DEBUG main            d.u.i.k.p.i.AbstractProblemLoader Environment load took 121.2ns 
208814     INFO  main            d.u.i.k.p.i.AbstractProblemLoader Creating init config 
212058     DEBUG main            d.u.i.k.p.i.AbstractProblemLoader Init config took 3.24s 
212111     INFO  main            d.u.i.k.p.i.AbstractProblemLoader Replaying proof Recell[Recell::post_set(int)].JML model_behavior operation contract.0 
212115     DEBUG main            d.u.i.k.p.i.IntermediateProofReplayer Proof replay took 3.04ms 
212116     DEBUG main            d.u.i.k.p.r.p.TestFile    ... success: reloaded. 
212117     INFO  main            d.u.i.k.p.r.p.TestFile    Now processing file /home/runner/work/key/key/key.core/../key.ui/examples/heap/model_methods/Recell_set.key 
212118     INFO  main            d.u.i.k.p.i.AbstractProblemLoader Loading environment from /home/runner/work/key/key/key.core/../key.ui/examples/heap/model_methods/Recell_set.key 
212118     DEBUG main            d.u.i.k.p.i.AbstractProblemLoader Environment load took 90.7ns 
212119     INFO  main            d.u.i.k.p.i.AbstractProblemLoader Creating init config 
215422     DEBUG main            d.u.i.k.p.i.AbstractProblemLoader Init config took 3.3s 
215472     INFO  main            d.u.i.k.p.i.AbstractProblemLoader Replaying proof Recell[Cell::set(int)].JML operation contract.0 
215474     DEBUG main            d.u.i.k.p.i.IntermediateProofReplayer Proof replay took 8.5ns 
224224     INFO  main            d.u.i.k.p.r.p.TestFile    ... finished proof: closed. 
224624     INFO  main            d.u.i.k.p.i.AbstractProblemLoader Loading environment from /home/runner/work/key/key/key.core/../key.ui/examples/heap/model_methods/Recell_set.key.proof 
224624     DEBUG main            d.u.i.k.p.i.AbstractProblemLoader Environment load took 193.7ns 
224626     INFO  main            d.u.i.k.p.i.AbstractProblemLoader Creating init config 
227892     DEBUG main            d.u.i.k.p.i.AbstractProblemLoader Init config took 3.27s 
227939     INFO  main            d.u.i.k.p.i.AbstractProblemLoader Replaying proof Recell[Cell::set(int)].JML operation contract.0 
228595     DEBUG main            d.u.i.k.p.i.IntermediateProofReplayer Proof replay took 631.31ms 
228597     DEBUG main            d.u.i.k.p.r.p.TestFile    ... success: reloaded. 
228598     INFO  main            d.u.i.k.p.r.p.TestFile    Now processing file /home/runner/work/key/key/key.core/../key.ui/examples/heap/model_methods/Recell_undo.key 
228599     INFO  main            d.u.i.k.p.i.AbstractProblemLoader Loading environment from /home/runner/work/key/key/key.core/../key.ui/examples/heap/model_methods/Recell_undo.key 
228599     DEBUG main            d.u.i.k.p.i.AbstractProblemLoader Environment load took 196.7ns 
228600     INFO  main            d.u.i.k.p.i.AbstractProblemLoader Creating init config 
231980     DEBUG main            d.u.i.k.p.i.AbstractProblemLoader Init config took 3.38s 
232026     INFO  main            d.u.i.k.p.i.AbstractProblemLoader Replaying proof Recell[Recell::undo()].JML operation contract.0 
232028     DEBUG main            d.u.i.k.p.i.IntermediateProofReplayer Proof replay took 21.4ns 
232231     INFO  main            d.u.i.k.p.r.p.TestFile    ... finished proof: closed. 
232621     INFO  main            d.u.i.k.p.i.AbstractProblemLoader Loading environment from /home/runner/work/key/key/key.core/../key.ui/examples/heap/model_methods/Recell_undo.key.proof 
232621     DEBUG main            d.u.i.k.p.i.AbstractProblemLoader Environment load took 122.3ns 
232622     INFO  main            d.u.i.k.p.i.AbstractProblemLoader Creating init config 
235848     DEBUG main            d.u.i.k.p.i.AbstractProblemLoader Init config took 3.23s 
235896     INFO  main            d.u.i.k.p.i.AbstractProblemLoader Replaying proof Recell[Recell::undo()].JML operation contract.0 
235938     DEBUG main            d.u.i.k.p.i.IntermediateProofReplayer Proof replay took 39.81ms 
235939     DEBUG main            d.u.i.k.p.r.p.TestFile    ... success: reloaded. 
5402581    INFO  Test worker     d.u.i.k.p.r.RunAllProofsTestUnit Returning from test modelMethods 
5402582    INFO  Test worker     d.u.i.k.p.r.RunAllProofsTestUnit Running test permissionHeap 
476        INFO  Timeout watchdog d.u.i.k.p.r.p.ForkedTestFileRunner Timeout watcher launched (2000 secs.) 
495        WARN  main            d.u.i.k.s.ProofSettings   The settings in /home/runner/.key/proof-settings.props are *not* read. 
567        INFO  main            d.u.i.k.p.r.p.TestFile    Now processing file /home/runner/work/key/key/key.core/../key.ui/examples/heap/permissions/permissions_method0.key 
725        INFO  main            d.u.i.k.p.i.AbstractProblemLoader Loading environment from /home/runner/work/key/key/key.core/../key.ui/examples/heap/permissions/permissions_method0.key 
745        DEBUG main            d.u.i.k.p.i.AbstractProblemLoader Environment load took 2.66ms 
1064       INFO  main            d.u.i.k.p.i.AbstractProblemLoader Creating init config 
2416       DEBUG main            d.u.i.k.j.TypeConverter   No LDT found for Meta 
2417       DEBUG main            d.u.i.k.j.TypeConverter   No LDT found for Meta 
2421       DEBUG main            d.u.i.k.j.TypeConverter   No LDT found for Meta 
2422       DEBUG main            d.u.i.k.j.TypeConverter   No LDT found for Meta 
4070       DEBUG main            d.u.i.k.j.TypeConverter   No LDT found for JavaBigintExpression 
10924      DEBUG main            d.u.i.k.p.i.AbstractProblemLoader Init config took 9.86s 
11086      INFO  main            d.u.i.k.p.i.AbstractProblemLoader Replaying proof MyClass[MyClass::method0()].JML normal_behavior operation contract.0 
11133      DEBUG main            d.u.i.k.p.i.IntermediateProofReplayer Proof replay took 41.1ns 
12466      INFO  main            d.u.i.k.p.r.p.TestFile    ... finished proof: closed. 
12684      INFO  main            d.u.i.k.p.i.AbstractProblemLoader Loading environment from /home/runner/work/key/key/key.core/../key.ui/examples/heap/permissions/permissions_method0.key.proof 
12685      DEBUG main            d.u.i.k.p.i.AbstractProblemLoader Environment load took 1.1ms 
12688      INFO  main            d.u.i.k.p.i.AbstractProblemLoader Creating init config 
16469      DEBUG main            d.u.i.k.p.i.AbstractProblemLoader Init config took 3.78s 
16548      INFO  main            d.u.i.k.p.i.AbstractProblemLoader Replaying proof MyClass[MyClass::method0()].JML normal_behavior operation contract.0 
16767      DEBUG main            d.u.i.k.p.i.IntermediateProofReplayer Proof replay took 211.7ms 
16777      DEBUG main            d.u.i.k.p.r.p.TestFile    ... success: reloaded. 
16780      INFO  main            d.u.i.k.p.r.p.TestFile    Now processing file /home/runner/work/key/key/key.core/../key.ui/examples/heap/permissions/permissions_method1.key 
16781      INFO  main            d.u.i.k.p.i.AbstractProblemLoader Loading environment from /home/runner/work/key/key/key.core/../key.ui/examples/heap/permissions/permissions_method1.key 
16781      DEBUG main            d.u.i.k.p.i.AbstractProblemLoader Environment load took 160.7ns 
16785      INFO  main            d.u.i.k.p.i.AbstractProblemLoader Creating init config 
20458      DEBUG main            d.u.i.k.p.i.AbstractProblemLoader Init config took 3.67s 
20534      INFO  main            d.u.i.k.p.i.AbstractProblemLoader Replaying proof MyClass[MyClass::method1()].JML normal_behavior operation contract.0 
20538      DEBUG main            d.u.i.k.p.i.IntermediateProofReplayer Proof replay took 7.2ns 
20942      INFO  main            d.u.i.k.p.r.p.TestFile    ... finished proof: closed. 
21116      INFO  main            d.u.i.k.p.i.AbstractProblemLoader Loading environment from /home/runner/work/key/key/key.core/../key.ui/examples/heap/permissions/permissions_method1.key.proof 
21116      DEBUG main            d.u.i.k.p.i.AbstractProblemLoader Environment load took 448.4ns 
21118      INFO  main            d.u.i.k.p.i.AbstractProblemLoader Creating init config 
24608      DEBUG main            d.u.i.k.p.i.AbstractProblemLoader Init config took 3.49s 
24690      INFO  main            d.u.i.k.p.i.AbstractProblemLoader Replaying proof MyClass[MyClass::method1()].JML normal_behavior operation contract.0 
24781      DEBUG main            d.u.i.k.p.i.IntermediateProofReplayer Proof replay took 85.61ms 
24782      DEBUG main            d.u.i.k.p.r.p.TestFile    ... success: reloaded. 
24784      INFO  main            d.u.i.k.p.r.p.TestFile    Now processing file /home/runner/work/key/key/key.core/../key.ui/examples/heap/permissions/permissions_method3.key 
24784      INFO  main            d.u.i.k.p.i.AbstractProblemLoader Loading environment from /home/runner/work/key/key/key.core/../key.ui/examples/heap/permissions/permissions_method3.key 
24784      DEBUG main            d.u.i.k.p.i.AbstractProblemLoader Environment load took 245.2ns 
24786      INFO  main            d.u.i.k.p.i.AbstractProblemLoader Creating init config 
28293      DEBUG main            d.u.i.k.p.i.AbstractProblemLoader Init config took 3.51s 
28354      INFO  main            d.u.i.k.p.i.AbstractProblemLoader Replaying proof MyClass[MyClass::method3()].JML normal_behavior operation contract.0 
28357      DEBUG main            d.u.i.k.p.i.IntermediateProofReplayer Proof replay took 8.1ns 
30267      INFO  main            d.u.i.k.p.r.p.TestFile    ... finished proof: closed. 
30495      INFO  main            d.u.i.k.p.i.AbstractProblemLoader Loading environment from /home/runner/work/key/key/key.core/../key.ui/examples/heap/permissions/permissions_method3.key.proof 
30495      DEBUG main            d.u.i.k.p.i.AbstractProblemLoader Environment load took 454.6ns 
30497      INFO  main            d.u.i.k.p.i.AbstractProblemLoader Creating init config 
33838      DEBUG main            d.u.i.k.p.i.AbstractProblemLoader Init config took 3.34s 
33920      INFO  main            d.u.i.k.p.i.AbstractProblemLoader Replaying proof MyClass[MyClass::method3()].JML normal_behavior operation contract.0 
34275      DEBUG main            d.u.i.k.p.i.IntermediateProofReplayer Proof replay took 346.17ms 
34277      DEBUG main            d.u.i.k.p.r.p.TestFile    ... success: reloaded. 
34278      INFO  main            d.u.i.k.p.r.p.TestFile    Now processing file /home/runner/work/key/key/key.core/../key.ui/examples/heap/permissions/permissions_setAB.key 
34279      INFO  main            d.u.i.k.p.i.AbstractProblemLoader Loading environment from /home/runner/work/key/key/key.core/../key.ui/examples/heap/permissions/permissions_setAB.key 
34279      DEBUG main            d.u.i.k.p.i.AbstractProblemLoader Environment load took 241.2ns 
34281      INFO  main            d.u.i.k.p.i.AbstractProblemLoader Creating init config 
37768      DEBUG main            d.u.i.k.p.i.AbstractProblemLoader Init config took 3.49s 
37826      INFO  main            d.u.i.k.p.i.AbstractProblemLoader Replaying proof MyClass[MyClass::setAB()].JML normal_behavior operation contract.0 
37829      DEBUG main            d.u.i.k.p.i.IntermediateProofReplayer Proof replay took 7.8ns 
39969      INFO  main            d.u.i.k.p.r.p.TestFile    ... finished proof: closed. 
40224      INFO  main            d.u.i.k.p.i.AbstractProblemLoader Loading environment from /home/runner/work/key/key/key.core/../key.ui/examples/heap/permissions/permissions_setAB.key.proof 
40226      DEBUG main            d.u.i.k.p.i.AbstractProblemLoader Environment load took 1.99ms 
40228      INFO  main            d.u.i.k.p.i.AbstractProblemLoader Creating init config 
43604      DEBUG main            d.u.i.k.p.i.AbstractProblemLoader Init config took 3.38s 
43660      INFO  main            d.u.i.k.p.i.AbstractProblemLoader Replaying proof MyClass[MyClass::setAB()].JML normal_behavior operation contract.0 
43939      DEBUG main            d.u.i.k.p.i.IntermediateProofReplayer Proof replay took 271.34ms 
43941      DEBUG main            d.u.i.k.p.r.p.TestFile    ... success: reloaded. 
43942      INFO  main            d.u.i.k.p.r.p.TestFile    Now processing file /home/runner/work/key/key/key.core/../key.ui/examples/heap/permissions/permissionProperties.key 
43943      INFO  main            d.u.i.k.p.i.AbstractProblemLoader Loading environment from /home/runner/work/key/key/key.core/../key.ui/examples/heap/permissions/permissionProperties.key 
43943      DEBUG main            d.u.i.k.p.i.AbstractProblemLoader Environment load took 222.5ns 
43945      INFO  main            d.u.i.k.p.i.AbstractProblemLoader Creating init config 
44174      DEBUG main            d.u.i.k.j.TypeConverter   No LDT found for Meta 
44175      DEBUG main            d.u.i.k.j.TypeConverter   No LDT found for Meta 
44176      DEBUG main            d.u.i.k.j.TypeConverter   No LDT found for Meta 
44177      DEBUG main            d.u.i.k.j.TypeConverter   No LDT found for Meta 
45068      DEBUG main            d.u.i.k.j.TypeConverter   No LDT found for JavaBigintExpression 
48617      DEBUG main            d.u.i.k.p.i.AbstractProblemLoader Init config took 4.67s 
48642      INFO  main            d.u.i.k.p.i.AbstractProblemLoader Replaying proof permissionProperties.key 
48644      DEBUG main            d.u.i.k.p.i.IntermediateProofReplayer Proof replay took 17.1ns 
48848      INFO  main            d.u.i.k.p.r.p.TestFile    ... finished proof: closed. 
49105      INFO  main            d.u.i.k.p.i.AbstractProblemLoader Loading environment from /home/runner/work/key/key/key.core/../key.ui/examples/heap/permissions/permissionProperties.key.proof 
49107      DEBUG main            d.u.i.k.p.i.AbstractProblemLoader Environment load took 1.8ms 
49108      INFO  main            d.u.i.k.p.i.AbstractProblemLoader Creating init config 
52249      DEBUG main            d.u.i.k.p.i.AbstractProblemLoader Init config took 3.14s 
52292      INFO  main            d.u.i.k.p.i.AbstractProblemLoader Replaying proof permissionProperties.key.proof 
52322      DEBUG main            d.u.i.k.p.i.IntermediateProofReplayer Proof replay took 26.57ms 
52323      DEBUG main            d.u.i.k.p.r.p.TestFile    ... success: reloaded. 
52325      INFO  main            d.u.i.k.p.r.p.TestFile    Now processing file /home/runner/work/key/key/key.core/../key.ui/examples/heap/permissions/threads/AFilter_AFilter.key 
52325      INFO  main            d.u.i.k.p.i.AbstractProblemLoader Loading environment from /home/runner/work/key/key/key.core/../key.ui/examples/heap/permissions/threads/AFilter_AFilter.key 
52326      DEBUG main            d.u.i.k.p.i.AbstractProblemLoader Environment load took 331.7ns 
52327      INFO  main            d.u.i.k.p.i.AbstractProblemLoader Creating init config 
52532      DEBUG main            d.u.i.k.j.TypeConverter   No LDT found for Meta 
52532      DEBUG main            d.u.i.k.j.TypeConverter   No LDT found for Meta 
52533      DEBUG main            d.u.i.k.j.TypeConverter   No LDT found for Meta 
52534      DEBUG main            d.u.i.k.j.TypeConverter   No LDT found for Meta 
53343      DEBUG main            d.u.i.k.j.TypeConverter   No LDT found for JavaBigintExpression 
60107      DEBUG main            d.u.i.k.p.i.AbstractProblemLoader Init config took 7.78s 
60232      INFO  main            d.u.i.k.p.i.AbstractProblemLoader Replaying proof AFilter[AFilter::AFilter(Sampler,Buffer)].JML normal_behavior operation contract.0 
60234      DEBUG main            d.u.i.k.p.i.IntermediateProofReplayer Proof replay took 8.6ns 
61640      INFO  main            d.u.i.k.p.r.p.TestFile    ... finished proof: closed. 
61961      INFO  main            d.u.i.k.p.i.AbstractProblemLoader Loading environment from /home/runner/work/key/key/key.core/../key.ui/examples/heap/permissions/threads/AFilter_AFilter.key.proof 
61967      DEBUG main            d.u.i.k.p.i.AbstractProblemLoader Environment load took 5.63ms 
61968      INFO  main            d.u.i.k.p.i.AbstractProblemLoader Creating init config 
67892      DEBUG main            d.u.i.k.p.i.AbstractProblemLoader Init config took 5.92s 
68027      INFO  main            d.u.i.k.p.i.AbstractProblemLoader Replaying proof AFilter[AFilter::AFilter(Sampler,Buffer)].JML normal_behavior operation contract.0 
68250      DEBUG main            d.u.i.k.p.i.IntermediateProofReplayer Proof replay took 217.64ms 
68252      DEBUG main            d.u.i.k.p.r.p.TestFile    ... success: reloaded. 
68254      INFO  main            d.u.i.k.p.r.p.TestFile    Now processing file /home/runner/work/key/key/key.core/../key.ui/examples/heap/permissions/threads/AFilter_initPost_accessible.key 
68254      INFO  main            d.u.i.k.p.i.AbstractProblemLoader Loading environment from /home/runner/work/key/key/key.core/../key.ui/examples/heap/permissions/threads/AFilter_initPost_accessible.key 
68254      DEBUG main            d.u.i.k.p.i.AbstractProblemLoader Environment load took 209.3ns 
68256      INFO  main            d.u.i.k.p.i.AbstractProblemLoader Creating init config 
74313      DEBUG main            d.u.i.k.p.i.AbstractProblemLoader Init config took 6.06s 
74431      INFO  main            d.u.i.k.p.i.AbstractProblemLoader Replaying proof AFilter[ThreadSpec2::initPost()].JML accessible clause.0 
74434      DEBUG main            d.u.i.k.p.i.IntermediateProofReplayer Proof replay took 9.6ns 
74637      INFO  main            d.u.i.k.p.r.p.TestFile    ... finished proof: closed. 
74890      INFO  main            d.u.i.k.p.i.AbstractProblemLoader Loading environment from /home/runner/work/key/key/key.core/../key.ui/examples/heap/permissions/threads/AFilter_initPost_accessible.key.proof 
74890      DEBUG main            d.u.i.k.p.i.AbstractProblemLoader Environment load took 176.7ns 
74891      INFO  main            d.u.i.k.p.i.AbstractProblemLoader Creating init config 
80846      DEBUG main            d.u.i.k.p.i.AbstractProblemLoader Init config took 5.95s 
80980      INFO  main            d.u.i.k.p.i.AbstractProblemLoader Replaying proof AFilter[ThreadSpec2::initPost()].JML accessible clause.0 
81001      DEBUG main            d.u.i.k.p.i.IntermediateProofReplayer Proof replay took 17.82ms 
81002      DEBUG main            d.u.i.k.p.r.p.TestFile    ... success: reloaded. 
81004      INFO  main            d.u.i.k.p.r.p.TestFile    Now processing file /home/runner/work/key/key/key.core/../key.ui/examples/heap/permissions/threads/AFilter_inv_accessible1.key 
81004      INFO  main            d.u.i.k.p.i.AbstractProblemLoader Loading environment from /home/runner/work/key/key/key.core/../key.ui/examples/heap/permissions/threads/AFilter_inv_accessible1.key 
81004      DEBUG main            d.u.i.k.p.i.AbstractProblemLoader Environment load took 230.7ns 
81005      INFO  main            d.u.i.k.p.i.AbstractProblemLoader Creating init config 
87024      DEBUG main            d.u.i.k.p.i.AbstractProblemLoader Init config took 6.02s 
87169      INFO  main            d.u.i.k.p.i.AbstractProblemLoader Replaying proof AFilter[java.lang.Object::<inv>()].JML accessible clause.0 
87171      DEBUG main            d.u.i.k.p.i.IntermediateProofReplayer Proof replay took 10.3ns 
87273      INFO  main            d.u.i.k.p.r.p.TestFile    ... finished proof: closed. 
87540      INFO  main            d.u.i.k.p.i.AbstractProblemLoader Loading environment from /home/runner/work/key/key/key.core/../key.ui/examples/heap/permissions/threads/AFilter_inv_accessible1.key.proof 
87540      DEBUG main            d.u.i.k.p.i.AbstractProblemLoader Environment load took 138.5ns 
87541      INFO  main            d.u.i.k.p.i.AbstractProblemLoader Creating init config 
93447      DEBUG main            d.u.i.k.p.i.AbstractProblemLoader Init config took 5.91s 
93568      INFO  main            d.u.i.k.p.i.AbstractProblemLoader Replaying proof AFilter[java.lang.Object::<inv>()].JML accessible clause.0 
93574      DEBUG main            d.u.i.k.p.i.IntermediateProofReplayer Proof replay took 3.77ms 
93576      DEBUG main            d.u.i.k.p.r.p.TestFile    ... success: reloaded. 
93578      INFO  main            d.u.i.k.p.r.p.TestFile    Now processing file /home/runner/work/key/key/key.core/../key.ui/examples/heap/permissions/threads/AFilter_inv_accessible2.key 
93579      INFO  main            d.u.i.k.p.i.AbstractProblemLoader Loading environment from /home/runner/work/key/key/key.core/../key.ui/examples/heap/permissions/threads/AFilter_inv_accessible2.key 
93579      DEBUG main            d.u.i.k.p.i.AbstractProblemLoader Environment load took 212.7ns 
93581      INFO  main            d.u.i.k.p.i.AbstractProblemLoader Creating init config 
99473      DEBUG main            d.u.i.k.p.i.AbstractProblemLoader Init config took 5.89s 
99583      INFO  main            d.u.i.k.p.i.AbstractProblemLoader Replaying proof AFilter[java.lang.Object::<inv>()].JML accessible clause.1 
99585      DEBUG main            d.u.i.k.p.i.IntermediateProofReplayer Proof replay took 9ns 
99688      INFO  main            d.u.i.k.p.r.p.TestFile    ... finished proof: closed. 
99979      INFO  main            d.u.i.k.p.i.AbstractProblemLoader Loading environment from /home/runner/work/key/key/key.core/../key.ui/examples/heap/permissions/threads/AFilter_inv_accessible2.key.proof 
99979      DEBUG main            d.u.i.k.p.i.AbstractProblemLoader Environment load took 155.8ns 
99980      INFO  main            d.u.i.k.p.i.AbstractProblemLoader Creating init config 
105825     DEBUG main            d.u.i.k.p.i.AbstractProblemLoader Init config took 5.84s 
105938     INFO  main            d.u.i.k.p.i.AbstractProblemLoader Replaying proof AFilter[java.lang.Object::<inv>()].JML accessible clause.1 
105943     DEBUG main            d.u.i.k.p.i.IntermediateProofReplayer Proof replay took 3.21ms 
105945     DEBUG main            d.u.i.k.p.r.p.TestFile    ... success: reloaded. 
105947     INFO  main            d.u.i.k.p.r.p.TestFile    Now processing file /home/runner/work/key/key/key.core/../key.ui/examples/heap/permissions/threads/AFilter_joinTransfer_accessible.key 
105947     INFO  main            d.u.i.k.p.i.AbstractProblemLoader Loading environment from /home/runner/work/key/key/key.core/../key.ui/examples/heap/permissions/threads/AFilter_joinTransfer_accessible.key 
105947     DEBUG main            d.u.i.k.p.i.AbstractProblemLoader Environment load took 214.3ns 
105948     INFO  main            d.u.i.k.p.i.AbstractProblemLoader Creating init config 
111846     DEBUG main            d.u.i.k.p.i.AbstractProblemLoader Init config took 5.9s 
111972     INFO  main            d.u.i.k.p.i.AbstractProblemLoader Replaying proof AFilter[ThreadSpec2::joinTransfer()].JML accessible clause.0 
111974     DEBUG main            d.u.i.k.p.i.IntermediateProofReplayer Proof replay took 9.9ns 
113480     INFO  main            d.u.i.k.p.r.p.TestFile    ... finished proof: closed. 
113812     INFO  main            d.u.i.k.p.i.AbstractProblemLoader Loading environment from /home/runner/work/key/key/key.core/../key.ui/examples/heap/permissions/threads/AFilter_joinTransfer_accessible.key.proof 
113812     DEBUG main            d.u.i.k.p.i.AbstractProblemLoader Environment load took 449.6ns 
113814     INFO  main            d.u.i.k.p.i.AbstractProblemLoader Creating init config 
119681     DEBUG main            d.u.i.k.p.i.AbstractProblemLoader Init config took 5.87s 
119793     INFO  main            d.u.i.k.p.i.AbstractProblemLoader Replaying proof AFilter[ThreadSpec2::joinTransfer()].JML accessible clause.0 
119998     DEBUG main            d.u.i.k.p.i.IntermediateProofReplayer Proof replay took 198.08ms 
120000     DEBUG main            d.u.i.k.p.r.p.TestFile    ... success: reloaded. 
120002     INFO  main            d.u.i.k.p.r.p.TestFile    Now processing file /home/runner/work/key/key/key.core/../key.ui/examples/heap/permissions/threads/AFilter_joinTransfer_contract.key 
120002     INFO  main            d.u.i.k.p.i.AbstractProblemLoader Loading environment from /home/runner/work/key/key/key.core/../key.ui/examples/heap/permissions/threads/AFilter_joinTransfer_contract.key 
120003     DEBUG main            d.u.i.k.p.i.AbstractProblemLoader Environment load took 253.1ns 
120004     INFO  main            d.u.i.k.p.i.AbstractProblemLoader Creating init config 
125964     DEBUG main            d.u.i.k.p.i.AbstractProblemLoader Init config took 5.96s 
126092     INFO  main            d.u.i.k.p.i.AbstractProblemLoader Replaying proof AFilter[ThreadSpec2::joinTransfer()].JML model_behavior operation contract.0 
126094     DEBUG main            d.u.i.k.p.i.IntermediateProofReplayer Proof replay took 9.2ns 
126200     INFO  main            d.u.i.k.p.r.p.TestFile    ... finished proof: closed. 
126493     INFO  main            d.u.i.k.p.i.AbstractProblemLoader Loading environment from /home/runner/work/key/key/key.core/../key.ui/examples/heap/permissions/threads/AFilter_joinTransfer_contract.key.proof 
126493     DEBUG main            d.u.i.k.p.i.AbstractProblemLoader Environment load took 161ns 
126494     INFO  main            d.u.i.k.p.i.AbstractProblemLoader Creating init config 
132374     DEBUG main            d.u.i.k.p.i.AbstractProblemLoader Init config took 5.88s 
132502     INFO  main            d.u.i.k.p.i.AbstractProblemLoader Replaying proof AFilter[ThreadSpec2::joinTransfer()].JML model_behavior operation contract.0 
132520     DEBUG main            d.u.i.k.p.i.IntermediateProofReplayer Proof replay took 12.92ms 
132523     DEBUG main            d.u.i.k.p.r.p.TestFile    ... success: reloaded. 
132524     INFO  main            d.u.i.k.p.r.p.TestFile    Now processing file /home/runner/work/key/key/key.core/../key.ui/examples/heap/permissions/threads/AFilter_postJoin_accessible.key 
132525     INFO  main            d.u.i.k.p.i.AbstractProblemLoader Loading environment from /home/runner/work/key/key/key.core/../key.ui/examples/heap/permissions/threads/AFilter_postJoin_accessible.key 
132525     DEBUG main            d.u.i.k.p.i.AbstractProblemLoader Environment load took 116.1ns 
132527     INFO  main            d.u.i.k.p.i.AbstractProblemLoader Creating init config 
138524     DEBUG main            d.u.i.k.p.i.AbstractProblemLoader Init config took 6s 
138640     INFO  main            d.u.i.k.p.i.AbstractProblemLoader Replaying proof AFilter[ThreadSpec2::postJoin(java.lang.Object)].JML accessible clause.0 
138642     DEBUG main            d.u.i.k.p.i.IntermediateProofReplayer Proof replay took 7.9ns 
138748     INFO  main            d.u.i.k.p.r.p.TestFile    ... finished proof: closed. 
139070     INFO  main            d.u.i.k.p.i.AbstractProblemLoader Loading environment from /home/runner/work/key/key/key.core/../key.ui/examples/heap/permissions/threads/AFilter_postJoin_accessible.key.proof 
139070     DEBUG main            d.u.i.k.p.i.AbstractProblemLoader Environment load took 167.5ns 
139072     INFO  main            d.u.i.k.p.i.AbstractProblemLoader Creating init config 
144923     DEBUG main            d.u.i.k.p.i.AbstractProblemLoader Init config took 5.85s 
145029     INFO  main            d.u.i.k.p.i.AbstractProblemLoader Replaying proof AFilter[ThreadSpec2::postJoin(java.lang.Object)].JML accessible clause.0 
145041     DEBUG main            d.u.i.k.p.i.IntermediateProofReplayer Proof replay took 9.96ms 
145043     DEBUG main            d.u.i.k.p.r.p.TestFile    ... success: reloaded. 
145044     INFO  main            d.u.i.k.p.r.p.TestFile    Now processing file /home/runner/work/key/key/key.core/../key.ui/examples/heap/permissions/threads/AFilter_preStart_accessible.key 
145044     INFO  main            d.u.i.k.p.i.AbstractProblemLoader Loading environment from /home/runner/work/key/key/key.core/../key.ui/examples/heap/permissions/threads/AFilter_preStart_accessible.key 
145044     DEBUG main            d.u.i.k.p.i.AbstractProblemLoader Environment load took 120.4ns 
145046     INFO  main            d.u.i.k.p.i.AbstractProblemLoader Creating init config 
150988     DEBUG main            d.u.i.k.p.i.AbstractProblemLoader Init config took 5.94s 
151120     INFO  main            d.u.i.k.p.i.AbstractProblemLoader Replaying proof AFilter[ThreadSpec2::preStart(java.lang.Object)].JML accessible clause.0 
151123     DEBUG main            d.u.i.k.p.i.IntermediateProofReplayer Proof replay took 8.3ns 
151527     INFO  main            d.u.i.k.p.r.p.TestFile    ... finished proof: closed. 
151856     INFO  main            d.u.i.k.p.i.AbstractProblemLoader Loading environment from /home/runner/work/key/key/key.core/../key.ui/examples/heap/permissions/threads/AFilter_preStart_accessible.key.proof 
151857     DEBUG main            d.u.i.k.p.i.AbstractProblemLoader Environment load took 416.7ns 
151858     INFO  main            d.u.i.k.p.i.AbstractProblemLoader Creating init config 
157704     DEBUG main            d.u.i.k.p.i.AbstractProblemLoader Init config took 5.85s 
157833     INFO  main            d.u.i.k.p.i.AbstractProblemLoader Replaying proof AFilter[ThreadSpec2::preStart(java.lang.Object)].JML accessible clause.0 
157887     DEBUG main            d.u.i.k.p.i.IntermediateProofReplayer Proof replay took 49.47ms 
157888     DEBUG main            d.u.i.k.p.r.p.TestFile    ... success: reloaded. 
157889     INFO  main            d.u.i.k.p.r.p.TestFile    Now processing file /home/runner/work/key/key/key.core/../key.ui/examples/heap/permissions/threads/AFilter_startTransfer_accessible.key 
157890     INFO  main            d.u.i.k.p.i.AbstractProblemLoader Loading environment from /home/runner/work/key/key/key.core/../key.ui/examples/heap/permissions/threads/AFilter_startTransfer_accessible.key 
157890     DEBUG main            d.u.i.k.p.i.AbstractProblemLoader Environment load took 123.5ns 
157891     INFO  main            d.u.i.k.p.i.AbstractProblemLoader Creating init config 
163790     DEBUG main            d.u.i.k.p.i.AbstractProblemLoader Init config took 5.9s 
163911     INFO  main            d.u.i.k.p.i.AbstractProblemLoader Replaying proof AFilter[ThreadSpec2::startTransfer()].JML accessible clause.0 
163913     DEBUG main            d.u.i.k.p.i.IntermediateProofReplayer Proof replay took 8.3ns 
176874     INFO  main            d.u.i.k.p.r.p.TestFile    ... finished proof: closed. 
177253     INFO  main            d.u.i.k.p.i.AbstractProblemLoader Loading environment from /home/runner/work/key/key/key.core/../key.ui/examples/heap/permissions/threads/AFilter_startTransfer_accessible.key.proof 
177253     DEBUG main            d.u.i.k.p.i.AbstractProblemLoader Environment load took 434.2ns 
177255     INFO  main            d.u.i.k.p.i.AbstractProblemLoader Creating init config 
183045     DEBUG main            d.u.i.k.p.i.AbstractProblemLoader Init config took 5.79s 
183152     INFO  main            d.u.i.k.p.i.AbstractProblemLoader Replaying proof AFilter[ThreadSpec2::startTransfer()].JML accessible clause.0 
184252     DEBUG main            d.u.i.k.p.i.IntermediateProofReplayer Proof replay took 1.07s 
184254     DEBUG main            d.u.i.k.p.r.p.TestFile    ... success: reloaded. 
184255     INFO  main            d.u.i.k.p.r.p.TestFile    Now processing file /home/runner/work/key/key/key.core/../key.ui/examples/heap/permissions/threads/AFilter_startTransfer_contract.key 
184256     INFO  main            d.u.i.k.p.i.AbstractProblemLoader Loading environment from /home/runner/work/key/key/key.core/../key.ui/examples/heap/permissions/threads/AFilter_startTransfer_contract.key 
184256     DEBUG main            d.u.i.k.p.i.AbstractProblemLoader Environment load took 122.9ns 
184257     INFO  main            d.u.i.k.p.i.AbstractProblemLoader Creating init config 
190222     DEBUG main            d.u.i.k.p.i.AbstractProblemLoader Init config took 5.97s 
190337     INFO  main            d.u.i.k.p.i.AbstractProblemLoader Replaying proof AFilter[ThreadSpec2::startTransfer()].JML model_behavior operation contract.0 
190339     DEBUG main            d.u.i.k.p.i.IntermediateProofReplayer Proof replay took 9.6ns 
190862     INFO  main            d.u.i.k.p.r.p.TestFile    ... finished proof: closed. 
191318     INFO  main            d.u.i.k.p.i.AbstractProblemLoader Loading environment from /home/runner/work/key/key/key.core/../key.ui/examples/heap/permissions/threads/AFilter_startTransfer_contract.key.proof 
191319     DEBUG main            d.u.i.k.p.i.AbstractProblemLoader Environment load took 1.07ms 
191320     INFO  main            d.u.i.k.p.i.AbstractProblemLoader Creating init config 
197149     DEBUG main            d.u.i.k.p.i.AbstractProblemLoader Init config took 5.83s 
197257     INFO  main            d.u.i.k.p.i.AbstractProblemLoader Replaying proof AFilter[ThreadSpec2::startTransfer()].JML model_behavior operation contract.0 
197324     DEBUG main            d.u.i.k.p.i.IntermediateProofReplayer Proof replay took 61.83ms 
197326     DEBUG main            d.u.i.k.p.r.p.TestFile    ... success: reloaded. 
197328     INFO  main            d.u.i.k.p.r.p.TestFile    Now processing file /home/runner/work/key/key/key.core/../key.ui/examples/heap/permissions/threads/AFilter_stateInv_accessible.key 
197328     INFO  main            d.u.i.k.p.i.AbstractProblemLoader Loading environment from /home/runner/work/key/key/key.core/../key.ui/examples/heap/permissions/threads/AFilter_stateInv_accessible.key 
197329     DEBUG main            d.u.i.k.p.i.AbstractProblemLoader Environment load took 231.9ns 
197330     INFO  main            d.u.i.k.p.i.AbstractProblemLoader Creating init config 
203320     DEBUG main            d.u.i.k.p.i.AbstractProblemLoader Init config took 5.99s 
203426     INFO  main            d.u.i.k.p.i.AbstractProblemLoader Replaying proof AFilter[ThreadSpec2::stateInv()].JML accessible clause.0 
203428     DEBUG main            d.u.i.k.p.i.IntermediateProofReplayer Proof replay took 8.3ns 
203831     INFO  main            d.u.i.k.p.r.p.TestFile    ... finished proof: closed. 
204203     INFO  main            d.u.i.k.p.i.AbstractProblemLoader Loading environment from /home/runner/work/key/key/key.core/../key.ui/examples/heap/permissions/threads/AFilter_stateInv_accessible.key.proof 
204204     DEBUG main            d.u.i.k.p.i.AbstractProblemLoader Environment load took 404.7ns 
204207     INFO  main            d.u.i.k.p.i.AbstractProblemLoader Creating init config 
210034     DEBUG main            d.u.i.k.p.i.AbstractProblemLoader Init config took 5.83s 
210139     INFO  main            d.u.i.k.p.i.AbstractProblemLoader Replaying proof AFilter[ThreadSpec2::stateInv()].JML accessible clause.0 
210192     DEBUG main            d.u.i.k.p.i.IntermediateProofReplayer Proof replay took 49.08ms 
210193     DEBUG main            d.u.i.k.p.r.p.TestFile    ... success: reloaded. 
210194     INFO  main            d.u.i.k.p.r.p.TestFile    Now processing file /home/runner/work/key/key/key.core/../key.ui/examples/heap/permissions/threads/AFilter_staticPermissions_accessible.key 
210194     INFO  main            d.u.i.k.p.i.AbstractProblemLoader Loading environment from /home/runner/work/key/key/key.core/../key.ui/examples/heap/permissions/threads/AFilter_staticPermissions_accessible.key 
210195     DEBUG main            d.u.i.k.p.i.AbstractProblemLoader Environment load took 126.3ns 
210196     INFO  main            d.u.i.k.p.i.AbstractProblemLoader Creating init config 
216120     DEBUG main            d.u.i.k.p.i.AbstractProblemLoader Init config took 5.92s 
216240     INFO  main            d.u.i.k.p.i.AbstractProblemLoader Replaying proof AFilter[ThreadSpec2::staticPermissions()].JML accessible clause.0 
216242     DEBUG main            d.u.i.k.p.i.IntermediateProofReplayer Proof replay took 8.1ns 
216348     INFO  main            d.u.i.k.p.r.p.TestFile    ... finished proof: closed. 
216708     INFO  main            d.u.i.k.p.i.AbstractProblemLoader Loading environment from /home/runner/work/key/key/key.core/../key.ui/examples/heap/permissions/threads/AFilter_staticPermissions_accessible.key.proof 
216708     DEBUG main            d.u.i.k.p.i.AbstractProblemLoader Environment load took 175.4ns 
216709     INFO  main            d.u.i.k.p.i.AbstractProblemLoader Creating init config 
222516     DEBUG main            d.u.i.k.p.i.AbstractProblemLoader Init config took 5.81s 
222618     INFO  main            d.u.i.k.p.i.AbstractProblemLoader Replaying proof AFilter[ThreadSpec2::staticPermissions()].JML accessible clause.0 
222633     DEBUG main            d.u.i.k.p.i.IntermediateProofReplayer Proof replay took 11.87ms 
222634     DEBUG main            d.u.i.k.p.r.p.TestFile    ... success: reloaded. 
222635     INFO  main            d.u.i.k.p.r.p.TestFile    Now processing file /home/runner/work/key/key/key.core/../key.ui/examples/heap/permissions/threads/AFilter_workingPermissions_accessible.key 
222635     INFO  main            d.u.i.k.p.i.AbstractProblemLoader Loading environment from /home/runner/work/key/key/key.core/../key.ui/examples/heap/permissions/threads/AFilter_workingPermissions_accessible.key 
222636     DEBUG main            d.u.i.k.p.i.AbstractProblemLoader Environment load took 102.3ns 
222637     INFO  main            d.u.i.k.p.i.AbstractProblemLoader Creating init config 
228576     DEBUG main            d.u.i.k.p.i.AbstractProblemLoader Init config took 5.94s 
228678     INFO  main            d.u.i.k.p.i.AbstractProblemLoader Replaying proof AFilter[ThreadSpec2::workingPermissions()].JML accessible clause.0 
228680     DEBUG main            d.u.i.k.p.i.IntermediateProofReplayer Proof replay took 7.4ns 
228782     INFO  main            d.u.i.k.p.r.p.TestFile    ... finished proof: closed. 
229135     INFO  main            d.u.i.k.p.i.AbstractProblemLoader Loading environment from /home/runner/work/key/key/key.core/../key.ui/examples/heap/permissions/threads/AFilter_workingPermissions_accessible.key.proof 
229135     DEBUG main            d.u.i.k.p.i.AbstractProblemLoader Environment load took 132.6ns 
229136     INFO  main            d.u.i.k.p.i.AbstractProblemLoader Creating init config 
234974     DEBUG main            d.u.i.k.p.i.AbstractProblemLoader Init config took 5.84s 
235093     INFO  main            d.u.i.k.p.i.AbstractProblemLoader Replaying proof AFilter[ThreadSpec2::workingPermissions()].JML accessible clause.0 
235108     DEBUG main            d.u.i.k.p.i.IntermediateProofReplayer Proof replay took 11.84ms 
235109     DEBUG main            d.u.i.k.p.r.p.TestFile    ... success: reloaded. 
235110     INFO  main            d.u.i.k.p.r.p.TestFile    Now processing file /home/runner/work/key/key/key.core/../key.ui/examples/heap/permissions/threads/BFilter_BFilter.key 
235111     INFO  main            d.u.i.k.p.i.AbstractProblemLoader Loading environment from /home/runner/work/key/key/key.core/../key.ui/examples/heap/permissions/threads/BFilter_BFilter.key 
235111     DEBUG main            d.u.i.k.p.i.AbstractProblemLoader Environment load took 115.7ns 
235112     INFO  main            d.u.i.k.p.i.AbstractProblemLoader Creating init config 
241042     DEBUG main            d.u.i.k.p.i.AbstractProblemLoader Init config took 5.93s 
241147     INFO  main            d.u.i.k.p.i.AbstractProblemLoader Replaying proof BFilter[BFilter::BFilter(Sampler,Buffer)].JML normal_behavior operation contract.0 
241149     DEBUG main            d.u.i.k.p.i.IntermediateProofReplayer Proof replay took 7.8ns 
242454     INFO  main            d.u.i.k.p.r.p.TestFile    ... finished proof: closed. 
242862     INFO  main            d.u.i.k.p.i.AbstractProblemLoader Loading environment from /home/runner/work/key/key/key.core/../key.ui/examples/heap/permissions/threads/BFilter_BFilter.key.proof 
242862     DEBUG main            d.u.i.k.p.i.AbstractProblemLoader Environment load took 417.4ns 
242863     INFO  main            d.u.i.k.p.i.AbstractProblemLoader Creating init config 
248697     DEBUG main            d.u.i.k.p.i.AbstractProblemLoader Init config took 5.83s 
248803     INFO  main            d.u.i.k.p.i.AbstractProblemLoader Replaying proof BFilter[BFilter::BFilter(Sampler,Buffer)].JML normal_behavior operation contract.0 
249041     DEBUG main            d.u.i.k.p.i.IntermediateProofReplayer Proof replay took 232.1ms 
249042     DEBUG main            d.u.i.k.p.r.p.TestFile    ... success: reloaded. 
249044     INFO  main            d.u.i.k.p.r.p.TestFile    Now processing file /home/runner/work/key/key/key.core/../key.ui/examples/heap/permissions/threads/BFilter_initPost_accessible.key 
249045     INFO  main            d.u.i.k.p.i.AbstractProblemLoader Loading environment from /home/runner/work/key/key/key.core/../key.ui/examples/heap/permissions/threads/BFilter_initPost_accessible.key 
249045     DEBUG main            d.u.i.k.p.i.AbstractProblemLoader Environment load took 262ns 
249046     INFO  main            d.u.i.k.p.i.AbstractProblemLoader Creating init config 
255021     DEBUG main            d.u.i.k.p.i.AbstractProblemLoader Init config took 5.98s 
255124     INFO  main            d.u.i.k.p.i.AbstractProblemLoader Replaying proof BFilter[ThreadSpec2::initPost()].JML accessible clause.0 
255125     DEBUG main            d.u.i.k.p.i.IntermediateProofReplayer Proof replay took 8.9ns 
255228     INFO  main            d.u.i.k.p.r.p.TestFile    ... finished proof: closed. 
255603     INFO  main            d.u.i.k.p.i.AbstractProblemLoader Loading environment from /home/runner/work/key/key/key.core/../key.ui/examples/heap/permissions/threads/BFilter_initPost_accessible.key.proof 
255603     DEBUG main            d.u.i.k.p.i.AbstractProblemLoader Environment load took 129.3ns 
255605     INFO  main            d.u.i.k.p.i.AbstractProblemLoader Creating init config 
261387     DEBUG main            d.u.i.k.p.i.AbstractProblemLoader Init config took 5.78s 
261516     INFO  main            d.u.i.k.p.i.AbstractProblemLoader Replaying proof BFilter[ThreadSpec2::initPost()].JML accessible clause.0 
261533     DEBUG main            d.u.i.k.p.i.IntermediateProofReplayer Proof replay took 13.58ms 
261534     DEBUG main            d.u.i.k.p.r.p.TestFile    ... success: reloaded. 
261535     INFO  main            d.u.i.k.p.r.p.TestFile    Now processing file /home/runner/work/key/key/key.core/../key.ui/examples/heap/permissions/threads/BFilter_inv_accessible1.key 
261535     INFO  main            d.u.i.k.p.i.AbstractProblemLoader Loading environment from /home/runner/work/key/key/key.core/../key.ui/examples/heap/permissions/threads/BFilter_inv_accessible1.key 
261535     DEBUG main            d.u.i.k.p.i.AbstractProblemLoader Environment load took 113.7ns 
261536     INFO  main            d.u.i.k.p.i.AbstractProblemLoader Creating init config 
267475     DEBUG main            d.u.i.k.p.i.AbstractProblemLoader Init config took 5.94s 
267583     INFO  main            d.u.i.k.p.i.AbstractProblemLoader Replaying proof BFilter[java.lang.Object::<inv>()].JML accessible clause.0 
267586     DEBUG main            d.u.i.k.p.i.IntermediateProofReplayer Proof replay took 7.4ns 
267689     INFO  main            d.u.i.k.p.r.p.TestFile    ... finished proof: closed. 
268053     INFO  main            d.u.i.k.p.i.AbstractProblemLoader Loading environment from /home/runner/work/key/key/key.core/../key.ui/examples/heap/permissions/threads/BFilter_inv_accessible1.key.proof 
268053     DEBUG main            d.u.i.k.p.i.AbstractProblemLoader Environment load took 130.5ns 
268055     INFO  main            d.u.i.k.p.i.AbstractProblemLoader Creating init config 
273832     DEBUG main            d.u.i.k.p.i.AbstractProblemLoader Init config took 5.78s 
273944     INFO  main            d.u.i.k.p.i.AbstractProblemLoader Replaying proof BFilter[java.lang.Object::<inv>()].JML accessible clause.0 
273948     DEBUG main            d.u.i.k.p.i.IntermediateProofReplayer Proof replay took 2.37ms 
273949     DEBUG main            d.u.i.k.p.r.p.TestFile    ... success: reloaded. 
273950     INFO  main            d.u.i.k.p.r.p.TestFile    Now processing file /home/runner/work/key/key/key.core/../key.ui/examples/heap/permissions/threads/BFilter_inv_accessible2.key 
273951     INFO  main            d.u.i.k.p.i.AbstractProblemLoader Loading environment from /home/runner/work/key/key/key.core/../key.ui/examples/heap/permissions/threads/BFilter_inv_accessible2.key 
273951     DEBUG main            d.u.i.k.p.i.AbstractProblemLoader Environment load took 76.9ns 
273952     INFO  main            d.u.i.k.p.i.AbstractProblemLoader Creating init config 
279869     DEBUG main            d.u.i.k.p.i.AbstractProblemLoader Init config took 5.92s 
279971     INFO  main            d.u.i.k.p.i.AbstractProblemLoader Replaying proof BFilter[java.lang.Object::<inv>()].JML accessible clause.1 
279972     DEBUG main            d.u.i.k.p.i.IntermediateProofReplayer Proof replay took 8.5ns 
280079     INFO  main            d.u.i.k.p.r.p.TestFile    ... finished proof: closed. 
280473     INFO  main            d.u.i.k.p.i.AbstractProblemLoader Loading environment from /home/runner/work/key/key/key.core/../key.ui/examples/heap/permissions/threads/BFilter_inv_accessible2.key.proof 
280474     DEBUG main            d.u.i.k.p.i.AbstractProblemLoader Environment load took 128.3ns 
280475     INFO  main            d.u.i.k.p.i.AbstractProblemLoader Creating init config 
286228     DEBUG main            d.u.i.k.p.i.AbstractProblemLoader Init config took 5.75s 
286361     INFO  main            d.u.i.k.p.i.AbstractProblemLoader Replaying proof BFilter[java.lang.Object::<inv>()].JML accessible clause.1 
286367     DEBUG main            d.u.i.k.p.i.IntermediateProofReplayer Proof replay took 2.63ms 
286368     DEBUG main            d.u.i.k.p.r.p.TestFile    ... success: reloaded. 
286369     INFO  main            d.u.i.k.p.r.p.TestFile    Now processing file /home/runner/work/key/key/key.core/../key.ui/examples/heap/permissions/threads/BFilter_joinTransfer_accessible.key 
286370     INFO  main            d.u.i.k.p.i.AbstractProblemLoader Loading environment from /home/runner/work/key/key/key.core/../key.ui/examples/heap/permissions/threads/BFilter_joinTransfer_accessible.key 
286370     DEBUG main            d.u.i.k.p.i.AbstractProblemLoader Environment load took 221.2ns 
286371     INFO  main            d.u.i.k.p.i.AbstractProblemLoader Creating init config 
292262     DEBUG main            d.u.i.k.p.i.AbstractProblemLoader Init config took 5.89s 
292367     INFO  main            d.u.i.k.p.i.AbstractProblemLoader Replaying proof BFilter[ThreadSpec2::joinTransfer()].JML accessible clause.0 
292372     DEBUG main            d.u.i.k.p.i.IntermediateProofReplayer Proof replay took 8.9ns 
293783     INFO  main            d.u.i.k.p.r.p.TestFile    ... finished proof: closed. 
294193     INFO  main            d.u.i.k.p.i.AbstractProblemLoader Loading environment from /home/runner/work/key/key/key.core/../key.ui/examples/heap/permissions/threads/BFilter_joinTransfer_accessible.key.proof 
294193     DEBUG main            d.u.i.k.p.i.AbstractProblemLoader Environment load took 189.6ns 
294195     INFO  main            d.u.i.k.p.i.AbstractProblemLoader Creating init config 
300026     DEBUG main            d.u.i.k.p.i.AbstractProblemLoader Init config took 5.83s 
300131     INFO  main            d.u.i.k.p.i.AbstractProblemLoader Replaying proof BFilter[ThreadSpec2::joinTransfer()].JML accessible clause.0 
300278     DEBUG main            d.u.i.k.p.i.IntermediateProofReplayer Proof replay took 140.43ms 
300279     DEBUG main            d.u.i.k.p.r.p.TestFile    ... success: reloaded. 
300281     INFO  main            d.u.i.k.p.r.p.TestFile    Now processing file /home/runner/work/key/key/key.core/../key.ui/examples/heap/permissions/threads/BFilter_joinTransfer_contract.key 
300281     INFO  main            d.u.i.k.p.i.AbstractProblemLoader Loading environment from /home/runner/work/key/key/key.core/../key.ui/examples/heap/permissions/threads/BFilter_joinTransfer_contract.key 
300281     DEBUG main            d.u.i.k.p.i.AbstractProblemLoader Environment load took 204.2ns 
300282     INFO  main            d.u.i.k.p.i.AbstractProblemLoader Creating init config 
306215     DEBUG main            d.u.i.k.p.i.AbstractProblemLoader Init config took 5.93s 
306322     INFO  main            d.u.i.k.p.i.AbstractProblemLoader Replaying proof BFilter[ThreadSpec2::joinTransfer()].JML model_behavior operation contract.0 
306324     DEBUG main            d.u.i.k.p.i.IntermediateProofReplayer Proof replay took 8.6ns 
306428     INFO  main            d.u.i.k.p.r.p.TestFile    ... finished proof: closed. 
306846     INFO  main            d.u.i.k.p.i.AbstractProblemLoader Loading environment from /home/runner/work/key/key/key.core/../key.ui/examples/heap/permissions/threads/BFilter_joinTransfer_contract.key.proof 
306846     DEBUG main            d.u.i.k.p.i.AbstractProblemLoader Environment load took 119.4ns 
306847     INFO  main            d.u.i.k.p.i.AbstractProblemLoader Creating init config 
312710     DEBUG main            d.u.i.k.p.i.AbstractProblemLoader Init config took 5.86s 
312817     INFO  main            d.u.i.k.p.i.AbstractProblemLoader Replaying proof BFilter[ThreadSpec2::joinTransfer()].JML model_behavior operation contract.0 
312829     DEBUG main            d.u.i.k.p.i.IntermediateProofReplayer Proof replay took 10.03ms 
312831     DEBUG main            d.u.i.k.p.r.p.TestFile    ... success: reloaded. 
312832     INFO  main            d.u.i.k.p.r.p.TestFile    Now processing file /home/runner/work/key/key/key.core/../key.ui/examples/heap/permissions/threads/BFilter_postJoin_accessible.key 
312832     INFO  main            d.u.i.k.p.i.AbstractProblemLoader Loading environment from /home/runner/work/key/key/key.core/../key.ui/examples/heap/permissions/threads/BFilter_postJoin_accessible.key 
312833     DEBUG main            d.u.i.k.p.i.AbstractProblemLoader Environment load took 198.6ns 
312834     INFO  main            d.u.i.k.p.i.AbstractProblemLoader Creating init config 
318769     DEBUG main            d.u.i.k.p.i.AbstractProblemLoader Init config took 5.93s 
318870     INFO  main            d.u.i.k.p.i.AbstractProblemLoader Replaying proof BFilter[ThreadSpec2::postJoin(java.lang.Object)].JML accessible clause.0 
318872     DEBUG main            d.u.i.k.p.i.IntermediateProofReplayer Proof replay took 8.9ns 
318976     INFO  main            d.u.i.k.p.r.p.TestFile    ... finished proof: closed. 
319445     INFO  main            d.u.i.k.p.i.AbstractProblemLoader Loading environment from /home/runner/work/key/key/key.core/../key.ui/examples/heap/permissions/threads/BFilter_postJoin_accessible.key.proof 
319446     DEBUG main            d.u.i.k.p.i.AbstractProblemLoader Environment load took 131.6ns 
319447     INFO  main            d.u.i.k.p.i.AbstractProblemLoader Creating init config 
325246     DEBUG main            d.u.i.k.p.i.AbstractProblemLoader Init config took 5.8s 
325350     INFO  main            d.u.i.k.p.i.AbstractProblemLoader Replaying proof BFilter[ThreadSpec2::postJoin(java.lang.Object)].JML accessible clause.0 
325361     DEBUG main            d.u.i.k.p.i.IntermediateProofReplayer Proof replay took 8.33ms 
325362     DEBUG main            d.u.i.k.p.r.p.TestFile    ... success: reloaded. 
325363     INFO  main            d.u.i.k.p.r.p.TestFile    Now processing file /home/runner/work/key/key/key.core/../key.ui/examples/heap/permissions/threads/BFilter_preStart_accessible.key 
325363     INFO  main            d.u.i.k.p.i.AbstractProblemLoader Loading environment from /home/runner/work/key/key/key.core/../key.ui/examples/heap/permissions/threads/BFilter_preStart_accessible.key 
325364     DEBUG main            d.u.i.k.p.i.AbstractProblemLoader Environment load took 188.4ns 
325365     INFO  main            d.u.i.k.p.i.AbstractProblemLoader Creating init config 
331287     DEBUG main            d.u.i.k.p.i.AbstractProblemLoader Init config took 5.92s 
331390     INFO  main            d.u.i.k.p.i.AbstractProblemLoader Replaying proof BFilter[ThreadSpec2::preStart(java.lang.Object)].JML accessible clause.0 
331392     DEBUG main            d.u.i.k.p.i.IntermediateProofReplayer Proof replay took 7.8ns 
331794     INFO  main            d.u.i.k.p.r.p.TestFile    ... finished proof: closed. 
332200     INFO  main            d.u.i.k.p.i.AbstractProblemLoader Loading environment from /home/runner/work/key/key/key.core/../key.ui/examples/heap/permissions/threads/BFilter_preStart_accessible.key.proof 
332200     DEBUG main            d.u.i.k.p.i.AbstractProblemLoader Environment load took 121.9ns 
332201     INFO  main            d.u.i.k.p.i.AbstractProblemLoader Creating init config 
338094     DEBUG main            d.u.i.k.p.i.AbstractProblemLoader Init config took 5.89s 
338198     INFO  main            d.u.i.k.p.i.AbstractProblemLoader Replaying proof BFilter[ThreadSpec2::preStart(java.lang.Object)].JML accessible clause.0 
338246     DEBUG main            d.u.i.k.p.i.IntermediateProofReplayer Proof replay took 44.61ms 
338247     DEBUG main            d.u.i.k.p.r.p.TestFile    ... success: reloaded. 
338249     INFO  main            d.u.i.k.p.r.p.TestFile    Now processing file /home/runner/work/key/key/key.core/../key.ui/examples/heap/permissions/threads/BFilter_startTransfer_accessible.key 
338249     INFO  main            d.u.i.k.p.i.AbstractProblemLoader Loading environment from /home/runner/work/key/key/key.core/../key.ui/examples/heap/permissions/threads/BFilter_startTransfer_accessible.key 
338249     DEBUG main            d.u.i.k.p.i.AbstractProblemLoader Environment load took 124.8ns 
338250     INFO  main            d.u.i.k.p.i.AbstractProblemLoader Creating init config 
344212     DEBUG main            d.u.i.k.p.i.AbstractProblemLoader Init config took 5.96s 
344334     INFO  main            d.u.i.k.p.i.AbstractProblemLoader Replaying proof BFilter[ThreadSpec2::startTransfer()].JML accessible clause.0 
344336     DEBUG main            d.u.i.k.p.i.IntermediateProofReplayer Proof replay took 8ns 
357661     INFO  main            d.u.i.k.p.r.p.TestFile    ... finished proof: closed. 
358127     INFO  main            d.u.i.k.p.i.AbstractProblemLoader Loading environment from /home/runner/work/key/key/key.core/../key.ui/examples/heap/permissions/threads/BFilter_startTransfer_accessible.key.proof 
358128     DEBUG main            d.u.i.k.p.i.AbstractProblemLoader Environment load took 413.9ns 
358130     INFO  main            d.u.i.k.p.i.AbstractProblemLoader Creating init config 
363966     DEBUG main            d.u.i.k.p.i.AbstractProblemLoader Init config took 5.84s 
364071     INFO  main            d.u.i.k.p.i.AbstractProblemLoader Replaying proof BFilter[ThreadSpec2::startTransfer()].JML accessible clause.0 
365142     DEBUG main            d.u.i.k.p.i.IntermediateProofReplayer Proof replay took 1.05s 
365144     DEBUG main            d.u.i.k.p.r.p.TestFile    ... success: reloaded. 
365145     INFO  main            d.u.i.k.p.r.p.TestFile    Now processing file /home/runner/work/key/key/key.core/../key.ui/examples/heap/permissions/threads/BFilter_startTransfer_contract.key 
365146     INFO  main            d.u.i.k.p.i.AbstractProblemLoader Loading environment from /home/runner/work/key/key/key.core/../key.ui/examples/heap/permissions/threads/BFilter_startTransfer_contract.key 
365146     DEBUG main            d.u.i.k.p.i.AbstractProblemLoader Environment load took 197.3ns 
365147     INFO  main            d.u.i.k.p.i.AbstractProblemLoader Creating init config 
371125     DEBUG main            d.u.i.k.p.i.AbstractProblemLoader Init config took 5.98s 
371233     INFO  main            d.u.i.k.p.i.AbstractProblemLoader Replaying proof BFilter[ThreadSpec2::startTransfer()].JML model_behavior operation contract.0 
371235     DEBUG main            d.u.i.k.p.i.IntermediateProofReplayer Proof replay took 8.2ns 
372642     INFO  main            d.u.i.k.p.r.p.TestFile    ... finished proof: closed. 
373073     INFO  main            d.u.i.k.p.i.AbstractProblemLoader Loading environment from /home/runner/work/key/key/key.core/../key.ui/examples/heap/permissions/threads/BFilter_startTransfer_contract.key.proof 
373073     DEBUG main            d.u.i.k.p.i.AbstractProblemLoader Environment load took 556.8ns 
373075     INFO  main            d.u.i.k.p.i.AbstractProblemLoader Creating init config 
378931     DEBUG main            d.u.i.k.p.i.AbstractProblemLoader Init config took 5.86s 
379033     INFO  main            d.u.i.k.p.i.AbstractProblemLoader Replaying proof BFilter[ThreadSpec2::startTransfer()].JML model_behavior operation contract.0 
379171     DEBUG main            d.u.i.k.p.i.IntermediateProofReplayer Proof replay took 130.72ms 
379172     DEBUG main            d.u.i.k.p.r.p.TestFile    ... success: reloaded. 
379173     INFO  main            d.u.i.k.p.r.p.TestFile    Now processing file /home/runner/work/key/key/key.core/../key.ui/examples/heap/permissions/threads/BFilter_stateInv_accessible.key 
379174     INFO  main            d.u.i.k.p.i.AbstractProblemLoader Loading environment from /home/runner/work/key/key/key.core/../key.ui/examples/heap/permissions/threads/BFilter_stateInv_accessible.key 
379174     DEBUG main            d.u.i.k.p.i.AbstractProblemLoader Environment load took 124.5ns 
379175     INFO  main            d.u.i.k.p.i.AbstractProblemLoader Creating init config 
385098     DEBUG main            d.u.i.k.p.i.AbstractProblemLoader Init config took 5.92s 
385198     INFO  main            d.u.i.k.p.i.AbstractProblemLoader Replaying proof BFilter[ThreadSpec2::stateInv()].JML accessible clause.0 
385200     DEBUG main            d.u.i.k.p.i.IntermediateProofReplayer Proof replay took 7.2ns 
385603     INFO  main            d.u.i.k.p.r.p.TestFile    ... finished proof: closed. 
386057     INFO  main            d.u.i.k.p.i.AbstractProblemLoader Loading environment from /home/runner/work/key/key/key.core/../key.ui/examples/heap/permissions/threads/BFilter_stateInv_accessible.key.proof 
386057     DEBUG main            d.u.i.k.p.i.AbstractProblemLoader Environment load took 278.3ns 
386059     INFO  main            d.u.i.k.p.i.AbstractProblemLoader Creating init config 
391880     DEBUG main            d.u.i.k.p.i.AbstractProblemLoader Init config took 5.82s 
391980     INFO  main            d.u.i.k.p.i.AbstractProblemLoader Replaying proof BFilter[ThreadSpec2::stateInv()].JML accessible clause.0 
392030     DEBUG main            d.u.i.k.p.i.IntermediateProofReplayer Proof replay took 47.38ms 
392032     DEBUG main            d.u.i.k.p.r.p.TestFile    ... success: reloaded. 
392033     INFO  main            d.u.i.k.p.r.p.TestFile    Now processing file /home/runner/work/key/key/key.core/../key.ui/examples/heap/permissions/threads/BFilter_staticPermissions_accessible.key 
392033     INFO  main            d.u.i.k.p.i.AbstractProblemLoader Loading environment from /home/runner/work/key/key/key.core/../key.ui/examples/heap/permissions/threads/BFilter_staticPermissions_accessible.key 
392033     DEBUG main            d.u.i.k.p.i.AbstractProblemLoader Environment load took 142.3ns 
392034     INFO  main            d.u.i.k.p.i.AbstractProblemLoader Creating init config 
397920     DEBUG main            d.u.i.k.p.i.AbstractProblemLoader Init config took 5.89s 
398024     INFO  main            d.u.i.k.p.i.AbstractProblemLoader Replaying proof BFilter[ThreadSpec2::staticPermissions()].JML accessible clause.0 
398026     DEBUG main            d.u.i.k.p.i.IntermediateProofReplayer Proof replay took 149.1ns 
398132     INFO  main            d.u.i.k.p.r.p.TestFile    ... finished proof: closed. 
398588     INFO  main            d.u.i.k.p.i.AbstractProblemLoader Loading environment from /home/runner/work/key/key/key.core/../key.ui/examples/heap/permissions/threads/BFilter_staticPermissions_accessible.key.proof 
398588     DEBUG main            d.u.i.k.p.i.AbstractProblemLoader Environment load took 116.3ns 
398590     INFO  main            d.u.i.k.p.i.AbstractProblemLoader Creating init config 
404365     DEBUG main            d.u.i.k.p.i.AbstractProblemLoader Init config took 5.78s 
404465     INFO  main            d.u.i.k.p.i.AbstractProblemLoader Replaying proof BFilter[ThreadSpec2::staticPermissions()].JML accessible clause.0 
404479     DEBUG main            d.u.i.k.p.i.IntermediateProofReplayer Proof replay took 12ms 
404481     DEBUG main            d.u.i.k.p.r.p.TestFile    ... success: reloaded. 
404482     INFO  main            d.u.i.k.p.r.p.TestFile    Now processing file /home/runner/work/key/key/key.core/../key.ui/examples/heap/permissions/threads/BFilter_workingPermissions_accessible.key 
404482     INFO  main            d.u.i.k.p.i.AbstractProblemLoader Loading environment from /home/runner/work/key/key/key.core/../key.ui/examples/heap/permissions/threads/BFilter_workingPermissions_accessible.key 
404482     DEBUG main            d.u.i.k.p.i.AbstractProblemLoader Environment load took 136.9ns 
404483     INFO  main            d.u.i.k.p.i.AbstractProblemLoader Creating init config 
410349     DEBUG main            d.u.i.k.p.i.AbstractProblemLoader Init config took 5.87s 
410471     INFO  main            d.u.i.k.p.i.AbstractProblemLoader Replaying proof BFilter[ThreadSpec2::workingPermissions()].JML accessible clause.0 
410473     DEBUG main            d.u.i.k.p.i.IntermediateProofReplayer Proof replay took 7.5ns 
410575     INFO  main            d.u.i.k.p.r.p.TestFile    ... finished proof: closed. 
411050     INFO  main            d.u.i.k.p.i.AbstractProblemLoader Loading environment from /home/runner/work/key/key/key.core/../key.ui/examples/heap/permissions/threads/BFilter_workingPermissions_accessible.key.proof 
411050     DEBUG main            d.u.i.k.p.i.AbstractProblemLoader Environment load took 119.8ns 
411051     INFO  main            d.u.i.k.p.i.AbstractProblemLoader Creating init config 
416841     DEBUG main            d.u.i.k.p.i.AbstractProblemLoader Init config took 5.79s 
416942     INFO  main            d.u.i.k.p.i.AbstractProblemLoader Replaying proof BFilter[ThreadSpec2::workingPermissions()].JML accessible clause.0 
416955     DEBUG main            d.u.i.k.p.i.IntermediateProofReplayer Proof replay took 10.31ms 
416956     DEBUG main            d.u.i.k.p.r.p.TestFile    ... success: reloaded. 
416957     INFO  main            d.u.i.k.p.r.p.TestFile    Now processing file /home/runner/work/key/key/key.core/../key.ui/examples/heap/permissions/threads/Fib_Fib.key 
416957     INFO  main            d.u.i.k.p.i.AbstractProblemLoader Loading environment from /home/runner/work/key/key/key.core/../key.ui/examples/heap/permissions/threads/Fib_Fib.key 
416957     DEBUG main            d.u.i.k.p.i.AbstractProblemLoader Environment load took 137.3ns 
416959     INFO  main            d.u.i.k.p.i.AbstractProblemLoader Creating init config 
422826     DEBUG main            d.u.i.k.p.i.AbstractProblemLoader Init config took 5.87s 
422928     INFO  main            d.u.i.k.p.i.AbstractProblemLoader Replaying proof Fib[Fib::Fib(int)].JML normal_behavior operation contract.0 
422930     DEBUG main            d.u.i.k.p.i.IntermediateProofReplayer Proof replay took 7.7ns 
423773     INFO  main            d.u.i.k.p.r.p.TestFile    ... finished proof: closed. 
424254     INFO  main            d.u.i.k.p.i.AbstractProblemLoader Loading environment from /home/runner/work/key/key/key.core/../key.ui/examples/heap/permissions/threads/Fib_Fib.key.proof 
424254     DEBUG main            d.u.i.k.p.i.AbstractProblemLoader Environment load took 176.7ns 
424255     INFO  main            d.u.i.k.p.i.AbstractProblemLoader Creating init config 
430082     DEBUG main            d.u.i.k.p.i.AbstractProblemLoader Init config took 5.83s 
430184     INFO  main            d.u.i.k.p.i.AbstractProblemLoader Replaying proof Fib[Fib::Fib(int)].JML normal_behavior operation contract.0 
430315     DEBUG main            d.u.i.k.p.i.IntermediateProofReplayer Proof replay took 127.09ms 
430316     DEBUG main            d.u.i.k.p.r.p.TestFile    ... success: reloaded. 
430317     INFO  main            d.u.i.k.p.r.p.TestFile    Now processing file /home/runner/work/key/key/key.core/../key.ui/examples/heap/permissions/threads/Fib_initPost_accessible.key 
430317     INFO  main            d.u.i.k.p.i.AbstractProblemLoader Loading environment from /home/runner/work/key/key/key.core/../key.ui/examples/heap/permissions/threads/Fib_initPost_accessible.key 
430318     DEBUG main            d.u.i.k.p.i.AbstractProblemLoader Environment load took 102.9ns 
430319     INFO  main            d.u.i.k.p.i.AbstractProblemLoader Creating init config 
436316     DEBUG main            d.u.i.k.p.i.AbstractProblemLoader Init config took 6s 
436423     INFO  main            d.u.i.k.p.i.AbstractProblemLoader Replaying proof Fib[ThreadSpec::initPost()].JML accessible clause.0 
436425     DEBUG main            d.u.i.k.p.i.IntermediateProofReplayer Proof replay took 7.8ns 
436528     INFO  main            d.u.i.k.p.r.p.TestFile    ... finished proof: closed. 
437001     INFO  main            d.u.i.k.p.i.AbstractProblemLoader Loading environment from /home/runner/work/key/key/key.core/../key.ui/examples/heap/permissions/threads/Fib_initPost_accessible.key.proof 
437001     DEBUG main            d.u.i.k.p.i.AbstractProblemLoader Environment load took 179.1ns 
437002     INFO  main            d.u.i.k.p.i.AbstractProblemLoader Creating init config 
442832     DEBUG main            d.u.i.k.p.i.AbstractProblemLoader Init config took 5.83s 
442936     INFO  main            d.u.i.k.p.i.AbstractProblemLoader Replaying proof Fib[ThreadSpec::initPost()].JML accessible clause.0 
442944     DEBUG main            d.u.i.k.p.i.IntermediateProofReplayer Proof replay took 6.35ms 
442945     DEBUG main            d.u.i.k.p.r.p.TestFile    ... success: reloaded. 
442946     INFO  main            d.u.i.k.p.r.p.TestFile    Now processing file /home/runner/work/key/key/key.core/../key.ui/examples/heap/permissions/threads/Fib_inv1_accessible.key 
442946     INFO  main            d.u.i.k.p.i.AbstractProblemLoader Loading environment from /home/runner/work/key/key/key.core/../key.ui/examples/heap/permissions/threads/Fib_inv1_accessible.key 
442946     DEBUG main            d.u.i.k.p.i.AbstractProblemLoader Environment load took 129.5ns 
442947     INFO  main            d.u.i.k.p.i.AbstractProblemLoader Creating init config 
448825     DEBUG main            d.u.i.k.p.i.AbstractProblemLoader Init config took 5.88s 
448947     INFO  main            d.u.i.k.p.i.AbstractProblemLoader Replaying proof Fib[java.lang.Object::<inv>()].JML accessible clause.0 
448949     DEBUG main            d.u.i.k.p.i.IntermediateProofReplayer Proof replay took 8ns 
449050     INFO  main            d.u.i.k.p.r.p.TestFile    ... finished proof: closed. 
449536     INFO  main            d.u.i.k.p.i.AbstractProblemLoader Loading environment from /home/runner/work/key/key/key.core/../key.ui/examples/heap/permissions/threads/Fib_inv1_accessible.key.proof 
449536     DEBUG main            d.u.i.k.p.i.AbstractProblemLoader Environment load took 104.5ns 
449537     INFO  main            d.u.i.k.p.i.AbstractProblemLoader Creating init config 
455362     DEBUG main            d.u.i.k.p.i.AbstractProblemLoader Init config took 5.82s 
455462     INFO  main            d.u.i.k.p.i.AbstractProblemLoader Replaying proof Fib[java.lang.Object::<inv>()].JML accessible clause.0 
455466     DEBUG main            d.u.i.k.p.i.IntermediateProofReplayer Proof replay took 2.31ms 
455467     DEBUG main            d.u.i.k.p.r.p.TestFile    ... success: reloaded. 
455468     INFO  main            d.u.i.k.p.r.p.TestFile    Now processing file /home/runner/work/key/key/key.core/../key.ui/examples/heap/permissions/threads/Fib_inv2_accessible.key 
455469     INFO  main            d.u.i.k.p.i.AbstractProblemLoader Loading environment from /home/runner/work/key/key/key.core/../key.ui/examples/heap/permissions/threads/Fib_inv2_accessible.key 
455469     DEBUG main            d.u.i.k.p.i.AbstractProblemLoader Environment load took 104.6ns 
455470     INFO  main            d.u.i.k.p.i.AbstractProblemLoader Creating init config 
461359     DEBUG main            d.u.i.k.p.i.AbstractProblemLoader Init config took 5.89s 
461463     INFO  main            d.u.i.k.p.i.AbstractProblemLoader Replaying proof Fib[java.lang.Object::<inv>()].JML accessible clause.1 
461465     DEBUG main            d.u.i.k.p.i.IntermediateProofReplayer Proof replay took 8ns 
461567     INFO  main            d.u.i.k.p.r.p.TestFile    ... finished proof: closed. 
462058     INFO  main            d.u.i.k.p.i.AbstractProblemLoader Loading environment from /home/runner/work/key/key/key.core/../key.ui/examples/heap/permissions/threads/Fib_inv2_accessible.key.proof 
462059     DEBUG main            d.u.i.k.p.i.AbstractProblemLoader Environment load took 111ns 
462060     INFO  main            d.u.i.k.p.i.AbstractProblemLoader Creating init config 
467867     DEBUG main            d.u.i.k.p.i.AbstractProblemLoader Init config took 5.81s 
467966     INFO  main            d.u.i.k.p.i.AbstractProblemLoader Replaying proof Fib[java.lang.Object::<inv>()].JML accessible clause.1 
467969     DEBUG main            d.u.i.k.p.i.IntermediateProofReplayer Proof replay took 2.17ms 
467970     DEBUG main            d.u.i.k.p.r.p.TestFile    ... success: reloaded. 
467971     INFO  main            d.u.i.k.p.r.p.TestFile    Now processing file /home/runner/work/key/key/key.core/../key.ui/examples/heap/permissions/threads/Fib_joinTransfer_accessible.key 
467972     INFO  main            d.u.i.k.p.i.AbstractProblemLoader Loading environment from /home/runner/work/key/key/key.core/../key.ui/examples/heap/permissions/threads/Fib_joinTransfer_accessible.key 
467972     DEBUG main            d.u.i.k.p.i.AbstractProblemLoader Environment load took 73.9ns 
467973     INFO  main            d.u.i.k.p.i.AbstractProblemLoader Creating init config 
473870     DEBUG main            d.u.i.k.p.i.AbstractProblemLoader Init config took 5.9s 
473988     INFO  main            d.u.i.k.p.i.AbstractProblemLoader Replaying proof Fib[ThreadSpec::joinTransfer()].JML accessible clause.0 
473990     DEBUG main            d.u.i.k.p.i.IntermediateProofReplayer Proof replay took 7.7ns 
474193     INFO  main            d.u.i.k.p.r.p.TestFile    ... finished proof: closed. 
474687     INFO  main            d.u.i.k.p.i.AbstractProblemLoader Loading environment from /home/runner/work/key/key/key.core/../key.ui/examples/heap/permissions/threads/Fib_joinTransfer_accessible.key.proof 
474687     DEBUG main            d.u.i.k.p.i.AbstractProblemLoader Environment load took 113.4ns 
474688     INFO  main            d.u.i.k.p.i.AbstractProblemLoader Creating init config 
480507     DEBUG main            d.u.i.k.p.i.AbstractProblemLoader Init config took 5.82s 
480626     INFO  main            d.u.i.k.p.i.AbstractProblemLoader Replaying proof Fib[ThreadSpec::joinTransfer()].JML accessible clause.0 
480661     DEBUG main            d.u.i.k.p.i.IntermediateProofReplayer Proof replay took 32.94ms 
480662     DEBUG main            d.u.i.k.p.r.p.TestFile    ... success: reloaded. 
480664     INFO  main            d.u.i.k.p.r.p.TestFile    Now processing file /home/runner/work/key/key/key.core/../key.ui/examples/heap/permissions/threads/Fib_joinTransfer_contract.key 
480664     INFO  main            d.u.i.k.p.i.AbstractProblemLoader Loading environment from /home/runner/work/key/key/key.core/../key.ui/examples/heap/permissions/threads/Fib_joinTransfer_contract.key 
480664     DEBUG main            d.u.i.k.p.i.AbstractProblemLoader Environment load took 72.8ns 
480665     INFO  main            d.u.i.k.p.i.AbstractProblemLoader Creating init config 
486549     DEBUG main            d.u.i.k.p.i.AbstractProblemLoader Init config took 5.88s 
486650     INFO  main            d.u.i.k.p.i.AbstractProblemLoader Replaying proof Fib[ThreadSpec::joinTransfer()].JML model_behavior operation contract.0 
486651     DEBUG main            d.u.i.k.p.i.IntermediateProofReplayer Proof replay took 7.9ns 
486754     INFO  main            d.u.i.k.p.r.p.TestFile    ... finished proof: closed. 
487270     INFO  main            d.u.i.k.p.i.AbstractProblemLoader Loading environment from /home/runner/work/key/key/key.core/../key.ui/examples/heap/permissions/threads/Fib_joinTransfer_contract.key.proof 
487270     DEBUG main            d.u.i.k.p.i.AbstractProblemLoader Environment load took 124ns 
487271     INFO  main            d.u.i.k.p.i.AbstractProblemLoader Creating init config 
493062     DEBUG main            d.u.i.k.p.i.AbstractProblemLoader Init config took 5.79s 
493179     INFO  main            d.u.i.k.p.i.AbstractProblemLoader Replaying proof Fib[ThreadSpec::joinTransfer()].JML model_behavior operation contract.0 
493191     DEBUG main            d.u.i.k.p.i.IntermediateProofReplayer Proof replay took 9.25ms 
493192     DEBUG main            d.u.i.k.p.r.p.TestFile    ... success: reloaded. 
493193     INFO  main            d.u.i.k.p.r.p.TestFile    Now processing file /home/runner/work/key/key/key.core/../key.ui/examples/heap/permissions/threads/Fib_postJoin_accessible.key 
493194     INFO  main            d.u.i.k.p.i.AbstractProblemLoader Loading environment from /home/runner/work/key/key/key.core/../key.ui/examples/heap/permissions/threads/Fib_postJoin_accessible.key 
493194     DEBUG main            d.u.i.k.p.i.AbstractProblemLoader Environment load took 194.2ns 
493195     INFO  main            d.u.i.k.p.i.AbstractProblemLoader Creating init config 
499053     DEBUG main            d.u.i.k.p.i.AbstractProblemLoader Init config took 5.86s 
499154     INFO  main            d.u.i.k.p.i.AbstractProblemLoader Replaying proof Fib[ThreadSpec::postJoin(java.lang.Object)].JML accessible clause.0 
499156     DEBUG main            d.u.i.k.p.i.IntermediateProofReplayer Proof replay took 8.2ns 
499257     INFO  main            d.u.i.k.p.r.p.TestFile    ... finished proof: closed. 
499793     INFO  main            d.u.i.k.p.i.AbstractProblemLoader Loading environment from /home/runner/work/key/key/key.core/../key.ui/examples/heap/permissions/threads/Fib_postJoin_accessible.key.proof 
499793     DEBUG main            d.u.i.k.p.i.AbstractProblemLoader Environment load took 102.6ns 
499794     INFO  main            d.u.i.k.p.i.AbstractProblemLoader Creating init config 
505666     DEBUG main            d.u.i.k.p.i.AbstractProblemLoader Init config took 5.87s 
505771     INFO  main            d.u.i.k.p.i.AbstractProblemLoader Replaying proof Fib[ThreadSpec::postJoin(java.lang.Object)].JML accessible clause.0 
505779     DEBUG main            d.u.i.k.p.i.IntermediateProofReplayer Proof replay took 6.78ms 
505780     DEBUG main            d.u.i.k.p.r.p.TestFile    ... success: reloaded. 
505781     INFO  main            d.u.i.k.p.r.p.TestFile    Now processing file /home/runner/work/key/key/key.core/../key.ui/examples/heap/permissions/threads/Fib_preStart_accessible.key 
505782     INFO  main            d.u.i.k.p.i.AbstractProblemLoader Loading environment from /home/runner/work/key/key/key.core/../key.ui/examples/heap/permissions/threads/Fib_preStart_accessible.key 
505782     DEBUG main            d.u.i.k.p.i.AbstractProblemLoader Environment load took 99.5ns 
505783     INFO  main            d.u.i.k.p.i.AbstractProblemLoader Creating init config 
511677     DEBUG main            d.u.i.k.p.i.AbstractProblemLoader Init config took 5.89s 
511776     INFO  main            d.u.i.k.p.i.AbstractProblemLoader Replaying proof Fib[ThreadSpec::preStart(java.lang.Object)].JML accessible clause.0 
511778     DEBUG main            d.u.i.k.p.i.IntermediateProofReplayer Proof replay took 6.9ns 
511880     INFO  main            d.u.i.k.p.r.p.TestFile    ... finished proof: closed. 
512408     INFO  main            d.u.i.k.p.i.AbstractProblemLoader Loading environment from /home/runner/work/key/key/key.core/../key.ui/examples/heap/permissions/threads/Fib_preStart_accessible.key.proof 
512408     DEBUG main            d.u.i.k.p.i.AbstractProblemLoader Environment load took 101.6ns 
512410     INFO  main            d.u.i.k.p.i.AbstractProblemLoader Creating init config 
518220     DEBUG main            d.u.i.k.p.i.AbstractProblemLoader Init config took 5.81s 
518320     INFO  main            d.u.i.k.p.i.AbstractProblemLoader Replaying proof Fib[ThreadSpec::preStart(java.lang.Object)].JML accessible clause.0 
518328     DEBUG main            d.u.i.k.p.i.IntermediateProofReplayer Proof replay took 6.73ms 
518329     DEBUG main            d.u.i.k.p.r.p.TestFile    ... success: reloaded. 
518330     INFO  main            d.u.i.k.p.r.p.TestFile    Now processing file /home/runner/work/key/key/key.core/../key.ui/examples/heap/permissions/threads/Fib_startTransfer_accessible.key 
518331     INFO  main            d.u.i.k.p.i.AbstractProblemLoader Loading environment from /home/runner/work/key/key/key.core/../key.ui/examples/heap/permissions/threads/Fib_startTransfer_accessible.key 
518331     DEBUG main            d.u.i.k.p.i.AbstractProblemLoader Environment load took 62.7ns 
518332     INFO  main            d.u.i.k.p.i.AbstractProblemLoader Creating init config 
524255     DEBUG main            d.u.i.k.p.i.AbstractProblemLoader Init config took 5.92s 
524354     INFO  main            d.u.i.k.p.i.AbstractProblemLoader Replaying proof Fib[ThreadSpec::startTransfer()].JML accessible clause.0 
524356     DEBUG main            d.u.i.k.p.i.IntermediateProofReplayer Proof replay took 17.3ns 
524676     INFO  main            d.u.i.k.p.r.p.TestFile    ... finished proof: closed. 
525194     INFO  main            d.u.i.k.p.i.AbstractProblemLoader Loading environment from /home/runner/work/key/key/key.core/../key.ui/examples/heap/permissions/threads/Fib_startTransfer_accessible.key.proof 
525194     DEBUG main            d.u.i.k.p.i.AbstractProblemLoader Environment load took 98.1ns 
525200     INFO  main            d.u.i.k.p.i.AbstractProblemLoader Creating init config 
530997     DEBUG main            d.u.i.k.p.i.AbstractProblemLoader Init config took 5.8s 
531103     INFO  main            d.u.i.k.p.i.AbstractProblemLoader Replaying proof Fib[ThreadSpec::startTransfer()].JML accessible clause.0 
531153     DEBUG main            d.u.i.k.p.i.IntermediateProofReplayer Proof replay took 47.47ms 
531154     DEBUG main            d.u.i.k.p.r.p.TestFile    ... success: reloaded. 
531155     INFO  main            d.u.i.k.p.r.p.TestFile    Now processing file /home/runner/work/key/key/key.core/../key.ui/examples/heap/permissions/threads/Fib_startTransfer_contract.key 
531156     INFO  main            d.u.i.k.p.i.AbstractProblemLoader Loading environment from /home/runner/work/key/key/key.core/../key.ui/examples/heap/permissions/threads/Fib_startTransfer_contract.key 
531156     DEBUG main            d.u.i.k.p.i.AbstractProblemLoader Environment load took 90.3ns 
531157     INFO  main            d.u.i.k.p.i.AbstractProblemLoader Creating init config 
537057     DEBUG main            d.u.i.k.p.i.AbstractProblemLoader Init config took 5.9s 
537175     INFO  main            d.u.i.k.p.i.AbstractProblemLoader Replaying proof Fib[ThreadSpec::startTransfer()].JML model_behavior operation contract.0 
537177     DEBUG main            d.u.i.k.p.i.IntermediateProofReplayer Proof replay took 6.8ns 
537278     INFO  main            d.u.i.k.p.r.p.TestFile    ... finished proof: closed. 
537825     INFO  main            d.u.i.k.p.i.AbstractProblemLoader Loading environment from /home/runner/work/key/key/key.core/../key.ui/examples/heap/permissions/threads/Fib_startTransfer_contract.key.proof 
537825     DEBUG main            d.u.i.k.p.i.AbstractProblemLoader Environment load took 99.3ns 
537826     INFO  main            d.u.i.k.p.i.AbstractProblemLoader Creating init config 
543624     DEBUG main            d.u.i.k.p.i.AbstractProblemLoader Init config took 5.8s 
543741     INFO  main            d.u.i.k.p.i.AbstractProblemLoader Replaying proof Fib[ThreadSpec::startTransfer()].JML model_behavior operation contract.0 
543751     DEBUG main            d.u.i.k.p.i.IntermediateProofReplayer Proof replay took 8.6ms 
543752     DEBUG main            d.u.i.k.p.r.p.TestFile    ... success: reloaded. 
543753     INFO  main            d.u.i.k.p.r.p.TestFile    Now processing file /home/runner/work/key/key/key.core/../key.ui/examples/heap/permissions/threads/Fib_workingPermissions_accessible.key 
543753     INFO  main            d.u.i.k.p.i.AbstractProblemLoader Loading environment from /home/runner/work/key/key/key.core/../key.ui/examples/heap/permissions/threads/Fib_workingPermissions_accessible.key 
543753     DEBUG main            d.u.i.k.p.i.AbstractProblemLoader Environment load took 51.4ns 
543754     INFO  main            d.u.i.k.p.i.AbstractProblemLoader Creating init config 
549738     DEBUG main            d.u.i.k.p.i.AbstractProblemLoader Init config took 5.98s 
549837     INFO  main            d.u.i.k.p.i.AbstractProblemLoader Replaying proof Fib[ThreadSpec::workingPermissions()].JML accessible clause.0 
549839     DEBUG main            d.u.i.k.p.i.IntermediateProofReplayer Proof replay took 12.4ns 
549941     INFO  main            d.u.i.k.p.r.p.TestFile    ... finished proof: closed. 
550481     INFO  main            d.u.i.k.p.i.AbstractProblemLoader Loading environment from /home/runner/work/key/key/key.core/../key.ui/examples/heap/permissions/threads/Fib_workingPermissions_accessible.key.proof 
550481     DEBUG main            d.u.i.k.p.i.AbstractProblemLoader Environment load took 117.8ns 
550482     INFO  main            d.u.i.k.p.i.AbstractProblemLoader Creating init config 
556279     DEBUG main            d.u.i.k.p.i.AbstractProblemLoader Init config took 5.8s 
556394     INFO  main            d.u.i.k.p.i.AbstractProblemLoader Replaying proof Fib[ThreadSpec::workingPermissions()].JML accessible clause.0 
556398     DEBUG main            d.u.i.k.p.i.IntermediateProofReplayer Proof replay took 2.7ms 
556399     DEBUG main            d.u.i.k.p.r.p.TestFile    ... success: reloaded. 
556400     INFO  main            d.u.i.k.p.r.p.TestFile    Now processing file /home/runner/work/key/key/key.core/../key.ui/examples/heap/permissions/threads/Plotter_initPost_accessible.key 
556400     INFO  main            d.u.i.k.p.i.AbstractProblemLoader Loading environment from /home/runner/work/key/key/key.core/../key.ui/examples/heap/permissions/threads/Plotter_initPost_accessible.key 
556400     DEBUG main            d.u.i.k.p.i.AbstractProblemLoader Environment load took 61.8ns 
556401     INFO  main            d.u.i.k.p.i.AbstractProblemLoader Creating init config 
562435     DEBUG main            d.u.i.k.p.i.AbstractProblemLoader Init config took 6.03s 
562541     INFO  main            d.u.i.k.p.i.AbstractProblemLoader Replaying proof Plotter[ThreadSpec2::initPost()].JML accessible clause.0 
562543     DEBUG main            d.u.i.k.p.i.IntermediateProofReplayer Proof replay took 7ns 
562745     INFO  main            d.u.i.k.p.r.p.TestFile    ... finished proof: closed. 
563288     INFO  main            d.u.i.k.p.i.AbstractProblemLoader Loading environment from /home/runner/work/key/key/key.core/../key.ui/examples/heap/permissions/threads/Plotter_initPost_accessible.key.proof 
563288     DEBUG main            d.u.i.k.p.i.AbstractProblemLoader Environment load took 93.8ns 
563289     INFO  main            d.u.i.k.p.i.AbstractProblemLoader Creating init config 
569094     DEBUG main            d.u.i.k.p.i.AbstractProblemLoader Init config took 5.8s 
569207     INFO  main            d.u.i.k.p.i.AbstractProblemLoader Replaying proof Plotter[ThreadSpec2::initPost()].JML accessible clause.0 
569225     DEBUG main            d.u.i.k.p.i.IntermediateProofReplayer Proof replay took 16.84ms 
569227     DEBUG main            d.u.i.k.p.r.p.TestFile    ... success: reloaded. 
569227     INFO  main            d.u.i.k.p.r.p.TestFile    Now processing file /home/runner/work/key/key/key.core/../key.ui/examples/heap/permissions/threads/Plotter_inv_accessible1.key 
569228     INFO  main            d.u.i.k.p.i.AbstractProblemLoader Loading environment from /home/runner/work/key/key/key.core/../key.ui/examples/heap/permissions/threads/Plotter_inv_accessible1.key 
569228     DEBUG main            d.u.i.k.p.i.AbstractProblemLoader Environment load took 66.8ns 
569229     INFO  main            d.u.i.k.p.i.AbstractProblemLoader Creating init config 
575294     DEBUG main            d.u.i.k.p.i.AbstractProblemLoader Init config took 6.07s 
575410     INFO  main            d.u.i.k.p.i.AbstractProblemLoader Replaying proof Plotter[java.lang.Object::<inv>()].JML accessible clause.0 
575411     DEBUG main            d.u.i.k.p.i.IntermediateProofReplayer Proof replay took 7.1ns 
575513     INFO  main            d.u.i.k.p.r.p.TestFile    ... finished proof: closed. 
576076     INFO  main            d.u.i.k.p.i.AbstractProblemLoader Loading environment from /home/runner/work/key/key/key.core/../key.ui/examples/heap/permissions/threads/Plotter_inv_accessible1.key.proof 
576076     DEBUG main            d.u.i.k.p.i.AbstractProblemLoader Environment load took 98ns 
576077     INFO  main            d.u.i.k.p.i.AbstractProblemLoader Creating init config 
582084     DEBUG main            d.u.i.k.p.i.AbstractProblemLoader Init config took 6.01s 
582201     INFO  main            d.u.i.k.p.i.AbstractProblemLoader Replaying proof Plotter[java.lang.Object::<inv>()].JML accessible clause.0 
582206     DEBUG main            d.u.i.k.p.i.IntermediateProofReplayer Proof replay took 2.94ms 
582208     DEBUG main            d.u.i.k.p.r.p.TestFile    ... success: reloaded. 
582209     INFO  main            d.u.i.k.p.r.p.TestFile    Now processing file /home/runner/work/key/key/key.core/../key.ui/examples/heap/permissions/threads/Plotter_inv_accessible2.key 
582209     INFO  main            d.u.i.k.p.i.AbstractProblemLoader Loading environment from /home/runner/work/key/key/key.core/../key.ui/examples/heap/permissions/threads/Plotter_inv_accessible2.key 
582209     DEBUG main            d.u.i.k.p.i.AbstractProblemLoader Environment load took 97.5ns 
582210     INFO  main            d.u.i.k.p.i.AbstractProblemLoader Creating init config 
588364     DEBUG main            d.u.i.k.p.i.AbstractProblemLoader Init config took 6.15s 
588465     INFO  main            d.u.i.k.p.i.AbstractProblemLoader Replaying proof Plotter[java.lang.Object::<inv>()].JML accessible clause.1 
588466     DEBUG main            d.u.i.k.p.i.IntermediateProofReplayer Proof replay took 7ns 
588568     INFO  main            d.u.i.k.p.r.p.TestFile    ... finished proof: closed. 
589125     INFO  main            d.u.i.k.p.i.AbstractProblemLoader Loading environment from /home/runner/work/key/key/key.core/../key.ui/examples/heap/permissions/threads/Plotter_inv_accessible2.key.proof 
589125     DEBUG main            d.u.i.k.p.i.AbstractProblemLoader Environment load took 119.7ns 
589126     INFO  main            d.u.i.k.p.i.AbstractProblemLoader Creating init config 
595193     DEBUG main            d.u.i.k.p.i.AbstractProblemLoader Init config took 6.07s 
595292     INFO  main            d.u.i.k.p.i.AbstractProblemLoader Replaying proof Plotter[java.lang.Object::<inv>()].JML accessible clause.1 
595296     DEBUG main            d.u.i.k.p.i.IntermediateProofReplayer Proof replay took 2.1ms 
595296     DEBUG main            d.u.i.k.p.r.p.TestFile    ... success: reloaded. 
595297     INFO  main            d.u.i.k.p.r.p.TestFile    Now processing file /home/runner/work/key/key/key.core/../key.ui/examples/heap/permissions/threads/Plotter_joinTransfer_contract.key 
595298     INFO  main            d.u.i.k.p.i.AbstractProblemLoader Loading environment from /home/runner/work/key/key/key.core/../key.ui/examples/heap/permissions/threads/Plotter_joinTransfer_contract.key 
595298     DEBUG main            d.u.i.k.p.i.AbstractProblemLoader Environment load took 57ns 
595299     INFO  main            d.u.i.k.p.i.AbstractProblemLoader Creating init config 
601051     DEBUG main            d.u.i.k.p.i.AbstractProblemLoader Init config took 5.75s 
601151     INFO  main            d.u.i.k.p.i.AbstractProblemLoader Replaying proof Plotter[ThreadSpec2::joinTransfer()].JML model_behavior operation contract.0 
601153     DEBUG main            d.u.i.k.p.i.IntermediateProofReplayer Proof replay took 6.4ns 
601255     INFO  main            d.u.i.k.p.r.p.TestFile    ... finished proof: closed. 
601847     INFO  main            d.u.i.k.p.i.AbstractProblemLoader Loading environment from /home/runner/work/key/key/key.core/../key.ui/examples/heap/permissions/threads/Plotter_joinTransfer_contract.key.proof 
601847     DEBUG main            d.u.i.k.p.i.AbstractProblemLoader Environment load took 90.1ns 
601848     INFO  main            d.u.i.k.p.i.AbstractProblemLoader Creating init config 
607569     DEBUG main            d.u.i.k.p.i.AbstractProblemLoader Init config took 5.72s 
607671     INFO  main            d.u.i.k.p.i.AbstractProblemLoader Replaying proof Plotter[ThreadSpec2::joinTransfer()].JML model_behavior operation contract.0 
607683     DEBUG main            d.u.i.k.p.i.IntermediateProofReplayer Proof replay took 10.24ms 
607684     DEBUG main            d.u.i.k.p.r.p.TestFile    ... success: reloaded. 
607685     INFO  main            d.u.i.k.p.r.p.TestFile    Now processing file /home/runner/work/key/key/key.core/../key.ui/examples/heap/permissions/threads/Plotter_Plotter.key 
607685     INFO  main            d.u.i.k.p.i.AbstractProblemLoader Loading environment from /home/runner/work/key/key/key.core/../key.ui/examples/heap/permissions/threads/Plotter_Plotter.key 
607685     DEBUG main            d.u.i.k.p.i.AbstractProblemLoader Environment load took 68.8ns 
607686     INFO  main            d.u.i.k.p.i.AbstractProblemLoader Creating init config 
613541     DEBUG main            d.u.i.k.p.i.AbstractProblemLoader Init config took 5.85s 
613641     INFO  main            d.u.i.k.p.i.AbstractProblemLoader Replaying proof Plotter[Plotter::Plotter(AFilter,BFilter,Buffer)].JML normal_behavior operation contract.0 
613643     DEBUG main            d.u.i.k.p.i.IntermediateProofReplayer Proof replay took 6.9ns 
616050     INFO  main            d.u.i.k.p.r.p.TestFile    ... finished proof: closed. 
616676     INFO  main            d.u.i.k.p.i.AbstractProblemLoader Loading environment from /home/runner/work/key/key/key.core/../key.ui/examples/heap/permissions/threads/Plotter_Plotter.key.proof 
616676     DEBUG main            d.u.i.k.p.i.AbstractProblemLoader Environment load took 94.3ns 
616677     INFO  main            d.u.i.k.p.i.AbstractProblemLoader Creating init config 
622465     DEBUG main            d.u.i.k.p.i.AbstractProblemLoader Init config took 5.79s 
622564     INFO  main            d.u.i.k.p.i.AbstractProblemLoader Replaying proof Plotter[Plotter::Plotter(AFilter,BFilter,Buffer)].JML normal_behavior operation contract.0 
622883     DEBUG main            d.u.i.k.p.i.IntermediateProofReplayer Proof replay took 313.2ms 
622885     DEBUG main            d.u.i.k.p.r.p.TestFile    ... success: reloaded. 
622886     INFO  main            d.u.i.k.p.r.p.TestFile    Now processing file /home/runner/work/key/key/key.core/../key.ui/examples/heap/permissions/threads/Plotter_postJoin_accessible.key 
622886     INFO  main            d.u.i.k.p.i.AbstractProblemLoader Loading environment from /home/runner/work/key/key/key.core/../key.ui/examples/heap/permissions/threads/Plotter_postJoin_accessible.key 
622886     DEBUG main            d.u.i.k.p.i.AbstractProblemLoader Environment load took 57.8ns 
622887     INFO  main            d.u.i.k.p.i.AbstractProblemLoader Creating init config 
628791     DEBUG main            d.u.i.k.p.i.AbstractProblemLoader Init config took 5.9s 
628893     INFO  main            d.u.i.k.p.i.AbstractProblemLoader Replaying proof Plotter[ThreadSpec2::postJoin(java.lang.Object)].JML accessible clause.0 
628895     DEBUG main            d.u.i.k.p.i.IntermediateProofReplayer Proof replay took 6.5ns 
629097     INFO  main            d.u.i.k.p.r.p.TestFile    ... finished proof: closed. 
629704     INFO  main            d.u.i.k.p.i.AbstractProblemLoader Loading environment from /home/runner/work/key/key/key.core/../key.ui/examples/heap/permissions/threads/Plotter_postJoin_accessible.key.proof 
629704     DEBUG main            d.u.i.k.p.i.AbstractProblemLoader Environment load took 89.8ns 
629705     INFO  main            d.u.i.k.p.i.AbstractProblemLoader Creating init config 
635447     DEBUG main            d.u.i.k.p.i.AbstractProblemLoader Init config took 5.74s 
635546     INFO  main            d.u.i.k.p.i.AbstractProblemLoader Replaying proof Plotter[ThreadSpec2::postJoin(java.lang.Object)].JML accessible clause.0 
635563     DEBUG main            d.u.i.k.p.i.IntermediateProofReplayer Proof replay took 15.14ms 
635564     DEBUG main            d.u.i.k.p.r.p.TestFile    ... success: reloaded. 
635565     INFO  main            d.u.i.k.p.r.p.TestFile    Now processing file /home/runner/work/key/key/key.core/../key.ui/examples/heap/permissions/threads/Plotter_preStart_accessible.key 
635565     INFO  main            d.u.i.k.p.i.AbstractProblemLoader Loading environment from /home/runner/work/key/key/key.core/../key.ui/examples/heap/permissions/threads/Plotter_preStart_accessible.key 
635565     DEBUG main            d.u.i.k.p.i.AbstractProblemLoader Environment load took 91.3ns 
635566     INFO  main            d.u.i.k.p.i.AbstractProblemLoader Creating init config 
641378     DEBUG main            d.u.i.k.p.i.AbstractProblemLoader Init config took 5.81s 
641479     INFO  main            d.u.i.k.p.i.AbstractProblemLoader Replaying proof Plotter[ThreadSpec2::preStart(java.lang.Object)].JML accessible clause.0 
641481     DEBUG main            d.u.i.k.p.i.IntermediateProofReplayer Proof replay took 7.9ns 
642886     INFO  main            d.u.i.k.p.r.p.TestFile    ... finished proof: closed. 
643532     INFO  main            d.u.i.k.p.i.AbstractProblemLoader Loading environment from /home/runner/work/key/key/key.core/../key.ui/examples/heap/permissions/threads/Plotter_preStart_accessible.key.proof 
643532     DEBUG main            d.u.i.k.p.i.AbstractProblemLoader Environment load took 91.6ns 
643533     INFO  main            d.u.i.k.p.i.AbstractProblemLoader Creating init config 
649274     DEBUG main            d.u.i.k.p.i.AbstractProblemLoader Init config took 5.74s 
649373     INFO  main            d.u.i.k.p.i.AbstractProblemLoader Replaying proof Plotter[ThreadSpec2::preStart(java.lang.Object)].JML accessible clause.0 
649481     DEBUG main            d.u.i.k.p.i.IntermediateProofReplayer Proof replay took 104.83ms 
649482     DEBUG main            d.u.i.k.p.r.p.TestFile    ... success: reloaded. 
649483     INFO  main            d.u.i.k.p.r.p.TestFile    Now processing file /home/runner/work/key/key/key.core/../key.ui/examples/heap/permissions/threads/Plotter_stateInv_accessible.key 
649484     INFO  main            d.u.i.k.p.i.AbstractProblemLoader Loading environment from /home/runner/work/key/key/key.core/../key.ui/examples/heap/permissions/threads/Plotter_stateInv_accessible.key 
649484     DEBUG main            d.u.i.k.p.i.AbstractProblemLoader Environment load took 93.8ns 
649485     INFO  main            d.u.i.k.p.i.AbstractProblemLoader Creating init config 
655299     DEBUG main            d.u.i.k.p.i.AbstractProblemLoader Init config took 5.81s 
655398     INFO  main            d.u.i.k.p.i.AbstractProblemLoader Replaying proof Plotter[ThreadSpec2::stateInv()].JML accessible clause.0 
655400     DEBUG main            d.u.i.k.p.i.IntermediateProofReplayer Proof replay took 6.3ns 
665522     INFO  main            d.u.i.k.p.r.p.TestFile    ... finished proof: closed. 
666213     INFO  main            d.u.i.k.p.i.AbstractProblemLoader Loading environment from /home/runner/work/key/key/key.core/../key.ui/examples/heap/permissions/threads/Plotter_stateInv_accessible.key.proof 
666213     DEBUG main            d.u.i.k.p.i.AbstractProblemLoader Environment load took 96ns 
666215     INFO  main            d.u.i.k.p.i.AbstractProblemLoader Creating init config 
671974     DEBUG main            d.u.i.k.p.i.AbstractProblemLoader Init config took 5.76s 
672087     INFO  main            d.u.i.k.p.i.AbstractProblemLoader Replaying proof Plotter[ThreadSpec2::stateInv()].JML accessible clause.0 
672923     DEBUG main            d.u.i.k.p.i.IntermediateProofReplayer Proof replay took 819.64ms 
672925     DEBUG main            d.u.i.k.p.r.p.TestFile    ... success: reloaded. 
672926     INFO  main            d.u.i.k.p.r.p.TestFile    Now processing file /home/runner/work/key/key/key.core/../key.ui/examples/heap/permissions/threads/Plotter_staticPermissions_accessible.key 
672927     INFO  main            d.u.i.k.p.i.AbstractProblemLoader Loading environment from /home/runner/work/key/key/key.core/../key.ui/examples/heap/permissions/threads/Plotter_staticPermissions_accessible.key 
672927     DEBUG main            d.u.i.k.p.i.AbstractProblemLoader Environment load took 191.6ns 
672928     INFO  main            d.u.i.k.p.i.AbstractProblemLoader Creating init config 
678850     DEBUG main            d.u.i.k.p.i.AbstractProblemLoader Init config took 5.92s 
678974     INFO  main            d.u.i.k.p.i.AbstractProblemLoader Replaying proof Plotter[ThreadSpec2::staticPermissions()].JML accessible clause.0 
678977     DEBUG main            d.u.i.k.p.i.IntermediateProofReplayer Proof replay took 40.4ns 
679880     INFO  main            d.u.i.k.p.r.p.TestFile    ... finished proof: closed. 
680552     INFO  main            d.u.i.k.p.i.AbstractProblemLoader Loading environment from /home/runner/work/key/key/key.core/../key.ui/examples/heap/permissions/threads/Plotter_staticPermissions_accessible.key.proof 
680552     DEBUG main            d.u.i.k.p.i.AbstractProblemLoader Environment load took 96.7ns 
680553     INFO  main            d.u.i.k.p.i.AbstractProblemLoader Creating init config 
686275     DEBUG main            d.u.i.k.p.i.AbstractProblemLoader Init config took 5.72s 
686374     INFO  main            d.u.i.k.p.i.AbstractProblemLoader Replaying proof Plotter[ThreadSpec2::staticPermissions()].JML accessible clause.0 
686455     DEBUG main            d.u.i.k.p.i.IntermediateProofReplayer Proof replay took 78.43ms 
686456     DEBUG main            d.u.i.k.p.r.p.TestFile    ... success: reloaded. 
686457     INFO  main            d.u.i.k.p.r.p.TestFile    Now processing file /home/runner/work/key/key/key.core/../key.ui/examples/heap/permissions/threads/Plotter_workingPermissions_accessible.key 
686458     INFO  main            d.u.i.k.p.i.AbstractProblemLoader Loading environment from /home/runner/work/key/key/key.core/../key.ui/examples/heap/permissions/threads/Plotter_workingPermissions_accessible.key 
686458     DEBUG main            d.u.i.k.p.i.AbstractProblemLoader Environment load took 72.9ns 
686459     INFO  main            d.u.i.k.p.i.AbstractProblemLoader Creating init config 
692292     DEBUG main            d.u.i.k.p.i.AbstractProblemLoader Init config took 5.83s 
692411     INFO  main            d.u.i.k.p.i.AbstractProblemLoader Replaying proof Plotter[ThreadSpec2::workingPermissions()].JML accessible clause.0 
692413     DEBUG main            d.u.i.k.p.i.IntermediateProofReplayer Proof replay took 4.3ns 
692614     INFO  main            d.u.i.k.p.r.p.TestFile    ... finished proof: closed. 
693248     INFO  main            d.u.i.k.p.i.AbstractProblemLoader Loading environment from /home/runner/work/key/key/key.core/../key.ui/examples/heap/permissions/threads/Plotter_workingPermissions_accessible.key.proof 
693248     DEBUG main            d.u.i.k.p.i.AbstractProblemLoader Environment load took 85.5ns 
693249     INFO  main            d.u.i.k.p.i.AbstractProblemLoader Creating init config 
698980     DEBUG main            d.u.i.k.p.i.AbstractProblemLoader Init config took 5.73s 
699081     INFO  main            d.u.i.k.p.i.AbstractProblemLoader Replaying proof Plotter[ThreadSpec2::workingPermissions()].JML accessible clause.0 
699103     DEBUG main            d.u.i.k.p.i.IntermediateProofReplayer Proof replay took 20.09ms 
699104     DEBUG main            d.u.i.k.p.r.p.TestFile    ... success: reloaded. 
699105     INFO  main            d.u.i.k.p.r.p.TestFile    Now processing file /home/runner/work/key/key/key.core/../key.ui/examples/heap/permissions/threads/Sampler_initPost_accessible.key 
699106     INFO  main            d.u.i.k.p.i.AbstractProblemLoader Loading environment from /home/runner/work/key/key/key.core/../key.ui/examples/heap/permissions/threads/Sampler_initPost_accessible.key 
699106     DEBUG main            d.u.i.k.p.i.AbstractProblemLoader Environment load took 53.5ns 
699107     INFO  main            d.u.i.k.p.i.AbstractProblemLoader Creating init config 
704975     DEBUG main            d.u.i.k.p.i.AbstractProblemLoader Init config took 5.87s 
705102     INFO  main            d.u.i.k.p.i.AbstractProblemLoader Replaying proof Sampler[ThreadSpec2::initPost()].JML accessible clause.0 
705103     DEBUG main            d.u.i.k.p.i.IntermediateProofReplayer Proof replay took 3.7ns 
705205     INFO  main            d.u.i.k.p.r.p.TestFile    ... finished proof: closed. 
705848     INFO  main            d.u.i.k.p.i.AbstractProblemLoader Loading environment from /home/runner/work/key/key/key.core/../key.ui/examples/heap/permissions/threads/Sampler_initPost_accessible.key.proof 
705848     DEBUG main            d.u.i.k.p.i.AbstractProblemLoader Environment load took 87.1ns 
705849     INFO  main            d.u.i.k.p.i.AbstractProblemLoader Creating init config 
711584     DEBUG main            d.u.i.k.p.i.AbstractProblemLoader Init config took 5.74s 
711688     INFO  main            d.u.i.k.p.i.AbstractProblemLoader Replaying proof Sampler[ThreadSpec2::initPost()].JML accessible clause.0 
711696     DEBUG main            d.u.i.k.p.i.IntermediateProofReplayer Proof replay took 6.81ms 
711697     DEBUG main            d.u.i.k.p.r.p.TestFile    ... success: reloaded. 
711698     INFO  main            d.u.i.k.p.r.p.TestFile    Now processing file /home/runner/work/key/key/key.core/../key.ui/examples/heap/permissions/threads/Sampler_inv_accessible1.key 
711698     INFO  main            d.u.i.k.p.i.AbstractProblemLoader Loading environment from /home/runner/work/key/key/key.core/../key.ui/examples/heap/permissions/threads/Sampler_inv_accessible1.key 
711698     DEBUG main            d.u.i.k.p.i.AbstractProblemLoader Environment load took 55ns 
711699     INFO  main            d.u.i.k.p.i.AbstractProblemLoader Creating init config 
717548     DEBUG main            d.u.i.k.p.i.AbstractProblemLoader Init config took 5.85s 
717668     INFO  main            d.u.i.k.p.i.AbstractProblemLoader Replaying proof Sampler[java.lang.Object::<inv>()].JML accessible clause.0 
717669     DEBUG main            d.u.i.k.p.i.IntermediateProofReplayer Proof replay took 4.1ns 
717771     INFO  main            d.u.i.k.p.r.p.TestFile    ... finished proof: closed. 
718428     INFO  main            d.u.i.k.p.i.AbstractProblemLoader Loading environment from /home/runner/work/key/key/key.core/../key.ui/examples/heap/permissions/threads/Sampler_inv_accessible1.key.proof 
718428     DEBUG main            d.u.i.k.p.i.AbstractProblemLoader Environment load took 81.6ns 
718429     INFO  main            d.u.i.k.p.i.AbstractProblemLoader Creating init config 
724234     DEBUG main            d.u.i.k.p.i.AbstractProblemLoader Init config took 5.8s 
724349     INFO  main            d.u.i.k.p.i.AbstractProblemLoader Replaying proof Sampler[java.lang.Object::<inv>()].JML accessible clause.0 
724353     DEBUG main            d.u.i.k.p.i.IntermediateProofReplayer Proof replay took 2.08ms 
724354     DEBUG main            d.u.i.k.p.r.p.TestFile    ... success: reloaded. 
724355     INFO  main            d.u.i.k.p.r.p.TestFile    Now processing file /home/runner/work/key/key/key.core/../key.ui/examples/heap/permissions/threads/Sampler_inv_accessible2.key 
724355     INFO  main            d.u.i.k.p.i.AbstractProblemLoader Loading environment from /home/runner/work/key/key/key.core/../key.ui/examples/heap/permissions/threads/Sampler_inv_accessible2.key 
724355     DEBUG main            d.u.i.k.p.i.AbstractProblemLoader Environment load took 59.7ns 
724356     INFO  main            d.u.i.k.p.i.AbstractProblemLoader Creating init config 
730202     DEBUG main            d.u.i.k.p.i.AbstractProblemLoader Init config took 5.85s 
730302     INFO  main            d.u.i.k.p.i.AbstractProblemLoader Replaying proof Sampler[java.lang.Object::<inv>()].JML accessible clause.1 
730303     DEBUG main            d.u.i.k.p.i.IntermediateProofReplayer Proof replay took 3.5ns 
730405     INFO  main            d.u.i.k.p.r.p.TestFile    ... finished proof: closed. 
731061     INFO  main            d.u.i.k.p.i.AbstractProblemLoader Loading environment from /home/runner/work/key/key/key.core/../key.ui/examples/heap/permissions/threads/Sampler_inv_accessible2.key.proof 
731061     DEBUG main            d.u.i.k.p.i.AbstractProblemLoader Environment load took 86.1ns 
731062     INFO  main            d.u.i.k.p.i.AbstractProblemLoader Creating init config 
736784     DEBUG main            d.u.i.k.p.i.AbstractProblemLoader Init config took 5.72s 
736896     INFO  main            d.u.i.k.p.i.AbstractProblemLoader Replaying proof Sampler[java.lang.Object::<inv>()].JML accessible clause.1 
736900     DEBUG main            d.u.i.k.p.i.IntermediateProofReplayer Proof replay took 2.1ms 
736901     DEBUG main            d.u.i.k.p.r.p.TestFile    ... success: reloaded. 
736902     INFO  main            d.u.i.k.p.r.p.TestFile    Now processing file /home/runner/work/key/key/key.core/../key.ui/examples/heap/permissions/threads/Sampler_joinTransfer_accessible.key 
736902     INFO  main            d.u.i.k.p.i.AbstractProblemLoader Loading environment from /home/runner/work/key/key/key.core/../key.ui/examples/heap/permissions/threads/Sampler_joinTransfer_accessible.key 
736902     DEBUG main            d.u.i.k.p.i.AbstractProblemLoader Environment load took 51.5ns 
736903     INFO  main            d.u.i.k.p.i.AbstractProblemLoader Creating init config 
742749     DEBUG main            d.u.i.k.p.i.AbstractProblemLoader Init config took 5.85s 
742860     INFO  main            d.u.i.k.p.i.AbstractProblemLoader Replaying proof Sampler[ThreadSpec2::joinTransfer()].JML accessible clause.0 
742864     DEBUG main            d.u.i.k.p.i.IntermediateProofReplayer Proof replay took 4.2ns 
747385     INFO  main            d.u.i.k.p.r.p.TestFile    ... finished proof: closed. 
748087     INFO  main            d.u.i.k.p.i.AbstractProblemLoader Loading environment from /home/runner/work/key/key/key.core/../key.ui/examples/heap/permissions/threads/Sampler_joinTransfer_accessible.key.proof 
748087     DEBUG main            d.u.i.k.p.i.AbstractProblemLoader Environment load took 92.2ns 
748089     INFO  main            d.u.i.k.p.i.AbstractProblemLoader Creating init config 
753836     DEBUG main            d.u.i.k.p.i.AbstractProblemLoader Init config took 5.75s 
753935     INFO  main            d.u.i.k.p.i.AbstractProblemLoader Replaying proof Sampler[ThreadSpec2::joinTransfer()].JML accessible clause.0 
754719     DEBUG main            d.u.i.k.p.i.IntermediateProofReplayer Proof replay took 771.16ms 
754720     DEBUG main            d.u.i.k.p.r.p.TestFile    ... success: reloaded. 
754721     INFO  main            d.u.i.k.p.r.p.TestFile    Now processing file /home/runner/work/key/key/key.core/../key.ui/examples/heap/permissions/threads/Sampler_joinTransfer_contract.key 
754722     INFO  main            d.u.i.k.p.i.AbstractProblemLoader Loading environment from /home/runner/work/key/key/key.core/../key.ui/examples/heap/permissions/threads/Sampler_joinTransfer_contract.key 
754722     DEBUG main            d.u.i.k.p.i.AbstractProblemLoader Environment load took 80.8ns 
754723     INFO  main            d.u.i.k.p.i.AbstractProblemLoader Creating init config 
760595     DEBUG main            d.u.i.k.p.i.AbstractProblemLoader Init config took 5.87s 
760693     INFO  main            d.u.i.k.p.i.AbstractProblemLoader Replaying proof Sampler[ThreadSpec2::joinTransfer()].JML model_behavior operation contract.0 
760695     DEBUG main            d.u.i.k.p.i.IntermediateProofReplayer Proof replay took 3.7ns 
760797     INFO  main            d.u.i.k.p.r.p.TestFile    ... finished proof: closed. 
761474     INFO  main            d.u.i.k.p.i.AbstractProblemLoader Loading environment from /home/runner/work/key/key/key.core/../key.ui/examples/heap/permissions/threads/Sampler_joinTransfer_contract.key.proof 
761474     DEBUG main            d.u.i.k.p.i.AbstractProblemLoader Environment load took 88.2ns 
761475     INFO  main            d.u.i.k.p.i.AbstractProblemLoader Creating init config 
767218     DEBUG main            d.u.i.k.p.i.AbstractProblemLoader Init config took 5.74s 
767316     INFO  main            d.u.i.k.p.i.AbstractProblemLoader Replaying proof Sampler[ThreadSpec2::joinTransfer()].JML model_behavior operation contract.0 
767327     DEBUG main            d.u.i.k.p.i.IntermediateProofReplayer Proof replay took 9.54ms 
767328     DEBUG main            d.u.i.k.p.r.p.TestFile    ... success: reloaded. 
767329     INFO  main            d.u.i.k.p.r.p.TestFile    Now processing file /home/runner/work/key/key/key.core/../key.ui/examples/heap/permissions/threads/Sampler_postJoin_accessible.key 
767330     INFO  main            d.u.i.k.p.i.AbstractProblemLoader Loading environment from /home/runner/work/key/key/key.core/../key.ui/examples/heap/permissions/threads/Sampler_postJoin_accessible.key 
767330     DEBUG main            d.u.i.k.p.i.AbstractProblemLoader Environment load took 152.5ns 
767331     INFO  main            d.u.i.k.p.i.AbstractProblemLoader Creating init config 
773139     DEBUG main            d.u.i.k.p.i.AbstractProblemLoader Init config took 5.81s 
773256     INFO  main            d.u.i.k.p.i.AbstractProblemLoader Replaying proof Sampler[ThreadSpec2::postJoin(java.lang.Object)].JML accessible clause.0 
773257     DEBUG main            d.u.i.k.p.i.IntermediateProofReplayer Proof replay took 3.9ns 
773359     INFO  main            d.u.i.k.p.r.p.TestFile    ... finished proof: closed. 
774039     INFO  main            d.u.i.k.p.i.AbstractProblemLoader Loading environment from /home/runner/work/key/key/key.core/../key.ui/examples/heap/permissions/threads/Sampler_postJoin_accessible.key.proof 
774039     DEBUG main            d.u.i.k.p.i.AbstractProblemLoader Environment load took 103.4ns 
774040     INFO  main            d.u.i.k.p.i.AbstractProblemLoader Creating init config 
779800     DEBUG main            d.u.i.k.p.i.AbstractProblemLoader Init config took 5.76s 
779900     INFO  main            d.u.i.k.p.i.AbstractProblemLoader Replaying proof Sampler[ThreadSpec2::postJoin(java.lang.Object)].JML accessible clause.0 
779913     DEBUG main            d.u.i.k.p.i.IntermediateProofReplayer Proof replay took 11.35ms 
779914     DEBUG main            d.u.i.k.p.r.p.TestFile    ... success: reloaded. 
779915     INFO  main            d.u.i.k.p.r.p.TestFile    Now processing file /home/runner/work/key/key/key.core/../key.ui/examples/heap/permissions/threads/Sampler_preStart_accessible.key 
779915     INFO  main            d.u.i.k.p.i.AbstractProblemLoader Loading environment from /home/runner/work/key/key/key.core/../key.ui/examples/heap/permissions/threads/Sampler_preStart_accessible.key 
779915     DEBUG main            d.u.i.k.p.i.AbstractProblemLoader Environment load took 56.4ns 
779916     INFO  main            d.u.i.k.p.i.AbstractProblemLoader Creating init config 
785728     DEBUG main            d.u.i.k.p.i.AbstractProblemLoader Init config took 5.81s 
785824     INFO  main            d.u.i.k.p.i.AbstractProblemLoader Replaying proof Sampler[ThreadSpec2::preStart(java.lang.Object)].JML accessible clause.0 
785826     DEBUG main            d.u.i.k.p.i.IntermediateProofReplayer Proof replay took 4ns 
785928     INFO  main            d.u.i.k.p.r.p.TestFile    ... finished proof: closed. 
786617     INFO  main            d.u.i.k.p.i.AbstractProblemLoader Loading environment from /home/runner/work/key/key/key.core/../key.ui/examples/heap/permissions/threads/Sampler_preStart_accessible.key.proof 
786617     DEBUG main            d.u.i.k.p.i.AbstractProblemLoader Environment load took 85.6ns 
786618     INFO  main            d.u.i.k.p.i.AbstractProblemLoader Creating init config 
792370     DEBUG main            d.u.i.k.p.i.AbstractProblemLoader Init config took 5.75s 
792473     INFO  main            d.u.i.k.p.i.AbstractProblemLoader Replaying proof Sampler[ThreadSpec2::preStart(java.lang.Object)].JML accessible clause.0 
792486     DEBUG main            d.u.i.k.p.i.IntermediateProofReplayer Proof replay took 10.93ms 
792487     DEBUG main            d.u.i.k.p.r.p.TestFile    ... success: reloaded. 
792488     INFO  main            d.u.i.k.p.r.p.TestFile    Now processing file /home/runner/work/key/key/key.core/../key.ui/examples/heap/permissions/threads/Sampler_run.key 
792488     INFO  main            d.u.i.k.p.i.AbstractProblemLoader Loading environment from /home/runner/work/key/key/key.core/../key.ui/examples/heap/permissions/threads/Sampler_run.key 
792488     DEBUG main            d.u.i.k.p.i.AbstractProblemLoader Environment load took 59.9ns 
792489     INFO  main            d.u.i.k.p.i.AbstractProblemLoader Creating init config 
798318     DEBUG main            d.u.i.k.p.i.AbstractProblemLoader Init config took 5.83s 
798418     INFO  main            d.u.i.k.p.i.AbstractProblemLoader Replaying proof Sampler[ThreadSpec2::run()].JML normal_behavior operation contract.0 
798420     DEBUG main            d.u.i.k.p.i.IntermediateProofReplayer Proof replay took 3.9ns 
798622     INFO  main            d.u.i.k.p.r.p.TestFile    ... finished proof: closed. 
799324     INFO  main            d.u.i.k.p.i.AbstractProblemLoader Loading environment from /home/runner/work/key/key/key.core/../key.ui/examples/heap/permissions/threads/Sampler_run.key.proof 
799324     DEBUG main            d.u.i.k.p.i.AbstractProblemLoader Environment load took 87.3ns 
799325     INFO  main            d.u.i.k.p.i.AbstractProblemLoader Creating init config 
805041     DEBUG main            d.u.i.k.p.i.AbstractProblemLoader Init config took 5.72s 
805138     INFO  main            d.u.i.k.p.i.AbstractProblemLoader Replaying proof Sampler[ThreadSpec2::run()].JML normal_behavior operation contract.0 
805190     DEBUG main            d.u.i.k.p.i.IntermediateProofReplayer Proof replay took 49.86ms 
805191     DEBUG main            d.u.i.k.p.r.p.TestFile    ... success: reloaded. 
805192     INFO  main            d.u.i.k.p.r.p.TestFile    Now processing file /home/runner/work/key/key/key.core/../key.ui/examples/heap/permissions/threads/Sampler_Sampler.key 
805192     INFO  main            d.u.i.k.p.i.AbstractProblemLoader Loading environment from /home/runner/work/key/key/key.core/../key.ui/examples/heap/permissions/threads/Sampler_Sampler.key 
805192     DEBUG main            d.u.i.k.p.i.AbstractProblemLoader Environment load took 88.1ns 
805193     INFO  main            d.u.i.k.p.i.AbstractProblemLoader Creating init config 
811007     DEBUG main            d.u.i.k.p.i.AbstractProblemLoader Init config took 5.81s 
811103     INFO  main            d.u.i.k.p.i.AbstractProblemLoader Replaying proof Sampler[Sampler::Sampler(Buffer)].JML normal_behavior operation contract.0 
811104     DEBUG main            d.u.i.k.p.i.IntermediateProofReplayer Proof replay took 3.8ns 
811807     INFO  main            d.u.i.k.p.r.p.TestFile    ... finished proof: closed. 
812518     INFO  main            d.u.i.k.p.i.AbstractProblemLoader Loading environment from /home/runner/work/key/key/key.core/../key.ui/examples/heap/permissions/threads/Sampler_Sampler.key.proof 
812518     DEBUG main            d.u.i.k.p.i.AbstractProblemLoader Environment load took 84.5ns 
812520     INFO  main            d.u.i.k.p.i.AbstractProblemLoader Creating init config 
818218     DEBUG main            d.u.i.k.p.i.AbstractProblemLoader Init config took 5.7s 
818322     INFO  main            d.u.i.k.p.i.AbstractProblemLoader Replaying proof Sampler[Sampler::Sampler(Buffer)].JML normal_behavior operation contract.0 
818455     DEBUG main            d.u.i.k.p.i.IntermediateProofReplayer Proof replay took 129.48ms 
818456     DEBUG main            d.u.i.k.p.r.p.TestFile    ... success: reloaded. 
818457     INFO  main            d.u.i.k.p.r.p.TestFile    Now processing file /home/runner/work/key/key/key.core/../key.ui/examples/heap/permissions/threads/Sampler_startTransfer_accessible.key 
818457     INFO  main            d.u.i.k.p.i.AbstractProblemLoader Loading environment from /home/runner/work/key/key/key.core/../key.ui/examples/heap/permissions/threads/Sampler_startTransfer_accessible.key 
818457     DEBUG main            d.u.i.k.p.i.AbstractProblemLoader Environment load took 171.2ns 
818458     INFO  main            d.u.i.k.p.i.AbstractProblemLoader Creating init config 
824271     DEBUG main            d.u.i.k.p.i.AbstractProblemLoader Init config took 5.81s 
824371     INFO  main            d.u.i.k.p.i.AbstractProblemLoader Replaying proof Sampler[ThreadSpec2::startTransfer()].JML accessible clause.0 
824372     DEBUG main            d.u.i.k.p.i.IntermediateProofReplayer Proof replay took 3.7ns 
829717     INFO  main            d.u.i.k.p.r.p.TestFile    ... finished proof: closed. 
830437     INFO  main            d.u.i.k.p.i.AbstractProblemLoader Loading environment from /home/runner/work/key/key/key.core/../key.ui/examples/heap/permissions/threads/Sampler_startTransfer_accessible.key.proof 
830437     DEBUG main            d.u.i.k.p.i.AbstractProblemLoader Environment load took 369.7ns 
830439     INFO  main            d.u.i.k.p.i.AbstractProblemLoader Creating init config 
836115     DEBUG main            d.u.i.k.p.i.AbstractProblemLoader Init config took 5.68s 
836216     INFO  main            d.u.i.k.p.i.AbstractProblemLoader Replaying proof Sampler[ThreadSpec2::startTransfer()].JML accessible clause.0 
836991     DEBUG main            d.u.i.k.p.i.IntermediateProofReplayer Proof replay took 761.9ms 
836993     DEBUG main            d.u.i.k.p.r.p.TestFile    ... success: reloaded. 
836994     INFO  main            d.u.i.k.p.r.p.TestFile    Now processing file /home/runner/work/key/key/key.core/../key.ui/examples/heap/permissions/threads/Sampler_startTransfer_contract.key 
836994     INFO  main            d.u.i.k.p.i.AbstractProblemLoader Loading environment from /home/runner/work/key/key/key.core/../key.ui/examples/heap/permissions/threads/Sampler_startTransfer_contract.key 
836994     DEBUG main            d.u.i.k.p.i.AbstractProblemLoader Environment load took 120.3ns 
836995     INFO  main            d.u.i.k.p.i.AbstractProblemLoader Creating init config 
842830     DEBUG main            d.u.i.k.p.i.AbstractProblemLoader Init config took 5.84s 
842942     INFO  main            d.u.i.k.p.i.AbstractProblemLoader Replaying proof Sampler[ThreadSpec2::startTransfer()].JML model_behavior operation contract.0 
842950     DEBUG main            d.u.i.k.p.i.IntermediateProofReplayer Proof replay took 4.2ns 
843056     INFO  main            d.u.i.k.p.r.p.TestFile    ... finished proof: closed. 
843768     INFO  main            d.u.i.k.p.i.AbstractProblemLoader Loading environment from /home/runner/work/key/key/key.core/../key.ui/examples/heap/permissions/threads/Sampler_startTransfer_contract.key.proof 
843768     DEBUG main            d.u.i.k.p.i.AbstractProblemLoader Environment load took 85.1ns 
843769     INFO  main            d.u.i.k.p.i.AbstractProblemLoader Creating init config 
849482     DEBUG main            d.u.i.k.p.i.AbstractProblemLoader Init config took 5.71s 
849581     INFO  main            d.u.i.k.p.i.AbstractProblemLoader Replaying proof Sampler[ThreadSpec2::startTransfer()].JML model_behavior operation contract.0 
849591     DEBUG main            d.u.i.k.p.i.IntermediateProofReplayer Proof replay took 9.09ms 
849592     DEBUG main            d.u.i.k.p.r.p.TestFile    ... success: reloaded. 
849593     INFO  main            d.u.i.k.p.r.p.TestFile    Now processing file /home/runner/work/key/key/key.core/../key.ui/examples/heap/permissions/threads/Sampler_stateInv_accessible.key 
849593     INFO  main            d.u.i.k.p.i.AbstractProblemLoader Loading environment from /home/runner/work/key/key/key.core/../key.ui/examples/heap/permissions/threads/Sampler_stateInv_accessible.key 
849593     DEBUG main            d.u.i.k.p.i.AbstractProblemLoader Environment load took 52.4ns 
849594     INFO  main            d.u.i.k.p.i.AbstractProblemLoader Creating init config 
855388     DEBUG main            d.u.i.k.p.i.AbstractProblemLoader Init config took 5.79s 
855520     INFO  main            d.u.i.k.p.i.AbstractProblemLoader Replaying proof Sampler[ThreadSpec2::stateInv()].JML accessible clause.0 
855522     DEBUG main            d.u.i.k.p.i.IntermediateProofReplayer Proof replay took 3.8ns 
855624     INFO  main            d.u.i.k.p.r.p.TestFile    ... finished proof: closed. 
856382     INFO  main            d.u.i.k.p.i.AbstractProblemLoader Loading environment from /home/runner/work/key/key/key.core/../key.ui/examples/heap/permissions/threads/Sampler_stateInv_accessible.key.proof 
856382     DEBUG main            d.u.i.k.p.i.AbstractProblemLoader Environment load took 88ns 
856383     INFO  main            d.u.i.k.p.i.AbstractProblemLoader Creating init config 
862137     DEBUG main            d.u.i.k.p.i.AbstractProblemLoader Init config took 5.75s 
862254     INFO  main            d.u.i.k.p.i.AbstractProblemLoader Replaying proof Sampler[ThreadSpec2::stateInv()].JML accessible clause.0 
862264     DEBUG main            d.u.i.k.p.i.IntermediateProofReplayer Proof replay took 8.02ms 
862265     DEBUG main            d.u.i.k.p.r.p.TestFile    ... success: reloaded. 
862266     INFO  main            d.u.i.k.p.r.p.TestFile    Now processing file /home/runner/work/key/key/key.core/../key.ui/examples/heap/permissions/threads/Sampler_staticPermissions_accessible.key 
862266     INFO  main            d.u.i.k.p.i.AbstractProblemLoader Loading environment from /home/runner/work/key/key/key.core/../key.ui/examples/heap/permissions/threads/Sampler_staticPermissions_accessible.key 
862266     DEBUG main            d.u.i.k.p.i.AbstractProblemLoader Environment load took 61.8ns 
862268     INFO  main            d.u.i.k.p.i.AbstractProblemLoader Creating init config 
868188     DEBUG main            d.u.i.k.p.i.AbstractProblemLoader Init config took 5.92s 
868286     INFO  main            d.u.i.k.p.i.AbstractProblemLoader Replaying proof Sampler[ThreadSpec2::staticPermissions()].JML accessible clause.0 
868288     DEBUG main            d.u.i.k.p.i.IntermediateProofReplayer Proof replay took 3.9ns 
868390     INFO  main            d.u.i.k.p.r.p.TestFile    ... finished proof: closed. 
869112     INFO  main            d.u.i.k.p.i.AbstractProblemLoader Loading environment from /home/runner/work/key/key/key.core/../key.ui/examples/heap/permissions/threads/Sampler_staticPermissions_accessible.key.proof 
869112     DEBUG main            d.u.i.k.p.i.AbstractProblemLoader Environment load took 84.6ns 
869113     INFO  main            d.u.i.k.p.i.AbstractProblemLoader Creating init config 
874803     DEBUG main            d.u.i.k.p.i.AbstractProblemLoader Init config took 5.69s 
874917     INFO  main            d.u.i.k.p.i.AbstractProblemLoader Replaying proof Sampler[ThreadSpec2::staticPermissions()].JML accessible clause.0 
874924     DEBUG main            d.u.i.k.p.i.IntermediateProofReplayer Proof replay took 4.2ms 
874928     DEBUG main            d.u.i.k.p.r.p.TestFile    ... success: reloaded. 
874929     INFO  main            d.u.i.k.p.r.p.TestFile    Now processing file /home/runner/work/key/key/key.core/../key.ui/examples/heap/permissions/threads/Sampler_workingPermissions_accessible.key 
874929     INFO  main            d.u.i.k.p.i.AbstractProblemLoader Loading environment from /home/runner/work/key/key/key.core/../key.ui/examples/heap/permissions/threads/Sampler_workingPermissions_accessible.key 
874929     DEBUG main            d.u.i.k.p.i.AbstractProblemLoader Environment load took 53.4ns 
874930     INFO  main            d.u.i.k.p.i.AbstractProblemLoader Creating init config 
880836     DEBUG main            d.u.i.k.p.i.AbstractProblemLoader Init config took 5.91s 
880971     INFO  main            d.u.i.k.p.i.AbstractProblemLoader Replaying proof Sampler[ThreadSpec2::workingPermissions()].JML accessible clause.0 
880973     DEBUG main            d.u.i.k.p.i.IntermediateProofReplayer Proof replay took 3.8ns 
881075     INFO  main            d.u.i.k.p.r.p.TestFile    ... finished proof: closed. 
881806     INFO  main            d.u.i.k.p.i.AbstractProblemLoader Loading environment from /home/runner/work/key/key/key.core/../key.ui/examples/heap/permissions/threads/Sampler_workingPermissions_accessible.key.proof 
881807     DEBUG main            d.u.i.k.p.i.AbstractProblemLoader Environment load took 116ns 
881807     INFO  main            d.u.i.k.p.i.AbstractProblemLoader Creating init config 
888222     DEBUG main            d.u.i.k.p.i.AbstractProblemLoader Init config took 6.41s 
888336     INFO  main            d.u.i.k.p.i.AbstractProblemLoader Replaying proof Sampler[ThreadSpec2::workingPermissions()].JML accessible clause.0 
888345     DEBUG main            d.u.i.k.p.i.IntermediateProofReplayer Proof replay took 7.37ms 
888346     DEBUG main            d.u.i.k.p.r.p.TestFile    ... success: reloaded. 
888348     INFO  main            d.u.i.k.p.r.p.TestFile    Now processing file /home/runner/work/key/key/key.core/../key.ui/examples/heap/permissions/mulleretal/ReadWrite_doRead_contract.key 
888348     INFO  main            d.u.i.k.p.i.AbstractProblemLoader Loading environment from /home/runner/work/key/key/key.core/../key.ui/examples/heap/permissions/mulleretal/ReadWrite_doRead_contract.key 
888348     DEBUG main            d.u.i.k.p.i.AbstractProblemLoader Environment load took 237.2ns 
888349     INFO  main            d.u.i.k.p.i.AbstractProblemLoader Creating init config 
891913     DEBUG main            d.u.i.k.p.i.AbstractProblemLoader Init config took 3.56s 
891954     INFO  main            d.u.i.k.p.i.AbstractProblemLoader Replaying proof ReadWrite[ReadWrite::doRead()].JML normal_behavior operation contract.0 
891956     DEBUG main            d.u.i.k.p.i.IntermediateProofReplayer Proof replay took 4ns 
894093     INFO  main            d.u.i.k.p.r.p.TestFile    ... finished proof: closed. 
894866     INFO  main            d.u.i.k.p.i.AbstractProblemLoader Loading environment from /home/runner/work/key/key/key.core/../key.ui/examples/heap/permissions/mulleretal/ReadWrite_doRead_contract.key.proof 
894867     DEBUG main            d.u.i.k.p.i.AbstractProblemLoader Environment load took 894.8ns 
894868     INFO  main            d.u.i.k.p.i.AbstractProblemLoader Creating init config 
898316     DEBUG main            d.u.i.k.p.i.AbstractProblemLoader Init config took 3.45s 
898370     INFO  main            d.u.i.k.p.i.AbstractProblemLoader Replaying proof ReadWrite[ReadWrite::doRead()].JML normal_behavior operation contract.0 
899101     DEBUG main            d.u.i.k.p.i.IntermediateProofReplayer Proof replay took 710.36ms 
899102     DEBUG main            d.u.i.k.p.r.p.TestFile    ... success: reloaded. 
899103     INFO  main            d.u.i.k.p.r.p.TestFile    Now processing file /home/runner/work/key/key/key.core/../key.ui/examples/heap/permissions/mulleretal/ReadWrite_doWrite_contract.key 
899104     INFO  main            d.u.i.k.p.i.AbstractProblemLoader Loading environment from /home/runner/work/key/key/key.core/../key.ui/examples/heap/permissions/mulleretal/ReadWrite_doWrite_contract.key 
899104     DEBUG main            d.u.i.k.p.i.AbstractProblemLoader Environment load took 191.4ns 
899112     INFO  main            d.u.i.k.p.i.AbstractProblemLoader Creating init config 
902644     DEBUG main            d.u.i.k.p.i.AbstractProblemLoader Init config took 3.53s 
902689     INFO  main            d.u.i.k.p.i.AbstractProblemLoader Replaying proof ReadWrite[ReadWrite::doWrite()].JML normal_behavior operation contract.0 
902692     DEBUG main            d.u.i.k.p.i.IntermediateProofReplayer Proof replay took 4.6ns 
905400     INFO  main            d.u.i.k.p.r.p.TestFile    ... finished proof: closed. 
906190     INFO  main            d.u.i.k.p.i.AbstractProblemLoader Loading environment from /home/runner/work/key/key/key.core/../key.ui/examples/heap/permissions/mulleretal/ReadWrite_doWrite_contract.key.proof 
906190     DEBUG main            d.u.i.k.p.i.AbstractProblemLoader Environment load took 361.8ns 
906191     INFO  main            d.u.i.k.p.i.AbstractProblemLoader Creating init config 
909830     DEBUG main            d.u.i.k.p.i.AbstractProblemLoader Init config took 3.64s 
909892     INFO  main            d.u.i.k.p.i.AbstractProblemLoader Replaying proof ReadWrite[ReadWrite::doWrite()].JML normal_behavior operation contract.0 
910667     DEBUG main            d.u.i.k.p.i.IntermediateProofReplayer Proof replay took 752.86ms 
910668     DEBUG main            d.u.i.k.p.r.p.TestFile    ... success: reloaded. 
910669     INFO  main            d.u.i.k.p.r.p.TestFile    Now processing file /home/runner/work/key/key/key.core/../key.ui/examples/heap/permissions/mulleretal/ReadWrite_read_contract.key 
910669     INFO  main            d.u.i.k.p.i.AbstractProblemLoader Loading environment from /home/runner/work/key/key/key.core/../key.ui/examples/heap/permissions/mulleretal/ReadWrite_read_contract.key 
910670     DEBUG main            d.u.i.k.p.i.AbstractProblemLoader Environment load took 325.7ns 
910670     INFO  main            d.u.i.k.p.i.AbstractProblemLoader Creating init config 
914264     DEBUG main            d.u.i.k.p.i.AbstractProblemLoader Init config took 3.59s 
914311     INFO  main            d.u.i.k.p.i.AbstractProblemLoader Replaying proof ReadWrite[ReadWrite::read()].JML normal_behavior operation contract.0 
914312     DEBUG main            d.u.i.k.p.i.IntermediateProofReplayer Proof replay took 4.5ns 
914414     INFO  main            d.u.i.k.p.r.p.TestFile    ... finished proof: closed. 
915176     INFO  main            d.u.i.k.p.i.AbstractProblemLoader Loading environment from /home/runner/work/key/key/key.core/../key.ui/examples/heap/permissions/mulleretal/ReadWrite_read_contract.key.proof 
915176     DEBUG main            d.u.i.k.p.i.AbstractProblemLoader Environment load took 85.3ns 
915177     INFO  main            d.u.i.k.p.i.AbstractProblemLoader Creating init config 
918506     DEBUG main            d.u.i.k.p.i.AbstractProblemLoader Init config took 3.33s 
918547     INFO  main            d.u.i.k.p.i.AbstractProblemLoader Replaying proof ReadWrite[ReadWrite::read()].JML normal_behavior operation contract.0 
918558     DEBUG main            d.u.i.k.p.i.IntermediateProofReplayer Proof replay took 9.2ms 
918559     DEBUG main            d.u.i.k.p.r.p.TestFile    ... success: reloaded. 
918561     INFO  main            d.u.i.k.p.r.p.TestFile    Now processing file /home/runner/work/key/key/key.core/../key.ui/examples/heap/permissions/mulleretal/ReadWrite_write_contract.key 
918561     INFO  main            d.u.i.k.p.i.AbstractProblemLoader Loading environment from /home/runner/work/key/key/key.core/../key.ui/examples/heap/permissions/mulleretal/ReadWrite_write_contract.key 
918561     DEBUG main            d.u.i.k.p.i.AbstractProblemLoader Environment load took 87.9ns 
918563     INFO  main            d.u.i.k.p.i.AbstractProblemLoader Creating init config 
922237     DEBUG main            d.u.i.k.p.i.AbstractProblemLoader Init config took 3.67s 
922278     INFO  main            d.u.i.k.p.i.AbstractProblemLoader Replaying proof ReadWrite[ReadWrite::write()].JML normal_behavior operation contract.0 
922284     DEBUG main            d.u.i.k.p.i.IntermediateProofReplayer Proof replay took 4.3ns 
922486     INFO  main            d.u.i.k.p.r.p.TestFile    ... finished proof: closed. 
923283     INFO  main            d.u.i.k.p.i.AbstractProblemLoader Loading environment from /home/runner/work/key/key/key.core/../key.ui/examples/heap/permissions/mulleretal/ReadWrite_write_contract.key.proof 
923283     DEBUG main            d.u.i.k.p.i.AbstractProblemLoader Environment load took 81.5ns 
923284     INFO  main            d.u.i.k.p.i.AbstractProblemLoader Creating init config 
926625     DEBUG main            d.u.i.k.p.i.AbstractProblemLoader Init config took 3.34s 
926667     INFO  main            d.u.i.k.p.i.AbstractProblemLoader Replaying proof ReadWrite[ReadWrite::write()].JML normal_behavior operation contract.0 
926703     DEBUG main            d.u.i.k.p.i.IntermediateProofReplayer Proof replay took 34.46ms 
926704     DEBUG main            d.u.i.k.p.r.p.TestFile    ... success: reloaded. 
926704     INFO  main            d.u.i.k.p.r.p.TestFile    Now processing file /home/runner/work/key/key/key.core/../key.ui/examples/heap/permissions/mulleretal/ReadWrite_inv1_accessible.key 
926705     INFO  main            d.u.i.k.p.i.AbstractProblemLoader Loading environment from /home/runner/work/key/key/key.core/../key.ui/examples/heap/permissions/mulleretal/ReadWrite_inv1_accessible.key 
926705     DEBUG main            d.u.i.k.p.i.AbstractProblemLoader Environment load took 90.2ns 
926706     INFO  main            d.u.i.k.p.i.AbstractProblemLoader Creating init config 
930173     DEBUG main            d.u.i.k.p.i.AbstractProblemLoader Init config took 3.47s 
930212     INFO  main            d.u.i.k.p.i.AbstractProblemLoader Replaying proof ReadWrite[java.lang.Object::<inv>()].JML accessible clause.0 
930214     DEBUG main            d.u.i.k.p.i.IntermediateProofReplayer Proof replay took 3.9ns 
930316     INFO  main            d.u.i.k.p.r.p.TestFile    ... finished proof: closed. 
931069     INFO  main            d.u.i.k.p.i.AbstractProblemLoader Loading environment from /home/runner/work/key/key/key.core/../key.ui/examples/heap/permissions/mulleretal/ReadWrite_inv1_accessible.key.proof 
931069     DEBUG main            d.u.i.k.p.i.AbstractProblemLoader Environment load took 142.5ns 
931070     INFO  main            d.u.i.k.p.i.AbstractProblemLoader Creating init config 
934405     DEBUG main            d.u.i.k.p.i.AbstractProblemLoader Init config took 3.34s 
934445     INFO  main            d.u.i.k.p.i.AbstractProblemLoader Replaying proof ReadWrite[java.lang.Object::<inv>()].JML accessible clause.0 
934449     DEBUG main            d.u.i.k.p.i.IntermediateProofReplayer Proof replay took 2.05ms 
934449     DEBUG main            d.u.i.k.p.r.p.TestFile    ... success: reloaded. 
934450     INFO  main            d.u.i.k.p.r.p.TestFile    Now processing file /home/runner/work/key/key/key.core/../key.ui/examples/heap/permissions/mulleretal/ReadWrite_inv2_accessible.key 
934450     INFO  main            d.u.i.k.p.i.AbstractProblemLoader Loading environment from /home/runner/work/key/key/key.core/../key.ui/examples/heap/permissions/mulleretal/ReadWrite_inv2_accessible.key 
934450     DEBUG main            d.u.i.k.p.i.AbstractProblemLoader Environment load took 51.6ns 
934451     INFO  main            d.u.i.k.p.i.AbstractProblemLoader Creating init config 
937859     DEBUG main            d.u.i.k.p.i.AbstractProblemLoader Init config took 3.41s 
937900     INFO  main            d.u.i.k.p.i.AbstractProblemLoader Replaying proof ReadWrite[java.lang.Object::<inv>()].JML accessible clause.1 
937901     DEBUG main            d.u.i.k.p.i.IntermediateProofReplayer Proof replay took 3.9ns 
938003     INFO  main            d.u.i.k.p.r.p.TestFile    ... finished proof: closed. 
938777     INFO  main            d.u.i.k.p.i.AbstractProblemLoader Loading environment from /home/runner/work/key/key/key.core/../key.ui/examples/heap/permissions/mulleretal/ReadWrite_inv2_accessible.key.proof 
938777     DEBUG main            d.u.i.k.p.i.AbstractProblemLoader Environment load took 75.3ns 
938778     INFO  main            d.u.i.k.p.i.AbstractProblemLoader Creating init config 
942084     DEBUG main            d.u.i.k.p.i.AbstractProblemLoader Init config took 3.31s 
942123     INFO  main            d.u.i.k.p.i.AbstractProblemLoader Replaying proof ReadWrite[java.lang.Object::<inv>()].JML accessible clause.1 
942127     DEBUG main            d.u.i.k.p.i.IntermediateProofReplayer Proof replay took 2.01ms 
942127     DEBUG main            d.u.i.k.p.r.p.TestFile    ... success: reloaded. 
942128     INFO  main            d.u.i.k.p.r.p.TestFile    Now processing file /home/runner/work/key/key/key.core/../key.ui/examples/heap/permissions/lockspec/Counter_lockConsistent_contract.key 
942128     INFO  main            d.u.i.k.p.i.AbstractProblemLoader Loading environment from /home/runner/work/key/key/key.core/../key.ui/examples/heap/permissions/lockspec/Counter_lockConsistent_contract.key 
942129     DEBUG main            d.u.i.k.p.i.AbstractProblemLoader Environment load took 99.5ns 
942129     INFO  main            d.u.i.k.p.i.AbstractProblemLoader Creating init config 
946486     DEBUG main            d.u.i.k.p.i.AbstractProblemLoader Init config took 4.36s 
946564     INFO  main            d.u.i.k.p.i.AbstractProblemLoader Replaying proof Counter[LockSpec::lockConsistent()].JML model_behavior operation contract.0 
946565     DEBUG main            d.u.i.k.p.i.IntermediateProofReplayer Proof replay took 3.5ns 
948075     INFO  main            d.u.i.k.p.r.p.TestFile    ... finished proof: closed. 
948870     INFO  main            d.u.i.k.p.i.AbstractProblemLoader Loading environment from /home/runner/work/key/key/key.core/../key.ui/examples/heap/permissions/lockspec/Counter_lockConsistent_contract.key.proof 
948870     DEBUG main            d.u.i.k.p.i.AbstractProblemLoader Environment load took 148.2ns 
948871     INFO  main            d.u.i.k.p.i.AbstractProblemLoader Creating init config 
952767     DEBUG main            d.u.i.k.p.i.AbstractProblemLoader Init config took 3.9s 
952840     INFO  main            d.u.i.k.p.i.AbstractProblemLoader Replaying proof Counter[LockSpec::lockConsistent()].JML model_behavior operation contract.0 
953221     DEBUG main            d.u.i.k.p.i.IntermediateProofReplayer Proof replay took 370.54ms 
953222     DEBUG main            d.u.i.k.p.r.p.TestFile    ... success: reloaded. 
953223     INFO  main            d.u.i.k.p.r.p.TestFile    Now processing file /home/runner/work/key/key/key.core/../key.ui/examples/heap/permissions/lockspec/Counter_increase_contract.key 
953223     INFO  main            d.u.i.k.p.i.AbstractProblemLoader Loading environment from /home/runner/work/key/key/key.core/../key.ui/examples/heap/permissions/lockspec/Counter_increase_contract.key 
953223     DEBUG main            d.u.i.k.p.i.AbstractProblemLoader Environment load took 173.9ns 
953224     INFO  main            d.u.i.k.p.i.AbstractProblemLoader Creating init config 
957489     DEBUG main            d.u.i.k.p.i.AbstractProblemLoader Init config took 4.26s 
957562     INFO  main            d.u.i.k.p.i.AbstractProblemLoader Replaying proof Counter[Counter::increase()].JML normal_behavior operation contract.0 
957570     DEBUG main            d.u.i.k.p.i.IntermediateProofReplayer Proof replay took 4.2ns 
959983     INFO  main            d.u.i.k.p.r.p.TestFile    ... finished proof: closed. 
960791     INFO  main            d.u.i.k.p.i.AbstractProblemLoader Loading environment from /home/runner/work/key/key/key.core/../key.ui/examples/heap/permissions/lockspec/Counter_increase_contract.key.proof 
960792     DEBUG main            d.u.i.k.p.i.AbstractProblemLoader Environment load took 358.8ns 
960793     INFO  main            d.u.i.k.p.i.AbstractProblemLoader Creating init config 
964811     DEBUG main            d.u.i.k.p.i.AbstractProblemLoader Init config took 4.02s 
964871     INFO  main            d.u.i.k.p.i.AbstractProblemLoader Replaying proof Counter[Counter::increase()].JML normal_behavior operation contract.0 
965285     DEBUG main            d.u.i.k.p.i.IntermediateProofReplayer Proof replay took 394.73ms 
965287     DEBUG main            d.u.i.k.p.r.p.TestFile    ... success: reloaded. 
965288     INFO  main            d.u.i.k.p.r.p.TestFile    Now processing file /home/runner/work/key/key/key.core/../key.ui/examples/heap/permissions/lockspec/Counter_fp_accessible.key 
965288     INFO  main            d.u.i.k.p.i.AbstractProblemLoader Loading environment from /home/runner/work/key/key/key.core/../key.ui/examples/heap/permissions/lockspec/Counter_fp_accessible.key 
965288     DEBUG main            d.u.i.k.p.i.AbstractProblemLoader Environment load took 54.1ns 
965289     INFO  main            d.u.i.k.p.i.AbstractProblemLoader Creating init config 
969446     DEBUG main            d.u.i.k.p.i.AbstractProblemLoader Init config took 4.16s 
969510     INFO  main            d.u.i.k.p.i.AbstractProblemLoader Replaying proof Counter[LockSpec::fp()].JML accessible clause.0 
969512     DEBUG main            d.u.i.k.p.i.IntermediateProofReplayer Proof replay took 4ns 
969614     INFO  main            d.u.i.k.p.r.p.TestFile    ... finished proof: closed. 
970402     INFO  main            d.u.i.k.p.i.AbstractProblemLoader Loading environment from /home/runner/work/key/key/key.core/../key.ui/examples/heap/permissions/lockspec/Counter_fp_accessible.key.proof 
970402     DEBUG main            d.u.i.k.p.i.AbstractProblemLoader Environment load took 80.1ns 
970403     INFO  main            d.u.i.k.p.i.AbstractProblemLoader Creating init config 
974430     DEBUG main            d.u.i.k.p.i.AbstractProblemLoader Init config took 4.03s 
974504     INFO  main            d.u.i.k.p.i.AbstractProblemLoader Replaying proof Counter[LockSpec::fp()].JML accessible clause.0 
974520     DEBUG main            d.u.i.k.p.i.IntermediateProofReplayer Proof replay took 13.53ms 
974521     DEBUG main            d.u.i.k.p.r.p.TestFile    ... success: reloaded. 
974522     INFO  main            d.u.i.k.p.r.p.TestFile    Now processing file /home/runner/work/key/key/key.core/../key.ui/examples/heap/permissions/lockspec/Counter_fpLock_accessible.key 
974523     INFO  main            d.u.i.k.p.i.AbstractProblemLoader Loading environment from /home/runner/work/key/key/key.core/../key.ui/examples/heap/permissions/lockspec/Counter_fpLock_accessible.key 
974523     DEBUG main            d.u.i.k.p.i.AbstractProblemLoader Environment load took 101.3ns 
974524     INFO  main            d.u.i.k.p.i.AbstractProblemLoader Creating init config 
978600     DEBUG main            d.u.i.k.p.i.AbstractProblemLoader Init config took 4.08s 
978663     INFO  main            d.u.i.k.p.i.AbstractProblemLoader Replaying proof Counter[LockSpec::fpLock()].JML accessible clause.0 
978665     DEBUG main            d.u.i.k.p.i.IntermediateProofReplayer Proof replay took 4.2ns 
978766     INFO  main            d.u.i.k.p.r.p.TestFile    ... finished proof: closed. 
979598     INFO  main            d.u.i.k.p.i.AbstractProblemLoader Loading environment from /home/runner/work/key/key/key.core/../key.ui/examples/heap/permissions/lockspec/Counter_fpLock_accessible.key.proof 
979598     DEBUG main            d.u.i.k.p.i.AbstractProblemLoader Environment load took 78.8ns 
979599     INFO  main            d.u.i.k.p.i.AbstractProblemLoader Creating init config 
983604     DEBUG main            d.u.i.k.p.i.AbstractProblemLoader Init config took 4.01s 
983668     INFO  main            d.u.i.k.p.i.AbstractProblemLoader Replaying proof Counter[LockSpec::fpLock()].JML accessible clause.0 
983681     DEBUG main            d.u.i.k.p.i.IntermediateProofReplayer Proof replay took 10.37ms 
983682     DEBUG main            d.u.i.k.p.r.p.TestFile    ... success: reloaded. 
983683     INFO  main            d.u.i.k.p.r.p.TestFile    Now processing file /home/runner/work/key/key/key.core/../key.ui/examples/heap/permissions/lockspec/Counter_fpPerm_accessible.key 
983683     INFO  main            d.u.i.k.p.i.AbstractProblemLoader Loading environment from /home/runner/work/key/key/key.core/../key.ui/examples/heap/permissions/lockspec/Counter_fpPerm_accessible.key 
983683     DEBUG main            d.u.i.k.p.i.AbstractProblemLoader Environment load took 173.3ns 
983684     INFO  main            d.u.i.k.p.i.AbstractProblemLoader Creating init config 
987771     DEBUG main            d.u.i.k.p.i.AbstractProblemLoader Init config took 4.09s 
987849     INFO  main            d.u.i.k.p.i.AbstractProblemLoader Replaying proof Counter[LockSpec::fpPerm()].JML accessible clause.0 
987859     DEBUG main            d.u.i.k.p.i.IntermediateProofReplayer Proof replay took 4.9ns 
987968     INFO  main            d.u.i.k.p.r.p.TestFile    ... finished proof: closed. 
988809     INFO  main            d.u.i.k.p.i.AbstractProblemLoader Loading environment from /home/runner/work/key/key/key.core/../key.ui/examples/heap/permissions/lockspec/Counter_fpPerm_accessible.key.proof 
988809     DEBUG main            d.u.i.k.p.i.AbstractProblemLoader Environment load took 84.4ns 
988810     INFO  main            d.u.i.k.p.i.AbstractProblemLoader Creating init config 
992741     DEBUG main            d.u.i.k.p.i.AbstractProblemLoader Init config took 3.93s 
992812     INFO  main            d.u.i.k.p.i.AbstractProblemLoader Replaying proof Counter[LockSpec::fpPerm()].JML accessible clause.0 
992847     DEBUG main            d.u.i.k.p.i.IntermediateProofReplayer Proof replay took 31.46ms 
992849     DEBUG main            d.u.i.k.p.r.p.TestFile    ... success: reloaded. 
992850     INFO  main            d.u.i.k.p.r.p.TestFile    Now processing file /home/runner/work/key/key/key.core/../key.ui/examples/heap/permissions/lockspec/Counter_inv_accessible1.key 
992851     INFO  main            d.u.i.k.p.i.AbstractProblemLoader Loading environment from /home/runner/work/key/key/key.core/../key.ui/examples/heap/permissions/lockspec/Counter_inv_accessible1.key 
992851     DEBUG main            d.u.i.k.p.i.AbstractProblemLoader Environment load took 211.5ns 
992855     INFO  main            d.u.i.k.p.i.AbstractProblemLoader Creating init config 
996956     DEBUG main            d.u.i.k.p.i.AbstractProblemLoader Init config took 4.1s 
997023     INFO  main            d.u.i.k.p.i.AbstractProblemLoader Replaying proof Counter[java.lang.Object::<inv>()].JML accessible clause.0 
997025     DEBUG main            d.u.i.k.p.i.IntermediateProofReplayer Proof replay took 3.7ns 
997127     INFO  main            d.u.i.k.p.r.p.TestFile    ... finished proof: closed. 
997941     INFO  main            d.u.i.k.p.i.AbstractProblemLoader Loading environment from /home/runner/work/key/key/key.core/../key.ui/examples/heap/permissions/lockspec/Counter_inv_accessible1.key.proof 
997941     DEBUG main            d.u.i.k.p.i.AbstractProblemLoader Environment load took 88ns 
997942     INFO  main            d.u.i.k.p.i.AbstractProblemLoader Creating init config 
1001973    DEBUG main            d.u.i.k.p.i.AbstractProblemLoader Init config took 4.03s 
1002034    INFO  main            d.u.i.k.p.i.AbstractProblemLoader Replaying proof Counter[java.lang.Object::<inv>()].JML accessible clause.0 
1002049    DEBUG main            d.u.i.k.p.i.IntermediateProofReplayer Proof replay took 12.91ms 
1002050    DEBUG main            d.u.i.k.p.r.p.TestFile    ... success: reloaded. 
1002050    INFO  main            d.u.i.k.p.r.p.TestFile    Now processing file /home/runner/work/key/key/key.core/../key.ui/examples/heap/permissions/lockspec/Counter_inv_accessible2.key 
1002051    INFO  main            d.u.i.k.p.i.AbstractProblemLoader Loading environment from /home/runner/work/key/key/key.core/../key.ui/examples/heap/permissions/lockspec/Counter_inv_accessible2.key 
1002051    DEBUG main            d.u.i.k.p.i.AbstractProblemLoader Environment load took 87.8ns 
1002052    INFO  main            d.u.i.k.p.i.AbstractProblemLoader Creating init config 
1006097    DEBUG main            d.u.i.k.p.i.AbstractProblemLoader Init config took 4.05s 
1006177    INFO  main            d.u.i.k.p.i.AbstractProblemLoader Replaying proof Counter[java.lang.Object::<inv>()].JML accessible clause.1 
1006179    DEBUG main            d.u.i.k.p.i.IntermediateProofReplayer Proof replay took 4.2ns 
1006281    INFO  main            d.u.i.k.p.r.p.TestFile    ... finished proof: closed. 
1007101    INFO  main            d.u.i.k.p.i.AbstractProblemLoader Loading environment from /home/runner/work/key/key/key.core/../key.ui/examples/heap/permissions/lockspec/Counter_inv_accessible2.key.proof 
1007101    DEBUG main            d.u.i.k.p.i.AbstractProblemLoader Environment load took 74.2ns 
1007102    INFO  main            d.u.i.k.p.i.AbstractProblemLoader Creating init config 
1011035    DEBUG main            d.u.i.k.p.i.AbstractProblemLoader Init config took 3.93s 
1011104    INFO  main            d.u.i.k.p.i.AbstractProblemLoader Replaying proof Counter[java.lang.Object::<inv>()].JML accessible clause.1 
1011121    DEBUG main            d.u.i.k.p.i.IntermediateProofReplayer Proof replay took 14.91ms 
1011123    DEBUG main            d.u.i.k.p.r.p.TestFile    ... success: reloaded. 
1011123    INFO  main            d.u.i.k.p.r.p.TestFile    Now processing file /home/runner/work/key/key/key.core/../key.ui/examples/heap/permissions/lockspec/Counter_lockRef_accessible.key 
1011124    INFO  main            d.u.i.k.p.i.AbstractProblemLoader Loading environment from /home/runner/work/key/key/key.core/../key.ui/examples/heap/permissions/lockspec/Counter_lockRef_accessible.key 
1011124    DEBUG main            d.u.i.k.p.i.AbstractProblemLoader Environment load took 173.7ns 
1011125    INFO  main            d.u.i.k.p.i.AbstractProblemLoader Creating init config 
1015244    DEBUG main            d.u.i.k.p.i.AbstractProblemLoader Init config took 4.12s 
1015306    INFO  main            d.u.i.k.p.i.AbstractProblemLoader Replaying proof Counter[LockSpec::lockRef()].JML accessible clause.0 
1015308    DEBUG main            d.u.i.k.p.i.IntermediateProofReplayer Proof replay took 3.8ns 
1015632    INFO  main            d.u.i.k.p.r.p.TestFile    ... finished proof: closed. 
1016452    INFO  main            d.u.i.k.p.i.AbstractProblemLoader Loading environment from /home/runner/work/key/key/key.core/../key.ui/examples/heap/permissions/lockspec/Counter_lockRef_accessible.key.proof 
1016452    DEBUG main            d.u.i.k.p.i.AbstractProblemLoader Environment load took 86.5ns 
1016453    INFO  main            d.u.i.k.p.i.AbstractProblemLoader Creating init config 
1020424    DEBUG main            d.u.i.k.p.i.AbstractProblemLoader Init config took 3.97s 
1020488    INFO  main            d.u.i.k.p.i.AbstractProblemLoader Replaying proof Counter[LockSpec::lockRef()].JML accessible clause.0 
1020535    DEBUG main            d.u.i.k.p.i.IntermediateProofReplayer Proof replay took 43.43ms 
1020536    DEBUG main            d.u.i.k.p.r.p.TestFile    ... success: reloaded. 
1020537    INFO  main            d.u.i.k.p.r.p.TestFile    Now processing file /home/runner/work/key/key/key.core/../key.ui/examples/heap/permissions/lockspec/Counter_lockRef_contract1.key 
1020537    INFO  main            d.u.i.k.p.i.AbstractProblemLoader Loading environment from /home/runner/work/key/key/key.core/../key.ui/examples/heap/permissions/lockspec/Counter_lockRef_contract1.key 
1020537    DEBUG main            d.u.i.k.p.i.AbstractProblemLoader Environment load took 182.4ns 
1020538    INFO  main            d.u.i.k.p.i.AbstractProblemLoader Creating init config 
1024524    DEBUG main            d.u.i.k.p.i.AbstractProblemLoader Init config took 3.99s 
1024616    INFO  main            d.u.i.k.p.i.AbstractProblemLoader Replaying proof Counter[LockSpec::lockRef()].JML model_behavior operation contract.0 
1024618    DEBUG main            d.u.i.k.p.i.IntermediateProofReplayer Proof replay took 3.9ns 
1024722    INFO  main            d.u.i.k.p.r.p.TestFile    ... finished proof: closed. 
1025560    INFO  main            d.u.i.k.p.i.AbstractProblemLoader Loading environment from /home/runner/work/key/key/key.core/../key.ui/examples/heap/permissions/lockspec/Counter_lockRef_contract1.key.proof 
1025560    DEBUG main            d.u.i.k.p.i.AbstractProblemLoader Environment load took 83.1ns 
1025561    INFO  main            d.u.i.k.p.i.AbstractProblemLoader Creating init config 
1029521    DEBUG main            d.u.i.k.p.i.AbstractProblemLoader Init config took 3.96s 
1029591    INFO  main            d.u.i.k.p.i.AbstractProblemLoader Replaying proof Counter[LockSpec::lockRef()].JML model_behavior operation contract.0 
1029598    DEBUG main            d.u.i.k.p.i.IntermediateProofReplayer Proof replay took 5.43ms 
1029599    DEBUG main            d.u.i.k.p.r.p.TestFile    ... success: reloaded. 
1029600    INFO  main            d.u.i.k.p.r.p.TestFile    Now processing file /home/runner/work/key/key/key.core/../key.ui/examples/heap/permissions/lockspec/Counter_lockRef_contract2.key 
1029600    INFO  main            d.u.i.k.p.i.AbstractProblemLoader Loading environment from /home/runner/work/key/key/key.core/../key.ui/examples/heap/permissions/lockspec/Counter_lockRef_contract2.key 
1029600    DEBUG main            d.u.i.k.p.i.AbstractProblemLoader Environment load took 180.6ns 
1029601    INFO  main            d.u.i.k.p.i.AbstractProblemLoader Creating init config 
1033702    DEBUG main            d.u.i.k.p.i.AbstractProblemLoader Init config took 4.1s 
1033766    INFO  main            d.u.i.k.p.i.AbstractProblemLoader Replaying proof Counter[Counter::lockRef()].JML model_behavior operation contract.0 
1033767    DEBUG main            d.u.i.k.p.i.IntermediateProofReplayer Proof replay took 3.8ns 
1033869    INFO  main            d.u.i.k.p.r.p.TestFile    ... finished proof: closed. 
1034723    INFO  main            d.u.i.k.p.i.AbstractProblemLoader Loading environment from /home/runner/work/key/key/key.core/../key.ui/examples/heap/permissions/lockspec/Counter_lockRef_contract2.key.proof 
1034723    DEBUG main            d.u.i.k.p.i.AbstractProblemLoader Environment load took 84.5ns 
1034724    INFO  main            d.u.i.k.p.i.AbstractProblemLoader Creating init config 
1038659    DEBUG main            d.u.i.k.p.i.AbstractProblemLoader Init config took 3.94s 
1038742    INFO  main            d.u.i.k.p.i.AbstractProblemLoader Replaying proof Counter[Counter::lockRef()].JML model_behavior operation contract.0 
1038767    DEBUG main            d.u.i.k.p.i.IntermediateProofReplayer Proof replay took 22.37ms 
1038768    DEBUG main            d.u.i.k.p.r.p.TestFile    ... success: reloaded. 
1038768    INFO  main            d.u.i.k.p.r.p.TestFile    Now processing file /home/runner/work/key/key/key.core/../key.ui/examples/heap/permissions/lockspec/Counter_lockState_accessible.key 
1038769    INFO  main            d.u.i.k.p.i.AbstractProblemLoader Loading environment from /home/runner/work/key/key/key.core/../key.ui/examples/heap/permissions/lockspec/Counter_lockState_accessible.key 
1038769    DEBUG main            d.u.i.k.p.i.AbstractProblemLoader Environment load took 137.3ns 
1038770    INFO  main            d.u.i.k.p.i.AbstractProblemLoader Creating init config 
1042885    DEBUG main            d.u.i.k.p.i.AbstractProblemLoader Init config took 4.12s 
1042958    INFO  main            d.u.i.k.p.i.AbstractProblemLoader Replaying proof Counter[LockSpec::lockState(boolean)].JML accessible clause.0 
1042960    DEBUG main            d.u.i.k.p.i.IntermediateProofReplayer Proof replay took 4ns 
1043363    INFO  main            d.u.i.k.p.r.p.TestFile    ... finished proof: closed. 
1044233    INFO  main            d.u.i.k.p.i.AbstractProblemLoader Loading environment from /home/runner/work/key/key/key.core/../key.ui/examples/heap/permissions/lockspec/Counter_lockState_accessible.key.proof 
1044234    DEBUG main            d.u.i.k.p.i.AbstractProblemLoader Environment load took 409.3ns 
1044235    INFO  main            d.u.i.k.p.i.AbstractProblemLoader Creating init config 
1048302    DEBUG main            d.u.i.k.p.i.AbstractProblemLoader Init config took 4.07s 
1048373    INFO  main            d.u.i.k.p.i.AbstractProblemLoader Replaying proof Counter[LockSpec::lockState(boolean)].JML accessible clause.0 
1048471    DEBUG main            d.u.i.k.p.i.IntermediateProofReplayer Proof replay took 93.62ms 
1048472    DEBUG main            d.u.i.k.p.r.p.TestFile    ... success: reloaded. 
1048473    INFO  main            d.u.i.k.p.r.p.TestFile    Now processing file /home/runner/work/key/key/key.core/../key.ui/examples/heap/permissions/lockspec/Counter_lockStatus_accessible.key 
1048476    INFO  main            d.u.i.k.p.i.AbstractProblemLoader Loading environment from /home/runner/work/key/key/key.core/../key.ui/examples/heap/permissions/lockspec/Counter_lockStatus_accessible.key 
1048476    DEBUG main            d.u.i.k.p.i.AbstractProblemLoader Environment load took 152.7ns 
1048477    INFO  main            d.u.i.k.p.i.AbstractProblemLoader Creating init config 
1052738    DEBUG main            d.u.i.k.p.i.AbstractProblemLoader Init config took 4.26s 
1052802    INFO  main            d.u.i.k.p.i.AbstractProblemLoader Replaying proof Counter[LockSpec::lockStatus(boolean)].JML accessible clause.0 
1052804    DEBUG main            d.u.i.k.p.i.IntermediateProofReplayer Proof replay took 3.7ns 
1053006    INFO  main            d.u.i.k.p.r.p.TestFile    ... finished proof: closed. 
1053848    INFO  main            d.u.i.k.p.i.AbstractProblemLoader Loading environment from /home/runner/work/key/key/key.core/../key.ui/examples/heap/permissions/lockspec/Counter_lockStatus_accessible.key.proof 
1053848    DEBUG main            d.u.i.k.p.i.AbstractProblemLoader Environment load took 80.3ns 
1053849    INFO  main            d.u.i.k.p.i.AbstractProblemLoader Creating init config 
1057767    DEBUG main            d.u.i.k.p.i.AbstractProblemLoader Init config took 3.92s 
1057841    INFO  main            d.u.i.k.p.i.AbstractProblemLoader Replaying proof Counter[LockSpec::lockStatus(boolean)].JML accessible clause.0 
1057873    DEBUG main            d.u.i.k.p.i.IntermediateProofReplayer Proof replay took 29.53ms 
1057875    DEBUG main            d.u.i.k.p.r.p.TestFile    ... success: reloaded. 
1057875    INFO  main            d.u.i.k.p.r.p.TestFile    Now processing file /home/runner/work/key/key/key.core/../key.ui/examples/heap/permissions/lockspec/Counter_lockTransfer_accessible.key 
1057876    INFO  main            d.u.i.k.p.i.AbstractProblemLoader Loading environment from /home/runner/work/key/key/key.core/../key.ui/examples/heap/permissions/lockspec/Counter_lockTransfer_accessible.key 
1057876    DEBUG main            d.u.i.k.p.i.AbstractProblemLoader Environment load took 150.6ns 
1057877    INFO  main            d.u.i.k.p.i.AbstractProblemLoader Creating init config 
1062092    DEBUG main            d.u.i.k.p.i.AbstractProblemLoader Init config took 4.21s 
1062153    INFO  main            d.u.i.k.p.i.AbstractProblemLoader Replaying proof Counter[LockSpec::lockTransfer()].JML accessible clause.0 
1062155    DEBUG main            d.u.i.k.p.i.IntermediateProofReplayer Proof replay took 3.4ns 
1062571    INFO  main            d.u.i.k.p.r.p.TestFile    ... finished proof: closed. 
1063426    INFO  main            d.u.i.k.p.i.AbstractProblemLoader Loading environment from /home/runner/work/key/key/key.core/../key.ui/examples/heap/permissions/lockspec/Counter_lockTransfer_accessible.key.proof 
1063426    DEBUG main            d.u.i.k.p.i.AbstractProblemLoader Environment load took 79.1ns 
1063427    INFO  main            d.u.i.k.p.i.AbstractProblemLoader Creating init config 
1067357    DEBUG main            d.u.i.k.p.i.AbstractProblemLoader Init config took 3.93s 
1067430    INFO  main            d.u.i.k.p.i.AbstractProblemLoader Replaying proof Counter[LockSpec::lockTransfer()].JML accessible clause.0 
1067517    DEBUG main            d.u.i.k.p.i.IntermediateProofReplayer Proof replay took 83.16ms 
1067518    DEBUG main            d.u.i.k.p.r.p.TestFile    ... success: reloaded. 
1067519    INFO  main            d.u.i.k.p.r.p.TestFile    Now processing file /home/runner/work/key/key/key.core/../key.ui/examples/heap/permissions/lockspec/Counter_unlockTransfer_accessible.key 
1067520    INFO  main            d.u.i.k.p.i.AbstractProblemLoader Loading environment from /home/runner/work/key/key/key.core/../key.ui/examples/heap/permissions/lockspec/Counter_unlockTransfer_accessible.key 
1067520    DEBUG main            d.u.i.k.p.i.AbstractProblemLoader Environment load took 192.1ns 
1067521    INFO  main            d.u.i.k.p.i.AbstractProblemLoader Creating init config 
1071641    DEBUG main            d.u.i.k.p.i.AbstractProblemLoader Init config took 4.12s 
1071714    INFO  main            d.u.i.k.p.i.AbstractProblemLoader Replaying proof Counter[LockSpec::unlockTransfer()].JML accessible clause.0 
1071716    DEBUG main            d.u.i.k.p.i.IntermediateProofReplayer Proof replay took 4.3ns 
1072119    INFO  main            d.u.i.k.p.r.p.TestFile    ... finished proof: closed. 
1073047    INFO  main            d.u.i.k.p.i.AbstractProblemLoader Loading environment from /home/runner/work/key/key/key.core/../key.ui/examples/heap/permissions/lockspec/Counter_unlockTransfer_accessible.key.proof 
1073047    DEBUG main            d.u.i.k.p.i.AbstractProblemLoader Environment load took 352.9ns 
1073048    INFO  main            d.u.i.k.p.i.AbstractProblemLoader Creating init config 
1077059    DEBUG main            d.u.i.k.p.i.AbstractProblemLoader Init config took 4.01s 
1077137    INFO  main            d.u.i.k.p.i.AbstractProblemLoader Replaying proof Counter[LockSpec::unlockTransfer()].JML accessible clause.0 
1077226    DEBUG main            d.u.i.k.p.i.IntermediateProofReplayer Proof replay took 81.43ms 
1077227    DEBUG main            d.u.i.k.p.r.p.TestFile    ... success: reloaded. 
1077228    INFO  main            d.u.i.k.p.r.p.TestFile    Now processing file /home/runner/work/key/key/key.core/../key.ui/examples/heap/permissions/threads/Plotter_startTransfer_contract.proof 
1077229    INFO  main            d.u.i.k.p.i.AbstractProblemLoader Loading environment from /home/runner/work/key/key/key.core/../key.ui/examples/heap/permissions/threads/Plotter_startTransfer_contract.proof 
1077229    DEBUG main            d.u.i.k.p.i.AbstractProblemLoader Environment load took 178.8ns 
1077230    INFO  main            d.u.i.k.p.i.AbstractProblemLoader Creating init config 
1083422    DEBUG main            d.u.i.k.p.i.AbstractProblemLoader Init config took 6.19s 
1083524    INFO  main            d.u.i.k.p.i.AbstractProblemLoader Replaying proof Plotter[ThreadSpec2::startTransfer()].JML model_behavior operation contract.0 
1083661    DEBUG main            d.u.i.k.p.i.IntermediateProofReplayer Proof replay took 128.7ms 
1083662    INFO  main            d.u.i.k.p.r.p.TestFile    ... success: loaded 
1083663    INFO  main            d.u.i.k.p.r.p.TestFile    Now processing file /home/runner/work/key/key/key.core/../key.ui/examples/heap/permissions/threads/Plotter_startTransfer_accessible.proof 
1083664    INFO  main            d.u.i.k.p.i.AbstractProblemLoader Loading environment from /home/runner/work/key/key/key.core/../key.ui/examples/heap/permissions/threads/Plotter_startTransfer_accessible.proof 
1083664    DEBUG main            d.u.i.k.p.i.AbstractProblemLoader Environment load took 172.4ns 
1083665    INFO  main            d.u.i.k.p.i.AbstractProblemLoader Creating init config 
1090084    DEBUG main            d.u.i.k.p.i.AbstractProblemLoader Init config took 6.42s 
1090203    INFO  main            d.u.i.k.p.i.AbstractProblemLoader Replaying proof Plotter[ThreadSpec2::startTransfer()].JML accessible clause.0 
1090331    DEBUG main            d.u.i.k.p.i.IntermediateProofReplayer Proof replay took 123.9ms 
1090332    INFO  main            d.u.i.k.p.r.p.TestFile    ... success: loaded 
1090333    INFO  main            d.u.i.k.p.r.p.TestFile    Now processing file /home/runner/work/key/key/key.core/../key.ui/examples/heap/permissions/threads/Plotter_joinTransfer_accessible.proof 
1090333    INFO  main            d.u.i.k.p.i.AbstractProblemLoader Loading environment from /home/runner/work/key/key/key.core/../key.ui/examples/heap/permissions/threads/Plotter_joinTransfer_accessible.proof 
1090334    DEBUG main            d.u.i.k.p.i.AbstractProblemLoader Environment load took 90ns 
1090335    INFO  main            d.u.i.k.p.i.AbstractProblemLoader Creating init config 
1096587    DEBUG main            d.u.i.k.p.i.AbstractProblemLoader Init config took 6.25s 
1096705    INFO  main            d.u.i.k.p.i.AbstractProblemLoader Replaying proof Plotter[ThreadSpec2::joinTransfer()].JML accessible clause.0 
1096722    WARN  main            d.u.i.k.p.i.IntermediateProofReplayer Proof contains wrong number of \assumes instatiations for Definition_axiom_for_stateInv_in_Plotter 
1096728    WARN  main            d.u.i.k.p.i.IntermediateProofReplayer Proof contains wrong number of \assumes instatiations for Definition_axiom_for_stateInv_in_Plotter 
1096731    WARN  main            d.u.i.k.p.i.IntermediateProofReplayer Proof contains wrong number of \assumes instatiations for Definition_axiom_for_workingPermissions_in_Plotter 
1096732    WARN  main            d.u.i.k.p.i.IntermediateProofReplayer Proof contains wrong number of \assumes instatiations for Definition_axiom_for_staticPermissions_in_Plotter 
1096733    WARN  main            d.u.i.k.p.i.IntermediateProofReplayer Proof contains wrong number of \assumes instatiations for Definition_axiom_for_joinTransfer_in_Plotter 
1096735    WARN  main            d.u.i.k.p.i.IntermediateProofReplayer Proof contains wrong number of \assumes instatiations for Definition_axiom_for_stateInv_in_BFilter 
1096738    WARN  main            d.u.i.k.p.i.IntermediateProofReplayer Proof contains wrong number of \assumes instatiations for Definition_axiom_for_stateInv_in_AFilter 
1096740    WARN  main            d.u.i.k.p.i.IntermediateProofReplayer Proof contains wrong number of \assumes instatiations for Definition_axiom_for_stateInv_in_BFilter 
1096742    WARN  main            d.u.i.k.p.i.IntermediateProofReplayer Proof contains wrong number of \assumes instatiations for Definition_axiom_for_stateInv_in_AFilter 
1096744    WARN  main            d.u.i.k.p.i.IntermediateProofReplayer Proof contains wrong number of \assumes instatiations for Definition_axiom_for_staticPermissions_in_AFilter 
1096745    WARN  main            d.u.i.k.p.i.IntermediateProofReplayer Proof contains wrong number of \assumes instatiations for Definition_axiom_for_staticPermissions_in_Plotter 
1096746    WARN  main            d.u.i.k.p.i.IntermediateProofReplayer Proof contains wrong number of \assumes instatiations for Definition_axiom_for_staticPermissions_in_BFilter 
1096748    WARN  main            d.u.i.k.p.i.IntermediateProofReplayer Proof contains wrong number of \assumes instatiations for Definition_axiom_for_workingPermissions_in_Plotter 
1096748    WARN  main            d.u.i.k.p.i.IntermediateProofReplayer Proof contains wrong number of \assumes instatiations for Definition_axiom_for_stateInv_in_Sampler 
1096750    WARN  main            d.u.i.k.p.i.IntermediateProofReplayer Proof contains wrong number of \assumes instatiations for Definition_axiom_for_stateInv_in_Sampler 
1096751    WARN  main            d.u.i.k.p.i.IntermediateProofReplayer Proof contains wrong number of \assumes instatiations for Definition_axiom_for_staticPermissions_in_Sampler 
1096752    WARN  main            d.u.i.k.p.i.IntermediateProofReplayer Proof contains wrong number of \assumes instatiations for Definition_axiom_for_staticPermissions_in_BFilter 
1096753    WARN  main            d.u.i.k.p.i.IntermediateProofReplayer Proof contains wrong number of \assumes instatiations for Definition_axiom_for_staticPermissions_in_AFilter 
1096754    WARN  main            d.u.i.k.p.i.IntermediateProofReplayer Proof contains wrong number of \assumes instatiations for Definition_axiom_for_staticPermissions_in_Sampler 
1096754    WARN  main            d.u.i.k.p.i.IntermediateProofReplayer Proof contains wrong number of \assumes instatiations for Definition_axiom_for_staticPermissions_in_Sampler 
1096755    WARN  main            d.u.i.k.p.i.IntermediateProofReplayer Proof contains wrong number of \assumes instatiations for Definition_axiom_for_staticPermissions_in_Sampler 
1096756    WARN  main            d.u.i.k.p.i.IntermediateProofReplayer Proof contains wrong number of \assumes instatiations for Definition_axiom_for_joinTransfer_in_Plotter 
1096913    DEBUG main            d.u.i.k.p.i.IntermediateProofReplayer Proof replay took 203.96ms 
1096914    INFO  main            d.u.i.k.p.r.p.TestFile    ... success: loaded 
6499929    INFO  Test worker     d.u.i.k.p.r.RunAllProofsTestUnit Returning from test permissionHeap 
6499931    INFO  Test worker     d.u.i.k.p.r.RunAllProofsTestUnit Running test completionScopes 
453        INFO  Timeout watchdog d.u.i.k.p.r.p.ForkedTestFileRunner Timeout watcher launched (2000 secs.) 
496        WARN  main            d.u.i.k.s.ProofSettings   The settings in /home/runner/.key/proof-settings.props are *not* read. 
554        INFO  main            d.u.i.k.p.r.p.TestFile    Now processing file /home/runner/work/key/key/key.core/../key.ui/examples/completionscopes/testCcatchReturnVal.key 
712        INFO  main            d.u.i.k.p.i.AbstractProblemLoader Loading environment from /home/runner/work/key/key/key.core/../key.ui/examples/completionscopes/testCcatchReturnVal.key 
733        DEBUG main            d.u.i.k.p.i.AbstractProblemLoader Environment load took 2.34ms 
1035       INFO  main            d.u.i.k.p.i.AbstractProblemLoader Creating init config 
2451       DEBUG main            d.u.i.k.j.TypeConverter   No LDT found for Meta 
2452       DEBUG main            d.u.i.k.j.TypeConverter   No LDT found for Meta 
2456       DEBUG main            d.u.i.k.j.TypeConverter   No LDT found for Meta 
2456       DEBUG main            d.u.i.k.j.TypeConverter   No LDT found for Meta 
4308       DEBUG main            d.u.i.k.j.TypeConverter   No LDT found for JavaBigintExpression 
10701      DEBUG main            d.u.i.k.p.i.AbstractProblemLoader Init config took 9.67s 
10889      INFO  main            d.u.i.k.p.i.AbstractProblemLoader Replaying proof CompletionScopes[CompletionScopes::testCcatchReturnVal()].JML normal_behavior operation contract.0 
10939      DEBUG main            d.u.i.k.p.i.IntermediateProofReplayer Proof replay took 42.7ns 
11614      INFO  main            d.u.i.k.p.r.p.TestFile    ... finished proof: closed. 
11754      INFO  main            d.u.i.k.p.i.AbstractProblemLoader Loading environment from /home/runner/work/key/key/key.core/../key.ui/examples/completionscopes/testCcatchReturnVal.key.proof 
11756      DEBUG main            d.u.i.k.p.i.AbstractProblemLoader Environment load took 2.05ms 
11760      INFO  main            d.u.i.k.p.i.AbstractProblemLoader Creating init config 
15442      DEBUG main            d.u.i.k.p.i.AbstractProblemLoader Init config took 3.68s 
15547      INFO  main            d.u.i.k.p.i.AbstractProblemLoader Replaying proof CompletionScopes[CompletionScopes::testCcatchReturnVal()].JML normal_behavior operation contract.0 
15600      DEBUG main            d.u.i.k.p.i.IntermediateProofReplayer Proof replay took 46.61ms 
15617      DEBUG main            d.u.i.k.p.r.p.TestFile    ... success: reloaded. 
15623      INFO  main            d.u.i.k.p.r.p.TestFile    Now processing file /home/runner/work/key/key/key.core/../key.ui/examples/completionscopes/testMultCcatchClauses.key 
15623      INFO  main            d.u.i.k.p.i.AbstractProblemLoader Loading environment from /home/runner/work/key/key/key.core/../key.ui/examples/completionscopes/testMultCcatchClauses.key 
15623      DEBUG main            d.u.i.k.p.i.AbstractProblemLoader Environment load took 158.2ns 
15625      INFO  main            d.u.i.k.p.i.AbstractProblemLoader Creating init config 
19108      DEBUG main            d.u.i.k.p.i.AbstractProblemLoader Init config took 3.48s 
19194      INFO  main            d.u.i.k.p.i.AbstractProblemLoader Replaying proof CompletionScopes[CompletionScopes::testMultCcatchClauses()].JML normal_behavior operation contract.0 
19199      DEBUG main            d.u.i.k.p.i.IntermediateProofReplayer Proof replay took 60.4ns 
19808      INFO  main            d.u.i.k.p.r.p.TestFile    ... finished proof: closed. 
19989      INFO  main            d.u.i.k.p.i.AbstractProblemLoader Loading environment from /home/runner/work/key/key/key.core/../key.ui/examples/completionscopes/testMultCcatchClauses.key.proof 
19989      DEBUG main            d.u.i.k.p.i.AbstractProblemLoader Environment load took 171.9ns 
19992      INFO  main            d.u.i.k.p.i.AbstractProblemLoader Creating init config 
23353      DEBUG main            d.u.i.k.p.i.AbstractProblemLoader Init config took 3.36s 
23418      INFO  main            d.u.i.k.p.i.AbstractProblemLoader Replaying proof CompletionScopes[CompletionScopes::testMultCcatchClauses()].JML normal_behavior operation contract.0 
23538      DEBUG main            d.u.i.k.p.i.IntermediateProofReplayer Proof replay took 115.64ms 
23540      DEBUG main            d.u.i.k.p.r.p.TestFile    ... success: reloaded. 
23541      INFO  main            d.u.i.k.p.r.p.TestFile    Now processing file /home/runner/work/key/key/key.core/../key.ui/examples/completionscopes/testNestedExec.key 
23542      INFO  main            d.u.i.k.p.i.AbstractProblemLoader Loading environment from /home/runner/work/key/key/key.core/../key.ui/examples/completionscopes/testNestedExec.key 
23542      DEBUG main            d.u.i.k.p.i.AbstractProblemLoader Environment load took 233.3ns 
23544      INFO  main            d.u.i.k.p.i.AbstractProblemLoader Creating init config 
26812      DEBUG main            d.u.i.k.p.i.AbstractProblemLoader Init config took 3.27s 
26875      INFO  main            d.u.i.k.p.i.AbstractProblemLoader Replaying proof CompletionScopes[CompletionScopes::testMultCcatchClauses()].JML normal_behavior operation contract.0 
26878      DEBUG main            d.u.i.k.p.i.IntermediateProofReplayer Proof replay took 6.7ns 
27182      INFO  main            d.u.i.k.p.r.p.TestFile    ... finished proof: closed. 
27391      INFO  main            d.u.i.k.p.i.AbstractProblemLoader Loading environment from /home/runner/work/key/key/key.core/../key.ui/examples/completionscopes/testNestedExec.key.proof 
27391      DEBUG main            d.u.i.k.p.i.AbstractProblemLoader Environment load took 435.8ns 
27393      INFO  main            d.u.i.k.p.i.AbstractProblemLoader Creating init config 
30628      DEBUG main            d.u.i.k.p.i.AbstractProblemLoader Init config took 3.24s 
30687      INFO  main            d.u.i.k.p.i.AbstractProblemLoader Replaying proof CompletionScopes[CompletionScopes::testMultCcatchClauses()].JML normal_behavior operation contract.0 
30785      DEBUG main            d.u.i.k.p.i.IntermediateProofReplayer Proof replay took 93.06ms 
30786      DEBUG main            d.u.i.k.p.r.p.TestFile    ... success: reloaded. 
30788      INFO  main            d.u.i.k.p.r.p.TestFile    Now processing file /home/runner/work/key/key/key.core/../key.ui/examples/completionscopes/testCcatchBreakLabel.key 
30788      INFO  main            d.u.i.k.p.i.AbstractProblemLoader Loading environment from /home/runner/work/key/key/key.core/../key.ui/examples/completionscopes/testCcatchBreakLabel.key 
30789      DEBUG main            d.u.i.k.p.i.AbstractProblemLoader Environment load took 224.7ns 
30790      INFO  main            d.u.i.k.p.i.AbstractProblemLoader Creating init config 
34042      DEBUG main            d.u.i.k.p.i.AbstractProblemLoader Init config took 3.25s 
34102      INFO  main            d.u.i.k.p.i.AbstractProblemLoader Replaying proof CompletionScopes[CompletionScopes::testBreakLabel()].JML normal_behavior operation contract.0 
34105      DEBUG main            d.u.i.k.p.i.IntermediateProofReplayer Proof replay took 8.2ns 
34126      DEBUG Thread-10       d.u.i.k.l.o.ProgramSV     Match failed: Former match of  SchemaVariable incompatible with  the current match. 
34208      INFO  main            d.u.i.k.p.r.p.TestFile    ... finished proof: closed. 
34384      INFO  main            d.u.i.k.p.i.AbstractProblemLoader Loading environment from /home/runner/work/key/key/key.core/../key.ui/examples/completionscopes/testCcatchBreakLabel.key.proof 
34384      DEBUG main            d.u.i.k.p.i.AbstractProblemLoader Environment load took 151ns 
34388      INFO  main            d.u.i.k.p.i.AbstractProblemLoader Creating init config 
37607      DEBUG main            d.u.i.k.p.i.AbstractProblemLoader Init config took 3.22s 
37678      INFO  main            d.u.i.k.p.i.AbstractProblemLoader Replaying proof CompletionScopes[CompletionScopes::testBreakLabel()].JML normal_behavior operation contract.0 
37694      DEBUG main            d.u.i.k.p.i.IntermediateProofReplayer Proof replay took 11.62ms 
37696      DEBUG main            d.u.i.k.p.r.p.TestFile    ... success: reloaded. 
37697      INFO  main            d.u.i.k.p.r.p.TestFile    Now processing file /home/runner/work/key/key/key.core/../key.ui/examples/completionscopes/testCcatchContinueLabel.key 
37698      INFO  main            d.u.i.k.p.i.AbstractProblemLoader Loading environment from /home/runner/work/key/key/key.core/../key.ui/examples/completionscopes/testCcatchContinueLabel.key 
37698      DEBUG main            d.u.i.k.p.i.AbstractProblemLoader Environment load took 131.3ns 
37700      INFO  main            d.u.i.k.p.i.AbstractProblemLoader Creating init config 
40958      DEBUG main            d.u.i.k.p.i.AbstractProblemLoader Init config took 3.26s 
41035      INFO  main            d.u.i.k.p.i.AbstractProblemLoader Replaying proof CompletionScopes[CompletionScopes::testContinueLabel()].JML normal_behavior operation contract.0 
41038      DEBUG main            d.u.i.k.p.i.IntermediateProofReplayer Proof replay took 7.4ns 
41061      DEBUG Thread-13       d.u.i.k.l.o.ProgramSV     Match failed: Former match of  SchemaVariable incompatible with  the current match. 
41140      INFO  main            d.u.i.k.p.r.p.TestFile    ... finished proof: closed. 
41349      INFO  main            d.u.i.k.p.i.AbstractProblemLoader Loading environment from /home/runner/work/key/key/key.core/../key.ui/examples/completionscopes/testCcatchContinueLabel.key.proof 
41349      DEBUG main            d.u.i.k.p.i.AbstractProblemLoader Environment load took 178.3ns 
41351      INFO  main            d.u.i.k.p.i.AbstractProblemLoader Creating init config 
44471      DEBUG main            d.u.i.k.p.i.AbstractProblemLoader Init config took 3.12s 
44532      INFO  main            d.u.i.k.p.i.AbstractProblemLoader Replaying proof CompletionScopes[CompletionScopes::testContinueLabel()].JML normal_behavior operation contract.0 
44549      DEBUG main            d.u.i.k.p.i.IntermediateProofReplayer Proof replay took 12.75ms 
44550      DEBUG main            d.u.i.k.p.r.p.TestFile    ... success: reloaded. 
44551      INFO  main            d.u.i.k.p.r.p.TestFile    Now processing file /home/runner/work/key/key/key.core/../key.ui/examples/completionscopes/testCcatchBreakLabelWildcard.key 
44552      INFO  main            d.u.i.k.p.i.AbstractProblemLoader Loading environment from /home/runner/work/key/key/key.core/../key.ui/examples/completionscopes/testCcatchBreakLabelWildcard.key 
44552      DEBUG main            d.u.i.k.p.i.AbstractProblemLoader Environment load took 234.5ns 
44553      INFO  main            d.u.i.k.p.i.AbstractProblemLoader Creating init config 
47766      DEBUG main            d.u.i.k.p.i.AbstractProblemLoader Init config took 3.21s 
47820      INFO  main            d.u.i.k.p.i.AbstractProblemLoader Replaying proof CompletionScopes[CompletionScopes::testBreakLabelWildcard()].JML normal_behavior operation contract.0 
47822      DEBUG main            d.u.i.k.p.i.IntermediateProofReplayer Proof replay took 9ns 
47841      DEBUG Thread-16       d.u.i.k.l.o.ProgramSV     Match failed: Former match of  SchemaVariable incompatible with  the current match. 
47842      DEBUG Thread-16       d.u.i.k.l.o.ProgramSV     Match failed: Former match of  SchemaVariable incompatible with  the current match. 
47926      INFO  main            d.u.i.k.p.r.p.TestFile    ... finished proof: closed. 
48131      INFO  main            d.u.i.k.p.i.AbstractProblemLoader Loading environment from /home/runner/work/key/key/key.core/../key.ui/examples/completionscopes/testCcatchBreakLabelWildcard.key.proof 
48131      DEBUG main            d.u.i.k.p.i.AbstractProblemLoader Environment load took 142.4ns 
48134      INFO  main            d.u.i.k.p.i.AbstractProblemLoader Creating init config 
51255      DEBUG main            d.u.i.k.p.i.AbstractProblemLoader Init config took 3.12s 
51307      INFO  main            d.u.i.k.p.i.AbstractProblemLoader Replaying proof CompletionScopes[CompletionScopes::testBreakLabelWildcard()].JML normal_behavior operation contract.0 
51320      DEBUG main            d.u.i.k.p.i.IntermediateProofReplayer Proof replay took 10.65ms 
51321      DEBUG main            d.u.i.k.p.r.p.TestFile    ... success: reloaded. 
51323      INFO  main            d.u.i.k.p.r.p.TestFile    Now processing file /home/runner/work/key/key/key.core/../key.ui/examples/completionscopes/testCcatchContinueLabelWildcard.key 
51323      INFO  main            d.u.i.k.p.i.AbstractProblemLoader Loading environment from /home/runner/work/key/key/key.core/../key.ui/examples/completionscopes/testCcatchContinueLabelWildcard.key 
51323      DEBUG main            d.u.i.k.p.i.AbstractProblemLoader Environment load took 225.2ns 
51325      INFO  main            d.u.i.k.p.i.AbstractProblemLoader Creating init config 
54473      DEBUG main            d.u.i.k.p.i.AbstractProblemLoader Init config took 3.15s 
54523      INFO  main            d.u.i.k.p.i.AbstractProblemLoader Replaying proof CompletionScopes[CompletionScopes::testContinueLabelWildcard()].JML normal_behavior operation contract.0 
54526      DEBUG main            d.u.i.k.p.i.IntermediateProofReplayer Proof replay took 8.9ns 
54552      DEBUG Thread-19       d.u.i.k.l.o.ProgramSV     Match failed: Former match of  SchemaVariable incompatible with  the current match. 
54553      DEBUG Thread-19       d.u.i.k.l.o.ProgramSV     Match failed: Former match of  SchemaVariable incompatible with  the current match. 
54628      INFO  main            d.u.i.k.p.r.p.TestFile    ... finished proof: closed. 
54833      INFO  main            d.u.i.k.p.i.AbstractProblemLoader Loading environment from /home/runner/work/key/key/key.core/../key.ui/examples/completionscopes/testCcatchContinueLabelWildcard.key.proof 
54833      DEBUG main            d.u.i.k.p.i.AbstractProblemLoader Environment load took 154ns 
54834      INFO  main            d.u.i.k.p.i.AbstractProblemLoader Creating init config 
57944      DEBUG main            d.u.i.k.p.i.AbstractProblemLoader Init config took 3.11s 
58012      INFO  main            d.u.i.k.p.i.AbstractProblemLoader Replaying proof CompletionScopes[CompletionScopes::testContinueLabelWildcard()].JML normal_behavior operation contract.0 
58025      DEBUG main            d.u.i.k.p.i.IntermediateProofReplayer Proof replay took 10.72ms 
58026      DEBUG main            d.u.i.k.p.r.p.TestFile    ... success: reloaded. 
58028      INFO  main            d.u.i.k.p.r.p.TestFile    Now processing file /home/runner/work/key/key/key.core/../key.ui/examples/completionscopes/testCcatchBreakLabelNonmatchingNested.key 
58028      INFO  main            d.u.i.k.p.i.AbstractProblemLoader Loading environment from /home/runner/work/key/key/key.core/../key.ui/examples/completionscopes/testCcatchBreakLabelNonmatchingNested.key 
58029      DEBUG main            d.u.i.k.p.i.AbstractProblemLoader Environment load took 209.7ns 
58030      INFO  main            d.u.i.k.p.i.AbstractProblemLoader Creating init config 
61261      DEBUG main            d.u.i.k.p.i.AbstractProblemLoader Init config took 3.23s 
61325      INFO  main            d.u.i.k.p.i.AbstractProblemLoader Replaying proof CompletionScopes[CompletionScopes::testBreakLabelNonmatchingNested()].JML normal_behavior operation contract.0 
61327      DEBUG main            d.u.i.k.p.i.IntermediateProofReplayer Proof replay took 9.5ns 
61347      DEBUG Thread-22       d.u.i.k.l.o.ProgramSV     Match failed: Former match of  SchemaVariable incompatible with  the current match. 
61348      DEBUG Thread-22       d.u.i.k.l.o.ProgramSV     Match failed: Former match of  SchemaVariable incompatible with  the current match. 
61430      INFO  main            d.u.i.k.p.r.p.TestFile    ... finished proof: closed. 
61701      INFO  main            d.u.i.k.p.i.AbstractProblemLoader Loading environment from /home/runner/work/key/key/key.core/../key.ui/examples/completionscopes/testCcatchBreakLabelNonmatchingNested.key.proof 
61702      DEBUG main            d.u.i.k.p.i.AbstractProblemLoader Environment load took 148.7ns 
61703      INFO  main            d.u.i.k.p.i.AbstractProblemLoader Creating init config 
64859      DEBUG main            d.u.i.k.p.i.AbstractProblemLoader Init config took 3.16s 
64908      INFO  main            d.u.i.k.p.i.AbstractProblemLoader Replaying proof CompletionScopes[CompletionScopes::testBreakLabelNonmatchingNested()].JML normal_behavior operation contract.0 
64922      DEBUG main            d.u.i.k.p.i.IntermediateProofReplayer Proof replay took 11.22ms 
64923      DEBUG main            d.u.i.k.p.r.p.TestFile    ... success: reloaded. 
6565079    INFO  Test worker     d.u.i.k.p.r.RunAllProofsTestUnit Returning from test completionScopes 
6565080    INFO  Test worker     d.u.i.k.p.r.RunAllProofsTestUnit Running test reload_examples 
532        INFO  Timeout watchdog d.u.i.k.p.r.p.ForkedTestFileRunner Timeout watcher launched (2000 secs.) 
550        WARN  main            d.u.i.k.s.ProofSettings   The settings in /home/runner/.key/proof-settings.props are *not* read. 
610        INFO  main            d.u.i.k.p.r.p.TestFile    Now processing file /home/runner/work/key/key/key.core/../key.ui/examples/firstTouch/05-ReverseArray/reverseArray.key 
773        INFO  main            d.u.i.k.p.i.AbstractProblemLoader Loading environment from /home/runner/work/key/key/key.core/../key.ui/examples/firstTouch/05-ReverseArray/reverseArray.key 
795        DEBUG main            d.u.i.k.p.i.AbstractProblemLoader Environment load took 2.74ms 
1136       INFO  main            d.u.i.k.p.i.AbstractProblemLoader Creating init config 
2271       DEBUG main            d.u.i.k.j.TypeConverter   No LDT found for Meta 
2272       DEBUG main            d.u.i.k.j.TypeConverter   No LDT found for Meta 
2275       DEBUG main            d.u.i.k.j.TypeConverter   No LDT found for Meta 
2276       DEBUG main            d.u.i.k.j.TypeConverter   No LDT found for Meta 
4240       DEBUG main            d.u.i.k.j.TypeConverter   No LDT found for JavaBigintExpression 
11026      DEBUG main            d.u.i.k.p.i.AbstractProblemLoader Init config took 9.89s 
11167      INFO  main            d.u.i.k.p.i.AbstractProblemLoader Replaying proof ReverseArray[ReverseArray::reverse()].JML normal_behavior operation contract.0 
11247      DEBUG main            d.u.i.k.p.i.IntermediateProofReplayer Proof replay took 46.5ns 
25984      INFO  main            d.u.i.k.p.r.p.TestFile    ... finished proof: closed. 
26360      INFO  main            d.u.i.k.p.i.AbstractProblemLoader Loading environment from /home/runner/work/key/key/key.core/../key.ui/examples/firstTouch/05-ReverseArray/reverseArray.key.proof 
26361      DEBUG main            d.u.i.k.p.i.AbstractProblemLoader Environment load took 516ns 
26365      INFO  main            d.u.i.k.p.i.AbstractProblemLoader Creating init config 
29941      DEBUG main            d.u.i.k.p.i.AbstractProblemLoader Init config took 3.58s 
29998      INFO  main            d.u.i.k.p.i.AbstractProblemLoader Replaying proof ReverseArray[ReverseArray::reverse()].JML normal_behavior operation contract.0 
31686      DEBUG main            d.u.i.k.p.i.IntermediateProofReplayer Proof replay took 1.61s 
31698      DEBUG main            d.u.i.k.p.r.p.TestFile    ... success: reloaded. 
31700      INFO  main            d.u.i.k.p.r.p.TestFile    Now processing file /home/runner/work/key/key/key.core/../key.ui/examples/standard_key/arith/saveProofTest.key.proof 
31701      INFO  main            d.u.i.k.p.i.AbstractProblemLoader Loading environment from /home/runner/work/key/key/key.core/../key.ui/examples/standard_key/arith/saveProofTest.key.proof 
31701      DEBUG main            d.u.i.k.p.i.AbstractProblemLoader Environment load took 126.3ns 
31703      INFO  main            d.u.i.k.p.i.AbstractProblemLoader Creating init config 
34929      DEBUG main            d.u.i.k.p.i.AbstractProblemLoader Init config took 3.23s 
34963      INFO  main            d.u.i.k.p.i.AbstractProblemLoader Replaying proof saveProofTest.key.proof 
34973      DEBUG main            d.u.i.k.p.i.IntermediateProofReplayer Proof replay took 4.01ms 
34974      INFO  main            d.u.i.k.p.r.p.TestFile    ... success: loaded 
34975      INFO  main            d.u.i.k.p.r.p.TestFile    Now processing file /home/runner/work/key/key/key.core/../key.ui/examples/heap/permutedSum/perm.proof 
34976      INFO  main            d.u.i.k.p.i.AbstractProblemLoader Loading environment from /home/runner/work/key/key/key.core/../key.ui/examples/heap/permutedSum/perm.proof 
34976      DEBUG main            d.u.i.k.p.i.AbstractProblemLoader Environment load took 240.9ns 
34979      INFO  main            d.u.i.k.p.i.AbstractProblemLoader Creating init config 
38530      DEBUG main            d.u.i.k.p.i.AbstractProblemLoader Init config took 3.55s 
38641      INFO  main            d.u.i.k.p.i.AbstractProblemLoader Replaying proof Perm[Perm::foo()].JML normal_behavior operation contract.0 
40218      DEBUG main            d.u.i.k.p.i.IntermediateProofReplayer Proof replay took 1.52s 
40221      INFO  main            d.u.i.k.p.r.p.TestFile    ... success: loaded 
40223      INFO  main            d.u.i.k.p.r.p.TestFile    Now processing file /home/runner/work/key/key/key.core/../key.ui/examples/firstTouch/05-ReverseArray/reverseArray.proof 
40223      INFO  main            d.u.i.k.p.i.AbstractProblemLoader Loading environment from /home/runner/work/key/key/key.core/../key.ui/examples/firstTouch/05-ReverseArray/reverseArray.proof 
40224      DEBUG main            d.u.i.k.p.i.AbstractProblemLoader Environment load took 266.7ns 
40227      INFO  main            d.u.i.k.p.i.AbstractProblemLoader Creating init config 
43633      DEBUG main            d.u.i.k.p.i.AbstractProblemLoader Init config took 3.41s 
43685      INFO  main            d.u.i.k.p.i.AbstractProblemLoader Replaying proof ReverseArray[ReverseArray::reverse()].JML normal_behavior operation contract.0 
45224      DEBUG main            d.u.i.k.p.i.IntermediateProofReplayer Proof replay took 1.5s 
45228      INFO  main            d.u.i.k.p.r.p.TestFile    ... success: loaded 
45230      INFO  main            d.u.i.k.p.r.p.TestFile    Now processing file /home/runner/work/key/key/key.core/../key.ui/examples/heap/verifyThis15_1_RelaxedPrefix/relax.proof 
45230      INFO  main            d.u.i.k.p.i.AbstractProblemLoader Loading environment from /home/runner/work/key/key/key.core/../key.ui/examples/heap/verifyThis15_1_RelaxedPrefix/relax.proof 
45230      DEBUG main            d.u.i.k.p.i.AbstractProblemLoader Environment load took 215.7ns 
45233      INFO  main            d.u.i.k.p.i.AbstractProblemLoader Creating init config 
48614      DEBUG main            d.u.i.k.p.i.AbstractProblemLoader Init config took 3.38s 
48696      INFO  main            d.u.i.k.p.i.AbstractProblemLoader Replaying proof Relaxed[Relaxed::isRelaxedPrefix([I,[I)].JML operation contract.0 
49406      DEBUG main            d.u.i.k.p.i.IntermediateProofReplayer Proof replay took 688.72ms 
49408      INFO  main            d.u.i.k.p.r.p.TestFile    ... success: loaded 
49409      INFO  main            d.u.i.k.p.r.p.TestFile    Now processing file /home/runner/work/key/key/key.core/../key.ui/examples/heap/verifyThis15_3_DLL/doUndo.proof 
49410      INFO  main            d.u.i.k.p.i.AbstractProblemLoader Loading environment from /home/runner/work/key/key/key.core/../key.ui/examples/heap/verifyThis15_3_DLL/doUndo.proof 
49410      DEBUG main            d.u.i.k.p.i.AbstractProblemLoader Environment load took 225.3ns 
49412      INFO  main            d.u.i.k.p.i.AbstractProblemLoader Creating init config 
50628      DEBUG main            d.u.i.k.j.r.ClassPreparationMethodBuilder clPrepBuilder: Inner Class detected. Reject building class initialisation methods. 
53142      DEBUG main            d.u.i.k.p.i.AbstractProblemLoader Init config took 3.73s 
53241      INFO  main            d.u.i.k.p.i.AbstractProblemLoader Replaying proof DoubleLinkedList[DoubleLinkedList::doUndo(DoubleLinkedList.Node,int)].JML normal_behavior operation contract.0 
54351      DEBUG main            d.u.i.k.p.i.IntermediateProofReplayer Proof replay took 1.08s 
54353      INFO  main            d.u.i.k.p.r.p.TestFile    ... success: loaded 
54354      INFO  main            d.u.i.k.p.r.p.TestFile    Now processing file /home/runner/work/key/key/key.core/../key.ui/examples/heap/verifyThis15_2_ParallelGcd/parallelGcd.proof 
54355      INFO  main            d.u.i.k.p.i.AbstractProblemLoader Loading environment from /home/runner/work/key/key/key.core/../key.ui/examples/heap/verifyThis15_2_ParallelGcd/parallelGcd.proof 
54355      DEBUG main            d.u.i.k.p.i.AbstractProblemLoader Environment load took 243.5ns 
54357      INFO  main            d.u.i.k.p.i.AbstractProblemLoader Creating init config 
57880      DEBUG main            d.u.i.k.p.i.AbstractProblemLoader Init config took 3.52s 
57943      INFO  main            d.u.i.k.p.i.AbstractProblemLoader Replaying proof ParallelGcd[ParallelGcd::parallelGcd(int,int,[Z)].JML behavior operation contract.0 
58752      DEBUG main            d.u.i.k.p.i.IntermediateProofReplayer Proof replay took 793.04ms 
58754      INFO  main            d.u.i.k.p.r.p.TestFile    ... success: loaded 
6624067    INFO  Test worker     d.u.i.k.p.r.RunAllProofsTestUnit Returning from test reload_examples 
6624069    INFO  Test worker     d.u.i.k.p.r.RunAllProofsTestUnit Running test proofLoadRepair 
455        INFO  Timeout watchdog d.u.i.k.p.r.p.ForkedTestFileRunner Timeout watcher launched (2000 secs.) 
469        WARN  main            d.u.i.k.s.ProofSettings   The settings in /home/runner/.key/proof-settings.props are *not* read. 
511        INFO  main            d.u.i.k.p.r.p.TestFile    Now processing file /home/runner/work/key/key/key.core/../key.ui/examples/proofLoadRepair/disjConj-manipulated.proof 
643        INFO  main            d.u.i.k.p.i.AbstractProblemLoader Loading environment from /home/runner/work/key/key/key.core/../key.ui/examples/proofLoadRepair/disjConj-manipulated.proof 
664        DEBUG main            d.u.i.k.p.i.AbstractProblemLoader Environment load took 2.42ms 
1003       INFO  main            d.u.i.k.p.i.AbstractProblemLoader Creating init config 
2312       DEBUG main            d.u.i.k.j.TypeConverter   No LDT found for Meta 
2312       DEBUG main            d.u.i.k.j.TypeConverter   No LDT found for Meta 
2314       DEBUG main            d.u.i.k.j.TypeConverter   No LDT found for Meta 
2314       DEBUG main            d.u.i.k.j.TypeConverter   No LDT found for Meta 
4363       DEBUG main            d.u.i.k.j.TypeConverter   No LDT found for JavaBigintExpression 
10491      DEBUG main            d.u.i.k.p.i.AbstractProblemLoader Init config took 9.49s 
10563      INFO  main            d.u.i.k.p.i.AbstractProblemLoader Replaying proof disjConj-manipulated.proof 
10626      WARN  main            d.u.i.k.p.i.IntermediateProofReplayer Proof contains wrong number of \assumes instatiations for andLeft 
10627      WARN  main            d.u.i.k.p.i.IntermediateProofReplayer Proof contains wrong number of \assumes instatiations for replace_known_right 
10632      WARN  main            d.u.i.k.p.i.IntermediateProofReplayer Proof contains wrong number of \assumes instatiations for close 
10633      DEBUG main            d.u.i.k.p.i.IntermediateProofReplayer Proof replay took 22.26ms 
10638      INFO  main            d.u.i.k.p.r.p.TestFile    ... success: loaded 
10643      INFO  main            d.u.i.k.p.r.p.TestFile    Now processing file /home/runner/work/key/key/key.core/../key.ui/examples/proofLoadRepair/insufficient-manipulated.proof 
10643      INFO  main            d.u.i.k.p.i.AbstractProblemLoader Loading environment from /home/runner/work/key/key/key.core/../key.ui/examples/proofLoadRepair/insufficient-manipulated.proof 
10644      DEBUG main            d.u.i.k.p.i.AbstractProblemLoader Environment load took 419.2ns 
10649      INFO  main            d.u.i.k.p.i.AbstractProblemLoader Creating init config 
14313      DEBUG main            d.u.i.k.p.i.AbstractProblemLoader Init config took 3.66s 
14335      INFO  main            d.u.i.k.p.i.AbstractProblemLoader Replaying proof insufficient-manipulated.proof 
14359      WARN  main            d.u.i.k.p.i.IntermediateProofReplayer Proof contains wrong number of \assumes instatiations for applyEq 
14379      DEBUG main            d.u.i.k.p.i.IntermediateProofReplayer Proof replay took 24.15ms 
14383      INFO  main            d.u.i.k.p.r.p.TestFile    ... success: loading failed 
14387      INFO  main            d.u.i.k.p.r.p.TestFile    Now processing file /home/runner/work/key/key/key.core/../key.ui/examples/../../key.core/src/test/resources/testcase/issues/1716/incorrectPolarity.proof 
14387      INFO  main            d.u.i.k.p.i.AbstractProblemLoader Loading environment from /home/runner/work/key/key/key.core/../key.ui/examples/../../key.core/src/test/resources/testcase/issues/1716/incorrectPolarity.proof 
14387      DEBUG main            d.u.i.k.p.i.AbstractProblemLoader Environment load took 208.5ns 
14392      INFO  main            d.u.i.k.p.i.AbstractProblemLoader Creating init config 
18053      DEBUG main            d.u.i.k.p.i.AbstractProblemLoader Init config took 3.66s 
18100      INFO  main            d.u.i.k.p.i.AbstractProblemLoader Replaying proof incorrectPolarity.proof 
18111      DEBUG main            d.u.i.k.p.i.IntermediateProofReplayer Proof replay took 267.9ns 
18112      INFO  main            d.u.i.k.p.r.p.TestFile    ... success: loading failed 
18118      INFO  main            d.u.i.k.p.r.p.TestFile    Now processing file /home/runner/work/key/key/key.core/../key.ui/examples/../../key.core/src/test/resources/testcase/issues/1716/incorrectPolarity2.proof 
18118      INFO  main            d.u.i.k.p.i.AbstractProblemLoader Loading environment from /home/runner/work/key/key/key.core/../key.ui/examples/../../key.core/src/test/resources/testcase/issues/1716/incorrectPolarity2.proof 
18118      DEBUG main            d.u.i.k.p.i.AbstractProblemLoader Environment load took 241.4ns 
18120      INFO  main            d.u.i.k.p.i.AbstractProblemLoader Creating init config 
21422      DEBUG main            d.u.i.k.p.i.AbstractProblemLoader Init config took 3.3s 
21450      INFO  main            d.u.i.k.p.i.AbstractProblemLoader Replaying proof incorrectPolarity2.proof 
21453      DEBUG main            d.u.i.k.p.i.IntermediateProofReplayer Proof replay took 439.1ns 
21454      INFO  main            d.u.i.k.p.r.p.TestFile    ... success: loading failed 
21455      INFO  main            d.u.i.k.p.r.p.TestFile    Now processing file /home/runner/work/key/key/key.core/../key.ui/examples/../../key.core/src/test/resources/testcase/issues/1716/incorrectPolarity3.proof 
21455      INFO  main            d.u.i.k.p.i.AbstractProblemLoader Loading environment from /home/runner/work/key/key/key.core/../key.ui/examples/../../key.core/src/test/resources/testcase/issues/1716/incorrectPolarity3.proof 
21456      DEBUG main            d.u.i.k.p.i.AbstractProblemLoader Environment load took 147.8ns 
21457      INFO  main            d.u.i.k.p.i.AbstractProblemLoader Creating init config 
24701      DEBUG main            d.u.i.k.p.i.AbstractProblemLoader Init config took 3.24s 
24728      INFO  main            d.u.i.k.p.i.AbstractProblemLoader Replaying proof incorrectPolarity3.proof 
24733      DEBUG main            d.u.i.k.p.i.IntermediateProofReplayer Proof replay took 2.07ms 
24733      INFO  main            d.u.i.k.p.r.p.TestFile    ... success: loading failed 
6649030    INFO  Test worker     d.u.i.k.p.r.RunAllProofsTestUnit Returning from test proofLoadRepair 
6649031    INFO  Test worker     d.u.i.k.p.r.RunAllProofsTestUnit Running test switch 
525        INFO  Timeout watchdog d.u.i.k.p.r.p.ForkedTestFileRunner Timeout watcher launched (2000 secs.) 
548        WARN  main            d.u.i.k.s.ProofSettings   The settings in /home/runner/.key/proof-settings.props are *not* read. 
605        INFO  main            d.u.i.k.p.r.p.TestFile    Now processing file /home/runner/work/key/key/key.core/../key.ui/examples/standard_key/java_dl/switch/labeled_case.key 
762        INFO  main            d.u.i.k.p.i.AbstractProblemLoader Loading environment from /home/runner/work/key/key/key.core/../key.ui/examples/standard_key/java_dl/switch/labeled_case.key 
783        DEBUG main            d.u.i.k.p.i.AbstractProblemLoader Environment load took 2.41ms 
1053       INFO  main            d.u.i.k.p.i.AbstractProblemLoader Creating init config 
2263       DEBUG main            d.u.i.k.j.TypeConverter   No LDT found for Meta 
2263       DEBUG main            d.u.i.k.j.TypeConverter   No LDT found for Meta 
2265       DEBUG main            d.u.i.k.j.TypeConverter   No LDT found for Meta 
2265       DEBUG main            d.u.i.k.j.TypeConverter   No LDT found for Meta 
4163       DEBUG main            d.u.i.k.j.TypeConverter   No LDT found for JavaBigintExpression 
10508      DEBUG main            d.u.i.k.p.i.AbstractProblemLoader Init config took 9.45s 
10743      INFO  main            d.u.i.k.p.i.AbstractProblemLoader Replaying proof LabeledCase[LabeledCase::m(int)].JML normal_behavior operation contract.0 
10791      DEBUG main            d.u.i.k.p.i.IntermediateProofReplayer Proof replay took 40.6ns 
11621      INFO  main            d.u.i.k.p.r.p.TestFile    ... finished proof: closed. 
11755      INFO  main            d.u.i.k.p.i.AbstractProblemLoader Loading environment from /home/runner/work/key/key/key.core/../key.ui/examples/standard_key/java_dl/switch/labeled_case.key.proof 
11755      DEBUG main            d.u.i.k.p.i.AbstractProblemLoader Environment load took 190.3ns 
11760      INFO  main            d.u.i.k.p.i.AbstractProblemLoader Creating init config 
15361      DEBUG main            d.u.i.k.p.i.AbstractProblemLoader Init config took 3.6s 
15445      INFO  main            d.u.i.k.p.i.AbstractProblemLoader Replaying proof LabeledCase[LabeledCase::m(int)].JML normal_behavior operation contract.0 
15532      DEBUG main            d.u.i.k.p.i.IntermediateProofReplayer Proof replay took 79.41ms 
15549      DEBUG main            d.u.i.k.p.r.p.TestFile    ... success: reloaded. 
15551      INFO  main            d.u.i.k.p.r.p.TestFile    Now processing file /home/runner/work/key/key/key.core/../key.ui/examples/standard_key/java_dl/switch/empty_switch.key 
15554      INFO  main            d.u.i.k.p.i.AbstractProblemLoader Loading environment from /home/runner/work/key/key/key.core/../key.ui/examples/standard_key/java_dl/switch/empty_switch.key 
15554      DEBUG main            d.u.i.k.p.i.AbstractProblemLoader Environment load took 153.3ns 
15556      INFO  main            d.u.i.k.p.i.AbstractProblemLoader Creating init config 
18899      DEBUG main            d.u.i.k.p.i.AbstractProblemLoader Init config took 3.34s 
18936      INFO  main            d.u.i.k.p.i.AbstractProblemLoader Replaying proof empty_switch.key 
18939      DEBUG main            d.u.i.k.p.i.IntermediateProofReplayer Proof replay took 8.5ns 
19043      INFO  main            d.u.i.k.p.r.p.TestFile    ... finished proof: closed. 
19208      INFO  main            d.u.i.k.p.i.AbstractProblemLoader Loading environment from /home/runner/work/key/key/key.core/../key.ui/examples/standard_key/java_dl/switch/empty_switch.key.proof 
19208      DEBUG main            d.u.i.k.p.i.AbstractProblemLoader Environment load took 539.1ns 
19210      INFO  main            d.u.i.k.p.i.AbstractProblemLoader Creating init config 
22455      DEBUG main            d.u.i.k.p.i.AbstractProblemLoader Init config took 3.24s 
22485      INFO  main            d.u.i.k.p.i.AbstractProblemLoader Replaying proof empty_switch.key.proof 
22491      DEBUG main            d.u.i.k.p.i.IntermediateProofReplayer Proof replay took 2.77ms 
22492      DEBUG main            d.u.i.k.p.r.p.TestFile    ... success: reloaded. 
22493      INFO  main            d.u.i.k.p.r.p.TestFile    Now processing file /home/runner/work/key/key/key.core/../key.ui/examples/standard_key/java_dl/switch/empty_switch_null.key 
22494      INFO  main            d.u.i.k.p.i.AbstractProblemLoader Loading environment from /home/runner/work/key/key/key.core/../key.ui/examples/standard_key/java_dl/switch/empty_switch_null.key 
22494      DEBUG main            d.u.i.k.p.i.AbstractProblemLoader Environment load took 237.2ns 
22496      INFO  main            d.u.i.k.p.i.AbstractProblemLoader Creating init config 
25673      DEBUG main            d.u.i.k.p.i.AbstractProblemLoader Init config took 3.18s 
25701      INFO  main            d.u.i.k.p.i.AbstractProblemLoader Replaying proof empty_switch_null.key 
25704      DEBUG main            d.u.i.k.p.i.IntermediateProofReplayer Proof replay took 8.2ns 
25909      INFO  main            d.u.i.k.p.r.p.TestFile    ... finished proof: closed. 
26091      INFO  main            d.u.i.k.p.i.AbstractProblemLoader Loading environment from /home/runner/work/key/key/key.core/../key.ui/examples/standard_key/java_dl/switch/empty_switch_null.key.proof 
26092      DEBUG main            d.u.i.k.p.i.AbstractProblemLoader Environment load took 694.3ns 
26094      INFO  main            d.u.i.k.p.i.AbstractProblemLoader Creating init config 
29239      DEBUG main            d.u.i.k.p.i.AbstractProblemLoader Init config took 3.14s 
29266      INFO  main            d.u.i.k.p.i.AbstractProblemLoader Replaying proof empty_switch_null.key.proof 
29320      DEBUG main            d.u.i.k.p.i.IntermediateProofReplayer Proof replay took 50.06ms 
29323      DEBUG main            d.u.i.k.p.r.p.TestFile    ... success: reloaded. 
29324      INFO  main            d.u.i.k.p.r.p.TestFile    Now processing file /home/runner/work/key/key/key.core/../key.ui/examples/standard_key/java_dl/switch/empty_switch_null_catch.key 
29324      INFO  main            d.u.i.k.p.i.AbstractProblemLoader Loading environment from /home/runner/work/key/key/key.core/../key.ui/examples/standard_key/java_dl/switch/empty_switch_null_catch.key 
29325      DEBUG main            d.u.i.k.p.i.AbstractProblemLoader Environment load took 234.4ns 
29327      INFO  main            d.u.i.k.p.i.AbstractProblemLoader Creating init config 
32548      DEBUG main            d.u.i.k.p.i.AbstractProblemLoader Init config took 3.22s 
32584      INFO  main            d.u.i.k.p.i.AbstractProblemLoader Replaying proof empty_switch_null_catch.key 
32588      DEBUG main            d.u.i.k.p.i.IntermediateProofReplayer Proof replay took 8.5ns 
32893      INFO  main            d.u.i.k.p.r.p.TestFile    ... finished proof: closed. 
33097      INFO  main            d.u.i.k.p.i.AbstractProblemLoader Loading environment from /home/runner/work/key/key/key.core/../key.ui/examples/standard_key/java_dl/switch/empty_switch_null_catch.key.proof 
33097      DEBUG main            d.u.i.k.p.i.AbstractProblemLoader Environment load took 161.9ns 
33098      INFO  main            d.u.i.k.p.i.AbstractProblemLoader Creating init config 
36178      DEBUG main            d.u.i.k.p.i.AbstractProblemLoader Init config took 3.08s 
36209      INFO  main            d.u.i.k.p.i.AbstractProblemLoader Replaying proof empty_switch_null_catch.key.proof 
36272      DEBUG main            d.u.i.k.p.i.IntermediateProofReplayer Proof replay took 60.37ms 
36274      DEBUG main            d.u.i.k.p.r.p.TestFile    ... success: reloaded. 
36275      INFO  main            d.u.i.k.p.r.p.TestFile    Now processing file /home/runner/work/key/key/key.core/../key.ui/examples/standard_key/java_dl/switch/empty_switch_array_out_of_bounds.key 
36275      INFO  main            d.u.i.k.p.i.AbstractProblemLoader Loading environment from /home/runner/work/key/key/key.core/../key.ui/examples/standard_key/java_dl/switch/empty_switch_array_out_of_bounds.key 
36275      DEBUG main            d.u.i.k.p.i.AbstractProblemLoader Environment load took 238.2ns 
36277      INFO  main            d.u.i.k.p.i.AbstractProblemLoader Creating init config 
39415      DEBUG main            d.u.i.k.p.i.AbstractProblemLoader Init config took 3.14s 
39444      INFO  main            d.u.i.k.p.i.AbstractProblemLoader Replaying proof empty_switch_array_out_of_bounds.key 
39450      DEBUG main            d.u.i.k.p.i.IntermediateProofReplayer Proof replay took 7.9ns 
39754      INFO  main            d.u.i.k.p.r.p.TestFile    ... finished proof: closed. 
40011      INFO  main            d.u.i.k.p.i.AbstractProblemLoader Loading environment from /home/runner/work/key/key/key.core/../key.ui/examples/standard_key/java_dl/switch/empty_switch_array_out_of_bounds.key.proof 
40012      DEBUG main            d.u.i.k.p.i.AbstractProblemLoader Environment load took 471.1ns 
40013      INFO  main            d.u.i.k.p.i.AbstractProblemLoader Creating init config 
43088      DEBUG main            d.u.i.k.p.i.AbstractProblemLoader Init config took 3.07s 
43117      INFO  main            d.u.i.k.p.i.AbstractProblemLoader Replaying proof empty_switch_array_out_of_bounds.key.proof 
43191      DEBUG main            d.u.i.k.p.i.IntermediateProofReplayer Proof replay took 70.4ms 
43193      DEBUG main            d.u.i.k.p.r.p.TestFile    ... success: reloaded. 
43194      INFO  main            d.u.i.k.p.r.p.TestFile    Now processing file /home/runner/work/key/key/key.core/../key.ui/examples/standard_key/java_dl/switch/empty_switch_array_out_of_bounds_catch.key 
43195      INFO  main            d.u.i.k.p.i.AbstractProblemLoader Loading environment from /home/runner/work/key/key/key.core/../key.ui/examples/standard_key/java_dl/switch/empty_switch_array_out_of_bounds_catch.key 
43195      DEBUG main            d.u.i.k.p.i.AbstractProblemLoader Environment load took 236.8ns 
43196      INFO  main            d.u.i.k.p.i.AbstractProblemLoader Creating init config 
46260      DEBUG main            d.u.i.k.p.i.AbstractProblemLoader Init config took 3.06s 
46286      INFO  main            d.u.i.k.p.i.AbstractProblemLoader Replaying proof empty_switch_array_out_of_bounds_catch.key 
46289      DEBUG main            d.u.i.k.p.i.IntermediateProofReplayer Proof replay took 7.4ns 
46493      INFO  main            d.u.i.k.p.r.p.TestFile    ... finished proof: closed. 
46808      INFO  main            d.u.i.k.p.i.AbstractProblemLoader Loading environment from /home/runner/work/key/key/key.core/../key.ui/examples/standard_key/java_dl/switch/empty_switch_array_out_of_bounds_catch.key.proof 
46808      DEBUG main            d.u.i.k.p.i.AbstractProblemLoader Environment load took 465.4ns 
46810      INFO  main            d.u.i.k.p.i.AbstractProblemLoader Creating init config 
49892      DEBUG main            d.u.i.k.p.i.AbstractProblemLoader Init config took 3.08s 
49930      INFO  main            d.u.i.k.p.i.AbstractProblemLoader Replaying proof empty_switch_array_out_of_bounds_catch.key.proof 
49993      DEBUG main            d.u.i.k.p.i.IntermediateProofReplayer Proof replay took 56.87ms 
49995      DEBUG main            d.u.i.k.p.r.p.TestFile    ... success: reloaded. 
49996      INFO  main            d.u.i.k.p.r.p.TestFile    Now processing file /home/runner/work/key/key/key.core/../key.ui/examples/standard_key/java_dl/switch/switch_in_switch.key 
49997      INFO  main            d.u.i.k.p.i.AbstractProblemLoader Loading environment from /home/runner/work/key/key/key.core/../key.ui/examples/standard_key/java_dl/switch/switch_in_switch.key 
49997      DEBUG main            d.u.i.k.p.i.AbstractProblemLoader Environment load took 228.7ns 
49998      INFO  main            d.u.i.k.p.i.AbstractProblemLoader Creating init config 
53159      DEBUG main            d.u.i.k.p.i.AbstractProblemLoader Init config took 3.16s 
53215      INFO  main            d.u.i.k.p.i.AbstractProblemLoader Replaying proof SwitchInSwitch[SwitchInSwitch::m(int)].JML normal_behavior operation contract.0 
53217      DEBUG main            d.u.i.k.p.i.IntermediateProofReplayer Proof replay took 8.5ns 
59094      INFO  main            d.u.i.k.p.r.p.TestFile    ... finished proof: closed. 
59390      INFO  main            d.u.i.k.p.i.AbstractProblemLoader Loading environment from /home/runner/work/key/key/key.core/../key.ui/examples/standard_key/java_dl/switch/switch_in_switch.key.proof 
59390      DEBUG main            d.u.i.k.p.i.AbstractProblemLoader Environment load took 450.4ns 
59392      INFO  main            d.u.i.k.p.i.AbstractProblemLoader Creating init config 
62517      DEBUG main            d.u.i.k.p.i.AbstractProblemLoader Init config took 3.12s 
62575      INFO  main            d.u.i.k.p.i.AbstractProblemLoader Replaying proof SwitchInSwitch[SwitchInSwitch::m(int)].JML normal_behavior operation contract.0 
63275      DEBUG main            d.u.i.k.p.i.IntermediateProofReplayer Proof replay took 665.67ms 
63277      DEBUG main            d.u.i.k.p.r.p.TestFile    ... success: reloaded. 
63279      INFO  main            d.u.i.k.p.r.p.TestFile    Now processing file /home/runner/work/key/key/key.core/../key.ui/examples/standard_key/java_dl/switch/while_and_switch.key 
63279      INFO  main            d.u.i.k.p.i.AbstractProblemLoader Loading environment from /home/runner/work/key/key/key.core/../key.ui/examples/standard_key/java_dl/switch/while_and_switch.key 
63279      DEBUG main            d.u.i.k.p.i.AbstractProblemLoader Environment load took 294.2ns 
63281      INFO  main            d.u.i.k.p.i.AbstractProblemLoader Creating init config 
66487      DEBUG main            d.u.i.k.p.i.AbstractProblemLoader Init config took 3.21s 
66572      INFO  main            d.u.i.k.p.i.AbstractProblemLoader Replaying proof WhileAndSwitch[WhileAndSwitch::m(int)].JML normal_behavior operation contract.0 
66575      DEBUG main            d.u.i.k.p.i.IntermediateProofReplayer Proof replay took 18ns 
67582      INFO  main            d.u.i.k.p.r.p.TestFile    ... finished proof: closed. 
67884      INFO  main            d.u.i.k.p.i.AbstractProblemLoader Loading environment from /home/runner/work/key/key/key.core/../key.ui/examples/standard_key/java_dl/switch/while_and_switch.key.proof 
67885      DEBUG main            d.u.i.k.p.i.AbstractProblemLoader Environment load took 451.2ns 
67886      INFO  main            d.u.i.k.p.i.AbstractProblemLoader Creating init config 
70986      DEBUG main            d.u.i.k.p.i.AbstractProblemLoader Init config took 3.1s 
71042      INFO  main            d.u.i.k.p.i.AbstractProblemLoader Replaying proof WhileAndSwitch[WhileAndSwitch::m(int)].JML normal_behavior operation contract.0 
71252      DEBUG main            d.u.i.k.p.i.IntermediateProofReplayer Proof replay took 200.88ms 
71254      DEBUG main            d.u.i.k.p.r.p.TestFile    ... success: reloaded. 
71255      INFO  main            d.u.i.k.p.r.p.TestFile    Now processing file /home/runner/work/key/key/key.core/../key.ui/examples/standard_key/java_dl/switch/large_switch.key 
71256      INFO  main            d.u.i.k.p.i.AbstractProblemLoader Loading environment from /home/runner/work/key/key/key.core/../key.ui/examples/standard_key/java_dl/switch/large_switch.key 
71256      DEBUG main            d.u.i.k.p.i.AbstractProblemLoader Environment load took 347ns 
71257      INFO  main            d.u.i.k.p.i.AbstractProblemLoader Creating init config 
74417      DEBUG main            d.u.i.k.p.i.AbstractProblemLoader Init config took 3.16s 
74465      INFO  main            d.u.i.k.p.i.AbstractProblemLoader Replaying proof LargeSwitch[LargeSwitch::m(int)].JML normal_behavior operation contract.0 
74467      DEBUG main            d.u.i.k.p.i.IntermediateProofReplayer Proof replay took 9.1ns 
76291      INFO  main            d.u.i.k.p.r.p.TestFile    ... finished proof: closed. 
76599      INFO  main            d.u.i.k.p.i.AbstractProblemLoader Loading environment from /home/runner/work/key/key/key.core/../key.ui/examples/standard_key/java_dl/switch/large_switch.key.proof 
76599      DEBUG main            d.u.i.k.p.i.AbstractProblemLoader Environment load took 448.1ns 
76601      INFO  main            d.u.i.k.p.i.AbstractProblemLoader Creating init config 
79660      DEBUG main            d.u.i.k.p.i.AbstractProblemLoader Init config took 3.06s 
79715      INFO  main            d.u.i.k.p.i.AbstractProblemLoader Replaying proof LargeSwitch[LargeSwitch::m(int)].JML normal_behavior operation contract.0 
80218      DEBUG main            d.u.i.k.p.i.IntermediateProofReplayer Proof replay took 480.89ms 
80220      DEBUG main            d.u.i.k.p.r.p.TestFile    ... success: reloaded. 
6729463    INFO  Test worker     d.u.i.k.p.r.RunAllProofsTestUnit Returning from test switch 
6729465    INFO  Test worker     d.u.i.k.p.r.RunAllProofsTestUnit Running test redux 
445        INFO  Timeout watchdog d.u.i.k.p.r.p.ForkedTestFileRunner Timeout watcher launched (2000 secs.) 
473        WARN  main            d.u.i.k.s.ProofSettings   The settings in /home/runner/.key/proof-settings.props are *not* read. 
516        INFO  main            d.u.i.k.p.r.p.TestFile    Now processing file /home/runner/work/key/key/key.core/../key.ui/examples/redux/arrays/Arrays.copyOf.key 
671        INFO  main            d.u.i.k.p.i.AbstractProblemLoader Loading environment from /home/runner/work/key/key/key.core/../key.ui/examples/redux/arrays/Arrays.copyOf.key 
692        DEBUG main            d.u.i.k.p.i.AbstractProblemLoader Environment load took 2.85ms 
987        INFO  main            d.u.i.k.p.i.AbstractProblemLoader Creating init config 
2307       DEBUG main            d.u.i.k.j.TypeConverter   No LDT found for Meta 
2309       DEBUG main            d.u.i.k.j.TypeConverter   No LDT found for Meta 
2314       DEBUG main            d.u.i.k.j.TypeConverter   No LDT found for Meta 
2315       DEBUG main            d.u.i.k.j.TypeConverter   No LDT found for Meta 
4306       DEBUG main            d.u.i.k.j.TypeConverter   No LDT found for JavaBigintExpression 
11547      DEBUG main            d.u.i.k.p.i.AbstractProblemLoader Init config took 10.56s 
11716      INFO  main            d.u.i.k.p.i.AbstractProblemLoader Replaying proof Arrays[Arrays::copyOf([I,int)].JML normal_behavior operation contract.0 
11762      DEBUG main            d.u.i.k.p.i.IntermediateProofReplayer Proof replay took 43.4ns 
18360      INFO  main            d.u.i.k.p.r.p.TestFile    ... finished proof: closed. 
18576      INFO  main            d.u.i.k.p.i.AbstractProblemLoader Loading environment from /home/runner/work/key/key/key.core/../key.ui/examples/redux/arrays/Arrays.copyOf.key.proof 
18577      DEBUG main            d.u.i.k.p.i.AbstractProblemLoader Environment load took 456ns 
18582      INFO  main            d.u.i.k.p.i.AbstractProblemLoader Creating init config 
22829      DEBUG main            d.u.i.k.p.i.AbstractProblemLoader Init config took 4.25s 
22904      INFO  main            d.u.i.k.p.i.AbstractProblemLoader Replaying proof Arrays[Arrays::copyOf([I,int)].JML normal_behavior operation contract.0 
23722      DEBUG main            d.u.i.k.p.i.IntermediateProofReplayer Proof replay took 785.83ms 
23735      DEBUG main            d.u.i.k.p.r.p.TestFile    ... success: reloaded. 
23740      INFO  main            d.u.i.k.p.r.p.TestFile    Now processing file /home/runner/work/key/key/key.core/../key.ui/examples/redux/arrays/Arrays.copyOf.float.key 
23740      INFO  main            d.u.i.k.p.i.AbstractProblemLoader Loading environment from /home/runner/work/key/key/key.core/../key.ui/examples/redux/arrays/Arrays.copyOf.float.key 
23741      DEBUG main            d.u.i.k.p.i.AbstractProblemLoader Environment load took 279.9ns 
23746      INFO  main            d.u.i.k.p.i.AbstractProblemLoader Creating init config 
28016      DEBUG main            d.u.i.k.p.i.AbstractProblemLoader Init config took 4.27s 
28083      INFO  main            d.u.i.k.p.i.AbstractProblemLoader Replaying proof Arrays[Arrays::copyOf([F,int)].JML normal_behavior operation contract.0 
28086      DEBUG main            d.u.i.k.p.i.IntermediateProofReplayer Proof replay took 8.9ns 
28122      DEBUG main            d.u.i.k.m.s.ProofScriptEngine 1: 'macro autopilot' 
34075      DEBUG main            d.u.i.k.m.s.ProofScriptEngine 2: 'smt solver=Z3' 
34167      INFO  main            d.u.i.k.m.s.SMTCommand    Finished run on goal 17 in 50ms, result is valid 
34168      DEBUG main            d.u.i.k.m.s.ProofScriptEngine 3: 'tryclose' 
36544      INFO  main            d.u.i.k.p.r.p.TestFile    ... finished proof: closed. 
36775      INFO  main            d.u.i.k.p.i.AbstractProblemLoader Loading environment from /home/runner/work/key/key/key.core/../key.ui/examples/redux/arrays/Arrays.copyOf.float.key.proof 
36776      DEBUG main            d.u.i.k.p.i.AbstractProblemLoader Environment load took 1.53ms 
36786      INFO  main            d.u.i.k.p.i.AbstractProblemLoader Creating init config 
40739      DEBUG main            d.u.i.k.p.i.AbstractProblemLoader Init config took 3.95s 
40805      INFO  main            d.u.i.k.p.i.AbstractProblemLoader Replaying proof Arrays[Arrays::copyOf([F,int)].JML normal_behavior operation contract.0 
41793      DEBUG main            d.u.i.k.p.i.IntermediateProofReplayer Proof replay took 959.99ms 
41796      DEBUG main            d.u.i.k.p.r.p.TestFile    ... success: reloaded. 
41797      INFO  main            d.u.i.k.p.r.p.TestFile    Now processing file /home/runner/work/key/key/key.core/../key.ui/examples/redux/arrays/Arrays.copyOfRange.key 
41797      INFO  main            d.u.i.k.p.i.AbstractProblemLoader Loading environment from /home/runner/work/key/key/key.core/../key.ui/examples/redux/arrays/Arrays.copyOfRange.key 
41797      DEBUG main            d.u.i.k.p.i.AbstractProblemLoader Environment load took 244.7ns 
41799      INFO  main            d.u.i.k.p.i.AbstractProblemLoader Creating init config 
45695      DEBUG main            d.u.i.k.p.i.AbstractProblemLoader Init config took 3.9s 
45752      INFO  main            d.u.i.k.p.i.AbstractProblemLoader Replaying proof Arrays[Arrays::copyOfRange([I,int,int)].JML normal_behavior operation contract.0 
45754      DEBUG main            d.u.i.k.p.i.IntermediateProofReplayer Proof replay took 7.3ns 
51853      INFO  main            d.u.i.k.p.r.p.TestFile    ... finished proof: closed. 
52173      INFO  main            d.u.i.k.p.i.AbstractProblemLoader Loading environment from /home/runner/work/key/key/key.core/../key.ui/examples/redux/arrays/Arrays.copyOfRange.key.proof 
52174      DEBUG main            d.u.i.k.p.i.AbstractProblemLoader Environment load took 456.2ns 
52176      INFO  main            d.u.i.k.p.i.AbstractProblemLoader Creating init config 
56009      DEBUG main            d.u.i.k.p.i.AbstractProblemLoader Init config took 3.83s 
56065      INFO  main            d.u.i.k.p.i.AbstractProblemLoader Replaying proof Arrays[Arrays::copyOfRange([I,int,int)].JML normal_behavior operation contract.0 
56782      DEBUG main            d.u.i.k.p.i.IntermediateProofReplayer Proof replay took 689.33ms 
56784      DEBUG main            d.u.i.k.p.r.p.TestFile    ... success: reloaded. 
56785      INFO  main            d.u.i.k.p.r.p.TestFile    Now processing file /home/runner/work/key/key/key.core/../key.ui/examples/redux/arrays/Arrays.copyOfRange.float.key 
56785      INFO  main            d.u.i.k.p.i.AbstractProblemLoader Loading environment from /home/runner/work/key/key/key.core/../key.ui/examples/redux/arrays/Arrays.copyOfRange.float.key 
56786      DEBUG main            d.u.i.k.p.i.AbstractProblemLoader Environment load took 219.6ns 
56787      INFO  main            d.u.i.k.p.i.AbstractProblemLoader Creating init config 
60729      DEBUG main            d.u.i.k.p.i.AbstractProblemLoader Init config took 3.94s 
60790      INFO  main            d.u.i.k.p.i.AbstractProblemLoader Replaying proof Arrays[Arrays::copyOfRange([F,int,int)].JML normal_behavior operation contract.0 
60792      DEBUG main            d.u.i.k.p.i.IntermediateProofReplayer Proof replay took 8.1ns 
60793      DEBUG main            d.u.i.k.m.s.ProofScriptEngine 1: 'macro autopilot' 
68741      DEBUG main            d.u.i.k.m.s.ProofScriptEngine 2: 'smt solver=Z3' 
68786      INFO  main            d.u.i.k.m.s.SMTCommand    Finished run on goal 27 in 38ms, result is valid 
68786      DEBUG main            d.u.i.k.m.s.ProofScriptEngine 3: 'tryclose' 
73597      INFO  main            d.u.i.k.p.r.p.TestFile    ... finished proof: closed. 
73861      INFO  main            d.u.i.k.p.i.AbstractProblemLoader Loading environment from /home/runner/work/key/key/key.core/../key.ui/examples/redux/arrays/Arrays.copyOfRange.float.key.proof 
73862      DEBUG main            d.u.i.k.p.i.AbstractProblemLoader Environment load took 466.7ns 
73865      INFO  main            d.u.i.k.p.i.AbstractProblemLoader Creating init config 
77672      DEBUG main            d.u.i.k.p.i.AbstractProblemLoader Init config took 3.81s 
77744      INFO  main            d.u.i.k.p.i.AbstractProblemLoader Replaying proof Arrays[Arrays::copyOfRange([F,int,int)].JML normal_behavior operation contract.0 
79166      DEBUG main            d.u.i.k.p.i.IntermediateProofReplayer Proof replay took 1.39s 
79168      DEBUG main            d.u.i.k.p.r.p.TestFile    ... success: reloaded. 
79169      INFO  main            d.u.i.k.p.r.p.TestFile    Now processing file /home/runner/work/key/key/key.core/../key.ui/examples/redux/arrays/Arrays.equals.key 
79170      INFO  main            d.u.i.k.p.i.AbstractProblemLoader Loading environment from /home/runner/work/key/key/key.core/../key.ui/examples/redux/arrays/Arrays.equals.key 
79170      DEBUG main            d.u.i.k.p.i.AbstractProblemLoader Environment load took 127.8ns 
79171      INFO  main            d.u.i.k.p.i.AbstractProblemLoader Creating init config 
83143      DEBUG main            d.u.i.k.p.i.AbstractProblemLoader Init config took 3.97s 
83194      INFO  main            d.u.i.k.p.i.AbstractProblemLoader Replaying proof Arrays[Arrays::equals([B,[B)].JML normal_behavior operation contract.0 
83196      DEBUG main            d.u.i.k.p.i.IntermediateProofReplayer Proof replay took 8.1ns 
83901      INFO  main            d.u.i.k.p.r.p.TestFile    ... finished proof: closed. 
84207      INFO  main            d.u.i.k.p.i.AbstractProblemLoader Loading environment from /home/runner/work/key/key/key.core/../key.ui/examples/redux/arrays/Arrays.equals.key.proof 
84207      DEBUG main            d.u.i.k.p.i.AbstractProblemLoader Environment load took 190.2ns 
84209      INFO  main            d.u.i.k.p.i.AbstractProblemLoader Creating init config 
87951      DEBUG main            d.u.i.k.p.i.AbstractProblemLoader Init config took 3.74s 
88017      INFO  main            d.u.i.k.p.i.AbstractProblemLoader Replaying proof Arrays[Arrays::equals([B,[B)].JML normal_behavior operation contract.0 
88214      DEBUG main            d.u.i.k.p.i.IntermediateProofReplayer Proof replay took 191.9ms 
88216      DEBUG main            d.u.i.k.p.r.p.TestFile    ... success: reloaded. 
88217      INFO  main            d.u.i.k.p.r.p.TestFile    Now processing file /home/runner/work/key/key/key.core/../key.ui/examples/redux/arrays/Arrays.fill.key 
88217      INFO  main            d.u.i.k.p.i.AbstractProblemLoader Loading environment from /home/runner/work/key/key/key.core/../key.ui/examples/redux/arrays/Arrays.fill.key 
88217      DEBUG main            d.u.i.k.p.i.AbstractProblemLoader Environment load took 250.4ns 
88219      INFO  main            d.u.i.k.p.i.AbstractProblemLoader Creating init config 
91948      DEBUG main            d.u.i.k.p.i.AbstractProblemLoader Init config took 3.73s 
92002      INFO  main            d.u.i.k.p.i.AbstractProblemLoader Replaying proof Arrays[Arrays::fill([I,int)].JML normal_behavior operation contract.0 
92004      DEBUG main            d.u.i.k.p.i.IntermediateProofReplayer Proof replay took 8.2ns 
92208      INFO  main            d.u.i.k.p.r.p.TestFile    ... finished proof: closed. 
92437      INFO  main            d.u.i.k.p.i.AbstractProblemLoader Loading environment from /home/runner/work/key/key/key.core/../key.ui/examples/redux/arrays/Arrays.fill.key.proof 
92437      DEBUG main            d.u.i.k.p.i.AbstractProblemLoader Environment load took 144.9ns 
92438      INFO  main            d.u.i.k.p.i.AbstractProblemLoader Creating init config 
96182      DEBUG main            d.u.i.k.p.i.AbstractProblemLoader Init config took 3.74s 
96233      INFO  main            d.u.i.k.p.i.AbstractProblemLoader Replaying proof Arrays[Arrays::fill([I,int)].JML normal_behavior operation contract.0 
96287      DEBUG main            d.u.i.k.p.i.IntermediateProofReplayer Proof replay took 46.46ms 
96289      DEBUG main            d.u.i.k.p.r.p.TestFile    ... success: reloaded. 
96290      INFO  main            d.u.i.k.p.r.p.TestFile    Now processing file /home/runner/work/key/key/key.core/../key.ui/examples/redux/arrays/Arrays.fill.float.key 
96290      INFO  main            d.u.i.k.p.i.AbstractProblemLoader Loading environment from /home/runner/work/key/key/key.core/../key.ui/examples/redux/arrays/Arrays.fill.float.key 
96291      DEBUG main            d.u.i.k.p.i.AbstractProblemLoader Environment load took 243.4ns 
96292      INFO  main            d.u.i.k.p.i.AbstractProblemLoader Creating init config 
100092     DEBUG main            d.u.i.k.p.i.AbstractProblemLoader Init config took 3.8s 
100146     INFO  main            d.u.i.k.p.i.AbstractProblemLoader Replaying proof Arrays[Arrays::fill([F,float)].JML normal_behavior operation contract.0 
100149     DEBUG main            d.u.i.k.p.i.IntermediateProofReplayer Proof replay took 8.1ns 
100452     INFO  main            d.u.i.k.p.r.p.TestFile    ... finished proof: closed. 
100699     INFO  main            d.u.i.k.p.i.AbstractProblemLoader Loading environment from /home/runner/work/key/key/key.core/../key.ui/examples/redux/arrays/Arrays.fill.float.key.proof 
100700     DEBUG main            d.u.i.k.p.i.AbstractProblemLoader Environment load took 148.3ns 
100701     INFO  main            d.u.i.k.p.i.AbstractProblemLoader Creating init config 
104476     DEBUG main            d.u.i.k.p.i.AbstractProblemLoader Init config took 3.77s 
104523     INFO  main            d.u.i.k.p.i.AbstractProblemLoader Replaying proof Arrays[Arrays::fill([F,float)].JML normal_behavior operation contract.0 
104587     DEBUG main            d.u.i.k.p.i.IntermediateProofReplayer Proof replay took 61.66ms 
104589     DEBUG main            d.u.i.k.p.r.p.TestFile    ... success: reloaded. 
104590     INFO  main            d.u.i.k.p.r.p.TestFile    Now processing file /home/runner/work/key/key/key.core/../key.ui/examples/redux/arrays/Arrays.fillFromTo.key 
104590     INFO  main            d.u.i.k.p.i.AbstractProblemLoader Loading environment from /home/runner/work/key/key/key.core/../key.ui/examples/redux/arrays/Arrays.fillFromTo.key 
104590     DEBUG main            d.u.i.k.p.i.AbstractProblemLoader Environment load took 136.9ns 
104591     INFO  main            d.u.i.k.p.i.AbstractProblemLoader Creating init config 
108335     DEBUG main            d.u.i.k.p.i.AbstractProblemLoader Init config took 3.74s 
108380     INFO  main            d.u.i.k.p.i.AbstractProblemLoader Replaying proof Arrays[Arrays::fill([I,int,int,int)].JML normal_behavior operation contract.0 
108381     DEBUG main            d.u.i.k.p.i.IntermediateProofReplayer Proof replay took 7.7ns 
109211     INFO  main            d.u.i.k.p.r.p.TestFile    ... finished proof: closed. 
109488     INFO  main            d.u.i.k.p.i.AbstractProblemLoader Loading environment from /home/runner/work/key/key/key.core/../key.ui/examples/redux/arrays/Arrays.fillFromTo.key.proof 
109489     DEBUG main            d.u.i.k.p.i.AbstractProblemLoader Environment load took 1.32ms 
109491     INFO  main            d.u.i.k.p.i.AbstractProblemLoader Creating init config 
113178     DEBUG main            d.u.i.k.p.i.AbstractProblemLoader Init config took 3.69s 
113230     INFO  main            d.u.i.k.p.i.AbstractProblemLoader Replaying proof Arrays[Arrays::fill([I,int,int,int)].JML normal_behavior operation contract.0 
113396     DEBUG main            d.u.i.k.p.i.IntermediateProofReplayer Proof replay took 160.46ms 
113398     DEBUG main            d.u.i.k.p.r.p.TestFile    ... success: reloaded. 
113399     INFO  main            d.u.i.k.p.r.p.TestFile    Now processing file /home/runner/work/key/key/key.core/../key.ui/examples/redux/arrays/Arrays.fillFromTo.float.key 
113399     INFO  main            d.u.i.k.p.i.AbstractProblemLoader Loading environment from /home/runner/work/key/key/key.core/../key.ui/examples/redux/arrays/Arrays.fillFromTo.float.key 
113400     DEBUG main            d.u.i.k.p.i.AbstractProblemLoader Environment load took 127.2ns 
113401     INFO  main            d.u.i.k.p.i.AbstractProblemLoader Creating init config 
117176     DEBUG main            d.u.i.k.p.i.AbstractProblemLoader Init config took 3.78s 
117221     INFO  main            d.u.i.k.p.i.AbstractProblemLoader Replaying proof Arrays[Arrays::fill([F,int,int,float)].JML normal_behavior operation contract.0 
117223     DEBUG main            d.u.i.k.p.i.IntermediateProofReplayer Proof replay took 8ns 
118131     INFO  main            d.u.i.k.p.r.p.TestFile    ... finished proof: closed. 
118405     INFO  main            d.u.i.k.p.i.AbstractProblemLoader Loading environment from /home/runner/work/key/key/key.core/../key.ui/examples/redux/arrays/Arrays.fillFromTo.float.key.proof 
118406     DEBUG main            d.u.i.k.p.i.AbstractProblemLoader Environment load took 612.3ns 
118408     INFO  main            d.u.i.k.p.i.AbstractProblemLoader Creating init config 
122123     DEBUG main            d.u.i.k.p.i.AbstractProblemLoader Init config took 3.72s 
122168     INFO  main            d.u.i.k.p.i.AbstractProblemLoader Replaying proof Arrays[Arrays::fill([F,int,int,float)].JML normal_behavior operation contract.0 
122381     DEBUG main            d.u.i.k.p.i.IntermediateProofReplayer Proof replay took 207.14ms 
122383     DEBUG main            d.u.i.k.p.r.p.TestFile    ... success: reloaded. 
122384     INFO  main            d.u.i.k.p.r.p.TestFile    Now processing file /home/runner/work/key/key/key.core/../key.ui/examples/redux/arrays/ArrayCopy.arraycopy.normal.0.key 
122385     INFO  main            d.u.i.k.p.i.AbstractProblemLoader Loading environment from /home/runner/work/key/key/key.core/../key.ui/examples/redux/arrays/ArrayCopy.arraycopy.normal.0.key 
122385     DEBUG main            d.u.i.k.p.i.AbstractProblemLoader Environment load took 227.2ns 
122386     INFO  main            d.u.i.k.p.i.AbstractProblemLoader Creating init config 
126071     DEBUG main            d.u.i.k.p.i.AbstractProblemLoader Init config took 3.69s 
126143     INFO  main            d.u.i.k.p.i.AbstractProblemLoader Replaying proof ArrayCopy[ArrayCopy::arraycopy(java.lang.Object,int,java.lang.Object,int,int)].JML normal_behavior operation contract.0 
126144     DEBUG main            d.u.i.k.p.i.IntermediateProofReplayer Proof replay took 8.1ns 
134641     INFO  main            d.u.i.k.p.r.p.TestFile    ... finished proof: closed. 
134932     INFO  main            d.u.i.k.p.i.AbstractProblemLoader Loading environment from /home/runner/work/key/key/key.core/../key.ui/examples/redux/arrays/ArrayCopy.arraycopy.normal.0.key.proof 
134932     DEBUG main            d.u.i.k.p.i.AbstractProblemLoader Environment load took 471.2ns 
134934     INFO  main            d.u.i.k.p.i.AbstractProblemLoader Creating init config 
138641     DEBUG main            d.u.i.k.p.i.AbstractProblemLoader Init config took 3.71s 
138684     INFO  main            d.u.i.k.p.i.AbstractProblemLoader Replaying proof ArrayCopy[ArrayCopy::arraycopy(java.lang.Object,int,java.lang.Object,int,int)].JML normal_behavior operation contract.0 
139920     DEBUG main            d.u.i.k.p.i.IntermediateProofReplayer Proof replay took 1.22s 
139922     DEBUG main            d.u.i.k.p.r.p.TestFile    ... success: reloaded. 
139923     INFO  main            d.u.i.k.p.r.p.TestFile    Now processing file /home/runner/work/key/key/key.core/../key.ui/examples/redux/arrays/ArrayCopy.arraycopy.exceptional.0.key 
139923     INFO  main            d.u.i.k.p.i.AbstractProblemLoader Loading environment from /home/runner/work/key/key/key.core/../key.ui/examples/redux/arrays/ArrayCopy.arraycopy.exceptional.0.key 
139923     DEBUG main            d.u.i.k.p.i.AbstractProblemLoader Environment load took 147.1ns 
139924     INFO  main            d.u.i.k.p.i.AbstractProblemLoader Creating init config 
143726     DEBUG main            d.u.i.k.p.i.AbstractProblemLoader Init config took 3.8s 
143769     INFO  main            d.u.i.k.p.i.AbstractProblemLoader Replaying proof ArrayCopy[ArrayCopy::arraycopy(java.lang.Object,int,java.lang.Object,int,int)].JML exceptional_behavior operation contract.0 
143771     DEBUG main            d.u.i.k.p.i.IntermediateProofReplayer Proof replay took 7.7ns 
144278     INFO  main            d.u.i.k.p.r.p.TestFile    ... finished proof: closed. 
144578     INFO  main            d.u.i.k.p.i.AbstractProblemLoader Loading environment from /home/runner/work/key/key/key.core/../key.ui/examples/redux/arrays/ArrayCopy.arraycopy.exceptional.0.key.proof 
144578     DEBUG main            d.u.i.k.p.i.AbstractProblemLoader Environment load took 424.9ns 
144580     INFO  main            d.u.i.k.p.i.AbstractProblemLoader Creating init config 
148270     DEBUG main            d.u.i.k.p.i.AbstractProblemLoader Init config took 3.69s 
148313     INFO  main            d.u.i.k.p.i.AbstractProblemLoader Replaying proof ArrayCopy[ArrayCopy::arraycopy(java.lang.Object,int,java.lang.Object,int,int)].JML exceptional_behavior operation contract.0 
148467     DEBUG main            d.u.i.k.p.i.IntermediateProofReplayer Proof replay took 149.02ms 
148468     DEBUG main            d.u.i.k.p.r.p.TestFile    ... success: reloaded. 
148471     INFO  main            d.u.i.k.p.r.p.TestFile    Now processing file /home/runner/work/key/key/key.core/../key.ui/examples/redux/arrays/ArrayCopy.arraycopy.exceptional.1.key 
148471     INFO  main            d.u.i.k.p.i.AbstractProblemLoader Loading environment from /home/runner/work/key/key/key.core/../key.ui/examples/redux/arrays/ArrayCopy.arraycopy.exceptional.1.key 
148471     DEBUG main            d.u.i.k.p.i.AbstractProblemLoader Environment load took 140.9ns 
148472     INFO  main            d.u.i.k.p.i.AbstractProblemLoader Creating init config 
152181     DEBUG main            d.u.i.k.p.i.AbstractProblemLoader Init config took 3.71s 
152222     INFO  main            d.u.i.k.p.i.AbstractProblemLoader Replaying proof ArrayCopy[ArrayCopy::arraycopy(java.lang.Object,int,java.lang.Object,int,int)].JML exceptional_behavior operation contract.1 
152224     DEBUG main            d.u.i.k.p.i.IntermediateProofReplayer Proof replay took 7.4ns 
160096     INFO  main            d.u.i.k.p.r.p.TestFile    ... finished proof: closed. 
160441     INFO  main            d.u.i.k.p.i.AbstractProblemLoader Loading environment from /home/runner/work/key/key/key.core/../key.ui/examples/redux/arrays/ArrayCopy.arraycopy.exceptional.1.key.proof 
160442     DEBUG main            d.u.i.k.p.i.AbstractProblemLoader Environment load took 455.6ns 
160444     INFO  main            d.u.i.k.p.i.AbstractProblemLoader Creating init config 
164081     DEBUG main            d.u.i.k.p.i.AbstractProblemLoader Init config took 3.64s 
164123     INFO  main            d.u.i.k.p.i.AbstractProblemLoader Replaying proof ArrayCopy[ArrayCopy::arraycopy(java.lang.Object,int,java.lang.Object,int,int)].JML exceptional_behavior operation contract.1 
166252     DEBUG main            d.u.i.k.p.i.IntermediateProofReplayer Proof replay took 2.1s 
166255     DEBUG main            d.u.i.k.p.r.p.TestFile    ... success: reloaded. 
6895941    INFO  Test worker     d.u.i.k.p.r.RunAllProofsTestUnit Returning from test redux 
]]></system-out>
  <system-err><![CDATA[]]></system-err>
</testsuite>
