<?xml version="1.0" encoding="UTF-8"?>
<testsuite name="de.uka.ilkd.key.parser.TestDeclParser" tests="14" skipped="2" failures="0" errors="0" timestamp="2023-04-10T21:00:11" hostname="fv-az470-121" time="12.508">
  <properties/>
  <testcase name="testGenericSortDecl1()" classname="de.uka.ilkd.key.parser.TestDeclParser" time="0.995"/>
  <testcase name="testGenericSortDecl2()" classname="de.uka.ilkd.key.parser.TestDeclParser" time="1.09"/>
  <testcase name="testGenericSortDecl3()" classname="de.uka.ilkd.key.parser.TestDeclParser" time="1.084"/>
  <testcase name="testGenericSortDecl4()" classname="de.uka.ilkd.key.parser.TestDeclParser" time="1.061"/>
  <testcase name="testGenericSortDecl5()" classname="de.uka.ilkd.key.parser.TestDeclParser" time="0.0">
    <skipped/>
  </testcase>
  <testcase name="testGenericSortDecl6()" classname="de.uka.ilkd.key.parser.TestDeclParser" time="1.007"/>
  <testcase name="testSortDecl()" classname="de.uka.ilkd.key.parser.TestDeclParser" time="1.055"/>
  <testcase name="testProxySortDecl()" classname="de.uka.ilkd.key.parser.TestDeclParser" time="1.046"/>
  <testcase name="testArrayDecl()" classname="de.uka.ilkd.key.parser.TestDeclParser" time="1.092"/>
  <testcase name="testAmbiguousDecls()" classname="de.uka.ilkd.key.parser.TestDeclParser" time="0.0">
    <skipped/>
  </testcase>
  <testcase name="testHeurDecl()" classname="de.uka.ilkd.key.parser.TestDeclParser" time="0.99"/>
  <testcase name="testFunctionDecl()" classname="de.uka.ilkd.key.parser.TestDeclParser" time="1.053"/>
  <testcase name="testPredicateDecl()" classname="de.uka.ilkd.key.parser.TestDeclParser" time="1.047"/>
  <testcase name="testSVDecl()" classname="de.uka.ilkd.key.parser.TestDeclParser" time="0.982"/>
  <system-out><![CDATA[235474     INFO  Test worker     d.u.i.k.n.KeyIO           Parsing took 0 ms 
235475     INFO  Test worker     d.u.i.k.n.KeyIO           MODE: declarations took 0 ms 
236566     INFO  Test worker     d.u.i.k.n.KeyIO           Parsing took 0 ms 
236567     INFO  Test worker     d.u.i.k.n.KeyIO           MODE: declarations took 0 ms 
237650     INFO  Test worker     d.u.i.k.n.KeyIO           Parsing took 0 ms 
237651     INFO  Test worker     d.u.i.k.n.KeyIO           MODE: declarations took 1 ms 
238712     INFO  Test worker     d.u.i.k.n.KeyIO           Parsing took 0 ms 
238713     INFO  Test worker     d.u.i.k.n.KeyIO           MODE: declarations took 1 ms 
239720     INFO  Test worker     d.u.i.k.n.KeyIO           Parsing took 0 ms 
239721     INFO  Test worker     d.u.i.k.n.KeyIO           MODE: declarations took 0 ms 
240775     INFO  Test worker     d.u.i.k.n.KeyIO           Parsing took 0 ms 
240776     INFO  Test worker     d.u.i.k.n.KeyIO           MODE: declarations took 0 ms 
241821     INFO  Test worker     d.u.i.k.n.KeyIO           Parsing took 0 ms 
241822     INFO  Test worker     d.u.i.k.n.KeyIO           MODE: declarations took 1 ms 
242906     INFO  Test worker     d.u.i.k.n.KeyIO           Parsing took 0 ms 
242913     INFO  Test worker     d.u.i.k.n.KeyIO           MODE: declarations took 0 ms 
243905     INFO  Test worker     d.u.i.k.n.KeyIO           Parsing took 0 ms 
243905     INFO  Test worker     d.u.i.k.n.KeyIO           MODE: declarations took 0 ms 
244958     INFO  Test worker     d.u.i.k.n.KeyIO           Parsing took 1 ms 
244958     INFO  Test worker     d.u.i.k.n.KeyIO           MODE: declarations took 0 ms 
246006     INFO  Test worker     d.u.i.k.n.KeyIO           Parsing took 0 ms 
246006     INFO  Test worker     d.u.i.k.n.KeyIO           MODE: declarations took 0 ms 
246988     INFO  Test worker     d.u.i.k.n.KeyIO           Parsing took 0 ms 
246989     INFO  Test worker     d.u.i.k.n.KeyIO           MODE: declarations took 1 ms 
]]></system-out>
  <system-err><![CDATA[]]></system-err>
</testsuite>
