<?xml version="1.0" encoding="UTF-8"?>
<testsuite name="de.uka.ilkd.key.nparser.ExprTest" tests="23" skipped="0" failures="0" errors="0" timestamp="2023-04-10T20:59:57" hostname="fv-az470-121" time="2.527">
  <properties/>
  <testcase name="[1] (bprod{int y;}(1, 2, y) = 0)" classname="de.uka.ilkd.key.nparser.ExprTest" time="0.023"/>
  <testcase name="[2] 1 = 1 -&gt; 2 = 2" classname="de.uka.ilkd.key.nparser.ExprTest" time="0.025"/>
  <testcase name="[3] \&lt; { int x = 1; } \&gt; x=1" classname="de.uka.ilkd.key.nparser.ExprTest" time="1.067"/>
  <testcase name="[4] \&lt;{ int x = 1; {int s = 2;} }\&gt; x=x" classname="de.uka.ilkd.key.nparser.ExprTest" time="1.028"/>
  <testcase name="[5] true" classname="de.uka.ilkd.key.nparser.ExprTest" time="0.019"/>
  <testcase name="[6] true &amp; false" classname="de.uka.ilkd.key.nparser.ExprTest" time="0.018"/>
  <testcase name="[7] 0" classname="de.uka.ilkd.key.nparser.ExprTest" time="0.016"/>
  <testcase name="[8] 1" classname="de.uka.ilkd.key.nparser.ExprTest" time="0.021"/>
  <testcase name="[9] 42" classname="de.uka.ilkd.key.nparser.ExprTest" time="0.016"/>
  <testcase name="[10] -5" classname="de.uka.ilkd.key.nparser.ExprTest" time="0.017"/>
  <testcase name="[11] 1 + 1 = 2" classname="de.uka.ilkd.key.nparser.ExprTest" time="0.019"/>
  <testcase name="[12] \if (3=4) \then (1) \else (2)" classname="de.uka.ilkd.key.nparser.ExprTest" time="0.015"/>
  <testcase name="[13] \if (3=4 &amp; 1=1) \then (\if (3=4) \then (1) \else (2)) \else (2)" classname="de.uka.ilkd.key.nparser.ExprTest" time="0.018"/>
  <testcase name="[14] aa + bb*cc" classname="de.uka.ilkd.key.nparser.ExprTest" time="0.023"/>
  <testcase name="[15] aa%bb*cc &lt; -123" classname="de.uka.ilkd.key.nparser.ExprTest" time="0.03"/>
  <testcase name="[16] \forall int x; true" classname="de.uka.ilkd.key.nparser.ExprTest" time="0.018"/>
  <testcase name="[17] \forall numbers x; x = x" classname="de.uka.ilkd.key.nparser.ExprTest" time="0.016"/>
  <testcase name="[18] (int)3+2" classname="de.uka.ilkd.key.nparser.ExprTest" time="0.019"/>
  <testcase name="[19] 1.f + 1f = 20e-1f * (2f-1f)" classname="de.uka.ilkd.key.nparser.ExprTest" time="0.015"/>
  <testcase name="[20] 1.d + 1d &lt;= 20e+1d * .01d" classname="de.uka.ilkd.key.nparser.ExprTest" time="0.018"/>
  <testcase name="[21] 1f &lt;= 2f" classname="de.uka.ilkd.key.nparser.ExprTest" time="0.016"/>
  <testcase name="[22] 2d &gt; 1d" classname="de.uka.ilkd.key.nparser.ExprTest" time="0.018"/>
  <testcase name="[23] seqEmpty + seqEmpty" classname="de.uka.ilkd.key.nparser.ExprTest" time="0.022"/>
  <system-out><![CDATA[220118     INFO  Test worker     d.u.i.k.n.KeyIO           Parsing took 13 ms 
220121     INFO  Test worker     d.u.i.k.n.KeyIO           MODE: declarations took 2 ms 
220125     INFO  Test worker     d.u.i.k.n.ExprTest        Term: equals(bprod{y:int}(Z(1(#)),Z(2(#)),y),Z(0(#))) 
220142     INFO  Test worker     d.u.i.k.n.KeyIO           Parsing took 13 ms 
220144     INFO  Test worker     d.u.i.k.n.KeyIO           MODE: declarations took 1 ms 
220151     INFO  Test worker     d.u.i.k.n.ExprTest        Term: imp(equals(Z(1(#)),Z(1(#))),equals(Z(2(#)),Z(2(#)))) 
220163     INFO  Test worker     d.u.i.k.n.KeyIO           Parsing took 9 ms 
220165     INFO  Test worker     d.u.i.k.n.KeyIO           MODE: declarations took 1 ms 
221217     INFO  Test worker     d.u.i.k.n.ExprTest        Term: \<{
  int x = 1;
}\> (equals(x,Z(1(#)))) 
221233     INFO  Test worker     d.u.i.k.n.KeyIO           Parsing took 10 ms 
221240     INFO  Test worker     d.u.i.k.n.KeyIO           MODE: declarations took 7 ms 
222247     INFO  Test worker     d.u.i.k.n.ExprTest        Term: \<{
  int x = 1;
  {
    int s = 2;
  }
}\> (equals(x,x)) 
222264     INFO  Test worker     d.u.i.k.n.KeyIO           Parsing took 12 ms 
222266     INFO  Test worker     d.u.i.k.n.KeyIO           MODE: declarations took 1 ms 
222269     INFO  Test worker     d.u.i.k.n.ExprTest        Term: true 
222283     INFO  Test worker     d.u.i.k.n.KeyIO           Parsing took 11 ms 
222285     INFO  Test worker     d.u.i.k.n.KeyIO           MODE: declarations took 1 ms 
222288     INFO  Test worker     d.u.i.k.n.ExprTest        Term: and(true,false) 
222300     INFO  Test worker     d.u.i.k.n.KeyIO           Parsing took 8 ms 
222303     INFO  Test worker     d.u.i.k.n.KeyIO           MODE: declarations took 2 ms 
222305     INFO  Test worker     d.u.i.k.n.ExprTest        Term: Z(0(#)) 
222321     INFO  Test worker     d.u.i.k.n.KeyIO           Parsing took 11 ms 
222324     INFO  Test worker     d.u.i.k.n.KeyIO           MODE: declarations took 2 ms 
222327     INFO  Test worker     d.u.i.k.n.ExprTest        Term: Z(1(#)) 
222340     INFO  Test worker     d.u.i.k.n.KeyIO           Parsing took 9 ms 
222342     INFO  Test worker     d.u.i.k.n.KeyIO           MODE: declarations took 1 ms 
222345     INFO  Test worker     d.u.i.k.n.ExprTest        Term: Z(2(4(#))) 
222358     INFO  Test worker     d.u.i.k.n.KeyIO           Parsing took 10 ms 
222360     INFO  Test worker     d.u.i.k.n.KeyIO           MODE: declarations took 1 ms 
222363     INFO  Test worker     d.u.i.k.n.ExprTest        Term: Z(neglit(5(#))) 
222378     INFO  Test worker     d.u.i.k.n.KeyIO           Parsing took 11 ms 
222380     INFO  Test worker     d.u.i.k.n.KeyIO           MODE: declarations took 1 ms 
222383     INFO  Test worker     d.u.i.k.n.ExprTest        Term: equals(add(Z(1(#)),Z(1(#))),Z(2(#))) 
222395     INFO  Test worker     d.u.i.k.n.KeyIO           Parsing took 9 ms 
222397     INFO  Test worker     d.u.i.k.n.KeyIO           MODE: declarations took 1 ms 
222400     INFO  Test worker     d.u.i.k.n.ExprTest        Term: if-then-else(equals(Z(3(#)),Z(4(#))),Z(1(#)),Z(2(#))) 
222412     INFO  Test worker     d.u.i.k.n.KeyIO           Parsing took 9 ms 
222414     INFO  Test worker     d.u.i.k.n.KeyIO           MODE: declarations took 1 ms 
222419     INFO  Test worker     d.u.i.k.n.ExprTest        Term: if-then-else(and(equals(Z(3(#)),Z(4(#))),equals(Z(1(#)),Z(1(#)))),if-then-else(equals(Z(3(#)),Z(4(#))),Z(1(#)),Z(2(#))),Z(2(#))) 
222434     INFO  Test worker     d.u.i.k.n.KeyIO           Parsing took 12 ms 
222437     INFO  Test worker     d.u.i.k.n.KeyIO           MODE: declarations took 1 ms 
222443     INFO  Test worker     d.u.i.k.n.ExprTest        Term: add(aa,mul(bb,cc)) 
222464     INFO  Test worker     d.u.i.k.n.KeyIO           Parsing took 13 ms 
222467     INFO  Test worker     d.u.i.k.n.KeyIO           MODE: declarations took 1 ms 
222474     INFO  Test worker     d.u.i.k.n.ExprTest        Term: lt(mul(mod(aa,bb),cc),Z(neglit(3(2(1(#)))))) 
222489     INFO  Test worker     d.u.i.k.n.KeyIO           Parsing took 11 ms 
222491     INFO  Test worker     d.u.i.k.n.KeyIO           MODE: declarations took 1 ms 
222494     INFO  Test worker     d.u.i.k.n.ExprTest        Term: all{x:int}(true) 
222507     INFO  Test worker     d.u.i.k.n.KeyIO           Parsing took 10 ms 
222508     INFO  Test worker     d.u.i.k.n.KeyIO           MODE: declarations took 1 ms 
222511     INFO  Test worker     d.u.i.k.n.ExprTest        Term: all{x:numbers}(equals(x,x)) 
222526     INFO  Test worker     d.u.i.k.n.KeyIO           Parsing took 12 ms 
222528     INFO  Test worker     d.u.i.k.n.KeyIO           MODE: declarations took 1 ms 
222531     INFO  Test worker     d.u.i.k.n.ExprTest        Term: add(int::cast(Z(3(#))),Z(2(#))) 
222545     INFO  Test worker     d.u.i.k.n.KeyIO           Parsing took 8 ms 
222546     INFO  Test worker     d.u.i.k.n.KeyIO           MODE: declarations took 0 ms 
222549     INFO  Test worker     d.u.i.k.n.ExprTest        Term: equals(addFloat(FP(6(1(2(3(5(3(5(6(0(1(#))))))))))),FP(6(1(2(3(5(3(5(6(0(1(#)))))))))))),mulFloat(FP(4(2(8(1(4(7(3(7(0(1(#))))))))))),subFloat(FP(4(2(8(1(4(7(3(7(0(1(#))))))))))),FP(6(1(2(3(5(3(5(6(0(1(#)))))))))))))) 
222562     INFO  Test worker     d.u.i.k.n.KeyIO           Parsing took 9 ms 
222564     INFO  Test worker     d.u.i.k.n.KeyIO           MODE: declarations took 1 ms 
222568     INFO  Test worker     d.u.i.k.n.ExprTest        Term: leqDouble(addDouble(DFP(8(0(4(7(1(0(0(0(8(8(1(4(2(8(1(7(0(6(4(#)))))))))))))))))))),DFP(8(0(4(7(1(0(0(0(8(8(1(4(2(8(1(7(0(6(4(#))))))))))))))))))))),mulDouble(DFP(4(8(7(6(0(0(2(8(9(0(9(8(0(4(2(1(4(6(4(#)))))))))))))))))))),DFP(5(7(6(7(8(0(4(0(3(9(2(2(8(1(9(6(7(5(4(#)))))))))))))))))))))) 
222581     INFO  Test worker     d.u.i.k.n.KeyIO           Parsing took 8 ms 
222584     INFO  Test worker     d.u.i.k.n.KeyIO           MODE: declarations took 1 ms 
222587     INFO  Test worker     d.u.i.k.n.ExprTest        Term: leqFloat(FP(6(1(2(3(5(3(5(6(0(1(#))))))))))),FP(4(2(8(1(4(7(3(7(0(1(#)))))))))))) 
222599     INFO  Test worker     d.u.i.k.n.KeyIO           Parsing took 8 ms 
222601     INFO  Test worker     d.u.i.k.n.KeyIO           MODE: declarations took 1 ms 
222606     INFO  Test worker     d.u.i.k.n.ExprTest        Term: gtDouble(DFP(4(0(9(7(8(3(7(2(4(8(1(0(6(8(6(1(1(6(4(#)))))))))))))))))))),DFP(8(0(4(7(1(0(0(0(8(8(1(4(2(8(1(7(0(6(4(#))))))))))))))))))))) 
222623     INFO  Test worker     d.u.i.k.n.KeyIO           Parsing took 14 ms 
222626     INFO  Test worker     d.u.i.k.n.KeyIO           MODE: declarations took 1 ms 
222629     INFO  Test worker     d.u.i.k.n.ExprTest        Term: seqConcat(seqEmpty,seqEmpty) 
]]></system-out>
  <system-err><![CDATA[]]></system-err>
</testsuite>
