<?xml version="1.0" encoding="UTF-8"?>
<testsuite name="de.uka.ilkd.key.taclettranslation.TestTacletTranslator" tests="5" skipped="0" failures="0" errors="0" timestamp="2023-04-10T21:11:28" hostname="fv-az470-121" time="0.008">
  <properties/>
  <testcase name="testPropositional1()" classname="de.uka.ilkd.key.taclettranslation.TestTacletTranslator" time="0.003"/>
  <testcase name="testPropositional2()" classname="de.uka.ilkd.key.taclettranslation.TestTacletTranslator" time="0.002"/>
  <testcase name="testNegativePolarity()" classname="de.uka.ilkd.key.taclettranslation.TestTacletTranslator" time="0.001"/>
  <testcase name="testNoPolarity()" classname="de.uka.ilkd.key.taclettranslation.TestTacletTranslator" time="0.001"/>
  <testcase name="testPositivePolarity()" classname="de.uka.ilkd.key.taclettranslation.TestTacletTranslator" time="0.001"/>
  <system-out><![CDATA[911968     INFO  Test worker     d.u.i.k.n.KeyIO           Parsing took 0 ms 
911968     INFO  Test worker     d.u.i.k.n.KeyIO           MODE: declarations took 0 ms 
911971     INFO  Test worker     d.u.i.k.n.KeyIO           Parsing took 0 ms 
911971     INFO  Test worker     d.u.i.k.n.KeyIO           MODE: declarations took 0 ms 
911972     INFO  Test worker     d.u.i.k.n.KeyIO           Parsing took 0 ms 
911972     INFO  Test worker     d.u.i.k.n.KeyIO           MODE: declarations took 0 ms 
911974     INFO  Test worker     d.u.i.k.n.KeyIO           Parsing took 0 ms 
911974     INFO  Test worker     d.u.i.k.n.KeyIO           MODE: declarations took 0 ms 
911975     INFO  Test worker     d.u.i.k.n.KeyIO           Parsing took 0 ms 
911975     INFO  Test worker     d.u.i.k.n.KeyIO           MODE: declarations took 0 ms 
]]></system-out>
  <system-err><![CDATA[]]></system-err>
</testsuite>
