<?xml version="1.0" encoding="UTF-8"?>
<testsuite name="de.uka.ilkd.key.parser.TestTermParser" tests="47" skipped="4" failures="0" errors="0" timestamp="2023-04-10T21:01:53" hostname="fv-az470-121" time="3.548">
  <properties/>
  <testcase name="testNotEqual()" classname="de.uka.ilkd.key.parser.TestTermParser" time="0.002"/>
  <testcase name="testProgramVariables()" classname="de.uka.ilkd.key.parser.TestTermParser" time="0.059"/>
  <testcase name="testAttributeWithSpecifiedSortOnObject()" classname="de.uka.ilkd.key.parser.TestTermParser" time="0.012"/>
  <testcase name="testCast()" classname="de.uka.ilkd.key.parser.TestTermParser" time="0.001"/>
  <testcase name="testJavaQueryAndAttribute_all()" classname="de.uka.ilkd.key.parser.TestTermParser" time="0.0">
    <skipped/>
  </testcase>
  <testcase name="test10()" classname="de.uka.ilkd.key.parser.TestTermParser" time="0.008"/>
  <testcase name="test11()" classname="de.uka.ilkd.key.parser.TestTermParser" time="0.004"/>
  <testcase name="test12()" classname="de.uka.ilkd.key.parser.TestTermParser" time="0.0">
    <skipped/>
  </testcase>
  <testcase name="test13()" classname="de.uka.ilkd.key.parser.TestTermParser" time="0.014"/>
  <testcase name="test14()" classname="de.uka.ilkd.key.parser.TestTermParser" time="0.005"/>
  <testcase name="test1a()" classname="de.uka.ilkd.key.parser.TestTermParser" time="0.003"/>
  <testcase name="testJavaAttributeAccess_4()" classname="de.uka.ilkd.key.parser.TestTermParser" time="0.003"/>
  <testcase name="testAttributeOnObject()" classname="de.uka.ilkd.key.parser.TestTermParser" time="0.003"/>
  <testcase name="testNegativeLiteralParsing1()" classname="de.uka.ilkd.key.parser.TestTermParser" time="0.001"/>
  <testcase name="testNegativeLiteralParsing2()" classname="de.uka.ilkd.key.parser.TestTermParser" time="0.001"/>
  <testcase name="testNegativeLiteralParsing3()" classname="de.uka.ilkd.key.parser.TestTermParser" time="0.002"/>
  <testcase name="xtestParsingArrayWithSpaces()" classname="de.uka.ilkd.key.parser.TestTermParser" time="0.0">
    <skipped/>
  </testcase>
  <testcase name="testAmbigiousFuncVarPred()" classname="de.uka.ilkd.key.parser.TestTermParser" time="0.001"/>
  <testcase name="test1()" classname="de.uka.ilkd.key.parser.TestTermParser" time="0.002"/>
  <testcase name="test2()" classname="de.uka.ilkd.key.parser.TestTermParser" time="0.002"/>
  <testcase name="test3()" classname="de.uka.ilkd.key.parser.TestTermParser" time="0.002"/>
  <testcase name="test5()" classname="de.uka.ilkd.key.parser.TestTermParser" time="0.002"/>
  <testcase name="test6()" classname="de.uka.ilkd.key.parser.TestTermParser" time="0.002"/>
  <testcase name="test7()" classname="de.uka.ilkd.key.parser.TestTermParser" time="0.001"/>
  <testcase name="test8()" classname="de.uka.ilkd.key.parser.TestTermParser" time="0.001"/>
  <testcase name="test9()" classname="de.uka.ilkd.key.parser.TestTermParser" time="0.002"/>
  <testcase name="testBindingUpdateTerm()" classname="de.uka.ilkd.key.parser.TestTermParser" time="0.001"/>
  <testcase name="testJavaStaticQuery()" classname="de.uka.ilkd.key.parser.TestTermParser" time="0.003"/>
  <testcase name="testInfix1()" classname="de.uka.ilkd.key.parser.TestTermParser" time="0.001"/>
  <testcase name="testInfix2()" classname="de.uka.ilkd.key.parser.TestTermParser" time="0.001"/>
  <testcase name="testInfix3()" classname="de.uka.ilkd.key.parser.TestTermParser" time="0.003"/>
  <testcase name="testInfix4()" classname="de.uka.ilkd.key.parser.TestTermParser" time="0.002"/>
  <testcase name="testIfThenElse()" classname="de.uka.ilkd.key.parser.TestTermParser" time="0.002"/>
  <testcase name="testJavaAttributeAccessBoth_1()" classname="de.uka.ilkd.key.parser.TestTermParser" time="0.003"/>
  <testcase name="testJavaAttributeAccessBoth_2()" classname="de.uka.ilkd.key.parser.TestTermParser" time="0.003"/>
  <testcase name="testJavaAttributeAccessBoth_3()" classname="de.uka.ilkd.key.parser.TestTermParser" time="0.002"/>
  <testcase name="testBindingUpdateTerm_1()" classname="de.uka.ilkd.key.parser.TestTermParser" time="0.002"/>
  <testcase name="testBindingUpdateTerm_3()" classname="de.uka.ilkd.key.parser.TestTermParser" time="0.003"/>
  <testcase name="testBindingUpdateTerm_4()" classname="de.uka.ilkd.key.parser.TestTermParser" time="0.001"/>
  <testcase name="testBindingUpdateTerm_5()" classname="de.uka.ilkd.key.parser.TestTermParser" time="0.002"/>
  <testcase name="testBindingUpdateTerm_6()" classname="de.uka.ilkd.key.parser.TestTermParser" time="0.002"/>
  <testcase name="testBindingUpdateTerm_7()" classname="de.uka.ilkd.key.parser.TestTermParser" time="0.001"/>
  <testcase name="testBindingUpdateTerm_8()" classname="de.uka.ilkd.key.parser.TestTermParser" time="0.001"/>
  <testcase name="testParsingArray()" classname="de.uka.ilkd.key.parser.TestTermParser" time="0.003"/>
  <testcase name="xtestBindingUpdateTermOldBindingAlternative()" classname="de.uka.ilkd.key.parser.TestTermParser" time="0.0">
    <skipped/>
  </testcase>
  <testcase name="testJavaStaticQueryWithParameter()" classname="de.uka.ilkd.key.parser.TestTermParser" time="0.003"/>
  <testcase name="testParsingArrayCombination()" classname="de.uka.ilkd.key.parser.TestTermParser" time="0.004"/>
  <system-out><![CDATA[336868     INFO  Test worker     d.u.i.k.n.KeyIO           Parsing took 1 ms 
336868     INFO  Test worker     d.u.i.k.n.KeyIO           MODE: declarations took 0 ms 
336870     WARN  Test worker     d.u.i.k.j.r.KeYCrossReferenceNameInfo Datatype T declared twice: Once in UNKNOWN:unknown and once in UNKNOWN:unknown, Keeping one from UNKNOWN:unknown 
336946     INFO  Test worker     d.u.i.k.n.KeyIO           Parsing took 1 ms 
336947     INFO  Test worker     d.u.i.k.n.KeyIO           MODE: declarations took 0 ms 
337004     WARN  Test worker     d.u.i.k.j.r.KeYCrossReferenceNameInfo Datatype T declared twice: Once in UNKNOWN:unknown and once in UNKNOWN:unknown, Keeping one from UNKNOWN:unknown 
337077     INFO  Test worker     d.u.i.k.n.KeyIO           Parsing took 0 ms 
337081     INFO  Test worker     d.u.i.k.n.KeyIO           MODE: declarations took 0 ms 
337087     WARN  Test worker     d.u.i.k.j.r.KeYCrossReferenceNameInfo Datatype T declared twice: Once in UNKNOWN:unknown and once in UNKNOWN:unknown, Keeping one from UNKNOWN:unknown 
337158     INFO  Test worker     d.u.i.k.n.KeyIO           Parsing took 0 ms 
337158     INFO  Test worker     d.u.i.k.n.KeyIO           MODE: declarations took 0 ms 
337160     WARN  Test worker     d.u.i.k.j.r.KeYCrossReferenceNameInfo Datatype T declared twice: Once in UNKNOWN:unknown and once in UNKNOWN:unknown, Keeping one from UNKNOWN:unknown 
337229     WARN  Test worker     d.u.i.k.j.r.KeYCrossReferenceNameInfo Datatype T declared twice: Once in UNKNOWN:unknown and once in UNKNOWN:unknown, Keeping one from UNKNOWN:unknown 
337299     INFO  Test worker     d.u.i.k.n.KeyIO           Parsing took 1 ms 
337299     INFO  Test worker     d.u.i.k.n.KeyIO           MODE: declarations took 0 ms 
337303     INFO  Test worker     d.u.i.k.p.TestTermParser  Out: \<{
  int x = 1;
  {
    int s = 2;
  }
}\> (equals(x,x)) 
337308     WARN  Test worker     d.u.i.k.j.r.KeYCrossReferenceNameInfo Datatype T declared twice: Once in UNKNOWN:unknown and once in UNKNOWN:unknown, Keeping one from UNKNOWN:unknown 
337384     INFO  Test worker     d.u.i.k.n.KeyIO           Parsing took 0 ms 
337385     INFO  Test worker     d.u.i.k.n.KeyIO           MODE: declarations took 1 ms 
337387     INFO  Test worker     d.u.i.k.p.TestTermParser  Out: \[{
  int x = 2;
  {
    String s = ""}";
  }
}\] (true) 
337388     WARN  Test worker     d.u.i.k.j.r.KeYCrossReferenceNameInfo Datatype T declared twice: Once in UNKNOWN:unknown and once in UNKNOWN:unknown, Keeping one from UNKNOWN:unknown 
337464     WARN  Test worker     d.u.i.k.j.r.KeYCrossReferenceNameInfo Datatype T declared twice: Once in UNKNOWN:unknown and once in UNKNOWN:unknown, Keeping one from UNKNOWN:unknown 
337538     INFO  Test worker     d.u.i.k.n.KeyIO           Parsing took 1 ms 
337539     INFO  Test worker     d.u.i.k.n.KeyIO           MODE: declarations took 0 ms 
337552     WARN  Test worker     d.u.i.k.j.r.KeYCrossReferenceNameInfo Datatype T declared twice: Once in UNKNOWN:unknown and once in UNKNOWN:unknown, Keeping one from UNKNOWN:unknown 
337627     INFO  Test worker     d.u.i.k.n.KeyIO           Parsing took 0 ms 
337628     INFO  Test worker     d.u.i.k.n.KeyIO           MODE: declarations took 1 ms 
337631     INFO  Test worker     d.u.i.k.p.TestTermParser  Out: \<{
  int[] i;
}\> (diamond(true)) 
337632     WARN  Test worker     d.u.i.k.j.r.KeYCrossReferenceNameInfo Datatype T declared twice: Once in UNKNOWN:unknown and once in UNKNOWN:unknown, Keeping one from UNKNOWN:unknown 
337710     INFO  Test worker     d.u.i.k.n.KeyIO           Parsing took 0 ms 
337711     INFO  Test worker     d.u.i.k.n.KeyIO           MODE: declarations took 1 ms 
337713     WARN  Test worker     d.u.i.k.j.r.KeYCrossReferenceNameInfo Datatype T declared twice: Once in UNKNOWN:unknown and once in UNKNOWN:unknown, Keeping one from UNKNOWN:unknown 
337785     INFO  Test worker     d.u.i.k.n.KeyIO           Parsing took 0 ms 
337785     INFO  Test worker     d.u.i.k.n.KeyIO           MODE: declarations took 0 ms 
337788     WARN  Test worker     d.u.i.k.j.r.KeYCrossReferenceNameInfo Datatype T declared twice: Once in UNKNOWN:unknown and once in UNKNOWN:unknown, Keeping one from UNKNOWN:unknown 
337860     INFO  Test worker     d.u.i.k.n.KeyIO           Parsing took 0 ms 
337860     INFO  Test worker     d.u.i.k.n.KeyIO           MODE: declarations took 0 ms 
337864     WARN  Test worker     d.u.i.k.j.r.KeYCrossReferenceNameInfo Datatype T declared twice: Once in UNKNOWN:unknown and once in UNKNOWN:unknown, Keeping one from UNKNOWN:unknown 
337937     INFO  Test worker     d.u.i.k.n.KeyIO           Parsing took 0 ms 
337937     INFO  Test worker     d.u.i.k.n.KeyIO           MODE: declarations took 0 ms 
337938     WARN  Test worker     d.u.i.k.j.r.KeYCrossReferenceNameInfo Datatype T declared twice: Once in UNKNOWN:unknown and once in UNKNOWN:unknown, Keeping one from UNKNOWN:unknown 
338004     INFO  Test worker     d.u.i.k.n.KeyIO           Parsing took 0 ms 
338004     INFO  Test worker     d.u.i.k.n.KeyIO           MODE: declarations took 0 ms 
338005     WARN  Test worker     d.u.i.k.j.r.KeYCrossReferenceNameInfo Datatype T declared twice: Once in UNKNOWN:unknown and once in UNKNOWN:unknown, Keeping one from UNKNOWN:unknown 
338086     INFO  Test worker     d.u.i.k.n.KeyIO           Parsing took 0 ms 
338086     INFO  Test worker     d.u.i.k.n.KeyIO           MODE: declarations took 0 ms 
338088     WARN  Test worker     d.u.i.k.j.r.KeYCrossReferenceNameInfo Datatype T declared twice: Once in UNKNOWN:unknown and once in UNKNOWN:unknown, Keeping one from UNKNOWN:unknown 
338156     WARN  Test worker     d.u.i.k.j.r.KeYCrossReferenceNameInfo Datatype T declared twice: Once in UNKNOWN:unknown and once in UNKNOWN:unknown, Keeping one from UNKNOWN:unknown 
338226     INFO  Test worker     d.u.i.k.n.KeyIO           Parsing took 0 ms 
338227     INFO  Test worker     d.u.i.k.n.KeyIO           MODE: declarations took 0 ms 
338227     WARN  Test worker     d.u.i.k.j.r.KeYCrossReferenceNameInfo Datatype T declared twice: Once in UNKNOWN:unknown and once in UNKNOWN:unknown, Keeping one from UNKNOWN:unknown 
338297     INFO  Test worker     d.u.i.k.n.KeyIO           Parsing took 1 ms 
338297     INFO  Test worker     d.u.i.k.n.KeyIO           MODE: declarations took 0 ms 
338298     WARN  Test worker     d.u.i.k.j.r.KeYCrossReferenceNameInfo Datatype T declared twice: Once in UNKNOWN:unknown and once in UNKNOWN:unknown, Keeping one from UNKNOWN:unknown 
338365     INFO  Test worker     d.u.i.k.n.KeyIO           Parsing took 0 ms 
338365     INFO  Test worker     d.u.i.k.n.KeyIO           MODE: declarations took 0 ms 
338367     WARN  Test worker     d.u.i.k.j.r.KeYCrossReferenceNameInfo Datatype T declared twice: Once in UNKNOWN:unknown and once in UNKNOWN:unknown, Keeping one from UNKNOWN:unknown 
338434     INFO  Test worker     d.u.i.k.n.KeyIO           Parsing took 0 ms 
338434     INFO  Test worker     d.u.i.k.n.KeyIO           MODE: declarations took 0 ms 
338436     WARN  Test worker     d.u.i.k.j.r.KeYCrossReferenceNameInfo Datatype T declared twice: Once in UNKNOWN:unknown and once in UNKNOWN:unknown, Keeping one from UNKNOWN:unknown 
338505     INFO  Test worker     d.u.i.k.n.KeyIO           Parsing took 0 ms 
338505     INFO  Test worker     d.u.i.k.n.KeyIO           MODE: declarations took 0 ms 
338507     WARN  Test worker     d.u.i.k.j.r.KeYCrossReferenceNameInfo Datatype T declared twice: Once in UNKNOWN:unknown and once in UNKNOWN:unknown, Keeping one from UNKNOWN:unknown 
338573     INFO  Test worker     d.u.i.k.n.KeyIO           Parsing took 0 ms 
338573     INFO  Test worker     d.u.i.k.n.KeyIO           MODE: declarations took 0 ms 
338575     WARN  Test worker     d.u.i.k.j.r.KeYCrossReferenceNameInfo Datatype T declared twice: Once in UNKNOWN:unknown and once in UNKNOWN:unknown, Keeping one from UNKNOWN:unknown 
338642     INFO  Test worker     d.u.i.k.n.KeyIO           Parsing took 1 ms 
338642     INFO  Test worker     d.u.i.k.n.KeyIO           MODE: declarations took 0 ms 
338643     WARN  Test worker     d.u.i.k.j.r.KeYCrossReferenceNameInfo Datatype T declared twice: Once in UNKNOWN:unknown and once in UNKNOWN:unknown, Keeping one from UNKNOWN:unknown 
338710     INFO  Test worker     d.u.i.k.n.KeyIO           Parsing took 0 ms 
338710     INFO  Test worker     d.u.i.k.n.KeyIO           MODE: declarations took 0 ms 
338711     WARN  Test worker     d.u.i.k.j.r.KeYCrossReferenceNameInfo Datatype T declared twice: Once in UNKNOWN:unknown and once in UNKNOWN:unknown, Keeping one from UNKNOWN:unknown 
338780     INFO  Test worker     d.u.i.k.n.KeyIO           Parsing took 1 ms 
338780     INFO  Test worker     d.u.i.k.n.KeyIO           MODE: declarations took 0 ms 
338781     WARN  Test worker     d.u.i.k.j.r.KeYCrossReferenceNameInfo Datatype T declared twice: Once in UNKNOWN:unknown and once in UNKNOWN:unknown, Keeping one from UNKNOWN:unknown 
338848     INFO  Test worker     d.u.i.k.n.KeyIO           Parsing took 0 ms 
338848     INFO  Test worker     d.u.i.k.n.KeyIO           MODE: declarations took 0 ms 
338850     WARN  Test worker     d.u.i.k.j.r.KeYCrossReferenceNameInfo Datatype T declared twice: Once in UNKNOWN:unknown and once in UNKNOWN:unknown, Keeping one from UNKNOWN:unknown 
338917     INFO  Test worker     d.u.i.k.n.KeyIO           Parsing took 0 ms 
338917     INFO  Test worker     d.u.i.k.n.KeyIO           MODE: declarations took 0 ms 
338920     WARN  Test worker     d.u.i.k.j.r.KeYCrossReferenceNameInfo Datatype T declared twice: Once in UNKNOWN:unknown and once in UNKNOWN:unknown, Keeping one from UNKNOWN:unknown 
338988     INFO  Test worker     d.u.i.k.n.KeyIO           Parsing took 0 ms 
338988     INFO  Test worker     d.u.i.k.n.KeyIO           MODE: declarations took 0 ms 
338990     WARN  Test worker     d.u.i.k.j.r.KeYCrossReferenceNameInfo Datatype T declared twice: Once in UNKNOWN:unknown and once in UNKNOWN:unknown, Keeping one from UNKNOWN:unknown 
339058     INFO  Test worker     d.u.i.k.n.KeyIO           Parsing took 0 ms 
339058     INFO  Test worker     d.u.i.k.n.KeyIO           MODE: declarations took 0 ms 
339060     WARN  Test worker     d.u.i.k.j.r.KeYCrossReferenceNameInfo Datatype T declared twice: Once in UNKNOWN:unknown and once in UNKNOWN:unknown, Keeping one from UNKNOWN:unknown 
339129     INFO  Test worker     d.u.i.k.n.KeyIO           Parsing took 0 ms 
339129     INFO  Test worker     d.u.i.k.n.KeyIO           MODE: declarations took 0 ms 
339132     WARN  Test worker     d.u.i.k.j.r.KeYCrossReferenceNameInfo Datatype T declared twice: Once in UNKNOWN:unknown and once in UNKNOWN:unknown, Keeping one from UNKNOWN:unknown 
339205     INFO  Test worker     d.u.i.k.n.KeyIO           Parsing took 0 ms 
339205     INFO  Test worker     d.u.i.k.n.KeyIO           MODE: declarations took 0 ms 
339207     WARN  Test worker     d.u.i.k.j.r.KeYCrossReferenceNameInfo Datatype T declared twice: Once in UNKNOWN:unknown and once in UNKNOWN:unknown, Keeping one from UNKNOWN:unknown 
339278     INFO  Test worker     d.u.i.k.n.KeyIO           Parsing took 0 ms 
339279     INFO  Test worker     d.u.i.k.n.KeyIO           MODE: declarations took 1 ms 
339280     WARN  Test worker     d.u.i.k.j.r.KeYCrossReferenceNameInfo Datatype T declared twice: Once in UNKNOWN:unknown and once in UNKNOWN:unknown, Keeping one from UNKNOWN:unknown 
339357     INFO  Test worker     d.u.i.k.n.KeyIO           Parsing took 0 ms 
339358     INFO  Test worker     d.u.i.k.n.KeyIO           MODE: declarations took 0 ms 
339360     WARN  Test worker     d.u.i.k.j.r.KeYCrossReferenceNameInfo Datatype T declared twice: Once in UNKNOWN:unknown and once in UNKNOWN:unknown, Keeping one from UNKNOWN:unknown 
339536     INFO  Test worker     d.u.i.k.n.KeyIO           Parsing took 0 ms 
339536     INFO  Test worker     d.u.i.k.n.KeyIO           MODE: declarations took 0 ms 
339539     WARN  Test worker     d.u.i.k.j.r.KeYCrossReferenceNameInfo Datatype T declared twice: Once in UNKNOWN:unknown and once in UNKNOWN:unknown, Keeping one from UNKNOWN:unknown 
339613     INFO  Test worker     d.u.i.k.n.KeyIO           Parsing took 0 ms 
339613     INFO  Test worker     d.u.i.k.n.KeyIO           MODE: declarations took 0 ms 
339618     WARN  Test worker     d.u.i.k.j.r.KeYCrossReferenceNameInfo Datatype T declared twice: Once in UNKNOWN:unknown and once in UNKNOWN:unknown, Keeping one from UNKNOWN:unknown 
339689     INFO  Test worker     d.u.i.k.n.KeyIO           Parsing took 1 ms 
339689     INFO  Test worker     d.u.i.k.n.KeyIO           MODE: declarations took 0 ms 
339691     WARN  Test worker     d.u.i.k.j.r.KeYCrossReferenceNameInfo Datatype T declared twice: Once in UNKNOWN:unknown and once in UNKNOWN:unknown, Keeping one from UNKNOWN:unknown 
339758     INFO  Test worker     d.u.i.k.n.KeyIO           Parsing took 0 ms 
339758     INFO  Test worker     d.u.i.k.n.KeyIO           MODE: declarations took 0 ms 
339761     WARN  Test worker     d.u.i.k.j.r.KeYCrossReferenceNameInfo Datatype T declared twice: Once in UNKNOWN:unknown and once in UNKNOWN:unknown, Keeping one from UNKNOWN:unknown 
339828     INFO  Test worker     d.u.i.k.n.KeyIO           Parsing took 0 ms 
339829     INFO  Test worker     d.u.i.k.n.KeyIO           MODE: declarations took 1 ms 
339829     WARN  Test worker     d.u.i.k.j.r.KeYCrossReferenceNameInfo Datatype T declared twice: Once in UNKNOWN:unknown and once in UNKNOWN:unknown, Keeping one from UNKNOWN:unknown 
339896     INFO  Test worker     d.u.i.k.n.KeyIO           Parsing took 1 ms 
339896     INFO  Test worker     d.u.i.k.n.KeyIO           MODE: declarations took 0 ms 
339897     WARN  Test worker     d.u.i.k.j.r.KeYCrossReferenceNameInfo Datatype T declared twice: Once in UNKNOWN:unknown and once in UNKNOWN:unknown, Keeping one from UNKNOWN:unknown 
339966     INFO  Test worker     d.u.i.k.n.KeyIO           Parsing took 1 ms 
339966     INFO  Test worker     d.u.i.k.n.KeyIO           MODE: declarations took 0 ms 
339967     WARN  Test worker     d.u.i.k.j.r.KeYCrossReferenceNameInfo Datatype T declared twice: Once in UNKNOWN:unknown and once in UNKNOWN:unknown, Keeping one from UNKNOWN:unknown 
340037     INFO  Test worker     d.u.i.k.n.KeyIO           Parsing took 0 ms 
340037     INFO  Test worker     d.u.i.k.n.KeyIO           MODE: declarations took 0 ms 
340039     WARN  Test worker     d.u.i.k.j.r.KeYCrossReferenceNameInfo Datatype T declared twice: Once in UNKNOWN:unknown and once in UNKNOWN:unknown, Keeping one from UNKNOWN:unknown 
340120     INFO  Test worker     d.u.i.k.n.KeyIO           Parsing took 0 ms 
340120     INFO  Test worker     d.u.i.k.n.KeyIO           MODE: declarations took 0 ms 
340122     WARN  Test worker     d.u.i.k.j.r.KeYCrossReferenceNameInfo Datatype T declared twice: Once in UNKNOWN:unknown and once in UNKNOWN:unknown, Keeping one from UNKNOWN:unknown 
340201     INFO  Test worker     d.u.i.k.n.KeyIO           Parsing took 0 ms 
340201     INFO  Test worker     d.u.i.k.n.KeyIO           MODE: declarations took 0 ms 
340204     WARN  Test worker     d.u.i.k.j.r.KeYCrossReferenceNameInfo Datatype T declared twice: Once in UNKNOWN:unknown and once in UNKNOWN:unknown, Keeping one from UNKNOWN:unknown 
340271     WARN  Test worker     d.u.i.k.j.r.KeYCrossReferenceNameInfo Datatype T declared twice: Once in UNKNOWN:unknown and once in UNKNOWN:unknown, Keeping one from UNKNOWN:unknown 
340338     INFO  Test worker     d.u.i.k.n.KeyIO           Parsing took 0 ms 
340338     INFO  Test worker     d.u.i.k.n.KeyIO           MODE: declarations took 0 ms 
340341     WARN  Test worker     d.u.i.k.j.r.KeYCrossReferenceNameInfo Datatype T declared twice: Once in UNKNOWN:unknown and once in UNKNOWN:unknown, Keeping one from UNKNOWN:unknown 
340411     INFO  Test worker     d.u.i.k.n.KeyIO           Parsing took 0 ms 
340411     INFO  Test worker     d.u.i.k.n.KeyIO           MODE: declarations took 0 ms 
]]></system-out>
  <system-err><![CDATA[]]></system-err>
</testsuite>
