<?xml version="1.0" encoding="UTF-8"?>
<testsuite name="de.uka.ilkd.key.logic.TestClashFreeSubst" tests="14" skipped="2" failures="0" errors="0" timestamp="2023-04-10T20:56:57" hostname="fv-az470-121" time="54.692">
  <properties/>
  <testcase name="testMultiShareBound()" classname="de.uka.ilkd.key.logic.TestClashFreeSubst" time="1.065"/>
  <testcase name="testClash()" classname="de.uka.ilkd.key.logic.TestClashFreeSubst" time="1.011"/>
  <testcase name="testShare()" classname="de.uka.ilkd.key.logic.TestClashFreeSubst" time="1.008"/>
  <testcase name="testSubst()" classname="de.uka.ilkd.key.logic.TestClashFreeSubst" time="1.002"/>
  <testcase name="testWary0()" classname="de.uka.ilkd.key.logic.TestClashFreeSubst" time="1.011"/>
  <testcase name="testWary1()" classname="de.uka.ilkd.key.logic.TestClashFreeSubst" time="1.047"/>
  <testcase name="testWary2()" classname="de.uka.ilkd.key.logic.TestClashFreeSubst" time="1.018"/>
  <testcase name="testClashInSubstTerm()" classname="de.uka.ilkd.key.logic.TestClashFreeSubst" time="0.997"/>
  <testcase name="testShareWary()" classname="de.uka.ilkd.key.logic.TestClashFreeSubst" time="0.978"/>
  <testcase name="testMultiSubst()" classname="de.uka.ilkd.key.logic.TestClashFreeSubst" time="0.976"/>
  <testcase name="xtestMultiClash()" classname="de.uka.ilkd.key.logic.TestClashFreeSubst" time="0.0">
    <skipped/>
  </testcase>
  <testcase name="testSubstInSubstTerm()" classname="de.uka.ilkd.key.logic.TestClashFreeSubst" time="0.962"/>
  <testcase name="testSubstWary()" classname="de.uka.ilkd.key.logic.TestClashFreeSubst" time="0.975"/>
  <testcase name="xtestMultiClash1()" classname="de.uka.ilkd.key.logic.TestClashFreeSubst" time="0.0">
    <skipped/>
  </testcase>
  <system-out><![CDATA[40234      INFO  Test worker     d.u.i.k.n.KeyIO           Parsing took 1 ms 
40236      INFO  Test worker     d.u.i.k.n.KeyIO           MODE: declarations took 1 ms 
41292      INFO  Test worker     d.u.i.k.n.KeyIO           Parsing took 0 ms 
41293      INFO  Test worker     d.u.i.k.n.KeyIO           MODE: declarations took 0 ms 
44680      INFO  Test worker     d.u.i.k.n.KeyIO           Parsing took 0 ms 
44681      INFO  Test worker     d.u.i.k.n.KeyIO           MODE: declarations took 0 ms 
45684      INFO  Test worker     d.u.i.k.n.KeyIO           Parsing took 0 ms 
45685      INFO  Test worker     d.u.i.k.n.KeyIO           MODE: declarations took 0 ms 
49037      INFO  Test worker     d.u.i.k.n.KeyIO           Parsing took 0 ms 
49038      INFO  Test worker     d.u.i.k.n.KeyIO           MODE: declarations took 0 ms 
50041      INFO  Test worker     d.u.i.k.n.KeyIO           Parsing took 0 ms 
50043      INFO  Test worker     d.u.i.k.n.KeyIO           MODE: declarations took 0 ms 
53361      INFO  Test worker     d.u.i.k.n.KeyIO           Parsing took 0 ms 
53361      INFO  Test worker     d.u.i.k.n.KeyIO           MODE: declarations took 0 ms 
54351      INFO  Test worker     d.u.i.k.n.KeyIO           Parsing took 0 ms 
54352      INFO  Test worker     d.u.i.k.n.KeyIO           MODE: declarations took 0 ms 
57688      INFO  Test worker     d.u.i.k.n.KeyIO           Parsing took 1 ms 
57689      INFO  Test worker     d.u.i.k.n.KeyIO           MODE: declarations took 0 ms 
58693      INFO  Test worker     d.u.i.k.n.KeyIO           Parsing took 0 ms 
58694      INFO  Test worker     d.u.i.k.n.KeyIO           MODE: declarations took 0 ms 
61974      INFO  Test worker     d.u.i.k.n.KeyIO           Parsing took 0 ms 
61975      INFO  Test worker     d.u.i.k.n.KeyIO           MODE: declarations took 0 ms 
63018      INFO  Test worker     d.u.i.k.n.KeyIO           Parsing took 0 ms 
63018      INFO  Test worker     d.u.i.k.n.KeyIO           MODE: declarations took 0 ms 
66337      INFO  Test worker     d.u.i.k.n.KeyIO           Parsing took 0 ms 
66338      INFO  Test worker     d.u.i.k.n.KeyIO           MODE: declarations took 0 ms 
67346      INFO  Test worker     d.u.i.k.n.KeyIO           Parsing took 0 ms 
67347      INFO  Test worker     d.u.i.k.n.KeyIO           MODE: declarations took 0 ms 
70615      INFO  Test worker     d.u.i.k.n.KeyIO           Parsing took 0 ms 
70615      INFO  Test worker     d.u.i.k.n.KeyIO           MODE: declarations took 0 ms 
71610      INFO  Test worker     d.u.i.k.n.KeyIO           Parsing took 1 ms 
71610      INFO  Test worker     d.u.i.k.n.KeyIO           MODE: declarations took 0 ms 
74850      INFO  Test worker     d.u.i.k.n.KeyIO           Parsing took 0 ms 
74850      INFO  Test worker     d.u.i.k.n.KeyIO           MODE: declarations took 0 ms 
75825      INFO  Test worker     d.u.i.k.n.KeyIO           Parsing took 0 ms 
75826      INFO  Test worker     d.u.i.k.n.KeyIO           MODE: declarations took 0 ms 
79018      INFO  Test worker     d.u.i.k.n.KeyIO           Parsing took 0 ms 
79019      INFO  Test worker     d.u.i.k.n.KeyIO           MODE: declarations took 1 ms 
79991      INFO  Test worker     d.u.i.k.n.KeyIO           Parsing took 0 ms 
79992      INFO  Test worker     d.u.i.k.n.KeyIO           MODE: declarations took 0 ms 
86498      INFO  Test worker     d.u.i.k.n.KeyIO           Parsing took 0 ms 
86499      INFO  Test worker     d.u.i.k.n.KeyIO           MODE: declarations took 0 ms 
87457      INFO  Test worker     d.u.i.k.n.KeyIO           Parsing took 0 ms 
87458      INFO  Test worker     d.u.i.k.n.KeyIO           MODE: declarations took 0 ms 
90712      INFO  Test worker     d.u.i.k.n.KeyIO           Parsing took 0 ms 
90713      INFO  Test worker     d.u.i.k.n.KeyIO           MODE: declarations took 0 ms 
91681      INFO  Test worker     d.u.i.k.n.KeyIO           Parsing took 0 ms 
91683      INFO  Test worker     d.u.i.k.n.KeyIO           MODE: declarations took 0 ms 
]]></system-out>
  <system-err><![CDATA[]]></system-err>
</testsuite>
