<?xml version="1.0" encoding="UTF-8"?>
<testsuite name="de.uka.ilkd.key.nparser.ParseLDTsTests" tests="2" skipped="0" failures="0" errors="0" timestamp="2023-04-10T20:59:59" hostname="fv-az470-121" time="1.246">
  <properties/>
  <testcase name="testLDT()" classname="de.uka.ilkd.key.nparser.ParseLDTsTests" time="0.02"/>
  <testcase name="testSR()" classname="de.uka.ilkd.key.nparser.ParseLDTsTests" time="1.224"/>
  <system-out><![CDATA[222643     INFO  Test worker     d.u.i.k.n.KeyIO           Parsing took 8 ms 
222645     INFO  Test worker     d.u.i.k.n.KeyIO           MODE: declarations took 1 ms 
223159     INFO  Test worker     d.u.i.k.n.KeyIO           Parsing took 503 ms 
223163     INFO  Test worker     d.u.i.k.n.KeyIO           MODE: declarations took 3 ms 
]]></system-out>
  <system-err><![CDATA[]]></system-err>
</testsuite>
