<?xml version="1.0" encoding="UTF-8"?>
<testsuite name="de.uka.ilkd.key.parser.TestTermParserHeap" tests="39" skipped="0" failures="0" errors="0" timestamp="2023-04-10T21:02:00" hostname="fv-az470-121" time="125.663">
  <properties/>
  <testcase name="testBracketHeapUpdate()" classname="de.uka.ilkd.key.parser.TestTermParserHeap" time="0.021"/>
  <testcase name="testStore()" classname="de.uka.ilkd.key.parser.TestTermParserHeap" time="0.007"/>
  <testcase name="testUnknownConstant()" classname="de.uka.ilkd.key.parser.TestTermParserHeap" time="0.002"/>
  <testcase name="testAllFieldsSelector()" classname="de.uka.ilkd.key.parser.TestTermParserHeap" time="0.001"/>
  <testcase name="testParsePrettyPrintedSelect()" classname="de.uka.ilkd.key.parser.TestTermParserHeap" time="0.004"/>
  <testcase name="testAccessStaticMembers()" classname="de.uka.ilkd.key.parser.TestTermParserHeap" time="0.004"/>
  <testcase name="testAtOperator_1()" classname="de.uka.ilkd.key.parser.TestTermParserHeap" time="0.002"/>
  <testcase name="testAtOperator_2()" classname="de.uka.ilkd.key.parser.TestTermParserHeap" time="0.002"/>
  <testcase name="testAtOperator_3()" classname="de.uka.ilkd.key.parser.TestTermParserHeap" time="0.001"/>
  <testcase name="testAtOperator_4()" classname="de.uka.ilkd.key.parser.TestTermParserHeap" time="0.004"/>
  <testcase name="testAtOperator_5()" classname="de.uka.ilkd.key.parser.TestTermParserHeap" time="0.006"/>
  <testcase name="testAtOperator_6()" classname="de.uka.ilkd.key.parser.TestTermParserHeap" time="0.003"/>
  <testcase name="testAtOperator_7()" classname="de.uka.ilkd.key.parser.TestTermParserHeap" time="0.002"/>
  <testcase name="testAtOperator_8()" classname="de.uka.ilkd.key.parser.TestTermParserHeap" time="0.002"/>
  <testcase name="testVerifyExceptionIfAtOperatorNotPreceededBySelectTerm()" classname="de.uka.ilkd.key.parser.TestTermParserHeap" time="0.001"/>
  <testcase name="testBugResettingCounter()" classname="de.uka.ilkd.key.parser.TestTermParserHeap" time="0.002"/>
  <testcase name="testLocationSets()" classname="de.uka.ilkd.key.parser.TestTermParserHeap" time="0.003"/>
  <testcase name="testQuantifiedSelect()" classname="de.uka.ilkd.key.parser.TestTermParserHeap" time="0.002"/>
  <testcase name="testGenericObjectProperties()" classname="de.uka.ilkd.key.parser.TestTermParserHeap" time="0.002"/>
  <testcase name="testQueryInheritance_1()" classname="de.uka.ilkd.key.parser.TestTermParserHeap" time="0.002"/>
  <testcase name="testQueryInheritance_2()" classname="de.uka.ilkd.key.parser.TestTermParserHeap" time="0.005"/>
  <testcase name="testQueryInheritance_3()" classname="de.uka.ilkd.key.parser.TestTermParserHeap" time="0.001"/>
  <testcase name="testQueryInheritance_4()" classname="de.uka.ilkd.key.parser.TestTermParserHeap" time="0.001"/>
  <testcase name="testQueryInheritance_5()" classname="de.uka.ilkd.key.parser.TestTermParserHeap" time="0.002"/>
  <testcase name="testQueryInheritance_6()" classname="de.uka.ilkd.key.parser.TestTermParserHeap" time="0.002"/>
  <testcase name="testQueryInheritance_7()" classname="de.uka.ilkd.key.parser.TestTermParserHeap" time="0.001"/>
  <testcase name="testQueryInheritance_8()" classname="de.uka.ilkd.key.parser.TestTermParserHeap" time="0.001"/>
  <testcase name="testQueryInheritance_9()" classname="de.uka.ilkd.key.parser.TestTermParserHeap" time="0.002"/>
  <testcase name="testQueryBasic_10()" classname="de.uka.ilkd.key.parser.TestTermParserHeap" time="0.001"/>
  <testcase name="testQueryBasic_11()" classname="de.uka.ilkd.key.parser.TestTermParserHeap" time="0.002"/>
  <testcase name="testQueryBasic_1()" classname="de.uka.ilkd.key.parser.TestTermParserHeap" time="0.001"/>
  <testcase name="testQueryBasic_2()" classname="de.uka.ilkd.key.parser.TestTermParserHeap" time="0.001"/>
  <testcase name="testQueryBasic_3()" classname="de.uka.ilkd.key.parser.TestTermParserHeap" time="0.002"/>
  <testcase name="testQueryBasic_4()" classname="de.uka.ilkd.key.parser.TestTermParserHeap" time="0.003"/>
  <testcase name="testQueryBasic_5()" classname="de.uka.ilkd.key.parser.TestTermParserHeap" time="0.001"/>
  <testcase name="testQueryBasic_6()" classname="de.uka.ilkd.key.parser.TestTermParserHeap" time="0.001"/>
  <testcase name="testQueryBasic_7()" classname="de.uka.ilkd.key.parser.TestTermParserHeap" time="0.002"/>
  <testcase name="testQueryBasic_8()" classname="de.uka.ilkd.key.parser.TestTermParserHeap" time="0.001"/>
  <testcase name="testQueryBasic_9()" classname="de.uka.ilkd.key.parser.TestTermParserHeap" time="0.002"/>
  <system-out><![CDATA[343841     INFO  Test worker     d.u.i.k.n.KeyIO           Parsing took 0 ms 
343842     INFO  Test worker     d.u.i.k.n.KeyIO           MODE: declarations took 0 ms 
343842     INFO  Test worker     d.u.i.k.n.KeyIO           Parsing took 0 ms 
343842     INFO  Test worker     d.u.i.k.n.KeyIO           MODE: declarations took 0 ms 
343842     INFO  Test worker     d.u.i.k.n.KeyIO           Parsing took 0 ms 
343842     INFO  Test worker     d.u.i.k.n.KeyIO           MODE: declarations took 0 ms 
343842     INFO  Test worker     d.u.i.k.n.KeyIO           Parsing took 0 ms 
343842     INFO  Test worker     d.u.i.k.n.KeyIO           MODE: declarations took 0 ms 
343842     INFO  Test worker     d.u.i.k.n.KeyIO           Parsing took 0 ms 
343842     INFO  Test worker     d.u.i.k.n.KeyIO           MODE: declarations took 0 ms 
347258     INFO  Test worker     d.u.i.k.n.KeyIO           Parsing took 0 ms 
347259     INFO  Test worker     d.u.i.k.n.KeyIO           MODE: declarations took 1 ms 
347259     INFO  Test worker     d.u.i.k.n.KeyIO           Parsing took 0 ms 
347259     INFO  Test worker     d.u.i.k.n.KeyIO           MODE: declarations took 0 ms 
347259     INFO  Test worker     d.u.i.k.n.KeyIO           Parsing took 0 ms 
347259     INFO  Test worker     d.u.i.k.n.KeyIO           MODE: declarations took 0 ms 
347259     INFO  Test worker     d.u.i.k.n.KeyIO           Parsing took 0 ms 
347259     INFO  Test worker     d.u.i.k.n.KeyIO           MODE: declarations took 0 ms 
347259     INFO  Test worker     d.u.i.k.n.KeyIO           Parsing took 0 ms 
347259     INFO  Test worker     d.u.i.k.n.KeyIO           MODE: declarations took 0 ms 
350655     INFO  Test worker     d.u.i.k.n.KeyIO           Parsing took 0 ms 
350655     INFO  Test worker     d.u.i.k.n.KeyIO           MODE: declarations took 0 ms 
350655     INFO  Test worker     d.u.i.k.n.KeyIO           Parsing took 0 ms 
350655     INFO  Test worker     d.u.i.k.n.KeyIO           MODE: declarations took 0 ms 
350655     INFO  Test worker     d.u.i.k.n.KeyIO           Parsing took 0 ms 
350655     INFO  Test worker     d.u.i.k.n.KeyIO           MODE: declarations took 0 ms 
350655     INFO  Test worker     d.u.i.k.n.KeyIO           Parsing took 0 ms 
350655     INFO  Test worker     d.u.i.k.n.KeyIO           MODE: declarations took 0 ms 
350655     INFO  Test worker     d.u.i.k.n.KeyIO           Parsing took 0 ms 
350655     INFO  Test worker     d.u.i.k.n.KeyIO           MODE: declarations took 0 ms 
350655     INFO  Test worker     d.u.i.k.n.KeyIO           Parsing took 0 ms 
350655     INFO  Test worker     d.u.i.k.n.KeyIO           MODE: declarations took 0 ms 
353982     INFO  Test worker     d.u.i.k.n.KeyIO           Parsing took 0 ms 
353982     INFO  Test worker     d.u.i.k.n.KeyIO           MODE: declarations took 0 ms 
353982     INFO  Test worker     d.u.i.k.n.KeyIO           Parsing took 0 ms 
353982     INFO  Test worker     d.u.i.k.n.KeyIO           MODE: declarations took 0 ms 
353982     INFO  Test worker     d.u.i.k.n.KeyIO           Parsing took 0 ms 
353983     INFO  Test worker     d.u.i.k.n.KeyIO           MODE: declarations took 0 ms 
353983     INFO  Test worker     d.u.i.k.n.KeyIO           Parsing took 0 ms 
353983     INFO  Test worker     d.u.i.k.n.KeyIO           MODE: declarations took 0 ms 
353983     INFO  Test worker     d.u.i.k.n.KeyIO           Parsing took 0 ms 
353983     INFO  Test worker     d.u.i.k.n.KeyIO           MODE: declarations took 0 ms 
357342     INFO  Test worker     d.u.i.k.n.KeyIO           Parsing took 0 ms 
357342     INFO  Test worker     d.u.i.k.n.KeyIO           MODE: declarations took 0 ms 
357342     INFO  Test worker     d.u.i.k.n.KeyIO           Parsing took 0 ms 
357342     INFO  Test worker     d.u.i.k.n.KeyIO           MODE: declarations took 0 ms 
357343     INFO  Test worker     d.u.i.k.n.KeyIO           Parsing took 0 ms 
357343     INFO  Test worker     d.u.i.k.n.KeyIO           MODE: declarations took 0 ms 
357343     INFO  Test worker     d.u.i.k.n.KeyIO           Parsing took 0 ms 
357343     INFO  Test worker     d.u.i.k.n.KeyIO           MODE: declarations took 0 ms 
357343     INFO  Test worker     d.u.i.k.n.KeyIO           Parsing took 0 ms 
357343     INFO  Test worker     d.u.i.k.n.KeyIO           MODE: declarations took 0 ms 
360858     INFO  Test worker     d.u.i.k.n.KeyIO           Parsing took 0 ms 
360858     INFO  Test worker     d.u.i.k.n.KeyIO           MODE: declarations took 0 ms 
360858     INFO  Test worker     d.u.i.k.n.KeyIO           Parsing took 0 ms 
360858     INFO  Test worker     d.u.i.k.n.KeyIO           MODE: declarations took 0 ms 
360858     INFO  Test worker     d.u.i.k.n.KeyIO           Parsing took 0 ms 
360858     INFO  Test worker     d.u.i.k.n.KeyIO           MODE: declarations took 0 ms 
360858     INFO  Test worker     d.u.i.k.n.KeyIO           Parsing took 0 ms 
360859     INFO  Test worker     d.u.i.k.n.KeyIO           MODE: declarations took 1 ms 
360859     INFO  Test worker     d.u.i.k.n.KeyIO           Parsing took 0 ms 
360859     INFO  Test worker     d.u.i.k.n.KeyIO           MODE: declarations took 0 ms 
364180     INFO  Test worker     d.u.i.k.n.KeyIO           Parsing took 0 ms 
364180     INFO  Test worker     d.u.i.k.n.KeyIO           MODE: declarations took 0 ms 
364180     INFO  Test worker     d.u.i.k.n.KeyIO           Parsing took 0 ms 
364181     INFO  Test worker     d.u.i.k.n.KeyIO           MODE: declarations took 1 ms 
364181     INFO  Test worker     d.u.i.k.n.KeyIO           Parsing took 0 ms 
364181     INFO  Test worker     d.u.i.k.n.KeyIO           MODE: declarations took 0 ms 
364181     INFO  Test worker     d.u.i.k.n.KeyIO           Parsing took 0 ms 
364181     INFO  Test worker     d.u.i.k.n.KeyIO           MODE: declarations took 0 ms 
364181     INFO  Test worker     d.u.i.k.n.KeyIO           Parsing took 0 ms 
364181     INFO  Test worker     d.u.i.k.n.KeyIO           MODE: declarations took 0 ms 
367433     INFO  Test worker     d.u.i.k.n.KeyIO           Parsing took 0 ms 
367433     INFO  Test worker     d.u.i.k.n.KeyIO           MODE: declarations took 0 ms 
367433     INFO  Test worker     d.u.i.k.n.KeyIO           Parsing took 0 ms 
367434     INFO  Test worker     d.u.i.k.n.KeyIO           MODE: declarations took 0 ms 
367434     INFO  Test worker     d.u.i.k.n.KeyIO           Parsing took 0 ms 
367434     INFO  Test worker     d.u.i.k.n.KeyIO           MODE: declarations took 0 ms 
367434     INFO  Test worker     d.u.i.k.n.KeyIO           Parsing took 0 ms 
367434     INFO  Test worker     d.u.i.k.n.KeyIO           MODE: declarations took 0 ms 
367434     INFO  Test worker     d.u.i.k.n.KeyIO           Parsing took 0 ms 
367434     INFO  Test worker     d.u.i.k.n.KeyIO           MODE: declarations took 0 ms 
370626     INFO  Test worker     d.u.i.k.n.KeyIO           Parsing took 0 ms 
370627     INFO  Test worker     d.u.i.k.n.KeyIO           MODE: declarations took 1 ms 
370627     INFO  Test worker     d.u.i.k.n.KeyIO           Parsing took 0 ms 
370627     INFO  Test worker     d.u.i.k.n.KeyIO           MODE: declarations took 0 ms 
370627     INFO  Test worker     d.u.i.k.n.KeyIO           Parsing took 0 ms 
370627     INFO  Test worker     d.u.i.k.n.KeyIO           MODE: declarations took 0 ms 
370627     INFO  Test worker     d.u.i.k.n.KeyIO           Parsing took 0 ms 
370627     INFO  Test worker     d.u.i.k.n.KeyIO           MODE: declarations took 0 ms 
370627     INFO  Test worker     d.u.i.k.n.KeyIO           Parsing took 0 ms 
370627     INFO  Test worker     d.u.i.k.n.KeyIO           MODE: declarations took 0 ms 
373847     INFO  Test worker     d.u.i.k.n.KeyIO           Parsing took 0 ms 
373847     INFO  Test worker     d.u.i.k.n.KeyIO           MODE: declarations took 0 ms 
373847     INFO  Test worker     d.u.i.k.n.KeyIO           Parsing took 0 ms 
373847     INFO  Test worker     d.u.i.k.n.KeyIO           MODE: declarations took 0 ms 
373847     INFO  Test worker     d.u.i.k.n.KeyIO           Parsing took 0 ms 
373847     INFO  Test worker     d.u.i.k.n.KeyIO           MODE: declarations took 0 ms 
373847     INFO  Test worker     d.u.i.k.n.KeyIO           Parsing took 0 ms 
373847     INFO  Test worker     d.u.i.k.n.KeyIO           MODE: declarations took 0 ms 
373847     INFO  Test worker     d.u.i.k.n.KeyIO           Parsing took 0 ms 
373847     INFO  Test worker     d.u.i.k.n.KeyIO           MODE: declarations took 0 ms 
377054     INFO  Test worker     d.u.i.k.n.KeyIO           Parsing took 0 ms 
377055     INFO  Test worker     d.u.i.k.n.KeyIO           MODE: declarations took 1 ms 
377055     INFO  Test worker     d.u.i.k.n.KeyIO           Parsing took 0 ms 
377055     INFO  Test worker     d.u.i.k.n.KeyIO           MODE: declarations took 0 ms 
377055     INFO  Test worker     d.u.i.k.n.KeyIO           Parsing took 0 ms 
377055     INFO  Test worker     d.u.i.k.n.KeyIO           MODE: declarations took 0 ms 
377055     INFO  Test worker     d.u.i.k.n.KeyIO           Parsing took 0 ms 
377055     INFO  Test worker     d.u.i.k.n.KeyIO           MODE: declarations took 0 ms 
377055     INFO  Test worker     d.u.i.k.n.KeyIO           Parsing took 0 ms 
377055     INFO  Test worker     d.u.i.k.n.KeyIO           MODE: declarations took 0 ms 
380274     INFO  Test worker     d.u.i.k.n.KeyIO           Parsing took 0 ms 
380274     INFO  Test worker     d.u.i.k.n.KeyIO           MODE: declarations took 0 ms 
380274     INFO  Test worker     d.u.i.k.n.KeyIO           Parsing took 0 ms 
380274     INFO  Test worker     d.u.i.k.n.KeyIO           MODE: declarations took 0 ms 
380274     INFO  Test worker     d.u.i.k.n.KeyIO           Parsing took 0 ms 
380274     INFO  Test worker     d.u.i.k.n.KeyIO           MODE: declarations took 0 ms 
380274     INFO  Test worker     d.u.i.k.n.KeyIO           Parsing took 0 ms 
380274     INFO  Test worker     d.u.i.k.n.KeyIO           MODE: declarations took 0 ms 
380274     INFO  Test worker     d.u.i.k.n.KeyIO           Parsing took 0 ms 
380274     INFO  Test worker     d.u.i.k.n.KeyIO           MODE: declarations took 0 ms 
383466     INFO  Test worker     d.u.i.k.n.KeyIO           Parsing took 0 ms 
383466     INFO  Test worker     d.u.i.k.n.KeyIO           MODE: declarations took 0 ms 
383467     INFO  Test worker     d.u.i.k.n.KeyIO           Parsing took 0 ms 
383467     INFO  Test worker     d.u.i.k.n.KeyIO           MODE: declarations took 0 ms 
383467     INFO  Test worker     d.u.i.k.n.KeyIO           Parsing took 0 ms 
383467     INFO  Test worker     d.u.i.k.n.KeyIO           MODE: declarations took 0 ms 
383467     INFO  Test worker     d.u.i.k.n.KeyIO           Parsing took 0 ms 
383467     INFO  Test worker     d.u.i.k.n.KeyIO           MODE: declarations took 0 ms 
383467     INFO  Test worker     d.u.i.k.n.KeyIO           Parsing took 0 ms 
383467     INFO  Test worker     d.u.i.k.n.KeyIO           MODE: declarations took 0 ms 
386683     INFO  Test worker     d.u.i.k.n.KeyIO           Parsing took 0 ms 
386683     INFO  Test worker     d.u.i.k.n.KeyIO           MODE: declarations took 0 ms 
386683     INFO  Test worker     d.u.i.k.n.KeyIO           Parsing took 0 ms 
386683     INFO  Test worker     d.u.i.k.n.KeyIO           MODE: declarations took 0 ms 
386683     INFO  Test worker     d.u.i.k.n.KeyIO           Parsing took 0 ms 
386683     INFO  Test worker     d.u.i.k.n.KeyIO           MODE: declarations took 0 ms 
386683     INFO  Test worker     d.u.i.k.n.KeyIO           Parsing took 0 ms 
386683     INFO  Test worker     d.u.i.k.n.KeyIO           MODE: declarations took 0 ms 
386683     INFO  Test worker     d.u.i.k.n.KeyIO           Parsing took 0 ms 
386683     INFO  Test worker     d.u.i.k.n.KeyIO           MODE: declarations took 0 ms 
389952     INFO  Test worker     d.u.i.k.n.KeyIO           Parsing took 1 ms 
389952     INFO  Test worker     d.u.i.k.n.KeyIO           MODE: declarations took 0 ms 
389952     INFO  Test worker     d.u.i.k.n.KeyIO           Parsing took 0 ms 
389952     INFO  Test worker     d.u.i.k.n.KeyIO           MODE: declarations took 0 ms 
389952     INFO  Test worker     d.u.i.k.n.KeyIO           Parsing took 0 ms 
389952     INFO  Test worker     d.u.i.k.n.KeyIO           MODE: declarations took 0 ms 
389952     INFO  Test worker     d.u.i.k.n.KeyIO           Parsing took 0 ms 
389952     INFO  Test worker     d.u.i.k.n.KeyIO           MODE: declarations took 0 ms 
389952     INFO  Test worker     d.u.i.k.n.KeyIO           Parsing took 0 ms 
389952     INFO  Test worker     d.u.i.k.n.KeyIO           MODE: declarations took 0 ms 
389953     WARN  Test worker     d.u.i.k.n.KeYParser       [syntax-error] <unknown>:1:11: mismatched input '@' expecting {'/', ':=', '.', '(', ')', '{', '[', '@', PARALLEL, OR, AND, IMP, '=', NOT_EQUALS, '%', '*', '-', '+', '>', GREATEREQUAL, '<', LESSEQUAL, LGUILLEMETS, EQV} [@11,11:11='@',<153>,1:11] (termEOF) 
393174     INFO  Test worker     d.u.i.k.n.KeyIO           Parsing took 0 ms 
393174     INFO  Test worker     d.u.i.k.n.KeyIO           MODE: declarations took 0 ms 
393174     INFO  Test worker     d.u.i.k.n.KeyIO           Parsing took 0 ms 
393174     INFO  Test worker     d.u.i.k.n.KeyIO           MODE: declarations took 0 ms 
393175     INFO  Test worker     d.u.i.k.n.KeyIO           Parsing took 1 ms 
393175     INFO  Test worker     d.u.i.k.n.KeyIO           MODE: declarations took 0 ms 
393175     INFO  Test worker     d.u.i.k.n.KeyIO           Parsing took 0 ms 
393175     INFO  Test worker     d.u.i.k.n.KeyIO           MODE: declarations took 0 ms 
393175     INFO  Test worker     d.u.i.k.n.KeyIO           Parsing took 0 ms 
393175     INFO  Test worker     d.u.i.k.n.KeyIO           MODE: declarations took 0 ms 
396379     INFO  Test worker     d.u.i.k.n.KeyIO           Parsing took 0 ms 
396379     INFO  Test worker     d.u.i.k.n.KeyIO           MODE: declarations took 0 ms 
396379     INFO  Test worker     d.u.i.k.n.KeyIO           Parsing took 0 ms 
396379     INFO  Test worker     d.u.i.k.n.KeyIO           MODE: declarations took 0 ms 
396379     INFO  Test worker     d.u.i.k.n.KeyIO           Parsing took 0 ms 
396379     INFO  Test worker     d.u.i.k.n.KeyIO           MODE: declarations took 0 ms 
396379     INFO  Test worker     d.u.i.k.n.KeyIO           Parsing took 0 ms 
396379     INFO  Test worker     d.u.i.k.n.KeyIO           MODE: declarations took 0 ms 
396380     INFO  Test worker     d.u.i.k.n.KeyIO           Parsing took 0 ms 
396380     INFO  Test worker     d.u.i.k.n.KeyIO           MODE: declarations took 0 ms 
399620     INFO  Test worker     d.u.i.k.n.KeyIO           Parsing took 0 ms 
399620     INFO  Test worker     d.u.i.k.n.KeyIO           MODE: declarations took 0 ms 
399620     INFO  Test worker     d.u.i.k.n.KeyIO           Parsing took 0 ms 
399620     INFO  Test worker     d.u.i.k.n.KeyIO           MODE: declarations took 0 ms 
399620     INFO  Test worker     d.u.i.k.n.KeyIO           Parsing took 0 ms 
399620     INFO  Test worker     d.u.i.k.n.KeyIO           MODE: declarations took 0 ms 
399620     INFO  Test worker     d.u.i.k.n.KeyIO           Parsing took 0 ms 
399620     INFO  Test worker     d.u.i.k.n.KeyIO           MODE: declarations took 0 ms 
399620     INFO  Test worker     d.u.i.k.n.KeyIO           Parsing took 0 ms 
399620     INFO  Test worker     d.u.i.k.n.KeyIO           MODE: declarations took 0 ms 
402857     INFO  Test worker     d.u.i.k.n.KeyIO           Parsing took 0 ms 
402857     INFO  Test worker     d.u.i.k.n.KeyIO           MODE: declarations took 0 ms 
402857     INFO  Test worker     d.u.i.k.n.KeyIO           Parsing took 0 ms 
402857     INFO  Test worker     d.u.i.k.n.KeyIO           MODE: declarations took 0 ms 
402857     INFO  Test worker     d.u.i.k.n.KeyIO           Parsing took 0 ms 
402857     INFO  Test worker     d.u.i.k.n.KeyIO           MODE: declarations took 0 ms 
402857     INFO  Test worker     d.u.i.k.n.KeyIO           Parsing took 0 ms 
402857     INFO  Test worker     d.u.i.k.n.KeyIO           MODE: declarations took 0 ms 
402857     INFO  Test worker     d.u.i.k.n.KeyIO           Parsing took 0 ms 
402857     INFO  Test worker     d.u.i.k.n.KeyIO           MODE: declarations took 0 ms 
406094     INFO  Test worker     d.u.i.k.n.KeyIO           Parsing took 0 ms 
406095     INFO  Test worker     d.u.i.k.n.KeyIO           MODE: declarations took 1 ms 
406095     INFO  Test worker     d.u.i.k.n.KeyIO           Parsing took 0 ms 
406095     INFO  Test worker     d.u.i.k.n.KeyIO           MODE: declarations took 0 ms 
406095     INFO  Test worker     d.u.i.k.n.KeyIO           Parsing took 0 ms 
406095     INFO  Test worker     d.u.i.k.n.KeyIO           MODE: declarations took 0 ms 
406095     INFO  Test worker     d.u.i.k.n.KeyIO           Parsing took 0 ms 
406095     INFO  Test worker     d.u.i.k.n.KeyIO           MODE: declarations took 0 ms 
406095     INFO  Test worker     d.u.i.k.n.KeyIO           Parsing took 0 ms 
406095     INFO  Test worker     d.u.i.k.n.KeyIO           MODE: declarations took 0 ms 
409421     INFO  Test worker     d.u.i.k.n.KeyIO           Parsing took 0 ms 
409422     INFO  Test worker     d.u.i.k.n.KeyIO           MODE: declarations took 0 ms 
409422     INFO  Test worker     d.u.i.k.n.KeyIO           Parsing took 0 ms 
409423     INFO  Test worker     d.u.i.k.n.KeyIO           MODE: declarations took 0 ms 
409423     INFO  Test worker     d.u.i.k.n.KeyIO           Parsing took 0 ms 
409424     INFO  Test worker     d.u.i.k.n.KeyIO           MODE: declarations took 0 ms 
409424     INFO  Test worker     d.u.i.k.n.KeyIO           Parsing took 0 ms 
409424     INFO  Test worker     d.u.i.k.n.KeyIO           MODE: declarations took 0 ms 
409424     INFO  Test worker     d.u.i.k.n.KeyIO           Parsing took 0 ms 
409425     INFO  Test worker     d.u.i.k.n.KeyIO           MODE: declarations took 0 ms 
413026     INFO  Test worker     d.u.i.k.n.KeyIO           Parsing took 0 ms 
413026     INFO  Test worker     d.u.i.k.n.KeyIO           MODE: declarations took 0 ms 
413026     INFO  Test worker     d.u.i.k.n.KeyIO           Parsing took 0 ms 
413027     INFO  Test worker     d.u.i.k.n.KeyIO           MODE: declarations took 1 ms 
413027     INFO  Test worker     d.u.i.k.n.KeyIO           Parsing took 0 ms 
413027     INFO  Test worker     d.u.i.k.n.KeyIO           MODE: declarations took 0 ms 
413027     INFO  Test worker     d.u.i.k.n.KeyIO           Parsing took 0 ms 
413027     INFO  Test worker     d.u.i.k.n.KeyIO           MODE: declarations took 0 ms 
413027     INFO  Test worker     d.u.i.k.n.KeyIO           Parsing took 0 ms 
413027     INFO  Test worker     d.u.i.k.n.KeyIO           MODE: declarations took 0 ms 
416409     INFO  Test worker     d.u.i.k.n.KeyIO           Parsing took 0 ms 
416409     INFO  Test worker     d.u.i.k.n.KeyIO           MODE: declarations took 0 ms 
416409     INFO  Test worker     d.u.i.k.n.KeyIO           Parsing took 0 ms 
416409     INFO  Test worker     d.u.i.k.n.KeyIO           MODE: declarations took 0 ms 
416409     INFO  Test worker     d.u.i.k.n.KeyIO           Parsing took 0 ms 
416409     INFO  Test worker     d.u.i.k.n.KeyIO           MODE: declarations took 0 ms 
416409     INFO  Test worker     d.u.i.k.n.KeyIO           Parsing took 0 ms 
416409     INFO  Test worker     d.u.i.k.n.KeyIO           MODE: declarations took 0 ms 
416409     INFO  Test worker     d.u.i.k.n.KeyIO           Parsing took 0 ms 
416409     INFO  Test worker     d.u.i.k.n.KeyIO           MODE: declarations took 0 ms 
419799     INFO  Test worker     d.u.i.k.n.KeyIO           Parsing took 0 ms 
419799     INFO  Test worker     d.u.i.k.n.KeyIO           MODE: declarations took 0 ms 
419799     INFO  Test worker     d.u.i.k.n.KeyIO           Parsing took 0 ms 
419799     INFO  Test worker     d.u.i.k.n.KeyIO           MODE: declarations took 0 ms 
419799     INFO  Test worker     d.u.i.k.n.KeyIO           Parsing took 0 ms 
419799     INFO  Test worker     d.u.i.k.n.KeyIO           MODE: declarations took 0 ms 
419799     INFO  Test worker     d.u.i.k.n.KeyIO           Parsing took 0 ms 
419799     INFO  Test worker     d.u.i.k.n.KeyIO           MODE: declarations took 0 ms 
419799     INFO  Test worker     d.u.i.k.n.KeyIO           Parsing took 0 ms 
419799     INFO  Test worker     d.u.i.k.n.KeyIO           MODE: declarations took 0 ms 
423129     INFO  Test worker     d.u.i.k.n.KeyIO           Parsing took 0 ms 
423129     INFO  Test worker     d.u.i.k.n.KeyIO           MODE: declarations took 0 ms 
423129     INFO  Test worker     d.u.i.k.n.KeyIO           Parsing took 0 ms 
423129     INFO  Test worker     d.u.i.k.n.KeyIO           MODE: declarations took 0 ms 
423129     INFO  Test worker     d.u.i.k.n.KeyIO           Parsing took 0 ms 
423129     INFO  Test worker     d.u.i.k.n.KeyIO           MODE: declarations took 0 ms 
423129     INFO  Test worker     d.u.i.k.n.KeyIO           Parsing took 0 ms 
423129     INFO  Test worker     d.u.i.k.n.KeyIO           MODE: declarations took 0 ms 
423129     INFO  Test worker     d.u.i.k.n.KeyIO           Parsing took 0 ms 
423129     INFO  Test worker     d.u.i.k.n.KeyIO           MODE: declarations took 0 ms 
426505     INFO  Test worker     d.u.i.k.n.KeyIO           Parsing took 0 ms 
426505     INFO  Test worker     d.u.i.k.n.KeyIO           MODE: declarations took 0 ms 
426506     INFO  Test worker     d.u.i.k.n.KeyIO           Parsing took 1 ms 
426506     INFO  Test worker     d.u.i.k.n.KeyIO           MODE: declarations took 0 ms 
426506     INFO  Test worker     d.u.i.k.n.KeyIO           Parsing took 0 ms 
426506     INFO  Test worker     d.u.i.k.n.KeyIO           MODE: declarations took 0 ms 
426506     INFO  Test worker     d.u.i.k.n.KeyIO           Parsing took 0 ms 
426506     INFO  Test worker     d.u.i.k.n.KeyIO           MODE: declarations took 0 ms 
426506     INFO  Test worker     d.u.i.k.n.KeyIO           Parsing took 0 ms 
426506     INFO  Test worker     d.u.i.k.n.KeyIO           MODE: declarations took 0 ms 
429844     INFO  Test worker     d.u.i.k.n.KeyIO           Parsing took 0 ms 
429845     INFO  Test worker     d.u.i.k.n.KeyIO           MODE: declarations took 1 ms 
429845     INFO  Test worker     d.u.i.k.n.KeyIO           Parsing took 0 ms 
429845     INFO  Test worker     d.u.i.k.n.KeyIO           MODE: declarations took 0 ms 
429845     INFO  Test worker     d.u.i.k.n.KeyIO           Parsing took 0 ms 
429845     INFO  Test worker     d.u.i.k.n.KeyIO           MODE: declarations took 0 ms 
429845     INFO  Test worker     d.u.i.k.n.KeyIO           Parsing took 0 ms 
429845     INFO  Test worker     d.u.i.k.n.KeyIO           MODE: declarations took 0 ms 
429845     INFO  Test worker     d.u.i.k.n.KeyIO           Parsing took 0 ms 
429845     INFO  Test worker     d.u.i.k.n.KeyIO           MODE: declarations took 0 ms 
433159     INFO  Test worker     d.u.i.k.n.KeyIO           Parsing took 0 ms 
433160     INFO  Test worker     d.u.i.k.n.KeyIO           MODE: declarations took 1 ms 
433160     INFO  Test worker     d.u.i.k.n.KeyIO           Parsing took 0 ms 
433160     INFO  Test worker     d.u.i.k.n.KeyIO           MODE: declarations took 0 ms 
433160     INFO  Test worker     d.u.i.k.n.KeyIO           Parsing took 0 ms 
433160     INFO  Test worker     d.u.i.k.n.KeyIO           MODE: declarations took 0 ms 
433160     INFO  Test worker     d.u.i.k.n.KeyIO           Parsing took 0 ms 
433160     INFO  Test worker     d.u.i.k.n.KeyIO           MODE: declarations took 0 ms 
433160     INFO  Test worker     d.u.i.k.n.KeyIO           Parsing took 0 ms 
433160     INFO  Test worker     d.u.i.k.n.KeyIO           MODE: declarations took 0 ms 
436465     INFO  Test worker     d.u.i.k.n.KeyIO           Parsing took 0 ms 
436465     INFO  Test worker     d.u.i.k.n.KeyIO           MODE: declarations took 0 ms 
436465     INFO  Test worker     d.u.i.k.n.KeyIO           Parsing took 0 ms 
436465     INFO  Test worker     d.u.i.k.n.KeyIO           MODE: declarations took 0 ms 
436465     INFO  Test worker     d.u.i.k.n.KeyIO           Parsing took 0 ms 
436465     INFO  Test worker     d.u.i.k.n.KeyIO           MODE: declarations took 0 ms 
436465     INFO  Test worker     d.u.i.k.n.KeyIO           Parsing took 0 ms 
436465     INFO  Test worker     d.u.i.k.n.KeyIO           MODE: declarations took 0 ms 
436465     INFO  Test worker     d.u.i.k.n.KeyIO           Parsing took 0 ms 
436465     INFO  Test worker     d.u.i.k.n.KeyIO           MODE: declarations took 0 ms 
439760     INFO  Test worker     d.u.i.k.n.KeyIO           Parsing took 0 ms 
439760     INFO  Test worker     d.u.i.k.n.KeyIO           MODE: declarations took 0 ms 
439760     INFO  Test worker     d.u.i.k.n.KeyIO           Parsing took 0 ms 
439760     INFO  Test worker     d.u.i.k.n.KeyIO           MODE: declarations took 0 ms 
439760     INFO  Test worker     d.u.i.k.n.KeyIO           Parsing took 0 ms 
439760     INFO  Test worker     d.u.i.k.n.KeyIO           MODE: declarations took 0 ms 
439760     INFO  Test worker     d.u.i.k.n.KeyIO           Parsing took 0 ms 
439761     INFO  Test worker     d.u.i.k.n.KeyIO           MODE: declarations took 0 ms 
439761     INFO  Test worker     d.u.i.k.n.KeyIO           Parsing took 0 ms 
439761     INFO  Test worker     d.u.i.k.n.KeyIO           MODE: declarations took 0 ms 
443171     INFO  Test worker     d.u.i.k.n.KeyIO           Parsing took 0 ms 
443171     INFO  Test worker     d.u.i.k.n.KeyIO           MODE: declarations took 0 ms 
443171     INFO  Test worker     d.u.i.k.n.KeyIO           Parsing took 0 ms 
443171     INFO  Test worker     d.u.i.k.n.KeyIO           MODE: declarations took 0 ms 
443172     INFO  Test worker     d.u.i.k.n.KeyIO           Parsing took 0 ms 
443172     INFO  Test worker     d.u.i.k.n.KeyIO           MODE: declarations took 0 ms 
443172     INFO  Test worker     d.u.i.k.n.KeyIO           Parsing took 0 ms 
443172     INFO  Test worker     d.u.i.k.n.KeyIO           MODE: declarations took 0 ms 
443172     INFO  Test worker     d.u.i.k.n.KeyIO           Parsing took 0 ms 
443172     INFO  Test worker     d.u.i.k.n.KeyIO           MODE: declarations took 0 ms 
446471     INFO  Test worker     d.u.i.k.n.KeyIO           Parsing took 0 ms 
446471     INFO  Test worker     d.u.i.k.n.KeyIO           MODE: declarations took 0 ms 
446471     INFO  Test worker     d.u.i.k.n.KeyIO           Parsing took 0 ms 
446471     INFO  Test worker     d.u.i.k.n.KeyIO           MODE: declarations took 0 ms 
446471     INFO  Test worker     d.u.i.k.n.KeyIO           Parsing took 0 ms 
446471     INFO  Test worker     d.u.i.k.n.KeyIO           MODE: declarations took 0 ms 
446471     INFO  Test worker     d.u.i.k.n.KeyIO           Parsing took 0 ms 
446471     INFO  Test worker     d.u.i.k.n.KeyIO           MODE: declarations took 0 ms 
446471     INFO  Test worker     d.u.i.k.n.KeyIO           Parsing took 0 ms 
446471     INFO  Test worker     d.u.i.k.n.KeyIO           MODE: declarations took 0 ms 
449822     INFO  Test worker     d.u.i.k.n.KeyIO           Parsing took 0 ms 
449823     INFO  Test worker     d.u.i.k.n.KeyIO           MODE: declarations took 0 ms 
449823     INFO  Test worker     d.u.i.k.n.KeyIO           Parsing took 0 ms 
449823     INFO  Test worker     d.u.i.k.n.KeyIO           MODE: declarations took 0 ms 
449823     INFO  Test worker     d.u.i.k.n.KeyIO           Parsing took 0 ms 
449823     INFO  Test worker     d.u.i.k.n.KeyIO           MODE: declarations took 0 ms 
449823     INFO  Test worker     d.u.i.k.n.KeyIO           Parsing took 0 ms 
449823     INFO  Test worker     d.u.i.k.n.KeyIO           MODE: declarations took 0 ms 
449823     INFO  Test worker     d.u.i.k.n.KeyIO           Parsing took 0 ms 
449823     INFO  Test worker     d.u.i.k.n.KeyIO           MODE: declarations took 0 ms 
453086     INFO  Test worker     d.u.i.k.n.KeyIO           Parsing took 0 ms 
453086     INFO  Test worker     d.u.i.k.n.KeyIO           MODE: declarations took 0 ms 
453086     INFO  Test worker     d.u.i.k.n.KeyIO           Parsing took 0 ms 
453086     INFO  Test worker     d.u.i.k.n.KeyIO           MODE: declarations took 0 ms 
453086     INFO  Test worker     d.u.i.k.n.KeyIO           Parsing took 0 ms 
453086     INFO  Test worker     d.u.i.k.n.KeyIO           MODE: declarations took 0 ms 
453086     INFO  Test worker     d.u.i.k.n.KeyIO           Parsing took 0 ms 
453086     INFO  Test worker     d.u.i.k.n.KeyIO           MODE: declarations took 0 ms 
453086     INFO  Test worker     d.u.i.k.n.KeyIO           Parsing took 0 ms 
453086     INFO  Test worker     d.u.i.k.n.KeyIO           MODE: declarations took 0 ms 
456368     INFO  Test worker     d.u.i.k.n.KeyIO           Parsing took 0 ms 
456368     INFO  Test worker     d.u.i.k.n.KeyIO           MODE: declarations took 0 ms 
456368     INFO  Test worker     d.u.i.k.n.KeyIO           Parsing took 0 ms 
456368     INFO  Test worker     d.u.i.k.n.KeyIO           MODE: declarations took 0 ms 
456368     INFO  Test worker     d.u.i.k.n.KeyIO           Parsing took 0 ms 
456368     INFO  Test worker     d.u.i.k.n.KeyIO           MODE: declarations took 0 ms 
456368     INFO  Test worker     d.u.i.k.n.KeyIO           Parsing took 0 ms 
456368     INFO  Test worker     d.u.i.k.n.KeyIO           MODE: declarations took 0 ms 
456368     INFO  Test worker     d.u.i.k.n.KeyIO           Parsing took 0 ms 
456368     INFO  Test worker     d.u.i.k.n.KeyIO           MODE: declarations took 0 ms 
459645     INFO  Test worker     d.u.i.k.n.KeyIO           Parsing took 0 ms 
459645     INFO  Test worker     d.u.i.k.n.KeyIO           MODE: declarations took 0 ms 
459645     INFO  Test worker     d.u.i.k.n.KeyIO           Parsing took 0 ms 
459645     INFO  Test worker     d.u.i.k.n.KeyIO           MODE: declarations took 0 ms 
459645     INFO  Test worker     d.u.i.k.n.KeyIO           Parsing took 0 ms 
459645     INFO  Test worker     d.u.i.k.n.KeyIO           MODE: declarations took 0 ms 
459645     INFO  Test worker     d.u.i.k.n.KeyIO           Parsing took 0 ms 
459645     INFO  Test worker     d.u.i.k.n.KeyIO           MODE: declarations took 0 ms 
459645     INFO  Test worker     d.u.i.k.n.KeyIO           Parsing took 0 ms 
459645     INFO  Test worker     d.u.i.k.n.KeyIO           MODE: declarations took 0 ms 
462921     INFO  Test worker     d.u.i.k.n.KeyIO           Parsing took 0 ms 
462922     INFO  Test worker     d.u.i.k.n.KeyIO           MODE: declarations took 0 ms 
462922     INFO  Test worker     d.u.i.k.n.KeyIO           Parsing took 0 ms 
462922     INFO  Test worker     d.u.i.k.n.KeyIO           MODE: declarations took 0 ms 
462922     INFO  Test worker     d.u.i.k.n.KeyIO           Parsing took 0 ms 
462922     INFO  Test worker     d.u.i.k.n.KeyIO           MODE: declarations took 0 ms 
462922     INFO  Test worker     d.u.i.k.n.KeyIO           Parsing took 0 ms 
462922     INFO  Test worker     d.u.i.k.n.KeyIO           MODE: declarations took 0 ms 
462922     INFO  Test worker     d.u.i.k.n.KeyIO           Parsing took 0 ms 
462922     INFO  Test worker     d.u.i.k.n.KeyIO           MODE: declarations took 0 ms 
466222     INFO  Test worker     d.u.i.k.n.KeyIO           Parsing took 0 ms 
466223     INFO  Test worker     d.u.i.k.n.KeyIO           MODE: declarations took 1 ms 
466223     INFO  Test worker     d.u.i.k.n.KeyIO           Parsing took 0 ms 
466223     INFO  Test worker     d.u.i.k.n.KeyIO           MODE: declarations took 0 ms 
466223     INFO  Test worker     d.u.i.k.n.KeyIO           Parsing took 0 ms 
466223     INFO  Test worker     d.u.i.k.n.KeyIO           MODE: declarations took 0 ms 
466223     INFO  Test worker     d.u.i.k.n.KeyIO           Parsing took 0 ms 
466223     INFO  Test worker     d.u.i.k.n.KeyIO           MODE: declarations took 0 ms 
466223     INFO  Test worker     d.u.i.k.n.KeyIO           Parsing took 0 ms 
466223     INFO  Test worker     d.u.i.k.n.KeyIO           MODE: declarations took 0 ms 
469503     INFO  Test worker     d.u.i.k.n.KeyIO           Parsing took 0 ms 
469503     INFO  Test worker     d.u.i.k.n.KeyIO           MODE: declarations took 0 ms 
469503     INFO  Test worker     d.u.i.k.n.KeyIO           Parsing took 0 ms 
469503     INFO  Test worker     d.u.i.k.n.KeyIO           MODE: declarations took 0 ms 
469503     INFO  Test worker     d.u.i.k.n.KeyIO           Parsing took 0 ms 
469503     INFO  Test worker     d.u.i.k.n.KeyIO           MODE: declarations took 0 ms 
469503     INFO  Test worker     d.u.i.k.n.KeyIO           Parsing took 0 ms 
469503     INFO  Test worker     d.u.i.k.n.KeyIO           MODE: declarations took 0 ms 
469503     INFO  Test worker     d.u.i.k.n.KeyIO           Parsing took 0 ms 
469503     INFO  Test worker     d.u.i.k.n.KeyIO           MODE: declarations took 0 ms 
]]></system-out>
  <system-err><![CDATA[]]></system-err>
</testsuite>
