<?xml version="1.0" encoding="UTF-8"?>
<testsuite name="de.uka.ilkd.key.rule.loop.LoopScopeInvRuleTests" tests="1" skipped="0" failures="0" errors="0" timestamp="2023-05-27T15:56:21" hostname="fv-az206-343" time="5.742">
  <properties/>
  <testcase name="testDoAutomaticProofOfBenchmarkWithLabeledBreaksAndContinues()" classname="de.uka.ilkd.key.rule.loop.LoopScopeInvRuleTests" time="5.742"/>
  <system-out><![CDATA[535050     INFO  Test worker     d.u.i.k.p.i.AbstractProblemLoader Loading environment from src\test\resources\testcase\loopScopeInvRule\Test.key 
535050     DEBUG Test worker     d.u.i.k.p.i.AbstractProblemLoader Environment load took 153.1ns 
535050     INFO  Test worker     d.u.i.k.p.i.AbstractProblemLoader Creating init config 
535206     DEBUG Test worker     d.u.i.k.j.TypeConverter   No LDT found for Meta 
535206     DEBUG Test worker     d.u.i.k.j.TypeConverter   No LDT found for Meta 
535206     DEBUG Test worker     d.u.i.k.j.TypeConverter   No LDT found for Meta 
535206     DEBUG Test worker     d.u.i.k.j.TypeConverter   No LDT found for Meta 
536051     DEBUG Test worker     d.u.i.k.j.TypeConverter   No LDT found for JavaBigintExpression 
539992     DEBUG Test worker     d.u.i.k.p.i.AbstractProblemLoader Init config took 4.95s 
540070     INFO  Test worker     d.u.i.k.p.i.AbstractProblemLoader Replaying proof Test[Test::loopScopeRuleBenchmark(int,boolean)].JML normal_behavior operation contract.0 
540070     DEBUG Test worker     d.u.i.k.p.i.IntermediateProofReplayer Proof replay took 20ns 
]]></system-out>
  <system-err><![CDATA[]]></system-err>
</testsuite>
