<?xml version="1.0" encoding="UTF-8"?>
<testsuite name="de.uka.ilkd.key.logic.TestClashFreeSubst" tests="14" skipped="2" failures="0" errors="0" timestamp="2023-05-27T15:48:11" hostname="fv-az206-343" time="57.365">
  <properties/>
  <testcase name="testMultiShareBound()" classname="de.uka.ilkd.key.logic.TestClashFreeSubst" time="1.088"/>
  <testcase name="testClash()" classname="de.uka.ilkd.key.logic.TestClashFreeSubst" time="1.099"/>
  <testcase name="testShare()" classname="de.uka.ilkd.key.logic.TestClashFreeSubst" time="1.038"/>
  <testcase name="testSubst()" classname="de.uka.ilkd.key.logic.TestClashFreeSubst" time="1.066"/>
  <testcase name="testWary0()" classname="de.uka.ilkd.key.logic.TestClashFreeSubst" time="1.054"/>
  <testcase name="testWary1()" classname="de.uka.ilkd.key.logic.TestClashFreeSubst" time="1.055"/>
  <testcase name="testWary2()" classname="de.uka.ilkd.key.logic.TestClashFreeSubst" time="1.016"/>
  <testcase name="testClashInSubstTerm()" classname="de.uka.ilkd.key.logic.TestClashFreeSubst" time="1.074"/>
  <testcase name="testShareWary()" classname="de.uka.ilkd.key.logic.TestClashFreeSubst" time="1.078"/>
  <testcase name="testMultiSubst()" classname="de.uka.ilkd.key.logic.TestClashFreeSubst" time="1.482"/>
  <testcase name="xtestMultiClash()" classname="de.uka.ilkd.key.logic.TestClashFreeSubst" time="0.0">
    <skipped/>
  </testcase>
  <testcase name="testSubstInSubstTerm()" classname="de.uka.ilkd.key.logic.TestClashFreeSubst" time="1.033"/>
  <testcase name="testSubstWary()" classname="de.uka.ilkd.key.logic.TestClashFreeSubst" time="1.07"/>
  <testcase name="xtestMultiClash1()" classname="de.uka.ilkd.key.logic.TestClashFreeSubst" time="0.0">
    <skipped/>
  </testcase>
  <system-out><![CDATA[44478      INFO  Test worker     d.u.i.k.n.KeyIO           Parsing took 0 ms 
44478      DEBUG Test worker     d.u.i.k.n.KeyIO           Load declarations of de.uka.ilkd.key.nparser.KeyAst$File:  <unknown>:1#1 
44493      INFO  Test worker     d.u.i.k.n.KeyIO           MODE: declarations took 15 ms 
44493      DEBUG Test worker     d.u.i.k.n.KeyIO           MODE: 2nd degree decls took 0 
45556      INFO  Test worker     d.u.i.k.n.KeyIO           Parsing took 0 ms 
45556      DEBUG Test worker     d.u.i.k.n.KeyIO           Load declarations of de.uka.ilkd.key.nparser.KeyAst$File:  <unknown>:1#1 
45556      INFO  Test worker     d.u.i.k.n.KeyIO           MODE: declarations took 0 ms 
45572      DEBUG Test worker     d.u.i.k.n.KeyIO           MODE: 2nd degree decls took 0 
49106      INFO  Test worker     d.u.i.k.n.KeyIO           Parsing took 0 ms 
49106      DEBUG Test worker     d.u.i.k.n.KeyIO           Load declarations of de.uka.ilkd.key.nparser.KeyAst$File:  <unknown>:1#1 
49106      INFO  Test worker     d.u.i.k.n.KeyIO           MODE: declarations took 0 ms 
49106      DEBUG Test worker     d.u.i.k.n.KeyIO           MODE: 2nd degree decls took 0 
50184      INFO  Test worker     d.u.i.k.n.KeyIO           Parsing took 0 ms 
50184      DEBUG Test worker     d.u.i.k.n.KeyIO           Load declarations of de.uka.ilkd.key.nparser.KeyAst$File:  <unknown>:1#1 
50184      INFO  Test worker     d.u.i.k.n.KeyIO           MODE: declarations took 0 ms 
50184      DEBUG Test worker     d.u.i.k.n.KeyIO           MODE: 2nd degree decls took 0 
53686      INFO  Test worker     d.u.i.k.n.KeyIO           Parsing took 0 ms 
53686      DEBUG Test worker     d.u.i.k.n.KeyIO           Load declarations of de.uka.ilkd.key.nparser.KeyAst$File:  <unknown>:1#1 
53686      INFO  Test worker     d.u.i.k.n.KeyIO           MODE: declarations took 0 ms 
53686      DEBUG Test worker     d.u.i.k.n.KeyIO           MODE: 2nd degree decls took 0 
54718      INFO  Test worker     d.u.i.k.n.KeyIO           Parsing took 0 ms 
54718      DEBUG Test worker     d.u.i.k.n.KeyIO           Load declarations of de.uka.ilkd.key.nparser.KeyAst$File:  <unknown>:1#1 
54718      INFO  Test worker     d.u.i.k.n.KeyIO           MODE: declarations took 0 ms 
54718      DEBUG Test worker     d.u.i.k.n.KeyIO           MODE: 2nd degree decls took 0 
58126      INFO  Test worker     d.u.i.k.n.KeyIO           Parsing took 0 ms 
58126      DEBUG Test worker     d.u.i.k.n.KeyIO           Load declarations of de.uka.ilkd.key.nparser.KeyAst$File:  <unknown>:1#1 
58126      INFO  Test worker     d.u.i.k.n.KeyIO           MODE: declarations took 0 ms 
58126      DEBUG Test worker     d.u.i.k.n.KeyIO           MODE: 2nd degree decls took 0 
59189      INFO  Test worker     d.u.i.k.n.KeyIO           Parsing took 0 ms 
59189      DEBUG Test worker     d.u.i.k.n.KeyIO           Load declarations of de.uka.ilkd.key.nparser.KeyAst$File:  <unknown>:1#1 
59189      INFO  Test worker     d.u.i.k.n.KeyIO           MODE: declarations took 0 ms 
59189      DEBUG Test worker     d.u.i.k.n.KeyIO           MODE: 2nd degree decls took 0 
62488      INFO  Test worker     d.u.i.k.n.KeyIO           Parsing took 0 ms 
62488      DEBUG Test worker     d.u.i.k.n.KeyIO           Load declarations of de.uka.ilkd.key.nparser.KeyAst$File:  <unknown>:1#1 
62488      INFO  Test worker     d.u.i.k.n.KeyIO           MODE: declarations took 0 ms 
62488      DEBUG Test worker     d.u.i.k.n.KeyIO           MODE: 2nd degree decls took 0 
63535      INFO  Test worker     d.u.i.k.n.KeyIO           Parsing took 0 ms 
63535      DEBUG Test worker     d.u.i.k.n.KeyIO           Load declarations of de.uka.ilkd.key.nparser.KeyAst$File:  <unknown>:1#1 
63535      INFO  Test worker     d.u.i.k.n.KeyIO           MODE: declarations took 0 ms 
63535      DEBUG Test worker     d.u.i.k.n.KeyIO           MODE: 2nd degree decls took 0 
66802      INFO  Test worker     d.u.i.k.n.KeyIO           Parsing took 0 ms 
66802      DEBUG Test worker     d.u.i.k.n.KeyIO           Load declarations of de.uka.ilkd.key.nparser.KeyAst$File:  <unknown>:1#1 
66802      INFO  Test worker     d.u.i.k.n.KeyIO           MODE: declarations took 0 ms 
66802      DEBUG Test worker     d.u.i.k.n.KeyIO           MODE: 2nd degree decls took 0 
67850      INFO  Test worker     d.u.i.k.n.KeyIO           Parsing took 0 ms 
67850      DEBUG Test worker     d.u.i.k.n.KeyIO           Load declarations of de.uka.ilkd.key.nparser.KeyAst$File:  <unknown>:1#1 
67850      INFO  Test worker     d.u.i.k.n.KeyIO           MODE: declarations took 0 ms 
67850      DEBUG Test worker     d.u.i.k.n.KeyIO           MODE: 2nd degree decls took 0 
71056      INFO  Test worker     d.u.i.k.n.KeyIO           Parsing took 0 ms 
71056      DEBUG Test worker     d.u.i.k.n.KeyIO           Load declarations of de.uka.ilkd.key.nparser.KeyAst$File:  <unknown>:1#1 
71056      INFO  Test worker     d.u.i.k.n.KeyIO           MODE: declarations took 0 ms 
71056      DEBUG Test worker     d.u.i.k.n.KeyIO           MODE: 2nd degree decls took 0 
72056      INFO  Test worker     d.u.i.k.n.KeyIO           Parsing took 0 ms 
72056      DEBUG Test worker     d.u.i.k.n.KeyIO           Load declarations of de.uka.ilkd.key.nparser.KeyAst$File:  <unknown>:1#1 
72056      INFO  Test worker     d.u.i.k.n.KeyIO           MODE: declarations took 0 ms 
72056      DEBUG Test worker     d.u.i.k.n.KeyIO           MODE: 2nd degree decls took 0 
75323      INFO  Test worker     d.u.i.k.n.KeyIO           Parsing took 0 ms 
75323      DEBUG Test worker     d.u.i.k.n.KeyIO           Load declarations of de.uka.ilkd.key.nparser.KeyAst$File:  <unknown>:1#1 
75339      INFO  Test worker     d.u.i.k.n.KeyIO           MODE: declarations took 16 ms 
75339      DEBUG Test worker     d.u.i.k.n.KeyIO           MODE: 2nd degree decls took 0 
76402      INFO  Test worker     d.u.i.k.n.KeyIO           Parsing took 0 ms 
76402      DEBUG Test worker     d.u.i.k.n.KeyIO           Load declarations of de.uka.ilkd.key.nparser.KeyAst$File:  <unknown>:1#1 
76402      INFO  Test worker     d.u.i.k.n.KeyIO           MODE: declarations took 0 ms 
76402      DEBUG Test worker     d.u.i.k.n.KeyIO           MODE: 2nd degree decls took 0 
79719      INFO  Test worker     d.u.i.k.n.KeyIO           Parsing took 0 ms 
79719      DEBUG Test worker     d.u.i.k.n.KeyIO           Load declarations of de.uka.ilkd.key.nparser.KeyAst$File:  <unknown>:1#1 
79719      INFO  Test worker     d.u.i.k.n.KeyIO           MODE: declarations took 0 ms 
79719      DEBUG Test worker     d.u.i.k.n.KeyIO           MODE: 2nd degree decls took 0 
80781      INFO  Test worker     d.u.i.k.n.KeyIO           Parsing took 0 ms 
80781      DEBUG Test worker     d.u.i.k.n.KeyIO           Load declarations of de.uka.ilkd.key.nparser.KeyAst$File:  <unknown>:1#1 
80781      INFO  Test worker     d.u.i.k.n.KeyIO           MODE: declarations took 0 ms 
80781      DEBUG Test worker     d.u.i.k.n.KeyIO           MODE: 2nd degree decls took 0 
84392      INFO  Test worker     d.u.i.k.n.KeyIO           Parsing took 0 ms 
84392      DEBUG Test worker     d.u.i.k.n.KeyIO           Load declarations of de.uka.ilkd.key.nparser.KeyAst$File:  <unknown>:1#1 
84392      INFO  Test worker     d.u.i.k.n.KeyIO           MODE: declarations took 0 ms 
84392      DEBUG Test worker     d.u.i.k.n.KeyIO           MODE: 2nd degree decls took 0 
85862      INFO  Test worker     d.u.i.k.n.KeyIO           Parsing took 0 ms 
85862      DEBUG Test worker     d.u.i.k.n.KeyIO           Load declarations of de.uka.ilkd.key.nparser.KeyAst$File:  <unknown>:1#1 
85862      INFO  Test worker     d.u.i.k.n.KeyIO           MODE: declarations took 0 ms 
85862      DEBUG Test worker     d.u.i.k.n.KeyIO           MODE: 2nd degree decls took 0 
93037      INFO  Test worker     d.u.i.k.n.KeyIO           Parsing took 0 ms 
93037      DEBUG Test worker     d.u.i.k.n.KeyIO           Load declarations of de.uka.ilkd.key.nparser.KeyAst$File:  <unknown>:1#1 
93037      INFO  Test worker     d.u.i.k.n.KeyIO           MODE: declarations took 0 ms 
93037      DEBUG Test worker     d.u.i.k.n.KeyIO           MODE: 2nd degree decls took 0 
94069      INFO  Test worker     d.u.i.k.n.KeyIO           Parsing took 0 ms 
94069      DEBUG Test worker     d.u.i.k.n.KeyIO           Load declarations of de.uka.ilkd.key.nparser.KeyAst$File:  <unknown>:1#1 
94069      INFO  Test worker     d.u.i.k.n.KeyIO           MODE: declarations took 0 ms 
94069      DEBUG Test worker     d.u.i.k.n.KeyIO           MODE: 2nd degree decls took 0 
97387      INFO  Test worker     d.u.i.k.n.KeyIO           Parsing took 0 ms 
97387      DEBUG Test worker     d.u.i.k.n.KeyIO           Load declarations of de.uka.ilkd.key.nparser.KeyAst$File:  <unknown>:1#1 
97387      INFO  Test worker     d.u.i.k.n.KeyIO           MODE: declarations took 0 ms 
97387      DEBUG Test worker     d.u.i.k.n.KeyIO           MODE: 2nd degree decls took 0 
98449      INFO  Test worker     d.u.i.k.n.KeyIO           Parsing took 0 ms 
98465      DEBUG Test worker     d.u.i.k.n.KeyIO           Load declarations of de.uka.ilkd.key.nparser.KeyAst$File:  <unknown>:1#1 
98465      INFO  Test worker     d.u.i.k.n.KeyIO           MODE: declarations took 0 ms 
98465      DEBUG Test worker     d.u.i.k.n.KeyIO           MODE: 2nd degree decls took 0 
]]></system-out>
  <system-err><![CDATA[]]></system-err>
</testsuite>
