<?xml version="1.0" encoding="UTF-8"?>
<testsuite name="de.uka.ilkd.key.rule.TestSchemaModalOperators" tests="4" skipped="0" failures="0" errors="0" timestamp="2023-05-27T15:56:20" hostname="fv-az206-343" time="1.391">
  <properties/>
  <testcase name="testSchemaModalities1()" classname="de.uka.ilkd.key.rule.TestSchemaModalOperators" time="1.342"/>
  <testcase name="testSchemaModalities2()" classname="de.uka.ilkd.key.rule.TestSchemaModalOperators" time="0.024"/>
  <testcase name="testSchemaModalities3()" classname="de.uka.ilkd.key.rule.TestSchemaModalOperators" time="0.012"/>
  <testcase name="testSchemaModalities4()" classname="de.uka.ilkd.key.rule.TestSchemaModalOperators" time="0.013"/>
  <system-out><![CDATA[534785     INFO  Test worker     d.u.i.k.n.KeyIO           Parsing took 0 ms 
534785     DEBUG Test worker     d.u.i.k.n.KeyIO           Load declarations of de.uka.ilkd.key.nparser.KeyAst$File:  D:\a\key\key\key.core\src\test\resources\testcase\testrules.key:9#1 
534785     INFO  Test worker     d.u.i.k.n.KeyIO           MODE: declarations took 0 ms 
534785     DEBUG Test worker     d.u.i.k.n.KeyIO           MODE: 2nd degree decls took 0 
534956     DEBUG Test worker     d.u.i.k.n.KeyIO           MODE: taclets took 171ms 
]]></system-out>
  <system-err><![CDATA[]]></system-err>
</testsuite>
