<?xml version="1.0" encoding="UTF-8"?>
<testsuite name="de.uka.ilkd.key.util.TestProofStarter" tests="2" skipped="0" failures="0" errors="0" timestamp="2023-05-27T16:03:38" hostname="fv-az206-343" time="62.956">
  <properties/>
  <testcase name="testDirectProofWithOneStepSimplification()" classname="de.uka.ilkd.key.util.TestProofStarter" time="32.954"/>
  <testcase name="testDirectProof()" classname="de.uka.ilkd.key.util.TestProofStarter" time="30.002"/>
  <system-out><![CDATA[971562     INFO  Test worker     d.u.i.k.p.i.AbstractProblemLoader Loading environment from src\test\resources\testcase\proofStarter\CC\project.key 
971562     DEBUG Test worker     d.u.i.k.p.i.AbstractProblemLoader Environment load took 981.9ns 
971562     INFO  Test worker     d.u.i.k.p.i.AbstractProblemLoader Creating init config 
975033     DEBUG Test worker     d.u.i.k.p.i.AbstractProblemLoader Init config took 3.47s 
975095     INFO  Test worker     d.u.i.k.p.i.AbstractProblemLoader Replaying proof CC[CC::calcCoinIndex([I,[I)].JML normal_behavior operation contract.0 
975095     DEBUG Test worker     d.u.i.k.p.i.IntermediateProofReplayer Proof replay took 2.8ns 
1004489    INFO  Test worker     d.u.i.k.p.i.AbstractProblemLoader Loading environment from src\test\resources\testcase\proofStarter\CC\project.key 
1004489    DEBUG Test worker     d.u.i.k.p.i.AbstractProblemLoader Environment load took 229.2ns 
1004489    INFO  Test worker     d.u.i.k.p.i.AbstractProblemLoader Creating init config 
1007960    DEBUG Test worker     d.u.i.k.p.i.AbstractProblemLoader Init config took 3.47s 
1008022    INFO  Test worker     d.u.i.k.p.i.AbstractProblemLoader Replaying proof CC[CC::calcCoinIndex([I,[I)].JML normal_behavior operation contract.0 
1008022    DEBUG Test worker     d.u.i.k.p.i.IntermediateProofReplayer Proof replay took 2.9ns 
]]></system-out>
  <system-err><![CDATA[]]></system-err>
</testsuite>
