<?xml version="1.0" encoding="UTF-8"?>
<testsuite name="de.uka.ilkd.key.proof.io.TestZipProofSaving" tests="1" skipped="0" failures="0" errors="0" timestamp="2023-05-27T15:55:57" hostname="fv-az206-343" time="7.888">
  <properties/>
  <testcase name="testZip()" classname="de.uka.ilkd.key.proof.io.TestZipProofSaving" time="7.888"/>
  <system-out><![CDATA[510582     INFO  Test worker     d.u.i.k.p.i.AbstractProblemLoader Loading environment from C:\Users\RUNNER~1\AppData\Local\Temp\keyZipTest5218865275238033140.key 
510582     DEBUG Test worker     d.u.i.k.p.i.AbstractProblemLoader Environment load took 449.6ns 
510582     INFO  Test worker     d.u.i.k.p.i.AbstractProblemLoader Creating init config 
510707     DEBUG Test worker     d.u.i.k.j.TypeConverter   No LDT found for Meta 
510707     DEBUG Test worker     d.u.i.k.j.TypeConverter   No LDT found for Meta 
510707     DEBUG Test worker     d.u.i.k.j.TypeConverter   No LDT found for Meta 
510707     DEBUG Test worker     d.u.i.k.j.TypeConverter   No LDT found for Meta 
511223     DEBUG Test worker     d.u.i.k.j.TypeConverter   No LDT found for JavaBigintExpression 
514990     DEBUG Test worker     d.u.i.k.p.i.AbstractProblemLoader Init config took 4.41s 
515021     INFO  Test worker     d.u.i.k.p.i.AbstractProblemLoader Replaying proof keyZipTest5218865275238033140.key 
515021     DEBUG Test worker     d.u.i.k.p.i.IntermediateProofReplayer Proof replay took 8.9ns 
515146     INFO  Test worker     d.u.i.k.p.i.AbstractProblemLoader Loading environment from C:\Users\RUNNER~1\AppData\Local\Temp\keyZipTest16711332891673168308.proof.gz 
515146     DEBUG Test worker     d.u.i.k.p.i.AbstractProblemLoader Environment load took 488.9ns 
515146     INFO  Test worker     d.u.i.k.p.i.AbstractProblemLoader Creating init config 
518321     DEBUG Test worker     d.u.i.k.p.i.AbstractProblemLoader Init config took 3.17s 
518336     INFO  Test worker     d.u.i.k.p.i.AbstractProblemLoader Replaying proof keyZipTest16711332891673168308.proof.gz 
518352     DEBUG Test worker     d.u.i.k.p.i.IntermediateProofReplayer Proof replay took 4.38ms 
]]></system-out>
  <system-err><![CDATA[]]></system-err>
</testsuite>
