<?xml version="1.0" encoding="UTF-8"?>
<testsuite name="de.uka.ilkd.key.rule.merge.PredicateAbstractionLatticeTests" tests="3" skipped="0" failures="0" errors="0" timestamp="2023-05-27T15:58:03" hostname="fv-az206-343" time="6.722">
  <properties/>
  <testcase name="testToAndFromString()" classname="de.uka.ilkd.key.rule.merge.PredicateAbstractionLatticeTests" time="3.313"/>
  <testcase name="testCreateSignLatticeWithPredicates()" classname="de.uka.ilkd.key.rule.merge.PredicateAbstractionLatticeTests" time="3.409"/>
  <testcase name="testTrivialPredicatesLattice()" classname="de.uka.ilkd.key.rule.merge.PredicateAbstractionLatticeTests" time="0.0"/>
  <system-out><![CDATA[636580     INFO  Test worker     d.u.i.k.p.i.AbstractProblemLoader Loading environment from src\test\resources\testcase\merge\dummy.key 
636580     DEBUG Test worker     d.u.i.k.p.i.AbstractProblemLoader Environment load took 147.9ns 
636580     INFO  Test worker     d.u.i.k.p.i.AbstractProblemLoader Creating init config 
639879     DEBUG Test worker     d.u.i.k.p.i.AbstractProblemLoader Init config took 3.3s 
639895     INFO  Test worker     d.u.i.k.p.i.AbstractProblemLoader Replaying proof dummy.key 
639895     DEBUG Test worker     d.u.i.k.p.i.IntermediateProofReplayer Proof replay took 8ns 
639895     INFO  Test worker     d.u.i.k.p.i.AbstractProblemLoader Loading environment from src\test\resources\testcase\merge\dummy.key 
639895     DEBUG Test worker     d.u.i.k.p.i.AbstractProblemLoader Environment load took 407.4ns 
639895     INFO  Test worker     d.u.i.k.p.i.AbstractProblemLoader Creating init config 
643288     DEBUG Test worker     d.u.i.k.p.i.AbstractProblemLoader Init config took 3.39s 
643304     INFO  Test worker     d.u.i.k.p.i.AbstractProblemLoader Replaying proof dummy.key 
643304     DEBUG Test worker     d.u.i.k.p.i.IntermediateProofReplayer Proof replay took 8.7ns 
]]></system-out>
  <system-err><![CDATA[]]></system-err>
</testsuite>
