<?xml version="1.0" encoding="UTF-8"?>
<testsuite name="de.uka.ilkd.key.parser.TestDeclParser" tests="14" skipped="2" failures="0" errors="0" timestamp="2023-05-27T15:51:42" hostname="fv-az206-343" time="13.018">
  <properties/>
  <testcase name="testGenericSortDecl1()" classname="de.uka.ilkd.key.parser.TestDeclParser" time="1.092"/>
  <testcase name="testGenericSortDecl2()" classname="de.uka.ilkd.key.parser.TestDeclParser" time="1.171"/>
  <testcase name="testGenericSortDecl3()" classname="de.uka.ilkd.key.parser.TestDeclParser" time="1.033"/>
  <testcase name="testGenericSortDecl4()" classname="de.uka.ilkd.key.parser.TestDeclParser" time="1.148"/>
  <testcase name="testGenericSortDecl5()" classname="de.uka.ilkd.key.parser.TestDeclParser" time="0.0">
    <skipped/>
  </testcase>
  <testcase name="testGenericSortDecl6()" classname="de.uka.ilkd.key.parser.TestDeclParser" time="1.118"/>
  <testcase name="testSortDecl()" classname="de.uka.ilkd.key.parser.TestDeclParser" time="1.008"/>
  <testcase name="testProxySortDecl()" classname="de.uka.ilkd.key.parser.TestDeclParser" time="1.127"/>
  <testcase name="testArrayDecl()" classname="de.uka.ilkd.key.parser.TestDeclParser" time="0.991"/>
  <testcase name="testAmbiguousDecls()" classname="de.uka.ilkd.key.parser.TestDeclParser" time="0.0">
    <skipped/>
  </testcase>
  <testcase name="testHeurDecl()" classname="de.uka.ilkd.key.parser.TestDeclParser" time="1.084"/>
  <testcase name="testFunctionDecl()" classname="de.uka.ilkd.key.parser.TestDeclParser" time="1.017"/>
  <testcase name="testPredicateDecl()" classname="de.uka.ilkd.key.parser.TestDeclParser" time="1.12"/>
  <testcase name="testSVDecl()" classname="de.uka.ilkd.key.parser.TestDeclParser" time="1.107"/>
  <system-out><![CDATA[256514     INFO  Test worker     d.u.i.k.n.KeyIO           Parsing took 0 ms 
256514     DEBUG Test worker     d.u.i.k.n.KeyIO           Load declarations of de.uka.ilkd.key.nparser.KeyAst$File:  <unknown>:1#1 
256514     INFO  Test worker     d.u.i.k.n.KeyIO           MODE: declarations took 0 ms 
256514     DEBUG Test worker     d.u.i.k.n.KeyIO           MODE: 2nd degree decls took 0 
256514     DEBUG Test worker     d.u.i.k.n.KeyIO           MODE: taclets took 0ms 
257671     INFO  Test worker     d.u.i.k.n.KeyIO           Parsing took 0 ms 
257671     DEBUG Test worker     d.u.i.k.n.KeyIO           Load declarations of de.uka.ilkd.key.nparser.KeyAst$File:  <unknown>:1#1 
257687     INFO  Test worker     d.u.i.k.n.KeyIO           MODE: declarations took 16 ms 
257687     DEBUG Test worker     d.u.i.k.n.KeyIO           MODE: 2nd degree decls took 0 
257687     DEBUG Test worker     d.u.i.k.n.KeyIO           MODE: taclets took 0ms 
258720     INFO  Test worker     d.u.i.k.n.KeyIO           Parsing took 0 ms 
258720     DEBUG Test worker     d.u.i.k.n.KeyIO           Load declarations of de.uka.ilkd.key.nparser.KeyAst$File:  <unknown>:1#1 
258720     INFO  Test worker     d.u.i.k.n.KeyIO           MODE: declarations took 0 ms 
258720     DEBUG Test worker     d.u.i.k.n.KeyIO           MODE: 2nd degree decls took 0 
258720     DEBUG Test worker     d.u.i.k.n.KeyIO           MODE: taclets took 0ms 
259862     INFO  Test worker     d.u.i.k.n.KeyIO           Parsing took 0 ms 
259862     DEBUG Test worker     d.u.i.k.n.KeyIO           Load declarations of de.uka.ilkd.key.nparser.KeyAst$File:  <unknown>:1#1 
259862     INFO  Test worker     d.u.i.k.n.KeyIO           MODE: declarations took 0 ms 
259862     DEBUG Test worker     d.u.i.k.n.KeyIO           MODE: 2nd degree decls took 0 
259862     DEBUG Test worker     d.u.i.k.n.KeyIO           MODE: taclets took 0ms 
260987     INFO  Test worker     d.u.i.k.n.KeyIO           Parsing took 0 ms 
260987     DEBUG Test worker     d.u.i.k.n.KeyIO           Load declarations of de.uka.ilkd.key.nparser.KeyAst$File:  <unknown>:1#1 
260987     INFO  Test worker     d.u.i.k.n.KeyIO           MODE: declarations took 0 ms 
260987     DEBUG Test worker     d.u.i.k.n.KeyIO           MODE: 2nd degree decls took 0 
260987     DEBUG Test worker     d.u.i.k.n.KeyIO           MODE: taclets took 0ms 
261988     INFO  Test worker     d.u.i.k.n.KeyIO           Parsing took 0 ms 
261988     DEBUG Test worker     d.u.i.k.n.KeyIO           Load declarations of de.uka.ilkd.key.nparser.KeyAst$File:  <unknown>:1#1 
261988     INFO  Test worker     d.u.i.k.n.KeyIO           MODE: declarations took 0 ms 
261988     DEBUG Test worker     d.u.i.k.n.KeyIO           MODE: 2nd degree decls took 0 
261988     DEBUG Test worker     d.u.i.k.n.KeyIO           MODE: taclets took 0ms 
263113     INFO  Test worker     d.u.i.k.n.KeyIO           Parsing took 0 ms 
263113     DEBUG Test worker     d.u.i.k.n.KeyIO           Load declarations of de.uka.ilkd.key.nparser.KeyAst$File:  <unknown>:1#1 
263113     INFO  Test worker     d.u.i.k.n.KeyIO           MODE: declarations took 0 ms 
263113     DEBUG Test worker     d.u.i.k.n.KeyIO           MODE: 2nd degree decls took 0 
263113     DEBUG Test worker     d.u.i.k.n.KeyIO           MODE: taclets took 0ms 
264114     INFO  Test worker     d.u.i.k.n.KeyIO           Parsing took 0 ms 
264114     DEBUG Test worker     d.u.i.k.n.KeyIO           Load declarations of de.uka.ilkd.key.nparser.KeyAst$File:  <unknown>:1#1 
264114     INFO  Test worker     d.u.i.k.n.KeyIO           MODE: declarations took 0 ms 
264114     DEBUG Test worker     d.u.i.k.n.KeyIO           MODE: 2nd degree decls took 0 
264114     DEBUG Test worker     d.u.i.k.n.KeyIO           MODE: taclets took 0ms 
265208     INFO  Test worker     d.u.i.k.n.KeyIO           Parsing took 0 ms 
265208     DEBUG Test worker     d.u.i.k.n.KeyIO           Load declarations of de.uka.ilkd.key.nparser.KeyAst$File:  <unknown>:1#1 
265208     INFO  Test worker     d.u.i.k.n.KeyIO           MODE: declarations took 0 ms 
265208     DEBUG Test worker     d.u.i.k.n.KeyIO           MODE: 2nd degree decls took 0 
265208     DEBUG Test worker     d.u.i.k.n.KeyIO           MODE: taclets took 0ms 
266225     INFO  Test worker     d.u.i.k.n.KeyIO           Parsing took 0 ms 
266225     DEBUG Test worker     d.u.i.k.n.KeyIO           Load declarations of de.uka.ilkd.key.nparser.KeyAst$File:  <unknown>:1#1 
266225     INFO  Test worker     d.u.i.k.n.KeyIO           MODE: declarations took 0 ms 
266225     DEBUG Test worker     d.u.i.k.n.KeyIO           MODE: 2nd degree decls took 0 
266225     DEBUG Test worker     d.u.i.k.n.KeyIO           MODE: taclets took 0ms 
267335     INFO  Test worker     d.u.i.k.n.KeyIO           Parsing took 0 ms 
267335     DEBUG Test worker     d.u.i.k.n.KeyIO           Load declarations of de.uka.ilkd.key.nparser.KeyAst$File:  <unknown>:1#1 
267335     INFO  Test worker     d.u.i.k.n.KeyIO           MODE: declarations took 0 ms 
267335     DEBUG Test worker     d.u.i.k.n.KeyIO           MODE: 2nd degree decls took 0 
267335     DEBUG Test worker     d.u.i.k.n.KeyIO           MODE: taclets took 0ms 
268444     INFO  Test worker     d.u.i.k.n.KeyIO           Parsing took 0 ms 
268444     DEBUG Test worker     d.u.i.k.n.KeyIO           Load declarations of de.uka.ilkd.key.nparser.KeyAst$File:  <unknown>:1#1 
268444     INFO  Test worker     d.u.i.k.n.KeyIO           MODE: declarations took 0 ms 
268444     DEBUG Test worker     d.u.i.k.n.KeyIO           MODE: 2nd degree decls took 0 
268444     DEBUG Test worker     d.u.i.k.n.KeyIO           MODE: taclets took 0ms 
]]></system-out>
  <system-err><![CDATA[]]></system-err>
</testsuite>
