<?xml version="1.0" encoding="UTF-8"?>
<testsuite name="de.uka.ilkd.key.proof.TestOneStepSimplifier" tests="1" skipped="0" failures="0" errors="0" timestamp="2023-05-27T15:55:50" hostname="fv-az206-343" time="5.174">
  <properties/>
  <testcase name="loadWithRestriction()" classname="de.uka.ilkd.key.proof.TestOneStepSimplifier" time="5.174"/>
  <system-out><![CDATA[504077     INFO  Test worker     d.u.i.k.p.i.AbstractProblemLoader Loading environment from src\test\resources\testcase\ossRestriction.proof 
504077     DEBUG Test worker     d.u.i.k.p.i.AbstractProblemLoader Environment load took 171ns 
504093     INFO  Test worker     d.u.i.k.p.i.AbstractProblemLoader Creating init config 
504218     DEBUG Test worker     d.u.i.k.j.TypeConverter   No LDT found for Meta 
504218     DEBUG Test worker     d.u.i.k.j.TypeConverter   No LDT found for Meta 
504218     DEBUG Test worker     d.u.i.k.j.TypeConverter   No LDT found for Meta 
504218     DEBUG Test worker     d.u.i.k.j.TypeConverter   No LDT found for Meta 
504765     DEBUG Test worker     d.u.i.k.j.TypeConverter   No LDT found for JavaBigintExpression 
508502     DEBUG Test worker     d.u.i.k.p.i.AbstractProblemLoader Init config took 4.41s 
509143     INFO  Test worker     d.u.i.k.p.i.AbstractProblemLoader Replaying proof ossRestriction.proof 
509252     DEBUG Test worker     d.u.i.k.p.i.IntermediateProofReplayer Proof replay took 109.72ms 
]]></system-out>
  <system-err><![CDATA[]]></system-err>
</testsuite>
