<?xml version="1.0" encoding="UTF-8"?>
<testsuite name="de.uka.ilkd.key.parser.TestDeclParser" tests="14" skipped="2" failures="0" errors="0" timestamp="2023-03-26T12:47:17" hostname="fv-az336-24" time="10.642">
  <properties/>
  <testcase name="testGenericSortDecl1()" classname="de.uka.ilkd.key.parser.TestDeclParser" time="0.865"/>
  <testcase name="testGenericSortDecl2()" classname="de.uka.ilkd.key.parser.TestDeclParser" time="1.027"/>
  <testcase name="testGenericSortDecl3()" classname="de.uka.ilkd.key.parser.TestDeclParser" time="0.915"/>
  <testcase name="testGenericSortDecl4()" classname="de.uka.ilkd.key.parser.TestDeclParser" time="0.836"/>
  <testcase name="testGenericSortDecl5()" classname="de.uka.ilkd.key.parser.TestDeclParser" time="0.001">
    <skipped/>
  </testcase>
  <testcase name="testGenericSortDecl6()" classname="de.uka.ilkd.key.parser.TestDeclParser" time="0.923"/>
  <testcase name="testSortDecl()" classname="de.uka.ilkd.key.parser.TestDeclParser" time="0.836"/>
  <testcase name="testProxySortDecl()" classname="de.uka.ilkd.key.parser.TestDeclParser" time="0.927"/>
  <testcase name="testArrayDecl()" classname="de.uka.ilkd.key.parser.TestDeclParser" time="0.84"/>
  <testcase name="testAmbiguousDecls()" classname="de.uka.ilkd.key.parser.TestDeclParser" time="0.0">
    <skipped/>
  </testcase>
  <testcase name="testHeurDecl()" classname="de.uka.ilkd.key.parser.TestDeclParser" time="0.932"/>
  <testcase name="testFunctionDecl()" classname="de.uka.ilkd.key.parser.TestDeclParser" time="0.856"/>
  <testcase name="testPredicateDecl()" classname="de.uka.ilkd.key.parser.TestDeclParser" time="0.908"/>
  <testcase name="testSVDecl()" classname="de.uka.ilkd.key.parser.TestDeclParser" time="0.775"/>
  <system-out><![CDATA[186608     INFO  Test worker     d.u.i.k.n.KeyIO           Parsing took 0 ms 
186609     INFO  Test worker     d.u.i.k.n.KeyIO           MODE: declarations took 1 ms 
187634     INFO  Test worker     d.u.i.k.n.KeyIO           Parsing took 0 ms 
187635     INFO  Test worker     d.u.i.k.n.KeyIO           MODE: declarations took 0 ms 
188550     INFO  Test worker     d.u.i.k.n.KeyIO           Parsing took 0 ms 
188550     INFO  Test worker     d.u.i.k.n.KeyIO           MODE: declarations took 0 ms 
189386     INFO  Test worker     d.u.i.k.n.KeyIO           Parsing took 0 ms 
189387     INFO  Test worker     d.u.i.k.n.KeyIO           MODE: declarations took 0 ms 
190311     INFO  Test worker     d.u.i.k.n.KeyIO           Parsing took 0 ms 
190311     INFO  Test worker     d.u.i.k.n.KeyIO           MODE: declarations took 0 ms 
191146     INFO  Test worker     d.u.i.k.n.KeyIO           Parsing took 0 ms 
191147     INFO  Test worker     d.u.i.k.n.KeyIO           MODE: declarations took 1 ms 
192073     INFO  Test worker     d.u.i.k.n.KeyIO           Parsing took 0 ms 
192074     INFO  Test worker     d.u.i.k.n.KeyIO           MODE: declarations took 1 ms 
192913     INFO  Test worker     d.u.i.k.n.KeyIO           Parsing took 0 ms 
192913     INFO  Test worker     d.u.i.k.n.KeyIO           MODE: declarations took 0 ms 
193847     INFO  Test worker     d.u.i.k.n.KeyIO           Parsing took 0 ms 
193847     INFO  Test worker     d.u.i.k.n.KeyIO           MODE: declarations took 0 ms 
194702     INFO  Test worker     d.u.i.k.n.KeyIO           Parsing took 0 ms 
194702     INFO  Test worker     d.u.i.k.n.KeyIO           MODE: declarations took 0 ms 
195610     INFO  Test worker     d.u.i.k.n.KeyIO           Parsing took 0 ms 
195611     INFO  Test worker     d.u.i.k.n.KeyIO           MODE: declarations took 0 ms 
196386     INFO  Test worker     d.u.i.k.n.KeyIO           Parsing took 1 ms 
196386     INFO  Test worker     d.u.i.k.n.KeyIO           MODE: declarations took 0 ms 
]]></system-out>
  <system-err><![CDATA[]]></system-err>
</testsuite>
