<?xml version="1.0" encoding="UTF-8"?>
<testsuite name="de.uka.ilkd.key.nparser.ParseLDTsTests" tests="2" skipped="0" failures="0" errors="0" timestamp="2023-03-26T12:47:08" hostname="fv-az336-24" time="0.826">
  <properties/>
  <testcase name="testLDT()" classname="de.uka.ilkd.key.nparser.ParseLDTsTests" time="0.017"/>
  <testcase name="testSR()" classname="de.uka.ilkd.key.nparser.ParseLDTsTests" time="0.809"/>
  <system-out><![CDATA[176317     INFO  Test worker     d.u.i.k.n.KeyIO           Parsing took 9 ms 
176319     INFO  Test worker     d.u.i.k.n.KeyIO           MODE: declarations took 1 ms 
176641     INFO  Test worker     d.u.i.k.n.KeyIO           Parsing took 314 ms 
176644     INFO  Test worker     d.u.i.k.n.KeyIO           MODE: declarations took 3 ms 
]]></system-out>
  <system-err><![CDATA[]]></system-err>
</testsuite>
