<?xml version="1.0" encoding="UTF-8"?>
<testsuite name="de.uka.ilkd.key.proof.TestTermTacletAppIndex" tests="2" skipped="0" failures="0" errors="0" timestamp="2023-03-26T12:50:32" hostname="fv-az336-24" time="0.003">
  <properties/>
  <testcase name="testIndex0()" classname="de.uka.ilkd.key.proof.TestTermTacletAppIndex" time="0.001"/>
  <testcase name="testIndex0WithCache()" classname="de.uka.ilkd.key.proof.TestTermTacletAppIndex" time="0.001"/>
  <system-out><![CDATA[]]></system-out>
  <system-err><![CDATA[]]></system-err>
</testsuite>
