<?xml version="1.0" encoding="UTF-8"?>
<testsuite name="de.uka.ilkd.key.logic.TestClashFreeSubst" tests="14" skipped="2" failures="0" errors="0" timestamp="2023-03-26T12:44:43" hostname="fv-az336-24" time="43.662">
  <properties/>
  <testcase name="testMultiShareBound()" classname="de.uka.ilkd.key.logic.TestClashFreeSubst" time="0.879"/>
  <testcase name="testClash()" classname="de.uka.ilkd.key.logic.TestClashFreeSubst" time="0.804"/>
  <testcase name="testShare()" classname="de.uka.ilkd.key.logic.TestClashFreeSubst" time="0.819"/>
  <testcase name="testSubst()" classname="de.uka.ilkd.key.logic.TestClashFreeSubst" time="0.833"/>
  <testcase name="testWary0()" classname="de.uka.ilkd.key.logic.TestClashFreeSubst" time="0.803"/>
  <testcase name="testWary1()" classname="de.uka.ilkd.key.logic.TestClashFreeSubst" time="0.818"/>
  <testcase name="testWary2()" classname="de.uka.ilkd.key.logic.TestClashFreeSubst" time="0.833"/>
  <testcase name="testClashInSubstTerm()" classname="de.uka.ilkd.key.logic.TestClashFreeSubst" time="0.82"/>
  <testcase name="testShareWary()" classname="de.uka.ilkd.key.logic.TestClashFreeSubst" time="0.831"/>
  <testcase name="testMultiSubst()" classname="de.uka.ilkd.key.logic.TestClashFreeSubst" time="0.77"/>
  <testcase name="xtestMultiClash()" classname="de.uka.ilkd.key.logic.TestClashFreeSubst" time="0.0">
    <skipped/>
  </testcase>
  <testcase name="testSubstInSubstTerm()" classname="de.uka.ilkd.key.logic.TestClashFreeSubst" time="0.788"/>
  <testcase name="testSubstWary()" classname="de.uka.ilkd.key.logic.TestClashFreeSubst" time="0.763"/>
  <testcase name="xtestMultiClash1()" classname="de.uka.ilkd.key.logic.TestClashFreeSubst" time="0.001">
    <skipped/>
  </testcase>
  <system-out><![CDATA[31769      INFO  Test worker     d.u.i.k.n.KeyIO           Parsing took 0 ms 
31771      INFO  Test worker     d.u.i.k.n.KeyIO           MODE: declarations took 1 ms 
32643      INFO  Test worker     d.u.i.k.n.KeyIO           Parsing took 0 ms 
32644      INFO  Test worker     d.u.i.k.n.KeyIO           MODE: declarations took 0 ms 
35308      INFO  Test worker     d.u.i.k.n.KeyIO           Parsing took 0 ms 
35308      INFO  Test worker     d.u.i.k.n.KeyIO           MODE: declarations took 0 ms 
36108      INFO  Test worker     d.u.i.k.n.KeyIO           Parsing took 0 ms 
36108      INFO  Test worker     d.u.i.k.n.KeyIO           MODE: declarations took 0 ms 
38774      INFO  Test worker     d.u.i.k.n.KeyIO           Parsing took 0 ms 
38775      INFO  Test worker     d.u.i.k.n.KeyIO           MODE: declarations took 0 ms 
39591      INFO  Test worker     d.u.i.k.n.KeyIO           Parsing took 0 ms 
39592      INFO  Test worker     d.u.i.k.n.KeyIO           MODE: declarations took 0 ms 
42226      INFO  Test worker     d.u.i.k.n.KeyIO           Parsing took 0 ms 
42227      INFO  Test worker     d.u.i.k.n.KeyIO           MODE: declarations took 1 ms 
43056      INFO  Test worker     d.u.i.k.n.KeyIO           Parsing took 0 ms 
43056      INFO  Test worker     d.u.i.k.n.KeyIO           MODE: declarations took 0 ms 
45719      INFO  Test worker     d.u.i.k.n.KeyIO           Parsing took 0 ms 
45719      INFO  Test worker     d.u.i.k.n.KeyIO           MODE: declarations took 0 ms 
46517      INFO  Test worker     d.u.i.k.n.KeyIO           Parsing took 0 ms 
46518      INFO  Test worker     d.u.i.k.n.KeyIO           MODE: declarations took 0 ms 
49141      INFO  Test worker     d.u.i.k.n.KeyIO           Parsing took 0 ms 
49142      INFO  Test worker     d.u.i.k.n.KeyIO           MODE: declarations took 0 ms 
49957      INFO  Test worker     d.u.i.k.n.KeyIO           Parsing took 0 ms 
49957      INFO  Test worker     d.u.i.k.n.KeyIO           MODE: declarations took 0 ms 
52629      INFO  Test worker     d.u.i.k.n.KeyIO           Parsing took 0 ms 
52629      INFO  Test worker     d.u.i.k.n.KeyIO           MODE: declarations took 0 ms 
53459      INFO  Test worker     d.u.i.k.n.KeyIO           Parsing took 0 ms 
53459      INFO  Test worker     d.u.i.k.n.KeyIO           MODE: declarations took 0 ms 
56150      INFO  Test worker     d.u.i.k.n.KeyIO           Parsing took 0 ms 
56151      INFO  Test worker     d.u.i.k.n.KeyIO           MODE: declarations took 0 ms 
56968      INFO  Test worker     d.u.i.k.n.KeyIO           Parsing took 0 ms 
56969      INFO  Test worker     d.u.i.k.n.KeyIO           MODE: declarations took 0 ms 
59552      INFO  Test worker     d.u.i.k.n.KeyIO           Parsing took 0 ms 
59552      INFO  Test worker     d.u.i.k.n.KeyIO           MODE: declarations took 0 ms 
60381      INFO  Test worker     d.u.i.k.n.KeyIO           Parsing took 0 ms 
60381      INFO  Test worker     d.u.i.k.n.KeyIO           MODE: declarations took 0 ms 
63034      INFO  Test worker     d.u.i.k.n.KeyIO           Parsing took 0 ms 
63034      INFO  Test worker     d.u.i.k.n.KeyIO           MODE: declarations took 0 ms 
63802      INFO  Test worker     d.u.i.k.n.KeyIO           Parsing took 1 ms 
63802      INFO  Test worker     d.u.i.k.n.KeyIO           MODE: declarations took 0 ms 
68854      INFO  Test worker     d.u.i.k.n.KeyIO           Parsing took 0 ms 
68854      INFO  Test worker     d.u.i.k.n.KeyIO           MODE: declarations took 0 ms 
69640      INFO  Test worker     d.u.i.k.n.KeyIO           Parsing took 0 ms 
69640      INFO  Test worker     d.u.i.k.n.KeyIO           MODE: declarations took 0 ms 
72137      INFO  Test worker     d.u.i.k.n.KeyIO           Parsing took 0 ms 
72138      INFO  Test worker     d.u.i.k.n.KeyIO           MODE: declarations took 0 ms 
72897      INFO  Test worker     d.u.i.k.n.KeyIO           Parsing took 0 ms 
72898      INFO  Test worker     d.u.i.k.n.KeyIO           MODE: declarations took 1 ms 
]]></system-out>
  <system-err><![CDATA[]]></system-err>
</testsuite>
