<?xml version="1.0" encoding="UTF-8"?>
<testsuite name="de.uka.ilkd.key.rule.match.vm.VMTacletMatcherTest" tests="6" skipped="0" failures="0" errors="0" timestamp="2023-03-26T12:51:01" hostname="fv-az336-24" time="0.007">
  <properties/>
  <testcase name="testMatchPropositionalFormula()" classname="de.uka.ilkd.key.rule.match.vm.VMTacletMatcherTest" time="0.001"/>
  <testcase name="testMatchVarBindingTermHiding()" classname="de.uka.ilkd.key.rule.match.vm.VMTacletMatcherTest" time="0.0"/>
  <testcase name="testMatchVarBindingTermNested()" classname="de.uka.ilkd.key.rule.match.vm.VMTacletMatcherTest" time="0.0"/>
  <testcase name="matchVarBindingTermSingle()" classname="de.uka.ilkd.key.rule.match.vm.VMTacletMatcherTest" time="0.0"/>
  <testcase name="testMatchVarBindingTermMoreHiding()" classname="de.uka.ilkd.key.rule.match.vm.VMTacletMatcherTest" time="0.0"/>
  <testcase name="testMatchFunctionTerm()" classname="de.uka.ilkd.key.rule.match.vm.VMTacletMatcherTest" time="0.001"/>
  <system-out><![CDATA[]]></system-out>
  <system-err><![CDATA[]]></system-err>
</testsuite>
