<?xml version="1.0" encoding="UTF-8"?>
<testsuite name="de.uka.ilkd.key.taclettranslation.TestTacletTranslator" tests="5" skipped="0" failures="0" errors="0" timestamp="2023-03-26T12:56:15" hostname="fv-az336-24" time="0.007">
  <properties/>
  <testcase name="testPropositional1()" classname="de.uka.ilkd.key.taclettranslation.TestTacletTranslator" time="0.003"/>
  <testcase name="testPropositional2()" classname="de.uka.ilkd.key.taclettranslation.TestTacletTranslator" time="0.001"/>
  <testcase name="testNegativePolarity()" classname="de.uka.ilkd.key.taclettranslation.TestTacletTranslator" time="0.001"/>
  <testcase name="testNoPolarity()" classname="de.uka.ilkd.key.taclettranslation.TestTacletTranslator" time="0.001"/>
  <testcase name="testPositivePolarity()" classname="de.uka.ilkd.key.taclettranslation.TestTacletTranslator" time="0.0"/>
  <system-out><![CDATA[723298     INFO  Test worker     d.u.i.k.n.KeyIO           Parsing took 0 ms 
723298     INFO  Test worker     d.u.i.k.n.KeyIO           MODE: declarations took 0 ms 
723301     INFO  Test worker     d.u.i.k.n.KeyIO           Parsing took 0 ms 
723301     INFO  Test worker     d.u.i.k.n.KeyIO           MODE: declarations took 0 ms 
723302     INFO  Test worker     d.u.i.k.n.KeyIO           Parsing took 0 ms 
723302     INFO  Test worker     d.u.i.k.n.KeyIO           MODE: declarations took 0 ms 
723303     INFO  Test worker     d.u.i.k.n.KeyIO           Parsing took 0 ms 
723303     INFO  Test worker     d.u.i.k.n.KeyIO           MODE: declarations took 0 ms 
723304     INFO  Test worker     d.u.i.k.n.KeyIO           Parsing took 0 ms 
723304     INFO  Test worker     d.u.i.k.n.KeyIO           MODE: declarations took 0 ms 
]]></system-out>
  <system-err><![CDATA[]]></system-err>
</testsuite>
