<?xml version="1.0" encoding="UTF-8"?>
<testsuite name="de.uka.ilkd.key.parser.TestTermParserHeap" tests="39" skipped="0" failures="0" errors="0" timestamp="2023-03-26T12:48:44" hostname="fv-az336-24" time="98.517">
  <properties/>
  <testcase name="testBracketHeapUpdate()" classname="de.uka.ilkd.key.parser.TestTermParserHeap" time="0.019"/>
  <testcase name="testStore()" classname="de.uka.ilkd.key.parser.TestTermParserHeap" time="0.008"/>
  <testcase name="testUnknownConstant()" classname="de.uka.ilkd.key.parser.TestTermParserHeap" time="0.004"/>
  <testcase name="testAllFieldsSelector()" classname="de.uka.ilkd.key.parser.TestTermParserHeap" time="0.002"/>
  <testcase name="testParsePrettyPrintedSelect()" classname="de.uka.ilkd.key.parser.TestTermParserHeap" time="0.001"/>
  <testcase name="testAccessStaticMembers()" classname="de.uka.ilkd.key.parser.TestTermParserHeap" time="0.003"/>
  <testcase name="testAtOperator_1()" classname="de.uka.ilkd.key.parser.TestTermParserHeap" time="0.001"/>
  <testcase name="testAtOperator_2()" classname="de.uka.ilkd.key.parser.TestTermParserHeap" time="0.003"/>
  <testcase name="testAtOperator_3()" classname="de.uka.ilkd.key.parser.TestTermParserHeap" time="0.001"/>
  <testcase name="testAtOperator_4()" classname="de.uka.ilkd.key.parser.TestTermParserHeap" time="0.005"/>
  <testcase name="testAtOperator_5()" classname="de.uka.ilkd.key.parser.TestTermParserHeap" time="0.002"/>
  <testcase name="testAtOperator_6()" classname="de.uka.ilkd.key.parser.TestTermParserHeap" time="0.002"/>
  <testcase name="testAtOperator_7()" classname="de.uka.ilkd.key.parser.TestTermParserHeap" time="0.002"/>
  <testcase name="testAtOperator_8()" classname="de.uka.ilkd.key.parser.TestTermParserHeap" time="0.002"/>
  <testcase name="testVerifyExceptionIfAtOperatorNotPreceededBySelectTerm()" classname="de.uka.ilkd.key.parser.TestTermParserHeap" time="0.001"/>
  <testcase name="testBugResettingCounter()" classname="de.uka.ilkd.key.parser.TestTermParserHeap" time="0.002"/>
  <testcase name="testLocationSets()" classname="de.uka.ilkd.key.parser.TestTermParserHeap" time="0.001"/>
  <testcase name="testQuantifiedSelect()" classname="de.uka.ilkd.key.parser.TestTermParserHeap" time="0.002"/>
  <testcase name="testGenericObjectProperties()" classname="de.uka.ilkd.key.parser.TestTermParserHeap" time="0.001"/>
  <testcase name="testQueryInheritance_1()" classname="de.uka.ilkd.key.parser.TestTermParserHeap" time="0.002"/>
  <testcase name="testQueryInheritance_2()" classname="de.uka.ilkd.key.parser.TestTermParserHeap" time="0.001"/>
  <testcase name="testQueryInheritance_3()" classname="de.uka.ilkd.key.parser.TestTermParserHeap" time="0.002"/>
  <testcase name="testQueryInheritance_4()" classname="de.uka.ilkd.key.parser.TestTermParserHeap" time="0.008"/>
  <testcase name="testQueryInheritance_5()" classname="de.uka.ilkd.key.parser.TestTermParserHeap" time="0.001"/>
  <testcase name="testQueryInheritance_6()" classname="de.uka.ilkd.key.parser.TestTermParserHeap" time="0.001"/>
  <testcase name="testQueryInheritance_7()" classname="de.uka.ilkd.key.parser.TestTermParserHeap" time="0.001"/>
  <testcase name="testQueryInheritance_8()" classname="de.uka.ilkd.key.parser.TestTermParserHeap" time="0.001"/>
  <testcase name="testQueryInheritance_9()" classname="de.uka.ilkd.key.parser.TestTermParserHeap" time="0.001"/>
  <testcase name="testQueryBasic_10()" classname="de.uka.ilkd.key.parser.TestTermParserHeap" time="0.001"/>
  <testcase name="testQueryBasic_11()" classname="de.uka.ilkd.key.parser.TestTermParserHeap" time="0.002"/>
  <testcase name="testQueryBasic_1()" classname="de.uka.ilkd.key.parser.TestTermParserHeap" time="0.001"/>
  <testcase name="testQueryBasic_2()" classname="de.uka.ilkd.key.parser.TestTermParserHeap" time="0.001"/>
  <testcase name="testQueryBasic_3()" classname="de.uka.ilkd.key.parser.TestTermParserHeap" time="0.001"/>
  <testcase name="testQueryBasic_4()" classname="de.uka.ilkd.key.parser.TestTermParserHeap" time="0.002"/>
  <testcase name="testQueryBasic_5()" classname="de.uka.ilkd.key.parser.TestTermParserHeap" time="0.001"/>
  <testcase name="testQueryBasic_6()" classname="de.uka.ilkd.key.parser.TestTermParserHeap" time="0.002"/>
  <testcase name="testQueryBasic_7()" classname="de.uka.ilkd.key.parser.TestTermParserHeap" time="0.001"/>
  <testcase name="testQueryBasic_8()" classname="de.uka.ilkd.key.parser.TestTermParserHeap" time="0.002"/>
  <testcase name="testQueryBasic_9()" classname="de.uka.ilkd.key.parser.TestTermParserHeap" time="0.001"/>
  <system-out><![CDATA[272206     INFO  Test worker     d.u.i.k.n.KeyIO           Parsing took 0 ms 
272206     INFO  Test worker     d.u.i.k.n.KeyIO           MODE: declarations took 0 ms 
272206     INFO  Test worker     d.u.i.k.n.KeyIO           Parsing took 0 ms 
272206     INFO  Test worker     d.u.i.k.n.KeyIO           MODE: declarations took 0 ms 
272206     INFO  Test worker     d.u.i.k.n.KeyIO           Parsing took 0 ms 
272206     INFO  Test worker     d.u.i.k.n.KeyIO           MODE: declarations took 0 ms 
272206     INFO  Test worker     d.u.i.k.n.KeyIO           Parsing took 0 ms 
272206     INFO  Test worker     d.u.i.k.n.KeyIO           MODE: declarations took 0 ms 
272206     INFO  Test worker     d.u.i.k.n.KeyIO           Parsing took 0 ms 
272206     INFO  Test worker     d.u.i.k.n.KeyIO           MODE: declarations took 0 ms 
274833     INFO  Test worker     d.u.i.k.n.KeyIO           Parsing took 0 ms 
274834     INFO  Test worker     d.u.i.k.n.KeyIO           MODE: declarations took 0 ms 
274834     INFO  Test worker     d.u.i.k.n.KeyIO           Parsing took 0 ms 
274834     INFO  Test worker     d.u.i.k.n.KeyIO           MODE: declarations took 0 ms 
274834     INFO  Test worker     d.u.i.k.n.KeyIO           Parsing took 0 ms 
274834     INFO  Test worker     d.u.i.k.n.KeyIO           MODE: declarations took 0 ms 
274834     INFO  Test worker     d.u.i.k.n.KeyIO           Parsing took 0 ms 
274834     INFO  Test worker     d.u.i.k.n.KeyIO           MODE: declarations took 0 ms 
274834     INFO  Test worker     d.u.i.k.n.KeyIO           Parsing took 0 ms 
274834     INFO  Test worker     d.u.i.k.n.KeyIO           MODE: declarations took 0 ms 
277410     INFO  Test worker     d.u.i.k.n.KeyIO           Parsing took 0 ms 
277411     INFO  Test worker     d.u.i.k.n.KeyIO           MODE: declarations took 1 ms 
277411     INFO  Test worker     d.u.i.k.n.KeyIO           Parsing took 0 ms 
277411     INFO  Test worker     d.u.i.k.n.KeyIO           MODE: declarations took 0 ms 
277412     INFO  Test worker     d.u.i.k.n.KeyIO           Parsing took 0 ms 
277412     INFO  Test worker     d.u.i.k.n.KeyIO           MODE: declarations took 0 ms 
277412     INFO  Test worker     d.u.i.k.n.KeyIO           Parsing took 0 ms 
277412     INFO  Test worker     d.u.i.k.n.KeyIO           MODE: declarations took 0 ms 
277413     INFO  Test worker     d.u.i.k.n.KeyIO           Parsing took 0 ms 
277413     INFO  Test worker     d.u.i.k.n.KeyIO           MODE: declarations took 0 ms 
277413     INFO  Test worker     d.u.i.k.n.KeyIO           Parsing took 0 ms 
277413     INFO  Test worker     d.u.i.k.n.KeyIO           MODE: declarations took 0 ms 
279951     INFO  Test worker     d.u.i.k.n.KeyIO           Parsing took 0 ms 
279952     INFO  Test worker     d.u.i.k.n.KeyIO           MODE: declarations took 0 ms 
279952     INFO  Test worker     d.u.i.k.n.KeyIO           Parsing took 0 ms 
279952     INFO  Test worker     d.u.i.k.n.KeyIO           MODE: declarations took 0 ms 
279952     INFO  Test worker     d.u.i.k.n.KeyIO           Parsing took 0 ms 
279952     INFO  Test worker     d.u.i.k.n.KeyIO           MODE: declarations took 0 ms 
279952     INFO  Test worker     d.u.i.k.n.KeyIO           Parsing took 0 ms 
279952     INFO  Test worker     d.u.i.k.n.KeyIO           MODE: declarations took 0 ms 
279952     INFO  Test worker     d.u.i.k.n.KeyIO           Parsing took 0 ms 
279952     INFO  Test worker     d.u.i.k.n.KeyIO           MODE: declarations took 0 ms 
282514     INFO  Test worker     d.u.i.k.n.KeyIO           Parsing took 0 ms 
282514     INFO  Test worker     d.u.i.k.n.KeyIO           MODE: declarations took 0 ms 
282514     INFO  Test worker     d.u.i.k.n.KeyIO           Parsing took 0 ms 
282514     INFO  Test worker     d.u.i.k.n.KeyIO           MODE: declarations took 0 ms 
282514     INFO  Test worker     d.u.i.k.n.KeyIO           Parsing took 0 ms 
282514     INFO  Test worker     d.u.i.k.n.KeyIO           MODE: declarations took 0 ms 
282514     INFO  Test worker     d.u.i.k.n.KeyIO           Parsing took 0 ms 
282514     INFO  Test worker     d.u.i.k.n.KeyIO           MODE: declarations took 0 ms 
282514     INFO  Test worker     d.u.i.k.n.KeyIO           Parsing took 0 ms 
282514     INFO  Test worker     d.u.i.k.n.KeyIO           MODE: declarations took 0 ms 
285125     INFO  Test worker     d.u.i.k.n.KeyIO           Parsing took 0 ms 
285126     INFO  Test worker     d.u.i.k.n.KeyIO           MODE: declarations took 1 ms 
285126     INFO  Test worker     d.u.i.k.n.KeyIO           Parsing took 0 ms 
285126     INFO  Test worker     d.u.i.k.n.KeyIO           MODE: declarations took 0 ms 
285126     INFO  Test worker     d.u.i.k.n.KeyIO           Parsing took 0 ms 
285126     INFO  Test worker     d.u.i.k.n.KeyIO           MODE: declarations took 0 ms 
285126     INFO  Test worker     d.u.i.k.n.KeyIO           Parsing took 0 ms 
285126     INFO  Test worker     d.u.i.k.n.KeyIO           MODE: declarations took 0 ms 
285126     INFO  Test worker     d.u.i.k.n.KeyIO           Parsing took 0 ms 
285126     INFO  Test worker     d.u.i.k.n.KeyIO           MODE: declarations took 0 ms 
287708     INFO  Test worker     d.u.i.k.n.KeyIO           Parsing took 0 ms 
287709     INFO  Test worker     d.u.i.k.n.KeyIO           MODE: declarations took 1 ms 
287709     INFO  Test worker     d.u.i.k.n.KeyIO           Parsing took 0 ms 
287709     INFO  Test worker     d.u.i.k.n.KeyIO           MODE: declarations took 0 ms 
287709     INFO  Test worker     d.u.i.k.n.KeyIO           Parsing took 0 ms 
287709     INFO  Test worker     d.u.i.k.n.KeyIO           MODE: declarations took 0 ms 
287709     INFO  Test worker     d.u.i.k.n.KeyIO           Parsing took 0 ms 
287709     INFO  Test worker     d.u.i.k.n.KeyIO           MODE: declarations took 0 ms 
287709     INFO  Test worker     d.u.i.k.n.KeyIO           Parsing took 0 ms 
287709     INFO  Test worker     d.u.i.k.n.KeyIO           MODE: declarations took 0 ms 
290271     INFO  Test worker     d.u.i.k.n.KeyIO           Parsing took 0 ms 
290271     INFO  Test worker     d.u.i.k.n.KeyIO           MODE: declarations took 0 ms 
290271     INFO  Test worker     d.u.i.k.n.KeyIO           Parsing took 0 ms 
290271     INFO  Test worker     d.u.i.k.n.KeyIO           MODE: declarations took 0 ms 
290271     INFO  Test worker     d.u.i.k.n.KeyIO           Parsing took 0 ms 
290272     INFO  Test worker     d.u.i.k.n.KeyIO           MODE: declarations took 0 ms 
290273     INFO  Test worker     d.u.i.k.n.KeyIO           Parsing took 0 ms 
290273     INFO  Test worker     d.u.i.k.n.KeyIO           MODE: declarations took 0 ms 
290273     INFO  Test worker     d.u.i.k.n.KeyIO           Parsing took 0 ms 
290273     INFO  Test worker     d.u.i.k.n.KeyIO           MODE: declarations took 0 ms 
292738     INFO  Test worker     d.u.i.k.n.KeyIO           Parsing took 0 ms 
292738     INFO  Test worker     d.u.i.k.n.KeyIO           MODE: declarations took 0 ms 
292738     INFO  Test worker     d.u.i.k.n.KeyIO           Parsing took 0 ms 
292738     INFO  Test worker     d.u.i.k.n.KeyIO           MODE: declarations took 0 ms 
292739     INFO  Test worker     d.u.i.k.n.KeyIO           Parsing took 1 ms 
292739     INFO  Test worker     d.u.i.k.n.KeyIO           MODE: declarations took 0 ms 
292739     INFO  Test worker     d.u.i.k.n.KeyIO           Parsing took 0 ms 
292739     INFO  Test worker     d.u.i.k.n.KeyIO           MODE: declarations took 0 ms 
292739     INFO  Test worker     d.u.i.k.n.KeyIO           Parsing took 0 ms 
292739     INFO  Test worker     d.u.i.k.n.KeyIO           MODE: declarations took 0 ms 
295299     INFO  Test worker     d.u.i.k.n.KeyIO           Parsing took 0 ms 
295300     INFO  Test worker     d.u.i.k.n.KeyIO           MODE: declarations took 1 ms 
295300     INFO  Test worker     d.u.i.k.n.KeyIO           Parsing took 0 ms 
295300     INFO  Test worker     d.u.i.k.n.KeyIO           MODE: declarations took 0 ms 
295300     INFO  Test worker     d.u.i.k.n.KeyIO           Parsing took 0 ms 
295300     INFO  Test worker     d.u.i.k.n.KeyIO           MODE: declarations took 0 ms 
295300     INFO  Test worker     d.u.i.k.n.KeyIO           Parsing took 0 ms 
295300     INFO  Test worker     d.u.i.k.n.KeyIO           MODE: declarations took 0 ms 
295300     INFO  Test worker     d.u.i.k.n.KeyIO           Parsing took 0 ms 
295301     INFO  Test worker     d.u.i.k.n.KeyIO           MODE: declarations took 0 ms 
297794     INFO  Test worker     d.u.i.k.n.KeyIO           Parsing took 0 ms 
297794     INFO  Test worker     d.u.i.k.n.KeyIO           MODE: declarations took 0 ms 
297794     INFO  Test worker     d.u.i.k.n.KeyIO           Parsing took 0 ms 
297794     INFO  Test worker     d.u.i.k.n.KeyIO           MODE: declarations took 0 ms 
297794     INFO  Test worker     d.u.i.k.n.KeyIO           Parsing took 0 ms 
297794     INFO  Test worker     d.u.i.k.n.KeyIO           MODE: declarations took 0 ms 
297794     INFO  Test worker     d.u.i.k.n.KeyIO           Parsing took 0 ms 
297794     INFO  Test worker     d.u.i.k.n.KeyIO           MODE: declarations took 0 ms 
297794     INFO  Test worker     d.u.i.k.n.KeyIO           Parsing took 0 ms 
297794     INFO  Test worker     d.u.i.k.n.KeyIO           MODE: declarations took 0 ms 
300281     INFO  Test worker     d.u.i.k.n.KeyIO           Parsing took 0 ms 
300281     INFO  Test worker     d.u.i.k.n.KeyIO           MODE: declarations took 0 ms 
300281     INFO  Test worker     d.u.i.k.n.KeyIO           Parsing took 0 ms 
300281     INFO  Test worker     d.u.i.k.n.KeyIO           MODE: declarations took 0 ms 
300281     INFO  Test worker     d.u.i.k.n.KeyIO           Parsing took 0 ms 
300281     INFO  Test worker     d.u.i.k.n.KeyIO           MODE: declarations took 0 ms 
300281     INFO  Test worker     d.u.i.k.n.KeyIO           Parsing took 0 ms 
300281     INFO  Test worker     d.u.i.k.n.KeyIO           MODE: declarations took 0 ms 
300281     INFO  Test worker     d.u.i.k.n.KeyIO           Parsing took 0 ms 
300281     INFO  Test worker     d.u.i.k.n.KeyIO           MODE: declarations took 0 ms 
302776     INFO  Test worker     d.u.i.k.n.KeyIO           Parsing took 0 ms 
302776     INFO  Test worker     d.u.i.k.n.KeyIO           MODE: declarations took 0 ms 
302776     INFO  Test worker     d.u.i.k.n.KeyIO           Parsing took 0 ms 
302776     INFO  Test worker     d.u.i.k.n.KeyIO           MODE: declarations took 0 ms 
302776     INFO  Test worker     d.u.i.k.n.KeyIO           Parsing took 0 ms 
302776     INFO  Test worker     d.u.i.k.n.KeyIO           MODE: declarations took 0 ms 
302776     INFO  Test worker     d.u.i.k.n.KeyIO           Parsing took 0 ms 
302776     INFO  Test worker     d.u.i.k.n.KeyIO           MODE: declarations took 0 ms 
302776     INFO  Test worker     d.u.i.k.n.KeyIO           Parsing took 0 ms 
302776     INFO  Test worker     d.u.i.k.n.KeyIO           MODE: declarations took 0 ms 
305307     INFO  Test worker     d.u.i.k.n.KeyIO           Parsing took 0 ms 
305307     INFO  Test worker     d.u.i.k.n.KeyIO           MODE: declarations took 0 ms 
305308     INFO  Test worker     d.u.i.k.n.KeyIO           Parsing took 0 ms 
305308     INFO  Test worker     d.u.i.k.n.KeyIO           MODE: declarations took 0 ms 
305308     INFO  Test worker     d.u.i.k.n.KeyIO           Parsing took 0 ms 
305308     INFO  Test worker     d.u.i.k.n.KeyIO           MODE: declarations took 0 ms 
305308     INFO  Test worker     d.u.i.k.n.KeyIO           Parsing took 0 ms 
305308     INFO  Test worker     d.u.i.k.n.KeyIO           MODE: declarations took 0 ms 
305308     INFO  Test worker     d.u.i.k.n.KeyIO           Parsing took 0 ms 
305308     INFO  Test worker     d.u.i.k.n.KeyIO           MODE: declarations took 0 ms 
307931     INFO  Test worker     d.u.i.k.n.KeyIO           Parsing took 0 ms 
307931     INFO  Test worker     d.u.i.k.n.KeyIO           MODE: declarations took 0 ms 
307931     INFO  Test worker     d.u.i.k.n.KeyIO           Parsing took 0 ms 
307931     INFO  Test worker     d.u.i.k.n.KeyIO           MODE: declarations took 0 ms 
307931     INFO  Test worker     d.u.i.k.n.KeyIO           Parsing took 0 ms 
307931     INFO  Test worker     d.u.i.k.n.KeyIO           MODE: declarations took 0 ms 
307931     INFO  Test worker     d.u.i.k.n.KeyIO           Parsing took 0 ms 
307931     INFO  Test worker     d.u.i.k.n.KeyIO           MODE: declarations took 0 ms 
307931     INFO  Test worker     d.u.i.k.n.KeyIO           Parsing took 0 ms 
307931     INFO  Test worker     d.u.i.k.n.KeyIO           MODE: declarations took 0 ms 
307932     WARN  Test worker     d.u.i.k.n.KeYParser       [syntax-error] <unknown>:1:11: mismatched input '@' expecting {'/', ':=', '.', '(', ')', '{', '[', '@', PARALLEL, OR, AND, IMP, '=', NOT_EQUALS, '%', '*', '-', '+', '>', GREATEREQUAL, '<', LESSEQUAL, LGUILLEMETS, EQV} [@11,11:11='@',<153>,1:11] (termEOF) 
310496     INFO  Test worker     d.u.i.k.n.KeyIO           Parsing took 0 ms 
310496     INFO  Test worker     d.u.i.k.n.KeyIO           MODE: declarations took 0 ms 
310496     INFO  Test worker     d.u.i.k.n.KeyIO           Parsing took 0 ms 
310496     INFO  Test worker     d.u.i.k.n.KeyIO           MODE: declarations took 0 ms 
310497     INFO  Test worker     d.u.i.k.n.KeyIO           Parsing took 0 ms 
310497     INFO  Test worker     d.u.i.k.n.KeyIO           MODE: declarations took 0 ms 
310497     INFO  Test worker     d.u.i.k.n.KeyIO           Parsing took 0 ms 
310497     INFO  Test worker     d.u.i.k.n.KeyIO           MODE: declarations took 0 ms 
310497     INFO  Test worker     d.u.i.k.n.KeyIO           Parsing took 0 ms 
310497     INFO  Test worker     d.u.i.k.n.KeyIO           MODE: declarations took 0 ms 
312966     INFO  Test worker     d.u.i.k.n.KeyIO           Parsing took 0 ms 
312966     INFO  Test worker     d.u.i.k.n.KeyIO           MODE: declarations took 0 ms 
312966     INFO  Test worker     d.u.i.k.n.KeyIO           Parsing took 0 ms 
312966     INFO  Test worker     d.u.i.k.n.KeyIO           MODE: declarations took 0 ms 
312966     INFO  Test worker     d.u.i.k.n.KeyIO           Parsing took 0 ms 
312966     INFO  Test worker     d.u.i.k.n.KeyIO           MODE: declarations took 0 ms 
312966     INFO  Test worker     d.u.i.k.n.KeyIO           Parsing took 0 ms 
312966     INFO  Test worker     d.u.i.k.n.KeyIO           MODE: declarations took 0 ms 
312966     INFO  Test worker     d.u.i.k.n.KeyIO           Parsing took 0 ms 
312966     INFO  Test worker     d.u.i.k.n.KeyIO           MODE: declarations took 0 ms 
315431     INFO  Test worker     d.u.i.k.n.KeyIO           Parsing took 0 ms 
315431     INFO  Test worker     d.u.i.k.n.KeyIO           MODE: declarations took 0 ms 
315431     INFO  Test worker     d.u.i.k.n.KeyIO           Parsing took 0 ms 
315431     INFO  Test worker     d.u.i.k.n.KeyIO           MODE: declarations took 0 ms 
315431     INFO  Test worker     d.u.i.k.n.KeyIO           Parsing took 0 ms 
315431     INFO  Test worker     d.u.i.k.n.KeyIO           MODE: declarations took 0 ms 
315431     INFO  Test worker     d.u.i.k.n.KeyIO           Parsing took 0 ms 
315431     INFO  Test worker     d.u.i.k.n.KeyIO           MODE: declarations took 0 ms 
315431     INFO  Test worker     d.u.i.k.n.KeyIO           Parsing took 0 ms 
315431     INFO  Test worker     d.u.i.k.n.KeyIO           MODE: declarations took 0 ms 
317880     INFO  Test worker     d.u.i.k.n.KeyIO           Parsing took 0 ms 
317880     INFO  Test worker     d.u.i.k.n.KeyIO           MODE: declarations took 0 ms 
317880     INFO  Test worker     d.u.i.k.n.KeyIO           Parsing took 0 ms 
317880     INFO  Test worker     d.u.i.k.n.KeyIO           MODE: declarations took 0 ms 
317880     INFO  Test worker     d.u.i.k.n.KeyIO           Parsing took 0 ms 
317880     INFO  Test worker     d.u.i.k.n.KeyIO           MODE: declarations took 0 ms 
317880     INFO  Test worker     d.u.i.k.n.KeyIO           Parsing took 0 ms 
317880     INFO  Test worker     d.u.i.k.n.KeyIO           MODE: declarations took 0 ms 
317880     INFO  Test worker     d.u.i.k.n.KeyIO           Parsing took 0 ms 
317880     INFO  Test worker     d.u.i.k.n.KeyIO           MODE: declarations took 0 ms 
320374     INFO  Test worker     d.u.i.k.n.KeyIO           Parsing took 0 ms 
320374     INFO  Test worker     d.u.i.k.n.KeyIO           MODE: declarations took 0 ms 
320374     INFO  Test worker     d.u.i.k.n.KeyIO           Parsing took 0 ms 
320374     INFO  Test worker     d.u.i.k.n.KeyIO           MODE: declarations took 0 ms 
320374     INFO  Test worker     d.u.i.k.n.KeyIO           Parsing took 0 ms 
320374     INFO  Test worker     d.u.i.k.n.KeyIO           MODE: declarations took 0 ms 
320374     INFO  Test worker     d.u.i.k.n.KeyIO           Parsing took 0 ms 
320374     INFO  Test worker     d.u.i.k.n.KeyIO           MODE: declarations took 0 ms 
320374     INFO  Test worker     d.u.i.k.n.KeyIO           Parsing took 0 ms 
320374     INFO  Test worker     d.u.i.k.n.KeyIO           MODE: declarations took 0 ms 
322906     INFO  Test worker     d.u.i.k.n.KeyIO           Parsing took 0 ms 
322906     INFO  Test worker     d.u.i.k.n.KeyIO           MODE: declarations took 0 ms 
322907     INFO  Test worker     d.u.i.k.n.KeyIO           Parsing took 0 ms 
322907     INFO  Test worker     d.u.i.k.n.KeyIO           MODE: declarations took 0 ms 
322907     INFO  Test worker     d.u.i.k.n.KeyIO           Parsing took 0 ms 
322907     INFO  Test worker     d.u.i.k.n.KeyIO           MODE: declarations took 0 ms 
322907     INFO  Test worker     d.u.i.k.n.KeyIO           Parsing took 0 ms 
322907     INFO  Test worker     d.u.i.k.n.KeyIO           MODE: declarations took 0 ms 
322907     INFO  Test worker     d.u.i.k.n.KeyIO           Parsing took 0 ms 
322907     INFO  Test worker     d.u.i.k.n.KeyIO           MODE: declarations took 0 ms 
325472     INFO  Test worker     d.u.i.k.n.KeyIO           Parsing took 0 ms 
325472     INFO  Test worker     d.u.i.k.n.KeyIO           MODE: declarations took 0 ms 
325472     INFO  Test worker     d.u.i.k.n.KeyIO           Parsing took 0 ms 
325472     INFO  Test worker     d.u.i.k.n.KeyIO           MODE: declarations took 0 ms 
325472     INFO  Test worker     d.u.i.k.n.KeyIO           Parsing took 0 ms 
325472     INFO  Test worker     d.u.i.k.n.KeyIO           MODE: declarations took 0 ms 
325472     INFO  Test worker     d.u.i.k.n.KeyIO           Parsing took 0 ms 
325472     INFO  Test worker     d.u.i.k.n.KeyIO           MODE: declarations took 0 ms 
325472     INFO  Test worker     d.u.i.k.n.KeyIO           Parsing took 0 ms 
325472     INFO  Test worker     d.u.i.k.n.KeyIO           MODE: declarations took 0 ms 
328047     INFO  Test worker     d.u.i.k.n.KeyIO           Parsing took 0 ms 
328048     INFO  Test worker     d.u.i.k.n.KeyIO           MODE: declarations took 0 ms 
328048     INFO  Test worker     d.u.i.k.n.KeyIO           Parsing took 0 ms 
328048     INFO  Test worker     d.u.i.k.n.KeyIO           MODE: declarations took 0 ms 
328048     INFO  Test worker     d.u.i.k.n.KeyIO           Parsing took 0 ms 
328049     INFO  Test worker     d.u.i.k.n.KeyIO           MODE: declarations took 0 ms 
328049     INFO  Test worker     d.u.i.k.n.KeyIO           Parsing took 0 ms 
328054     INFO  Test worker     d.u.i.k.n.KeyIO           MODE: declarations took 1 ms 
328054     INFO  Test worker     d.u.i.k.n.KeyIO           Parsing took 0 ms 
328054     INFO  Test worker     d.u.i.k.n.KeyIO           MODE: declarations took 0 ms 
330684     INFO  Test worker     d.u.i.k.n.KeyIO           Parsing took 0 ms 
330684     INFO  Test worker     d.u.i.k.n.KeyIO           MODE: declarations took 0 ms 
330684     INFO  Test worker     d.u.i.k.n.KeyIO           Parsing took 0 ms 
330685     INFO  Test worker     d.u.i.k.n.KeyIO           MODE: declarations took 1 ms 
330685     INFO  Test worker     d.u.i.k.n.KeyIO           Parsing took 0 ms 
330685     INFO  Test worker     d.u.i.k.n.KeyIO           MODE: declarations took 0 ms 
330685     INFO  Test worker     d.u.i.k.n.KeyIO           Parsing took 0 ms 
330685     INFO  Test worker     d.u.i.k.n.KeyIO           MODE: declarations took 0 ms 
330685     INFO  Test worker     d.u.i.k.n.KeyIO           Parsing took 0 ms 
330685     INFO  Test worker     d.u.i.k.n.KeyIO           MODE: declarations took 0 ms 
333289     INFO  Test worker     d.u.i.k.n.KeyIO           Parsing took 0 ms 
333289     INFO  Test worker     d.u.i.k.n.KeyIO           MODE: declarations took 0 ms 
333289     INFO  Test worker     d.u.i.k.n.KeyIO           Parsing took 0 ms 
333289     INFO  Test worker     d.u.i.k.n.KeyIO           MODE: declarations took 0 ms 
333289     INFO  Test worker     d.u.i.k.n.KeyIO           Parsing took 0 ms 
333289     INFO  Test worker     d.u.i.k.n.KeyIO           MODE: declarations took 0 ms 
333289     INFO  Test worker     d.u.i.k.n.KeyIO           Parsing took 0 ms 
333289     INFO  Test worker     d.u.i.k.n.KeyIO           MODE: declarations took 0 ms 
333289     INFO  Test worker     d.u.i.k.n.KeyIO           Parsing took 0 ms 
333289     INFO  Test worker     d.u.i.k.n.KeyIO           MODE: declarations took 0 ms 
335939     INFO  Test worker     d.u.i.k.n.KeyIO           Parsing took 0 ms 
335939     INFO  Test worker     d.u.i.k.n.KeyIO           MODE: declarations took 0 ms 
335939     INFO  Test worker     d.u.i.k.n.KeyIO           Parsing took 0 ms 
335939     INFO  Test worker     d.u.i.k.n.KeyIO           MODE: declarations took 0 ms 
335939     INFO  Test worker     d.u.i.k.n.KeyIO           Parsing took 0 ms 
335939     INFO  Test worker     d.u.i.k.n.KeyIO           MODE: declarations took 0 ms 
335939     INFO  Test worker     d.u.i.k.n.KeyIO           Parsing took 0 ms 
335939     INFO  Test worker     d.u.i.k.n.KeyIO           MODE: declarations took 0 ms 
335939     INFO  Test worker     d.u.i.k.n.KeyIO           Parsing took 0 ms 
335939     INFO  Test worker     d.u.i.k.n.KeyIO           MODE: declarations took 0 ms 
338567     INFO  Test worker     d.u.i.k.n.KeyIO           Parsing took 0 ms 
338567     INFO  Test worker     d.u.i.k.n.KeyIO           MODE: declarations took 0 ms 
338567     INFO  Test worker     d.u.i.k.n.KeyIO           Parsing took 0 ms 
338567     INFO  Test worker     d.u.i.k.n.KeyIO           MODE: declarations took 0 ms 
338567     INFO  Test worker     d.u.i.k.n.KeyIO           Parsing took 0 ms 
338567     INFO  Test worker     d.u.i.k.n.KeyIO           MODE: declarations took 0 ms 
338567     INFO  Test worker     d.u.i.k.n.KeyIO           Parsing took 0 ms 
338567     INFO  Test worker     d.u.i.k.n.KeyIO           MODE: declarations took 0 ms 
338567     INFO  Test worker     d.u.i.k.n.KeyIO           Parsing took 0 ms 
338567     INFO  Test worker     d.u.i.k.n.KeyIO           MODE: declarations took 0 ms 
341176     INFO  Test worker     d.u.i.k.n.KeyIO           Parsing took 0 ms 
341176     INFO  Test worker     d.u.i.k.n.KeyIO           MODE: declarations took 0 ms 
341176     INFO  Test worker     d.u.i.k.n.KeyIO           Parsing took 0 ms 
341176     INFO  Test worker     d.u.i.k.n.KeyIO           MODE: declarations took 0 ms 
341176     INFO  Test worker     d.u.i.k.n.KeyIO           Parsing took 0 ms 
341176     INFO  Test worker     d.u.i.k.n.KeyIO           MODE: declarations took 0 ms 
341176     INFO  Test worker     d.u.i.k.n.KeyIO           Parsing took 0 ms 
341176     INFO  Test worker     d.u.i.k.n.KeyIO           MODE: declarations took 0 ms 
341176     INFO  Test worker     d.u.i.k.n.KeyIO           Parsing took 0 ms 
341176     INFO  Test worker     d.u.i.k.n.KeyIO           MODE: declarations took 0 ms 
344035     INFO  Test worker     d.u.i.k.n.KeyIO           Parsing took 0 ms 
344035     INFO  Test worker     d.u.i.k.n.KeyIO           MODE: declarations took 0 ms 
344035     INFO  Test worker     d.u.i.k.n.KeyIO           Parsing took 0 ms 
344035     INFO  Test worker     d.u.i.k.n.KeyIO           MODE: declarations took 0 ms 
344035     INFO  Test worker     d.u.i.k.n.KeyIO           Parsing took 0 ms 
344035     INFO  Test worker     d.u.i.k.n.KeyIO           MODE: declarations took 0 ms 
344035     INFO  Test worker     d.u.i.k.n.KeyIO           Parsing took 0 ms 
344035     INFO  Test worker     d.u.i.k.n.KeyIO           MODE: declarations took 0 ms 
344035     INFO  Test worker     d.u.i.k.n.KeyIO           Parsing took 0 ms 
344035     INFO  Test worker     d.u.i.k.n.KeyIO           MODE: declarations took 0 ms 
346847     INFO  Test worker     d.u.i.k.n.KeyIO           Parsing took 0 ms 
346848     INFO  Test worker     d.u.i.k.n.KeyIO           MODE: declarations took 0 ms 
346848     INFO  Test worker     d.u.i.k.n.KeyIO           Parsing took 0 ms 
346848     INFO  Test worker     d.u.i.k.n.KeyIO           MODE: declarations took 0 ms 
346848     INFO  Test worker     d.u.i.k.n.KeyIO           Parsing took 0 ms 
346848     INFO  Test worker     d.u.i.k.n.KeyIO           MODE: declarations took 0 ms 
346848     INFO  Test worker     d.u.i.k.n.KeyIO           Parsing took 0 ms 
346848     INFO  Test worker     d.u.i.k.n.KeyIO           MODE: declarations took 0 ms 
346848     INFO  Test worker     d.u.i.k.n.KeyIO           Parsing took 0 ms 
346848     INFO  Test worker     d.u.i.k.n.KeyIO           MODE: declarations took 0 ms 
349694     INFO  Test worker     d.u.i.k.n.KeyIO           Parsing took 0 ms 
349694     INFO  Test worker     d.u.i.k.n.KeyIO           MODE: declarations took 0 ms 
349694     INFO  Test worker     d.u.i.k.n.KeyIO           Parsing took 0 ms 
349694     INFO  Test worker     d.u.i.k.n.KeyIO           MODE: declarations took 0 ms 
349694     INFO  Test worker     d.u.i.k.n.KeyIO           Parsing took 0 ms 
349694     INFO  Test worker     d.u.i.k.n.KeyIO           MODE: declarations took 0 ms 
349694     INFO  Test worker     d.u.i.k.n.KeyIO           Parsing took 0 ms 
349694     INFO  Test worker     d.u.i.k.n.KeyIO           MODE: declarations took 0 ms 
349694     INFO  Test worker     d.u.i.k.n.KeyIO           Parsing took 0 ms 
349694     INFO  Test worker     d.u.i.k.n.KeyIO           MODE: declarations took 0 ms 
352410     INFO  Test worker     d.u.i.k.n.KeyIO           Parsing took 0 ms 
352410     INFO  Test worker     d.u.i.k.n.KeyIO           MODE: declarations took 0 ms 
352410     INFO  Test worker     d.u.i.k.n.KeyIO           Parsing took 0 ms 
352410     INFO  Test worker     d.u.i.k.n.KeyIO           MODE: declarations took 0 ms 
352410     INFO  Test worker     d.u.i.k.n.KeyIO           Parsing took 0 ms 
352410     INFO  Test worker     d.u.i.k.n.KeyIO           MODE: declarations took 0 ms 
352410     INFO  Test worker     d.u.i.k.n.KeyIO           Parsing took 0 ms 
352410     INFO  Test worker     d.u.i.k.n.KeyIO           MODE: declarations took 0 ms 
352410     INFO  Test worker     d.u.i.k.n.KeyIO           Parsing took 0 ms 
352410     INFO  Test worker     d.u.i.k.n.KeyIO           MODE: declarations took 0 ms 
355019     INFO  Test worker     d.u.i.k.n.KeyIO           Parsing took 0 ms 
355020     INFO  Test worker     d.u.i.k.n.KeyIO           MODE: declarations took 1 ms 
355020     INFO  Test worker     d.u.i.k.n.KeyIO           Parsing took 0 ms 
355020     INFO  Test worker     d.u.i.k.n.KeyIO           MODE: declarations took 0 ms 
355020     INFO  Test worker     d.u.i.k.n.KeyIO           Parsing took 0 ms 
355020     INFO  Test worker     d.u.i.k.n.KeyIO           MODE: declarations took 0 ms 
355020     INFO  Test worker     d.u.i.k.n.KeyIO           Parsing took 0 ms 
355020     INFO  Test worker     d.u.i.k.n.KeyIO           MODE: declarations took 0 ms 
355020     INFO  Test worker     d.u.i.k.n.KeyIO           Parsing took 0 ms 
355020     INFO  Test worker     d.u.i.k.n.KeyIO           MODE: declarations took 0 ms 
357657     INFO  Test worker     d.u.i.k.n.KeyIO           Parsing took 0 ms 
357657     INFO  Test worker     d.u.i.k.n.KeyIO           MODE: declarations took 0 ms 
357657     INFO  Test worker     d.u.i.k.n.KeyIO           Parsing took 0 ms 
357657     INFO  Test worker     d.u.i.k.n.KeyIO           MODE: declarations took 0 ms 
357657     INFO  Test worker     d.u.i.k.n.KeyIO           Parsing took 0 ms 
357657     INFO  Test worker     d.u.i.k.n.KeyIO           MODE: declarations took 0 ms 
357657     INFO  Test worker     d.u.i.k.n.KeyIO           Parsing took 0 ms 
357657     INFO  Test worker     d.u.i.k.n.KeyIO           MODE: declarations took 0 ms 
357657     INFO  Test worker     d.u.i.k.n.KeyIO           Parsing took 0 ms 
357657     INFO  Test worker     d.u.i.k.n.KeyIO           MODE: declarations took 0 ms 
360398     INFO  Test worker     d.u.i.k.n.KeyIO           Parsing took 0 ms 
360398     INFO  Test worker     d.u.i.k.n.KeyIO           MODE: declarations took 0 ms 
360398     INFO  Test worker     d.u.i.k.n.KeyIO           Parsing took 0 ms 
360398     INFO  Test worker     d.u.i.k.n.KeyIO           MODE: declarations took 0 ms 
360398     INFO  Test worker     d.u.i.k.n.KeyIO           Parsing took 0 ms 
360398     INFO  Test worker     d.u.i.k.n.KeyIO           MODE: declarations took 0 ms 
360398     INFO  Test worker     d.u.i.k.n.KeyIO           Parsing took 0 ms 
360398     INFO  Test worker     d.u.i.k.n.KeyIO           MODE: declarations took 0 ms 
360398     INFO  Test worker     d.u.i.k.n.KeyIO           Parsing took 0 ms 
360398     INFO  Test worker     d.u.i.k.n.KeyIO           MODE: declarations took 0 ms 
362946     INFO  Test worker     d.u.i.k.n.KeyIO           Parsing took 0 ms 
362946     INFO  Test worker     d.u.i.k.n.KeyIO           MODE: declarations took 0 ms 
362946     INFO  Test worker     d.u.i.k.n.KeyIO           Parsing took 0 ms 
362946     INFO  Test worker     d.u.i.k.n.KeyIO           MODE: declarations took 0 ms 
362946     INFO  Test worker     d.u.i.k.n.KeyIO           Parsing took 0 ms 
362946     INFO  Test worker     d.u.i.k.n.KeyIO           MODE: declarations took 0 ms 
362946     INFO  Test worker     d.u.i.k.n.KeyIO           Parsing took 0 ms 
362946     INFO  Test worker     d.u.i.k.n.KeyIO           MODE: declarations took 0 ms 
362946     INFO  Test worker     d.u.i.k.n.KeyIO           Parsing took 0 ms 
362946     INFO  Test worker     d.u.i.k.n.KeyIO           MODE: declarations took 0 ms 
365487     INFO  Test worker     d.u.i.k.n.KeyIO           Parsing took 0 ms 
365487     INFO  Test worker     d.u.i.k.n.KeyIO           MODE: declarations took 0 ms 
365487     INFO  Test worker     d.u.i.k.n.KeyIO           Parsing took 0 ms 
365487     INFO  Test worker     d.u.i.k.n.KeyIO           MODE: declarations took 0 ms 
365487     INFO  Test worker     d.u.i.k.n.KeyIO           Parsing took 0 ms 
365487     INFO  Test worker     d.u.i.k.n.KeyIO           MODE: declarations took 0 ms 
365487     INFO  Test worker     d.u.i.k.n.KeyIO           Parsing took 0 ms 
365487     INFO  Test worker     d.u.i.k.n.KeyIO           MODE: declarations took 0 ms 
365487     INFO  Test worker     d.u.i.k.n.KeyIO           Parsing took 0 ms 
365487     INFO  Test worker     d.u.i.k.n.KeyIO           MODE: declarations took 0 ms 
368091     INFO  Test worker     d.u.i.k.n.KeyIO           Parsing took 0 ms 
368091     INFO  Test worker     d.u.i.k.n.KeyIO           MODE: declarations took 0 ms 
368091     INFO  Test worker     d.u.i.k.n.KeyIO           Parsing took 0 ms 
368091     INFO  Test worker     d.u.i.k.n.KeyIO           MODE: declarations took 0 ms 
368091     INFO  Test worker     d.u.i.k.n.KeyIO           Parsing took 0 ms 
368091     INFO  Test worker     d.u.i.k.n.KeyIO           MODE: declarations took 0 ms 
368091     INFO  Test worker     d.u.i.k.n.KeyIO           Parsing took 0 ms 
368091     INFO  Test worker     d.u.i.k.n.KeyIO           MODE: declarations took 0 ms 
368091     INFO  Test worker     d.u.i.k.n.KeyIO           Parsing took 0 ms 
368091     INFO  Test worker     d.u.i.k.n.KeyIO           MODE: declarations took 0 ms 
370721     INFO  Test worker     d.u.i.k.n.KeyIO           Parsing took 0 ms 
370721     INFO  Test worker     d.u.i.k.n.KeyIO           MODE: declarations took 0 ms 
370721     INFO  Test worker     d.u.i.k.n.KeyIO           Parsing took 0 ms 
370721     INFO  Test worker     d.u.i.k.n.KeyIO           MODE: declarations took 0 ms 
370721     INFO  Test worker     d.u.i.k.n.KeyIO           Parsing took 0 ms 
370721     INFO  Test worker     d.u.i.k.n.KeyIO           MODE: declarations took 0 ms 
370721     INFO  Test worker     d.u.i.k.n.KeyIO           Parsing took 0 ms 
370721     INFO  Test worker     d.u.i.k.n.KeyIO           MODE: declarations took 0 ms 
370721     INFO  Test worker     d.u.i.k.n.KeyIO           Parsing took 0 ms 
370721     INFO  Test worker     d.u.i.k.n.KeyIO           MODE: declarations took 0 ms 
]]></system-out>
  <system-err><![CDATA[]]></system-err>
</testsuite>
