<?xml version="1.0" encoding="UTF-8"?>
<testsuite name="de.uka.ilkd.key.parser.TestTermParserSorts" tests="2" skipped="0" failures="0" errors="0" timestamp="2023-03-26T12:50:25" hostname="fv-az336-24" time="2.541">
  <properties/>
  <testcase name="testParseIntegerArgs()" classname="de.uka.ilkd.key.parser.TestTermParserSorts" time="0.015"/>
  <testcase name="testParseSequencePrettySyntax()" classname="de.uka.ilkd.key.parser.TestTermParserSorts" time="0.005"/>
  <system-out><![CDATA[373265     INFO  Test worker     d.u.i.k.n.KeyIO           Parsing took 0 ms 
373265     INFO  Test worker     d.u.i.k.n.KeyIO           MODE: declarations took 0 ms 
373265     INFO  Test worker     d.u.i.k.n.KeyIO           Parsing took 0 ms 
373265     INFO  Test worker     d.u.i.k.n.KeyIO           MODE: declarations took 0 ms 
373265     INFO  Test worker     d.u.i.k.n.KeyIO           Parsing took 0 ms 
373265     INFO  Test worker     d.u.i.k.n.KeyIO           MODE: declarations took 0 ms 
375801     INFO  Test worker     d.u.i.k.n.KeyIO           Parsing took 0 ms 
375801     INFO  Test worker     d.u.i.k.n.KeyIO           MODE: declarations took 0 ms 
375801     INFO  Test worker     d.u.i.k.n.KeyIO           Parsing took 0 ms 
375801     INFO  Test worker     d.u.i.k.n.KeyIO           MODE: declarations took 0 ms 
375801     INFO  Test worker     d.u.i.k.n.KeyIO           Parsing took 0 ms 
375801     INFO  Test worker     d.u.i.k.n.KeyIO           MODE: declarations took 0 ms 
]]></system-out>
  <system-err><![CDATA[]]></system-err>
</testsuite>
