<?xml version="1.0" encoding="UTF-8"?>
<testsuite name="de.uka.ilkd.key.nparser.ExprTest" tests="23" skipped="0" failures="0" errors="0" timestamp="2023-03-26T12:47:05" hostname="fv-az336-24" time="2.314">
  <properties/>
  <testcase name="[1] (bprod{int y;}(1, 2, y) = 0)" classname="de.uka.ilkd.key.nparser.ExprTest" time="0.016"/>
  <testcase name="[2] 1 = 1 -&gt; 2 = 2" classname="de.uka.ilkd.key.nparser.ExprTest" time="0.023"/>
  <testcase name="[3] \&lt; { int x = 1; } \&gt; x=1" classname="de.uka.ilkd.key.nparser.ExprTest" time="0.998"/>
  <testcase name="[4] \&lt;{ int x = 1; {int s = 2;} }\&gt; x=x" classname="de.uka.ilkd.key.nparser.ExprTest" time="0.883"/>
  <testcase name="[5] true" classname="de.uka.ilkd.key.nparser.ExprTest" time="0.012"/>
  <testcase name="[6] true &amp; false" classname="de.uka.ilkd.key.nparser.ExprTest" time="0.011"/>
  <testcase name="[7] 0" classname="de.uka.ilkd.key.nparser.ExprTest" time="0.011"/>
  <testcase name="[8] 1" classname="de.uka.ilkd.key.nparser.ExprTest" time="0.013"/>
  <testcase name="[9] 42" classname="de.uka.ilkd.key.nparser.ExprTest" time="0.014"/>
  <testcase name="[10] -5" classname="de.uka.ilkd.key.nparser.ExprTest" time="0.011"/>
  <testcase name="[11] 1 + 1 = 2" classname="de.uka.ilkd.key.nparser.ExprTest" time="0.014"/>
  <testcase name="[12] \if (3=4) \then (1) \else (2)" classname="de.uka.ilkd.key.nparser.ExprTest" time="0.011"/>
  <testcase name="[13] \if (3=4 &amp; 1=1) \then (\if (3=4) \then (1) \else (2)) \else (2)" classname="de.uka.ilkd.key.nparser.ExprTest" time="0.013"/>
  <testcase name="[14] aa + bb*cc" classname="de.uka.ilkd.key.nparser.ExprTest" time="0.018"/>
  <testcase name="[15] aa%bb*cc &lt; -123" classname="de.uka.ilkd.key.nparser.ExprTest" time="0.015"/>
  <testcase name="[16] \forall int x; true" classname="de.uka.ilkd.key.nparser.ExprTest" time="0.014"/>
  <testcase name="[17] \forall numbers x; x = x" classname="de.uka.ilkd.key.nparser.ExprTest" time="0.015"/>
  <testcase name="[18] (int)3+2" classname="de.uka.ilkd.key.nparser.ExprTest" time="0.019"/>
  <testcase name="[19] 1.f + 1f = 20e-1f * (2f-1f)" classname="de.uka.ilkd.key.nparser.ExprTest" time="0.02"/>
  <testcase name="[20] 1.d + 1d &lt;= 20e+1d * .01d" classname="de.uka.ilkd.key.nparser.ExprTest" time="0.097"/>
  <testcase name="[21] 1f &lt;= 2f" classname="de.uka.ilkd.key.nparser.ExprTest" time="0.022"/>
  <testcase name="[22] 2d &gt; 1d" classname="de.uka.ilkd.key.nparser.ExprTest" time="0.018"/>
  <testcase name="[23] seqEmpty + seqEmpty" classname="de.uka.ilkd.key.nparser.ExprTest" time="0.019"/>
  <system-out><![CDATA[174002     INFO  Test worker     d.u.i.k.n.KeyIO           Parsing took 9 ms 
174004     INFO  Test worker     d.u.i.k.n.KeyIO           MODE: declarations took 1 ms 
174006     INFO  Test worker     d.u.i.k.n.ExprTest        Term: equals(bprod{y:int}(Z(1(#)),Z(2(#)),y),Z(0(#))) 
174021     INFO  Test worker     d.u.i.k.n.KeyIO           Parsing took 12 ms 
174024     INFO  Test worker     d.u.i.k.n.KeyIO           MODE: declarations took 1 ms 
174030     INFO  Test worker     d.u.i.k.n.ExprTest        Term: imp(equals(Z(1(#)),Z(1(#))),equals(Z(2(#)),Z(2(#)))) 
174040     INFO  Test worker     d.u.i.k.n.KeyIO           Parsing took 7 ms 
174041     INFO  Test worker     d.u.i.k.n.KeyIO           MODE: declarations took 1 ms 
175028     INFO  Test worker     d.u.i.k.n.ExprTest        Term: \<{
  int x = 1;
}\> (equals(x,Z(1(#)))) 
175038     INFO  Test worker     d.u.i.k.n.KeyIO           Parsing took 8 ms 
175039     INFO  Test worker     d.u.i.k.n.KeyIO           MODE: declarations took 1 ms 
175912     INFO  Test worker     d.u.i.k.n.ExprTest        Term: \<{
  int x = 1;
  {
    int s = 2;
  }
}\> (equals(x,x)) 
175922     INFO  Test worker     d.u.i.k.n.KeyIO           Parsing took 8 ms 
175923     INFO  Test worker     d.u.i.k.n.KeyIO           MODE: declarations took 1 ms 
175925     INFO  Test worker     d.u.i.k.n.ExprTest        Term: true 
175934     INFO  Test worker     d.u.i.k.n.KeyIO           Parsing took 7 ms 
175935     INFO  Test worker     d.u.i.k.n.KeyIO           MODE: declarations took 1 ms 
175937     INFO  Test worker     d.u.i.k.n.ExprTest        Term: and(true,false) 
175946     INFO  Test worker     d.u.i.k.n.KeyIO           Parsing took 7 ms 
175947     INFO  Test worker     d.u.i.k.n.KeyIO           MODE: declarations took 1 ms 
175949     INFO  Test worker     d.u.i.k.n.ExprTest        Term: Z(0(#)) 
175958     INFO  Test worker     d.u.i.k.n.KeyIO           Parsing took 8 ms 
175958     INFO  Test worker     d.u.i.k.n.KeyIO           MODE: declarations took 0 ms 
175962     INFO  Test worker     d.u.i.k.n.ExprTest        Term: Z(1(#)) 
175974     INFO  Test worker     d.u.i.k.n.KeyIO           Parsing took 10 ms 
175974     INFO  Test worker     d.u.i.k.n.KeyIO           MODE: declarations took 0 ms 
175977     INFO  Test worker     d.u.i.k.n.ExprTest        Term: Z(2(4(#))) 
175986     INFO  Test worker     d.u.i.k.n.KeyIO           Parsing took 7 ms 
175987     INFO  Test worker     d.u.i.k.n.KeyIO           MODE: declarations took 1 ms 
175989     INFO  Test worker     d.u.i.k.n.ExprTest        Term: Z(neglit(5(#))) 
175999     INFO  Test worker     d.u.i.k.n.KeyIO           Parsing took 8 ms 
176001     INFO  Test worker     d.u.i.k.n.KeyIO           MODE: declarations took 2 ms 
176004     INFO  Test worker     d.u.i.k.n.ExprTest        Term: equals(add(Z(1(#)),Z(1(#))),Z(2(#))) 
176013     INFO  Test worker     d.u.i.k.n.KeyIO           Parsing took 7 ms 
176014     INFO  Test worker     d.u.i.k.n.KeyIO           MODE: declarations took 1 ms 
176016     INFO  Test worker     d.u.i.k.n.ExprTest        Term: if-then-else(equals(Z(3(#)),Z(4(#))),Z(1(#)),Z(2(#))) 
176025     INFO  Test worker     d.u.i.k.n.KeyIO           Parsing took 7 ms 
176026     INFO  Test worker     d.u.i.k.n.KeyIO           MODE: declarations took 0 ms 
176029     INFO  Test worker     d.u.i.k.n.ExprTest        Term: if-then-else(and(equals(Z(3(#)),Z(4(#))),equals(Z(1(#)),Z(1(#)))),if-then-else(equals(Z(3(#)),Z(4(#))),Z(1(#)),Z(2(#))),Z(2(#))) 
176042     INFO  Test worker     d.u.i.k.n.KeyIO           Parsing took 10 ms 
176046     INFO  Test worker     d.u.i.k.n.KeyIO           MODE: declarations took 4 ms 
176049     INFO  Test worker     d.u.i.k.n.ExprTest        Term: add(aa,mul(bb,cc)) 
176061     INFO  Test worker     d.u.i.k.n.KeyIO           Parsing took 9 ms 
176062     INFO  Test worker     d.u.i.k.n.KeyIO           MODE: declarations took 1 ms 
176065     INFO  Test worker     d.u.i.k.n.ExprTest        Term: lt(mul(mod(aa,bb),cc),Z(neglit(3(2(1(#)))))) 
176075     INFO  Test worker     d.u.i.k.n.KeyIO           Parsing took 6 ms 
176077     INFO  Test worker     d.u.i.k.n.KeyIO           MODE: declarations took 0 ms 
176080     INFO  Test worker     d.u.i.k.n.ExprTest        Term: all{x:int}(true) 
176091     INFO  Test worker     d.u.i.k.n.KeyIO           Parsing took 8 ms 
176092     INFO  Test worker     d.u.i.k.n.KeyIO           MODE: declarations took 1 ms 
176096     INFO  Test worker     d.u.i.k.n.ExprTest        Term: all{x:numbers}(equals(x,x)) 
176113     INFO  Test worker     d.u.i.k.n.KeyIO           Parsing took 12 ms 
176114     INFO  Test worker     d.u.i.k.n.KeyIO           MODE: declarations took 1 ms 
176119     INFO  Test worker     d.u.i.k.n.ExprTest        Term: add(int::cast(Z(3(#))),Z(2(#))) 
176132     INFO  Test worker     d.u.i.k.n.KeyIO           Parsing took 9 ms 
176133     INFO  Test worker     d.u.i.k.n.KeyIO           MODE: declarations took 0 ms 
176136     INFO  Test worker     d.u.i.k.n.ExprTest        Term: equals(addFloat(FP(6(1(2(3(5(3(5(6(0(1(#))))))))))),FP(6(1(2(3(5(3(5(6(0(1(#)))))))))))),mulFloat(FP(4(2(8(1(4(7(3(7(0(1(#))))))))))),subFloat(FP(4(2(8(1(4(7(3(7(0(1(#))))))))))),FP(6(1(2(3(5(3(5(6(0(1(#)))))))))))))) 
176153     INFO  Test worker     d.u.i.k.n.KeyIO           Parsing took 9 ms 
176154     INFO  Test worker     d.u.i.k.n.KeyIO           MODE: declarations took 1 ms 
176240     INFO  Test worker     d.u.i.k.n.ExprTest        Term: leqDouble(addDouble(DFP(8(0(4(7(1(0(0(0(8(8(1(4(2(8(1(7(0(6(4(#)))))))))))))))))))),DFP(8(0(4(7(1(0(0(0(8(8(1(4(2(8(1(7(0(6(4(#))))))))))))))))))))),mulDouble(DFP(4(8(7(6(0(0(2(8(9(0(9(8(0(4(2(1(4(6(4(#)))))))))))))))))))),DFP(5(7(6(7(8(0(4(0(3(9(2(2(8(1(9(6(7(5(4(#)))))))))))))))))))))) 
176259     INFO  Test worker     d.u.i.k.n.KeyIO           Parsing took 15 ms 
176260     INFO  Test worker     d.u.i.k.n.KeyIO           MODE: declarations took 1 ms 
176264     INFO  Test worker     d.u.i.k.n.ExprTest        Term: leqFloat(FP(6(1(2(3(5(3(5(6(0(1(#))))))))))),FP(4(2(8(1(4(7(3(7(0(1(#)))))))))))) 
176274     INFO  Test worker     d.u.i.k.n.KeyIO           Parsing took 8 ms 
176277     INFO  Test worker     d.u.i.k.n.KeyIO           MODE: declarations took 3 ms 
176280     INFO  Test worker     d.u.i.k.n.ExprTest        Term: gtDouble(DFP(4(0(9(7(8(3(7(2(4(8(1(0(6(8(6(1(1(6(4(#)))))))))))))))))))),DFP(8(0(4(7(1(0(0(0(8(8(1(4(2(8(1(7(0(6(4(#))))))))))))))))))))) 
176298     INFO  Test worker     d.u.i.k.n.KeyIO           Parsing took 10 ms 
176301     INFO  Test worker     d.u.i.k.n.KeyIO           MODE: declarations took 2 ms 
176305     INFO  Test worker     d.u.i.k.n.ExprTest        Term: seqConcat(seqEmpty,seqEmpty) 
]]></system-out>
  <system-err><![CDATA[]]></system-err>
</testsuite>
