<?xml version="1.0" encoding="UTF-8"?>
<testsuite name="de.uka.ilkd.key.macros.scripts.TestProofScriptCommand" tests="7" skipped="0" failures="0" errors="0" timestamp="2023-03-11T15:48:54" hostname="fv-az255-850" time="21.94">
  <properties/>
  <testcase name="[1] unhide2.props, /home/runner/work/key/key/key.core/build/resources/test/de/uka/ilkd/key/macros/scripts/cases/unhide2.props" classname="de.uka.ilkd.key.macros.scripts.TestProofScriptCommand" time="3.137"/>
  <testcase name="[2] selectFormula.props, /home/runner/work/key/key/key.core/build/resources/test/de/uka/ilkd/key/macros/scripts/cases/selectFormula.props" classname="de.uka.ilkd.key.macros.scripts.TestProofScriptCommand" time="3.149"/>
  <testcase name="[3] unhide.props, /home/runner/work/key/key/key.core/build/resources/test/de/uka/ilkd/key/macros/scripts/cases/unhide.props" classname="de.uka.ilkd.key.macros.scripts.TestProofScriptCommand" time="3.126"/>
  <testcase name="[4] hide.exc.props, /home/runner/work/key/key/key.core/build/resources/test/de/uka/ilkd/key/macros/scripts/cases/hide.exc.props" classname="de.uka.ilkd.key.macros.scripts.TestProofScriptCommand" time="3.1"/>
  <testcase name="[5] rule.exc.props, /home/runner/work/key/key/key.core/build/resources/test/de/uka/ilkd/key/macros/scripts/cases/rule.exc.props" classname="de.uka.ilkd.key.macros.scripts.TestProofScriptCommand" time="3.123"/>
  <testcase name="[6] andRight.props, /home/runner/work/key/key/key.core/build/resources/test/de/uka/ilkd/key/macros/scripts/cases/andRight.props" classname="de.uka.ilkd.key.macros.scripts.TestProofScriptCommand" time="3.129"/>
  <testcase name="[7] hide.props, /home/runner/work/key/key/key.core/build/resources/test/de/uka/ilkd/key/macros/scripts/cases/hide.props" classname="de.uka.ilkd.key.macros.scripts.TestProofScriptCommand" time="3.174"/>
  <system-out><![CDATA[]]></system-out>
  <system-err><![CDATA[]]></system-err>
</testsuite>
