<?xml version="1.0" encoding="UTF-8"?>
<testsuite name="de.uka.ilkd.key.nparser.ParseLDTsTests" tests="2" skipped="0" failures="0" errors="0" timestamp="2023-04-04T15:07:10" hostname="fv-az363-851" time="0.835">
  <properties/>
  <testcase name="testLDT()" classname="de.uka.ilkd.key.nparser.ParseLDTsTests" time="0.015"/>
  <testcase name="testSR()" classname="de.uka.ilkd.key.nparser.ParseLDTsTests" time="0.82"/>
  <system-out><![CDATA[168003     INFO  Test worker     d.u.i.k.n.KeyIO           Parsing took 8 ms 
168004     INFO  Test worker     d.u.i.k.n.KeyIO           MODE: declarations took 1 ms 
168311     INFO  Test worker     d.u.i.k.n.KeyIO           Parsing took 297 ms 
168313     INFO  Test worker     d.u.i.k.n.KeyIO           MODE: declarations took 2 ms 
]]></system-out>
  <system-err><![CDATA[]]></system-err>
</testsuite>
