<?xml version="1.0" encoding="UTF-8"?>
<testsuite name="de.uka.ilkd.key.parser.TestDeclParser" tests="14" skipped="2" failures="0" errors="0" timestamp="2023-04-04T15:07:18" hostname="fv-az363-851" time="9.444">
  <properties/>
  <testcase name="testGenericSortDecl1()" classname="de.uka.ilkd.key.parser.TestDeclParser" time="0.765"/>
  <testcase name="testGenericSortDecl2()" classname="de.uka.ilkd.key.parser.TestDeclParser" time="0.818"/>
  <testcase name="testGenericSortDecl3()" classname="de.uka.ilkd.key.parser.TestDeclParser" time="0.787"/>
  <testcase name="testGenericSortDecl4()" classname="de.uka.ilkd.key.parser.TestDeclParser" time="0.79"/>
  <testcase name="testGenericSortDecl5()" classname="de.uka.ilkd.key.parser.TestDeclParser" time="0.0">
    <skipped/>
  </testcase>
  <testcase name="testGenericSortDecl6()" classname="de.uka.ilkd.key.parser.TestDeclParser" time="0.792"/>
  <testcase name="testSortDecl()" classname="de.uka.ilkd.key.parser.TestDeclParser" time="0.742"/>
  <testcase name="testProxySortDecl()" classname="de.uka.ilkd.key.parser.TestDeclParser" time="0.789"/>
  <testcase name="testArrayDecl()" classname="de.uka.ilkd.key.parser.TestDeclParser" time="0.834"/>
  <testcase name="testAmbiguousDecls()" classname="de.uka.ilkd.key.parser.TestDeclParser" time="0.0">
    <skipped/>
  </testcase>
  <testcase name="testHeurDecl()" classname="de.uka.ilkd.key.parser.TestDeclParser" time="0.785"/>
  <testcase name="testFunctionDecl()" classname="de.uka.ilkd.key.parser.TestDeclParser" time="0.748"/>
  <testcase name="testPredicateDecl()" classname="de.uka.ilkd.key.parser.TestDeclParser" time="0.799"/>
  <testcase name="testSVDecl()" classname="de.uka.ilkd.key.parser.TestDeclParser" time="0.788"/>
  <system-out><![CDATA[176719     INFO  Test worker     d.u.i.k.n.KeyIO           Parsing took 0 ms 
176719     INFO  Test worker     d.u.i.k.n.KeyIO           MODE: declarations took 0 ms 
177537     INFO  Test worker     d.u.i.k.n.KeyIO           Parsing took 0 ms 
177538     INFO  Test worker     d.u.i.k.n.KeyIO           MODE: declarations took 1 ms 
178325     INFO  Test worker     d.u.i.k.n.KeyIO           Parsing took 0 ms 
178326     INFO  Test worker     d.u.i.k.n.KeyIO           MODE: declarations took 1 ms 
179115     INFO  Test worker     d.u.i.k.n.KeyIO           Parsing took 0 ms 
179116     INFO  Test worker     d.u.i.k.n.KeyIO           MODE: declarations took 0 ms 
179909     INFO  Test worker     d.u.i.k.n.KeyIO           Parsing took 0 ms 
179910     INFO  Test worker     d.u.i.k.n.KeyIO           MODE: declarations took 0 ms 
180652     INFO  Test worker     d.u.i.k.n.KeyIO           Parsing took 0 ms 
180652     INFO  Test worker     d.u.i.k.n.KeyIO           MODE: declarations took 0 ms 
181441     INFO  Test worker     d.u.i.k.n.KeyIO           Parsing took 0 ms 
181442     INFO  Test worker     d.u.i.k.n.KeyIO           MODE: declarations took 1 ms 
182276     INFO  Test worker     d.u.i.k.n.KeyIO           Parsing took 0 ms 
182276     INFO  Test worker     d.u.i.k.n.KeyIO           MODE: declarations took 0 ms 
183062     INFO  Test worker     d.u.i.k.n.KeyIO           Parsing took 0 ms 
183062     INFO  Test worker     d.u.i.k.n.KeyIO           MODE: declarations took 0 ms 
183809     INFO  Test worker     d.u.i.k.n.KeyIO           Parsing took 0 ms 
183810     INFO  Test worker     d.u.i.k.n.KeyIO           MODE: declarations took 0 ms 
184610     INFO  Test worker     d.u.i.k.n.KeyIO           Parsing took 0 ms 
184611     INFO  Test worker     d.u.i.k.n.KeyIO           MODE: declarations took 0 ms 
185399     INFO  Test worker     d.u.i.k.n.KeyIO           Parsing took 0 ms 
185399     INFO  Test worker     d.u.i.k.n.KeyIO           MODE: declarations took 0 ms 
]]></system-out>
  <system-err><![CDATA[]]></system-err>
</testsuite>
