<?xml version="1.0" encoding="UTF-8"?>
<testsuite name="de.uka.ilkd.key.taclettranslation.TestTacletTranslator" tests="5" skipped="0" failures="0" errors="0" timestamp="2023-04-04T15:15:43" hostname="fv-az363-851" time="0.006">
  <properties/>
  <testcase name="testPropositional1()" classname="de.uka.ilkd.key.taclettranslation.TestTacletTranslator" time="0.002"/>
  <testcase name="testPropositional2()" classname="de.uka.ilkd.key.taclettranslation.TestTacletTranslator" time="0.001"/>
  <testcase name="testNegativePolarity()" classname="de.uka.ilkd.key.taclettranslation.TestTacletTranslator" time="0.0"/>
  <testcase name="testNoPolarity()" classname="de.uka.ilkd.key.taclettranslation.TestTacletTranslator" time="0.0"/>
  <testcase name="testPositivePolarity()" classname="de.uka.ilkd.key.taclettranslation.TestTacletTranslator" time="0.0"/>
  <system-out><![CDATA[680486     INFO  Test worker     d.u.i.k.n.KeyIO           Parsing took 0 ms 
680487     INFO  Test worker     d.u.i.k.n.KeyIO           MODE: declarations took 1 ms 
680489     INFO  Test worker     d.u.i.k.n.KeyIO           Parsing took 0 ms 
680489     INFO  Test worker     d.u.i.k.n.KeyIO           MODE: declarations took 0 ms 
680490     INFO  Test worker     d.u.i.k.n.KeyIO           Parsing took 0 ms 
680490     INFO  Test worker     d.u.i.k.n.KeyIO           MODE: declarations took 0 ms 
680491     INFO  Test worker     d.u.i.k.n.KeyIO           Parsing took 0 ms 
680491     INFO  Test worker     d.u.i.k.n.KeyIO           MODE: declarations took 0 ms 
680492     INFO  Test worker     d.u.i.k.n.KeyIO           Parsing took 0 ms 
680492     INFO  Test worker     d.u.i.k.n.KeyIO           MODE: declarations took 0 ms 
]]></system-out>
  <system-err><![CDATA[]]></system-err>
</testsuite>
