<?xml version="1.0" encoding="UTF-8"?>
<testsuite name="de.uka.ilkd.key.parser.TestTermParser" tests="47" skipped="4" failures="0" errors="0" timestamp="2023-04-04T15:08:35" hostname="fv-az363-851" time="3.028">
  <properties/>
  <testcase name="testNotEqual()" classname="de.uka.ilkd.key.parser.TestTermParser" time="0.002"/>
  <testcase name="testProgramVariables()" classname="de.uka.ilkd.key.parser.TestTermParser" time="0.053"/>
  <testcase name="testAttributeWithSpecifiedSortOnObject()" classname="de.uka.ilkd.key.parser.TestTermParser" time="0.008"/>
  <testcase name="testCast()" classname="de.uka.ilkd.key.parser.TestTermParser" time="0.003"/>
  <testcase name="testJavaQueryAndAttribute_all()" classname="de.uka.ilkd.key.parser.TestTermParser" time="0.001">
    <skipped/>
  </testcase>
  <testcase name="test10()" classname="de.uka.ilkd.key.parser.TestTermParser" time="0.002"/>
  <testcase name="test11()" classname="de.uka.ilkd.key.parser.TestTermParser" time="0.002"/>
  <testcase name="test12()" classname="de.uka.ilkd.key.parser.TestTermParser" time="0.0">
    <skipped/>
  </testcase>
  <testcase name="test13()" classname="de.uka.ilkd.key.parser.TestTermParser" time="0.004"/>
  <testcase name="test14()" classname="de.uka.ilkd.key.parser.TestTermParser" time="0.003"/>
  <testcase name="test1a()" classname="de.uka.ilkd.key.parser.TestTermParser" time="0.002"/>
  <testcase name="testJavaAttributeAccess_4()" classname="de.uka.ilkd.key.parser.TestTermParser" time="0.003"/>
  <testcase name="testAttributeOnObject()" classname="de.uka.ilkd.key.parser.TestTermParser" time="0.003"/>
  <testcase name="testNegativeLiteralParsing1()" classname="de.uka.ilkd.key.parser.TestTermParser" time="0.002"/>
  <testcase name="testNegativeLiteralParsing2()" classname="de.uka.ilkd.key.parser.TestTermParser" time="0.001"/>
  <testcase name="testNegativeLiteralParsing3()" classname="de.uka.ilkd.key.parser.TestTermParser" time="0.002"/>
  <testcase name="xtestParsingArrayWithSpaces()" classname="de.uka.ilkd.key.parser.TestTermParser" time="0.0">
    <skipped/>
  </testcase>
  <testcase name="testAmbigiousFuncVarPred()" classname="de.uka.ilkd.key.parser.TestTermParser" time="0.0"/>
  <testcase name="test1()" classname="de.uka.ilkd.key.parser.TestTermParser" time="0.002"/>
  <testcase name="test2()" classname="de.uka.ilkd.key.parser.TestTermParser" time="0.001"/>
  <testcase name="test3()" classname="de.uka.ilkd.key.parser.TestTermParser" time="0.001"/>
  <testcase name="test5()" classname="de.uka.ilkd.key.parser.TestTermParser" time="0.002"/>
  <testcase name="test6()" classname="de.uka.ilkd.key.parser.TestTermParser" time="0.002"/>
  <testcase name="test7()" classname="de.uka.ilkd.key.parser.TestTermParser" time="0.001"/>
  <testcase name="test8()" classname="de.uka.ilkd.key.parser.TestTermParser" time="0.002"/>
  <testcase name="test9()" classname="de.uka.ilkd.key.parser.TestTermParser" time="0.001"/>
  <testcase name="testBindingUpdateTerm()" classname="de.uka.ilkd.key.parser.TestTermParser" time="0.001"/>
  <testcase name="testJavaStaticQuery()" classname="de.uka.ilkd.key.parser.TestTermParser" time="0.002"/>
  <testcase name="testInfix1()" classname="de.uka.ilkd.key.parser.TestTermParser" time="0.002"/>
  <testcase name="testInfix2()" classname="de.uka.ilkd.key.parser.TestTermParser" time="0.001"/>
  <testcase name="testInfix3()" classname="de.uka.ilkd.key.parser.TestTermParser" time="0.001"/>
  <testcase name="testInfix4()" classname="de.uka.ilkd.key.parser.TestTermParser" time="0.002"/>
  <testcase name="testIfThenElse()" classname="de.uka.ilkd.key.parser.TestTermParser" time="0.001"/>
  <testcase name="testJavaAttributeAccessBoth_1()" classname="de.uka.ilkd.key.parser.TestTermParser" time="0.003"/>
  <testcase name="testJavaAttributeAccessBoth_2()" classname="de.uka.ilkd.key.parser.TestTermParser" time="0.003"/>
  <testcase name="testJavaAttributeAccessBoth_3()" classname="de.uka.ilkd.key.parser.TestTermParser" time="0.002"/>
  <testcase name="testBindingUpdateTerm_1()" classname="de.uka.ilkd.key.parser.TestTermParser" time="0.001"/>
  <testcase name="testBindingUpdateTerm_3()" classname="de.uka.ilkd.key.parser.TestTermParser" time="0.003"/>
  <testcase name="testBindingUpdateTerm_4()" classname="de.uka.ilkd.key.parser.TestTermParser" time="0.001"/>
  <testcase name="testBindingUpdateTerm_5()" classname="de.uka.ilkd.key.parser.TestTermParser" time="0.001"/>
  <testcase name="testBindingUpdateTerm_6()" classname="de.uka.ilkd.key.parser.TestTermParser" time="0.001"/>
  <testcase name="testBindingUpdateTerm_7()" classname="de.uka.ilkd.key.parser.TestTermParser" time="0.002"/>
  <testcase name="testBindingUpdateTerm_8()" classname="de.uka.ilkd.key.parser.TestTermParser" time="0.001"/>
  <testcase name="testParsingArray()" classname="de.uka.ilkd.key.parser.TestTermParser" time="0.002"/>
  <testcase name="xtestBindingUpdateTermOldBindingAlternative()" classname="de.uka.ilkd.key.parser.TestTermParser" time="0.0">
    <skipped/>
  </testcase>
  <testcase name="testJavaStaticQueryWithParameter()" classname="de.uka.ilkd.key.parser.TestTermParser" time="0.003"/>
  <testcase name="testParsingArrayCombination()" classname="de.uka.ilkd.key.parser.TestTermParser" time="0.002"/>
  <system-out><![CDATA[253038     INFO  Test worker     d.u.i.k.n.KeyIO           Parsing took 1 ms 
253038     INFO  Test worker     d.u.i.k.n.KeyIO           MODE: declarations took 0 ms 
253042     WARN  Test worker     d.u.i.k.j.r.KeYCrossReferenceNameInfo Datatype T declared twice: Once in UNKNOWN:unknown and once in UNKNOWN:unknown, Keeping one from UNKNOWN:unknown 
253106     INFO  Test worker     d.u.i.k.n.KeyIO           Parsing took 0 ms 
253106     INFO  Test worker     d.u.i.k.n.KeyIO           MODE: declarations took 0 ms 
253158     WARN  Test worker     d.u.i.k.j.r.KeYCrossReferenceNameInfo Datatype T declared twice: Once in UNKNOWN:unknown and once in UNKNOWN:unknown, Keeping one from UNKNOWN:unknown 
253221     INFO  Test worker     d.u.i.k.n.KeyIO           Parsing took 0 ms 
253226     INFO  Test worker     d.u.i.k.n.KeyIO           MODE: declarations took 1 ms 
253229     WARN  Test worker     d.u.i.k.j.r.KeYCrossReferenceNameInfo Datatype T declared twice: Once in UNKNOWN:unknown and once in UNKNOWN:unknown, Keeping one from UNKNOWN:unknown 
253296     INFO  Test worker     d.u.i.k.n.KeyIO           Parsing took 1 ms 
253297     INFO  Test worker     d.u.i.k.n.KeyIO           MODE: declarations took 0 ms 
253298     WARN  Test worker     d.u.i.k.j.r.KeYCrossReferenceNameInfo Datatype T declared twice: Once in UNKNOWN:unknown and once in UNKNOWN:unknown, Keeping one from UNKNOWN:unknown 
253360     WARN  Test worker     d.u.i.k.j.r.KeYCrossReferenceNameInfo Datatype T declared twice: Once in UNKNOWN:unknown and once in UNKNOWN:unknown, Keeping one from UNKNOWN:unknown 
253421     INFO  Test worker     d.u.i.k.n.KeyIO           Parsing took 1 ms 
253421     INFO  Test worker     d.u.i.k.n.KeyIO           MODE: declarations took 0 ms 
253422     INFO  Test worker     d.u.i.k.p.TestTermParser  Out: \<{
  int x = 1;
  {
    int s = 2;
  }
}\> (equals(x,x)) 
253423     WARN  Test worker     d.u.i.k.j.r.KeYCrossReferenceNameInfo Datatype T declared twice: Once in UNKNOWN:unknown and once in UNKNOWN:unknown, Keeping one from UNKNOWN:unknown 
253483     INFO  Test worker     d.u.i.k.n.KeyIO           Parsing took 1 ms 
253483     INFO  Test worker     d.u.i.k.n.KeyIO           MODE: declarations took 0 ms 
253484     INFO  Test worker     d.u.i.k.p.TestTermParser  Out: \[{
  int x = 2;
  {
    String s = ""}";
  }
}\] (true) 
253492     WARN  Test worker     d.u.i.k.j.r.KeYCrossReferenceNameInfo Datatype T declared twice: Once in UNKNOWN:unknown and once in UNKNOWN:unknown, Keeping one from UNKNOWN:unknown 
253560     WARN  Test worker     d.u.i.k.j.r.KeYCrossReferenceNameInfo Datatype T declared twice: Once in UNKNOWN:unknown and once in UNKNOWN:unknown, Keeping one from UNKNOWN:unknown 
253623     INFO  Test worker     d.u.i.k.n.KeyIO           Parsing took 0 ms 
253623     INFO  Test worker     d.u.i.k.n.KeyIO           MODE: declarations took 0 ms 
253628     WARN  Test worker     d.u.i.k.j.r.KeYCrossReferenceNameInfo Datatype T declared twice: Once in UNKNOWN:unknown and once in UNKNOWN:unknown, Keeping one from UNKNOWN:unknown 
253692     INFO  Test worker     d.u.i.k.n.KeyIO           Parsing took 0 ms 
253692     INFO  Test worker     d.u.i.k.n.KeyIO           MODE: declarations took 0 ms 
253694     INFO  Test worker     d.u.i.k.p.TestTermParser  Out: \<{
  int[] i;
}\> (diamond(true)) 
253695     WARN  Test worker     d.u.i.k.j.r.KeYCrossReferenceNameInfo Datatype T declared twice: Once in UNKNOWN:unknown and once in UNKNOWN:unknown, Keeping one from UNKNOWN:unknown 
253759     INFO  Test worker     d.u.i.k.n.KeyIO           Parsing took 1 ms 
253759     INFO  Test worker     d.u.i.k.n.KeyIO           MODE: declarations took 0 ms 
253761     WARN  Test worker     d.u.i.k.j.r.KeYCrossReferenceNameInfo Datatype T declared twice: Once in UNKNOWN:unknown and once in UNKNOWN:unknown, Keeping one from UNKNOWN:unknown 
253823     INFO  Test worker     d.u.i.k.n.KeyIO           Parsing took 0 ms 
253823     INFO  Test worker     d.u.i.k.n.KeyIO           MODE: declarations took 0 ms 
253826     WARN  Test worker     d.u.i.k.j.r.KeYCrossReferenceNameInfo Datatype T declared twice: Once in UNKNOWN:unknown and once in UNKNOWN:unknown, Keeping one from UNKNOWN:unknown 
253889     INFO  Test worker     d.u.i.k.n.KeyIO           Parsing took 0 ms 
253890     INFO  Test worker     d.u.i.k.n.KeyIO           MODE: declarations took 1 ms 
253892     WARN  Test worker     d.u.i.k.j.r.KeYCrossReferenceNameInfo Datatype T declared twice: Once in UNKNOWN:unknown and once in UNKNOWN:unknown, Keeping one from UNKNOWN:unknown 
253957     INFO  Test worker     d.u.i.k.n.KeyIO           Parsing took 0 ms 
253957     INFO  Test worker     d.u.i.k.n.KeyIO           MODE: declarations took 0 ms 
253958     WARN  Test worker     d.u.i.k.j.r.KeYCrossReferenceNameInfo Datatype T declared twice: Once in UNKNOWN:unknown and once in UNKNOWN:unknown, Keeping one from UNKNOWN:unknown 
254019     INFO  Test worker     d.u.i.k.n.KeyIO           Parsing took 0 ms 
254020     INFO  Test worker     d.u.i.k.n.KeyIO           MODE: declarations took 0 ms 
254021     WARN  Test worker     d.u.i.k.j.r.KeYCrossReferenceNameInfo Datatype T declared twice: Once in UNKNOWN:unknown and once in UNKNOWN:unknown, Keeping one from UNKNOWN:unknown 
254084     INFO  Test worker     d.u.i.k.n.KeyIO           Parsing took 1 ms 
254084     INFO  Test worker     d.u.i.k.n.KeyIO           MODE: declarations took 0 ms 
254085     WARN  Test worker     d.u.i.k.j.r.KeYCrossReferenceNameInfo Datatype T declared twice: Once in UNKNOWN:unknown and once in UNKNOWN:unknown, Keeping one from UNKNOWN:unknown 
254147     WARN  Test worker     d.u.i.k.j.r.KeYCrossReferenceNameInfo Datatype T declared twice: Once in UNKNOWN:unknown and once in UNKNOWN:unknown, Keeping one from UNKNOWN:unknown 
254209     INFO  Test worker     d.u.i.k.n.KeyIO           Parsing took 0 ms 
254209     INFO  Test worker     d.u.i.k.n.KeyIO           MODE: declarations took 0 ms 
254210     WARN  Test worker     d.u.i.k.j.r.KeYCrossReferenceNameInfo Datatype T declared twice: Once in UNKNOWN:unknown and once in UNKNOWN:unknown, Keeping one from UNKNOWN:unknown 
254272     INFO  Test worker     d.u.i.k.n.KeyIO           Parsing took 0 ms 
254272     INFO  Test worker     d.u.i.k.n.KeyIO           MODE: declarations took 0 ms 
254273     WARN  Test worker     d.u.i.k.j.r.KeYCrossReferenceNameInfo Datatype T declared twice: Once in UNKNOWN:unknown and once in UNKNOWN:unknown, Keeping one from UNKNOWN:unknown 
254336     INFO  Test worker     d.u.i.k.n.KeyIO           Parsing took 0 ms 
254336     INFO  Test worker     d.u.i.k.n.KeyIO           MODE: declarations took 0 ms 
254338     WARN  Test worker     d.u.i.k.j.r.KeYCrossReferenceNameInfo Datatype T declared twice: Once in UNKNOWN:unknown and once in UNKNOWN:unknown, Keeping one from UNKNOWN:unknown 
254398     INFO  Test worker     d.u.i.k.n.KeyIO           Parsing took 0 ms 
254398     INFO  Test worker     d.u.i.k.n.KeyIO           MODE: declarations took 0 ms 
254400     WARN  Test worker     d.u.i.k.j.r.KeYCrossReferenceNameInfo Datatype T declared twice: Once in UNKNOWN:unknown and once in UNKNOWN:unknown, Keeping one from UNKNOWN:unknown 
254505     INFO  Test worker     d.u.i.k.n.KeyIO           Parsing took 1 ms 
254505     INFO  Test worker     d.u.i.k.n.KeyIO           MODE: declarations took 0 ms 
254506     WARN  Test worker     d.u.i.k.j.r.KeYCrossReferenceNameInfo Datatype T declared twice: Once in UNKNOWN:unknown and once in UNKNOWN:unknown, Keeping one from UNKNOWN:unknown 
254568     INFO  Test worker     d.u.i.k.n.KeyIO           Parsing took 0 ms 
254568     INFO  Test worker     d.u.i.k.n.KeyIO           MODE: declarations took 0 ms 
254569     WARN  Test worker     d.u.i.k.j.r.KeYCrossReferenceNameInfo Datatype T declared twice: Once in UNKNOWN:unknown and once in UNKNOWN:unknown, Keeping one from UNKNOWN:unknown 
254630     INFO  Test worker     d.u.i.k.n.KeyIO           Parsing took 0 ms 
254630     INFO  Test worker     d.u.i.k.n.KeyIO           MODE: declarations took 0 ms 
254632     WARN  Test worker     d.u.i.k.j.r.KeYCrossReferenceNameInfo Datatype T declared twice: Once in UNKNOWN:unknown and once in UNKNOWN:unknown, Keeping one from UNKNOWN:unknown 
254693     INFO  Test worker     d.u.i.k.n.KeyIO           Parsing took 0 ms 
254693     INFO  Test worker     d.u.i.k.n.KeyIO           MODE: declarations took 0 ms 
254694     WARN  Test worker     d.u.i.k.j.r.KeYCrossReferenceNameInfo Datatype T declared twice: Once in UNKNOWN:unknown and once in UNKNOWN:unknown, Keeping one from UNKNOWN:unknown 
254755     INFO  Test worker     d.u.i.k.n.KeyIO           Parsing took 0 ms 
254755     INFO  Test worker     d.u.i.k.n.KeyIO           MODE: declarations took 0 ms 
254756     WARN  Test worker     d.u.i.k.j.r.KeYCrossReferenceNameInfo Datatype T declared twice: Once in UNKNOWN:unknown and once in UNKNOWN:unknown, Keeping one from UNKNOWN:unknown 
254816     INFO  Test worker     d.u.i.k.n.KeyIO           Parsing took 0 ms 
254816     INFO  Test worker     d.u.i.k.n.KeyIO           MODE: declarations took 0 ms 
254817     WARN  Test worker     d.u.i.k.j.r.KeYCrossReferenceNameInfo Datatype T declared twice: Once in UNKNOWN:unknown and once in UNKNOWN:unknown, Keeping one from UNKNOWN:unknown 
254877     INFO  Test worker     d.u.i.k.n.KeyIO           Parsing took 0 ms 
254878     INFO  Test worker     d.u.i.k.n.KeyIO           MODE: declarations took 0 ms 
254880     WARN  Test worker     d.u.i.k.j.r.KeYCrossReferenceNameInfo Datatype T declared twice: Once in UNKNOWN:unknown and once in UNKNOWN:unknown, Keeping one from UNKNOWN:unknown 
254940     INFO  Test worker     d.u.i.k.n.KeyIO           Parsing took 0 ms 
254940     INFO  Test worker     d.u.i.k.n.KeyIO           MODE: declarations took 0 ms 
254941     WARN  Test worker     d.u.i.k.j.r.KeYCrossReferenceNameInfo Datatype T declared twice: Once in UNKNOWN:unknown and once in UNKNOWN:unknown, Keeping one from UNKNOWN:unknown 
255001     INFO  Test worker     d.u.i.k.n.KeyIO           Parsing took 0 ms 
255002     INFO  Test worker     d.u.i.k.n.KeyIO           MODE: declarations took 0 ms 
255003     WARN  Test worker     d.u.i.k.j.r.KeYCrossReferenceNameInfo Datatype T declared twice: Once in UNKNOWN:unknown and once in UNKNOWN:unknown, Keeping one from UNKNOWN:unknown 
255063     INFO  Test worker     d.u.i.k.n.KeyIO           Parsing took 0 ms 
255063     INFO  Test worker     d.u.i.k.n.KeyIO           MODE: declarations took 0 ms 
255065     WARN  Test worker     d.u.i.k.j.r.KeYCrossReferenceNameInfo Datatype T declared twice: Once in UNKNOWN:unknown and once in UNKNOWN:unknown, Keeping one from UNKNOWN:unknown 
255125     INFO  Test worker     d.u.i.k.n.KeyIO           Parsing took 1 ms 
255125     INFO  Test worker     d.u.i.k.n.KeyIO           MODE: declarations took 0 ms 
255126     WARN  Test worker     d.u.i.k.j.r.KeYCrossReferenceNameInfo Datatype T declared twice: Once in UNKNOWN:unknown and once in UNKNOWN:unknown, Keeping one from UNKNOWN:unknown 
255186     INFO  Test worker     d.u.i.k.n.KeyIO           Parsing took 0 ms 
255186     INFO  Test worker     d.u.i.k.n.KeyIO           MODE: declarations took 0 ms 
255187     WARN  Test worker     d.u.i.k.j.r.KeYCrossReferenceNameInfo Datatype T declared twice: Once in UNKNOWN:unknown and once in UNKNOWN:unknown, Keeping one from UNKNOWN:unknown 
255247     INFO  Test worker     d.u.i.k.n.KeyIO           Parsing took 0 ms 
255247     INFO  Test worker     d.u.i.k.n.KeyIO           MODE: declarations took 0 ms 
255249     WARN  Test worker     d.u.i.k.j.r.KeYCrossReferenceNameInfo Datatype T declared twice: Once in UNKNOWN:unknown and once in UNKNOWN:unknown, Keeping one from UNKNOWN:unknown 
255309     INFO  Test worker     d.u.i.k.n.KeyIO           Parsing took 0 ms 
255309     INFO  Test worker     d.u.i.k.n.KeyIO           MODE: declarations took 0 ms 
255311     WARN  Test worker     d.u.i.k.j.r.KeYCrossReferenceNameInfo Datatype T declared twice: Once in UNKNOWN:unknown and once in UNKNOWN:unknown, Keeping one from UNKNOWN:unknown 
255372     INFO  Test worker     d.u.i.k.n.KeyIO           Parsing took 0 ms 
255372     INFO  Test worker     d.u.i.k.n.KeyIO           MODE: declarations took 0 ms 
255374     WARN  Test worker     d.u.i.k.j.r.KeYCrossReferenceNameInfo Datatype T declared twice: Once in UNKNOWN:unknown and once in UNKNOWN:unknown, Keeping one from UNKNOWN:unknown 
255435     INFO  Test worker     d.u.i.k.n.KeyIO           Parsing took 0 ms 
255435     INFO  Test worker     d.u.i.k.n.KeyIO           MODE: declarations took 0 ms 
255437     WARN  Test worker     d.u.i.k.j.r.KeYCrossReferenceNameInfo Datatype T declared twice: Once in UNKNOWN:unknown and once in UNKNOWN:unknown, Keeping one from UNKNOWN:unknown 
255497     INFO  Test worker     d.u.i.k.n.KeyIO           Parsing took 0 ms 
255498     INFO  Test worker     d.u.i.k.n.KeyIO           MODE: declarations took 0 ms 
255500     WARN  Test worker     d.u.i.k.j.r.KeYCrossReferenceNameInfo Datatype T declared twice: Once in UNKNOWN:unknown and once in UNKNOWN:unknown, Keeping one from UNKNOWN:unknown 
255562     INFO  Test worker     d.u.i.k.n.KeyIO           Parsing took 0 ms 
255562     INFO  Test worker     d.u.i.k.n.KeyIO           MODE: declarations took 0 ms 
255563     WARN  Test worker     d.u.i.k.j.r.KeYCrossReferenceNameInfo Datatype T declared twice: Once in UNKNOWN:unknown and once in UNKNOWN:unknown, Keeping one from UNKNOWN:unknown 
255624     INFO  Test worker     d.u.i.k.n.KeyIO           Parsing took 0 ms 
255625     INFO  Test worker     d.u.i.k.n.KeyIO           MODE: declarations took 1 ms 
255626     WARN  Test worker     d.u.i.k.j.r.KeYCrossReferenceNameInfo Datatype T declared twice: Once in UNKNOWN:unknown and once in UNKNOWN:unknown, Keeping one from UNKNOWN:unknown 
255687     INFO  Test worker     d.u.i.k.n.KeyIO           Parsing took 0 ms 
255688     INFO  Test worker     d.u.i.k.n.KeyIO           MODE: declarations took 0 ms 
255689     WARN  Test worker     d.u.i.k.j.r.KeYCrossReferenceNameInfo Datatype T declared twice: Once in UNKNOWN:unknown and once in UNKNOWN:unknown, Keeping one from UNKNOWN:unknown 
255750     INFO  Test worker     d.u.i.k.n.KeyIO           Parsing took 0 ms 
255750     INFO  Test worker     d.u.i.k.n.KeyIO           MODE: declarations took 0 ms 
255751     WARN  Test worker     d.u.i.k.j.r.KeYCrossReferenceNameInfo Datatype T declared twice: Once in UNKNOWN:unknown and once in UNKNOWN:unknown, Keeping one from UNKNOWN:unknown 
255812     INFO  Test worker     d.u.i.k.n.KeyIO           Parsing took 0 ms 
255813     INFO  Test worker     d.u.i.k.n.KeyIO           MODE: declarations took 0 ms 
255814     WARN  Test worker     d.u.i.k.j.r.KeYCrossReferenceNameInfo Datatype T declared twice: Once in UNKNOWN:unknown and once in UNKNOWN:unknown, Keeping one from UNKNOWN:unknown 
255876     INFO  Test worker     d.u.i.k.n.KeyIO           Parsing took 1 ms 
255876     INFO  Test worker     d.u.i.k.n.KeyIO           MODE: declarations took 0 ms 
255878     WARN  Test worker     d.u.i.k.j.r.KeYCrossReferenceNameInfo Datatype T declared twice: Once in UNKNOWN:unknown and once in UNKNOWN:unknown, Keeping one from UNKNOWN:unknown 
255939     WARN  Test worker     d.u.i.k.j.r.KeYCrossReferenceNameInfo Datatype T declared twice: Once in UNKNOWN:unknown and once in UNKNOWN:unknown, Keeping one from UNKNOWN:unknown 
256000     INFO  Test worker     d.u.i.k.n.KeyIO           Parsing took 1 ms 
256000     INFO  Test worker     d.u.i.k.n.KeyIO           MODE: declarations took 0 ms 
256002     WARN  Test worker     d.u.i.k.j.r.KeYCrossReferenceNameInfo Datatype T declared twice: Once in UNKNOWN:unknown and once in UNKNOWN:unknown, Keeping one from UNKNOWN:unknown 
256064     INFO  Test worker     d.u.i.k.n.KeyIO           Parsing took 1 ms 
256064     INFO  Test worker     d.u.i.k.n.KeyIO           MODE: declarations took 0 ms 
]]></system-out>
  <system-err><![CDATA[]]></system-err>
</testsuite>
