<?xml version="1.0" encoding="UTF-8"?>
<testsuite name="de.uka.ilkd.key.logic.TestClashFreeSubst" tests="14" skipped="2" failures="0" errors="0" timestamp="2023-04-04T15:04:53" hostname="fv-az363-851" time="41.574">
  <properties/>
  <testcase name="testMultiShareBound()" classname="de.uka.ilkd.key.logic.TestClashFreeSubst" time="0.818"/>
  <testcase name="testClash()" classname="de.uka.ilkd.key.logic.TestClashFreeSubst" time="0.78"/>
  <testcase name="testShare()" classname="de.uka.ilkd.key.logic.TestClashFreeSubst" time="0.772"/>
  <testcase name="testSubst()" classname="de.uka.ilkd.key.logic.TestClashFreeSubst" time="0.76"/>
  <testcase name="testWary0()" classname="de.uka.ilkd.key.logic.TestClashFreeSubst" time="0.76"/>
  <testcase name="testWary1()" classname="de.uka.ilkd.key.logic.TestClashFreeSubst" time="0.757"/>
  <testcase name="testWary2()" classname="de.uka.ilkd.key.logic.TestClashFreeSubst" time="0.757"/>
  <testcase name="testClashInSubstTerm()" classname="de.uka.ilkd.key.logic.TestClashFreeSubst" time="0.756"/>
  <testcase name="testShareWary()" classname="de.uka.ilkd.key.logic.TestClashFreeSubst" time="0.757"/>
  <testcase name="testMultiSubst()" classname="de.uka.ilkd.key.logic.TestClashFreeSubst" time="0.752"/>
  <testcase name="xtestMultiClash()" classname="de.uka.ilkd.key.logic.TestClashFreeSubst" time="0.008">
    <skipped/>
  </testcase>
  <testcase name="testSubstInSubstTerm()" classname="de.uka.ilkd.key.logic.TestClashFreeSubst" time="0.763"/>
  <testcase name="testSubstWary()" classname="de.uka.ilkd.key.logic.TestClashFreeSubst" time="0.759"/>
  <testcase name="xtestMultiClash1()" classname="de.uka.ilkd.key.logic.TestClashFreeSubst" time="0.0">
    <skipped/>
  </testcase>
  <system-out><![CDATA[30531      INFO  Test worker     d.u.i.k.n.KeyIO           Parsing took 0 ms 
30533      INFO  Test worker     d.u.i.k.n.KeyIO           MODE: declarations took 1 ms 
31346      INFO  Test worker     d.u.i.k.n.KeyIO           Parsing took 0 ms 
31346      INFO  Test worker     d.u.i.k.n.KeyIO           MODE: declarations took 0 ms 
33952      INFO  Test worker     d.u.i.k.n.KeyIO           Parsing took 0 ms 
33952      INFO  Test worker     d.u.i.k.n.KeyIO           MODE: declarations took 0 ms 
34725      INFO  Test worker     d.u.i.k.n.KeyIO           Parsing took 0 ms 
34726      INFO  Test worker     d.u.i.k.n.KeyIO           MODE: declarations took 0 ms 
37234      INFO  Test worker     d.u.i.k.n.KeyIO           Parsing took 0 ms 
37234      INFO  Test worker     d.u.i.k.n.KeyIO           MODE: declarations took 0 ms 
38003      INFO  Test worker     d.u.i.k.n.KeyIO           Parsing took 0 ms 
38003      INFO  Test worker     d.u.i.k.n.KeyIO           MODE: declarations took 0 ms 
40518      INFO  Test worker     d.u.i.k.n.KeyIO           Parsing took 0 ms 
40518      INFO  Test worker     d.u.i.k.n.KeyIO           MODE: declarations took 0 ms 
41275      INFO  Test worker     d.u.i.k.n.KeyIO           Parsing took 1 ms 
41275      INFO  Test worker     d.u.i.k.n.KeyIO           MODE: declarations took 0 ms 
43756      INFO  Test worker     d.u.i.k.n.KeyIO           Parsing took 0 ms 
43756      INFO  Test worker     d.u.i.k.n.KeyIO           MODE: declarations took 0 ms 
44512      INFO  Test worker     d.u.i.k.n.KeyIO           Parsing took 0 ms 
44512      INFO  Test worker     d.u.i.k.n.KeyIO           MODE: declarations took 0 ms 
47027      INFO  Test worker     d.u.i.k.n.KeyIO           Parsing took 0 ms 
47027      INFO  Test worker     d.u.i.k.n.KeyIO           MODE: declarations took 0 ms 
47781      INFO  Test worker     d.u.i.k.n.KeyIO           Parsing took 0 ms 
47782      INFO  Test worker     d.u.i.k.n.KeyIO           MODE: declarations took 1 ms 
50249      INFO  Test worker     d.u.i.k.n.KeyIO           Parsing took 0 ms 
50249      INFO  Test worker     d.u.i.k.n.KeyIO           MODE: declarations took 0 ms 
51002      INFO  Test worker     d.u.i.k.n.KeyIO           Parsing took 0 ms 
51003      INFO  Test worker     d.u.i.k.n.KeyIO           MODE: declarations took 0 ms 
53494      INFO  Test worker     d.u.i.k.n.KeyIO           Parsing took 0 ms 
53494      INFO  Test worker     d.u.i.k.n.KeyIO           MODE: declarations took 0 ms 
54247      INFO  Test worker     d.u.i.k.n.KeyIO           Parsing took 0 ms 
54247      INFO  Test worker     d.u.i.k.n.KeyIO           MODE: declarations took 0 ms 
56719      INFO  Test worker     d.u.i.k.n.KeyIO           Parsing took 0 ms 
56719      INFO  Test worker     d.u.i.k.n.KeyIO           MODE: declarations took 0 ms 
57473      INFO  Test worker     d.u.i.k.n.KeyIO           Parsing took 0 ms 
57474      INFO  Test worker     d.u.i.k.n.KeyIO           MODE: declarations took 0 ms 
59943      INFO  Test worker     d.u.i.k.n.KeyIO           Parsing took 0 ms 
59943      INFO  Test worker     d.u.i.k.n.KeyIO           MODE: declarations took 0 ms 
60692      INFO  Test worker     d.u.i.k.n.KeyIO           Parsing took 0 ms 
60693      INFO  Test worker     d.u.i.k.n.KeyIO           MODE: declarations took 0 ms 
65654      INFO  Test worker     d.u.i.k.n.KeyIO           Parsing took 0 ms 
65654      INFO  Test worker     d.u.i.k.n.KeyIO           MODE: declarations took 0 ms 
66414      INFO  Test worker     d.u.i.k.n.KeyIO           Parsing took 1 ms 
66414      INFO  Test worker     d.u.i.k.n.KeyIO           MODE: declarations took 0 ms 
68883      INFO  Test worker     d.u.i.k.n.KeyIO           Parsing took 0 ms 
68884      INFO  Test worker     d.u.i.k.n.KeyIO           MODE: declarations took 0 ms 
69639      INFO  Test worker     d.u.i.k.n.KeyIO           Parsing took 0 ms 
69640      INFO  Test worker     d.u.i.k.n.KeyIO           MODE: declarations took 0 ms 
]]></system-out>
  <system-err><![CDATA[]]></system-err>
</testsuite>
