<?xml version="1.0" encoding="UTF-8"?>
<testsuite name="de.uka.ilkd.key.parser.TestTermParserHeap" tests="39" skipped="0" failures="0" errors="0" timestamp="2023-04-04T15:08:41" hostname="fv-az363-851" time="94.465">
  <properties/>
  <testcase name="testBracketHeapUpdate()" classname="de.uka.ilkd.key.parser.TestTermParserHeap" time="0.016"/>
  <testcase name="testStore()" classname="de.uka.ilkd.key.parser.TestTermParserHeap" time="0.006"/>
  <testcase name="testUnknownConstant()" classname="de.uka.ilkd.key.parser.TestTermParserHeap" time="0.001"/>
  <testcase name="testAllFieldsSelector()" classname="de.uka.ilkd.key.parser.TestTermParserHeap" time="0.001"/>
  <testcase name="testParsePrettyPrintedSelect()" classname="de.uka.ilkd.key.parser.TestTermParserHeap" time="0.001"/>
  <testcase name="testAccessStaticMembers()" classname="de.uka.ilkd.key.parser.TestTermParserHeap" time="0.002"/>
  <testcase name="testAtOperator_1()" classname="de.uka.ilkd.key.parser.TestTermParserHeap" time="0.001"/>
  <testcase name="testAtOperator_2()" classname="de.uka.ilkd.key.parser.TestTermParserHeap" time="0.001"/>
  <testcase name="testAtOperator_3()" classname="de.uka.ilkd.key.parser.TestTermParserHeap" time="0.001"/>
  <testcase name="testAtOperator_4()" classname="de.uka.ilkd.key.parser.TestTermParserHeap" time="0.004"/>
  <testcase name="testAtOperator_5()" classname="de.uka.ilkd.key.parser.TestTermParserHeap" time="0.002"/>
  <testcase name="testAtOperator_6()" classname="de.uka.ilkd.key.parser.TestTermParserHeap" time="0.001"/>
  <testcase name="testAtOperator_7()" classname="de.uka.ilkd.key.parser.TestTermParserHeap" time="0.001"/>
  <testcase name="testAtOperator_8()" classname="de.uka.ilkd.key.parser.TestTermParserHeap" time="0.002"/>
  <testcase name="testVerifyExceptionIfAtOperatorNotPreceededBySelectTerm()" classname="de.uka.ilkd.key.parser.TestTermParserHeap" time="0.004"/>
  <testcase name="testBugResettingCounter()" classname="de.uka.ilkd.key.parser.TestTermParserHeap" time="0.002"/>
  <testcase name="testLocationSets()" classname="de.uka.ilkd.key.parser.TestTermParserHeap" time="0.002"/>
  <testcase name="testQuantifiedSelect()" classname="de.uka.ilkd.key.parser.TestTermParserHeap" time="0.006"/>
  <testcase name="testGenericObjectProperties()" classname="de.uka.ilkd.key.parser.TestTermParserHeap" time="0.003"/>
  <testcase name="testQueryInheritance_1()" classname="de.uka.ilkd.key.parser.TestTermParserHeap" time="0.002"/>
  <testcase name="testQueryInheritance_2()" classname="de.uka.ilkd.key.parser.TestTermParserHeap" time="0.003"/>
  <testcase name="testQueryInheritance_3()" classname="de.uka.ilkd.key.parser.TestTermParserHeap" time="0.005"/>
  <testcase name="testQueryInheritance_4()" classname="de.uka.ilkd.key.parser.TestTermParserHeap" time="0.002"/>
  <testcase name="testQueryInheritance_5()" classname="de.uka.ilkd.key.parser.TestTermParserHeap" time="0.001"/>
  <testcase name="testQueryInheritance_6()" classname="de.uka.ilkd.key.parser.TestTermParserHeap" time="0.001"/>
  <testcase name="testQueryInheritance_7()" classname="de.uka.ilkd.key.parser.TestTermParserHeap" time="0.001"/>
  <testcase name="testQueryInheritance_8()" classname="de.uka.ilkd.key.parser.TestTermParserHeap" time="0.001"/>
  <testcase name="testQueryInheritance_9()" classname="de.uka.ilkd.key.parser.TestTermParserHeap" time="0.001"/>
  <testcase name="testQueryBasic_10()" classname="de.uka.ilkd.key.parser.TestTermParserHeap" time="0.003"/>
  <testcase name="testQueryBasic_11()" classname="de.uka.ilkd.key.parser.TestTermParserHeap" time="0.002"/>
  <testcase name="testQueryBasic_1()" classname="de.uka.ilkd.key.parser.TestTermParserHeap" time="0.0"/>
  <testcase name="testQueryBasic_2()" classname="de.uka.ilkd.key.parser.TestTermParserHeap" time="0.001"/>
  <testcase name="testQueryBasic_3()" classname="de.uka.ilkd.key.parser.TestTermParserHeap" time="0.001"/>
  <testcase name="testQueryBasic_4()" classname="de.uka.ilkd.key.parser.TestTermParserHeap" time="0.003"/>
  <testcase name="testQueryBasic_5()" classname="de.uka.ilkd.key.parser.TestTermParserHeap" time="0.002"/>
  <testcase name="testQueryBasic_6()" classname="de.uka.ilkd.key.parser.TestTermParserHeap" time="0.002"/>
  <testcase name="testQueryBasic_7()" classname="de.uka.ilkd.key.parser.TestTermParserHeap" time="0.001"/>
  <testcase name="testQueryBasic_8()" classname="de.uka.ilkd.key.parser.TestTermParserHeap" time="0.002"/>
  <testcase name="testQueryBasic_9()" classname="de.uka.ilkd.key.parser.TestTermParserHeap" time="0.001"/>
  <system-out><![CDATA[258631     INFO  Test worker     d.u.i.k.n.KeyIO           Parsing took 0 ms 
258632     INFO  Test worker     d.u.i.k.n.KeyIO           MODE: declarations took 1 ms 
258632     INFO  Test worker     d.u.i.k.n.KeyIO           Parsing took 0 ms 
258632     INFO  Test worker     d.u.i.k.n.KeyIO           MODE: declarations took 0 ms 
258632     INFO  Test worker     d.u.i.k.n.KeyIO           Parsing took 0 ms 
258632     INFO  Test worker     d.u.i.k.n.KeyIO           MODE: declarations took 0 ms 
258632     INFO  Test worker     d.u.i.k.n.KeyIO           Parsing took 0 ms 
258632     INFO  Test worker     d.u.i.k.n.KeyIO           MODE: declarations took 0 ms 
258632     INFO  Test worker     d.u.i.k.n.KeyIO           Parsing took 0 ms 
258632     INFO  Test worker     d.u.i.k.n.KeyIO           MODE: declarations took 0 ms 
261206     INFO  Test worker     d.u.i.k.n.KeyIO           Parsing took 1 ms 
261206     INFO  Test worker     d.u.i.k.n.KeyIO           MODE: declarations took 0 ms 
261206     INFO  Test worker     d.u.i.k.n.KeyIO           Parsing took 0 ms 
261206     INFO  Test worker     d.u.i.k.n.KeyIO           MODE: declarations took 0 ms 
261206     INFO  Test worker     d.u.i.k.n.KeyIO           Parsing took 0 ms 
261206     INFO  Test worker     d.u.i.k.n.KeyIO           MODE: declarations took 0 ms 
261206     INFO  Test worker     d.u.i.k.n.KeyIO           Parsing took 0 ms 
261206     INFO  Test worker     d.u.i.k.n.KeyIO           MODE: declarations took 0 ms 
261206     INFO  Test worker     d.u.i.k.n.KeyIO           Parsing took 0 ms 
261206     INFO  Test worker     d.u.i.k.n.KeyIO           MODE: declarations took 0 ms 
263723     INFO  Test worker     d.u.i.k.n.KeyIO           Parsing took 0 ms 
263723     INFO  Test worker     d.u.i.k.n.KeyIO           MODE: declarations took 0 ms 
263723     INFO  Test worker     d.u.i.k.n.KeyIO           Parsing took 0 ms 
263723     INFO  Test worker     d.u.i.k.n.KeyIO           MODE: declarations took 0 ms 
263723     INFO  Test worker     d.u.i.k.n.KeyIO           Parsing took 0 ms 
263723     INFO  Test worker     d.u.i.k.n.KeyIO           MODE: declarations took 0 ms 
263723     INFO  Test worker     d.u.i.k.n.KeyIO           Parsing took 0 ms 
263723     INFO  Test worker     d.u.i.k.n.KeyIO           MODE: declarations took 0 ms 
263723     INFO  Test worker     d.u.i.k.n.KeyIO           Parsing took 0 ms 
263723     INFO  Test worker     d.u.i.k.n.KeyIO           MODE: declarations took 0 ms 
263723     INFO  Test worker     d.u.i.k.n.KeyIO           Parsing took 0 ms 
263723     INFO  Test worker     d.u.i.k.n.KeyIO           MODE: declarations took 0 ms 
266224     INFO  Test worker     d.u.i.k.n.KeyIO           Parsing took 0 ms 
266224     INFO  Test worker     d.u.i.k.n.KeyIO           MODE: declarations took 0 ms 
266224     INFO  Test worker     d.u.i.k.n.KeyIO           Parsing took 0 ms 
266224     INFO  Test worker     d.u.i.k.n.KeyIO           MODE: declarations took 0 ms 
266224     INFO  Test worker     d.u.i.k.n.KeyIO           Parsing took 0 ms 
266225     INFO  Test worker     d.u.i.k.n.KeyIO           MODE: declarations took 1 ms 
266225     INFO  Test worker     d.u.i.k.n.KeyIO           Parsing took 0 ms 
266225     INFO  Test worker     d.u.i.k.n.KeyIO           MODE: declarations took 0 ms 
266225     INFO  Test worker     d.u.i.k.n.KeyIO           Parsing took 0 ms 
266225     INFO  Test worker     d.u.i.k.n.KeyIO           MODE: declarations took 0 ms 
268767     INFO  Test worker     d.u.i.k.n.KeyIO           Parsing took 0 ms 
268767     INFO  Test worker     d.u.i.k.n.KeyIO           MODE: declarations took 0 ms 
268767     INFO  Test worker     d.u.i.k.n.KeyIO           Parsing took 0 ms 
268767     INFO  Test worker     d.u.i.k.n.KeyIO           MODE: declarations took 0 ms 
268767     INFO  Test worker     d.u.i.k.n.KeyIO           Parsing took 0 ms 
268767     INFO  Test worker     d.u.i.k.n.KeyIO           MODE: declarations took 0 ms 
268767     INFO  Test worker     d.u.i.k.n.KeyIO           Parsing took 0 ms 
268767     INFO  Test worker     d.u.i.k.n.KeyIO           MODE: declarations took 0 ms 
268767     INFO  Test worker     d.u.i.k.n.KeyIO           Parsing took 0 ms 
268767     INFO  Test worker     d.u.i.k.n.KeyIO           MODE: declarations took 0 ms 
271252     INFO  Test worker     d.u.i.k.n.KeyIO           Parsing took 0 ms 
271252     INFO  Test worker     d.u.i.k.n.KeyIO           MODE: declarations took 0 ms 
271252     INFO  Test worker     d.u.i.k.n.KeyIO           Parsing took 0 ms 
271252     INFO  Test worker     d.u.i.k.n.KeyIO           MODE: declarations took 0 ms 
271252     INFO  Test worker     d.u.i.k.n.KeyIO           Parsing took 0 ms 
271252     INFO  Test worker     d.u.i.k.n.KeyIO           MODE: declarations took 0 ms 
271252     INFO  Test worker     d.u.i.k.n.KeyIO           Parsing took 0 ms 
271252     INFO  Test worker     d.u.i.k.n.KeyIO           MODE: declarations took 0 ms 
271252     INFO  Test worker     d.u.i.k.n.KeyIO           Parsing took 0 ms 
271252     INFO  Test worker     d.u.i.k.n.KeyIO           MODE: declarations took 0 ms 
273755     INFO  Test worker     d.u.i.k.n.KeyIO           Parsing took 0 ms 
273755     INFO  Test worker     d.u.i.k.n.KeyIO           MODE: declarations took 0 ms 
273755     INFO  Test worker     d.u.i.k.n.KeyIO           Parsing took 0 ms 
273755     INFO  Test worker     d.u.i.k.n.KeyIO           MODE: declarations took 0 ms 
273755     INFO  Test worker     d.u.i.k.n.KeyIO           Parsing took 0 ms 
273755     INFO  Test worker     d.u.i.k.n.KeyIO           MODE: declarations took 0 ms 
273755     INFO  Test worker     d.u.i.k.n.KeyIO           Parsing took 0 ms 
273755     INFO  Test worker     d.u.i.k.n.KeyIO           MODE: declarations took 0 ms 
273755     INFO  Test worker     d.u.i.k.n.KeyIO           Parsing took 0 ms 
273755     INFO  Test worker     d.u.i.k.n.KeyIO           MODE: declarations took 0 ms 
276219     INFO  Test worker     d.u.i.k.n.KeyIO           Parsing took 0 ms 
276219     INFO  Test worker     d.u.i.k.n.KeyIO           MODE: declarations took 0 ms 
276219     INFO  Test worker     d.u.i.k.n.KeyIO           Parsing took 0 ms 
276219     INFO  Test worker     d.u.i.k.n.KeyIO           MODE: declarations took 0 ms 
276219     INFO  Test worker     d.u.i.k.n.KeyIO           Parsing took 0 ms 
276219     INFO  Test worker     d.u.i.k.n.KeyIO           MODE: declarations took 0 ms 
276219     INFO  Test worker     d.u.i.k.n.KeyIO           Parsing took 0 ms 
276219     INFO  Test worker     d.u.i.k.n.KeyIO           MODE: declarations took 0 ms 
276219     INFO  Test worker     d.u.i.k.n.KeyIO           Parsing took 0 ms 
276219     INFO  Test worker     d.u.i.k.n.KeyIO           MODE: declarations took 0 ms 
278680     INFO  Test worker     d.u.i.k.n.KeyIO           Parsing took 0 ms 
278680     INFO  Test worker     d.u.i.k.n.KeyIO           MODE: declarations took 0 ms 
278680     INFO  Test worker     d.u.i.k.n.KeyIO           Parsing took 0 ms 
278680     INFO  Test worker     d.u.i.k.n.KeyIO           MODE: declarations took 0 ms 
278680     INFO  Test worker     d.u.i.k.n.KeyIO           Parsing took 0 ms 
278680     INFO  Test worker     d.u.i.k.n.KeyIO           MODE: declarations took 0 ms 
278680     INFO  Test worker     d.u.i.k.n.KeyIO           Parsing took 0 ms 
278680     INFO  Test worker     d.u.i.k.n.KeyIO           MODE: declarations took 0 ms 
278680     INFO  Test worker     d.u.i.k.n.KeyIO           Parsing took 0 ms 
278680     INFO  Test worker     d.u.i.k.n.KeyIO           MODE: declarations took 0 ms 
281170     INFO  Test worker     d.u.i.k.n.KeyIO           Parsing took 0 ms 
281170     INFO  Test worker     d.u.i.k.n.KeyIO           MODE: declarations took 0 ms 
281170     INFO  Test worker     d.u.i.k.n.KeyIO           Parsing took 0 ms 
281170     INFO  Test worker     d.u.i.k.n.KeyIO           MODE: declarations took 0 ms 
281170     INFO  Test worker     d.u.i.k.n.KeyIO           Parsing took 0 ms 
281170     INFO  Test worker     d.u.i.k.n.KeyIO           MODE: declarations took 0 ms 
281170     INFO  Test worker     d.u.i.k.n.KeyIO           Parsing took 0 ms 
281170     INFO  Test worker     d.u.i.k.n.KeyIO           MODE: declarations took 0 ms 
281170     INFO  Test worker     d.u.i.k.n.KeyIO           Parsing took 0 ms 
281170     INFO  Test worker     d.u.i.k.n.KeyIO           MODE: declarations took 0 ms 
283639     INFO  Test worker     d.u.i.k.n.KeyIO           Parsing took 0 ms 
283640     INFO  Test worker     d.u.i.k.n.KeyIO           MODE: declarations took 0 ms 
283640     INFO  Test worker     d.u.i.k.n.KeyIO           Parsing took 0 ms 
283640     INFO  Test worker     d.u.i.k.n.KeyIO           MODE: declarations took 0 ms 
283640     INFO  Test worker     d.u.i.k.n.KeyIO           Parsing took 0 ms 
283640     INFO  Test worker     d.u.i.k.n.KeyIO           MODE: declarations took 0 ms 
283640     INFO  Test worker     d.u.i.k.n.KeyIO           Parsing took 0 ms 
283640     INFO  Test worker     d.u.i.k.n.KeyIO           MODE: declarations took 0 ms 
283640     INFO  Test worker     d.u.i.k.n.KeyIO           Parsing took 0 ms 
283640     INFO  Test worker     d.u.i.k.n.KeyIO           MODE: declarations took 0 ms 
286130     INFO  Test worker     d.u.i.k.n.KeyIO           Parsing took 0 ms 
286130     INFO  Test worker     d.u.i.k.n.KeyIO           MODE: declarations took 0 ms 
286130     INFO  Test worker     d.u.i.k.n.KeyIO           Parsing took 0 ms 
286130     INFO  Test worker     d.u.i.k.n.KeyIO           MODE: declarations took 0 ms 
286130     INFO  Test worker     d.u.i.k.n.KeyIO           Parsing took 0 ms 
286130     INFO  Test worker     d.u.i.k.n.KeyIO           MODE: declarations took 0 ms 
286130     INFO  Test worker     d.u.i.k.n.KeyIO           Parsing took 0 ms 
286130     INFO  Test worker     d.u.i.k.n.KeyIO           MODE: declarations took 0 ms 
286130     INFO  Test worker     d.u.i.k.n.KeyIO           Parsing took 0 ms 
286130     INFO  Test worker     d.u.i.k.n.KeyIO           MODE: declarations took 0 ms 
288610     INFO  Test worker     d.u.i.k.n.KeyIO           Parsing took 0 ms 
288610     INFO  Test worker     d.u.i.k.n.KeyIO           MODE: declarations took 0 ms 
288610     INFO  Test worker     d.u.i.k.n.KeyIO           Parsing took 0 ms 
288610     INFO  Test worker     d.u.i.k.n.KeyIO           MODE: declarations took 0 ms 
288610     INFO  Test worker     d.u.i.k.n.KeyIO           Parsing took 0 ms 
288611     INFO  Test worker     d.u.i.k.n.KeyIO           MODE: declarations took 0 ms 
288611     INFO  Test worker     d.u.i.k.n.KeyIO           Parsing took 0 ms 
288611     INFO  Test worker     d.u.i.k.n.KeyIO           MODE: declarations took 0 ms 
288611     INFO  Test worker     d.u.i.k.n.KeyIO           Parsing took 0 ms 
288611     INFO  Test worker     d.u.i.k.n.KeyIO           MODE: declarations took 0 ms 
291114     INFO  Test worker     d.u.i.k.n.KeyIO           Parsing took 0 ms 
291115     INFO  Test worker     d.u.i.k.n.KeyIO           MODE: declarations took 1 ms 
291115     INFO  Test worker     d.u.i.k.n.KeyIO           Parsing took 0 ms 
291115     INFO  Test worker     d.u.i.k.n.KeyIO           MODE: declarations took 0 ms 
291115     INFO  Test worker     d.u.i.k.n.KeyIO           Parsing took 0 ms 
291115     INFO  Test worker     d.u.i.k.n.KeyIO           MODE: declarations took 0 ms 
291115     INFO  Test worker     d.u.i.k.n.KeyIO           Parsing took 0 ms 
291115     INFO  Test worker     d.u.i.k.n.KeyIO           MODE: declarations took 0 ms 
291115     INFO  Test worker     d.u.i.k.n.KeyIO           Parsing took 0 ms 
291115     INFO  Test worker     d.u.i.k.n.KeyIO           MODE: declarations took 0 ms 
293607     INFO  Test worker     d.u.i.k.n.KeyIO           Parsing took 0 ms 
293607     INFO  Test worker     d.u.i.k.n.KeyIO           MODE: declarations took 0 ms 
293607     INFO  Test worker     d.u.i.k.n.KeyIO           Parsing took 0 ms 
293607     INFO  Test worker     d.u.i.k.n.KeyIO           MODE: declarations took 0 ms 
293608     INFO  Test worker     d.u.i.k.n.KeyIO           Parsing took 0 ms 
293608     INFO  Test worker     d.u.i.k.n.KeyIO           MODE: declarations took 0 ms 
293608     INFO  Test worker     d.u.i.k.n.KeyIO           Parsing took 0 ms 
293608     INFO  Test worker     d.u.i.k.n.KeyIO           MODE: declarations took 0 ms 
293608     INFO  Test worker     d.u.i.k.n.KeyIO           Parsing took 0 ms 
293609     INFO  Test worker     d.u.i.k.n.KeyIO           MODE: declarations took 1 ms 
293610     WARN  Test worker     d.u.i.k.n.KeYParser       [syntax-error] <unknown>:1:11: mismatched input '@' expecting {'/', ':=', '.', '(', ')', '{', '[', '@', PARALLEL, OR, AND, IMP, '=', NOT_EQUALS, '%', '*', '-', '+', '>', GREATEREQUAL, '<', LESSEQUAL, LGUILLEMETS, EQV} [@11,11:11='@',<153>,1:11] (termEOF) 
296088     INFO  Test worker     d.u.i.k.n.KeyIO           Parsing took 0 ms 
296089     INFO  Test worker     d.u.i.k.n.KeyIO           MODE: declarations took 0 ms 
296089     INFO  Test worker     d.u.i.k.n.KeyIO           Parsing took 0 ms 
296089     INFO  Test worker     d.u.i.k.n.KeyIO           MODE: declarations took 0 ms 
296089     INFO  Test worker     d.u.i.k.n.KeyIO           Parsing took 0 ms 
296089     INFO  Test worker     d.u.i.k.n.KeyIO           MODE: declarations took 0 ms 
296089     INFO  Test worker     d.u.i.k.n.KeyIO           Parsing took 0 ms 
296089     INFO  Test worker     d.u.i.k.n.KeyIO           MODE: declarations took 0 ms 
296089     INFO  Test worker     d.u.i.k.n.KeyIO           Parsing took 0 ms 
296089     INFO  Test worker     d.u.i.k.n.KeyIO           MODE: declarations took 0 ms 
298585     INFO  Test worker     d.u.i.k.n.KeyIO           Parsing took 0 ms 
298585     INFO  Test worker     d.u.i.k.n.KeyIO           MODE: declarations took 0 ms 
298585     INFO  Test worker     d.u.i.k.n.KeyIO           Parsing took 0 ms 
298585     INFO  Test worker     d.u.i.k.n.KeyIO           MODE: declarations took 0 ms 
298585     INFO  Test worker     d.u.i.k.n.KeyIO           Parsing took 0 ms 
298585     INFO  Test worker     d.u.i.k.n.KeyIO           MODE: declarations took 0 ms 
298586     INFO  Test worker     d.u.i.k.n.KeyIO           Parsing took 0 ms 
298586     INFO  Test worker     d.u.i.k.n.KeyIO           MODE: declarations took 0 ms 
298586     INFO  Test worker     d.u.i.k.n.KeyIO           Parsing took 0 ms 
298586     INFO  Test worker     d.u.i.k.n.KeyIO           MODE: declarations took 0 ms 
301054     INFO  Test worker     d.u.i.k.n.KeyIO           Parsing took 0 ms 
301054     INFO  Test worker     d.u.i.k.n.KeyIO           MODE: declarations took 0 ms 
301058     INFO  Test worker     d.u.i.k.n.KeyIO           Parsing took 0 ms 
301058     INFO  Test worker     d.u.i.k.n.KeyIO           MODE: declarations took 0 ms 
301058     INFO  Test worker     d.u.i.k.n.KeyIO           Parsing took 0 ms 
301058     INFO  Test worker     d.u.i.k.n.KeyIO           MODE: declarations took 0 ms 
301058     INFO  Test worker     d.u.i.k.n.KeyIO           Parsing took 0 ms 
301058     INFO  Test worker     d.u.i.k.n.KeyIO           MODE: declarations took 0 ms 
301058     INFO  Test worker     d.u.i.k.n.KeyIO           Parsing took 0 ms 
301058     INFO  Test worker     d.u.i.k.n.KeyIO           MODE: declarations took 0 ms 
303542     INFO  Test worker     d.u.i.k.n.KeyIO           Parsing took 0 ms 
303542     INFO  Test worker     d.u.i.k.n.KeyIO           MODE: declarations took 0 ms 
303542     INFO  Test worker     d.u.i.k.n.KeyIO           Parsing took 0 ms 
303542     INFO  Test worker     d.u.i.k.n.KeyIO           MODE: declarations took 0 ms 
303542     INFO  Test worker     d.u.i.k.n.KeyIO           Parsing took 0 ms 
303542     INFO  Test worker     d.u.i.k.n.KeyIO           MODE: declarations took 0 ms 
303542     INFO  Test worker     d.u.i.k.n.KeyIO           Parsing took 0 ms 
303542     INFO  Test worker     d.u.i.k.n.KeyIO           MODE: declarations took 0 ms 
303542     INFO  Test worker     d.u.i.k.n.KeyIO           Parsing took 0 ms 
303543     INFO  Test worker     d.u.i.k.n.KeyIO           MODE: declarations took 1 ms 
306017     INFO  Test worker     d.u.i.k.n.KeyIO           Parsing took 0 ms 
306017     INFO  Test worker     d.u.i.k.n.KeyIO           MODE: declarations took 0 ms 
306017     INFO  Test worker     d.u.i.k.n.KeyIO           Parsing took 0 ms 
306017     INFO  Test worker     d.u.i.k.n.KeyIO           MODE: declarations took 0 ms 
306017     INFO  Test worker     d.u.i.k.n.KeyIO           Parsing took 0 ms 
306017     INFO  Test worker     d.u.i.k.n.KeyIO           MODE: declarations took 0 ms 
306017     INFO  Test worker     d.u.i.k.n.KeyIO           Parsing took 0 ms 
306017     INFO  Test worker     d.u.i.k.n.KeyIO           MODE: declarations took 0 ms 
306017     INFO  Test worker     d.u.i.k.n.KeyIO           Parsing took 0 ms 
306018     INFO  Test worker     d.u.i.k.n.KeyIO           MODE: declarations took 1 ms 
308515     INFO  Test worker     d.u.i.k.n.KeyIO           Parsing took 0 ms 
308515     INFO  Test worker     d.u.i.k.n.KeyIO           MODE: declarations took 0 ms 
308515     INFO  Test worker     d.u.i.k.n.KeyIO           Parsing took 0 ms 
308515     INFO  Test worker     d.u.i.k.n.KeyIO           MODE: declarations took 0 ms 
308516     INFO  Test worker     d.u.i.k.n.KeyIO           Parsing took 0 ms 
308516     INFO  Test worker     d.u.i.k.n.KeyIO           MODE: declarations took 0 ms 
308516     INFO  Test worker     d.u.i.k.n.KeyIO           Parsing took 0 ms 
308516     INFO  Test worker     d.u.i.k.n.KeyIO           MODE: declarations took 0 ms 
308516     INFO  Test worker     d.u.i.k.n.KeyIO           Parsing took 0 ms 
308516     INFO  Test worker     d.u.i.k.n.KeyIO           MODE: declarations took 0 ms 
310985     INFO  Test worker     d.u.i.k.n.KeyIO           Parsing took 0 ms 
310985     INFO  Test worker     d.u.i.k.n.KeyIO           MODE: declarations took 0 ms 
310986     INFO  Test worker     d.u.i.k.n.KeyIO           Parsing took 0 ms 
310986     INFO  Test worker     d.u.i.k.n.KeyIO           MODE: declarations took 0 ms 
310986     INFO  Test worker     d.u.i.k.n.KeyIO           Parsing took 0 ms 
310987     INFO  Test worker     d.u.i.k.n.KeyIO           MODE: declarations took 1 ms 
310987     INFO  Test worker     d.u.i.k.n.KeyIO           Parsing took 0 ms 
310987     INFO  Test worker     d.u.i.k.n.KeyIO           MODE: declarations took 0 ms 
310987     INFO  Test worker     d.u.i.k.n.KeyIO           Parsing took 0 ms 
310987     INFO  Test worker     d.u.i.k.n.KeyIO           MODE: declarations took 0 ms 
313477     INFO  Test worker     d.u.i.k.n.KeyIO           Parsing took 0 ms 
313477     INFO  Test worker     d.u.i.k.n.KeyIO           MODE: declarations took 0 ms 
313477     INFO  Test worker     d.u.i.k.n.KeyIO           Parsing took 0 ms 
313477     INFO  Test worker     d.u.i.k.n.KeyIO           MODE: declarations took 0 ms 
313477     INFO  Test worker     d.u.i.k.n.KeyIO           Parsing took 0 ms 
313477     INFO  Test worker     d.u.i.k.n.KeyIO           MODE: declarations took 0 ms 
313477     INFO  Test worker     d.u.i.k.n.KeyIO           Parsing took 0 ms 
313477     INFO  Test worker     d.u.i.k.n.KeyIO           MODE: declarations took 0 ms 
313477     INFO  Test worker     d.u.i.k.n.KeyIO           Parsing took 0 ms 
313477     INFO  Test worker     d.u.i.k.n.KeyIO           MODE: declarations took 0 ms 
315956     INFO  Test worker     d.u.i.k.n.KeyIO           Parsing took 0 ms 
315956     INFO  Test worker     d.u.i.k.n.KeyIO           MODE: declarations took 0 ms 
315956     INFO  Test worker     d.u.i.k.n.KeyIO           Parsing took 0 ms 
315956     INFO  Test worker     d.u.i.k.n.KeyIO           MODE: declarations took 0 ms 
315956     INFO  Test worker     d.u.i.k.n.KeyIO           Parsing took 0 ms 
315956     INFO  Test worker     d.u.i.k.n.KeyIO           MODE: declarations took 0 ms 
315956     INFO  Test worker     d.u.i.k.n.KeyIO           Parsing took 0 ms 
315956     INFO  Test worker     d.u.i.k.n.KeyIO           MODE: declarations took 0 ms 
315956     INFO  Test worker     d.u.i.k.n.KeyIO           Parsing took 0 ms 
315956     INFO  Test worker     d.u.i.k.n.KeyIO           MODE: declarations took 0 ms 
318438     INFO  Test worker     d.u.i.k.n.KeyIO           Parsing took 0 ms 
318438     INFO  Test worker     d.u.i.k.n.KeyIO           MODE: declarations took 0 ms 
318438     INFO  Test worker     d.u.i.k.n.KeyIO           Parsing took 0 ms 
318438     INFO  Test worker     d.u.i.k.n.KeyIO           MODE: declarations took 0 ms 
318438     INFO  Test worker     d.u.i.k.n.KeyIO           Parsing took 0 ms 
318438     INFO  Test worker     d.u.i.k.n.KeyIO           MODE: declarations took 0 ms 
318438     INFO  Test worker     d.u.i.k.n.KeyIO           Parsing took 0 ms 
318438     INFO  Test worker     d.u.i.k.n.KeyIO           MODE: declarations took 0 ms 
318438     INFO  Test worker     d.u.i.k.n.KeyIO           Parsing took 0 ms 
318438     INFO  Test worker     d.u.i.k.n.KeyIO           MODE: declarations took 0 ms 
320910     INFO  Test worker     d.u.i.k.n.KeyIO           Parsing took 0 ms 
320910     INFO  Test worker     d.u.i.k.n.KeyIO           MODE: declarations took 0 ms 
320910     INFO  Test worker     d.u.i.k.n.KeyIO           Parsing took 0 ms 
320910     INFO  Test worker     d.u.i.k.n.KeyIO           MODE: declarations took 0 ms 
320910     INFO  Test worker     d.u.i.k.n.KeyIO           Parsing took 0 ms 
320910     INFO  Test worker     d.u.i.k.n.KeyIO           MODE: declarations took 0 ms 
320910     INFO  Test worker     d.u.i.k.n.KeyIO           Parsing took 0 ms 
320910     INFO  Test worker     d.u.i.k.n.KeyIO           MODE: declarations took 0 ms 
320910     INFO  Test worker     d.u.i.k.n.KeyIO           Parsing took 0 ms 
320910     INFO  Test worker     d.u.i.k.n.KeyIO           MODE: declarations took 0 ms 
323403     INFO  Test worker     d.u.i.k.n.KeyIO           Parsing took 0 ms 
323403     INFO  Test worker     d.u.i.k.n.KeyIO           MODE: declarations took 0 ms 
323403     INFO  Test worker     d.u.i.k.n.KeyIO           Parsing took 0 ms 
323403     INFO  Test worker     d.u.i.k.n.KeyIO           MODE: declarations took 0 ms 
323403     INFO  Test worker     d.u.i.k.n.KeyIO           Parsing took 0 ms 
323403     INFO  Test worker     d.u.i.k.n.KeyIO           MODE: declarations took 0 ms 
323403     INFO  Test worker     d.u.i.k.n.KeyIO           Parsing took 0 ms 
323403     INFO  Test worker     d.u.i.k.n.KeyIO           MODE: declarations took 0 ms 
323403     INFO  Test worker     d.u.i.k.n.KeyIO           Parsing took 0 ms 
323403     INFO  Test worker     d.u.i.k.n.KeyIO           MODE: declarations took 0 ms 
325878     INFO  Test worker     d.u.i.k.n.KeyIO           Parsing took 0 ms 
325879     INFO  Test worker     d.u.i.k.n.KeyIO           MODE: declarations took 0 ms 
325879     INFO  Test worker     d.u.i.k.n.KeyIO           Parsing took 0 ms 
325879     INFO  Test worker     d.u.i.k.n.KeyIO           MODE: declarations took 0 ms 
325879     INFO  Test worker     d.u.i.k.n.KeyIO           Parsing took 0 ms 
325879     INFO  Test worker     d.u.i.k.n.KeyIO           MODE: declarations took 0 ms 
325879     INFO  Test worker     d.u.i.k.n.KeyIO           Parsing took 0 ms 
325879     INFO  Test worker     d.u.i.k.n.KeyIO           MODE: declarations took 0 ms 
325879     INFO  Test worker     d.u.i.k.n.KeyIO           Parsing took 0 ms 
325879     INFO  Test worker     d.u.i.k.n.KeyIO           MODE: declarations took 0 ms 
328354     INFO  Test worker     d.u.i.k.n.KeyIO           Parsing took 0 ms 
328354     INFO  Test worker     d.u.i.k.n.KeyIO           MODE: declarations took 0 ms 
328354     INFO  Test worker     d.u.i.k.n.KeyIO           Parsing took 0 ms 
328354     INFO  Test worker     d.u.i.k.n.KeyIO           MODE: declarations took 0 ms 
328354     INFO  Test worker     d.u.i.k.n.KeyIO           Parsing took 0 ms 
328354     INFO  Test worker     d.u.i.k.n.KeyIO           MODE: declarations took 0 ms 
328354     INFO  Test worker     d.u.i.k.n.KeyIO           Parsing took 0 ms 
328354     INFO  Test worker     d.u.i.k.n.KeyIO           MODE: declarations took 0 ms 
328354     INFO  Test worker     d.u.i.k.n.KeyIO           Parsing took 0 ms 
328354     INFO  Test worker     d.u.i.k.n.KeyIO           MODE: declarations took 0 ms 
330812     INFO  Test worker     d.u.i.k.n.KeyIO           Parsing took 0 ms 
330812     INFO  Test worker     d.u.i.k.n.KeyIO           MODE: declarations took 0 ms 
330813     INFO  Test worker     d.u.i.k.n.KeyIO           Parsing took 0 ms 
330813     INFO  Test worker     d.u.i.k.n.KeyIO           MODE: declarations took 0 ms 
330813     INFO  Test worker     d.u.i.k.n.KeyIO           Parsing took 0 ms 
330813     INFO  Test worker     d.u.i.k.n.KeyIO           MODE: declarations took 0 ms 
330813     INFO  Test worker     d.u.i.k.n.KeyIO           Parsing took 0 ms 
330813     INFO  Test worker     d.u.i.k.n.KeyIO           MODE: declarations took 0 ms 
330813     INFO  Test worker     d.u.i.k.n.KeyIO           Parsing took 0 ms 
330813     INFO  Test worker     d.u.i.k.n.KeyIO           MODE: declarations took 0 ms 
333285     INFO  Test worker     d.u.i.k.n.KeyIO           Parsing took 0 ms 
333285     INFO  Test worker     d.u.i.k.n.KeyIO           MODE: declarations took 0 ms 
333285     INFO  Test worker     d.u.i.k.n.KeyIO           Parsing took 0 ms 
333285     INFO  Test worker     d.u.i.k.n.KeyIO           MODE: declarations took 0 ms 
333286     INFO  Test worker     d.u.i.k.n.KeyIO           Parsing took 0 ms 
333286     INFO  Test worker     d.u.i.k.n.KeyIO           MODE: declarations took 0 ms 
333286     INFO  Test worker     d.u.i.k.n.KeyIO           Parsing took 0 ms 
333286     INFO  Test worker     d.u.i.k.n.KeyIO           MODE: declarations took 0 ms 
333286     INFO  Test worker     d.u.i.k.n.KeyIO           Parsing took 0 ms 
333286     INFO  Test worker     d.u.i.k.n.KeyIO           MODE: declarations took 0 ms 
335764     INFO  Test worker     d.u.i.k.n.KeyIO           Parsing took 0 ms 
335764     INFO  Test worker     d.u.i.k.n.KeyIO           MODE: declarations took 0 ms 
335764     INFO  Test worker     d.u.i.k.n.KeyIO           Parsing took 0 ms 
335764     INFO  Test worker     d.u.i.k.n.KeyIO           MODE: declarations took 0 ms 
335764     INFO  Test worker     d.u.i.k.n.KeyIO           Parsing took 0 ms 
335764     INFO  Test worker     d.u.i.k.n.KeyIO           MODE: declarations took 0 ms 
335764     INFO  Test worker     d.u.i.k.n.KeyIO           Parsing took 0 ms 
335764     INFO  Test worker     d.u.i.k.n.KeyIO           MODE: declarations took 0 ms 
335764     INFO  Test worker     d.u.i.k.n.KeyIO           Parsing took 0 ms 
335764     INFO  Test worker     d.u.i.k.n.KeyIO           MODE: declarations took 0 ms 
338222     INFO  Test worker     d.u.i.k.n.KeyIO           Parsing took 0 ms 
338223     INFO  Test worker     d.u.i.k.n.KeyIO           MODE: declarations took 0 ms 
338223     INFO  Test worker     d.u.i.k.n.KeyIO           Parsing took 0 ms 
338223     INFO  Test worker     d.u.i.k.n.KeyIO           MODE: declarations took 0 ms 
338223     INFO  Test worker     d.u.i.k.n.KeyIO           Parsing took 0 ms 
338223     INFO  Test worker     d.u.i.k.n.KeyIO           MODE: declarations took 0 ms 
338223     INFO  Test worker     d.u.i.k.n.KeyIO           Parsing took 0 ms 
338223     INFO  Test worker     d.u.i.k.n.KeyIO           MODE: declarations took 0 ms 
338223     INFO  Test worker     d.u.i.k.n.KeyIO           Parsing took 0 ms 
338223     INFO  Test worker     d.u.i.k.n.KeyIO           MODE: declarations took 0 ms 
340708     INFO  Test worker     d.u.i.k.n.KeyIO           Parsing took 0 ms 
340708     INFO  Test worker     d.u.i.k.n.KeyIO           MODE: declarations took 0 ms 
340708     INFO  Test worker     d.u.i.k.n.KeyIO           Parsing took 0 ms 
340708     INFO  Test worker     d.u.i.k.n.KeyIO           MODE: declarations took 0 ms 
340708     INFO  Test worker     d.u.i.k.n.KeyIO           Parsing took 0 ms 
340708     INFO  Test worker     d.u.i.k.n.KeyIO           MODE: declarations took 0 ms 
340708     INFO  Test worker     d.u.i.k.n.KeyIO           Parsing took 0 ms 
340708     INFO  Test worker     d.u.i.k.n.KeyIO           MODE: declarations took 0 ms 
340708     INFO  Test worker     d.u.i.k.n.KeyIO           Parsing took 0 ms 
340708     INFO  Test worker     d.u.i.k.n.KeyIO           MODE: declarations took 0 ms 
343166     INFO  Test worker     d.u.i.k.n.KeyIO           Parsing took 0 ms 
343166     INFO  Test worker     d.u.i.k.n.KeyIO           MODE: declarations took 0 ms 
343166     INFO  Test worker     d.u.i.k.n.KeyIO           Parsing took 0 ms 
343166     INFO  Test worker     d.u.i.k.n.KeyIO           MODE: declarations took 0 ms 
343166     INFO  Test worker     d.u.i.k.n.KeyIO           Parsing took 0 ms 
343166     INFO  Test worker     d.u.i.k.n.KeyIO           MODE: declarations took 0 ms 
343166     INFO  Test worker     d.u.i.k.n.KeyIO           Parsing took 0 ms 
343166     INFO  Test worker     d.u.i.k.n.KeyIO           MODE: declarations took 0 ms 
343166     INFO  Test worker     d.u.i.k.n.KeyIO           Parsing took 0 ms 
343166     INFO  Test worker     d.u.i.k.n.KeyIO           MODE: declarations took 0 ms 
345643     INFO  Test worker     d.u.i.k.n.KeyIO           Parsing took 0 ms 
345644     INFO  Test worker     d.u.i.k.n.KeyIO           MODE: declarations took 1 ms 
345644     INFO  Test worker     d.u.i.k.n.KeyIO           Parsing took 0 ms 
345644     INFO  Test worker     d.u.i.k.n.KeyIO           MODE: declarations took 0 ms 
345644     INFO  Test worker     d.u.i.k.n.KeyIO           Parsing took 0 ms 
345644     INFO  Test worker     d.u.i.k.n.KeyIO           MODE: declarations took 0 ms 
345644     INFO  Test worker     d.u.i.k.n.KeyIO           Parsing took 0 ms 
345644     INFO  Test worker     d.u.i.k.n.KeyIO           MODE: declarations took 0 ms 
345644     INFO  Test worker     d.u.i.k.n.KeyIO           Parsing took 0 ms 
345644     INFO  Test worker     d.u.i.k.n.KeyIO           MODE: declarations took 0 ms 
348165     INFO  Test worker     d.u.i.k.n.KeyIO           Parsing took 0 ms 
348165     INFO  Test worker     d.u.i.k.n.KeyIO           MODE: declarations took 0 ms 
348165     INFO  Test worker     d.u.i.k.n.KeyIO           Parsing took 0 ms 
348165     INFO  Test worker     d.u.i.k.n.KeyIO           MODE: declarations took 0 ms 
348165     INFO  Test worker     d.u.i.k.n.KeyIO           Parsing took 0 ms 
348165     INFO  Test worker     d.u.i.k.n.KeyIO           MODE: declarations took 0 ms 
348165     INFO  Test worker     d.u.i.k.n.KeyIO           Parsing took 0 ms 
348165     INFO  Test worker     d.u.i.k.n.KeyIO           MODE: declarations took 0 ms 
348165     INFO  Test worker     d.u.i.k.n.KeyIO           Parsing took 0 ms 
348165     INFO  Test worker     d.u.i.k.n.KeyIO           MODE: declarations took 0 ms 
350624     INFO  Test worker     d.u.i.k.n.KeyIO           Parsing took 0 ms 
350624     INFO  Test worker     d.u.i.k.n.KeyIO           MODE: declarations took 0 ms 
350624     INFO  Test worker     d.u.i.k.n.KeyIO           Parsing took 0 ms 
350624     INFO  Test worker     d.u.i.k.n.KeyIO           MODE: declarations took 0 ms 
350624     INFO  Test worker     d.u.i.k.n.KeyIO           Parsing took 0 ms 
350624     INFO  Test worker     d.u.i.k.n.KeyIO           MODE: declarations took 0 ms 
350624     INFO  Test worker     d.u.i.k.n.KeyIO           Parsing took 0 ms 
350624     INFO  Test worker     d.u.i.k.n.KeyIO           MODE: declarations took 0 ms 
350624     INFO  Test worker     d.u.i.k.n.KeyIO           Parsing took 0 ms 
350624     INFO  Test worker     d.u.i.k.n.KeyIO           MODE: declarations took 0 ms 
353095     INFO  Test worker     d.u.i.k.n.KeyIO           Parsing took 0 ms 
353095     INFO  Test worker     d.u.i.k.n.KeyIO           MODE: declarations took 0 ms 
353095     INFO  Test worker     d.u.i.k.n.KeyIO           Parsing took 0 ms 
353095     INFO  Test worker     d.u.i.k.n.KeyIO           MODE: declarations took 0 ms 
353095     INFO  Test worker     d.u.i.k.n.KeyIO           Parsing took 0 ms 
353095     INFO  Test worker     d.u.i.k.n.KeyIO           MODE: declarations took 0 ms 
353095     INFO  Test worker     d.u.i.k.n.KeyIO           Parsing took 0 ms 
353095     INFO  Test worker     d.u.i.k.n.KeyIO           MODE: declarations took 0 ms 
353095     INFO  Test worker     d.u.i.k.n.KeyIO           Parsing took 0 ms 
353095     INFO  Test worker     d.u.i.k.n.KeyIO           MODE: declarations took 0 ms 
]]></system-out>
  <system-err><![CDATA[]]></system-err>
</testsuite>
