<?xml version="1.0" encoding="UTF-8"?>
<testsuite name="org.key_project.slicing.EndToEndTests" tests="11" skipped="0" failures="0" errors="0" timestamp="2023-04-18T07:34:48" hostname="fv-az256-224" time="291.813">
  <properties/>
  <testcase name="sliceIfThenElseSplit()" classname="org.key_project.slicing.EndToEndTests" time="64.192"/>
  <testcase name="deduplicateChecksMergabilityCorrectly()" classname="org.key_project.slicing.EndToEndTests" time="10.099"/>
  <testcase name="sliceDuplicatesAway()" classname="org.key_project.slicing.EndToEndTests" time="39.816"/>
  <testcase name="sliceMultipleIterations()" classname="org.key_project.slicing.EndToEndTests" time="74.999"/>
  <testcase name="sliceDuplicatesAwayOpenGoals()" classname="org.key_project.slicing.EndToEndTests" time="39.725"/>
  <testcase name="sliceCutExample()" classname="org.key_project.slicing.EndToEndTests" time="9.844"/>
  <testcase name="sliceAgathaWithOpenGoal()" classname="org.key_project.slicing.EndToEndTests" time="9.931"/>
  <testcase name="sliceSimpleSMT()" classname="org.key_project.slicing.EndToEndTests" time="0.001"/>
  <testcase name="sliceWithOpenGoal()" classname="org.key_project.slicing.EndToEndTests" time="19.91"/>
  <testcase name="sliceAgatha()" classname="org.key_project.slicing.EndToEndTests" time="9.899"/>
  <testcase name="sliceJavaProof()" classname="org.key_project.slicing.EndToEndTests" time="13.387"/>
  <system-out><![CDATA[[07:34:48.169] ?[34mINFO ?[0;39m ?[36mEndToEndTests?[0;39m - Loading /home/runner/work/key/key/keyext.slicing/src/test/resources/testcase/ifThenElseSplit.proof
[07:34:48.366] ?[31mWARN ?[0;39m ?[36mProofIndependentSettings?[0;39m - The settings in /home/runner/.key/proofIndependentSettings.props are *not* read due to flag 'key.disregardSettings'
[07:34:48.617] ?[31mWARN ?[0;39m ?[36mProofSettings?[0;39m - The settings in /home/runner/.key/proof-settings.props are *not* read.
[07:35:03.050] ?[34mINFO ?[0;39m ?[36mKeyStrokeSettings?[0;39m - Save keyboard shortcuts to: /home/runner/.key/keystrokes.properties
[07:35:10.855] ?[34mINFO ?[0;39m ?[36mEndToEndTests?[0;39m - Loading /home/runner/work/key/key/keyext.slicing/src/test/resources/testcase/ifThenElseSplit.proof
[07:35:14.656] ?[34mINFO ?[0;39m ?[36mDependencyAnalyzer?[0;39m - merging 2 and 3
[07:35:21.753] ?[34mINFO ?[0;39m ?[36mEndToEndTests?[0;39m - Loading /tmp/KeYslice3511303995727176030/ifThenElseSplit_slice1.proof
[07:35:25.245] ?[34mINFO ?[0;39m ?[36mDependencyAnalyzer?[0;39m - merging 3 and 4
[07:35:32.117] ?[34mINFO ?[0;39m ?[36mEndToEndTests?[0;39m - Loading /tmp/KeYslice17974629213836013334/ifThenElseSplit_slice2.proof
[07:35:35.556] ?[34mINFO ?[0;39m ?[36mDependencyAnalyzer?[0;39m - merging 4 and 5
[07:35:42.212] ?[34mINFO ?[0;39m ?[36mEndToEndTests?[0;39m - Loading /tmp/KeYslice3147438391096406107/ifThenElseSplit_slice3.proof
[07:35:45.486] ?[34mINFO ?[0;39m ?[36mDependencyAnalyzer?[0;39m - merging 5 and 6
[07:35:52.360] ?[34mINFO ?[0;39m ?[36mEndToEndTests?[0;39m - Loading /home/runner/work/key/key/keyext.slicing/src/test/resources/testcase/deduplicateCheck4.proof
[07:36:02.460] ?[34mINFO ?[0;39m ?[36mEndToEndTests?[0;39m - Loading /home/runner/work/key/key/keyext.slicing/src/test/resources/testcase/exampleDuplicate.proof
[07:36:05.858] ?[34mINFO ?[0;39m ?[36mDependencyAnalyzer?[0;39m - merging 2 and 3
[07:36:12.514] ?[34mINFO ?[0;39m ?[36mEndToEndTests?[0;39m - Loading /tmp/KeYslice14603302946445257653/exampleDuplicate_slice1.proof
[07:36:15.947] ?[34mINFO ?[0;39m ?[36mDependencyAnalyzer?[0;39m - merging 3 and 4
[07:36:22.596] ?[34mINFO ?[0;39m ?[36mEndToEndTests?[0;39m - Loading /tmp/KeYslice7821001705500255725/exampleDuplicate_slice2.proof
[07:36:25.929] ?[34mINFO ?[0;39m ?[36mDependencyAnalyzer?[0;39m - merging 4 and 5
[07:36:32.492] ?[34mINFO ?[0;39m ?[36mEndToEndTests?[0;39m - Loading /tmp/KeYslice3649863203590492392/exampleDuplicate_slice3.proof
[07:36:42.278] ?[34mINFO ?[0;39m ?[36mEndToEndTests?[0;39m - Loading /home/runner/work/key/key/keyext.slicing/src/test/resources/testcase/../../../../../key.ui/examples/firstTouch/05-ReverseArray/reverseArray.proof
[07:36:49.099] ?[34mINFO ?[0;39m ?[36mDependencyAnalyzer?[0;39m - merging 3958 and 4306
[07:36:49.105] ?[34mINFO ?[0;39m ?[36mDependencyAnalyzer?[0;39m - merging 2591 and 3795
[07:36:49.117] ?[34mINFO ?[0;39m ?[36mDependencyAnalyzer?[0;39m - merging 1010 and 4663
[07:36:49.153] ?[34mINFO ?[0;39m ?[36mDependencyAnalyzer?[0;39m - merging 1354 and 4678
[07:36:59.851] ?[34mINFO ?[0;39m ?[36mEndToEndTests?[0;39m - Loading /tmp/KeYslice15431790538854640159/reverseArray_slice1.proof
[07:37:04.978] ?[34mINFO ?[0;39m ?[36mDependencyAnalyzer?[0;39m - merging 2219 and 2914
[07:37:04.983] ?[34mINFO ?[0;39m ?[36mDependencyAnalyzer?[0;39m - merging 943 and 3370
[07:37:04.990] ?[34mINFO ?[0;39m ?[36mDependencyAnalyzer?[0;39m - merging 947 and 3782
[07:37:04.999] ?[34mINFO ?[0;39m ?[36mDependencyAnalyzer?[0;39m - merging 880 and 3479
[07:37:05.002] ?[34mINFO ?[0;39m ?[36mDependencyAnalyzer?[0;39m - merging 879 and 3473
[07:37:05.005] ?[34mINFO ?[0;39m ?[36mDependencyAnalyzer?[0;39m - merging 2973 and 3148
[07:37:05.018] ?[34mINFO ?[0;39m ?[36mDependencyAnalyzer?[0;39m - merging 1281 and 3384
[07:37:14.490] ?[34mINFO ?[0;39m ?[36mEndToEndTests?[0;39m - Loading /tmp/KeYslice255410804919706311/reverseArray_slice2.proof
[07:37:19.403] ?[34mINFO ?[0;39m ?[36mDependencyAnalyzer?[0;39m - merging 949 and 3776
[07:37:19.409] ?[34mINFO ?[0;39m ?[36mDependencyAnalyzer?[0;39m - merging 946 and 3368
[07:37:19.411] ?[34mINFO ?[0;39m ?[36mDependencyAnalyzer?[0;39m - merging 2973 and 3147
[07:37:19.420] ?[34mINFO ?[0;39m ?[36mDependencyAnalyzer?[0;39m - merging 2220 and 2914
[07:37:19.428] ?[34mINFO ?[0;39m ?[36mDependencyAnalyzer?[0;39m - merging 882 and 3469
[07:37:19.433] ?[34mINFO ?[0;39m ?[36mDependencyAnalyzer?[0;39m - merging 883 and 3474
[07:37:19.435] ?[34mINFO ?[0;39m ?[36mDependencyAnalyzer?[0;39m - merging 1301 and 3381
[07:37:19.436] ?[34mINFO ?[0;39m ?[36mDependencyAnalyzer?[0;39m - merging 781 and 3569
[07:37:19.439] ?[34mINFO ?[0;39m ?[36mDependencyAnalyzer?[0;39m - merging 782 and 3554
[07:37:28.777] ?[34mINFO ?[0;39m ?[36mEndToEndTests?[0;39m - Loading /tmp/KeYslice5126070670246486996/reverseArray_slice3.proof
[07:37:33.564] ?[34mINFO ?[0;39m ?[36mDependencyAnalyzer?[0;39m - merging 756 and 3657
[07:37:33.567] ?[34mINFO ?[0;39m ?[36mDependencyAnalyzer?[0;39m - merging 757 and 3651
[07:37:33.569] ?[34mINFO ?[0;39m ?[36mDependencyAnalyzer?[0;39m - merging 1296 and 3803
[07:37:33.572] ?[34mINFO ?[0;39m ?[36mDependencyAnalyzer?[0;39m - merging 2221 and 2914
[07:37:33.574] ?[34mINFO ?[0;39m ?[36mDependencyAnalyzer?[0;39m - merging 785 and 3562
[07:37:33.576] ?[34mINFO ?[0;39m ?[36mDependencyAnalyzer?[0;39m - merging 885 and 3465
[07:37:33.578] ?[34mINFO ?[0;39m ?[36mDependencyAnalyzer?[0;39m - merging 784 and 3548
[07:37:33.582] ?[34mINFO ?[0;39m ?[36mDependencyAnalyzer?[0;39m - merging 886 and 3469
[07:37:33.584] ?[34mINFO ?[0;39m ?[36mDependencyAnalyzer?[0;39m - merging 2973 and 3146
[07:37:33.603] ?[34mINFO ?[0;39m ?[36mDependencyAnalyzer?[0;39m - merging 1285 and 3379
[07:37:33.605] ?[34mINFO ?[0;39m ?[36mDependencyAnalyzer?[0;39m - merging 1302 and 3378
[07:37:42.783] ?[34mINFO ?[0;39m ?[36mEndToEndTests?[0;39m - Loading /tmp/KeYslice6232378292524185277/reverseArray_slice4.proof
[07:37:47.624] ?[34mINFO ?[0;39m ?[36mDependencyAnalyzer?[0;39m - merging 2222 and 2914
[07:37:47.628] ?[34mINFO ?[0;39m ?[36mDependencyAnalyzer?[0;39m - merging 788 and 3555
[07:37:47.632] ?[34mINFO ?[0;39m ?[36mDependencyAnalyzer?[0;39m - merging 760 and 3643
[07:37:47.636] ?[34mINFO ?[0;39m ?[36mDependencyAnalyzer?[0;39m - merging 621 and 3786
[07:37:47.642] ?[34mINFO ?[0;39m ?[36mDependencyAnalyzer?[0;39m - merging 787 and 3542
[07:37:47.645] ?[34mINFO ?[0;39m ?[36mDependencyAnalyzer?[0;39m - merging 2973 and 3145
[07:37:47.647] ?[34mINFO ?[0;39m ?[36mDependencyAnalyzer?[0;39m - merging 888 and 3465
[07:37:47.651] ?[34mINFO ?[0;39m ?[36mDependencyAnalyzer?[0;39m - merging 1396 and 3388
[07:37:47.656] ?[34mINFO ?[0;39m ?[36mDependencyAnalyzer?[0;39m - merging 1288 and 3376
[07:37:47.658] ?[34mINFO ?[0;39m ?[36mDependencyAnalyzer?[0;39m - merging 1298 and 3793
[07:37:47.659] ?[34mINFO ?[0;39m ?[36mDependencyAnalyzer?[0;39m - merging 889 and 3464
[07:37:47.662] ?[34mINFO ?[0;39m ?[36mDependencyAnalyzer?[0;39m - merging 759 and 3648
[07:37:57.278] ?[34mINFO ?[0;39m ?[36mEndToEndTests?[0;39m - Loading /home/runner/work/key/key/keyext.slicing/src/test/resources/testcase/exampleDuplicateOpen.proof
[07:38:00.728] ?[34mINFO ?[0;39m ?[36mDependencyAnalyzer?[0;39m - merging 2 and 3
[07:38:07.411] ?[34mINFO ?[0;39m ?[36mEndToEndTests?[0;39m - Loading /tmp/KeYslice11603052053348055963/exampleDuplicateOpen_slice1.proof
[07:38:10.753] ?[34mINFO ?[0;39m ?[36mDependencyAnalyzer?[0;39m - merging 3 and 4
[07:38:17.302] ?[34mINFO ?[0;39m ?[36mEndToEndTests?[0;39m - Loading /tmp/KeYslice9084960253951399067/exampleDuplicateOpen_slice2.proof
[07:38:20.719] ?[34mINFO ?[0;39m ?[36mDependencyAnalyzer?[0;39m - merging 4 and 5
[07:38:27.370] ?[34mINFO ?[0;39m ?[36mEndToEndTests?[0;39m - Loading /tmp/KeYslice10837636506528806565/exampleDuplicateOpen_slice3.proof
[07:38:37.004] ?[34mINFO ?[0;39m ?[36mEndToEndTests?[0;39m - Loading /home/runner/work/key/key/keyext.slicing/src/test/resources/testcase/cutExample.proof
[07:38:46.849] ?[34mINFO ?[0;39m ?[36mEndToEndTests?[0;39m - Loading /home/runner/work/key/key/keyext.slicing/src/test/resources/testcase/agathaOpenGoal.proof
[07:38:56.783] ?[34mINFO ?[0;39m ?[36mEndToEndTests?[0;39m - Loading /home/runner/work/key/key/keyext.slicing/src/test/resources/testcase/openGoal1.proof
[07:39:06.829] ?[34mINFO ?[0;39m ?[36mEndToEndTests?[0;39m - Loading /home/runner/work/key/key/keyext.slicing/src/test/resources/testcase/openGoal2.proof
[07:39:16.693] ?[34mINFO ?[0;39m ?[36mEndToEndTests?[0;39m - Loading /home/runner/work/key/key/keyext.slicing/src/test/resources/testcase/agatha.proof
[07:39:26.592] ?[34mINFO ?[0;39m ?[36mEndToEndTests?[0;39m - Loading /home/runner/work/key/key/keyext.slicing/src/test/resources/testcase/../../../../../key.ui/examples/heap/verifyThis15_2_ParallelGcd/parallelGcd.proof
]]></system-out>
  <system-err><![CDATA[]]></system-err>
</testsuite>
