<?xml version="1.0" encoding="UTF-8"?>
<testsuite name="de.uka.ilkd.key.rule.merge.MergeRuleTests" tests="11" skipped="0" failures="0" errors="0" timestamp="2023-02-15T15:21:33" hostname="fv-az450-644" time="69.835">
  <properties/>
  <testcase name="testDoManualGcdProof()" classname="de.uka.ilkd.key.rule.merge.MergeRuleTests" time="19.43"/>
  <testcase name="testLoadProofWithDiffVarsWithSameNameAndMPS()" classname="de.uka.ilkd.key.rule.merge.MergeRuleTests" time="3.472"/>
  <testcase name="testDoAutomaticGcdProofWithMergePointStatementAndBlockContract()" classname="de.uka.ilkd.key.rule.merge.MergeRuleTests" time="10.884"/>
  <testcase name="testLoadGcdProofWithPredAbstrAndUserChoices()" classname="de.uka.ilkd.key.rule.merge.MergeRuleTests" time="3.947"/>
  <testcase name="testLoadGcdProofWithPredAbstr()" classname="de.uka.ilkd.key.rule.merge.MergeRuleTests" time="4.264"/>
  <testcase name="testMergeThreeIndistinguishablePathConditionsWithITE()" classname="de.uka.ilkd.key.rule.merge.MergeRuleTests" time="3.053"/>
  <testcase name="testMergeIndistinguishablePathConditionsWithFullAnonymization()" classname="de.uka.ilkd.key.rule.merge.MergeRuleTests" time="2.887"/>
  <testcase name="testLoadClosedGcdProofWithMergePointStatements()" classname="de.uka.ilkd.key.rule.merge.MergeRuleTests" time="4.603"/>
  <testcase name="testMergeIndistinguishablePathConditionsWithITE()" classname="de.uka.ilkd.key.rule.merge.MergeRuleTests" time="2.868"/>
  <testcase name="testDoAutomaticGcdProofWithMergePointStatements()" classname="de.uka.ilkd.key.rule.merge.MergeRuleTests" time="10.28"/>
  <testcase name="testLoadGcdProof()" classname="de.uka.ilkd.key.rule.merge.MergeRuleTests" time="4.147"/>
  <system-out><![CDATA[]]></system-out>
  <system-err><![CDATA[]]></system-err>
</testsuite>
