<?xml version="1.0" encoding="UTF-8"?>
<testsuite name="de.uka.ilkd.key.taclettranslation.TestTacletTranslator" tests="5" skipped="0" failures="0" errors="0" timestamp="2023-06-12T07:09:07" hostname="fv-az799-972" time="0.011">
  <properties/>
  <testcase name="testPropositional1()" classname="de.uka.ilkd.key.taclettranslation.TestTacletTranslator" time="0.005"/>
  <testcase name="testPropositional2()" classname="de.uka.ilkd.key.taclettranslation.TestTacletTranslator" time="0.002"/>
  <testcase name="testNegativePolarity()" classname="de.uka.ilkd.key.taclettranslation.TestTacletTranslator" time="0.001"/>
  <testcase name="testNoPolarity()" classname="de.uka.ilkd.key.taclettranslation.TestTacletTranslator" time="0.002"/>
  <testcase name="testPositivePolarity()" classname="de.uka.ilkd.key.taclettranslation.TestTacletTranslator" time="0.001"/>
  <system-out><![CDATA[1242337    INFO  Test worker     d.u.i.k.n.KeyIO           Parsing took 0 ms 
1242337    DEBUG Test worker     d.u.i.k.n.KeyIO           Load declarations of de.uka.ilkd.key.nparser.KeyAst$File:  <unknown>:1#1 
1242337    INFO  Test worker     d.u.i.k.n.KeyIO           MODE: declarations took 0 ms 
1242337    DEBUG Test worker     d.u.i.k.n.KeyIO           MODE: 2nd degree decls took 0 
1242337    DEBUG Test worker     d.u.i.k.n.KeyIO           MODE: taclets took 0ms 
1242342    INFO  Test worker     d.u.i.k.n.KeyIO           Parsing took 1 ms 
1242342    DEBUG Test worker     d.u.i.k.n.KeyIO           Load declarations of de.uka.ilkd.key.nparser.KeyAst$File:  <unknown>:1#1 
1242342    INFO  Test worker     d.u.i.k.n.KeyIO           MODE: declarations took 0 ms 
1242342    DEBUG Test worker     d.u.i.k.n.KeyIO           MODE: 2nd degree decls took 0 
1242342    DEBUG Test worker     d.u.i.k.n.KeyIO           MODE: taclets took 0ms 
1242343    INFO  Test worker     d.u.i.k.n.KeyIO           Parsing took 0 ms 
1242343    DEBUG Test worker     d.u.i.k.n.KeyIO           Load declarations of de.uka.ilkd.key.nparser.KeyAst$File:  <unknown>:1#1 
1242343    INFO  Test worker     d.u.i.k.n.KeyIO           MODE: declarations took 0 ms 
1242343    DEBUG Test worker     d.u.i.k.n.KeyIO           MODE: 2nd degree decls took 0 
1242344    DEBUG Test worker     d.u.i.k.n.KeyIO           MODE: taclets took 1ms 
1242345    INFO  Test worker     d.u.i.k.n.KeyIO           Parsing took 0 ms 
1242345    DEBUG Test worker     d.u.i.k.n.KeyIO           Load declarations of de.uka.ilkd.key.nparser.KeyAst$File:  <unknown>:1#1 
1242345    INFO  Test worker     d.u.i.k.n.KeyIO           MODE: declarations took 0 ms 
1242345    DEBUG Test worker     d.u.i.k.n.KeyIO           MODE: 2nd degree decls took 0 
1242345    DEBUG Test worker     d.u.i.k.n.KeyIO           MODE: taclets took 0ms 
1242346    INFO  Test worker     d.u.i.k.n.KeyIO           Parsing took 0 ms 
1242346    DEBUG Test worker     d.u.i.k.n.KeyIO           Load declarations of de.uka.ilkd.key.nparser.KeyAst$File:  <unknown>:1#1 
1242346    INFO  Test worker     d.u.i.k.n.KeyIO           MODE: declarations took 0 ms 
1242346    DEBUG Test worker     d.u.i.k.n.KeyIO           MODE: 2nd degree decls took 0 
1242346    DEBUG Test worker     d.u.i.k.n.KeyIO           MODE: taclets took 0ms 
]]></system-out>
  <system-err><![CDATA[]]></system-err>
</testsuite>
