<?xml version="1.0" encoding="UTF-8"?>
<testsuite name="de.uka.ilkd.key.util.TestProofStarter" tests="2" skipped="0" failures="0" errors="0" timestamp="2023-06-12T07:09:20" hostname="fv-az799-972" time="63.155">
  <properties/>
  <testcase name="testDirectProofWithOneStepSimplification()" classname="de.uka.ilkd.key.util.TestProofStarter" time="33.038"/>
  <testcase name="testDirectProof()" classname="de.uka.ilkd.key.util.TestProofStarter" time="30.117"/>
  <system-out><![CDATA[1255579    INFO  Test worker     d.u.i.k.p.i.AbstractProblemLoader Loading environment from src/test/resources/testcase/proofStarter/CC/project.key 
1255580    DEBUG Test worker     d.u.i.k.p.i.AbstractProblemLoader Environment load took 136.41ns 
1255580    INFO  Test worker     d.u.i.k.p.i.AbstractProblemLoader Creating init config 
1260533    DEBUG Test worker     d.u.i.k.p.i.AbstractProblemLoader Init config took 4.95s 
1260585    INFO  Test worker     d.u.i.k.p.i.AbstractProblemLoader Replaying proof CC[CC::calcCoinIndex([I,[I)].JML normal_behavior operation contract.0 
1260586    DEBUG Test worker     d.u.i.k.p.i.IntermediateProofReplayer Proof replay took 4.4ns 
1288610    INFO  Test worker     d.u.i.k.p.i.AbstractProblemLoader Loading environment from src/test/resources/testcase/proofStarter/CC/project.key 
1288610    DEBUG Test worker     d.u.i.k.p.i.AbstractProblemLoader Environment load took 125.31ns 
1288611    INFO  Test worker     d.u.i.k.p.i.AbstractProblemLoader Creating init config 
1293363    DEBUG Test worker     d.u.i.k.p.i.AbstractProblemLoader Init config took 4.75s 
1293408    INFO  Test worker     d.u.i.k.p.i.AbstractProblemLoader Replaying proof CC[CC::calcCoinIndex([I,[I)].JML normal_behavior operation contract.0 
1293409    DEBUG Test worker     d.u.i.k.p.i.IntermediateProofReplayer Proof replay took 4.1ns 
]]></system-out>
  <system-err><![CDATA[]]></system-err>
</testsuite>
