<?xml version="1.0" encoding="UTF-8"?>
<testsuite name="de.uka.ilkd.key.proof.TestOneStepSimplifier" tests="1" skipped="0" failures="0" errors="0" timestamp="2023-06-12T06:59:50" hostname="fv-az811-133" time="5.507">
  <properties/>
  <testcase name="loadWithRestriction()" classname="de.uka.ilkd.key.proof.TestOneStepSimplifier" time="5.507"/>
  <system-out><![CDATA[631481     INFO  Test worker     d.u.i.k.p.i.AbstractProblemLoader Loading environment from src\test\resources\testcase\ossRestriction.proof 
631481     DEBUG Test worker     d.u.i.k.p.i.AbstractProblemLoader Environment load took 659.1ns 
631481     INFO  Test worker     d.u.i.k.p.i.AbstractProblemLoader Creating init config 
631653     DEBUG Test worker     d.u.i.k.j.TypeConverter   No LDT found for Meta 
631653     DEBUG Test worker     d.u.i.k.j.TypeConverter   No LDT found for Meta 
631653     DEBUG Test worker     d.u.i.k.j.TypeConverter   No LDT found for Meta 
631653     DEBUG Test worker     d.u.i.k.j.TypeConverter   No LDT found for Meta 
632350     DEBUG Test worker     d.u.i.k.j.TypeConverter   No LDT found for JavaBigintExpression 
636913     DEBUG Test worker     d.u.i.k.p.i.AbstractProblemLoader Init config took 5.43s 
636964     INFO  Test worker     d.u.i.k.p.i.AbstractProblemLoader Replaying proof ossRestriction.proof 
636970     DEBUG Test worker     d.u.i.k.p.i.IntermediateProofReplayer Proof replay took 1.08ms 
]]></system-out>
  <system-err><![CDATA[]]></system-err>
</testsuite>
