<?xml version="1.0" encoding="UTF-8"?>
<testsuite name="de.uka.ilkd.key.smt.newsmt2.ProveSMTLemmasTest" tests="25" skipped="0" failures="0" errors="0" timestamp="2023-06-12T07:06:15" hostname="fv-az811-133" time="111.33">
  <properties/>
  <testcase name="[1] jmod.dl, &#10;\forall int divNum; \forall int divDenom;&#10;  jmod(divNum,divDenom) =&#10;    divNum + jdiv(divNum,divDenom)*(-1)*divDenom&#10;" classname="de.uka.ilkd.key.smt.newsmt2.ProveSMTLemmasTest" time="4.488"/>
  <testcase name="[2] seqSub.dl, &#13;&#10;    \forall Seq seq;&#13;&#10;    \forall int from;&#13;&#10;    \forall int to;&#13;&#10;    \forall int idx;&#13;&#10;        any::seqGet(seqSub(seq, from, to)&lt;&lt;Trigger&gt;&gt;, idx)&#13;&#10;      = \if(0 &lt;= idx &amp; idx &lt; (to - from))&#13;&#10;        \then(any::seqGet(seq, idx + from))&#13;&#10;        \else(seqGetOutside)&#13;&#10;" classname="de.uka.ilkd.key.smt.newsmt2.ProveSMTLemmasTest" time="4.487"/>
  <testcase name="[3] seqGetOutside.dl, &#13;&#10;    \forall int i; \forall Seq s; ( i &lt; 0 | i &gt;= seqLen(s) -&gt; any::seqGet(s, i)&lt;&lt;Trigger&gt;&gt; = seqGetOutside )&#13;&#10;" classname="de.uka.ilkd.key.smt.newsmt2.ProveSMTLemmasTest" time="4.444"/>
  <testcase name="[4] singleton.dl, &#10;  \forall Object o; \forall Field f; \forall Object o2; \forall Field f2;&#10;    ( elementOf(o,f, singleton(o2,f2))&lt;&lt;Trigger&gt;&gt; &lt;-&gt;&#10;      o = o2 &amp; f = f2 )&#10;" classname="de.uka.ilkd.key.smt.newsmt2.ProveSMTLemmasTest" time="4.431"/>
  <testcase name="[5] create.dl, &#13;&#10;  \forall Heap h; \forall Object o; \forall Object o2; \forall Field f;&#13;&#10;      any::select(create(h, o), o2, f)&lt;&lt;Trigger&gt;&gt; =&#13;&#10;         \if(o = o2 &amp; o != null &amp; f = java.lang.Object::&lt;created&gt;)&#13;&#10;         \then(TRUE)&#13;&#10;         \else(any::select(h, o2, f))&#13;&#10;" classname="de.uka.ilkd.key.smt.newsmt2.ProveSMTLemmasTest" time="4.457"/>
  <testcase name="[6] allFields.dl, &#13;&#10;  \forall Object o; \forall Field f; \forall Object o2;&#13;&#10;    ( elementOf(o,f, allFields(o2))&lt;&lt;Trigger&gt;&gt; &lt;-&gt;&#13;&#10;       o = o2 )&#13;&#10;" classname="de.uka.ilkd.key.smt.newsmt2.ProveSMTLemmasTest" time="4.412"/>
  <testcase name="[7] seqEmpty.dl, &#13;&#10;    seqLen(seqEmpty) = 0&#13;&#10;&#10;" classname="de.uka.ilkd.key.smt.newsmt2.ProveSMTLemmasTest" time="4.432"/>
  <testcase name="[8] union.dl, &#10;  \forall Object o; \forall Field f; \forall LocSet l1; \forall LocSet l2;&#10;     ( elementOf(o, f, union(l1, l2))&lt;&lt;Trigger&gt;&gt; &lt;-&gt; elementOf(o,f,l1) | elementOf(o,f,l2) )&#10;" classname="de.uka.ilkd.key.smt.newsmt2.ProveSMTLemmasTest" time="4.424"/>
  <testcase name="[9] seqConcat.dl.2, &#13;&#10;    \forall Seq s1; \forall Seq s2; seqLen(seqConcat(s1,s2)&lt;&lt;Trigger&gt;&gt;) = seqLen(s1) + seqLen(s2)&#13;&#10;&#10;" classname="de.uka.ilkd.key.smt.newsmt2.ProveSMTLemmasTest" time="4.409"/>
  <testcase name="[10] wellFormed.dl, &#13;&#10;  \forall Heap h; \forall Object o; \forall Field f; (wellFormed(h) -&gt;&#13;&#10;      boolean::select(h, (java.lang.Object::select(h, o, f))&lt;&lt;Trigger&gt;&gt;, java.lang.Object::&lt;created&gt;) = TRUE&#13;&#10;    | (java.lang.Object::select(h, o, f)) = null)&#13;&#10;" classname="de.uka.ilkd.key.smt.newsmt2.ProveSMTLemmasTest" time="4.444"/>
  <testcase name="[11] jdiv.dl, &#10;\forall int divNum; \forall int divDenom;&#10;  jdiv(divNum,divDenom) =&#10;         \if (divNum &gt;= 0)&#10;         \then (div(divNum,divDenom))&#10;         \else (div(divNum*(-1),divDenom)*(-1))&#10;" classname="de.uka.ilkd.key.smt.newsmt2.ProveSMTLemmasTest" time="4.454"/>
  <testcase name="[12] empty.dl, &#10;  \forall Object o; \forall Field f; ( elementOf(o,f,empty)&lt;&lt;Trigger&gt;&gt; &lt;-&gt; false )&#10;" classname="de.uka.ilkd.key.smt.newsmt2.ProveSMTLemmasTest" time="4.453"/>
  <testcase name="[13] allLocs.dl, &#10;  \forall Object o; \forall Field f; ( elementOf(o,f,allLocs)&lt;&lt;Trigger&gt;&gt; &lt;-&gt; true )&#10;" classname="de.uka.ilkd.key.smt.newsmt2.ProveSMTLemmasTest" time="4.458"/>
  <testcase name="[14] arrayRange.dl, &#13;&#10;  \forall Object o; \forall Object o2; \forall Field f; \forall int lo; \forall int hi;&#13;&#10;    (elementOf(o,f, arrayRange(o2, lo, hi))&lt;&lt;Trigger&gt;&gt; &lt;-&gt;&#13;&#10;      o = o2 &amp; \exists int iv; (f = arr(iv) &amp; lo &lt;= iv &amp; iv &lt;= hi))&#13;&#10;" classname="de.uka.ilkd.key.smt.newsmt2.ProveSMTLemmasTest" time="4.477"/>
  <testcase name="[15] seqConcat.dl, &#13;&#10;    \forall int i; \forall Seq s1; \forall Seq s2; ( 0 &lt;= i &amp; i &lt; seqLen(s1) + seqLen(s2) -&gt;&#13;&#10;        any::seqGet(seqConcat(s1, s2), i) =&#13;&#10;            \if (i &lt; seqLen(s1)) \then (any::seqGet(s1, i)) \else (any::seqGet(s2, i-seqLen(s1))))&#13;&#10;&#10;" classname="de.uka.ilkd.key.smt.newsmt2.ProveSMTLemmasTest" time="4.477"/>
  <testcase name="[16] seqLen.dl, &#13;&#10;    \forall Seq s; seqLen(s)&lt;&lt;Trigger&gt;&gt; &gt;= 0&#13;&#10;" classname="de.uka.ilkd.key.smt.newsmt2.ProveSMTLemmasTest" time="4.464"/>
  <testcase name="[17] length.dl, &#13;&#10;    \forall Object o; length(o) &gt;= 0&#13;&#10;" classname="de.uka.ilkd.key.smt.newsmt2.ProveSMTLemmasTest" time="4.461"/>
  <testcase name="[18] freshLocs.dl, &#10;  \forall Heap h; \forall Object o; \forall Field f;&#10;     ( elementOf(o,f,freshLocs(h))&lt;&lt;Trigger&gt;&gt; &lt;-&gt;&#10;        o != null &amp; !boolean::select(h,o,java.lang.Object::&lt;created&gt;)=TRUE )&#10;" classname="de.uka.ilkd.key.smt.newsmt2.ProveSMTLemmasTest" time="4.467"/>
  <testcase name="[19] anon.dl, &#13;&#10;    \forall Heap h; \forall Object o; \forall Field f; \forall Heap h2; \forall LocSet ls;&#13;&#10;      any::select(anon(h, ls, h2), o, f)&lt;&lt;Trigger&gt;&gt; =&#13;&#10;         \if(elementOf(o, f, ls) &amp; f != java.lang.Object::&lt;created&gt;&#13;&#10;           | elementOf(o, f, freshLocs(h)))&#13;&#10;         \then(any::select(h2, o, f))&#13;&#10;         \else(any::select(h, o, f))&#13;&#10;" classname="de.uka.ilkd.key.smt.newsmt2.ProveSMTLemmasTest" time="4.441"/>
  <testcase name="[20] memset.dl, &#13;&#10;    \forall Heap h; \forall LocSet s; \forall any x; \forall Object o; \forall Field f;&#13;&#10;      any::select(memset(h, s, x), o, f)&lt;&lt;Trigger&gt;&gt; =&#13;&#10;         \if(elementOf(o, f, s) &amp; f != java.lang.Object::&lt;created&gt;)&#13;&#10;         \then(x)&#13;&#10;         \else(any::select(h, o, f))&#13;&#10;" classname="de.uka.ilkd.key.smt.newsmt2.ProveSMTLemmasTest" time="4.458"/>
  <testcase name="[21] store.dl, &#13;&#10;    \forall Heap h; \forall Object o; \forall Field f; \forall Object o2; \forall Field f2; \forall any v;&#13;&#10;      any::select(store(h,o,f,v), o2, f2)&lt;&lt;Trigger&gt;&gt; =&#13;&#10;         \if(o = o2 &amp; f = f2 &amp; f != java.lang.Object::&lt;created&gt;)&#13;&#10;         \then(v)&#13;&#10;         \else(any::select(h, o2, f2))&#13;&#10;" classname="de.uka.ilkd.key.smt.newsmt2.ProveSMTLemmasTest" time="4.474"/>
  <testcase name="[22] seqSub.dl.2, &#13;&#10;    \forall Seq seq;&#13;&#10;    \forall int from;&#13;&#10;    \forall int to;&#13;&#10;        seqLen(seqSub(seq, from, to)&lt;&lt;Trigger&gt;&gt;)&#13;&#10;      = \if(from &lt; to)\then(to - from)\else(0)&#13;&#10;" classname="de.uka.ilkd.key.smt.newsmt2.ProveSMTLemmasTest" time="4.455"/>
  <testcase name="[23] seqSingleton.dl, &#13;&#10;    \forall any x; any::seqGet(seqSingleton(x)&lt;&lt;Trigger&gt;&gt;, 0) = x&#13;&#10;&#10;" classname="de.uka.ilkd.key.smt.newsmt2.ProveSMTLemmasTest" time="4.437"/>
  <testcase name="[24] seqSingleton.dl.2, &#13;&#10;    \forall any x; seqLen(seqSingleton(x)&lt;&lt;Trigger&gt;&gt;) = 1&#13;&#10;&#10;" classname="de.uka.ilkd.key.smt.newsmt2.ProveSMTLemmasTest" time="4.476"/>
  <testcase name="[25] null.dl, &#10;     \forall any x; ((Null::instance(x))&lt;&lt;Trigger&gt;&gt; = TRUE -&gt; x = null) &#10;" classname="de.uka.ilkd.key.smt.newsmt2.ProveSMTLemmasTest" time="4.447"/>
  <system-out><![CDATA[1016181    INFO  Test worker     d.u.i.k.s.n.ProveSMTLemmasTest Now processing file D:\a\key\key\key.core\build\resources\test\de\uka\ilkd\key\smt\newsmt2\SMT_lemma_jmod.dl.proof 
1016181    INFO  Test worker     d.u.i.k.p.i.AbstractProblemLoader Loading environment from D:\a\key\key\key.core\build\resources\test\de\uka\ilkd\key\smt\newsmt2\SMT_lemma_jmod.dl.proof 
1016181    DEBUG Test worker     d.u.i.k.p.i.AbstractProblemLoader Environment load took 91.6ns 
1016197    INFO  Test worker     d.u.i.k.p.i.AbstractProblemLoader Creating init config 
1020533    DEBUG Test worker     d.u.i.k.p.i.AbstractProblemLoader Init config took 4.35s 
1020549    INFO  Test worker     d.u.i.k.p.i.AbstractProblemLoader Replaying proof SMT_lemma_jmod.dl.proof 
1020565    DEBUG Test worker     d.u.i.k.p.i.IntermediateProofReplayer Proof replay took 3.21ms 
1020674    INFO  Test worker     d.u.i.k.s.n.ProveSMTLemmasTest Now processing file C:\Users\RUNNER~1\AppData\Local\Temp\SMT_lemma_seqSub.dl_10094793135303553552.key 
1020674    INFO  Test worker     d.u.i.k.p.i.AbstractProblemLoader Loading environment from C:\Users\RUNNER~1\AppData\Local\Temp\SMT_lemma_seqSub.dl_10094793135303553552.key 
1020674    DEBUG Test worker     d.u.i.k.p.i.AbstractProblemLoader Environment load took 360.7ns 
1020674    INFO  Test worker     d.u.i.k.p.i.AbstractProblemLoader Creating init config 
1025020    DEBUG Test worker     d.u.i.k.p.i.AbstractProblemLoader Init config took 4.35s 
1025036    INFO  Test worker     d.u.i.k.p.i.AbstractProblemLoader Replaying proof SMT_lemma_seqSub.dl_10094793135303553552.key 
1025036    DEBUG Test worker     d.u.i.k.p.i.IntermediateProofReplayer Proof replay took 3.1ns 
1025161    INFO  Test worker     d.u.i.k.s.n.ProveSMTLemmasTest Now processing file D:\a\key\key\key.core\build\resources\test\de\uka\ilkd\key\smt\newsmt2\SMT_lemma_seqGetOutside.dl.proof 
1025161    INFO  Test worker     d.u.i.k.p.i.AbstractProblemLoader Loading environment from D:\a\key\key\key.core\build\resources\test\de\uka\ilkd\key\smt\newsmt2\SMT_lemma_seqGetOutside.dl.proof 
1025161    DEBUG Test worker     d.u.i.k.p.i.AbstractProblemLoader Environment load took 188.6ns 
1025161    INFO  Test worker     d.u.i.k.p.i.AbstractProblemLoader Creating init config 
1029462    DEBUG Test worker     d.u.i.k.p.i.AbstractProblemLoader Init config took 4.3s 
1029477    INFO  Test worker     d.u.i.k.p.i.AbstractProblemLoader Replaying proof SMT_lemma_seqGetOutside.dl.proof 
1029493    DEBUG Test worker     d.u.i.k.p.i.IntermediateProofReplayer Proof replay took 10.93ms 
1029605    INFO  Test worker     d.u.i.k.s.n.ProveSMTLemmasTest Now processing file C:\Users\RUNNER~1\AppData\Local\Temp\SMT_lemma_singleton.dl_5324366373969924179.key 
1029605    INFO  Test worker     d.u.i.k.p.i.AbstractProblemLoader Loading environment from C:\Users\RUNNER~1\AppData\Local\Temp\SMT_lemma_singleton.dl_5324366373969924179.key 
1029605    DEBUG Test worker     d.u.i.k.p.i.AbstractProblemLoader Environment load took 207.6ns 
1029605    INFO  Test worker     d.u.i.k.p.i.AbstractProblemLoader Creating init config 
1033907    DEBUG Test worker     d.u.i.k.p.i.AbstractProblemLoader Init config took 4.3s 
1033923    INFO  Test worker     d.u.i.k.p.i.AbstractProblemLoader Replaying proof SMT_lemma_singleton.dl_5324366373969924179.key 
1033923    DEBUG Test worker     d.u.i.k.p.i.IntermediateProofReplayer Proof replay took 5ns 
1034036    INFO  Test worker     d.u.i.k.s.n.ProveSMTLemmasTest Now processing file C:\Users\RUNNER~1\AppData\Local\Temp\SMT_lemma_create.dl_10393582336760140526.key 
1034036    INFO  Test worker     d.u.i.k.p.i.AbstractProblemLoader Loading environment from C:\Users\RUNNER~1\AppData\Local\Temp\SMT_lemma_create.dl_10393582336760140526.key 
1034036    DEBUG Test worker     d.u.i.k.p.i.AbstractProblemLoader Environment load took 222.9ns 
1034036    INFO  Test worker     d.u.i.k.p.i.AbstractProblemLoader Creating init config 
1038352    DEBUG Test worker     d.u.i.k.p.i.AbstractProblemLoader Init config took 4.32s 
1038368    INFO  Test worker     d.u.i.k.p.i.AbstractProblemLoader Replaying proof SMT_lemma_create.dl_10393582336760140526.key 
1038368    DEBUG Test worker     d.u.i.k.p.i.IntermediateProofReplayer Proof replay took 6.5ns 
1038493    INFO  Test worker     d.u.i.k.s.n.ProveSMTLemmasTest Now processing file C:\Users\RUNNER~1\AppData\Local\Temp\SMT_lemma_allFields.dl_1235450893276758911.key 
1038493    INFO  Test worker     d.u.i.k.p.i.AbstractProblemLoader Loading environment from C:\Users\RUNNER~1\AppData\Local\Temp\SMT_lemma_allFields.dl_1235450893276758911.key 
1038493    DEBUG Test worker     d.u.i.k.p.i.AbstractProblemLoader Environment load took 205.7ns 
1038493    INFO  Test worker     d.u.i.k.p.i.AbstractProblemLoader Creating init config 
1042779    DEBUG Test worker     d.u.i.k.p.i.AbstractProblemLoader Init config took 4.28s 
1042795    INFO  Test worker     d.u.i.k.p.i.AbstractProblemLoader Replaying proof SMT_lemma_allFields.dl_1235450893276758911.key 
1042795    DEBUG Test worker     d.u.i.k.p.i.IntermediateProofReplayer Proof replay took 4.7ns 
1042905    INFO  Test worker     d.u.i.k.s.n.ProveSMTLemmasTest Now processing file C:\Users\RUNNER~1\AppData\Local\Temp\SMT_lemma_seqEmpty.dl_11467810526780459042.key 
1042905    INFO  Test worker     d.u.i.k.p.i.AbstractProblemLoader Loading environment from C:\Users\RUNNER~1\AppData\Local\Temp\SMT_lemma_seqEmpty.dl_11467810526780459042.key 
1042905    DEBUG Test worker     d.u.i.k.p.i.AbstractProblemLoader Environment load took 247.6ns 
1042905    INFO  Test worker     d.u.i.k.p.i.AbstractProblemLoader Creating init config 
1047208    DEBUG Test worker     d.u.i.k.p.i.AbstractProblemLoader Init config took 4.3s 
1047223    INFO  Test worker     d.u.i.k.p.i.AbstractProblemLoader Replaying proof SMT_lemma_seqEmpty.dl_11467810526780459042.key 
1047223    DEBUG Test worker     d.u.i.k.p.i.IntermediateProofReplayer Proof replay took 5.3ns 
1047337    INFO  Test worker     d.u.i.k.s.n.ProveSMTLemmasTest Now processing file C:\Users\RUNNER~1\AppData\Local\Temp\SMT_lemma_union.dl_13126610473818725560.key 
1047337    INFO  Test worker     d.u.i.k.p.i.AbstractProblemLoader Loading environment from C:\Users\RUNNER~1\AppData\Local\Temp\SMT_lemma_union.dl_13126610473818725560.key 
1047337    DEBUG Test worker     d.u.i.k.p.i.AbstractProblemLoader Environment load took 366.6ns 
1047337    INFO  Test worker     d.u.i.k.p.i.AbstractProblemLoader Creating init config 
1051636    DEBUG Test worker     d.u.i.k.p.i.AbstractProblemLoader Init config took 4.29s 
1051652    INFO  Test worker     d.u.i.k.p.i.AbstractProblemLoader Replaying proof SMT_lemma_union.dl_13126610473818725560.key 
1051652    DEBUG Test worker     d.u.i.k.p.i.IntermediateProofReplayer Proof replay took 4.6ns 
1051761    INFO  Test worker     d.u.i.k.s.n.ProveSMTLemmasTest Now processing file C:\Users\RUNNER~1\AppData\Local\Temp\SMT_lemma_seqConcat.dl.2_10139461667097354358.key 
1051761    INFO  Test worker     d.u.i.k.p.i.AbstractProblemLoader Loading environment from C:\Users\RUNNER~1\AppData\Local\Temp\SMT_lemma_seqConcat.dl.2_10139461667097354358.key 
1051761    DEBUG Test worker     d.u.i.k.p.i.AbstractProblemLoader Environment load took 252.5ns 
1051761    INFO  Test worker     d.u.i.k.p.i.AbstractProblemLoader Creating init config 
1056040    DEBUG Test worker     d.u.i.k.p.i.AbstractProblemLoader Init config took 4.28s 
1056056    INFO  Test worker     d.u.i.k.p.i.AbstractProblemLoader Replaying proof SMT_lemma_seqConcat.dl.2_10139461667097354358.key 
1056056    DEBUG Test worker     d.u.i.k.p.i.IntermediateProofReplayer Proof replay took 3.1ns 
1056170    INFO  Test worker     d.u.i.k.s.n.ProveSMTLemmasTest Now processing file C:\Users\RUNNER~1\AppData\Local\Temp\SMT_lemma_wellFormed.dl_13451443731737666899.key 
1056170    INFO  Test worker     d.u.i.k.p.i.AbstractProblemLoader Loading environment from C:\Users\RUNNER~1\AppData\Local\Temp\SMT_lemma_wellFormed.dl_13451443731737666899.key 
1056170    DEBUG Test worker     d.u.i.k.p.i.AbstractProblemLoader Environment load took 221.5ns 
1056170    INFO  Test worker     d.u.i.k.p.i.AbstractProblemLoader Creating init config 
1060453    DEBUG Test worker     d.u.i.k.p.i.AbstractProblemLoader Init config took 4.29s 
1060484    INFO  Test worker     d.u.i.k.p.i.AbstractProblemLoader Replaying proof SMT_lemma_wellFormed.dl_13451443731737666899.key 
1060500    DEBUG Test worker     d.u.i.k.p.i.IntermediateProofReplayer Proof replay took 4ns 
1060614    INFO  Test worker     d.u.i.k.s.n.ProveSMTLemmasTest Now processing file D:\a\key\key\key.core\build\resources\test\de\uka\ilkd\key\smt\newsmt2\SMT_lemma_jdiv.dl.proof 
1060614    INFO  Test worker     d.u.i.k.p.i.AbstractProblemLoader Loading environment from D:\a\key\key\key.core\build\resources\test\de\uka\ilkd\key\smt\newsmt2\SMT_lemma_jdiv.dl.proof 
1060614    DEBUG Test worker     d.u.i.k.p.i.AbstractProblemLoader Environment load took 194.4ns 
1060614    INFO  Test worker     d.u.i.k.p.i.AbstractProblemLoader Creating init config 
1064940    DEBUG Test worker     d.u.i.k.p.i.AbstractProblemLoader Init config took 4.32s 
1064955    INFO  Test worker     d.u.i.k.p.i.AbstractProblemLoader Replaying proof SMT_lemma_jdiv.dl.proof 
1064955    DEBUG Test worker     d.u.i.k.p.i.IntermediateProofReplayer Proof replay took 996.4ns 
1065068    INFO  Test worker     d.u.i.k.s.n.ProveSMTLemmasTest Now processing file C:\Users\RUNNER~1\AppData\Local\Temp\SMT_lemma_empty.dl_8310730391432361414.key 
1065068    INFO  Test worker     d.u.i.k.p.i.AbstractProblemLoader Loading environment from C:\Users\RUNNER~1\AppData\Local\Temp\SMT_lemma_empty.dl_8310730391432361414.key 
1065068    DEBUG Test worker     d.u.i.k.p.i.AbstractProblemLoader Environment load took 241.4ns 
1065068    INFO  Test worker     d.u.i.k.p.i.AbstractProblemLoader Creating init config 
1069380    DEBUG Test worker     d.u.i.k.p.i.AbstractProblemLoader Init config took 4.32s 
1069396    INFO  Test worker     d.u.i.k.p.i.AbstractProblemLoader Replaying proof SMT_lemma_empty.dl_8310730391432361414.key 
1069396    DEBUG Test worker     d.u.i.k.p.i.IntermediateProofReplayer Proof replay took 4.3ns 
1069521    INFO  Test worker     d.u.i.k.s.n.ProveSMTLemmasTest Now processing file C:\Users\RUNNER~1\AppData\Local\Temp\SMT_lemma_allLocs.dl_15775066239572647558.key 
1069521    INFO  Test worker     d.u.i.k.p.i.AbstractProblemLoader Loading environment from C:\Users\RUNNER~1\AppData\Local\Temp\SMT_lemma_allLocs.dl_15775066239572647558.key 
1069521    DEBUG Test worker     d.u.i.k.p.i.AbstractProblemLoader Environment load took 258.4ns 
1069521    INFO  Test worker     d.u.i.k.p.i.AbstractProblemLoader Creating init config 
1073838    DEBUG Test worker     d.u.i.k.p.i.AbstractProblemLoader Init config took 4.32s 
1073854    INFO  Test worker     d.u.i.k.p.i.AbstractProblemLoader Replaying proof SMT_lemma_allLocs.dl_15775066239572647558.key 
1073869    DEBUG Test worker     d.u.i.k.p.i.IntermediateProofReplayer Proof replay took 4.9ns 
1073979    INFO  Test worker     d.u.i.k.s.n.ProveSMTLemmasTest Now processing file C:\Users\RUNNER~1\AppData\Local\Temp\SMT_lemma_arrayRange.dl_14057331129689258007.key 
1073979    INFO  Test worker     d.u.i.k.p.i.AbstractProblemLoader Loading environment from C:\Users\RUNNER~1\AppData\Local\Temp\SMT_lemma_arrayRange.dl_14057331129689258007.key 
1073979    DEBUG Test worker     d.u.i.k.p.i.AbstractProblemLoader Environment load took 220.1ns 
1073979    INFO  Test worker     d.u.i.k.p.i.AbstractProblemLoader Creating init config 
1078323    DEBUG Test worker     d.u.i.k.p.i.AbstractProblemLoader Init config took 4.35s 
1078339    INFO  Test worker     d.u.i.k.p.i.AbstractProblemLoader Replaying proof SMT_lemma_arrayRange.dl_14057331129689258007.key 
1078339    DEBUG Test worker     d.u.i.k.p.i.IntermediateProofReplayer Proof replay took 3.6ns 
1078456    INFO  Test worker     d.u.i.k.s.n.ProveSMTLemmasTest Now processing file C:\Users\RUNNER~1\AppData\Local\Temp\SMT_lemma_seqConcat.dl_10049086566831527347.key 
1078456    INFO  Test worker     d.u.i.k.p.i.AbstractProblemLoader Loading environment from C:\Users\RUNNER~1\AppData\Local\Temp\SMT_lemma_seqConcat.dl_10049086566831527347.key 
1078456    DEBUG Test worker     d.u.i.k.p.i.AbstractProblemLoader Environment load took 239.6ns 
1078456    INFO  Test worker     d.u.i.k.p.i.AbstractProblemLoader Creating init config 
1082808    DEBUG Test worker     d.u.i.k.p.i.AbstractProblemLoader Init config took 4.35s 
1082823    INFO  Test worker     d.u.i.k.p.i.AbstractProblemLoader Replaying proof SMT_lemma_seqConcat.dl_10049086566831527347.key 
1082823    DEBUG Test worker     d.u.i.k.p.i.IntermediateProofReplayer Proof replay took 3.6ns 
1082933    INFO  Test worker     d.u.i.k.s.n.ProveSMTLemmasTest Now processing file C:\Users\RUNNER~1\AppData\Local\Temp\SMT_lemma_seqLen.dl_8423055454971935886.key 
1082933    INFO  Test worker     d.u.i.k.p.i.AbstractProblemLoader Loading environment from C:\Users\RUNNER~1\AppData\Local\Temp\SMT_lemma_seqLen.dl_8423055454971935886.key 
1082933    DEBUG Test worker     d.u.i.k.p.i.AbstractProblemLoader Environment load took 234.5ns 
1082933    INFO  Test worker     d.u.i.k.p.i.AbstractProblemLoader Creating init config 
1087273    DEBUG Test worker     d.u.i.k.p.i.AbstractProblemLoader Init config took 4.34s 
1087288    INFO  Test worker     d.u.i.k.p.i.AbstractProblemLoader Replaying proof SMT_lemma_seqLen.dl_8423055454971935886.key 
1087288    DEBUG Test worker     d.u.i.k.p.i.IntermediateProofReplayer Proof replay took 5.2ns 
1087398    INFO  Test worker     d.u.i.k.s.n.ProveSMTLemmasTest Now processing file C:\Users\RUNNER~1\AppData\Local\Temp\SMT_lemma_length.dl_13238248982760589569.key 
1087398    INFO  Test worker     d.u.i.k.p.i.AbstractProblemLoader Loading environment from C:\Users\RUNNER~1\AppData\Local\Temp\SMT_lemma_length.dl_13238248982760589569.key 
1087398    DEBUG Test worker     d.u.i.k.p.i.AbstractProblemLoader Environment load took 244.5ns 
1087398    INFO  Test worker     d.u.i.k.p.i.AbstractProblemLoader Creating init config 
1091734    DEBUG Test worker     d.u.i.k.p.i.AbstractProblemLoader Init config took 4.33s 
1091750    INFO  Test worker     d.u.i.k.p.i.AbstractProblemLoader Replaying proof SMT_lemma_length.dl_13238248982760589569.key 
1091750    DEBUG Test worker     d.u.i.k.p.i.IntermediateProofReplayer Proof replay took 3.4ns 
1091859    INFO  Test worker     d.u.i.k.s.n.ProveSMTLemmasTest Now processing file C:\Users\RUNNER~1\AppData\Local\Temp\SMT_lemma_freshLocs.dl_4783586396380321361.key 
1091859    INFO  Test worker     d.u.i.k.p.i.AbstractProblemLoader Loading environment from C:\Users\RUNNER~1\AppData\Local\Temp\SMT_lemma_freshLocs.dl_4783586396380321361.key 
1091859    DEBUG Test worker     d.u.i.k.p.i.AbstractProblemLoader Environment load took 225.8ns 
1091859    INFO  Test worker     d.u.i.k.p.i.AbstractProblemLoader Creating init config 
1096201    DEBUG Test worker     d.u.i.k.p.i.AbstractProblemLoader Init config took 4.34s 
1096216    INFO  Test worker     d.u.i.k.p.i.AbstractProblemLoader Replaying proof SMT_lemma_freshLocs.dl_4783586396380321361.key 
1096216    DEBUG Test worker     d.u.i.k.p.i.IntermediateProofReplayer Proof replay took 4.3ns 
1096326    INFO  Test worker     d.u.i.k.s.n.ProveSMTLemmasTest Now processing file C:\Users\RUNNER~1\AppData\Local\Temp\SMT_lemma_anon.dl_6636514945719410562.key 
1096326    INFO  Test worker     d.u.i.k.p.i.AbstractProblemLoader Loading environment from C:\Users\RUNNER~1\AppData\Local\Temp\SMT_lemma_anon.dl_6636514945719410562.key 
1096326    DEBUG Test worker     d.u.i.k.p.i.AbstractProblemLoader Environment load took 232.1ns 
1096326    INFO  Test worker     d.u.i.k.p.i.AbstractProblemLoader Creating init config 
1100642    DEBUG Test worker     d.u.i.k.p.i.AbstractProblemLoader Init config took 4.31s 
1100657    INFO  Test worker     d.u.i.k.p.i.AbstractProblemLoader Replaying proof SMT_lemma_anon.dl_6636514945719410562.key 
1100657    DEBUG Test worker     d.u.i.k.p.i.IntermediateProofReplayer Proof replay took 4.7ns 
1100767    INFO  Test worker     d.u.i.k.s.n.ProveSMTLemmasTest Now processing file C:\Users\RUNNER~1\AppData\Local\Temp\SMT_lemma_memset.dl_14332995701985114233.key 
1100767    INFO  Test worker     d.u.i.k.p.i.AbstractProblemLoader Loading environment from C:\Users\RUNNER~1\AppData\Local\Temp\SMT_lemma_memset.dl_14332995701985114233.key 
1100767    DEBUG Test worker     d.u.i.k.p.i.AbstractProblemLoader Environment load took 222.9ns 
1100767    INFO  Test worker     d.u.i.k.p.i.AbstractProblemLoader Creating init config 
1105096    DEBUG Test worker     d.u.i.k.p.i.AbstractProblemLoader Init config took 4.33s 
1105112    INFO  Test worker     d.u.i.k.p.i.AbstractProblemLoader Replaying proof SMT_lemma_memset.dl_14332995701985114233.key 
1105112    DEBUG Test worker     d.u.i.k.p.i.IntermediateProofReplayer Proof replay took 3.5ns 
1105225    INFO  Test worker     d.u.i.k.s.n.ProveSMTLemmasTest Now processing file C:\Users\RUNNER~1\AppData\Local\Temp\SMT_lemma_store.dl_17688017862109026380.key 
1105225    INFO  Test worker     d.u.i.k.p.i.AbstractProblemLoader Loading environment from C:\Users\RUNNER~1\AppData\Local\Temp\SMT_lemma_store.dl_17688017862109026380.key 
1105225    DEBUG Test worker     d.u.i.k.p.i.AbstractProblemLoader Environment load took 328.9ns 
1105225    INFO  Test worker     d.u.i.k.p.i.AbstractProblemLoader Creating init config 
1109558    DEBUG Test worker     d.u.i.k.p.i.AbstractProblemLoader Init config took 4.34s 
1109574    INFO  Test worker     d.u.i.k.p.i.AbstractProblemLoader Replaying proof SMT_lemma_store.dl_17688017862109026380.key 
1109574    DEBUG Test worker     d.u.i.k.p.i.IntermediateProofReplayer Proof replay took 20.4ns 
1109699    INFO  Test worker     d.u.i.k.s.n.ProveSMTLemmasTest Now processing file C:\Users\RUNNER~1\AppData\Local\Temp\SMT_lemma_seqSub.dl.2_11346983188047478160.key 
1109699    INFO  Test worker     d.u.i.k.p.i.AbstractProblemLoader Loading environment from C:\Users\RUNNER~1\AppData\Local\Temp\SMT_lemma_seqSub.dl.2_11346983188047478160.key 
1109699    DEBUG Test worker     d.u.i.k.p.i.AbstractProblemLoader Environment load took 228.6ns 
1109699    INFO  Test worker     d.u.i.k.p.i.AbstractProblemLoader Creating init config 
1114030    DEBUG Test worker     d.u.i.k.p.i.AbstractProblemLoader Init config took 4.33s 
1114046    INFO  Test worker     d.u.i.k.p.i.AbstractProblemLoader Replaying proof SMT_lemma_seqSub.dl.2_11346983188047478160.key 
1114046    DEBUG Test worker     d.u.i.k.p.i.IntermediateProofReplayer Proof replay took 3.3ns 
1114155    INFO  Test worker     d.u.i.k.s.n.ProveSMTLemmasTest Now processing file C:\Users\RUNNER~1\AppData\Local\Temp\SMT_lemma_seqSingleton.dl_15555803406817613924.key 
1114155    INFO  Test worker     d.u.i.k.p.i.AbstractProblemLoader Loading environment from C:\Users\RUNNER~1\AppData\Local\Temp\SMT_lemma_seqSingleton.dl_15555803406817613924.key 
1114155    DEBUG Test worker     d.u.i.k.p.i.AbstractProblemLoader Environment load took 341.3ns 
1114155    INFO  Test worker     d.u.i.k.p.i.AbstractProblemLoader Creating init config 
1118467    DEBUG Test worker     d.u.i.k.p.i.AbstractProblemLoader Init config took 4.31s 
1118483    INFO  Test worker     d.u.i.k.p.i.AbstractProblemLoader Replaying proof SMT_lemma_seqSingleton.dl_15555803406817613924.key 
1118483    DEBUG Test worker     d.u.i.k.p.i.IntermediateProofReplayer Proof replay took 5.1ns 
1118593    INFO  Test worker     d.u.i.k.s.n.ProveSMTLemmasTest Now processing file C:\Users\RUNNER~1\AppData\Local\Temp\SMT_lemma_seqSingleton.dl.2_3584451117807141028.key 
1118593    INFO  Test worker     d.u.i.k.p.i.AbstractProblemLoader Loading environment from C:\Users\RUNNER~1\AppData\Local\Temp\SMT_lemma_seqSingleton.dl.2_3584451117807141028.key 
1118593    DEBUG Test worker     d.u.i.k.p.i.AbstractProblemLoader Environment load took 226.7ns 
1118593    INFO  Test worker     d.u.i.k.p.i.AbstractProblemLoader Creating init config 
1122939    DEBUG Test worker     d.u.i.k.p.i.AbstractProblemLoader Init config took 4.34s 
1122955    INFO  Test worker     d.u.i.k.p.i.AbstractProblemLoader Replaying proof SMT_lemma_seqSingleton.dl.2_3584451117807141028.key 
1122955    DEBUG Test worker     d.u.i.k.p.i.IntermediateProofReplayer Proof replay took 5ns 
1123069    INFO  Test worker     d.u.i.k.s.n.ProveSMTLemmasTest Now processing file C:\Users\RUNNER~1\AppData\Local\Temp\SMT_lemma_null.dl_9200412180569417330.key 
1123069    INFO  Test worker     d.u.i.k.p.i.AbstractProblemLoader Loading environment from C:\Users\RUNNER~1\AppData\Local\Temp\SMT_lemma_null.dl_9200412180569417330.key 
1123069    DEBUG Test worker     d.u.i.k.p.i.AbstractProblemLoader Environment load took 232.8ns 
1123069    INFO  Test worker     d.u.i.k.p.i.AbstractProblemLoader Creating init config 
1127388    DEBUG Test worker     d.u.i.k.p.i.AbstractProblemLoader Init config took 4.32s 
1127404    INFO  Test worker     d.u.i.k.p.i.AbstractProblemLoader Replaying proof SMT_lemma_null.dl_9200412180569417330.key 
1127404    DEBUG Test worker     d.u.i.k.p.i.IntermediateProofReplayer Proof replay took 3.9ns 
]]></system-out>
  <system-err><![CDATA[]]></system-err>
</testsuite>
