<?xml version="1.0" encoding="UTF-8"?>
<testsuite name="de.uka.ilkd.key.proof.io.TestZipProofSaving" tests="1" skipped="0" failures="0" errors="0" timestamp="2023-06-12T06:59:57" hostname="fv-az811-133" time="9.97">
  <properties/>
  <testcase name="testZip()" classname="de.uka.ilkd.key.proof.io.TestZipProofSaving" time="9.97"/>
  <system-out><![CDATA[638332     INFO  Test worker     d.u.i.k.p.i.AbstractProblemLoader Loading environment from C:\Users\RUNNER~1\AppData\Local\Temp\keyZipTest12511373766776172883.key 
638332     DEBUG Test worker     d.u.i.k.p.i.AbstractProblemLoader Environment load took 177.9ns 
638332     INFO  Test worker     d.u.i.k.p.i.AbstractProblemLoader Creating init config 
638488     DEBUG Test worker     d.u.i.k.j.TypeConverter   No LDT found for Meta 
638488     DEBUG Test worker     d.u.i.k.j.TypeConverter   No LDT found for Meta 
638488     DEBUG Test worker     d.u.i.k.j.TypeConverter   No LDT found for Meta 
638488     DEBUG Test worker     d.u.i.k.j.TypeConverter   No LDT found for Meta 
639093     DEBUG Test worker     d.u.i.k.j.TypeConverter   No LDT found for JavaBigintExpression 
643799     DEBUG Test worker     d.u.i.k.p.i.AbstractProblemLoader Init config took 5.47s 
643815     INFO  Test worker     d.u.i.k.p.i.AbstractProblemLoader Replaying proof keyZipTest12511373766776172883.key 
643830     DEBUG Test worker     d.u.i.k.p.i.IntermediateProofReplayer Proof replay took 12.6ns 
643940     INFO  Test worker     d.u.i.k.p.i.AbstractProblemLoader Loading environment from C:\Users\RUNNER~1\AppData\Local\Temp\keyZipTest7557059232344326755.proof.gz 
643940     DEBUG Test worker     d.u.i.k.p.i.AbstractProblemLoader Environment load took 397.7ns 
643955     INFO  Test worker     d.u.i.k.p.i.AbstractProblemLoader Creating init config 
648175     DEBUG Test worker     d.u.i.k.p.i.AbstractProblemLoader Init config took 4.22s 
648190     INFO  Test worker     d.u.i.k.p.i.AbstractProblemLoader Replaying proof keyZipTest7557059232344326755.proof.gz 
648190     DEBUG Test worker     d.u.i.k.p.i.IntermediateProofReplayer Proof replay took 2.87ms 
]]></system-out>
  <system-err><![CDATA[]]></system-err>
</testsuite>
