<?xml version="1.0" encoding="UTF-8"?>
<testsuite name="de.uka.ilkd.key.rule.loop.LoopScopeInvRuleTests" tests="1" skipped="0" failures="0" errors="0" timestamp="2023-06-12T07:00:48" hostname="fv-az811-133" time="6.355">
  <properties/>
  <testcase name="testDoAutomaticProofOfBenchmarkWithLabeledBreaksAndContinues()" classname="de.uka.ilkd.key.rule.loop.LoopScopeInvRuleTests" time="6.355"/>
  <system-out><![CDATA[689237     INFO  Test worker     d.u.i.k.p.i.AbstractProblemLoader Loading environment from src\test\resources\testcase\loopScopeInvRule\Test.key 
689237     DEBUG Test worker     d.u.i.k.p.i.AbstractProblemLoader Environment load took 153.7ns 
689237     INFO  Test worker     d.u.i.k.p.i.AbstractProblemLoader Creating init config 
689456     DEBUG Test worker     d.u.i.k.j.TypeConverter   No LDT found for Meta 
689456     DEBUG Test worker     d.u.i.k.j.TypeConverter   No LDT found for Meta 
689456     DEBUG Test worker     d.u.i.k.j.TypeConverter   No LDT found for Meta 
689456     DEBUG Test worker     d.u.i.k.j.TypeConverter   No LDT found for Meta 
690143     DEBUG Test worker     d.u.i.k.j.TypeConverter   No LDT found for JavaBigintExpression 
694945     DEBUG Test worker     d.u.i.k.p.i.AbstractProblemLoader Init config took 5.71s 
694992     INFO  Test worker     d.u.i.k.p.i.AbstractProblemLoader Replaying proof Test[Test::loopScopeRuleBenchmark(int,boolean)].JML normal_behavior operation contract.0 
695008     DEBUG Test worker     d.u.i.k.p.i.IntermediateProofReplayer Proof replay took 21.7ns 
]]></system-out>
  <system-err><![CDATA[]]></system-err>
</testsuite>
