<?xml version="1.0" encoding="UTF-8"?>
<testsuite name="de.uka.ilkd.key.logic.TestClashFreeSubst" tests="14" skipped="2" failures="0" errors="0" timestamp="2023-06-12T06:50:16" hostname="fv-az811-133" time="75.276">
  <properties/>
  <testcase name="testMultiShareBound()" classname="de.uka.ilkd.key.logic.TestClashFreeSubst" time="1.452"/>
  <testcase name="testClash()" classname="de.uka.ilkd.key.logic.TestClashFreeSubst" time="1.389"/>
  <testcase name="testShare()" classname="de.uka.ilkd.key.logic.TestClashFreeSubst" time="1.414"/>
  <testcase name="testSubst()" classname="de.uka.ilkd.key.logic.TestClashFreeSubst" time="1.371"/>
  <testcase name="testWary0()" classname="de.uka.ilkd.key.logic.TestClashFreeSubst" time="1.429"/>
  <testcase name="testWary1()" classname="de.uka.ilkd.key.logic.TestClashFreeSubst" time="1.355"/>
  <testcase name="testWary2()" classname="de.uka.ilkd.key.logic.TestClashFreeSubst" time="1.42"/>
  <testcase name="testClashInSubstTerm()" classname="de.uka.ilkd.key.logic.TestClashFreeSubst" time="1.379"/>
  <testcase name="testShareWary()" classname="de.uka.ilkd.key.logic.TestClashFreeSubst" time="1.419"/>
  <testcase name="testMultiSubst()" classname="de.uka.ilkd.key.logic.TestClashFreeSubst" time="1.36"/>
  <testcase name="xtestMultiClash()" classname="de.uka.ilkd.key.logic.TestClashFreeSubst" time="0.001">
    <skipped/>
  </testcase>
  <testcase name="testSubstInSubstTerm()" classname="de.uka.ilkd.key.logic.TestClashFreeSubst" time="1.364"/>
  <testcase name="testSubstWary()" classname="de.uka.ilkd.key.logic.TestClashFreeSubst" time="1.38"/>
  <testcase name="xtestMultiClash1()" classname="de.uka.ilkd.key.logic.TestClashFreeSubst" time="0.0">
    <skipped/>
  </testcase>
  <system-out><![CDATA[57287      INFO  Test worker     d.u.i.k.n.KeyIO           Parsing took 0 ms 
57287      DEBUG Test worker     d.u.i.k.n.KeyIO           Load declarations of de.uka.ilkd.key.nparser.KeyAst$File:  <unknown>:1#1 
57287      INFO  Test worker     d.u.i.k.n.KeyIO           MODE: declarations took 0 ms 
57287      DEBUG Test worker     d.u.i.k.n.KeyIO           MODE: 2nd degree decls took 0 
58728      INFO  Test worker     d.u.i.k.n.KeyIO           Parsing took 0 ms 
58728      DEBUG Test worker     d.u.i.k.n.KeyIO           Load declarations of de.uka.ilkd.key.nparser.KeyAst$File:  <unknown>:1#1 
58728      INFO  Test worker     d.u.i.k.n.KeyIO           MODE: declarations took 0 ms 
58728      DEBUG Test worker     d.u.i.k.n.KeyIO           MODE: 2nd degree decls took 0 
63271      INFO  Test worker     d.u.i.k.n.KeyIO           Parsing took 0 ms 
63271      DEBUG Test worker     d.u.i.k.n.KeyIO           Load declarations of de.uka.ilkd.key.nparser.KeyAst$File:  <unknown>:1#1 
63271      INFO  Test worker     d.u.i.k.n.KeyIO           MODE: declarations took 0 ms 
63271      DEBUG Test worker     d.u.i.k.n.KeyIO           MODE: 2nd degree decls took 0 
64645      INFO  Test worker     d.u.i.k.n.KeyIO           Parsing took 0 ms 
64645      DEBUG Test worker     d.u.i.k.n.KeyIO           Load declarations of de.uka.ilkd.key.nparser.KeyAst$File:  <unknown>:1#1 
64645      INFO  Test worker     d.u.i.k.n.KeyIO           MODE: declarations took 0 ms 
64645      DEBUG Test worker     d.u.i.k.n.KeyIO           MODE: 2nd degree decls took 0 
69148      INFO  Test worker     d.u.i.k.n.KeyIO           Parsing took 0 ms 
69148      DEBUG Test worker     d.u.i.k.n.KeyIO           Load declarations of de.uka.ilkd.key.nparser.KeyAst$File:  <unknown>:1#1 
69148      INFO  Test worker     d.u.i.k.n.KeyIO           MODE: declarations took 0 ms 
69148      DEBUG Test worker     d.u.i.k.n.KeyIO           MODE: 2nd degree decls took 0 
70556      INFO  Test worker     d.u.i.k.n.KeyIO           Parsing took 0 ms 
70556      DEBUG Test worker     d.u.i.k.n.KeyIO           Load declarations of de.uka.ilkd.key.nparser.KeyAst$File:  <unknown>:1#1 
70556      INFO  Test worker     d.u.i.k.n.KeyIO           MODE: declarations took 0 ms 
70556      DEBUG Test worker     d.u.i.k.n.KeyIO           MODE: 2nd degree decls took 0 
75101      INFO  Test worker     d.u.i.k.n.KeyIO           Parsing took 0 ms 
75101      DEBUG Test worker     d.u.i.k.n.KeyIO           Load declarations of de.uka.ilkd.key.nparser.KeyAst$File:  <unknown>:1#1 
75101      INFO  Test worker     d.u.i.k.n.KeyIO           MODE: declarations took 0 ms 
75101      DEBUG Test worker     d.u.i.k.n.KeyIO           MODE: 2nd degree decls took 0 
76480      INFO  Test worker     d.u.i.k.n.KeyIO           Parsing took 16 ms 
76480      DEBUG Test worker     d.u.i.k.n.KeyIO           Load declarations of de.uka.ilkd.key.nparser.KeyAst$File:  <unknown>:1#1 
76480      INFO  Test worker     d.u.i.k.n.KeyIO           MODE: declarations took 0 ms 
76480      DEBUG Test worker     d.u.i.k.n.KeyIO           MODE: 2nd degree decls took 0 
80984      INFO  Test worker     d.u.i.k.n.KeyIO           Parsing took 0 ms 
80999      DEBUG Test worker     d.u.i.k.n.KeyIO           Load declarations of de.uka.ilkd.key.nparser.KeyAst$File:  <unknown>:1#1 
80999      INFO  Test worker     d.u.i.k.n.KeyIO           MODE: declarations took 0 ms 
80999      DEBUG Test worker     d.u.i.k.n.KeyIO           MODE: 2nd degree decls took 0 
82406      INFO  Test worker     d.u.i.k.n.KeyIO           Parsing took 0 ms 
82422      DEBUG Test worker     d.u.i.k.n.KeyIO           Load declarations of de.uka.ilkd.key.nparser.KeyAst$File:  <unknown>:1#1 
82422      INFO  Test worker     d.u.i.k.n.KeyIO           MODE: declarations took 0 ms 
82422      DEBUG Test worker     d.u.i.k.n.KeyIO           MODE: 2nd degree decls took 0 
86912      INFO  Test worker     d.u.i.k.n.KeyIO           Parsing took 0 ms 
86912      DEBUG Test worker     d.u.i.k.n.KeyIO           Load declarations of de.uka.ilkd.key.nparser.KeyAst$File:  <unknown>:1#1 
86912      INFO  Test worker     d.u.i.k.n.KeyIO           MODE: declarations took 0 ms 
86912      DEBUG Test worker     d.u.i.k.n.KeyIO           MODE: 2nd degree decls took 0 
88272      INFO  Test worker     d.u.i.k.n.KeyIO           Parsing took 0 ms 
88272      DEBUG Test worker     d.u.i.k.n.KeyIO           Load declarations of de.uka.ilkd.key.nparser.KeyAst$File:  <unknown>:1#1 
88272      INFO  Test worker     d.u.i.k.n.KeyIO           MODE: declarations took 0 ms 
88272      DEBUG Test worker     d.u.i.k.n.KeyIO           MODE: 2nd degree decls took 0 
92886      INFO  Test worker     d.u.i.k.n.KeyIO           Parsing took 0 ms 
92886      DEBUG Test worker     d.u.i.k.n.KeyIO           Load declarations of de.uka.ilkd.key.nparser.KeyAst$File:  <unknown>:1#1 
92886      INFO  Test worker     d.u.i.k.n.KeyIO           MODE: declarations took 0 ms 
92886      DEBUG Test worker     d.u.i.k.n.KeyIO           MODE: 2nd degree decls took 0 
94302      INFO  Test worker     d.u.i.k.n.KeyIO           Parsing took 0 ms 
94302      DEBUG Test worker     d.u.i.k.n.KeyIO           Load declarations of de.uka.ilkd.key.nparser.KeyAst$File:  <unknown>:1#1 
94302      INFO  Test worker     d.u.i.k.n.KeyIO           MODE: declarations took 0 ms 
94302      DEBUG Test worker     d.u.i.k.n.KeyIO           MODE: 2nd degree decls took 0 
98667      INFO  Test worker     d.u.i.k.n.KeyIO           Parsing took 0 ms 
98667      DEBUG Test worker     d.u.i.k.n.KeyIO           Load declarations of de.uka.ilkd.key.nparser.KeyAst$File:  <unknown>:1#1 
98667      INFO  Test worker     d.u.i.k.n.KeyIO           MODE: declarations took 0 ms 
98667      DEBUG Test worker     d.u.i.k.n.KeyIO           MODE: 2nd degree decls took 0 
100031     INFO  Test worker     d.u.i.k.n.KeyIO           Parsing took 0 ms 
100031     DEBUG Test worker     d.u.i.k.n.KeyIO           Load declarations of de.uka.ilkd.key.nparser.KeyAst$File:  <unknown>:1#1 
100031     INFO  Test worker     d.u.i.k.n.KeyIO           MODE: declarations took 0 ms 
100031     DEBUG Test worker     d.u.i.k.n.KeyIO           MODE: 2nd degree decls took 0 
104521     INFO  Test worker     d.u.i.k.n.KeyIO           Parsing took 0 ms 
104521     DEBUG Test worker     d.u.i.k.n.KeyIO           Load declarations of de.uka.ilkd.key.nparser.KeyAst$File:  <unknown>:1#1 
104521     INFO  Test worker     d.u.i.k.n.KeyIO           MODE: declarations took 0 ms 
104521     DEBUG Test worker     d.u.i.k.n.KeyIO           MODE: 2nd degree decls took 0 
105911     INFO  Test worker     d.u.i.k.n.KeyIO           Parsing took 0 ms 
105911     DEBUG Test worker     d.u.i.k.n.KeyIO           Load declarations of de.uka.ilkd.key.nparser.KeyAst$File:  <unknown>:1#1 
105911     INFO  Test worker     d.u.i.k.n.KeyIO           MODE: declarations took 0 ms 
105911     DEBUG Test worker     d.u.i.k.n.KeyIO           MODE: 2nd degree decls took 0 
110404     INFO  Test worker     d.u.i.k.n.KeyIO           Parsing took 0 ms 
110404     DEBUG Test worker     d.u.i.k.n.KeyIO           Load declarations of de.uka.ilkd.key.nparser.KeyAst$File:  <unknown>:1#1 
110404     INFO  Test worker     d.u.i.k.n.KeyIO           MODE: declarations took 0 ms 
110404     DEBUG Test worker     d.u.i.k.n.KeyIO           MODE: 2nd degree decls took 0 
111759     INFO  Test worker     d.u.i.k.n.KeyIO           Parsing took 0 ms 
111759     DEBUG Test worker     d.u.i.k.n.KeyIO           Load declarations of de.uka.ilkd.key.nparser.KeyAst$File:  <unknown>:1#1 
111759     INFO  Test worker     d.u.i.k.n.KeyIO           MODE: declarations took 0 ms 
111759     DEBUG Test worker     d.u.i.k.n.KeyIO           MODE: 2nd degree decls took 0 
120882     INFO  Test worker     d.u.i.k.n.KeyIO           Parsing took 0 ms 
120882     DEBUG Test worker     d.u.i.k.n.KeyIO           Load declarations of de.uka.ilkd.key.nparser.KeyAst$File:  <unknown>:1#1 
120882     INFO  Test worker     d.u.i.k.n.KeyIO           MODE: declarations took 0 ms 
120882     DEBUG Test worker     d.u.i.k.n.KeyIO           MODE: 2nd degree decls took 0 
122233     INFO  Test worker     d.u.i.k.n.KeyIO           Parsing took 0 ms 
122233     DEBUG Test worker     d.u.i.k.n.KeyIO           Load declarations of de.uka.ilkd.key.nparser.KeyAst$File:  <unknown>:1#1 
122233     INFO  Test worker     d.u.i.k.n.KeyIO           MODE: declarations took 0 ms 
122233     DEBUG Test worker     d.u.i.k.n.KeyIO           MODE: 2nd degree decls took 0 
126644     INFO  Test worker     d.u.i.k.n.KeyIO           Parsing took 0 ms 
126644     DEBUG Test worker     d.u.i.k.n.KeyIO           Load declarations of de.uka.ilkd.key.nparser.KeyAst$File:  <unknown>:1#1 
126644     INFO  Test worker     d.u.i.k.n.KeyIO           MODE: declarations took 0 ms 
126644     DEBUG Test worker     d.u.i.k.n.KeyIO           MODE: 2nd degree decls took 0 
128011     INFO  Test worker     d.u.i.k.n.KeyIO           Parsing took 0 ms 
128011     DEBUG Test worker     d.u.i.k.n.KeyIO           Load declarations of de.uka.ilkd.key.nparser.KeyAst$File:  <unknown>:1#1 
128011     INFO  Test worker     d.u.i.k.n.KeyIO           MODE: declarations took 0 ms 
128011     DEBUG Test worker     d.u.i.k.n.KeyIO           MODE: 2nd degree decls took 0 
]]></system-out>
  <system-err><![CDATA[]]></system-err>
</testsuite>
