<?xml version="1.0" encoding="UTF-8"?>
<testsuite name="de.uka.ilkd.key.util.TestEqualsModProofIrrelevancy" tests="1" skipped="0" failures="0" errors="0" timestamp="2023-06-12T07:09:07" hostname="fv-az799-972" time="12.563">
  <properties/>
  <testcase name="testJavaProof()" classname="de.uka.ilkd.key.util.TestEqualsModProofIrrelevancy" time="12.563"/>
  <system-out><![CDATA[1242945    INFO  Test worker     d.u.i.k.p.i.AbstractProblemLoader Loading environment from src/test/resources/testcase/../../../../../key.ui/examples/heap/verifyThis15_1_RelaxedPrefix/relax.proof 
1242945    DEBUG Test worker     d.u.i.k.p.i.AbstractProblemLoader Environment load took 214.71ns 
1242948    INFO  Test worker     d.u.i.k.p.i.AbstractProblemLoader Creating init config 
1243187    DEBUG Test worker     d.u.i.k.j.TypeConverter   No LDT found for Meta 
1243187    DEBUG Test worker     d.u.i.k.j.TypeConverter   No LDT found for Meta 
1243188    DEBUG Test worker     d.u.i.k.j.TypeConverter   No LDT found for Meta 
1243188    DEBUG Test worker     d.u.i.k.j.TypeConverter   No LDT found for Meta 
1244017    DEBUG Test worker     d.u.i.k.j.TypeConverter   No LDT found for JavaBigintExpression 
1249210    DEBUG Test worker     d.u.i.k.p.i.AbstractProblemLoader Init config took 6.26s 
1249278    INFO  Test worker     d.u.i.k.p.i.AbstractProblemLoader Replaying proof Relaxed[Relaxed::isRelaxedPrefix([I,[I)].JML operation contract.0 
1249973    DEBUG Test worker     d.u.i.k.p.i.IntermediateProofReplayer Proof replay took 664.05ms 
1249976    INFO  Test worker     d.u.i.k.p.i.AbstractProblemLoader Loading environment from src/test/resources/testcase/../../../../../key.ui/examples/heap/verifyThis15_1_RelaxedPrefix/relax.proof 
1249976    DEBUG Test worker     d.u.i.k.p.i.AbstractProblemLoader Environment load took 348.52ns 
1250023    INFO  Test worker     d.u.i.k.p.i.AbstractProblemLoader Creating init config 
1254733    DEBUG Test worker     d.u.i.k.p.i.AbstractProblemLoader Init config took 4.71s 
1254787    INFO  Test worker     d.u.i.k.p.i.AbstractProblemLoader Replaying proof Relaxed[Relaxed::isRelaxedPrefix([I,[I)].JML operation contract.0 
1255253    DEBUG Test worker     d.u.i.k.p.i.IntermediateProofReplayer Proof replay took 438.21ms 
]]></system-out>
  <system-err><![CDATA[]]></system-err>
</testsuite>
