<?xml version="1.0" encoding="UTF-8"?>
<testsuite name="de.uka.ilkd.key.parser.TestDeclParser" tests="14" skipped="2" failures="0" errors="0" timestamp="2023-06-12T06:54:38" hostname="fv-az811-133" time="16.108">
  <properties/>
  <testcase name="testGenericSortDecl1()" classname="de.uka.ilkd.key.parser.TestDeclParser" time="1.376"/>
  <testcase name="testGenericSortDecl2()" classname="de.uka.ilkd.key.parser.TestDeclParser" time="1.331"/>
  <testcase name="testGenericSortDecl3()" classname="de.uka.ilkd.key.parser.TestDeclParser" time="1.344"/>
  <testcase name="testGenericSortDecl4()" classname="de.uka.ilkd.key.parser.TestDeclParser" time="1.337"/>
  <testcase name="testGenericSortDecl5()" classname="de.uka.ilkd.key.parser.TestDeclParser" time="0.0">
    <skipped/>
  </testcase>
  <testcase name="testGenericSortDecl6()" classname="de.uka.ilkd.key.parser.TestDeclParser" time="1.349"/>
  <testcase name="testSortDecl()" classname="de.uka.ilkd.key.parser.TestDeclParser" time="1.379"/>
  <testcase name="testProxySortDecl()" classname="de.uka.ilkd.key.parser.TestDeclParser" time="1.351"/>
  <testcase name="testArrayDecl()" classname="de.uka.ilkd.key.parser.TestDeclParser" time="1.327"/>
  <testcase name="testAmbiguousDecls()" classname="de.uka.ilkd.key.parser.TestDeclParser" time="0.0">
    <skipped/>
  </testcase>
  <testcase name="testHeurDecl()" classname="de.uka.ilkd.key.parser.TestDeclParser" time="1.326"/>
  <testcase name="testFunctionDecl()" classname="de.uka.ilkd.key.parser.TestDeclParser" time="1.331"/>
  <testcase name="testPredicateDecl()" classname="de.uka.ilkd.key.parser.TestDeclParser" time="1.33"/>
  <testcase name="testSVDecl()" classname="de.uka.ilkd.key.parser.TestDeclParser" time="1.324"/>
  <system-out><![CDATA[320595     INFO  Test worker     d.u.i.k.n.KeyIO           Parsing took 0 ms 
320595     DEBUG Test worker     d.u.i.k.n.KeyIO           Load declarations of de.uka.ilkd.key.nparser.KeyAst$File:  <unknown>:1#1 
320595     INFO  Test worker     d.u.i.k.n.KeyIO           MODE: declarations took 0 ms 
320611     DEBUG Test worker     d.u.i.k.n.KeyIO           MODE: 2nd degree decls took 0 
320611     DEBUG Test worker     d.u.i.k.n.KeyIO           MODE: taclets took 0ms 
321943     INFO  Test worker     d.u.i.k.n.KeyIO           Parsing took 0 ms 
321943     DEBUG Test worker     d.u.i.k.n.KeyIO           Load declarations of de.uka.ilkd.key.nparser.KeyAst$File:  <unknown>:1#1 
321943     INFO  Test worker     d.u.i.k.n.KeyIO           MODE: declarations took 0 ms 
321943     DEBUG Test worker     d.u.i.k.n.KeyIO           MODE: 2nd degree decls took 0 
321943     DEBUG Test worker     d.u.i.k.n.KeyIO           MODE: taclets took 0ms 
323282     INFO  Test worker     d.u.i.k.n.KeyIO           Parsing took 0 ms 
323282     DEBUG Test worker     d.u.i.k.n.KeyIO           Load declarations of de.uka.ilkd.key.nparser.KeyAst$File:  <unknown>:1#1 
323282     INFO  Test worker     d.u.i.k.n.KeyIO           MODE: declarations took 0 ms 
323282     DEBUG Test worker     d.u.i.k.n.KeyIO           MODE: 2nd degree decls took 0 
323282     DEBUG Test worker     d.u.i.k.n.KeyIO           MODE: taclets took 0ms 
324621     INFO  Test worker     d.u.i.k.n.KeyIO           Parsing took 0 ms 
324621     DEBUG Test worker     d.u.i.k.n.KeyIO           Load declarations of de.uka.ilkd.key.nparser.KeyAst$File:  <unknown>:1#1 
324621     INFO  Test worker     d.u.i.k.n.KeyIO           MODE: declarations took 0 ms 
324621     DEBUG Test worker     d.u.i.k.n.KeyIO           MODE: 2nd degree decls took 0 
324621     DEBUG Test worker     d.u.i.k.n.KeyIO           MODE: taclets took 0ms 
325959     INFO  Test worker     d.u.i.k.n.KeyIO           Parsing took 0 ms 
325975     DEBUG Test worker     d.u.i.k.n.KeyIO           Load declarations of de.uka.ilkd.key.nparser.KeyAst$File:  <unknown>:1#1 
325975     INFO  Test worker     d.u.i.k.n.KeyIO           MODE: declarations took 0 ms 
325975     DEBUG Test worker     d.u.i.k.n.KeyIO           MODE: 2nd degree decls took 0 
325975     DEBUG Test worker     d.u.i.k.n.KeyIO           MODE: taclets took 0ms 
327340     INFO  Test worker     d.u.i.k.n.KeyIO           Parsing took 0 ms 
327340     DEBUG Test worker     d.u.i.k.n.KeyIO           Load declarations of de.uka.ilkd.key.nparser.KeyAst$File:  <unknown>:1#1 
327340     INFO  Test worker     d.u.i.k.n.KeyIO           MODE: declarations took 0 ms 
327340     DEBUG Test worker     d.u.i.k.n.KeyIO           MODE: 2nd degree decls took 0 
327340     DEBUG Test worker     d.u.i.k.n.KeyIO           MODE: taclets took 0ms 
328700     INFO  Test worker     d.u.i.k.n.KeyIO           Parsing took 0 ms 
328700     DEBUG Test worker     d.u.i.k.n.KeyIO           Load declarations of de.uka.ilkd.key.nparser.KeyAst$File:  <unknown>:1#1 
328700     INFO  Test worker     d.u.i.k.n.KeyIO           MODE: declarations took 0 ms 
328700     DEBUG Test worker     d.u.i.k.n.KeyIO           MODE: 2nd degree decls took 0 
328700     DEBUG Test worker     d.u.i.k.n.KeyIO           MODE: taclets took 0ms 
330032     INFO  Test worker     d.u.i.k.n.KeyIO           Parsing took 0 ms 
330032     DEBUG Test worker     d.u.i.k.n.KeyIO           Load declarations of de.uka.ilkd.key.nparser.KeyAst$File:  <unknown>:1#1 
330032     INFO  Test worker     d.u.i.k.n.KeyIO           MODE: declarations took 0 ms 
330032     DEBUG Test worker     d.u.i.k.n.KeyIO           MODE: 2nd degree decls took 0 
330032     DEBUG Test worker     d.u.i.k.n.KeyIO           MODE: taclets took 0ms 
331361     INFO  Test worker     d.u.i.k.n.KeyIO           Parsing took 0 ms 
331361     DEBUG Test worker     d.u.i.k.n.KeyIO           Load declarations of de.uka.ilkd.key.nparser.KeyAst$File:  <unknown>:1#1 
331361     INFO  Test worker     d.u.i.k.n.KeyIO           MODE: declarations took 0 ms 
331361     DEBUG Test worker     d.u.i.k.n.KeyIO           MODE: 2nd degree decls took 0 
331361     DEBUG Test worker     d.u.i.k.n.KeyIO           MODE: taclets took 0ms 
332690     INFO  Test worker     d.u.i.k.n.KeyIO           Parsing took 0 ms 
332690     DEBUG Test worker     d.u.i.k.n.KeyIO           Load declarations of de.uka.ilkd.key.nparser.KeyAst$File:  <unknown>:1#1 
332690     INFO  Test worker     d.u.i.k.n.KeyIO           MODE: declarations took 0 ms 
332690     DEBUG Test worker     d.u.i.k.n.KeyIO           MODE: 2nd degree decls took 0 
332690     DEBUG Test worker     d.u.i.k.n.KeyIO           MODE: taclets took 0ms 
334005     INFO  Test worker     d.u.i.k.n.KeyIO           Parsing took 0 ms 
334005     DEBUG Test worker     d.u.i.k.n.KeyIO           Load declarations of de.uka.ilkd.key.nparser.KeyAst$File:  <unknown>:1#1 
334005     INFO  Test worker     d.u.i.k.n.KeyIO           MODE: declarations took 0 ms 
334005     DEBUG Test worker     d.u.i.k.n.KeyIO           MODE: 2nd degree decls took 0 
334005     DEBUG Test worker     d.u.i.k.n.KeyIO           MODE: taclets took 0ms 
335338     INFO  Test worker     d.u.i.k.n.KeyIO           Parsing took 0 ms 
335338     DEBUG Test worker     d.u.i.k.n.KeyIO           Load declarations of de.uka.ilkd.key.nparser.KeyAst$File:  <unknown>:1#1 
335338     INFO  Test worker     d.u.i.k.n.KeyIO           MODE: declarations took 0 ms 
335338     DEBUG Test worker     d.u.i.k.n.KeyIO           MODE: 2nd degree decls took 0 
335338     DEBUG Test worker     d.u.i.k.n.KeyIO           MODE: taclets took 0ms 
]]></system-out>
  <system-err><![CDATA[]]></system-err>
</testsuite>
