<?xml version="1.0" encoding="UTF-8"?>
<testsuite name="de.uka.ilkd.key.parser.TestTermParserSorts" tests="2" skipped="0" failures="0" errors="0" timestamp="2023-06-12T06:59:46" hostname="fv-az811-133" time="4.291">
  <properties/>
  <testcase name="testParseIntegerArgs()" classname="de.uka.ilkd.key.parser.TestTermParserSorts" time="0.023"/>
  <testcase name="testParseSequencePrettySyntax()" classname="de.uka.ilkd.key.parser.TestTermParserSorts" time="0.003"/>
  <system-out><![CDATA[627130     INFO  Test worker     d.u.i.k.n.KeyIO           Parsing took 0 ms 
627130     DEBUG Test worker     d.u.i.k.n.KeyIO           Load declarations of de.uka.ilkd.key.nparser.KeyAst$File:  <unknown>:1#1 
627130     INFO  Test worker     d.u.i.k.n.KeyIO           MODE: declarations took 0 ms 
627130     DEBUG Test worker     d.u.i.k.n.KeyIO           MODE: 2nd degree decls took 0 
627130     INFO  Test worker     d.u.i.k.n.KeyIO           Parsing took 0 ms 
627130     DEBUG Test worker     d.u.i.k.n.KeyIO           Load declarations of de.uka.ilkd.key.nparser.KeyAst$File:  <unknown>:1#1 
627130     INFO  Test worker     d.u.i.k.n.KeyIO           MODE: declarations took 0 ms 
627130     DEBUG Test worker     d.u.i.k.n.KeyIO           MODE: 2nd degree decls took 0 
627130     INFO  Test worker     d.u.i.k.n.KeyIO           Parsing took 0 ms 
627130     DEBUG Test worker     d.u.i.k.n.KeyIO           Load declarations of de.uka.ilkd.key.nparser.KeyAst$File:  <unknown>:1#1 
627130     INFO  Test worker     d.u.i.k.n.KeyIO           MODE: declarations took 0 ms 
627130     DEBUG Test worker     d.u.i.k.n.KeyIO           MODE: 2nd degree decls took 0 
631418     INFO  Test worker     d.u.i.k.n.KeyIO           Parsing took 0 ms 
631418     DEBUG Test worker     d.u.i.k.n.KeyIO           Load declarations of de.uka.ilkd.key.nparser.KeyAst$File:  <unknown>:1#1 
631418     INFO  Test worker     d.u.i.k.n.KeyIO           MODE: declarations took 0 ms 
631418     DEBUG Test worker     d.u.i.k.n.KeyIO           MODE: 2nd degree decls took 0 
631418     INFO  Test worker     d.u.i.k.n.KeyIO           Parsing took 0 ms 
631418     DEBUG Test worker     d.u.i.k.n.KeyIO           Load declarations of de.uka.ilkd.key.nparser.KeyAst$File:  <unknown>:1#1 
631418     INFO  Test worker     d.u.i.k.n.KeyIO           MODE: declarations took 0 ms 
631418     DEBUG Test worker     d.u.i.k.n.KeyIO           MODE: 2nd degree decls took 0 
631418     INFO  Test worker     d.u.i.k.n.KeyIO           Parsing took 0 ms 
631418     DEBUG Test worker     d.u.i.k.n.KeyIO           Load declarations of de.uka.ilkd.key.nparser.KeyAst$File:  <unknown>:1#1 
631418     INFO  Test worker     d.u.i.k.n.KeyIO           MODE: declarations took 0 ms 
631418     DEBUG Test worker     d.u.i.k.n.KeyIO           MODE: 2nd degree decls took 0 
]]></system-out>
  <system-err><![CDATA[]]></system-err>
</testsuite>
