<?xml version="1.0" encoding="UTF-8"?>
<testsuite name="de.uka.ilkd.key.rule.merge.PredicateAbstractionLatticeTests" tests="3" skipped="0" failures="0" errors="0" timestamp="2023-06-12T07:02:31" hostname="fv-az811-133" time="8.632">
  <properties/>
  <testcase name="testToAndFromString()" classname="de.uka.ilkd.key.rule.merge.PredicateAbstractionLatticeTests" time="4.328"/>
  <testcase name="testCreateSignLatticeWithPredicates()" classname="de.uka.ilkd.key.rule.merge.PredicateAbstractionLatticeTests" time="4.304"/>
  <testcase name="testTrivialPredicatesLattice()" classname="de.uka.ilkd.key.rule.merge.PredicateAbstractionLatticeTests" time="0.0"/>
  <system-out><![CDATA[791880     INFO  Test worker     d.u.i.k.p.i.AbstractProblemLoader Loading environment from src\test\resources\testcase\merge\dummy.key 
791880     DEBUG Test worker     d.u.i.k.p.i.AbstractProblemLoader Environment load took 400.7ns 
791880     INFO  Test worker     d.u.i.k.p.i.AbstractProblemLoader Creating init config 
796178     DEBUG Test worker     d.u.i.k.p.i.AbstractProblemLoader Init config took 4.31s 
796194     INFO  Test worker     d.u.i.k.p.i.AbstractProblemLoader Replaying proof dummy.key 
796209     DEBUG Test worker     d.u.i.k.p.i.IntermediateProofReplayer Proof replay took 58.6ns 
796209     INFO  Test worker     d.u.i.k.p.i.AbstractProblemLoader Loading environment from src\test\resources\testcase\merge\dummy.key 
796209     DEBUG Test worker     d.u.i.k.p.i.AbstractProblemLoader Environment load took 199.8ns 
796209     INFO  Test worker     d.u.i.k.p.i.AbstractProblemLoader Creating init config 
800497     DEBUG Test worker     d.u.i.k.p.i.AbstractProblemLoader Init config took 4.29s 
800513     INFO  Test worker     d.u.i.k.p.i.AbstractProblemLoader Replaying proof dummy.key 
800513     DEBUG Test worker     d.u.i.k.p.i.IntermediateProofReplayer Proof replay took 3.7ns 
]]></system-out>
  <system-err><![CDATA[]]></system-err>
</testsuite>
