<?xml version="1.0" encoding="UTF-8"?>
<testsuite name="de.uka.ilkd.key.logic.TestClashFreeSubst" tests="14" skipped="2" failures="0" errors="0" timestamp="2023-04-12T11:51:57" hostname="fv-az206-724" time="56.441">
  <properties/>
  <testcase name="testMultiShareBound()" classname="de.uka.ilkd.key.logic.TestClashFreeSubst" time="1.088"/>
  <testcase name="testClash()" classname="de.uka.ilkd.key.logic.TestClashFreeSubst" time="1.033"/>
  <testcase name="testShare()" classname="de.uka.ilkd.key.logic.TestClashFreeSubst" time="1.117"/>
  <testcase name="testSubst()" classname="de.uka.ilkd.key.logic.TestClashFreeSubst" time="1.075"/>
  <testcase name="testWary0()" classname="de.uka.ilkd.key.logic.TestClashFreeSubst" time="1.007"/>
  <testcase name="testWary1()" classname="de.uka.ilkd.key.logic.TestClashFreeSubst" time="1.075"/>
  <testcase name="testWary2()" classname="de.uka.ilkd.key.logic.TestClashFreeSubst" time="1.029"/>
  <testcase name="testClashInSubstTerm()" classname="de.uka.ilkd.key.logic.TestClashFreeSubst" time="0.994"/>
  <testcase name="testShareWary()" classname="de.uka.ilkd.key.logic.TestClashFreeSubst" time="0.991"/>
  <testcase name="testMultiSubst()" classname="de.uka.ilkd.key.logic.TestClashFreeSubst" time="1.125"/>
  <testcase name="xtestMultiClash()" classname="de.uka.ilkd.key.logic.TestClashFreeSubst" time="0.001">
    <skipped/>
  </testcase>
  <testcase name="testSubstInSubstTerm()" classname="de.uka.ilkd.key.logic.TestClashFreeSubst" time="1.031"/>
  <testcase name="testSubstWary()" classname="de.uka.ilkd.key.logic.TestClashFreeSubst" time="1.018"/>
  <testcase name="xtestMultiClash1()" classname="de.uka.ilkd.key.logic.TestClashFreeSubst" time="0.0">
    <skipped/>
  </testcase>
  <system-out><![CDATA[42874      INFO  Test worker     d.u.i.k.n.KeyIO           Parsing took 0 ms 
42874      INFO  Test worker     d.u.i.k.n.KeyIO           MODE: declarations took 0 ms 
43953      INFO  Test worker     d.u.i.k.n.KeyIO           Parsing took 0 ms 
43953      INFO  Test worker     d.u.i.k.n.KeyIO           MODE: declarations took 0 ms 
47504      INFO  Test worker     d.u.i.k.n.KeyIO           Parsing took 0 ms 
47504      INFO  Test worker     d.u.i.k.n.KeyIO           MODE: declarations took 0 ms 
48536      INFO  Test worker     d.u.i.k.n.KeyIO           Parsing took 0 ms 
48536      INFO  Test worker     d.u.i.k.n.KeyIO           MODE: declarations took 0 ms 
52069      INFO  Test worker     d.u.i.k.n.KeyIO           Parsing took 0 ms 
52069      INFO  Test worker     d.u.i.k.n.KeyIO           MODE: declarations took 0 ms 
53179      INFO  Test worker     d.u.i.k.n.KeyIO           Parsing took 0 ms 
53179      INFO  Test worker     d.u.i.k.n.KeyIO           MODE: declarations took 0 ms 
56963      INFO  Test worker     d.u.i.k.n.KeyIO           Parsing took 0 ms 
56963      INFO  Test worker     d.u.i.k.n.KeyIO           MODE: declarations took 0 ms 
58042      INFO  Test worker     d.u.i.k.n.KeyIO           Parsing took 0 ms 
58042      INFO  Test worker     d.u.i.k.n.KeyIO           MODE: declarations took 0 ms 
61403      INFO  Test worker     d.u.i.k.n.KeyIO           Parsing took 0 ms 
61403      INFO  Test worker     d.u.i.k.n.KeyIO           MODE: declarations took 0 ms 
62406      INFO  Test worker     d.u.i.k.n.KeyIO           Parsing took 0 ms 
62406      INFO  Test worker     d.u.i.k.n.KeyIO           MODE: declarations took 0 ms 
65827      INFO  Test worker     d.u.i.k.n.KeyIO           Parsing took 0 ms 
65827      INFO  Test worker     d.u.i.k.n.KeyIO           MODE: declarations took 0 ms 
66890      INFO  Test worker     d.u.i.k.n.KeyIO           Parsing took 0 ms 
66890      INFO  Test worker     d.u.i.k.n.KeyIO           MODE: declarations took 0 ms 
70253      INFO  Test worker     d.u.i.k.n.KeyIO           Parsing took 0 ms 
70253      INFO  Test worker     d.u.i.k.n.KeyIO           MODE: declarations took 0 ms 
71268      INFO  Test worker     d.u.i.k.n.KeyIO           Parsing took 0 ms 
71284      INFO  Test worker     d.u.i.k.n.KeyIO           MODE: declarations took 16 ms 
74583      INFO  Test worker     d.u.i.k.n.KeyIO           Parsing took 0 ms 
74583      INFO  Test worker     d.u.i.k.n.KeyIO           MODE: declarations took 0 ms 
75568      INFO  Test worker     d.u.i.k.n.KeyIO           Parsing took 0 ms 
75568      INFO  Test worker     d.u.i.k.n.KeyIO           MODE: declarations took 0 ms 
78819      INFO  Test worker     d.u.i.k.n.KeyIO           Parsing took 0 ms 
78819      INFO  Test worker     d.u.i.k.n.KeyIO           MODE: declarations took 0 ms 
79788      INFO  Test worker     d.u.i.k.n.KeyIO           Parsing took 0 ms 
79804      INFO  Test worker     d.u.i.k.n.KeyIO           MODE: declarations took 0 ms 
83118      INFO  Test worker     d.u.i.k.n.KeyIO           Parsing took 0 ms 
83118      INFO  Test worker     d.u.i.k.n.KeyIO           MODE: declarations took 0 ms 
84229      INFO  Test worker     d.u.i.k.n.KeyIO           Parsing took 0 ms 
84229      INFO  Test worker     d.u.i.k.n.KeyIO           MODE: declarations took 0 ms 
90842      INFO  Test worker     d.u.i.k.n.KeyIO           Parsing took 0 ms 
90842      INFO  Test worker     d.u.i.k.n.KeyIO           MODE: declarations took 0 ms 
91859      INFO  Test worker     d.u.i.k.n.KeyIO           Parsing took 0 ms 
91859      INFO  Test worker     d.u.i.k.n.KeyIO           MODE: declarations took 0 ms 
95110      INFO  Test worker     d.u.i.k.n.KeyIO           Parsing took 0 ms 
95110      INFO  Test worker     d.u.i.k.n.KeyIO           MODE: declarations took 0 ms 
96126      INFO  Test worker     d.u.i.k.n.KeyIO           Parsing took 0 ms 
96126      INFO  Test worker     d.u.i.k.n.KeyIO           MODE: declarations took 0 ms 
]]></system-out>
  <system-err><![CDATA[]]></system-err>
</testsuite>
