<?xml version="1.0" encoding="UTF-8"?>
<testsuite name="de.uka.ilkd.key.nparser.ExprTest" tests="23" skipped="0" failures="0" errors="0" timestamp="2023-04-12T11:54:54" hostname="fv-az206-724" time="2.901">
  <properties/>
  <testcase name="[1] (bprod{int y;}(1, 2, y) = 0)" classname="de.uka.ilkd.key.nparser.ExprTest" time="0.049"/>
  <testcase name="[2] 1 = 1 -&gt; 2 = 2" classname="de.uka.ilkd.key.nparser.ExprTest" time="0.05"/>
  <testcase name="[3] \&lt; { int x = 1; } \&gt; x=1" classname="de.uka.ilkd.key.nparser.ExprTest" time="1.197"/>
  <testcase name="[4] \&lt;{ int x = 1; {int s = 2;} }\&gt; x=x" classname="de.uka.ilkd.key.nparser.ExprTest" time="1.019"/>
  <testcase name="[5] true" classname="de.uka.ilkd.key.nparser.ExprTest" time="0.027"/>
  <testcase name="[6] true &amp; false" classname="de.uka.ilkd.key.nparser.ExprTest" time="0.024"/>
  <testcase name="[7] 0" classname="de.uka.ilkd.key.nparser.ExprTest" time="0.036"/>
  <testcase name="[8] 1" classname="de.uka.ilkd.key.nparser.ExprTest" time="0.022"/>
  <testcase name="[9] 42" classname="de.uka.ilkd.key.nparser.ExprTest" time="0.022"/>
  <testcase name="[10] -5" classname="de.uka.ilkd.key.nparser.ExprTest" time="0.052"/>
  <testcase name="[11] 1 + 1 = 2" classname="de.uka.ilkd.key.nparser.ExprTest" time="0.021"/>
  <testcase name="[12] \if (3=4) \then (1) \else (2)" classname="de.uka.ilkd.key.nparser.ExprTest" time="0.041"/>
  <testcase name="[13] \if (3=4 &amp; 1=1) \then (\if (3=4) \then (1) \else (2)) \else (2)" classname="de.uka.ilkd.key.nparser.ExprTest" time="0.022"/>
  <testcase name="[14] aa + bb*cc" classname="de.uka.ilkd.key.nparser.ExprTest" time="0.033"/>
  <testcase name="[15] aa%bb*cc &lt; -123" classname="de.uka.ilkd.key.nparser.ExprTest" time="0.02"/>
  <testcase name="[16] \forall int x; true" classname="de.uka.ilkd.key.nparser.ExprTest" time="0.018"/>
  <testcase name="[17] \forall numbers x; x = x" classname="de.uka.ilkd.key.nparser.ExprTest" time="0.019"/>
  <testcase name="[18] (int)3+2" classname="de.uka.ilkd.key.nparser.ExprTest" time="0.021"/>
  <testcase name="[19] 1.f + 1f = 20e-1f * (2f-1f)" classname="de.uka.ilkd.key.nparser.ExprTest" time="0.023"/>
  <testcase name="[20] 1.d + 1d &lt;= 20e+1d * .01d" classname="de.uka.ilkd.key.nparser.ExprTest" time="0.017"/>
  <testcase name="[21] 1f &lt;= 2f" classname="de.uka.ilkd.key.nparser.ExprTest" time="0.017"/>
  <testcase name="[22] 2d &gt; 1d" classname="de.uka.ilkd.key.nparser.ExprTest" time="0.063"/>
  <testcase name="[23] seqEmpty + seqEmpty" classname="de.uka.ilkd.key.nparser.ExprTest" time="0.055"/>
  <system-out><![CDATA[220501     INFO  Test worker     d.u.i.k.n.KeyIO           Parsing took 32 ms 
220501     INFO  Test worker     d.u.i.k.n.KeyIO           MODE: declarations took 0 ms 
220516     INFO  Test worker     d.u.i.k.n.ExprTest        Term: equals(bprod{y:int}(Z(1(#)),Z(2(#)),y),Z(0(#))) 
220563     INFO  Test worker     d.u.i.k.n.KeyIO           Parsing took 47 ms 
220563     INFO  Test worker     d.u.i.k.n.KeyIO           MODE: declarations took 0 ms 
220563     INFO  Test worker     d.u.i.k.n.ExprTest        Term: imp(equals(Z(1(#)),Z(1(#))),equals(Z(2(#)),Z(2(#)))) 
220610     INFO  Test worker     d.u.i.k.n.KeyIO           Parsing took 47 ms 
220610     INFO  Test worker     d.u.i.k.n.KeyIO           MODE: declarations took 0 ms 
221767     INFO  Test worker     d.u.i.k.n.ExprTest        Term: \<{
  int x = 1;
}\> (equals(x,Z(1(#)))) 
221798     INFO  Test worker     d.u.i.k.n.KeyIO           Parsing took 31 ms 
221798     INFO  Test worker     d.u.i.k.n.KeyIO           MODE: declarations took 0 ms 
222784     INFO  Test worker     d.u.i.k.n.ExprTest        Term: \<{
  int x = 1;
  {
    int s = 2;
  }
}\> (equals(x,x)) 
222800     INFO  Test worker     d.u.i.k.n.KeyIO           Parsing took 16 ms 
222800     INFO  Test worker     d.u.i.k.n.KeyIO           MODE: declarations took 0 ms 
222815     INFO  Test worker     d.u.i.k.n.ExprTest        Term: true 
222831     INFO  Test worker     d.u.i.k.n.KeyIO           Parsing took 16 ms 
222831     INFO  Test worker     d.u.i.k.n.KeyIO           MODE: declarations took 0 ms 
222831     INFO  Test worker     d.u.i.k.n.ExprTest        Term: and(true,false) 
222862     INFO  Test worker     d.u.i.k.n.KeyIO           Parsing took 15 ms 
222862     INFO  Test worker     d.u.i.k.n.KeyIO           MODE: declarations took 0 ms 
222878     INFO  Test worker     d.u.i.k.n.ExprTest        Term: Z(0(#)) 
222894     INFO  Test worker     d.u.i.k.n.KeyIO           Parsing took 16 ms 
222894     INFO  Test worker     d.u.i.k.n.KeyIO           MODE: declarations took 0 ms 
222894     INFO  Test worker     d.u.i.k.n.ExprTest        Term: Z(1(#)) 
222909     INFO  Test worker     d.u.i.k.n.KeyIO           Parsing took 0 ms 
222909     INFO  Test worker     d.u.i.k.n.KeyIO           MODE: declarations took 0 ms 
222925     INFO  Test worker     d.u.i.k.n.ExprTest        Term: Z(2(4(#))) 
222975     INFO  Test worker     d.u.i.k.n.KeyIO           Parsing took 50 ms 
222975     INFO  Test worker     d.u.i.k.n.KeyIO           MODE: declarations took 0 ms 
222975     INFO  Test worker     d.u.i.k.n.ExprTest        Term: Z(neglit(5(#))) 
222990     INFO  Test worker     d.u.i.k.n.KeyIO           Parsing took 15 ms 
222990     INFO  Test worker     d.u.i.k.n.KeyIO           MODE: declarations took 0 ms 
222990     INFO  Test worker     d.u.i.k.n.ExprTest        Term: equals(add(Z(1(#)),Z(1(#))),Z(2(#))) 
223037     INFO  Test worker     d.u.i.k.n.KeyIO           Parsing took 31 ms 
223037     INFO  Test worker     d.u.i.k.n.KeyIO           MODE: declarations took 0 ms 
223037     INFO  Test worker     d.u.i.k.n.ExprTest        Term: if-then-else(equals(Z(3(#)),Z(4(#))),Z(1(#)),Z(2(#))) 
223053     INFO  Test worker     d.u.i.k.n.KeyIO           Parsing took 0 ms 
223068     INFO  Test worker     d.u.i.k.n.KeyIO           MODE: declarations took 15 ms 
223068     INFO  Test worker     d.u.i.k.n.ExprTest        Term: if-then-else(and(equals(Z(3(#)),Z(4(#))),equals(Z(1(#)),Z(1(#)))),if-then-else(equals(Z(3(#)),Z(4(#))),Z(1(#)),Z(2(#))),Z(2(#))) 
223084     INFO  Test worker     d.u.i.k.n.KeyIO           Parsing took 16 ms 
223084     INFO  Test worker     d.u.i.k.n.KeyIO           MODE: declarations took 0 ms 
223100     INFO  Test worker     d.u.i.k.n.ExprTest        Term: add(aa,mul(bb,cc)) 
223115     INFO  Test worker     d.u.i.k.n.KeyIO           Parsing took 15 ms 
223115     INFO  Test worker     d.u.i.k.n.KeyIO           MODE: declarations took 0 ms 
223115     INFO  Test worker     d.u.i.k.n.ExprTest        Term: lt(mul(mod(aa,bb),cc),Z(neglit(3(2(1(#)))))) 
223131     INFO  Test worker     d.u.i.k.n.KeyIO           Parsing took 0 ms 
223131     INFO  Test worker     d.u.i.k.n.KeyIO           MODE: declarations took 0 ms 
223146     INFO  Test worker     d.u.i.k.n.ExprTest        Term: all{x:int}(true) 
223146     INFO  Test worker     d.u.i.k.n.KeyIO           Parsing took 0 ms 
223162     INFO  Test worker     d.u.i.k.n.KeyIO           MODE: declarations took 0 ms 
223162     INFO  Test worker     d.u.i.k.n.ExprTest        Term: all{x:numbers}(equals(x,x)) 
223178     INFO  Test worker     d.u.i.k.n.KeyIO           Parsing took 16 ms 
223178     INFO  Test worker     d.u.i.k.n.KeyIO           MODE: declarations took 0 ms 
223178     INFO  Test worker     d.u.i.k.n.ExprTest        Term: add(int::cast(Z(3(#))),Z(2(#))) 
223193     INFO  Test worker     d.u.i.k.n.KeyIO           Parsing took 0 ms 
223193     INFO  Test worker     d.u.i.k.n.KeyIO           MODE: declarations took 0 ms 
223193     INFO  Test worker     d.u.i.k.n.ExprTest        Term: equals(addFloat(FP(6(1(2(3(5(3(5(6(0(1(#))))))))))),FP(6(1(2(3(5(3(5(6(0(1(#)))))))))))),mulFloat(FP(4(2(8(1(4(7(3(7(0(1(#))))))))))),subFloat(FP(4(2(8(1(4(7(3(7(0(1(#))))))))))),FP(6(1(2(3(5(3(5(6(0(1(#)))))))))))))) 
223225     INFO  Test worker     d.u.i.k.n.KeyIO           Parsing took 16 ms 
223225     INFO  Test worker     d.u.i.k.n.KeyIO           MODE: declarations took 0 ms 
223225     INFO  Test worker     d.u.i.k.n.ExprTest        Term: leqDouble(addDouble(DFP(8(0(4(7(1(0(0(0(8(8(1(4(2(8(1(7(0(6(4(#)))))))))))))))))))),DFP(8(0(4(7(1(0(0(0(8(8(1(4(2(8(1(7(0(6(4(#))))))))))))))))))))),mulDouble(DFP(4(8(7(6(0(0(2(8(9(0(9(8(0(4(2(1(4(6(4(#)))))))))))))))))))),DFP(5(7(6(7(8(0(4(0(3(9(2(2(8(1(9(6(7(5(4(#)))))))))))))))))))))) 
223240     INFO  Test worker     d.u.i.k.n.KeyIO           Parsing took 15 ms 
223240     INFO  Test worker     d.u.i.k.n.KeyIO           MODE: declarations took 0 ms 
223240     INFO  Test worker     d.u.i.k.n.ExprTest        Term: leqFloat(FP(6(1(2(3(5(3(5(6(0(1(#))))))))))),FP(4(2(8(1(4(7(3(7(0(1(#)))))))))))) 
223303     INFO  Test worker     d.u.i.k.n.KeyIO           Parsing took 63 ms 
223303     INFO  Test worker     d.u.i.k.n.KeyIO           MODE: declarations took 0 ms 
223303     INFO  Test worker     d.u.i.k.n.ExprTest        Term: gtDouble(DFP(4(0(9(7(8(3(7(2(4(8(1(0(6(8(6(1(1(6(4(#)))))))))))))))))))),DFP(8(0(4(7(1(0(0(0(8(8(1(4(2(8(1(7(0(6(4(#))))))))))))))))))))) 
223334     INFO  Test worker     d.u.i.k.n.KeyIO           Parsing took 16 ms 
223334     INFO  Test worker     d.u.i.k.n.KeyIO           MODE: declarations took 0 ms 
223334     INFO  Test worker     d.u.i.k.n.ExprTest        Term: seqConcat(seqEmpty,seqEmpty) 
]]></system-out>
  <system-err><![CDATA[]]></system-err>
</testsuite>
