<?xml version="1.0" encoding="UTF-8"?>
<testsuite name="de.uka.ilkd.key.parser.TestTermParserSorts" tests="2" skipped="0" failures="0" errors="0" timestamp="2023-04-12T11:58:56" hostname="fv-az206-724" time="3.13">
  <properties/>
  <testcase name="testParseIntegerArgs()" classname="de.uka.ilkd.key.parser.TestTermParserSorts" time="0.017"/>
  <testcase name="testParseSequencePrettySyntax()" classname="de.uka.ilkd.key.parser.TestTermParserSorts" time="0.002"/>
  <system-out><![CDATA[462256     INFO  Test worker     d.u.i.k.n.KeyIO           Parsing took 0 ms 
462256     INFO  Test worker     d.u.i.k.n.KeyIO           MODE: declarations took 0 ms 
462256     INFO  Test worker     d.u.i.k.n.KeyIO           Parsing took 0 ms 
462256     INFO  Test worker     d.u.i.k.n.KeyIO           MODE: declarations took 0 ms 
462256     INFO  Test worker     d.u.i.k.n.KeyIO           Parsing took 0 ms 
462272     INFO  Test worker     d.u.i.k.n.KeyIO           MODE: declarations took 16 ms 
465384     INFO  Test worker     d.u.i.k.n.KeyIO           Parsing took 0 ms 
465384     INFO  Test worker     d.u.i.k.n.KeyIO           MODE: declarations took 0 ms 
465384     INFO  Test worker     d.u.i.k.n.KeyIO           Parsing took 0 ms 
465384     INFO  Test worker     d.u.i.k.n.KeyIO           MODE: declarations took 0 ms 
465384     INFO  Test worker     d.u.i.k.n.KeyIO           Parsing took 0 ms 
465384     INFO  Test worker     d.u.i.k.n.KeyIO           MODE: declarations took 0 ms 
]]></system-out>
  <system-err><![CDATA[]]></system-err>
</testsuite>
