<?xml version="1.0" encoding="UTF-8"?>
<testsuite name="de.uka.ilkd.key.nparser.ParseLDTsTests" tests="2" skipped="0" failures="0" errors="0" timestamp="2023-04-12T11:54:57" hostname="fv-az206-724" time="1.49">
  <properties/>
  <testcase name="testLDT()" classname="de.uka.ilkd.key.nparser.ParseLDTsTests" time="0.114"/>
  <testcase name="testSR()" classname="de.uka.ilkd.key.nparser.ParseLDTsTests" time="1.375"/>
  <system-out><![CDATA[223412     INFO  Test worker     d.u.i.k.n.KeyIO           Parsing took 15 ms 
223428     INFO  Test worker     d.u.i.k.n.KeyIO           MODE: declarations took 16 ms 
224131     INFO  Test worker     d.u.i.k.n.KeyIO           Parsing took 610 ms 
224131     INFO  Test worker     d.u.i.k.n.KeyIO           MODE: declarations took 0 ms 
]]></system-out>
  <system-err><![CDATA[]]></system-err>
</testsuite>
