<?xml version="1.0" encoding="UTF-8"?>
<testsuite name="de.uka.ilkd.key.parser.TestTermParserHeap" tests="39" skipped="0" failures="0" errors="0" timestamp="2023-04-12T11:56:54" hostname="fv-az206-724" time="119.146">
  <properties/>
  <testcase name="testBracketHeapUpdate()" classname="de.uka.ilkd.key.parser.TestTermParserHeap" time="0.031"/>
  <testcase name="testStore()" classname="de.uka.ilkd.key.parser.TestTermParserHeap" time="0.037"/>
  <testcase name="testUnknownConstant()" classname="de.uka.ilkd.key.parser.TestTermParserHeap" time="0.006"/>
  <testcase name="testAllFieldsSelector()" classname="de.uka.ilkd.key.parser.TestTermParserHeap" time="0.003"/>
  <testcase name="testParsePrettyPrintedSelect()" classname="de.uka.ilkd.key.parser.TestTermParserHeap" time="0.003"/>
  <testcase name="testAccessStaticMembers()" classname="de.uka.ilkd.key.parser.TestTermParserHeap" time="0.106"/>
  <testcase name="testAtOperator_1()" classname="de.uka.ilkd.key.parser.TestTermParserHeap" time="0.001"/>
  <testcase name="testAtOperator_2()" classname="de.uka.ilkd.key.parser.TestTermParserHeap" time="0.003"/>
  <testcase name="testAtOperator_3()" classname="de.uka.ilkd.key.parser.TestTermParserHeap" time="0.002"/>
  <testcase name="testAtOperator_4()" classname="de.uka.ilkd.key.parser.TestTermParserHeap" time="0.012"/>
  <testcase name="testAtOperator_5()" classname="de.uka.ilkd.key.parser.TestTermParserHeap" time="0.003"/>
  <testcase name="testAtOperator_6()" classname="de.uka.ilkd.key.parser.TestTermParserHeap" time="0.002"/>
  <testcase name="testAtOperator_7()" classname="de.uka.ilkd.key.parser.TestTermParserHeap" time="0.003"/>
  <testcase name="testAtOperator_8()" classname="de.uka.ilkd.key.parser.TestTermParserHeap" time="0.018"/>
  <testcase name="testVerifyExceptionIfAtOperatorNotPreceededBySelectTerm()" classname="de.uka.ilkd.key.parser.TestTermParserHeap" time="0.002"/>
  <testcase name="testBugResettingCounter()" classname="de.uka.ilkd.key.parser.TestTermParserHeap" time="0.003"/>
  <testcase name="testLocationSets()" classname="de.uka.ilkd.key.parser.TestTermParserHeap" time="0.003"/>
  <testcase name="testQuantifiedSelect()" classname="de.uka.ilkd.key.parser.TestTermParserHeap" time="0.003"/>
  <testcase name="testGenericObjectProperties()" classname="de.uka.ilkd.key.parser.TestTermParserHeap" time="0.003"/>
  <testcase name="testQueryInheritance_1()" classname="de.uka.ilkd.key.parser.TestTermParserHeap" time="0.003"/>
  <testcase name="testQueryInheritance_2()" classname="de.uka.ilkd.key.parser.TestTermParserHeap" time="0.003"/>
  <testcase name="testQueryInheritance_3()" classname="de.uka.ilkd.key.parser.TestTermParserHeap" time="0.003"/>
  <testcase name="testQueryInheritance_4()" classname="de.uka.ilkd.key.parser.TestTermParserHeap" time="0.003"/>
  <testcase name="testQueryInheritance_5()" classname="de.uka.ilkd.key.parser.TestTermParserHeap" time="0.003"/>
  <testcase name="testQueryInheritance_6()" classname="de.uka.ilkd.key.parser.TestTermParserHeap" time="0.003"/>
  <testcase name="testQueryInheritance_7()" classname="de.uka.ilkd.key.parser.TestTermParserHeap" time="0.005"/>
  <testcase name="testQueryInheritance_8()" classname="de.uka.ilkd.key.parser.TestTermParserHeap" time="0.002"/>
  <testcase name="testQueryInheritance_9()" classname="de.uka.ilkd.key.parser.TestTermParserHeap" time="0.002"/>
  <testcase name="testQueryBasic_10()" classname="de.uka.ilkd.key.parser.TestTermParserHeap" time="0.002"/>
  <testcase name="testQueryBasic_11()" classname="de.uka.ilkd.key.parser.TestTermParserHeap" time="0.003"/>
  <testcase name="testQueryBasic_1()" classname="de.uka.ilkd.key.parser.TestTermParserHeap" time="0.002"/>
  <testcase name="testQueryBasic_2()" classname="de.uka.ilkd.key.parser.TestTermParserHeap" time="0.003"/>
  <testcase name="testQueryBasic_3()" classname="de.uka.ilkd.key.parser.TestTermParserHeap" time="0.004"/>
  <testcase name="testQueryBasic_4()" classname="de.uka.ilkd.key.parser.TestTermParserHeap" time="0.004"/>
  <testcase name="testQueryBasic_5()" classname="de.uka.ilkd.key.parser.TestTermParserHeap" time="0.003"/>
  <testcase name="testQueryBasic_6()" classname="de.uka.ilkd.key.parser.TestTermParserHeap" time="0.002"/>
  <testcase name="testQueryBasic_7()" classname="de.uka.ilkd.key.parser.TestTermParserHeap" time="0.004"/>
  <testcase name="testQueryBasic_8()" classname="de.uka.ilkd.key.parser.TestTermParserHeap" time="0.004"/>
  <testcase name="testQueryBasic_9()" classname="de.uka.ilkd.key.parser.TestTermParserHeap" time="0.003"/>
  <system-out><![CDATA[340081     INFO  Test worker     d.u.i.k.n.KeyIO           Parsing took 0 ms 
340081     INFO  Test worker     d.u.i.k.n.KeyIO           MODE: declarations took 0 ms 
340081     INFO  Test worker     d.u.i.k.n.KeyIO           Parsing took 0 ms 
340081     INFO  Test worker     d.u.i.k.n.KeyIO           MODE: declarations took 0 ms 
340081     INFO  Test worker     d.u.i.k.n.KeyIO           Parsing took 0 ms 
340081     INFO  Test worker     d.u.i.k.n.KeyIO           MODE: declarations took 0 ms 
340097     INFO  Test worker     d.u.i.k.n.KeyIO           Parsing took 0 ms 
340097     INFO  Test worker     d.u.i.k.n.KeyIO           MODE: declarations took 0 ms 
340097     INFO  Test worker     d.u.i.k.n.KeyIO           Parsing took 0 ms 
340097     INFO  Test worker     d.u.i.k.n.KeyIO           MODE: declarations took 0 ms 
343193     INFO  Test worker     d.u.i.k.n.KeyIO           Parsing took 0 ms 
343193     INFO  Test worker     d.u.i.k.n.KeyIO           MODE: declarations took 0 ms 
343193     INFO  Test worker     d.u.i.k.n.KeyIO           Parsing took 0 ms 
343193     INFO  Test worker     d.u.i.k.n.KeyIO           MODE: declarations took 0 ms 
343193     INFO  Test worker     d.u.i.k.n.KeyIO           Parsing took 0 ms 
343193     INFO  Test worker     d.u.i.k.n.KeyIO           MODE: declarations took 0 ms 
343193     INFO  Test worker     d.u.i.k.n.KeyIO           Parsing took 0 ms 
343193     INFO  Test worker     d.u.i.k.n.KeyIO           MODE: declarations took 0 ms 
343193     INFO  Test worker     d.u.i.k.n.KeyIO           Parsing took 0 ms 
343193     INFO  Test worker     d.u.i.k.n.KeyIO           MODE: declarations took 0 ms 
346382     INFO  Test worker     d.u.i.k.n.KeyIO           Parsing took 0 ms 
346398     INFO  Test worker     d.u.i.k.n.KeyIO           MODE: declarations took 0 ms 
346398     INFO  Test worker     d.u.i.k.n.KeyIO           Parsing took 0 ms 
346398     INFO  Test worker     d.u.i.k.n.KeyIO           MODE: declarations took 0 ms 
346398     INFO  Test worker     d.u.i.k.n.KeyIO           Parsing took 0 ms 
346398     INFO  Test worker     d.u.i.k.n.KeyIO           MODE: declarations took 0 ms 
346398     INFO  Test worker     d.u.i.k.n.KeyIO           Parsing took 0 ms 
346398     INFO  Test worker     d.u.i.k.n.KeyIO           MODE: declarations took 0 ms 
346398     INFO  Test worker     d.u.i.k.n.KeyIO           Parsing took 0 ms 
346398     INFO  Test worker     d.u.i.k.n.KeyIO           MODE: declarations took 0 ms 
346398     INFO  Test worker     d.u.i.k.n.KeyIO           Parsing took 0 ms 
346398     INFO  Test worker     d.u.i.k.n.KeyIO           MODE: declarations took 0 ms 
349499     INFO  Test worker     d.u.i.k.n.KeyIO           Parsing took 0 ms 
349499     INFO  Test worker     d.u.i.k.n.KeyIO           MODE: declarations took 0 ms 
349499     INFO  Test worker     d.u.i.k.n.KeyIO           Parsing took 0 ms 
349499     INFO  Test worker     d.u.i.k.n.KeyIO           MODE: declarations took 0 ms 
349499     INFO  Test worker     d.u.i.k.n.KeyIO           Parsing took 0 ms 
349499     INFO  Test worker     d.u.i.k.n.KeyIO           MODE: declarations took 0 ms 
349499     INFO  Test worker     d.u.i.k.n.KeyIO           Parsing took 0 ms 
349499     INFO  Test worker     d.u.i.k.n.KeyIO           MODE: declarations took 0 ms 
349499     INFO  Test worker     d.u.i.k.n.KeyIO           Parsing took 0 ms 
349499     INFO  Test worker     d.u.i.k.n.KeyIO           MODE: declarations took 0 ms 
352609     INFO  Test worker     d.u.i.k.n.KeyIO           Parsing took 0 ms 
352609     INFO  Test worker     d.u.i.k.n.KeyIO           MODE: declarations took 0 ms 
352609     INFO  Test worker     d.u.i.k.n.KeyIO           Parsing took 0 ms 
352609     INFO  Test worker     d.u.i.k.n.KeyIO           MODE: declarations took 0 ms 
352609     INFO  Test worker     d.u.i.k.n.KeyIO           Parsing took 0 ms 
352609     INFO  Test worker     d.u.i.k.n.KeyIO           MODE: declarations took 0 ms 
352609     INFO  Test worker     d.u.i.k.n.KeyIO           Parsing took 0 ms 
352609     INFO  Test worker     d.u.i.k.n.KeyIO           MODE: declarations took 0 ms 
352609     INFO  Test worker     d.u.i.k.n.KeyIO           Parsing took 0 ms 
352609     INFO  Test worker     d.u.i.k.n.KeyIO           MODE: declarations took 0 ms 
355830     INFO  Test worker     d.u.i.k.n.KeyIO           Parsing took 0 ms 
355830     INFO  Test worker     d.u.i.k.n.KeyIO           MODE: declarations took 0 ms 
355830     INFO  Test worker     d.u.i.k.n.KeyIO           Parsing took 0 ms 
355830     INFO  Test worker     d.u.i.k.n.KeyIO           MODE: declarations took 0 ms 
355830     INFO  Test worker     d.u.i.k.n.KeyIO           Parsing took 0 ms 
355830     INFO  Test worker     d.u.i.k.n.KeyIO           MODE: declarations took 0 ms 
355846     INFO  Test worker     d.u.i.k.n.KeyIO           Parsing took 16 ms 
355846     INFO  Test worker     d.u.i.k.n.KeyIO           MODE: declarations took 0 ms 
355846     INFO  Test worker     d.u.i.k.n.KeyIO           Parsing took 0 ms 
355924     INFO  Test worker     d.u.i.k.n.KeyIO           MODE: declarations took 0 ms 
358942     INFO  Test worker     d.u.i.k.n.KeyIO           Parsing took 0 ms 
358942     INFO  Test worker     d.u.i.k.n.KeyIO           MODE: declarations took 0 ms 
358942     INFO  Test worker     d.u.i.k.n.KeyIO           Parsing took 0 ms 
358942     INFO  Test worker     d.u.i.k.n.KeyIO           MODE: declarations took 0 ms 
358942     INFO  Test worker     d.u.i.k.n.KeyIO           Parsing took 0 ms 
358942     INFO  Test worker     d.u.i.k.n.KeyIO           MODE: declarations took 0 ms 
358942     INFO  Test worker     d.u.i.k.n.KeyIO           Parsing took 0 ms 
358942     INFO  Test worker     d.u.i.k.n.KeyIO           MODE: declarations took 0 ms 
358942     INFO  Test worker     d.u.i.k.n.KeyIO           Parsing took 0 ms 
358942     INFO  Test worker     d.u.i.k.n.KeyIO           MODE: declarations took 0 ms 
361911     INFO  Test worker     d.u.i.k.n.KeyIO           Parsing took 0 ms 
361911     INFO  Test worker     d.u.i.k.n.KeyIO           MODE: declarations took 0 ms 
361911     INFO  Test worker     d.u.i.k.n.KeyIO           Parsing took 0 ms 
361911     INFO  Test worker     d.u.i.k.n.KeyIO           MODE: declarations took 0 ms 
361911     INFO  Test worker     d.u.i.k.n.KeyIO           Parsing took 0 ms 
361911     INFO  Test worker     d.u.i.k.n.KeyIO           MODE: declarations took 0 ms 
361911     INFO  Test worker     d.u.i.k.n.KeyIO           Parsing took 0 ms 
361911     INFO  Test worker     d.u.i.k.n.KeyIO           MODE: declarations took 0 ms 
361911     INFO  Test worker     d.u.i.k.n.KeyIO           Parsing took 0 ms 
361911     INFO  Test worker     d.u.i.k.n.KeyIO           MODE: declarations took 0 ms 
364976     INFO  Test worker     d.u.i.k.n.KeyIO           Parsing took 0 ms 
364976     INFO  Test worker     d.u.i.k.n.KeyIO           MODE: declarations took 0 ms 
364976     INFO  Test worker     d.u.i.k.n.KeyIO           Parsing took 0 ms 
364976     INFO  Test worker     d.u.i.k.n.KeyIO           MODE: declarations took 0 ms 
364976     INFO  Test worker     d.u.i.k.n.KeyIO           Parsing took 0 ms 
364976     INFO  Test worker     d.u.i.k.n.KeyIO           MODE: declarations took 0 ms 
364976     INFO  Test worker     d.u.i.k.n.KeyIO           Parsing took 0 ms 
364976     INFO  Test worker     d.u.i.k.n.KeyIO           MODE: declarations took 0 ms 
364976     INFO  Test worker     d.u.i.k.n.KeyIO           Parsing took 0 ms 
364976     INFO  Test worker     d.u.i.k.n.KeyIO           MODE: declarations took 0 ms 
368119     INFO  Test worker     d.u.i.k.n.KeyIO           Parsing took 0 ms 
368119     INFO  Test worker     d.u.i.k.n.KeyIO           MODE: declarations took 0 ms 
368119     INFO  Test worker     d.u.i.k.n.KeyIO           Parsing took 0 ms 
368119     INFO  Test worker     d.u.i.k.n.KeyIO           MODE: declarations took 0 ms 
368119     INFO  Test worker     d.u.i.k.n.KeyIO           Parsing took 0 ms 
368119     INFO  Test worker     d.u.i.k.n.KeyIO           MODE: declarations took 0 ms 
368119     INFO  Test worker     d.u.i.k.n.KeyIO           Parsing took 0 ms 
368119     INFO  Test worker     d.u.i.k.n.KeyIO           MODE: declarations took 0 ms 
368119     INFO  Test worker     d.u.i.k.n.KeyIO           Parsing took 0 ms 
368119     INFO  Test worker     d.u.i.k.n.KeyIO           MODE: declarations took 0 ms 
371339     INFO  Test worker     d.u.i.k.n.KeyIO           Parsing took 0 ms 
371339     INFO  Test worker     d.u.i.k.n.KeyIO           MODE: declarations took 0 ms 
371339     INFO  Test worker     d.u.i.k.n.KeyIO           Parsing took 0 ms 
371339     INFO  Test worker     d.u.i.k.n.KeyIO           MODE: declarations took 0 ms 
371339     INFO  Test worker     d.u.i.k.n.KeyIO           Parsing took 0 ms 
371339     INFO  Test worker     d.u.i.k.n.KeyIO           MODE: declarations took 0 ms 
371339     INFO  Test worker     d.u.i.k.n.KeyIO           Parsing took 0 ms 
371339     INFO  Test worker     d.u.i.k.n.KeyIO           MODE: declarations took 0 ms 
371339     INFO  Test worker     d.u.i.k.n.KeyIO           Parsing took 0 ms 
371339     INFO  Test worker     d.u.i.k.n.KeyIO           MODE: declarations took 0 ms 
374576     INFO  Test worker     d.u.i.k.n.KeyIO           Parsing took 0 ms 
374576     INFO  Test worker     d.u.i.k.n.KeyIO           MODE: declarations took 0 ms 
374576     INFO  Test worker     d.u.i.k.n.KeyIO           Parsing took 0 ms 
374576     INFO  Test worker     d.u.i.k.n.KeyIO           MODE: declarations took 0 ms 
374576     INFO  Test worker     d.u.i.k.n.KeyIO           Parsing took 0 ms 
374576     INFO  Test worker     d.u.i.k.n.KeyIO           MODE: declarations took 0 ms 
374576     INFO  Test worker     d.u.i.k.n.KeyIO           Parsing took 0 ms 
374576     INFO  Test worker     d.u.i.k.n.KeyIO           MODE: declarations took 0 ms 
374576     INFO  Test worker     d.u.i.k.n.KeyIO           Parsing took 0 ms 
374576     INFO  Test worker     d.u.i.k.n.KeyIO           MODE: declarations took 0 ms 
377593     INFO  Test worker     d.u.i.k.n.KeyIO           Parsing took 0 ms 
377593     INFO  Test worker     d.u.i.k.n.KeyIO           MODE: declarations took 0 ms 
377593     INFO  Test worker     d.u.i.k.n.KeyIO           Parsing took 0 ms 
377593     INFO  Test worker     d.u.i.k.n.KeyIO           MODE: declarations took 0 ms 
377593     INFO  Test worker     d.u.i.k.n.KeyIO           Parsing took 0 ms 
377593     INFO  Test worker     d.u.i.k.n.KeyIO           MODE: declarations took 0 ms 
377593     INFO  Test worker     d.u.i.k.n.KeyIO           Parsing took 0 ms 
377593     INFO  Test worker     d.u.i.k.n.KeyIO           MODE: declarations took 0 ms 
377593     INFO  Test worker     d.u.i.k.n.KeyIO           Parsing took 0 ms 
377593     INFO  Test worker     d.u.i.k.n.KeyIO           MODE: declarations took 0 ms 
380611     INFO  Test worker     d.u.i.k.n.KeyIO           Parsing took 0 ms 
380611     INFO  Test worker     d.u.i.k.n.KeyIO           MODE: declarations took 0 ms 
380611     INFO  Test worker     d.u.i.k.n.KeyIO           Parsing took 0 ms 
380611     INFO  Test worker     d.u.i.k.n.KeyIO           MODE: declarations took 0 ms 
380611     INFO  Test worker     d.u.i.k.n.KeyIO           Parsing took 0 ms 
380611     INFO  Test worker     d.u.i.k.n.KeyIO           MODE: declarations took 0 ms 
380611     INFO  Test worker     d.u.i.k.n.KeyIO           Parsing took 0 ms 
380611     INFO  Test worker     d.u.i.k.n.KeyIO           MODE: declarations took 0 ms 
380627     INFO  Test worker     d.u.i.k.n.KeyIO           Parsing took 0 ms 
380627     INFO  Test worker     d.u.i.k.n.KeyIO           MODE: declarations took 0 ms 
383894     INFO  Test worker     d.u.i.k.n.KeyIO           Parsing took 0 ms 
383894     INFO  Test worker     d.u.i.k.n.KeyIO           MODE: declarations took 0 ms 
383894     INFO  Test worker     d.u.i.k.n.KeyIO           Parsing took 0 ms 
383894     INFO  Test worker     d.u.i.k.n.KeyIO           MODE: declarations took 0 ms 
383894     INFO  Test worker     d.u.i.k.n.KeyIO           Parsing took 0 ms 
383894     INFO  Test worker     d.u.i.k.n.KeyIO           MODE: declarations took 0 ms 
383894     INFO  Test worker     d.u.i.k.n.KeyIO           Parsing took 0 ms 
383894     INFO  Test worker     d.u.i.k.n.KeyIO           MODE: declarations took 0 ms 
383894     INFO  Test worker     d.u.i.k.n.KeyIO           Parsing took 0 ms 
383894     INFO  Test worker     d.u.i.k.n.KeyIO           MODE: declarations took 0 ms 
383894     WARN  Test worker     d.u.i.k.n.KeYParser       [syntax-error] <unknown>:1:11: mismatched input '@' expecting {'/', ':=', '.', '(', ')', '{', '[', '@', PARALLEL, OR, AND, IMP, '=', NOT_EQUALS, '%', '*', '-', '+', '>', GREATEREQUAL, '<', LESSEQUAL, LGUILLEMETS, EQV} [@11,11:11='@',<153>,1:11] (termEOF) 
387006     INFO  Test worker     d.u.i.k.n.KeyIO           Parsing took 0 ms 
387006     INFO  Test worker     d.u.i.k.n.KeyIO           MODE: declarations took 0 ms 
387006     INFO  Test worker     d.u.i.k.n.KeyIO           Parsing took 0 ms 
387006     INFO  Test worker     d.u.i.k.n.KeyIO           MODE: declarations took 0 ms 
387006     INFO  Test worker     d.u.i.k.n.KeyIO           Parsing took 0 ms 
387006     INFO  Test worker     d.u.i.k.n.KeyIO           MODE: declarations took 0 ms 
387006     INFO  Test worker     d.u.i.k.n.KeyIO           Parsing took 0 ms 
387006     INFO  Test worker     d.u.i.k.n.KeyIO           MODE: declarations took 0 ms 
387006     INFO  Test worker     d.u.i.k.n.KeyIO           Parsing took 0 ms 
387006     INFO  Test worker     d.u.i.k.n.KeyIO           MODE: declarations took 0 ms 
390164     INFO  Test worker     d.u.i.k.n.KeyIO           Parsing took 0 ms 
390164     INFO  Test worker     d.u.i.k.n.KeyIO           MODE: declarations took 0 ms 
390164     INFO  Test worker     d.u.i.k.n.KeyIO           Parsing took 0 ms 
390164     INFO  Test worker     d.u.i.k.n.KeyIO           MODE: declarations took 0 ms 
390164     INFO  Test worker     d.u.i.k.n.KeyIO           Parsing took 0 ms 
390164     INFO  Test worker     d.u.i.k.n.KeyIO           MODE: declarations took 0 ms 
390164     INFO  Test worker     d.u.i.k.n.KeyIO           Parsing took 0 ms 
390164     INFO  Test worker     d.u.i.k.n.KeyIO           MODE: declarations took 0 ms 
390164     INFO  Test worker     d.u.i.k.n.KeyIO           Parsing took 0 ms 
390164     INFO  Test worker     d.u.i.k.n.KeyIO           MODE: declarations took 0 ms 
393369     INFO  Test worker     d.u.i.k.n.KeyIO           Parsing took 0 ms 
393369     INFO  Test worker     d.u.i.k.n.KeyIO           MODE: declarations took 0 ms 
393369     INFO  Test worker     d.u.i.k.n.KeyIO           Parsing took 0 ms 
393369     INFO  Test worker     d.u.i.k.n.KeyIO           MODE: declarations took 0 ms 
393369     INFO  Test worker     d.u.i.k.n.KeyIO           Parsing took 0 ms 
393369     INFO  Test worker     d.u.i.k.n.KeyIO           MODE: declarations took 0 ms 
393369     INFO  Test worker     d.u.i.k.n.KeyIO           Parsing took 0 ms 
393369     INFO  Test worker     d.u.i.k.n.KeyIO           MODE: declarations took 0 ms 
393369     INFO  Test worker     d.u.i.k.n.KeyIO           Parsing took 0 ms 
393369     INFO  Test worker     d.u.i.k.n.KeyIO           MODE: declarations took 0 ms 
396560     INFO  Test worker     d.u.i.k.n.KeyIO           Parsing took 0 ms 
396560     INFO  Test worker     d.u.i.k.n.KeyIO           MODE: declarations took 0 ms 
396560     INFO  Test worker     d.u.i.k.n.KeyIO           Parsing took 0 ms 
396560     INFO  Test worker     d.u.i.k.n.KeyIO           MODE: declarations took 0 ms 
396560     INFO  Test worker     d.u.i.k.n.KeyIO           Parsing took 0 ms 
396560     INFO  Test worker     d.u.i.k.n.KeyIO           MODE: declarations took 0 ms 
396560     INFO  Test worker     d.u.i.k.n.KeyIO           Parsing took 0 ms 
396560     INFO  Test worker     d.u.i.k.n.KeyIO           MODE: declarations took 0 ms 
396560     INFO  Test worker     d.u.i.k.n.KeyIO           Parsing took 0 ms 
396560     INFO  Test worker     d.u.i.k.n.KeyIO           MODE: declarations took 0 ms 
399718     INFO  Test worker     d.u.i.k.n.KeyIO           Parsing took 0 ms 
399718     INFO  Test worker     d.u.i.k.n.KeyIO           MODE: declarations took 0 ms 
399718     INFO  Test worker     d.u.i.k.n.KeyIO           Parsing took 0 ms 
399718     INFO  Test worker     d.u.i.k.n.KeyIO           MODE: declarations took 0 ms 
399718     INFO  Test worker     d.u.i.k.n.KeyIO           Parsing took 0 ms 
399718     INFO  Test worker     d.u.i.k.n.KeyIO           MODE: declarations took 0 ms 
399718     INFO  Test worker     d.u.i.k.n.KeyIO           Parsing took 0 ms 
399718     INFO  Test worker     d.u.i.k.n.KeyIO           MODE: declarations took 0 ms 
399718     INFO  Test worker     d.u.i.k.n.KeyIO           Parsing took 0 ms 
399718     INFO  Test worker     d.u.i.k.n.KeyIO           MODE: declarations took 0 ms 
402892     INFO  Test worker     d.u.i.k.n.KeyIO           Parsing took 0 ms 
402892     INFO  Test worker     d.u.i.k.n.KeyIO           MODE: declarations took 0 ms 
402892     INFO  Test worker     d.u.i.k.n.KeyIO           Parsing took 0 ms 
402892     INFO  Test worker     d.u.i.k.n.KeyIO           MODE: declarations took 0 ms 
402892     INFO  Test worker     d.u.i.k.n.KeyIO           Parsing took 0 ms 
402892     INFO  Test worker     d.u.i.k.n.KeyIO           MODE: declarations took 0 ms 
402892     INFO  Test worker     d.u.i.k.n.KeyIO           Parsing took 0 ms 
402892     INFO  Test worker     d.u.i.k.n.KeyIO           MODE: declarations took 0 ms 
402892     INFO  Test worker     d.u.i.k.n.KeyIO           Parsing took 0 ms 
402892     INFO  Test worker     d.u.i.k.n.KeyIO           MODE: declarations took 0 ms 
406049     INFO  Test worker     d.u.i.k.n.KeyIO           Parsing took 0 ms 
406049     INFO  Test worker     d.u.i.k.n.KeyIO           MODE: declarations took 0 ms 
406049     INFO  Test worker     d.u.i.k.n.KeyIO           Parsing took 0 ms 
406049     INFO  Test worker     d.u.i.k.n.KeyIO           MODE: declarations took 0 ms 
406049     INFO  Test worker     d.u.i.k.n.KeyIO           Parsing took 0 ms 
406049     INFO  Test worker     d.u.i.k.n.KeyIO           MODE: declarations took 0 ms 
406049     INFO  Test worker     d.u.i.k.n.KeyIO           Parsing took 0 ms 
406049     INFO  Test worker     d.u.i.k.n.KeyIO           MODE: declarations took 0 ms 
406049     INFO  Test worker     d.u.i.k.n.KeyIO           Parsing took 0 ms 
406049     INFO  Test worker     d.u.i.k.n.KeyIO           MODE: declarations took 0 ms 
409395     INFO  Test worker     d.u.i.k.n.KeyIO           Parsing took 0 ms 
409395     INFO  Test worker     d.u.i.k.n.KeyIO           MODE: declarations took 0 ms 
409411     INFO  Test worker     d.u.i.k.n.KeyIO           Parsing took 16 ms 
409411     INFO  Test worker     d.u.i.k.n.KeyIO           MODE: declarations took 0 ms 
409411     INFO  Test worker     d.u.i.k.n.KeyIO           Parsing took 0 ms 
409411     INFO  Test worker     d.u.i.k.n.KeyIO           MODE: declarations took 0 ms 
409411     INFO  Test worker     d.u.i.k.n.KeyIO           Parsing took 0 ms 
409411     INFO  Test worker     d.u.i.k.n.KeyIO           MODE: declarations took 0 ms 
409411     INFO  Test worker     d.u.i.k.n.KeyIO           Parsing took 0 ms 
409411     INFO  Test worker     d.u.i.k.n.KeyIO           MODE: declarations took 0 ms 
412616     INFO  Test worker     d.u.i.k.n.KeyIO           Parsing took 0 ms 
412631     INFO  Test worker     d.u.i.k.n.KeyIO           MODE: declarations took 0 ms 
412631     INFO  Test worker     d.u.i.k.n.KeyIO           Parsing took 0 ms 
412631     INFO  Test worker     d.u.i.k.n.KeyIO           MODE: declarations took 0 ms 
412631     INFO  Test worker     d.u.i.k.n.KeyIO           Parsing took 0 ms 
412631     INFO  Test worker     d.u.i.k.n.KeyIO           MODE: declarations took 0 ms 
412631     INFO  Test worker     d.u.i.k.n.KeyIO           Parsing took 0 ms 
412631     INFO  Test worker     d.u.i.k.n.KeyIO           MODE: declarations took 0 ms 
412631     INFO  Test worker     d.u.i.k.n.KeyIO           Parsing took 0 ms 
412631     INFO  Test worker     d.u.i.k.n.KeyIO           MODE: declarations took 0 ms 
415821     INFO  Test worker     d.u.i.k.n.KeyIO           Parsing took 0 ms 
415821     INFO  Test worker     d.u.i.k.n.KeyIO           MODE: declarations took 0 ms 
415821     INFO  Test worker     d.u.i.k.n.KeyIO           Parsing took 0 ms 
415821     INFO  Test worker     d.u.i.k.n.KeyIO           MODE: declarations took 0 ms 
415821     INFO  Test worker     d.u.i.k.n.KeyIO           Parsing took 0 ms 
415821     INFO  Test worker     d.u.i.k.n.KeyIO           MODE: declarations took 0 ms 
415821     INFO  Test worker     d.u.i.k.n.KeyIO           Parsing took 0 ms 
415821     INFO  Test worker     d.u.i.k.n.KeyIO           MODE: declarations took 0 ms 
415821     INFO  Test worker     d.u.i.k.n.KeyIO           Parsing took 0 ms 
415821     INFO  Test worker     d.u.i.k.n.KeyIO           MODE: declarations took 0 ms 
419042     INFO  Test worker     d.u.i.k.n.KeyIO           Parsing took 0 ms 
419042     INFO  Test worker     d.u.i.k.n.KeyIO           MODE: declarations took 0 ms 
419042     INFO  Test worker     d.u.i.k.n.KeyIO           Parsing took 0 ms 
419042     INFO  Test worker     d.u.i.k.n.KeyIO           MODE: declarations took 0 ms 
419042     INFO  Test worker     d.u.i.k.n.KeyIO           Parsing took 0 ms 
419042     INFO  Test worker     d.u.i.k.n.KeyIO           MODE: declarations took 0 ms 
419042     INFO  Test worker     d.u.i.k.n.KeyIO           Parsing took 0 ms 
419042     INFO  Test worker     d.u.i.k.n.KeyIO           MODE: declarations took 0 ms 
419042     INFO  Test worker     d.u.i.k.n.KeyIO           Parsing took 0 ms 
419042     INFO  Test worker     d.u.i.k.n.KeyIO           MODE: declarations took 0 ms 
422278     INFO  Test worker     d.u.i.k.n.KeyIO           Parsing took 0 ms 
422278     INFO  Test worker     d.u.i.k.n.KeyIO           MODE: declarations took 0 ms 
422278     INFO  Test worker     d.u.i.k.n.KeyIO           Parsing took 0 ms 
422278     INFO  Test worker     d.u.i.k.n.KeyIO           MODE: declarations took 0 ms 
422278     INFO  Test worker     d.u.i.k.n.KeyIO           Parsing took 0 ms 
422278     INFO  Test worker     d.u.i.k.n.KeyIO           MODE: declarations took 0 ms 
422278     INFO  Test worker     d.u.i.k.n.KeyIO           Parsing took 0 ms 
422278     INFO  Test worker     d.u.i.k.n.KeyIO           MODE: declarations took 0 ms 
422278     INFO  Test worker     d.u.i.k.n.KeyIO           Parsing took 0 ms 
422278     INFO  Test worker     d.u.i.k.n.KeyIO           MODE: declarations took 0 ms 
425483     INFO  Test worker     d.u.i.k.n.KeyIO           Parsing took 0 ms 
425483     INFO  Test worker     d.u.i.k.n.KeyIO           MODE: declarations took 0 ms 
425483     INFO  Test worker     d.u.i.k.n.KeyIO           Parsing took 0 ms 
425483     INFO  Test worker     d.u.i.k.n.KeyIO           MODE: declarations took 0 ms 
425483     INFO  Test worker     d.u.i.k.n.KeyIO           Parsing took 0 ms 
425483     INFO  Test worker     d.u.i.k.n.KeyIO           MODE: declarations took 0 ms 
425483     INFO  Test worker     d.u.i.k.n.KeyIO           Parsing took 0 ms 
425483     INFO  Test worker     d.u.i.k.n.KeyIO           MODE: declarations took 0 ms 
425483     INFO  Test worker     d.u.i.k.n.KeyIO           Parsing took 0 ms 
425483     INFO  Test worker     d.u.i.k.n.KeyIO           MODE: declarations took 0 ms 
428641     INFO  Test worker     d.u.i.k.n.KeyIO           Parsing took 0 ms 
428641     INFO  Test worker     d.u.i.k.n.KeyIO           MODE: declarations took 0 ms 
428641     INFO  Test worker     d.u.i.k.n.KeyIO           Parsing took 0 ms 
428641     INFO  Test worker     d.u.i.k.n.KeyIO           MODE: declarations took 0 ms 
428641     INFO  Test worker     d.u.i.k.n.KeyIO           Parsing took 0 ms 
428641     INFO  Test worker     d.u.i.k.n.KeyIO           MODE: declarations took 0 ms 
428641     INFO  Test worker     d.u.i.k.n.KeyIO           Parsing took 0 ms 
428641     INFO  Test worker     d.u.i.k.n.KeyIO           MODE: declarations took 0 ms 
428641     INFO  Test worker     d.u.i.k.n.KeyIO           Parsing took 0 ms 
428641     INFO  Test worker     d.u.i.k.n.KeyIO           MODE: declarations took 0 ms 
431705     INFO  Test worker     d.u.i.k.n.KeyIO           Parsing took 0 ms 
431705     INFO  Test worker     d.u.i.k.n.KeyIO           MODE: declarations took 0 ms 
431705     INFO  Test worker     d.u.i.k.n.KeyIO           Parsing took 0 ms 
431705     INFO  Test worker     d.u.i.k.n.KeyIO           MODE: declarations took 0 ms 
431705     INFO  Test worker     d.u.i.k.n.KeyIO           Parsing took 0 ms 
431705     INFO  Test worker     d.u.i.k.n.KeyIO           MODE: declarations took 0 ms 
431705     INFO  Test worker     d.u.i.k.n.KeyIO           Parsing took 0 ms 
431705     INFO  Test worker     d.u.i.k.n.KeyIO           MODE: declarations took 0 ms 
431705     INFO  Test worker     d.u.i.k.n.KeyIO           Parsing took 0 ms 
431705     INFO  Test worker     d.u.i.k.n.KeyIO           MODE: declarations took 0 ms 
434803     INFO  Test worker     d.u.i.k.n.KeyIO           Parsing took 0 ms 
434803     INFO  Test worker     d.u.i.k.n.KeyIO           MODE: declarations took 0 ms 
434803     INFO  Test worker     d.u.i.k.n.KeyIO           Parsing took 0 ms 
434803     INFO  Test worker     d.u.i.k.n.KeyIO           MODE: declarations took 0 ms 
434803     INFO  Test worker     d.u.i.k.n.KeyIO           Parsing took 0 ms 
434803     INFO  Test worker     d.u.i.k.n.KeyIO           MODE: declarations took 0 ms 
434803     INFO  Test worker     d.u.i.k.n.KeyIO           Parsing took 0 ms 
434803     INFO  Test worker     d.u.i.k.n.KeyIO           MODE: declarations took 0 ms 
434803     INFO  Test worker     d.u.i.k.n.KeyIO           Parsing took 0 ms 
434803     INFO  Test worker     d.u.i.k.n.KeyIO           MODE: declarations took 0 ms 
437851     INFO  Test worker     d.u.i.k.n.KeyIO           Parsing took 0 ms 
437851     INFO  Test worker     d.u.i.k.n.KeyIO           MODE: declarations took 0 ms 
437851     INFO  Test worker     d.u.i.k.n.KeyIO           Parsing took 0 ms 
437851     INFO  Test worker     d.u.i.k.n.KeyIO           MODE: declarations took 0 ms 
437851     INFO  Test worker     d.u.i.k.n.KeyIO           Parsing took 0 ms 
437851     INFO  Test worker     d.u.i.k.n.KeyIO           MODE: declarations took 0 ms 
437851     INFO  Test worker     d.u.i.k.n.KeyIO           Parsing took 0 ms 
437851     INFO  Test worker     d.u.i.k.n.KeyIO           MODE: declarations took 0 ms 
437851     INFO  Test worker     d.u.i.k.n.KeyIO           Parsing took 0 ms 
437851     INFO  Test worker     d.u.i.k.n.KeyIO           MODE: declarations took 0 ms 
440884     INFO  Test worker     d.u.i.k.n.KeyIO           Parsing took 0 ms 
440884     INFO  Test worker     d.u.i.k.n.KeyIO           MODE: declarations took 0 ms 
440884     INFO  Test worker     d.u.i.k.n.KeyIO           Parsing took 0 ms 
440884     INFO  Test worker     d.u.i.k.n.KeyIO           MODE: declarations took 0 ms 
440884     INFO  Test worker     d.u.i.k.n.KeyIO           Parsing took 0 ms 
440884     INFO  Test worker     d.u.i.k.n.KeyIO           MODE: declarations took 0 ms 
440884     INFO  Test worker     d.u.i.k.n.KeyIO           Parsing took 0 ms 
440884     INFO  Test worker     d.u.i.k.n.KeyIO           MODE: declarations took 0 ms 
440884     INFO  Test worker     d.u.i.k.n.KeyIO           Parsing took 0 ms 
440884     INFO  Test worker     d.u.i.k.n.KeyIO           MODE: declarations took 0 ms 
443932     INFO  Test worker     d.u.i.k.n.KeyIO           Parsing took 0 ms 
443932     INFO  Test worker     d.u.i.k.n.KeyIO           MODE: declarations took 0 ms 
443932     INFO  Test worker     d.u.i.k.n.KeyIO           Parsing took 0 ms 
443932     INFO  Test worker     d.u.i.k.n.KeyIO           MODE: declarations took 0 ms 
443932     INFO  Test worker     d.u.i.k.n.KeyIO           Parsing took 0 ms 
443932     INFO  Test worker     d.u.i.k.n.KeyIO           MODE: declarations took 0 ms 
443932     INFO  Test worker     d.u.i.k.n.KeyIO           Parsing took 0 ms 
443932     INFO  Test worker     d.u.i.k.n.KeyIO           MODE: declarations took 0 ms 
443932     INFO  Test worker     d.u.i.k.n.KeyIO           Parsing took 0 ms 
443932     INFO  Test worker     d.u.i.k.n.KeyIO           MODE: declarations took 0 ms 
446981     INFO  Test worker     d.u.i.k.n.KeyIO           Parsing took 0 ms 
446981     INFO  Test worker     d.u.i.k.n.KeyIO           MODE: declarations took 0 ms 
446981     INFO  Test worker     d.u.i.k.n.KeyIO           Parsing took 0 ms 
446981     INFO  Test worker     d.u.i.k.n.KeyIO           MODE: declarations took 0 ms 
446981     INFO  Test worker     d.u.i.k.n.KeyIO           Parsing took 0 ms 
446981     INFO  Test worker     d.u.i.k.n.KeyIO           MODE: declarations took 0 ms 
446981     INFO  Test worker     d.u.i.k.n.KeyIO           Parsing took 0 ms 
446981     INFO  Test worker     d.u.i.k.n.KeyIO           MODE: declarations took 0 ms 
446981     INFO  Test worker     d.u.i.k.n.KeyIO           Parsing took 0 ms 
446981     INFO  Test worker     d.u.i.k.n.KeyIO           MODE: declarations took 0 ms 
450014     INFO  Test worker     d.u.i.k.n.KeyIO           Parsing took 0 ms 
450014     INFO  Test worker     d.u.i.k.n.KeyIO           MODE: declarations took 0 ms 
450014     INFO  Test worker     d.u.i.k.n.KeyIO           Parsing took 0 ms 
450014     INFO  Test worker     d.u.i.k.n.KeyIO           MODE: declarations took 0 ms 
450014     INFO  Test worker     d.u.i.k.n.KeyIO           Parsing took 0 ms 
450014     INFO  Test worker     d.u.i.k.n.KeyIO           MODE: declarations took 0 ms 
450014     INFO  Test worker     d.u.i.k.n.KeyIO           Parsing took 0 ms 
450014     INFO  Test worker     d.u.i.k.n.KeyIO           MODE: declarations took 0 ms 
450014     INFO  Test worker     d.u.i.k.n.KeyIO           Parsing took 0 ms 
450014     INFO  Test worker     d.u.i.k.n.KeyIO           MODE: declarations took 0 ms 
453047     INFO  Test worker     d.u.i.k.n.KeyIO           Parsing took 0 ms 
453047     INFO  Test worker     d.u.i.k.n.KeyIO           MODE: declarations took 0 ms 
453047     INFO  Test worker     d.u.i.k.n.KeyIO           Parsing took 0 ms 
453047     INFO  Test worker     d.u.i.k.n.KeyIO           MODE: declarations took 0 ms 
453047     INFO  Test worker     d.u.i.k.n.KeyIO           Parsing took 0 ms 
453047     INFO  Test worker     d.u.i.k.n.KeyIO           MODE: declarations took 0 ms 
453047     INFO  Test worker     d.u.i.k.n.KeyIO           Parsing took 0 ms 
453047     INFO  Test worker     d.u.i.k.n.KeyIO           MODE: declarations took 0 ms 
453047     INFO  Test worker     d.u.i.k.n.KeyIO           Parsing took 0 ms 
453047     INFO  Test worker     d.u.i.k.n.KeyIO           MODE: declarations took 0 ms 
456111     INFO  Test worker     d.u.i.k.n.KeyIO           Parsing took 0 ms 
456111     INFO  Test worker     d.u.i.k.n.KeyIO           MODE: declarations took 0 ms 
456111     INFO  Test worker     d.u.i.k.n.KeyIO           Parsing took 0 ms 
456111     INFO  Test worker     d.u.i.k.n.KeyIO           MODE: declarations took 0 ms 
456111     INFO  Test worker     d.u.i.k.n.KeyIO           Parsing took 0 ms 
456111     INFO  Test worker     d.u.i.k.n.KeyIO           MODE: declarations took 0 ms 
456111     INFO  Test worker     d.u.i.k.n.KeyIO           Parsing took 0 ms 
456111     INFO  Test worker     d.u.i.k.n.KeyIO           MODE: declarations took 0 ms 
456111     INFO  Test worker     d.u.i.k.n.KeyIO           Parsing took 0 ms 
456111     INFO  Test worker     d.u.i.k.n.KeyIO           MODE: declarations took 0 ms 
459224     INFO  Test worker     d.u.i.k.n.KeyIO           Parsing took 0 ms 
459224     INFO  Test worker     d.u.i.k.n.KeyIO           MODE: declarations took 0 ms 
459224     INFO  Test worker     d.u.i.k.n.KeyIO           Parsing took 0 ms 
459224     INFO  Test worker     d.u.i.k.n.KeyIO           MODE: declarations took 0 ms 
459224     INFO  Test worker     d.u.i.k.n.KeyIO           Parsing took 0 ms 
459224     INFO  Test worker     d.u.i.k.n.KeyIO           MODE: declarations took 0 ms 
459224     INFO  Test worker     d.u.i.k.n.KeyIO           Parsing took 0 ms 
459224     INFO  Test worker     d.u.i.k.n.KeyIO           MODE: declarations took 0 ms 
459224     INFO  Test worker     d.u.i.k.n.KeyIO           Parsing took 0 ms 
459224     INFO  Test worker     d.u.i.k.n.KeyIO           MODE: declarations took 0 ms 
]]></system-out>
  <system-err><![CDATA[]]></system-err>
</testsuite>
