<?xml version="1.0" encoding="UTF-8"?>
<testsuite name="de.uka.ilkd.key.parser.TestDeclParser" tests="14" skipped="2" failures="0" errors="0" timestamp="2023-04-12T11:55:10" hostname="fv-az206-724" time="12.109">
  <properties/>
  <testcase name="testGenericSortDecl1()" classname="de.uka.ilkd.key.parser.TestDeclParser" time="1.006"/>
  <testcase name="testGenericSortDecl2()" classname="de.uka.ilkd.key.parser.TestDeclParser" time="1.043"/>
  <testcase name="testGenericSortDecl3()" classname="de.uka.ilkd.key.parser.TestDeclParser" time="1.051"/>
  <testcase name="testGenericSortDecl4()" classname="de.uka.ilkd.key.parser.TestDeclParser" time="0.974"/>
  <testcase name="testGenericSortDecl5()" classname="de.uka.ilkd.key.parser.TestDeclParser" time="0.0">
    <skipped/>
  </testcase>
  <testcase name="testGenericSortDecl6()" classname="de.uka.ilkd.key.parser.TestDeclParser" time="1.022"/>
  <testcase name="testSortDecl()" classname="de.uka.ilkd.key.parser.TestDeclParser" time="1.03"/>
  <testcase name="testProxySortDecl()" classname="de.uka.ilkd.key.parser.TestDeclParser" time="0.951"/>
  <testcase name="testArrayDecl()" classname="de.uka.ilkd.key.parser.TestDeclParser" time="1.019"/>
  <testcase name="testAmbiguousDecls()" classname="de.uka.ilkd.key.parser.TestDeclParser" time="0.0">
    <skipped/>
  </testcase>
  <testcase name="testHeurDecl()" classname="de.uka.ilkd.key.parser.TestDeclParser" time="1.034"/>
  <testcase name="testFunctionDecl()" classname="de.uka.ilkd.key.parser.TestDeclParser" time="0.987"/>
  <testcase name="testPredicateDecl()" classname="de.uka.ilkd.key.parser.TestDeclParser" time="1.027"/>
  <testcase name="testSVDecl()" classname="de.uka.ilkd.key.parser.TestDeclParser" time="0.96"/>
  <system-out><![CDATA[237080     INFO  Test worker     d.u.i.k.n.KeyIO           Parsing took 16 ms 
237080     INFO  Test worker     d.u.i.k.n.KeyIO           MODE: declarations took 0 ms 
238112     INFO  Test worker     d.u.i.k.n.KeyIO           Parsing took 0 ms 
238112     INFO  Test worker     d.u.i.k.n.KeyIO           MODE: declarations took 0 ms 
239160     INFO  Test worker     d.u.i.k.n.KeyIO           Parsing took 0 ms 
239160     INFO  Test worker     d.u.i.k.n.KeyIO           MODE: declarations took 0 ms 
240145     INFO  Test worker     d.u.i.k.n.KeyIO           Parsing took 0 ms 
240145     INFO  Test worker     d.u.i.k.n.KeyIO           MODE: declarations took 0 ms 
241161     INFO  Test worker     d.u.i.k.n.KeyIO           Parsing took 0 ms 
241161     INFO  Test worker     d.u.i.k.n.KeyIO           MODE: declarations took 0 ms 
242193     INFO  Test worker     d.u.i.k.n.KeyIO           Parsing took 0 ms 
242193     INFO  Test worker     d.u.i.k.n.KeyIO           MODE: declarations took 0 ms 
243146     INFO  Test worker     d.u.i.k.n.KeyIO           Parsing took 0 ms 
243146     INFO  Test worker     d.u.i.k.n.KeyIO           MODE: declarations took 0 ms 
244163     INFO  Test worker     d.u.i.k.n.KeyIO           Parsing took 0 ms 
244163     INFO  Test worker     d.u.i.k.n.KeyIO           MODE: declarations took 0 ms 
245194     INFO  Test worker     d.u.i.k.n.KeyIO           Parsing took 0 ms 
245194     INFO  Test worker     d.u.i.k.n.KeyIO           MODE: declarations took 0 ms 
246194     INFO  Test worker     d.u.i.k.n.KeyIO           Parsing took 0 ms 
246194     INFO  Test worker     d.u.i.k.n.KeyIO           MODE: declarations took 0 ms 
247211     INFO  Test worker     d.u.i.k.n.KeyIO           Parsing took 0 ms 
247211     INFO  Test worker     d.u.i.k.n.KeyIO           MODE: declarations took 0 ms 
248181     INFO  Test worker     d.u.i.k.n.KeyIO           Parsing took 0 ms 
248181     INFO  Test worker     d.u.i.k.n.KeyIO           MODE: declarations took 0 ms 
]]></system-out>
  <system-err><![CDATA[]]></system-err>
</testsuite>
