<?xml version="1.0" encoding="UTF-8"?>
<testsuite name="de.uka.ilkd.key.parser.TestTermParser" tests="47" skipped="4" failures="0" errors="0" timestamp="2023-04-12T11:56:47" hostname="fv-az206-724" time="3.214">
  <properties/>
  <testcase name="testNotEqual()" classname="de.uka.ilkd.key.parser.TestTermParser" time="0.003"/>
  <testcase name="testProgramVariables()" classname="de.uka.ilkd.key.parser.TestTermParser" time="0.057"/>
  <testcase name="testAttributeWithSpecifiedSortOnObject()" classname="de.uka.ilkd.key.parser.TestTermParser" time="0.007"/>
  <testcase name="testCast()" classname="de.uka.ilkd.key.parser.TestTermParser" time="0.002"/>
  <testcase name="testJavaQueryAndAttribute_all()" classname="de.uka.ilkd.key.parser.TestTermParser" time="0.0">
    <skipped/>
  </testcase>
  <testcase name="test10()" classname="de.uka.ilkd.key.parser.TestTermParser" time="0.008"/>
  <testcase name="test11()" classname="de.uka.ilkd.key.parser.TestTermParser" time="0.003"/>
  <testcase name="test12()" classname="de.uka.ilkd.key.parser.TestTermParser" time="0.001">
    <skipped/>
  </testcase>
  <testcase name="test13()" classname="de.uka.ilkd.key.parser.TestTermParser" time="0.008"/>
  <testcase name="test14()" classname="de.uka.ilkd.key.parser.TestTermParser" time="0.003"/>
  <testcase name="test1a()" classname="de.uka.ilkd.key.parser.TestTermParser" time="0.004"/>
  <testcase name="testJavaAttributeAccess_4()" classname="de.uka.ilkd.key.parser.TestTermParser" time="0.003"/>
  <testcase name="testAttributeOnObject()" classname="de.uka.ilkd.key.parser.TestTermParser" time="0.004"/>
  <testcase name="testNegativeLiteralParsing1()" classname="de.uka.ilkd.key.parser.TestTermParser" time="0.001"/>
  <testcase name="testNegativeLiteralParsing2()" classname="de.uka.ilkd.key.parser.TestTermParser" time="0.002"/>
  <testcase name="testNegativeLiteralParsing3()" classname="de.uka.ilkd.key.parser.TestTermParser" time="0.002"/>
  <testcase name="xtestParsingArrayWithSpaces()" classname="de.uka.ilkd.key.parser.TestTermParser" time="0.0">
    <skipped/>
  </testcase>
  <testcase name="testAmbigiousFuncVarPred()" classname="de.uka.ilkd.key.parser.TestTermParser" time="0.001"/>
  <testcase name="test1()" classname="de.uka.ilkd.key.parser.TestTermParser" time="0.002"/>
  <testcase name="test2()" classname="de.uka.ilkd.key.parser.TestTermParser" time="0.002"/>
  <testcase name="test3()" classname="de.uka.ilkd.key.parser.TestTermParser" time="0.003"/>
  <testcase name="test5()" classname="de.uka.ilkd.key.parser.TestTermParser" time="0.003"/>
  <testcase name="test6()" classname="de.uka.ilkd.key.parser.TestTermParser" time="0.003"/>
  <testcase name="test7()" classname="de.uka.ilkd.key.parser.TestTermParser" time="0.004"/>
  <testcase name="test8()" classname="de.uka.ilkd.key.parser.TestTermParser" time="0.008"/>
  <testcase name="test9()" classname="de.uka.ilkd.key.parser.TestTermParser" time="0.002"/>
  <testcase name="testBindingUpdateTerm()" classname="de.uka.ilkd.key.parser.TestTermParser" time="0.002"/>
  <testcase name="testJavaStaticQuery()" classname="de.uka.ilkd.key.parser.TestTermParser" time="0.004"/>
  <testcase name="testInfix1()" classname="de.uka.ilkd.key.parser.TestTermParser" time="0.002"/>
  <testcase name="testInfix2()" classname="de.uka.ilkd.key.parser.TestTermParser" time="0.003"/>
  <testcase name="testInfix3()" classname="de.uka.ilkd.key.parser.TestTermParser" time="0.003"/>
  <testcase name="testInfix4()" classname="de.uka.ilkd.key.parser.TestTermParser" time="0.003"/>
  <testcase name="testIfThenElse()" classname="de.uka.ilkd.key.parser.TestTermParser" time="0.002"/>
  <testcase name="testJavaAttributeAccessBoth_1()" classname="de.uka.ilkd.key.parser.TestTermParser" time="0.003"/>
  <testcase name="testJavaAttributeAccessBoth_2()" classname="de.uka.ilkd.key.parser.TestTermParser" time="0.004"/>
  <testcase name="testJavaAttributeAccessBoth_3()" classname="de.uka.ilkd.key.parser.TestTermParser" time="0.003"/>
  <testcase name="testBindingUpdateTerm_1()" classname="de.uka.ilkd.key.parser.TestTermParser" time="0.002"/>
  <testcase name="testBindingUpdateTerm_3()" classname="de.uka.ilkd.key.parser.TestTermParser" time="0.013"/>
  <testcase name="testBindingUpdateTerm_4()" classname="de.uka.ilkd.key.parser.TestTermParser" time="0.001"/>
  <testcase name="testBindingUpdateTerm_5()" classname="de.uka.ilkd.key.parser.TestTermParser" time="0.003"/>
  <testcase name="testBindingUpdateTerm_6()" classname="de.uka.ilkd.key.parser.TestTermParser" time="0.002"/>
  <testcase name="testBindingUpdateTerm_7()" classname="de.uka.ilkd.key.parser.TestTermParser" time="0.002"/>
  <testcase name="testBindingUpdateTerm_8()" classname="de.uka.ilkd.key.parser.TestTermParser" time="0.002"/>
  <testcase name="testParsingArray()" classname="de.uka.ilkd.key.parser.TestTermParser" time="0.005"/>
  <testcase name="xtestBindingUpdateTermOldBindingAlternative()" classname="de.uka.ilkd.key.parser.TestTermParser" time="0.0">
    <skipped/>
  </testcase>
  <testcase name="testJavaStaticQueryWithParameter()" classname="de.uka.ilkd.key.parser.TestTermParser" time="0.004"/>
  <testcase name="testParsingArrayCombination()" classname="de.uka.ilkd.key.parser.TestTermParser" time="0.006"/>
  <system-out><![CDATA[333563     INFO  Test worker     d.u.i.k.n.KeyIO           Parsing took 0 ms 
333563     INFO  Test worker     d.u.i.k.n.KeyIO           MODE: declarations took 0 ms 
333563     WARN  Test worker     d.u.i.k.j.r.KeYCrossReferenceNameInfo Datatype T declared twice: Once in UNKNOWN:unknown and once in UNKNOWN:unknown, Keeping one from UNKNOWN:unknown 
333641     INFO  Test worker     d.u.i.k.n.KeyIO           Parsing took 0 ms 
333641     INFO  Test worker     d.u.i.k.n.KeyIO           MODE: declarations took 0 ms 
333704     WARN  Test worker     d.u.i.k.j.r.KeYCrossReferenceNameInfo Datatype T declared twice: Once in UNKNOWN:unknown and once in UNKNOWN:unknown, Keeping one from UNKNOWN:unknown 
333766     INFO  Test worker     d.u.i.k.n.KeyIO           Parsing took 0 ms 
333766     INFO  Test worker     d.u.i.k.n.KeyIO           MODE: declarations took 0 ms 
333766     WARN  Test worker     d.u.i.k.j.r.KeYCrossReferenceNameInfo Datatype T declared twice: Once in UNKNOWN:unknown and once in UNKNOWN:unknown, Keeping one from UNKNOWN:unknown 
333829     INFO  Test worker     d.u.i.k.n.KeyIO           Parsing took 0 ms 
333829     INFO  Test worker     d.u.i.k.n.KeyIO           MODE: declarations took 0 ms 
333829     WARN  Test worker     d.u.i.k.j.r.KeYCrossReferenceNameInfo Datatype T declared twice: Once in UNKNOWN:unknown and once in UNKNOWN:unknown, Keeping one from UNKNOWN:unknown 
333891     WARN  Test worker     d.u.i.k.j.r.KeYCrossReferenceNameInfo Datatype T declared twice: Once in UNKNOWN:unknown and once in UNKNOWN:unknown, Keeping one from UNKNOWN:unknown 
333954     INFO  Test worker     d.u.i.k.n.KeyIO           Parsing took 0 ms 
333954     INFO  Test worker     d.u.i.k.n.KeyIO           MODE: declarations took 0 ms 
333954     INFO  Test worker     d.u.i.k.p.TestTermParser  Out: \<{
  int x = 1;
  {
    int s = 2;
  }
}\> (equals(x,x)) 
333969     WARN  Test worker     d.u.i.k.j.r.KeYCrossReferenceNameInfo Datatype T declared twice: Once in UNKNOWN:unknown and once in UNKNOWN:unknown, Keeping one from UNKNOWN:unknown 
334032     INFO  Test worker     d.u.i.k.n.KeyIO           Parsing took 0 ms 
334032     INFO  Test worker     d.u.i.k.n.KeyIO           MODE: declarations took 0 ms 
334032     INFO  Test worker     d.u.i.k.p.TestTermParser  Out: \[{
  int x = 2;
  {
    String s = ""}";
  }
}\] (true) 
334032     WARN  Test worker     d.u.i.k.j.r.KeYCrossReferenceNameInfo Datatype T declared twice: Once in UNKNOWN:unknown and once in UNKNOWN:unknown, Keeping one from UNKNOWN:unknown 
334110     WARN  Test worker     d.u.i.k.j.r.KeYCrossReferenceNameInfo Datatype T declared twice: Once in UNKNOWN:unknown and once in UNKNOWN:unknown, Keeping one from UNKNOWN:unknown 
334188     INFO  Test worker     d.u.i.k.n.KeyIO           Parsing took 16 ms 
334188     INFO  Test worker     d.u.i.k.n.KeyIO           MODE: declarations took 0 ms 
334188     WARN  Test worker     d.u.i.k.j.r.KeYCrossReferenceNameInfo Datatype T declared twice: Once in UNKNOWN:unknown and once in UNKNOWN:unknown, Keeping one from UNKNOWN:unknown 
334251     INFO  Test worker     d.u.i.k.n.KeyIO           Parsing took 0 ms 
334251     INFO  Test worker     d.u.i.k.n.KeyIO           MODE: declarations took 0 ms 
334251     INFO  Test worker     d.u.i.k.p.TestTermParser  Out: \<{
  int[] i;
}\> (diamond(true)) 
334251     WARN  Test worker     d.u.i.k.j.r.KeYCrossReferenceNameInfo Datatype T declared twice: Once in UNKNOWN:unknown and once in UNKNOWN:unknown, Keeping one from UNKNOWN:unknown 
334313     INFO  Test worker     d.u.i.k.n.KeyIO           Parsing took 0 ms 
334313     INFO  Test worker     d.u.i.k.n.KeyIO           MODE: declarations took 0 ms 
334329     WARN  Test worker     d.u.i.k.j.r.KeYCrossReferenceNameInfo Datatype T declared twice: Once in UNKNOWN:unknown and once in UNKNOWN:unknown, Keeping one from UNKNOWN:unknown 
334391     INFO  Test worker     d.u.i.k.n.KeyIO           Parsing took 0 ms 
334391     INFO  Test worker     d.u.i.k.n.KeyIO           MODE: declarations took 0 ms 
334391     WARN  Test worker     d.u.i.k.j.r.KeYCrossReferenceNameInfo Datatype T declared twice: Once in UNKNOWN:unknown and once in UNKNOWN:unknown, Keeping one from UNKNOWN:unknown 
334454     INFO  Test worker     d.u.i.k.n.KeyIO           Parsing took 0 ms 
334454     INFO  Test worker     d.u.i.k.n.KeyIO           MODE: declarations took 0 ms 
334454     WARN  Test worker     d.u.i.k.j.r.KeYCrossReferenceNameInfo Datatype T declared twice: Once in UNKNOWN:unknown and once in UNKNOWN:unknown, Keeping one from UNKNOWN:unknown 
334516     INFO  Test worker     d.u.i.k.n.KeyIO           Parsing took 0 ms 
334516     INFO  Test worker     d.u.i.k.n.KeyIO           MODE: declarations took 0 ms 
334516     WARN  Test worker     d.u.i.k.j.r.KeYCrossReferenceNameInfo Datatype T declared twice: Once in UNKNOWN:unknown and once in UNKNOWN:unknown, Keeping one from UNKNOWN:unknown 
334579     INFO  Test worker     d.u.i.k.n.KeyIO           Parsing took 0 ms 
334579     INFO  Test worker     d.u.i.k.n.KeyIO           MODE: declarations took 0 ms 
334579     WARN  Test worker     d.u.i.k.j.r.KeYCrossReferenceNameInfo Datatype T declared twice: Once in UNKNOWN:unknown and once in UNKNOWN:unknown, Keeping one from UNKNOWN:unknown 
334657     INFO  Test worker     d.u.i.k.n.KeyIO           Parsing took 0 ms 
334657     INFO  Test worker     d.u.i.k.n.KeyIO           MODE: declarations took 0 ms 
334657     WARN  Test worker     d.u.i.k.j.r.KeYCrossReferenceNameInfo Datatype T declared twice: Once in UNKNOWN:unknown and once in UNKNOWN:unknown, Keeping one from UNKNOWN:unknown 
334720     WARN  Test worker     d.u.i.k.j.r.KeYCrossReferenceNameInfo Datatype T declared twice: Once in UNKNOWN:unknown and once in UNKNOWN:unknown, Keeping one from UNKNOWN:unknown 
334766     INFO  Test worker     d.u.i.k.n.KeyIO           Parsing took 0 ms 
334782     INFO  Test worker     d.u.i.k.n.KeyIO           MODE: declarations took 0 ms 
334782     WARN  Test worker     d.u.i.k.j.r.KeYCrossReferenceNameInfo Datatype T declared twice: Once in UNKNOWN:unknown and once in UNKNOWN:unknown, Keeping one from UNKNOWN:unknown 
334845     INFO  Test worker     d.u.i.k.n.KeyIO           Parsing took 0 ms 
334845     INFO  Test worker     d.u.i.k.n.KeyIO           MODE: declarations took 0 ms 
334845     WARN  Test worker     d.u.i.k.j.r.KeYCrossReferenceNameInfo Datatype T declared twice: Once in UNKNOWN:unknown and once in UNKNOWN:unknown, Keeping one from UNKNOWN:unknown 
334907     INFO  Test worker     d.u.i.k.n.KeyIO           Parsing took 0 ms 
334907     INFO  Test worker     d.u.i.k.n.KeyIO           MODE: declarations took 0 ms 
334907     WARN  Test worker     d.u.i.k.j.r.KeYCrossReferenceNameInfo Datatype T declared twice: Once in UNKNOWN:unknown and once in UNKNOWN:unknown, Keeping one from UNKNOWN:unknown 
334970     INFO  Test worker     d.u.i.k.n.KeyIO           Parsing took 0 ms 
334970     INFO  Test worker     d.u.i.k.n.KeyIO           MODE: declarations took 0 ms 
334970     WARN  Test worker     d.u.i.k.j.r.KeYCrossReferenceNameInfo Datatype T declared twice: Once in UNKNOWN:unknown and once in UNKNOWN:unknown, Keeping one from UNKNOWN:unknown 
335032     INFO  Test worker     d.u.i.k.n.KeyIO           Parsing took 0 ms 
335032     INFO  Test worker     d.u.i.k.n.KeyIO           MODE: declarations took 0 ms 
335032     WARN  Test worker     d.u.i.k.j.r.KeYCrossReferenceNameInfo Datatype T declared twice: Once in UNKNOWN:unknown and once in UNKNOWN:unknown, Keeping one from UNKNOWN:unknown 
335095     INFO  Test worker     d.u.i.k.n.KeyIO           Parsing took 0 ms 
335095     INFO  Test worker     d.u.i.k.n.KeyIO           MODE: declarations took 0 ms 
335110     WARN  Test worker     d.u.i.k.j.r.KeYCrossReferenceNameInfo Datatype T declared twice: Once in UNKNOWN:unknown and once in UNKNOWN:unknown, Keeping one from UNKNOWN:unknown 
335173     INFO  Test worker     d.u.i.k.n.KeyIO           Parsing took 0 ms 
335173     INFO  Test worker     d.u.i.k.n.KeyIO           MODE: declarations took 0 ms 
335173     WARN  Test worker     d.u.i.k.j.r.KeYCrossReferenceNameInfo Datatype T declared twice: Once in UNKNOWN:unknown and once in UNKNOWN:unknown, Keeping one from UNKNOWN:unknown 
335251     INFO  Test worker     d.u.i.k.n.KeyIO           Parsing took 0 ms 
335251     INFO  Test worker     d.u.i.k.n.KeyIO           MODE: declarations took 0 ms 
335282     WARN  Test worker     d.u.i.k.j.r.KeYCrossReferenceNameInfo Datatype T declared twice: Once in UNKNOWN:unknown and once in UNKNOWN:unknown, Keeping one from UNKNOWN:unknown 
335345     INFO  Test worker     d.u.i.k.n.KeyIO           Parsing took 0 ms 
335345     INFO  Test worker     d.u.i.k.n.KeyIO           MODE: declarations took 0 ms 
335345     WARN  Test worker     d.u.i.k.j.r.KeYCrossReferenceNameInfo Datatype T declared twice: Once in UNKNOWN:unknown and once in UNKNOWN:unknown, Keeping one from UNKNOWN:unknown 
335423     INFO  Test worker     d.u.i.k.n.KeyIO           Parsing took 16 ms 
335423     INFO  Test worker     d.u.i.k.n.KeyIO           MODE: declarations took 0 ms 
335423     WARN  Test worker     d.u.i.k.j.r.KeYCrossReferenceNameInfo Datatype T declared twice: Once in UNKNOWN:unknown and once in UNKNOWN:unknown, Keeping one from UNKNOWN:unknown 
335485     INFO  Test worker     d.u.i.k.n.KeyIO           Parsing took 0 ms 
335485     INFO  Test worker     d.u.i.k.n.KeyIO           MODE: declarations took 0 ms 
335485     WARN  Test worker     d.u.i.k.j.r.KeYCrossReferenceNameInfo Datatype T declared twice: Once in UNKNOWN:unknown and once in UNKNOWN:unknown, Keeping one from UNKNOWN:unknown 
335548     INFO  Test worker     d.u.i.k.n.KeyIO           Parsing took 0 ms 
335548     INFO  Test worker     d.u.i.k.n.KeyIO           MODE: declarations took 0 ms 
335548     WARN  Test worker     d.u.i.k.j.r.KeYCrossReferenceNameInfo Datatype T declared twice: Once in UNKNOWN:unknown and once in UNKNOWN:unknown, Keeping one from UNKNOWN:unknown 
335610     INFO  Test worker     d.u.i.k.n.KeyIO           Parsing took 0 ms 
335610     INFO  Test worker     d.u.i.k.n.KeyIO           MODE: declarations took 0 ms 
335610     WARN  Test worker     d.u.i.k.j.r.KeYCrossReferenceNameInfo Datatype T declared twice: Once in UNKNOWN:unknown and once in UNKNOWN:unknown, Keeping one from UNKNOWN:unknown 
335689     INFO  Test worker     d.u.i.k.n.KeyIO           Parsing took 0 ms 
335689     INFO  Test worker     d.u.i.k.n.KeyIO           MODE: declarations took 0 ms 
335689     WARN  Test worker     d.u.i.k.j.r.KeYCrossReferenceNameInfo Datatype T declared twice: Once in UNKNOWN:unknown and once in UNKNOWN:unknown, Keeping one from UNKNOWN:unknown 
335751     INFO  Test worker     d.u.i.k.n.KeyIO           Parsing took 0 ms 
335751     INFO  Test worker     d.u.i.k.n.KeyIO           MODE: declarations took 0 ms 
335751     WARN  Test worker     d.u.i.k.j.r.KeYCrossReferenceNameInfo Datatype T declared twice: Once in UNKNOWN:unknown and once in UNKNOWN:unknown, Keeping one from UNKNOWN:unknown 
335814     INFO  Test worker     d.u.i.k.n.KeyIO           Parsing took 0 ms 
335814     INFO  Test worker     d.u.i.k.n.KeyIO           MODE: declarations took 0 ms 
335814     WARN  Test worker     d.u.i.k.j.r.KeYCrossReferenceNameInfo Datatype T declared twice: Once in UNKNOWN:unknown and once in UNKNOWN:unknown, Keeping one from UNKNOWN:unknown 
335892     INFO  Test worker     d.u.i.k.n.KeyIO           Parsing took 0 ms 
335892     INFO  Test worker     d.u.i.k.n.KeyIO           MODE: declarations took 0 ms 
335892     WARN  Test worker     d.u.i.k.j.r.KeYCrossReferenceNameInfo Datatype T declared twice: Once in UNKNOWN:unknown and once in UNKNOWN:unknown, Keeping one from UNKNOWN:unknown 
335954     INFO  Test worker     d.u.i.k.n.KeyIO           Parsing took 0 ms 
335954     INFO  Test worker     d.u.i.k.n.KeyIO           MODE: declarations took 0 ms 
335970     WARN  Test worker     d.u.i.k.j.r.KeYCrossReferenceNameInfo Datatype T declared twice: Once in UNKNOWN:unknown and once in UNKNOWN:unknown, Keeping one from UNKNOWN:unknown 
336032     INFO  Test worker     d.u.i.k.n.KeyIO           Parsing took 0 ms 
336032     INFO  Test worker     d.u.i.k.n.KeyIO           MODE: declarations took 0 ms 
336032     WARN  Test worker     d.u.i.k.j.r.KeYCrossReferenceNameInfo Datatype T declared twice: Once in UNKNOWN:unknown and once in UNKNOWN:unknown, Keeping one from UNKNOWN:unknown 
336095     INFO  Test worker     d.u.i.k.n.KeyIO           Parsing took 0 ms 
336095     INFO  Test worker     d.u.i.k.n.KeyIO           MODE: declarations took 0 ms 
336095     WARN  Test worker     d.u.i.k.j.r.KeYCrossReferenceNameInfo Datatype T declared twice: Once in UNKNOWN:unknown and once in UNKNOWN:unknown, Keeping one from UNKNOWN:unknown 
336173     INFO  Test worker     d.u.i.k.n.KeyIO           Parsing took 0 ms 
336173     INFO  Test worker     d.u.i.k.n.KeyIO           MODE: declarations took 0 ms 
336173     WARN  Test worker     d.u.i.k.j.r.KeYCrossReferenceNameInfo Datatype T declared twice: Once in UNKNOWN:unknown and once in UNKNOWN:unknown, Keeping one from UNKNOWN:unknown 
336236     INFO  Test worker     d.u.i.k.n.KeyIO           Parsing took 0 ms 
336236     INFO  Test worker     d.u.i.k.n.KeyIO           MODE: declarations took 0 ms 
336236     WARN  Test worker     d.u.i.k.j.r.KeYCrossReferenceNameInfo Datatype T declared twice: Once in UNKNOWN:unknown and once in UNKNOWN:unknown, Keeping one from UNKNOWN:unknown 
336314     INFO  Test worker     d.u.i.k.n.KeyIO           Parsing took 0 ms 
336314     INFO  Test worker     d.u.i.k.n.KeyIO           MODE: declarations took 0 ms 
336314     WARN  Test worker     d.u.i.k.j.r.KeYCrossReferenceNameInfo Datatype T declared twice: Once in UNKNOWN:unknown and once in UNKNOWN:unknown, Keeping one from UNKNOWN:unknown 
336377     INFO  Test worker     d.u.i.k.n.KeyIO           Parsing took 0 ms 
336377     INFO  Test worker     d.u.i.k.n.KeyIO           MODE: declarations took 0 ms 
336377     WARN  Test worker     d.u.i.k.j.r.KeYCrossReferenceNameInfo Datatype T declared twice: Once in UNKNOWN:unknown and once in UNKNOWN:unknown, Keeping one from UNKNOWN:unknown 
336439     INFO  Test worker     d.u.i.k.n.KeyIO           Parsing took 0 ms 
336439     INFO  Test worker     d.u.i.k.n.KeyIO           MODE: declarations took 0 ms 
336439     WARN  Test worker     d.u.i.k.j.r.KeYCrossReferenceNameInfo Datatype T declared twice: Once in UNKNOWN:unknown and once in UNKNOWN:unknown, Keeping one from UNKNOWN:unknown 
336502     INFO  Test worker     d.u.i.k.n.KeyIO           Parsing took 0 ms 
336502     INFO  Test worker     d.u.i.k.n.KeyIO           MODE: declarations took 0 ms 
336502     WARN  Test worker     d.u.i.k.j.r.KeYCrossReferenceNameInfo Datatype T declared twice: Once in UNKNOWN:unknown and once in UNKNOWN:unknown, Keeping one from UNKNOWN:unknown 
336564     INFO  Test worker     d.u.i.k.n.KeyIO           Parsing took 0 ms 
336580     INFO  Test worker     d.u.i.k.n.KeyIO           MODE: declarations took 16 ms 
336580     WARN  Test worker     d.u.i.k.j.r.KeYCrossReferenceNameInfo Datatype T declared twice: Once in UNKNOWN:unknown and once in UNKNOWN:unknown, Keeping one from UNKNOWN:unknown 
336642     WARN  Test worker     d.u.i.k.j.r.KeYCrossReferenceNameInfo Datatype T declared twice: Once in UNKNOWN:unknown and once in UNKNOWN:unknown, Keeping one from UNKNOWN:unknown 
336705     INFO  Test worker     d.u.i.k.n.KeyIO           Parsing took 0 ms 
336705     INFO  Test worker     d.u.i.k.n.KeyIO           MODE: declarations took 0 ms 
336705     WARN  Test worker     d.u.i.k.j.r.KeYCrossReferenceNameInfo Datatype T declared twice: Once in UNKNOWN:unknown and once in UNKNOWN:unknown, Keeping one from UNKNOWN:unknown 
336767     INFO  Test worker     d.u.i.k.n.KeyIO           Parsing took 0 ms 
336767     INFO  Test worker     d.u.i.k.n.KeyIO           MODE: declarations took 0 ms 
]]></system-out>
  <system-err><![CDATA[]]></system-err>
</testsuite>
