<?xml version="1.0" encoding="UTF-8"?>
<testsuite name="de.uka.ilkd.key.parser.TestDeclParser" tests="14" skipped="2" failures="0" errors="0" timestamp="2023-04-12T11:08:48" hostname="fv-az1125-426" time="11.473">
  <properties/>
  <testcase name="testGenericSortDecl1()" classname="de.uka.ilkd.key.parser.TestDeclParser" time="1.169"/>
  <testcase name="testGenericSortDecl2()" classname="de.uka.ilkd.key.parser.TestDeclParser" time="0.987"/>
  <testcase name="testGenericSortDecl3()" classname="de.uka.ilkd.key.parser.TestDeclParser" time="0.888"/>
  <testcase name="testGenericSortDecl4()" classname="de.uka.ilkd.key.parser.TestDeclParser" time="0.946"/>
  <testcase name="testGenericSortDecl5()" classname="de.uka.ilkd.key.parser.TestDeclParser" time="0.0">
    <skipped/>
  </testcase>
  <testcase name="testGenericSortDecl6()" classname="de.uka.ilkd.key.parser.TestDeclParser" time="0.958"/>
  <testcase name="testSortDecl()" classname="de.uka.ilkd.key.parser.TestDeclParser" time="0.885"/>
  <testcase name="testProxySortDecl()" classname="de.uka.ilkd.key.parser.TestDeclParser" time="1.029"/>
  <testcase name="testArrayDecl()" classname="de.uka.ilkd.key.parser.TestDeclParser" time="0.958"/>
  <testcase name="testAmbiguousDecls()" classname="de.uka.ilkd.key.parser.TestDeclParser" time="0.001">
    <skipped/>
  </testcase>
  <testcase name="testHeurDecl()" classname="de.uka.ilkd.key.parser.TestDeclParser" time="0.884"/>
  <testcase name="testFunctionDecl()" classname="de.uka.ilkd.key.parser.TestDeclParser" time="0.931"/>
  <testcase name="testPredicateDecl()" classname="de.uka.ilkd.key.parser.TestDeclParser" time="0.956"/>
  <testcase name="testSVDecl()" classname="de.uka.ilkd.key.parser.TestDeclParser" time="0.874"/>
  <system-out><![CDATA[224610     INFO  Test worker     d.u.i.k.n.KeyIO           Parsing took 0 ms 
224611     INFO  Test worker     d.u.i.k.n.KeyIO           MODE: declarations took 1 ms 
225612     INFO  Test worker     d.u.i.k.n.KeyIO           Parsing took 0 ms 
225612     INFO  Test worker     d.u.i.k.n.KeyIO           MODE: declarations took 0 ms 
226500     INFO  Test worker     d.u.i.k.n.KeyIO           Parsing took 0 ms 
226501     INFO  Test worker     d.u.i.k.n.KeyIO           MODE: declarations took 0 ms 
227447     INFO  Test worker     d.u.i.k.n.KeyIO           Parsing took 0 ms 
227448     INFO  Test worker     d.u.i.k.n.KeyIO           MODE: declarations took 0 ms 
228406     INFO  Test worker     d.u.i.k.n.KeyIO           Parsing took 0 ms 
228406     INFO  Test worker     d.u.i.k.n.KeyIO           MODE: declarations took 0 ms 
229291     INFO  Test worker     d.u.i.k.n.KeyIO           Parsing took 0 ms 
229292     INFO  Test worker     d.u.i.k.n.KeyIO           MODE: declarations took 0 ms 
230321     INFO  Test worker     d.u.i.k.n.KeyIO           Parsing took 0 ms 
230322     INFO  Test worker     d.u.i.k.n.KeyIO           MODE: declarations took 1 ms 
231278     INFO  Test worker     d.u.i.k.n.KeyIO           Parsing took 1 ms 
231278     INFO  Test worker     d.u.i.k.n.KeyIO           MODE: declarations took 0 ms 
232166     INFO  Test worker     d.u.i.k.n.KeyIO           Parsing took 0 ms 
232167     INFO  Test worker     d.u.i.k.n.KeyIO           MODE: declarations took 0 ms 
233094     INFO  Test worker     d.u.i.k.n.KeyIO           Parsing took 0 ms 
233097     INFO  Test worker     d.u.i.k.n.KeyIO           MODE: declarations took 0 ms 
234055     INFO  Test worker     d.u.i.k.n.KeyIO           Parsing took 0 ms 
234056     INFO  Test worker     d.u.i.k.n.KeyIO           MODE: declarations took 0 ms 
234930     INFO  Test worker     d.u.i.k.n.KeyIO           Parsing took 1 ms 
234930     INFO  Test worker     d.u.i.k.n.KeyIO           MODE: declarations took 0 ms 
]]></system-out>
  <system-err><![CDATA[]]></system-err>
</testsuite>
