<?xml version="1.0" encoding="UTF-8"?>
<testsuite name="de.uka.ilkd.key.parser.TestTermParserHeap" tests="39" skipped="0" failures="0" errors="0" timestamp="2023-04-12T11:10:29" hostname="fv-az1125-426" time="114.098">
  <properties/>
  <testcase name="testBracketHeapUpdate()" classname="de.uka.ilkd.key.parser.TestTermParserHeap" time="0.017"/>
  <testcase name="testStore()" classname="de.uka.ilkd.key.parser.TestTermParserHeap" time="0.008"/>
  <testcase name="testUnknownConstant()" classname="de.uka.ilkd.key.parser.TestTermParserHeap" time="0.003"/>
  <testcase name="testAllFieldsSelector()" classname="de.uka.ilkd.key.parser.TestTermParserHeap" time="0.002"/>
  <testcase name="testParsePrettyPrintedSelect()" classname="de.uka.ilkd.key.parser.TestTermParserHeap" time="0.006"/>
  <testcase name="testAccessStaticMembers()" classname="de.uka.ilkd.key.parser.TestTermParserHeap" time="0.017"/>
  <testcase name="testAtOperator_1()" classname="de.uka.ilkd.key.parser.TestTermParserHeap" time="0.002"/>
  <testcase name="testAtOperator_2()" classname="de.uka.ilkd.key.parser.TestTermParserHeap" time="0.002"/>
  <testcase name="testAtOperator_3()" classname="de.uka.ilkd.key.parser.TestTermParserHeap" time="0.012"/>
  <testcase name="testAtOperator_4()" classname="de.uka.ilkd.key.parser.TestTermParserHeap" time="0.011"/>
  <testcase name="testAtOperator_5()" classname="de.uka.ilkd.key.parser.TestTermParserHeap" time="0.008"/>
  <testcase name="testAtOperator_6()" classname="de.uka.ilkd.key.parser.TestTermParserHeap" time="0.002"/>
  <testcase name="testAtOperator_7()" classname="de.uka.ilkd.key.parser.TestTermParserHeap" time="0.003"/>
  <testcase name="testAtOperator_8()" classname="de.uka.ilkd.key.parser.TestTermParserHeap" time="0.003"/>
  <testcase name="testVerifyExceptionIfAtOperatorNotPreceededBySelectTerm()" classname="de.uka.ilkd.key.parser.TestTermParserHeap" time="0.006"/>
  <testcase name="testBugResettingCounter()" classname="de.uka.ilkd.key.parser.TestTermParserHeap" time="0.003"/>
  <testcase name="testLocationSets()" classname="de.uka.ilkd.key.parser.TestTermParserHeap" time="0.004"/>
  <testcase name="testQuantifiedSelect()" classname="de.uka.ilkd.key.parser.TestTermParserHeap" time="0.005"/>
  <testcase name="testGenericObjectProperties()" classname="de.uka.ilkd.key.parser.TestTermParserHeap" time="0.002"/>
  <testcase name="testQueryInheritance_1()" classname="de.uka.ilkd.key.parser.TestTermParserHeap" time="0.002"/>
  <testcase name="testQueryInheritance_2()" classname="de.uka.ilkd.key.parser.TestTermParserHeap" time="0.004"/>
  <testcase name="testQueryInheritance_3()" classname="de.uka.ilkd.key.parser.TestTermParserHeap" time="0.004"/>
  <testcase name="testQueryInheritance_4()" classname="de.uka.ilkd.key.parser.TestTermParserHeap" time="0.005"/>
  <testcase name="testQueryInheritance_5()" classname="de.uka.ilkd.key.parser.TestTermParserHeap" time="0.001"/>
  <testcase name="testQueryInheritance_6()" classname="de.uka.ilkd.key.parser.TestTermParserHeap" time="0.011"/>
  <testcase name="testQueryInheritance_7()" classname="de.uka.ilkd.key.parser.TestTermParserHeap" time="0.001"/>
  <testcase name="testQueryInheritance_8()" classname="de.uka.ilkd.key.parser.TestTermParserHeap" time="0.002"/>
  <testcase name="testQueryInheritance_9()" classname="de.uka.ilkd.key.parser.TestTermParserHeap" time="0.003"/>
  <testcase name="testQueryBasic_10()" classname="de.uka.ilkd.key.parser.TestTermParserHeap" time="0.002"/>
  <testcase name="testQueryBasic_11()" classname="de.uka.ilkd.key.parser.TestTermParserHeap" time="0.002"/>
  <testcase name="testQueryBasic_1()" classname="de.uka.ilkd.key.parser.TestTermParserHeap" time="0.002"/>
  <testcase name="testQueryBasic_2()" classname="de.uka.ilkd.key.parser.TestTermParserHeap" time="0.002"/>
  <testcase name="testQueryBasic_3()" classname="de.uka.ilkd.key.parser.TestTermParserHeap" time="0.004"/>
  <testcase name="testQueryBasic_4()" classname="de.uka.ilkd.key.parser.TestTermParserHeap" time="0.003"/>
  <testcase name="testQueryBasic_5()" classname="de.uka.ilkd.key.parser.TestTermParserHeap" time="0.002"/>
  <testcase name="testQueryBasic_6()" classname="de.uka.ilkd.key.parser.TestTermParserHeap" time="0.002"/>
  <testcase name="testQueryBasic_7()" classname="de.uka.ilkd.key.parser.TestTermParserHeap" time="0.004"/>
  <testcase name="testQueryBasic_8()" classname="de.uka.ilkd.key.parser.TestTermParserHeap" time="0.002"/>
  <testcase name="testQueryBasic_9()" classname="de.uka.ilkd.key.parser.TestTermParserHeap" time="0.005"/>
  <system-out><![CDATA[324154     INFO  Test worker     d.u.i.k.n.KeyIO           Parsing took 0 ms 
324154     INFO  Test worker     d.u.i.k.n.KeyIO           MODE: declarations took 0 ms 
324154     INFO  Test worker     d.u.i.k.n.KeyIO           Parsing took 0 ms 
324155     INFO  Test worker     d.u.i.k.n.KeyIO           MODE: declarations took 0 ms 
324155     INFO  Test worker     d.u.i.k.n.KeyIO           Parsing took 0 ms 
324155     INFO  Test worker     d.u.i.k.n.KeyIO           MODE: declarations took 0 ms 
324155     INFO  Test worker     d.u.i.k.n.KeyIO           Parsing took 0 ms 
324155     INFO  Test worker     d.u.i.k.n.KeyIO           MODE: declarations took 0 ms 
324155     INFO  Test worker     d.u.i.k.n.KeyIO           Parsing took 0 ms 
324155     INFO  Test worker     d.u.i.k.n.KeyIO           MODE: declarations took 0 ms 
327322     INFO  Test worker     d.u.i.k.n.KeyIO           Parsing took 0 ms 
327323     INFO  Test worker     d.u.i.k.n.KeyIO           MODE: declarations took 1 ms 
327323     INFO  Test worker     d.u.i.k.n.KeyIO           Parsing took 0 ms 
327323     INFO  Test worker     d.u.i.k.n.KeyIO           MODE: declarations took 0 ms 
327323     INFO  Test worker     d.u.i.k.n.KeyIO           Parsing took 0 ms 
327323     INFO  Test worker     d.u.i.k.n.KeyIO           MODE: declarations took 0 ms 
327323     INFO  Test worker     d.u.i.k.n.KeyIO           Parsing took 0 ms 
327323     INFO  Test worker     d.u.i.k.n.KeyIO           MODE: declarations took 0 ms 
327323     INFO  Test worker     d.u.i.k.n.KeyIO           Parsing took 0 ms 
327323     INFO  Test worker     d.u.i.k.n.KeyIO           MODE: declarations took 0 ms 
330400     INFO  Test worker     d.u.i.k.n.KeyIO           Parsing took 0 ms 
330400     INFO  Test worker     d.u.i.k.n.KeyIO           MODE: declarations took 0 ms 
330400     INFO  Test worker     d.u.i.k.n.KeyIO           Parsing took 0 ms 
330400     INFO  Test worker     d.u.i.k.n.KeyIO           MODE: declarations took 0 ms 
330400     INFO  Test worker     d.u.i.k.n.KeyIO           Parsing took 0 ms 
330400     INFO  Test worker     d.u.i.k.n.KeyIO           MODE: declarations took 0 ms 
330400     INFO  Test worker     d.u.i.k.n.KeyIO           Parsing took 0 ms 
330400     INFO  Test worker     d.u.i.k.n.KeyIO           MODE: declarations took 0 ms 
330400     INFO  Test worker     d.u.i.k.n.KeyIO           Parsing took 0 ms 
330400     INFO  Test worker     d.u.i.k.n.KeyIO           MODE: declarations took 0 ms 
330401     INFO  Test worker     d.u.i.k.n.KeyIO           Parsing took 0 ms 
330401     INFO  Test worker     d.u.i.k.n.KeyIO           MODE: declarations took 0 ms 
333425     INFO  Test worker     d.u.i.k.n.KeyIO           Parsing took 0 ms 
333425     INFO  Test worker     d.u.i.k.n.KeyIO           MODE: declarations took 0 ms 
333425     INFO  Test worker     d.u.i.k.n.KeyIO           Parsing took 0 ms 
333425     INFO  Test worker     d.u.i.k.n.KeyIO           MODE: declarations took 0 ms 
333425     INFO  Test worker     d.u.i.k.n.KeyIO           Parsing took 0 ms 
333425     INFO  Test worker     d.u.i.k.n.KeyIO           MODE: declarations took 0 ms 
333425     INFO  Test worker     d.u.i.k.n.KeyIO           Parsing took 0 ms 
333426     INFO  Test worker     d.u.i.k.n.KeyIO           MODE: declarations took 0 ms 
333426     INFO  Test worker     d.u.i.k.n.KeyIO           Parsing took 0 ms 
333426     INFO  Test worker     d.u.i.k.n.KeyIO           MODE: declarations took 0 ms 
336586     INFO  Test worker     d.u.i.k.n.KeyIO           Parsing took 0 ms 
336587     INFO  Test worker     d.u.i.k.n.KeyIO           MODE: declarations took 0 ms 
336588     INFO  Test worker     d.u.i.k.n.KeyIO           Parsing took 0 ms 
336588     INFO  Test worker     d.u.i.k.n.KeyIO           MODE: declarations took 0 ms 
336588     INFO  Test worker     d.u.i.k.n.KeyIO           Parsing took 0 ms 
336588     INFO  Test worker     d.u.i.k.n.KeyIO           MODE: declarations took 0 ms 
336589     INFO  Test worker     d.u.i.k.n.KeyIO           Parsing took 0 ms 
336589     INFO  Test worker     d.u.i.k.n.KeyIO           MODE: declarations took 0 ms 
336589     INFO  Test worker     d.u.i.k.n.KeyIO           Parsing took 0 ms 
336589     INFO  Test worker     d.u.i.k.n.KeyIO           MODE: declarations took 0 ms 
339566     INFO  Test worker     d.u.i.k.n.KeyIO           Parsing took 0 ms 
339567     INFO  Test worker     d.u.i.k.n.KeyIO           MODE: declarations took 0 ms 
339567     INFO  Test worker     d.u.i.k.n.KeyIO           Parsing took 0 ms 
339567     INFO  Test worker     d.u.i.k.n.KeyIO           MODE: declarations took 0 ms 
339567     INFO  Test worker     d.u.i.k.n.KeyIO           Parsing took 0 ms 
339568     INFO  Test worker     d.u.i.k.n.KeyIO           MODE: declarations took 0 ms 
339568     INFO  Test worker     d.u.i.k.n.KeyIO           Parsing took 0 ms 
339576     INFO  Test worker     d.u.i.k.n.KeyIO           MODE: declarations took 0 ms 
339576     INFO  Test worker     d.u.i.k.n.KeyIO           Parsing took 0 ms 
339576     INFO  Test worker     d.u.i.k.n.KeyIO           MODE: declarations took 0 ms 
342575     INFO  Test worker     d.u.i.k.n.KeyIO           Parsing took 0 ms 
342575     INFO  Test worker     d.u.i.k.n.KeyIO           MODE: declarations took 0 ms 
342575     INFO  Test worker     d.u.i.k.n.KeyIO           Parsing took 0 ms 
342575     INFO  Test worker     d.u.i.k.n.KeyIO           MODE: declarations took 0 ms 
342575     INFO  Test worker     d.u.i.k.n.KeyIO           Parsing took 0 ms 
342575     INFO  Test worker     d.u.i.k.n.KeyIO           MODE: declarations took 0 ms 
342575     INFO  Test worker     d.u.i.k.n.KeyIO           Parsing took 0 ms 
342575     INFO  Test worker     d.u.i.k.n.KeyIO           MODE: declarations took 0 ms 
342575     INFO  Test worker     d.u.i.k.n.KeyIO           Parsing took 0 ms 
342575     INFO  Test worker     d.u.i.k.n.KeyIO           MODE: declarations took 0 ms 
345604     INFO  Test worker     d.u.i.k.n.KeyIO           Parsing took 0 ms 
345605     INFO  Test worker     d.u.i.k.n.KeyIO           MODE: declarations took 1 ms 
345605     INFO  Test worker     d.u.i.k.n.KeyIO           Parsing took 0 ms 
345605     INFO  Test worker     d.u.i.k.n.KeyIO           MODE: declarations took 0 ms 
345605     INFO  Test worker     d.u.i.k.n.KeyIO           Parsing took 0 ms 
345605     INFO  Test worker     d.u.i.k.n.KeyIO           MODE: declarations took 0 ms 
345605     INFO  Test worker     d.u.i.k.n.KeyIO           Parsing took 0 ms 
345605     INFO  Test worker     d.u.i.k.n.KeyIO           MODE: declarations took 0 ms 
345605     INFO  Test worker     d.u.i.k.n.KeyIO           Parsing took 0 ms 
345605     INFO  Test worker     d.u.i.k.n.KeyIO           MODE: declarations took 0 ms 
348589     INFO  Test worker     d.u.i.k.n.KeyIO           Parsing took 0 ms 
348589     INFO  Test worker     d.u.i.k.n.KeyIO           MODE: declarations took 0 ms 
348590     INFO  Test worker     d.u.i.k.n.KeyIO           Parsing took 0 ms 
348590     INFO  Test worker     d.u.i.k.n.KeyIO           MODE: declarations took 0 ms 
348590     INFO  Test worker     d.u.i.k.n.KeyIO           Parsing took 0 ms 
348598     INFO  Test worker     d.u.i.k.n.KeyIO           MODE: declarations took 1 ms 
348599     INFO  Test worker     d.u.i.k.n.KeyIO           Parsing took 0 ms 
348599     INFO  Test worker     d.u.i.k.n.KeyIO           MODE: declarations took 0 ms 
348599     INFO  Test worker     d.u.i.k.n.KeyIO           Parsing took 0 ms 
348599     INFO  Test worker     d.u.i.k.n.KeyIO           MODE: declarations took 0 ms 
351438     INFO  Test worker     d.u.i.k.n.KeyIO           Parsing took 0 ms 
351439     INFO  Test worker     d.u.i.k.n.KeyIO           MODE: declarations took 0 ms 
351440     INFO  Test worker     d.u.i.k.n.KeyIO           Parsing took 0 ms 
351441     INFO  Test worker     d.u.i.k.n.KeyIO           MODE: declarations took 0 ms 
351441     INFO  Test worker     d.u.i.k.n.KeyIO           Parsing took 0 ms 
351441     INFO  Test worker     d.u.i.k.n.KeyIO           MODE: declarations took 0 ms 
351442     INFO  Test worker     d.u.i.k.n.KeyIO           Parsing took 0 ms 
351442     INFO  Test worker     d.u.i.k.n.KeyIO           MODE: declarations took 0 ms 
351442     INFO  Test worker     d.u.i.k.n.KeyIO           Parsing took 0 ms 
351442     INFO  Test worker     d.u.i.k.n.KeyIO           MODE: declarations took 0 ms 
354286     INFO  Test worker     d.u.i.k.n.KeyIO           Parsing took 1 ms 
354287     INFO  Test worker     d.u.i.k.n.KeyIO           MODE: declarations took 1 ms 
354290     INFO  Test worker     d.u.i.k.n.KeyIO           Parsing took 0 ms 
354290     INFO  Test worker     d.u.i.k.n.KeyIO           MODE: declarations took 0 ms 
354290     INFO  Test worker     d.u.i.k.n.KeyIO           Parsing took 0 ms 
354290     INFO  Test worker     d.u.i.k.n.KeyIO           MODE: declarations took 0 ms 
354290     INFO  Test worker     d.u.i.k.n.KeyIO           Parsing took 0 ms 
354290     INFO  Test worker     d.u.i.k.n.KeyIO           MODE: declarations took 0 ms 
354290     INFO  Test worker     d.u.i.k.n.KeyIO           Parsing took 0 ms 
354290     INFO  Test worker     d.u.i.k.n.KeyIO           MODE: declarations took 0 ms 
357141     INFO  Test worker     d.u.i.k.n.KeyIO           Parsing took 0 ms 
357141     INFO  Test worker     d.u.i.k.n.KeyIO           MODE: declarations took 0 ms 
357142     INFO  Test worker     d.u.i.k.n.KeyIO           Parsing took 0 ms 
357142     INFO  Test worker     d.u.i.k.n.KeyIO           MODE: declarations took 0 ms 
357142     INFO  Test worker     d.u.i.k.n.KeyIO           Parsing took 0 ms 
357142     INFO  Test worker     d.u.i.k.n.KeyIO           MODE: declarations took 0 ms 
357142     INFO  Test worker     d.u.i.k.n.KeyIO           Parsing took 0 ms 
357142     INFO  Test worker     d.u.i.k.n.KeyIO           MODE: declarations took 0 ms 
357142     INFO  Test worker     d.u.i.k.n.KeyIO           Parsing took 0 ms 
357142     INFO  Test worker     d.u.i.k.n.KeyIO           MODE: declarations took 0 ms 
359947     INFO  Test worker     d.u.i.k.n.KeyIO           Parsing took 0 ms 
359947     INFO  Test worker     d.u.i.k.n.KeyIO           MODE: declarations took 0 ms 
359947     INFO  Test worker     d.u.i.k.n.KeyIO           Parsing took 0 ms 
359947     INFO  Test worker     d.u.i.k.n.KeyIO           MODE: declarations took 0 ms 
359947     INFO  Test worker     d.u.i.k.n.KeyIO           Parsing took 0 ms 
359947     INFO  Test worker     d.u.i.k.n.KeyIO           MODE: declarations took 0 ms 
359947     INFO  Test worker     d.u.i.k.n.KeyIO           Parsing took 0 ms 
359947     INFO  Test worker     d.u.i.k.n.KeyIO           MODE: declarations took 0 ms 
359947     INFO  Test worker     d.u.i.k.n.KeyIO           Parsing took 0 ms 
359947     INFO  Test worker     d.u.i.k.n.KeyIO           MODE: declarations took 0 ms 
362997     INFO  Test worker     d.u.i.k.n.KeyIO           Parsing took 1 ms 
362997     INFO  Test worker     d.u.i.k.n.KeyIO           MODE: declarations took 0 ms 
362997     INFO  Test worker     d.u.i.k.n.KeyIO           Parsing took 0 ms 
362997     INFO  Test worker     d.u.i.k.n.KeyIO           MODE: declarations took 0 ms 
362997     INFO  Test worker     d.u.i.k.n.KeyIO           Parsing took 0 ms 
362997     INFO  Test worker     d.u.i.k.n.KeyIO           MODE: declarations took 0 ms 
362997     INFO  Test worker     d.u.i.k.n.KeyIO           Parsing took 0 ms 
362997     INFO  Test worker     d.u.i.k.n.KeyIO           MODE: declarations took 0 ms 
362997     INFO  Test worker     d.u.i.k.n.KeyIO           Parsing took 0 ms 
362997     INFO  Test worker     d.u.i.k.n.KeyIO           MODE: declarations took 0 ms 
365978     INFO  Test worker     d.u.i.k.n.KeyIO           Parsing took 0 ms 
365978     INFO  Test worker     d.u.i.k.n.KeyIO           MODE: declarations took 0 ms 
365978     INFO  Test worker     d.u.i.k.n.KeyIO           Parsing took 0 ms 
365978     INFO  Test worker     d.u.i.k.n.KeyIO           MODE: declarations took 0 ms 
365978     INFO  Test worker     d.u.i.k.n.KeyIO           Parsing took 0 ms 
365978     INFO  Test worker     d.u.i.k.n.KeyIO           MODE: declarations took 0 ms 
365978     INFO  Test worker     d.u.i.k.n.KeyIO           Parsing took 0 ms 
365978     INFO  Test worker     d.u.i.k.n.KeyIO           MODE: declarations took 0 ms 
365978     INFO  Test worker     d.u.i.k.n.KeyIO           Parsing took 0 ms 
365978     INFO  Test worker     d.u.i.k.n.KeyIO           MODE: declarations took 0 ms 
365983     WARN  Test worker     d.u.i.k.n.KeYParser       [syntax-error] <unknown>:1:11: mismatched input '@' expecting {'/', ':=', '.', '(', ')', '{', '[', '@', PARALLEL, OR, AND, IMP, '=', NOT_EQUALS, '%', '*', '-', '+', '>', GREATEREQUAL, '<', LESSEQUAL, LGUILLEMETS, EQV} [@11,11:11='@',<153>,1:11] (termEOF) 
369127     INFO  Test worker     d.u.i.k.n.KeyIO           Parsing took 0 ms 
369127     INFO  Test worker     d.u.i.k.n.KeyIO           MODE: declarations took 0 ms 
369127     INFO  Test worker     d.u.i.k.n.KeyIO           Parsing took 0 ms 
369127     INFO  Test worker     d.u.i.k.n.KeyIO           MODE: declarations took 0 ms 
369127     INFO  Test worker     d.u.i.k.n.KeyIO           Parsing took 0 ms 
369127     INFO  Test worker     d.u.i.k.n.KeyIO           MODE: declarations took 0 ms 
369127     INFO  Test worker     d.u.i.k.n.KeyIO           Parsing took 0 ms 
369127     INFO  Test worker     d.u.i.k.n.KeyIO           MODE: declarations took 0 ms 
369127     INFO  Test worker     d.u.i.k.n.KeyIO           Parsing took 0 ms 
369127     INFO  Test worker     d.u.i.k.n.KeyIO           MODE: declarations took 0 ms 
372135     INFO  Test worker     d.u.i.k.n.KeyIO           Parsing took 0 ms 
372135     INFO  Test worker     d.u.i.k.n.KeyIO           MODE: declarations took 0 ms 
372135     INFO  Test worker     d.u.i.k.n.KeyIO           Parsing took 0 ms 
372135     INFO  Test worker     d.u.i.k.n.KeyIO           MODE: declarations took 0 ms 
372135     INFO  Test worker     d.u.i.k.n.KeyIO           Parsing took 0 ms 
372135     INFO  Test worker     d.u.i.k.n.KeyIO           MODE: declarations took 0 ms 
372136     INFO  Test worker     d.u.i.k.n.KeyIO           Parsing took 0 ms 
372136     INFO  Test worker     d.u.i.k.n.KeyIO           MODE: declarations took 0 ms 
372136     INFO  Test worker     d.u.i.k.n.KeyIO           Parsing took 0 ms 
372136     INFO  Test worker     d.u.i.k.n.KeyIO           MODE: declarations took 0 ms 
375110     INFO  Test worker     d.u.i.k.n.KeyIO           Parsing took 0 ms 
375110     INFO  Test worker     d.u.i.k.n.KeyIO           MODE: declarations took 0 ms 
375110     INFO  Test worker     d.u.i.k.n.KeyIO           Parsing took 0 ms 
375110     INFO  Test worker     d.u.i.k.n.KeyIO           MODE: declarations took 0 ms 
375110     INFO  Test worker     d.u.i.k.n.KeyIO           Parsing took 0 ms 
375110     INFO  Test worker     d.u.i.k.n.KeyIO           MODE: declarations took 0 ms 
375110     INFO  Test worker     d.u.i.k.n.KeyIO           Parsing took 0 ms 
375110     INFO  Test worker     d.u.i.k.n.KeyIO           MODE: declarations took 0 ms 
375110     INFO  Test worker     d.u.i.k.n.KeyIO           Parsing took 0 ms 
375110     INFO  Test worker     d.u.i.k.n.KeyIO           MODE: declarations took 0 ms 
378145     INFO  Test worker     d.u.i.k.n.KeyIO           Parsing took 0 ms 
378146     INFO  Test worker     d.u.i.k.n.KeyIO           MODE: declarations took 1 ms 
378146     INFO  Test worker     d.u.i.k.n.KeyIO           Parsing took 0 ms 
378146     INFO  Test worker     d.u.i.k.n.KeyIO           MODE: declarations took 0 ms 
378146     INFO  Test worker     d.u.i.k.n.KeyIO           Parsing took 0 ms 
378146     INFO  Test worker     d.u.i.k.n.KeyIO           MODE: declarations took 0 ms 
378146     INFO  Test worker     d.u.i.k.n.KeyIO           Parsing took 0 ms 
378146     INFO  Test worker     d.u.i.k.n.KeyIO           MODE: declarations took 0 ms 
378146     INFO  Test worker     d.u.i.k.n.KeyIO           Parsing took 0 ms 
378146     INFO  Test worker     d.u.i.k.n.KeyIO           MODE: declarations took 0 ms 
381141     INFO  Test worker     d.u.i.k.n.KeyIO           Parsing took 0 ms 
381142     INFO  Test worker     d.u.i.k.n.KeyIO           MODE: declarations took 1 ms 
381142     INFO  Test worker     d.u.i.k.n.KeyIO           Parsing took 0 ms 
381142     INFO  Test worker     d.u.i.k.n.KeyIO           MODE: declarations took 0 ms 
381142     INFO  Test worker     d.u.i.k.n.KeyIO           Parsing took 0 ms 
381142     INFO  Test worker     d.u.i.k.n.KeyIO           MODE: declarations took 0 ms 
381142     INFO  Test worker     d.u.i.k.n.KeyIO           Parsing took 0 ms 
381142     INFO  Test worker     d.u.i.k.n.KeyIO           MODE: declarations took 0 ms 
381142     INFO  Test worker     d.u.i.k.n.KeyIO           Parsing took 0 ms 
381142     INFO  Test worker     d.u.i.k.n.KeyIO           MODE: declarations took 0 ms 
384239     INFO  Test worker     d.u.i.k.n.KeyIO           Parsing took 0 ms 
384240     INFO  Test worker     d.u.i.k.n.KeyIO           MODE: declarations took 1 ms 
384240     INFO  Test worker     d.u.i.k.n.KeyIO           Parsing took 0 ms 
384240     INFO  Test worker     d.u.i.k.n.KeyIO           MODE: declarations took 0 ms 
384240     INFO  Test worker     d.u.i.k.n.KeyIO           Parsing took 0 ms 
384240     INFO  Test worker     d.u.i.k.n.KeyIO           MODE: declarations took 0 ms 
384241     INFO  Test worker     d.u.i.k.n.KeyIO           Parsing took 0 ms 
384241     INFO  Test worker     d.u.i.k.n.KeyIO           MODE: declarations took 0 ms 
384241     INFO  Test worker     d.u.i.k.n.KeyIO           Parsing took 0 ms 
384241     INFO  Test worker     d.u.i.k.n.KeyIO           MODE: declarations took 0 ms 
387262     INFO  Test worker     d.u.i.k.n.KeyIO           Parsing took 0 ms 
387263     INFO  Test worker     d.u.i.k.n.KeyIO           MODE: declarations took 0 ms 
387264     INFO  Test worker     d.u.i.k.n.KeyIO           Parsing took 1 ms 
387264     INFO  Test worker     d.u.i.k.n.KeyIO           MODE: declarations took 0 ms 
387264     INFO  Test worker     d.u.i.k.n.KeyIO           Parsing took 0 ms 
387264     INFO  Test worker     d.u.i.k.n.KeyIO           MODE: declarations took 0 ms 
387264     INFO  Test worker     d.u.i.k.n.KeyIO           Parsing took 0 ms 
387264     INFO  Test worker     d.u.i.k.n.KeyIO           MODE: declarations took 0 ms 
387264     INFO  Test worker     d.u.i.k.n.KeyIO           Parsing took 0 ms 
387265     INFO  Test worker     d.u.i.k.n.KeyIO           MODE: declarations took 0 ms 
390234     INFO  Test worker     d.u.i.k.n.KeyIO           Parsing took 0 ms 
390235     INFO  Test worker     d.u.i.k.n.KeyIO           MODE: declarations took 1 ms 
390235     INFO  Test worker     d.u.i.k.n.KeyIO           Parsing took 0 ms 
390235     INFO  Test worker     d.u.i.k.n.KeyIO           MODE: declarations took 0 ms 
390235     INFO  Test worker     d.u.i.k.n.KeyIO           Parsing took 0 ms 
390235     INFO  Test worker     d.u.i.k.n.KeyIO           MODE: declarations took 0 ms 
390235     INFO  Test worker     d.u.i.k.n.KeyIO           Parsing took 0 ms 
390235     INFO  Test worker     d.u.i.k.n.KeyIO           MODE: declarations took 0 ms 
390235     INFO  Test worker     d.u.i.k.n.KeyIO           Parsing took 0 ms 
390236     INFO  Test worker     d.u.i.k.n.KeyIO           MODE: declarations took 0 ms 
393286     INFO  Test worker     d.u.i.k.n.KeyIO           Parsing took 0 ms 
393287     INFO  Test worker     d.u.i.k.n.KeyIO           MODE: declarations took 0 ms 
393287     INFO  Test worker     d.u.i.k.n.KeyIO           Parsing took 0 ms 
393287     INFO  Test worker     d.u.i.k.n.KeyIO           MODE: declarations took 0 ms 
393287     INFO  Test worker     d.u.i.k.n.KeyIO           Parsing took 0 ms 
393287     INFO  Test worker     d.u.i.k.n.KeyIO           MODE: declarations took 0 ms 
393287     INFO  Test worker     d.u.i.k.n.KeyIO           Parsing took 0 ms 
393287     INFO  Test worker     d.u.i.k.n.KeyIO           MODE: declarations took 0 ms 
393287     INFO  Test worker     d.u.i.k.n.KeyIO           Parsing took 0 ms 
393287     INFO  Test worker     d.u.i.k.n.KeyIO           MODE: declarations took 0 ms 
396284     INFO  Test worker     d.u.i.k.n.KeyIO           Parsing took 1 ms 
396284     INFO  Test worker     d.u.i.k.n.KeyIO           MODE: declarations took 0 ms 
396284     INFO  Test worker     d.u.i.k.n.KeyIO           Parsing took 0 ms 
396284     INFO  Test worker     d.u.i.k.n.KeyIO           MODE: declarations took 0 ms 
396284     INFO  Test worker     d.u.i.k.n.KeyIO           Parsing took 0 ms 
396284     INFO  Test worker     d.u.i.k.n.KeyIO           MODE: declarations took 0 ms 
396284     INFO  Test worker     d.u.i.k.n.KeyIO           Parsing took 0 ms 
396284     INFO  Test worker     d.u.i.k.n.KeyIO           MODE: declarations took 0 ms 
396284     INFO  Test worker     d.u.i.k.n.KeyIO           Parsing took 0 ms 
396284     INFO  Test worker     d.u.i.k.n.KeyIO           MODE: declarations took 0 ms 
399388     INFO  Test worker     d.u.i.k.n.KeyIO           Parsing took 0 ms 
399388     INFO  Test worker     d.u.i.k.n.KeyIO           MODE: declarations took 0 ms 
399388     INFO  Test worker     d.u.i.k.n.KeyIO           Parsing took 0 ms 
399388     INFO  Test worker     d.u.i.k.n.KeyIO           MODE: declarations took 0 ms 
399388     INFO  Test worker     d.u.i.k.n.KeyIO           Parsing took 0 ms 
399388     INFO  Test worker     d.u.i.k.n.KeyIO           MODE: declarations took 0 ms 
399388     INFO  Test worker     d.u.i.k.n.KeyIO           Parsing took 0 ms 
399388     INFO  Test worker     d.u.i.k.n.KeyIO           MODE: declarations took 0 ms 
399388     INFO  Test worker     d.u.i.k.n.KeyIO           Parsing took 0 ms 
399388     INFO  Test worker     d.u.i.k.n.KeyIO           MODE: declarations took 0 ms 
402366     INFO  Test worker     d.u.i.k.n.KeyIO           Parsing took 0 ms 
402367     INFO  Test worker     d.u.i.k.n.KeyIO           MODE: declarations took 0 ms 
402367     INFO  Test worker     d.u.i.k.n.KeyIO           Parsing took 0 ms 
402367     INFO  Test worker     d.u.i.k.n.KeyIO           MODE: declarations took 0 ms 
402367     INFO  Test worker     d.u.i.k.n.KeyIO           Parsing took 0 ms 
402367     INFO  Test worker     d.u.i.k.n.KeyIO           MODE: declarations took 0 ms 
402367     INFO  Test worker     d.u.i.k.n.KeyIO           Parsing took 0 ms 
402367     INFO  Test worker     d.u.i.k.n.KeyIO           MODE: declarations took 0 ms 
402367     INFO  Test worker     d.u.i.k.n.KeyIO           Parsing took 0 ms 
402367     INFO  Test worker     d.u.i.k.n.KeyIO           MODE: declarations took 0 ms 
405383     INFO  Test worker     d.u.i.k.n.KeyIO           Parsing took 0 ms 
405384     INFO  Test worker     d.u.i.k.n.KeyIO           MODE: declarations took 0 ms 
405384     INFO  Test worker     d.u.i.k.n.KeyIO           Parsing took 0 ms 
405384     INFO  Test worker     d.u.i.k.n.KeyIO           MODE: declarations took 0 ms 
405384     INFO  Test worker     d.u.i.k.n.KeyIO           Parsing took 0 ms 
405384     INFO  Test worker     d.u.i.k.n.KeyIO           MODE: declarations took 0 ms 
405384     INFO  Test worker     d.u.i.k.n.KeyIO           Parsing took 0 ms 
405384     INFO  Test worker     d.u.i.k.n.KeyIO           MODE: declarations took 0 ms 
405384     INFO  Test worker     d.u.i.k.n.KeyIO           Parsing took 0 ms 
405384     INFO  Test worker     d.u.i.k.n.KeyIO           MODE: declarations took 0 ms 
408333     INFO  Test worker     d.u.i.k.n.KeyIO           Parsing took 0 ms 
408333     INFO  Test worker     d.u.i.k.n.KeyIO           MODE: declarations took 0 ms 
408333     INFO  Test worker     d.u.i.k.n.KeyIO           Parsing took 0 ms 
408333     INFO  Test worker     d.u.i.k.n.KeyIO           MODE: declarations took 0 ms 
408333     INFO  Test worker     d.u.i.k.n.KeyIO           Parsing took 0 ms 
408333     INFO  Test worker     d.u.i.k.n.KeyIO           MODE: declarations took 0 ms 
408333     INFO  Test worker     d.u.i.k.n.KeyIO           Parsing took 0 ms 
408333     INFO  Test worker     d.u.i.k.n.KeyIO           MODE: declarations took 0 ms 
408333     INFO  Test worker     d.u.i.k.n.KeyIO           Parsing took 0 ms 
408334     INFO  Test worker     d.u.i.k.n.KeyIO           MODE: declarations took 1 ms 
411311     INFO  Test worker     d.u.i.k.n.KeyIO           Parsing took 0 ms 
411312     INFO  Test worker     d.u.i.k.n.KeyIO           MODE: declarations took 0 ms 
411312     INFO  Test worker     d.u.i.k.n.KeyIO           Parsing took 0 ms 
411312     INFO  Test worker     d.u.i.k.n.KeyIO           MODE: declarations took 0 ms 
411312     INFO  Test worker     d.u.i.k.n.KeyIO           Parsing took 0 ms 
411312     INFO  Test worker     d.u.i.k.n.KeyIO           MODE: declarations took 0 ms 
411312     INFO  Test worker     d.u.i.k.n.KeyIO           Parsing took 0 ms 
411312     INFO  Test worker     d.u.i.k.n.KeyIO           MODE: declarations took 0 ms 
411312     INFO  Test worker     d.u.i.k.n.KeyIO           Parsing took 0 ms 
411312     INFO  Test worker     d.u.i.k.n.KeyIO           MODE: declarations took 0 ms 
414299     INFO  Test worker     d.u.i.k.n.KeyIO           Parsing took 0 ms 
414299     INFO  Test worker     d.u.i.k.n.KeyIO           MODE: declarations took 0 ms 
414299     INFO  Test worker     d.u.i.k.n.KeyIO           Parsing took 0 ms 
414299     INFO  Test worker     d.u.i.k.n.KeyIO           MODE: declarations took 0 ms 
414299     INFO  Test worker     d.u.i.k.n.KeyIO           Parsing took 0 ms 
414299     INFO  Test worker     d.u.i.k.n.KeyIO           MODE: declarations took 0 ms 
414299     INFO  Test worker     d.u.i.k.n.KeyIO           Parsing took 0 ms 
414299     INFO  Test worker     d.u.i.k.n.KeyIO           MODE: declarations took 0 ms 
414299     INFO  Test worker     d.u.i.k.n.KeyIO           Parsing took 0 ms 
414300     INFO  Test worker     d.u.i.k.n.KeyIO           MODE: declarations took 1 ms 
417269     INFO  Test worker     d.u.i.k.n.KeyIO           Parsing took 0 ms 
417269     INFO  Test worker     d.u.i.k.n.KeyIO           MODE: declarations took 0 ms 
417269     INFO  Test worker     d.u.i.k.n.KeyIO           Parsing took 0 ms 
417269     INFO  Test worker     d.u.i.k.n.KeyIO           MODE: declarations took 0 ms 
417269     INFO  Test worker     d.u.i.k.n.KeyIO           Parsing took 0 ms 
417269     INFO  Test worker     d.u.i.k.n.KeyIO           MODE: declarations took 0 ms 
417269     INFO  Test worker     d.u.i.k.n.KeyIO           Parsing took 0 ms 
417269     INFO  Test worker     d.u.i.k.n.KeyIO           MODE: declarations took 0 ms 
417269     INFO  Test worker     d.u.i.k.n.KeyIO           Parsing took 0 ms 
417269     INFO  Test worker     d.u.i.k.n.KeyIO           MODE: declarations took 0 ms 
420244     INFO  Test worker     d.u.i.k.n.KeyIO           Parsing took 0 ms 
420244     INFO  Test worker     d.u.i.k.n.KeyIO           MODE: declarations took 0 ms 
420244     INFO  Test worker     d.u.i.k.n.KeyIO           Parsing took 0 ms 
420245     INFO  Test worker     d.u.i.k.n.KeyIO           MODE: declarations took 1 ms 
420245     INFO  Test worker     d.u.i.k.n.KeyIO           Parsing took 0 ms 
420245     INFO  Test worker     d.u.i.k.n.KeyIO           MODE: declarations took 0 ms 
420245     INFO  Test worker     d.u.i.k.n.KeyIO           Parsing took 0 ms 
420245     INFO  Test worker     d.u.i.k.n.KeyIO           MODE: declarations took 0 ms 
420245     INFO  Test worker     d.u.i.k.n.KeyIO           Parsing took 0 ms 
420246     INFO  Test worker     d.u.i.k.n.KeyIO           MODE: declarations took 1 ms 
423251     INFO  Test worker     d.u.i.k.n.KeyIO           Parsing took 0 ms 
423252     INFO  Test worker     d.u.i.k.n.KeyIO           MODE: declarations took 1 ms 
423252     INFO  Test worker     d.u.i.k.n.KeyIO           Parsing took 0 ms 
423252     INFO  Test worker     d.u.i.k.n.KeyIO           MODE: declarations took 0 ms 
423252     INFO  Test worker     d.u.i.k.n.KeyIO           Parsing took 0 ms 
423252     INFO  Test worker     d.u.i.k.n.KeyIO           MODE: declarations took 0 ms 
423252     INFO  Test worker     d.u.i.k.n.KeyIO           Parsing took 0 ms 
423252     INFO  Test worker     d.u.i.k.n.KeyIO           MODE: declarations took 0 ms 
423252     INFO  Test worker     d.u.i.k.n.KeyIO           Parsing took 0 ms 
423252     INFO  Test worker     d.u.i.k.n.KeyIO           MODE: declarations took 0 ms 
426236     INFO  Test worker     d.u.i.k.n.KeyIO           Parsing took 0 ms 
426236     INFO  Test worker     d.u.i.k.n.KeyIO           MODE: declarations took 0 ms 
426236     INFO  Test worker     d.u.i.k.n.KeyIO           Parsing took 0 ms 
426236     INFO  Test worker     d.u.i.k.n.KeyIO           MODE: declarations took 0 ms 
426236     INFO  Test worker     d.u.i.k.n.KeyIO           Parsing took 0 ms 
426236     INFO  Test worker     d.u.i.k.n.KeyIO           MODE: declarations took 0 ms 
426236     INFO  Test worker     d.u.i.k.n.KeyIO           Parsing took 0 ms 
426236     INFO  Test worker     d.u.i.k.n.KeyIO           MODE: declarations took 0 ms 
426236     INFO  Test worker     d.u.i.k.n.KeyIO           Parsing took 0 ms 
426236     INFO  Test worker     d.u.i.k.n.KeyIO           MODE: declarations took 0 ms 
429254     INFO  Test worker     d.u.i.k.n.KeyIO           Parsing took 0 ms 
429255     INFO  Test worker     d.u.i.k.n.KeyIO           MODE: declarations took 0 ms 
429255     INFO  Test worker     d.u.i.k.n.KeyIO           Parsing took 0 ms 
429255     INFO  Test worker     d.u.i.k.n.KeyIO           MODE: declarations took 0 ms 
429255     INFO  Test worker     d.u.i.k.n.KeyIO           Parsing took 0 ms 
429255     INFO  Test worker     d.u.i.k.n.KeyIO           MODE: declarations took 0 ms 
429255     INFO  Test worker     d.u.i.k.n.KeyIO           Parsing took 0 ms 
429255     INFO  Test worker     d.u.i.k.n.KeyIO           MODE: declarations took 0 ms 
429255     INFO  Test worker     d.u.i.k.n.KeyIO           Parsing took 0 ms 
429255     INFO  Test worker     d.u.i.k.n.KeyIO           MODE: declarations took 0 ms 
432270     INFO  Test worker     d.u.i.k.n.KeyIO           Parsing took 0 ms 
432271     INFO  Test worker     d.u.i.k.n.KeyIO           MODE: declarations took 0 ms 
432271     INFO  Test worker     d.u.i.k.n.KeyIO           Parsing took 0 ms 
432271     INFO  Test worker     d.u.i.k.n.KeyIO           MODE: declarations took 0 ms 
432271     INFO  Test worker     d.u.i.k.n.KeyIO           Parsing took 0 ms 
432271     INFO  Test worker     d.u.i.k.n.KeyIO           MODE: declarations took 0 ms 
432271     INFO  Test worker     d.u.i.k.n.KeyIO           Parsing took 0 ms 
432271     INFO  Test worker     d.u.i.k.n.KeyIO           MODE: declarations took 0 ms 
432272     INFO  Test worker     d.u.i.k.n.KeyIO           Parsing took 0 ms 
432272     INFO  Test worker     d.u.i.k.n.KeyIO           MODE: declarations took 0 ms 
435282     INFO  Test worker     d.u.i.k.n.KeyIO           Parsing took 0 ms 
435282     INFO  Test worker     d.u.i.k.n.KeyIO           MODE: declarations took 0 ms 
435282     INFO  Test worker     d.u.i.k.n.KeyIO           Parsing took 0 ms 
435282     INFO  Test worker     d.u.i.k.n.KeyIO           MODE: declarations took 0 ms 
435282     INFO  Test worker     d.u.i.k.n.KeyIO           Parsing took 0 ms 
435282     INFO  Test worker     d.u.i.k.n.KeyIO           MODE: declarations took 0 ms 
435282     INFO  Test worker     d.u.i.k.n.KeyIO           Parsing took 0 ms 
435282     INFO  Test worker     d.u.i.k.n.KeyIO           MODE: declarations took 0 ms 
435282     INFO  Test worker     d.u.i.k.n.KeyIO           Parsing took 0 ms 
435282     INFO  Test worker     d.u.i.k.n.KeyIO           MODE: declarations took 0 ms 
438248     INFO  Test worker     d.u.i.k.n.KeyIO           Parsing took 0 ms 
438249     INFO  Test worker     d.u.i.k.n.KeyIO           MODE: declarations took 0 ms 
438249     INFO  Test worker     d.u.i.k.n.KeyIO           Parsing took 0 ms 
438250     INFO  Test worker     d.u.i.k.n.KeyIO           MODE: declarations took 0 ms 
438250     INFO  Test worker     d.u.i.k.n.KeyIO           Parsing took 0 ms 
438250     INFO  Test worker     d.u.i.k.n.KeyIO           MODE: declarations took 0 ms 
438250     INFO  Test worker     d.u.i.k.n.KeyIO           Parsing took 0 ms 
438250     INFO  Test worker     d.u.i.k.n.KeyIO           MODE: declarations took 0 ms 
438250     INFO  Test worker     d.u.i.k.n.KeyIO           Parsing took 0 ms 
438250     INFO  Test worker     d.u.i.k.n.KeyIO           MODE: declarations took 0 ms 
]]></system-out>
  <system-err><![CDATA[]]></system-err>
</testsuite>
