<?xml version="1.0" encoding="UTF-8"?>
<testsuite name="de.uka.ilkd.key.taclettranslation.TestTacletTranslator" tests="5" skipped="0" failures="0" errors="0" timestamp="2023-04-12T11:19:01" hostname="fv-az1125-426" time="0.018">
  <properties/>
  <testcase name="testPropositional1()" classname="de.uka.ilkd.key.taclettranslation.TestTacletTranslator" time="0.006"/>
  <testcase name="testPropositional2()" classname="de.uka.ilkd.key.taclettranslation.TestTacletTranslator" time="0.002"/>
  <testcase name="testNegativePolarity()" classname="de.uka.ilkd.key.taclettranslation.TestTacletTranslator" time="0.002"/>
  <testcase name="testNoPolarity()" classname="de.uka.ilkd.key.taclettranslation.TestTacletTranslator" time="0.002"/>
  <testcase name="testPositivePolarity()" classname="de.uka.ilkd.key.taclettranslation.TestTacletTranslator" time="0.002"/>
  <system-out><![CDATA[836792     INFO  Test worker     d.u.i.k.n.KeyIO           Parsing took 1 ms 
836792     INFO  Test worker     d.u.i.k.n.KeyIO           MODE: declarations took 0 ms 
836797     INFO  Test worker     d.u.i.k.n.KeyIO           Parsing took 0 ms 
836798     INFO  Test worker     d.u.i.k.n.KeyIO           MODE: declarations took 1 ms 
836800     INFO  Test worker     d.u.i.k.n.KeyIO           Parsing took 0 ms 
836801     INFO  Test worker     d.u.i.k.n.KeyIO           MODE: declarations took 0 ms 
836803     INFO  Test worker     d.u.i.k.n.KeyIO           Parsing took 0 ms 
836804     INFO  Test worker     d.u.i.k.n.KeyIO           MODE: declarations took 1 ms 
836806     INFO  Test worker     d.u.i.k.n.KeyIO           Parsing took 0 ms 
836806     INFO  Test worker     d.u.i.k.n.KeyIO           MODE: declarations took 0 ms 
]]></system-out>
  <system-err><![CDATA[]]></system-err>
</testsuite>
