<?xml version="1.0" encoding="UTF-8"?>
<testsuite name="de.uka.ilkd.key.nparser.ExprTest" tests="23" skipped="0" failures="0" errors="0" timestamp="2023-04-12T11:08:33" hostname="fv-az1125-426" time="2.499">
  <properties/>
  <testcase name="[1] (bprod{int y;}(1, 2, y) = 0)" classname="de.uka.ilkd.key.nparser.ExprTest" time="0.03"/>
  <testcase name="[2] 1 = 1 -&gt; 2 = 2" classname="de.uka.ilkd.key.nparser.ExprTest" time="0.016"/>
  <testcase name="[3] \&lt; { int x = 1; } \&gt; x=1" classname="de.uka.ilkd.key.nparser.ExprTest" time="1.03"/>
  <testcase name="[4] \&lt;{ int x = 1; {int s = 2;} }\&gt; x=x" classname="de.uka.ilkd.key.nparser.ExprTest" time="0.965"/>
  <testcase name="[5] true" classname="de.uka.ilkd.key.nparser.ExprTest" time="0.02"/>
  <testcase name="[6] true &amp; false" classname="de.uka.ilkd.key.nparser.ExprTest" time="0.016"/>
  <testcase name="[7] 0" classname="de.uka.ilkd.key.nparser.ExprTest" time="0.016"/>
  <testcase name="[8] 1" classname="de.uka.ilkd.key.nparser.ExprTest" time="0.015"/>
  <testcase name="[9] 42" classname="de.uka.ilkd.key.nparser.ExprTest" time="0.018"/>
  <testcase name="[10] -5" classname="de.uka.ilkd.key.nparser.ExprTest" time="0.022"/>
  <testcase name="[11] 1 + 1 = 2" classname="de.uka.ilkd.key.nparser.ExprTest" time="0.027"/>
  <testcase name="[12] \if (3=4) \then (1) \else (2)" classname="de.uka.ilkd.key.nparser.ExprTest" time="0.022"/>
  <testcase name="[13] \if (3=4 &amp; 1=1) \then (\if (3=4) \then (1) \else (2)) \else (2)" classname="de.uka.ilkd.key.nparser.ExprTest" time="0.02"/>
  <testcase name="[14] aa + bb*cc" classname="de.uka.ilkd.key.nparser.ExprTest" time="0.042"/>
  <testcase name="[15] aa%bb*cc &lt; -123" classname="de.uka.ilkd.key.nparser.ExprTest" time="0.017"/>
  <testcase name="[16] \forall int x; true" classname="de.uka.ilkd.key.nparser.ExprTest" time="0.019"/>
  <testcase name="[17] \forall numbers x; x = x" classname="de.uka.ilkd.key.nparser.ExprTest" time="0.02"/>
  <testcase name="[18] (int)3+2" classname="de.uka.ilkd.key.nparser.ExprTest" time="0.017"/>
  <testcase name="[19] 1.f + 1f = 20e-1f * (2f-1f)" classname="de.uka.ilkd.key.nparser.ExprTest" time="0.029"/>
  <testcase name="[20] 1.d + 1d &lt;= 20e+1d * .01d" classname="de.uka.ilkd.key.nparser.ExprTest" time="0.022"/>
  <testcase name="[21] 1f &lt;= 2f" classname="de.uka.ilkd.key.nparser.ExprTest" time="0.019"/>
  <testcase name="[22] 2d &gt; 1d" classname="de.uka.ilkd.key.nparser.ExprTest" time="0.03"/>
  <testcase name="[23] seqEmpty + seqEmpty" classname="de.uka.ilkd.key.nparser.ExprTest" time="0.028"/>
  <system-out><![CDATA[207879     INFO  Test worker     d.u.i.k.n.KeyIO           Parsing took 10 ms 
207884     INFO  Test worker     d.u.i.k.n.KeyIO           MODE: declarations took 3 ms 
207893     INFO  Test worker     d.u.i.k.n.ExprTest        Term: equals(bprod{y:int}(Z(1(#)),Z(2(#)),y),Z(0(#))) 
207908     INFO  Test worker     d.u.i.k.n.KeyIO           Parsing took 9 ms 
207909     INFO  Test worker     d.u.i.k.n.KeyIO           MODE: declarations took 1 ms 
207913     INFO  Test worker     d.u.i.k.n.ExprTest        Term: imp(equals(Z(1(#)),Z(1(#))),equals(Z(2(#)),Z(2(#)))) 
207933     INFO  Test worker     d.u.i.k.n.KeyIO           Parsing took 11 ms 
207935     INFO  Test worker     d.u.i.k.n.KeyIO           MODE: declarations took 1 ms 
208943     INFO  Test worker     d.u.i.k.n.ExprTest        Term: \<{
  int x = 1;
}\> (equals(x,Z(1(#)))) 
208957     INFO  Test worker     d.u.i.k.n.KeyIO           Parsing took 8 ms 
208960     INFO  Test worker     d.u.i.k.n.KeyIO           MODE: declarations took 2 ms 
209909     INFO  Test worker     d.u.i.k.n.ExprTest        Term: \<{
  int x = 1;
  {
    int s = 2;
  }
}\> (equals(x,x)) 
209926     INFO  Test worker     d.u.i.k.n.KeyIO           Parsing took 10 ms 
209929     INFO  Test worker     d.u.i.k.n.KeyIO           MODE: declarations took 1 ms 
209933     INFO  Test worker     d.u.i.k.n.ExprTest        Term: true 
209944     INFO  Test worker     d.u.i.k.n.KeyIO           Parsing took 7 ms 
209947     INFO  Test worker     d.u.i.k.n.KeyIO           MODE: declarations took 2 ms 
209951     INFO  Test worker     d.u.i.k.n.ExprTest        Term: and(true,false) 
209962     INFO  Test worker     d.u.i.k.n.KeyIO           Parsing took 8 ms 
209965     INFO  Test worker     d.u.i.k.n.KeyIO           MODE: declarations took 2 ms 
209968     INFO  Test worker     d.u.i.k.n.ExprTest        Term: Z(0(#)) 
209979     INFO  Test worker     d.u.i.k.n.KeyIO           Parsing took 8 ms 
209981     INFO  Test worker     d.u.i.k.n.KeyIO           MODE: declarations took 2 ms 
209984     INFO  Test worker     d.u.i.k.n.ExprTest        Term: Z(1(#)) 
209995     INFO  Test worker     d.u.i.k.n.KeyIO           Parsing took 8 ms 
209996     INFO  Test worker     d.u.i.k.n.KeyIO           MODE: declarations took 1 ms 
210002     INFO  Test worker     d.u.i.k.n.ExprTest        Term: Z(2(4(#))) 
210018     INFO  Test worker     d.u.i.k.n.KeyIO           Parsing took 10 ms 
210022     INFO  Test worker     d.u.i.k.n.KeyIO           MODE: declarations took 2 ms 
210026     INFO  Test worker     d.u.i.k.n.ExprTest        Term: Z(neglit(5(#))) 
210039     INFO  Test worker     d.u.i.k.n.KeyIO           Parsing took 8 ms 
210049     INFO  Test worker     d.u.i.k.n.KeyIO           MODE: declarations took 2 ms 
210054     INFO  Test worker     d.u.i.k.n.ExprTest        Term: equals(add(Z(1(#)),Z(1(#))),Z(2(#))) 
210069     INFO  Test worker     d.u.i.k.n.KeyIO           Parsing took 9 ms 
210072     INFO  Test worker     d.u.i.k.n.KeyIO           MODE: declarations took 1 ms 
210078     INFO  Test worker     d.u.i.k.n.ExprTest        Term: if-then-else(equals(Z(3(#)),Z(4(#))),Z(1(#)),Z(2(#))) 
210092     INFO  Test worker     d.u.i.k.n.KeyIO           Parsing took 9 ms 
210095     INFO  Test worker     d.u.i.k.n.KeyIO           MODE: declarations took 2 ms 
210099     INFO  Test worker     d.u.i.k.n.ExprTest        Term: if-then-else(and(equals(Z(3(#)),Z(4(#))),equals(Z(1(#)),Z(1(#)))),if-then-else(equals(Z(3(#)),Z(4(#))),Z(1(#)),Z(2(#))),Z(2(#))) 
210122     INFO  Test worker     d.u.i.k.n.KeyIO           Parsing took 16 ms 
210128     INFO  Test worker     d.u.i.k.n.KeyIO           MODE: declarations took 5 ms 
210143     INFO  Test worker     d.u.i.k.n.ExprTest        Term: add(aa,mul(bb,cc)) 
210157     INFO  Test worker     d.u.i.k.n.KeyIO           Parsing took 10 ms 
210158     INFO  Test worker     d.u.i.k.n.KeyIO           MODE: declarations took 1 ms 
210161     INFO  Test worker     d.u.i.k.n.ExprTest        Term: lt(mul(mod(aa,bb),cc),Z(neglit(3(2(1(#)))))) 
210178     INFO  Test worker     d.u.i.k.n.KeyIO           Parsing took 10 ms 
210181     INFO  Test worker     d.u.i.k.n.KeyIO           MODE: declarations took 1 ms 
210183     INFO  Test worker     d.u.i.k.n.ExprTest        Term: all{x:int}(true) 
210195     INFO  Test worker     d.u.i.k.n.KeyIO           Parsing took 9 ms 
210196     INFO  Test worker     d.u.i.k.n.KeyIO           MODE: declarations took 1 ms 
210203     INFO  Test worker     d.u.i.k.n.ExprTest        Term: all{x:numbers}(equals(x,x)) 
210219     INFO  Test worker     d.u.i.k.n.KeyIO           Parsing took 8 ms 
210221     INFO  Test worker     d.u.i.k.n.KeyIO           MODE: declarations took 1 ms 
210225     INFO  Test worker     d.u.i.k.n.ExprTest        Term: add(int::cast(Z(3(#))),Z(2(#))) 
210239     INFO  Test worker     d.u.i.k.n.KeyIO           Parsing took 10 ms 
210243     INFO  Test worker     d.u.i.k.n.KeyIO           MODE: declarations took 2 ms 
210247     INFO  Test worker     d.u.i.k.n.ExprTest        Term: equals(addFloat(FP(6(1(2(3(5(3(5(6(0(1(#))))))))))),FP(6(1(2(3(5(3(5(6(0(1(#)))))))))))),mulFloat(FP(4(2(8(1(4(7(3(7(0(1(#))))))))))),subFloat(FP(4(2(8(1(4(7(3(7(0(1(#))))))))))),FP(6(1(2(3(5(3(5(6(0(1(#)))))))))))))) 
210270     INFO  Test worker     d.u.i.k.n.KeyIO           Parsing took 9 ms 
210273     INFO  Test worker     d.u.i.k.n.KeyIO           MODE: declarations took 1 ms 
210279     INFO  Test worker     d.u.i.k.n.ExprTest        Term: leqDouble(addDouble(DFP(8(0(4(7(1(0(0(0(8(8(1(4(2(8(1(7(0(6(4(#)))))))))))))))))))),DFP(8(0(4(7(1(0(0(0(8(8(1(4(2(8(1(7(0(6(4(#))))))))))))))))))))),mulDouble(DFP(4(8(7(6(0(0(2(8(9(0(9(8(0(4(2(1(4(6(4(#)))))))))))))))))))),DFP(5(7(6(7(8(0(4(0(3(9(2(2(8(1(9(6(7(5(4(#)))))))))))))))))))))) 
210295     INFO  Test worker     d.u.i.k.n.KeyIO           Parsing took 8 ms 
210298     INFO  Test worker     d.u.i.k.n.KeyIO           MODE: declarations took 2 ms 
210301     INFO  Test worker     d.u.i.k.n.ExprTest        Term: leqFloat(FP(6(1(2(3(5(3(5(6(0(1(#))))))))))),FP(4(2(8(1(4(7(3(7(0(1(#)))))))))))) 
210322     INFO  Test worker     d.u.i.k.n.KeyIO           Parsing took 14 ms 
210325     INFO  Test worker     d.u.i.k.n.KeyIO           MODE: declarations took 2 ms 
210332     INFO  Test worker     d.u.i.k.n.ExprTest        Term: gtDouble(DFP(4(0(9(7(8(3(7(2(4(8(1(0(6(8(6(1(1(6(4(#)))))))))))))))))))),DFP(8(0(4(7(1(0(0(0(8(8(1(4(2(8(1(7(0(6(4(#))))))))))))))))))))) 
210352     INFO  Test worker     d.u.i.k.n.KeyIO           Parsing took 11 ms 
210356     INFO  Test worker     d.u.i.k.n.KeyIO           MODE: declarations took 3 ms 
210362     INFO  Test worker     d.u.i.k.n.ExprTest        Term: seqConcat(seqEmpty,seqEmpty) 
]]></system-out>
  <system-err><![CDATA[]]></system-err>
</testsuite>
