<?xml version="1.0" encoding="UTF-8"?>
<testsuite name="de.uka.ilkd.key.logic.TestClashFreeSubst" tests="14" skipped="2" failures="0" errors="0" timestamp="2023-04-12T11:05:44" hostname="fv-az1125-426" time="51.024">
  <properties/>
  <testcase name="testMultiShareBound()" classname="de.uka.ilkd.key.logic.TestClashFreeSubst" time="0.94"/>
  <testcase name="testClash()" classname="de.uka.ilkd.key.logic.TestClashFreeSubst" time="0.962"/>
  <testcase name="testShare()" classname="de.uka.ilkd.key.logic.TestClashFreeSubst" time="0.931"/>
  <testcase name="testSubst()" classname="de.uka.ilkd.key.logic.TestClashFreeSubst" time="0.932"/>
  <testcase name="testWary0()" classname="de.uka.ilkd.key.logic.TestClashFreeSubst" time="0.905"/>
  <testcase name="testWary1()" classname="de.uka.ilkd.key.logic.TestClashFreeSubst" time="0.913"/>
  <testcase name="testWary2()" classname="de.uka.ilkd.key.logic.TestClashFreeSubst" time="0.931"/>
  <testcase name="testClashInSubstTerm()" classname="de.uka.ilkd.key.logic.TestClashFreeSubst" time="0.911"/>
  <testcase name="testShareWary()" classname="de.uka.ilkd.key.logic.TestClashFreeSubst" time="0.889"/>
  <testcase name="testMultiSubst()" classname="de.uka.ilkd.key.logic.TestClashFreeSubst" time="0.935"/>
  <testcase name="xtestMultiClash()" classname="de.uka.ilkd.key.logic.TestClashFreeSubst" time="0.0">
    <skipped/>
  </testcase>
  <testcase name="testSubstInSubstTerm()" classname="de.uka.ilkd.key.logic.TestClashFreeSubst" time="0.931"/>
  <testcase name="testSubstWary()" classname="de.uka.ilkd.key.logic.TestClashFreeSubst" time="0.9"/>
  <testcase name="xtestMultiClash1()" classname="de.uka.ilkd.key.logic.TestClashFreeSubst" time="0.0">
    <skipped/>
  </testcase>
  <system-out><![CDATA[39156      INFO  Test worker     d.u.i.k.n.KeyIO           Parsing took 0 ms 
39159      INFO  Test worker     d.u.i.k.n.KeyIO           MODE: declarations took 1 ms 
40087      INFO  Test worker     d.u.i.k.n.KeyIO           Parsing took 0 ms 
40090      INFO  Test worker     d.u.i.k.n.KeyIO           MODE: declarations took 1 ms 
43383      INFO  Test worker     d.u.i.k.n.KeyIO           Parsing took 0 ms 
43388      INFO  Test worker     d.u.i.k.n.KeyIO           MODE: declarations took 1 ms 
44335      INFO  Test worker     d.u.i.k.n.KeyIO           Parsing took 0 ms 
44337      INFO  Test worker     d.u.i.k.n.KeyIO           MODE: declarations took 0 ms 
47448      INFO  Test worker     d.u.i.k.n.KeyIO           Parsing took 0 ms 
47455      INFO  Test worker     d.u.i.k.n.KeyIO           MODE: declarations took 0 ms 
48369      INFO  Test worker     d.u.i.k.n.KeyIO           Parsing took 0 ms 
48373      INFO  Test worker     d.u.i.k.n.KeyIO           MODE: declarations took 0 ms 
51430      INFO  Test worker     d.u.i.k.n.KeyIO           Parsing took 0 ms 
51431      INFO  Test worker     d.u.i.k.n.KeyIO           MODE: declarations took 0 ms 
52354      INFO  Test worker     d.u.i.k.n.KeyIO           Parsing took 0 ms 
52356      INFO  Test worker     d.u.i.k.n.KeyIO           MODE: declarations took 0 ms 
55408      INFO  Test worker     d.u.i.k.n.KeyIO           Parsing took 0 ms 
55411      INFO  Test worker     d.u.i.k.n.KeyIO           MODE: declarations took 1 ms 
56305      INFO  Test worker     d.u.i.k.n.KeyIO           Parsing took 0 ms 
56307      INFO  Test worker     d.u.i.k.n.KeyIO           MODE: declarations took 0 ms 
59363      INFO  Test worker     d.u.i.k.n.KeyIO           Parsing took 0 ms 
59371      INFO  Test worker     d.u.i.k.n.KeyIO           MODE: declarations took 0 ms 
60267      INFO  Test worker     d.u.i.k.n.KeyIO           Parsing took 0 ms 
60269      INFO  Test worker     d.u.i.k.n.KeyIO           MODE: declarations took 0 ms 
63330      INFO  Test worker     d.u.i.k.n.KeyIO           Parsing took 0 ms 
63332      INFO  Test worker     d.u.i.k.n.KeyIO           MODE: declarations took 0 ms 
64248      INFO  Test worker     d.u.i.k.n.KeyIO           Parsing took 0 ms 
64249      INFO  Test worker     d.u.i.k.n.KeyIO           MODE: declarations took 0 ms 
67351      INFO  Test worker     d.u.i.k.n.KeyIO           Parsing took 0 ms 
67352      INFO  Test worker     d.u.i.k.n.KeyIO           MODE: declarations took 0 ms 
68256      INFO  Test worker     d.u.i.k.n.KeyIO           Parsing took 0 ms 
68257      INFO  Test worker     d.u.i.k.n.KeyIO           MODE: declarations took 0 ms 
71285      INFO  Test worker     d.u.i.k.n.KeyIO           Parsing took 0 ms 
71286      INFO  Test worker     d.u.i.k.n.KeyIO           MODE: declarations took 0 ms 
72169      INFO  Test worker     d.u.i.k.n.KeyIO           Parsing took 0 ms 
72169      INFO  Test worker     d.u.i.k.n.KeyIO           MODE: declarations took 0 ms 
75248      INFO  Test worker     d.u.i.k.n.KeyIO           Parsing took 1 ms 
75248      INFO  Test worker     d.u.i.k.n.KeyIO           MODE: declarations took 0 ms 
76173      INFO  Test worker     d.u.i.k.n.KeyIO           Parsing took 0 ms 
76175      INFO  Test worker     d.u.i.k.n.KeyIO           MODE: declarations took 0 ms 
82215      INFO  Test worker     d.u.i.k.n.KeyIO           Parsing took 0 ms 
82218      INFO  Test worker     d.u.i.k.n.KeyIO           MODE: declarations took 0 ms 
83139      INFO  Test worker     d.u.i.k.n.KeyIO           Parsing took 0 ms 
83141      INFO  Test worker     d.u.i.k.n.KeyIO           MODE: declarations took 0 ms 
86230      INFO  Test worker     d.u.i.k.n.KeyIO           Parsing took 0 ms 
86231      INFO  Test worker     d.u.i.k.n.KeyIO           MODE: declarations took 0 ms 
87105      INFO  Test worker     d.u.i.k.n.KeyIO           Parsing took 0 ms 
87114      INFO  Test worker     d.u.i.k.n.KeyIO           MODE: declarations took 1 ms 
]]></system-out>
  <system-err><![CDATA[]]></system-err>
</testsuite>
