<?xml version="1.0" encoding="UTF-8"?>
<testsuite name="de.uka.ilkd.key.parser.TestTermParserSorts" tests="2" skipped="0" failures="0" errors="0" timestamp="2023-04-12T11:12:26" hostname="fv-az1125-426" time="3.019">
  <properties/>
  <testcase name="testParseIntegerArgs()" classname="de.uka.ilkd.key.parser.TestTermParserSorts" time="0.016"/>
  <testcase name="testParseSequencePrettySyntax()" classname="de.uka.ilkd.key.parser.TestTermParserSorts" time="0.003"/>
  <system-out><![CDATA[441255     INFO  Test worker     d.u.i.k.n.KeyIO           Parsing took 0 ms 
441256     INFO  Test worker     d.u.i.k.n.KeyIO           MODE: declarations took 1 ms 
441256     INFO  Test worker     d.u.i.k.n.KeyIO           Parsing took 0 ms 
441256     INFO  Test worker     d.u.i.k.n.KeyIO           MODE: declarations took 0 ms 
441256     INFO  Test worker     d.u.i.k.n.KeyIO           Parsing took 0 ms 
441256     INFO  Test worker     d.u.i.k.n.KeyIO           MODE: declarations took 0 ms 
444272     INFO  Test worker     d.u.i.k.n.KeyIO           Parsing took 0 ms 
444272     INFO  Test worker     d.u.i.k.n.KeyIO           MODE: declarations took 0 ms 
444272     INFO  Test worker     d.u.i.k.n.KeyIO           Parsing took 0 ms 
444272     INFO  Test worker     d.u.i.k.n.KeyIO           MODE: declarations took 0 ms 
444273     INFO  Test worker     d.u.i.k.n.KeyIO           Parsing took 0 ms 
444273     INFO  Test worker     d.u.i.k.n.KeyIO           MODE: declarations took 0 ms 
]]></system-out>
  <system-err><![CDATA[]]></system-err>
</testsuite>
