<?xml version="1.0" encoding="UTF-8"?>
<testsuite name="de.uka.ilkd.key.proof.io.consistency.TestProofBundleIO" tests="3" skipped="0" failures="0" errors="0" timestamp="2023-04-12T11:12:42" hostname="fv-az1125-426" time="8.08">
  <properties/>
  <testcase name="testSimpleFileRepo()" classname="de.uka.ilkd.key.proof.io.consistency.TestProofBundleIO" time="0.106"/>
  <testcase name="testComplexBundleGeneration()" classname="de.uka.ilkd.key.proof.io.consistency.TestProofBundleIO" time="1.576"/>
  <testcase name="testSimpleBundleGeneration()" classname="de.uka.ilkd.key.proof.io.consistency.TestProofBundleIO" time="6.396"/>
  <system-out><![CDATA[]]></system-out>
  <system-err><![CDATA[]]></system-err>
</testsuite>
