<?xml version="1.0" encoding="UTF-8"?>
<testsuite name="de.uka.ilkd.key.java.TestContextStatementBlock" tests="1" skipped="0" failures="0" errors="0" timestamp="2023-04-12T11:05:28" hostname="fv-az1125-426" time="1.366">
  <properties/>
  <testcase name="testContextTermInstantiation()" classname="de.uka.ilkd.key.java.TestContextStatementBlock" time="1.366"/>
  <system-out><![CDATA[24817      INFO  Test worker     d.u.i.k.n.KeyIO           Parsing took 17 ms 
24824      INFO  Test worker     d.u.i.k.n.KeyIO           MODE: declarations took 1 ms 
]]></system-out>
  <system-err><![CDATA[]]></system-err>
</testsuite>
