<?xml version="1.0" encoding="UTF-8"?>
<testsuite name="de.uka.ilkd.key.nparser.ParseLDTsTests" tests="2" skipped="0" failures="0" errors="0" timestamp="2023-04-12T11:08:35" hostname="fv-az1125-426" time="1.057">
  <properties/>
  <testcase name="testLDT()" classname="de.uka.ilkd.key.nparser.ParseLDTsTests" time="0.022"/>
  <testcase name="testSR()" classname="de.uka.ilkd.key.nparser.ParseLDTsTests" time="1.033"/>
  <system-out><![CDATA[210379     INFO  Test worker     d.u.i.k.n.KeyIO           Parsing took 8 ms 
210381     INFO  Test worker     d.u.i.k.n.KeyIO           MODE: declarations took 2 ms 
210721     INFO  Test worker     d.u.i.k.n.KeyIO           Parsing took 323 ms 
210728     INFO  Test worker     d.u.i.k.n.KeyIO           MODE: declarations took 3 ms 
]]></system-out>
  <system-err><![CDATA[]]></system-err>
</testsuite>
