<?xml version="1.0" encoding="UTF-8"?>
<testsuite name="de.uka.ilkd.key.proof.runallproofs.RunAllProofsFunctional" tests="34" skipped="0" failures="0" errors="0" timestamp="2023-05-15T08:36:42" hostname="fv-az1236-832" time="5189.267">
  <properties/>
  <testcase name="newBook" classname="de.uka.ilkd.key.proof.runallproofs.RunAllProofsFunctional" time="61.942"/>
  <testcase name="oldBook" classname="de.uka.ilkd.key.proof.runallproofs.RunAllProofsFunctional" time="16.978"/>
  <testcase name="comprehensions" classname="de.uka.ilkd.key.proof.runallproofs.RunAllProofsFunctional" time="64.558"/>
  <testcase name="performance" classname="de.uka.ilkd.key.proof.runallproofs.RunAllProofsFunctional" time="208.911"/>
  <testcase name="performancePOConstruction" classname="de.uka.ilkd.key.proof.runallproofs.RunAllProofsFunctional" time="70.11"/>
  <testcase name="applicationRestrictions" classname="de.uka.ilkd.key.proof.runallproofs.RunAllProofsFunctional" time="46.606"/>
  <testcase name="blockContracts" classname="de.uka.ilkd.key.proof.runallproofs.RunAllProofsFunctional" time="131.919"/>
  <testcase name="jmlAsserts" classname="de.uka.ilkd.key.proof.runallproofs.RunAllProofsFunctional" time="87.089"/>
  <testcase name="javaCard" classname="de.uka.ilkd.key.proof.runallproofs.RunAllProofsFunctional" time="130.83"/>
  <testcase name="list" classname="de.uka.ilkd.key.proof.runallproofs.RunAllProofsFunctional" time="257.864"/>
  <testcase name="list_ghost" classname="de.uka.ilkd.key.proof.runallproofs.RunAllProofsFunctional" time="64.267"/>
  <testcase name="list_recursive" classname="de.uka.ilkd.key.proof.runallproofs.RunAllProofsFunctional" time="21.933"/>
  <testcase name="list_seq" classname="de.uka.ilkd.key.proof.runallproofs.RunAllProofsFunctional" time="177.218"/>
  <testcase name="observer" classname="de.uka.ilkd.key.proof.runallproofs.RunAllProofsFunctional" time="92.332"/>
  <testcase name="removeDups" classname="de.uka.ilkd.key.proof.runallproofs.RunAllProofsFunctional" time="152.65"/>
  <testcase name="quicksort" classname="de.uka.ilkd.key.proof.runallproofs.RunAllProofsFunctional" time="107.632"/>
  <testcase name="simpleTests" classname="de.uka.ilkd.key.proof.runallproofs.RunAllProofsFunctional" time="152.967"/>
  <testcase name="SmansEtAl" classname="de.uka.ilkd.key.proof.runallproofs.RunAllProofsFunctional" time="200.774"/>
  <testcase name="VACID0" classname="de.uka.ilkd.key.proof.runallproofs.RunAllProofsFunctional" time="75.374"/>
  <testcase name="VSTTE10" classname="de.uka.ilkd.key.proof.runallproofs.RunAllProofsFunctional" time="176.24"/>
  <testcase name="WeideEtAl" classname="de.uka.ilkd.key.proof.runallproofs.RunAllProofsFunctional" time="28.755"/>
  <testcase name="arithmetic" classname="de.uka.ilkd.key.proof.runallproofs.RunAllProofsFunctional" time="474.821"/>
  <testcase name="arrays" classname="de.uka.ilkd.key.proof.runallproofs.RunAllProofsFunctional" time="55.85"/>
  <testcase name="javadl" classname="de.uka.ilkd.key.proof.runallproofs.RunAllProofsFunctional" time="607.741"/>
  <testcase name="FOL" classname="de.uka.ilkd.key.proof.runallproofs.RunAllProofsFunctional" time="263.06"/>
  <testcase name="strings" classname="de.uka.ilkd.key.proof.runallproofs.RunAllProofsFunctional" time="141.703"/>
  <testcase name="simple_info_flow" classname="de.uka.ilkd.key.proof.runallproofs.RunAllProofsFunctional" time="13.04"/>
  <testcase name="modelMethods" classname="de.uka.ilkd.key.proof.runallproofs.RunAllProofsFunctional" time="168.311"/>
  <testcase name="permissionHeap" classname="de.uka.ilkd.key.proof.runallproofs.RunAllProofsFunctional" time="844.369"/>
  <testcase name="completionScopes" classname="de.uka.ilkd.key.proof.runallproofs.RunAllProofsFunctional" time="50.111"/>
  <testcase name="reload_examples" classname="de.uka.ilkd.key.proof.runallproofs.RunAllProofsFunctional" time="41.807"/>
  <testcase name="proofLoadRepair" classname="de.uka.ilkd.key.proof.runallproofs.RunAllProofsFunctional" time="18.372"/>
  <testcase name="switch" classname="de.uka.ilkd.key.proof.runallproofs.RunAllProofsFunctional" time="58.024"/>
  <testcase name="redux" classname="de.uka.ilkd.key.proof.runallproofs.RunAllProofsFunctional" time="125.101"/>
  <system-out><![CDATA[723        INFO  Test worker     d.u.i.k.p.r.RunAllProofsTestUnit Running test newBook 
360        INFO  Timeout watchdog d.u.i.k.p.r.p.ForkedTestFileRunner Timeout watcher launched (2000 secs.) 
378        WARN  main            d.u.i.k.s.ProofSettings   No proof-settings could be loaded, using defaults java.io.FileNotFoundException: /home/runner/.key/proof-settings.props (No such file or directory)
	at java.base/java.io.FileInputStream.open0(Native Method)

431        INFO  main            d.u.i.k.p.r.p.TestFile    Now processing file /home/runner/work/key/key/key.core/../key.ui/examples/newBook/09.list_modelfield/ArrayList.add.key 
563        INFO  main            d.u.i.k.p.i.AbstractProblemLoader Loading environment from /home/runner/work/key/key/key.core/../key.ui/examples/newBook/09.list_modelfield/ArrayList.add.key 
579        DEBUG main            d.u.i.k.p.i.AbstractProblemLoader Environment load took 2.36ms 
797        INFO  main            d.u.i.k.p.i.AbstractProblemLoader Creating init config 
1650       DEBUG main            d.u.i.k.j.TypeConverter   No LDT found for Meta 
1650       DEBUG main            d.u.i.k.j.TypeConverter   No LDT found for Meta 
1655       DEBUG main            d.u.i.k.j.TypeConverter   No LDT found for Meta 
1655       DEBUG main            d.u.i.k.j.TypeConverter   No LDT found for Meta 
2867       DEBUG main            d.u.i.k.j.TypeConverter   No LDT found for JavaBigintExpression 
8017       DEBUG main            d.u.i.k.p.i.AbstractProblemLoader Init config took 7.22s 
8180       INFO  main            d.u.i.k.p.i.AbstractProblemLoader Replaying proof ArrayList[List::add(int)].JML normal_behavior operation contract.0 
8215       DEBUG main            d.u.i.k.p.i.IntermediateProofReplayer Proof replay took 31.1ns 
25583      INFO  main            d.u.i.k.p.r.p.TestFile    ... finished proof: closed. 
25806      INFO  main            d.u.i.k.p.i.AbstractProblemLoader Loading environment from /home/runner/work/key/key/key.core/../key.ui/examples/newBook/09.list_modelfield/ArrayList.add.key.proof 
25807      DEBUG main            d.u.i.k.p.i.AbstractProblemLoader Environment load took 655.8ns 
25817      INFO  main            d.u.i.k.p.i.AbstractProblemLoader Creating init config 
28843      DEBUG main            d.u.i.k.p.i.AbstractProblemLoader Init config took 3.03s 
28906      INFO  main            d.u.i.k.p.i.AbstractProblemLoader Replaying proof ArrayList[List::add(int)].JML normal_behavior operation contract.0 
30210      DEBUG main            d.u.i.k.p.i.IntermediateProofReplayer Proof replay took 1.23s 
30221      DEBUG main            d.u.i.k.p.r.p.TestFile    ... success: reloaded. 
30223      INFO  main            d.u.i.k.p.r.p.TestFile    Now processing file /home/runner/work/key/key/key.core/../key.ui/examples/newBook/09.list_modelfield/ArrayList.remFirst.key 
30224      INFO  main            d.u.i.k.p.i.AbstractProblemLoader Loading environment from /home/runner/work/key/key/key.core/../key.ui/examples/newBook/09.list_modelfield/ArrayList.remFirst.key 
30224      DEBUG main            d.u.i.k.p.i.AbstractProblemLoader Environment load took 90.3ns 
30227      INFO  main            d.u.i.k.p.i.AbstractProblemLoader Creating init config 
33317      DEBUG main            d.u.i.k.p.i.AbstractProblemLoader Init config took 3.09s 
33374      INFO  main            d.u.i.k.p.i.AbstractProblemLoader Replaying proof ArrayList[List::remFirst()].JML normal_behavior operation contract.0 
33377      DEBUG main            d.u.i.k.p.i.IntermediateProofReplayer Proof replay took 14.8ns 
37701      INFO  main            d.u.i.k.p.r.p.TestFile    ... finished proof: closed. 
37869      INFO  main            d.u.i.k.p.i.AbstractProblemLoader Loading environment from /home/runner/work/key/key/key.core/../key.ui/examples/newBook/09.list_modelfield/ArrayList.remFirst.key.proof 
37869      DEBUG main            d.u.i.k.p.i.AbstractProblemLoader Environment load took 675.9ns 
37872      INFO  main            d.u.i.k.p.i.AbstractProblemLoader Creating init config 
40737      DEBUG main            d.u.i.k.p.i.AbstractProblemLoader Init config took 2.87s 
40786      INFO  main            d.u.i.k.p.i.AbstractProblemLoader Replaying proof ArrayList[List::remFirst()].JML normal_behavior operation contract.0 
41363      DEBUG main            d.u.i.k.p.i.IntermediateProofReplayer Proof replay took 557.58ms 
41365      DEBUG main            d.u.i.k.p.r.p.TestFile    ... success: reloaded. 
41366      INFO  main            d.u.i.k.p.r.p.TestFile    Now processing file /home/runner/work/key/key/key.core/../key.ui/examples/newBook/09.list_modelfield/ArrayList.empty.key 
41366      INFO  main            d.u.i.k.p.i.AbstractProblemLoader Loading environment from /home/runner/work/key/key/key.core/../key.ui/examples/newBook/09.list_modelfield/ArrayList.empty.key 
41366      DEBUG main            d.u.i.k.p.i.AbstractProblemLoader Environment load took 59.2ns 
41367      INFO  main            d.u.i.k.p.i.AbstractProblemLoader Creating init config 
44222      DEBUG main            d.u.i.k.p.i.AbstractProblemLoader Init config took 2.86s 
44269      INFO  main            d.u.i.k.p.i.AbstractProblemLoader Replaying proof ArrayList[List::empty()].JML normal_behavior operation contract.0 
44272      DEBUG main            d.u.i.k.p.i.IntermediateProofReplayer Proof replay took 4.9ns 
45182      INFO  main            d.u.i.k.p.r.p.TestFile    ... finished proof: closed. 
45338      INFO  main            d.u.i.k.p.i.AbstractProblemLoader Loading environment from /home/runner/work/key/key/key.core/../key.ui/examples/newBook/09.list_modelfield/ArrayList.empty.key.proof 
45341      DEBUG main            d.u.i.k.p.i.AbstractProblemLoader Environment load took 3.69ms 
45343      INFO  main            d.u.i.k.p.i.AbstractProblemLoader Creating init config 
48140      DEBUG main            d.u.i.k.p.i.AbstractProblemLoader Init config took 2.8s 
48186      INFO  main            d.u.i.k.p.i.AbstractProblemLoader Replaying proof ArrayList[List::empty()].JML normal_behavior operation contract.0 
48330      DEBUG main            d.u.i.k.p.i.IntermediateProofReplayer Proof replay took 134.41ms 
48332      DEBUG main            d.u.i.k.p.r.p.TestFile    ... success: reloaded. 
48334      INFO  main            d.u.i.k.p.r.p.TestFile    Now processing file /home/runner/work/key/key/key.core/../key.ui/examples/newBook/09.list_modelfield/ArrayList.size.key 
48335      INFO  main            d.u.i.k.p.i.AbstractProblemLoader Loading environment from /home/runner/work/key/key/key.core/../key.ui/examples/newBook/09.list_modelfield/ArrayList.size.key 
48335      DEBUG main            d.u.i.k.p.i.AbstractProblemLoader Environment load took 503.5ns 
48336      INFO  main            d.u.i.k.p.i.AbstractProblemLoader Creating init config 
51322      DEBUG main            d.u.i.k.p.i.AbstractProblemLoader Init config took 2.99s 
51380      INFO  main            d.u.i.k.p.i.AbstractProblemLoader Replaying proof ArrayList[List::size()].JML normal_behavior operation contract.0 
51383      DEBUG main            d.u.i.k.p.i.IntermediateProofReplayer Proof replay took 5.7ns 
51786      INFO  main            d.u.i.k.p.r.p.TestFile    ... finished proof: closed. 
51927      INFO  main            d.u.i.k.p.i.AbstractProblemLoader Loading environment from /home/runner/work/key/key/key.core/../key.ui/examples/newBook/09.list_modelfield/ArrayList.size.key.proof 
51927      DEBUG main            d.u.i.k.p.i.AbstractProblemLoader Environment load took 113.1ns 
51933      INFO  main            d.u.i.k.p.i.AbstractProblemLoader Creating init config 
54722      DEBUG main            d.u.i.k.p.i.AbstractProblemLoader Init config took 2.79s 
54765      INFO  main            d.u.i.k.p.i.AbstractProblemLoader Replaying proof ArrayList[List::size()].JML normal_behavior operation contract.0 
54819      DEBUG main            d.u.i.k.p.i.IntermediateProofReplayer Proof replay took 51.18ms 
54820      DEBUG main            d.u.i.k.p.r.p.TestFile    ... success: reloaded. 
54821      INFO  main            d.u.i.k.p.r.p.TestFile    Now processing file /home/runner/work/key/key/key.core/../key.ui/examples/newBook/09.list_modelfield/ArrayList.get.key 
54822      INFO  main            d.u.i.k.p.i.AbstractProblemLoader Loading environment from /home/runner/work/key/key/key.core/../key.ui/examples/newBook/09.list_modelfield/ArrayList.get.key 
54822      DEBUG main            d.u.i.k.p.i.AbstractProblemLoader Environment load took 113.3ns 
54822      INFO  main            d.u.i.k.p.i.AbstractProblemLoader Creating init config 
57652      DEBUG main            d.u.i.k.p.i.AbstractProblemLoader Init config took 2.83s 
57695      INFO  main            d.u.i.k.p.i.AbstractProblemLoader Replaying proof ArrayList[List::get(int)].JML normal_behavior operation contract.0 
57697      DEBUG main            d.u.i.k.p.i.IntermediateProofReplayer Proof replay took 6ns 
58621      INFO  main            d.u.i.k.p.r.p.TestFile    ... finished proof: closed. 
58781      INFO  main            d.u.i.k.p.i.AbstractProblemLoader Loading environment from /home/runner/work/key/key/key.core/../key.ui/examples/newBook/09.list_modelfield/ArrayList.get.key.proof 
58782      DEBUG main            d.u.i.k.p.i.AbstractProblemLoader Environment load took 945.98ns 
58784      INFO  main            d.u.i.k.p.i.AbstractProblemLoader Creating init config 
61526      DEBUG main            d.u.i.k.p.i.AbstractProblemLoader Init config took 2.74s 
61567      INFO  main            d.u.i.k.p.i.AbstractProblemLoader Replaying proof ArrayList[List::get(int)].JML normal_behavior operation contract.0 
61670      DEBUG main            d.u.i.k.p.i.IntermediateProofReplayer Proof replay took 97.28ms 
61671      DEBUG main            d.u.i.k.p.r.p.TestFile    ... success: reloaded. 
62656      INFO  Test worker     d.u.i.k.p.r.RunAllProofsTestUnit Returning from test newBook 
62686      INFO  Test worker     d.u.i.k.p.r.RunAllProofsTestUnit Running test oldBook 
337        INFO  Timeout watchdog d.u.i.k.p.r.p.ForkedTestFileRunner Timeout watcher launched (2000 secs.) 
352        WARN  main            d.u.i.k.s.ProofSettings   The settings in /home/runner/.key/proof-settings.props are *not* read. 
379        INFO  main            d.u.i.k.p.r.p.TestFile    Now processing file /home/runner/work/key/key/key.core/../key.ui/examples/standard_key/BookExamples/02FirstOrderLogic/Ex2.58.key 
503        INFO  main            d.u.i.k.p.i.AbstractProblemLoader Loading environment from /home/runner/work/key/key/key.core/../key.ui/examples/standard_key/BookExamples/02FirstOrderLogic/Ex2.58.key 
519        DEBUG main            d.u.i.k.p.i.AbstractProblemLoader Environment load took 2.25ms 
737        INFO  main            d.u.i.k.p.i.AbstractProblemLoader Creating init config 
1543       DEBUG main            d.u.i.k.j.TypeConverter   No LDT found for Meta 
1547       DEBUG main            d.u.i.k.j.TypeConverter   No LDT found for Meta 
1548       DEBUG main            d.u.i.k.j.TypeConverter   No LDT found for Meta 
1548       DEBUG main            d.u.i.k.j.TypeConverter   No LDT found for Meta 
2773       DEBUG main            d.u.i.k.j.TypeConverter   No LDT found for JavaBigintExpression 
7666       DEBUG main            d.u.i.k.p.i.AbstractProblemLoader Init config took 6.93s 
7746       INFO  main            d.u.i.k.p.i.AbstractProblemLoader Replaying proof Ex2.58.key 
7779       DEBUG main            d.u.i.k.p.i.IntermediateProofReplayer Proof replay took 35.6ns 
7930       INFO  main            d.u.i.k.p.r.p.TestFile    ... finished proof: closed. 
8015       INFO  main            d.u.i.k.p.i.AbstractProblemLoader Loading environment from /home/runner/work/key/key/key.core/../key.ui/examples/standard_key/BookExamples/02FirstOrderLogic/Ex2.58.key.proof 
8015       DEBUG main            d.u.i.k.p.i.AbstractProblemLoader Environment load took 128ns 
8020       INFO  main            d.u.i.k.p.i.AbstractProblemLoader Creating init config 
10827      DEBUG main            d.u.i.k.p.i.AbstractProblemLoader Init config took 2.81s 
10856      INFO  main            d.u.i.k.p.i.AbstractProblemLoader Replaying proof Ex2.58.key.proof 
10866      DEBUG main            d.u.i.k.p.i.IntermediateProofReplayer Proof replay took 5.7ms 
10883      DEBUG main            d.u.i.k.p.r.p.TestFile    ... success: reloaded. 
10890      INFO  main            d.u.i.k.p.r.p.TestFile    Now processing file /home/runner/work/key/key/key.core/../key.ui/examples/standard_key/BookExamples/03DynamicLogic/Sect3.3.1.key 
10893      INFO  main            d.u.i.k.p.i.AbstractProblemLoader Loading environment from /home/runner/work/key/key/key.core/../key.ui/examples/standard_key/BookExamples/03DynamicLogic/Sect3.3.1.key 
10893      DEBUG main            d.u.i.k.p.i.AbstractProblemLoader Environment load took 486.3ns 
10896      INFO  main            d.u.i.k.p.i.AbstractProblemLoader Creating init config 
13527      DEBUG main            d.u.i.k.p.i.AbstractProblemLoader Init config took 2.63s 
13560      INFO  main            d.u.i.k.p.i.AbstractProblemLoader Replaying proof Sect3.3.1.key 
13563      DEBUG main            d.u.i.k.p.i.IntermediateProofReplayer Proof replay took 6.4ns 
13968      INFO  main            d.u.i.k.p.r.p.TestFile    ... finished proof: closed. 
14099      INFO  main            d.u.i.k.p.i.AbstractProblemLoader Loading environment from /home/runner/work/key/key/key.core/../key.ui/examples/standard_key/BookExamples/03DynamicLogic/Sect3.3.1.key.proof 
14099      DEBUG main            d.u.i.k.p.i.AbstractProblemLoader Environment load took 116.1ns 
14105      INFO  main            d.u.i.k.p.i.AbstractProblemLoader Creating init config 
16617      DEBUG main            d.u.i.k.p.i.AbstractProblemLoader Init config took 2.51s 
16643      INFO  main            d.u.i.k.p.i.AbstractProblemLoader Replaying proof Sect3.3.1.key.proof 
16734      DEBUG main            d.u.i.k.p.i.IntermediateProofReplayer Proof replay took 86.72ms 
16746      DEBUG main            d.u.i.k.p.r.p.TestFile    ... success: reloaded. 
79640      INFO  Test worker     d.u.i.k.p.r.RunAllProofsTestUnit Returning from test oldBook 
79642      INFO  Test worker     d.u.i.k.p.r.RunAllProofsTestUnit Running test comprehensions 
351        INFO  Timeout watchdog d.u.i.k.p.r.p.ForkedTestFileRunner Timeout watcher launched (2000 secs.) 
356        WARN  main            d.u.i.k.s.ProofSettings   The settings in /home/runner/.key/proof-settings.props are *not* read. 
388        INFO  main            d.u.i.k.p.r.p.TestFile    Now processing file /home/runner/work/key/key/key.core/../key.ui/examples/heap/comprehensions/general_sum.key 
487        INFO  main            d.u.i.k.p.i.AbstractProblemLoader Loading environment from /home/runner/work/key/key/key.core/../key.ui/examples/heap/comprehensions/general_sum.key 
504        DEBUG main            d.u.i.k.p.i.AbstractProblemLoader Environment load took 3.32ms 
744        INFO  main            d.u.i.k.p.i.AbstractProblemLoader Creating init config 
1659       DEBUG main            d.u.i.k.j.TypeConverter   No LDT found for Meta 
1660       DEBUG main            d.u.i.k.j.TypeConverter   No LDT found for Meta 
1663       DEBUG main            d.u.i.k.j.TypeConverter   No LDT found for Meta 
1665       DEBUG main            d.u.i.k.j.TypeConverter   No LDT found for Meta 
2847       DEBUG main            d.u.i.k.j.TypeConverter   No LDT found for JavaBigintExpression 
7955       DEBUG main            d.u.i.k.p.i.AbstractProblemLoader Init config took 7.21s 
8075       INFO  main            d.u.i.k.p.i.AbstractProblemLoader Replaying proof GSum[GSum::doNothing()].JML operation contract.0 
8104       DEBUG main            d.u.i.k.p.i.IntermediateProofReplayer Proof replay took 31.4ns 
8544       INFO  main            d.u.i.k.p.r.p.TestFile    ... finished proof: closed. 
8643       INFO  main            d.u.i.k.p.i.AbstractProblemLoader Loading environment from /home/runner/work/key/key/key.core/../key.ui/examples/heap/comprehensions/general_sum.key.proof 
8644       DEBUG main            d.u.i.k.p.i.AbstractProblemLoader Environment load took 126.8ns 
8646       INFO  main            d.u.i.k.p.i.AbstractProblemLoader Creating init config 
11436      DEBUG main            d.u.i.k.p.i.AbstractProblemLoader Init config took 2.79s 
11507      INFO  main            d.u.i.k.p.i.AbstractProblemLoader Replaying proof GSum[GSum::doNothing()].JML operation contract.0 
11523      DEBUG main            d.u.i.k.p.i.IntermediateProofReplayer Proof replay took 11.05ms 
11529      DEBUG main            d.u.i.k.p.r.p.TestFile    ... success: reloaded. 
11531      INFO  main            d.u.i.k.p.r.p.TestFile    Now processing file /home/runner/work/key/key/key.core/../key.ui/examples/heap/comprehensions/sum0.key 
11536      INFO  main            d.u.i.k.p.i.AbstractProblemLoader Loading environment from /home/runner/work/key/key/key.core/../key.ui/examples/heap/comprehensions/sum0.key 
11537      DEBUG main            d.u.i.k.p.i.AbstractProblemLoader Environment load took 376.4ns 
11538      INFO  main            d.u.i.k.p.i.AbstractProblemLoader Creating init config 
14186      DEBUG main            d.u.i.k.p.i.AbstractProblemLoader Init config took 2.65s 
14245      INFO  main            d.u.i.k.p.i.AbstractProblemLoader Replaying proof Sum[Sum::sum0([I)].JML normal_behavior operation contract.0 
14247      DEBUG main            d.u.i.k.p.i.IntermediateProofReplayer Proof replay took 6.4ns 
14341      DEBUG Thread-4        d.u.i.k.l.l.OriginTermLabel commonFileName is null! 
14341      DEBUG Thread-4        d.u.i.k.l.l.OriginTermLabel commonFileName is null! 
14577      DEBUG Thread-4        d.u.i.k.l.l.OriginTermLabel commonFileName is null! 
14578      DEBUG Thread-4        d.u.i.k.l.l.OriginTermLabel commonFileName is null! 
14758      DEBUG Thread-4        d.u.i.k.l.l.OriginTermLabel commonFileName is null! 
14959      INFO  main            d.u.i.k.p.r.p.TestFile    ... finished proof: closed. 
15103      INFO  main            d.u.i.k.p.i.AbstractProblemLoader Loading environment from /home/runner/work/key/key/key.core/../key.ui/examples/heap/comprehensions/sum0.key.proof 
15104      DEBUG main            d.u.i.k.p.i.AbstractProblemLoader Environment load took 607ns 
15106      INFO  main            d.u.i.k.p.i.AbstractProblemLoader Creating init config 
17727      DEBUG main            d.u.i.k.p.i.AbstractProblemLoader Init config took 2.62s 
17776      INFO  main            d.u.i.k.p.i.AbstractProblemLoader Replaying proof Sum[Sum::sum0([I)].JML normal_behavior operation contract.0 
17807      DEBUG main            d.u.i.k.l.l.OriginTermLabel commonFileName is null! 
17808      DEBUG main            d.u.i.k.l.l.OriginTermLabel commonFileName is null! 
17860      DEBUG main            d.u.i.k.l.l.OriginTermLabel commonFileName is null! 
17893      DEBUG main            d.u.i.k.l.l.OriginTermLabel commonFileName is null! 
17893      DEBUG main            d.u.i.k.l.l.OriginTermLabel commonFileName is null! 
17896      DEBUG main            d.u.i.k.p.i.IntermediateProofReplayer Proof replay took 113.86ms 
17897      DEBUG main            d.u.i.k.p.r.p.TestFile    ... success: reloaded. 
17898      INFO  main            d.u.i.k.p.r.p.TestFile    Now processing file /home/runner/work/key/key/key.core/../key.ui/examples/heap/comprehensions/sum1.key 
17898      INFO  main            d.u.i.k.p.i.AbstractProblemLoader Loading environment from /home/runner/work/key/key/key.core/../key.ui/examples/heap/comprehensions/sum1.key 
17898      DEBUG main            d.u.i.k.p.i.AbstractProblemLoader Environment load took 71.9ns 
17899      INFO  main            d.u.i.k.p.i.AbstractProblemLoader Creating init config 
20489      DEBUG main            d.u.i.k.p.i.AbstractProblemLoader Init config took 2.59s 
20552      INFO  main            d.u.i.k.p.i.AbstractProblemLoader Replaying proof Sum[Sum::sum1([I)].JML normal_behavior operation contract.0 
20559      DEBUG main            d.u.i.k.p.i.IntermediateProofReplayer Proof replay took 6.4ns 
20617      DEBUG Thread-7        d.u.i.k.l.l.OriginTermLabel commonFileName is null! 
20617      DEBUG Thread-7        d.u.i.k.l.l.OriginTermLabel commonFileName is null! 
20796      DEBUG Thread-7        d.u.i.k.l.l.OriginTermLabel commonFileName is null! 
20797      DEBUG Thread-7        d.u.i.k.l.l.OriginTermLabel commonFileName is null! 
20934      DEBUG Thread-7        d.u.i.k.l.l.OriginTermLabel commonFileName is null! 
21163      INFO  main            d.u.i.k.p.r.p.TestFile    ... finished proof: closed. 
21298      INFO  main            d.u.i.k.p.i.AbstractProblemLoader Loading environment from /home/runner/work/key/key/key.core/../key.ui/examples/heap/comprehensions/sum1.key.proof 
21299      DEBUG main            d.u.i.k.p.i.AbstractProblemLoader Environment load took 652.2ns 
21301      INFO  main            d.u.i.k.p.i.AbstractProblemLoader Creating init config 
23865      DEBUG main            d.u.i.k.p.i.AbstractProblemLoader Init config took 2.56s 
23924      INFO  main            d.u.i.k.p.i.AbstractProblemLoader Replaying proof Sum[Sum::sum1([I)].JML normal_behavior operation contract.0 
23964      DEBUG main            d.u.i.k.l.l.OriginTermLabel commonFileName is null! 
23964      DEBUG main            d.u.i.k.l.l.OriginTermLabel commonFileName is null! 
24026      DEBUG main            d.u.i.k.l.l.OriginTermLabel commonFileName is null! 
24067      DEBUG main            d.u.i.k.l.l.OriginTermLabel commonFileName is null! 
24068      DEBUG main            d.u.i.k.l.l.OriginTermLabel commonFileName is null! 
24074      DEBUG main            d.u.i.k.p.i.IntermediateProofReplayer Proof replay took 141.13ms 
24075      DEBUG main            d.u.i.k.p.r.p.TestFile    ... success: reloaded. 
24077      INFO  main            d.u.i.k.p.r.p.TestFile    Now processing file /home/runner/work/key/key/key.core/../key.ui/examples/heap/comprehensions/sum2.key 
24078      INFO  main            d.u.i.k.p.i.AbstractProblemLoader Loading environment from /home/runner/work/key/key/key.core/../key.ui/examples/heap/comprehensions/sum2.key 
24078      DEBUG main            d.u.i.k.p.i.AbstractProblemLoader Environment load took 355.1ns 
24080      INFO  main            d.u.i.k.p.i.AbstractProblemLoader Creating init config 
26666      DEBUG main            d.u.i.k.p.i.AbstractProblemLoader Init config took 2.59s 
26709      INFO  main            d.u.i.k.p.i.AbstractProblemLoader Replaying proof Sum[Sum::sum2([I)].JML normal_behavior operation contract.0 
26711      DEBUG main            d.u.i.k.p.i.IntermediateProofReplayer Proof replay took 5.6ns 
26755      DEBUG Thread-10       d.u.i.k.l.l.OriginTermLabel commonFileName is null! 
26755      DEBUG Thread-10       d.u.i.k.l.l.OriginTermLabel commonFileName is null! 
26860      DEBUG Thread-10       d.u.i.k.l.l.OriginTermLabel commonFileName is null! 
26861      DEBUG Thread-10       d.u.i.k.l.l.OriginTermLabel commonFileName is null! 
26936      DEBUG Thread-10       d.u.i.k.l.l.OriginTermLabel commonFileName is null! 
27114      INFO  main            d.u.i.k.p.r.p.TestFile    ... finished proof: closed. 
27306      INFO  main            d.u.i.k.p.i.AbstractProblemLoader Loading environment from /home/runner/work/key/key/key.core/../key.ui/examples/heap/comprehensions/sum2.key.proof 
27306      DEBUG main            d.u.i.k.p.i.AbstractProblemLoader Environment load took 132.6ns 
27307      INFO  main            d.u.i.k.p.i.AbstractProblemLoader Creating init config 
29836      DEBUG main            d.u.i.k.p.i.AbstractProblemLoader Init config took 2.53s 
29878      INFO  main            d.u.i.k.p.i.AbstractProblemLoader Replaying proof Sum[Sum::sum2([I)].JML normal_behavior operation contract.0 
29904      DEBUG main            d.u.i.k.l.l.OriginTermLabel commonFileName is null! 
29911      DEBUG main            d.u.i.k.l.l.OriginTermLabel commonFileName is null! 
29945      DEBUG main            d.u.i.k.l.l.OriginTermLabel commonFileName is null! 
29971      DEBUG main            d.u.i.k.l.l.OriginTermLabel commonFileName is null! 
29971      DEBUG main            d.u.i.k.l.l.OriginTermLabel commonFileName is null! 
29974      DEBUG main            d.u.i.k.p.i.IntermediateProofReplayer Proof replay took 91.7ms 
29975      DEBUG main            d.u.i.k.p.r.p.TestFile    ... success: reloaded. 
29976      INFO  main            d.u.i.k.p.r.p.TestFile    Now processing file /home/runner/work/key/key/key.core/../key.ui/examples/heap/comprehensions/sum3.key 
29977      INFO  main            d.u.i.k.p.i.AbstractProblemLoader Loading environment from /home/runner/work/key/key/key.core/../key.ui/examples/heap/comprehensions/sum3.key 
29977      DEBUG main            d.u.i.k.p.i.AbstractProblemLoader Environment load took 316.1ns 
29978      INFO  main            d.u.i.k.p.i.AbstractProblemLoader Creating init config 
32545      DEBUG main            d.u.i.k.p.i.AbstractProblemLoader Init config took 2.57s 
32589      INFO  main            d.u.i.k.p.i.AbstractProblemLoader Replaying proof Sum[Sum::sum3([I)].JML normal_behavior operation contract.0 
32590      DEBUG main            d.u.i.k.p.i.IntermediateProofReplayer Proof replay took 5.8ns 
32669      DEBUG Thread-13       d.u.i.k.l.l.OriginTermLabel commonFileName is null! 
32669      DEBUG Thread-13       d.u.i.k.l.l.OriginTermLabel commonFileName is null! 
32778      DEBUG Thread-13       d.u.i.k.l.l.OriginTermLabel commonFileName is null! 
32778      DEBUG Thread-13       d.u.i.k.l.l.OriginTermLabel commonFileName is null! 
32851      DEBUG Thread-13       d.u.i.k.l.l.OriginTermLabel commonFileName is null! 
32993      INFO  main            d.u.i.k.p.r.p.TestFile    ... finished proof: closed. 
33136      INFO  main            d.u.i.k.p.i.AbstractProblemLoader Loading environment from /home/runner/work/key/key/key.core/../key.ui/examples/heap/comprehensions/sum3.key.proof 
33137      DEBUG main            d.u.i.k.p.i.AbstractProblemLoader Environment load took 1.16ms 
33141      INFO  main            d.u.i.k.p.i.AbstractProblemLoader Creating init config 
35661      DEBUG main            d.u.i.k.p.i.AbstractProblemLoader Init config took 2.52s 
35703      INFO  main            d.u.i.k.p.i.AbstractProblemLoader Replaying proof Sum[Sum::sum3([I)].JML normal_behavior operation contract.0 
35732      DEBUG main            d.u.i.k.l.l.OriginTermLabel commonFileName is null! 
35733      DEBUG main            d.u.i.k.l.l.OriginTermLabel commonFileName is null! 
35774      DEBUG main            d.u.i.k.l.l.OriginTermLabel commonFileName is null! 
35800      DEBUG main            d.u.i.k.l.l.OriginTermLabel commonFileName is null! 
35802      DEBUG main            d.u.i.k.l.l.OriginTermLabel commonFileName is null! 
35806      DEBUG main            d.u.i.k.p.i.IntermediateProofReplayer Proof replay took 98.9ms 
35807      DEBUG main            d.u.i.k.p.r.p.TestFile    ... success: reloaded. 
35811      INFO  main            d.u.i.k.p.r.p.TestFile    Now processing file /home/runner/work/key/key/key.core/../key.ui/examples/heap/comprehensions/segsum.key 
35813      INFO  main            d.u.i.k.p.i.AbstractProblemLoader Loading environment from /home/runner/work/key/key/key.core/../key.ui/examples/heap/comprehensions/segsum.key 
35815      DEBUG main            d.u.i.k.p.i.AbstractProblemLoader Environment load took 2.27ms 
35817      INFO  main            d.u.i.k.p.i.AbstractProblemLoader Creating init config 
38342      DEBUG main            d.u.i.k.p.i.AbstractProblemLoader Init config took 2.52s 
38385      INFO  main            d.u.i.k.p.i.AbstractProblemLoader Replaying proof SegSum[SegSum::segSum([I,int,int)].JML normal_behavior operation contract.0 
38390      DEBUG main            d.u.i.k.p.i.IntermediateProofReplayer Proof replay took 6.8ns 
38796      INFO  main            d.u.i.k.p.r.p.TestFile    ... finished proof: closed. 
38963      INFO  main            d.u.i.k.p.i.AbstractProblemLoader Loading environment from /home/runner/work/key/key/key.core/../key.ui/examples/heap/comprehensions/segsum.key.proof 
38963      DEBUG main            d.u.i.k.p.i.AbstractProblemLoader Environment load took 651.4ns 
38965      INFO  main            d.u.i.k.p.i.AbstractProblemLoader Creating init config 
41428      DEBUG main            d.u.i.k.p.i.AbstractProblemLoader Init config took 2.46s 
41468      INFO  main            d.u.i.k.p.i.AbstractProblemLoader Replaying proof SegSum[SegSum::segSum([I,int,int)].JML normal_behavior operation contract.0 
41553      DEBUG main            d.u.i.k.p.i.IntermediateProofReplayer Proof replay took 81.87ms 
41554      DEBUG main            d.u.i.k.p.r.p.TestFile    ... success: reloaded. 
41555      INFO  main            d.u.i.k.p.r.p.TestFile    Now processing file /home/runner/work/key/key/key.core/../key.ui/examples/heap/comprehensions/bsum_negative.key 
41555      INFO  main            d.u.i.k.p.i.AbstractProblemLoader Loading environment from /home/runner/work/key/key/key.core/../key.ui/examples/heap/comprehensions/bsum_negative.key 
41555      DEBUG main            d.u.i.k.p.i.AbstractProblemLoader Environment load took 53.8ns 
41556      INFO  main            d.u.i.k.p.i.AbstractProblemLoader Creating init config 
43937      DEBUG main            d.u.i.k.p.i.AbstractProblemLoader Init config took 2.38s 
43962      INFO  main            d.u.i.k.p.i.AbstractProblemLoader Replaying proof bsum_negative.key 
43964      DEBUG main            d.u.i.k.p.i.IntermediateProofReplayer Proof replay took 6.1ns 
44067      INFO  main            d.u.i.k.p.r.p.TestFile    ... finished proof: closed. 
44223      INFO  main            d.u.i.k.p.i.AbstractProblemLoader Loading environment from /home/runner/work/key/key/key.core/../key.ui/examples/heap/comprehensions/bsum_negative.key.proof 
44223      DEBUG main            d.u.i.k.p.i.AbstractProblemLoader Environment load took 104.6ns 
44224      INFO  main            d.u.i.k.p.i.AbstractProblemLoader Creating init config 
46524      DEBUG main            d.u.i.k.p.i.AbstractProblemLoader Init config took 2.3s 
46544      INFO  main            d.u.i.k.p.i.AbstractProblemLoader Replaying proof bsum_negative.key.proof 
46548      DEBUG main            d.u.i.k.p.i.IntermediateProofReplayer Proof replay took 1.54ms 
46549      DEBUG main            d.u.i.k.p.r.p.TestFile    ... success: reloaded. 
46549      INFO  main            d.u.i.k.p.r.p.TestFile    Now processing file /home/runner/work/key/key/key.core/../key.ui/examples/heap/comprehensions/bsum_neg2.key 
46550      INFO  main            d.u.i.k.p.i.AbstractProblemLoader Loading environment from /home/runner/work/key/key/key.core/../key.ui/examples/heap/comprehensions/bsum_neg2.key 
46550      DEBUG main            d.u.i.k.p.i.AbstractProblemLoader Environment load took 60.1ns 
46551      INFO  main            d.u.i.k.p.i.AbstractProblemLoader Creating init config 
48907      DEBUG main            d.u.i.k.p.i.AbstractProblemLoader Init config took 2.36s 
48937      INFO  main            d.u.i.k.p.i.AbstractProblemLoader Replaying proof bsum_neg2.key 
48939      DEBUG main            d.u.i.k.p.i.IntermediateProofReplayer Proof replay took 6.2ns 
49042      INFO  main            d.u.i.k.p.r.p.TestFile    ... finished proof: closed. 
49197      INFO  main            d.u.i.k.p.i.AbstractProblemLoader Loading environment from /home/runner/work/key/key/key.core/../key.ui/examples/heap/comprehensions/bsum_neg2.key.proof 
49197      DEBUG main            d.u.i.k.p.i.AbstractProblemLoader Environment load took 101.3ns 
49198      INFO  main            d.u.i.k.p.i.AbstractProblemLoader Creating init config 
51501      DEBUG main            d.u.i.k.p.i.AbstractProblemLoader Init config took 2.3s 
51533      INFO  main            d.u.i.k.p.i.AbstractProblemLoader Replaying proof bsum_neg2.key.proof 
51536      DEBUG main            d.u.i.k.p.i.IntermediateProofReplayer Proof replay took 848.6ns 
51537      DEBUG main            d.u.i.k.p.r.p.TestFile    ... success: reloaded. 
51538      INFO  main            d.u.i.k.p.r.p.TestFile    Now processing file /home/runner/work/key/key/key.core/../key.ui/examples/heap/comprehensions/bsumSplit.key 
51538      INFO  main            d.u.i.k.p.i.AbstractProblemLoader Loading environment from /home/runner/work/key/key/key.core/../key.ui/examples/heap/comprehensions/bsumSplit.key 
51538      DEBUG main            d.u.i.k.p.i.AbstractProblemLoader Environment load took 106.2ns 
51539      INFO  main            d.u.i.k.p.i.AbstractProblemLoader Creating init config 
53908      DEBUG main            d.u.i.k.p.i.AbstractProblemLoader Init config took 2.37s 
53924      INFO  main            d.u.i.k.p.i.AbstractProblemLoader Replaying proof bsumSplit.key 
53925      DEBUG main            d.u.i.k.p.i.IntermediateProofReplayer Proof replay took 6ns 
54028      INFO  main            d.u.i.k.p.r.p.TestFile    ... finished proof: closed. 
54238      INFO  main            d.u.i.k.p.i.AbstractProblemLoader Loading environment from /home/runner/work/key/key/key.core/../key.ui/examples/heap/comprehensions/bsumSplit.key.proof 
54239      DEBUG main            d.u.i.k.p.i.AbstractProblemLoader Environment load took 111.9ns 
54240      INFO  main            d.u.i.k.p.i.AbstractProblemLoader Creating init config 
56553      DEBUG main            d.u.i.k.p.i.AbstractProblemLoader Init config took 2.31s 
56568      INFO  main            d.u.i.k.p.i.AbstractProblemLoader Replaying proof bsumSplit.key.proof 
56573      DEBUG main            d.u.i.k.p.i.IntermediateProofReplayer Proof replay took 3.44ms 
56574      DEBUG main            d.u.i.k.p.r.p.TestFile    ... success: reloaded. 
56575      INFO  main            d.u.i.k.p.r.p.TestFile    Now processing file /home/runner/work/key/key/key.core/../key.ui/examples/heap/comprehensions/bprodSplit.key 
56575      INFO  main            d.u.i.k.p.i.AbstractProblemLoader Loading environment from /home/runner/work/key/key/key.core/../key.ui/examples/heap/comprehensions/bprodSplit.key 
56575      DEBUG main            d.u.i.k.p.i.AbstractProblemLoader Environment load took 104.7ns 
56576      INFO  main            d.u.i.k.p.i.AbstractProblemLoader Creating init config 
58932      DEBUG main            d.u.i.k.p.i.AbstractProblemLoader Init config took 2.36s 
58947      INFO  main            d.u.i.k.p.i.AbstractProblemLoader Replaying proof bprodSplit.key 
58948      DEBUG main            d.u.i.k.p.i.IntermediateProofReplayer Proof replay took 5.7ns 
59051      INFO  main            d.u.i.k.p.r.p.TestFile    ... finished proof: closed. 
59220      INFO  main            d.u.i.k.p.i.AbstractProblemLoader Loading environment from /home/runner/work/key/key/key.core/../key.ui/examples/heap/comprehensions/bprodSplit.key.proof 
59221      DEBUG main            d.u.i.k.p.i.AbstractProblemLoader Environment load took 105ns 
59222      INFO  main            d.u.i.k.p.i.AbstractProblemLoader Creating init config 
61596      DEBUG main            d.u.i.k.p.i.AbstractProblemLoader Init config took 2.37s 
61613      INFO  main            d.u.i.k.p.i.AbstractProblemLoader Replaying proof bprodSplit.key.proof 
61619      DEBUG main            d.u.i.k.p.i.IntermediateProofReplayer Proof replay took 3.22ms 
61619      DEBUG main            d.u.i.k.p.r.p.TestFile    ... success: reloaded. 
61620      INFO  main            d.u.i.k.p.r.p.TestFile    Now processing file /home/runner/work/key/key/key.core/../key.ui/examples/heap/comprehensions/bsumSplitInvalid.key 
61620      INFO  main            d.u.i.k.p.i.AbstractProblemLoader Loading environment from /home/runner/work/key/key/key.core/../key.ui/examples/heap/comprehensions/bsumSplitInvalid.key 
61621      DEBUG main            d.u.i.k.p.i.AbstractProblemLoader Environment load took 102.9ns 
61621      INFO  main            d.u.i.k.p.i.AbstractProblemLoader Creating init config 
64013      DEBUG main            d.u.i.k.p.i.AbstractProblemLoader Init config took 2.39s 
64027      INFO  main            d.u.i.k.p.i.AbstractProblemLoader Replaying proof bsumSplitInvalid.key 
64028      DEBUG main            d.u.i.k.p.i.IntermediateProofReplayer Proof replay took 6.4ns 
64131      INFO  main            d.u.i.k.p.r.p.TestFile    ... finished proof: open goal(s) 
144198     INFO  Test worker     d.u.i.k.p.r.RunAllProofsTestUnit Returning from test comprehensions 
144200     INFO  Test worker     d.u.i.k.p.r.RunAllProofsTestUnit Running test performance 
358        WARN  main            d.u.i.k.s.ProofSettings   The settings in /home/runner/.key/proof-settings.props are *not* read. 
337        INFO  Timeout watchdog d.u.i.k.p.r.p.ForkedTestFileRunner Timeout watcher launched (2000 secs.) 
391        INFO  main            d.u.i.k.p.r.p.TestFile    Now processing file /home/runner/work/key/key/key.core/../key.ui/examples/performance-test/Disjoint(Disjoint__disjoint_08()).JML_operation_contract.0.key 
501        INFO  main            d.u.i.k.p.i.AbstractProblemLoader Loading environment from /home/runner/work/key/key/key.core/../key.ui/examples/performance-test/Disjoint(Disjoint__disjoint_08()).JML_operation_contract.0.key 
517        DEBUG main            d.u.i.k.p.i.AbstractProblemLoader Environment load took 2.36ms 
731        INFO  main            d.u.i.k.p.i.AbstractProblemLoader Creating init config 
1617       DEBUG main            d.u.i.k.j.TypeConverter   No LDT found for Meta 
1618       DEBUG main            d.u.i.k.j.TypeConverter   No LDT found for Meta 
1619       DEBUG main            d.u.i.k.j.TypeConverter   No LDT found for Meta 
1619       DEBUG main            d.u.i.k.j.TypeConverter   No LDT found for Meta 
3090       DEBUG main            d.u.i.k.j.TypeConverter   No LDT found for JavaBigintExpression 
8143       DEBUG main            d.u.i.k.j.r.ClassPreparationMethodBuilder clPrepBuilder: Inner Class detected. Reject building class initialisation methods. 
15696      DEBUG main            d.u.i.k.p.i.AbstractProblemLoader Init config took 14.96s 
15885      INFO  main            d.u.i.k.p.i.AbstractProblemLoader Replaying proof Disjoint[Disjoint::disjoint_8()].JML operation contract.0 
15953      DEBUG main            d.u.i.k.p.i.IntermediateProofReplayer Proof replay took 334.1ns 
18518      INFO  main            d.u.i.k.p.r.p.TestFile    ... finished proof: closed. 
18743      INFO  main            d.u.i.k.p.i.AbstractProblemLoader Loading environment from /home/runner/work/key/key/key.core/../key.ui/examples/performance-test/Disjoint(Disjoint__disjoint_08()).JML_operation_contract.0.key.proof 
18745      DEBUG main            d.u.i.k.p.i.AbstractProblemLoader Environment load took 1.89ms 
18748      INFO  main            d.u.i.k.p.i.AbstractProblemLoader Creating init config 
21686      DEBUG main            d.u.i.k.j.r.ClassPreparationMethodBuilder clPrepBuilder: Inner Class detected. Reject building class initialisation methods. 
28339      DEBUG main            d.u.i.k.p.i.AbstractProblemLoader Init config took 9.59s 
28456      INFO  main            d.u.i.k.p.i.AbstractProblemLoader Replaying proof Disjoint[Disjoint::disjoint_8()].JML operation contract.0 
28783      DEBUG main            d.u.i.k.p.i.IntermediateProofReplayer Proof replay took 315.03ms 
28791      DEBUG main            d.u.i.k.p.r.p.TestFile    ... success: reloaded. 
28793      INFO  main            d.u.i.k.p.r.p.TestFile    Now processing file /home/runner/work/key/key/key.core/../key.ui/examples/performance-test/Disjoint(Disjoint__disjoint2_08()).JML_operation_contract.0.key 
28794      INFO  main            d.u.i.k.p.i.AbstractProblemLoader Loading environment from /home/runner/work/key/key/key.core/../key.ui/examples/performance-test/Disjoint(Disjoint__disjoint2_08()).JML_operation_contract.0.key 
28794      DEBUG main            d.u.i.k.p.i.AbstractProblemLoader Environment load took 295.9ns 
28796      INFO  main            d.u.i.k.p.i.AbstractProblemLoader Creating init config 
31683      DEBUG main            d.u.i.k.j.r.ClassPreparationMethodBuilder clPrepBuilder: Inner Class detected. Reject building class initialisation methods. 
38205      DEBUG main            d.u.i.k.p.i.AbstractProblemLoader Init config took 9.41s 
38314      INFO  main            d.u.i.k.p.i.AbstractProblemLoader Replaying proof Disjoint[Disjoint::disjoint2_8()].JML operation contract.0 
38317      DEBUG main            d.u.i.k.p.i.IntermediateProofReplayer Proof replay took 19ns 
39425      INFO  main            d.u.i.k.p.r.p.TestFile    ... finished proof: closed. 
39697      INFO  main            d.u.i.k.p.i.AbstractProblemLoader Loading environment from /home/runner/work/key/key/key.core/../key.ui/examples/performance-test/Disjoint(Disjoint__disjoint2_08()).JML_operation_contract.0.key.proof 
39698      DEBUG main            d.u.i.k.p.i.AbstractProblemLoader Environment load took 555.5ns 
39702      INFO  main            d.u.i.k.p.i.AbstractProblemLoader Creating init config 
42456      DEBUG main            d.u.i.k.j.r.ClassPreparationMethodBuilder clPrepBuilder: Inner Class detected. Reject building class initialisation methods. 
48958      DEBUG main            d.u.i.k.p.i.AbstractProblemLoader Init config took 9.26s 
49064      INFO  main            d.u.i.k.p.i.AbstractProblemLoader Replaying proof Disjoint[Disjoint::disjoint2_8()].JML operation contract.0 
49191      DEBUG main            d.u.i.k.p.i.IntermediateProofReplayer Proof replay took 120.45ms 
49196      DEBUG main            d.u.i.k.p.r.p.TestFile    ... success: reloaded. 
49198      INFO  main            d.u.i.k.p.r.p.TestFile    Now processing file /home/runner/work/key/key/key.core/../key.ui/examples/performance-test/AccessChain1(AccessChain1__foo_08()).JML_operation_contract.0.key 
49198      INFO  main            d.u.i.k.p.i.AbstractProblemLoader Loading environment from /home/runner/work/key/key/key.core/../key.ui/examples/performance-test/AccessChain1(AccessChain1__foo_08()).JML_operation_contract.0.key 
49198      DEBUG main            d.u.i.k.p.i.AbstractProblemLoader Environment load took 84.9ns 
49200      INFO  main            d.u.i.k.p.i.AbstractProblemLoader Creating init config 
51988      DEBUG main            d.u.i.k.j.r.ClassPreparationMethodBuilder clPrepBuilder: Inner Class detected. Reject building class initialisation methods. 
58418      DEBUG main            d.u.i.k.p.i.AbstractProblemLoader Init config took 9.22s 
58503      INFO  main            d.u.i.k.p.i.AbstractProblemLoader Replaying proof AccessChain1[AccessChain1::foo_8()].JML operation contract.0 
58505      DEBUG main            d.u.i.k.p.i.IntermediateProofReplayer Proof replay took 10.3ns 
61222      INFO  main            d.u.i.k.p.r.p.TestFile    ... finished proof: closed. 
61538      INFO  main            d.u.i.k.p.i.AbstractProblemLoader Loading environment from /home/runner/work/key/key/key.core/../key.ui/examples/performance-test/AccessChain1(AccessChain1__foo_08()).JML_operation_contract.0.key.proof 
61541      DEBUG main            d.u.i.k.p.i.AbstractProblemLoader Environment load took 2.38ms 
61543      INFO  main            d.u.i.k.p.i.AbstractProblemLoader Creating init config 
64259      DEBUG main            d.u.i.k.j.r.ClassPreparationMethodBuilder clPrepBuilder: Inner Class detected. Reject building class initialisation methods. 
70596      DEBUG main            d.u.i.k.p.i.AbstractProblemLoader Init config took 9.05s 
70678      INFO  main            d.u.i.k.p.i.AbstractProblemLoader Replaying proof AccessChain1[AccessChain1::foo_8()].JML operation contract.0 
71165      DEBUG main            d.u.i.k.p.i.IntermediateProofReplayer Proof replay took 472.14ms 
71167      DEBUG main            d.u.i.k.p.r.p.TestFile    ... success: reloaded. 
71168      INFO  main            d.u.i.k.p.r.p.TestFile    Now processing file /home/runner/work/key/key/key.core/../key.ui/examples/performance-test/AccessChain4(AccessChain4__foo_08()).JML_operation_contract.0.key 
71169      INFO  main            d.u.i.k.p.i.AbstractProblemLoader Loading environment from /home/runner/work/key/key/key.core/../key.ui/examples/performance-test/AccessChain4(AccessChain4__foo_08()).JML_operation_contract.0.key 
71169      DEBUG main            d.u.i.k.p.i.AbstractProblemLoader Environment load took 284.7ns 
71170      INFO  main            d.u.i.k.p.i.AbstractProblemLoader Creating init config 
73931      DEBUG main            d.u.i.k.j.r.ClassPreparationMethodBuilder clPrepBuilder: Inner Class detected. Reject building class initialisation methods. 
80307      DEBUG main            d.u.i.k.p.i.AbstractProblemLoader Init config took 9.14s 
80404      INFO  main            d.u.i.k.p.i.AbstractProblemLoader Replaying proof AccessChain4[AccessChain4::foo_8()].JML operation contract.0 
80406      DEBUG main            d.u.i.k.p.i.IntermediateProofReplayer Proof replay took 9.1ns 
86831      INFO  main            d.u.i.k.p.r.p.TestFile    ... finished proof: closed. 
87180      INFO  main            d.u.i.k.p.i.AbstractProblemLoader Loading environment from /home/runner/work/key/key/key.core/../key.ui/examples/performance-test/AccessChain4(AccessChain4__foo_08()).JML_operation_contract.0.key.proof 
87180      DEBUG main            d.u.i.k.p.i.AbstractProblemLoader Environment load took 236.5ns 
87184      INFO  main            d.u.i.k.p.i.AbstractProblemLoader Creating init config 
89878      DEBUG main            d.u.i.k.j.r.ClassPreparationMethodBuilder clPrepBuilder: Inner Class detected. Reject building class initialisation methods. 
96253      DEBUG main            d.u.i.k.p.i.AbstractProblemLoader Init config took 9.07s 
96347      INFO  main            d.u.i.k.p.i.AbstractProblemLoader Replaying proof AccessChain4[AccessChain4::foo_8()].JML operation contract.0 
97317      DEBUG main            d.u.i.k.p.i.IntermediateProofReplayer Proof replay took 940.59ms 
97323      DEBUG main            d.u.i.k.p.r.p.TestFile    ... success: reloaded. 
97325      INFO  main            d.u.i.k.p.r.p.TestFile    Now processing file /home/runner/work/key/key/key.core/../key.ui/examples/performance-test/Disjoint(Disjoint__xZero_08()).JML_operation_contract.0.key 
97327      INFO  main            d.u.i.k.p.i.AbstractProblemLoader Loading environment from /home/runner/work/key/key/key.core/../key.ui/examples/performance-test/Disjoint(Disjoint__xZero_08()).JML_operation_contract.0.key 
97327      DEBUG main            d.u.i.k.p.i.AbstractProblemLoader Environment load took 330ns 
97328      INFO  main            d.u.i.k.p.i.AbstractProblemLoader Creating init config 
100143     DEBUG main            d.u.i.k.j.r.ClassPreparationMethodBuilder clPrepBuilder: Inner Class detected. Reject building class initialisation methods. 
106520     DEBUG main            d.u.i.k.p.i.AbstractProblemLoader Init config took 9.19s 
106601     INFO  main            d.u.i.k.p.i.AbstractProblemLoader Replaying proof Disjoint[Disjoint::xZero_8()].JML operation contract.0 
106603     DEBUG main            d.u.i.k.p.i.IntermediateProofReplayer Proof replay took 10.7ns 
107607     INFO  main            d.u.i.k.p.r.p.TestFile    ... finished proof: closed. 
107926     INFO  main            d.u.i.k.p.i.AbstractProblemLoader Loading environment from /home/runner/work/key/key/key.core/../key.ui/examples/performance-test/Disjoint(Disjoint__xZero_08()).JML_operation_contract.0.key.proof 
107929     DEBUG main            d.u.i.k.p.i.AbstractProblemLoader Environment load took 3.08ms 
107930     INFO  main            d.u.i.k.p.i.AbstractProblemLoader Creating init config 
110587     DEBUG main            d.u.i.k.j.r.ClassPreparationMethodBuilder clPrepBuilder: Inner Class detected. Reject building class initialisation methods. 
116919     DEBUG main            d.u.i.k.p.i.AbstractProblemLoader Init config took 8.99s 
116999     INFO  main            d.u.i.k.p.i.AbstractProblemLoader Replaying proof Disjoint[Disjoint::xZero_8()].JML operation contract.0 
117216     DEBUG main            d.u.i.k.p.i.IntermediateProofReplayer Proof replay took 209.68ms 
117218     DEBUG main            d.u.i.k.p.r.p.TestFile    ... success: reloaded. 
117219     INFO  main            d.u.i.k.p.r.p.TestFile    Now processing file /home/runner/work/key/key/key.core/../key.ui/examples/performance-test/Dynamic(Dynamic__foo_08()).JML_operation_contract.0.key 
117220     INFO  main            d.u.i.k.p.i.AbstractProblemLoader Loading environment from /home/runner/work/key/key/key.core/../key.ui/examples/performance-test/Dynamic(Dynamic__foo_08()).JML_operation_contract.0.key 
117220     DEBUG main            d.u.i.k.p.i.AbstractProblemLoader Environment load took 247.3ns 
117221     INFO  main            d.u.i.k.p.i.AbstractProblemLoader Creating init config 
119941     DEBUG main            d.u.i.k.j.r.ClassPreparationMethodBuilder clPrepBuilder: Inner Class detected. Reject building class initialisation methods. 
126268     DEBUG main            d.u.i.k.p.i.AbstractProblemLoader Init config took 9.05s 
126348     INFO  main            d.u.i.k.p.i.AbstractProblemLoader Replaying proof Dynamic[Dynamic::foo_8()].JML operation contract.0 
126350     DEBUG main            d.u.i.k.p.i.IntermediateProofReplayer Proof replay took 10.5ns 
131887     INFO  main            d.u.i.k.p.r.p.TestFile    ... finished proof: closed. 
132247     INFO  main            d.u.i.k.p.i.AbstractProblemLoader Loading environment from /home/runner/work/key/key/key.core/../key.ui/examples/performance-test/Dynamic(Dynamic__foo_08()).JML_operation_contract.0.key.proof 
132247     DEBUG main            d.u.i.k.p.i.AbstractProblemLoader Environment load took 121.1ns 
132249     INFO  main            d.u.i.k.p.i.AbstractProblemLoader Creating init config 
134908     DEBUG main            d.u.i.k.j.r.ClassPreparationMethodBuilder clPrepBuilder: Inner Class detected. Reject building class initialisation methods. 
141251     DEBUG main            d.u.i.k.p.i.AbstractProblemLoader Init config took 9s 
141341     INFO  main            d.u.i.k.p.i.AbstractProblemLoader Replaying proof Dynamic[Dynamic::foo_8()].JML operation contract.0 
141884     DEBUG main            d.u.i.k.p.i.IntermediateProofReplayer Proof replay took 520.52ms 
141886     DEBUG main            d.u.i.k.p.r.p.TestFile    ... success: reloaded. 
141887     INFO  main            d.u.i.k.p.r.p.TestFile    Now processing file /home/runner/work/key/key/key.core/../key.ui/examples/performance-test/DynamicGhost(DynamicGhost__dynamicGhost_08()).JML_normal_behavior_operation_contract.0.key 
141888     INFO  main            d.u.i.k.p.i.AbstractProblemLoader Loading environment from /home/runner/work/key/key/key.core/../key.ui/examples/performance-test/DynamicGhost(DynamicGhost__dynamicGhost_08()).JML_normal_behavior_operation_contract.0.key 
141889     DEBUG main            d.u.i.k.p.i.AbstractProblemLoader Environment load took 1.06ms 
141891     INFO  main            d.u.i.k.p.i.AbstractProblemLoader Creating init config 
144649     DEBUG main            d.u.i.k.j.r.ClassPreparationMethodBuilder clPrepBuilder: Inner Class detected. Reject building class initialisation methods. 
151002     DEBUG main            d.u.i.k.p.i.AbstractProblemLoader Init config took 9.11s 
151082     INFO  main            d.u.i.k.p.i.AbstractProblemLoader Replaying proof DynamicGhost[DynamicGhost::dynamicGhost_8()].JML normal_behavior operation contract.0 
151084     DEBUG main            d.u.i.k.p.i.IntermediateProofReplayer Proof replay took 9.3ns 
155498     INFO  main            d.u.i.k.p.r.p.TestFile    ... finished proof: closed. 
155885     INFO  main            d.u.i.k.p.i.AbstractProblemLoader Loading environment from /home/runner/work/key/key/key.core/../key.ui/examples/performance-test/DynamicGhost(DynamicGhost__dynamicGhost_08()).JML_normal_behavior_operation_contract.0.key.proof 
155886     DEBUG main            d.u.i.k.p.i.AbstractProblemLoader Environment load took 501.1ns 
155888     INFO  main            d.u.i.k.p.i.AbstractProblemLoader Creating init config 
158541     DEBUG main            d.u.i.k.j.r.ClassPreparationMethodBuilder clPrepBuilder: Inner Class detected. Reject building class initialisation methods. 
164888     DEBUG main            d.u.i.k.p.i.AbstractProblemLoader Init config took 9s 
164989     INFO  main            d.u.i.k.p.i.AbstractProblemLoader Replaying proof DynamicGhost[DynamicGhost::dynamicGhost_8()].JML normal_behavior operation contract.0 
165534     DEBUG main            d.u.i.k.p.i.IntermediateProofReplayer Proof replay took 525.84ms 
165537     DEBUG main            d.u.i.k.p.r.p.TestFile    ... success: reloaded. 
165538     INFO  main            d.u.i.k.p.r.p.TestFile    Now processing file /home/runner/work/key/key/key.core/../key.ui/examples/performance-test/GhostFrame(GhostFrame__foo_08()).JML_operation_contract.0.key 
165538     INFO  main            d.u.i.k.p.i.AbstractProblemLoader Loading environment from /home/runner/work/key/key/key.core/../key.ui/examples/performance-test/GhostFrame(GhostFrame__foo_08()).JML_operation_contract.0.key 
165538     DEBUG main            d.u.i.k.p.i.AbstractProblemLoader Environment load took 144.6ns 
165548     INFO  main            d.u.i.k.p.i.AbstractProblemLoader Creating init config 
168327     DEBUG main            d.u.i.k.j.r.ClassPreparationMethodBuilder clPrepBuilder: Inner Class detected. Reject building class initialisation methods. 
174682     DEBUG main            d.u.i.k.p.i.AbstractProblemLoader Init config took 9.13s 
174758     INFO  main            d.u.i.k.p.i.AbstractProblemLoader Replaying proof GhostFrame[GhostFrame::foo_8()].JML operation contract.0 
174760     DEBUG main            d.u.i.k.p.i.IntermediateProofReplayer Proof replay took 21ns 
176790     INFO  main            d.u.i.k.p.r.p.TestFile    ... finished proof: closed. 
177167     INFO  main            d.u.i.k.p.i.AbstractProblemLoader Loading environment from /home/runner/work/key/key/key.core/../key.ui/examples/performance-test/GhostFrame(GhostFrame__foo_08()).JML_operation_contract.0.key.proof 
177167     DEBUG main            d.u.i.k.p.i.AbstractProblemLoader Environment load took 109ns 
177168     INFO  main            d.u.i.k.p.i.AbstractProblemLoader Creating init config 
179805     DEBUG main            d.u.i.k.j.r.ClassPreparationMethodBuilder clPrepBuilder: Inner Class detected. Reject building class initialisation methods. 
186165     DEBUG main            d.u.i.k.p.i.AbstractProblemLoader Init config took 9s 
186240     INFO  main            d.u.i.k.p.i.AbstractProblemLoader Replaying proof GhostFrame[GhostFrame::foo_8()].JML operation contract.0 
186587     DEBUG main            d.u.i.k.p.i.IntermediateProofReplayer Proof replay took 338.27ms 
186589     DEBUG main            d.u.i.k.p.r.p.TestFile    ... success: reloaded. 
186590     INFO  main            d.u.i.k.p.r.p.TestFile    Now processing file /home/runner/work/key/key/key.core/../key.ui/examples/performance-test/Modelfield(Modelfield__foo_08()).JML_operation_contract.0.key 
186591     INFO  main            d.u.i.k.p.i.AbstractProblemLoader Loading environment from /home/runner/work/key/key/key.core/../key.ui/examples/performance-test/Modelfield(Modelfield__foo_08()).JML_operation_contract.0.key 
186591     DEBUG main            d.u.i.k.p.i.AbstractProblemLoader Environment load took 292.6ns 
186592     INFO  main            d.u.i.k.p.i.AbstractProblemLoader Creating init config 
189297     DEBUG main            d.u.i.k.j.r.ClassPreparationMethodBuilder clPrepBuilder: Inner Class detected. Reject building class initialisation methods. 
195645     DEBUG main            d.u.i.k.p.i.AbstractProblemLoader Init config took 9.05s 
195721     INFO  main            d.u.i.k.p.i.AbstractProblemLoader Replaying proof Modelfield[Modelfield::foo_8()].JML operation contract.0 
195722     DEBUG main            d.u.i.k.p.i.IntermediateProofReplayer Proof replay took 5.1ns 
198851     INFO  main            d.u.i.k.p.r.p.TestFile    ... finished proof: closed. 
199248     INFO  main            d.u.i.k.p.i.AbstractProblemLoader Loading environment from /home/runner/work/key/key/key.core/../key.ui/examples/performance-test/Modelfield(Modelfield__foo_08()).JML_operation_contract.0.key.proof 
199248     DEBUG main            d.u.i.k.p.i.AbstractProblemLoader Environment load took 492.6ns 
199252     INFO  main            d.u.i.k.p.i.AbstractProblemLoader Creating init config 
201901     DEBUG main            d.u.i.k.j.r.ClassPreparationMethodBuilder clPrepBuilder: Inner Class detected. Reject building class initialisation methods. 
208275     DEBUG main            d.u.i.k.p.i.AbstractProblemLoader Init config took 9.02s 
208351     INFO  main            d.u.i.k.p.i.AbstractProblemLoader Replaying proof Modelfield[Modelfield::foo_8()].JML operation contract.0 
208743     DEBUG main            d.u.i.k.p.i.IntermediateProofReplayer Proof replay took 377.98ms 
208745     DEBUG main            d.u.i.k.p.r.p.TestFile    ... success: reloaded. 
353110     INFO  Test worker     d.u.i.k.p.r.RunAllProofsTestUnit Returning from test performance 
353111     INFO  Test worker     d.u.i.k.p.r.RunAllProofsTestUnit Running test performancePOConstruction 
369        INFO  Timeout watchdog d.u.i.k.p.r.p.ForkedTestFileRunner Timeout watcher launched (2000 secs.) 
388        WARN  main            d.u.i.k.s.ProofSettings   The settings in /home/runner/.key/proof-settings.props are *not* read. 
418        INFO  main            d.u.i.k.p.r.p.TestFile    Now processing file /home/runner/work/key/key/key.core/../key.ui/examples/performance-test/Test(Test__a0(int)).JML_normal_behavior_operation_contract.0.key 
515        INFO  main            d.u.i.k.p.i.AbstractProblemLoader Loading environment from /home/runner/work/key/key/key.core/../key.ui/examples/performance-test/Test(Test__a0(int)).JML_normal_behavior_operation_contract.0.key 
540        DEBUG main            d.u.i.k.p.i.AbstractProblemLoader Environment load took 1.75ms 
753        INFO  main            d.u.i.k.p.i.AbstractProblemLoader Creating init config 
1704       DEBUG main            d.u.i.k.j.TypeConverter   No LDT found for Meta 
1709       DEBUG main            d.u.i.k.j.TypeConverter   No LDT found for Meta 
1712       DEBUG main            d.u.i.k.j.TypeConverter   No LDT found for Meta 
1712       DEBUG main            d.u.i.k.j.TypeConverter   No LDT found for Meta 
2954       DEBUG main            d.u.i.k.j.TypeConverter   No LDT found for JavaBigintExpression 
8381       DEBUG main            d.u.i.k.j.r.ClassPreparationMethodBuilder clPrepBuilder: Inner Class detected. Reject building class initialisation methods. 
16188      DEBUG main            d.u.i.k.p.i.AbstractProblemLoader Init config took 15.43s 
17028      INFO  main            d.u.i.k.p.i.AbstractProblemLoader Replaying proof Test[Test::a0(int)].JML normal_behavior operation contract.0 
17106      DEBUG main            d.u.i.k.p.i.IntermediateProofReplayer Proof replay took 32.1ns 
17452      INFO  main            d.u.i.k.p.r.p.TestFile    ... finished proof: closed. 
17597      INFO  main            d.u.i.k.p.i.AbstractProblemLoader Loading environment from /home/runner/work/key/key/key.core/../key.ui/examples/performance-test/Test(Test__a0(int)).JML_normal_behavior_operation_contract.0.key.proof 
17601      DEBUG main            d.u.i.k.p.i.AbstractProblemLoader Environment load took 125.8ns 
17603      INFO  main            d.u.i.k.p.i.AbstractProblemLoader Creating init config 
20667      DEBUG main            d.u.i.k.j.r.ClassPreparationMethodBuilder clPrepBuilder: Inner Class detected. Reject building class initialisation methods. 
27507      DEBUG main            d.u.i.k.p.i.AbstractProblemLoader Init config took 9.9s 
28184      INFO  main            d.u.i.k.p.i.AbstractProblemLoader Replaying proof Test[Test::a0(int)].JML normal_behavior operation contract.0 
28229      DEBUG main            d.u.i.k.p.i.IntermediateProofReplayer Proof replay took 34.52ms 
28236      DEBUG main            d.u.i.k.p.r.p.TestFile    ... success: reloaded. 
28238      INFO  main            d.u.i.k.p.r.p.TestFile    Now processing file /home/runner/work/key/key/key.core/../key.ui/examples/performance-test/Test(Test__a1(int)).JML_normal_behavior_operation_contract.0.key 
28238      INFO  main            d.u.i.k.p.i.AbstractProblemLoader Loading environment from /home/runner/work/key/key/key.core/../key.ui/examples/performance-test/Test(Test__a1(int)).JML_normal_behavior_operation_contract.0.key 
28238      DEBUG main            d.u.i.k.p.i.AbstractProblemLoader Environment load took 239.7ns 
28240      INFO  main            d.u.i.k.p.i.AbstractProblemLoader Creating init config 
31100      DEBUG main            d.u.i.k.j.r.ClassPreparationMethodBuilder clPrepBuilder: Inner Class detected. Reject building class initialisation methods. 
37874      DEBUG main            d.u.i.k.p.i.AbstractProblemLoader Init config took 9.63s 
38534      INFO  main            d.u.i.k.p.i.AbstractProblemLoader Replaying proof Test[Test::a1(int)].JML normal_behavior operation contract.0 
38536      DEBUG main            d.u.i.k.p.i.IntermediateProofReplayer Proof replay took 5.9ns 
38843      INFO  main            d.u.i.k.p.r.p.TestFile    ... finished proof: closed. 
39068      INFO  main            d.u.i.k.p.i.AbstractProblemLoader Loading environment from /home/runner/work/key/key/key.core/../key.ui/examples/performance-test/Test(Test__a1(int)).JML_normal_behavior_operation_contract.0.key.proof 
39069      DEBUG main            d.u.i.k.p.i.AbstractProblemLoader Environment load took 1.15ms 
39071      INFO  main            d.u.i.k.p.i.AbstractProblemLoader Creating init config 
41867      DEBUG main            d.u.i.k.j.r.ClassPreparationMethodBuilder clPrepBuilder: Inner Class detected. Reject building class initialisation methods. 
48512      DEBUG main            d.u.i.k.p.i.AbstractProblemLoader Init config took 9.44s 
49150      INFO  main            d.u.i.k.p.i.AbstractProblemLoader Replaying proof Test[Test::a1(int)].JML normal_behavior operation contract.0 
49274      DEBUG main            d.u.i.k.p.i.IntermediateProofReplayer Proof replay took 112.39ms 
49279      DEBUG main            d.u.i.k.p.r.p.TestFile    ... success: reloaded. 
49281      INFO  main            d.u.i.k.p.r.p.TestFile    Now processing file /home/runner/work/key/key/key.core/../key.ui/examples/performance-test/Test(Test__f1(int)).JML_normal_behavior_operation_contract.0.key 
49282      INFO  main            d.u.i.k.p.i.AbstractProblemLoader Loading environment from /home/runner/work/key/key/key.core/../key.ui/examples/performance-test/Test(Test__f1(int)).JML_normal_behavior_operation_contract.0.key 
49282      DEBUG main            d.u.i.k.p.i.AbstractProblemLoader Environment load took 66.7ns 
49283      INFO  main            d.u.i.k.p.i.AbstractProblemLoader Creating init config 
52109      DEBUG main            d.u.i.k.j.r.ClassPreparationMethodBuilder clPrepBuilder: Inner Class detected. Reject building class initialisation methods. 
58751      DEBUG main            d.u.i.k.p.i.AbstractProblemLoader Init config took 9.47s 
59438      INFO  main            d.u.i.k.p.i.AbstractProblemLoader Replaying proof Test[Test::f1(int)].JML normal_behavior operation contract.0 
59440      DEBUG main            d.u.i.k.p.i.IntermediateProofReplayer Proof replay took 5.5ns 
59643      INFO  main            d.u.i.k.p.r.p.TestFile    ... finished proof: closed. 
59885      INFO  main            d.u.i.k.p.i.AbstractProblemLoader Loading environment from /home/runner/work/key/key/key.core/../key.ui/examples/performance-test/Test(Test__f1(int)).JML_normal_behavior_operation_contract.0.key.proof 
59886      DEBUG main            d.u.i.k.p.i.AbstractProblemLoader Environment load took 112.8ns 
59887      INFO  main            d.u.i.k.p.i.AbstractProblemLoader Creating init config 
62666      DEBUG main            d.u.i.k.j.r.ClassPreparationMethodBuilder clPrepBuilder: Inner Class detected. Reject building class initialisation methods. 
69244      DEBUG main            d.u.i.k.p.i.AbstractProblemLoader Init config took 9.36s 
69869      INFO  main            d.u.i.k.p.i.AbstractProblemLoader Replaying proof Test[Test::f1(int)].JML normal_behavior operation contract.0 
69943      DEBUG main            d.u.i.k.p.i.IntermediateProofReplayer Proof replay took 71.94ms 
69945      DEBUG main            d.u.i.k.p.r.p.TestFile    ... success: reloaded. 
423219     INFO  Test worker     d.u.i.k.p.r.RunAllProofsTestUnit Returning from test performancePOConstruction 
423221     INFO  Test worker     d.u.i.k.p.r.RunAllProofsTestUnit Running test applicationRestrictions 
344        INFO  Timeout watchdog d.u.i.k.p.r.p.ForkedTestFileRunner Timeout watcher launched (2000 secs.) 
361        WARN  main            d.u.i.k.s.ProofSettings   The settings in /home/runner/.key/proof-settings.props are *not* read. 
389        INFO  main            d.u.i.k.p.r.p.TestFile    Now processing file /home/runner/work/key/key/key.core/../key.ui/examples/heap/polarity_tests/wellformed1.key 
519        INFO  main            d.u.i.k.p.i.AbstractProblemLoader Loading environment from /home/runner/work/key/key/key.core/../key.ui/examples/heap/polarity_tests/wellformed1.key 
547        DEBUG main            d.u.i.k.p.i.AbstractProblemLoader Environment load took 1.88ms 
783        INFO  main            d.u.i.k.p.i.AbstractProblemLoader Creating init config 
1655       DEBUG main            d.u.i.k.j.TypeConverter   No LDT found for Meta 
1661       DEBUG main            d.u.i.k.j.TypeConverter   No LDT found for Meta 
1664       DEBUG main            d.u.i.k.j.TypeConverter   No LDT found for Meta 
1665       DEBUG main            d.u.i.k.j.TypeConverter   No LDT found for Meta 
2862       DEBUG main            d.u.i.k.j.TypeConverter   No LDT found for JavaBigintExpression 
7609       DEBUG main            d.u.i.k.p.i.AbstractProblemLoader Init config took 6.83s 
7666       INFO  main            d.u.i.k.p.i.AbstractProblemLoader Replaying proof wellformed1.key 
7696       DEBUG main            d.u.i.k.p.i.IntermediateProofReplayer Proof replay took 32.9ns 
7854       INFO  main            d.u.i.k.p.r.p.TestFile    ... finished proof: closed. 
7976       INFO  main            d.u.i.k.p.i.AbstractProblemLoader Loading environment from /home/runner/work/key/key/key.core/../key.ui/examples/heap/polarity_tests/wellformed1.key.proof 
7976       DEBUG main            d.u.i.k.p.i.AbstractProblemLoader Environment load took 134.5ns 
7983       INFO  main            d.u.i.k.p.i.AbstractProblemLoader Creating init config 
10555      DEBUG main            d.u.i.k.p.i.AbstractProblemLoader Init config took 2.57s 
10584      INFO  main            d.u.i.k.p.i.AbstractProblemLoader Replaying proof wellformed1.key.proof 
10591      DEBUG main            d.u.i.k.p.i.IntermediateProofReplayer Proof replay took 2.19ms 
10600      DEBUG main            d.u.i.k.p.r.p.TestFile    ... success: reloaded. 
10602      INFO  main            d.u.i.k.p.r.p.TestFile    Now processing file /home/runner/work/key/key/key.core/../key.ui/examples/heap/polarity_tests/wellformed2.key 
10602      INFO  main            d.u.i.k.p.i.AbstractProblemLoader Loading environment from /home/runner/work/key/key/key.core/../key.ui/examples/heap/polarity_tests/wellformed2.key 
10602      DEBUG main            d.u.i.k.p.i.AbstractProblemLoader Environment load took 249.8ns 
10605      INFO  main            d.u.i.k.p.i.AbstractProblemLoader Creating init config 
13082      DEBUG main            d.u.i.k.p.i.AbstractProblemLoader Init config took 2.48s 
13112      INFO  main            d.u.i.k.p.i.AbstractProblemLoader Replaying proof wellformed2.key 
13114      DEBUG main            d.u.i.k.p.i.IntermediateProofReplayer Proof replay took 6.7ns 
13219      INFO  main            d.u.i.k.p.r.p.TestFile    ... finished proof: open goal(s) 
13354      INFO  main            d.u.i.k.p.r.p.TestFile    Now processing file /home/runner/work/key/key/key.core/../key.ui/examples/heap/polarity_tests/wellformed3.key 
13355      INFO  main            d.u.i.k.p.i.AbstractProblemLoader Loading environment from /home/runner/work/key/key/key.core/../key.ui/examples/heap/polarity_tests/wellformed3.key 
13355      DEBUG main            d.u.i.k.p.i.AbstractProblemLoader Environment load took 81.5ns 
13356      INFO  main            d.u.i.k.p.i.AbstractProblemLoader Creating init config 
15787      DEBUG main            d.u.i.k.p.i.AbstractProblemLoader Init config took 2.43s 
15812      INFO  main            d.u.i.k.p.i.AbstractProblemLoader Replaying proof wellformed3.key 
15814      DEBUG main            d.u.i.k.p.i.IntermediateProofReplayer Proof replay took 6.1ns 
15917      INFO  main            d.u.i.k.p.r.p.TestFile    ... finished proof: closed. 
16022      INFO  main            d.u.i.k.p.i.AbstractProblemLoader Loading environment from /home/runner/work/key/key/key.core/../key.ui/examples/heap/polarity_tests/wellformed3.key.proof 
16022      DEBUG main            d.u.i.k.p.i.AbstractProblemLoader Environment load took 119.3ns 
16023      INFO  main            d.u.i.k.p.i.AbstractProblemLoader Creating init config 
18432      DEBUG main            d.u.i.k.p.i.AbstractProblemLoader Init config took 2.41s 
18452      INFO  main            d.u.i.k.p.i.AbstractProblemLoader Replaying proof wellformed3.key.proof 
18456      DEBUG main            d.u.i.k.p.i.IntermediateProofReplayer Proof replay took 2.18ms 
18457      DEBUG main            d.u.i.k.p.r.p.TestFile    ... success: reloaded. 
18458      INFO  main            d.u.i.k.p.r.p.TestFile    Now processing file /home/runner/work/key/key/key.core/../key.ui/examples/heap/polarity_tests/wellformed4.key 
18459      INFO  main            d.u.i.k.p.i.AbstractProblemLoader Loading environment from /home/runner/work/key/key/key.core/../key.ui/examples/heap/polarity_tests/wellformed4.key 
18459      DEBUG main            d.u.i.k.p.i.AbstractProblemLoader Environment load took 215.7ns 
18460      INFO  main            d.u.i.k.p.i.AbstractProblemLoader Creating init config 
20870      DEBUG main            d.u.i.k.p.i.AbstractProblemLoader Init config took 2.41s 
20890      INFO  main            d.u.i.k.p.i.AbstractProblemLoader Replaying proof wellformed4.key 
20892      DEBUG main            d.u.i.k.p.i.IntermediateProofReplayer Proof replay took 6.4ns 
20996      INFO  main            d.u.i.k.p.r.p.TestFile    ... finished proof: open goal(s) 
21115      INFO  main            d.u.i.k.p.r.p.TestFile    Now processing file /home/runner/work/key/key/key.core/../key.ui/examples/heap/polarity_tests/wellformed5.key 
21115      INFO  main            d.u.i.k.p.i.AbstractProblemLoader Loading environment from /home/runner/work/key/key/key.core/../key.ui/examples/heap/polarity_tests/wellformed5.key 
21115      DEBUG main            d.u.i.k.p.i.AbstractProblemLoader Environment load took 63ns 
21116      INFO  main            d.u.i.k.p.i.AbstractProblemLoader Creating init config 
23504      DEBUG main            d.u.i.k.p.i.AbstractProblemLoader Init config took 2.39s 
23525      INFO  main            d.u.i.k.p.i.AbstractProblemLoader Replaying proof wellformed5.key 
23527      DEBUG main            d.u.i.k.p.i.IntermediateProofReplayer Proof replay took 6.5ns 
23631      INFO  main            d.u.i.k.p.r.p.TestFile    ... finished proof: closed. 
23746      INFO  main            d.u.i.k.p.i.AbstractProblemLoader Loading environment from /home/runner/work/key/key/key.core/../key.ui/examples/heap/polarity_tests/wellformed5.key.proof 
23746      DEBUG main            d.u.i.k.p.i.AbstractProblemLoader Environment load took 106.9ns 
23747      INFO  main            d.u.i.k.p.i.AbstractProblemLoader Creating init config 
26138      DEBUG main            d.u.i.k.p.i.AbstractProblemLoader Init config took 2.39s 
26162      INFO  main            d.u.i.k.p.i.AbstractProblemLoader Replaying proof wellformed5.key.proof 
26165      DEBUG main            d.u.i.k.p.i.IntermediateProofReplayer Proof replay took 1.13ms 
26167      DEBUG main            d.u.i.k.p.r.p.TestFile    ... success: reloaded. 
26168      INFO  main            d.u.i.k.p.r.p.TestFile    Now processing file /home/runner/work/key/key/key.core/../key.ui/examples/heap/polarity_tests/wellformed6.key 
26169      INFO  main            d.u.i.k.p.i.AbstractProblemLoader Loading environment from /home/runner/work/key/key/key.core/../key.ui/examples/heap/polarity_tests/wellformed6.key 
26169      DEBUG main            d.u.i.k.p.i.AbstractProblemLoader Environment load took 217.3ns 
26172      INFO  main            d.u.i.k.p.i.AbstractProblemLoader Creating init config 
28573      DEBUG main            d.u.i.k.p.i.AbstractProblemLoader Init config took 2.4s 
28592      INFO  main            d.u.i.k.p.i.AbstractProblemLoader Replaying proof wellformed6.key 
28594      DEBUG main            d.u.i.k.p.i.IntermediateProofReplayer Proof replay took 7ns 
28699      INFO  main            d.u.i.k.p.r.p.TestFile    ... finished proof: open goal(s) 
28823      INFO  main            d.u.i.k.p.r.p.TestFile    Now processing file /home/runner/work/key/key/key.core/../key.ui/examples/heap/polarity_tests/wellformed7.key 
28823      INFO  main            d.u.i.k.p.i.AbstractProblemLoader Loading environment from /home/runner/work/key/key/key.core/../key.ui/examples/heap/polarity_tests/wellformed7.key 
28823      DEBUG main            d.u.i.k.p.i.AbstractProblemLoader Environment load took 63.5ns 
28824      INFO  main            d.u.i.k.p.i.AbstractProblemLoader Creating init config 
31172      DEBUG main            d.u.i.k.p.i.AbstractProblemLoader Init config took 2.35s 
31190      INFO  main            d.u.i.k.p.i.AbstractProblemLoader Replaying proof wellformed7.key 
31192      DEBUG main            d.u.i.k.p.i.IntermediateProofReplayer Proof replay took 6.6ns 
31296      INFO  main            d.u.i.k.p.r.p.TestFile    ... finished proof: closed. 
31417      INFO  main            d.u.i.k.p.i.AbstractProblemLoader Loading environment from /home/runner/work/key/key/key.core/../key.ui/examples/heap/polarity_tests/wellformed7.key.proof 
31417      DEBUG main            d.u.i.k.p.i.AbstractProblemLoader Environment load took 111.7ns 
31420      INFO  main            d.u.i.k.p.i.AbstractProblemLoader Creating init config 
33766      DEBUG main            d.u.i.k.p.i.AbstractProblemLoader Init config took 2.35s 
33783      INFO  main            d.u.i.k.p.i.AbstractProblemLoader Replaying proof wellformed7.key.proof 
33786      DEBUG main            d.u.i.k.p.i.IntermediateProofReplayer Proof replay took 1.44ms 
33800      DEBUG main            d.u.i.k.p.r.p.TestFile    ... success: reloaded. 
33801      INFO  main            d.u.i.k.p.r.p.TestFile    Now processing file /home/runner/work/key/key/key.core/../key.ui/examples/heap/polarity_tests/wellformed8.key 
33801      INFO  main            d.u.i.k.p.i.AbstractProblemLoader Loading environment from /home/runner/work/key/key/key.core/../key.ui/examples/heap/polarity_tests/wellformed8.key 
33801      DEBUG main            d.u.i.k.p.i.AbstractProblemLoader Environment load took 55.5ns 
33802      INFO  main            d.u.i.k.p.i.AbstractProblemLoader Creating init config 
36146      DEBUG main            d.u.i.k.p.i.AbstractProblemLoader Init config took 2.34s 
36163      INFO  main            d.u.i.k.p.i.AbstractProblemLoader Replaying proof wellformed8.key 
36164      DEBUG main            d.u.i.k.p.i.IntermediateProofReplayer Proof replay took 7.3ns 
36267      INFO  main            d.u.i.k.p.r.p.TestFile    ... finished proof: open goal(s) 
36402      INFO  main            d.u.i.k.p.r.p.TestFile    Now processing file /home/runner/work/key/key/key.core/../key.ui/examples/heap/polarity_tests/wellformed9.key 
36402      INFO  main            d.u.i.k.p.i.AbstractProblemLoader Loading environment from /home/runner/work/key/key/key.core/../key.ui/examples/heap/polarity_tests/wellformed9.key 
36402      DEBUG main            d.u.i.k.p.i.AbstractProblemLoader Environment load took 60ns 
36403      INFO  main            d.u.i.k.p.i.AbstractProblemLoader Creating init config 
38705      DEBUG main            d.u.i.k.p.i.AbstractProblemLoader Init config took 2.3s 
38721      INFO  main            d.u.i.k.p.i.AbstractProblemLoader Replaying proof wellformed9.key 
38722      DEBUG main            d.u.i.k.p.i.IntermediateProofReplayer Proof replay took 6.5ns 
38824      INFO  main            d.u.i.k.p.r.p.TestFile    ... finished proof: closed. 
38952      INFO  main            d.u.i.k.p.i.AbstractProblemLoader Loading environment from /home/runner/work/key/key/key.core/../key.ui/examples/heap/polarity_tests/wellformed9.key.proof 
38952      DEBUG main            d.u.i.k.p.i.AbstractProblemLoader Environment load took 106.2ns 
38953      INFO  main            d.u.i.k.p.i.AbstractProblemLoader Creating init config 
41272      DEBUG main            d.u.i.k.p.i.AbstractProblemLoader Init config took 2.32s 
41287      INFO  main            d.u.i.k.p.i.AbstractProblemLoader Replaying proof wellformed9.key.proof 
41290      DEBUG main            d.u.i.k.p.i.IntermediateProofReplayer Proof replay took 1.42ms 
41291      DEBUG main            d.u.i.k.p.r.p.TestFile    ... success: reloaded. 
41292      INFO  main            d.u.i.k.p.r.p.TestFile    Now processing file /home/runner/work/key/key/key.core/../key.ui/examples/heap/polarity_tests/wellformed10.key 
41292      INFO  main            d.u.i.k.p.i.AbstractProblemLoader Loading environment from /home/runner/work/key/key/key.core/../key.ui/examples/heap/polarity_tests/wellformed10.key 
41292      DEBUG main            d.u.i.k.p.i.AbstractProblemLoader Environment load took 105.6ns 
41293      INFO  main            d.u.i.k.p.i.AbstractProblemLoader Creating init config 
43638      DEBUG main            d.u.i.k.p.i.AbstractProblemLoader Init config took 2.35s 
43653      INFO  main            d.u.i.k.p.i.AbstractProblemLoader Replaying proof wellformed10.key 
43654      DEBUG main            d.u.i.k.p.i.IntermediateProofReplayer Proof replay took 7.3ns 
43759      INFO  main            d.u.i.k.p.r.p.TestFile    ... finished proof: open goal(s) 
43906      INFO  main            d.u.i.k.p.r.p.TestFile    Now processing file /home/runner/work/key/key/key.core/../key.ui/examples/heap/polarity_tests/wellformed11.key 
43907      INFO  main            d.u.i.k.p.i.AbstractProblemLoader Loading environment from /home/runner/work/key/key/key.core/../key.ui/examples/heap/polarity_tests/wellformed11.key 
43907      DEBUG main            d.u.i.k.p.i.AbstractProblemLoader Environment load took 77.1ns 
43908      INFO  main            d.u.i.k.p.i.AbstractProblemLoader Creating init config 
46186      DEBUG main            d.u.i.k.p.i.AbstractProblemLoader Init config took 2.28s 
46200      INFO  main            d.u.i.k.p.i.AbstractProblemLoader Replaying proof wellformed11.key 
46203      DEBUG main            d.u.i.k.p.i.IntermediateProofReplayer Proof replay took 7.1ns 
46307      INFO  main            d.u.i.k.p.r.p.TestFile    ... finished proof: open goal(s) 
469826     INFO  Test worker     d.u.i.k.p.r.RunAllProofsTestUnit Returning from test applicationRestrictions 
469828     INFO  Test worker     d.u.i.k.p.r.RunAllProofsTestUnit Running test blockContracts 
335        WARN  main            d.u.i.k.s.ProofSettings   The settings in /home/runner/.key/proof-settings.props are *not* read. 
333        INFO  Timeout watchdog d.u.i.k.p.r.p.ForkedTestFileRunner Timeout watcher launched (2000 secs.) 
387        INFO  main            d.u.i.k.p.r.p.TestFile    Now processing file /home/runner/work/key/key/key.core/../key.ui/examples/heap/block_contracts/Simple__add.key 
508        INFO  main            d.u.i.k.p.i.AbstractProblemLoader Loading environment from /home/runner/work/key/key/key.core/../key.ui/examples/heap/block_contracts/Simple__add.key 
528        DEBUG main            d.u.i.k.p.i.AbstractProblemLoader Environment load took 1.84ms 
740        INFO  main            d.u.i.k.p.i.AbstractProblemLoader Creating init config 
1820       DEBUG main            d.u.i.k.j.TypeConverter   No LDT found for Meta 
1820       DEBUG main            d.u.i.k.j.TypeConverter   No LDT found for Meta 
1825       DEBUG main            d.u.i.k.j.TypeConverter   No LDT found for Meta 
1825       DEBUG main            d.u.i.k.j.TypeConverter   No LDT found for Meta 
3275       DEBUG main            d.u.i.k.j.TypeConverter   No LDT found for JavaBigintExpression 
8841       DEBUG main            d.u.i.k.p.i.AbstractProblemLoader Init config took 8.1s 
9054       INFO  main            d.u.i.k.p.i.AbstractProblemLoader Replaying proof Simple[Simple::add(int,int)].JML operation contract.0 
9119       DEBUG main            d.u.i.k.p.i.IntermediateProofReplayer Proof replay took 363.8ns 
9742       INFO  main            d.u.i.k.p.r.p.TestFile    ... finished proof: closed. 
9842       INFO  main            d.u.i.k.p.i.AbstractProblemLoader Loading environment from /home/runner/work/key/key/key.core/../key.ui/examples/heap/block_contracts/Simple__add.key.proof 
9843       DEBUG main            d.u.i.k.p.i.AbstractProblemLoader Environment load took 557.9ns 
9847       INFO  main            d.u.i.k.p.i.AbstractProblemLoader Creating init config 
12965      DEBUG main            d.u.i.k.p.i.AbstractProblemLoader Init config took 3.12s 
13033      INFO  main            d.u.i.k.p.i.AbstractProblemLoader Replaying proof Simple[Simple::add(int,int)].JML operation contract.0 
13108      DEBUG main            d.u.i.k.p.i.IntermediateProofReplayer Proof replay took 71ms 
13115      DEBUG main            d.u.i.k.p.r.p.TestFile    ... success: reloaded. 
13117      INFO  main            d.u.i.k.p.r.p.TestFile    Now processing file /home/runner/work/key/key/key.core/../key.ui/examples/heap/block_contracts/Simple__addAbsoluteValues.key 
13117      INFO  main            d.u.i.k.p.i.AbstractProblemLoader Loading environment from /home/runner/work/key/key/key.core/../key.ui/examples/heap/block_contracts/Simple__addAbsoluteValues.key 
13117      DEBUG main            d.u.i.k.p.i.AbstractProblemLoader Environment load took 232.7ns 
13119      INFO  main            d.u.i.k.p.i.AbstractProblemLoader Creating init config 
16183      DEBUG main            d.u.i.k.p.i.AbstractProblemLoader Init config took 3.06s 
16243      INFO  main            d.u.i.k.p.i.AbstractProblemLoader Replaying proof Simple[Simple::addAbsoluteValues(int,int)].JML normal_behavior operation contract.0 
16246      DEBUG main            d.u.i.k.p.i.IntermediateProofReplayer Proof replay took 13.6ns 
17255      INFO  main            d.u.i.k.p.r.p.TestFile    ... finished proof: closed. 
17431      INFO  main            d.u.i.k.p.i.AbstractProblemLoader Loading environment from /home/runner/work/key/key/key.core/../key.ui/examples/heap/block_contracts/Simple__addAbsoluteValues.key.proof 
17433      DEBUG main            d.u.i.k.p.i.AbstractProblemLoader Environment load took 1.9ms 
17435      INFO  main            d.u.i.k.p.i.AbstractProblemLoader Creating init config 
20424      DEBUG main            d.u.i.k.p.i.AbstractProblemLoader Init config took 2.99s 
20479      INFO  main            d.u.i.k.p.i.AbstractProblemLoader Replaying proof Simple[Simple::addAbsoluteValues(int,int)].JML normal_behavior operation contract.0 
20724      DEBUG main            d.u.i.k.p.i.IntermediateProofReplayer Proof replay took 236.41ms 
20726      DEBUG main            d.u.i.k.p.r.p.TestFile    ... success: reloaded. 
20728      INFO  main            d.u.i.k.p.r.p.TestFile    Now processing file /home/runner/work/key/key/key.core/../key.ui/examples/heap/block_contracts/Simple__addWithJump.key 
20728      INFO  main            d.u.i.k.p.i.AbstractProblemLoader Loading environment from /home/runner/work/key/key/key.core/../key.ui/examples/heap/block_contracts/Simple__addWithJump.key 
20728      DEBUG main            d.u.i.k.p.i.AbstractProblemLoader Environment load took 111.5ns 
20730      INFO  main            d.u.i.k.p.i.AbstractProblemLoader Creating init config 
23763      DEBUG main            d.u.i.k.p.i.AbstractProblemLoader Init config took 3.03s 
23811      INFO  main            d.u.i.k.p.i.AbstractProblemLoader Replaying proof Simple[Simple::addWithJump(int,int,int)].JML operation contract.0 
23817      DEBUG main            d.u.i.k.p.i.IntermediateProofReplayer Proof replay took 21.8ns 
24020      INFO  main            d.u.i.k.p.r.p.TestFile    ... finished proof: closed. 
24216      INFO  main            d.u.i.k.p.i.AbstractProblemLoader Loading environment from /home/runner/work/key/key/key.core/../key.ui/examples/heap/block_contracts/Simple__addWithJump.key.proof 
24216      DEBUG main            d.u.i.k.p.i.AbstractProblemLoader Environment load took 120.1ns 
24217      INFO  main            d.u.i.k.p.i.AbstractProblemLoader Creating init config 
27140      DEBUG main            d.u.i.k.p.i.AbstractProblemLoader Init config took 2.92s 
27186      INFO  main            d.u.i.k.p.i.AbstractProblemLoader Replaying proof Simple[Simple::addWithJump(int,int,int)].JML operation contract.0 
27229      DEBUG main            d.u.i.k.p.i.IntermediateProofReplayer Proof replay took 40.53ms 
27230      DEBUG main            d.u.i.k.p.r.p.TestFile    ... success: reloaded. 
27231      INFO  main            d.u.i.k.p.r.p.TestFile    Now processing file /home/runner/work/key/key/key.core/../key.ui/examples/heap/block_contracts/Simple__addWithTwoBlockContracts.key 
27231      INFO  main            d.u.i.k.p.i.AbstractProblemLoader Loading environment from /home/runner/work/key/key/key.core/../key.ui/examples/heap/block_contracts/Simple__addWithTwoBlockContracts.key 
27231      DEBUG main            d.u.i.k.p.i.AbstractProblemLoader Environment load took 96.6ns 
27232      INFO  main            d.u.i.k.p.i.AbstractProblemLoader Creating init config 
30172      DEBUG main            d.u.i.k.p.i.AbstractProblemLoader Init config took 2.94s 
30217      INFO  main            d.u.i.k.p.i.AbstractProblemLoader Replaying proof Simple[Simple::addWithTwoBlockContracts(int,int,int)].JML operation contract.0 
30219      DEBUG main            d.u.i.k.p.i.IntermediateProofReplayer Proof replay took 10.9ns 
30422      INFO  main            d.u.i.k.p.r.p.TestFile    ... finished proof: closed. 
30592      INFO  main            d.u.i.k.p.i.AbstractProblemLoader Loading environment from /home/runner/work/key/key/key.core/../key.ui/examples/heap/block_contracts/Simple__addWithTwoBlockContracts.key.proof 
30592      DEBUG main            d.u.i.k.p.i.AbstractProblemLoader Environment load took 112.4ns 
30595      INFO  main            d.u.i.k.p.i.AbstractProblemLoader Creating init config 
33469      DEBUG main            d.u.i.k.p.i.AbstractProblemLoader Init config took 2.87s 
33513      INFO  main            d.u.i.k.p.i.AbstractProblemLoader Replaying proof Simple[Simple::addWithTwoBlockContracts(int,int,int)].JML operation contract.0 
33568      DEBUG main            d.u.i.k.p.i.IntermediateProofReplayer Proof replay took 52.21ms 
33569      DEBUG main            d.u.i.k.p.r.p.TestFile    ... success: reloaded. 
33570      INFO  main            d.u.i.k.p.r.p.TestFile    Now processing file /home/runner/work/key/key/key.core/../key.ui/examples/heap/block_contracts/Simple__generateByteArray.key 
33571      INFO  main            d.u.i.k.p.i.AbstractProblemLoader Loading environment from /home/runner/work/key/key/key.core/../key.ui/examples/heap/block_contracts/Simple__generateByteArray.key 
33571      DEBUG main            d.u.i.k.p.i.AbstractProblemLoader Environment load took 85.7ns 
33572      INFO  main            d.u.i.k.p.i.AbstractProblemLoader Creating init config 
36566      DEBUG main            d.u.i.k.p.i.AbstractProblemLoader Init config took 2.99s 
36628      INFO  main            d.u.i.k.p.i.AbstractProblemLoader Replaying proof Simple[Simple::generateByteArray()].JML normal_behavior operation contract.0 
36631      DEBUG main            d.u.i.k.p.i.IntermediateProofReplayer Proof replay took 11.1ns 
38742      INFO  main            d.u.i.k.p.r.p.TestFile    ... finished proof: closed. 
38954      INFO  main            d.u.i.k.p.i.AbstractProblemLoader Loading environment from /home/runner/work/key/key/key.core/../key.ui/examples/heap/block_contracts/Simple__generateByteArray.key.proof 
38954      DEBUG main            d.u.i.k.p.i.AbstractProblemLoader Environment load took 197.9ns 
38958      INFO  main            d.u.i.k.p.i.AbstractProblemLoader Creating init config 
41820      DEBUG main            d.u.i.k.p.i.AbstractProblemLoader Init config took 2.86s 
41865      INFO  main            d.u.i.k.p.i.AbstractProblemLoader Replaying proof Simple[Simple::generateByteArray()].JML normal_behavior operation contract.0 
42129      DEBUG main            d.u.i.k.p.i.IntermediateProofReplayer Proof replay took 248.79ms 
42130      DEBUG main            d.u.i.k.p.r.p.TestFile    ... success: reloaded. 
42132      INFO  main            d.u.i.k.p.r.p.TestFile    Now processing file /home/runner/work/key/key/key.core/../key.ui/examples/heap/block_contracts/Simple__getLength.key 
42132      INFO  main            d.u.i.k.p.i.AbstractProblemLoader Loading environment from /home/runner/work/key/key/key.core/../key.ui/examples/heap/block_contracts/Simple__getLength.key 
42132      DEBUG main            d.u.i.k.p.i.AbstractProblemLoader Environment load took 235.2ns 
42133      INFO  main            d.u.i.k.p.i.AbstractProblemLoader Creating init config 
45000      DEBUG main            d.u.i.k.p.i.AbstractProblemLoader Init config took 2.87s 
45043      INFO  main            d.u.i.k.p.i.AbstractProblemLoader Replaying proof Simple[Simple::getLength()].JML normal_behavior operation contract.0 
45045      DEBUG main            d.u.i.k.p.i.IntermediateProofReplayer Proof replay took 10.8ns 
45150      INFO  main            d.u.i.k.p.r.p.TestFile    ... finished proof: closed. 
45341      INFO  main            d.u.i.k.p.i.AbstractProblemLoader Loading environment from /home/runner/work/key/key/key.core/../key.ui/examples/heap/block_contracts/Simple__getLength.key.proof 
45341      DEBUG main            d.u.i.k.p.i.AbstractProblemLoader Environment load took 109ns 
45342      INFO  main            d.u.i.k.p.i.AbstractProblemLoader Creating init config 
48169      DEBUG main            d.u.i.k.p.i.AbstractProblemLoader Init config took 2.83s 
48219      INFO  main            d.u.i.k.p.i.AbstractProblemLoader Replaying proof Simple[Simple::getLength()].JML normal_behavior operation contract.0 
48228      DEBUG main            d.u.i.k.p.i.IntermediateProofReplayer Proof replay took 7.05ms 
48229      DEBUG main            d.u.i.k.p.r.p.TestFile    ... success: reloaded. 
48230      INFO  main            d.u.i.k.p.r.p.TestFile    Now processing file /home/runner/work/key/key/key.core/../key.ui/examples/heap/block_contracts/Simple__square.key 
48230      INFO  main            d.u.i.k.p.i.AbstractProblemLoader Loading environment from /home/runner/work/key/key/key.core/../key.ui/examples/heap/block_contracts/Simple__square.key 
48231      DEBUG main            d.u.i.k.p.i.AbstractProblemLoader Environment load took 108ns 
48231      INFO  main            d.u.i.k.p.i.AbstractProblemLoader Creating init config 
51041      DEBUG main            d.u.i.k.p.i.AbstractProblemLoader Init config took 2.81s 
51083      INFO  main            d.u.i.k.p.i.AbstractProblemLoader Replaying proof Simple[Simple::square(int)].JML operation contract.0 
51086      DEBUG main            d.u.i.k.p.i.IntermediateProofReplayer Proof replay took 11.2ns 
51391      INFO  main            d.u.i.k.p.r.p.TestFile    ... finished proof: closed. 
51566      INFO  main            d.u.i.k.p.i.AbstractProblemLoader Loading environment from /home/runner/work/key/key/key.core/../key.ui/examples/heap/block_contracts/Simple__square.key.proof 
51566      DEBUG main            d.u.i.k.p.i.AbstractProblemLoader Environment load took 109.2ns 
51567      INFO  main            d.u.i.k.p.i.AbstractProblemLoader Creating init config 
54385      DEBUG main            d.u.i.k.p.i.AbstractProblemLoader Init config took 2.82s 
54434      INFO  main            d.u.i.k.p.i.AbstractProblemLoader Replaying proof Simple[Simple::square(int)].JML operation contract.0 
54533      DEBUG main            d.u.i.k.p.i.IntermediateProofReplayer Proof replay took 94.83ms 
54534      DEBUG main            d.u.i.k.p.r.p.TestFile    ... success: reloaded. 
54536      INFO  main            d.u.i.k.p.r.p.TestFile    Now processing file /home/runner/work/key/key/key.core/../key.ui/examples/heap/block_contracts/Simple__unnecessaryBlockContract.key 
54536      INFO  main            d.u.i.k.p.i.AbstractProblemLoader Loading environment from /home/runner/work/key/key/key.core/../key.ui/examples/heap/block_contracts/Simple__unnecessaryBlockContract.key 
54536      DEBUG main            d.u.i.k.p.i.AbstractProblemLoader Environment load took 220.9ns 
54537      INFO  main            d.u.i.k.p.i.AbstractProblemLoader Creating init config 
57420      DEBUG main            d.u.i.k.p.i.AbstractProblemLoader Init config took 2.88s 
57459      INFO  main            d.u.i.k.p.i.AbstractProblemLoader Replaying proof Simple[Simple::unnecessaryBlockContract()].JML operation contract.0 
57461      DEBUG main            d.u.i.k.p.i.IntermediateProofReplayer Proof replay took 14ns 
57563      INFO  main            d.u.i.k.p.r.p.TestFile    ... finished proof: closed. 
57744      INFO  main            d.u.i.k.p.i.AbstractProblemLoader Loading environment from /home/runner/work/key/key/key.core/../key.ui/examples/heap/block_contracts/Simple__unnecessaryBlockContract.key.proof 
57744      DEBUG main            d.u.i.k.p.i.AbstractProblemLoader Environment load took 117.4ns 
57745      INFO  main            d.u.i.k.p.i.AbstractProblemLoader Creating init config 
60541      DEBUG main            d.u.i.k.p.i.AbstractProblemLoader Init config took 2.8s 
60589      INFO  main            d.u.i.k.p.i.AbstractProblemLoader Replaying proof Simple[Simple::unnecessaryBlockContract()].JML operation contract.0 
60611      DEBUG main            d.u.i.k.p.i.IntermediateProofReplayer Proof replay took 19.83ms 
60612      DEBUG main            d.u.i.k.p.r.p.TestFile    ... success: reloaded. 
60614      INFO  main            d.u.i.k.p.r.p.TestFile    Now processing file /home/runner/work/key/key/key.core/../key.ui/examples/heap/block_contracts/Simple__unnecessaryLoopInvariant.key 
60614      INFO  main            d.u.i.k.p.i.AbstractProblemLoader Loading environment from /home/runner/work/key/key/key.core/../key.ui/examples/heap/block_contracts/Simple__unnecessaryLoopInvariant.key 
60614      DEBUG main            d.u.i.k.p.i.AbstractProblemLoader Environment load took 252.6ns 
60615      INFO  main            d.u.i.k.p.i.AbstractProblemLoader Creating init config 
63483      DEBUG main            d.u.i.k.p.i.AbstractProblemLoader Init config took 2.87s 
63526      INFO  main            d.u.i.k.p.i.AbstractProblemLoader Replaying proof Simple[Simple::unnecessaryLoopInvariant()].JML operation contract.0 
63528      DEBUG main            d.u.i.k.p.i.IntermediateProofReplayer Proof replay took 11ns 
63634      INFO  main            d.u.i.k.p.r.p.TestFile    ... finished proof: closed. 
63808      INFO  main            d.u.i.k.p.i.AbstractProblemLoader Loading environment from /home/runner/work/key/key/key.core/../key.ui/examples/heap/block_contracts/Simple__unnecessaryLoopInvariant.key.proof 
63808      DEBUG main            d.u.i.k.p.i.AbstractProblemLoader Environment load took 105.8ns 
63809      INFO  main            d.u.i.k.p.i.AbstractProblemLoader Creating init config 
66626      DEBUG main            d.u.i.k.p.i.AbstractProblemLoader Init config took 2.82s 
66664      INFO  main            d.u.i.k.p.i.AbstractProblemLoader Replaying proof Simple[Simple::unnecessaryLoopInvariant()].JML operation contract.0 
66680      DEBUG main            d.u.i.k.p.i.IntermediateProofReplayer Proof replay took 10.63ms 
66681      DEBUG main            d.u.i.k.p.r.p.TestFile    ... success: reloaded. 
66682      INFO  main            d.u.i.k.p.r.p.TestFile    Now processing file /home/runner/work/key/key/key.core/../key.ui/examples/standard_key/java_dl/jml-assert/assert.key 
66682      INFO  main            d.u.i.k.p.i.AbstractProblemLoader Loading environment from /home/runner/work/key/key/key.core/../key.ui/examples/standard_key/java_dl/jml-assert/assert.key 
66683      DEBUG main            d.u.i.k.p.i.AbstractProblemLoader Environment load took 195.7ns 
66684      INFO  main            d.u.i.k.p.i.AbstractProblemLoader Creating init config 
69209      DEBUG main            d.u.i.k.p.i.AbstractProblemLoader Init config took 2.53s 
69248      INFO  main            d.u.i.k.p.i.AbstractProblemLoader Replaying proof Assert[Assert::createArray(int)].JML normal_behavior operation contract.0 
69250      DEBUG main            d.u.i.k.p.i.IntermediateProofReplayer Proof replay took 7.3ns 
69452      INFO  main            d.u.i.k.p.r.p.TestFile    ... finished proof: closed. 
69628      INFO  main            d.u.i.k.p.i.AbstractProblemLoader Loading environment from /home/runner/work/key/key/key.core/../key.ui/examples/standard_key/java_dl/jml-assert/assert.key.proof 
69628      DEBUG main            d.u.i.k.p.i.AbstractProblemLoader Environment load took 108.1ns 
69629      INFO  main            d.u.i.k.p.i.AbstractProblemLoader Creating init config 
72069      DEBUG main            d.u.i.k.p.i.AbstractProblemLoader Init config took 2.44s 
72106      INFO  main            d.u.i.k.p.i.AbstractProblemLoader Replaying proof Assert[Assert::createArray(int)].JML normal_behavior operation contract.0 
72150      DEBUG main            d.u.i.k.p.i.IntermediateProofReplayer Proof replay took 41.55ms 
72151      DEBUG main            d.u.i.k.p.r.p.TestFile    ... success: reloaded. 
72152      INFO  main            d.u.i.k.p.r.p.TestFile    Now processing file /home/runner/work/key/key/key.core/../key.ui/examples/standard_key/java_dl/jml-assert/assert_assume_order.key 
72152      INFO  main            d.u.i.k.p.i.AbstractProblemLoader Loading environment from /home/runner/work/key/key/key.core/../key.ui/examples/standard_key/java_dl/jml-assert/assert_assume_order.key 
72153      DEBUG main            d.u.i.k.p.i.AbstractProblemLoader Environment load took 88.5ns 
72153      INFO  main            d.u.i.k.p.i.AbstractProblemLoader Creating init config 
74648      DEBUG main            d.u.i.k.p.i.AbstractProblemLoader Init config took 2.49s 
74688      INFO  main            d.u.i.k.p.i.AbstractProblemLoader Replaying proof AssertAssume[AssertAssume::singleAssumeAssert(int)].JML normal_behavior operation contract.0 
74689      DEBUG main            d.u.i.k.p.i.IntermediateProofReplayer Proof replay took 5.8ns 
74794      INFO  main            d.u.i.k.p.r.p.TestFile    ... finished proof: closed. 
74970      INFO  main            d.u.i.k.p.i.AbstractProblemLoader Loading environment from /home/runner/work/key/key/key.core/../key.ui/examples/standard_key/java_dl/jml-assert/assert_assume_order.key.proof 
74970      DEBUG main            d.u.i.k.p.i.AbstractProblemLoader Environment load took 104ns 
74971      INFO  main            d.u.i.k.p.i.AbstractProblemLoader Creating init config 
77412      DEBUG main            d.u.i.k.p.i.AbstractProblemLoader Init config took 2.44s 
77447      INFO  main            d.u.i.k.p.i.AbstractProblemLoader Replaying proof AssertAssume[AssertAssume::singleAssumeAssert(int)].JML normal_behavior operation contract.0 
77457      DEBUG main            d.u.i.k.p.i.IntermediateProofReplayer Proof replay took 7.18ms 
77458      DEBUG main            d.u.i.k.p.r.p.TestFile    ... success: reloaded. 
77459      INFO  main            d.u.i.k.p.r.p.TestFile    Now processing file /home/runner/work/key/key/key.core/../key.ui/examples/heap/block_loop_contracts/SimpleVariants/sum_onBlock_external.key 
77459      INFO  main            d.u.i.k.p.i.AbstractProblemLoader Loading environment from /home/runner/work/key/key/key.core/../key.ui/examples/heap/block_loop_contracts/SimpleVariants/sum_onBlock_external.key 
77460      DEBUG main            d.u.i.k.p.i.AbstractProblemLoader Environment load took 220.8ns 
77461      INFO  main            d.u.i.k.p.i.AbstractProblemLoader Creating init config 
80206      DEBUG main            d.u.i.k.p.i.AbstractProblemLoader Init config took 2.75s 
80241      INFO  main            d.u.i.k.p.i.AbstractProblemLoader Replaying proof LoopContractExamplesAll[LoopContractExamplesAll::sum_loopContract_onBlock([I)].JML normal_behavior operation contract.0 
80244      DEBUG main            d.u.i.k.p.i.IntermediateProofReplayer Proof replay took 11.6ns 
80345      INFO  main            d.u.i.k.p.r.p.TestFile    ... finished proof: closed. 
80552      INFO  main            d.u.i.k.p.i.AbstractProblemLoader Loading environment from /home/runner/work/key/key/key.core/../key.ui/examples/heap/block_loop_contracts/SimpleVariants/sum_onBlock_external.key.proof 
80552      DEBUG main            d.u.i.k.p.i.AbstractProblemLoader Environment load took 103.6ns 
80553      INFO  main            d.u.i.k.p.i.AbstractProblemLoader Creating init config 
83179      DEBUG main            d.u.i.k.p.i.AbstractProblemLoader Init config took 2.63s 
83217      INFO  main            d.u.i.k.p.i.AbstractProblemLoader Replaying proof LoopContractExamplesAll[LoopContractExamplesAll::sum_loopContract_onBlock([I)].JML normal_behavior operation contract.0 
83268      DEBUG main            d.u.i.k.p.i.IntermediateProofReplayer Proof replay took 47.26ms 
83269      DEBUG main            d.u.i.k.p.r.p.TestFile    ... success: reloaded. 
83270      INFO  main            d.u.i.k.p.r.p.TestFile    Now processing file /home/runner/work/key/key/key.core/../key.ui/examples/heap/block_loop_contracts/SimpleVariants/sum_onBlock_internal.key 
83270      INFO  main            d.u.i.k.p.i.AbstractProblemLoader Loading environment from /home/runner/work/key/key/key.core/../key.ui/examples/heap/block_loop_contracts/SimpleVariants/sum_onBlock_internal.key 
83270      DEBUG main            d.u.i.k.p.i.AbstractProblemLoader Environment load took 87.4ns 
83272      INFO  main            d.u.i.k.p.i.AbstractProblemLoader Creating init config 
85951      DEBUG main            d.u.i.k.p.i.AbstractProblemLoader Init config took 2.68s 
85988      INFO  main            d.u.i.k.p.i.AbstractProblemLoader Replaying proof LoopContractExamplesAll[LoopContractExamplesAll::sum_loopContract_onBlock([I)].JML normal_behavior operation contract.0 
85994      DEBUG main            d.u.i.k.p.i.IntermediateProofReplayer Proof replay took 10.8ns 
86699      INFO  main            d.u.i.k.p.r.p.TestFile    ... finished proof: closed. 
86929      INFO  main            d.u.i.k.p.i.AbstractProblemLoader Loading environment from /home/runner/work/key/key/key.core/../key.ui/examples/heap/block_loop_contracts/SimpleVariants/sum_onBlock_internal.key.proof 
86929      DEBUG main            d.u.i.k.p.i.AbstractProblemLoader Environment load took 102.4ns 
86930      INFO  main            d.u.i.k.p.i.AbstractProblemLoader Creating init config 
89564      DEBUG main            d.u.i.k.p.i.AbstractProblemLoader Init config took 2.63s 
89598      INFO  main            d.u.i.k.p.i.AbstractProblemLoader Replaying proof LoopContractExamplesAll[LoopContractExamplesAll::sum_loopContract_onBlock([I)].JML normal_behavior operation contract.0 
89830      DEBUG main            d.u.i.k.p.i.IntermediateProofReplayer Proof replay took 228.31ms 
89831      DEBUG main            d.u.i.k.p.r.p.TestFile    ... success: reloaded. 
89832      INFO  main            d.u.i.k.p.r.p.TestFile    Now processing file /home/runner/work/key/key/key.core/../key.ui/examples/heap/block_loop_contracts/SimpleVariants/sum_onBlock_loop.key 
89833      INFO  main            d.u.i.k.p.i.AbstractProblemLoader Loading environment from /home/runner/work/key/key/key.core/../key.ui/examples/heap/block_loop_contracts/SimpleVariants/sum_onBlock_loop.key 
89833      DEBUG main            d.u.i.k.p.i.AbstractProblemLoader Environment load took 217.6ns 
89834      INFO  main            d.u.i.k.p.i.AbstractProblemLoader Creating init config 
92499      DEBUG main            d.u.i.k.p.i.AbstractProblemLoader Init config took 2.67s 
92536      INFO  main            d.u.i.k.p.i.AbstractProblemLoader Replaying proof LoopContractExamplesAll[LoopContractExamplesAll::sum_loopContract_onBlock([I)].JML normal_behavior loop contract.0 
92538      DEBUG main            d.u.i.k.p.i.IntermediateProofReplayer Proof replay took 12.2ns 
93244      INFO  main            d.u.i.k.p.r.p.TestFile    ... finished proof: closed. 
93513      INFO  main            d.u.i.k.p.i.AbstractProblemLoader Loading environment from /home/runner/work/key/key/key.core/../key.ui/examples/heap/block_loop_contracts/SimpleVariants/sum_onBlock_loop.key.proof 
93513      DEBUG main            d.u.i.k.p.i.AbstractProblemLoader Environment load took 106.8ns 
93514      INFO  main            d.u.i.k.p.i.AbstractProblemLoader Creating init config 
96160      DEBUG main            d.u.i.k.p.i.AbstractProblemLoader Init config took 2.65s 
96194      INFO  main            d.u.i.k.p.i.AbstractProblemLoader Replaying proof LoopContractExamplesAll[LoopContractExamplesAll::sum_loopContract_onBlock([I)].JML normal_behavior loop contract.0 
96451      DEBUG main            d.u.i.k.p.i.IntermediateProofReplayer Proof replay took 251.81ms 
96452      DEBUG main            d.u.i.k.p.r.p.TestFile    ... success: reloaded. 
96454      INFO  main            d.u.i.k.p.r.p.TestFile    Now processing file /home/runner/work/key/key/key.core/../key.ui/examples/heap/block_loop_contracts/SimpleVariants/sum_onLoop_external.key 
96454      INFO  main            d.u.i.k.p.i.AbstractProblemLoader Loading environment from /home/runner/work/key/key/key.core/../key.ui/examples/heap/block_loop_contracts/SimpleVariants/sum_onLoop_external.key 
96454      DEBUG main            d.u.i.k.p.i.AbstractProblemLoader Environment load took 221.2ns 
96455      INFO  main            d.u.i.k.p.i.AbstractProblemLoader Creating init config 
99133      DEBUG main            d.u.i.k.p.i.AbstractProblemLoader Init config took 2.68s 
99186      INFO  main            d.u.i.k.p.i.AbstractProblemLoader Replaying proof LoopContractExamplesAll[LoopContractExamplesAll::sum_loopContract_onLoop([I)].JML normal_behavior operation contract.0 
99187      DEBUG main            d.u.i.k.p.i.IntermediateProofReplayer Proof replay took 22.2ns 
99289      INFO  main            d.u.i.k.p.r.p.TestFile    ... finished proof: closed. 
99560      INFO  main            d.u.i.k.p.i.AbstractProblemLoader Loading environment from /home/runner/work/key/key/key.core/../key.ui/examples/heap/block_loop_contracts/SimpleVariants/sum_onLoop_external.key.proof 
99560      DEBUG main            d.u.i.k.p.i.AbstractProblemLoader Environment load took 104.5ns 
99561      INFO  main            d.u.i.k.p.i.AbstractProblemLoader Creating init config 
102163     DEBUG main            d.u.i.k.p.i.AbstractProblemLoader Init config took 2.6s 
102196     INFO  main            d.u.i.k.p.i.AbstractProblemLoader Replaying proof LoopContractExamplesAll[LoopContractExamplesAll::sum_loopContract_onLoop([I)].JML normal_behavior operation contract.0 
102223     DEBUG main            d.u.i.k.p.i.IntermediateProofReplayer Proof replay took 25.11ms 
102223     DEBUG main            d.u.i.k.p.r.p.TestFile    ... success: reloaded. 
102224     INFO  main            d.u.i.k.p.r.p.TestFile    Now processing file /home/runner/work/key/key/key.core/../key.ui/examples/heap/block_loop_contracts/SimpleVariants/sum_onLoop_internal.key 
102224     INFO  main            d.u.i.k.p.i.AbstractProblemLoader Loading environment from /home/runner/work/key/key/key.core/../key.ui/examples/heap/block_loop_contracts/SimpleVariants/sum_onLoop_internal.key 
102224     DEBUG main            d.u.i.k.p.i.AbstractProblemLoader Environment load took 90ns 
102225     INFO  main            d.u.i.k.p.i.AbstractProblemLoader Creating init config 
104896     DEBUG main            d.u.i.k.p.i.AbstractProblemLoader Init config took 2.67s 
104929     INFO  main            d.u.i.k.p.i.AbstractProblemLoader Replaying proof LoopContractExamplesAll[LoopContractExamplesAll::sum_loopContract_onLoop([I)].JML normal_behavior operation contract.0 
104931     DEBUG main            d.u.i.k.p.i.IntermediateProofReplayer Proof replay took 11.2ns 
105541     INFO  main            d.u.i.k.p.r.p.TestFile    ... finished proof: closed. 
105856     INFO  main            d.u.i.k.p.i.AbstractProblemLoader Loading environment from /home/runner/work/key/key/key.core/../key.ui/examples/heap/block_loop_contracts/SimpleVariants/sum_onLoop_internal.key.proof 
105856     DEBUG main            d.u.i.k.p.i.AbstractProblemLoader Environment load took 470ns 
105858     INFO  main            d.u.i.k.p.i.AbstractProblemLoader Creating init config 
108440     DEBUG main            d.u.i.k.p.i.AbstractProblemLoader Init config took 2.58s 
108474     INFO  main            d.u.i.k.p.i.AbstractProblemLoader Replaying proof LoopContractExamplesAll[LoopContractExamplesAll::sum_loopContract_onLoop([I)].JML normal_behavior operation contract.0 
108701     DEBUG main            d.u.i.k.p.i.IntermediateProofReplayer Proof replay took 223.17ms 
108702     DEBUG main            d.u.i.k.p.r.p.TestFile    ... success: reloaded. 
108703     INFO  main            d.u.i.k.p.r.p.TestFile    Now processing file /home/runner/work/key/key/key.core/../key.ui/examples/heap/block_loop_contracts/SimpleVariants/sum_onLoop_loop.key 
108704     INFO  main            d.u.i.k.p.i.AbstractProblemLoader Loading environment from /home/runner/work/key/key/key.core/../key.ui/examples/heap/block_loop_contracts/SimpleVariants/sum_onLoop_loop.key 
108704     DEBUG main            d.u.i.k.p.i.AbstractProblemLoader Environment load took 200.7ns 
108705     INFO  main            d.u.i.k.p.i.AbstractProblemLoader Creating init config 
111394     DEBUG main            d.u.i.k.p.i.AbstractProblemLoader Init config took 2.69s 
111428     INFO  main            d.u.i.k.p.i.AbstractProblemLoader Replaying proof LoopContractExamplesAll[LoopContractExamplesAll::sum_loopContract_onLoop([I)].JML normal_behavior loop contract.0 
111430     DEBUG main            d.u.i.k.p.i.IntermediateProofReplayer Proof replay took 27.6ns 
112133     INFO  main            d.u.i.k.p.r.p.TestFile    ... finished proof: closed. 
112407     INFO  main            d.u.i.k.p.i.AbstractProblemLoader Loading environment from /home/runner/work/key/key/key.core/../key.ui/examples/heap/block_loop_contracts/SimpleVariants/sum_onLoop_loop.key.proof 
112407     DEBUG main            d.u.i.k.p.i.AbstractProblemLoader Environment load took 120.3ns 
112408     INFO  main            d.u.i.k.p.i.AbstractProblemLoader Creating init config 
114990     DEBUG main            d.u.i.k.p.i.AbstractProblemLoader Init config took 2.58s 
115038     INFO  main            d.u.i.k.p.i.AbstractProblemLoader Replaying proof LoopContractExamplesAll[LoopContractExamplesAll::sum_loopContract_onLoop([I)].JML normal_behavior loop contract.0 
115263     DEBUG main            d.u.i.k.p.i.IntermediateProofReplayer Proof replay took 221.46ms 
115264     DEBUG main            d.u.i.k.p.r.p.TestFile    ... success: reloaded. 
115265     INFO  main            d.u.i.k.p.r.p.TestFile    Now processing file /home/runner/work/key/key/key.core/../key.ui/examples/heap/block_loop_contracts/Free/blockContracts0.key 
115265     INFO  main            d.u.i.k.p.i.AbstractProblemLoader Loading environment from /home/runner/work/key/key/key.core/../key.ui/examples/heap/block_loop_contracts/Free/blockContracts0.key 
115265     DEBUG main            d.u.i.k.p.i.AbstractProblemLoader Environment load took 76.8ns 
115266     INFO  main            d.u.i.k.p.i.AbstractProblemLoader Creating init config 
117615     DEBUG main            d.u.i.k.p.i.AbstractProblemLoader Init config took 2.35s 
117649     INFO  main            d.u.i.k.p.i.AbstractProblemLoader Replaying proof FreeConditions[FreeConditions::blockContract0()].JML normal_behavior operation contract.0 
117650     DEBUG main            d.u.i.k.p.i.IntermediateProofReplayer Proof replay took 11.8ns 
117752     INFO  main            d.u.i.k.p.r.p.TestFile    ... finished proof: closed. 
118014     INFO  main            d.u.i.k.p.i.AbstractProblemLoader Loading environment from /home/runner/work/key/key/key.core/../key.ui/examples/heap/block_loop_contracts/Free/blockContracts0.key.proof 
118014     DEBUG main            d.u.i.k.p.i.AbstractProblemLoader Environment load took 93.3ns 
118015     INFO  main            d.u.i.k.p.i.AbstractProblemLoader Creating init config 
120299     DEBUG main            d.u.i.k.p.i.AbstractProblemLoader Init config took 2.28s 
120331     INFO  main            d.u.i.k.p.i.AbstractProblemLoader Replaying proof FreeConditions[FreeConditions::blockContract0()].JML normal_behavior operation contract.0 
120356     DEBUG main            d.u.i.k.p.i.IntermediateProofReplayer Proof replay took 21.95ms 
120357     DEBUG main            d.u.i.k.p.r.p.TestFile    ... success: reloaded. 
120358     INFO  main            d.u.i.k.p.r.p.TestFile    Now processing file /home/runner/work/key/key/key.core/../key.ui/examples/heap/block_loop_contracts/Free/blockContracts1.key 
120359     INFO  main            d.u.i.k.p.i.AbstractProblemLoader Loading environment from /home/runner/work/key/key/key.core/../key.ui/examples/heap/block_loop_contracts/Free/blockContracts1.key 
120359     DEBUG main            d.u.i.k.p.i.AbstractProblemLoader Environment load took 91.5ns 
120360     INFO  main            d.u.i.k.p.i.AbstractProblemLoader Creating init config 
122667     DEBUG main            d.u.i.k.p.i.AbstractProblemLoader Init config took 2.31s 
122718     INFO  main            d.u.i.k.p.i.AbstractProblemLoader Replaying proof FreeConditions[FreeConditions::blockContract1()].JML normal_behavior operation contract.0 
122720     DEBUG main            d.u.i.k.p.i.IntermediateProofReplayer Proof replay took 12ns 
122823     INFO  main            d.u.i.k.p.r.p.TestFile    ... finished proof: closed. 
123058     INFO  main            d.u.i.k.p.i.AbstractProblemLoader Loading environment from /home/runner/work/key/key/key.core/../key.ui/examples/heap/block_loop_contracts/Free/blockContracts1.key.proof 
123058     DEBUG main            d.u.i.k.p.i.AbstractProblemLoader Environment load took 99.7ns 
123059     INFO  main            d.u.i.k.p.i.AbstractProblemLoader Creating init config 
125329     DEBUG main            d.u.i.k.p.i.AbstractProblemLoader Init config took 2.27s 
125362     INFO  main            d.u.i.k.p.i.AbstractProblemLoader Replaying proof FreeConditions[FreeConditions::blockContract1()].JML normal_behavior operation contract.0 
125379     DEBUG main            d.u.i.k.p.i.IntermediateProofReplayer Proof replay took 14.74ms 
125380     DEBUG main            d.u.i.k.p.r.p.TestFile    ... success: reloaded. 
125380     INFO  main            d.u.i.k.p.r.p.TestFile    Now processing file /home/runner/work/key/key/key.core/../key.ui/examples/heap/block_loop_contracts/Finally/block_finally.key 
125381     INFO  main            d.u.i.k.p.i.AbstractProblemLoader Loading environment from /home/runner/work/key/key/key.core/../key.ui/examples/heap/block_loop_contracts/Finally/block_finally.key 
125381     DEBUG main            d.u.i.k.p.i.AbstractProblemLoader Environment load took 119.9ns 
125382     INFO  main            d.u.i.k.p.i.AbstractProblemLoader Creating init config 
127731     DEBUG main            d.u.i.k.p.i.AbstractProblemLoader Init config took 2.35s 
127765     INFO  main            d.u.i.k.p.i.AbstractProblemLoader Replaying proof AuxiliaryContractsFinally[AuxiliaryContractsFinally::breakThrowContinueBlockContract(java.lang.Exception)].JML block contract.0 
127766     DEBUG main            d.u.i.k.p.i.IntermediateProofReplayer Proof replay took 10.7ns 
128270     INFO  main            d.u.i.k.p.r.p.TestFile    ... finished proof: open goal(s) 
128532     INFO  main            d.u.i.k.p.r.p.TestFile    Now processing file /home/runner/work/key/key/key.core/../key.ui/examples/heap/block_loop_contracts/Finally/loop_finally.key 
128533     INFO  main            d.u.i.k.p.i.AbstractProblemLoader Loading environment from /home/runner/work/key/key/key.core/../key.ui/examples/heap/block_loop_contracts/Finally/loop_finally.key 
128533     DEBUG main            d.u.i.k.p.i.AbstractProblemLoader Environment load took 58.9ns 
128534     INFO  main            d.u.i.k.p.i.AbstractProblemLoader Creating init config 
130819     DEBUG main            d.u.i.k.p.i.AbstractProblemLoader Init config took 2.29s 
130855     INFO  main            d.u.i.k.p.i.AbstractProblemLoader Replaying proof AuxiliaryContractsFinally[AuxiliaryContractsFinally::breakThrowContinueLoopContract(java.lang.Exception)].JML normal_behavior loop contract.0 
130857     DEBUG main            d.u.i.k.p.i.IntermediateProofReplayer Proof replay took 10.4ns 
131471     INFO  main            d.u.i.k.p.r.p.TestFile    ... finished proof: open goal(s) 
601746     INFO  Test worker     d.u.i.k.p.r.RunAllProofsTestUnit Returning from test blockContracts 
601748     INFO  Test worker     d.u.i.k.p.r.RunAllProofsTestUnit Running test jmlAsserts 
323        INFO  Timeout watchdog d.u.i.k.p.r.p.ForkedTestFileRunner Timeout watcher launched (2000 secs.) 
327        WARN  main            d.u.i.k.s.ProofSettings   The settings in /home/runner/.key/proof-settings.props are *not* read. 
358        INFO  main            d.u.i.k.p.r.p.TestFile    Now processing file /home/runner/work/key/key/key.core/../key.ui/examples/standard_key/java_dl/jml-assert/assert.key 
463        INFO  main            d.u.i.k.p.i.AbstractProblemLoader Loading environment from /home/runner/work/key/key/key.core/../key.ui/examples/standard_key/java_dl/jml-assert/assert.key 
478        DEBUG main            d.u.i.k.p.i.AbstractProblemLoader Environment load took 1.86ms 
693        INFO  main            d.u.i.k.p.i.AbstractProblemLoader Creating init config 
1601       DEBUG main            d.u.i.k.j.TypeConverter   No LDT found for Meta 
1604       DEBUG main            d.u.i.k.j.TypeConverter   No LDT found for Meta 
1605       DEBUG main            d.u.i.k.j.TypeConverter   No LDT found for Meta 
1606       DEBUG main            d.u.i.k.j.TypeConverter   No LDT found for Meta 
2884       DEBUG main            d.u.i.k.j.TypeConverter   No LDT found for JavaBigintExpression 
7747       DEBUG main            d.u.i.k.p.i.AbstractProblemLoader Init config took 7.05s 
7878       INFO  main            d.u.i.k.p.i.AbstractProblemLoader Replaying proof Assert[Assert::createArray(int)].JML normal_behavior operation contract.0 
7908       DEBUG main            d.u.i.k.p.i.IntermediateProofReplayer Proof replay took 29.7ns 
8837       INFO  main            d.u.i.k.p.r.p.TestFile    ... finished proof: closed. 
8944       INFO  main            d.u.i.k.p.i.AbstractProblemLoader Loading environment from /home/runner/work/key/key/key.core/../key.ui/examples/standard_key/java_dl/jml-assert/assert.key.proof 
8946       DEBUG main            d.u.i.k.p.i.AbstractProblemLoader Environment load took 1.46ms 
8948       INFO  main            d.u.i.k.p.i.AbstractProblemLoader Creating init config 
11800      DEBUG main            d.u.i.k.p.i.AbstractProblemLoader Init config took 2.85s 
11872      INFO  main            d.u.i.k.p.i.AbstractProblemLoader Replaying proof Assert[Assert::createArray(int)].JML normal_behavior operation contract.0 
12020      DEBUG main            d.u.i.k.p.i.IntermediateProofReplayer Proof replay took 140.22ms 
12029      DEBUG main            d.u.i.k.p.r.p.TestFile    ... success: reloaded. 
12033      INFO  main            d.u.i.k.p.r.p.TestFile    Now processing file /home/runner/work/key/key/key.core/../key.ui/examples/heap/block_loop_contracts/Free/assertions0.key 
12034      INFO  main            d.u.i.k.p.i.AbstractProblemLoader Loading environment from /home/runner/work/key/key/key.core/../key.ui/examples/heap/block_loop_contracts/Free/assertions0.key 
12034      DEBUG main            d.u.i.k.p.i.AbstractProblemLoader Environment load took 240.9ns 
12038      INFO  main            d.u.i.k.p.i.AbstractProblemLoader Creating init config 
14630      DEBUG main            d.u.i.k.p.i.AbstractProblemLoader Init config took 2.59s 
14699      INFO  main            d.u.i.k.p.i.AbstractProblemLoader Replaying proof FreeConditions[FreeConditions::assertions0()].JML normal_behavior operation contract.0 
14703      DEBUG main            d.u.i.k.p.i.IntermediateProofReplayer Proof replay took 12.5ns 
14805      INFO  main            d.u.i.k.p.r.p.TestFile    ... finished proof: closed. 
14915      INFO  main            d.u.i.k.p.i.AbstractProblemLoader Loading environment from /home/runner/work/key/key/key.core/../key.ui/examples/heap/block_loop_contracts/Free/assertions0.key.proof 
14915      DEBUG main            d.u.i.k.p.i.AbstractProblemLoader Environment load took 119.9ns 
14917      INFO  main            d.u.i.k.p.i.AbstractProblemLoader Creating init config 
17377      DEBUG main            d.u.i.k.p.i.AbstractProblemLoader Init config took 2.46s 
17423      INFO  main            d.u.i.k.p.i.AbstractProblemLoader Replaying proof FreeConditions[FreeConditions::assertions0()].JML normal_behavior operation contract.0 
17446      DEBUG main            d.u.i.k.p.i.IntermediateProofReplayer Proof replay took 20.16ms 
17447      DEBUG main            d.u.i.k.p.r.p.TestFile    ... success: reloaded. 
17448      INFO  main            d.u.i.k.p.r.p.TestFile    Now processing file /home/runner/work/key/key/key.core/../key.ui/examples/heap/block_loop_contracts/Free/assertions1.key 
17449      INFO  main            d.u.i.k.p.i.AbstractProblemLoader Loading environment from /home/runner/work/key/key/key.core/../key.ui/examples/heap/block_loop_contracts/Free/assertions1.key 
17449      DEBUG main            d.u.i.k.p.i.AbstractProblemLoader Environment load took 237.6ns 
17450      INFO  main            d.u.i.k.p.i.AbstractProblemLoader Creating init config 
19940      DEBUG main            d.u.i.k.p.i.AbstractProblemLoader Init config took 2.49s 
19984      INFO  main            d.u.i.k.p.i.AbstractProblemLoader Replaying proof FreeConditions[FreeConditions::assertions1()].JML normal_behavior operation contract.0 
19986      DEBUG main            d.u.i.k.p.i.IntermediateProofReplayer Proof replay took 12.1ns 
20089      INFO  main            d.u.i.k.p.r.p.TestFile    ... finished proof: closed. 
20242      INFO  main            d.u.i.k.p.i.AbstractProblemLoader Loading environment from /home/runner/work/key/key/key.core/../key.ui/examples/heap/block_loop_contracts/Free/assertions1.key.proof 
20243      DEBUG main            d.u.i.k.p.i.AbstractProblemLoader Environment load took 111.1ns 
20245      INFO  main            d.u.i.k.p.i.AbstractProblemLoader Creating init config 
22678      DEBUG main            d.u.i.k.p.i.AbstractProblemLoader Init config took 2.43s 
22721      INFO  main            d.u.i.k.p.i.AbstractProblemLoader Replaying proof FreeConditions[FreeConditions::assertions1()].JML normal_behavior operation contract.0 
22728      DEBUG main            d.u.i.k.p.i.IntermediateProofReplayer Proof replay took 5.07ms 
22729      DEBUG main            d.u.i.k.p.r.p.TestFile    ... success: reloaded. 
22730      INFO  main            d.u.i.k.p.r.p.TestFile    Now processing file /home/runner/work/key/key/key.core/../key.ui/examples/standard_key/java_dl/jml-assert/recursion-assert.key 
22730      INFO  main            d.u.i.k.p.i.AbstractProblemLoader Loading environment from /home/runner/work/key/key/key.core/../key.ui/examples/standard_key/java_dl/jml-assert/recursion-assert.key 
22731      DEBUG main            d.u.i.k.p.i.AbstractProblemLoader Environment load took 222.3ns 
22732      INFO  main            d.u.i.k.p.i.AbstractProblemLoader Creating init config 
25325      DEBUG main            d.u.i.k.p.i.AbstractProblemLoader Init config took 2.59s 
25388      INFO  main            d.u.i.k.p.i.AbstractProblemLoader Replaying proof RecursiveMethod[RecursiveMethod::fac1(int)].JML normal_behavior operation contract.0 
25391      DEBUG main            d.u.i.k.p.i.IntermediateProofReplayer Proof replay took 5.2ns 
25594      INFO  main            d.u.i.k.p.r.p.TestFile    ... finished proof: closed. 
25747      INFO  main            d.u.i.k.p.i.AbstractProblemLoader Loading environment from /home/runner/work/key/key/key.core/../key.ui/examples/standard_key/java_dl/jml-assert/recursion-assert.key.proof 
25748      DEBUG main            d.u.i.k.p.i.AbstractProblemLoader Environment load took 109.5ns 
25750      INFO  main            d.u.i.k.p.i.AbstractProblemLoader Creating init config 
28291      DEBUG main            d.u.i.k.p.i.AbstractProblemLoader Init config took 2.54s 
28333      INFO  main            d.u.i.k.p.i.AbstractProblemLoader Replaying proof RecursiveMethod[RecursiveMethod::fac1(int)].JML normal_behavior operation contract.0 
28374      DEBUG main            d.u.i.k.p.i.IntermediateProofReplayer Proof replay took 37.54ms 
28375      DEBUG main            d.u.i.k.p.r.p.TestFile    ... success: reloaded. 
28376      INFO  main            d.u.i.k.p.r.p.TestFile    Now processing file /home/runner/work/key/key/key.core/../key.ui/examples/standard_key/java_dl/jml-assert/recursion-assume.key 
28377      INFO  main            d.u.i.k.p.i.AbstractProblemLoader Loading environment from /home/runner/work/key/key/key.core/../key.ui/examples/standard_key/java_dl/jml-assert/recursion-assume.key 
28377      DEBUG main            d.u.i.k.p.i.AbstractProblemLoader Environment load took 224.6ns 
28378      INFO  main            d.u.i.k.p.i.AbstractProblemLoader Creating init config 
30980      DEBUG main            d.u.i.k.p.i.AbstractProblemLoader Init config took 2.6s 
31022      INFO  main            d.u.i.k.p.i.AbstractProblemLoader Replaying proof RecursiveMethod[RecursiveMethod::fac2(int)].JML normal_behavior operation contract.0 
31023      DEBUG main            d.u.i.k.p.i.IntermediateProofReplayer Proof replay took 6.2ns 
31226      INFO  main            d.u.i.k.p.r.p.TestFile    ... finished proof: closed. 
31384      INFO  main            d.u.i.k.p.i.AbstractProblemLoader Loading environment from /home/runner/work/key/key/key.core/../key.ui/examples/standard_key/java_dl/jml-assert/recursion-assume.key.proof 
31384      DEBUG main            d.u.i.k.p.i.AbstractProblemLoader Environment load took 111.9ns 
31385      INFO  main            d.u.i.k.p.i.AbstractProblemLoader Creating init config 
33893      DEBUG main            d.u.i.k.p.i.AbstractProblemLoader Init config took 2.51s 
33935      INFO  main            d.u.i.k.p.i.AbstractProblemLoader Replaying proof RecursiveMethod[RecursiveMethod::fac2(int)].JML normal_behavior operation contract.0 
33988      DEBUG main            d.u.i.k.p.i.IntermediateProofReplayer Proof replay took 50.84ms 
33989      DEBUG main            d.u.i.k.p.r.p.TestFile    ... success: reloaded. 
33991      INFO  main            d.u.i.k.p.r.p.TestFile    Now processing file /home/runner/work/key/key/key.core/../key.ui/examples/standard_key/java_dl/jml-assert/quantor-assert.key 
33991      INFO  main            d.u.i.k.p.i.AbstractProblemLoader Loading environment from /home/runner/work/key/key/key.core/../key.ui/examples/standard_key/java_dl/jml-assert/quantor-assert.key 
33991      DEBUG main            d.u.i.k.p.i.AbstractProblemLoader Environment load took 555.4ns 
33992      INFO  main            d.u.i.k.p.i.AbstractProblemLoader Creating init config 
36556      DEBUG main            d.u.i.k.p.i.AbstractProblemLoader Init config took 2.56s 
36597      INFO  main            d.u.i.k.p.i.AbstractProblemLoader Replaying proof Quantor[Quantor::square1(int)].JML normal_behavior operation contract.0 
36599      DEBUG main            d.u.i.k.p.i.IntermediateProofReplayer Proof replay took 5.7ns 
36701      INFO  main            d.u.i.k.p.r.p.TestFile    ... finished proof: closed. 
36882      INFO  main            d.u.i.k.p.i.AbstractProblemLoader Loading environment from /home/runner/work/key/key/key.core/../key.ui/examples/standard_key/java_dl/jml-assert/quantor-assert.key.proof 
36882      DEBUG main            d.u.i.k.p.i.AbstractProblemLoader Environment load took 108.3ns 
36883      INFO  main            d.u.i.k.p.i.AbstractProblemLoader Creating init config 
39411      DEBUG main            d.u.i.k.p.i.AbstractProblemLoader Init config took 2.53s 
39464      INFO  main            d.u.i.k.p.i.AbstractProblemLoader Replaying proof Quantor[Quantor::square1(int)].JML normal_behavior operation contract.0 
39483      DEBUG main            d.u.i.k.p.i.IntermediateProofReplayer Proof replay took 15.5ms 
39484      DEBUG main            d.u.i.k.p.r.p.TestFile    ... success: reloaded. 
39485      INFO  main            d.u.i.k.p.r.p.TestFile    Now processing file /home/runner/work/key/key/key.core/../key.ui/examples/standard_key/java_dl/jml-assert/quantor-assume.key 
39485      INFO  main            d.u.i.k.p.i.AbstractProblemLoader Loading environment from /home/runner/work/key/key/key.core/../key.ui/examples/standard_key/java_dl/jml-assert/quantor-assume.key 
39485      DEBUG main            d.u.i.k.p.i.AbstractProblemLoader Environment load took 95.1ns 
39486      INFO  main            d.u.i.k.p.i.AbstractProblemLoader Creating init config 
41995      DEBUG main            d.u.i.k.p.i.AbstractProblemLoader Init config took 2.51s 
42034      INFO  main            d.u.i.k.p.i.AbstractProblemLoader Replaying proof Quantor[Quantor::square2(int)].JML normal_behavior operation contract.0 
42036      DEBUG main            d.u.i.k.p.i.IntermediateProofReplayer Proof replay took 6ns 
42140      INFO  main            d.u.i.k.p.r.p.TestFile    ... finished proof: closed. 
42305      INFO  main            d.u.i.k.p.i.AbstractProblemLoader Loading environment from /home/runner/work/key/key/key.core/../key.ui/examples/standard_key/java_dl/jml-assert/quantor-assume.key.proof 
42305      DEBUG main            d.u.i.k.p.i.AbstractProblemLoader Environment load took 115.8ns 
42306      INFO  main            d.u.i.k.p.i.AbstractProblemLoader Creating init config 
44770      DEBUG main            d.u.i.k.p.i.AbstractProblemLoader Init config took 2.46s 
44817      INFO  main            d.u.i.k.p.i.AbstractProblemLoader Replaying proof Quantor[Quantor::square2(int)].JML normal_behavior operation contract.0 
44834      DEBUG main            d.u.i.k.p.i.IntermediateProofReplayer Proof replay took 14.52ms 
44835      DEBUG main            d.u.i.k.p.r.p.TestFile    ... success: reloaded. 
44836      INFO  main            d.u.i.k.p.r.p.TestFile    Now processing file /home/runner/work/key/key/key.core/../key.ui/examples/standard_key/java_dl/jml-assert/model-methods-static-static.key 
44836      INFO  main            d.u.i.k.p.i.AbstractProblemLoader Loading environment from /home/runner/work/key/key/key.core/../key.ui/examples/standard_key/java_dl/jml-assert/model-methods-static-static.key 
44837      DEBUG main            d.u.i.k.p.i.AbstractProblemLoader Environment load took 90.3ns 
44837      INFO  main            d.u.i.k.p.i.AbstractProblemLoader Creating init config 
47359      DEBUG main            d.u.i.k.p.i.AbstractProblemLoader Init config took 2.52s 
47398      INFO  main            d.u.i.k.p.i.AbstractProblemLoader Replaying proof ModelMethods[ModelMethods::test1()].JML normal_behavior operation contract.0 
47399      DEBUG main            d.u.i.k.p.i.IntermediateProofReplayer Proof replay took 6.1ns 
47502      INFO  main            d.u.i.k.p.r.p.TestFile    ... finished proof: closed. 
47677      INFO  main            d.u.i.k.p.i.AbstractProblemLoader Loading environment from /home/runner/work/key/key/key.core/../key.ui/examples/standard_key/java_dl/jml-assert/model-methods-static-static.key.proof 
47677      DEBUG main            d.u.i.k.p.i.AbstractProblemLoader Environment load took 121.9ns 
47678      INFO  main            d.u.i.k.p.i.AbstractProblemLoader Creating init config 
50154      DEBUG main            d.u.i.k.p.i.AbstractProblemLoader Init config took 2.48s 
50196      INFO  main            d.u.i.k.p.i.AbstractProblemLoader Replaying proof ModelMethods[ModelMethods::test1()].JML normal_behavior operation contract.0 
50203      DEBUG main            d.u.i.k.p.i.IntermediateProofReplayer Proof replay took 5.92ms 
50204      DEBUG main            d.u.i.k.p.r.p.TestFile    ... success: reloaded. 
50205      INFO  main            d.u.i.k.p.r.p.TestFile    Now processing file /home/runner/work/key/key/key.core/../key.ui/examples/standard_key/java_dl/jml-assert/model-methods-instance-static.key 
50205      INFO  main            d.u.i.k.p.i.AbstractProblemLoader Loading environment from /home/runner/work/key/key/key.core/../key.ui/examples/standard_key/java_dl/jml-assert/model-methods-instance-static.key 
50205      DEBUG main            d.u.i.k.p.i.AbstractProblemLoader Environment load took 77.7ns 
50206      INFO  main            d.u.i.k.p.i.AbstractProblemLoader Creating init config 
52706      DEBUG main            d.u.i.k.p.i.AbstractProblemLoader Init config took 2.5s 
52742      INFO  main            d.u.i.k.p.i.AbstractProblemLoader Replaying proof ModelMethods[ModelMethods::test2()].JML normal_behavior operation contract.0 
52743      DEBUG main            d.u.i.k.p.i.IntermediateProofReplayer Proof replay took 5.5ns 
52845      INFO  main            d.u.i.k.p.r.p.TestFile    ... finished proof: closed. 
53020      INFO  main            d.u.i.k.p.i.AbstractProblemLoader Loading environment from /home/runner/work/key/key/key.core/../key.ui/examples/standard_key/java_dl/jml-assert/model-methods-instance-static.key.proof 
53020      DEBUG main            d.u.i.k.p.i.AbstractProblemLoader Environment load took 105.1ns 
53021      INFO  main            d.u.i.k.p.i.AbstractProblemLoader Creating init config 
55476      DEBUG main            d.u.i.k.p.i.AbstractProblemLoader Init config took 2.45s 
55511      INFO  main            d.u.i.k.p.i.AbstractProblemLoader Replaying proof ModelMethods[ModelMethods::test2()].JML normal_behavior operation contract.0 
55521      DEBUG main            d.u.i.k.p.i.IntermediateProofReplayer Proof replay took 7.51ms 
55522      DEBUG main            d.u.i.k.p.r.p.TestFile    ... success: reloaded. 
55523      INFO  main            d.u.i.k.p.r.p.TestFile    Now processing file /home/runner/work/key/key/key.core/../key.ui/examples/standard_key/java_dl/jml-assert/model-methods-instance-instance.key 
55523      INFO  main            d.u.i.k.p.i.AbstractProblemLoader Loading environment from /home/runner/work/key/key/key.core/../key.ui/examples/standard_key/java_dl/jml-assert/model-methods-instance-instance.key 
55523      DEBUG main            d.u.i.k.p.i.AbstractProblemLoader Environment load took 202.1ns 
55524      INFO  main            d.u.i.k.p.i.AbstractProblemLoader Creating init config 
58020      DEBUG main            d.u.i.k.p.i.AbstractProblemLoader Init config took 2.5s 
58055      INFO  main            d.u.i.k.p.i.AbstractProblemLoader Replaying proof ModelMethods[ModelMethods::test3()].JML normal_behavior operation contract.0 
58056      DEBUG main            d.u.i.k.p.i.IntermediateProofReplayer Proof replay took 5.2ns 
58158      INFO  main            d.u.i.k.p.r.p.TestFile    ... finished proof: closed. 
58340      INFO  main            d.u.i.k.p.i.AbstractProblemLoader Loading environment from /home/runner/work/key/key/key.core/../key.ui/examples/standard_key/java_dl/jml-assert/model-methods-instance-instance.key.proof 
58340      DEBUG main            d.u.i.k.p.i.AbstractProblemLoader Environment load took 130.6ns 
58341      INFO  main            d.u.i.k.p.i.AbstractProblemLoader Creating init config 
60826      DEBUG main            d.u.i.k.p.i.AbstractProblemLoader Init config took 2.49s 
60862      INFO  main            d.u.i.k.p.i.AbstractProblemLoader Replaying proof ModelMethods[ModelMethods::test3()].JML normal_behavior operation contract.0 
60874      DEBUG main            d.u.i.k.p.i.IntermediateProofReplayer Proof replay took 9.72ms 
60875      DEBUG main            d.u.i.k.p.r.p.TestFile    ... success: reloaded. 
60876      INFO  main            d.u.i.k.p.r.p.TestFile    Now processing file /home/runner/work/key/key/key.core/../key.ui/examples/standard_key/java_dl/jml-assert/model-methods-static-instance.key 
60876      INFO  main            d.u.i.k.p.i.AbstractProblemLoader Loading environment from /home/runner/work/key/key/key.core/../key.ui/examples/standard_key/java_dl/jml-assert/model-methods-static-instance.key 
60876      DEBUG main            d.u.i.k.p.i.AbstractProblemLoader Environment load took 94.4ns 
60877      INFO  main            d.u.i.k.p.i.AbstractProblemLoader Creating init config 
63401      DEBUG main            d.u.i.k.p.i.AbstractProblemLoader Init config took 2.52s 
63436      INFO  main            d.u.i.k.p.i.AbstractProblemLoader Replaying proof ModelMethods[ModelMethods::test4()].JML normal_behavior operation contract.0 
63437      DEBUG main            d.u.i.k.p.i.IntermediateProofReplayer Proof replay took 5.9ns 
63541      INFO  main            d.u.i.k.p.r.p.TestFile    ... finished proof: closed. 
63725      INFO  main            d.u.i.k.p.i.AbstractProblemLoader Loading environment from /home/runner/work/key/key/key.core/../key.ui/examples/standard_key/java_dl/jml-assert/model-methods-static-instance.key.proof 
63725      DEBUG main            d.u.i.k.p.i.AbstractProblemLoader Environment load took 109.5ns 
63726      INFO  main            d.u.i.k.p.i.AbstractProblemLoader Creating init config 
66189      DEBUG main            d.u.i.k.p.i.AbstractProblemLoader Init config took 2.46s 
66225      INFO  main            d.u.i.k.p.i.AbstractProblemLoader Replaying proof ModelMethods[ModelMethods::test4()].JML normal_behavior operation contract.0 
66258      DEBUG main            d.u.i.k.p.i.IntermediateProofReplayer Proof replay took 30.43ms 
66259      DEBUG main            d.u.i.k.p.r.p.TestFile    ... success: reloaded. 
66260      INFO  main            d.u.i.k.p.r.p.TestFile    Now processing file /home/runner/work/key/key/key.core/../key.ui/examples/standard_key/java_dl/jml-assert/assert-old/inc-field.key 
66260      INFO  main            d.u.i.k.p.i.AbstractProblemLoader Loading environment from /home/runner/work/key/key/key.core/../key.ui/examples/standard_key/java_dl/jml-assert/assert-old/inc-field.key 
66261      DEBUG main            d.u.i.k.p.i.AbstractProblemLoader Environment load took 206.3ns 
66262      INFO  main            d.u.i.k.p.i.AbstractProblemLoader Creating init config 
68672      DEBUG main            d.u.i.k.p.i.AbstractProblemLoader Init config took 2.41s 
68706      INFO  main            d.u.i.k.p.i.AbstractProblemLoader Replaying proof Inc[Inc::inc_field()].JML normal_behavior operation contract.0 
68707      DEBUG main            d.u.i.k.p.i.IntermediateProofReplayer Proof replay took 6.2ns 
68809      INFO  main            d.u.i.k.p.r.p.TestFile    ... finished proof: closed. 
69004      INFO  main            d.u.i.k.p.i.AbstractProblemLoader Loading environment from /home/runner/work/key/key/key.core/../key.ui/examples/standard_key/java_dl/jml-assert/assert-old/inc-field.key.proof 
69004      DEBUG main            d.u.i.k.p.i.AbstractProblemLoader Environment load took 108.3ns 
69005      INFO  main            d.u.i.k.p.i.AbstractProblemLoader Creating init config 
71360      DEBUG main            d.u.i.k.p.i.AbstractProblemLoader Init config took 2.36s 
71394      INFO  main            d.u.i.k.p.i.AbstractProblemLoader Replaying proof Inc[Inc::inc_field()].JML normal_behavior operation contract.0 
71421      DEBUG main            d.u.i.k.p.i.IntermediateProofReplayer Proof replay took 25.3ms 
71422      DEBUG main            d.u.i.k.p.r.p.TestFile    ... success: reloaded. 
71422      INFO  main            d.u.i.k.p.r.p.TestFile    Now processing file /home/runner/work/key/key/key.core/../key.ui/examples/standard_key/java_dl/jml-assert/assert-old/inc-parameter.key 
71423      INFO  main            d.u.i.k.p.i.AbstractProblemLoader Loading environment from /home/runner/work/key/key/key.core/../key.ui/examples/standard_key/java_dl/jml-assert/assert-old/inc-parameter.key 
71423      DEBUG main            d.u.i.k.p.i.AbstractProblemLoader Environment load took 91ns 
71423      INFO  main            d.u.i.k.p.i.AbstractProblemLoader Creating init config 
73844      DEBUG main            d.u.i.k.p.i.AbstractProblemLoader Init config took 2.42s 
73877      INFO  main            d.u.i.k.p.i.AbstractProblemLoader Replaying proof Inc[Inc::inc_parameter(int)].JML normal_behavior operation contract.0 
73878      DEBUG main            d.u.i.k.p.i.IntermediateProofReplayer Proof replay took 6.3ns 
73981      INFO  main            d.u.i.k.p.r.p.TestFile    ... finished proof: closed. 
74179      INFO  main            d.u.i.k.p.i.AbstractProblemLoader Loading environment from /home/runner/work/key/key/key.core/../key.ui/examples/standard_key/java_dl/jml-assert/assert-old/inc-parameter.key.proof 
74179      DEBUG main            d.u.i.k.p.i.AbstractProblemLoader Environment load took 112.4ns 
74180      INFO  main            d.u.i.k.p.i.AbstractProblemLoader Creating init config 
76526      DEBUG main            d.u.i.k.p.i.AbstractProblemLoader Init config took 2.35s 
76558      INFO  main            d.u.i.k.p.i.AbstractProblemLoader Replaying proof Inc[Inc::inc_parameter(int)].JML normal_behavior operation contract.0 
76572      DEBUG main            d.u.i.k.p.i.IntermediateProofReplayer Proof replay took 12.21ms 
76573      DEBUG main            d.u.i.k.p.r.p.TestFile    ... success: reloaded. 
76574      INFO  main            d.u.i.k.p.r.p.TestFile    Now processing file /home/runner/work/key/key/key.core/../key.ui/examples/standard_key/java_dl/jml-assert/assert-old/inc-parameter-field.key 
76574      INFO  main            d.u.i.k.p.i.AbstractProblemLoader Loading environment from /home/runner/work/key/key/key.core/../key.ui/examples/standard_key/java_dl/jml-assert/assert-old/inc-parameter-field.key 
76574      DEBUG main            d.u.i.k.p.i.AbstractProblemLoader Environment load took 85.7ns 
76575      INFO  main            d.u.i.k.p.i.AbstractProblemLoader Creating init config 
78977      DEBUG main            d.u.i.k.p.i.AbstractProblemLoader Init config took 2.4s 
79009      INFO  main            d.u.i.k.p.i.AbstractProblemLoader Replaying proof Inc[Inc::inc_parameter_field(Inc)].JML normal_behavior operation contract.0 
79010      DEBUG main            d.u.i.k.p.i.IntermediateProofReplayer Proof replay took 5.7ns 
79113      INFO  main            d.u.i.k.p.r.p.TestFile    ... finished proof: closed. 
79325      INFO  main            d.u.i.k.p.i.AbstractProblemLoader Loading environment from /home/runner/work/key/key/key.core/../key.ui/examples/standard_key/java_dl/jml-assert/assert-old/inc-parameter-field.key.proof 
79325      DEBUG main            d.u.i.k.p.i.AbstractProblemLoader Environment load took 102.5ns 
79326      INFO  main            d.u.i.k.p.i.AbstractProblemLoader Creating init config 
81667      DEBUG main            d.u.i.k.p.i.AbstractProblemLoader Init config took 2.34s 
81699      INFO  main            d.u.i.k.p.i.AbstractProblemLoader Replaying proof Inc[Inc::inc_parameter_field(Inc)].JML normal_behavior operation contract.0 
81735      DEBUG main            d.u.i.k.p.i.IntermediateProofReplayer Proof replay took 33.8ms 
81736      DEBUG main            d.u.i.k.p.r.p.TestFile    ... success: reloaded. 
81738      INFO  main            d.u.i.k.p.r.p.TestFile    Now processing file /home/runner/work/key/key/key.core/../key.ui/examples/standard_key/java_dl/jml-assert/assert-old/inc-ghost-field.key 
81738      INFO  main            d.u.i.k.p.i.AbstractProblemLoader Loading environment from /home/runner/work/key/key/key.core/../key.ui/examples/standard_key/java_dl/jml-assert/assert-old/inc-ghost-field.key 
81738      DEBUG main            d.u.i.k.p.i.AbstractProblemLoader Environment load took 205.1ns 
81739      INFO  main            d.u.i.k.p.i.AbstractProblemLoader Creating init config 
84144      DEBUG main            d.u.i.k.p.i.AbstractProblemLoader Init config took 2.41s 
84194      INFO  main            d.u.i.k.p.i.AbstractProblemLoader Replaying proof Inc[Inc::inc_ghost_field()].JML normal_behavior operation contract.0 
84195      DEBUG main            d.u.i.k.p.i.IntermediateProofReplayer Proof replay took 5.5ns 
84298      INFO  main            d.u.i.k.p.r.p.TestFile    ... finished proof: closed. 
84505      INFO  main            d.u.i.k.p.i.AbstractProblemLoader Loading environment from /home/runner/work/key/key/key.core/../key.ui/examples/standard_key/java_dl/jml-assert/assert-old/inc-ghost-field.key.proof 
84505      DEBUG main            d.u.i.k.p.i.AbstractProblemLoader Environment load took 105.5ns 
84506      INFO  main            d.u.i.k.p.i.AbstractProblemLoader Creating init config 
86866      DEBUG main            d.u.i.k.p.i.AbstractProblemLoader Init config took 2.36s 
86899      INFO  main            d.u.i.k.p.i.AbstractProblemLoader Replaying proof Inc[Inc::inc_ghost_field()].JML normal_behavior operation contract.0 
86924      DEBUG main            d.u.i.k.p.i.IntermediateProofReplayer Proof replay took 23.75ms 
86925      DEBUG main            d.u.i.k.p.r.p.TestFile    ... success: reloaded. 
688835     INFO  Test worker     d.u.i.k.p.r.RunAllProofsTestUnit Returning from test jmlAsserts 
688836     INFO  Test worker     d.u.i.k.p.r.RunAllProofsTestUnit Running test javaCard 
350        WARN  main            d.u.i.k.s.ProofSettings   The settings in /home/runner/.key/proof-settings.props are *not* read. 
340        INFO  Timeout watchdog d.u.i.k.p.r.p.ForkedTestFileRunner Timeout watcher launched (2000 secs.) 
399        INFO  main            d.u.i.k.p.r.p.TestFile    Now processing file /home/runner/work/key/key/key.core/../key.ui/examples/heap/javacard/updateBalance0.key 
527        INFO  main            d.u.i.k.p.i.AbstractProblemLoader Loading environment from /home/runner/work/key/key/key.core/../key.ui/examples/heap/javacard/updateBalance0.key 
546        DEBUG main            d.u.i.k.p.i.AbstractProblemLoader Environment load took 1.75ms 
755        INFO  main            d.u.i.k.p.i.AbstractProblemLoader Creating init config 
1606       DEBUG main            d.u.i.k.j.TypeConverter   No LDT found for Meta 
1607       DEBUG main            d.u.i.k.j.TypeConverter   No LDT found for Meta 
1608       DEBUG main            d.u.i.k.j.TypeConverter   No LDT found for Meta 
1608       DEBUG main            d.u.i.k.j.TypeConverter   No LDT found for Meta 
2915       DEBUG main            d.u.i.k.j.TypeConverter   No LDT found for JavaBigintExpression 
6498       DEBUG main            d.u.i.k.p.i.AbstractProblemLoader Init config took 5.74s 
6632       INFO  main            d.u.i.k.p.i.AbstractProblemLoader Replaying proof Examples[Examples::updateBalance(short)].JML normal_behavior operation contract.0 
6662       DEBUG main            d.u.i.k.p.i.IntermediateProofReplayer Proof replay took 34.5ns 
7891       INFO  main            d.u.i.k.p.r.p.TestFile    ... finished proof: closed. 
8000       INFO  main            d.u.i.k.p.i.AbstractProblemLoader Loading environment from /home/runner/work/key/key/key.core/../key.ui/examples/heap/javacard/updateBalance0.key.proof 
8000       DEBUG main            d.u.i.k.p.i.AbstractProblemLoader Environment load took 452.9ns 
8002       INFO  main            d.u.i.k.p.i.AbstractProblemLoader Creating init config 
9684       DEBUG main            d.u.i.k.p.i.AbstractProblemLoader Init config took 1.68s 
9781       INFO  main            d.u.i.k.p.i.AbstractProblemLoader Replaying proof Examples[Examples::updateBalance(short)].JML normal_behavior operation contract.0 
10045      DEBUG main            d.u.i.k.p.i.IntermediateProofReplayer Proof replay took 242.97ms 
10054      DEBUG main            d.u.i.k.p.r.p.TestFile    ... success: reloaded. 
10060      INFO  main            d.u.i.k.p.r.p.TestFile    Now processing file /home/runner/work/key/key/key.core/../key.ui/examples/heap/javacard/updateBalance1.key 
10060      INFO  main            d.u.i.k.p.i.AbstractProblemLoader Loading environment from /home/runner/work/key/key/key.core/../key.ui/examples/heap/javacard/updateBalance1.key 
10060      DEBUG main            d.u.i.k.p.i.AbstractProblemLoader Environment load took 237.1ns 
10063      INFO  main            d.u.i.k.p.i.AbstractProblemLoader Creating init config 
11815      DEBUG main            d.u.i.k.p.i.AbstractProblemLoader Init config took 1.75s 
11866      INFO  main            d.u.i.k.p.i.AbstractProblemLoader Replaying proof Examples[Examples::updateBalance(short)].JML normal_behavior operation contract.1 
11870      DEBUG main            d.u.i.k.p.i.IntermediateProofReplayer Proof replay took 6.2ns 
12475      INFO  main            d.u.i.k.p.r.p.TestFile    ... finished proof: closed. 
12588      INFO  main            d.u.i.k.p.i.AbstractProblemLoader Loading environment from /home/runner/work/key/key/key.core/../key.ui/examples/heap/javacard/updateBalance1.key.proof 
12588      DEBUG main            d.u.i.k.p.i.AbstractProblemLoader Environment load took 129.5ns 
12592      INFO  main            d.u.i.k.p.i.AbstractProblemLoader Creating init config 
14228      DEBUG main            d.u.i.k.p.i.AbstractProblemLoader Init config took 1.64s 
14292      INFO  main            d.u.i.k.p.i.AbstractProblemLoader Replaying proof Examples[Examples::updateBalance(short)].JML normal_behavior operation contract.1 
14430      DEBUG main            d.u.i.k.p.i.IntermediateProofReplayer Proof replay took 133.87ms 
14433      DEBUG main            d.u.i.k.p.r.p.TestFile    ... success: reloaded. 
14437      INFO  main            d.u.i.k.p.r.p.TestFile    Now processing file /home/runner/work/key/key/key.core/../key.ui/examples/heap/javacard/setArray1.key 
14438      INFO  main            d.u.i.k.p.i.AbstractProblemLoader Loading environment from /home/runner/work/key/key/key.core/../key.ui/examples/heap/javacard/setArray1.key 
14438      DEBUG main            d.u.i.k.p.i.AbstractProblemLoader Environment load took 73.4ns 
14439      INFO  main            d.u.i.k.p.i.AbstractProblemLoader Creating init config 
16031      DEBUG main            d.u.i.k.p.i.AbstractProblemLoader Init config took 1.59s 
16076      INFO  main            d.u.i.k.p.i.AbstractProblemLoader Replaying proof Examples[Examples::setArray1([B)].JML normal_behavior operation contract.0 
16078      DEBUG main            d.u.i.k.p.i.IntermediateProofReplayer Proof replay took 6.6ns 
17184      INFO  main            d.u.i.k.p.r.p.TestFile    ... finished proof: closed. 
17302      INFO  main            d.u.i.k.p.i.AbstractProblemLoader Loading environment from /home/runner/work/key/key/key.core/../key.ui/examples/heap/javacard/setArray1.key.proof 
17303      DEBUG main            d.u.i.k.p.i.AbstractProblemLoader Environment load took 809.2ns 
17306      INFO  main            d.u.i.k.p.i.AbstractProblemLoader Creating init config 
18858      DEBUG main            d.u.i.k.p.i.AbstractProblemLoader Init config took 1.55s 
18897      INFO  main            d.u.i.k.p.i.AbstractProblemLoader Replaying proof Examples[Examples::setArray1([B)].JML normal_behavior operation contract.0 
19098      DEBUG main            d.u.i.k.p.i.IntermediateProofReplayer Proof replay took 194.97ms 
19100      DEBUG main            d.u.i.k.p.r.p.TestFile    ... success: reloaded. 
19102      INFO  main            d.u.i.k.p.r.p.TestFile    Now processing file /home/runner/work/key/key/key.core/../key.ui/examples/heap/javacard/setArray2.key 
19102      INFO  main            d.u.i.k.p.i.AbstractProblemLoader Loading environment from /home/runner/work/key/key/key.core/../key.ui/examples/heap/javacard/setArray2.key 
19102      DEBUG main            d.u.i.k.p.i.AbstractProblemLoader Environment load took 212.4ns 
19103      INFO  main            d.u.i.k.p.i.AbstractProblemLoader Creating init config 
20651      DEBUG main            d.u.i.k.p.i.AbstractProblemLoader Init config took 1.55s 
20694      INFO  main            d.u.i.k.p.i.AbstractProblemLoader Replaying proof Examples[Examples::setArray2([B)].JML normal_behavior operation contract.0 
20696      DEBUG main            d.u.i.k.p.i.IntermediateProofReplayer Proof replay took 6ns 
21802      INFO  main            d.u.i.k.p.r.p.TestFile    ... finished proof: closed. 
21914      INFO  main            d.u.i.k.p.i.AbstractProblemLoader Loading environment from /home/runner/work/key/key/key.core/../key.ui/examples/heap/javacard/setArray2.key.proof 
21914      DEBUG main            d.u.i.k.p.i.AbstractProblemLoader Environment load took 117.9ns 
21915      INFO  main            d.u.i.k.p.i.AbstractProblemLoader Creating init config 
23434      DEBUG main            d.u.i.k.p.i.AbstractProblemLoader Init config took 1.52s 
23482      INFO  main            d.u.i.k.p.i.AbstractProblemLoader Replaying proof Examples[Examples::setArray2([B)].JML normal_behavior operation contract.0 
23701      DEBUG main            d.u.i.k.p.i.IntermediateProofReplayer Proof replay took 211.56ms 
23709      DEBUG main            d.u.i.k.p.r.p.TestFile    ... success: reloaded. 
23711      INFO  main            d.u.i.k.p.r.p.TestFile    Now processing file /home/runner/work/key/key/key.core/../key.ui/examples/heap/javacard/arrayFillNonAtomic.key 
23712      INFO  main            d.u.i.k.p.i.AbstractProblemLoader Loading environment from /home/runner/work/key/key/key.core/../key.ui/examples/heap/javacard/arrayFillNonAtomic.key 
23712      DEBUG main            d.u.i.k.p.i.AbstractProblemLoader Environment load took 116ns 
23713      INFO  main            d.u.i.k.p.i.AbstractProblemLoader Creating init config 
25283      DEBUG main            d.u.i.k.p.i.AbstractProblemLoader Init config took 1.57s 
25340      INFO  main            d.u.i.k.p.i.AbstractProblemLoader Replaying proof javacard.framework.Util[javacard.framework.Util::arrayFillNonAtomic([B,short,short,byte)].JML behavior operation contract.0.transaction_inactive 
25342      DEBUG main            d.u.i.k.p.i.IntermediateProofReplayer Proof replay took 5.9ns 
26158      DEBUG Thread-13       d.u.i.k.l.o.ProgramSV     Match failed: Former match of  SchemaVariable incompatible with  the current match. 
26159      DEBUG Thread-13       d.u.i.k.l.o.ProgramSV     Match failed: Former match of  SchemaVariable incompatible with  the current match. 
27472      DEBUG Thread-13       d.u.i.k.l.o.ProgramSV     Match failed: Former match of  SchemaVariable incompatible with  the current match. 
27472      DEBUG Thread-13       d.u.i.k.l.o.ProgramSV     Match failed: Former match of  SchemaVariable incompatible with  the current match. 
28968      INFO  main            d.u.i.k.p.r.p.TestFile    ... finished proof: closed. 
29197      INFO  main            d.u.i.k.p.i.AbstractProblemLoader Loading environment from /home/runner/work/key/key/key.core/../key.ui/examples/heap/javacard/arrayFillNonAtomic.key.proof 
29197      DEBUG main            d.u.i.k.p.i.AbstractProblemLoader Environment load took 443.7ns 
29199      INFO  main            d.u.i.k.p.i.AbstractProblemLoader Creating init config 
30715      DEBUG main            d.u.i.k.p.i.AbstractProblemLoader Init config took 1.52s 
30777      INFO  main            d.u.i.k.p.i.AbstractProblemLoader Replaying proof javacard.framework.Util[javacard.framework.Util::arrayFillNonAtomic([B,short,short,byte)].JML behavior operation contract.0.transaction_inactive 
31676      DEBUG main            d.u.i.k.p.i.IntermediateProofReplayer Proof replay took 880.06ms 
31677      DEBUG main            d.u.i.k.p.r.p.TestFile    ... success: reloaded. 
31678      INFO  main            d.u.i.k.p.r.p.TestFile    Now processing file /home/runner/work/key/key/key.core/../key.ui/examples/heap/coincidence_count/project.key 
31678      INFO  main            d.u.i.k.p.i.AbstractProblemLoader Loading environment from /home/runner/work/key/key/key.core/../key.ui/examples/heap/coincidence_count/project.key 
31678      DEBUG main            d.u.i.k.p.i.AbstractProblemLoader Environment load took 282.1ns 
31679      INFO  main            d.u.i.k.p.i.AbstractProblemLoader Creating init config 
35042      DEBUG main            d.u.i.k.p.i.AbstractProblemLoader Init config took 3.36s 
35092      INFO  main            d.u.i.k.p.i.AbstractProblemLoader Replaying proof CC[CC::calcCoinIndex([I,[I)].JML normal_behavior operation contract.0 
35105      DEBUG main            d.u.i.k.p.i.IntermediateProofReplayer Proof replay took 6.5ns 
53479      INFO  main            d.u.i.k.p.r.p.TestFile    ... finished proof: closed. 
53753      INFO  main            d.u.i.k.p.i.AbstractProblemLoader Loading environment from /home/runner/work/key/key/key.core/../key.ui/examples/heap/coincidence_count/project.key.proof 
53753      DEBUG main            d.u.i.k.p.i.AbstractProblemLoader Environment load took 432.4ns 
53756      INFO  main            d.u.i.k.p.i.AbstractProblemLoader Creating init config 
56335      DEBUG main            d.u.i.k.p.i.AbstractProblemLoader Init config took 2.58s 
56377      INFO  main            d.u.i.k.p.i.AbstractProblemLoader Replaying proof CC[CC::calcCoinIndex([I,[I)].JML normal_behavior operation contract.0 
57351      DEBUG main            d.u.i.k.p.i.IntermediateProofReplayer Proof replay took 909.63ms 
57354      DEBUG main            d.u.i.k.p.r.p.TestFile    ... success: reloaded. 
57355      INFO  main            d.u.i.k.p.r.p.TestFile    Now processing file /home/runner/work/key/key/key.core/../key.ui/examples/heap/verifyThis11_1_Maximum/project.key 
57355      INFO  main            d.u.i.k.p.i.AbstractProblemLoader Loading environment from /home/runner/work/key/key/key.core/../key.ui/examples/heap/verifyThis11_1_Maximum/project.key 
57356      DEBUG main            d.u.i.k.p.i.AbstractProblemLoader Environment load took 206.7ns 
57357      INFO  main            d.u.i.k.p.i.AbstractProblemLoader Creating init config 
60007      DEBUG main            d.u.i.k.p.i.AbstractProblemLoader Init config took 2.65s 
60047      INFO  main            d.u.i.k.p.i.AbstractProblemLoader Replaying proof Maximum[Maximum::maxIndex([I)].JML normal_behavior operation contract.0 
60048      DEBUG main            d.u.i.k.p.i.IntermediateProofReplayer Proof replay took 5.3ns 
60957      INFO  main            d.u.i.k.p.r.p.TestFile    ... finished proof: closed. 
61207      INFO  main            d.u.i.k.p.i.AbstractProblemLoader Loading environment from /home/runner/work/key/key/key.core/../key.ui/examples/heap/verifyThis11_1_Maximum/project.key.proof 
61208      DEBUG main            d.u.i.k.p.i.AbstractProblemLoader Environment load took 117.8ns 
61209      INFO  main            d.u.i.k.p.i.AbstractProblemLoader Creating init config 
63665      DEBUG main            d.u.i.k.p.i.AbstractProblemLoader Init config took 2.46s 
63710      INFO  main            d.u.i.k.p.i.AbstractProblemLoader Replaying proof Maximum[Maximum::maxIndex([I)].JML normal_behavior operation contract.0 
63911      DEBUG main            d.u.i.k.p.i.IntermediateProofReplayer Proof replay took 192.82ms 
63912      DEBUG main            d.u.i.k.p.r.p.TestFile    ... success: reloaded. 
63913      INFO  main            d.u.i.k.p.r.p.TestFile    Now processing file /home/runner/work/key/key/key.core/../key.ui/examples/heap/fm12_01_LRS/lcp.key 
63913      INFO  main            d.u.i.k.p.i.AbstractProblemLoader Loading environment from /home/runner/work/key/key/key.core/../key.ui/examples/heap/fm12_01_LRS/lcp.key 
63913      DEBUG main            d.u.i.k.p.i.AbstractProblemLoader Environment load took 205.3ns 
63914      INFO  main            d.u.i.k.p.i.AbstractProblemLoader Creating init config 
67042      DEBUG main            d.u.i.k.p.i.AbstractProblemLoader Init config took 3.13s 
67097      INFO  main            d.u.i.k.p.i.AbstractProblemLoader Replaying proof LCP[LCP::lcp([I,int,int)].JML normal_behavior operation contract.0 
67099      DEBUG main            d.u.i.k.p.i.IntermediateProofReplayer Proof replay took 5ns 
68003      INFO  main            d.u.i.k.p.r.p.TestFile    ... finished proof: closed. 
68245      INFO  main            d.u.i.k.p.i.AbstractProblemLoader Loading environment from /home/runner/work/key/key/key.core/../key.ui/examples/heap/fm12_01_LRS/lcp.key.proof 
68245      DEBUG main            d.u.i.k.p.i.AbstractProblemLoader Environment load took 429ns 
68247      INFO  main            d.u.i.k.p.i.AbstractProblemLoader Creating init config 
71164      DEBUG main            d.u.i.k.p.i.AbstractProblemLoader Init config took 2.92s 
71247      INFO  main            d.u.i.k.p.i.AbstractProblemLoader Replaying proof LCP[LCP::lcp([I,int,int)].JML normal_behavior operation contract.0 
71450      DEBUG main            d.u.i.k.p.i.IntermediateProofReplayer Proof replay took 196.98ms 
71451      DEBUG main            d.u.i.k.p.r.p.TestFile    ... success: reloaded. 
71452      INFO  main            d.u.i.k.p.r.p.TestFile    Now processing file /home/runner/work/key/key/key.core/../key.ui/examples/heap/SemanticSlicing/project.key 
71453      INFO  main            d.u.i.k.p.i.AbstractProblemLoader Loading environment from /home/runner/work/key/key/key.core/../key.ui/examples/heap/SemanticSlicing/project.key 
71453      DEBUG main            d.u.i.k.p.i.AbstractProblemLoader Environment load took 210.5ns 
71454      INFO  main            d.u.i.k.p.i.AbstractProblemLoader Creating init config 
74125      DEBUG main            d.u.i.k.p.i.AbstractProblemLoader Init config took 2.67s 
74178      INFO  main            d.u.i.k.p.i.AbstractProblemLoader Replaying proof unsatcore_after.competition.postcond5.scope333.LRS[unsatcore_after.competition.postcond5.scope333.LRS::doLRS()].JML operation contract.0 
74180      DEBUG main            d.u.i.k.p.i.IntermediateProofReplayer Proof replay took 5.8ns 
78124      INFO  main            d.u.i.k.p.r.p.TestFile    ... finished proof: closed. 
78389      INFO  main            d.u.i.k.p.i.AbstractProblemLoader Loading environment from /home/runner/work/key/key/key.core/../key.ui/examples/heap/SemanticSlicing/project.key.proof 
78389      DEBUG main            d.u.i.k.p.i.AbstractProblemLoader Environment load took 181.9ns 
78390      INFO  main            d.u.i.k.p.i.AbstractProblemLoader Creating init config 
80964      DEBUG main            d.u.i.k.p.i.AbstractProblemLoader Init config took 2.57s 
81016      INFO  main            d.u.i.k.p.i.AbstractProblemLoader Replaying proof unsatcore_after.competition.postcond5.scope333.LRS[unsatcore_after.competition.postcond5.scope333.LRS::doLRS()].JML operation contract.0 
81807      DEBUG main            d.u.i.k.p.i.IntermediateProofReplayer Proof replay took 778.92ms 
81808      DEBUG main            d.u.i.k.p.r.p.TestFile    ... success: reloaded. 
81809      INFO  main            d.u.i.k.p.r.p.TestFile    Now processing file /home/runner/work/key/key/key.core/../key.ui/examples/heap/information_flow/ArrayList_contains.key 
81809      INFO  main            d.u.i.k.p.i.AbstractProblemLoader Loading environment from /home/runner/work/key/key/key.core/../key.ui/examples/heap/information_flow/ArrayList_contains.key 
81810      DEBUG main            d.u.i.k.p.i.AbstractProblemLoader Environment load took 89.8ns 
81810      INFO  main            d.u.i.k.p.i.AbstractProblemLoader Creating init config 
84615      DEBUG main            d.u.i.k.p.i.AbstractProblemLoader Init config took 2.8s 
84652      INFO  main            d.u.i.k.p.i.AbstractProblemLoader Replaying proof ArrayList[ArrayList::get(int)].JML normal_behavior operation contract.0 
84654      DEBUG main            d.u.i.k.p.i.IntermediateProofReplayer Proof replay took 4.9ns 
84956      INFO  main            d.u.i.k.p.r.p.TestFile    ... finished proof: closed. 
85195      INFO  main            d.u.i.k.p.i.AbstractProblemLoader Loading environment from /home/runner/work/key/key/key.core/../key.ui/examples/heap/information_flow/ArrayList_contains.key.proof 
85195      DEBUG main            d.u.i.k.p.i.AbstractProblemLoader Environment load took 109.8ns 
85196      INFO  main            d.u.i.k.p.i.AbstractProblemLoader Creating init config 
87882      DEBUG main            d.u.i.k.p.i.AbstractProblemLoader Init config took 2.69s 
87920      INFO  main            d.u.i.k.p.i.AbstractProblemLoader Replaying proof ArrayList[ArrayList::get(int)].JML normal_behavior operation contract.0 
87970      DEBUG main            d.u.i.k.p.i.IntermediateProofReplayer Proof replay took 47.04ms 
87971      DEBUG main            d.u.i.k.p.r.p.TestFile    ... success: reloaded. 
87972      INFO  main            d.u.i.k.p.r.p.TestFile    Now processing file /home/runner/work/key/key/key.core/../key.ui/examples/heap/information_flow/ArrayList_get.key 
87972      INFO  main            d.u.i.k.p.i.AbstractProblemLoader Loading environment from /home/runner/work/key/key/key.core/../key.ui/examples/heap/information_flow/ArrayList_get.key 
87973      DEBUG main            d.u.i.k.p.i.AbstractProblemLoader Environment load took 217.7ns 
87973      INFO  main            d.u.i.k.p.i.AbstractProblemLoader Creating init config 
90680      DEBUG main            d.u.i.k.p.i.AbstractProblemLoader Init config took 2.71s 
90718      INFO  main            d.u.i.k.p.i.AbstractProblemLoader Replaying proof ArrayList[ArrayList::contains(java.lang.Object)].JML normal_behavior operation contract.0 
90720      DEBUG main            d.u.i.k.p.i.IntermediateProofReplayer Proof replay took 4.8ns 
91523      INFO  main            d.u.i.k.p.r.p.TestFile    ... finished proof: closed. 
91775      INFO  main            d.u.i.k.p.i.AbstractProblemLoader Loading environment from /home/runner/work/key/key/key.core/../key.ui/examples/heap/information_flow/ArrayList_get.key.proof 
91776      DEBUG main            d.u.i.k.p.i.AbstractProblemLoader Environment load took 459.2ns 
91778      INFO  main            d.u.i.k.p.i.AbstractProblemLoader Creating init config 
94424      DEBUG main            d.u.i.k.p.i.AbstractProblemLoader Init config took 2.65s 
94462      INFO  main            d.u.i.k.p.i.AbstractProblemLoader Replaying proof ArrayList[ArrayList::contains(java.lang.Object)].JML normal_behavior operation contract.0 
94608      DEBUG main            d.u.i.k.p.i.IntermediateProofReplayer Proof replay took 142.26ms 
94609      DEBUG main            d.u.i.k.p.r.p.TestFile    ... success: reloaded. 
94610      INFO  main            d.u.i.k.p.r.p.TestFile    Now processing file /home/runner/work/key/key/key.core/../key.ui/examples/heap/information_flow/ArrayList_size.key 
94611      INFO  main            d.u.i.k.p.i.AbstractProblemLoader Loading environment from /home/runner/work/key/key/key.core/../key.ui/examples/heap/information_flow/ArrayList_size.key 
94611      DEBUG main            d.u.i.k.p.i.AbstractProblemLoader Environment load took 200.5ns 
94612      INFO  main            d.u.i.k.p.i.AbstractProblemLoader Creating init config 
97341      DEBUG main            d.u.i.k.p.i.AbstractProblemLoader Init config took 2.73s 
97377      INFO  main            d.u.i.k.p.i.AbstractProblemLoader Replaying proof ArrayList[ArrayList::size()].JML normal_behavior operation contract.0 
97378      DEBUG main            d.u.i.k.p.i.IntermediateProofReplayer Proof replay took 4.4ns 
97482      INFO  main            d.u.i.k.p.r.p.TestFile    ... finished proof: closed. 
97775      INFO  main            d.u.i.k.p.i.AbstractProblemLoader Loading environment from /home/runner/work/key/key/key.core/../key.ui/examples/heap/information_flow/ArrayList_size.key.proof 
97775      DEBUG main            d.u.i.k.p.i.AbstractProblemLoader Environment load took 105.1ns 
97776      INFO  main            d.u.i.k.p.i.AbstractProblemLoader Creating init config 
100407     DEBUG main            d.u.i.k.p.i.AbstractProblemLoader Init config took 2.63s 
100443     INFO  main            d.u.i.k.p.i.AbstractProblemLoader Replaying proof ArrayList[ArrayList::size()].JML normal_behavior operation contract.0 
100457     DEBUG main            d.u.i.k.p.i.IntermediateProofReplayer Proof replay took 11.59ms 
100458     DEBUG main            d.u.i.k.p.r.p.TestFile    ... success: reloaded. 
100458     INFO  main            d.u.i.k.p.r.p.TestFile    Now processing file /home/runner/work/key/key/key.core/../key.ui/examples/heap/information_flow/UpdateAbstraction_ex7_3_secure.key 
100459     INFO  main            d.u.i.k.p.i.AbstractProblemLoader Loading environment from /home/runner/work/key/key/key.core/../key.ui/examples/heap/information_flow/UpdateAbstraction_ex7_3_secure.key 
100459     DEBUG main            d.u.i.k.p.i.AbstractProblemLoader Environment load took 198.1ns 
100460     INFO  main            d.u.i.k.p.i.AbstractProblemLoader Creating init config 
103150     DEBUG main            d.u.i.k.p.i.AbstractProblemLoader Init config took 2.69s 
103185     INFO  main            d.u.i.k.p.i.AbstractProblemLoader Replaying proof UpdateAbstraction[UpdateAbstraction::ex7_3_secure()].JML operation contract.0 
103187     DEBUG main            d.u.i.k.p.i.IntermediateProofReplayer Proof replay took 5.4ns 
103288     INFO  main            d.u.i.k.p.r.p.TestFile    ... finished proof: closed. 
103534     INFO  main            d.u.i.k.p.i.AbstractProblemLoader Loading environment from /home/runner/work/key/key/key.core/../key.ui/examples/heap/information_flow/UpdateAbstraction_ex7_3_secure.key.proof 
103534     DEBUG main            d.u.i.k.p.i.AbstractProblemLoader Environment load took 146.7ns 
103535     INFO  main            d.u.i.k.p.i.AbstractProblemLoader Creating init config 
106146     DEBUG main            d.u.i.k.p.i.AbstractProblemLoader Init config took 2.61s 
106181     INFO  main            d.u.i.k.p.i.AbstractProblemLoader Replaying proof UpdateAbstraction[UpdateAbstraction::ex7_3_secure()].JML operation contract.0 
106208     DEBUG main            d.u.i.k.p.i.IntermediateProofReplayer Proof replay took 25.87ms 
106209     DEBUG main            d.u.i.k.p.r.p.TestFile    ... success: reloaded. 
106210     INFO  main            d.u.i.k.p.r.p.TestFile    Now processing file /home/runner/work/key/key/key.core/../key.ui/examples/heap/information_flow/UpdateAbstraction_ex7_4_secure.key 
106210     INFO  main            d.u.i.k.p.i.AbstractProblemLoader Loading environment from /home/runner/work/key/key/key.core/../key.ui/examples/heap/information_flow/UpdateAbstraction_ex7_4_secure.key 
106210     DEBUG main            d.u.i.k.p.i.AbstractProblemLoader Environment load took 78.5ns 
106211     INFO  main            d.u.i.k.p.i.AbstractProblemLoader Creating init config 
108923     DEBUG main            d.u.i.k.p.i.AbstractProblemLoader Init config took 2.71s 
108957     INFO  main            d.u.i.k.p.i.AbstractProblemLoader Replaying proof UpdateAbstraction[UpdateAbstraction::ex7_4_secure()].JML operation contract.0 
108958     DEBUG main            d.u.i.k.p.i.IntermediateProofReplayer Proof replay took 4.5ns 
109160     INFO  main            d.u.i.k.p.r.p.TestFile    ... finished proof: closed. 
109428     INFO  main            d.u.i.k.p.i.AbstractProblemLoader Loading environment from /home/runner/work/key/key/key.core/../key.ui/examples/heap/information_flow/UpdateAbstraction_ex7_4_secure.key.proof 
109428     DEBUG main            d.u.i.k.p.i.AbstractProblemLoader Environment load took 105.1ns 
109429     INFO  main            d.u.i.k.p.i.AbstractProblemLoader Creating init config 
112052     DEBUG main            d.u.i.k.p.i.AbstractProblemLoader Init config took 2.62s 
112086     INFO  main            d.u.i.k.p.i.AbstractProblemLoader Replaying proof UpdateAbstraction[UpdateAbstraction::ex7_4_secure()].JML operation contract.0 
112146     DEBUG main            d.u.i.k.p.i.IntermediateProofReplayer Proof replay took 57.94ms 
112147     DEBUG main            d.u.i.k.p.r.p.TestFile    ... success: reloaded. 
112148     INFO  main            d.u.i.k.p.r.p.TestFile    Now processing file /home/runner/work/key/key/key.core/../key.ui/examples/heap/information_flow/UpdateAbstraction_ex7_5_secure.key 
112148     INFO  main            d.u.i.k.p.i.AbstractProblemLoader Loading environment from /home/runner/work/key/key/key.core/../key.ui/examples/heap/information_flow/UpdateAbstraction_ex7_5_secure.key 
112149     DEBUG main            d.u.i.k.p.i.AbstractProblemLoader Environment load took 198.4ns 
112150     INFO  main            d.u.i.k.p.i.AbstractProblemLoader Creating init config 
114810     DEBUG main            d.u.i.k.p.i.AbstractProblemLoader Init config took 2.66s 
114844     INFO  main            d.u.i.k.p.i.AbstractProblemLoader Replaying proof UpdateAbstraction[UpdateAbstraction::ex7_5_secure()].JML operation contract.0 
114845     DEBUG main            d.u.i.k.p.i.IntermediateProofReplayer Proof replay took 4.5ns 
114949     INFO  main            d.u.i.k.p.r.p.TestFile    ... finished proof: closed. 
115208     INFO  main            d.u.i.k.p.i.AbstractProblemLoader Loading environment from /home/runner/work/key/key/key.core/../key.ui/examples/heap/information_flow/UpdateAbstraction_ex7_5_secure.key.proof 
115208     DEBUG main            d.u.i.k.p.i.AbstractProblemLoader Environment load took 104ns 
115210     INFO  main            d.u.i.k.p.i.AbstractProblemLoader Creating init config 
117819     DEBUG main            d.u.i.k.p.i.AbstractProblemLoader Init config took 2.61s 
117852     INFO  main            d.u.i.k.p.i.AbstractProblemLoader Replaying proof UpdateAbstraction[UpdateAbstraction::ex7_5_secure()].JML operation contract.0 
117870     DEBUG main            d.u.i.k.p.i.IntermediateProofReplayer Proof replay took 15.85ms 
117871     DEBUG main            d.u.i.k.p.r.p.TestFile    ... success: reloaded. 
117871     INFO  main            d.u.i.k.p.r.p.TestFile    Now processing file /home/runner/work/key/key/key.core/../key.ui/examples/heap/information_flow/UpdateAbstraction_ex7_6_secure.key 
117872     INFO  main            d.u.i.k.p.i.AbstractProblemLoader Loading environment from /home/runner/work/key/key/key.core/../key.ui/examples/heap/information_flow/UpdateAbstraction_ex7_6_secure.key 
117872     DEBUG main            d.u.i.k.p.i.AbstractProblemLoader Environment load took 86.8ns 
117872     INFO  main            d.u.i.k.p.i.AbstractProblemLoader Creating init config 
120541     DEBUG main            d.u.i.k.p.i.AbstractProblemLoader Init config took 2.67s 
120575     INFO  main            d.u.i.k.p.i.AbstractProblemLoader Replaying proof UpdateAbstraction[UpdateAbstraction::ex7_6_secure()].JML operation contract.0 
120576     DEBUG main            d.u.i.k.p.i.IntermediateProofReplayer Proof replay took 4.7ns 
120881     INFO  main            d.u.i.k.p.r.p.TestFile    ... finished proof: closed. 
121187     INFO  main            d.u.i.k.p.i.AbstractProblemLoader Loading environment from /home/runner/work/key/key/key.core/../key.ui/examples/heap/information_flow/UpdateAbstraction_ex7_6_secure.key.proof 
121187     DEBUG main            d.u.i.k.p.i.AbstractProblemLoader Environment load took 102.5ns 
121188     INFO  main            d.u.i.k.p.i.AbstractProblemLoader Creating init config 
123795     DEBUG main            d.u.i.k.p.i.AbstractProblemLoader Init config took 2.61s 
123829     INFO  main            d.u.i.k.p.i.AbstractProblemLoader Replaying proof UpdateAbstraction[UpdateAbstraction::ex7_6_secure()].JML operation contract.0 
123884     DEBUG main            d.u.i.k.p.i.IntermediateProofReplayer Proof replay took 52.86ms 
123884     DEBUG main            d.u.i.k.p.r.p.TestFile    ... success: reloaded. 
123885     INFO  main            d.u.i.k.p.r.p.TestFile    Now processing file /home/runner/work/key/key/key.core/../key.ui/examples/heap/information_flow/UpdateAbstraction_ex9_secure.key 
123885     INFO  main            d.u.i.k.p.i.AbstractProblemLoader Loading environment from /home/runner/work/key/key/key.core/../key.ui/examples/heap/information_flow/UpdateAbstraction_ex9_secure.key 
123885     DEBUG main            d.u.i.k.p.i.AbstractProblemLoader Environment load took 74.7ns 
123886     INFO  main            d.u.i.k.p.i.AbstractProblemLoader Creating init config 
126573     DEBUG main            d.u.i.k.p.i.AbstractProblemLoader Init config took 2.69s 
126606     INFO  main            d.u.i.k.p.i.AbstractProblemLoader Replaying proof UpdateAbstraction[UpdateAbstraction::ex9_secure()].JML operation contract.0 
126608     DEBUG main            d.u.i.k.p.i.IntermediateProofReplayer Proof replay took 5.2ns 
127511     INFO  main            d.u.i.k.p.r.p.TestFile    ... finished proof: closed. 
127806     INFO  main            d.u.i.k.p.i.AbstractProblemLoader Loading environment from /home/runner/work/key/key/key.core/../key.ui/examples/heap/information_flow/UpdateAbstraction_ex9_secure.key.proof 
127807     DEBUG main            d.u.i.k.p.i.AbstractProblemLoader Environment load took 114.3ns 
127808     INFO  main            d.u.i.k.p.i.AbstractProblemLoader Creating init config 
130425     DEBUG main            d.u.i.k.p.i.AbstractProblemLoader Init config took 2.62s 
130458     INFO  main            d.u.i.k.p.i.AbstractProblemLoader Replaying proof UpdateAbstraction[UpdateAbstraction::ex9_secure()].JML operation contract.0 
130642     DEBUG main            d.u.i.k.p.i.IntermediateProofReplayer Proof replay took 180.13ms 
130643     DEBUG main            d.u.i.k.p.r.p.TestFile    ... success: reloaded. 
819665     INFO  Test worker     d.u.i.k.p.r.RunAllProofsTestUnit Returning from test javaCard 
819667     INFO  Test worker     d.u.i.k.p.r.RunAllProofsTestUnit Running test list 
333        INFO  Timeout watchdog d.u.i.k.p.r.p.ForkedTestFileRunner Timeout watcher launched (2000 secs.) 
339        WARN  main            d.u.i.k.s.ProofSettings   The settings in /home/runner/.key/proof-settings.props are *not* read. 
367        INFO  main            d.u.i.k.p.r.p.TestFile    Now processing file /home/runner/work/key/key/key.core/../key.ui/examples/heap/list/ArrayList_add.key 
478        INFO  main            d.u.i.k.p.i.AbstractProblemLoader Loading environment from /home/runner/work/key/key/key.core/../key.ui/examples/heap/list/ArrayList_add.key 
494        DEBUG main            d.u.i.k.p.i.AbstractProblemLoader Environment load took 1.94ms 
733        INFO  main            d.u.i.k.p.i.AbstractProblemLoader Creating init config 
1708       DEBUG main            d.u.i.k.j.TypeConverter   No LDT found for Meta 
1708       DEBUG main            d.u.i.k.j.TypeConverter   No LDT found for Meta 
1710       DEBUG main            d.u.i.k.j.TypeConverter   No LDT found for Meta 
1710       DEBUG main            d.u.i.k.j.TypeConverter   No LDT found for Meta 
2991       DEBUG main            d.u.i.k.j.TypeConverter   No LDT found for JavaBigintExpression 
6354       DEBUG main            d.u.i.k.j.r.ClassPreparationMethodBuilder clPrepBuilder: Inner Class detected. Reject building class initialisation methods. 
9149       DEBUG main            d.u.i.k.p.i.AbstractProblemLoader Init config took 8.42s 
9310       INFO  main            d.u.i.k.p.i.AbstractProblemLoader Replaying proof ArrayList[List::add(java.lang.Object)].JML normal_behavior operation contract.0 
9376       DEBUG main            d.u.i.k.p.i.IntermediateProofReplayer Proof replay took 37.7ns 
14943      INFO  main            d.u.i.k.p.r.p.TestFile    ... finished proof: closed. 
15144      INFO  main            d.u.i.k.p.i.AbstractProblemLoader Loading environment from /home/runner/work/key/key/key.core/../key.ui/examples/heap/list/ArrayList_add.key.proof 
15145      DEBUG main            d.u.i.k.p.i.AbstractProblemLoader Environment load took 450.6ns 
15148      INFO  main            d.u.i.k.p.i.AbstractProblemLoader Creating init config 
16236      DEBUG main            d.u.i.k.j.r.ClassPreparationMethodBuilder clPrepBuilder: Inner Class detected. Reject building class initialisation methods. 
18445      DEBUG main            d.u.i.k.p.i.AbstractProblemLoader Init config took 3.3s 
18516      INFO  main            d.u.i.k.p.i.AbstractProblemLoader Replaying proof ArrayList[List::add(java.lang.Object)].JML normal_behavior operation contract.0 
19498      DEBUG main            d.u.i.k.p.i.IntermediateProofReplayer Proof replay took 952.92ms 
19506      DEBUG main            d.u.i.k.p.r.p.TestFile    ... success: reloaded. 
19508      INFO  main            d.u.i.k.p.r.p.TestFile    Now processing file /home/runner/work/key/key/key.core/../key.ui/examples/heap/list/ArrayList_ArrayList.key 
19508      INFO  main            d.u.i.k.p.i.AbstractProblemLoader Loading environment from /home/runner/work/key/key/key.core/../key.ui/examples/heap/list/ArrayList_ArrayList.key 
19509      DEBUG main            d.u.i.k.p.i.AbstractProblemLoader Environment load took 262.9ns 
19510      INFO  main            d.u.i.k.p.i.AbstractProblemLoader Creating init config 
20545      DEBUG main            d.u.i.k.j.r.ClassPreparationMethodBuilder clPrepBuilder: Inner Class detected. Reject building class initialisation methods. 
22734      DEBUG main            d.u.i.k.p.i.AbstractProblemLoader Init config took 3.22s 
22799      INFO  main            d.u.i.k.p.i.AbstractProblemLoader Replaying proof ArrayList[ArrayList::ArrayList()].JML normal_behavior operation contract.0 
22802      DEBUG main            d.u.i.k.p.i.IntermediateProofReplayer Proof replay took 5.7ns 
24208      INFO  main            d.u.i.k.p.r.p.TestFile    ... finished proof: closed. 
24365      INFO  main            d.u.i.k.p.i.AbstractProblemLoader Loading environment from /home/runner/work/key/key/key.core/../key.ui/examples/heap/list/ArrayList_ArrayList.key.proof 
24366      DEBUG main            d.u.i.k.p.i.AbstractProblemLoader Environment load took 441ns 
24367      INFO  main            d.u.i.k.p.i.AbstractProblemLoader Creating init config 
25371      DEBUG main            d.u.i.k.j.r.ClassPreparationMethodBuilder clPrepBuilder: Inner Class detected. Reject building class initialisation methods. 
27486      DEBUG main            d.u.i.k.p.i.AbstractProblemLoader Init config took 3.12s 
27554      INFO  main            d.u.i.k.p.i.AbstractProblemLoader Replaying proof ArrayList[ArrayList::ArrayList()].JML normal_behavior operation contract.0 
27760      DEBUG main            d.u.i.k.p.i.IntermediateProofReplayer Proof replay took 194.55ms 
27762      DEBUG main            d.u.i.k.p.r.p.TestFile    ... success: reloaded. 
27763      INFO  main            d.u.i.k.p.r.p.TestFile    Now processing file /home/runner/work/key/key/key.core/../key.ui/examples/heap/list/ArrayList_concatenate.key 
27763      INFO  main            d.u.i.k.p.i.AbstractProblemLoader Loading environment from /home/runner/work/key/key/key.core/../key.ui/examples/heap/list/ArrayList_concatenate.key 
27764      DEBUG main            d.u.i.k.p.i.AbstractProblemLoader Environment load took 256ns 
27765      INFO  main            d.u.i.k.p.i.AbstractProblemLoader Creating init config 
28774      DEBUG main            d.u.i.k.j.r.ClassPreparationMethodBuilder clPrepBuilder: Inner Class detected. Reject building class initialisation methods. 
30839      DEBUG main            d.u.i.k.p.i.AbstractProblemLoader Init config took 3.07s 
30904      INFO  main            d.u.i.k.p.i.AbstractProblemLoader Replaying proof ArrayList[List::concatenate(List)].JML normal_behavior operation contract.0 
30908      DEBUG main            d.u.i.k.p.i.IntermediateProofReplayer Proof replay took 5.1ns 
55394      INFO  main            d.u.i.k.p.r.p.TestFile    ... finished proof: closed. 
55618      INFO  main            d.u.i.k.p.i.AbstractProblemLoader Loading environment from /home/runner/work/key/key/key.core/../key.ui/examples/heap/list/ArrayList_concatenate.key.proof 
55618      DEBUG main            d.u.i.k.p.i.AbstractProblemLoader Environment load took 433.7ns 
55624      INFO  main            d.u.i.k.p.i.AbstractProblemLoader Creating init config 
56607      DEBUG main            d.u.i.k.j.r.ClassPreparationMethodBuilder clPrepBuilder: Inner Class detected. Reject building class initialisation methods. 
58663      DEBUG main            d.u.i.k.p.i.AbstractProblemLoader Init config took 3.04s 
58731      INFO  main            d.u.i.k.p.i.AbstractProblemLoader Replaying proof ArrayList[List::concatenate(List)].JML normal_behavior operation contract.0 
60895      DEBUG main            d.u.i.k.p.i.IntermediateProofReplayer Proof replay took 2.09s 
60901      DEBUG main            d.u.i.k.p.r.p.TestFile    ... success: reloaded. 
60904      INFO  main            d.u.i.k.p.r.p.TestFile    Now processing file /home/runner/work/key/key/key.core/../key.ui/examples/heap/list/ArrayList_contains_dep.key 
60904      INFO  main            d.u.i.k.p.i.AbstractProblemLoader Loading environment from /home/runner/work/key/key/key.core/../key.ui/examples/heap/list/ArrayList_contains_dep.key 
60904      DEBUG main            d.u.i.k.p.i.AbstractProblemLoader Environment load took 210ns 
60905      INFO  main            d.u.i.k.p.i.AbstractProblemLoader Creating init config 
61922      DEBUG main            d.u.i.k.j.r.ClassPreparationMethodBuilder clPrepBuilder: Inner Class detected. Reject building class initialisation methods. 
64159      DEBUG main            d.u.i.k.p.i.AbstractProblemLoader Init config took 3.25s 
64214      INFO  main            d.u.i.k.p.i.AbstractProblemLoader Replaying proof ArrayList[List::contains(java.lang.Object)].JML accessible clause.0 
64216      DEBUG main            d.u.i.k.p.i.IntermediateProofReplayer Proof replay took 5.4ns 
67024      INFO  main            d.u.i.k.p.r.p.TestFile    ... finished proof: closed. 
67287      INFO  main            d.u.i.k.p.i.AbstractProblemLoader Loading environment from /home/runner/work/key/key/key.core/../key.ui/examples/heap/list/ArrayList_contains_dep.key.proof 
67287      DEBUG main            d.u.i.k.p.i.AbstractProblemLoader Environment load took 425ns 
67289      INFO  main            d.u.i.k.p.i.AbstractProblemLoader Creating init config 
68242      DEBUG main            d.u.i.k.j.r.ClassPreparationMethodBuilder clPrepBuilder: Inner Class detected. Reject building class initialisation methods. 
70310      DEBUG main            d.u.i.k.p.i.AbstractProblemLoader Init config took 3.02s 
70375      INFO  main            d.u.i.k.p.i.AbstractProblemLoader Replaying proof ArrayList[List::contains(java.lang.Object)].JML accessible clause.0 
70797      DEBUG main            d.u.i.k.p.i.IntermediateProofReplayer Proof replay took 411.24ms 
70798      DEBUG main            d.u.i.k.p.r.p.TestFile    ... success: reloaded. 
70799      INFO  main            d.u.i.k.p.r.p.TestFile    Now processing file /home/runner/work/key/key/key.core/../key.ui/examples/heap/list/ArrayList_enlarge.key 
70799      INFO  main            d.u.i.k.p.i.AbstractProblemLoader Loading environment from /home/runner/work/key/key/key.core/../key.ui/examples/heap/list/ArrayList_enlarge.key 
70799      DEBUG main            d.u.i.k.p.i.AbstractProblemLoader Environment load took 128.2ns 
70800      INFO  main            d.u.i.k.p.i.AbstractProblemLoader Creating init config 
71794      DEBUG main            d.u.i.k.j.r.ClassPreparationMethodBuilder clPrepBuilder: Inner Class detected. Reject building class initialisation methods. 
73860      DEBUG main            d.u.i.k.p.i.AbstractProblemLoader Init config took 3.06s 
73912      INFO  main            d.u.i.k.p.i.AbstractProblemLoader Replaying proof ArrayList[ArrayList::enlarge()].JML normal_behavior operation contract.0 
73917      DEBUG main            d.u.i.k.p.i.IntermediateProofReplayer Proof replay took 5.3ns 
76223      INFO  main            d.u.i.k.p.r.p.TestFile    ... finished proof: closed. 
76416      INFO  main            d.u.i.k.p.i.AbstractProblemLoader Loading environment from /home/runner/work/key/key/key.core/../key.ui/examples/heap/list/ArrayList_enlarge.key.proof 
76418      DEBUG main            d.u.i.k.p.i.AbstractProblemLoader Environment load took 1.76ms 
76419      INFO  main            d.u.i.k.p.i.AbstractProblemLoader Creating init config 
77381      DEBUG main            d.u.i.k.j.r.ClassPreparationMethodBuilder clPrepBuilder: Inner Class detected. Reject building class initialisation methods. 
79447      DEBUG main            d.u.i.k.p.i.AbstractProblemLoader Init config took 3.03s 
79496      INFO  main            d.u.i.k.p.i.AbstractProblemLoader Replaying proof ArrayList[ArrayList::enlarge()].JML normal_behavior operation contract.0 
79892      DEBUG main            d.u.i.k.p.i.IntermediateProofReplayer Proof replay took 387.03ms 
79894      DEBUG main            d.u.i.k.p.r.p.TestFile    ... success: reloaded. 
79895      INFO  main            d.u.i.k.p.r.p.TestFile    Now processing file /home/runner/work/key/key/key.core/../key.ui/examples/heap/list/ArrayList_footprint.key 
79895      INFO  main            d.u.i.k.p.i.AbstractProblemLoader Loading environment from /home/runner/work/key/key/key.core/../key.ui/examples/heap/list/ArrayList_footprint.key 
79896      DEBUG main            d.u.i.k.p.i.AbstractProblemLoader Environment load took 212.3ns 
79897      INFO  main            d.u.i.k.p.i.AbstractProblemLoader Creating init config 
80860      DEBUG main            d.u.i.k.j.r.ClassPreparationMethodBuilder clPrepBuilder: Inner Class detected. Reject building class initialisation methods. 
82961      DEBUG main            d.u.i.k.p.i.AbstractProblemLoader Init config took 3.06s 
83004      INFO  main            d.u.i.k.p.i.AbstractProblemLoader Replaying proof List[List::$footprint()].JML accessible clause.0 
83006      DEBUG main            d.u.i.k.p.i.IntermediateProofReplayer Proof replay took 4.7ns 
83107      INFO  main            d.u.i.k.p.r.p.TestFile    ... finished proof: closed. 
83285      INFO  main            d.u.i.k.p.i.AbstractProblemLoader Loading environment from /home/runner/work/key/key/key.core/../key.ui/examples/heap/list/ArrayList_footprint.key.proof 
83285      DEBUG main            d.u.i.k.p.i.AbstractProblemLoader Environment load took 105.4ns 
83286      INFO  main            d.u.i.k.p.i.AbstractProblemLoader Creating init config 
84229      DEBUG main            d.u.i.k.j.r.ClassPreparationMethodBuilder clPrepBuilder: Inner Class detected. Reject building class initialisation methods. 
86266      DEBUG main            d.u.i.k.p.i.AbstractProblemLoader Init config took 2.98s 
86309      INFO  main            d.u.i.k.p.i.AbstractProblemLoader Replaying proof List[List::$footprint()].JML accessible clause.0 
86311      DEBUG main            d.u.i.k.p.i.IntermediateProofReplayer Proof replay took 1.08ms 
86312      DEBUG main            d.u.i.k.p.r.p.TestFile    ... success: reloaded. 
86313      INFO  main            d.u.i.k.p.r.p.TestFile    Now processing file /home/runner/work/key/key/key.core/../key.ui/examples/heap/list/ArrayList_get_dep.key 
86314      INFO  main            d.u.i.k.p.i.AbstractProblemLoader Loading environment from /home/runner/work/key/key/key.core/../key.ui/examples/heap/list/ArrayList_get_dep.key 
86314      DEBUG main            d.u.i.k.p.i.AbstractProblemLoader Environment load took 93.3ns 
86315      INFO  main            d.u.i.k.p.i.AbstractProblemLoader Creating init config 
87294      DEBUG main            d.u.i.k.j.r.ClassPreparationMethodBuilder clPrepBuilder: Inner Class detected. Reject building class initialisation methods. 
89347      DEBUG main            d.u.i.k.p.i.AbstractProblemLoader Init config took 3.03s 
89394      INFO  main            d.u.i.k.p.i.AbstractProblemLoader Replaying proof ArrayList[List::get(int)].JML accessible clause.0 
89396      DEBUG main            d.u.i.k.p.i.IntermediateProofReplayer Proof replay took 5ns 
89802      INFO  main            d.u.i.k.p.r.p.TestFile    ... finished proof: closed. 
90007      INFO  main            d.u.i.k.p.i.AbstractProblemLoader Loading environment from /home/runner/work/key/key/key.core/../key.ui/examples/heap/list/ArrayList_get_dep.key.proof 
90007      DEBUG main            d.u.i.k.p.i.AbstractProblemLoader Environment load took 434.1ns 
90008      INFO  main            d.u.i.k.p.i.AbstractProblemLoader Creating init config 
90970      DEBUG main            d.u.i.k.j.r.ClassPreparationMethodBuilder clPrepBuilder: Inner Class detected. Reject building class initialisation methods. 
92955      DEBUG main            d.u.i.k.p.i.AbstractProblemLoader Init config took 2.95s 
93001      INFO  main            d.u.i.k.p.i.AbstractProblemLoader Replaying proof ArrayList[List::get(int)].JML accessible clause.0 
93090      DEBUG main            d.u.i.k.p.i.IntermediateProofReplayer Proof replay took 85.77ms 
93091      DEBUG main            d.u.i.k.p.r.p.TestFile    ... success: reloaded. 
93092      INFO  main            d.u.i.k.p.r.p.TestFile    Now processing file /home/runner/work/key/key/key.core/../key.ui/examples/heap/list/ArrayList_get_exceptional.key 
93093      INFO  main            d.u.i.k.p.i.AbstractProblemLoader Loading environment from /home/runner/work/key/key/key.core/../key.ui/examples/heap/list/ArrayList_get_exceptional.key 
93093      DEBUG main            d.u.i.k.p.i.AbstractProblemLoader Environment load took 226ns 
93094      INFO  main            d.u.i.k.p.i.AbstractProblemLoader Creating init config 
94072      DEBUG main            d.u.i.k.j.r.ClassPreparationMethodBuilder clPrepBuilder: Inner Class detected. Reject building class initialisation methods. 
96139      DEBUG main            d.u.i.k.p.i.AbstractProblemLoader Init config took 3.05s 
96185      INFO  main            d.u.i.k.p.i.AbstractProblemLoader Replaying proof ArrayList[List::get(int)].JML exceptional_behavior operation contract.0 
96187      DEBUG main            d.u.i.k.p.i.IntermediateProofReplayer Proof replay took 5ns 
97393      INFO  main            d.u.i.k.p.r.p.TestFile    ... finished proof: closed. 
97588      INFO  main            d.u.i.k.p.i.AbstractProblemLoader Loading environment from /home/runner/work/key/key/key.core/../key.ui/examples/heap/list/ArrayList_get_exceptional.key.proof 
97589      DEBUG main            d.u.i.k.p.i.AbstractProblemLoader Environment load took 478.5ns 
97590      INFO  main            d.u.i.k.p.i.AbstractProblemLoader Creating init config 
98528      DEBUG main            d.u.i.k.j.r.ClassPreparationMethodBuilder clPrepBuilder: Inner Class detected. Reject building class initialisation methods. 
100562     DEBUG main            d.u.i.k.p.i.AbstractProblemLoader Init config took 2.97s 
100608     INFO  main            d.u.i.k.p.i.AbstractProblemLoader Replaying proof ArrayList[List::get(int)].JML exceptional_behavior operation contract.0 
100807     DEBUG main            d.u.i.k.p.i.IntermediateProofReplayer Proof replay took 192.82ms 
100809     DEBUG main            d.u.i.k.p.r.p.TestFile    ... success: reloaded. 
100811     INFO  main            d.u.i.k.p.r.p.TestFile    Now processing file /home/runner/work/key/key/key.core/../key.ui/examples/heap/list/ArrayList_get_normal.key 
100811     INFO  main            d.u.i.k.p.i.AbstractProblemLoader Loading environment from /home/runner/work/key/key/key.core/../key.ui/examples/heap/list/ArrayList_get_normal.key 
100811     DEBUG main            d.u.i.k.p.i.AbstractProblemLoader Environment load took 180.1ns 
100812     INFO  main            d.u.i.k.p.i.AbstractProblemLoader Creating init config 
101779     DEBUG main            d.u.i.k.j.r.ClassPreparationMethodBuilder clPrepBuilder: Inner Class detected. Reject building class initialisation methods. 
103810     DEBUG main            d.u.i.k.p.i.AbstractProblemLoader Init config took 3s 
103855     INFO  main            d.u.i.k.p.i.AbstractProblemLoader Replaying proof ArrayList[List::get(int)].JML normal_behavior operation contract.0 
103857     DEBUG main            d.u.i.k.p.i.IntermediateProofReplayer Proof replay took 6.1ns 
104262     INFO  main            d.u.i.k.p.r.p.TestFile    ... finished proof: closed. 
104459     INFO  main            d.u.i.k.p.i.AbstractProblemLoader Loading environment from /home/runner/work/key/key/key.core/../key.ui/examples/heap/list/ArrayList_get_normal.key.proof 
104460     DEBUG main            d.u.i.k.p.i.AbstractProblemLoader Environment load took 105.1ns 
104460     INFO  main            d.u.i.k.p.i.AbstractProblemLoader Creating init config 
105399     DEBUG main            d.u.i.k.j.r.ClassPreparationMethodBuilder clPrepBuilder: Inner Class detected. Reject building class initialisation methods. 
107395     DEBUG main            d.u.i.k.p.i.AbstractProblemLoader Init config took 2.93s 
107440     INFO  main            d.u.i.k.p.i.AbstractProblemLoader Replaying proof ArrayList[List::get(int)].JML normal_behavior operation contract.0 
107514     DEBUG main            d.u.i.k.p.i.IntermediateProofReplayer Proof replay took 70.28ms 
107515     DEBUG main            d.u.i.k.p.r.p.TestFile    ... success: reloaded. 
107516     INFO  main            d.u.i.k.p.r.p.TestFile    Now processing file /home/runner/work/key/key/key.core/../key.ui/examples/heap/list/ArrayList_inv.key 
107517     INFO  main            d.u.i.k.p.i.AbstractProblemLoader Loading environment from /home/runner/work/key/key/key.core/../key.ui/examples/heap/list/ArrayList_inv.key 
107517     DEBUG main            d.u.i.k.p.i.AbstractProblemLoader Environment load took 218.9ns 
107526     INFO  main            d.u.i.k.p.i.AbstractProblemLoader Creating init config 
108502     DEBUG main            d.u.i.k.j.r.ClassPreparationMethodBuilder clPrepBuilder: Inner Class detected. Reject building class initialisation methods. 
110536     DEBUG main            d.u.i.k.p.i.AbstractProblemLoader Init config took 3.01s 
110593     INFO  main            d.u.i.k.p.i.AbstractProblemLoader Replaying proof ArrayList[java.lang.Object::<inv>()].JML accessible clause.0 
110595     DEBUG main            d.u.i.k.p.i.IntermediateProofReplayer Proof replay took 5.2ns 
110999     INFO  main            d.u.i.k.p.r.p.TestFile    ... finished proof: closed. 
111198     INFO  main            d.u.i.k.p.i.AbstractProblemLoader Loading environment from /home/runner/work/key/key/key.core/../key.ui/examples/heap/list/ArrayList_inv.key.proof 
111198     DEBUG main            d.u.i.k.p.i.AbstractProblemLoader Environment load took 108.2ns 
111199     INFO  main            d.u.i.k.p.i.AbstractProblemLoader Creating init config 
112139     DEBUG main            d.u.i.k.j.r.ClassPreparationMethodBuilder clPrepBuilder: Inner Class detected. Reject building class initialisation methods. 
114133     DEBUG main            d.u.i.k.p.i.AbstractProblemLoader Init config took 2.93s 
114177     INFO  main            d.u.i.k.p.i.AbstractProblemLoader Replaying proof ArrayList[java.lang.Object::<inv>()].JML accessible clause.0 
114219     DEBUG main            d.u.i.k.p.i.IntermediateProofReplayer Proof replay took 39.31ms 
114220     DEBUG main            d.u.i.k.p.r.p.TestFile    ... success: reloaded. 
114221     INFO  main            d.u.i.k.p.r.p.TestFile    Now processing file /home/runner/work/key/key/key.core/../key.ui/examples/heap/list/ArrayList_iterator.key 
114221     INFO  main            d.u.i.k.p.i.AbstractProblemLoader Loading environment from /home/runner/work/key/key/key.core/../key.ui/examples/heap/list/ArrayList_iterator.key 
114221     DEBUG main            d.u.i.k.p.i.AbstractProblemLoader Environment load took 101.9ns 
114222     INFO  main            d.u.i.k.p.i.AbstractProblemLoader Creating init config 
115170     DEBUG main            d.u.i.k.j.r.ClassPreparationMethodBuilder clPrepBuilder: Inner Class detected. Reject building class initialisation methods. 
117223     DEBUG main            d.u.i.k.p.i.AbstractProblemLoader Init config took 3s 
117267     INFO  main            d.u.i.k.p.i.AbstractProblemLoader Replaying proof ArrayList[List::iterator()].JML normal_behavior operation contract.0 
117268     DEBUG main            d.u.i.k.p.i.IntermediateProofReplayer Proof replay took 5.7ns 
117771     INFO  main            d.u.i.k.p.r.p.TestFile    ... finished proof: closed. 
117970     INFO  main            d.u.i.k.p.i.AbstractProblemLoader Loading environment from /home/runner/work/key/key/key.core/../key.ui/examples/heap/list/ArrayList_iterator.key.proof 
117971     DEBUG main            d.u.i.k.p.i.AbstractProblemLoader Environment load took 114.5ns 
117972     INFO  main            d.u.i.k.p.i.AbstractProblemLoader Creating init config 
118914     DEBUG main            d.u.i.k.j.r.ClassPreparationMethodBuilder clPrepBuilder: Inner Class detected. Reject building class initialisation methods. 
120905     DEBUG main            d.u.i.k.p.i.AbstractProblemLoader Init config took 2.93s 
120959     INFO  main            d.u.i.k.p.i.AbstractProblemLoader Replaying proof ArrayList[List::iterator()].JML normal_behavior operation contract.0 
121038     DEBUG main            d.u.i.k.p.i.IntermediateProofReplayer Proof replay took 74.6ms 
121039     DEBUG main            d.u.i.k.p.r.p.TestFile    ... success: reloaded. 
121040     INFO  main            d.u.i.k.p.r.p.TestFile    Now processing file /home/runner/work/key/key/key.core/../key.ui/examples/heap/list/ArrayList_size_dep.key 
121041     INFO  main            d.u.i.k.p.i.AbstractProblemLoader Loading environment from /home/runner/work/key/key/key.core/../key.ui/examples/heap/list/ArrayList_size_dep.key 
121041     DEBUG main            d.u.i.k.p.i.AbstractProblemLoader Environment load took 91.4ns 
121042     INFO  main            d.u.i.k.p.i.AbstractProblemLoader Creating init config 
122020     DEBUG main            d.u.i.k.j.r.ClassPreparationMethodBuilder clPrepBuilder: Inner Class detected. Reject building class initialisation methods. 
124082     DEBUG main            d.u.i.k.p.i.AbstractProblemLoader Init config took 3.04s 
124125     INFO  main            d.u.i.k.p.i.AbstractProblemLoader Replaying proof ArrayList[List::size()].JML accessible clause.0 
124126     DEBUG main            d.u.i.k.p.i.IntermediateProofReplayer Proof replay took 5.7ns 
124328     INFO  main            d.u.i.k.p.r.p.TestFile    ... finished proof: closed. 
124528     INFO  main            d.u.i.k.p.i.AbstractProblemLoader Loading environment from /home/runner/work/key/key/key.core/../key.ui/examples/heap/list/ArrayList_size_dep.key.proof 
124528     DEBUG main            d.u.i.k.p.i.AbstractProblemLoader Environment load took 106.9ns 
124529     INFO  main            d.u.i.k.p.i.AbstractProblemLoader Creating init config 
125469     DEBUG main            d.u.i.k.j.r.ClassPreparationMethodBuilder clPrepBuilder: Inner Class detected. Reject building class initialisation methods. 
127483     DEBUG main            d.u.i.k.p.i.AbstractProblemLoader Init config took 2.95s 
127527     INFO  main            d.u.i.k.p.i.AbstractProblemLoader Replaying proof ArrayList[List::size()].JML accessible clause.0 
127551     DEBUG main            d.u.i.k.p.i.IntermediateProofReplayer Proof replay took 21.14ms 
127552     DEBUG main            d.u.i.k.p.r.p.TestFile    ... success: reloaded. 
127553     INFO  main            d.u.i.k.p.r.p.TestFile    Now processing file /home/runner/work/key/key/key.core/../key.ui/examples/heap/list/ArrayList_size.key 
127553     INFO  main            d.u.i.k.p.i.AbstractProblemLoader Loading environment from /home/runner/work/key/key/key.core/../key.ui/examples/heap/list/ArrayList_size.key 
127553     DEBUG main            d.u.i.k.p.i.AbstractProblemLoader Environment load took 88.9ns 
127554     INFO  main            d.u.i.k.p.i.AbstractProblemLoader Creating init config 
128495     DEBUG main            d.u.i.k.j.r.ClassPreparationMethodBuilder clPrepBuilder: Inner Class detected. Reject building class initialisation methods. 
130504     DEBUG main            d.u.i.k.p.i.AbstractProblemLoader Init config took 2.95s 
130547     INFO  main            d.u.i.k.p.i.AbstractProblemLoader Replaying proof ArrayList[List::size()].JML normal_behavior operation contract.0 
130549     DEBUG main            d.u.i.k.p.i.IntermediateProofReplayer Proof replay took 5.4ns 
130754     INFO  main            d.u.i.k.p.r.p.TestFile    ... finished proof: closed. 
130967     INFO  main            d.u.i.k.p.i.AbstractProblemLoader Loading environment from /home/runner/work/key/key/key.core/../key.ui/examples/heap/list/ArrayList_size.key.proof 
130967     DEBUG main            d.u.i.k.p.i.AbstractProblemLoader Environment load took 107.9ns 
130968     INFO  main            d.u.i.k.p.i.AbstractProblemLoader Creating init config 
131891     DEBUG main            d.u.i.k.j.r.ClassPreparationMethodBuilder clPrepBuilder: Inner Class detected. Reject building class initialisation methods. 
133899     DEBUG main            d.u.i.k.p.i.AbstractProblemLoader Init config took 2.93s 
133943     INFO  main            d.u.i.k.p.i.AbstractProblemLoader Replaying proof ArrayList[List::size()].JML normal_behavior operation contract.0 
133977     DEBUG main            d.u.i.k.p.i.IntermediateProofReplayer Proof replay took 31.6ms 
133978     DEBUG main            d.u.i.k.p.r.p.TestFile    ... success: reloaded. 
133978     INFO  main            d.u.i.k.p.r.p.TestFile    Now processing file /home/runner/work/key/key/key.core/../key.ui/examples/heap/list/ArrayList.ArrayListIterator_ArrayListIterator.key 
133979     INFO  main            d.u.i.k.p.i.AbstractProblemLoader Loading environment from /home/runner/work/key/key/key.core/../key.ui/examples/heap/list/ArrayList.ArrayListIterator_ArrayListIterator.key 
133979     DEBUG main            d.u.i.k.p.i.AbstractProblemLoader Environment load took 79.1ns 
133980     INFO  main            d.u.i.k.p.i.AbstractProblemLoader Creating init config 
134914     DEBUG main            d.u.i.k.j.r.ClassPreparationMethodBuilder clPrepBuilder: Inner Class detected. Reject building class initialisation methods. 
136907     DEBUG main            d.u.i.k.p.i.AbstractProblemLoader Init config took 2.93s 
136959     INFO  main            d.u.i.k.p.i.AbstractProblemLoader Replaying proof ArrayList.ArrayListIterator[ArrayList.ArrayListIterator::ArrayListIterator(ArrayList)].JML normal_behavior operation contract.0 
136960     DEBUG main            d.u.i.k.p.i.IntermediateProofReplayer Proof replay took 5.1ns 
137577     INFO  main            d.u.i.k.p.r.p.TestFile    ... finished proof: closed. 
137798     INFO  main            d.u.i.k.p.i.AbstractProblemLoader Loading environment from /home/runner/work/key/key/key.core/../key.ui/examples/heap/list/ArrayList.ArrayListIterator_ArrayListIterator.key.proof 
137799     DEBUG main            d.u.i.k.p.i.AbstractProblemLoader Environment load took 406.2ns 
137800     INFO  main            d.u.i.k.p.i.AbstractProblemLoader Creating init config 
138723     DEBUG main            d.u.i.k.j.r.ClassPreparationMethodBuilder clPrepBuilder: Inner Class detected. Reject building class initialisation methods. 
140706     DEBUG main            d.u.i.k.p.i.AbstractProblemLoader Init config took 2.91s 
140757     INFO  main            d.u.i.k.p.i.AbstractProblemLoader Replaying proof ArrayList.ArrayListIterator[ArrayList.ArrayListIterator::ArrayListIterator(ArrayList)].JML normal_behavior operation contract.0 
140886     DEBUG main            d.u.i.k.p.i.IntermediateProofReplayer Proof replay took 123.19ms 
140887     DEBUG main            d.u.i.k.p.r.p.TestFile    ... success: reloaded. 
140887     INFO  main            d.u.i.k.p.r.p.TestFile    Now processing file /home/runner/work/key/key/key.core/../key.ui/examples/heap/list/ArrayList.ArrayListIterator_hasNext_dep.key 
140888     INFO  main            d.u.i.k.p.i.AbstractProblemLoader Loading environment from /home/runner/work/key/key/key.core/../key.ui/examples/heap/list/ArrayList.ArrayListIterator_hasNext_dep.key 
140888     DEBUG main            d.u.i.k.p.i.AbstractProblemLoader Environment load took 190.1ns 
140889     INFO  main            d.u.i.k.p.i.AbstractProblemLoader Creating init config 
141851     DEBUG main            d.u.i.k.j.r.ClassPreparationMethodBuilder clPrepBuilder: Inner Class detected. Reject building class initialisation methods. 
143885     DEBUG main            d.u.i.k.p.i.AbstractProblemLoader Init config took 3s 
143934     INFO  main            d.u.i.k.p.i.AbstractProblemLoader Replaying proof ArrayList.ArrayListIterator[ListIterator::hasNext()].JML accessible clause.0 
143936     DEBUG main            d.u.i.k.p.i.IntermediateProofReplayer Proof replay took 5.7ns 
144339     INFO  main            d.u.i.k.p.r.p.TestFile    ... finished proof: closed. 
144552     INFO  main            d.u.i.k.p.i.AbstractProblemLoader Loading environment from /home/runner/work/key/key/key.core/../key.ui/examples/heap/list/ArrayList.ArrayListIterator_hasNext_dep.key.proof 
144552     DEBUG main            d.u.i.k.p.i.AbstractProblemLoader Environment load took 121.8ns 
144553     INFO  main            d.u.i.k.p.i.AbstractProblemLoader Creating init config 
145495     DEBUG main            d.u.i.k.j.r.ClassPreparationMethodBuilder clPrepBuilder: Inner Class detected. Reject building class initialisation methods. 
147469     DEBUG main            d.u.i.k.p.i.AbstractProblemLoader Init config took 2.92s 
147520     INFO  main            d.u.i.k.p.i.AbstractProblemLoader Replaying proof ArrayList.ArrayListIterator[ListIterator::hasNext()].JML accessible clause.0 
147578     DEBUG main            d.u.i.k.p.i.IntermediateProofReplayer Proof replay took 55.01ms 
147579     DEBUG main            d.u.i.k.p.r.p.TestFile    ... success: reloaded. 
147580     INFO  main            d.u.i.k.p.r.p.TestFile    Now processing file /home/runner/work/key/key/key.core/../key.ui/examples/heap/list/ArrayList.ArrayListIterator_hasNext.key 
147580     INFO  main            d.u.i.k.p.i.AbstractProblemLoader Loading environment from /home/runner/work/key/key/key.core/../key.ui/examples/heap/list/ArrayList.ArrayListIterator_hasNext.key 
147580     DEBUG main            d.u.i.k.p.i.AbstractProblemLoader Environment load took 93.5ns 
147581     INFO  main            d.u.i.k.p.i.AbstractProblemLoader Creating init config 
148546     DEBUG main            d.u.i.k.j.r.ClassPreparationMethodBuilder clPrepBuilder: Inner Class detected. Reject building class initialisation methods. 
150564     DEBUG main            d.u.i.k.p.i.AbstractProblemLoader Init config took 2.98s 
150614     INFO  main            d.u.i.k.p.i.AbstractProblemLoader Replaying proof ArrayList.ArrayListIterator[ListIterator::hasNext()].JML normal_behavior operation contract.0 
150616     DEBUG main            d.u.i.k.p.i.IntermediateProofReplayer Proof replay took 5.7ns 
151019     INFO  main            d.u.i.k.p.r.p.TestFile    ... finished proof: closed. 
151256     INFO  main            d.u.i.k.p.i.AbstractProblemLoader Loading environment from /home/runner/work/key/key/key.core/../key.ui/examples/heap/list/ArrayList.ArrayListIterator_hasNext.key.proof 
151256     DEBUG main            d.u.i.k.p.i.AbstractProblemLoader Environment load took 106.2ns 
151258     INFO  main            d.u.i.k.p.i.AbstractProblemLoader Creating init config 
152218     DEBUG main            d.u.i.k.j.r.ClassPreparationMethodBuilder clPrepBuilder: Inner Class detected. Reject building class initialisation methods. 
154184     DEBUG main            d.u.i.k.p.i.AbstractProblemLoader Init config took 2.93s 
154245     INFO  main            d.u.i.k.p.i.AbstractProblemLoader Replaying proof ArrayList.ArrayListIterator[ListIterator::hasNext()].JML normal_behavior operation contract.0 
154299     DEBUG main            d.u.i.k.p.i.IntermediateProofReplayer Proof replay took 50.56ms 
154300     DEBUG main            d.u.i.k.p.r.p.TestFile    ... success: reloaded. 
154301     INFO  main            d.u.i.k.p.r.p.TestFile    Now processing file /home/runner/work/key/key/key.core/../key.ui/examples/heap/list/ArrayList.ArrayListIterator_inv.key 
154301     INFO  main            d.u.i.k.p.i.AbstractProblemLoader Loading environment from /home/runner/work/key/key/key.core/../key.ui/examples/heap/list/ArrayList.ArrayListIterator_inv.key 
154301     DEBUG main            d.u.i.k.p.i.AbstractProblemLoader Environment load took 93.7ns 
154302     INFO  main            d.u.i.k.p.i.AbstractProblemLoader Creating init config 
155249     DEBUG main            d.u.i.k.j.r.ClassPreparationMethodBuilder clPrepBuilder: Inner Class detected. Reject building class initialisation methods. 
157273     DEBUG main            d.u.i.k.p.i.AbstractProblemLoader Init config took 2.97s 
157324     INFO  main            d.u.i.k.p.i.AbstractProblemLoader Replaying proof ArrayList.ArrayListIterator[java.lang.Object::<inv>()].JML accessible clause.0 
157326     DEBUG main            d.u.i.k.p.i.IntermediateProofReplayer Proof replay took 5.1ns 
158257     INFO  main            d.u.i.k.p.r.p.TestFile    ... finished proof: closed. 
158488     INFO  main            d.u.i.k.p.i.AbstractProblemLoader Loading environment from /home/runner/work/key/key/key.core/../key.ui/examples/heap/list/ArrayList.ArrayListIterator_inv.key.proof 
158488     DEBUG main            d.u.i.k.p.i.AbstractProblemLoader Environment load took 108.5ns 
158490     INFO  main            d.u.i.k.p.i.AbstractProblemLoader Creating init config 
159441     DEBUG main            d.u.i.k.j.r.ClassPreparationMethodBuilder clPrepBuilder: Inner Class detected. Reject building class initialisation methods. 
161406     DEBUG main            d.u.i.k.p.i.AbstractProblemLoader Init config took 2.92s 
161454     INFO  main            d.u.i.k.p.i.AbstractProblemLoader Replaying proof ArrayList.ArrayListIterator[java.lang.Object::<inv>()].JML accessible clause.0 
161560     DEBUG main            d.u.i.k.p.i.IntermediateProofReplayer Proof replay took 101.68ms 
161561     DEBUG main            d.u.i.k.p.r.p.TestFile    ... success: reloaded. 
161562     INFO  main            d.u.i.k.p.r.p.TestFile    Now processing file /home/runner/work/key/key/key.core/../key.ui/examples/heap/list/ArrayList.ArrayListIterator_list.key 
161563     INFO  main            d.u.i.k.p.i.AbstractProblemLoader Loading environment from /home/runner/work/key/key/key.core/../key.ui/examples/heap/list/ArrayList.ArrayListIterator_list.key 
161563     DEBUG main            d.u.i.k.p.i.AbstractProblemLoader Environment load took 68.7ns 
161563     INFO  main            d.u.i.k.p.i.AbstractProblemLoader Creating init config 
162534     DEBUG main            d.u.i.k.j.r.ClassPreparationMethodBuilder clPrepBuilder: Inner Class detected. Reject building class initialisation methods. 
164516     DEBUG main            d.u.i.k.p.i.AbstractProblemLoader Init config took 2.95s 
164557     INFO  main            d.u.i.k.p.i.AbstractProblemLoader Replaying proof ListIterator[ListIterator::$list()].JML accessible clause.0 
164559     DEBUG main            d.u.i.k.p.i.IntermediateProofReplayer Proof replay took 5.7ns 
164661     INFO  main            d.u.i.k.p.r.p.TestFile    ... finished proof: closed. 
164883     INFO  main            d.u.i.k.p.i.AbstractProblemLoader Loading environment from /home/runner/work/key/key/key.core/../key.ui/examples/heap/list/ArrayList.ArrayListIterator_list.key.proof 
164883     DEBUG main            d.u.i.k.p.i.AbstractProblemLoader Environment load took 95.2ns 
164884     INFO  main            d.u.i.k.p.i.AbstractProblemLoader Creating init config 
165805     DEBUG main            d.u.i.k.j.r.ClassPreparationMethodBuilder clPrepBuilder: Inner Class detected. Reject building class initialisation methods. 
167775     DEBUG main            d.u.i.k.p.i.AbstractProblemLoader Init config took 2.89s 
167812     INFO  main            d.u.i.k.p.i.AbstractProblemLoader Replaying proof ListIterator[ListIterator::$list()].JML accessible clause.0 
167814     DEBUG main            d.u.i.k.p.i.IntermediateProofReplayer Proof replay took 963.7ns 
167815     DEBUG main            d.u.i.k.p.r.p.TestFile    ... success: reloaded. 
167816     INFO  main            d.u.i.k.p.r.p.TestFile    Now processing file /home/runner/work/key/key/key.core/../key.ui/examples/heap/list/ArrayList.ArrayListIterator_next_exceptional.key 
167816     INFO  main            d.u.i.k.p.i.AbstractProblemLoader Loading environment from /home/runner/work/key/key/key.core/../key.ui/examples/heap/list/ArrayList.ArrayListIterator_next_exceptional.key 
167816     DEBUG main            d.u.i.k.p.i.AbstractProblemLoader Environment load took 53.2ns 
167817     INFO  main            d.u.i.k.p.i.AbstractProblemLoader Creating init config 
168772     DEBUG main            d.u.i.k.j.r.ClassPreparationMethodBuilder clPrepBuilder: Inner Class detected. Reject building class initialisation methods. 
170830     DEBUG main            d.u.i.k.p.i.AbstractProblemLoader Init config took 3.01s 
170883     INFO  main            d.u.i.k.p.i.AbstractProblemLoader Replaying proof ArrayList.ArrayListIterator[ListIterator::next()].JML exceptional_behavior operation contract.0 
170884     DEBUG main            d.u.i.k.p.i.IntermediateProofReplayer Proof replay took 4.5ns 
171687     INFO  main            d.u.i.k.p.r.p.TestFile    ... finished proof: closed. 
171953     INFO  main            d.u.i.k.p.i.AbstractProblemLoader Loading environment from /home/runner/work/key/key/key.core/../key.ui/examples/heap/list/ArrayList.ArrayListIterator_next_exceptional.key.proof 
171953     DEBUG main            d.u.i.k.p.i.AbstractProblemLoader Environment load took 756.4ns 
171955     INFO  main            d.u.i.k.p.i.AbstractProblemLoader Creating init config 
172885     DEBUG main            d.u.i.k.j.r.ClassPreparationMethodBuilder clPrepBuilder: Inner Class detected. Reject building class initialisation methods. 
174846     DEBUG main            d.u.i.k.p.i.AbstractProblemLoader Init config took 2.89s 
174895     INFO  main            d.u.i.k.p.i.AbstractProblemLoader Replaying proof ArrayList.ArrayListIterator[ListIterator::next()].JML exceptional_behavior operation contract.0 
175031     DEBUG main            d.u.i.k.p.i.IntermediateProofReplayer Proof replay took 130.53ms 
175032     DEBUG main            d.u.i.k.p.r.p.TestFile    ... success: reloaded. 
175033     INFO  main            d.u.i.k.p.r.p.TestFile    Now processing file /home/runner/work/key/key/key.core/../key.ui/examples/heap/list/ArrayList.ArrayListIterator_next_normal.key 
175033     INFO  main            d.u.i.k.p.i.AbstractProblemLoader Loading environment from /home/runner/work/key/key/key.core/../key.ui/examples/heap/list/ArrayList.ArrayListIterator_next_normal.key 
175034     DEBUG main            d.u.i.k.p.i.AbstractProblemLoader Environment load took 204.5ns 
175035     INFO  main            d.u.i.k.p.i.AbstractProblemLoader Creating init config 
175990     DEBUG main            d.u.i.k.j.r.ClassPreparationMethodBuilder clPrepBuilder: Inner Class detected. Reject building class initialisation methods. 
178025     DEBUG main            d.u.i.k.p.i.AbstractProblemLoader Init config took 2.99s 
178074     INFO  main            d.u.i.k.p.i.AbstractProblemLoader Replaying proof ArrayList.ArrayListIterator[ListIterator::next()].JML normal_behavior operation contract.0 
178076     DEBUG main            d.u.i.k.p.i.IntermediateProofReplayer Proof replay took 5.3ns 
179001     INFO  main            d.u.i.k.p.r.p.TestFile    ... finished proof: closed. 
179259     INFO  main            d.u.i.k.p.i.AbstractProblemLoader Loading environment from /home/runner/work/key/key/key.core/../key.ui/examples/heap/list/ArrayList.ArrayListIterator_next_normal.key.proof 
179259     DEBUG main            d.u.i.k.p.i.AbstractProblemLoader Environment load took 109.6ns 
179261     INFO  main            d.u.i.k.p.i.AbstractProblemLoader Creating init config 
180197     DEBUG main            d.u.i.k.j.r.ClassPreparationMethodBuilder clPrepBuilder: Inner Class detected. Reject building class initialisation methods. 
182179     DEBUG main            d.u.i.k.p.i.AbstractProblemLoader Init config took 2.92s 
182228     INFO  main            d.u.i.k.p.i.AbstractProblemLoader Replaying proof ArrayList.ArrayListIterator[ListIterator::next()].JML normal_behavior operation contract.0 
182395     DEBUG main            d.u.i.k.p.i.IntermediateProofReplayer Proof replay took 162.13ms 
182396     DEBUG main            d.u.i.k.p.r.p.TestFile    ... success: reloaded. 
182397     INFO  main            d.u.i.k.p.r.p.TestFile    Now processing file /home/runner/work/key/key/key.core/../key.ui/examples/heap/list/ArrayList.ArrayListIterator_pos.key 
182398     INFO  main            d.u.i.k.p.i.AbstractProblemLoader Loading environment from /home/runner/work/key/key/key.core/../key.ui/examples/heap/list/ArrayList.ArrayListIterator_pos.key 
182398     DEBUG main            d.u.i.k.p.i.AbstractProblemLoader Environment load took 84.6ns 
182398     INFO  main            d.u.i.k.p.i.AbstractProblemLoader Creating init config 
183339     DEBUG main            d.u.i.k.j.r.ClassPreparationMethodBuilder clPrepBuilder: Inner Class detected. Reject building class initialisation methods. 
185345     DEBUG main            d.u.i.k.p.i.AbstractProblemLoader Init config took 2.95s 
185382     INFO  main            d.u.i.k.p.i.AbstractProblemLoader Replaying proof ListIterator[ListIterator::$pos()].JML accessible clause.0 
185384     DEBUG main            d.u.i.k.p.i.IntermediateProofReplayer Proof replay took 5ns 
185486     INFO  main            d.u.i.k.p.r.p.TestFile    ... finished proof: closed. 
185726     INFO  main            d.u.i.k.p.i.AbstractProblemLoader Loading environment from /home/runner/work/key/key/key.core/../key.ui/examples/heap/list/ArrayList.ArrayListIterator_pos.key.proof 
185726     DEBUG main            d.u.i.k.p.i.AbstractProblemLoader Environment load took 92ns 
185727     INFO  main            d.u.i.k.p.i.AbstractProblemLoader Creating init config 
186661     DEBUG main            d.u.i.k.j.r.ClassPreparationMethodBuilder clPrepBuilder: Inner Class detected. Reject building class initialisation methods. 
188625     DEBUG main            d.u.i.k.p.i.AbstractProblemLoader Init config took 2.9s 
188666     INFO  main            d.u.i.k.p.i.AbstractProblemLoader Replaying proof ListIterator[ListIterator::$pos()].JML accessible clause.0 
188670     DEBUG main            d.u.i.k.p.i.IntermediateProofReplayer Proof replay took 895.1ns 
188672     DEBUG main            d.u.i.k.p.r.p.TestFile    ... success: reloaded. 
188674     INFO  main            d.u.i.k.p.r.p.TestFile    Now processing file /home/runner/work/key/key/key.core/../key.ui/examples/heap/list/Client_m.key 
188674     INFO  main            d.u.i.k.p.i.AbstractProblemLoader Loading environment from /home/runner/work/key/key/key.core/../key.ui/examples/heap/list/Client_m.key 
188674     DEBUG main            d.u.i.k.p.i.AbstractProblemLoader Environment load took 193.7ns 
188675     INFO  main            d.u.i.k.p.i.AbstractProblemLoader Creating init config 
189627     DEBUG main            d.u.i.k.j.r.ClassPreparationMethodBuilder clPrepBuilder: Inner Class detected. Reject building class initialisation methods. 
191633     DEBUG main            d.u.i.k.p.i.AbstractProblemLoader Init config took 2.96s 
191670     INFO  main            d.u.i.k.p.i.AbstractProblemLoader Replaying proof Client[Client::m(List)].JML normal_behavior operation contract.0 
191672     DEBUG main            d.u.i.k.p.i.IntermediateProofReplayer Proof replay took 5.4ns 
191974     INFO  main            d.u.i.k.p.r.p.TestFile    ... finished proof: closed. 
192236     INFO  main            d.u.i.k.p.i.AbstractProblemLoader Loading environment from /home/runner/work/key/key/key.core/../key.ui/examples/heap/list/Client_m.key.proof 
192236     DEBUG main            d.u.i.k.p.i.AbstractProblemLoader Environment load took 92.5ns 
192237     INFO  main            d.u.i.k.p.i.AbstractProblemLoader Creating init config 
193160     DEBUG main            d.u.i.k.j.r.ClassPreparationMethodBuilder clPrepBuilder: Inner Class detected. Reject building class initialisation methods. 
195121     DEBUG main            d.u.i.k.p.i.AbstractProblemLoader Init config took 2.88s 
195159     INFO  main            d.u.i.k.p.i.AbstractProblemLoader Replaying proof Client[Client::m(List)].JML normal_behavior operation contract.0 
195215     DEBUG main            d.u.i.k.p.i.IntermediateProofReplayer Proof replay took 52.97ms 
195216     DEBUG main            d.u.i.k.p.r.p.TestFile    ... success: reloaded. 
195216     INFO  main            d.u.i.k.p.r.p.TestFile    Now processing file /home/runner/work/key/key/key.core/../key.ui/examples/heap/list/Client_n.key 
195217     INFO  main            d.u.i.k.p.i.AbstractProblemLoader Loading environment from /home/runner/work/key/key/key.core/../key.ui/examples/heap/list/Client_n.key 
195217     DEBUG main            d.u.i.k.p.i.AbstractProblemLoader Environment load took 93.2ns 
195218     INFO  main            d.u.i.k.p.i.AbstractProblemLoader Creating init config 
196155     DEBUG main            d.u.i.k.j.r.ClassPreparationMethodBuilder clPrepBuilder: Inner Class detected. Reject building class initialisation methods. 
198184     DEBUG main            d.u.i.k.p.i.AbstractProblemLoader Init config took 2.97s 
198222     INFO  main            d.u.i.k.p.i.AbstractProblemLoader Replaying proof Client[Client::n(List)].JML normal_behavior operation contract.0 
198223     DEBUG main            d.u.i.k.p.i.IntermediateProofReplayer Proof replay took 5.9ns 
198324     INFO  main            d.u.i.k.p.r.p.TestFile    ... finished proof: closed. 
198591     INFO  main            d.u.i.k.p.i.AbstractProblemLoader Loading environment from /home/runner/work/key/key/key.core/../key.ui/examples/heap/list/Client_n.key.proof 
198591     DEBUG main            d.u.i.k.p.i.AbstractProblemLoader Environment load took 87.8ns 
198592     INFO  main            d.u.i.k.p.i.AbstractProblemLoader Creating init config 
199524     DEBUG main            d.u.i.k.j.r.ClassPreparationMethodBuilder clPrepBuilder: Inner Class detected. Reject building class initialisation methods. 
201513     DEBUG main            d.u.i.k.p.i.AbstractProblemLoader Init config took 2.92s 
201550     INFO  main            d.u.i.k.p.i.AbstractProblemLoader Replaying proof Client[Client::n(List)].JML normal_behavior operation contract.0 
201568     DEBUG main            d.u.i.k.p.i.IntermediateProofReplayer Proof replay took 16.32ms 
201569     DEBUG main            d.u.i.k.p.r.p.TestFile    ... success: reloaded. 
201570     INFO  main            d.u.i.k.p.r.p.TestFile    Now processing file /home/runner/work/key/key/key.core/../key.ui/examples/heap/list/LinkedList_get_exceptional.key 
201570     INFO  main            d.u.i.k.p.i.AbstractProblemLoader Loading environment from /home/runner/work/key/key/key.core/../key.ui/examples/heap/list/LinkedList_get_exceptional.key 
201570     DEBUG main            d.u.i.k.p.i.AbstractProblemLoader Environment load took 93.8ns 
201571     INFO  main            d.u.i.k.p.i.AbstractProblemLoader Creating init config 
202512     DEBUG main            d.u.i.k.j.r.ClassPreparationMethodBuilder clPrepBuilder: Inner Class detected. Reject building class initialisation methods. 
204496     DEBUG main            d.u.i.k.p.i.AbstractProblemLoader Init config took 2.92s 
204539     INFO  main            d.u.i.k.p.i.AbstractProblemLoader Replaying proof LinkedList[List::get(int)].JML exceptional_behavior operation contract.0 
204540     DEBUG main            d.u.i.k.p.i.IntermediateProofReplayer Proof replay took 5.8ns 
206553     INFO  main            d.u.i.k.p.r.p.TestFile    ... finished proof: closed. 
206850     INFO  main            d.u.i.k.p.i.AbstractProblemLoader Loading environment from /home/runner/work/key/key/key.core/../key.ui/examples/heap/list/LinkedList_get_exceptional.key.proof 
206851     DEBUG main            d.u.i.k.p.i.AbstractProblemLoader Environment load took 170.4ns 
206852     INFO  main            d.u.i.k.p.i.AbstractProblemLoader Creating init config 
207775     DEBUG main            d.u.i.k.j.r.ClassPreparationMethodBuilder clPrepBuilder: Inner Class detected. Reject building class initialisation methods. 
209725     DEBUG main            d.u.i.k.p.i.AbstractProblemLoader Init config took 2.87s 
209779     INFO  main            d.u.i.k.p.i.AbstractProblemLoader Replaying proof LinkedList[List::get(int)].JML exceptional_behavior operation contract.0 
210072     DEBUG main            d.u.i.k.p.i.IntermediateProofReplayer Proof replay took 283.78ms 
210074     DEBUG main            d.u.i.k.p.r.p.TestFile    ... success: reloaded. 
210075     INFO  main            d.u.i.k.p.r.p.TestFile    Now processing file /home/runner/work/key/key/key.core/../key.ui/examples/heap/list/LinkedList_get_normal.key 
210080     INFO  main            d.u.i.k.p.i.AbstractProblemLoader Loading environment from /home/runner/work/key/key/key.core/../key.ui/examples/heap/list/LinkedList_get_normal.key 
210081     DEBUG main            d.u.i.k.p.i.AbstractProblemLoader Environment load took 283.5ns 
210082     INFO  main            d.u.i.k.p.i.AbstractProblemLoader Creating init config 
211027     DEBUG main            d.u.i.k.j.r.ClassPreparationMethodBuilder clPrepBuilder: Inner Class detected. Reject building class initialisation methods. 
213034     DEBUG main            d.u.i.k.p.i.AbstractProblemLoader Init config took 2.95s 
213077     INFO  main            d.u.i.k.p.i.AbstractProblemLoader Replaying proof LinkedList[List::get(int)].JML normal_behavior operation contract.0 
213078     DEBUG main            d.u.i.k.p.i.IntermediateProofReplayer Proof replay took 5ns 
218291     INFO  main            d.u.i.k.p.r.p.TestFile    ... finished proof: closed. 
218623     INFO  main            d.u.i.k.p.i.AbstractProblemLoader Loading environment from /home/runner/work/key/key/key.core/../key.ui/examples/heap/list/LinkedList_get_normal.key.proof 
218624     DEBUG main            d.u.i.k.p.i.AbstractProblemLoader Environment load took 378.8ns 
218626     INFO  main            d.u.i.k.p.i.AbstractProblemLoader Creating init config 
219558     DEBUG main            d.u.i.k.j.r.ClassPreparationMethodBuilder clPrepBuilder: Inner Class detected. Reject building class initialisation methods. 
221499     DEBUG main            d.u.i.k.p.i.AbstractProblemLoader Init config took 2.87s 
221542     INFO  main            d.u.i.k.p.i.AbstractProblemLoader Replaying proof LinkedList[List::get(int)].JML normal_behavior operation contract.0 
221964     DEBUG main            d.u.i.k.p.i.IntermediateProofReplayer Proof replay took 400.13ms 
221966     DEBUG main            d.u.i.k.p.r.p.TestFile    ... success: reloaded. 
221967     INFO  main            d.u.i.k.p.r.p.TestFile    Now processing file /home/runner/work/key/key/key.core/../key.ui/examples/heap/list/LinkedList_LinkedList.key 
221967     INFO  main            d.u.i.k.p.i.AbstractProblemLoader Loading environment from /home/runner/work/key/key/key.core/../key.ui/examples/heap/list/LinkedList_LinkedList.key 
221967     DEBUG main            d.u.i.k.p.i.AbstractProblemLoader Environment load took 47.1ns 
221968     INFO  main            d.u.i.k.p.i.AbstractProblemLoader Creating init config 
222911     DEBUG main            d.u.i.k.j.r.ClassPreparationMethodBuilder clPrepBuilder: Inner Class detected. Reject building class initialisation methods. 
224923     DEBUG main            d.u.i.k.p.i.AbstractProblemLoader Init config took 2.95s 
224969     INFO  main            d.u.i.k.p.i.AbstractProblemLoader Replaying proof LinkedList[LinkedList::LinkedList()].JML normal_behavior operation contract.0 
224971     DEBUG main            d.u.i.k.p.i.IntermediateProofReplayer Proof replay took 6.3ns 
225473     INFO  main            d.u.i.k.p.r.p.TestFile    ... finished proof: closed. 
225775     INFO  main            d.u.i.k.p.i.AbstractProblemLoader Loading environment from /home/runner/work/key/key/key.core/../key.ui/examples/heap/list/LinkedList_LinkedList.key.proof 
225775     DEBUG main            d.u.i.k.p.i.AbstractProblemLoader Environment load took 89ns 
225776     INFO  main            d.u.i.k.p.i.AbstractProblemLoader Creating init config 
226690     DEBUG main            d.u.i.k.j.r.ClassPreparationMethodBuilder clPrepBuilder: Inner Class detected. Reject building class initialisation methods. 
228675     DEBUG main            d.u.i.k.p.i.AbstractProblemLoader Init config took 2.9s 
228718     INFO  main            d.u.i.k.p.i.AbstractProblemLoader Replaying proof LinkedList[LinkedList::LinkedList()].JML normal_behavior operation contract.0 
228808     DEBUG main            d.u.i.k.p.i.IntermediateProofReplayer Proof replay took 86.62ms 
228809     DEBUG main            d.u.i.k.p.r.p.TestFile    ... success: reloaded. 
228810     INFO  main            d.u.i.k.p.r.p.TestFile    Now processing file /home/runner/work/key/key/key.core/../key.ui/examples/heap/list/LinkedList_size_dep.key 
228810     INFO  main            d.u.i.k.p.i.AbstractProblemLoader Loading environment from /home/runner/work/key/key/key.core/../key.ui/examples/heap/list/LinkedList_size_dep.key 
228810     DEBUG main            d.u.i.k.p.i.AbstractProblemLoader Environment load took 64.6ns 
228811     INFO  main            d.u.i.k.p.i.AbstractProblemLoader Creating init config 
229746     DEBUG main            d.u.i.k.j.r.ClassPreparationMethodBuilder clPrepBuilder: Inner Class detected. Reject building class initialisation methods. 
231745     DEBUG main            d.u.i.k.p.i.AbstractProblemLoader Init config took 2.93s 
231787     INFO  main            d.u.i.k.p.i.AbstractProblemLoader Replaying proof LinkedList[List::size()].JML accessible clause.0 
231788     DEBUG main            d.u.i.k.p.i.IntermediateProofReplayer Proof replay took 6.1ns 
232290     INFO  main            d.u.i.k.p.r.p.TestFile    ... finished proof: closed. 
232561     INFO  main            d.u.i.k.p.i.AbstractProblemLoader Loading environment from /home/runner/work/key/key/key.core/../key.ui/examples/heap/list/LinkedList_size_dep.key.proof 
232561     DEBUG main            d.u.i.k.p.i.AbstractProblemLoader Environment load took 92.2ns 
232562     INFO  main            d.u.i.k.p.i.AbstractProblemLoader Creating init config 
233495     DEBUG main            d.u.i.k.j.r.ClassPreparationMethodBuilder clPrepBuilder: Inner Class detected. Reject building class initialisation methods. 
235443     DEBUG main            d.u.i.k.p.i.AbstractProblemLoader Init config took 2.88s 
235485     INFO  main            d.u.i.k.p.i.AbstractProblemLoader Replaying proof LinkedList[List::size()].JML accessible clause.0 
235531     DEBUG main            d.u.i.k.p.i.IntermediateProofReplayer Proof replay took 42.82ms 
235532     DEBUG main            d.u.i.k.p.r.p.TestFile    ... success: reloaded. 
235533     INFO  main            d.u.i.k.p.r.p.TestFile    Now processing file /home/runner/work/key/key/key.core/../key.ui/examples/heap/list/LinkedList_size.key 
235533     INFO  main            d.u.i.k.p.i.AbstractProblemLoader Loading environment from /home/runner/work/key/key/key.core/../key.ui/examples/heap/list/LinkedList_size.key 
235533     DEBUG main            d.u.i.k.p.i.AbstractProblemLoader Environment load took 197.1ns 
235534     INFO  main            d.u.i.k.p.i.AbstractProblemLoader Creating init config 
236477     DEBUG main            d.u.i.k.j.r.ClassPreparationMethodBuilder clPrepBuilder: Inner Class detected. Reject building class initialisation methods. 
238471     DEBUG main            d.u.i.k.p.i.AbstractProblemLoader Init config took 2.94s 
238513     INFO  main            d.u.i.k.p.i.AbstractProblemLoader Replaying proof LinkedList[List::size()].JML normal_behavior operation contract.0 
238514     DEBUG main            d.u.i.k.p.i.IntermediateProofReplayer Proof replay took 5.7ns 
239016     INFO  main            d.u.i.k.p.r.p.TestFile    ... finished proof: closed. 
239299     INFO  main            d.u.i.k.p.i.AbstractProblemLoader Loading environment from /home/runner/work/key/key/key.core/../key.ui/examples/heap/list/LinkedList_size.key.proof 
239299     DEBUG main            d.u.i.k.p.i.AbstractProblemLoader Environment load took 122.8ns 
239299     INFO  main            d.u.i.k.p.i.AbstractProblemLoader Creating init config 
240223     DEBUG main            d.u.i.k.j.r.ClassPreparationMethodBuilder clPrepBuilder: Inner Class detected. Reject building class initialisation methods. 
242163     DEBUG main            d.u.i.k.p.i.AbstractProblemLoader Init config took 2.86s 
242205     INFO  main            d.u.i.k.p.i.AbstractProblemLoader Replaying proof LinkedList[List::size()].JML normal_behavior operation contract.0 
242245     DEBUG main            d.u.i.k.p.i.IntermediateProofReplayer Proof replay took 37.92ms 
242246     DEBUG main            d.u.i.k.p.r.p.TestFile    ... success: reloaded. 
242247     INFO  main            d.u.i.k.p.r.p.TestFile    Now processing file /home/runner/work/key/key/key.core/../key.ui/examples/heap/list/MySet_footprint.key 
242247     INFO  main            d.u.i.k.p.i.AbstractProblemLoader Loading environment from /home/runner/work/key/key/key.core/../key.ui/examples/heap/list/MySet_footprint.key 
242247     DEBUG main            d.u.i.k.p.i.AbstractProblemLoader Environment load took 44.7ns 
242248     INFO  main            d.u.i.k.p.i.AbstractProblemLoader Creating init config 
243195     DEBUG main            d.u.i.k.j.r.ClassPreparationMethodBuilder clPrepBuilder: Inner Class detected. Reject building class initialisation methods. 
245167     DEBUG main            d.u.i.k.p.i.AbstractProblemLoader Init config took 2.92s 
245229     INFO  main            d.u.i.k.p.i.AbstractProblemLoader Replaying proof MySet[MySet::$footprint()].JML accessible clause.0 
245231     DEBUG main            d.u.i.k.p.i.IntermediateProofReplayer Proof replay took 5.5ns 
245539     INFO  main            d.u.i.k.p.r.p.TestFile    ... finished proof: closed. 
245830     INFO  main            d.u.i.k.p.i.AbstractProblemLoader Loading environment from /home/runner/work/key/key/key.core/../key.ui/examples/heap/list/MySet_footprint.key.proof 
245830     DEBUG main            d.u.i.k.p.i.AbstractProblemLoader Environment load took 87.9ns 
245831     INFO  main            d.u.i.k.p.i.AbstractProblemLoader Creating init config 
246760     DEBUG main            d.u.i.k.j.r.ClassPreparationMethodBuilder clPrepBuilder: Inner Class detected. Reject building class initialisation methods. 
248702     DEBUG main            d.u.i.k.p.i.AbstractProblemLoader Init config took 2.87s 
248758     INFO  main            d.u.i.k.p.i.AbstractProblemLoader Replaying proof MySet[MySet::$footprint()].JML accessible clause.0 
248788     DEBUG main            d.u.i.k.p.i.IntermediateProofReplayer Proof replay took 27.75ms 
248790     DEBUG main            d.u.i.k.p.r.p.TestFile    ... success: reloaded. 
248791     INFO  main            d.u.i.k.p.r.p.TestFile    Now processing file /home/runner/work/key/key/key.core/../key.ui/examples/heap/list/MySet_MySet.key 
248791     INFO  main            d.u.i.k.p.i.AbstractProblemLoader Loading environment from /home/runner/work/key/key/key.core/../key.ui/examples/heap/list/MySet_MySet.key 
248791     DEBUG main            d.u.i.k.p.i.AbstractProblemLoader Environment load took 167.2ns 
248792     INFO  main            d.u.i.k.p.i.AbstractProblemLoader Creating init config 
249729     DEBUG main            d.u.i.k.j.r.ClassPreparationMethodBuilder clPrepBuilder: Inner Class detected. Reject building class initialisation methods. 
251719     DEBUG main            d.u.i.k.p.i.AbstractProblemLoader Init config took 2.93s 
251767     INFO  main            d.u.i.k.p.i.AbstractProblemLoader Replaying proof MySet[MySet::MySet()].JML normal_behavior operation contract.0 
251768     DEBUG main            d.u.i.k.p.i.IntermediateProofReplayer Proof replay took 5.1ns 
254085     INFO  main            d.u.i.k.p.r.p.TestFile    ... finished proof: closed. 
254403     INFO  main            d.u.i.k.p.i.AbstractProblemLoader Loading environment from /home/runner/work/key/key/key.core/../key.ui/examples/heap/list/MySet_MySet.key.proof 
254403     DEBUG main            d.u.i.k.p.i.AbstractProblemLoader Environment load took 95.9ns 
254404     INFO  main            d.u.i.k.p.i.AbstractProblemLoader Creating init config 
255333     DEBUG main            d.u.i.k.j.r.ClassPreparationMethodBuilder clPrepBuilder: Inner Class detected. Reject building class initialisation methods. 
257308     DEBUG main            d.u.i.k.p.i.AbstractProblemLoader Init config took 2.9s 
257353     INFO  main            d.u.i.k.p.i.AbstractProblemLoader Replaying proof MySet[MySet::MySet()].JML normal_behavior operation contract.0 
257688     DEBUG main            d.u.i.k.p.i.IntermediateProofReplayer Proof replay took 321.84ms 
257689     DEBUG main            d.u.i.k.p.r.p.TestFile    ... success: reloaded. 
1077529    INFO  Test worker     d.u.i.k.p.r.RunAllProofsTestUnit Returning from test list 
1077531    INFO  Test worker     d.u.i.k.p.r.RunAllProofsTestUnit Running test list_ghost 
375        INFO  Timeout watchdog d.u.i.k.p.r.p.ForkedTestFileRunner Timeout watcher launched (2000 secs.) 
386        WARN  main            d.u.i.k.s.ProofSettings   The settings in /home/runner/.key/proof-settings.props are *not* read. 
432        INFO  main            d.u.i.k.p.r.p.TestFile    Now processing file /home/runner/work/key/key/key.core/../key.ui/examples/heap/list_ghost/ArrayList_add.key 
585        INFO  main            d.u.i.k.p.i.AbstractProblemLoader Loading environment from /home/runner/work/key/key/key.core/../key.ui/examples/heap/list_ghost/ArrayList_add.key 
611        DEBUG main            d.u.i.k.p.i.AbstractProblemLoader Environment load took 1.76ms 
846        INFO  main            d.u.i.k.p.i.AbstractProblemLoader Creating init config 
1752       DEBUG main            d.u.i.k.j.TypeConverter   No LDT found for Meta 
1753       DEBUG main            d.u.i.k.j.TypeConverter   No LDT found for Meta 
1754       DEBUG main            d.u.i.k.j.TypeConverter   No LDT found for Meta 
1755       DEBUG main            d.u.i.k.j.TypeConverter   No LDT found for Meta 
3585       DEBUG main            d.u.i.k.j.TypeConverter   No LDT found for JavaBigintExpression 
8055       DEBUG main            d.u.i.k.p.i.AbstractProblemLoader Init config took 7.21s 
8174       INFO  main            d.u.i.k.p.i.AbstractProblemLoader Replaying proof ArrayList[List::add(java.lang.Object)].JML normal_behavior operation contract.0 
8203       DEBUG main            d.u.i.k.p.i.IntermediateProofReplayer Proof replay took 31.7ns 
13093      INFO  main            d.u.i.k.p.r.p.TestFile    ... finished proof: closed. 
13286      INFO  main            d.u.i.k.p.i.AbstractProblemLoader Loading environment from /home/runner/work/key/key/key.core/../key.ui/examples/heap/list_ghost/ArrayList_add.key.proof 
13286      DEBUG main            d.u.i.k.p.i.AbstractProblemLoader Environment load took 141.7ns 
13291      INFO  main            d.u.i.k.p.i.AbstractProblemLoader Creating init config 
16005      DEBUG main            d.u.i.k.p.i.AbstractProblemLoader Init config took 2.71s 
16101      INFO  main            d.u.i.k.p.i.AbstractProblemLoader Replaying proof ArrayList[List::add(java.lang.Object)].JML normal_behavior operation contract.0 
16775      DEBUG main            d.u.i.k.p.i.IntermediateProofReplayer Proof replay took 649.23ms 
16785      DEBUG main            d.u.i.k.p.r.p.TestFile    ... success: reloaded. 
16790      INFO  main            d.u.i.k.p.r.p.TestFile    Now processing file /home/runner/work/key/key/key.core/../key.ui/examples/heap/list_ghost/ArrayList_ArrayList.key 
16790      INFO  main            d.u.i.k.p.i.AbstractProblemLoader Loading environment from /home/runner/work/key/key/key.core/../key.ui/examples/heap/list_ghost/ArrayList_ArrayList.key 
16790      DEBUG main            d.u.i.k.p.i.AbstractProblemLoader Environment load took 108.4ns 
16794      INFO  main            d.u.i.k.p.i.AbstractProblemLoader Creating init config 
19450      DEBUG main            d.u.i.k.p.i.AbstractProblemLoader Init config took 2.66s 
19533      INFO  main            d.u.i.k.p.i.AbstractProblemLoader Replaying proof ArrayList[ArrayList::ArrayList()].JML normal_behavior operation contract.0 
19538      DEBUG main            d.u.i.k.p.i.IntermediateProofReplayer Proof replay took 5.1ns 
20543      INFO  main            d.u.i.k.p.r.p.TestFile    ... finished proof: closed. 
20709      INFO  main            d.u.i.k.p.i.AbstractProblemLoader Loading environment from /home/runner/work/key/key/key.core/../key.ui/examples/heap/list_ghost/ArrayList_ArrayList.key.proof 
20710      DEBUG main            d.u.i.k.p.i.AbstractProblemLoader Environment load took 457.6ns 
20713      INFO  main            d.u.i.k.p.i.AbstractProblemLoader Creating init config 
23277      DEBUG main            d.u.i.k.p.i.AbstractProblemLoader Init config took 2.56s 
23325      INFO  main            d.u.i.k.p.i.AbstractProblemLoader Replaying proof ArrayList[ArrayList::ArrayList()].JML normal_behavior operation contract.0 
23500      DEBUG main            d.u.i.k.p.i.IntermediateProofReplayer Proof replay took 167.19ms 
23502      DEBUG main            d.u.i.k.p.r.p.TestFile    ... success: reloaded. 
23503      INFO  main            d.u.i.k.p.r.p.TestFile    Now processing file /home/runner/work/key/key/key.core/../key.ui/examples/heap/list_ghost/ArrayList_enlarge.key 
23503      INFO  main            d.u.i.k.p.i.AbstractProblemLoader Loading environment from /home/runner/work/key/key/key.core/../key.ui/examples/heap/list_ghost/ArrayList_enlarge.key 
23504      DEBUG main            d.u.i.k.p.i.AbstractProblemLoader Environment load took 228.4ns 
23505      INFO  main            d.u.i.k.p.i.AbstractProblemLoader Creating init config 
26013      DEBUG main            d.u.i.k.p.i.AbstractProblemLoader Init config took 2.51s 
26060      INFO  main            d.u.i.k.p.i.AbstractProblemLoader Replaying proof ArrayList[ArrayList::enlarge()].JML normal_behavior operation contract.0 
26062      DEBUG main            d.u.i.k.p.i.IntermediateProofReplayer Proof replay took 5.1ns 
28085      INFO  main            d.u.i.k.p.r.p.TestFile    ... finished proof: closed. 
28240      INFO  main            d.u.i.k.p.i.AbstractProblemLoader Loading environment from /home/runner/work/key/key/key.core/../key.ui/examples/heap/list_ghost/ArrayList_enlarge.key.proof 
28240      DEBUG main            d.u.i.k.p.i.AbstractProblemLoader Environment load took 405.2ns 
28242      INFO  main            d.u.i.k.p.i.AbstractProblemLoader Creating init config 
30809      DEBUG main            d.u.i.k.p.i.AbstractProblemLoader Init config took 2.57s 
30855      INFO  main            d.u.i.k.p.i.AbstractProblemLoader Replaying proof ArrayList[ArrayList::enlarge()].JML normal_behavior operation contract.0 
31252      DEBUG main            d.u.i.k.p.i.IntermediateProofReplayer Proof replay took 386.96ms 
31254      DEBUG main            d.u.i.k.p.r.p.TestFile    ... success: reloaded. 
31255      INFO  main            d.u.i.k.p.r.p.TestFile    Now processing file /home/runner/work/key/key/key.core/../key.ui/examples/heap/list_ghost/ArrayList_get_dep.key 
31255      INFO  main            d.u.i.k.p.i.AbstractProblemLoader Loading environment from /home/runner/work/key/key/key.core/../key.ui/examples/heap/list_ghost/ArrayList_get_dep.key 
31256      DEBUG main            d.u.i.k.p.i.AbstractProblemLoader Environment load took 203.5ns 
31257      INFO  main            d.u.i.k.p.i.AbstractProblemLoader Creating init config 
33756      DEBUG main            d.u.i.k.p.i.AbstractProblemLoader Init config took 2.5s 
33825      INFO  main            d.u.i.k.p.i.AbstractProblemLoader Replaying proof ArrayList[List::get(int)].JML accessible clause.0 
33828      DEBUG main            d.u.i.k.p.i.IntermediateProofReplayer Proof replay took 5.4ns 
34231      INFO  main            d.u.i.k.p.r.p.TestFile    ... finished proof: closed. 
34386      INFO  main            d.u.i.k.p.i.AbstractProblemLoader Loading environment from /home/runner/work/key/key/key.core/../key.ui/examples/heap/list_ghost/ArrayList_get_dep.key.proof 
34387      DEBUG main            d.u.i.k.p.i.AbstractProblemLoader Environment load took 797.79ns 
34388      INFO  main            d.u.i.k.p.i.AbstractProblemLoader Creating init config 
36877      DEBUG main            d.u.i.k.p.i.AbstractProblemLoader Init config took 2.49s 
36942      INFO  main            d.u.i.k.p.i.AbstractProblemLoader Replaying proof ArrayList[List::get(int)].JML accessible clause.0 
37013      DEBUG main            d.u.i.k.p.i.IntermediateProofReplayer Proof replay took 58.34ms 
37014      DEBUG main            d.u.i.k.p.r.p.TestFile    ... success: reloaded. 
37016      INFO  main            d.u.i.k.p.r.p.TestFile    Now processing file /home/runner/work/key/key/key.core/../key.ui/examples/heap/list_ghost/ArrayList_get_exceptional.key 
37016      INFO  main            d.u.i.k.p.i.AbstractProblemLoader Loading environment from /home/runner/work/key/key/key.core/../key.ui/examples/heap/list_ghost/ArrayList_get_exceptional.key 
37016      DEBUG main            d.u.i.k.p.i.AbstractProblemLoader Environment load took 248ns 
37017      INFO  main            d.u.i.k.p.i.AbstractProblemLoader Creating init config 
39567      DEBUG main            d.u.i.k.p.i.AbstractProblemLoader Init config took 2.55s 
39612      INFO  main            d.u.i.k.p.i.AbstractProblemLoader Replaying proof ArrayList[List::get(int)].JML exceptional_behavior operation contract.0 
39614      DEBUG main            d.u.i.k.p.i.IntermediateProofReplayer Proof replay took 5.7ns 
40327      INFO  main            d.u.i.k.p.r.p.TestFile    ... finished proof: closed. 
40482      INFO  main            d.u.i.k.p.i.AbstractProblemLoader Loading environment from /home/runner/work/key/key/key.core/../key.ui/examples/heap/list_ghost/ArrayList_get_exceptional.key.proof 
40484      DEBUG main            d.u.i.k.p.i.AbstractProblemLoader Environment load took 1.49ms 
40485      INFO  main            d.u.i.k.p.i.AbstractProblemLoader Creating init config 
42946      DEBUG main            d.u.i.k.p.i.AbstractProblemLoader Init config took 2.46s 
42995      INFO  main            d.u.i.k.p.i.AbstractProblemLoader Replaying proof ArrayList[List::get(int)].JML exceptional_behavior operation contract.0 
43141      DEBUG main            d.u.i.k.p.i.IntermediateProofReplayer Proof replay took 140.4ms 
43143      DEBUG main            d.u.i.k.p.r.p.TestFile    ... success: reloaded. 
43144      INFO  main            d.u.i.k.p.r.p.TestFile    Now processing file /home/runner/work/key/key/key.core/../key.ui/examples/heap/list_ghost/ArrayList_get_normal.key 
43144      INFO  main            d.u.i.k.p.i.AbstractProblemLoader Loading environment from /home/runner/work/key/key/key.core/../key.ui/examples/heap/list_ghost/ArrayList_get_normal.key 
43144      DEBUG main            d.u.i.k.p.i.AbstractProblemLoader Environment load took 209.4ns 
43145      INFO  main            d.u.i.k.p.i.AbstractProblemLoader Creating init config 
45569      DEBUG main            d.u.i.k.p.i.AbstractProblemLoader Init config took 2.42s 
45609      INFO  main            d.u.i.k.p.i.AbstractProblemLoader Replaying proof ArrayList[List::get(int)].JML normal_behavior operation contract.0 
45611      DEBUG main            d.u.i.k.p.i.IntermediateProofReplayer Proof replay took 5.5ns 
45917      INFO  main            d.u.i.k.p.r.p.TestFile    ... finished proof: closed. 
46075      INFO  main            d.u.i.k.p.i.AbstractProblemLoader Loading environment from /home/runner/work/key/key/key.core/../key.ui/examples/heap/list_ghost/ArrayList_get_normal.key.proof 
46075      DEBUG main            d.u.i.k.p.i.AbstractProblemLoader Environment load took 109.9ns 
46078      INFO  main            d.u.i.k.p.i.AbstractProblemLoader Creating init config 
48487      DEBUG main            d.u.i.k.p.i.AbstractProblemLoader Init config took 2.41s 
48526      INFO  main            d.u.i.k.p.i.AbstractProblemLoader Replaying proof ArrayList[List::get(int)].JML normal_behavior operation contract.0 
48587      DEBUG main            d.u.i.k.p.i.IntermediateProofReplayer Proof replay took 57.89ms 
48588      DEBUG main            d.u.i.k.p.r.p.TestFile    ... success: reloaded. 
48590      INFO  main            d.u.i.k.p.r.p.TestFile    Now processing file /home/runner/work/key/key/key.core/../key.ui/examples/heap/list_ghost/ArrayList_inv.key 
48590      INFO  main            d.u.i.k.p.i.AbstractProblemLoader Loading environment from /home/runner/work/key/key/key.core/../key.ui/examples/heap/list_ghost/ArrayList_inv.key 
48590      DEBUG main            d.u.i.k.p.i.AbstractProblemLoader Environment load took 195.8ns 
48591      INFO  main            d.u.i.k.p.i.AbstractProblemLoader Creating init config 
51001      DEBUG main            d.u.i.k.p.i.AbstractProblemLoader Init config took 2.41s 
51039      INFO  main            d.u.i.k.p.i.AbstractProblemLoader Replaying proof ArrayList[java.lang.Object::<inv>()].JML accessible clause.0 
51041      DEBUG main            d.u.i.k.p.i.IntermediateProofReplayer Proof replay took 5.7ns 
51142      INFO  main            d.u.i.k.p.r.p.TestFile    ... finished proof: closed. 
51314      INFO  main            d.u.i.k.p.i.AbstractProblemLoader Loading environment from /home/runner/work/key/key/key.core/../key.ui/examples/heap/list_ghost/ArrayList_inv.key.proof 
51314      DEBUG main            d.u.i.k.p.i.AbstractProblemLoader Environment load took 108.5ns 
51315      INFO  main            d.u.i.k.p.i.AbstractProblemLoader Creating init config 
53717      DEBUG main            d.u.i.k.p.i.AbstractProblemLoader Init config took 2.4s 
53755      INFO  main            d.u.i.k.p.i.AbstractProblemLoader Replaying proof ArrayList[java.lang.Object::<inv>()].JML accessible clause.0 
53766      DEBUG main            d.u.i.k.p.i.IntermediateProofReplayer Proof replay took 9.06ms 
53766      DEBUG main            d.u.i.k.p.r.p.TestFile    ... success: reloaded. 
53767      INFO  main            d.u.i.k.p.r.p.TestFile    Now processing file /home/runner/work/key/key/key.core/../key.ui/examples/heap/list_ghost/ArrayList_size_dep.key 
53768      INFO  main            d.u.i.k.p.i.AbstractProblemLoader Loading environment from /home/runner/work/key/key/key.core/../key.ui/examples/heap/list_ghost/ArrayList_size_dep.key 
53768      DEBUG main            d.u.i.k.p.i.AbstractProblemLoader Environment load took 88.6ns 
53768      INFO  main            d.u.i.k.p.i.AbstractProblemLoader Creating init config 
56216      DEBUG main            d.u.i.k.p.i.AbstractProblemLoader Init config took 2.45s 
56254      INFO  main            d.u.i.k.p.i.AbstractProblemLoader Replaying proof ArrayList[List::size()].JML accessible clause.0 
56255      DEBUG main            d.u.i.k.p.i.IntermediateProofReplayer Proof replay took 6ns 
56357      INFO  main            d.u.i.k.p.r.p.TestFile    ... finished proof: closed. 
56525      INFO  main            d.u.i.k.p.i.AbstractProblemLoader Loading environment from /home/runner/work/key/key/key.core/../key.ui/examples/heap/list_ghost/ArrayList_size_dep.key.proof 
56525      DEBUG main            d.u.i.k.p.i.AbstractProblemLoader Environment load took 109.6ns 
56526      INFO  main            d.u.i.k.p.i.AbstractProblemLoader Creating init config 
58908      DEBUG main            d.u.i.k.p.i.AbstractProblemLoader Init config took 2.38s 
58944      INFO  main            d.u.i.k.p.i.AbstractProblemLoader Replaying proof ArrayList[List::size()].JML accessible clause.0 
58958      DEBUG main            d.u.i.k.p.i.IntermediateProofReplayer Proof replay took 11.32ms 
58959      DEBUG main            d.u.i.k.p.r.p.TestFile    ... success: reloaded. 
58960      INFO  main            d.u.i.k.p.r.p.TestFile    Now processing file /home/runner/work/key/key/key.core/../key.ui/examples/heap/list_ghost/ArrayList_size.key 
58960      INFO  main            d.u.i.k.p.i.AbstractProblemLoader Loading environment from /home/runner/work/key/key/key.core/../key.ui/examples/heap/list_ghost/ArrayList_size.key 
58961      DEBUG main            d.u.i.k.p.i.AbstractProblemLoader Environment load took 204ns 
58961      INFO  main            d.u.i.k.p.i.AbstractProblemLoader Creating init config 
61354      DEBUG main            d.u.i.k.p.i.AbstractProblemLoader Init config took 2.39s 
61391      INFO  main            d.u.i.k.p.i.AbstractProblemLoader Replaying proof ArrayList[List::size()].JML normal_behavior operation contract.0 
61392      DEBUG main            d.u.i.k.p.i.IntermediateProofReplayer Proof replay took 5.4ns 
61494      INFO  main            d.u.i.k.p.r.p.TestFile    ... finished proof: closed. 
61662      INFO  main            d.u.i.k.p.i.AbstractProblemLoader Loading environment from /home/runner/work/key/key/key.core/../key.ui/examples/heap/list_ghost/ArrayList_size.key.proof 
61663      DEBUG main            d.u.i.k.p.i.AbstractProblemLoader Environment load took 107.2ns 
61663      INFO  main            d.u.i.k.p.i.AbstractProblemLoader Creating init config 
64032      DEBUG main            d.u.i.k.p.i.AbstractProblemLoader Init config took 2.37s 
64070      INFO  main            d.u.i.k.p.i.AbstractProblemLoader Replaying proof ArrayList[List::size()].JML normal_behavior operation contract.0 
64084      DEBUG main            d.u.i.k.p.i.IntermediateProofReplayer Proof replay took 12.64ms 
64085      DEBUG main            d.u.i.k.p.r.p.TestFile    ... success: reloaded. 
1141796    INFO  Test worker     d.u.i.k.p.r.RunAllProofsTestUnit Returning from test list_ghost 
1141797    INFO  Test worker     d.u.i.k.p.r.RunAllProofsTestUnit Running test list_recursive 
386        INFO  Timeout watchdog d.u.i.k.p.r.p.ForkedTestFileRunner Timeout watcher launched (2000 secs.) 
393        WARN  main            d.u.i.k.s.ProofSettings   The settings in /home/runner/.key/proof-settings.props are *not* read. 
417        INFO  main            d.u.i.k.p.r.p.TestFile    Now processing file /home/runner/work/key/key/key.core/../key.ui/examples/heap/list_recursiveSpec/ListOperationsNonNull_getNextNN_normal_behavior.key 
527        INFO  main            d.u.i.k.p.i.AbstractProblemLoader Loading environment from /home/runner/work/key/key/key.core/../key.ui/examples/heap/list_recursiveSpec/ListOperationsNonNull_getNextNN_normal_behavior.key 
545        DEBUG main            d.u.i.k.p.i.AbstractProblemLoader Environment load took 2.44ms 
793        INFO  main            d.u.i.k.p.i.AbstractProblemLoader Creating init config 
1768       DEBUG main            d.u.i.k.j.TypeConverter   No LDT found for Meta 
1768       DEBUG main            d.u.i.k.j.TypeConverter   No LDT found for Meta 
1769       DEBUG main            d.u.i.k.j.TypeConverter   No LDT found for Meta 
1769       DEBUG main            d.u.i.k.j.TypeConverter   No LDT found for Meta 
3083       DEBUG main            d.u.i.k.j.TypeConverter   No LDT found for JavaBigintExpression 
8427       DEBUG main            d.u.i.k.p.i.AbstractProblemLoader Init config took 7.63s 
8625       INFO  main            d.u.i.k.p.i.AbstractProblemLoader Replaying proof ListOperationsNonNull[ListOperationsNonNull::getNextNN(ListNN,int)].JML normal_behavior operation contract.0 
8660       DEBUG main            d.u.i.k.p.i.IntermediateProofReplayer Proof replay took 32.6ns 
9821       INFO  main            d.u.i.k.p.r.p.TestFile    ... finished proof: closed. 
9931       INFO  main            d.u.i.k.p.i.AbstractProblemLoader Loading environment from /home/runner/work/key/key/key.core/../key.ui/examples/heap/list_recursiveSpec/ListOperationsNonNull_getNextNN_normal_behavior.key.proof 
9931       DEBUG main            d.u.i.k.p.i.AbstractProblemLoader Environment load took 436.2ns 
9933       INFO  main            d.u.i.k.p.i.AbstractProblemLoader Creating init config 
12811      DEBUG main            d.u.i.k.p.i.AbstractProblemLoader Init config took 2.88s 
12884      INFO  main            d.u.i.k.p.i.AbstractProblemLoader Replaying proof ListOperationsNonNull[ListOperationsNonNull::getNextNN(ListNN,int)].JML normal_behavior operation contract.0 
13041      DEBUG main            d.u.i.k.p.i.IntermediateProofReplayer Proof replay took 148.48ms 
13047      DEBUG main            d.u.i.k.p.r.p.TestFile    ... success: reloaded. 
13049      INFO  main            d.u.i.k.p.r.p.TestFile    Now processing file /home/runner/work/key/key/key.core/../key.ui/examples/heap/list_recursiveSpec/ListOperationsNonNull_setValueAt_normal_behavior.key 
13049      INFO  main            d.u.i.k.p.i.AbstractProblemLoader Loading environment from /home/runner/work/key/key/key.core/../key.ui/examples/heap/list_recursiveSpec/ListOperationsNonNull_setValueAt_normal_behavior.key 
13050      DEBUG main            d.u.i.k.p.i.AbstractProblemLoader Environment load took 226.2ns 
13051      INFO  main            d.u.i.k.p.i.AbstractProblemLoader Creating init config 
15954      DEBUG main            d.u.i.k.p.i.AbstractProblemLoader Init config took 2.9s 
16020      INFO  main            d.u.i.k.p.i.AbstractProblemLoader Replaying proof ListOperationsNonNull[ListOperationsNonNull::setValueAt_NN(ListNN,int,int)].JML normal_behavior operation contract.0 
16023      DEBUG main            d.u.i.k.p.i.IntermediateProofReplayer Proof replay took 5.7ns 
16047      DEBUG main            d.u.i.k.m.s.ProofScriptEngine 1: 'macro autopilot' 
18684      DEBUG main            d.u.i.k.m.s.ProofScriptEngine 2: 'macro simp-upd' 
18689      DEBUG main            d.u.i.k.m.s.ProofScriptEngine 3: 'rule observerDependencyEQ' 
18707      DEBUG main            d.u.i.k.m.s.ProofScriptEngine 4: 'tryclose' 
18734      INFO  main            d.u.i.k.p.r.p.TestFile    ... finished proof: closed. 
18872      INFO  main            d.u.i.k.p.i.AbstractProblemLoader Loading environment from /home/runner/work/key/key/key.core/../key.ui/examples/heap/list_recursiveSpec/ListOperationsNonNull_setValueAt_normal_behavior.key.proof 
18873      DEBUG main            d.u.i.k.p.i.AbstractProblemLoader Environment load took 462.3ns 
18875      INFO  main            d.u.i.k.p.i.AbstractProblemLoader Creating init config 
21566      DEBUG main            d.u.i.k.p.i.AbstractProblemLoader Init config took 2.69s 
21623      INFO  main            d.u.i.k.p.i.AbstractProblemLoader Replaying proof ListOperationsNonNull[ListOperationsNonNull::setValueAt_NN(ListNN,int,int)].JML normal_behavior operation contract.0 
21767      DEBUG main            d.u.i.k.p.i.IntermediateProofReplayer Proof replay took 138.35ms 
21769      DEBUG main            d.u.i.k.p.r.p.TestFile    ... success: reloaded. 
1163729    INFO  Test worker     d.u.i.k.p.r.RunAllProofsTestUnit Returning from test list_recursive 
1163730    INFO  Test worker     d.u.i.k.p.r.RunAllProofsTestUnit Running test list_seq 
332        INFO  Timeout watchdog d.u.i.k.p.r.p.ForkedTestFileRunner Timeout watcher launched (2000 secs.) 
338        WARN  main            d.u.i.k.s.ProofSettings   The settings in /home/runner/.key/proof-settings.props are *not* read. 
372        INFO  main            d.u.i.k.p.r.p.TestFile    Now processing file /home/runner/work/key/key/key.core/../key.ui/examples/heap/list_seq/SimplifiedLinkedList.remove.key 
484        INFO  main            d.u.i.k.p.i.AbstractProblemLoader Loading environment from /home/runner/work/key/key/key.core/../key.ui/examples/heap/list_seq/SimplifiedLinkedList.remove.key 
499        DEBUG main            d.u.i.k.p.i.AbstractProblemLoader Environment load took 2.19ms 
705        INFO  main            d.u.i.k.p.i.AbstractProblemLoader Creating init config 
1632       DEBUG main            d.u.i.k.j.TypeConverter   No LDT found for Meta 
1632       DEBUG main            d.u.i.k.j.TypeConverter   No LDT found for Meta 
1636       DEBUG main            d.u.i.k.j.TypeConverter   No LDT found for Meta 
1636       DEBUG main            d.u.i.k.j.TypeConverter   No LDT found for Meta 
2853       DEBUG main            d.u.i.k.j.TypeConverter   No LDT found for JavaBigintExpression 
8250       DEBUG main            d.u.i.k.p.i.AbstractProblemLoader Init config took 7.55s 
8414       INFO  main            d.u.i.k.p.i.AbstractProblemLoader Replaying proof SimplifiedLinkedList[SimplifiedLinkedList::remove(int)].JML normal_behavior operation contract.0 
8471       DEBUG main            d.u.i.k.p.i.IntermediateProofReplayer Proof replay took 35.3ns 
97106      INFO  main            d.u.i.k.p.r.p.TestFile    ... finished proof: closed. 
97478      INFO  main            d.u.i.k.p.i.AbstractProblemLoader Loading environment from /home/runner/work/key/key/key.core/../key.ui/examples/heap/list_seq/SimplifiedLinkedList.remove.key.proof 
97478      DEBUG main            d.u.i.k.p.i.AbstractProblemLoader Environment load took 457.9ns 
97496      INFO  main            d.u.i.k.p.i.AbstractProblemLoader Creating init config 
100452     DEBUG main            d.u.i.k.p.i.AbstractProblemLoader Init config took 2.96s 
100565     INFO  main            d.u.i.k.p.i.AbstractProblemLoader Replaying proof SimplifiedLinkedList[SimplifiedLinkedList::remove(int)].JML normal_behavior operation contract.0 
104263     DEBUG main            d.u.i.k.p.i.IntermediateProofReplayer Proof replay took 3.43s 
104280     DEBUG main            d.u.i.k.p.r.p.TestFile    ... success: reloaded. 
104288     INFO  main            d.u.i.k.p.r.p.TestFile    Now processing file /home/runner/work/key/key/key.core/../key.ui/examples/heap/list_seq/ArrayList.ArrayList.key 
104289     INFO  main            d.u.i.k.p.i.AbstractProblemLoader Loading environment from /home/runner/work/key/key/key.core/../key.ui/examples/heap/list_seq/ArrayList.ArrayList.key 
104289     DEBUG main            d.u.i.k.p.i.AbstractProblemLoader Environment load took 280.1ns 
104291     INFO  main            d.u.i.k.p.i.AbstractProblemLoader Creating init config 
107345     DEBUG main            d.u.i.k.p.i.AbstractProblemLoader Init config took 3.05s 
107441     INFO  main            d.u.i.k.p.i.AbstractProblemLoader Replaying proof ArrayList[ArrayList::ArrayList()].JML normal_behavior operation contract.0 
107446     DEBUG main            d.u.i.k.p.i.IntermediateProofReplayer Proof replay took 5.6ns 
108251     INFO  main            d.u.i.k.p.r.p.TestFile    ... finished proof: closed. 
108421     INFO  main            d.u.i.k.p.i.AbstractProblemLoader Loading environment from /home/runner/work/key/key/key.core/../key.ui/examples/heap/list_seq/ArrayList.ArrayList.key.proof 
108421     DEBUG main            d.u.i.k.p.i.AbstractProblemLoader Environment load took 672.8ns 
108423     INFO  main            d.u.i.k.p.i.AbstractProblemLoader Creating init config 
111273     DEBUG main            d.u.i.k.p.i.AbstractProblemLoader Init config took 2.85s 
111371     INFO  main            d.u.i.k.p.i.AbstractProblemLoader Replaying proof ArrayList[ArrayList::ArrayList()].JML normal_behavior operation contract.0 
111502     DEBUG main            d.u.i.k.p.i.IntermediateProofReplayer Proof replay took 126.71ms 
111504     DEBUG main            d.u.i.k.p.r.p.TestFile    ... success: reloaded. 
111505     INFO  main            d.u.i.k.p.r.p.TestFile    Now processing file /home/runner/work/key/key/key.core/../key.ui/examples/heap/list_seq/ArrayList.add.key 
111505     INFO  main            d.u.i.k.p.i.AbstractProblemLoader Loading environment from /home/runner/work/key/key/key.core/../key.ui/examples/heap/list_seq/ArrayList.add.key 
111506     DEBUG main            d.u.i.k.p.i.AbstractProblemLoader Environment load took 242.2ns 
111507     INFO  main            d.u.i.k.p.i.AbstractProblemLoader Creating init config 
114327     DEBUG main            d.u.i.k.p.i.AbstractProblemLoader Init config took 2.82s 
114446     INFO  main            d.u.i.k.p.i.AbstractProblemLoader Replaying proof ArrayList[List::add(java.lang.Object)].JML normal_behavior operation contract.0 
114447     DEBUG main            d.u.i.k.p.i.IntermediateProofReplayer Proof replay took 5.1ns 
117855     INFO  main            d.u.i.k.p.r.p.TestFile    ... finished proof: closed. 
118041     INFO  main            d.u.i.k.p.i.AbstractProblemLoader Loading environment from /home/runner/work/key/key/key.core/../key.ui/examples/heap/list_seq/ArrayList.add.key.proof 
118041     DEBUG main            d.u.i.k.p.i.AbstractProblemLoader Environment load took 426ns 
118043     INFO  main            d.u.i.k.p.i.AbstractProblemLoader Creating init config 
120861     DEBUG main            d.u.i.k.p.i.AbstractProblemLoader Init config took 2.82s 
120943     INFO  main            d.u.i.k.p.i.AbstractProblemLoader Replaying proof ArrayList[List::add(java.lang.Object)].JML normal_behavior operation contract.0 
121358     DEBUG main            d.u.i.k.p.i.IntermediateProofReplayer Proof replay took 403.41ms 
121360     DEBUG main            d.u.i.k.p.r.p.TestFile    ... success: reloaded. 
121361     INFO  main            d.u.i.k.p.r.p.TestFile    Now processing file /home/runner/work/key/key/key.core/../key.ui/examples/heap/list_seq/ArrayList.contains.key 
121361     INFO  main            d.u.i.k.p.i.AbstractProblemLoader Loading environment from /home/runner/work/key/key/key.core/../key.ui/examples/heap/list_seq/ArrayList.contains.key 
121361     DEBUG main            d.u.i.k.p.i.AbstractProblemLoader Environment load took 204.7ns 
121362     INFO  main            d.u.i.k.p.i.AbstractProblemLoader Creating init config 
124227     DEBUG main            d.u.i.k.p.i.AbstractProblemLoader Init config took 2.86s 
124302     INFO  main            d.u.i.k.p.i.AbstractProblemLoader Replaying proof ArrayList[List::contains(java.lang.Object)].JML normal_behavior operation contract.0 
124304     DEBUG main            d.u.i.k.p.i.IntermediateProofReplayer Proof replay took 5.8ns 
125832     INFO  main            d.u.i.k.p.r.p.TestFile    ... finished proof: closed. 
126037     INFO  main            d.u.i.k.p.i.AbstractProblemLoader Loading environment from /home/runner/work/key/key/key.core/../key.ui/examples/heap/list_seq/ArrayList.contains.key.proof 
126037     DEBUG main            d.u.i.k.p.i.AbstractProblemLoader Environment load took 406.6ns 
126038     INFO  main            d.u.i.k.p.i.AbstractProblemLoader Creating init config 
128848     DEBUG main            d.u.i.k.p.i.AbstractProblemLoader Init config took 2.81s 
128933     INFO  main            d.u.i.k.p.i.AbstractProblemLoader Replaying proof ArrayList[List::contains(java.lang.Object)].JML normal_behavior operation contract.0 
129160     DEBUG main            d.u.i.k.p.i.IntermediateProofReplayer Proof replay took 220.11ms 
129161     DEBUG main            d.u.i.k.p.r.p.TestFile    ... success: reloaded. 
129162     INFO  main            d.u.i.k.p.r.p.TestFile    Now processing file /home/runner/work/key/key/key.core/../key.ui/examples/heap/list_seq/ArrayList.enlarge.key 
129162     INFO  main            d.u.i.k.p.i.AbstractProblemLoader Loading environment from /home/runner/work/key/key/key.core/../key.ui/examples/heap/list_seq/ArrayList.enlarge.key 
129162     DEBUG main            d.u.i.k.p.i.AbstractProblemLoader Environment load took 88.4ns 
129163     INFO  main            d.u.i.k.p.i.AbstractProblemLoader Creating init config 
131975     DEBUG main            d.u.i.k.p.i.AbstractProblemLoader Init config took 2.81s 
132049     INFO  main            d.u.i.k.p.i.AbstractProblemLoader Replaying proof ArrayList[ArrayList::enlarge()].JML normal_behavior operation contract.0 
132051     DEBUG main            d.u.i.k.p.i.IntermediateProofReplayer Proof replay took 5.8ns 
134086     INFO  main            d.u.i.k.p.r.p.TestFile    ... finished proof: closed. 
134266     INFO  main            d.u.i.k.p.i.AbstractProblemLoader Loading environment from /home/runner/work/key/key/key.core/../key.ui/examples/heap/list_seq/ArrayList.enlarge.key.proof 
134266     DEBUG main            d.u.i.k.p.i.AbstractProblemLoader Environment load took 408.5ns 
134267     INFO  main            d.u.i.k.p.i.AbstractProblemLoader Creating init config 
136979     DEBUG main            d.u.i.k.p.i.AbstractProblemLoader Init config took 2.71s 
137072     INFO  main            d.u.i.k.p.i.AbstractProblemLoader Replaying proof ArrayList[ArrayList::enlarge()].JML normal_behavior operation contract.0 
137373     DEBUG main            d.u.i.k.p.i.IntermediateProofReplayer Proof replay took 293.54ms 
137375     DEBUG main            d.u.i.k.p.r.p.TestFile    ... success: reloaded. 
137375     INFO  main            d.u.i.k.p.r.p.TestFile    Now processing file /home/runner/work/key/key/key.core/../key.ui/examples/heap/list_seq/ArrayList.get.key 
137376     INFO  main            d.u.i.k.p.i.AbstractProblemLoader Loading environment from /home/runner/work/key/key/key.core/../key.ui/examples/heap/list_seq/ArrayList.get.key 
137376     DEBUG main            d.u.i.k.p.i.AbstractProblemLoader Environment load took 229.1ns 
137377     INFO  main            d.u.i.k.p.i.AbstractProblemLoader Creating init config 
140219     DEBUG main            d.u.i.k.p.i.AbstractProblemLoader Init config took 2.84s 
140291     INFO  main            d.u.i.k.p.i.AbstractProblemLoader Replaying proof ArrayList[List::get(int)].JML normal_behavior operation contract.0 
140293     DEBUG main            d.u.i.k.p.i.IntermediateProofReplayer Proof replay took 5.8ns 
140795     INFO  main            d.u.i.k.p.r.p.TestFile    ... finished proof: closed. 
140978     INFO  main            d.u.i.k.p.i.AbstractProblemLoader Loading environment from /home/runner/work/key/key/key.core/../key.ui/examples/heap/list_seq/ArrayList.get.key.proof 
140979     DEBUG main            d.u.i.k.p.i.AbstractProblemLoader Environment load took 408.7ns 
140980     INFO  main            d.u.i.k.p.i.AbstractProblemLoader Creating init config 
143691     DEBUG main            d.u.i.k.p.i.AbstractProblemLoader Init config took 2.71s 
143763     INFO  main            d.u.i.k.p.i.AbstractProblemLoader Replaying proof ArrayList[List::get(int)].JML normal_behavior operation contract.0 
143844     DEBUG main            d.u.i.k.p.i.IntermediateProofReplayer Proof replay took 76.81ms 
143844     DEBUG main            d.u.i.k.p.r.p.TestFile    ... success: reloaded. 
143845     INFO  main            d.u.i.k.p.r.p.TestFile    Now processing file /home/runner/work/key/key/key.core/../key.ui/examples/heap/list_seq/ArrayList.newArray.key 
143845     INFO  main            d.u.i.k.p.i.AbstractProblemLoader Loading environment from /home/runner/work/key/key/key.core/../key.ui/examples/heap/list_seq/ArrayList.newArray.key 
143846     DEBUG main            d.u.i.k.p.i.AbstractProblemLoader Environment load took 58.6ns 
143846     INFO  main            d.u.i.k.p.i.AbstractProblemLoader Creating init config 
146621     DEBUG main            d.u.i.k.p.i.AbstractProblemLoader Init config took 2.77s 
146693     INFO  main            d.u.i.k.p.i.AbstractProblemLoader Replaying proof ArrayList[ArrayList::newArray(int)].JML normal_behavior operation contract.0 
146695     DEBUG main            d.u.i.k.p.i.IntermediateProofReplayer Proof replay took 5.8ns 
146997     INFO  main            d.u.i.k.p.r.p.TestFile    ... finished proof: closed. 
147217     INFO  main            d.u.i.k.p.i.AbstractProblemLoader Loading environment from /home/runner/work/key/key/key.core/../key.ui/examples/heap/list_seq/ArrayList.newArray.key.proof 
147218     DEBUG main            d.u.i.k.p.i.AbstractProblemLoader Environment load took 110ns 
147218     INFO  main            d.u.i.k.p.i.AbstractProblemLoader Creating init config 
149940     DEBUG main            d.u.i.k.p.i.AbstractProblemLoader Init config took 2.72s 
150034     INFO  main            d.u.i.k.p.i.AbstractProblemLoader Replaying proof ArrayList[ArrayList::newArray(int)].JML normal_behavior operation contract.0 
150084     DEBUG main            d.u.i.k.p.i.IntermediateProofReplayer Proof replay took 47.17ms 
150085     DEBUG main            d.u.i.k.p.r.p.TestFile    ... success: reloaded. 
150086     INFO  main            d.u.i.k.p.r.p.TestFile    Now processing file /home/runner/work/key/key/key.core/../key.ui/examples/heap/list_seq/ArrayList.remove.0.key 
150087     INFO  main            d.u.i.k.p.i.AbstractProblemLoader Loading environment from /home/runner/work/key/key/key.core/../key.ui/examples/heap/list_seq/ArrayList.remove.0.key 
150092     DEBUG main            d.u.i.k.p.i.AbstractProblemLoader Environment load took 5.59ms 
150093     INFO  main            d.u.i.k.p.i.AbstractProblemLoader Creating init config 
152841     DEBUG main            d.u.i.k.p.i.AbstractProblemLoader Init config took 2.75s 
152928     INFO  main            d.u.i.k.p.i.AbstractProblemLoader Replaying proof ArrayList[List::remove(java.lang.Object)].JML normal_behavior operation contract.0 
152929     DEBUG main            d.u.i.k.p.i.IntermediateProofReplayer Proof replay took 6.4ns 
154876     INFO  main            d.u.i.k.p.r.p.TestFile    ... finished proof: closed. 
155085     INFO  main            d.u.i.k.p.i.AbstractProblemLoader Loading environment from /home/runner/work/key/key/key.core/../key.ui/examples/heap/list_seq/ArrayList.remove.0.key.proof 
155087     DEBUG main            d.u.i.k.p.i.AbstractProblemLoader Environment load took 1.75ms 
155089     INFO  main            d.u.i.k.p.i.AbstractProblemLoader Creating init config 
157814     DEBUG main            d.u.i.k.p.i.AbstractProblemLoader Init config took 2.72s 
157885     INFO  main            d.u.i.k.p.i.AbstractProblemLoader Replaying proof ArrayList[List::remove(java.lang.Object)].JML normal_behavior operation contract.0 
158383     DEBUG main            d.u.i.k.p.i.IntermediateProofReplayer Proof replay took 490.52ms 
158385     DEBUG main            d.u.i.k.p.r.p.TestFile    ... success: reloaded. 
158388     INFO  main            d.u.i.k.p.r.p.TestFile    Now processing file /home/runner/work/key/key/key.core/../key.ui/examples/heap/list_seq/ArrayList.remove.1.key 
158390     INFO  main            d.u.i.k.p.i.AbstractProblemLoader Loading environment from /home/runner/work/key/key/key.core/../key.ui/examples/heap/list_seq/ArrayList.remove.1.key 
158390     DEBUG main            d.u.i.k.p.i.AbstractProblemLoader Environment load took 462.4ns 
158393     INFO  main            d.u.i.k.p.i.AbstractProblemLoader Creating init config 
161125     DEBUG main            d.u.i.k.p.i.AbstractProblemLoader Init config took 2.73s 
161215     INFO  main            d.u.i.k.p.i.AbstractProblemLoader Replaying proof ArrayList[List::remove(java.lang.Object)].JML normal_behavior operation contract.1 
161217     DEBUG main            d.u.i.k.p.i.IntermediateProofReplayer Proof replay took 6.4ns 
172706     INFO  main            d.u.i.k.p.r.p.TestFile    ... finished proof: closed. 
172941     INFO  main            d.u.i.k.p.i.AbstractProblemLoader Loading environment from /home/runner/work/key/key/key.core/../key.ui/examples/heap/list_seq/ArrayList.remove.1.key.proof 
172941     DEBUG main            d.u.i.k.p.i.AbstractProblemLoader Environment load took 399.8ns 
172944     INFO  main            d.u.i.k.p.i.AbstractProblemLoader Creating init config 
175615     DEBUG main            d.u.i.k.p.i.AbstractProblemLoader Init config took 2.67s 
175683     INFO  main            d.u.i.k.p.i.AbstractProblemLoader Replaying proof ArrayList[List::remove(java.lang.Object)].JML normal_behavior operation contract.1 
177039     DEBUG main            d.u.i.k.p.i.IntermediateProofReplayer Proof replay took 1.33s 
177041     DEBUG main            d.u.i.k.p.r.p.TestFile    ... success: reloaded. 
1340947    INFO  Test worker     d.u.i.k.p.r.RunAllProofsTestUnit Returning from test list_seq 
1340951    INFO  Test worker     d.u.i.k.p.r.RunAllProofsTestUnit Running test observer 
345        INFO  Timeout watchdog d.u.i.k.p.r.p.ForkedTestFileRunner Timeout watcher launched (2000 secs.) 
360        WARN  main            d.u.i.k.s.ProofSettings   The settings in /home/runner/.key/proof-settings.props are *not* read. 
402        INFO  main            d.u.i.k.p.r.p.TestFile    Now processing file /home/runner/work/key/key/key.core/../key.ui/examples/heap/observer/ExampleObserver_ExampleObserver.key 
562        INFO  main            d.u.i.k.p.i.AbstractProblemLoader Loading environment from /home/runner/work/key/key/key.core/../key.ui/examples/heap/observer/ExampleObserver_ExampleObserver.key 
586        DEBUG main            d.u.i.k.p.i.AbstractProblemLoader Environment load took 2.63ms 
792        INFO  main            d.u.i.k.p.i.AbstractProblemLoader Creating init config 
1763       DEBUG main            d.u.i.k.j.TypeConverter   No LDT found for Meta 
1763       DEBUG main            d.u.i.k.j.TypeConverter   No LDT found for Meta 
1766       DEBUG main            d.u.i.k.j.TypeConverter   No LDT found for Meta 
1766       DEBUG main            d.u.i.k.j.TypeConverter   No LDT found for Meta 
2939       DEBUG main            d.u.i.k.j.TypeConverter   No LDT found for JavaBigintExpression 
7932       DEBUG main            d.u.i.k.p.i.AbstractProblemLoader Init config took 7.14s 
8063       INFO  main            d.u.i.k.p.i.AbstractProblemLoader Replaying proof ExampleObserver[ExampleObserver::ExampleObserver(ExampleSubject)].JML normal_behavior operation contract.0 
8093       DEBUG main            d.u.i.k.p.i.IntermediateProofReplayer Proof replay took 31.4ns 
9020       INFO  main            d.u.i.k.p.r.p.TestFile    ... finished proof: closed. 
9135       INFO  main            d.u.i.k.p.i.AbstractProblemLoader Loading environment from /home/runner/work/key/key/key.core/../key.ui/examples/heap/observer/ExampleObserver_ExampleObserver.key.proof 
9135       DEBUG main            d.u.i.k.p.i.AbstractProblemLoader Environment load took 142.4ns 
9141       INFO  main            d.u.i.k.p.i.AbstractProblemLoader Creating init config 
12029      DEBUG main            d.u.i.k.p.i.AbstractProblemLoader Init config took 2.89s 
12114      INFO  main            d.u.i.k.p.i.AbstractProblemLoader Replaying proof ExampleObserver[ExampleObserver::ExampleObserver(ExampleSubject)].JML normal_behavior operation contract.0 
12230      DEBUG main            d.u.i.k.p.i.IntermediateProofReplayer Proof replay took 108.22ms 
12244      DEBUG main            d.u.i.k.p.r.p.TestFile    ... success: reloaded. 
12246      INFO  main            d.u.i.k.p.r.p.TestFile    Now processing file /home/runner/work/key/key/key.core/../key.ui/examples/heap/observer/ExampleObserver_inv.key 
12247      INFO  main            d.u.i.k.p.i.AbstractProblemLoader Loading environment from /home/runner/work/key/key/key.core/../key.ui/examples/heap/observer/ExampleObserver_inv.key 
12247      DEBUG main            d.u.i.k.p.i.AbstractProblemLoader Environment load took 104.7ns 
12248      INFO  main            d.u.i.k.p.i.AbstractProblemLoader Creating init config 
14961      DEBUG main            d.u.i.k.p.i.AbstractProblemLoader Init config took 2.71s 
15025      INFO  main            d.u.i.k.p.i.AbstractProblemLoader Replaying proof ExampleObserver[java.lang.Object::<inv>()].JML accessible clause.0 
15028      DEBUG main            d.u.i.k.p.i.IntermediateProofReplayer Proof replay took 5.8ns 
15130      INFO  main            d.u.i.k.p.r.p.TestFile    ... finished proof: closed. 
15281      INFO  main            d.u.i.k.p.i.AbstractProblemLoader Loading environment from /home/runner/work/key/key/key.core/../key.ui/examples/heap/observer/ExampleObserver_inv.key.proof 
15281      DEBUG main            d.u.i.k.p.i.AbstractProblemLoader Environment load took 118.7ns 
15282      INFO  main            d.u.i.k.p.i.AbstractProblemLoader Creating init config 
18019      DEBUG main            d.u.i.k.p.i.AbstractProblemLoader Init config took 2.74s 
18098      INFO  main            d.u.i.k.p.i.AbstractProblemLoader Replaying proof ExampleObserver[java.lang.Object::<inv>()].JML accessible clause.0 
18126      DEBUG main            d.u.i.k.p.i.IntermediateProofReplayer Proof replay took 22.88ms 
18127      DEBUG main            d.u.i.k.p.r.p.TestFile    ... success: reloaded. 
18132      INFO  main            d.u.i.k.p.r.p.TestFile    Now processing file /home/runner/work/key/key/key.core/../key.ui/examples/heap/observer/ExampleObserver_subject.key 
18132      INFO  main            d.u.i.k.p.i.AbstractProblemLoader Loading environment from /home/runner/work/key/key/key.core/../key.ui/examples/heap/observer/ExampleObserver_subject.key 
18132      DEBUG main            d.u.i.k.p.i.AbstractProblemLoader Environment load took 110.7ns 
18135      INFO  main            d.u.i.k.p.i.AbstractProblemLoader Creating init config 
20791      DEBUG main            d.u.i.k.p.i.AbstractProblemLoader Init config took 2.66s 
20845      INFO  main            d.u.i.k.p.i.AbstractProblemLoader Replaying proof Observer[Observer::$subject()].JML accessible clause.0 
20846      DEBUG main            d.u.i.k.p.i.IntermediateProofReplayer Proof replay took 5ns 
20948      INFO  main            d.u.i.k.p.r.p.TestFile    ... finished proof: closed. 
21080      INFO  main            d.u.i.k.p.i.AbstractProblemLoader Loading environment from /home/runner/work/key/key/key.core/../key.ui/examples/heap/observer/ExampleObserver_subject.key.proof 
21080      DEBUG main            d.u.i.k.p.i.AbstractProblemLoader Environment load took 106.4ns 
21081      INFO  main            d.u.i.k.p.i.AbstractProblemLoader Creating init config 
23613      DEBUG main            d.u.i.k.p.i.AbstractProblemLoader Init config took 2.53s 
23665      INFO  main            d.u.i.k.p.i.AbstractProblemLoader Replaying proof Observer[Observer::$subject()].JML accessible clause.0 
23669      DEBUG main            d.u.i.k.p.i.IntermediateProofReplayer Proof replay took 1.84ms 
23670      DEBUG main            d.u.i.k.p.r.p.TestFile    ... success: reloaded. 
23671      INFO  main            d.u.i.k.p.r.p.TestFile    Now processing file /home/runner/work/key/key/key.core/../key.ui/examples/heap/observer/ExampleObserver_update.key 
23671      INFO  main            d.u.i.k.p.i.AbstractProblemLoader Loading environment from /home/runner/work/key/key/key.core/../key.ui/examples/heap/observer/ExampleObserver_update.key 
23671      DEBUG main            d.u.i.k.p.i.AbstractProblemLoader Environment load took 113.4ns 
23672      INFO  main            d.u.i.k.p.i.AbstractProblemLoader Creating init config 
26253      DEBUG main            d.u.i.k.p.i.AbstractProblemLoader Init config took 2.58s 
26302      INFO  main            d.u.i.k.p.i.AbstractProblemLoader Replaying proof ExampleObserver[Observer::update()].JML normal_behavior operation contract.0 
26304      DEBUG main            d.u.i.k.p.i.IntermediateProofReplayer Proof replay took 5.3ns 
26607      INFO  main            d.u.i.k.p.r.p.TestFile    ... finished proof: closed. 
26757      INFO  main            d.u.i.k.p.i.AbstractProblemLoader Loading environment from /home/runner/work/key/key/key.core/../key.ui/examples/heap/observer/ExampleObserver_update.key.proof 
26758      DEBUG main            d.u.i.k.p.i.AbstractProblemLoader Environment load took 434.1ns 
26759      INFO  main            d.u.i.k.p.i.AbstractProblemLoader Creating init config 
29318      DEBUG main            d.u.i.k.p.i.AbstractProblemLoader Init config took 2.56s 
29367      INFO  main            d.u.i.k.p.i.AbstractProblemLoader Replaying proof ExampleObserver[Observer::update()].JML normal_behavior operation contract.0 
29431      DEBUG main            d.u.i.k.p.i.IntermediateProofReplayer Proof replay took 60.54ms 
29432      DEBUG main            d.u.i.k.p.r.p.TestFile    ... success: reloaded. 
29434      INFO  main            d.u.i.k.p.r.p.TestFile    Now processing file /home/runner/work/key/key/key.core/../key.ui/examples/heap/observer/ExampleObserver_upToDate.key 
29434      INFO  main            d.u.i.k.p.i.AbstractProblemLoader Loading environment from /home/runner/work/key/key/key.core/../key.ui/examples/heap/observer/ExampleObserver_upToDate.key 
29434      DEBUG main            d.u.i.k.p.i.AbstractProblemLoader Environment load took 210.8ns 
29435      INFO  main            d.u.i.k.p.i.AbstractProblemLoader Creating init config 
31987      DEBUG main            d.u.i.k.p.i.AbstractProblemLoader Init config took 2.55s 
32035      INFO  main            d.u.i.k.p.i.AbstractProblemLoader Replaying proof ExampleObserver[Observer::$upToDate()].JML accessible clause.0 
32036      DEBUG main            d.u.i.k.p.i.IntermediateProofReplayer Proof replay took 4.5ns 
32140      INFO  main            d.u.i.k.p.r.p.TestFile    ... finished proof: closed. 
32288      INFO  main            d.u.i.k.p.i.AbstractProblemLoader Loading environment from /home/runner/work/key/key/key.core/../key.ui/examples/heap/observer/ExampleObserver_upToDate.key.proof 
32289      DEBUG main            d.u.i.k.p.i.AbstractProblemLoader Environment load took 104.5ns 
32289      INFO  main            d.u.i.k.p.i.AbstractProblemLoader Creating init config 
34799      DEBUG main            d.u.i.k.p.i.AbstractProblemLoader Init config took 2.51s 
34844      INFO  main            d.u.i.k.p.i.AbstractProblemLoader Replaying proof ExampleObserver[Observer::$upToDate()].JML accessible clause.0 
34865      DEBUG main            d.u.i.k.p.i.IntermediateProofReplayer Proof replay took 17.86ms 
34866      DEBUG main            d.u.i.k.p.r.p.TestFile    ... success: reloaded. 
34867      INFO  main            d.u.i.k.p.r.p.TestFile    Now processing file /home/runner/work/key/key/key.core/../key.ui/examples/heap/observer/ExampleObserver_value.key 
34867      INFO  main            d.u.i.k.p.i.AbstractProblemLoader Loading environment from /home/runner/work/key/key/key.core/../key.ui/examples/heap/observer/ExampleObserver_value.key 
34868      DEBUG main            d.u.i.k.p.i.AbstractProblemLoader Environment load took 141.9ns 
34868      INFO  main            d.u.i.k.p.i.AbstractProblemLoader Creating init config 
37422      DEBUG main            d.u.i.k.p.i.AbstractProblemLoader Init config took 2.55s 
37468      INFO  main            d.u.i.k.p.i.AbstractProblemLoader Replaying proof ExampleObserver[ExampleObserver::value()].JML normal_behavior operation contract.0 
37470      DEBUG main            d.u.i.k.p.i.IntermediateProofReplayer Proof replay took 4.8ns 
37576      INFO  main            d.u.i.k.p.r.p.TestFile    ... finished proof: closed. 
37725      INFO  main            d.u.i.k.p.i.AbstractProblemLoader Loading environment from /home/runner/work/key/key/key.core/../key.ui/examples/heap/observer/ExampleObserver_value.key.proof 
37725      DEBUG main            d.u.i.k.p.i.AbstractProblemLoader Environment load took 104.9ns 
37726      INFO  main            d.u.i.k.p.i.AbstractProblemLoader Creating init config 
40212      DEBUG main            d.u.i.k.p.i.AbstractProblemLoader Init config took 2.49s 
40259      INFO  main            d.u.i.k.p.i.AbstractProblemLoader Replaying proof ExampleObserver[ExampleObserver::value()].JML normal_behavior operation contract.0 
40278      DEBUG main            d.u.i.k.p.i.IntermediateProofReplayer Proof replay took 17.09ms 
40280      DEBUG main            d.u.i.k.p.r.p.TestFile    ... success: reloaded. 
40281      INFO  main            d.u.i.k.p.r.p.TestFile    Now processing file /home/runner/work/key/key/key.core/../key.ui/examples/heap/observer/ExampleSubject_addObserver.key 
40281      INFO  main            d.u.i.k.p.i.AbstractProblemLoader Loading environment from /home/runner/work/key/key/key.core/../key.ui/examples/heap/observer/ExampleSubject_addObserver.key 
40290      DEBUG main            d.u.i.k.p.i.AbstractProblemLoader Environment load took 8.4ms 
40291      INFO  main            d.u.i.k.p.i.AbstractProblemLoader Creating init config 
42786      DEBUG main            d.u.i.k.p.i.AbstractProblemLoader Init config took 2.5s 
42854      INFO  main            d.u.i.k.p.i.AbstractProblemLoader Replaying proof ExampleSubject[Subject::addObserver(Observer)].JML normal_behavior operation contract.0 
42856      DEBUG main            d.u.i.k.p.i.IntermediateProofReplayer Proof replay took 6.1ns 
48383      INFO  main            d.u.i.k.p.r.p.TestFile    ... finished proof: closed. 
48593      INFO  main            d.u.i.k.p.i.AbstractProblemLoader Loading environment from /home/runner/work/key/key/key.core/../key.ui/examples/heap/observer/ExampleSubject_addObserver.key.proof 
48593      DEBUG main            d.u.i.k.p.i.AbstractProblemLoader Environment load took 254ns 
48595      INFO  main            d.u.i.k.p.i.AbstractProblemLoader Creating init config 
51043      DEBUG main            d.u.i.k.p.i.AbstractProblemLoader Init config took 2.45s 
51089      INFO  main            d.u.i.k.p.i.AbstractProblemLoader Replaying proof ExampleSubject[Subject::addObserver(Observer)].JML normal_behavior operation contract.0 
51777      DEBUG main            d.u.i.k.p.i.IntermediateProofReplayer Proof replay took 664.33ms 
51779      DEBUG main            d.u.i.k.p.r.p.TestFile    ... success: reloaded. 
51780      INFO  main            d.u.i.k.p.r.p.TestFile    Now processing file /home/runner/work/key/key/key.core/../key.ui/examples/heap/observer/ExampleSubject_change.key 
51780      INFO  main            d.u.i.k.p.i.AbstractProblemLoader Loading environment from /home/runner/work/key/key/key.core/../key.ui/examples/heap/observer/ExampleSubject_change.key 
51781      DEBUG main            d.u.i.k.p.i.AbstractProblemLoader Environment load took 199.4ns 
51781      INFO  main            d.u.i.k.p.i.AbstractProblemLoader Creating init config 
54314      DEBUG main            d.u.i.k.p.i.AbstractProblemLoader Init config took 2.53s 
54358      INFO  main            d.u.i.k.p.i.AbstractProblemLoader Replaying proof ExampleSubject[ExampleSubject::change()].JML normal_behavior operation contract.0 
54359      DEBUG main            d.u.i.k.p.i.IntermediateProofReplayer Proof replay took 5.5ns 
54874      INFO  main            d.u.i.k.p.r.p.TestFile    ... finished proof: closed. 
55057      INFO  main            d.u.i.k.p.i.AbstractProblemLoader Loading environment from /home/runner/work/key/key/key.core/../key.ui/examples/heap/observer/ExampleSubject_change.key.proof 
55057      DEBUG main            d.u.i.k.p.i.AbstractProblemLoader Environment load took 443.1ns 
55058      INFO  main            d.u.i.k.p.i.AbstractProblemLoader Creating init config 
57605      DEBUG main            d.u.i.k.p.i.AbstractProblemLoader Init config took 2.55s 
57649      INFO  main            d.u.i.k.p.i.AbstractProblemLoader Replaying proof ExampleSubject[ExampleSubject::change()].JML normal_behavior operation contract.0 
57727      DEBUG main            d.u.i.k.p.i.IntermediateProofReplayer Proof replay took 73.29ms 
57728      DEBUG main            d.u.i.k.p.r.p.TestFile    ... success: reloaded. 
57729      INFO  main            d.u.i.k.p.r.p.TestFile    Now processing file /home/runner/work/key/key/key.core/../key.ui/examples/heap/observer/ExampleSubject_ExampleSubject.key 
57729      INFO  main            d.u.i.k.p.i.AbstractProblemLoader Loading environment from /home/runner/work/key/key/key.core/../key.ui/examples/heap/observer/ExampleSubject_ExampleSubject.key 
57730      DEBUG main            d.u.i.k.p.i.AbstractProblemLoader Environment load took 201.6ns 
57731      INFO  main            d.u.i.k.p.i.AbstractProblemLoader Creating init config 
60230      DEBUG main            d.u.i.k.p.i.AbstractProblemLoader Init config took 2.5s 
60279      INFO  main            d.u.i.k.p.i.AbstractProblemLoader Replaying proof ExampleSubject[ExampleSubject::ExampleSubject()].JML normal_behavior operation contract.0 
60282      DEBUG main            d.u.i.k.p.i.IntermediateProofReplayer Proof replay took 5.8ns 
61388      INFO  main            d.u.i.k.p.r.p.TestFile    ... finished proof: closed. 
61573      INFO  main            d.u.i.k.p.i.AbstractProblemLoader Loading environment from /home/runner/work/key/key/key.core/../key.ui/examples/heap/observer/ExampleSubject_ExampleSubject.key.proof 
61574      DEBUG main            d.u.i.k.p.i.AbstractProblemLoader Environment load took 425.6ns 
61575      INFO  main            d.u.i.k.p.i.AbstractProblemLoader Creating init config 
64090      DEBUG main            d.u.i.k.p.i.AbstractProblemLoader Init config took 2.52s 
64133      INFO  main            d.u.i.k.p.i.AbstractProblemLoader Replaying proof ExampleSubject[ExampleSubject::ExampleSubject()].JML normal_behavior operation contract.0 
64321      DEBUG main            d.u.i.k.p.i.IntermediateProofReplayer Proof replay took 180.24ms 
64323      DEBUG main            d.u.i.k.p.r.p.TestFile    ... success: reloaded. 
64324      INFO  main            d.u.i.k.p.r.p.TestFile    Now processing file /home/runner/work/key/key/key.core/../key.ui/examples/heap/observer/ExampleSubject_footprint.key 
64324      INFO  main            d.u.i.k.p.i.AbstractProblemLoader Loading environment from /home/runner/work/key/key/key.core/../key.ui/examples/heap/observer/ExampleSubject_footprint.key 
64325      DEBUG main            d.u.i.k.p.i.AbstractProblemLoader Environment load took 203ns 
64325      INFO  main            d.u.i.k.p.i.AbstractProblemLoader Creating init config 
66814      DEBUG main            d.u.i.k.p.i.AbstractProblemLoader Init config took 2.49s 
66856      INFO  main            d.u.i.k.p.i.AbstractProblemLoader Replaying proof ExampleSubject[Subject::$footprint()].JML accessible clause.0 
66857      DEBUG main            d.u.i.k.p.i.IntermediateProofReplayer Proof replay took 5.5ns 
66960      INFO  main            d.u.i.k.p.r.p.TestFile    ... finished proof: closed. 
67138      INFO  main            d.u.i.k.p.i.AbstractProblemLoader Loading environment from /home/runner/work/key/key/key.core/../key.ui/examples/heap/observer/ExampleSubject_footprint.key.proof 
67138      DEBUG main            d.u.i.k.p.i.AbstractProblemLoader Environment load took 107.3ns 
67141      INFO  main            d.u.i.k.p.i.AbstractProblemLoader Creating init config 
69667      DEBUG main            d.u.i.k.p.i.AbstractProblemLoader Init config took 2.53s 
69710      INFO  main            d.u.i.k.p.i.AbstractProblemLoader Replaying proof ExampleSubject[Subject::$footprint()].JML accessible clause.0 
69730      DEBUG main            d.u.i.k.p.i.IntermediateProofReplayer Proof replay took 16.15ms 
69731      DEBUG main            d.u.i.k.p.r.p.TestFile    ... success: reloaded. 
69733      INFO  main            d.u.i.k.p.r.p.TestFile    Now processing file /home/runner/work/key/key/key.core/../key.ui/examples/heap/observer/ExampleSubject_inv.key 
69733      INFO  main            d.u.i.k.p.i.AbstractProblemLoader Loading environment from /home/runner/work/key/key/key.core/../key.ui/examples/heap/observer/ExampleSubject_inv.key 
69733      DEBUG main            d.u.i.k.p.i.AbstractProblemLoader Environment load took 91.1ns 
69734      INFO  main            d.u.i.k.p.i.AbstractProblemLoader Creating init config 
72184      DEBUG main            d.u.i.k.p.i.AbstractProblemLoader Init config took 2.45s 
72225      INFO  main            d.u.i.k.p.i.AbstractProblemLoader Replaying proof ExampleSubject[java.lang.Object::<inv>()].JML accessible clause.0 
72226      DEBUG main            d.u.i.k.p.i.IntermediateProofReplayer Proof replay took 5.6ns 
73331      INFO  main            d.u.i.k.p.r.p.TestFile    ... finished proof: closed. 
73523      INFO  main            d.u.i.k.p.i.AbstractProblemLoader Loading environment from /home/runner/work/key/key/key.core/../key.ui/examples/heap/observer/ExampleSubject_inv.key.proof 
73523      DEBUG main            d.u.i.k.p.i.AbstractProblemLoader Environment load took 507.4ns 
73524      INFO  main            d.u.i.k.p.i.AbstractProblemLoader Creating init config 
75979      DEBUG main            d.u.i.k.p.i.AbstractProblemLoader Init config took 2.46s 
76022      INFO  main            d.u.i.k.p.i.AbstractProblemLoader Replaying proof ExampleSubject[java.lang.Object::<inv>()].JML accessible clause.0 
76146      DEBUG main            d.u.i.k.p.i.IntermediateProofReplayer Proof replay took 115.45ms 
76147      DEBUG main            d.u.i.k.p.r.p.TestFile    ... success: reloaded. 
76148      INFO  main            d.u.i.k.p.r.p.TestFile    Now processing file /home/runner/work/key/key/key.core/../key.ui/examples/heap/observer/ExampleSubject_notifyObservers.key 
76149      INFO  main            d.u.i.k.p.i.AbstractProblemLoader Loading environment from /home/runner/work/key/key/key.core/../key.ui/examples/heap/observer/ExampleSubject_notifyObservers.key 
76149      DEBUG main            d.u.i.k.p.i.AbstractProblemLoader Environment load took 192.4ns 
76150      INFO  main            d.u.i.k.p.i.AbstractProblemLoader Creating init config 
78615      DEBUG main            d.u.i.k.p.i.AbstractProblemLoader Init config took 2.47s 
78657      INFO  main            d.u.i.k.p.i.AbstractProblemLoader Replaying proof Subject[Subject::notifyObservers()].JML normal_behavior operation contract.0 
78660      DEBUG main            d.u.i.k.p.i.IntermediateProofReplayer Proof replay took 5.3ns 
78761      INFO  main            d.u.i.k.p.r.p.TestFile    ... finished proof: closed. 
78944      INFO  main            d.u.i.k.p.i.AbstractProblemLoader Loading environment from /home/runner/work/key/key/key.core/../key.ui/examples/heap/observer/ExampleSubject_notifyObservers.key.proof 
78945      DEBUG main            d.u.i.k.p.i.AbstractProblemLoader Environment load took 107.7ns 
78945      INFO  main            d.u.i.k.p.i.AbstractProblemLoader Creating init config 
81394      DEBUG main            d.u.i.k.p.i.AbstractProblemLoader Init config took 2.45s 
81435      INFO  main            d.u.i.k.p.i.AbstractProblemLoader Replaying proof Subject[Subject::notifyObservers()].JML normal_behavior operation contract.0 
81439      DEBUG main            d.u.i.k.p.i.IntermediateProofReplayer Proof replay took 2.56ms 
81440      DEBUG main            d.u.i.k.p.r.p.TestFile    ... success: reloaded. 
81441      INFO  main            d.u.i.k.p.r.p.TestFile    Now processing file /home/runner/work/key/key/key.core/../key.ui/examples/heap/observer/ExampleSubject_value_dep.key 
81441      INFO  main            d.u.i.k.p.i.AbstractProblemLoader Loading environment from /home/runner/work/key/key/key.core/../key.ui/examples/heap/observer/ExampleSubject_value_dep.key 
81441      DEBUG main            d.u.i.k.p.i.AbstractProblemLoader Environment load took 89.7ns 
81442      INFO  main            d.u.i.k.p.i.AbstractProblemLoader Creating init config 
83932      DEBUG main            d.u.i.k.p.i.AbstractProblemLoader Init config took 2.49s 
83973      INFO  main            d.u.i.k.p.i.AbstractProblemLoader Replaying proof ExampleSubject[ExampleSubject::value()].JML accessible clause.0 
83974      DEBUG main            d.u.i.k.p.i.IntermediateProofReplayer Proof replay took 5.1ns 
84076      INFO  main            d.u.i.k.p.r.p.TestFile    ... finished proof: closed. 
84315      INFO  main            d.u.i.k.p.i.AbstractProblemLoader Loading environment from /home/runner/work/key/key/key.core/../key.ui/examples/heap/observer/ExampleSubject_value_dep.key.proof 
84316      DEBUG main            d.u.i.k.p.i.AbstractProblemLoader Environment load took 103.8ns 
84316      INFO  main            d.u.i.k.p.i.AbstractProblemLoader Creating init config 
86749      DEBUG main            d.u.i.k.p.i.AbstractProblemLoader Init config took 2.43s 
86797      INFO  main            d.u.i.k.p.i.AbstractProblemLoader Replaying proof ExampleSubject[ExampleSubject::value()].JML accessible clause.0 
86810      DEBUG main            d.u.i.k.p.i.IntermediateProofReplayer Proof replay took 11.63ms 
86811      DEBUG main            d.u.i.k.p.r.p.TestFile    ... success: reloaded. 
86816      INFO  main            d.u.i.k.p.r.p.TestFile    Now processing file /home/runner/work/key/key/key.core/../key.ui/examples/heap/observer/ExampleSubject_value.key 
86816      INFO  main            d.u.i.k.p.i.AbstractProblemLoader Loading environment from /home/runner/work/key/key/key.core/../key.ui/examples/heap/observer/ExampleSubject_value.key 
86816      DEBUG main            d.u.i.k.p.i.AbstractProblemLoader Environment load took 210.9ns 
86817      INFO  main            d.u.i.k.p.i.AbstractProblemLoader Creating init config 
89297      DEBUG main            d.u.i.k.p.i.AbstractProblemLoader Init config took 2.48s 
89338      INFO  main            d.u.i.k.p.i.AbstractProblemLoader Replaying proof ExampleSubject[ExampleSubject::value()].JML normal_behavior operation contract.0 
89339      DEBUG main            d.u.i.k.p.i.IntermediateProofReplayer Proof replay took 5.8ns 
89440      INFO  main            d.u.i.k.p.r.p.TestFile    ... finished proof: closed. 
89679      INFO  main            d.u.i.k.p.i.AbstractProblemLoader Loading environment from /home/runner/work/key/key/key.core/../key.ui/examples/heap/observer/ExampleSubject_value.key.proof 
89679      DEBUG main            d.u.i.k.p.i.AbstractProblemLoader Environment load took 100.1ns 
89680      INFO  main            d.u.i.k.p.i.AbstractProblemLoader Creating init config 
92087      DEBUG main            d.u.i.k.p.i.AbstractProblemLoader Init config took 2.41s 
92143      INFO  main            d.u.i.k.p.i.AbstractProblemLoader Replaying proof ExampleSubject[ExampleSubject::value()].JML normal_behavior operation contract.0 
92155      DEBUG main            d.u.i.k.p.i.IntermediateProofReplayer Proof replay took 10.29ms 
92156      DEBUG main            d.u.i.k.p.r.p.TestFile    ... success: reloaded. 
1433281    INFO  Test worker     d.u.i.k.p.r.RunAllProofsTestUnit Returning from test observer 
1433283    INFO  Test worker     d.u.i.k.p.r.RunAllProofsTestUnit Running test removeDups 
347        INFO  Timeout watchdog d.u.i.k.p.r.p.ForkedTestFileRunner Timeout watcher launched (2000 secs.) 
362        WARN  main            d.u.i.k.s.ProofSettings   The settings in /home/runner/.key/proof-settings.props are *not* read. 
390        INFO  main            d.u.i.k.p.r.p.TestFile    Now processing file /home/runner/work/key/key/key.core/../key.ui/examples/heap/removeDups/arrayPart.key 
494        INFO  main            d.u.i.k.p.i.AbstractProblemLoader Loading environment from /home/runner/work/key/key/key.core/../key.ui/examples/heap/removeDups/arrayPart.key 
510        DEBUG main            d.u.i.k.p.i.AbstractProblemLoader Environment load took 2.1ms 
729        INFO  main            d.u.i.k.p.i.AbstractProblemLoader Creating init config 
1624       DEBUG main            d.u.i.k.j.TypeConverter   No LDT found for Meta 
1624       DEBUG main            d.u.i.k.j.TypeConverter   No LDT found for Meta 
1628       DEBUG main            d.u.i.k.j.TypeConverter   No LDT found for Meta 
1628       DEBUG main            d.u.i.k.j.TypeConverter   No LDT found for Meta 
2900       DEBUG main            d.u.i.k.j.TypeConverter   No LDT found for JavaBigintExpression 
8448       DEBUG main            d.u.i.k.p.i.AbstractProblemLoader Init config took 7.72s 
8574       INFO  main            d.u.i.k.p.i.AbstractProblemLoader Replaying proof RemoveDup[RemoveDup::arrayPart([I,int)].JML normal_behavior operation contract.0 
8604       DEBUG main            d.u.i.k.p.i.IntermediateProofReplayer Proof replay took 32.6ns 
11399      INFO  main            d.u.i.k.p.r.p.TestFile    ... finished proof: closed. 
11525      INFO  main            d.u.i.k.p.i.AbstractProblemLoader Loading environment from /home/runner/work/key/key/key.core/../key.ui/examples/heap/removeDups/arrayPart.key.proof 
11526      DEBUG main            d.u.i.k.p.i.AbstractProblemLoader Environment load took 440.5ns 
11528      INFO  main            d.u.i.k.p.i.AbstractProblemLoader Creating init config 
14417      DEBUG main            d.u.i.k.p.i.AbstractProblemLoader Init config took 2.89s 
14490      INFO  main            d.u.i.k.p.i.AbstractProblemLoader Replaying proof RemoveDup[RemoveDup::arrayPart([I,int)].JML normal_behavior operation contract.0 
14806      DEBUG main            d.u.i.k.p.i.IntermediateProofReplayer Proof replay took 304.34ms 
14813      DEBUG main            d.u.i.k.p.r.p.TestFile    ... success: reloaded. 
14814      INFO  main            d.u.i.k.p.r.p.TestFile    Now processing file /home/runner/work/key/key/key.core/../key.ui/examples/heap/removeDups/contains.key 
14815      INFO  main            d.u.i.k.p.i.AbstractProblemLoader Loading environment from /home/runner/work/key/key/key.core/../key.ui/examples/heap/removeDups/contains.key 
14815      DEBUG main            d.u.i.k.p.i.AbstractProblemLoader Environment load took 257.4ns 
14816      INFO  main            d.u.i.k.p.i.AbstractProblemLoader Creating init config 
17581      DEBUG main            d.u.i.k.p.i.AbstractProblemLoader Init config took 2.76s 
17654      INFO  main            d.u.i.k.p.i.AbstractProblemLoader Replaying proof RemoveDup[RemoveDup::contains([I,int,int)].JML normal_behavior operation contract.0 
17656      DEBUG main            d.u.i.k.p.i.IntermediateProofReplayer Proof replay took 5.8ns 
18160      INFO  main            d.u.i.k.p.r.p.TestFile    ... finished proof: closed. 
18358      INFO  main            d.u.i.k.p.i.AbstractProblemLoader Loading environment from /home/runner/work/key/key/key.core/../key.ui/examples/heap/removeDups/contains.key.proof 
18359      DEBUG main            d.u.i.k.p.i.AbstractProblemLoader Environment load took 970.2ns 
18361      INFO  main            d.u.i.k.p.i.AbstractProblemLoader Creating init config 
21095      DEBUG main            d.u.i.k.p.i.AbstractProblemLoader Init config took 2.73s 
21142      INFO  main            d.u.i.k.p.i.AbstractProblemLoader Replaying proof RemoveDup[RemoveDup::contains([I,int,int)].JML normal_behavior operation contract.0 
21263      DEBUG main            d.u.i.k.p.i.IntermediateProofReplayer Proof replay took 112.97ms 
21265      DEBUG main            d.u.i.k.p.r.p.TestFile    ... success: reloaded. 
21266      INFO  main            d.u.i.k.p.r.p.TestFile    Now processing file /home/runner/work/key/key/key.core/../key.ui/examples/heap/removeDups/removeDup.key 
21266      INFO  main            d.u.i.k.p.i.AbstractProblemLoader Loading environment from /home/runner/work/key/key/key.core/../key.ui/examples/heap/removeDups/removeDup.key 
21266      DEBUG main            d.u.i.k.p.i.AbstractProblemLoader Environment load took 251.1ns 
21268      INFO  main            d.u.i.k.p.i.AbstractProblemLoader Creating init config 
23953      DEBUG main            d.u.i.k.p.i.AbstractProblemLoader Init config took 2.69s 
23998      INFO  main            d.u.i.k.p.i.AbstractProblemLoader Replaying proof RemoveDup[RemoveDup::removeDup([I)].JML normal_behavior operation contract.0 
24000      DEBUG main            d.u.i.k.p.i.IntermediateProofReplayer Proof replay took 5.9ns 
29152      DEBUG Thread-7        d.u.i.k.j.d.VariableSpecification Program match. Variables have different dimension (template #v0 = #vi;, source a#11[] = var;) 
52210      INFO  main            d.u.i.k.p.r.p.TestFile    ... finished proof: closed. 
52434      INFO  main            d.u.i.k.p.i.AbstractProblemLoader Loading environment from /home/runner/work/key/key/key.core/../key.ui/examples/heap/removeDups/removeDup.key.proof 
52434      DEBUG main            d.u.i.k.p.i.AbstractProblemLoader Environment load took 414ns 
52439      INFO  main            d.u.i.k.p.i.AbstractProblemLoader Creating init config 
55066      DEBUG main            d.u.i.k.p.i.AbstractProblemLoader Init config took 2.63s 
55110      INFO  main            d.u.i.k.p.i.AbstractProblemLoader Replaying proof RemoveDup[RemoveDup::removeDup([I)].JML normal_behavior operation contract.0 
56969      DEBUG main            d.u.i.k.p.i.IntermediateProofReplayer Proof replay took 1.78s 
56972      DEBUG main            d.u.i.k.p.r.p.TestFile    ... success: reloaded. 
56974      INFO  main            d.u.i.k.p.r.p.TestFile    Now processing file /home/runner/work/key/key/key.core/../key.ui/examples/heap/saddleback_search/Saddleback_search.key 
56974      INFO  main            d.u.i.k.p.i.AbstractProblemLoader Loading environment from /home/runner/work/key/key/key.core/../key.ui/examples/heap/saddleback_search/Saddleback_search.key 
56974      DEBUG main            d.u.i.k.p.i.AbstractProblemLoader Environment load took 204.4ns 
56975      INFO  main            d.u.i.k.p.i.AbstractProblemLoader Creating init config 
59678      DEBUG main            d.u.i.k.p.i.AbstractProblemLoader Init config took 2.7s 
59717      INFO  main            d.u.i.k.p.i.AbstractProblemLoader Replaying proof Saddleback[Saddleback::search([[I,int)].JML normal_behavior operation contract.0 
59725      DEBUG main            d.u.i.k.p.i.IntermediateProofReplayer Proof replay took 5.6ns 
147018     INFO  main            d.u.i.k.p.r.p.TestFile    ... finished proof: closed. 
147376     INFO  main            d.u.i.k.p.i.AbstractProblemLoader Loading environment from /home/runner/work/key/key/key.core/../key.ui/examples/heap/saddleback_search/Saddleback_search.key.proof 
147376     DEBUG main            d.u.i.k.p.i.AbstractProblemLoader Environment load took 427.9ns 
147387     INFO  main            d.u.i.k.p.i.AbstractProblemLoader Creating init config 
149897     DEBUG main            d.u.i.k.p.i.AbstractProblemLoader Init config took 2.51s 
149933     INFO  main            d.u.i.k.p.i.AbstractProblemLoader Replaying proof Saddleback[Saddleback::search([[I,int)].JML normal_behavior operation contract.0 
152484     DEBUG main            d.u.i.k.p.i.IntermediateProofReplayer Proof replay took 2.38s 
152492     DEBUG main            d.u.i.k.p.r.p.TestFile    ... success: reloaded. 
1585931    INFO  Test worker     d.u.i.k.p.r.RunAllProofsTestUnit Returning from test removeDups 
1585932    INFO  Test worker     d.u.i.k.p.r.RunAllProofsTestUnit Running test quicksort 
353        INFO  Timeout watchdog d.u.i.k.p.r.p.ForkedTestFileRunner Timeout watcher launched (2000 secs.) 
364        WARN  main            d.u.i.k.s.ProofSettings   The settings in /home/runner/.key/proof-settings.props are *not* read. 
413        INFO  main            d.u.i.k.p.r.p.TestFile    Now processing file /home/runner/work/key/key/key.core/../key.ui/examples/heap/quicksort/toplevel.key 
548        INFO  main            d.u.i.k.p.i.AbstractProblemLoader Loading environment from /home/runner/work/key/key/key.core/../key.ui/examples/heap/quicksort/toplevel.key 
563        DEBUG main            d.u.i.k.p.i.AbstractProblemLoader Environment load took 2.28ms 
774        INFO  main            d.u.i.k.p.i.AbstractProblemLoader Creating init config 
1673       DEBUG main            d.u.i.k.j.TypeConverter   No LDT found for Meta 
1673       DEBUG main            d.u.i.k.j.TypeConverter   No LDT found for Meta 
1676       DEBUG main            d.u.i.k.j.TypeConverter   No LDT found for Meta 
1677       DEBUG main            d.u.i.k.j.TypeConverter   No LDT found for Meta 
2972       DEBUG main            d.u.i.k.j.TypeConverter   No LDT found for JavaBigintExpression 
8140       DEBUG main            d.u.i.k.p.i.AbstractProblemLoader Init config took 7.37s 
8328       INFO  main            d.u.i.k.p.i.AbstractProblemLoader Replaying proof Quicksort[Quicksort::sort([I)].JML normal_behavior operation contract.0 
8361       DEBUG main            d.u.i.k.p.i.IntermediateProofReplayer Proof replay took 31.5ns 
9500       INFO  main            d.u.i.k.p.r.p.TestFile    ... finished proof: closed. 
9615       INFO  main            d.u.i.k.p.i.AbstractProblemLoader Loading environment from /home/runner/work/key/key/key.core/../key.ui/examples/heap/quicksort/toplevel.key.proof 
9620       DEBUG main            d.u.i.k.p.i.AbstractProblemLoader Environment load took 4.52ms 
9624       INFO  main            d.u.i.k.p.i.AbstractProblemLoader Creating init config 
12549      DEBUG main            d.u.i.k.p.i.AbstractProblemLoader Init config took 2.93s 
12631      INFO  main            d.u.i.k.p.i.AbstractProblemLoader Replaying proof Quicksort[Quicksort::sort([I)].JML normal_behavior operation contract.0 
12797      DEBUG main            d.u.i.k.p.i.IntermediateProofReplayer Proof replay took 158.63ms 
12803      DEBUG main            d.u.i.k.p.r.p.TestFile    ... success: reloaded. 
12805      INFO  main            d.u.i.k.p.r.p.TestFile    Now processing file /home/runner/work/key/key/key.core/../key.ui/examples/heap/quicksort/sort.key 
12805      INFO  main            d.u.i.k.p.i.AbstractProblemLoader Loading environment from /home/runner/work/key/key/key.core/../key.ui/examples/heap/quicksort/sort.key 
12806      DEBUG main            d.u.i.k.p.i.AbstractProblemLoader Environment load took 221.9ns 
12807      INFO  main            d.u.i.k.p.i.AbstractProblemLoader Creating init config 
15622      DEBUG main            d.u.i.k.p.i.AbstractProblemLoader Init config took 2.81s 
15694      INFO  main            d.u.i.k.p.i.AbstractProblemLoader Replaying proof Quicksort[Quicksort::sort([I,int,int)].JML normal_behavior operation contract.0 
15701      DEBUG main            d.u.i.k.p.i.IntermediateProofReplayer Proof replay took 5.8ns 
15729      DEBUG main            d.u.i.k.m.s.ProofScriptEngine 1: 'script 'sort.script'' 
15742      INFO  main            d.u.i.k.m.s.ProofScriptCommand Included script /home/runner/work/key/key/key.core/../key.ui/examples/heap/quicksort/sort.script 
15743      DEBUG main            d.u.i.k.m.s.ProofScriptEngine 1: 'macro autopilot-prep' 
16841      DEBUG main            d.u.i.k.m.s.ProofScriptEngine 2: 'select formula="{heapAtPre:=heap || exc:=null || heap:=heapAfter_sort_0}
   seq ...' 
16845      DEBUG main            d.u.i.k.m.s.ProofScriptEngine 3: 'macro simp-upd' 
16853      DEBUG main            d.u.i.k.m.s.ProofScriptEngine 4: 'let   @seqPre="seqDef{int u;}(0, array.length, array[u])"
    @seqSplit="seqDef ...' 
16855      DEBUG main            d.u.i.k.m.s.ProofScriptEngine 5: 'rule seqPermSym 
  formula="seqPerm(@seqSplit, @seqPre)"' 
16870      DEBUG main            d.u.i.k.m.s.ProofScriptEngine 6: 'rule seqPermSym
  formula="seqPerm(@seqSort, @seqSplit)"' 
16871      DEBUG main            d.u.i.k.m.s.ProofScriptEngine 7: 'rule seqPermSym
  formula="seqPerm(@seqSort0, @seqSort)"' 
16872      DEBUG main            d.u.i.k.m.s.ProofScriptEngine 8: 'rule seqPermTrans
  formula="seqPerm(@seqPre, @seqSplit)"' 
16873      DEBUG main            d.u.i.k.m.s.ProofScriptEngine 9: 'rule seqPermTrans
  formula="seqPerm(@seqPre, @seqSort)"' 
16874      DEBUG main            d.u.i.k.m.s.ProofScriptEngine 10: 'rule seqPermSym
  formula="seqPerm(@seqPre, @seqSort0)"' 
16875      DEBUG main            d.u.i.k.m.s.ProofScriptEngine 11: 'tryclose' 
42171      INFO  main            d.u.i.k.p.r.p.TestFile    ... finished proof: closed. 
42434      INFO  main            d.u.i.k.p.i.AbstractProblemLoader Loading environment from /home/runner/work/key/key/key.core/../key.ui/examples/heap/quicksort/sort.key.proof 
42434      DEBUG main            d.u.i.k.p.i.AbstractProblemLoader Environment load took 315.6ns 
42440      INFO  main            d.u.i.k.p.i.AbstractProblemLoader Creating init config 
45094      DEBUG main            d.u.i.k.p.i.AbstractProblemLoader Init config took 2.65s 
45140      INFO  main            d.u.i.k.p.i.AbstractProblemLoader Replaying proof Quicksort[Quicksort::sort([I,int,int)].JML normal_behavior operation contract.0 
47089      DEBUG main            d.u.i.k.p.i.IntermediateProofReplayer Proof replay took 1.82s 
47105      DEBUG main            d.u.i.k.p.r.p.TestFile    ... success: reloaded. 
47122      INFO  main            d.u.i.k.p.r.p.TestFile    Now processing file /home/runner/work/key/key/key.core/../key.ui/examples/heap/quicksort/split.key 
47123      INFO  main            d.u.i.k.p.i.AbstractProblemLoader Loading environment from /home/runner/work/key/key/key.core/../key.ui/examples/heap/quicksort/split.key 
47123      DEBUG main            d.u.i.k.p.i.AbstractProblemLoader Environment load took 243.5ns 
47124      INFO  main            d.u.i.k.p.i.AbstractProblemLoader Creating init config 
50051      DEBUG main            d.u.i.k.p.i.AbstractProblemLoader Init config took 2.93s 
50109      INFO  main            d.u.i.k.p.i.AbstractProblemLoader Replaying proof Quicksort[Quicksort::split([I,int,int)].JML normal_behavior operation contract.0 
50113      DEBUG main            d.u.i.k.p.i.IntermediateProofReplayer Proof replay took 5ns 
50114      DEBUG main            d.u.i.k.m.s.ProofScriptEngine 1: 'macro autopilot-prep' 
51385      DEBUG main            d.u.i.k.m.s.ProofScriptEngine 2: 'tryclose' 
88664      DEBUG main            d.u.i.k.m.s.ProofScriptEngine 3: 'macro simp-upd' 
88755      DEBUG main            d.u.i.k.m.s.ProofScriptEngine 4: 'rule seqPermFromSwap' 
88770      DEBUG main            d.u.i.k.m.s.ProofScriptEngine 5: 'rule andRight' 
88772      DEBUG main            d.u.i.k.m.s.ProofScriptEngine 6: 'auto' 
88798      DEBUG main            d.u.i.k.m.s.ProofScriptEngine 7: 'instantiate hide var=iv with=i_0' 
88803      DEBUG main            d.u.i.k.m.s.ProofScriptEngine 8: 'instantiate hide var=jv with=j_0' 
88805      DEBUG main            d.u.i.k.m.s.ProofScriptEngine 9: 'auto' 
95398      DEBUG main            d.u.i.k.m.s.ProofScriptEngine 10: 'macro simp-upd' 
95514      DEBUG main            d.u.i.k.m.s.ProofScriptEngine 11: 'rule seqPermFromSwap' 
95519      DEBUG main            d.u.i.k.m.s.ProofScriptEngine 12: 'rule andRight' 
95520      DEBUG main            d.u.i.k.m.s.ProofScriptEngine 13: 'auto' 
95536      DEBUG main            d.u.i.k.m.s.ProofScriptEngine 14: 'instantiate hide var=iv with=i_0' 
95539      DEBUG main            d.u.i.k.m.s.ProofScriptEngine 15: 'instantiate hide var=jv with=to' 
95541      DEBUG main            d.u.i.k.m.s.ProofScriptEngine 16: 'auto' 
100583     INFO  main            d.u.i.k.p.r.p.TestFile    ... finished proof: closed. 
101064     INFO  main            d.u.i.k.p.i.AbstractProblemLoader Loading environment from /home/runner/work/key/key/key.core/../key.ui/examples/heap/quicksort/split.key.proof 
101065     DEBUG main            d.u.i.k.p.i.AbstractProblemLoader Environment load took 405ns 
101079     INFO  main            d.u.i.k.p.i.AbstractProblemLoader Creating init config 
103748     DEBUG main            d.u.i.k.p.i.AbstractProblemLoader Init config took 2.67s 
103796     INFO  main            d.u.i.k.p.i.AbstractProblemLoader Replaying proof Quicksort[Quicksort::split([I,int,int)].JML normal_behavior operation contract.0 
107440     DEBUG main            d.u.i.k.p.i.IntermediateProofReplayer Proof replay took 3.44s 
107465     DEBUG main            d.u.i.k.p.r.p.TestFile    ... success: reloaded. 
1693563    INFO  Test worker     d.u.i.k.p.r.RunAllProofsTestUnit Returning from test quicksort 
1693565    INFO  Test worker     d.u.i.k.p.r.RunAllProofsTestUnit Running test simpleTests 
345        INFO  Timeout watchdog d.u.i.k.p.r.p.ForkedTestFileRunner Timeout watcher launched (2000 secs.) 
365        WARN  main            d.u.i.k.s.ProofSettings   The settings in /home/runner/.key/proof-settings.props are *not* read. 
410        INFO  main            d.u.i.k.p.r.p.TestFile    Now processing file /home/runner/work/key/key/key.core/../key.ui/examples/heap/simple/anonymise_datagroup.key 
535        INFO  main            d.u.i.k.p.i.AbstractProblemLoader Loading environment from /home/runner/work/key/key/key.core/../key.ui/examples/heap/simple/anonymise_datagroup.key 
558        DEBUG main            d.u.i.k.p.i.AbstractProblemLoader Environment load took 2.24ms 
825        INFO  main            d.u.i.k.p.i.AbstractProblemLoader Creating init config 
1691       DEBUG main            d.u.i.k.j.TypeConverter   No LDT found for Meta 
1691       DEBUG main            d.u.i.k.j.TypeConverter   No LDT found for Meta 
1695       DEBUG main            d.u.i.k.j.TypeConverter   No LDT found for Meta 
1695       DEBUG main            d.u.i.k.j.TypeConverter   No LDT found for Meta 
3402       DEBUG main            d.u.i.k.j.TypeConverter   No LDT found for JavaBigintExpression 
7923       DEBUG main            d.u.i.k.p.i.AbstractProblemLoader Init config took 7.1s 
8002       INFO  main            d.u.i.k.p.i.AbstractProblemLoader Replaying proof anonymise_datagroup.key 
8038       DEBUG main            d.u.i.k.p.i.IntermediateProofReplayer Proof replay took 37.8ns 
8321       INFO  main            d.u.i.k.p.r.p.TestFile    ... finished proof: closed. 
8447       INFO  main            d.u.i.k.p.i.AbstractProblemLoader Loading environment from /home/runner/work/key/key/key.core/../key.ui/examples/heap/simple/anonymise_datagroup.key.proof 
8447       DEBUG main            d.u.i.k.p.i.AbstractProblemLoader Environment load took 528.1ns 
8451       INFO  main            d.u.i.k.p.i.AbstractProblemLoader Creating init config 
10956      DEBUG main            d.u.i.k.p.i.AbstractProblemLoader Init config took 2.51s 
10987      INFO  main            d.u.i.k.p.i.AbstractProblemLoader Replaying proof anonymise_datagroup.key.proof 
11001      DEBUG main            d.u.i.k.p.i.IntermediateProofReplayer Proof replay took 9.8ms 
11011      DEBUG main            d.u.i.k.p.r.p.TestFile    ... success: reloaded. 
11013      INFO  main            d.u.i.k.p.r.p.TestFile    Now processing file /home/runner/work/key/key/key.core/../key.ui/examples/heap/simple/array_creation.key 
11013      INFO  main            d.u.i.k.p.i.AbstractProblemLoader Loading environment from /home/runner/work/key/key/key.core/../key.ui/examples/heap/simple/array_creation.key 
11013      DEBUG main            d.u.i.k.p.i.AbstractProblemLoader Environment load took 221.9ns 
11016      INFO  main            d.u.i.k.p.i.AbstractProblemLoader Creating init config 
13450      DEBUG main            d.u.i.k.p.i.AbstractProblemLoader Init config took 2.43s 
13481      INFO  main            d.u.i.k.p.i.AbstractProblemLoader Replaying proof array_creation.key 
13485      DEBUG main            d.u.i.k.p.i.IntermediateProofReplayer Proof replay took 6.6ns 
14296      INFO  main            d.u.i.k.p.r.p.TestFile    ... finished proof: closed. 
14443      INFO  main            d.u.i.k.p.i.AbstractProblemLoader Loading environment from /home/runner/work/key/key/key.core/../key.ui/examples/heap/simple/array_creation.key.proof 
14443      DEBUG main            d.u.i.k.p.i.AbstractProblemLoader Environment load took 137.3ns 
14445      INFO  main            d.u.i.k.p.i.AbstractProblemLoader Creating init config 
16858      DEBUG main            d.u.i.k.p.i.AbstractProblemLoader Init config took 2.41s 
16884      INFO  main            d.u.i.k.p.i.AbstractProblemLoader Replaying proof array_creation.key.proof 
16973      DEBUG main            d.u.i.k.p.i.IntermediateProofReplayer Proof replay took 84.3ms 
16975      DEBUG main            d.u.i.k.p.r.p.TestFile    ... success: reloaded. 
16976      INFO  main            d.u.i.k.p.r.p.TestFile    Now processing file /home/runner/work/key/key/key.core/../key.ui/examples/heap/simple/arrays_with_disjoint_sorts.key 
16976      INFO  main            d.u.i.k.p.i.AbstractProblemLoader Loading environment from /home/runner/work/key/key/key.core/../key.ui/examples/heap/simple/arrays_with_disjoint_sorts.key 
16976      DEBUG main            d.u.i.k.p.i.AbstractProblemLoader Environment load took 208.2ns 
16978      INFO  main            d.u.i.k.p.i.AbstractProblemLoader Creating init config 
19364      DEBUG main            d.u.i.k.p.i.AbstractProblemLoader Init config took 2.39s 
19393      INFO  main            d.u.i.k.p.i.AbstractProblemLoader Replaying proof arrays_with_disjoint_sorts.key 
19395      DEBUG main            d.u.i.k.p.i.IntermediateProofReplayer Proof replay took 5.8ns 
19599      INFO  main            d.u.i.k.p.r.p.TestFile    ... finished proof: closed. 
19743      INFO  main            d.u.i.k.p.i.AbstractProblemLoader Loading environment from /home/runner/work/key/key/key.core/../key.ui/examples/heap/simple/arrays_with_disjoint_sorts.key.proof 
19743      DEBUG main            d.u.i.k.p.i.AbstractProblemLoader Environment load took 393.1ns 
19745      INFO  main            d.u.i.k.p.i.AbstractProblemLoader Creating init config 
22054      DEBUG main            d.u.i.k.p.i.AbstractProblemLoader Init config took 2.31s 
22088      INFO  main            d.u.i.k.p.i.AbstractProblemLoader Replaying proof arrays_with_disjoint_sorts.key.proof 
22142      DEBUG main            d.u.i.k.p.i.IntermediateProofReplayer Proof replay took 47.24ms 
22143      DEBUG main            d.u.i.k.p.r.p.TestFile    ... success: reloaded. 
22145      INFO  main            d.u.i.k.p.r.p.TestFile    Now processing file /home/runner/work/key/key/key.core/../key.ui/examples/heap/simple/arrays.key 
22145      INFO  main            d.u.i.k.p.i.AbstractProblemLoader Loading environment from /home/runner/work/key/key/key.core/../key.ui/examples/heap/simple/arrays.key 
22145      DEBUG main            d.u.i.k.p.i.AbstractProblemLoader Environment load took 201.2ns 
22148      INFO  main            d.u.i.k.p.i.AbstractProblemLoader Creating init config 
24503      DEBUG main            d.u.i.k.p.i.AbstractProblemLoader Init config took 2.35s 
24539      INFO  main            d.u.i.k.p.i.AbstractProblemLoader Replaying proof arrays.key 
24542      DEBUG main            d.u.i.k.p.i.IntermediateProofReplayer Proof replay took 5.6ns 
24646      INFO  main            d.u.i.k.p.r.p.TestFile    ... finished proof: closed. 
24783      INFO  main            d.u.i.k.p.i.AbstractProblemLoader Loading environment from /home/runner/work/key/key/key.core/../key.ui/examples/heap/simple/arrays.key.proof 
24783      DEBUG main            d.u.i.k.p.i.AbstractProblemLoader Environment load took 384.7ns 
24785      INFO  main            d.u.i.k.p.i.AbstractProblemLoader Creating init config 
27059      DEBUG main            d.u.i.k.p.i.AbstractProblemLoader Init config took 2.27s 
27080      INFO  main            d.u.i.k.p.i.AbstractProblemLoader Replaying proof arrays.key.proof 
27106      DEBUG main            d.u.i.k.p.i.IntermediateProofReplayer Proof replay took 21.13ms 
27108      DEBUG main            d.u.i.k.p.r.p.TestFile    ... success: reloaded. 
27109      INFO  main            d.u.i.k.p.r.p.TestFile    Now processing file /home/runner/work/key/key/key.core/../key.ui/examples/heap/simple/attributes.key 
27109      INFO  main            d.u.i.k.p.i.AbstractProblemLoader Loading environment from /home/runner/work/key/key/key.core/../key.ui/examples/heap/simple/attributes.key 
27109      DEBUG main            d.u.i.k.p.i.AbstractProblemLoader Environment load took 199.5ns 
27110      INFO  main            d.u.i.k.p.i.AbstractProblemLoader Creating init config 
29395      DEBUG main            d.u.i.k.p.i.AbstractProblemLoader Init config took 2.28s 
29414      INFO  main            d.u.i.k.p.i.AbstractProblemLoader Replaying proof attributes.key 
29416      DEBUG main            d.u.i.k.p.i.IntermediateProofReplayer Proof replay took 5.7ns 
29520      INFO  main            d.u.i.k.p.r.p.TestFile    ... finished proof: closed. 
29703      INFO  main            d.u.i.k.p.i.AbstractProblemLoader Loading environment from /home/runner/work/key/key/key.core/../key.ui/examples/heap/simple/attributes.key.proof 
29704      DEBUG main            d.u.i.k.p.i.AbstractProblemLoader Environment load took 105.8ns 
29705      INFO  main            d.u.i.k.p.i.AbstractProblemLoader Creating init config 
31960      DEBUG main            d.u.i.k.p.i.AbstractProblemLoader Init config took 2.26s 
31980      INFO  main            d.u.i.k.p.i.AbstractProblemLoader Replaying proof attributes.key.proof 
31983      DEBUG main            d.u.i.k.p.i.IntermediateProofReplayer Proof replay took 1.64ms 
31984      DEBUG main            d.u.i.k.p.r.p.TestFile    ... success: reloaded. 
31985      INFO  main            d.u.i.k.p.r.p.TestFile    Now processing file /home/runner/work/key/key/key.core/../key.ui/examples/heap/simple/constructor_contracts.key 
31985      INFO  main            d.u.i.k.p.i.AbstractProblemLoader Loading environment from /home/runner/work/key/key/key.core/../key.ui/examples/heap/simple/constructor_contracts.key 
31986      DEBUG main            d.u.i.k.p.i.AbstractProblemLoader Environment load took 206.8ns 
31988      INFO  main            d.u.i.k.p.i.AbstractProblemLoader Creating init config 
34729      DEBUG main            d.u.i.k.p.i.AbstractProblemLoader Init config took 2.74s 
34751      INFO  main            d.u.i.k.p.i.AbstractProblemLoader Replaying proof constructor_contracts.key 
34753      DEBUG main            d.u.i.k.p.i.IntermediateProofReplayer Proof replay took 5.7ns 
35365      INFO  main            d.u.i.k.p.r.p.TestFile    ... finished proof: closed. 
35534      INFO  main            d.u.i.k.p.i.AbstractProblemLoader Loading environment from /home/runner/work/key/key/key.core/../key.ui/examples/heap/simple/constructor_contracts.key.proof 
35534      DEBUG main            d.u.i.k.p.i.AbstractProblemLoader Environment load took 119ns 
35536      INFO  main            d.u.i.k.p.i.AbstractProblemLoader Creating init config 
38132      DEBUG main            d.u.i.k.p.i.AbstractProblemLoader Init config took 2.6s 
38152      INFO  main            d.u.i.k.p.i.AbstractProblemLoader Replaying proof constructor_contracts.key.proof 
38255      DEBUG main            d.u.i.k.p.i.IntermediateProofReplayer Proof replay took 98.34ms 
38258      DEBUG main            d.u.i.k.p.r.p.TestFile    ... success: reloaded. 
38260      INFO  main            d.u.i.k.p.r.p.TestFile    Now processing file /home/runner/work/key/key/key.core/../key.ui/examples/heap/simple/dependencies.key 
38260      INFO  main            d.u.i.k.p.i.AbstractProblemLoader Loading environment from /home/runner/work/key/key/key.core/../key.ui/examples/heap/simple/dependencies.key 
38260      DEBUG main            d.u.i.k.p.i.AbstractProblemLoader Environment load took 198.9ns 
38262      INFO  main            d.u.i.k.p.i.AbstractProblemLoader Creating init config 
40619      DEBUG main            d.u.i.k.p.i.AbstractProblemLoader Init config took 2.36s 
40640      INFO  main            d.u.i.k.p.i.AbstractProblemLoader Replaying proof dependencies.key 
40642      DEBUG main            d.u.i.k.p.i.IntermediateProofReplayer Proof replay took 7.2ns 
40744      INFO  main            d.u.i.k.p.r.p.TestFile    ... finished proof: closed. 
40977      INFO  main            d.u.i.k.p.i.AbstractProblemLoader Loading environment from /home/runner/work/key/key/key.core/../key.ui/examples/heap/simple/dependencies.key.proof 
40977      DEBUG main            d.u.i.k.p.i.AbstractProblemLoader Environment load took 125.4ns 
40979      INFO  main            d.u.i.k.p.i.AbstractProblemLoader Creating init config 
43298      DEBUG main            d.u.i.k.p.i.AbstractProblemLoader Init config took 2.32s 
43317      INFO  main            d.u.i.k.p.i.AbstractProblemLoader Replaying proof dependencies.key.proof 
43328      DEBUG main            d.u.i.k.p.i.IntermediateProofReplayer Proof replay took 8.95ms 
43329      DEBUG main            d.u.i.k.p.r.p.TestFile    ... success: reloaded. 
43330      INFO  main            d.u.i.k.p.r.p.TestFile    Now processing file /home/runner/work/key/key/key.core/../key.ui/examples/heap/simple/dependency_contracts.key 
43330      INFO  main            d.u.i.k.p.i.AbstractProblemLoader Loading environment from /home/runner/work/key/key/key.core/../key.ui/examples/heap/simple/dependency_contracts.key 
43330      DEBUG main            d.u.i.k.p.i.AbstractProblemLoader Environment load took 88.3ns 
43332      INFO  main            d.u.i.k.p.i.AbstractProblemLoader Creating init config 
45932      DEBUG main            d.u.i.k.p.i.AbstractProblemLoader Init config took 2.6s 
45957      INFO  main            d.u.i.k.p.i.AbstractProblemLoader Replaying proof dependency_contracts.key 
45961      DEBUG main            d.u.i.k.p.i.IntermediateProofReplayer Proof replay took 6.3ns 
47268      INFO  main            d.u.i.k.p.r.p.TestFile    ... finished proof: closed. 
47470      INFO  main            d.u.i.k.p.i.AbstractProblemLoader Loading environment from /home/runner/work/key/key/key.core/../key.ui/examples/heap/simple/dependency_contracts.key.proof 
47471      DEBUG main            d.u.i.k.p.i.AbstractProblemLoader Environment load took 116.7ns 
47473      INFO  main            d.u.i.k.p.i.AbstractProblemLoader Creating init config 
50035      DEBUG main            d.u.i.k.p.i.AbstractProblemLoader Init config took 2.56s 
50054      INFO  main            d.u.i.k.p.i.AbstractProblemLoader Replaying proof dependency_contracts.key.proof 
50230      DEBUG main            d.u.i.k.p.i.IntermediateProofReplayer Proof replay took 166.1ms 
50232      DEBUG main            d.u.i.k.p.r.p.TestFile    ... success: reloaded. 
50233      INFO  main            d.u.i.k.p.r.p.TestFile    Now processing file /home/runner/work/key/key/key.core/../key.ui/examples/heap/simple/invariant_preservation.key 
50233      INFO  main            d.u.i.k.p.i.AbstractProblemLoader Loading environment from /home/runner/work/key/key/key.core/../key.ui/examples/heap/simple/invariant_preservation.key 
50233      DEBUG main            d.u.i.k.p.i.AbstractProblemLoader Environment load took 228.5ns 
50235      INFO  main            d.u.i.k.p.i.AbstractProblemLoader Creating init config 
52834      DEBUG main            d.u.i.k.p.i.AbstractProblemLoader Init config took 2.6s 
52854      INFO  main            d.u.i.k.p.i.AbstractProblemLoader Replaying proof invariant_preservation.key 
52856      DEBUG main            d.u.i.k.p.i.IntermediateProofReplayer Proof replay took 6.5ns 
53059      INFO  main            d.u.i.k.p.r.p.TestFile    ... finished proof: closed. 
53249      INFO  main            d.u.i.k.p.i.AbstractProblemLoader Loading environment from /home/runner/work/key/key/key.core/../key.ui/examples/heap/simple/invariant_preservation.key.proof 
53249      DEBUG main            d.u.i.k.p.i.AbstractProblemLoader Environment load took 106.8ns 
53251      INFO  main            d.u.i.k.p.i.AbstractProblemLoader Creating init config 
55794      DEBUG main            d.u.i.k.p.i.AbstractProblemLoader Init config took 2.54s 
55812      INFO  main            d.u.i.k.p.i.AbstractProblemLoader Replaying proof invariant_preservation.key.proof 
55841      DEBUG main            d.u.i.k.p.i.IntermediateProofReplayer Proof replay took 26.36ms 
55843      DEBUG main            d.u.i.k.p.r.p.TestFile    ... success: reloaded. 
55844      INFO  main            d.u.i.k.p.r.p.TestFile    Now processing file /home/runner/work/key/key/key.core/../key.ui/examples/heap/simple/locsets.key 
55844      INFO  main            d.u.i.k.p.i.AbstractProblemLoader Loading environment from /home/runner/work/key/key/key.core/../key.ui/examples/heap/simple/locsets.key 
55845      DEBUG main            d.u.i.k.p.i.AbstractProblemLoader Environment load took 211.1ns 
55846      INFO  main            d.u.i.k.p.i.AbstractProblemLoader Creating init config 
58114      DEBUG main            d.u.i.k.p.i.AbstractProblemLoader Init config took 2.27s 
58130      INFO  main            d.u.i.k.p.i.AbstractProblemLoader Replaying proof locsets.key 
58131      DEBUG main            d.u.i.k.p.i.IntermediateProofReplayer Proof replay took 6.4ns 
58234      INFO  main            d.u.i.k.p.r.p.TestFile    ... finished proof: closed. 
58405      INFO  main            d.u.i.k.p.i.AbstractProblemLoader Loading environment from /home/runner/work/key/key/key.core/../key.ui/examples/heap/simple/locsets.key.proof 
58405      DEBUG main            d.u.i.k.p.i.AbstractProblemLoader Environment load took 104.7ns 
58406      INFO  main            d.u.i.k.p.i.AbstractProblemLoader Creating init config 
60684      DEBUG main            d.u.i.k.p.i.AbstractProblemLoader Init config took 2.28s 
60702      INFO  main            d.u.i.k.p.i.AbstractProblemLoader Replaying proof locsets.key.proof 
60705      DEBUG main            d.u.i.k.p.i.IntermediateProofReplayer Proof replay took 1.5ms 
60705      DEBUG main            d.u.i.k.p.r.p.TestFile    ... success: reloaded. 
60706      INFO  main            d.u.i.k.p.r.p.TestFile    Now processing file /home/runner/work/key/key/key.core/../key.ui/examples/heap/simple/loop1.key 
60706      INFO  main            d.u.i.k.p.i.AbstractProblemLoader Loading environment from /home/runner/work/key/key/key.core/../key.ui/examples/heap/simple/loop1.key 
60706      DEBUG main            d.u.i.k.p.i.AbstractProblemLoader Environment load took 75.9ns 
60707      INFO  main            d.u.i.k.p.i.AbstractProblemLoader Creating init config 
63277      DEBUG main            d.u.i.k.p.i.AbstractProblemLoader Init config took 2.57s 
63294      INFO  main            d.u.i.k.p.i.AbstractProblemLoader Replaying proof loop1.key 
63295      DEBUG main            d.u.i.k.p.i.IntermediateProofReplayer Proof replay took 6.2ns 
63497      INFO  main            d.u.i.k.p.r.p.TestFile    ... finished proof: closed. 
63668      INFO  main            d.u.i.k.p.i.AbstractProblemLoader Loading environment from /home/runner/work/key/key/key.core/../key.ui/examples/heap/simple/loop1.key.proof 
63668      DEBUG main            d.u.i.k.p.i.AbstractProblemLoader Environment load took 121.5ns 
63669      INFO  main            d.u.i.k.p.i.AbstractProblemLoader Creating init config 
66186      DEBUG main            d.u.i.k.p.i.AbstractProblemLoader Init config took 2.52s 
66202      INFO  main            d.u.i.k.p.i.AbstractProblemLoader Replaying proof loop1.key.proof 
66270      DEBUG main            d.u.i.k.p.i.IntermediateProofReplayer Proof replay took 65.37ms 
66271      DEBUG main            d.u.i.k.p.r.p.TestFile    ... success: reloaded. 
66272      INFO  main            d.u.i.k.p.r.p.TestFile    Now processing file /home/runner/work/key/key/key.core/../key.ui/examples/heap/simple/loop2.key 
66272      INFO  main            d.u.i.k.p.i.AbstractProblemLoader Loading environment from /home/runner/work/key/key/key.core/../key.ui/examples/heap/simple/loop2.key 
66273      DEBUG main            d.u.i.k.p.i.AbstractProblemLoader Environment load took 86.4ns 
66274      INFO  main            d.u.i.k.p.i.AbstractProblemLoader Creating init config 
68866      DEBUG main            d.u.i.k.p.i.AbstractProblemLoader Init config took 2.59s 
68882      INFO  main            d.u.i.k.p.i.AbstractProblemLoader Replaying proof loop2.key 
68885      DEBUG main            d.u.i.k.p.i.IntermediateProofReplayer Proof replay took 6.3ns 
69389      INFO  main            d.u.i.k.p.r.p.TestFile    ... finished proof: closed. 
69615      INFO  main            d.u.i.k.p.i.AbstractProblemLoader Loading environment from /home/runner/work/key/key/key.core/../key.ui/examples/heap/simple/loop2.key.proof 
69615      DEBUG main            d.u.i.k.p.i.AbstractProblemLoader Environment load took 543.3ns 
69616      INFO  main            d.u.i.k.p.i.AbstractProblemLoader Creating init config 
72117      DEBUG main            d.u.i.k.p.i.AbstractProblemLoader Init config took 2.5s 
72136      INFO  main            d.u.i.k.p.i.AbstractProblemLoader Replaying proof loop2.key.proof 
72246      DEBUG main            d.u.i.k.p.i.IntermediateProofReplayer Proof replay took 105.4ms 
72249      DEBUG main            d.u.i.k.p.r.p.TestFile    ... success: reloaded. 
72250      INFO  main            d.u.i.k.p.r.p.TestFile    Now processing file /home/runner/work/key/key/key.core/../key.ui/examples/heap/simple/modifies_datagroup.key 
72250      INFO  main            d.u.i.k.p.i.AbstractProblemLoader Loading environment from /home/runner/work/key/key/key.core/../key.ui/examples/heap/simple/modifies_datagroup.key 
72250      DEBUG main            d.u.i.k.p.i.AbstractProblemLoader Environment load took 197.9ns 
72252      INFO  main            d.u.i.k.p.i.AbstractProblemLoader Creating init config 
74604      DEBUG main            d.u.i.k.p.i.AbstractProblemLoader Init config took 2.35s 
74618      INFO  main            d.u.i.k.p.i.AbstractProblemLoader Replaying proof modifies_datagroup.key 
74619      DEBUG main            d.u.i.k.p.i.IntermediateProofReplayer Proof replay took 6.1ns 
74721      INFO  main            d.u.i.k.p.r.p.TestFile    ... finished proof: closed. 
74934      INFO  main            d.u.i.k.p.i.AbstractProblemLoader Loading environment from /home/runner/work/key/key/key.core/../key.ui/examples/heap/simple/modifies_datagroup.key.proof 
74934      DEBUG main            d.u.i.k.p.i.AbstractProblemLoader Environment load took 96.5ns 
74935      INFO  main            d.u.i.k.p.i.AbstractProblemLoader Creating init config 
77188      DEBUG main            d.u.i.k.p.i.AbstractProblemLoader Init config took 2.25s 
77202      INFO  main            d.u.i.k.p.i.AbstractProblemLoader Replaying proof modifies_datagroup.key.proof 
77207      DEBUG main            d.u.i.k.p.i.IntermediateProofReplayer Proof replay took 3.33ms 
77208      DEBUG main            d.u.i.k.p.r.p.TestFile    ... success: reloaded. 
77209      INFO  main            d.u.i.k.p.r.p.TestFile    Now processing file /home/runner/work/key/key/key.core/../key.ui/examples/heap/simple/modifies.key 
77209      INFO  main            d.u.i.k.p.i.AbstractProblemLoader Loading environment from /home/runner/work/key/key/key.core/../key.ui/examples/heap/simple/modifies.key 
77210      DEBUG main            d.u.i.k.p.i.AbstractProblemLoader Environment load took 180.5ns 
77211      INFO  main            d.u.i.k.p.i.AbstractProblemLoader Creating init config 
79499      DEBUG main            d.u.i.k.p.i.AbstractProblemLoader Init config took 2.29s 
79517      INFO  main            d.u.i.k.p.i.AbstractProblemLoader Replaying proof modifies.key 
79520      DEBUG main            d.u.i.k.p.i.IntermediateProofReplayer Proof replay took 6.8ns 
79623      INFO  main            d.u.i.k.p.r.p.TestFile    ... finished proof: closed. 
79816      INFO  main            d.u.i.k.p.i.AbstractProblemLoader Loading environment from /home/runner/work/key/key/key.core/../key.ui/examples/heap/simple/modifies.key.proof 
79816      DEBUG main            d.u.i.k.p.i.AbstractProblemLoader Environment load took 103.9ns 
79818      INFO  main            d.u.i.k.p.i.AbstractProblemLoader Creating init config 
82074      DEBUG main            d.u.i.k.p.i.AbstractProblemLoader Init config took 2.26s 
82088      INFO  main            d.u.i.k.p.i.AbstractProblemLoader Replaying proof modifies.key.proof 
82101      DEBUG main            d.u.i.k.p.i.IntermediateProofReplayer Proof replay took 10.72ms 
82102      DEBUG main            d.u.i.k.p.r.p.TestFile    ... success: reloaded. 
82102      INFO  main            d.u.i.k.p.r.p.TestFile    Now processing file /home/runner/work/key/key/key.core/../key.ui/examples/heap/simple/object_creation.key 
82103      INFO  main            d.u.i.k.p.i.AbstractProblemLoader Loading environment from /home/runner/work/key/key/key.core/../key.ui/examples/heap/simple/object_creation.key 
82103      DEBUG main            d.u.i.k.p.i.AbstractProblemLoader Environment load took 108ns 
82104      INFO  main            d.u.i.k.p.i.AbstractProblemLoader Creating init config 
84383      DEBUG main            d.u.i.k.p.i.AbstractProblemLoader Init config took 2.28s 
84398      INFO  main            d.u.i.k.p.i.AbstractProblemLoader Replaying proof object_creation.key 
84399      DEBUG main            d.u.i.k.p.i.IntermediateProofReplayer Proof replay took 5.8ns 
84602      INFO  main            d.u.i.k.p.r.p.TestFile    ... finished proof: closed. 
84791      INFO  main            d.u.i.k.p.i.AbstractProblemLoader Loading environment from /home/runner/work/key/key/key.core/../key.ui/examples/heap/simple/object_creation.key.proof 
84791      DEBUG main            d.u.i.k.p.i.AbstractProblemLoader Environment load took 105.8ns 
84792      INFO  main            d.u.i.k.p.i.AbstractProblemLoader Creating init config 
87034      DEBUG main            d.u.i.k.p.i.AbstractProblemLoader Init config took 2.24s 
87048      INFO  main            d.u.i.k.p.i.AbstractProblemLoader Replaying proof object_creation.key.proof 
87093      DEBUG main            d.u.i.k.p.i.IntermediateProofReplayer Proof replay took 42.75ms 
87094      DEBUG main            d.u.i.k.p.r.p.TestFile    ... success: reloaded. 
87095      INFO  main            d.u.i.k.p.r.p.TestFile    Now processing file /home/runner/work/key/key/key.core/../key.ui/examples/heap/simple/operation_contracts.key 
87095      INFO  main            d.u.i.k.p.i.AbstractProblemLoader Loading environment from /home/runner/work/key/key/key.core/../key.ui/examples/heap/simple/operation_contracts.key 
87095      DEBUG main            d.u.i.k.p.i.AbstractProblemLoader Environment load took 91.6ns 
87096      INFO  main            d.u.i.k.p.i.AbstractProblemLoader Creating init config 
89672      DEBUG main            d.u.i.k.p.i.AbstractProblemLoader Init config took 2.58s 
89687      INFO  main            d.u.i.k.p.i.AbstractProblemLoader Replaying proof operation_contracts.key 
89689      DEBUG main            d.u.i.k.p.i.IntermediateProofReplayer Proof replay took 6.4ns 
90494      INFO  main            d.u.i.k.p.r.p.TestFile    ... finished proof: closed. 
90722      INFO  main            d.u.i.k.p.i.AbstractProblemLoader Loading environment from /home/runner/work/key/key/key.core/../key.ui/examples/heap/simple/operation_contracts.key.proof 
90722      DEBUG main            d.u.i.k.p.i.AbstractProblemLoader Environment load took 337ns 
90724      INFO  main            d.u.i.k.p.i.AbstractProblemLoader Creating init config 
93202      DEBUG main            d.u.i.k.p.i.AbstractProblemLoader Init config took 2.48s 
93217      INFO  main            d.u.i.k.p.i.AbstractProblemLoader Replaying proof operation_contracts.key.proof 
93340      DEBUG main            d.u.i.k.p.i.IntermediateProofReplayer Proof replay took 116.46ms 
93342      DEBUG main            d.u.i.k.p.r.p.TestFile    ... success: reloaded. 
93344      INFO  main            d.u.i.k.p.r.p.TestFile    Now processing file /home/runner/work/key/key/key.core/../key.ui/examples/heap/simple/select_store.key 
93344      INFO  main            d.u.i.k.p.i.AbstractProblemLoader Loading environment from /home/runner/work/key/key/key.core/../key.ui/examples/heap/simple/select_store.key 
93344      DEBUG main            d.u.i.k.p.i.AbstractProblemLoader Environment load took 186.4ns 
93345      INFO  main            d.u.i.k.p.i.AbstractProblemLoader Creating init config 
95659      DEBUG main            d.u.i.k.p.i.AbstractProblemLoader Init config took 2.31s 
95672      INFO  main            d.u.i.k.p.i.AbstractProblemLoader Replaying proof select_store.key 
95674      DEBUG main            d.u.i.k.p.i.IntermediateProofReplayer Proof replay took 5.6ns 
95776      INFO  main            d.u.i.k.p.r.p.TestFile    ... finished proof: closed. 
95998      INFO  main            d.u.i.k.p.i.AbstractProblemLoader Loading environment from /home/runner/work/key/key/key.core/../key.ui/examples/heap/simple/select_store.key.proof 
95998      DEBUG main            d.u.i.k.p.i.AbstractProblemLoader Environment load took 136.2ns 
95999      INFO  main            d.u.i.k.p.i.AbstractProblemLoader Creating init config 
98258      DEBUG main            d.u.i.k.p.i.AbstractProblemLoader Init config took 2.26s 
98272      INFO  main            d.u.i.k.p.i.AbstractProblemLoader Replaying proof select_store.key.proof 
98275      DEBUG main            d.u.i.k.p.i.IntermediateProofReplayer Proof replay took 1.96ms 
98276      DEBUG main            d.u.i.k.p.r.p.TestFile    ... success: reloaded. 
98277      INFO  main            d.u.i.k.p.r.p.TestFile    Now processing file /home/runner/work/key/key/key.core/../key.ui/examples/heap/simple/selection_sort.key 
98277      INFO  main            d.u.i.k.p.i.AbstractProblemLoader Loading environment from /home/runner/work/key/key/key.core/../key.ui/examples/heap/simple/selection_sort.key 
98277      DEBUG main            d.u.i.k.p.i.AbstractProblemLoader Environment load took 121ns 
98278      INFO  main            d.u.i.k.p.i.AbstractProblemLoader Creating init config 
100811     DEBUG main            d.u.i.k.p.i.AbstractProblemLoader Init config took 2.53s 
100825     INFO  main            d.u.i.k.p.i.AbstractProblemLoader Replaying proof selection_sort.key 
100828     DEBUG main            d.u.i.k.p.i.IntermediateProofReplayer Proof replay took 6.2ns 
104357     INFO  main            d.u.i.k.p.r.p.TestFile    ... finished proof: closed. 
104625     INFO  main            d.u.i.k.p.i.AbstractProblemLoader Loading environment from /home/runner/work/key/key/key.core/../key.ui/examples/heap/simple/selection_sort.key.proof 
104626     DEBUG main            d.u.i.k.p.i.AbstractProblemLoader Environment load took 376.7ns 
104627     INFO  main            d.u.i.k.p.i.AbstractProblemLoader Creating init config 
107104     DEBUG main            d.u.i.k.p.i.AbstractProblemLoader Init config took 2.48s 
107118     INFO  main            d.u.i.k.p.i.AbstractProblemLoader Replaying proof selection_sort.key.proof 
107724     DEBUG main            d.u.i.k.p.i.IntermediateProofReplayer Proof replay took 571.91ms 
107726     DEBUG main            d.u.i.k.p.r.p.TestFile    ... success: reloaded. 
107727     INFO  main            d.u.i.k.p.r.p.TestFile    Now processing file /home/runner/work/key/key/key.core/../key.ui/examples/heap/simple/seq.key 
107727     INFO  main            d.u.i.k.p.i.AbstractProblemLoader Loading environment from /home/runner/work/key/key/key.core/../key.ui/examples/heap/simple/seq.key 
107727     DEBUG main            d.u.i.k.p.i.AbstractProblemLoader Environment load took 183.5ns 
107729     INFO  main            d.u.i.k.p.i.AbstractProblemLoader Creating init config 
110009     DEBUG main            d.u.i.k.p.i.AbstractProblemLoader Init config took 2.28s 
110022     INFO  main            d.u.i.k.p.i.AbstractProblemLoader Replaying proof seq.key 
110023     DEBUG main            d.u.i.k.p.i.IntermediateProofReplayer Proof replay took 6.8ns 
110429     INFO  main            d.u.i.k.p.r.p.TestFile    ... finished proof: closed. 
110731     INFO  main            d.u.i.k.p.i.AbstractProblemLoader Loading environment from /home/runner/work/key/key/key.core/../key.ui/examples/heap/simple/seq.key.proof 
110731     DEBUG main            d.u.i.k.p.i.AbstractProblemLoader Environment load took 99.1ns 
110732     INFO  main            d.u.i.k.p.i.AbstractProblemLoader Creating init config 
112952     DEBUG main            d.u.i.k.p.i.AbstractProblemLoader Init config took 2.22s 
112966     INFO  main            d.u.i.k.p.i.AbstractProblemLoader Replaying proof seq.key.proof 
113015     DEBUG main            d.u.i.k.p.i.IntermediateProofReplayer Proof replay took 44.65ms 
113016     DEBUG main            d.u.i.k.p.r.p.TestFile    ... success: reloaded. 
113016     INFO  main            d.u.i.k.p.r.p.TestFile    Now processing file /home/runner/work/key/key/key.core/../key.ui/examples/heap/simple/oldForParams.key 
113017     INFO  main            d.u.i.k.p.i.AbstractProblemLoader Loading environment from /home/runner/work/key/key/key.core/../key.ui/examples/heap/simple/oldForParams.key 
113017     DEBUG main            d.u.i.k.p.i.AbstractProblemLoader Environment load took 80.5ns 
113018     INFO  main            d.u.i.k.p.i.AbstractProblemLoader Creating init config 
115494     DEBUG main            d.u.i.k.p.i.AbstractProblemLoader Init config took 2.48s 
115572     INFO  main            d.u.i.k.p.i.AbstractProblemLoader Replaying proof OldForParameters[OldForParameters::method(int)].JML operation contract.0 
115574     DEBUG main            d.u.i.k.p.i.IntermediateProofReplayer Proof replay took 7.2ns 
115776     INFO  main            d.u.i.k.p.r.p.TestFile    ... finished proof: closed. 
116016     INFO  main            d.u.i.k.p.i.AbstractProblemLoader Loading environment from /home/runner/work/key/key/key.core/../key.ui/examples/heap/simple/oldForParams.key.proof 
116016     DEBUG main            d.u.i.k.p.i.AbstractProblemLoader Environment load took 95.6ns 
116017     INFO  main            d.u.i.k.p.i.AbstractProblemLoader Creating init config 
118467     DEBUG main            d.u.i.k.p.i.AbstractProblemLoader Init config took 2.45s 
118506     INFO  main            d.u.i.k.p.i.AbstractProblemLoader Replaying proof OldForParameters[OldForParameters::method(int)].JML operation contract.0 
118550     DEBUG main            d.u.i.k.p.i.IntermediateProofReplayer Proof replay took 41.86ms 
118551     DEBUG main            d.u.i.k.p.r.p.TestFile    ... success: reloaded. 
118552     INFO  main            d.u.i.k.p.r.p.TestFile    Now processing file /home/runner/work/key/key/key.core/../key.ui/examples/heap/simple/parse_lmtd.key 
118553     INFO  main            d.u.i.k.p.i.AbstractProblemLoader Loading environment from /home/runner/work/key/key/key.core/../key.ui/examples/heap/simple/parse_lmtd.key 
118553     DEBUG main            d.u.i.k.p.i.AbstractProblemLoader Environment load took 85.2ns 
118553     INFO  main            d.u.i.k.p.i.AbstractProblemLoader Creating init config 
121068     DEBUG main            d.u.i.k.p.i.AbstractProblemLoader Init config took 2.51s 
121107     INFO  main            d.u.i.k.p.i.AbstractProblemLoader Replaying proof ParseLmtd[ParseLmtd::simple(int)].JML normal_behavior operation contract.0 
121109     DEBUG main            d.u.i.k.p.i.IntermediateProofReplayer Proof replay took 5.4ns 
121210     INFO  main            d.u.i.k.p.r.p.TestFile    ... finished proof: closed. 
121442     INFO  main            d.u.i.k.p.i.AbstractProblemLoader Loading environment from /home/runner/work/key/key/key.core/../key.ui/examples/heap/simple/parse_lmtd.key.proof 
121442     DEBUG main            d.u.i.k.p.i.AbstractProblemLoader Environment load took 97.2ns 
121445     INFO  main            d.u.i.k.p.i.AbstractProblemLoader Creating init config 
123897     DEBUG main            d.u.i.k.p.i.AbstractProblemLoader Init config took 2.45s 
123936     INFO  main            d.u.i.k.p.i.AbstractProblemLoader Replaying proof ParseLmtd[ParseLmtd::simple(int)].JML normal_behavior operation contract.0 
123960     DEBUG main            d.u.i.k.p.i.IntermediateProofReplayer Proof replay took 21.21ms 
123961     DEBUG main            d.u.i.k.p.r.p.TestFile    ... success: reloaded. 
123962     INFO  main            d.u.i.k.p.r.p.TestFile    Now processing file /home/runner/work/key/key/key.core/../key.ui/examples/heap/strictly_pure/strictlyPureMethod.key 
123962     INFO  main            d.u.i.k.p.i.AbstractProblemLoader Loading environment from /home/runner/work/key/key/key.core/../key.ui/examples/heap/strictly_pure/strictlyPureMethod.key 
123963     DEBUG main            d.u.i.k.p.i.AbstractProblemLoader Environment load took 189.9ns 
123963     INFO  main            d.u.i.k.p.i.AbstractProblemLoader Creating init config 
126338     DEBUG main            d.u.i.k.p.i.AbstractProblemLoader Init config took 2.37s 
126374     INFO  main            d.u.i.k.p.i.AbstractProblemLoader Replaying proof StrictlyPure[StrictlyPure::strictlyPureMethod()].JML operation contract.0 
126375     DEBUG main            d.u.i.k.p.i.IntermediateProofReplayer Proof replay took 6.2ns 
126581     INFO  main            d.u.i.k.p.r.p.TestFile    ... finished proof: closed. 
126817     INFO  main            d.u.i.k.p.i.AbstractProblemLoader Loading environment from /home/runner/work/key/key/key.core/../key.ui/examples/heap/strictly_pure/strictlyPureMethod.key.proof 
126817     DEBUG main            d.u.i.k.p.i.AbstractProblemLoader Environment load took 104.2ns 
126818     INFO  main            d.u.i.k.p.i.AbstractProblemLoader Creating init config 
129124     DEBUG main            d.u.i.k.p.i.AbstractProblemLoader Init config took 2.31s 
129158     INFO  main            d.u.i.k.p.i.AbstractProblemLoader Replaying proof StrictlyPure[StrictlyPure::strictlyPureMethod()].JML operation contract.0 
129193     DEBUG main            d.u.i.k.p.i.IntermediateProofReplayer Proof replay took 32.76ms 
129194     DEBUG main            d.u.i.k.p.r.p.TestFile    ... success: reloaded. 
129195     INFO  main            d.u.i.k.p.r.p.TestFile    Now processing file /home/runner/work/key/key/key.core/../key.ui/examples/heap/strictly_pure/useStrictlyPureMethod.key 
129195     INFO  main            d.u.i.k.p.i.AbstractProblemLoader Loading environment from /home/runner/work/key/key/key.core/../key.ui/examples/heap/strictly_pure/useStrictlyPureMethod.key 
129195     DEBUG main            d.u.i.k.p.i.AbstractProblemLoader Environment load took 125ns 
129196     INFO  main            d.u.i.k.p.i.AbstractProblemLoader Creating init config 
131553     DEBUG main            d.u.i.k.p.i.AbstractProblemLoader Init config took 2.36s 
131587     INFO  main            d.u.i.k.p.i.AbstractProblemLoader Replaying proof StrictlyPure[StrictlyPure::useStrictlyPureMethod(StrictlyPureClass)].JML operation contract.0 
131588     DEBUG main            d.u.i.k.p.i.IntermediateProofReplayer Proof replay took 6.1ns 
131792     INFO  main            d.u.i.k.p.r.p.TestFile    ... finished proof: closed. 
132114     INFO  main            d.u.i.k.p.i.AbstractProblemLoader Loading environment from /home/runner/work/key/key/key.core/../key.ui/examples/heap/strictly_pure/useStrictlyPureMethod.key.proof 
132114     DEBUG main            d.u.i.k.p.i.AbstractProblemLoader Environment load took 98.7ns 
132115     INFO  main            d.u.i.k.p.i.AbstractProblemLoader Creating init config 
134419     DEBUG main            d.u.i.k.p.i.AbstractProblemLoader Init config took 2.3s 
134453     INFO  main            d.u.i.k.p.i.AbstractProblemLoader Replaying proof StrictlyPure[StrictlyPure::useStrictlyPureMethod(StrictlyPureClass)].JML operation contract.0 
134502     DEBUG main            d.u.i.k.p.i.IntermediateProofReplayer Proof replay took 46.75ms 
134503     DEBUG main            d.u.i.k.p.r.p.TestFile    ... success: reloaded. 
134504     INFO  main            d.u.i.k.p.r.p.TestFile    Now processing file /home/runner/work/key/key/key.core/../key.ui/examples/heap/Wellfounded/ackermann.key 
134504     INFO  main            d.u.i.k.p.i.AbstractProblemLoader Loading environment from /home/runner/work/key/key/key.core/../key.ui/examples/heap/Wellfounded/ackermann.key 
134504     DEBUG main            d.u.i.k.p.i.AbstractProblemLoader Environment load took 114.4ns 
134505     INFO  main            d.u.i.k.p.i.AbstractProblemLoader Creating init config 
136923     DEBUG main            d.u.i.k.p.i.AbstractProblemLoader Init config took 2.42s 
136958     INFO  main            d.u.i.k.p.i.AbstractProblemLoader Replaying proof Ackermann[Ackermann::a(int,int)].JML normal_behavior operation contract.0 
136961     DEBUG main            d.u.i.k.p.i.IntermediateProofReplayer Proof replay took 6.2ns 
137264     INFO  main            d.u.i.k.p.r.p.TestFile    ... finished proof: closed. 
137632     INFO  main            d.u.i.k.p.i.AbstractProblemLoader Loading environment from /home/runner/work/key/key/key.core/../key.ui/examples/heap/Wellfounded/ackermann.key.proof 
137632     DEBUG main            d.u.i.k.p.i.AbstractProblemLoader Environment load took 95ns 
137633     INFO  main            d.u.i.k.p.i.AbstractProblemLoader Creating init config 
139961     DEBUG main            d.u.i.k.p.i.AbstractProblemLoader Init config took 2.33s 
139995     INFO  main            d.u.i.k.p.i.AbstractProblemLoader Replaying proof Ackermann[Ackermann::a(int,int)].JML normal_behavior operation contract.0 
140063     DEBUG main            d.u.i.k.p.i.IntermediateProofReplayer Proof replay took 54.02ms 
140065     DEBUG main            d.u.i.k.p.r.p.TestFile    ... success: reloaded. 
140065     INFO  main            d.u.i.k.p.r.p.TestFile    Now processing file /home/runner/work/key/key/key.core/../key.ui/examples/standard_key/unicode_test.key 
140066     INFO  main            d.u.i.k.p.i.AbstractProblemLoader Loading environment from /home/runner/work/key/key/key.core/../key.ui/examples/standard_key/unicode_test.key 
140066     DEBUG main            d.u.i.k.p.i.AbstractProblemLoader Environment load took 264.4ns 
140068     INFO  main            d.u.i.k.p.i.AbstractProblemLoader Creating init config 
142360     DEBUG main            d.u.i.k.p.i.AbstractProblemLoader Init config took 2.29s 
142373     INFO  main            d.u.i.k.p.i.AbstractProblemLoader Replaying proof unicode_test.key 
142374     DEBUG main            d.u.i.k.p.i.IntermediateProofReplayer Proof replay took 6.8ns 
142480     INFO  main            d.u.i.k.p.r.p.TestFile    ... finished proof: closed. 
142725     INFO  main            d.u.i.k.p.i.AbstractProblemLoader Loading environment from /home/runner/work/key/key/key.core/../key.ui/examples/standard_key/unicode_test.key.proof 
142725     DEBUG main            d.u.i.k.p.i.AbstractProblemLoader Environment load took 90.3ns 
142726     INFO  main            d.u.i.k.p.i.AbstractProblemLoader Creating init config 
144944     DEBUG main            d.u.i.k.p.i.AbstractProblemLoader Init config took 2.22s 
144956     INFO  main            d.u.i.k.p.i.AbstractProblemLoader Replaying proof unicode_test.key.proof 
144958     DEBUG main            d.u.i.k.p.i.IntermediateProofReplayer Proof replay took 321.1ns 
144958     DEBUG main            d.u.i.k.p.r.p.TestFile    ... success: reloaded. 
144959     INFO  main            d.u.i.k.p.r.p.TestFile    Now processing file /home/runner/work/key/key/key.core/../key.ui/examples/heap/strictlyModular/mayExpand.key 
144959     INFO  main            d.u.i.k.p.i.AbstractProblemLoader Loading environment from /home/runner/work/key/key/key.core/../key.ui/examples/heap/strictlyModular/mayExpand.key 
144959     DEBUG main            d.u.i.k.p.i.AbstractProblemLoader Environment load took 172.8ns 
144960     INFO  main            d.u.i.k.p.i.AbstractProblemLoader Creating init config 
147319     DEBUG main            d.u.i.k.p.i.AbstractProblemLoader Init config took 2.36s 
147372     INFO  main            d.u.i.k.p.i.AbstractProblemLoader Replaying proof Modular[Modular::m()].JML operation contract.0 
147374     DEBUG main            d.u.i.k.p.i.IntermediateProofReplayer Proof replay took 6.1ns 
147476     INFO  main            d.u.i.k.p.r.p.TestFile    ... finished proof: closed. 
147725     INFO  main            d.u.i.k.p.i.AbstractProblemLoader Loading environment from /home/runner/work/key/key/key.core/../key.ui/examples/heap/strictlyModular/mayExpand.key.proof 
147725     DEBUG main            d.u.i.k.p.i.AbstractProblemLoader Environment load took 89.8ns 
147726     INFO  main            d.u.i.k.p.i.AbstractProblemLoader Creating init config 
150002     DEBUG main            d.u.i.k.p.i.AbstractProblemLoader Init config took 2.28s 
150036     INFO  main            d.u.i.k.p.i.AbstractProblemLoader Replaying proof Modular[Modular::m()].JML operation contract.0 
150063     DEBUG main            d.u.i.k.p.i.IntermediateProofReplayer Proof replay took 24.7ms 
150064     DEBUG main            d.u.i.k.p.r.p.TestFile    ... success: reloaded. 
150065     INFO  main            d.u.i.k.p.r.p.TestFile    Now processing file /home/runner/work/key/key/key.core/../key.ui/examples/heap/strictlyModular/modularOnly.key 
150065     INFO  main            d.u.i.k.p.i.AbstractProblemLoader Loading environment from /home/runner/work/key/key/key.core/../key.ui/examples/heap/strictlyModular/modularOnly.key 
150065     DEBUG main            d.u.i.k.p.i.AbstractProblemLoader Environment load took 76.9ns 
150066     INFO  main            d.u.i.k.p.i.AbstractProblemLoader Creating init config 
152397     DEBUG main            d.u.i.k.p.i.AbstractProblemLoader Init config took 2.33s 
152431     INFO  main            d.u.i.k.p.i.AbstractProblemLoader Replaying proof Modular[Modular::m()].JML operation contract.0 
152432     DEBUG main            d.u.i.k.p.i.IntermediateProofReplayer Proof replay took 6.5ns 
152537     INFO  main            d.u.i.k.p.r.p.TestFile    ... finished proof: open goal(s) 
1846532    INFO  Test worker     d.u.i.k.p.r.RunAllProofsTestUnit Returning from test simpleTests 
1846533    INFO  Test worker     d.u.i.k.p.r.RunAllProofsTestUnit Running test SmansEtAl 
346        INFO  Timeout watchdog d.u.i.k.p.r.p.ForkedTestFileRunner Timeout watcher launched (2000 secs.) 
362        WARN  main            d.u.i.k.s.ProofSettings   The settings in /home/runner/.key/proof-settings.props are *not* read. 
394        INFO  main            d.u.i.k.p.r.p.TestFile    Now processing file /home/runner/work/key/key/key.core/../key.ui/examples/heap/SmansEtAl/ArrayList_add.key 
495        INFO  main            d.u.i.k.p.i.AbstractProblemLoader Loading environment from /home/runner/work/key/key/key.core/../key.ui/examples/heap/SmansEtAl/ArrayList_add.key 
520        DEBUG main            d.u.i.k.p.i.AbstractProblemLoader Environment load took 2.22ms 
729        INFO  main            d.u.i.k.p.i.AbstractProblemLoader Creating init config 
1602       DEBUG main            d.u.i.k.j.TypeConverter   No LDT found for Meta 
1605       DEBUG main            d.u.i.k.j.TypeConverter   No LDT found for Meta 
1607       DEBUG main            d.u.i.k.j.TypeConverter   No LDT found for Meta 
1608       DEBUG main            d.u.i.k.j.TypeConverter   No LDT found for Meta 
2877       DEBUG main            d.u.i.k.j.TypeConverter   No LDT found for JavaBigintExpression 
8345       DEBUG main            d.u.i.k.p.i.AbstractProblemLoader Init config took 7.62s 
8500       INFO  main            d.u.i.k.p.i.AbstractProblemLoader Replaying proof ArrayList[ArrayList::add(java.lang.Object)].JML normal_behavior operation contract.0 
8531       DEBUG main            d.u.i.k.p.i.IntermediateProofReplayer Proof replay took 31.8ns 
15729      INFO  main            d.u.i.k.p.r.p.TestFile    ... finished proof: closed. 
15954      INFO  main            d.u.i.k.p.i.AbstractProblemLoader Loading environment from /home/runner/work/key/key/key.core/../key.ui/examples/heap/SmansEtAl/ArrayList_add.key.proof 
15955      DEBUG main            d.u.i.k.p.i.AbstractProblemLoader Environment load took 1.12ms 
15959      INFO  main            d.u.i.k.p.i.AbstractProblemLoader Creating init config 
19204      DEBUG main            d.u.i.k.p.i.AbstractProblemLoader Init config took 3.24s 
19280      INFO  main            d.u.i.k.p.i.AbstractProblemLoader Replaying proof ArrayList[ArrayList::add(java.lang.Object)].JML normal_behavior operation contract.0 
20383      DEBUG main            d.u.i.k.p.i.IntermediateProofReplayer Proof replay took 1.06s 
20392      DEBUG main            d.u.i.k.p.r.p.TestFile    ... success: reloaded. 
20393      INFO  main            d.u.i.k.p.r.p.TestFile    Now processing file /home/runner/work/key/key/key.core/../key.ui/examples/heap/SmansEtAl/ArrayList_ArrayList.key 
20394      INFO  main            d.u.i.k.p.i.AbstractProblemLoader Loading environment from /home/runner/work/key/key/key.core/../key.ui/examples/heap/SmansEtAl/ArrayList_ArrayList.key 
20394      DEBUG main            d.u.i.k.p.i.AbstractProblemLoader Environment load took 209ns 
20396      INFO  main            d.u.i.k.p.i.AbstractProblemLoader Creating init config 
23453      DEBUG main            d.u.i.k.p.i.AbstractProblemLoader Init config took 3.06s 
23508      INFO  main            d.u.i.k.p.i.AbstractProblemLoader Replaying proof ArrayList[ArrayList::ArrayList()].JML normal_behavior operation contract.0 
23510      DEBUG main            d.u.i.k.p.i.IntermediateProofReplayer Proof replay took 6.2ns 
24515      INFO  main            d.u.i.k.p.r.p.TestFile    ... finished proof: closed. 
24659      INFO  main            d.u.i.k.p.i.AbstractProblemLoader Loading environment from /home/runner/work/key/key/key.core/../key.ui/examples/heap/SmansEtAl/ArrayList_ArrayList.key.proof 
24659      DEBUG main            d.u.i.k.p.i.AbstractProblemLoader Environment load took 607.7ns 
24661      INFO  main            d.u.i.k.p.i.AbstractProblemLoader Creating init config 
27535      DEBUG main            d.u.i.k.p.i.AbstractProblemLoader Init config took 2.87s 
27581      INFO  main            d.u.i.k.p.i.AbstractProblemLoader Replaying proof ArrayList[ArrayList::ArrayList()].JML normal_behavior operation contract.0 
27737      DEBUG main            d.u.i.k.p.i.IntermediateProofReplayer Proof replay took 146.93ms 
27738      DEBUG main            d.u.i.k.p.r.p.TestFile    ... success: reloaded. 
27739      INFO  main            d.u.i.k.p.r.p.TestFile    Now processing file /home/runner/work/key/key/key.core/../key.ui/examples/heap/SmansEtAl/ArrayList_footprint.key 
27740      INFO  main            d.u.i.k.p.i.AbstractProblemLoader Loading environment from /home/runner/work/key/key/key.core/../key.ui/examples/heap/SmansEtAl/ArrayList_footprint.key 
27740      DEBUG main            d.u.i.k.p.i.AbstractProblemLoader Environment load took 234.1ns 
27741      INFO  main            d.u.i.k.p.i.AbstractProblemLoader Creating init config 
30692      DEBUG main            d.u.i.k.p.i.AbstractProblemLoader Init config took 2.95s 
30773      INFO  main            d.u.i.k.p.i.AbstractProblemLoader Replaying proof ArrayList[ArrayList::$footprint()].JML accessible clause.0 
30775      DEBUG main            d.u.i.k.p.i.IntermediateProofReplayer Proof replay took 5.4ns 
30877      INFO  main            d.u.i.k.p.r.p.TestFile    ... finished proof: closed. 
31015      INFO  main            d.u.i.k.p.i.AbstractProblemLoader Loading environment from /home/runner/work/key/key/key.core/../key.ui/examples/heap/SmansEtAl/ArrayList_footprint.key.proof 
31015      DEBUG main            d.u.i.k.p.i.AbstractProblemLoader Environment load took 109.1ns 
31016      INFO  main            d.u.i.k.p.i.AbstractProblemLoader Creating init config 
33858      DEBUG main            d.u.i.k.p.i.AbstractProblemLoader Init config took 2.84s 
33901      INFO  main            d.u.i.k.p.i.AbstractProblemLoader Replaying proof ArrayList[ArrayList::$footprint()].JML accessible clause.0 
33913      DEBUG main            d.u.i.k.p.i.IntermediateProofReplayer Proof replay took 8.98ms 
33914      DEBUG main            d.u.i.k.p.r.p.TestFile    ... success: reloaded. 
33915      INFO  main            d.u.i.k.p.r.p.TestFile    Now processing file /home/runner/work/key/key/key.core/../key.ui/examples/heap/SmansEtAl/ArrayList_get_dep.key 
33915      INFO  main            d.u.i.k.p.i.AbstractProblemLoader Loading environment from /home/runner/work/key/key/key.core/../key.ui/examples/heap/SmansEtAl/ArrayList_get_dep.key 
33916      DEBUG main            d.u.i.k.p.i.AbstractProblemLoader Environment load took 250ns 
33917      INFO  main            d.u.i.k.p.i.AbstractProblemLoader Creating init config 
36767      DEBUG main            d.u.i.k.p.i.AbstractProblemLoader Init config took 2.85s 
36810      INFO  main            d.u.i.k.p.i.AbstractProblemLoader Replaying proof ArrayList[ArrayList::get(int)].JML accessible clause.0 
36812      DEBUG main            d.u.i.k.p.i.IntermediateProofReplayer Proof replay took 5.5ns 
37115      INFO  main            d.u.i.k.p.r.p.TestFile    ... finished proof: closed. 
37304      INFO  main            d.u.i.k.p.i.AbstractProblemLoader Loading environment from /home/runner/work/key/key/key.core/../key.ui/examples/heap/SmansEtAl/ArrayList_get_dep.key.proof 
37304      DEBUG main            d.u.i.k.p.i.AbstractProblemLoader Environment load took 118ns 
37305      INFO  main            d.u.i.k.p.i.AbstractProblemLoader Creating init config 
40102      DEBUG main            d.u.i.k.p.i.AbstractProblemLoader Init config took 2.8s 
40149      INFO  main            d.u.i.k.p.i.AbstractProblemLoader Replaying proof ArrayList[ArrayList::get(int)].JML accessible clause.0 
40206      DEBUG main            d.u.i.k.p.i.IntermediateProofReplayer Proof replay took 53.47ms 
40208      DEBUG main            d.u.i.k.p.r.p.TestFile    ... success: reloaded. 
40209      INFO  main            d.u.i.k.p.r.p.TestFile    Now processing file /home/runner/work/key/key/key.core/../key.ui/examples/heap/SmansEtAl/ArrayList_get.key 
40209      INFO  main            d.u.i.k.p.i.AbstractProblemLoader Loading environment from /home/runner/work/key/key/key.core/../key.ui/examples/heap/SmansEtAl/ArrayList_get.key 
40210      DEBUG main            d.u.i.k.p.i.AbstractProblemLoader Environment load took 189.3ns 
40211      INFO  main            d.u.i.k.p.i.AbstractProblemLoader Creating init config 
43066      DEBUG main            d.u.i.k.p.i.AbstractProblemLoader Init config took 2.86s 
43108      INFO  main            d.u.i.k.p.i.AbstractProblemLoader Replaying proof ArrayList[ArrayList::get(int)].JML normal_behavior operation contract.0 
43109      DEBUG main            d.u.i.k.p.i.IntermediateProofReplayer Proof replay took 5.4ns 
43317      INFO  main            d.u.i.k.p.r.p.TestFile    ... finished proof: closed. 
43471      INFO  main            d.u.i.k.p.i.AbstractProblemLoader Loading environment from /home/runner/work/key/key/key.core/../key.ui/examples/heap/SmansEtAl/ArrayList_get.key.proof 
43471      DEBUG main            d.u.i.k.p.i.AbstractProblemLoader Environment load took 113.4ns 
43472      INFO  main            d.u.i.k.p.i.AbstractProblemLoader Creating init config 
46254      DEBUG main            d.u.i.k.p.i.AbstractProblemLoader Init config took 2.78s 
46295      INFO  main            d.u.i.k.p.i.AbstractProblemLoader Replaying proof ArrayList[ArrayList::get(int)].JML normal_behavior operation contract.0 
46326      DEBUG main            d.u.i.k.p.i.IntermediateProofReplayer Proof replay took 27.86ms 
46327      DEBUG main            d.u.i.k.p.r.p.TestFile    ... success: reloaded. 
46328      INFO  main            d.u.i.k.p.r.p.TestFile    Now processing file /home/runner/work/key/key/key.core/../key.ui/examples/heap/SmansEtAl/ArrayList_inv.key 
46328      INFO  main            d.u.i.k.p.i.AbstractProblemLoader Loading environment from /home/runner/work/key/key/key.core/../key.ui/examples/heap/SmansEtAl/ArrayList_inv.key 
46328      DEBUG main            d.u.i.k.p.i.AbstractProblemLoader Environment load took 103ns 
46329      INFO  main            d.u.i.k.p.i.AbstractProblemLoader Creating init config 
49154      DEBUG main            d.u.i.k.p.i.AbstractProblemLoader Init config took 2.83s 
49193      INFO  main            d.u.i.k.p.i.AbstractProblemLoader Replaying proof ArrayList[java.lang.Object::<inv>()].JML accessible clause.0 
49194      DEBUG main            d.u.i.k.p.i.IntermediateProofReplayer Proof replay took 5.6ns 
49299      INFO  main            d.u.i.k.p.r.p.TestFile    ... finished proof: closed. 
49458      INFO  main            d.u.i.k.p.i.AbstractProblemLoader Loading environment from /home/runner/work/key/key/key.core/../key.ui/examples/heap/SmansEtAl/ArrayList_inv.key.proof 
49458      DEBUG main            d.u.i.k.p.i.AbstractProblemLoader Environment load took 153.2ns 
49459      INFO  main            d.u.i.k.p.i.AbstractProblemLoader Creating init config 
52242      DEBUG main            d.u.i.k.p.i.AbstractProblemLoader Init config took 2.78s 
52290      INFO  main            d.u.i.k.p.i.AbstractProblemLoader Replaying proof ArrayList[java.lang.Object::<inv>()].JML accessible clause.0 
52301      DEBUG main            d.u.i.k.p.i.IntermediateProofReplayer Proof replay took 9.36ms 
52302      DEBUG main            d.u.i.k.p.r.p.TestFile    ... success: reloaded. 
52303      INFO  main            d.u.i.k.p.r.p.TestFile    Now processing file /home/runner/work/key/key/key.core/../key.ui/examples/heap/SmansEtAl/ArrayList_size_dep.key 
52304      INFO  main            d.u.i.k.p.i.AbstractProblemLoader Loading environment from /home/runner/work/key/key/key.core/../key.ui/examples/heap/SmansEtAl/ArrayList_size_dep.key 
52304      DEBUG main            d.u.i.k.p.i.AbstractProblemLoader Environment load took 87.2ns 
52304      INFO  main            d.u.i.k.p.i.AbstractProblemLoader Creating init config 
55126      DEBUG main            d.u.i.k.p.i.AbstractProblemLoader Init config took 2.82s 
55163      INFO  main            d.u.i.k.p.i.AbstractProblemLoader Replaying proof ArrayList[ArrayList::size()].JML accessible clause.0 
55165      DEBUG main            d.u.i.k.p.i.IntermediateProofReplayer Proof replay took 5.7ns 
55267      INFO  main            d.u.i.k.p.r.p.TestFile    ... finished proof: closed. 
55462      INFO  main            d.u.i.k.p.i.AbstractProblemLoader Loading environment from /home/runner/work/key/key/key.core/../key.ui/examples/heap/SmansEtAl/ArrayList_size_dep.key.proof 
55462      DEBUG main            d.u.i.k.p.i.AbstractProblemLoader Environment load took 107.1ns 
55463      INFO  main            d.u.i.k.p.i.AbstractProblemLoader Creating init config 
58269      DEBUG main            d.u.i.k.p.i.AbstractProblemLoader Init config took 2.81s 
58307      INFO  main            d.u.i.k.p.i.AbstractProblemLoader Replaying proof ArrayList[ArrayList::size()].JML accessible clause.0 
58323      DEBUG main            d.u.i.k.p.i.IntermediateProofReplayer Proof replay took 14.02ms 
58324      DEBUG main            d.u.i.k.p.r.p.TestFile    ... success: reloaded. 
58326      INFO  main            d.u.i.k.p.r.p.TestFile    Now processing file /home/runner/work/key/key/key.core/../key.ui/examples/heap/SmansEtAl/ArrayList_size.key 
58326      INFO  main            d.u.i.k.p.i.AbstractProblemLoader Loading environment from /home/runner/work/key/key/key.core/../key.ui/examples/heap/SmansEtAl/ArrayList_size.key 
58326      DEBUG main            d.u.i.k.p.i.AbstractProblemLoader Environment load took 198.3ns 
58327      INFO  main            d.u.i.k.p.i.AbstractProblemLoader Creating init config 
61101      DEBUG main            d.u.i.k.p.i.AbstractProblemLoader Init config took 2.77s 
61140      INFO  main            d.u.i.k.p.i.AbstractProblemLoader Replaying proof ArrayList[ArrayList::size()].JML normal_behavior operation contract.0 
61141      DEBUG main            d.u.i.k.p.i.IntermediateProofReplayer Proof replay took 6.5ns 
61251      INFO  main            d.u.i.k.p.r.p.TestFile    ... finished proof: closed. 
61421      INFO  main            d.u.i.k.p.i.AbstractProblemLoader Loading environment from /home/runner/work/key/key/key.core/../key.ui/examples/heap/SmansEtAl/ArrayList_size.key.proof 
61421      DEBUG main            d.u.i.k.p.i.AbstractProblemLoader Environment load took 109.1ns 
61422      INFO  main            d.u.i.k.p.i.AbstractProblemLoader Creating init config 
64161      DEBUG main            d.u.i.k.p.i.AbstractProblemLoader Init config took 2.74s 
64198      INFO  main            d.u.i.k.p.i.AbstractProblemLoader Replaying proof ArrayList[ArrayList::size()].JML normal_behavior operation contract.0 
64213      DEBUG main            d.u.i.k.p.i.IntermediateProofReplayer Proof replay took 12.86ms 
64214      DEBUG main            d.u.i.k.p.r.p.TestFile    ... success: reloaded. 
64215      INFO  main            d.u.i.k.p.r.p.TestFile    Now processing file /home/runner/work/key/key/key.core/../key.ui/examples/heap/SmansEtAl/Cell_Cell.key 
64215      INFO  main            d.u.i.k.p.i.AbstractProblemLoader Loading environment from /home/runner/work/key/key/key.core/../key.ui/examples/heap/SmansEtAl/Cell_Cell.key 
64215      DEBUG main            d.u.i.k.p.i.AbstractProblemLoader Environment load took 82.2ns 
64216      INFO  main            d.u.i.k.p.i.AbstractProblemLoader Creating init config 
66979      DEBUG main            d.u.i.k.p.i.AbstractProblemLoader Init config took 2.76s 
67014      INFO  main            d.u.i.k.p.i.AbstractProblemLoader Replaying proof Cell[Cell::Cell()].JML normal_behavior operation contract.0 
67015      DEBUG main            d.u.i.k.p.i.IntermediateProofReplayer Proof replay took 5.7ns 
67221      INFO  main            d.u.i.k.p.r.p.TestFile    ... finished proof: closed. 
67457      INFO  main            d.u.i.k.p.i.AbstractProblemLoader Loading environment from /home/runner/work/key/key/key.core/../key.ui/examples/heap/SmansEtAl/Cell_Cell.key.proof 
67457      DEBUG main            d.u.i.k.p.i.AbstractProblemLoader Environment load took 114.7ns 
67458      INFO  main            d.u.i.k.p.i.AbstractProblemLoader Creating init config 
70217      DEBUG main            d.u.i.k.p.i.AbstractProblemLoader Init config took 2.76s 
70252      INFO  main            d.u.i.k.p.i.AbstractProblemLoader Replaying proof Cell[Cell::Cell()].JML normal_behavior operation contract.0 
70290      DEBUG main            d.u.i.k.p.i.IntermediateProofReplayer Proof replay took 35.2ms 
70291      DEBUG main            d.u.i.k.p.r.p.TestFile    ... success: reloaded. 
70292      INFO  main            d.u.i.k.p.r.p.TestFile    Now processing file /home/runner/work/key/key/key.core/../key.ui/examples/heap/SmansEtAl/Cell_footprint.key 
70292      INFO  main            d.u.i.k.p.i.AbstractProblemLoader Loading environment from /home/runner/work/key/key/key.core/../key.ui/examples/heap/SmansEtAl/Cell_footprint.key 
70292      DEBUG main            d.u.i.k.p.i.AbstractProblemLoader Environment load took 86.4ns 
70293      INFO  main            d.u.i.k.p.i.AbstractProblemLoader Creating init config 
73016      DEBUG main            d.u.i.k.p.i.AbstractProblemLoader Init config took 2.72s 
73050      INFO  main            d.u.i.k.p.i.AbstractProblemLoader Replaying proof Cell[Cell::$footprint()].JML accessible clause.0 
73052      DEBUG main            d.u.i.k.p.i.IntermediateProofReplayer Proof replay took 5.5ns 
73157      INFO  main            d.u.i.k.p.r.p.TestFile    ... finished proof: closed. 
73329      INFO  main            d.u.i.k.p.i.AbstractProblemLoader Loading environment from /home/runner/work/key/key/key.core/../key.ui/examples/heap/SmansEtAl/Cell_footprint.key.proof 
73329      DEBUG main            d.u.i.k.p.i.AbstractProblemLoader Environment load took 102.9ns 
73330      INFO  main            d.u.i.k.p.i.AbstractProblemLoader Creating init config 
76065      DEBUG main            d.u.i.k.p.i.AbstractProblemLoader Init config took 2.73s 
76099      INFO  main            d.u.i.k.p.i.AbstractProblemLoader Replaying proof Cell[Cell::$footprint()].JML accessible clause.0 
76104      DEBUG main            d.u.i.k.p.i.IntermediateProofReplayer Proof replay took 3.63ms 
76105      DEBUG main            d.u.i.k.p.r.p.TestFile    ... success: reloaded. 
76106      INFO  main            d.u.i.k.p.r.p.TestFile    Now processing file /home/runner/work/key/key/key.core/../key.ui/examples/heap/SmansEtAl/Cell_getX_dep.key 
76106      INFO  main            d.u.i.k.p.i.AbstractProblemLoader Loading environment from /home/runner/work/key/key/key.core/../key.ui/examples/heap/SmansEtAl/Cell_getX_dep.key 
76106      DEBUG main            d.u.i.k.p.i.AbstractProblemLoader Environment load took 85.8ns 
76107      INFO  main            d.u.i.k.p.i.AbstractProblemLoader Creating init config 
78918      DEBUG main            d.u.i.k.p.i.AbstractProblemLoader Init config took 2.81s 
78952      INFO  main            d.u.i.k.p.i.AbstractProblemLoader Replaying proof Cell[Cell::getX()].JML accessible clause.0 
78954      DEBUG main            d.u.i.k.p.i.IntermediateProofReplayer Proof replay took 5.7ns 
79056      INFO  main            d.u.i.k.p.r.p.TestFile    ... finished proof: closed. 
79250      INFO  main            d.u.i.k.p.i.AbstractProblemLoader Loading environment from /home/runner/work/key/key/key.core/../key.ui/examples/heap/SmansEtAl/Cell_getX_dep.key.proof 
79250      DEBUG main            d.u.i.k.p.i.AbstractProblemLoader Environment load took 106.5ns 
79251      INFO  main            d.u.i.k.p.i.AbstractProblemLoader Creating init config 
81988      DEBUG main            d.u.i.k.p.i.AbstractProblemLoader Init config took 2.74s 
82021      INFO  main            d.u.i.k.p.i.AbstractProblemLoader Replaying proof Cell[Cell::getX()].JML accessible clause.0 
82035      DEBUG main            d.u.i.k.p.i.IntermediateProofReplayer Proof replay took 11.38ms 
82036      DEBUG main            d.u.i.k.p.r.p.TestFile    ... success: reloaded. 
82037      INFO  main            d.u.i.k.p.r.p.TestFile    Now processing file /home/runner/work/key/key/key.core/../key.ui/examples/heap/SmansEtAl/Cell_getX.key 
82037      INFO  main            d.u.i.k.p.i.AbstractProblemLoader Loading environment from /home/runner/work/key/key/key.core/../key.ui/examples/heap/SmansEtAl/Cell_getX.key 
82037      DEBUG main            d.u.i.k.p.i.AbstractProblemLoader Environment load took 74.5ns 
82038      INFO  main            d.u.i.k.p.i.AbstractProblemLoader Creating init config 
84781      DEBUG main            d.u.i.k.p.i.AbstractProblemLoader Init config took 2.74s 
84814      INFO  main            d.u.i.k.p.i.AbstractProblemLoader Replaying proof Cell[Cell::getX()].JML normal_behavior operation contract.0 
84815      DEBUG main            d.u.i.k.p.i.IntermediateProofReplayer Proof replay took 5.3ns 
84920      INFO  main            d.u.i.k.p.r.p.TestFile    ... finished proof: closed. 
85110      INFO  main            d.u.i.k.p.i.AbstractProblemLoader Loading environment from /home/runner/work/key/key/key.core/../key.ui/examples/heap/SmansEtAl/Cell_getX.key.proof 
85110      DEBUG main            d.u.i.k.p.i.AbstractProblemLoader Environment load took 107.8ns 
85111      INFO  main            d.u.i.k.p.i.AbstractProblemLoader Creating init config 
87823      DEBUG main            d.u.i.k.p.i.AbstractProblemLoader Init config took 2.71s 
87855      INFO  main            d.u.i.k.p.i.AbstractProblemLoader Replaying proof Cell[Cell::getX()].JML normal_behavior operation contract.0 
87868      DEBUG main            d.u.i.k.p.i.IntermediateProofReplayer Proof replay took 10.86ms 
87869      DEBUG main            d.u.i.k.p.r.p.TestFile    ... success: reloaded. 
87870      INFO  main            d.u.i.k.p.r.p.TestFile    Now processing file /home/runner/work/key/key/key.core/../key.ui/examples/heap/SmansEtAl/Cell_inv.key 
87870      INFO  main            d.u.i.k.p.i.AbstractProblemLoader Loading environment from /home/runner/work/key/key/key.core/../key.ui/examples/heap/SmansEtAl/Cell_inv.key 
87870      DEBUG main            d.u.i.k.p.i.AbstractProblemLoader Environment load took 81.4ns 
87871      INFO  main            d.u.i.k.p.i.AbstractProblemLoader Creating init config 
90618      DEBUG main            d.u.i.k.p.i.AbstractProblemLoader Init config took 2.75s 
90650      INFO  main            d.u.i.k.p.i.AbstractProblemLoader Replaying proof Cell[java.lang.Object::<inv>()].JML accessible clause.0 
90651      DEBUG main            d.u.i.k.p.i.IntermediateProofReplayer Proof replay took 6.4ns 
90753      INFO  main            d.u.i.k.p.r.p.TestFile    ... finished proof: closed. 
90944      INFO  main            d.u.i.k.p.i.AbstractProblemLoader Loading environment from /home/runner/work/key/key/key.core/../key.ui/examples/heap/SmansEtAl/Cell_inv.key.proof 
90944      DEBUG main            d.u.i.k.p.i.AbstractProblemLoader Environment load took 103.6ns 
90945      INFO  main            d.u.i.k.p.i.AbstractProblemLoader Creating init config 
93649      DEBUG main            d.u.i.k.p.i.AbstractProblemLoader Init config took 2.7s 
93686      INFO  main            d.u.i.k.p.i.AbstractProblemLoader Replaying proof Cell[java.lang.Object::<inv>()].JML accessible clause.0 
93694      DEBUG main            d.u.i.k.p.i.IntermediateProofReplayer Proof replay took 5ms 
93695      DEBUG main            d.u.i.k.p.r.p.TestFile    ... success: reloaded. 
93696      INFO  main            d.u.i.k.p.r.p.TestFile    Now processing file /home/runner/work/key/key/key.core/../key.ui/examples/heap/SmansEtAl/Cell_setX.key 
93697      INFO  main            d.u.i.k.p.i.AbstractProblemLoader Loading environment from /home/runner/work/key/key/key.core/../key.ui/examples/heap/SmansEtAl/Cell_setX.key 
93697      DEBUG main            d.u.i.k.p.i.AbstractProblemLoader Environment load took 183.8ns 
93698      INFO  main            d.u.i.k.p.i.AbstractProblemLoader Creating init config 
96473      DEBUG main            d.u.i.k.p.i.AbstractProblemLoader Init config took 2.78s 
96509      INFO  main            d.u.i.k.p.i.AbstractProblemLoader Replaying proof Cell[Cell::setX(int)].JML normal_behavior operation contract.0 
96510      DEBUG main            d.u.i.k.p.i.IntermediateProofReplayer Proof replay took 5.7ns 
96615      INFO  main            d.u.i.k.p.r.p.TestFile    ... finished proof: closed. 
96905      INFO  main            d.u.i.k.p.i.AbstractProblemLoader Loading environment from /home/runner/work/key/key/key.core/../key.ui/examples/heap/SmansEtAl/Cell_setX.key.proof 
96906      DEBUG main            d.u.i.k.p.i.AbstractProblemLoader Environment load took 101.4ns 
96906      INFO  main            d.u.i.k.p.i.AbstractProblemLoader Creating init config 
99608      DEBUG main            d.u.i.k.p.i.AbstractProblemLoader Init config took 2.7s 
99647      INFO  main            d.u.i.k.p.i.AbstractProblemLoader Replaying proof Cell[Cell::setX(int)].JML normal_behavior operation contract.0 
99668      DEBUG main            d.u.i.k.p.i.IntermediateProofReplayer Proof replay took 19.89ms 
99669      DEBUG main            d.u.i.k.p.r.p.TestFile    ... success: reloaded. 
99670      INFO  main            d.u.i.k.p.r.p.TestFile    Now processing file /home/runner/work/key/key/key.core/../key.ui/examples/heap/SmansEtAl/CellClient_m.key 
99671      INFO  main            d.u.i.k.p.i.AbstractProblemLoader Loading environment from /home/runner/work/key/key/key.core/../key.ui/examples/heap/SmansEtAl/CellClient_m.key 
99671      DEBUG main            d.u.i.k.p.i.AbstractProblemLoader Environment load took 101.6ns 
99672      INFO  main            d.u.i.k.p.i.AbstractProblemLoader Creating init config 
102405     DEBUG main            d.u.i.k.p.i.AbstractProblemLoader Init config took 2.73s 
102438     INFO  main            d.u.i.k.p.i.AbstractProblemLoader Replaying proof CellClient[CellClient::m()].JML operation contract.0 
102439     DEBUG main            d.u.i.k.p.i.IntermediateProofReplayer Proof replay took 6.5ns 
102946     INFO  main            d.u.i.k.p.r.p.TestFile    ... finished proof: closed. 
103177     INFO  main            d.u.i.k.p.i.AbstractProblemLoader Loading environment from /home/runner/work/key/key/key.core/../key.ui/examples/heap/SmansEtAl/CellClient_m.key.proof 
103177     DEBUG main            d.u.i.k.p.i.AbstractProblemLoader Environment load took 105.1ns 
103178     INFO  main            d.u.i.k.p.i.AbstractProblemLoader Creating init config 
105870     DEBUG main            d.u.i.k.p.i.AbstractProblemLoader Init config took 2.69s 
105903     INFO  main            d.u.i.k.p.i.AbstractProblemLoader Replaying proof CellClient[CellClient::m()].JML operation contract.0 
105998     DEBUG main            d.u.i.k.p.i.IntermediateProofReplayer Proof replay took 91.3ms 
105999     DEBUG main            d.u.i.k.p.r.p.TestFile    ... success: reloaded. 
106000     INFO  main            d.u.i.k.p.r.p.TestFile    Now processing file /home/runner/work/key/key/key.core/../key.ui/examples/heap/SmansEtAl/Iterator_footprint.key 
106000     INFO  main            d.u.i.k.p.i.AbstractProblemLoader Loading environment from /home/runner/work/key/key/key.core/../key.ui/examples/heap/SmansEtAl/Iterator_footprint.key 
106001     DEBUG main            d.u.i.k.p.i.AbstractProblemLoader Environment load took 129.5ns 
106001     INFO  main            d.u.i.k.p.i.AbstractProblemLoader Creating init config 
108789     DEBUG main            d.u.i.k.p.i.AbstractProblemLoader Init config took 2.79s 
108827     INFO  main            d.u.i.k.p.i.AbstractProblemLoader Replaying proof Iterator[Iterator::$footprint()].JML accessible clause.0 
108829     DEBUG main            d.u.i.k.p.i.IntermediateProofReplayer Proof replay took 5.8ns 
108933     INFO  main            d.u.i.k.p.r.p.TestFile    ... finished proof: closed. 
109182     INFO  main            d.u.i.k.p.i.AbstractProblemLoader Loading environment from /home/runner/work/key/key/key.core/../key.ui/examples/heap/SmansEtAl/Iterator_footprint.key.proof 
109182     DEBUG main            d.u.i.k.p.i.AbstractProblemLoader Environment load took 100.1ns 
109183     INFO  main            d.u.i.k.p.i.AbstractProblemLoader Creating init config 
111988     DEBUG main            d.u.i.k.p.i.AbstractProblemLoader Init config took 2.8s 
112024     INFO  main            d.u.i.k.p.i.AbstractProblemLoader Replaying proof Iterator[Iterator::$footprint()].JML accessible clause.0 
112032     DEBUG main            d.u.i.k.p.i.IntermediateProofReplayer Proof replay took 6.12ms 
112033     DEBUG main            d.u.i.k.p.r.p.TestFile    ... success: reloaded. 
112034     INFO  main            d.u.i.k.p.r.p.TestFile    Now processing file /home/runner/work/key/key/key.core/../key.ui/examples/heap/SmansEtAl/Iterator_hasNext_dep.key 
112034     INFO  main            d.u.i.k.p.i.AbstractProblemLoader Loading environment from /home/runner/work/key/key/key.core/../key.ui/examples/heap/SmansEtAl/Iterator_hasNext_dep.key 
112034     DEBUG main            d.u.i.k.p.i.AbstractProblemLoader Environment load took 86ns 
112035     INFO  main            d.u.i.k.p.i.AbstractProblemLoader Creating init config 
114870     DEBUG main            d.u.i.k.p.i.AbstractProblemLoader Init config took 2.84s 
114906     INFO  main            d.u.i.k.p.i.AbstractProblemLoader Replaying proof Iterator[Iterator::hasNext()].JML accessible clause.0 
114908     DEBUG main            d.u.i.k.p.i.IntermediateProofReplayer Proof replay took 6.3ns 
115515     INFO  main            d.u.i.k.p.r.p.TestFile    ... finished proof: closed. 
115745     INFO  main            d.u.i.k.p.i.AbstractProblemLoader Loading environment from /home/runner/work/key/key/key.core/../key.ui/examples/heap/SmansEtAl/Iterator_hasNext_dep.key.proof 
115746     DEBUG main            d.u.i.k.p.i.AbstractProblemLoader Environment load took 507.8ns 
115747     INFO  main            d.u.i.k.p.i.AbstractProblemLoader Creating init config 
118422     DEBUG main            d.u.i.k.p.i.AbstractProblemLoader Init config took 2.67s 
118467     INFO  main            d.u.i.k.p.i.AbstractProblemLoader Replaying proof Iterator[Iterator::hasNext()].JML accessible clause.0 
118557     DEBUG main            d.u.i.k.p.i.IntermediateProofReplayer Proof replay took 83.49ms 
118558     DEBUG main            d.u.i.k.p.r.p.TestFile    ... success: reloaded. 
118559     INFO  main            d.u.i.k.p.r.p.TestFile    Now processing file /home/runner/work/key/key/key.core/../key.ui/examples/heap/SmansEtAl/Iterator_hasNext.key 
118559     INFO  main            d.u.i.k.p.i.AbstractProblemLoader Loading environment from /home/runner/work/key/key/key.core/../key.ui/examples/heap/SmansEtAl/Iterator_hasNext.key 
118559     DEBUG main            d.u.i.k.p.i.AbstractProblemLoader Environment load took 72.9ns 
118561     INFO  main            d.u.i.k.p.i.AbstractProblemLoader Creating init config 
121329     DEBUG main            d.u.i.k.p.i.AbstractProblemLoader Init config took 2.77s 
121364     INFO  main            d.u.i.k.p.i.AbstractProblemLoader Replaying proof Iterator[Iterator::hasNext()].JML normal_behavior operation contract.0 
121365     DEBUG main            d.u.i.k.p.i.IntermediateProofReplayer Proof replay took 5.9ns 
121869     INFO  main            d.u.i.k.p.r.p.TestFile    ... finished proof: closed. 
122107     INFO  main            d.u.i.k.p.i.AbstractProblemLoader Loading environment from /home/runner/work/key/key/key.core/../key.ui/examples/heap/SmansEtAl/Iterator_hasNext.key.proof 
122107     DEBUG main            d.u.i.k.p.i.AbstractProblemLoader Environment load took 365ns 
122108     INFO  main            d.u.i.k.p.i.AbstractProblemLoader Creating init config 
124802     DEBUG main            d.u.i.k.p.i.AbstractProblemLoader Init config took 2.69s 
124837     INFO  main            d.u.i.k.p.i.AbstractProblemLoader Replaying proof Iterator[Iterator::hasNext()].JML normal_behavior operation contract.0 
124915     DEBUG main            d.u.i.k.p.i.IntermediateProofReplayer Proof replay took 72.6ms 
124916     DEBUG main            d.u.i.k.p.r.p.TestFile    ... success: reloaded. 
124917     INFO  main            d.u.i.k.p.r.p.TestFile    Now processing file /home/runner/work/key/key/key.core/../key.ui/examples/heap/SmansEtAl/Iterator_inv.key 
124917     INFO  main            d.u.i.k.p.i.AbstractProblemLoader Loading environment from /home/runner/work/key/key/key.core/../key.ui/examples/heap/SmansEtAl/Iterator_inv.key 
124917     DEBUG main            d.u.i.k.p.i.AbstractProblemLoader Environment load took 82.2ns 
124918     INFO  main            d.u.i.k.p.i.AbstractProblemLoader Creating init config 
127615     DEBUG main            d.u.i.k.p.i.AbstractProblemLoader Init config took 2.7s 
127652     INFO  main            d.u.i.k.p.i.AbstractProblemLoader Replaying proof Iterator[java.lang.Object::<inv>()].JML accessible clause.0 
127655     DEBUG main            d.u.i.k.p.i.IntermediateProofReplayer Proof replay took 5.9ns 
127857     INFO  main            d.u.i.k.p.r.p.TestFile    ... finished proof: closed. 
128085     INFO  main            d.u.i.k.p.i.AbstractProblemLoader Loading environment from /home/runner/work/key/key/key.core/../key.ui/examples/heap/SmansEtAl/Iterator_inv.key.proof 
128085     DEBUG main            d.u.i.k.p.i.AbstractProblemLoader Environment load took 92.7ns 
128086     INFO  main            d.u.i.k.p.i.AbstractProblemLoader Creating init config 
130789     DEBUG main            d.u.i.k.p.i.AbstractProblemLoader Init config took 2.7s 
130823     INFO  main            d.u.i.k.p.i.AbstractProblemLoader Replaying proof Iterator[java.lang.Object::<inv>()].JML accessible clause.0 
130846     DEBUG main            d.u.i.k.p.i.IntermediateProofReplayer Proof replay took 20.55ms 
130847     DEBUG main            d.u.i.k.p.r.p.TestFile    ... success: reloaded. 
130848     INFO  main            d.u.i.k.p.r.p.TestFile    Now processing file /home/runner/work/key/key/key.core/../key.ui/examples/heap/SmansEtAl/Iterator_Iterator.key 
130848     INFO  main            d.u.i.k.p.i.AbstractProblemLoader Loading environment from /home/runner/work/key/key/key.core/../key.ui/examples/heap/SmansEtAl/Iterator_Iterator.key 
130848     DEBUG main            d.u.i.k.p.i.AbstractProblemLoader Environment load took 105ns 
130849     INFO  main            d.u.i.k.p.i.AbstractProblemLoader Creating init config 
133568     DEBUG main            d.u.i.k.p.i.AbstractProblemLoader Init config took 2.72s 
133602     INFO  main            d.u.i.k.p.i.AbstractProblemLoader Replaying proof Iterator[Iterator::Iterator(ArrayList)].JML normal_behavior operation contract.0 
133604     DEBUG main            d.u.i.k.p.i.IntermediateProofReplayer Proof replay took 6ns 
134914     INFO  main            d.u.i.k.p.r.p.TestFile    ... finished proof: closed. 
135160     INFO  main            d.u.i.k.p.i.AbstractProblemLoader Loading environment from /home/runner/work/key/key/key.core/../key.ui/examples/heap/SmansEtAl/Iterator_Iterator.key.proof 
135160     DEBUG main            d.u.i.k.p.i.AbstractProblemLoader Environment load took 162.7ns 
135161     INFO  main            d.u.i.k.p.i.AbstractProblemLoader Creating init config 
137859     DEBUG main            d.u.i.k.p.i.AbstractProblemLoader Init config took 2.7s 
137894     INFO  main            d.u.i.k.p.i.AbstractProblemLoader Replaying proof Iterator[Iterator::Iterator(ArrayList)].JML normal_behavior operation contract.0 
138074     DEBUG main            d.u.i.k.p.i.IntermediateProofReplayer Proof replay took 165.25ms 
138075     DEBUG main            d.u.i.k.p.r.p.TestFile    ... success: reloaded. 
138076     INFO  main            d.u.i.k.p.r.p.TestFile    Now processing file /home/runner/work/key/key/key.core/../key.ui/examples/heap/SmansEtAl/Iterator_list_dep.key 
138076     INFO  main            d.u.i.k.p.i.AbstractProblemLoader Loading environment from /home/runner/work/key/key/key.core/../key.ui/examples/heap/SmansEtAl/Iterator_list_dep.key 
138077     DEBUG main            d.u.i.k.p.i.AbstractProblemLoader Environment load took 208.5ns 
138077     INFO  main            d.u.i.k.p.i.AbstractProblemLoader Creating init config 
140804     DEBUG main            d.u.i.k.p.i.AbstractProblemLoader Init config took 2.73s 
140837     INFO  main            d.u.i.k.p.i.AbstractProblemLoader Replaying proof Iterator[Iterator::list()].JML accessible clause.0 
140838     DEBUG main            d.u.i.k.p.i.IntermediateProofReplayer Proof replay took 5.1ns 
140940     INFO  main            d.u.i.k.p.r.p.TestFile    ... finished proof: closed. 
141174     INFO  main            d.u.i.k.p.i.AbstractProblemLoader Loading environment from /home/runner/work/key/key/key.core/../key.ui/examples/heap/SmansEtAl/Iterator_list_dep.key.proof 
141174     DEBUG main            d.u.i.k.p.i.AbstractProblemLoader Environment load took 100.1ns 
141175     INFO  main            d.u.i.k.p.i.AbstractProblemLoader Creating init config 
143843     DEBUG main            d.u.i.k.p.i.AbstractProblemLoader Init config took 2.67s 
143878     INFO  main            d.u.i.k.p.i.AbstractProblemLoader Replaying proof Iterator[Iterator::list()].JML accessible clause.0 
143895     DEBUG main            d.u.i.k.p.i.IntermediateProofReplayer Proof replay took 15.68ms 
143896     DEBUG main            d.u.i.k.p.r.p.TestFile    ... success: reloaded. 
143898     INFO  main            d.u.i.k.p.r.p.TestFile    Now processing file /home/runner/work/key/key/key.core/../key.ui/examples/heap/SmansEtAl/Iterator_list.key 
143899     INFO  main            d.u.i.k.p.i.AbstractProblemLoader Loading environment from /home/runner/work/key/key/key.core/../key.ui/examples/heap/SmansEtAl/Iterator_list.key 
143899     DEBUG main            d.u.i.k.p.i.AbstractProblemLoader Environment load took 182.8ns 
143900     INFO  main            d.u.i.k.p.i.AbstractProblemLoader Creating init config 
146623     DEBUG main            d.u.i.k.p.i.AbstractProblemLoader Init config took 2.72s 
146657     INFO  main            d.u.i.k.p.i.AbstractProblemLoader Replaying proof Iterator[Iterator::list()].JML normal_behavior operation contract.0 
146659     DEBUG main            d.u.i.k.p.i.IntermediateProofReplayer Proof replay took 5.6ns 
146761     INFO  main            d.u.i.k.p.r.p.TestFile    ... finished proof: closed. 
147001     INFO  main            d.u.i.k.p.i.AbstractProblemLoader Loading environment from /home/runner/work/key/key/key.core/../key.ui/examples/heap/SmansEtAl/Iterator_list.key.proof 
147001     DEBUG main            d.u.i.k.p.i.AbstractProblemLoader Environment load took 93.6ns 
147002     INFO  main            d.u.i.k.p.i.AbstractProblemLoader Creating init config 
149684     DEBUG main            d.u.i.k.p.i.AbstractProblemLoader Init config took 2.68s 
149720     INFO  main            d.u.i.k.p.i.AbstractProblemLoader Replaying proof Iterator[Iterator::list()].JML normal_behavior operation contract.0 
149737     DEBUG main            d.u.i.k.p.i.IntermediateProofReplayer Proof replay took 14.75ms 
149738     DEBUG main            d.u.i.k.p.r.p.TestFile    ... success: reloaded. 
149739     INFO  main            d.u.i.k.p.r.p.TestFile    Now processing file /home/runner/work/key/key/key.core/../key.ui/examples/heap/SmansEtAl/Iterator_next.key 
149739     INFO  main            d.u.i.k.p.i.AbstractProblemLoader Loading environment from /home/runner/work/key/key/key.core/../key.ui/examples/heap/SmansEtAl/Iterator_next.key 
149740     DEBUG main            d.u.i.k.p.i.AbstractProblemLoader Environment load took 179.3ns 
149741     INFO  main            d.u.i.k.p.i.AbstractProblemLoader Creating init config 
152502     DEBUG main            d.u.i.k.p.i.AbstractProblemLoader Init config took 2.76s 
152536     INFO  main            d.u.i.k.p.i.AbstractProblemLoader Replaying proof Iterator[Iterator::next()].JML normal_behavior operation contract.0 
152540     DEBUG main            d.u.i.k.p.i.IntermediateProofReplayer Proof replay took 5.2ns 
155260     INFO  main            d.u.i.k.p.r.p.TestFile    ... finished proof: closed. 
155534     INFO  main            d.u.i.k.p.i.AbstractProblemLoader Loading environment from /home/runner/work/key/key/key.core/../key.ui/examples/heap/SmansEtAl/Iterator_next.key.proof 
155534     DEBUG main            d.u.i.k.p.i.AbstractProblemLoader Environment load took 356.4ns 
155536     INFO  main            d.u.i.k.p.i.AbstractProblemLoader Creating init config 
158211     DEBUG main            d.u.i.k.p.i.AbstractProblemLoader Init config took 2.67s 
158245     INFO  main            d.u.i.k.p.i.AbstractProblemLoader Replaying proof Iterator[Iterator::next()].JML normal_behavior operation contract.0 
158533     DEBUG main            d.u.i.k.p.i.IntermediateProofReplayer Proof replay took 270.7ms 
158535     DEBUG main            d.u.i.k.p.r.p.TestFile    ... success: reloaded. 
158536     INFO  main            d.u.i.k.p.r.p.TestFile    Now processing file /home/runner/work/key/key/key.core/../key.ui/examples/heap/SmansEtAl/Stack_footprint.key 
158536     INFO  main            d.u.i.k.p.i.AbstractProblemLoader Loading environment from /home/runner/work/key/key/key.core/../key.ui/examples/heap/SmansEtAl/Stack_footprint.key 
158537     DEBUG main            d.u.i.k.p.i.AbstractProblemLoader Environment load took 172.9ns 
158537     INFO  main            d.u.i.k.p.i.AbstractProblemLoader Creating init config 
161241     DEBUG main            d.u.i.k.p.i.AbstractProblemLoader Init config took 2.7s 
161274     INFO  main            d.u.i.k.p.i.AbstractProblemLoader Replaying proof Stack[Stack::$footprint()].JML accessible clause.0 
161275     DEBUG main            d.u.i.k.p.i.IntermediateProofReplayer Proof replay took 5.8ns 
161481     INFO  main            d.u.i.k.p.r.p.TestFile    ... finished proof: closed. 
161738     INFO  main            d.u.i.k.p.i.AbstractProblemLoader Loading environment from /home/runner/work/key/key/key.core/../key.ui/examples/heap/SmansEtAl/Stack_footprint.key.proof 
161738     DEBUG main            d.u.i.k.p.i.AbstractProblemLoader Environment load took 101ns 
161739     INFO  main            d.u.i.k.p.i.AbstractProblemLoader Creating init config 
164409     DEBUG main            d.u.i.k.p.i.AbstractProblemLoader Init config took 2.67s 
164442     INFO  main            d.u.i.k.p.i.AbstractProblemLoader Replaying proof Stack[Stack::$footprint()].JML accessible clause.0 
164466     DEBUG main            d.u.i.k.p.i.IntermediateProofReplayer Proof replay took 21.31ms 
164467     DEBUG main            d.u.i.k.p.r.p.TestFile    ... success: reloaded. 
164468     INFO  main            d.u.i.k.p.r.p.TestFile    Now processing file /home/runner/work/key/key/key.core/../key.ui/examples/heap/SmansEtAl/Stack_inv.key 
164468     INFO  main            d.u.i.k.p.i.AbstractProblemLoader Loading environment from /home/runner/work/key/key/key.core/../key.ui/examples/heap/SmansEtAl/Stack_inv.key 
164469     DEBUG main            d.u.i.k.p.i.AbstractProblemLoader Environment load took 174ns 
164469     INFO  main            d.u.i.k.p.i.AbstractProblemLoader Creating init config 
167187     DEBUG main            d.u.i.k.p.i.AbstractProblemLoader Init config took 2.72s 
167219     INFO  main            d.u.i.k.p.i.AbstractProblemLoader Replaying proof Stack[java.lang.Object::<inv>()].JML accessible clause.0 
167220     DEBUG main            d.u.i.k.p.i.IntermediateProofReplayer Proof replay took 5.8ns 
167322     INFO  main            d.u.i.k.p.r.p.TestFile    ... finished proof: closed. 
167577     INFO  main            d.u.i.k.p.i.AbstractProblemLoader Loading environment from /home/runner/work/key/key/key.core/../key.ui/examples/heap/SmansEtAl/Stack_inv.key.proof 
167577     DEBUG main            d.u.i.k.p.i.AbstractProblemLoader Environment load took 94.6ns 
167578     INFO  main            d.u.i.k.p.i.AbstractProblemLoader Creating init config 
170224     DEBUG main            d.u.i.k.p.i.AbstractProblemLoader Init config took 2.65s 
170256     INFO  main            d.u.i.k.p.i.AbstractProblemLoader Replaying proof Stack[java.lang.Object::<inv>()].JML accessible clause.0 
170268     DEBUG main            d.u.i.k.p.i.IntermediateProofReplayer Proof replay took 8.86ms 
170269     DEBUG main            d.u.i.k.p.r.p.TestFile    ... success: reloaded. 
170270     INFO  main            d.u.i.k.p.r.p.TestFile    Now processing file /home/runner/work/key/key/key.core/../key.ui/examples/heap/SmansEtAl/Stack_push.key 
170270     INFO  main            d.u.i.k.p.i.AbstractProblemLoader Loading environment from /home/runner/work/key/key/key.core/../key.ui/examples/heap/SmansEtAl/Stack_push.key 
170270     DEBUG main            d.u.i.k.p.i.AbstractProblemLoader Environment load took 91.9ns 
170271     INFO  main            d.u.i.k.p.i.AbstractProblemLoader Creating init config 
172982     DEBUG main            d.u.i.k.p.i.AbstractProblemLoader Init config took 2.71s 
173016     INFO  main            d.u.i.k.p.i.AbstractProblemLoader Replaying proof Stack[Stack::push(java.lang.Object)].JML normal_behavior operation contract.0 
173017     DEBUG main            d.u.i.k.p.i.IntermediateProofReplayer Proof replay took 5.9ns 
173723     INFO  main            d.u.i.k.p.r.p.TestFile    ... finished proof: closed. 
173994     INFO  main            d.u.i.k.p.i.AbstractProblemLoader Loading environment from /home/runner/work/key/key/key.core/../key.ui/examples/heap/SmansEtAl/Stack_push.key.proof 
173994     DEBUG main            d.u.i.k.p.i.AbstractProblemLoader Environment load took 404.6ns 
173996     INFO  main            d.u.i.k.p.i.AbstractProblemLoader Creating init config 
176667     DEBUG main            d.u.i.k.p.i.AbstractProblemLoader Init config took 2.67s 
176701     INFO  main            d.u.i.k.p.i.AbstractProblemLoader Replaying proof Stack[Stack::push(java.lang.Object)].JML normal_behavior operation contract.0 
176812     DEBUG main            d.u.i.k.p.i.IntermediateProofReplayer Proof replay took 106.97ms 
176813     DEBUG main            d.u.i.k.p.r.p.TestFile    ... success: reloaded. 
176814     INFO  main            d.u.i.k.p.r.p.TestFile    Now processing file /home/runner/work/key/key/key.core/../key.ui/examples/heap/SmansEtAl/Stack_size.key 
176814     INFO  main            d.u.i.k.p.i.AbstractProblemLoader Loading environment from /home/runner/work/key/key/key.core/../key.ui/examples/heap/SmansEtAl/Stack_size.key 
176814     DEBUG main            d.u.i.k.p.i.AbstractProblemLoader Environment load took 144.2ns 
176815     INFO  main            d.u.i.k.p.i.AbstractProblemLoader Creating init config 
179565     DEBUG main            d.u.i.k.p.i.AbstractProblemLoader Init config took 2.75s 
179617     INFO  main            d.u.i.k.p.i.AbstractProblemLoader Replaying proof Stack[Stack::size()].JML accessible clause.0 
179618     DEBUG main            d.u.i.k.p.i.IntermediateProofReplayer Proof replay took 5.1ns 
179820     INFO  main            d.u.i.k.p.r.p.TestFile    ... finished proof: closed. 
180095     INFO  main            d.u.i.k.p.i.AbstractProblemLoader Loading environment from /home/runner/work/key/key/key.core/../key.ui/examples/heap/SmansEtAl/Stack_size.key.proof 
180095     DEBUG main            d.u.i.k.p.i.AbstractProblemLoader Environment load took 89.9ns 
180096     INFO  main            d.u.i.k.p.i.AbstractProblemLoader Creating init config 
182750     DEBUG main            d.u.i.k.p.i.AbstractProblemLoader Init config took 2.65s 
182783     INFO  main            d.u.i.k.p.i.AbstractProblemLoader Replaying proof Stack[Stack::size()].JML accessible clause.0 
182826     DEBUG main            d.u.i.k.p.i.IntermediateProofReplayer Proof replay took 40.31ms 
182827     DEBUG main            d.u.i.k.p.r.p.TestFile    ... success: reloaded. 
182828     INFO  main            d.u.i.k.p.r.p.TestFile    Now processing file /home/runner/work/key/key/key.core/../key.ui/examples/heap/SmansEtAl/Stack_Stack.key 
182829     INFO  main            d.u.i.k.p.i.AbstractProblemLoader Loading environment from /home/runner/work/key/key/key.core/../key.ui/examples/heap/SmansEtAl/Stack_Stack.key 
182829     DEBUG main            d.u.i.k.p.i.AbstractProblemLoader Environment load took 168.3ns 
182830     INFO  main            d.u.i.k.p.i.AbstractProblemLoader Creating init config 
185543     DEBUG main            d.u.i.k.p.i.AbstractProblemLoader Init config took 2.71s 
185576     INFO  main            d.u.i.k.p.i.AbstractProblemLoader Replaying proof Stack[Stack::Stack()].JML normal_behavior operation contract.0 
185578     DEBUG main            d.u.i.k.p.i.IntermediateProofReplayer Proof replay took 5.5ns 
186584     INFO  main            d.u.i.k.p.r.p.TestFile    ... finished proof: closed. 
186892     INFO  main            d.u.i.k.p.i.AbstractProblemLoader Loading environment from /home/runner/work/key/key/key.core/../key.ui/examples/heap/SmansEtAl/Stack_Stack.key.proof 
186892     DEBUG main            d.u.i.k.p.i.AbstractProblemLoader Environment load took 95.3ns 
186893     INFO  main            d.u.i.k.p.i.AbstractProblemLoader Creating init config 
189563     DEBUG main            d.u.i.k.p.i.AbstractProblemLoader Init config took 2.67s 
189595     INFO  main            d.u.i.k.p.i.AbstractProblemLoader Replaying proof Stack[Stack::Stack()].JML normal_behavior operation contract.0 
189764     DEBUG main            d.u.i.k.p.i.IntermediateProofReplayer Proof replay took 161.83ms 
189765     DEBUG main            d.u.i.k.p.r.p.TestFile    ... success: reloaded. 
189766     INFO  main            d.u.i.k.p.r.p.TestFile    Now processing file /home/runner/work/key/key/key.core/../key.ui/examples/heap/SmansEtAl/Stack_switchContents.key 
189766     INFO  main            d.u.i.k.p.i.AbstractProblemLoader Loading environment from /home/runner/work/key/key/key.core/../key.ui/examples/heap/SmansEtAl/Stack_switchContents.key 
189766     DEBUG main            d.u.i.k.p.i.AbstractProblemLoader Environment load took 61.5ns 
189767     INFO  main            d.u.i.k.p.i.AbstractProblemLoader Creating init config 
192491     DEBUG main            d.u.i.k.p.i.AbstractProblemLoader Init config took 2.72s 
192525     INFO  main            d.u.i.k.p.i.AbstractProblemLoader Replaying proof Stack[Stack::switchContents(Stack)].JML normal_behavior operation contract.0 
192526     DEBUG main            d.u.i.k.p.i.IntermediateProofReplayer Proof replay took 5.7ns 
197137     INFO  main            d.u.i.k.p.r.p.TestFile    ... finished proof: closed. 
197447     INFO  main            d.u.i.k.p.i.AbstractProblemLoader Loading environment from /home/runner/work/key/key/key.core/../key.ui/examples/heap/SmansEtAl/Stack_switchContents.key.proof 
197447     DEBUG main            d.u.i.k.p.i.AbstractProblemLoader Environment load took 370.7ns 
197451     INFO  main            d.u.i.k.p.i.AbstractProblemLoader Creating init config 
200122     DEBUG main            d.u.i.k.p.i.AbstractProblemLoader Init config took 2.67s 
200156     INFO  main            d.u.i.k.p.i.AbstractProblemLoader Replaying proof Stack[Stack::switchContents(Stack)].JML normal_behavior operation contract.0 
200605     DEBUG main            d.u.i.k.p.i.IntermediateProofReplayer Proof replay took 432.77ms 
200606     DEBUG main            d.u.i.k.p.r.p.TestFile    ... success: reloaded. 
2047306    INFO  Test worker     d.u.i.k.p.r.RunAllProofsTestUnit Returning from test SmansEtAl 
2047309    INFO  Test worker     d.u.i.k.p.r.RunAllProofsTestUnit Running test VACID0 
364        INFO  Timeout watchdog d.u.i.k.p.r.p.ForkedTestFileRunner Timeout watcher launched (2000 secs.) 
376        WARN  main            d.u.i.k.s.ProofSettings   The settings in /home/runner/.key/proof-settings.props are *not* read. 
405        INFO  main            d.u.i.k.p.r.p.TestFile    Now processing file /home/runner/work/key/key/key.core/../key.ui/examples/heap/vacid0_01_SparseArray/Harness_sparseArrayTestHarness1.key 
545        INFO  main            d.u.i.k.p.i.AbstractProblemLoader Loading environment from /home/runner/work/key/key/key.core/../key.ui/examples/heap/vacid0_01_SparseArray/Harness_sparseArrayTestHarness1.key 
561        DEBUG main            d.u.i.k.p.i.AbstractProblemLoader Environment load took 2.12ms 
770        INFO  main            d.u.i.k.p.i.AbstractProblemLoader Creating init config 
1694       DEBUG main            d.u.i.k.j.TypeConverter   No LDT found for Meta 
1694       DEBUG main            d.u.i.k.j.TypeConverter   No LDT found for Meta 
1701       DEBUG main            d.u.i.k.j.TypeConverter   No LDT found for Meta 
1701       DEBUG main            d.u.i.k.j.TypeConverter   No LDT found for Meta 
3015       DEBUG main            d.u.i.k.j.TypeConverter   No LDT found for JavaBigintExpression 
8008       DEBUG main            d.u.i.k.p.i.AbstractProblemLoader Init config took 7.24s 
8128       INFO  main            d.u.i.k.p.i.AbstractProblemLoader Replaying proof Harness[Harness::sparseArrayTestHarness1()].JML normal_behavior operation contract.0 
8162       DEBUG main            d.u.i.k.p.i.IntermediateProofReplayer Proof replay took 32.3ns 
9525       INFO  main            d.u.i.k.p.r.p.TestFile    ... finished proof: closed. 
9642       INFO  main            d.u.i.k.p.i.AbstractProblemLoader Loading environment from /home/runner/work/key/key/key.core/../key.ui/examples/heap/vacid0_01_SparseArray/Harness_sparseArrayTestHarness1.key.proof 
9643       DEBUG main            d.u.i.k.p.i.AbstractProblemLoader Environment load took 410.3ns 
9645       INFO  main            d.u.i.k.p.i.AbstractProblemLoader Creating init config 
12529      DEBUG main            d.u.i.k.p.i.AbstractProblemLoader Init config took 2.88s 
12605      INFO  main            d.u.i.k.p.i.AbstractProblemLoader Replaying proof Harness[Harness::sparseArrayTestHarness1()].JML normal_behavior operation contract.0 
12765      DEBUG main            d.u.i.k.p.i.IntermediateProofReplayer Proof replay took 150.71ms 
12771      DEBUG main            d.u.i.k.p.r.p.TestFile    ... success: reloaded. 
12773      INFO  main            d.u.i.k.p.r.p.TestFile    Now processing file /home/runner/work/key/key/key.core/../key.ui/examples/heap/vacid0_01_SparseArray/Harness_sparseArrayTestHarness2.key 
12773      INFO  main            d.u.i.k.p.i.AbstractProblemLoader Loading environment from /home/runner/work/key/key/key.core/../key.ui/examples/heap/vacid0_01_SparseArray/Harness_sparseArrayTestHarness2.key 
12773      DEBUG main            d.u.i.k.p.i.AbstractProblemLoader Environment load took 223.7ns 
12775      INFO  main            d.u.i.k.p.i.AbstractProblemLoader Creating init config 
15545      DEBUG main            d.u.i.k.p.i.AbstractProblemLoader Init config took 2.77s 
15605      INFO  main            d.u.i.k.p.i.AbstractProblemLoader Replaying proof Harness[Harness::sparseArrayTestHarness2()].JML normal_behavior operation contract.0 
15608      DEBUG main            d.u.i.k.p.i.IntermediateProofReplayer Proof replay took 5.6ns 
24963      INFO  main            d.u.i.k.p.r.p.TestFile    ... finished proof: closed. 
25165      INFO  main            d.u.i.k.p.i.AbstractProblemLoader Loading environment from /home/runner/work/key/key/key.core/../key.ui/examples/heap/vacid0_01_SparseArray/Harness_sparseArrayTestHarness2.key.proof 
25165      DEBUG main            d.u.i.k.p.i.AbstractProblemLoader Environment load took 389.6ns 
25175      INFO  main            d.u.i.k.p.i.AbstractProblemLoader Creating init config 
27820      DEBUG main            d.u.i.k.p.i.AbstractProblemLoader Init config took 2.65s 
27885      INFO  main            d.u.i.k.p.i.AbstractProblemLoader Replaying proof Harness[Harness::sparseArrayTestHarness2()].JML normal_behavior operation contract.0 
28921      DEBUG main            d.u.i.k.p.i.IntermediateProofReplayer Proof replay took 987.03ms 
28924      DEBUG main            d.u.i.k.p.r.p.TestFile    ... success: reloaded. 
28926      INFO  main            d.u.i.k.p.r.p.TestFile    Now processing file /home/runner/work/key/key/key.core/../key.ui/examples/heap/vacid0_01_SparseArray/MemoryAllocator_alloc_unsigned.key 
28927      INFO  main            d.u.i.k.p.i.AbstractProblemLoader Loading environment from /home/runner/work/key/key/key.core/../key.ui/examples/heap/vacid0_01_SparseArray/MemoryAllocator_alloc_unsigned.key 
28927      DEBUG main            d.u.i.k.p.i.AbstractProblemLoader Environment load took 103.8ns 
28928      INFO  main            d.u.i.k.p.i.AbstractProblemLoader Creating init config 
31697      DEBUG main            d.u.i.k.p.i.AbstractProblemLoader Init config took 2.77s 
31742      INFO  main            d.u.i.k.p.i.AbstractProblemLoader Replaying proof MemoryAllocator[MemoryAllocator::alloc_unsigned(int)].JML normal_behavior operation contract.0 
31744      DEBUG main            d.u.i.k.p.i.IntermediateProofReplayer Proof replay took 5.7ns 
32661      INFO  main            d.u.i.k.p.r.p.TestFile    ... finished proof: closed. 
32823      INFO  main            d.u.i.k.p.i.AbstractProblemLoader Loading environment from /home/runner/work/key/key/key.core/../key.ui/examples/heap/vacid0_01_SparseArray/MemoryAllocator_alloc_unsigned.key.proof 
32824      DEBUG main            d.u.i.k.p.i.AbstractProblemLoader Environment load took 542.7ns 
32828      INFO  main            d.u.i.k.p.i.AbstractProblemLoader Creating init config 
35417      DEBUG main            d.u.i.k.p.i.AbstractProblemLoader Init config took 2.59s 
35461      INFO  main            d.u.i.k.p.i.AbstractProblemLoader Replaying proof MemoryAllocator[MemoryAllocator::alloc_unsigned(int)].JML normal_behavior operation contract.0 
35670      DEBUG main            d.u.i.k.p.i.IntermediateProofReplayer Proof replay took 202.13ms 
35671      DEBUG main            d.u.i.k.p.r.p.TestFile    ... success: reloaded. 
35672      INFO  main            d.u.i.k.p.r.p.TestFile    Now processing file /home/runner/work/key/key/key.core/../key.ui/examples/heap/vacid0_01_SparseArray/MemoryAllocator_alloc.key 
35673      INFO  main            d.u.i.k.p.i.AbstractProblemLoader Loading environment from /home/runner/work/key/key/key.core/../key.ui/examples/heap/vacid0_01_SparseArray/MemoryAllocator_alloc.key 
35673      DEBUG main            d.u.i.k.p.i.AbstractProblemLoader Environment load took 189.5ns 
35674      INFO  main            d.u.i.k.p.i.AbstractProblemLoader Creating init config 
38322      DEBUG main            d.u.i.k.p.i.AbstractProblemLoader Init config took 2.65s 
38382      INFO  main            d.u.i.k.p.i.AbstractProblemLoader Replaying proof MemoryAllocator[MemoryAllocator::alloc(int)].JML normal_behavior operation contract.0 
38385      DEBUG main            d.u.i.k.p.i.IntermediateProofReplayer Proof replay took 4.4ns 
38988      INFO  main            d.u.i.k.p.r.p.TestFile    ... finished proof: closed. 
39173      INFO  main            d.u.i.k.p.i.AbstractProblemLoader Loading environment from /home/runner/work/key/key/key.core/../key.ui/examples/heap/vacid0_01_SparseArray/MemoryAllocator_alloc.key.proof 
39174      DEBUG main            d.u.i.k.p.i.AbstractProblemLoader Environment load took 392ns 
39175      INFO  main            d.u.i.k.p.i.AbstractProblemLoader Creating init config 
41725      DEBUG main            d.u.i.k.p.i.AbstractProblemLoader Init config took 2.55s 
41766      INFO  main            d.u.i.k.p.i.AbstractProblemLoader Replaying proof MemoryAllocator[MemoryAllocator::alloc(int)].JML normal_behavior operation contract.0 
41886      DEBUG main            d.u.i.k.p.i.IntermediateProofReplayer Proof replay took 114.81ms 
41887      DEBUG main            d.u.i.k.p.r.p.TestFile    ... success: reloaded. 
41888      INFO  main            d.u.i.k.p.r.p.TestFile    Now processing file /home/runner/work/key/key/key.core/../key.ui/examples/heap/vacid0_01_SparseArray/SparseArray_get_dep.key 
41889      INFO  main            d.u.i.k.p.i.AbstractProblemLoader Loading environment from /home/runner/work/key/key/key.core/../key.ui/examples/heap/vacid0_01_SparseArray/SparseArray_get_dep.key 
41889      DEBUG main            d.u.i.k.p.i.AbstractProblemLoader Environment load took 212.7ns 
41890      INFO  main            d.u.i.k.p.i.AbstractProblemLoader Creating init config 
44428      DEBUG main            d.u.i.k.p.i.AbstractProblemLoader Init config took 2.54s 
44489      INFO  main            d.u.i.k.p.i.AbstractProblemLoader Replaying proof SparseArray[SparseArray::get(int)].JML accessible clause.0 
44491      DEBUG main            d.u.i.k.p.i.IntermediateProofReplayer Proof replay took 5.1ns 
47603      INFO  main            d.u.i.k.p.r.p.TestFile    ... finished proof: closed. 
47790      INFO  main            d.u.i.k.p.i.AbstractProblemLoader Loading environment from /home/runner/work/key/key/key.core/../key.ui/examples/heap/vacid0_01_SparseArray/SparseArray_get_dep.key.proof 
47791      DEBUG main            d.u.i.k.p.i.AbstractProblemLoader Environment load took 399.9ns 
47792      INFO  main            d.u.i.k.p.i.AbstractProblemLoader Creating init config 
50347      DEBUG main            d.u.i.k.p.i.AbstractProblemLoader Init config took 2.55s 
50407      INFO  main            d.u.i.k.p.i.AbstractProblemLoader Replaying proof SparseArray[SparseArray::get(int)].JML accessible clause.0 
50750      DEBUG main            d.u.i.k.p.i.IntermediateProofReplayer Proof replay took 329.74ms 
50751      DEBUG main            d.u.i.k.p.r.p.TestFile    ... success: reloaded. 
50755      INFO  main            d.u.i.k.p.r.p.TestFile    Now processing file /home/runner/work/key/key/key.core/../key.ui/examples/heap/vacid0_01_SparseArray/SparseArray_get.key 
50755      INFO  main            d.u.i.k.p.i.AbstractProblemLoader Loading environment from /home/runner/work/key/key/key.core/../key.ui/examples/heap/vacid0_01_SparseArray/SparseArray_get.key 
50756      DEBUG main            d.u.i.k.p.i.AbstractProblemLoader Environment load took 223.3ns 
50757      INFO  main            d.u.i.k.p.i.AbstractProblemLoader Creating init config 
53339      DEBUG main            d.u.i.k.p.i.AbstractProblemLoader Init config took 2.58s 
53412      INFO  main            d.u.i.k.p.i.AbstractProblemLoader Replaying proof SparseArray[SparseArray::get(int)].JML normal_behavior operation contract.0 
53414      DEBUG main            d.u.i.k.p.i.IntermediateProofReplayer Proof replay took 5ns 
55623      INFO  main            d.u.i.k.p.r.p.TestFile    ... finished proof: closed. 
55792      INFO  main            d.u.i.k.p.i.AbstractProblemLoader Loading environment from /home/runner/work/key/key/key.core/../key.ui/examples/heap/vacid0_01_SparseArray/SparseArray_get.key.proof 
55792      DEBUG main            d.u.i.k.p.i.AbstractProblemLoader Environment load took 122.1ns 
55794      INFO  main            d.u.i.k.p.i.AbstractProblemLoader Creating init config 
58362      DEBUG main            d.u.i.k.p.i.AbstractProblemLoader Init config took 2.57s 
58420      INFO  main            d.u.i.k.p.i.AbstractProblemLoader Replaying proof SparseArray[SparseArray::get(int)].JML normal_behavior operation contract.0 
58703      DEBUG main            d.u.i.k.p.i.IntermediateProofReplayer Proof replay took 272.49ms 
58705      DEBUG main            d.u.i.k.p.r.p.TestFile    ... success: reloaded. 
58707      INFO  main            d.u.i.k.p.r.p.TestFile    Now processing file /home/runner/work/key/key/key.core/../key.ui/examples/heap/vacid0_01_SparseArray/SparseArray_inv.key 
58707      INFO  main            d.u.i.k.p.i.AbstractProblemLoader Loading environment from /home/runner/work/key/key/key.core/../key.ui/examples/heap/vacid0_01_SparseArray/SparseArray_inv.key 
58707      DEBUG main            d.u.i.k.p.i.AbstractProblemLoader Environment load took 188ns 
58708      INFO  main            d.u.i.k.p.i.AbstractProblemLoader Creating init config 
61251      DEBUG main            d.u.i.k.p.i.AbstractProblemLoader Init config took 2.54s 
61307      INFO  main            d.u.i.k.p.i.AbstractProblemLoader Replaying proof SparseArray[java.lang.Object::<inv>()].JML accessible clause.0 
61309      DEBUG main            d.u.i.k.p.i.IntermediateProofReplayer Proof replay took 5.9ns 
63226      INFO  main            d.u.i.k.p.r.p.TestFile    ... finished proof: closed. 
63391      INFO  main            d.u.i.k.p.i.AbstractProblemLoader Loading environment from /home/runner/work/key/key/key.core/../key.ui/examples/heap/vacid0_01_SparseArray/SparseArray_inv.key.proof 
63392      DEBUG main            d.u.i.k.p.i.AbstractProblemLoader Environment load took 1.12ms 
63393      INFO  main            d.u.i.k.p.i.AbstractProblemLoader Creating init config 
65870      DEBUG main            d.u.i.k.p.i.AbstractProblemLoader Init config took 2.48s 
65925      INFO  main            d.u.i.k.p.i.AbstractProblemLoader Replaying proof SparseArray[java.lang.Object::<inv>()].JML accessible clause.0 
66068      DEBUG main            d.u.i.k.p.i.IntermediateProofReplayer Proof replay took 138.71ms 
66069      DEBUG main            d.u.i.k.p.r.p.TestFile    ... success: reloaded. 
66070      INFO  main            d.u.i.k.p.r.p.TestFile    Now processing file /home/runner/work/key/key/key.core/../key.ui/examples/heap/vacid0_01_SparseArray/SparseArray_SparseArray.key 
66071      INFO  main            d.u.i.k.p.i.AbstractProblemLoader Loading environment from /home/runner/work/key/key/key.core/../key.ui/examples/heap/vacid0_01_SparseArray/SparseArray_SparseArray.key 
66071      DEBUG main            d.u.i.k.p.i.AbstractProblemLoader Environment load took 184.4ns 
66072      INFO  main            d.u.i.k.p.i.AbstractProblemLoader Creating init config 
68581      DEBUG main            d.u.i.k.p.i.AbstractProblemLoader Init config took 2.51s 
68637      INFO  main            d.u.i.k.p.i.AbstractProblemLoader Replaying proof SparseArray[SparseArray::SparseArray(int)].JML normal_behavior operation contract.0 
68638      DEBUG main            d.u.i.k.p.i.IntermediateProofReplayer Proof replay took 6.2ns 
71981      INFO  main            d.u.i.k.p.r.p.TestFile    ... finished proof: closed. 
72194      INFO  main            d.u.i.k.p.i.AbstractProblemLoader Loading environment from /home/runner/work/key/key/key.core/../key.ui/examples/heap/vacid0_01_SparseArray/SparseArray_SparseArray.key.proof 
72194      DEBUG main            d.u.i.k.p.i.AbstractProblemLoader Environment load took 385.8ns 
72196      INFO  main            d.u.i.k.p.i.AbstractProblemLoader Creating init config 
74698      DEBUG main            d.u.i.k.p.i.AbstractProblemLoader Init config took 2.5s 
74753      INFO  main            d.u.i.k.p.i.AbstractProblemLoader Replaying proof SparseArray[SparseArray::SparseArray(int)].JML normal_behavior operation contract.0 
75198      DEBUG main            d.u.i.k.p.i.IntermediateProofReplayer Proof replay took 434.21ms 
75199      DEBUG main            d.u.i.k.p.r.p.TestFile    ... success: reloaded. 
2122681    INFO  Test worker     d.u.i.k.p.r.RunAllProofsTestUnit Returning from test VACID0 
2122682    INFO  Test worker     d.u.i.k.p.r.RunAllProofsTestUnit Running test VSTTE10 
350        INFO  Timeout watchdog d.u.i.k.p.r.p.ForkedTestFileRunner Timeout watcher launched (2000 secs.) 
350        WARN  main            d.u.i.k.s.ProofSettings   The settings in /home/runner/.key/proof-settings.props are *not* read. 
383        INFO  main            d.u.i.k.p.r.p.TestFile    Now processing file /home/runner/work/key/key/key.core/../key.ui/examples/heap/vstte10_01_SumAndMax/SumAndMax_sumAndMax.key 
487        INFO  main            d.u.i.k.p.i.AbstractProblemLoader Loading environment from /home/runner/work/key/key/key.core/../key.ui/examples/heap/vstte10_01_SumAndMax/SumAndMax_sumAndMax.key 
502        DEBUG main            d.u.i.k.p.i.AbstractProblemLoader Environment load took 1.83ms 
714        INFO  main            d.u.i.k.p.i.AbstractProblemLoader Creating init config 
1585       DEBUG main            d.u.i.k.j.TypeConverter   No LDT found for Meta 
1585       DEBUG main            d.u.i.k.j.TypeConverter   No LDT found for Meta 
1589       DEBUG main            d.u.i.k.j.TypeConverter   No LDT found for Meta 
1589       DEBUG main            d.u.i.k.j.TypeConverter   No LDT found for Meta 
3253       DEBUG main            d.u.i.k.j.TypeConverter   No LDT found for JavaBigintExpression 
8242       DEBUG main            d.u.i.k.p.i.AbstractProblemLoader Init config took 7.53s 
8387       INFO  main            d.u.i.k.p.i.AbstractProblemLoader Replaying proof SumAndMax[SumAndMax::sumAndMax([I)].JML normal_behavior operation contract.0 
8422       DEBUG main            d.u.i.k.p.i.IntermediateProofReplayer Proof replay took 32.9ns 
13265      INFO  main            d.u.i.k.p.r.p.TestFile    ... finished proof: closed. 
13417      INFO  main            d.u.i.k.p.i.AbstractProblemLoader Loading environment from /home/runner/work/key/key/key.core/../key.ui/examples/heap/vstte10_01_SumAndMax/SumAndMax_sumAndMax.key.proof 
13417      DEBUG main            d.u.i.k.p.i.AbstractProblemLoader Environment load took 406.3ns 
13420      INFO  main            d.u.i.k.p.i.AbstractProblemLoader Creating init config 
16072      DEBUG main            d.u.i.k.p.i.AbstractProblemLoader Init config took 2.65s 
16142      INFO  main            d.u.i.k.p.i.AbstractProblemLoader Replaying proof SumAndMax[SumAndMax::sumAndMax([I)].JML normal_behavior operation contract.0 
16789      DEBUG main            d.u.i.k.p.i.IntermediateProofReplayer Proof replay took 624.31ms 
16797      DEBUG main            d.u.i.k.p.r.p.TestFile    ... success: reloaded. 
16799      INFO  main            d.u.i.k.p.r.p.TestFile    Now processing file /home/runner/work/key/key/key.core/../key.ui/examples/heap/vstte10_03_LinkedList/Node_cons.key 
16799      INFO  main            d.u.i.k.p.i.AbstractProblemLoader Loading environment from /home/runner/work/key/key/key.core/../key.ui/examples/heap/vstte10_03_LinkedList/Node_cons.key 
16799      DEBUG main            d.u.i.k.p.i.AbstractProblemLoader Environment load took 206.3ns 
16801      INFO  main            d.u.i.k.p.i.AbstractProblemLoader Creating init config 
19481      DEBUG main            d.u.i.k.p.i.AbstractProblemLoader Init config took 2.68s 
19544      INFO  main            d.u.i.k.p.i.AbstractProblemLoader Replaying proof Node[Node::cons(int,Node)].JML normal_behavior operation contract.0 
19547      DEBUG main            d.u.i.k.p.i.IntermediateProofReplayer Proof replay took 5ns 
21156      INFO  main            d.u.i.k.p.r.p.TestFile    ... finished proof: closed. 
21319      INFO  main            d.u.i.k.p.i.AbstractProblemLoader Loading environment from /home/runner/work/key/key/key.core/../key.ui/examples/heap/vstte10_03_LinkedList/Node_cons.key.proof 
21319      DEBUG main            d.u.i.k.p.i.AbstractProblemLoader Environment load took 391ns 
21321      INFO  main            d.u.i.k.p.i.AbstractProblemLoader Creating init config 
23843      DEBUG main            d.u.i.k.p.i.AbstractProblemLoader Init config took 2.52s 
23927      INFO  main            d.u.i.k.p.i.AbstractProblemLoader Replaying proof Node[Node::cons(int,Node)].JML normal_behavior operation contract.0 
24203      DEBUG main            d.u.i.k.p.i.IntermediateProofReplayer Proof replay took 262.93ms 
24205      DEBUG main            d.u.i.k.p.r.p.TestFile    ... success: reloaded. 
24206      INFO  main            d.u.i.k.p.r.p.TestFile    Now processing file /home/runner/work/key/key/key.core/../key.ui/examples/heap/vstte10_03_LinkedList/Node_inv.key 
24207      INFO  main            d.u.i.k.p.i.AbstractProblemLoader Loading environment from /home/runner/work/key/key/key.core/../key.ui/examples/heap/vstte10_03_LinkedList/Node_inv.key 
24207      DEBUG main            d.u.i.k.p.i.AbstractProblemLoader Environment load took 198ns 
24208      INFO  main            d.u.i.k.p.i.AbstractProblemLoader Creating init config 
26806      DEBUG main            d.u.i.k.p.i.AbstractProblemLoader Init config took 2.6s 
26863      INFO  main            d.u.i.k.p.i.AbstractProblemLoader Replaying proof Node[java.lang.Object::<inv>()].JML accessible clause.0 
26865      DEBUG main            d.u.i.k.p.i.IntermediateProofReplayer Proof replay took 14.1ns 
27167      INFO  main            d.u.i.k.p.r.p.TestFile    ... finished proof: closed. 
27384      INFO  main            d.u.i.k.p.i.AbstractProblemLoader Loading environment from /home/runner/work/key/key/key.core/../key.ui/examples/heap/vstte10_03_LinkedList/Node_inv.key.proof 
27384      DEBUG main            d.u.i.k.p.i.AbstractProblemLoader Environment load took 110ns 
27385      INFO  main            d.u.i.k.p.i.AbstractProblemLoader Creating init config 
29916      DEBUG main            d.u.i.k.p.i.AbstractProblemLoader Init config took 2.53s 
29967      INFO  main            d.u.i.k.p.i.AbstractProblemLoader Replaying proof Node[java.lang.Object::<inv>()].JML accessible clause.0 
30004      DEBUG main            d.u.i.k.p.i.IntermediateProofReplayer Proof replay took 33.53ms 
30006      DEBUG main            d.u.i.k.p.r.p.TestFile    ... success: reloaded. 
30007      INFO  main            d.u.i.k.p.r.p.TestFile    Now processing file /home/runner/work/key/key/key.core/../key.ui/examples/heap/vstte10_03_LinkedList/Node_search.key 
30007      INFO  main            d.u.i.k.p.i.AbstractProblemLoader Loading environment from /home/runner/work/key/key/key.core/../key.ui/examples/heap/vstte10_03_LinkedList/Node_search.key 
30007      DEBUG main            d.u.i.k.p.i.AbstractProblemLoader Environment load took 194.7ns 
30008      INFO  main            d.u.i.k.p.i.AbstractProblemLoader Creating init config 
32570      DEBUG main            d.u.i.k.p.i.AbstractProblemLoader Init config took 2.56s 
32620      INFO  main            d.u.i.k.p.i.AbstractProblemLoader Replaying proof Node[Node::search()].JML normal_behavior operation contract.0 
32622      DEBUG main            d.u.i.k.p.i.IntermediateProofReplayer Proof replay took 4.6ns 
38894      INFO  main            d.u.i.k.p.r.p.TestFile    ... finished proof: closed. 
39093      INFO  main            d.u.i.k.p.i.AbstractProblemLoader Loading environment from /home/runner/work/key/key/key.core/../key.ui/examples/heap/vstte10_03_LinkedList/Node_search.key.proof 
39094      DEBUG main            d.u.i.k.p.i.AbstractProblemLoader Environment load took 393.2ns 
39096      INFO  main            d.u.i.k.p.i.AbstractProblemLoader Creating init config 
41561      DEBUG main            d.u.i.k.p.i.AbstractProblemLoader Init config took 2.47s 
41609      INFO  main            d.u.i.k.p.i.AbstractProblemLoader Replaying proof Node[Node::search()].JML normal_behavior operation contract.0 
42235      DEBUG main            d.u.i.k.p.i.IntermediateProofReplayer Proof replay took 581.98ms 
42238      DEBUG main            d.u.i.k.p.r.p.TestFile    ... success: reloaded. 
42239      INFO  main            d.u.i.k.p.r.p.TestFile    Now processing file /home/runner/work/key/key/key.core/../key.ui/examples/heap/vstte10_04_Queens/Queens_isConsistent.key 
42239      INFO  main            d.u.i.k.p.i.AbstractProblemLoader Loading environment from /home/runner/work/key/key/key.core/../key.ui/examples/heap/vstte10_04_Queens/Queens_isConsistent.key 
42239      DEBUG main            d.u.i.k.p.i.AbstractProblemLoader Environment load took 187.7ns 
42240      INFO  main            d.u.i.k.p.i.AbstractProblemLoader Creating init config 
45078      DEBUG main            d.u.i.k.p.i.AbstractProblemLoader Init config took 2.84s 
45118      INFO  main            d.u.i.k.p.i.AbstractProblemLoader Replaying proof Queens[Queens::isConsistent([I,int)].JML normal_behavior operation contract.0 
45119      DEBUG main            d.u.i.k.p.i.IntermediateProofReplayer Proof replay took 4.9ns 
46827      INFO  main            d.u.i.k.p.r.p.TestFile    ... finished proof: closed. 
47019      INFO  main            d.u.i.k.p.i.AbstractProblemLoader Loading environment from /home/runner/work/key/key/key.core/../key.ui/examples/heap/vstte10_04_Queens/Queens_isConsistent.key.proof 
47020      DEBUG main            d.u.i.k.p.i.AbstractProblemLoader Environment load took 502.2ns 
47021      INFO  main            d.u.i.k.p.i.AbstractProblemLoader Creating init config 
49562      DEBUG main            d.u.i.k.p.i.AbstractProblemLoader Init config took 2.54s 
49601      INFO  main            d.u.i.k.p.i.AbstractProblemLoader Replaying proof Queens[Queens::isConsistent([I,int)].JML normal_behavior operation contract.0 
49970      DEBUG main            d.u.i.k.p.i.IntermediateProofReplayer Proof replay took 360.89ms 
49972      DEBUG main            d.u.i.k.p.r.p.TestFile    ... success: reloaded. 
49975      INFO  main            d.u.i.k.p.r.p.TestFile    Now processing file /home/runner/work/key/key/key.core/../key.ui/examples/heap/vstte10_04_Queens/Queens_nQueens.key 
49976      INFO  main            d.u.i.k.p.i.AbstractProblemLoader Loading environment from /home/runner/work/key/key/key.core/../key.ui/examples/heap/vstte10_04_Queens/Queens_nQueens.key 
49976      DEBUG main            d.u.i.k.p.i.AbstractProblemLoader Environment load took 575.5ns 
49977      INFO  main            d.u.i.k.p.i.AbstractProblemLoader Creating init config 
52584      DEBUG main            d.u.i.k.p.i.AbstractProblemLoader Init config took 2.61s 
52623      INFO  main            d.u.i.k.p.i.AbstractProblemLoader Replaying proof Queens[Queens::nQueens(int)].JML normal_behavior operation contract.0 
52625      DEBUG main            d.u.i.k.p.i.IntermediateProofReplayer Proof replay took 5.6ns 
65373      INFO  main            d.u.i.k.p.r.p.TestFile    ... finished proof: closed. 
65601      INFO  main            d.u.i.k.p.i.AbstractProblemLoader Loading environment from /home/runner/work/key/key/key.core/../key.ui/examples/heap/vstte10_04_Queens/Queens_nQueens.key.proof 
65601      DEBUG main            d.u.i.k.p.i.AbstractProblemLoader Environment load took 378.1ns 
65603      INFO  main            d.u.i.k.p.i.AbstractProblemLoader Creating init config 
68082      DEBUG main            d.u.i.k.p.i.AbstractProblemLoader Init config took 2.48s 
68128      INFO  main            d.u.i.k.p.i.AbstractProblemLoader Replaying proof Queens[Queens::nQueens(int)].JML normal_behavior operation contract.0 
69134      DEBUG main            d.u.i.k.p.i.IntermediateProofReplayer Proof replay took 989.41ms 
69135      DEBUG main            d.u.i.k.p.r.p.TestFile    ... success: reloaded. 
69136      INFO  main            d.u.i.k.p.r.p.TestFile    Now processing file /home/runner/work/key/key/key.core/../key.ui/examples/heap/vstte10_05_Queue/AmortizedQueue_AmortizedQueue.key 
69137      INFO  main            d.u.i.k.p.i.AbstractProblemLoader Loading environment from /home/runner/work/key/key/key.core/../key.ui/examples/heap/vstte10_05_Queue/AmortizedQueue_AmortizedQueue.key 
69137      DEBUG main            d.u.i.k.p.i.AbstractProblemLoader Environment load took 87.4ns 
69138      INFO  main            d.u.i.k.p.i.AbstractProblemLoader Creating init config 
71797      DEBUG main            d.u.i.k.p.i.AbstractProblemLoader Init config took 2.66s 
71840      INFO  main            d.u.i.k.p.i.AbstractProblemLoader Replaying proof AmortizedQueue[AmortizedQueue::AmortizedQueue()].JML normal_behavior operation contract.0 
71841      DEBUG main            d.u.i.k.p.i.IntermediateProofReplayer Proof replay took 5.6ns 
73248      INFO  main            d.u.i.k.p.r.p.TestFile    ... finished proof: closed. 
73449      INFO  main            d.u.i.k.p.i.AbstractProblemLoader Loading environment from /home/runner/work/key/key/key.core/../key.ui/examples/heap/vstte10_05_Queue/AmortizedQueue_AmortizedQueue.key.proof 
73449      DEBUG main            d.u.i.k.p.i.AbstractProblemLoader Environment load took 172.2ns 
73450      INFO  main            d.u.i.k.p.i.AbstractProblemLoader Creating init config 
75974      DEBUG main            d.u.i.k.p.i.AbstractProblemLoader Init config took 2.52s 
76024      INFO  main            d.u.i.k.p.i.AbstractProblemLoader Replaying proof AmortizedQueue[AmortizedQueue::AmortizedQueue()].JML normal_behavior operation contract.0 
76256      DEBUG main            d.u.i.k.p.i.IntermediateProofReplayer Proof replay took 226.31ms 
76257      DEBUG main            d.u.i.k.p.r.p.TestFile    ... success: reloaded. 
76258      INFO  main            d.u.i.k.p.r.p.TestFile    Now processing file /home/runner/work/key/key/key.core/../key.ui/examples/heap/vstte10_05_Queue/AmortizedQueue_front.key 
76258      INFO  main            d.u.i.k.p.i.AbstractProblemLoader Loading environment from /home/runner/work/key/key/key.core/../key.ui/examples/heap/vstte10_05_Queue/AmortizedQueue_front.key 
76258      DEBUG main            d.u.i.k.p.i.AbstractProblemLoader Environment load took 90.7ns 
76259      INFO  main            d.u.i.k.p.i.AbstractProblemLoader Creating init config 
78816      DEBUG main            d.u.i.k.p.i.AbstractProblemLoader Init config took 2.56s 
78858      INFO  main            d.u.i.k.p.i.AbstractProblemLoader Replaying proof AmortizedQueue[AmortizedQueue::front()].JML normal_behavior operation contract.0 
78860      DEBUG main            d.u.i.k.p.i.IntermediateProofReplayer Proof replay took 5.2ns 
79384      INFO  main            d.u.i.k.p.r.p.TestFile    ... finished proof: closed. 
79556      INFO  main            d.u.i.k.p.i.AbstractProblemLoader Loading environment from /home/runner/work/key/key/key.core/../key.ui/examples/heap/vstte10_05_Queue/AmortizedQueue_front.key.proof 
79556      DEBUG main            d.u.i.k.p.i.AbstractProblemLoader Environment load took 107.8ns 
79557      INFO  main            d.u.i.k.p.i.AbstractProblemLoader Creating init config 
82039      DEBUG main            d.u.i.k.p.i.AbstractProblemLoader Init config took 2.48s 
82080      INFO  main            d.u.i.k.p.i.AbstractProblemLoader Replaying proof AmortizedQueue[AmortizedQueue::front()].JML normal_behavior operation contract.0 
82130      DEBUG main            d.u.i.k.p.i.IntermediateProofReplayer Proof replay took 47.91ms 
82132      DEBUG main            d.u.i.k.p.r.p.TestFile    ... success: reloaded. 
82133      INFO  main            d.u.i.k.p.r.p.TestFile    Now processing file /home/runner/work/key/key/key.core/../key.ui/examples/heap/vstte10_05_Queue/LinkedList_concat.key 
82133      INFO  main            d.u.i.k.p.i.AbstractProblemLoader Loading environment from /home/runner/work/key/key/key.core/../key.ui/examples/heap/vstte10_05_Queue/LinkedList_concat.key 
82133      DEBUG main            d.u.i.k.p.i.AbstractProblemLoader Environment load took 191.6ns 
82143      INFO  main            d.u.i.k.p.i.AbstractProblemLoader Creating init config 
84709      DEBUG main            d.u.i.k.p.i.AbstractProblemLoader Init config took 2.57s 
84752      INFO  main            d.u.i.k.p.i.AbstractProblemLoader Replaying proof LinkedList[LinkedList::concat(LinkedList)].JML normal_behavior operation contract.0 
84754      DEBUG main            d.u.i.k.p.i.IntermediateProofReplayer Proof replay took 4.6ns 
93198      INFO  main            d.u.i.k.p.r.p.TestFile    ... finished proof: closed. 
93445      INFO  main            d.u.i.k.p.i.AbstractProblemLoader Loading environment from /home/runner/work/key/key/key.core/../key.ui/examples/heap/vstte10_05_Queue/LinkedList_concat.key.proof 
93445      DEBUG main            d.u.i.k.p.i.AbstractProblemLoader Environment load took 179.9ns 
93447      INFO  main            d.u.i.k.p.i.AbstractProblemLoader Creating init config 
95926      DEBUG main            d.u.i.k.p.i.AbstractProblemLoader Init config took 2.48s 
95970      INFO  main            d.u.i.k.p.i.AbstractProblemLoader Replaying proof LinkedList[LinkedList::concat(LinkedList)].JML normal_behavior operation contract.0 
96748      DEBUG main            d.u.i.k.p.i.IntermediateProofReplayer Proof replay took 737.51ms 
96750      DEBUG main            d.u.i.k.p.r.p.TestFile    ... success: reloaded. 
96751      INFO  main            d.u.i.k.p.r.p.TestFile    Now processing file /home/runner/work/key/key/key.core/../key.ui/examples/heap/vstte10_05_Queue/LinkedList_cons.key 
96751      INFO  main            d.u.i.k.p.i.AbstractProblemLoader Loading environment from /home/runner/work/key/key/key.core/../key.ui/examples/heap/vstte10_05_Queue/LinkedList_cons.key 
96752      DEBUG main            d.u.i.k.p.i.AbstractProblemLoader Environment load took 196.1ns 
96753      INFO  main            d.u.i.k.p.i.AbstractProblemLoader Creating init config 
99296      DEBUG main            d.u.i.k.p.i.AbstractProblemLoader Init config took 2.54s 
99339      INFO  main            d.u.i.k.p.i.AbstractProblemLoader Replaying proof LinkedList[LinkedList::cons(int)].JML normal_behavior operation contract.0 
99340      DEBUG main            d.u.i.k.p.i.IntermediateProofReplayer Proof replay took 5.4ns 
101649     INFO  main            d.u.i.k.p.r.p.TestFile    ... finished proof: closed. 
101883     INFO  main            d.u.i.k.p.i.AbstractProblemLoader Loading environment from /home/runner/work/key/key/key.core/../key.ui/examples/heap/vstte10_05_Queue/LinkedList_cons.key.proof 
101884     DEBUG main            d.u.i.k.p.i.AbstractProblemLoader Environment load took 792ns 
101887     INFO  main            d.u.i.k.p.i.AbstractProblemLoader Creating init config 
104365     DEBUG main            d.u.i.k.p.i.AbstractProblemLoader Init config took 2.48s 
104408     INFO  main            d.u.i.k.p.i.AbstractProblemLoader Replaying proof LinkedList[LinkedList::cons(int)].JML normal_behavior operation contract.0 
104683     DEBUG main            d.u.i.k.p.i.IntermediateProofReplayer Proof replay took 264.68ms 
104684     DEBUG main            d.u.i.k.p.r.p.TestFile    ... success: reloaded. 
104685     INFO  main            d.u.i.k.p.r.p.TestFile    Now processing file /home/runner/work/key/key/key.core/../key.ui/examples/heap/vstte10_05_Queue/LinkedList_head.key 
104685     INFO  main            d.u.i.k.p.i.AbstractProblemLoader Loading environment from /home/runner/work/key/key/key.core/../key.ui/examples/heap/vstte10_05_Queue/LinkedList_head.key 
104685     DEBUG main            d.u.i.k.p.i.AbstractProblemLoader Environment load took 54.9ns 
104686     INFO  main            d.u.i.k.p.i.AbstractProblemLoader Creating init config 
107278     DEBUG main            d.u.i.k.p.i.AbstractProblemLoader Init config took 2.59s 
107336     INFO  main            d.u.i.k.p.i.AbstractProblemLoader Replaying proof LinkedList[LinkedList::head()].JML normal_behavior operation contract.0 
107338     DEBUG main            d.u.i.k.p.i.IntermediateProofReplayer Proof replay took 5.7ns 
107439     INFO  main            d.u.i.k.p.r.p.TestFile    ... finished proof: closed. 
107636     INFO  main            d.u.i.k.p.i.AbstractProblemLoader Loading environment from /home/runner/work/key/key/key.core/../key.ui/examples/heap/vstte10_05_Queue/LinkedList_head.key.proof 
107636     DEBUG main            d.u.i.k.p.i.AbstractProblemLoader Environment load took 104.7ns 
107637     INFO  main            d.u.i.k.p.i.AbstractProblemLoader Creating init config 
110158     DEBUG main            d.u.i.k.p.i.AbstractProblemLoader Init config took 2.52s 
110201     INFO  main            d.u.i.k.p.i.AbstractProblemLoader Replaying proof LinkedList[LinkedList::head()].JML normal_behavior operation contract.0 
110215     DEBUG main            d.u.i.k.p.i.IntermediateProofReplayer Proof replay took 12.54ms 
110217     DEBUG main            d.u.i.k.p.r.p.TestFile    ... success: reloaded. 
110218     INFO  main            d.u.i.k.p.r.p.TestFile    Now processing file /home/runner/work/key/key/key.core/../key.ui/examples/heap/vstte10_05_Queue/LinkedList_inv.key 
110218     INFO  main            d.u.i.k.p.i.AbstractProblemLoader Loading environment from /home/runner/work/key/key/key.core/../key.ui/examples/heap/vstte10_05_Queue/LinkedList_inv.key 
110218     DEBUG main            d.u.i.k.p.i.AbstractProblemLoader Environment load took 91.3ns 
110219     INFO  main            d.u.i.k.p.i.AbstractProblemLoader Creating init config 
112816     DEBUG main            d.u.i.k.p.i.AbstractProblemLoader Init config took 2.6s 
112857     INFO  main            d.u.i.k.p.i.AbstractProblemLoader Replaying proof LinkedList[java.lang.Object::<inv>()].JML accessible clause.0 
112859     DEBUG main            d.u.i.k.p.i.IntermediateProofReplayer Proof replay took 5.6ns 
113161     INFO  main            d.u.i.k.p.r.p.TestFile    ... finished proof: closed. 
113367     INFO  main            d.u.i.k.p.i.AbstractProblemLoader Loading environment from /home/runner/work/key/key/key.core/../key.ui/examples/heap/vstte10_05_Queue/LinkedList_inv.key.proof 
113367     DEBUG main            d.u.i.k.p.i.AbstractProblemLoader Environment load took 107.6ns 
113369     INFO  main            d.u.i.k.p.i.AbstractProblemLoader Creating init config 
115828     DEBUG main            d.u.i.k.p.i.AbstractProblemLoader Init config took 2.46s 
115868     INFO  main            d.u.i.k.p.i.AbstractProblemLoader Replaying proof LinkedList[java.lang.Object::<inv>()].JML accessible clause.0 
115909     DEBUG main            d.u.i.k.p.i.IntermediateProofReplayer Proof replay took 38.25ms 
115910     DEBUG main            d.u.i.k.p.r.p.TestFile    ... success: reloaded. 
115911     INFO  main            d.u.i.k.p.r.p.TestFile    Now processing file /home/runner/work/key/key/key.core/../key.ui/examples/heap/vstte10_05_Queue/LinkedList_length.key 
115911     INFO  main            d.u.i.k.p.i.AbstractProblemLoader Loading environment from /home/runner/work/key/key/key.core/../key.ui/examples/heap/vstte10_05_Queue/LinkedList_length.key 
115911     DEBUG main            d.u.i.k.p.i.AbstractProblemLoader Environment load took 105ns 
115912     INFO  main            d.u.i.k.p.i.AbstractProblemLoader Creating init config 
118420     DEBUG main            d.u.i.k.p.i.AbstractProblemLoader Init config took 2.51s 
118462     INFO  main            d.u.i.k.p.i.AbstractProblemLoader Replaying proof LinkedList[LinkedList::length()].JML normal_behavior operation contract.0 
118464     DEBUG main            d.u.i.k.p.i.IntermediateProofReplayer Proof replay took 5.3ns 
118566     INFO  main            d.u.i.k.p.r.p.TestFile    ... finished proof: closed. 
118765     INFO  main            d.u.i.k.p.i.AbstractProblemLoader Loading environment from /home/runner/work/key/key/key.core/../key.ui/examples/heap/vstte10_05_Queue/LinkedList_length.key.proof 
118765     DEBUG main            d.u.i.k.p.i.AbstractProblemLoader Environment load took 102.2ns 
118766     INFO  main            d.u.i.k.p.i.AbstractProblemLoader Creating init config 
121202     DEBUG main            d.u.i.k.p.i.AbstractProblemLoader Init config took 2.44s 
121243     INFO  main            d.u.i.k.p.i.AbstractProblemLoader Replaying proof LinkedList[LinkedList::length()].JML normal_behavior operation contract.0 
121256     DEBUG main            d.u.i.k.p.i.IntermediateProofReplayer Proof replay took 11.55ms 
121257     DEBUG main            d.u.i.k.p.r.p.TestFile    ... success: reloaded. 
121258     INFO  main            d.u.i.k.p.r.p.TestFile    Now processing file /home/runner/work/key/key/key.core/../key.ui/examples/heap/vstte10_05_Queue/LinkedList_LinkedList1.key 
121258     INFO  main            d.u.i.k.p.i.AbstractProblemLoader Loading environment from /home/runner/work/key/key/key.core/../key.ui/examples/heap/vstte10_05_Queue/LinkedList_LinkedList1.key 
121258     DEBUG main            d.u.i.k.p.i.AbstractProblemLoader Environment load took 80.3ns 
121259     INFO  main            d.u.i.k.p.i.AbstractProblemLoader Creating init config 
123785     DEBUG main            d.u.i.k.p.i.AbstractProblemLoader Init config took 2.53s 
123842     INFO  main            d.u.i.k.p.i.AbstractProblemLoader Replaying proof LinkedList[LinkedList::LinkedList(int,LinkedList)].JML normal_behavior operation contract.0 
123843     DEBUG main            d.u.i.k.p.i.IntermediateProofReplayer Proof replay took 5.7ns 
125682     INFO  main            d.u.i.k.p.r.p.TestFile    ... finished proof: closed. 
125897     INFO  main            d.u.i.k.p.i.AbstractProblemLoader Loading environment from /home/runner/work/key/key/key.core/../key.ui/examples/heap/vstte10_05_Queue/LinkedList_LinkedList1.key.proof 
125897     DEBUG main            d.u.i.k.p.i.AbstractProblemLoader Environment load took 108.4ns 
125898     INFO  main            d.u.i.k.p.i.AbstractProblemLoader Creating init config 
128346     DEBUG main            d.u.i.k.p.i.AbstractProblemLoader Init config took 2.45s 
128387     INFO  main            d.u.i.k.p.i.AbstractProblemLoader Replaying proof LinkedList[LinkedList::LinkedList(int,LinkedList)].JML normal_behavior operation contract.0 
128624     DEBUG main            d.u.i.k.p.i.IntermediateProofReplayer Proof replay took 230.9ms 
128625     DEBUG main            d.u.i.k.p.r.p.TestFile    ... success: reloaded. 
128626     INFO  main            d.u.i.k.p.r.p.TestFile    Now processing file /home/runner/work/key/key/key.core/../key.ui/examples/heap/vstte10_05_Queue/LinkedList_LinkedList2.key 
128626     INFO  main            d.u.i.k.p.i.AbstractProblemLoader Loading environment from /home/runner/work/key/key/key.core/../key.ui/examples/heap/vstte10_05_Queue/LinkedList_LinkedList2.key 
128626     DEBUG main            d.u.i.k.p.i.AbstractProblemLoader Environment load took 92.9ns 
128627     INFO  main            d.u.i.k.p.i.AbstractProblemLoader Creating init config 
131183     DEBUG main            d.u.i.k.p.i.AbstractProblemLoader Init config took 2.56s 
131226     INFO  main            d.u.i.k.p.i.AbstractProblemLoader Replaying proof LinkedList[LinkedList::LinkedList(int,LinkedList)].JML normal_behavior operation contract.0 
131229     DEBUG main            d.u.i.k.p.i.IntermediateProofReplayer Proof replay took 5.1ns 
133041     INFO  main            d.u.i.k.p.r.p.TestFile    ... finished proof: closed. 
133280     INFO  main            d.u.i.k.p.i.AbstractProblemLoader Loading environment from /home/runner/work/key/key/key.core/../key.ui/examples/heap/vstte10_05_Queue/LinkedList_LinkedList2.key.proof 
133282     DEBUG main            d.u.i.k.p.i.AbstractProblemLoader Environment load took 2.38ms 
133283     INFO  main            d.u.i.k.p.i.AbstractProblemLoader Creating init config 
135738     DEBUG main            d.u.i.k.p.i.AbstractProblemLoader Init config took 2.45s 
135787     INFO  main            d.u.i.k.p.i.AbstractProblemLoader Replaying proof LinkedList[LinkedList::LinkedList(int,LinkedList)].JML normal_behavior operation contract.0 
136022     DEBUG main            d.u.i.k.p.i.IntermediateProofReplayer Proof replay took 228.77ms 
136023     DEBUG main            d.u.i.k.p.r.p.TestFile    ... success: reloaded. 
136024     INFO  main            d.u.i.k.p.r.p.TestFile    Now processing file /home/runner/work/key/key/key.core/../key.ui/examples/heap/vstte10_05_Queue/LinkedList_LinkedList3.key 
136024     INFO  main            d.u.i.k.p.i.AbstractProblemLoader Loading environment from /home/runner/work/key/key/key.core/../key.ui/examples/heap/vstte10_05_Queue/LinkedList_LinkedList3.key 
136024     DEBUG main            d.u.i.k.p.i.AbstractProblemLoader Environment load took 55ns 
136025     INFO  main            d.u.i.k.p.i.AbstractProblemLoader Creating init config 
138532     DEBUG main            d.u.i.k.p.i.AbstractProblemLoader Init config took 2.51s 
138591     INFO  main            d.u.i.k.p.i.AbstractProblemLoader Replaying proof LinkedList[LinkedList::LinkedList(int,LinkedList)].JML normal_behavior operation contract.0 
138593     DEBUG main            d.u.i.k.p.i.IntermediateProofReplayer Proof replay took 5.3ns 
151168     INFO  main            d.u.i.k.p.r.p.TestFile    ... finished proof: closed. 
151475     INFO  main            d.u.i.k.p.i.AbstractProblemLoader Loading environment from /home/runner/work/key/key/key.core/../key.ui/examples/heap/vstte10_05_Queue/LinkedList_LinkedList3.key.proof 
151475     DEBUG main            d.u.i.k.p.i.AbstractProblemLoader Environment load took 392ns 
151480     INFO  main            d.u.i.k.p.i.AbstractProblemLoader Creating init config 
153916     DEBUG main            d.u.i.k.p.i.AbstractProblemLoader Init config took 2.44s 
153958     INFO  main            d.u.i.k.p.i.AbstractProblemLoader Replaying proof LinkedList[LinkedList::LinkedList(int,LinkedList)].JML normal_behavior operation contract.0 
155089     DEBUG main            d.u.i.k.p.i.IntermediateProofReplayer Proof replay took 1.05s 
155094     DEBUG main            d.u.i.k.p.r.p.TestFile    ... success: reloaded. 
155095     INFO  main            d.u.i.k.p.r.p.TestFile    Now processing file /home/runner/work/key/key/key.core/../key.ui/examples/heap/vstte10_05_Queue/LinkedList_reverse.key 
155096     INFO  main            d.u.i.k.p.i.AbstractProblemLoader Loading environment from /home/runner/work/key/key/key.core/../key.ui/examples/heap/vstte10_05_Queue/LinkedList_reverse.key 
155096     DEBUG main            d.u.i.k.p.i.AbstractProblemLoader Environment load took 205.1ns 
155097     INFO  main            d.u.i.k.p.i.AbstractProblemLoader Creating init config 
157715     DEBUG main            d.u.i.k.p.i.AbstractProblemLoader Init config took 2.62s 
157757     INFO  main            d.u.i.k.p.i.AbstractProblemLoader Replaying proof LinkedList[LinkedList::reverse()].JML normal_behavior operation contract.0 
157758     DEBUG main            d.u.i.k.p.i.IntermediateProofReplayer Proof replay took 5.4ns 
166732     INFO  main            d.u.i.k.p.r.p.TestFile    ... finished proof: closed. 
167017     INFO  main            d.u.i.k.p.i.AbstractProblemLoader Loading environment from /home/runner/work/key/key/key.core/../key.ui/examples/heap/vstte10_05_Queue/LinkedList_reverse.key.proof 
167017     DEBUG main            d.u.i.k.p.i.AbstractProblemLoader Environment load took 475.1ns 
167020     INFO  main            d.u.i.k.p.i.AbstractProblemLoader Creating init config 
169462     DEBUG main            d.u.i.k.p.i.AbstractProblemLoader Init config took 2.44s 
169510     INFO  main            d.u.i.k.p.i.AbstractProblemLoader Replaying proof LinkedList[LinkedList::reverse()].JML normal_behavior operation contract.0 
170234     DEBUG main            d.u.i.k.p.i.IntermediateProofReplayer Proof replay took 697.73ms 
170236     DEBUG main            d.u.i.k.p.r.p.TestFile    ... success: reloaded. 
170237     INFO  main            d.u.i.k.p.r.p.TestFile    Now processing file /home/runner/work/key/key/key.core/../key.ui/examples/heap/vstte10_05_Queue/LinkedList_tail.key 
170237     INFO  main            d.u.i.k.p.i.AbstractProblemLoader Loading environment from /home/runner/work/key/key/key.core/../key.ui/examples/heap/vstte10_05_Queue/LinkedList_tail.key 
170238     DEBUG main            d.u.i.k.p.i.AbstractProblemLoader Environment load took 69.4ns 
170238     INFO  main            d.u.i.k.p.i.AbstractProblemLoader Creating init config 
172750     DEBUG main            d.u.i.k.p.i.AbstractProblemLoader Init config took 2.51s 
172791     INFO  main            d.u.i.k.p.i.AbstractProblemLoader Replaying proof LinkedList[LinkedList::tail()].JML normal_behavior operation contract.0 
172792     DEBUG main            d.u.i.k.p.i.IntermediateProofReplayer Proof replay took 40.8ns 
173295     INFO  main            d.u.i.k.p.r.p.TestFile    ... finished proof: closed. 
173525     INFO  main            d.u.i.k.p.i.AbstractProblemLoader Loading environment from /home/runner/work/key/key/key.core/../key.ui/examples/heap/vstte10_05_Queue/LinkedList_tail.key.proof 
173525     DEBUG main            d.u.i.k.p.i.AbstractProblemLoader Environment load took 94ns 
173526     INFO  main            d.u.i.k.p.i.AbstractProblemLoader Creating init config 
175952     DEBUG main            d.u.i.k.p.i.AbstractProblemLoader Init config took 2.43s 
175993     INFO  main            d.u.i.k.p.i.AbstractProblemLoader Replaying proof LinkedList[LinkedList::tail()].JML normal_behavior operation contract.0 
176083     DEBUG main            d.u.i.k.p.i.IntermediateProofReplayer Proof replay took 87.19ms 
176084     DEBUG main            d.u.i.k.p.r.p.TestFile    ... success: reloaded. 
2298921    INFO  Test worker     d.u.i.k.p.r.RunAllProofsTestUnit Returning from test VSTTE10 
2298921    INFO  Test worker     d.u.i.k.p.r.RunAllProofsTestUnit Running test WeideEtAl 
373        INFO  Timeout watchdog d.u.i.k.p.r.p.ForkedTestFileRunner Timeout watcher launched (2000 secs.) 
390        WARN  main            d.u.i.k.s.ProofSettings   The settings in /home/runner/.key/proof-settings.props are *not* read. 
422        INFO  main            d.u.i.k.p.r.p.TestFile    Now processing file /home/runner/work/key/key/key.core/../key.ui/examples/heap/WeideEtAl_01_AddAndMultiply/AddAndMultiply_add.key 
525        INFO  main            d.u.i.k.p.i.AbstractProblemLoader Loading environment from /home/runner/work/key/key/key.core/../key.ui/examples/heap/WeideEtAl_01_AddAndMultiply/AddAndMultiply_add.key 
552        DEBUG main            d.u.i.k.p.i.AbstractProblemLoader Environment load took 1.83ms 
763        INFO  main            d.u.i.k.p.i.AbstractProblemLoader Creating init config 
1615       DEBUG main            d.u.i.k.j.TypeConverter   No LDT found for Meta 
1615       DEBUG main            d.u.i.k.j.TypeConverter   No LDT found for Meta 
1617       DEBUG main            d.u.i.k.j.TypeConverter   No LDT found for Meta 
1617       DEBUG main            d.u.i.k.j.TypeConverter   No LDT found for Meta 
2802       DEBUG main            d.u.i.k.j.TypeConverter   No LDT found for JavaBigintExpression 
7894       DEBUG main            d.u.i.k.p.i.AbstractProblemLoader Init config took 7.13s 
8055       INFO  main            d.u.i.k.p.i.AbstractProblemLoader Replaying proof AddAndMultiply[AddAndMultiply::add(int,int)].JML normal_behavior operation contract.0 
8085       DEBUG main            d.u.i.k.p.i.IntermediateProofReplayer Proof replay took 34.2ns 
9819       INFO  main            d.u.i.k.p.r.p.TestFile    ... finished proof: closed. 
9968       INFO  main            d.u.i.k.p.i.AbstractProblemLoader Loading environment from /home/runner/work/key/key/key.core/../key.ui/examples/heap/WeideEtAl_01_AddAndMultiply/AddAndMultiply_add.key.proof 
9975       DEBUG main            d.u.i.k.p.i.AbstractProblemLoader Environment load took 6.86ms 
9977       INFO  main            d.u.i.k.p.i.AbstractProblemLoader Creating init config 
12807      DEBUG main            d.u.i.k.p.i.AbstractProblemLoader Init config took 2.83s 
12867      INFO  main            d.u.i.k.p.i.AbstractProblemLoader Replaying proof AddAndMultiply[AddAndMultiply::add(int,int)].JML normal_behavior operation contract.0 
13184      DEBUG main            d.u.i.k.p.i.IntermediateProofReplayer Proof replay took 296.07ms 
13191      DEBUG main            d.u.i.k.p.r.p.TestFile    ... success: reloaded. 
13195      INFO  main            d.u.i.k.p.r.p.TestFile    Now processing file /home/runner/work/key/key/key.core/../key.ui/examples/heap/WeideEtAl_01_AddAndMultiply/AddAndMultiply_mul.key 
13195      INFO  main            d.u.i.k.p.i.AbstractProblemLoader Loading environment from /home/runner/work/key/key/key.core/../key.ui/examples/heap/WeideEtAl_01_AddAndMultiply/AddAndMultiply_mul.key 
13195      DEBUG main            d.u.i.k.p.i.AbstractProblemLoader Environment load took 235.8ns 
13198      INFO  main            d.u.i.k.p.i.AbstractProblemLoader Creating init config 
15907      DEBUG main            d.u.i.k.p.i.AbstractProblemLoader Init config took 2.71s 
15962      INFO  main            d.u.i.k.p.i.AbstractProblemLoader Replaying proof AddAndMultiply[AddAndMultiply::mul(int,int)].JML normal_behavior operation contract.0 
15965      DEBUG main            d.u.i.k.p.i.IntermediateProofReplayer Proof replay took 5.6ns 
16469      INFO  main            d.u.i.k.p.r.p.TestFile    ... finished proof: closed. 
16607      INFO  main            d.u.i.k.p.i.AbstractProblemLoader Loading environment from /home/runner/work/key/key/key.core/../key.ui/examples/heap/WeideEtAl_01_AddAndMultiply/AddAndMultiply_mul.key.proof 
16608      DEBUG main            d.u.i.k.p.i.AbstractProblemLoader Environment load took 863.1ns 
16611      INFO  main            d.u.i.k.p.i.AbstractProblemLoader Creating init config 
19190      DEBUG main            d.u.i.k.p.i.AbstractProblemLoader Init config took 2.58s 
19236      INFO  main            d.u.i.k.p.i.AbstractProblemLoader Replaying proof AddAndMultiply[AddAndMultiply::mul(int,int)].JML normal_behavior operation contract.0 
19338      DEBUG main            d.u.i.k.p.i.IntermediateProofReplayer Proof replay took 97.86ms 
19340      DEBUG main            d.u.i.k.p.r.p.TestFile    ... success: reloaded. 
19341      INFO  main            d.u.i.k.p.r.p.TestFile    Now processing file /home/runner/work/key/key/key.core/../key.ui/examples/heap/WeideEtAl_02_BinarySearch/BinarySearch_search.key 
19341      INFO  main            d.u.i.k.p.i.AbstractProblemLoader Loading environment from /home/runner/work/key/key/key.core/../key.ui/examples/heap/WeideEtAl_02_BinarySearch/BinarySearch_search.key 
19342      DEBUG main            d.u.i.k.p.i.AbstractProblemLoader Environment load took 192.1ns 
19343      INFO  main            d.u.i.k.p.i.AbstractProblemLoader Creating init config 
21968      DEBUG main            d.u.i.k.p.i.AbstractProblemLoader Init config took 2.63s 
22013      INFO  main            d.u.i.k.p.i.AbstractProblemLoader Replaying proof BinarySearch[BinarySearch::search([I,int)].JML normal_behavior operation contract.0 
22016      DEBUG main            d.u.i.k.p.i.IntermediateProofReplayer Proof replay took 5.8ns 
25251      INFO  main            d.u.i.k.p.r.p.TestFile    ... finished proof: closed. 
25416      INFO  main            d.u.i.k.p.i.AbstractProblemLoader Loading environment from /home/runner/work/key/key/key.core/../key.ui/examples/heap/WeideEtAl_02_BinarySearch/BinarySearch_search.key.proof 
25419      DEBUG main            d.u.i.k.p.i.AbstractProblemLoader Environment load took 3.24ms 
25423      INFO  main            d.u.i.k.p.i.AbstractProblemLoader Creating init config 
28019      DEBUG main            d.u.i.k.p.i.AbstractProblemLoader Init config took 2.6s 
28062      INFO  main            d.u.i.k.p.i.AbstractProblemLoader Replaying proof BinarySearch[BinarySearch::search([I,int)].JML normal_behavior operation contract.0 
28591      DEBUG main            d.u.i.k.p.i.IntermediateProofReplayer Proof replay took 510.29ms 
28595      DEBUG main            d.u.i.k.p.r.p.TestFile    ... success: reloaded. 
2327676    INFO  Test worker     d.u.i.k.p.r.RunAllProofsTestUnit Returning from test WeideEtAl 
2327677    INFO  Test worker     d.u.i.k.p.r.RunAllProofsTestUnit Running test arithmetic 
331        INFO  Timeout watchdog d.u.i.k.p.r.p.ForkedTestFileRunner Timeout watcher launched (2000 secs.) 
345        WARN  main            d.u.i.k.s.ProofSettings   The settings in /home/runner/.key/proof-settings.props are *not* read. 
396        INFO  main            d.u.i.k.p.r.p.TestFile    Now processing file /home/runner/work/key/key/key.core/../key.ui/examples/standard_key/arith/binomial1.key 
563        INFO  main            d.u.i.k.p.i.AbstractProblemLoader Loading environment from /home/runner/work/key/key/key.core/../key.ui/examples/standard_key/arith/binomial1.key 
587        DEBUG main            d.u.i.k.p.i.AbstractProblemLoader Environment load took 2.15ms 
809        INFO  main            d.u.i.k.p.i.AbstractProblemLoader Creating init config 
1643       DEBUG main            d.u.i.k.j.TypeConverter   No LDT found for Meta 
1643       DEBUG main            d.u.i.k.j.TypeConverter   No LDT found for Meta 
1644       DEBUG main            d.u.i.k.j.TypeConverter   No LDT found for Meta 
1644       DEBUG main            d.u.i.k.j.TypeConverter   No LDT found for Meta 
2857       DEBUG main            d.u.i.k.j.TypeConverter   No LDT found for JavaBigintExpression 
7370       DEBUG main            d.u.i.k.p.i.AbstractProblemLoader Init config took 6.56s 
7449       INFO  main            d.u.i.k.p.i.AbstractProblemLoader Replaying proof binomial1.key 
7485       DEBUG main            d.u.i.k.p.i.IntermediateProofReplayer Proof replay took 32.1ns 
7744       INFO  main            d.u.i.k.p.r.p.TestFile    ... finished proof: closed. 
7834       INFO  main            d.u.i.k.p.i.AbstractProblemLoader Loading environment from /home/runner/work/key/key/key.core/../key.ui/examples/standard_key/arith/binomial1.key.proof 
7834       DEBUG main            d.u.i.k.p.i.AbstractProblemLoader Environment load took 421.8ns 
7838       INFO  main            d.u.i.k.p.i.AbstractProblemLoader Creating init config 
10445      DEBUG main            d.u.i.k.p.i.AbstractProblemLoader Init config took 2.61s 
10481      INFO  main            d.u.i.k.p.i.AbstractProblemLoader Replaying proof binomial1.key.proof 
10503      DEBUG main            d.u.i.k.p.i.IntermediateProofReplayer Proof replay took 17.93ms 
10519      DEBUG main            d.u.i.k.p.r.p.TestFile    ... success: reloaded. 
10522      INFO  main            d.u.i.k.p.r.p.TestFile    Now processing file /home/runner/work/key/key/key.core/../key.ui/examples/standard_key/arith/binomial2.key 
10522      INFO  main            d.u.i.k.p.i.AbstractProblemLoader Loading environment from /home/runner/work/key/key/key.core/../key.ui/examples/standard_key/arith/binomial2.key 
10522      DEBUG main            d.u.i.k.p.i.AbstractProblemLoader Environment load took 80.6ns 
10526      INFO  main            d.u.i.k.p.i.AbstractProblemLoader Creating init config 
13002      DEBUG main            d.u.i.k.p.i.AbstractProblemLoader Init config took 2.48s 
13030      INFO  main            d.u.i.k.p.i.AbstractProblemLoader Replaying proof binomial2.key 
13035      DEBUG main            d.u.i.k.p.i.IntermediateProofReplayer Proof replay took 6.4ns 
13139      INFO  main            d.u.i.k.p.r.p.TestFile    ... finished proof: closed. 
13262      INFO  main            d.u.i.k.p.i.AbstractProblemLoader Loading environment from /home/runner/work/key/key/key.core/../key.ui/examples/standard_key/arith/binomial2.key.proof 
13262      DEBUG main            d.u.i.k.p.i.AbstractProblemLoader Environment load took 152.1ns 
13263      INFO  main            d.u.i.k.p.i.AbstractProblemLoader Creating init config 
15709      DEBUG main            d.u.i.k.p.i.AbstractProblemLoader Init config took 2.45s 
15731      INFO  main            d.u.i.k.p.i.AbstractProblemLoader Replaying proof binomial2.key.proof 
15743      DEBUG main            d.u.i.k.p.i.IntermediateProofReplayer Proof replay took 9.7ms 
15744      DEBUG main            d.u.i.k.p.r.p.TestFile    ... success: reloaded. 
15745      INFO  main            d.u.i.k.p.r.p.TestFile    Now processing file /home/runner/work/key/key/key.core/../key.ui/examples/standard_key/arith/check_jdiv.key 
15746      INFO  main            d.u.i.k.p.i.AbstractProblemLoader Loading environment from /home/runner/work/key/key/key.core/../key.ui/examples/standard_key/arith/check_jdiv.key 
15746      DEBUG main            d.u.i.k.p.i.AbstractProblemLoader Environment load took 87.1ns 
15747      INFO  main            d.u.i.k.p.i.AbstractProblemLoader Creating init config 
18139      DEBUG main            d.u.i.k.p.i.AbstractProblemLoader Init config took 2.39s 
18159      INFO  main            d.u.i.k.p.i.AbstractProblemLoader Replaying proof check_jdiv.key 
18163      DEBUG main            d.u.i.k.p.i.IntermediateProofReplayer Proof replay took 6.7ns 
23133      INFO  main            d.u.i.k.p.r.p.TestFile    ... finished proof: closed. 
23321      INFO  main            d.u.i.k.p.i.AbstractProblemLoader Loading environment from /home/runner/work/key/key/key.core/../key.ui/examples/standard_key/arith/check_jdiv.key.proof 
23322      DEBUG main            d.u.i.k.p.i.AbstractProblemLoader Environment load took 416.2ns 
23324      INFO  main            d.u.i.k.p.i.AbstractProblemLoader Creating init config 
25714      DEBUG main            d.u.i.k.p.i.AbstractProblemLoader Init config took 2.39s 
25735      INFO  main            d.u.i.k.p.i.AbstractProblemLoader Replaying proof check_jdiv.key.proof 
26054      DEBUG main            d.u.i.k.p.i.IntermediateProofReplayer Proof replay took 274.97ms 
26056      DEBUG main            d.u.i.k.p.r.p.TestFile    ... success: reloaded. 
26058      INFO  main            d.u.i.k.p.r.p.TestFile    Now processing file /home/runner/work/key/key/key.core/../key.ui/examples/standard_key/arith/check_jdiv_concrete.key 
26058      INFO  main            d.u.i.k.p.i.AbstractProblemLoader Loading environment from /home/runner/work/key/key/key.core/../key.ui/examples/standard_key/arith/check_jdiv_concrete.key 
26058      DEBUG main            d.u.i.k.p.i.AbstractProblemLoader Environment load took 189.9ns 
26060      INFO  main            d.u.i.k.p.i.AbstractProblemLoader Creating init config 
28466      DEBUG main            d.u.i.k.p.i.AbstractProblemLoader Init config took 2.41s 
28485      INFO  main            d.u.i.k.p.i.AbstractProblemLoader Replaying proof check_jdiv_concrete.key 
28487      DEBUG main            d.u.i.k.p.i.IntermediateProofReplayer Proof replay took 5.6ns 
28589      INFO  main            d.u.i.k.p.r.p.TestFile    ... finished proof: closed. 
28767      INFO  main            d.u.i.k.p.i.AbstractProblemLoader Loading environment from /home/runner/work/key/key/key.core/../key.ui/examples/standard_key/arith/check_jdiv_concrete.key.proof 
28767      DEBUG main            d.u.i.k.p.i.AbstractProblemLoader Environment load took 105.9ns 
28768      INFO  main            d.u.i.k.p.i.AbstractProblemLoader Creating init config 
31133      DEBUG main            d.u.i.k.p.i.AbstractProblemLoader Init config took 2.36s 
31161      INFO  main            d.u.i.k.p.i.AbstractProblemLoader Replaying proof check_jdiv_concrete.key.proof 
31165      DEBUG main            d.u.i.k.p.i.IntermediateProofReplayer Proof replay took 2.72ms 
31166      DEBUG main            d.u.i.k.p.r.p.TestFile    ... success: reloaded. 
31168      INFO  main            d.u.i.k.p.r.p.TestFile    Now processing file /home/runner/work/key/key/key.core/../key.ui/examples/standard_key/arith/check_jdiv_instantiated.key 
31168      INFO  main            d.u.i.k.p.i.AbstractProblemLoader Loading environment from /home/runner/work/key/key/key.core/../key.ui/examples/standard_key/arith/check_jdiv_instantiated.key 
31168      DEBUG main            d.u.i.k.p.i.AbstractProblemLoader Environment load took 174.4ns 
31170      INFO  main            d.u.i.k.p.i.AbstractProblemLoader Creating init config 
33520      DEBUG main            d.u.i.k.p.i.AbstractProblemLoader Init config took 2.35s 
33540      INFO  main            d.u.i.k.p.i.AbstractProblemLoader Replaying proof check_jdiv_instantiated.key 
33542      DEBUG main            d.u.i.k.p.i.IntermediateProofReplayer Proof replay took 5.3ns 
36654      INFO  main            d.u.i.k.p.r.p.TestFile    ... finished proof: closed. 
36829      INFO  main            d.u.i.k.p.i.AbstractProblemLoader Loading environment from /home/runner/work/key/key/key.core/../key.ui/examples/standard_key/arith/check_jdiv_instantiated.key.proof 
36829      DEBUG main            d.u.i.k.p.i.AbstractProblemLoader Environment load took 384.8ns 
36831      INFO  main            d.u.i.k.p.i.AbstractProblemLoader Creating init config 
39165      DEBUG main            d.u.i.k.p.i.AbstractProblemLoader Init config took 2.33s 
39195      INFO  main            d.u.i.k.p.i.AbstractProblemLoader Replaying proof check_jdiv_instantiated.key.proof 
39387      DEBUG main            d.u.i.k.p.i.IntermediateProofReplayer Proof replay took 163.01ms 
39389      DEBUG main            d.u.i.k.p.r.p.TestFile    ... success: reloaded. 
39390      INFO  main            d.u.i.k.p.r.p.TestFile    Now processing file /home/runner/work/key/key/key.core/../key.ui/examples/standard_key/arith/check_jmod.key 
39391      INFO  main            d.u.i.k.p.i.AbstractProblemLoader Loading environment from /home/runner/work/key/key/key.core/../key.ui/examples/standard_key/arith/check_jmod.key 
39391      DEBUG main            d.u.i.k.p.i.AbstractProblemLoader Environment load took 233.3ns 
39392      INFO  main            d.u.i.k.p.i.AbstractProblemLoader Creating init config 
41752      DEBUG main            d.u.i.k.p.i.AbstractProblemLoader Init config took 2.36s 
41770      INFO  main            d.u.i.k.p.i.AbstractProblemLoader Replaying proof check_jmod.key 
41772      DEBUG main            d.u.i.k.p.i.IntermediateProofReplayer Proof replay took 4.9ns 
42278      INFO  main            d.u.i.k.p.r.p.TestFile    ... finished proof: closed. 
42509      INFO  main            d.u.i.k.p.i.AbstractProblemLoader Loading environment from /home/runner/work/key/key/key.core/../key.ui/examples/standard_key/arith/check_jmod.key.proof 
42510      DEBUG main            d.u.i.k.p.i.AbstractProblemLoader Environment load took 389ns 
42511      INFO  main            d.u.i.k.p.i.AbstractProblemLoader Creating init config 
44835      DEBUG main            d.u.i.k.p.i.AbstractProblemLoader Init config took 2.32s 
44852      INFO  main            d.u.i.k.p.i.AbstractProblemLoader Replaying proof check_jmod.key.proof 
44891      DEBUG main            d.u.i.k.p.i.IntermediateProofReplayer Proof replay took 33.73ms 
44893      DEBUG main            d.u.i.k.p.r.p.TestFile    ... success: reloaded. 
44894      INFO  main            d.u.i.k.p.r.p.TestFile    Now processing file /home/runner/work/key/key/key.core/../key.ui/examples/standard_key/arith/complexExpressions.key 
44894      INFO  main            d.u.i.k.p.i.AbstractProblemLoader Loading environment from /home/runner/work/key/key/key.core/../key.ui/examples/standard_key/arith/complexExpressions.key 
44894      DEBUG main            d.u.i.k.p.i.AbstractProblemLoader Environment load took 183.8ns 
44895      INFO  main            d.u.i.k.p.i.AbstractProblemLoader Creating init config 
47265      DEBUG main            d.u.i.k.p.i.AbstractProblemLoader Init config took 2.37s 
47283      INFO  main            d.u.i.k.p.i.AbstractProblemLoader Replaying proof complexExpressions.key 
47284      DEBUG main            d.u.i.k.p.i.IntermediateProofReplayer Proof replay took 5ns 
47389      INFO  main            d.u.i.k.p.r.p.TestFile    ... finished proof: closed. 
47543      INFO  main            d.u.i.k.p.i.AbstractProblemLoader Loading environment from /home/runner/work/key/key/key.core/../key.ui/examples/standard_key/arith/complexExpressions.key.proof 
47543      DEBUG main            d.u.i.k.p.i.AbstractProblemLoader Environment load took 107.9ns 
47544      INFO  main            d.u.i.k.p.i.AbstractProblemLoader Creating init config 
49887      DEBUG main            d.u.i.k.p.i.AbstractProblemLoader Init config took 2.34s 
49903      INFO  main            d.u.i.k.p.i.AbstractProblemLoader Replaying proof complexExpressions.key.proof 
49913      DEBUG main            d.u.i.k.p.i.IntermediateProofReplayer Proof replay took 7.64ms 
49914      DEBUG main            d.u.i.k.p.r.p.TestFile    ... success: reloaded. 
49914      INFO  main            d.u.i.k.p.r.p.TestFile    Now processing file /home/runner/work/key/key/key.core/../key.ui/examples/standard_key/arith/compound_unaryMinus.key 
49914      INFO  main            d.u.i.k.p.i.AbstractProblemLoader Loading environment from /home/runner/work/key/key/key.core/../key.ui/examples/standard_key/arith/compound_unaryMinus.key 
49914      DEBUG main            d.u.i.k.p.i.AbstractProblemLoader Environment load took 84.7ns 
49915      INFO  main            d.u.i.k.p.i.AbstractProblemLoader Creating init config 
52258      DEBUG main            d.u.i.k.p.i.AbstractProblemLoader Init config took 2.34s 
52275      INFO  main            d.u.i.k.p.i.AbstractProblemLoader Replaying proof compound_unaryMinus.key 
52276      DEBUG main            d.u.i.k.p.i.IntermediateProofReplayer Proof replay took 5.4ns 
52379      INFO  main            d.u.i.k.p.r.p.TestFile    ... finished proof: closed. 
52534      INFO  main            d.u.i.k.p.i.AbstractProblemLoader Loading environment from /home/runner/work/key/key/key.core/../key.ui/examples/standard_key/arith/compound_unaryMinus.key.proof 
52534      DEBUG main            d.u.i.k.p.i.AbstractProblemLoader Environment load took 105.8ns 
52535      INFO  main            d.u.i.k.p.i.AbstractProblemLoader Creating init config 
54806      DEBUG main            d.u.i.k.p.i.AbstractProblemLoader Init config took 2.27s 
54822      INFO  main            d.u.i.k.p.i.AbstractProblemLoader Replaying proof compound_unaryMinus.key.proof 
54827      DEBUG main            d.u.i.k.p.i.IntermediateProofReplayer Proof replay took 3.1ms 
54828      DEBUG main            d.u.i.k.p.r.p.TestFile    ... success: reloaded. 
54829      INFO  main            d.u.i.k.p.r.p.TestFile    Now processing file /home/runner/work/key/key/key.core/../key.ui/examples/standard_key/arith/computation.key 
54829      INFO  main            d.u.i.k.p.i.AbstractProblemLoader Loading environment from /home/runner/work/key/key/key.core/../key.ui/examples/standard_key/arith/computation.key 
54829      DEBUG main            d.u.i.k.p.i.AbstractProblemLoader Environment load took 123.1ns 
54830      INFO  main            d.u.i.k.p.i.AbstractProblemLoader Creating init config 
57160      DEBUG main            d.u.i.k.p.i.AbstractProblemLoader Init config took 2.33s 
57176      INFO  main            d.u.i.k.p.i.AbstractProblemLoader Replaying proof computation.key 
57178      DEBUG main            d.u.i.k.p.i.IntermediateProofReplayer Proof replay took 7.1ns 
58530      INFO  main            d.u.i.k.p.r.p.TestFile    ... finished proof: closed. 
58749      INFO  main            d.u.i.k.p.i.AbstractProblemLoader Loading environment from /home/runner/work/key/key/key.core/../key.ui/examples/standard_key/arith/computation.key.proof 
58749      DEBUG main            d.u.i.k.p.i.AbstractProblemLoader Environment load took 365.9ns 
58751      INFO  main            d.u.i.k.p.i.AbstractProblemLoader Creating init config 
61016      DEBUG main            d.u.i.k.p.i.AbstractProblemLoader Init config took 2.27s 
61033      INFO  main            d.u.i.k.p.i.AbstractProblemLoader Replaying proof computation.key.proof 
61174      DEBUG main            d.u.i.k.p.i.IntermediateProofReplayer Proof replay took 136.21ms 
61175      DEBUG main            d.u.i.k.p.r.p.TestFile    ... success: reloaded. 
61176      INFO  main            d.u.i.k.p.r.p.TestFile    Now processing file /home/runner/work/key/key/key.core/../key.ui/examples/standard_key/arith/cubicSum.key 
61176      INFO  main            d.u.i.k.p.i.AbstractProblemLoader Loading environment from /home/runner/work/key/key/key.core/../key.ui/examples/standard_key/arith/cubicSum.key 
61176      DEBUG main            d.u.i.k.p.i.AbstractProblemLoader Environment load took 183.9ns 
61178      INFO  main            d.u.i.k.p.i.AbstractProblemLoader Creating init config 
63585      DEBUG main            d.u.i.k.p.i.AbstractProblemLoader Init config took 2.41s 
63601      INFO  main            d.u.i.k.p.i.AbstractProblemLoader Replaying proof cubicSum.key 
63609      DEBUG main            d.u.i.k.p.i.IntermediateProofReplayer Proof replay took 6ns 
64618      INFO  main            d.u.i.k.p.r.p.TestFile    ... finished proof: closed. 
64844      INFO  main            d.u.i.k.p.i.AbstractProblemLoader Loading environment from /home/runner/work/key/key/key.core/../key.ui/examples/standard_key/arith/cubicSum.key.proof 
64845      DEBUG main            d.u.i.k.p.i.AbstractProblemLoader Environment load took 1.06ms 
64846      INFO  main            d.u.i.k.p.i.AbstractProblemLoader Creating init config 
67220      DEBUG main            d.u.i.k.p.i.AbstractProblemLoader Init config took 2.37s 
67238      INFO  main            d.u.i.k.p.i.AbstractProblemLoader Replaying proof cubicSum.key.proof 
67381      DEBUG main            d.u.i.k.p.i.IntermediateProofReplayer Proof replay took 139.98ms 
67382      DEBUG main            d.u.i.k.p.r.p.TestFile    ... success: reloaded. 
67384      INFO  main            d.u.i.k.p.r.p.TestFile    Now processing file /home/runner/work/key/key/key.core/../key.ui/examples/standard_key/arith/divByZero.key 
67384      INFO  main            d.u.i.k.p.i.AbstractProblemLoader Loading environment from /home/runner/work/key/key/key.core/../key.ui/examples/standard_key/arith/divByZero.key 
67384      DEBUG main            d.u.i.k.p.i.AbstractProblemLoader Environment load took 186.2ns 
67385      INFO  main            d.u.i.k.p.i.AbstractProblemLoader Creating init config 
69766      DEBUG main            d.u.i.k.p.i.AbstractProblemLoader Init config took 2.38s 
69780      INFO  main            d.u.i.k.p.i.AbstractProblemLoader Replaying proof divByZero.key 
69782      DEBUG main            d.u.i.k.p.i.IntermediateProofReplayer Proof replay took 5.2ns 
69993      INFO  main            d.u.i.k.p.r.p.TestFile    ... finished proof: closed. 
70174      INFO  main            d.u.i.k.p.i.AbstractProblemLoader Loading environment from /home/runner/work/key/key/key.core/../key.ui/examples/standard_key/arith/divByZero.key.proof 
70175      DEBUG main            d.u.i.k.p.i.AbstractProblemLoader Environment load took 112.4ns 
70175      INFO  main            d.u.i.k.p.i.AbstractProblemLoader Creating init config 
72434      DEBUG main            d.u.i.k.p.i.AbstractProblemLoader Init config took 2.26s 
72448      INFO  main            d.u.i.k.p.i.AbstractProblemLoader Replaying proof divByZero.key.proof 
72478      DEBUG main            d.u.i.k.p.i.IntermediateProofReplayer Proof replay took 28.26ms 
72479      DEBUG main            d.u.i.k.p.r.p.TestFile    ... success: reloaded. 
72480      INFO  main            d.u.i.k.p.r.p.TestFile    Now processing file /home/runner/work/key/key/key.core/../key.ui/examples/standard_key/arith/divisionAssoc.key 
72480      INFO  main            d.u.i.k.p.i.AbstractProblemLoader Loading environment from /home/runner/work/key/key/key.core/../key.ui/examples/standard_key/arith/divisionAssoc.key 
72480      DEBUG main            d.u.i.k.p.i.AbstractProblemLoader Environment load took 84.1ns 
72481      INFO  main            d.u.i.k.p.i.AbstractProblemLoader Creating init config 
74789      DEBUG main            d.u.i.k.p.i.AbstractProblemLoader Init config took 2.31s 
74803      INFO  main            d.u.i.k.p.i.AbstractProblemLoader Replaying proof divisionAssoc.key 
74804      DEBUG main            d.u.i.k.p.i.IntermediateProofReplayer Proof replay took 5.4ns 
75508      INFO  main            d.u.i.k.p.r.p.TestFile    ... finished proof: closed. 
75691      INFO  main            d.u.i.k.p.i.AbstractProblemLoader Loading environment from /home/runner/work/key/key/key.core/../key.ui/examples/standard_key/arith/divisionAssoc.key.proof 
75691      DEBUG main            d.u.i.k.p.i.AbstractProblemLoader Environment load took 607.8ns 
75693      INFO  main            d.u.i.k.p.i.AbstractProblemLoader Creating init config 
77941      DEBUG main            d.u.i.k.p.i.AbstractProblemLoader Init config took 2.25s 
77955      INFO  main            d.u.i.k.p.i.AbstractProblemLoader Replaying proof divisionAssoc.key.proof 
78000      DEBUG main            d.u.i.k.p.i.IntermediateProofReplayer Proof replay took 40.17ms 
78001      DEBUG main            d.u.i.k.p.r.p.TestFile    ... success: reloaded. 
78002      INFO  main            d.u.i.k.p.r.p.TestFile    Now processing file /home/runner/work/key/key/key.core/../key.ui/examples/standard_key/arith/divisionBy2.key 
78003      INFO  main            d.u.i.k.p.i.AbstractProblemLoader Loading environment from /home/runner/work/key/key/key.core/../key.ui/examples/standard_key/arith/divisionBy2.key 
78003      DEBUG main            d.u.i.k.p.i.AbstractProblemLoader Environment load took 184.2ns 
78004      INFO  main            d.u.i.k.p.i.AbstractProblemLoader Creating init config 
80325      DEBUG main            d.u.i.k.p.i.AbstractProblemLoader Init config took 2.32s 
80338      INFO  main            d.u.i.k.p.i.AbstractProblemLoader Replaying proof divisionBy2.key 
80339      DEBUG main            d.u.i.k.p.i.IntermediateProofReplayer Proof replay took 5.2ns 
80444      INFO  main            d.u.i.k.p.r.p.TestFile    ... finished proof: closed. 
80641      INFO  main            d.u.i.k.p.i.AbstractProblemLoader Loading environment from /home/runner/work/key/key/key.core/../key.ui/examples/standard_key/arith/divisionBy2.key.proof 
80641      DEBUG main            d.u.i.k.p.i.AbstractProblemLoader Environment load took 99.8ns 
80642      INFO  main            d.u.i.k.p.i.AbstractProblemLoader Creating init config 
82883      DEBUG main            d.u.i.k.p.i.AbstractProblemLoader Init config took 2.24s 
82895      INFO  main            d.u.i.k.p.i.AbstractProblemLoader Replaying proof divisionBy2.key.proof 
82902      DEBUG main            d.u.i.k.p.i.IntermediateProofReplayer Proof replay took 4.61ms 
82902      DEBUG main            d.u.i.k.p.r.p.TestFile    ... success: reloaded. 
82903      INFO  main            d.u.i.k.p.r.p.TestFile    Now processing file /home/runner/work/key/key/key.core/../key.ui/examples/standard_key/arith/euclidean/gcdHelp-post.key 
82903      INFO  main            d.u.i.k.p.i.AbstractProblemLoader Loading environment from /home/runner/work/key/key/key.core/../key.ui/examples/standard_key/arith/euclidean/gcdHelp-post.key 
82903      DEBUG main            d.u.i.k.p.i.AbstractProblemLoader Environment load took 91.1ns 
82904      INFO  main            d.u.i.k.p.i.AbstractProblemLoader Creating init config 
85329      DEBUG main            d.u.i.k.p.i.AbstractProblemLoader Init config took 2.42s 
85343      INFO  main            d.u.i.k.p.i.AbstractProblemLoader Replaying proof gcdHelp-post.key 
85345      DEBUG main            d.u.i.k.p.i.IntermediateProofReplayer Proof replay took 5.1ns 
88354      INFO  main            d.u.i.k.p.r.p.TestFile    ... finished proof: closed. 
88581      INFO  main            d.u.i.k.p.i.AbstractProblemLoader Loading environment from /home/runner/work/key/key/key.core/../key.ui/examples/standard_key/arith/euclidean/gcdHelp-post.key.proof 
88581      DEBUG main            d.u.i.k.p.i.AbstractProblemLoader Environment load took 391.9ns 
88583      INFO  main            d.u.i.k.p.i.AbstractProblemLoader Creating init config 
90909      DEBUG main            d.u.i.k.p.i.AbstractProblemLoader Init config took 2.33s 
90924      INFO  main            d.u.i.k.p.i.AbstractProblemLoader Replaying proof gcdHelp-post.key.proof 
91111      DEBUG main            d.u.i.k.p.i.IntermediateProofReplayer Proof replay took 177.77ms 
91112      DEBUG main            d.u.i.k.p.r.p.TestFile    ... success: reloaded. 
91113      INFO  main            d.u.i.k.p.r.p.TestFile    Now processing file /home/runner/work/key/key/key.core/../key.ui/examples/standard_key/arith/gemplusDecimal/add.key 
91114      INFO  main            d.u.i.k.p.i.AbstractProblemLoader Loading environment from /home/runner/work/key/key/key.core/../key.ui/examples/standard_key/arith/gemplusDecimal/add.key 
91114      DEBUG main            d.u.i.k.p.i.AbstractProblemLoader Environment load took 182.8ns 
91116      INFO  main            d.u.i.k.p.i.AbstractProblemLoader Creating init config 
93467      DEBUG main            d.u.i.k.p.i.AbstractProblemLoader Init config took 2.35s 
93483      INFO  main            d.u.i.k.p.i.AbstractProblemLoader Replaying proof add.key 
93485      DEBUG main            d.u.i.k.p.i.IntermediateProofReplayer Proof replay took 5.1ns 
134256     INFO  main            d.u.i.k.p.r.p.TestFile    ... finished proof: closed. 
134606     INFO  main            d.u.i.k.p.i.AbstractProblemLoader Loading environment from /home/runner/work/key/key/key.core/../key.ui/examples/standard_key/arith/gemplusDecimal/add.key.proof 
134606     DEBUG main            d.u.i.k.p.i.AbstractProblemLoader Environment load took 389.3ns 
134615     INFO  main            d.u.i.k.p.i.AbstractProblemLoader Creating init config 
136967     DEBUG main            d.u.i.k.p.i.AbstractProblemLoader Init config took 2.35s 
136983     INFO  main            d.u.i.k.p.i.AbstractProblemLoader Replaying proof add.key.proof 
140620     DEBUG main            d.u.i.k.p.i.IntermediateProofReplayer Proof replay took 3.52s 
140627     DEBUG main            d.u.i.k.p.r.p.TestFile    ... success: reloaded. 
140628     INFO  main            d.u.i.k.p.r.p.TestFile    Now processing file /home/runner/work/key/key/key.core/../key.ui/examples/standard_key/arith/jdivevenodd.key 
140629     INFO  main            d.u.i.k.p.i.AbstractProblemLoader Loading environment from /home/runner/work/key/key/key.core/../key.ui/examples/standard_key/arith/jdivevenodd.key 
140629     DEBUG main            d.u.i.k.p.i.AbstractProblemLoader Environment load took 98.8ns 
140630     INFO  main            d.u.i.k.p.i.AbstractProblemLoader Creating init config 
142975     DEBUG main            d.u.i.k.p.i.AbstractProblemLoader Init config took 2.35s 
142988     INFO  main            d.u.i.k.p.i.AbstractProblemLoader Replaying proof jdivevenodd.key 
142990     DEBUG main            d.u.i.k.p.i.IntermediateProofReplayer Proof replay took 5.7ns 
143194     INFO  main            d.u.i.k.p.r.p.TestFile    ... finished proof: closed. 
143517     INFO  main            d.u.i.k.p.i.AbstractProblemLoader Loading environment from /home/runner/work/key/key/key.core/../key.ui/examples/standard_key/arith/jdivevenodd.key.proof 
143517     DEBUG main            d.u.i.k.p.i.AbstractProblemLoader Environment load took 103.7ns 
143518     INFO  main            d.u.i.k.p.i.AbstractProblemLoader Creating init config 
145736     DEBUG main            d.u.i.k.p.i.AbstractProblemLoader Init config took 2.22s 
145750     INFO  main            d.u.i.k.p.i.AbstractProblemLoader Replaying proof jdivevenodd.key.proof 
145765     DEBUG main            d.u.i.k.p.i.IntermediateProofReplayer Proof replay took 12.69ms 
145766     DEBUG main            d.u.i.k.p.r.p.TestFile    ... success: reloaded. 
145767     INFO  main            d.u.i.k.p.r.p.TestFile    Now processing file /home/runner/work/key/key/key.core/../key.ui/examples/standard_key/arith/median.key 
145767     INFO  main            d.u.i.k.p.i.AbstractProblemLoader Loading environment from /home/runner/work/key/key/key.core/../key.ui/examples/standard_key/arith/median.key 
145767     DEBUG main            d.u.i.k.p.i.AbstractProblemLoader Environment load took 181.2ns 
145768     INFO  main            d.u.i.k.p.i.AbstractProblemLoader Creating init config 
148031     DEBUG main            d.u.i.k.p.i.AbstractProblemLoader Init config took 2.26s 
148045     INFO  main            d.u.i.k.p.i.AbstractProblemLoader Replaying proof median.key 
148047     DEBUG main            d.u.i.k.p.i.IntermediateProofReplayer Proof replay took 5.4ns 
162988     INFO  main            d.u.i.k.p.r.p.TestFile    ... finished proof: closed. 
163289     INFO  main            d.u.i.k.p.i.AbstractProblemLoader Loading environment from /home/runner/work/key/key/key.core/../key.ui/examples/standard_key/arith/median.key.proof 
163290     DEBUG main            d.u.i.k.p.i.AbstractProblemLoader Environment load took 444.8ns 
163292     INFO  main            d.u.i.k.p.i.AbstractProblemLoader Creating init config 
165569     DEBUG main            d.u.i.k.p.i.AbstractProblemLoader Init config took 2.28s 
165583     INFO  main            d.u.i.k.p.i.AbstractProblemLoader Replaying proof median.key.proof 
166749     DEBUG main            d.u.i.k.p.i.IntermediateProofReplayer Proof replay took 1.1s 
166752     DEBUG main            d.u.i.k.p.r.p.TestFile    ... success: reloaded. 
166753     INFO  main            d.u.i.k.p.r.p.TestFile    Now processing file /home/runner/work/key/key/key.core/../key.ui/examples/standard_key/arith/mod1.key 
166753     INFO  main            d.u.i.k.p.i.AbstractProblemLoader Loading environment from /home/runner/work/key/key/key.core/../key.ui/examples/standard_key/arith/mod1.key 
166753     DEBUG main            d.u.i.k.p.i.AbstractProblemLoader Environment load took 116.3ns 
166754     INFO  main            d.u.i.k.p.i.AbstractProblemLoader Creating init config 
169052     DEBUG main            d.u.i.k.p.i.AbstractProblemLoader Init config took 2.3s 
169065     INFO  main            d.u.i.k.p.i.AbstractProblemLoader Replaying proof mod1.key 
169068     DEBUG main            d.u.i.k.p.i.IntermediateProofReplayer Proof replay took 5.4ns 
169170     INFO  main            d.u.i.k.p.r.p.TestFile    ... finished proof: closed. 
169438     INFO  main            d.u.i.k.p.i.AbstractProblemLoader Loading environment from /home/runner/work/key/key/key.core/../key.ui/examples/standard_key/arith/mod1.key.proof 
169438     DEBUG main            d.u.i.k.p.i.AbstractProblemLoader Environment load took 94ns 
169439     INFO  main            d.u.i.k.p.i.AbstractProblemLoader Creating init config 
171648     DEBUG main            d.u.i.k.p.i.AbstractProblemLoader Init config took 2.21s 
171661     INFO  main            d.u.i.k.p.i.AbstractProblemLoader Replaying proof mod1.key.proof 
171664     DEBUG main            d.u.i.k.p.i.IntermediateProofReplayer Proof replay took 2.08ms 
171665     DEBUG main            d.u.i.k.p.r.p.TestFile    ... success: reloaded. 
171666     INFO  main            d.u.i.k.p.r.p.TestFile    Now processing file /home/runner/work/key/key/key.core/../key.ui/examples/standard_key/arith/mod2.key 
171666     INFO  main            d.u.i.k.p.i.AbstractProblemLoader Loading environment from /home/runner/work/key/key/key.core/../key.ui/examples/standard_key/arith/mod2.key 
171666     DEBUG main            d.u.i.k.p.i.AbstractProblemLoader Environment load took 68.5ns 
171667     INFO  main            d.u.i.k.p.i.AbstractProblemLoader Creating init config 
173913     DEBUG main            d.u.i.k.p.i.AbstractProblemLoader Init config took 2.25s 
173928     INFO  main            d.u.i.k.p.i.AbstractProblemLoader Replaying proof mod2.key 
173931     DEBUG main            d.u.i.k.p.i.IntermediateProofReplayer Proof replay took 6ns 
174033     INFO  main            d.u.i.k.p.r.p.TestFile    ... finished proof: closed. 
174254     INFO  main            d.u.i.k.p.i.AbstractProblemLoader Loading environment from /home/runner/work/key/key/key.core/../key.ui/examples/standard_key/arith/mod2.key.proof 
174254     DEBUG main            d.u.i.k.p.i.AbstractProblemLoader Environment load took 95ns 
174255     INFO  main            d.u.i.k.p.i.AbstractProblemLoader Creating init config 
176530     DEBUG main            d.u.i.k.p.i.AbstractProblemLoader Init config took 2.27s 
176543     INFO  main            d.u.i.k.p.i.AbstractProblemLoader Replaying proof mod2.key.proof 
176545     DEBUG main            d.u.i.k.p.i.IntermediateProofReplayer Proof replay took 1.38ms 
176546     DEBUG main            d.u.i.k.p.r.p.TestFile    ... success: reloaded. 
176547     INFO  main            d.u.i.k.p.r.p.TestFile    Now processing file /home/runner/work/key/key/key.core/../key.ui/examples/standard_key/arith/mod7.key 
176547     INFO  main            d.u.i.k.p.i.AbstractProblemLoader Loading environment from /home/runner/work/key/key/key.core/../key.ui/examples/standard_key/arith/mod7.key 
176547     DEBUG main            d.u.i.k.p.i.AbstractProblemLoader Environment load took 60.9ns 
176548     INFO  main            d.u.i.k.p.i.AbstractProblemLoader Creating init config 
178823     DEBUG main            d.u.i.k.p.i.AbstractProblemLoader Init config took 2.28s 
178836     INFO  main            d.u.i.k.p.i.AbstractProblemLoader Replaying proof mod7.key 
178838     DEBUG main            d.u.i.k.p.i.IntermediateProofReplayer Proof replay took 5.6ns 
178941     INFO  main            d.u.i.k.p.r.p.TestFile    ... finished proof: closed. 
179155     INFO  main            d.u.i.k.p.i.AbstractProblemLoader Loading environment from /home/runner/work/key/key/key.core/../key.ui/examples/standard_key/arith/mod7.key.proof 
179155     DEBUG main            d.u.i.k.p.i.AbstractProblemLoader Environment load took 91.9ns 
179157     INFO  main            d.u.i.k.p.i.AbstractProblemLoader Creating init config 
181380     DEBUG main            d.u.i.k.p.i.AbstractProblemLoader Init config took 2.22s 
181393     INFO  main            d.u.i.k.p.i.AbstractProblemLoader Replaying proof mod7.key.proof 
181399     DEBUG main            d.u.i.k.p.i.IntermediateProofReplayer Proof replay took 4.82ms 
181400     DEBUG main            d.u.i.k.p.r.p.TestFile    ... success: reloaded. 
181401     INFO  main            d.u.i.k.p.r.p.TestFile    Now processing file /home/runner/work/key/key/key.core/../key.ui/examples/standard_key/arith/overflow_hija.key 
181401     INFO  main            d.u.i.k.p.i.AbstractProblemLoader Loading environment from /home/runner/work/key/key/key.core/../key.ui/examples/standard_key/arith/overflow_hija.key 
181401     DEBUG main            d.u.i.k.p.i.AbstractProblemLoader Environment load took 71ns 
181402     INFO  main            d.u.i.k.p.i.AbstractProblemLoader Creating init config 
183675     DEBUG main            d.u.i.k.p.i.AbstractProblemLoader Init config took 2.27s 
183690     INFO  main            d.u.i.k.p.i.AbstractProblemLoader Replaying proof overflow_hija.key 
183692     DEBUG main            d.u.i.k.p.i.IntermediateProofReplayer Proof replay took 4.9ns 
188124     INFO  main            d.u.i.k.p.r.p.TestFile    ... finished proof: closed. 
188379     INFO  main            d.u.i.k.p.i.AbstractProblemLoader Loading environment from /home/runner/work/key/key/key.core/../key.ui/examples/standard_key/arith/overflow_hija.key.proof 
188379     DEBUG main            d.u.i.k.p.i.AbstractProblemLoader Environment load took 93.1ns 
188381     INFO  main            d.u.i.k.p.i.AbstractProblemLoader Creating init config 
190616     DEBUG main            d.u.i.k.p.i.AbstractProblemLoader Init config took 2.24s 
190632     INFO  main            d.u.i.k.p.i.AbstractProblemLoader Replaying proof overflow_hija.key.proof 
190977     DEBUG main            d.u.i.k.p.i.IntermediateProofReplayer Proof replay took 335.27ms 
190979     DEBUG main            d.u.i.k.p.r.p.TestFile    ... success: reloaded. 
190980     INFO  main            d.u.i.k.p.r.p.TestFile    Now processing file /home/runner/work/key/key/key.core/../key.ui/examples/standard_key/arith/poly_division0.key 
190982     INFO  main            d.u.i.k.p.i.AbstractProblemLoader Loading environment from /home/runner/work/key/key/key.core/../key.ui/examples/standard_key/arith/poly_division0.key 
190983     DEBUG main            d.u.i.k.p.i.AbstractProblemLoader Environment load took 221.5ns 
190984     INFO  main            d.u.i.k.p.i.AbstractProblemLoader Creating init config 
193261     DEBUG main            d.u.i.k.p.i.AbstractProblemLoader Init config took 2.28s 
193274     INFO  main            d.u.i.k.p.i.AbstractProblemLoader Replaying proof poly_division0.key 
193275     DEBUG main            d.u.i.k.p.i.IntermediateProofReplayer Proof replay took 5.7ns 
193377     INFO  main            d.u.i.k.p.r.p.TestFile    ... finished proof: closed. 
193653     INFO  main            d.u.i.k.p.i.AbstractProblemLoader Loading environment from /home/runner/work/key/key/key.core/../key.ui/examples/standard_key/arith/poly_division0.key.proof 
193653     DEBUG main            d.u.i.k.p.i.AbstractProblemLoader Environment load took 95.7ns 
193654     INFO  main            d.u.i.k.p.i.AbstractProblemLoader Creating init config 
195862     DEBUG main            d.u.i.k.p.i.AbstractProblemLoader Init config took 2.21s 
195875     INFO  main            d.u.i.k.p.i.AbstractProblemLoader Replaying proof poly_division0.key.proof 
195884     DEBUG main            d.u.i.k.p.i.IntermediateProofReplayer Proof replay took 7.14ms 
195885     DEBUG main            d.u.i.k.p.r.p.TestFile    ... success: reloaded. 
195885     INFO  main            d.u.i.k.p.r.p.TestFile    Now processing file /home/runner/work/key/key/key.core/../key.ui/examples/standard_key/arith/poly_division1.key 
195885     INFO  main            d.u.i.k.p.i.AbstractProblemLoader Loading environment from /home/runner/work/key/key/key.core/../key.ui/examples/standard_key/arith/poly_division1.key 
195885     DEBUG main            d.u.i.k.p.i.AbstractProblemLoader Environment load took 77ns 
195886     INFO  main            d.u.i.k.p.i.AbstractProblemLoader Creating init config 
198131     DEBUG main            d.u.i.k.p.i.AbstractProblemLoader Init config took 2.24s 
198144     INFO  main            d.u.i.k.p.i.AbstractProblemLoader Replaying proof poly_division1.key 
198145     DEBUG main            d.u.i.k.p.i.IntermediateProofReplayer Proof replay took 5.4ns 
198246     INFO  main            d.u.i.k.p.r.p.TestFile    ... finished proof: closed. 
198483     INFO  main            d.u.i.k.p.i.AbstractProblemLoader Loading environment from /home/runner/work/key/key/key.core/../key.ui/examples/standard_key/arith/poly_division1.key.proof 
198483     DEBUG main            d.u.i.k.p.i.AbstractProblemLoader Environment load took 90.7ns 
198484     INFO  main            d.u.i.k.p.i.AbstractProblemLoader Creating init config 
200704     DEBUG main            d.u.i.k.p.i.AbstractProblemLoader Init config took 2.22s 
200716     INFO  main            d.u.i.k.p.i.AbstractProblemLoader Replaying proof poly_division1.key.proof 
200724     DEBUG main            d.u.i.k.p.i.IntermediateProofReplayer Proof replay took 5.47ms 
200724     DEBUG main            d.u.i.k.p.r.p.TestFile    ... success: reloaded. 
200725     INFO  main            d.u.i.k.p.r.p.TestFile    Now processing file /home/runner/work/key/key/key.core/../key.ui/examples/standard_key/inEqSimp/division.key 
200725     INFO  main            d.u.i.k.p.i.AbstractProblemLoader Loading environment from /home/runner/work/key/key/key.core/../key.ui/examples/standard_key/inEqSimp/division.key 
200725     DEBUG main            d.u.i.k.p.i.AbstractProblemLoader Environment load took 72.9ns 
200726     INFO  main            d.u.i.k.p.i.AbstractProblemLoader Creating init config 
202981     DEBUG main            d.u.i.k.p.i.AbstractProblemLoader Init config took 2.26s 
202994     INFO  main            d.u.i.k.p.i.AbstractProblemLoader Replaying proof division.key 
202995     DEBUG main            d.u.i.k.p.i.IntermediateProofReplayer Proof replay took 5.7ns 
204901     INFO  main            d.u.i.k.p.r.p.TestFile    ... finished proof: closed. 
205155     INFO  main            d.u.i.k.p.i.AbstractProblemLoader Loading environment from /home/runner/work/key/key/key.core/../key.ui/examples/standard_key/inEqSimp/division.key.proof 
205156     DEBUG main            d.u.i.k.p.i.AbstractProblemLoader Environment load took 370.7ns 
205157     INFO  main            d.u.i.k.p.i.AbstractProblemLoader Creating init config 
207382     DEBUG main            d.u.i.k.p.i.AbstractProblemLoader Init config took 2.22s 
207395     INFO  main            d.u.i.k.p.i.AbstractProblemLoader Replaying proof division.key.proof 
207462     DEBUG main            d.u.i.k.p.i.IntermediateProofReplayer Proof replay took 60.1ms 
207464     DEBUG main            d.u.i.k.p.r.p.TestFile    ... success: reloaded. 
207465     INFO  main            d.u.i.k.p.r.p.TestFile    Now processing file /home/runner/work/key/key/key.core/../key.ui/examples/standard_key/inEqSimp/inequations0.key 
207465     INFO  main            d.u.i.k.p.i.AbstractProblemLoader Loading environment from /home/runner/work/key/key/key.core/../key.ui/examples/standard_key/inEqSimp/inequations0.key 
207465     DEBUG main            d.u.i.k.p.i.AbstractProblemLoader Environment load took 170.8ns 
207466     INFO  main            d.u.i.k.p.i.AbstractProblemLoader Creating init config 
209728     DEBUG main            d.u.i.k.p.i.AbstractProblemLoader Init config took 2.26s 
209741     INFO  main            d.u.i.k.p.i.AbstractProblemLoader Replaying proof inequations0.key 
209742     DEBUG main            d.u.i.k.p.i.IntermediateProofReplayer Proof replay took 6.8ns 
209844     INFO  main            d.u.i.k.p.r.p.TestFile    ... finished proof: closed. 
210118     INFO  main            d.u.i.k.p.i.AbstractProblemLoader Loading environment from /home/runner/work/key/key/key.core/../key.ui/examples/standard_key/inEqSimp/inequations0.key.proof 
210118     DEBUG main            d.u.i.k.p.i.AbstractProblemLoader Environment load took 92.5ns 
210119     INFO  main            d.u.i.k.p.i.AbstractProblemLoader Creating init config 
212381     DEBUG main            d.u.i.k.p.i.AbstractProblemLoader Init config took 2.26s 
212393     INFO  main            d.u.i.k.p.i.AbstractProblemLoader Replaying proof inequations0.key.proof 
212397     DEBUG main            d.u.i.k.p.i.IntermediateProofReplayer Proof replay took 1.95ms 
212397     DEBUG main            d.u.i.k.p.r.p.TestFile    ... success: reloaded. 
212398     INFO  main            d.u.i.k.p.r.p.TestFile    Now processing file /home/runner/work/key/key/key.core/../key.ui/examples/standard_key/inEqSimp/inequations1.key 
212398     INFO  main            d.u.i.k.p.i.AbstractProblemLoader Loading environment from /home/runner/work/key/key/key.core/../key.ui/examples/standard_key/inEqSimp/inequations1.key 
212398     DEBUG main            d.u.i.k.p.i.AbstractProblemLoader Environment load took 169.9ns 
212399     INFO  main            d.u.i.k.p.i.AbstractProblemLoader Creating init config 
214710     DEBUG main            d.u.i.k.p.i.AbstractProblemLoader Init config took 2.31s 
214723     INFO  main            d.u.i.k.p.i.AbstractProblemLoader Replaying proof inequations1.key 
214724     DEBUG main            d.u.i.k.p.i.IntermediateProofReplayer Proof replay took 5.9ns 
214827     INFO  main            d.u.i.k.p.r.p.TestFile    ... finished proof: closed. 
215068     INFO  main            d.u.i.k.p.i.AbstractProblemLoader Loading environment from /home/runner/work/key/key/key.core/../key.ui/examples/standard_key/inEqSimp/inequations1.key.proof 
215069     DEBUG main            d.u.i.k.p.i.AbstractProblemLoader Environment load took 80.9ns 
215069     INFO  main            d.u.i.k.p.i.AbstractProblemLoader Creating init config 
217298     DEBUG main            d.u.i.k.p.i.AbstractProblemLoader Init config took 2.23s 
217311     INFO  main            d.u.i.k.p.i.AbstractProblemLoader Replaying proof inequations1.key.proof 
217313     DEBUG main            d.u.i.k.p.i.IntermediateProofReplayer Proof replay took 1.15ms 
217314     DEBUG main            d.u.i.k.p.r.p.TestFile    ... success: reloaded. 
217314     INFO  main            d.u.i.k.p.r.p.TestFile    Now processing file /home/runner/work/key/key/key.core/../key.ui/examples/standard_key/inEqSimp/inequations2.key 
217315     INFO  main            d.u.i.k.p.i.AbstractProblemLoader Loading environment from /home/runner/work/key/key/key.core/../key.ui/examples/standard_key/inEqSimp/inequations2.key 
217315     DEBUG main            d.u.i.k.p.i.AbstractProblemLoader Environment load took 58ns 
217315     INFO  main            d.u.i.k.p.i.AbstractProblemLoader Creating init config 
219561     DEBUG main            d.u.i.k.p.i.AbstractProblemLoader Init config took 2.25s 
219573     INFO  main            d.u.i.k.p.i.AbstractProblemLoader Replaying proof inequations2.key 
219574     DEBUG main            d.u.i.k.p.i.IntermediateProofReplayer Proof replay took 6ns 
219676     INFO  main            d.u.i.k.p.r.p.TestFile    ... finished proof: closed. 
219922     INFO  main            d.u.i.k.p.i.AbstractProblemLoader Loading environment from /home/runner/work/key/key/key.core/../key.ui/examples/standard_key/inEqSimp/inequations2.key.proof 
219922     DEBUG main            d.u.i.k.p.i.AbstractProblemLoader Environment load took 81.4ns 
219923     INFO  main            d.u.i.k.p.i.AbstractProblemLoader Creating init config 
222132     DEBUG main            d.u.i.k.p.i.AbstractProblemLoader Init config took 2.21s 
222145     INFO  main            d.u.i.k.p.i.AbstractProblemLoader Replaying proof inequations2.key.proof 
222148     DEBUG main            d.u.i.k.p.i.IntermediateProofReplayer Proof replay took 1.33ms 
222148     DEBUG main            d.u.i.k.p.r.p.TestFile    ... success: reloaded. 
222149     INFO  main            d.u.i.k.p.r.p.TestFile    Now processing file /home/runner/work/key/key/key.core/../key.ui/examples/standard_key/inEqSimp/linApprox.key 
222149     INFO  main            d.u.i.k.p.i.AbstractProblemLoader Loading environment from /home/runner/work/key/key/key.core/../key.ui/examples/standard_key/inEqSimp/linApprox.key 
222149     DEBUG main            d.u.i.k.p.i.AbstractProblemLoader Environment load took 164.2ns 
222150     INFO  main            d.u.i.k.p.i.AbstractProblemLoader Creating init config 
224396     DEBUG main            d.u.i.k.p.i.AbstractProblemLoader Init config took 2.25s 
224409     INFO  main            d.u.i.k.p.i.AbstractProblemLoader Replaying proof linApprox.key 
224410     DEBUG main            d.u.i.k.p.i.IntermediateProofReplayer Proof replay took 6ns 
224513     INFO  main            d.u.i.k.p.r.p.TestFile    ... finished proof: closed. 
224779     INFO  main            d.u.i.k.p.i.AbstractProblemLoader Loading environment from /home/runner/work/key/key/key.core/../key.ui/examples/standard_key/inEqSimp/linApprox.key.proof 
224779     DEBUG main            d.u.i.k.p.i.AbstractProblemLoader Environment load took 84.7ns 
224779     INFO  main            d.u.i.k.p.i.AbstractProblemLoader Creating init config 
226992     DEBUG main            d.u.i.k.p.i.AbstractProblemLoader Init config took 2.21s 
227004     INFO  main            d.u.i.k.p.i.AbstractProblemLoader Replaying proof linApprox.key.proof 
227008     DEBUG main            d.u.i.k.p.i.IntermediateProofReplayer Proof replay took 2.4ms 
227008     DEBUG main            d.u.i.k.p.r.p.TestFile    ... success: reloaded. 
227009     INFO  main            d.u.i.k.p.r.p.TestFile    Now processing file /home/runner/work/key/key/key.core/../key.ui/examples/standard_key/inEqSimp/nonLinInEqExample0.key 
227009     INFO  main            d.u.i.k.p.i.AbstractProblemLoader Loading environment from /home/runner/work/key/key/key.core/../key.ui/examples/standard_key/inEqSimp/nonLinInEqExample0.key 
227009     DEBUG main            d.u.i.k.p.i.AbstractProblemLoader Environment load took 42.4ns 
227010     INFO  main            d.u.i.k.p.i.AbstractProblemLoader Creating init config 
229247     DEBUG main            d.u.i.k.p.i.AbstractProblemLoader Init config took 2.24s 
229259     INFO  main            d.u.i.k.p.i.AbstractProblemLoader Replaying proof nonLinInEqExample0.key 
229260     DEBUG main            d.u.i.k.p.i.IntermediateProofReplayer Proof replay took 5.8ns 
229361     INFO  main            d.u.i.k.p.r.p.TestFile    ... finished proof: closed. 
229613     INFO  main            d.u.i.k.p.i.AbstractProblemLoader Loading environment from /home/runner/work/key/key/key.core/../key.ui/examples/standard_key/inEqSimp/nonLinInEqExample0.key.proof 
229614     DEBUG main            d.u.i.k.p.i.AbstractProblemLoader Environment load took 77ns 
229614     INFO  main            d.u.i.k.p.i.AbstractProblemLoader Creating init config 
231817     DEBUG main            d.u.i.k.p.i.AbstractProblemLoader Init config took 2.2s 
231830     INFO  main            d.u.i.k.p.i.AbstractProblemLoader Replaying proof nonLinInEqExample0.key.proof 
231832     DEBUG main            d.u.i.k.p.i.IntermediateProofReplayer Proof replay took 880.1ns 
231833     DEBUG main            d.u.i.k.p.r.p.TestFile    ... success: reloaded. 
231833     INFO  main            d.u.i.k.p.r.p.TestFile    Now processing file /home/runner/work/key/key/key.core/../key.ui/examples/standard_key/inEqSimp/nonLinInEqExample2.key 
231833     INFO  main            d.u.i.k.p.i.AbstractProblemLoader Loading environment from /home/runner/work/key/key/key.core/../key.ui/examples/standard_key/inEqSimp/nonLinInEqExample2.key 
231833     DEBUG main            d.u.i.k.p.i.AbstractProblemLoader Environment load took 41.6ns 
231835     INFO  main            d.u.i.k.p.i.AbstractProblemLoader Creating init config 
234084     DEBUG main            d.u.i.k.p.i.AbstractProblemLoader Init config took 2.25s 
234096     INFO  main            d.u.i.k.p.i.AbstractProblemLoader Replaying proof nonLinInEqExample2.key 
234100     DEBUG main            d.u.i.k.p.i.IntermediateProofReplayer Proof replay took 5.2ns 
234404     INFO  main            d.u.i.k.p.r.p.TestFile    ... finished proof: closed. 
234659     INFO  main            d.u.i.k.p.i.AbstractProblemLoader Loading environment from /home/runner/work/key/key/key.core/../key.ui/examples/standard_key/inEqSimp/nonLinInEqExample2.key.proof 
234660     DEBUG main            d.u.i.k.p.i.AbstractProblemLoader Environment load took 79.9ns 
234661     INFO  main            d.u.i.k.p.i.AbstractProblemLoader Creating init config 
236897     DEBUG main            d.u.i.k.p.i.AbstractProblemLoader Init config took 2.24s 
236910     INFO  main            d.u.i.k.p.i.AbstractProblemLoader Replaying proof nonLinInEqExample2.key.proof 
236936     DEBUG main            d.u.i.k.p.i.IntermediateProofReplayer Proof replay took 22.91ms 
236937     DEBUG main            d.u.i.k.p.r.p.TestFile    ... success: reloaded. 
236938     INFO  main            d.u.i.k.p.r.p.TestFile    Now processing file /home/runner/work/key/key/key.core/../key.ui/examples/standard_key/inEqSimp/nonLinInEqExample3.key 
236938     INFO  main            d.u.i.k.p.i.AbstractProblemLoader Loading environment from /home/runner/work/key/key/key.core/../key.ui/examples/standard_key/inEqSimp/nonLinInEqExample3.key 
236938     DEBUG main            d.u.i.k.p.i.AbstractProblemLoader Environment load took 77.5ns 
236939     INFO  main            d.u.i.k.p.i.AbstractProblemLoader Creating init config 
239171     DEBUG main            d.u.i.k.p.i.AbstractProblemLoader Init config took 2.23s 
239183     INFO  main            d.u.i.k.p.i.AbstractProblemLoader Replaying proof nonLinInEqExample3.key 
239186     DEBUG main            d.u.i.k.p.i.IntermediateProofReplayer Proof replay took 35.4ns 
239388     INFO  main            d.u.i.k.p.r.p.TestFile    ... finished proof: closed. 
239670     INFO  main            d.u.i.k.p.i.AbstractProblemLoader Loading environment from /home/runner/work/key/key/key.core/../key.ui/examples/standard_key/inEqSimp/nonLinInEqExample3.key.proof 
239670     DEBUG main            d.u.i.k.p.i.AbstractProblemLoader Environment load took 86ns 
239671     INFO  main            d.u.i.k.p.i.AbstractProblemLoader Creating init config 
241885     DEBUG main            d.u.i.k.p.i.AbstractProblemLoader Init config took 2.21s 
241898     INFO  main            d.u.i.k.p.i.AbstractProblemLoader Replaying proof nonLinInEqExample3.key.proof 
241914     DEBUG main            d.u.i.k.p.i.IntermediateProofReplayer Proof replay took 14.4ms 
241915     DEBUG main            d.u.i.k.p.r.p.TestFile    ... success: reloaded. 
241915     INFO  main            d.u.i.k.p.r.p.TestFile    Now processing file /home/runner/work/key/key/key.core/../key.ui/examples/standard_key/inEqSimp/nonLinInEqExample4.key 
241916     INFO  main            d.u.i.k.p.i.AbstractProblemLoader Loading environment from /home/runner/work/key/key/key.core/../key.ui/examples/standard_key/inEqSimp/nonLinInEqExample4.key 
241916     DEBUG main            d.u.i.k.p.i.AbstractProblemLoader Environment load took 71.8ns 
241917     INFO  main            d.u.i.k.p.i.AbstractProblemLoader Creating init config 
244145     DEBUG main            d.u.i.k.p.i.AbstractProblemLoader Init config took 2.23s 
244158     INFO  main            d.u.i.k.p.i.AbstractProblemLoader Replaying proof nonLinInEqExample4.key 
244160     DEBUG main            d.u.i.k.p.i.IntermediateProofReplayer Proof replay took 2.8ns 
244261     INFO  main            d.u.i.k.p.r.p.TestFile    ... finished proof: closed. 
244542     INFO  main            d.u.i.k.p.i.AbstractProblemLoader Loading environment from /home/runner/work/key/key/key.core/../key.ui/examples/standard_key/inEqSimp/nonLinInEqExample4.key.proof 
244543     DEBUG main            d.u.i.k.p.i.AbstractProblemLoader Environment load took 82.9ns 
244543     INFO  main            d.u.i.k.p.i.AbstractProblemLoader Creating init config 
246746     DEBUG main            d.u.i.k.p.i.AbstractProblemLoader Init config took 2.2s 
246759     INFO  main            d.u.i.k.p.i.AbstractProblemLoader Replaying proof nonLinInEqExample4.key.proof 
246767     DEBUG main            d.u.i.k.p.i.IntermediateProofReplayer Proof replay took 3.05ms 
246768     DEBUG main            d.u.i.k.p.r.p.TestFile    ... success: reloaded. 
246768     INFO  main            d.u.i.k.p.r.p.TestFile    Now processing file /home/runner/work/key/key/key.core/../key.ui/examples/standard_key/inEqSimp/quadraticInEq.key 
246769     INFO  main            d.u.i.k.p.i.AbstractProblemLoader Loading environment from /home/runner/work/key/key/key.core/../key.ui/examples/standard_key/inEqSimp/quadraticInEq.key 
246769     DEBUG main            d.u.i.k.p.i.AbstractProblemLoader Environment load took 61.5ns 
246770     INFO  main            d.u.i.k.p.i.AbstractProblemLoader Creating init config 
248998     DEBUG main            d.u.i.k.p.i.AbstractProblemLoader Init config took 2.23s 
249011     INFO  main            d.u.i.k.p.i.AbstractProblemLoader Replaying proof quadraticInEq.key 
249012     DEBUG main            d.u.i.k.p.i.IntermediateProofReplayer Proof replay took 2.3ns 
249318     INFO  main            d.u.i.k.p.r.p.TestFile    ... finished proof: closed. 
249607     INFO  main            d.u.i.k.p.i.AbstractProblemLoader Loading environment from /home/runner/work/key/key/key.core/../key.ui/examples/standard_key/inEqSimp/quadraticInEq.key.proof 
249607     DEBUG main            d.u.i.k.p.i.AbstractProblemLoader Environment load took 86.2ns 
249608     INFO  main            d.u.i.k.p.i.AbstractProblemLoader Creating init config 
251809     DEBUG main            d.u.i.k.p.i.AbstractProblemLoader Init config took 2.2s 
251822     INFO  main            d.u.i.k.p.i.AbstractProblemLoader Replaying proof quadraticInEq.key.proof 
251856     DEBUG main            d.u.i.k.p.i.IntermediateProofReplayer Proof replay took 30.56ms 
251857     DEBUG main            d.u.i.k.p.r.p.TestFile    ... success: reloaded. 
251858     INFO  main            d.u.i.k.p.r.p.TestFile    Now processing file /home/runner/work/key/key/key.core/../key.ui/examples/standard_key/inEqSimp/quadraticInEq10.key 
251858     INFO  main            d.u.i.k.p.i.AbstractProblemLoader Loading environment from /home/runner/work/key/key/key.core/../key.ui/examples/standard_key/inEqSimp/quadraticInEq10.key 
251858     DEBUG main            d.u.i.k.p.i.AbstractProblemLoader Environment load took 77.8ns 
251859     INFO  main            d.u.i.k.p.i.AbstractProblemLoader Creating init config 
254084     DEBUG main            d.u.i.k.p.i.AbstractProblemLoader Init config took 2.22s 
254096     INFO  main            d.u.i.k.p.i.AbstractProblemLoader Replaying proof quadraticInEq10.key 
254097     DEBUG main            d.u.i.k.p.i.IntermediateProofReplayer Proof replay took 2ns 
254299     INFO  main            d.u.i.k.p.r.p.TestFile    ... finished proof: closed. 
254578     INFO  main            d.u.i.k.p.i.AbstractProblemLoader Loading environment from /home/runner/work/key/key/key.core/../key.ui/examples/standard_key/inEqSimp/quadraticInEq10.key.proof 
254579     DEBUG main            d.u.i.k.p.i.AbstractProblemLoader Environment load took 103.1ns 
254580     INFO  main            d.u.i.k.p.i.AbstractProblemLoader Creating init config 
256777     DEBUG main            d.u.i.k.p.i.AbstractProblemLoader Init config took 2.2s 
256790     INFO  main            d.u.i.k.p.i.AbstractProblemLoader Replaying proof quadraticInEq10.key.proof 
256803     DEBUG main            d.u.i.k.p.i.IntermediateProofReplayer Proof replay took 10.95ms 
256803     DEBUG main            d.u.i.k.p.r.p.TestFile    ... success: reloaded. 
256804     INFO  main            d.u.i.k.p.r.p.TestFile    Now processing file /home/runner/work/key/key/key.core/../key.ui/examples/standard_key/inEqSimp/quadraticInEq13.key 
256804     INFO  main            d.u.i.k.p.i.AbstractProblemLoader Loading environment from /home/runner/work/key/key/key.core/../key.ui/examples/standard_key/inEqSimp/quadraticInEq13.key 
256804     DEBUG main            d.u.i.k.p.i.AbstractProblemLoader Environment load took 41.9ns 
256805     INFO  main            d.u.i.k.p.i.AbstractProblemLoader Creating init config 
259038     DEBUG main            d.u.i.k.p.i.AbstractProblemLoader Init config took 2.23s 
259050     INFO  main            d.u.i.k.p.i.AbstractProblemLoader Replaying proof quadraticInEq13.key 
259051     DEBUG main            d.u.i.k.p.i.IntermediateProofReplayer Proof replay took 3.2ns 
259255     INFO  main            d.u.i.k.p.r.p.TestFile    ... finished proof: closed. 
259543     INFO  main            d.u.i.k.p.i.AbstractProblemLoader Loading environment from /home/runner/work/key/key/key.core/../key.ui/examples/standard_key/inEqSimp/quadraticInEq13.key.proof 
259543     DEBUG main            d.u.i.k.p.i.AbstractProblemLoader Environment load took 79.5ns 
259544     INFO  main            d.u.i.k.p.i.AbstractProblemLoader Creating init config 
261775     DEBUG main            d.u.i.k.p.i.AbstractProblemLoader Init config took 2.23s 
261788     INFO  main            d.u.i.k.p.i.AbstractProblemLoader Replaying proof quadraticInEq13.key.proof 
261805     DEBUG main            d.u.i.k.p.i.IntermediateProofReplayer Proof replay took 14.55ms 
261805     DEBUG main            d.u.i.k.p.r.p.TestFile    ... success: reloaded. 
261806     INFO  main            d.u.i.k.p.r.p.TestFile    Now processing file /home/runner/work/key/key/key.core/../key.ui/examples/standard_key/inEqSimp/quadraticInEq14.key 
261806     INFO  main            d.u.i.k.p.i.AbstractProblemLoader Loading environment from /home/runner/work/key/key/key.core/../key.ui/examples/standard_key/inEqSimp/quadraticInEq14.key 
261806     DEBUG main            d.u.i.k.p.i.AbstractProblemLoader Environment load took 74.5ns 
261807     INFO  main            d.u.i.k.p.i.AbstractProblemLoader Creating init config 
264051     DEBUG main            d.u.i.k.p.i.AbstractProblemLoader Init config took 2.24s 
264063     INFO  main            d.u.i.k.p.i.AbstractProblemLoader Replaying proof quadraticInEq14.key 
264065     DEBUG main            d.u.i.k.p.i.IntermediateProofReplayer Proof replay took 2.1ns 
264269     INFO  main            d.u.i.k.p.r.p.TestFile    ... finished proof: closed. 
264579     INFO  main            d.u.i.k.p.i.AbstractProblemLoader Loading environment from /home/runner/work/key/key/key.core/../key.ui/examples/standard_key/inEqSimp/quadraticInEq14.key.proof 
264579     DEBUG main            d.u.i.k.p.i.AbstractProblemLoader Environment load took 84.9ns 
264581     INFO  main            d.u.i.k.p.i.AbstractProblemLoader Creating init config 
266781     DEBUG main            d.u.i.k.p.i.AbstractProblemLoader Init config took 2.2s 
266793     INFO  main            d.u.i.k.p.i.AbstractProblemLoader Replaying proof quadraticInEq14.key.proof 
266813     DEBUG main            d.u.i.k.p.i.IntermediateProofReplayer Proof replay took 17.26ms 
266813     DEBUG main            d.u.i.k.p.r.p.TestFile    ... success: reloaded. 
266814     INFO  main            d.u.i.k.p.r.p.TestFile    Now processing file /home/runner/work/key/key/key.core/../key.ui/examples/standard_key/inEqSimp/quadraticInEq2.key 
266814     INFO  main            d.u.i.k.p.i.AbstractProblemLoader Loading environment from /home/runner/work/key/key/key.core/../key.ui/examples/standard_key/inEqSimp/quadraticInEq2.key 
266814     DEBUG main            d.u.i.k.p.i.AbstractProblemLoader Environment load took 70.9ns 
266815     INFO  main            d.u.i.k.p.i.AbstractProblemLoader Creating init config 
269064     DEBUG main            d.u.i.k.p.i.AbstractProblemLoader Init config took 2.25s 
269076     INFO  main            d.u.i.k.p.i.AbstractProblemLoader Replaying proof quadraticInEq2.key 
269078     DEBUG main            d.u.i.k.p.i.IntermediateProofReplayer Proof replay took 1.8ns 
269179     INFO  main            d.u.i.k.p.r.p.TestFile    ... finished proof: closed. 
269488     INFO  main            d.u.i.k.p.i.AbstractProblemLoader Loading environment from /home/runner/work/key/key/key.core/../key.ui/examples/standard_key/inEqSimp/quadraticInEq2.key.proof 
269488     DEBUG main            d.u.i.k.p.i.AbstractProblemLoader Environment load took 77.5ns 
269489     INFO  main            d.u.i.k.p.i.AbstractProblemLoader Creating init config 
271690     DEBUG main            d.u.i.k.p.i.AbstractProblemLoader Init config took 2.2s 
271704     INFO  main            d.u.i.k.p.i.AbstractProblemLoader Replaying proof quadraticInEq2.key.proof 
271707     DEBUG main            d.u.i.k.p.i.IntermediateProofReplayer Proof replay took 1.81ms 
271707     DEBUG main            d.u.i.k.p.r.p.TestFile    ... success: reloaded. 
271708     INFO  main            d.u.i.k.p.r.p.TestFile    Now processing file /home/runner/work/key/key/key.core/../key.ui/examples/standard_key/inEqSimp/quadraticInEq3.key 
271708     INFO  main            d.u.i.k.p.i.AbstractProblemLoader Loading environment from /home/runner/work/key/key/key.core/../key.ui/examples/standard_key/inEqSimp/quadraticInEq3.key 
271708     DEBUG main            d.u.i.k.p.i.AbstractProblemLoader Environment load took 39.9ns 
271709     INFO  main            d.u.i.k.p.i.AbstractProblemLoader Creating init config 
273939     DEBUG main            d.u.i.k.p.i.AbstractProblemLoader Init config took 2.23s 
273951     INFO  main            d.u.i.k.p.i.AbstractProblemLoader Replaying proof quadraticInEq3.key 
273952     DEBUG main            d.u.i.k.p.i.IntermediateProofReplayer Proof replay took 2.6ns 
274054     INFO  main            d.u.i.k.p.r.p.TestFile    ... finished proof: closed. 
274354     INFO  main            d.u.i.k.p.i.AbstractProblemLoader Loading environment from /home/runner/work/key/key/key.core/../key.ui/examples/standard_key/inEqSimp/quadraticInEq3.key.proof 
274354     DEBUG main            d.u.i.k.p.i.AbstractProblemLoader Environment load took 75.7ns 
274355     INFO  main            d.u.i.k.p.i.AbstractProblemLoader Creating init config 
276550     DEBUG main            d.u.i.k.p.i.AbstractProblemLoader Init config took 2.2s 
276562     INFO  main            d.u.i.k.p.i.AbstractProblemLoader Replaying proof quadraticInEq3.key.proof 
276568     DEBUG main            d.u.i.k.p.i.IntermediateProofReplayer Proof replay took 4.55ms 
276569     DEBUG main            d.u.i.k.p.r.p.TestFile    ... success: reloaded. 
276569     INFO  main            d.u.i.k.p.r.p.TestFile    Now processing file /home/runner/work/key/key/key.core/../key.ui/examples/standard_key/inEqSimp/quadraticInEq4.key 
276569     INFO  main            d.u.i.k.p.i.AbstractProblemLoader Loading environment from /home/runner/work/key/key/key.core/../key.ui/examples/standard_key/inEqSimp/quadraticInEq4.key 
276569     DEBUG main            d.u.i.k.p.i.AbstractProblemLoader Environment load took 84.3ns 
276570     INFO  main            d.u.i.k.p.i.AbstractProblemLoader Creating init config 
278804     DEBUG main            d.u.i.k.p.i.AbstractProblemLoader Init config took 2.23s 
278816     INFO  main            d.u.i.k.p.i.AbstractProblemLoader Replaying proof quadraticInEq4.key 
278817     DEBUG main            d.u.i.k.p.i.IntermediateProofReplayer Proof replay took 2.1ns 
278919     INFO  main            d.u.i.k.p.r.p.TestFile    ... finished proof: closed. 
279222     INFO  main            d.u.i.k.p.i.AbstractProblemLoader Loading environment from /home/runner/work/key/key/key.core/../key.ui/examples/standard_key/inEqSimp/quadraticInEq4.key.proof 
279223     DEBUG main            d.u.i.k.p.i.AbstractProblemLoader Environment load took 79.3ns 
279223     INFO  main            d.u.i.k.p.i.AbstractProblemLoader Creating init config 
281416     DEBUG main            d.u.i.k.p.i.AbstractProblemLoader Init config took 2.19s 
281429     INFO  main            d.u.i.k.p.i.AbstractProblemLoader Replaying proof quadraticInEq4.key.proof 
281434     DEBUG main            d.u.i.k.p.i.IntermediateProofReplayer Proof replay took 3.77ms 
281435     DEBUG main            d.u.i.k.p.r.p.TestFile    ... success: reloaded. 
281435     INFO  main            d.u.i.k.p.r.p.TestFile    Now processing file /home/runner/work/key/key/key.core/../key.ui/examples/standard_key/inEqSimp/quadraticInEq5.key 
281435     INFO  main            d.u.i.k.p.i.AbstractProblemLoader Loading environment from /home/runner/work/key/key/key.core/../key.ui/examples/standard_key/inEqSimp/quadraticInEq5.key 
281435     DEBUG main            d.u.i.k.p.i.AbstractProblemLoader Environment load took 80.9ns 
281436     INFO  main            d.u.i.k.p.i.AbstractProblemLoader Creating init config 
283677     DEBUG main            d.u.i.k.p.i.AbstractProblemLoader Init config took 2.24s 
283689     INFO  main            d.u.i.k.p.i.AbstractProblemLoader Replaying proof quadraticInEq5.key 
283690     DEBUG main            d.u.i.k.p.i.IntermediateProofReplayer Proof replay took 2.3ns 
283791     INFO  main            d.u.i.k.p.r.p.TestFile    ... finished proof: closed. 
284098     INFO  main            d.u.i.k.p.i.AbstractProblemLoader Loading environment from /home/runner/work/key/key/key.core/../key.ui/examples/standard_key/inEqSimp/quadraticInEq5.key.proof 
284098     DEBUG main            d.u.i.k.p.i.AbstractProblemLoader Environment load took 74.7ns 
284099     INFO  main            d.u.i.k.p.i.AbstractProblemLoader Creating init config 
286296     DEBUG main            d.u.i.k.p.i.AbstractProblemLoader Init config took 2.2s 
286309     INFO  main            d.u.i.k.p.i.AbstractProblemLoader Replaying proof quadraticInEq5.key.proof 
286314     DEBUG main            d.u.i.k.p.i.IntermediateProofReplayer Proof replay took 3.8ms 
286315     DEBUG main            d.u.i.k.p.r.p.TestFile    ... success: reloaded. 
286316     INFO  main            d.u.i.k.p.r.p.TestFile    Now processing file /home/runner/work/key/key/key.core/../key.ui/examples/standard_key/inEqSimp/quadraticInEq6.key 
286316     INFO  main            d.u.i.k.p.i.AbstractProblemLoader Loading environment from /home/runner/work/key/key/key.core/../key.ui/examples/standard_key/inEqSimp/quadraticInEq6.key 
286316     DEBUG main            d.u.i.k.p.i.AbstractProblemLoader Environment load took 70.1ns 
286317     INFO  main            d.u.i.k.p.i.AbstractProblemLoader Creating init config 
288563     DEBUG main            d.u.i.k.p.i.AbstractProblemLoader Init config took 2.25s 
288575     INFO  main            d.u.i.k.p.i.AbstractProblemLoader Replaying proof quadraticInEq6.key 
288576     DEBUG main            d.u.i.k.p.i.IntermediateProofReplayer Proof replay took 2.2ns 
288678     INFO  main            d.u.i.k.p.r.p.TestFile    ... finished proof: closed. 
288990     INFO  main            d.u.i.k.p.i.AbstractProblemLoader Loading environment from /home/runner/work/key/key/key.core/../key.ui/examples/standard_key/inEqSimp/quadraticInEq6.key.proof 
288990     DEBUG main            d.u.i.k.p.i.AbstractProblemLoader Environment load took 75.7ns 
288991     INFO  main            d.u.i.k.p.i.AbstractProblemLoader Creating init config 
291189     DEBUG main            d.u.i.k.p.i.AbstractProblemLoader Init config took 2.2s 
291201     INFO  main            d.u.i.k.p.i.AbstractProblemLoader Replaying proof quadraticInEq6.key.proof 
291207     DEBUG main            d.u.i.k.p.i.IntermediateProofReplayer Proof replay took 4.52ms 
291208     DEBUG main            d.u.i.k.p.r.p.TestFile    ... success: reloaded. 
291209     INFO  main            d.u.i.k.p.r.p.TestFile    Now processing file /home/runner/work/key/key/key.core/../key.ui/examples/standard_key/inEqSimp/quadraticInEq7.key 
291210     INFO  main            d.u.i.k.p.i.AbstractProblemLoader Loading environment from /home/runner/work/key/key/key.core/../key.ui/examples/standard_key/inEqSimp/quadraticInEq7.key 
291210     DEBUG main            d.u.i.k.p.i.AbstractProblemLoader Environment load took 166.6ns 
291211     INFO  main            d.u.i.k.p.i.AbstractProblemLoader Creating init config 
293449     DEBUG main            d.u.i.k.p.i.AbstractProblemLoader Init config took 2.24s 
293461     INFO  main            d.u.i.k.p.i.AbstractProblemLoader Replaying proof quadraticInEq7.key 
293463     DEBUG main            d.u.i.k.p.i.IntermediateProofReplayer Proof replay took 2.1ns 
293565     INFO  main            d.u.i.k.p.r.p.TestFile    ... finished proof: closed. 
293884     INFO  main            d.u.i.k.p.i.AbstractProblemLoader Loading environment from /home/runner/work/key/key/key.core/../key.ui/examples/standard_key/inEqSimp/quadraticInEq7.key.proof 
293884     DEBUG main            d.u.i.k.p.i.AbstractProblemLoader Environment load took 81.5ns 
293885     INFO  main            d.u.i.k.p.i.AbstractProblemLoader Creating init config 
296079     DEBUG main            d.u.i.k.p.i.AbstractProblemLoader Init config took 2.19s 
296091     INFO  main            d.u.i.k.p.i.AbstractProblemLoader Replaying proof quadraticInEq7.key.proof 
296095     DEBUG main            d.u.i.k.p.i.IntermediateProofReplayer Proof replay took 1.9ms 
296095     DEBUG main            d.u.i.k.p.r.p.TestFile    ... success: reloaded. 
296096     INFO  main            d.u.i.k.p.r.p.TestFile    Now processing file /home/runner/work/key/key/key.core/../key.ui/examples/standard_key/inEqSimp/quadraticInEq8.key 
296096     INFO  main            d.u.i.k.p.i.AbstractProblemLoader Loading environment from /home/runner/work/key/key/key.core/../key.ui/examples/standard_key/inEqSimp/quadraticInEq8.key 
296096     DEBUG main            d.u.i.k.p.i.AbstractProblemLoader Environment load took 83.6ns 
296097     INFO  main            d.u.i.k.p.i.AbstractProblemLoader Creating init config 
298340     DEBUG main            d.u.i.k.p.i.AbstractProblemLoader Init config took 2.24s 
298352     INFO  main            d.u.i.k.p.i.AbstractProblemLoader Replaying proof quadraticInEq8.key 
298354     DEBUG main            d.u.i.k.p.i.IntermediateProofReplayer Proof replay took 1.8ns 
298455     INFO  main            d.u.i.k.p.r.p.TestFile    ... finished proof: closed. 
298774     INFO  main            d.u.i.k.p.i.AbstractProblemLoader Loading environment from /home/runner/work/key/key/key.core/../key.ui/examples/standard_key/inEqSimp/quadraticInEq8.key.proof 
298774     DEBUG main            d.u.i.k.p.i.AbstractProblemLoader Environment load took 68ns 
298775     INFO  main            d.u.i.k.p.i.AbstractProblemLoader Creating init config 
300993     DEBUG main            d.u.i.k.p.i.AbstractProblemLoader Init config took 2.22s 
301006     INFO  main            d.u.i.k.p.i.AbstractProblemLoader Replaying proof quadraticInEq8.key.proof 
301014     DEBUG main            d.u.i.k.p.i.IntermediateProofReplayer Proof replay took 6.34ms 
301014     DEBUG main            d.u.i.k.p.r.p.TestFile    ... success: reloaded. 
301015     INFO  main            d.u.i.k.p.r.p.TestFile    Now processing file /home/runner/work/key/key/key.core/../key.ui/examples/standard_key/inEqSimp/simplify0.key 
301015     INFO  main            d.u.i.k.p.i.AbstractProblemLoader Loading environment from /home/runner/work/key/key/key.core/../key.ui/examples/standard_key/inEqSimp/simplify0.key 
301015     DEBUG main            d.u.i.k.p.i.AbstractProblemLoader Environment load took 38.2ns 
301016     INFO  main            d.u.i.k.p.i.AbstractProblemLoader Creating init config 
303317     DEBUG main            d.u.i.k.p.i.AbstractProblemLoader Init config took 2.3s 
303330     INFO  main            d.u.i.k.p.i.AbstractProblemLoader Replaying proof simplify0.key 
303331     DEBUG main            d.u.i.k.p.i.IntermediateProofReplayer Proof replay took 2.2ns 
303433     INFO  main            d.u.i.k.p.r.p.TestFile    ... finished proof: closed. 
303761     INFO  main            d.u.i.k.p.i.AbstractProblemLoader Loading environment from /home/runner/work/key/key/key.core/../key.ui/examples/standard_key/inEqSimp/simplify0.key.proof 
303761     DEBUG main            d.u.i.k.p.i.AbstractProblemLoader Environment load took 84.1ns 
303762     INFO  main            d.u.i.k.p.i.AbstractProblemLoader Creating init config 
305954     DEBUG main            d.u.i.k.p.i.AbstractProblemLoader Init config took 2.19s 
305966     INFO  main            d.u.i.k.p.i.AbstractProblemLoader Replaying proof simplify0.key.proof 
305970     DEBUG main            d.u.i.k.p.i.IntermediateProofReplayer Proof replay took 2.12ms 
305970     DEBUG main            d.u.i.k.p.r.p.TestFile    ... success: reloaded. 
305971     INFO  main            d.u.i.k.p.r.p.TestFile    Now processing file /home/runner/work/key/key/key.core/../key.ui/examples/standard_key/inEqSimp/simplify1.key 
305971     INFO  main            d.u.i.k.p.i.AbstractProblemLoader Loading environment from /home/runner/work/key/key/key.core/../key.ui/examples/standard_key/inEqSimp/simplify1.key 
305971     DEBUG main            d.u.i.k.p.i.AbstractProblemLoader Environment load took 39.8ns 
305972     INFO  main            d.u.i.k.p.i.AbstractProblemLoader Creating init config 
308244     DEBUG main            d.u.i.k.p.i.AbstractProblemLoader Init config took 2.27s 
308257     INFO  main            d.u.i.k.p.i.AbstractProblemLoader Replaying proof simplify1.key 
308258     DEBUG main            d.u.i.k.p.i.IntermediateProofReplayer Proof replay took 2.2ns 
308360     INFO  main            d.u.i.k.p.r.p.TestFile    ... finished proof: closed. 
308711     INFO  main            d.u.i.k.p.i.AbstractProblemLoader Loading environment from /home/runner/work/key/key/key.core/../key.ui/examples/standard_key/inEqSimp/simplify1.key.proof 
308711     DEBUG main            d.u.i.k.p.i.AbstractProblemLoader Environment load took 65ns 
308712     INFO  main            d.u.i.k.p.i.AbstractProblemLoader Creating init config 
310940     DEBUG main            d.u.i.k.p.i.AbstractProblemLoader Init config took 2.23s 
310952     INFO  main            d.u.i.k.p.i.AbstractProblemLoader Replaying proof simplify1.key.proof 
310954     DEBUG main            d.u.i.k.p.i.IntermediateProofReplayer Proof replay took 985.5ns 
310954     DEBUG main            d.u.i.k.p.r.p.TestFile    ... success: reloaded. 
310955     INFO  main            d.u.i.k.p.r.p.TestFile    Now processing file /home/runner/work/key/key/key.core/../key.ui/examples/standard_key/inEqSimp/simplify2.key 
310955     INFO  main            d.u.i.k.p.i.AbstractProblemLoader Loading environment from /home/runner/work/key/key/key.core/../key.ui/examples/standard_key/inEqSimp/simplify2.key 
310955     DEBUG main            d.u.i.k.p.i.AbstractProblemLoader Environment load took 53.4ns 
310956     INFO  main            d.u.i.k.p.i.AbstractProblemLoader Creating init config 
313192     DEBUG main            d.u.i.k.p.i.AbstractProblemLoader Init config took 2.24s 
313208     INFO  main            d.u.i.k.p.i.AbstractProblemLoader Replaying proof simplify2.key 
313209     DEBUG main            d.u.i.k.p.i.IntermediateProofReplayer Proof replay took 2ns 
313310     INFO  main            d.u.i.k.p.r.p.TestFile    ... finished proof: closed. 
313648     INFO  main            d.u.i.k.p.i.AbstractProblemLoader Loading environment from /home/runner/work/key/key/key.core/../key.ui/examples/standard_key/inEqSimp/simplify2.key.proof 
313648     DEBUG main            d.u.i.k.p.i.AbstractProblemLoader Environment load took 72.1ns 
313649     INFO  main            d.u.i.k.p.i.AbstractProblemLoader Creating init config 
315845     DEBUG main            d.u.i.k.p.i.AbstractProblemLoader Init config took 2.2s 
315857     INFO  main            d.u.i.k.p.i.AbstractProblemLoader Replaying proof simplify2.key.proof 
315868     DEBUG main            d.u.i.k.p.i.IntermediateProofReplayer Proof replay took 9.4ms 
315869     DEBUG main            d.u.i.k.p.r.p.TestFile    ... success: reloaded. 
315869     INFO  main            d.u.i.k.p.r.p.TestFile    Now processing file /home/runner/work/key/key/key.core/../key.ui/examples/standard_key/inEqSimp/simplify3.key 
315869     INFO  main            d.u.i.k.p.i.AbstractProblemLoader Loading environment from /home/runner/work/key/key/key.core/../key.ui/examples/standard_key/inEqSimp/simplify3.key 
315869     DEBUG main            d.u.i.k.p.i.AbstractProblemLoader Environment load took 65.2ns 
315870     INFO  main            d.u.i.k.p.i.AbstractProblemLoader Creating init config 
318105     DEBUG main            d.u.i.k.p.i.AbstractProblemLoader Init config took 2.23s 
318117     INFO  main            d.u.i.k.p.i.AbstractProblemLoader Replaying proof simplify3.key 
318118     DEBUG main            d.u.i.k.p.i.IntermediateProofReplayer Proof replay took 2ns 
318219     INFO  main            d.u.i.k.p.r.p.TestFile    ... finished proof: closed. 
318570     INFO  main            d.u.i.k.p.i.AbstractProblemLoader Loading environment from /home/runner/work/key/key/key.core/../key.ui/examples/standard_key/inEqSimp/simplify3.key.proof 
318570     DEBUG main            d.u.i.k.p.i.AbstractProblemLoader Environment load took 73.2ns 
318571     INFO  main            d.u.i.k.p.i.AbstractProblemLoader Creating init config 
320771     DEBUG main            d.u.i.k.p.i.AbstractProblemLoader Init config took 2.2s 
320783     INFO  main            d.u.i.k.p.i.AbstractProblemLoader Replaying proof simplify3.key.proof 
320786     DEBUG main            d.u.i.k.p.i.IntermediateProofReplayer Proof replay took 1.63ms 
320787     DEBUG main            d.u.i.k.p.r.p.TestFile    ... success: reloaded. 
320787     INFO  main            d.u.i.k.p.r.p.TestFile    Now processing file /home/runner/work/key/key/key.core/../key.ui/examples/standard_key/inEqSimp/simplify4.key 
320788     INFO  main            d.u.i.k.p.i.AbstractProblemLoader Loading environment from /home/runner/work/key/key/key.core/../key.ui/examples/standard_key/inEqSimp/simplify4.key 
320788     DEBUG main            d.u.i.k.p.i.AbstractProblemLoader Environment load took 91.7ns 
320788     INFO  main            d.u.i.k.p.i.AbstractProblemLoader Creating init config 
323027     DEBUG main            d.u.i.k.p.i.AbstractProblemLoader Init config took 2.24s 
323040     INFO  main            d.u.i.k.p.i.AbstractProblemLoader Replaying proof simplify4.key 
323041     DEBUG main            d.u.i.k.p.i.IntermediateProofReplayer Proof replay took 2ns 
323143     INFO  main            d.u.i.k.p.r.p.TestFile    ... finished proof: closed. 
323502     INFO  main            d.u.i.k.p.i.AbstractProblemLoader Loading environment from /home/runner/work/key/key/key.core/../key.ui/examples/standard_key/inEqSimp/simplify4.key.proof 
323502     DEBUG main            d.u.i.k.p.i.AbstractProblemLoader Environment load took 69.3ns 
323503     INFO  main            d.u.i.k.p.i.AbstractProblemLoader Creating init config 
325709     DEBUG main            d.u.i.k.p.i.AbstractProblemLoader Init config took 2.21s 
325723     INFO  main            d.u.i.k.p.i.AbstractProblemLoader Replaying proof simplify4.key.proof 
325736     DEBUG main            d.u.i.k.p.i.IntermediateProofReplayer Proof replay took 11.45ms 
325737     DEBUG main            d.u.i.k.p.r.p.TestFile    ... success: reloaded. 
325737     INFO  main            d.u.i.k.p.r.p.TestFile    Now processing file /home/runner/work/key/key/key.core/../key.ui/examples/standard_key/inEqSimp/simplify5.key 
325737     INFO  main            d.u.i.k.p.i.AbstractProblemLoader Loading environment from /home/runner/work/key/key/key.core/../key.ui/examples/standard_key/inEqSimp/simplify5.key 
325737     DEBUG main            d.u.i.k.p.i.AbstractProblemLoader Environment load took 65.1ns 
325738     INFO  main            d.u.i.k.p.i.AbstractProblemLoader Creating init config 
327978     DEBUG main            d.u.i.k.p.i.AbstractProblemLoader Init config took 2.24s 
327991     INFO  main            d.u.i.k.p.i.AbstractProblemLoader Replaying proof simplify5.key 
327992     DEBUG main            d.u.i.k.p.i.IntermediateProofReplayer Proof replay took 2ns 
328495     INFO  main            d.u.i.k.p.r.p.TestFile    ... finished proof: closed. 
328860     INFO  main            d.u.i.k.p.i.AbstractProblemLoader Loading environment from /home/runner/work/key/key/key.core/../key.ui/examples/standard_key/inEqSimp/simplify5.key.proof 
328860     DEBUG main            d.u.i.k.p.i.AbstractProblemLoader Environment load took 346.6ns 
328862     INFO  main            d.u.i.k.p.i.AbstractProblemLoader Creating init config 
331064     DEBUG main            d.u.i.k.p.i.AbstractProblemLoader Init config took 2.2s 
331077     INFO  main            d.u.i.k.p.i.AbstractProblemLoader Replaying proof simplify5.key.proof 
331121     DEBUG main            d.u.i.k.p.i.IntermediateProofReplayer Proof replay took 40.41ms 
331122     DEBUG main            d.u.i.k.p.r.p.TestFile    ... success: reloaded. 
331123     INFO  main            d.u.i.k.p.r.p.TestFile    Now processing file /home/runner/work/key/key/key.core/../key.ui/examples/standard_key/inEqSimp/subsumptionExample.key 
331123     INFO  main            d.u.i.k.p.i.AbstractProblemLoader Loading environment from /home/runner/work/key/key/key.core/../key.ui/examples/standard_key/inEqSimp/subsumptionExample.key 
331123     DEBUG main            d.u.i.k.p.i.AbstractProblemLoader Environment load took 59.3ns 
331124     INFO  main            d.u.i.k.p.i.AbstractProblemLoader Creating init config 
333371     DEBUG main            d.u.i.k.p.i.AbstractProblemLoader Init config took 2.25s 
333382     INFO  main            d.u.i.k.p.i.AbstractProblemLoader Replaying proof subsumptionExample.key 
333383     DEBUG main            d.u.i.k.p.i.IntermediateProofReplayer Proof replay took 2.1ns 
333484     INFO  main            d.u.i.k.p.r.p.TestFile    ... finished proof: closed. 
333857     INFO  main            d.u.i.k.p.i.AbstractProblemLoader Loading environment from /home/runner/work/key/key/key.core/../key.ui/examples/standard_key/inEqSimp/subsumptionExample.key.proof 
333857     DEBUG main            d.u.i.k.p.i.AbstractProblemLoader Environment load took 62.9ns 
333858     INFO  main            d.u.i.k.p.i.AbstractProblemLoader Creating init config 
336054     DEBUG main            d.u.i.k.p.i.AbstractProblemLoader Init config took 2.2s 
336066     INFO  main            d.u.i.k.p.i.AbstractProblemLoader Replaying proof subsumptionExample.key.proof 
336068     DEBUG main            d.u.i.k.p.i.IntermediateProofReplayer Proof replay took 807.4ns 
336068     DEBUG main            d.u.i.k.p.r.p.TestFile    ... success: reloaded. 
336069     INFO  main            d.u.i.k.p.r.p.TestFile    Now processing file /home/runner/work/key/key/key.core/../key.ui/examples/standard_key/polySimp/simplify0.key 
336069     INFO  main            d.u.i.k.p.i.AbstractProblemLoader Loading environment from /home/runner/work/key/key/key.core/../key.ui/examples/standard_key/polySimp/simplify0.key 
336069     DEBUG main            d.u.i.k.p.i.AbstractProblemLoader Environment load took 39.2ns 
336070     INFO  main            d.u.i.k.p.i.AbstractProblemLoader Creating init config 
338329     DEBUG main            d.u.i.k.p.i.AbstractProblemLoader Init config took 2.26s 
338342     INFO  main            d.u.i.k.p.i.AbstractProblemLoader Replaying proof simplify0.key 
338342     DEBUG main            d.u.i.k.p.i.IntermediateProofReplayer Proof replay took 2.6ns 
338544     INFO  main            d.u.i.k.p.r.p.TestFile    ... finished proof: closed. 
338918     INFO  main            d.u.i.k.p.i.AbstractProblemLoader Loading environment from /home/runner/work/key/key/key.core/../key.ui/examples/standard_key/polySimp/simplify0.key.proof 
338918     DEBUG main            d.u.i.k.p.i.AbstractProblemLoader Environment load took 66.8ns 
338919     INFO  main            d.u.i.k.p.i.AbstractProblemLoader Creating init config 
341126     DEBUG main            d.u.i.k.p.i.AbstractProblemLoader Init config took 2.21s 
341139     INFO  main            d.u.i.k.p.i.AbstractProblemLoader Replaying proof simplify0.key.proof 
341157     DEBUG main            d.u.i.k.p.i.IntermediateProofReplayer Proof replay took 13.63ms 
341158     DEBUG main            d.u.i.k.p.r.p.TestFile    ... success: reloaded. 
341158     INFO  main            d.u.i.k.p.r.p.TestFile    Now processing file /home/runner/work/key/key/key.core/../key.ui/examples/standard_key/polySimp/simplify1.key 
341159     INFO  main            d.u.i.k.p.i.AbstractProblemLoader Loading environment from /home/runner/work/key/key/key.core/../key.ui/examples/standard_key/polySimp/simplify1.key 
341159     DEBUG main            d.u.i.k.p.i.AbstractProblemLoader Environment load took 58.2ns 
341161     INFO  main            d.u.i.k.p.i.AbstractProblemLoader Creating init config 
343413     DEBUG main            d.u.i.k.p.i.AbstractProblemLoader Init config took 2.25s 
343425     INFO  main            d.u.i.k.p.i.AbstractProblemLoader Replaying proof simplify1.key 
343426     DEBUG main            d.u.i.k.p.i.IntermediateProofReplayer Proof replay took 1.9ns 
343729     INFO  main            d.u.i.k.p.r.p.TestFile    ... finished proof: closed. 
344108     INFO  main            d.u.i.k.p.i.AbstractProblemLoader Loading environment from /home/runner/work/key/key/key.core/../key.ui/examples/standard_key/polySimp/simplify1.key.proof 
344108     DEBUG main            d.u.i.k.p.i.AbstractProblemLoader Environment load took 67.4ns 
344109     INFO  main            d.u.i.k.p.i.AbstractProblemLoader Creating init config 
346312     DEBUG main            d.u.i.k.p.i.AbstractProblemLoader Init config took 2.2s 
346324     INFO  main            d.u.i.k.p.i.AbstractProblemLoader Replaying proof simplify1.key.proof 
346345     DEBUG main            d.u.i.k.p.i.IntermediateProofReplayer Proof replay took 19.23ms 
346346     DEBUG main            d.u.i.k.p.r.p.TestFile    ... success: reloaded. 
346347     INFO  main            d.u.i.k.p.r.p.TestFile    Now processing file /home/runner/work/key/key/key.core/../key.ui/examples/standard_key/polySimp/simplify10.key 
346347     INFO  main            d.u.i.k.p.i.AbstractProblemLoader Loading environment from /home/runner/work/key/key/key.core/../key.ui/examples/standard_key/polySimp/simplify10.key 
346347     DEBUG main            d.u.i.k.p.i.AbstractProblemLoader Environment load took 38.8ns 
346348     INFO  main            d.u.i.k.p.i.AbstractProblemLoader Creating init config 
348625     DEBUG main            d.u.i.k.p.i.AbstractProblemLoader Init config took 2.28s 
348638     INFO  main            d.u.i.k.p.i.AbstractProblemLoader Replaying proof simplify10.key 
348639     DEBUG main            d.u.i.k.p.i.IntermediateProofReplayer Proof replay took 3.1ns 
348841     INFO  main            d.u.i.k.p.r.p.TestFile    ... finished proof: closed. 
349237     INFO  main            d.u.i.k.p.i.AbstractProblemLoader Loading environment from /home/runner/work/key/key/key.core/../key.ui/examples/standard_key/polySimp/simplify10.key.proof 
349237     DEBUG main            d.u.i.k.p.i.AbstractProblemLoader Environment load took 66.4ns 
349238     INFO  main            d.u.i.k.p.i.AbstractProblemLoader Creating init config 
351434     DEBUG main            d.u.i.k.p.i.AbstractProblemLoader Init config took 2.2s 
351449     INFO  main            d.u.i.k.p.i.AbstractProblemLoader Replaying proof simplify10.key.proof 
351487     DEBUG main            d.u.i.k.p.i.IntermediateProofReplayer Proof replay took 36.46ms 
351488     DEBUG main            d.u.i.k.p.r.p.TestFile    ... success: reloaded. 
351489     INFO  main            d.u.i.k.p.r.p.TestFile    Now processing file /home/runner/work/key/key/key.core/../key.ui/examples/standard_key/polySimp/simplify11.key 
351489     INFO  main            d.u.i.k.p.i.AbstractProblemLoader Loading environment from /home/runner/work/key/key/key.core/../key.ui/examples/standard_key/polySimp/simplify11.key 
351489     DEBUG main            d.u.i.k.p.i.AbstractProblemLoader Environment load took 47.4ns 
351490     INFO  main            d.u.i.k.p.i.AbstractProblemLoader Creating init config 
353744     DEBUG main            d.u.i.k.p.i.AbstractProblemLoader Init config took 2.25s 
353756     INFO  main            d.u.i.k.p.i.AbstractProblemLoader Replaying proof simplify11.key 
353757     DEBUG main            d.u.i.k.p.i.IntermediateProofReplayer Proof replay took 2.5ns 
353959     INFO  main            d.u.i.k.p.r.p.TestFile    ... finished proof: closed. 
354353     INFO  main            d.u.i.k.p.i.AbstractProblemLoader Loading environment from /home/runner/work/key/key/key.core/../key.ui/examples/standard_key/polySimp/simplify11.key.proof 
354353     DEBUG main            d.u.i.k.p.i.AbstractProblemLoader Environment load took 67.7ns 
354354     INFO  main            d.u.i.k.p.i.AbstractProblemLoader Creating init config 
356686     DEBUG main            d.u.i.k.p.i.AbstractProblemLoader Init config took 2.33s 
356700     INFO  main            d.u.i.k.p.i.AbstractProblemLoader Replaying proof simplify11.key.proof 
356719     DEBUG main            d.u.i.k.p.i.IntermediateProofReplayer Proof replay took 16.96ms 
356720     DEBUG main            d.u.i.k.p.r.p.TestFile    ... success: reloaded. 
356720     INFO  main            d.u.i.k.p.r.p.TestFile    Now processing file /home/runner/work/key/key/key.core/../key.ui/examples/standard_key/polySimp/simplify12.key 
356721     INFO  main            d.u.i.k.p.i.AbstractProblemLoader Loading environment from /home/runner/work/key/key/key.core/../key.ui/examples/standard_key/polySimp/simplify12.key 
356721     DEBUG main            d.u.i.k.p.i.AbstractProblemLoader Environment load took 157.1ns 
356722     INFO  main            d.u.i.k.p.i.AbstractProblemLoader Creating init config 
359053     DEBUG main            d.u.i.k.p.i.AbstractProblemLoader Init config took 2.33s 
359067     INFO  main            d.u.i.k.p.i.AbstractProblemLoader Replaying proof simplify12.key 
359068     DEBUG main            d.u.i.k.p.i.IntermediateProofReplayer Proof replay took 2.2ns 
359169     INFO  main            d.u.i.k.p.r.p.TestFile    ... finished proof: closed. 
359566     INFO  main            d.u.i.k.p.i.AbstractProblemLoader Loading environment from /home/runner/work/key/key/key.core/../key.ui/examples/standard_key/polySimp/simplify12.key.proof 
359566     DEBUG main            d.u.i.k.p.i.AbstractProblemLoader Environment load took 62.7ns 
359567     INFO  main            d.u.i.k.p.i.AbstractProblemLoader Creating init config 
361770     DEBUG main            d.u.i.k.p.i.AbstractProblemLoader Init config took 2.2s 
361782     INFO  main            d.u.i.k.p.i.AbstractProblemLoader Replaying proof simplify12.key.proof 
361792     DEBUG main            d.u.i.k.p.i.IntermediateProofReplayer Proof replay took 8.05ms 
361793     DEBUG main            d.u.i.k.p.r.p.TestFile    ... success: reloaded. 
361793     INFO  main            d.u.i.k.p.r.p.TestFile    Now processing file /home/runner/work/key/key/key.core/../key.ui/examples/standard_key/polySimp/simplify13.key 
361793     INFO  main            d.u.i.k.p.i.AbstractProblemLoader Loading environment from /home/runner/work/key/key/key.core/../key.ui/examples/standard_key/polySimp/simplify13.key 
361793     DEBUG main            d.u.i.k.p.i.AbstractProblemLoader Environment load took 42.4ns 
361794     INFO  main            d.u.i.k.p.i.AbstractProblemLoader Creating init config 
364070     DEBUG main            d.u.i.k.p.i.AbstractProblemLoader Init config took 2.28s 
364082     INFO  main            d.u.i.k.p.i.AbstractProblemLoader Replaying proof simplify13.key 
364083     DEBUG main            d.u.i.k.p.i.IntermediateProofReplayer Proof replay took 2.2ns 
364185     INFO  main            d.u.i.k.p.r.p.TestFile    ... finished proof: closed. 
364586     INFO  main            d.u.i.k.p.i.AbstractProblemLoader Loading environment from /home/runner/work/key/key/key.core/../key.ui/examples/standard_key/polySimp/simplify13.key.proof 
364586     DEBUG main            d.u.i.k.p.i.AbstractProblemLoader Environment load took 65ns 
364587     INFO  main            d.u.i.k.p.i.AbstractProblemLoader Creating init config 
366791     DEBUG main            d.u.i.k.p.i.AbstractProblemLoader Init config took 2.2s 
366803     INFO  main            d.u.i.k.p.i.AbstractProblemLoader Replaying proof simplify13.key.proof 
366809     DEBUG main            d.u.i.k.p.i.IntermediateProofReplayer Proof replay took 4.51ms 
366810     DEBUG main            d.u.i.k.p.r.p.TestFile    ... success: reloaded. 
366810     INFO  main            d.u.i.k.p.r.p.TestFile    Now processing file /home/runner/work/key/key/key.core/../key.ui/examples/standard_key/polySimp/simplify14.key 
366810     INFO  main            d.u.i.k.p.i.AbstractProblemLoader Loading environment from /home/runner/work/key/key/key.core/../key.ui/examples/standard_key/polySimp/simplify14.key 
366810     DEBUG main            d.u.i.k.p.i.AbstractProblemLoader Environment load took 39.9ns 
366811     INFO  main            d.u.i.k.p.i.AbstractProblemLoader Creating init config 
369036     DEBUG main            d.u.i.k.p.i.AbstractProblemLoader Init config took 2.22s 
369049     INFO  main            d.u.i.k.p.i.AbstractProblemLoader Replaying proof simplify14.key 
369050     DEBUG main            d.u.i.k.p.i.IntermediateProofReplayer Proof replay took 2.6ns 
369151     INFO  main            d.u.i.k.p.r.p.TestFile    ... finished proof: closed. 
369540     INFO  main            d.u.i.k.p.i.AbstractProblemLoader Loading environment from /home/runner/work/key/key/key.core/../key.ui/examples/standard_key/polySimp/simplify14.key.proof 
369541     DEBUG main            d.u.i.k.p.i.AbstractProblemLoader Environment load took 66.4ns 
369541     INFO  main            d.u.i.k.p.i.AbstractProblemLoader Creating init config 
371725     DEBUG main            d.u.i.k.p.i.AbstractProblemLoader Init config took 2.18s 
371738     INFO  main            d.u.i.k.p.i.AbstractProblemLoader Replaying proof simplify14.key.proof 
371740     DEBUG main            d.u.i.k.p.i.IntermediateProofReplayer Proof replay took 1.27ms 
371741     DEBUG main            d.u.i.k.p.r.p.TestFile    ... success: reloaded. 
371741     INFO  main            d.u.i.k.p.r.p.TestFile    Now processing file /home/runner/work/key/key/key.core/../key.ui/examples/standard_key/polySimp/simplify15.key 
371741     INFO  main            d.u.i.k.p.i.AbstractProblemLoader Loading environment from /home/runner/work/key/key/key.core/../key.ui/examples/standard_key/polySimp/simplify15.key 
371741     DEBUG main            d.u.i.k.p.i.AbstractProblemLoader Environment load took 39.1ns 
371742     INFO  main            d.u.i.k.p.i.AbstractProblemLoader Creating init config 
373959     DEBUG main            d.u.i.k.p.i.AbstractProblemLoader Init config took 2.22s 
373971     INFO  main            d.u.i.k.p.i.AbstractProblemLoader Replaying proof simplify15.key 
373974     DEBUG main            d.u.i.k.p.i.IntermediateProofReplayer Proof replay took 2.5ns 
374076     INFO  main            d.u.i.k.p.r.p.TestFile    ... finished proof: closed. 
374467     INFO  main            d.u.i.k.p.i.AbstractProblemLoader Loading environment from /home/runner/work/key/key/key.core/../key.ui/examples/standard_key/polySimp/simplify15.key.proof 
374467     DEBUG main            d.u.i.k.p.i.AbstractProblemLoader Environment load took 68.8ns 
374468     INFO  main            d.u.i.k.p.i.AbstractProblemLoader Creating init config 
376651     DEBUG main            d.u.i.k.p.i.AbstractProblemLoader Init config took 2.18s 
376664     INFO  main            d.u.i.k.p.i.AbstractProblemLoader Replaying proof simplify15.key.proof 
376665     DEBUG main            d.u.i.k.p.i.IntermediateProofReplayer Proof replay took 561ns 
376666     DEBUG main            d.u.i.k.p.r.p.TestFile    ... success: reloaded. 
376666     INFO  main            d.u.i.k.p.r.p.TestFile    Now processing file /home/runner/work/key/key/key.core/../key.ui/examples/standard_key/polySimp/simplify16.key 
376666     INFO  main            d.u.i.k.p.i.AbstractProblemLoader Loading environment from /home/runner/work/key/key/key.core/../key.ui/examples/standard_key/polySimp/simplify16.key 
376666     DEBUG main            d.u.i.k.p.i.AbstractProblemLoader Environment load took 74.2ns 
376667     INFO  main            d.u.i.k.p.i.AbstractProblemLoader Creating init config 
378878     DEBUG main            d.u.i.k.p.i.AbstractProblemLoader Init config took 2.21s 
378890     INFO  main            d.u.i.k.p.i.AbstractProblemLoader Replaying proof simplify16.key 
378891     DEBUG main            d.u.i.k.p.i.IntermediateProofReplayer Proof replay took 2.3ns 
378992     INFO  main            d.u.i.k.p.r.p.TestFile    ... finished proof: closed. 
379391     INFO  main            d.u.i.k.p.i.AbstractProblemLoader Loading environment from /home/runner/work/key/key/key.core/../key.ui/examples/standard_key/polySimp/simplify16.key.proof 
379391     DEBUG main            d.u.i.k.p.i.AbstractProblemLoader Environment load took 61.7ns 
379391     INFO  main            d.u.i.k.p.i.AbstractProblemLoader Creating init config 
381591     DEBUG main            d.u.i.k.p.i.AbstractProblemLoader Init config took 2.2s 
381603     INFO  main            d.u.i.k.p.i.AbstractProblemLoader Replaying proof simplify16.key.proof 
381605     DEBUG main            d.u.i.k.p.i.IntermediateProofReplayer Proof replay took 376.7ns 
381605     DEBUG main            d.u.i.k.p.r.p.TestFile    ... success: reloaded. 
381606     INFO  main            d.u.i.k.p.r.p.TestFile    Now processing file /home/runner/work/key/key/key.core/../key.ui/examples/standard_key/polySimp/simplify17.key 
381606     INFO  main            d.u.i.k.p.i.AbstractProblemLoader Loading environment from /home/runner/work/key/key/key.core/../key.ui/examples/standard_key/polySimp/simplify17.key 
381606     DEBUG main            d.u.i.k.p.i.AbstractProblemLoader Environment load took 55.2ns 
381607     INFO  main            d.u.i.k.p.i.AbstractProblemLoader Creating init config 
383819     DEBUG main            d.u.i.k.p.i.AbstractProblemLoader Init config took 2.21s 
383831     INFO  main            d.u.i.k.p.i.AbstractProblemLoader Replaying proof simplify17.key 
383832     DEBUG main            d.u.i.k.p.i.IntermediateProofReplayer Proof replay took 2.3ns 
383934     INFO  main            d.u.i.k.p.r.p.TestFile    ... finished proof: closed. 
384346     INFO  main            d.u.i.k.p.i.AbstractProblemLoader Loading environment from /home/runner/work/key/key/key.core/../key.ui/examples/standard_key/polySimp/simplify17.key.proof 
384346     DEBUG main            d.u.i.k.p.i.AbstractProblemLoader Environment load took 66ns 
384347     INFO  main            d.u.i.k.p.i.AbstractProblemLoader Creating init config 
386573     DEBUG main            d.u.i.k.p.i.AbstractProblemLoader Init config took 2.23s 
386585     INFO  main            d.u.i.k.p.i.AbstractProblemLoader Replaying proof simplify17.key.proof 
386591     DEBUG main            d.u.i.k.p.i.IntermediateProofReplayer Proof replay took 4.86ms 
386592     DEBUG main            d.u.i.k.p.r.p.TestFile    ... success: reloaded. 
386592     INFO  main            d.u.i.k.p.r.p.TestFile    Now processing file /home/runner/work/key/key/key.core/../key.ui/examples/standard_key/polySimp/simplify18.key 
386593     INFO  main            d.u.i.k.p.i.AbstractProblemLoader Loading environment from /home/runner/work/key/key/key.core/../key.ui/examples/standard_key/polySimp/simplify18.key 
386593     DEBUG main            d.u.i.k.p.i.AbstractProblemLoader Environment load took 39.7ns 
386593     INFO  main            d.u.i.k.p.i.AbstractProblemLoader Creating init config 
388803     DEBUG main            d.u.i.k.p.i.AbstractProblemLoader Init config took 2.21s 
388816     INFO  main            d.u.i.k.p.i.AbstractProblemLoader Replaying proof simplify18.key 
388817     DEBUG main            d.u.i.k.p.i.IntermediateProofReplayer Proof replay took 2.7ns 
389019     INFO  main            d.u.i.k.p.r.p.TestFile    ... finished proof: closed. 
389436     INFO  main            d.u.i.k.p.i.AbstractProblemLoader Loading environment from /home/runner/work/key/key/key.core/../key.ui/examples/standard_key/polySimp/simplify18.key.proof 
389436     DEBUG main            d.u.i.k.p.i.AbstractProblemLoader Environment load took 66.8ns 
389437     INFO  main            d.u.i.k.p.i.AbstractProblemLoader Creating init config 
391620     DEBUG main            d.u.i.k.p.i.AbstractProblemLoader Init config took 2.18s 
391633     INFO  main            d.u.i.k.p.i.AbstractProblemLoader Replaying proof simplify18.key.proof 
391647     DEBUG main            d.u.i.k.p.i.IntermediateProofReplayer Proof replay took 12.6ms 
391648     DEBUG main            d.u.i.k.p.r.p.TestFile    ... success: reloaded. 
391648     INFO  main            d.u.i.k.p.r.p.TestFile    Now processing file /home/runner/work/key/key/key.core/../key.ui/examples/standard_key/polySimp/simplify19.key 
391648     INFO  main            d.u.i.k.p.i.AbstractProblemLoader Loading environment from /home/runner/work/key/key/key.core/../key.ui/examples/standard_key/polySimp/simplify19.key 
391648     DEBUG main            d.u.i.k.p.i.AbstractProblemLoader Environment load took 58.7ns 
391649     INFO  main            d.u.i.k.p.i.AbstractProblemLoader Creating init config 
393854     DEBUG main            d.u.i.k.p.i.AbstractProblemLoader Init config took 2.21s 
393867     INFO  main            d.u.i.k.p.i.AbstractProblemLoader Replaying proof simplify19.key 
393868     DEBUG main            d.u.i.k.p.i.IntermediateProofReplayer Proof replay took 2.7ns 
396577     INFO  main            d.u.i.k.p.r.p.TestFile    ... finished proof: closed. 
397040     INFO  main            d.u.i.k.p.i.AbstractProblemLoader Loading environment from /home/runner/work/key/key/key.core/../key.ui/examples/standard_key/polySimp/simplify19.key.proof 
397040     DEBUG main            d.u.i.k.p.i.AbstractProblemLoader Environment load took 69.8ns 
397042     INFO  main            d.u.i.k.p.i.AbstractProblemLoader Creating init config 
399236     DEBUG main            d.u.i.k.p.i.AbstractProblemLoader Init config took 2.19s 
399249     INFO  main            d.u.i.k.p.i.AbstractProblemLoader Replaying proof simplify19.key.proof 
399469     DEBUG main            d.u.i.k.p.i.IntermediateProofReplayer Proof replay took 209.5ms 
399470     DEBUG main            d.u.i.k.p.r.p.TestFile    ... success: reloaded. 
399471     INFO  main            d.u.i.k.p.r.p.TestFile    Now processing file /home/runner/work/key/key/key.core/../key.ui/examples/standard_key/polySimp/simplify2.key 
399471     INFO  main            d.u.i.k.p.i.AbstractProblemLoader Loading environment from /home/runner/work/key/key/key.core/../key.ui/examples/standard_key/polySimp/simplify2.key 
399471     DEBUG main            d.u.i.k.p.i.AbstractProblemLoader Environment load took 75.7ns 
399472     INFO  main            d.u.i.k.p.i.AbstractProblemLoader Creating init config 
401720     DEBUG main            d.u.i.k.p.i.AbstractProblemLoader Init config took 2.25s 
401732     INFO  main            d.u.i.k.p.i.AbstractProblemLoader Replaying proof simplify2.key 
401733     DEBUG main            d.u.i.k.p.i.IntermediateProofReplayer Proof replay took 1.7ns 
401836     INFO  main            d.u.i.k.p.r.p.TestFile    ... finished proof: closed. 
402291     INFO  main            d.u.i.k.p.i.AbstractProblemLoader Loading environment from /home/runner/work/key/key/key.core/../key.ui/examples/standard_key/polySimp/simplify2.key.proof 
402291     DEBUG main            d.u.i.k.p.i.AbstractProblemLoader Environment load took 65.9ns 
402292     INFO  main            d.u.i.k.p.i.AbstractProblemLoader Creating init config 
404481     DEBUG main            d.u.i.k.p.i.AbstractProblemLoader Init config took 2.19s 
404493     INFO  main            d.u.i.k.p.i.AbstractProblemLoader Replaying proof simplify2.key.proof 
404495     DEBUG main            d.u.i.k.p.i.IntermediateProofReplayer Proof replay took 719.3ns 
404496     DEBUG main            d.u.i.k.p.r.p.TestFile    ... success: reloaded. 
404496     INFO  main            d.u.i.k.p.r.p.TestFile    Now processing file /home/runner/work/key/key/key.core/../key.ui/examples/standard_key/polySimp/simplify20.key 
404496     INFO  main            d.u.i.k.p.i.AbstractProblemLoader Loading environment from /home/runner/work/key/key/key.core/../key.ui/examples/standard_key/polySimp/simplify20.key 
404496     DEBUG main            d.u.i.k.p.i.AbstractProblemLoader Environment load took 38.1ns 
404497     INFO  main            d.u.i.k.p.i.AbstractProblemLoader Creating init config 
406723     DEBUG main            d.u.i.k.p.i.AbstractProblemLoader Init config took 2.23s 
406735     INFO  main            d.u.i.k.p.i.AbstractProblemLoader Replaying proof simplify20.key 
406736     DEBUG main            d.u.i.k.p.i.IntermediateProofReplayer Proof replay took 2ns 
407339     INFO  main            d.u.i.k.p.r.p.TestFile    ... finished proof: closed. 
407817     INFO  main            d.u.i.k.p.i.AbstractProblemLoader Loading environment from /home/runner/work/key/key/key.core/../key.ui/examples/standard_key/polySimp/simplify20.key.proof 
407817     DEBUG main            d.u.i.k.p.i.AbstractProblemLoader Environment load took 325.1ns 
407819     INFO  main            d.u.i.k.p.i.AbstractProblemLoader Creating init config 
410010     DEBUG main            d.u.i.k.p.i.AbstractProblemLoader Init config took 2.19s 
410024     INFO  main            d.u.i.k.p.i.AbstractProblemLoader Replaying proof simplify20.key.proof 
410082     DEBUG main            d.u.i.k.p.i.IntermediateProofReplayer Proof replay took 54.4ms 
410083     DEBUG main            d.u.i.k.p.r.p.TestFile    ... success: reloaded. 
410083     INFO  main            d.u.i.k.p.r.p.TestFile    Now processing file /home/runner/work/key/key/key.core/../key.ui/examples/standard_key/polySimp/simplify21.key 
410084     INFO  main            d.u.i.k.p.i.AbstractProblemLoader Loading environment from /home/runner/work/key/key/key.core/../key.ui/examples/standard_key/polySimp/simplify21.key 
410084     DEBUG main            d.u.i.k.p.i.AbstractProblemLoader Environment load took 58.2ns 
410086     INFO  main            d.u.i.k.p.i.AbstractProblemLoader Creating init config 
412344     DEBUG main            d.u.i.k.p.i.AbstractProblemLoader Init config took 2.26s 
412357     INFO  main            d.u.i.k.p.i.AbstractProblemLoader Replaying proof simplify21.key 
412358     DEBUG main            d.u.i.k.p.i.IntermediateProofReplayer Proof replay took 1.9ns 
412862     INFO  main            d.u.i.k.p.r.p.TestFile    ... finished proof: closed. 
413351     INFO  main            d.u.i.k.p.i.AbstractProblemLoader Loading environment from /home/runner/work/key/key/key.core/../key.ui/examples/standard_key/polySimp/simplify21.key.proof 
413352     DEBUG main            d.u.i.k.p.i.AbstractProblemLoader Environment load took 81.2ns 
413354     INFO  main            d.u.i.k.p.i.AbstractProblemLoader Creating init config 
415543     DEBUG main            d.u.i.k.p.i.AbstractProblemLoader Init config took 2.19s 
415559     INFO  main            d.u.i.k.p.i.AbstractProblemLoader Replaying proof simplify21.key.proof 
415605     DEBUG main            d.u.i.k.p.i.IntermediateProofReplayer Proof replay took 43.04ms 
415607     DEBUG main            d.u.i.k.p.r.p.TestFile    ... success: reloaded. 
415607     INFO  main            d.u.i.k.p.r.p.TestFile    Now processing file /home/runner/work/key/key/key.core/../key.ui/examples/standard_key/polySimp/simplify22.key 
415608     INFO  main            d.u.i.k.p.i.AbstractProblemLoader Loading environment from /home/runner/work/key/key/key.core/../key.ui/examples/standard_key/polySimp/simplify22.key 
415608     DEBUG main            d.u.i.k.p.i.AbstractProblemLoader Environment load took 51.2ns 
415608     INFO  main            d.u.i.k.p.i.AbstractProblemLoader Creating init config 
417842     DEBUG main            d.u.i.k.p.i.AbstractProblemLoader Init config took 2.23s 
417854     INFO  main            d.u.i.k.p.i.AbstractProblemLoader Replaying proof simplify22.key 
417857     DEBUG main            d.u.i.k.p.i.IntermediateProofReplayer Proof replay took 2.1ns 
417958     INFO  main            d.u.i.k.p.r.p.TestFile    ... finished proof: closed. 
418418     INFO  main            d.u.i.k.p.i.AbstractProblemLoader Loading environment from /home/runner/work/key/key/key.core/../key.ui/examples/standard_key/polySimp/simplify22.key.proof 
418418     DEBUG main            d.u.i.k.p.i.AbstractProblemLoader Environment load took 70.1ns 
418419     INFO  main            d.u.i.k.p.i.AbstractProblemLoader Creating init config 
420620     DEBUG main            d.u.i.k.p.i.AbstractProblemLoader Init config took 2.2s 
420632     INFO  main            d.u.i.k.p.i.AbstractProblemLoader Replaying proof simplify22.key.proof 
420638     DEBUG main            d.u.i.k.p.i.IntermediateProofReplayer Proof replay took 2.09ms 
420639     DEBUG main            d.u.i.k.p.r.p.TestFile    ... success: reloaded. 
420639     INFO  main            d.u.i.k.p.r.p.TestFile    Now processing file /home/runner/work/key/key/key.core/../key.ui/examples/standard_key/polySimp/simplify23.key 
420640     INFO  main            d.u.i.k.p.i.AbstractProblemLoader Loading environment from /home/runner/work/key/key/key.core/../key.ui/examples/standard_key/polySimp/simplify23.key 
420640     DEBUG main            d.u.i.k.p.i.AbstractProblemLoader Environment load took 64.3ns 
420640     INFO  main            d.u.i.k.p.i.AbstractProblemLoader Creating init config 
422876     DEBUG main            d.u.i.k.p.i.AbstractProblemLoader Init config took 2.24s 
422888     INFO  main            d.u.i.k.p.i.AbstractProblemLoader Replaying proof simplify23.key 
422890     DEBUG main            d.u.i.k.p.i.IntermediateProofReplayer Proof replay took 2.6ns 
422991     INFO  main            d.u.i.k.p.r.p.TestFile    ... finished proof: closed. 
423434     INFO  main            d.u.i.k.p.i.AbstractProblemLoader Loading environment from /home/runner/work/key/key/key.core/../key.ui/examples/standard_key/polySimp/simplify23.key.proof 
423434     DEBUG main            d.u.i.k.p.i.AbstractProblemLoader Environment load took 65.5ns 
423435     INFO  main            d.u.i.k.p.i.AbstractProblemLoader Creating init config 
425636     DEBUG main            d.u.i.k.p.i.AbstractProblemLoader Init config took 2.2s 
425649     INFO  main            d.u.i.k.p.i.AbstractProblemLoader Replaying proof simplify23.key.proof 
425661     DEBUG main            d.u.i.k.p.i.IntermediateProofReplayer Proof replay took 10.53ms 
425661     DEBUG main            d.u.i.k.p.r.p.TestFile    ... success: reloaded. 
425662     INFO  main            d.u.i.k.p.r.p.TestFile    Now processing file /home/runner/work/key/key/key.core/../key.ui/examples/standard_key/polySimp/simplify24.key 
425662     INFO  main            d.u.i.k.p.i.AbstractProblemLoader Loading environment from /home/runner/work/key/key/key.core/../key.ui/examples/standard_key/polySimp/simplify24.key 
425662     DEBUG main            d.u.i.k.p.i.AbstractProblemLoader Environment load took 38.6ns 
425663     INFO  main            d.u.i.k.p.i.AbstractProblemLoader Creating init config 
427892     DEBUG main            d.u.i.k.p.i.AbstractProblemLoader Init config took 2.23s 
427905     INFO  main            d.u.i.k.p.i.AbstractProblemLoader Replaying proof simplify24.key 
427905     DEBUG main            d.u.i.k.p.i.IntermediateProofReplayer Proof replay took 2.5ns 
428007     INFO  main            d.u.i.k.p.r.p.TestFile    ... finished proof: closed. 
428456     INFO  main            d.u.i.k.p.i.AbstractProblemLoader Loading environment from /home/runner/work/key/key/key.core/../key.ui/examples/standard_key/polySimp/simplify24.key.proof 
428456     DEBUG main            d.u.i.k.p.i.AbstractProblemLoader Environment load took 68.2ns 
428457     INFO  main            d.u.i.k.p.i.AbstractProblemLoader Creating init config 
430650     DEBUG main            d.u.i.k.p.i.AbstractProblemLoader Init config took 2.19s 
430662     INFO  main            d.u.i.k.p.i.AbstractProblemLoader Replaying proof simplify24.key.proof 
430665     DEBUG main            d.u.i.k.p.i.IntermediateProofReplayer Proof replay took 2.19ms 
430666     DEBUG main            d.u.i.k.p.r.p.TestFile    ... success: reloaded. 
430666     INFO  main            d.u.i.k.p.r.p.TestFile    Now processing file /home/runner/work/key/key/key.core/../key.ui/examples/standard_key/polySimp/simplify25.key 
430667     INFO  main            d.u.i.k.p.i.AbstractProblemLoader Loading environment from /home/runner/work/key/key/key.core/../key.ui/examples/standard_key/polySimp/simplify25.key 
430667     DEBUG main            d.u.i.k.p.i.AbstractProblemLoader Environment load took 53.1ns 
430667     INFO  main            d.u.i.k.p.i.AbstractProblemLoader Creating init config 
432888     DEBUG main            d.u.i.k.p.i.AbstractProblemLoader Init config took 2.22s 
432901     INFO  main            d.u.i.k.p.i.AbstractProblemLoader Replaying proof simplify25.key 
432902     DEBUG main            d.u.i.k.p.i.IntermediateProofReplayer Proof replay took 1.8ns 
433004     INFO  main            d.u.i.k.p.r.p.TestFile    ... finished proof: closed. 
433453     INFO  main            d.u.i.k.p.i.AbstractProblemLoader Loading environment from /home/runner/work/key/key/key.core/../key.ui/examples/standard_key/polySimp/simplify25.key.proof 
433453     DEBUG main            d.u.i.k.p.i.AbstractProblemLoader Environment load took 75.1ns 
433453     INFO  main            d.u.i.k.p.i.AbstractProblemLoader Creating init config 
435640     DEBUG main            d.u.i.k.p.i.AbstractProblemLoader Init config took 2.19s 
435653     INFO  main            d.u.i.k.p.i.AbstractProblemLoader Replaying proof simplify25.key.proof 
435656     DEBUG main            d.u.i.k.p.i.IntermediateProofReplayer Proof replay took 2.21ms 
435657     DEBUG main            d.u.i.k.p.r.p.TestFile    ... success: reloaded. 
435657     INFO  main            d.u.i.k.p.r.p.TestFile    Now processing file /home/runner/work/key/key/key.core/../key.ui/examples/standard_key/polySimp/simplify3.key 
435657     INFO  main            d.u.i.k.p.i.AbstractProblemLoader Loading environment from /home/runner/work/key/key/key.core/../key.ui/examples/standard_key/polySimp/simplify3.key 
435658     DEBUG main            d.u.i.k.p.i.AbstractProblemLoader Environment load took 36.9ns 
435658     INFO  main            d.u.i.k.p.i.AbstractProblemLoader Creating init config 
437885     DEBUG main            d.u.i.k.p.i.AbstractProblemLoader Init config took 2.23s 
437897     INFO  main            d.u.i.k.p.i.AbstractProblemLoader Replaying proof simplify3.key 
437898     DEBUG main            d.u.i.k.p.i.IntermediateProofReplayer Proof replay took 2ns 
438005     INFO  main            d.u.i.k.p.r.p.TestFile    ... finished proof: closed. 
438461     INFO  main            d.u.i.k.p.i.AbstractProblemLoader Loading environment from /home/runner/work/key/key/key.core/../key.ui/examples/standard_key/polySimp/simplify3.key.proof 
438461     DEBUG main            d.u.i.k.p.i.AbstractProblemLoader Environment load took 65.2ns 
438462     INFO  main            d.u.i.k.p.i.AbstractProblemLoader Creating init config 
440646     DEBUG main            d.u.i.k.p.i.AbstractProblemLoader Init config took 2.18s 
440659     INFO  main            d.u.i.k.p.i.AbstractProblemLoader Replaying proof simplify3.key.proof 
440661     DEBUG main            d.u.i.k.p.i.IntermediateProofReplayer Proof replay took 732.4ns 
440661     DEBUG main            d.u.i.k.p.r.p.TestFile    ... success: reloaded. 
440661     INFO  main            d.u.i.k.p.r.p.TestFile    Now processing file /home/runner/work/key/key/key.core/../key.ui/examples/standard_key/polySimp/simplify4.key 
440662     INFO  main            d.u.i.k.p.i.AbstractProblemLoader Loading environment from /home/runner/work/key/key/key.core/../key.ui/examples/standard_key/polySimp/simplify4.key 
440662     DEBUG main            d.u.i.k.p.i.AbstractProblemLoader Environment load took 37.5ns 
440662     INFO  main            d.u.i.k.p.i.AbstractProblemLoader Creating init config 
442878     DEBUG main            d.u.i.k.p.i.AbstractProblemLoader Init config took 2.22s 
442890     INFO  main            d.u.i.k.p.i.AbstractProblemLoader Replaying proof simplify4.key 
442891     DEBUG main            d.u.i.k.p.i.IntermediateProofReplayer Proof replay took 1.9ns 
442992     INFO  main            d.u.i.k.p.r.p.TestFile    ... finished proof: closed. 
443443     INFO  main            d.u.i.k.p.i.AbstractProblemLoader Loading environment from /home/runner/work/key/key/key.core/../key.ui/examples/standard_key/polySimp/simplify4.key.proof 
443443     DEBUG main            d.u.i.k.p.i.AbstractProblemLoader Environment load took 67.4ns 
443444     INFO  main            d.u.i.k.p.i.AbstractProblemLoader Creating init config 
445622     DEBUG main            d.u.i.k.p.i.AbstractProblemLoader Init config took 2.18s 
445634     INFO  main            d.u.i.k.p.i.AbstractProblemLoader Replaying proof simplify4.key.proof 
445636     DEBUG main            d.u.i.k.p.i.IntermediateProofReplayer Proof replay took 985ns 
445637     DEBUG main            d.u.i.k.p.r.p.TestFile    ... success: reloaded. 
445637     INFO  main            d.u.i.k.p.r.p.TestFile    Now processing file /home/runner/work/key/key/key.core/../key.ui/examples/standard_key/polySimp/simplify5.key 
445637     INFO  main            d.u.i.k.p.i.AbstractProblemLoader Loading environment from /home/runner/work/key/key/key.core/../key.ui/examples/standard_key/polySimp/simplify5.key 
445637     DEBUG main            d.u.i.k.p.i.AbstractProblemLoader Environment load took 54.5ns 
445638     INFO  main            d.u.i.k.p.i.AbstractProblemLoader Creating init config 
447857     DEBUG main            d.u.i.k.p.i.AbstractProblemLoader Init config took 2.22s 
447869     INFO  main            d.u.i.k.p.i.AbstractProblemLoader Replaying proof simplify5.key 
447870     DEBUG main            d.u.i.k.p.i.IntermediateProofReplayer Proof replay took 2.1ns 
447971     INFO  main            d.u.i.k.p.r.p.TestFile    ... finished proof: closed. 
448440     INFO  main            d.u.i.k.p.i.AbstractProblemLoader Loading environment from /home/runner/work/key/key/key.core/../key.ui/examples/standard_key/polySimp/simplify5.key.proof 
448440     DEBUG main            d.u.i.k.p.i.AbstractProblemLoader Environment load took 63.3ns 
448441     INFO  main            d.u.i.k.p.i.AbstractProblemLoader Creating init config 
450630     DEBUG main            d.u.i.k.p.i.AbstractProblemLoader Init config took 2.19s 
450643     INFO  main            d.u.i.k.p.i.AbstractProblemLoader Replaying proof simplify5.key.proof 
450650     DEBUG main            d.u.i.k.p.i.IntermediateProofReplayer Proof replay took 5.22ms 
450651     DEBUG main            d.u.i.k.p.r.p.TestFile    ... success: reloaded. 
450651     INFO  main            d.u.i.k.p.r.p.TestFile    Now processing file /home/runner/work/key/key/key.core/../key.ui/examples/standard_key/polySimp/simplify6.key 
450651     INFO  main            d.u.i.k.p.i.AbstractProblemLoader Loading environment from /home/runner/work/key/key/key.core/../key.ui/examples/standard_key/polySimp/simplify6.key 
450651     DEBUG main            d.u.i.k.p.i.AbstractProblemLoader Environment load took 51.9ns 
450652     INFO  main            d.u.i.k.p.i.AbstractProblemLoader Creating init config 
452874     DEBUG main            d.u.i.k.p.i.AbstractProblemLoader Init config took 2.22s 
452886     INFO  main            d.u.i.k.p.i.AbstractProblemLoader Replaying proof simplify6.key 
452887     DEBUG main            d.u.i.k.p.i.IntermediateProofReplayer Proof replay took 2ns 
452988     INFO  main            d.u.i.k.p.r.p.TestFile    ... finished proof: closed. 
453466     INFO  main            d.u.i.k.p.i.AbstractProblemLoader Loading environment from /home/runner/work/key/key/key.core/../key.ui/examples/standard_key/polySimp/simplify6.key.proof 
453467     DEBUG main            d.u.i.k.p.i.AbstractProblemLoader Environment load took 66.3ns 
453467     INFO  main            d.u.i.k.p.i.AbstractProblemLoader Creating init config 
455654     DEBUG main            d.u.i.k.p.i.AbstractProblemLoader Init config took 2.19s 
455666     INFO  main            d.u.i.k.p.i.AbstractProblemLoader Replaying proof simplify6.key.proof 
455668     DEBUG main            d.u.i.k.p.i.IntermediateProofReplayer Proof replay took 274.2ns 
455668     DEBUG main            d.u.i.k.p.r.p.TestFile    ... success: reloaded. 
455669     INFO  main            d.u.i.k.p.r.p.TestFile    Now processing file /home/runner/work/key/key/key.core/../key.ui/examples/standard_key/polySimp/simplify7.key 
455669     INFO  main            d.u.i.k.p.i.AbstractProblemLoader Loading environment from /home/runner/work/key/key/key.core/../key.ui/examples/standard_key/polySimp/simplify7.key 
455669     DEBUG main            d.u.i.k.p.i.AbstractProblemLoader Environment load took 46.4ns 
455669     INFO  main            d.u.i.k.p.i.AbstractProblemLoader Creating init config 
457899     DEBUG main            d.u.i.k.p.i.AbstractProblemLoader Init config took 2.23s 
457911     INFO  main            d.u.i.k.p.i.AbstractProblemLoader Replaying proof simplify7.key 
457912     DEBUG main            d.u.i.k.p.i.IntermediateProofReplayer Proof replay took 2.2ns 
458013     INFO  main            d.u.i.k.p.r.p.TestFile    ... finished proof: closed. 
458481     INFO  main            d.u.i.k.p.i.AbstractProblemLoader Loading environment from /home/runner/work/key/key/key.core/../key.ui/examples/standard_key/polySimp/simplify7.key.proof 
458481     DEBUG main            d.u.i.k.p.i.AbstractProblemLoader Environment load took 64.5ns 
458482     INFO  main            d.u.i.k.p.i.AbstractProblemLoader Creating init config 
460673     DEBUG main            d.u.i.k.p.i.AbstractProblemLoader Init config took 2.19s 
460685     INFO  main            d.u.i.k.p.i.AbstractProblemLoader Replaying proof simplify7.key.proof 
460687     DEBUG main            d.u.i.k.p.i.IntermediateProofReplayer Proof replay took 503.8ns 
460687     DEBUG main            d.u.i.k.p.r.p.TestFile    ... success: reloaded. 
460688     INFO  main            d.u.i.k.p.r.p.TestFile    Now processing file /home/runner/work/key/key/key.core/../key.ui/examples/standard_key/polySimp/simplify8.key 
460688     INFO  main            d.u.i.k.p.i.AbstractProblemLoader Loading environment from /home/runner/work/key/key/key.core/../key.ui/examples/standard_key/polySimp/simplify8.key 
460688     DEBUG main            d.u.i.k.p.i.AbstractProblemLoader Environment load took 37.3ns 
460691     INFO  main            d.u.i.k.p.i.AbstractProblemLoader Creating init config 
462908     DEBUG main            d.u.i.k.p.i.AbstractProblemLoader Init config took 2.22s 
462921     INFO  main            d.u.i.k.p.i.AbstractProblemLoader Replaying proof simplify8.key 
462925     DEBUG main            d.u.i.k.p.i.IntermediateProofReplayer Proof replay took 2.1ns 
466532     INFO  main            d.u.i.k.p.r.p.TestFile    ... finished proof: closed. 
467023     INFO  main            d.u.i.k.p.i.AbstractProblemLoader Loading environment from /home/runner/work/key/key/key.core/../key.ui/examples/standard_key/polySimp/simplify8.key.proof 
467023     DEBUG main            d.u.i.k.p.i.AbstractProblemLoader Environment load took 70.9ns 
467025     INFO  main            d.u.i.k.p.i.AbstractProblemLoader Creating init config 
469229     DEBUG main            d.u.i.k.p.i.AbstractProblemLoader Init config took 2.2s 
469244     INFO  main            d.u.i.k.p.i.AbstractProblemLoader Replaying proof simplify8.key.proof 
469414     DEBUG main            d.u.i.k.p.i.IntermediateProofReplayer Proof replay took 165.94ms 
469416     DEBUG main            d.u.i.k.p.r.p.TestFile    ... success: reloaded. 
469416     INFO  main            d.u.i.k.p.r.p.TestFile    Now processing file /home/runner/work/key/key/key.core/../key.ui/examples/standard_key/polySimp/simplify9.key 
469417     INFO  main            d.u.i.k.p.i.AbstractProblemLoader Loading environment from /home/runner/work/key/key/key.core/../key.ui/examples/standard_key/polySimp/simplify9.key 
469417     DEBUG main            d.u.i.k.p.i.AbstractProblemLoader Environment load took 38.9ns 
469418     INFO  main            d.u.i.k.p.i.AbstractProblemLoader Creating init config 
471678     DEBUG main            d.u.i.k.p.i.AbstractProblemLoader Init config took 2.26s 
471691     INFO  main            d.u.i.k.p.i.AbstractProblemLoader Replaying proof simplify9.key 
471691     DEBUG main            d.u.i.k.p.i.IntermediateProofReplayer Proof replay took 1.9ns 
471893     INFO  main            d.u.i.k.p.r.p.TestFile    ... finished proof: closed. 
472416     INFO  main            d.u.i.k.p.i.AbstractProblemLoader Loading environment from /home/runner/work/key/key/key.core/../key.ui/examples/standard_key/polySimp/simplify9.key.proof 
472416     DEBUG main            d.u.i.k.p.i.AbstractProblemLoader Environment load took 65.1ns 
472417     INFO  main            d.u.i.k.p.i.AbstractProblemLoader Creating init config 
474613     DEBUG main            d.u.i.k.p.i.AbstractProblemLoader Init config took 2.2s 
474626     INFO  main            d.u.i.k.p.i.AbstractProblemLoader Replaying proof simplify9.key.proof 
474636     DEBUG main            d.u.i.k.p.i.IntermediateProofReplayer Proof replay took 8.7ms 
474637     DEBUG main            d.u.i.k.p.r.p.TestFile    ... success: reloaded. 
2802497    INFO  Test worker     d.u.i.k.p.r.RunAllProofsTestUnit Returning from test arithmetic 
2802498    INFO  Test worker     d.u.i.k.p.r.RunAllProofsTestUnit Running test arrays 
375        INFO  Timeout watchdog d.u.i.k.p.r.p.ForkedTestFileRunner Timeout watcher launched (2000 secs.) 
393        WARN  main            d.u.i.k.s.ProofSettings   The settings in /home/runner/.key/proof-settings.props are *not* read. 
423        INFO  main            d.u.i.k.p.r.p.TestFile    Now processing file /home/runner/work/key/key/key.core/../key.ui/examples/standard_key/arrays/arrayStoreException/array2DimPrim.key 
533        INFO  main            d.u.i.k.p.i.AbstractProblemLoader Loading environment from /home/runner/work/key/key/key.core/../key.ui/examples/standard_key/arrays/arrayStoreException/array2DimPrim.key 
552        DEBUG main            d.u.i.k.p.i.AbstractProblemLoader Environment load took 1.77ms 
811        INFO  main            d.u.i.k.p.i.AbstractProblemLoader Creating init config 
1740       DEBUG main            d.u.i.k.j.TypeConverter   No LDT found for Meta 
1741       DEBUG main            d.u.i.k.j.TypeConverter   No LDT found for Meta 
1744       DEBUG main            d.u.i.k.j.TypeConverter   No LDT found for Meta 
1745       DEBUG main            d.u.i.k.j.TypeConverter   No LDT found for Meta 
3321       DEBUG main            d.u.i.k.j.TypeConverter   No LDT found for JavaBigintExpression 
8068       DEBUG main            d.u.i.k.p.i.AbstractProblemLoader Init config took 7.26s 
8130       INFO  main            d.u.i.k.p.i.AbstractProblemLoader Replaying proof array2DimPrim.key 
8160       DEBUG main            d.u.i.k.p.i.IntermediateProofReplayer Proof replay took 32.2ns 
12075      INFO  main            d.u.i.k.p.r.p.TestFile    ... finished proof: closed. 
12292      INFO  main            d.u.i.k.p.i.AbstractProblemLoader Loading environment from /home/runner/work/key/key/key.core/../key.ui/examples/standard_key/arrays/arrayStoreException/array2DimPrim.key.proof 
12293      DEBUG main            d.u.i.k.p.i.AbstractProblemLoader Environment load took 822ns 
12297      INFO  main            d.u.i.k.p.i.AbstractProblemLoader Creating init config 
14888      DEBUG main            d.u.i.k.p.i.AbstractProblemLoader Init config took 2.59s 
14919      INFO  main            d.u.i.k.p.i.AbstractProblemLoader Replaying proof array2DimPrim.key.proof 
15503      DEBUG main            d.u.i.k.p.i.IntermediateProofReplayer Proof replay took 568.79ms 
15517      DEBUG main            d.u.i.k.p.r.p.TestFile    ... success: reloaded. 
15520      INFO  main            d.u.i.k.p.r.p.TestFile    Now processing file /home/runner/work/key/key/key.core/../key.ui/examples/standard_key/arrays/arrayStoreException/arrayStoreKnownDynType.key 
15520      INFO  main            d.u.i.k.p.i.AbstractProblemLoader Loading environment from /home/runner/work/key/key/key.core/../key.ui/examples/standard_key/arrays/arrayStoreException/arrayStoreKnownDynType.key 
15520      DEBUG main            d.u.i.k.p.i.AbstractProblemLoader Environment load took 206.9ns 
15525      INFO  main            d.u.i.k.p.i.AbstractProblemLoader Creating init config 
18083      DEBUG main            d.u.i.k.p.i.AbstractProblemLoader Init config took 2.56s 
18112      INFO  main            d.u.i.k.p.i.AbstractProblemLoader Replaying proof arrayStoreKnownDynType.key 
18114      DEBUG main            d.u.i.k.p.i.IntermediateProofReplayer Proof replay took 6ns 
18418      INFO  main            d.u.i.k.p.r.p.TestFile    ... finished proof: closed. 
18636      INFO  main            d.u.i.k.p.i.AbstractProblemLoader Loading environment from /home/runner/work/key/key/key.core/../key.ui/examples/standard_key/arrays/arrayStoreException/arrayStoreKnownDynType.key.proof 
18636      DEBUG main            d.u.i.k.p.i.AbstractProblemLoader Environment load took 130.6ns 
18638      INFO  main            d.u.i.k.p.i.AbstractProblemLoader Creating init config 
21087      DEBUG main            d.u.i.k.p.i.AbstractProblemLoader Init config took 2.45s 
21110      INFO  main            d.u.i.k.p.i.AbstractProblemLoader Replaying proof arrayStoreKnownDynType.key.proof 
21149      DEBUG main            d.u.i.k.p.i.IntermediateProofReplayer Proof replay took 36.3ms 
21150      DEBUG main            d.u.i.k.p.r.p.TestFile    ... success: reloaded. 
21151      INFO  main            d.u.i.k.p.r.p.TestFile    Now processing file /home/runner/work/key/key/key.core/../key.ui/examples/standard_key/arrays/arrayStoreException/reverseArray.key 
21152      INFO  main            d.u.i.k.p.i.AbstractProblemLoader Loading environment from /home/runner/work/key/key/key.core/../key.ui/examples/standard_key/arrays/arrayStoreException/reverseArray.key 
21152      DEBUG main            d.u.i.k.p.i.AbstractProblemLoader Environment load took 194.7ns 
21153      INFO  main            d.u.i.k.p.i.AbstractProblemLoader Creating init config 
23602      DEBUG main            d.u.i.k.p.i.AbstractProblemLoader Init config took 2.45s 
23633      INFO  main            d.u.i.k.p.i.AbstractProblemLoader Replaying proof reverseArray.key 
23638      DEBUG main            d.u.i.k.p.i.IntermediateProofReplayer Proof replay took 5.1ns 
24258      INFO  main            d.u.i.k.p.r.p.TestFile    ... finished proof: closed. 
24470      INFO  main            d.u.i.k.p.i.AbstractProblemLoader Loading environment from /home/runner/work/key/key/key.core/../key.ui/examples/standard_key/arrays/arrayStoreException/reverseArray.key.proof 
24471      DEBUG main            d.u.i.k.p.i.AbstractProblemLoader Environment load took 1.07ms 
24472      INFO  main            d.u.i.k.p.i.AbstractProblemLoader Creating init config 
26866      DEBUG main            d.u.i.k.p.i.AbstractProblemLoader Init config took 2.39s 
26887      INFO  main            d.u.i.k.p.i.AbstractProblemLoader Replaying proof reverseArray.key.proof 
27017      DEBUG main            d.u.i.k.p.i.IntermediateProofReplayer Proof replay took 124.02ms 
27018      DEBUG main            d.u.i.k.p.r.p.TestFile    ... success: reloaded. 
27019      INFO  main            d.u.i.k.p.r.p.TestFile    Now processing file /home/runner/work/key/key/key.core/../key.ui/examples/standard_key/arrays/arrayStoreException/throwArrayStoreException.key 
27020      INFO  main            d.u.i.k.p.i.AbstractProblemLoader Loading environment from /home/runner/work/key/key/key.core/../key.ui/examples/standard_key/arrays/arrayStoreException/throwArrayStoreException.key 
27020      DEBUG main            d.u.i.k.p.i.AbstractProblemLoader Environment load took 191.2ns 
27021      INFO  main            d.u.i.k.p.i.AbstractProblemLoader Creating init config 
29481      DEBUG main            d.u.i.k.p.i.AbstractProblemLoader Init config took 2.46s 
29501      INFO  main            d.u.i.k.p.i.AbstractProblemLoader Replaying proof throwArrayStoreException.key 
29503      DEBUG main            d.u.i.k.p.i.IntermediateProofReplayer Proof replay took 5ns 
29906      INFO  main            d.u.i.k.p.r.p.TestFile    ... finished proof: closed. 
30080      INFO  main            d.u.i.k.p.i.AbstractProblemLoader Loading environment from /home/runner/work/key/key/key.core/../key.ui/examples/standard_key/arrays/arrayStoreException/throwArrayStoreException.key.proof 
30081      DEBUG main            d.u.i.k.p.i.AbstractProblemLoader Environment load took 364.4ns 
30082      INFO  main            d.u.i.k.p.i.AbstractProblemLoader Creating init config 
32495      DEBUG main            d.u.i.k.p.i.AbstractProblemLoader Init config took 2.41s 
32515      INFO  main            d.u.i.k.p.i.AbstractProblemLoader Replaying proof throwArrayStoreException.key.proof 
32606      DEBUG main            d.u.i.k.p.i.IntermediateProofReplayer Proof replay took 87.02ms 
32608      DEBUG main            d.u.i.k.p.r.p.TestFile    ... success: reloaded. 
32609      INFO  main            d.u.i.k.p.r.p.TestFile    Now processing file /home/runner/work/key/key/key.core/../key.ui/examples/standard_key/arrays/creation/arrayCreation1.key 
32609      INFO  main            d.u.i.k.p.i.AbstractProblemLoader Loading environment from /home/runner/work/key/key/key.core/../key.ui/examples/standard_key/arrays/creation/arrayCreation1.key 
32609      DEBUG main            d.u.i.k.p.i.AbstractProblemLoader Environment load took 175.2ns 
32610      INFO  main            d.u.i.k.p.i.AbstractProblemLoader Creating init config 
34992      DEBUG main            d.u.i.k.p.i.AbstractProblemLoader Init config took 2.38s 
35014      INFO  main            d.u.i.k.p.i.AbstractProblemLoader Replaying proof arrayCreation1.key 
35015      DEBUG main            d.u.i.k.p.i.IntermediateProofReplayer Proof replay took 6.4ns 
35117      INFO  main            d.u.i.k.p.r.p.TestFile    ... finished proof: closed. 
35288      INFO  main            d.u.i.k.p.i.AbstractProblemLoader Loading environment from /home/runner/work/key/key/key.core/../key.ui/examples/standard_key/arrays/creation/arrayCreation1.key.proof 
35289      DEBUG main            d.u.i.k.p.i.AbstractProblemLoader Environment load took 107ns 
35290      INFO  main            d.u.i.k.p.i.AbstractProblemLoader Creating init config 
37614      DEBUG main            d.u.i.k.p.i.AbstractProblemLoader Init config took 2.32s 
37636      INFO  main            d.u.i.k.p.i.AbstractProblemLoader Replaying proof arrayCreation1.key.proof 
37660      DEBUG main            d.u.i.k.p.i.IntermediateProofReplayer Proof replay took 22ms 
37661      DEBUG main            d.u.i.k.p.r.p.TestFile    ... success: reloaded. 
37662      INFO  main            d.u.i.k.p.r.p.TestFile    Now processing file /home/runner/work/key/key/key.core/../key.ui/examples/standard_key/arrays/arrayStoreException/array2Dim.key 
37663      INFO  main            d.u.i.k.p.i.AbstractProblemLoader Loading environment from /home/runner/work/key/key/key.core/../key.ui/examples/standard_key/arrays/arrayStoreException/array2Dim.key 
37663      DEBUG main            d.u.i.k.p.i.AbstractProblemLoader Environment load took 192.2ns 
37664      INFO  main            d.u.i.k.p.i.AbstractProblemLoader Creating init config 
40050      DEBUG main            d.u.i.k.p.i.AbstractProblemLoader Init config took 2.39s 
40071      INFO  main            d.u.i.k.p.i.AbstractProblemLoader Replaying proof array2Dim.key 
40073      DEBUG main            d.u.i.k.p.i.IntermediateProofReplayer Proof replay took 5.6ns 
43445      INFO  main            d.u.i.k.p.r.p.TestFile    ... finished proof: open goal(s) 
43679      INFO  main            d.u.i.k.p.r.p.TestFile    Now processing file /home/runner/work/key/key/key.core/../key.ui/examples/standard_key/arrays/arrayStoreException/array2DimClose.key 
43679      INFO  main            d.u.i.k.p.i.AbstractProblemLoader Loading environment from /home/runner/work/key/key/key.core/../key.ui/examples/standard_key/arrays/arrayStoreException/array2DimClose.key 
43679      DEBUG main            d.u.i.k.p.i.AbstractProblemLoader Environment load took 53.6ns 
43682      INFO  main            d.u.i.k.p.i.AbstractProblemLoader Creating init config 
46029      DEBUG main            d.u.i.k.p.i.AbstractProblemLoader Init config took 2.35s 
46049      INFO  main            d.u.i.k.p.i.AbstractProblemLoader Replaying proof array2DimClose.key 
46051      DEBUG main            d.u.i.k.p.i.IntermediateProofReplayer Proof replay took 10.5ns 
48289      INFO  main            d.u.i.k.p.r.p.TestFile    ... finished proof: open goal(s) 
48610      INFO  main            d.u.i.k.p.r.p.TestFile    Now processing file /home/runner/work/key/key/key.core/../key.ui/examples/standard_key/arrays/arrayStoreException/throwASEForPrim.key 
48610      INFO  main            d.u.i.k.p.i.AbstractProblemLoader Loading environment from /home/runner/work/key/key/key.core/../key.ui/examples/standard_key/arrays/arrayStoreException/throwASEForPrim.key 
48610      DEBUG main            d.u.i.k.p.i.AbstractProblemLoader Environment load took 88ns 
48611      INFO  main            d.u.i.k.p.i.AbstractProblemLoader Creating init config 
50876      DEBUG main            d.u.i.k.p.i.AbstractProblemLoader Init config took 2.27s 
50893      INFO  main            d.u.i.k.p.i.AbstractProblemLoader Replaying proof throwASEForPrim.key 
50894      DEBUG main            d.u.i.k.p.i.IntermediateProofReplayer Proof replay took 5.3ns 
55419      INFO  main            d.u.i.k.p.r.p.TestFile    ... finished proof: open goal(s) 
2858347    INFO  Test worker     d.u.i.k.p.r.RunAllProofsTestUnit Returning from test arrays 
2858348    INFO  Test worker     d.u.i.k.p.r.RunAllProofsTestUnit Running test javadl 
316        INFO  Timeout watchdog d.u.i.k.p.r.p.ForkedTestFileRunner Timeout watcher launched (2000 secs.) 
331        WARN  main            d.u.i.k.s.ProofSettings   The settings in /home/runner/.key/proof-settings.props are *not* read. 
359        INFO  main            d.u.i.k.p.r.p.TestFile    Now processing file /home/runner/work/key/key/key.core/../key.ui/examples/standard_key/instanceCreation/instanceCreation1.key 
465        INFO  main            d.u.i.k.p.i.AbstractProblemLoader Loading environment from /home/runner/work/key/key/key.core/../key.ui/examples/standard_key/instanceCreation/instanceCreation1.key 
485        DEBUG main            d.u.i.k.p.i.AbstractProblemLoader Environment load took 5.9ms 
765        INFO  main            d.u.i.k.p.i.AbstractProblemLoader Creating init config 
1630       DEBUG main            d.u.i.k.j.TypeConverter   No LDT found for Meta 
1630       DEBUG main            d.u.i.k.j.TypeConverter   No LDT found for Meta 
1632       DEBUG main            d.u.i.k.j.TypeConverter   No LDT found for Meta 
1632       DEBUG main            d.u.i.k.j.TypeConverter   No LDT found for Meta 
3169       DEBUG main            d.u.i.k.j.TypeConverter   No LDT found for JavaBigintExpression 
8013       DEBUG main            d.u.i.k.p.i.AbstractProblemLoader Init config took 7.25s 
8076       INFO  main            d.u.i.k.p.i.AbstractProblemLoader Replaying proof instanceCreation1.key 
8105       DEBUG main            d.u.i.k.p.i.IntermediateProofReplayer Proof replay took 35ns 
9043       INFO  main            d.u.i.k.p.r.p.TestFile    ... finished proof: closed. 
9160       INFO  main            d.u.i.k.p.i.AbstractProblemLoader Loading environment from /home/runner/work/key/key/key.core/../key.ui/examples/standard_key/instanceCreation/instanceCreation1.key.proof 
9164       DEBUG main            d.u.i.k.p.i.AbstractProblemLoader Environment load took 3.5ms 
9170       INFO  main            d.u.i.k.p.i.AbstractProblemLoader Creating init config 
11781      DEBUG main            d.u.i.k.p.i.AbstractProblemLoader Init config took 2.61s 
11817      INFO  main            d.u.i.k.p.i.AbstractProblemLoader Replaying proof instanceCreation1.key.proof 
11943      DEBUG main            d.u.i.k.p.i.IntermediateProofReplayer Proof replay took 117.68ms 
11957      DEBUG main            d.u.i.k.p.r.p.TestFile    ... success: reloaded. 
11959      INFO  main            d.u.i.k.p.r.p.TestFile    Now processing file /home/runner/work/key/key/key.core/../key.ui/examples/standard_key/instanceCreation/instanceCreation2.key 
11959      INFO  main            d.u.i.k.p.i.AbstractProblemLoader Loading environment from /home/runner/work/key/key/key.core/../key.ui/examples/standard_key/instanceCreation/instanceCreation2.key 
11960      DEBUG main            d.u.i.k.p.i.AbstractProblemLoader Environment load took 1.01ms 
11971      INFO  main            d.u.i.k.p.i.AbstractProblemLoader Creating init config 
14565      DEBUG main            d.u.i.k.p.i.AbstractProblemLoader Init config took 2.59s 
14636      INFO  main            d.u.i.k.p.i.AbstractProblemLoader Replaying proof instanceCreation2.key 
14642      DEBUG main            d.u.i.k.p.i.IntermediateProofReplayer Proof replay took 5.7ns 
15248      INFO  main            d.u.i.k.p.r.p.TestFile    ... finished proof: closed. 
15385      INFO  main            d.u.i.k.p.i.AbstractProblemLoader Loading environment from /home/runner/work/key/key/key.core/../key.ui/examples/standard_key/instanceCreation/instanceCreation2.key.proof 
15385      DEBUG main            d.u.i.k.p.i.AbstractProblemLoader Environment load took 511.7ns 
15387      INFO  main            d.u.i.k.p.i.AbstractProblemLoader Creating init config 
17781      DEBUG main            d.u.i.k.p.i.AbstractProblemLoader Init config took 2.39s 
17807      INFO  main            d.u.i.k.p.i.AbstractProblemLoader Replaying proof instanceCreation2.key.proof 
17907      DEBUG main            d.u.i.k.p.i.IntermediateProofReplayer Proof replay took 95.34ms 
17908      DEBUG main            d.u.i.k.p.r.p.TestFile    ... success: reloaded. 
17909      INFO  main            d.u.i.k.p.r.p.TestFile    Now processing file /home/runner/work/key/key/key.core/../key.ui/examples/standard_key/instanceCreation/interfacesAndAbstractClassesHaveNoInstances.key 
17909      INFO  main            d.u.i.k.p.i.AbstractProblemLoader Loading environment from /home/runner/work/key/key/key.core/../key.ui/examples/standard_key/instanceCreation/interfacesAndAbstractClassesHaveNoInstances.key 
17910      DEBUG main            d.u.i.k.p.i.AbstractProblemLoader Environment load took 186.3ns 
17911      INFO  main            d.u.i.k.p.i.AbstractProblemLoader Creating init config 
20353      DEBUG main            d.u.i.k.p.i.AbstractProblemLoader Init config took 2.44s 
20375      INFO  main            d.u.i.k.p.i.AbstractProblemLoader Replaying proof interfacesAndAbstractClassesHaveNoInstances.key 
20378      DEBUG main            d.u.i.k.p.i.IntermediateProofReplayer Proof replay took 5ns 
20483      INFO  main            d.u.i.k.p.r.p.TestFile    ... finished proof: closed. 
20625      INFO  main            d.u.i.k.p.i.AbstractProblemLoader Loading environment from /home/runner/work/key/key/key.core/../key.ui/examples/standard_key/instanceCreation/interfacesAndAbstractClassesHaveNoInstances.key.proof 
20625      DEBUG main            d.u.i.k.p.i.AbstractProblemLoader Environment load took 111.1ns 
20626      INFO  main            d.u.i.k.p.i.AbstractProblemLoader Creating init config 
23005      DEBUG main            d.u.i.k.p.i.AbstractProblemLoader Init config took 2.38s 
23024      INFO  main            d.u.i.k.p.i.AbstractProblemLoader Replaying proof interfacesAndAbstractClassesHaveNoInstances.key.proof 
23027      DEBUG main            d.u.i.k.p.i.IntermediateProofReplayer Proof replay took 1.02ms 
23028      DEBUG main            d.u.i.k.p.r.p.TestFile    ... success: reloaded. 
23029      INFO  main            d.u.i.k.p.r.p.TestFile    Now processing file /home/runner/work/key/key/key.core/../key.ui/examples/standard_key/instanceCreation/successiveCreatedObjectsAreDistinct.key 
23029      INFO  main            d.u.i.k.p.i.AbstractProblemLoader Loading environment from /home/runner/work/key/key/key.core/../key.ui/examples/standard_key/instanceCreation/successiveCreatedObjectsAreDistinct.key 
23030      DEBUG main            d.u.i.k.p.i.AbstractProblemLoader Environment load took 171.5ns 
23031      INFO  main            d.u.i.k.p.i.AbstractProblemLoader Creating init config 
25379      DEBUG main            d.u.i.k.p.i.AbstractProblemLoader Init config took 2.35s 
25402      INFO  main            d.u.i.k.p.i.AbstractProblemLoader Replaying proof successiveCreatedObjectsAreDistinct.key 
25405      DEBUG main            d.u.i.k.p.i.IntermediateProofReplayer Proof replay took 21.8ns 
25811      INFO  main            d.u.i.k.p.r.p.TestFile    ... finished proof: closed. 
25997      INFO  main            d.u.i.k.p.i.AbstractProblemLoader Loading environment from /home/runner/work/key/key/key.core/../key.ui/examples/standard_key/instanceCreation/successiveCreatedObjectsAreDistinct.key.proof 
25998      DEBUG main            d.u.i.k.p.i.AbstractProblemLoader Environment load took 106.7ns 
25999      INFO  main            d.u.i.k.p.i.AbstractProblemLoader Creating init config 
28327      DEBUG main            d.u.i.k.p.i.AbstractProblemLoader Init config took 2.33s 
28347      INFO  main            d.u.i.k.p.i.AbstractProblemLoader Replaying proof successiveCreatedObjectsAreDistinct.key.proof 
28400      DEBUG main            d.u.i.k.p.i.IntermediateProofReplayer Proof replay took 49.97ms 
28402      DEBUG main            d.u.i.k.p.r.p.TestFile    ... success: reloaded. 
28403      INFO  main            d.u.i.k.p.r.p.TestFile    Now processing file /home/runner/work/key/key/key.core/../key.ui/examples/standard_key/instanceCreation/testOverloadingConstructors.key 
28403      INFO  main            d.u.i.k.p.i.AbstractProblemLoader Loading environment from /home/runner/work/key/key/key.core/../key.ui/examples/standard_key/instanceCreation/testOverloadingConstructors.key 
28403      DEBUG main            d.u.i.k.p.i.AbstractProblemLoader Environment load took 178.3ns 
28404      INFO  main            d.u.i.k.p.i.AbstractProblemLoader Creating init config 
30753      DEBUG main            d.u.i.k.p.i.AbstractProblemLoader Init config took 2.35s 
30773      INFO  main            d.u.i.k.p.i.AbstractProblemLoader Replaying proof testOverloadingConstructors.key 
30775      DEBUG main            d.u.i.k.p.i.IntermediateProofReplayer Proof replay took 5.8ns 
30979      INFO  main            d.u.i.k.p.r.p.TestFile    ... finished proof: closed. 
31138      INFO  main            d.u.i.k.p.i.AbstractProblemLoader Loading environment from /home/runner/work/key/key/key.core/../key.ui/examples/standard_key/instanceCreation/testOverloadingConstructors.key.proof 
31139      DEBUG main            d.u.i.k.p.i.AbstractProblemLoader Environment load took 103.4ns 
31140      INFO  main            d.u.i.k.p.i.AbstractProblemLoader Creating init config 
33431      DEBUG main            d.u.i.k.p.i.AbstractProblemLoader Init config took 2.29s 
33451      INFO  main            d.u.i.k.p.i.AbstractProblemLoader Replaying proof testOverloadingConstructors.key.proof 
33503      DEBUG main            d.u.i.k.p.i.IntermediateProofReplayer Proof replay took 49.15ms 
33504      DEBUG main            d.u.i.k.p.r.p.TestFile    ... success: reloaded. 
33505      INFO  main            d.u.i.k.p.r.p.TestFile    Now processing file /home/runner/work/key/key/key.core/../key.ui/examples/standard_key/java_dl/SimpleAttributes.key 
33505      INFO  main            d.u.i.k.p.i.AbstractProblemLoader Loading environment from /home/runner/work/key/key/key.core/../key.ui/examples/standard_key/java_dl/SimpleAttributes.key 
33505      DEBUG main            d.u.i.k.p.i.AbstractProblemLoader Environment load took 188.3ns 
33507      INFO  main            d.u.i.k.p.i.AbstractProblemLoader Creating init config 
35813      DEBUG main            d.u.i.k.p.i.AbstractProblemLoader Init config took 2.31s 
35833      INFO  main            d.u.i.k.p.i.AbstractProblemLoader Replaying proof SimpleAttributes.key 
35834      DEBUG main            d.u.i.k.p.i.IntermediateProofReplayer Proof replay took 5.3ns 
35938      INFO  main            d.u.i.k.p.r.p.TestFile    ... finished proof: closed. 
36089      INFO  main            d.u.i.k.p.i.AbstractProblemLoader Loading environment from /home/runner/work/key/key/key.core/../key.ui/examples/standard_key/java_dl/SimpleAttributes.key.proof 
36089      DEBUG main            d.u.i.k.p.i.AbstractProblemLoader Environment load took 127.6ns 
36090      INFO  main            d.u.i.k.p.i.AbstractProblemLoader Creating init config 
38384      DEBUG main            d.u.i.k.p.i.AbstractProblemLoader Init config took 2.29s 
38405      INFO  main            d.u.i.k.p.i.AbstractProblemLoader Replaying proof SimpleAttributes.key.proof 
38445      DEBUG main            d.u.i.k.p.i.IntermediateProofReplayer Proof replay took 36.7ms 
38446      DEBUG main            d.u.i.k.p.r.p.TestFile    ... success: reloaded. 
38448      INFO  main            d.u.i.k.p.r.p.TestFile    Now processing file /home/runner/work/key/key/key.core/../key.ui/examples/standard_key/java_dl/arrayMax.key 
38448      INFO  main            d.u.i.k.p.i.AbstractProblemLoader Loading environment from /home/runner/work/key/key/key.core/../key.ui/examples/standard_key/java_dl/arrayMax.key 
38448      DEBUG main            d.u.i.k.p.i.AbstractProblemLoader Environment load took 150.5ns 
38450      INFO  main            d.u.i.k.p.i.AbstractProblemLoader Creating init config 
40790      DEBUG main            d.u.i.k.p.i.AbstractProblemLoader Init config took 2.34s 
40809      INFO  main            d.u.i.k.p.i.AbstractProblemLoader Replaying proof arrayMax.key 
40811      DEBUG main            d.u.i.k.p.i.IntermediateProofReplayer Proof replay took 5ns 
42217      INFO  main            d.u.i.k.p.r.p.TestFile    ... finished proof: closed. 
42452      INFO  main            d.u.i.k.p.i.AbstractProblemLoader Loading environment from /home/runner/work/key/key/key.core/../key.ui/examples/standard_key/java_dl/arrayMax.key.proof 
42455      DEBUG main            d.u.i.k.p.i.AbstractProblemLoader Environment load took 2.47ms 
42456      INFO  main            d.u.i.k.p.i.AbstractProblemLoader Creating init config 
44799      DEBUG main            d.u.i.k.p.i.AbstractProblemLoader Init config took 2.34s 
44818      INFO  main            d.u.i.k.p.i.AbstractProblemLoader Replaying proof arrayMax.key.proof 
45033      DEBUG main            d.u.i.k.p.i.IntermediateProofReplayer Proof replay took 207.34ms 
45034      DEBUG main            d.u.i.k.p.r.p.TestFile    ... success: reloaded. 
45035      INFO  main            d.u.i.k.p.r.p.TestFile    Now processing file /home/runner/work/key/key/key.core/../key.ui/examples/standard_key/java_dl/arrayUpdateSimp.key 
45035      INFO  main            d.u.i.k.p.i.AbstractProblemLoader Loading environment from /home/runner/work/key/key/key.core/../key.ui/examples/standard_key/java_dl/arrayUpdateSimp.key 
45036      DEBUG main            d.u.i.k.p.i.AbstractProblemLoader Environment load took 167ns 
45038      INFO  main            d.u.i.k.p.i.AbstractProblemLoader Creating init config 
45060      WARN  main            d.u.i.k.j.r.KeYCrossReferenceNameInfo Datatype java.io.InputStream declared twice: Once in FILE:/home/runner/work/key/key/key.core/../key.ui/examples/standard_key/java_dl/./classpath/InputStream.java and once in URL:file:/home/runner/work/key/key/key.core/build/resources/main/de/uka/ilkd/key/java/JavaRedux/java/io/InputStream.java, Keeping one from URL:file:/home/runner/work/key/key/key.core/build/resources/main/de/uka/ilkd/key/java/JavaRedux/java/io/InputStream.java 
45060      WARN  main            d.u.i.k.j.r.KeYCrossReferenceNameInfo Datatype java.lang.System declared twice: Once in FILE:/home/runner/work/key/key/key.core/../key.ui/examples/standard_key/java_dl/./classpath/System.java and once in URL:file:/home/runner/work/key/key/key.core/build/resources/main/de/uka/ilkd/key/java/JavaRedux/java/lang/System.java, Keeping one from URL:file:/home/runner/work/key/key/key.core/build/resources/main/de/uka/ilkd/key/java/JavaRedux/java/lang/System.java 
45061      WARN  main            d.u.i.k.j.r.KeYCrossReferenceNameInfo Datatype java.io.PrintStream declared twice: Once in FILE:/home/runner/work/key/key/key.core/../key.ui/examples/standard_key/java_dl/./classpath/PrintStream.java and once in URL:file:/home/runner/work/key/key/key.core/build/resources/main/de/uka/ilkd/key/java/JavaRedux/java/io/PrintStream.java, Keeping one from URL:file:/home/runner/work/key/key/key.core/build/resources/main/de/uka/ilkd/key/java/JavaRedux/java/io/PrintStream.java 
45066      DEBUG main            d.u.i.k.j.r.ClassFileDeclarationBuilder Parsing: package java.io; public class Closeable { } 
45066      DEBUG main            r.s.KeYCrossReferenceSourceInfo Dynamically created class: java.io.Closeable 
47426      DEBUG main            d.u.i.k.p.i.AbstractProblemLoader Init config took 2.39s 
47445      INFO  main            d.u.i.k.p.i.AbstractProblemLoader Replaying proof arrayUpdateSimp.key 
47447      DEBUG main            d.u.i.k.p.i.IntermediateProofReplayer Proof replay took 5.4ns 
47549      INFO  main            d.u.i.k.p.r.p.TestFile    ... finished proof: closed. 
47732      INFO  main            d.u.i.k.p.i.AbstractProblemLoader Loading environment from /home/runner/work/key/key/key.core/../key.ui/examples/standard_key/java_dl/arrayUpdateSimp.key.proof 
47732      DEBUG main            d.u.i.k.p.i.AbstractProblemLoader Environment load took 145ns 
47737      INFO  main            d.u.i.k.p.i.AbstractProblemLoader Creating init config 
47758      WARN  main            d.u.i.k.j.r.KeYCrossReferenceNameInfo Datatype java.io.InputStream declared twice: Once in FILE:/home/runner/work/key/key/key.core/../key.ui/examples/standard_key/java_dl/classpath/InputStream.java and once in URL:file:/home/runner/work/key/key/key.core/build/resources/main/de/uka/ilkd/key/java/JavaRedux/java/io/InputStream.java, Keeping one from URL:file:/home/runner/work/key/key/key.core/build/resources/main/de/uka/ilkd/key/java/JavaRedux/java/io/InputStream.java 
47759      WARN  main            d.u.i.k.j.r.KeYCrossReferenceNameInfo Datatype java.lang.System declared twice: Once in FILE:/home/runner/work/key/key/key.core/../key.ui/examples/standard_key/java_dl/classpath/System.java and once in URL:file:/home/runner/work/key/key/key.core/build/resources/main/de/uka/ilkd/key/java/JavaRedux/java/lang/System.java, Keeping one from URL:file:/home/runner/work/key/key/key.core/build/resources/main/de/uka/ilkd/key/java/JavaRedux/java/lang/System.java 
47759      WARN  main            d.u.i.k.j.r.KeYCrossReferenceNameInfo Datatype java.io.PrintStream declared twice: Once in FILE:/home/runner/work/key/key/key.core/../key.ui/examples/standard_key/java_dl/classpath/PrintStream.java and once in URL:file:/home/runner/work/key/key/key.core/build/resources/main/de/uka/ilkd/key/java/JavaRedux/java/io/PrintStream.java, Keeping one from URL:file:/home/runner/work/key/key/key.core/build/resources/main/de/uka/ilkd/key/java/JavaRedux/java/io/PrintStream.java 
47762      DEBUG main            d.u.i.k.j.r.ClassFileDeclarationBuilder Parsing: package java.io; public class Closeable { } 
47762      DEBUG main            r.s.KeYCrossReferenceSourceInfo Dynamically created class: java.io.Closeable 
50063      DEBUG main            d.u.i.k.p.i.AbstractProblemLoader Init config took 2.33s 
50086      INFO  main            d.u.i.k.p.i.AbstractProblemLoader Replaying proof arrayUpdateSimp.key.proof 
50088      DEBUG main            d.u.i.k.p.i.IntermediateProofReplayer Proof replay took 542.7ns 
50090      DEBUG main            d.u.i.k.p.r.p.TestFile    ... success: reloaded. 
50091      INFO  main            d.u.i.k.p.r.p.TestFile    Now processing file /home/runner/work/key/key/key.core/../key.ui/examples/standard_key/java_dl/attributes.key 
50092      INFO  main            d.u.i.k.p.i.AbstractProblemLoader Loading environment from /home/runner/work/key/key/key.core/../key.ui/examples/standard_key/java_dl/attributes.key 
50092      DEBUG main            d.u.i.k.p.i.AbstractProblemLoader Environment load took 167.5ns 
50093      INFO  main            d.u.i.k.p.i.AbstractProblemLoader Creating init config 
52379      DEBUG main            d.u.i.k.p.i.AbstractProblemLoader Init config took 2.29s 
52397      INFO  main            d.u.i.k.p.i.AbstractProblemLoader Replaying proof attributes.key 
52399      DEBUG main            d.u.i.k.p.i.IntermediateProofReplayer Proof replay took 5ns 
52601      INFO  main            d.u.i.k.p.r.p.TestFile    ... finished proof: closed. 
52776      INFO  main            d.u.i.k.p.i.AbstractProblemLoader Loading environment from /home/runner/work/key/key/key.core/../key.ui/examples/standard_key/java_dl/attributes.key.proof 
52776      DEBUG main            d.u.i.k.p.i.AbstractProblemLoader Environment load took 102ns 
52777      INFO  main            d.u.i.k.p.i.AbstractProblemLoader Creating init config 
55037      DEBUG main            d.u.i.k.p.i.AbstractProblemLoader Init config took 2.26s 
55057      INFO  main            d.u.i.k.p.i.AbstractProblemLoader Replaying proof attributes.key.proof 
55096      DEBUG main            d.u.i.k.p.i.IntermediateProofReplayer Proof replay took 36.19ms 
55097      DEBUG main            d.u.i.k.p.r.p.TestFile    ... success: reloaded. 
55098      INFO  main            d.u.i.k.p.r.p.TestFile    Now processing file /home/runner/work/key/key/key.core/../key.ui/examples/standard_key/java_dl/break.key 
55098      INFO  main            d.u.i.k.p.i.AbstractProblemLoader Loading environment from /home/runner/work/key/key/key.core/../key.ui/examples/standard_key/java_dl/break.key 
55098      DEBUG main            d.u.i.k.p.i.AbstractProblemLoader Environment load took 165.9ns 
55100      INFO  main            d.u.i.k.p.i.AbstractProblemLoader Creating init config 
55120      WARN  main            d.u.i.k.j.r.KeYCrossReferenceNameInfo Datatype java.io.InputStream declared twice: Once in FILE:/home/runner/work/key/key/key.core/../key.ui/examples/standard_key/java_dl/classpath/InputStream.java and once in URL:file:/home/runner/work/key/key/key.core/build/resources/main/de/uka/ilkd/key/java/JavaRedux/java/io/InputStream.java, Keeping one from URL:file:/home/runner/work/key/key/key.core/build/resources/main/de/uka/ilkd/key/java/JavaRedux/java/io/InputStream.java 
55121      WARN  main            d.u.i.k.j.r.KeYCrossReferenceNameInfo Datatype java.lang.System declared twice: Once in FILE:/home/runner/work/key/key/key.core/../key.ui/examples/standard_key/java_dl/classpath/System.java and once in URL:file:/home/runner/work/key/key/key.core/build/resources/main/de/uka/ilkd/key/java/JavaRedux/java/lang/System.java, Keeping one from URL:file:/home/runner/work/key/key/key.core/build/resources/main/de/uka/ilkd/key/java/JavaRedux/java/lang/System.java 
55121      WARN  main            d.u.i.k.j.r.KeYCrossReferenceNameInfo Datatype java.io.PrintStream declared twice: Once in FILE:/home/runner/work/key/key/key.core/../key.ui/examples/standard_key/java_dl/classpath/PrintStream.java and once in URL:file:/home/runner/work/key/key/key.core/build/resources/main/de/uka/ilkd/key/java/JavaRedux/java/io/PrintStream.java, Keeping one from URL:file:/home/runner/work/key/key/key.core/build/resources/main/de/uka/ilkd/key/java/JavaRedux/java/io/PrintStream.java 
55124      DEBUG main            d.u.i.k.j.r.ClassFileDeclarationBuilder Parsing: package java.io; public class Closeable { } 
55124      DEBUG main            r.s.KeYCrossReferenceSourceInfo Dynamically created class: java.io.Closeable 
57412      DEBUG main            d.u.i.k.p.i.AbstractProblemLoader Init config took 2.31s 
57428      INFO  main            d.u.i.k.p.i.AbstractProblemLoader Replaying proof break.key 
57430      DEBUG main            d.u.i.k.p.i.IntermediateProofReplayer Proof replay took 5.3ns 
57534      INFO  main            d.u.i.k.p.r.p.TestFile    ... finished proof: closed. 
57712      INFO  main            d.u.i.k.p.i.AbstractProblemLoader Loading environment from /home/runner/work/key/key/key.core/../key.ui/examples/standard_key/java_dl/break.key.proof 
57712      DEBUG main            d.u.i.k.p.i.AbstractProblemLoader Environment load took 100.7ns 
57713      INFO  main            d.u.i.k.p.i.AbstractProblemLoader Creating init config 
57739      WARN  main            d.u.i.k.j.r.KeYCrossReferenceNameInfo Datatype java.io.InputStream declared twice: Once in FILE:/home/runner/work/key/key/key.core/../key.ui/examples/standard_key/java_dl/classpath/InputStream.java and once in URL:file:/home/runner/work/key/key/key.core/build/resources/main/de/uka/ilkd/key/java/JavaRedux/java/io/InputStream.java, Keeping one from URL:file:/home/runner/work/key/key/key.core/build/resources/main/de/uka/ilkd/key/java/JavaRedux/java/io/InputStream.java 
57739      WARN  main            d.u.i.k.j.r.KeYCrossReferenceNameInfo Datatype java.lang.System declared twice: Once in FILE:/home/runner/work/key/key/key.core/../key.ui/examples/standard_key/java_dl/classpath/System.java and once in URL:file:/home/runner/work/key/key/key.core/build/resources/main/de/uka/ilkd/key/java/JavaRedux/java/lang/System.java, Keeping one from URL:file:/home/runner/work/key/key/key.core/build/resources/main/de/uka/ilkd/key/java/JavaRedux/java/lang/System.java 
57739      WARN  main            d.u.i.k.j.r.KeYCrossReferenceNameInfo Datatype java.io.PrintStream declared twice: Once in FILE:/home/runner/work/key/key/key.core/../key.ui/examples/standard_key/java_dl/classpath/PrintStream.java and once in URL:file:/home/runner/work/key/key/key.core/build/resources/main/de/uka/ilkd/key/java/JavaRedux/java/io/PrintStream.java, Keeping one from URL:file:/home/runner/work/key/key/key.core/build/resources/main/de/uka/ilkd/key/java/JavaRedux/java/io/PrintStream.java 
57742      DEBUG main            d.u.i.k.j.r.ClassFileDeclarationBuilder Parsing: package java.io; public class Closeable { } 
57742      DEBUG main            r.s.KeYCrossReferenceSourceInfo Dynamically created class: java.io.Closeable 
59952      DEBUG main            d.u.i.k.p.i.AbstractProblemLoader Init config took 2.24s 
59971      INFO  main            d.u.i.k.p.i.AbstractProblemLoader Replaying proof break.key.proof 
59983      DEBUG main            d.u.i.k.p.i.IntermediateProofReplayer Proof replay took 7.5ms 
59984      DEBUG main            d.u.i.k.p.r.p.TestFile    ... success: reloaded. 
59986      INFO  main            d.u.i.k.p.r.p.TestFile    Now processing file /home/runner/work/key/key/key.core/../key.ui/examples/standard_key/java_dl/char.key 
59986      INFO  main            d.u.i.k.p.i.AbstractProblemLoader Loading environment from /home/runner/work/key/key/key.core/../key.ui/examples/standard_key/java_dl/char.key 
59986      DEBUG main            d.u.i.k.p.i.AbstractProblemLoader Environment load took 166ns 
59987      INFO  main            d.u.i.k.p.i.AbstractProblemLoader Creating init config 
62262      DEBUG main            d.u.i.k.p.i.AbstractProblemLoader Init config took 2.27s 
62278      INFO  main            d.u.i.k.p.i.AbstractProblemLoader Replaying proof char.key 
62279      DEBUG main            d.u.i.k.p.i.IntermediateProofReplayer Proof replay took 5.2ns 
62381      INFO  main            d.u.i.k.p.r.p.TestFile    ... finished proof: closed. 
62562      INFO  main            d.u.i.k.p.i.AbstractProblemLoader Loading environment from /home/runner/work/key/key/key.core/../key.ui/examples/standard_key/java_dl/char.key.proof 
62562      DEBUG main            d.u.i.k.p.i.AbstractProblemLoader Environment load took 101.1ns 
62563      INFO  main            d.u.i.k.p.i.AbstractProblemLoader Creating init config 
64802      DEBUG main            d.u.i.k.p.i.AbstractProblemLoader Init config took 2.24s 
64818      INFO  main            d.u.i.k.p.i.AbstractProblemLoader Replaying proof char.key.proof 
64822      DEBUG main            d.u.i.k.p.i.IntermediateProofReplayer Proof replay took 2.45ms 
64823      DEBUG main            d.u.i.k.p.r.p.TestFile    ... success: reloaded. 
64824      INFO  main            d.u.i.k.p.r.p.TestFile    Now processing file /home/runner/work/key/key/key.core/../key.ui/examples/standard_key/java_dl/compileTimeConstants.key 
64824      INFO  main            d.u.i.k.p.i.AbstractProblemLoader Loading environment from /home/runner/work/key/key/key.core/../key.ui/examples/standard_key/java_dl/compileTimeConstants.key 
64824      DEBUG main            d.u.i.k.p.i.AbstractProblemLoader Environment load took 181.4ns 
64825      INFO  main            d.u.i.k.p.i.AbstractProblemLoader Creating init config 
67139      DEBUG main            d.u.i.k.p.i.AbstractProblemLoader Init config took 2.31s 
67155      INFO  main            d.u.i.k.p.i.AbstractProblemLoader Replaying proof compileTimeConstants.key 
67156      DEBUG main            d.u.i.k.p.i.IntermediateProofReplayer Proof replay took 6.1ns 
67258      INFO  main            d.u.i.k.p.r.p.TestFile    ... finished proof: closed. 
67438      INFO  main            d.u.i.k.p.i.AbstractProblemLoader Loading environment from /home/runner/work/key/key/key.core/../key.ui/examples/standard_key/java_dl/compileTimeConstants.key.proof 
67438      DEBUG main            d.u.i.k.p.i.AbstractProblemLoader Environment load took 102.3ns 
67439      INFO  main            d.u.i.k.p.i.AbstractProblemLoader Creating init config 
69678      DEBUG main            d.u.i.k.p.i.AbstractProblemLoader Init config took 2.24s 
69694      INFO  main            d.u.i.k.p.i.AbstractProblemLoader Replaying proof compileTimeConstants.key.proof 
69723      DEBUG main            d.u.i.k.p.i.IntermediateProofReplayer Proof replay took 16.01ms 
69732      DEBUG main            d.u.i.k.p.r.p.TestFile    ... success: reloaded. 
69733      INFO  main            d.u.i.k.p.r.p.TestFile    Now processing file /home/runner/work/key/key/key.core/../key.ui/examples/standard_key/java_dl/constructorException/test.key 
69733      INFO  main            d.u.i.k.p.i.AbstractProblemLoader Loading environment from /home/runner/work/key/key/key.core/../key.ui/examples/standard_key/java_dl/constructorException/test.key 
69734      DEBUG main            d.u.i.k.p.i.AbstractProblemLoader Environment load took 166.2ns 
69734      INFO  main            d.u.i.k.p.i.AbstractProblemLoader Creating init config 
72046      DEBUG main            d.u.i.k.p.i.AbstractProblemLoader Init config took 2.31s 
72105      INFO  main            d.u.i.k.p.i.AbstractProblemLoader Replaying proof Test[Test::Test(int)].JML operation contract.0 
72106      DEBUG main            d.u.i.k.p.i.IntermediateProofReplayer Proof replay took 5.1ns 
72311      INFO  main            d.u.i.k.p.r.p.TestFile    ... finished proof: closed. 
72574      INFO  main            d.u.i.k.p.i.AbstractProblemLoader Loading environment from /home/runner/work/key/key/key.core/../key.ui/examples/standard_key/java_dl/constructorException/test.key.proof 
72574      DEBUG main            d.u.i.k.p.i.AbstractProblemLoader Environment load took 101.3ns 
72575      INFO  main            d.u.i.k.p.i.AbstractProblemLoader Creating init config 
74821      DEBUG main            d.u.i.k.p.i.AbstractProblemLoader Init config took 2.25s 
74874      INFO  main            d.u.i.k.p.i.AbstractProblemLoader Replaying proof Test[Test::Test(int)].JML operation contract.0 
74931      DEBUG main            d.u.i.k.p.i.IntermediateProofReplayer Proof replay took 53.5ms 
74932      DEBUG main            d.u.i.k.p.r.p.TestFile    ... success: reloaded. 
74933      INFO  main            d.u.i.k.p.r.p.TestFile    Now processing file /home/runner/work/key/key/key.core/../key.ui/examples/standard_key/java_dl/constructorException/regressionTestBug1333.key 
74933      INFO  main            d.u.i.k.p.i.AbstractProblemLoader Loading environment from /home/runner/work/key/key/key.core/../key.ui/examples/standard_key/java_dl/constructorException/regressionTestBug1333.key 
74941      DEBUG main            d.u.i.k.p.i.AbstractProblemLoader Environment load took 77.7ns 
74942      INFO  main            d.u.i.k.p.i.AbstractProblemLoader Creating init config 
77277      DEBUG main            d.u.i.k.p.i.AbstractProblemLoader Init config took 2.34s 
77315      INFO  main            d.u.i.k.p.i.AbstractProblemLoader Replaying proof False[False::False()].JML normal_behavior operation contract.0 
77317      DEBUG main            d.u.i.k.p.i.IntermediateProofReplayer Proof replay took 6ns 
77423      INFO  main            d.u.i.k.p.r.p.TestFile    ... finished proof: open goal(s) 
77597      INFO  main            d.u.i.k.p.r.p.TestFile    Now processing file /home/runner/work/key/key/key.core/../key.ui/examples/standard_key/java_dl/continue1.key 
77597      INFO  main            d.u.i.k.p.i.AbstractProblemLoader Loading environment from /home/runner/work/key/key/key.core/../key.ui/examples/standard_key/java_dl/continue1.key 
77597      DEBUG main            d.u.i.k.p.i.AbstractProblemLoader Environment load took 58.4ns 
77598      INFO  main            d.u.i.k.p.i.AbstractProblemLoader Creating init config 
77618      WARN  main            d.u.i.k.j.r.KeYCrossReferenceNameInfo Datatype java.io.InputStream declared twice: Once in FILE:/home/runner/work/key/key/key.core/../key.ui/examples/standard_key/java_dl/classpath/InputStream.java and once in URL:file:/home/runner/work/key/key/key.core/build/resources/main/de/uka/ilkd/key/java/JavaRedux/java/io/InputStream.java, Keeping one from URL:file:/home/runner/work/key/key/key.core/build/resources/main/de/uka/ilkd/key/java/JavaRedux/java/io/InputStream.java 
77618      WARN  main            d.u.i.k.j.r.KeYCrossReferenceNameInfo Datatype java.lang.System declared twice: Once in FILE:/home/runner/work/key/key/key.core/../key.ui/examples/standard_key/java_dl/classpath/System.java and once in URL:file:/home/runner/work/key/key/key.core/build/resources/main/de/uka/ilkd/key/java/JavaRedux/java/lang/System.java, Keeping one from URL:file:/home/runner/work/key/key/key.core/build/resources/main/de/uka/ilkd/key/java/JavaRedux/java/lang/System.java 
77618      WARN  main            d.u.i.k.j.r.KeYCrossReferenceNameInfo Datatype java.io.PrintStream declared twice: Once in FILE:/home/runner/work/key/key/key.core/../key.ui/examples/standard_key/java_dl/classpath/PrintStream.java and once in URL:file:/home/runner/work/key/key/key.core/build/resources/main/de/uka/ilkd/key/java/JavaRedux/java/io/PrintStream.java, Keeping one from URL:file:/home/runner/work/key/key/key.core/build/resources/main/de/uka/ilkd/key/java/JavaRedux/java/io/PrintStream.java 
77621      DEBUG main            d.u.i.k.j.r.ClassFileDeclarationBuilder Parsing: package java.io; public class Closeable { } 
77621      DEBUG main            r.s.KeYCrossReferenceSourceInfo Dynamically created class: java.io.Closeable 
79885      DEBUG main            d.u.i.k.p.i.AbstractProblemLoader Init config took 2.29s 
79901      INFO  main            d.u.i.k.p.i.AbstractProblemLoader Replaying proof continue1.key 
79904      DEBUG main            d.u.i.k.p.i.IntermediateProofReplayer Proof replay took 5.7ns 
80005      INFO  main            d.u.i.k.p.r.p.TestFile    ... finished proof: closed. 
80189      INFO  main            d.u.i.k.p.i.AbstractProblemLoader Loading environment from /home/runner/work/key/key/key.core/../key.ui/examples/standard_key/java_dl/continue1.key.proof 
80189      DEBUG main            d.u.i.k.p.i.AbstractProblemLoader Environment load took 103.3ns 
80190      INFO  main            d.u.i.k.p.i.AbstractProblemLoader Creating init config 
80211      WARN  main            d.u.i.k.j.r.KeYCrossReferenceNameInfo Datatype java.io.InputStream declared twice: Once in FILE:/home/runner/work/key/key/key.core/../key.ui/examples/standard_key/java_dl/classpath/InputStream.java and once in URL:file:/home/runner/work/key/key/key.core/build/resources/main/de/uka/ilkd/key/java/JavaRedux/java/io/InputStream.java, Keeping one from URL:file:/home/runner/work/key/key/key.core/build/resources/main/de/uka/ilkd/key/java/JavaRedux/java/io/InputStream.java 
80211      WARN  main            d.u.i.k.j.r.KeYCrossReferenceNameInfo Datatype java.lang.System declared twice: Once in FILE:/home/runner/work/key/key/key.core/../key.ui/examples/standard_key/java_dl/classpath/System.java and once in URL:file:/home/runner/work/key/key/key.core/build/resources/main/de/uka/ilkd/key/java/JavaRedux/java/lang/System.java, Keeping one from URL:file:/home/runner/work/key/key/key.core/build/resources/main/de/uka/ilkd/key/java/JavaRedux/java/lang/System.java 
80211      WARN  main            d.u.i.k.j.r.KeYCrossReferenceNameInfo Datatype java.io.PrintStream declared twice: Once in FILE:/home/runner/work/key/key/key.core/../key.ui/examples/standard_key/java_dl/classpath/PrintStream.java and once in URL:file:/home/runner/work/key/key/key.core/build/resources/main/de/uka/ilkd/key/java/JavaRedux/java/io/PrintStream.java, Keeping one from URL:file:/home/runner/work/key/key/key.core/build/resources/main/de/uka/ilkd/key/java/JavaRedux/java/io/PrintStream.java 
80214      DEBUG main            d.u.i.k.j.r.ClassFileDeclarationBuilder Parsing: package java.io; public class Closeable { } 
80214      DEBUG main            r.s.KeYCrossReferenceSourceInfo Dynamically created class: java.io.Closeable 
82416      DEBUG main            d.u.i.k.p.i.AbstractProblemLoader Init config took 2.23s 
82430      INFO  main            d.u.i.k.p.i.AbstractProblemLoader Replaying proof continue1.key.proof 
82451      DEBUG main            d.u.i.k.p.i.IntermediateProofReplayer Proof replay took 19.75ms 
82452      DEBUG main            d.u.i.k.p.r.p.TestFile    ... success: reloaded. 
82454      INFO  main            d.u.i.k.p.r.p.TestFile    Now processing file /home/runner/work/key/key/key.core/../key.ui/examples/standard_key/java_dl/continue2.key 
82454      INFO  main            d.u.i.k.p.i.AbstractProblemLoader Loading environment from /home/runner/work/key/key/key.core/../key.ui/examples/standard_key/java_dl/continue2.key 
82454      DEBUG main            d.u.i.k.p.i.AbstractProblemLoader Environment load took 77.8ns 
82455      INFO  main            d.u.i.k.p.i.AbstractProblemLoader Creating init config 
82474      WARN  main            d.u.i.k.j.r.KeYCrossReferenceNameInfo Datatype java.io.InputStream declared twice: Once in FILE:/home/runner/work/key/key/key.core/../key.ui/examples/standard_key/java_dl/classpath/InputStream.java and once in URL:file:/home/runner/work/key/key/key.core/build/resources/main/de/uka/ilkd/key/java/JavaRedux/java/io/InputStream.java, Keeping one from URL:file:/home/runner/work/key/key/key.core/build/resources/main/de/uka/ilkd/key/java/JavaRedux/java/io/InputStream.java 
82474      WARN  main            d.u.i.k.j.r.KeYCrossReferenceNameInfo Datatype java.lang.System declared twice: Once in FILE:/home/runner/work/key/key/key.core/../key.ui/examples/standard_key/java_dl/classpath/System.java and once in URL:file:/home/runner/work/key/key/key.core/build/resources/main/de/uka/ilkd/key/java/JavaRedux/java/lang/System.java, Keeping one from URL:file:/home/runner/work/key/key/key.core/build/resources/main/de/uka/ilkd/key/java/JavaRedux/java/lang/System.java 
82474      WARN  main            d.u.i.k.j.r.KeYCrossReferenceNameInfo Datatype java.io.PrintStream declared twice: Once in FILE:/home/runner/work/key/key/key.core/../key.ui/examples/standard_key/java_dl/classpath/PrintStream.java and once in URL:file:/home/runner/work/key/key/key.core/build/resources/main/de/uka/ilkd/key/java/JavaRedux/java/io/PrintStream.java, Keeping one from URL:file:/home/runner/work/key/key/key.core/build/resources/main/de/uka/ilkd/key/java/JavaRedux/java/io/PrintStream.java 
82477      DEBUG main            d.u.i.k.j.r.ClassFileDeclarationBuilder Parsing: package java.io; public class Closeable { } 
82477      DEBUG main            r.s.KeYCrossReferenceSourceInfo Dynamically created class: java.io.Closeable 
84707      DEBUG main            d.u.i.k.p.i.AbstractProblemLoader Init config took 2.25s 
84720      INFO  main            d.u.i.k.p.i.AbstractProblemLoader Replaying proof continue2.key 
84722      DEBUG main            d.u.i.k.p.i.IntermediateProofReplayer Proof replay took 5.6ns 
84927      INFO  main            d.u.i.k.p.r.p.TestFile    ... finished proof: closed. 
85142      INFO  main            d.u.i.k.p.i.AbstractProblemLoader Loading environment from /home/runner/work/key/key/key.core/../key.ui/examples/standard_key/java_dl/continue2.key.proof 
85142      DEBUG main            d.u.i.k.p.i.AbstractProblemLoader Environment load took 95.8ns 
85143      INFO  main            d.u.i.k.p.i.AbstractProblemLoader Creating init config 
85162      WARN  main            d.u.i.k.j.r.KeYCrossReferenceNameInfo Datatype java.io.InputStream declared twice: Once in FILE:/home/runner/work/key/key/key.core/../key.ui/examples/standard_key/java_dl/classpath/InputStream.java and once in URL:file:/home/runner/work/key/key/key.core/build/resources/main/de/uka/ilkd/key/java/JavaRedux/java/io/InputStream.java, Keeping one from URL:file:/home/runner/work/key/key/key.core/build/resources/main/de/uka/ilkd/key/java/JavaRedux/java/io/InputStream.java 
85163      WARN  main            d.u.i.k.j.r.KeYCrossReferenceNameInfo Datatype java.lang.System declared twice: Once in FILE:/home/runner/work/key/key/key.core/../key.ui/examples/standard_key/java_dl/classpath/System.java and once in URL:file:/home/runner/work/key/key/key.core/build/resources/main/de/uka/ilkd/key/java/JavaRedux/java/lang/System.java, Keeping one from URL:file:/home/runner/work/key/key/key.core/build/resources/main/de/uka/ilkd/key/java/JavaRedux/java/lang/System.java 
85163      WARN  main            d.u.i.k.j.r.KeYCrossReferenceNameInfo Datatype java.io.PrintStream declared twice: Once in FILE:/home/runner/work/key/key/key.core/../key.ui/examples/standard_key/java_dl/classpath/PrintStream.java and once in URL:file:/home/runner/work/key/key/key.core/build/resources/main/de/uka/ilkd/key/java/JavaRedux/java/io/PrintStream.java, Keeping one from URL:file:/home/runner/work/key/key/key.core/build/resources/main/de/uka/ilkd/key/java/JavaRedux/java/io/PrintStream.java 
85166      DEBUG main            d.u.i.k.j.r.ClassFileDeclarationBuilder Parsing: package java.io; public class Closeable { } 
85166      DEBUG main            r.s.KeYCrossReferenceSourceInfo Dynamically created class: java.io.Closeable 
87361      DEBUG main            d.u.i.k.p.i.AbstractProblemLoader Init config took 2.22s 
87374      INFO  main            d.u.i.k.p.i.AbstractProblemLoader Replaying proof continue2.key.proof 
87446      DEBUG main            d.u.i.k.p.i.IntermediateProofReplayer Proof replay took 68.71ms 
87447      DEBUG main            d.u.i.k.p.r.p.TestFile    ... success: reloaded. 
87448      INFO  main            d.u.i.k.p.r.p.TestFile    Now processing file /home/runner/work/key/key/key.core/../key.ui/examples/standard_key/java_dl/complexAssignment.key 
87448      INFO  main            d.u.i.k.p.i.AbstractProblemLoader Loading environment from /home/runner/work/key/key/key.core/../key.ui/examples/standard_key/java_dl/complexAssignment.key 
87448      DEBUG main            d.u.i.k.p.i.AbstractProblemLoader Environment load took 58.6ns 
87449      INFO  main            d.u.i.k.p.i.AbstractProblemLoader Creating init config 
89604      DEBUG main            d.u.i.k.p.i.AbstractProblemLoader Init config took 2.15s 
89617      INFO  main            d.u.i.k.p.i.AbstractProblemLoader Replaying proof complexAssignment.key 
89619      DEBUG main            d.u.i.k.p.i.IntermediateProofReplayer Proof replay took 5.5ns 
89722      INFO  main            d.u.i.k.p.r.p.TestFile    ... finished proof: closed. 
89919      INFO  main            d.u.i.k.p.i.AbstractProblemLoader Loading environment from /home/runner/work/key/key/key.core/../key.ui/examples/standard_key/java_dl/complexAssignment.key.proof 
89919      DEBUG main            d.u.i.k.p.i.AbstractProblemLoader Environment load took 93.7ns 
89920      INFO  main            d.u.i.k.p.i.AbstractProblemLoader Creating init config 
92070      DEBUG main            d.u.i.k.p.i.AbstractProblemLoader Init config took 2.15s 
92084      INFO  main            d.u.i.k.p.i.AbstractProblemLoader Replaying proof complexAssignment.key.proof 
92094      DEBUG main            d.u.i.k.p.i.IntermediateProofReplayer Proof replay took 6.44ms 
92104      DEBUG main            d.u.i.k.p.r.p.TestFile    ... success: reloaded. 
92104      INFO  main            d.u.i.k.p.r.p.TestFile    Now processing file /home/runner/work/key/key/key.core/../key.ui/examples/standard_key/java_dl/danglingElseSolution1.key 
92105      INFO  main            d.u.i.k.p.i.AbstractProblemLoader Loading environment from /home/runner/work/key/key/key.core/../key.ui/examples/standard_key/java_dl/danglingElseSolution1.key 
92105      DEBUG main            d.u.i.k.p.i.AbstractProblemLoader Environment load took 96.9ns 
92106      INFO  main            d.u.i.k.p.i.AbstractProblemLoader Creating init config 
94310      DEBUG main            d.u.i.k.p.i.AbstractProblemLoader Init config took 2.2s 
94323      INFO  main            d.u.i.k.p.i.AbstractProblemLoader Replaying proof danglingElseSolution1.key 
94324      DEBUG main            d.u.i.k.p.i.IntermediateProofReplayer Proof replay took 6.4ns 
94426      INFO  main            d.u.i.k.p.r.p.TestFile    ... finished proof: closed. 
94638      INFO  main            d.u.i.k.p.i.AbstractProblemLoader Loading environment from /home/runner/work/key/key/key.core/../key.ui/examples/standard_key/java_dl/danglingElseSolution1.key.proof 
94638      DEBUG main            d.u.i.k.p.i.AbstractProblemLoader Environment load took 93.7ns 
94639      INFO  main            d.u.i.k.p.i.AbstractProblemLoader Creating init config 
96789      DEBUG main            d.u.i.k.p.i.AbstractProblemLoader Init config took 2.15s 
96803      INFO  main            d.u.i.k.p.i.AbstractProblemLoader Replaying proof danglingElseSolution1.key.proof 
96812      DEBUG main            d.u.i.k.p.i.IntermediateProofReplayer Proof replay took 7.47ms 
96813      DEBUG main            d.u.i.k.p.r.p.TestFile    ... success: reloaded. 
96814      INFO  main            d.u.i.k.p.r.p.TestFile    Now processing file /home/runner/work/key/key/key.core/../key.ui/examples/standard_key/java_dl/danglingElseSolution2.key 
96814      INFO  main            d.u.i.k.p.i.AbstractProblemLoader Loading environment from /home/runner/work/key/key/key.core/../key.ui/examples/standard_key/java_dl/danglingElseSolution2.key 
96814      DEBUG main            d.u.i.k.p.i.AbstractProblemLoader Environment load took 154.5ns 
96815      INFO  main            d.u.i.k.p.i.AbstractProblemLoader Creating init config 
99042      DEBUG main            d.u.i.k.p.i.AbstractProblemLoader Init config took 2.23s 
99055      INFO  main            d.u.i.k.p.i.AbstractProblemLoader Replaying proof danglingElseSolution2.key 
99057      DEBUG main            d.u.i.k.p.i.IntermediateProofReplayer Proof replay took 5.3ns 
99162      INFO  main            d.u.i.k.p.r.p.TestFile    ... finished proof: closed. 
99436      INFO  main            d.u.i.k.p.i.AbstractProblemLoader Loading environment from /home/runner/work/key/key/key.core/../key.ui/examples/standard_key/java_dl/danglingElseSolution2.key.proof 
99436      DEBUG main            d.u.i.k.p.i.AbstractProblemLoader Environment load took 92ns 
99437      INFO  main            d.u.i.k.p.i.AbstractProblemLoader Creating init config 
101578     DEBUG main            d.u.i.k.p.i.AbstractProblemLoader Init config took 2.14s 
101592     INFO  main            d.u.i.k.p.i.AbstractProblemLoader Replaying proof danglingElseSolution2.key.proof 
101601     DEBUG main            d.u.i.k.p.i.IntermediateProofReplayer Proof replay took 7.49ms 
101602     DEBUG main            d.u.i.k.p.r.p.TestFile    ... success: reloaded. 
101602     INFO  main            d.u.i.k.p.r.p.TestFile    Now processing file /home/runner/work/key/key/key.core/../key.ui/examples/standard_key/java_dl/deepNonNull/deepNonNull0.key 
101603     INFO  main            d.u.i.k.p.i.AbstractProblemLoader Loading environment from /home/runner/work/key/key/key.core/../key.ui/examples/standard_key/java_dl/deepNonNull/deepNonNull0.key 
101603     DEBUG main            d.u.i.k.p.i.AbstractProblemLoader Environment load took 64.2ns 
101603     INFO  main            d.u.i.k.p.i.AbstractProblemLoader Creating init config 
103868     DEBUG main            d.u.i.k.p.i.AbstractProblemLoader Init config took 2.26s 
103905     INFO  main            d.u.i.k.p.i.AbstractProblemLoader Replaying proof Arrays[Arrays::get()].JML operation contract.0 
103906     DEBUG main            d.u.i.k.p.i.IntermediateProofReplayer Proof replay took 5.8ns 
104108     INFO  main            d.u.i.k.p.r.p.TestFile    ... finished proof: closed. 
104324     INFO  main            d.u.i.k.p.i.AbstractProblemLoader Loading environment from /home/runner/work/key/key/key.core/../key.ui/examples/standard_key/java_dl/deepNonNull/deepNonNull0.key.proof 
104324     DEBUG main            d.u.i.k.p.i.AbstractProblemLoader Environment load took 96.5ns 
104325     INFO  main            d.u.i.k.p.i.AbstractProblemLoader Creating init config 
106552     DEBUG main            d.u.i.k.p.i.AbstractProblemLoader Init config took 2.23s 
106589     INFO  main            d.u.i.k.p.i.AbstractProblemLoader Replaying proof Arrays[Arrays::get()].JML operation contract.0 
106627     DEBUG main            d.u.i.k.p.i.IntermediateProofReplayer Proof replay took 35.51ms 
106628     DEBUG main            d.u.i.k.p.r.p.TestFile    ... success: reloaded. 
106629     INFO  main            d.u.i.k.p.r.p.TestFile    Now processing file /home/runner/work/key/key/key.core/../key.ui/examples/standard_key/java_dl/deepNonNull/deepNonNull1.key 
106629     INFO  main            d.u.i.k.p.i.AbstractProblemLoader Loading environment from /home/runner/work/key/key/key.core/../key.ui/examples/standard_key/java_dl/deepNonNull/deepNonNull1.key 
106629     DEBUG main            d.u.i.k.p.i.AbstractProblemLoader Environment load took 157.3ns 
106630     INFO  main            d.u.i.k.p.i.AbstractProblemLoader Creating init config 
108900     DEBUG main            d.u.i.k.p.i.AbstractProblemLoader Init config took 2.27s 
108936     INFO  main            d.u.i.k.p.i.AbstractProblemLoader Replaying proof Arrays[Arrays::head()].JML operation contract.0 
108937     DEBUG main            d.u.i.k.p.i.IntermediateProofReplayer Proof replay took 5.5ns 
109159     INFO  main            d.u.i.k.p.r.p.TestFile    ... finished proof: closed. 
109384     INFO  main            d.u.i.k.p.i.AbstractProblemLoader Loading environment from /home/runner/work/key/key/key.core/../key.ui/examples/standard_key/java_dl/deepNonNull/deepNonNull1.key.proof 
109384     DEBUG main            d.u.i.k.p.i.AbstractProblemLoader Environment load took 93.8ns 
109385     INFO  main            d.u.i.k.p.i.AbstractProblemLoader Creating init config 
111595     DEBUG main            d.u.i.k.p.i.AbstractProblemLoader Init config took 2.21s 
111629     INFO  main            d.u.i.k.p.i.AbstractProblemLoader Replaying proof Arrays[Arrays::head()].JML operation contract.0 
111652     DEBUG main            d.u.i.k.p.i.IntermediateProofReplayer Proof replay took 21.16ms 
111653     DEBUG main            d.u.i.k.p.r.p.TestFile    ... success: reloaded. 
111654     INFO  main            d.u.i.k.p.r.p.TestFile    Now processing file /home/runner/work/key/key/key.core/../key.ui/examples/standard_key/java_dl/deepNonNull/deepNonNull2.key 
111654     INFO  main            d.u.i.k.p.i.AbstractProblemLoader Loading environment from /home/runner/work/key/key/key.core/../key.ui/examples/standard_key/java_dl/deepNonNull/deepNonNull2.key 
111654     DEBUG main            d.u.i.k.p.i.AbstractProblemLoader Environment load took 75.3ns 
111655     INFO  main            d.u.i.k.p.i.AbstractProblemLoader Creating init config 
113930     DEBUG main            d.u.i.k.p.i.AbstractProblemLoader Init config took 2.27s 
113964     INFO  main            d.u.i.k.p.i.AbstractProblemLoader Replaying proof Arrays[Arrays::unprovable(java.lang.Object)].JML operation contract.0 
113965     DEBUG main            d.u.i.k.p.i.IntermediateProofReplayer Proof replay took 5.5ns 
114070     INFO  main            d.u.i.k.p.r.p.TestFile    ... finished proof: open goal(s) 
114301     INFO  main            d.u.i.k.p.r.p.TestFile    Now processing file /home/runner/work/key/key/key.core/../key.ui/examples/standard_key/java_dl/deepNonNull/deepNonNull3.key 
114301     INFO  main            d.u.i.k.p.i.AbstractProblemLoader Loading environment from /home/runner/work/key/key/key.core/../key.ui/examples/standard_key/java_dl/deepNonNull/deepNonNull3.key 
114301     DEBUG main            d.u.i.k.p.i.AbstractProblemLoader Environment load took 52.1ns 
114302     INFO  main            d.u.i.k.p.i.AbstractProblemLoader Creating init config 
116521     DEBUG main            d.u.i.k.p.i.AbstractProblemLoader Init config took 2.22s 
116556     INFO  main            d.u.i.k.p.i.AbstractProblemLoader Replaying proof Arrays[Arrays::head([[[[Ljava.lang.Object)].JML operation contract.0 
116558     DEBUG main            d.u.i.k.p.i.IntermediateProofReplayer Proof replay took 5.5ns 
117483     INFO  main            d.u.i.k.p.r.p.TestFile    ... finished proof: closed. 
117772     INFO  main            d.u.i.k.p.i.AbstractProblemLoader Loading environment from /home/runner/work/key/key/key.core/../key.ui/examples/standard_key/java_dl/deepNonNull/deepNonNull3.key.proof 
117778     DEBUG main            d.u.i.k.p.i.AbstractProblemLoader Environment load took 6.13ms 
117779     INFO  main            d.u.i.k.p.i.AbstractProblemLoader Creating init config 
119990     DEBUG main            d.u.i.k.p.i.AbstractProblemLoader Init config took 2.21s 
120024     INFO  main            d.u.i.k.p.i.AbstractProblemLoader Replaying proof Arrays[Arrays::head([[[[Ljava.lang.Object)].JML operation contract.0 
120139     DEBUG main            d.u.i.k.p.i.IntermediateProofReplayer Proof replay took 110.31ms 
120140     DEBUG main            d.u.i.k.p.r.p.TestFile    ... success: reloaded. 
120141     INFO  main            d.u.i.k.p.r.p.TestFile    Now processing file /home/runner/work/key/key/key.core/../key.ui/examples/standard_key/java_dl/exceptions.key 
120141     INFO  main            d.u.i.k.p.i.AbstractProblemLoader Loading environment from /home/runner/work/key/key/key.core/../key.ui/examples/standard_key/java_dl/exceptions.key 
120141     DEBUG main            d.u.i.k.p.i.AbstractProblemLoader Environment load took 84ns 
120142     INFO  main            d.u.i.k.p.i.AbstractProblemLoader Creating init config 
120161     WARN  main            d.u.i.k.j.r.KeYCrossReferenceNameInfo Datatype java.io.InputStream declared twice: Once in FILE:/home/runner/work/key/key/key.core/../key.ui/examples/standard_key/java_dl/classpath/InputStream.java and once in URL:file:/home/runner/work/key/key/key.core/build/resources/main/de/uka/ilkd/key/java/JavaRedux/java/io/InputStream.java, Keeping one from URL:file:/home/runner/work/key/key/key.core/build/resources/main/de/uka/ilkd/key/java/JavaRedux/java/io/InputStream.java 
120161     WARN  main            d.u.i.k.j.r.KeYCrossReferenceNameInfo Datatype java.lang.System declared twice: Once in FILE:/home/runner/work/key/key/key.core/../key.ui/examples/standard_key/java_dl/classpath/System.java and once in URL:file:/home/runner/work/key/key/key.core/build/resources/main/de/uka/ilkd/key/java/JavaRedux/java/lang/System.java, Keeping one from URL:file:/home/runner/work/key/key/key.core/build/resources/main/de/uka/ilkd/key/java/JavaRedux/java/lang/System.java 
120161     WARN  main            d.u.i.k.j.r.KeYCrossReferenceNameInfo Datatype java.io.PrintStream declared twice: Once in FILE:/home/runner/work/key/key/key.core/../key.ui/examples/standard_key/java_dl/classpath/PrintStream.java and once in URL:file:/home/runner/work/key/key/key.core/build/resources/main/de/uka/ilkd/key/java/JavaRedux/java/io/PrintStream.java, Keeping one from URL:file:/home/runner/work/key/key/key.core/build/resources/main/de/uka/ilkd/key/java/JavaRedux/java/io/PrintStream.java 
120164     DEBUG main            d.u.i.k.j.r.ClassFileDeclarationBuilder Parsing: package java.io; public class Closeable { } 
120164     DEBUG main            r.s.KeYCrossReferenceSourceInfo Dynamically created class: java.io.Closeable 
122385     DEBUG main            d.u.i.k.p.i.AbstractProblemLoader Init config took 2.24s 
122399     INFO  main            d.u.i.k.p.i.AbstractProblemLoader Replaying proof exceptions.key 
122402     DEBUG main            d.u.i.k.p.i.IntermediateProofReplayer Proof replay took 5.5ns 
122605     INFO  main            d.u.i.k.p.r.p.TestFile    ... finished proof: closed. 
122844     INFO  main            d.u.i.k.p.i.AbstractProblemLoader Loading environment from /home/runner/work/key/key/key.core/../key.ui/examples/standard_key/java_dl/exceptions.key.proof 
122844     DEBUG main            d.u.i.k.p.i.AbstractProblemLoader Environment load took 88.5ns 
122845     INFO  main            d.u.i.k.p.i.AbstractProblemLoader Creating init config 
122870     WARN  main            d.u.i.k.j.r.KeYCrossReferenceNameInfo Datatype java.io.InputStream declared twice: Once in FILE:/home/runner/work/key/key/key.core/../key.ui/examples/standard_key/java_dl/classpath/InputStream.java and once in URL:file:/home/runner/work/key/key/key.core/build/resources/main/de/uka/ilkd/key/java/JavaRedux/java/io/InputStream.java, Keeping one from URL:file:/home/runner/work/key/key/key.core/build/resources/main/de/uka/ilkd/key/java/JavaRedux/java/io/InputStream.java 
122870     WARN  main            d.u.i.k.j.r.KeYCrossReferenceNameInfo Datatype java.lang.System declared twice: Once in FILE:/home/runner/work/key/key/key.core/../key.ui/examples/standard_key/java_dl/classpath/System.java and once in URL:file:/home/runner/work/key/key/key.core/build/resources/main/de/uka/ilkd/key/java/JavaRedux/java/lang/System.java, Keeping one from URL:file:/home/runner/work/key/key/key.core/build/resources/main/de/uka/ilkd/key/java/JavaRedux/java/lang/System.java 
122870     WARN  main            d.u.i.k.j.r.KeYCrossReferenceNameInfo Datatype java.io.PrintStream declared twice: Once in FILE:/home/runner/work/key/key/key.core/../key.ui/examples/standard_key/java_dl/classpath/PrintStream.java and once in URL:file:/home/runner/work/key/key/key.core/build/resources/main/de/uka/ilkd/key/java/JavaRedux/java/io/PrintStream.java, Keeping one from URL:file:/home/runner/work/key/key/key.core/build/resources/main/de/uka/ilkd/key/java/JavaRedux/java/io/PrintStream.java 
122873     DEBUG main            d.u.i.k.j.r.ClassFileDeclarationBuilder Parsing: package java.io; public class Closeable { } 
122873     DEBUG main            r.s.KeYCrossReferenceSourceInfo Dynamically created class: java.io.Closeable 
125041     DEBUG main            d.u.i.k.p.i.AbstractProblemLoader Init config took 2.2s 
125057     INFO  main            d.u.i.k.p.i.AbstractProblemLoader Replaying proof exceptions.key.proof 
125101     DEBUG main            d.u.i.k.p.i.IntermediateProofReplayer Proof replay took 40.99ms 
125102     DEBUG main            d.u.i.k.p.r.p.TestFile    ... success: reloaded. 
125103     INFO  main            d.u.i.k.p.r.p.TestFile    Now processing file /home/runner/work/key/key/key.core/../key.ui/examples/standard_key/java_dl/exceptions1.key 
125103     INFO  main            d.u.i.k.p.i.AbstractProblemLoader Loading environment from /home/runner/work/key/key/key.core/../key.ui/examples/standard_key/java_dl/exceptions1.key 
125104     DEBUG main            d.u.i.k.p.i.AbstractProblemLoader Environment load took 147.5ns 
125105     INFO  main            d.u.i.k.p.i.AbstractProblemLoader Creating init config 
127302     DEBUG main            d.u.i.k.p.i.AbstractProblemLoader Init config took 2.2s 
127315     INFO  main            d.u.i.k.p.i.AbstractProblemLoader Replaying proof exceptions1.key 
127318     DEBUG main            d.u.i.k.p.i.IntermediateProofReplayer Proof replay took 6.5ns 
127422     INFO  main            d.u.i.k.p.r.p.TestFile    ... finished proof: closed. 
127674     INFO  main            d.u.i.k.p.i.AbstractProblemLoader Loading environment from /home/runner/work/key/key/key.core/../key.ui/examples/standard_key/java_dl/exceptions1.key.proof 
127674     DEBUG main            d.u.i.k.p.i.AbstractProblemLoader Environment load took 92ns 
127675     INFO  main            d.u.i.k.p.i.AbstractProblemLoader Creating init config 
129817     DEBUG main            d.u.i.k.p.i.AbstractProblemLoader Init config took 2.14s 
129831     INFO  main            d.u.i.k.p.i.AbstractProblemLoader Replaying proof exceptions1.key.proof 
129858     DEBUG main            d.u.i.k.p.i.IntermediateProofReplayer Proof replay took 25.36ms 
129859     DEBUG main            d.u.i.k.p.r.p.TestFile    ... success: reloaded. 
129860     INFO  main            d.u.i.k.p.r.p.TestFile    Now processing file /home/runner/work/key/key/key.core/../key.ui/examples/standard_key/java_dl/exceptions2.key 
129861     INFO  main            d.u.i.k.p.i.AbstractProblemLoader Loading environment from /home/runner/work/key/key/key.core/../key.ui/examples/standard_key/java_dl/exceptions2.key 
129861     DEBUG main            d.u.i.k.p.i.AbstractProblemLoader Environment load took 149.1ns 
129862     INFO  main            d.u.i.k.p.i.AbstractProblemLoader Creating init config 
132041     DEBUG main            d.u.i.k.p.i.AbstractProblemLoader Init config took 2.18s 
132054     INFO  main            d.u.i.k.p.i.AbstractProblemLoader Replaying proof exceptions2.key 
132056     DEBUG main            d.u.i.k.p.i.IntermediateProofReplayer Proof replay took 5.5ns 
132158     INFO  main            d.u.i.k.p.r.p.TestFile    ... finished proof: closed. 
132411     INFO  main            d.u.i.k.p.i.AbstractProblemLoader Loading environment from /home/runner/work/key/key/key.core/../key.ui/examples/standard_key/java_dl/exceptions2.key.proof 
132411     DEBUG main            d.u.i.k.p.i.AbstractProblemLoader Environment load took 89.3ns 
132412     INFO  main            d.u.i.k.p.i.AbstractProblemLoader Creating init config 
134551     DEBUG main            d.u.i.k.p.i.AbstractProblemLoader Init config took 2.14s 
134565     INFO  main            d.u.i.k.p.i.AbstractProblemLoader Replaying proof exceptions2.key.proof 
134595     DEBUG main            d.u.i.k.p.i.IntermediateProofReplayer Proof replay took 27.97ms 
134596     DEBUG main            d.u.i.k.p.r.p.TestFile    ... success: reloaded. 
134597     INFO  main            d.u.i.k.p.r.p.TestFile    Now processing file /home/runner/work/key/key/key.core/../key.ui/examples/standard_key/java_dl/exceptions3.key 
134597     INFO  main            d.u.i.k.p.i.AbstractProblemLoader Loading environment from /home/runner/work/key/key/key.core/../key.ui/examples/standard_key/java_dl/exceptions3.key 
134597     DEBUG main            d.u.i.k.p.i.AbstractProblemLoader Environment load took 68.2ns 
134598     INFO  main            d.u.i.k.p.i.AbstractProblemLoader Creating init config 
134616     WARN  main            d.u.i.k.j.r.KeYCrossReferenceNameInfo Datatype java.io.InputStream declared twice: Once in FILE:/home/runner/work/key/key/key.core/../key.ui/examples/standard_key/java_dl/classpath/InputStream.java and once in URL:file:/home/runner/work/key/key/key.core/build/resources/main/de/uka/ilkd/key/java/JavaRedux/java/io/InputStream.java, Keeping one from URL:file:/home/runner/work/key/key/key.core/build/resources/main/de/uka/ilkd/key/java/JavaRedux/java/io/InputStream.java 
134617     WARN  main            d.u.i.k.j.r.KeYCrossReferenceNameInfo Datatype java.lang.System declared twice: Once in FILE:/home/runner/work/key/key/key.core/../key.ui/examples/standard_key/java_dl/classpath/System.java and once in URL:file:/home/runner/work/key/key/key.core/build/resources/main/de/uka/ilkd/key/java/JavaRedux/java/lang/System.java, Keeping one from URL:file:/home/runner/work/key/key/key.core/build/resources/main/de/uka/ilkd/key/java/JavaRedux/java/lang/System.java 
134617     WARN  main            d.u.i.k.j.r.KeYCrossReferenceNameInfo Datatype java.io.PrintStream declared twice: Once in FILE:/home/runner/work/key/key/key.core/../key.ui/examples/standard_key/java_dl/classpath/PrintStream.java and once in URL:file:/home/runner/work/key/key/key.core/build/resources/main/de/uka/ilkd/key/java/JavaRedux/java/io/PrintStream.java, Keeping one from URL:file:/home/runner/work/key/key/key.core/build/resources/main/de/uka/ilkd/key/java/JavaRedux/java/io/PrintStream.java 
134620     DEBUG main            d.u.i.k.j.r.ClassFileDeclarationBuilder Parsing: package java.io; public class Closeable { } 
134620     DEBUG main            r.s.KeYCrossReferenceSourceInfo Dynamically created class: java.io.Closeable 
136823     DEBUG main            d.u.i.k.p.i.AbstractProblemLoader Init config took 2.22s 
136836     INFO  main            d.u.i.k.p.i.AbstractProblemLoader Replaying proof exceptions3.key 
136837     DEBUG main            d.u.i.k.p.i.IntermediateProofReplayer Proof replay took 6.9ns 
136940     INFO  main            d.u.i.k.p.r.p.TestFile    ... finished proof: closed. 
137189     INFO  main            d.u.i.k.p.i.AbstractProblemLoader Loading environment from /home/runner/work/key/key/key.core/../key.ui/examples/standard_key/java_dl/exceptions3.key.proof 
137189     DEBUG main            d.u.i.k.p.i.AbstractProblemLoader Environment load took 84.8ns 
137190     INFO  main            d.u.i.k.p.i.AbstractProblemLoader Creating init config 
137212     WARN  main            d.u.i.k.j.r.KeYCrossReferenceNameInfo Datatype java.io.InputStream declared twice: Once in FILE:/home/runner/work/key/key/key.core/../key.ui/examples/standard_key/java_dl/classpath/InputStream.java and once in URL:file:/home/runner/work/key/key/key.core/build/resources/main/de/uka/ilkd/key/java/JavaRedux/java/io/InputStream.java, Keeping one from URL:file:/home/runner/work/key/key/key.core/build/resources/main/de/uka/ilkd/key/java/JavaRedux/java/io/InputStream.java 
137212     WARN  main            d.u.i.k.j.r.KeYCrossReferenceNameInfo Datatype java.lang.System declared twice: Once in FILE:/home/runner/work/key/key/key.core/../key.ui/examples/standard_key/java_dl/classpath/System.java and once in URL:file:/home/runner/work/key/key/key.core/build/resources/main/de/uka/ilkd/key/java/JavaRedux/java/lang/System.java, Keeping one from URL:file:/home/runner/work/key/key/key.core/build/resources/main/de/uka/ilkd/key/java/JavaRedux/java/lang/System.java 
137212     WARN  main            d.u.i.k.j.r.KeYCrossReferenceNameInfo Datatype java.io.PrintStream declared twice: Once in FILE:/home/runner/work/key/key/key.core/../key.ui/examples/standard_key/java_dl/classpath/PrintStream.java and once in URL:file:/home/runner/work/key/key/key.core/build/resources/main/de/uka/ilkd/key/java/JavaRedux/java/io/PrintStream.java, Keeping one from URL:file:/home/runner/work/key/key/key.core/build/resources/main/de/uka/ilkd/key/java/JavaRedux/java/io/PrintStream.java 
137215     DEBUG main            d.u.i.k.j.r.ClassFileDeclarationBuilder Parsing: package java.io; public class Closeable { } 
137215     DEBUG main            r.s.KeYCrossReferenceSourceInfo Dynamically created class: java.io.Closeable 
139393     DEBUG main            d.u.i.k.p.i.AbstractProblemLoader Init config took 2.2s 
139407     INFO  main            d.u.i.k.p.i.AbstractProblemLoader Replaying proof exceptions3.key.proof 
139412     DEBUG main            d.u.i.k.p.i.IntermediateProofReplayer Proof replay took 3.32ms 
139413     DEBUG main            d.u.i.k.p.r.p.TestFile    ... success: reloaded. 
139414     INFO  main            d.u.i.k.p.r.p.TestFile    Now processing file /home/runner/work/key/key/key.core/../key.ui/examples/standard_key/java_dl/exchange.key 
139414     INFO  main            d.u.i.k.p.i.AbstractProblemLoader Loading environment from /home/runner/work/key/key/key.core/../key.ui/examples/standard_key/java_dl/exchange.key 
139415     DEBUG main            d.u.i.k.p.i.AbstractProblemLoader Environment load took 165.9ns 
139416     INFO  main            d.u.i.k.p.i.AbstractProblemLoader Creating init config 
141576     DEBUG main            d.u.i.k.p.i.AbstractProblemLoader Init config took 2.16s 
141590     INFO  main            d.u.i.k.p.i.AbstractProblemLoader Replaying proof exchange.key 
141591     DEBUG main            d.u.i.k.p.i.IntermediateProofReplayer Proof replay took 7ns 
141693     INFO  main            d.u.i.k.p.r.p.TestFile    ... finished proof: closed. 
141955     INFO  main            d.u.i.k.p.i.AbstractProblemLoader Loading environment from /home/runner/work/key/key/key.core/../key.ui/examples/standard_key/java_dl/exchange.key.proof 
141955     DEBUG main            d.u.i.k.p.i.AbstractProblemLoader Environment load took 81ns 
141956     INFO  main            d.u.i.k.p.i.AbstractProblemLoader Creating init config 
144091     DEBUG main            d.u.i.k.p.i.AbstractProblemLoader Init config took 2.14s 
144104     INFO  main            d.u.i.k.p.i.AbstractProblemLoader Replaying proof exchange.key.proof 
144108     DEBUG main            d.u.i.k.p.i.IntermediateProofReplayer Proof replay took 2.55ms 
144109     DEBUG main            d.u.i.k.p.r.p.TestFile    ... success: reloaded. 
144110     INFO  main            d.u.i.k.p.r.p.TestFile    Now processing file /home/runner/work/key/key/key.core/../key.ui/examples/standard_key/java_dl/if.key 
144110     INFO  main            d.u.i.k.p.i.AbstractProblemLoader Loading environment from /home/runner/work/key/key/key.core/../key.ui/examples/standard_key/java_dl/if.key 
144110     DEBUG main            d.u.i.k.p.i.AbstractProblemLoader Environment load took 144.2ns 
144111     INFO  main            d.u.i.k.p.i.AbstractProblemLoader Creating init config 
146286     DEBUG main            d.u.i.k.p.i.AbstractProblemLoader Init config took 2.17s 
146298     INFO  main            d.u.i.k.p.i.AbstractProblemLoader Replaying proof if.key 
146299     DEBUG main            d.u.i.k.p.i.IntermediateProofReplayer Proof replay took 6.9ns 
146401     INFO  main            d.u.i.k.p.r.p.TestFile    ... finished proof: closed. 
146662     INFO  main            d.u.i.k.p.i.AbstractProblemLoader Loading environment from /home/runner/work/key/key/key.core/../key.ui/examples/standard_key/java_dl/if.key.proof 
146662     DEBUG main            d.u.i.k.p.i.AbstractProblemLoader Environment load took 91.3ns 
146663     INFO  main            d.u.i.k.p.i.AbstractProblemLoader Creating init config 
148773     DEBUG main            d.u.i.k.p.i.AbstractProblemLoader Init config took 2.11s 
148786     INFO  main            d.u.i.k.p.i.AbstractProblemLoader Replaying proof if.key.proof 
148790     DEBUG main            d.u.i.k.p.i.IntermediateProofReplayer Proof replay took 2.62ms 
148791     DEBUG main            d.u.i.k.p.r.p.TestFile    ... success: reloaded. 
148791     INFO  main            d.u.i.k.p.r.p.TestFile    Now processing file /home/runner/work/key/key/key.core/../key.ui/examples/standard_key/java_dl/incrementcounter.key 
148791     INFO  main            d.u.i.k.p.i.AbstractProblemLoader Loading environment from /home/runner/work/key/key/key.core/../key.ui/examples/standard_key/java_dl/incrementcounter.key 
148791     DEBUG main            d.u.i.k.p.i.AbstractProblemLoader Environment load took 68.4ns 
148792     INFO  main            d.u.i.k.p.i.AbstractProblemLoader Creating init config 
150954     DEBUG main            d.u.i.k.p.i.AbstractProblemLoader Init config took 2.16s 
150967     INFO  main            d.u.i.k.p.i.AbstractProblemLoader Replaying proof incrementcounter.key 
150969     DEBUG main            d.u.i.k.p.i.IntermediateProofReplayer Proof replay took 6.3ns 
151070     INFO  main            d.u.i.k.p.r.p.TestFile    ... finished proof: closed. 
151335     INFO  main            d.u.i.k.p.i.AbstractProblemLoader Loading environment from /home/runner/work/key/key/key.core/../key.ui/examples/standard_key/java_dl/incrementcounter.key.proof 
151335     DEBUG main            d.u.i.k.p.i.AbstractProblemLoader Environment load took 82ns 
151336     INFO  main            d.u.i.k.p.i.AbstractProblemLoader Creating init config 
153455     DEBUG main            d.u.i.k.p.i.AbstractProblemLoader Init config took 2.12s 
153467     INFO  main            d.u.i.k.p.i.AbstractProblemLoader Replaying proof incrementcounter.key.proof 
153471     DEBUG main            d.u.i.k.p.i.IntermediateProofReplayer Proof replay took 1.7ms 
153471     DEBUG main            d.u.i.k.p.r.p.TestFile    ... success: reloaded. 
153471     INFO  main            d.u.i.k.p.r.p.TestFile    Now processing file /home/runner/work/key/key/key.core/../key.ui/examples/standard_key/java_dl/danglingElse.key 
153472     INFO  main            d.u.i.k.p.i.AbstractProblemLoader Loading environment from /home/runner/work/key/key/key.core/../key.ui/examples/standard_key/java_dl/danglingElse.key 
153472     DEBUG main            d.u.i.k.p.i.AbstractProblemLoader Environment load took 44.3ns 
153473     INFO  main            d.u.i.k.p.i.AbstractProblemLoader Creating init config 
155641     DEBUG main            d.u.i.k.p.i.AbstractProblemLoader Init config took 2.17s 
155655     INFO  main            d.u.i.k.p.i.AbstractProblemLoader Replaying proof danglingElse.key 
155657     DEBUG main            d.u.i.k.p.i.IntermediateProofReplayer Proof replay took 6.5ns 
155758     INFO  main            d.u.i.k.p.r.p.TestFile    ... finished proof: open goal(s) 
156044     INFO  main            d.u.i.k.p.r.p.TestFile    Now processing file /home/runner/work/key/key/key.core/../key.ui/examples/standard_key/java_dl/iteratedAssignment.key 
156045     INFO  main            d.u.i.k.p.i.AbstractProblemLoader Loading environment from /home/runner/work/key/key/key.core/../key.ui/examples/standard_key/java_dl/iteratedAssignment.key 
156045     DEBUG main            d.u.i.k.p.i.AbstractProblemLoader Environment load took 53.2ns 
156046     INFO  main            d.u.i.k.p.i.AbstractProblemLoader Creating init config 
158187     DEBUG main            d.u.i.k.p.i.AbstractProblemLoader Init config took 2.14s 
158200     INFO  main            d.u.i.k.p.i.AbstractProblemLoader Replaying proof iteratedAssignment.key 
158203     DEBUG main            d.u.i.k.p.i.IntermediateProofReplayer Proof replay took 5.9ns 
158505     INFO  main            d.u.i.k.p.r.p.TestFile    ... finished proof: closed. 
158841     INFO  main            d.u.i.k.p.i.AbstractProblemLoader Loading environment from /home/runner/work/key/key/key.core/../key.ui/examples/standard_key/java_dl/iteratedAssignment.key.proof 
158842     DEBUG main            d.u.i.k.p.i.AbstractProblemLoader Environment load took 85.4ns 
158843     INFO  main            d.u.i.k.p.i.AbstractProblemLoader Creating init config 
160983     DEBUG main            d.u.i.k.p.i.AbstractProblemLoader Init config took 2.14s 
160997     INFO  main            d.u.i.k.p.i.AbstractProblemLoader Replaying proof iteratedAssignment.key.proof 
161062     DEBUG main            d.u.i.k.p.i.IntermediateProofReplayer Proof replay took 62.61ms 
161063     DEBUG main            d.u.i.k.p.r.p.TestFile    ... success: reloaded. 
161064     INFO  main            d.u.i.k.p.r.p.TestFile    Now processing file /home/runner/work/key/key/key.core/../key.ui/examples/standard_key/java_dl/assert/assert1.key 
161065     INFO  main            d.u.i.k.p.i.AbstractProblemLoader Loading environment from /home/runner/work/key/key/key.core/../key.ui/examples/standard_key/java_dl/assert/assert1.key 
161065     DEBUG main            d.u.i.k.p.i.AbstractProblemLoader Environment load took 192.8ns 
161066     INFO  main            d.u.i.k.p.i.AbstractProblemLoader Creating init config 
163288     DEBUG main            d.u.i.k.p.i.AbstractProblemLoader Init config took 2.22s 
163321     INFO  main            d.u.i.k.p.i.AbstractProblemLoader Replaying proof C[C::foo()].JML normal_behavior operation contract.0 
163323     DEBUG main            d.u.i.k.p.i.IntermediateProofReplayer Proof replay took 6.1ns 
163525     INFO  main            d.u.i.k.p.r.p.TestFile    ... finished proof: open goal(s) 
163850     INFO  main            d.u.i.k.p.r.p.TestFile    Now processing file /home/runner/work/key/key/key.core/../key.ui/examples/standard_key/java_dl/assert/assert2.key 
163850     INFO  main            d.u.i.k.p.i.AbstractProblemLoader Loading environment from /home/runner/work/key/key/key.core/../key.ui/examples/standard_key/java_dl/assert/assert2.key 
163850     DEBUG main            d.u.i.k.p.i.AbstractProblemLoader Environment load took 42.9ns 
163851     INFO  main            d.u.i.k.p.i.AbstractProblemLoader Creating init config 
166009     DEBUG main            d.u.i.k.p.i.AbstractProblemLoader Init config took 2.16s 
166041     INFO  main            d.u.i.k.p.i.AbstractProblemLoader Replaying proof C[C::bar()].JML exceptional_behavior operation contract.0 
166042     DEBUG main            d.u.i.k.p.i.IntermediateProofReplayer Proof replay took 6ns 
166246     INFO  main            d.u.i.k.p.r.p.TestFile    ... finished proof: closed. 
166551     INFO  main            d.u.i.k.p.i.AbstractProblemLoader Loading environment from /home/runner/work/key/key/key.core/../key.ui/examples/standard_key/java_dl/assert/assert2.key.proof 
166551     DEBUG main            d.u.i.k.p.i.AbstractProblemLoader Environment load took 97ns 
166552     INFO  main            d.u.i.k.p.i.AbstractProblemLoader Creating init config 
168716     DEBUG main            d.u.i.k.p.i.AbstractProblemLoader Init config took 2.16s 
168752     INFO  main            d.u.i.k.p.i.AbstractProblemLoader Replaying proof C[C::bar()].JML exceptional_behavior operation contract.0 
168790     DEBUG main            d.u.i.k.p.i.IntermediateProofReplayer Proof replay took 35.61ms 
168791     DEBUG main            d.u.i.k.p.r.p.TestFile    ... success: reloaded. 
168791     INFO  main            d.u.i.k.p.r.p.TestFile    Now processing file /home/runner/work/key/key/key.core/../key.ui/examples/standard_key/java_dl/assert/assert3.key 
168792     INFO  main            d.u.i.k.p.i.AbstractProblemLoader Loading environment from /home/runner/work/key/key/key.core/../key.ui/examples/standard_key/java_dl/assert/assert3.key 
168792     DEBUG main            d.u.i.k.p.i.AbstractProblemLoader Environment load took 147.6ns 
168793     INFO  main            d.u.i.k.p.i.AbstractProblemLoader Creating init config 
170997     DEBUG main            d.u.i.k.p.i.AbstractProblemLoader Init config took 2.2s 
171028     INFO  main            d.u.i.k.p.i.AbstractProblemLoader Replaying proof C[C::foo()].JML normal_behavior operation contract.0 
171030     DEBUG main            d.u.i.k.p.i.IntermediateProofReplayer Proof replay took 5.7ns 
171134     INFO  main            d.u.i.k.p.r.p.TestFile    ... finished proof: open goal(s) 
171511     INFO  main            d.u.i.k.p.r.p.TestFile    Now processing file /home/runner/work/key/key/key.core/../key.ui/examples/standard_key/java_dl/java5/vararg.key 
171512     INFO  main            d.u.i.k.p.i.AbstractProblemLoader Loading environment from /home/runner/work/key/key/key.core/../key.ui/examples/standard_key/java_dl/java5/vararg.key 
171512     DEBUG main            d.u.i.k.p.i.AbstractProblemLoader Environment load took 43.1ns 
171513     INFO  main            d.u.i.k.p.i.AbstractProblemLoader Creating init config 
172285     DEBUG main            d.u.i.k.j.r.ClassPreparationMethodBuilder clPrepBuilder: Inner Class detected. Reject building class initialisation methods. 
174019     DEBUG main            d.u.i.k.p.i.AbstractProblemLoader Init config took 2.51s 
174042     INFO  main            d.u.i.k.p.i.AbstractProblemLoader Replaying proof vararg.key 
174044     DEBUG main            d.u.i.k.p.i.IntermediateProofReplayer Proof replay took 6ns 
174293     DEBUG Thread-101      d.u.i.k.j.d.VariableSpecification Program match. Variables have different dimension (template #v0 = #vi;, source var#17[] = new java.lang.Object[]{d1, d2};) 
174426     DEBUG Thread-101      d.u.i.k.j.d.VariableSpecification Program match. Variables have different dimension (template #v0 = #vi;, source var#24[] = new java.lang.Object[]{d1, d2};) 
174565     DEBUG Thread-101      d.u.i.k.j.d.VariableSpecification Program match. Variables have different dimension (template #v0 = #vi;, source var#33[] = new java.lang.Object[]{var_1};) 
174566     DEBUG Thread-101      d.u.i.k.j.d.VariableSpecification Program match. Variables have different dimension (template #v0 = #vi;, source var#33[] = new java.lang.Object[]{var_1};) 
174674     DEBUG Thread-101      d.u.i.k.j.d.VariableSpecification Program match. Variables have different dimension (template #v0 = #vi;, source var#39[] = new java.lang.Object[]{null, null};) 
174833     DEBUG Thread-101      d.u.i.k.j.d.VariableSpecification Program match. Variables have different dimension (template #v0 = #vi;, source var#46[] = new java.lang.Object[]{};) 
175151     INFO  main            d.u.i.k.p.r.p.TestFile    ... finished proof: closed. 
175499     INFO  main            d.u.i.k.p.i.AbstractProblemLoader Loading environment from /home/runner/work/key/key/key.core/../key.ui/examples/standard_key/java_dl/java5/vararg.key.proof 
175499     DEBUG main            d.u.i.k.p.i.AbstractProblemLoader Environment load took 311.3ns 
175501     INFO  main            d.u.i.k.p.i.AbstractProblemLoader Creating init config 
176266     DEBUG main            d.u.i.k.j.r.ClassPreparationMethodBuilder clPrepBuilder: Inner Class detected. Reject building class initialisation methods. 
177896     DEBUG main            d.u.i.k.p.i.AbstractProblemLoader Init config took 2.39s 
177918     INFO  main            d.u.i.k.p.i.AbstractProblemLoader Replaying proof vararg.key.proof 
178226     DEBUG main            d.u.i.k.p.i.IntermediateProofReplayer Proof replay took 296.51ms 
178227     DEBUG main            d.u.i.k.p.r.p.TestFile    ... success: reloaded. 
178228     INFO  main            d.u.i.k.p.r.p.TestFile    Now processing file /home/runner/work/key/key/key.core/../key.ui/examples/standard_key/java_dl/java5/for_Array.key 
178228     INFO  main            d.u.i.k.p.i.AbstractProblemLoader Loading environment from /home/runner/work/key/key/key.core/../key.ui/examples/standard_key/java_dl/java5/for_Array.key 
178228     DEBUG main            d.u.i.k.p.i.AbstractProblemLoader Environment load took 146.7ns 
178229     INFO  main            d.u.i.k.p.i.AbstractProblemLoader Creating init config 
179014     DEBUG main            d.u.i.k.j.r.ClassPreparationMethodBuilder clPrepBuilder: Inner Class detected. Reject building class initialisation methods. 
180700     DEBUG main            d.u.i.k.p.i.AbstractProblemLoader Init config took 2.47s 
180748     INFO  main            d.u.i.k.p.i.AbstractProblemLoader Replaying proof For[For::sum([I)].JML operation contract.0 
180749     DEBUG main            d.u.i.k.p.i.IntermediateProofReplayer Proof replay took 22.9ns 
181071     INFO  main            d.u.i.k.p.r.p.TestFile    ... finished proof: closed. 
181432     INFO  main            d.u.i.k.p.i.AbstractProblemLoader Loading environment from /home/runner/work/key/key/key.core/../key.ui/examples/standard_key/java_dl/java5/for_Array.key.proof 
181432     DEBUG main            d.u.i.k.p.i.AbstractProblemLoader Environment load took 84.8ns 
181433     INFO  main            d.u.i.k.p.i.AbstractProblemLoader Creating init config 
182183     DEBUG main            d.u.i.k.j.r.ClassPreparationMethodBuilder clPrepBuilder: Inner Class detected. Reject building class initialisation methods. 
183789     DEBUG main            d.u.i.k.p.i.AbstractProblemLoader Init config took 2.36s 
183837     INFO  main            d.u.i.k.p.i.AbstractProblemLoader Replaying proof For[For::sum([I)].JML operation contract.0 
183922     DEBUG main            d.u.i.k.p.i.IntermediateProofReplayer Proof replay took 81.43ms 
183923     DEBUG main            d.u.i.k.p.r.p.TestFile    ... success: reloaded. 
183924     INFO  main            d.u.i.k.p.r.p.TestFile    Now processing file /home/runner/work/key/key/key.core/../key.ui/examples/standard_key/java_dl/java5/for_Iterable.key 
183924     INFO  main            d.u.i.k.p.i.AbstractProblemLoader Loading environment from /home/runner/work/key/key/key.core/../key.ui/examples/standard_key/java_dl/java5/for_Iterable.key 
183924     DEBUG main            d.u.i.k.p.i.AbstractProblemLoader Environment load took 189.5ns 
183925     INFO  main            d.u.i.k.p.i.AbstractProblemLoader Creating init config 
184706     DEBUG main            d.u.i.k.j.r.ClassPreparationMethodBuilder clPrepBuilder: Inner Class detected. Reject building class initialisation methods. 
186336     DEBUG main            d.u.i.k.p.i.AbstractProblemLoader Init config took 2.41s 
186402     INFO  main            d.u.i.k.p.i.AbstractProblemLoader Replaying proof For[For::infiniteLoop(For)].JML operation contract.0 
186403     DEBUG main            d.u.i.k.p.i.IntermediateProofReplayer Proof replay took 6.2ns 
186606     INFO  main            d.u.i.k.p.r.p.TestFile    ... finished proof: closed. 
186916     INFO  main            d.u.i.k.p.i.AbstractProblemLoader Loading environment from /home/runner/work/key/key/key.core/../key.ui/examples/standard_key/java_dl/java5/for_Iterable.key.proof 
186916     DEBUG main            d.u.i.k.p.i.AbstractProblemLoader Environment load took 78.1ns 
186917     INFO  main            d.u.i.k.p.i.AbstractProblemLoader Creating init config 
187677     DEBUG main            d.u.i.k.j.r.ClassPreparationMethodBuilder clPrepBuilder: Inner Class detected. Reject building class initialisation methods. 
189253     DEBUG main            d.u.i.k.p.i.AbstractProblemLoader Init config took 2.34s 
189299     INFO  main            d.u.i.k.p.i.AbstractProblemLoader Replaying proof For[For::infiniteLoop(For)].JML operation contract.0 
189359     DEBUG main            d.u.i.k.p.i.IntermediateProofReplayer Proof replay took 58.22ms 
189360     DEBUG main            d.u.i.k.p.r.p.TestFile    ... success: reloaded. 
189361     INFO  main            d.u.i.k.p.r.p.TestFile    Now processing file /home/runner/work/key/key/key.core/../key.ui/examples/standard_key/java_dl/java5/for_ReferenceArray.key 
189361     INFO  main            d.u.i.k.p.i.AbstractProblemLoader Loading environment from /home/runner/work/key/key/key.core/../key.ui/examples/standard_key/java_dl/java5/for_ReferenceArray.key 
189362     DEBUG main            d.u.i.k.p.i.AbstractProblemLoader Environment load took 136.9ns 
189362     INFO  main            d.u.i.k.p.i.AbstractProblemLoader Creating init config 
190125     DEBUG main            d.u.i.k.j.r.ClassPreparationMethodBuilder clPrepBuilder: Inner Class detected. Reject building class initialisation methods. 
191747     DEBUG main            d.u.i.k.p.i.AbstractProblemLoader Init config took 2.38s 
191794     INFO  main            d.u.i.k.p.i.AbstractProblemLoader Replaying proof ForReferenceArray[ForReferenceArray::foo([Ljava.lang.Object)].JML operation contract.0 
191795     DEBUG main            d.u.i.k.p.i.IntermediateProofReplayer Proof replay took 7.5ns 
191998     INFO  main            d.u.i.k.p.r.p.TestFile    ... finished proof: closed. 
192328     INFO  main            d.u.i.k.p.i.AbstractProblemLoader Loading environment from /home/runner/work/key/key/key.core/../key.ui/examples/standard_key/java_dl/java5/for_ReferenceArray.key.proof 
192328     DEBUG main            d.u.i.k.p.i.AbstractProblemLoader Environment load took 93.7ns 
192329     INFO  main            d.u.i.k.p.i.AbstractProblemLoader Creating init config 
193065     DEBUG main            d.u.i.k.j.r.ClassPreparationMethodBuilder clPrepBuilder: Inner Class detected. Reject building class initialisation methods. 
194638     DEBUG main            d.u.i.k.p.i.AbstractProblemLoader Init config took 2.31s 
194685     INFO  main            d.u.i.k.p.i.AbstractProblemLoader Replaying proof ForReferenceArray[ForReferenceArray::foo([Ljava.lang.Object)].JML operation contract.0 
194754     DEBUG main            d.u.i.k.p.i.IntermediateProofReplayer Proof replay took 66.35ms 
194755     DEBUG main            d.u.i.k.p.r.p.TestFile    ... success: reloaded. 
194756     INFO  main            d.u.i.k.p.r.p.TestFile    Now processing file /home/runner/work/key/key/key.core/../key.ui/examples/standard_key/java_dl/jml-bigint/cast.key 
194756     INFO  main            d.u.i.k.p.i.AbstractProblemLoader Loading environment from /home/runner/work/key/key/key.core/../key.ui/examples/standard_key/java_dl/jml-bigint/cast.key 
194756     DEBUG main            d.u.i.k.p.i.AbstractProblemLoader Environment load took 134.3ns 
194757     INFO  main            d.u.i.k.p.i.AbstractProblemLoader Creating init config 
197029     DEBUG main            d.u.i.k.p.i.AbstractProblemLoader Init config took 2.27s 
197061     INFO  main            d.u.i.k.p.i.AbstractProblemLoader Replaying proof Mult[Mult::cast()].JML operation contract.0 
197066     DEBUG main            d.u.i.k.p.i.IntermediateProofReplayer Proof replay took 6.7ns 
197167     INFO  main            d.u.i.k.p.r.p.TestFile    ... finished proof: closed. 
197559     INFO  main            d.u.i.k.p.i.AbstractProblemLoader Loading environment from /home/runner/work/key/key/key.core/../key.ui/examples/standard_key/java_dl/jml-bigint/cast.key.proof 
197559     DEBUG main            d.u.i.k.p.i.AbstractProblemLoader Environment load took 93.9ns 
197560     INFO  main            d.u.i.k.p.i.AbstractProblemLoader Creating init config 
199789     DEBUG main            d.u.i.k.p.i.AbstractProblemLoader Init config took 2.23s 
199821     INFO  main            d.u.i.k.p.i.AbstractProblemLoader Replaying proof Mult[Mult::cast()].JML operation contract.0 
199833     DEBUG main            d.u.i.k.p.i.IntermediateProofReplayer Proof replay took 10.66ms 
199833     DEBUG main            d.u.i.k.p.r.p.TestFile    ... success: reloaded. 
199834     INFO  main            d.u.i.k.p.r.p.TestFile    Now processing file /home/runner/work/key/key/key.core/../key.ui/examples/standard_key/java_dl/jml-free/loopInvFree.key 
199834     INFO  main            d.u.i.k.p.i.AbstractProblemLoader Loading environment from /home/runner/work/key/key/key.core/../key.ui/examples/standard_key/java_dl/jml-free/loopInvFree.key 
199834     DEBUG main            d.u.i.k.p.i.AbstractProblemLoader Environment load took 66.6ns 
199835     INFO  main            d.u.i.k.p.i.AbstractProblemLoader Creating init config 
202048     DEBUG main            d.u.i.k.p.i.AbstractProblemLoader Init config took 2.21s 
202079     INFO  main            d.u.i.k.p.i.AbstractProblemLoader Replaying proof LoopInvFree[LoopInvFree::test()].JML operation contract.0 
202080     DEBUG main            d.u.i.k.p.i.IntermediateProofReplayer Proof replay took 6ns 
202282     INFO  main            d.u.i.k.p.r.p.TestFile    ... finished proof: closed. 
202618     INFO  main            d.u.i.k.p.i.AbstractProblemLoader Loading environment from /home/runner/work/key/key/key.core/../key.ui/examples/standard_key/java_dl/jml-free/loopInvFree.key.proof 
202618     DEBUG main            d.u.i.k.p.i.AbstractProblemLoader Environment load took 79.4ns 
202619     INFO  main            d.u.i.k.p.i.AbstractProblemLoader Creating init config 
204818     DEBUG main            d.u.i.k.p.i.AbstractProblemLoader Init config took 2.2s 
204849     INFO  main            d.u.i.k.p.i.AbstractProblemLoader Replaying proof LoopInvFree[LoopInvFree::test()].JML operation contract.0 
204889     DEBUG main            d.u.i.k.p.i.IntermediateProofReplayer Proof replay took 37.8ms 
204889     DEBUG main            d.u.i.k.p.r.p.TestFile    ... success: reloaded. 
204890     INFO  main            d.u.i.k.p.r.p.TestFile    Now processing file /home/runner/work/key/key/key.core/../key.ui/examples/standard_key/java_dl/jml-free/ensuresFree.key 
204890     INFO  main            d.u.i.k.p.i.AbstractProblemLoader Loading environment from /home/runner/work/key/key/key.core/../key.ui/examples/standard_key/java_dl/jml-free/ensuresFree.key 
204890     DEBUG main            d.u.i.k.p.i.AbstractProblemLoader Environment load took 67.8ns 
204891     INFO  main            d.u.i.k.p.i.AbstractProblemLoader Creating init config 
207089     DEBUG main            d.u.i.k.p.i.AbstractProblemLoader Init config took 2.2s 
207119     INFO  main            d.u.i.k.p.i.AbstractProblemLoader Replaying proof EnsuresFree[EnsuresFree::test()].JML operation contract.0 
207120     DEBUG main            d.u.i.k.p.i.IntermediateProofReplayer Proof replay took 6ns 
207222     INFO  main            d.u.i.k.p.r.p.TestFile    ... finished proof: closed. 
207559     INFO  main            d.u.i.k.p.i.AbstractProblemLoader Loading environment from /home/runner/work/key/key/key.core/../key.ui/examples/standard_key/java_dl/jml-free/ensuresFree.key.proof 
207559     DEBUG main            d.u.i.k.p.i.AbstractProblemLoader Environment load took 81.2ns 
207560     INFO  main            d.u.i.k.p.i.AbstractProblemLoader Creating init config 
209750     DEBUG main            d.u.i.k.p.i.AbstractProblemLoader Init config took 2.19s 
209781     INFO  main            d.u.i.k.p.i.AbstractProblemLoader Replaying proof EnsuresFree[EnsuresFree::test()].JML operation contract.0 
209797     DEBUG main            d.u.i.k.p.i.IntermediateProofReplayer Proof replay took 14.2ms 
209798     DEBUG main            d.u.i.k.p.r.p.TestFile    ... success: reloaded. 
209798     INFO  main            d.u.i.k.p.r.p.TestFile    Now processing file /home/runner/work/key/key/key.core/../key.ui/examples/standard_key/java_dl/jml-information-flow.key 
209799     INFO  main            d.u.i.k.p.i.AbstractProblemLoader Loading environment from /home/runner/work/key/key/key.core/../key.ui/examples/standard_key/java_dl/jml-information-flow.key 
209799     DEBUG main            d.u.i.k.p.i.AbstractProblemLoader Environment load took 57.7ns 
209804     INFO  main            d.u.i.k.p.i.AbstractProblemLoader Creating init config 
212149     DEBUG main            d.u.i.k.p.i.AbstractProblemLoader Init config took 2.35s 
212166     INFO  main            d.u.i.k.p.i.AbstractProblemLoader Replaying proof jml-information-flow.key 
212167     DEBUG main            d.u.i.k.p.i.IntermediateProofReplayer Proof replay took 6.8ns 
330928     INFO  main            d.u.i.k.p.r.p.TestFile    ... finished proof: closed. 
331466     INFO  main            d.u.i.k.p.i.AbstractProblemLoader Loading environment from /home/runner/work/key/key/key.core/../key.ui/examples/standard_key/java_dl/jml-information-flow.key.proof 
331466     DEBUG main            d.u.i.k.p.i.AbstractProblemLoader Environment load took 141ns 
331474     INFO  main            d.u.i.k.p.i.AbstractProblemLoader Creating init config 
333773     DEBUG main            d.u.i.k.p.i.AbstractProblemLoader Init config took 2.3s 
333791     INFO  main            d.u.i.k.p.i.AbstractProblemLoader Replaying proof jml-information-flow.key.proof 
337148     DEBUG main            d.u.i.k.p.i.IntermediateProofReplayer Proof replay took 3.25s 
337199     DEBUG main            d.u.i.k.p.r.p.TestFile    ... success: reloaded. 
337200     INFO  main            d.u.i.k.p.r.p.TestFile    Now processing file /home/runner/work/key/key/key.core/../key.ui/examples/standard_key/java_dl/jml-min/min-unprovable1.key 
337200     INFO  main            d.u.i.k.p.i.AbstractProblemLoader Loading environment from /home/runner/work/key/key/key.core/../key.ui/examples/standard_key/java_dl/jml-min/min-unprovable1.key 
337200     DEBUG main            d.u.i.k.p.i.AbstractProblemLoader Environment load took 75.6ns 
337201     INFO  main            d.u.i.k.p.i.AbstractProblemLoader Creating init config 
339672     DEBUG main            d.u.i.k.p.i.AbstractProblemLoader Init config took 2.47s 
339720     INFO  main            d.u.i.k.p.i.AbstractProblemLoader Replaying proof Min[Min::foo()].JML operation contract.0 
339721     DEBUG main            d.u.i.k.p.i.IntermediateProofReplayer Proof replay took 5.4ns 
339822     INFO  main            d.u.i.k.p.r.p.TestFile    ... finished proof: open goal(s) 
340305     INFO  main            d.u.i.k.p.r.p.TestFile    Now processing file /home/runner/work/key/key/key.core/../key.ui/examples/standard_key/java_dl/jml-min/min-unprovable2.key 
340306     INFO  main            d.u.i.k.p.i.AbstractProblemLoader Loading environment from /home/runner/work/key/key/key.core/../key.ui/examples/standard_key/java_dl/jml-min/min-unprovable2.key 
340306     DEBUG main            d.u.i.k.p.i.AbstractProblemLoader Environment load took 74.8ns 
340307     INFO  main            d.u.i.k.p.i.AbstractProblemLoader Creating init config 
342478     DEBUG main            d.u.i.k.p.i.AbstractProblemLoader Init config took 2.17s 
342509     INFO  main            d.u.i.k.p.i.AbstractProblemLoader Replaying proof Min[Min::foo2()].JML operation contract.0 
342510     DEBUG main            d.u.i.k.p.i.IntermediateProofReplayer Proof replay took 6.3ns 
342613     INFO  main            d.u.i.k.p.r.p.TestFile    ... finished proof: open goal(s) 
342961     INFO  main            d.u.i.k.p.r.p.TestFile    Now processing file /home/runner/work/key/key/key.core/../key.ui/examples/standard_key/java_dl/methodCall.key 
342961     INFO  main            d.u.i.k.p.i.AbstractProblemLoader Loading environment from /home/runner/work/key/key/key.core/../key.ui/examples/standard_key/java_dl/methodCall.key 
342961     DEBUG main            d.u.i.k.p.i.AbstractProblemLoader Environment load took 46.4ns 
342962     INFO  main            d.u.i.k.p.i.AbstractProblemLoader Creating init config 
345160     DEBUG main            d.u.i.k.p.i.AbstractProblemLoader Init config took 2.2s 
345173     INFO  main            d.u.i.k.p.i.AbstractProblemLoader Replaying proof methodCall.key 
345174     DEBUG main            d.u.i.k.p.i.IntermediateProofReplayer Proof replay took 6.5ns 
345276     INFO  main            d.u.i.k.p.r.p.TestFile    ... finished proof: closed. 
345624     INFO  main            d.u.i.k.p.i.AbstractProblemLoader Loading environment from /home/runner/work/key/key/key.core/../key.ui/examples/standard_key/java_dl/methodCall.key.proof 
345624     DEBUG main            d.u.i.k.p.i.AbstractProblemLoader Environment load took 84.9ns 
345625     INFO  main            d.u.i.k.p.i.AbstractProblemLoader Creating init config 
347792     DEBUG main            d.u.i.k.p.i.AbstractProblemLoader Init config took 2.17s 
347805     INFO  main            d.u.i.k.p.i.AbstractProblemLoader Replaying proof methodCall.key.proof 
347808     DEBUG main            d.u.i.k.p.i.IntermediateProofReplayer Proof replay took 1.57ms 
347808     DEBUG main            d.u.i.k.p.r.p.TestFile    ... success: reloaded. 
347809     INFO  main            d.u.i.k.p.r.p.TestFile    Now processing file /home/runner/work/key/key/key.core/../key.ui/examples/standard_key/java_dl/methodCall1.key 
347809     INFO  main            d.u.i.k.p.i.AbstractProblemLoader Loading environment from /home/runner/work/key/key/key.core/../key.ui/examples/standard_key/java_dl/methodCall1.key 
347809     DEBUG main            d.u.i.k.p.i.AbstractProblemLoader Environment load took 41.3ns 
347811     INFO  main            d.u.i.k.p.i.AbstractProblemLoader Creating init config 
350002     DEBUG main            d.u.i.k.p.i.AbstractProblemLoader Init config took 2.19s 
350015     INFO  main            d.u.i.k.p.i.AbstractProblemLoader Replaying proof methodCall1.key 
350017     DEBUG main            d.u.i.k.p.i.IntermediateProofReplayer Proof replay took 6.2ns 
350118     INFO  main            d.u.i.k.p.r.p.TestFile    ... finished proof: closed. 
350481     INFO  main            d.u.i.k.p.i.AbstractProblemLoader Loading environment from /home/runner/work/key/key/key.core/../key.ui/examples/standard_key/java_dl/methodCall1.key.proof 
350482     DEBUG main            d.u.i.k.p.i.AbstractProblemLoader Environment load took 89.4ns 
350482     INFO  main            d.u.i.k.p.i.AbstractProblemLoader Creating init config 
352653     DEBUG main            d.u.i.k.p.i.AbstractProblemLoader Init config took 2.17s 
352666     INFO  main            d.u.i.k.p.i.AbstractProblemLoader Replaying proof methodCall1.key.proof 
352678     DEBUG main            d.u.i.k.p.i.IntermediateProofReplayer Proof replay took 11.05ms 
352679     DEBUG main            d.u.i.k.p.r.p.TestFile    ... success: reloaded. 
352679     INFO  main            d.u.i.k.p.r.p.TestFile    Now processing file /home/runner/work/key/key/key.core/../key.ui/examples/standard_key/java_dl/methodCall1box.key 
352680     INFO  main            d.u.i.k.p.i.AbstractProblemLoader Loading environment from /home/runner/work/key/key/key.core/../key.ui/examples/standard_key/java_dl/methodCall1box.key 
352680     DEBUG main            d.u.i.k.p.i.AbstractProblemLoader Environment load took 78.2ns 
352681     INFO  main            d.u.i.k.p.i.AbstractProblemLoader Creating init config 
354870     DEBUG main            d.u.i.k.p.i.AbstractProblemLoader Init config took 2.19s 
354883     INFO  main            d.u.i.k.p.i.AbstractProblemLoader Replaying proof methodCall1box.key 
354884     DEBUG main            d.u.i.k.p.i.IntermediateProofReplayer Proof replay took 7.2ns 
354985     INFO  main            d.u.i.k.p.r.p.TestFile    ... finished proof: closed. 
355358     INFO  main            d.u.i.k.p.i.AbstractProblemLoader Loading environment from /home/runner/work/key/key/key.core/../key.ui/examples/standard_key/java_dl/methodCall1box.key.proof 
355358     DEBUG main            d.u.i.k.p.i.AbstractProblemLoader Environment load took 78.4ns 
355359     INFO  main            d.u.i.k.p.i.AbstractProblemLoader Creating init config 
357525     DEBUG main            d.u.i.k.p.i.AbstractProblemLoader Init config took 2.17s 
357538     INFO  main            d.u.i.k.p.i.AbstractProblemLoader Replaying proof methodCall1box.key.proof 
357558     DEBUG main            d.u.i.k.p.i.IntermediateProofReplayer Proof replay took 15.96ms 
357558     DEBUG main            d.u.i.k.p.r.p.TestFile    ... success: reloaded. 
357559     INFO  main            d.u.i.k.p.r.p.TestFile    Now processing file /home/runner/work/key/key/key.core/../key.ui/examples/standard_key/java_dl/methodCall3.key 
357559     INFO  main            d.u.i.k.p.i.AbstractProblemLoader Loading environment from /home/runner/work/key/key/key.core/../key.ui/examples/standard_key/java_dl/methodCall3.key 
357559     DEBUG main            d.u.i.k.p.i.AbstractProblemLoader Environment load took 62ns 
357560     INFO  main            d.u.i.k.p.i.AbstractProblemLoader Creating init config 
359754     DEBUG main            d.u.i.k.p.i.AbstractProblemLoader Init config took 2.19s 
359767     INFO  main            d.u.i.k.p.i.AbstractProblemLoader Replaying proof methodCall3.key 
359768     DEBUG main            d.u.i.k.p.i.IntermediateProofReplayer Proof replay took 7ns 
359870     INFO  main            d.u.i.k.p.r.p.TestFile    ... finished proof: closed. 
360248     INFO  main            d.u.i.k.p.i.AbstractProblemLoader Loading environment from /home/runner/work/key/key/key.core/../key.ui/examples/standard_key/java_dl/methodCall3.key.proof 
360248     DEBUG main            d.u.i.k.p.i.AbstractProblemLoader Environment load took 87.3ns 
360249     INFO  main            d.u.i.k.p.i.AbstractProblemLoader Creating init config 
362424     DEBUG main            d.u.i.k.p.i.AbstractProblemLoader Init config took 2.17s 
362436     INFO  main            d.u.i.k.p.i.AbstractProblemLoader Replaying proof methodCall3.key.proof 
362448     DEBUG main            d.u.i.k.p.i.IntermediateProofReplayer Proof replay took 7.34ms 
362448     DEBUG main            d.u.i.k.p.r.p.TestFile    ... success: reloaded. 
362449     INFO  main            d.u.i.k.p.r.p.TestFile    Now processing file /home/runner/work/key/key/key.core/../key.ui/examples/standard_key/java_dl/polishFlagSort.key 
362449     INFO  main            d.u.i.k.p.i.AbstractProblemLoader Loading environment from /home/runner/work/key/key/key.core/../key.ui/examples/standard_key/java_dl/polishFlagSort.key 
362449     DEBUG main            d.u.i.k.p.i.AbstractProblemLoader Environment load took 71.9ns 
362451     INFO  main            d.u.i.k.p.i.AbstractProblemLoader Creating init config 
364681     DEBUG main            d.u.i.k.p.i.AbstractProblemLoader Init config took 2.23s 
364694     INFO  main            d.u.i.k.p.i.AbstractProblemLoader Replaying proof polishFlagSort.key 
364696     DEBUG main            d.u.i.k.p.i.IntermediateProofReplayer Proof replay took 6.1ns 
366806     INFO  main            d.u.i.k.p.r.p.TestFile    ... finished proof: closed. 
367222     INFO  main            d.u.i.k.p.i.AbstractProblemLoader Loading environment from /home/runner/work/key/key/key.core/../key.ui/examples/standard_key/java_dl/polishFlagSort.key.proof 
367222     DEBUG main            d.u.i.k.p.i.AbstractProblemLoader Environment load took 88.9ns 
367224     INFO  main            d.u.i.k.p.i.AbstractProblemLoader Creating init config 
369423     DEBUG main            d.u.i.k.p.i.AbstractProblemLoader Init config took 2.2s 
369437     INFO  main            d.u.i.k.p.i.AbstractProblemLoader Replaying proof polishFlagSort.key.proof 
369758     DEBUG main            d.u.i.k.p.i.IntermediateProofReplayer Proof replay took 311.01ms 
369759     DEBUG main            d.u.i.k.p.r.p.TestFile    ... success: reloaded. 
369760     INFO  main            d.u.i.k.p.r.p.TestFile    Now processing file /home/runner/work/key/key/key.core/../key.ui/examples/standard_key/java_dl/postConditionTaclets1.key 
369760     INFO  main            d.u.i.k.p.i.AbstractProblemLoader Loading environment from /home/runner/work/key/key/key.core/../key.ui/examples/standard_key/java_dl/postConditionTaclets1.key 
369760     DEBUG main            d.u.i.k.p.i.AbstractProblemLoader Environment load took 59.8ns 
369761     INFO  main            d.u.i.k.p.i.AbstractProblemLoader Creating init config 
371906     DEBUG main            d.u.i.k.p.i.AbstractProblemLoader Init config took 2.15s 
371920     INFO  main            d.u.i.k.p.i.AbstractProblemLoader Replaying proof postConditionTaclets1.key 
371922     DEBUG main            d.u.i.k.p.i.IntermediateProofReplayer Proof replay took 6.5ns 
372023     INFO  main            d.u.i.k.p.r.p.TestFile    ... finished proof: closed. 
372448     INFO  main            d.u.i.k.p.i.AbstractProblemLoader Loading environment from /home/runner/work/key/key/key.core/../key.ui/examples/standard_key/java_dl/postConditionTaclets1.key.proof 
372448     DEBUG main            d.u.i.k.p.i.AbstractProblemLoader Environment load took 65.6ns 
372449     INFO  main            d.u.i.k.p.i.AbstractProblemLoader Creating init config 
374577     DEBUG main            d.u.i.k.p.i.AbstractProblemLoader Init config took 2.13s 
374590     INFO  main            d.u.i.k.p.i.AbstractProblemLoader Replaying proof postConditionTaclets1.key.proof 
374591     DEBUG main            d.u.i.k.p.i.IntermediateProofReplayer Proof replay took 324.4ns 
374592     DEBUG main            d.u.i.k.p.r.p.TestFile    ... success: reloaded. 
374592     INFO  main            d.u.i.k.p.r.p.TestFile    Now processing file /home/runner/work/key/key/key.core/../key.ui/examples/standard_key/java_dl/postConditionTaclets2.key 
374593     INFO  main            d.u.i.k.p.i.AbstractProblemLoader Loading environment from /home/runner/work/key/key/key.core/../key.ui/examples/standard_key/java_dl/postConditionTaclets2.key 
374593     DEBUG main            d.u.i.k.p.i.AbstractProblemLoader Environment load took 38.5ns 
374593     INFO  main            d.u.i.k.p.i.AbstractProblemLoader Creating init config 
376733     DEBUG main            d.u.i.k.p.i.AbstractProblemLoader Init config took 2.14s 
376745     INFO  main            d.u.i.k.p.i.AbstractProblemLoader Replaying proof postConditionTaclets2.key 
376747     DEBUG main            d.u.i.k.p.i.IntermediateProofReplayer Proof replay took 6.1ns 
376853     INFO  main            d.u.i.k.p.r.p.TestFile    ... finished proof: closed. 
377243     INFO  main            d.u.i.k.p.i.AbstractProblemLoader Loading environment from /home/runner/work/key/key/key.core/../key.ui/examples/standard_key/java_dl/postConditionTaclets2.key.proof 
377243     DEBUG main            d.u.i.k.p.i.AbstractProblemLoader Environment load took 80.6ns 
377244     INFO  main            d.u.i.k.p.i.AbstractProblemLoader Creating init config 
379345     DEBUG main            d.u.i.k.p.i.AbstractProblemLoader Init config took 2.1s 
379357     INFO  main            d.u.i.k.p.i.AbstractProblemLoader Replaying proof postConditionTaclets2.key.proof 
379359     DEBUG main            d.u.i.k.p.i.IntermediateProofReplayer Proof replay took 519ns 
379360     DEBUG main            d.u.i.k.p.r.p.TestFile    ... success: reloaded. 
379360     INFO  main            d.u.i.k.p.r.p.TestFile    Now processing file /home/runner/work/key/key/key.core/../key.ui/examples/standard_key/java_dl/quantifiedQuery.key 
379360     INFO  main            d.u.i.k.p.i.AbstractProblemLoader Loading environment from /home/runner/work/key/key/key.core/../key.ui/examples/standard_key/java_dl/quantifiedQuery.key 
379360     DEBUG main            d.u.i.k.p.i.AbstractProblemLoader Environment load took 60.9ns 
379362     INFO  main            d.u.i.k.p.i.AbstractProblemLoader Creating init config 
381544     DEBUG main            d.u.i.k.p.i.AbstractProblemLoader Init config took 2.18s 
381557     INFO  main            d.u.i.k.p.i.AbstractProblemLoader Replaying proof quantifiedQuery.key 
381558     DEBUG main            d.u.i.k.p.i.IntermediateProofReplayer Proof replay took 6.5ns 
381660     INFO  main            d.u.i.k.p.r.p.TestFile    ... finished proof: closed. 
382053     INFO  main            d.u.i.k.p.i.AbstractProblemLoader Loading environment from /home/runner/work/key/key/key.core/../key.ui/examples/standard_key/java_dl/quantifiedQuery.key.proof 
382053     DEBUG main            d.u.i.k.p.i.AbstractProblemLoader Environment load took 70.8ns 
382054     INFO  main            d.u.i.k.p.i.AbstractProblemLoader Creating init config 
384224     DEBUG main            d.u.i.k.p.i.AbstractProblemLoader Init config took 2.17s 
384237     INFO  main            d.u.i.k.p.i.AbstractProblemLoader Replaying proof quantifiedQuery.key.proof 
384247     DEBUG main            d.u.i.k.p.i.IntermediateProofReplayer Proof replay took 8.55ms 
384248     DEBUG main            d.u.i.k.p.r.p.TestFile    ... success: reloaded. 
384248     INFO  main            d.u.i.k.p.r.p.TestFile    Now processing file /home/runner/work/key/key/key.core/../key.ui/examples/standard_key/java_dl/recursion/triangular.key 
384248     INFO  main            d.u.i.k.p.i.AbstractProblemLoader Loading environment from /home/runner/work/key/key/key.core/../key.ui/examples/standard_key/java_dl/recursion/triangular.key 
384248     DEBUG main            d.u.i.k.p.i.AbstractProblemLoader Environment load took 35ns 
384249     INFO  main            d.u.i.k.p.i.AbstractProblemLoader Creating init config 
386428     DEBUG main            d.u.i.k.p.i.AbstractProblemLoader Init config took 2.18s 
386459     INFO  main            d.u.i.k.p.i.AbstractProblemLoader Replaying proof Triangular[Triangular::tria(int)].JML normal_behavior operation contract.0 
386460     DEBUG main            d.u.i.k.p.i.IntermediateProofReplayer Proof replay took 6.2ns 
386661     INFO  main            d.u.i.k.p.r.p.TestFile    ... finished proof: closed. 
387080     INFO  main            d.u.i.k.p.i.AbstractProblemLoader Loading environment from /home/runner/work/key/key/key.core/../key.ui/examples/standard_key/java_dl/recursion/triangular.key.proof 
387080     DEBUG main            d.u.i.k.p.i.AbstractProblemLoader Environment load took 70.6ns 
387081     INFO  main            d.u.i.k.p.i.AbstractProblemLoader Creating init config 
389225     DEBUG main            d.u.i.k.p.i.AbstractProblemLoader Init config took 2.14s 
389255     INFO  main            d.u.i.k.p.i.AbstractProblemLoader Replaying proof Triangular[Triangular::tria(int)].JML normal_behavior operation contract.0 
389283     DEBUG main            d.u.i.k.p.i.IntermediateProofReplayer Proof replay took 26.52ms 
389284     DEBUG main            d.u.i.k.p.r.p.TestFile    ... success: reloaded. 
389285     INFO  main            d.u.i.k.p.r.p.TestFile    Now processing file /home/runner/work/key/key/key.core/../key.ui/examples/standard_key/java_dl/reverseArray.key 
389285     INFO  main            d.u.i.k.p.i.AbstractProblemLoader Loading environment from /home/runner/work/key/key/key.core/../key.ui/examples/standard_key/java_dl/reverseArray.key 
389285     DEBUG main            d.u.i.k.p.i.AbstractProblemLoader Environment load took 74.3ns 
389287     INFO  main            d.u.i.k.p.i.AbstractProblemLoader Creating init config 
389304     WARN  main            d.u.i.k.j.r.KeYCrossReferenceNameInfo Datatype java.io.InputStream declared twice: Once in FILE:/home/runner/work/key/key/key.core/../key.ui/examples/standard_key/java_dl/./classpath/InputStream.java and once in URL:file:/home/runner/work/key/key/key.core/build/resources/main/de/uka/ilkd/key/java/JavaRedux/java/io/InputStream.java, Keeping one from URL:file:/home/runner/work/key/key/key.core/build/resources/main/de/uka/ilkd/key/java/JavaRedux/java/io/InputStream.java 
389304     WARN  main            d.u.i.k.j.r.KeYCrossReferenceNameInfo Datatype java.lang.System declared twice: Once in FILE:/home/runner/work/key/key/key.core/../key.ui/examples/standard_key/java_dl/./classpath/System.java and once in URL:file:/home/runner/work/key/key/key.core/build/resources/main/de/uka/ilkd/key/java/JavaRedux/java/lang/System.java, Keeping one from URL:file:/home/runner/work/key/key/key.core/build/resources/main/de/uka/ilkd/key/java/JavaRedux/java/lang/System.java 
389304     WARN  main            d.u.i.k.j.r.KeYCrossReferenceNameInfo Datatype java.io.PrintStream declared twice: Once in FILE:/home/runner/work/key/key/key.core/../key.ui/examples/standard_key/java_dl/./classpath/PrintStream.java and once in URL:file:/home/runner/work/key/key/key.core/build/resources/main/de/uka/ilkd/key/java/JavaRedux/java/io/PrintStream.java, Keeping one from URL:file:/home/runner/work/key/key/key.core/build/resources/main/de/uka/ilkd/key/java/JavaRedux/java/io/PrintStream.java 
389307     DEBUG main            d.u.i.k.j.r.ClassFileDeclarationBuilder Parsing: package java.io; public class Closeable { } 
389307     DEBUG main            r.s.KeYCrossReferenceSourceInfo Dynamically created class: java.io.Closeable 
391543     DEBUG main            d.u.i.k.p.i.AbstractProblemLoader Init config took 2.26s 
391561     INFO  main            d.u.i.k.p.i.AbstractProblemLoader Replaying proof reverseArray.key 
391562     DEBUG main            d.u.i.k.p.i.IntermediateProofReplayer Proof replay took 6.5ns 
395771     INFO  main            d.u.i.k.p.r.p.TestFile    ... finished proof: closed. 
396208     INFO  main            d.u.i.k.p.i.AbstractProblemLoader Loading environment from /home/runner/work/key/key/key.core/../key.ui/examples/standard_key/java_dl/reverseArray.key.proof 
396208     DEBUG main            d.u.i.k.p.i.AbstractProblemLoader Environment load took 264.6ns 
396210     INFO  main            d.u.i.k.p.i.AbstractProblemLoader Creating init config 
396228     WARN  main            d.u.i.k.j.r.KeYCrossReferenceNameInfo Datatype java.io.InputStream declared twice: Once in FILE:/home/runner/work/key/key/key.core/../key.ui/examples/standard_key/java_dl/classpath/InputStream.java and once in URL:file:/home/runner/work/key/key/key.core/build/resources/main/de/uka/ilkd/key/java/JavaRedux/java/io/InputStream.java, Keeping one from URL:file:/home/runner/work/key/key/key.core/build/resources/main/de/uka/ilkd/key/java/JavaRedux/java/io/InputStream.java 
396228     WARN  main            d.u.i.k.j.r.KeYCrossReferenceNameInfo Datatype java.lang.System declared twice: Once in FILE:/home/runner/work/key/key/key.core/../key.ui/examples/standard_key/java_dl/classpath/System.java and once in URL:file:/home/runner/work/key/key/key.core/build/resources/main/de/uka/ilkd/key/java/JavaRedux/java/lang/System.java, Keeping one from URL:file:/home/runner/work/key/key/key.core/build/resources/main/de/uka/ilkd/key/java/JavaRedux/java/lang/System.java 
396228     WARN  main            d.u.i.k.j.r.KeYCrossReferenceNameInfo Datatype java.io.PrintStream declared twice: Once in FILE:/home/runner/work/key/key/key.core/../key.ui/examples/standard_key/java_dl/classpath/PrintStream.java and once in URL:file:/home/runner/work/key/key/key.core/build/resources/main/de/uka/ilkd/key/java/JavaRedux/java/io/PrintStream.java, Keeping one from URL:file:/home/runner/work/key/key/key.core/build/resources/main/de/uka/ilkd/key/java/JavaRedux/java/io/PrintStream.java 
396231     DEBUG main            d.u.i.k.j.r.ClassFileDeclarationBuilder Parsing: package java.io; public class Closeable { } 
396231     DEBUG main            r.s.KeYCrossReferenceSourceInfo Dynamically created class: java.io.Closeable 
398433     DEBUG main            d.u.i.k.p.i.AbstractProblemLoader Init config took 2.22s 
398450     INFO  main            d.u.i.k.p.i.AbstractProblemLoader Replaying proof reverseArray.key.proof 
399071     DEBUG main            d.u.i.k.p.i.IntermediateProofReplayer Proof replay took 609.57ms 
399072     DEBUG main            d.u.i.k.p.r.p.TestFile    ... success: reloaded. 
399073     INFO  main            d.u.i.k.p.r.p.TestFile    Now processing file /home/runner/work/key/key/key.core/../key.ui/examples/standard_key/java_dl/reverseArray2.key 
399073     INFO  main            d.u.i.k.p.i.AbstractProblemLoader Loading environment from /home/runner/work/key/key/key.core/../key.ui/examples/standard_key/java_dl/reverseArray2.key 
399073     DEBUG main            d.u.i.k.p.i.AbstractProblemLoader Environment load took 60.6ns 
399075     INFO  main            d.u.i.k.p.i.AbstractProblemLoader Creating init config 
399092     WARN  main            d.u.i.k.j.r.KeYCrossReferenceNameInfo Datatype java.io.InputStream declared twice: Once in FILE:/home/runner/work/key/key/key.core/../key.ui/examples/standard_key/java_dl/classpath/InputStream.java and once in URL:file:/home/runner/work/key/key/key.core/build/resources/main/de/uka/ilkd/key/java/JavaRedux/java/io/InputStream.java, Keeping one from URL:file:/home/runner/work/key/key/key.core/build/resources/main/de/uka/ilkd/key/java/JavaRedux/java/io/InputStream.java 
399092     WARN  main            d.u.i.k.j.r.KeYCrossReferenceNameInfo Datatype java.lang.System declared twice: Once in FILE:/home/runner/work/key/key/key.core/../key.ui/examples/standard_key/java_dl/classpath/System.java and once in URL:file:/home/runner/work/key/key/key.core/build/resources/main/de/uka/ilkd/key/java/JavaRedux/java/lang/System.java, Keeping one from URL:file:/home/runner/work/key/key/key.core/build/resources/main/de/uka/ilkd/key/java/JavaRedux/java/lang/System.java 
399092     WARN  main            d.u.i.k.j.r.KeYCrossReferenceNameInfo Datatype java.io.PrintStream declared twice: Once in FILE:/home/runner/work/key/key/key.core/../key.ui/examples/standard_key/java_dl/classpath/PrintStream.java and once in URL:file:/home/runner/work/key/key/key.core/build/resources/main/de/uka/ilkd/key/java/JavaRedux/java/io/PrintStream.java, Keeping one from URL:file:/home/runner/work/key/key/key.core/build/resources/main/de/uka/ilkd/key/java/JavaRedux/java/io/PrintStream.java 
399095     DEBUG main            d.u.i.k.j.r.ClassFileDeclarationBuilder Parsing: package java.io; public class Closeable { } 
399095     DEBUG main            r.s.KeYCrossReferenceSourceInfo Dynamically created class: java.io.Closeable 
401407     DEBUG main            d.u.i.k.p.i.AbstractProblemLoader Init config took 2.33s 
401421     INFO  main            d.u.i.k.p.i.AbstractProblemLoader Replaying proof reverseArray2.key 
401422     DEBUG main            d.u.i.k.p.i.IntermediateProofReplayer Proof replay took 36.4ns 
402727     INFO  main            d.u.i.k.p.r.p.TestFile    ... finished proof: closed. 
403223     INFO  main            d.u.i.k.p.i.AbstractProblemLoader Loading environment from /home/runner/work/key/key/key.core/../key.ui/examples/standard_key/java_dl/reverseArray2.key.proof 
403223     DEBUG main            d.u.i.k.p.i.AbstractProblemLoader Environment load took 270.5ns 
403225     INFO  main            d.u.i.k.p.i.AbstractProblemLoader Creating init config 
403242     WARN  main            d.u.i.k.j.r.KeYCrossReferenceNameInfo Datatype java.io.InputStream declared twice: Once in FILE:/home/runner/work/key/key/key.core/../key.ui/examples/standard_key/java_dl/classpath/InputStream.java and once in URL:file:/home/runner/work/key/key/key.core/build/resources/main/de/uka/ilkd/key/java/JavaRedux/java/io/InputStream.java, Keeping one from URL:file:/home/runner/work/key/key/key.core/build/resources/main/de/uka/ilkd/key/java/JavaRedux/java/io/InputStream.java 
403242     WARN  main            d.u.i.k.j.r.KeYCrossReferenceNameInfo Datatype java.lang.System declared twice: Once in FILE:/home/runner/work/key/key/key.core/../key.ui/examples/standard_key/java_dl/classpath/System.java and once in URL:file:/home/runner/work/key/key/key.core/build/resources/main/de/uka/ilkd/key/java/JavaRedux/java/lang/System.java, Keeping one from URL:file:/home/runner/work/key/key/key.core/build/resources/main/de/uka/ilkd/key/java/JavaRedux/java/lang/System.java 
403242     WARN  main            d.u.i.k.j.r.KeYCrossReferenceNameInfo Datatype java.io.PrintStream declared twice: Once in FILE:/home/runner/work/key/key/key.core/../key.ui/examples/standard_key/java_dl/classpath/PrintStream.java and once in URL:file:/home/runner/work/key/key/key.core/build/resources/main/de/uka/ilkd/key/java/JavaRedux/java/io/PrintStream.java, Keeping one from URL:file:/home/runner/work/key/key/key.core/build/resources/main/de/uka/ilkd/key/java/JavaRedux/java/io/PrintStream.java 
403245     DEBUG main            d.u.i.k.j.r.ClassFileDeclarationBuilder Parsing: package java.io; public class Closeable { } 
403245     DEBUG main            r.s.KeYCrossReferenceSourceInfo Dynamically created class: java.io.Closeable 
405445     DEBUG main            d.u.i.k.p.i.AbstractProblemLoader Init config took 2.22s 
405459     INFO  main            d.u.i.k.p.i.AbstractProblemLoader Replaying proof reverseArray2.key.proof 
405666     DEBUG main            d.u.i.k.p.i.IntermediateProofReplayer Proof replay took 202.57ms 
405667     DEBUG main            d.u.i.k.p.r.p.TestFile    ... success: reloaded. 
405668     INFO  main            d.u.i.k.p.r.p.TestFile    Now processing file /home/runner/work/key/key/key.core/../key.ui/examples/standard_key/java_dl/simpleAssignment.key 
405668     INFO  main            d.u.i.k.p.i.AbstractProblemLoader Loading environment from /home/runner/work/key/key/key.core/../key.ui/examples/standard_key/java_dl/simpleAssignment.key 
405668     DEBUG main            d.u.i.k.p.i.AbstractProblemLoader Environment load took 64.2ns 
405669     INFO  main            d.u.i.k.p.i.AbstractProblemLoader Creating init config 
407809     DEBUG main            d.u.i.k.p.i.AbstractProblemLoader Init config took 2.14s 
407824     INFO  main            d.u.i.k.p.i.AbstractProblemLoader Replaying proof simpleAssignment.key 
407826     DEBUG main            d.u.i.k.p.i.IntermediateProofReplayer Proof replay took 2.1ns 
407927     INFO  main            d.u.i.k.p.r.p.TestFile    ... finished proof: closed. 
408386     INFO  main            d.u.i.k.p.i.AbstractProblemLoader Loading environment from /home/runner/work/key/key/key.core/../key.ui/examples/standard_key/java_dl/simpleAssignment.key.proof 
408386     DEBUG main            d.u.i.k.p.i.AbstractProblemLoader Environment load took 69.3ns 
408387     INFO  main            d.u.i.k.p.i.AbstractProblemLoader Creating init config 
410502     DEBUG main            d.u.i.k.p.i.AbstractProblemLoader Init config took 2.11s 
410514     INFO  main            d.u.i.k.p.i.AbstractProblemLoader Replaying proof simpleAssignment.key.proof 
410516     DEBUG main            d.u.i.k.p.i.IntermediateProofReplayer Proof replay took 532.8ns 
410517     DEBUG main            d.u.i.k.p.r.p.TestFile    ... success: reloaded. 
410517     INFO  main            d.u.i.k.p.r.p.TestFile    Now processing file /home/runner/work/key/key/key.core/../key.ui/examples/standard_key/java_dl/simpleAssignment2.key 
410517     INFO  main            d.u.i.k.p.i.AbstractProblemLoader Loading environment from /home/runner/work/key/key/key.core/../key.ui/examples/standard_key/java_dl/simpleAssignment2.key 
410517     DEBUG main            d.u.i.k.p.i.AbstractProblemLoader Environment load took 38.9ns 
410518     INFO  main            d.u.i.k.p.i.AbstractProblemLoader Creating init config 
412661     DEBUG main            d.u.i.k.p.i.AbstractProblemLoader Init config took 2.14s 
412674     INFO  main            d.u.i.k.p.i.AbstractProblemLoader Replaying proof simpleAssignment2.key 
412675     DEBUG main            d.u.i.k.p.i.IntermediateProofReplayer Proof replay took 2.1ns 
412777     INFO  main            d.u.i.k.p.r.p.TestFile    ... finished proof: closed. 
413199     INFO  main            d.u.i.k.p.i.AbstractProblemLoader Loading environment from /home/runner/work/key/key/key.core/../key.ui/examples/standard_key/java_dl/simpleAssignment2.key.proof 
413199     DEBUG main            d.u.i.k.p.i.AbstractProblemLoader Environment load took 68.3ns 
413200     INFO  main            d.u.i.k.p.i.AbstractProblemLoader Creating init config 
415314     DEBUG main            d.u.i.k.p.i.AbstractProblemLoader Init config took 2.11s 
415326     INFO  main            d.u.i.k.p.i.AbstractProblemLoader Replaying proof simpleAssignment2.key.proof 
415328     DEBUG main            d.u.i.k.p.i.IntermediateProofReplayer Proof replay took 328.4ns 
415328     DEBUG main            d.u.i.k.p.r.p.TestFile    ... success: reloaded. 
415329     INFO  main            d.u.i.k.p.r.p.TestFile    Now processing file /home/runner/work/key/key/key.core/../key.ui/examples/standard_key/java_dl/splittingWithQueries.key 
415329     INFO  main            d.u.i.k.p.i.AbstractProblemLoader Loading environment from /home/runner/work/key/key/key.core/../key.ui/examples/standard_key/java_dl/splittingWithQueries.key 
415329     DEBUG main            d.u.i.k.p.i.AbstractProblemLoader Environment load took 39.7ns 
415330     INFO  main            d.u.i.k.p.i.AbstractProblemLoader Creating init config 
417523     DEBUG main            d.u.i.k.p.i.AbstractProblemLoader Init config took 2.19s 
417535     INFO  main            d.u.i.k.p.i.AbstractProblemLoader Replaying proof splittingWithQueries.key 
417536     DEBUG main            d.u.i.k.p.i.IntermediateProofReplayer Proof replay took 2ns 
417638     INFO  main            d.u.i.k.p.r.p.TestFile    ... finished proof: closed. 
418060     INFO  main            d.u.i.k.p.i.AbstractProblemLoader Loading environment from /home/runner/work/key/key/key.core/../key.ui/examples/standard_key/java_dl/splittingWithQueries.key.proof 
418060     DEBUG main            d.u.i.k.p.i.AbstractProblemLoader Environment load took 74.6ns 
418062     INFO  main            d.u.i.k.p.i.AbstractProblemLoader Creating init config 
420253     DEBUG main            d.u.i.k.p.i.AbstractProblemLoader Init config took 2.19s 
420265     INFO  main            d.u.i.k.p.i.AbstractProblemLoader Replaying proof splittingWithQueries.key.proof 
420268     DEBUG main            d.u.i.k.p.i.IntermediateProofReplayer Proof replay took 1.44ms 
420269     DEBUG main            d.u.i.k.p.r.p.TestFile    ... success: reloaded. 
420270     INFO  main            d.u.i.k.p.r.p.TestFile    Now processing file /home/runner/work/key/key/key.core/../key.ui/examples/standard_key/java_dl/strassen/strassen.key 
420270     INFO  main            d.u.i.k.p.i.AbstractProblemLoader Loading environment from /home/runner/work/key/key/key.core/../key.ui/examples/standard_key/java_dl/strassen/strassen.key 
420270     DEBUG main            d.u.i.k.p.i.AbstractProblemLoader Environment load took 130.4ns 
420271     INFO  main            d.u.i.k.p.i.AbstractProblemLoader Creating init config 
422568     DEBUG main            d.u.i.k.p.i.AbstractProblemLoader Init config took 2.3s 
422601     INFO  main            d.u.i.k.p.i.AbstractProblemLoader Replaying proof Matrix22[Matrix22::strassen(Matrix22,Matrix22)].JML normal_behavior operation contract.0 
422602     DEBUG main            d.u.i.k.p.i.IntermediateProofReplayer Proof replay took 2ns 
427414     INFO  main            d.u.i.k.p.r.p.TestFile    ... finished proof: closed. 
427973     INFO  main            d.u.i.k.p.i.AbstractProblemLoader Loading environment from /home/runner/work/key/key/key.core/../key.ui/examples/standard_key/java_dl/strassen/strassen.key.proof 
427973     DEBUG main            d.u.i.k.p.i.AbstractProblemLoader Environment load took 121.3ns 
427974     INFO  main            d.u.i.k.p.i.AbstractProblemLoader Creating init config 
430236     DEBUG main            d.u.i.k.p.i.AbstractProblemLoader Init config took 2.26s 
430268     INFO  main            d.u.i.k.p.i.AbstractProblemLoader Replaying proof Matrix22[Matrix22::strassen(Matrix22,Matrix22)].JML normal_behavior operation contract.0 
430937     DEBUG main            d.u.i.k.p.i.IntermediateProofReplayer Proof replay took 659.48ms 
430938     DEBUG main            d.u.i.k.p.r.p.TestFile    ... success: reloaded. 
430939     INFO  main            d.u.i.k.p.r.p.TestFile    Now processing file /home/runner/work/key/key/key.core/../key.ui/examples/standard_key/java_dl/symmArray.key 
430939     INFO  main            d.u.i.k.p.i.AbstractProblemLoader Loading environment from /home/runner/work/key/key/key.core/../key.ui/examples/standard_key/java_dl/symmArray.key 
430940     DEBUG main            d.u.i.k.p.i.AbstractProblemLoader Environment load took 138.4ns 
430942     INFO  main            d.u.i.k.p.i.AbstractProblemLoader Creating init config 
433219     DEBUG main            d.u.i.k.p.i.AbstractProblemLoader Init config took 2.28s 
433233     INFO  main            d.u.i.k.p.i.AbstractProblemLoader Replaying proof symmArray.key 
433234     DEBUG main            d.u.i.k.p.i.IntermediateProofReplayer Proof replay took 2.1ns 
530710     INFO  main            d.u.i.k.p.r.p.TestFile    ... finished proof: closed. 
531284     INFO  main            d.u.i.k.p.i.AbstractProblemLoader Loading environment from /home/runner/work/key/key/key.core/../key.ui/examples/standard_key/java_dl/symmArray.key.proof 
531284     DEBUG main            d.u.i.k.p.i.AbstractProblemLoader Environment load took 288.7ns 
531289     INFO  main            d.u.i.k.p.i.AbstractProblemLoader Creating init config 
533564     DEBUG main            d.u.i.k.p.i.AbstractProblemLoader Init config took 2.27s 
533579     INFO  main            d.u.i.k.p.i.AbstractProblemLoader Replaying proof symmArray.key.proof 
534632     DEBUG main            d.u.i.k.p.i.IntermediateProofReplayer Proof replay took 996.72ms 
534636     DEBUG main            d.u.i.k.p.r.p.TestFile    ... success: reloaded. 
534637     INFO  main            d.u.i.k.p.r.p.TestFile    Now processing file /home/runner/work/key/key/key.core/../key.ui/examples/standard_key/java_dl/testcontext.key 
534637     INFO  main            d.u.i.k.p.i.AbstractProblemLoader Loading environment from /home/runner/work/key/key/key.core/../key.ui/examples/standard_key/java_dl/testcontext.key 
534637     DEBUG main            d.u.i.k.p.i.AbstractProblemLoader Environment load took 41.3ns 
534638     INFO  main            d.u.i.k.p.i.AbstractProblemLoader Creating init config 
534655     WARN  main            d.u.i.k.j.r.KeYCrossReferenceNameInfo Datatype java.io.InputStream declared twice: Once in FILE:/home/runner/work/key/key/key.core/../key.ui/examples/standard_key/java_dl/classpath/InputStream.java and once in URL:file:/home/runner/work/key/key/key.core/build/resources/main/de/uka/ilkd/key/java/JavaRedux/java/io/InputStream.java, Keeping one from URL:file:/home/runner/work/key/key/key.core/build/resources/main/de/uka/ilkd/key/java/JavaRedux/java/io/InputStream.java 
534655     WARN  main            d.u.i.k.j.r.KeYCrossReferenceNameInfo Datatype java.lang.System declared twice: Once in FILE:/home/runner/work/key/key/key.core/../key.ui/examples/standard_key/java_dl/classpath/System.java and once in URL:file:/home/runner/work/key/key/key.core/build/resources/main/de/uka/ilkd/key/java/JavaRedux/java/lang/System.java, Keeping one from URL:file:/home/runner/work/key/key/key.core/build/resources/main/de/uka/ilkd/key/java/JavaRedux/java/lang/System.java 
534655     WARN  main            d.u.i.k.j.r.KeYCrossReferenceNameInfo Datatype java.io.PrintStream declared twice: Once in FILE:/home/runner/work/key/key/key.core/../key.ui/examples/standard_key/java_dl/classpath/PrintStream.java and once in URL:file:/home/runner/work/key/key/key.core/build/resources/main/de/uka/ilkd/key/java/JavaRedux/java/io/PrintStream.java, Keeping one from URL:file:/home/runner/work/key/key/key.core/build/resources/main/de/uka/ilkd/key/java/JavaRedux/java/io/PrintStream.java 
534658     DEBUG main            d.u.i.k.j.r.ClassFileDeclarationBuilder Parsing: package java.io; public class Closeable { } 
534658     DEBUG main            r.s.KeYCrossReferenceSourceInfo Dynamically created class: java.io.Closeable 
536856     DEBUG main            d.u.i.k.p.i.AbstractProblemLoader Init config took 2.22s 
536869     INFO  main            d.u.i.k.p.i.AbstractProblemLoader Replaying proof testcontext.key 
536870     DEBUG main            d.u.i.k.p.i.IntermediateProofReplayer Proof replay took 2.9ns 
537173     INFO  main            d.u.i.k.p.r.p.TestFile    ... finished proof: closed. 
537739     INFO  main            d.u.i.k.p.i.AbstractProblemLoader Loading environment from /home/runner/work/key/key/key.core/../key.ui/examples/standard_key/java_dl/testcontext.key.proof 
537739     DEBUG main            d.u.i.k.p.i.AbstractProblemLoader Environment load took 70.3ns 
537740     INFO  main            d.u.i.k.p.i.AbstractProblemLoader Creating init config 
537758     WARN  main            d.u.i.k.j.r.KeYCrossReferenceNameInfo Datatype java.io.InputStream declared twice: Once in FILE:/home/runner/work/key/key/key.core/../key.ui/examples/standard_key/java_dl/classpath/InputStream.java and once in URL:file:/home/runner/work/key/key/key.core/build/resources/main/de/uka/ilkd/key/java/JavaRedux/java/io/InputStream.java, Keeping one from URL:file:/home/runner/work/key/key/key.core/build/resources/main/de/uka/ilkd/key/java/JavaRedux/java/io/InputStream.java 
537758     WARN  main            d.u.i.k.j.r.KeYCrossReferenceNameInfo Datatype java.lang.System declared twice: Once in FILE:/home/runner/work/key/key/key.core/../key.ui/examples/standard_key/java_dl/classpath/System.java and once in URL:file:/home/runner/work/key/key/key.core/build/resources/main/de/uka/ilkd/key/java/JavaRedux/java/lang/System.java, Keeping one from URL:file:/home/runner/work/key/key/key.core/build/resources/main/de/uka/ilkd/key/java/JavaRedux/java/lang/System.java 
537758     WARN  main            d.u.i.k.j.r.KeYCrossReferenceNameInfo Datatype java.io.PrintStream declared twice: Once in FILE:/home/runner/work/key/key/key.core/../key.ui/examples/standard_key/java_dl/classpath/PrintStream.java and once in URL:file:/home/runner/work/key/key/key.core/build/resources/main/de/uka/ilkd/key/java/JavaRedux/java/io/PrintStream.java, Keeping one from URL:file:/home/runner/work/key/key/key.core/build/resources/main/de/uka/ilkd/key/java/JavaRedux/java/io/PrintStream.java 
537761     DEBUG main            d.u.i.k.j.r.ClassFileDeclarationBuilder Parsing: package java.io; public class Closeable { } 
537761     DEBUG main            r.s.KeYCrossReferenceSourceInfo Dynamically created class: java.io.Closeable 
539918     DEBUG main            d.u.i.k.p.i.AbstractProblemLoader Init config took 2.18s 
539931     INFO  main            d.u.i.k.p.i.AbstractProblemLoader Replaying proof testcontext.key.proof 
539983     DEBUG main            d.u.i.k.p.i.IntermediateProofReplayer Proof replay took 49.37ms 
539984     DEBUG main            d.u.i.k.p.r.p.TestFile    ... success: reloaded. 
539984     INFO  main            d.u.i.k.p.r.p.TestFile    Now processing file /home/runner/work/key/key/key.core/../key.ui/examples/standard_key/staticInitialisation/cascadeStaticInitialisation.key 
539985     INFO  main            d.u.i.k.p.i.AbstractProblemLoader Loading environment from /home/runner/work/key/key/key.core/../key.ui/examples/standard_key/staticInitialisation/cascadeStaticInitialisation.key 
539985     DEBUG main            d.u.i.k.p.i.AbstractProblemLoader Environment load took 41.1ns 
539987     INFO  main            d.u.i.k.p.i.AbstractProblemLoader Creating init config 
540004     WARN  main            d.u.i.k.j.r.KeYCrossReferenceNameInfo Datatype java.lang.System declared twice: Once in FILE:/home/runner/work/key/key/key.core/../key.ui/examples/standard_key/staticInitialisation/classpath/System.java and once in URL:file:/home/runner/work/key/key/key.core/build/resources/main/de/uka/ilkd/key/java/JavaRedux/java/lang/System.java, Keeping one from URL:file:/home/runner/work/key/key/key.core/build/resources/main/de/uka/ilkd/key/java/JavaRedux/java/lang/System.java 
540004     WARN  main            d.u.i.k.j.r.KeYCrossReferenceNameInfo Datatype java.io.PrintStream declared twice: Once in FILE:/home/runner/work/key/key/key.core/../key.ui/examples/standard_key/staticInitialisation/classpath/PrintStream.java and once in URL:file:/home/runner/work/key/key/key.core/build/resources/main/de/uka/ilkd/key/java/JavaRedux/java/io/PrintStream.java, Keeping one from URL:file:/home/runner/work/key/key/key.core/build/resources/main/de/uka/ilkd/key/java/JavaRedux/java/io/PrintStream.java 
542216     DEBUG main            d.u.i.k.p.i.AbstractProblemLoader Init config took 2.23s 
542230     INFO  main            d.u.i.k.p.i.AbstractProblemLoader Replaying proof cascadeStaticInitialisation.key 
542231     DEBUG main            d.u.i.k.p.i.IntermediateProofReplayer Proof replay took 2.3ns 
542949     INFO  main            d.u.i.k.p.r.p.TestFile    ... finished proof: closed. 
543430     INFO  main            d.u.i.k.p.i.AbstractProblemLoader Loading environment from /home/runner/work/key/key/key.core/../key.ui/examples/standard_key/staticInitialisation/cascadeStaticInitialisation.key.proof 
543430     DEBUG main            d.u.i.k.p.i.AbstractProblemLoader Environment load took 72.8ns 
543431     INFO  main            d.u.i.k.p.i.AbstractProblemLoader Creating init config 
543449     WARN  main            d.u.i.k.j.r.KeYCrossReferenceNameInfo Datatype java.lang.System declared twice: Once in FILE:/home/runner/work/key/key/key.core/../key.ui/examples/standard_key/staticInitialisation/classpath/System.java and once in URL:file:/home/runner/work/key/key/key.core/build/resources/main/de/uka/ilkd/key/java/JavaRedux/java/lang/System.java, Keeping one from URL:file:/home/runner/work/key/key/key.core/build/resources/main/de/uka/ilkd/key/java/JavaRedux/java/lang/System.java 
543449     WARN  main            d.u.i.k.j.r.KeYCrossReferenceNameInfo Datatype java.io.PrintStream declared twice: Once in FILE:/home/runner/work/key/key/key.core/../key.ui/examples/standard_key/staticInitialisation/classpath/PrintStream.java and once in URL:file:/home/runner/work/key/key/key.core/build/resources/main/de/uka/ilkd/key/java/JavaRedux/java/io/PrintStream.java, Keeping one from URL:file:/home/runner/work/key/key/key.core/build/resources/main/de/uka/ilkd/key/java/JavaRedux/java/io/PrintStream.java 
545605     DEBUG main            d.u.i.k.p.i.AbstractProblemLoader Init config took 2.17s 
545618     INFO  main            d.u.i.k.p.i.AbstractProblemLoader Replaying proof cascadeStaticInitialisation.key.proof 
545757     DEBUG main            d.u.i.k.p.i.IntermediateProofReplayer Proof replay took 136.1ms 
545758     DEBUG main            d.u.i.k.p.r.p.TestFile    ... success: reloaded. 
545758     INFO  main            d.u.i.k.p.r.p.TestFile    Now processing file /home/runner/work/key/key/key.core/../key.ui/examples/standard_key/staticInitialisation/erroneousClassImpliesErroneousSubclass.key 
545759     INFO  main            d.u.i.k.p.i.AbstractProblemLoader Loading environment from /home/runner/work/key/key/key.core/../key.ui/examples/standard_key/staticInitialisation/erroneousClassImpliesErroneousSubclass.key 
545759     DEBUG main            d.u.i.k.p.i.AbstractProblemLoader Environment load took 50.6ns 
545759     INFO  main            d.u.i.k.p.i.AbstractProblemLoader Creating init config 
545776     WARN  main            d.u.i.k.j.r.KeYCrossReferenceNameInfo Datatype java.lang.System declared twice: Once in FILE:/home/runner/work/key/key/key.core/../key.ui/examples/standard_key/staticInitialisation/classpath/System.java and once in URL:file:/home/runner/work/key/key/key.core/build/resources/main/de/uka/ilkd/key/java/JavaRedux/java/lang/System.java, Keeping one from URL:file:/home/runner/work/key/key/key.core/build/resources/main/de/uka/ilkd/key/java/JavaRedux/java/lang/System.java 
545776     WARN  main            d.u.i.k.j.r.KeYCrossReferenceNameInfo Datatype java.io.PrintStream declared twice: Once in FILE:/home/runner/work/key/key/key.core/../key.ui/examples/standard_key/staticInitialisation/classpath/PrintStream.java and once in URL:file:/home/runner/work/key/key/key.core/build/resources/main/de/uka/ilkd/key/java/JavaRedux/java/io/PrintStream.java, Keeping one from URL:file:/home/runner/work/key/key/key.core/build/resources/main/de/uka/ilkd/key/java/JavaRedux/java/io/PrintStream.java 
548026     DEBUG main            d.u.i.k.p.i.AbstractProblemLoader Init config took 2.27s 
548038     INFO  main            d.u.i.k.p.i.AbstractProblemLoader Replaying proof erroneousClassImpliesErroneousSubclass.key 
548038     DEBUG main            d.u.i.k.p.i.IntermediateProofReplayer Proof replay took 2.9ns 
548140     INFO  main            d.u.i.k.p.r.p.TestFile    ... finished proof: closed. 
548623     INFO  main            d.u.i.k.p.i.AbstractProblemLoader Loading environment from /home/runner/work/key/key/key.core/../key.ui/examples/standard_key/staticInitialisation/erroneousClassImpliesErroneousSubclass.key.proof 
548623     DEBUG main            d.u.i.k.p.i.AbstractProblemLoader Environment load took 72.3ns 
548624     INFO  main            d.u.i.k.p.i.AbstractProblemLoader Creating init config 
548641     WARN  main            d.u.i.k.j.r.KeYCrossReferenceNameInfo Datatype java.lang.System declared twice: Once in FILE:/home/runner/work/key/key/key.core/../key.ui/examples/standard_key/staticInitialisation/classpath/System.java and once in URL:file:/home/runner/work/key/key/key.core/build/resources/main/de/uka/ilkd/key/java/JavaRedux/java/lang/System.java, Keeping one from URL:file:/home/runner/work/key/key/key.core/build/resources/main/de/uka/ilkd/key/java/JavaRedux/java/lang/System.java 
548641     WARN  main            d.u.i.k.j.r.KeYCrossReferenceNameInfo Datatype java.io.PrintStream declared twice: Once in FILE:/home/runner/work/key/key/key.core/../key.ui/examples/standard_key/staticInitialisation/classpath/PrintStream.java and once in URL:file:/home/runner/work/key/key/key.core/build/resources/main/de/uka/ilkd/key/java/JavaRedux/java/io/PrintStream.java, Keeping one from URL:file:/home/runner/work/key/key/key.core/build/resources/main/de/uka/ilkd/key/java/JavaRedux/java/io/PrintStream.java 
550827     DEBUG main            d.u.i.k.p.i.AbstractProblemLoader Init config took 2.2s 
550839     INFO  main            d.u.i.k.p.i.AbstractProblemLoader Replaying proof erroneousClassImpliesErroneousSubclass.key.proof 
550840     DEBUG main            d.u.i.k.p.i.IntermediateProofReplayer Proof replay took 443.3ns 
550845     DEBUG main            d.u.i.k.p.r.p.TestFile    ... success: reloaded. 
550848     INFO  main            d.u.i.k.p.r.p.TestFile    Now processing file /home/runner/work/key/key/key.core/../key.ui/examples/standard_key/staticInitialisation/initializedSubclassImpliesInitializedSuperclass.key 
550849     INFO  main            d.u.i.k.p.i.AbstractProblemLoader Loading environment from /home/runner/work/key/key/key.core/../key.ui/examples/standard_key/staticInitialisation/initializedSubclassImpliesInitializedSuperclass.key 
550849     DEBUG main            d.u.i.k.p.i.AbstractProblemLoader Environment load took 103.8ns 
550850     INFO  main            d.u.i.k.p.i.AbstractProblemLoader Creating init config 
550866     WARN  main            d.u.i.k.j.r.KeYCrossReferenceNameInfo Datatype java.lang.System declared twice: Once in FILE:/home/runner/work/key/key/key.core/../key.ui/examples/standard_key/staticInitialisation/classpath/System.java and once in URL:file:/home/runner/work/key/key/key.core/build/resources/main/de/uka/ilkd/key/java/JavaRedux/java/lang/System.java, Keeping one from URL:file:/home/runner/work/key/key/key.core/build/resources/main/de/uka/ilkd/key/java/JavaRedux/java/lang/System.java 
550867     WARN  main            d.u.i.k.j.r.KeYCrossReferenceNameInfo Datatype java.io.PrintStream declared twice: Once in FILE:/home/runner/work/key/key/key.core/../key.ui/examples/standard_key/staticInitialisation/classpath/PrintStream.java and once in URL:file:/home/runner/work/key/key/key.core/build/resources/main/de/uka/ilkd/key/java/JavaRedux/java/io/PrintStream.java, Keeping one from URL:file:/home/runner/work/key/key/key.core/build/resources/main/de/uka/ilkd/key/java/JavaRedux/java/io/PrintStream.java 
553039     DEBUG main            d.u.i.k.p.i.AbstractProblemLoader Init config took 2.19s 
553051     INFO  main            d.u.i.k.p.i.AbstractProblemLoader Replaying proof initializedSubclassImpliesInitializedSuperclass.key 
553052     DEBUG main            d.u.i.k.p.i.IntermediateProofReplayer Proof replay took 2.8ns 
553154     INFO  main            d.u.i.k.p.r.p.TestFile    ... finished proof: closed. 
553607     INFO  main            d.u.i.k.p.i.AbstractProblemLoader Loading environment from /home/runner/work/key/key/key.core/../key.ui/examples/standard_key/staticInitialisation/initializedSubclassImpliesInitializedSuperclass.key.proof 
553607     DEBUG main            d.u.i.k.p.i.AbstractProblemLoader Environment load took 73.6ns 
553608     INFO  main            d.u.i.k.p.i.AbstractProblemLoader Creating init config 
553625     WARN  main            d.u.i.k.j.r.KeYCrossReferenceNameInfo Datatype java.lang.System declared twice: Once in FILE:/home/runner/work/key/key/key.core/../key.ui/examples/standard_key/staticInitialisation/classpath/System.java and once in URL:file:/home/runner/work/key/key/key.core/build/resources/main/de/uka/ilkd/key/java/JavaRedux/java/lang/System.java, Keeping one from URL:file:/home/runner/work/key/key/key.core/build/resources/main/de/uka/ilkd/key/java/JavaRedux/java/lang/System.java 
553625     WARN  main            d.u.i.k.j.r.KeYCrossReferenceNameInfo Datatype java.io.PrintStream declared twice: Once in FILE:/home/runner/work/key/key/key.core/../key.ui/examples/standard_key/staticInitialisation/classpath/PrintStream.java and once in URL:file:/home/runner/work/key/key/key.core/build/resources/main/de/uka/ilkd/key/java/JavaRedux/java/io/PrintStream.java, Keeping one from URL:file:/home/runner/work/key/key/key.core/build/resources/main/de/uka/ilkd/key/java/JavaRedux/java/io/PrintStream.java 
555770     DEBUG main            d.u.i.k.p.i.AbstractProblemLoader Init config took 2.16s 
555782     INFO  main            d.u.i.k.p.i.AbstractProblemLoader Replaying proof initializedSubclassImpliesInitializedSuperclass.key.proof 
555786     DEBUG main            d.u.i.k.p.i.IntermediateProofReplayer Proof replay took 355.6ns 
555787     DEBUG main            d.u.i.k.p.r.p.TestFile    ... success: reloaded. 
555788     INFO  main            d.u.i.k.p.r.p.TestFile    Now processing file /home/runner/work/key/key/key.core/../key.ui/examples/standard_key/staticInitialisation/localDeclared.key 
555788     INFO  main            d.u.i.k.p.i.AbstractProblemLoader Loading environment from /home/runner/work/key/key/key.core/../key.ui/examples/standard_key/staticInitialisation/localDeclared.key 
555788     DEBUG main            d.u.i.k.p.i.AbstractProblemLoader Environment load took 127.6ns 
555790     INFO  main            d.u.i.k.p.i.AbstractProblemLoader Creating init config 
555806     WARN  main            d.u.i.k.j.r.KeYCrossReferenceNameInfo Datatype java.lang.System declared twice: Once in FILE:/home/runner/work/key/key/key.core/../key.ui/examples/standard_key/staticInitialisation/classpath/System.java and once in URL:file:/home/runner/work/key/key/key.core/build/resources/main/de/uka/ilkd/key/java/JavaRedux/java/lang/System.java, Keeping one from URL:file:/home/runner/work/key/key/key.core/build/resources/main/de/uka/ilkd/key/java/JavaRedux/java/lang/System.java 
555807     WARN  main            d.u.i.k.j.r.KeYCrossReferenceNameInfo Datatype java.io.PrintStream declared twice: Once in FILE:/home/runner/work/key/key/key.core/../key.ui/examples/standard_key/staticInitialisation/classpath/PrintStream.java and once in URL:file:/home/runner/work/key/key/key.core/build/resources/main/de/uka/ilkd/key/java/JavaRedux/java/io/PrintStream.java, Keeping one from URL:file:/home/runner/work/key/key/key.core/build/resources/main/de/uka/ilkd/key/java/JavaRedux/java/io/PrintStream.java 
557985     DEBUG main            d.u.i.k.p.i.AbstractProblemLoader Init config took 2.2s 
557998     INFO  main            d.u.i.k.p.i.AbstractProblemLoader Replaying proof localDeclared.key 
557999     DEBUG main            d.u.i.k.p.i.IntermediateProofReplayer Proof replay took 3.2ns 
558302     INFO  main            d.u.i.k.p.r.p.TestFile    ... finished proof: closed. 
558759     INFO  main            d.u.i.k.p.i.AbstractProblemLoader Loading environment from /home/runner/work/key/key/key.core/../key.ui/examples/standard_key/staticInitialisation/localDeclared.key.proof 
558759     DEBUG main            d.u.i.k.p.i.AbstractProblemLoader Environment load took 68.2ns 
558760     INFO  main            d.u.i.k.p.i.AbstractProblemLoader Creating init config 
558778     WARN  main            d.u.i.k.j.r.KeYCrossReferenceNameInfo Datatype java.lang.System declared twice: Once in FILE:/home/runner/work/key/key/key.core/../key.ui/examples/standard_key/staticInitialisation/classpath/System.java and once in URL:file:/home/runner/work/key/key/key.core/build/resources/main/de/uka/ilkd/key/java/JavaRedux/java/lang/System.java, Keeping one from URL:file:/home/runner/work/key/key/key.core/build/resources/main/de/uka/ilkd/key/java/JavaRedux/java/lang/System.java 
558778     WARN  main            d.u.i.k.j.r.KeYCrossReferenceNameInfo Datatype java.io.PrintStream declared twice: Once in FILE:/home/runner/work/key/key/key.core/../key.ui/examples/standard_key/staticInitialisation/classpath/PrintStream.java and once in URL:file:/home/runner/work/key/key/key.core/build/resources/main/de/uka/ilkd/key/java/JavaRedux/java/io/PrintStream.java, Keeping one from URL:file:/home/runner/work/key/key/key.core/build/resources/main/de/uka/ilkd/key/java/JavaRedux/java/io/PrintStream.java 
561015     DEBUG main            d.u.i.k.p.i.AbstractProblemLoader Init config took 2.26s 
561028     INFO  main            d.u.i.k.p.i.AbstractProblemLoader Replaying proof localDeclared.key.proof 
561082     DEBUG main            d.u.i.k.p.i.IntermediateProofReplayer Proof replay took 52.13ms 
561083     DEBUG main            d.u.i.k.p.r.p.TestFile    ... success: reloaded. 
561084     INFO  main            d.u.i.k.p.r.p.TestFile    Now processing file /home/runner/work/key/key/key.core/../key.ui/examples/standard_key/staticInitialisation/localDeclaredMethod.key 
561084     INFO  main            d.u.i.k.p.i.AbstractProblemLoader Loading environment from /home/runner/work/key/key/key.core/../key.ui/examples/standard_key/staticInitialisation/localDeclaredMethod.key 
561084     DEBUG main            d.u.i.k.p.i.AbstractProblemLoader Environment load took 65.7ns 
561086     INFO  main            d.u.i.k.p.i.AbstractProblemLoader Creating init config 
561103     WARN  main            d.u.i.k.j.r.KeYCrossReferenceNameInfo Datatype java.lang.System declared twice: Once in FILE:/home/runner/work/key/key/key.core/../key.ui/examples/standard_key/staticInitialisation/classpath/System.java and once in URL:file:/home/runner/work/key/key/key.core/build/resources/main/de/uka/ilkd/key/java/JavaRedux/java/lang/System.java, Keeping one from URL:file:/home/runner/work/key/key/key.core/build/resources/main/de/uka/ilkd/key/java/JavaRedux/java/lang/System.java 
561103     WARN  main            d.u.i.k.j.r.KeYCrossReferenceNameInfo Datatype java.io.PrintStream declared twice: Once in FILE:/home/runner/work/key/key/key.core/../key.ui/examples/standard_key/staticInitialisation/classpath/PrintStream.java and once in URL:file:/home/runner/work/key/key/key.core/build/resources/main/de/uka/ilkd/key/java/JavaRedux/java/io/PrintStream.java, Keeping one from URL:file:/home/runner/work/key/key/key.core/build/resources/main/de/uka/ilkd/key/java/JavaRedux/java/io/PrintStream.java 
563288     DEBUG main            d.u.i.k.p.i.AbstractProblemLoader Init config took 2.2s 
563304     INFO  main            d.u.i.k.p.i.AbstractProblemLoader Replaying proof localDeclaredMethod.key 
563306     DEBUG main            d.u.i.k.p.i.IntermediateProofReplayer Proof replay took 2.5ns 
563609     INFO  main            d.u.i.k.p.r.p.TestFile    ... finished proof: closed. 
564100     INFO  main            d.u.i.k.p.i.AbstractProblemLoader Loading environment from /home/runner/work/key/key/key.core/../key.ui/examples/standard_key/staticInitialisation/localDeclaredMethod.key.proof 
564100     DEBUG main            d.u.i.k.p.i.AbstractProblemLoader Environment load took 72.1ns 
564101     INFO  main            d.u.i.k.p.i.AbstractProblemLoader Creating init config 
564119     WARN  main            d.u.i.k.j.r.KeYCrossReferenceNameInfo Datatype java.lang.System declared twice: Once in FILE:/home/runner/work/key/key/key.core/../key.ui/examples/standard_key/staticInitialisation/classpath/System.java and once in URL:file:/home/runner/work/key/key/key.core/build/resources/main/de/uka/ilkd/key/java/JavaRedux/java/lang/System.java, Keeping one from URL:file:/home/runner/work/key/key/key.core/build/resources/main/de/uka/ilkd/key/java/JavaRedux/java/lang/System.java 
564119     WARN  main            d.u.i.k.j.r.KeYCrossReferenceNameInfo Datatype java.io.PrintStream declared twice: Once in FILE:/home/runner/work/key/key/key.core/../key.ui/examples/standard_key/staticInitialisation/classpath/PrintStream.java and once in URL:file:/home/runner/work/key/key/key.core/build/resources/main/de/uka/ilkd/key/java/JavaRedux/java/io/PrintStream.java, Keeping one from URL:file:/home/runner/work/key/key/key.core/build/resources/main/de/uka/ilkd/key/java/JavaRedux/java/io/PrintStream.java 
566279     DEBUG main            d.u.i.k.p.i.AbstractProblemLoader Init config took 2.18s 
566293     INFO  main            d.u.i.k.p.i.AbstractProblemLoader Replaying proof localDeclaredMethod.key.proof 
566343     DEBUG main            d.u.i.k.p.i.IntermediateProofReplayer Proof replay took 48.37ms 
566344     DEBUG main            d.u.i.k.p.r.p.TestFile    ... success: reloaded. 
566344     INFO  main            d.u.i.k.p.r.p.TestFile    Now processing file /home/runner/work/key/key/key.core/../key.ui/examples/standard_key/staticInitialisation/objectOfErroneousClass.key 
566345     INFO  main            d.u.i.k.p.i.AbstractProblemLoader Loading environment from /home/runner/work/key/key/key.core/../key.ui/examples/standard_key/staticInitialisation/objectOfErroneousClass.key 
566345     DEBUG main            d.u.i.k.p.i.AbstractProblemLoader Environment load took 56.2ns 
566346     INFO  main            d.u.i.k.p.i.AbstractProblemLoader Creating init config 
566362     WARN  main            d.u.i.k.j.r.KeYCrossReferenceNameInfo Datatype java.lang.System declared twice: Once in FILE:/home/runner/work/key/key/key.core/../key.ui/examples/standard_key/staticInitialisation/classpath/System.java and once in URL:file:/home/runner/work/key/key/key.core/build/resources/main/de/uka/ilkd/key/java/JavaRedux/java/lang/System.java, Keeping one from URL:file:/home/runner/work/key/key/key.core/build/resources/main/de/uka/ilkd/key/java/JavaRedux/java/lang/System.java 
566362     WARN  main            d.u.i.k.j.r.KeYCrossReferenceNameInfo Datatype java.io.PrintStream declared twice: Once in FILE:/home/runner/work/key/key/key.core/../key.ui/examples/standard_key/staticInitialisation/classpath/PrintStream.java and once in URL:file:/home/runner/work/key/key/key.core/build/resources/main/de/uka/ilkd/key/java/JavaRedux/java/io/PrintStream.java, Keeping one from URL:file:/home/runner/work/key/key/key.core/build/resources/main/de/uka/ilkd/key/java/JavaRedux/java/io/PrintStream.java 
568549     DEBUG main            d.u.i.k.p.i.AbstractProblemLoader Init config took 2.2s 
568563     INFO  main            d.u.i.k.p.i.AbstractProblemLoader Replaying proof objectOfErroneousClass.key 
568565     DEBUG main            d.u.i.k.p.i.IntermediateProofReplayer Proof replay took 2.2ns 
581662     INFO  main            d.u.i.k.p.r.p.TestFile    ... finished proof: closed. 
582210     INFO  main            d.u.i.k.p.i.AbstractProblemLoader Loading environment from /home/runner/work/key/key/key.core/../key.ui/examples/standard_key/staticInitialisation/objectOfErroneousClass.key.proof 
582210     DEBUG main            d.u.i.k.p.i.AbstractProblemLoader Environment load took 74ns 
582213     INFO  main            d.u.i.k.p.i.AbstractProblemLoader Creating init config 
582230     WARN  main            d.u.i.k.j.r.KeYCrossReferenceNameInfo Datatype java.lang.System declared twice: Once in FILE:/home/runner/work/key/key/key.core/../key.ui/examples/standard_key/staticInitialisation/classpath/System.java and once in URL:file:/home/runner/work/key/key/key.core/build/resources/main/de/uka/ilkd/key/java/JavaRedux/java/lang/System.java, Keeping one from URL:file:/home/runner/work/key/key/key.core/build/resources/main/de/uka/ilkd/key/java/JavaRedux/java/lang/System.java 
582230     WARN  main            d.u.i.k.j.r.KeYCrossReferenceNameInfo Datatype java.io.PrintStream declared twice: Once in FILE:/home/runner/work/key/key/key.core/../key.ui/examples/standard_key/staticInitialisation/classpath/PrintStream.java and once in URL:file:/home/runner/work/key/key/key.core/build/resources/main/de/uka/ilkd/key/java/JavaRedux/java/io/PrintStream.java, Keeping one from URL:file:/home/runner/work/key/key/key.core/build/resources/main/de/uka/ilkd/key/java/JavaRedux/java/io/PrintStream.java 
584380     DEBUG main            d.u.i.k.p.i.AbstractProblemLoader Init config took 2.17s 
584394     INFO  main            d.u.i.k.p.i.AbstractProblemLoader Replaying proof objectOfErroneousClass.key.proof 
586380     DEBUG main            d.u.i.k.p.i.IntermediateProofReplayer Proof replay took 1.96s 
586383     DEBUG main            d.u.i.k.p.r.p.TestFile    ... success: reloaded. 
586384     INFO  main            d.u.i.k.p.r.p.TestFile    Now processing file /home/runner/work/key/key/key.core/../key.ui/examples/standard_key/staticInitialisation/staticInitialisersAreNonSimple.key 
586384     INFO  main            d.u.i.k.p.i.AbstractProblemLoader Loading environment from /home/runner/work/key/key/key.core/../key.ui/examples/standard_key/staticInitialisation/staticInitialisersAreNonSimple.key 
586384     DEBUG main            d.u.i.k.p.i.AbstractProblemLoader Environment load took 52.9ns 
586385     INFO  main            d.u.i.k.p.i.AbstractProblemLoader Creating init config 
586401     WARN  main            d.u.i.k.j.r.KeYCrossReferenceNameInfo Datatype java.lang.System declared twice: Once in FILE:/home/runner/work/key/key/key.core/../key.ui/examples/standard_key/staticInitialisation/classpath/System.java and once in URL:file:/home/runner/work/key/key/key.core/build/resources/main/de/uka/ilkd/key/java/JavaRedux/java/lang/System.java, Keeping one from URL:file:/home/runner/work/key/key/key.core/build/resources/main/de/uka/ilkd/key/java/JavaRedux/java/lang/System.java 
586401     WARN  main            d.u.i.k.j.r.KeYCrossReferenceNameInfo Datatype java.io.PrintStream declared twice: Once in FILE:/home/runner/work/key/key/key.core/../key.ui/examples/standard_key/staticInitialisation/classpath/PrintStream.java and once in URL:file:/home/runner/work/key/key/key.core/build/resources/main/de/uka/ilkd/key/java/JavaRedux/java/io/PrintStream.java, Keeping one from URL:file:/home/runner/work/key/key/key.core/build/resources/main/de/uka/ilkd/key/java/JavaRedux/java/io/PrintStream.java 
588633     DEBUG main            d.u.i.k.p.i.AbstractProblemLoader Init config took 2.25s 
588669     INFO  main            d.u.i.k.p.i.AbstractProblemLoader Replaying proof staticInitialisersAreNonSimple.key 
588670     DEBUG main            d.u.i.k.p.i.IntermediateProofReplayer Proof replay took 2.5ns 
588973     INFO  main            d.u.i.k.p.r.p.TestFile    ... finished proof: closed. 
589536     INFO  main            d.u.i.k.p.i.AbstractProblemLoader Loading environment from /home/runner/work/key/key/key.core/../key.ui/examples/standard_key/staticInitialisation/staticInitialisersAreNonSimple.key.proof 
589537     DEBUG main            d.u.i.k.p.i.AbstractProblemLoader Environment load took 77.7ns 
589538     INFO  main            d.u.i.k.p.i.AbstractProblemLoader Creating init config 
589555     WARN  main            d.u.i.k.j.r.KeYCrossReferenceNameInfo Datatype java.lang.System declared twice: Once in FILE:/home/runner/work/key/key/key.core/../key.ui/examples/standard_key/staticInitialisation/classpath/System.java and once in URL:file:/home/runner/work/key/key/key.core/build/resources/main/de/uka/ilkd/key/java/JavaRedux/java/lang/System.java, Keeping one from URL:file:/home/runner/work/key/key/key.core/build/resources/main/de/uka/ilkd/key/java/JavaRedux/java/lang/System.java 
589555     WARN  main            d.u.i.k.j.r.KeYCrossReferenceNameInfo Datatype java.io.PrintStream declared twice: Once in FILE:/home/runner/work/key/key/key.core/../key.ui/examples/standard_key/staticInitialisation/classpath/PrintStream.java and once in URL:file:/home/runner/work/key/key/key.core/build/resources/main/de/uka/ilkd/key/java/JavaRedux/java/io/PrintStream.java, Keeping one from URL:file:/home/runner/work/key/key/key.core/build/resources/main/de/uka/ilkd/key/java/JavaRedux/java/io/PrintStream.java 
591792     DEBUG main            d.u.i.k.p.i.AbstractProblemLoader Init config took 2.25s 
591805     INFO  main            d.u.i.k.p.i.AbstractProblemLoader Replaying proof staticInitialisersAreNonSimple.key.proof 
591878     DEBUG main            d.u.i.k.p.i.IntermediateProofReplayer Proof replay took 70.55ms 
591880     DEBUG main            d.u.i.k.p.r.p.TestFile    ... success: reloaded. 
591880     INFO  main            d.u.i.k.p.r.p.TestFile    Now processing file /home/runner/work/key/key/key.core/../key.ui/examples/standard_key/types/disjoint.key 
591880     INFO  main            d.u.i.k.p.i.AbstractProblemLoader Loading environment from /home/runner/work/key/key/key.core/../key.ui/examples/standard_key/types/disjoint.key 
591880     DEBUG main            d.u.i.k.p.i.AbstractProblemLoader Environment load took 97.3ns 
591881     INFO  main            d.u.i.k.p.i.AbstractProblemLoader Creating init config 
594023     DEBUG main            d.u.i.k.p.i.AbstractProblemLoader Init config took 2.14s 
594035     INFO  main            d.u.i.k.p.i.AbstractProblemLoader Replaying proof disjoint.key 
594036     DEBUG main            d.u.i.k.p.i.IntermediateProofReplayer Proof replay took 2.6ns 
594138     INFO  main            d.u.i.k.p.r.p.TestFile    ... finished proof: closed. 
594631     INFO  main            d.u.i.k.p.i.AbstractProblemLoader Loading environment from /home/runner/work/key/key/key.core/../key.ui/examples/standard_key/types/disjoint.key.proof 
594631     DEBUG main            d.u.i.k.p.i.AbstractProblemLoader Environment load took 68.6ns 
594632     INFO  main            d.u.i.k.p.i.AbstractProblemLoader Creating init config 
596734     DEBUG main            d.u.i.k.p.i.AbstractProblemLoader Init config took 2.1s 
596746     INFO  main            d.u.i.k.p.i.AbstractProblemLoader Replaying proof disjoint.key.proof 
596747     DEBUG main            d.u.i.k.p.i.IntermediateProofReplayer Proof replay took 413.5ns 
596748     DEBUG main            d.u.i.k.p.r.p.TestFile    ... success: reloaded. 
596748     INFO  main            d.u.i.k.p.r.p.TestFile    Now processing file /home/runner/work/key/key/key.core/../key.ui/examples/../../key.core/src/test/resources/testcase/classpath/classpath.key 
596748     INFO  main            d.u.i.k.p.i.AbstractProblemLoader Loading environment from /home/runner/work/key/key/key.core/../key.ui/examples/../../key.core/src/test/resources/testcase/classpath/classpath.key 
596748     DEBUG main            d.u.i.k.p.i.AbstractProblemLoader Environment load took 105.4ns 
596749     INFO  main            d.u.i.k.p.i.AbstractProblemLoader Creating init config 
596768     WARN  main            d.u.i.k.j.r.KeYCrossReferenceNameInfo Datatype cp.C declared twice: Once in FILE:/home/runner/work/key/key/key.core/../key.ui/examples/../../key.core/src/test/resources/testcase/classpath/classpath/C.class and once in FILE:/home/runner/work/key/key/key.core/../key.ui/examples/../../key.core/src/test/resources/testcase/classpath/classpath/C.jml, Keeping one from FILE:/home/runner/work/key/key/key.core/../key.ui/examples/../../key.core/src/test/resources/testcase/classpath/classpath/C.jml 
596771     DEBUG main            d.u.i.k.j.r.ClassFileDeclarationBuilder Parsing: package cp; public class Unresolved1 { } 
596771     DEBUG main            r.s.KeYCrossReferenceSourceInfo Dynamically created class: cp.Unresolved1 
596771     DEBUG main            d.u.i.k.j.r.ClassFileDeclarationBuilder Parsing: package cp; public class Unresolved2 { } 
596771     DEBUG main            r.s.KeYCrossReferenceSourceInfo Dynamically created class: cp.Unresolved2 
599024     DEBUG main            d.u.i.k.p.i.AbstractProblemLoader Init config took 2.27s 
599037     INFO  main            d.u.i.k.p.i.AbstractProblemLoader Replaying proof classpath.key 
599038     DEBUG main            d.u.i.k.p.i.IntermediateProofReplayer Proof replay took 2.2ns 
599140     INFO  main            d.u.i.k.p.r.p.TestFile    ... finished proof: closed. 
599642     INFO  main            d.u.i.k.p.i.AbstractProblemLoader Loading environment from /home/runner/work/key/key/key.core/../key.ui/examples/../../key.core/src/test/resources/testcase/classpath/classpath.key.proof 
599642     DEBUG main            d.u.i.k.p.i.AbstractProblemLoader Environment load took 64.3ns 
599643     INFO  main            d.u.i.k.p.i.AbstractProblemLoader Creating init config 
599667     WARN  main            d.u.i.k.j.r.KeYCrossReferenceNameInfo Datatype cp.C declared twice: Once in FILE:/home/runner/work/key/key/key.core/../key.ui/examples/../../key.core/src/test/resources/testcase/classpath/classpath/C.class and once in FILE:/home/runner/work/key/key/key.core/../key.ui/examples/../../key.core/src/test/resources/testcase/classpath/classpath/C.jml, Keeping one from FILE:/home/runner/work/key/key/key.core/../key.ui/examples/../../key.core/src/test/resources/testcase/classpath/classpath/C.jml 
599671     DEBUG main            d.u.i.k.j.r.ClassFileDeclarationBuilder Parsing: package cp; public class Unresolved1 { } 
599671     DEBUG main            r.s.KeYCrossReferenceSourceInfo Dynamically created class: cp.Unresolved1 
599671     DEBUG main            d.u.i.k.j.r.ClassFileDeclarationBuilder Parsing: package cp; public class Unresolved2 { } 
599671     DEBUG main            r.s.KeYCrossReferenceSourceInfo Dynamically created class: cp.Unresolved2 
601892     DEBUG main            d.u.i.k.p.i.AbstractProblemLoader Init config took 2.25s 
601905     INFO  main            d.u.i.k.p.i.AbstractProblemLoader Replaying proof classpath.key.proof 
601907     DEBUG main            d.u.i.k.p.i.IntermediateProofReplayer Proof replay took 423.2ns 
601907     DEBUG main            d.u.i.k.p.r.p.TestFile    ... success: reloaded. 
601908     INFO  main            d.u.i.k.p.r.p.TestFile    Now processing file /home/runner/work/key/key/key.core/../key.ui/examples/heap/inconsistent_represents/MyClass_m.key 
601908     INFO  main            d.u.i.k.p.i.AbstractProblemLoader Loading environment from /home/runner/work/key/key/key.core/../key.ui/examples/heap/inconsistent_represents/MyClass_m.key 
601908     DEBUG main            d.u.i.k.p.i.AbstractProblemLoader Environment load took 37ns 
601909     INFO  main            d.u.i.k.p.i.AbstractProblemLoader Creating init config 
604120     DEBUG main            d.u.i.k.p.i.AbstractProblemLoader Init config took 2.21s 
604152     INFO  main            d.u.i.k.p.i.AbstractProblemLoader Replaying proof MyClass[MyClass::m()].JML operation contract.0 
604153     DEBUG main            d.u.i.k.p.i.IntermediateProofReplayer Proof replay took 2.1ns 
604258     INFO  main            d.u.i.k.p.r.p.TestFile    ... finished proof: open goal(s) 
604758     INFO  main            d.u.i.k.p.r.p.TestFile    Now processing file /home/runner/work/key/key/key.core/../key.ui/examples/heap/inconsistent_represents/MyClass_n.key 
604758     INFO  main            d.u.i.k.p.i.AbstractProblemLoader Loading environment from /home/runner/work/key/key/key.core/../key.ui/examples/heap/inconsistent_represents/MyClass_n.key 
604758     DEBUG main            d.u.i.k.p.i.AbstractProblemLoader Environment load took 36.4ns 
604759     INFO  main            d.u.i.k.p.i.AbstractProblemLoader Creating init config 
606935     DEBUG main            d.u.i.k.p.i.AbstractProblemLoader Init config took 2.18s 
606966     INFO  main            d.u.i.k.p.i.AbstractProblemLoader Replaying proof MyClass[MyClass::n()].JML operation contract.0 
606967     DEBUG main            d.u.i.k.p.i.IntermediateProofReplayer Proof replay took 2.2ns 
607068     INFO  main            d.u.i.k.p.r.p.TestFile    ... finished proof: open goal(s) 
3466087    INFO  Test worker     d.u.i.k.p.r.RunAllProofsTestUnit Returning from test javadl 
3466088    INFO  Test worker     d.u.i.k.p.r.RunAllProofsTestUnit Running test FOL 
342        INFO  Timeout watchdog d.u.i.k.p.r.p.ForkedTestFileRunner Timeout watcher launched (2000 secs.) 
350        WARN  main            d.u.i.k.s.ProofSettings   The settings in /home/runner/.key/proof-settings.props are *not* read. 
380        INFO  main            d.u.i.k.p.r.p.TestFile    Now processing file /home/runner/work/key/key/key.core/../key.ui/examples/standard_key/pred_log/count.key 
492        INFO  main            d.u.i.k.p.i.AbstractProblemLoader Loading environment from /home/runner/work/key/key/key.core/../key.ui/examples/standard_key/pred_log/count.key 
508        DEBUG main            d.u.i.k.p.i.AbstractProblemLoader Environment load took 2.1ms 
729        INFO  main            d.u.i.k.p.i.AbstractProblemLoader Creating init config 
1606       DEBUG main            d.u.i.k.j.TypeConverter   No LDT found for Meta 
1607       DEBUG main            d.u.i.k.j.TypeConverter   No LDT found for Meta 
1608       DEBUG main            d.u.i.k.j.TypeConverter   No LDT found for Meta 
1608       DEBUG main            d.u.i.k.j.TypeConverter   No LDT found for Meta 
2937       DEBUG main            d.u.i.k.j.TypeConverter   No LDT found for JavaBigintExpression 
7367       DEBUG main            d.u.i.k.p.i.AbstractProblemLoader Init config took 6.64s 
7447       INFO  main            d.u.i.k.p.i.AbstractProblemLoader Replaying proof count.key 
7482       DEBUG main            d.u.i.k.p.i.IntermediateProofReplayer Proof replay took 33ns 
7636       INFO  main            d.u.i.k.p.r.p.TestFile    ... finished proof: closed. 
7728       INFO  main            d.u.i.k.p.i.AbstractProblemLoader Loading environment from /home/runner/work/key/key/key.core/../key.ui/examples/standard_key/pred_log/count.key.proof 
7728       DEBUG main            d.u.i.k.p.i.AbstractProblemLoader Environment load took 344.4ns 
7731       INFO  main            d.u.i.k.p.i.AbstractProblemLoader Creating init config 
10218      DEBUG main            d.u.i.k.p.i.AbstractProblemLoader Init config took 2.49s 
10271      INFO  main            d.u.i.k.p.i.AbstractProblemLoader Replaying proof count.key.proof 
10282      DEBUG main            d.u.i.k.p.i.IntermediateProofReplayer Proof replay took 7.08ms 
10292      DEBUG main            d.u.i.k.p.r.p.TestFile    ... success: reloaded. 
10293      INFO  main            d.u.i.k.p.r.p.TestFile    Now processing file /home/runner/work/key/key/key.core/../key.ui/examples/standard_key/pred_log/count2.key 
10293      INFO  main            d.u.i.k.p.i.AbstractProblemLoader Loading environment from /home/runner/work/key/key/key.core/../key.ui/examples/standard_key/pred_log/count2.key 
10294      DEBUG main            d.u.i.k.p.i.AbstractProblemLoader Environment load took 167.3ns 
10295      INFO  main            d.u.i.k.p.i.AbstractProblemLoader Creating init config 
12682      DEBUG main            d.u.i.k.p.i.AbstractProblemLoader Init config took 2.39s 
12712      INFO  main            d.u.i.k.p.i.AbstractProblemLoader Replaying proof count2.key 
12713      DEBUG main            d.u.i.k.p.i.IntermediateProofReplayer Proof replay took 5ns 
12816      INFO  main            d.u.i.k.p.r.p.TestFile    ... finished proof: closed. 
12939      INFO  main            d.u.i.k.p.i.AbstractProblemLoader Loading environment from /home/runner/work/key/key/key.core/../key.ui/examples/standard_key/pred_log/count2.key.proof 
12940      DEBUG main            d.u.i.k.p.i.AbstractProblemLoader Environment load took 114.7ns 
12950      INFO  main            d.u.i.k.p.i.AbstractProblemLoader Creating init config 
15325      DEBUG main            d.u.i.k.p.i.AbstractProblemLoader Init config took 2.38s 
15349      INFO  main            d.u.i.k.p.i.AbstractProblemLoader Replaying proof count2.key.proof 
15355      DEBUG main            d.u.i.k.p.i.IntermediateProofReplayer Proof replay took 4.19ms 
15356      DEBUG main            d.u.i.k.p.r.p.TestFile    ... success: reloaded. 
15357      INFO  main            d.u.i.k.p.r.p.TestFile    Now processing file /home/runner/work/key/key/key.core/../key.ui/examples/standard_key/pred_log/count3.key 
15358      INFO  main            d.u.i.k.p.i.AbstractProblemLoader Loading environment from /home/runner/work/key/key/key.core/../key.ui/examples/standard_key/pred_log/count3.key 
15358      DEBUG main            d.u.i.k.p.i.AbstractProblemLoader Environment load took 167.6ns 
15359      INFO  main            d.u.i.k.p.i.AbstractProblemLoader Creating init config 
17698      DEBUG main            d.u.i.k.p.i.AbstractProblemLoader Init config took 2.34s 
17718      INFO  main            d.u.i.k.p.i.AbstractProblemLoader Replaying proof count3.key 
17719      DEBUG main            d.u.i.k.p.i.IntermediateProofReplayer Proof replay took 5ns 
17822      INFO  main            d.u.i.k.p.r.p.TestFile    ... finished proof: closed. 
17938      INFO  main            d.u.i.k.p.i.AbstractProblemLoader Loading environment from /home/runner/work/key/key/key.core/../key.ui/examples/standard_key/pred_log/count3.key.proof 
17938      DEBUG main            d.u.i.k.p.i.AbstractProblemLoader Environment load took 116.9ns 
17940      INFO  main            d.u.i.k.p.i.AbstractProblemLoader Creating init config 
20238      DEBUG main            d.u.i.k.p.i.AbstractProblemLoader Init config took 2.3s 
20256      INFO  main            d.u.i.k.p.i.AbstractProblemLoader Replaying proof count3.key.proof 
20261      DEBUG main            d.u.i.k.p.i.IntermediateProofReplayer Proof replay took 2.83ms 
20262      DEBUG main            d.u.i.k.p.r.p.TestFile    ... success: reloaded. 
20263      INFO  main            d.u.i.k.p.r.p.TestFile    Now processing file /home/runner/work/key/key/key.core/../key.ui/examples/standard_key/pred_log/equalities.key 
20263      INFO  main            d.u.i.k.p.i.AbstractProblemLoader Loading environment from /home/runner/work/key/key/key.core/../key.ui/examples/standard_key/pred_log/equalities.key 
20263      DEBUG main            d.u.i.k.p.i.AbstractProblemLoader Environment load took 158.6ns 
20264      INFO  main            d.u.i.k.p.i.AbstractProblemLoader Creating init config 
22536      DEBUG main            d.u.i.k.p.i.AbstractProblemLoader Init config took 2.27s 
22555      INFO  main            d.u.i.k.p.i.AbstractProblemLoader Replaying proof equalities.key 
22556      DEBUG main            d.u.i.k.p.i.IntermediateProofReplayer Proof replay took 6ns 
22658      INFO  main            d.u.i.k.p.r.p.TestFile    ... finished proof: closed. 
22782      INFO  main            d.u.i.k.p.i.AbstractProblemLoader Loading environment from /home/runner/work/key/key/key.core/../key.ui/examples/standard_key/pred_log/equalities.key.proof 
22782      DEBUG main            d.u.i.k.p.i.AbstractProblemLoader Environment load took 120.9ns 
22784      INFO  main            d.u.i.k.p.i.AbstractProblemLoader Creating init config 
25032      DEBUG main            d.u.i.k.p.i.AbstractProblemLoader Init config took 2.25s 
25050      INFO  main            d.u.i.k.p.i.AbstractProblemLoader Replaying proof equalities.key.proof 
25054      DEBUG main            d.u.i.k.p.i.IntermediateProofReplayer Proof replay took 1.69ms 
25055      DEBUG main            d.u.i.k.p.r.p.TestFile    ... success: reloaded. 
25056      INFO  main            d.u.i.k.p.r.p.TestFile    Now processing file /home/runner/work/key/key/key.core/../key.ui/examples/standard_key/pred_log/equalities2.key 
25056      INFO  main            d.u.i.k.p.i.AbstractProblemLoader Loading environment from /home/runner/work/key/key/key.core/../key.ui/examples/standard_key/pred_log/equalities2.key 
25056      DEBUG main            d.u.i.k.p.i.AbstractProblemLoader Environment load took 156.5ns 
25057      INFO  main            d.u.i.k.p.i.AbstractProblemLoader Creating init config 
27338      DEBUG main            d.u.i.k.p.i.AbstractProblemLoader Init config took 2.28s 
27355      INFO  main            d.u.i.k.p.i.AbstractProblemLoader Replaying proof equalities2.key 
27357      DEBUG main            d.u.i.k.p.i.IntermediateProofReplayer Proof replay took 6.2ns 
27462      INFO  main            d.u.i.k.p.r.p.TestFile    ... finished proof: closed. 
27588      INFO  main            d.u.i.k.p.i.AbstractProblemLoader Loading environment from /home/runner/work/key/key/key.core/../key.ui/examples/standard_key/pred_log/equalities2.key.proof 
27588      DEBUG main            d.u.i.k.p.i.AbstractProblemLoader Environment load took 102.8ns 
27589      INFO  main            d.u.i.k.p.i.AbstractProblemLoader Creating init config 
29848      DEBUG main            d.u.i.k.p.i.AbstractProblemLoader Init config took 2.26s 
29866      INFO  main            d.u.i.k.p.i.AbstractProblemLoader Replaying proof equalities2.key.proof 
29872      DEBUG main            d.u.i.k.p.i.IntermediateProofReplayer Proof replay took 4.21ms 
29873      DEBUG main            d.u.i.k.p.r.p.TestFile    ... success: reloaded. 
29874      INFO  main            d.u.i.k.p.r.p.TestFile    Now processing file /home/runner/work/key/key/key.core/../key.ui/examples/standard_key/pred_log/equalities3.key 
29874      INFO  main            d.u.i.k.p.i.AbstractProblemLoader Loading environment from /home/runner/work/key/key/key.core/../key.ui/examples/standard_key/pred_log/equalities3.key 
29874      DEBUG main            d.u.i.k.p.i.AbstractProblemLoader Environment load took 154ns 
29875      INFO  main            d.u.i.k.p.i.AbstractProblemLoader Creating init config 
32134      DEBUG main            d.u.i.k.p.i.AbstractProblemLoader Init config took 2.26s 
32152      INFO  main            d.u.i.k.p.i.AbstractProblemLoader Replaying proof equalities3.key 
32154      DEBUG main            d.u.i.k.p.i.IntermediateProofReplayer Proof replay took 6.6ns 
32256      INFO  main            d.u.i.k.p.r.p.TestFile    ... finished proof: closed. 
32386      INFO  main            d.u.i.k.p.i.AbstractProblemLoader Loading environment from /home/runner/work/key/key/key.core/../key.ui/examples/standard_key/pred_log/equalities3.key.proof 
32386      DEBUG main            d.u.i.k.p.i.AbstractProblemLoader Environment load took 107.2ns 
32387      INFO  main            d.u.i.k.p.i.AbstractProblemLoader Creating init config 
34624      DEBUG main            d.u.i.k.p.i.AbstractProblemLoader Init config took 2.24s 
34642      INFO  main            d.u.i.k.p.i.AbstractProblemLoader Replaying proof equalities3.key.proof 
34658      DEBUG main            d.u.i.k.p.i.IntermediateProofReplayer Proof replay took 14.22ms 
34660      DEBUG main            d.u.i.k.p.r.p.TestFile    ... success: reloaded. 
34660      INFO  main            d.u.i.k.p.r.p.TestFile    Now processing file /home/runner/work/key/key/key.core/../key.ui/examples/standard_key/pred_log/functions.key 
34661      INFO  main            d.u.i.k.p.i.AbstractProblemLoader Loading environment from /home/runner/work/key/key/key.core/../key.ui/examples/standard_key/pred_log/functions.key 
34662      DEBUG main            d.u.i.k.p.i.AbstractProblemLoader Environment load took 214.8ns 
34663      INFO  main            d.u.i.k.p.i.AbstractProblemLoader Creating init config 
36958      DEBUG main            d.u.i.k.p.i.AbstractProblemLoader Init config took 2.3s 
36974      INFO  main            d.u.i.k.p.i.AbstractProblemLoader Replaying proof functions.key 
36975      DEBUG main            d.u.i.k.p.i.IntermediateProofReplayer Proof replay took 6.3ns 
37078      INFO  main            d.u.i.k.p.r.p.TestFile    ... finished proof: closed. 
37218      INFO  main            d.u.i.k.p.i.AbstractProblemLoader Loading environment from /home/runner/work/key/key/key.core/../key.ui/examples/standard_key/pred_log/functions.key.proof 
37218      DEBUG main            d.u.i.k.p.i.AbstractProblemLoader Environment load took 107.7ns 
37219      INFO  main            d.u.i.k.p.i.AbstractProblemLoader Creating init config 
39442      DEBUG main            d.u.i.k.p.i.AbstractProblemLoader Init config took 2.22s 
39458      INFO  main            d.u.i.k.p.i.AbstractProblemLoader Replaying proof functions.key.proof 
39462      DEBUG main            d.u.i.k.p.i.IntermediateProofReplayer Proof replay took 2.46ms 
39462      DEBUG main            d.u.i.k.p.r.p.TestFile    ... success: reloaded. 
39463      INFO  main            d.u.i.k.p.r.p.TestFile    Now processing file /home/runner/work/key/key/key.core/../key.ui/examples/standard_key/pred_log/mv1.key 
39463      INFO  main            d.u.i.k.p.i.AbstractProblemLoader Loading environment from /home/runner/work/key/key/key.core/../key.ui/examples/standard_key/pred_log/mv1.key 
39463      DEBUG main            d.u.i.k.p.i.AbstractProblemLoader Environment load took 82ns 
39464      INFO  main            d.u.i.k.p.i.AbstractProblemLoader Creating init config 
41714      DEBUG main            d.u.i.k.p.i.AbstractProblemLoader Init config took 2.25s 
41728      INFO  main            d.u.i.k.p.i.AbstractProblemLoader Replaying proof mv1.key 
41730      DEBUG main            d.u.i.k.p.i.IntermediateProofReplayer Proof replay took 6.7ns 
41834      INFO  main            d.u.i.k.p.r.p.TestFile    ... finished proof: closed. 
41975      INFO  main            d.u.i.k.p.i.AbstractProblemLoader Loading environment from /home/runner/work/key/key/key.core/../key.ui/examples/standard_key/pred_log/mv1.key.proof 
41976      DEBUG main            d.u.i.k.p.i.AbstractProblemLoader Environment load took 109.8ns 
41976      INFO  main            d.u.i.k.p.i.AbstractProblemLoader Creating init config 
44182      DEBUG main            d.u.i.k.p.i.AbstractProblemLoader Init config took 2.21s 
44197      INFO  main            d.u.i.k.p.i.AbstractProblemLoader Replaying proof mv1.key.proof 
44199      DEBUG main            d.u.i.k.p.i.IntermediateProofReplayer Proof replay took 1.01ms 
44200      DEBUG main            d.u.i.k.p.r.p.TestFile    ... success: reloaded. 
44201      INFO  main            d.u.i.k.p.r.p.TestFile    Now processing file /home/runner/work/key/key/key.core/../key.ui/examples/standard_key/pred_log/mv2.key 
44201      INFO  main            d.u.i.k.p.i.AbstractProblemLoader Loading environment from /home/runner/work/key/key/key.core/../key.ui/examples/standard_key/pred_log/mv2.key 
44201      DEBUG main            d.u.i.k.p.i.AbstractProblemLoader Environment load took 160.2ns 
44202      INFO  main            d.u.i.k.p.i.AbstractProblemLoader Creating init config 
46419      DEBUG main            d.u.i.k.p.i.AbstractProblemLoader Init config took 2.22s 
46433      INFO  main            d.u.i.k.p.i.AbstractProblemLoader Replaying proof mv2.key 
46435      DEBUG main            d.u.i.k.p.i.IntermediateProofReplayer Proof replay took 5.5ns 
46536      INFO  main            d.u.i.k.p.r.p.TestFile    ... finished proof: closed. 
46758      INFO  main            d.u.i.k.p.i.AbstractProblemLoader Loading environment from /home/runner/work/key/key/key.core/../key.ui/examples/standard_key/pred_log/mv2.key.proof 
46758      DEBUG main            d.u.i.k.p.i.AbstractProblemLoader Environment load took 105.9ns 
46759      INFO  main            d.u.i.k.p.i.AbstractProblemLoader Creating init config 
48939      DEBUG main            d.u.i.k.p.i.AbstractProblemLoader Init config took 2.18s 
48954      INFO  main            d.u.i.k.p.i.AbstractProblemLoader Replaying proof mv2.key.proof 
48957      DEBUG main            d.u.i.k.p.i.IntermediateProofReplayer Proof replay took 1.42ms 
48957      DEBUG main            d.u.i.k.p.r.p.TestFile    ... success: reloaded. 
48958      INFO  main            d.u.i.k.p.r.p.TestFile    Now processing file /home/runner/work/key/key/key.core/../key.ui/examples/standard_key/pred_log/quantifiers.key 
48958      INFO  main            d.u.i.k.p.i.AbstractProblemLoader Loading environment from /home/runner/work/key/key/key.core/../key.ui/examples/standard_key/pred_log/quantifiers.key 
48958      DEBUG main            d.u.i.k.p.i.AbstractProblemLoader Environment load took 79.5ns 
48959      INFO  main            d.u.i.k.p.i.AbstractProblemLoader Creating init config 
51187      DEBUG main            d.u.i.k.p.i.AbstractProblemLoader Init config took 2.23s 
51214      INFO  main            d.u.i.k.p.i.AbstractProblemLoader Replaying proof quantifiers.key 
51215      DEBUG main            d.u.i.k.p.i.IntermediateProofReplayer Proof replay took 6.4ns 
51318      INFO  main            d.u.i.k.p.r.p.TestFile    ... finished proof: closed. 
51471      INFO  main            d.u.i.k.p.i.AbstractProblemLoader Loading environment from /home/runner/work/key/key/key.core/../key.ui/examples/standard_key/pred_log/quantifiers.key.proof 
51471      DEBUG main            d.u.i.k.p.i.AbstractProblemLoader Environment load took 105.9ns 
51472      INFO  main            d.u.i.k.p.i.AbstractProblemLoader Creating init config 
53667      DEBUG main            d.u.i.k.p.i.AbstractProblemLoader Init config took 2.2s 
53681      INFO  main            d.u.i.k.p.i.AbstractProblemLoader Replaying proof quantifiers.key.proof 
53684      DEBUG main            d.u.i.k.p.i.IntermediateProofReplayer Proof replay took 1.99ms 
53684      DEBUG main            d.u.i.k.p.r.p.TestFile    ... success: reloaded. 
53685      INFO  main            d.u.i.k.p.r.p.TestFile    Now processing file /home/runner/work/key/key/key.core/../key.ui/examples/standard_key/pred_log/simpleEps.key 
53685      INFO  main            d.u.i.k.p.i.AbstractProblemLoader Loading environment from /home/runner/work/key/key/key.core/../key.ui/examples/standard_key/pred_log/simpleEps.key 
53685      DEBUG main            d.u.i.k.p.i.AbstractProblemLoader Environment load took 80.4ns 
53686      INFO  main            d.u.i.k.p.i.AbstractProblemLoader Creating init config 
55918      DEBUG main            d.u.i.k.p.i.AbstractProblemLoader Init config took 2.23s 
55931      INFO  main            d.u.i.k.p.i.AbstractProblemLoader Replaying proof simpleEps.key 
55932      DEBUG main            d.u.i.k.p.i.IntermediateProofReplayer Proof replay took 5.5ns 
56038      INFO  main            d.u.i.k.p.r.p.TestFile    ... finished proof: closed. 
56196      INFO  main            d.u.i.k.p.i.AbstractProblemLoader Loading environment from /home/runner/work/key/key/key.core/../key.ui/examples/standard_key/pred_log/simpleEps.key.proof 
56196      DEBUG main            d.u.i.k.p.i.AbstractProblemLoader Environment load took 99.7ns 
56197      INFO  main            d.u.i.k.p.i.AbstractProblemLoader Creating init config 
58400      DEBUG main            d.u.i.k.p.i.AbstractProblemLoader Init config took 2.2s 
58414      INFO  main            d.u.i.k.p.i.AbstractProblemLoader Replaying proof simpleEps.key.proof 
58417      DEBUG main            d.u.i.k.p.i.IntermediateProofReplayer Proof replay took 1.39ms 
58418      DEBUG main            d.u.i.k.p.r.p.TestFile    ... success: reloaded. 
58419      INFO  main            d.u.i.k.p.r.p.TestFile    Now processing file /home/runner/work/key/key/key.core/../key.ui/examples/standard_key/pred_log/steam1.key 
58419      INFO  main            d.u.i.k.p.i.AbstractProblemLoader Loading environment from /home/runner/work/key/key/key.core/../key.ui/examples/standard_key/pred_log/steam1.key 
58419      DEBUG main            d.u.i.k.p.i.AbstractProblemLoader Environment load took 176.3ns 
58421      INFO  main            d.u.i.k.p.i.AbstractProblemLoader Creating init config 
60612      DEBUG main            d.u.i.k.p.i.AbstractProblemLoader Init config took 2.19s 
60630      INFO  main            d.u.i.k.p.i.AbstractProblemLoader Replaying proof steam1.key 
60631      DEBUG main            d.u.i.k.p.i.IntermediateProofReplayer Proof replay took 5.7ns 
60945      INFO  main            d.u.i.k.p.r.p.TestFile    ... finished proof: closed. 
61181      INFO  main            d.u.i.k.p.i.AbstractProblemLoader Loading environment from /home/runner/work/key/key/key.core/../key.ui/examples/standard_key/pred_log/steam1.key.proof 
61182      DEBUG main            d.u.i.k.p.i.AbstractProblemLoader Environment load took 480ns 
61188      INFO  main            d.u.i.k.p.i.AbstractProblemLoader Creating init config 
63409      DEBUG main            d.u.i.k.p.i.AbstractProblemLoader Init config took 2.22s 
63428      INFO  main            d.u.i.k.p.i.AbstractProblemLoader Replaying proof steam1.key.proof 
63452      DEBUG main            d.u.i.k.p.i.IntermediateProofReplayer Proof replay took 19.69ms 
63457      DEBUG main            d.u.i.k.p.r.p.TestFile    ... success: reloaded. 
63458      INFO  main            d.u.i.k.p.r.p.TestFile    Now processing file /home/runner/work/key/key/key.core/../key.ui/examples/standard_key/pred_log/tptp/PUZ/PUZ001p1.key 
63458      INFO  main            d.u.i.k.p.i.AbstractProblemLoader Loading environment from /home/runner/work/key/key/key.core/../key.ui/examples/standard_key/pred_log/tptp/PUZ/PUZ001p1.key 
63458      DEBUG main            d.u.i.k.p.i.AbstractProblemLoader Environment load took 84.1ns 
63460      INFO  main            d.u.i.k.p.i.AbstractProblemLoader Creating init config 
65627      DEBUG main            d.u.i.k.p.i.AbstractProblemLoader Init config took 2.17s 
65643      INFO  main            d.u.i.k.p.i.AbstractProblemLoader Replaying proof PUZ001p1.key 
65644      DEBUG main            d.u.i.k.p.i.IntermediateProofReplayer Proof replay took 5.2ns 
68559      INFO  main            d.u.i.k.p.r.p.TestFile    ... finished proof: closed. 
68752      INFO  main            d.u.i.k.p.i.AbstractProblemLoader Loading environment from /home/runner/work/key/key/key.core/../key.ui/examples/standard_key/pred_log/tptp/PUZ/PUZ001p1.key.proof 
68753      DEBUG main            d.u.i.k.p.i.AbstractProblemLoader Environment load took 1.65ms 
68755      INFO  main            d.u.i.k.p.i.AbstractProblemLoader Creating init config 
70923      DEBUG main            d.u.i.k.p.i.AbstractProblemLoader Init config took 2.17s 
70939      INFO  main            d.u.i.k.p.i.AbstractProblemLoader Replaying proof PUZ001p1.key.proof 
71055      DEBUG main            d.u.i.k.p.i.IntermediateProofReplayer Proof replay took 107.15ms 
71057      DEBUG main            d.u.i.k.p.r.p.TestFile    ... success: reloaded. 
71058      INFO  main            d.u.i.k.p.r.p.TestFile    Now processing file /home/runner/work/key/key/key.core/../key.ui/examples/standard_key/pred_log/tptp/PUZ/PUZ001p1-eq.key 
71058      INFO  main            d.u.i.k.p.i.AbstractProblemLoader Loading environment from /home/runner/work/key/key/key.core/../key.ui/examples/standard_key/pred_log/tptp/PUZ/PUZ001p1-eq.key 
71058      DEBUG main            d.u.i.k.p.i.AbstractProblemLoader Environment load took 146.8ns 
71060      INFO  main            d.u.i.k.p.i.AbstractProblemLoader Creating init config 
73276      DEBUG main            d.u.i.k.p.i.AbstractProblemLoader Init config took 2.22s 
73291      INFO  main            d.u.i.k.p.i.AbstractProblemLoader Replaying proof PUZ001p1-eq.key 
73292      DEBUG main            d.u.i.k.p.i.IntermediateProofReplayer Proof replay took 5.7ns 
73394      INFO  main            d.u.i.k.p.r.p.TestFile    ... finished proof: closed. 
73598      INFO  main            d.u.i.k.p.i.AbstractProblemLoader Loading environment from /home/runner/work/key/key/key.core/../key.ui/examples/standard_key/pred_log/tptp/PUZ/PUZ001p1-eq.key.proof 
73598      DEBUG main            d.u.i.k.p.i.AbstractProblemLoader Environment load took 103.1ns 
73600      INFO  main            d.u.i.k.p.i.AbstractProblemLoader Creating init config 
75747      DEBUG main            d.u.i.k.p.i.AbstractProblemLoader Init config took 2.15s 
75760      INFO  main            d.u.i.k.p.i.AbstractProblemLoader Replaying proof PUZ001p1-eq.key.proof 
75773      DEBUG main            d.u.i.k.p.i.IntermediateProofReplayer Proof replay took 10.42ms 
75774      DEBUG main            d.u.i.k.p.r.p.TestFile    ... success: reloaded. 
75775      INFO  main            d.u.i.k.p.r.p.TestFile    Now processing file /home/runner/work/key/key/key.core/../key.ui/examples/standard_key/pred_log/tptp/PUZ/PUZ031p1.key 
75775      INFO  main            d.u.i.k.p.i.AbstractProblemLoader Loading environment from /home/runner/work/key/key/key.core/../key.ui/examples/standard_key/pred_log/tptp/PUZ/PUZ031p1.key 
75775      DEBUG main            d.u.i.k.p.i.AbstractProblemLoader Environment load took 148.2ns 
75777      INFO  main            d.u.i.k.p.i.AbstractProblemLoader Creating init config 
78031      DEBUG main            d.u.i.k.p.i.AbstractProblemLoader Init config took 2.25s 
78045      INFO  main            d.u.i.k.p.i.AbstractProblemLoader Replaying proof PUZ031p1.key 
78046      DEBUG main            d.u.i.k.p.i.IntermediateProofReplayer Proof replay took 5.7ns 
86263      INFO  main            d.u.i.k.p.r.p.TestFile    ... finished proof: closed. 
86456      INFO  main            d.u.i.k.p.i.AbstractProblemLoader Loading environment from /home/runner/work/key/key/key.core/../key.ui/examples/standard_key/pred_log/tptp/PUZ/PUZ031p1.key.proof 
86457      DEBUG main            d.u.i.k.p.i.AbstractProblemLoader Environment load took 316ns 
86458      INFO  main            d.u.i.k.p.i.AbstractProblemLoader Creating init config 
88632      DEBUG main            d.u.i.k.p.i.AbstractProblemLoader Init config took 2.17s 
88647      INFO  main            d.u.i.k.p.i.AbstractProblemLoader Replaying proof PUZ031p1.key.proof 
88701      DEBUG main            d.u.i.k.p.i.IntermediateProofReplayer Proof replay took 48.62ms 
88703      DEBUG main            d.u.i.k.p.r.p.TestFile    ... success: reloaded. 
88703      INFO  main            d.u.i.k.p.r.p.TestFile    Now processing file /home/runner/work/key/key/key.core/../key.ui/examples/standard_key/pred_log/tptp/SET/SET027p3.key 
88704      INFO  main            d.u.i.k.p.i.AbstractProblemLoader Loading environment from /home/runner/work/key/key/key.core/../key.ui/examples/standard_key/pred_log/tptp/SET/SET027p3.key 
88704      DEBUG main            d.u.i.k.p.i.AbstractProblemLoader Environment load took 157.2ns 
88705      INFO  main            d.u.i.k.p.i.AbstractProblemLoader Creating init config 
90929      DEBUG main            d.u.i.k.p.i.AbstractProblemLoader Init config took 2.22s 
90942      INFO  main            d.u.i.k.p.i.AbstractProblemLoader Replaying proof SET027p3.key 
90943      DEBUG main            d.u.i.k.p.i.IntermediateProofReplayer Proof replay took 6.2ns 
91046      INFO  main            d.u.i.k.p.r.p.TestFile    ... finished proof: closed. 
91253      INFO  main            d.u.i.k.p.i.AbstractProblemLoader Loading environment from /home/runner/work/key/key/key.core/../key.ui/examples/standard_key/pred_log/tptp/SET/SET027p3.key.proof 
91253      DEBUG main            d.u.i.k.p.i.AbstractProblemLoader Environment load took 107.8ns 
91254      INFO  main            d.u.i.k.p.i.AbstractProblemLoader Creating init config 
93401      DEBUG main            d.u.i.k.p.i.AbstractProblemLoader Init config took 2.15s 
93415      INFO  main            d.u.i.k.p.i.AbstractProblemLoader Replaying proof SET027p3.key.proof 
93425      DEBUG main            d.u.i.k.p.i.IntermediateProofReplayer Proof replay took 6.86ms 
93426      DEBUG main            d.u.i.k.p.r.p.TestFile    ... success: reloaded. 
93427      INFO  main            d.u.i.k.p.r.p.TestFile    Now processing file /home/runner/work/key/key/key.core/../key.ui/examples/standard_key/pred_log/tptp/SET/SET043p1.key 
93428      INFO  main            d.u.i.k.p.i.AbstractProblemLoader Loading environment from /home/runner/work/key/key/key.core/../key.ui/examples/standard_key/pred_log/tptp/SET/SET043p1.key 
93428      DEBUG main            d.u.i.k.p.i.AbstractProblemLoader Environment load took 153.5ns 
93429      INFO  main            d.u.i.k.p.i.AbstractProblemLoader Creating init config 
95648      DEBUG main            d.u.i.k.p.i.AbstractProblemLoader Init config took 2.22s 
95661      INFO  main            d.u.i.k.p.i.AbstractProblemLoader Replaying proof SET043p1.key 
95662      DEBUG main            d.u.i.k.p.i.IntermediateProofReplayer Proof replay took 6ns 
95764      INFO  main            d.u.i.k.p.r.p.TestFile    ... finished proof: closed. 
95955      INFO  main            d.u.i.k.p.i.AbstractProblemLoader Loading environment from /home/runner/work/key/key/key.core/../key.ui/examples/standard_key/pred_log/tptp/SET/SET043p1.key.proof 
95955      DEBUG main            d.u.i.k.p.i.AbstractProblemLoader Environment load took 152ns 
95956      INFO  main            d.u.i.k.p.i.AbstractProblemLoader Creating init config 
98130      DEBUG main            d.u.i.k.p.i.AbstractProblemLoader Init config took 2.17s 
98144      INFO  main            d.u.i.k.p.i.AbstractProblemLoader Replaying proof SET043p1.key.proof 
98149      DEBUG main            d.u.i.k.p.i.IntermediateProofReplayer Proof replay took 1.13ms 
98151      DEBUG main            d.u.i.k.p.r.p.TestFile    ... success: reloaded. 
98152      INFO  main            d.u.i.k.p.r.p.TestFile    Now processing file /home/runner/work/key/key/key.core/../key.ui/examples/standard_key/pred_log/tptp/SET/SET045p1.key 
98152      INFO  main            d.u.i.k.p.i.AbstractProblemLoader Loading environment from /home/runner/work/key/key/key.core/../key.ui/examples/standard_key/pred_log/tptp/SET/SET045p1.key 
98152      DEBUG main            d.u.i.k.p.i.AbstractProblemLoader Environment load took 149.4ns 
98154      INFO  main            d.u.i.k.p.i.AbstractProblemLoader Creating init config 
100388     DEBUG main            d.u.i.k.p.i.AbstractProblemLoader Init config took 2.23s 
100401     INFO  main            d.u.i.k.p.i.AbstractProblemLoader Replaying proof SET045p1.key 
100403     DEBUG main            d.u.i.k.p.i.IntermediateProofReplayer Proof replay took 6.5ns 
100505     INFO  main            d.u.i.k.p.r.p.TestFile    ... finished proof: closed. 
100711     INFO  main            d.u.i.k.p.i.AbstractProblemLoader Loading environment from /home/runner/work/key/key/key.core/../key.ui/examples/standard_key/pred_log/tptp/SET/SET045p1.key.proof 
100711     DEBUG main            d.u.i.k.p.i.AbstractProblemLoader Environment load took 92ns 
100712     INFO  main            d.u.i.k.p.i.AbstractProblemLoader Creating init config 
102857     DEBUG main            d.u.i.k.p.i.AbstractProblemLoader Init config took 2.15s 
102870     INFO  main            d.u.i.k.p.i.AbstractProblemLoader Replaying proof SET045p1.key.proof 
102877     DEBUG main            d.u.i.k.p.i.IntermediateProofReplayer Proof replay took 3.76ms 
102878     DEBUG main            d.u.i.k.p.r.p.TestFile    ... success: reloaded. 
102879     INFO  main            d.u.i.k.p.r.p.TestFile    Now processing file /home/runner/work/key/key/key.core/../key.ui/examples/standard_key/pred_log/tptp/SET/SET062p3.key 
102879     INFO  main            d.u.i.k.p.i.AbstractProblemLoader Loading environment from /home/runner/work/key/key/key.core/../key.ui/examples/standard_key/pred_log/tptp/SET/SET062p3.key 
102879     DEBUG main            d.u.i.k.p.i.AbstractProblemLoader Environment load took 148.3ns 
102880     INFO  main            d.u.i.k.p.i.AbstractProblemLoader Creating init config 
105115     DEBUG main            d.u.i.k.p.i.AbstractProblemLoader Init config took 2.23s 
105127     INFO  main            d.u.i.k.p.i.AbstractProblemLoader Replaying proof SET062p3.key 
105128     DEBUG main            d.u.i.k.p.i.IntermediateProofReplayer Proof replay took 6.4ns 
105234     INFO  main            d.u.i.k.p.r.p.TestFile    ... finished proof: closed. 
105452     INFO  main            d.u.i.k.p.i.AbstractProblemLoader Loading environment from /home/runner/work/key/key/key.core/../key.ui/examples/standard_key/pred_log/tptp/SET/SET062p3.key.proof 
105452     DEBUG main            d.u.i.k.p.i.AbstractProblemLoader Environment load took 94.1ns 
105453     INFO  main            d.u.i.k.p.i.AbstractProblemLoader Creating init config 
107590     DEBUG main            d.u.i.k.p.i.AbstractProblemLoader Init config took 2.14s 
107602     INFO  main            d.u.i.k.p.i.AbstractProblemLoader Replaying proof SET062p3.key.proof 
107609     DEBUG main            d.u.i.k.p.i.IntermediateProofReplayer Proof replay took 4.99ms 
107609     DEBUG main            d.u.i.k.p.r.p.TestFile    ... success: reloaded. 
107610     INFO  main            d.u.i.k.p.r.p.TestFile    Now processing file /home/runner/work/key/key/key.core/../key.ui/examples/standard_key/pred_log/tptp/SET/SET063p3.key 
107610     INFO  main            d.u.i.k.p.i.AbstractProblemLoader Loading environment from /home/runner/work/key/key/key.core/../key.ui/examples/standard_key/pred_log/tptp/SET/SET063p3.key 
107610     DEBUG main            d.u.i.k.p.i.AbstractProblemLoader Environment load took 61.8ns 
107611     INFO  main            d.u.i.k.p.i.AbstractProblemLoader Creating init config 
109812     DEBUG main            d.u.i.k.p.i.AbstractProblemLoader Init config took 2.2s 
109825     INFO  main            d.u.i.k.p.i.AbstractProblemLoader Replaying proof SET063p3.key 
109826     DEBUG main            d.u.i.k.p.i.IntermediateProofReplayer Proof replay took 8ns 
109930     INFO  main            d.u.i.k.p.r.p.TestFile    ... finished proof: closed. 
110134     INFO  main            d.u.i.k.p.i.AbstractProblemLoader Loading environment from /home/runner/work/key/key/key.core/../key.ui/examples/standard_key/pred_log/tptp/SET/SET063p3.key.proof 
110134     DEBUG main            d.u.i.k.p.i.AbstractProblemLoader Environment load took 95.4ns 
110135     INFO  main            d.u.i.k.p.i.AbstractProblemLoader Creating init config 
112278     DEBUG main            d.u.i.k.p.i.AbstractProblemLoader Init config took 2.14s 
112295     INFO  main            d.u.i.k.p.i.AbstractProblemLoader Replaying proof SET063p3.key.proof 
112302     DEBUG main            d.u.i.k.p.i.IntermediateProofReplayer Proof replay took 4.83ms 
112303     DEBUG main            d.u.i.k.p.r.p.TestFile    ... success: reloaded. 
112303     INFO  main            d.u.i.k.p.r.p.TestFile    Now processing file /home/runner/work/key/key/key.core/../key.ui/examples/standard_key/pred_log/tptp/SYN/SYN036p2.key 
112304     INFO  main            d.u.i.k.p.i.AbstractProblemLoader Loading environment from /home/runner/work/key/key/key.core/../key.ui/examples/standard_key/pred_log/tptp/SYN/SYN036p2.key 
112304     DEBUG main            d.u.i.k.p.i.AbstractProblemLoader Environment load took 152.6ns 
112305     INFO  main            d.u.i.k.p.i.AbstractProblemLoader Creating init config 
114545     DEBUG main            d.u.i.k.p.i.AbstractProblemLoader Init config took 2.24s 
114567     INFO  main            d.u.i.k.p.i.AbstractProblemLoader Replaying proof SYN036p2.key 
114570     DEBUG main            d.u.i.k.p.i.IntermediateProofReplayer Proof replay took 16.6ns 
114775     INFO  main            d.u.i.k.p.r.p.TestFile    ... finished proof: closed. 
115004     INFO  main            d.u.i.k.p.i.AbstractProblemLoader Loading environment from /home/runner/work/key/key/key.core/../key.ui/examples/standard_key/pred_log/tptp/SYN/SYN036p2.key.proof 
115004     DEBUG main            d.u.i.k.p.i.AbstractProblemLoader Environment load took 106.3ns 
115008     INFO  main            d.u.i.k.p.i.AbstractProblemLoader Creating init config 
117139     DEBUG main            d.u.i.k.p.i.AbstractProblemLoader Init config took 2.13s 
117152     INFO  main            d.u.i.k.p.i.AbstractProblemLoader Replaying proof SYN036p2.key.proof 
117212     DEBUG main            d.u.i.k.p.i.IntermediateProofReplayer Proof replay took 53.16ms 
117213     DEBUG main            d.u.i.k.p.r.p.TestFile    ... success: reloaded. 
117214     INFO  main            d.u.i.k.p.r.p.TestFile    Now processing file /home/runner/work/key/key/key.core/../key.ui/examples/standard_key/pred_log/tptp/SYN/SYN550p1.key 
117214     INFO  main            d.u.i.k.p.i.AbstractProblemLoader Loading environment from /home/runner/work/key/key/key.core/../key.ui/examples/standard_key/pred_log/tptp/SYN/SYN550p1.key 
117214     DEBUG main            d.u.i.k.p.i.AbstractProblemLoader Environment load took 65.1ns 
117215     INFO  main            d.u.i.k.p.i.AbstractProblemLoader Creating init config 
119405     DEBUG main            d.u.i.k.p.i.AbstractProblemLoader Init config took 2.19s 
119418     INFO  main            d.u.i.k.p.i.AbstractProblemLoader Replaying proof SYN550p1.key 
119419     DEBUG main            d.u.i.k.p.i.IntermediateProofReplayer Proof replay took 6.1ns 
122152     INFO  main            d.u.i.k.p.r.p.TestFile    ... finished proof: closed. 
122381     INFO  main            d.u.i.k.p.i.AbstractProblemLoader Loading environment from /home/runner/work/key/key/key.core/../key.ui/examples/standard_key/pred_log/tptp/SYN/SYN550p1.key.proof 
122381     DEBUG main            d.u.i.k.p.i.AbstractProblemLoader Environment load took 147.5ns 
122382     INFO  main            d.u.i.k.p.i.AbstractProblemLoader Creating init config 
124507     DEBUG main            d.u.i.k.p.i.AbstractProblemLoader Init config took 2.13s 
124520     INFO  main            d.u.i.k.p.i.AbstractProblemLoader Replaying proof SYN550p1.key.proof 
124595     DEBUG main            d.u.i.k.p.i.IntermediateProofReplayer Proof replay took 68.39ms 
124596     DEBUG main            d.u.i.k.p.r.p.TestFile    ... success: reloaded. 
124596     INFO  main            d.u.i.k.p.r.p.TestFile    Now processing file /home/runner/work/key/key/key.core/../key.ui/examples/standard_key/prop_log/reallySimple.key 
124597     INFO  main            d.u.i.k.p.i.AbstractProblemLoader Loading environment from /home/runner/work/key/key/key.core/../key.ui/examples/standard_key/prop_log/reallySimple.key 
124597     DEBUG main            d.u.i.k.p.i.AbstractProblemLoader Environment load took 63.8ns 
124597     INFO  main            d.u.i.k.p.i.AbstractProblemLoader Creating init config 
126786     DEBUG main            d.u.i.k.p.i.AbstractProblemLoader Init config took 2.19s 
126799     INFO  main            d.u.i.k.p.i.AbstractProblemLoader Replaying proof reallySimple.key 
126800     DEBUG main            d.u.i.k.p.i.IntermediateProofReplayer Proof replay took 5.5ns 
126901     INFO  main            d.u.i.k.p.r.p.TestFile    ... finished proof: open goal(s) 
127129     INFO  main            d.u.i.k.p.r.p.TestFile    Now processing file /home/runner/work/key/key/key.core/../key.ui/examples/standard_key/pred_log/sameName1.key 
127129     INFO  main            d.u.i.k.p.i.AbstractProblemLoader Loading environment from /home/runner/work/key/key/key.core/../key.ui/examples/standard_key/pred_log/sameName1.key 
127129     DEBUG main            d.u.i.k.p.i.AbstractProblemLoader Environment load took 54.4ns 
127130     INFO  main            d.u.i.k.p.i.AbstractProblemLoader Creating init config 
129274     DEBUG main            d.u.i.k.p.i.AbstractProblemLoader Init config took 2.14s 
129287     INFO  main            d.u.i.k.p.i.AbstractProblemLoader Replaying proof sameName1.key 
129288     DEBUG main            d.u.i.k.p.i.IntermediateProofReplayer Proof replay took 5.9ns 
129389     INFO  main            d.u.i.k.p.r.p.TestFile    ... finished proof: open goal(s) 
129600     INFO  main            d.u.i.k.p.r.p.TestFile    Now processing file /home/runner/work/key/key/key.core/../key.ui/examples/standard_key/pred_log/jbyteIfEx.key 
129600     INFO  main            d.u.i.k.p.i.AbstractProblemLoader Loading environment from /home/runner/work/key/key/key.core/../key.ui/examples/standard_key/pred_log/jbyteIfEx.key 
129600     DEBUG main            d.u.i.k.p.i.AbstractProblemLoader Environment load took 62.8ns 
129601     INFO  main            d.u.i.k.p.i.AbstractProblemLoader Creating init config 
131735     DEBUG main            d.u.i.k.p.i.AbstractProblemLoader Init config took 2.13s 
131747     INFO  main            d.u.i.k.p.i.AbstractProblemLoader Replaying proof jbyteIfEx.key 
131749     DEBUG main            d.u.i.k.p.i.IntermediateProofReplayer Proof replay took 6ns 
131854     INFO  main            d.u.i.k.p.r.p.TestFile    ... finished proof: closed. 
132069     INFO  main            d.u.i.k.p.i.AbstractProblemLoader Loading environment from /home/runner/work/key/key/key.core/../key.ui/examples/standard_key/pred_log/jbyteIfEx.key.proof 
132069     DEBUG main            d.u.i.k.p.i.AbstractProblemLoader Environment load took 98.8ns 
132070     INFO  main            d.u.i.k.p.i.AbstractProblemLoader Creating init config 
134190     DEBUG main            d.u.i.k.p.i.AbstractProblemLoader Init config took 2.12s 
134202     INFO  main            d.u.i.k.p.i.AbstractProblemLoader Replaying proof jbyteIfEx.key.proof 
134208     DEBUG main            d.u.i.k.p.i.IntermediateProofReplayer Proof replay took 4.95ms 
134209     DEBUG main            d.u.i.k.p.r.p.TestFile    ... success: reloaded. 
134210     INFO  main            d.u.i.k.p.r.p.TestFile    Now processing file /home/runner/work/key/key/key.core/../key.ui/examples/standard_key/prop_log/allClausesLength4.key 
134210     INFO  main            d.u.i.k.p.i.AbstractProblemLoader Loading environment from /home/runner/work/key/key/key.core/../key.ui/examples/standard_key/prop_log/allClausesLength4.key 
134210     DEBUG main            d.u.i.k.p.i.AbstractProblemLoader Environment load took 75.2ns 
134211     INFO  main            d.u.i.k.p.i.AbstractProblemLoader Creating init config 
136416     DEBUG main            d.u.i.k.p.i.AbstractProblemLoader Init config took 2.21s 
136428     INFO  main            d.u.i.k.p.i.AbstractProblemLoader Replaying proof allClausesLength4.key 
136429     DEBUG main            d.u.i.k.p.i.IntermediateProofReplayer Proof replay took 5.8ns 
136533     INFO  main            d.u.i.k.p.r.p.TestFile    ... finished proof: closed. 
136764     INFO  main            d.u.i.k.p.i.AbstractProblemLoader Loading environment from /home/runner/work/key/key/key.core/../key.ui/examples/standard_key/prop_log/allClausesLength4.key.proof 
136764     DEBUG main            d.u.i.k.p.i.AbstractProblemLoader Environment load took 113.1ns 
136765     INFO  main            d.u.i.k.p.i.AbstractProblemLoader Creating init config 
138889     DEBUG main            d.u.i.k.p.i.AbstractProblemLoader Init config took 2.12s 
138903     INFO  main            d.u.i.k.p.i.AbstractProblemLoader Replaying proof allClausesLength4.key.proof 
138915     DEBUG main            d.u.i.k.p.i.IntermediateProofReplayer Proof replay took 9.16ms 
138917     DEBUG main            d.u.i.k.p.r.p.TestFile    ... success: reloaded. 
138918     INFO  main            d.u.i.k.p.r.p.TestFile    Now processing file /home/runner/work/key/key/key.core/../key.ui/examples/standard_key/prop_log/allClausesLength5.key 
138918     INFO  main            d.u.i.k.p.i.AbstractProblemLoader Loading environment from /home/runner/work/key/key/key.core/../key.ui/examples/standard_key/prop_log/allClausesLength5.key 
138918     DEBUG main            d.u.i.k.p.i.AbstractProblemLoader Environment load took 54.1ns 
138920     INFO  main            d.u.i.k.p.i.AbstractProblemLoader Creating init config 
141094     DEBUG main            d.u.i.k.p.i.AbstractProblemLoader Init config took 2.17s 
141107     INFO  main            d.u.i.k.p.i.AbstractProblemLoader Replaying proof allClausesLength5.key 
141108     DEBUG main            d.u.i.k.p.i.IntermediateProofReplayer Proof replay took 6.7ns 
141311     INFO  main            d.u.i.k.p.r.p.TestFile    ... finished proof: closed. 
141554     INFO  main            d.u.i.k.p.i.AbstractProblemLoader Loading environment from /home/runner/work/key/key/key.core/../key.ui/examples/standard_key/prop_log/allClausesLength5.key.proof 
141554     DEBUG main            d.u.i.k.p.i.AbstractProblemLoader Environment load took 89ns 
141555     INFO  main            d.u.i.k.p.i.AbstractProblemLoader Creating init config 
143694     DEBUG main            d.u.i.k.p.i.AbstractProblemLoader Init config took 2.14s 
143707     INFO  main            d.u.i.k.p.i.AbstractProblemLoader Replaying proof allClausesLength5.key.proof 
143743     DEBUG main            d.u.i.k.p.i.IntermediateProofReplayer Proof replay took 31.08ms 
143745     DEBUG main            d.u.i.k.p.r.p.TestFile    ... success: reloaded. 
143745     INFO  main            d.u.i.k.p.r.p.TestFile    Now processing file /home/runner/work/key/key/key.core/../key.ui/examples/standard_key/prop_log/doubleNeg.key 
143746     INFO  main            d.u.i.k.p.i.AbstractProblemLoader Loading environment from /home/runner/work/key/key/key.core/../key.ui/examples/standard_key/prop_log/doubleNeg.key 
143746     DEBUG main            d.u.i.k.p.i.AbstractProblemLoader Environment load took 138.3ns 
143747     INFO  main            d.u.i.k.p.i.AbstractProblemLoader Creating init config 
145931     DEBUG main            d.u.i.k.p.i.AbstractProblemLoader Init config took 2.18s 
145945     INFO  main            d.u.i.k.p.i.AbstractProblemLoader Replaying proof doubleNeg.key 
145946     DEBUG main            d.u.i.k.p.i.IntermediateProofReplayer Proof replay took 6.9ns 
146047     INFO  main            d.u.i.k.p.r.p.TestFile    ... finished proof: closed. 
146285     INFO  main            d.u.i.k.p.i.AbstractProblemLoader Loading environment from /home/runner/work/key/key/key.core/../key.ui/examples/standard_key/prop_log/doubleNeg.key.proof 
146285     DEBUG main            d.u.i.k.p.i.AbstractProblemLoader Environment load took 82.4ns 
146286     INFO  main            d.u.i.k.p.i.AbstractProblemLoader Creating init config 
148400     DEBUG main            d.u.i.k.p.i.AbstractProblemLoader Init config took 2.11s 
148412     INFO  main            d.u.i.k.p.i.AbstractProblemLoader Replaying proof doubleNeg.key.proof 
148414     DEBUG main            d.u.i.k.p.i.IntermediateProofReplayer Proof replay took 294.6ns 
148414     DEBUG main            d.u.i.k.p.r.p.TestFile    ... success: reloaded. 
148415     INFO  main            d.u.i.k.p.r.p.TestFile    Now processing file /home/runner/work/key/key/key.core/../key.ui/examples/standard_key/prop_log/liarsville.key 
148415     INFO  main            d.u.i.k.p.i.AbstractProblemLoader Loading environment from /home/runner/work/key/key/key.core/../key.ui/examples/standard_key/prop_log/liarsville.key 
148415     DEBUG main            d.u.i.k.p.i.AbstractProblemLoader Environment load took 134.3ns 
148416     INFO  main            d.u.i.k.p.i.AbstractProblemLoader Creating init config 
150618     DEBUG main            d.u.i.k.p.i.AbstractProblemLoader Init config took 2.2s 
150632     INFO  main            d.u.i.k.p.i.AbstractProblemLoader Replaying proof liarsville.key 
150633     DEBUG main            d.u.i.k.p.i.IntermediateProofReplayer Proof replay took 5.5ns 
150735     INFO  main            d.u.i.k.p.r.p.TestFile    ... finished proof: closed. 
151076     INFO  main            d.u.i.k.p.i.AbstractProblemLoader Loading environment from /home/runner/work/key/key/key.core/../key.ui/examples/standard_key/prop_log/liarsville.key.proof 
151076     DEBUG main            d.u.i.k.p.i.AbstractProblemLoader Environment load took 79.4ns 
151079     INFO  main            d.u.i.k.p.i.AbstractProblemLoader Creating init config 
153206     DEBUG main            d.u.i.k.p.i.AbstractProblemLoader Init config took 2.13s 
153221     INFO  main            d.u.i.k.p.i.AbstractProblemLoader Replaying proof liarsville.key.proof 
153224     DEBUG main            d.u.i.k.p.i.IntermediateProofReplayer Proof replay took 2.11ms 
153226     DEBUG main            d.u.i.k.p.r.p.TestFile    ... success: reloaded. 
153226     INFO  main            d.u.i.k.p.r.p.TestFile    Now processing file /home/runner/work/key/key/key.core/../key.ui/examples/standard_key/prop_log/simplest.key 
153227     INFO  main            d.u.i.k.p.i.AbstractProblemLoader Loading environment from /home/runner/work/key/key/key.core/../key.ui/examples/standard_key/prop_log/simplest.key 
153227     DEBUG main            d.u.i.k.p.i.AbstractProblemLoader Environment load took 141.2ns 
153228     INFO  main            d.u.i.k.p.i.AbstractProblemLoader Creating init config 
155382     DEBUG main            d.u.i.k.p.i.AbstractProblemLoader Init config took 2.15s 
155394     INFO  main            d.u.i.k.p.i.AbstractProblemLoader Replaying proof simplest.key 
155395     DEBUG main            d.u.i.k.p.i.IntermediateProofReplayer Proof replay took 7.3ns 
155496     INFO  main            d.u.i.k.p.r.p.TestFile    ... finished proof: closed. 
155745     INFO  main            d.u.i.k.p.i.AbstractProblemLoader Loading environment from /home/runner/work/key/key/key.core/../key.ui/examples/standard_key/prop_log/simplest.key.proof 
155745     DEBUG main            d.u.i.k.p.i.AbstractProblemLoader Environment load took 87.1ns 
155746     INFO  main            d.u.i.k.p.i.AbstractProblemLoader Creating init config 
157867     DEBUG main            d.u.i.k.p.i.AbstractProblemLoader Init config took 2.12s 
157878     INFO  main            d.u.i.k.p.i.AbstractProblemLoader Replaying proof simplest.key.proof 
157879     DEBUG main            d.u.i.k.p.i.IntermediateProofReplayer Proof replay took 73.9ns 
157880     DEBUG main            d.u.i.k.p.r.p.TestFile    ... success: reloaded. 
157880     INFO  main            d.u.i.k.p.r.p.TestFile    Now processing file /home/runner/work/key/key/key.core/../key.ui/examples/standard_key/prop_log/contraposition.key 
157880     INFO  main            d.u.i.k.p.i.AbstractProblemLoader Loading environment from /home/runner/work/key/key/key.core/../key.ui/examples/standard_key/prop_log/contraposition.key 
157880     DEBUG main            d.u.i.k.p.i.AbstractProblemLoader Environment load took 54.7ns 
157881     INFO  main            d.u.i.k.p.i.AbstractProblemLoader Creating init config 
160049     DEBUG main            d.u.i.k.p.i.AbstractProblemLoader Init config took 2.17s 
160061     INFO  main            d.u.i.k.p.i.AbstractProblemLoader Replaying proof contraposition.key 
160062     DEBUG main            d.u.i.k.p.i.IntermediateProofReplayer Proof replay took 6ns 
160166     INFO  main            d.u.i.k.p.r.p.TestFile    ... finished proof: closed. 
160411     INFO  main            d.u.i.k.p.i.AbstractProblemLoader Loading environment from /home/runner/work/key/key/key.core/../key.ui/examples/standard_key/prop_log/contraposition.key.proof 
160411     DEBUG main            d.u.i.k.p.i.AbstractProblemLoader Environment load took 84.2ns 
160412     INFO  main            d.u.i.k.p.i.AbstractProblemLoader Creating init config 
162538     DEBUG main            d.u.i.k.p.i.AbstractProblemLoader Init config took 2.13s 
162550     INFO  main            d.u.i.k.p.i.AbstractProblemLoader Replaying proof contraposition.key.proof 
162552     DEBUG main            d.u.i.k.p.i.IntermediateProofReplayer Proof replay took 373.7ns 
162552     DEBUG main            d.u.i.k.p.r.p.TestFile    ... success: reloaded. 
162553     INFO  main            d.u.i.k.p.r.p.TestFile    Now processing file /home/runner/work/key/key/key.core/../key.ui/examples/standard_key/quantifiers/elimination0.key 
162553     INFO  main            d.u.i.k.p.i.AbstractProblemLoader Loading environment from /home/runner/work/key/key/key.core/../key.ui/examples/standard_key/quantifiers/elimination0.key 
162553     DEBUG main            d.u.i.k.p.i.AbstractProblemLoader Environment load took 71.9ns 
162554     INFO  main            d.u.i.k.p.i.AbstractProblemLoader Creating init config 
164706     DEBUG main            d.u.i.k.p.i.AbstractProblemLoader Init config took 2.15s 
164718     INFO  main            d.u.i.k.p.i.AbstractProblemLoader Replaying proof elimination0.key 
164719     DEBUG main            d.u.i.k.p.i.IntermediateProofReplayer Proof replay took 5.8ns 
164821     INFO  main            d.u.i.k.p.r.p.TestFile    ... finished proof: closed. 
165071     INFO  main            d.u.i.k.p.i.AbstractProblemLoader Loading environment from /home/runner/work/key/key/key.core/../key.ui/examples/standard_key/quantifiers/elimination0.key.proof 
165071     DEBUG main            d.u.i.k.p.i.AbstractProblemLoader Environment load took 79.6ns 
165072     INFO  main            d.u.i.k.p.i.AbstractProblemLoader Creating init config 
167184     DEBUG main            d.u.i.k.p.i.AbstractProblemLoader Init config took 2.11s 
167196     INFO  main            d.u.i.k.p.i.AbstractProblemLoader Replaying proof elimination0.key.proof 
167203     DEBUG main            d.u.i.k.p.i.IntermediateProofReplayer Proof replay took 1.9ms 
167204     DEBUG main            d.u.i.k.p.r.p.TestFile    ... success: reloaded. 
167205     INFO  main            d.u.i.k.p.r.p.TestFile    Now processing file /home/runner/work/key/key/key.core/../key.ui/examples/standard_key/quantifiers/heuristic_PUZ001p1-eq.key 
167206     INFO  main            d.u.i.k.p.i.AbstractProblemLoader Loading environment from /home/runner/work/key/key/key.core/../key.ui/examples/standard_key/quantifiers/heuristic_PUZ001p1-eq.key 
167206     DEBUG main            d.u.i.k.p.i.AbstractProblemLoader Environment load took 155.5ns 
167207     INFO  main            d.u.i.k.p.i.AbstractProblemLoader Creating init config 
169364     DEBUG main            d.u.i.k.p.i.AbstractProblemLoader Init config took 2.16s 
169377     INFO  main            d.u.i.k.p.i.AbstractProblemLoader Replaying proof heuristic_PUZ001p1-eq.key 
169378     DEBUG main            d.u.i.k.p.i.IntermediateProofReplayer Proof replay took 6.2ns 
169480     INFO  main            d.u.i.k.p.r.p.TestFile    ... finished proof: closed. 
169750     INFO  main            d.u.i.k.p.i.AbstractProblemLoader Loading environment from /home/runner/work/key/key/key.core/../key.ui/examples/standard_key/quantifiers/heuristic_PUZ001p1-eq.key.proof 
169750     DEBUG main            d.u.i.k.p.i.AbstractProblemLoader Environment load took 94.2ns 
169751     INFO  main            d.u.i.k.p.i.AbstractProblemLoader Creating init config 
171891     DEBUG main            d.u.i.k.p.i.AbstractProblemLoader Init config took 2.14s 
171903     INFO  main            d.u.i.k.p.i.AbstractProblemLoader Replaying proof heuristic_PUZ001p1-eq.key.proof 
171913     DEBUG main            d.u.i.k.p.i.IntermediateProofReplayer Proof replay took 7.56ms 
171914     DEBUG main            d.u.i.k.p.r.p.TestFile    ... success: reloaded. 
171915     INFO  main            d.u.i.k.p.r.p.TestFile    Now processing file /home/runner/work/key/key/key.core/../key.ui/examples/standard_key/quantifiers/heuristic_PUZ001p1.key 
171915     INFO  main            d.u.i.k.p.i.AbstractProblemLoader Loading environment from /home/runner/work/key/key/key.core/../key.ui/examples/standard_key/quantifiers/heuristic_PUZ001p1.key 
171915     DEBUG main            d.u.i.k.p.i.AbstractProblemLoader Environment load took 70.2ns 
171916     INFO  main            d.u.i.k.p.i.AbstractProblemLoader Creating init config 
174092     DEBUG main            d.u.i.k.p.i.AbstractProblemLoader Init config took 2.18s 
174106     INFO  main            d.u.i.k.p.i.AbstractProblemLoader Replaying proof heuristic_PUZ001p1.key 
174107     DEBUG main            d.u.i.k.p.i.IntermediateProofReplayer Proof replay took 5.9ns 
175421     INFO  main            d.u.i.k.p.r.p.TestFile    ... finished proof: closed. 
175706     INFO  main            d.u.i.k.p.i.AbstractProblemLoader Loading environment from /home/runner/work/key/key/key.core/../key.ui/examples/standard_key/quantifiers/heuristic_PUZ001p1.key.proof 
175706     DEBUG main            d.u.i.k.p.i.AbstractProblemLoader Environment load took 314.3ns 
175708     INFO  main            d.u.i.k.p.i.AbstractProblemLoader Creating init config 
177831     DEBUG main            d.u.i.k.p.i.AbstractProblemLoader Init config took 2.12s 
177845     INFO  main            d.u.i.k.p.i.AbstractProblemLoader Replaying proof heuristic_PUZ001p1.key.proof 
177885     DEBUG main            d.u.i.k.p.i.IntermediateProofReplayer Proof replay took 36.3ms 
177887     DEBUG main            d.u.i.k.p.r.p.TestFile    ... success: reloaded. 
177888     INFO  main            d.u.i.k.p.r.p.TestFile    Now processing file /home/runner/work/key/key/key.core/../key.ui/examples/standard_key/quantifiers/heuristic_PUZ031p1.key 
177888     INFO  main            d.u.i.k.p.i.AbstractProblemLoader Loading environment from /home/runner/work/key/key/key.core/../key.ui/examples/standard_key/quantifiers/heuristic_PUZ031p1.key 
177888     DEBUG main            d.u.i.k.p.i.AbstractProblemLoader Environment load took 142.7ns 
177889     INFO  main            d.u.i.k.p.i.AbstractProblemLoader Creating init config 
180072     DEBUG main            d.u.i.k.p.i.AbstractProblemLoader Init config took 2.18s 
180085     INFO  main            d.u.i.k.p.i.AbstractProblemLoader Replaying proof heuristic_PUZ031p1.key 
180086     DEBUG main            d.u.i.k.p.i.IntermediateProofReplayer Proof replay took 5.9ns 
184699     INFO  main            d.u.i.k.p.r.p.TestFile    ... finished proof: closed. 
185000     INFO  main            d.u.i.k.p.i.AbstractProblemLoader Loading environment from /home/runner/work/key/key/key.core/../key.ui/examples/standard_key/quantifiers/heuristic_PUZ031p1.key.proof 
185001     DEBUG main            d.u.i.k.p.i.AbstractProblemLoader Environment load took 414.8ns 
185002     INFO  main            d.u.i.k.p.i.AbstractProblemLoader Creating init config 
187148     DEBUG main            d.u.i.k.p.i.AbstractProblemLoader Init config took 2.15s 
187161     INFO  main            d.u.i.k.p.i.AbstractProblemLoader Replaying proof heuristic_PUZ031p1.key.proof 
187208     DEBUG main            d.u.i.k.p.i.IntermediateProofReplayer Proof replay took 42.44ms 
187209     DEBUG main            d.u.i.k.p.r.p.TestFile    ... success: reloaded. 
187210     INFO  main            d.u.i.k.p.r.p.TestFile    Now processing file /home/runner/work/key/key/key.core/../key.ui/examples/standard_key/quantifiers/heuristic_SYN036p2.key 
187210     INFO  main            d.u.i.k.p.i.AbstractProblemLoader Loading environment from /home/runner/work/key/key/key.core/../key.ui/examples/standard_key/quantifiers/heuristic_SYN036p2.key 
187210     DEBUG main            d.u.i.k.p.i.AbstractProblemLoader Environment load took 72.2ns 
187211     INFO  main            d.u.i.k.p.i.AbstractProblemLoader Creating init config 
189367     DEBUG main            d.u.i.k.p.i.AbstractProblemLoader Init config took 2.16s 
189379     INFO  main            d.u.i.k.p.i.AbstractProblemLoader Replaying proof heuristic_SYN036p2.key 
189380     DEBUG main            d.u.i.k.p.i.IntermediateProofReplayer Proof replay took 6.4ns 
189584     INFO  main            d.u.i.k.p.r.p.TestFile    ... finished proof: closed. 
189926     INFO  main            d.u.i.k.p.i.AbstractProblemLoader Loading environment from /home/runner/work/key/key/key.core/../key.ui/examples/standard_key/quantifiers/heuristic_SYN036p2.key.proof 
189926     DEBUG main            d.u.i.k.p.i.AbstractProblemLoader Environment load took 311.9ns 
189928     INFO  main            d.u.i.k.p.i.AbstractProblemLoader Creating init config 
192041     DEBUG main            d.u.i.k.p.i.AbstractProblemLoader Init config took 2.11s 
192053     INFO  main            d.u.i.k.p.i.AbstractProblemLoader Replaying proof heuristic_SYN036p2.key.proof 
192109     DEBUG main            d.u.i.k.p.i.IntermediateProofReplayer Proof replay took 48.1ms 
192110     DEBUG main            d.u.i.k.p.r.p.TestFile    ... success: reloaded. 
192111     INFO  main            d.u.i.k.p.r.p.TestFile    Now processing file /home/runner/work/key/key/key.core/../key.ui/examples/standard_key/quantifiers/injectivity.key 
192111     INFO  main            d.u.i.k.p.i.AbstractProblemLoader Loading environment from /home/runner/work/key/key/key.core/../key.ui/examples/standard_key/quantifiers/injectivity.key 
192111     DEBUG main            d.u.i.k.p.i.AbstractProblemLoader Environment load took 135.4ns 
192112     INFO  main            d.u.i.k.p.i.AbstractProblemLoader Creating init config 
194257     DEBUG main            d.u.i.k.p.i.AbstractProblemLoader Init config took 2.14s 
194269     INFO  main            d.u.i.k.p.i.AbstractProblemLoader Replaying proof injectivity.key 
194270     DEBUG main            d.u.i.k.p.i.IntermediateProofReplayer Proof replay took 6.4ns 
194371     INFO  main            d.u.i.k.p.r.p.TestFile    ... finished proof: closed. 
194677     INFO  main            d.u.i.k.p.i.AbstractProblemLoader Loading environment from /home/runner/work/key/key/key.core/../key.ui/examples/standard_key/quantifiers/injectivity.key.proof 
194677     DEBUG main            d.u.i.k.p.i.AbstractProblemLoader Environment load took 309.8ns 
194678     INFO  main            d.u.i.k.p.i.AbstractProblemLoader Creating init config 
196794     DEBUG main            d.u.i.k.p.i.AbstractProblemLoader Init config took 2.12s 
196806     INFO  main            d.u.i.k.p.i.AbstractProblemLoader Replaying proof injectivity.key.proof 
196808     DEBUG main            d.u.i.k.p.i.IntermediateProofReplayer Proof replay took 1.42ms 
196809     DEBUG main            d.u.i.k.p.r.p.TestFile    ... success: reloaded. 
196809     INFO  main            d.u.i.k.p.r.p.TestFile    Now processing file /home/runner/work/key/key/key.core/../key.ui/examples/standard_key/quantifiers/normalisation0.key 
196810     INFO  main            d.u.i.k.p.i.AbstractProblemLoader Loading environment from /home/runner/work/key/key/key.core/../key.ui/examples/standard_key/quantifiers/normalisation0.key 
196810     DEBUG main            d.u.i.k.p.i.AbstractProblemLoader Environment load took 68.8ns 
196811     INFO  main            d.u.i.k.p.i.AbstractProblemLoader Creating init config 
198973     DEBUG main            d.u.i.k.p.i.AbstractProblemLoader Init config took 2.16s 
198985     INFO  main            d.u.i.k.p.i.AbstractProblemLoader Replaying proof normalisation0.key 
198989     DEBUG main            d.u.i.k.p.i.IntermediateProofReplayer Proof replay took 5.8ns 
199093     INFO  main            d.u.i.k.p.r.p.TestFile    ... finished proof: closed. 
199382     INFO  main            d.u.i.k.p.i.AbstractProblemLoader Loading environment from /home/runner/work/key/key/key.core/../key.ui/examples/standard_key/quantifiers/normalisation0.key.proof 
199382     DEBUG main            d.u.i.k.p.i.AbstractProblemLoader Environment load took 82.3ns 
199383     INFO  main            d.u.i.k.p.i.AbstractProblemLoader Creating init config 
201525     DEBUG main            d.u.i.k.p.i.AbstractProblemLoader Init config took 2.14s 
201540     INFO  main            d.u.i.k.p.i.AbstractProblemLoader Replaying proof normalisation0.key.proof 
201543     DEBUG main            d.u.i.k.p.i.IntermediateProofReplayer Proof replay took 1.8ms 
201544     DEBUG main            d.u.i.k.p.r.p.TestFile    ... success: reloaded. 
201545     INFO  main            d.u.i.k.p.r.p.TestFile    Now processing file /home/runner/work/key/key/key.core/../key.ui/examples/standard_key/quantifiers/normalisation1.key 
201545     INFO  main            d.u.i.k.p.i.AbstractProblemLoader Loading environment from /home/runner/work/key/key/key.core/../key.ui/examples/standard_key/quantifiers/normalisation1.key 
201545     DEBUG main            d.u.i.k.p.i.AbstractProblemLoader Environment load took 87.1ns 
201546     INFO  main            d.u.i.k.p.i.AbstractProblemLoader Creating init config 
203685     DEBUG main            d.u.i.k.p.i.AbstractProblemLoader Init config took 2.14s 
203699     INFO  main            d.u.i.k.p.i.AbstractProblemLoader Replaying proof normalisation1.key 
203700     DEBUG main            d.u.i.k.p.i.IntermediateProofReplayer Proof replay took 5.9ns 
203804     INFO  main            d.u.i.k.p.r.p.TestFile    ... finished proof: closed. 
204110     INFO  main            d.u.i.k.p.i.AbstractProblemLoader Loading environment from /home/runner/work/key/key/key.core/../key.ui/examples/standard_key/quantifiers/normalisation1.key.proof 
204110     DEBUG main            d.u.i.k.p.i.AbstractProblemLoader Environment load took 74.2ns 
204111     INFO  main            d.u.i.k.p.i.AbstractProblemLoader Creating init config 
206233     DEBUG main            d.u.i.k.p.i.AbstractProblemLoader Init config took 2.12s 
206247     INFO  main            d.u.i.k.p.i.AbstractProblemLoader Replaying proof normalisation1.key.proof 
206252     DEBUG main            d.u.i.k.p.i.IntermediateProofReplayer Proof replay took 3.49ms 
206252     DEBUG main            d.u.i.k.p.r.p.TestFile    ... success: reloaded. 
206257     INFO  main            d.u.i.k.p.r.p.TestFile    Now processing file /home/runner/work/key/key/key.core/../key.ui/examples/standard_key/quantifiers/normalisation2.key 
206257     INFO  main            d.u.i.k.p.i.AbstractProblemLoader Loading environment from /home/runner/work/key/key/key.core/../key.ui/examples/standard_key/quantifiers/normalisation2.key 
206258     DEBUG main            d.u.i.k.p.i.AbstractProblemLoader Environment load took 70.1ns 
206258     INFO  main            d.u.i.k.p.i.AbstractProblemLoader Creating init config 
208405     DEBUG main            d.u.i.k.p.i.AbstractProblemLoader Init config took 2.15s 
208417     INFO  main            d.u.i.k.p.i.AbstractProblemLoader Replaying proof normalisation2.key 
208418     DEBUG main            d.u.i.k.p.i.IntermediateProofReplayer Proof replay took 6.2ns 
208519     INFO  main            d.u.i.k.p.r.p.TestFile    ... finished proof: closed. 
208813     INFO  main            d.u.i.k.p.i.AbstractProblemLoader Loading environment from /home/runner/work/key/key/key.core/../key.ui/examples/standard_key/quantifiers/normalisation2.key.proof 
208813     DEBUG main            d.u.i.k.p.i.AbstractProblemLoader Environment load took 81.5ns 
208814     INFO  main            d.u.i.k.p.i.AbstractProblemLoader Creating init config 
210930     DEBUG main            d.u.i.k.p.i.AbstractProblemLoader Init config took 2.12s 
210941     INFO  main            d.u.i.k.p.i.AbstractProblemLoader Replaying proof normalisation2.key.proof 
210945     DEBUG main            d.u.i.k.p.i.IntermediateProofReplayer Proof replay took 1.87ms 
210945     DEBUG main            d.u.i.k.p.r.p.TestFile    ... success: reloaded. 
210946     INFO  main            d.u.i.k.p.r.p.TestFile    Now processing file /home/runner/work/key/key/key.core/../key.ui/examples/standard_key/quantifiers/normalisation3.key 
210946     INFO  main            d.u.i.k.p.i.AbstractProblemLoader Loading environment from /home/runner/work/key/key/key.core/../key.ui/examples/standard_key/quantifiers/normalisation3.key 
210946     DEBUG main            d.u.i.k.p.i.AbstractProblemLoader Environment load took 57.5ns 
210947     INFO  main            d.u.i.k.p.i.AbstractProblemLoader Creating init config 
213088     DEBUG main            d.u.i.k.p.i.AbstractProblemLoader Init config took 2.14s 
213100     INFO  main            d.u.i.k.p.i.AbstractProblemLoader Replaying proof normalisation3.key 
213102     DEBUG main            d.u.i.k.p.i.IntermediateProofReplayer Proof replay took 6.8ns 
213203     INFO  main            d.u.i.k.p.r.p.TestFile    ... finished proof: closed. 
213495     INFO  main            d.u.i.k.p.i.AbstractProblemLoader Loading environment from /home/runner/work/key/key/key.core/../key.ui/examples/standard_key/quantifiers/normalisation3.key.proof 
213495     DEBUG main            d.u.i.k.p.i.AbstractProblemLoader Environment load took 78.2ns 
213496     INFO  main            d.u.i.k.p.i.AbstractProblemLoader Creating init config 
215605     DEBUG main            d.u.i.k.p.i.AbstractProblemLoader Init config took 2.11s 
215618     INFO  main            d.u.i.k.p.i.AbstractProblemLoader Replaying proof normalisation3.key.proof 
215621     DEBUG main            d.u.i.k.p.i.IntermediateProofReplayer Proof replay took 2.14ms 
215622     DEBUG main            d.u.i.k.p.r.p.TestFile    ... success: reloaded. 
215622     INFO  main            d.u.i.k.p.r.p.TestFile    Now processing file /home/runner/work/key/key/key.core/../key.ui/examples/standard_key/quantifiers/normalisation4.key 
215622     INFO  main            d.u.i.k.p.i.AbstractProblemLoader Loading environment from /home/runner/work/key/key/key.core/../key.ui/examples/standard_key/quantifiers/normalisation4.key 
215622     DEBUG main            d.u.i.k.p.i.AbstractProblemLoader Environment load took 57.6ns 
215623     INFO  main            d.u.i.k.p.i.AbstractProblemLoader Creating init config 
217778     DEBUG main            d.u.i.k.p.i.AbstractProblemLoader Init config took 2.15s 
217789     INFO  main            d.u.i.k.p.i.AbstractProblemLoader Replaying proof normalisation4.key 
217791     DEBUG main            d.u.i.k.p.i.IntermediateProofReplayer Proof replay took 6.4ns 
217892     INFO  main            d.u.i.k.p.r.p.TestFile    ... finished proof: closed. 
218203     INFO  main            d.u.i.k.p.i.AbstractProblemLoader Loading environment from /home/runner/work/key/key/key.core/../key.ui/examples/standard_key/quantifiers/normalisation4.key.proof 
218203     DEBUG main            d.u.i.k.p.i.AbstractProblemLoader Environment load took 81.8ns 
218204     INFO  main            d.u.i.k.p.i.AbstractProblemLoader Creating init config 
220311     DEBUG main            d.u.i.k.p.i.AbstractProblemLoader Init config took 2.11s 
220323     INFO  main            d.u.i.k.p.i.AbstractProblemLoader Replaying proof normalisation4.key.proof 
220328     DEBUG main            d.u.i.k.p.i.IntermediateProofReplayer Proof replay took 3.98ms 
220329     DEBUG main            d.u.i.k.p.r.p.TestFile    ... success: reloaded. 
220330     INFO  main            d.u.i.k.p.r.p.TestFile    Now processing file /home/runner/work/key/key/key.core/../key.ui/examples/standard_key/quantifiers/normalisation5.key 
220330     INFO  main            d.u.i.k.p.i.AbstractProblemLoader Loading environment from /home/runner/work/key/key/key.core/../key.ui/examples/standard_key/quantifiers/normalisation5.key 
220330     DEBUG main            d.u.i.k.p.i.AbstractProblemLoader Environment load took 58.7ns 
220331     INFO  main            d.u.i.k.p.i.AbstractProblemLoader Creating init config 
222468     DEBUG main            d.u.i.k.p.i.AbstractProblemLoader Init config took 2.14s 
222480     INFO  main            d.u.i.k.p.i.AbstractProblemLoader Replaying proof normalisation5.key 
222481     DEBUG main            d.u.i.k.p.i.IntermediateProofReplayer Proof replay took 6.9ns 
222582     INFO  main            d.u.i.k.p.r.p.TestFile    ... finished proof: closed. 
222906     INFO  main            d.u.i.k.p.i.AbstractProblemLoader Loading environment from /home/runner/work/key/key/key.core/../key.ui/examples/standard_key/quantifiers/normalisation5.key.proof 
222906     DEBUG main            d.u.i.k.p.i.AbstractProblemLoader Environment load took 72.8ns 
222907     INFO  main            d.u.i.k.p.i.AbstractProblemLoader Creating init config 
225037     DEBUG main            d.u.i.k.p.i.AbstractProblemLoader Init config took 2.13s 
225049     INFO  main            d.u.i.k.p.i.AbstractProblemLoader Replaying proof normalisation5.key.proof 
225053     DEBUG main            d.u.i.k.p.i.IntermediateProofReplayer Proof replay took 3.14ms 
225054     DEBUG main            d.u.i.k.p.r.p.TestFile    ... success: reloaded. 
225055     INFO  main            d.u.i.k.p.r.p.TestFile    Now processing file /home/runner/work/key/key/key.core/../key.ui/examples/standard_key/quantifiers/normalisation6.key 
225055     INFO  main            d.u.i.k.p.i.AbstractProblemLoader Loading environment from /home/runner/work/key/key/key.core/../key.ui/examples/standard_key/quantifiers/normalisation6.key 
225055     DEBUG main            d.u.i.k.p.i.AbstractProblemLoader Environment load took 108.8ns 
225056     INFO  main            d.u.i.k.p.i.AbstractProblemLoader Creating init config 
227193     DEBUG main            d.u.i.k.p.i.AbstractProblemLoader Init config took 2.14s 
227204     INFO  main            d.u.i.k.p.i.AbstractProblemLoader Replaying proof normalisation6.key 
227206     DEBUG main            d.u.i.k.p.i.IntermediateProofReplayer Proof replay took 5.6ns 
227307     INFO  main            d.u.i.k.p.r.p.TestFile    ... finished proof: closed. 
227623     INFO  main            d.u.i.k.p.i.AbstractProblemLoader Loading environment from /home/runner/work/key/key/key.core/../key.ui/examples/standard_key/quantifiers/normalisation6.key.proof 
227623     DEBUG main            d.u.i.k.p.i.AbstractProblemLoader Environment load took 73.6ns 
227624     INFO  main            d.u.i.k.p.i.AbstractProblemLoader Creating init config 
229734     DEBUG main            d.u.i.k.p.i.AbstractProblemLoader Init config took 2.11s 
229746     INFO  main            d.u.i.k.p.i.AbstractProblemLoader Replaying proof normalisation6.key.proof 
229749     DEBUG main            d.u.i.k.p.i.IntermediateProofReplayer Proof replay took 1.83ms 
229750     DEBUG main            d.u.i.k.p.r.p.TestFile    ... success: reloaded. 
229751     INFO  main            d.u.i.k.p.r.p.TestFile    Now processing file /home/runner/work/key/key/key.core/../key.ui/examples/standard_key/quantifiers/normalisation7.key 
229751     INFO  main            d.u.i.k.p.i.AbstractProblemLoader Loading environment from /home/runner/work/key/key/key.core/../key.ui/examples/standard_key/quantifiers/normalisation7.key 
229751     DEBUG main            d.u.i.k.p.i.AbstractProblemLoader Environment load took 56.5ns 
229752     INFO  main            d.u.i.k.p.i.AbstractProblemLoader Creating init config 
231923     DEBUG main            d.u.i.k.p.i.AbstractProblemLoader Init config took 2.17s 
231935     INFO  main            d.u.i.k.p.i.AbstractProblemLoader Replaying proof normalisation7.key 
231936     DEBUG main            d.u.i.k.p.i.IntermediateProofReplayer Proof replay took 6.4ns 
232038     INFO  main            d.u.i.k.p.r.p.TestFile    ... finished proof: closed. 
232362     INFO  main            d.u.i.k.p.i.AbstractProblemLoader Loading environment from /home/runner/work/key/key/key.core/../key.ui/examples/standard_key/quantifiers/normalisation7.key.proof 
232362     DEBUG main            d.u.i.k.p.i.AbstractProblemLoader Environment load took 85.6ns 
232363     INFO  main            d.u.i.k.p.i.AbstractProblemLoader Creating init config 
234474     DEBUG main            d.u.i.k.p.i.AbstractProblemLoader Init config took 2.11s 
234487     INFO  main            d.u.i.k.p.i.AbstractProblemLoader Replaying proof normalisation7.key.proof 
234490     DEBUG main            d.u.i.k.p.i.IntermediateProofReplayer Proof replay took 1.58ms 
234491     DEBUG main            d.u.i.k.p.r.p.TestFile    ... success: reloaded. 
234491     INFO  main            d.u.i.k.p.r.p.TestFile    Now processing file /home/runner/work/key/key/key.core/../key.ui/examples/standard_key/quantifiers/normalisation8.key 
234492     INFO  main            d.u.i.k.p.i.AbstractProblemLoader Loading environment from /home/runner/work/key/key/key.core/../key.ui/examples/standard_key/quantifiers/normalisation8.key 
234492     DEBUG main            d.u.i.k.p.i.AbstractProblemLoader Environment load took 62.4ns 
234492     INFO  main            d.u.i.k.p.i.AbstractProblemLoader Creating init config 
236625     DEBUG main            d.u.i.k.p.i.AbstractProblemLoader Init config took 2.13s 
236637     INFO  main            d.u.i.k.p.i.AbstractProblemLoader Replaying proof normalisation8.key 
236638     DEBUG main            d.u.i.k.p.i.IntermediateProofReplayer Proof replay took 5.2ns 
236740     INFO  main            d.u.i.k.p.r.p.TestFile    ... finished proof: closed. 
237069     INFO  main            d.u.i.k.p.i.AbstractProblemLoader Loading environment from /home/runner/work/key/key/key.core/../key.ui/examples/standard_key/quantifiers/normalisation8.key.proof 
237069     DEBUG main            d.u.i.k.p.i.AbstractProblemLoader Environment load took 69.7ns 
237070     INFO  main            d.u.i.k.p.i.AbstractProblemLoader Creating init config 
239172     DEBUG main            d.u.i.k.p.i.AbstractProblemLoader Init config took 2.1s 
239185     INFO  main            d.u.i.k.p.i.AbstractProblemLoader Replaying proof normalisation8.key.proof 
239190     DEBUG main            d.u.i.k.p.i.IntermediateProofReplayer Proof replay took 4.03ms 
239191     DEBUG main            d.u.i.k.p.r.p.TestFile    ... success: reloaded. 
239191     INFO  main            d.u.i.k.p.r.p.TestFile    Now processing file /home/runner/work/key/key/key.core/../key.ui/examples/standard_key/quantifiers/normalisation9.key 
239192     INFO  main            d.u.i.k.p.i.AbstractProblemLoader Loading environment from /home/runner/work/key/key/key.core/../key.ui/examples/standard_key/quantifiers/normalisation9.key 
239192     DEBUG main            d.u.i.k.p.i.AbstractProblemLoader Environment load took 58.8ns 
239192     INFO  main            d.u.i.k.p.i.AbstractProblemLoader Creating init config 
241340     DEBUG main            d.u.i.k.p.i.AbstractProblemLoader Init config took 2.15s 
241352     INFO  main            d.u.i.k.p.i.AbstractProblemLoader Replaying proof normalisation9.key 
241353     DEBUG main            d.u.i.k.p.i.IntermediateProofReplayer Proof replay took 6.2ns 
241455     INFO  main            d.u.i.k.p.r.p.TestFile    ... finished proof: closed. 
241787     INFO  main            d.u.i.k.p.i.AbstractProblemLoader Loading environment from /home/runner/work/key/key/key.core/../key.ui/examples/standard_key/quantifiers/normalisation9.key.proof 
241787     DEBUG main            d.u.i.k.p.i.AbstractProblemLoader Environment load took 68.5ns 
241788     INFO  main            d.u.i.k.p.i.AbstractProblemLoader Creating init config 
243895     DEBUG main            d.u.i.k.p.i.AbstractProblemLoader Init config took 2.11s 
243908     INFO  main            d.u.i.k.p.i.AbstractProblemLoader Replaying proof normalisation9.key.proof 
243916     DEBUG main            d.u.i.k.p.i.IntermediateProofReplayer Proof replay took 6.58ms 
243917     DEBUG main            d.u.i.k.p.r.p.TestFile    ... success: reloaded. 
243917     INFO  main            d.u.i.k.p.r.p.TestFile    Now processing file /home/runner/work/key/key/key.core/../key.ui/examples/standard_key/quantifiers/normalisation10.key 
243918     INFO  main            d.u.i.k.p.i.AbstractProblemLoader Loading environment from /home/runner/work/key/key/key.core/../key.ui/examples/standard_key/quantifiers/normalisation10.key 
243918     DEBUG main            d.u.i.k.p.i.AbstractProblemLoader Environment load took 41.4ns 
243919     INFO  main            d.u.i.k.p.i.AbstractProblemLoader Creating init config 
246072     DEBUG main            d.u.i.k.p.i.AbstractProblemLoader Init config took 2.15s 
246084     INFO  main            d.u.i.k.p.i.AbstractProblemLoader Replaying proof normalisation10.key 
246086     DEBUG main            d.u.i.k.p.i.IntermediateProofReplayer Proof replay took 6.5ns 
246187     INFO  main            d.u.i.k.p.r.p.TestFile    ... finished proof: closed. 
246522     INFO  main            d.u.i.k.p.i.AbstractProblemLoader Loading environment from /home/runner/work/key/key/key.core/../key.ui/examples/standard_key/quantifiers/normalisation10.key.proof 
246522     DEBUG main            d.u.i.k.p.i.AbstractProblemLoader Environment load took 71.9ns 
246523     INFO  main            d.u.i.k.p.i.AbstractProblemLoader Creating init config 
248649     DEBUG main            d.u.i.k.p.i.AbstractProblemLoader Init config took 2.13s 
248661     INFO  main            d.u.i.k.p.i.AbstractProblemLoader Replaying proof normalisation10.key.proof 
248667     DEBUG main            d.u.i.k.p.i.IntermediateProofReplayer Proof replay took 4.01ms 
248668     DEBUG main            d.u.i.k.p.r.p.TestFile    ... success: reloaded. 
248668     INFO  main            d.u.i.k.p.r.p.TestFile    Now processing file /home/runner/work/key/key/key.core/../key.ui/examples/standard_key/quantifiers/normalisation12.key 
248668     INFO  main            d.u.i.k.p.i.AbstractProblemLoader Loading environment from /home/runner/work/key/key/key.core/../key.ui/examples/standard_key/quantifiers/normalisation12.key 
248669     DEBUG main            d.u.i.k.p.i.AbstractProblemLoader Environment load took 85.9ns 
248669     INFO  main            d.u.i.k.p.i.AbstractProblemLoader Creating init config 
250831     DEBUG main            d.u.i.k.p.i.AbstractProblemLoader Init config took 2.16s 
250843     INFO  main            d.u.i.k.p.i.AbstractProblemLoader Replaying proof normalisation12.key 
250845     DEBUG main            d.u.i.k.p.i.IntermediateProofReplayer Proof replay took 6.4ns 
250946     INFO  main            d.u.i.k.p.r.p.TestFile    ... finished proof: closed. 
251280     INFO  main            d.u.i.k.p.i.AbstractProblemLoader Loading environment from /home/runner/work/key/key/key.core/../key.ui/examples/standard_key/quantifiers/normalisation12.key.proof 
251280     DEBUG main            d.u.i.k.p.i.AbstractProblemLoader Environment load took 71.1ns 
251281     INFO  main            d.u.i.k.p.i.AbstractProblemLoader Creating init config 
253397     DEBUG main            d.u.i.k.p.i.AbstractProblemLoader Init config took 2.12s 
253409     INFO  main            d.u.i.k.p.i.AbstractProblemLoader Replaying proof normalisation12.key.proof 
253411     DEBUG main            d.u.i.k.p.i.IntermediateProofReplayer Proof replay took 981.5ns 
253412     DEBUG main            d.u.i.k.p.r.p.TestFile    ... success: reloaded. 
253413     INFO  main            d.u.i.k.p.r.p.TestFile    Now processing file /home/runner/work/key/key/key.core/../key.ui/examples/standard_key/quantifiers/normalisation13.key 
253413     INFO  main            d.u.i.k.p.i.AbstractProblemLoader Loading environment from /home/runner/work/key/key/key.core/../key.ui/examples/standard_key/quantifiers/normalisation13.key 
253413     DEBUG main            d.u.i.k.p.i.AbstractProblemLoader Environment load took 39.2ns 
253414     INFO  main            d.u.i.k.p.i.AbstractProblemLoader Creating init config 
255565     DEBUG main            d.u.i.k.p.i.AbstractProblemLoader Init config took 2.15s 
255576     INFO  main            d.u.i.k.p.i.AbstractProblemLoader Replaying proof normalisation13.key 
255578     DEBUG main            d.u.i.k.p.i.IntermediateProofReplayer Proof replay took 6ns 
255680     INFO  main            d.u.i.k.p.r.p.TestFile    ... finished proof: closed. 
256024     INFO  main            d.u.i.k.p.i.AbstractProblemLoader Loading environment from /home/runner/work/key/key/key.core/../key.ui/examples/standard_key/quantifiers/normalisation13.key.proof 
256024     DEBUG main            d.u.i.k.p.i.AbstractProblemLoader Environment load took 69.6ns 
256025     INFO  main            d.u.i.k.p.i.AbstractProblemLoader Creating init config 
258132     DEBUG main            d.u.i.k.p.i.AbstractProblemLoader Init config took 2.11s 
258144     INFO  main            d.u.i.k.p.i.AbstractProblemLoader Replaying proof normalisation13.key.proof 
258146     DEBUG main            d.u.i.k.p.i.IntermediateProofReplayer Proof replay took 423.6ns 
258146     DEBUG main            d.u.i.k.p.r.p.TestFile    ... success: reloaded. 
258147     INFO  main            d.u.i.k.p.r.p.TestFile    Now processing file /home/runner/work/key/key/key.core/../key.ui/examples/standard_key/quantifiers/triggers0.key 
258147     INFO  main            d.u.i.k.p.i.AbstractProblemLoader Loading environment from /home/runner/work/key/key/key.core/../key.ui/examples/standard_key/quantifiers/triggers0.key 
258147     DEBUG main            d.u.i.k.p.i.AbstractProblemLoader Environment load took 40.5ns 
258148     INFO  main            d.u.i.k.p.i.AbstractProblemLoader Creating init config 
260293     DEBUG main            d.u.i.k.p.i.AbstractProblemLoader Init config took 2.14s 
260305     INFO  main            d.u.i.k.p.i.AbstractProblemLoader Replaying proof triggers0.key 
260306     DEBUG main            d.u.i.k.p.i.IntermediateProofReplayer Proof replay took 5.8ns 
260408     INFO  main            d.u.i.k.p.r.p.TestFile    ... finished proof: closed. 
260758     INFO  main            d.u.i.k.p.i.AbstractProblemLoader Loading environment from /home/runner/work/key/key/key.core/../key.ui/examples/standard_key/quantifiers/triggers0.key.proof 
260758     DEBUG main            d.u.i.k.p.i.AbstractProblemLoader Environment load took 70.2ns 
260759     INFO  main            d.u.i.k.p.i.AbstractProblemLoader Creating init config 
262871     DEBUG main            d.u.i.k.p.i.AbstractProblemLoader Init config took 2.11s 
262882     INFO  main            d.u.i.k.p.i.AbstractProblemLoader Replaying proof triggers0.key.proof 
262885     DEBUG main            d.u.i.k.p.i.IntermediateProofReplayer Proof replay took 1.14ms 
262885     DEBUG main            d.u.i.k.p.r.p.TestFile    ... success: reloaded. 
3729147    INFO  Test worker     d.u.i.k.p.r.RunAllProofsTestUnit Returning from test FOL 
3729148    INFO  Test worker     d.u.i.k.p.r.RunAllProofsTestUnit Running test strings 
390        INFO  Timeout watchdog d.u.i.k.p.r.p.ForkedTestFileRunner Timeout watcher launched (2000 secs.) 
402        WARN  main            d.u.i.k.s.ProofSettings   The settings in /home/runner/.key/proof-settings.props are *not* read. 
427        INFO  main            d.u.i.k.p.r.p.TestFile    Now processing file /home/runner/work/key/key/key.core/../key.ui/examples/standard_key/strings/charAt0.key 
534        INFO  main            d.u.i.k.p.i.AbstractProblemLoader Loading environment from /home/runner/work/key/key/key.core/../key.ui/examples/standard_key/strings/charAt0.key 
549        DEBUG main            d.u.i.k.p.i.AbstractProblemLoader Environment load took 1.82ms 
787        INFO  main            d.u.i.k.p.i.AbstractProblemLoader Creating init config 
1824       DEBUG main            d.u.i.k.j.TypeConverter   No LDT found for Meta 
1824       DEBUG main            d.u.i.k.j.TypeConverter   No LDT found for Meta 
1828       DEBUG main            d.u.i.k.j.TypeConverter   No LDT found for Meta 
1828       DEBUG main            d.u.i.k.j.TypeConverter   No LDT found for Meta 
3138       DEBUG main            d.u.i.k.j.TypeConverter   No LDT found for JavaBigintExpression 
7512       DEBUG main            d.u.i.k.p.i.AbstractProblemLoader Init config took 6.73s 
7567       INFO  main            d.u.i.k.p.i.AbstractProblemLoader Replaying proof charAt0.key 
7595       DEBUG main            d.u.i.k.p.i.IntermediateProofReplayer Proof replay took 33.7ns 
7945       INFO  main            d.u.i.k.p.r.p.TestFile    ... finished proof: closed. 
8036       INFO  main            d.u.i.k.p.i.AbstractProblemLoader Loading environment from /home/runner/work/key/key/key.core/../key.ui/examples/standard_key/strings/charAt0.key.proof 
8041       DEBUG main            d.u.i.k.p.i.AbstractProblemLoader Environment load took 4.75ms 
8044       INFO  main            d.u.i.k.p.i.AbstractProblemLoader Creating init config 
10578      DEBUG main            d.u.i.k.p.i.AbstractProblemLoader Init config took 2.53s 
10609      INFO  main            d.u.i.k.p.i.AbstractProblemLoader Replaying proof charAt0.key.proof 
10652      DEBUG main            d.u.i.k.p.i.IntermediateProofReplayer Proof replay took 34.77ms 
10669      DEBUG main            d.u.i.k.p.r.p.TestFile    ... success: reloaded. 
10671      INFO  main            d.u.i.k.p.r.p.TestFile    Now processing file /home/runner/work/key/key/key.core/../key.ui/examples/standard_key/strings/charAt1.key 
10672      INFO  main            d.u.i.k.p.i.AbstractProblemLoader Loading environment from /home/runner/work/key/key/key.core/../key.ui/examples/standard_key/strings/charAt1.key 
10672      DEBUG main            d.u.i.k.p.i.AbstractProblemLoader Environment load took 174.9ns 
10674      INFO  main            d.u.i.k.p.i.AbstractProblemLoader Creating init config 
13128      DEBUG main            d.u.i.k.p.i.AbstractProblemLoader Init config took 2.45s 
13162      INFO  main            d.u.i.k.p.i.AbstractProblemLoader Replaying proof charAt1.key 
13168      DEBUG main            d.u.i.k.p.i.IntermediateProofReplayer Proof replay took 6.2ns 
13379      INFO  main            d.u.i.k.p.r.p.TestFile    ... finished proof: closed. 
13499      INFO  main            d.u.i.k.p.i.AbstractProblemLoader Loading environment from /home/runner/work/key/key/key.core/../key.ui/examples/standard_key/strings/charAt1.key.proof 
13499      DEBUG main            d.u.i.k.p.i.AbstractProblemLoader Environment load took 371.9ns 
13500      INFO  main            d.u.i.k.p.i.AbstractProblemLoader Creating init config 
15934      DEBUG main            d.u.i.k.p.i.AbstractProblemLoader Init config took 2.43s 
15958      INFO  main            d.u.i.k.p.i.AbstractProblemLoader Replaying proof charAt1.key.proof 
15975      DEBUG main            d.u.i.k.p.i.IntermediateProofReplayer Proof replay took 14.02ms 
15976      DEBUG main            d.u.i.k.p.r.p.TestFile    ... success: reloaded. 
15977      INFO  main            d.u.i.k.p.r.p.TestFile    Now processing file /home/runner/work/key/key/key.core/../key.ui/examples/standard_key/strings/concat1.key 
15977      INFO  main            d.u.i.k.p.i.AbstractProblemLoader Loading environment from /home/runner/work/key/key/key.core/../key.ui/examples/standard_key/strings/concat1.key 
15977      DEBUG main            d.u.i.k.p.i.AbstractProblemLoader Environment load took 160.6ns 
15978      INFO  main            d.u.i.k.p.i.AbstractProblemLoader Creating init config 
18326      DEBUG main            d.u.i.k.p.i.AbstractProblemLoader Init config took 2.35s 
18346      INFO  main            d.u.i.k.p.i.AbstractProblemLoader Replaying proof concat1.key 
18347      DEBUG main            d.u.i.k.p.i.IntermediateProofReplayer Proof replay took 5.8ns 
18449      INFO  main            d.u.i.k.p.r.p.TestFile    ... finished proof: closed. 
18567      INFO  main            d.u.i.k.p.i.AbstractProblemLoader Loading environment from /home/runner/work/key/key/key.core/../key.ui/examples/standard_key/strings/concat1.key.proof 
18567      DEBUG main            d.u.i.k.p.i.AbstractProblemLoader Environment load took 126.2ns 
18569      INFO  main            d.u.i.k.p.i.AbstractProblemLoader Creating init config 
20919      DEBUG main            d.u.i.k.p.i.AbstractProblemLoader Init config took 2.35s 
20937      INFO  main            d.u.i.k.p.i.AbstractProblemLoader Replaying proof concat1.key.proof 
20940      DEBUG main            d.u.i.k.p.i.IntermediateProofReplayer Proof replay took 1.09ms 
20941      DEBUG main            d.u.i.k.p.r.p.TestFile    ... success: reloaded. 
20941      INFO  main            d.u.i.k.p.r.p.TestFile    Now processing file /home/runner/work/key/key/key.core/../key.ui/examples/standard_key/strings/concat2.key 
20942      INFO  main            d.u.i.k.p.i.AbstractProblemLoader Loading environment from /home/runner/work/key/key/key.core/../key.ui/examples/standard_key/strings/concat2.key 
20942      DEBUG main            d.u.i.k.p.i.AbstractProblemLoader Environment load took 161.7ns 
20943      INFO  main            d.u.i.k.p.i.AbstractProblemLoader Creating init config 
23238      DEBUG main            d.u.i.k.p.i.AbstractProblemLoader Init config took 2.29s 
23256      INFO  main            d.u.i.k.p.i.AbstractProblemLoader Replaying proof concat2.key 
23258      DEBUG main            d.u.i.k.p.i.IntermediateProofReplayer Proof replay took 5.4ns 
23360      INFO  main            d.u.i.k.p.r.p.TestFile    ... finished proof: closed. 
23484      INFO  main            d.u.i.k.p.i.AbstractProblemLoader Loading environment from /home/runner/work/key/key/key.core/../key.ui/examples/standard_key/strings/concat2.key.proof 
23484      DEBUG main            d.u.i.k.p.i.AbstractProblemLoader Environment load took 105.5ns 
23485      INFO  main            d.u.i.k.p.i.AbstractProblemLoader Creating init config 
25753      DEBUG main            d.u.i.k.p.i.AbstractProblemLoader Init config took 2.27s 
25771      INFO  main            d.u.i.k.p.i.AbstractProblemLoader Replaying proof concat2.key.proof 
25781      DEBUG main            d.u.i.k.p.i.IntermediateProofReplayer Proof replay took 8.14ms 
25782      DEBUG main            d.u.i.k.p.r.p.TestFile    ... success: reloaded. 
25783      INFO  main            d.u.i.k.p.r.p.TestFile    Now processing file /home/runner/work/key/key/key.core/../key.ui/examples/standard_key/strings/deriveLength1.key 
25783      INFO  main            d.u.i.k.p.i.AbstractProblemLoader Loading environment from /home/runner/work/key/key/key.core/../key.ui/examples/standard_key/strings/deriveLength1.key 
25783      DEBUG main            d.u.i.k.p.i.AbstractProblemLoader Environment load took 151ns 
25784      INFO  main            d.u.i.k.p.i.AbstractProblemLoader Creating init config 
28082      DEBUG main            d.u.i.k.p.i.AbstractProblemLoader Init config took 2.3s 
28099      INFO  main            d.u.i.k.p.i.AbstractProblemLoader Replaying proof deriveLength1.key 
28100      DEBUG main            d.u.i.k.p.i.IntermediateProofReplayer Proof replay took 6.6ns 
28203      INFO  main            d.u.i.k.p.r.p.TestFile    ... finished proof: closed. 
28339      INFO  main            d.u.i.k.p.i.AbstractProblemLoader Loading environment from /home/runner/work/key/key/key.core/../key.ui/examples/standard_key/strings/deriveLength1.key.proof 
28339      DEBUG main            d.u.i.k.p.i.AbstractProblemLoader Environment load took 108.8ns 
28340      INFO  main            d.u.i.k.p.i.AbstractProblemLoader Creating init config 
30577      DEBUG main            d.u.i.k.p.i.AbstractProblemLoader Init config took 2.24s 
30595      INFO  main            d.u.i.k.p.i.AbstractProblemLoader Replaying proof deriveLength1.key.proof 
30605      DEBUG main            d.u.i.k.p.i.IntermediateProofReplayer Proof replay took 7.73ms 
30605      DEBUG main            d.u.i.k.p.r.p.TestFile    ... success: reloaded. 
30606      INFO  main            d.u.i.k.p.r.p.TestFile    Now processing file /home/runner/work/key/key/key.core/../key.ui/examples/standard_key/strings/emptyStringLengthZero.key 
30606      INFO  main            d.u.i.k.p.i.AbstractProblemLoader Loading environment from /home/runner/work/key/key/key.core/../key.ui/examples/standard_key/strings/emptyStringLengthZero.key 
30607      DEBUG main            d.u.i.k.p.i.AbstractProblemLoader Environment load took 153ns 
30607      INFO  main            d.u.i.k.p.i.AbstractProblemLoader Creating init config 
32877      DEBUG main            d.u.i.k.p.i.AbstractProblemLoader Init config took 2.27s 
32893      INFO  main            d.u.i.k.p.i.AbstractProblemLoader Replaying proof emptyStringLengthZero.key 
32894      DEBUG main            d.u.i.k.p.i.IntermediateProofReplayer Proof replay took 5.7ns 
32997      INFO  main            d.u.i.k.p.r.p.TestFile    ... finished proof: closed. 
33133      INFO  main            d.u.i.k.p.i.AbstractProblemLoader Loading environment from /home/runner/work/key/key/key.core/../key.ui/examples/standard_key/strings/emptyStringLengthZero.key.proof 
33133      DEBUG main            d.u.i.k.p.i.AbstractProblemLoader Environment load took 106.8ns 
33134      INFO  main            d.u.i.k.p.i.AbstractProblemLoader Creating init config 
35404      DEBUG main            d.u.i.k.p.i.AbstractProblemLoader Init config took 2.27s 
35419      INFO  main            d.u.i.k.p.i.AbstractProblemLoader Replaying proof emptyStringLengthZero.key.proof 
35423      DEBUG main            d.u.i.k.p.i.IntermediateProofReplayer Proof replay took 2.93ms 
35424      DEBUG main            d.u.i.k.p.r.p.TestFile    ... success: reloaded. 
35425      INFO  main            d.u.i.k.p.r.p.TestFile    Now processing file /home/runner/work/key/key/key.core/../key.ui/examples/standard_key/strings/implicitBooleanStringConversion.key 
35425      INFO  main            d.u.i.k.p.i.AbstractProblemLoader Loading environment from /home/runner/work/key/key/key.core/../key.ui/examples/standard_key/strings/implicitBooleanStringConversion.key 
35425      DEBUG main            d.u.i.k.p.i.AbstractProblemLoader Environment load took 150.8ns 
35426      INFO  main            d.u.i.k.p.i.AbstractProblemLoader Creating init config 
37693      DEBUG main            d.u.i.k.p.i.AbstractProblemLoader Init config took 2.27s 
37712      INFO  main            d.u.i.k.p.i.AbstractProblemLoader Replaying proof implicitBooleanStringConversion.key 
37714      DEBUG main            d.u.i.k.p.i.IntermediateProofReplayer Proof replay took 6.4ns 
38722      INFO  main            d.u.i.k.p.r.p.TestFile    ... finished proof: closed. 
38884      INFO  main            d.u.i.k.p.i.AbstractProblemLoader Loading environment from /home/runner/work/key/key/key.core/../key.ui/examples/standard_key/strings/implicitBooleanStringConversion.key.proof 
38884      DEBUG main            d.u.i.k.p.i.AbstractProblemLoader Environment load took 369ns 
38885      INFO  main            d.u.i.k.p.i.AbstractProblemLoader Creating init config 
41168      DEBUG main            d.u.i.k.p.i.AbstractProblemLoader Init config took 2.28s 
41186      INFO  main            d.u.i.k.p.i.AbstractProblemLoader Replaying proof implicitBooleanStringConversion.key.proof 
41272      DEBUG main            d.u.i.k.p.i.IntermediateProofReplayer Proof replay took 80.21ms 
41273      DEBUG main            d.u.i.k.p.r.p.TestFile    ... success: reloaded. 
41273      INFO  main            d.u.i.k.p.r.p.TestFile    Now processing file /home/runner/work/key/key/key.core/../key.ui/examples/standard_key/strings/implicitBooleanStringConversion2.key 
41274      INFO  main            d.u.i.k.p.i.AbstractProblemLoader Loading environment from /home/runner/work/key/key/key.core/../key.ui/examples/standard_key/strings/implicitBooleanStringConversion2.key 
41274      DEBUG main            d.u.i.k.p.i.AbstractProblemLoader Environment load took 83.6ns 
41275      INFO  main            d.u.i.k.p.i.AbstractProblemLoader Creating init config 
43535      DEBUG main            d.u.i.k.p.i.AbstractProblemLoader Init config took 2.26s 
43552      INFO  main            d.u.i.k.p.i.AbstractProblemLoader Replaying proof implicitBooleanStringConversion2.key 
43553      DEBUG main            d.u.i.k.p.i.IntermediateProofReplayer Proof replay took 6.3ns 
43956      INFO  main            d.u.i.k.p.r.p.TestFile    ... finished proof: closed. 
44131      INFO  main            d.u.i.k.p.i.AbstractProblemLoader Loading environment from /home/runner/work/key/key/key.core/../key.ui/examples/standard_key/strings/implicitBooleanStringConversion2.key.proof 
44131      DEBUG main            d.u.i.k.p.i.AbstractProblemLoader Environment load took 112.2ns 
44132      INFO  main            d.u.i.k.p.i.AbstractProblemLoader Creating init config 
46386      DEBUG main            d.u.i.k.p.i.AbstractProblemLoader Init config took 2.25s 
46402      INFO  main            d.u.i.k.p.i.AbstractProblemLoader Replaying proof implicitBooleanStringConversion2.key.proof 
46437      DEBUG main            d.u.i.k.p.i.IntermediateProofReplayer Proof replay took 31.59ms 
46438      DEBUG main            d.u.i.k.p.r.p.TestFile    ... success: reloaded. 
46439      INFO  main            d.u.i.k.p.r.p.TestFile    Now processing file /home/runner/work/key/key/key.core/../key.ui/examples/standard_key/strings/implicitIntStringConversion.key 
46439      INFO  main            d.u.i.k.p.i.AbstractProblemLoader Loading environment from /home/runner/work/key/key/key.core/../key.ui/examples/standard_key/strings/implicitIntStringConversion.key 
46439      DEBUG main            d.u.i.k.p.i.AbstractProblemLoader Environment load took 79.6ns 
46440      INFO  main            d.u.i.k.p.i.AbstractProblemLoader Creating init config 
48660      DEBUG main            d.u.i.k.p.i.AbstractProblemLoader Init config took 2.22s 
48676      INFO  main            d.u.i.k.p.i.AbstractProblemLoader Replaying proof implicitIntStringConversion.key 
48677      DEBUG main            d.u.i.k.p.i.IntermediateProofReplayer Proof replay took 5.3ns 
49301      INFO  main            d.u.i.k.p.r.p.TestFile    ... finished proof: closed. 
49466      INFO  main            d.u.i.k.p.i.AbstractProblemLoader Loading environment from /home/runner/work/key/key/key.core/../key.ui/examples/standard_key/strings/implicitIntStringConversion.key.proof 
49467      DEBUG main            d.u.i.k.p.i.AbstractProblemLoader Environment load took 971.2ns 
49471      INFO  main            d.u.i.k.p.i.AbstractProblemLoader Creating init config 
51676      DEBUG main            d.u.i.k.p.i.AbstractProblemLoader Init config took 2.21s 
51692      INFO  main            d.u.i.k.p.i.AbstractProblemLoader Replaying proof implicitIntStringConversion.key.proof 
51756      DEBUG main            d.u.i.k.p.i.IntermediateProofReplayer Proof replay took 58.33ms 
51757      DEBUG main            d.u.i.k.p.r.p.TestFile    ... success: reloaded. 
51758      INFO  main            d.u.i.k.p.r.p.TestFile    Now processing file /home/runner/work/key/key/key.core/../key.ui/examples/standard_key/strings/implicitNullStringConversion.key 
51758      INFO  main            d.u.i.k.p.i.AbstractProblemLoader Loading environment from /home/runner/work/key/key/key.core/../key.ui/examples/standard_key/strings/implicitNullStringConversion.key 
51758      DEBUG main            d.u.i.k.p.i.AbstractProblemLoader Environment load took 146.9ns 
51759      INFO  main            d.u.i.k.p.i.AbstractProblemLoader Creating init config 
53985      DEBUG main            d.u.i.k.p.i.AbstractProblemLoader Init config took 2.23s 
54000      INFO  main            d.u.i.k.p.i.AbstractProblemLoader Replaying proof implicitNullStringConversion.key 
54002      DEBUG main            d.u.i.k.p.i.IntermediateProofReplayer Proof replay took 9.9ns 
54305      INFO  main            d.u.i.k.p.r.p.TestFile    ... finished proof: closed. 
54485      INFO  main            d.u.i.k.p.i.AbstractProblemLoader Loading environment from /home/runner/work/key/key/key.core/../key.ui/examples/standard_key/strings/implicitNullStringConversion.key.proof 
54485      DEBUG main            d.u.i.k.p.i.AbstractProblemLoader Environment load took 104.6ns 
54486      INFO  main            d.u.i.k.p.i.AbstractProblemLoader Creating init config 
56706      DEBUG main            d.u.i.k.p.i.AbstractProblemLoader Init config took 2.22s 
56722      INFO  main            d.u.i.k.p.i.AbstractProblemLoader Replaying proof implicitNullStringConversion.key.proof 
56756      DEBUG main            d.u.i.k.p.i.IntermediateProofReplayer Proof replay took 30.21ms 
56757      DEBUG main            d.u.i.k.p.r.p.TestFile    ... success: reloaded. 
56757      INFO  main            d.u.i.k.p.r.p.TestFile    Now processing file /home/runner/work/key/key/key.core/../key.ui/examples/standard_key/strings/implicitNullStringConversion2.key 
56758      INFO  main            d.u.i.k.p.i.AbstractProblemLoader Loading environment from /home/runner/work/key/key/key.core/../key.ui/examples/standard_key/strings/implicitNullStringConversion2.key 
56758      DEBUG main            d.u.i.k.p.i.AbstractProblemLoader Environment load took 153.5ns 
56759      INFO  main            d.u.i.k.p.i.AbstractProblemLoader Creating init config 
58984      DEBUG main            d.u.i.k.p.i.AbstractProblemLoader Init config took 2.23s 
59032      INFO  main            d.u.i.k.p.i.AbstractProblemLoader Replaying proof implicitNullStringConversion2.key 
59034      DEBUG main            d.u.i.k.p.i.IntermediateProofReplayer Proof replay took 5.4ns 
59236      INFO  main            d.u.i.k.p.r.p.TestFile    ... finished proof: closed. 
59422      INFO  main            d.u.i.k.p.i.AbstractProblemLoader Loading environment from /home/runner/work/key/key/key.core/../key.ui/examples/standard_key/strings/implicitNullStringConversion2.key.proof 
59422      DEBUG main            d.u.i.k.p.i.AbstractProblemLoader Environment load took 112.1ns 
59423      INFO  main            d.u.i.k.p.i.AbstractProblemLoader Creating init config 
61645      DEBUG main            d.u.i.k.p.i.AbstractProblemLoader Init config took 2.22s 
61660      INFO  main            d.u.i.k.p.i.AbstractProblemLoader Replaying proof implicitNullStringConversion2.key.proof 
61702      DEBUG main            d.u.i.k.p.i.IntermediateProofReplayer Proof replay took 33.2ms 
61703      DEBUG main            d.u.i.k.p.r.p.TestFile    ... success: reloaded. 
61704      INFO  main            d.u.i.k.p.r.p.TestFile    Now processing file /home/runner/work/key/key/key.core/../key.ui/examples/standard_key/strings/implicitObjectStringConversion.key 
61704      INFO  main            d.u.i.k.p.i.AbstractProblemLoader Loading environment from /home/runner/work/key/key/key.core/../key.ui/examples/standard_key/strings/implicitObjectStringConversion.key 
61704      DEBUG main            d.u.i.k.p.i.AbstractProblemLoader Environment load took 79.2ns 
61705      INFO  main            d.u.i.k.p.i.AbstractProblemLoader Creating init config 
64085      DEBUG main            d.u.i.k.p.i.AbstractProblemLoader Init config took 2.38s 
64100      INFO  main            d.u.i.k.p.i.AbstractProblemLoader Replaying proof implicitObjectStringConversion.key 
64102      DEBUG main            d.u.i.k.p.i.IntermediateProofReplayer Proof replay took 5.7ns 
64613      INFO  main            d.u.i.k.p.r.p.TestFile    ... finished proof: closed. 
64779      INFO  main            d.u.i.k.p.i.AbstractProblemLoader Loading environment from /home/runner/work/key/key/key.core/../key.ui/examples/standard_key/strings/implicitObjectStringConversion.key.proof 
64779      DEBUG main            d.u.i.k.p.i.AbstractProblemLoader Environment load took 132.4ns 
64780      INFO  main            d.u.i.k.p.i.AbstractProblemLoader Creating init config 
67172      DEBUG main            d.u.i.k.p.i.AbstractProblemLoader Init config took 2.39s 
67191      INFO  main            d.u.i.k.p.i.AbstractProblemLoader Replaying proof implicitObjectStringConversion.key.proof 
67250      DEBUG main            d.u.i.k.p.i.IntermediateProofReplayer Proof replay took 55.64ms 
67251      DEBUG main            d.u.i.k.p.r.p.TestFile    ... success: reloaded. 
67252      INFO  main            d.u.i.k.p.r.p.TestFile    Now processing file /home/runner/work/key/key/key.core/../key.ui/examples/standard_key/strings/literalEquality.key 
67252      INFO  main            d.u.i.k.p.i.AbstractProblemLoader Loading environment from /home/runner/work/key/key/key.core/../key.ui/examples/standard_key/strings/literalEquality.key 
67253      DEBUG main            d.u.i.k.p.i.AbstractProblemLoader Environment load took 168.8ns 
67253      INFO  main            d.u.i.k.p.i.AbstractProblemLoader Creating init config 
69442      DEBUG main            d.u.i.k.p.i.AbstractProblemLoader Init config took 2.19s 
69457      INFO  main            d.u.i.k.p.i.AbstractProblemLoader Replaying proof literalEquality.key 
69458      DEBUG main            d.u.i.k.p.i.IntermediateProofReplayer Proof replay took 5.4ns 
69562      INFO  main            d.u.i.k.p.r.p.TestFile    ... finished proof: closed. 
69741      INFO  main            d.u.i.k.p.i.AbstractProblemLoader Loading environment from /home/runner/work/key/key/key.core/../key.ui/examples/standard_key/strings/literalEquality.key.proof 
69741      DEBUG main            d.u.i.k.p.i.AbstractProblemLoader Environment load took 105.2ns 
69742      INFO  main            d.u.i.k.p.i.AbstractProblemLoader Creating init config 
71937      DEBUG main            d.u.i.k.p.i.AbstractProblemLoader Init config took 2.2s 
71952      INFO  main            d.u.i.k.p.i.AbstractProblemLoader Replaying proof literalEquality.key.proof 
71956      DEBUG main            d.u.i.k.p.i.IntermediateProofReplayer Proof replay took 2.2ms 
71957      DEBUG main            d.u.i.k.p.r.p.TestFile    ... success: reloaded. 
71958      INFO  main            d.u.i.k.p.r.p.TestFile    Now processing file /home/runner/work/key/key/key.core/../key.ui/examples/standard_key/strings/replace0.key 
71958      INFO  main            d.u.i.k.p.i.AbstractProblemLoader Loading environment from /home/runner/work/key/key/key.core/../key.ui/examples/standard_key/strings/replace0.key 
71958      DEBUG main            d.u.i.k.p.i.AbstractProblemLoader Environment load took 148.7ns 
71959      INFO  main            d.u.i.k.p.i.AbstractProblemLoader Creating init config 
74179      DEBUG main            d.u.i.k.p.i.AbstractProblemLoader Init config took 2.22s 
74192      INFO  main            d.u.i.k.p.i.AbstractProblemLoader Replaying proof replace0.key 
74193      DEBUG main            d.u.i.k.p.i.IntermediateProofReplayer Proof replay took 5.6ns 
74298      INFO  main            d.u.i.k.p.r.p.TestFile    ... finished proof: closed. 
74489      INFO  main            d.u.i.k.p.i.AbstractProblemLoader Loading environment from /home/runner/work/key/key/key.core/../key.ui/examples/standard_key/strings/replace0.key.proof 
74489      DEBUG main            d.u.i.k.p.i.AbstractProblemLoader Environment load took 99.7ns 
74490      INFO  main            d.u.i.k.p.i.AbstractProblemLoader Creating init config 
76699      DEBUG main            d.u.i.k.p.i.AbstractProblemLoader Init config took 2.21s 
76713      INFO  main            d.u.i.k.p.i.AbstractProblemLoader Replaying proof replace0.key.proof 
76718      DEBUG main            d.u.i.k.p.i.IntermediateProofReplayer Proof replay took 4.1ms 
76719      DEBUG main            d.u.i.k.p.r.p.TestFile    ... success: reloaded. 
76720      INFO  main            d.u.i.k.p.r.p.TestFile    Now processing file /home/runner/work/key/key/key.core/../key.ui/examples/standard_key/strings/replace1.key 
76720      INFO  main            d.u.i.k.p.i.AbstractProblemLoader Loading environment from /home/runner/work/key/key/key.core/../key.ui/examples/standard_key/strings/replace1.key 
76720      DEBUG main            d.u.i.k.p.i.AbstractProblemLoader Environment load took 75.2ns 
76721      INFO  main            d.u.i.k.p.i.AbstractProblemLoader Creating init config 
78905      DEBUG main            d.u.i.k.p.i.AbstractProblemLoader Init config took 2.18s 
78918      INFO  main            d.u.i.k.p.i.AbstractProblemLoader Replaying proof replace1.key 
78919      DEBUG main            d.u.i.k.p.i.IntermediateProofReplayer Proof replay took 5.9ns 
79022      INFO  main            d.u.i.k.p.r.p.TestFile    ... finished proof: closed. 
79210      INFO  main            d.u.i.k.p.i.AbstractProblemLoader Loading environment from /home/runner/work/key/key/key.core/../key.ui/examples/standard_key/strings/replace1.key.proof 
79210      DEBUG main            d.u.i.k.p.i.AbstractProblemLoader Environment load took 100.4ns 
79211      INFO  main            d.u.i.k.p.i.AbstractProblemLoader Creating init config 
81370      DEBUG main            d.u.i.k.p.i.AbstractProblemLoader Init config took 2.16s 
81383      INFO  main            d.u.i.k.p.i.AbstractProblemLoader Replaying proof replace1.key.proof 
81389      DEBUG main            d.u.i.k.p.i.IntermediateProofReplayer Proof replay took 4.83ms 
81390      DEBUG main            d.u.i.k.p.r.p.TestFile    ... success: reloaded. 
81390      INFO  main            d.u.i.k.p.r.p.TestFile    Now processing file /home/runner/work/key/key/key.core/../key.ui/examples/standard_key/strings/simpleAssignment.key 
81391      INFO  main            d.u.i.k.p.i.AbstractProblemLoader Loading environment from /home/runner/work/key/key/key.core/../key.ui/examples/standard_key/strings/simpleAssignment.key 
81391      DEBUG main            d.u.i.k.p.i.AbstractProblemLoader Environment load took 85.4ns 
81392      INFO  main            d.u.i.k.p.i.AbstractProblemLoader Creating init config 
83615      DEBUG main            d.u.i.k.p.i.AbstractProblemLoader Init config took 2.22s 
83628      INFO  main            d.u.i.k.p.i.AbstractProblemLoader Replaying proof simpleAssignment.key 
83629      DEBUG main            d.u.i.k.p.i.IntermediateProofReplayer Proof replay took 5.3ns 
83731      INFO  main            d.u.i.k.p.r.p.TestFile    ... finished proof: closed. 
83927      INFO  main            d.u.i.k.p.i.AbstractProblemLoader Loading environment from /home/runner/work/key/key/key.core/../key.ui/examples/standard_key/strings/simpleAssignment.key.proof 
83927      DEBUG main            d.u.i.k.p.i.AbstractProblemLoader Environment load took 106.6ns 
83928      INFO  main            d.u.i.k.p.i.AbstractProblemLoader Creating init config 
86082      DEBUG main            d.u.i.k.p.i.AbstractProblemLoader Init config took 2.15s 
86096      INFO  main            d.u.i.k.p.i.AbstractProblemLoader Replaying proof simpleAssignment.key.proof 
86099      DEBUG main            d.u.i.k.p.i.IntermediateProofReplayer Proof replay took 1.25ms 
86100      DEBUG main            d.u.i.k.p.r.p.TestFile    ... success: reloaded. 
86101      INFO  main            d.u.i.k.p.r.p.TestFile    Now processing file /home/runner/work/key/key/key.core/../key.ui/examples/standard_key/strings/simpleLengthComp.key 
86101      INFO  main            d.u.i.k.p.i.AbstractProblemLoader Loading environment from /home/runner/work/key/key/key.core/../key.ui/examples/standard_key/strings/simpleLengthComp.key 
86101      DEBUG main            d.u.i.k.p.i.AbstractProblemLoader Environment load took 154.3ns 
86102      INFO  main            d.u.i.k.p.i.AbstractProblemLoader Creating init config 
88315      DEBUG main            d.u.i.k.p.i.AbstractProblemLoader Init config took 2.21s 
88329      INFO  main            d.u.i.k.p.i.AbstractProblemLoader Replaying proof simpleLengthComp.key 
88331      DEBUG main            d.u.i.k.p.i.IntermediateProofReplayer Proof replay took 6.4ns 
88535      INFO  main            d.u.i.k.p.r.p.TestFile    ... finished proof: closed. 
88772      INFO  main            d.u.i.k.p.i.AbstractProblemLoader Loading environment from /home/runner/work/key/key/key.core/../key.ui/examples/standard_key/strings/simpleLengthComp.key.proof 
88772      DEBUG main            d.u.i.k.p.i.AbstractProblemLoader Environment load took 149.7ns 
88773      INFO  main            d.u.i.k.p.i.AbstractProblemLoader Creating init config 
90945      DEBUG main            d.u.i.k.p.i.AbstractProblemLoader Init config took 2.17s 
90959      INFO  main            d.u.i.k.p.i.AbstractProblemLoader Replaying proof simpleLengthComp.key.proof 
90983      DEBUG main            d.u.i.k.p.i.IntermediateProofReplayer Proof replay took 22.06ms 
90984      DEBUG main            d.u.i.k.p.r.p.TestFile    ... success: reloaded. 
90985      INFO  main            d.u.i.k.p.r.p.TestFile    Now processing file /home/runner/work/key/key/key.core/../key.ui/examples/standard_key/strings/stringCompileTimeConstant1.key 
90985      INFO  main            d.u.i.k.p.i.AbstractProblemLoader Loading environment from /home/runner/work/key/key/key.core/../key.ui/examples/standard_key/strings/stringCompileTimeConstant1.key 
90985      DEBUG main            d.u.i.k.p.i.AbstractProblemLoader Environment load took 158ns 
90986      INFO  main            d.u.i.k.p.i.AbstractProblemLoader Creating init config 
93217      DEBUG main            d.u.i.k.p.i.AbstractProblemLoader Init config took 2.23s 
93231      INFO  main            d.u.i.k.p.i.AbstractProblemLoader Replaying proof stringCompileTimeConstant1.key 
93232      DEBUG main            d.u.i.k.p.i.IntermediateProofReplayer Proof replay took 6.1ns 
93342      INFO  main            d.u.i.k.p.r.p.TestFile    ... finished proof: closed. 
93539      INFO  main            d.u.i.k.p.i.AbstractProblemLoader Loading environment from /home/runner/work/key/key/key.core/../key.ui/examples/standard_key/strings/stringCompileTimeConstant1.key.proof 
93539      DEBUG main            d.u.i.k.p.i.AbstractProblemLoader Environment load took 88.3ns 
93540      INFO  main            d.u.i.k.p.i.AbstractProblemLoader Creating init config 
95710      DEBUG main            d.u.i.k.p.i.AbstractProblemLoader Init config took 2.17s 
95724      INFO  main            d.u.i.k.p.i.AbstractProblemLoader Replaying proof stringCompileTimeConstant1.key.proof 
95728      DEBUG main            d.u.i.k.p.i.IntermediateProofReplayer Proof replay took 2.66ms 
95729      DEBUG main            d.u.i.k.p.r.p.TestFile    ... success: reloaded. 
95729      INFO  main            d.u.i.k.p.r.p.TestFile    Now processing file /home/runner/work/key/key/key.core/../key.ui/examples/standard_key/strings/stringCompileTimeConstant2.key 
95730      INFO  main            d.u.i.k.p.i.AbstractProblemLoader Loading environment from /home/runner/work/key/key/key.core/../key.ui/examples/standard_key/strings/stringCompileTimeConstant2.key 
95730      DEBUG main            d.u.i.k.p.i.AbstractProblemLoader Environment load took 68.2ns 
95730      INFO  main            d.u.i.k.p.i.AbstractProblemLoader Creating init config 
98085      DEBUG main            d.u.i.k.p.i.AbstractProblemLoader Init config took 2.35s 
98099      INFO  main            d.u.i.k.p.i.AbstractProblemLoader Replaying proof stringCompileTimeConstant2.key 
98100      DEBUG main            d.u.i.k.p.i.IntermediateProofReplayer Proof replay took 6.2ns 
100511     INFO  main            d.u.i.k.p.r.p.TestFile    ... finished proof: closed. 
100769     INFO  main            d.u.i.k.p.i.AbstractProblemLoader Loading environment from /home/runner/work/key/key/key.core/../key.ui/examples/standard_key/strings/stringCompileTimeConstant2.key.proof 
100770     DEBUG main            d.u.i.k.p.i.AbstractProblemLoader Environment load took 869ns 
100771     INFO  main            d.u.i.k.p.i.AbstractProblemLoader Creating init config 
103069     DEBUG main            d.u.i.k.p.i.AbstractProblemLoader Init config took 2.3s 
103085     INFO  main            d.u.i.k.p.i.AbstractProblemLoader Replaying proof stringCompileTimeConstant2.key.proof 
103367     DEBUG main            d.u.i.k.p.i.IntermediateProofReplayer Proof replay took 270.37ms 
103368     DEBUG main            d.u.i.k.p.r.p.TestFile    ... success: reloaded. 
103369     INFO  main            d.u.i.k.p.r.p.TestFile    Now processing file /home/runner/work/key/key/key.core/../key.ui/examples/standard_key/strings/stringEquality1.key 
103369     INFO  main            d.u.i.k.p.i.AbstractProblemLoader Loading environment from /home/runner/work/key/key/key.core/../key.ui/examples/standard_key/strings/stringEquality1.key 
103370     DEBUG main            d.u.i.k.p.i.AbstractProblemLoader Environment load took 163.6ns 
103371     INFO  main            d.u.i.k.p.i.AbstractProblemLoader Creating init config 
105614     DEBUG main            d.u.i.k.p.i.AbstractProblemLoader Init config took 2.24s 
105627     INFO  main            d.u.i.k.p.i.AbstractProblemLoader Replaying proof stringEquality1.key 
105628     DEBUG main            d.u.i.k.p.i.IntermediateProofReplayer Proof replay took 6.2ns 
105730     INFO  main            d.u.i.k.p.r.p.TestFile    ... finished proof: closed. 
105975     INFO  main            d.u.i.k.p.i.AbstractProblemLoader Loading environment from /home/runner/work/key/key/key.core/../key.ui/examples/standard_key/strings/stringEquality1.key.proof 
105975     DEBUG main            d.u.i.k.p.i.AbstractProblemLoader Environment load took 99.2ns 
105976     INFO  main            d.u.i.k.p.i.AbstractProblemLoader Creating init config 
108126     DEBUG main            d.u.i.k.p.i.AbstractProblemLoader Init config took 2.15s 
108138     INFO  main            d.u.i.k.p.i.AbstractProblemLoader Replaying proof stringEquality1.key.proof 
108146     DEBUG main            d.u.i.k.p.i.IntermediateProofReplayer Proof replay took 5.86ms 
108147     DEBUG main            d.u.i.k.p.r.p.TestFile    ... success: reloaded. 
108147     INFO  main            d.u.i.k.p.r.p.TestFile    Now processing file /home/runner/work/key/key/key.core/../key.ui/examples/standard_key/strings/stringEquality2.key 
108148     INFO  main            d.u.i.k.p.i.AbstractProblemLoader Loading environment from /home/runner/work/key/key/key.core/../key.ui/examples/standard_key/strings/stringEquality2.key 
108148     DEBUG main            d.u.i.k.p.i.AbstractProblemLoader Environment load took 72.9ns 
108148     INFO  main            d.u.i.k.p.i.AbstractProblemLoader Creating init config 
110316     DEBUG main            d.u.i.k.p.i.AbstractProblemLoader Init config took 2.17s 
110329     INFO  main            d.u.i.k.p.i.AbstractProblemLoader Replaying proof stringEquality2.key 
110331     DEBUG main            d.u.i.k.p.i.IntermediateProofReplayer Proof replay took 5.9ns 
110734     INFO  main            d.u.i.k.p.r.p.TestFile    ... finished proof: closed. 
110969     INFO  main            d.u.i.k.p.i.AbstractProblemLoader Loading environment from /home/runner/work/key/key/key.core/../key.ui/examples/standard_key/strings/stringEquality2.key.proof 
110969     DEBUG main            d.u.i.k.p.i.AbstractProblemLoader Environment load took 335.2ns 
110970     INFO  main            d.u.i.k.p.i.AbstractProblemLoader Creating init config 
113111     DEBUG main            d.u.i.k.p.i.AbstractProblemLoader Init config took 2.14s 
113124     INFO  main            d.u.i.k.p.i.AbstractProblemLoader Replaying proof stringEquality2.key.proof 
113168     DEBUG main            d.u.i.k.p.i.IntermediateProofReplayer Proof replay took 39.91ms 
113169     DEBUG main            d.u.i.k.p.r.p.TestFile    ... success: reloaded. 
113170     INFO  main            d.u.i.k.p.r.p.TestFile    Now processing file /home/runner/work/key/key/key.core/../key.ui/examples/standard_key/strings/substring0.key 
113170     INFO  main            d.u.i.k.p.i.AbstractProblemLoader Loading environment from /home/runner/work/key/key/key.core/../key.ui/examples/standard_key/strings/substring0.key 
113170     DEBUG main            d.u.i.k.p.i.AbstractProblemLoader Environment load took 65.1ns 
113171     INFO  main            d.u.i.k.p.i.AbstractProblemLoader Creating init config 
115357     DEBUG main            d.u.i.k.p.i.AbstractProblemLoader Init config took 2.19s 
115369     INFO  main            d.u.i.k.p.i.AbstractProblemLoader Replaying proof substring0.key 
115370     DEBUG main            d.u.i.k.p.i.IntermediateProofReplayer Proof replay took 6.1ns 
115471     INFO  main            d.u.i.k.p.r.p.TestFile    ... finished proof: closed. 
115697     INFO  main            d.u.i.k.p.i.AbstractProblemLoader Loading environment from /home/runner/work/key/key/key.core/../key.ui/examples/standard_key/strings/substring0.key.proof 
115697     DEBUG main            d.u.i.k.p.i.AbstractProblemLoader Environment load took 92.3ns 
115698     INFO  main            d.u.i.k.p.i.AbstractProblemLoader Creating init config 
117837     DEBUG main            d.u.i.k.p.i.AbstractProblemLoader Init config took 2.14s 
117851     INFO  main            d.u.i.k.p.i.AbstractProblemLoader Replaying proof substring0.key.proof 
117852     DEBUG main            d.u.i.k.p.i.IntermediateProofReplayer Proof replay took 356.4ns 
117853     DEBUG main            d.u.i.k.p.r.p.TestFile    ... success: reloaded. 
117854     INFO  main            d.u.i.k.p.r.p.TestFile    Now processing file /home/runner/work/key/key/key.core/../key.ui/examples/standard_key/strings/substring1.key 
117854     INFO  main            d.u.i.k.p.i.AbstractProblemLoader Loading environment from /home/runner/work/key/key/key.core/../key.ui/examples/standard_key/strings/substring1.key 
117854     DEBUG main            d.u.i.k.p.i.AbstractProblemLoader Environment load took 71.1ns 
117855     INFO  main            d.u.i.k.p.i.AbstractProblemLoader Creating init config 
120055     DEBUG main            d.u.i.k.p.i.AbstractProblemLoader Init config took 2.2s 
120067     INFO  main            d.u.i.k.p.i.AbstractProblemLoader Replaying proof substring1.key 
120068     DEBUG main            d.u.i.k.p.i.IntermediateProofReplayer Proof replay took 5.9ns 
120170     INFO  main            d.u.i.k.p.r.p.TestFile    ... finished proof: closed. 
120390     INFO  main            d.u.i.k.p.i.AbstractProblemLoader Loading environment from /home/runner/work/key/key/key.core/../key.ui/examples/standard_key/strings/substring1.key.proof 
120390     DEBUG main            d.u.i.k.p.i.AbstractProblemLoader Environment load took 88.3ns 
120391     INFO  main            d.u.i.k.p.i.AbstractProblemLoader Creating init config 
122528     DEBUG main            d.u.i.k.p.i.AbstractProblemLoader Init config took 2.14s 
122540     INFO  main            d.u.i.k.p.i.AbstractProblemLoader Replaying proof substring1.key.proof 
122542     DEBUG main            d.u.i.k.p.i.IntermediateProofReplayer Proof replay took 335.6ns 
122542     DEBUG main            d.u.i.k.p.r.p.TestFile    ... success: reloaded. 
122543     INFO  main            d.u.i.k.p.r.p.TestFile    Now processing file /home/runner/work/key/key/key.core/../key.ui/examples/standard_key/strings/substring2.key 
122543     INFO  main            d.u.i.k.p.i.AbstractProblemLoader Loading environment from /home/runner/work/key/key/key.core/../key.ui/examples/standard_key/strings/substring2.key 
122543     DEBUG main            d.u.i.k.p.i.AbstractProblemLoader Environment load took 46.1ns 
122544     INFO  main            d.u.i.k.p.i.AbstractProblemLoader Creating init config 
124734     DEBUG main            d.u.i.k.p.i.AbstractProblemLoader Init config took 2.19s 
124746     INFO  main            d.u.i.k.p.i.AbstractProblemLoader Replaying proof substring2.key 
124747     DEBUG main            d.u.i.k.p.i.IntermediateProofReplayer Proof replay took 5.6ns 
124849     INFO  main            d.u.i.k.p.r.p.TestFile    ... finished proof: closed. 
125074     INFO  main            d.u.i.k.p.i.AbstractProblemLoader Loading environment from /home/runner/work/key/key/key.core/../key.ui/examples/standard_key/strings/substring2.key.proof 
125074     DEBUG main            d.u.i.k.p.i.AbstractProblemLoader Environment load took 86.7ns 
125074     INFO  main            d.u.i.k.p.i.AbstractProblemLoader Creating init config 
127214     DEBUG main            d.u.i.k.p.i.AbstractProblemLoader Init config took 2.14s 
127227     INFO  main            d.u.i.k.p.i.AbstractProblemLoader Replaying proof substring2.key.proof 
127229     DEBUG main            d.u.i.k.p.i.IntermediateProofReplayer Proof replay took 740ns 
127230     DEBUG main            d.u.i.k.p.r.p.TestFile    ... success: reloaded. 
127231     INFO  main            d.u.i.k.p.r.p.TestFile    Now processing file /home/runner/work/key/key/key.core/../key.ui/examples/standard_key/strings/substring3.key 
127232     INFO  main            d.u.i.k.p.i.AbstractProblemLoader Loading environment from /home/runner/work/key/key/key.core/../key.ui/examples/standard_key/strings/substring3.key 
127232     DEBUG main            d.u.i.k.p.i.AbstractProblemLoader Environment load took 140.9ns 
127233     INFO  main            d.u.i.k.p.i.AbstractProblemLoader Creating init config 
129471     DEBUG main            d.u.i.k.p.i.AbstractProblemLoader Init config took 2.24s 
129485     INFO  main            d.u.i.k.p.i.AbstractProblemLoader Replaying proof substring3.key 
129486     DEBUG main            d.u.i.k.p.i.IntermediateProofReplayer Proof replay took 6.3ns 
129588     INFO  main            d.u.i.k.p.r.p.TestFile    ... finished proof: closed. 
129818     INFO  main            d.u.i.k.p.i.AbstractProblemLoader Loading environment from /home/runner/work/key/key/key.core/../key.ui/examples/standard_key/strings/substring3.key.proof 
129818     DEBUG main            d.u.i.k.p.i.AbstractProblemLoader Environment load took 90.8ns 
129819     INFO  main            d.u.i.k.p.i.AbstractProblemLoader Creating init config 
131953     DEBUG main            d.u.i.k.p.i.AbstractProblemLoader Init config took 2.13s 
131965     INFO  main            d.u.i.k.p.i.AbstractProblemLoader Replaying proof substring3.key.proof 
131969     DEBUG main            d.u.i.k.p.i.IntermediateProofReplayer Proof replay took 1.9ms 
131969     DEBUG main            d.u.i.k.p.r.p.TestFile    ... success: reloaded. 
131970     INFO  main            d.u.i.k.p.r.p.TestFile    Now processing file /home/runner/work/key/key/key.core/../key.ui/examples/standard_key/strings/substring4.key 
131970     INFO  main            d.u.i.k.p.i.AbstractProblemLoader Loading environment from /home/runner/work/key/key/key.core/../key.ui/examples/standard_key/strings/substring4.key 
131970     DEBUG main            d.u.i.k.p.i.AbstractProblemLoader Environment load took 162.5ns 
131971     INFO  main            d.u.i.k.p.i.AbstractProblemLoader Creating init config 
134142     DEBUG main            d.u.i.k.p.i.AbstractProblemLoader Init config took 2.17s 
134154     INFO  main            d.u.i.k.p.i.AbstractProblemLoader Replaying proof substring4.key 
134155     DEBUG main            d.u.i.k.p.i.IntermediateProofReplayer Proof replay took 5.8ns 
134262     INFO  main            d.u.i.k.p.r.p.TestFile    ... finished proof: closed. 
134497     INFO  main            d.u.i.k.p.i.AbstractProblemLoader Loading environment from /home/runner/work/key/key/key.core/../key.ui/examples/standard_key/strings/substring4.key.proof 
134497     DEBUG main            d.u.i.k.p.i.AbstractProblemLoader Environment load took 93.2ns 
134498     INFO  main            d.u.i.k.p.i.AbstractProblemLoader Creating init config 
136638     DEBUG main            d.u.i.k.p.i.AbstractProblemLoader Init config took 2.14s 
136650     INFO  main            d.u.i.k.p.i.AbstractProblemLoader Replaying proof substring4.key.proof 
136654     DEBUG main            d.u.i.k.p.i.IntermediateProofReplayer Proof replay took 2.87ms 
136655     DEBUG main            d.u.i.k.p.r.p.TestFile    ... success: reloaded. 
136656     INFO  main            d.u.i.k.p.r.p.TestFile    Now processing file /home/runner/work/key/key/key.core/../key.ui/examples/standard_key/strings/substring5.key 
136656     INFO  main            d.u.i.k.p.i.AbstractProblemLoader Loading environment from /home/runner/work/key/key/key.core/../key.ui/examples/standard_key/strings/substring5.key 
136656     DEBUG main            d.u.i.k.p.i.AbstractProblemLoader Environment load took 137.3ns 
136657     INFO  main            d.u.i.k.p.i.AbstractProblemLoader Creating init config 
138850     DEBUG main            d.u.i.k.p.i.AbstractProblemLoader Init config took 2.19s 
138863     INFO  main            d.u.i.k.p.i.AbstractProblemLoader Replaying proof substring5.key 
138865     DEBUG main            d.u.i.k.p.i.IntermediateProofReplayer Proof replay took 6.2ns 
139067     INFO  main            d.u.i.k.p.r.p.TestFile    ... finished proof: closed. 
139346     INFO  main            d.u.i.k.p.i.AbstractProblemLoader Loading environment from /home/runner/work/key/key/key.core/../key.ui/examples/standard_key/strings/substring5.key.proof 
139347     DEBUG main            d.u.i.k.p.i.AbstractProblemLoader Environment load took 86.4ns 
139347     INFO  main            d.u.i.k.p.i.AbstractProblemLoader Creating init config 
141487     DEBUG main            d.u.i.k.p.i.AbstractProblemLoader Init config took 2.14s 
141499     INFO  main            d.u.i.k.p.i.AbstractProblemLoader Replaying proof substring5.key.proof 
141525     DEBUG main            d.u.i.k.p.i.IntermediateProofReplayer Proof replay took 21.99ms 
141525     DEBUG main            d.u.i.k.p.r.p.TestFile    ... success: reloaded. 
3870850    INFO  Test worker     d.u.i.k.p.r.RunAllProofsTestUnit Returning from test strings 
3870851    INFO  Test worker     d.u.i.k.p.r.RunAllProofsTestUnit Running test simple_info_flow 
348        INFO  Timeout watchdog d.u.i.k.p.r.p.ForkedTestFileRunner Timeout watcher launched (2000 secs.) 
351        WARN  main            d.u.i.k.s.ProofSettings   The settings in /home/runner/.key/proof-settings.props are *not* read. 
377        INFO  main            d.u.i.k.p.r.p.TestFile    Now processing file /home/runner/work/key/key/key.core/../key.ui/examples/heap/information_flow/UpdateAbstraction_ex7_1_insecure.key 
504        INFO  main            d.u.i.k.p.i.AbstractProblemLoader Loading environment from /home/runner/work/key/key/key.core/../key.ui/examples/heap/information_flow/UpdateAbstraction_ex7_1_insecure.key 
519        DEBUG main            d.u.i.k.p.i.AbstractProblemLoader Environment load took 1.82ms 
724        INFO  main            d.u.i.k.p.i.AbstractProblemLoader Creating init config 
1561       DEBUG main            d.u.i.k.j.TypeConverter   No LDT found for Meta 
1563       DEBUG main            d.u.i.k.j.TypeConverter   No LDT found for Meta 
1567       DEBUG main            d.u.i.k.j.TypeConverter   No LDT found for Meta 
1568       DEBUG main            d.u.i.k.j.TypeConverter   No LDT found for Meta 
2816       DEBUG main            d.u.i.k.j.TypeConverter   No LDT found for JavaBigintExpression 
8231       DEBUG main            d.u.i.k.p.i.AbstractProblemLoader Init config took 7.51s 
8400       INFO  main            d.u.i.k.p.i.AbstractProblemLoader Replaying proof UpdateAbstraction[UpdateAbstraction::ex7_1_insecure()].JML operation contract.0 
8472       DEBUG main            d.u.i.k.p.i.IntermediateProofReplayer Proof replay took 34.9ns 
9118       INFO  main            d.u.i.k.p.r.p.TestFile    ... finished proof: open goal(s) 
9221       INFO  main            d.u.i.k.p.r.p.TestFile    Now processing file /home/runner/work/key/key/key.core/../key.ui/examples/heap/information_flow/UpdateAbstraction_ex7_2_insecure.key 
9224       INFO  main            d.u.i.k.p.i.AbstractProblemLoader Loading environment from /home/runner/work/key/key/key.core/../key.ui/examples/heap/information_flow/UpdateAbstraction_ex7_2_insecure.key 
9225       DEBUG main            d.u.i.k.p.i.AbstractProblemLoader Environment load took 258.4ns 
9227       INFO  main            d.u.i.k.p.i.AbstractProblemLoader Creating init config 
12236      DEBUG main            d.u.i.k.p.i.AbstractProblemLoader Init config took 3.01s 
12320      INFO  main            d.u.i.k.p.i.AbstractProblemLoader Replaying proof UpdateAbstraction[UpdateAbstraction::ex7_2_insecure()].JML operation contract.0 
12326      DEBUG main            d.u.i.k.p.i.IntermediateProofReplayer Proof replay took 6.6ns 
12733      INFO  main            d.u.i.k.p.r.p.TestFile    ... finished proof: open goal(s) 
3883891    INFO  Test worker     d.u.i.k.p.r.RunAllProofsTestUnit Returning from test simple_info_flow 
3883892    INFO  Test worker     d.u.i.k.p.r.RunAllProofsTestUnit Running test modelMethods 
385        INFO  Timeout watchdog d.u.i.k.p.r.p.ForkedTestFileRunner Timeout watcher launched (2000 secs.) 
402        WARN  main            d.u.i.k.s.ProofSettings   The settings in /home/runner/.key/proof-settings.props are *not* read. 
434        INFO  main            d.u.i.k.p.r.p.TestFile    Now processing file /home/runner/work/key/key/key.core/../key.ui/examples/heap/model_methods/Cell_footprint_acc.key 
537        INFO  main            d.u.i.k.p.i.AbstractProblemLoader Loading environment from /home/runner/work/key/key/key.core/../key.ui/examples/heap/model_methods/Cell_footprint_acc.key 
553        DEBUG main            d.u.i.k.p.i.AbstractProblemLoader Environment load took 1.85ms 
761        INFO  main            d.u.i.k.p.i.AbstractProblemLoader Creating init config 
1622       DEBUG main            d.u.i.k.j.TypeConverter   No LDT found for Meta 
1623       DEBUG main            d.u.i.k.j.TypeConverter   No LDT found for Meta 
1626       DEBUG main            d.u.i.k.j.TypeConverter   No LDT found for Meta 
1626       DEBUG main            d.u.i.k.j.TypeConverter   No LDT found for Meta 
2828       DEBUG main            d.u.i.k.j.TypeConverter   No LDT found for JavaBigintExpression 
7821       DEBUG main            d.u.i.k.p.i.AbstractProblemLoader Init config took 7.06s 
8007       INFO  main            d.u.i.k.p.i.AbstractProblemLoader Replaying proof Cell[Cell::footprint()].JML accessible clause.0 
8041       DEBUG main            d.u.i.k.p.i.IntermediateProofReplayer Proof replay took 30.4ns 
8571       INFO  main            d.u.i.k.p.r.p.TestFile    ... finished proof: closed. 
8666       INFO  main            d.u.i.k.p.i.AbstractProblemLoader Loading environment from /home/runner/work/key/key/key.core/../key.ui/examples/heap/model_methods/Cell_footprint_acc.key.proof 
8666       DEBUG main            d.u.i.k.p.i.AbstractProblemLoader Environment load took 219.7ns 
8668       INFO  main            d.u.i.k.p.i.AbstractProblemLoader Creating init config 
11389      DEBUG main            d.u.i.k.p.i.AbstractProblemLoader Init config took 2.72s 
11462      INFO  main            d.u.i.k.p.i.AbstractProblemLoader Replaying proof Cell[Cell::footprint()].JML accessible clause.0 
11502      DEBUG main            d.u.i.k.p.i.IntermediateProofReplayer Proof replay took 34.71ms 
11508      DEBUG main            d.u.i.k.p.r.p.TestFile    ... success: reloaded. 
11510      INFO  main            d.u.i.k.p.r.p.TestFile    Now processing file /home/runner/work/key/key/key.core/../key.ui/examples/heap/model_methods/Cell_footprint.key 
11511      INFO  main            d.u.i.k.p.i.AbstractProblemLoader Loading environment from /home/runner/work/key/key/key.core/../key.ui/examples/heap/model_methods/Cell_footprint.key 
11511      DEBUG main            d.u.i.k.p.i.AbstractProblemLoader Environment load took 169.1ns 
11512      INFO  main            d.u.i.k.p.i.AbstractProblemLoader Creating init config 
14127      DEBUG main            d.u.i.k.p.i.AbstractProblemLoader Init config took 2.61s 
14214      INFO  main            d.u.i.k.p.i.AbstractProblemLoader Replaying proof Cell[Cell::footprint()].JML model_behavior operation contract.0 
14220      DEBUG main            d.u.i.k.p.i.IntermediateProofReplayer Proof replay took 6.2ns 
14323      INFO  main            d.u.i.k.p.r.p.TestFile    ... finished proof: closed. 
14442      INFO  main            d.u.i.k.p.i.AbstractProblemLoader Loading environment from /home/runner/work/key/key/key.core/../key.ui/examples/heap/model_methods/Cell_footprint.key.proof 
14442      DEBUG main            d.u.i.k.p.i.AbstractProblemLoader Environment load took 126.2ns 
14443      INFO  main            d.u.i.k.p.i.AbstractProblemLoader Creating init config 
17013      DEBUG main            d.u.i.k.p.i.AbstractProblemLoader Init config took 2.57s 
17072      INFO  main            d.u.i.k.p.i.AbstractProblemLoader Replaying proof Cell[Cell::footprint()].JML model_behavior operation contract.0 
17080      DEBUG main            d.u.i.k.p.i.IntermediateProofReplayer Proof replay took 6.14ms 
17081      DEBUG main            d.u.i.k.p.r.p.TestFile    ... success: reloaded. 
17082      INFO  main            d.u.i.k.p.r.p.TestFile    Now processing file /home/runner/work/key/key/key.core/../key.ui/examples/heap/model_methods/Cell_get_acc.key 
17083      INFO  main            d.u.i.k.p.i.AbstractProblemLoader Loading environment from /home/runner/work/key/key/key.core/../key.ui/examples/heap/model_methods/Cell_get_acc.key 
17083      DEBUG main            d.u.i.k.p.i.AbstractProblemLoader Environment load took 168.9ns 
17084      INFO  main            d.u.i.k.p.i.AbstractProblemLoader Creating init config 
19570      DEBUG main            d.u.i.k.p.i.AbstractProblemLoader Init config took 2.49s 
19621      INFO  main            d.u.i.k.p.i.AbstractProblemLoader Replaying proof Cell[Cell::get()].JML accessible clause.0 
19623      DEBUG main            d.u.i.k.p.i.IntermediateProofReplayer Proof replay took 5ns 
19830      INFO  main            d.u.i.k.p.r.p.TestFile    ... finished proof: closed. 
20006      INFO  main            d.u.i.k.p.i.AbstractProblemLoader Loading environment from /home/runner/work/key/key/key.core/../key.ui/examples/heap/model_methods/Cell_get_acc.key.proof 
20006      DEBUG main            d.u.i.k.p.i.AbstractProblemLoader Environment load took 108.8ns 
20007      INFO  main            d.u.i.k.p.i.AbstractProblemLoader Creating init config 
22480      DEBUG main            d.u.i.k.p.i.AbstractProblemLoader Init config took 2.47s 
22529      INFO  main            d.u.i.k.p.i.AbstractProblemLoader Replaying proof Cell[Cell::get()].JML accessible clause.0 
22561      DEBUG main            d.u.i.k.p.i.IntermediateProofReplayer Proof replay took 29.47ms 
22562      DEBUG main            d.u.i.k.p.r.p.TestFile    ... success: reloaded. 
22563      INFO  main            d.u.i.k.p.r.p.TestFile    Now processing file /home/runner/work/key/key/key.core/../key.ui/examples/heap/model_methods/Cell_get.key 
22563      INFO  main            d.u.i.k.p.i.AbstractProblemLoader Loading environment from /home/runner/work/key/key/key.core/../key.ui/examples/heap/model_methods/Cell_get.key 
22563      DEBUG main            d.u.i.k.p.i.AbstractProblemLoader Environment load took 158.4ns 
22564      INFO  main            d.u.i.k.p.i.AbstractProblemLoader Creating init config 
25100      DEBUG main            d.u.i.k.p.i.AbstractProblemLoader Init config took 2.54s 
25154      INFO  main            d.u.i.k.p.i.AbstractProblemLoader Replaying proof Cell[Cell::get()].JML operation contract.0 
25156      DEBUG main            d.u.i.k.p.i.IntermediateProofReplayer Proof replay took 5ns 
25258      INFO  main            d.u.i.k.p.r.p.TestFile    ... finished proof: closed. 
25392      INFO  main            d.u.i.k.p.i.AbstractProblemLoader Loading environment from /home/runner/work/key/key/key.core/../key.ui/examples/heap/model_methods/Cell_get.key.proof 
25392      DEBUG main            d.u.i.k.p.i.AbstractProblemLoader Environment load took 107.6ns 
25393      INFO  main            d.u.i.k.p.i.AbstractProblemLoader Creating init config 
27837      DEBUG main            d.u.i.k.p.i.AbstractProblemLoader Init config took 2.44s 
27895      INFO  main            d.u.i.k.p.i.AbstractProblemLoader Replaying proof Cell[Cell::get()].JML operation contract.0 
27913      DEBUG main            d.u.i.k.p.i.IntermediateProofReplayer Proof replay took 15.15ms 
27914      DEBUG main            d.u.i.k.p.r.p.TestFile    ... success: reloaded. 
27915      INFO  main            d.u.i.k.p.r.p.TestFile    Now processing file /home/runner/work/key/key/key.core/../key.ui/examples/heap/model_methods/Cell_post_set.key 
27915      INFO  main            d.u.i.k.p.i.AbstractProblemLoader Loading environment from /home/runner/work/key/key/key.core/../key.ui/examples/heap/model_methods/Cell_post_set.key 
27915      DEBUG main            d.u.i.k.p.i.AbstractProblemLoader Environment load took 148.8ns 
27916      INFO  main            d.u.i.k.p.i.AbstractProblemLoader Creating init config 
30337      DEBUG main            d.u.i.k.p.i.AbstractProblemLoader Init config took 2.42s 
30386      INFO  main            d.u.i.k.p.i.AbstractProblemLoader Replaying proof Cell[Cell::post_set(int)].JML model_behavior operation contract.0 
30388      DEBUG main            d.u.i.k.p.i.IntermediateProofReplayer Proof replay took 5.5ns 
30489      INFO  main            d.u.i.k.p.r.p.TestFile    ... finished proof: closed. 
30631      INFO  main            d.u.i.k.p.i.AbstractProblemLoader Loading environment from /home/runner/work/key/key/key.core/../key.ui/examples/heap/model_methods/Cell_post_set.key.proof 
30631      DEBUG main            d.u.i.k.p.i.AbstractProblemLoader Environment load took 108.5ns 
30632      INFO  main            d.u.i.k.p.i.AbstractProblemLoader Creating init config 
33022      DEBUG main            d.u.i.k.p.i.AbstractProblemLoader Init config took 2.39s 
33081      INFO  main            d.u.i.k.p.i.AbstractProblemLoader Replaying proof Cell[Cell::post_set(int)].JML model_behavior operation contract.0 
33088      DEBUG main            d.u.i.k.p.i.IntermediateProofReplayer Proof replay took 5ms 
33089      DEBUG main            d.u.i.k.p.r.p.TestFile    ... success: reloaded. 
33090      INFO  main            d.u.i.k.p.r.p.TestFile    Now processing file /home/runner/work/key/key/key.core/../key.ui/examples/heap/model_methods/Cell_set.key 
33090      INFO  main            d.u.i.k.p.i.AbstractProblemLoader Loading environment from /home/runner/work/key/key/key.core/../key.ui/examples/heap/model_methods/Cell_set.key 
33090      DEBUG main            d.u.i.k.p.i.AbstractProblemLoader Environment load took 167.2ns 
33091      INFO  main            d.u.i.k.p.i.AbstractProblemLoader Creating init config 
35548      DEBUG main            d.u.i.k.p.i.AbstractProblemLoader Init config took 2.46s 
35594      INFO  main            d.u.i.k.p.i.AbstractProblemLoader Replaying proof Cell[Cell::set(int)].JML operation contract.0 
35595      DEBUG main            d.u.i.k.p.i.IntermediateProofReplayer Proof replay took 5.3ns 
41857      INFO  main            d.u.i.k.p.r.p.TestFile    ... finished proof: closed. 
42034      INFO  main            d.u.i.k.p.i.AbstractProblemLoader Loading environment from /home/runner/work/key/key/key.core/../key.ui/examples/heap/model_methods/Cell_set.key.proof 
42034      DEBUG main            d.u.i.k.p.i.AbstractProblemLoader Environment load took 162.2ns 
42035      INFO  main            d.u.i.k.p.i.AbstractProblemLoader Creating init config 
44437      DEBUG main            d.u.i.k.p.i.AbstractProblemLoader Init config took 2.4s 
44482      INFO  main            d.u.i.k.p.i.AbstractProblemLoader Replaying proof Cell[Cell::set(int)].JML operation contract.0 
45023      DEBUG main            d.u.i.k.p.i.IntermediateProofReplayer Proof replay took 524.38ms 
45025      DEBUG main            d.u.i.k.p.r.p.TestFile    ... success: reloaded. 
45026      INFO  main            d.u.i.k.p.r.p.TestFile    Now processing file /home/runner/work/key/key/key.core/../key.ui/examples/heap/model_methods/CellTest_callSet.key 
45026      INFO  main            d.u.i.k.p.i.AbstractProblemLoader Loading environment from /home/runner/work/key/key/key.core/../key.ui/examples/heap/model_methods/CellTest_callSet.key 
45026      DEBUG main            d.u.i.k.p.i.AbstractProblemLoader Environment load took 138.9ns 
45027      INFO  main            d.u.i.k.p.i.AbstractProblemLoader Creating init config 
47479      DEBUG main            d.u.i.k.p.i.AbstractProblemLoader Init config took 2.45s 
47523      INFO  main            d.u.i.k.p.i.AbstractProblemLoader Replaying proof CellTest[CellTest::callSet(Cell,int)].JML operation contract.0 
47524      DEBUG main            d.u.i.k.p.i.IntermediateProofReplayer Proof replay took 6ns 
47730      INFO  main            d.u.i.k.p.r.p.TestFile    ... finished proof: closed. 
47909      INFO  main            d.u.i.k.p.i.AbstractProblemLoader Loading environment from /home/runner/work/key/key/key.core/../key.ui/examples/heap/model_methods/CellTest_callSet.key.proof 
47909      DEBUG main            d.u.i.k.p.i.AbstractProblemLoader Environment load took 105.3ns 
47910      INFO  main            d.u.i.k.p.i.AbstractProblemLoader Creating init config 
50282      DEBUG main            d.u.i.k.p.i.AbstractProblemLoader Init config took 2.37s 
50326      INFO  main            d.u.i.k.p.i.AbstractProblemLoader Replaying proof CellTest[CellTest::callSet(Cell,int)].JML operation contract.0 
50369      DEBUG main            d.u.i.k.p.i.IntermediateProofReplayer Proof replay took 40.46ms 
50370      DEBUG main            d.u.i.k.p.r.p.TestFile    ... success: reloaded. 
50372      INFO  main            d.u.i.k.p.r.p.TestFile    Now processing file /home/runner/work/key/key/key.core/../key.ui/examples/heap/model_methods/CellTest_test2.key 
50372      INFO  main            d.u.i.k.p.i.AbstractProblemLoader Loading environment from /home/runner/work/key/key/key.core/../key.ui/examples/heap/model_methods/CellTest_test2.key 
50372      DEBUG main            d.u.i.k.p.i.AbstractProblemLoader Environment load took 154.1ns 
50373      INFO  main            d.u.i.k.p.i.AbstractProblemLoader Creating init config 
52811      DEBUG main            d.u.i.k.p.i.AbstractProblemLoader Init config took 2.44s 
52854      INFO  main            d.u.i.k.p.i.AbstractProblemLoader Replaying proof CellTest[CellTest::test2(Cell)].JML operation contract.0 
52855      DEBUG main            d.u.i.k.p.i.IntermediateProofReplayer Proof replay took 6.2ns 
53158      INFO  main            d.u.i.k.p.r.p.TestFile    ... finished proof: closed. 
53345      INFO  main            d.u.i.k.p.i.AbstractProblemLoader Loading environment from /home/runner/work/key/key/key.core/../key.ui/examples/heap/model_methods/CellTest_test2.key.proof 
53345      DEBUG main            d.u.i.k.p.i.AbstractProblemLoader Environment load took 104.5ns 
53346      INFO  main            d.u.i.k.p.i.AbstractProblemLoader Creating init config 
55717      DEBUG main            d.u.i.k.p.i.AbstractProblemLoader Init config took 2.37s 
55761      INFO  main            d.u.i.k.p.i.AbstractProblemLoader Replaying proof CellTest[CellTest::test2(Cell)].JML operation contract.0 
55838      DEBUG main            d.u.i.k.p.i.IntermediateProofReplayer Proof replay took 73.64ms 
55839      DEBUG main            d.u.i.k.p.r.p.TestFile    ... success: reloaded. 
55840      INFO  main            d.u.i.k.p.r.p.TestFile    Now processing file /home/runner/work/key/key/key.core/../key.ui/examples/heap/model_methods/CellTest_test.key 
55840      INFO  main            d.u.i.k.p.i.AbstractProblemLoader Loading environment from /home/runner/work/key/key/key.core/../key.ui/examples/heap/model_methods/CellTest_test.key 
55841      DEBUG main            d.u.i.k.p.i.AbstractProblemLoader Environment load took 154.8ns 
55841      INFO  main            d.u.i.k.p.i.AbstractProblemLoader Creating init config 
58281      DEBUG main            d.u.i.k.p.i.AbstractProblemLoader Init config took 2.44s 
58323      INFO  main            d.u.i.k.p.i.AbstractProblemLoader Replaying proof CellTest[CellTest::test(Recell)].JML operation contract.0 
58325      DEBUG main            d.u.i.k.p.i.IntermediateProofReplayer Proof replay took 6.1ns 
60859      INFO  main            d.u.i.k.p.r.p.TestFile    ... finished proof: closed. 
61097      INFO  main            d.u.i.k.p.i.AbstractProblemLoader Loading environment from /home/runner/work/key/key/key.core/../key.ui/examples/heap/model_methods/CellTest_test.key.proof 
61097      DEBUG main            d.u.i.k.p.i.AbstractProblemLoader Environment load took 298.4ns 
61098      INFO  main            d.u.i.k.p.i.AbstractProblemLoader Creating init config 
63464      DEBUG main            d.u.i.k.p.i.AbstractProblemLoader Init config took 2.37s 
63505      INFO  main            d.u.i.k.p.i.AbstractProblemLoader Replaying proof CellTest[CellTest::test(Recell)].JML operation contract.0 
64009      DEBUG main            d.u.i.k.p.i.IntermediateProofReplayer Proof replay took 484.84ms 
64010      DEBUG main            d.u.i.k.p.r.p.TestFile    ... success: reloaded. 
64012      INFO  main            d.u.i.k.p.r.p.TestFile    Now processing file /home/runner/work/key/key/key.core/../key.ui/examples/heap/model_methods/Coll1_add.key 
64012      INFO  main            d.u.i.k.p.i.AbstractProblemLoader Loading environment from /home/runner/work/key/key/key.core/../key.ui/examples/heap/model_methods/Coll1_add.key 
64012      DEBUG main            d.u.i.k.p.i.AbstractProblemLoader Environment load took 159.6ns 
64013      INFO  main            d.u.i.k.p.i.AbstractProblemLoader Creating init config 
66402      DEBUG main            d.u.i.k.p.i.AbstractProblemLoader Init config took 2.39s 
66443      INFO  main            d.u.i.k.p.i.AbstractProblemLoader Replaying proof Coll1[Coll::add(int)].JML operation contract.0 
66444      DEBUG main            d.u.i.k.p.i.IntermediateProofReplayer Proof replay took 5.4ns 
66546      INFO  main            d.u.i.k.p.r.p.TestFile    ... finished proof: closed. 
66711      INFO  main            d.u.i.k.p.i.AbstractProblemLoader Loading environment from /home/runner/work/key/key/key.core/../key.ui/examples/heap/model_methods/Coll1_add.key.proof 
66711      DEBUG main            d.u.i.k.p.i.AbstractProblemLoader Environment load took 104.1ns 
66712      INFO  main            d.u.i.k.p.i.AbstractProblemLoader Creating init config 
69102      DEBUG main            d.u.i.k.p.i.AbstractProblemLoader Init config took 2.39s 
69143      INFO  main            d.u.i.k.p.i.AbstractProblemLoader Replaying proof Coll1[Coll::add(int)].JML operation contract.0 
69151      DEBUG main            d.u.i.k.p.i.IntermediateProofReplayer Proof replay took 6.45ms 
69152      DEBUG main            d.u.i.k.p.r.p.TestFile    ... success: reloaded. 
69153      INFO  main            d.u.i.k.p.r.p.TestFile    Now processing file /home/runner/work/key/key/key.core/../key.ui/examples/heap/model_methods/Coll1_Coll1_add_pre.key 
69153      INFO  main            d.u.i.k.p.i.AbstractProblemLoader Loading environment from /home/runner/work/key/key/key.core/../key.ui/examples/heap/model_methods/Coll1_Coll1_add_pre.key 
69153      DEBUG main            d.u.i.k.p.i.AbstractProblemLoader Environment load took 79.9ns 
69154      INFO  main            d.u.i.k.p.i.AbstractProblemLoader Creating init config 
71595      DEBUG main            d.u.i.k.p.i.AbstractProblemLoader Init config took 2.44s 
71635      INFO  main            d.u.i.k.p.i.AbstractProblemLoader Replaying proof Coll1[Coll1::add_pre(int)].JML model_behavior operation contract.0 
71636      DEBUG main            d.u.i.k.p.i.IntermediateProofReplayer Proof replay took 5.5ns 
71738      INFO  main            d.u.i.k.p.r.p.TestFile    ... finished proof: closed. 
71910      INFO  main            d.u.i.k.p.i.AbstractProblemLoader Loading environment from /home/runner/work/key/key/key.core/../key.ui/examples/heap/model_methods/Coll1_Coll1_add_pre.key.proof 
71910      DEBUG main            d.u.i.k.p.i.AbstractProblemLoader Environment load took 102.1ns 
71911      INFO  main            d.u.i.k.p.i.AbstractProblemLoader Creating init config 
74246      DEBUG main            d.u.i.k.p.i.AbstractProblemLoader Init config took 2.34s 
74286      INFO  main            d.u.i.k.p.i.AbstractProblemLoader Replaying proof Coll1[Coll1::add_pre(int)].JML model_behavior operation contract.0 
74291      DEBUG main            d.u.i.k.p.i.IntermediateProofReplayer Proof replay took 1.4ms 
74293      DEBUG main            d.u.i.k.p.r.p.TestFile    ... success: reloaded. 
74295      INFO  main            d.u.i.k.p.r.p.TestFile    Now processing file /home/runner/work/key/key/key.core/../key.ui/examples/heap/model_methods/Coll1_Coll_add_pre.key 
74296      INFO  main            d.u.i.k.p.i.AbstractProblemLoader Loading environment from /home/runner/work/key/key/key.core/../key.ui/examples/heap/model_methods/Coll1_Coll_add_pre.key 
74296      DEBUG main            d.u.i.k.p.i.AbstractProblemLoader Environment load took 181.7ns 
74297      INFO  main            d.u.i.k.p.i.AbstractProblemLoader Creating init config 
76699      DEBUG main            d.u.i.k.p.i.AbstractProblemLoader Init config took 2.4s 
76739      INFO  main            d.u.i.k.p.i.AbstractProblemLoader Replaying proof Coll1[Coll::add_pre(int)].JML model_behavior operation contract.0 
76740      DEBUG main            d.u.i.k.p.i.IntermediateProofReplayer Proof replay took 5.5ns 
76845      INFO  main            d.u.i.k.p.r.p.TestFile    ... finished proof: closed. 
77025      INFO  main            d.u.i.k.p.i.AbstractProblemLoader Loading environment from /home/runner/work/key/key/key.core/../key.ui/examples/heap/model_methods/Coll1_Coll_add_pre.key.proof 
77025      DEBUG main            d.u.i.k.p.i.AbstractProblemLoader Environment load took 102ns 
77026      INFO  main            d.u.i.k.p.i.AbstractProblemLoader Creating init config 
79373      DEBUG main            d.u.i.k.p.i.AbstractProblemLoader Init config took 2.35s 
79422      INFO  main            d.u.i.k.p.i.AbstractProblemLoader Replaying proof Coll1[Coll::add_pre(int)].JML model_behavior operation contract.0 
79425      DEBUG main            d.u.i.k.p.i.IntermediateProofReplayer Proof replay took 2.01ms 
79426      DEBUG main            d.u.i.k.p.r.p.TestFile    ... success: reloaded. 
79427      INFO  main            d.u.i.k.p.r.p.TestFile    Now processing file /home/runner/work/key/key/key.core/../key.ui/examples/heap/model_methods/Coll2_add.key 
79427      INFO  main            d.u.i.k.p.i.AbstractProblemLoader Loading environment from /home/runner/work/key/key/key.core/../key.ui/examples/heap/model_methods/Coll2_add.key 
79427      DEBUG main            d.u.i.k.p.i.AbstractProblemLoader Environment load took 77.5ns 
79428      INFO  main            d.u.i.k.p.i.AbstractProblemLoader Creating init config 
81837      DEBUG main            d.u.i.k.p.i.AbstractProblemLoader Init config took 2.41s 
81877      INFO  main            d.u.i.k.p.i.AbstractProblemLoader Replaying proof Coll2[Coll::add(int)].JML operation contract.0 
81878      DEBUG main            d.u.i.k.p.i.IntermediateProofReplayer Proof replay took 5.4ns 
81979      INFO  main            d.u.i.k.p.r.p.TestFile    ... finished proof: closed. 
82169      INFO  main            d.u.i.k.p.i.AbstractProblemLoader Loading environment from /home/runner/work/key/key/key.core/../key.ui/examples/heap/model_methods/Coll2_add.key.proof 
82169      DEBUG main            d.u.i.k.p.i.AbstractProblemLoader Environment load took 97.4ns 
82170      INFO  main            d.u.i.k.p.i.AbstractProblemLoader Creating init config 
84508      DEBUG main            d.u.i.k.p.i.AbstractProblemLoader Init config took 2.34s 
84549      INFO  main            d.u.i.k.p.i.AbstractProblemLoader Replaying proof Coll2[Coll::add(int)].JML operation contract.0 
84560      DEBUG main            d.u.i.k.p.i.IntermediateProofReplayer Proof replay took 6.28ms 
84560      DEBUG main            d.u.i.k.p.r.p.TestFile    ... success: reloaded. 
84562      INFO  main            d.u.i.k.p.r.p.TestFile    Now processing file /home/runner/work/key/key/key.core/../key.ui/examples/heap/model_methods/Coll2_Coll2_add_pre.key 
84562      INFO  main            d.u.i.k.p.i.AbstractProblemLoader Loading environment from /home/runner/work/key/key/key.core/../key.ui/examples/heap/model_methods/Coll2_Coll2_add_pre.key 
84562      DEBUG main            d.u.i.k.p.i.AbstractProblemLoader Environment load took 147.3ns 
84563      INFO  main            d.u.i.k.p.i.AbstractProblemLoader Creating init config 
86940      DEBUG main            d.u.i.k.p.i.AbstractProblemLoader Init config took 2.38s 
86991      INFO  main            d.u.i.k.p.i.AbstractProblemLoader Replaying proof Coll2[Coll2::add_pre(int)].JML model_behavior operation contract.0 
86992      DEBUG main            d.u.i.k.p.i.IntermediateProofReplayer Proof replay took 5.8ns 
87093      INFO  main            d.u.i.k.p.r.p.TestFile    ... finished proof: closed. 
87282      INFO  main            d.u.i.k.p.i.AbstractProblemLoader Loading environment from /home/runner/work/key/key/key.core/../key.ui/examples/heap/model_methods/Coll2_Coll2_add_pre.key.proof 
87282      DEBUG main            d.u.i.k.p.i.AbstractProblemLoader Environment load took 98.4ns 
87283      INFO  main            d.u.i.k.p.i.AbstractProblemLoader Creating init config 
89652      DEBUG main            d.u.i.k.p.i.AbstractProblemLoader Init config took 2.37s 
89689      INFO  main            d.u.i.k.p.i.AbstractProblemLoader Replaying proof Coll2[Coll2::add_pre(int)].JML model_behavior operation contract.0 
89692      DEBUG main            d.u.i.k.p.i.IntermediateProofReplayer Proof replay took 1.35ms 
89693      DEBUG main            d.u.i.k.p.r.p.TestFile    ... success: reloaded. 
89694      INFO  main            d.u.i.k.p.r.p.TestFile    Now processing file /home/runner/work/key/key/key.core/../key.ui/examples/heap/model_methods/Coll2_Coll_add_pre.key 
89694      INFO  main            d.u.i.k.p.i.AbstractProblemLoader Loading environment from /home/runner/work/key/key/key.core/../key.ui/examples/heap/model_methods/Coll2_Coll_add_pre.key 
89694      DEBUG main            d.u.i.k.p.i.AbstractProblemLoader Environment load took 82ns 
89695      INFO  main            d.u.i.k.p.i.AbstractProblemLoader Creating init config 
92034      DEBUG main            d.u.i.k.p.i.AbstractProblemLoader Init config took 2.34s 
92073      INFO  main            d.u.i.k.p.i.AbstractProblemLoader Replaying proof Coll2[Coll::add_pre(int)].JML model_behavior operation contract.0 
92074      DEBUG main            d.u.i.k.p.i.IntermediateProofReplayer Proof replay took 5.5ns 
92175      INFO  main            d.u.i.k.p.r.p.TestFile    ... finished proof: closed. 
92378      INFO  main            d.u.i.k.p.i.AbstractProblemLoader Loading environment from /home/runner/work/key/key/key.core/../key.ui/examples/heap/model_methods/Coll2_Coll_add_pre.key.proof 
92378      DEBUG main            d.u.i.k.p.i.AbstractProblemLoader Environment load took 94.3ns 
92379      INFO  main            d.u.i.k.p.i.AbstractProblemLoader Creating init config 
94716      DEBUG main            d.u.i.k.p.i.AbstractProblemLoader Init config took 2.34s 
94753      INFO  main            d.u.i.k.p.i.AbstractProblemLoader Replaying proof Coll2[Coll::add_pre(int)].JML model_behavior operation contract.0 
94757      DEBUG main            d.u.i.k.p.i.IntermediateProofReplayer Proof replay took 1.98ms 
94758      DEBUG main            d.u.i.k.p.r.p.TestFile    ... success: reloaded. 
94761      INFO  main            d.u.i.k.p.r.p.TestFile    Now processing file /home/runner/work/key/key/key.core/../key.ui/examples/heap/model_methods/Coll_add.key 
94761      INFO  main            d.u.i.k.p.i.AbstractProblemLoader Loading environment from /home/runner/work/key/key/key.core/../key.ui/examples/heap/model_methods/Coll_add.key 
94762      DEBUG main            d.u.i.k.p.i.AbstractProblemLoader Environment load took 164.7ns 
94762      INFO  main            d.u.i.k.p.i.AbstractProblemLoader Creating init config 
97140      DEBUG main            d.u.i.k.p.i.AbstractProblemLoader Init config took 2.38s 
97178      INFO  main            d.u.i.k.p.i.AbstractProblemLoader Replaying proof Coll[Coll::add(int)].JML operation contract.0 
97179      DEBUG main            d.u.i.k.p.i.IntermediateProofReplayer Proof replay took 5.9ns 
97280      INFO  main            d.u.i.k.p.r.p.TestFile    ... finished proof: closed. 
97484      INFO  main            d.u.i.k.p.i.AbstractProblemLoader Loading environment from /home/runner/work/key/key/key.core/../key.ui/examples/heap/model_methods/Coll_add.key.proof 
97484      DEBUG main            d.u.i.k.p.i.AbstractProblemLoader Environment load took 114.9ns 
97485      INFO  main            d.u.i.k.p.i.AbstractProblemLoader Creating init config 
99801      DEBUG main            d.u.i.k.p.i.AbstractProblemLoader Init config took 2.32s 
99840      INFO  main            d.u.i.k.p.i.AbstractProblemLoader Replaying proof Coll[Coll::add(int)].JML operation contract.0 
99844      DEBUG main            d.u.i.k.p.i.IntermediateProofReplayer Proof replay took 1.96ms 
99845      DEBUG main            d.u.i.k.p.r.p.TestFile    ... success: reloaded. 
99846      INFO  main            d.u.i.k.p.r.p.TestFile    Now processing file /home/runner/work/key/key/key.core/../key.ui/examples/heap/model_methods/Coll_add_pre.key 
99846      INFO  main            d.u.i.k.p.i.AbstractProblemLoader Loading environment from /home/runner/work/key/key/key.core/../key.ui/examples/heap/model_methods/Coll_add_pre.key 
99846      DEBUG main            d.u.i.k.p.i.AbstractProblemLoader Environment load took 149.1ns 
99847      INFO  main            d.u.i.k.p.i.AbstractProblemLoader Creating init config 
102233     DEBUG main            d.u.i.k.p.i.AbstractProblemLoader Init config took 2.39s 
102272     INFO  main            d.u.i.k.p.i.AbstractProblemLoader Replaying proof Coll[Coll::add_pre(int)].JML model_behavior operation contract.0 
102274     DEBUG main            d.u.i.k.p.i.IntermediateProofReplayer Proof replay took 5.9ns 
102375     INFO  main            d.u.i.k.p.r.p.TestFile    ... finished proof: closed. 
102579     INFO  main            d.u.i.k.p.i.AbstractProblemLoader Loading environment from /home/runner/work/key/key/key.core/../key.ui/examples/heap/model_methods/Coll_add_pre.key.proof 
102579     DEBUG main            d.u.i.k.p.i.AbstractProblemLoader Environment load took 136.9ns 
102580     INFO  main            d.u.i.k.p.i.AbstractProblemLoader Creating init config 
104888     DEBUG main            d.u.i.k.p.i.AbstractProblemLoader Init config took 2.31s 
104926     INFO  main            d.u.i.k.p.i.AbstractProblemLoader Replaying proof Coll[Coll::add_pre(int)].JML model_behavior operation contract.0 
104929     DEBUG main            d.u.i.k.p.i.IntermediateProofReplayer Proof replay took 2.31ms 
104930     DEBUG main            d.u.i.k.p.r.p.TestFile    ... success: reloaded. 
104931     INFO  main            d.u.i.k.p.r.p.TestFile    Now processing file /home/runner/work/key/key/key.core/../key.ui/examples/heap/model_methods/Indirect_callAdd.key 
104931     INFO  main            d.u.i.k.p.i.AbstractProblemLoader Loading environment from /home/runner/work/key/key/key.core/../key.ui/examples/heap/model_methods/Indirect_callAdd.key 
104931     DEBUG main            d.u.i.k.p.i.AbstractProblemLoader Environment load took 81.9ns 
104932     INFO  main            d.u.i.k.p.i.AbstractProblemLoader Creating init config 
107312     DEBUG main            d.u.i.k.p.i.AbstractProblemLoader Init config took 2.38s 
107350     INFO  main            d.u.i.k.p.i.AbstractProblemLoader Replaying proof Indirect[Indirect::callAdd(Coll,int)].JML operation contract.0 
107351     DEBUG main            d.u.i.k.p.i.IntermediateProofReplayer Proof replay took 5.2ns 
107453     INFO  main            d.u.i.k.p.r.p.TestFile    ... finished proof: closed. 
107663     INFO  main            d.u.i.k.p.i.AbstractProblemLoader Loading environment from /home/runner/work/key/key/key.core/../key.ui/examples/heap/model_methods/Indirect_callAdd.key.proof 
107664     DEBUG main            d.u.i.k.p.i.AbstractProblemLoader Environment load took 90.1ns 
107665     INFO  main            d.u.i.k.p.i.AbstractProblemLoader Creating init config 
109950     DEBUG main            d.u.i.k.p.i.AbstractProblemLoader Init config took 2.28s 
109998     INFO  main            d.u.i.k.p.i.AbstractProblemLoader Replaying proof Indirect[Indirect::callAdd(Coll,int)].JML operation contract.0 
110021     DEBUG main            d.u.i.k.p.i.IntermediateProofReplayer Proof replay took 21.37ms 
110022     DEBUG main            d.u.i.k.p.r.p.TestFile    ... success: reloaded. 
110023     INFO  main            d.u.i.k.p.r.p.TestFile    Now processing file /home/runner/work/key/key/key.core/../key.ui/examples/heap/model_methods/Indirect_test.key 
110023     INFO  main            d.u.i.k.p.i.AbstractProblemLoader Loading environment from /home/runner/work/key/key/key.core/../key.ui/examples/heap/model_methods/Indirect_test.key 
110023     DEBUG main            d.u.i.k.p.i.AbstractProblemLoader Environment load took 143.1ns 
110024     INFO  main            d.u.i.k.p.i.AbstractProblemLoader Creating init config 
112398     DEBUG main            d.u.i.k.p.i.AbstractProblemLoader Init config took 2.37s 
112442     INFO  main            d.u.i.k.p.i.AbstractProblemLoader Replaying proof Indirect[Indirect::test(Coll1,Coll2)].JML operation contract.0 
112444     DEBUG main            d.u.i.k.p.i.IntermediateProofReplayer Proof replay took 5.4ns 
112646     INFO  main            d.u.i.k.p.r.p.TestFile    ... finished proof: closed. 
112871     INFO  main            d.u.i.k.p.i.AbstractProblemLoader Loading environment from /home/runner/work/key/key/key.core/../key.ui/examples/heap/model_methods/Indirect_test.key.proof 
112871     DEBUG main            d.u.i.k.p.i.AbstractProblemLoader Environment load took 88.6ns 
112872     INFO  main            d.u.i.k.p.i.AbstractProblemLoader Creating init config 
115168     DEBUG main            d.u.i.k.p.i.AbstractProblemLoader Init config took 2.3s 
115208     INFO  main            d.u.i.k.p.i.AbstractProblemLoader Replaying proof Indirect[Indirect::test(Coll1,Coll2)].JML operation contract.0 
115257     DEBUG main            d.u.i.k.p.i.IntermediateProofReplayer Proof replay took 45.98ms 
115258     DEBUG main            d.u.i.k.p.r.p.TestFile    ... success: reloaded. 
115258     INFO  main            d.u.i.k.p.r.p.TestFile    Now processing file /home/runner/work/key/key/key.core/../key.ui/examples/heap/model_methods/Recell_Cell_footprint.key 
115259     INFO  main            d.u.i.k.p.i.AbstractProblemLoader Loading environment from /home/runner/work/key/key/key.core/../key.ui/examples/heap/model_methods/Recell_Cell_footprint.key 
115259     DEBUG main            d.u.i.k.p.i.AbstractProblemLoader Environment load took 147.2ns 
115260     INFO  main            d.u.i.k.p.i.AbstractProblemLoader Creating init config 
117640     DEBUG main            d.u.i.k.p.i.AbstractProblemLoader Init config took 2.38s 
117678     INFO  main            d.u.i.k.p.i.AbstractProblemLoader Replaying proof Recell[Cell::footprint()].JML model_behavior operation contract.0 
117679     DEBUG main            d.u.i.k.p.i.IntermediateProofReplayer Proof replay took 5.3ns 
117781     INFO  main            d.u.i.k.p.r.p.TestFile    ... finished proof: closed. 
118007     INFO  main            d.u.i.k.p.i.AbstractProblemLoader Loading environment from /home/runner/work/key/key/key.core/../key.ui/examples/heap/model_methods/Recell_Cell_footprint.key.proof 
118007     DEBUG main            d.u.i.k.p.i.AbstractProblemLoader Environment load took 94.6ns 
118008     INFO  main            d.u.i.k.p.i.AbstractProblemLoader Creating init config 
120313     DEBUG main            d.u.i.k.p.i.AbstractProblemLoader Init config took 2.31s 
120352     INFO  main            d.u.i.k.p.i.AbstractProblemLoader Replaying proof Recell[Cell::footprint()].JML model_behavior operation contract.0 
120356     DEBUG main            d.u.i.k.p.i.IntermediateProofReplayer Proof replay took 2.63ms 
120357     DEBUG main            d.u.i.k.p.r.p.TestFile    ... success: reloaded. 
120358     INFO  main            d.u.i.k.p.r.p.TestFile    Now processing file /home/runner/work/key/key/key.core/../key.ui/examples/heap/model_methods/Recell_Cell_post_set.key 
120358     INFO  main            d.u.i.k.p.i.AbstractProblemLoader Loading environment from /home/runner/work/key/key/key.core/../key.ui/examples/heap/model_methods/Recell_Cell_post_set.key 
120358     DEBUG main            d.u.i.k.p.i.AbstractProblemLoader Environment load took 51.7ns 
120359     INFO  main            d.u.i.k.p.i.AbstractProblemLoader Creating init config 
122736     DEBUG main            d.u.i.k.p.i.AbstractProblemLoader Init config took 2.38s 
122774     INFO  main            d.u.i.k.p.i.AbstractProblemLoader Replaying proof Recell[Cell::post_set(int)].JML model_behavior operation contract.0 
122775     DEBUG main            d.u.i.k.p.i.IntermediateProofReplayer Proof replay took 5.9ns 
122876     INFO  main            d.u.i.k.p.r.p.TestFile    ... finished proof: closed. 
123100     INFO  main            d.u.i.k.p.i.AbstractProblemLoader Loading environment from /home/runner/work/key/key/key.core/../key.ui/examples/heap/model_methods/Recell_Cell_post_set.key.proof 
123100     DEBUG main            d.u.i.k.p.i.AbstractProblemLoader Environment load took 92.9ns 
123101     INFO  main            d.u.i.k.p.i.AbstractProblemLoader Creating init config 
125398     DEBUG main            d.u.i.k.p.i.AbstractProblemLoader Init config took 2.3s 
125437     INFO  main            d.u.i.k.p.i.AbstractProblemLoader Replaying proof Recell[Cell::post_set(int)].JML model_behavior operation contract.0 
125442     DEBUG main            d.u.i.k.p.i.IntermediateProofReplayer Proof replay took 3.54ms 
125443     DEBUG main            d.u.i.k.p.r.p.TestFile    ... success: reloaded. 
125444     INFO  main            d.u.i.k.p.r.p.TestFile    Now processing file /home/runner/work/key/key/key.core/../key.ui/examples/heap/model_methods/Recell_footprint_acc.key 
125444     INFO  main            d.u.i.k.p.i.AbstractProblemLoader Loading environment from /home/runner/work/key/key/key.core/../key.ui/examples/heap/model_methods/Recell_footprint_acc.key 
125444     DEBUG main            d.u.i.k.p.i.AbstractProblemLoader Environment load took 59.1ns 
125445     INFO  main            d.u.i.k.p.i.AbstractProblemLoader Creating init config 
127784     DEBUG main            d.u.i.k.p.i.AbstractProblemLoader Init config took 2.34s 
127821     INFO  main            d.u.i.k.p.i.AbstractProblemLoader Replaying proof Recell[Cell::footprint()].JML accessible clause.0 
127822     DEBUG main            d.u.i.k.p.i.IntermediateProofReplayer Proof replay took 5.6ns 
127927     INFO  main            d.u.i.k.p.r.p.TestFile    ... finished proof: closed. 
128165     INFO  main            d.u.i.k.p.i.AbstractProblemLoader Loading environment from /home/runner/work/key/key/key.core/../key.ui/examples/heap/model_methods/Recell_footprint_acc.key.proof 
128165     DEBUG main            d.u.i.k.p.i.AbstractProblemLoader Environment load took 95.5ns 
128166     INFO  main            d.u.i.k.p.i.AbstractProblemLoader Creating init config 
130455     DEBUG main            d.u.i.k.p.i.AbstractProblemLoader Init config took 2.29s 
130491     INFO  main            d.u.i.k.p.i.AbstractProblemLoader Replaying proof Recell[Cell::footprint()].JML accessible clause.0 
130509     DEBUG main            d.u.i.k.p.i.IntermediateProofReplayer Proof replay took 15.35ms 
130509     DEBUG main            d.u.i.k.p.r.p.TestFile    ... success: reloaded. 
130510     INFO  main            d.u.i.k.p.r.p.TestFile    Now processing file /home/runner/work/key/key/key.core/../key.ui/examples/heap/model_methods/Recell_get_acc.key 
130510     INFO  main            d.u.i.k.p.i.AbstractProblemLoader Loading environment from /home/runner/work/key/key/key.core/../key.ui/examples/heap/model_methods/Recell_get_acc.key 
130510     DEBUG main            d.u.i.k.p.i.AbstractProblemLoader Environment load took 62ns 
130511     INFO  main            d.u.i.k.p.i.AbstractProblemLoader Creating init config 
132855     DEBUG main            d.u.i.k.p.i.AbstractProblemLoader Init config took 2.34s 
132892     INFO  main            d.u.i.k.p.i.AbstractProblemLoader Replaying proof Recell[Cell::get()].JML accessible clause.0 
132893     DEBUG main            d.u.i.k.p.i.IntermediateProofReplayer Proof replay took 5.4ns 
132995     INFO  main            d.u.i.k.p.r.p.TestFile    ... finished proof: closed. 
133242     INFO  main            d.u.i.k.p.i.AbstractProblemLoader Loading environment from /home/runner/work/key/key/key.core/../key.ui/examples/heap/model_methods/Recell_get_acc.key.proof 
133242     DEBUG main            d.u.i.k.p.i.AbstractProblemLoader Environment load took 91.2ns 
133243     INFO  main            d.u.i.k.p.i.AbstractProblemLoader Creating init config 
135558     DEBUG main            d.u.i.k.p.i.AbstractProblemLoader Init config took 2.31s 
135595     INFO  main            d.u.i.k.p.i.AbstractProblemLoader Replaying proof Recell[Cell::get()].JML accessible clause.0 
135612     DEBUG main            d.u.i.k.p.i.IntermediateProofReplayer Proof replay took 15.27ms 
135613     DEBUG main            d.u.i.k.p.r.p.TestFile    ... success: reloaded. 
135613     INFO  main            d.u.i.k.p.r.p.TestFile    Now processing file /home/runner/work/key/key/key.core/../key.ui/examples/heap/model_methods/Recell_get.key 
135614     INFO  main            d.u.i.k.p.i.AbstractProblemLoader Loading environment from /home/runner/work/key/key/key.core/../key.ui/examples/heap/model_methods/Recell_get.key 
135614     DEBUG main            d.u.i.k.p.i.AbstractProblemLoader Environment load took 74.6ns 
135614     INFO  main            d.u.i.k.p.i.AbstractProblemLoader Creating init config 
137926     DEBUG main            d.u.i.k.p.i.AbstractProblemLoader Init config took 2.31s 
137964     INFO  main            d.u.i.k.p.i.AbstractProblemLoader Replaying proof Recell[Cell::get()].JML operation contract.0 
137965     DEBUG main            d.u.i.k.p.i.IntermediateProofReplayer Proof replay took 5.6ns 
138066     INFO  main            d.u.i.k.p.r.p.TestFile    ... finished proof: closed. 
138314     INFO  main            d.u.i.k.p.i.AbstractProblemLoader Loading environment from /home/runner/work/key/key/key.core/../key.ui/examples/heap/model_methods/Recell_get.key.proof 
138314     DEBUG main            d.u.i.k.p.i.AbstractProblemLoader Environment load took 92.5ns 
138315     INFO  main            d.u.i.k.p.i.AbstractProblemLoader Creating init config 
140607     DEBUG main            d.u.i.k.p.i.AbstractProblemLoader Init config took 2.29s 
140644     INFO  main            d.u.i.k.p.i.AbstractProblemLoader Replaying proof Recell[Cell::get()].JML operation contract.0 
140653     DEBUG main            d.u.i.k.p.i.IntermediateProofReplayer Proof replay took 7.57ms 
140654     DEBUG main            d.u.i.k.p.r.p.TestFile    ... success: reloaded. 
140654     INFO  main            d.u.i.k.p.r.p.TestFile    Now processing file /home/runner/work/key/key/key.core/../key.ui/examples/heap/model_methods/Recell_Recell_footprint.key 
140655     INFO  main            d.u.i.k.p.i.AbstractProblemLoader Loading environment from /home/runner/work/key/key/key.core/../key.ui/examples/heap/model_methods/Recell_Recell_footprint.key 
140655     DEBUG main            d.u.i.k.p.i.AbstractProblemLoader Environment load took 104.7ns 
140656     INFO  main            d.u.i.k.p.i.AbstractProblemLoader Creating init config 
142995     DEBUG main            d.u.i.k.p.i.AbstractProblemLoader Init config took 2.34s 
143032     INFO  main            d.u.i.k.p.i.AbstractProblemLoader Replaying proof Recell[Recell::footprint()].JML model_behavior operation contract.0 
143033     DEBUG main            d.u.i.k.p.i.IntermediateProofReplayer Proof replay took 5.5ns 
143136     INFO  main            d.u.i.k.p.r.p.TestFile    ... finished proof: closed. 
143414     INFO  main            d.u.i.k.p.i.AbstractProblemLoader Loading environment from /home/runner/work/key/key/key.core/../key.ui/examples/heap/model_methods/Recell_Recell_footprint.key.proof 
143414     DEBUG main            d.u.i.k.p.i.AbstractProblemLoader Environment load took 90.4ns 
143415     INFO  main            d.u.i.k.p.i.AbstractProblemLoader Creating init config 
145700     DEBUG main            d.u.i.k.p.i.AbstractProblemLoader Init config took 2.29s 
145737     INFO  main            d.u.i.k.p.i.AbstractProblemLoader Replaying proof Recell[Recell::footprint()].JML model_behavior operation contract.0 
145739     DEBUG main            d.u.i.k.p.i.IntermediateProofReplayer Proof replay took 1.19ms 
145740     DEBUG main            d.u.i.k.p.r.p.TestFile    ... success: reloaded. 
145741     INFO  main            d.u.i.k.p.r.p.TestFile    Now processing file /home/runner/work/key/key/key.core/../key.ui/examples/heap/model_methods/Recell_Recell_post_set.key 
145744     INFO  main            d.u.i.k.p.i.AbstractProblemLoader Loading environment from /home/runner/work/key/key/key.core/../key.ui/examples/heap/model_methods/Recell_Recell_post_set.key 
145744     DEBUG main            d.u.i.k.p.i.AbstractProblemLoader Environment load took 275.2ns 
145745     INFO  main            d.u.i.k.p.i.AbstractProblemLoader Creating init config 
148128     DEBUG main            d.u.i.k.p.i.AbstractProblemLoader Init config took 2.38s 
148164     INFO  main            d.u.i.k.p.i.AbstractProblemLoader Replaying proof Recell[Recell::post_set(int)].JML model_behavior operation contract.0 
148166     DEBUG main            d.u.i.k.p.i.IntermediateProofReplayer Proof replay took 11.2ns 
148267     INFO  main            d.u.i.k.p.r.p.TestFile    ... finished proof: closed. 
148516     INFO  main            d.u.i.k.p.i.AbstractProblemLoader Loading environment from /home/runner/work/key/key/key.core/../key.ui/examples/heap/model_methods/Recell_Recell_post_set.key.proof 
148516     DEBUG main            d.u.i.k.p.i.AbstractProblemLoader Environment load took 84.1ns 
148517     INFO  main            d.u.i.k.p.i.AbstractProblemLoader Creating init config 
150804     DEBUG main            d.u.i.k.p.i.AbstractProblemLoader Init config took 2.29s 
150841     INFO  main            d.u.i.k.p.i.AbstractProblemLoader Replaying proof Recell[Recell::post_set(int)].JML model_behavior operation contract.0 
150845     DEBUG main            d.u.i.k.p.i.IntermediateProofReplayer Proof replay took 2.22ms 
150845     DEBUG main            d.u.i.k.p.r.p.TestFile    ... success: reloaded. 
150846     INFO  main            d.u.i.k.p.r.p.TestFile    Now processing file /home/runner/work/key/key/key.core/../key.ui/examples/heap/model_methods/Recell_set.key 
150847     INFO  main            d.u.i.k.p.i.AbstractProblemLoader Loading environment from /home/runner/work/key/key/key.core/../key.ui/examples/heap/model_methods/Recell_set.key 
150847     DEBUG main            d.u.i.k.p.i.AbstractProblemLoader Environment load took 147.3ns 
150848     INFO  main            d.u.i.k.p.i.AbstractProblemLoader Creating init config 
153208     DEBUG main            d.u.i.k.p.i.AbstractProblemLoader Init config took 2.36s 
153245     INFO  main            d.u.i.k.p.i.AbstractProblemLoader Replaying proof Recell[Cell::set(int)].JML operation contract.0 
153246     DEBUG main            d.u.i.k.p.i.IntermediateProofReplayer Proof replay took 6.1ns 
159958     INFO  main            d.u.i.k.p.r.p.TestFile    ... finished proof: closed. 
160256     INFO  main            d.u.i.k.p.i.AbstractProblemLoader Loading environment from /home/runner/work/key/key/key.core/../key.ui/examples/heap/model_methods/Recell_set.key.proof 
160258     DEBUG main            d.u.i.k.p.i.AbstractProblemLoader Environment load took 2.02ms 
160259     INFO  main            d.u.i.k.p.i.AbstractProblemLoader Creating init config 
162533     DEBUG main            d.u.i.k.p.i.AbstractProblemLoader Init config took 2.27s 
162570     INFO  main            d.u.i.k.p.i.AbstractProblemLoader Replaying proof Recell[Cell::set(int)].JML operation contract.0 
163014     DEBUG main            d.u.i.k.p.i.IntermediateProofReplayer Proof replay took 425.62ms 
163015     DEBUG main            d.u.i.k.p.r.p.TestFile    ... success: reloaded. 
163016     INFO  main            d.u.i.k.p.r.p.TestFile    Now processing file /home/runner/work/key/key/key.core/../key.ui/examples/heap/model_methods/Recell_undo.key 
163016     INFO  main            d.u.i.k.p.i.AbstractProblemLoader Loading environment from /home/runner/work/key/key/key.core/../key.ui/examples/heap/model_methods/Recell_undo.key 
163016     DEBUG main            d.u.i.k.p.i.AbstractProblemLoader Environment load took 170.3ns 
163017     INFO  main            d.u.i.k.p.i.AbstractProblemLoader Creating init config 
165371     DEBUG main            d.u.i.k.p.i.AbstractProblemLoader Init config took 2.35s 
165409     INFO  main            d.u.i.k.p.i.AbstractProblemLoader Replaying proof Recell[Recell::undo()].JML operation contract.0 
165410     DEBUG main            d.u.i.k.p.i.IntermediateProofReplayer Proof replay took 5.8ns 
165511     INFO  main            d.u.i.k.p.r.p.TestFile    ... finished proof: closed. 
165776     INFO  main            d.u.i.k.p.i.AbstractProblemLoader Loading environment from /home/runner/work/key/key/key.core/../key.ui/examples/heap/model_methods/Recell_undo.key.proof 
165776     DEBUG main            d.u.i.k.p.i.AbstractProblemLoader Environment load took 306.6ns 
165777     INFO  main            d.u.i.k.p.i.AbstractProblemLoader Creating init config 
168062     DEBUG main            d.u.i.k.p.i.AbstractProblemLoader Init config took 2.29s 
168099     INFO  main            d.u.i.k.p.i.AbstractProblemLoader Replaying proof Recell[Recell::undo()].JML operation contract.0 
168129     DEBUG main            d.u.i.k.p.i.IntermediateProofReplayer Proof replay took 26.96ms 
168129     DEBUG main            d.u.i.k.p.r.p.TestFile    ... success: reloaded. 
4052202    INFO  Test worker     d.u.i.k.p.r.RunAllProofsTestUnit Returning from test modelMethods 
4052203    INFO  Test worker     d.u.i.k.p.r.RunAllProofsTestUnit Running test permissionHeap 
360        WARN  main            d.u.i.k.s.ProofSettings   The settings in /home/runner/.key/proof-settings.props are *not* read. 
362        INFO  Timeout watchdog d.u.i.k.p.r.p.ForkedTestFileRunner Timeout watcher launched (2000 secs.) 
406        INFO  main            d.u.i.k.p.r.p.TestFile    Now processing file /home/runner/work/key/key/key.core/../key.ui/examples/heap/permissions/permissions_method0.key 
533        INFO  main            d.u.i.k.p.i.AbstractProblemLoader Loading environment from /home/runner/work/key/key/key.core/../key.ui/examples/heap/permissions/permissions_method0.key 
549        DEBUG main            d.u.i.k.p.i.AbstractProblemLoader Environment load took 1.87ms 
794        INFO  main            d.u.i.k.p.i.AbstractProblemLoader Creating init config 
1737       DEBUG main            d.u.i.k.j.TypeConverter   No LDT found for Meta 
1738       DEBUG main            d.u.i.k.j.TypeConverter   No LDT found for Meta 
1741       DEBUG main            d.u.i.k.j.TypeConverter   No LDT found for Meta 
1741       DEBUG main            d.u.i.k.j.TypeConverter   No LDT found for Meta 
2926       DEBUG main            d.u.i.k.j.TypeConverter   No LDT found for JavaBigintExpression 
8366       DEBUG main            d.u.i.k.p.i.AbstractProblemLoader Init config took 7.57s 
8486       INFO  main            d.u.i.k.p.i.AbstractProblemLoader Replaying proof MyClass[MyClass::method0()].JML normal_behavior operation contract.0 
8516       DEBUG main            d.u.i.k.p.i.IntermediateProofReplayer Proof replay took 29.5ns 
9493       INFO  main            d.u.i.k.p.r.p.TestFile    ... finished proof: closed. 
9604       INFO  main            d.u.i.k.p.i.AbstractProblemLoader Loading environment from /home/runner/work/key/key/key.core/../key.ui/examples/heap/permissions/permissions_method0.key.proof 
9604       DEBUG main            d.u.i.k.p.i.AbstractProblemLoader Environment load took 331.2ns 
9607       INFO  main            d.u.i.k.p.i.AbstractProblemLoader Creating init config 
12460      DEBUG main            d.u.i.k.p.i.AbstractProblemLoader Init config took 2.85s 
12523      INFO  main            d.u.i.k.p.i.AbstractProblemLoader Replaying proof MyClass[MyClass::method0()].JML normal_behavior operation contract.0 
12627      DEBUG main            d.u.i.k.p.i.IntermediateProofReplayer Proof replay took 98.43ms 
12633      DEBUG main            d.u.i.k.p.r.p.TestFile    ... success: reloaded. 
12635      INFO  main            d.u.i.k.p.r.p.TestFile    Now processing file /home/runner/work/key/key/key.core/../key.ui/examples/heap/permissions/permissions_method1.key 
12635      INFO  main            d.u.i.k.p.i.AbstractProblemLoader Loading environment from /home/runner/work/key/key/key.core/../key.ui/examples/heap/permissions/permissions_method1.key 
12635      DEBUG main            d.u.i.k.p.i.AbstractProblemLoader Environment load took 186.3ns 
12636      INFO  main            d.u.i.k.p.i.AbstractProblemLoader Creating init config 
15392      DEBUG main            d.u.i.k.p.i.AbstractProblemLoader Init config took 2.76s 
15449      INFO  main            d.u.i.k.p.i.AbstractProblemLoader Replaying proof MyClass[MyClass::method1()].JML normal_behavior operation contract.0 
15451      DEBUG main            d.u.i.k.p.i.IntermediateProofReplayer Proof replay took 4.6ns 
15754      INFO  main            d.u.i.k.p.r.p.TestFile    ... finished proof: closed. 
15903      INFO  main            d.u.i.k.p.i.AbstractProblemLoader Loading environment from /home/runner/work/key/key/key.core/../key.ui/examples/heap/permissions/permissions_method1.key.proof 
15904      DEBUG main            d.u.i.k.p.i.AbstractProblemLoader Environment load took 472.5ns 
15913      INFO  main            d.u.i.k.p.i.AbstractProblemLoader Creating init config 
18580      DEBUG main            d.u.i.k.p.i.AbstractProblemLoader Init config took 2.67s 
18636      INFO  main            d.u.i.k.p.i.AbstractProblemLoader Replaying proof MyClass[MyClass::method1()].JML normal_behavior operation contract.0 
18699      DEBUG main            d.u.i.k.p.i.IntermediateProofReplayer Proof replay took 59.45ms 
18700      DEBUG main            d.u.i.k.p.r.p.TestFile    ... success: reloaded. 
18701      INFO  main            d.u.i.k.p.r.p.TestFile    Now processing file /home/runner/work/key/key/key.core/../key.ui/examples/heap/permissions/permissions_method3.key 
18701      INFO  main            d.u.i.k.p.i.AbstractProblemLoader Loading environment from /home/runner/work/key/key/key.core/../key.ui/examples/heap/permissions/permissions_method3.key 
18702      DEBUG main            d.u.i.k.p.i.AbstractProblemLoader Environment load took 169.3ns 
18703      INFO  main            d.u.i.k.p.i.AbstractProblemLoader Creating init config 
21390      DEBUG main            d.u.i.k.p.i.AbstractProblemLoader Init config took 2.69s 
21435      INFO  main            d.u.i.k.p.i.AbstractProblemLoader Replaying proof MyClass[MyClass::method3()].JML normal_behavior operation contract.0 
21438      DEBUG main            d.u.i.k.p.i.IntermediateProofReplayer Proof replay took 4.8ns 
22873      INFO  main            d.u.i.k.p.r.p.TestFile    ... finished proof: closed. 
23023      INFO  main            d.u.i.k.p.i.AbstractProblemLoader Loading environment from /home/runner/work/key/key/key.core/../key.ui/examples/heap/permissions/permissions_method3.key.proof 
23023      DEBUG main            d.u.i.k.p.i.AbstractProblemLoader Environment load took 317.1ns 
23024      INFO  main            d.u.i.k.p.i.AbstractProblemLoader Creating init config 
25659      DEBUG main            d.u.i.k.p.i.AbstractProblemLoader Init config took 2.64s 
25704      INFO  main            d.u.i.k.p.i.AbstractProblemLoader Replaying proof MyClass[MyClass::method3()].JML normal_behavior operation contract.0 
26008      DEBUG main            d.u.i.k.p.i.IntermediateProofReplayer Proof replay took 297.21ms 
26009      DEBUG main            d.u.i.k.p.r.p.TestFile    ... success: reloaded. 
26010      INFO  main            d.u.i.k.p.r.p.TestFile    Now processing file /home/runner/work/key/key/key.core/../key.ui/examples/heap/permissions/permissions_setAB.key 
26011      INFO  main            d.u.i.k.p.i.AbstractProblemLoader Loading environment from /home/runner/work/key/key/key.core/../key.ui/examples/heap/permissions/permissions_setAB.key 
26011      DEBUG main            d.u.i.k.p.i.AbstractProblemLoader Environment load took 153.2ns 
26012      INFO  main            d.u.i.k.p.i.AbstractProblemLoader Creating init config 
28744      DEBUG main            d.u.i.k.p.i.AbstractProblemLoader Init config took 2.73s 
28802      INFO  main            d.u.i.k.p.i.AbstractProblemLoader Replaying proof MyClass[MyClass::setAB()].JML normal_behavior operation contract.0 
28805      DEBUG main            d.u.i.k.p.i.IntermediateProofReplayer Proof replay took 14.1ns 
30410      INFO  main            d.u.i.k.p.r.p.TestFile    ... finished proof: closed. 
30576      INFO  main            d.u.i.k.p.i.AbstractProblemLoader Loading environment from /home/runner/work/key/key/key.core/../key.ui/examples/heap/permissions/permissions_setAB.key.proof 
30582      DEBUG main            d.u.i.k.p.i.AbstractProblemLoader Environment load took 5.19ms 
30583      INFO  main            d.u.i.k.p.i.AbstractProblemLoader Creating init config 
33267      DEBUG main            d.u.i.k.p.i.AbstractProblemLoader Init config took 2.68s 
33317      INFO  main            d.u.i.k.p.i.AbstractProblemLoader Replaying proof MyClass[MyClass::setAB()].JML normal_behavior operation contract.0 
33571      DEBUG main            d.u.i.k.p.i.IntermediateProofReplayer Proof replay took 247.72ms 
33572      DEBUG main            d.u.i.k.p.r.p.TestFile    ... success: reloaded. 
33574      INFO  main            d.u.i.k.p.r.p.TestFile    Now processing file /home/runner/work/key/key/key.core/../key.ui/examples/heap/permissions/permissionProperties.key 
33574      INFO  main            d.u.i.k.p.i.AbstractProblemLoader Loading environment from /home/runner/work/key/key/key.core/../key.ui/examples/heap/permissions/permissionProperties.key 
33574      DEBUG main            d.u.i.k.p.i.AbstractProblemLoader Environment load took 79.1ns 
33576      INFO  main            d.u.i.k.p.i.AbstractProblemLoader Creating init config 
33744      DEBUG main            d.u.i.k.j.TypeConverter   No LDT found for Meta 
33744      DEBUG main            d.u.i.k.j.TypeConverter   No LDT found for Meta 
33745      DEBUG main            d.u.i.k.j.TypeConverter   No LDT found for Meta 
33745      DEBUG main            d.u.i.k.j.TypeConverter   No LDT found for Meta 
34306      DEBUG main            d.u.i.k.j.TypeConverter   No LDT found for JavaBigintExpression 
36979      DEBUG main            d.u.i.k.p.i.AbstractProblemLoader Init config took 3.4s 
36999      INFO  main            d.u.i.k.p.i.AbstractProblemLoader Replaying proof permissionProperties.key 
37001      DEBUG main            d.u.i.k.p.i.IntermediateProofReplayer Proof replay took 5.5ns 
37104      INFO  main            d.u.i.k.p.r.p.TestFile    ... finished proof: closed. 
37255      INFO  main            d.u.i.k.p.i.AbstractProblemLoader Loading environment from /home/runner/work/key/key/key.core/../key.ui/examples/heap/permissions/permissionProperties.key.proof 
37255      DEBUG main            d.u.i.k.p.i.AbstractProblemLoader Environment load took 109.2ns 
37257      INFO  main            d.u.i.k.p.i.AbstractProblemLoader Creating init config 
39719      DEBUG main            d.u.i.k.p.i.AbstractProblemLoader Init config took 2.46s 
39738      INFO  main            d.u.i.k.p.i.AbstractProblemLoader Replaying proof permissionProperties.key.proof 
39755      DEBUG main            d.u.i.k.p.i.IntermediateProofReplayer Proof replay took 15.46ms 
39757      DEBUG main            d.u.i.k.p.r.p.TestFile    ... success: reloaded. 
39758      INFO  main            d.u.i.k.p.r.p.TestFile    Now processing file /home/runner/work/key/key/key.core/../key.ui/examples/heap/permissions/threads/AFilter_AFilter.key 
39758      INFO  main            d.u.i.k.p.i.AbstractProblemLoader Loading environment from /home/runner/work/key/key/key.core/../key.ui/examples/heap/permissions/threads/AFilter_AFilter.key 
39759      DEBUG main            d.u.i.k.p.i.AbstractProblemLoader Environment load took 170.2ns 
39760      INFO  main            d.u.i.k.p.i.AbstractProblemLoader Creating init config 
39897      DEBUG main            d.u.i.k.j.TypeConverter   No LDT found for Meta 
39898      DEBUG main            d.u.i.k.j.TypeConverter   No LDT found for Meta 
39898      DEBUG main            d.u.i.k.j.TypeConverter   No LDT found for Meta 
39899      DEBUG main            d.u.i.k.j.TypeConverter   No LDT found for Meta 
40443      DEBUG main            d.u.i.k.j.TypeConverter   No LDT found for JavaBigintExpression 
45663      DEBUG main            d.u.i.k.p.i.AbstractProblemLoader Init config took 5.9s 
45759      INFO  main            d.u.i.k.p.i.AbstractProblemLoader Replaying proof AFilter[AFilter::AFilter(Sampler,Buffer)].JML normal_behavior operation contract.0 
45761      DEBUG main            d.u.i.k.p.i.IntermediateProofReplayer Proof replay took 6.1ns 
46780      INFO  main            d.u.i.k.p.r.p.TestFile    ... finished proof: closed. 
47004      INFO  main            d.u.i.k.p.i.AbstractProblemLoader Loading environment from /home/runner/work/key/key/key.core/../key.ui/examples/heap/permissions/threads/AFilter_AFilter.key.proof 
47006      DEBUG main            d.u.i.k.p.i.AbstractProblemLoader Environment load took 2.25ms 
47008      INFO  main            d.u.i.k.p.i.AbstractProblemLoader Creating init config 
51698      DEBUG main            d.u.i.k.p.i.AbstractProblemLoader Init config took 4.69s 
51795      INFO  main            d.u.i.k.p.i.AbstractProblemLoader Replaying proof AFilter[AFilter::AFilter(Sampler,Buffer)].JML normal_behavior operation contract.0 
51965      DEBUG main            d.u.i.k.p.i.IntermediateProofReplayer Proof replay took 164.59ms 
51966      DEBUG main            d.u.i.k.p.r.p.TestFile    ... success: reloaded. 
51968      INFO  main            d.u.i.k.p.r.p.TestFile    Now processing file /home/runner/work/key/key/key.core/../key.ui/examples/heap/permissions/threads/AFilter_initPost_accessible.key 
51969      INFO  main            d.u.i.k.p.i.AbstractProblemLoader Loading environment from /home/runner/work/key/key/key.core/../key.ui/examples/heap/permissions/threads/AFilter_initPost_accessible.key 
51969      DEBUG main            d.u.i.k.p.i.AbstractProblemLoader Environment load took 202.6ns 
51970      INFO  main            d.u.i.k.p.i.AbstractProblemLoader Creating init config 
56700      DEBUG main            d.u.i.k.p.i.AbstractProblemLoader Init config took 4.73s 
56786      INFO  main            d.u.i.k.p.i.AbstractProblemLoader Replaying proof AFilter[ThreadSpec2::initPost()].JML accessible clause.0 
56788      DEBUG main            d.u.i.k.p.i.IntermediateProofReplayer Proof replay took 6.2ns 
56889      INFO  main            d.u.i.k.p.r.p.TestFile    ... finished proof: closed. 
57079      INFO  main            d.u.i.k.p.i.AbstractProblemLoader Loading environment from /home/runner/work/key/key/key.core/../key.ui/examples/heap/permissions/threads/AFilter_initPost_accessible.key.proof 
57079      DEBUG main            d.u.i.k.p.i.AbstractProblemLoader Environment load took 106.9ns 
57080      INFO  main            d.u.i.k.p.i.AbstractProblemLoader Creating init config 
61733      DEBUG main            d.u.i.k.p.i.AbstractProblemLoader Init config took 4.65s 
61826      INFO  main            d.u.i.k.p.i.AbstractProblemLoader Replaying proof AFilter[ThreadSpec2::initPost()].JML accessible clause.0 
61840      DEBUG main            d.u.i.k.p.i.IntermediateProofReplayer Proof replay took 11.77ms 
61841      DEBUG main            d.u.i.k.p.r.p.TestFile    ... success: reloaded. 
61842      INFO  main            d.u.i.k.p.r.p.TestFile    Now processing file /home/runner/work/key/key/key.core/../key.ui/examples/heap/permissions/threads/AFilter_inv_accessible1.key 
61842      INFO  main            d.u.i.k.p.i.AbstractProblemLoader Loading environment from /home/runner/work/key/key/key.core/../key.ui/examples/heap/permissions/threads/AFilter_inv_accessible1.key 
61842      DEBUG main            d.u.i.k.p.i.AbstractProblemLoader Environment load took 88.6ns 
61843      INFO  main            d.u.i.k.p.i.AbstractProblemLoader Creating init config 
66461      DEBUG main            d.u.i.k.p.i.AbstractProblemLoader Init config took 4.62s 
66545      INFO  main            d.u.i.k.p.i.AbstractProblemLoader Replaying proof AFilter[java.lang.Object::<inv>()].JML accessible clause.0 
66547      DEBUG main            d.u.i.k.p.i.IntermediateProofReplayer Proof replay took 6.6ns 
66649      INFO  main            d.u.i.k.p.r.p.TestFile    ... finished proof: closed. 
66852      INFO  main            d.u.i.k.p.i.AbstractProblemLoader Loading environment from /home/runner/work/key/key/key.core/../key.ui/examples/heap/permissions/threads/AFilter_inv_accessible1.key.proof 
66852      DEBUG main            d.u.i.k.p.i.AbstractProblemLoader Environment load took 107.4ns 
66853      INFO  main            d.u.i.k.p.i.AbstractProblemLoader Creating init config 
71586      DEBUG main            d.u.i.k.p.i.AbstractProblemLoader Init config took 4.73s 
71671      INFO  main            d.u.i.k.p.i.AbstractProblemLoader Replaying proof AFilter[java.lang.Object::<inv>()].JML accessible clause.0 
71675      DEBUG main            d.u.i.k.p.i.IntermediateProofReplayer Proof replay took 2.16ms 
71676      DEBUG main            d.u.i.k.p.r.p.TestFile    ... success: reloaded. 
71677      INFO  main            d.u.i.k.p.r.p.TestFile    Now processing file /home/runner/work/key/key/key.core/../key.ui/examples/heap/permissions/threads/AFilter_inv_accessible2.key 
71677      INFO  main            d.u.i.k.p.i.AbstractProblemLoader Loading environment from /home/runner/work/key/key/key.core/../key.ui/examples/heap/permissions/threads/AFilter_inv_accessible2.key 
71677      DEBUG main            d.u.i.k.p.i.AbstractProblemLoader Environment load took 80.1ns 
71678      INFO  main            d.u.i.k.p.i.AbstractProblemLoader Creating init config 
76381      DEBUG main            d.u.i.k.p.i.AbstractProblemLoader Init config took 4.7s 
76460      INFO  main            d.u.i.k.p.i.AbstractProblemLoader Replaying proof AFilter[java.lang.Object::<inv>()].JML accessible clause.1 
76462      DEBUG main            d.u.i.k.p.i.IntermediateProofReplayer Proof replay took 5.5ns 
76563      INFO  main            d.u.i.k.p.r.p.TestFile    ... finished proof: closed. 
76760      INFO  main            d.u.i.k.p.i.AbstractProblemLoader Loading environment from /home/runner/work/key/key/key.core/../key.ui/examples/heap/permissions/threads/AFilter_inv_accessible2.key.proof 
76761      DEBUG main            d.u.i.k.p.i.AbstractProblemLoader Environment load took 102.3ns 
76762      INFO  main            d.u.i.k.p.i.AbstractProblemLoader Creating init config 
81361      DEBUG main            d.u.i.k.p.i.AbstractProblemLoader Init config took 4.6s 
81440      INFO  main            d.u.i.k.p.i.AbstractProblemLoader Replaying proof AFilter[java.lang.Object::<inv>()].JML accessible clause.1 
81444      DEBUG main            d.u.i.k.p.i.IntermediateProofReplayer Proof replay took 2.18ms 
81445      DEBUG main            d.u.i.k.p.r.p.TestFile    ... success: reloaded. 
81446      INFO  main            d.u.i.k.p.r.p.TestFile    Now processing file /home/runner/work/key/key/key.core/../key.ui/examples/heap/permissions/threads/AFilter_joinTransfer_accessible.key 
81446      INFO  main            d.u.i.k.p.i.AbstractProblemLoader Loading environment from /home/runner/work/key/key/key.core/../key.ui/examples/heap/permissions/threads/AFilter_joinTransfer_accessible.key 
81446      DEBUG main            d.u.i.k.p.i.AbstractProblemLoader Environment load took 80.8ns 
81447      INFO  main            d.u.i.k.p.i.AbstractProblemLoader Creating init config 
86127      DEBUG main            d.u.i.k.p.i.AbstractProblemLoader Init config took 4.68s 
86206      INFO  main            d.u.i.k.p.i.AbstractProblemLoader Replaying proof AFilter[ThreadSpec2::joinTransfer()].JML accessible clause.0 
86208      DEBUG main            d.u.i.k.p.i.IntermediateProofReplayer Proof replay took 6.4ns 
87313      INFO  main            d.u.i.k.p.r.p.TestFile    ... finished proof: closed. 
87562      INFO  main            d.u.i.k.p.i.AbstractProblemLoader Loading environment from /home/runner/work/key/key/key.core/../key.ui/examples/heap/permissions/threads/AFilter_joinTransfer_accessible.key.proof 
87563      DEBUG main            d.u.i.k.p.i.AbstractProblemLoader Environment load took 331.4ns 
87564      INFO  main            d.u.i.k.p.i.AbstractProblemLoader Creating init config 
92123      DEBUG main            d.u.i.k.p.i.AbstractProblemLoader Init config took 4.56s 
92222      INFO  main            d.u.i.k.p.i.AbstractProblemLoader Replaying proof AFilter[ThreadSpec2::joinTransfer()].JML accessible clause.0 
92356      DEBUG main            d.u.i.k.p.i.IntermediateProofReplayer Proof replay took 128.88ms 
92358      DEBUG main            d.u.i.k.p.r.p.TestFile    ... success: reloaded. 
92360      INFO  main            d.u.i.k.p.r.p.TestFile    Now processing file /home/runner/work/key/key/key.core/../key.ui/examples/heap/permissions/threads/AFilter_joinTransfer_contract.key 
92360      INFO  main            d.u.i.k.p.i.AbstractProblemLoader Loading environment from /home/runner/work/key/key/key.core/../key.ui/examples/heap/permissions/threads/AFilter_joinTransfer_contract.key 
92360      DEBUG main            d.u.i.k.p.i.AbstractProblemLoader Environment load took 89.9ns 
92361      INFO  main            d.u.i.k.p.i.AbstractProblemLoader Creating init config 
96985      DEBUG main            d.u.i.k.p.i.AbstractProblemLoader Init config took 4.62s 
97064      INFO  main            d.u.i.k.p.i.AbstractProblemLoader Replaying proof AFilter[ThreadSpec2::joinTransfer()].JML model_behavior operation contract.0 
97066      DEBUG main            d.u.i.k.p.i.IntermediateProofReplayer Proof replay took 5.8ns 
97170      INFO  main            d.u.i.k.p.r.p.TestFile    ... finished proof: closed. 
97382      INFO  main            d.u.i.k.p.i.AbstractProblemLoader Loading environment from /home/runner/work/key/key/key.core/../key.ui/examples/heap/permissions/threads/AFilter_joinTransfer_contract.key.proof 
97382      DEBUG main            d.u.i.k.p.i.AbstractProblemLoader Environment load took 123.2ns 
97383      INFO  main            d.u.i.k.p.i.AbstractProblemLoader Creating init config 
101969     DEBUG main            d.u.i.k.p.i.AbstractProblemLoader Init config took 4.59s 
102048     INFO  main            d.u.i.k.p.i.AbstractProblemLoader Replaying proof AFilter[ThreadSpec2::joinTransfer()].JML model_behavior operation contract.0 
102057     DEBUG main            d.u.i.k.p.i.IntermediateProofReplayer Proof replay took 7.3ms 
102058     DEBUG main            d.u.i.k.p.r.p.TestFile    ... success: reloaded. 
102059     INFO  main            d.u.i.k.p.r.p.TestFile    Now processing file /home/runner/work/key/key/key.core/../key.ui/examples/heap/permissions/threads/AFilter_postJoin_accessible.key 
102060     INFO  main            d.u.i.k.p.i.AbstractProblemLoader Loading environment from /home/runner/work/key/key/key.core/../key.ui/examples/heap/permissions/threads/AFilter_postJoin_accessible.key 
102060     DEBUG main            d.u.i.k.p.i.AbstractProblemLoader Environment load took 103.3ns 
102061     INFO  main            d.u.i.k.p.i.AbstractProblemLoader Creating init config 
106715     DEBUG main            d.u.i.k.p.i.AbstractProblemLoader Init config took 4.65s 
106793     INFO  main            d.u.i.k.p.i.AbstractProblemLoader Replaying proof AFilter[ThreadSpec2::postJoin(java.lang.Object)].JML accessible clause.0 
106794     DEBUG main            d.u.i.k.p.i.IntermediateProofReplayer Proof replay took 6.2ns 
106896     INFO  main            d.u.i.k.p.r.p.TestFile    ... finished proof: closed. 
107138     INFO  main            d.u.i.k.p.i.AbstractProblemLoader Loading environment from /home/runner/work/key/key/key.core/../key.ui/examples/heap/permissions/threads/AFilter_postJoin_accessible.key.proof 
107138     DEBUG main            d.u.i.k.p.i.AbstractProblemLoader Environment load took 102.69ns 
107139     INFO  main            d.u.i.k.p.i.AbstractProblemLoader Creating init config 
111689     DEBUG main            d.u.i.k.p.i.AbstractProblemLoader Init config took 4.55s 
111767     INFO  main            d.u.i.k.p.i.AbstractProblemLoader Replaying proof AFilter[ThreadSpec2::postJoin(java.lang.Object)].JML accessible clause.0 
111775     DEBUG main            d.u.i.k.p.i.IntermediateProofReplayer Proof replay took 6.35ms 
111776     DEBUG main            d.u.i.k.p.r.p.TestFile    ... success: reloaded. 
111776     INFO  main            d.u.i.k.p.r.p.TestFile    Now processing file /home/runner/work/key/key/key.core/../key.ui/examples/heap/permissions/threads/AFilter_preStart_accessible.key 
111777     INFO  main            d.u.i.k.p.i.AbstractProblemLoader Loading environment from /home/runner/work/key/key/key.core/../key.ui/examples/heap/permissions/threads/AFilter_preStart_accessible.key 
111777     DEBUG main            d.u.i.k.p.i.AbstractProblemLoader Environment load took 96.5ns 
111778     INFO  main            d.u.i.k.p.i.AbstractProblemLoader Creating init config 
116408     DEBUG main            d.u.i.k.p.i.AbstractProblemLoader Init config took 4.63s 
116487     INFO  main            d.u.i.k.p.i.AbstractProblemLoader Replaying proof AFilter[ThreadSpec2::preStart(java.lang.Object)].JML accessible clause.0 
116489     DEBUG main            d.u.i.k.p.i.IntermediateProofReplayer Proof replay took 6.4ns 
116791     INFO  main            d.u.i.k.p.r.p.TestFile    ... finished proof: closed. 
117048     INFO  main            d.u.i.k.p.i.AbstractProblemLoader Loading environment from /home/runner/work/key/key/key.core/../key.ui/examples/heap/permissions/threads/AFilter_preStart_accessible.key.proof 
117048     DEBUG main            d.u.i.k.p.i.AbstractProblemLoader Environment load took 99ns 
117049     INFO  main            d.u.i.k.p.i.AbstractProblemLoader Creating init config 
121628     DEBUG main            d.u.i.k.p.i.AbstractProblemLoader Init config took 4.58s 
121704     INFO  main            d.u.i.k.p.i.AbstractProblemLoader Replaying proof AFilter[ThreadSpec2::preStart(java.lang.Object)].JML accessible clause.0 
121736     DEBUG main            d.u.i.k.p.i.IntermediateProofReplayer Proof replay took 28.44ms 
121737     DEBUG main            d.u.i.k.p.r.p.TestFile    ... success: reloaded. 
121738     INFO  main            d.u.i.k.p.r.p.TestFile    Now processing file /home/runner/work/key/key/key.core/../key.ui/examples/heap/permissions/threads/AFilter_startTransfer_accessible.key 
121738     INFO  main            d.u.i.k.p.i.AbstractProblemLoader Loading environment from /home/runner/work/key/key/key.core/../key.ui/examples/heap/permissions/threads/AFilter_startTransfer_accessible.key 
121738     DEBUG main            d.u.i.k.p.i.AbstractProblemLoader Environment load took 145ns 
121739     INFO  main            d.u.i.k.p.i.AbstractProblemLoader Creating init config 
126386     DEBUG main            d.u.i.k.p.i.AbstractProblemLoader Init config took 4.65s 
126462     INFO  main            d.u.i.k.p.i.AbstractProblemLoader Replaying proof AFilter[ThreadSpec2::startTransfer()].JML accessible clause.0 
126464     DEBUG main            d.u.i.k.p.i.IntermediateProofReplayer Proof replay took 5.6ns 
135991     INFO  main            d.u.i.k.p.r.p.TestFile    ... finished proof: closed. 
136266     INFO  main            d.u.i.k.p.i.AbstractProblemLoader Loading environment from /home/runner/work/key/key/key.core/../key.ui/examples/heap/permissions/threads/AFilter_startTransfer_accessible.key.proof 
136266     DEBUG main            d.u.i.k.p.i.AbstractProblemLoader Environment load took 157.3ns 
136267     INFO  main            d.u.i.k.p.i.AbstractProblemLoader Creating init config 
140805     DEBUG main            d.u.i.k.p.i.AbstractProblemLoader Init config took 4.54s 
140891     INFO  main            d.u.i.k.p.i.AbstractProblemLoader Replaying proof AFilter[ThreadSpec2::startTransfer()].JML accessible clause.0 
141610     DEBUG main            d.u.i.k.p.i.IntermediateProofReplayer Proof replay took 695.56ms 
141612     DEBUG main            d.u.i.k.p.r.p.TestFile    ... success: reloaded. 
141613     INFO  main            d.u.i.k.p.r.p.TestFile    Now processing file /home/runner/work/key/key/key.core/../key.ui/examples/heap/permissions/threads/AFilter_startTransfer_contract.key 
141613     INFO  main            d.u.i.k.p.i.AbstractProblemLoader Loading environment from /home/runner/work/key/key/key.core/../key.ui/examples/heap/permissions/threads/AFilter_startTransfer_contract.key 
141613     DEBUG main            d.u.i.k.p.i.AbstractProblemLoader Environment load took 148.4ns 
141614     INFO  main            d.u.i.k.p.i.AbstractProblemLoader Creating init config 
146279     DEBUG main            d.u.i.k.p.i.AbstractProblemLoader Init config took 4.67s 
146357     INFO  main            d.u.i.k.p.i.AbstractProblemLoader Replaying proof AFilter[ThreadSpec2::startTransfer()].JML model_behavior operation contract.0 
146359     DEBUG main            d.u.i.k.p.i.IntermediateProofReplayer Proof replay took 6.2ns 
146763     INFO  main            d.u.i.k.p.r.p.TestFile    ... finished proof: closed. 
147003     INFO  main            d.u.i.k.p.i.AbstractProblemLoader Loading environment from /home/runner/work/key/key/key.core/../key.ui/examples/heap/permissions/threads/AFilter_startTransfer_contract.key.proof 
147003     DEBUG main            d.u.i.k.p.i.AbstractProblemLoader Environment load took 102.8ns 
147004     INFO  main            d.u.i.k.p.i.AbstractProblemLoader Creating init config 
151571     DEBUG main            d.u.i.k.p.i.AbstractProblemLoader Init config took 4.57s 
151648     INFO  main            d.u.i.k.p.i.AbstractProblemLoader Replaying proof AFilter[ThreadSpec2::startTransfer()].JML model_behavior operation contract.0 
151692     DEBUG main            d.u.i.k.p.i.IntermediateProofReplayer Proof replay took 39.88ms 
151693     DEBUG main            d.u.i.k.p.r.p.TestFile    ... success: reloaded. 
151694     INFO  main            d.u.i.k.p.r.p.TestFile    Now processing file /home/runner/work/key/key/key.core/../key.ui/examples/heap/permissions/threads/AFilter_stateInv_accessible.key 
151695     INFO  main            d.u.i.k.p.i.AbstractProblemLoader Loading environment from /home/runner/work/key/key/key.core/../key.ui/examples/heap/permissions/threads/AFilter_stateInv_accessible.key 
151695     DEBUG main            d.u.i.k.p.i.AbstractProblemLoader Environment load took 92.4ns 
151696     INFO  main            d.u.i.k.p.i.AbstractProblemLoader Creating init config 
156309     DEBUG main            d.u.i.k.p.i.AbstractProblemLoader Init config took 4.61s 
156385     INFO  main            d.u.i.k.p.i.AbstractProblemLoader Replaying proof AFilter[ThreadSpec2::stateInv()].JML accessible clause.0 
156386     DEBUG main            d.u.i.k.p.i.IntermediateProofReplayer Proof replay took 6ns 
156689     INFO  main            d.u.i.k.p.r.p.TestFile    ... finished proof: closed. 
156932     INFO  main            d.u.i.k.p.i.AbstractProblemLoader Loading environment from /home/runner/work/key/key/key.core/../key.ui/examples/heap/permissions/threads/AFilter_stateInv_accessible.key.proof 
156932     DEBUG main            d.u.i.k.p.i.AbstractProblemLoader Environment load took 118ns 
156933     INFO  main            d.u.i.k.p.i.AbstractProblemLoader Creating init config 
161494     DEBUG main            d.u.i.k.p.i.AbstractProblemLoader Init config took 4.56s 
161572     INFO  main            d.u.i.k.p.i.AbstractProblemLoader Replaying proof AFilter[ThreadSpec2::stateInv()].JML accessible clause.0 
161610     DEBUG main            d.u.i.k.p.i.IntermediateProofReplayer Proof replay took 34.55ms 
161610     DEBUG main            d.u.i.k.p.r.p.TestFile    ... success: reloaded. 
161612     INFO  main            d.u.i.k.p.r.p.TestFile    Now processing file /home/runner/work/key/key/key.core/../key.ui/examples/heap/permissions/threads/AFilter_staticPermissions_accessible.key 
161612     INFO  main            d.u.i.k.p.i.AbstractProblemLoader Loading environment from /home/runner/work/key/key/key.core/../key.ui/examples/heap/permissions/threads/AFilter_staticPermissions_accessible.key 
161612     DEBUG main            d.u.i.k.p.i.AbstractProblemLoader Environment load took 72.9ns 
161613     INFO  main            d.u.i.k.p.i.AbstractProblemLoader Creating init config 
166247     DEBUG main            d.u.i.k.p.i.AbstractProblemLoader Init config took 4.63s 
166335     INFO  main            d.u.i.k.p.i.AbstractProblemLoader Replaying proof AFilter[ThreadSpec2::staticPermissions()].JML accessible clause.0 
166336     DEBUG main            d.u.i.k.p.i.IntermediateProofReplayer Proof replay took 5.3ns 
166438     INFO  main            d.u.i.k.p.r.p.TestFile    ... finished proof: closed. 
166681     INFO  main            d.u.i.k.p.i.AbstractProblemLoader Loading environment from /home/runner/work/key/key/key.core/../key.ui/examples/heap/permissions/threads/AFilter_staticPermissions_accessible.key.proof 
166681     DEBUG main            d.u.i.k.p.i.AbstractProblemLoader Environment load took 90.4ns 
166682     INFO  main            d.u.i.k.p.i.AbstractProblemLoader Creating init config 
171229     DEBUG main            d.u.i.k.p.i.AbstractProblemLoader Init config took 4.55s 
171306     INFO  main            d.u.i.k.p.i.AbstractProblemLoader Replaying proof AFilter[ThreadSpec2::staticPermissions()].JML accessible clause.0 
171316     DEBUG main            d.u.i.k.p.i.IntermediateProofReplayer Proof replay took 8.48ms 
171317     DEBUG main            d.u.i.k.p.r.p.TestFile    ... success: reloaded. 
171320     INFO  main            d.u.i.k.p.r.p.TestFile    Now processing file /home/runner/work/key/key/key.core/../key.ui/examples/heap/permissions/threads/AFilter_workingPermissions_accessible.key 
171320     INFO  main            d.u.i.k.p.i.AbstractProblemLoader Loading environment from /home/runner/work/key/key/key.core/../key.ui/examples/heap/permissions/threads/AFilter_workingPermissions_accessible.key 
171320     DEBUG main            d.u.i.k.p.i.AbstractProblemLoader Environment load took 147.9ns 
171321     INFO  main            d.u.i.k.p.i.AbstractProblemLoader Creating init config 
175991     DEBUG main            d.u.i.k.p.i.AbstractProblemLoader Init config took 4.67s 
176066     INFO  main            d.u.i.k.p.i.AbstractProblemLoader Replaying proof AFilter[ThreadSpec2::workingPermissions()].JML accessible clause.0 
176068     DEBUG main            d.u.i.k.p.i.IntermediateProofReplayer Proof replay took 6ns 
176169     INFO  main            d.u.i.k.p.r.p.TestFile    ... finished proof: closed. 
176417     INFO  main            d.u.i.k.p.i.AbstractProblemLoader Loading environment from /home/runner/work/key/key/key.core/../key.ui/examples/heap/permissions/threads/AFilter_workingPermissions_accessible.key.proof 
176417     DEBUG main            d.u.i.k.p.i.AbstractProblemLoader Environment load took 96.7ns 
176418     INFO  main            d.u.i.k.p.i.AbstractProblemLoader Creating init config 
180983     DEBUG main            d.u.i.k.p.i.AbstractProblemLoader Init config took 4.57s 
181075     INFO  main            d.u.i.k.p.i.AbstractProblemLoader Replaying proof AFilter[ThreadSpec2::workingPermissions()].JML accessible clause.0 
181083     DEBUG main            d.u.i.k.p.i.IntermediateProofReplayer Proof replay took 7.31ms 
181084     DEBUG main            d.u.i.k.p.r.p.TestFile    ... success: reloaded. 
181085     INFO  main            d.u.i.k.p.r.p.TestFile    Now processing file /home/runner/work/key/key/key.core/../key.ui/examples/heap/permissions/threads/BFilter_BFilter.key 
181086     INFO  main            d.u.i.k.p.i.AbstractProblemLoader Loading environment from /home/runner/work/key/key/key.core/../key.ui/examples/heap/permissions/threads/BFilter_BFilter.key 
181086     DEBUG main            d.u.i.k.p.i.AbstractProblemLoader Environment load took 79.1ns 
181086     INFO  main            d.u.i.k.p.i.AbstractProblemLoader Creating init config 
185701     DEBUG main            d.u.i.k.p.i.AbstractProblemLoader Init config took 4.61s 
185778     INFO  main            d.u.i.k.p.i.AbstractProblemLoader Replaying proof BFilter[BFilter::BFilter(Sampler,Buffer)].JML normal_behavior operation contract.0 
185779     DEBUG main            d.u.i.k.p.i.IntermediateProofReplayer Proof replay took 5.4ns 
186691     INFO  main            d.u.i.k.p.r.p.TestFile    ... finished proof: closed. 
186979     INFO  main            d.u.i.k.p.i.AbstractProblemLoader Loading environment from /home/runner/work/key/key/key.core/../key.ui/examples/heap/permissions/threads/BFilter_BFilter.key.proof 
186980     DEBUG main            d.u.i.k.p.i.AbstractProblemLoader Environment load took 335ns 
186981     INFO  main            d.u.i.k.p.i.AbstractProblemLoader Creating init config 
191528     DEBUG main            d.u.i.k.p.i.AbstractProblemLoader Init config took 4.55s 
191604     INFO  main            d.u.i.k.p.i.AbstractProblemLoader Replaying proof BFilter[BFilter::BFilter(Sampler,Buffer)].JML normal_behavior operation contract.0 
191762     DEBUG main            d.u.i.k.p.i.IntermediateProofReplayer Proof replay took 153.55ms 
191763     DEBUG main            d.u.i.k.p.r.p.TestFile    ... success: reloaded. 
191764     INFO  main            d.u.i.k.p.r.p.TestFile    Now processing file /home/runner/work/key/key/key.core/../key.ui/examples/heap/permissions/threads/BFilter_initPost_accessible.key 
191764     INFO  main            d.u.i.k.p.i.AbstractProblemLoader Loading environment from /home/runner/work/key/key/key.core/../key.ui/examples/heap/permissions/threads/BFilter_initPost_accessible.key 
191764     DEBUG main            d.u.i.k.p.i.AbstractProblemLoader Environment load took 93.2ns 
191765     INFO  main            d.u.i.k.p.i.AbstractProblemLoader Creating init config 
196396     DEBUG main            d.u.i.k.p.i.AbstractProblemLoader Init config took 4.63s 
196472     INFO  main            d.u.i.k.p.i.AbstractProblemLoader Replaying proof BFilter[ThreadSpec2::initPost()].JML accessible clause.0 
196473     DEBUG main            d.u.i.k.p.i.IntermediateProofReplayer Proof replay took 6.2ns 
196578     INFO  main            d.u.i.k.p.r.p.TestFile    ... finished proof: closed. 
196839     INFO  main            d.u.i.k.p.i.AbstractProblemLoader Loading environment from /home/runner/work/key/key/key.core/../key.ui/examples/heap/permissions/threads/BFilter_initPost_accessible.key.proof 
196839     DEBUG main            d.u.i.k.p.i.AbstractProblemLoader Environment load took 91ns 
196840     INFO  main            d.u.i.k.p.i.AbstractProblemLoader Creating init config 
201409     DEBUG main            d.u.i.k.p.i.AbstractProblemLoader Init config took 4.57s 
201484     INFO  main            d.u.i.k.p.i.AbstractProblemLoader Replaying proof BFilter[ThreadSpec2::initPost()].JML accessible clause.0 
201495     DEBUG main            d.u.i.k.p.i.IntermediateProofReplayer Proof replay took 8.9ms 
201495     DEBUG main            d.u.i.k.p.r.p.TestFile    ... success: reloaded. 
201496     INFO  main            d.u.i.k.p.r.p.TestFile    Now processing file /home/runner/work/key/key/key.core/../key.ui/examples/heap/permissions/threads/BFilter_inv_accessible1.key 
201496     INFO  main            d.u.i.k.p.i.AbstractProblemLoader Loading environment from /home/runner/work/key/key/key.core/../key.ui/examples/heap/permissions/threads/BFilter_inv_accessible1.key 
201497     DEBUG main            d.u.i.k.p.i.AbstractProblemLoader Environment load took 74ns 
201497     INFO  main            d.u.i.k.p.i.AbstractProblemLoader Creating init config 
206113     DEBUG main            d.u.i.k.p.i.AbstractProblemLoader Init config took 4.62s 
206213     INFO  main            d.u.i.k.p.i.AbstractProblemLoader Replaying proof BFilter[java.lang.Object::<inv>()].JML accessible clause.0 
206215     DEBUG main            d.u.i.k.p.i.IntermediateProofReplayer Proof replay took 5.2ns 
206316     INFO  main            d.u.i.k.p.r.p.TestFile    ... finished proof: closed. 
206575     INFO  main            d.u.i.k.p.i.AbstractProblemLoader Loading environment from /home/runner/work/key/key/key.core/../key.ui/examples/heap/permissions/threads/BFilter_inv_accessible1.key.proof 
206575     DEBUG main            d.u.i.k.p.i.AbstractProblemLoader Environment load took 86.6ns 
206576     INFO  main            d.u.i.k.p.i.AbstractProblemLoader Creating init config 
211129     DEBUG main            d.u.i.k.p.i.AbstractProblemLoader Init config took 4.55s 
211203     INFO  main            d.u.i.k.p.i.AbstractProblemLoader Replaying proof BFilter[java.lang.Object::<inv>()].JML accessible clause.0 
211206     DEBUG main            d.u.i.k.p.i.IntermediateProofReplayer Proof replay took 1.58ms 
211207     DEBUG main            d.u.i.k.p.r.p.TestFile    ... success: reloaded. 
211208     INFO  main            d.u.i.k.p.r.p.TestFile    Now processing file /home/runner/work/key/key/key.core/../key.ui/examples/heap/permissions/threads/BFilter_inv_accessible2.key 
211208     INFO  main            d.u.i.k.p.i.AbstractProblemLoader Loading environment from /home/runner/work/key/key/key.core/../key.ui/examples/heap/permissions/threads/BFilter_inv_accessible2.key 
211208     DEBUG main            d.u.i.k.p.i.AbstractProblemLoader Environment load took 60.2ns 
211209     INFO  main            d.u.i.k.p.i.AbstractProblemLoader Creating init config 
215848     DEBUG main            d.u.i.k.p.i.AbstractProblemLoader Init config took 4.64s 
215923     INFO  main            d.u.i.k.p.i.AbstractProblemLoader Replaying proof BFilter[java.lang.Object::<inv>()].JML accessible clause.1 
215931     DEBUG main            d.u.i.k.p.i.IntermediateProofReplayer Proof replay took 6.6ns 
216033     INFO  main            d.u.i.k.p.r.p.TestFile    ... finished proof: closed. 
216306     INFO  main            d.u.i.k.p.i.AbstractProblemLoader Loading environment from /home/runner/work/key/key/key.core/../key.ui/examples/heap/permissions/threads/BFilter_inv_accessible2.key.proof 
216307     DEBUG main            d.u.i.k.p.i.AbstractProblemLoader Environment load took 85.9ns 
216307     INFO  main            d.u.i.k.p.i.AbstractProblemLoader Creating init config 
220870     DEBUG main            d.u.i.k.p.i.AbstractProblemLoader Init config took 4.56s 
220955     INFO  main            d.u.i.k.p.i.AbstractProblemLoader Replaying proof BFilter[java.lang.Object::<inv>()].JML accessible clause.1 
220958     DEBUG main            d.u.i.k.p.i.IntermediateProofReplayer Proof replay took 1.58ms 
220959     DEBUG main            d.u.i.k.p.r.p.TestFile    ... success: reloaded. 
220960     INFO  main            d.u.i.k.p.r.p.TestFile    Now processing file /home/runner/work/key/key/key.core/../key.ui/examples/heap/permissions/threads/BFilter_joinTransfer_accessible.key 
220960     INFO  main            d.u.i.k.p.i.AbstractProblemLoader Loading environment from /home/runner/work/key/key/key.core/../key.ui/examples/heap/permissions/threads/BFilter_joinTransfer_accessible.key 
220960     DEBUG main            d.u.i.k.p.i.AbstractProblemLoader Environment load took 64.3ns 
220961     INFO  main            d.u.i.k.p.i.AbstractProblemLoader Creating init config 
225592     DEBUG main            d.u.i.k.p.i.AbstractProblemLoader Init config took 4.63s 
225680     INFO  main            d.u.i.k.p.i.AbstractProblemLoader Replaying proof BFilter[ThreadSpec2::joinTransfer()].JML accessible clause.0 
225681     DEBUG main            d.u.i.k.p.i.IntermediateProofReplayer Proof replay took 5.2ns 
226687     INFO  main            d.u.i.k.p.r.p.TestFile    ... finished proof: closed. 
226974     INFO  main            d.u.i.k.p.i.AbstractProblemLoader Loading environment from /home/runner/work/key/key/key.core/../key.ui/examples/heap/permissions/threads/BFilter_joinTransfer_accessible.key.proof 
226974     DEBUG main            d.u.i.k.p.i.AbstractProblemLoader Environment load took 94.6ns 
226975     INFO  main            d.u.i.k.p.i.AbstractProblemLoader Creating init config 
231542     DEBUG main            d.u.i.k.p.i.AbstractProblemLoader Init config took 4.57s 
231629     INFO  main            d.u.i.k.p.i.AbstractProblemLoader Replaying proof BFilter[ThreadSpec2::joinTransfer()].JML accessible clause.0 
231728     DEBUG main            d.u.i.k.p.i.IntermediateProofReplayer Proof replay took 93.58ms 
231729     DEBUG main            d.u.i.k.p.r.p.TestFile    ... success: reloaded. 
231730     INFO  main            d.u.i.k.p.r.p.TestFile    Now processing file /home/runner/work/key/key/key.core/../key.ui/examples/heap/permissions/threads/BFilter_joinTransfer_contract.key 
231730     INFO  main            d.u.i.k.p.i.AbstractProblemLoader Loading environment from /home/runner/work/key/key/key.core/../key.ui/examples/heap/permissions/threads/BFilter_joinTransfer_contract.key 
231730     DEBUG main            d.u.i.k.p.i.AbstractProblemLoader Environment load took 64.3ns 
231731     INFO  main            d.u.i.k.p.i.AbstractProblemLoader Creating init config 
236395     DEBUG main            d.u.i.k.p.i.AbstractProblemLoader Init config took 4.66s 
236472     INFO  main            d.u.i.k.p.i.AbstractProblemLoader Replaying proof BFilter[ThreadSpec2::joinTransfer()].JML model_behavior operation contract.0 
236473     DEBUG main            d.u.i.k.p.i.IntermediateProofReplayer Proof replay took 5.3ns 
236578     INFO  main            d.u.i.k.p.r.p.TestFile    ... finished proof: closed. 
236873     INFO  main            d.u.i.k.p.i.AbstractProblemLoader Loading environment from /home/runner/work/key/key/key.core/../key.ui/examples/heap/permissions/threads/BFilter_joinTransfer_contract.key.proof 
236873     DEBUG main            d.u.i.k.p.i.AbstractProblemLoader Environment load took 91.3ns 
236874     INFO  main            d.u.i.k.p.i.AbstractProblemLoader Creating init config 
241433     DEBUG main            d.u.i.k.p.i.AbstractProblemLoader Init config took 4.56s 
241510     INFO  main            d.u.i.k.p.i.AbstractProblemLoader Replaying proof BFilter[ThreadSpec2::joinTransfer()].JML model_behavior operation contract.0 
241520     DEBUG main            d.u.i.k.p.i.IntermediateProofReplayer Proof replay took 6.75ms 
241521     DEBUG main            d.u.i.k.p.r.p.TestFile    ... success: reloaded. 
241522     INFO  main            d.u.i.k.p.r.p.TestFile    Now processing file /home/runner/work/key/key/key.core/../key.ui/examples/heap/permissions/threads/BFilter_postJoin_accessible.key 
241522     INFO  main            d.u.i.k.p.i.AbstractProblemLoader Loading environment from /home/runner/work/key/key/key.core/../key.ui/examples/heap/permissions/threads/BFilter_postJoin_accessible.key 
241522     DEBUG main            d.u.i.k.p.i.AbstractProblemLoader Environment load took 150.1ns 
241524     INFO  main            d.u.i.k.p.i.AbstractProblemLoader Creating init config 
246178     DEBUG main            d.u.i.k.p.i.AbstractProblemLoader Init config took 4.65s 
246255     INFO  main            d.u.i.k.p.i.AbstractProblemLoader Replaying proof BFilter[ThreadSpec2::postJoin(java.lang.Object)].JML accessible clause.0 
246257     DEBUG main            d.u.i.k.p.i.IntermediateProofReplayer Proof replay took 6.3ns 
246363     INFO  main            d.u.i.k.p.r.p.TestFile    ... finished proof: closed. 
246696     INFO  main            d.u.i.k.p.i.AbstractProblemLoader Loading environment from /home/runner/work/key/key/key.core/../key.ui/examples/heap/permissions/threads/BFilter_postJoin_accessible.key.proof 
246696     DEBUG main            d.u.i.k.p.i.AbstractProblemLoader Environment load took 96.8ns 
246697     INFO  main            d.u.i.k.p.i.AbstractProblemLoader Creating init config 
251249     DEBUG main            d.u.i.k.p.i.AbstractProblemLoader Init config took 4.55s 
251325     INFO  main            d.u.i.k.p.i.AbstractProblemLoader Replaying proof BFilter[ThreadSpec2::postJoin(java.lang.Object)].JML accessible clause.0 
251332     DEBUG main            d.u.i.k.p.i.IntermediateProofReplayer Proof replay took 5.38ms 
251333     DEBUG main            d.u.i.k.p.r.p.TestFile    ... success: reloaded. 
251334     INFO  main            d.u.i.k.p.r.p.TestFile    Now processing file /home/runner/work/key/key/key.core/../key.ui/examples/heap/permissions/threads/BFilter_preStart_accessible.key 
251334     INFO  main            d.u.i.k.p.i.AbstractProblemLoader Loading environment from /home/runner/work/key/key/key.core/../key.ui/examples/heap/permissions/threads/BFilter_preStart_accessible.key 
251334     DEBUG main            d.u.i.k.p.i.AbstractProblemLoader Environment load took 138.8ns 
251335     INFO  main            d.u.i.k.p.i.AbstractProblemLoader Creating init config 
255949     DEBUG main            d.u.i.k.p.i.AbstractProblemLoader Init config took 4.61s 
256023     INFO  main            d.u.i.k.p.i.AbstractProblemLoader Replaying proof BFilter[ThreadSpec2::preStart(java.lang.Object)].JML accessible clause.0 
256025     DEBUG main            d.u.i.k.p.i.IntermediateProofReplayer Proof replay took 6.2ns 
256330     INFO  main            d.u.i.k.p.r.p.TestFile    ... finished proof: closed. 
256636     INFO  main            d.u.i.k.p.i.AbstractProblemLoader Loading environment from /home/runner/work/key/key/key.core/../key.ui/examples/heap/permissions/threads/BFilter_preStart_accessible.key.proof 
256636     DEBUG main            d.u.i.k.p.i.AbstractProblemLoader Environment load took 74.6ns 
256637     INFO  main            d.u.i.k.p.i.AbstractProblemLoader Creating init config 
261181     DEBUG main            d.u.i.k.p.i.AbstractProblemLoader Init config took 4.54s 
261257     INFO  main            d.u.i.k.p.i.AbstractProblemLoader Replaying proof BFilter[ThreadSpec2::preStart(java.lang.Object)].JML accessible clause.0 
261286     DEBUG main            d.u.i.k.p.i.IntermediateProofReplayer Proof replay took 26.36ms 
261287     DEBUG main            d.u.i.k.p.r.p.TestFile    ... success: reloaded. 
261288     INFO  main            d.u.i.k.p.r.p.TestFile    Now processing file /home/runner/work/key/key/key.core/../key.ui/examples/heap/permissions/threads/BFilter_startTransfer_accessible.key 
261289     INFO  main            d.u.i.k.p.i.AbstractProblemLoader Loading environment from /home/runner/work/key/key/key.core/../key.ui/examples/heap/permissions/threads/BFilter_startTransfer_accessible.key 
261289     DEBUG main            d.u.i.k.p.i.AbstractProblemLoader Environment load took 143ns 
261290     INFO  main            d.u.i.k.p.i.AbstractProblemLoader Creating init config 
265929     DEBUG main            d.u.i.k.p.i.AbstractProblemLoader Init config took 4.64s 
266016     INFO  main            d.u.i.k.p.i.AbstractProblemLoader Replaying proof BFilter[ThreadSpec2::startTransfer()].JML accessible clause.0 
266017     DEBUG main            d.u.i.k.p.i.IntermediateProofReplayer Proof replay took 5.6ns 
275740     INFO  main            d.u.i.k.p.r.p.TestFile    ... finished proof: closed. 
276079     INFO  main            d.u.i.k.p.i.AbstractProblemLoader Loading environment from /home/runner/work/key/key/key.core/../key.ui/examples/heap/permissions/threads/BFilter_startTransfer_accessible.key.proof 
276079     DEBUG main            d.u.i.k.p.i.AbstractProblemLoader Environment load took 85ns 
276081     INFO  main            d.u.i.k.p.i.AbstractProblemLoader Creating init config 
280641     DEBUG main            d.u.i.k.p.i.AbstractProblemLoader Init config took 4.56s 
280715     INFO  main            d.u.i.k.p.i.AbstractProblemLoader Replaying proof BFilter[ThreadSpec2::startTransfer()].JML accessible clause.0 
281462     DEBUG main            d.u.i.k.p.i.IntermediateProofReplayer Proof replay took 730.52ms 
281464     DEBUG main            d.u.i.k.p.r.p.TestFile    ... success: reloaded. 
281465     INFO  main            d.u.i.k.p.r.p.TestFile    Now processing file /home/runner/work/key/key/key.core/../key.ui/examples/heap/permissions/threads/BFilter_startTransfer_contract.key 
281465     INFO  main            d.u.i.k.p.i.AbstractProblemLoader Loading environment from /home/runner/work/key/key/key.core/../key.ui/examples/heap/permissions/threads/BFilter_startTransfer_contract.key 
281465     DEBUG main            d.u.i.k.p.i.AbstractProblemLoader Environment load took 134.5ns 
281466     INFO  main            d.u.i.k.p.i.AbstractProblemLoader Creating init config 
286119     DEBUG main            d.u.i.k.p.i.AbstractProblemLoader Init config took 4.65s 
286193     INFO  main            d.u.i.k.p.i.AbstractProblemLoader Replaying proof BFilter[ThreadSpec2::startTransfer()].JML model_behavior operation contract.0 
286195     DEBUG main            d.u.i.k.p.i.IntermediateProofReplayer Proof replay took 6ns 
287217     INFO  main            d.u.i.k.p.r.p.TestFile    ... finished proof: closed. 
287523     INFO  main            d.u.i.k.p.i.AbstractProblemLoader Loading environment from /home/runner/work/key/key/key.core/../key.ui/examples/heap/permissions/threads/BFilter_startTransfer_contract.key.proof 
287523     DEBUG main            d.u.i.k.p.i.AbstractProblemLoader Environment load took 85.4ns 
287524     INFO  main            d.u.i.k.p.i.AbstractProblemLoader Creating init config 
292069     DEBUG main            d.u.i.k.p.i.AbstractProblemLoader Init config took 4.54s 
292143     INFO  main            d.u.i.k.p.i.AbstractProblemLoader Replaying proof BFilter[ThreadSpec2::startTransfer()].JML model_behavior operation contract.0 
292229     DEBUG main            d.u.i.k.p.i.IntermediateProofReplayer Proof replay took 81.12ms 
292231     DEBUG main            d.u.i.k.p.r.p.TestFile    ... success: reloaded. 
292232     INFO  main            d.u.i.k.p.r.p.TestFile    Now processing file /home/runner/work/key/key/key.core/../key.ui/examples/heap/permissions/threads/BFilter_stateInv_accessible.key 
292232     INFO  main            d.u.i.k.p.i.AbstractProblemLoader Loading environment from /home/runner/work/key/key/key.core/../key.ui/examples/heap/permissions/threads/BFilter_stateInv_accessible.key 
292232     DEBUG main            d.u.i.k.p.i.AbstractProblemLoader Environment load took 50.6ns 
292233     INFO  main            d.u.i.k.p.i.AbstractProblemLoader Creating init config 
296848     DEBUG main            d.u.i.k.p.i.AbstractProblemLoader Init config took 4.62s 
296922     INFO  main            d.u.i.k.p.i.AbstractProblemLoader Replaying proof BFilter[ThreadSpec2::stateInv()].JML accessible clause.0 
296923     DEBUG main            d.u.i.k.p.i.IntermediateProofReplayer Proof replay took 5.4ns 
297224     INFO  main            d.u.i.k.p.r.p.TestFile    ... finished proof: closed. 
297524     INFO  main            d.u.i.k.p.i.AbstractProblemLoader Loading environment from /home/runner/work/key/key/key.core/../key.ui/examples/heap/permissions/threads/BFilter_stateInv_accessible.key.proof 
297524     DEBUG main            d.u.i.k.p.i.AbstractProblemLoader Environment load took 84.3ns 
297525     INFO  main            d.u.i.k.p.i.AbstractProblemLoader Creating init config 
302084     DEBUG main            d.u.i.k.p.i.AbstractProblemLoader Init config took 4.56s 
302158     INFO  main            d.u.i.k.p.i.AbstractProblemLoader Replaying proof BFilter[ThreadSpec2::stateInv()].JML accessible clause.0 
302192     DEBUG main            d.u.i.k.p.i.IntermediateProofReplayer Proof replay took 32.06ms 
302193     DEBUG main            d.u.i.k.p.r.p.TestFile    ... success: reloaded. 
302194     INFO  main            d.u.i.k.p.r.p.TestFile    Now processing file /home/runner/work/key/key/key.core/../key.ui/examples/heap/permissions/threads/BFilter_staticPermissions_accessible.key 
302194     INFO  main            d.u.i.k.p.i.AbstractProblemLoader Loading environment from /home/runner/work/key/key/key.core/../key.ui/examples/heap/permissions/threads/BFilter_staticPermissions_accessible.key 
302194     DEBUG main            d.u.i.k.p.i.AbstractProblemLoader Environment load took 51.1ns 
302195     INFO  main            d.u.i.k.p.i.AbstractProblemLoader Creating init config 
306763     DEBUG main            d.u.i.k.p.i.AbstractProblemLoader Init config took 4.57s 
306837     INFO  main            d.u.i.k.p.i.AbstractProblemLoader Replaying proof BFilter[ThreadSpec2::staticPermissions()].JML accessible clause.0 
306839     DEBUG main            d.u.i.k.p.i.IntermediateProofReplayer Proof replay took 5.3ns 
306942     INFO  main            d.u.i.k.p.r.p.TestFile    ... finished proof: closed. 
307260     INFO  main            d.u.i.k.p.i.AbstractProblemLoader Loading environment from /home/runner/work/key/key/key.core/../key.ui/examples/heap/permissions/threads/BFilter_staticPermissions_accessible.key.proof 
307260     DEBUG main            d.u.i.k.p.i.AbstractProblemLoader Environment load took 78ns 
307261     INFO  main            d.u.i.k.p.i.AbstractProblemLoader Creating init config 
311751     DEBUG main            d.u.i.k.p.i.AbstractProblemLoader Init config took 4.49s 
311839     INFO  main            d.u.i.k.p.i.AbstractProblemLoader Replaying proof BFilter[ThreadSpec2::staticPermissions()].JML accessible clause.0 
311848     DEBUG main            d.u.i.k.p.i.IntermediateProofReplayer Proof replay took 7.66ms 
311848     DEBUG main            d.u.i.k.p.r.p.TestFile    ... success: reloaded. 
311849     INFO  main            d.u.i.k.p.r.p.TestFile    Now processing file /home/runner/work/key/key/key.core/../key.ui/examples/heap/permissions/threads/BFilter_workingPermissions_accessible.key 
311849     INFO  main            d.u.i.k.p.i.AbstractProblemLoader Loading environment from /home/runner/work/key/key/key.core/../key.ui/examples/heap/permissions/threads/BFilter_workingPermissions_accessible.key 
311849     DEBUG main            d.u.i.k.p.i.AbstractProblemLoader Environment load took 42ns 
311850     INFO  main            d.u.i.k.p.i.AbstractProblemLoader Creating init config 
316439     DEBUG main            d.u.i.k.p.i.AbstractProblemLoader Init config took 4.59s 
316512     INFO  main            d.u.i.k.p.i.AbstractProblemLoader Replaying proof BFilter[ThreadSpec2::workingPermissions()].JML accessible clause.0 
316514     DEBUG main            d.u.i.k.p.i.IntermediateProofReplayer Proof replay took 6.2ns 
316615     INFO  main            d.u.i.k.p.r.p.TestFile    ... finished proof: closed. 
316936     INFO  main            d.u.i.k.p.i.AbstractProblemLoader Loading environment from /home/runner/work/key/key/key.core/../key.ui/examples/heap/permissions/threads/BFilter_workingPermissions_accessible.key.proof 
316936     DEBUG main            d.u.i.k.p.i.AbstractProblemLoader Environment load took 80.8ns 
316937     INFO  main            d.u.i.k.p.i.AbstractProblemLoader Creating init config 
321446     DEBUG main            d.u.i.k.p.i.AbstractProblemLoader Init config took 4.51s 
321530     INFO  main            d.u.i.k.p.i.AbstractProblemLoader Replaying proof BFilter[ThreadSpec2::workingPermissions()].JML accessible clause.0 
321538     DEBUG main            d.u.i.k.p.i.IntermediateProofReplayer Proof replay took 6.74ms 
321538     DEBUG main            d.u.i.k.p.r.p.TestFile    ... success: reloaded. 
321539     INFO  main            d.u.i.k.p.r.p.TestFile    Now processing file /home/runner/work/key/key/key.core/../key.ui/examples/heap/permissions/threads/Fib_Fib.key 
321539     INFO  main            d.u.i.k.p.i.AbstractProblemLoader Loading environment from /home/runner/work/key/key/key.core/../key.ui/examples/heap/permissions/threads/Fib_Fib.key 
321539     DEBUG main            d.u.i.k.p.i.AbstractProblemLoader Environment load took 64.7ns 
321540     INFO  main            d.u.i.k.p.i.AbstractProblemLoader Creating init config 
326114     DEBUG main            d.u.i.k.p.i.AbstractProblemLoader Init config took 4.57s 
326188     INFO  main            d.u.i.k.p.i.AbstractProblemLoader Replaying proof Fib[Fib::Fib(int)].JML normal_behavior operation contract.0 
326189     DEBUG main            d.u.i.k.p.i.IntermediateProofReplayer Proof replay took 5.8ns 
326791     INFO  main            d.u.i.k.p.r.p.TestFile    ... finished proof: closed. 
327158     INFO  main            d.u.i.k.p.i.AbstractProblemLoader Loading environment from /home/runner/work/key/key/key.core/../key.ui/examples/heap/permissions/threads/Fib_Fib.key.proof 
327158     DEBUG main            d.u.i.k.p.i.AbstractProblemLoader Environment load took 81.4ns 
327159     INFO  main            d.u.i.k.p.i.AbstractProblemLoader Creating init config 
331720     DEBUG main            d.u.i.k.p.i.AbstractProblemLoader Init config took 4.56s 
331795     INFO  main            d.u.i.k.p.i.AbstractProblemLoader Replaying proof Fib[Fib::Fib(int)].JML normal_behavior operation contract.0 
331891     DEBUG main            d.u.i.k.p.i.IntermediateProofReplayer Proof replay took 90.2ms 
331892     DEBUG main            d.u.i.k.p.r.p.TestFile    ... success: reloaded. 
331893     INFO  main            d.u.i.k.p.r.p.TestFile    Now processing file /home/runner/work/key/key/key.core/../key.ui/examples/heap/permissions/threads/Fib_initPost_accessible.key 
331893     INFO  main            d.u.i.k.p.i.AbstractProblemLoader Loading environment from /home/runner/work/key/key/key.core/../key.ui/examples/heap/permissions/threads/Fib_initPost_accessible.key 
331893     DEBUG main            d.u.i.k.p.i.AbstractProblemLoader Environment load took 42.1ns 
331894     INFO  main            d.u.i.k.p.i.AbstractProblemLoader Creating init config 
336503     DEBUG main            d.u.i.k.p.i.AbstractProblemLoader Init config took 4.61s 
336577     INFO  main            d.u.i.k.p.i.AbstractProblemLoader Replaying proof Fib[ThreadSpec::initPost()].JML accessible clause.0 
336579     DEBUG main            d.u.i.k.p.i.IntermediateProofReplayer Proof replay took 5.9ns 
336680     INFO  main            d.u.i.k.p.r.p.TestFile    ... finished proof: closed. 
337018     INFO  main            d.u.i.k.p.i.AbstractProblemLoader Loading environment from /home/runner/work/key/key/key.core/../key.ui/examples/heap/permissions/threads/Fib_initPost_accessible.key.proof 
337018     DEBUG main            d.u.i.k.p.i.AbstractProblemLoader Environment load took 82.9ns 
337019     INFO  main            d.u.i.k.p.i.AbstractProblemLoader Creating init config 
341549     DEBUG main            d.u.i.k.p.i.AbstractProblemLoader Init config took 4.53s 
341623     INFO  main            d.u.i.k.p.i.AbstractProblemLoader Replaying proof Fib[ThreadSpec::initPost()].JML accessible clause.0 
341628     DEBUG main            d.u.i.k.p.i.IntermediateProofReplayer Proof replay took 4.28ms 
341629     DEBUG main            d.u.i.k.p.r.p.TestFile    ... success: reloaded. 
341630     INFO  main            d.u.i.k.p.r.p.TestFile    Now processing file /home/runner/work/key/key/key.core/../key.ui/examples/heap/permissions/threads/Fib_inv1_accessible.key 
341630     INFO  main            d.u.i.k.p.i.AbstractProblemLoader Loading environment from /home/runner/work/key/key/key.core/../key.ui/examples/heap/permissions/threads/Fib_inv1_accessible.key 
341630     DEBUG main            d.u.i.k.p.i.AbstractProblemLoader Environment load took 81.1ns 
341631     INFO  main            d.u.i.k.p.i.AbstractProblemLoader Creating init config 
346211     DEBUG main            d.u.i.k.p.i.AbstractProblemLoader Init config took 4.58s 
346299     INFO  main            d.u.i.k.p.i.AbstractProblemLoader Replaying proof Fib[java.lang.Object::<inv>()].JML accessible clause.0 
346301     DEBUG main            d.u.i.k.p.i.IntermediateProofReplayer Proof replay took 5.8ns 
346402     INFO  main            d.u.i.k.p.r.p.TestFile    ... finished proof: closed. 
346740     INFO  main            d.u.i.k.p.i.AbstractProblemLoader Loading environment from /home/runner/work/key/key/key.core/../key.ui/examples/heap/permissions/threads/Fib_inv1_accessible.key.proof 
346740     DEBUG main            d.u.i.k.p.i.AbstractProblemLoader Environment load took 68.1ns 
346741     INFO  main            d.u.i.k.p.i.AbstractProblemLoader Creating init config 
351237     DEBUG main            d.u.i.k.p.i.AbstractProblemLoader Init config took 4.5s 
351310     INFO  main            d.u.i.k.p.i.AbstractProblemLoader Replaying proof Fib[java.lang.Object::<inv>()].JML accessible clause.0 
351313     DEBUG main            d.u.i.k.p.i.IntermediateProofReplayer Proof replay took 1.51ms 
351314     DEBUG main            d.u.i.k.p.r.p.TestFile    ... success: reloaded. 
351314     INFO  main            d.u.i.k.p.r.p.TestFile    Now processing file /home/runner/work/key/key/key.core/../key.ui/examples/heap/permissions/threads/Fib_inv2_accessible.key 
351315     INFO  main            d.u.i.k.p.i.AbstractProblemLoader Loading environment from /home/runner/work/key/key/key.core/../key.ui/examples/heap/permissions/threads/Fib_inv2_accessible.key 
351315     DEBUG main            d.u.i.k.p.i.AbstractProblemLoader Environment load took 40.4ns 
351315     INFO  main            d.u.i.k.p.i.AbstractProblemLoader Creating init config 
355891     DEBUG main            d.u.i.k.p.i.AbstractProblemLoader Init config took 4.58s 
355984     INFO  main            d.u.i.k.p.i.AbstractProblemLoader Replaying proof Fib[java.lang.Object::<inv>()].JML accessible clause.1 
355985     DEBUG main            d.u.i.k.p.i.IntermediateProofReplayer Proof replay took 6.1ns 
356086     INFO  main            d.u.i.k.p.r.p.TestFile    ... finished proof: closed. 
356429     INFO  main            d.u.i.k.p.i.AbstractProblemLoader Loading environment from /home/runner/work/key/key/key.core/../key.ui/examples/heap/permissions/threads/Fib_inv2_accessible.key.proof 
356429     DEBUG main            d.u.i.k.p.i.AbstractProblemLoader Environment load took 68.6ns 
356430     INFO  main            d.u.i.k.p.i.AbstractProblemLoader Creating init config 
360936     DEBUG main            d.u.i.k.p.i.AbstractProblemLoader Init config took 4.51s 
361009     INFO  main            d.u.i.k.p.i.AbstractProblemLoader Replaying proof Fib[java.lang.Object::<inv>()].JML accessible clause.1 
361012     DEBUG main            d.u.i.k.p.i.IntermediateProofReplayer Proof replay took 1.47ms 
361012     DEBUG main            d.u.i.k.p.r.p.TestFile    ... success: reloaded. 
361013     INFO  main            d.u.i.k.p.r.p.TestFile    Now processing file /home/runner/work/key/key/key.core/../key.ui/examples/heap/permissions/threads/Fib_joinTransfer_accessible.key 
361013     INFO  main            d.u.i.k.p.i.AbstractProblemLoader Loading environment from /home/runner/work/key/key/key.core/../key.ui/examples/heap/permissions/threads/Fib_joinTransfer_accessible.key 
361014     DEBUG main            d.u.i.k.p.i.AbstractProblemLoader Environment load took 61.6ns 
361014     INFO  main            d.u.i.k.p.i.AbstractProblemLoader Creating init config 
365594     DEBUG main            d.u.i.k.p.i.AbstractProblemLoader Init config took 4.58s 
365669     INFO  main            d.u.i.k.p.i.AbstractProblemLoader Replaying proof Fib[ThreadSpec::joinTransfer()].JML accessible clause.0 
365671     DEBUG main            d.u.i.k.p.i.IntermediateProofReplayer Proof replay took 5.4ns 
365872     INFO  main            d.u.i.k.p.r.p.TestFile    ... finished proof: closed. 
366227     INFO  main            d.u.i.k.p.i.AbstractProblemLoader Loading environment from /home/runner/work/key/key/key.core/../key.ui/examples/heap/permissions/threads/Fib_joinTransfer_accessible.key.proof 
366227     DEBUG main            d.u.i.k.p.i.AbstractProblemLoader Environment load took 69.6ns 
366228     INFO  main            d.u.i.k.p.i.AbstractProblemLoader Creating init config 
370739     DEBUG main            d.u.i.k.p.i.AbstractProblemLoader Init config took 4.51s 
370814     INFO  main            d.u.i.k.p.i.AbstractProblemLoader Replaying proof Fib[ThreadSpec::joinTransfer()].JML accessible clause.0 
370836     DEBUG main            d.u.i.k.p.i.IntermediateProofReplayer Proof replay took 20.72ms 
370837     DEBUG main            d.u.i.k.p.r.p.TestFile    ... success: reloaded. 
370838     INFO  main            d.u.i.k.p.r.p.TestFile    Now processing file /home/runner/work/key/key/key.core/../key.ui/examples/heap/permissions/threads/Fib_joinTransfer_contract.key 
370838     INFO  main            d.u.i.k.p.i.AbstractProblemLoader Loading environment from /home/runner/work/key/key/key.core/../key.ui/examples/heap/permissions/threads/Fib_joinTransfer_contract.key 
370838     DEBUG main            d.u.i.k.p.i.AbstractProblemLoader Environment load took 136.9ns 
370839     INFO  main            d.u.i.k.p.i.AbstractProblemLoader Creating init config 
375411     DEBUG main            d.u.i.k.p.i.AbstractProblemLoader Init config took 4.57s 
375485     INFO  main            d.u.i.k.p.i.AbstractProblemLoader Replaying proof Fib[ThreadSpec::joinTransfer()].JML model_behavior operation contract.0 
375486     DEBUG main            d.u.i.k.p.i.IntermediateProofReplayer Proof replay took 6ns 
375587     INFO  main            d.u.i.k.p.r.p.TestFile    ... finished proof: closed. 
375943     INFO  main            d.u.i.k.p.i.AbstractProblemLoader Loading environment from /home/runner/work/key/key/key.core/../key.ui/examples/heap/permissions/threads/Fib_joinTransfer_contract.key.proof 
375943     DEBUG main            d.u.i.k.p.i.AbstractProblemLoader Environment load took 76.2ns 
375944     INFO  main            d.u.i.k.p.i.AbstractProblemLoader Creating init config 
380451     DEBUG main            d.u.i.k.p.i.AbstractProblemLoader Init config took 4.51s 
380525     INFO  main            d.u.i.k.p.i.AbstractProblemLoader Replaying proof Fib[ThreadSpec::joinTransfer()].JML model_behavior operation contract.0 
380532     DEBUG main            d.u.i.k.p.i.IntermediateProofReplayer Proof replay took 6ms 
380533     DEBUG main            d.u.i.k.p.r.p.TestFile    ... success: reloaded. 
380534     INFO  main            d.u.i.k.p.r.p.TestFile    Now processing file /home/runner/work/key/key/key.core/../key.ui/examples/heap/permissions/threads/Fib_postJoin_accessible.key 
380534     INFO  main            d.u.i.k.p.i.AbstractProblemLoader Loading environment from /home/runner/work/key/key/key.core/../key.ui/examples/heap/permissions/threads/Fib_postJoin_accessible.key 
380534     DEBUG main            d.u.i.k.p.i.AbstractProblemLoader Environment load took 60.2ns 
380535     INFO  main            d.u.i.k.p.i.AbstractProblemLoader Creating init config 
385102     DEBUG main            d.u.i.k.p.i.AbstractProblemLoader Init config took 4.57s 
385176     INFO  main            d.u.i.k.p.i.AbstractProblemLoader Replaying proof Fib[ThreadSpec::postJoin(java.lang.Object)].JML accessible clause.0 
385177     DEBUG main            d.u.i.k.p.i.IntermediateProofReplayer Proof replay took 6.3ns 
385278     INFO  main            d.u.i.k.p.r.p.TestFile    ... finished proof: closed. 
385640     INFO  main            d.u.i.k.p.i.AbstractProblemLoader Loading environment from /home/runner/work/key/key/key.core/../key.ui/examples/heap/permissions/threads/Fib_postJoin_accessible.key.proof 
385640     DEBUG main            d.u.i.k.p.i.AbstractProblemLoader Environment load took 68.9ns 
385640     INFO  main            d.u.i.k.p.i.AbstractProblemLoader Creating init config 
390137     DEBUG main            d.u.i.k.p.i.AbstractProblemLoader Init config took 4.5s 
390211     INFO  main            d.u.i.k.p.i.AbstractProblemLoader Replaying proof Fib[ThreadSpec::postJoin(java.lang.Object)].JML accessible clause.0 
390217     DEBUG main            d.u.i.k.p.i.IntermediateProofReplayer Proof replay took 4.53ms 
390217     DEBUG main            d.u.i.k.p.r.p.TestFile    ... success: reloaded. 
390218     INFO  main            d.u.i.k.p.r.p.TestFile    Now processing file /home/runner/work/key/key/key.core/../key.ui/examples/heap/permissions/threads/Fib_preStart_accessible.key 
390218     INFO  main            d.u.i.k.p.i.AbstractProblemLoader Loading environment from /home/runner/work/key/key/key.core/../key.ui/examples/heap/permissions/threads/Fib_preStart_accessible.key 
390218     DEBUG main            d.u.i.k.p.i.AbstractProblemLoader Environment load took 80.2ns 
390219     INFO  main            d.u.i.k.p.i.AbstractProblemLoader Creating init config 
394803     DEBUG main            d.u.i.k.p.i.AbstractProblemLoader Init config took 4.58s 
394891     INFO  main            d.u.i.k.p.i.AbstractProblemLoader Replaying proof Fib[ThreadSpec::preStart(java.lang.Object)].JML accessible clause.0 
394892     DEBUG main            d.u.i.k.p.i.IntermediateProofReplayer Proof replay took 6ns 
394994     INFO  main            d.u.i.k.p.r.p.TestFile    ... finished proof: closed. 
395365     INFO  main            d.u.i.k.p.i.AbstractProblemLoader Loading environment from /home/runner/work/key/key/key.core/../key.ui/examples/heap/permissions/threads/Fib_preStart_accessible.key.proof 
395365     DEBUG main            d.u.i.k.p.i.AbstractProblemLoader Environment load took 70.5ns 
395365     INFO  main            d.u.i.k.p.i.AbstractProblemLoader Creating init config 
399860     DEBUG main            d.u.i.k.p.i.AbstractProblemLoader Init config took 4.49s 
399945     INFO  main            d.u.i.k.p.i.AbstractProblemLoader Replaying proof Fib[ThreadSpec::preStart(java.lang.Object)].JML accessible clause.0 
399951     DEBUG main            d.u.i.k.p.i.IntermediateProofReplayer Proof replay took 4.53ms 
399952     DEBUG main            d.u.i.k.p.r.p.TestFile    ... success: reloaded. 
399953     INFO  main            d.u.i.k.p.r.p.TestFile    Now processing file /home/runner/work/key/key/key.core/../key.ui/examples/heap/permissions/threads/Fib_startTransfer_accessible.key 
399953     INFO  main            d.u.i.k.p.i.AbstractProblemLoader Loading environment from /home/runner/work/key/key/key.core/../key.ui/examples/heap/permissions/threads/Fib_startTransfer_accessible.key 
399953     DEBUG main            d.u.i.k.p.i.AbstractProblemLoader Environment load took 76.8ns 
399954     INFO  main            d.u.i.k.p.i.AbstractProblemLoader Creating init config 
404513     DEBUG main            d.u.i.k.p.i.AbstractProblemLoader Init config took 4.56s 
404586     INFO  main            d.u.i.k.p.i.AbstractProblemLoader Replaying proof Fib[ThreadSpec::startTransfer()].JML accessible clause.0 
404588     DEBUG main            d.u.i.k.p.i.IntermediateProofReplayer Proof replay took 6.2ns 
404789     INFO  main            d.u.i.k.p.r.p.TestFile    ... finished proof: closed. 
405186     INFO  main            d.u.i.k.p.i.AbstractProblemLoader Loading environment from /home/runner/work/key/key/key.core/../key.ui/examples/heap/permissions/threads/Fib_startTransfer_accessible.key.proof 
405186     DEBUG main            d.u.i.k.p.i.AbstractProblemLoader Environment load took 74ns 
405187     INFO  main            d.u.i.k.p.i.AbstractProblemLoader Creating init config 
409700     DEBUG main            d.u.i.k.p.i.AbstractProblemLoader Init config took 4.51s 
409785     INFO  main            d.u.i.k.p.i.AbstractProblemLoader Replaying proof Fib[ThreadSpec::startTransfer()].JML accessible clause.0 
409819     DEBUG main            d.u.i.k.p.i.IntermediateProofReplayer Proof replay took 31.55ms 
409820     DEBUG main            d.u.i.k.p.r.p.TestFile    ... success: reloaded. 
409821     INFO  main            d.u.i.k.p.r.p.TestFile    Now processing file /home/runner/work/key/key/key.core/../key.ui/examples/heap/permissions/threads/Fib_startTransfer_contract.key 
409821     INFO  main            d.u.i.k.p.i.AbstractProblemLoader Loading environment from /home/runner/work/key/key/key.core/../key.ui/examples/heap/permissions/threads/Fib_startTransfer_contract.key 
409821     DEBUG main            d.u.i.k.p.i.AbstractProblemLoader Environment load took 66.6ns 
409822     INFO  main            d.u.i.k.p.i.AbstractProblemLoader Creating init config 
414392     DEBUG main            d.u.i.k.p.i.AbstractProblemLoader Init config took 4.57s 
414466     INFO  main            d.u.i.k.p.i.AbstractProblemLoader Replaying proof Fib[ThreadSpec::startTransfer()].JML model_behavior operation contract.0 
414468     DEBUG main            d.u.i.k.p.i.IntermediateProofReplayer Proof replay took 6.1ns 
414569     INFO  main            d.u.i.k.p.r.p.TestFile    ... finished proof: closed. 
414951     INFO  main            d.u.i.k.p.i.AbstractProblemLoader Loading environment from /home/runner/work/key/key/key.core/../key.ui/examples/heap/permissions/threads/Fib_startTransfer_contract.key.proof 
414951     DEBUG main            d.u.i.k.p.i.AbstractProblemLoader Environment load took 68.1ns 
414952     INFO  main            d.u.i.k.p.i.AbstractProblemLoader Creating init config 
419462     DEBUG main            d.u.i.k.p.i.AbstractProblemLoader Init config took 4.51s 
419535     INFO  main            d.u.i.k.p.i.AbstractProblemLoader Replaying proof Fib[ThreadSpec::startTransfer()].JML model_behavior operation contract.0 
419543     DEBUG main            d.u.i.k.p.i.IntermediateProofReplayer Proof replay took 6.16ms 
419543     DEBUG main            d.u.i.k.p.r.p.TestFile    ... success: reloaded. 
419544     INFO  main            d.u.i.k.p.r.p.TestFile    Now processing file /home/runner/work/key/key/key.core/../key.ui/examples/heap/permissions/threads/Fib_workingPermissions_accessible.key 
419544     INFO  main            d.u.i.k.p.i.AbstractProblemLoader Loading environment from /home/runner/work/key/key/key.core/../key.ui/examples/heap/permissions/threads/Fib_workingPermissions_accessible.key 
419544     DEBUG main            d.u.i.k.p.i.AbstractProblemLoader Environment load took 38.3ns 
419545     INFO  main            d.u.i.k.p.i.AbstractProblemLoader Creating init config 
424111     DEBUG main            d.u.i.k.p.i.AbstractProblemLoader Init config took 4.57s 
424184     INFO  main            d.u.i.k.p.i.AbstractProblemLoader Replaying proof Fib[ThreadSpec::workingPermissions()].JML accessible clause.0 
424185     DEBUG main            d.u.i.k.p.i.IntermediateProofReplayer Proof replay took 6.5ns 
424286     INFO  main            d.u.i.k.p.r.p.TestFile    ... finished proof: closed. 
424677     INFO  main            d.u.i.k.p.i.AbstractProblemLoader Loading environment from /home/runner/work/key/key/key.core/../key.ui/examples/heap/permissions/threads/Fib_workingPermissions_accessible.key.proof 
424677     DEBUG main            d.u.i.k.p.i.AbstractProblemLoader Environment load took 72.8ns 
424678     INFO  main            d.u.i.k.p.i.AbstractProblemLoader Creating init config 
429191     DEBUG main            d.u.i.k.p.i.AbstractProblemLoader Init config took 4.51s 
429264     INFO  main            d.u.i.k.p.i.AbstractProblemLoader Replaying proof Fib[ThreadSpec::workingPermissions()].JML accessible clause.0 
429267     DEBUG main            d.u.i.k.p.i.IntermediateProofReplayer Proof replay took 1.82ms 
429268     DEBUG main            d.u.i.k.p.r.p.TestFile    ... success: reloaded. 
429268     INFO  main            d.u.i.k.p.r.p.TestFile    Now processing file /home/runner/work/key/key/key.core/../key.ui/examples/heap/permissions/threads/Plotter_initPost_accessible.key 
429269     INFO  main            d.u.i.k.p.i.AbstractProblemLoader Loading environment from /home/runner/work/key/key/key.core/../key.ui/examples/heap/permissions/threads/Plotter_initPost_accessible.key 
429269     DEBUG main            d.u.i.k.p.i.AbstractProblemLoader Environment load took 38.8ns 
429269     INFO  main            d.u.i.k.p.i.AbstractProblemLoader Creating init config 
433839     DEBUG main            d.u.i.k.p.i.AbstractProblemLoader Init config took 4.57s 
433924     INFO  main            d.u.i.k.p.i.AbstractProblemLoader Replaying proof Plotter[ThreadSpec2::initPost()].JML accessible clause.0 
433925     DEBUG main            d.u.i.k.p.i.IntermediateProofReplayer Proof replay took 6.1ns 
434027     INFO  main            d.u.i.k.p.r.p.TestFile    ... finished proof: closed. 
434422     INFO  main            d.u.i.k.p.i.AbstractProblemLoader Loading environment from /home/runner/work/key/key/key.core/../key.ui/examples/heap/permissions/threads/Plotter_initPost_accessible.key.proof 
434422     DEBUG main            d.u.i.k.p.i.AbstractProblemLoader Environment load took 73.3ns 
434423     INFO  main            d.u.i.k.p.i.AbstractProblemLoader Creating init config 
438928     DEBUG main            d.u.i.k.p.i.AbstractProblemLoader Init config took 4.5s 
439000     INFO  main            d.u.i.k.p.i.AbstractProblemLoader Replaying proof Plotter[ThreadSpec2::initPost()].JML accessible clause.0 
439014     DEBUG main            d.u.i.k.p.i.IntermediateProofReplayer Proof replay took 11.58ms 
439014     DEBUG main            d.u.i.k.p.r.p.TestFile    ... success: reloaded. 
439015     INFO  main            d.u.i.k.p.r.p.TestFile    Now processing file /home/runner/work/key/key/key.core/../key.ui/examples/heap/permissions/threads/Plotter_inv_accessible1.key 
439015     INFO  main            d.u.i.k.p.i.AbstractProblemLoader Loading environment from /home/runner/work/key/key/key.core/../key.ui/examples/heap/permissions/threads/Plotter_inv_accessible1.key 
439015     DEBUG main            d.u.i.k.p.i.AbstractProblemLoader Environment load took 61ns 
439016     INFO  main            d.u.i.k.p.i.AbstractProblemLoader Creating init config 
443613     DEBUG main            d.u.i.k.p.i.AbstractProblemLoader Init config took 4.6s 
443687     INFO  main            d.u.i.k.p.i.AbstractProblemLoader Replaying proof Plotter[java.lang.Object::<inv>()].JML accessible clause.0 
443688     DEBUG main            d.u.i.k.p.i.IntermediateProofReplayer Proof replay took 7.2ns 
443790     INFO  main            d.u.i.k.p.r.p.TestFile    ... finished proof: closed. 
444198     INFO  main            d.u.i.k.p.i.AbstractProblemLoader Loading environment from /home/runner/work/key/key/key.core/../key.ui/examples/heap/permissions/threads/Plotter_inv_accessible1.key.proof 
444198     DEBUG main            d.u.i.k.p.i.AbstractProblemLoader Environment load took 80ns 
444199     INFO  main            d.u.i.k.p.i.AbstractProblemLoader Creating init config 
448730     DEBUG main            d.u.i.k.p.i.AbstractProblemLoader Init config took 4.53s 
448815     INFO  main            d.u.i.k.p.i.AbstractProblemLoader Replaying proof Plotter[java.lang.Object::<inv>()].JML accessible clause.0 
448818     DEBUG main            d.u.i.k.p.i.IntermediateProofReplayer Proof replay took 1.48ms 
448819     DEBUG main            d.u.i.k.p.r.p.TestFile    ... success: reloaded. 
448820     INFO  main            d.u.i.k.p.r.p.TestFile    Now processing file /home/runner/work/key/key/key.core/../key.ui/examples/heap/permissions/threads/Plotter_inv_accessible2.key 
448820     INFO  main            d.u.i.k.p.i.AbstractProblemLoader Loading environment from /home/runner/work/key/key/key.core/../key.ui/examples/heap/permissions/threads/Plotter_inv_accessible2.key 
448820     DEBUG main            d.u.i.k.p.i.AbstractProblemLoader Environment load took 37.6ns 
448821     INFO  main            d.u.i.k.p.i.AbstractProblemLoader Creating init config 
453362     DEBUG main            d.u.i.k.p.i.AbstractProblemLoader Init config took 4.54s 
453434     INFO  main            d.u.i.k.p.i.AbstractProblemLoader Replaying proof Plotter[java.lang.Object::<inv>()].JML accessible clause.1 
453436     DEBUG main            d.u.i.k.p.i.IntermediateProofReplayer Proof replay took 6.6ns 
453537     INFO  main            d.u.i.k.p.r.p.TestFile    ... finished proof: closed. 
453945     INFO  main            d.u.i.k.p.i.AbstractProblemLoader Loading environment from /home/runner/work/key/key/key.core/../key.ui/examples/heap/permissions/threads/Plotter_inv_accessible2.key.proof 
453945     DEBUG main            d.u.i.k.p.i.AbstractProblemLoader Environment load took 70.1ns 
453945     INFO  main            d.u.i.k.p.i.AbstractProblemLoader Creating init config 
458425     DEBUG main            d.u.i.k.p.i.AbstractProblemLoader Init config took 4.48s 
458498     INFO  main            d.u.i.k.p.i.AbstractProblemLoader Replaying proof Plotter[java.lang.Object::<inv>()].JML accessible clause.1 
458500     DEBUG main            d.u.i.k.p.i.IntermediateProofReplayer Proof replay took 1.48ms 
458501     DEBUG main            d.u.i.k.p.r.p.TestFile    ... success: reloaded. 
458502     INFO  main            d.u.i.k.p.r.p.TestFile    Now processing file /home/runner/work/key/key/key.core/../key.ui/examples/heap/permissions/threads/Plotter_joinTransfer_contract.key 
458502     INFO  main            d.u.i.k.p.i.AbstractProblemLoader Loading environment from /home/runner/work/key/key/key.core/../key.ui/examples/heap/permissions/threads/Plotter_joinTransfer_contract.key 
458502     DEBUG main            d.u.i.k.p.i.AbstractProblemLoader Environment load took 39.3ns 
458503     INFO  main            d.u.i.k.p.i.AbstractProblemLoader Creating init config 
463077     DEBUG main            d.u.i.k.p.i.AbstractProblemLoader Init config took 4.57s 
463175     INFO  main            d.u.i.k.p.i.AbstractProblemLoader Replaying proof Plotter[ThreadSpec2::joinTransfer()].JML model_behavior operation contract.0 
463176     DEBUG main            d.u.i.k.p.i.IntermediateProofReplayer Proof replay took 6.1ns 
463277     INFO  main            d.u.i.k.p.r.p.TestFile    ... finished proof: closed. 
463694     INFO  main            d.u.i.k.p.i.AbstractProblemLoader Loading environment from /home/runner/work/key/key/key.core/../key.ui/examples/heap/permissions/threads/Plotter_joinTransfer_contract.key.proof 
463694     DEBUG main            d.u.i.k.p.i.AbstractProblemLoader Environment load took 67ns 
463694     INFO  main            d.u.i.k.p.i.AbstractProblemLoader Creating init config 
468176     DEBUG main            d.u.i.k.p.i.AbstractProblemLoader Init config took 4.48s 
468261     INFO  main            d.u.i.k.p.i.AbstractProblemLoader Replaying proof Plotter[ThreadSpec2::joinTransfer()].JML model_behavior operation contract.0 
468269     DEBUG main            d.u.i.k.p.i.IntermediateProofReplayer Proof replay took 6.97ms 
468270     DEBUG main            d.u.i.k.p.r.p.TestFile    ... success: reloaded. 
468270     INFO  main            d.u.i.k.p.r.p.TestFile    Now processing file /home/runner/work/key/key/key.core/../key.ui/examples/heap/permissions/threads/Plotter_Plotter.key 
468271     INFO  main            d.u.i.k.p.i.AbstractProblemLoader Loading environment from /home/runner/work/key/key/key.core/../key.ui/examples/heap/permissions/threads/Plotter_Plotter.key 
468271     DEBUG main            d.u.i.k.p.i.AbstractProblemLoader Environment load took 41.3ns 
468271     INFO  main            d.u.i.k.p.i.AbstractProblemLoader Creating init config 
472841     DEBUG main            d.u.i.k.p.i.AbstractProblemLoader Init config took 4.57s 
472916     INFO  main            d.u.i.k.p.i.AbstractProblemLoader Replaying proof Plotter[Plotter::Plotter(AFilter,BFilter,Buffer)].JML normal_behavior operation contract.0 
472917     DEBUG main            d.u.i.k.p.i.IntermediateProofReplayer Proof replay took 6.2ns 
474721     INFO  main            d.u.i.k.p.r.p.TestFile    ... finished proof: closed. 
475158     INFO  main            d.u.i.k.p.i.AbstractProblemLoader Loading environment from /home/runner/work/key/key/key.core/../key.ui/examples/heap/permissions/threads/Plotter_Plotter.key.proof 
475158     DEBUG main            d.u.i.k.p.i.AbstractProblemLoader Environment load took 255.8ns 
475159     INFO  main            d.u.i.k.p.i.AbstractProblemLoader Creating init config 
479707     DEBUG main            d.u.i.k.p.i.AbstractProblemLoader Init config took 4.55s 
479782     INFO  main            d.u.i.k.p.i.AbstractProblemLoader Replaying proof Plotter[Plotter::Plotter(AFilter,BFilter,Buffer)].JML normal_behavior operation contract.0 
480006     DEBUG main            d.u.i.k.p.i.IntermediateProofReplayer Proof replay took 219.98ms 
480007     DEBUG main            d.u.i.k.p.r.p.TestFile    ... success: reloaded. 
480008     INFO  main            d.u.i.k.p.r.p.TestFile    Now processing file /home/runner/work/key/key/key.core/../key.ui/examples/heap/permissions/threads/Plotter_postJoin_accessible.key 
480008     INFO  main            d.u.i.k.p.i.AbstractProblemLoader Loading environment from /home/runner/work/key/key/key.core/../key.ui/examples/heap/permissions/threads/Plotter_postJoin_accessible.key 
480008     DEBUG main            d.u.i.k.p.i.AbstractProblemLoader Environment load took 40.3ns 
480009     INFO  main            d.u.i.k.p.i.AbstractProblemLoader Creating init config 
484596     DEBUG main            d.u.i.k.p.i.AbstractProblemLoader Init config took 4.59s 
484689     INFO  main            d.u.i.k.p.i.AbstractProblemLoader Replaying proof Plotter[ThreadSpec2::postJoin(java.lang.Object)].JML accessible clause.0 
484690     DEBUG main            d.u.i.k.p.i.IntermediateProofReplayer Proof replay took 5.9ns 
484792     INFO  main            d.u.i.k.p.r.p.TestFile    ... finished proof: closed. 
485221     INFO  main            d.u.i.k.p.i.AbstractProblemLoader Loading environment from /home/runner/work/key/key/key.core/../key.ui/examples/heap/permissions/threads/Plotter_postJoin_accessible.key.proof 
485221     DEBUG main            d.u.i.k.p.i.AbstractProblemLoader Environment load took 66.5ns 
485222     INFO  main            d.u.i.k.p.i.AbstractProblemLoader Creating init config 
489726     DEBUG main            d.u.i.k.p.i.AbstractProblemLoader Init config took 4.5s 
489804     INFO  main            d.u.i.k.p.i.AbstractProblemLoader Replaying proof Plotter[ThreadSpec2::postJoin(java.lang.Object)].JML accessible clause.0 
489816     DEBUG main            d.u.i.k.p.i.IntermediateProofReplayer Proof replay took 10.49ms 
489817     DEBUG main            d.u.i.k.p.r.p.TestFile    ... success: reloaded. 
489818     INFO  main            d.u.i.k.p.r.p.TestFile    Now processing file /home/runner/work/key/key/key.core/../key.ui/examples/heap/permissions/threads/Plotter_preStart_accessible.key 
489818     INFO  main            d.u.i.k.p.i.AbstractProblemLoader Loading environment from /home/runner/work/key/key/key.core/../key.ui/examples/heap/permissions/threads/Plotter_preStart_accessible.key 
489819     DEBUG main            d.u.i.k.p.i.AbstractProblemLoader Environment load took 126.7ns 
489819     INFO  main            d.u.i.k.p.i.AbstractProblemLoader Creating init config 
494389     DEBUG main            d.u.i.k.p.i.AbstractProblemLoader Init config took 4.57s 
494462     INFO  main            d.u.i.k.p.i.AbstractProblemLoader Replaying proof Plotter[ThreadSpec2::preStart(java.lang.Object)].JML accessible clause.0 
494463     DEBUG main            d.u.i.k.p.i.IntermediateProofReplayer Proof replay took 6.4ns 
495481     INFO  main            d.u.i.k.p.r.p.TestFile    ... finished proof: closed. 
495927     INFO  main            d.u.i.k.p.i.AbstractProblemLoader Loading environment from /home/runner/work/key/key/key.core/../key.ui/examples/heap/permissions/threads/Plotter_preStart_accessible.key.proof 
495927     DEBUG main            d.u.i.k.p.i.AbstractProblemLoader Environment load took 77.2ns 
495928     INFO  main            d.u.i.k.p.i.AbstractProblemLoader Creating init config 
500433     DEBUG main            d.u.i.k.p.i.AbstractProblemLoader Init config took 4.51s 
500506     INFO  main            d.u.i.k.p.i.AbstractProblemLoader Replaying proof Plotter[ThreadSpec2::preStart(java.lang.Object)].JML accessible clause.0 
500582     DEBUG main            d.u.i.k.p.i.IntermediateProofReplayer Proof replay took 73.31ms 
500583     DEBUG main            d.u.i.k.p.r.p.TestFile    ... success: reloaded. 
500584     INFO  main            d.u.i.k.p.r.p.TestFile    Now processing file /home/runner/work/key/key/key.core/../key.ui/examples/heap/permissions/threads/Plotter_stateInv_accessible.key 
500584     INFO  main            d.u.i.k.p.i.AbstractProblemLoader Loading environment from /home/runner/work/key/key/key.core/../key.ui/examples/heap/permissions/threads/Plotter_stateInv_accessible.key 
500584     DEBUG main            d.u.i.k.p.i.AbstractProblemLoader Environment load took 43.2ns 
500584     INFO  main            d.u.i.k.p.i.AbstractProblemLoader Creating init config 
505151     DEBUG main            d.u.i.k.p.i.AbstractProblemLoader Init config took 4.57s 
505243     INFO  main            d.u.i.k.p.i.AbstractProblemLoader Replaying proof Plotter[ThreadSpec2::stateInv()].JML accessible clause.0 
505244     DEBUG main            d.u.i.k.p.i.IntermediateProofReplayer Proof replay took 6.4ns 
512766     INFO  main            d.u.i.k.p.r.p.TestFile    ... finished proof: closed. 
513229     INFO  main            d.u.i.k.p.i.AbstractProblemLoader Loading environment from /home/runner/work/key/key/key.core/../key.ui/examples/heap/permissions/threads/Plotter_stateInv_accessible.key.proof 
513229     DEBUG main            d.u.i.k.p.i.AbstractProblemLoader Environment load took 74.7ns 
513231     INFO  main            d.u.i.k.p.i.AbstractProblemLoader Creating init config 
517740     DEBUG main            d.u.i.k.p.i.AbstractProblemLoader Init config took 4.51s 
517812     INFO  main            d.u.i.k.p.i.AbstractProblemLoader Replaying proof Plotter[ThreadSpec2::stateInv()].JML accessible clause.0 
518409     DEBUG main            d.u.i.k.p.i.IntermediateProofReplayer Proof replay took 583.25ms 
518411     DEBUG main            d.u.i.k.p.r.p.TestFile    ... success: reloaded. 
518411     INFO  main            d.u.i.k.p.r.p.TestFile    Now processing file /home/runner/work/key/key/key.core/../key.ui/examples/heap/permissions/threads/Plotter_staticPermissions_accessible.key 
518411     INFO  main            d.u.i.k.p.i.AbstractProblemLoader Loading environment from /home/runner/work/key/key/key.core/../key.ui/examples/heap/permissions/threads/Plotter_staticPermissions_accessible.key 
518412     DEBUG main            d.u.i.k.p.i.AbstractProblemLoader Environment load took 39.8ns 
518412     INFO  main            d.u.i.k.p.i.AbstractProblemLoader Creating init config 
523024     DEBUG main            d.u.i.k.p.i.AbstractProblemLoader Init config took 4.61s 
523097     INFO  main            d.u.i.k.p.i.AbstractProblemLoader Replaying proof Plotter[ThreadSpec2::staticPermissions()].JML accessible clause.0 
523098     DEBUG main            d.u.i.k.p.i.IntermediateProofReplayer Proof replay took 43.1ns 
523802     INFO  main            d.u.i.k.p.r.p.TestFile    ... finished proof: closed. 
524264     INFO  main            d.u.i.k.p.i.AbstractProblemLoader Loading environment from /home/runner/work/key/key/key.core/../key.ui/examples/heap/permissions/threads/Plotter_staticPermissions_accessible.key.proof 
524264     DEBUG main            d.u.i.k.p.i.AbstractProblemLoader Environment load took 72.8ns 
524265     INFO  main            d.u.i.k.p.i.AbstractProblemLoader Creating init config 
528754     DEBUG main            d.u.i.k.p.i.AbstractProblemLoader Init config took 4.49s 
528831     INFO  main            d.u.i.k.p.i.AbstractProblemLoader Replaying proof Plotter[ThreadSpec2::staticPermissions()].JML accessible clause.0 
528888     DEBUG main            d.u.i.k.p.i.IntermediateProofReplayer Proof replay took 54.62ms 
528889     DEBUG main            d.u.i.k.p.r.p.TestFile    ... success: reloaded. 
528890     INFO  main            d.u.i.k.p.r.p.TestFile    Now processing file /home/runner/work/key/key/key.core/../key.ui/examples/heap/permissions/threads/Plotter_workingPermissions_accessible.key 
528890     INFO  main            d.u.i.k.p.i.AbstractProblemLoader Loading environment from /home/runner/work/key/key/key.core/../key.ui/examples/heap/permissions/threads/Plotter_workingPermissions_accessible.key 
528890     DEBUG main            d.u.i.k.p.i.AbstractProblemLoader Environment load took 58.7ns 
528891     INFO  main            d.u.i.k.p.i.AbstractProblemLoader Creating init config 
533462     DEBUG main            d.u.i.k.p.i.AbstractProblemLoader Init config took 4.57s 
533535     INFO  main            d.u.i.k.p.i.AbstractProblemLoader Replaying proof Plotter[ThreadSpec2::workingPermissions()].JML accessible clause.0 
533537     DEBUG main            d.u.i.k.p.i.IntermediateProofReplayer Proof replay took 2.2ns 
533738     INFO  main            d.u.i.k.p.r.p.TestFile    ... finished proof: closed. 
534188     INFO  main            d.u.i.k.p.i.AbstractProblemLoader Loading environment from /home/runner/work/key/key/key.core/../key.ui/examples/heap/permissions/threads/Plotter_workingPermissions_accessible.key.proof 
534188     DEBUG main            d.u.i.k.p.i.AbstractProblemLoader Environment load took 68.3ns 
534189     INFO  main            d.u.i.k.p.i.AbstractProblemLoader Creating init config 
538683     DEBUG main            d.u.i.k.p.i.AbstractProblemLoader Init config took 4.49s 
538757     INFO  main            d.u.i.k.p.i.AbstractProblemLoader Replaying proof Plotter[ThreadSpec2::workingPermissions()].JML accessible clause.0 
538772     DEBUG main            d.u.i.k.p.i.IntermediateProofReplayer Proof replay took 13.55ms 
538773     DEBUG main            d.u.i.k.p.r.p.TestFile    ... success: reloaded. 
538773     INFO  main            d.u.i.k.p.r.p.TestFile    Now processing file /home/runner/work/key/key/key.core/../key.ui/examples/heap/permissions/threads/Sampler_initPost_accessible.key 
538774     INFO  main            d.u.i.k.p.i.AbstractProblemLoader Loading environment from /home/runner/work/key/key/key.core/../key.ui/examples/heap/permissions/threads/Sampler_initPost_accessible.key 
538774     DEBUG main            d.u.i.k.p.i.AbstractProblemLoader Environment load took 41.3ns 
538774     INFO  main            d.u.i.k.p.i.AbstractProblemLoader Creating init config 
543335     DEBUG main            d.u.i.k.p.i.AbstractProblemLoader Init config took 4.56s 
543408     INFO  main            d.u.i.k.p.i.AbstractProblemLoader Replaying proof Sampler[ThreadSpec2::initPost()].JML accessible clause.0 
543409     DEBUG main            d.u.i.k.p.i.IntermediateProofReplayer Proof replay took 2.5ns 
543510     INFO  main            d.u.i.k.p.r.p.TestFile    ... finished proof: closed. 
543961     INFO  main            d.u.i.k.p.i.AbstractProblemLoader Loading environment from /home/runner/work/key/key/key.core/../key.ui/examples/heap/permissions/threads/Sampler_initPost_accessible.key.proof 
543961     DEBUG main            d.u.i.k.p.i.AbstractProblemLoader Environment load took 70.5ns 
543962     INFO  main            d.u.i.k.p.i.AbstractProblemLoader Creating init config 
548464     DEBUG main            d.u.i.k.p.i.AbstractProblemLoader Init config took 4.5s 
548537     INFO  main            d.u.i.k.p.i.AbstractProblemLoader Replaying proof Sampler[ThreadSpec2::initPost()].JML accessible clause.0 
548543     DEBUG main            d.u.i.k.p.i.IntermediateProofReplayer Proof replay took 4.75ms 
548543     DEBUG main            d.u.i.k.p.r.p.TestFile    ... success: reloaded. 
548544     INFO  main            d.u.i.k.p.r.p.TestFile    Now processing file /home/runner/work/key/key/key.core/../key.ui/examples/heap/permissions/threads/Sampler_inv_accessible1.key 
548544     INFO  main            d.u.i.k.p.i.AbstractProblemLoader Loading environment from /home/runner/work/key/key/key.core/../key.ui/examples/heap/permissions/threads/Sampler_inv_accessible1.key 
548544     DEBUG main            d.u.i.k.p.i.AbstractProblemLoader Environment load took 38.3ns 
548545     INFO  main            d.u.i.k.p.i.AbstractProblemLoader Creating init config 
553111     DEBUG main            d.u.i.k.p.i.AbstractProblemLoader Init config took 4.57s 
553184     INFO  main            d.u.i.k.p.i.AbstractProblemLoader Replaying proof Sampler[java.lang.Object::<inv>()].JML accessible clause.0 
553185     DEBUG main            d.u.i.k.p.i.IntermediateProofReplayer Proof replay took 2ns 
553287     INFO  main            d.u.i.k.p.r.p.TestFile    ... finished proof: closed. 
553752     INFO  main            d.u.i.k.p.i.AbstractProblemLoader Loading environment from /home/runner/work/key/key/key.core/../key.ui/examples/heap/permissions/threads/Sampler_inv_accessible1.key.proof 
553752     DEBUG main            d.u.i.k.p.i.AbstractProblemLoader Environment load took 67.6ns 
553753     INFO  main            d.u.i.k.p.i.AbstractProblemLoader Creating init config 
558259     DEBUG main            d.u.i.k.p.i.AbstractProblemLoader Init config took 4.51s 
558332     INFO  main            d.u.i.k.p.i.AbstractProblemLoader Replaying proof Sampler[java.lang.Object::<inv>()].JML accessible clause.0 
558334     DEBUG main            d.u.i.k.p.i.IntermediateProofReplayer Proof replay took 1.41ms 
558335     DEBUG main            d.u.i.k.p.r.p.TestFile    ... success: reloaded. 
558335     INFO  main            d.u.i.k.p.r.p.TestFile    Now processing file /home/runner/work/key/key/key.core/../key.ui/examples/heap/permissions/threads/Sampler_inv_accessible2.key 
558336     INFO  main            d.u.i.k.p.i.AbstractProblemLoader Loading environment from /home/runner/work/key/key/key.core/../key.ui/examples/heap/permissions/threads/Sampler_inv_accessible2.key 
558336     DEBUG main            d.u.i.k.p.i.AbstractProblemLoader Environment load took 37.8ns 
558336     INFO  main            d.u.i.k.p.i.AbstractProblemLoader Creating init config 
562895     DEBUG main            d.u.i.k.p.i.AbstractProblemLoader Init config took 4.56s 
562968     INFO  main            d.u.i.k.p.i.AbstractProblemLoader Replaying proof Sampler[java.lang.Object::<inv>()].JML accessible clause.1 
562969     DEBUG main            d.u.i.k.p.i.IntermediateProofReplayer Proof replay took 3ns 
563070     INFO  main            d.u.i.k.p.r.p.TestFile    ... finished proof: closed. 
563536     INFO  main            d.u.i.k.p.i.AbstractProblemLoader Loading environment from /home/runner/work/key/key/key.core/../key.ui/examples/heap/permissions/threads/Sampler_inv_accessible2.key.proof 
563536     DEBUG main            d.u.i.k.p.i.AbstractProblemLoader Environment load took 69ns 
563537     INFO  main            d.u.i.k.p.i.AbstractProblemLoader Creating init config 
568036     DEBUG main            d.u.i.k.p.i.AbstractProblemLoader Init config took 4.5s 
568108     INFO  main            d.u.i.k.p.i.AbstractProblemLoader Replaying proof Sampler[java.lang.Object::<inv>()].JML accessible clause.1 
568111     DEBUG main            d.u.i.k.p.i.IntermediateProofReplayer Proof replay took 1.39ms 
568111     DEBUG main            d.u.i.k.p.r.p.TestFile    ... success: reloaded. 
568112     INFO  main            d.u.i.k.p.r.p.TestFile    Now processing file /home/runner/work/key/key/key.core/../key.ui/examples/heap/permissions/threads/Sampler_joinTransfer_accessible.key 
568112     INFO  main            d.u.i.k.p.i.AbstractProblemLoader Loading environment from /home/runner/work/key/key/key.core/../key.ui/examples/heap/permissions/threads/Sampler_joinTransfer_accessible.key 
568112     DEBUG main            d.u.i.k.p.i.AbstractProblemLoader Environment load took 50.8ns 
568113     INFO  main            d.u.i.k.p.i.AbstractProblemLoader Creating init config 
572667     DEBUG main            d.u.i.k.p.i.AbstractProblemLoader Init config took 4.55s 
572740     INFO  main            d.u.i.k.p.i.AbstractProblemLoader Replaying proof Sampler[ThreadSpec2::joinTransfer()].JML accessible clause.0 
572741     DEBUG main            d.u.i.k.p.i.IntermediateProofReplayer Proof replay took 2.3ns 
576170     INFO  main            d.u.i.k.p.r.p.TestFile    ... finished proof: closed. 
576662     INFO  main            d.u.i.k.p.i.AbstractProblemLoader Loading environment from /home/runner/work/key/key/key.core/../key.ui/examples/heap/permissions/threads/Sampler_joinTransfer_accessible.key.proof 
576662     DEBUG main            d.u.i.k.p.i.AbstractProblemLoader Environment load took 75.6ns 
576663     INFO  main            d.u.i.k.p.i.AbstractProblemLoader Creating init config 
581153     DEBUG main            d.u.i.k.p.i.AbstractProblemLoader Init config took 4.49s 
581238     INFO  main            d.u.i.k.p.i.AbstractProblemLoader Replaying proof Sampler[ThreadSpec2::joinTransfer()].JML accessible clause.0 
581758     DEBUG main            d.u.i.k.p.i.IntermediateProofReplayer Proof replay took 510.24ms 
581759     DEBUG main            d.u.i.k.p.r.p.TestFile    ... success: reloaded. 
581760     INFO  main            d.u.i.k.p.r.p.TestFile    Now processing file /home/runner/work/key/key/key.core/../key.ui/examples/heap/permissions/threads/Sampler_joinTransfer_contract.key 
581760     INFO  main            d.u.i.k.p.i.AbstractProblemLoader Loading environment from /home/runner/work/key/key/key.core/../key.ui/examples/heap/permissions/threads/Sampler_joinTransfer_contract.key 
581760     DEBUG main            d.u.i.k.p.i.AbstractProblemLoader Environment load took 63.1ns 
581761     INFO  main            d.u.i.k.p.i.AbstractProblemLoader Creating init config 
586332     DEBUG main            d.u.i.k.p.i.AbstractProblemLoader Init config took 4.57s 
586419     INFO  main            d.u.i.k.p.i.AbstractProblemLoader Replaying proof Sampler[ThreadSpec2::joinTransfer()].JML model_behavior operation contract.0 
586420     DEBUG main            d.u.i.k.p.i.IntermediateProofReplayer Proof replay took 2.1ns 
586521     INFO  main            d.u.i.k.p.r.p.TestFile    ... finished proof: closed. 
587007     INFO  main            d.u.i.k.p.i.AbstractProblemLoader Loading environment from /home/runner/work/key/key/key.core/../key.ui/examples/heap/permissions/threads/Sampler_joinTransfer_contract.key.proof 
587007     DEBUG main            d.u.i.k.p.i.AbstractProblemLoader Environment load took 68.5ns 
587008     INFO  main            d.u.i.k.p.i.AbstractProblemLoader Creating init config 
591524     DEBUG main            d.u.i.k.p.i.AbstractProblemLoader Init config took 4.52s 
591608     INFO  main            d.u.i.k.p.i.AbstractProblemLoader Replaying proof Sampler[ThreadSpec2::joinTransfer()].JML model_behavior operation contract.0 
591615     DEBUG main            d.u.i.k.p.i.IntermediateProofReplayer Proof replay took 6.18ms 
591616     DEBUG main            d.u.i.k.p.r.p.TestFile    ... success: reloaded. 
591617     INFO  main            d.u.i.k.p.r.p.TestFile    Now processing file /home/runner/work/key/key/key.core/../key.ui/examples/heap/permissions/threads/Sampler_postJoin_accessible.key 
591617     INFO  main            d.u.i.k.p.i.AbstractProblemLoader Loading environment from /home/runner/work/key/key/key.core/../key.ui/examples/heap/permissions/threads/Sampler_postJoin_accessible.key 
591617     DEBUG main            d.u.i.k.p.i.AbstractProblemLoader Environment load took 72.9ns 
591617     INFO  main            d.u.i.k.p.i.AbstractProblemLoader Creating init config 
596182     DEBUG main            d.u.i.k.p.i.AbstractProblemLoader Init config took 4.56s 
596254     INFO  main            d.u.i.k.p.i.AbstractProblemLoader Replaying proof Sampler[ThreadSpec2::postJoin(java.lang.Object)].JML accessible clause.0 
596255     DEBUG main            d.u.i.k.p.i.IntermediateProofReplayer Proof replay took 3.5ns 
596356     INFO  main            d.u.i.k.p.r.p.TestFile    ... finished proof: closed. 
596844     INFO  main            d.u.i.k.p.i.AbstractProblemLoader Loading environment from /home/runner/work/key/key/key.core/../key.ui/examples/heap/permissions/threads/Sampler_postJoin_accessible.key.proof 
596844     DEBUG main            d.u.i.k.p.i.AbstractProblemLoader Environment load took 64.3ns 
596845     INFO  main            d.u.i.k.p.i.AbstractProblemLoader Creating init config 
601349     DEBUG main            d.u.i.k.p.i.AbstractProblemLoader Init config took 4.5s 
601432     INFO  main            d.u.i.k.p.i.AbstractProblemLoader Replaying proof Sampler[ThreadSpec2::postJoin(java.lang.Object)].JML accessible clause.0 
601441     DEBUG main            d.u.i.k.p.i.IntermediateProofReplayer Proof replay took 7.38ms 
601442     DEBUG main            d.u.i.k.p.r.p.TestFile    ... success: reloaded. 
601442     INFO  main            d.u.i.k.p.r.p.TestFile    Now processing file /home/runner/work/key/key/key.core/../key.ui/examples/heap/permissions/threads/Sampler_preStart_accessible.key 
601442     INFO  main            d.u.i.k.p.i.AbstractProblemLoader Loading environment from /home/runner/work/key/key/key.core/../key.ui/examples/heap/permissions/threads/Sampler_preStart_accessible.key 
601442     DEBUG main            d.u.i.k.p.i.AbstractProblemLoader Environment load took 38.1ns 
601443     INFO  main            d.u.i.k.p.i.AbstractProblemLoader Creating init config 
606017     DEBUG main            d.u.i.k.p.i.AbstractProblemLoader Init config took 4.57s 
606090     INFO  main            d.u.i.k.p.i.AbstractProblemLoader Replaying proof Sampler[ThreadSpec2::preStart(java.lang.Object)].JML accessible clause.0 
606092     DEBUG main            d.u.i.k.p.i.IntermediateProofReplayer Proof replay took 2.4ns 
606193     INFO  main            d.u.i.k.p.r.p.TestFile    ... finished proof: closed. 
606687     INFO  main            d.u.i.k.p.i.AbstractProblemLoader Loading environment from /home/runner/work/key/key/key.core/../key.ui/examples/heap/permissions/threads/Sampler_preStart_accessible.key.proof 
606687     DEBUG main            d.u.i.k.p.i.AbstractProblemLoader Environment load took 66ns 
606688     INFO  main            d.u.i.k.p.i.AbstractProblemLoader Creating init config 
611182     DEBUG main            d.u.i.k.p.i.AbstractProblemLoader Init config took 4.49s 
611255     INFO  main            d.u.i.k.p.i.AbstractProblemLoader Replaying proof Sampler[ThreadSpec2::preStart(java.lang.Object)].JML accessible clause.0 
611264     DEBUG main            d.u.i.k.p.i.IntermediateProofReplayer Proof replay took 7.4ms 
611264     DEBUG main            d.u.i.k.p.r.p.TestFile    ... success: reloaded. 
611265     INFO  main            d.u.i.k.p.r.p.TestFile    Now processing file /home/runner/work/key/key/key.core/../key.ui/examples/heap/permissions/threads/Sampler_run.key 
611265     INFO  main            d.u.i.k.p.i.AbstractProblemLoader Loading environment from /home/runner/work/key/key/key.core/../key.ui/examples/heap/permissions/threads/Sampler_run.key 
611265     DEBUG main            d.u.i.k.p.i.AbstractProblemLoader Environment load took 38.5ns 
611266     INFO  main            d.u.i.k.p.i.AbstractProblemLoader Creating init config 
615831     DEBUG main            d.u.i.k.p.i.AbstractProblemLoader Init config took 4.56s 
615904     INFO  main            d.u.i.k.p.i.AbstractProblemLoader Replaying proof Sampler[ThreadSpec2::run()].JML normal_behavior operation contract.0 
615905     DEBUG main            d.u.i.k.p.i.IntermediateProofReplayer Proof replay took 2.5ns 
616006     INFO  main            d.u.i.k.p.r.p.TestFile    ... finished proof: closed. 
616514     INFO  main            d.u.i.k.p.i.AbstractProblemLoader Loading environment from /home/runner/work/key/key/key.core/../key.ui/examples/heap/permissions/threads/Sampler_run.key.proof 
616514     DEBUG main            d.u.i.k.p.i.AbstractProblemLoader Environment load took 68.8ns 
616515     INFO  main            d.u.i.k.p.i.AbstractProblemLoader Creating init config 
621011     DEBUG main            d.u.i.k.p.i.AbstractProblemLoader Init config took 4.5s 
621084     INFO  main            d.u.i.k.p.i.AbstractProblemLoader Replaying proof Sampler[ThreadSpec2::run()].JML normal_behavior operation contract.0 
621115     DEBUG main            d.u.i.k.p.i.IntermediateProofReplayer Proof replay took 29.36ms 
621116     DEBUG main            d.u.i.k.p.r.p.TestFile    ... success: reloaded. 
621117     INFO  main            d.u.i.k.p.r.p.TestFile    Now processing file /home/runner/work/key/key/key.core/../key.ui/examples/heap/permissions/threads/Sampler_Sampler.key 
621117     INFO  main            d.u.i.k.p.i.AbstractProblemLoader Loading environment from /home/runner/work/key/key/key.core/../key.ui/examples/heap/permissions/threads/Sampler_Sampler.key 
621117     DEBUG main            d.u.i.k.p.i.AbstractProblemLoader Environment load took 67.8ns 
621118     INFO  main            d.u.i.k.p.i.AbstractProblemLoader Creating init config 
625673     DEBUG main            d.u.i.k.p.i.AbstractProblemLoader Init config took 4.55s 
625759     INFO  main            d.u.i.k.p.i.AbstractProblemLoader Replaying proof Sampler[Sampler::Sampler(Buffer)].JML normal_behavior operation contract.0 
625760     DEBUG main            d.u.i.k.p.i.IntermediateProofReplayer Proof replay took 2.5ns 
626362     INFO  main            d.u.i.k.p.r.p.TestFile    ... finished proof: closed. 
626892     INFO  main            d.u.i.k.p.i.AbstractProblemLoader Loading environment from /home/runner/work/key/key/key.core/../key.ui/examples/heap/permissions/threads/Sampler_Sampler.key.proof 
626892     DEBUG main            d.u.i.k.p.i.AbstractProblemLoader Environment load took 65.6ns 
626893     INFO  main            d.u.i.k.p.i.AbstractProblemLoader Creating init config 
631388     DEBUG main            d.u.i.k.p.i.AbstractProblemLoader Init config took 4.5s 
631461     INFO  main            d.u.i.k.p.i.AbstractProblemLoader Replaying proof Sampler[Sampler::Sampler(Buffer)].JML normal_behavior operation contract.0 
631543     DEBUG main            d.u.i.k.p.i.IntermediateProofReplayer Proof replay took 79.44ms 
631544     DEBUG main            d.u.i.k.p.r.p.TestFile    ... success: reloaded. 
631544     INFO  main            d.u.i.k.p.r.p.TestFile    Now processing file /home/runner/work/key/key/key.core/../key.ui/examples/heap/permissions/threads/Sampler_startTransfer_accessible.key 
631545     INFO  main            d.u.i.k.p.i.AbstractProblemLoader Loading environment from /home/runner/work/key/key/key.core/../key.ui/examples/heap/permissions/threads/Sampler_startTransfer_accessible.key 
631545     DEBUG main            d.u.i.k.p.i.AbstractProblemLoader Environment load took 41.6ns 
631545     INFO  main            d.u.i.k.p.i.AbstractProblemLoader Creating init config 
636111     DEBUG main            d.u.i.k.p.i.AbstractProblemLoader Init config took 4.57s 
636184     INFO  main            d.u.i.k.p.i.AbstractProblemLoader Replaying proof Sampler[ThreadSpec2::startTransfer()].JML accessible clause.0 
636185     DEBUG main            d.u.i.k.p.i.IntermediateProofReplayer Proof replay took 2ns 
640192     INFO  main            d.u.i.k.p.r.p.TestFile    ... finished proof: closed. 
640712     INFO  main            d.u.i.k.p.i.AbstractProblemLoader Loading environment from /home/runner/work/key/key/key.core/../key.ui/examples/heap/permissions/threads/Sampler_startTransfer_accessible.key.proof 
640713     DEBUG main            d.u.i.k.p.i.AbstractProblemLoader Environment load took 72.4ns 
640714     INFO  main            d.u.i.k.p.i.AbstractProblemLoader Creating init config 
645232     DEBUG main            d.u.i.k.p.i.AbstractProblemLoader Init config took 4.52s 
645305     INFO  main            d.u.i.k.p.i.AbstractProblemLoader Replaying proof Sampler[ThreadSpec2::startTransfer()].JML accessible clause.0 
645834     DEBUG main            d.u.i.k.p.i.IntermediateProofReplayer Proof replay took 519.5ms 
645835     DEBUG main            d.u.i.k.p.r.p.TestFile    ... success: reloaded. 
645835     INFO  main            d.u.i.k.p.r.p.TestFile    Now processing file /home/runner/work/key/key/key.core/../key.ui/examples/heap/permissions/threads/Sampler_startTransfer_contract.key 
645836     INFO  main            d.u.i.k.p.i.AbstractProblemLoader Loading environment from /home/runner/work/key/key/key.core/../key.ui/examples/heap/permissions/threads/Sampler_startTransfer_contract.key 
645836     DEBUG main            d.u.i.k.p.i.AbstractProblemLoader Environment load took 38.7ns 
645836     INFO  main            d.u.i.k.p.i.AbstractProblemLoader Creating init config 
650409     DEBUG main            d.u.i.k.p.i.AbstractProblemLoader Init config took 4.57s 
650483     INFO  main            d.u.i.k.p.i.AbstractProblemLoader Replaying proof Sampler[ThreadSpec2::startTransfer()].JML model_behavior operation contract.0 
650484     DEBUG main            d.u.i.k.p.i.IntermediateProofReplayer Proof replay took 2.1ns 
650585     INFO  main            d.u.i.k.p.r.p.TestFile    ... finished proof: closed. 
651098     INFO  main            d.u.i.k.p.i.AbstractProblemLoader Loading environment from /home/runner/work/key/key/key.core/../key.ui/examples/heap/permissions/threads/Sampler_startTransfer_contract.key.proof 
651098     DEBUG main            d.u.i.k.p.i.AbstractProblemLoader Environment load took 63.7ns 
651099     INFO  main            d.u.i.k.p.i.AbstractProblemLoader Creating init config 
655608     DEBUG main            d.u.i.k.p.i.AbstractProblemLoader Init config took 4.51s 
655681     INFO  main            d.u.i.k.p.i.AbstractProblemLoader Replaying proof Sampler[ThreadSpec2::startTransfer()].JML model_behavior operation contract.0 
655689     DEBUG main            d.u.i.k.p.i.IntermediateProofReplayer Proof replay took 6.3ms 
655690     DEBUG main            d.u.i.k.p.r.p.TestFile    ... success: reloaded. 
655690     INFO  main            d.u.i.k.p.r.p.TestFile    Now processing file /home/runner/work/key/key/key.core/../key.ui/examples/heap/permissions/threads/Sampler_stateInv_accessible.key 
655690     INFO  main            d.u.i.k.p.i.AbstractProblemLoader Loading environment from /home/runner/work/key/key/key.core/../key.ui/examples/heap/permissions/threads/Sampler_stateInv_accessible.key 
655690     DEBUG main            d.u.i.k.p.i.AbstractProblemLoader Environment load took 40.9ns 
655691     INFO  main            d.u.i.k.p.i.AbstractProblemLoader Creating init config 
660263     DEBUG main            d.u.i.k.p.i.AbstractProblemLoader Init config took 4.57s 
660336     INFO  main            d.u.i.k.p.i.AbstractProblemLoader Replaying proof Sampler[ThreadSpec2::stateInv()].JML accessible clause.0 
660337     DEBUG main            d.u.i.k.p.i.IntermediateProofReplayer Proof replay took 2.3ns 
660438     INFO  main            d.u.i.k.p.r.p.TestFile    ... finished proof: closed. 
660951     INFO  main            d.u.i.k.p.i.AbstractProblemLoader Loading environment from /home/runner/work/key/key/key.core/../key.ui/examples/heap/permissions/threads/Sampler_stateInv_accessible.key.proof 
660951     DEBUG main            d.u.i.k.p.i.AbstractProblemLoader Environment load took 67.5ns 
660952     INFO  main            d.u.i.k.p.i.AbstractProblemLoader Creating init config 
665430     DEBUG main            d.u.i.k.p.i.AbstractProblemLoader Init config took 4.48s 
665504     INFO  main            d.u.i.k.p.i.AbstractProblemLoader Replaying proof Sampler[ThreadSpec2::stateInv()].JML accessible clause.0 
665511     DEBUG main            d.u.i.k.p.i.IntermediateProofReplayer Proof replay took 5.88ms 
665512     DEBUG main            d.u.i.k.p.r.p.TestFile    ... success: reloaded. 
665513     INFO  main            d.u.i.k.p.r.p.TestFile    Now processing file /home/runner/work/key/key/key.core/../key.ui/examples/heap/permissions/threads/Sampler_staticPermissions_accessible.key 
665513     INFO  main            d.u.i.k.p.i.AbstractProblemLoader Loading environment from /home/runner/work/key/key/key.core/../key.ui/examples/heap/permissions/threads/Sampler_staticPermissions_accessible.key 
665513     DEBUG main            d.u.i.k.p.i.AbstractProblemLoader Environment load took 87.3ns 
665514     INFO  main            d.u.i.k.p.i.AbstractProblemLoader Creating init config 
670075     DEBUG main            d.u.i.k.p.i.AbstractProblemLoader Init config took 4.56s 
670148     INFO  main            d.u.i.k.p.i.AbstractProblemLoader Replaying proof Sampler[ThreadSpec2::staticPermissions()].JML accessible clause.0 
670149     DEBUG main            d.u.i.k.p.i.IntermediateProofReplayer Proof replay took 2.6ns 
670254     INFO  main            d.u.i.k.p.r.p.TestFile    ... finished proof: closed. 
670786     INFO  main            d.u.i.k.p.i.AbstractProblemLoader Loading environment from /home/runner/work/key/key/key.core/../key.ui/examples/heap/permissions/threads/Sampler_staticPermissions_accessible.key.proof 
670787     DEBUG main            d.u.i.k.p.i.AbstractProblemLoader Environment load took 61.8ns 
670787     INFO  main            d.u.i.k.p.i.AbstractProblemLoader Creating init config 
675277     DEBUG main            d.u.i.k.p.i.AbstractProblemLoader Init config took 4.49s 
675349     INFO  main            d.u.i.k.p.i.AbstractProblemLoader Replaying proof Sampler[ThreadSpec2::staticPermissions()].JML accessible clause.0 
675354     DEBUG main            d.u.i.k.p.i.IntermediateProofReplayer Proof replay took 2.94ms 
675354     DEBUG main            d.u.i.k.p.r.p.TestFile    ... success: reloaded. 
675355     INFO  main            d.u.i.k.p.r.p.TestFile    Now processing file /home/runner/work/key/key/key.core/../key.ui/examples/heap/permissions/threads/Sampler_workingPermissions_accessible.key 
675355     INFO  main            d.u.i.k.p.i.AbstractProblemLoader Loading environment from /home/runner/work/key/key/key.core/../key.ui/examples/heap/permissions/threads/Sampler_workingPermissions_accessible.key 
675355     DEBUG main            d.u.i.k.p.i.AbstractProblemLoader Environment load took 53.7ns 
675356     INFO  main            d.u.i.k.p.i.AbstractProblemLoader Creating init config 
679898     DEBUG main            d.u.i.k.p.i.AbstractProblemLoader Init config took 4.54s 
679983     INFO  main            d.u.i.k.p.i.AbstractProblemLoader Replaying proof Sampler[ThreadSpec2::workingPermissions()].JML accessible clause.0 
679984     DEBUG main            d.u.i.k.p.i.IntermediateProofReplayer Proof replay took 2.4ns 
680085     INFO  main            d.u.i.k.p.r.p.TestFile    ... finished proof: closed. 
680619     INFO  main            d.u.i.k.p.i.AbstractProblemLoader Loading environment from /home/runner/work/key/key/key.core/../key.ui/examples/heap/permissions/threads/Sampler_workingPermissions_accessible.key.proof 
680619     DEBUG main            d.u.i.k.p.i.AbstractProblemLoader Environment load took 64.6ns 
680620     INFO  main            d.u.i.k.p.i.AbstractProblemLoader Creating init config 
685101     DEBUG main            d.u.i.k.p.i.AbstractProblemLoader Init config took 4.48s 
685185     INFO  main            d.u.i.k.p.i.AbstractProblemLoader Replaying proof Sampler[ThreadSpec2::workingPermissions()].JML accessible clause.0 
685190     DEBUG main            d.u.i.k.p.i.IntermediateProofReplayer Proof replay took 4.15ms 
685191     DEBUG main            d.u.i.k.p.r.p.TestFile    ... success: reloaded. 
685192     INFO  main            d.u.i.k.p.r.p.TestFile    Now processing file /home/runner/work/key/key/key.core/../key.ui/examples/heap/permissions/mulleretal/ReadWrite_doRead_contract.key 
685192     INFO  main            d.u.i.k.p.i.AbstractProblemLoader Loading environment from /home/runner/work/key/key/key.core/../key.ui/examples/heap/permissions/mulleretal/ReadWrite_doRead_contract.key 
685192     DEBUG main            d.u.i.k.p.i.AbstractProblemLoader Environment load took 38.7ns 
685193     INFO  main            d.u.i.k.p.i.AbstractProblemLoader Creating init config 
687782     DEBUG main            d.u.i.k.p.i.AbstractProblemLoader Init config took 2.59s 
687812     INFO  main            d.u.i.k.p.i.AbstractProblemLoader Replaying proof ReadWrite[ReadWrite::doRead()].JML normal_behavior operation contract.0 
687814     DEBUG main            d.u.i.k.p.i.IntermediateProofReplayer Proof replay took 2.5ns 
689318     INFO  main            d.u.i.k.p.r.p.TestFile    ... finished proof: closed. 
689895     INFO  main            d.u.i.k.p.i.AbstractProblemLoader Loading environment from /home/runner/work/key/key/key.core/../key.ui/examples/heap/permissions/mulleretal/ReadWrite_doRead_contract.key.proof 
689895     DEBUG main            d.u.i.k.p.i.AbstractProblemLoader Environment load took 67.2ns 
689896     INFO  main            d.u.i.k.p.i.AbstractProblemLoader Creating init config 
692541     DEBUG main            d.u.i.k.p.i.AbstractProblemLoader Init config took 2.65s 
692575     INFO  main            d.u.i.k.p.i.AbstractProblemLoader Replaying proof ReadWrite[ReadWrite::doRead()].JML normal_behavior operation contract.0 
693018     DEBUG main            d.u.i.k.p.i.IntermediateProofReplayer Proof replay took 429.88ms 
693019     DEBUG main            d.u.i.k.p.r.p.TestFile    ... success: reloaded. 
693020     INFO  main            d.u.i.k.p.r.p.TestFile    Now processing file /home/runner/work/key/key/key.core/../key.ui/examples/heap/permissions/mulleretal/ReadWrite_doWrite_contract.key 
693020     INFO  main            d.u.i.k.p.i.AbstractProblemLoader Loading environment from /home/runner/work/key/key/key.core/../key.ui/examples/heap/permissions/mulleretal/ReadWrite_doWrite_contract.key 
693020     DEBUG main            d.u.i.k.p.i.AbstractProblemLoader Environment load took 153.1ns 
693021     INFO  main            d.u.i.k.p.i.AbstractProblemLoader Creating init config 
695761     DEBUG main            d.u.i.k.p.i.AbstractProblemLoader Init config took 2.74s 
695790     INFO  main            d.u.i.k.p.i.AbstractProblemLoader Replaying proof ReadWrite[ReadWrite::doWrite()].JML normal_behavior operation contract.0 
695791     DEBUG main            d.u.i.k.p.i.IntermediateProofReplayer Proof replay took 2.4ns 
697496     INFO  main            d.u.i.k.p.r.p.TestFile    ... finished proof: closed. 
698064     INFO  main            d.u.i.k.p.i.AbstractProblemLoader Loading environment from /home/runner/work/key/key/key.core/../key.ui/examples/heap/permissions/mulleretal/ReadWrite_doWrite_contract.key.proof 
698064     DEBUG main            d.u.i.k.p.i.AbstractProblemLoader Environment load took 262ns 
698065     INFO  main            d.u.i.k.p.i.AbstractProblemLoader Creating init config 
700629     DEBUG main            d.u.i.k.p.i.AbstractProblemLoader Init config took 2.56s 
700659     INFO  main            d.u.i.k.p.i.AbstractProblemLoader Replaying proof ReadWrite[ReadWrite::doWrite()].JML normal_behavior operation contract.0 
701100     DEBUG main            d.u.i.k.p.i.IntermediateProofReplayer Proof replay took 436.12ms 
701101     DEBUG main            d.u.i.k.p.r.p.TestFile    ... success: reloaded. 
701102     INFO  main            d.u.i.k.p.r.p.TestFile    Now processing file /home/runner/work/key/key/key.core/../key.ui/examples/heap/permissions/mulleretal/ReadWrite_read_contract.key 
701102     INFO  main            d.u.i.k.p.i.AbstractProblemLoader Loading environment from /home/runner/work/key/key/key.core/../key.ui/examples/heap/permissions/mulleretal/ReadWrite_read_contract.key 
701102     DEBUG main            d.u.i.k.p.i.AbstractProblemLoader Environment load took 129.6ns 
701103     INFO  main            d.u.i.k.p.i.AbstractProblemLoader Creating init config 
703819     DEBUG main            d.u.i.k.p.i.AbstractProblemLoader Init config took 2.72s 
703849     INFO  main            d.u.i.k.p.i.AbstractProblemLoader Replaying proof ReadWrite[ReadWrite::read()].JML normal_behavior operation contract.0 
703850     DEBUG main            d.u.i.k.p.i.IntermediateProofReplayer Proof replay took 2.7ns 
703951     INFO  main            d.u.i.k.p.r.p.TestFile    ... finished proof: closed. 
704500     INFO  main            d.u.i.k.p.i.AbstractProblemLoader Loading environment from /home/runner/work/key/key/key.core/../key.ui/examples/heap/permissions/mulleretal/ReadWrite_read_contract.key.proof 
704500     DEBUG main            d.u.i.k.p.i.AbstractProblemLoader Environment load took 61.8ns 
704501     INFO  main            d.u.i.k.p.i.AbstractProblemLoader Creating init config 
707088     DEBUG main            d.u.i.k.p.i.AbstractProblemLoader Init config took 2.59s 
707118     INFO  main            d.u.i.k.p.i.AbstractProblemLoader Replaying proof ReadWrite[ReadWrite::read()].JML normal_behavior operation contract.0 
707125     DEBUG main            d.u.i.k.p.i.IntermediateProofReplayer Proof replay took 5.91ms 
707126     DEBUG main            d.u.i.k.p.r.p.TestFile    ... success: reloaded. 
707127     INFO  main            d.u.i.k.p.r.p.TestFile    Now processing file /home/runner/work/key/key/key.core/../key.ui/examples/heap/permissions/mulleretal/ReadWrite_write_contract.key 
707127     INFO  main            d.u.i.k.p.i.AbstractProblemLoader Loading environment from /home/runner/work/key/key/key.core/../key.ui/examples/heap/permissions/mulleretal/ReadWrite_write_contract.key 
707127     DEBUG main            d.u.i.k.p.i.AbstractProblemLoader Environment load took 119.7ns 
707128     INFO  main            d.u.i.k.p.i.AbstractProblemLoader Creating init config 
709693     DEBUG main            d.u.i.k.p.i.AbstractProblemLoader Init config took 2.57s 
709722     INFO  main            d.u.i.k.p.i.AbstractProblemLoader Replaying proof ReadWrite[ReadWrite::write()].JML normal_behavior operation contract.0 
709723     DEBUG main            d.u.i.k.p.i.IntermediateProofReplayer Proof replay took 2.7ns 
709826     INFO  main            d.u.i.k.p.r.p.TestFile    ... finished proof: closed. 
710374     INFO  main            d.u.i.k.p.i.AbstractProblemLoader Loading environment from /home/runner/work/key/key/key.core/../key.ui/examples/heap/permissions/mulleretal/ReadWrite_write_contract.key.proof 
710374     DEBUG main            d.u.i.k.p.i.AbstractProblemLoader Environment load took 68.5ns 
710375     INFO  main            d.u.i.k.p.i.AbstractProblemLoader Creating init config 
712976     DEBUG main            d.u.i.k.p.i.AbstractProblemLoader Init config took 2.6s 
713010     INFO  main            d.u.i.k.p.i.AbstractProblemLoader Replaying proof ReadWrite[ReadWrite::write()].JML normal_behavior operation contract.0 
713037     DEBUG main            d.u.i.k.p.i.IntermediateProofReplayer Proof replay took 25.1ms 
713038     DEBUG main            d.u.i.k.p.r.p.TestFile    ... success: reloaded. 
713038     INFO  main            d.u.i.k.p.r.p.TestFile    Now processing file /home/runner/work/key/key/key.core/../key.ui/examples/heap/permissions/mulleretal/ReadWrite_inv1_accessible.key 
713039     INFO  main            d.u.i.k.p.i.AbstractProblemLoader Loading environment from /home/runner/work/key/key/key.core/../key.ui/examples/heap/permissions/mulleretal/ReadWrite_inv1_accessible.key 
713039     DEBUG main            d.u.i.k.p.i.AbstractProblemLoader Environment load took 132.9ns 
713040     INFO  main            d.u.i.k.p.i.AbstractProblemLoader Creating init config 
715805     DEBUG main            d.u.i.k.p.i.AbstractProblemLoader Init config took 2.77s 
715834     INFO  main            d.u.i.k.p.i.AbstractProblemLoader Replaying proof ReadWrite[java.lang.Object::<inv>()].JML accessible clause.0 
715835     DEBUG main            d.u.i.k.p.i.IntermediateProofReplayer Proof replay took 2.4ns 
715937     INFO  main            d.u.i.k.p.r.p.TestFile    ... finished proof: closed. 
716481     INFO  main            d.u.i.k.p.i.AbstractProblemLoader Loading environment from /home/runner/work/key/key/key.core/../key.ui/examples/heap/permissions/mulleretal/ReadWrite_inv1_accessible.key.proof 
716481     DEBUG main            d.u.i.k.p.i.AbstractProblemLoader Environment load took 61ns 
716482     INFO  main            d.u.i.k.p.i.AbstractProblemLoader Creating init config 
719070     DEBUG main            d.u.i.k.p.i.AbstractProblemLoader Init config took 2.59s 
719102     INFO  main            d.u.i.k.p.i.AbstractProblemLoader Replaying proof ReadWrite[java.lang.Object::<inv>()].JML accessible clause.0 
719105     DEBUG main            d.u.i.k.p.i.IntermediateProofReplayer Proof replay took 1.63ms 
719106     DEBUG main            d.u.i.k.p.r.p.TestFile    ... success: reloaded. 
719107     INFO  main            d.u.i.k.p.r.p.TestFile    Now processing file /home/runner/work/key/key/key.core/../key.ui/examples/heap/permissions/mulleretal/ReadWrite_inv2_accessible.key 
719107     INFO  main            d.u.i.k.p.i.AbstractProblemLoader Loading environment from /home/runner/work/key/key/key.core/../key.ui/examples/heap/permissions/mulleretal/ReadWrite_inv2_accessible.key 
719107     DEBUG main            d.u.i.k.p.i.AbstractProblemLoader Environment load took 126.5ns 
719108     INFO  main            d.u.i.k.p.i.AbstractProblemLoader Creating init config 
721828     DEBUG main            d.u.i.k.p.i.AbstractProblemLoader Init config took 2.72s 
721858     INFO  main            d.u.i.k.p.i.AbstractProblemLoader Replaying proof ReadWrite[java.lang.Object::<inv>()].JML accessible clause.1 
721859     DEBUG main            d.u.i.k.p.i.IntermediateProofReplayer Proof replay took 2.4ns 
721960     INFO  main            d.u.i.k.p.r.p.TestFile    ... finished proof: closed. 
722504     INFO  main            d.u.i.k.p.i.AbstractProblemLoader Loading environment from /home/runner/work/key/key/key.core/../key.ui/examples/heap/permissions/mulleretal/ReadWrite_inv2_accessible.key.proof 
722504     DEBUG main            d.u.i.k.p.i.AbstractProblemLoader Environment load took 78ns 
722504     INFO  main            d.u.i.k.p.i.AbstractProblemLoader Creating init config 
725093     DEBUG main            d.u.i.k.p.i.AbstractProblemLoader Init config took 2.59s 
725126     INFO  main            d.u.i.k.p.i.AbstractProblemLoader Replaying proof ReadWrite[java.lang.Object::<inv>()].JML accessible clause.1 
725129     DEBUG main            d.u.i.k.p.i.IntermediateProofReplayer Proof replay took 1.59ms 
725129     DEBUG main            d.u.i.k.p.r.p.TestFile    ... success: reloaded. 
725130     INFO  main            d.u.i.k.p.r.p.TestFile    Now processing file /home/runner/work/key/key/key.core/../key.ui/examples/heap/permissions/lockspec/Counter_lockConsistent_contract.key 
725130     INFO  main            d.u.i.k.p.i.AbstractProblemLoader Loading environment from /home/runner/work/key/key/key.core/../key.ui/examples/heap/permissions/lockspec/Counter_lockConsistent_contract.key 
725130     DEBUG main            d.u.i.k.p.i.AbstractProblemLoader Environment load took 72.3ns 
725131     INFO  main            d.u.i.k.p.i.AbstractProblemLoader Creating init config 
728480     DEBUG main            d.u.i.k.p.i.AbstractProblemLoader Init config took 3.35s 
728527     INFO  main            d.u.i.k.p.i.AbstractProblemLoader Replaying proof Counter[LockSpec::lockConsistent()].JML model_behavior operation contract.0 
728528     DEBUG main            d.u.i.k.p.i.IntermediateProofReplayer Proof replay took 2.3ns 
729732     INFO  main            d.u.i.k.p.r.p.TestFile    ... finished proof: closed. 
730300     INFO  main            d.u.i.k.p.i.AbstractProblemLoader Loading environment from /home/runner/work/key/key/key.core/../key.ui/examples/heap/permissions/lockspec/Counter_lockConsistent_contract.key.proof 
730300     DEBUG main            d.u.i.k.p.i.AbstractProblemLoader Environment load took 67.5ns 
730301     INFO  main            d.u.i.k.p.i.AbstractProblemLoader Creating init config 
733374     DEBUG main            d.u.i.k.p.i.AbstractProblemLoader Init config took 3.07s 
733421     INFO  main            d.u.i.k.p.i.AbstractProblemLoader Replaying proof Counter[LockSpec::lockConsistent()].JML model_behavior operation contract.0 
733690     DEBUG main            d.u.i.k.p.i.IntermediateProofReplayer Proof replay took 245.36ms 
733691     DEBUG main            d.u.i.k.p.r.p.TestFile    ... success: reloaded. 
733692     INFO  main            d.u.i.k.p.r.p.TestFile    Now processing file /home/runner/work/key/key/key.core/../key.ui/examples/heap/permissions/lockspec/Counter_increase_contract.key 
733692     INFO  main            d.u.i.k.p.i.AbstractProblemLoader Loading environment from /home/runner/work/key/key/key.core/../key.ui/examples/heap/permissions/lockspec/Counter_increase_contract.key 
733692     DEBUG main            d.u.i.k.p.i.AbstractProblemLoader Environment load took 121.9ns 
733693     INFO  main            d.u.i.k.p.i.AbstractProblemLoader Creating init config 
736820     DEBUG main            d.u.i.k.p.i.AbstractProblemLoader Init config took 3.13s 
736902     INFO  main            d.u.i.k.p.i.AbstractProblemLoader Replaying proof Counter[Counter::increase()].JML normal_behavior operation contract.0 
736908     DEBUG main            d.u.i.k.p.i.IntermediateProofReplayer Proof replay took 2ns 
738743     INFO  main            d.u.i.k.p.r.p.TestFile    ... finished proof: closed. 
739321     INFO  main            d.u.i.k.p.i.AbstractProblemLoader Loading environment from /home/runner/work/key/key/key.core/../key.ui/examples/heap/permissions/lockspec/Counter_increase_contract.key.proof 
739321     DEBUG main            d.u.i.k.p.i.AbstractProblemLoader Environment load took 68.7ns 
739322     INFO  main            d.u.i.k.p.i.AbstractProblemLoader Creating init config 
742436     DEBUG main            d.u.i.k.p.i.AbstractProblemLoader Init config took 3.11s 
742480     INFO  main            d.u.i.k.p.i.AbstractProblemLoader Replaying proof Counter[Counter::increase()].JML normal_behavior operation contract.0 
742787     DEBUG main            d.u.i.k.p.i.IntermediateProofReplayer Proof replay took 294.43ms 
742789     DEBUG main            d.u.i.k.p.r.p.TestFile    ... success: reloaded. 
742790     INFO  main            d.u.i.k.p.r.p.TestFile    Now processing file /home/runner/work/key/key/key.core/../key.ui/examples/heap/permissions/lockspec/Counter_fp_accessible.key 
742790     INFO  main            d.u.i.k.p.i.AbstractProblemLoader Loading environment from /home/runner/work/key/key/key.core/../key.ui/examples/heap/permissions/lockspec/Counter_fp_accessible.key 
742790     DEBUG main            d.u.i.k.p.i.AbstractProblemLoader Environment load took 120.5ns 
742791     INFO  main            d.u.i.k.p.i.AbstractProblemLoader Creating init config 
745910     DEBUG main            d.u.i.k.p.i.AbstractProblemLoader Init config took 3.12s 
745959     INFO  main            d.u.i.k.p.i.AbstractProblemLoader Replaying proof Counter[LockSpec::fp()].JML accessible clause.0 
745961     DEBUG main            d.u.i.k.p.i.IntermediateProofReplayer Proof replay took 2.7ns 
746062     INFO  main            d.u.i.k.p.r.p.TestFile    ... finished proof: closed. 
746621     INFO  main            d.u.i.k.p.i.AbstractProblemLoader Loading environment from /home/runner/work/key/key/key.core/../key.ui/examples/heap/permissions/lockspec/Counter_fp_accessible.key.proof 
746621     DEBUG main            d.u.i.k.p.i.AbstractProblemLoader Environment load took 65.4ns 
746621     INFO  main            d.u.i.k.p.i.AbstractProblemLoader Creating init config 
749677     DEBUG main            d.u.i.k.p.i.AbstractProblemLoader Init config took 3.06s 
749738     INFO  main            d.u.i.k.p.i.AbstractProblemLoader Replaying proof Counter[LockSpec::fp()].JML accessible clause.0 
749747     DEBUG main            d.u.i.k.p.i.IntermediateProofReplayer Proof replay took 7.77ms 
749748     DEBUG main            d.u.i.k.p.r.p.TestFile    ... success: reloaded. 
749749     INFO  main            d.u.i.k.p.r.p.TestFile    Now processing file /home/runner/work/key/key/key.core/../key.ui/examples/heap/permissions/lockspec/Counter_fpLock_accessible.key 
749749     INFO  main            d.u.i.k.p.i.AbstractProblemLoader Loading environment from /home/runner/work/key/key/key.core/../key.ui/examples/heap/permissions/lockspec/Counter_fpLock_accessible.key 
749749     DEBUG main            d.u.i.k.p.i.AbstractProblemLoader Environment load took 123.4ns 
749750     INFO  main            d.u.i.k.p.i.AbstractProblemLoader Creating init config 
753114     DEBUG main            d.u.i.k.p.i.AbstractProblemLoader Init config took 3.36s 
753165     INFO  main            d.u.i.k.p.i.AbstractProblemLoader Replaying proof Counter[LockSpec::fpLock()].JML accessible clause.0 
753166     DEBUG main            d.u.i.k.p.i.IntermediateProofReplayer Proof replay took 1.9ns 
753267     INFO  main            d.u.i.k.p.r.p.TestFile    ... finished proof: closed. 
753834     INFO  main            d.u.i.k.p.i.AbstractProblemLoader Loading environment from /home/runner/work/key/key/key.core/../key.ui/examples/heap/permissions/lockspec/Counter_fpLock_accessible.key.proof 
753834     DEBUG main            d.u.i.k.p.i.AbstractProblemLoader Environment load took 60.4ns 
753835     INFO  main            d.u.i.k.p.i.AbstractProblemLoader Creating init config 
756892     DEBUG main            d.u.i.k.p.i.AbstractProblemLoader Init config took 3.06s 
756945     INFO  main            d.u.i.k.p.i.AbstractProblemLoader Replaying proof Counter[LockSpec::fpLock()].JML accessible clause.0 
756959     DEBUG main            d.u.i.k.p.i.IntermediateProofReplayer Proof replay took 7.76ms 
756960     DEBUG main            d.u.i.k.p.r.p.TestFile    ... success: reloaded. 
756961     INFO  main            d.u.i.k.p.r.p.TestFile    Now processing file /home/runner/work/key/key/key.core/../key.ui/examples/heap/permissions/lockspec/Counter_fpPerm_accessible.key 
756961     INFO  main            d.u.i.k.p.i.AbstractProblemLoader Loading environment from /home/runner/work/key/key/key.core/../key.ui/examples/heap/permissions/lockspec/Counter_fpPerm_accessible.key 
756961     DEBUG main            d.u.i.k.p.i.AbstractProblemLoader Environment load took 131.4ns 
756962     INFO  main            d.u.i.k.p.i.AbstractProblemLoader Creating init config 
760095     DEBUG main            d.u.i.k.p.i.AbstractProblemLoader Init config took 3.13s 
760150     INFO  main            d.u.i.k.p.i.AbstractProblemLoader Replaying proof Counter[LockSpec::fpPerm()].JML accessible clause.0 
760151     DEBUG main            d.u.i.k.p.i.IntermediateProofReplayer Proof replay took 2.5ns 
760252     INFO  main            d.u.i.k.p.r.p.TestFile    ... finished proof: closed. 
760841     INFO  main            d.u.i.k.p.i.AbstractProblemLoader Loading environment from /home/runner/work/key/key/key.core/../key.ui/examples/heap/permissions/lockspec/Counter_fpPerm_accessible.key.proof 
760841     DEBUG main            d.u.i.k.p.i.AbstractProblemLoader Environment load took 59.9ns 
760842     INFO  main            d.u.i.k.p.i.AbstractProblemLoader Creating init config 
764043     DEBUG main            d.u.i.k.p.i.AbstractProblemLoader Init config took 3.2s 
764139     INFO  main            d.u.i.k.p.i.AbstractProblemLoader Replaying proof Counter[LockSpec::fpPerm()].JML accessible clause.0 
764149     DEBUG main            d.u.i.k.p.i.IntermediateProofReplayer Proof replay took 6.92ms 
764149     DEBUG main            d.u.i.k.p.r.p.TestFile    ... success: reloaded. 
764150     INFO  main            d.u.i.k.p.r.p.TestFile    Now processing file /home/runner/work/key/key/key.core/../key.ui/examples/heap/permissions/lockspec/Counter_inv_accessible1.key 
764150     INFO  main            d.u.i.k.p.i.AbstractProblemLoader Loading environment from /home/runner/work/key/key/key.core/../key.ui/examples/heap/permissions/lockspec/Counter_inv_accessible1.key 
764150     DEBUG main            d.u.i.k.p.i.AbstractProblemLoader Environment load took 119.2ns 
764151     INFO  main            d.u.i.k.p.i.AbstractProblemLoader Creating init config 
767499     DEBUG main            d.u.i.k.p.i.AbstractProblemLoader Init config took 3.35s 
767544     INFO  main            d.u.i.k.p.i.AbstractProblemLoader Replaying proof Counter[java.lang.Object::<inv>()].JML accessible clause.0 
767546     DEBUG main            d.u.i.k.p.i.IntermediateProofReplayer Proof replay took 2.4ns 
767647     INFO  main            d.u.i.k.p.r.p.TestFile    ... finished proof: closed. 
768227     INFO  main            d.u.i.k.p.i.AbstractProblemLoader Loading environment from /home/runner/work/key/key/key.core/../key.ui/examples/heap/permissions/lockspec/Counter_inv_accessible1.key.proof 
768227     DEBUG main            d.u.i.k.p.i.AbstractProblemLoader Environment load took 60.5ns 
768228     INFO  main            d.u.i.k.p.i.AbstractProblemLoader Creating init config 
771303     DEBUG main            d.u.i.k.p.i.AbstractProblemLoader Init config took 3.08s 
771349     INFO  main            d.u.i.k.p.i.AbstractProblemLoader Replaying proof Counter[java.lang.Object::<inv>()].JML accessible clause.0 
771359     DEBUG main            d.u.i.k.p.i.IntermediateProofReplayer Proof replay took 8.49ms 
771360     DEBUG main            d.u.i.k.p.r.p.TestFile    ... success: reloaded. 
771361     INFO  main            d.u.i.k.p.r.p.TestFile    Now processing file /home/runner/work/key/key/key.core/../key.ui/examples/heap/permissions/lockspec/Counter_inv_accessible2.key 
771361     INFO  main            d.u.i.k.p.i.AbstractProblemLoader Loading environment from /home/runner/work/key/key/key.core/../key.ui/examples/heap/permissions/lockspec/Counter_inv_accessible2.key 
771361     DEBUG main            d.u.i.k.p.i.AbstractProblemLoader Environment load took 126ns 
771362     INFO  main            d.u.i.k.p.i.AbstractProblemLoader Creating init config 
774542     DEBUG main            d.u.i.k.p.i.AbstractProblemLoader Init config took 3.18s 
774589     INFO  main            d.u.i.k.p.i.AbstractProblemLoader Replaying proof Counter[java.lang.Object::<inv>()].JML accessible clause.1 
774590     DEBUG main            d.u.i.k.p.i.IntermediateProofReplayer Proof replay took 2.2ns 
774692     INFO  main            d.u.i.k.p.r.p.TestFile    ... finished proof: closed. 
775258     INFO  main            d.u.i.k.p.i.AbstractProblemLoader Loading environment from /home/runner/work/key/key/key.core/../key.ui/examples/heap/permissions/lockspec/Counter_inv_accessible2.key.proof 
775258     DEBUG main            d.u.i.k.p.i.AbstractProblemLoader Environment load took 67.1ns 
775258     INFO  main            d.u.i.k.p.i.AbstractProblemLoader Creating init config 
778465     DEBUG main            d.u.i.k.p.i.AbstractProblemLoader Init config took 3.21s 
778518     INFO  main            d.u.i.k.p.i.AbstractProblemLoader Replaying proof Counter[java.lang.Object::<inv>()].JML accessible clause.1 
778531     DEBUG main            d.u.i.k.p.i.IntermediateProofReplayer Proof replay took 12.24ms 
778532     DEBUG main            d.u.i.k.p.r.p.TestFile    ... success: reloaded. 
778533     INFO  main            d.u.i.k.p.r.p.TestFile    Now processing file /home/runner/work/key/key/key.core/../key.ui/examples/heap/permissions/lockspec/Counter_lockRef_accessible.key 
778533     INFO  main            d.u.i.k.p.i.AbstractProblemLoader Loading environment from /home/runner/work/key/key/key.core/../key.ui/examples/heap/permissions/lockspec/Counter_lockRef_accessible.key 
778533     DEBUG main            d.u.i.k.p.i.AbstractProblemLoader Environment load took 53.7ns 
778534     INFO  main            d.u.i.k.p.i.AbstractProblemLoader Creating init config 
781648     DEBUG main            d.u.i.k.p.i.AbstractProblemLoader Init config took 3.11s 
781709     INFO  main            d.u.i.k.p.i.AbstractProblemLoader Replaying proof Counter[LockSpec::lockRef()].JML accessible clause.0 
781711     DEBUG main            d.u.i.k.p.i.IntermediateProofReplayer Proof replay took 3.4ns 
781912     INFO  main            d.u.i.k.p.r.p.TestFile    ... finished proof: closed. 
782503     INFO  main            d.u.i.k.p.i.AbstractProblemLoader Loading environment from /home/runner/work/key/key/key.core/../key.ui/examples/heap/permissions/lockspec/Counter_lockRef_accessible.key.proof 
782503     DEBUG main            d.u.i.k.p.i.AbstractProblemLoader Environment load took 61.8ns 
782504     INFO  main            d.u.i.k.p.i.AbstractProblemLoader Creating init config 
785575     DEBUG main            d.u.i.k.p.i.AbstractProblemLoader Init config took 3.07s 
785622     INFO  main            d.u.i.k.p.i.AbstractProblemLoader Replaying proof Counter[LockSpec::lockRef()].JML accessible clause.0 
785652     DEBUG main            d.u.i.k.p.i.IntermediateProofReplayer Proof replay took 28.25ms 
785653     DEBUG main            d.u.i.k.p.r.p.TestFile    ... success: reloaded. 
785653     INFO  main            d.u.i.k.p.r.p.TestFile    Now processing file /home/runner/work/key/key/key.core/../key.ui/examples/heap/permissions/lockspec/Counter_lockRef_contract1.key 
785654     INFO  main            d.u.i.k.p.i.AbstractProblemLoader Loading environment from /home/runner/work/key/key/key.core/../key.ui/examples/heap/permissions/lockspec/Counter_lockRef_contract1.key 
785655     DEBUG main            d.u.i.k.p.i.AbstractProblemLoader Environment load took 151.1ns 
785655     INFO  main            d.u.i.k.p.i.AbstractProblemLoader Creating init config 
788756     DEBUG main            d.u.i.k.p.i.AbstractProblemLoader Init config took 3.1s 
788808     INFO  main            d.u.i.k.p.i.AbstractProblemLoader Replaying proof Counter[LockSpec::lockRef()].JML model_behavior operation contract.0 
788809     DEBUG main            d.u.i.k.p.i.IntermediateProofReplayer Proof replay took 2.4ns 
788911     INFO  main            d.u.i.k.p.r.p.TestFile    ... finished proof: closed. 
789499     INFO  main            d.u.i.k.p.i.AbstractProblemLoader Loading environment from /home/runner/work/key/key/key.core/../key.ui/examples/heap/permissions/lockspec/Counter_lockRef_contract1.key.proof 
789499     DEBUG main            d.u.i.k.p.i.AbstractProblemLoader Environment load took 58.7ns 
789500     INFO  main            d.u.i.k.p.i.AbstractProblemLoader Creating init config 
792547     DEBUG main            d.u.i.k.p.i.AbstractProblemLoader Init config took 3.05s 
792600     INFO  main            d.u.i.k.p.i.AbstractProblemLoader Replaying proof Counter[LockSpec::lockRef()].JML model_behavior operation contract.0 
792609     DEBUG main            d.u.i.k.p.i.IntermediateProofReplayer Proof replay took 3.59ms 
792610     DEBUG main            d.u.i.k.p.r.p.TestFile    ... success: reloaded. 
792611     INFO  main            d.u.i.k.p.r.p.TestFile    Now processing file /home/runner/work/key/key/key.core/../key.ui/examples/heap/permissions/lockspec/Counter_lockRef_contract2.key 
792611     INFO  main            d.u.i.k.p.i.AbstractProblemLoader Loading environment from /home/runner/work/key/key/key.core/../key.ui/examples/heap/permissions/lockspec/Counter_lockRef_contract2.key 
792611     DEBUG main            d.u.i.k.p.i.AbstractProblemLoader Environment load took 60.3ns 
792612     INFO  main            d.u.i.k.p.i.AbstractProblemLoader Creating init config 
795830     DEBUG main            d.u.i.k.p.i.AbstractProblemLoader Init config took 3.22s 
795876     INFO  main            d.u.i.k.p.i.AbstractProblemLoader Replaying proof Counter[Counter::lockRef()].JML model_behavior operation contract.0 
795877     DEBUG main            d.u.i.k.p.i.IntermediateProofReplayer Proof replay took 2.1ns 
795981     INFO  main            d.u.i.k.p.r.p.TestFile    ... finished proof: closed. 
796586     INFO  main            d.u.i.k.p.i.AbstractProblemLoader Loading environment from /home/runner/work/key/key/key.core/../key.ui/examples/heap/permissions/lockspec/Counter_lockRef_contract2.key.proof 
796586     DEBUG main            d.u.i.k.p.i.AbstractProblemLoader Environment load took 59.6ns 
796586     INFO  main            d.u.i.k.p.i.AbstractProblemLoader Creating init config 
799699     DEBUG main            d.u.i.k.p.i.AbstractProblemLoader Init config took 3.11s 
799807     INFO  main            d.u.i.k.p.i.AbstractProblemLoader Replaying proof Counter[Counter::lockRef()].JML model_behavior operation contract.0 
799811     DEBUG main            d.u.i.k.p.i.IntermediateProofReplayer Proof replay took 3.16ms 
799812     DEBUG main            d.u.i.k.p.r.p.TestFile    ... success: reloaded. 
799812     INFO  main            d.u.i.k.p.r.p.TestFile    Now processing file /home/runner/work/key/key/key.core/../key.ui/examples/heap/permissions/lockspec/Counter_lockState_accessible.key 
799812     INFO  main            d.u.i.k.p.i.AbstractProblemLoader Loading environment from /home/runner/work/key/key/key.core/../key.ui/examples/heap/permissions/lockspec/Counter_lockState_accessible.key 
799812     DEBUG main            d.u.i.k.p.i.AbstractProblemLoader Environment load took 42.8ns 
799813     INFO  main            d.u.i.k.p.i.AbstractProblemLoader Creating init config 
803025     DEBUG main            d.u.i.k.p.i.AbstractProblemLoader Init config took 3.21s 
803076     INFO  main            d.u.i.k.p.i.AbstractProblemLoader Replaying proof Counter[LockSpec::lockState(boolean)].JML accessible clause.0 
803077     DEBUG main            d.u.i.k.p.i.IntermediateProofReplayer Proof replay took 2.8ns 
803379     INFO  main            d.u.i.k.p.r.p.TestFile    ... finished proof: closed. 
803987     INFO  main            d.u.i.k.p.i.AbstractProblemLoader Loading environment from /home/runner/work/key/key/key.core/../key.ui/examples/heap/permissions/lockspec/Counter_lockState_accessible.key.proof 
803987     DEBUG main            d.u.i.k.p.i.AbstractProblemLoader Environment load took 61.6ns 
803988     INFO  main            d.u.i.k.p.i.AbstractProblemLoader Creating init config 
807114     DEBUG main            d.u.i.k.p.i.AbstractProblemLoader Init config took 3.13s 
807166     INFO  main            d.u.i.k.p.i.AbstractProblemLoader Replaying proof Counter[LockSpec::lockState(boolean)].JML accessible clause.0 
807228     DEBUG main            d.u.i.k.p.i.IntermediateProofReplayer Proof replay took 58.92ms 
807229     DEBUG main            d.u.i.k.p.r.p.TestFile    ... success: reloaded. 
807229     INFO  main            d.u.i.k.p.r.p.TestFile    Now processing file /home/runner/work/key/key/key.core/../key.ui/examples/heap/permissions/lockspec/Counter_lockStatus_accessible.key 
807231     INFO  main            d.u.i.k.p.i.AbstractProblemLoader Loading environment from /home/runner/work/key/key/key.core/../key.ui/examples/heap/permissions/lockspec/Counter_lockStatus_accessible.key 
807232     DEBUG main            d.u.i.k.p.i.AbstractProblemLoader Environment load took 169.7ns 
807232     INFO  main            d.u.i.k.p.i.AbstractProblemLoader Creating init config 
810469     DEBUG main            d.u.i.k.p.i.AbstractProblemLoader Init config took 3.24s 
810514     INFO  main            d.u.i.k.p.i.AbstractProblemLoader Replaying proof Counter[LockSpec::lockStatus(boolean)].JML accessible clause.0 
810516     DEBUG main            d.u.i.k.p.i.IntermediateProofReplayer Proof replay took 2.5ns 
810617     INFO  main            d.u.i.k.p.r.p.TestFile    ... finished proof: closed. 
811221     INFO  main            d.u.i.k.p.i.AbstractProblemLoader Loading environment from /home/runner/work/key/key/key.core/../key.ui/examples/heap/permissions/lockspec/Counter_lockStatus_accessible.key.proof 
811221     DEBUG main            d.u.i.k.p.i.AbstractProblemLoader Environment load took 62.2ns 
811222     INFO  main            d.u.i.k.p.i.AbstractProblemLoader Creating init config 
814277     DEBUG main            d.u.i.k.p.i.AbstractProblemLoader Init config took 3.05s 
814328     INFO  main            d.u.i.k.p.i.AbstractProblemLoader Replaying proof Counter[LockSpec::lockStatus(boolean)].JML accessible clause.0 
814348     DEBUG main            d.u.i.k.p.i.IntermediateProofReplayer Proof replay took 18.14ms 
814349     DEBUG main            d.u.i.k.p.r.p.TestFile    ... success: reloaded. 
814349     INFO  main            d.u.i.k.p.r.p.TestFile    Now processing file /home/runner/work/key/key/key.core/../key.ui/examples/heap/permissions/lockspec/Counter_lockTransfer_accessible.key 
814349     INFO  main            d.u.i.k.p.i.AbstractProblemLoader Loading environment from /home/runner/work/key/key/key.core/../key.ui/examples/heap/permissions/lockspec/Counter_lockTransfer_accessible.key 
814349     DEBUG main            d.u.i.k.p.i.AbstractProblemLoader Environment load took 60.3ns 
814350     INFO  main            d.u.i.k.p.i.AbstractProblemLoader Creating init config 
817492     DEBUG main            d.u.i.k.p.i.AbstractProblemLoader Init config took 3.14s 
817545     INFO  main            d.u.i.k.p.i.AbstractProblemLoader Replaying proof Counter[LockSpec::lockTransfer()].JML accessible clause.0 
817546     DEBUG main            d.u.i.k.p.i.IntermediateProofReplayer Proof replay took 2.5ns 
817849     INFO  main            d.u.i.k.p.r.p.TestFile    ... finished proof: closed. 
818464     INFO  main            d.u.i.k.p.i.AbstractProblemLoader Loading environment from /home/runner/work/key/key/key.core/../key.ui/examples/heap/permissions/lockspec/Counter_lockTransfer_accessible.key.proof 
818464     DEBUG main            d.u.i.k.p.i.AbstractProblemLoader Environment load took 61ns 
818465     INFO  main            d.u.i.k.p.i.AbstractProblemLoader Creating init config 
821578     DEBUG main            d.u.i.k.p.i.AbstractProblemLoader Init config took 3.11s 
821638     INFO  main            d.u.i.k.p.i.AbstractProblemLoader Replaying proof Counter[LockSpec::lockTransfer()].JML accessible clause.0 
821695     DEBUG main            d.u.i.k.p.i.IntermediateProofReplayer Proof replay took 53.66ms 
821696     DEBUG main            d.u.i.k.p.r.p.TestFile    ... success: reloaded. 
821696     INFO  main            d.u.i.k.p.r.p.TestFile    Now processing file /home/runner/work/key/key/key.core/../key.ui/examples/heap/permissions/lockspec/Counter_unlockTransfer_accessible.key 
821697     INFO  main            d.u.i.k.p.i.AbstractProblemLoader Loading environment from /home/runner/work/key/key/key.core/../key.ui/examples/heap/permissions/lockspec/Counter_unlockTransfer_accessible.key 
821697     DEBUG main            d.u.i.k.p.i.AbstractProblemLoader Environment load took 129.5ns 
821698     INFO  main            d.u.i.k.p.i.AbstractProblemLoader Creating init config 
824836     DEBUG main            d.u.i.k.p.i.AbstractProblemLoader Init config took 3.14s 
824882     INFO  main            d.u.i.k.p.i.AbstractProblemLoader Replaying proof Counter[LockSpec::unlockTransfer()].JML accessible clause.0 
824883     DEBUG main            d.u.i.k.p.i.IntermediateProofReplayer Proof replay took 2.2ns 
825185     INFO  main            d.u.i.k.p.r.p.TestFile    ... finished proof: closed. 
825826     INFO  main            d.u.i.k.p.i.AbstractProblemLoader Loading environment from /home/runner/work/key/key/key.core/../key.ui/examples/heap/permissions/lockspec/Counter_unlockTransfer_accessible.key.proof 
825826     DEBUG main            d.u.i.k.p.i.AbstractProblemLoader Environment load took 63ns 
825827     INFO  main            d.u.i.k.p.i.AbstractProblemLoader Creating init config 
828939     DEBUG main            d.u.i.k.p.i.AbstractProblemLoader Init config took 3.11s 
828986     INFO  main            d.u.i.k.p.i.AbstractProblemLoader Replaying proof Counter[LockSpec::unlockTransfer()].JML accessible clause.0 
829035     DEBUG main            d.u.i.k.p.i.IntermediateProofReplayer Proof replay took 46.59ms 
829036     DEBUG main            d.u.i.k.p.r.p.TestFile    ... success: reloaded. 
829037     INFO  main            d.u.i.k.p.r.p.TestFile    Now processing file /home/runner/work/key/key/key.core/../key.ui/examples/heap/permissions/threads/Plotter_startTransfer_contract.proof 
829037     INFO  main            d.u.i.k.p.i.AbstractProblemLoader Loading environment from /home/runner/work/key/key/key.core/../key.ui/examples/heap/permissions/threads/Plotter_startTransfer_contract.proof 
829037     DEBUG main            d.u.i.k.p.i.AbstractProblemLoader Environment load took 131.7ns 
829038     INFO  main            d.u.i.k.p.i.AbstractProblemLoader Creating init config 
833776     DEBUG main            d.u.i.k.p.i.AbstractProblemLoader Init config took 4.74s 
833859     INFO  main            d.u.i.k.p.i.AbstractProblemLoader Replaying proof Plotter[ThreadSpec2::startTransfer()].JML model_behavior operation contract.0 
834018     DEBUG main            d.u.i.k.p.i.IntermediateProofReplayer Proof replay took 143.12ms 
834018     INFO  main            d.u.i.k.p.r.p.TestFile    ... success: loaded 
834019     INFO  main            d.u.i.k.p.r.p.TestFile    Now processing file /home/runner/work/key/key/key.core/../key.ui/examples/heap/permissions/threads/Plotter_startTransfer_accessible.proof 
834019     INFO  main            d.u.i.k.p.i.AbstractProblemLoader Loading environment from /home/runner/work/key/key/key.core/../key.ui/examples/heap/permissions/threads/Plotter_startTransfer_accessible.proof 
834019     DEBUG main            d.u.i.k.p.i.AbstractProblemLoader Environment load took 55.4ns 
834020     INFO  main            d.u.i.k.p.i.AbstractProblemLoader Creating init config 
838908     DEBUG main            d.u.i.k.p.i.AbstractProblemLoader Init config took 4.89s 
838998     INFO  main            d.u.i.k.p.i.AbstractProblemLoader Replaying proof Plotter[ThreadSpec2::startTransfer()].JML accessible clause.0 
839080     DEBUG main            d.u.i.k.p.i.IntermediateProofReplayer Proof replay took 78.18ms 
839080     INFO  main            d.u.i.k.p.r.p.TestFile    ... success: loaded 
839081     INFO  main            d.u.i.k.p.r.p.TestFile    Now processing file /home/runner/work/key/key/key.core/../key.ui/examples/heap/permissions/threads/Plotter_joinTransfer_accessible.proof 
839081     INFO  main            d.u.i.k.p.i.AbstractProblemLoader Loading environment from /home/runner/work/key/key/key.core/../key.ui/examples/heap/permissions/threads/Plotter_joinTransfer_accessible.proof 
839081     DEBUG main            d.u.i.k.p.i.AbstractProblemLoader Environment load took 57.3ns 
839082     INFO  main            d.u.i.k.p.i.AbstractProblemLoader Creating init config 
843849     DEBUG main            d.u.i.k.p.i.AbstractProblemLoader Init config took 4.77s 
843937     INFO  main            d.u.i.k.p.i.AbstractProblemLoader Replaying proof Plotter[ThreadSpec2::joinTransfer()].JML accessible clause.0 
843949     WARN  main            d.u.i.k.p.i.IntermediateProofReplayer Proof contains wrong number of \assumes instatiations for Definition_axiom_for_stateInv_in_Plotter 
843951     WARN  main            d.u.i.k.p.i.IntermediateProofReplayer Proof contains wrong number of \assumes instatiations for Definition_axiom_for_stateInv_in_Plotter 
843953     WARN  main            d.u.i.k.p.i.IntermediateProofReplayer Proof contains wrong number of \assumes instatiations for Definition_axiom_for_workingPermissions_in_Plotter 
843957     WARN  main            d.u.i.k.p.i.IntermediateProofReplayer Proof contains wrong number of \assumes instatiations for Definition_axiom_for_staticPermissions_in_Plotter 
843957     WARN  main            d.u.i.k.p.i.IntermediateProofReplayer Proof contains wrong number of \assumes instatiations for Definition_axiom_for_joinTransfer_in_Plotter 
843959     WARN  main            d.u.i.k.p.i.IntermediateProofReplayer Proof contains wrong number of \assumes instatiations for Definition_axiom_for_stateInv_in_BFilter 
843961     WARN  main            d.u.i.k.p.i.IntermediateProofReplayer Proof contains wrong number of \assumes instatiations for Definition_axiom_for_stateInv_in_AFilter 
843962     WARN  main            d.u.i.k.p.i.IntermediateProofReplayer Proof contains wrong number of \assumes instatiations for Definition_axiom_for_stateInv_in_BFilter 
843964     WARN  main            d.u.i.k.p.i.IntermediateProofReplayer Proof contains wrong number of \assumes instatiations for Definition_axiom_for_stateInv_in_AFilter 
843965     WARN  main            d.u.i.k.p.i.IntermediateProofReplayer Proof contains wrong number of \assumes instatiations for Definition_axiom_for_staticPermissions_in_AFilter 
843966     WARN  main            d.u.i.k.p.i.IntermediateProofReplayer Proof contains wrong number of \assumes instatiations for Definition_axiom_for_staticPermissions_in_Plotter 
843967     WARN  main            d.u.i.k.p.i.IntermediateProofReplayer Proof contains wrong number of \assumes instatiations for Definition_axiom_for_staticPermissions_in_BFilter 
843968     WARN  main            d.u.i.k.p.i.IntermediateProofReplayer Proof contains wrong number of \assumes instatiations for Definition_axiom_for_workingPermissions_in_Plotter 
843968     WARN  main            d.u.i.k.p.i.IntermediateProofReplayer Proof contains wrong number of \assumes instatiations for Definition_axiom_for_stateInv_in_Sampler 
843969     WARN  main            d.u.i.k.p.i.IntermediateProofReplayer Proof contains wrong number of \assumes instatiations for Definition_axiom_for_stateInv_in_Sampler 
843970     WARN  main            d.u.i.k.p.i.IntermediateProofReplayer Proof contains wrong number of \assumes instatiations for Definition_axiom_for_staticPermissions_in_Sampler 
843970     WARN  main            d.u.i.k.p.i.IntermediateProofReplayer Proof contains wrong number of \assumes instatiations for Definition_axiom_for_staticPermissions_in_BFilter 
843971     WARN  main            d.u.i.k.p.i.IntermediateProofReplayer Proof contains wrong number of \assumes instatiations for Definition_axiom_for_staticPermissions_in_AFilter 
843972     WARN  main            d.u.i.k.p.i.IntermediateProofReplayer Proof contains wrong number of \assumes instatiations for Definition_axiom_for_staticPermissions_in_Sampler 
843972     WARN  main            d.u.i.k.p.i.IntermediateProofReplayer Proof contains wrong number of \assumes instatiations for Definition_axiom_for_staticPermissions_in_Sampler 
843973     WARN  main            d.u.i.k.p.i.IntermediateProofReplayer Proof contains wrong number of \assumes instatiations for Definition_axiom_for_staticPermissions_in_Sampler 
843974     WARN  main            d.u.i.k.p.i.IntermediateProofReplayer Proof contains wrong number of \assumes instatiations for Definition_axiom_for_joinTransfer_in_Plotter 
844054     DEBUG main            d.u.i.k.p.i.IntermediateProofReplayer Proof replay took 108.81ms 
844055     INFO  main            d.u.i.k.p.r.p.TestFile    ... success: loaded 
4896570    INFO  Test worker     d.u.i.k.p.r.RunAllProofsTestUnit Returning from test permissionHeap 
4896575    INFO  Test worker     d.u.i.k.p.r.RunAllProofsTestUnit Running test completionScopes 
317        INFO  Timeout watchdog d.u.i.k.p.r.p.ForkedTestFileRunner Timeout watcher launched (2000 secs.) 
324        WARN  main            d.u.i.k.s.ProofSettings   The settings in /home/runner/.key/proof-settings.props are *not* read. 
358        INFO  main            d.u.i.k.p.r.p.TestFile    Now processing file /home/runner/work/key/key/key.core/../key.ui/examples/completionscopes/testCcatchReturnVal.key 
460        INFO  main            d.u.i.k.p.i.AbstractProblemLoader Loading environment from /home/runner/work/key/key/key.core/../key.ui/examples/completionscopes/testCcatchReturnVal.key 
483        DEBUG main            d.u.i.k.p.i.AbstractProblemLoader Environment load took 1.72ms 
718        INFO  main            d.u.i.k.p.i.AbstractProblemLoader Creating init config 
1643       DEBUG main            d.u.i.k.j.TypeConverter   No LDT found for Meta 
1643       DEBUG main            d.u.i.k.j.TypeConverter   No LDT found for Meta 
1647       DEBUG main            d.u.i.k.j.TypeConverter   No LDT found for Meta 
1647       DEBUG main            d.u.i.k.j.TypeConverter   No LDT found for Meta 
3062       DEBUG main            d.u.i.k.j.TypeConverter   No LDT found for JavaBigintExpression 
7985       DEBUG main            d.u.i.k.p.i.AbstractProblemLoader Init config took 7.27s 
8129       INFO  main            d.u.i.k.p.i.AbstractProblemLoader Replaying proof CompletionScopes[CompletionScopes::testCcatchReturnVal()].JML normal_behavior operation contract.0 
8168       DEBUG main            d.u.i.k.p.i.IntermediateProofReplayer Proof replay took 30.4ns 
8624       INFO  main            d.u.i.k.p.r.p.TestFile    ... finished proof: closed. 
8716       INFO  main            d.u.i.k.p.i.AbstractProblemLoader Loading environment from /home/runner/work/key/key/key.core/../key.ui/examples/completionscopes/testCcatchReturnVal.key.proof 
8716       DEBUG main            d.u.i.k.p.i.AbstractProblemLoader Environment load took 126.4ns 
8718       INFO  main            d.u.i.k.p.i.AbstractProblemLoader Creating init config 
11463      DEBUG main            d.u.i.k.p.i.AbstractProblemLoader Init config took 2.74s 
11541      INFO  main            d.u.i.k.p.i.AbstractProblemLoader Replaying proof CompletionScopes[CompletionScopes::testCcatchReturnVal()].JML normal_behavior operation contract.0 
11574      DEBUG main            d.u.i.k.p.i.IntermediateProofReplayer Proof replay took 29.13ms 
11580      DEBUG main            d.u.i.k.p.r.p.TestFile    ... success: reloaded. 
11582      INFO  main            d.u.i.k.p.r.p.TestFile    Now processing file /home/runner/work/key/key/key.core/../key.ui/examples/completionscopes/testMultCcatchClauses.key 
11582      INFO  main            d.u.i.k.p.i.AbstractProblemLoader Loading environment from /home/runner/work/key/key/key.core/../key.ui/examples/completionscopes/testMultCcatchClauses.key 
11582      DEBUG main            d.u.i.k.p.i.AbstractProblemLoader Environment load took 173ns 
11584      INFO  main            d.u.i.k.p.i.AbstractProblemLoader Creating init config 
14229      DEBUG main            d.u.i.k.p.i.AbstractProblemLoader Init config took 2.64s 
14287      INFO  main            d.u.i.k.p.i.AbstractProblemLoader Replaying proof CompletionScopes[CompletionScopes::testMultCcatchClauses()].JML normal_behavior operation contract.0 
14289      DEBUG main            d.u.i.k.p.i.IntermediateProofReplayer Proof replay took 6.3ns 
14593      INFO  main            d.u.i.k.p.r.p.TestFile    ... finished proof: closed. 
14716      INFO  main            d.u.i.k.p.i.AbstractProblemLoader Loading environment from /home/runner/work/key/key/key.core/../key.ui/examples/completionscopes/testMultCcatchClauses.key.proof 
14716      DEBUG main            d.u.i.k.p.i.AbstractProblemLoader Environment load took 114.6ns 
14718      INFO  main            d.u.i.k.p.i.AbstractProblemLoader Creating init config 
17313      DEBUG main            d.u.i.k.p.i.AbstractProblemLoader Init config took 2.6s 
17365      INFO  main            d.u.i.k.p.i.AbstractProblemLoader Replaying proof CompletionScopes[CompletionScopes::testMultCcatchClauses()].JML normal_behavior operation contract.0 
17446      DEBUG main            d.u.i.k.p.i.IntermediateProofReplayer Proof replay took 77.08ms 
17447      DEBUG main            d.u.i.k.p.r.p.TestFile    ... success: reloaded. 
17448      INFO  main            d.u.i.k.p.r.p.TestFile    Now processing file /home/runner/work/key/key/key.core/../key.ui/examples/completionscopes/testNestedExec.key 
17448      INFO  main            d.u.i.k.p.i.AbstractProblemLoader Loading environment from /home/runner/work/key/key/key.core/../key.ui/examples/completionscopes/testNestedExec.key 
17449      DEBUG main            d.u.i.k.p.i.AbstractProblemLoader Environment load took 163.6ns 
17450      INFO  main            d.u.i.k.p.i.AbstractProblemLoader Creating init config 
20036      DEBUG main            d.u.i.k.p.i.AbstractProblemLoader Init config took 2.59s 
20091      INFO  main            d.u.i.k.p.i.AbstractProblemLoader Replaying proof CompletionScopes[CompletionScopes::testMultCcatchClauses()].JML normal_behavior operation contract.0 
20095      DEBUG main            d.u.i.k.p.i.IntermediateProofReplayer Proof replay took 6ns 
20401      INFO  main            d.u.i.k.p.r.p.TestFile    ... finished proof: closed. 
20536      INFO  main            d.u.i.k.p.i.AbstractProblemLoader Loading environment from /home/runner/work/key/key/key.core/../key.ui/examples/completionscopes/testNestedExec.key.proof 
20539      DEBUG main            d.u.i.k.p.i.AbstractProblemLoader Environment load took 2.67ms 
20540      INFO  main            d.u.i.k.p.i.AbstractProblemLoader Creating init config 
23051      DEBUG main            d.u.i.k.p.i.AbstractProblemLoader Init config took 2.51s 
23095      INFO  main            d.u.i.k.p.i.AbstractProblemLoader Replaying proof CompletionScopes[CompletionScopes::testMultCcatchClauses()].JML normal_behavior operation contract.0 
23158      DEBUG main            d.u.i.k.p.i.IntermediateProofReplayer Proof replay took 60.47ms 
23159      DEBUG main            d.u.i.k.p.r.p.TestFile    ... success: reloaded. 
23161      INFO  main            d.u.i.k.p.r.p.TestFile    Now processing file /home/runner/work/key/key/key.core/../key.ui/examples/completionscopes/testCcatchBreakLabel.key 
23161      INFO  main            d.u.i.k.p.i.AbstractProblemLoader Loading environment from /home/runner/work/key/key/key.core/../key.ui/examples/completionscopes/testCcatchBreakLabel.key 
23161      DEBUG main            d.u.i.k.p.i.AbstractProblemLoader Environment load took 155.4ns 
23162      INFO  main            d.u.i.k.p.i.AbstractProblemLoader Creating init config 
25718      DEBUG main            d.u.i.k.p.i.AbstractProblemLoader Init config took 2.56s 
25761      INFO  main            d.u.i.k.p.i.AbstractProblemLoader Replaying proof CompletionScopes[CompletionScopes::testBreakLabel()].JML normal_behavior operation contract.0 
25763      DEBUG main            d.u.i.k.p.i.IntermediateProofReplayer Proof replay took 5.6ns 
25784      DEBUG Thread-10       d.u.i.k.l.o.ProgramSV     Match failed: Former match of  SchemaVariable incompatible with  the current match. 
25868      INFO  main            d.u.i.k.p.r.p.TestFile    ... finished proof: closed. 
26008      INFO  main            d.u.i.k.p.i.AbstractProblemLoader Loading environment from /home/runner/work/key/key/key.core/../key.ui/examples/completionscopes/testCcatchBreakLabel.key.proof 
26009      DEBUG main            d.u.i.k.p.i.AbstractProblemLoader Environment load took 110.4ns 
26010      INFO  main            d.u.i.k.p.i.AbstractProblemLoader Creating init config 
28493      DEBUG main            d.u.i.k.p.i.AbstractProblemLoader Init config took 2.48s 
28572      INFO  main            d.u.i.k.p.i.AbstractProblemLoader Replaying proof CompletionScopes[CompletionScopes::testBreakLabel()].JML normal_behavior operation contract.0 
28584      DEBUG main            d.u.i.k.p.i.IntermediateProofReplayer Proof replay took 8.65ms 
28585      DEBUG main            d.u.i.k.p.r.p.TestFile    ... success: reloaded. 
28586      INFO  main            d.u.i.k.p.r.p.TestFile    Now processing file /home/runner/work/key/key/key.core/../key.ui/examples/completionscopes/testCcatchContinueLabel.key 
28587      INFO  main            d.u.i.k.p.i.AbstractProblemLoader Loading environment from /home/runner/work/key/key/key.core/../key.ui/examples/completionscopes/testCcatchContinueLabel.key 
28587      DEBUG main            d.u.i.k.p.i.AbstractProblemLoader Environment load took 178.6ns 
28589      INFO  main            d.u.i.k.p.i.AbstractProblemLoader Creating init config 
31092      DEBUG main            d.u.i.k.p.i.AbstractProblemLoader Init config took 2.5s 
31135      INFO  main            d.u.i.k.p.i.AbstractProblemLoader Replaying proof CompletionScopes[CompletionScopes::testContinueLabel()].JML normal_behavior operation contract.0 
31136      DEBUG main            d.u.i.k.p.i.IntermediateProofReplayer Proof replay took 5.2ns 
31155      DEBUG Thread-13       d.u.i.k.l.o.ProgramSV     Match failed: Former match of  SchemaVariable incompatible with  the current match. 
31240      INFO  main            d.u.i.k.p.r.p.TestFile    ... finished proof: closed. 
31416      INFO  main            d.u.i.k.p.i.AbstractProblemLoader Loading environment from /home/runner/work/key/key/key.core/../key.ui/examples/completionscopes/testCcatchContinueLabel.key.proof 
31416      DEBUG main            d.u.i.k.p.i.AbstractProblemLoader Environment load took 130.9ns 
31417      INFO  main            d.u.i.k.p.i.AbstractProblemLoader Creating init config 
33898      DEBUG main            d.u.i.k.p.i.AbstractProblemLoader Init config took 2.48s 
33943      INFO  main            d.u.i.k.p.i.AbstractProblemLoader Replaying proof CompletionScopes[CompletionScopes::testContinueLabel()].JML normal_behavior operation contract.0 
33953      DEBUG main            d.u.i.k.p.i.IntermediateProofReplayer Proof replay took 7.49ms 
33954      DEBUG main            d.u.i.k.p.r.p.TestFile    ... success: reloaded. 
33955      INFO  main            d.u.i.k.p.r.p.TestFile    Now processing file /home/runner/work/key/key/key.core/../key.ui/examples/completionscopes/testCcatchBreakLabelWildcard.key 
33955      INFO  main            d.u.i.k.p.i.AbstractProblemLoader Loading environment from /home/runner/work/key/key/key.core/../key.ui/examples/completionscopes/testCcatchBreakLabelWildcard.key 
33955      DEBUG main            d.u.i.k.p.i.AbstractProblemLoader Environment load took 151.3ns 
33956      INFO  main            d.u.i.k.p.i.AbstractProblemLoader Creating init config 
36480      DEBUG main            d.u.i.k.p.i.AbstractProblemLoader Init config took 2.52s 
36519      INFO  main            d.u.i.k.p.i.AbstractProblemLoader Replaying proof CompletionScopes[CompletionScopes::testBreakLabelWildcard()].JML normal_behavior operation contract.0 
36521      DEBUG main            d.u.i.k.p.i.IntermediateProofReplayer Proof replay took 6.1ns 
36534      DEBUG Thread-16       d.u.i.k.l.o.ProgramSV     Match failed: Former match of  SchemaVariable incompatible with  the current match. 
36536      DEBUG Thread-16       d.u.i.k.l.o.ProgramSV     Match failed: Former match of  SchemaVariable incompatible with  the current match. 
36623      INFO  main            d.u.i.k.p.r.p.TestFile    ... finished proof: closed. 
36766      INFO  main            d.u.i.k.p.i.AbstractProblemLoader Loading environment from /home/runner/work/key/key/key.core/../key.ui/examples/completionscopes/testCcatchBreakLabelWildcard.key.proof 
36766      DEBUG main            d.u.i.k.p.i.AbstractProblemLoader Environment load took 105.4ns 
36767      INFO  main            d.u.i.k.p.i.AbstractProblemLoader Creating init config 
39242      DEBUG main            d.u.i.k.p.i.AbstractProblemLoader Init config took 2.47s 
39281      INFO  main            d.u.i.k.p.i.AbstractProblemLoader Replaying proof CompletionScopes[CompletionScopes::testBreakLabelWildcard()].JML normal_behavior operation contract.0 
39290      DEBUG main            d.u.i.k.p.i.IntermediateProofReplayer Proof replay took 6.8ms 
39291      DEBUG main            d.u.i.k.p.r.p.TestFile    ... success: reloaded. 
39292      INFO  main            d.u.i.k.p.r.p.TestFile    Now processing file /home/runner/work/key/key/key.core/../key.ui/examples/completionscopes/testCcatchContinueLabelWildcard.key 
39292      INFO  main            d.u.i.k.p.i.AbstractProblemLoader Loading environment from /home/runner/work/key/key/key.core/../key.ui/examples/completionscopes/testCcatchContinueLabelWildcard.key 
39292      DEBUG main            d.u.i.k.p.i.AbstractProblemLoader Environment load took 184.6ns 
39293      INFO  main            d.u.i.k.p.i.AbstractProblemLoader Creating init config 
41789      DEBUG main            d.u.i.k.p.i.AbstractProblemLoader Init config took 2.5s 
41842      INFO  main            d.u.i.k.p.i.AbstractProblemLoader Replaying proof CompletionScopes[CompletionScopes::testContinueLabelWildcard()].JML normal_behavior operation contract.0 
41844      DEBUG main            d.u.i.k.p.i.IntermediateProofReplayer Proof replay took 6ns 
41860      DEBUG Thread-19       d.u.i.k.l.o.ProgramSV     Match failed: Former match of  SchemaVariable incompatible with  the current match. 
41862      DEBUG Thread-19       d.u.i.k.l.o.ProgramSV     Match failed: Former match of  SchemaVariable incompatible with  the current match. 
41946      INFO  main            d.u.i.k.p.r.p.TestFile    ... finished proof: closed. 
42088      INFO  main            d.u.i.k.p.i.AbstractProblemLoader Loading environment from /home/runner/work/key/key/key.core/../key.ui/examples/completionscopes/testCcatchContinueLabelWildcard.key.proof 
42088      DEBUG main            d.u.i.k.p.i.AbstractProblemLoader Environment load took 102ns 
42089      INFO  main            d.u.i.k.p.i.AbstractProblemLoader Creating init config 
44539      DEBUG main            d.u.i.k.p.i.AbstractProblemLoader Init config took 2.45s 
44589      INFO  main            d.u.i.k.p.i.AbstractProblemLoader Replaying proof CompletionScopes[CompletionScopes::testContinueLabelWildcard()].JML normal_behavior operation contract.0 
44598      DEBUG main            d.u.i.k.p.i.IntermediateProofReplayer Proof replay took 7.29ms 
44599      DEBUG main            d.u.i.k.p.r.p.TestFile    ... success: reloaded. 
44600      INFO  main            d.u.i.k.p.r.p.TestFile    Now processing file /home/runner/work/key/key/key.core/../key.ui/examples/completionscopes/testCcatchBreakLabelNonmatchingNested.key 
44600      INFO  main            d.u.i.k.p.i.AbstractProblemLoader Loading environment from /home/runner/work/key/key/key.core/../key.ui/examples/completionscopes/testCcatchBreakLabelNonmatchingNested.key 
44600      DEBUG main            d.u.i.k.p.i.AbstractProblemLoader Environment load took 78.3ns 
44601      INFO  main            d.u.i.k.p.i.AbstractProblemLoader Creating init config 
47090      DEBUG main            d.u.i.k.p.i.AbstractProblemLoader Init config took 2.49s 
47128      INFO  main            d.u.i.k.p.i.AbstractProblemLoader Replaying proof CompletionScopes[CompletionScopes::testBreakLabelNonmatchingNested()].JML normal_behavior operation contract.0 
47129      DEBUG main            d.u.i.k.p.i.IntermediateProofReplayer Proof replay took 6.4ns 
47144      DEBUG Thread-22       d.u.i.k.l.o.ProgramSV     Match failed: Former match of  SchemaVariable incompatible with  the current match. 
47145      DEBUG Thread-22       d.u.i.k.l.o.ProgramSV     Match failed: Former match of  SchemaVariable incompatible with  the current match. 
47232      INFO  main            d.u.i.k.p.r.p.TestFile    ... finished proof: closed. 
47382      INFO  main            d.u.i.k.p.i.AbstractProblemLoader Loading environment from /home/runner/work/key/key/key.core/../key.ui/examples/completionscopes/testCcatchBreakLabelNonmatchingNested.key.proof 
47382      DEBUG main            d.u.i.k.p.i.AbstractProblemLoader Environment load took 108.3ns 
47383      INFO  main            d.u.i.k.p.i.AbstractProblemLoader Creating init config 
49860      DEBUG main            d.u.i.k.p.i.AbstractProblemLoader Init config took 2.48s 
49897      INFO  main            d.u.i.k.p.i.AbstractProblemLoader Replaying proof CompletionScopes[CompletionScopes::testBreakLabelNonmatchingNested()].JML normal_behavior operation contract.0 
49906      DEBUG main            d.u.i.k.p.i.IntermediateProofReplayer Proof replay took 7.58ms 
49907      DEBUG main            d.u.i.k.p.r.p.TestFile    ... success: reloaded. 
4946681    INFO  Test worker     d.u.i.k.p.r.RunAllProofsTestUnit Returning from test completionScopes 
4946683    INFO  Test worker     d.u.i.k.p.r.RunAllProofsTestUnit Running test reload_examples 
326        INFO  Timeout watchdog d.u.i.k.p.r.p.ForkedTestFileRunner Timeout watcher launched (2000 secs.) 
336        WARN  main            d.u.i.k.s.ProofSettings   The settings in /home/runner/.key/proof-settings.props are *not* read. 
380        INFO  main            d.u.i.k.p.r.p.TestFile    Now processing file /home/runner/work/key/key/key.core/../key.ui/examples/firstTouch/05-ReverseArray/reverseArray.key 
543        INFO  main            d.u.i.k.p.i.AbstractProblemLoader Loading environment from /home/runner/work/key/key/key.core/../key.ui/examples/firstTouch/05-ReverseArray/reverseArray.key 
567        DEBUG main            d.u.i.k.p.i.AbstractProblemLoader Environment load took 1.89ms 
801        INFO  main            d.u.i.k.p.i.AbstractProblemLoader Creating init config 
1836       DEBUG main            d.u.i.k.j.TypeConverter   No LDT found for Meta 
1837       DEBUG main            d.u.i.k.j.TypeConverter   No LDT found for Meta 
1840       DEBUG main            d.u.i.k.j.TypeConverter   No LDT found for Meta 
1840       DEBUG main            d.u.i.k.j.TypeConverter   No LDT found for Meta 
3355       DEBUG main            d.u.i.k.j.TypeConverter   No LDT found for JavaBigintExpression 
8072       DEBUG main            d.u.i.k.p.i.AbstractProblemLoader Init config took 7.27s 
8190       INFO  main            d.u.i.k.p.i.AbstractProblemLoader Replaying proof ReverseArray[ReverseArray::reverse()].JML normal_behavior operation contract.0 
8248       DEBUG main            d.u.i.k.p.i.IntermediateProofReplayer Proof replay took 31.4ns 
18195      INFO  main            d.u.i.k.p.r.p.TestFile    ... finished proof: closed. 
18383      INFO  main            d.u.i.k.p.i.AbstractProblemLoader Loading environment from /home/runner/work/key/key/key.core/../key.ui/examples/firstTouch/05-ReverseArray/reverseArray.key.proof 
18384      DEBUG main            d.u.i.k.p.i.AbstractProblemLoader Environment load took 344.1ns 
18389      INFO  main            d.u.i.k.p.i.AbstractProblemLoader Creating init config 
21042      DEBUG main            d.u.i.k.p.i.AbstractProblemLoader Init config took 2.65s 
21098      INFO  main            d.u.i.k.p.i.AbstractProblemLoader Replaying proof ReverseArray[ReverseArray::reverse()].JML normal_behavior operation contract.0 
22269      DEBUG main            d.u.i.k.p.i.IntermediateProofReplayer Proof replay took 1.11s 
22280      DEBUG main            d.u.i.k.p.r.p.TestFile    ... success: reloaded. 
22283      INFO  main            d.u.i.k.p.r.p.TestFile    Now processing file /home/runner/work/key/key/key.core/../key.ui/examples/standard_key/arith/saveProofTest.key.proof 
22283      INFO  main            d.u.i.k.p.i.AbstractProblemLoader Loading environment from /home/runner/work/key/key/key.core/../key.ui/examples/standard_key/arith/saveProofTest.key.proof 
22284      DEBUG main            d.u.i.k.p.i.AbstractProblemLoader Environment load took 193.7ns 
22287      INFO  main            d.u.i.k.p.i.AbstractProblemLoader Creating init config 
24710      DEBUG main            d.u.i.k.p.i.AbstractProblemLoader Init config took 2.42s 
24742      INFO  main            d.u.i.k.p.i.AbstractProblemLoader Replaying proof saveProofTest.key.proof 
24751      DEBUG main            d.u.i.k.p.i.IntermediateProofReplayer Proof replay took 3.64ms 
24752      INFO  main            d.u.i.k.p.r.p.TestFile    ... success: loaded 
24754      INFO  main            d.u.i.k.p.r.p.TestFile    Now processing file /home/runner/work/key/key/key.core/../key.ui/examples/heap/permutedSum/perm.proof 
24754      INFO  main            d.u.i.k.p.i.AbstractProblemLoader Loading environment from /home/runner/work/key/key/key.core/../key.ui/examples/heap/permutedSum/perm.proof 
24754      DEBUG main            d.u.i.k.p.i.AbstractProblemLoader Environment load took 517.5ns 
24758      INFO  main            d.u.i.k.p.i.AbstractProblemLoader Creating init config 
27301      DEBUG main            d.u.i.k.p.i.AbstractProblemLoader Init config took 2.54s 
27365      INFO  main            d.u.i.k.p.i.AbstractProblemLoader Replaying proof Perm[Perm::foo()].JML normal_behavior operation contract.0 
28538      DEBUG main            d.u.i.k.p.i.IntermediateProofReplayer Proof replay took 1.12s 
28540      INFO  main            d.u.i.k.p.r.p.TestFile    ... success: loaded 
28542      INFO  main            d.u.i.k.p.r.p.TestFile    Now processing file /home/runner/work/key/key/key.core/../key.ui/examples/firstTouch/05-ReverseArray/reverseArray.proof 
28542      INFO  main            d.u.i.k.p.i.AbstractProblemLoader Loading environment from /home/runner/work/key/key/key.core/../key.ui/examples/firstTouch/05-ReverseArray/reverseArray.proof 
28542      DEBUG main            d.u.i.k.p.i.AbstractProblemLoader Environment load took 236.5ns 
28545      INFO  main            d.u.i.k.p.i.AbstractProblemLoader Creating init config 
30980      DEBUG main            d.u.i.k.p.i.AbstractProblemLoader Init config took 2.43s 
31016      INFO  main            d.u.i.k.p.i.AbstractProblemLoader Replaying proof ReverseArray[ReverseArray::reverse()].JML normal_behavior operation contract.0 
32042      DEBUG main            d.u.i.k.p.i.IntermediateProofReplayer Proof replay took 988.9ms 
32045      INFO  main            d.u.i.k.p.r.p.TestFile    ... success: loaded 
32046      INFO  main            d.u.i.k.p.r.p.TestFile    Now processing file /home/runner/work/key/key/key.core/../key.ui/examples/heap/verifyThis15_1_RelaxedPrefix/relax.proof 
32047      INFO  main            d.u.i.k.p.i.AbstractProblemLoader Loading environment from /home/runner/work/key/key/key.core/../key.ui/examples/heap/verifyThis15_1_RelaxedPrefix/relax.proof 
32047      DEBUG main            d.u.i.k.p.i.AbstractProblemLoader Environment load took 159.4ns 
32048      INFO  main            d.u.i.k.p.i.AbstractProblemLoader Creating init config 
34479      DEBUG main            d.u.i.k.p.i.AbstractProblemLoader Init config took 2.43s 
34541      INFO  main            d.u.i.k.p.i.AbstractProblemLoader Replaying proof Relaxed[Relaxed::isRelaxedPrefix([I,[I)].JML operation contract.0 
34987      DEBUG main            d.u.i.k.p.i.IntermediateProofReplayer Proof replay took 428.34ms 
34988      INFO  main            d.u.i.k.p.r.p.TestFile    ... success: loaded 
34989      INFO  main            d.u.i.k.p.r.p.TestFile    Now processing file /home/runner/work/key/key/key.core/../key.ui/examples/heap/verifyThis15_3_DLL/doUndo.proof 
34990      INFO  main            d.u.i.k.p.i.AbstractProblemLoader Loading environment from /home/runner/work/key/key/key.core/../key.ui/examples/heap/verifyThis15_3_DLL/doUndo.proof 
34990      DEBUG main            d.u.i.k.p.i.AbstractProblemLoader Environment load took 174.9ns 
34992      INFO  main            d.u.i.k.p.i.AbstractProblemLoader Creating init config 
35865      DEBUG main            d.u.i.k.j.r.ClassPreparationMethodBuilder clPrepBuilder: Inner Class detected. Reject building class initialisation methods. 
37613      DEBUG main            d.u.i.k.p.i.AbstractProblemLoader Init config took 2.62s 
37694      INFO  main            d.u.i.k.p.i.AbstractProblemLoader Replaying proof DoubleLinkedList[DoubleLinkedList::doUndo(DoubleLinkedList.Node,int)].JML normal_behavior operation contract.0 
38439      DEBUG main            d.u.i.k.p.i.IntermediateProofReplayer Proof replay took 683.09ms 
38441      INFO  main            d.u.i.k.p.r.p.TestFile    ... success: loaded 
38443      INFO  main            d.u.i.k.p.r.p.TestFile    Now processing file /home/runner/work/key/key/key.core/../key.ui/examples/heap/verifyThis15_2_ParallelGcd/parallelGcd.proof 
38443      INFO  main            d.u.i.k.p.i.AbstractProblemLoader Loading environment from /home/runner/work/key/key/key.core/../key.ui/examples/heap/verifyThis15_2_ParallelGcd/parallelGcd.proof 
38443      DEBUG main            d.u.i.k.p.i.AbstractProblemLoader Environment load took 166ns 
38445      INFO  main            d.u.i.k.p.i.AbstractProblemLoader Creating init config 
40922      DEBUG main            d.u.i.k.p.i.AbstractProblemLoader Init config took 2.48s 
40994      INFO  main            d.u.i.k.p.i.AbstractProblemLoader Replaying proof ParallelGcd[ParallelGcd::parallelGcd(int,int,[Z)].JML behavior operation contract.0 
41644      DEBUG main            d.u.i.k.p.i.IntermediateProofReplayer Proof replay took 633.78ms 
41645      INFO  main            d.u.i.k.p.r.p.TestFile    ... success: loaded 
4988489    INFO  Test worker     d.u.i.k.p.r.RunAllProofsTestUnit Returning from test reload_examples 
4988490    INFO  Test worker     d.u.i.k.p.r.RunAllProofsTestUnit Running test proofLoadRepair 
333        INFO  Timeout watchdog d.u.i.k.p.r.p.ForkedTestFileRunner Timeout watcher launched (2000 secs.) 
345        WARN  main            d.u.i.k.s.ProofSettings   The settings in /home/runner/.key/proof-settings.props are *not* read. 
382        INFO  main            d.u.i.k.p.r.p.TestFile    Now processing file /home/runner/work/key/key/key.core/../key.ui/examples/proofLoadRepair/disjConj-manipulated.proof 
490        INFO  main            d.u.i.k.p.i.AbstractProblemLoader Loading environment from /home/runner/work/key/key/key.core/../key.ui/examples/proofLoadRepair/disjConj-manipulated.proof 
513        DEBUG main            d.u.i.k.p.i.AbstractProblemLoader Environment load took 1.9ms 
774        INFO  main            d.u.i.k.p.i.AbstractProblemLoader Creating init config 
1743       DEBUG main            d.u.i.k.j.TypeConverter   No LDT found for Meta 
1743       DEBUG main            d.u.i.k.j.TypeConverter   No LDT found for Meta 
1746       DEBUG main            d.u.i.k.j.TypeConverter   No LDT found for Meta 
1746       DEBUG main            d.u.i.k.j.TypeConverter   No LDT found for Meta 
2983       DEBUG main            d.u.i.k.j.TypeConverter   No LDT found for JavaBigintExpression 
7669       DEBUG main            d.u.i.k.p.i.AbstractProblemLoader Init config took 6.89s 
7743       INFO  main            d.u.i.k.p.i.AbstractProblemLoader Replaying proof disjConj-manipulated.proof 
7787       WARN  main            d.u.i.k.p.i.IntermediateProofReplayer Proof contains wrong number of \assumes instatiations for andLeft 
7788       WARN  main            d.u.i.k.p.i.IntermediateProofReplayer Proof contains wrong number of \assumes instatiations for replace_known_right 
7793       WARN  main            d.u.i.k.p.i.IntermediateProofReplayer Proof contains wrong number of \assumes instatiations for close 
7794       DEBUG main            d.u.i.k.p.i.IntermediateProofReplayer Proof replay took 17.76ms 
7799       INFO  main            d.u.i.k.p.r.p.TestFile    ... success: loaded 
7806       INFO  main            d.u.i.k.p.r.p.TestFile    Now processing file /home/runner/work/key/key/key.core/../key.ui/examples/proofLoadRepair/insufficient-manipulated.proof 
7808       INFO  main            d.u.i.k.p.i.AbstractProblemLoader Loading environment from /home/runner/work/key/key/key.core/../key.ui/examples/proofLoadRepair/insufficient-manipulated.proof 
7808       DEBUG main            d.u.i.k.p.i.AbstractProblemLoader Environment load took 129.1ns 
7813       INFO  main            d.u.i.k.p.i.AbstractProblemLoader Creating init config 
10539      DEBUG main            d.u.i.k.p.i.AbstractProblemLoader Init config took 2.73s 
10556      INFO  main            d.u.i.k.p.i.AbstractProblemLoader Replaying proof insufficient-manipulated.proof 
10575      WARN  main            d.u.i.k.p.i.IntermediateProofReplayer Proof contains wrong number of \assumes instatiations for applyEq 
10583      DEBUG main            d.u.i.k.p.i.IntermediateProofReplayer Proof replay took 10.3ms 
10585      INFO  main            d.u.i.k.p.r.p.TestFile    ... success: loading failed 
10586      INFO  main            d.u.i.k.p.r.p.TestFile    Now processing file /home/runner/work/key/key/key.core/../key.ui/examples/../../key.core/src/test/resources/testcase/issues/1716/incorrectPolarity.proof 
10586      INFO  main            d.u.i.k.p.i.AbstractProblemLoader Loading environment from /home/runner/work/key/key/key.core/../key.ui/examples/../../key.core/src/test/resources/testcase/issues/1716/incorrectPolarity.proof 
10586      DEBUG main            d.u.i.k.p.i.AbstractProblemLoader Environment load took 172.8ns 
10588      INFO  main            d.u.i.k.p.i.AbstractProblemLoader Creating init config 
13304      DEBUG main            d.u.i.k.p.i.AbstractProblemLoader Init config took 2.72s 
13333      INFO  main            d.u.i.k.p.i.AbstractProblemLoader Replaying proof incorrectPolarity.proof 
13335      DEBUG main            d.u.i.k.p.i.IntermediateProofReplayer Proof replay took 177.1ns 
13336      INFO  main            d.u.i.k.p.r.p.TestFile    ... success: loading failed 
13337      INFO  main            d.u.i.k.p.r.p.TestFile    Now processing file /home/runner/work/key/key/key.core/../key.ui/examples/../../key.core/src/test/resources/testcase/issues/1716/incorrectPolarity2.proof 
13337      INFO  main            d.u.i.k.p.i.AbstractProblemLoader Loading environment from /home/runner/work/key/key/key.core/../key.ui/examples/../../key.core/src/test/resources/testcase/issues/1716/incorrectPolarity2.proof 
13337      DEBUG main            d.u.i.k.p.i.AbstractProblemLoader Environment load took 169.2ns 
13338      INFO  main            d.u.i.k.p.i.AbstractProblemLoader Creating init config 
15738      DEBUG main            d.u.i.k.p.i.AbstractProblemLoader Init config took 2.4s 
15779      INFO  main            d.u.i.k.p.i.AbstractProblemLoader Replaying proof incorrectPolarity2.proof 
15782      DEBUG main            d.u.i.k.p.i.IntermediateProofReplayer Proof replay took 325.3ns 
15782      INFO  main            d.u.i.k.p.r.p.TestFile    ... success: loading failed 
15783      INFO  main            d.u.i.k.p.r.p.TestFile    Now processing file /home/runner/work/key/key/key.core/../key.ui/examples/../../key.core/src/test/resources/testcase/issues/1716/incorrectPolarity3.proof 
15784      INFO  main            d.u.i.k.p.i.AbstractProblemLoader Loading environment from /home/runner/work/key/key/key.core/../key.ui/examples/../../key.core/src/test/resources/testcase/issues/1716/incorrectPolarity3.proof 
15784      DEBUG main            d.u.i.k.p.i.AbstractProblemLoader Environment load took 165ns 
15785      INFO  main            d.u.i.k.p.i.AbstractProblemLoader Creating init config 
18159      DEBUG main            d.u.i.k.p.i.AbstractProblemLoader Init config took 2.37s 
18180      INFO  main            d.u.i.k.p.i.AbstractProblemLoader Replaying proof incorrectPolarity3.proof 
18184      DEBUG main            d.u.i.k.p.i.IntermediateProofReplayer Proof replay took 1.58ms 
18184      INFO  main            d.u.i.k.p.r.p.TestFile    ... success: loading failed 
5006861    INFO  Test worker     d.u.i.k.p.r.RunAllProofsTestUnit Returning from test proofLoadRepair 
5006862    INFO  Test worker     d.u.i.k.p.r.RunAllProofsTestUnit Running test switch 
342        INFO  Timeout watchdog d.u.i.k.p.r.p.ForkedTestFileRunner Timeout watcher launched (2000 secs.) 
358        WARN  main            d.u.i.k.s.ProofSettings   The settings in /home/runner/.key/proof-settings.props are *not* read. 
384        INFO  main            d.u.i.k.p.r.p.TestFile    Now processing file /home/runner/work/key/key/key.core/../key.ui/examples/standard_key/java_dl/switch/labeled_case.key 
483        INFO  main            d.u.i.k.p.i.AbstractProblemLoader Loading environment from /home/runner/work/key/key/key.core/../key.ui/examples/standard_key/java_dl/switch/labeled_case.key 
505        DEBUG main            d.u.i.k.p.i.AbstractProblemLoader Environment load took 1.73ms 
721        INFO  main            d.u.i.k.p.i.AbstractProblemLoader Creating init config 
1628       DEBUG main            d.u.i.k.j.TypeConverter   No LDT found for Meta 
1628       DEBUG main            d.u.i.k.j.TypeConverter   No LDT found for Meta 
1630       DEBUG main            d.u.i.k.j.TypeConverter   No LDT found for Meta 
1630       DEBUG main            d.u.i.k.j.TypeConverter   No LDT found for Meta 
3238       DEBUG main            d.u.i.k.j.TypeConverter   No LDT found for JavaBigintExpression 
7779       DEBUG main            d.u.i.k.p.i.AbstractProblemLoader Init config took 7.06s 
7900       INFO  main            d.u.i.k.p.i.AbstractProblemLoader Replaying proof LabeledCase[LabeledCase::m(int)].JML normal_behavior operation contract.0 
7930       DEBUG main            d.u.i.k.p.i.IntermediateProofReplayer Proof replay took 29.1ns 
8558       INFO  main            d.u.i.k.p.r.p.TestFile    ... finished proof: closed. 
8649       INFO  main            d.u.i.k.p.i.AbstractProblemLoader Loading environment from /home/runner/work/key/key/key.core/../key.ui/examples/standard_key/java_dl/switch/labeled_case.key.proof 
8651       DEBUG main            d.u.i.k.p.i.AbstractProblemLoader Environment load took 1.91ms 
8653       INFO  main            d.u.i.k.p.i.AbstractProblemLoader Creating init config 
11223      DEBUG main            d.u.i.k.p.i.AbstractProblemLoader Init config took 2.57s 
11286      INFO  main            d.u.i.k.p.i.AbstractProblemLoader Replaying proof LabeledCase[LabeledCase::m(int)].JML normal_behavior operation contract.0 
11342      DEBUG main            d.u.i.k.p.i.IntermediateProofReplayer Proof replay took 51.17ms 
11348      DEBUG main            d.u.i.k.p.r.p.TestFile    ... success: reloaded. 
11349      INFO  main            d.u.i.k.p.r.p.TestFile    Now processing file /home/runner/work/key/key/key.core/../key.ui/examples/standard_key/java_dl/switch/empty_switch.key 
11349      INFO  main            d.u.i.k.p.i.AbstractProblemLoader Loading environment from /home/runner/work/key/key/key.core/../key.ui/examples/standard_key/java_dl/switch/empty_switch.key 
11349      DEBUG main            d.u.i.k.p.i.AbstractProblemLoader Environment load took 168.3ns 
11351      INFO  main            d.u.i.k.p.i.AbstractProblemLoader Creating init config 
13729      DEBUG main            d.u.i.k.p.i.AbstractProblemLoader Init config took 2.38s 
13758      INFO  main            d.u.i.k.p.i.AbstractProblemLoader Replaying proof empty_switch.key 
13761      DEBUG main            d.u.i.k.p.i.IntermediateProofReplayer Proof replay took 5.9ns 
13863      INFO  main            d.u.i.k.p.r.p.TestFile    ... finished proof: closed. 
13978      INFO  main            d.u.i.k.p.i.AbstractProblemLoader Loading environment from /home/runner/work/key/key/key.core/../key.ui/examples/standard_key/java_dl/switch/empty_switch.key.proof 
13978      DEBUG main            d.u.i.k.p.i.AbstractProblemLoader Environment load took 117.5ns 
13980      INFO  main            d.u.i.k.p.i.AbstractProblemLoader Creating init config 
16308      DEBUG main            d.u.i.k.p.i.AbstractProblemLoader Init config took 2.33s 
16331      INFO  main            d.u.i.k.p.i.AbstractProblemLoader Replaying proof empty_switch.key.proof 
16336      DEBUG main            d.u.i.k.p.i.IntermediateProofReplayer Proof replay took 1.86ms 
16336      DEBUG main            d.u.i.k.p.r.p.TestFile    ... success: reloaded. 
16337      INFO  main            d.u.i.k.p.r.p.TestFile    Now processing file /home/runner/work/key/key/key.core/../key.ui/examples/standard_key/java_dl/switch/empty_switch_null.key 
16338      INFO  main            d.u.i.k.p.i.AbstractProblemLoader Loading environment from /home/runner/work/key/key/key.core/../key.ui/examples/standard_key/java_dl/switch/empty_switch_null.key 
16338      DEBUG main            d.u.i.k.p.i.AbstractProblemLoader Environment load took 178.5ns 
16339      INFO  main            d.u.i.k.p.i.AbstractProblemLoader Creating init config 
18626      DEBUG main            d.u.i.k.p.i.AbstractProblemLoader Init config took 2.29s 
18646      INFO  main            d.u.i.k.p.i.AbstractProblemLoader Replaying proof empty_switch_null.key 
18648      DEBUG main            d.u.i.k.p.i.IntermediateProofReplayer Proof replay took 4.9ns 
18750      INFO  main            d.u.i.k.p.r.p.TestFile    ... finished proof: closed. 
18945      INFO  main            d.u.i.k.p.i.AbstractProblemLoader Loading environment from /home/runner/work/key/key/key.core/../key.ui/examples/standard_key/java_dl/switch/empty_switch_null.key.proof 
18946      DEBUG main            d.u.i.k.p.i.AbstractProblemLoader Environment load took 317.1ns 
18947      INFO  main            d.u.i.k.p.i.AbstractProblemLoader Creating init config 
21171      DEBUG main            d.u.i.k.p.i.AbstractProblemLoader Init config took 2.22s 
21192      INFO  main            d.u.i.k.p.i.AbstractProblemLoader Replaying proof empty_switch_null.key.proof 
21222      DEBUG main            d.u.i.k.p.i.IntermediateProofReplayer Proof replay took 27.22ms 
21223      DEBUG main            d.u.i.k.p.r.p.TestFile    ... success: reloaded. 
21224      INFO  main            d.u.i.k.p.r.p.TestFile    Now processing file /home/runner/work/key/key/key.core/../key.ui/examples/standard_key/java_dl/switch/empty_switch_null_catch.key 
21224      INFO  main            d.u.i.k.p.i.AbstractProblemLoader Loading environment from /home/runner/work/key/key/key.core/../key.ui/examples/standard_key/java_dl/switch/empty_switch_null_catch.key 
21224      DEBUG main            d.u.i.k.p.i.AbstractProblemLoader Environment load took 168.1ns 
21225      INFO  main            d.u.i.k.p.i.AbstractProblemLoader Creating init config 
23475      DEBUG main            d.u.i.k.p.i.AbstractProblemLoader Init config took 2.25s 
23495      INFO  main            d.u.i.k.p.i.AbstractProblemLoader Replaying proof empty_switch_null_catch.key 
23497      DEBUG main            d.u.i.k.p.i.IntermediateProofReplayer Proof replay took 5.5ns 
23704      INFO  main            d.u.i.k.p.r.p.TestFile    ... finished proof: closed. 
23844      INFO  main            d.u.i.k.p.i.AbstractProblemLoader Loading environment from /home/runner/work/key/key/key.core/../key.ui/examples/standard_key/java_dl/switch/empty_switch_null_catch.key.proof 
23844      DEBUG main            d.u.i.k.p.i.AbstractProblemLoader Environment load took 336.2ns 
23846      INFO  main            d.u.i.k.p.i.AbstractProblemLoader Creating init config 
26076      DEBUG main            d.u.i.k.p.i.AbstractProblemLoader Init config took 2.23s 
26097      INFO  main            d.u.i.k.p.i.AbstractProblemLoader Replaying proof empty_switch_null_catch.key.proof 
26138      DEBUG main            d.u.i.k.p.i.IntermediateProofReplayer Proof replay took 38.23ms 
26139      DEBUG main            d.u.i.k.p.r.p.TestFile    ... success: reloaded. 
26140      INFO  main            d.u.i.k.p.r.p.TestFile    Now processing file /home/runner/work/key/key/key.core/../key.ui/examples/standard_key/java_dl/switch/empty_switch_array_out_of_bounds.key 
26140      INFO  main            d.u.i.k.p.i.AbstractProblemLoader Loading environment from /home/runner/work/key/key/key.core/../key.ui/examples/standard_key/java_dl/switch/empty_switch_array_out_of_bounds.key 
26140      DEBUG main            d.u.i.k.p.i.AbstractProblemLoader Environment load took 151.2ns 
26141      INFO  main            d.u.i.k.p.i.AbstractProblemLoader Creating init config 
28415      DEBUG main            d.u.i.k.p.i.AbstractProblemLoader Init config took 2.27s 
28435      INFO  main            d.u.i.k.p.i.AbstractProblemLoader Replaying proof empty_switch_array_out_of_bounds.key 
28437      DEBUG main            d.u.i.k.p.i.IntermediateProofReplayer Proof replay took 5.6ns 
28644      INFO  main            d.u.i.k.p.r.p.TestFile    ... finished proof: closed. 
28804      INFO  main            d.u.i.k.p.i.AbstractProblemLoader Loading environment from /home/runner/work/key/key/key.core/../key.ui/examples/standard_key/java_dl/switch/empty_switch_array_out_of_bounds.key.proof 
28807      DEBUG main            d.u.i.k.p.i.AbstractProblemLoader Environment load took 2.66ms 
28809      INFO  main            d.u.i.k.p.i.AbstractProblemLoader Creating init config 
31048      DEBUG main            d.u.i.k.p.i.AbstractProblemLoader Init config took 2.24s 
31083      INFO  main            d.u.i.k.p.i.AbstractProblemLoader Replaying proof empty_switch_array_out_of_bounds.key.proof 
31136      DEBUG main            d.u.i.k.p.i.IntermediateProofReplayer Proof replay took 49.96ms 
31137      DEBUG main            d.u.i.k.p.r.p.TestFile    ... success: reloaded. 
31138      INFO  main            d.u.i.k.p.r.p.TestFile    Now processing file /home/runner/work/key/key/key.core/../key.ui/examples/standard_key/java_dl/switch/empty_switch_array_out_of_bounds_catch.key 
31138      INFO  main            d.u.i.k.p.i.AbstractProblemLoader Loading environment from /home/runner/work/key/key/key.core/../key.ui/examples/standard_key/java_dl/switch/empty_switch_array_out_of_bounds_catch.key 
31139      DEBUG main            d.u.i.k.p.i.AbstractProblemLoader Environment load took 192.7ns 
31140      INFO  main            d.u.i.k.p.i.AbstractProblemLoader Creating init config 
33417      DEBUG main            d.u.i.k.p.i.AbstractProblemLoader Init config took 2.28s 
33438      INFO  main            d.u.i.k.p.i.AbstractProblemLoader Replaying proof empty_switch_array_out_of_bounds_catch.key 
33440      DEBUG main            d.u.i.k.p.i.IntermediateProofReplayer Proof replay took 4.8ns 
33643      INFO  main            d.u.i.k.p.r.p.TestFile    ... finished proof: closed. 
33787      INFO  main            d.u.i.k.p.i.AbstractProblemLoader Loading environment from /home/runner/work/key/key/key.core/../key.ui/examples/standard_key/java_dl/switch/empty_switch_array_out_of_bounds_catch.key.proof 
33787      DEBUG main            d.u.i.k.p.i.AbstractProblemLoader Environment load took 1.21ms 
33788      INFO  main            d.u.i.k.p.i.AbstractProblemLoader Creating init config 
35991      DEBUG main            d.u.i.k.p.i.AbstractProblemLoader Init config took 2.2s 
36009      INFO  main            d.u.i.k.p.i.AbstractProblemLoader Replaying proof empty_switch_array_out_of_bounds_catch.key.proof 
36049      DEBUG main            d.u.i.k.p.i.IntermediateProofReplayer Proof replay took 37.54ms 
36054      DEBUG main            d.u.i.k.p.r.p.TestFile    ... success: reloaded. 
36055      INFO  main            d.u.i.k.p.r.p.TestFile    Now processing file /home/runner/work/key/key/key.core/../key.ui/examples/standard_key/java_dl/switch/switch_in_switch.key 
36056      INFO  main            d.u.i.k.p.i.AbstractProblemLoader Loading environment from /home/runner/work/key/key/key.core/../key.ui/examples/standard_key/java_dl/switch/switch_in_switch.key 
36056      DEBUG main            d.u.i.k.p.i.AbstractProblemLoader Environment load took 153.5ns 
36059      INFO  main            d.u.i.k.p.i.AbstractProblemLoader Creating init config 
38411      DEBUG main            d.u.i.k.p.i.AbstractProblemLoader Init config took 2.35s 
38452      INFO  main            d.u.i.k.p.i.AbstractProblemLoader Replaying proof SwitchInSwitch[SwitchInSwitch::m(int)].JML normal_behavior operation contract.0 
38454      DEBUG main            d.u.i.k.p.i.IntermediateProofReplayer Proof replay took 5.4ns 
42579      INFO  main            d.u.i.k.p.r.p.TestFile    ... finished proof: closed. 
42813      INFO  main            d.u.i.k.p.i.AbstractProblemLoader Loading environment from /home/runner/work/key/key/key.core/../key.ui/examples/standard_key/java_dl/switch/switch_in_switch.key.proof 
42813      DEBUG main            d.u.i.k.p.i.AbstractProblemLoader Environment load took 320ns 
42816      INFO  main            d.u.i.k.p.i.AbstractProblemLoader Creating init config 
45084      DEBUG main            d.u.i.k.p.i.AbstractProblemLoader Init config took 2.27s 
45124      INFO  main            d.u.i.k.p.i.AbstractProblemLoader Replaying proof SwitchInSwitch[SwitchInSwitch::m(int)].JML normal_behavior operation contract.0 
45570      DEBUG main            d.u.i.k.p.i.IntermediateProofReplayer Proof replay took 417.9ms 
45572      DEBUG main            d.u.i.k.p.r.p.TestFile    ... success: reloaded. 
45573      INFO  main            d.u.i.k.p.r.p.TestFile    Now processing file /home/runner/work/key/key/key.core/../key.ui/examples/standard_key/java_dl/switch/while_and_switch.key 
45573      INFO  main            d.u.i.k.p.i.AbstractProblemLoader Loading environment from /home/runner/work/key/key/key.core/../key.ui/examples/standard_key/java_dl/switch/while_and_switch.key 
45573      DEBUG main            d.u.i.k.p.i.AbstractProblemLoader Environment load took 165.4ns 
45574      INFO  main            d.u.i.k.p.i.AbstractProblemLoader Creating init config 
47921      DEBUG main            d.u.i.k.p.i.AbstractProblemLoader Init config took 2.35s 
47960      INFO  main            d.u.i.k.p.i.AbstractProblemLoader Replaying proof WhileAndSwitch[WhileAndSwitch::m(int)].JML normal_behavior operation contract.0 
47962      DEBUG main            d.u.i.k.p.i.IntermediateProofReplayer Proof replay took 5.7ns 
48680      INFO  main            d.u.i.k.p.r.p.TestFile    ... finished proof: closed. 
48842      INFO  main            d.u.i.k.p.i.AbstractProblemLoader Loading environment from /home/runner/work/key/key/key.core/../key.ui/examples/standard_key/java_dl/switch/while_and_switch.key.proof 
48843      DEBUG main            d.u.i.k.p.i.AbstractProblemLoader Environment load took 114.9ns 
48844      INFO  main            d.u.i.k.p.i.AbstractProblemLoader Creating init config 
51089      DEBUG main            d.u.i.k.p.i.AbstractProblemLoader Init config took 2.25s 
51135      INFO  main            d.u.i.k.p.i.AbstractProblemLoader Replaying proof WhileAndSwitch[WhileAndSwitch::m(int)].JML normal_behavior operation contract.0 
51262      DEBUG main            d.u.i.k.p.i.IntermediateProofReplayer Proof replay took 118.54ms 
51264      DEBUG main            d.u.i.k.p.r.p.TestFile    ... success: reloaded. 
51265      INFO  main            d.u.i.k.p.r.p.TestFile    Now processing file /home/runner/work/key/key/key.core/../key.ui/examples/standard_key/java_dl/switch/large_switch.key 
51265      INFO  main            d.u.i.k.p.i.AbstractProblemLoader Loading environment from /home/runner/work/key/key/key.core/../key.ui/examples/standard_key/java_dl/switch/large_switch.key 
51265      DEBUG main            d.u.i.k.p.i.AbstractProblemLoader Environment load took 149.1ns 
51266      INFO  main            d.u.i.k.p.i.AbstractProblemLoader Creating init config 
53588      DEBUG main            d.u.i.k.p.i.AbstractProblemLoader Init config took 2.32s 
53631      INFO  main            d.u.i.k.p.i.AbstractProblemLoader Replaying proof LargeSwitch[LargeSwitch::m(int)].JML normal_behavior operation contract.0 
53633      DEBUG main            d.u.i.k.p.i.IntermediateProofReplayer Proof replay took 4.8ns 
54948      INFO  main            d.u.i.k.p.r.p.TestFile    ... finished proof: closed. 
55215      INFO  main            d.u.i.k.p.i.AbstractProblemLoader Loading environment from /home/runner/work/key/key/key.core/../key.ui/examples/standard_key/java_dl/switch/large_switch.key.proof 
55215      DEBUG main            d.u.i.k.p.i.AbstractProblemLoader Environment load took 107.9ns 
55218      INFO  main            d.u.i.k.p.i.AbstractProblemLoader Creating init config 
57464      DEBUG main            d.u.i.k.p.i.AbstractProblemLoader Init config took 2.25s 
57503      INFO  main            d.u.i.k.p.i.AbstractProblemLoader Replaying proof LargeSwitch[LargeSwitch::m(int)].JML normal_behavior operation contract.0 
57832      DEBUG main            d.u.i.k.p.i.IntermediateProofReplayer Proof replay took 310.73ms 
57833      DEBUG main            d.u.i.k.p.r.p.TestFile    ... success: reloaded. 
5064885    INFO  Test worker     d.u.i.k.p.r.RunAllProofsTestUnit Returning from test switch 
5064886    INFO  Test worker     d.u.i.k.p.r.RunAllProofsTestUnit Running test redux 
319        INFO  Timeout watchdog d.u.i.k.p.r.p.ForkedTestFileRunner Timeout watcher launched (2000 secs.) 
338        WARN  main            d.u.i.k.s.ProofSettings   The settings in /home/runner/.key/proof-settings.props are *not* read. 
368        INFO  main            d.u.i.k.p.r.p.TestFile    Now processing file /home/runner/work/key/key/key.core/../key.ui/examples/redux/arrays/Arrays.copyOf.key 
496        INFO  main            d.u.i.k.p.i.AbstractProblemLoader Loading environment from /home/runner/work/key/key/key.core/../key.ui/examples/redux/arrays/Arrays.copyOf.key 
515        DEBUG main            d.u.i.k.p.i.AbstractProblemLoader Environment load took 1.76ms 
723        INFO  main            d.u.i.k.p.i.AbstractProblemLoader Creating init config 
1628       DEBUG main            d.u.i.k.j.TypeConverter   No LDT found for Meta 
1629       DEBUG main            d.u.i.k.j.TypeConverter   No LDT found for Meta 
1632       DEBUG main            d.u.i.k.j.TypeConverter   No LDT found for Meta 
1632       DEBUG main            d.u.i.k.j.TypeConverter   No LDT found for Meta 
3199       DEBUG main            d.u.i.k.j.TypeConverter   No LDT found for JavaBigintExpression 
8916       DEBUG main            d.u.i.k.p.i.AbstractProblemLoader Init config took 8.19s 
9042       INFO  main            d.u.i.k.p.i.AbstractProblemLoader Replaying proof Arrays[Arrays::copyOf([I,int)].JML normal_behavior operation contract.0 
9072       DEBUG main            d.u.i.k.p.i.IntermediateProofReplayer Proof replay took 31ns 
14248      INFO  main            d.u.i.k.p.r.p.TestFile    ... finished proof: closed. 
14393      INFO  main            d.u.i.k.p.i.AbstractProblemLoader Loading environment from /home/runner/work/key/key/key.core/../key.ui/examples/redux/arrays/Arrays.copyOf.key.proof 
14395      DEBUG main            d.u.i.k.p.i.AbstractProblemLoader Environment load took 1.95ms 
14398      INFO  main            d.u.i.k.p.i.AbstractProblemLoader Creating init config 
17596      DEBUG main            d.u.i.k.p.i.AbstractProblemLoader Init config took 3.2s 
17659      INFO  main            d.u.i.k.p.i.AbstractProblemLoader Replaying proof Arrays[Arrays::copyOf([I,int)].JML normal_behavior operation contract.0 
18316      DEBUG main            d.u.i.k.p.i.IntermediateProofReplayer Proof replay took 638.31ms 
18325      DEBUG main            d.u.i.k.p.r.p.TestFile    ... success: reloaded. 
18327      INFO  main            d.u.i.k.p.r.p.TestFile    Now processing file /home/runner/work/key/key/key.core/../key.ui/examples/redux/arrays/Arrays.copyOf.float.key 
18327      INFO  main            d.u.i.k.p.i.AbstractProblemLoader Loading environment from /home/runner/work/key/key/key.core/../key.ui/examples/redux/arrays/Arrays.copyOf.float.key 
18328      DEBUG main            d.u.i.k.p.i.AbstractProblemLoader Environment load took 93ns 
18331      INFO  main            d.u.i.k.p.i.AbstractProblemLoader Creating init config 
21370      DEBUG main            d.u.i.k.p.i.AbstractProblemLoader Init config took 3.04s 
21425      INFO  main            d.u.i.k.p.i.AbstractProblemLoader Replaying proof Arrays[Arrays::copyOf([F,int)].JML normal_behavior operation contract.0 
21427      DEBUG main            d.u.i.k.p.i.IntermediateProofReplayer Proof replay took 6.2ns 
21450      DEBUG main            d.u.i.k.m.s.ProofScriptEngine 1: 'macro autopilot' 
25961      DEBUG main            d.u.i.k.m.s.ProofScriptEngine 2: 'smt solver=Z3' 
26022      INFO  main            d.u.i.k.m.s.SMTCommand    Finished run on goal 17 in 39ms, result is valid 
26023      DEBUG main            d.u.i.k.m.s.ProofScriptEngine 3: 'tryclose' 
27738      INFO  main            d.u.i.k.p.r.p.TestFile    ... finished proof: closed. 
27892      INFO  main            d.u.i.k.p.i.AbstractProblemLoader Loading environment from /home/runner/work/key/key/key.core/../key.ui/examples/redux/arrays/Arrays.copyOf.float.key.proof 
27893      DEBUG main            d.u.i.k.p.i.AbstractProblemLoader Environment load took 321.5ns 
27897      INFO  main            d.u.i.k.p.i.AbstractProblemLoader Creating init config 
30807      DEBUG main            d.u.i.k.p.i.AbstractProblemLoader Init config took 2.91s 
30859      INFO  main            d.u.i.k.p.i.AbstractProblemLoader Replaying proof Arrays[Arrays::copyOf([F,int)].JML normal_behavior operation contract.0 
30939      INFO  main            d.u.i.k.s.SMTFocusResults Analyzing unsat core: (L_6) 
31611      DEBUG main            d.u.i.k.p.i.IntermediateProofReplayer Proof replay took 733.27ms 
31613      DEBUG main            d.u.i.k.p.r.p.TestFile    ... success: reloaded. 
31614      INFO  main            d.u.i.k.p.r.p.TestFile    Now processing file /home/runner/work/key/key/key.core/../key.ui/examples/redux/arrays/Arrays.copyOfRange.key 
31614      INFO  main            d.u.i.k.p.i.AbstractProblemLoader Loading environment from /home/runner/work/key/key/key.core/../key.ui/examples/redux/arrays/Arrays.copyOfRange.key 
31614      DEBUG main            d.u.i.k.p.i.AbstractProblemLoader Environment load took 176.4ns 
31615      INFO  main            d.u.i.k.p.i.AbstractProblemLoader Creating init config 
34574      DEBUG main            d.u.i.k.p.i.AbstractProblemLoader Init config took 2.96s 
34619      INFO  main            d.u.i.k.p.i.AbstractProblemLoader Replaying proof Arrays[Arrays::copyOfRange([I,int,int)].JML normal_behavior operation contract.0 
34621      DEBUG main            d.u.i.k.p.i.IntermediateProofReplayer Proof replay took 5.3ns 
39242      INFO  main            d.u.i.k.p.r.p.TestFile    ... finished proof: closed. 
39518      INFO  main            d.u.i.k.p.i.AbstractProblemLoader Loading environment from /home/runner/work/key/key/key.core/../key.ui/examples/redux/arrays/Arrays.copyOfRange.key.proof 
39518      DEBUG main            d.u.i.k.p.i.AbstractProblemLoader Environment load took 333.4ns 
39521      INFO  main            d.u.i.k.p.i.AbstractProblemLoader Creating init config 
42377      DEBUG main            d.u.i.k.p.i.AbstractProblemLoader Init config took 2.86s 
42420      INFO  main            d.u.i.k.p.i.AbstractProblemLoader Replaying proof Arrays[Arrays::copyOfRange([I,int,int)].JML normal_behavior operation contract.0 
42936      DEBUG main            d.u.i.k.p.i.IntermediateProofReplayer Proof replay took 496.29ms 
42937      DEBUG main            d.u.i.k.p.r.p.TestFile    ... success: reloaded. 
42938      INFO  main            d.u.i.k.p.r.p.TestFile    Now processing file /home/runner/work/key/key/key.core/../key.ui/examples/redux/arrays/Arrays.copyOfRange.float.key 
42938      INFO  main            d.u.i.k.p.i.AbstractProblemLoader Loading environment from /home/runner/work/key/key/key.core/../key.ui/examples/redux/arrays/Arrays.copyOfRange.float.key 
42938      DEBUG main            d.u.i.k.p.i.AbstractProblemLoader Environment load took 60.8ns 
42939      INFO  main            d.u.i.k.p.i.AbstractProblemLoader Creating init config 
45802      DEBUG main            d.u.i.k.p.i.AbstractProblemLoader Init config took 2.86s 
45845      INFO  main            d.u.i.k.p.i.AbstractProblemLoader Replaying proof Arrays[Arrays::copyOfRange([F,int,int)].JML normal_behavior operation contract.0 
45847      DEBUG main            d.u.i.k.p.i.IntermediateProofReplayer Proof replay took 4.7ns 
45847      DEBUG main            d.u.i.k.m.s.ProofScriptEngine 1: 'macro autopilot' 
51764      DEBUG main            d.u.i.k.m.s.ProofScriptEngine 2: 'smt solver=Z3' 
51804      INFO  main            d.u.i.k.m.s.SMTCommand    Finished run on goal 27 in 33ms, result is valid 
51804      DEBUG main            d.u.i.k.m.s.ProofScriptEngine 3: 'tryclose' 
55341      INFO  main            d.u.i.k.p.r.p.TestFile    ... finished proof: closed. 
55530      INFO  main            d.u.i.k.p.i.AbstractProblemLoader Loading environment from /home/runner/work/key/key/key.core/../key.ui/examples/redux/arrays/Arrays.copyOfRange.float.key.proof 
55531      DEBUG main            d.u.i.k.p.i.AbstractProblemLoader Environment load took 317.2ns 
55532      INFO  main            d.u.i.k.p.i.AbstractProblemLoader Creating init config 
58337      DEBUG main            d.u.i.k.p.i.AbstractProblemLoader Init config took 2.8s 
58389      INFO  main            d.u.i.k.p.i.AbstractProblemLoader Replaying proof Arrays[Arrays::copyOfRange([F,int,int)].JML normal_behavior operation contract.0 
58476      INFO  main            d.u.i.k.s.SMTFocusResults Analyzing unsat core: (L_8) 
59403      DEBUG main            d.u.i.k.p.i.IntermediateProofReplayer Proof replay took 985.85ms 
59404      DEBUG main            d.u.i.k.p.r.p.TestFile    ... success: reloaded. 
59405      INFO  main            d.u.i.k.p.r.p.TestFile    Now processing file /home/runner/work/key/key/key.core/../key.ui/examples/redux/arrays/Arrays.equals.key 
59406      INFO  main            d.u.i.k.p.i.AbstractProblemLoader Loading environment from /home/runner/work/key/key/key.core/../key.ui/examples/redux/arrays/Arrays.equals.key 
59406      DEBUG main            d.u.i.k.p.i.AbstractProblemLoader Environment load took 158.8ns 
59407      INFO  main            d.u.i.k.p.i.AbstractProblemLoader Creating init config 
62328      DEBUG main            d.u.i.k.p.i.AbstractProblemLoader Init config took 2.92s 
62368      INFO  main            d.u.i.k.p.i.AbstractProblemLoader Replaying proof Arrays[Arrays::equals([B,[B)].JML normal_behavior operation contract.0 
62370      DEBUG main            d.u.i.k.p.i.IntermediateProofReplayer Proof replay took 4.8ns 
62873      INFO  main            d.u.i.k.p.r.p.TestFile    ... finished proof: closed. 
63106      INFO  main            d.u.i.k.p.i.AbstractProblemLoader Loading environment from /home/runner/work/key/key/key.core/../key.ui/examples/redux/arrays/Arrays.equals.key.proof 
63107      DEBUG main            d.u.i.k.p.i.AbstractProblemLoader Environment load took 348.5ns 
63108      INFO  main            d.u.i.k.p.i.AbstractProblemLoader Creating init config 
65931      DEBUG main            d.u.i.k.p.i.AbstractProblemLoader Init config took 2.82s 
65971      INFO  main            d.u.i.k.p.i.AbstractProblemLoader Replaying proof Arrays[Arrays::equals([B,[B)].JML normal_behavior operation contract.0 
66130      DEBUG main            d.u.i.k.p.i.IntermediateProofReplayer Proof replay took 155.88ms 
66131      DEBUG main            d.u.i.k.p.r.p.TestFile    ... success: reloaded. 
66132      INFO  main            d.u.i.k.p.r.p.TestFile    Now processing file /home/runner/work/key/key/key.core/../key.ui/examples/redux/arrays/Arrays.fill.key 
66132      INFO  main            d.u.i.k.p.i.AbstractProblemLoader Loading environment from /home/runner/work/key/key/key.core/../key.ui/examples/redux/arrays/Arrays.fill.key 
66132      DEBUG main            d.u.i.k.p.i.AbstractProblemLoader Environment load took 84.6ns 
66133      INFO  main            d.u.i.k.p.i.AbstractProblemLoader Creating init config 
68955      DEBUG main            d.u.i.k.p.i.AbstractProblemLoader Init config took 2.82s 
68995      INFO  main            d.u.i.k.p.i.AbstractProblemLoader Replaying proof Arrays[Arrays::fill([I,int)].JML normal_behavior operation contract.0 
68996      DEBUG main            d.u.i.k.p.i.IntermediateProofReplayer Proof replay took 6ns 
69206      INFO  main            d.u.i.k.p.r.p.TestFile    ... finished proof: closed. 
69395      INFO  main            d.u.i.k.p.i.AbstractProblemLoader Loading environment from /home/runner/work/key/key/key.core/../key.ui/examples/redux/arrays/Arrays.fill.key.proof 
69396      DEBUG main            d.u.i.k.p.i.AbstractProblemLoader Environment load took 107.4ns 
69397      INFO  main            d.u.i.k.p.i.AbstractProblemLoader Creating init config 
72170      DEBUG main            d.u.i.k.p.i.AbstractProblemLoader Init config took 2.77s 
72219      INFO  main            d.u.i.k.p.i.AbstractProblemLoader Replaying proof Arrays[Arrays::fill([I,int)].JML normal_behavior operation contract.0 
72251      DEBUG main            d.u.i.k.p.i.IntermediateProofReplayer Proof replay took 29.74ms 
72252      DEBUG main            d.u.i.k.p.r.p.TestFile    ... success: reloaded. 
72253      INFO  main            d.u.i.k.p.r.p.TestFile    Now processing file /home/runner/work/key/key/key.core/../key.ui/examples/redux/arrays/Arrays.fill.float.key 
72253      INFO  main            d.u.i.k.p.i.AbstractProblemLoader Loading environment from /home/runner/work/key/key/key.core/../key.ui/examples/redux/arrays/Arrays.fill.float.key 
72253      DEBUG main            d.u.i.k.p.i.AbstractProblemLoader Environment load took 85.3ns 
72254      INFO  main            d.u.i.k.p.i.AbstractProblemLoader Creating init config 
75059      DEBUG main            d.u.i.k.p.i.AbstractProblemLoader Init config took 2.81s 
75096      INFO  main            d.u.i.k.p.i.AbstractProblemLoader Replaying proof Arrays[Arrays::fill([F,float)].JML normal_behavior operation contract.0 
75097      DEBUG main            d.u.i.k.p.i.IntermediateProofReplayer Proof replay took 5ns 
75302      INFO  main            d.u.i.k.p.r.p.TestFile    ... finished proof: closed. 
75472      INFO  main            d.u.i.k.p.i.AbstractProblemLoader Loading environment from /home/runner/work/key/key/key.core/../key.ui/examples/redux/arrays/Arrays.fill.float.key.proof 
75472      DEBUG main            d.u.i.k.p.i.AbstractProblemLoader Environment load took 106.9ns 
75473      INFO  main            d.u.i.k.p.i.AbstractProblemLoader Creating init config 
78234      DEBUG main            d.u.i.k.p.i.AbstractProblemLoader Init config took 2.76s 
78270      INFO  main            d.u.i.k.p.i.AbstractProblemLoader Replaying proof Arrays[Arrays::fill([F,float)].JML normal_behavior operation contract.0 
78311      DEBUG main            d.u.i.k.p.i.IntermediateProofReplayer Proof replay took 39.09ms 
78312      DEBUG main            d.u.i.k.p.r.p.TestFile    ... success: reloaded. 
78312      INFO  main            d.u.i.k.p.r.p.TestFile    Now processing file /home/runner/work/key/key/key.core/../key.ui/examples/redux/arrays/Arrays.fillFromTo.key 
78312      INFO  main            d.u.i.k.p.i.AbstractProblemLoader Loading environment from /home/runner/work/key/key/key.core/../key.ui/examples/redux/arrays/Arrays.fillFromTo.key 
78313      DEBUG main            d.u.i.k.p.i.AbstractProblemLoader Environment load took 83.4ns 
78313      INFO  main            d.u.i.k.p.i.AbstractProblemLoader Creating init config 
81172      DEBUG main            d.u.i.k.p.i.AbstractProblemLoader Init config took 2.86s 
81208      INFO  main            d.u.i.k.p.i.AbstractProblemLoader Replaying proof Arrays[Arrays::fill([I,int,int,int)].JML normal_behavior operation contract.0 
81210      DEBUG main            d.u.i.k.p.i.IntermediateProofReplayer Proof replay took 4.8ns 
81815      INFO  main            d.u.i.k.p.r.p.TestFile    ... finished proof: closed. 
81993      INFO  main            d.u.i.k.p.i.AbstractProblemLoader Loading environment from /home/runner/work/key/key/key.core/../key.ui/examples/redux/arrays/Arrays.fillFromTo.key.proof 
81993      DEBUG main            d.u.i.k.p.i.AbstractProblemLoader Environment load took 396.7ns 
81994      INFO  main            d.u.i.k.p.i.AbstractProblemLoader Creating init config 
84792      DEBUG main            d.u.i.k.p.i.AbstractProblemLoader Init config took 2.8s 
84828      INFO  main            d.u.i.k.p.i.AbstractProblemLoader Replaying proof Arrays[Arrays::fill([I,int,int,int)].JML normal_behavior operation contract.0 
84939      DEBUG main            d.u.i.k.p.i.IntermediateProofReplayer Proof replay took 106.83ms 
84940      DEBUG main            d.u.i.k.p.r.p.TestFile    ... success: reloaded. 
84941      INFO  main            d.u.i.k.p.r.p.TestFile    Now processing file /home/runner/work/key/key/key.core/../key.ui/examples/redux/arrays/Arrays.fillFromTo.float.key 
84941      INFO  main            d.u.i.k.p.i.AbstractProblemLoader Loading environment from /home/runner/work/key/key/key.core/../key.ui/examples/redux/arrays/Arrays.fillFromTo.float.key 
84941      DEBUG main            d.u.i.k.p.i.AbstractProblemLoader Environment load took 161.6ns 
84942      INFO  main            d.u.i.k.p.i.AbstractProblemLoader Creating init config 
87810      DEBUG main            d.u.i.k.p.i.AbstractProblemLoader Init config took 2.87s 
87846      INFO  main            d.u.i.k.p.i.AbstractProblemLoader Replaying proof Arrays[Arrays::fill([F,int,int,float)].JML normal_behavior operation contract.0 
87847      DEBUG main            d.u.i.k.p.i.IntermediateProofReplayer Proof replay took 5.1ns 
88551      INFO  main            d.u.i.k.p.r.p.TestFile    ... finished proof: closed. 
88759      INFO  main            d.u.i.k.p.i.AbstractProblemLoader Loading environment from /home/runner/work/key/key/key.core/../key.ui/examples/redux/arrays/Arrays.fillFromTo.float.key.proof 
88760      DEBUG main            d.u.i.k.p.i.AbstractProblemLoader Environment load took 993.2ns 
88762      INFO  main            d.u.i.k.p.i.AbstractProblemLoader Creating init config 
91526      DEBUG main            d.u.i.k.p.i.AbstractProblemLoader Init config took 2.76s 
91562      INFO  main            d.u.i.k.p.i.AbstractProblemLoader Replaying proof Arrays[Arrays::fill([F,int,int,float)].JML normal_behavior operation contract.0 
91700      DEBUG main            d.u.i.k.p.i.IntermediateProofReplayer Proof replay took 133.44ms 
91701      DEBUG main            d.u.i.k.p.r.p.TestFile    ... success: reloaded. 
91702      INFO  main            d.u.i.k.p.r.p.TestFile    Now processing file /home/runner/work/key/key/key.core/../key.ui/examples/redux/arrays/ArrayCopy.arraycopy.normal.0.key 
91702      INFO  main            d.u.i.k.p.i.AbstractProblemLoader Loading environment from /home/runner/work/key/key/key.core/../key.ui/examples/redux/arrays/ArrayCopy.arraycopy.normal.0.key 
91702      DEBUG main            d.u.i.k.p.i.AbstractProblemLoader Environment load took 82.3ns 
91703      INFO  main            d.u.i.k.p.i.AbstractProblemLoader Creating init config 
94564      DEBUG main            d.u.i.k.p.i.AbstractProblemLoader Init config took 2.86s 
94599      INFO  main            d.u.i.k.p.i.AbstractProblemLoader Replaying proof ArrayCopy[ArrayCopy::arraycopy(java.lang.Object,int,java.lang.Object,int,int)].JML normal_behavior operation contract.0 
94600      DEBUG main            d.u.i.k.p.i.IntermediateProofReplayer Proof replay took 5.8ns 
100981     INFO  main            d.u.i.k.p.r.p.TestFile    ... finished proof: closed. 
101180     INFO  main            d.u.i.k.p.i.AbstractProblemLoader Loading environment from /home/runner/work/key/key/key.core/../key.ui/examples/redux/arrays/ArrayCopy.arraycopy.normal.0.key.proof 
101181     DEBUG main            d.u.i.k.p.i.AbstractProblemLoader Environment load took 323.8ns 
101182     INFO  main            d.u.i.k.p.i.AbstractProblemLoader Creating init config 
103934     DEBUG main            d.u.i.k.p.i.AbstractProblemLoader Init config took 2.75s 
103968     INFO  main            d.u.i.k.p.i.AbstractProblemLoader Replaying proof ArrayCopy[ArrayCopy::arraycopy(java.lang.Object,int,java.lang.Object,int,int)].JML normal_behavior operation contract.0 
104889     DEBUG main            d.u.i.k.p.i.IntermediateProofReplayer Proof replay took 906.09ms 
104891     DEBUG main            d.u.i.k.p.r.p.TestFile    ... success: reloaded. 
104892     INFO  main            d.u.i.k.p.r.p.TestFile    Now processing file /home/runner/work/key/key/key.core/../key.ui/examples/redux/arrays/ArrayCopy.arraycopy.exceptional.0.key 
104892     INFO  main            d.u.i.k.p.i.AbstractProblemLoader Loading environment from /home/runner/work/key/key/key.core/../key.ui/examples/redux/arrays/ArrayCopy.arraycopy.exceptional.0.key 
104892     DEBUG main            d.u.i.k.p.i.AbstractProblemLoader Environment load took 77.8ns 
104893     INFO  main            d.u.i.k.p.i.AbstractProblemLoader Creating init config 
107725     DEBUG main            d.u.i.k.p.i.AbstractProblemLoader Init config took 2.83s 
107759     INFO  main            d.u.i.k.p.i.AbstractProblemLoader Replaying proof ArrayCopy[ArrayCopy::arraycopy(java.lang.Object,int,java.lang.Object,int,int)].JML exceptional_behavior operation contract.0 
107761     DEBUG main            d.u.i.k.p.i.IntermediateProofReplayer Proof replay took 8.1ns 
108163     INFO  main            d.u.i.k.p.r.p.TestFile    ... finished proof: closed. 
108354     INFO  main            d.u.i.k.p.i.AbstractProblemLoader Loading environment from /home/runner/work/key/key/key.core/../key.ui/examples/redux/arrays/ArrayCopy.arraycopy.exceptional.0.key.proof 
108354     DEBUG main            d.u.i.k.p.i.AbstractProblemLoader Environment load took 113.1ns 
108355     INFO  main            d.u.i.k.p.i.AbstractProblemLoader Creating init config 
111090     DEBUG main            d.u.i.k.p.i.AbstractProblemLoader Init config took 2.73s 
111130     INFO  main            d.u.i.k.p.i.AbstractProblemLoader Replaying proof ArrayCopy[ArrayCopy::arraycopy(java.lang.Object,int,java.lang.Object,int,int)].JML exceptional_behavior operation contract.0 
111249     DEBUG main            d.u.i.k.p.i.IntermediateProofReplayer Proof replay took 114.44ms 
111250     DEBUG main            d.u.i.k.p.r.p.TestFile    ... success: reloaded. 
111251     INFO  main            d.u.i.k.p.r.p.TestFile    Now processing file /home/runner/work/key/key/key.core/../key.ui/examples/redux/arrays/ArrayCopy.arraycopy.exceptional.1.key 
111252     INFO  main            d.u.i.k.p.i.AbstractProblemLoader Loading environment from /home/runner/work/key/key/key.core/../key.ui/examples/redux/arrays/ArrayCopy.arraycopy.exceptional.1.key 
111252     DEBUG main            d.u.i.k.p.i.AbstractProblemLoader Environment load took 200.4ns 
111254     INFO  main            d.u.i.k.p.i.AbstractProblemLoader Creating init config 
114087     DEBUG main            d.u.i.k.p.i.AbstractProblemLoader Init config took 2.83s 
114121     INFO  main            d.u.i.k.p.i.AbstractProblemLoader Replaying proof ArrayCopy[ArrayCopy::arraycopy(java.lang.Object,int,java.lang.Object,int,int)].JML exceptional_behavior operation contract.1 
114122     DEBUG main            d.u.i.k.p.i.IntermediateProofReplayer Proof replay took 5.6ns 
120347     INFO  main            d.u.i.k.p.r.p.TestFile    ... finished proof: closed. 
120569     INFO  main            d.u.i.k.p.i.AbstractProblemLoader Loading environment from /home/runner/work/key/key/key.core/../key.ui/examples/redux/arrays/ArrayCopy.arraycopy.exceptional.1.key.proof 
120574     DEBUG main            d.u.i.k.p.i.AbstractProblemLoader Environment load took 5.79ms 
120577     INFO  main            d.u.i.k.p.i.AbstractProblemLoader Creating init config 
123327     DEBUG main            d.u.i.k.p.i.AbstractProblemLoader Init config took 2.75s 
123362     INFO  main            d.u.i.k.p.i.AbstractProblemLoader Replaying proof ArrayCopy[ArrayCopy::arraycopy(java.lang.Object,int,java.lang.Object,int,int)].JML exceptional_behavior operation contract.1 
124938     DEBUG main            d.u.i.k.p.i.IntermediateProofReplayer Proof replay took 1.56s 
124942     DEBUG main            d.u.i.k.p.r.p.TestFile    ... success: reloaded. 
5189986    INFO  Test worker     d.u.i.k.p.r.RunAllProofsTestUnit Returning from test redux 
]]></system-out>
  <system-err><![CDATA[]]></system-err>
</testsuite>
