<?xml version="1.0" encoding="UTF-8"?>
<testsuite name="de.uka.ilkd.key.logic.TestPosInOcc" tests="2" skipped="0" failures="0" errors="0" timestamp="2023-02-02T15:01:57" hostname="fv-az456-167" time="0.011">
  <properties/>
  <testcase name="testReplaceConstrainedFormula()" classname="de.uka.ilkd.key.logic.TestPosInOcc" time="0.0"/>
  <testcase name="testIterator()" classname="de.uka.ilkd.key.logic.TestPosInOcc" time="0.01"/>
  <system-out><![CDATA[]]></system-out>
  <system-err><![CDATA[]]></system-err>
</testsuite>
