<?xml version="1.0" encoding="UTF-8"?>
<testsuite name="de.uka.ilkd.key.proof.io.consistency.TestProofBundleIO" tests="3" skipped="0" failures="0" errors="0" timestamp="2023-05-27T17:12:33" hostname="fv-az464-622" time="6.477">
  <properties/>
  <testcase name="testSimpleFileRepo()" classname="de.uka.ilkd.key.proof.io.consistency.TestProofBundleIO" time="0.038"/>
  <testcase name="testComplexBundleGeneration()" classname="de.uka.ilkd.key.proof.io.consistency.TestProofBundleIO" time="1.24"/>
  <testcase name="testSimpleBundleGeneration()" classname="de.uka.ilkd.key.proof.io.consistency.TestProofBundleIO" time="5.199"/>
  <system-out><![CDATA[376357     INFO  Test worker     d.u.i.k.p.i.AbstractProblemLoader Loading environment from D:\a\key\key\key.core\src\test\resources\testcase\proofBundle\complexBundleGeneration\test.key 
376357     DEBUG Test worker     d.u.i.k.p.i.AbstractProblemLoader Environment load took 113.1ns 
376357     INFO  Test worker     d.u.i.k.p.i.AbstractProblemLoader Creating init config 
376751     DEBUG Test worker     d.u.i.k.p.i.AbstractProblemLoader Init config took 384.25ms 
376767     INFO  Test worker     d.u.i.k.p.i.AbstractProblemLoader Replaying proof Test[Test::constant()].JML normal_behavior operation contract.0 
376783     DEBUG Test worker     d.u.i.k.p.i.IntermediateProofReplayer Proof replay took 6.3ns 
377080     INFO  Test worker     d.u.i.k.p.i.AbstractProblemLoader Loading environment from D:\a\key\key\key.core\src\test\resources\testcase\proofBundle\complexBundleGeneration\test.zproof 
377119     DEBUG Test worker     d.u.i.k.p.i.AbstractProblemLoader Environment load took 40.89ms 
377119     INFO  Test worker     d.u.i.k.p.i.AbstractProblemLoader Creating init config 
377552     DEBUG Test worker     d.u.i.k.p.i.AbstractProblemLoader Init config took 423.59ms 
377568     INFO  Test worker     d.u.i.k.p.i.AbstractProblemLoader Replaying proof Test[Test::constant()].JML normal_behavior operation contract.0 
377599     DEBUG Test worker     d.u.i.k.p.i.IntermediateProofReplayer Proof replay took 19.2ms 
377599     INFO  Test worker     d.u.i.k.p.i.AbstractProblemLoader Loading environment from D:\a\key\key\key.core\src\test\resources\testcase\proofBundle\simpleBundleGeneration\test.key 
377599     DEBUG Test worker     d.u.i.k.p.i.AbstractProblemLoader Environment load took 88.6ns 
377599     INFO  Test worker     d.u.i.k.p.i.AbstractProblemLoader Creating init config 
380087     DEBUG Test worker     d.u.i.k.p.i.AbstractProblemLoader Init config took 2.49s 
380134     INFO  Test worker     d.u.i.k.p.i.AbstractProblemLoader Replaying proof Test[Test::constant()].JML normal_behavior operation contract.0 
380134     DEBUG Test worker     d.u.i.k.p.i.IntermediateProofReplayer Proof replay took 6.5ns 
380244     INFO  Test worker     d.u.i.k.p.i.AbstractProblemLoader Loading environment from D:\a\key\key\key.core\src\test\resources\testcase\proofBundle\simpleBundleGeneration\test.zproof 
380244     DEBUG Test worker     d.u.i.k.p.i.AbstractProblemLoader Environment load took 2.77ms 
380260     INFO  Test worker     d.u.i.k.p.i.AbstractProblemLoader Creating init config 
382739     DEBUG Test worker     d.u.i.k.p.i.AbstractProblemLoader Init config took 2.48s 
382786     INFO  Test worker     d.u.i.k.p.i.AbstractProblemLoader Replaying proof Test[Test::constant()].JML normal_behavior operation contract.0 
382786     DEBUG Test worker     d.u.i.k.p.i.IntermediateProofReplayer Proof replay took 6.23ms 
]]></system-out>
  <system-err><![CDATA[]]></system-err>
</testsuite>
