<?xml version="1.0" encoding="UTF-8"?>
<testsuite name="de.uka.ilkd.key.macros.scripts.TestProofScriptCommand" tests="7" skipped="0" failures="0" errors="0" timestamp="2023-05-27T17:08:47" hostname="fv-az464-622" time="17.805">
  <properties/>
  <testcase name="[1] andRight.props, D:\a\key\key\key.core\build\resources\test\de\uka\ilkd\key\macros\scripts\cases\andRight.props" classname="de.uka.ilkd.key.macros.scripts.TestProofScriptCommand" time="2.506"/>
  <testcase name="[2] hide.exc.props, D:\a\key\key\key.core\build\resources\test\de\uka\ilkd\key\macros\scripts\cases\hide.exc.props" classname="de.uka.ilkd.key.macros.scripts.TestProofScriptCommand" time="2.551"/>
  <testcase name="[3] hide.props, D:\a\key\key\key.core\build\resources\test\de\uka\ilkd\key\macros\scripts\cases\hide.props" classname="de.uka.ilkd.key.macros.scripts.TestProofScriptCommand" time="2.603"/>
  <testcase name="[4] rule.exc.props, D:\a\key\key\key.core\build\resources\test\de\uka\ilkd\key\macros\scripts\cases\rule.exc.props" classname="de.uka.ilkd.key.macros.scripts.TestProofScriptCommand" time="2.474"/>
  <testcase name="[5] selectFormula.props, D:\a\key\key\key.core\build\resources\test\de\uka\ilkd\key\macros\scripts\cases\selectFormula.props" classname="de.uka.ilkd.key.macros.scripts.TestProofScriptCommand" time="2.606"/>
  <testcase name="[6] unhide.props, D:\a\key\key\key.core\build\resources\test\de\uka\ilkd\key\macros\scripts\cases\unhide.props" classname="de.uka.ilkd.key.macros.scripts.TestProofScriptCommand" time="2.529"/>
  <testcase name="[7] unhide2.props, D:\a\key\key\key.core\build\resources\test\de\uka\ilkd\key\macros\scripts\cases\unhide2.props" classname="de.uka.ilkd.key.macros.scripts.TestProofScriptCommand" time="2.533"/>
  <system-out><![CDATA[150316     INFO  Test worker     d.u.i.k.p.i.AbstractProblemLoader Loading environment from C:\Users\RUNNER~1\AppData\Local\Temp\proofscript_key_andRight.props6123247483442769962.key 
150316     DEBUG Test worker     d.u.i.k.p.i.AbstractProblemLoader Environment load took 497.6ns 
150316     INFO  Test worker     d.u.i.k.p.i.AbstractProblemLoader Creating init config 
152783     DEBUG Test worker     d.u.i.k.p.i.AbstractProblemLoader Init config took 2.45s 
152799     INFO  Test worker     d.u.i.k.p.i.AbstractProblemLoader Replaying proof proofscript_key_andRight.props6123247483442769962.key 
152799     DEBUG Test worker     d.u.i.k.p.i.IntermediateProofReplayer Proof replay took 7.1ns 
152799     DEBUG Test worker     d.u.i.k.m.s.ProofScriptEngine 1: 'rule andRight' 
152831     INFO  Test worker     d.u.i.k.p.i.AbstractProblemLoader Loading environment from C:\Users\RUNNER~1\AppData\Local\Temp\proofscript_key_hide.exc.props7620993023017407575.key 
152831     DEBUG Test worker     d.u.i.k.p.i.AbstractProblemLoader Environment load took 129.7ns 
152831     INFO  Test worker     d.u.i.k.p.i.AbstractProblemLoader Creating init config 
155344     DEBUG Test worker     d.u.i.k.p.i.AbstractProblemLoader Init config took 2.52s 
155360     INFO  Test worker     d.u.i.k.p.i.AbstractProblemLoader Replaying proof proofscript_key_hide.exc.props7620993023017407575.key 
155375     DEBUG Test worker     d.u.i.k.p.i.IntermediateProofReplayer Proof replay took 7.9ns 
155375     DEBUG Test worker     d.u.i.k.m.s.ProofScriptEngine 1: 'macro split-prop' 
155375     DEBUG Test worker     d.u.i.k.m.s.ProofScriptEngine 2: 'hide "b ==>"' 
155375     DEBUG Test worker     d.u.i.k.m.s.ProofScriptEngine GOALS: 1 
155375     DEBUG Test worker     d.u.i.k.m.s.ProofScriptEngine [a]==>[b] 
155375     INFO  Test worker     d.u.i.k.p.i.AbstractProblemLoader Loading environment from C:\Users\RUNNER~1\AppData\Local\Temp\proofscript_key_hide.props7207441232496123658.key 
155375     DEBUG Test worker     d.u.i.k.p.i.AbstractProblemLoader Environment load took 127.4ns 
155391     INFO  Test worker     d.u.i.k.p.i.AbstractProblemLoader Creating init config 
157917     DEBUG Test worker     d.u.i.k.p.i.AbstractProblemLoader Init config took 2.52s 
157963     INFO  Test worker     d.u.i.k.p.i.AbstractProblemLoader Replaying proof proofscript_key_hide.props7207441232496123658.key 
157963     DEBUG Test worker     d.u.i.k.p.i.IntermediateProofReplayer Proof replay took 8.4ns 
157963     DEBUG Test worker     d.u.i.k.m.s.ProofScriptEngine 1: 'macro split-prop' 
157979     DEBUG Test worker     d.u.i.k.m.s.ProofScriptEngine 2: 'hide "a ==> d, e"' 
157979     INFO  Test worker     d.u.i.k.p.i.AbstractProblemLoader Loading environment from C:\Users\RUNNER~1\AppData\Local\Temp\proofscript_key_rule.exc.props7259886671938539514.key 
157979     DEBUG Test worker     d.u.i.k.p.i.AbstractProblemLoader Environment load took 122.8ns 
157995     INFO  Test worker     d.u.i.k.p.i.AbstractProblemLoader Creating init config 
160437     DEBUG Test worker     d.u.i.k.p.i.AbstractProblemLoader Init config took 2.44s 
160453     INFO  Test worker     d.u.i.k.p.i.AbstractProblemLoader Replaying proof proofscript_key_rule.exc.props7259886671938539514.key 
160453     DEBUG Test worker     d.u.i.k.p.i.IntermediateProofReplayer Proof replay took 7ns 
160453     DEBUG Test worker     d.u.i.k.m.s.ProofScriptEngine 1: 'rule andLeft' 
160453     DEBUG Test worker     d.u.i.k.m.s.ProofScriptEngine GOALS: 1 
160453     DEBUG Test worker     d.u.i.k.m.s.ProofScriptEngine []==>[and(a,b)] 
160453     INFO  Test worker     d.u.i.k.p.i.AbstractProblemLoader Loading environment from C:\Users\RUNNER~1\AppData\Local\Temp\proofscript_key_selectFormula.props767430549547825824.key 
160453     DEBUG Test worker     d.u.i.k.p.i.AbstractProblemLoader Environment load took 890.1ns 
160453     INFO  Test worker     d.u.i.k.p.i.AbstractProblemLoader Creating init config 
163023     DEBUG Test worker     d.u.i.k.p.i.AbstractProblemLoader Init config took 2.57s 
163039     INFO  Test worker     d.u.i.k.p.i.AbstractProblemLoader Replaying proof proofscript_key_selectFormula.props767430549547825824.key 
163039     DEBUG Test worker     d.u.i.k.p.i.IntermediateProofReplayer Proof replay took 7ns 
163039     DEBUG Test worker     d.u.i.k.m.s.ProofScriptEngine 1: 'macro split-prop' 
163054     DEBUG Test worker     d.u.i.k.m.s.ProofScriptEngine 2: 'select formula="b"' 
163070     INFO  Test worker     d.u.i.k.p.i.AbstractProblemLoader Loading environment from C:\Users\RUNNER~1\AppData\Local\Temp\proofscript_key_unhide.props14814407394190436747.key 
163070     DEBUG Test worker     d.u.i.k.p.i.AbstractProblemLoader Environment load took 400.5ns 
163070     INFO  Test worker     d.u.i.k.p.i.AbstractProblemLoader Creating init config 
165559     DEBUG Test worker     d.u.i.k.p.i.AbstractProblemLoader Init config took 2.49s 
165574     INFO  Test worker     d.u.i.k.p.i.AbstractProblemLoader Replaying proof proofscript_key_unhide.props14814407394190436747.key 
165574     DEBUG Test worker     d.u.i.k.p.i.IntermediateProofReplayer Proof replay took 7.2ns 
165574     DEBUG Test worker     d.u.i.k.m.s.ProofScriptEngine 1: 'rule impRight' 
165590     DEBUG Test worker     d.u.i.k.m.s.ProofScriptEngine 2: 'hide '2=3 ==> 3=4'' 
165590     DEBUG Test worker     d.u.i.k.m.s.ProofScriptEngine 3: 'unhide '2=3 ==>'' 
165590     DEBUG Test worker     d.u.i.k.m.s.ProofScriptEngine 4: 'unhide '==> 3=4'' 
165590     INFO  Test worker     d.u.i.k.p.i.AbstractProblemLoader Loading environment from C:\Users\RUNNER~1\AppData\Local\Temp\proofscript_key_unhide2.props15049445538680618949.key 
165590     DEBUG Test worker     d.u.i.k.p.i.AbstractProblemLoader Environment load took 383.8ns 
165590     INFO  Test worker     d.u.i.k.p.i.AbstractProblemLoader Creating init config 
168096     DEBUG Test worker     d.u.i.k.p.i.AbstractProblemLoader Init config took 2.5s 
168112     INFO  Test worker     d.u.i.k.p.i.AbstractProblemLoader Replaying proof proofscript_key_unhide2.props15049445538680618949.key 
168112     DEBUG Test worker     d.u.i.k.p.i.IntermediateProofReplayer Proof replay took 7.5ns 
168112     DEBUG Test worker     d.u.i.k.m.s.ProofScriptEngine 1: 'rule impRight' 
168112     DEBUG Test worker     d.u.i.k.m.s.ProofScriptEngine 2: 'hide '2=3 ==> 3=4'' 
168112     DEBUG Test worker     d.u.i.k.m.s.ProofScriptEngine 3: 'unhide '2=3 ==> 3=4'' 
]]></system-out>
  <system-err><![CDATA[]]></system-err>
</testsuite>
