<?xml version="1.0" encoding="UTF-8"?>
<testsuite name="de.uka.ilkd.key.util.TestProofStarter" tests="2" skipped="0" failures="0" errors="0" timestamp="2023-05-27T17:17:52" hostname="fv-az464-622" time="44.96">
  <properties/>
  <testcase name="testDirectProofWithOneStepSimplification()" classname="de.uka.ilkd.key.util.TestProofStarter" time="23.348"/>
  <testcase name="testDirectProof()" classname="de.uka.ilkd.key.util.TestProofStarter" time="21.612"/>
  <system-out><![CDATA[694766     INFO  Test worker     d.u.i.k.p.i.AbstractProblemLoader Loading environment from src\test\resources\testcase\proofStarter\CC\project.key 
694766     DEBUG Test worker     d.u.i.k.p.i.AbstractProblemLoader Environment load took 120.2ns 
694769     INFO  Test worker     d.u.i.k.p.i.AbstractProblemLoader Creating init config 
697475     DEBUG Test worker     d.u.i.k.p.i.AbstractProblemLoader Init config took 2.71s 
697522     INFO  Test worker     d.u.i.k.p.i.AbstractProblemLoader Replaying proof CC[CC::calcCoinIndex([I,[I)].JML normal_behavior operation contract.0 
697522     DEBUG Test worker     d.u.i.k.p.i.IntermediateProofReplayer Proof replay took 1.9ns 
718076     INFO  Test worker     d.u.i.k.p.i.AbstractProblemLoader Loading environment from src\test\resources\testcase\proofStarter\CC\project.key 
718076     DEBUG Test worker     d.u.i.k.p.i.AbstractProblemLoader Environment load took 371.5ns 
718076     INFO  Test worker     d.u.i.k.p.i.AbstractProblemLoader Creating init config 
720732     DEBUG Test worker     d.u.i.k.p.i.AbstractProblemLoader Init config took 2.67s 
720779     INFO  Test worker     d.u.i.k.p.i.AbstractProblemLoader Replaying proof CC[CC::calcCoinIndex([I,[I)].JML normal_behavior operation contract.0 
720779     DEBUG Test worker     d.u.i.k.p.i.IntermediateProofReplayer Proof replay took 1.2ns 
]]></system-out>
  <system-err><![CDATA[]]></system-err>
</testsuite>
