<?xml version="1.0" encoding="UTF-8"?>
<testsuite name="de.uka.ilkd.key.rule.loop.LoopScopeInvRuleTests" tests="1" skipped="0" failures="0" errors="0" timestamp="2023-05-27T17:12:45" hostname="fv-az464-622" time="4.004">
  <properties/>
  <testcase name="testDoAutomaticProofOfBenchmarkWithLabeledBreaksAndContinues()" classname="de.uka.ilkd.key.rule.loop.LoopScopeInvRuleTests" time="4.004"/>
  <system-out><![CDATA[388279     INFO  Test worker     d.u.i.k.p.i.AbstractProblemLoader Loading environment from src\test\resources\testcase\loopScopeInvRule\Test.key 
388279     DEBUG Test worker     d.u.i.k.p.i.AbstractProblemLoader Environment load took 107.2ns 
388279     INFO  Test worker     d.u.i.k.p.i.AbstractProblemLoader Creating init config 
388435     DEBUG Test worker     d.u.i.k.j.TypeConverter   No LDT found for Meta 
388435     DEBUG Test worker     d.u.i.k.j.TypeConverter   No LDT found for Meta 
388435     DEBUG Test worker     d.u.i.k.j.TypeConverter   No LDT found for Meta 
388435     DEBUG Test worker     d.u.i.k.j.TypeConverter   No LDT found for Meta 
388811     DEBUG Test worker     d.u.i.k.j.TypeConverter   No LDT found for JavaBigintExpression 
391741     DEBUG Test worker     d.u.i.k.p.i.AbstractProblemLoader Init config took 3.46s 
391773     INFO  Test worker     d.u.i.k.p.i.AbstractProblemLoader Replaying proof Test[Test::loopScopeRuleBenchmark(int,boolean)].JML normal_behavior operation contract.0 
391773     DEBUG Test worker     d.u.i.k.p.i.IntermediateProofReplayer Proof replay took 14.2ns 
]]></system-out>
  <system-err><![CDATA[]]></system-err>
</testsuite>
