<?xml version="1.0" encoding="UTF-8"?>
<testsuite name="de.uka.ilkd.key.logic.TestClashFreeSubst" tests="14" skipped="2" failures="0" errors="0" timestamp="2023-05-27T17:06:52" hostname="fv-az464-622" time="42.192">
  <properties/>
  <testcase name="testMultiShareBound()" classname="de.uka.ilkd.key.logic.TestClashFreeSubst" time="0.813"/>
  <testcase name="testClash()" classname="de.uka.ilkd.key.logic.TestClashFreeSubst" time="0.873"/>
  <testcase name="testShare()" classname="de.uka.ilkd.key.logic.TestClashFreeSubst" time="0.817"/>
  <testcase name="testSubst()" classname="de.uka.ilkd.key.logic.TestClashFreeSubst" time="0.777"/>
  <testcase name="testWary0()" classname="de.uka.ilkd.key.logic.TestClashFreeSubst" time="0.787"/>
  <testcase name="testWary1()" classname="de.uka.ilkd.key.logic.TestClashFreeSubst" time="0.783"/>
  <testcase name="testWary2()" classname="de.uka.ilkd.key.logic.TestClashFreeSubst" time="0.795"/>
  <testcase name="testClashInSubstTerm()" classname="de.uka.ilkd.key.logic.TestClashFreeSubst" time="0.767"/>
  <testcase name="testShareWary()" classname="de.uka.ilkd.key.logic.TestClashFreeSubst" time="0.768"/>
  <testcase name="testMultiSubst()" classname="de.uka.ilkd.key.logic.TestClashFreeSubst" time="0.771"/>
  <testcase name="xtestMultiClash()" classname="de.uka.ilkd.key.logic.TestClashFreeSubst" time="0.0">
    <skipped/>
  </testcase>
  <testcase name="testSubstInSubstTerm()" classname="de.uka.ilkd.key.logic.TestClashFreeSubst" time="0.775"/>
  <testcase name="testSubstWary()" classname="de.uka.ilkd.key.logic.TestClashFreeSubst" time="0.776"/>
  <testcase name="xtestMultiClash1()" classname="de.uka.ilkd.key.logic.TestClashFreeSubst" time="0.0">
    <skipped/>
  </testcase>
  <system-out><![CDATA[35059      INFO  Test worker     d.u.i.k.n.KeyIO           Parsing took 0 ms 
35059      DEBUG Test worker     d.u.i.k.n.KeyIO           Load declarations of de.uka.ilkd.key.nparser.KeyAst$File:  <unknown>:1#1 
35059      INFO  Test worker     d.u.i.k.n.KeyIO           MODE: declarations took 0 ms 
35059      DEBUG Test worker     d.u.i.k.n.KeyIO           MODE: 2nd degree decls took 0 
35860      INFO  Test worker     d.u.i.k.n.KeyIO           Parsing took 0 ms 
35860      DEBUG Test worker     d.u.i.k.n.KeyIO           Load declarations of de.uka.ilkd.key.nparser.KeyAst$File:  <unknown>:1#1 
35860      INFO  Test worker     d.u.i.k.n.KeyIO           MODE: declarations took 0 ms 
35860      DEBUG Test worker     d.u.i.k.n.KeyIO           MODE: 2nd degree decls took 0 
38526      INFO  Test worker     d.u.i.k.n.KeyIO           Parsing took 0 ms 
38526      DEBUG Test worker     d.u.i.k.n.KeyIO           Load declarations of de.uka.ilkd.key.nparser.KeyAst$File:  <unknown>:1#1 
38526      INFO  Test worker     d.u.i.k.n.KeyIO           MODE: declarations took 0 ms 
38526      DEBUG Test worker     d.u.i.k.n.KeyIO           MODE: 2nd degree decls took 0 
39402      INFO  Test worker     d.u.i.k.n.KeyIO           Parsing took 0 ms 
39402      DEBUG Test worker     d.u.i.k.n.KeyIO           Load declarations of de.uka.ilkd.key.nparser.KeyAst$File:  <unknown>:1#1 
39402      INFO  Test worker     d.u.i.k.n.KeyIO           MODE: declarations took 0 ms 
39402      DEBUG Test worker     d.u.i.k.n.KeyIO           MODE: 2nd degree decls took 0 
41989      INFO  Test worker     d.u.i.k.n.KeyIO           Parsing took 0 ms 
41989      DEBUG Test worker     d.u.i.k.n.KeyIO           Load declarations of de.uka.ilkd.key.nparser.KeyAst$File:  <unknown>:1#1 
41989      INFO  Test worker     d.u.i.k.n.KeyIO           MODE: declarations took 0 ms 
41989      DEBUG Test worker     d.u.i.k.n.KeyIO           MODE: 2nd degree decls took 0 
42803      INFO  Test worker     d.u.i.k.n.KeyIO           Parsing took 0 ms 
42803      DEBUG Test worker     d.u.i.k.n.KeyIO           Load declarations of de.uka.ilkd.key.nparser.KeyAst$File:  <unknown>:1#1 
42803      INFO  Test worker     d.u.i.k.n.KeyIO           MODE: declarations took 0 ms 
42803      DEBUG Test worker     d.u.i.k.n.KeyIO           MODE: 2nd degree decls took 0 
45334      INFO  Test worker     d.u.i.k.n.KeyIO           Parsing took 0 ms 
45334      DEBUG Test worker     d.u.i.k.n.KeyIO           Load declarations of de.uka.ilkd.key.nparser.KeyAst$File:  <unknown>:1#1 
45334      INFO  Test worker     d.u.i.k.n.KeyIO           MODE: declarations took 0 ms 
45334      DEBUG Test worker     d.u.i.k.n.KeyIO           MODE: 2nd degree decls took 0 
46107      INFO  Test worker     d.u.i.k.n.KeyIO           Parsing took 0 ms 
46107      DEBUG Test worker     d.u.i.k.n.KeyIO           Load declarations of de.uka.ilkd.key.nparser.KeyAst$File:  <unknown>:1#1 
46107      INFO  Test worker     d.u.i.k.n.KeyIO           MODE: declarations took 0 ms 
46107      DEBUG Test worker     d.u.i.k.n.KeyIO           MODE: 2nd degree decls took 0 
48636      INFO  Test worker     d.u.i.k.n.KeyIO           Parsing took 0 ms 
48636      DEBUG Test worker     d.u.i.k.n.KeyIO           Load declarations of de.uka.ilkd.key.nparser.KeyAst$File:  <unknown>:1#1 
48636      INFO  Test worker     d.u.i.k.n.KeyIO           MODE: declarations took 0 ms 
48636      DEBUG Test worker     d.u.i.k.n.KeyIO           MODE: 2nd degree decls took 0 
49421      INFO  Test worker     d.u.i.k.n.KeyIO           Parsing took 0 ms 
49421      DEBUG Test worker     d.u.i.k.n.KeyIO           Load declarations of de.uka.ilkd.key.nparser.KeyAst$File:  <unknown>:1#1 
49421      INFO  Test worker     d.u.i.k.n.KeyIO           MODE: declarations took 0 ms 
49421      DEBUG Test worker     d.u.i.k.n.KeyIO           MODE: 2nd degree decls took 0 
51953      INFO  Test worker     d.u.i.k.n.KeyIO           Parsing took 0 ms 
51953      DEBUG Test worker     d.u.i.k.n.KeyIO           Load declarations of de.uka.ilkd.key.nparser.KeyAst$File:  <unknown>:1#1 
51953      INFO  Test worker     d.u.i.k.n.KeyIO           MODE: declarations took 0 ms 
51953      DEBUG Test worker     d.u.i.k.n.KeyIO           MODE: 2nd degree decls took 0 
52725      INFO  Test worker     d.u.i.k.n.KeyIO           Parsing took 0 ms 
52725      DEBUG Test worker     d.u.i.k.n.KeyIO           Load declarations of de.uka.ilkd.key.nparser.KeyAst$File:  <unknown>:1#1 
52725      INFO  Test worker     d.u.i.k.n.KeyIO           MODE: declarations took 0 ms 
52725      DEBUG Test worker     d.u.i.k.n.KeyIO           MODE: 2nd degree decls took 0 
55209      INFO  Test worker     d.u.i.k.n.KeyIO           Parsing took 0 ms 
55209      DEBUG Test worker     d.u.i.k.n.KeyIO           Load declarations of de.uka.ilkd.key.nparser.KeyAst$File:  <unknown>:1#1 
55209      INFO  Test worker     d.u.i.k.n.KeyIO           MODE: declarations took 0 ms 
55209      DEBUG Test worker     d.u.i.k.n.KeyIO           MODE: 2nd degree decls took 0 
55990      INFO  Test worker     d.u.i.k.n.KeyIO           Parsing took 0 ms 
55990      DEBUG Test worker     d.u.i.k.n.KeyIO           Load declarations of de.uka.ilkd.key.nparser.KeyAst$File:  <unknown>:1#1 
56006      INFO  Test worker     d.u.i.k.n.KeyIO           MODE: declarations took 16 ms 
56006      DEBUG Test worker     d.u.i.k.n.KeyIO           MODE: 2nd degree decls took 0 
58493      INFO  Test worker     d.u.i.k.n.KeyIO           Parsing took 0 ms 
58493      DEBUG Test worker     d.u.i.k.n.KeyIO           Load declarations of de.uka.ilkd.key.nparser.KeyAst$File:  <unknown>:1#1 
58493      INFO  Test worker     d.u.i.k.n.KeyIO           MODE: declarations took 0 ms 
58493      DEBUG Test worker     d.u.i.k.n.KeyIO           MODE: 2nd degree decls took 0 
59245      INFO  Test worker     d.u.i.k.n.KeyIO           Parsing took 0 ms 
59245      DEBUG Test worker     d.u.i.k.n.KeyIO           Load declarations of de.uka.ilkd.key.nparser.KeyAst$File:  <unknown>:1#1 
59245      INFO  Test worker     d.u.i.k.n.KeyIO           MODE: declarations took 0 ms 
59245      DEBUG Test worker     d.u.i.k.n.KeyIO           MODE: 2nd degree decls took 0 
61722      INFO  Test worker     d.u.i.k.n.KeyIO           Parsing took 0 ms 
61722      DEBUG Test worker     d.u.i.k.n.KeyIO           Load declarations of de.uka.ilkd.key.nparser.KeyAst$File:  <unknown>:1#1 
61722      INFO  Test worker     d.u.i.k.n.KeyIO           MODE: declarations took 0 ms 
61722      DEBUG Test worker     d.u.i.k.n.KeyIO           MODE: 2nd degree decls took 0 
62485      INFO  Test worker     d.u.i.k.n.KeyIO           Parsing took 0 ms 
62485      DEBUG Test worker     d.u.i.k.n.KeyIO           Load declarations of de.uka.ilkd.key.nparser.KeyAst$File:  <unknown>:1#1 
62485      INFO  Test worker     d.u.i.k.n.KeyIO           MODE: declarations took 0 ms 
62485      DEBUG Test worker     d.u.i.k.n.KeyIO           MODE: 2nd degree decls took 0 
64969      INFO  Test worker     d.u.i.k.n.KeyIO           Parsing took 0 ms 
64969      DEBUG Test worker     d.u.i.k.n.KeyIO           Load declarations of de.uka.ilkd.key.nparser.KeyAst$File:  <unknown>:1#1 
64969      INFO  Test worker     d.u.i.k.n.KeyIO           MODE: declarations took 0 ms 
64969      DEBUG Test worker     d.u.i.k.n.KeyIO           MODE: 2nd degree decls took 0 
65736      INFO  Test worker     d.u.i.k.n.KeyIO           Parsing took 0 ms 
65736      DEBUG Test worker     d.u.i.k.n.KeyIO           Load declarations of de.uka.ilkd.key.nparser.KeyAst$File:  <unknown>:1#1 
65736      INFO  Test worker     d.u.i.k.n.KeyIO           MODE: declarations took 0 ms 
65736      DEBUG Test worker     d.u.i.k.n.KeyIO           MODE: 2nd degree decls took 0 
70685      INFO  Test worker     d.u.i.k.n.KeyIO           Parsing took 0 ms 
70685      DEBUG Test worker     d.u.i.k.n.KeyIO           Load declarations of de.uka.ilkd.key.nparser.KeyAst$File:  <unknown>:1#1 
70685      INFO  Test worker     d.u.i.k.n.KeyIO           MODE: declarations took 0 ms 
70685      DEBUG Test worker     d.u.i.k.n.KeyIO           MODE: 2nd degree decls took 0 
71451      INFO  Test worker     d.u.i.k.n.KeyIO           Parsing took 0 ms 
71451      DEBUG Test worker     d.u.i.k.n.KeyIO           Load declarations of de.uka.ilkd.key.nparser.KeyAst$File:  <unknown>:1#1 
71451      INFO  Test worker     d.u.i.k.n.KeyIO           MODE: declarations took 0 ms 
71451      DEBUG Test worker     d.u.i.k.n.KeyIO           MODE: 2nd degree decls took 0 
74000      INFO  Test worker     d.u.i.k.n.KeyIO           Parsing took 0 ms 
74000      DEBUG Test worker     d.u.i.k.n.KeyIO           Load declarations of de.uka.ilkd.key.nparser.KeyAst$File:  <unknown>:1#1 
74015      INFO  Test worker     d.u.i.k.n.KeyIO           MODE: declarations took 15 ms 
74015      DEBUG Test worker     d.u.i.k.n.KeyIO           MODE: 2nd degree decls took 0 
74778      INFO  Test worker     d.u.i.k.n.KeyIO           Parsing took 0 ms 
74778      DEBUG Test worker     d.u.i.k.n.KeyIO           Load declarations of de.uka.ilkd.key.nparser.KeyAst$File:  <unknown>:1#1 
74778      INFO  Test worker     d.u.i.k.n.KeyIO           MODE: declarations took 0 ms 
74778      DEBUG Test worker     d.u.i.k.n.KeyIO           MODE: 2nd degree decls took 0 
]]></system-out>
  <system-err><![CDATA[]]></system-err>
</testsuite>
